<?xml version="1.0" encoding="UTF-8" ?>
<testsuite errors="0" failures="0" hostname="travis-job-0b3c48a3-d330-4325-95d7-d52abb2c7141" name="ptolemy.actor.lib.test.junit.JUnitTclTest" skipped="0" tests="517" time="62.439" timestamp="2020-04-23T14:01:24">
  <properties>
    <property name="npm.executable" value="npm" />
    <property name="env.TRAVIS_ROOT" value="/" />
    <property name="ptII.mk.exists" value="true" />
    <property name="env.TRAVIS_APP_HOST" value="build.travis-ci.org" />
    <property name="env.rvm_bin_path" value="/home/travis/.rvm/bin" />
    <property name="java.home" value="/usr/local/lib/jvm/openjdk11" />
    <property name="env.TRAVIS_JOB_NUMBER" value="1610.8" />
    <property name="env.TRAVIS_HOME" value="/home/travis" />
    <property name="env.DISPLAY" value=":99.0" />
    <property name="env.TRAVIS_INIT" value="systemd" />
    <property name="env.SSH_TTY" value="/dev/pts/0" />
    <property name="java.net.preferIPv4Stack" value="true" />
    <property name="env.RUN_TESTS" value="true" />
    <property name="timeout.short" value="1000000" />
    <property name="junit.formatter" value="xml" />
    <property name="env.TRAVIS_SUDO" value="true" />
    <property name="env.TRAVIS_JOB_NAME" value="" />
    <property name="env.TRAVIS_STACK_NODE_ATTRIBUTES" value="/.node-attributes.yml" />
    <property name="env.LOGNAME" value="travis" />
    <property name="env.PT_TRAVIS_TEST_CORE1_XML" value="true" />
    <property name="jsdoc.home" value="node_modules/@terraswarm/jsdoc" />
    <property name="debuglevel" value="source,lines,vars" />
    <property name="checkstyle.formatter" value="xml" />
    <property name="env._system_version" value="16.04" />
    <property name="bin.vergil.makeable" value="true" />
    <property name="sun.os.patch.level" value="unknown" />
    <property name="java.vendor.url" value="http://java.oracle.com/" />
    <property name="env.TRAVIS_BUILD_WEB_URL" value="https://travis-ci.org/icyphy/ptII/builds/678597522" />
    <property name="java.version" value="11.0.2" />
    <property name="env.TZ" value="UTC" />
    <property name="env.TRAVIS_PULL_REQUEST_SHA" value="" />
    <property name="env.PT_NO_NET" value="true" />
    <property name="env.TRAVIS_SECURE_ENV_VARS" value="true" />
    <property name="env._system_type" value="Linux" />
    <property name="java.vendor.url.bug" value="http://bugreport.java.com/bugreport/" />
    <property name="npmjs-org-is-up" value="true" />
    <property name="env.LANGUAGE" value="en_US.UTF-8" />
    <property name="env.SSH_CLIENT" value="10.16.2.128 58932 22" />
    <property name="env.GEM_HOME" value="/home/travis/.rvm/gems/ruby-2.5.3" />
    <property name="env.HAS_ANTARES_THREE_LITTLE_FRONZIES_BADGE" value="true" />
    <property name="java.version.date" value="2019-01-15" />
    <property name="env.PS4" value="+" />
    <property name="ant.project.invoked-targets" value="build,test.core1.xml" />
    <property name="env.TRAVIS_PULL_REQUEST_BRANCH" value="" />
    <property name="env.TRAVIS_REPO_SLUG" value="icyphy/ptII" />
    <property name="env.XDG_DATA_DIRS" value="/usr/local/share:/usr/share:/var/lib/snapd/desktop" />
    <property name="jdk.debug" value="release" />
    <property name="env.TRAVIS_APT_PROXY" value="http://build-cache.travisci.net" />
    <property name="env.TRAVIS_CPU_ARCH" value="amd64" />
    <property name="node.in.path" value="true" />
    <property name="user.name" value="travis" />
    <property name="java.maxmemory" value="1400m" />
    <property name="env.RUBY_VERSION" value="ruby-2.5.3" />
    <property name="env.LANG" value="en_US.UTF-8" />
    <property name="sun.io.unicode.encoding" value="UnicodeLittle" />
    <property name="sun.jnu.encoding" value="UTF-8" />
    <property name="java.runtime.name" value="OpenJDK Runtime Environment" />
    <property name="usefile" value="false" />
    <property name="return.code" value="0" />
    <property name="junit.single.formatter" value="plain" />
    <property name="env.DYLD_LIBRARY_PATH" value="/home/travis/pthla/certi-tools/lib:" />
    <property name="env.DEBIAN_FRONTEND" value="noninteractive" />
    <property name="env.SSH_CONNECTION" value="10.16.2.128 58932 10.20.0.139 22" />
    <property name="env.MYSQL_UNIX_PORT" value="/var/run/mysqld/mysqld.sock" />
    <property name="env.LC_ALL" value="en_US.UTF-8" />
    <property name="env.TRAVIS_ALLOW_FAILURE" value="" />
    <property name="env.TRAVIS_JOB_WEB_URL" value="https://travis-ci.org/icyphy/ptII/jobs/678597536" />
    <property name="java.specification.name" value="Java Platform API Specification" />
    <property name="node.works" value="true" />
    <property name="user.timezone" value="" />
    <property name="path.separator" value=":" />
    <property name="env.TRAVIS_ENABLE_INFRA_DETECTION" value="true" />
    <property name="env.PYTHON_CFLAGS" value="-g -fstack-protector --param=ssp-buffer-size=4 -Wformat -Werror=format-security" />
    <property name="timeout.long" value="4000000" />
    <property name="env.CERTI_HOME" value="/home/travis/pthla/certi-tools" />
    <property name="ant.file.ptII" value="/home/travis/build/icyphy/ptII/build.xml" />
    <property name="javadoc.packagenames" value="com.*,diva.*,lbnl.*,org.hlacerti.*,org.json.*,org.ptolemy.*,org.terraswarm.*,ptolemy.*,ptserver.*" />
    <property name="file.encoding" value="UTF-8" />
    <property name="env.TRAVIS_PULL_REQUEST_SLUG" value="" />
    <property name="ant.project.default-target" value="build" />
    <property name="env.GIT_ASKPASS" value="echo" />
    <property name="env.HOME" value="/home/travis" />
    <property name="sun.java.command" value="org.apache.tools.ant.taskdefs.optional.junit.JUnitTestRunner ptolemy.actor.lib.test.junit.JUnitTclTest skipNonTests=false filtertrace=true haltOnError=false haltOnFailure=false formatter=org.apache.tools.ant.taskdefs.optional.junit.OutErrSummaryJUnitResultFormatter showoutput=true outputtoformatters=true logfailedtests=true threadid=0 logtestlistenerevents=false formatter=org.apache.tools.ant.taskdefs.optional.junit.XMLJUnitResultFormatter,/home/travis/build/icyphy/ptII/reports/junit/TEST-ptolemy.actor.lib.test.junit.JUnitTclTest.xml crashfile=/home/travis/build/icyphy/ptII/junitvmwatcher1200906500248153995.properties propsfile=/home/travis/build/icyphy/ptII/junit199004629049599943.properties" />
    <property name="env.COMPOSER_NO_INTERACTION" value="1" />
    <property name="env.MANPATH" value="/home/travis/.nvm/versions/node/v7.10.1/share/man:/home/travis/.rvm/rubies/ruby-2.5.3/share/man:/usr/local/cmake-3.12.4/man:/usr/local/clang-7.0.0/share/man:/usr/local/man:/usr/local/share/man:/usr/share/man:/home/travis/.rvm/man" />
    <property name="env.TRAVIS_TIMER_ID" value="32011834" />
    <property name="ant.file" value="/home/travis/build/icyphy/ptII/build.xml" />
    <property name="env.TRAVIS_COMMIT_RANGE" value="3e950cfe0f3c004454147d0a7dfedd7f8d8e77cc...52bfcaaec950ad6b43d11ffdb9cd3f924b0c1f76" />
    <property name="env._system_name" value="Ubuntu" />
    <property name="ptII.classpath.optional.property" value="/home/travis/build/icyphy/ptII/lib/bsh-2.0b4.jar:/home/travis/build/icyphy/ptII/lib/ptCal.jar:/home/travis/build/icyphy/ptII/lib/java_cup.jar:/home/travis/build/icyphy/ptII/lib/saxon8.jar:/home/travis/build/icyphy/ptII/lib/saxon8-dom.jar:/home/travis/build/icyphy/ptII/lib/chic.jar:/home/travis/build/icyphy/ptII/lib/ptcolt.jar:/home/travis/build/icyphy/ptII/vendors/misc/itext/iText.jar:/home/travis/build/icyphy/ptII/lib/g4ltl.jar:/home/travis/build/icyphy/ptII/lib/StructuralCoder.jar:/home/travis/build/icyphy/ptII/lib/jcerti.jar:/home/travis/build/icyphy/ptII/lib/javax.mail.jar:/home/travis/build/icyphy/ptII/vendors/JMF-2.1.1e/lib/jmf.jar:/home/travis/build/icyphy/ptII/lib/jna-4.0.0-variadic.jar:/home/travis/build/icyphy/ptII/vendors/misc/joystick/Joystick.jar:/home/travis/build/icyphy/ptII/lib/ptjacl.jar:/home/travis/build/icyphy/ptII/lib/jsoup-1.8.2.jar:/home/travis/build/icyphy/ptII/lib/junit-4.8.2.jar:/home/travis/build/icyphy/ptII/lib/JUnitParams-0.4.0.jar:/home/travis/build/icyphy/ptII/ptolemy/actor/lib/excel/jxl.jar:/home/travis/build/icyphy/ptII/lib/jython.jar:/home/travis/build/icyphy/ptII/lib/kieler.jar:/home/travis/build/icyphy/ptII/vendors/opencv/share/OpenCV/java/opencv-341.jar:/home/travis/build/icyphy/ptII/lib/oscP5.jar:/home/travis/build/icyphy/ptII/lib/nrjavaserial-3.11.0.devel.jar:/home/travis/build/icyphy/ptII/vendors/j3d/lib/Linux/j3dcore.jar:/home/travis/build/icyphy/ptII/vendors/j3d/lib/Linux/j3dutils.jar:/home/travis/build/icyphy/ptII/vendors/j3d/lib/Linux/vecmath.jar:/home/travis/build/icyphy/ptII/vendors/jogl/lib/Linux/gluegen-rt-natives-linux-amd64.jar:/home/travis/build/icyphy/ptII/vendors/jogl/lib/Linux/gluegen-rt.jar:/home/travis/build/icyphy/ptII/vendors/jogl/lib/Linux/jogl-all-natives-linux-amd64.jar:/home/travis/build/icyphy/ptII/vendors/jogl/lib/Linux/jogl-all.jar:/home/travis/build/icyphy/ptII/ptolemy/distributed/jini/jar/jini-core.jar:/home/travis/build/icyphy/ptII/ptolemy/distributed/jini/jar/jini-ext.jar:/home/travis/build/icyphy/ptII/ptolemy/distributed/jini/jar/sun-util.jar:/home/travis/build/icyphy/ptII/lib/protobuf-java-2.4.1.jar:/home/travis/build/icyphy/ptII/lib/org.eclipse.paho.client.mqttv3.jar:/home/travis/build/icyphy/ptII/lib/mapss.jar:/home/travis/build/icyphy/ptII/ptolemy/actor/ptalon/antlr/antlr.jar:/home/travis/build/icyphy/ptII/lib/JRI.jar:/home/travis/build/icyphy/ptII/lib/commons-lang-2.6.jar:/home/travis/build/icyphy/ptII/lib/commons-logging-1.1.1.jar:/home/travis/build/icyphy/ptII/lib/sootclasses.jar:/home/travis/build/icyphy/ptII/ptolemy/actor/lib/database/mysql-connector-java-5.1.6-bin.jar:/home/travis/build/icyphy/ptII/vendors/misc/sphinx4/sphinx4-data-5prealpha.jar:/home/travis/build/icyphy/ptII/vendors/misc/sphinx4/sphinx4-core-5prealpha.jar:/home/travis/build/icyphy/ptII/lib/PDFRenderer.jar:/home/travis/build/icyphy/ptII/lib/svgSalamander.jar:/home/travis/build/icyphy/ptII/lib/rsyntaxtextarea-2.6.0-SNAPSHOT.jar:/home/travis/build/icyphy/ptII/lib/hazelcast-3.8.2.jar:/home/travis/build/icyphy/ptII/lib/jackson-annotations-2.9.0.jar:/home/travis/build/icyphy/ptII/lib/jackson-core-2.9.3.jar:/home/travis/build/icyphy/ptII/lib/jackson-databind-2.9.3.jar:/home/travis/build/icyphy/ptII/lib/netty-buffer-4.1.19.Final.jar:/home/travis/build/icyphy/ptII/lib/netty-codec-4.1.19.Final.jar:/home/travis/build/icyphy/ptII/lib/netty-codec-dns-4.1.19.Final.jar:/home/travis/build/icyphy/ptII/lib/netty-codec-http-4.1.19.Final.jar:/home/travis/build/icyphy/ptII/lib/netty-codec-http2-4.1.19.Final.jar:/home/travis/build/icyphy/ptII/lib/netty-common-4.1.19.Final.jar:/home/travis/build/icyphy/ptII/lib/netty-handler-4.1.19.Final.jar:/home/travis/build/icyphy/ptII/lib/netty-resolver-4.1.19.Final.jar:/home/travis/build/icyphy/ptII/lib/netty-resolver-dns-4.1.19.Final.jar:/home/travis/build/icyphy/ptII/lib/netty-transport-4.1.19.Final.jar:/home/travis/build/icyphy/ptII/lib/vertx-codegen-3.5.1.jar:/home/travis/build/icyphy/ptII/lib/vertx-core-3.5.2-SNAPSHOT.jar:/home/travis/build/icyphy/ptII/lib/vertx-hazelcast-3.5.1.jar:/home/travis/build/icyphy/ptII/lib/vertx-lang-js-3.5.1.jar:/home/travis/build/icyphy/ptII/lib/vertx-service-proxy-3.5.1.jar:/home/travis/build/icyphy/ptII/lib/vertx-web-3.5.1.jar:/home/travis/build/icyphy/ptII/lib/slf4j-api-1.7.13.jar:/home/travis/build/icyphy/ptII/lib/slf4j-simple-1.7.13.jar:/home/travis/build/icyphy/ptII/lib/webcam-capture-0.3.12.jar:/home/travis/build/icyphy/ptII/lib/bridj-0.7.0.jar:/home/travis/build/icyphy/ptII/lib/xbjlib-1.1.0.nrjavaserial.jar" />
    <property name="timeout" value="2400000" />
    <property name="test.batch" value="**/junit/*.java" />
    <property name="env._" value="/usr/bin/timeout" />
    <property name="java.io.tmpdir" value="/tmp" />
    <property name="user.language" value="en" />
    <property name="env.TRAVIS_INTERNAL_RUBY_REGEX" value="^ruby-(2\.[0-4]\.[0-9]|1\.9\.3)" />
    <property name="env.HISTCONTROL" value="ignoredups:ignorespace" />
    <property name="env.GOROOT" value="/home/travis/.gimme/versions/go1.11.1.linux.amd64" />
    <property name="line.separator" value="&#xa;" />
    <property name="target" value="11" />
    <property name="env.TRAVIS_BUILD_DIR" value="/home/travis/build/icyphy/ptII" />
    <property name="env.ANT_OPTS" value="-Xmx2048m" />
    <property name="ant.file.type" value="file" />
    <property name="ptolemy.ptII.batchMode" value="true" />
    <property name="env.HISTSIZE" value="1000" />
    <property name="env.MERB_ENV" value="test" />
    <property name="java.vm.info" value="mixed mode" />
    <property name="source" value="11" />
    <property name="java.vm.specification.name" value="Java Virtual Machine Specification" />
    <property name="env.TRAVIS_TEST_RESULT" value="0" />
    <property name="jsdoc.command" value="node_modules/@terraswarm/jsdoc/jsdoc.js" />
    <property name="npm.works" value="true" />
    <property name="cobertura.dir" value="/home/travis/build/icyphy/ptII/vendors/cobertura-2.0.3" />
    <property name="jsdoc.command.exists" value="true" />
    <property name="env.rvm_path" value="/home/travis/.rvm" />
    <property name="env.GEM_PATH" value="/home/travis/.rvm/gems/ruby-2.5.3:/home/travis/.rvm/gems/ruby-2.5.3@global" />
    <property name="env.LC_CTYPE" value="en_US.UTF-8" />
    <property name="env.TRAVIS_CMD" value="$PTII/bin/ptIITravisBuild.sh $SECONDS" />
    <property name="java.awt.printerjob" value="sun.print.PSPrinterJob" />
    <property name="env.TRAVIS_STACK_NAME" value="sardonyx" />
    <property name="env.TRAVIS_TIMER_START_TIME" value="1587649934339600452" />
    <property name="ant.version" value="Apache Ant(TM) version 1.10.1 compiled on February 2 2017" />
    <property name="ptII.reports" value="/home/travis/build/icyphy/ptII/reports" />
    <property name="env.TRAVIS_STACK_TIMESTAMP" value="2019-03-25 16:16:56 UTC" />
    <property name="ant.file.type.ptII" value="file" />
    <property name="env.RBENV_SHELL" value="bash" />
    <property name="os.name" value="Linux" />
    <property name="java.specification.vendor" value="Oracle Corporation" />
    <property name="env.rvm_version" value="1.29.7 (latest)" />
    <property name="env.TRAVIS_INFRA" value="gce" />
    <property name="env.TERM" value="xterm" />
    <property name="java.vm.name" value="OpenJDK 64-Bit Server VM" />
    <property name="env.TRAVIS_BUILD_NUMBER" value="1610" />
    <property name="env.CI" value="true" />
    <property name="java.library.path" value="/home/travis/pthla/certi-tools/lib:/usr/lib/jni:/usr/local/share/OpenCV/java/:/usr/share/OpenCV/java::/usr/java/packages/lib:/usr/lib64:/lib64:/lib:/usr/lib" />
    <property name="jdk.module.path" value="/home/travis/build/icyphy/ptII/vendors/javafx/javafx-sdk-11.0.2/lib:" />
    <property name="env.rvm_prefix" value="/home/travis" />
    <property name="env.PATH" value="/home/travis/pthla/certi-tools/share/scripts:/home/travis/.rvm/gems/ruby-2.5.3/bin:/home/travis/.rvm/gems/ruby-2.5.3@global/bin:/home/travis/.rvm/rubies/ruby-2.5.3/bin:/home/travis/.rvm/bin:/home/travis/.nvm/versions/node/v7.10.1/bin:./node_modules/.bin:/home/travis/build/icyphy/ptII/bin:/home/travis/pthla/certi-tools/bin:/home/travis/bin:/home/travis/.local/bin:/usr/local/lib/jvm/openjdk11/bin:/opt/pyenv/shims:/home/travis/.phpenv/shims:/home/travis/perl5/perlbrew/bin:/home/travis/gopath/bin:/home/travis/.gimme/versions/go1.11.1.linux.amd64/bin:/usr/local/maven-3.6.0/bin:/usr/local/cmake-3.12.4/bin:/usr/local/clang-7.0.0/bin:/usr/local/sbin:/usr/local/bin:/usr/sbin:/usr/bin:/sbin:/bin:/snap/bin:/home/travis/.phpenv/bin:/opt/pyenv/bin:/home/travis/.yarn/bin" />
    <property name="env.TRAVIS_OS_NAME" value="linux" />
    <property name="ant.java.version" value="9" />
    <property name="basedir" value="/home/travis/build/icyphy/ptII" />
    <property name="java.class.version" value="55.0" />
    <property name="env.SHLVL" value="3" />
    <property name="env.LD_LIBRARY_PATH" value="/home/travis/pthla/certi-tools/lib:/usr/lib/jni:/usr/local/share/OpenCV/java/:/usr/share/OpenCV/java:" />
    <property name="env.RACK_ENV" value="test" />
    <property name="ant.home" value="/home/travis/build/icyphy/ptII/ant" />
    <property name="env.NVM_DIR" value="/home/travis/.nvm" />
    <property name="env.CERTI_FOM_PATH" value="/home/travis/pthla/certi-tools/share/federations" />
    <property name="env.TRAVIS_BUILD_ID" value="678597522" />
    <property name="env.PYENV_ROOT" value="/opt/pyenv" />
    <property name="env.TRAVIS_UID" value="2000" />
    <property name="prism.verbose" value="true" />
    <property name="env.NVM_BIN" value="/home/travis/.nvm/versions/node/v7.10.1/bin" />
    <property name="env.TRAVIS_COMMIT" value="52bfcaaec950ad6b43d11ffdb9cd3f924b0c1f76" />
    <property name="env._system_arch" value="x86_64" />
    <property name="node.executable" value="node" />
    <property name="sun.boot.library.path" value="/usr/local/lib/jvm/openjdk11/lib" />
    <property name="sun.management.compiler" value="HotSpot 64-Bit Tiered Compilers" />
    <property name="java.awt.graphicsenv" value="sun.awt.X11GraphicsEnvironment" />
    <property name="env.GOPATH" value="/home/travis/gopath" />
    <property name="ptolemy.ptII.dir" value="/home/travis/build/icyphy/ptII" />
    <property name="env.USER" value="travis" />
    <property name="env.HISTFILESIZE" value="2000" />
    <property name="env.NVM_INC" value="/home/travis/.nvm/versions/node/v7.10.1/include/node" />
    <property name="timeout.longest" value="19000000" />
    <property name="env.PERLBREW_SHELLRC_VERSION" value="0.86" />
    <property name="env.TRAVIS_STACK_FEATURES" value="basic couchdb disabled-ipv6 docker docker-compose elasticsearch firefox go-toolchain google-chrome jdk memcached mongodb mysql nodejs_interpreter perl_interpreter perlbrew phantomjs postgresql python_interpreter redis ruby_interpreter sqlite xserver" />
    <property name="env.TRAVIS_PULL_REQUEST" value="false" />
    <property name="env.PYENV_SHELL" value="bash" />
    <property name="ant.project.name" value="ptII" />
    <property name="env.ANSI_RESET" value="\033[0m" />
    <property name="java.vm.specification.version" value="11" />
    <property name="env.TRAVIS_DIST" value="xenial" />
    <property name="env.CERTI_VERSION" value="4.0.0" />
    <property name="env.CERTI_HOST" value="localhost" />
    <property name="awt.toolkit" value="sun.awt.X11.XToolkit" />
    <property name="env.MY_RUBY_HOME" value="/home/travis/.rvm/rubies/ruby-2.5.3" />
    <property name="sun.cpu.isalist" value="" />
    <property name="env.TRAVIS_TMPDIR" value="/tmp/tmp.VBeFV7V0ZF" />
    <property name="java.vm.compressedOopsMode" value="Zero based" />
    <property name="os.version" value="4.15.0-1028-gcp" />
    <property name="user.home" value="/home/travis" />
    <property name="java.vm.vendor" value="Oracle Corporation" />
    <property name="env.TRAVIS_TAG" value="nightly" />
    <property name="env.ANSI_YELLOW" value="\033[33;1m" />
    <property name="env.TRAVIS_FILTERED" value="redirect_io" />
    <property name="env.ANSI_GREEN" value="\033[32;1m" />
    <property name="env.JAVA_HOME" value="/usr/local/lib/jvm/openjdk11" />
    <property name="javadoc.excludepackagenames" value="adm.cvs2svn.*,build.*,config.*,doc.coding.templates.*,jni.test.jni.meaningOfLife.*,jni.test.jni.testDeux.*,jni.test.jni.testTrois.*,org.terraswarm.accessor.accessors.web.node_modules.*,org.terraswarm.accessor.accessors.web.hosts.cordova.demo.*,org.terraswarm.accessor.accessors.web.hosts.cordova.plugins.*,org.terraswarm.accessor.accessors-svn.*,pt-modules.*,ptolemy.apps.agilent.*,ptolemy.apps.anytimecontrol.*,ptolemy.apps.apes.*,ptolemy.apps.charon.*,ptolemy.apps.crazyboard.*,ptolemy.apps.eclipse.*,ptolemy.apps.etherealSting.*,ptolemy.apps.fullscreen.*,ptolemy.apps.giotto.*,ptolemy.apps.ia.*,ptolemy.apps.interfaces.*,ptolemy.apps.jmf.*,ptolemy.apps.kurt.*,ptolemy.apps.kvm.*,ptolemy.apps.lego.*,ptolemy.apps.lejos.*,ptolemy.apps.midp.*,ptolemy.apps.mobileCoding.*,ptolemy.apps.pendulum.*,ptolemy.apps.rijndael.*,ptolemy.apps.robot.*,ptolemy.apps.security.*,ptolemy.apps.sobel.*,ptolemy.apps.soot.*,ptolemy.apps.throttle.*,ptolemy.apps.tini.*,ptolemy.apps.transmission.*,ptolemy.apps.vergil.*,ptolemy.apps.waba.*,ptolemy.apps.websensor.*,ptolemy.apps.webstart.*,ptolemy.apps.xsl.*,ptolemy.apps.zaurus.*,ptolemy.codegen.c.actor.lib.oldJavaFiles.*,ptolemy.codegen.dsp.lib.*,ptolemy.codegen.kernel.newInterfaces.*,ptolemy.codegen.lib.*,ptolemy.copernicus.kernel.fragment.*,ptolemy.copernicus.shallow.cg.*,ptolemy.domains.giotto.demo.Hierarchy.Hierarchy.*,ptolemy.domains.giotto.demo.Multimode.Multimode.*,ptolemy.domains.giotto.demo.Simple.Simple.*,ptolemy.domains.gr.lib.experimental.*,ptolemy.domains.gro.*,ptolemy.domains.pdf.*,ptolemy.domains.ptinyos.demo.Surge.output.*,ptolemy.moml.test.NoPackageActor.java*,ptolemy.plot.adm.*,ptolemy.plot.servlet.*,reports.*,signed.*,src.*,target.*,vendors.*,ptolemy.copernicus.applet.*,ptolemy.media.viewer.*,ptolemy.actor.corba.*,doc.doclets.*,ptolemy.apps.eclipse.awt.*,ptolemy.backtrack.*,ptolemy.backtrack.ast.*,ptolemy.cg.adapter.generic.program.procedural.c.mbed*,ptolemy.homer.*,ptolemy.actor.lib.jai.*,org.ptolemy.scala.*,diva.util.java2d.svg.*,ptolemy.domains.ptinyos.*,ptolemy.actor.lib.fmi.fmipp.*,,org.terraswarm.accessor.accessors.web.node_modules.*,org.terraswarm.accessor.accessors-svn,ptolemy.apps.*,ptolemy.actor.ptalon.demo.ptinyos.SendAndReceiveCnt.output,ptolemy.actor.ptalon.demo.ptinyos.SenseToLeds.output,ptolemy.domains.ptinyos.demo.CntToLedsAndRfm.output,ptolemy.domains.ptinyos.demo.RfmToLeds.output,ptolemy.domains.ptinyos.demo.SendAndReceiveCnt.output,ptolemy.domains.ptinyos.demo.SenseToLeds.output,ptolemy.actor.lib.jjs.modules.udpSocket.*" />
    <property name="env.PTII" value="/home/travis/build/icyphy/ptII" />
    <property name="env.XDG_SESSION_ID" value="2" />
    <property name="keystore" value="ptKeystore" />
    <property name="env.TRAVIS_COMMIT_MESSAGE" value="Updating models using array data type." />
    <property name="junit.output.dir" value="/home/travis/build/icyphy/ptII/reports/junit" />
    <property name="npm.return.code" value="0" />
    <property name="user.dir" value="/home/travis/build/icyphy/ptII/ptolemy/actor/lib/test" />
    <property name="env.TRAVIS_NODE_VERSION" value="7" />
    <property name="env.TRAVIS_EVENT_TYPE" value="cron" />
    <property name="env.MAIL" value="/var/mail/travis" />
    <property name="env.PERLBREW_ROOT" value="/home/travis/perl5/perlbrew" />
    <property name="env.PWD" value="/home/travis/build/icyphy/ptII" />
    <property name="timeout.npm" value="45000" />
    <property name="env.TRAVIS_ARCH" value="amd64" />
    <property name="sun.cpu.endian" value="little" />
    <property name="env.PAGER" value="cat" />
    <property name="env.TRAVIS_BUILD_STAGE_NAME" value="test" />
    <property name="env.PERLBREW_HOME" value="/home/travis/.perlbrew" />
    <property name="java.vm.version" value="11.0.2+9" />
    <property name="env.RAILS_ENV" value="test" />
    <property name="java.class.path" value="/home/travis/.ptolemyII:/home/travis/.ptolemyII/*:/home/travis/build/icyphy/ptII:/home/travis/build/icyphy/ptII/lib/bsh-2.0b4.jar:/home/travis/build/icyphy/ptII/lib/ptCal.jar:/home/travis/build/icyphy/ptII/lib/java_cup.jar:/home/travis/build/icyphy/ptII/lib/saxon8.jar:/home/travis/build/icyphy/ptII/lib/saxon8-dom.jar:/home/travis/build/icyphy/ptII/lib/chic.jar:/home/travis/build/icyphy/ptII/lib/ptcolt.jar:/home/travis/build/icyphy/ptII/vendors/misc/itext/iText.jar:/home/travis/build/icyphy/ptII/lib/g4ltl.jar:/home/travis/build/icyphy/ptII/lib/StructuralCoder.jar:/home/travis/build/icyphy/ptII/lib/jcerti.jar:/home/travis/build/icyphy/ptII/lib/javax.mail.jar:/home/travis/build/icyphy/ptII/vendors/JMF-2.1.1e/lib/jmf.jar:/home/travis/build/icyphy/ptII/lib/jna-4.0.0-variadic.jar:/home/travis/build/icyphy/ptII/vendors/misc/joystick/Joystick.jar:/home/travis/build/icyphy/ptII/lib/ptjacl.jar:/home/travis/build/icyphy/ptII/lib/jsoup-1.8.2.jar:/home/travis/build/icyphy/ptII/lib/junit-4.8.2.jar:/home/travis/build/icyphy/ptII/lib/JUnitParams-0.4.0.jar:/home/travis/build/icyphy/ptII/ptolemy/actor/lib/excel/jxl.jar:/home/travis/build/icyphy/ptII/lib/jython.jar:/home/travis/build/icyphy/ptII/lib/kieler.jar:/home/travis/build/icyphy/ptII/vendors/opencv/share/OpenCV/java/opencv-341.jar:/home/travis/build/icyphy/ptII/lib/oscP5.jar:/home/travis/build/icyphy/ptII/lib/nrjavaserial-3.11.0.devel.jar:/home/travis/build/icyphy/ptII/vendors/j3d/lib/Linux/j3dcore.jar:/home/travis/build/icyphy/ptII/vendors/j3d/lib/Linux/j3dutils.jar:/home/travis/build/icyphy/ptII/vendors/j3d/lib/Linux/vecmath.jar:/home/travis/build/icyphy/ptII/vendors/jogl/lib/Linux/gluegen-rt-natives-linux-amd64.jar:/home/travis/build/icyphy/ptII/vendors/jogl/lib/Linux/gluegen-rt.jar:/home/travis/build/icyphy/ptII/vendors/jogl/lib/Linux/jogl-all-natives-linux-amd64.jar:/home/travis/build/icyphy/ptII/vendors/jogl/lib/Linux/jogl-all.jar:/home/travis/build/icyphy/ptII/ptolemy/distributed/jini/jar/jini-core.jar:/home/travis/build/icyphy/ptII/ptolemy/distributed/jini/jar/jini-ext.jar:/home/travis/build/icyphy/ptII/ptolemy/distributed/jini/jar/sun-util.jar:/home/travis/build/icyphy/ptII/lib/protobuf-java-2.4.1.jar:/home/travis/build/icyphy/ptII/lib/org.eclipse.paho.client.mqttv3.jar:/home/travis/build/icyphy/ptII/lib/mapss.jar:/home/travis/build/icyphy/ptII/ptolemy/actor/ptalon/antlr/antlr.jar:/home/travis/build/icyphy/ptII/lib/JRI.jar:/home/travis/build/icyphy/ptII/lib/commons-lang-2.6.jar:/home/travis/build/icyphy/ptII/lib/commons-logging-1.1.1.jar:/home/travis/build/icyphy/ptII/lib/sootclasses.jar:/home/travis/build/icyphy/ptII/ptolemy/actor/lib/database/mysql-connector-java-5.1.6-bin.jar:/home/travis/build/icyphy/ptII/vendors/misc/sphinx4/sphinx4-data-5prealpha.jar:/home/travis/build/icyphy/ptII/vendors/misc/sphinx4/sphinx4-core-5prealpha.jar:/home/travis/build/icyphy/ptII/lib/PDFRenderer.jar:/home/travis/build/icyphy/ptII/lib/svgSalamander.jar:/home/travis/build/icyphy/ptII/lib/rsyntaxtextarea-2.6.0-SNAPSHOT.jar:/home/travis/build/icyphy/ptII/lib/hazelcast-3.8.2.jar:/home/travis/build/icyphy/ptII/lib/jackson-annotations-2.9.0.jar:/home/travis/build/icyphy/ptII/lib/jackson-core-2.9.3.jar:/home/travis/build/icyphy/ptII/lib/jackson-databind-2.9.3.jar:/home/travis/build/icyphy/ptII/lib/netty-buffer-4.1.19.Final.jar:/home/travis/build/icyphy/ptII/lib/netty-codec-4.1.19.Final.jar:/home/travis/build/icyphy/ptII/lib/netty-codec-dns-4.1.19.Final.jar:/home/travis/build/icyphy/ptII/lib/netty-codec-http-4.1.19.Final.jar:/home/travis/build/icyphy/ptII/lib/netty-codec-http2-4.1.19.Final.jar:/home/travis/build/icyphy/ptII/lib/netty-common-4.1.19.Final.jar:/home/travis/build/icyphy/ptII/lib/netty-handler-4.1.19.Final.jar:/home/travis/build/icyphy/ptII/lib/netty-resolver-4.1.19.Final.jar:/home/travis/build/icyphy/ptII/lib/netty-resolver-dns-4.1.19.Final.jar:/home/travis/build/icyphy/ptII/lib/netty-transport-4.1.19.Final.jar:/home/travis/build/icyphy/ptII/lib/vertx-codegen-3.5.1.jar:/home/travis/build/icyphy/ptII/lib/vertx-core-3.5.2-SNAPSHOT.jar:/home/travis/build/icyphy/ptII/lib/vertx-hazelcast-3.5.1.jar:/home/travis/build/icyphy/ptII/lib/vertx-lang-js-3.5.1.jar:/home/travis/build/icyphy/ptII/lib/vertx-service-proxy-3.5.1.jar:/home/travis/build/icyphy/ptII/lib/vertx-web-3.5.1.jar:/home/travis/build/icyphy/ptII/lib/slf4j-api-1.7.13.jar:/home/travis/build/icyphy/ptII/lib/slf4j-simple-1.7.13.jar:/home/travis/build/icyphy/ptII/lib/webcam-capture-0.3.12.jar:/home/travis/build/icyphy/ptII/lib/bridj-0.7.0.jar:/home/travis/build/icyphy/ptII/lib/xbjlib-1.1.0.nrjavaserial.jar:/home/travis/build/icyphy/ptII/ptolemy/moml/test:/home/travis/build/icyphy/ptII/ant/lib/ant-launcher.jar:/home/travis/build/icyphy/ptII/ant/lib/ant.jar:/home/travis/build/icyphy/ptII/ant/lib/ant-junit.jar:/home/travis/build/icyphy/ptII/ant/lib/ant-junit4.jar" />
    <property name="ant.library.dir" value="/home/travis/build/icyphy/ptII/ant/lib" />
    <property name="os.arch" value="amd64" />
    <property name="env.CONTINUOUS_INTEGRATION" value="true" />
    <property name="env.TRAVIS_LANGUAGE" value="node_js" />
    <property name="env.TRAVIS_STACK_LANGUAGES" value="__sardonyx__ c c++ clojure cplusplus cpp default generic go groovy java node_js php pure_java python ruby scala" />
    <property name="test.name" value="ptolemy.actor.lib.test.junit.JUnitTclTest" />
    <property name="env.APT_KEY_DONT_WARN_ON_DANGEROUS_USAGE" value="1" />
    <property name="sun.java.launcher" value="SUN_STANDARD" />
    <property name="env.PYTHON_CONFIGURE_OPTS" value="--enable-unicode=ucs4 --with-wide-unicode --enable-shared --enable-ipv6 --enable-loadable-sqlite-extensions --with-computed-gotos" />
    <property name="ant.core.lib" value="/home/travis/build/icyphy/ptII/ant/lib/ant.jar" />
    <property name="java.vm.specification.vendor" value="Oracle Corporation" />
    <property name="env.BCVTB_HOME" value="/home/travis/build/icyphy/ptII/lbnl" />
    <property name="file.separator" value="/" />
    <property name="spotbugs.home" value="/home/travis/build/icyphy/ptII/vendors/spotbugs-3.1.1" />
    <property name="java.runtime.version" value="11.0.2+9" />
    <property name="env.ANSI_CLEAR" value="\033[0K" />
    <property name="javafx.verbose" value="true" />
    <property name="env.HAS_JOSH_K_SEAL_OF_APPROVAL" value="true" />
    <property name="env.XDG_RUNTIME_DIR" value="/run/user/2000" />
    <property name="env.TRAVIS_OSX_IMAGE" value="" />
    <property name="env.TRAVIS_JOB_ID" value="678597536" />
    <property name="env.TRAVIS_BRANCH" value="master" />
    <property name="user.country" value="US" />
    <property name="env.CERTI_HOME_TRAVIS" value="/home/travis/pthla/certi-tools" />
    <property name="env.SHELL" value="/bin/bash" />
    <property name="java.maxmemory.large" value="3200m" />
    <property name="model" value="" />
    <property name="env.CASHER_DIR" value="/home/travis/.casher" />
    <property name="env.NVM_CD_FLAGS" value="" />
    <property name="java.vendor.version" value="18.9" />
    <property name="jshint.executable" value="/home/travis/node_modules/jshint/bin/jshint" />
    <property name="env.JRUBY_OPTS" value=" --client -J-XX:+TieredCompilation -J-XX:TieredStopAtLevel=1 -J-Xss2m -Xcompile.invokedynamic=false" />
    <property name="java.vendor" value="Oracle Corporation" />
    <property name="env.TRAVIS_PRE_CHEF_BOOTSTRAP_TIME" value="2019-03-25T16:16:42" />
    <property name="env.TRAVIS_STACK_JOB_BOARD_REGISTER" value="/.job-board-register.yml" />
    <property name="env.ANSI_RED" value="\033[31;1m" />
    <property name="java.specification.version" value="11" />
    <property name="env.IRBRC" value="/home/travis/.rvm/rubies/ruby-2.5.3/.irbrc" />
    <property name="env.TRAVIS" value="true" />
    <property name="sun.arch.data.model" value="64" />
  </properties>
  <testcase classname="ptolemy.util.test.junit.TclTests" name="[0] /home/travis/build/icyphy/ptII/ptolemy/actor/lib/test/AbsoluteValue.tcl (RunTclFile)" time="0.51" />
  <testcase classname="ptolemy.util.test.junit.TclTests" name="[1] /home/travis/build/icyphy/ptII/ptolemy/actor/lib/test/AddSubtract.tcl (RunTclFile)" time="0.195" />
  <testcase classname="ptolemy.util.test.junit.TclTests" name="[2] /home/travis/build/icyphy/ptII/ptolemy/actor/lib/test/Average.tcl (RunTclFile)" time="0.068" />
  <testcase classname="ptolemy.util.test.junit.TclTests" name="[3] /home/travis/build/icyphy/ptII/ptolemy/actor/lib/test/Bernoulli.tcl (RunTclFile)" time="0.018" />
  <testcase classname="ptolemy.util.test.junit.TclTests" name="[4] /home/travis/build/icyphy/ptII/ptolemy/actor/lib/test/Clock.tcl (RunTclFile)" time="0.066" />
  <testcase classname="ptolemy.util.test.junit.TclTests" name="[5] /home/travis/build/icyphy/ptII/ptolemy/actor/lib/test/Commutator.tcl (RunTclFile)" time="0.188" />
  <testcase classname="ptolemy.util.test.junit.TclTests" name="[6] /home/travis/build/icyphy/ptII/ptolemy/actor/lib/test/Const.tcl (RunTclFile)" time="0.147" />
  <testcase classname="ptolemy.util.test.junit.TclTests" name="[7] /home/travis/build/icyphy/ptII/ptolemy/actor/lib/test/CurrentTime.tcl (RunTclFile)" time="0.02" />
  <testcase classname="ptolemy.util.test.junit.TclTests" name="[8] /home/travis/build/icyphy/ptII/ptolemy/actor/lib/test/DB.tcl (RunTclFile)" time="0.031" />
  <testcase classname="ptolemy.util.test.junit.TclTests" name="[9] /home/travis/build/icyphy/ptII/ptolemy/actor/lib/test/DiscreteRandomSource.tcl (RunTclFile)" time="0.024" />
  <testcase classname="ptolemy.util.test.junit.TclTests" name="[10] /home/travis/build/icyphy/ptII/ptolemy/actor/lib/test/Distributor.tcl (RunTclFile)" time="0.088" />
  <testcase classname="ptolemy.util.test.junit.TclTests" name="[11] /home/travis/build/icyphy/ptII/ptolemy/actor/lib/test/Exit.tcl (RunTclFile)" time="0.074" />
  <testcase classname="ptolemy.util.test.junit.TclTests" name="[12] /home/travis/build/icyphy/ptII/ptolemy/actor/lib/test/Expression.tcl (RunTclFile)" time="0.123" />
  <testcase classname="ptolemy.util.test.junit.TclTests" name="[13] /home/travis/build/icyphy/ptII/ptolemy/actor/lib/test/Gaussian.tcl (RunTclFile)" time="0.607" />
  <testcase classname="ptolemy.util.test.junit.TclTests" name="[14] /home/travis/build/icyphy/ptII/ptolemy/actor/lib/test/IIR.tcl (RunTclFile)" time="0.032" />
  <testcase classname="ptolemy.util.test.junit.TclTests" name="[15] /home/travis/build/icyphy/ptII/ptolemy/actor/lib/test/Interpolator.tcl (RunTclFile)" time="0.072" />
  <testcase classname="ptolemy.util.test.junit.TclTests" name="[16] /home/travis/build/icyphy/ptII/ptolemy/actor/lib/test/MathFunction.tcl (RunTclFile)" time="0.057" />
  <testcase classname="ptolemy.util.test.junit.TclTests" name="[17] /home/travis/build/icyphy/ptII/ptolemy/actor/lib/test/Maximum.tcl (RunTclFile)" time="0.024" />
  <testcase classname="ptolemy.util.test.junit.TclTests" name="[18] /home/travis/build/icyphy/ptII/ptolemy/actor/lib/test/Minimum.tcl (RunTclFile)" time="0.023" />
  <testcase classname="ptolemy.util.test.junit.TclTests" name="[19] /home/travis/build/icyphy/ptII/ptolemy/actor/lib/test/MultiplyDivide.tcl (RunTclFile)" time="0.024" />
  <testcase classname="ptolemy.util.test.junit.TclTests" name="[20] /home/travis/build/icyphy/ptII/ptolemy/actor/lib/test/OrderedMerge.tcl (RunTclFile)" time="0.125" />
  <testcase classname="ptolemy.util.test.junit.TclTests" name="[21] /home/travis/build/icyphy/ptII/ptolemy/actor/lib/test/Publisher.tcl (RunTclFile)" time="0.797" />
  <testcase classname="ptolemy.util.test.junit.TclTests" name="[22] /home/travis/build/icyphy/ptII/ptolemy/actor/lib/test/Pulse.tcl (RunTclFile)" time="0.07" />
  <testcase classname="ptolemy.util.test.junit.TclTests" name="[23] /home/travis/build/icyphy/ptII/ptolemy/actor/lib/test/Ramp.tcl (RunTclFile)" time="1.889" />
  <testcase classname="ptolemy.util.test.junit.TclTests" name="[24] /home/travis/build/icyphy/ptII/ptolemy/actor/lib/test/RampContinuous.tcl (RunTclFile)" time="0.021" />
  <testcase classname="ptolemy.util.test.junit.TclTests" name="[25] /home/travis/build/icyphy/ptII/ptolemy/actor/lib/test/RecordAssembler.tcl (RunTclFile)" time="0.022" />
  <testcase classname="ptolemy.util.test.junit.TclTests" name="[26] /home/travis/build/icyphy/ptII/ptolemy/actor/lib/test/RecordDisassembler.tcl (RunTclFile)" time="0.038" />
  <testcase classname="ptolemy.util.test.junit.TclTests" name="[27] /home/travis/build/icyphy/ptII/ptolemy/actor/lib/test/Scale.tcl (RunTclFile)" time="0.027" />
  <testcase classname="ptolemy.util.test.junit.TclTests" name="[28] /home/travis/build/icyphy/ptII/ptolemy/actor/lib/test/SequentialClock.tcl (RunTclFile)" time="0.017" />
  <testcase classname="ptolemy.util.test.junit.TclTests" name="[29] /home/travis/build/icyphy/ptII/ptolemy/actor/lib/test/SetVariable.tcl (RunTclFile)" time="0.011" />
  <testcase classname="ptolemy.util.test.junit.TclTests" name="[30] /home/travis/build/icyphy/ptII/ptolemy/actor/lib/test/Sinewave.tcl (RunTclFile)" time="0.037" />
  <testcase classname="ptolemy.util.test.junit.TclTests" name="[31] /home/travis/build/icyphy/ptII/ptolemy/actor/lib/test/SubscriptionAggregator.tcl (RunTclFile)" time="2.291" />
  <testcase classname="ptolemy.util.test.junit.TclTests" name="[32] /home/travis/build/icyphy/ptII/ptolemy/actor/lib/test/Test.tcl (RunTclFile)" time="0.11" />
  <testcase classname="ptolemy.util.test.junit.TclTests" name="[33] /home/travis/build/icyphy/ptII/ptolemy/actor/lib/test/TestExceptionHandler.tcl (RunTclFile)" time="0.012" />
  <testcase classname="ptolemy.util.test.junit.TclTests" name="[34] /home/travis/build/icyphy/ptII/ptolemy/actor/lib/test/UnionDisassembler.tcl (RunTclFile)" time="0.066" />
  <testcase classname="ptolemy.util.test.junit.TclTests" name="[35] /home/travis/build/icyphy/ptII/ptolemy/actor/lib/test/VariableClock.tcl (RunTclFile)" time="0.032" />
  <testcase classname="ptolemy.util.test.junit.AutoKnownFailedTests" name="[0] /home/travis/build/icyphy/ptII/ptolemy/actor/lib/test/auto/knownFailedTests/PublisherPortToplevelSubscriber.xml (RunModel)" time="0.041" />
  <testcase classname="ptolemy.util.test.junit.AutoKnownFailedTests" name="[1] /home/travis/build/icyphy/ptII/ptolemy/actor/lib/test/auto/knownFailedTests/PublisherSubscriberPortToplevel.xml (RunModel)" time="0.024" />
  <testcase classname="ptolemy.util.test.junit.AutoKnownFailedTests" name="[2] /home/travis/build/icyphy/ptII/ptolemy/actor/lib/test/auto/knownFailedTests/PublisherSubscriptionAggregatorPort.xml (RunModel)" time="0.023" />
  <testcase classname="ptolemy.util.test.junit.AutoKnownFailedTests" name="[3] /home/travis/build/icyphy/ptII/ptolemy/actor/lib/test/auto/knownFailedTests/sizedarray3.xml (RunModel)" time="0.023" />
  <testcase classname="ptolemy.util.test.junit.AutoNameArchTests" name="[0] ThereAreNoAutoArchTests (RunModel)" time="0.003" />
  <testcase classname="ptolemy.util.test.junit.AutoTests" name="[0] /home/travis/build/icyphy/ptII/ptolemy/actor/lib/test/auto/AbsoluteValue.xml (RunModel)" time="0.111" />
  <testcase classname="ptolemy.util.test.junit.AutoTests" name="[1] /home/travis/build/icyphy/ptII/ptolemy/actor/lib/test/auto/AbsoluteValue2.xml (RunModel)" time="0.085" />
  <testcase classname="ptolemy.util.test.junit.AutoTests" name="[2] /home/travis/build/icyphy/ptII/ptolemy/actor/lib/test/auto/Accumulator.xml (RunModel)" time="0.072" />
  <testcase classname="ptolemy.util.test.junit.AutoTests" name="[3] /home/travis/build/icyphy/ptII/ptolemy/actor/lib/test/auto/Accumulator2.xml (RunModel)" time="0.047" />
  <testcase classname="ptolemy.util.test.junit.AutoTests" name="[4] /home/travis/build/icyphy/ptII/ptolemy/actor/lib/test/auto/Accumulator3.xml (RunModel)" time="0.04" />
  <testcase classname="ptolemy.util.test.junit.AutoTests" name="[5] /home/travis/build/icyphy/ptII/ptolemy/actor/lib/test/auto/ArrayAppend.xml (RunModel)" time="0.033" />
  <testcase classname="ptolemy.util.test.junit.AutoTests" name="[6] /home/travis/build/icyphy/ptII/ptolemy/actor/lib/test/auto/ArrayAppend2.xml (RunModel)" time="0.383" />
  <testcase classname="ptolemy.util.test.junit.AutoTests" name="[7] /home/travis/build/icyphy/ptII/ptolemy/actor/lib/test/auto/ArrayAppend3.xml (RunModel)" time="0.055" />
  <testcase classname="ptolemy.util.test.junit.AutoTests" name="[8] /home/travis/build/icyphy/ptII/ptolemy/actor/lib/test/auto/ArrayAppend4.xml (RunModel)" time="0.026" />
  <testcase classname="ptolemy.util.test.junit.AutoTests" name="[9] /home/travis/build/icyphy/ptII/ptolemy/actor/lib/test/auto/ArrayAppend5.xml (RunModel)" time="0.021" />
  <testcase classname="ptolemy.util.test.junit.AutoTests" name="[10] /home/travis/build/icyphy/ptII/ptolemy/actor/lib/test/auto/ArrayAppend6.xml (RunModel)" time="0.024" />
  <testcase classname="ptolemy.util.test.junit.AutoTests" name="[11] /home/travis/build/icyphy/ptII/ptolemy/actor/lib/test/auto/ArrayAppendPerformanceTest.xml (RunModel)" time="0.054" />
  <testcase classname="ptolemy.util.test.junit.AutoTests" name="[12] /home/travis/build/icyphy/ptII/ptolemy/actor/lib/test/auto/ArrayAppendWithEmptyInput.xml (RunModel)" time="0.049" />
  <testcase classname="ptolemy.util.test.junit.AutoTests" name="[13] /home/travis/build/icyphy/ptII/ptolemy/actor/lib/test/auto/ArrayAverage.xml (RunModel)" time="0.047" />
  <testcase classname="ptolemy.util.test.junit.AutoTests" name="[14] /home/travis/build/icyphy/ptII/ptolemy/actor/lib/test/auto/ArrayContains.xml (RunModel)" time="0.085" />
  <testcase classname="ptolemy.util.test.junit.AutoTests" name="[15] /home/travis/build/icyphy/ptII/ptolemy/actor/lib/test/auto/ArrayElement.xml (RunModel)" time="0.032" />
  <testcase classname="ptolemy.util.test.junit.AutoTests" name="[16] /home/travis/build/icyphy/ptII/ptolemy/actor/lib/test/auto/ArrayElementAsMatrix.xml (RunModel)" time="0.067" />
  <testcase classname="ptolemy.util.test.junit.AutoTests" name="[17] /home/travis/build/icyphy/ptII/ptolemy/actor/lib/test/auto/ArrayElementI.xml (RunModel)" time="0.013" />
  <testcase classname="ptolemy.util.test.junit.AutoTests" name="[18] /home/travis/build/icyphy/ptII/ptolemy/actor/lib/test/auto/ArrayExtract.xml (RunModel)" time="0.031" />
  <testcase classname="ptolemy.util.test.junit.AutoTests" name="[19] /home/travis/build/icyphy/ptII/ptolemy/actor/lib/test/auto/ArrayExtract2.xml (RunModel)" time="0.02" />
  <testcase classname="ptolemy.util.test.junit.AutoTests" name="[20] /home/travis/build/icyphy/ptII/ptolemy/actor/lib/test/auto/ArrayLength.xml (RunModel)" time="0.011" />
  <testcase classname="ptolemy.util.test.junit.AutoTests" name="[21] /home/travis/build/icyphy/ptII/ptolemy/actor/lib/test/auto/ArrayLevelCrossing.xml (RunModel)" time="0.023" />
  <testcase classname="ptolemy.util.test.junit.AutoTests" name="[22] /home/travis/build/icyphy/ptII/ptolemy/actor/lib/test/auto/ArrayLevelCrossing2.xml (RunModel)" time="0.02" />
  <testcase classname="ptolemy.util.test.junit.AutoTests" name="[23] /home/travis/build/icyphy/ptII/ptolemy/actor/lib/test/auto/ArrayPeakSearch.xml (RunModel)" time="0.029" />
  <testcase classname="ptolemy.util.test.junit.AutoTests" name="[24] /home/travis/build/icyphy/ptII/ptolemy/actor/lib/test/auto/ArrayPeakSearch2.xml (RunModel)" time="0.032" />
  <testcase classname="ptolemy.util.test.junit.AutoTests" name="[25] /home/travis/build/icyphy/ptII/ptolemy/actor/lib/test/auto/ArrayPeakSearch3.xml (RunModel)" time="0.028" />
  <testcase classname="ptolemy.util.test.junit.AutoTests" name="[26] /home/travis/build/icyphy/ptII/ptolemy/actor/lib/test/auto/ArrayRemoveElement.xml (RunModel)" time="0.025" />
  <testcase classname="ptolemy.util.test.junit.AutoTests" name="[27] /home/travis/build/icyphy/ptII/ptolemy/actor/lib/test/auto/ArraySort.xml (RunModel)" time="0.026" />
  <testcase classname="ptolemy.util.test.junit.AutoTests" name="[28] /home/travis/build/icyphy/ptII/ptolemy/actor/lib/test/auto/ArraySum.xml (RunModel)" time="0.021" />
  <testcase classname="ptolemy.util.test.junit.AutoTests" name="[29] /home/travis/build/icyphy/ptII/ptolemy/actor/lib/test/auto/ArrayToElements.xml (RunModel)" time="0.02" />
  <testcase classname="ptolemy.util.test.junit.AutoTests" name="[30] /home/travis/build/icyphy/ptII/ptolemy/actor/lib/test/auto/ArrayToMatrix.xml (RunModel)" time="0.059" />
  <testcase classname="ptolemy.util.test.junit.AutoTests" name="[31] /home/travis/build/icyphy/ptII/ptolemy/actor/lib/test/auto/ArrayUpdate1.xml (RunModel)" time="0.016" />
  <testcase classname="ptolemy.util.test.junit.AutoTests" name="[32] /home/travis/build/icyphy/ptII/ptolemy/actor/lib/test/auto/ArrayUpdate2.xml (RunModel)" time="0.015" />
  <testcase classname="ptolemy.util.test.junit.AutoTests" name="[33] /home/travis/build/icyphy/ptII/ptolemy/actor/lib/test/auto/ArrayUpdate3.xml (RunModel)" time="0.014" />
  <testcase classname="ptolemy.util.test.junit.AutoTests" name="[34] /home/travis/build/icyphy/ptII/ptolemy/actor/lib/test/auto/Assert1.xml (RunModel)" time="0.027" />
  <testcase classname="ptolemy.util.test.junit.AutoTests" name="[35] /home/travis/build/icyphy/ptII/ptolemy/actor/lib/test/auto/Assert2.xml (RunModel)" time="0.014" />
  <testcase classname="ptolemy.util.test.junit.AutoTests" name="[36] /home/travis/build/icyphy/ptII/ptolemy/actor/lib/test/auto/BooleanMultiplexor.xml (RunModel)" time="0.02" />
  <testcase classname="ptolemy.util.test.junit.AutoTests" name="[37] /home/travis/build/icyphy/ptII/ptolemy/actor/lib/test/auto/BooleanMultiplexor2.xml (RunModel)" time="0.036" />
  <testcase classname="ptolemy.util.test.junit.AutoTests" name="[38] /home/travis/build/icyphy/ptII/ptolemy/actor/lib/test/auto/BooleanMultiplexor3.xml (RunModel)" time="0.022" />
  <testcase classname="ptolemy.util.test.junit.AutoTests" name="[39] /home/travis/build/icyphy/ptII/ptolemy/actor/lib/test/auto/BooleanSelect.xml (RunModel)" time="0.027" />
  <testcase classname="ptolemy.util.test.junit.AutoTests" name="[40] /home/travis/build/icyphy/ptII/ptolemy/actor/lib/test/auto/BooleanSelect2.xml (RunModel)" time="0.016" />
  <testcase classname="ptolemy.util.test.junit.AutoTests" name="[41] /home/travis/build/icyphy/ptII/ptolemy/actor/lib/test/auto/BooleanSwitch.xml (RunModel)" time="0.023" />
  <testcase classname="ptolemy.util.test.junit.AutoTests" name="[42] /home/travis/build/icyphy/ptII/ptolemy/actor/lib/test/auto/BooleanSwitch2.xml (RunModel)" time="0.013" />
  <testcase classname="ptolemy.util.test.junit.AutoTests" name="[43] /home/travis/build/icyphy/ptII/ptolemy/actor/lib/test/auto/BooleanSwitchCloningBugWithClassRelationGroup.xml (RunModel)" time="0.025" />
  <testcase classname="ptolemy.util.test.junit.AutoTests" name="[44] /home/travis/build/icyphy/ptII/ptolemy/actor/lib/test/auto/BusActors.xml (RunModel)" time="0.034" />
  <testcase classname="ptolemy.util.test.junit.AutoTests" name="[45] /home/travis/build/icyphy/ptII/ptolemy/actor/lib/test/auto/ClassWrapper.xml (RunModel)" time="0.011" />
  <testcase classname="ptolemy.util.test.junit.AutoTests" name="[46] /home/travis/build/icyphy/ptII/ptolemy/actor/lib/test/auto/Clock.xml (RunModel)" time="0.01" />
  <testcase classname="ptolemy.util.test.junit.AutoTests" name="[47] /home/travis/build/icyphy/ptII/ptolemy/actor/lib/test/auto/Clock10.xml (RunModel)" time="0.017" />
  <testcase classname="ptolemy.util.test.junit.AutoTests" name="[48] /home/travis/build/icyphy/ptII/ptolemy/actor/lib/test/auto/Clock11.xml (RunModel)" time="0.029" />
  <testcase classname="ptolemy.util.test.junit.AutoTests" name="[49] /home/travis/build/icyphy/ptII/ptolemy/actor/lib/test/auto/Clock12.xml (RunModel)" time="0.022" />
  <testcase classname="ptolemy.util.test.junit.AutoTests" name="[50] /home/travis/build/icyphy/ptII/ptolemy/actor/lib/test/auto/Clock13.xml (RunModel)" time="0.022" />
  <testcase classname="ptolemy.util.test.junit.AutoTests" name="[51] /home/travis/build/icyphy/ptII/ptolemy/actor/lib/test/auto/Clock14.xml (RunModel)" time="0.026" />
  <testcase classname="ptolemy.util.test.junit.AutoTests" name="[52] /home/travis/build/icyphy/ptII/ptolemy/actor/lib/test/auto/Clock15.xml (RunModel)" time="0.015" />
  <testcase classname="ptolemy.util.test.junit.AutoTests" name="[53] /home/travis/build/icyphy/ptII/ptolemy/actor/lib/test/auto/Clock16.xml (RunModel)" time="0.101" />
  <testcase classname="ptolemy.util.test.junit.AutoTests" name="[54] /home/travis/build/icyphy/ptII/ptolemy/actor/lib/test/auto/Clock17.xml (RunModel)" time="0.074" />
  <testcase classname="ptolemy.util.test.junit.AutoTests" name="[55] /home/travis/build/icyphy/ptII/ptolemy/actor/lib/test/auto/Clock18.xml (RunModel)" time="0.059" />
  <testcase classname="ptolemy.util.test.junit.AutoTests" name="[56] /home/travis/build/icyphy/ptII/ptolemy/actor/lib/test/auto/Clock19.xml (RunModel)" time="0.042" />
  <testcase classname="ptolemy.util.test.junit.AutoTests" name="[57] /home/travis/build/icyphy/ptII/ptolemy/actor/lib/test/auto/Clock2.xml (RunModel)" time="0.015" />
  <testcase classname="ptolemy.util.test.junit.AutoTests" name="[58] /home/travis/build/icyphy/ptII/ptolemy/actor/lib/test/auto/Clock20.xml (RunModel)" time="0.024" />
  <testcase classname="ptolemy.util.test.junit.AutoTests" name="[59] /home/travis/build/icyphy/ptII/ptolemy/actor/lib/test/auto/Clock21.xml (RunModel)" time="0.019" />
  <testcase classname="ptolemy.util.test.junit.AutoTests" name="[60] /home/travis/build/icyphy/ptII/ptolemy/actor/lib/test/auto/Clock22.xml (RunModel)" time="0.016" />
  <testcase classname="ptolemy.util.test.junit.AutoTests" name="[61] /home/travis/build/icyphy/ptII/ptolemy/actor/lib/test/auto/Clock23.xml (RunModel)" time="0.028" />
  <testcase classname="ptolemy.util.test.junit.AutoTests" name="[62] /home/travis/build/icyphy/ptII/ptolemy/actor/lib/test/auto/Clock24.xml (RunModel)" time="0.014" />
  <testcase classname="ptolemy.util.test.junit.AutoTests" name="[63] /home/travis/build/icyphy/ptII/ptolemy/actor/lib/test/auto/Clock4.xml (RunModel)" time="0.013" />
  <testcase classname="ptolemy.util.test.junit.AutoTests" name="[64] /home/travis/build/icyphy/ptII/ptolemy/actor/lib/test/auto/Clock5.xml (RunModel)" time="0.018" />
  <testcase classname="ptolemy.util.test.junit.AutoTests" name="[65] /home/travis/build/icyphy/ptII/ptolemy/actor/lib/test/auto/Clock6.xml (RunModel)" time="0.011" />
  <testcase classname="ptolemy.util.test.junit.AutoTests" name="[66] /home/travis/build/icyphy/ptII/ptolemy/actor/lib/test/auto/Clock7.xml (RunModel)" time="0.011" />
  <testcase classname="ptolemy.util.test.junit.AutoTests" name="[67] /home/travis/build/icyphy/ptII/ptolemy/actor/lib/test/auto/Clock8.xml (RunModel)" time="0.015" />
  <testcase classname="ptolemy.util.test.junit.AutoTests" name="[68] /home/travis/build/icyphy/ptII/ptolemy/actor/lib/test/auto/Clock9.xml (RunModel)" time="0.018" />
  <testcase classname="ptolemy.util.test.junit.AutoTests" name="[69] /home/travis/build/icyphy/ptII/ptolemy/actor/lib/test/auto/CommDistDiscard.xml (RunModel)" time="0.022" />
  <testcase classname="ptolemy.util.test.junit.AutoTests" name="[70] /home/travis/build/icyphy/ptII/ptolemy/actor/lib/test/auto/Commutator.xml (RunModel)" time="0.015" />
  <testcase classname="ptolemy.util.test.junit.AutoTests" name="[71] /home/travis/build/icyphy/ptII/ptolemy/actor/lib/test/auto/Commutator2.xml (RunModel)" time="0.009" />
  <testcase classname="ptolemy.util.test.junit.AutoTests" name="[72] /home/travis/build/icyphy/ptII/ptolemy/actor/lib/test/auto/Commutator3.xml (RunModel)" time="0.012" />
  <testcase classname="ptolemy.util.test.junit.AutoTests" name="[73] /home/travis/build/icyphy/ptII/ptolemy/actor/lib/test/auto/Compare.xml (RunModel)" time="0.018" />
  <testcase classname="ptolemy.util.test.junit.AutoTests" name="[74] /home/travis/build/icyphy/ptII/ptolemy/actor/lib/test/auto/CompareDE.xml (RunModel)" time="0.017" />
  <testcase classname="ptolemy.util.test.junit.AutoTests" name="[75] /home/travis/build/icyphy/ptII/ptolemy/actor/lib/test/auto/ComplexDivide.xml (RunModel)" time="0.011" />
  <testcase classname="ptolemy.util.test.junit.AutoTests" name="[76] /home/travis/build/icyphy/ptII/ptolemy/actor/lib/test/auto/ComputeHistogram.xml (RunModel)" time="0.073" />
  <testcase classname="ptolemy.util.test.junit.AutoTests" name="[77] /home/travis/build/icyphy/ptII/ptolemy/actor/lib/test/auto/ConfigurationSelect.xml (RunModel)" time="0.021" />
  <testcase classname="ptolemy.util.test.junit.AutoTests" name="[78] /home/travis/build/icyphy/ptII/ptolemy/actor/lib/test/auto/ConfigurationSelect2.xml (RunModel)" time="0.017" />
  <testcase classname="ptolemy.util.test.junit.AutoTests" name="[79] /home/travis/build/icyphy/ptII/ptolemy/actor/lib/test/auto/ConfigurationSwitch.xml (RunModel)" time="0.056" />
  <testcase classname="ptolemy.util.test.junit.AutoTests" name="[80] /home/travis/build/icyphy/ptII/ptolemy/actor/lib/test/auto/ConfigurationSwitch2.xml (RunModel)" time="0.026" />
  <testcase classname="ptolemy.util.test.junit.AutoTests" name="[81] /home/travis/build/icyphy/ptII/ptolemy/actor/lib/test/auto/ConfigurationSwitchCloningBugWithClassRelationGroup.xml (RunModel)" time="0.02" />
  <testcase classname="ptolemy.util.test.junit.AutoTests" name="[82] /home/travis/build/icyphy/ptII/ptolemy/actor/lib/test/auto/ConfigurationSwitchSelectSDF.xml (RunModel)" time="0.021" />
  <testcase classname="ptolemy.util.test.junit.AutoTests" name="[83] /home/travis/build/icyphy/ptII/ptolemy/actor/lib/test/auto/ConfigurationSwitchSelectSDF2.xml (RunModel)" time="0.013" />
  <testcase classname="ptolemy.util.test.junit.AutoTests" name="[84] /home/travis/build/icyphy/ptII/ptolemy/actor/lib/test/auto/Const.xml (RunModel)" time="0.007" />
  <testcase classname="ptolemy.util.test.junit.AutoTests" name="[85] /home/travis/build/icyphy/ptII/ptolemy/actor/lib/test/auto/Const2.xml (RunModel)" time="0.013" />
  <testcase classname="ptolemy.util.test.junit.AutoTests" name="[86] /home/travis/build/icyphy/ptII/ptolemy/actor/lib/test/auto/Const3.xml (RunModel)" time="0.01" />
  <testcase classname="ptolemy.util.test.junit.AutoTests" name="[87] /home/travis/build/icyphy/ptII/ptolemy/actor/lib/test/auto/ConstantPublisherPort1.xml (RunModel)" time="0.021" />
  <testcase classname="ptolemy.util.test.junit.AutoTests" name="[88] /home/travis/build/icyphy/ptII/ptolemy/actor/lib/test/auto/ConstantPublisherPort2.xml (RunModel)" time="0.025" />
  <testcase classname="ptolemy.util.test.junit.AutoTests" name="[89] /home/travis/build/icyphy/ptII/ptolemy/actor/lib/test/auto/ConstantPublisherPort3.xml (RunModel)" time="0.02" />
  <testcase classname="ptolemy.util.test.junit.AutoTests" name="[90] /home/travis/build/icyphy/ptII/ptolemy/actor/lib/test/auto/ConstantPublisherPort4.xml (RunModel)" time="0.017" />
  <testcase classname="ptolemy.util.test.junit.AutoTests" name="[91] /home/travis/build/icyphy/ptII/ptolemy/actor/lib/test/auto/ConstantPublisherPort5.xml (RunModel)" time="0.035" />
  <testcase classname="ptolemy.util.test.junit.AutoTests" name="[92] /home/travis/build/icyphy/ptII/ptolemy/actor/lib/test/auto/ConstantPublisherPort6.xml (RunModel)" time="0.031" />
  <testcase classname="ptolemy.util.test.junit.AutoTests" name="[93] /home/travis/build/icyphy/ptII/ptolemy/actor/lib/test/auto/ConstantPublisherPort7.xml (RunModel)" time="0.032" />
  <testcase classname="ptolemy.util.test.junit.AutoTests" name="[94] /home/travis/build/icyphy/ptII/ptolemy/actor/lib/test/auto/ConstraintMonitor1.xml (RunModel)" time="0.042" />
  <testcase classname="ptolemy.util.test.junit.AutoTests" name="[95] /home/travis/build/icyphy/ptII/ptolemy/actor/lib/test/auto/ConstraintMonitor2.xml (RunModel)" time="0.014" />
  <testcase classname="ptolemy.util.test.junit.AutoTests" name="[96] /home/travis/build/icyphy/ptII/ptolemy/actor/lib/test/auto/ConstraintMonitor3.xml (RunModel)" time="0.014" />
  <testcase classname="ptolemy.util.test.junit.AutoTests" name="[97] /home/travis/build/icyphy/ptII/ptolemy/actor/lib/test/auto/ConstraintMonitor4.xml (RunModel)" time="0.012" />
  <testcase classname="ptolemy.util.test.junit.AutoTests" name="[98] /home/travis/build/icyphy/ptII/ptolemy/actor/lib/test/auto/ConstraintMonitor5.xml (RunModel)" time="0.013" />
  <testcase classname="ptolemy.util.test.junit.AutoTests" name="[99] /home/travis/build/icyphy/ptII/ptolemy/actor/lib/test/auto/ConstraintMonitor6.xml (RunModel)" time="0.016" />
  <testcase classname="ptolemy.util.test.junit.AutoTests" name="[100] /home/travis/build/icyphy/ptII/ptolemy/actor/lib/test/auto/ConstraintMonitor7.xml (RunModel)" time="0.02" />
  <testcase classname="ptolemy.util.test.junit.AutoTests" name="[101] /home/travis/build/icyphy/ptII/ptolemy/actor/lib/test/auto/ConstraintMonitor8.xml (RunModel)" time="0.019" />
  <testcase classname="ptolemy.util.test.junit.AutoTests" name="[102] /home/travis/build/icyphy/ptII/ptolemy/actor/lib/test/auto/Counter.xml (RunModel)" time="0.014" />
  <testcase classname="ptolemy.util.test.junit.AutoTests" name="[103] /home/travis/build/icyphy/ptII/ptolemy/actor/lib/test/auto/CurrentTimeSDF.xml (RunModel)" time="0.009" />
  <testcase classname="ptolemy.util.test.junit.AutoTests" name="[104] /home/travis/build/icyphy/ptII/ptolemy/actor/lib/test/auto/DB.xml (RunModel)" time="0.013" />
  <testcase classname="ptolemy.util.test.junit.AutoTests" name="[105] /home/travis/build/icyphy/ptII/ptolemy/actor/lib/test/auto/DBDE.xml (RunModel)" time="0.024" />
  <testcase classname="ptolemy.util.test.junit.AutoTests" name="[106] /home/travis/build/icyphy/ptII/ptolemy/actor/lib/test/auto/DateConstructor.xml (RunModel)" time="0.072" />
  <testcase classname="ptolemy.util.test.junit.AutoTests" name="[107] /home/travis/build/icyphy/ptII/ptolemy/actor/lib/test/auto/DelayTime.xml (RunModel)" time="0.016" />
  <testcase classname="ptolemy.util.test.junit.AutoTests" name="[108] /home/travis/build/icyphy/ptII/ptolemy/actor/lib/test/auto/Dictionary1.xml (RunModel)" time="0.022" />
  <testcase classname="ptolemy.util.test.junit.AutoTests" name="[109] /home/travis/build/icyphy/ptII/ptolemy/actor/lib/test/auto/Dictionary2.xml (RunModel)" time="0.016" />
  <testcase classname="ptolemy.util.test.junit.AutoTests" name="[110] /home/travis/build/icyphy/ptII/ptolemy/actor/lib/test/auto/Dictionary3.xml (RunModel)" time="0.015" />
  <testcase classname="ptolemy.util.test.junit.AutoTests" name="[111] /home/travis/build/icyphy/ptII/ptolemy/actor/lib/test/auto/Dictionary4.xml (RunModel)" time="0.02" />
  <testcase classname="ptolemy.util.test.junit.AutoTests" name="[112] /home/travis/build/icyphy/ptII/ptolemy/actor/lib/test/auto/Differential.xml (RunModel)" time="0.013" />
  <testcase classname="ptolemy.util.test.junit.AutoTests" name="[113] /home/travis/build/icyphy/ptII/ptolemy/actor/lib/test/auto/Director.xml (RunModel)" time="0.011" />
  <testcase classname="ptolemy.util.test.junit.AutoTests" name="[114] /home/travis/build/icyphy/ptII/ptolemy/actor/lib/test/auto/DiscreteClock.xml (RunModel)" time="0.008" />
  <testcase classname="ptolemy.util.test.junit.AutoTests" name="[115] /home/travis/build/icyphy/ptII/ptolemy/actor/lib/test/auto/DiscreteClock10.xml (RunModel)" time="0.013" />
  <testcase classname="ptolemy.util.test.junit.AutoTests" name="[116] /home/travis/build/icyphy/ptII/ptolemy/actor/lib/test/auto/DiscreteClock11.xml (RunModel)" time="0.013" />
  <testcase classname="ptolemy.util.test.junit.AutoTests" name="[117] /home/travis/build/icyphy/ptII/ptolemy/actor/lib/test/auto/DiscreteClock12.xml (RunModel)" time="0.016" />
  <testcase classname="ptolemy.util.test.junit.AutoTests" name="[118] /home/travis/build/icyphy/ptII/ptolemy/actor/lib/test/auto/DiscreteClock13.xml (RunModel)" time="0.014" />
  <testcase classname="ptolemy.util.test.junit.AutoTests" name="[119] /home/travis/build/icyphy/ptII/ptolemy/actor/lib/test/auto/DiscreteClock14.xml (RunModel)" time="0.018" />
  <testcase classname="ptolemy.util.test.junit.AutoTests" name="[120] /home/travis/build/icyphy/ptII/ptolemy/actor/lib/test/auto/DiscreteClock15.xml (RunModel)" time="0.016" />
  <testcase classname="ptolemy.util.test.junit.AutoTests" name="[121] /home/travis/build/icyphy/ptII/ptolemy/actor/lib/test/auto/DiscreteClock16.xml (RunModel)" time="0.049" />
  <testcase classname="ptolemy.util.test.junit.AutoTests" name="[122] /home/travis/build/icyphy/ptII/ptolemy/actor/lib/test/auto/DiscreteClock17.xml (RunModel)" time="0.093" />
  <testcase classname="ptolemy.util.test.junit.AutoTests" name="[123] /home/travis/build/icyphy/ptII/ptolemy/actor/lib/test/auto/DiscreteClock18.xml (RunModel)" time="0.039" />
  <testcase classname="ptolemy.util.test.junit.AutoTests" name="[124] /home/travis/build/icyphy/ptII/ptolemy/actor/lib/test/auto/DiscreteClock19.xml (RunModel)" time="0.049" />
  <testcase classname="ptolemy.util.test.junit.AutoTests" name="[125] /home/travis/build/icyphy/ptII/ptolemy/actor/lib/test/auto/DiscreteClock2.xml (RunModel)" time="0.011" />
  <testcase classname="ptolemy.util.test.junit.AutoTests" name="[126] /home/travis/build/icyphy/ptII/ptolemy/actor/lib/test/auto/DiscreteClock20.xml (RunModel)" time="0.016" />
  <testcase classname="ptolemy.util.test.junit.AutoTests" name="[127] /home/travis/build/icyphy/ptII/ptolemy/actor/lib/test/auto/DiscreteClock21.xml (RunModel)" time="0.013" />
  <testcase classname="ptolemy.util.test.junit.AutoTests" name="[128] /home/travis/build/icyphy/ptII/ptolemy/actor/lib/test/auto/DiscreteClock22.xml (RunModel)" time="0.012" />
  <testcase classname="ptolemy.util.test.junit.AutoTests" name="[129] /home/travis/build/icyphy/ptII/ptolemy/actor/lib/test/auto/DiscreteClock23.xml (RunModel)" time="0.017" />
  <testcase classname="ptolemy.util.test.junit.AutoTests" name="[130] /home/travis/build/icyphy/ptII/ptolemy/actor/lib/test/auto/DiscreteClock24.xml (RunModel)" time="0.016" />
  <testcase classname="ptolemy.util.test.junit.AutoTests" name="[131] /home/travis/build/icyphy/ptII/ptolemy/actor/lib/test/auto/DiscreteClock4.xml (RunModel)" time="0.011" />
  <testcase classname="ptolemy.util.test.junit.AutoTests" name="[132] /home/travis/build/icyphy/ptII/ptolemy/actor/lib/test/auto/DiscreteClock5.xml (RunModel)" time="0.009" />
  <testcase classname="ptolemy.util.test.junit.AutoTests" name="[133] /home/travis/build/icyphy/ptII/ptolemy/actor/lib/test/auto/DiscreteClock6.xml (RunModel)" time="0.011" />
  <testcase classname="ptolemy.util.test.junit.AutoTests" name="[134] /home/travis/build/icyphy/ptII/ptolemy/actor/lib/test/auto/DiscreteClock7.xml (RunModel)" time="0.016" />
  <testcase classname="ptolemy.util.test.junit.AutoTests" name="[135] /home/travis/build/icyphy/ptII/ptolemy/actor/lib/test/auto/DiscreteClock8.xml (RunModel)" time="0.012" />
  <testcase classname="ptolemy.util.test.junit.AutoTests" name="[136] /home/travis/build/icyphy/ptII/ptolemy/actor/lib/test/auto/DiscreteClock9.xml (RunModel)" time="0.018" />
  <testcase classname="ptolemy.util.test.junit.AutoTests" name="[137] /home/travis/build/icyphy/ptII/ptolemy/actor/lib/test/auto/DisplayArray.xml (RunModel)" time="0.011" />
  <testcase classname="ptolemy.util.test.junit.AutoTests" name="[138] /home/travis/build/icyphy/ptII/ptolemy/actor/lib/test/auto/Distributor.xml (RunModel)" time="0.008" />
  <testcase classname="ptolemy.util.test.junit.AutoTests" name="[139] /home/travis/build/icyphy/ptII/ptolemy/actor/lib/test/auto/Distributor2.xml (RunModel)" time="0.01" />
  <testcase classname="ptolemy.util.test.junit.AutoTests" name="[140] /home/travis/build/icyphy/ptII/ptolemy/actor/lib/test/auto/DownSample.xml (RunModel)" time="0.01" />
  <testcase classname="ptolemy.util.test.junit.AutoTests" name="[141] /home/travis/build/icyphy/ptII/ptolemy/actor/lib/test/auto/ElectronicUnitBase1.xml (RunModel)" time="0.07" />
  <testcase classname="ptolemy.util.test.junit.AutoTests" name="[142] /home/travis/build/icyphy/ptII/ptolemy/actor/lib/test/auto/ElementsToArray.xml (RunModel)" time="0.01" />
  <testcase classname="ptolemy.util.test.junit.AutoTests" name="[143] /home/travis/build/icyphy/ptII/ptolemy/actor/lib/test/auto/Equals.xml (RunModel)" time="0.015" />
  <testcase classname="ptolemy.util.test.junit.AutoTests" name="[144] /home/travis/build/icyphy/ptII/ptolemy/actor/lib/test/auto/Exec.xml (RunModel)" time="0.029" />
  <testcase classname="ptolemy.util.test.junit.AutoTests" name="[145] /home/travis/build/icyphy/ptII/ptolemy/actor/lib/test/auto/ExecEnvironment.xml (RunModel)" time="0.034" />
  <testcase classname="ptolemy.util.test.junit.AutoTests" name="[146] /home/travis/build/icyphy/ptII/ptolemy/actor/lib/test/auto/ExecNonZeroReturnOutput.xml (RunModel)" time="0.18" />
  <testcase classname="ptolemy.util.test.junit.AutoTests" name="[147] /home/travis/build/icyphy/ptII/ptolemy/actor/lib/test/auto/ExecRunDemos.xml (RunModel)" time="10.407" />
  <testcase classname="ptolemy.util.test.junit.AutoTests" name="[148] /home/travis/build/icyphy/ptII/ptolemy/actor/lib/test/auto/ExecStop.xml (RunModel)" time="5.041" />
  <testcase classname="ptolemy.util.test.junit.AutoTests" name="[149] /home/travis/build/icyphy/ptII/ptolemy/actor/lib/test/auto/ExecutionTimeSDF.xml (RunModel)" time="6.03" />
  <testcase classname="ptolemy.util.test.junit.AutoTests" name="[150] /home/travis/build/icyphy/ptII/ptolemy/actor/lib/test/auto/Expression1.xml (RunModel)" time="0.012" />
  <testcase classname="ptolemy.util.test.junit.AutoTests" name="[151] /home/travis/build/icyphy/ptII/ptolemy/actor/lib/test/auto/Expression10.xml (RunModel)" time="0.014" />
  <testcase classname="ptolemy.util.test.junit.AutoTests" name="[152] /home/travis/build/icyphy/ptII/ptolemy/actor/lib/test/auto/Expression11.xml (RunModel)" time="0.011" />
  <testcase classname="ptolemy.util.test.junit.AutoTests" name="[153] /home/travis/build/icyphy/ptII/ptolemy/actor/lib/test/auto/Expression12.xml (RunModel)" time="0.012" />
  <testcase classname="ptolemy.util.test.junit.AutoTests" name="[154] /home/travis/build/icyphy/ptII/ptolemy/actor/lib/test/auto/Expression13.xml (RunModel)" time="0.011" />
  <testcase classname="ptolemy.util.test.junit.AutoTests" name="[155] /home/travis/build/icyphy/ptII/ptolemy/actor/lib/test/auto/Expression14.xml (RunModel)" time="0.014" />
  <testcase classname="ptolemy.util.test.junit.AutoTests" name="[156] /home/travis/build/icyphy/ptII/ptolemy/actor/lib/test/auto/Expression15.xml (RunModel)" time="0.007" />
  <testcase classname="ptolemy.util.test.junit.AutoTests" name="[157] /home/travis/build/icyphy/ptII/ptolemy/actor/lib/test/auto/Expression16.xml (RunModel)" time="0.011" />
  <testcase classname="ptolemy.util.test.junit.AutoTests" name="[158] /home/travis/build/icyphy/ptII/ptolemy/actor/lib/test/auto/Expression17.xml (RunModel)" time="0.009" />
  <testcase classname="ptolemy.util.test.junit.AutoTests" name="[159] /home/travis/build/icyphy/ptII/ptolemy/actor/lib/test/auto/Expression18.xml (RunModel)" time="0.011" />
  <testcase classname="ptolemy.util.test.junit.AutoTests" name="[160] /home/travis/build/icyphy/ptII/ptolemy/actor/lib/test/auto/Expression2.xml (RunModel)" time="0.01" />
  <testcase classname="ptolemy.util.test.junit.AutoTests" name="[161] /home/travis/build/icyphy/ptII/ptolemy/actor/lib/test/auto/Expression3.xml (RunModel)" time="0.014" />
  <testcase classname="ptolemy.util.test.junit.AutoTests" name="[162] /home/travis/build/icyphy/ptII/ptolemy/actor/lib/test/auto/Expression4.xml (RunModel)" time="0.017" />
  <testcase classname="ptolemy.util.test.junit.AutoTests" name="[163] /home/travis/build/icyphy/ptII/ptolemy/actor/lib/test/auto/Expression5.xml (RunModel)" time="0.013" />
  <testcase classname="ptolemy.util.test.junit.AutoTests" name="[164] /home/travis/build/icyphy/ptII/ptolemy/actor/lib/test/auto/Expression6.xml (RunModel)" time="0.008" />
  <testcase classname="ptolemy.util.test.junit.AutoTests" name="[165] /home/travis/build/icyphy/ptII/ptolemy/actor/lib/test/auto/Expression7.xml (RunModel)" time="0.011" />
  <testcase classname="ptolemy.util.test.junit.AutoTests" name="[166] /home/travis/build/icyphy/ptII/ptolemy/actor/lib/test/auto/Expression8.xml (RunModel)" time="0.015" />
  <testcase classname="ptolemy.util.test.junit.AutoTests" name="[167] /home/travis/build/icyphy/ptII/ptolemy/actor/lib/test/auto/Expression9.xml (RunModel)" time="0.008" />
  <testcase classname="ptolemy.util.test.junit.AutoTests" name="[168] /home/travis/build/icyphy/ptII/ptolemy/actor/lib/test/auto/ExpressionConcatenateArrayType.xml (RunModel)" time="0.027" />
  <testcase classname="ptolemy.util.test.junit.AutoTests" name="[169] /home/travis/build/icyphy/ptII/ptolemy/actor/lib/test/auto/ExpressionConcatenateArrayType2.xml (RunModel)" time="0.021" />
  <testcase classname="ptolemy.util.test.junit.AutoTests" name="[170] /home/travis/build/icyphy/ptII/ptolemy/actor/lib/test/auto/ExpressionFix.xml (RunModel)" time="0.045" />
  <testcase classname="ptolemy.util.test.junit.AutoTests" name="[171] /home/travis/build/icyphy/ptII/ptolemy/actor/lib/test/auto/ExpressionFix2.xml (RunModel)" time="0.011" />
  <testcase classname="ptolemy.util.test.junit.AutoTests" name="[172] /home/travis/build/icyphy/ptII/ptolemy/actor/lib/test/auto/ExpressionFix3.xml (RunModel)" time="0.009" />
  <testcase classname="ptolemy.util.test.junit.AutoTests" name="[173] /home/travis/build/icyphy/ptII/ptolemy/actor/lib/test/auto/FileWriter1.xml (RunModel)" time="0.009" />
  <testcase classname="ptolemy.util.test.junit.AutoTests" name="[174] /home/travis/build/icyphy/ptII/ptolemy/actor/lib/test/auto/FileWriter2.xml (RunModel)" time="0.009" />
  <testcase classname="ptolemy.util.test.junit.AutoTests" name="[175] /home/travis/build/icyphy/ptII/ptolemy/actor/lib/test/auto/FileWriter3.xml (RunModel)" time="0.01" />
  <testcase classname="ptolemy.util.test.junit.AutoTests" name="[176] /home/travis/build/icyphy/ptII/ptolemy/actor/lib/test/auto/Gaussian.xml (RunModel)" time="0.01" />
  <testcase classname="ptolemy.util.test.junit.AutoTests" name="[177] /home/travis/build/icyphy/ptII/ptolemy/actor/lib/test/auto/Gaussian1.xml (RunModel)" time="0.013" />
  <testcase classname="ptolemy.util.test.junit.AutoTests" name="[178] /home/travis/build/icyphy/ptII/ptolemy/actor/lib/test/auto/Gaussian2.xml (RunModel)" time="0.021" />
  <testcase classname="ptolemy.util.test.junit.AutoTests" name="[179] /home/travis/build/icyphy/ptII/ptolemy/actor/lib/test/auto/GradientAdaptiveLattice.xml (RunModel)" time="0.019" />
  <testcase classname="ptolemy.util.test.junit.AutoTests" name="[180] /home/travis/build/icyphy/ptII/ptolemy/actor/lib/test/auto/IIR.xml (RunModel)" time="0.01" />
  <testcase classname="ptolemy.util.test.junit.AutoTests" name="[181] /home/travis/build/icyphy/ptII/ptolemy/actor/lib/test/auto/InputOutputTransparentPorts.xml (RunModel)" time="0.022" />
  <testcase classname="ptolemy.util.test.junit.AutoTests" name="[182] /home/travis/build/icyphy/ptII/ptolemy/actor/lib/test/auto/Interpolator.xml (RunModel)" time="0.014" />
  <testcase classname="ptolemy.util.test.junit.AutoTests" name="[183] /home/travis/build/icyphy/ptII/ptolemy/actor/lib/test/auto/InterpolatorFiringLimitDE.xml (RunModel)" time="0.013" />
  <testcase classname="ptolemy.util.test.junit.AutoTests" name="[184] /home/travis/build/icyphy/ptII/ptolemy/actor/lib/test/auto/Lattice.xml (RunModel)" time="0.009" />
  <testcase classname="ptolemy.util.test.junit.AutoTests" name="[185] /home/travis/build/icyphy/ptII/ptolemy/actor/lib/test/auto/LazyAOCTestLazy.xml (RunModel)" time="0.022" />
  <testcase classname="ptolemy.util.test.junit.AutoTests" name="[186] /home/travis/build/icyphy/ptII/ptolemy/actor/lib/test/auto/LazyAOCTestNonLazy.xml (RunModel)" time="0.058" />
  <testcase classname="ptolemy.util.test.junit.AutoTests" name="[187] /home/travis/build/icyphy/ptII/ptolemy/actor/lib/test/auto/LazyInnerClass.xml (RunModel)" time="0.044" />
  <testcase classname="ptolemy.util.test.junit.AutoTests" name="[188] /home/travis/build/icyphy/ptII/ptolemy/actor/lib/test/auto/LazyPubSub.xml (RunModel)" time="0.065" />
  <testcase classname="ptolemy.util.test.junit.AutoTests" name="[189] /home/travis/build/icyphy/ptII/ptolemy/actor/lib/test/auto/LazyPubSub2.xml (RunModel)" time="0.047" />
  <testcase classname="ptolemy.util.test.junit.AutoTests" name="[190] /home/travis/build/icyphy/ptII/ptolemy/actor/lib/test/auto/LazyPubSub3.xml (RunModel)" time="0.027" />
  <testcase classname="ptolemy.util.test.junit.AutoTests" name="[191] /home/travis/build/icyphy/ptII/ptolemy/actor/lib/test/auto/LazySubClassModel.xml (RunModel)" time="0.09" />
  <testcase classname="ptolemy.util.test.junit.AutoTests" name="[192] /home/travis/build/icyphy/ptII/ptolemy/actor/lib/test/auto/LevelCrossTest1.xml (RunModel)" time="0.013" />
  <testcase classname="ptolemy.util.test.junit.AutoTests" name="[193] /home/travis/build/icyphy/ptII/ptolemy/actor/lib/test/auto/LevelCrossTest10.xml (RunModel)" time="0.015" />
  <testcase classname="ptolemy.util.test.junit.AutoTests" name="[194] /home/travis/build/icyphy/ptII/ptolemy/actor/lib/test/auto/LevelCrossTest11.xml (RunModel)" time="0.015" />
  <testcase classname="ptolemy.util.test.junit.AutoTests" name="[195] /home/travis/build/icyphy/ptII/ptolemy/actor/lib/test/auto/LevelCrossTest12.xml (RunModel)" time="0.016" />
  <testcase classname="ptolemy.util.test.junit.AutoTests" name="[196] /home/travis/build/icyphy/ptII/ptolemy/actor/lib/test/auto/LevelCrossTest13.xml (RunModel)" time="0.013" />
  <testcase classname="ptolemy.util.test.junit.AutoTests" name="[197] /home/travis/build/icyphy/ptII/ptolemy/actor/lib/test/auto/LevelCrossTest2.xml (RunModel)" time="0.01" />
  <testcase classname="ptolemy.util.test.junit.AutoTests" name="[198] /home/travis/build/icyphy/ptII/ptolemy/actor/lib/test/auto/LevelCrossTest3.xml (RunModel)" time="0.011" />
  <testcase classname="ptolemy.util.test.junit.AutoTests" name="[199] /home/travis/build/icyphy/ptII/ptolemy/actor/lib/test/auto/LevelCrossTest4.xml (RunModel)" time="0.01" />
  <testcase classname="ptolemy.util.test.junit.AutoTests" name="[200] /home/travis/build/icyphy/ptII/ptolemy/actor/lib/test/auto/LevelCrossTest5.xml (RunModel)" time="0.017" />
  <testcase classname="ptolemy.util.test.junit.AutoTests" name="[201] /home/travis/build/icyphy/ptII/ptolemy/actor/lib/test/auto/LevelCrossTest6.xml (RunModel)" time="0.015" />
  <testcase classname="ptolemy.util.test.junit.AutoTests" name="[202] /home/travis/build/icyphy/ptII/ptolemy/actor/lib/test/auto/LevelCrossTest7.xml (RunModel)" time="0.02" />
  <testcase classname="ptolemy.util.test.junit.AutoTests" name="[203] /home/travis/build/icyphy/ptII/ptolemy/actor/lib/test/auto/LevelCrossTest8.xml (RunModel)" time="0.013" />
  <testcase classname="ptolemy.util.test.junit.AutoTests" name="[204] /home/travis/build/icyphy/ptII/ptolemy/actor/lib/test/auto/LevelCrossTest9.xml (RunModel)" time="0.014" />
  <testcase classname="ptolemy.util.test.junit.AutoTests" name="[205] /home/travis/build/icyphy/ptII/ptolemy/actor/lib/test/auto/LevinsonDurbin.xml (RunModel)" time="0.009" />
  <testcase classname="ptolemy.util.test.junit.AutoTests" name="[206] /home/travis/build/icyphy/ptII/ptolemy/actor/lib/test/auto/LevinsonDurbin2.xml (RunModel)" time="0.009" />
  <testcase classname="ptolemy.util.test.junit.AutoTests" name="[207] /home/travis/build/icyphy/ptII/ptolemy/actor/lib/test/auto/LevinsonDurbin3.xml (RunModel)" time="0.01" />
  <testcase classname="ptolemy.util.test.junit.AutoTests" name="[208] /home/travis/build/icyphy/ptII/ptolemy/actor/lib/test/auto/Limiter.xml (RunModel)" time="0.051" />
  <testcase classname="ptolemy.util.test.junit.AutoTests" name="[209] /home/travis/build/icyphy/ptII/ptolemy/actor/lib/test/auto/LinearDifferenceEquationSystem.xml (RunModel)" time="0.026" />
  <testcase classname="ptolemy.util.test.junit.AutoTests" name="[210] /home/travis/build/icyphy/ptII/ptolemy/actor/lib/test/auto/LookupTable.xml (RunModel)" time="0.013" />
  <testcase classname="ptolemy.util.test.junit.AutoTests" name="[211] /home/travis/build/icyphy/ptII/ptolemy/actor/lib/test/auto/MathFunction.xml (RunModel)" time="0.021" />
  <testcase classname="ptolemy.util.test.junit.AutoTests" name="[212] /home/travis/build/icyphy/ptII/ptolemy/actor/lib/test/auto/MathFunction2.xml (RunModel)" time="0.017" />
  <testcase classname="ptolemy.util.test.junit.AutoTests" name="[213] /home/travis/build/icyphy/ptII/ptolemy/actor/lib/test/auto/MathFunction3.xml (RunModel)" time="0.019" />
  <testcase classname="ptolemy.util.test.junit.AutoTests" name="[214] /home/travis/build/icyphy/ptII/ptolemy/actor/lib/test/auto/MatrixCropBoolean.xml (RunModel)" time="0.014" />
  <testcase classname="ptolemy.util.test.junit.AutoTests" name="[215] /home/travis/build/icyphy/ptII/ptolemy/actor/lib/test/auto/MatrixCropComplex.xml (RunModel)" time="0.01" />
  <testcase classname="ptolemy.util.test.junit.AutoTests" name="[216] /home/travis/build/icyphy/ptII/ptolemy/actor/lib/test/auto/MatrixCropDouble.xml (RunModel)" time="0.01" />
  <testcase classname="ptolemy.util.test.junit.AutoTests" name="[217] /home/travis/build/icyphy/ptII/ptolemy/actor/lib/test/auto/MatrixCropFix.xml (RunModel)" time="0.018" />
  <testcase classname="ptolemy.util.test.junit.AutoTests" name="[218] /home/travis/build/icyphy/ptII/ptolemy/actor/lib/test/auto/MatrixCropInt.xml (RunModel)" time="0.011" />
  <testcase classname="ptolemy.util.test.junit.AutoTests" name="[219] /home/travis/build/icyphy/ptII/ptolemy/actor/lib/test/auto/MatrixCropLong.xml (RunModel)" time="0.012" />
  <testcase classname="ptolemy.util.test.junit.AutoTests" name="[220] /home/travis/build/icyphy/ptII/ptolemy/actor/lib/test/auto/MatrixToArray.xml (RunModel)" time="0.059" />
  <testcase classname="ptolemy.util.test.junit.AutoTests" name="[221] /home/travis/build/icyphy/ptII/ptolemy/actor/lib/test/auto/MaxIndex.xml (RunModel)" time="0.02" />
  <testcase classname="ptolemy.util.test.junit.AutoTests" name="[222] /home/travis/build/icyphy/ptII/ptolemy/actor/lib/test/auto/Maximum.xml (RunModel)" time="0.013" />
  <testcase classname="ptolemy.util.test.junit.AutoTests" name="[223] /home/travis/build/icyphy/ptII/ptolemy/actor/lib/test/auto/MaximumComplex.xml (RunModel)" time="0.018" />
  <testcase classname="ptolemy.util.test.junit.AutoTests" name="[224] /home/travis/build/icyphy/ptII/ptolemy/actor/lib/test/auto/MethodCallTest.xml (RunModel)" time="0.028" />
  <testcase classname="ptolemy.util.test.junit.AutoTests" name="[225] /home/travis/build/icyphy/ptII/ptolemy/actor/lib/test/auto/Minimum.xml (RunModel)" time="0.016" />
  <testcase classname="ptolemy.util.test.junit.AutoTests" name="[226] /home/travis/build/icyphy/ptII/ptolemy/actor/lib/test/auto/MinimumComplex.xml (RunModel)" time="0.026" />
  <testcase classname="ptolemy.util.test.junit.AutoTests" name="[227] /home/travis/build/icyphy/ptII/ptolemy/actor/lib/test/auto/MinimumMultiports.xml (RunModel)" time="0.018" />
  <testcase classname="ptolemy.util.test.junit.AutoTests" name="[228] /home/travis/build/icyphy/ptII/ptolemy/actor/lib/test/auto/ModifyDate.xml (RunModel)" time="0.042" />
  <testcase classname="ptolemy.util.test.junit.AutoTests" name="[229] /home/travis/build/icyphy/ptII/ptolemy/actor/lib/test/auto/ModifyDate2.xml (RunModel)" time="0.029" />
  <testcase classname="ptolemy.util.test.junit.AutoTests" name="[230] /home/travis/build/icyphy/ptII/ptolemy/actor/lib/test/auto/MovingAverage.xml (RunModel)" time="0.01" />
  <testcase classname="ptolemy.util.test.junit.AutoTests" name="[231] /home/travis/build/icyphy/ptII/ptolemy/actor/lib/test/auto/MovingMaximum.xml (RunModel)" time="0.01" />
  <testcase classname="ptolemy.util.test.junit.AutoTests" name="[232] /home/travis/build/icyphy/ptII/ptolemy/actor/lib/test/auto/MultipleLinksToSameRelation.xml (RunModel)" time="0.007" />
  <testcase classname="ptolemy.util.test.junit.AutoTests" name="[233] /home/travis/build/icyphy/ptII/ptolemy/actor/lib/test/auto/MultipleLinksToSameRelationDE.xml (RunModel)" time="0.018" />
  <testcase classname="ptolemy.util.test.junit.AutoTests" name="[234] /home/travis/build/icyphy/ptII/ptolemy/actor/lib/test/auto/Multiplexor.xml (RunModel)" time="0.013" />
  <testcase classname="ptolemy.util.test.junit.AutoTests" name="[235] /home/travis/build/icyphy/ptII/ptolemy/actor/lib/test/auto/Multiplexor1.xml (RunModel)" time="0.014" />
  <testcase classname="ptolemy.util.test.junit.AutoTests" name="[236] /home/travis/build/icyphy/ptII/ptolemy/actor/lib/test/auto/Multiplexor2.xml (RunModel)" time="0.018" />
  <testcase classname="ptolemy.util.test.junit.AutoTests" name="[237] /home/travis/build/icyphy/ptII/ptolemy/actor/lib/test/auto/Multiplexor3.xml (RunModel)" time="0.009" />
  <testcase classname="ptolemy.util.test.junit.AutoTests" name="[238] /home/travis/build/icyphy/ptII/ptolemy/actor/lib/test/auto/MultiplexorDE.xml (RunModel)" time="0.019" />
  <testcase classname="ptolemy.util.test.junit.AutoTests" name="[239] /home/travis/build/icyphy/ptII/ptolemy/actor/lib/test/auto/MultiportBroadcastTest.xml (RunModel)" time="0.115" />
  <testcase classname="ptolemy.util.test.junit.AutoTests" name="[240] /home/travis/build/icyphy/ptII/ptolemy/actor/lib/test/auto/MultiportOutHangDuringGetWidth.xml (RunModel)" time="0.04" />
  <testcase classname="ptolemy.util.test.junit.AutoTests" name="[241] /home/travis/build/icyphy/ptII/ptolemy/actor/lib/test/auto/NilToken.xml (RunModel)" time="0.013" />
  <testcase classname="ptolemy.util.test.junit.AutoTests" name="[242] /home/travis/build/icyphy/ptII/ptolemy/actor/lib/test/auto/NilTokenNonStrictTest.xml (RunModel)" time="0.012" />
  <testcase classname="ptolemy.util.test.junit.AutoTests" name="[243] /home/travis/build/icyphy/ptII/ptolemy/actor/lib/test/auto/NilTokenRecord.xml (RunModel)" time="0.031" />
  <testcase classname="ptolemy.util.test.junit.AutoTests" name="[244] /home/travis/build/icyphy/ptII/ptolemy/actor/lib/test/auto/NilTokenTypeTest.xml (RunModel)" time="0.028" />
  <testcase classname="ptolemy.util.test.junit.AutoTests" name="[245] /home/travis/build/icyphy/ptII/ptolemy/actor/lib/test/auto/ObjectToken1.xml (RunModel)" time="0.009" />
  <testcase classname="ptolemy.util.test.junit.AutoTests" name="[246] /home/travis/build/icyphy/ptII/ptolemy/actor/lib/test/auto/OrderedMerge.xml (RunModel)" time="0.027" />
  <testcase classname="ptolemy.util.test.junit.AutoTests" name="[247] /home/travis/build/icyphy/ptII/ptolemy/actor/lib/test/auto/OrderedRecordDisassembler.xml (RunModel)" time="0.02" />
  <testcase classname="ptolemy.util.test.junit.AutoTests" name="[248] /home/travis/build/icyphy/ptII/ptolemy/actor/lib/test/auto/OrderedRecordDisassembler2.xml (RunModel)" time="0.02" />
  <testcase classname="ptolemy.util.test.junit.AutoTests" name="[249] /home/travis/build/icyphy/ptII/ptolemy/actor/lib/test/auto/OrderedRecordUpdater.xml (RunModel)" time="0.012" />
  <testcase classname="ptolemy.util.test.junit.AutoTests" name="[250] /home/travis/build/icyphy/ptII/ptolemy/actor/lib/test/auto/OrderedRecordUpdater2.xml (RunModel)" time="0.02" />
  <testcase classname="ptolemy.util.test.junit.AutoTests" name="[251] /home/travis/build/icyphy/ptII/ptolemy/actor/lib/test/auto/PhaseUnwrap.xml (RunModel)" time="0.015" />
  <testcase classname="ptolemy.util.test.junit.AutoTests" name="[252] /home/travis/build/icyphy/ptII/ptolemy/actor/lib/test/auto/PoissonClock.xml (RunModel)" time="0.011" />
  <testcase classname="ptolemy.util.test.junit.AutoTests" name="[253] /home/travis/build/icyphy/ptII/ptolemy/actor/lib/test/auto/PoissonClock2.xml (RunModel)" time="0.009" />
  <testcase classname="ptolemy.util.test.junit.AutoTests" name="[254] /home/travis/build/icyphy/ptII/ptolemy/actor/lib/test/auto/PoissonClock3.xml (RunModel)" time="0.027" />
  <testcase classname="ptolemy.util.test.junit.AutoTests" name="[255] /home/travis/build/icyphy/ptII/ptolemy/actor/lib/test/auto/PubSubWithInitialTokens.xml (RunModel)" time="0.018" />
  <testcase classname="ptolemy.util.test.junit.AutoTests" name="[256] /home/travis/build/icyphy/ptII/ptolemy/actor/lib/test/auto/PubSubWithInitialTokens2.xml (RunModel)" time="0.012" />
  <testcase classname="ptolemy.util.test.junit.AutoTests" name="[257] /home/travis/build/icyphy/ptII/ptolemy/actor/lib/test/auto/PublisherClassNoParameter.xml (RunModel)" time="0.027" />
  <testcase classname="ptolemy.util.test.junit.AutoTests" name="[258] /home/travis/build/icyphy/ptII/ptolemy/actor/lib/test/auto/PublisherClassParameter.xml (RunModel)" time="0.029" />
  <testcase classname="ptolemy.util.test.junit.AutoTests" name="[259] /home/travis/build/icyphy/ptII/ptolemy/actor/lib/test/auto/PublisherNonStrictTest.xml (RunModel)" time="0.015" />
  <testcase classname="ptolemy.util.test.junit.AutoTests" name="[260] /home/travis/build/icyphy/ptII/ptolemy/actor/lib/test/auto/PublisherPort1.xml (RunModel)" time="0.02" />
  <testcase classname="ptolemy.util.test.junit.AutoTests" name="[261] /home/travis/build/icyphy/ptII/ptolemy/actor/lib/test/auto/PublisherPort2.xml (RunModel)" time="0.011" />
  <testcase classname="ptolemy.util.test.junit.AutoTests" name="[262] /home/travis/build/icyphy/ptII/ptolemy/actor/lib/test/auto/PublisherPort3.xml (RunModel)" time="0.012" />
  <testcase classname="ptolemy.util.test.junit.AutoTests" name="[263] /home/travis/build/icyphy/ptII/ptolemy/actor/lib/test/auto/PublisherPort4.xml (RunModel)" time="0.013" />
  <testcase classname="ptolemy.util.test.junit.AutoTests" name="[264] /home/travis/build/icyphy/ptII/ptolemy/actor/lib/test/auto/PublisherPort5.xml (RunModel)" time="0.013" />
  <testcase classname="ptolemy.util.test.junit.AutoTests" name="[265] /home/travis/build/icyphy/ptII/ptolemy/actor/lib/test/auto/PublisherPort5LookAlike.xml (RunModel)" time="0.018" />
  <testcase classname="ptolemy.util.test.junit.AutoTests" name="[266] /home/travis/build/icyphy/ptII/ptolemy/actor/lib/test/auto/PublisherPort6.xml (RunModel)" time="0.014" />
  <testcase classname="ptolemy.util.test.junit.AutoTests" name="[267] /home/travis/build/icyphy/ptII/ptolemy/actor/lib/test/auto/PublisherPort7.xml (RunModel)" time="0.015" />
  <testcase classname="ptolemy.util.test.junit.AutoTests" name="[268] /home/travis/build/icyphy/ptII/ptolemy/actor/lib/test/auto/PublisherPort8.xml (RunModel)" time="0.023" />
  <testcase classname="ptolemy.util.test.junit.AutoTests" name="[269] /home/travis/build/icyphy/ptII/ptolemy/actor/lib/test/auto/PublisherPortSubscriberChannelVariablesAOC2.xml (RunModel)" time="0.031" />
  <testcase classname="ptolemy.util.test.junit.AutoTests" name="[270] /home/travis/build/icyphy/ptII/ptolemy/actor/lib/test/auto/PublisherPortSubscriberOpaqueWidthInference.xml (RunModel)" time="0.013" />
  <testcase classname="ptolemy.util.test.junit.AutoTests" name="[271] /home/travis/build/icyphy/ptII/ptolemy/actor/lib/test/auto/PublisherPortSubscriberPortAdjacent.xml (RunModel)" time="0.017" />
  <testcase classname="ptolemy.util.test.junit.AutoTests" name="[272] /home/travis/build/icyphy/ptII/ptolemy/actor/lib/test/auto/PublisherPortSubscriberPortExpression.xml (RunModel)" time="0.02" />
  <testcase classname="ptolemy.util.test.junit.AutoTests" name="[273] /home/travis/build/icyphy/ptII/ptolemy/actor/lib/test/auto/PublisherPortSubscriberPortOpaqueD3Reverse.xml (RunModel)" time="0.022" />
  <testcase classname="ptolemy.util.test.junit.AutoTests" name="[274] /home/travis/build/icyphy/ptII/ptolemy/actor/lib/test/auto/PublisherPortSubscriberPortOpaqueWidthInference.xml (RunModel)" time="0.014" />
  <testcase classname="ptolemy.util.test.junit.AutoTests" name="[275] /home/travis/build/icyphy/ptII/ptolemy/actor/lib/test/auto/PublisherPortToplevelSubscriberPortAOC.xml (RunModel)" time="0.011" />
  <testcase classname="ptolemy.util.test.junit.AutoTests" name="[276] /home/travis/build/icyphy/ptII/ptolemy/actor/lib/test/auto/PublisherSubscriber.xml (RunModel)" time="0.013" />
  <testcase classname="ptolemy.util.test.junit.AutoTests" name="[277] /home/travis/build/icyphy/ptII/ptolemy/actor/lib/test/auto/PublisherSubscriber10.xml (RunModel)" time="0.019" />
  <testcase classname="ptolemy.util.test.junit.AutoTests" name="[278] /home/travis/build/icyphy/ptII/ptolemy/actor/lib/test/auto/PublisherSubscriber10InitialOutputs.xml (RunModel)" time="0.028" />
  <testcase classname="ptolemy.util.test.junit.AutoTests" name="[279] /home/travis/build/icyphy/ptII/ptolemy/actor/lib/test/auto/PublisherSubscriber11.xml (RunModel)" time="0.02" />
  <testcase classname="ptolemy.util.test.junit.AutoTests" name="[280] /home/travis/build/icyphy/ptII/ptolemy/actor/lib/test/auto/PublisherSubscriber12.xml (RunModel)" time="0.013" />
  <testcase classname="ptolemy.util.test.junit.AutoTests" name="[281] /home/travis/build/icyphy/ptII/ptolemy/actor/lib/test/auto/PublisherSubscriber13.xml (RunModel)" time="0.009" />
  <testcase classname="ptolemy.util.test.junit.AutoTests" name="[282] /home/travis/build/icyphy/ptII/ptolemy/actor/lib/test/auto/PublisherSubscriber14.xml (RunModel)" time="0.028" />
  <testcase classname="ptolemy.util.test.junit.AutoTests" name="[283] /home/travis/build/icyphy/ptII/ptolemy/actor/lib/test/auto/PublisherSubscriber2.xml (RunModel)" time="0.012" />
  <testcase classname="ptolemy.util.test.junit.AutoTests" name="[284] /home/travis/build/icyphy/ptII/ptolemy/actor/lib/test/auto/PublisherSubscriber3.xml (RunModel)" time="0.01" />
  <testcase classname="ptolemy.util.test.junit.AutoTests" name="[285] /home/travis/build/icyphy/ptII/ptolemy/actor/lib/test/auto/PublisherSubscriber4.xml (RunModel)" time="0.011" />
  <testcase classname="ptolemy.util.test.junit.AutoTests" name="[286] /home/travis/build/icyphy/ptII/ptolemy/actor/lib/test/auto/PublisherSubscriber5.xml (RunModel)" time="0.012" />
  <testcase classname="ptolemy.util.test.junit.AutoTests" name="[287] /home/travis/build/icyphy/ptII/ptolemy/actor/lib/test/auto/PublisherSubscriber6.xml (RunModel)" time="0.016" />
  <testcase classname="ptolemy.util.test.junit.AutoTests" name="[288] /home/travis/build/icyphy/ptII/ptolemy/actor/lib/test/auto/PublisherSubscriber7.xml (RunModel)" time="0.018" />
  <testcase classname="ptolemy.util.test.junit.AutoTests" name="[289] /home/travis/build/icyphy/ptII/ptolemy/actor/lib/test/auto/PublisherSubscriber8.xml (RunModel)" time="0.027" />
  <testcase classname="ptolemy.util.test.junit.AutoTests" name="[290] /home/travis/build/icyphy/ptII/ptolemy/actor/lib/test/auto/PublisherSubscriber9.xml (RunModel)" time="0.016" />
  <testcase classname="ptolemy.util.test.junit.AutoTests" name="[291] /home/travis/build/icyphy/ptII/ptolemy/actor/lib/test/auto/PublisherSubscriberAdjacent.xml (RunModel)" time="0.015" />
  <testcase classname="ptolemy.util.test.junit.AutoTests" name="[292] /home/travis/build/icyphy/ptII/ptolemy/actor/lib/test/auto/PublisherSubscriberChannelVariablesAOC2.xml (RunModel)" time="0.035" />
  <testcase classname="ptolemy.util.test.junit.AutoTests" name="[293] /home/travis/build/icyphy/ptII/ptolemy/actor/lib/test/auto/PublisherSubscriberD3.xml (RunModel)" time="0.013" />
  <testcase classname="ptolemy.util.test.junit.AutoTests" name="[294] /home/travis/build/icyphy/ptII/ptolemy/actor/lib/test/auto/PublisherSubscriberD3Reverse.xml (RunModel)" time="0.013" />
  <testcase classname="ptolemy.util.test.junit.AutoTests" name="[295] /home/travis/build/icyphy/ptII/ptolemy/actor/lib/test/auto/PublisherSubscriberExpression.xml (RunModel)" time="0.018" />
  <testcase classname="ptolemy.util.test.junit.AutoTests" name="[296] /home/travis/build/icyphy/ptII/ptolemy/actor/lib/test/auto/PublisherSubscriberOpaque.xml (RunModel)" time="0.021" />
  <testcase classname="ptolemy.util.test.junit.AutoTests" name="[297] /home/travis/build/icyphy/ptII/ptolemy/actor/lib/test/auto/PublisherSubscriberOpaqueD3.xml (RunModel)" time="0.024" />
  <testcase classname="ptolemy.util.test.junit.AutoTests" name="[298] /home/travis/build/icyphy/ptII/ptolemy/actor/lib/test/auto/PublisherSubscriberOpaqueD3Reverse.xml (RunModel)" time="0.02" />
  <testcase classname="ptolemy.util.test.junit.AutoTests" name="[299] /home/travis/build/icyphy/ptII/ptolemy/actor/lib/test/auto/PublisherSubscriberOpaqueWidthInference.xml (RunModel)" time="0.017" />
  <testcase classname="ptolemy.util.test.junit.AutoTests" name="[300] /home/travis/build/icyphy/ptII/ptolemy/actor/lib/test/auto/PublisherTestSubscriber.xml (RunModel)" time="0.018" />
  <testcase classname="ptolemy.util.test.junit.AutoTests" name="[301] /home/travis/build/icyphy/ptII/ptolemy/actor/lib/test/auto/PublisherToplevelSubscriberPortAOC.xml (RunModel)" time="0.012" />
  <testcase classname="ptolemy.util.test.junit.AutoTests" name="[302] /home/travis/build/icyphy/ptII/ptolemy/actor/lib/test/auto/PulseFiringLimitDE.xml (RunModel)" time="0.014" />
  <testcase classname="ptolemy.util.test.junit.AutoTests" name="[303] /home/travis/build/icyphy/ptII/ptolemy/actor/lib/test/auto/Ramp1.xml (RunModel)" time="0.007" />
  <testcase classname="ptolemy.util.test.junit.AutoTests" name="[304] /home/travis/build/icyphy/ptII/ptolemy/actor/lib/test/auto/RampFiringLimitDE.xml (RunModel)" time="0.011" />
  <testcase classname="ptolemy.util.test.junit.AutoTests" name="[305] /home/travis/build/icyphy/ptII/ptolemy/actor/lib/test/auto/RampFiringLimitSDF.xml (RunModel)" time="0.01" />
  <testcase classname="ptolemy.util.test.junit.AutoTests" name="[306] /home/travis/build/icyphy/ptII/ptolemy/actor/lib/test/auto/RandomInteger.xml (RunModel)" time="0.008" />
  <testcase classname="ptolemy.util.test.junit.AutoTests" name="[307] /home/travis/build/icyphy/ptII/ptolemy/actor/lib/test/auto/ReadFile1.xml (RunModel)" time="0.008" />
  <testcase classname="ptolemy.util.test.junit.AutoTests" name="[308] /home/travis/build/icyphy/ptII/ptolemy/actor/lib/test/auto/ReadFile2.xml (RunModel)" time="0.009" />
  <testcase classname="ptolemy.util.test.junit.AutoTests" name="[309] /home/travis/build/icyphy/ptII/ptolemy/actor/lib/test/auto/Reader.xml (RunModel)" time="0.011" />
  <testcase classname="ptolemy.util.test.junit.AutoTests" name="[310] /home/travis/build/icyphy/ptII/ptolemy/actor/lib/test/auto/RecordAssemblerDisplayNameTest.xml (RunModel)" time="4.204" />
  <testcase classname="ptolemy.util.test.junit.AutoTests" name="[311] /home/travis/build/icyphy/ptII/ptolemy/actor/lib/test/auto/RecordAssemblerTypeError.xml (RunModel)" time="0.05" />
  <testcase classname="ptolemy.util.test.junit.AutoTests" name="[312] /home/travis/build/icyphy/ptII/ptolemy/actor/lib/test/auto/RecordDisassember.xml (RunModel)" time="0.021" />
  <testcase classname="ptolemy.util.test.junit.AutoTests" name="[313] /home/travis/build/icyphy/ptII/ptolemy/actor/lib/test/auto/RecordDisassemberDisplayNameTest.xml (RunModel)" time="0.024" />
  <testcase classname="ptolemy.util.test.junit.AutoTests" name="[314] /home/travis/build/icyphy/ptII/ptolemy/actor/lib/test/auto/RecordDisassembler.xml (RunModel)" time="0.013" />
  <testcase classname="ptolemy.util.test.junit.AutoTests" name="[315] /home/travis/build/icyphy/ptII/ptolemy/actor/lib/test/auto/RecordDisassembler2.xml (RunModel)" time="0.012" />
  <testcase classname="ptolemy.util.test.junit.AutoTests" name="[316] /home/travis/build/icyphy/ptII/ptolemy/actor/lib/test/auto/RecordUpdater.xml (RunModel)" time="0.01" />
  <testcase classname="ptolemy.util.test.junit.AutoTests" name="[317] /home/travis/build/icyphy/ptII/ptolemy/actor/lib/test/auto/RecordUpdater2.xml (RunModel)" time="0.01" />
  <testcase classname="ptolemy.util.test.junit.AutoTests" name="[318] /home/travis/build/icyphy/ptII/ptolemy/actor/lib/test/auto/RecursiveLattice.xml (RunModel)" time="0.009" />
  <testcase classname="ptolemy.util.test.junit.AutoTests" name="[319] /home/travis/build/icyphy/ptII/ptolemy/actor/lib/test/auto/Router.xml (RunModel)" time="3.028" />
  <testcase classname="ptolemy.util.test.junit.AutoTests" name="[320] /home/travis/build/icyphy/ptII/ptolemy/actor/lib/test/auto/Router2.xml (RunModel)" time="3.03" />
  <testcase classname="ptolemy.util.test.junit.AutoTests" name="[321] /home/travis/build/icyphy/ptII/ptolemy/actor/lib/test/auto/RunningMaximum.xml (RunModel)" time="0.017" />
  <testcase classname="ptolemy.util.test.junit.AutoTests" name="[322] /home/travis/build/icyphy/ptII/ptolemy/actor/lib/test/auto/RunningMinimum.xml (RunModel)" time="0.019" />
  <testcase classname="ptolemy.util.test.junit.AutoTests" name="[323] /home/travis/build/icyphy/ptII/ptolemy/actor/lib/test/auto/Scale.xml (RunModel)" time="0.007" />
  <testcase classname="ptolemy.util.test.junit.AutoTests" name="[324] /home/travis/build/icyphy/ptII/ptolemy/actor/lib/test/auto/Scale2.xml (RunModel)" time="0.009" />
  <testcase classname="ptolemy.util.test.junit.AutoTests" name="[325] /home/travis/build/icyphy/ptII/ptolemy/actor/lib/test/auto/Scale3.xml (RunModel)" time="0.013" />
  <testcase classname="ptolemy.util.test.junit.AutoTests" name="[326] /home/travis/build/icyphy/ptII/ptolemy/actor/lib/test/auto/ScaleArray.xml (RunModel)" time="0.009" />
  <testcase classname="ptolemy.util.test.junit.AutoTests" name="[327] /home/travis/build/icyphy/ptII/ptolemy/actor/lib/test/auto/ScaleArray2.xml (RunModel)" time="0.007" />
  <testcase classname="ptolemy.util.test.junit.AutoTests" name="[328] /home/travis/build/icyphy/ptII/ptolemy/actor/lib/test/auto/ScaleMatrix.xml (RunModel)" time="0.219" />
  <testcase classname="ptolemy.util.test.junit.AutoTests" name="[329] /home/travis/build/icyphy/ptII/ptolemy/actor/lib/test/auto/Select.xml (RunModel)" time="0.013" />
  <testcase classname="ptolemy.util.test.junit.AutoTests" name="[330] /home/travis/build/icyphy/ptII/ptolemy/actor/lib/test/auto/Select2.xml (RunModel)" time="0.008" />
  <testcase classname="ptolemy.util.test.junit.AutoTests" name="[331] /home/travis/build/icyphy/ptII/ptolemy/actor/lib/test/auto/SequenceToArray2.xml (RunModel)" time="0.125" />
  <testcase classname="ptolemy.util.test.junit.AutoTests" name="[332] /home/travis/build/icyphy/ptII/ptolemy/actor/lib/test/auto/SequentialClock.xml (RunModel)" time="0.011" />
  <testcase classname="ptolemy.util.test.junit.AutoTests" name="[333] /home/travis/build/icyphy/ptII/ptolemy/actor/lib/test/auto/SetVariable.xml (RunModel)" time="0.01" />
  <testcase classname="ptolemy.util.test.junit.AutoTests" name="[334] /home/travis/build/icyphy/ptII/ptolemy/actor/lib/test/auto/SetVariable2.xml (RunModel)" time="0.01" />
  <testcase classname="ptolemy.util.test.junit.AutoTests" name="[335] /home/travis/build/icyphy/ptII/ptolemy/actor/lib/test/auto/SetVariable3.xml (RunModel)" time="0.013" />
  <testcase classname="ptolemy.util.test.junit.AutoTests" name="[336] /home/travis/build/icyphy/ptII/ptolemy/actor/lib/test/auto/SetVariable4.xml (RunModel)" time="0.06" />
  <testcase classname="ptolemy.util.test.junit.AutoTests" name="[337] /home/travis/build/icyphy/ptII/ptolemy/actor/lib/test/auto/SetVariable5.xml (RunModel)" time="0.037" />
  <testcase classname="ptolemy.util.test.junit.AutoTests" name="[338] /home/travis/build/icyphy/ptII/ptolemy/actor/lib/test/auto/Sinewave.xml (RunModel)" time="0.024" />
  <testcase classname="ptolemy.util.test.junit.AutoTests" name="[339] /home/travis/build/icyphy/ptII/ptolemy/actor/lib/test/auto/Sinewave2.xml (RunModel)" time="0.018" />
  <testcase classname="ptolemy.util.test.junit.AutoTests" name="[340] /home/travis/build/icyphy/ptII/ptolemy/actor/lib/test/auto/Sinewave3.xml (RunModel)" time="0.02" />
  <testcase classname="ptolemy.util.test.junit.AutoTests" name="[341] /home/travis/build/icyphy/ptII/ptolemy/actor/lib/test/auto/SingleEvent.xml (RunModel)" time="0.006" />
  <testcase classname="ptolemy.util.test.junit.AutoTests" name="[342] /home/travis/build/icyphy/ptII/ptolemy/actor/lib/test/auto/Sleep.xml (RunModel)" time="6.017" />
  <testcase classname="ptolemy.util.test.junit.AutoTests" name="[343] /home/travis/build/icyphy/ptII/ptolemy/actor/lib/test/auto/SleepMultipleFire.xml (RunModel)" time="1.022" />
  <testcase classname="ptolemy.util.test.junit.AutoTests" name="[344] /home/travis/build/icyphy/ptII/ptolemy/actor/lib/test/auto/StopDE.xml (RunModel)" time="0.016" />
  <testcase classname="ptolemy.util.test.junit.AutoTests" name="[345] /home/travis/build/icyphy/ptII/ptolemy/actor/lib/test/auto/StopSDF.xml (RunModel)" time="0.013" />
  <testcase classname="ptolemy.util.test.junit.AutoTests" name="[346] /home/travis/build/icyphy/ptII/ptolemy/actor/lib/test/auto/StringConstant.xml (RunModel)" time="0.015" />
  <testcase classname="ptolemy.util.test.junit.AutoTests" name="[347] /home/travis/build/icyphy/ptII/ptolemy/actor/lib/test/auto/SubscriberPortInitialValues1.xml (RunModel)" time="0.02" />
  <testcase classname="ptolemy.util.test.junit.AutoTests" name="[348] /home/travis/build/icyphy/ptII/ptolemy/actor/lib/test/auto/SubscriberPortInitialValues13.xml (RunModel)" time="0.028" />
  <testcase classname="ptolemy.util.test.junit.AutoTests" name="[349] /home/travis/build/icyphy/ptII/ptolemy/actor/lib/test/auto/SubscriberPortInitialValues14.xml (RunModel)" time="0.016" />
  <testcase classname="ptolemy.util.test.junit.AutoTests" name="[350] /home/travis/build/icyphy/ptII/ptolemy/actor/lib/test/auto/SubscriberPortInitialValues2.xml (RunModel)" time="0.015" />
  <testcase classname="ptolemy.util.test.junit.AutoTests" name="[351] /home/travis/build/icyphy/ptII/ptolemy/actor/lib/test/auto/SubscriberPortInitialValues3.xml (RunModel)" time="0.016" />
  <testcase classname="ptolemy.util.test.junit.AutoTests" name="[352] /home/travis/build/icyphy/ptII/ptolemy/actor/lib/test/auto/SubscriptionAggregator.xml (RunModel)" time="0.01" />
  <testcase classname="ptolemy.util.test.junit.AutoTests" name="[353] /home/travis/build/icyphy/ptII/ptolemy/actor/lib/test/auto/SubscriptionAggregator2.xml (RunModel)" time="0.011" />
  <testcase classname="ptolemy.util.test.junit.AutoTests" name="[354] /home/travis/build/icyphy/ptII/ptolemy/actor/lib/test/auto/SubscriptionAggregator3.xml (RunModel)" time="0.014" />
  <testcase classname="ptolemy.util.test.junit.AutoTests" name="[355] /home/travis/build/icyphy/ptII/ptolemy/actor/lib/test/auto/SubscriptionAggregatorMultiply.xml (RunModel)" time="0.02" />
  <testcase classname="ptolemy.util.test.junit.AutoTests" name="[356] /home/travis/build/icyphy/ptII/ptolemy/actor/lib/test/auto/SubscriptionAggregatorPortMultiply1.xml (RunModel)" time="0.017" />
  <testcase classname="ptolemy.util.test.junit.AutoTests" name="[357] /home/travis/build/icyphy/ptII/ptolemy/actor/lib/test/auto/Switch.xml (RunModel)" time="0.016" />
  <testcase classname="ptolemy.util.test.junit.AutoTests" name="[358] /home/travis/build/icyphy/ptII/ptolemy/actor/lib/test/auto/Switch2.xml (RunModel)" time="0.012" />
  <testcase classname="ptolemy.util.test.junit.AutoTests" name="[359] /home/travis/build/icyphy/ptII/ptolemy/actor/lib/test/auto/SwitchDE.xml (RunModel)" time="0.012" />
  <testcase classname="ptolemy.util.test.junit.AutoTests" name="[360] /home/travis/build/icyphy/ptII/ptolemy/actor/lib/test/auto/SynchronizerDE.xml (RunModel)" time="0.021" />
  <testcase classname="ptolemy.util.test.junit.AutoTests" name="[361] /home/travis/build/icyphy/ptII/ptolemy/actor/lib/test/auto/Test.xml (RunModel)" time="0.013" />
  <testcase classname="ptolemy.util.test.junit.AutoTests" name="[362] /home/travis/build/icyphy/ptII/ptolemy/actor/lib/test/auto/TestExceptionAttribute1.xml (RunModel)" time="0.007" />
  <testcase classname="ptolemy.util.test.junit.AutoTests" name="[363] /home/travis/build/icyphy/ptII/ptolemy/actor/lib/test/auto/TestExceptionAttribute2.xml (RunModel)" time="0.007" />
  <testcase classname="ptolemy.util.test.junit.AutoTests" name="[364] /home/travis/build/icyphy/ptII/ptolemy/actor/lib/test/auto/TestExceptionAttribute3.xml (RunModel)" time="0.01" />
  <testcase classname="ptolemy.util.test.junit.AutoTests" name="[365] /home/travis/build/icyphy/ptII/ptolemy/actor/lib/test/auto/TestExceptionAttribute4.xml (RunModel)" time="0.007" />
  <testcase classname="ptolemy.util.test.junit.AutoTests" name="[366] /home/travis/build/icyphy/ptII/ptolemy/actor/lib/test/auto/TestExceptionHandler1.xml (RunModel)" time="0.006" />
  <testcase classname="ptolemy.util.test.junit.AutoTests" name="[367] /home/travis/build/icyphy/ptII/ptolemy/actor/lib/test/auto/TestExceptionHandler2.xml (RunModel)" time="0.011" />
  <testcase classname="ptolemy.util.test.junit.AutoTests" name="[368] /home/travis/build/icyphy/ptII/ptolemy/actor/lib/test/auto/TestExceptionHandler3.xml (RunModel)" time="0.005" />
  <testcase classname="ptolemy.util.test.junit.AutoTests" name="[369] /home/travis/build/icyphy/ptII/ptolemy/actor/lib/test/auto/TestExceptionHandler4.xml (RunModel)" time="0.005" />
  <testcase classname="ptolemy.util.test.junit.AutoTests" name="[370] /home/travis/build/icyphy/ptII/ptolemy/actor/lib/test/auto/TestRequireCorrectOrder.xml (RunModel)" time="0.017" />
  <testcase classname="ptolemy.util.test.junit.AutoTests" name="[371] /home/travis/build/icyphy/ptII/ptolemy/actor/lib/test/auto/TestSimple.xml (RunModel)" time="0.007" />
  <testcase classname="ptolemy.util.test.junit.AutoTests" name="[372] /home/travis/build/icyphy/ptII/ptolemy/actor/lib/test/auto/ThrowModelError.xml (RunModel)" time="0.01" />
  <testcase classname="ptolemy.util.test.junit.AutoTests" name="[373] /home/travis/build/icyphy/ptII/ptolemy/actor/lib/test/auto/TimeDelayMicrosteps.xml (RunModel)" time="0.013" />
  <testcase classname="ptolemy.util.test.junit.AutoTests" name="[374] /home/travis/build/icyphy/ptII/ptolemy/actor/lib/test/auto/TimeDelayMicrosteps2.xml (RunModel)" time="0.014" />
  <testcase classname="ptolemy.util.test.junit.AutoTests" name="[375] /home/travis/build/icyphy/ptII/ptolemy/actor/lib/test/auto/TimeDelayMicrosteps3.xml (RunModel)" time="0.012" />
  <testcase classname="ptolemy.util.test.junit.AutoTests" name="[376] /home/travis/build/icyphy/ptII/ptolemy/actor/lib/test/auto/TimeDelayVariableMicrosteps.xml (RunModel)" time="0.012" />
  <testcase classname="ptolemy.util.test.junit.AutoTests" name="[377] /home/travis/build/icyphy/ptII/ptolemy/actor/lib/test/auto/TimeGap.xml (RunModel)" time="0.021" />
  <testcase classname="ptolemy.util.test.junit.AutoTests" name="[378] /home/travis/build/icyphy/ptII/ptolemy/actor/lib/test/auto/TimeGap2.xml (RunModel)" time="0.011" />
  <testcase classname="ptolemy.util.test.junit.AutoTests" name="[379] /home/travis/build/icyphy/ptII/ptolemy/actor/lib/test/auto/TimedSinewave.xml (RunModel)" time="0.054" />
  <testcase classname="ptolemy.util.test.junit.AutoTests" name="[380] /home/travis/build/icyphy/ptII/ptolemy/actor/lib/test/auto/TimedSinewavePhase.xml (RunModel)" time="0.029" />
  <testcase classname="ptolemy.util.test.junit.AutoTests" name="[381] /home/travis/build/icyphy/ptII/ptolemy/actor/lib/test/auto/Timer.xml (RunModel)" time="0.012" />
  <testcase classname="ptolemy.util.test.junit.AutoTests" name="[382] /home/travis/build/icyphy/ptII/ptolemy/actor/lib/test/auto/TriangularDistTestModel.xml (RunModel)" time="0.015" />
  <testcase classname="ptolemy.util.test.junit.AutoTests" name="[383] /home/travis/build/icyphy/ptII/ptolemy/actor/lib/test/auto/TrigFunction.xml (RunModel)" time="0.008" />
  <testcase classname="ptolemy.util.test.junit.AutoTests" name="[384] /home/travis/build/icyphy/ptII/ptolemy/actor/lib/test/auto/TrigFunctionDE.xml (RunModel)" time="0.01" />
  <testcase classname="ptolemy.util.test.junit.AutoTests" name="[385] /home/travis/build/icyphy/ptII/ptolemy/actor/lib/test/auto/TrigFunctionInverse.xml (RunModel)" time="0.009" />
  <testcase classname="ptolemy.util.test.junit.AutoTests" name="[386] /home/travis/build/icyphy/ptII/ptolemy/actor/lib/test/auto/TrigFunctionTan.xml (RunModel)" time="0.007" />
  <testcase classname="ptolemy.util.test.junit.AutoTests" name="[387] /home/travis/build/icyphy/ptII/ptolemy/actor/lib/test/auto/TriggeredClock.xml (RunModel)" time="0.007" />
  <testcase classname="ptolemy.util.test.junit.AutoTests" name="[388] /home/travis/build/icyphy/ptII/ptolemy/actor/lib/test/auto/URLDirectoryReader.xml (RunModel)" time="0.111" />
  <testcase classname="ptolemy.util.test.junit.AutoTests" name="[389] /home/travis/build/icyphy/ptII/ptolemy/actor/lib/test/auto/URLDirectoryReader3.xml (RunModel)" time="1.285" />
  <testcase classname="ptolemy.util.test.junit.AutoTests" name="[390] /home/travis/build/icyphy/ptII/ptolemy/actor/lib/test/auto/UnaryMathFunction.xml (RunModel)" time="0.03" />
  <testcase classname="ptolemy.util.test.junit.AutoTests" name="[391] /home/travis/build/icyphy/ptII/ptolemy/actor/lib/test/auto/Uniform.xml (RunModel)" time="0.01" />
  <testcase classname="ptolemy.util.test.junit.AutoTests" name="[392] /home/travis/build/icyphy/ptII/ptolemy/actor/lib/test/auto/UnionDisassemblerTest.xml (RunModel)" time="0.01" />
  <testcase classname="ptolemy.util.test.junit.AutoTests" name="[393] /home/travis/build/icyphy/ptII/ptolemy/actor/lib/test/auto/UtilityFunctions.xml (RunModel)" time="0.007" />
  <testcase classname="ptolemy.util.test.junit.AutoTests" name="[394] /home/travis/build/icyphy/ptII/ptolemy/actor/lib/test/auto/VariableSleep.xml (RunModel)" time="0.51" />
  <testcase classname="ptolemy.util.test.junit.AutoTests" name="[395] /home/travis/build/icyphy/ptII/ptolemy/actor/lib/test/auto/VectorAssemblerDisassemblerCT.xml (RunModel)" time="0.105" />
  <testcase classname="ptolemy.util.test.junit.AutoTests" name="[396] /home/travis/build/icyphy/ptII/ptolemy/actor/lib/test/auto/VectorAssemblerDisassemblerDE.xml (RunModel)" time="0.013" />
  <testcase classname="ptolemy.util.test.junit.AutoTests" name="[397] /home/travis/build/icyphy/ptII/ptolemy/actor/lib/test/auto/VectorAssemblerDisassemblerSDF.xml (RunModel)" time="0.012" />
  <testcase classname="ptolemy.util.test.junit.AutoTests" name="[398] /home/travis/build/icyphy/ptII/ptolemy/actor/lib/test/auto/WallClockTime.xml (RunModel)" time="1.013" />
  <testcase classname="ptolemy.util.test.junit.AutoTests" name="[399] /home/travis/build/icyphy/ptII/ptolemy/actor/lib/test/auto/WidthTestWithSubscriberPublisher.xml (RunModel)" time="0.037" />
  <testcase classname="ptolemy.util.test.junit.AutoTests" name="[400] /home/travis/build/icyphy/ptII/ptolemy/actor/lib/test/auto/WidthTestWithSubscriberPublisher2.xml (RunModel)" time="0.016" />
  <testcase classname="ptolemy.util.test.junit.AutoTests" name="[401] /home/travis/build/icyphy/ptII/ptolemy/actor/lib/test/auto/WidthTestWithSubscriberPublisher3.xml (RunModel)" time="0.012" />
  <testcase classname="ptolemy.util.test.junit.AutoTests" name="[402] /home/travis/build/icyphy/ptII/ptolemy/actor/lib/test/auto/Writer.xml (RunModel)" time="0.007" />
  <testcase classname="ptolemy.util.test.junit.AutoTests" name="[403] /home/travis/build/icyphy/ptII/ptolemy/actor/lib/test/auto/array.xml (RunModel)" time="0.023" />
  <testcase classname="ptolemy.util.test.junit.AutoTests" name="[404] /home/travis/build/icyphy/ptII/ptolemy/actor/lib/test/auto/array2.xml (RunModel)" time="0.014" />
  <testcase classname="ptolemy.util.test.junit.AutoTests" name="[405] /home/travis/build/icyphy/ptII/ptolemy/actor/lib/test/auto/arrayType.xml (RunModel)" time="0.013" />
  <testcase classname="ptolemy.util.test.junit.AutoTests" name="[406] /home/travis/build/icyphy/ptII/ptolemy/actor/lib/test/auto/arrayType10.xml (RunModel)" time="0.008" />
  <testcase classname="ptolemy.util.test.junit.AutoTests" name="[407] /home/travis/build/icyphy/ptII/ptolemy/actor/lib/test/auto/arrayType11.xml (RunModel)" time="0.008" />
  <testcase classname="ptolemy.util.test.junit.AutoTests" name="[408] /home/travis/build/icyphy/ptII/ptolemy/actor/lib/test/auto/arrayType12.xml (RunModel)" time="0.009" />
  <testcase classname="ptolemy.util.test.junit.AutoTests" name="[409] /home/travis/build/icyphy/ptII/ptolemy/actor/lib/test/auto/arrayType13.xml (RunModel)" time="0.01" />
  <testcase classname="ptolemy.util.test.junit.AutoTests" name="[410] /home/travis/build/icyphy/ptII/ptolemy/actor/lib/test/auto/arrayType14.xml (RunModel)" time="0.01" />
  <testcase classname="ptolemy.util.test.junit.AutoTests" name="[411] /home/travis/build/icyphy/ptII/ptolemy/actor/lib/test/auto/arrayType15.xml (RunModel)" time="0.01" />
  <testcase classname="ptolemy.util.test.junit.AutoTests" name="[412] /home/travis/build/icyphy/ptII/ptolemy/actor/lib/test/auto/arrayType16.xml (RunModel)" time="0.009" />
  <testcase classname="ptolemy.util.test.junit.AutoTests" name="[413] /home/travis/build/icyphy/ptII/ptolemy/actor/lib/test/auto/arrayType17.xml (RunModel)" time="0.009" />
  <testcase classname="ptolemy.util.test.junit.AutoTests" name="[414] /home/travis/build/icyphy/ptII/ptolemy/actor/lib/test/auto/arrayType18.xml (RunModel)" time="0.008" />
  <testcase classname="ptolemy.util.test.junit.AutoTests" name="[415] /home/travis/build/icyphy/ptII/ptolemy/actor/lib/test/auto/arrayType19.xml (RunModel)" time="0.007" />
  <testcase classname="ptolemy.util.test.junit.AutoTests" name="[416] /home/travis/build/icyphy/ptII/ptolemy/actor/lib/test/auto/arrayType2.xml (RunModel)" time="0.009" />
  <testcase classname="ptolemy.util.test.junit.AutoTests" name="[417] /home/travis/build/icyphy/ptII/ptolemy/actor/lib/test/auto/arrayType20.xml (RunModel)" time="0.008" />
  <testcase classname="ptolemy.util.test.junit.AutoTests" name="[418] /home/travis/build/icyphy/ptII/ptolemy/actor/lib/test/auto/arrayType21.xml (RunModel)" time="0.008" />
  <testcase classname="ptolemy.util.test.junit.AutoTests" name="[419] /home/travis/build/icyphy/ptII/ptolemy/actor/lib/test/auto/arrayType22.xml (RunModel)" time="0.009" />
  <testcase classname="ptolemy.util.test.junit.AutoTests" name="[420] /home/travis/build/icyphy/ptII/ptolemy/actor/lib/test/auto/arrayType23.xml (RunModel)" time="0.007" />
  <testcase classname="ptolemy.util.test.junit.AutoTests" name="[421] /home/travis/build/icyphy/ptII/ptolemy/actor/lib/test/auto/arrayType24.xml (RunModel)" time="0.009" />
  <testcase classname="ptolemy.util.test.junit.AutoTests" name="[422] /home/travis/build/icyphy/ptII/ptolemy/actor/lib/test/auto/arrayType25.xml (RunModel)" time="0.008" />
  <testcase classname="ptolemy.util.test.junit.AutoTests" name="[423] /home/travis/build/icyphy/ptII/ptolemy/actor/lib/test/auto/arrayType26.xml (RunModel)" time="0.008" />
  <testcase classname="ptolemy.util.test.junit.AutoTests" name="[424] /home/travis/build/icyphy/ptII/ptolemy/actor/lib/test/auto/arrayType27.xml (RunModel)" time="0.008" />
  <testcase classname="ptolemy.util.test.junit.AutoTests" name="[425] /home/travis/build/icyphy/ptII/ptolemy/actor/lib/test/auto/arrayType28.xml (RunModel)" time="0.009" />
  <testcase classname="ptolemy.util.test.junit.AutoTests" name="[426] /home/travis/build/icyphy/ptII/ptolemy/actor/lib/test/auto/arrayType3.xml (RunModel)" time="0.007" />
  <testcase classname="ptolemy.util.test.junit.AutoTests" name="[427] /home/travis/build/icyphy/ptII/ptolemy/actor/lib/test/auto/arrayType4.xml (RunModel)" time="0.008" />
  <testcase classname="ptolemy.util.test.junit.AutoTests" name="[428] /home/travis/build/icyphy/ptII/ptolemy/actor/lib/test/auto/arrayType5.xml (RunModel)" time="0.007" />
  <testcase classname="ptolemy.util.test.junit.AutoTests" name="[429] /home/travis/build/icyphy/ptII/ptolemy/actor/lib/test/auto/arrayType6.xml (RunModel)" time="0.007" />
  <testcase classname="ptolemy.util.test.junit.AutoTests" name="[430] /home/travis/build/icyphy/ptII/ptolemy/actor/lib/test/auto/arrayType7.xml (RunModel)" time="0.018" />
  <testcase classname="ptolemy.util.test.junit.AutoTests" name="[431] /home/travis/build/icyphy/ptII/ptolemy/actor/lib/test/auto/arrayType8.xml (RunModel)" time="0.008" />
  <testcase classname="ptolemy.util.test.junit.AutoTests" name="[432] /home/travis/build/icyphy/ptII/ptolemy/actor/lib/test/auto/arrayType9.xml (RunModel)" time="0.012" />
  <testcase classname="ptolemy.util.test.junit.AutoTests" name="[433] /home/travis/build/icyphy/ptII/ptolemy/actor/lib/test/auto/cast.xml (RunModel)" time="0.008" />
  <testcase classname="ptolemy.util.test.junit.AutoTests" name="[434] /home/travis/build/icyphy/ptII/ptolemy/actor/lib/test/auto/compositeMultiPort.xml (RunModel)" time="0.015" />
  <testcase classname="ptolemy.util.test.junit.AutoTests" name="[435] /home/travis/build/icyphy/ptII/ptolemy/actor/lib/test/auto/expressionCastInference.xml (RunModel)" time="0.007" />
  <testcase classname="ptolemy.util.test.junit.AutoTests" name="[436] /home/travis/build/icyphy/ptII/ptolemy/actor/lib/test/auto/expressionCastInference2.xml (RunModel)" time="0.007" />
  <testcase classname="ptolemy.util.test.junit.AutoTests" name="[437] /home/travis/build/icyphy/ptII/ptolemy/actor/lib/test/auto/expressionInference.xml (RunModel)" time="0.042" />
  <testcase classname="ptolemy.util.test.junit.AutoTests" name="[438] /home/travis/build/icyphy/ptII/ptolemy/actor/lib/test/auto/expression_bug.xml (RunModel)" time="0.028" />
  <testcase classname="ptolemy.util.test.junit.AutoTests" name="[439] /home/travis/build/icyphy/ptII/ptolemy/actor/lib/test/auto/factorial.xml (RunModel)" time="0.101" />
  <testcase classname="ptolemy.util.test.junit.AutoTests" name="[440] /home/travis/build/icyphy/ptII/ptolemy/actor/lib/test/auto/filterTest1.xml (RunModel)" time="0.054" />
  <testcase classname="ptolemy.util.test.junit.AutoTests" name="[441] /home/travis/build/icyphy/ptII/ptolemy/actor/lib/test/auto/funcApplyInConst.xml (RunModel)" time="0.034" />
  <testcase classname="ptolemy.util.test.junit.AutoTests" name="[442] /home/travis/build/icyphy/ptII/ptolemy/actor/lib/test/auto/funcApplyInExpr.xml (RunModel)" time="0.006" />
  <testcase classname="ptolemy.util.test.junit.AutoTests" name="[443] /home/travis/build/icyphy/ptII/ptolemy/actor/lib/test/auto/function.xml (RunModel)" time="0.01" />
  <testcase classname="ptolemy.util.test.junit.AutoTests" name="[444] /home/travis/build/icyphy/ptII/ptolemy/actor/lib/test/auto/function2.xml (RunModel)" time="0.008" />
  <testcase classname="ptolemy.util.test.junit.AutoTests" name="[445] /home/travis/build/icyphy/ptII/ptolemy/actor/lib/test/auto/function3.xml (RunModel)" time="0.007" />
  <testcase classname="ptolemy.util.test.junit.AutoTests" name="[446] /home/travis/build/icyphy/ptII/ptolemy/actor/lib/test/auto/functionClosureTest1.xml (RunModel)" time="0.01" />
  <testcase classname="ptolemy.util.test.junit.AutoTests" name="[447] /home/travis/build/icyphy/ptII/ptolemy/actor/lib/test/auto/functionClosureTest2.xml (RunModel)" time="0.006" />
  <testcase classname="ptolemy.util.test.junit.AutoTests" name="[448] /home/travis/build/icyphy/ptII/ptolemy/actor/lib/test/auto/functionClosureTest3.xml (RunModel)" time="0.018" />
  <testcase classname="ptolemy.util.test.junit.AutoTests" name="[449] /home/travis/build/icyphy/ptII/ptolemy/actor/lib/test/auto/functionClosureTest4.xml (RunModel)" time="0.021" />
  <testcase classname="ptolemy.util.test.junit.AutoTests" name="[450] /home/travis/build/icyphy/ptII/ptolemy/actor/lib/test/auto/functionClosureTest5.xml (RunModel)" time="0.011" />
  <testcase classname="ptolemy.util.test.junit.AutoTests" name="[451] /home/travis/build/icyphy/ptII/ptolemy/actor/lib/test/auto/functionClosureTest6.xml (RunModel)" time="0.007" />
  <testcase classname="ptolemy.util.test.junit.AutoTests" name="[452] /home/travis/build/icyphy/ptII/ptolemy/actor/lib/test/auto/functionsOnArcs.xml (RunModel)" time="0.009" />
  <testcase classname="ptolemy.util.test.junit.AutoTests" name="[453] /home/travis/build/icyphy/ptII/ptolemy/actor/lib/test/auto/functionsOnArcsHOF.xml (RunModel)" time="0.014" />
  <testcase classname="ptolemy.util.test.junit.AutoTests" name="[454] /home/travis/build/icyphy/ptII/ptolemy/actor/lib/test/auto/logic.xml (RunModel)" time="0.017" />
  <testcase classname="ptolemy.util.test.junit.AutoTests" name="[455] /home/travis/build/icyphy/ptII/ptolemy/actor/lib/test/auto/matrixType.xml (RunModel)" time="0.008" />
  <testcase classname="ptolemy.util.test.junit.AutoTests" name="[456] /home/travis/build/icyphy/ptII/ptolemy/actor/lib/test/auto/matrixType10.xml (RunModel)" time="0.008" />
  <testcase classname="ptolemy.util.test.junit.AutoTests" name="[457] /home/travis/build/icyphy/ptII/ptolemy/actor/lib/test/auto/matrixType11.xml (RunModel)" time="0.007" />
  <testcase classname="ptolemy.util.test.junit.AutoTests" name="[458] /home/travis/build/icyphy/ptII/ptolemy/actor/lib/test/auto/matrixType12.xml (RunModel)" time="0.01" />
  <testcase classname="ptolemy.util.test.junit.AutoTests" name="[459] /home/travis/build/icyphy/ptII/ptolemy/actor/lib/test/auto/matrixType13.xml (RunModel)" time="0.008" />
  <testcase classname="ptolemy.util.test.junit.AutoTests" name="[460] /home/travis/build/icyphy/ptII/ptolemy/actor/lib/test/auto/matrixType14.xml (RunModel)" time="0.012" />
  <testcase classname="ptolemy.util.test.junit.AutoTests" name="[461] /home/travis/build/icyphy/ptII/ptolemy/actor/lib/test/auto/matrixType2.xml (RunModel)" time="0.01" />
  <testcase classname="ptolemy.util.test.junit.AutoTests" name="[462] /home/travis/build/icyphy/ptII/ptolemy/actor/lib/test/auto/matrixType3.xml (RunModel)" time="0.012" />
  <testcase classname="ptolemy.util.test.junit.AutoTests" name="[463] /home/travis/build/icyphy/ptII/ptolemy/actor/lib/test/auto/matrixType4.xml (RunModel)" time="0.009" />
  <testcase classname="ptolemy.util.test.junit.AutoTests" name="[464] /home/travis/build/icyphy/ptII/ptolemy/actor/lib/test/auto/matrixType5.xml (RunModel)" time="0.009" />
  <testcase classname="ptolemy.util.test.junit.AutoTests" name="[465] /home/travis/build/icyphy/ptII/ptolemy/actor/lib/test/auto/matrixType6.xml (RunModel)" time="0.008" />
  <testcase classname="ptolemy.util.test.junit.AutoTests" name="[466] /home/travis/build/icyphy/ptII/ptolemy/actor/lib/test/auto/matrixType7.xml (RunModel)" time="0.008" />
  <testcase classname="ptolemy.util.test.junit.AutoTests" name="[467] /home/travis/build/icyphy/ptII/ptolemy/actor/lib/test/auto/matrixType8.xml (RunModel)" time="0.009" />
  <testcase classname="ptolemy.util.test.junit.AutoTests" name="[468] /home/travis/build/icyphy/ptII/ptolemy/actor/lib/test/auto/matrixType9.xml (RunModel)" time="0.007" />
  <testcase classname="ptolemy.util.test.junit.AutoTests" name="[469] /home/travis/build/icyphy/ptII/ptolemy/actor/lib/test/auto/paraFunctest.xml (RunModel)" time="0.007" />
  <testcase classname="ptolemy.util.test.junit.AutoTests" name="[470] /home/travis/build/icyphy/ptII/ptolemy/actor/lib/test/auto/paraFunctest2.xml (RunModel)" time="0.012" />
  <testcase classname="ptolemy.util.test.junit.AutoTests" name="[471] /home/travis/build/icyphy/ptII/ptolemy/actor/lib/test/auto/parameterPassing.xml (RunModel)" time="0.012" />
  <testcase classname="ptolemy.util.test.junit.AutoTests" name="[472] /home/travis/build/icyphy/ptII/ptolemy/actor/lib/test/auto/record.xml (RunModel)" time="0.009" />
  <testcase classname="ptolemy.util.test.junit.AutoTests" name="[473] /home/travis/build/icyphy/ptII/ptolemy/actor/lib/test/auto/sizedarray1.xml (RunModel)" time="0.01" />
  <testcase classname="ptolemy.util.test.junit.AutoTests" name="[474] /home/travis/build/icyphy/ptII/ptolemy/actor/lib/test/auto/sizedarray2.xml (RunModel)" time="0.009" />
  <testcase classname="ptolemy.util.test.junit.AutoTests" name="[475] /home/travis/build/icyphy/ptII/ptolemy/actor/lib/test/auto/twoPublishers.xml (RunModel)" time="0.025" />
  <system-out><![CDATA[/home/travis/build/icyphy/ptII/ptolemy/actor/lib/test/AbsoluteValue.tcl
testDefs.tcl: setting time out to 9000 seconds at Thu Apr 23 14:01:24 UTC 2020
84 ms. Memory: 129024K Free: 92599K (72%)
4 ms. Memory: 129024K Free: 90535K (70%)
4 ms. Memory: 129024K Free: 90054K (70%)
4 ms. Memory: 129024K Free: 89032K (69%)
/home/travis/build/icyphy/ptII/ptolemy/actor/lib/test/AddSubtract.tcl
14 ms. Memory: 129024K Free: 86984K (67%)
5 ms. Memory: 129024K Free: 86439K (67%)
9 ms. Memory: 129024K Free: 85446K (66%)
14 ms. Memory: 129024K Free: 84936K (66%)
90 ms. Memory: 129024K Free: 81864K (63%)
9 ms. Memory: 129024K Free: 80840K (63%)
/home/travis/build/icyphy/ptII/ptolemy/actor/lib/test/Average.tcl
16 ms. Memory: 129024K Free: 79302K (61%)
16 ms. Memory: 129024K Free: 78278K (61%)
/home/travis/build/icyphy/ptII/ptolemy/actor/lib/test/Bernoulli.tcl
5 ms. Memory: 129024K Free: 76744K (59%)
1 ms. Memory: 129024K Free: 76215K (59%)
/home/travis/build/icyphy/ptII/ptolemy/actor/lib/test/Clock.tcl
preinitializing
resolving types
initializing
executing number 1
wrapping up
idle
19 ms. Memory: 129024K Free: 73672K (57%)
Completed execution with 5 iterations
preinitializing
resolving types
initializing
executing number 1
wrapping up
idle
4 ms. Memory: 129024K Free: 72648K (56%)
Completed execution with 5 iterations
preinitializing
resolving types
initializing
executing number 1
wrapping up
idle
11 ms. Memory: 129024K Free: 72119K (56%)
Completed execution with 5 iterations
/home/travis/build/icyphy/ptII/ptolemy/actor/lib/test/Commutator.tcl
16 ms. Memory: 129024K Free: 70055K (54%)
14 ms. Memory: 129024K Free: 69031K (54%)
18 ms. Memory: 129024K Free: 63432K (49%)
/home/travis/build/icyphy/ptII/ptolemy/actor/lib/test/Const.tcl
10 ms. Memory: 129024K Free: 61879K (48%)
4 ms. Memory: 129024K Free: 61384K (48%)
5 ms. Memory: 129024K Free: 60855K (47%)
6 ms. Memory: 129024K Free: 60360K (47%)
9 ms. Memory: 129024K Free: 59846K (46%)
22 ms. Memory: 129024K Free: 57798K (45%)
5 ms. Memory: 129024K Free: 56759K (44%)
3 ms. Memory: 129024K Free: 56264K (44%)
/home/travis/build/icyphy/ptII/ptolemy/actor/lib/test/CurrentTime.tcl
preinitializing
resolving types
initializing
executing number 1
wrapping up
idle
7 ms. Memory: 129024K Free: 54216K (42%)
Completed execution with 11 iterations
/home/travis/build/icyphy/ptII/ptolemy/actor/lib/test/DB.tcl
7 ms. Memory: 129024K Free: 52663K (41%)
2 ms. Memory: 129024K Free: 52168K (40%)
2 ms. Memory: 129024K Free: 51654K (40%)
/home/travis/build/icyphy/ptII/ptolemy/actor/lib/test/DiscreteRandomSource.tcl
preinitializing
resolving types
initializing
executing number 1
wrapping up
idle
4 ms. Memory: 129024K Free: 50120K (39%)
Completed execution with 4 iterations
preinitializing
resolving types
initializing
executing number 1
wrapping up
idle
2 ms. Memory: 129024K Free: 49599K (38%)
Completed execution with 4 iterations
preinitializing
resolving types
initializing
executing number 1
wrapping up
idle
2 ms. Memory: 129024K Free: 49096K (38%)
Completed execution with 4 iterations
preinitializing
resolving types
initializing
executing number 1
wrapping up
idle
3 ms. Memory: 129024K Free: 48567K (38%)
Completed execution with 4 iterations
preinitializing
resolving types
initializing
executing number 1
wrapping up
idle
3 ms. Memory: 129024K Free: 48072K (37%)
Completed execution with 4 iterations
/home/travis/build/icyphy/ptII/ptolemy/actor/lib/test/Distributor.tcl
4 ms. Memory: 129024K Free: 113215K (88%)
17 ms. Memory: 129024K Free: 112735K (87%)
StreamChangeRequest.changeExecuted(): <deleteEntity name="rec2"/> succeeded
StreamChangeRequest.changeExecuted(): <deleteRelation name="r2"/> succeeded
StreamChangeRequest.changeExecuted(): Record firings per iteration succeeded
4 ms. Memory: 129024K Free: 110135K (85%)
/home/travis/build/icyphy/ptII/ptolemy/actor/lib/test/Exit.tcl
Exit.tcl: this will print a message about Manager.exitAfterWrapup, which can be ignored.
4 ms. Memory: 129024K Free: 107054K (83%)
/home/travis/build/icyphy/ptII/ptolemy/actor/lib/test/Expression.tcl
17 ms. Memory: 129024K Free: 103521K (80%)
7 ms. Memory: 129024K Free: 102953K (80%)
4 ms. Memory: 129024K Free: 102415K (79%)
preinitializing
resolving types
initializing
executing number 1
wrapping up
idle
13 ms. Memory: 129024K Free: 100905K (78%)
Completed execution with 6 iterations
8 ms. Memory: 129024K Free: 99889K (77%)
2 ms. Memory: 129024K Free: 98879K (77%)
9 ms. Memory: 129024K Free: 97833K (76%)
6 ms. Memory: 129024K Free: 96817K (75%)
8 ms. Memory: 129024K Free: 95297K (74%)
/home/travis/build/icyphy/ptII/ptolemy/actor/lib/test/Gaussian.tcl
8 ms. Memory: 129024K Free: 93759K (73%)
sleeping 1 seconds: ...........................................................................................................................................................................................................................................................................................................................................................................................................................................................................................................................................................................................................................................................................................................................................................................................................................................................................................................................................................................................................................................................................................................................................................................................................................................................................................................................................................................................................................................................................................................................................................................................................................................................................................................................................................................................................................................................................................................................................................................................................................................................................................................................................................................................................................................................................................................................................................................................................................................................................................................................................................................................................................................................................................................................................................................................................................................................................................................................................................................................................................................................................................................................................................................................................................................................................................................................................................................................................................................................................................................................................................................................................................................................................................................................................................................................................................................................................................................................................................................................................................................................................................................................................................................................................................................................................................................................................................................................................................................................................................................................................................................................................................................................................................................................................................................................................................................................................................................................................................................................................................................................................................................................................................................................................................................................................................................................................................................................................................................................................................................................................................................................................................................................................................................................................................................................................................................................................................................................................................................................................................................................................................................................................................................................................................................................................................................................................................................................................................................................................................................................................................................................................................................................................................................................................................................................................................................................................................................................................................................................................................................................................................................................................................................................................................................................................................................................................................................................................................................................................................................................................................................................................................................................................................................................................................................................................................................................................................................................................................................................................................................................................................................................................................................................................................................................................................................................................................................................................................................................................................................................................................................................................................................................................................................................................................................................................................................................................................................................................................................................................................................................................................................................................................................................................................................................................................................................................................................................................................................................................................................................................................................................................................................................................................................................................................................................................................................................................................................................................................................................................................................................................................................................................................................................................................................................................................................................................................................................................................................................................................................................................................................................................................................................................................................................................................................................................................................................................................................................................................................................................................................................................................................................................................................................................................................................................................................................................................................................................................................................................................................................................................................................................................................................................................................................................................................................................................................................................................................................................................................................................................................................................................................................................................................................................................................................................................................................................................................................................................................................................................................................................................................................................................................................................................................................................................................................................................................................................................................................................................................................................................................................................................................................................................................................................................................................................................................................................................................................................................................................................................................................................................................................................................................................................................................................................................................................................................................................................................................................................................................................................................................................................................................................................................................................................................................................................................................................................................................................................................................................................................................................................................................................................................................................................................................................................................................................................................................................................................................................................................................................................................................................................................................................................................................................................................................................................................................................................................................................................................................................................................................................................................................................................................................................................................................................................................................................................................................................................................................................................................................................................................................................................................................................................................................................................................................................................................................................................................................................................................................................................................................................................................................................................................................................................................................................................................................................................................................................................................................................................................................................................................................................................................................................................................................................................................................................................................................................................................................................................................................................................................................................................................................................................................................................................................................................................................................................................................................................................................................................................................................................................................................................................................................................................................................................................................................................................................................................................................................................................................................................................................................................................................................................................................................................................................................................................................................................................................................................................................................................................................................................................................................................................................................................................................................................................................................................................................................................................................................................................................................................................................................................................................................................................................................................................................................................................................................................................................................................................................................................................................................................................................................................................................................................................................................................................................................................................................................................................................................................................................................................................................................................................................................................................................................................................................................................................................................................................................................................................................................................................................................................................................................................................................................................................................................................................................................................................................................................................................................................................................................................................................................................................................................................................................................................................................................................................................................................................................................................................................................................................................................................................................................................................................................................................................................................................................................................................................................................................................................................................................................................................................................................................................................................................................................................................................................................................................................................................................................................................................................................................................................................................................................................................................................................................................................................................................................................................................................................................................................................................................................................................................................................................................................................................................................................................................................................................................................................................................................................................................................................................................................................................................................................................................................................................................................................................................................................................................................................................................................................................................................................................................................................................................................................................................................................................................................................................................................................................................................................................................................................................................................................................................................................................................................................................................................................................................................................................................................................................................................................................................................................................................................................................................................................................................................................................................................................................................................................................................................................................................................................................................................................................................................................................................................................................................................................................................................................................................................................................................................................................................................................................................................................................................................................................................................................................................................................................................................................................................................................................................................................................................................................................................................................................................................................................................................................................................................................................................................................................................................................................................................................................................................................................................................................................................................................................................................................................................................................................................................................................................................................................................................................................................................................................................................................................................................................................................................................................................................................................................................................................................................................................................................................................................................................................................................................................................................................................................................................................................................................................................................................................................................................................................................................................................................................................................................................................................................................................................................................................................................................................................................................................................................................................................................................................................................................................................................................................................................................................................................................................................................................................................................................................................................................................................................................................................................................................................................................................................................................................................................................................................................................................................................................................................................................................................................................................................................................................................................................................................................................................................................................................................................................................................................................................................................................................................................................................................................................................................................................................................................................................................................................................................................................................................................................................................................................................................................................................................................................................................................................................................................................................................................................................................................................................................................................................................................................................................................................................................................................................................................................................................................................................................................................................................................................................................................................................................................................................................................................................................................................................................................................................................................................................................................................................................................................................................................................................................................................................................................................................................................................................................................................................................................................................................................................................................................................................................................................................................................................................................................................................................................................................................................................................................................................................................................................................................................................................................................................................................................................................................................................................................................................................................................................................................................................................................................................................................................................................................................................................................................................................................................................................................................................................................................................................................................................................................................................................................................................................................................................................................................................................................................................................................................................................3 ms. Memory: 129024K Free: 59326K (46%)
3 ms. Memory: 129024K Free: 58302K (45%)
2 ms. Memory: 129024K Free: 57792K (45%)
3 ms. Memory: 129024K Free: 57106K (44%)
3 ms. Memory: 129024K Free: 56248K (44%)
/home/travis/build/icyphy/ptII/ptolemy/actor/lib/test/IIR.tcl
/home/travis/build/icyphy/ptII/ptolemy/actor/lib/test/Interpolator.tcl
3 ms. Memory: 129024K Free: 112867K (87%)
1 ms. Memory: 129024K Free: 112353K (87%)
1 ms. Memory: 129024K Free: 111315K (86%)
1 ms. Memory: 129024K Free: 110819K (86%)
2 ms. Memory: 129024K Free: 110291K (85%)
1 ms. Memory: 129024K Free: 109267K (85%)
2 ms. Memory: 129024K Free: 108257K (84%)
8 ms. Memory: 129024K Free: 107219K (83%)
2 ms. Memory: 129024K Free: 106723K (83%)
5 ms. Memory: 129024K Free: 105699K (82%)
/home/travis/build/icyphy/ptII/ptolemy/actor/lib/test/MathFunction.tcl
8 ms. Memory: 129024K Free: 103651K (80%)
3 ms. Memory: 129024K Free: 102627K (80%)
2 ms. Memory: 129024K Free: 101603K (79%)
2 ms. Memory: 129024K Free: 100579K (78%)
3 ms. Memory: 129024K Free: 99555K (77%)
6 ms. Memory: 129024K Free: 97507K (76%)
/home/travis/build/icyphy/ptII/ptolemy/actor/lib/test/Maximum.tcl
4 ms. Memory: 129024K Free: 95459K (74%)
2 ms. Memory: 129024K Free: 94931K (74%)
2 ms. Memory: 129024K Free: 94435K (73%)
3 ms. Memory: 129024K Free: 93411K (72%)
/home/travis/build/icyphy/ptII/ptolemy/actor/lib/test/Minimum.tcl
4 ms. Memory: 129024K Free: 91859K (71%)
2 ms. Memory: 129024K Free: 91363K (71%)
2 ms. Memory: 129024K Free: 90339K (70%)
3 ms. Memory: 129024K Free: 89811K (70%)
/home/travis/build/icyphy/ptII/ptolemy/actor/lib/test/MultiplyDivide.tcl
5 ms. Memory: 129024K Free: 87777K (68%)
3 ms. Memory: 129024K Free: 87267K (68%)
2 ms. Memory: 129024K Free: 86739K (67%)
3 ms. Memory: 129024K Free: 85729K (66%)
2 ms. Memory: 129024K Free: 85219K (66%)
/home/travis/build/icyphy/ptII/ptolemy/actor/lib/test/OrderedMerge.tcl
Connections changed on port: inputA
Connections changed on port: inputB
Connections changed on port: output
Connections changed on port: output
Connections changed on port: output
Connections changed on port: input
.top. Preinitializing ...
Invoking preinitialize():  .top.OrderedMerge
Called preinitialize()
Invoking preinitialize():  .top.Ramp
Called preinitialize()
Invoking preinitialize():  .top.Ramp2
Called preinitialize()
Invoking preinitialize():  .top.Test
Called preinitialize()
Connections changed on port: inputA
Connections changed on port: output
Connections changed on port: output
Connections changed on port: input
Connections changed on port: inputB
Connections changed on port: output
.top. Finished preinitialize().
Called initialize().
Invoking initialize():  .top.OrderedMerge
Initializing actor: .top.OrderedMerge
Adding a thread: .top.OrderedMerge
Invoking initialize():  .top.Ramp
Initializing actor: .top.Ramp
Adding a thread: .top.Ramp
Invoking initialize():  .top.Ramp2
Initializing actor: .top.Ramp2
Adding a thread: .top.Ramp2
Invoking initialize():  .top.Test
Initializing actor: .top.Test
Adding a thread: .top.Test
Called fire().
Checking for deadlock:
-- Starting thread.
Called initialize()
Called prefire()
Called fire()
-- Starting thread.
Called initialize()
Called prefire()
Called fire()
-- Starting thread.
Called initialize()
Called prefire()
Called fire()
There are 0 Blocked actors, 0 Stopped actors, and 4 active threads.
Waiting for actors to stop.
Called postfire()
Called prefire()
Called fire()
Called postfire()
Called prefire()
Called fire()
-- Starting thread.
Called initialize()
Called prefire()
Called fire()
Read input token from inputA with value 0.0
Next port to read input from is inputB
Called postfire()
Called prefire()
Called fire()
Read input token from inputB with value 0.0
Sent output token with value 0.0
Next port to read input from is inputA
Called postfire()
Called prefire()
Called fire()
Checking for deadlock:
There are 1 Blocked actors, 0 Stopped actors, and 4 active threads.
Waiting for actors to stop.
Called postfire()
Called prefire()
Called fire()
Called postfire()
Called prefire()
Called fire()
-- Read input: 0.0, which is expected to match: 0.0
Called prefire()
Called fire()
Checking for deadlock:
There are 3 Blocked actors, 0 Stopped actors, and 4 active threads.
Waiting for actors to stop.
Read input token from inputA with value 1.0
Sent output token with value 0.0
Next port to read input from is inputB
Called postfire()
Called prefire()
Called fire()
Read input token from inputB with value 1.5
Checking for deadlock:
There are 1 Blocked actors, 0 Stopped actors, and 4 active threads.
Waiting for actors to stop.
Called postfire()
Called prefire()
Called fire()
Called postfire()
Called prefire()
Called fire()
-- Read input: 0.0, which is expected to match: 0.0
Called prefire()
Called fire()
Checking for deadlock:
There are 3 Blocked actors, 0 Stopped actors, and 4 active threads.
Waiting for actors to stop.
-- Read input: 1.0, which is expected to match: 1.0
Called prefire()
Called fire()
Sent output token with value 1.0
Next port to read input from is inputA
Called postfire()
Called prefire()
Called fire()
Read input token from inputA with value 2.0
Sent output token with value 1.5
Next port to read input from is inputB
Called postfire()
Called prefire()
Called fire()
Read input token from inputB with value 3.0
Checking for deadlock:
There are 1 Blocked actors, 0 Stopped actors, and 4 active threads.
Waiting for actors to stop.
Called postfire()
Called prefire()
Called fire()
Called postfire()
Called prefire()
Called fire()
-- Read input: 1.5, which is expected to match: 1.5
Called prefire()
Called fire()
Checking for deadlock:
There are 3 Blocked actors, 0 Stopped actors, and 4 active threads.
Waiting for actors to stop.
-- Read input: 2.0, which is expected to match: 2.0
Called prefire()
Called fire()
Sent output token with value 2.0
Next port to read input from is inputA
Called postfire()
Called prefire()
Called fire()
Read input token from inputA with value 3.0
Sent output token with value 3.0
Next port to read input from is inputB
Called postfire()
Called prefire()
Called fire()
Read input token from inputB with value 4.5
Checking for deadlock:
There are 1 Blocked actors, 0 Stopped actors, and 4 active threads.
Waiting for actors to stop.
Called postfire()
Called prefire()
Called fire()
Called postfire()
Called prefire()
Called fire()
-- Read input: 3.0, which is expected to match: 3.0
Called prefire()
Called fire()
Checking for deadlock:
There are 3 Blocked actors, 0 Stopped actors, and 4 active threads.
Waiting for actors to stop.
-- Read input: 3.0, which is expected to match: 3.0
Called prefire()
Called fire()
Sent output token with value 3.0
Next port to read input from is inputA
Called postfire()
Called prefire()
Called fire()
Read input token from inputA with value 4.0
Sent output token with value 4.0
Next port to read input from is inputA
Called postfire()
Called prefire()
Called fire()
Checking for deadlock:
There are 2 Blocked actors, 0 Stopped actors, and 4 active threads.
Waiting for actors to stop.
Called postfire()
Called prefire()
Called fire()
-- Read input: 4.0, which is expected to match: 4.0
Called prefire()
Called fire()
Past the end of training data. Read and discard all inputs.
Checking for deadlock:
There are 3 Blocked actors, 0 Stopped actors, and 4 active threads.
Waiting for actors to stop.
Called postfire()
Called prefire()
Called fire()
Checking for deadlock:
There are 3 Blocked actors, 0 Stopped actors, and 4 active threads.
Waiting for actors to stop.
Read input token from inputA with value 5.0
Called prefire()
Called fire()
Past the end of training data. Read and discard all inputs.
Checking for deadlock:
There are 3 Blocked actors, 0 Stopped actors, and 4 active threads.
Waiting for actors to stop.
Sent output token with value 4.5
Next port to read input from is inputB
Called postfire()
Called prefire()
Called fire()
Called postfire()
Called prefire()
Called fire()
Checking for deadlock:
There are 3 Blocked actors, 0 Stopped actors, and 4 active threads.
Waiting for actors to stop.
Read input token from inputB with value 6.0
Called prefire()
Called fire()
Past the end of training data. Read and discard all inputs.
Checking for deadlock:
There are 3 Blocked actors, 0 Stopped actors, and 4 active threads.
Waiting for actors to stop.
Sent output token with value 5.0
Next port to read input from is inputA
Called postfire()
Called prefire()
Called fire()
Checking for deadlock:
There are 2 Blocked actors, 0 Stopped actors, and 4 active threads.
Waiting for actors to stop.
Called postfire()
Called prefire()
Called fire()
Checking for deadlock:
There are 3 Blocked actors, 0 Stopped actors, and 4 active threads.
Waiting for actors to stop.
Read input token from inputA with value 6.0
Checking for deadlock:
There are 2 Blocked actors, 0 Stopped actors, and 4 active threads.
Waiting for actors to stop.
Called prefire()
Called fire()
Past the end of training data. Read and discard all inputs.
Checking for deadlock:
There are 3 Blocked actors, 0 Stopped actors, and 4 active threads.
Waiting for actors to stop.
Sent output token with value 6.0
Next port to read input from is inputB
Called postfire()
Called prefire()
Called fire()
Called postfire()
Called prefire()
Called fire()
Checking for deadlock:
There are 3 Blocked actors, 0 Stopped actors, and 4 active threads.
Waiting for actors to stop.
Read input token from inputB with value 7.5
Called prefire()
Called fire()
Past the end of training data. Read and discard all inputs.
Checking for deadlock:
There are 3 Blocked actors, 0 Stopped actors, and 4 active threads.
Waiting for actors to stop.
Sent output token with value 6.0
Next port to read input from is inputA
Called postfire()
Called prefire()
Called fire()
Checking for deadlock:
There are 2 Blocked actors, 0 Stopped actors, and 4 active threads.
Waiting for actors to stop.
Called postfire()
Called prefire()
Called fire()
Checking for deadlock:
There are 3 Blocked actors, 0 Stopped actors, and 4 active threads.
Waiting for actors to stop.
Read input token from inputA with value 7.0
Checking for deadlock:
There are 2 Blocked actors, 0 Stopped actors, and 4 active threads.
Waiting for actors to stop.
Called prefire()
Called fire()
Past the end of training data. Read and discard all inputs.
Checking for deadlock:
There are 3 Blocked actors, 0 Stopped actors, and 4 active threads.
Waiting for actors to stop.
Sent output token with value 7.0
Next port to read input from is inputA
Called postfire()
Called prefire()
Called fire()
Checking for deadlock:
There are 2 Blocked actors, 0 Stopped actors, and 4 active threads.
Waiting for actors to stop.
-- Thread wrapup() called.
Called wrapup()
Thread .top.Ramp is exiting.
-- Thread stopped.
Checking for deadlock:
There are 2 Blocked actors, 0 Stopped actors, and 3 active threads.
Waiting for actors to stop.
Read input token from inputA with value 8.0
Called prefire()
Called fire()
Past the end of training data. Read and discard all inputs.
Checking for deadlock:
There are 2 Blocked actors, 0 Stopped actors, and 3 active threads.
Waiting for actors to stop.
Sent output token with value 7.5
Next port to read input from is inputB
Called postfire()
Called prefire()
Called fire()
Checking for deadlock:
There are 1 Blocked actors, 0 Stopped actors, and 3 active threads.
Waiting for actors to stop.
Called postfire()
Called prefire()
Called fire()
Checking for deadlock:
There are 2 Blocked actors, 0 Stopped actors, and 3 active threads.
Waiting for actors to stop.
Read input token from inputB with value 9.0
Checking for deadlock:
There are 1 Blocked actors, 0 Stopped actors, and 3 active threads.
Waiting for actors to stop.
Called prefire()
Called fire()
Past the end of training data. Read and discard all inputs.
Checking for deadlock:
There are 2 Blocked actors, 0 Stopped actors, and 3 active threads.
Waiting for actors to stop.
Sent output token with value 8.0
Next port to read input from is inputA
Called postfire()
Called prefire()
Called fire()
Read input token from inputA with value 9.0
Called prefire()
Called fire()
Past the end of training data. Read and discard all inputs.
Checking for deadlock:
There are 2 Blocked actors, 0 Stopped actors, and 3 active threads.
Waiting for actors to stop.
Sent output token with value 9.0
Next port to read input from is inputB
Called postfire()
Called prefire()
Called fire()
Called postfire()
Called prefire()
Called fire()
Checking for deadlock:
There are 2 Blocked actors, 0 Stopped actors, and 3 active threads.
Waiting for actors to stop.
Read input token from inputB with value 10.5
Called prefire()
Called fire()
Past the end of training data. Read and discard all inputs.
Checking for deadlock:
There are 2 Blocked actors, 0 Stopped actors, and 3 active threads.
Waiting for actors to stop.
Sent output token with value 9.0
Next port to read input from is inputA
Called postfire()
Called prefire()
Called fire()
Checking for deadlock:
There are 3 Blocked actors, 0 Stopped actors, and 3 active threads.
Actors have stopped.
Checking for deadlock:
There are 3 Blocked actors, 0 Stopped actors, and 3 active threads.
Deadlock detected.
Resolving Deadlock
Checking for deadlock:
There are 3 Blocked actors, 0 Stopped actors, and 3 active threads.
Artificial Deadlock - increasing queue capacity.
increasing the capacity of receiver ptolemy.actor.TypedIOPort {.top.OrderedMerge.inputB} to 2
-- Thread wrapup() called.
Called wrapup()
Thread .top.Ramp2 is exiting.
-- Thread stopped.
Director: Called postfire().
Called postfire().
_stopRequested = false
_stopFireRequested = false
Returning from postfire(): true
Called fire().
Checking for deadlock:
There are 2 Blocked actors, 0 Stopped actors, and 2 active threads.
Actors have stopped.
Checking for deadlock:
There are 2 Blocked actors, 0 Stopped actors, and 2 active threads.
Deadlock detected.
Resolving Deadlock
Checking for deadlock:
There are 2 Blocked actors, 0 Stopped actors, and 2 active threads.
Deadlock detected: no processes blocked on write, but some are blocked on read.
Called postfire().
_stopRequested = false
_stopFireRequested = false
Returning from postfire(): false
Finished deactivating branches.
Called wrapup().
-- Thread wrapup() called.
Called wrapup()
Thread .top.Test is exiting.
-- Thread stopped.
-- Blocked Receiver call threw TerminateProcessException.
-- Thread wrapup() called.
Called wrapup()
Thread .top.OrderedMerge is exiting.
-- Thread stopped.
-- Blocked Receiver call threw TerminateProcessException.
71 ms. Memory: 129024K Free: 80099K (62%)
.top. Preinitializing ...
Invoking preinitialize():  .top.OrderedMerge
Called preinitialize()
Invoking preinitialize():  .top.Ramp
Called preinitialize()
Invoking preinitialize():  .top.Ramp2
Called preinitialize()
Invoking preinitialize():  .top.Test
Called preinitialize()
.top. Finished preinitialize().
Called initialize().
Invoking initialize():  .top.OrderedMerge
Initializing actor: .top.OrderedMerge
Adding a thread: .top.OrderedMerge
Invoking initialize():  .top.Ramp
Initializing actor: .top.Ramp
Adding a thread: .top.Ramp
Invoking initialize():  .top.Ramp2
Initializing actor: .top.Ramp2
Adding a thread: .top.Ramp2
Invoking initialize():  .top.Test
Initializing actor: .top.Test
Adding a thread: .top.Test
-- Starting thread.
Called initialize()
Called prefire()
Called fire()
-- Starting thread.
Called initialize()
Called prefire()
Called fire()
Called postfire()
Called prefire()
Called fire()
Called fire().
Checking for deadlock:
There are 2 Blocked actors, 0 Stopped actors, and 4 active threads.
Waiting for actors to stop.
-- Starting thread.
Called initialize()
Called prefire()
Called fire()
Called postfire()
Called prefire()
Called fire()
Checking for deadlock:
There are 3 Blocked actors, 0 Stopped actors, and 4 active threads.
Waiting for actors to stop.
-- Starting thread.
Called initialize()
Called prefire()
Called fire()
Checking for deadlock:
There are 2 Blocked actors, 0 Stopped actors, and 4 active threads.
Waiting for actors to stop.
Called postfire()
Called prefire()
Called fire()
Checking for deadlock:
There are 3 Blocked actors, 0 Stopped actors, and 4 active threads.
Waiting for actors to stop.
Read input token from inputA with value 0.0
Next port to read input from is inputB
Called postfire()
Called prefire()
Called fire()
Checking for deadlock:
There are 2 Blocked actors, 0 Stopped actors, and 4 active threads.
Waiting for actors to stop.
Called postfire()
Called prefire()
Called fire()
Checking for deadlock:
There are 3 Blocked actors, 0 Stopped actors, and 4 active threads.
Waiting for actors to stop.
Read input token from inputB with value 0.0
Checking for deadlock:
There are 2 Blocked actors, 0 Stopped actors, and 4 active threads.
Waiting for actors to stop.
-- Read input: 0.0, which is expected to match: 0.0
Called prefire()
Called fire()
Checking for deadlock:
There are 3 Blocked actors, 0 Stopped actors, and 4 active threads.
Waiting for actors to stop.
Sent output token with value 0.0
Next port to read input from is inputA
Called postfire()
Called prefire()
Called fire()
Checking for deadlock:
There are 2 Blocked actors, 0 Stopped actors, and 4 active threads.
Waiting for actors to stop.
Called postfire()
Called prefire()
Called fire()
Checking for deadlock:
There are 3 Blocked actors, 0 Stopped actors, and 4 active threads.
Waiting for actors to stop.
Read input token from inputA with value 1.0
Checking for deadlock:
There are 2 Blocked actors, 0 Stopped actors, and 4 active threads.
Waiting for actors to stop.
-- Read input: 0.0, which is expected to match: 0.0
Called prefire()
Called fire()
Checking for deadlock:
There are 3 Blocked actors, 0 Stopped actors, and 4 active threads.
Waiting for actors to stop.
Sent output token with value 0.0
Next port to read input from is inputB
Called postfire()
Called prefire()
Called fire()
Called postfire()
Called prefire()
Called fire()
Checking for deadlock:
There are 3 Blocked actors, 0 Stopped actors, and 4 active threads.
Waiting for actors to stop.
Read input token from inputB with value 1.5
-- Read input: 1.0, which is expected to match: 1.0
Called prefire()
Called fire()
Checking for deadlock:
There are 3 Blocked actors, 0 Stopped actors, and 4 active threads.
Waiting for actors to stop.
Sent output token with value 1.0
Next port to read input from is inputA
Called postfire()
Called prefire()
Called fire()
Checking for deadlock:
There are 2 Blocked actors, 0 Stopped actors, and 4 active threads.
Waiting for actors to stop.
Called postfire()
Called prefire()
Called fire()
Checking for deadlock:
There are 3 Blocked actors, 0 Stopped actors, and 4 active threads.
Waiting for actors to stop.
Read input token from inputA with value 2.0
Checking for deadlock:
There are 2 Blocked actors, 0 Stopped actors, and 4 active threads.
Waiting for actors to stop.
-- Read input: 1.5, which is expected to match: 1.5
Called prefire()
Called fire()
Checking for deadlock:
There are 3 Blocked actors, 0 Stopped actors, and 4 active threads.
Waiting for actors to stop.
Sent output token with value 1.5
Next port to read input from is inputB
Called postfire()
Called prefire()
Called fire()
Checking for deadlock:
There are 2 Blocked actors, 0 Stopped actors, and 4 active threads.
Waiting for actors to stop.
Called postfire()
Called prefire()
Called fire()
Checking for deadlock:
There are 3 Blocked actors, 0 Stopped actors, and 4 active threads.
Waiting for actors to stop.
Read input token from inputB with value 3.0
Checking for deadlock:
There are 2 Blocked actors, 0 Stopped actors, and 4 active threads.
Waiting for actors to stop.
-- Read input: 2.0, which is expected to match: 2.0
Called prefire()
Called fire()
Checking for deadlock:
There are 3 Blocked actors, 0 Stopped actors, and 4 active threads.
Waiting for actors to stop.
Sent output token with value 2.0
Next port to read input from is inputA
Called postfire()
Called prefire()
Called fire()
Checking for deadlock:
There are 2 Blocked actors, 0 Stopped actors, and 4 active threads.
Waiting for actors to stop.
Called postfire()
Called prefire()
Called fire()
Checking for deadlock:
There are 3 Blocked actors, 0 Stopped actors, and 4 active threads.
Waiting for actors to stop.
Read input token from inputA with value 3.0
Checking for deadlock:
There are 2 Blocked actors, 0 Stopped actors, and 4 active threads.
Waiting for actors to stop.
-- Read input: 3.0, which is expected to match: 3.0
Called prefire()
Called fire()
Checking for deadlock:
There are 3 Blocked actors, 0 Stopped actors, and 4 active threads.
Waiting for actors to stop.
Sent output token with value 3.0
Next port to read input from is inputB
Called postfire()
Called prefire()
Called fire()
Called postfire()
Called prefire()
Called fire()
Checking for deadlock:
There are 3 Blocked actors, 0 Stopped actors, and 4 active threads.
Waiting for actors to stop.
Read input token from inputB with value 4.5
-- Read input: 3.0, which is expected to match: 3.0
Called prefire()
Called fire()
Checking for deadlock:
There are 3 Blocked actors, 0 Stopped actors, and 4 active threads.
Waiting for actors to stop.
Sent output token with value 3.0
Next port to read input from is inputA
Called postfire()
Called prefire()
Called fire()
Checking for deadlock:
There are 2 Blocked actors, 0 Stopped actors, and 4 active threads.
Waiting for actors to stop.
Called postfire()
Called prefire()
Called fire()
Checking for deadlock:
There are 3 Blocked actors, 0 Stopped actors, and 4 active threads.
Waiting for actors to stop.
Read input token from inputA with value 4.0
Checking for deadlock:
There are 2 Blocked actors, 0 Stopped actors, and 4 active threads.
Waiting for actors to stop.
-- Read input: 4.0, which is expected to match: 4.0
Called prefire()
Called fire()
Past the end of training data. Read and discard all inputs.
Checking for deadlock:
There are 3 Blocked actors, 0 Stopped actors, and 4 active threads.
Waiting for actors to stop.
Sent output token with value 4.0
Next port to read input from is inputA
Called postfire()
Called prefire()
Called fire()
Checking for deadlock:
There are 2 Blocked actors, 0 Stopped actors, and 4 active threads.
Waiting for actors to stop.
Called postfire()
Called prefire()
Called fire()
Checking for deadlock:
There are 3 Blocked actors, 0 Stopped actors, and 4 active threads.
Waiting for actors to stop.
Read input token from inputA with value 5.0
Checking for deadlock:
There are 2 Blocked actors, 0 Stopped actors, and 4 active threads.
Waiting for actors to stop.
Called prefire()
Called fire()
Past the end of training data. Read and discard all inputs.
Checking for deadlock:
There are 3 Blocked actors, 0 Stopped actors, and 4 active threads.
Waiting for actors to stop.
Sent output token with value 4.5
Next port to read input from is inputB
Called postfire()
Called prefire()
Called fire()
Called postfire()
Called prefire()
Called fire()
Checking for deadlock:
There are 3 Blocked actors, 0 Stopped actors, and 4 active threads.
Waiting for actors to stop.
Read input token from inputB with value 6.0
Called prefire()
Called fire()
Past the end of training data. Read and discard all inputs.
Checking for deadlock:
There are 3 Blocked actors, 0 Stopped actors, and 4 active threads.
Waiting for actors to stop.
Sent output token with value 5.0
Next port to read input from is inputA
Called postfire()
Called prefire()
Called fire()
Called postfire()
Called prefire()
Called fire()
Checking for deadlock:
There are 3 Blocked actors, 0 Stopped actors, and 4 active threads.
Waiting for actors to stop.
Read input token from inputA with value 6.0
Called prefire()
Called fire()
Past the end of training data. Read and discard all inputs.
Checking for deadlock:
There are 3 Blocked actors, 0 Stopped actors, and 4 active threads.
Waiting for actors to stop.
Sent output token with value 6.0
Next port to read input from is inputB
Called postfire()
Called prefire()
Called fire()
Called postfire()
Called prefire()
Called fire()
Checking for deadlock:
There are 3 Blocked actors, 0 Stopped actors, and 4 active threads.
Waiting for actors to stop.
Read input token from inputB with value 7.5
Called prefire()
Called fire()
Past the end of training data. Read and discard all inputs.
Checking for deadlock:
There are 3 Blocked actors, 0 Stopped actors, and 4 active threads.
Waiting for actors to stop.
Sent output token with value 6.0
Next port to read input from is inputA
Called postfire()
Called prefire()
Called fire()
Checking for deadlock:
There are 2 Blocked actors, 0 Stopped actors, and 4 active threads.
Waiting for actors to stop.
Called postfire()
Called prefire()
Called fire()
Checking for deadlock:
There are 3 Blocked actors, 0 Stopped actors, and 4 active threads.
Waiting for actors to stop.
Read input token from inputA with value 7.0
Checking for deadlock:
There are 2 Blocked actors, 0 Stopped actors, and 4 active threads.
Waiting for actors to stop.
Called prefire()
Called fire()
Past the end of training data. Read and discard all inputs.
Checking for deadlock:
There are 3 Blocked actors, 0 Stopped actors, and 4 active threads.
Waiting for actors to stop.
Sent output token with value 7.0
Next port to read input from is inputA
Called postfire()
Called prefire()
Called fire()
Checking for deadlock:
There are 2 Blocked actors, 0 Stopped actors, and 4 active threads.
Waiting for actors to stop.
-- Thread wrapup() called.
Called wrapup()
Thread .top.Ramp is exiting.
-- Thread stopped.
Checking for deadlock:
There are 2 Blocked actors, 0 Stopped actors, and 3 active threads.
Waiting for actors to stop.
Read input token from inputA with value 8.0
Called prefire()
Called fire()
Past the end of training data. Read and discard all inputs.
Checking for deadlock:
There are 2 Blocked actors, 0 Stopped actors, and 3 active threads.
Waiting for actors to stop.
Sent output token with value 7.5
Next port to read input from is inputB
Called postfire()
Called prefire()
Called fire()
Checking for deadlock:
There are 1 Blocked actors, 0 Stopped actors, and 3 active threads.
Waiting for actors to stop.
Called postfire()
Called prefire()
Called fire()
Checking for deadlock:
There are 2 Blocked actors, 0 Stopped actors, and 3 active threads.
Waiting for actors to stop.
Read input token from inputB with value 9.0
Checking for deadlock:
There are 1 Blocked actors, 0 Stopped actors, and 3 active threads.
Waiting for actors to stop.
Called prefire()
Called fire()
Past the end of training data. Read and discard all inputs.
Checking for deadlock:
There are 2 Blocked actors, 0 Stopped actors, and 3 active threads.
Waiting for actors to stop.
Sent output token with value 8.0
Next port to read input from is inputA
Called postfire()
Called prefire()
Called fire()
Read input token from inputA with value 9.0
Called prefire()
Called fire()
Past the end of training data. Read and discard all inputs.
Checking for deadlock:
There are 2 Blocked actors, 0 Stopped actors, and 3 active threads.
Waiting for actors to stop.
Sent output token with value 9.0
Next port to read input from is inputB
Called postfire()
Called prefire()
Called fire()
Called postfire()
Called prefire()
Called fire()
Checking for deadlock:
There are 2 Blocked actors, 0 Stopped actors, and 3 active threads.
Waiting for actors to stop.
Read input token from inputB with value 10.5
Called prefire()
Called fire()
Past the end of training data. Read and discard all inputs.
Checking for deadlock:
There are 2 Blocked actors, 0 Stopped actors, and 3 active threads.
Waiting for actors to stop.
Sent output token with value 9.0
Next port to read input from is inputA
Called postfire()
Called prefire()
Called fire()
Checking for deadlock:
There are 3 Blocked actors, 0 Stopped actors, and 3 active threads.
Actors have stopped.
Checking for deadlock:
There are 3 Blocked actors, 0 Stopped actors, and 3 active threads.
Deadlock detected.
Resolving Deadlock
Checking for deadlock:
There are 3 Blocked actors, 0 Stopped actors, and 3 active threads.
Artificial Deadlock - increasing queue capacity.
increasing the capacity of receiver ptolemy.actor.TypedIOPort {.top.OrderedMerge.inputB} to 2
Director: Called postfire().
Called postfire().
_stopRequested = false
_stopFireRequested = false
Returning from postfire(): true
Called fire().
Checking for deadlock:
There are 2 Blocked actors, 0 Stopped actors, and 3 active threads.
Waiting for actors to stop.
-- Thread wrapup() called.
Called wrapup()
Thread .top.Ramp2 is exiting.
-- Thread stopped.
Checking for deadlock:
There are 2 Blocked actors, 0 Stopped actors, and 2 active threads.
Actors have stopped.
Checking for deadlock:
There are 2 Blocked actors, 0 Stopped actors, and 2 active threads.
Deadlock detected.
Resolving Deadlock
Checking for deadlock:
There are 2 Blocked actors, 0 Stopped actors, and 2 active threads.
Deadlock detected: no processes blocked on write, but some are blocked on read.
Called postfire().
_stopRequested = false
_stopFireRequested = false
Returning from postfire(): false
Finished deactivating branches.
Called wrapup().
-- Thread wrapup() called.
Called wrapup()
-- Thread wrapup() called.
Called wrapup()
Thread .top.Test is exiting.
-- Thread stopped.
-- Blocked Receiver call threw TerminateProcessException.
Thread .top.OrderedMerge is exiting.
-- Thread stopped.
-- Blocked Receiver call threw TerminateProcessException.
29 ms. Memory: 129024K Free: 77537K (60%)
/home/travis/build/icyphy/ptII/ptolemy/actor/lib/test/Publisher.tcl
13 ms. Memory: 129024K Free: 71379K (55%)
4 ms. Memory: 129024K Free: 66259K (51%)
2 ms. Memory: 129024K Free: 62691K (49%)
3 ms. Memory: 129024K Free: 61667K (48%)
2 ms. Memory: 129024K Free: 60643K (47%)
3 ms. Memory: 129024K Free: 60123K (47%)
2 ms. Memory: 129024K Free: 59091K (46%)
3 ms. Memory: 129024K Free: 58081K (45%)
77 ms. Memory: 158720K Free: 141530K (89%)
4 ms. Memory: 158720K Free: 137434K (87%)
2 ms. Memory: 158720K Free: 136905K (86%)
7 ms. Memory: 158720K Free: 134857K (85%)
11 ms. Memory: 158720K Free: 127194K (80%)
6 ms. Memory: 158720K Free: 117449K (74%)
7 ms. Memory: 158720K Free: 106714K (67%)
/home/travis/build/icyphy/ptII/ptolemy/actor/lib/test/Pulse.tcl
2 ms. Memory: 158720K Free: 127194K (80%)
10 ms. Memory: 158720K Free: 126665K (80%)
2 ms. Memory: 158720K Free: 126170K (79%)
10 ms. Memory: 158720K Free: 125649K (79%)
1 ms. Memory: 158720K Free: 125146K (79%)
10 ms. Memory: 158720K Free: 124122K (78%)
10 ms. Memory: 158720K Free: 123098K (78%)
2 ms. Memory: 158720K Free: 122074K (77%)
2 ms. Memory: 158720K Free: 121560K (77%)
/home/travis/build/icyphy/ptII/ptolemy/actor/lib/test/Ramp.tcl
5 ms. Memory: 158720K Free: 119512K (75%)
3 ms. Memory: 158720K Free: 119002K (75%)
2 ms. Memory: 158720K Free: 117978K (74%)
1 ms. Memory: 158720K Free: 117433K (74%)
6 ms. Memory: 158720K Free: 116425K (73%)
7 ms. Memory: 158720K Free: 115930K (73%)
6 ms. Memory: 158720K Free: 114906K (72%)
5 actors
7000 microseconds per iteration to create
11 ms. Memory: 158720K Free: 111834K (70%)
2 ms. Memory: 158720K Free: 111320K (70%)
4 ms. Memory: 158720K Free: 110810K (70%)
2 ms. Memory: 158720K Free: 110265K (69%)
50 actors
41000 microseconds per iteration to create
43 ms. Memory: 158720K Free: 94936K (60%)
5 ms. Memory: 158720K Free: 93911K (59%)
13 ms. Memory: 158720K Free: 92378K (58%)
9 ms. Memory: 158720K Free: 91354K (58%)
500 actors
1288000 microseconds per iteration to create
270 ms. Memory: 190464K Free: 155489K (82%)
39 ms. Memory: 190464K Free: 150369K (79%)
47 ms. Memory: 190464K Free: 144735K (76%)
42 ms. Memory: 190464K Free: 139600K (73%)
/home/travis/build/icyphy/ptII/ptolemy/actor/lib/test/RampContinuous.tcl
10 ms. Memory: 190464K Free: 138081K (72%)
/home/travis/build/icyphy/ptII/ptolemy/actor/lib/test/RecordAssembler.tcl
6 ms. Memory: 190464K Free: 136543K (72%)
5 ms. Memory: 190464K Free: 135519K (71%)
/home/travis/build/icyphy/ptII/ptolemy/actor/lib/test/RecordDisassembler.tcl
14 ms. Memory: 190464K Free: 133985K (70%)
4 ms. Memory: 190464K Free: 133456K (70%)
3 ms. Memory: 190464K Free: 131937K (69%)
/home/travis/build/icyphy/ptII/ptolemy/actor/lib/test/Scale.tcl
3 ms. Memory: 190464K Free: 130399K (68%)
1 ms. Memory: 190464K Free: 129360K (68%)
1 ms. Memory: 190464K Free: 128865K (68%)
2 ms. Memory: 190464K Free: 127841K (67%)
3 ms. Memory: 190464K Free: 126817K (67%)
/home/travis/build/icyphy/ptII/ptolemy/actor/lib/test/SequentialClock.tcl
preinitializing
resolving types
initializing
executing number 1
wrapping up
idle
4 ms. Memory: 190464K Free: 125793K (66%)
Completed execution with 5 iterations
preinitializing
resolving types
initializing
executing number 1
wrapping up
idle
2 ms. Memory: 190464K Free: 125279K (66%)
Completed execution with 5 iterations
preinitializing
resolving types
initializing
executing number 1
wrapping up
idle
1 ms. Memory: 190464K Free: 124769K (66%)
Completed execution with 5 iterations
/home/travis/build/icyphy/ptII/ptolemy/actor/lib/test/SetVariable.tcl
3 ms. Memory: 190464K Free: 122721K (64%)
/home/travis/build/icyphy/ptII/ptolemy/actor/lib/test/Sinewave.tcl
/home/travis/build/icyphy/ptII/ptolemy/actor/lib/test/SubscriptionAggregator.tcl
4 ms. Memory: 190464K Free: 111457K (59%)
2 ms. Memory: 190464K Free: 110433K (58%)
1 ms. Memory: 190464K Free: 109919K (58%)
1 ms. Memory: 190464K Free: 109919K (58%)
1 ms. Memory: 190464K Free: 106337K (56%)
10 ms. Memory: 190464K Free: 103775K (54%)
...............................................................991 ms. Memory: 265216K Free: 170150K (64%)
/home/travis/build/icyphy/ptII/ptolemy/actor/lib/test/Test.tcl
 The next command will produce a warning about training mode,
   which may be ignored.
4 ms. Memory: 265216K Free: 168095K (63%)
5 ms. Memory: 265216K Free: 167063K (63%)
1 ms. Memory: 265216K Free: 166568K (63%)
5 ms. Memory: 265216K Free: 166039K (63%)
2 ms. Memory: 265216K Free: 165015K (62%)
3 ms. Memory: 265216K Free: 163975K (62%)
4 ms. Memory: 265216K Free: 162472K (61%)
 The next command will produce a warning about training mode,
   which may be ignored.
6 ms. Memory: 265216K Free: 160424K (60%)
 The next command will produce a warning about training mode,
   which may be ignored.
3 ms. Memory: 265216K Free: 158886K (60%)
1 ms. Memory: 265216K Free: 158376K (60%)
1 ms. Memory: 265216K Free: 158376K (60%)
3 ms. Memory: 265216K Free: 157352K (59%)
7 ms. Memory: 265216K Free: 156838K (59%)
4 ms. Memory: 265216K Free: 152742K (58%)
/home/travis/build/icyphy/ptII/ptolemy/actor/lib/test/TestExceptionHandler.tcl
 The next command will produce a warning about training mode,
   which may be ignored.
2 ms. Memory: 265216K Free: 151718K (57%)
1 ms. Memory: 265216K Free: 151208K (57%)
1 ms. Memory: 265216K Free: 150694K (57%)
/home/travis/build/icyphy/ptII/ptolemy/actor/lib/test/UnionDisassembler.tcl
22 ms. Memory: 265216K Free: 143016K (54%)
/home/travis/build/icyphy/ptII/ptolemy/actor/lib/test/VariableClock.tcl
preinitializing
resolving types
initializing
executing number 1
wrapping up
idle
9 ms. Memory: 265216K Free: 141478K (53%)
Completed execution with 11 iterations
preinitializing
resolving types
initializing
executing number 1
wrapping up
idle
5 ms. Memory: 265216K Free: 139944K (53%)
Completed execution with 10 iterations
04/23/20 02:01:32
Failed: 0  Total Tests: 233  ((Passed: 233, Newly Passed: 0)  Known Failed: 0) /home/travis/build/icyphy/ptII/ptolemy/actor/lib/test
----------------- testing (KnownFailure) /home/travis/build/icyphy/ptII/ptolemy/actor/lib/test/auto/knownFailedTests/PublisherPortToplevelSubscriber.xml
11 ms. Memory: 265216K Free: 136358K (51%)
Known Failure: java.lang.reflect.InvocationTargetException
----------------- testing (KnownFailure) /home/travis/build/icyphy/ptII/ptolemy/actor/lib/test/auto/knownFailedTests/PublisherSubscriberPortToplevel.xml
0 ms. Memory: 265216K Free: 132262K (50%)
Known Failure: java.lang.reflect.InvocationTargetException
----------------- testing (KnownFailure) /home/travis/build/icyphy/ptII/ptolemy/actor/lib/test/auto/knownFailedTests/PublisherSubscriptionAggregatorPort.xml
0 ms. Memory: 265216K Free: 128166K (48%)
Known Failure: java.lang.reflect.InvocationTargetException
----------------- testing (KnownFailure) /home/travis/build/icyphy/ptII/ptolemy/actor/lib/test/auto/knownFailedTests/sizedarray3.xml
4 ms. Memory: 265216K Free: 123560K (47%)
Known Failure: java.lang.reflect.InvocationTargetException
No auto/linux-amd64/*.xml tests in /home/travis/build/icyphy/ptII/ptolemy/actor/lib/test
AutoTests.java: About to close Vertx.
AutoTests.java: Vertx closed.
JSAccessor: Could not create symbolic links.

===========================================================================================
----------------- testing Thu Apr 23 14:01:33 UTC 2020 /home/travis/build/icyphy/ptII/ptolemy/actor/lib/test/auto/AbsoluteValue.xml
----------------- Instantiating /home/travis/build/icyphy/ptII/ptolemy/actor/lib/test/auto/AbsoluteValue.xml
4 ms. Memory: 265216K Free: 101542K (38%)
----------------- Invoking toplevel() on ptolemy.moml.MoMLSimpleApplication@2c15420a
----------------- Done invoking toplevel() on ptolemy.moml.MoMLSimpleApplication@2c15420a
reloadAllAccessors: .AbsoluteValue

===========================================================================================
----------------- testing Thu Apr 23 14:01:33 UTC 2020 /home/travis/build/icyphy/ptII/ptolemy/actor/lib/test/auto/AbsoluteValue2.xml
----------------- Instantiating /home/travis/build/icyphy/ptII/ptolemy/actor/lib/test/auto/AbsoluteValue2.xml
11 ms. Memory: 265216K Free: 94374K (36%)
----------------- Invoking toplevel() on ptolemy.moml.MoMLSimpleApplication@2f1aa7fd
----------------- Done invoking toplevel() on ptolemy.moml.MoMLSimpleApplication@2f1aa7fd
reloadAllAccessors: .AbsoluteValue2

===========================================================================================
----------------- testing Thu Apr 23 14:01:33 UTC 2020 /home/travis/build/icyphy/ptII/ptolemy/actor/lib/test/auto/Accumulator.xml
----------------- Instantiating /home/travis/build/icyphy/ptII/ptolemy/actor/lib/test/auto/Accumulator.xml
17 ms. Memory: 265216K Free: 88230K (33%)
----------------- Invoking toplevel() on ptolemy.moml.MoMLSimpleApplication@44409210
----------------- Done invoking toplevel() on ptolemy.moml.MoMLSimpleApplication@44409210
reloadAllAccessors: .Accumulator

===========================================================================================
----------------- testing Thu Apr 23 14:01:33 UTC 2020 /home/travis/build/icyphy/ptII/ptolemy/actor/lib/test/auto/Accumulator2.xml
----------------- Instantiating /home/travis/build/icyphy/ptII/ptolemy/actor/lib/test/auto/Accumulator2.xml
9 ms. Memory: 265216K Free: 82600K (31%)
----------------- Invoking toplevel() on ptolemy.moml.MoMLSimpleApplication@77a27eb6
----------------- Done invoking toplevel() on ptolemy.moml.MoMLSimpleApplication@77a27eb6
reloadAllAccessors: .Accumulator2

===========================================================================================
----------------- testing Thu Apr 23 14:01:33 UTC 2020 /home/travis/build/icyphy/ptII/ptolemy/actor/lib/test/auto/Accumulator3.xml
----------------- Instantiating /home/travis/build/icyphy/ptII/ptolemy/actor/lib/test/auto/Accumulator3.xml
7 ms. Memory: 265216K Free: 213963K (81%)
----------------- Invoking toplevel() on ptolemy.moml.MoMLSimpleApplication@877a4c2
----------------- Done invoking toplevel() on ptolemy.moml.MoMLSimpleApplication@877a4c2
reloadAllAccessors: .Accumulator3

===========================================================================================
----------------- testing Thu Apr 23 14:01:33 UTC 2020 /home/travis/build/icyphy/ptII/ptolemy/actor/lib/test/auto/ArrayAppend.xml
----------------- Instantiating /home/travis/build/icyphy/ptII/ptolemy/actor/lib/test/auto/ArrayAppend.xml
7 ms. Memory: 265216K Free: 208314K (79%)
----------------- Invoking toplevel() on ptolemy.moml.MoMLSimpleApplication@3f11a118
----------------- Done invoking toplevel() on ptolemy.moml.MoMLSimpleApplication@3f11a118
reloadAllAccessors: .ArrayAppend

===========================================================================================
----------------- testing Thu Apr 23 14:01:33 UTC 2020 /home/travis/build/icyphy/ptII/ptolemy/actor/lib/test/auto/ArrayAppend2.xml
----------------- Instantiating /home/travis/build/icyphy/ptII/ptolemy/actor/lib/test/auto/ArrayAppend2.xml
354 ms. Memory: 265216K Free: 125385K (47%)
----------------- Invoking toplevel() on ptolemy.moml.MoMLSimpleApplication@291d6d13
----------------- Done invoking toplevel() on ptolemy.moml.MoMLSimpleApplication@291d6d13
reloadAllAccessors: .ArrayAppend2

===========================================================================================
----------------- testing Thu Apr 23 14:01:34 UTC 2020 /home/travis/build/icyphy/ptII/ptolemy/actor/lib/test/auto/ArrayAppend3.xml
----------------- Instantiating /home/travis/build/icyphy/ptII/ptolemy/actor/lib/test/auto/ArrayAppend3.xml
10 ms. Memory: 265216K Free: 120250K (45%)
----------------- Invoking toplevel() on ptolemy.moml.MoMLSimpleApplication@5ae30179
----------------- Done invoking toplevel() on ptolemy.moml.MoMLSimpleApplication@5ae30179
reloadAllAccessors: .ArrayAppend3

===========================================================================================
----------------- testing Thu Apr 23 14:01:34 UTC 2020 /home/travis/build/icyphy/ptII/ptolemy/actor/lib/test/auto/ArrayAppend4.xml
----------------- Instantiating /home/travis/build/icyphy/ptII/ptolemy/actor/lib/test/auto/ArrayAppend4.xml
3 ms. Memory: 265216K Free: 114635K (43%)
----------------- Invoking toplevel() on ptolemy.moml.MoMLSimpleApplication@5c58e03e
----------------- Done invoking toplevel() on ptolemy.moml.MoMLSimpleApplication@5c58e03e
reloadAllAccessors: .ArrayAppend4

===========================================================================================
----------------- testing Thu Apr 23 14:01:34 UTC 2020 /home/travis/build/icyphy/ptII/ptolemy/actor/lib/test/auto/ArrayAppend5.xml
----------------- Instantiating /home/travis/build/icyphy/ptII/ptolemy/actor/lib/test/auto/ArrayAppend5.xml
3 ms. Memory: 265216K Free: 109515K (41%)
----------------- Invoking toplevel() on ptolemy.moml.MoMLSimpleApplication@323bdd41
----------------- Done invoking toplevel() on ptolemy.moml.MoMLSimpleApplication@323bdd41
reloadAllAccessors: .ArrayAppend5

===========================================================================================
----------------- testing Thu Apr 23 14:01:34 UTC 2020 /home/travis/build/icyphy/ptII/ptolemy/actor/lib/test/auto/ArrayAppend6.xml
----------------- Instantiating /home/travis/build/icyphy/ptII/ptolemy/actor/lib/test/auto/ArrayAppend6.xml
3 ms. Memory: 265216K Free: 103881K (39%)
----------------- Invoking toplevel() on ptolemy.moml.MoMLSimpleApplication@30fb722e
----------------- Done invoking toplevel() on ptolemy.moml.MoMLSimpleApplication@30fb722e
reloadAllAccessors: .ArrayAppend6

===========================================================================================
----------------- testing Thu Apr 23 14:01:34 UTC 2020 /home/travis/build/icyphy/ptII/ptolemy/actor/lib/test/auto/ArrayAppendPerformanceTest.xml
----------------- Instantiating /home/travis/build/icyphy/ptII/ptolemy/actor/lib/test/auto/ArrayAppendPerformanceTest.xml
34 ms. Memory: 265216K Free: 93641K (35%)
----------------- Invoking toplevel() on ptolemy.moml.MoMLSimpleApplication@6a93cb92
----------------- Done invoking toplevel() on ptolemy.moml.MoMLSimpleApplication@6a93cb92
reloadAllAccessors: .ArrayAppendPerformanceTest

===========================================================================================
----------------- testing Thu Apr 23 14:01:34 UTC 2020 /home/travis/build/icyphy/ptII/ptolemy/actor/lib/test/auto/ArrayAppendWithEmptyInput.xml
----------------- Instantiating /home/travis/build/icyphy/ptII/ptolemy/actor/lib/test/auto/ArrayAppendWithEmptyInput.xml
13 ms. Memory: 265216K Free: 85963K (32%)
----------------- Invoking toplevel() on ptolemy.moml.MoMLSimpleApplication@30309f5d
----------------- Done invoking toplevel() on ptolemy.moml.MoMLSimpleApplication@30309f5d
reloadAllAccessors: .ArrayAppendWithEmptyInput

===========================================================================================
----------------- testing Thu Apr 23 14:01:34 UTC 2020 /home/travis/build/icyphy/ptII/ptolemy/actor/lib/test/auto/ArrayAverage.xml
----------------- Instantiating /home/travis/build/icyphy/ptII/ptolemy/actor/lib/test/auto/ArrayAverage.xml
12 ms. Memory: 265216K Free: 77771K (29%)
----------------- Invoking toplevel() on ptolemy.moml.MoMLSimpleApplication@2fca6bcb
----------------- Done invoking toplevel() on ptolemy.moml.MoMLSimpleApplication@2fca6bcb
reloadAllAccessors: .ArrayAverage

===========================================================================================
----------------- testing Thu Apr 23 14:01:34 UTC 2020 /home/travis/build/icyphy/ptII/ptolemy/actor/lib/test/auto/ArrayContains.xml
----------------- Instantiating /home/travis/build/icyphy/ptII/ptolemy/actor/lib/test/auto/ArrayContains.xml
3 ms. Memory: 265216K Free: 214016K (81%)
----------------- Invoking toplevel() on ptolemy.moml.MoMLSimpleApplication@462a8fe7
----------------- Done invoking toplevel() on ptolemy.moml.MoMLSimpleApplication@462a8fe7
reloadAllAccessors: .ArrayContains

===========================================================================================
----------------- testing Thu Apr 23 14:01:34 UTC 2020 /home/travis/build/icyphy/ptII/ptolemy/actor/lib/test/auto/ArrayElement.xml
----------------- Instantiating /home/travis/build/icyphy/ptII/ptolemy/actor/lib/test/auto/ArrayElement.xml
8 ms. Memory: 265216K Free: 208351K (79%)
----------------- Invoking toplevel() on ptolemy.moml.MoMLSimpleApplication@28841b63
----------------- Done invoking toplevel() on ptolemy.moml.MoMLSimpleApplication@28841b63
reloadAllAccessors: .ArrayElement

===========================================================================================
----------------- testing Thu Apr 23 14:01:34 UTC 2020 /home/travis/build/icyphy/ptII/ptolemy/actor/lib/test/auto/ArrayElementAsMatrix.xml
----------------- Instantiating /home/travis/build/icyphy/ptII/ptolemy/actor/lib/test/auto/ArrayElementAsMatrix.xml
9 ms. Memory: 265216K Free: 198656K (75%)
----------------- Invoking toplevel() on ptolemy.moml.MoMLSimpleApplication@36ff0ea2
----------------- Done invoking toplevel() on ptolemy.moml.MoMLSimpleApplication@36ff0ea2
reloadAllAccessors: .ArrayElementAsMatrix

===========================================================================================
----------------- testing Thu Apr 23 14:01:34 UTC 2020 /home/travis/build/icyphy/ptII/ptolemy/actor/lib/test/auto/ArrayElementI.xml
----------------- Instantiating /home/travis/build/icyphy/ptII/ptolemy/actor/lib/test/auto/ArrayElementI.xml
2 ms. Memory: 265216K Free: 193022K (73%)
----------------- Invoking toplevel() on ptolemy.moml.MoMLSimpleApplication@7948dc5f
----------------- Done invoking toplevel() on ptolemy.moml.MoMLSimpleApplication@7948dc5f
reloadAllAccessors: .ArrayElementI

===========================================================================================
----------------- testing Thu Apr 23 14:01:34 UTC 2020 /home/travis/build/icyphy/ptII/ptolemy/actor/lib/test/auto/ArrayExtract.xml
----------------- Instantiating /home/travis/build/icyphy/ptII/ptolemy/actor/lib/test/auto/ArrayExtract.xml
5 ms. Memory: 265216K Free: 184830K (70%)
----------------- Invoking toplevel() on ptolemy.moml.MoMLSimpleApplication@76e3347f
----------------- Done invoking toplevel() on ptolemy.moml.MoMLSimpleApplication@76e3347f
reloadAllAccessors: .ArrayExtract

===========================================================================================
----------------- testing Thu Apr 23 14:01:34 UTC 2020 /home/travis/build/icyphy/ptII/ptolemy/actor/lib/test/auto/ArrayExtract2.xml
----------------- Instantiating /home/travis/build/icyphy/ptII/ptolemy/actor/lib/test/auto/ArrayExtract2.xml
3 ms. Memory: 265216K Free: 179710K (68%)
----------------- Invoking toplevel() on ptolemy.moml.MoMLSimpleApplication@5d53b3bd
----------------- Done invoking toplevel() on ptolemy.moml.MoMLSimpleApplication@5d53b3bd
reloadAllAccessors: .ArrayExtract2

===========================================================================================
----------------- testing Thu Apr 23 14:01:34 UTC 2020 /home/travis/build/icyphy/ptII/ptolemy/actor/lib/test/auto/ArrayLength.xml
----------------- Instantiating /home/travis/build/icyphy/ptII/ptolemy/actor/lib/test/auto/ArrayLength.xml
1 ms. Memory: 265216K Free: 175614K (66%)
----------------- Invoking toplevel() on ptolemy.moml.MoMLSimpleApplication@ed08fea
----------------- Done invoking toplevel() on ptolemy.moml.MoMLSimpleApplication@ed08fea
reloadAllAccessors: .ArrayLength

===========================================================================================
----------------- testing Thu Apr 23 14:01:34 UTC 2020 /home/travis/build/icyphy/ptII/ptolemy/actor/lib/test/auto/ArrayLevelCrossing.xml
----------------- Instantiating /home/travis/build/icyphy/ptII/ptolemy/actor/lib/test/auto/ArrayLevelCrossing.xml
3 ms. Memory: 265216K Free: 167422K (63%)
----------------- Invoking toplevel() on ptolemy.moml.MoMLSimpleApplication@1b4699d4
----------------- Done invoking toplevel() on ptolemy.moml.MoMLSimpleApplication@1b4699d4
reloadAllAccessors: .ArrayLevelCrossing

===========================================================================================
----------------- testing Thu Apr 23 14:01:34 UTC 2020 /home/travis/build/icyphy/ptII/ptolemy/actor/lib/test/auto/ArrayLevelCrossing2.xml
----------------- Instantiating /home/travis/build/icyphy/ptII/ptolemy/actor/lib/test/auto/ArrayLevelCrossing2.xml
3 ms. Memory: 265216K Free: 160239K (60%)
----------------- Invoking toplevel() on ptolemy.moml.MoMLSimpleApplication@564935cc
----------------- Done invoking toplevel() on ptolemy.moml.MoMLSimpleApplication@564935cc
reloadAllAccessors: .ArrayLevelCrossing2

===========================================================================================
----------------- testing Thu Apr 23 14:01:34 UTC 2020 /home/travis/build/icyphy/ptII/ptolemy/actor/lib/test/auto/ArrayPeakSearch.xml
----------------- Instantiating /home/travis/build/icyphy/ptII/ptolemy/actor/lib/test/auto/ArrayPeakSearch.xml
3 ms. Memory: 265216K Free: 151038K (57%)
----------------- Invoking toplevel() on ptolemy.moml.MoMLSimpleApplication@4c6fa009
----------------- Done invoking toplevel() on ptolemy.moml.MoMLSimpleApplication@4c6fa009
reloadAllAccessors: .ArrayPeakSearch

===========================================================================================
----------------- testing Thu Apr 23 14:01:34 UTC 2020 /home/travis/build/icyphy/ptII/ptolemy/actor/lib/test/auto/ArrayPeakSearch2.xml
----------------- Instantiating /home/travis/build/icyphy/ptII/ptolemy/actor/lib/test/auto/ArrayPeakSearch2.xml
4 ms. Memory: 265216K Free: 140783K (53%)
----------------- Invoking toplevel() on ptolemy.moml.MoMLSimpleApplication@23c5f345
----------------- Done invoking toplevel() on ptolemy.moml.MoMLSimpleApplication@23c5f345
reloadAllAccessors: .ArrayPeakSearch2

===========================================================================================
----------------- testing Thu Apr 23 14:01:34 UTC 2020 /home/travis/build/icyphy/ptII/ptolemy/actor/lib/test/auto/ArrayPeakSearch3.xml
----------------- Instantiating /home/travis/build/icyphy/ptII/ptolemy/actor/lib/test/auto/ArrayPeakSearch3.xml
5 ms. Memory: 265216K Free: 131582K (50%)
----------------- Invoking toplevel() on ptolemy.moml.MoMLSimpleApplication@5984088c
----------------- Done invoking toplevel() on ptolemy.moml.MoMLSimpleApplication@5984088c
reloadAllAccessors: .ArrayPeakSearch3

===========================================================================================
----------------- testing Thu Apr 23 14:01:34 UTC 2020 /home/travis/build/icyphy/ptII/ptolemy/actor/lib/test/auto/ArrayRemoveElement.xml
----------------- Instantiating /home/travis/build/icyphy/ptII/ptolemy/actor/lib/test/auto/ArrayRemoveElement.xml
3 ms. Memory: 265216K Free: 123904K (47%)
----------------- Invoking toplevel() on ptolemy.moml.MoMLSimpleApplication@7ff19fb6
----------------- Done invoking toplevel() on ptolemy.moml.MoMLSimpleApplication@7ff19fb6
reloadAllAccessors: .ArrayRemoveElement

===========================================================================================
----------------- testing Thu Apr 23 14:01:34 UTC 2020 /home/travis/build/icyphy/ptII/ptolemy/actor/lib/test/auto/ArraySort.xml
----------------- Instantiating /home/travis/build/icyphy/ptII/ptolemy/actor/lib/test/auto/ArraySort.xml
5 ms. Memory: 265216K Free: 114688K (43%)
----------------- Invoking toplevel() on ptolemy.moml.MoMLSimpleApplication@2bbeba67
----------------- Done invoking toplevel() on ptolemy.moml.MoMLSimpleApplication@2bbeba67
reloadAllAccessors: .ArraySort

===========================================================================================
----------------- testing Thu Apr 23 14:01:34 UTC 2020 /home/travis/build/icyphy/ptII/ptolemy/actor/lib/test/auto/ArraySum.xml
----------------- Instantiating /home/travis/build/icyphy/ptII/ptolemy/actor/lib/test/auto/ArraySum.xml
8 ms. Memory: 265216K Free: 109568K (41%)
----------------- Invoking toplevel() on ptolemy.moml.MoMLSimpleApplication@5e1ce3c8
----------------- Done invoking toplevel() on ptolemy.moml.MoMLSimpleApplication@5e1ce3c8
reloadAllAccessors: .ArraySum

===========================================================================================
----------------- testing Thu Apr 23 14:01:34 UTC 2020 /home/travis/build/icyphy/ptII/ptolemy/actor/lib/test/auto/ArrayToElements.xml
----------------- Instantiating /home/travis/build/icyphy/ptII/ptolemy/actor/lib/test/auto/ArrayToElements.xml
4 ms. Memory: 265216K Free: 103934K (39%)
----------------- Invoking toplevel() on ptolemy.moml.MoMLSimpleApplication@2d32accc
----------------- Done invoking toplevel() on ptolemy.moml.MoMLSimpleApplication@2d32accc
reloadAllAccessors: .ArrayToElements

===========================================================================================
----------------- testing Thu Apr 23 14:01:34 UTC 2020 /home/travis/build/icyphy/ptII/ptolemy/actor/lib/test/auto/ArrayToMatrix.xml
----------------- Instantiating /home/travis/build/icyphy/ptII/ptolemy/actor/lib/test/auto/ArrayToMatrix.xml
24 ms. Memory: 265216K Free: 90112K (34%)
----------------- Invoking toplevel() on ptolemy.moml.MoMLSimpleApplication@36c7f0a4
----------------- Done invoking toplevel() on ptolemy.moml.MoMLSimpleApplication@36c7f0a4
reloadAllAccessors: .ArrayToMatrix

===========================================================================================
----------------- testing Thu Apr 23 14:01:35 UTC 2020 /home/travis/build/icyphy/ptII/ptolemy/actor/lib/test/auto/ArrayUpdate1.xml
----------------- Instantiating /home/travis/build/icyphy/ptII/ptolemy/actor/lib/test/auto/ArrayUpdate1.xml
4 ms. Memory: 265216K Free: 84992K (32%)
----------------- Invoking toplevel() on ptolemy.moml.MoMLSimpleApplication@43ad374f
----------------- Done invoking toplevel() on ptolemy.moml.MoMLSimpleApplication@43ad374f
reloadAllAccessors: .ArrayUpdate1

===========================================================================================
----------------- testing Thu Apr 23 14:01:35 UTC 2020 /home/travis/build/icyphy/ptII/ptolemy/actor/lib/test/auto/ArrayUpdate2.xml
----------------- Instantiating /home/travis/build/icyphy/ptII/ptolemy/actor/lib/test/auto/ArrayUpdate2.xml
3 ms. Memory: 265216K Free: 78848K (30%)
----------------- Invoking toplevel() on ptolemy.moml.MoMLSimpleApplication@5399eb20
----------------- Done invoking toplevel() on ptolemy.moml.MoMLSimpleApplication@5399eb20
reloadAllAccessors: .ArrayUpdate2

===========================================================================================
----------------- testing Thu Apr 23 14:01:35 UTC 2020 /home/travis/build/icyphy/ptII/ptolemy/actor/lib/test/auto/ArrayUpdate3.xml
----------------- Instantiating /home/travis/build/icyphy/ptII/ptolemy/actor/lib/test/auto/ArrayUpdate3.xml
4 ms. Memory: 265216K Free: 73728K (28%)
----------------- Invoking toplevel() on ptolemy.moml.MoMLSimpleApplication@10573f95
----------------- Done invoking toplevel() on ptolemy.moml.MoMLSimpleApplication@10573f95
reloadAllAccessors: .ArrayUpdate3

===========================================================================================
----------------- testing Thu Apr 23 14:01:35 UTC 2020 /home/travis/build/icyphy/ptII/ptolemy/actor/lib/test/auto/Assert1.xml
----------------- Instantiating /home/travis/build/icyphy/ptII/ptolemy/actor/lib/test/auto/Assert1.xml
3 ms. Memory: 265216K Free: 69632K (26%)
----------------- Invoking toplevel() on ptolemy.moml.MoMLSimpleApplication@474f9256
----------------- Done invoking toplevel() on ptolemy.moml.MoMLSimpleApplication@474f9256
reloadAllAccessors: .Assert1

===========================================================================================
----------------- testing Thu Apr 23 14:01:35 UTC 2020 /home/travis/build/icyphy/ptII/ptolemy/actor/lib/test/auto/Assert2.xml
----------------- Instantiating /home/travis/build/icyphy/ptII/ptolemy/actor/lib/test/auto/Assert2.xml
2 ms. Memory: 481280K Free: 428542K (89%)
----------------- Invoking toplevel() on ptolemy.moml.MoMLSimpleApplication@1fefa450
----------------- Done invoking toplevel() on ptolemy.moml.MoMLSimpleApplication@1fefa450
reloadAllAccessors: .Assert2

===========================================================================================
----------------- testing Thu Apr 23 14:01:35 UTC 2020 /home/travis/build/icyphy/ptII/ptolemy/actor/lib/test/auto/BooleanMultiplexor.xml
----------------- Instantiating /home/travis/build/icyphy/ptII/ptolemy/actor/lib/test/auto/BooleanMultiplexor.xml
3 ms. Memory: 481280K Free: 423391K (88%)
----------------- Invoking toplevel() on ptolemy.moml.MoMLSimpleApplication@18c9ab6
----------------- Done invoking toplevel() on ptolemy.moml.MoMLSimpleApplication@18c9ab6
reloadAllAccessors: .BooleanMultiplexor

===========================================================================================
----------------- testing Thu Apr 23 14:01:35 UTC 2020 /home/travis/build/icyphy/ptII/ptolemy/actor/lib/test/auto/BooleanMultiplexor2.xml
----------------- Instantiating /home/travis/build/icyphy/ptII/ptolemy/actor/lib/test/auto/BooleanMultiplexor2.xml
13 ms. Memory: 481280K Free: 416766K (87%)
----------------- Invoking toplevel() on ptolemy.moml.MoMLSimpleApplication@72d343a
----------------- Done invoking toplevel() on ptolemy.moml.MoMLSimpleApplication@72d343a
reloadAllAccessors: .BooleanMultiplexor2

===========================================================================================
----------------- testing Thu Apr 23 14:01:35 UTC 2020 /home/travis/build/icyphy/ptII/ptolemy/actor/lib/test/auto/BooleanMultiplexor3.xml
----------------- Instantiating /home/travis/build/icyphy/ptII/ptolemy/actor/lib/test/auto/BooleanMultiplexor3.xml
4 ms. Memory: 481280K Free: 413182K (86%)
----------------- Invoking toplevel() on ptolemy.moml.MoMLSimpleApplication@1c6d648
----------------- Done invoking toplevel() on ptolemy.moml.MoMLSimpleApplication@1c6d648
reloadAllAccessors: .BooleanMultiplexor3

===========================================================================================
----------------- testing Thu Apr 23 14:01:35 UTC 2020 /home/travis/build/icyphy/ptII/ptolemy/actor/lib/test/auto/BooleanSelect.xml
----------------- Instantiating /home/travis/build/icyphy/ptII/ptolemy/actor/lib/test/auto/BooleanSelect.xml
7 ms. Memory: 481280K Free: 406528K (84%)
----------------- Invoking toplevel() on ptolemy.moml.MoMLSimpleApplication@70daeb2e
----------------- Done invoking toplevel() on ptolemy.moml.MoMLSimpleApplication@70daeb2e
reloadAllAccessors: .BooleanSelect

===========================================================================================
----------------- testing Thu Apr 23 14:01:35 UTC 2020 /home/travis/build/icyphy/ptII/ptolemy/actor/lib/test/auto/BooleanSelect2.xml
----------------- Instantiating /home/travis/build/icyphy/ptII/ptolemy/actor/lib/test/auto/BooleanSelect2.xml
2 ms. Memory: 481280K Free: 402432K (84%)
----------------- Invoking toplevel() on ptolemy.moml.MoMLSimpleApplication@32024326
----------------- Done invoking toplevel() on ptolemy.moml.MoMLSimpleApplication@32024326
reloadAllAccessors: .BooleanSelect2

===========================================================================================
----------------- testing Thu Apr 23 14:01:35 UTC 2020 /home/travis/build/icyphy/ptII/ptolemy/actor/lib/test/auto/BooleanSwitch.xml
----------------- Instantiating /home/travis/build/icyphy/ptII/ptolemy/actor/lib/test/auto/BooleanSwitch.xml
9 ms. Memory: 481280K Free: 396288K (82%)
----------------- Invoking toplevel() on ptolemy.moml.MoMLSimpleApplication@8718f44
----------------- Done invoking toplevel() on ptolemy.moml.MoMLSimpleApplication@8718f44
reloadAllAccessors: .BooleanSwitch

===========================================================================================
----------------- testing Thu Apr 23 14:01:35 UTC 2020 /home/travis/build/icyphy/ptII/ptolemy/actor/lib/test/auto/BooleanSwitch2.xml
----------------- Instantiating /home/travis/build/icyphy/ptII/ptolemy/actor/lib/test/auto/BooleanSwitch2.xml
2 ms. Memory: 481280K Free: 392192K (81%)
----------------- Invoking toplevel() on ptolemy.moml.MoMLSimpleApplication@e9ff373
----------------- Done invoking toplevel() on ptolemy.moml.MoMLSimpleApplication@e9ff373
reloadAllAccessors: .BooleanSwitch2

===========================================================================================
----------------- testing Thu Apr 23 14:01:35 UTC 2020 /home/travis/build/icyphy/ptII/ptolemy/actor/lib/test/auto/BooleanSwitchCloningBugWithClassRelationGroup.xml
----------------- Instantiating /home/travis/build/icyphy/ptII/ptolemy/actor/lib/test/auto/BooleanSwitchCloningBugWithClassRelationGroup.xml
3 ms. Memory: 481280K Free: 385534K (80%)
----------------- Invoking toplevel() on ptolemy.moml.MoMLSimpleApplication@54d1bc21
----------------- Done invoking toplevel() on ptolemy.moml.MoMLSimpleApplication@54d1bc21
reloadAllAccessors: .BooleanSwitchCloningBugWithClassRelationGroup

===========================================================================================
----------------- testing Thu Apr 23 14:01:35 UTC 2020 /home/travis/build/icyphy/ptII/ptolemy/actor/lib/test/auto/BusActors.xml
----------------- Instantiating /home/travis/build/icyphy/ptII/ptolemy/actor/lib/test/auto/BusActors.xml
5 ms. Memory: 481280K Free: 377856K (79%)
----------------- Invoking toplevel() on ptolemy.moml.MoMLSimpleApplication@61ac1836
----------------- Done invoking toplevel() on ptolemy.moml.MoMLSimpleApplication@61ac1836
reloadAllAccessors: .BusActors

===========================================================================================
----------------- testing Thu Apr 23 14:01:35 UTC 2020 /home/travis/build/icyphy/ptII/ptolemy/actor/lib/test/auto/ClassWrapper.xml
----------------- Instantiating /home/travis/build/icyphy/ptII/ptolemy/actor/lib/test/auto/ClassWrapper.xml
3 ms. Memory: 481280K Free: 373246K (78%)
----------------- Invoking toplevel() on ptolemy.moml.MoMLSimpleApplication@6a52ba56
----------------- Done invoking toplevel() on ptolemy.moml.MoMLSimpleApplication@6a52ba56
reloadAllAccessors: .ClassWrapper

===========================================================================================
----------------- testing Thu Apr 23 14:01:35 UTC 2020 /home/travis/build/icyphy/ptII/ptolemy/actor/lib/test/auto/Clock.xml
----------------- Instantiating /home/travis/build/icyphy/ptII/ptolemy/actor/lib/test/auto/Clock.xml
2 ms. Memory: 481280K Free: 369664K (77%)
----------------- Invoking toplevel() on ptolemy.moml.MoMLSimpleApplication@4e9161a4
----------------- Done invoking toplevel() on ptolemy.moml.MoMLSimpleApplication@4e9161a4
reloadAllAccessors: .Clock

===========================================================================================
----------------- testing Thu Apr 23 14:01:35 UTC 2020 /home/travis/build/icyphy/ptII/ptolemy/actor/lib/test/auto/Clock10.xml
----------------- Instantiating /home/travis/build/icyphy/ptII/ptolemy/actor/lib/test/auto/Clock10.xml
4 ms. Memory: 481280K Free: 363520K (76%)
----------------- Invoking toplevel() on ptolemy.moml.MoMLSimpleApplication@1a4b1e66
----------------- Done invoking toplevel() on ptolemy.moml.MoMLSimpleApplication@1a4b1e66
reloadAllAccessors: .Clock10

===========================================================================================
----------------- testing Thu Apr 23 14:01:35 UTC 2020 /home/travis/build/icyphy/ptII/ptolemy/actor/lib/test/auto/Clock11.xml
----------------- Instantiating /home/travis/build/icyphy/ptII/ptolemy/actor/lib/test/auto/Clock11.xml
4 ms. Memory: 481280K Free: 357886K (74%)
----------------- Invoking toplevel() on ptolemy.moml.MoMLSimpleApplication@5355f86d
----------------- Done invoking toplevel() on ptolemy.moml.MoMLSimpleApplication@5355f86d
reloadAllAccessors: .Clock11

===========================================================================================
----------------- testing Thu Apr 23 14:01:35 UTC 2020 /home/travis/build/icyphy/ptII/ptolemy/actor/lib/test/auto/Clock12.xml
----------------- Instantiating /home/travis/build/icyphy/ptII/ptolemy/actor/lib/test/auto/Clock12.xml
7 ms. Memory: 481280K Free: 351742K (73%)
----------------- Invoking toplevel() on ptolemy.moml.MoMLSimpleApplication@6618f87e
----------------- Done invoking toplevel() on ptolemy.moml.MoMLSimpleApplication@6618f87e
reloadAllAccessors: .Clock12

===========================================================================================
----------------- testing Thu Apr 23 14:01:35 UTC 2020 /home/travis/build/icyphy/ptII/ptolemy/actor/lib/test/auto/Clock13.xml
----------------- Instantiating /home/travis/build/icyphy/ptII/ptolemy/actor/lib/test/auto/Clock13.xml
8 ms. Memory: 481280K Free: 346112K (72%)
----------------- Invoking toplevel() on ptolemy.moml.MoMLSimpleApplication@2d97c298
----------------- Done invoking toplevel() on ptolemy.moml.MoMLSimpleApplication@2d97c298
reloadAllAccessors: .Clock13

===========================================================================================
----------------- testing Thu Apr 23 14:01:35 UTC 2020 /home/travis/build/icyphy/ptII/ptolemy/actor/lib/test/auto/Clock14.xml
----------------- Instantiating /home/travis/build/icyphy/ptII/ptolemy/actor/lib/test/auto/Clock14.xml
8 ms. Memory: 481280K Free: 339968K (71%)
----------------- Invoking toplevel() on ptolemy.moml.MoMLSimpleApplication@535c0e59
----------------- Done invoking toplevel() on ptolemy.moml.MoMLSimpleApplication@535c0e59
reloadAllAccessors: .Clock14

===========================================================================================
----------------- testing Thu Apr 23 14:01:35 UTC 2020 /home/travis/build/icyphy/ptII/ptolemy/actor/lib/test/auto/Clock15.xml
----------------- Instantiating /home/travis/build/icyphy/ptII/ptolemy/actor/lib/test/auto/Clock15.xml
4 ms. Memory: 481280K Free: 333824K (69%)
----------------- Invoking toplevel() on ptolemy.moml.MoMLSimpleApplication@40097723
----------------- Done invoking toplevel() on ptolemy.moml.MoMLSimpleApplication@40097723
reloadAllAccessors: .Clock15

===========================================================================================
----------------- testing Thu Apr 23 14:01:35 UTC 2020 /home/travis/build/icyphy/ptII/ptolemy/actor/lib/test/auto/Clock16.xml
----------------- Instantiating /home/travis/build/icyphy/ptII/ptolemy/actor/lib/test/auto/Clock16.xml
33 ms. Memory: 481280K Free: 319471K (66%)
----------------- Invoking toplevel() on ptolemy.moml.MoMLSimpleApplication@3d805c7a
----------------- Done invoking toplevel() on ptolemy.moml.MoMLSimpleApplication@3d805c7a
reloadAllAccessors: .Clock16

===========================================================================================
----------------- testing Thu Apr 23 14:01:35 UTC 2020 /home/travis/build/icyphy/ptII/ptolemy/actor/lib/test/auto/Clock17.xml
----------------- Instantiating /home/travis/build/icyphy/ptII/ptolemy/actor/lib/test/auto/Clock17.xml
26 ms. Memory: 481280K Free: 305152K (63%)
----------------- Invoking toplevel() on ptolemy.moml.MoMLSimpleApplication@4a29e5a2
----------------- Done invoking toplevel() on ptolemy.moml.MoMLSimpleApplication@4a29e5a2
reloadAllAccessors: .Clock17

===========================================================================================
----------------- testing Thu Apr 23 14:01:35 UTC 2020 /home/travis/build/icyphy/ptII/ptolemy/actor/lib/test/auto/Clock18.xml
----------------- Instantiating /home/travis/build/icyphy/ptII/ptolemy/actor/lib/test/auto/Clock18.xml
25 ms. Memory: 481280K Free: 292335K (61%)
----------------- Invoking toplevel() on ptolemy.moml.MoMLSimpleApplication@80e7e26
----------------- Done invoking toplevel() on ptolemy.moml.MoMLSimpleApplication@80e7e26
reloadAllAccessors: .Clock18

===========================================================================================
----------------- testing Thu Apr 23 14:01:35 UTC 2020 /home/travis/build/icyphy/ptII/ptolemy/actor/lib/test/auto/Clock19.xml
----------------- Instantiating /home/travis/build/icyphy/ptII/ptolemy/actor/lib/test/auto/Clock19.xml
15 ms. Memory: 481280K Free: 279023K (58%)
----------------- Invoking toplevel() on ptolemy.moml.MoMLSimpleApplication@25947315
----------------- Done invoking toplevel() on ptolemy.moml.MoMLSimpleApplication@25947315
reloadAllAccessors: .Clock19

===========================================================================================
----------------- testing Thu Apr 23 14:01:35 UTC 2020 /home/travis/build/icyphy/ptII/ptolemy/actor/lib/test/auto/Clock2.xml
----------------- Instantiating /home/travis/build/icyphy/ptII/ptolemy/actor/lib/test/auto/Clock2.xml
7 ms. Memory: 481280K Free: 274942K (57%)
----------------- Invoking toplevel() on ptolemy.moml.MoMLSimpleApplication@578220e6
----------------- Done invoking toplevel() on ptolemy.moml.MoMLSimpleApplication@578220e6
reloadAllAccessors: .Clock2

===========================================================================================
----------------- testing Thu Apr 23 14:01:35 UTC 2020 /home/travis/build/icyphy/ptII/ptolemy/actor/lib/test/auto/Clock20.xml
----------------- Instantiating /home/travis/build/icyphy/ptII/ptolemy/actor/lib/test/auto/Clock20.xml
10 ms. Memory: 481280K Free: 268798K (56%)
----------------- Invoking toplevel() on ptolemy.moml.MoMLSimpleApplication@5d112989
----------------- Done invoking toplevel() on ptolemy.moml.MoMLSimpleApplication@5d112989
reloadAllAccessors: .Clock20

===========================================================================================
----------------- testing Thu Apr 23 14:01:35 UTC 2020 /home/travis/build/icyphy/ptII/ptolemy/actor/lib/test/auto/Clock21.xml
----------------- Instantiating /home/travis/build/icyphy/ptII/ptolemy/actor/lib/test/auto/Clock21.xml
5 ms. Memory: 481280K Free: 263168K (55%)
----------------- Invoking toplevel() on ptolemy.moml.MoMLSimpleApplication@7b9f8c06
----------------- Done invoking toplevel() on ptolemy.moml.MoMLSimpleApplication@7b9f8c06
reloadAllAccessors: .Clock21

===========================================================================================
----------------- testing Thu Apr 23 14:01:35 UTC 2020 /home/travis/build/icyphy/ptII/ptolemy/actor/lib/test/auto/Clock22.xml
----------------- Instantiating /home/travis/build/icyphy/ptII/ptolemy/actor/lib/test/auto/Clock22.xml
5 ms. Memory: 481280K Free: 258048K (54%)
----------------- Invoking toplevel() on ptolemy.moml.MoMLSimpleApplication@164972e
----------------- Done invoking toplevel() on ptolemy.moml.MoMLSimpleApplication@164972e
reloadAllAccessors: .Clock22

===========================================================================================
----------------- testing Thu Apr 23 14:01:35 UTC 2020 /home/travis/build/icyphy/ptII/ptolemy/actor/lib/test/auto/Clock23.xml
----------------- Instantiating /home/travis/build/icyphy/ptII/ptolemy/actor/lib/test/auto/Clock23.xml
6 ms. Memory: 481280K Free: 252414K (52%)
----------------- Invoking toplevel() on ptolemy.moml.MoMLSimpleApplication@5b7cfc58
----------------- Done invoking toplevel() on ptolemy.moml.MoMLSimpleApplication@5b7cfc58
reloadAllAccessors: .Clock23

===========================================================================================
----------------- testing Thu Apr 23 14:01:36 UTC 2020 /home/travis/build/icyphy/ptII/ptolemy/actor/lib/test/auto/Clock24.xml
----------------- Instantiating /home/travis/build/icyphy/ptII/ptolemy/actor/lib/test/auto/Clock24.xml
2 ms. Memory: 481280K Free: 247294K (51%)
----------------- Invoking toplevel() on ptolemy.moml.MoMLSimpleApplication@6d3e26b5
----------------- Done invoking toplevel() on ptolemy.moml.MoMLSimpleApplication@6d3e26b5
reloadAllAccessors: .Clock24

===========================================================================================
----------------- testing Thu Apr 23 14:01:36 UTC 2020 /home/travis/build/icyphy/ptII/ptolemy/actor/lib/test/auto/Clock4.xml
----------------- Instantiating /home/travis/build/icyphy/ptII/ptolemy/actor/lib/test/auto/Clock4.xml
1 ms. Memory: 481280K Free: 242167K (50%)
----------------- Invoking toplevel() on ptolemy.moml.MoMLSimpleApplication@7821a571
----------------- Done invoking toplevel() on ptolemy.moml.MoMLSimpleApplication@7821a571
reloadAllAccessors: .Clock4

===========================================================================================
----------------- testing Thu Apr 23 14:01:36 UTC 2020 /home/travis/build/icyphy/ptII/ptolemy/actor/lib/test/auto/Clock5.xml
----------------- Instantiating /home/travis/build/icyphy/ptII/ptolemy/actor/lib/test/auto/Clock5.xml
3 ms. Memory: 481280K Free: 237054K (49%)
----------------- Invoking toplevel() on ptolemy.moml.MoMLSimpleApplication@4a635ea0
----------------- Done invoking toplevel() on ptolemy.moml.MoMLSimpleApplication@4a635ea0
reloadAllAccessors: .Clock5

===========================================================================================
----------------- testing Thu Apr 23 14:01:36 UTC 2020 /home/travis/build/icyphy/ptII/ptolemy/actor/lib/test/auto/Clock6.xml
----------------- Instantiating /home/travis/build/icyphy/ptII/ptolemy/actor/lib/test/auto/Clock6.xml
3 ms. Memory: 481280K Free: 232448K (48%)
----------------- Invoking toplevel() on ptolemy.moml.MoMLSimpleApplication@7cab17cf
----------------- Done invoking toplevel() on ptolemy.moml.MoMLSimpleApplication@7cab17cf
reloadAllAccessors: .Clock6

===========================================================================================
----------------- testing Thu Apr 23 14:01:36 UTC 2020 /home/travis/build/icyphy/ptII/ptolemy/actor/lib/test/auto/Clock7.xml
----------------- Instantiating /home/travis/build/icyphy/ptII/ptolemy/actor/lib/test/auto/Clock7.xml
2 ms. Memory: 481280K Free: 227838K (47%)
----------------- Invoking toplevel() on ptolemy.moml.MoMLSimpleApplication@5b76d2c
----------------- Done invoking toplevel() on ptolemy.moml.MoMLSimpleApplication@5b76d2c
reloadAllAccessors: .Clock7

===========================================================================================
----------------- testing Thu Apr 23 14:01:36 UTC 2020 /home/travis/build/icyphy/ptII/ptolemy/actor/lib/test/auto/Clock8.xml
----------------- Instantiating /home/travis/build/icyphy/ptII/ptolemy/actor/lib/test/auto/Clock8.xml
3 ms. Memory: 481280K Free: 222711K (46%)
----------------- Invoking toplevel() on ptolemy.moml.MoMLSimpleApplication@5391a587
----------------- Done invoking toplevel() on ptolemy.moml.MoMLSimpleApplication@5391a587
reloadAllAccessors: .Clock8

===========================================================================================
----------------- testing Thu Apr 23 14:01:36 UTC 2020 /home/travis/build/icyphy/ptII/ptolemy/actor/lib/test/auto/Clock9.xml
----------------- Instantiating /home/travis/build/icyphy/ptII/ptolemy/actor/lib/test/auto/Clock9.xml
4 ms. Memory: 481280K Free: 217088K (45%)
----------------- Invoking toplevel() on ptolemy.moml.MoMLSimpleApplication@6a30a2d9
----------------- Done invoking toplevel() on ptolemy.moml.MoMLSimpleApplication@6a30a2d9
reloadAllAccessors: .Clock9

===========================================================================================
----------------- testing Thu Apr 23 14:01:36 UTC 2020 /home/travis/build/icyphy/ptII/ptolemy/actor/lib/test/auto/CommDistDiscard.xml
----------------- Instantiating /home/travis/build/icyphy/ptII/ptolemy/actor/lib/test/auto/CommDistDiscard.xml
5 ms. Memory: 481280K Free: 211968K (44%)
----------------- Invoking toplevel() on ptolemy.moml.MoMLSimpleApplication@35737429
----------------- Done invoking toplevel() on ptolemy.moml.MoMLSimpleApplication@35737429
reloadAllAccessors: .CommDistDiscard

===========================================================================================
----------------- testing Thu Apr 23 14:01:36 UTC 2020 /home/travis/build/icyphy/ptII/ptolemy/actor/lib/test/auto/Commutator.xml
----------------- Instantiating /home/travis/build/icyphy/ptII/ptolemy/actor/lib/test/auto/Commutator.xml
2 ms. Memory: 481280K Free: 207358K (43%)
----------------- Invoking toplevel() on ptolemy.moml.MoMLSimpleApplication@32147e40
----------------- Done invoking toplevel() on ptolemy.moml.MoMLSimpleApplication@32147e40
reloadAllAccessors: .Commutator

===========================================================================================
----------------- testing Thu Apr 23 14:01:36 UTC 2020 /home/travis/build/icyphy/ptII/ptolemy/actor/lib/test/auto/Commutator2.xml
----------------- Instantiating /home/travis/build/icyphy/ptII/ptolemy/actor/lib/test/auto/Commutator2.xml
2 ms. Memory: 481280K Free: 202752K (42%)
----------------- Invoking toplevel() on ptolemy.moml.MoMLSimpleApplication@1e4c368e
----------------- Done invoking toplevel() on ptolemy.moml.MoMLSimpleApplication@1e4c368e
reloadAllAccessors: .Commutator2

===========================================================================================
----------------- testing Thu Apr 23 14:01:36 UTC 2020 /home/travis/build/icyphy/ptII/ptolemy/actor/lib/test/auto/Commutator3.xml
----------------- Instantiating /home/travis/build/icyphy/ptII/ptolemy/actor/lib/test/auto/Commutator3.xml
2 ms. Memory: 481280K Free: 198656K (41%)
----------------- Invoking toplevel() on ptolemy.moml.MoMLSimpleApplication@5a5cc08f
----------------- Done invoking toplevel() on ptolemy.moml.MoMLSimpleApplication@5a5cc08f
reloadAllAccessors: .Commutator3

===========================================================================================
----------------- testing Thu Apr 23 14:01:36 UTC 2020 /home/travis/build/icyphy/ptII/ptolemy/actor/lib/test/auto/Compare.xml
----------------- Instantiating /home/travis/build/icyphy/ptII/ptolemy/actor/lib/test/auto/Compare.xml
2 ms. Memory: 481280K Free: 191998K (40%)
----------------- Invoking toplevel() on ptolemy.moml.MoMLSimpleApplication@3fcbea02
----------------- Done invoking toplevel() on ptolemy.moml.MoMLSimpleApplication@3fcbea02
reloadAllAccessors: .Compare

===========================================================================================
----------------- testing Thu Apr 23 14:01:36 UTC 2020 /home/travis/build/icyphy/ptII/ptolemy/actor/lib/test/auto/CompareDE.xml
----------------- Instantiating /home/travis/build/icyphy/ptII/ptolemy/actor/lib/test/auto/CompareDE.xml
4 ms. Memory: 481280K Free: 185344K (39%)
----------------- Invoking toplevel() on ptolemy.moml.MoMLSimpleApplication@244abd9d
----------------- Done invoking toplevel() on ptolemy.moml.MoMLSimpleApplication@244abd9d
reloadAllAccessors: .CompareDE

===========================================================================================
----------------- testing Thu Apr 23 14:01:36 UTC 2020 /home/travis/build/icyphy/ptII/ptolemy/actor/lib/test/auto/ComplexDivide.xml
----------------- Instantiating /home/travis/build/icyphy/ptII/ptolemy/actor/lib/test/auto/ComplexDivide.xml
2 ms. Memory: 481280K Free: 181248K (38%)
----------------- Invoking toplevel() on ptolemy.moml.MoMLSimpleApplication@1649e84c
----------------- Done invoking toplevel() on ptolemy.moml.MoMLSimpleApplication@1649e84c
reloadAllAccessors: .ComplexDivide

===========================================================================================
----------------- testing Thu Apr 23 14:01:36 UTC 2020 /home/travis/build/icyphy/ptII/ptolemy/actor/lib/test/auto/ComputeHistogram.xml
----------------- Instantiating /home/travis/build/icyphy/ptII/ptolemy/actor/lib/test/auto/ComputeHistogram.xml
34 ms. Memory: 481280K Free: 168446K (35%)
----------------- Invoking toplevel() on ptolemy.moml.MoMLSimpleApplication@313b3487
----------------- Done invoking toplevel() on ptolemy.moml.MoMLSimpleApplication@313b3487
reloadAllAccessors: .ComputeHistogram

===========================================================================================
----------------- testing Thu Apr 23 14:01:36 UTC 2020 /home/travis/build/icyphy/ptII/ptolemy/actor/lib/test/auto/ConfigurationSelect.xml
----------------- Instantiating /home/travis/build/icyphy/ptII/ptolemy/actor/lib/test/auto/ConfigurationSelect.xml
9 ms. Memory: 481280K Free: 163311K (34%)
----------------- Invoking toplevel() on ptolemy.moml.MoMLSimpleApplication@566f41a4
----------------- Done invoking toplevel() on ptolemy.moml.MoMLSimpleApplication@566f41a4
reloadAllAccessors: .ConfigurationSelect

===========================================================================================
----------------- testing Thu Apr 23 14:01:36 UTC 2020 /home/travis/build/icyphy/ptII/ptolemy/actor/lib/test/auto/ConfigurationSelect2.xml
----------------- Instantiating /home/travis/build/icyphy/ptII/ptolemy/actor/lib/test/auto/ConfigurationSelect2.xml
2 ms. Memory: 481280K Free: 158720K (33%)
----------------- Invoking toplevel() on ptolemy.moml.MoMLSimpleApplication@5104a3a0
----------------- Done invoking toplevel() on ptolemy.moml.MoMLSimpleApplication@5104a3a0
reloadAllAccessors: .ConfigurationSelect2

===========================================================================================
----------------- testing Thu Apr 23 14:01:36 UTC 2020 /home/travis/build/icyphy/ptII/ptolemy/actor/lib/test/auto/ConfigurationSwitch.xml
----------------- Instantiating /home/travis/build/icyphy/ptII/ptolemy/actor/lib/test/auto/ConfigurationSwitch.xml
40 ms. Memory: 481280K Free: 431616K (90%)
----------------- Invoking toplevel() on ptolemy.moml.MoMLSimpleApplication@28e7fb11
----------------- Done invoking toplevel() on ptolemy.moml.MoMLSimpleApplication@28e7fb11
reloadAllAccessors: .ConfigurationSwitch

===========================================================================================
----------------- testing Thu Apr 23 14:01:36 UTC 2020 /home/travis/build/icyphy/ptII/ptolemy/actor/lib/test/auto/ConfigurationSwitch2.xml
----------------- Instantiating /home/travis/build/icyphy/ptII/ptolemy/actor/lib/test/auto/ConfigurationSwitch2.xml
4 ms. Memory: 481280K Free: 425472K (88%)
----------------- Invoking toplevel() on ptolemy.moml.MoMLSimpleApplication@55b628a4
----------------- Done invoking toplevel() on ptolemy.moml.MoMLSimpleApplication@55b628a4
reloadAllAccessors: .ConfigurationSwitch2

===========================================================================================
----------------- testing Thu Apr 23 14:01:36 UTC 2020 /home/travis/build/icyphy/ptII/ptolemy/actor/lib/test/auto/ConfigurationSwitchCloningBugWithClassRelationGroup.xml
----------------- Instantiating /home/travis/build/icyphy/ptII/ptolemy/actor/lib/test/auto/ConfigurationSwitchCloningBugWithClassRelationGroup.xml
2 ms. Memory: 481280K Free: 418814K (87%)
----------------- Invoking toplevel() on ptolemy.moml.MoMLSimpleApplication@405ef823
----------------- Done invoking toplevel() on ptolemy.moml.MoMLSimpleApplication@405ef823
reloadAllAccessors: .ConfigurationSwitchCloningBugWithClassRelationGroup

===========================================================================================
----------------- testing Thu Apr 23 14:01:36 UTC 2020 /home/travis/build/icyphy/ptII/ptolemy/actor/lib/test/auto/ConfigurationSwitchSelectSDF.xml
----------------- Instantiating /home/travis/build/icyphy/ptII/ptolemy/actor/lib/test/auto/ConfigurationSwitchSelectSDF.xml
4 ms. Memory: 481280K Free: 413184K (86%)
----------------- Invoking toplevel() on ptolemy.moml.MoMLSimpleApplication@4bc5797a
----------------- Done invoking toplevel() on ptolemy.moml.MoMLSimpleApplication@4bc5797a
reloadAllAccessors: .ConfigurationSwitchSelectSDF

===========================================================================================
----------------- testing Thu Apr 23 14:01:36 UTC 2020 /home/travis/build/icyphy/ptII/ptolemy/actor/lib/test/auto/ConfigurationSwitchSelectSDF2.xml
----------------- Instantiating /home/travis/build/icyphy/ptII/ptolemy/actor/lib/test/auto/ConfigurationSwitchSelectSDF2.xml
2 ms. Memory: 481280K Free: 407550K (85%)
----------------- Invoking toplevel() on ptolemy.moml.MoMLSimpleApplication@2ee34124
----------------- Done invoking toplevel() on ptolemy.moml.MoMLSimpleApplication@2ee34124
reloadAllAccessors: .ConfigurationSwitchSelectSDF2

===========================================================================================
----------------- testing Thu Apr 23 14:01:36 UTC 2020 /home/travis/build/icyphy/ptII/ptolemy/actor/lib/test/auto/Const.xml
----------------- Instantiating /home/travis/build/icyphy/ptII/ptolemy/actor/lib/test/auto/Const.xml
1 ms. Memory: 481280K Free: 403968K (84%)
----------------- Invoking toplevel() on ptolemy.moml.MoMLSimpleApplication@5e1e84cf
----------------- Done invoking toplevel() on ptolemy.moml.MoMLSimpleApplication@5e1e84cf
reloadAllAccessors: .Const

===========================================================================================
----------------- testing Thu Apr 23 14:01:36 UTC 2020 /home/travis/build/icyphy/ptII/ptolemy/actor/lib/test/auto/Const2.xml
----------------- Instantiating /home/travis/build/icyphy/ptII/ptolemy/actor/lib/test/auto/Const2.xml
1 ms. Memory: 481280K Free: 399872K (83%)
----------------- Invoking toplevel() on ptolemy.moml.MoMLSimpleApplication@1c5cdf79
----------------- Done invoking toplevel() on ptolemy.moml.MoMLSimpleApplication@1c5cdf79
reloadAllAccessors: .Const2

===========================================================================================
----------------- testing Thu Apr 23 14:01:36 UTC 2020 /home/travis/build/icyphy/ptII/ptolemy/actor/lib/test/auto/Const3.xml
----------------- Instantiating /home/travis/build/icyphy/ptII/ptolemy/actor/lib/test/auto/Const3.xml
1 ms. Memory: 481280K Free: 397310K (83%)
----------------- Invoking toplevel() on ptolemy.moml.MoMLSimpleApplication@67f0205
----------------- Done invoking toplevel() on ptolemy.moml.MoMLSimpleApplication@67f0205
reloadAllAccessors: .Const3

===========================================================================================
----------------- testing Thu Apr 23 14:01:36 UTC 2020 /home/travis/build/icyphy/ptII/ptolemy/actor/lib/test/auto/ConstantPublisherPort1.xml
----------------- Instantiating /home/travis/build/icyphy/ptII/ptolemy/actor/lib/test/auto/ConstantPublisherPort1.xml
6 ms. Memory: 481280K Free: 388608K (81%)
----------------- Invoking toplevel() on ptolemy.moml.MoMLSimpleApplication@3c5c1154
----------------- Done invoking toplevel() on ptolemy.moml.MoMLSimpleApplication@3c5c1154
reloadAllAccessors: .ConstantPublisherPort1

===========================================================================================
----------------- testing Thu Apr 23 14:01:36 UTC 2020 /home/travis/build/icyphy/ptII/ptolemy/actor/lib/test/auto/ConstantPublisherPort2.xml
----------------- Instantiating /home/travis/build/icyphy/ptII/ptolemy/actor/lib/test/auto/ConstantPublisherPort2.xml
10 ms. Memory: 481280K Free: 381440K (79%)
----------------- Invoking toplevel() on ptolemy.moml.MoMLSimpleApplication@4b139460
----------------- Done invoking toplevel() on ptolemy.moml.MoMLSimpleApplication@4b139460
reloadAllAccessors: .ConstantPublisherPort2

===========================================================================================
----------------- testing Thu Apr 23 14:01:36 UTC 2020 /home/travis/build/icyphy/ptII/ptolemy/actor/lib/test/auto/ConstantPublisherPort3.xml
----------------- Instantiating /home/travis/build/icyphy/ptII/ptolemy/actor/lib/test/auto/ConstantPublisherPort3.xml
6 ms. Memory: 481280K Free: 373248K (78%)
----------------- Invoking toplevel() on ptolemy.moml.MoMLSimpleApplication@5a9d3c59
----------------- Done invoking toplevel() on ptolemy.moml.MoMLSimpleApplication@5a9d3c59
reloadAllAccessors: .ConstantPublisherPort3

===========================================================================================
----------------- testing Thu Apr 23 14:01:36 UTC 2020 /home/travis/build/icyphy/ptII/ptolemy/actor/lib/test/auto/ConstantPublisherPort4.xml
----------------- Instantiating /home/travis/build/icyphy/ptII/ptolemy/actor/lib/test/auto/ConstantPublisherPort4.xml
2 ms. Memory: 481280K Free: 366080K (76%)
----------------- Invoking toplevel() on ptolemy.moml.MoMLSimpleApplication@31b21612
----------------- Done invoking toplevel() on ptolemy.moml.MoMLSimpleApplication@31b21612
reloadAllAccessors: .ConstantPublisherPort4

===========================================================================================
----------------- testing Thu Apr 23 14:01:36 UTC 2020 /home/travis/build/icyphy/ptII/ptolemy/actor/lib/test/auto/ConstantPublisherPort5.xml
----------------- Instantiating /home/travis/build/icyphy/ptII/ptolemy/actor/lib/test/auto/ConstantPublisherPort5.xml
20 ms. Memory: 481280K Free: 356864K (74%)
----------------- Invoking toplevel() on ptolemy.moml.MoMLSimpleApplication@3835ac86
----------------- Done invoking toplevel() on ptolemy.moml.MoMLSimpleApplication@3835ac86
reloadAllAccessors: .ConstantPublisherPort5

===========================================================================================
----------------- testing Thu Apr 23 14:01:36 UTC 2020 /home/travis/build/icyphy/ptII/ptolemy/actor/lib/test/auto/ConstantPublisherPort6.xml
----------------- Instantiating /home/travis/build/icyphy/ptII/ptolemy/actor/lib/test/auto/ConstantPublisherPort6.xml
19 ms. Memory: 481280K Free: 347134K (72%)
----------------- Invoking toplevel() on ptolemy.moml.MoMLSimpleApplication@d3310b7
----------------- Done invoking toplevel() on ptolemy.moml.MoMLSimpleApplication@d3310b7
reloadAllAccessors: .ConstantPublisherPort6

===========================================================================================
----------------- testing Thu Apr 23 14:01:36 UTC 2020 /home/travis/build/icyphy/ptII/ptolemy/actor/lib/test/auto/ConstantPublisherPort7.xml
----------------- Instantiating /home/travis/build/icyphy/ptII/ptolemy/actor/lib/test/auto/ConstantPublisherPort7.xml
17 ms. Memory: 481280K Free: 337918K (70%)
----------------- Invoking toplevel() on ptolemy.moml.MoMLSimpleApplication@74bef89d
----------------- Done invoking toplevel() on ptolemy.moml.MoMLSimpleApplication@74bef89d
reloadAllAccessors: .ConstantPublisherPort7

===========================================================================================
----------------- testing Thu Apr 23 14:01:36 UTC 2020 /home/travis/build/icyphy/ptII/ptolemy/actor/lib/test/auto/ConstraintMonitor1.xml
----------------- Instantiating /home/travis/build/icyphy/ptII/ptolemy/actor/lib/test/auto/ConstraintMonitor1.xml
5 ms. Memory: 481280K Free: 332288K (69%)
----------------- Invoking toplevel() on ptolemy.moml.MoMLSimpleApplication@49a150c0
----------------- Done invoking toplevel() on ptolemy.moml.MoMLSimpleApplication@49a150c0
reloadAllAccessors: .ConstraintMonitor1

===========================================================================================
----------------- testing Thu Apr 23 14:01:36 UTC 2020 /home/travis/build/icyphy/ptII/ptolemy/actor/lib/test/auto/ConstraintMonitor2.xml
----------------- Instantiating /home/travis/build/icyphy/ptII/ptolemy/actor/lib/test/auto/ConstraintMonitor2.xml
4 ms. Memory: 481280K Free: 327678K (68%)
----------------- Invoking toplevel() on ptolemy.moml.MoMLSimpleApplication@14fd283b
----------------- Done invoking toplevel() on ptolemy.moml.MoMLSimpleApplication@14fd283b
reloadAllAccessors: .ConstraintMonitor2

===========================================================================================
----------------- testing Thu Apr 23 14:01:36 UTC 2020 /home/travis/build/icyphy/ptII/ptolemy/actor/lib/test/auto/ConstraintMonitor3.xml
----------------- Instantiating /home/travis/build/icyphy/ptII/ptolemy/actor/lib/test/auto/ConstraintMonitor3.xml
4 ms. Memory: 481280K Free: 323582K (67%)
----------------- Invoking toplevel() on ptolemy.moml.MoMLSimpleApplication@ccd0690
----------------- Done invoking toplevel() on ptolemy.moml.MoMLSimpleApplication@ccd0690
reloadAllAccessors: .ConstraintMonitor3

===========================================================================================
----------------- testing Thu Apr 23 14:01:36 UTC 2020 /home/travis/build/icyphy/ptII/ptolemy/actor/lib/test/auto/ConstraintMonitor4.xml
----------------- Instantiating /home/travis/build/icyphy/ptII/ptolemy/actor/lib/test/auto/ConstraintMonitor4.xml
4 ms. Memory: 481280K Free: 318462K (66%)
----------------- Invoking toplevel() on ptolemy.moml.MoMLSimpleApplication@4f305876
----------------- Done invoking toplevel() on ptolemy.moml.MoMLSimpleApplication@4f305876
reloadAllAccessors: .ConstraintMonitor4

===========================================================================================
----------------- testing Thu Apr 23 14:01:36 UTC 2020 /home/travis/build/icyphy/ptII/ptolemy/actor/lib/test/auto/ConstraintMonitor5.xml
----------------- Instantiating /home/travis/build/icyphy/ptII/ptolemy/actor/lib/test/auto/ConstraintMonitor5.xml
3 ms. Memory: 481280K Free: 313856K (65%)
----------------- Invoking toplevel() on ptolemy.moml.MoMLSimpleApplication@78188cd2
----------------- Done invoking toplevel() on ptolemy.moml.MoMLSimpleApplication@78188cd2
reloadAllAccessors: .ConstraintMonitor5

===========================================================================================
----------------- testing Thu Apr 23 14:01:36 UTC 2020 /home/travis/build/icyphy/ptII/ptolemy/actor/lib/test/auto/ConstraintMonitor6.xml
----------------- Instantiating /home/travis/build/icyphy/ptII/ptolemy/actor/lib/test/auto/ConstraintMonitor6.xml
6 ms. Memory: 481280K Free: 307712K (64%)
----------------- Invoking toplevel() on ptolemy.moml.MoMLSimpleApplication@7ed198fd
----------------- Done invoking toplevel() on ptolemy.moml.MoMLSimpleApplication@7ed198fd
reloadAllAccessors: .ConstraintMonitor6

===========================================================================================
----------------- testing Thu Apr 23 14:01:36 UTC 2020 /home/travis/build/icyphy/ptII/ptolemy/actor/lib/test/auto/ConstraintMonitor7.xml
----------------- Instantiating /home/travis/build/icyphy/ptII/ptolemy/actor/lib/test/auto/ConstraintMonitor7.xml
5 ms. Memory: 481280K Free: 301039K (63%)
----------------- Invoking toplevel() on ptolemy.moml.MoMLSimpleApplication@6a903449
----------------- Done invoking toplevel() on ptolemy.moml.MoMLSimpleApplication@6a903449
reloadAllAccessors: .ConstraintMonitor7

===========================================================================================
----------------- testing Thu Apr 23 14:01:36 UTC 2020 /home/travis/build/icyphy/ptII/ptolemy/actor/lib/test/auto/ConstraintMonitor8.xml
----------------- Instantiating /home/travis/build/icyphy/ptII/ptolemy/actor/lib/test/auto/ConstraintMonitor8.xml
6 ms. Memory: 481280K Free: 293879K (61%)
----------------- Invoking toplevel() on ptolemy.moml.MoMLSimpleApplication@62091427
----------------- Done invoking toplevel() on ptolemy.moml.MoMLSimpleApplication@62091427
reloadAllAccessors: .ConstraintMonitor8

===========================================================================================
----------------- testing Thu Apr 23 14:01:37 UTC 2020 /home/travis/build/icyphy/ptII/ptolemy/actor/lib/test/auto/Counter.xml
----------------- Instantiating /home/travis/build/icyphy/ptII/ptolemy/actor/lib/test/auto/Counter.xml
2 ms. Memory: 481280K Free: 288256K (60%)
----------------- Invoking toplevel() on ptolemy.moml.MoMLSimpleApplication@12e84516
----------------- Done invoking toplevel() on ptolemy.moml.MoMLSimpleApplication@12e84516
reloadAllAccessors: .Counter

===========================================================================================
----------------- testing Thu Apr 23 14:01:37 UTC 2020 /home/travis/build/icyphy/ptII/ptolemy/actor/lib/test/auto/CurrentTimeSDF.xml
----------------- Instantiating /home/travis/build/icyphy/ptII/ptolemy/actor/lib/test/auto/CurrentTimeSDF.xml
2 ms. Memory: 481280K Free: 284160K (59%)
----------------- Invoking toplevel() on ptolemy.moml.MoMLSimpleApplication@2904569d
----------------- Done invoking toplevel() on ptolemy.moml.MoMLSimpleApplication@2904569d
reloadAllAccessors: .CurrentTimeSDF

===========================================================================================
----------------- testing Thu Apr 23 14:01:37 UTC 2020 /home/travis/build/icyphy/ptII/ptolemy/actor/lib/test/auto/DB.xml
----------------- Instantiating /home/travis/build/icyphy/ptII/ptolemy/actor/lib/test/auto/DB.xml
2 ms. Memory: 481280K Free: 279550K (58%)
----------------- Invoking toplevel() on ptolemy.moml.MoMLSimpleApplication@5b547a07
----------------- Done invoking toplevel() on ptolemy.moml.MoMLSimpleApplication@5b547a07
reloadAllAccessors: .DB

===========================================================================================
----------------- testing Thu Apr 23 14:01:37 UTC 2020 /home/travis/build/icyphy/ptII/ptolemy/actor/lib/test/auto/DBDE.xml
----------------- Instantiating /home/travis/build/icyphy/ptII/ptolemy/actor/lib/test/auto/DBDE.xml
2 ms. Memory: 481280K Free: 273375K (57%)
----------------- Invoking toplevel() on ptolemy.moml.MoMLSimpleApplication@344c3258
----------------- Done invoking toplevel() on ptolemy.moml.MoMLSimpleApplication@344c3258
reloadAllAccessors: .DBDE

===========================================================================================
----------------- testing Thu Apr 23 14:01:37 UTC 2020 /home/travis/build/icyphy/ptII/ptolemy/actor/lib/test/auto/DateConstructor.xml
----------------- Instantiating /home/travis/build/icyphy/ptII/ptolemy/actor/lib/test/auto/DateConstructor.xml
29 ms. Memory: 481280K Free: 255998K (53%)
----------------- Invoking toplevel() on ptolemy.moml.MoMLSimpleApplication@673c7586
----------------- Done invoking toplevel() on ptolemy.moml.MoMLSimpleApplication@673c7586
reloadAllAccessors: .DateConstructor

===========================================================================================
----------------- testing Thu Apr 23 14:01:37 UTC 2020 /home/travis/build/icyphy/ptII/ptolemy/actor/lib/test/auto/DelayTime.xml
----------------- Instantiating /home/travis/build/icyphy/ptII/ptolemy/actor/lib/test/auto/DelayTime.xml
4 ms. Memory: 481280K Free: 251392K (52%)
----------------- Invoking toplevel() on ptolemy.moml.MoMLSimpleApplication@13ef83f8
----------------- Done invoking toplevel() on ptolemy.moml.MoMLSimpleApplication@13ef83f8
reloadAllAccessors: .DelayTime

===========================================================================================
----------------- testing Thu Apr 23 14:01:37 UTC 2020 /home/travis/build/icyphy/ptII/ptolemy/actor/lib/test/auto/Dictionary1.xml
----------------- Instantiating /home/travis/build/icyphy/ptII/ptolemy/actor/lib/test/auto/Dictionary1.xml
3 ms. Memory: 481280K Free: 245758K (51%)
----------------- Invoking toplevel() on ptolemy.moml.MoMLSimpleApplication@5abf3c2
----------------- Done invoking toplevel() on ptolemy.moml.MoMLSimpleApplication@5abf3c2
reloadAllAccessors: .Dictionary1

===========================================================================================
----------------- testing Thu Apr 23 14:01:37 UTC 2020 /home/travis/build/icyphy/ptII/ptolemy/actor/lib/test/auto/Dictionary2.xml
----------------- Instantiating /home/travis/build/icyphy/ptII/ptolemy/actor/lib/test/auto/Dictionary2.xml
4 ms. Memory: 481280K Free: 240128K (50%)
----------------- Invoking toplevel() on ptolemy.moml.MoMLSimpleApplication@3969dd7
----------------- Done invoking toplevel() on ptolemy.moml.MoMLSimpleApplication@3969dd7
reloadAllAccessors: .Dictionary2

===========================================================================================
----------------- testing Thu Apr 23 14:01:37 UTC 2020 /home/travis/build/icyphy/ptII/ptolemy/actor/lib/test/auto/Dictionary3.xml
----------------- Instantiating /home/travis/build/icyphy/ptII/ptolemy/actor/lib/test/auto/Dictionary3.xml
2 ms. Memory: 481280K Free: 235008K (49%)
----------------- Invoking toplevel() on ptolemy.moml.MoMLSimpleApplication@22487972
----------------- Done invoking toplevel() on ptolemy.moml.MoMLSimpleApplication@22487972
reloadAllAccessors: .Dictionary3

===========================================================================================
----------------- testing Thu Apr 23 14:01:37 UTC 2020 /home/travis/build/icyphy/ptII/ptolemy/actor/lib/test/auto/Dictionary4.xml
----------------- Instantiating /home/travis/build/icyphy/ptII/ptolemy/actor/lib/test/auto/Dictionary4.xml
5 ms. Memory: 481280K Free: 227840K (47%)
----------------- Invoking toplevel() on ptolemy.moml.MoMLSimpleApplication@14155165
----------------- Done invoking toplevel() on ptolemy.moml.MoMLSimpleApplication@14155165
reloadAllAccessors: .Dictionary4

===========================================================================================
----------------- testing Thu Apr 23 14:01:37 UTC 2020 /home/travis/build/icyphy/ptII/ptolemy/actor/lib/test/auto/Differential.xml
----------------- Instantiating /home/travis/build/icyphy/ptII/ptolemy/actor/lib/test/auto/Differential.xml
3 ms. Memory: 481280K Free: 223230K (46%)
----------------- Invoking toplevel() on ptolemy.moml.MoMLSimpleApplication@368c93dd
----------------- Done invoking toplevel() on ptolemy.moml.MoMLSimpleApplication@368c93dd
reloadAllAccessors: .Differential

===========================================================================================
----------------- testing Thu Apr 23 14:01:37 UTC 2020 /home/travis/build/icyphy/ptII/ptolemy/actor/lib/test/auto/Director.xml
----------------- Instantiating /home/travis/build/icyphy/ptII/ptolemy/actor/lib/test/auto/Director.xml
3 ms. Memory: 481280K Free: 219648K (46%)
----------------- Invoking toplevel() on ptolemy.moml.MoMLSimpleApplication@38738df
----------------- Done invoking toplevel() on ptolemy.moml.MoMLSimpleApplication@38738df
reloadAllAccessors: .Director

===========================================================================================
----------------- testing Thu Apr 23 14:01:37 UTC 2020 /home/travis/build/icyphy/ptII/ptolemy/actor/lib/test/auto/DiscreteClock.xml
----------------- Instantiating /home/travis/build/icyphy/ptII/ptolemy/actor/lib/test/auto/DiscreteClock.xml
1 ms. Memory: 481280K Free: 216062K (45%)
----------------- Invoking toplevel() on ptolemy.moml.MoMLSimpleApplication@2061ad75
----------------- Done invoking toplevel() on ptolemy.moml.MoMLSimpleApplication@2061ad75
reloadAllAccessors: .DiscreteClock

===========================================================================================
----------------- testing Thu Apr 23 14:01:37 UTC 2020 /home/travis/build/icyphy/ptII/ptolemy/actor/lib/test/auto/DiscreteClock10.xml
----------------- Instantiating /home/travis/build/icyphy/ptII/ptolemy/actor/lib/test/auto/DiscreteClock10.xml
3 ms. Memory: 481280K Free: 209918K (44%)
----------------- Invoking toplevel() on ptolemy.moml.MoMLSimpleApplication@12e6c4d7
----------------- Done invoking toplevel() on ptolemy.moml.MoMLSimpleApplication@12e6c4d7
reloadAllAccessors: .DiscreteClock10

===========================================================================================
----------------- testing Thu Apr 23 14:01:37 UTC 2020 /home/travis/build/icyphy/ptII/ptolemy/actor/lib/test/auto/DiscreteClock11.xml
----------------- Instantiating /home/travis/build/icyphy/ptII/ptolemy/actor/lib/test/auto/DiscreteClock11.xml
3 ms. Memory: 481280K Free: 203774K (42%)
----------------- Invoking toplevel() on ptolemy.moml.MoMLSimpleApplication@169e0998
----------------- Done invoking toplevel() on ptolemy.moml.MoMLSimpleApplication@169e0998
reloadAllAccessors: .DiscreteClock11

===========================================================================================
----------------- testing Thu Apr 23 14:01:37 UTC 2020 /home/travis/build/icyphy/ptII/ptolemy/actor/lib/test/auto/DiscreteClock12.xml
----------------- Instantiating /home/travis/build/icyphy/ptII/ptolemy/actor/lib/test/auto/DiscreteClock12.xml
3 ms. Memory: 481280K Free: 197630K (41%)
----------------- Invoking toplevel() on ptolemy.moml.MoMLSimpleApplication@208f2f24
----------------- Done invoking toplevel() on ptolemy.moml.MoMLSimpleApplication@208f2f24
reloadAllAccessors: .DiscreteClock12

===========================================================================================
----------------- testing Thu Apr 23 14:01:37 UTC 2020 /home/travis/build/icyphy/ptII/ptolemy/actor/lib/test/auto/DiscreteClock13.xml
----------------- Instantiating /home/travis/build/icyphy/ptII/ptolemy/actor/lib/test/auto/DiscreteClock13.xml
2 ms. Memory: 481280K Free: 192000K (40%)
----------------- Invoking toplevel() on ptolemy.moml.MoMLSimpleApplication@7a85acf8
----------------- Done invoking toplevel() on ptolemy.moml.MoMLSimpleApplication@7a85acf8
reloadAllAccessors: .DiscreteClock13

===========================================================================================
----------------- testing Thu Apr 23 14:01:37 UTC 2020 /home/travis/build/icyphy/ptII/ptolemy/actor/lib/test/auto/DiscreteClock14.xml
----------------- Instantiating /home/travis/build/icyphy/ptII/ptolemy/actor/lib/test/auto/DiscreteClock14.xml
5 ms. Memory: 481280K Free: 185856K (39%)
----------------- Invoking toplevel() on ptolemy.moml.MoMLSimpleApplication@71981e6c
----------------- Done invoking toplevel() on ptolemy.moml.MoMLSimpleApplication@71981e6c
reloadAllAccessors: .DiscreteClock14

===========================================================================================
----------------- testing Thu Apr 23 14:01:37 UTC 2020 /home/travis/build/icyphy/ptII/ptolemy/actor/lib/test/auto/DiscreteClock15.xml
----------------- Instantiating /home/travis/build/icyphy/ptII/ptolemy/actor/lib/test/auto/DiscreteClock15.xml
5 ms. Memory: 481280K Free: 179712K (37%)
----------------- Invoking toplevel() on ptolemy.moml.MoMLSimpleApplication@561fd57d
----------------- Done invoking toplevel() on ptolemy.moml.MoMLSimpleApplication@561fd57d
reloadAllAccessors: .DiscreteClock15

===========================================================================================
----------------- testing Thu Apr 23 14:01:37 UTC 2020 /home/travis/build/icyphy/ptII/ptolemy/actor/lib/test/auto/DiscreteClock16.xml
----------------- Instantiating /home/travis/build/icyphy/ptII/ptolemy/actor/lib/test/auto/DiscreteClock16.xml
18 ms. Memory: 481280K Free: 166400K (35%)
----------------- Invoking toplevel() on ptolemy.moml.MoMLSimpleApplication@3067a024
----------------- Done invoking toplevel() on ptolemy.moml.MoMLSimpleApplication@3067a024
reloadAllAccessors: .DiscreteClock16

===========================================================================================
----------------- testing Thu Apr 23 14:01:37 UTC 2020 /home/travis/build/icyphy/ptII/ptolemy/actor/lib/test/auto/DiscreteClock17.xml
----------------- Instantiating /home/travis/build/icyphy/ptII/ptolemy/actor/lib/test/auto/DiscreteClock17.xml
66 ms. Memory: 481280K Free: 429777K (89%)
----------------- Invoking toplevel() on ptolemy.moml.MoMLSimpleApplication@68e18de6
----------------- Done invoking toplevel() on ptolemy.moml.MoMLSimpleApplication@68e18de6
reloadAllAccessors: .DiscreteClock17

===========================================================================================
----------------- testing Thu Apr 23 14:01:37 UTC 2020 /home/travis/build/icyphy/ptII/ptolemy/actor/lib/test/auto/DiscreteClock18.xml
----------------- Instantiating /home/travis/build/icyphy/ptII/ptolemy/actor/lib/test/auto/DiscreteClock18.xml
18 ms. Memory: 481280K Free: 415744K (86%)
----------------- Invoking toplevel() on ptolemy.moml.MoMLSimpleApplication@5e3424ce
----------------- Done invoking toplevel() on ptolemy.moml.MoMLSimpleApplication@5e3424ce
reloadAllAccessors: .DiscreteClock18

===========================================================================================
----------------- testing Thu Apr 23 14:01:37 UTC 2020 /home/travis/build/icyphy/ptII/ptolemy/actor/lib/test/auto/DiscreteClock19.xml
----------------- Instantiating /home/travis/build/icyphy/ptII/ptolemy/actor/lib/test/auto/DiscreteClock19.xml
14 ms. Memory: 481280K Free: 401918K (84%)
----------------- Invoking toplevel() on ptolemy.moml.MoMLSimpleApplication@36aaf28d
----------------- Done invoking toplevel() on ptolemy.moml.MoMLSimpleApplication@36aaf28d
reloadAllAccessors: .DiscreteClock19

===========================================================================================
----------------- testing Thu Apr 23 14:01:37 UTC 2020 /home/travis/build/icyphy/ptII/ptolemy/actor/lib/test/auto/DiscreteClock2.xml
----------------- Instantiating /home/travis/build/icyphy/ptII/ptolemy/actor/lib/test/auto/DiscreteClock2.xml
3 ms. Memory: 481280K Free: 396767K (82%)
----------------- Invoking toplevel() on ptolemy.moml.MoMLSimpleApplication@3c9cea7e
----------------- Done invoking toplevel() on ptolemy.moml.MoMLSimpleApplication@3c9cea7e
reloadAllAccessors: .DiscreteClock2

===========================================================================================
----------------- testing Thu Apr 23 14:01:37 UTC 2020 /home/travis/build/icyphy/ptII/ptolemy/actor/lib/test/auto/DiscreteClock20.xml
----------------- Instantiating /home/travis/build/icyphy/ptII/ptolemy/actor/lib/test/auto/DiscreteClock20.xml
8 ms. Memory: 481280K Free: 391168K (81%)
----------------- Invoking toplevel() on ptolemy.moml.MoMLSimpleApplication@2d266b86
----------------- Done invoking toplevel() on ptolemy.moml.MoMLSimpleApplication@2d266b86
reloadAllAccessors: .DiscreteClock20

===========================================================================================
----------------- testing Thu Apr 23 14:01:37 UTC 2020 /home/travis/build/icyphy/ptII/ptolemy/actor/lib/test/auto/DiscreteClock21.xml
----------------- Instantiating /home/travis/build/icyphy/ptII/ptolemy/actor/lib/test/auto/DiscreteClock21.xml
5 ms. Memory: 481280K Free: 385534K (80%)
----------------- Invoking toplevel() on ptolemy.moml.MoMLSimpleApplication@471752e7
----------------- Done invoking toplevel() on ptolemy.moml.MoMLSimpleApplication@471752e7
reloadAllAccessors: .DiscreteClock21

===========================================================================================
----------------- testing Thu Apr 23 14:01:37 UTC 2020 /home/travis/build/icyphy/ptII/ptolemy/actor/lib/test/auto/DiscreteClock22.xml
----------------- Instantiating /home/travis/build/icyphy/ptII/ptolemy/actor/lib/test/auto/DiscreteClock22.xml
4 ms. Memory: 481280K Free: 380414K (79%)
----------------- Invoking toplevel() on ptolemy.moml.MoMLSimpleApplication@21042b4f
----------------- Done invoking toplevel() on ptolemy.moml.MoMLSimpleApplication@21042b4f
reloadAllAccessors: .DiscreteClock22

===========================================================================================
----------------- testing Thu Apr 23 14:01:37 UTC 2020 /home/travis/build/icyphy/ptII/ptolemy/actor/lib/test/auto/DiscreteClock23.xml
----------------- Instantiating /home/travis/build/icyphy/ptII/ptolemy/actor/lib/test/auto/DiscreteClock23.xml
4 ms. Memory: 481280K Free: 374784K (78%)
----------------- Invoking toplevel() on ptolemy.moml.MoMLSimpleApplication@6f477a21
----------------- Done invoking toplevel() on ptolemy.moml.MoMLSimpleApplication@6f477a21
reloadAllAccessors: .DiscreteClock23

===========================================================================================
----------------- testing Thu Apr 23 14:01:37 UTC 2020 /home/travis/build/icyphy/ptII/ptolemy/actor/lib/test/auto/DiscreteClock24.xml
----------------- Instantiating /home/travis/build/icyphy/ptII/ptolemy/actor/lib/test/auto/DiscreteClock24.xml
4 ms. Memory: 481280K Free: 369150K (77%)
----------------- Invoking toplevel() on ptolemy.moml.MoMLSimpleApplication@2161c110
----------------- Done invoking toplevel() on ptolemy.moml.MoMLSimpleApplication@2161c110
reloadAllAccessors: .DiscreteClock24

===========================================================================================
----------------- testing Thu Apr 23 14:01:37 UTC 2020 /home/travis/build/icyphy/ptII/ptolemy/actor/lib/test/auto/DiscreteClock4.xml
----------------- Instantiating /home/travis/build/icyphy/ptII/ptolemy/actor/lib/test/auto/DiscreteClock4.xml
3 ms. Memory: 481280K Free: 363520K (76%)
----------------- Invoking toplevel() on ptolemy.moml.MoMLSimpleApplication@5fd1cb71
----------------- Done invoking toplevel() on ptolemy.moml.MoMLSimpleApplication@5fd1cb71
reloadAllAccessors: .DiscreteClock4

===========================================================================================
----------------- testing Thu Apr 23 14:01:37 UTC 2020 /home/travis/build/icyphy/ptII/ptolemy/actor/lib/test/auto/DiscreteClock5.xml
----------------- Instantiating /home/travis/build/icyphy/ptII/ptolemy/actor/lib/test/auto/DiscreteClock5.xml
1 ms. Memory: 481280K Free: 358400K (74%)
----------------- Invoking toplevel() on ptolemy.moml.MoMLSimpleApplication@4acedf1
----------------- Done invoking toplevel() on ptolemy.moml.MoMLSimpleApplication@4acedf1
reloadAllAccessors: .DiscreteClock5

===========================================================================================
----------------- testing Thu Apr 23 14:01:37 UTC 2020 /home/travis/build/icyphy/ptII/ptolemy/actor/lib/test/auto/DiscreteClock6.xml
----------------- Instantiating /home/travis/build/icyphy/ptII/ptolemy/actor/lib/test/auto/DiscreteClock6.xml
1 ms. Memory: 481280K Free: 353790K (74%)
----------------- Invoking toplevel() on ptolemy.moml.MoMLSimpleApplication@23964003
----------------- Done invoking toplevel() on ptolemy.moml.MoMLSimpleApplication@23964003
reloadAllAccessors: .DiscreteClock6

===========================================================================================
----------------- testing Thu Apr 23 14:01:37 UTC 2020 /home/travis/build/icyphy/ptII/ptolemy/actor/lib/test/auto/DiscreteClock7.xml
----------------- Instantiating /home/travis/build/icyphy/ptII/ptolemy/actor/lib/test/auto/DiscreteClock7.xml
2 ms. Memory: 481280K Free: 348670K (72%)
----------------- Invoking toplevel() on ptolemy.moml.MoMLSimpleApplication@79612fff
----------------- Done invoking toplevel() on ptolemy.moml.MoMLSimpleApplication@79612fff
reloadAllAccessors: .DiscreteClock7

===========================================================================================
----------------- testing Thu Apr 23 14:01:37 UTC 2020 /home/travis/build/icyphy/ptII/ptolemy/actor/lib/test/auto/DiscreteClock8.xml
----------------- Instantiating /home/travis/build/icyphy/ptII/ptolemy/actor/lib/test/auto/DiscreteClock8.xml
4 ms. Memory: 481280K Free: 343040K (71%)
----------------- Invoking toplevel() on ptolemy.moml.MoMLSimpleApplication@bddc3e5
----------------- Done invoking toplevel() on ptolemy.moml.MoMLSimpleApplication@bddc3e5
reloadAllAccessors: .DiscreteClock8

===========================================================================================
----------------- testing Thu Apr 23 14:01:37 UTC 2020 /home/travis/build/icyphy/ptII/ptolemy/actor/lib/test/auto/DiscreteClock9.xml
----------------- Instantiating /home/travis/build/icyphy/ptII/ptolemy/actor/lib/test/auto/DiscreteClock9.xml
4 ms. Memory: 481280K Free: 336896K (70%)
----------------- Invoking toplevel() on ptolemy.moml.MoMLSimpleApplication@3b7c5b1d
----------------- Done invoking toplevel() on ptolemy.moml.MoMLSimpleApplication@3b7c5b1d
reloadAllAccessors: .DiscreteClock9

===========================================================================================
----------------- testing Thu Apr 23 14:01:37 UTC 2020 /home/travis/build/icyphy/ptII/ptolemy/actor/lib/test/auto/DisplayArray.xml
----------------- Instantiating /home/travis/build/icyphy/ptII/ptolemy/actor/lib/test/auto/DisplayArray.xml
1 ms. Memory: 481280K Free: 333824K (69%)
----------------- Invoking toplevel() on ptolemy.moml.MoMLSimpleApplication@2394ed7b
----------------- Done invoking toplevel() on ptolemy.moml.MoMLSimpleApplication@2394ed7b
reloadAllAccessors: .DisplayArray

===========================================================================================
----------------- testing Thu Apr 23 14:01:37 UTC 2020 /home/travis/build/icyphy/ptII/ptolemy/actor/lib/test/auto/Distributor.xml
----------------- Instantiating /home/travis/build/icyphy/ptII/ptolemy/actor/lib/test/auto/Distributor.xml
1 ms. Memory: 481280K Free: 329214K (68%)
----------------- Invoking toplevel() on ptolemy.moml.MoMLSimpleApplication@9c64bfd
----------------- Done invoking toplevel() on ptolemy.moml.MoMLSimpleApplication@9c64bfd
reloadAllAccessors: .Distributor

===========================================================================================
----------------- testing Thu Apr 23 14:01:37 UTC 2020 /home/travis/build/icyphy/ptII/ptolemy/actor/lib/test/auto/Distributor2.xml
----------------- Instantiating /home/travis/build/icyphy/ptII/ptolemy/actor/lib/test/auto/Distributor2.xml
2 ms. Memory: 481280K Free: 324094K (67%)
----------------- Invoking toplevel() on ptolemy.moml.MoMLSimpleApplication@1fc176b5
----------------- Done invoking toplevel() on ptolemy.moml.MoMLSimpleApplication@1fc176b5
reloadAllAccessors: .Distributor2

===========================================================================================
----------------- testing Thu Apr 23 14:01:37 UTC 2020 /home/travis/build/icyphy/ptII/ptolemy/actor/lib/test/auto/DownSample.xml
----------------- Instantiating /home/travis/build/icyphy/ptII/ptolemy/actor/lib/test/auto/DownSample.xml
1 ms. Memory: 481280K Free: 319488K (66%)
----------------- Invoking toplevel() on ptolemy.moml.MoMLSimpleApplication@7dce73a2
----------------- Done invoking toplevel() on ptolemy.moml.MoMLSimpleApplication@7dce73a2
reloadAllAccessors: .DownSample

===========================================================================================
----------------- testing Thu Apr 23 14:01:37 UTC 2020 /home/travis/build/icyphy/ptII/ptolemy/actor/lib/test/auto/ElectronicUnitBase1.xml
----------------- Instantiating /home/travis/build/icyphy/ptII/ptolemy/actor/lib/test/auto/ElectronicUnitBase1.xml
15 ms. Memory: 481280K Free: 304128K (63%)
----------------- Invoking toplevel() on ptolemy.moml.MoMLSimpleApplication@6f56212f
----------------- Done invoking toplevel() on ptolemy.moml.MoMLSimpleApplication@6f56212f
reloadAllAccessors: .ElectronicUnitBase1

===========================================================================================
----------------- testing Thu Apr 23 14:01:38 UTC 2020 /home/travis/build/icyphy/ptII/ptolemy/actor/lib/test/auto/ElementsToArray.xml
----------------- Instantiating /home/travis/build/icyphy/ptII/ptolemy/actor/lib/test/auto/ElementsToArray.xml
3 ms. Memory: 481280K Free: 299008K (62%)
----------------- Invoking toplevel() on ptolemy.moml.MoMLSimpleApplication@5f8d3309
----------------- Done invoking toplevel() on ptolemy.moml.MoMLSimpleApplication@5f8d3309
reloadAllAccessors: .ElementsToArray

===========================================================================================
----------------- testing Thu Apr 23 14:01:38 UTC 2020 /home/travis/build/icyphy/ptII/ptolemy/actor/lib/test/auto/Equals.xml
----------------- Instantiating /home/travis/build/icyphy/ptII/ptolemy/actor/lib/test/auto/Equals.xml
3 ms. Memory: 481280K Free: 294398K (61%)
----------------- Invoking toplevel() on ptolemy.moml.MoMLSimpleApplication@57ebd816
----------------- Done invoking toplevel() on ptolemy.moml.MoMLSimpleApplication@57ebd816
reloadAllAccessors: .Equals

===========================================================================================
----------------- testing Thu Apr 23 14:01:38 UTC 2020 /home/travis/build/icyphy/ptII/ptolemy/actor/lib/test/auto/Exec.xml
----------------- Instantiating /home/travis/build/icyphy/ptII/ptolemy/actor/lib/test/auto/Exec.xml
19 ms. Memory: 481280K Free: 288254K (60%)
----------------- Invoking toplevel() on ptolemy.moml.MoMLSimpleApplication@235c201b
----------------- Done invoking toplevel() on ptolemy.moml.MoMLSimpleApplication@235c201b
reloadAllAccessors: .Exec

===========================================================================================
----------------- testing Thu Apr 23 14:01:38 UTC 2020 /home/travis/build/icyphy/ptII/ptolemy/actor/lib/test/auto/ExecEnvironment.xml
----------------- Instantiating /home/travis/build/icyphy/ptII/ptolemy/actor/lib/test/auto/ExecEnvironment.xml
22 ms. Memory: 481280K Free: 283103K (59%)
----------------- Invoking toplevel() on ptolemy.moml.MoMLSimpleApplication@1f3efb7
----------------- Done invoking toplevel() on ptolemy.moml.MoMLSimpleApplication@1f3efb7
reloadAllAccessors: .ExecEnvironment

===========================================================================================
----------------- testing Thu Apr 23 14:01:38 UTC 2020 /home/travis/build/icyphy/ptII/ptolemy/actor/lib/test/auto/ExecNonZeroReturnOutput.xml
----------------- Instantiating /home/travis/build/icyphy/ptII/ptolemy/actor/lib/test/auto/ExecNonZeroReturnOutput.xml
157 ms. Memory: 481280K Free: 271870K (56%)
----------------- Invoking toplevel() on ptolemy.moml.MoMLSimpleApplication@3e9f4bb3
----------------- Done invoking toplevel() on ptolemy.moml.MoMLSimpleApplication@3e9f4bb3
reloadAllAccessors: .ExecNonZeroReturnOutput

===========================================================================================
----------------- testing Thu Apr 23 14:01:38 UTC 2020 /home/travis/build/icyphy/ptII/ptolemy/actor/lib/test/auto/ExecRunDemos.xml
----------------- Instantiating /home/travis/build/icyphy/ptII/ptolemy/actor/lib/test/auto/ExecRunDemos.xml
Finished: 94 ms. Memory: 129024K Free: 112085K (87%)

Finished: 65 ms. Memory: 129024K Free: 109536K (85%)

Finished: 92 ms. Memory: 129024K Free: 109743K (85%)

Finished: 66 ms. Memory: 129024K Free: 111084K (86%)

Finished: 60 ms. Memory: 129024K Free: 111844K (87%)

10367 ms. Memory: 481280K Free: 250878K (52%)
----------------- Invoking toplevel() on ptolemy.moml.MoMLSimpleApplication@3f3f2e19
----------------- Done invoking toplevel() on ptolemy.moml.MoMLSimpleApplication@3f3f2e19
reloadAllAccessors: .ExecRunDemos

===========================================================================================
----------------- testing Thu Apr 23 14:01:48 UTC 2020 /home/travis/build/icyphy/ptII/ptolemy/actor/lib/test/auto/ExecStop.xml
----------------- Instantiating /home/travis/build/icyphy/ptII/ptolemy/actor/lib/test/auto/ExecStop.xml
5024 ms. Memory: 481280K Free: 403169K (84%)
----------------- Invoking toplevel() on ptolemy.moml.MoMLSimpleApplication@1ec6e618
----------------- Done invoking toplevel() on ptolemy.moml.MoMLSimpleApplication@1ec6e618
reloadAllAccessors: .ExecStop

===========================================================================================
----------------- testing Thu Apr 23 14:01:53 UTC 2020 /home/travis/build/icyphy/ptII/ptolemy/actor/lib/test/auto/ExecutionTimeSDF.xml
----------------- Instantiating /home/travis/build/icyphy/ptII/ptolemy/actor/lib/test/auto/ExecutionTimeSDF.xml
Fired ExecutionTime: -1254167296
Fired ExecutionTime: 1322800000
Fired ExecutionTime: -185767296
6005 ms. Memory: 481280K Free: 390867K (81%)
----------------- Invoking toplevel() on ptolemy.moml.MoMLSimpleApplication@1b98e63
----------------- Done invoking toplevel() on ptolemy.moml.MoMLSimpleApplication@1b98e63
reloadAllAccessors: .ExecutionTimeSDF

===========================================================================================
----------------- testing Thu Apr 23 14:01:59 UTC 2020 /home/travis/build/icyphy/ptII/ptolemy/actor/lib/test/auto/Expression1.xml
----------------- Instantiating /home/travis/build/icyphy/ptII/ptolemy/actor/lib/test/auto/Expression1.xml
1 ms. Memory: 481280K Free: 387299K (80%)
----------------- Invoking toplevel() on ptolemy.moml.MoMLSimpleApplication@652fb5e0
----------------- Done invoking toplevel() on ptolemy.moml.MoMLSimpleApplication@652fb5e0
reloadAllAccessors: .Expression1

===========================================================================================
----------------- testing Thu Apr 23 14:01:59 UTC 2020 /home/travis/build/icyphy/ptII/ptolemy/actor/lib/test/auto/Expression10.xml
----------------- Instantiating /home/travis/build/icyphy/ptII/ptolemy/actor/lib/test/auto/Expression10.xml
5 ms. Memory: 481280K Free: 381665K (79%)
----------------- Invoking toplevel() on ptolemy.moml.MoMLSimpleApplication@2712aedd
----------------- Done invoking toplevel() on ptolemy.moml.MoMLSimpleApplication@2712aedd
reloadAllAccessors: .Expression10

===========================================================================================
----------------- testing Thu Apr 23 14:01:59 UTC 2020 /home/travis/build/icyphy/ptII/ptolemy/actor/lib/test/auto/Expression11.xml
----------------- Instantiating /home/travis/build/icyphy/ptII/ptolemy/actor/lib/test/auto/Expression11.xml
2 ms. Memory: 481280K Free: 377569K (78%)
----------------- Invoking toplevel() on ptolemy.moml.MoMLSimpleApplication@17b55309
----------------- Done invoking toplevel() on ptolemy.moml.MoMLSimpleApplication@17b55309
reloadAllAccessors: .Expression11

===========================================================================================
----------------- testing Thu Apr 23 14:01:59 UTC 2020 /home/travis/build/icyphy/ptII/ptolemy/actor/lib/test/auto/Expression12.xml
----------------- Instantiating /home/travis/build/icyphy/ptII/ptolemy/actor/lib/test/auto/Expression12.xml
2 ms. Memory: 481280K Free: 371939K (77%)
----------------- Invoking toplevel() on ptolemy.moml.MoMLSimpleApplication@695f322e
----------------- Done invoking toplevel() on ptolemy.moml.MoMLSimpleApplication@695f322e
reloadAllAccessors: .Expression12

===========================================================================================
----------------- testing Thu Apr 23 14:01:59 UTC 2020 /home/travis/build/icyphy/ptII/ptolemy/actor/lib/test/auto/Expression13.xml
----------------- Instantiating /home/travis/build/icyphy/ptII/ptolemy/actor/lib/test/auto/Expression13.xml
2 ms. Memory: 481280K Free: 366819K (76%)
----------------- Invoking toplevel() on ptolemy.moml.MoMLSimpleApplication@73294c57
----------------- Done invoking toplevel() on ptolemy.moml.MoMLSimpleApplication@73294c57
reloadAllAccessors: .Expression13

===========================================================================================
----------------- testing Thu Apr 23 14:01:59 UTC 2020 /home/travis/build/icyphy/ptII/ptolemy/actor/lib/test/auto/Expression14.xml
----------------- Instantiating /home/travis/build/icyphy/ptII/ptolemy/actor/lib/test/auto/Expression14.xml
4 ms. Memory: 481280K Free: 360675K (75%)
----------------- Invoking toplevel() on ptolemy.moml.MoMLSimpleApplication@56f70d4d
----------------- Done invoking toplevel() on ptolemy.moml.MoMLSimpleApplication@56f70d4d
reloadAllAccessors: .Expression14

===========================================================================================
----------------- testing Thu Apr 23 14:01:59 UTC 2020 /home/travis/build/icyphy/ptII/ptolemy/actor/lib/test/auto/Expression15.xml
----------------- Instantiating /home/travis/build/icyphy/ptII/ptolemy/actor/lib/test/auto/Expression15.xml
2 ms. Memory: 481280K Free: 356579K (74%)
----------------- Invoking toplevel() on ptolemy.moml.MoMLSimpleApplication@94cc96b
----------------- Done invoking toplevel() on ptolemy.moml.MoMLSimpleApplication@94cc96b
reloadAllAccessors: .Expression15

===========================================================================================
----------------- testing Thu Apr 23 14:01:59 UTC 2020 /home/travis/build/icyphy/ptII/ptolemy/actor/lib/test/auto/Expression16.xml
----------------- Instantiating /home/travis/build/icyphy/ptII/ptolemy/actor/lib/test/auto/Expression16.xml
2 ms. Memory: 481280K Free: 351459K (73%)
----------------- Invoking toplevel() on ptolemy.moml.MoMLSimpleApplication@2f854b8b
----------------- Done invoking toplevel() on ptolemy.moml.MoMLSimpleApplication@2f854b8b
reloadAllAccessors: .Expression16

===========================================================================================
----------------- testing Thu Apr 23 14:01:59 UTC 2020 /home/travis/build/icyphy/ptII/ptolemy/actor/lib/test/auto/Expression17.xml
----------------- Instantiating /home/travis/build/icyphy/ptII/ptolemy/actor/lib/test/auto/Expression17.xml
3 ms. Memory: 481280K Free: 346849K (72%)
----------------- Invoking toplevel() on ptolemy.moml.MoMLSimpleApplication@295b4992
----------------- Done invoking toplevel() on ptolemy.moml.MoMLSimpleApplication@295b4992
reloadAllAccessors: .Expression17

===========================================================================================
----------------- testing Thu Apr 23 14:01:59 UTC 2020 /home/travis/build/icyphy/ptII/ptolemy/actor/lib/test/auto/Expression18.xml
----------------- Instantiating /home/travis/build/icyphy/ptII/ptolemy/actor/lib/test/auto/Expression18.xml
1 ms. Memory: 481280K Free: 341729K (71%)
----------------- Invoking toplevel() on ptolemy.moml.MoMLSimpleApplication@621b2b85
----------------- Done invoking toplevel() on ptolemy.moml.MoMLSimpleApplication@621b2b85
reloadAllAccessors: .Expression18

===========================================================================================
----------------- testing Thu Apr 23 14:02:00 UTC 2020 /home/travis/build/icyphy/ptII/ptolemy/actor/lib/test/auto/Expression2.xml
----------------- Instantiating /home/travis/build/icyphy/ptII/ptolemy/actor/lib/test/auto/Expression2.xml
2 ms. Memory: 481280K Free: 336609K (70%)
----------------- Invoking toplevel() on ptolemy.moml.MoMLSimpleApplication@a3cb8d7
----------------- Done invoking toplevel() on ptolemy.moml.MoMLSimpleApplication@a3cb8d7
reloadAllAccessors: .Expression2

===========================================================================================
----------------- testing Thu Apr 23 14:02:00 UTC 2020 /home/travis/build/icyphy/ptII/ptolemy/actor/lib/test/auto/Expression3.xml
----------------- Instantiating /home/travis/build/icyphy/ptII/ptolemy/actor/lib/test/auto/Expression3.xml
6 ms. Memory: 481280K Free: 331489K (69%)
----------------- Invoking toplevel() on ptolemy.moml.MoMLSimpleApplication@de7e92e
----------------- Done invoking toplevel() on ptolemy.moml.MoMLSimpleApplication@de7e92e
reloadAllAccessors: .Expression3

===========================================================================================
----------------- testing Thu Apr 23 14:02:00 UTC 2020 /home/travis/build/icyphy/ptII/ptolemy/actor/lib/test/auto/Expression4.xml
----------------- Instantiating /home/travis/build/icyphy/ptII/ptolemy/actor/lib/test/auto/Expression4.xml
4 ms. Memory: 481280K Free: 323811K (67%)
----------------- Invoking toplevel() on ptolemy.moml.MoMLSimpleApplication@533a8f13
----------------- Done invoking toplevel() on ptolemy.moml.MoMLSimpleApplication@533a8f13
reloadAllAccessors: .Expression4

===========================================================================================
----------------- testing Thu Apr 23 14:02:00 UTC 2020 /home/travis/build/icyphy/ptII/ptolemy/actor/lib/test/auto/Expression5.xml
----------------- Instantiating /home/travis/build/icyphy/ptII/ptolemy/actor/lib/test/auto/Expression5.xml
5 ms. Memory: 481280K Free: 318691K (66%)
----------------- Invoking toplevel() on ptolemy.moml.MoMLSimpleApplication@e994567
----------------- Done invoking toplevel() on ptolemy.moml.MoMLSimpleApplication@e994567
reloadAllAccessors: .Expression5

===========================================================================================
----------------- testing Thu Apr 23 14:02:00 UTC 2020 /home/travis/build/icyphy/ptII/ptolemy/actor/lib/test/auto/Expression6.xml
----------------- Instantiating /home/travis/build/icyphy/ptII/ptolemy/actor/lib/test/auto/Expression6.xml
2 ms. Memory: 481280K Free: 314595K (65%)
----------------- Invoking toplevel() on ptolemy.moml.MoMLSimpleApplication@6ad69986
----------------- Done invoking toplevel() on ptolemy.moml.MoMLSimpleApplication@6ad69986
reloadAllAccessors: .Expression6

===========================================================================================
----------------- testing Thu Apr 23 14:02:00 UTC 2020 /home/travis/build/icyphy/ptII/ptolemy/actor/lib/test/auto/Expression7.xml
----------------- Instantiating /home/travis/build/icyphy/ptII/ptolemy/actor/lib/test/auto/Expression7.xml
2 ms. Memory: 481280K Free: 309475K (64%)
----------------- Invoking toplevel() on ptolemy.moml.MoMLSimpleApplication@5748ac1b
----------------- Done invoking toplevel() on ptolemy.moml.MoMLSimpleApplication@5748ac1b
reloadAllAccessors: .Expression7

===========================================================================================
----------------- testing Thu Apr 23 14:02:00 UTC 2020 /home/travis/build/icyphy/ptII/ptolemy/actor/lib/test/auto/Expression8.xml
----------------- Instantiating /home/travis/build/icyphy/ptII/ptolemy/actor/lib/test/auto/Expression8.xml
7 ms. Memory: 481280K Free: 304355K (63%)
----------------- Invoking toplevel() on ptolemy.moml.MoMLSimpleApplication@6694cb60
----------------- Done invoking toplevel() on ptolemy.moml.MoMLSimpleApplication@6694cb60
reloadAllAccessors: .Expression8

===========================================================================================
----------------- testing Thu Apr 23 14:02:00 UTC 2020 /home/travis/build/icyphy/ptII/ptolemy/actor/lib/test/auto/Expression9.xml
----------------- Instantiating /home/travis/build/icyphy/ptII/ptolemy/actor/lib/test/auto/Expression9.xml
1 ms. Memory: 481280K Free: 300259K (62%)
----------------- Invoking toplevel() on ptolemy.moml.MoMLSimpleApplication@68778d29
----------------- Done invoking toplevel() on ptolemy.moml.MoMLSimpleApplication@68778d29
reloadAllAccessors: .Expression9

===========================================================================================
----------------- testing Thu Apr 23 14:02:00 UTC 2020 /home/travis/build/icyphy/ptII/ptolemy/actor/lib/test/auto/ExpressionConcatenateArrayType.xml
----------------- Instantiating /home/travis/build/icyphy/ptII/ptolemy/actor/lib/test/auto/ExpressionConcatenateArrayType.xml
2 ms. Memory: 481280K Free: 293601K (61%)
----------------- Invoking toplevel() on ptolemy.moml.MoMLSimpleApplication@403ff363
----------------- Done invoking toplevel() on ptolemy.moml.MoMLSimpleApplication@403ff363
reloadAllAccessors: .ExpressionConcatenateArrayType

===========================================================================================
----------------- testing Thu Apr 23 14:02:00 UTC 2020 /home/travis/build/icyphy/ptII/ptolemy/actor/lib/test/auto/ExpressionConcatenateArrayType2.xml
----------------- Instantiating /home/travis/build/icyphy/ptII/ptolemy/actor/lib/test/auto/ExpressionConcatenateArrayType2.xml
2 ms. Memory: 481280K Free: 287457K (60%)
----------------- Invoking toplevel() on ptolemy.moml.MoMLSimpleApplication@4c81476c
----------------- Done invoking toplevel() on ptolemy.moml.MoMLSimpleApplication@4c81476c
reloadAllAccessors: .ExpressionConcatenateArrayType2

===========================================================================================
----------------- testing Thu Apr 23 14:02:00 UTC 2020 /home/travis/build/icyphy/ptII/ptolemy/actor/lib/test/auto/ExpressionFix.xml
----------------- Instantiating /home/travis/build/icyphy/ptII/ptolemy/actor/lib/test/auto/ExpressionFix.xml
21 ms. Memory: 481280K Free: 280803K (58%)
----------------- Invoking toplevel() on ptolemy.moml.MoMLSimpleApplication@6caaf426
----------------- Done invoking toplevel() on ptolemy.moml.MoMLSimpleApplication@6caaf426
reloadAllAccessors: .ExpressionFix

===========================================================================================
----------------- testing Thu Apr 23 14:02:00 UTC 2020 /home/travis/build/icyphy/ptII/ptolemy/actor/lib/test/auto/ExpressionFix2.xml
----------------- Instantiating /home/travis/build/icyphy/ptII/ptolemy/actor/lib/test/auto/ExpressionFix2.xml
2 ms. Memory: 481280K Free: 277217K (58%)
----------------- Invoking toplevel() on ptolemy.moml.MoMLSimpleApplication@58d8e551
----------------- Done invoking toplevel() on ptolemy.moml.MoMLSimpleApplication@58d8e551
reloadAllAccessors: .ExpressionFix2

===========================================================================================
----------------- testing Thu Apr 23 14:02:00 UTC 2020 /home/travis/build/icyphy/ptII/ptolemy/actor/lib/test/auto/ExpressionFix3.xml
----------------- Instantiating /home/travis/build/icyphy/ptII/ptolemy/actor/lib/test/auto/ExpressionFix3.xml
1 ms. Memory: 481280K Free: 272611K (57%)
----------------- Invoking toplevel() on ptolemy.moml.MoMLSimpleApplication@372eb656
----------------- Done invoking toplevel() on ptolemy.moml.MoMLSimpleApplication@372eb656
reloadAllAccessors: .ExpressionFix3

===========================================================================================
----------------- testing Thu Apr 23 14:02:00 UTC 2020 /home/travis/build/icyphy/ptII/ptolemy/actor/lib/test/auto/FileWriter1.xml
----------------- Instantiating /home/travis/build/icyphy/ptII/ptolemy/actor/lib/test/auto/FileWriter1.xml
2 ms. Memory: 481280K Free: 268515K (56%)
----------------- Invoking toplevel() on ptolemy.moml.MoMLSimpleApplication@608064a0
----------------- Done invoking toplevel() on ptolemy.moml.MoMLSimpleApplication@608064a0
reloadAllAccessors: .FileWriter1

===========================================================================================
----------------- testing Thu Apr 23 14:02:00 UTC 2020 /home/travis/build/icyphy/ptII/ptolemy/actor/lib/test/auto/FileWriter2.xml
----------------- Instantiating /home/travis/build/icyphy/ptII/ptolemy/actor/lib/test/auto/FileWriter2.xml
2 ms. Memory: 481280K Free: 263891K (55%)
----------------- Invoking toplevel() on ptolemy.moml.MoMLSimpleApplication@46dda807
----------------- Done invoking toplevel() on ptolemy.moml.MoMLSimpleApplication@46dda807
reloadAllAccessors: .FileWriter2

===========================================================================================
----------------- testing Thu Apr 23 14:02:00 UTC 2020 /home/travis/build/icyphy/ptII/ptolemy/actor/lib/test/auto/FileWriter3.xml
----------------- Instantiating /home/travis/build/icyphy/ptII/ptolemy/actor/lib/test/auto/FileWriter3.xml
2 ms. Memory: 481280K Free: 259809K (54%)
----------------- Invoking toplevel() on ptolemy.moml.MoMLSimpleApplication@6918f1ea
----------------- Done invoking toplevel() on ptolemy.moml.MoMLSimpleApplication@6918f1ea
reloadAllAccessors: .FileWriter3

===========================================================================================
----------------- testing Thu Apr 23 14:02:00 UTC 2020 /home/travis/build/icyphy/ptII/ptolemy/actor/lib/test/auto/Gaussian.xml
----------------- Instantiating /home/travis/build/icyphy/ptII/ptolemy/actor/lib/test/auto/Gaussian.xml
1 ms. Memory: 481280K Free: 255203K (53%)
----------------- Invoking toplevel() on ptolemy.moml.MoMLSimpleApplication@7b932ffc
----------------- Done invoking toplevel() on ptolemy.moml.MoMLSimpleApplication@7b932ffc
reloadAllAccessors: .Gaussian

===========================================================================================
----------------- testing Thu Apr 23 14:02:00 UTC 2020 /home/travis/build/icyphy/ptII/ptolemy/actor/lib/test/auto/Gaussian1.xml
----------------- Instantiating /home/travis/build/icyphy/ptII/ptolemy/actor/lib/test/auto/Gaussian1.xml
2 ms. Memory: 481280K Free: 250083K (52%)
----------------- Invoking toplevel() on ptolemy.moml.MoMLSimpleApplication@596f4e42
----------------- Done invoking toplevel() on ptolemy.moml.MoMLSimpleApplication@596f4e42
reloadAllAccessors: .Gaussian1

===========================================================================================
----------------- testing Thu Apr 23 14:02:00 UTC 2020 /home/travis/build/icyphy/ptII/ptolemy/actor/lib/test/auto/Gaussian2.xml
----------------- Instantiating /home/travis/build/icyphy/ptII/ptolemy/actor/lib/test/auto/Gaussian2.xml
2 ms. Memory: 481280K Free: 244435K (51%)
----------------- Invoking toplevel() on ptolemy.moml.MoMLSimpleApplication@268c6552
----------------- Done invoking toplevel() on ptolemy.moml.MoMLSimpleApplication@268c6552
reloadAllAccessors: .Gaussian2

===========================================================================================
----------------- testing Thu Apr 23 14:02:00 UTC 2020 /home/travis/build/icyphy/ptII/ptolemy/actor/lib/test/auto/GradientAdaptiveLattice.xml
----------------- Instantiating /home/travis/build/icyphy/ptII/ptolemy/actor/lib/test/auto/GradientAdaptiveLattice.xml
3 ms. Memory: 481280K Free: 239329K (50%)
----------------- Invoking toplevel() on ptolemy.moml.MoMLSimpleApplication@737f797f
----------------- Done invoking toplevel() on ptolemy.moml.MoMLSimpleApplication@737f797f
reloadAllAccessors: .GradientAdaptiveLattice

===========================================================================================
----------------- testing Thu Apr 23 14:02:00 UTC 2020 /home/travis/build/icyphy/ptII/ptolemy/actor/lib/test/auto/IIR.xml
----------------- Instantiating /home/travis/build/icyphy/ptII/ptolemy/actor/lib/test/auto/IIR.xml
1 ms. Memory: 481280K Free: 234723K (49%)
----------------- Invoking toplevel() on ptolemy.moml.MoMLSimpleApplication@7742041c
----------------- Done invoking toplevel() on ptolemy.moml.MoMLSimpleApplication@7742041c
reloadAllAccessors: .IIR

===========================================================================================
----------------- testing Thu Apr 23 14:02:00 UTC 2020 /home/travis/build/icyphy/ptII/ptolemy/actor/lib/test/auto/InputOutputTransparentPorts.xml
----------------- Instantiating /home/travis/build/icyphy/ptII/ptolemy/actor/lib/test/auto/InputOutputTransparentPorts.xml
2 ms. Memory: 481280K Free: 227041K (47%)
----------------- Invoking toplevel() on ptolemy.moml.MoMLSimpleApplication@4901a251
----------------- Done invoking toplevel() on ptolemy.moml.MoMLSimpleApplication@4901a251
reloadAllAccessors: .InputOutputTransparentPorts

===========================================================================================
----------------- testing Thu Apr 23 14:02:00 UTC 2020 /home/travis/build/icyphy/ptII/ptolemy/actor/lib/test/auto/Interpolator.xml
----------------- Instantiating /home/travis/build/icyphy/ptII/ptolemy/actor/lib/test/auto/Interpolator.xml
5 ms. Memory: 481280K Free: 222945K (46%)
----------------- Invoking toplevel() on ptolemy.moml.MoMLSimpleApplication@405fefa1
----------------- Done invoking toplevel() on ptolemy.moml.MoMLSimpleApplication@405fefa1
reloadAllAccessors: .Interpolator

===========================================================================================
----------------- testing Thu Apr 23 14:02:00 UTC 2020 /home/travis/build/icyphy/ptII/ptolemy/actor/lib/test/auto/InterpolatorFiringLimitDE.xml
----------------- Instantiating /home/travis/build/icyphy/ptII/ptolemy/actor/lib/test/auto/InterpolatorFiringLimitDE.xml
2 ms. Memory: 481280K Free: 216801K (45%)
----------------- Invoking toplevel() on ptolemy.moml.MoMLSimpleApplication@5ef84e00
----------------- Done invoking toplevel() on ptolemy.moml.MoMLSimpleApplication@5ef84e00
reloadAllAccessors: .InterpolatorFiringLimitDE

===========================================================================================
----------------- testing Thu Apr 23 14:02:00 UTC 2020 /home/travis/build/icyphy/ptII/ptolemy/actor/lib/test/auto/Lattice.xml
----------------- Instantiating /home/travis/build/icyphy/ptII/ptolemy/actor/lib/test/auto/Lattice.xml
1 ms. Memory: 481280K Free: 213219K (44%)
----------------- Invoking toplevel() on ptolemy.moml.MoMLSimpleApplication@3460ad9d
----------------- Done invoking toplevel() on ptolemy.moml.MoMLSimpleApplication@3460ad9d
reloadAllAccessors: .Lattice

===========================================================================================
----------------- testing Thu Apr 23 14:02:00 UTC 2020 /home/travis/build/icyphy/ptII/ptolemy/actor/lib/test/auto/LazyAOCTestLazy.xml
----------------- Instantiating /home/travis/build/icyphy/ptII/ptolemy/actor/lib/test/auto/LazyAOCTestLazy.xml
9 ms. Memory: 481280K Free: 207075K (43%)
----------------- Invoking toplevel() on ptolemy.moml.MoMLSimpleApplication@6e9f6a45
----------------- Done invoking toplevel() on ptolemy.moml.MoMLSimpleApplication@6e9f6a45
reloadAllAccessors: .LazyAOCTestLazy

===========================================================================================
----------------- testing Thu Apr 23 14:02:00 UTC 2020 /home/travis/build/icyphy/ptII/ptolemy/actor/lib/test/auto/LazyAOCTestNonLazy.xml
----------------- Instantiating /home/travis/build/icyphy/ptII/ptolemy/actor/lib/test/auto/LazyAOCTestNonLazy.xml
2 ms. Memory: 481280K Free: 200417K (42%)
----------------- Invoking toplevel() on ptolemy.moml.MoMLSimpleApplication@3919c8b8
----------------- Done invoking toplevel() on ptolemy.moml.MoMLSimpleApplication@3919c8b8
reloadAllAccessors: .LazyAOCTestNonLazy

===========================================================================================
----------------- testing Thu Apr 23 14:02:00 UTC 2020 /home/travis/build/icyphy/ptII/ptolemy/actor/lib/test/auto/LazyInnerClass.xml
----------------- Instantiating /home/travis/build/icyphy/ptII/ptolemy/actor/lib/test/auto/LazyInnerClass.xml
19 ms. Memory: 481280K Free: 191715K (40%)
----------------- Invoking toplevel() on ptolemy.moml.MoMLSimpleApplication@17b51c09
----------------- Done invoking toplevel() on ptolemy.moml.MoMLSimpleApplication@17b51c09
reloadAllAccessors: .LazyInnerClass

===========================================================================================
----------------- testing Thu Apr 23 14:02:00 UTC 2020 /home/travis/build/icyphy/ptII/ptolemy/actor/lib/test/auto/LazyPubSub.xml
----------------- Instantiating /home/travis/build/icyphy/ptII/ptolemy/actor/lib/test/auto/LazyPubSub.xml
26 ms. Memory: 481280K Free: 181475K (38%)
----------------- Invoking toplevel() on ptolemy.moml.MoMLSimpleApplication@1697875b
----------------- Done invoking toplevel() on ptolemy.moml.MoMLSimpleApplication@1697875b
reloadAllAccessors: .LazyPubSub

===========================================================================================
----------------- testing Thu Apr 23 14:02:00 UTC 2020 /home/travis/build/icyphy/ptII/ptolemy/actor/lib/test/auto/LazyPubSub2.xml
----------------- Instantiating /home/travis/build/icyphy/ptII/ptolemy/actor/lib/test/auto/LazyPubSub2.xml
23 ms. Memory: 481280K Free: 170721K (35%)
----------------- Invoking toplevel() on ptolemy.moml.MoMLSimpleApplication@57e49ca9
----------------- Done invoking toplevel() on ptolemy.moml.MoMLSimpleApplication@57e49ca9
reloadAllAccessors: .LazyPubSub2

===========================================================================================
----------------- testing Thu Apr 23 14:02:00 UTC 2020 /home/travis/build/icyphy/ptII/ptolemy/actor/lib/test/auto/LazyPubSub3.xml
----------------- Instantiating /home/travis/build/icyphy/ptII/ptolemy/actor/lib/test/auto/LazyPubSub3.xml
13 ms. Memory: 481280K Free: 160481K (33%)
----------------- Invoking toplevel() on ptolemy.moml.MoMLSimpleApplication@3e39c071
----------------- Done invoking toplevel() on ptolemy.moml.MoMLSimpleApplication@3e39c071
reloadAllAccessors: .LazyPubSub3

===========================================================================================
----------------- testing Thu Apr 23 14:02:00 UTC 2020 /home/travis/build/icyphy/ptII/ptolemy/actor/lib/test/auto/LazySubClassModel.xml
----------------- Instantiating /home/travis/build/icyphy/ptII/ptolemy/actor/lib/test/auto/LazySubClassModel.xml
2 ms. Memory: 481280K Free: 428015K (89%)
----------------- Invoking toplevel() on ptolemy.moml.MoMLSimpleApplication@2151e313
----------------- Done invoking toplevel() on ptolemy.moml.MoMLSimpleApplication@2151e313
reloadAllAccessors: .LazySubClassModel

===========================================================================================
----------------- testing Thu Apr 23 14:02:00 UTC 2020 /home/travis/build/icyphy/ptII/ptolemy/actor/lib/test/auto/LevelCrossTest1.xml
----------------- Instantiating /home/travis/build/icyphy/ptII/ptolemy/actor/lib/test/auto/LevelCrossTest1.xml
1 ms. Memory: 481280K Free: 422400K (88%)
----------------- Invoking toplevel() on ptolemy.moml.MoMLSimpleApplication@791cfc32
----------------- Done invoking toplevel() on ptolemy.moml.MoMLSimpleApplication@791cfc32
reloadAllAccessors: .broken

===========================================================================================
----------------- testing Thu Apr 23 14:02:00 UTC 2020 /home/travis/build/icyphy/ptII/ptolemy/actor/lib/test/auto/LevelCrossTest10.xml
----------------- Instantiating /home/travis/build/icyphy/ptII/ptolemy/actor/lib/test/auto/LevelCrossTest10.xml
1 ms. Memory: 481280K Free: 414718K (86%)
----------------- Invoking toplevel() on ptolemy.moml.MoMLSimpleApplication@8770b38
----------------- Done invoking toplevel() on ptolemy.moml.MoMLSimpleApplication@8770b38
reloadAllAccessors: .LevelCrossTest10

===========================================================================================
----------------- testing Thu Apr 23 14:02:00 UTC 2020 /home/travis/build/icyphy/ptII/ptolemy/actor/lib/test/auto/LevelCrossTest11.xml
----------------- Instantiating /home/travis/build/icyphy/ptII/ptolemy/actor/lib/test/auto/LevelCrossTest11.xml
2 ms. Memory: 481280K Free: 408064K (85%)
----------------- Invoking toplevel() on ptolemy.moml.MoMLSimpleApplication@7f773f85
----------------- Done invoking toplevel() on ptolemy.moml.MoMLSimpleApplication@7f773f85
reloadAllAccessors: .LevelCrossTest11

===========================================================================================
----------------- testing Thu Apr 23 14:02:00 UTC 2020 /home/travis/build/icyphy/ptII/ptolemy/actor/lib/test/auto/LevelCrossTest12.xml
----------------- Instantiating /home/travis/build/icyphy/ptII/ptolemy/actor/lib/test/auto/LevelCrossTest12.xml
1 ms. Memory: 481280K Free: 401406K (83%)
----------------- Invoking toplevel() on ptolemy.moml.MoMLSimpleApplication@59f02b0e
----------------- Done invoking toplevel() on ptolemy.moml.MoMLSimpleApplication@59f02b0e
reloadAllAccessors: .LevelCrossTest12

===========================================================================================
----------------- testing Thu Apr 23 14:02:00 UTC 2020 /home/travis/build/icyphy/ptII/ptolemy/actor/lib/test/auto/LevelCrossTest13.xml
----------------- Instantiating /home/travis/build/icyphy/ptII/ptolemy/actor/lib/test/auto/LevelCrossTest13.xml
1 ms. Memory: 481280K Free: 393728K (82%)
----------------- Invoking toplevel() on ptolemy.moml.MoMLSimpleApplication@7725e2bd
----------------- Done invoking toplevel() on ptolemy.moml.MoMLSimpleApplication@7725e2bd
reloadAllAccessors: .LevelCrossTest13

===========================================================================================
----------------- testing Thu Apr 23 14:02:00 UTC 2020 /home/travis/build/icyphy/ptII/ptolemy/actor/lib/test/auto/LevelCrossTest2.xml
----------------- Instantiating /home/travis/build/icyphy/ptII/ptolemy/actor/lib/test/auto/LevelCrossTest2.xml
2 ms. Memory: 481280K Free: 388094K (81%)
----------------- Invoking toplevel() on ptolemy.moml.MoMLSimpleApplication@6db30565
----------------- Done invoking toplevel() on ptolemy.moml.MoMLSimpleApplication@6db30565
reloadAllAccessors: .broken

===========================================================================================
----------------- testing Thu Apr 23 14:02:00 UTC 2020 /home/travis/build/icyphy/ptII/ptolemy/actor/lib/test/auto/LevelCrossTest3.xml
----------------- Instantiating /home/travis/build/icyphy/ptII/ptolemy/actor/lib/test/auto/LevelCrossTest3.xml
1 ms. Memory: 481280K Free: 381440K (79%)
----------------- Invoking toplevel() on ptolemy.moml.MoMLSimpleApplication@79786815
----------------- Done invoking toplevel() on ptolemy.moml.MoMLSimpleApplication@79786815
reloadAllAccessors: .LevelCrossTest3

===========================================================================================
----------------- testing Thu Apr 23 14:02:00 UTC 2020 /home/travis/build/icyphy/ptII/ptolemy/actor/lib/test/auto/LevelCrossTest4.xml
----------------- Instantiating /home/travis/build/icyphy/ptII/ptolemy/actor/lib/test/auto/LevelCrossTest4.xml
1 ms. Memory: 481280K Free: 375806K (78%)
----------------- Invoking toplevel() on ptolemy.moml.MoMLSimpleApplication@ec8cafc
----------------- Done invoking toplevel() on ptolemy.moml.MoMLSimpleApplication@ec8cafc
reloadAllAccessors: .broken

===========================================================================================
----------------- testing Thu Apr 23 14:02:00 UTC 2020 /home/travis/build/icyphy/ptII/ptolemy/actor/lib/test/auto/LevelCrossTest5.xml
----------------- Instantiating /home/travis/build/icyphy/ptII/ptolemy/actor/lib/test/auto/LevelCrossTest5.xml
4 ms. Memory: 481280K Free: 369152K (77%)
----------------- Invoking toplevel() on ptolemy.moml.MoMLSimpleApplication@39a77feb
----------------- Done invoking toplevel() on ptolemy.moml.MoMLSimpleApplication@39a77feb
reloadAllAccessors: .LevelCrossTest5

===========================================================================================
----------------- testing Thu Apr 23 14:02:00 UTC 2020 /home/travis/build/icyphy/ptII/ptolemy/actor/lib/test/auto/LevelCrossTest6.xml
----------------- Instantiating /home/travis/build/icyphy/ptII/ptolemy/actor/lib/test/auto/LevelCrossTest6.xml
2 ms. Memory: 481280K Free: 361984K (75%)
----------------- Invoking toplevel() on ptolemy.moml.MoMLSimpleApplication@2c20d16
----------------- Done invoking toplevel() on ptolemy.moml.MoMLSimpleApplication@2c20d16
reloadAllAccessors: .LevelCrossTest6

===========================================================================================
----------------- testing Thu Apr 23 14:02:01 UTC 2020 /home/travis/build/icyphy/ptII/ptolemy/actor/lib/test/auto/LevelCrossTest7.xml
----------------- Instantiating /home/travis/build/icyphy/ptII/ptolemy/actor/lib/test/auto/LevelCrossTest7.xml
1 ms. Memory: 481280K Free: 354816K (74%)
----------------- Invoking toplevel() on ptolemy.moml.MoMLSimpleApplication@72db4a08
----------------- Done invoking toplevel() on ptolemy.moml.MoMLSimpleApplication@72db4a08
reloadAllAccessors: .LevelCrossTest7

===========================================================================================
----------------- testing Thu Apr 23 14:02:01 UTC 2020 /home/travis/build/icyphy/ptII/ptolemy/actor/lib/test/auto/LevelCrossTest8.xml
----------------- Instantiating /home/travis/build/icyphy/ptII/ptolemy/actor/lib/test/auto/LevelCrossTest8.xml
2 ms. Memory: 481280K Free: 347134K (72%)
----------------- Invoking toplevel() on ptolemy.moml.MoMLSimpleApplication@3a401da1
----------------- Done invoking toplevel() on ptolemy.moml.MoMLSimpleApplication@3a401da1
reloadAllAccessors: .LevelCrossTest8

===========================================================================================
----------------- testing Thu Apr 23 14:02:01 UTC 2020 /home/travis/build/icyphy/ptII/ptolemy/actor/lib/test/auto/LevelCrossTest9.xml
----------------- Instantiating /home/travis/build/icyphy/ptII/ptolemy/actor/lib/test/auto/LevelCrossTest9.xml
1 ms. Memory: 481280K Free: 339456K (71%)
----------------- Invoking toplevel() on ptolemy.moml.MoMLSimpleApplication@5b9dc011
----------------- Done invoking toplevel() on ptolemy.moml.MoMLSimpleApplication@5b9dc011
reloadAllAccessors: .LevelCrossTest9

===========================================================================================
----------------- testing Thu Apr 23 14:02:01 UTC 2020 /home/travis/build/icyphy/ptII/ptolemy/actor/lib/test/auto/LevinsonDurbin.xml
----------------- Instantiating /home/travis/build/icyphy/ptII/ptolemy/actor/lib/test/auto/LevinsonDurbin.xml
1 ms. Memory: 481280K Free: 335360K (70%)
----------------- Invoking toplevel() on ptolemy.moml.MoMLSimpleApplication@1a1c682b
----------------- Done invoking toplevel() on ptolemy.moml.MoMLSimpleApplication@1a1c682b
reloadAllAccessors: .LevinsonDurbin

===========================================================================================
----------------- testing Thu Apr 23 14:02:01 UTC 2020 /home/travis/build/icyphy/ptII/ptolemy/actor/lib/test/auto/LevinsonDurbin2.xml
----------------- Instantiating /home/travis/build/icyphy/ptII/ptolemy/actor/lib/test/auto/LevinsonDurbin2.xml
1 ms. Memory: 481280K Free: 331264K (69%)
----------------- Invoking toplevel() on ptolemy.moml.MoMLSimpleApplication@4b793dea
----------------- Done invoking toplevel() on ptolemy.moml.MoMLSimpleApplication@4b793dea
reloadAllAccessors: .LevinsonDurbin2

===========================================================================================
----------------- testing Thu Apr 23 14:02:01 UTC 2020 /home/travis/build/icyphy/ptII/ptolemy/actor/lib/test/auto/LevinsonDurbin3.xml
----------------- Instantiating /home/travis/build/icyphy/ptII/ptolemy/actor/lib/test/auto/LevinsonDurbin3.xml
2 ms. Memory: 481280K Free: 327168K (68%)
----------------- Invoking toplevel() on ptolemy.moml.MoMLSimpleApplication@34027769
----------------- Done invoking toplevel() on ptolemy.moml.MoMLSimpleApplication@34027769
reloadAllAccessors: .LevinsonDurbin3

===========================================================================================
----------------- testing Thu Apr 23 14:02:01 UTC 2020 /home/travis/build/icyphy/ptII/ptolemy/actor/lib/test/auto/Limiter.xml
----------------- Instantiating /home/travis/build/icyphy/ptII/ptolemy/actor/lib/test/auto/Limiter.xml
7 ms. Memory: 481280K Free: 317952K (66%)
----------------- Invoking toplevel() on ptolemy.moml.MoMLSimpleApplication@31459ef3
----------------- Done invoking toplevel() on ptolemy.moml.MoMLSimpleApplication@31459ef3
reloadAllAccessors: .Limiter

===========================================================================================
----------------- testing Thu Apr 23 14:02:01 UTC 2020 /home/travis/build/icyphy/ptII/ptolemy/actor/lib/test/auto/LinearDifferenceEquationSystem.xml
----------------- Instantiating /home/travis/build/icyphy/ptII/ptolemy/actor/lib/test/auto/LinearDifferenceEquationSystem.xml
6 ms. Memory: 481280K Free: 310784K (65%)
----------------- Invoking toplevel() on ptolemy.moml.MoMLSimpleApplication@2c60aaa1
----------------- Done invoking toplevel() on ptolemy.moml.MoMLSimpleApplication@2c60aaa1
reloadAllAccessors: .LinearDifferenceEquationSystem

===========================================================================================
----------------- testing Thu Apr 23 14:02:01 UTC 2020 /home/travis/build/icyphy/ptII/ptolemy/actor/lib/test/auto/LookupTable.xml
----------------- Instantiating /home/travis/build/icyphy/ptII/ptolemy/actor/lib/test/auto/LookupTable.xml
2 ms. Memory: 481280K Free: 306174K (64%)
----------------- Invoking toplevel() on ptolemy.moml.MoMLSimpleApplication@4a17af56
----------------- Done invoking toplevel() on ptolemy.moml.MoMLSimpleApplication@4a17af56
reloadAllAccessors: .LookupTable

===========================================================================================
----------------- testing Thu Apr 23 14:02:01 UTC 2020 /home/travis/build/icyphy/ptII/ptolemy/actor/lib/test/auto/MathFunction.xml
----------------- Instantiating /home/travis/build/icyphy/ptII/ptolemy/actor/lib/test/auto/MathFunction.xml
2 ms. Memory: 481280K Free: 297982K (62%)
----------------- Invoking toplevel() on ptolemy.moml.MoMLSimpleApplication@136912b7
----------------- Done invoking toplevel() on ptolemy.moml.MoMLSimpleApplication@136912b7
reloadAllAccessors: .MathFunction

===========================================================================================
----------------- testing Thu Apr 23 14:02:01 UTC 2020 /home/travis/build/icyphy/ptII/ptolemy/actor/lib/test/auto/MathFunction2.xml
----------------- Instantiating /home/travis/build/icyphy/ptII/ptolemy/actor/lib/test/auto/MathFunction2.xml
4 ms. Memory: 481280K Free: 293886K (61%)
----------------- Invoking toplevel() on ptolemy.moml.MoMLSimpleApplication@7e52f516
----------------- Done invoking toplevel() on ptolemy.moml.MoMLSimpleApplication@7e52f516
reloadAllAccessors: .MathFunction2

===========================================================================================
----------------- testing Thu Apr 23 14:02:01 UTC 2020 /home/travis/build/icyphy/ptII/ptolemy/actor/lib/test/auto/MathFunction3.xml
----------------- Instantiating /home/travis/build/icyphy/ptII/ptolemy/actor/lib/test/auto/MathFunction3.xml
2 ms. Memory: 481280K Free: 286718K (60%)
----------------- Invoking toplevel() on ptolemy.moml.MoMLSimpleApplication@6e4722a
----------------- Done invoking toplevel() on ptolemy.moml.MoMLSimpleApplication@6e4722a
reloadAllAccessors: .MathFunction3

===========================================================================================
----------------- testing Thu Apr 23 14:02:01 UTC 2020 /home/travis/build/icyphy/ptII/ptolemy/actor/lib/test/auto/MatrixCropBoolean.xml
----------------- Instantiating /home/travis/build/icyphy/ptII/ptolemy/actor/lib/test/auto/MatrixCropBoolean.xml
2 ms. Memory: 481280K Free: 281567K (59%)
----------------- Invoking toplevel() on ptolemy.moml.MoMLSimpleApplication@34b976e7
----------------- Done invoking toplevel() on ptolemy.moml.MoMLSimpleApplication@34b976e7
reloadAllAccessors: .MatrixCropBoolean

===========================================================================================
----------------- testing Thu Apr 23 14:02:01 UTC 2020 /home/travis/build/icyphy/ptII/ptolemy/actor/lib/test/auto/MatrixCropComplex.xml
----------------- Instantiating /home/travis/build/icyphy/ptII/ptolemy/actor/lib/test/auto/MatrixCropComplex.xml
1 ms. Memory: 481280K Free: 276447K (57%)
----------------- Invoking toplevel() on ptolemy.moml.MoMLSimpleApplication@1b13d435
----------------- Done invoking toplevel() on ptolemy.moml.MoMLSimpleApplication@1b13d435
reloadAllAccessors: .MatrixCropComplex

===========================================================================================
----------------- testing Thu Apr 23 14:02:01 UTC 2020 /home/travis/build/icyphy/ptII/ptolemy/actor/lib/test/auto/MatrixCropDouble.xml
----------------- Instantiating /home/travis/build/icyphy/ptII/ptolemy/actor/lib/test/auto/MatrixCropDouble.xml
2 ms. Memory: 481280K Free: 271327K (56%)
----------------- Invoking toplevel() on ptolemy.moml.MoMLSimpleApplication@200ce7c8
----------------- Done invoking toplevel() on ptolemy.moml.MoMLSimpleApplication@200ce7c8
reloadAllAccessors: .MatrixCropDouble

===========================================================================================
----------------- testing Thu Apr 23 14:02:01 UTC 2020 /home/travis/build/icyphy/ptII/ptolemy/actor/lib/test/auto/MatrixCropFix.xml
----------------- Instantiating /home/travis/build/icyphy/ptII/ptolemy/actor/lib/test/auto/MatrixCropFix.xml
2 ms. Memory: 481280K Free: 266231K (55%)
----------------- Invoking toplevel() on ptolemy.moml.MoMLSimpleApplication@12a9ded0
----------------- Done invoking toplevel() on ptolemy.moml.MoMLSimpleApplication@12a9ded0
reloadAllAccessors: .MatrixCropFix

===========================================================================================
----------------- testing Thu Apr 23 14:02:01 UTC 2020 /home/travis/build/icyphy/ptII/ptolemy/actor/lib/test/auto/MatrixCropInt.xml
----------------- Instantiating /home/travis/build/icyphy/ptII/ptolemy/actor/lib/test/auto/MatrixCropInt.xml
2 ms. Memory: 481280K Free: 261087K (54%)
----------------- Invoking toplevel() on ptolemy.moml.MoMLSimpleApplication@76c21d98
----------------- Done invoking toplevel() on ptolemy.moml.MoMLSimpleApplication@76c21d98
reloadAllAccessors: .MatrixCropInt

===========================================================================================
----------------- testing Thu Apr 23 14:02:01 UTC 2020 /home/travis/build/icyphy/ptII/ptolemy/actor/lib/test/auto/MatrixCropLong.xml
----------------- Instantiating /home/travis/build/icyphy/ptII/ptolemy/actor/lib/test/auto/MatrixCropLong.xml
2 ms. Memory: 481280K Free: 255967K (53%)
----------------- Invoking toplevel() on ptolemy.moml.MoMLSimpleApplication@7c143aba
----------------- Done invoking toplevel() on ptolemy.moml.MoMLSimpleApplication@7c143aba
reloadAllAccessors: .MatrixCropLong

===========================================================================================
----------------- testing Thu Apr 23 14:02:01 UTC 2020 /home/travis/build/icyphy/ptII/ptolemy/actor/lib/test/auto/MatrixToArray.xml
----------------- Instantiating /home/travis/build/icyphy/ptII/ptolemy/actor/lib/test/auto/MatrixToArray.xml
12 ms. Memory: 481280K Free: 241152K (50%)
----------------- Invoking toplevel() on ptolemy.moml.MoMLSimpleApplication@df499cf
----------------- Done invoking toplevel() on ptolemy.moml.MoMLSimpleApplication@df499cf
reloadAllAccessors: .MatrixToArray

===========================================================================================
----------------- testing Thu Apr 23 14:02:01 UTC 2020 /home/travis/build/icyphy/ptII/ptolemy/actor/lib/test/auto/MaxIndex.xml
----------------- Instantiating /home/travis/build/icyphy/ptII/ptolemy/actor/lib/test/auto/MaxIndex.xml
2 ms. Memory: 481280K Free: 236032K (49%)
----------------- Invoking toplevel() on ptolemy.moml.MoMLSimpleApplication@7e1d5a4c
----------------- Done invoking toplevel() on ptolemy.moml.MoMLSimpleApplication@7e1d5a4c
reloadAllAccessors: .MaxIndex

===========================================================================================
----------------- testing Thu Apr 23 14:02:01 UTC 2020 /home/travis/build/icyphy/ptII/ptolemy/actor/lib/test/auto/Maximum.xml
----------------- Instantiating /home/travis/build/icyphy/ptII/ptolemy/actor/lib/test/auto/Maximum.xml
3 ms. Memory: 481280K Free: 229343K (48%)
----------------- Invoking toplevel() on ptolemy.moml.MoMLSimpleApplication@4dcc7fe0
----------------- Done invoking toplevel() on ptolemy.moml.MoMLSimpleApplication@4dcc7fe0
reloadAllAccessors: .Maximum

===========================================================================================
----------------- testing Thu Apr 23 14:02:01 UTC 2020 /home/travis/build/icyphy/ptII/ptolemy/actor/lib/test/auto/MaximumComplex.xml
----------------- Instantiating /home/travis/build/icyphy/ptII/ptolemy/actor/lib/test/auto/MaximumComplex.xml
5 ms. Memory: 481280K Free: 223215K (46%)
----------------- Invoking toplevel() on ptolemy.moml.MoMLSimpleApplication@56e83977
----------------- Done invoking toplevel() on ptolemy.moml.MoMLSimpleApplication@56e83977
reloadAllAccessors: .MaximumComplex

===========================================================================================
----------------- testing Thu Apr 23 14:02:01 UTC 2020 /home/travis/build/icyphy/ptII/ptolemy/actor/lib/test/auto/MethodCallTest.xml
----------------- Instantiating /home/travis/build/icyphy/ptII/ptolemy/actor/lib/test/auto/MethodCallTest.xml
3 ms. Memory: 481280K Free: 216576K (45%)
----------------- Invoking toplevel() on ptolemy.moml.MoMLSimpleApplication@669c8208
----------------- Done invoking toplevel() on ptolemy.moml.MoMLSimpleApplication@669c8208
reloadAllAccessors: .MethodCallTest

===========================================================================================
----------------- testing Thu Apr 23 14:02:01 UTC 2020 /home/travis/build/icyphy/ptII/ptolemy/actor/lib/test/auto/Minimum.xml
----------------- Instantiating /home/travis/build/icyphy/ptII/ptolemy/actor/lib/test/auto/Minimum.xml
4 ms. Memory: 481280K Free: 209903K (44%)
----------------- Invoking toplevel() on ptolemy.moml.MoMLSimpleApplication@1f8e6050
----------------- Done invoking toplevel() on ptolemy.moml.MoMLSimpleApplication@1f8e6050
reloadAllAccessors: .Minimum

===========================================================================================
----------------- testing Thu Apr 23 14:02:01 UTC 2020 /home/travis/build/icyphy/ptII/ptolemy/actor/lib/test/auto/MinimumComplex.xml
----------------- Instantiating /home/travis/build/icyphy/ptII/ptolemy/actor/lib/test/auto/MinimumComplex.xml
2 ms. Memory: 481280K Free: 203774K (42%)
----------------- Invoking toplevel() on ptolemy.moml.MoMLSimpleApplication@76015db0
----------------- Done invoking toplevel() on ptolemy.moml.MoMLSimpleApplication@76015db0
reloadAllAccessors: .MinimumComplex

===========================================================================================
----------------- testing Thu Apr 23 14:02:01 UTC 2020 /home/travis/build/icyphy/ptII/ptolemy/actor/lib/test/auto/MinimumMultiports.xml
----------------- Instantiating /home/travis/build/icyphy/ptII/ptolemy/actor/lib/test/auto/MinimumMultiports.xml
3 ms. Memory: 481280K Free: 195072K (41%)
----------------- Invoking toplevel() on ptolemy.moml.MoMLSimpleApplication@5e1cf05b
----------------- Done invoking toplevel() on ptolemy.moml.MoMLSimpleApplication@5e1cf05b
reloadAllAccessors: .MinimumMultiports

===========================================================================================
----------------- testing Thu Apr 23 14:02:01 UTC 2020 /home/travis/build/icyphy/ptII/ptolemy/actor/lib/test/auto/ModifyDate.xml
----------------- Instantiating /home/travis/build/icyphy/ptII/ptolemy/actor/lib/test/auto/ModifyDate.xml
8 ms. Memory: 481280K Free: 182270K (38%)
----------------- Invoking toplevel() on ptolemy.moml.MoMLSimpleApplication@30ab47e9
----------------- Done invoking toplevel() on ptolemy.moml.MoMLSimpleApplication@30ab47e9
reloadAllAccessors: .ModifyDate

===========================================================================================
----------------- testing Thu Apr 23 14:02:01 UTC 2020 /home/travis/build/icyphy/ptII/ptolemy/actor/lib/test/auto/ModifyDate2.xml
----------------- Instantiating /home/travis/build/icyphy/ptII/ptolemy/actor/lib/test/auto/ModifyDate2.xml
3 ms. Memory: 481280K Free: 173568K (36%)
----------------- Invoking toplevel() on ptolemy.moml.MoMLSimpleApplication@32af5f1b
----------------- Done invoking toplevel() on ptolemy.moml.MoMLSimpleApplication@32af5f1b
reloadAllAccessors: .ModifyDate2

===========================================================================================
----------------- testing Thu Apr 23 14:02:01 UTC 2020 /home/travis/build/icyphy/ptII/ptolemy/actor/lib/test/auto/MovingAverage.xml
----------------- Instantiating /home/travis/build/icyphy/ptII/ptolemy/actor/lib/test/auto/MovingAverage.xml
2 ms. Memory: 481280K Free: 168448K (35%)
----------------- Invoking toplevel() on ptolemy.moml.MoMLSimpleApplication@d9040
----------------- Done invoking toplevel() on ptolemy.moml.MoMLSimpleApplication@d9040
reloadAllAccessors: .MovingAverage

===========================================================================================
----------------- testing Thu Apr 23 14:02:01 UTC 2020 /home/travis/build/icyphy/ptII/ptolemy/actor/lib/test/auto/MovingMaximum.xml
----------------- Instantiating /home/travis/build/icyphy/ptII/ptolemy/actor/lib/test/auto/MovingMaximum.xml
1 ms. Memory: 481280K Free: 163838K (34%)
----------------- Invoking toplevel() on ptolemy.moml.MoMLSimpleApplication@2f898e87
----------------- Done invoking toplevel() on ptolemy.moml.MoMLSimpleApplication@2f898e87
reloadAllAccessors: .MovingMaximum

===========================================================================================
----------------- testing Thu Apr 23 14:02:01 UTC 2020 /home/travis/build/icyphy/ptII/ptolemy/actor/lib/test/auto/MultipleLinksToSameRelation.xml
----------------- Instantiating /home/travis/build/icyphy/ptII/ptolemy/actor/lib/test/auto/MultipleLinksToSameRelation.xml
2 ms. Memory: 481280K Free: 159742K (33%)
----------------- Invoking toplevel() on ptolemy.moml.MoMLSimpleApplication@7566b538
----------------- Done invoking toplevel() on ptolemy.moml.MoMLSimpleApplication@7566b538
reloadAllAccessors: .MultipleLinksToSameRelation

===========================================================================================
----------------- testing Thu Apr 23 14:02:01 UTC 2020 /home/travis/build/icyphy/ptII/ptolemy/actor/lib/test/auto/MultipleLinksToSameRelationDE.xml
----------------- Instantiating /home/travis/build/icyphy/ptII/ptolemy/actor/lib/test/auto/MultipleLinksToSameRelationDE.xml
10 ms. Memory: 481280K Free: 155136K (32%)
----------------- Invoking toplevel() on ptolemy.moml.MoMLSimpleApplication@3f7537f2
----------------- Done invoking toplevel() on ptolemy.moml.MoMLSimpleApplication@3f7537f2
reloadAllAccessors: .MultipleLinksToSameRelationDE

===========================================================================================
----------------- testing Thu Apr 23 14:02:01 UTC 2020 /home/travis/build/icyphy/ptII/ptolemy/actor/lib/test/auto/Multiplexor.xml
----------------- Instantiating /home/travis/build/icyphy/ptII/ptolemy/actor/lib/test/auto/Multiplexor.xml
2 ms. Memory: 481280K Free: 427006K (89%)
----------------- Invoking toplevel() on ptolemy.moml.MoMLSimpleApplication@75ff8728
----------------- Done invoking toplevel() on ptolemy.moml.MoMLSimpleApplication@75ff8728
reloadAllAccessors: .Multiplexor

===========================================================================================
----------------- testing Thu Apr 23 14:02:01 UTC 2020 /home/travis/build/icyphy/ptII/ptolemy/actor/lib/test/auto/Multiplexor1.xml
----------------- Instantiating /home/travis/build/icyphy/ptII/ptolemy/actor/lib/test/auto/Multiplexor1.xml
2 ms. Memory: 481280K Free: 421376K (88%)
----------------- Invoking toplevel() on ptolemy.moml.MoMLSimpleApplication@7e40dc64
----------------- Done invoking toplevel() on ptolemy.moml.MoMLSimpleApplication@7e40dc64
reloadAllAccessors: .Multiplexor1

===========================================================================================
----------------- testing Thu Apr 23 14:02:01 UTC 2020 /home/travis/build/icyphy/ptII/ptolemy/actor/lib/test/auto/Multiplexor2.xml
----------------- Instantiating /home/travis/build/icyphy/ptII/ptolemy/actor/lib/test/auto/Multiplexor2.xml
5 ms. Memory: 481280K Free: 414715K (86%)
----------------- Invoking toplevel() on ptolemy.moml.MoMLSimpleApplication@eb10f78
----------------- Done invoking toplevel() on ptolemy.moml.MoMLSimpleApplication@eb10f78
reloadAllAccessors: .Multiplexor2

===========================================================================================
----------------- testing Thu Apr 23 14:02:01 UTC 2020 /home/travis/build/icyphy/ptII/ptolemy/actor/lib/test/auto/Multiplexor3.xml
----------------- Instantiating /home/travis/build/icyphy/ptII/ptolemy/actor/lib/test/auto/Multiplexor3.xml
2 ms. Memory: 481280K Free: 410622K (85%)
----------------- Invoking toplevel() on ptolemy.moml.MoMLSimpleApplication@5dccd8f0
----------------- Done invoking toplevel() on ptolemy.moml.MoMLSimpleApplication@5dccd8f0
reloadAllAccessors: .Multiplexor3

===========================================================================================
----------------- testing Thu Apr 23 14:02:01 UTC 2020 /home/travis/build/icyphy/ptII/ptolemy/actor/lib/test/auto/MultiplexorDE.xml
----------------- Instantiating /home/travis/build/icyphy/ptII/ptolemy/actor/lib/test/auto/MultiplexorDE.xml
3 ms. Memory: 481280K Free: 402944K (84%)
----------------- Invoking toplevel() on ptolemy.moml.MoMLSimpleApplication@28a4fb1f
----------------- Done invoking toplevel() on ptolemy.moml.MoMLSimpleApplication@28a4fb1f
reloadAllAccessors: .MultiplexorDE

===========================================================================================
----------------- testing Thu Apr 23 14:02:01 UTC 2020 /home/travis/build/icyphy/ptII/ptolemy/actor/lib/test/auto/MultiportBroadcastTest.xml
----------------- Instantiating /home/travis/build/icyphy/ptII/ptolemy/actor/lib/test/auto/MultiportBroadcastTest.xml
106 ms. Memory: 481280K Free: 396800K (82%)
----------------- Invoking toplevel() on ptolemy.moml.MoMLSimpleApplication@5771cf0f
----------------- Done invoking toplevel() on ptolemy.moml.MoMLSimpleApplication@5771cf0f
reloadAllAccessors: .MultiportBroadcastTest

===========================================================================================
----------------- testing Thu Apr 23 14:02:01 UTC 2020 /home/travis/build/icyphy/ptII/ptolemy/actor/lib/test/auto/MultiportOutHangDuringGetWidth.xml
----------------- Instantiating /home/travis/build/icyphy/ptII/ptolemy/actor/lib/test/auto/MultiportOutHangDuringGetWidth.xml
6 ms. Memory: 481280K Free: 384512K (80%)
----------------- Invoking toplevel() on ptolemy.moml.MoMLSimpleApplication@3c0731ad
----------------- Done invoking toplevel() on ptolemy.moml.MoMLSimpleApplication@3c0731ad
reloadAllAccessors: .MultiportOutHangDuringGetWidth

===========================================================================================
----------------- testing Thu Apr 23 14:02:02 UTC 2020 /home/travis/build/icyphy/ptII/ptolemy/actor/lib/test/auto/NilToken.xml
----------------- Instantiating /home/travis/build/icyphy/ptII/ptolemy/actor/lib/test/auto/NilToken.xml
1 ms. Memory: 481280K Free: 380416K (79%)
----------------- Invoking toplevel() on ptolemy.moml.MoMLSimpleApplication@2adc5c19
----------------- Done invoking toplevel() on ptolemy.moml.MoMLSimpleApplication@2adc5c19
reloadAllAccessors: .NilToken

===========================================================================================
----------------- testing Thu Apr 23 14:02:02 UTC 2020 /home/travis/build/icyphy/ptII/ptolemy/actor/lib/test/auto/NilTokenNonStrictTest.xml
----------------- Instantiating /home/travis/build/icyphy/ptII/ptolemy/actor/lib/test/auto/NilTokenNonStrictTest.xml
2 ms. Memory: 481280K Free: 375806K (78%)
----------------- Invoking toplevel() on ptolemy.moml.MoMLSimpleApplication@6b682382
----------------- Done invoking toplevel() on ptolemy.moml.MoMLSimpleApplication@6b682382
reloadAllAccessors: .NilTokenNonStrictTest

===========================================================================================
----------------- testing Thu Apr 23 14:02:02 UTC 2020 /home/travis/build/icyphy/ptII/ptolemy/actor/lib/test/auto/NilTokenRecord.xml
----------------- Instantiating /home/travis/build/icyphy/ptII/ptolemy/actor/lib/test/auto/NilTokenRecord.xml
12 ms. Memory: 481280K Free: 369152K (77%)
----------------- Invoking toplevel() on ptolemy.moml.MoMLSimpleApplication@348d7d35
----------------- Done invoking toplevel() on ptolemy.moml.MoMLSimpleApplication@348d7d35
reloadAllAccessors: .NilTokenRecord

===========================================================================================
----------------- testing Thu Apr 23 14:02:02 UTC 2020 /home/travis/build/icyphy/ptII/ptolemy/actor/lib/test/auto/NilTokenTypeTest.xml
----------------- Instantiating /home/travis/build/icyphy/ptII/ptolemy/actor/lib/test/auto/NilTokenTypeTest.xml
6 ms. Memory: 481280K Free: 359422K (75%)
----------------- Invoking toplevel() on ptolemy.moml.MoMLSimpleApplication@3c973cb2
----------------- Done invoking toplevel() on ptolemy.moml.MoMLSimpleApplication@3c973cb2
reloadAllAccessors: .NilTokenTypeTest

===========================================================================================
----------------- testing Thu Apr 23 14:02:02 UTC 2020 /home/travis/build/icyphy/ptII/ptolemy/actor/lib/test/auto/ObjectToken1.xml
----------------- Instantiating /home/travis/build/icyphy/ptII/ptolemy/actor/lib/test/auto/ObjectToken1.xml
3 ms. Memory: 481280K Free: 355326K (74%)
----------------- Invoking toplevel() on ptolemy.moml.MoMLSimpleApplication@3969975d
----------------- Done invoking toplevel() on ptolemy.moml.MoMLSimpleApplication@3969975d
reloadAllAccessors: .ObjectToken1

===========================================================================================
----------------- testing Thu Apr 23 14:02:02 UTC 2020 /home/travis/build/icyphy/ptII/ptolemy/actor/lib/test/auto/OrderedMerge.xml
----------------- Instantiating /home/travis/build/icyphy/ptII/ptolemy/actor/lib/test/auto/OrderedMerge.xml
15 ms. Memory: 481280K Free: 349696K (73%)
----------------- Invoking toplevel() on ptolemy.moml.MoMLSimpleApplication@5fd99e1
----------------- Done invoking toplevel() on ptolemy.moml.MoMLSimpleApplication@5fd99e1
reloadAllAccessors: .OrderedMerge

===========================================================================================
----------------- testing Thu Apr 23 14:02:02 UTC 2020 /home/travis/build/icyphy/ptII/ptolemy/actor/lib/test/auto/OrderedRecordDisassembler.xml
----------------- Instantiating /home/travis/build/icyphy/ptII/ptolemy/actor/lib/test/auto/OrderedRecordDisassembler.xml
4 ms. Memory: 481280K Free: 344576K (72%)
----------------- Invoking toplevel() on ptolemy.moml.MoMLSimpleApplication@2acda3d8
----------------- Done invoking toplevel() on ptolemy.moml.MoMLSimpleApplication@2acda3d8
reloadAllAccessors: .OrderedRecordDisassembler

===========================================================================================
----------------- testing Thu Apr 23 14:02:02 UTC 2020 /home/travis/build/icyphy/ptII/ptolemy/actor/lib/test/auto/OrderedRecordDisassembler2.xml
----------------- Instantiating /home/travis/build/icyphy/ptII/ptolemy/actor/lib/test/auto/OrderedRecordDisassembler2.xml
4 ms. Memory: 481280K Free: 336879K (70%)
----------------- Invoking toplevel() on ptolemy.moml.MoMLSimpleApplication@7021f4d3
----------------- Done invoking toplevel() on ptolemy.moml.MoMLSimpleApplication@7021f4d3
reloadAllAccessors: .OrderedRecordDisassembler2

===========================================================================================
----------------- testing Thu Apr 23 14:02:02 UTC 2020 /home/travis/build/icyphy/ptII/ptolemy/actor/lib/test/auto/OrderedRecordUpdater.xml
----------------- Instantiating /home/travis/build/icyphy/ptII/ptolemy/actor/lib/test/auto/OrderedRecordUpdater.xml
2 ms. Memory: 481280K Free: 332288K (69%)
----------------- Invoking toplevel() on ptolemy.moml.MoMLSimpleApplication@551e8614
----------------- Done invoking toplevel() on ptolemy.moml.MoMLSimpleApplication@551e8614
reloadAllAccessors: .RecordUpdater

===========================================================================================
----------------- testing Thu Apr 23 14:02:02 UTC 2020 /home/travis/build/icyphy/ptII/ptolemy/actor/lib/test/auto/OrderedRecordUpdater2.xml
----------------- Instantiating /home/travis/build/icyphy/ptII/ptolemy/actor/lib/test/auto/OrderedRecordUpdater2.xml
3 ms. Memory: 481280K Free: 327168K (68%)
----------------- Invoking toplevel() on ptolemy.moml.MoMLSimpleApplication@cfed451
----------------- Done invoking toplevel() on ptolemy.moml.MoMLSimpleApplication@cfed451
reloadAllAccessors: .RecordUpdater2

===========================================================================================
----------------- testing Thu Apr 23 14:02:02 UTC 2020 /home/travis/build/icyphy/ptII/ptolemy/actor/lib/test/auto/PhaseUnwrap.xml
----------------- Instantiating /home/travis/build/icyphy/ptII/ptolemy/actor/lib/test/auto/PhaseUnwrap.xml
2 ms. Memory: 481280K Free: 322558K (67%)
----------------- Invoking toplevel() on ptolemy.moml.MoMLSimpleApplication@7a5bce0
----------------- Done invoking toplevel() on ptolemy.moml.MoMLSimpleApplication@7a5bce0
reloadAllAccessors: .PhaseUnwrap

===========================================================================================
----------------- testing Thu Apr 23 14:02:02 UTC 2020 /home/travis/build/icyphy/ptII/ptolemy/actor/lib/test/auto/PoissonClock.xml
----------------- Instantiating /home/travis/build/icyphy/ptII/ptolemy/actor/lib/test/auto/PoissonClock.xml
2 ms. Memory: 481280K Free: 318462K (66%)
----------------- Invoking toplevel() on ptolemy.moml.MoMLSimpleApplication@1568c8cb
----------------- Done invoking toplevel() on ptolemy.moml.MoMLSimpleApplication@1568c8cb
reloadAllAccessors: .PoissonClock

===========================================================================================
----------------- testing Thu Apr 23 14:02:02 UTC 2020 /home/travis/build/icyphy/ptII/ptolemy/actor/lib/test/auto/PoissonClock2.xml
----------------- Instantiating /home/travis/build/icyphy/ptII/ptolemy/actor/lib/test/auto/PoissonClock2.xml
1 ms. Memory: 481280K Free: 313856K (65%)
----------------- Invoking toplevel() on ptolemy.moml.MoMLSimpleApplication@3eec5a10
----------------- Done invoking toplevel() on ptolemy.moml.MoMLSimpleApplication@3eec5a10
reloadAllAccessors: .PoissonClock2

===========================================================================================
----------------- testing Thu Apr 23 14:02:02 UTC 2020 /home/travis/build/icyphy/ptII/ptolemy/actor/lib/test/auto/PoissonClock3.xml
----------------- Instantiating /home/travis/build/icyphy/ptII/ptolemy/actor/lib/test/auto/PoissonClock3.xml
1 ms. Memory: 481280K Free: 309246K (64%)
----------------- Invoking toplevel() on ptolemy.moml.MoMLSimpleApplication@6a7e3a41
----------------- Done invoking toplevel() on ptolemy.moml.MoMLSimpleApplication@6a7e3a41
reloadAllAccessors: .PoissonClock3

===========================================================================================
----------------- testing Thu Apr 23 14:02:02 UTC 2020 /home/travis/build/icyphy/ptII/ptolemy/actor/lib/test/auto/PubSubWithInitialTokens.xml
----------------- Instantiating /home/travis/build/icyphy/ptII/ptolemy/actor/lib/test/auto/PubSubWithInitialTokens.xml
2 ms. Memory: 481280K Free: 303616K (63%)
----------------- Invoking toplevel() on ptolemy.moml.MoMLSimpleApplication@231a09ec
----------------- Done invoking toplevel() on ptolemy.moml.MoMLSimpleApplication@231a09ec
reloadAllAccessors: .PubSubWithInitialTokens

===========================================================================================
----------------- testing Thu Apr 23 14:02:02 UTC 2020 /home/travis/build/icyphy/ptII/ptolemy/actor/lib/test/auto/PubSubWithInitialTokens2.xml
----------------- Instantiating /home/travis/build/icyphy/ptII/ptolemy/actor/lib/test/auto/PubSubWithInitialTokens2.xml
2 ms. Memory: 481280K Free: 297472K (62%)
----------------- Invoking toplevel() on ptolemy.moml.MoMLSimpleApplication@323951eb
----------------- Done invoking toplevel() on ptolemy.moml.MoMLSimpleApplication@323951eb
reloadAllAccessors: .PubSubWithInitialTokens2

===========================================================================================
----------------- testing Thu Apr 23 14:02:02 UTC 2020 /home/travis/build/icyphy/ptII/ptolemy/actor/lib/test/auto/PublisherClassNoParameter.xml
----------------- Instantiating /home/travis/build/icyphy/ptII/ptolemy/actor/lib/test/auto/PublisherClassNoParameter.xml
2 ms. Memory: 481280K Free: 287232K (60%)
----------------- Invoking toplevel() on ptolemy.moml.MoMLSimpleApplication@36639248
----------------- Done invoking toplevel() on ptolemy.moml.MoMLSimpleApplication@36639248
reloadAllAccessors: .PublisherClassNoParameter

===========================================================================================
----------------- testing Thu Apr 23 14:02:02 UTC 2020 /home/travis/build/icyphy/ptII/ptolemy/actor/lib/test/auto/PublisherClassParameter.xml
----------------- Instantiating /home/travis/build/icyphy/ptII/ptolemy/actor/lib/test/auto/PublisherClassParameter.xml
5 ms. Memory: 481280K Free: 276478K (57%)
----------------- Invoking toplevel() on ptolemy.moml.MoMLSimpleApplication@6f896bf0
----------------- Done invoking toplevel() on ptolemy.moml.MoMLSimpleApplication@6f896bf0
reloadAllAccessors: .PublisherClassParameter

===========================================================================================
----------------- testing Thu Apr 23 14:02:02 UTC 2020 /home/travis/build/icyphy/ptII/ptolemy/actor/lib/test/auto/PublisherNonStrictTest.xml
----------------- Instantiating /home/travis/build/icyphy/ptII/ptolemy/actor/lib/test/auto/PublisherNonStrictTest.xml
2 ms. Memory: 481280K Free: 268800K (56%)
----------------- Invoking toplevel() on ptolemy.moml.MoMLSimpleApplication@7a73bc2c
----------------- Done invoking toplevel() on ptolemy.moml.MoMLSimpleApplication@7a73bc2c
reloadAllAccessors: .PublisherNonStrictTest

===========================================================================================
----------------- testing Thu Apr 23 14:02:02 UTC 2020 /home/travis/build/icyphy/ptII/ptolemy/actor/lib/test/auto/PublisherPort1.xml
----------------- Instantiating /home/travis/build/icyphy/ptII/ptolemy/actor/lib/test/auto/PublisherPort1.xml
11 ms. Memory: 481280K Free: 263151K (55%)
----------------- Invoking toplevel() on ptolemy.moml.MoMLSimpleApplication@1e0a1508
----------------- Done invoking toplevel() on ptolemy.moml.MoMLSimpleApplication@1e0a1508
reloadAllAccessors: .PublisherPort1

===========================================================================================
----------------- testing Thu Apr 23 14:02:02 UTC 2020 /home/travis/build/icyphy/ptII/ptolemy/actor/lib/test/auto/PublisherPort2.xml
----------------- Instantiating /home/travis/build/icyphy/ptII/ptolemy/actor/lib/test/auto/PublisherPort2.xml
2 ms. Memory: 481280K Free: 258046K (54%)
----------------- Invoking toplevel() on ptolemy.moml.MoMLSimpleApplication@7957f92d
----------------- Done invoking toplevel() on ptolemy.moml.MoMLSimpleApplication@7957f92d
reloadAllAccessors: .PublisherPort2

===========================================================================================
----------------- testing Thu Apr 23 14:02:02 UTC 2020 /home/travis/build/icyphy/ptII/ptolemy/actor/lib/test/auto/PublisherPort3.xml
----------------- Instantiating /home/travis/build/icyphy/ptII/ptolemy/actor/lib/test/auto/PublisherPort3.xml
3 ms. Memory: 481280K Free: 251392K (52%)
----------------- Invoking toplevel() on ptolemy.moml.MoMLSimpleApplication@7f184ee3
----------------- Done invoking toplevel() on ptolemy.moml.MoMLSimpleApplication@7f184ee3
reloadAllAccessors: .PublisherPort3

===========================================================================================
----------------- testing Thu Apr 23 14:02:02 UTC 2020 /home/travis/build/icyphy/ptII/ptolemy/actor/lib/test/auto/PublisherPort4.xml
----------------- Instantiating /home/travis/build/icyphy/ptII/ptolemy/actor/lib/test/auto/PublisherPort4.xml
2 ms. Memory: 481280K Free: 245743K (51%)
----------------- Invoking toplevel() on ptolemy.moml.MoMLSimpleApplication@723b3d35
----------------- Done invoking toplevel() on ptolemy.moml.MoMLSimpleApplication@723b3d35
reloadAllAccessors: .PublisherPort4

===========================================================================================
----------------- testing Thu Apr 23 14:02:02 UTC 2020 /home/travis/build/icyphy/ptII/ptolemy/actor/lib/test/auto/PublisherPort5.xml
----------------- Instantiating /home/travis/build/icyphy/ptII/ptolemy/actor/lib/test/auto/PublisherPort5.xml
3 ms. Memory: 481280K Free: 238080K (49%)
----------------- Invoking toplevel() on ptolemy.moml.MoMLSimpleApplication@422967fd
----------------- Done invoking toplevel() on ptolemy.moml.MoMLSimpleApplication@422967fd
reloadAllAccessors: .PublisherPort5

===========================================================================================
----------------- testing Thu Apr 23 14:02:02 UTC 2020 /home/travis/build/icyphy/ptII/ptolemy/actor/lib/test/auto/PublisherPort5LookAlike.xml
----------------- Instantiating /home/travis/build/icyphy/ptII/ptolemy/actor/lib/test/auto/PublisherPort5LookAlike.xml
7 ms. Memory: 481280K Free: 230398K (48%)
----------------- Invoking toplevel() on ptolemy.moml.MoMLSimpleApplication@6011f9e6
----------------- Done invoking toplevel() on ptolemy.moml.MoMLSimpleApplication@6011f9e6
reloadAllAccessors: .PublisherPort5LookAlike

===========================================================================================
----------------- testing Thu Apr 23 14:02:02 UTC 2020 /home/travis/build/icyphy/ptII/ptolemy/actor/lib/test/auto/PublisherPort6.xml
----------------- Instantiating /home/travis/build/icyphy/ptII/ptolemy/actor/lib/test/auto/PublisherPort6.xml
2 ms. Memory: 481280K Free: 223744K (46%)
----------------- Invoking toplevel() on ptolemy.moml.MoMLSimpleApplication@8601d84
----------------- Done invoking toplevel() on ptolemy.moml.MoMLSimpleApplication@8601d84
reloadAllAccessors: .PublisherPort6

===========================================================================================
----------------- testing Thu Apr 23 14:02:02 UTC 2020 /home/travis/build/icyphy/ptII/ptolemy/actor/lib/test/auto/PublisherPort7.xml
----------------- Instantiating /home/travis/build/icyphy/ptII/ptolemy/actor/lib/test/auto/PublisherPort7.xml
3 ms. Memory: 481280K Free: 216062K (45%)
----------------- Invoking toplevel() on ptolemy.moml.MoMLSimpleApplication@1fb573d0
----------------- Done invoking toplevel() on ptolemy.moml.MoMLSimpleApplication@1fb573d0
reloadAllAccessors: .PublisherPort7

===========================================================================================
----------------- testing Thu Apr 23 14:02:02 UTC 2020 /home/travis/build/icyphy/ptII/ptolemy/actor/lib/test/auto/PublisherPort8.xml
----------------- Instantiating /home/travis/build/icyphy/ptII/ptolemy/actor/lib/test/auto/PublisherPort8.xml
5 ms. Memory: 481280K Free: 207360K (43%)
----------------- Invoking toplevel() on ptolemy.moml.MoMLSimpleApplication@2135e766
----------------- Done invoking toplevel() on ptolemy.moml.MoMLSimpleApplication@2135e766
reloadAllAccessors: .PublisherPort8

===========================================================================================
----------------- testing Thu Apr 23 14:02:02 UTC 2020 /home/travis/build/icyphy/ptII/ptolemy/actor/lib/test/auto/PublisherPortSubscriberChannelVariablesAOC2.xml
----------------- Instantiating /home/travis/build/icyphy/ptII/ptolemy/actor/lib/test/auto/PublisherPortSubscriberChannelVariablesAOC2.xml
3 ms. Memory: 481280K Free: 189952K (39%)
----------------- Invoking toplevel() on ptolemy.moml.MoMLSimpleApplication@322414e0
----------------- Done invoking toplevel() on ptolemy.moml.MoMLSimpleApplication@322414e0
reloadAllAccessors: .PublisherPortSubscriberChannelVariablesAOC2

===========================================================================================
----------------- testing Thu Apr 23 14:02:02 UTC 2020 /home/travis/build/icyphy/ptII/ptolemy/actor/lib/test/auto/PublisherPortSubscriberOpaqueWidthInference.xml
----------------- Instantiating /home/travis/build/icyphy/ptII/ptolemy/actor/lib/test/auto/PublisherPortSubscriberOpaqueWidthInference.xml
3 ms. Memory: 481280K Free: 181760K (38%)
----------------- Invoking toplevel() on ptolemy.moml.MoMLSimpleApplication@1c97d135
----------------- Done invoking toplevel() on ptolemy.moml.MoMLSimpleApplication@1c97d135
reloadAllAccessors: .PublisherPortSubscriberOpaqueWidthInference

===========================================================================================
----------------- testing Thu Apr 23 14:02:02 UTC 2020 /home/travis/build/icyphy/ptII/ptolemy/actor/lib/test/auto/PublisherPortSubscriberPortAdjacent.xml
----------------- Instantiating /home/travis/build/icyphy/ptII/ptolemy/actor/lib/test/auto/PublisherPortSubscriberPortAdjacent.xml
1 ms. Memory: 481280K Free: 173568K (36%)
----------------- Invoking toplevel() on ptolemy.moml.MoMLSimpleApplication@7ce811f4
----------------- Done invoking toplevel() on ptolemy.moml.MoMLSimpleApplication@7ce811f4
reloadAllAccessors: .PublisherPortSubscriberPortAdjacent

===========================================================================================
----------------- testing Thu Apr 23 14:02:02 UTC 2020 /home/travis/build/icyphy/ptII/ptolemy/actor/lib/test/auto/PublisherPortSubscriberPortExpression.xml
----------------- Instantiating /home/travis/build/icyphy/ptII/ptolemy/actor/lib/test/auto/PublisherPortSubscriberPortExpression.xml
8 ms. Memory: 481280K Free: 165376K (34%)
----------------- Invoking toplevel() on ptolemy.moml.MoMLSimpleApplication@4bc92583
----------------- Done invoking toplevel() on ptolemy.moml.MoMLSimpleApplication@4bc92583
reloadAllAccessors: .PublisherPortSubscriberPortExpression

===========================================================================================
----------------- testing Thu Apr 23 14:02:02 UTC 2020 /home/travis/build/icyphy/ptII/ptolemy/actor/lib/test/auto/PublisherPortSubscriberPortOpaqueD3Reverse.xml
----------------- Instantiating /home/travis/build/icyphy/ptII/ptolemy/actor/lib/test/auto/PublisherPortSubscriberPortOpaqueD3Reverse.xml
6 ms. Memory: 481280K Free: 155136K (32%)
----------------- Invoking toplevel() on ptolemy.moml.MoMLSimpleApplication@3f86a527
----------------- Done invoking toplevel() on ptolemy.moml.MoMLSimpleApplication@3f86a527
reloadAllAccessors: .PublisherPortSubscriberPortOpaqueD3Reverse

===========================================================================================
----------------- testing Thu Apr 23 14:02:02 UTC 2020 /home/travis/build/icyphy/ptII/ptolemy/actor/lib/test/auto/PublisherPortSubscriberPortOpaqueWidthInference.xml
----------------- Instantiating /home/travis/build/icyphy/ptII/ptolemy/actor/lib/test/auto/PublisherPortSubscriberPortOpaqueWidthInference.xml
3 ms. Memory: 481280K Free: 424943K (88%)
----------------- Invoking toplevel() on ptolemy.moml.MoMLSimpleApplication@7f372ff2
----------------- Done invoking toplevel() on ptolemy.moml.MoMLSimpleApplication@7f372ff2
reloadAllAccessors: .PublisherPortSubscriberPortOpaqueWidthInference

===========================================================================================
----------------- testing Thu Apr 23 14:02:02 UTC 2020 /home/travis/build/icyphy/ptII/ptolemy/actor/lib/test/auto/PublisherPortToplevelSubscriberPortAOC.xml
----------------- Instantiating /home/travis/build/icyphy/ptII/ptolemy/actor/lib/test/auto/PublisherPortToplevelSubscriberPortAOC.xml
.PublisherPortToplevelSubscriberPortAOC.TestExceptionAttribute: initialize() was not invoked, but wrapup() was.  This is unusual, but not always a problem.  For example, exporting JNLP will do this.
1 ms. Memory: 481280K Free: 418814K (87%)
----------------- Invoking toplevel() on ptolemy.moml.MoMLSimpleApplication@7341a93c
----------------- Done invoking toplevel() on ptolemy.moml.MoMLSimpleApplication@7341a93c
reloadAllAccessors: .PublisherPortToplevelSubscriberPortAOC

===========================================================================================
----------------- testing Thu Apr 23 14:02:02 UTC 2020 /home/travis/build/icyphy/ptII/ptolemy/actor/lib/test/auto/PublisherSubscriber.xml
----------------- Instantiating /home/travis/build/icyphy/ptII/ptolemy/actor/lib/test/auto/PublisherSubscriber.xml
2 ms. Memory: 481280K Free: 411136K (85%)
----------------- Invoking toplevel() on ptolemy.moml.MoMLSimpleApplication@62e6c226
----------------- Done invoking toplevel() on ptolemy.moml.MoMLSimpleApplication@62e6c226
reloadAllAccessors: .PublisherSubscriber

===========================================================================================
----------------- testing Thu Apr 23 14:02:02 UTC 2020 /home/travis/build/icyphy/ptII/ptolemy/actor/lib/test/auto/PublisherSubscriber10.xml
----------------- Instantiating /home/travis/build/icyphy/ptII/ptolemy/actor/lib/test/auto/PublisherSubscriber10.xml
6 ms. Memory: 481280K Free: 400896K (83%)
----------------- Invoking toplevel() on ptolemy.moml.MoMLSimpleApplication@4daf13dc
----------------- Done invoking toplevel() on ptolemy.moml.MoMLSimpleApplication@4daf13dc
reloadAllAccessors: .PublisherSubscriber10

===========================================================================================
----------------- testing Thu Apr 23 14:02:02 UTC 2020 /home/travis/build/icyphy/ptII/ptolemy/actor/lib/test/auto/PublisherSubscriber10InitialOutputs.xml
----------------- Instantiating /home/travis/build/icyphy/ptII/ptolemy/actor/lib/test/auto/PublisherSubscriber10InitialOutputs.xml
15 ms. Memory: 481280K Free: 391680K (81%)
----------------- Invoking toplevel() on ptolemy.moml.MoMLSimpleApplication@62ab4877
----------------- Done invoking toplevel() on ptolemy.moml.MoMLSimpleApplication@62ab4877
reloadAllAccessors: .PublisherSubscriber10InitialOutputs

===========================================================================================
----------------- testing Thu Apr 23 14:02:02 UTC 2020 /home/travis/build/icyphy/ptII/ptolemy/actor/lib/test/auto/PublisherSubscriber11.xml
----------------- Instantiating /home/travis/build/icyphy/ptII/ptolemy/actor/lib/test/auto/PublisherSubscriber11.xml
4 ms. Memory: 481280K Free: 385536K (80%)
----------------- Invoking toplevel() on ptolemy.moml.MoMLSimpleApplication@f71c99e
----------------- Done invoking toplevel() on ptolemy.moml.MoMLSimpleApplication@f71c99e
reloadAllAccessors: .PublisherSubscriber11

===========================================================================================
----------------- testing Thu Apr 23 14:02:02 UTC 2020 /home/travis/build/icyphy/ptII/ptolemy/actor/lib/test/auto/PublisherSubscriber12.xml
----------------- Instantiating /home/travis/build/icyphy/ptII/ptolemy/actor/lib/test/auto/PublisherSubscriber12.xml
5 ms. Memory: 481280K Free: 378368K (79%)
----------------- Invoking toplevel() on ptolemy.moml.MoMLSimpleApplication@d1f4699
----------------- Done invoking toplevel() on ptolemy.moml.MoMLSimpleApplication@d1f4699
reloadAllAccessors: .PublisherSubscriber12

===========================================================================================
----------------- testing Thu Apr 23 14:02:02 UTC 2020 /home/travis/build/icyphy/ptII/ptolemy/actor/lib/test/auto/PublisherSubscriber13.xml
----------------- Instantiating /home/travis/build/icyphy/ptII/ptolemy/actor/lib/test/auto/PublisherSubscriber13.xml
2 ms. Memory: 481280K Free: 372719K (77%)
----------------- Invoking toplevel() on ptolemy.moml.MoMLSimpleApplication@33e7e9a
----------------- Done invoking toplevel() on ptolemy.moml.MoMLSimpleApplication@33e7e9a
reloadAllAccessors: .PublisherSubscriber13

===========================================================================================
----------------- testing Thu Apr 23 14:02:02 UTC 2020 /home/travis/build/icyphy/ptII/ptolemy/actor/lib/test/auto/PublisherSubscriber14.xml
----------------- Instantiating /home/travis/build/icyphy/ptII/ptolemy/actor/lib/test/auto/PublisherSubscriber14.xml
2 ms. Memory: 481280K Free: 364032K (76%)
----------------- Invoking toplevel() on ptolemy.moml.MoMLSimpleApplication@245caa5
----------------- Done invoking toplevel() on ptolemy.moml.MoMLSimpleApplication@245caa5
reloadAllAccessors: .PublisherSubscriber14

===========================================================================================
----------------- testing Thu Apr 23 14:02:02 UTC 2020 /home/travis/build/icyphy/ptII/ptolemy/actor/lib/test/auto/PublisherSubscriber2.xml
----------------- Instantiating /home/travis/build/icyphy/ptII/ptolemy/actor/lib/test/auto/PublisherSubscriber2.xml
3 ms. Memory: 481280K Free: 358367K (74%)
----------------- Invoking toplevel() on ptolemy.moml.MoMLSimpleApplication@48d3b5e2
----------------- Done invoking toplevel() on ptolemy.moml.MoMLSimpleApplication@48d3b5e2
reloadAllAccessors: .PublisherSubscriber2

===========================================================================================
----------------- testing Thu Apr 23 14:02:03 UTC 2020 /home/travis/build/icyphy/ptII/ptolemy/actor/lib/test/auto/PublisherSubscriber3.xml
----------------- Instantiating /home/travis/build/icyphy/ptII/ptolemy/actor/lib/test/auto/PublisherSubscriber3.xml
1 ms. Memory: 481280K Free: 352223K (73%)
----------------- Invoking toplevel() on ptolemy.moml.MoMLSimpleApplication@3b66e928
----------------- Done invoking toplevel() on ptolemy.moml.MoMLSimpleApplication@3b66e928
reloadAllAccessors: .PublisherSubscriber3

===========================================================================================
----------------- testing Thu Apr 23 14:02:03 UTC 2020 /home/travis/build/icyphy/ptII/ptolemy/actor/lib/test/auto/PublisherSubscriber4.xml
----------------- Instantiating /home/travis/build/icyphy/ptII/ptolemy/actor/lib/test/auto/PublisherSubscriber4.xml
1 ms. Memory: 481280K Free: 347103K (72%)
----------------- Invoking toplevel() on ptolemy.moml.MoMLSimpleApplication@79610585
----------------- Done invoking toplevel() on ptolemy.moml.MoMLSimpleApplication@79610585
reloadAllAccessors: .PublisherSubscriber4

===========================================================================================
----------------- testing Thu Apr 23 14:02:03 UTC 2020 /home/travis/build/icyphy/ptII/ptolemy/actor/lib/test/auto/PublisherSubscriber5.xml
----------------- Instantiating /home/travis/build/icyphy/ptII/ptolemy/actor/lib/test/auto/PublisherSubscriber5.xml
2 ms. Memory: 481280K Free: 340480K (71%)
----------------- Invoking toplevel() on ptolemy.moml.MoMLSimpleApplication@14b6a191
----------------- Done invoking toplevel() on ptolemy.moml.MoMLSimpleApplication@14b6a191
reloadAllAccessors: .PublisherSubscriber5

===========================================================================================
----------------- testing Thu Apr 23 14:02:03 UTC 2020 /home/travis/build/icyphy/ptII/ptolemy/actor/lib/test/auto/PublisherSubscriber6.xml
----------------- Instantiating /home/travis/build/icyphy/ptII/ptolemy/actor/lib/test/auto/PublisherSubscriber6.xml
4 ms. Memory: 481280K Free: 333807K (69%)
----------------- Invoking toplevel() on ptolemy.moml.MoMLSimpleApplication@fe33523
----------------- Done invoking toplevel() on ptolemy.moml.MoMLSimpleApplication@fe33523
reloadAllAccessors: .PublisherSubscriber6

===========================================================================================
----------------- testing Thu Apr 23 14:02:03 UTC 2020 /home/travis/build/icyphy/ptII/ptolemy/actor/lib/test/auto/PublisherSubscriber7.xml
----------------- Instantiating /home/travis/build/icyphy/ptII/ptolemy/actor/lib/test/auto/PublisherSubscriber7.xml
7 ms. Memory: 481280K Free: 327168K (68%)
----------------- Invoking toplevel() on ptolemy.moml.MoMLSimpleApplication@58e761e4
----------------- Done invoking toplevel() on ptolemy.moml.MoMLSimpleApplication@58e761e4
reloadAllAccessors: .PublisherSubscriber7

===========================================================================================
----------------- testing Thu Apr 23 14:02:03 UTC 2020 /home/travis/build/icyphy/ptII/ptolemy/actor/lib/test/auto/PublisherSubscriber8.xml
----------------- Instantiating /home/travis/build/icyphy/ptII/ptolemy/actor/lib/test/auto/PublisherSubscriber8.xml
11 ms. Memory: 481280K Free: 315390K (66%)
----------------- Invoking toplevel() on ptolemy.moml.MoMLSimpleApplication@2e24ff14
----------------- Done invoking toplevel() on ptolemy.moml.MoMLSimpleApplication@2e24ff14
reloadAllAccessors: .PublisherSubscriber8

===========================================================================================
----------------- testing Thu Apr 23 14:02:03 UTC 2020 /home/travis/build/icyphy/ptII/ptolemy/actor/lib/test/auto/PublisherSubscriber9.xml
----------------- Instantiating /home/travis/build/icyphy/ptII/ptolemy/actor/lib/test/auto/PublisherSubscriber9.xml
3 ms. Memory: 481280K Free: 307712K (64%)
----------------- Invoking toplevel() on ptolemy.moml.MoMLSimpleApplication@4f327a27
----------------- Done invoking toplevel() on ptolemy.moml.MoMLSimpleApplication@4f327a27
reloadAllAccessors: .PublisherSubscriber9

===========================================================================================
----------------- testing Thu Apr 23 14:02:03 UTC 2020 /home/travis/build/icyphy/ptII/ptolemy/actor/lib/test/auto/PublisherSubscriberAdjacent.xml
----------------- Instantiating /home/travis/build/icyphy/ptII/ptolemy/actor/lib/test/auto/PublisherSubscriberAdjacent.xml
1 ms. Memory: 481280K Free: 299006K (62%)
----------------- Invoking toplevel() on ptolemy.moml.MoMLSimpleApplication@1291b70a
----------------- Done invoking toplevel() on ptolemy.moml.MoMLSimpleApplication@1291b70a
reloadAllAccessors: .PublisherSubscriberAdjacent

===========================================================================================
----------------- testing Thu Apr 23 14:02:03 UTC 2020 /home/travis/build/icyphy/ptII/ptolemy/actor/lib/test/auto/PublisherSubscriberChannelVariablesAOC2.xml
----------------- Instantiating /home/travis/build/icyphy/ptII/ptolemy/actor/lib/test/auto/PublisherSubscriberChannelVariablesAOC2.xml
3 ms. Memory: 481280K Free: 284160K (59%)
----------------- Invoking toplevel() on ptolemy.moml.MoMLSimpleApplication@3560b849
----------------- Done invoking toplevel() on ptolemy.moml.MoMLSimpleApplication@3560b849
reloadAllAccessors: .PublisherSubscriberChannelVariablesAOC2

===========================================================================================
----------------- testing Thu Apr 23 14:02:03 UTC 2020 /home/travis/build/icyphy/ptII/ptolemy/actor/lib/test/auto/PublisherSubscriberD3.xml
----------------- Instantiating /home/travis/build/icyphy/ptII/ptolemy/actor/lib/test/auto/PublisherSubscriberD3.xml
2 ms. Memory: 481280K Free: 276992K (58%)
----------------- Invoking toplevel() on ptolemy.moml.MoMLSimpleApplication@5b36921a
----------------- Done invoking toplevel() on ptolemy.moml.MoMLSimpleApplication@5b36921a
reloadAllAccessors: .PublisherSubscriberD3

===========================================================================================
----------------- testing Thu Apr 23 14:02:03 UTC 2020 /home/travis/build/icyphy/ptII/ptolemy/actor/lib/test/auto/PublisherSubscriberD3Reverse.xml
----------------- Instantiating /home/travis/build/icyphy/ptII/ptolemy/actor/lib/test/auto/PublisherSubscriberD3Reverse.xml
1 ms. Memory: 481280K Free: 270848K (56%)
----------------- Invoking toplevel() on ptolemy.moml.MoMLSimpleApplication@5b5fd7d5
----------------- Done invoking toplevel() on ptolemy.moml.MoMLSimpleApplication@5b5fd7d5
reloadAllAccessors: .PublisherSubscriberD3Reverse

===========================================================================================
----------------- testing Thu Apr 23 14:02:03 UTC 2020 /home/travis/build/icyphy/ptII/ptolemy/actor/lib/test/auto/PublisherSubscriberExpression.xml
----------------- Instantiating /home/travis/build/icyphy/ptII/ptolemy/actor/lib/test/auto/PublisherSubscriberExpression.xml
3 ms. Memory: 481280K Free: 262127K (54%)
----------------- Invoking toplevel() on ptolemy.moml.MoMLSimpleApplication@69d6010d
----------------- Done invoking toplevel() on ptolemy.moml.MoMLSimpleApplication@69d6010d
reloadAllAccessors: .PublisherSubscriberExpression

===========================================================================================
----------------- testing Thu Apr 23 14:02:03 UTC 2020 /home/travis/build/icyphy/ptII/ptolemy/actor/lib/test/auto/PublisherSubscriberOpaque.xml
----------------- Instantiating /home/travis/build/icyphy/ptII/ptolemy/actor/lib/test/auto/PublisherSubscriberOpaque.xml
9 ms. Memory: 481280K Free: 253440K (53%)
----------------- Invoking toplevel() on ptolemy.moml.MoMLSimpleApplication@462e6265
----------------- Done invoking toplevel() on ptolemy.moml.MoMLSimpleApplication@462e6265
reloadAllAccessors: .PublisherSubscriberOpaque

===========================================================================================
----------------- testing Thu Apr 23 14:02:03 UTC 2020 /home/travis/build/icyphy/ptII/ptolemy/actor/lib/test/auto/PublisherSubscriberOpaqueD3.xml
----------------- Instantiating /home/travis/build/icyphy/ptII/ptolemy/actor/lib/test/auto/PublisherSubscriberOpaqueD3.xml
6 ms. Memory: 481280K Free: 242176K (50%)
----------------- Invoking toplevel() on ptolemy.moml.MoMLSimpleApplication@5da21d04
----------------- Done invoking toplevel() on ptolemy.moml.MoMLSimpleApplication@5da21d04
reloadAllAccessors: .PublisherSubscriberOpaqueD3

===========================================================================================
----------------- testing Thu Apr 23 14:02:03 UTC 2020 /home/travis/build/icyphy/ptII/ptolemy/actor/lib/test/auto/PublisherSubscriberOpaqueD3Reverse.xml
----------------- Instantiating /home/travis/build/icyphy/ptII/ptolemy/actor/lib/test/auto/PublisherSubscriberOpaqueD3Reverse.xml
7 ms. Memory: 481280K Free: 231422K (48%)
----------------- Invoking toplevel() on ptolemy.moml.MoMLSimpleApplication@7280d40b
----------------- Done invoking toplevel() on ptolemy.moml.MoMLSimpleApplication@7280d40b
reloadAllAccessors: .PublisherSubscriberOpaqueD3Reverse

===========================================================================================
----------------- testing Thu Apr 23 14:02:03 UTC 2020 /home/travis/build/icyphy/ptII/ptolemy/actor/lib/test/auto/PublisherSubscriberOpaqueWidthInference.xml
----------------- Instantiating /home/travis/build/icyphy/ptII/ptolemy/actor/lib/test/auto/PublisherSubscriberOpaqueWidthInference.xml
5 ms. Memory: 481280K Free: 223215K (46%)
----------------- Invoking toplevel() on ptolemy.moml.MoMLSimpleApplication@47ebd186
----------------- Done invoking toplevel() on ptolemy.moml.MoMLSimpleApplication@47ebd186
reloadAllAccessors: .PublisherSubscriberOpaqueWidthInference

===========================================================================================
----------------- testing Thu Apr 23 14:02:03 UTC 2020 /home/travis/build/icyphy/ptII/ptolemy/actor/lib/test/auto/PublisherTestSubscriber.xml
----------------- Instantiating /home/travis/build/icyphy/ptII/ptolemy/actor/lib/test/auto/PublisherTestSubscriber.xml
3 ms. Memory: 481280K Free: 215552K (45%)
----------------- Invoking toplevel() on ptolemy.moml.MoMLSimpleApplication@309218c7
----------------- Done invoking toplevel() on ptolemy.moml.MoMLSimpleApplication@309218c7
reloadAllAccessors: .PublisherTestSubscriber

===========================================================================================
----------------- testing Thu Apr 23 14:02:03 UTC 2020 /home/travis/build/icyphy/ptII/ptolemy/actor/lib/test/auto/PublisherToplevelSubscriberPortAOC.xml
----------------- Instantiating /home/travis/build/icyphy/ptII/ptolemy/actor/lib/test/auto/PublisherToplevelSubscriberPortAOC.xml
2 ms. Memory: 481280K Free: 208863K (43%)
----------------- Invoking toplevel() on ptolemy.moml.MoMLSimpleApplication@48423bd4
----------------- Done invoking toplevel() on ptolemy.moml.MoMLSimpleApplication@48423bd4
reloadAllAccessors: .PublisherToplevelSubscriberPortAOC

===========================================================================================
----------------- testing Thu Apr 23 14:02:03 UTC 2020 /home/travis/build/icyphy/ptII/ptolemy/actor/lib/test/auto/PulseFiringLimitDE.xml
----------------- Instantiating /home/travis/build/icyphy/ptII/ptolemy/actor/lib/test/auto/PulseFiringLimitDE.xml
1 ms. Memory: 481280K Free: 202750K (42%)
----------------- Invoking toplevel() on ptolemy.moml.MoMLSimpleApplication@19fca94e
----------------- Done invoking toplevel() on ptolemy.moml.MoMLSimpleApplication@19fca94e
reloadAllAccessors: .PulseFiringLimitDE

===========================================================================================
----------------- testing Thu Apr 23 14:02:03 UTC 2020 /home/travis/build/icyphy/ptII/ptolemy/actor/lib/test/auto/Ramp1.xml
----------------- Instantiating /home/travis/build/icyphy/ptII/ptolemy/actor/lib/test/auto/Ramp1.xml
1 ms. Memory: 481280K Free: 198654K (41%)
----------------- Invoking toplevel() on ptolemy.moml.MoMLSimpleApplication@4bc020e9
----------------- Done invoking toplevel() on ptolemy.moml.MoMLSimpleApplication@4bc020e9
reloadAllAccessors: .Ramp1

===========================================================================================
----------------- testing Thu Apr 23 14:02:03 UTC 2020 /home/travis/build/icyphy/ptII/ptolemy/actor/lib/test/auto/RampFiringLimitDE.xml
----------------- Instantiating /home/travis/build/icyphy/ptII/ptolemy/actor/lib/test/auto/RampFiringLimitDE.xml
3 ms. Memory: 481280K Free: 192495K (40%)
----------------- Invoking toplevel() on ptolemy.moml.MoMLSimpleApplication@e827b1d
----------------- Done invoking toplevel() on ptolemy.moml.MoMLSimpleApplication@e827b1d
reloadAllAccessors: .RampFiringLimitDE

===========================================================================================
----------------- testing Thu Apr 23 14:02:03 UTC 2020 /home/travis/build/icyphy/ptII/ptolemy/actor/lib/test/auto/RampFiringLimitSDF.xml
----------------- Instantiating /home/travis/build/icyphy/ptII/ptolemy/actor/lib/test/auto/RampFiringLimitSDF.xml
2 ms. Memory: 481280K Free: 186880K (39%)
----------------- Invoking toplevel() on ptolemy.moml.MoMLSimpleApplication@dde2001
----------------- Done invoking toplevel() on ptolemy.moml.MoMLSimpleApplication@dde2001
reloadAllAccessors: .RampFiringLimitSDF

===========================================================================================
----------------- testing Thu Apr 23 14:02:03 UTC 2020 /home/travis/build/icyphy/ptII/ptolemy/actor/lib/test/auto/RandomInteger.xml
----------------- Instantiating /home/travis/build/icyphy/ptII/ptolemy/actor/lib/test/auto/RandomInteger.xml
1 ms. Memory: 481280K Free: 182784K (38%)
----------------- Invoking toplevel() on ptolemy.moml.MoMLSimpleApplication@13907dce
----------------- Done invoking toplevel() on ptolemy.moml.MoMLSimpleApplication@13907dce
reloadAllAccessors: .RandomInteger

===========================================================================================
----------------- testing Thu Apr 23 14:02:03 UTC 2020 /home/travis/build/icyphy/ptII/ptolemy/actor/lib/test/auto/ReadFile1.xml
----------------- Instantiating /home/travis/build/icyphy/ptII/ptolemy/actor/lib/test/auto/ReadFile1.xml
1 ms. Memory: 481280K Free: 178174K (37%)
----------------- Invoking toplevel() on ptolemy.moml.MoMLSimpleApplication@799dee06
----------------- Done invoking toplevel() on ptolemy.moml.MoMLSimpleApplication@799dee06
reloadAllAccessors: .ReadFile1

===========================================================================================
----------------- testing Thu Apr 23 14:02:03 UTC 2020 /home/travis/build/icyphy/ptII/ptolemy/actor/lib/test/auto/ReadFile2.xml
----------------- Instantiating /home/travis/build/icyphy/ptII/ptolemy/actor/lib/test/auto/ReadFile2.xml
1 ms. Memory: 481280K Free: 174078K (36%)
----------------- Invoking toplevel() on ptolemy.moml.MoMLSimpleApplication@53e8a1d0
----------------- Done invoking toplevel() on ptolemy.moml.MoMLSimpleApplication@53e8a1d0
reloadAllAccessors: .ReadFile2

===========================================================================================
----------------- testing Thu Apr 23 14:02:03 UTC 2020 /home/travis/build/icyphy/ptII/ptolemy/actor/lib/test/auto/Reader.xml
----------------- Instantiating /home/travis/build/icyphy/ptII/ptolemy/actor/lib/test/auto/Reader.xml
actor.lib.Reader is obsolete, use actor.lib.io.ExpressionReader instead
4 ms. Memory: 481280K Free: 169982K (35%)
----------------- Invoking toplevel() on ptolemy.moml.MoMLSimpleApplication@78831b4b
----------------- Done invoking toplevel() on ptolemy.moml.MoMLSimpleApplication@78831b4b
reloadAllAccessors: .Reader

===========================================================================================
----------------- testing Thu Apr 23 14:02:03 UTC 2020 /home/travis/build/icyphy/ptII/ptolemy/actor/lib/test/auto/RecordAssemblerDisplayNameTest.xml
----------------- Instantiating /home/travis/build/icyphy/ptII/ptolemy/actor/lib/test/auto/RecordAssemblerDisplayNameTest.xml
4194 ms. Memory: 481280K Free: 335870K (70%)
----------------- Invoking toplevel() on ptolemy.moml.MoMLSimpleApplication@57b89bec
----------------- Done invoking toplevel() on ptolemy.moml.MoMLSimpleApplication@57b89bec
reloadAllAccessors: .RecordAssemblerDisplayNameTest

===========================================================================================
----------------- testing Thu Apr 23 14:02:07 UTC 2020 /home/travis/build/icyphy/ptII/ptolemy/actor/lib/test/auto/RecordAssemblerTypeError.xml
----------------- Instantiating /home/travis/build/icyphy/ptII/ptolemy/actor/lib/test/auto/RecordAssemblerTypeError.xml
15 ms. Memory: 481280K Free: 326144K (68%)
----------------- Invoking toplevel() on ptolemy.moml.MoMLSimpleApplication@31c6a79e
----------------- Done invoking toplevel() on ptolemy.moml.MoMLSimpleApplication@31c6a79e
reloadAllAccessors: .RecordAssemblerTypeError

===========================================================================================
----------------- testing Thu Apr 23 14:02:07 UTC 2020 /home/travis/build/icyphy/ptII/ptolemy/actor/lib/test/auto/RecordDisassember.xml
----------------- Instantiating /home/travis/build/icyphy/ptII/ptolemy/actor/lib/test/auto/RecordDisassember.xml
13 ms. Memory: 481280K Free: 321527K (67%)
----------------- Invoking toplevel() on ptolemy.moml.MoMLSimpleApplication@441198bd
----------------- Done invoking toplevel() on ptolemy.moml.MoMLSimpleApplication@441198bd
reloadAllAccessors: .RecordDisassember

===========================================================================================
----------------- testing Thu Apr 23 14:02:07 UTC 2020 /home/travis/build/icyphy/ptII/ptolemy/actor/lib/test/auto/RecordDisassemberDisplayNameTest.xml
----------------- Instantiating /home/travis/build/icyphy/ptII/ptolemy/actor/lib/test/auto/RecordDisassemberDisplayNameTest.xml
6 ms. Memory: 481280K Free: 313342K (65%)
----------------- Invoking toplevel() on ptolemy.moml.MoMLSimpleApplication@5ee05be0
----------------- Done invoking toplevel() on ptolemy.moml.MoMLSimpleApplication@5ee05be0
reloadAllAccessors: .RecordDisassemberDisplayNameTest

===========================================================================================
----------------- testing Thu Apr 23 14:02:07 UTC 2020 /home/travis/build/icyphy/ptII/ptolemy/actor/lib/test/auto/RecordDisassembler.xml
----------------- Instantiating /home/travis/build/icyphy/ptII/ptolemy/actor/lib/test/auto/RecordDisassembler.xml
3 ms. Memory: 481280K Free: 308215K (64%)
----------------- Invoking toplevel() on ptolemy.moml.MoMLSimpleApplication@48927550
----------------- Done invoking toplevel() on ptolemy.moml.MoMLSimpleApplication@48927550
reloadAllAccessors: .RecordDisassembler

===========================================================================================
----------------- testing Thu Apr 23 14:02:07 UTC 2020 /home/travis/build/icyphy/ptII/ptolemy/actor/lib/test/auto/RecordDisassembler2.xml
----------------- Instantiating /home/travis/build/icyphy/ptII/ptolemy/actor/lib/test/auto/RecordDisassembler2.xml
3 ms. Memory: 481280K Free: 303071K (63%)
----------------- Invoking toplevel() on ptolemy.moml.MoMLSimpleApplication@2354e903
----------------- Done invoking toplevel() on ptolemy.moml.MoMLSimpleApplication@2354e903
reloadAllAccessors: .RecordDisassembler2

===========================================================================================
----------------- testing Thu Apr 23 14:02:07 UTC 2020 /home/travis/build/icyphy/ptII/ptolemy/actor/lib/test/auto/RecordUpdater.xml
----------------- Instantiating /home/travis/build/icyphy/ptII/ptolemy/actor/lib/test/auto/RecordUpdater.xml
2 ms. Memory: 481280K Free: 297472K (62%)
----------------- Invoking toplevel() on ptolemy.moml.MoMLSimpleApplication@484db443
----------------- Done invoking toplevel() on ptolemy.moml.MoMLSimpleApplication@484db443
reloadAllAccessors: .RecordUpdater

===========================================================================================
----------------- testing Thu Apr 23 14:02:07 UTC 2020 /home/travis/build/icyphy/ptII/ptolemy/actor/lib/test/auto/RecordUpdater2.xml
----------------- Instantiating /home/travis/build/icyphy/ptII/ptolemy/actor/lib/test/auto/RecordUpdater2.xml
2 ms. Memory: 481280K Free: 292862K (61%)
----------------- Invoking toplevel() on ptolemy.moml.MoMLSimpleApplication@5c5bc710
----------------- Done invoking toplevel() on ptolemy.moml.MoMLSimpleApplication@5c5bc710
reloadAllAccessors: .RecordUpdater2

===========================================================================================
----------------- testing Thu Apr 23 14:02:07 UTC 2020 /home/travis/build/icyphy/ptII/ptolemy/actor/lib/test/auto/RecursiveLattice.xml
----------------- Instantiating /home/travis/build/icyphy/ptII/ptolemy/actor/lib/test/auto/RecursiveLattice.xml
1 ms. Memory: 481280K Free: 288256K (60%)
----------------- Invoking toplevel() on ptolemy.moml.MoMLSimpleApplication@14cab17d
----------------- Done invoking toplevel() on ptolemy.moml.MoMLSimpleApplication@14cab17d
reloadAllAccessors: .RecursiveLattice

===========================================================================================
----------------- testing Thu Apr 23 14:02:07 UTC 2020 /home/travis/build/icyphy/ptII/ptolemy/actor/lib/test/auto/Router.xml
----------------- Instantiating /home/travis/build/icyphy/ptII/ptolemy/actor/lib/test/auto/Router.xml
3005 ms. Memory: 481280K Free: 277502K (58%)
----------------- Invoking toplevel() on ptolemy.moml.MoMLSimpleApplication@20f8bf9f
----------------- Done invoking toplevel() on ptolemy.moml.MoMLSimpleApplication@20f8bf9f
reloadAllAccessors: .Router

===========================================================================================
----------------- testing Thu Apr 23 14:02:10 UTC 2020 /home/travis/build/icyphy/ptII/ptolemy/actor/lib/test/auto/Router2.xml
----------------- Instantiating /home/travis/build/icyphy/ptII/ptolemy/actor/lib/test/auto/Router2.xml
3003 ms. Memory: 481280K Free: 266752K (55%)
----------------- Invoking toplevel() on ptolemy.moml.MoMLSimpleApplication@3b37d54e
----------------- Done invoking toplevel() on ptolemy.moml.MoMLSimpleApplication@3b37d54e
reloadAllAccessors: .Router2

===========================================================================================
----------------- testing Thu Apr 23 14:02:13 UTC 2020 /home/travis/build/icyphy/ptII/ptolemy/actor/lib/test/auto/RunningMaximum.xml
----------------- Instantiating /home/travis/build/icyphy/ptII/ptolemy/actor/lib/test/auto/RunningMaximum.xml
3 ms. Memory: 481280K Free: 261632K (54%)
----------------- Invoking toplevel() on ptolemy.moml.MoMLSimpleApplication@4b82d9aa
----------------- Done invoking toplevel() on ptolemy.moml.MoMLSimpleApplication@4b82d9aa
reloadAllAccessors: .RunningMaximum

===========================================================================================
----------------- testing Thu Apr 23 14:02:13 UTC 2020 /home/travis/build/icyphy/ptII/ptolemy/actor/lib/test/auto/RunningMinimum.xml
----------------- Instantiating /home/travis/build/icyphy/ptII/ptolemy/actor/lib/test/auto/RunningMinimum.xml
8 ms. Memory: 481280K Free: 257022K (53%)
----------------- Invoking toplevel() on ptolemy.moml.MoMLSimpleApplication@440aa01e
----------------- Done invoking toplevel() on ptolemy.moml.MoMLSimpleApplication@440aa01e
reloadAllAccessors: .RunningMinimum

===========================================================================================
----------------- testing Thu Apr 23 14:02:14 UTC 2020 /home/travis/build/icyphy/ptII/ptolemy/actor/lib/test/auto/Scale.xml
----------------- Instantiating /home/travis/build/icyphy/ptII/ptolemy/actor/lib/test/auto/Scale.xml
2 ms. Memory: 481280K Free: 252416K (52%)
----------------- Invoking toplevel() on ptolemy.moml.MoMLSimpleApplication@143027e1
----------------- Done invoking toplevel() on ptolemy.moml.MoMLSimpleApplication@143027e1
reloadAllAccessors: .Scale

===========================================================================================
----------------- testing Thu Apr 23 14:02:14 UTC 2020 /home/travis/build/icyphy/ptII/ptolemy/actor/lib/test/auto/Scale2.xml
----------------- Instantiating /home/travis/build/icyphy/ptII/ptolemy/actor/lib/test/auto/Scale2.xml
2 ms. Memory: 481280K Free: 247806K (51%)
----------------- Invoking toplevel() on ptolemy.moml.MoMLSimpleApplication@6bc75a7f
----------------- Done invoking toplevel() on ptolemy.moml.MoMLSimpleApplication@6bc75a7f
reloadAllAccessors: .Scale2

===========================================================================================
----------------- testing Thu Apr 23 14:02:14 UTC 2020 /home/travis/build/icyphy/ptII/ptolemy/actor/lib/test/auto/Scale3.xml
----------------- Instantiating /home/travis/build/icyphy/ptII/ptolemy/actor/lib/test/auto/Scale3.xml
4 ms. Memory: 481280K Free: 241152K (50%)
----------------- Invoking toplevel() on ptolemy.moml.MoMLSimpleApplication@557ee6db
----------------- Done invoking toplevel() on ptolemy.moml.MoMLSimpleApplication@557ee6db
reloadAllAccessors: .Scale3

===========================================================================================
----------------- testing Thu Apr 23 14:02:14 UTC 2020 /home/travis/build/icyphy/ptII/ptolemy/actor/lib/test/auto/ScaleArray.xml
----------------- Instantiating /home/travis/build/icyphy/ptII/ptolemy/actor/lib/test/auto/ScaleArray.xml
4 ms. Memory: 481280K Free: 236542K (49%)
----------------- Invoking toplevel() on ptolemy.moml.MoMLSimpleApplication@3632cab5
----------------- Done invoking toplevel() on ptolemy.moml.MoMLSimpleApplication@3632cab5
reloadAllAccessors: .ScaleArray

===========================================================================================
----------------- testing Thu Apr 23 14:02:14 UTC 2020 /home/travis/build/icyphy/ptII/ptolemy/actor/lib/test/auto/ScaleArray2.xml
----------------- Instantiating /home/travis/build/icyphy/ptII/ptolemy/actor/lib/test/auto/ScaleArray2.xml
2 ms. Memory: 481280K Free: 231936K (48%)
----------------- Invoking toplevel() on ptolemy.moml.MoMLSimpleApplication@1763a994
----------------- Done invoking toplevel() on ptolemy.moml.MoMLSimpleApplication@1763a994
reloadAllAccessors: .ScaleArray2

===========================================================================================
----------------- testing Thu Apr 23 14:02:14 UTC 2020 /home/travis/build/icyphy/ptII/ptolemy/actor/lib/test/auto/ScaleMatrix.xml
----------------- Instantiating /home/travis/build/icyphy/ptII/ptolemy/actor/lib/test/auto/ScaleMatrix.xml
214 ms. Memory: 481280K Free: 215552K (45%)
----------------- Invoking toplevel() on ptolemy.moml.MoMLSimpleApplication@1e4378f5
----------------- Done invoking toplevel() on ptolemy.moml.MoMLSimpleApplication@1e4378f5
reloadAllAccessors: .ScaleMatrix

===========================================================================================
----------------- testing Thu Apr 23 14:02:14 UTC 2020 /home/travis/build/icyphy/ptII/ptolemy/actor/lib/test/auto/Select.xml
----------------- Instantiating /home/travis/build/icyphy/ptII/ptolemy/actor/lib/test/auto/Select.xml
3 ms. Memory: 481280K Free: 209408K (44%)
----------------- Invoking toplevel() on ptolemy.moml.MoMLSimpleApplication@3ef44e0e
----------------- Done invoking toplevel() on ptolemy.moml.MoMLSimpleApplication@3ef44e0e
reloadAllAccessors: .Select

===========================================================================================
----------------- testing Thu Apr 23 14:02:14 UTC 2020 /home/travis/build/icyphy/ptII/ptolemy/actor/lib/test/auto/Select2.xml
----------------- Instantiating /home/travis/build/icyphy/ptII/ptolemy/actor/lib/test/auto/Select2.xml
1 ms. Memory: 481280K Free: 204798K (43%)
----------------- Invoking toplevel() on ptolemy.moml.MoMLSimpleApplication@1c20bab3
----------------- Done invoking toplevel() on ptolemy.moml.MoMLSimpleApplication@1c20bab3
reloadAllAccessors: .Select2

===========================================================================================
----------------- testing Thu Apr 23 14:02:14 UTC 2020 /home/travis/build/icyphy/ptII/ptolemy/actor/lib/test/auto/SequenceToArray2.xml
----------------- Instantiating /home/travis/build/icyphy/ptII/ptolemy/actor/lib/test/auto/SequenceToArray2.xml
93 ms. Memory: 481280K Free: 180736K (38%)
----------------- Invoking toplevel() on ptolemy.moml.MoMLSimpleApplication@180c1c57
----------------- Done invoking toplevel() on ptolemy.moml.MoMLSimpleApplication@180c1c57
reloadAllAccessors: .SequenceToArray2

===========================================================================================
----------------- testing Thu Apr 23 14:02:14 UTC 2020 /home/travis/build/icyphy/ptII/ptolemy/actor/lib/test/auto/SequentialClock.xml
----------------- Instantiating /home/travis/build/icyphy/ptII/ptolemy/actor/lib/test/auto/SequentialClock.xml
2 ms. Memory: 481280K Free: 176126K (37%)
----------------- Invoking toplevel() on ptolemy.moml.MoMLSimpleApplication@19afb405
----------------- Done invoking toplevel() on ptolemy.moml.MoMLSimpleApplication@19afb405
reloadAllAccessors: .SequentialClock

===========================================================================================
----------------- testing Thu Apr 23 14:02:14 UTC 2020 /home/travis/build/icyphy/ptII/ptolemy/actor/lib/test/auto/SetVariable.xml
----------------- Instantiating /home/travis/build/icyphy/ptII/ptolemy/actor/lib/test/auto/SetVariable.xml
4 ms. Memory: 481280K Free: 171006K (36%)
----------------- Invoking toplevel() on ptolemy.moml.MoMLSimpleApplication@ca9037e
----------------- Done invoking toplevel() on ptolemy.moml.MoMLSimpleApplication@ca9037e
reloadAllAccessors: .SetVariable

===========================================================================================
----------------- testing Thu Apr 23 14:02:14 UTC 2020 /home/travis/build/icyphy/ptII/ptolemy/actor/lib/test/auto/SetVariable2.xml
----------------- Instantiating /home/travis/build/icyphy/ptII/ptolemy/actor/lib/test/auto/SetVariable2.xml
4 ms. Memory: 481280K Free: 165886K (34%)
----------------- Invoking toplevel() on ptolemy.moml.MoMLSimpleApplication@1be3da34
----------------- Done invoking toplevel() on ptolemy.moml.MoMLSimpleApplication@1be3da34
reloadAllAccessors: .SetVariable2

===========================================================================================
----------------- testing Thu Apr 23 14:02:14 UTC 2020 /home/travis/build/icyphy/ptII/ptolemy/actor/lib/test/auto/SetVariable3.xml
----------------- Instantiating /home/travis/build/icyphy/ptII/ptolemy/actor/lib/test/auto/SetVariable3.xml
4 ms. Memory: 481280K Free: 160766K (33%)
----------------- Invoking toplevel() on ptolemy.moml.MoMLSimpleApplication@25e12ede
----------------- Done invoking toplevel() on ptolemy.moml.MoMLSimpleApplication@25e12ede
reloadAllAccessors: .SetVariable3

===========================================================================================
----------------- testing Thu Apr 23 14:02:14 UTC 2020 /home/travis/build/icyphy/ptII/ptolemy/actor/lib/test/auto/SetVariable4.xml
----------------- Instantiating /home/travis/build/icyphy/ptII/ptolemy/actor/lib/test/auto/SetVariable4.xml
51 ms. Memory: 481280K Free: 427520K (89%)
----------------- Invoking toplevel() on ptolemy.moml.MoMLSimpleApplication@6d17861d
----------------- Done invoking toplevel() on ptolemy.moml.MoMLSimpleApplication@6d17861d
reloadAllAccessors: .SetVariable4

===========================================================================================
----------------- testing Thu Apr 23 14:02:14 UTC 2020 /home/travis/build/icyphy/ptII/ptolemy/actor/lib/test/auto/SetVariable5.xml
----------------- Instantiating /home/travis/build/icyphy/ptII/ptolemy/actor/lib/test/auto/SetVariable5.xml
17 ms. Memory: 481280K Free: 417783K (87%)
----------------- Invoking toplevel() on ptolemy.moml.MoMLSimpleApplication@5c5de636
----------------- Done invoking toplevel() on ptolemy.moml.MoMLSimpleApplication@5c5de636
reloadAllAccessors: .SetVariable5

===========================================================================================
----------------- testing Thu Apr 23 14:02:14 UTC 2020 /home/travis/build/icyphy/ptII/ptolemy/actor/lib/test/auto/Sinewave.xml
----------------- Instantiating /home/travis/build/icyphy/ptII/ptolemy/actor/lib/test/auto/Sinewave.xml
5 ms. Memory: 481280K Free: 407040K (85%)
----------------- Invoking toplevel() on ptolemy.moml.MoMLSimpleApplication@45e233ae
----------------- Done invoking toplevel() on ptolemy.moml.MoMLSimpleApplication@45e233ae
reloadAllAccessors: .Sinewave

===========================================================================================
----------------- testing Thu Apr 23 14:02:14 UTC 2020 /home/travis/build/icyphy/ptII/ptolemy/actor/lib/test/auto/Sinewave2.xml
----------------- Instantiating /home/travis/build/icyphy/ptII/ptolemy/actor/lib/test/auto/Sinewave2.xml
5 ms. Memory: 481280K Free: 398848K (83%)
----------------- Invoking toplevel() on ptolemy.moml.MoMLSimpleApplication@39b18c00
----------------- Done invoking toplevel() on ptolemy.moml.MoMLSimpleApplication@39b18c00
reloadAllAccessors: .Sinewave2

===========================================================================================
----------------- testing Thu Apr 23 14:02:14 UTC 2020 /home/travis/build/icyphy/ptII/ptolemy/actor/lib/test/auto/Sinewave3.xml
----------------- Instantiating /home/travis/build/icyphy/ptII/ptolemy/actor/lib/test/auto/Sinewave3.xml
10 ms. Memory: 481280K Free: 390656K (81%)
----------------- Invoking toplevel() on ptolemy.moml.MoMLSimpleApplication@42642df0
----------------- Done invoking toplevel() on ptolemy.moml.MoMLSimpleApplication@42642df0
reloadAllAccessors: .Sinewave3

===========================================================================================
----------------- testing Thu Apr 23 14:02:14 UTC 2020 /home/travis/build/icyphy/ptII/ptolemy/actor/lib/test/auto/SingleEvent.xml
----------------- Instantiating /home/travis/build/icyphy/ptII/ptolemy/actor/lib/test/auto/SingleEvent.xml
1 ms. Memory: 481280K Free: 386046K (80%)
----------------- Invoking toplevel() on ptolemy.moml.MoMLSimpleApplication@4c763234
----------------- Done invoking toplevel() on ptolemy.moml.MoMLSimpleApplication@4c763234
reloadAllAccessors: .SingleEvent

===========================================================================================
----------------- testing Thu Apr 23 14:02:14 UTC 2020 /home/travis/build/icyphy/ptII/ptolemy/actor/lib/test/auto/Sleep.xml
----------------- Instantiating /home/travis/build/icyphy/ptII/ptolemy/actor/lib/test/auto/Sleep.xml
6003 ms. Memory: 481280K Free: 380895K (79%)
----------------- Invoking toplevel() on ptolemy.moml.MoMLSimpleApplication@3106e1d8
----------------- Done invoking toplevel() on ptolemy.moml.MoMLSimpleApplication@3106e1d8
reloadAllAccessors: .Sleep

===========================================================================================
----------------- testing Thu Apr 23 14:02:20 UTC 2020 /home/travis/build/icyphy/ptII/ptolemy/actor/lib/test/auto/SleepMultipleFire.xml
----------------- Instantiating /home/travis/build/icyphy/ptII/ptolemy/actor/lib/test/auto/SleepMultipleFire.xml
1006 ms. Memory: 481280K Free: 375296K (78%)
----------------- Invoking toplevel() on ptolemy.moml.MoMLSimpleApplication@7a315af7
----------------- Done invoking toplevel() on ptolemy.moml.MoMLSimpleApplication@7a315af7
reloadAllAccessors: .SleepMultipleFire

===========================================================================================
----------------- testing Thu Apr 23 14:02:21 UTC 2020 /home/travis/build/icyphy/ptII/ptolemy/actor/lib/test/auto/StopDE.xml
----------------- Instantiating /home/travis/build/icyphy/ptII/ptolemy/actor/lib/test/auto/StopDE.xml
3 ms. Memory: 481280K Free: 369152K (77%)
----------------- Invoking toplevel() on ptolemy.moml.MoMLSimpleApplication@4c401e3b
----------------- Done invoking toplevel() on ptolemy.moml.MoMLSimpleApplication@4c401e3b
reloadAllAccessors: .StopDE

===========================================================================================
----------------- testing Thu Apr 23 14:02:21 UTC 2020 /home/travis/build/icyphy/ptII/ptolemy/actor/lib/test/auto/StopSDF.xml
----------------- Instantiating /home/travis/build/icyphy/ptII/ptolemy/actor/lib/test/auto/StopSDF.xml
3 ms. Memory: 481280K Free: 364032K (76%)
----------------- Invoking toplevel() on ptolemy.moml.MoMLSimpleApplication@7f3cbe89
----------------- Done invoking toplevel() on ptolemy.moml.MoMLSimpleApplication@7f3cbe89
reloadAllAccessors: .StopSDF

===========================================================================================
----------------- testing Thu Apr 23 14:02:21 UTC 2020 /home/travis/build/icyphy/ptII/ptolemy/actor/lib/test/auto/StringConstant.xml
----------------- Instantiating /home/travis/build/icyphy/ptII/ptolemy/actor/lib/test/auto/StringConstant.xml
9 ms. Memory: 481280K Free: 359422K (75%)
----------------- Invoking toplevel() on ptolemy.moml.MoMLSimpleApplication@39c5d7f2
----------------- Done invoking toplevel() on ptolemy.moml.MoMLSimpleApplication@39c5d7f2
reloadAllAccessors: .StringConstant

===========================================================================================
----------------- testing Thu Apr 23 14:02:21 UTC 2020 /home/travis/build/icyphy/ptII/ptolemy/actor/lib/test/auto/SubscriberPortInitialValues1.xml
----------------- Instantiating /home/travis/build/icyphy/ptII/ptolemy/actor/lib/test/auto/SubscriberPortInitialValues1.xml
8 ms. Memory: 481280K Free: 350720K (73%)
----------------- Invoking toplevel() on ptolemy.moml.MoMLSimpleApplication@76873f72
----------------- Done invoking toplevel() on ptolemy.moml.MoMLSimpleApplication@76873f72
reloadAllAccessors: .SubscriberPortInitialValues1

===========================================================================================
----------------- testing Thu Apr 23 14:02:21 UTC 2020 /home/travis/build/icyphy/ptII/ptolemy/actor/lib/test/auto/SubscriberPortInitialValues13.xml
----------------- Instantiating /home/travis/build/icyphy/ptII/ptolemy/actor/lib/test/auto/SubscriberPortInitialValues13.xml
5 ms. Memory: 481280K Free: 337918K (70%)
----------------- Invoking toplevel() on ptolemy.moml.MoMLSimpleApplication@1ec31f63
----------------- Done invoking toplevel() on ptolemy.moml.MoMLSimpleApplication@1ec31f63
reloadAllAccessors: .SubscriberPortInitialValues13

===========================================================================================
----------------- testing Thu Apr 23 14:02:21 UTC 2020 /home/travis/build/icyphy/ptII/ptolemy/actor/lib/test/auto/SubscriberPortInitialValues14.xml
----------------- Instantiating /home/travis/build/icyphy/ptII/ptolemy/actor/lib/test/auto/SubscriberPortInitialValues14.xml
5 ms. Memory: 481280K Free: 329726K (69%)
----------------- Invoking toplevel() on ptolemy.moml.MoMLSimpleApplication@3ed32fd3
----------------- Done invoking toplevel() on ptolemy.moml.MoMLSimpleApplication@3ed32fd3
reloadAllAccessors: .SubscriberPortInitialValues14

===========================================================================================
----------------- testing Thu Apr 23 14:02:21 UTC 2020 /home/travis/build/icyphy/ptII/ptolemy/actor/lib/test/auto/SubscriberPortInitialValues2.xml
----------------- Instantiating /home/travis/build/icyphy/ptII/ptolemy/actor/lib/test/auto/SubscriberPortInitialValues2.xml
4 ms. Memory: 481280K Free: 322048K (67%)
----------------- Invoking toplevel() on ptolemy.moml.MoMLSimpleApplication@36773295
----------------- Done invoking toplevel() on ptolemy.moml.MoMLSimpleApplication@36773295
reloadAllAccessors: .SubscriberPortInitialValues2

===========================================================================================
----------------- testing Thu Apr 23 14:02:21 UTC 2020 /home/travis/build/icyphy/ptII/ptolemy/actor/lib/test/auto/SubscriberPortInitialValues3.xml
----------------- Instantiating /home/travis/build/icyphy/ptII/ptolemy/actor/lib/test/auto/SubscriberPortInitialValues3.xml
4 ms. Memory: 481280K Free: 311294K (65%)
----------------- Invoking toplevel() on ptolemy.moml.MoMLSimpleApplication@292a6110
----------------- Done invoking toplevel() on ptolemy.moml.MoMLSimpleApplication@292a6110
reloadAllAccessors: .SubscriberPortInitialValues3

===========================================================================================
----------------- testing Thu Apr 23 14:02:21 UTC 2020 /home/travis/build/icyphy/ptII/ptolemy/actor/lib/test/auto/SubscriptionAggregator.xml
----------------- Instantiating /home/travis/build/icyphy/ptII/ptolemy/actor/lib/test/auto/SubscriptionAggregator.xml
2 ms. Memory: 481280K Free: 304640K (63%)
----------------- Invoking toplevel() on ptolemy.moml.MoMLSimpleApplication@73677d94
----------------- Done invoking toplevel() on ptolemy.moml.MoMLSimpleApplication@73677d94
reloadAllAccessors: .SubscriptionAggregator

===========================================================================================
----------------- testing Thu Apr 23 14:02:21 UTC 2020 /home/travis/build/icyphy/ptII/ptolemy/actor/lib/test/auto/SubscriptionAggregator2.xml
----------------- Instantiating /home/travis/build/icyphy/ptII/ptolemy/actor/lib/test/auto/SubscriptionAggregator2.xml
3 ms. Memory: 481280K Free: 297472K (62%)
----------------- Invoking toplevel() on ptolemy.moml.MoMLSimpleApplication@65152a4d
----------------- Done invoking toplevel() on ptolemy.moml.MoMLSimpleApplication@65152a4d
reloadAllAccessors: .SubscriptionAggregator2

===========================================================================================
----------------- testing Thu Apr 23 14:02:21 UTC 2020 /home/travis/build/icyphy/ptII/ptolemy/actor/lib/test/auto/SubscriptionAggregator3.xml
----------------- Instantiating /home/travis/build/icyphy/ptII/ptolemy/actor/lib/test/auto/SubscriptionAggregator3.xml
4 ms. Memory: 481280K Free: 289280K (60%)
----------------- Invoking toplevel() on ptolemy.moml.MoMLSimpleApplication@1902733e
----------------- Done invoking toplevel() on ptolemy.moml.MoMLSimpleApplication@1902733e
reloadAllAccessors: .SubscriptionAggregator3

===========================================================================================
----------------- testing Thu Apr 23 14:02:21 UTC 2020 /home/travis/build/icyphy/ptII/ptolemy/actor/lib/test/auto/SubscriptionAggregatorMultiply.xml
----------------- Instantiating /home/travis/build/icyphy/ptII/ptolemy/actor/lib/test/auto/SubscriptionAggregatorMultiply.xml
10 ms. Memory: 481280K Free: 280567K (58%)
----------------- Invoking toplevel() on ptolemy.moml.MoMLSimpleApplication@70f37e88
----------------- Done invoking toplevel() on ptolemy.moml.MoMLSimpleApplication@70f37e88
reloadAllAccessors: .SubscriptionAggregatorMultiply

===========================================================================================
----------------- testing Thu Apr 23 14:02:21 UTC 2020 /home/travis/build/icyphy/ptII/ptolemy/actor/lib/test/auto/SubscriptionAggregatorPortMultiply1.xml
----------------- Instantiating /home/travis/build/icyphy/ptII/ptolemy/actor/lib/test/auto/SubscriptionAggregatorPortMultiply1.xml
4 ms. Memory: 481280K Free: 271872K (56%)
----------------- Invoking toplevel() on ptolemy.moml.MoMLSimpleApplication@739a0b85
----------------- Done invoking toplevel() on ptolemy.moml.MoMLSimpleApplication@739a0b85
reloadAllAccessors: .SubscriptionAggregatorPortMultiply1

===========================================================================================
----------------- testing Thu Apr 23 14:02:22 UTC 2020 /home/travis/build/icyphy/ptII/ptolemy/actor/lib/test/auto/Switch.xml
----------------- Instantiating /home/travis/build/icyphy/ptII/ptolemy/actor/lib/test/auto/Switch.xml
7 ms. Memory: 481280K Free: 263680K (55%)
----------------- Invoking toplevel() on ptolemy.moml.MoMLSimpleApplication@1106a6f5
----------------- Done invoking toplevel() on ptolemy.moml.MoMLSimpleApplication@1106a6f5
reloadAllAccessors: .Switch

===========================================================================================
----------------- testing Thu Apr 23 14:02:22 UTC 2020 /home/travis/build/icyphy/ptII/ptolemy/actor/lib/test/auto/Switch2.xml
----------------- Instantiating /home/travis/build/icyphy/ptII/ptolemy/actor/lib/test/auto/Switch2.xml
1 ms. Memory: 481280K Free: 259070K (54%)
----------------- Invoking toplevel() on ptolemy.moml.MoMLSimpleApplication@50a10ee9
----------------- Done invoking toplevel() on ptolemy.moml.MoMLSimpleApplication@50a10ee9
reloadAllAccessors: .Switch2

===========================================================================================
----------------- testing Thu Apr 23 14:02:22 UTC 2020 /home/travis/build/icyphy/ptII/ptolemy/actor/lib/test/auto/SwitchDE.xml
----------------- Instantiating /home/travis/build/icyphy/ptII/ptolemy/actor/lib/test/auto/SwitchDE.xml
4 ms. Memory: 481280K Free: 252911K (53%)
----------------- Invoking toplevel() on ptolemy.moml.MoMLSimpleApplication@4b80dc79
----------------- Done invoking toplevel() on ptolemy.moml.MoMLSimpleApplication@4b80dc79
reloadAllAccessors: .SwitchDE

===========================================================================================
----------------- testing Thu Apr 23 14:02:22 UTC 2020 /home/travis/build/icyphy/ptII/ptolemy/actor/lib/test/auto/SynchronizerDE.xml
----------------- Instantiating /home/travis/build/icyphy/ptII/ptolemy/actor/lib/test/auto/SynchronizerDE.xml
7 ms. Memory: 481280K Free: 244224K (51%)
----------------- Invoking toplevel() on ptolemy.moml.MoMLSimpleApplication@353a5ad1
----------------- Done invoking toplevel() on ptolemy.moml.MoMLSimpleApplication@353a5ad1
reloadAllAccessors: .SynchronizerDE

===========================================================================================
----------------- testing Thu Apr 23 14:02:22 UTC 2020 /home/travis/build/icyphy/ptII/ptolemy/actor/lib/test/auto/Test.xml
----------------- Instantiating /home/travis/build/icyphy/ptII/ptolemy/actor/lib/test/auto/Test.xml
2 ms. Memory: 481280K Free: 239104K (50%)
----------------- Invoking toplevel() on ptolemy.moml.MoMLSimpleApplication@2f0a97e6
----------------- Done invoking toplevel() on ptolemy.moml.MoMLSimpleApplication@2f0a97e6
reloadAllAccessors: .Test

===========================================================================================
----------------- testing Thu Apr 23 14:02:22 UTC 2020 /home/travis/build/icyphy/ptII/ptolemy/actor/lib/test/auto/TestExceptionAttribute1.xml
----------------- Instantiating /home/travis/build/icyphy/ptII/ptolemy/actor/lib/test/auto/TestExceptionAttribute1.xml
1 ms. Memory: 481280K Free: 234494K (49%)
----------------- Invoking toplevel() on ptolemy.moml.MoMLSimpleApplication@51b99c05
----------------- Done invoking toplevel() on ptolemy.moml.MoMLSimpleApplication@51b99c05
reloadAllAccessors: .TestExceptionAttribute1

===========================================================================================
----------------- testing Thu Apr 23 14:02:22 UTC 2020 /home/travis/build/icyphy/ptII/ptolemy/actor/lib/test/auto/TestExceptionAttribute2.xml
----------------- Instantiating /home/travis/build/icyphy/ptII/ptolemy/actor/lib/test/auto/TestExceptionAttribute2.xml
2 ms. Memory: 481280K Free: 230912K (48%)
----------------- Invoking toplevel() on ptolemy.moml.MoMLSimpleApplication@3f92dc24
----------------- Done invoking toplevel() on ptolemy.moml.MoMLSimpleApplication@3f92dc24
reloadAllAccessors: .TestExceptionAttribute2

===========================================================================================
----------------- testing Thu Apr 23 14:02:22 UTC 2020 /home/travis/build/icyphy/ptII/ptolemy/actor/lib/test/auto/TestExceptionAttribute3.xml
----------------- Instantiating /home/travis/build/icyphy/ptII/ptolemy/actor/lib/test/auto/TestExceptionAttribute3.xml
.TestExceptionAttribute3.TestExceptionAttribute: initialize() was not invoked, but wrapup() was.  This is unusual, but not always a problem.  For example, exporting JNLP will do this.
1 ms. Memory: 481280K Free: 226816K (47%)
----------------- Invoking toplevel() on ptolemy.moml.MoMLSimpleApplication@7aaf3750
----------------- Done invoking toplevel() on ptolemy.moml.MoMLSimpleApplication@7aaf3750
reloadAllAccessors: .TestExceptionAttribute3

===========================================================================================
----------------- testing Thu Apr 23 14:02:22 UTC 2020 /home/travis/build/icyphy/ptII/ptolemy/actor/lib/test/auto/TestExceptionAttribute4.xml
----------------- Instantiating /home/travis/build/icyphy/ptII/ptolemy/actor/lib/test/auto/TestExceptionAttribute4.xml
.TestExceptionAttribute4.TestExceptionAttribute: initialize() was not invoked, but wrapup() was.  This is unusual, but not always a problem.  For example, exporting JNLP will do this.
.TestExceptionAttribute4.TestExceptionAttribute2: initialize() was not invoked, but wrapup() was.  This is unusual, but not always a problem.  For example, exporting JNLP will do this.
1 ms. Memory: 481280K Free: 222720K (46%)
----------------- Invoking toplevel() on ptolemy.moml.MoMLSimpleApplication@5563900e
----------------- Done invoking toplevel() on ptolemy.moml.MoMLSimpleApplication@5563900e
reloadAllAccessors: .TestExceptionAttribute4

===========================================================================================
----------------- testing Thu Apr 23 14:02:22 UTC 2020 /home/travis/build/icyphy/ptII/ptolemy/actor/lib/test/auto/TestExceptionHandler1.xml
----------------- Instantiating /home/travis/build/icyphy/ptII/ptolemy/actor/lib/test/auto/TestExceptionHandler1.xml
1 ms. Memory: 481280K Free: 219134K (46%)
----------------- Invoking toplevel() on ptolemy.moml.MoMLSimpleApplication@418d4b0a
----------------- Done invoking toplevel() on ptolemy.moml.MoMLSimpleApplication@418d4b0a
reloadAllAccessors: .TestExceptionHandler1

===========================================================================================
----------------- testing Thu Apr 23 14:02:22 UTC 2020 /home/travis/build/icyphy/ptII/ptolemy/actor/lib/test/auto/TestExceptionHandler2.xml
----------------- Instantiating /home/travis/build/icyphy/ptII/ptolemy/actor/lib/test/auto/TestExceptionHandler2.xml
2 ms. Memory: 481280K Free: 215038K (45%)
----------------- Invoking toplevel() on ptolemy.moml.MoMLSimpleApplication@6a24b5ee
----------------- Done invoking toplevel() on ptolemy.moml.MoMLSimpleApplication@6a24b5ee
reloadAllAccessors: .TestExceptionHandler2

===========================================================================================
----------------- testing Thu Apr 23 14:02:22 UTC 2020 /home/travis/build/icyphy/ptII/ptolemy/actor/lib/test/auto/TestExceptionHandler3.xml
----------------- Instantiating /home/travis/build/icyphy/ptII/ptolemy/actor/lib/test/auto/TestExceptionHandler3.xml
1 ms. Memory: 481280K Free: 211456K (44%)
----------------- Invoking toplevel() on ptolemy.moml.MoMLSimpleApplication@caf5f47
----------------- Done invoking toplevel() on ptolemy.moml.MoMLSimpleApplication@caf5f47
reloadAllAccessors: .TestExceptionHandler3

===========================================================================================
----------------- testing Thu Apr 23 14:02:22 UTC 2020 /home/travis/build/icyphy/ptII/ptolemy/actor/lib/test/auto/TestExceptionHandler4.xml
----------------- Instantiating /home/travis/build/icyphy/ptII/ptolemy/actor/lib/test/auto/TestExceptionHandler4.xml
1 ms. Memory: 481280K Free: 207360K (43%)
----------------- Invoking toplevel() on ptolemy.moml.MoMLSimpleApplication@18872747
----------------- Done invoking toplevel() on ptolemy.moml.MoMLSimpleApplication@18872747
reloadAllAccessors: .TestExceptionHandler4

===========================================================================================
----------------- testing Thu Apr 23 14:02:22 UTC 2020 /home/travis/build/icyphy/ptII/ptolemy/actor/lib/test/auto/TestRequireCorrectOrder.xml
----------------- Instantiating /home/travis/build/icyphy/ptII/ptolemy/actor/lib/test/auto/TestRequireCorrectOrder.xml
10 ms. Memory: 481280K Free: 201695K (42%)
----------------- Invoking toplevel() on ptolemy.moml.MoMLSimpleApplication@21324bd1
----------------- Done invoking toplevel() on ptolemy.moml.MoMLSimpleApplication@21324bd1
reloadAllAccessors: .TestRequireCorrectOrder

===========================================================================================
----------------- testing Thu Apr 23 14:02:22 UTC 2020 /home/travis/build/icyphy/ptII/ptolemy/actor/lib/test/auto/TestSimple.xml
----------------- Instantiating /home/travis/build/icyphy/ptII/ptolemy/actor/lib/test/auto/TestSimple.xml
2 ms. Memory: 481280K Free: 197630K (41%)
----------------- Invoking toplevel() on ptolemy.moml.MoMLSimpleApplication@315559de
----------------- Done invoking toplevel() on ptolemy.moml.MoMLSimpleApplication@315559de
reloadAllAccessors: .TestSimple

===========================================================================================
----------------- testing Thu Apr 23 14:02:22 UTC 2020 /home/travis/build/icyphy/ptII/ptolemy/actor/lib/test/auto/ThrowModelError.xml
----------------- Instantiating /home/travis/build/icyphy/ptII/ptolemy/actor/lib/test/auto/ThrowModelError.xml
1 ms. Memory: 481280K Free: 193024K (40%)
----------------- Invoking toplevel() on ptolemy.moml.MoMLSimpleApplication@358a0aa4
----------------- Done invoking toplevel() on ptolemy.moml.MoMLSimpleApplication@358a0aa4
reloadAllAccessors: .ThrowModelError

===========================================================================================
----------------- testing Thu Apr 23 14:02:22 UTC 2020 /home/travis/build/icyphy/ptII/ptolemy/actor/lib/test/auto/TimeDelayMicrosteps.xml
----------------- Instantiating /home/travis/build/icyphy/ptII/ptolemy/actor/lib/test/auto/TimeDelayMicrosteps.xml
3 ms. Memory: 481280K Free: 185856K (39%)
----------------- Invoking toplevel() on ptolemy.moml.MoMLSimpleApplication@37009fe8
----------------- Done invoking toplevel() on ptolemy.moml.MoMLSimpleApplication@37009fe8
reloadAllAccessors: .TimeDelayMicrosteps

===========================================================================================
----------------- testing Thu Apr 23 14:02:22 UTC 2020 /home/travis/build/icyphy/ptII/ptolemy/actor/lib/test/auto/TimeDelayMicrosteps2.xml
----------------- Instantiating /home/travis/build/icyphy/ptII/ptolemy/actor/lib/test/auto/TimeDelayMicrosteps2.xml
3 ms. Memory: 481280K Free: 178688K (37%)
----------------- Invoking toplevel() on ptolemy.moml.MoMLSimpleApplication@3796a273
----------------- Done invoking toplevel() on ptolemy.moml.MoMLSimpleApplication@3796a273
reloadAllAccessors: .TimeDelayMicrosteps2

===========================================================================================
----------------- testing Thu Apr 23 14:02:22 UTC 2020 /home/travis/build/icyphy/ptII/ptolemy/actor/lib/test/auto/TimeDelayMicrosteps3.xml
----------------- Instantiating /home/travis/build/icyphy/ptII/ptolemy/actor/lib/test/auto/TimeDelayMicrosteps3.xml
4 ms. Memory: 481280K Free: 171999K (36%)
----------------- Invoking toplevel() on ptolemy.moml.MoMLSimpleApplication@28c2c87
----------------- Done invoking toplevel() on ptolemy.moml.MoMLSimpleApplication@28c2c87
reloadAllAccessors: .TimeDelayMicrosteps3

===========================================================================================
----------------- testing Thu Apr 23 14:02:22 UTC 2020 /home/travis/build/icyphy/ptII/ptolemy/actor/lib/test/auto/TimeDelayVariableMicrosteps.xml
----------------- Instantiating /home/travis/build/icyphy/ptII/ptolemy/actor/lib/test/auto/TimeDelayVariableMicrosteps.xml
2 ms. Memory: 481280K Free: 164862K (34%)
----------------- Invoking toplevel() on ptolemy.moml.MoMLSimpleApplication@65caeda6
----------------- Done invoking toplevel() on ptolemy.moml.MoMLSimpleApplication@65caeda6
reloadAllAccessors: .TimeDelayVariableMicrosteps

===========================================================================================
----------------- testing Thu Apr 23 14:02:22 UTC 2020 /home/travis/build/icyphy/ptII/ptolemy/actor/lib/test/auto/TimeGap.xml
----------------- Instantiating /home/travis/build/icyphy/ptII/ptolemy/actor/lib/test/auto/TimeGap.xml
3 ms. Memory: 481280K Free: 159735K (33%)
----------------- Invoking toplevel() on ptolemy.moml.MoMLSimpleApplication@43dc2409
----------------- Done invoking toplevel() on ptolemy.moml.MoMLSimpleApplication@43dc2409
reloadAllAccessors: .TimeGap

===========================================================================================
----------------- testing Thu Apr 23 14:02:22 UTC 2020 /home/travis/build/icyphy/ptII/ptolemy/actor/lib/test/auto/TimeGap2.xml
----------------- Instantiating /home/travis/build/icyphy/ptII/ptolemy/actor/lib/test/auto/TimeGap2.xml
2 ms. Memory: 481280K Free: 154112K (32%)
----------------- Invoking toplevel() on ptolemy.moml.MoMLSimpleApplication@72983c16
----------------- Done invoking toplevel() on ptolemy.moml.MoMLSimpleApplication@72983c16
reloadAllAccessors: .TimeGap2

===========================================================================================
----------------- testing Thu Apr 23 14:02:22 UTC 2020 /home/travis/build/icyphy/ptII/ptolemy/actor/lib/test/auto/TimedSinewave.xml
----------------- Instantiating /home/travis/build/icyphy/ptII/ptolemy/actor/lib/test/auto/TimedSinewave.xml
21 ms. Memory: 481280K Free: 416791K (87%)
----------------- Invoking toplevel() on ptolemy.moml.MoMLSimpleApplication@1404bc40
----------------- Done invoking toplevel() on ptolemy.moml.MoMLSimpleApplication@1404bc40
reloadAllAccessors: .TimedSinewave

===========================================================================================
----------------- testing Thu Apr 23 14:02:22 UTC 2020 /home/travis/build/icyphy/ptII/ptolemy/actor/lib/test/auto/TimedSinewavePhase.xml
----------------- Instantiating /home/travis/build/icyphy/ptII/ptolemy/actor/lib/test/auto/TimedSinewavePhase.xml
9 ms. Memory: 481280K Free: 407065K (85%)
----------------- Invoking toplevel() on ptolemy.moml.MoMLSimpleApplication@7259fd7d
----------------- Done invoking toplevel() on ptolemy.moml.MoMLSimpleApplication@7259fd7d
reloadAllAccessors: .TimedSinewavePhase

===========================================================================================
----------------- testing Thu Apr 23 14:02:22 UTC 2020 /home/travis/build/icyphy/ptII/ptolemy/actor/lib/test/auto/Timer.xml
----------------- Instantiating /home/travis/build/icyphy/ptII/ptolemy/actor/lib/test/auto/Timer.xml
2 ms. Memory: 481280K Free: 401424K (83%)
----------------- Invoking toplevel() on ptolemy.moml.MoMLSimpleApplication@26166126
----------------- Done invoking toplevel() on ptolemy.moml.MoMLSimpleApplication@26166126
reloadAllAccessors: .Timer

===========================================================================================
----------------- testing Thu Apr 23 14:02:22 UTC 2020 /home/travis/build/icyphy/ptII/ptolemy/actor/lib/test/auto/TriangularDistTestModel.xml
----------------- Instantiating /home/travis/build/icyphy/ptII/ptolemy/actor/lib/test/auto/TriangularDistTestModel.xml
2 ms. Memory: 481280K Free: 395256K (82%)
----------------- Invoking toplevel() on ptolemy.moml.MoMLSimpleApplication@2c20d9bb
----------------- Done invoking toplevel() on ptolemy.moml.MoMLSimpleApplication@2c20d9bb
reloadAllAccessors: .TriangularDistTestModel

===========================================================================================
----------------- testing Thu Apr 23 14:02:22 UTC 2020 /home/travis/build/icyphy/ptII/ptolemy/actor/lib/test/auto/TrigFunction.xml
----------------- Instantiating /home/travis/build/icyphy/ptII/ptolemy/actor/lib/test/auto/TrigFunction.xml
1 ms. Memory: 481280K Free: 390681K (81%)
----------------- Invoking toplevel() on ptolemy.moml.MoMLSimpleApplication@7cb4c2c2
----------------- Done invoking toplevel() on ptolemy.moml.MoMLSimpleApplication@7cb4c2c2
reloadAllAccessors: .TrigFunction

===========================================================================================
----------------- testing Thu Apr 23 14:02:22 UTC 2020 /home/travis/build/icyphy/ptII/ptolemy/actor/lib/test/auto/TrigFunctionDE.xml
----------------- Instantiating /home/travis/build/icyphy/ptII/ptolemy/actor/lib/test/auto/TrigFunctionDE.xml
2 ms. Memory: 481280K Free: 385047K (80%)
----------------- Invoking toplevel() on ptolemy.moml.MoMLSimpleApplication@2f9991c3
----------------- Done invoking toplevel() on ptolemy.moml.MoMLSimpleApplication@2f9991c3
reloadAllAccessors: .TrigFunctionDE

===========================================================================================
----------------- testing Thu Apr 23 14:02:22 UTC 2020 /home/travis/build/icyphy/ptII/ptolemy/actor/lib/test/auto/TrigFunctionInverse.xml
----------------- Instantiating /home/travis/build/icyphy/ptII/ptolemy/actor/lib/test/auto/TrigFunctionInverse.xml
2 ms. Memory: 481280K Free: 379417K (79%)
----------------- Invoking toplevel() on ptolemy.moml.MoMLSimpleApplication@fcacfaa
----------------- Done invoking toplevel() on ptolemy.moml.MoMLSimpleApplication@fcacfaa
reloadAllAccessors: .TrigFunctionInverse

===========================================================================================
----------------- testing Thu Apr 23 14:02:22 UTC 2020 /home/travis/build/icyphy/ptII/ptolemy/actor/lib/test/auto/TrigFunctionTan.xml
----------------- Instantiating /home/travis/build/icyphy/ptII/ptolemy/actor/lib/test/auto/TrigFunctionTan.xml
1 ms. Memory: 481280K Free: 375321K (78%)
----------------- Invoking toplevel() on ptolemy.moml.MoMLSimpleApplication@14ce0ccd
----------------- Done invoking toplevel() on ptolemy.moml.MoMLSimpleApplication@14ce0ccd
reloadAllAccessors: .TrigFunctionTan

===========================================================================================
----------------- testing Thu Apr 23 14:02:22 UTC 2020 /home/travis/build/icyphy/ptII/ptolemy/actor/lib/test/auto/TriggeredClock.xml
----------------- Instantiating /home/travis/build/icyphy/ptII/ptolemy/actor/lib/test/auto/TriggeredClock.xml
1 ms. Memory: 481280K Free: 370201K (77%)
----------------- Invoking toplevel() on ptolemy.moml.MoMLSimpleApplication@1a009338
----------------- Done invoking toplevel() on ptolemy.moml.MoMLSimpleApplication@1a009338
reloadAllAccessors: .TriggeredClock

===========================================================================================
----------------- testing Thu Apr 23 14:02:22 UTC 2020 /home/travis/build/icyphy/ptII/ptolemy/actor/lib/test/auto/URLDirectoryReader.xml
----------------- Instantiating /home/travis/build/icyphy/ptII/ptolemy/actor/lib/test/auto/URLDirectoryReader.xml
33 ms. Memory: 481280K Free: 359961K (75%)
----------------- Invoking toplevel() on ptolemy.moml.MoMLSimpleApplication@6c5bfb25
----------------- Done invoking toplevel() on ptolemy.moml.MoMLSimpleApplication@6c5bfb25
reloadAllAccessors: .URLDirectoryReader

===========================================================================================
----------------- testing Thu Apr 23 14:02:22 UTC 2020 /home/travis/build/icyphy/ptII/ptolemy/actor/lib/test/auto/URLDirectoryReader3.xml
----------------- Instantiating /home/travis/build/icyphy/ptII/ptolemy/actor/lib/test/auto/URLDirectoryReader3.xml
1073 ms. Memory: 481280K Free: 420864K (87%)
----------------- Invoking toplevel() on ptolemy.moml.MoMLSimpleApplication@427e4af8
----------------- Done invoking toplevel() on ptolemy.moml.MoMLSimpleApplication@427e4af8
reloadAllAccessors: .URLDirectoryReader3

===========================================================================================
----------------- testing Thu Apr 23 14:02:23 UTC 2020 /home/travis/build/icyphy/ptII/ptolemy/actor/lib/test/auto/UnaryMathFunction.xml
----------------- Instantiating /home/travis/build/icyphy/ptII/ptolemy/actor/lib/test/auto/UnaryMathFunction.xml
2 ms. Memory: 481280K Free: 412672K (86%)
----------------- Invoking toplevel() on ptolemy.moml.MoMLSimpleApplication@5f439646
----------------- Done invoking toplevel() on ptolemy.moml.MoMLSimpleApplication@5f439646
reloadAllAccessors: .UnaryMathFunction

===========================================================================================
----------------- testing Thu Apr 23 14:02:23 UTC 2020 /home/travis/build/icyphy/ptII/ptolemy/actor/lib/test/auto/Uniform.xml
----------------- Instantiating /home/travis/build/icyphy/ptII/ptolemy/actor/lib/test/auto/Uniform.xml
2 ms. Memory: 481280K Free: 408062K (85%)
----------------- Invoking toplevel() on ptolemy.moml.MoMLSimpleApplication@76cbbf00
----------------- Done invoking toplevel() on ptolemy.moml.MoMLSimpleApplication@76cbbf00
reloadAllAccessors: .Uniform

===========================================================================================
----------------- testing Thu Apr 23 14:02:24 UTC 2020 /home/travis/build/icyphy/ptII/ptolemy/actor/lib/test/auto/UnionDisassemblerTest.xml
----------------- Instantiating /home/travis/build/icyphy/ptII/ptolemy/actor/lib/test/auto/UnionDisassemblerTest.xml
9 ms. Memory: 481280K Free: 403456K (84%)
----------------- Invoking toplevel() on ptolemy.moml.MoMLSimpleApplication@6ef55383
----------------- Done invoking toplevel() on ptolemy.moml.MoMLSimpleApplication@6ef55383
reloadAllAccessors: .UnionDisassemblerTest

===========================================================================================
----------------- testing Thu Apr 23 14:02:24 UTC 2020 /home/travis/build/icyphy/ptII/ptolemy/actor/lib/test/auto/UtilityFunctions.xml
----------------- Instantiating /home/travis/build/icyphy/ptII/ptolemy/actor/lib/test/auto/UtilityFunctions.xml
1 ms. Memory: 481280K Free: 399360K (83%)
----------------- Invoking toplevel() on ptolemy.moml.MoMLSimpleApplication@174002d1
----------------- Done invoking toplevel() on ptolemy.moml.MoMLSimpleApplication@174002d1
reloadAllAccessors: .UtilityFunctions

===========================================================================================
----------------- testing Thu Apr 23 14:02:24 UTC 2020 /home/travis/build/icyphy/ptII/ptolemy/actor/lib/test/auto/VariableSleep.xml
----------------- Instantiating /home/travis/build/icyphy/ptII/ptolemy/actor/lib/test/auto/VariableSleep.xml
503 ms. Memory: 481280K Free: 394240K (82%)
----------------- Invoking toplevel() on ptolemy.moml.MoMLSimpleApplication@56748bfe
----------------- Done invoking toplevel() on ptolemy.moml.MoMLSimpleApplication@56748bfe
reloadAllAccessors: .VariableSleep

===========================================================================================
----------------- testing Thu Apr 23 14:02:24 UTC 2020 /home/travis/build/icyphy/ptII/ptolemy/actor/lib/test/auto/VectorAssemblerDisassemblerCT.xml
----------------- Instantiating /home/travis/build/icyphy/ptII/ptolemy/actor/lib/test/auto/VectorAssemblerDisassemblerCT.xml
65 ms. Memory: 481280K Free: 373760K (78%)
----------------- Invoking toplevel() on ptolemy.moml.MoMLSimpleApplication@79362a07
----------------- Done invoking toplevel() on ptolemy.moml.MoMLSimpleApplication@79362a07
reloadAllAccessors: .VectorAssemblerDisassemblerCT

===========================================================================================
----------------- testing Thu Apr 23 14:02:24 UTC 2020 /home/travis/build/icyphy/ptII/ptolemy/actor/lib/test/auto/VectorAssemblerDisassemblerDE.xml
----------------- Instantiating /home/travis/build/icyphy/ptII/ptolemy/actor/lib/test/auto/VectorAssemblerDisassemblerDE.xml
3 ms. Memory: 481280K Free: 366592K (76%)
----------------- Invoking toplevel() on ptolemy.moml.MoMLSimpleApplication@1f67c114
----------------- Done invoking toplevel() on ptolemy.moml.MoMLSimpleApplication@1f67c114
reloadAllAccessors: .VectorAssemblerDisassemblerDE

===========================================================================================
----------------- testing Thu Apr 23 14:02:24 UTC 2020 /home/travis/build/icyphy/ptII/ptolemy/actor/lib/test/auto/VectorAssemblerDisassemblerSDF.xml
----------------- Instantiating /home/travis/build/icyphy/ptII/ptolemy/actor/lib/test/auto/VectorAssemblerDisassemblerSDF.xml
2 ms. Memory: 481280K Free: 360448K (75%)
----------------- Invoking toplevel() on ptolemy.moml.MoMLSimpleApplication@4b0bdd55
----------------- Done invoking toplevel() on ptolemy.moml.MoMLSimpleApplication@4b0bdd55
reloadAllAccessors: .VectorAssemblerDisassemblerSDF

===========================================================================================
----------------- testing Thu Apr 23 14:02:24 UTC 2020 /home/travis/build/icyphy/ptII/ptolemy/actor/lib/test/auto/WallClockTime.xml
----------------- Instantiating /home/travis/build/icyphy/ptII/ptolemy/actor/lib/test/auto/WallClockTime.xml
1004 ms. Memory: 481280K Free: 354814K (74%)
----------------- Invoking toplevel() on ptolemy.moml.MoMLSimpleApplication@3ae434b
----------------- Done invoking toplevel() on ptolemy.moml.MoMLSimpleApplication@3ae434b
reloadAllAccessors: .WallClockTime

===========================================================================================
----------------- testing Thu Apr 23 14:02:25 UTC 2020 /home/travis/build/icyphy/ptII/ptolemy/actor/lib/test/auto/WidthTestWithSubscriberPublisher.xml
----------------- Instantiating /home/travis/build/icyphy/ptII/ptolemy/actor/lib/test/auto/WidthTestWithSubscriberPublisher.xml
8 ms. Memory: 481280K Free: 336896K (70%)
----------------- Invoking toplevel() on ptolemy.moml.MoMLSimpleApplication@3f9b3ea0
----------------- Done invoking toplevel() on ptolemy.moml.MoMLSimpleApplication@3f9b3ea0
reloadAllAccessors: .WidthTestWithSubscriberPublisher

===========================================================================================
----------------- testing Thu Apr 23 14:02:25 UTC 2020 /home/travis/build/icyphy/ptII/ptolemy/actor/lib/test/auto/WidthTestWithSubscriberPublisher2.xml
----------------- Instantiating /home/travis/build/icyphy/ptII/ptolemy/actor/lib/test/auto/WidthTestWithSubscriberPublisher2.xml
4 ms. Memory: 481280K Free: 330752K (69%)
----------------- Invoking toplevel() on ptolemy.moml.MoMLSimpleApplication@24494c0b
----------------- Done invoking toplevel() on ptolemy.moml.MoMLSimpleApplication@24494c0b
reloadAllAccessors: .WidthTestWithSubscriberPublisher2

===========================================================================================
----------------- testing Thu Apr 23 14:02:25 UTC 2020 /home/travis/build/icyphy/ptII/ptolemy/actor/lib/test/auto/WidthTestWithSubscriberPublisher3.xml
----------------- Instantiating /home/travis/build/icyphy/ptII/ptolemy/actor/lib/test/auto/WidthTestWithSubscriberPublisher3.xml
2 ms. Memory: 481280K Free: 325118K (68%)
----------------- Invoking toplevel() on ptolemy.moml.MoMLSimpleApplication@3f6a75e2
----------------- Done invoking toplevel() on ptolemy.moml.MoMLSimpleApplication@3f6a75e2
reloadAllAccessors: .WidthTestWithSubscriberPublisher3

===========================================================================================
----------------- testing Thu Apr 23 14:02:25 UTC 2020 /home/travis/build/icyphy/ptII/ptolemy/actor/lib/test/auto/Writer.xml
----------------- Instantiating /home/travis/build/icyphy/ptII/ptolemy/actor/lib/test/auto/Writer.xml
0
1
2
3
4
2 ms. Memory: 481280K Free: 320512K (67%)
----------------- Invoking toplevel() on ptolemy.moml.MoMLSimpleApplication@579b0c04
----------------- Done invoking toplevel() on ptolemy.moml.MoMLSimpleApplication@579b0c04
reloadAllAccessors: .Writer

===========================================================================================
----------------- testing Thu Apr 23 14:02:25 UTC 2020 /home/travis/build/icyphy/ptII/ptolemy/actor/lib/test/auto/array.xml
----------------- Instantiating /home/travis/build/icyphy/ptII/ptolemy/actor/lib/test/auto/array.xml
16 ms. Memory: 481280K Free: 315902K (66%)
----------------- Invoking toplevel() on ptolemy.moml.MoMLSimpleApplication@5e50c131
----------------- Done invoking toplevel() on ptolemy.moml.MoMLSimpleApplication@5e50c131
reloadAllAccessors: .array

===========================================================================================
----------------- testing Thu Apr 23 14:02:25 UTC 2020 /home/travis/build/icyphy/ptII/ptolemy/actor/lib/test/auto/array2.xml
----------------- Instantiating /home/travis/build/icyphy/ptII/ptolemy/actor/lib/test/auto/array2.xml
4 ms. Memory: 481280K Free: 310767K (65%)
----------------- Invoking toplevel() on ptolemy.moml.MoMLSimpleApplication@64cb36d3
----------------- Done invoking toplevel() on ptolemy.moml.MoMLSimpleApplication@64cb36d3
reloadAllAccessors: .array2

===========================================================================================
----------------- testing Thu Apr 23 14:02:25 UTC 2020 /home/travis/build/icyphy/ptII/ptolemy/actor/lib/test/auto/arrayType.xml
----------------- Instantiating /home/travis/build/icyphy/ptII/ptolemy/actor/lib/test/auto/arrayType.xml
2 ms. Memory: 481280K Free: 305152K (63%)
----------------- Invoking toplevel() on ptolemy.moml.MoMLSimpleApplication@37e8e70a
----------------- Done invoking toplevel() on ptolemy.moml.MoMLSimpleApplication@37e8e70a
reloadAllAccessors: .arrayType

===========================================================================================
----------------- testing Thu Apr 23 14:02:25 UTC 2020 /home/travis/build/icyphy/ptII/ptolemy/actor/lib/test/auto/arrayType10.xml
----------------- Instantiating /home/travis/build/icyphy/ptII/ptolemy/actor/lib/test/auto/arrayType10.xml
1 ms. Memory: 481280K Free: 300542K (62%)
----------------- Invoking toplevel() on ptolemy.moml.MoMLSimpleApplication@3c3fd140
----------------- Done invoking toplevel() on ptolemy.moml.MoMLSimpleApplication@3c3fd140
reloadAllAccessors: .arrayType10

===========================================================================================
----------------- testing Thu Apr 23 14:02:25 UTC 2020 /home/travis/build/icyphy/ptII/ptolemy/actor/lib/test/auto/arrayType11.xml
----------------- Instantiating /home/travis/build/icyphy/ptII/ptolemy/actor/lib/test/auto/arrayType11.xml
1 ms. Memory: 481280K Free: 295936K (61%)
----------------- Invoking toplevel() on ptolemy.moml.MoMLSimpleApplication@eb88d71
----------------- Done invoking toplevel() on ptolemy.moml.MoMLSimpleApplication@eb88d71
reloadAllAccessors: .arrayType11

===========================================================================================
----------------- testing Thu Apr 23 14:02:25 UTC 2020 /home/travis/build/icyphy/ptII/ptolemy/actor/lib/test/auto/arrayType12.xml
----------------- Instantiating /home/travis/build/icyphy/ptII/ptolemy/actor/lib/test/auto/arrayType12.xml
1 ms. Memory: 481280K Free: 290816K (60%)
----------------- Invoking toplevel() on ptolemy.moml.MoMLSimpleApplication@150c863a
----------------- Done invoking toplevel() on ptolemy.moml.MoMLSimpleApplication@150c863a
reloadAllAccessors: .arrayType12

===========================================================================================
----------------- testing Thu Apr 23 14:02:25 UTC 2020 /home/travis/build/icyphy/ptII/ptolemy/actor/lib/test/auto/arrayType13.xml
----------------- Instantiating /home/travis/build/icyphy/ptII/ptolemy/actor/lib/test/auto/arrayType13.xml
1 ms. Memory: 481280K Free: 285696K (59%)
----------------- Invoking toplevel() on ptolemy.moml.MoMLSimpleApplication@11e63501
----------------- Done invoking toplevel() on ptolemy.moml.MoMLSimpleApplication@11e63501
reloadAllAccessors: .arrayType13

===========================================================================================
----------------- testing Thu Apr 23 14:02:25 UTC 2020 /home/travis/build/icyphy/ptII/ptolemy/actor/lib/test/auto/arrayType14.xml
----------------- Instantiating /home/travis/build/icyphy/ptII/ptolemy/actor/lib/test/auto/arrayType14.xml
1 ms. Memory: 481280K Free: 280576K (58%)
----------------- Invoking toplevel() on ptolemy.moml.MoMLSimpleApplication@2ad0ddb4
----------------- Done invoking toplevel() on ptolemy.moml.MoMLSimpleApplication@2ad0ddb4
reloadAllAccessors: .arrayType14

===========================================================================================
----------------- testing Thu Apr 23 14:02:25 UTC 2020 /home/travis/build/icyphy/ptII/ptolemy/actor/lib/test/auto/arrayType15.xml
----------------- Instantiating /home/travis/build/icyphy/ptII/ptolemy/actor/lib/test/auto/arrayType15.xml
2 ms. Memory: 481280K Free: 274942K (57%)
----------------- Invoking toplevel() on ptolemy.moml.MoMLSimpleApplication@2a08f088
----------------- Done invoking toplevel() on ptolemy.moml.MoMLSimpleApplication@2a08f088
reloadAllAccessors: .arrayType15

===========================================================================================
----------------- testing Thu Apr 23 14:02:25 UTC 2020 /home/travis/build/icyphy/ptII/ptolemy/actor/lib/test/auto/arrayType16.xml
----------------- Instantiating /home/travis/build/icyphy/ptII/ptolemy/actor/lib/test/auto/arrayType16.xml
1 ms. Memory: 481280K Free: 269822K (56%)
----------------- Invoking toplevel() on ptolemy.moml.MoMLSimpleApplication@646c10df
----------------- Done invoking toplevel() on ptolemy.moml.MoMLSimpleApplication@646c10df
reloadAllAccessors: .arrayType16

===========================================================================================
----------------- testing Thu Apr 23 14:02:25 UTC 2020 /home/travis/build/icyphy/ptII/ptolemy/actor/lib/test/auto/arrayType17.xml
----------------- Instantiating /home/travis/build/icyphy/ptII/ptolemy/actor/lib/test/auto/arrayType17.xml
1 ms. Memory: 481280K Free: 264192K (55%)
----------------- Invoking toplevel() on ptolemy.moml.MoMLSimpleApplication@71776a6a
----------------- Done invoking toplevel() on ptolemy.moml.MoMLSimpleApplication@71776a6a
reloadAllAccessors: .arrayType17

===========================================================================================
----------------- testing Thu Apr 23 14:02:25 UTC 2020 /home/travis/build/icyphy/ptII/ptolemy/actor/lib/test/auto/arrayType18.xml
----------------- Instantiating /home/travis/build/icyphy/ptII/ptolemy/actor/lib/test/auto/arrayType18.xml
1 ms. Memory: 481280K Free: 259582K (54%)
----------------- Invoking toplevel() on ptolemy.moml.MoMLSimpleApplication@1d5854d
----------------- Done invoking toplevel() on ptolemy.moml.MoMLSimpleApplication@1d5854d
reloadAllAccessors: .arrayType18

===========================================================================================
----------------- testing Thu Apr 23 14:02:25 UTC 2020 /home/travis/build/icyphy/ptII/ptolemy/actor/lib/test/auto/arrayType19.xml
----------------- Instantiating /home/travis/build/icyphy/ptII/ptolemy/actor/lib/test/auto/arrayType19.xml
1 ms. Memory: 481280K Free: 254976K (53%)
----------------- Invoking toplevel() on ptolemy.moml.MoMLSimpleApplication@52b05e33
----------------- Done invoking toplevel() on ptolemy.moml.MoMLSimpleApplication@52b05e33
reloadAllAccessors: .arrayType19

===========================================================================================
----------------- testing Thu Apr 23 14:02:25 UTC 2020 /home/travis/build/icyphy/ptII/ptolemy/actor/lib/test/auto/arrayType2.xml
----------------- Instantiating /home/travis/build/icyphy/ptII/ptolemy/actor/lib/test/auto/arrayType2.xml
1 ms. Memory: 481280K Free: 249342K (52%)
----------------- Invoking toplevel() on ptolemy.moml.MoMLSimpleApplication@5251f5f0
----------------- Done invoking toplevel() on ptolemy.moml.MoMLSimpleApplication@5251f5f0
reloadAllAccessors: .arrayType2

===========================================================================================
----------------- testing Thu Apr 23 14:02:26 UTC 2020 /home/travis/build/icyphy/ptII/ptolemy/actor/lib/test/auto/arrayType20.xml
----------------- Instantiating /home/travis/build/icyphy/ptII/ptolemy/actor/lib/test/auto/arrayType20.xml
1 ms. Memory: 481280K Free: 244736K (51%)
----------------- Invoking toplevel() on ptolemy.moml.MoMLSimpleApplication@76783a59
----------------- Done invoking toplevel() on ptolemy.moml.MoMLSimpleApplication@76783a59
reloadAllAccessors: .arrayType20

===========================================================================================
----------------- testing Thu Apr 23 14:02:26 UTC 2020 /home/travis/build/icyphy/ptII/ptolemy/actor/lib/test/auto/arrayType21.xml
----------------- Instantiating /home/travis/build/icyphy/ptII/ptolemy/actor/lib/test/auto/arrayType21.xml
1 ms. Memory: 481280K Free: 240126K (50%)
----------------- Invoking toplevel() on ptolemy.moml.MoMLSimpleApplication@36bb8a08
----------------- Done invoking toplevel() on ptolemy.moml.MoMLSimpleApplication@36bb8a08
reloadAllAccessors: .arrayType21

===========================================================================================
----------------- testing Thu Apr 23 14:02:26 UTC 2020 /home/travis/build/icyphy/ptII/ptolemy/actor/lib/test/auto/arrayType22.xml
----------------- Instantiating /home/travis/build/icyphy/ptII/ptolemy/actor/lib/test/auto/arrayType22.xml
3 ms. Memory: 481280K Free: 235006K (49%)
----------------- Invoking toplevel() on ptolemy.moml.MoMLSimpleApplication@728322b7
----------------- Done invoking toplevel() on ptolemy.moml.MoMLSimpleApplication@728322b7
reloadAllAccessors: .arrayType22

===========================================================================================
----------------- testing Thu Apr 23 14:02:26 UTC 2020 /home/travis/build/icyphy/ptII/ptolemy/actor/lib/test/auto/arrayType23.xml
----------------- Instantiating /home/travis/build/icyphy/ptII/ptolemy/actor/lib/test/auto/arrayType23.xml
1 ms. Memory: 481280K Free: 230400K (48%)
----------------- Invoking toplevel() on ptolemy.moml.MoMLSimpleApplication@503c574e
----------------- Done invoking toplevel() on ptolemy.moml.MoMLSimpleApplication@503c574e
reloadAllAccessors: .arrayType23

===========================================================================================
----------------- testing Thu Apr 23 14:02:26 UTC 2020 /home/travis/build/icyphy/ptII/ptolemy/actor/lib/test/auto/arrayType24.xml
----------------- Instantiating /home/travis/build/icyphy/ptII/ptolemy/actor/lib/test/auto/arrayType24.xml
3 ms. Memory: 481280K Free: 225790K (47%)
----------------- Invoking toplevel() on ptolemy.moml.MoMLSimpleApplication@59e815c
----------------- Done invoking toplevel() on ptolemy.moml.MoMLSimpleApplication@59e815c
reloadAllAccessors: .arrayType24

===========================================================================================
----------------- testing Thu Apr 23 14:02:26 UTC 2020 /home/travis/build/icyphy/ptII/ptolemy/actor/lib/test/auto/arrayType25.xml
----------------- Instantiating /home/travis/build/icyphy/ptII/ptolemy/actor/lib/test/auto/arrayType25.xml
2 ms. Memory: 481280K Free: 220160K (46%)
----------------- Invoking toplevel() on ptolemy.moml.MoMLSimpleApplication@11d31141
----------------- Done invoking toplevel() on ptolemy.moml.MoMLSimpleApplication@11d31141
reloadAllAccessors: .arrayType25

===========================================================================================
----------------- testing Thu Apr 23 14:02:26 UTC 2020 /home/travis/build/icyphy/ptII/ptolemy/actor/lib/test/auto/arrayType26.xml
----------------- Instantiating /home/travis/build/icyphy/ptII/ptolemy/actor/lib/test/auto/arrayType26.xml
1 ms. Memory: 481280K Free: 215040K (45%)
----------------- Invoking toplevel() on ptolemy.moml.MoMLSimpleApplication@59af8b12
----------------- Done invoking toplevel() on ptolemy.moml.MoMLSimpleApplication@59af8b12
reloadAllAccessors: .arrayType26

===========================================================================================
----------------- testing Thu Apr 23 14:02:26 UTC 2020 /home/travis/build/icyphy/ptII/ptolemy/actor/lib/test/auto/arrayType27.xml
----------------- Instantiating /home/travis/build/icyphy/ptII/ptolemy/actor/lib/test/auto/arrayType27.xml
2 ms. Memory: 481280K Free: 209406K (44%)
----------------- Invoking toplevel() on ptolemy.moml.MoMLSimpleApplication@49396cdf
----------------- Done invoking toplevel() on ptolemy.moml.MoMLSimpleApplication@49396cdf
reloadAllAccessors: .arrayType27

===========================================================================================
----------------- testing Thu Apr 23 14:02:26 UTC 2020 /home/travis/build/icyphy/ptII/ptolemy/actor/lib/test/auto/arrayType28.xml
----------------- Instantiating /home/travis/build/icyphy/ptII/ptolemy/actor/lib/test/auto/arrayType28.xml
1 ms. Memory: 481280K Free: 204286K (42%)
----------------- Invoking toplevel() on ptolemy.moml.MoMLSimpleApplication@724ad146
----------------- Done invoking toplevel() on ptolemy.moml.MoMLSimpleApplication@724ad146
reloadAllAccessors: .arrayType28

===========================================================================================
----------------- testing Thu Apr 23 14:02:26 UTC 2020 /home/travis/build/icyphy/ptII/ptolemy/actor/lib/test/auto/arrayType3.xml
----------------- Instantiating /home/travis/build/icyphy/ptII/ptolemy/actor/lib/test/auto/arrayType3.xml
1 ms. Memory: 481280K Free: 199151K (41%)
----------------- Invoking toplevel() on ptolemy.moml.MoMLSimpleApplication@55cfae3e
----------------- Done invoking toplevel() on ptolemy.moml.MoMLSimpleApplication@55cfae3e
reloadAllAccessors: .arrayType3

===========================================================================================
----------------- testing Thu Apr 23 14:02:26 UTC 2020 /home/travis/build/icyphy/ptII/ptolemy/actor/lib/test/auto/arrayType4.xml
----------------- Instantiating /home/travis/build/icyphy/ptII/ptolemy/actor/lib/test/auto/arrayType4.xml
2 ms. Memory: 481280K Free: 193536K (40%)
----------------- Invoking toplevel() on ptolemy.moml.MoMLSimpleApplication@76e95c06
----------------- Done invoking toplevel() on ptolemy.moml.MoMLSimpleApplication@76e95c06
reloadAllAccessors: .arrayType4

===========================================================================================
----------------- testing Thu Apr 23 14:02:26 UTC 2020 /home/travis/build/icyphy/ptII/ptolemy/actor/lib/test/auto/arrayType5.xml
----------------- Instantiating /home/travis/build/icyphy/ptII/ptolemy/actor/lib/test/auto/arrayType5.xml
2 ms. Memory: 481280K Free: 188416K (39%)
----------------- Invoking toplevel() on ptolemy.moml.MoMLSimpleApplication@c95e396
----------------- Done invoking toplevel() on ptolemy.moml.MoMLSimpleApplication@c95e396
reloadAllAccessors: .arrayType5

===========================================================================================
----------------- testing Thu Apr 23 14:02:26 UTC 2020 /home/travis/build/icyphy/ptII/ptolemy/actor/lib/test/auto/arrayType6.xml
----------------- Instantiating /home/travis/build/icyphy/ptII/ptolemy/actor/lib/test/auto/arrayType6.xml
1 ms. Memory: 481280K Free: 183296K (38%)
----------------- Invoking toplevel() on ptolemy.moml.MoMLSimpleApplication@5b62dff8
----------------- Done invoking toplevel() on ptolemy.moml.MoMLSimpleApplication@5b62dff8
reloadAllAccessors: .arrayType6

===========================================================================================
----------------- testing Thu Apr 23 14:02:26 UTC 2020 /home/travis/build/icyphy/ptII/ptolemy/actor/lib/test/auto/arrayType7.xml
----------------- Instantiating /home/travis/build/icyphy/ptII/ptolemy/actor/lib/test/auto/arrayType7.xml
2 ms. Memory: 481280K Free: 178686K (37%)
----------------- Invoking toplevel() on ptolemy.moml.MoMLSimpleApplication@61294f50
----------------- Done invoking toplevel() on ptolemy.moml.MoMLSimpleApplication@61294f50
reloadAllAccessors: .arrayType7

===========================================================================================
----------------- testing Thu Apr 23 14:02:26 UTC 2020 /home/travis/build/icyphy/ptII/ptolemy/actor/lib/test/auto/arrayType8.xml
----------------- Instantiating /home/travis/build/icyphy/ptII/ptolemy/actor/lib/test/auto/arrayType8.xml
2 ms. Memory: 481280K Free: 174080K (36%)
----------------- Invoking toplevel() on ptolemy.moml.MoMLSimpleApplication@23fa875c
----------------- Done invoking toplevel() on ptolemy.moml.MoMLSimpleApplication@23fa875c
reloadAllAccessors: .arrayType8

===========================================================================================
----------------- testing Thu Apr 23 14:02:26 UTC 2020 /home/travis/build/icyphy/ptII/ptolemy/actor/lib/test/auto/arrayType9.xml
----------------- Instantiating /home/travis/build/icyphy/ptII/ptolemy/actor/lib/test/auto/arrayType9.xml
5 ms. Memory: 481280K Free: 168960K (35%)
----------------- Invoking toplevel() on ptolemy.moml.MoMLSimpleApplication@253d6879
----------------- Done invoking toplevel() on ptolemy.moml.MoMLSimpleApplication@253d6879
reloadAllAccessors: .arrayType9

===========================================================================================
----------------- testing Thu Apr 23 14:02:26 UTC 2020 /home/travis/build/icyphy/ptII/ptolemy/actor/lib/test/auto/cast.xml
----------------- Instantiating /home/travis/build/icyphy/ptII/ptolemy/actor/lib/test/auto/cast.xml
2 ms. Memory: 481280K Free: 164350K (34%)
----------------- Invoking toplevel() on ptolemy.moml.MoMLSimpleApplication@35de2727
----------------- Done invoking toplevel() on ptolemy.moml.MoMLSimpleApplication@35de2727
reloadAllAccessors: .cast

===========================================================================================
----------------- testing Thu Apr 23 14:02:26 UTC 2020 /home/travis/build/icyphy/ptII/ptolemy/actor/lib/test/auto/compositeMultiPort.xml
----------------- Instantiating /home/travis/build/icyphy/ptII/ptolemy/actor/lib/test/auto/compositeMultiPort.xml
3 ms. Memory: 481280K Free: 155134K (32%)
----------------- Invoking toplevel() on ptolemy.moml.MoMLSimpleApplication@5c739e69
----------------- Done invoking toplevel() on ptolemy.moml.MoMLSimpleApplication@5c739e69
reloadAllAccessors: .compositeMultiPort

===========================================================================================
----------------- testing Thu Apr 23 14:02:26 UTC 2020 /home/travis/build/icyphy/ptII/ptolemy/actor/lib/test/auto/expressionCastInference.xml
----------------- Instantiating /home/travis/build/icyphy/ptII/ptolemy/actor/lib/test/auto/expressionCastInference.xml
2 ms. Memory: 481280K Free: 150528K (31%)
----------------- Invoking toplevel() on ptolemy.moml.MoMLSimpleApplication@460be4b1
----------------- Done invoking toplevel() on ptolemy.moml.MoMLSimpleApplication@460be4b1
reloadAllAccessors: .expressionCastInference

===========================================================================================
----------------- testing Thu Apr 23 14:02:26 UTC 2020 /home/travis/build/icyphy/ptII/ptolemy/actor/lib/test/auto/expressionCastInference2.xml
----------------- Instantiating /home/travis/build/icyphy/ptII/ptolemy/actor/lib/test/auto/expressionCastInference2.xml
2 ms. Memory: 481280K Free: 145918K (30%)
----------------- Invoking toplevel() on ptolemy.moml.MoMLSimpleApplication@397a8a14
----------------- Done invoking toplevel() on ptolemy.moml.MoMLSimpleApplication@397a8a14
reloadAllAccessors: .expressionCastInference2

===========================================================================================
----------------- testing Thu Apr 23 14:02:26 UTC 2020 /home/travis/build/icyphy/ptII/ptolemy/actor/lib/test/auto/expressionInference.xml
----------------- Instantiating /home/travis/build/icyphy/ptII/ptolemy/actor/lib/test/auto/expressionInference.xml
2 ms. Memory: 481280K Free: 424835K (88%)
----------------- Invoking toplevel() on ptolemy.moml.MoMLSimpleApplication@365d2e
----------------- Done invoking toplevel() on ptolemy.moml.MoMLSimpleApplication@365d2e
reloadAllAccessors: .expressionInference

===========================================================================================
----------------- testing Thu Apr 23 14:02:26 UTC 2020 /home/travis/build/icyphy/ptII/ptolemy/actor/lib/test/auto/expression_bug.xml
----------------- Instantiating /home/travis/build/icyphy/ptII/ptolemy/actor/lib/test/auto/expression_bug.xml
2 ms. Memory: 481280K Free: 419997K (87%)
----------------- Invoking toplevel() on ptolemy.moml.MoMLSimpleApplication@78f0702
----------------- Done invoking toplevel() on ptolemy.moml.MoMLSimpleApplication@78f0702
reloadAllAccessors: .expression_bug

===========================================================================================
----------------- testing Thu Apr 23 14:02:26 UTC 2020 /home/travis/build/icyphy/ptII/ptolemy/actor/lib/test/auto/factorial.xml
----------------- Instantiating /home/travis/build/icyphy/ptII/ptolemy/actor/lib/test/auto/factorial.xml
57 ms. Memory: 481280K Free: 411295K (85%)
----------------- Invoking toplevel() on ptolemy.moml.MoMLSimpleApplication@f0c3c37
----------------- Done invoking toplevel() on ptolemy.moml.MoMLSimpleApplication@f0c3c37
reloadAllAccessors: .factorial

===========================================================================================
----------------- testing Thu Apr 23 14:02:26 UTC 2020 /home/travis/build/icyphy/ptII/ptolemy/actor/lib/test/auto/filterTest1.xml
----------------- Instantiating /home/travis/build/icyphy/ptII/ptolemy/actor/lib/test/auto/filterTest1.xml
19 ms. Memory: 481280K Free: 405151K (84%)
----------------- Invoking toplevel() on ptolemy.moml.MoMLSimpleApplication@20133709
----------------- Done invoking toplevel() on ptolemy.moml.MoMLSimpleApplication@20133709
reloadAllAccessors: .filterTest1

===========================================================================================
----------------- testing Thu Apr 23 14:02:26 UTC 2020 /home/travis/build/icyphy/ptII/ptolemy/actor/lib/test/auto/funcApplyInConst.xml
----------------- Instantiating /home/travis/build/icyphy/ptII/ptolemy/actor/lib/test/auto/funcApplyInConst.xml
2 ms. Memory: 481280K Free: 401565K (83%)
----------------- Invoking toplevel() on ptolemy.moml.MoMLSimpleApplication@1f75e8b6
----------------- Done invoking toplevel() on ptolemy.moml.MoMLSimpleApplication@1f75e8b6
reloadAllAccessors: .funcApplyInConst

===========================================================================================
----------------- testing Thu Apr 23 14:02:26 UTC 2020 /home/travis/build/icyphy/ptII/ptolemy/actor/lib/test/auto/funcApplyInExpr.xml
----------------- Instantiating /home/travis/build/icyphy/ptII/ptolemy/actor/lib/test/auto/funcApplyInExpr.xml
2 ms. Memory: 481280K Free: 397469K (83%)
----------------- Invoking toplevel() on ptolemy.moml.MoMLSimpleApplication@1dcf5ff9
----------------- Done invoking toplevel() on ptolemy.moml.MoMLSimpleApplication@1dcf5ff9
reloadAllAccessors: .funcApplyInExpr

===========================================================================================
----------------- testing Thu Apr 23 14:02:26 UTC 2020 /home/travis/build/icyphy/ptII/ptolemy/actor/lib/test/auto/function.xml
----------------- Instantiating /home/travis/build/icyphy/ptII/ptolemy/actor/lib/test/auto/function.xml
2 ms. Memory: 481280K Free: 392863K (82%)
----------------- Invoking toplevel() on ptolemy.moml.MoMLSimpleApplication@6717b482
----------------- Done invoking toplevel() on ptolemy.moml.MoMLSimpleApplication@6717b482
reloadAllAccessors: .function

===========================================================================================
----------------- testing Thu Apr 23 14:02:26 UTC 2020 /home/travis/build/icyphy/ptII/ptolemy/actor/lib/test/auto/function2.xml
----------------- Instantiating /home/travis/build/icyphy/ptII/ptolemy/actor/lib/test/auto/function2.xml
2 ms. Memory: 481280K Free: 388253K (81%)
----------------- Invoking toplevel() on ptolemy.moml.MoMLSimpleApplication@dd27cb2
----------------- Done invoking toplevel() on ptolemy.moml.MoMLSimpleApplication@dd27cb2
reloadAllAccessors: .function2

===========================================================================================
----------------- testing Thu Apr 23 14:02:26 UTC 2020 /home/travis/build/icyphy/ptII/ptolemy/actor/lib/test/auto/function3.xml
----------------- Instantiating /home/travis/build/icyphy/ptII/ptolemy/actor/lib/test/auto/function3.xml
2 ms. Memory: 481280K Free: 384157K (80%)
----------------- Invoking toplevel() on ptolemy.moml.MoMLSimpleApplication@6868c45
----------------- Done invoking toplevel() on ptolemy.moml.MoMLSimpleApplication@6868c45
reloadAllAccessors: .function3

===========================================================================================
----------------- testing Thu Apr 23 14:02:26 UTC 2020 /home/travis/build/icyphy/ptII/ptolemy/actor/lib/test/auto/functionClosureTest1.xml
----------------- Instantiating /home/travis/build/icyphy/ptII/ptolemy/actor/lib/test/auto/functionClosureTest1.xml
1 ms. Memory: 481280K Free: 378527K (79%)
----------------- Invoking toplevel() on ptolemy.moml.MoMLSimpleApplication@24220c7a
----------------- Done invoking toplevel() on ptolemy.moml.MoMLSimpleApplication@24220c7a
reloadAllAccessors: .functionClosureTest1

===========================================================================================
----------------- testing Thu Apr 23 14:02:26 UTC 2020 /home/travis/build/icyphy/ptII/ptolemy/actor/lib/test/auto/functionClosureTest2.xml
----------------- Instantiating /home/travis/build/icyphy/ptII/ptolemy/actor/lib/test/auto/functionClosureTest2.xml
2 ms. Memory: 481280K Free: 374431K (78%)
----------------- Invoking toplevel() on ptolemy.moml.MoMLSimpleApplication@108b0946
----------------- Done invoking toplevel() on ptolemy.moml.MoMLSimpleApplication@108b0946
reloadAllAccessors: .functionClosureTest2

===========================================================================================
----------------- testing Thu Apr 23 14:02:26 UTC 2020 /home/travis/build/icyphy/ptII/ptolemy/actor/lib/test/auto/functionClosureTest3.xml
----------------- Instantiating /home/travis/build/icyphy/ptII/ptolemy/actor/lib/test/auto/functionClosureTest3.xml
2 ms. Memory: 481280K Free: 369311K (77%)
----------------- Invoking toplevel() on ptolemy.moml.MoMLSimpleApplication@4ac135e0
----------------- Done invoking toplevel() on ptolemy.moml.MoMLSimpleApplication@4ac135e0
reloadAllAccessors: .functionClosureTest3

===========================================================================================
----------------- testing Thu Apr 23 14:02:26 UTC 2020 /home/travis/build/icyphy/ptII/ptolemy/actor/lib/test/auto/functionClosureTest4.xml
----------------- Instantiating /home/travis/build/icyphy/ptII/ptolemy/actor/lib/test/auto/functionClosureTest4.xml
4 ms. Memory: 481280K Free: 362653K (75%)
----------------- Invoking toplevel() on ptolemy.moml.MoMLSimpleApplication@15db6070
----------------- Done invoking toplevel() on ptolemy.moml.MoMLSimpleApplication@15db6070
reloadAllAccessors: .functionClosureTest4

===========================================================================================
----------------- testing Thu Apr 23 14:02:26 UTC 2020 /home/travis/build/icyphy/ptII/ptolemy/actor/lib/test/auto/functionClosureTest5.xml
----------------- Instantiating /home/travis/build/icyphy/ptII/ptolemy/actor/lib/test/auto/functionClosureTest5.xml
3 ms. Memory: 481280K Free: 357533K (74%)
----------------- Invoking toplevel() on ptolemy.moml.MoMLSimpleApplication@6fd5f24e
----------------- Done invoking toplevel() on ptolemy.moml.MoMLSimpleApplication@6fd5f24e
reloadAllAccessors: .functionClosureTest5

===========================================================================================
----------------- testing Thu Apr 23 14:02:26 UTC 2020 /home/travis/build/icyphy/ptII/ptolemy/actor/lib/test/auto/functionClosureTest6.xml
----------------- Instantiating /home/travis/build/icyphy/ptII/ptolemy/actor/lib/test/auto/functionClosureTest6.xml
2 ms. Memory: 481280K Free: 352413K (73%)
----------------- Invoking toplevel() on ptolemy.moml.MoMLSimpleApplication@33c978f
----------------- Done invoking toplevel() on ptolemy.moml.MoMLSimpleApplication@33c978f
reloadAllAccessors: .functionClosureTest6

===========================================================================================
----------------- testing Thu Apr 23 14:02:26 UTC 2020 /home/travis/build/icyphy/ptII/ptolemy/actor/lib/test/auto/functionsOnArcs.xml
----------------- Instantiating /home/travis/build/icyphy/ptII/ptolemy/actor/lib/test/auto/functionsOnArcs.xml
2 ms. Memory: 481280K Free: 347293K (72%)
----------------- Invoking toplevel() on ptolemy.moml.MoMLSimpleApplication@379490f4
----------------- Done invoking toplevel() on ptolemy.moml.MoMLSimpleApplication@379490f4
reloadAllAccessors: .functionsOnArcs

===========================================================================================
----------------- testing Thu Apr 23 14:02:26 UTC 2020 /home/travis/build/icyphy/ptII/ptolemy/actor/lib/test/auto/functionsOnArcsHOF.xml
----------------- Instantiating /home/travis/build/icyphy/ptII/ptolemy/actor/lib/test/auto/functionsOnArcsHOF.xml
6 ms. Memory: 481280K Free: 341149K (71%)
----------------- Invoking toplevel() on ptolemy.moml.MoMLSimpleApplication@466fe94c
----------------- Done invoking toplevel() on ptolemy.moml.MoMLSimpleApplication@466fe94c
reloadAllAccessors: .functionsOnArcsHOF

===========================================================================================
----------------- testing Thu Apr 23 14:02:26 UTC 2020 /home/travis/build/icyphy/ptII/ptolemy/actor/lib/test/auto/logic.xml
----------------- Instantiating /home/travis/build/icyphy/ptII/ptolemy/actor/lib/test/auto/logic.xml
1 ms. Memory: 481280K Free: 333981K (69%)
----------------- Invoking toplevel() on ptolemy.moml.MoMLSimpleApplication@1afdddd6
----------------- Done invoking toplevel() on ptolemy.moml.MoMLSimpleApplication@1afdddd6
reloadAllAccessors: .logic

===========================================================================================
----------------- testing Thu Apr 23 14:02:26 UTC 2020 /home/travis/build/icyphy/ptII/ptolemy/actor/lib/test/auto/matrixType.xml
----------------- Instantiating /home/travis/build/icyphy/ptII/ptolemy/actor/lib/test/auto/matrixType.xml
1 ms. Memory: 481280K Free: 328861K (68%)
----------------- Invoking toplevel() on ptolemy.moml.MoMLSimpleApplication@6063a16b
----------------- Done invoking toplevel() on ptolemy.moml.MoMLSimpleApplication@6063a16b
reloadAllAccessors: .matrixType

===========================================================================================
----------------- testing Thu Apr 23 14:02:26 UTC 2020 /home/travis/build/icyphy/ptII/ptolemy/actor/lib/test/auto/matrixType10.xml
----------------- Instantiating /home/travis/build/icyphy/ptII/ptolemy/actor/lib/test/auto/matrixType10.xml
2 ms. Memory: 481280K Free: 323741K (67%)
----------------- Invoking toplevel() on ptolemy.moml.MoMLSimpleApplication@5067f496
----------------- Done invoking toplevel() on ptolemy.moml.MoMLSimpleApplication@5067f496
reloadAllAccessors: .matrixType10

===========================================================================================
----------------- testing Thu Apr 23 14:02:26 UTC 2020 /home/travis/build/icyphy/ptII/ptolemy/actor/lib/test/auto/matrixType11.xml
----------------- Instantiating /home/travis/build/icyphy/ptII/ptolemy/actor/lib/test/auto/matrixType11.xml
2 ms. Memory: 481280K Free: 319135K (66%)
----------------- Invoking toplevel() on ptolemy.moml.MoMLSimpleApplication@68e19d28
----------------- Done invoking toplevel() on ptolemy.moml.MoMLSimpleApplication@68e19d28
reloadAllAccessors: .matrixType11

===========================================================================================
----------------- testing Thu Apr 23 14:02:26 UTC 2020 /home/travis/build/icyphy/ptII/ptolemy/actor/lib/test/auto/matrixType12.xml
----------------- Instantiating /home/travis/build/icyphy/ptII/ptolemy/actor/lib/test/auto/matrixType12.xml
1 ms. Memory: 481280K Free: 314015K (65%)
----------------- Invoking toplevel() on ptolemy.moml.MoMLSimpleApplication@17d8ed59
----------------- Done invoking toplevel() on ptolemy.moml.MoMLSimpleApplication@17d8ed59
reloadAllAccessors: .matrixType12

===========================================================================================
----------------- testing Thu Apr 23 14:02:26 UTC 2020 /home/travis/build/icyphy/ptII/ptolemy/actor/lib/test/auto/matrixType13.xml
----------------- Instantiating /home/travis/build/icyphy/ptII/ptolemy/actor/lib/test/auto/matrixType13.xml
1 ms. Memory: 481280K Free: 309405K (64%)
----------------- Invoking toplevel() on ptolemy.moml.MoMLSimpleApplication@dff7340
----------------- Done invoking toplevel() on ptolemy.moml.MoMLSimpleApplication@dff7340
reloadAllAccessors: .matrixType13

===========================================================================================
----------------- testing Thu Apr 23 14:02:26 UTC 2020 /home/travis/build/icyphy/ptII/ptolemy/actor/lib/test/auto/matrixType14.xml
----------------- Instantiating /home/travis/build/icyphy/ptII/ptolemy/actor/lib/test/auto/matrixType14.xml
2 ms. Memory: 481280K Free: 304285K (63%)
----------------- Invoking toplevel() on ptolemy.moml.MoMLSimpleApplication@2f2073a9
----------------- Done invoking toplevel() on ptolemy.moml.MoMLSimpleApplication@2f2073a9
reloadAllAccessors: .matrixType14

===========================================================================================
----------------- testing Thu Apr 23 14:02:26 UTC 2020 /home/travis/build/icyphy/ptII/ptolemy/actor/lib/test/auto/matrixType2.xml
----------------- Instantiating /home/travis/build/icyphy/ptII/ptolemy/actor/lib/test/auto/matrixType2.xml
2 ms. Memory: 481280K Free: 299165K (62%)
----------------- Invoking toplevel() on ptolemy.moml.MoMLSimpleApplication@3e81d900
----------------- Done invoking toplevel() on ptolemy.moml.MoMLSimpleApplication@3e81d900
reloadAllAccessors: .matrixType2

===========================================================================================
----------------- testing Thu Apr 23 14:02:26 UTC 2020 /home/travis/build/icyphy/ptII/ptolemy/actor/lib/test/auto/matrixType3.xml
----------------- Instantiating /home/travis/build/icyphy/ptII/ptolemy/actor/lib/test/auto/matrixType3.xml
4 ms. Memory: 481280K Free: 294045K (61%)
----------------- Invoking toplevel() on ptolemy.moml.MoMLSimpleApplication@28a8152f
----------------- Done invoking toplevel() on ptolemy.moml.MoMLSimpleApplication@28a8152f
reloadAllAccessors: .matrixType3

===========================================================================================
----------------- testing Thu Apr 23 14:02:26 UTC 2020 /home/travis/build/icyphy/ptII/ptolemy/actor/lib/test/auto/matrixType4.xml
----------------- Instantiating /home/travis/build/icyphy/ptII/ptolemy/actor/lib/test/auto/matrixType4.xml
2 ms. Memory: 481280K Free: 289439K (60%)
----------------- Invoking toplevel() on ptolemy.moml.MoMLSimpleApplication@5e76710d
----------------- Done invoking toplevel() on ptolemy.moml.MoMLSimpleApplication@5e76710d
reloadAllAccessors: .matrixType4

===========================================================================================
----------------- testing Thu Apr 23 14:02:26 UTC 2020 /home/travis/build/icyphy/ptII/ptolemy/actor/lib/test/auto/matrixType5.xml
----------------- Instantiating /home/travis/build/icyphy/ptII/ptolemy/actor/lib/test/auto/matrixType5.xml
1 ms. Memory: 481280K Free: 284319K (59%)
----------------- Invoking toplevel() on ptolemy.moml.MoMLSimpleApplication@27a645b7
----------------- Done invoking toplevel() on ptolemy.moml.MoMLSimpleApplication@27a645b7
reloadAllAccessors: .matrixType5

===========================================================================================
----------------- testing Thu Apr 23 14:02:26 UTC 2020 /home/travis/build/icyphy/ptII/ptolemy/actor/lib/test/auto/matrixType6.xml
----------------- Instantiating /home/travis/build/icyphy/ptII/ptolemy/actor/lib/test/auto/matrixType6.xml
1 ms. Memory: 481280K Free: 279709K (58%)
----------------- Invoking toplevel() on ptolemy.moml.MoMLSimpleApplication@4fea5c88
----------------- Done invoking toplevel() on ptolemy.moml.MoMLSimpleApplication@4fea5c88
reloadAllAccessors: .matrixType6

===========================================================================================
----------------- testing Thu Apr 23 14:02:26 UTC 2020 /home/travis/build/icyphy/ptII/ptolemy/actor/lib/test/auto/matrixType7.xml
----------------- Instantiating /home/travis/build/icyphy/ptII/ptolemy/actor/lib/test/auto/matrixType7.xml
2 ms. Memory: 481280K Free: 274589K (57%)
----------------- Invoking toplevel() on ptolemy.moml.MoMLSimpleApplication@65f097a9
----------------- Done invoking toplevel() on ptolemy.moml.MoMLSimpleApplication@65f097a9
reloadAllAccessors: .matrixType7

===========================================================================================
----------------- testing Thu Apr 23 14:02:26 UTC 2020 /home/travis/build/icyphy/ptII/ptolemy/actor/lib/test/auto/matrixType8.xml
----------------- Instantiating /home/travis/build/icyphy/ptII/ptolemy/actor/lib/test/auto/matrixType8.xml
1 ms. Memory: 481280K Free: 269983K (56%)
----------------- Invoking toplevel() on ptolemy.moml.MoMLSimpleApplication@270d0f07
----------------- Done invoking toplevel() on ptolemy.moml.MoMLSimpleApplication@270d0f07
reloadAllAccessors: .matrixType8

===========================================================================================
----------------- testing Thu Apr 23 14:02:26 UTC 2020 /home/travis/build/icyphy/ptII/ptolemy/actor/lib/test/auto/matrixType9.xml
----------------- Instantiating /home/travis/build/icyphy/ptII/ptolemy/actor/lib/test/auto/matrixType9.xml
1 ms. Memory: 481280K Free: 264863K (55%)
----------------- Invoking toplevel() on ptolemy.moml.MoMLSimpleApplication@57b98abc
----------------- Done invoking toplevel() on ptolemy.moml.MoMLSimpleApplication@57b98abc
reloadAllAccessors: .matrixType9

===========================================================================================
----------------- testing Thu Apr 23 14:02:26 UTC 2020 /home/travis/build/icyphy/ptII/ptolemy/actor/lib/test/auto/paraFunctest.xml
----------------- Instantiating /home/travis/build/icyphy/ptII/ptolemy/actor/lib/test/auto/paraFunctest.xml
2 ms. Memory: 481280K Free: 261277K (54%)
----------------- Invoking toplevel() on ptolemy.moml.MoMLSimpleApplication@1852e0c1
----------------- Done invoking toplevel() on ptolemy.moml.MoMLSimpleApplication@1852e0c1
reloadAllAccessors: .paraFunctest

===========================================================================================
----------------- testing Thu Apr 23 14:02:26 UTC 2020 /home/travis/build/icyphy/ptII/ptolemy/actor/lib/test/auto/paraFunctest2.xml
----------------- Instantiating /home/travis/build/icyphy/ptII/ptolemy/actor/lib/test/auto/paraFunctest2.xml
2 ms. Memory: 481280K Free: 256157K (53%)
----------------- Invoking toplevel() on ptolemy.moml.MoMLSimpleApplication@658d512a
----------------- Done invoking toplevel() on ptolemy.moml.MoMLSimpleApplication@658d512a
reloadAllAccessors: .paraFunctest2

===========================================================================================
----------------- testing Thu Apr 23 14:02:26 UTC 2020 /home/travis/build/icyphy/ptII/ptolemy/actor/lib/test/auto/parameterPassing.xml
----------------- Instantiating /home/travis/build/icyphy/ptII/ptolemy/actor/lib/test/auto/parameterPassing.xml
1 ms. Memory: 481280K Free: 252061K (52%)
----------------- Invoking toplevel() on ptolemy.moml.MoMLSimpleApplication@51298e86
----------------- Done invoking toplevel() on ptolemy.moml.MoMLSimpleApplication@51298e86
reloadAllAccessors: .parameterPassing

===========================================================================================
----------------- testing Thu Apr 23 14:02:26 UTC 2020 /home/travis/build/icyphy/ptII/ptolemy/actor/lib/test/auto/record.xml
----------------- Instantiating /home/travis/build/icyphy/ptII/ptolemy/actor/lib/test/auto/record.xml
3 ms. Memory: 481280K Free: 246941K (51%)
----------------- Invoking toplevel() on ptolemy.moml.MoMLSimpleApplication@4c934ab9
----------------- Done invoking toplevel() on ptolemy.moml.MoMLSimpleApplication@4c934ab9
reloadAllAccessors: .record

===========================================================================================
----------------- testing Thu Apr 23 14:02:26 UTC 2020 /home/travis/build/icyphy/ptII/ptolemy/actor/lib/test/auto/sizedarray1.xml
----------------- Instantiating /home/travis/build/icyphy/ptII/ptolemy/actor/lib/test/auto/sizedarray1.xml
1 ms. Memory: 481280K Free: 241821K (50%)
----------------- Invoking toplevel() on ptolemy.moml.MoMLSimpleApplication@7ee72273
----------------- Done invoking toplevel() on ptolemy.moml.MoMLSimpleApplication@7ee72273
reloadAllAccessors: .sizedarray1

===========================================================================================
----------------- testing Thu Apr 23 14:02:26 UTC 2020 /home/travis/build/icyphy/ptII/ptolemy/actor/lib/test/auto/sizedarray2.xml
----------------- Instantiating /home/travis/build/icyphy/ptII/ptolemy/actor/lib/test/auto/sizedarray2.xml
2 ms. Memory: 481280K Free: 236191K (49%)
----------------- Invoking toplevel() on ptolemy.moml.MoMLSimpleApplication@6892395a
----------------- Done invoking toplevel() on ptolemy.moml.MoMLSimpleApplication@6892395a
reloadAllAccessors: .sizedarray2

===========================================================================================
----------------- testing Thu Apr 23 14:02:26 UTC 2020 /home/travis/build/icyphy/ptII/ptolemy/actor/lib/test/auto/twoPublishers.xml
----------------- Instantiating /home/travis/build/icyphy/ptII/ptolemy/actor/lib/test/auto/twoPublishers.xml
6 ms. Memory: 481280K Free: 225951K (47%)
----------------- Invoking toplevel() on ptolemy.moml.MoMLSimpleApplication@6759fb0f
----------------- Done invoking toplevel() on ptolemy.moml.MoMLSimpleApplication@6759fb0f
reloadAllAccessors: .twoPublishers
AutoTests.java: About to close Vertx.
AutoTests.java: Vertx closed.
]]></system-out>
  <system-err><![CDATA[java.lang.RuntimeException: Execution failed
	at ptolemy.moml.MoMLSimpleApplication$UnloadThread.run(MoMLSimpleApplication.java:402)
Caused by: java.lang.RuntimeException: StringUtilities.exit() was called. Normally, we would exit here because Manager.exitAfterWrapup() was called.  However, because the ptolemy.ptII.exitAfterWrapup property is set, we throw this exception instead.
	at ptolemy.util.StringUtilities.exit(StringUtilities.java:365)
	at ptolemy.actor.Manager.wrapup(Manager.java:1549)
	at ptolemy.actor.Manager.execute(Manager.java:407)
	at ptolemy.actor.Manager.run(Manager.java:1263)
	at ptolemy.actor.Manager$PtolemyRunThread.run(Manager.java:1933)
Warning: '.top.test' is in training mode, set the trainingMode parameter to false before checking in
Warning: '.top.test' is in training mode, set the trainingMode parameter to false before checking in
Warning: '.top.test' is in training mode, set the trainingMode parameter to false before checking in
Warning: '.BooleanSwitch_RegressionTest_WrongTrainingValues.Test' is in training mode, set the trainingMode parameter to false before checking in
Warning: '.BooleanSwitch_RegressionTest_WrongTrainingValues.Test2' is in training mode, set the trainingMode parameter to false before checking in
Warning: '.BooleanSwitch_RegressionTest_WrongTrainingValues.Test2' The test produced 0 tokens.
Warning: '.top.testExceptionHandler' is in training mode, set the trainingMode parameter to false before checking in
java.lang.RuntimeException: Execution failed
	at ptolemy.moml.MoMLSimpleApplication$UnloadThread.run(MoMLSimpleApplication.java:402)
Caused by: ptolemy.kernel.util.IllegalActionException: PublisherPorts cannot be used at the top level, use a Publisher actor instead.
  in .PublisherPortToplevelSubscriber.PublisherPort
	at ptolemy.actor.PublisherPort.preinitialize(PublisherPort.java:403)
	at ptolemy.actor.CompositeActor.preinitialize(CompositeActor.java:1769)
	at ptolemy.actor.Manager.preinitializeAndResolveTypes(Manager.java:1040)
	at ptolemy.actor.Manager.initialize(Manager.java:710)
	at ptolemy.actor.Manager.execute(Manager.java:356)
	at ptolemy.actor.Manager.run(Manager.java:1263)
	at ptolemy.actor.Manager$PtolemyRunThread.run(Manager.java:1933)
java.lang.reflect.InvocationTargetException
	at java.base/jdk.internal.reflect.NativeConstructorAccessorImpl.newInstance0(Native Method)
	at java.base/jdk.internal.reflect.NativeConstructorAccessorImpl.newInstance(NativeConstructorAccessorImpl.java:62)
	at java.base/jdk.internal.reflect.DelegatingConstructorAccessorImpl.newInstance(DelegatingConstructorAccessorImpl.java:45)
	at java.base/java.lang.reflect.Constructor.newInstance(Constructor.java:490)
	at ptolemy.util.test.junit.AutoKnownFailedTests.RunModel(AutoKnownFailedTests.java:105)
	at java.base/jdk.internal.reflect.NativeMethodAccessorImpl.invoke0(Native Method)
	at java.base/jdk.internal.reflect.NativeMethodAccessorImpl.invoke(NativeMethodAccessorImpl.java:62)
	at java.base/jdk.internal.reflect.DelegatingMethodAccessorImpl.invoke(DelegatingMethodAccessorImpl.java:43)
	at java.base/java.lang.reflect.Method.invoke(Method.java:566)
	at org.junit.runners.model.FrameworkMethod$1.runReflectiveCall(FrameworkMethod.java:44)
	at org.junit.internal.runners.model.ReflectiveCallable.run(ReflectiveCallable.java:15)
	at org.junit.runners.model.FrameworkMethod.invokeExplosively(FrameworkMethod.java:41)
	at junitparams.internal.InvokeParameterisedMethod.evaluate(InvokeParameterisedMethod.java:102)
	at org.junit.internal.runners.statements.FailOnTimeout$1.run(FailOnTimeout.java:28)
Caused by: ptolemy.kernel.util.IllegalActionException: PublisherPorts cannot be used at the top level, use a Publisher actor instead.
  in .PublisherPortToplevelSubscriber.PublisherPort
	at ptolemy.actor.PublisherPort.preinitialize(PublisherPort.java:403)
	at ptolemy.actor.CompositeActor.preinitialize(CompositeActor.java:1769)
	at ptolemy.actor.Manager.preinitializeAndResolveTypes(Manager.java:1040)
	at ptolemy.actor.Manager.initialize(Manager.java:710)
	at ptolemy.actor.Manager.execute(Manager.java:356)
	at ptolemy.actor.Manager.run(Manager.java:1263)
	at ptolemy.actor.Manager$PtolemyRunThread.run(Manager.java:1933)
java.lang.RuntimeException: Execution failed
	at ptolemy.moml.MoMLSimpleApplication$UnloadThread.run(MoMLSimpleApplication.java:402)
Caused by: ptolemy.kernel.util.IllegalActionException: SubscriberPorts cannot be used at the top level, use a Subscriber actor instead.
  in .PublisherSubscriberPortToplevel.SubscriberPort
	at ptolemy.actor.SubscriberPort.preinitialize(SubscriberPort.java:328)
	at ptolemy.actor.CompositeActor.preinitialize(CompositeActor.java:1769)
	at ptolemy.actor.Manager.preinitializeAndResolveTypes(Manager.java:1040)
	at ptolemy.actor.Manager.initialize(Manager.java:710)
	at ptolemy.actor.Manager.execute(Manager.java:356)
	at ptolemy.actor.Manager.run(Manager.java:1263)
	at ptolemy.actor.Manager$PtolemyRunThread.run(Manager.java:1933)
java.lang.reflect.InvocationTargetException
	at java.base/jdk.internal.reflect.NativeConstructorAccessorImpl.newInstance0(Native Method)
	at java.base/jdk.internal.reflect.NativeConstructorAccessorImpl.newInstance(NativeConstructorAccessorImpl.java:62)
	at java.base/jdk.internal.reflect.DelegatingConstructorAccessorImpl.newInstance(DelegatingConstructorAccessorImpl.java:45)
	at java.base/java.lang.reflect.Constructor.newInstance(Constructor.java:490)
	at ptolemy.util.test.junit.AutoKnownFailedTests.RunModel(AutoKnownFailedTests.java:105)
	at java.base/jdk.internal.reflect.NativeMethodAccessorImpl.invoke0(Native Method)
	at java.base/jdk.internal.reflect.NativeMethodAccessorImpl.invoke(NativeMethodAccessorImpl.java:62)
	at java.base/jdk.internal.reflect.DelegatingMethodAccessorImpl.invoke(DelegatingMethodAccessorImpl.java:43)
	at java.base/java.lang.reflect.Method.invoke(Method.java:566)
	at org.junit.runners.model.FrameworkMethod$1.runReflectiveCall(FrameworkMethod.java:44)
	at org.junit.internal.runners.model.ReflectiveCallable.run(ReflectiveCallable.java:15)
	at org.junit.runners.model.FrameworkMethod.invokeExplosively(FrameworkMethod.java:41)
	at junitparams.internal.InvokeParameterisedMethod.evaluate(InvokeParameterisedMethod.java:102)
	at org.junit.internal.runners.statements.FailOnTimeout$1.run(FailOnTimeout.java:28)
Caused by: ptolemy.kernel.util.IllegalActionException: SubscriberPorts cannot be used at the top level, use a Subscriber actor instead.
  in .PublisherSubscriberPortToplevel.SubscriberPort
	at ptolemy.actor.SubscriberPort.preinitialize(SubscriberPort.java:328)
	at ptolemy.actor.CompositeActor.preinitialize(CompositeActor.java:1769)
	at ptolemy.actor.Manager.preinitializeAndResolveTypes(Manager.java:1040)
	at ptolemy.actor.Manager.initialize(Manager.java:710)
	at ptolemy.actor.Manager.execute(Manager.java:356)
	at ptolemy.actor.Manager.run(Manager.java:1263)
	at ptolemy.actor.Manager$PtolemyRunThread.run(Manager.java:1933)
java.lang.RuntimeException: Execution failed
	at ptolemy.moml.MoMLSimpleApplication$UnloadThread.run(MoMLSimpleApplication.java:402)
Caused by: ptolemy.kernel.util.IllegalActionException: SubscriptionAggregatorPorts cannot be used at the top level, use a SubscriptionAggregator actor instead.
  in .PublisherSubscriptionAggregatorPort.SubscriptionAggregatorPort
	at ptolemy.actor.SubscriptionAggregatorPort.preinitialize(SubscriptionAggregatorPort.java:353)
	at ptolemy.actor.CompositeActor.preinitialize(CompositeActor.java:1769)
	at ptolemy.actor.Manager.preinitializeAndResolveTypes(Manager.java:1040)
	at ptolemy.actor.Manager.initialize(Manager.java:710)
	at ptolemy.actor.Manager.execute(Manager.java:356)
	at ptolemy.actor.Manager.run(Manager.java:1263)
	at ptolemy.actor.Manager$PtolemyRunThread.run(Manager.java:1933)
java.lang.reflect.InvocationTargetException
	at java.base/jdk.internal.reflect.NativeConstructorAccessorImpl.newInstance0(Native Method)
	at java.base/jdk.internal.reflect.NativeConstructorAccessorImpl.newInstance(NativeConstructorAccessorImpl.java:62)
	at java.base/jdk.internal.reflect.DelegatingConstructorAccessorImpl.newInstance(DelegatingConstructorAccessorImpl.java:45)
	at java.base/java.lang.reflect.Constructor.newInstance(Constructor.java:490)
	at ptolemy.util.test.junit.AutoKnownFailedTests.RunModel(AutoKnownFailedTests.java:105)
	at java.base/jdk.internal.reflect.NativeMethodAccessorImpl.invoke0(Native Method)
	at java.base/jdk.internal.reflect.NativeMethodAccessorImpl.invoke(NativeMethodAccessorImpl.java:62)
	at java.base/jdk.internal.reflect.DelegatingMethodAccessorImpl.invoke(DelegatingMethodAccessorImpl.java:43)
	at java.base/java.lang.reflect.Method.invoke(Method.java:566)
	at org.junit.runners.model.FrameworkMethod$1.runReflectiveCall(FrameworkMethod.java:44)
	at org.junit.internal.runners.model.ReflectiveCallable.run(ReflectiveCallable.java:15)
	at org.junit.runners.model.FrameworkMethod.invokeExplosively(FrameworkMethod.java:41)
	at junitparams.internal.InvokeParameterisedMethod.evaluate(InvokeParameterisedMethod.java:102)
	at org.junit.internal.runners.statements.FailOnTimeout$1.run(FailOnTimeout.java:28)
Caused by: ptolemy.kernel.util.IllegalActionException: SubscriptionAggregatorPorts cannot be used at the top level, use a SubscriptionAggregator actor instead.
  in .PublisherSubscriptionAggregatorPort.SubscriptionAggregatorPort
	at ptolemy.actor.SubscriptionAggregatorPort.preinitialize(SubscriptionAggregatorPort.java:353)
	at ptolemy.actor.CompositeActor.preinitialize(CompositeActor.java:1769)
	at ptolemy.actor.Manager.preinitializeAndResolveTypes(Manager.java:1040)
	at ptolemy.actor.Manager.initialize(Manager.java:710)
	at ptolemy.actor.Manager.execute(Manager.java:356)
	at ptolemy.actor.Manager.run(Manager.java:1263)
	at ptolemy.actor.Manager$PtolemyRunThread.run(Manager.java:1933)
java.lang.RuntimeException: Execution failed
	at ptolemy.moml.MoMLSimpleApplication$UnloadThread.run(MoMLSimpleApplication.java:402)
Caused by: ptolemy.kernel.util.IllegalActionException: TypeTest actor has no training data.
  in .sizedarray3.TypeTest
	at ptolemy.actor.lib.TypeTest.initialize(TypeTest.java:250)
	at ptolemy.actor.Director.initialize(Director.java:938)
	at ptolemy.actor.Director.initialize(Director.java:907)
	at ptolemy.actor.sched.StaticSchedulingDirector.initialize(StaticSchedulingDirector.java:159)
	at ptolemy.domains.sdf.kernel.SDFDirector.initialize(SDFDirector.java:544)
	at ptolemy.actor.CompositeActor.initialize(CompositeActor.java:935)
	at ptolemy.actor.Manager.initialize(Manager.java:724)
	at ptolemy.actor.Manager.execute(Manager.java:356)
	at ptolemy.actor.Manager.run(Manager.java:1263)
	at ptolemy.actor.Manager$PtolemyRunThread.run(Manager.java:1933)
java.lang.reflect.InvocationTargetException
	at java.base/jdk.internal.reflect.NativeConstructorAccessorImpl.newInstance0(Native Method)
	at java.base/jdk.internal.reflect.NativeConstructorAccessorImpl.newInstance(NativeConstructorAccessorImpl.java:62)
	at java.base/jdk.internal.reflect.DelegatingConstructorAccessorImpl.newInstance(DelegatingConstructorAccessorImpl.java:45)
	at java.base/java.lang.reflect.Constructor.newInstance(Constructor.java:490)
	at ptolemy.util.test.junit.AutoKnownFailedTests.RunModel(AutoKnownFailedTests.java:105)
	at java.base/jdk.internal.reflect.NativeMethodAccessorImpl.invoke0(Native Method)
	at java.base/jdk.internal.reflect.NativeMethodAccessorImpl.invoke(NativeMethodAccessorImpl.java:62)
	at java.base/jdk.internal.reflect.DelegatingMethodAccessorImpl.invoke(DelegatingMethodAccessorImpl.java:43)
	at java.base/java.lang.reflect.Method.invoke(Method.java:566)
	at org.junit.runners.model.FrameworkMethod$1.runReflectiveCall(FrameworkMethod.java:44)
	at org.junit.internal.runners.model.ReflectiveCallable.run(ReflectiveCallable.java:15)
	at org.junit.runners.model.FrameworkMethod.invokeExplosively(FrameworkMethod.java:41)
	at junitparams.internal.InvokeParameterisedMethod.evaluate(InvokeParameterisedMethod.java:102)
	at org.junit.internal.runners.statements.FailOnTimeout$1.run(FailOnTimeout.java:28)
Caused by: ptolemy.kernel.util.IllegalActionException: TypeTest actor has no training data.
  in .sizedarray3.TypeTest
	at ptolemy.actor.lib.TypeTest.initialize(TypeTest.java:250)
	at ptolemy.actor.Director.initialize(Director.java:938)
	at ptolemy.actor.Director.initialize(Director.java:907)
	at ptolemy.actor.sched.StaticSchedulingDirector.initialize(StaticSchedulingDirector.java:159)
	at ptolemy.domains.sdf.kernel.SDFDirector.initialize(SDFDirector.java:544)
	at ptolemy.actor.CompositeActor.initialize(CompositeActor.java:935)
	at ptolemy.actor.Manager.initialize(Manager.java:724)
	at ptolemy.actor.Manager.execute(Manager.java:356)
	at ptolemy.actor.Manager.run(Manager.java:1263)
	at ptolemy.actor.Manager$PtolemyRunThread.run(Manager.java:1933)
java.io.IOException: Failed to create symbolic link from /home/travis/build/icyphy/ptII/org/terraswarm/accessor/accessors/web/node_modules/@accessors-hosts to ../hosts: java.nio.file.NoSuchFileException: /home/travis/build/icyphy/ptII/org/terraswarm/accessor/accessors/web/node_modules/@accessors-hosts
	at ptolemy.util.FileUtilities.createLink(FileUtilities.java:242)
	at org.terraswarm.accessor.JSAccessor.createSymbolicLinks(JSAccessor.java:376)
	at org.terraswarm.accessor.JSAccessor.<clinit>(JSAccessor.java:194)
	at java.base/java.lang.Class.forName0(Native Method)
	at java.base/java.lang.Class.forName(Class.java:315)
	at ptolemy.util.test.junit.AutoTests._checkForJSAccessor(AutoTests.java:349)
	at ptolemy.util.test.junit.AutoTests.RunModel(AutoTests.java:159)
	at java.base/jdk.internal.reflect.NativeMethodAccessorImpl.invoke0(Native Method)
	at java.base/jdk.internal.reflect.NativeMethodAccessorImpl.invoke(NativeMethodAccessorImpl.java:62)
	at java.base/jdk.internal.reflect.DelegatingMethodAccessorImpl.invoke(DelegatingMethodAccessorImpl.java:43)
	at java.base/java.lang.reflect.Method.invoke(Method.java:566)
	at org.junit.runners.model.FrameworkMethod$1.runReflectiveCall(FrameworkMethod.java:44)
	at org.junit.internal.runners.model.ReflectiveCallable.run(ReflectiveCallable.java:15)
	at org.junit.runners.model.FrameworkMethod.invokeExplosively(FrameworkMethod.java:41)
	at junitparams.internal.InvokeParameterisedMethod.evaluate(InvokeParameterisedMethod.java:102)
	at org.junit.internal.runners.statements.FailOnTimeout$1.run(FailOnTimeout.java:28)
Caused by: java.nio.file.NoSuchFileException: /home/travis/build/icyphy/ptII/org/terraswarm/accessor/accessors/web/node_modules/@accessors-hosts
	at java.base/sun.nio.fs.UnixException.translateToIOException(UnixException.java:92)
	at java.base/sun.nio.fs.UnixException.rethrowAsIOException(UnixException.java:111)
	at java.base/sun.nio.fs.UnixException.rethrowAsIOException(UnixException.java:116)
	at java.base/sun.nio.fs.UnixFileSystemProvider.createSymbolicLink(UnixFileSystemProvider.java:458)
	at java.base/java.nio.file.Files.createSymbolicLink(Files.java:1058)
	at ptolemy.util.FileUtilities.createLink(FileUtilities.java:228)
	... 15 more
]]></system-err>
</testsuite>
