<?xml version="1.0" encoding="UTF-8" ?>
<testsuite errors="1" failures="1" hostname="travis-job-7645df8b-0bf8-4721-a585-3e9adc7f4265" name="ptolemy.actor.lib.test.junit.JUnitTclTest" skipped="0" tests="517" time="63.931" timestamp="2019-07-01T04:49:33">
  <properties>
    <property name="npm.executable" value="npm" />
    <property name="env.TRAVIS_ROOT" value="/" />
    <property name="ptII.mk.exists" value="true" />
    <property name="env.TRAVIS_APP_HOST" value="build.travis-ci.org" />
    <property name="env.rvm_bin_path" value="/home/travis/.rvm/bin" />
    <property name="java.home" value="/usr/local/lib/jvm/openjdk11" />
    <property name="env.TRAVIS_JOB_NUMBER" value="1190.8" />
    <property name="env.TRAVIS_HOME" value="/home/travis" />
    <property name="env.DISPLAY" value=":99.0" />
    <property name="env.TRAVIS_INIT" value="systemd" />
    <property name="env.SSH_TTY" value="/dev/pts/0" />
    <property name="java.net.preferIPv4Stack" value="true" />
    <property name="env.RUN_TESTS" value="true" />
    <property name="timeout.short" value="1000000" />
    <property name="junit.formatter" value="xml" />
    <property name="env.TRAVIS_SUDO" value="true" />
    <property name="env.TRAVIS_JOB_NAME" value="" />
    <property name="env.TRAVIS_STACK_NODE_ATTRIBUTES" value="/.node-attributes.yml" />
    <property name="env.LOGNAME" value="travis" />
    <property name="env.PT_TRAVIS_TEST_CORE1_XML" value="true" />
    <property name="jsdoc.home" value="node_modules/@terraswarm/jsdoc" />
    <property name="debuglevel" value="source,lines,vars" />
    <property name="checkstyle.formatter" value="xml" />
    <property name="env._system_version" value="16.04" />
    <property name="bin.vergil.makeable" value="true" />
    <property name="sun.os.patch.level" value="unknown" />
    <property name="java.vendor.url" value="http://java.oracle.com/" />
    <property name="env.TRAVIS_BUILD_WEB_URL" value="https://travis-ci.org/icyphy/ptII/builds/552583695" />
    <property name="java.version" value="11.0.2" />
    <property name="env.TZ" value="UTC" />
    <property name="env.TRAVIS_PULL_REQUEST_SHA" value="" />
    <property name="env.PT_NO_NET" value="true" />
    <property name="env.TRAVIS_SECURE_ENV_VARS" value="true" />
    <property name="env._system_type" value="Linux" />
    <property name="java.vendor.url.bug" value="http://bugreport.java.com/bugreport/" />
    <property name="npmjs-org-is-up" value="true" />
    <property name="env.LANGUAGE" value="en_US.UTF-8" />
    <property name="env.SSH_CLIENT" value="10.10.4.109 36648 22" />
    <property name="env.GEM_HOME" value="/home/travis/.rvm/gems/ruby-2.5.3" />
    <property name="env.HAS_ANTARES_THREE_LITTLE_FRONZIES_BADGE" value="true" />
    <property name="java.version.date" value="2019-01-15" />
    <property name="env.PS4" value="+" />
    <property name="ant.project.invoked-targets" value="build,test.core1.xml" />
    <property name="env.TRAVIS_PULL_REQUEST_BRANCH" value="" />
    <property name="env.TRAVIS_REPO_SLUG" value="icyphy/ptII" />
    <property name="env.XDG_DATA_DIRS" value="/usr/local/share:/usr/share:/var/lib/snapd/desktop" />
    <property name="jdk.debug" value="release" />
    <property name="env.TRAVIS_APT_PROXY" value="http://apt.cache.travis-ci.com" />
    <property name="node.in.path" value="true" />
    <property name="user.name" value="travis" />
    <property name="java.maxmemory" value="1400m" />
    <property name="env.RUBY_VERSION" value="ruby-2.5.3" />
    <property name="env.LANG" value="en_US.UTF-8" />
    <property name="sun.io.unicode.encoding" value="UnicodeLittle" />
    <property name="sun.jnu.encoding" value="UTF-8" />
    <property name="java.runtime.name" value="OpenJDK Runtime Environment" />
    <property name="usefile" value="false" />
    <property name="return.code" value="0" />
    <property name="junit.single.formatter" value="plain" />
    <property name="env.DYLD_LIBRARY_PATH" value="/home/travis/pthla/certi-tools/lib:" />
    <property name="env.DEBIAN_FRONTEND" value="noninteractive" />
    <property name="env.SSH_CONNECTION" value="10.10.4.109 36648 10.20.0.24 22" />
    <property name="env.MYSQL_UNIX_PORT" value="/var/run/mysqld/mysqld.sock" />
    <property name="env.LC_ALL" value="en_US.UTF-8" />
    <property name="env.TRAVIS_ALLOW_FAILURE" value="false" />
    <property name="env.TRAVIS_JOB_WEB_URL" value="https://travis-ci.org/icyphy/ptII/jobs/552583703" />
    <property name="java.specification.name" value="Java Platform API Specification" />
    <property name="node.works" value="true" />
    <property name="user.timezone" value="" />
    <property name="path.separator" value=":" />
    <property name="env.TRAVIS_ENABLE_INFRA_DETECTION" value="true" />
    <property name="env.PYTHON_CFLAGS" value="-g -fstack-protector --param=ssp-buffer-size=4 -Wformat -Werror=format-security" />
    <property name="timeout.long" value="4000000" />
    <property name="env.CERTI_HOME" value="/home/travis/pthla/certi-tools" />
    <property name="ant.file.ptII" value="/home/travis/build/icyphy/ptII/build.xml" />
    <property name="javadoc.packagenames" value="com.*,diva.*,lbnl.*,org.hlacerti.*,org.json.*,org.ptolemy.*,org.terraswarm.*,ptolemy.*,ptserver.*" />
    <property name="file.encoding" value="UTF-8" />
    <property name="env.TRAVIS_PULL_REQUEST_SLUG" value="" />
    <property name="ant.project.default-target" value="build" />
    <property name="env.GIT_ASKPASS" value="echo" />
    <property name="env.HOME" value="/home/travis" />
    <property name="sun.java.command" value="org.apache.tools.ant.taskdefs.optional.junit.JUnitTestRunner ptolemy.actor.lib.test.junit.JUnitTclTest skipNonTests=false filtertrace=true haltOnError=false haltOnFailure=false formatter=org.apache.tools.ant.taskdefs.optional.junit.OutErrSummaryJUnitResultFormatter showoutput=true outputtoformatters=true logfailedtests=true threadid=0 logtestlistenerevents=false formatter=org.apache.tools.ant.taskdefs.optional.junit.XMLJUnitResultFormatter,/home/travis/build/icyphy/ptII/reports/junit/TEST-ptolemy.actor.lib.test.junit.JUnitTclTest.xml crashfile=/home/travis/build/icyphy/ptII/junitvmwatcher16722293531058777230.properties propsfile=/home/travis/build/icyphy/ptII/junit7877941100284645635.properties" />
    <property name="env.COMPOSER_NO_INTERACTION" value="1" />
    <property name="env.MANPATH" value="/home/travis/.nvm/versions/node/v7.10.1/share/man:/home/travis/.rvm/rubies/ruby-2.5.3/share/man:/usr/local/cmake-3.12.4/man:/usr/local/clang-7.0.0/share/man:/usr/local/man:/usr/local/share/man:/usr/share/man:/home/travis/.rvm/man" />
    <property name="env.TRAVIS_TIMER_ID" value="01a6c369" />
    <property name="ant.file" value="/home/travis/build/icyphy/ptII/build.xml" />
    <property name="env.TRAVIS_COMMIT_RANGE" value="b6de4a29689c219dd7cbcef974805eca11f91674...bbbff3adea58fb0643306c381462affccc328551" />
    <property name="env._system_name" value="Ubuntu" />
    <property name="ptII.classpath.optional.property" value="/home/travis/build/icyphy/ptII/lib/bsh-2.0b4.jar:/home/travis/build/icyphy/ptII/lib/ptCal.jar:/home/travis/build/icyphy/ptII/lib/java_cup.jar:/home/travis/build/icyphy/ptII/lib/saxon8.jar:/home/travis/build/icyphy/ptII/lib/saxon8-dom.jar:/home/travis/build/icyphy/ptII/lib/chic.jar:/home/travis/build/icyphy/ptII/lib/ptcolt.jar:/home/travis/build/icyphy/ptII/vendors/misc/itext/iText.jar:/home/travis/build/icyphy/ptII/lib/g4ltl.jar:/home/travis/build/icyphy/ptII/lib/StructuralCoder.jar:/home/travis/build/icyphy/ptII/vendors/jai-1_1_2_01/lib/jai_core.jar:/home/travis/build/icyphy/ptII/vendors/jai-1_1_2_01/lib/jai_codec.jar:/home/travis/build/icyphy/ptII/lib/jcerti.jar:/home/travis/build/icyphy/ptII/lib/javax.mail.jar:/home/travis/build/icyphy/ptII/vendors/JMF-2.1.1e/lib/jmf.jar:/home/travis/build/icyphy/ptII/lib/jna-4.0.0-variadic.jar:/home/travis/build/icyphy/ptII/vendors/misc/joystick/Joystick.jar:/home/travis/build/icyphy/ptII/lib/ptjacl.jar:/home/travis/build/icyphy/ptII/lib/jsoup-1.8.2.jar:/home/travis/build/icyphy/ptII/lib/junit-4.8.2.jar:/home/travis/build/icyphy/ptII/lib/JUnitParams-0.4.0.jar:/home/travis/build/icyphy/ptII/ptolemy/actor/lib/excel/jxl.jar:/home/travis/build/icyphy/ptII/lib/jython.jar:/home/travis/build/icyphy/ptII/lib/kieler.jar:/home/travis/build/icyphy/ptII/vendors/opencv/share/OpenCV/java/opencv-341.jar:/home/travis/build/icyphy/ptII/lib/oscP5.jar:/home/travis/build/icyphy/ptII/lib/nrjavaserial-3.11.0.devel.jar:/home/travis/build/icyphy/ptII/vendors/j3d/lib/j3dcore.jar:/home/travis/build/icyphy/ptII/vendors/j3d/lib/j3dutils.jar:/home/travis/build/icyphy/ptII/vendors/j3d/lib/vecmath.jar:/home/travis/build/icyphy/ptII/ptolemy/distributed/jini/jar/jini-core.jar:/home/travis/build/icyphy/ptII/ptolemy/distributed/jini/jar/jini-ext.jar:/home/travis/build/icyphy/ptII/ptolemy/distributed/jini/jar/sun-util.jar:/home/travis/build/icyphy/ptII/lib/protobuf-java-2.4.1.jar:/home/travis/build/icyphy/ptII/lib/org.eclipse.paho.client.mqttv3.jar:/home/travis/build/icyphy/ptII/lib/mapss.jar:/home/travis/build/icyphy/ptII/ptolemy/actor/ptalon/antlr/antlr.jar:/home/travis/build/icyphy/ptII/lib/JRI.jar:/home/travis/build/icyphy/ptII/lib/commons-lang-2.6.jar:/home/travis/build/icyphy/ptII/lib/commons-logging-1.1.1.jar:/home/travis/build/icyphy/ptII/lib/sootclasses.jar:/home/travis/build/icyphy/ptII/ptolemy/actor/lib/database/mysql-connector-java-5.1.6-bin.jar:/home/travis/build/icyphy/ptII/vendors/misc/sphinx4/sphinx4-data-5prealpha.jar:/home/travis/build/icyphy/ptII/vendors/misc/sphinx4/sphinx4-core-5prealpha.jar:/home/travis/build/icyphy/ptII/lib/PDFRenderer.jar:/home/travis/build/icyphy/ptII/lib/svgSalamander.jar:/home/travis/build/icyphy/ptII/lib/rsyntaxtextarea-2.6.0-SNAPSHOT.jar:/home/travis/build/icyphy/ptII/lib/hazelcast-3.8.2.jar:/home/travis/build/icyphy/ptII/lib/jackson-annotations-2.9.0.jar:/home/travis/build/icyphy/ptII/lib/jackson-core-2.9.3.jar:/home/travis/build/icyphy/ptII/lib/jackson-databind-2.9.3.jar:/home/travis/build/icyphy/ptII/lib/netty-buffer-4.1.19.Final.jar:/home/travis/build/icyphy/ptII/lib/netty-codec-4.1.19.Final.jar:/home/travis/build/icyphy/ptII/lib/netty-codec-dns-4.1.19.Final.jar:/home/travis/build/icyphy/ptII/lib/netty-codec-http-4.1.19.Final.jar:/home/travis/build/icyphy/ptII/lib/netty-codec-http2-4.1.19.Final.jar:/home/travis/build/icyphy/ptII/lib/netty-common-4.1.19.Final.jar:/home/travis/build/icyphy/ptII/lib/netty-handler-4.1.19.Final.jar:/home/travis/build/icyphy/ptII/lib/netty-resolver-4.1.19.Final.jar:/home/travis/build/icyphy/ptII/lib/netty-resolver-dns-4.1.19.Final.jar:/home/travis/build/icyphy/ptII/lib/netty-transport-4.1.19.Final.jar:/home/travis/build/icyphy/ptII/lib/vertx-codegen-3.5.1.jar:/home/travis/build/icyphy/ptII/lib/vertx-core-3.5.2-SNAPSHOT.jar:/home/travis/build/icyphy/ptII/lib/vertx-hazelcast-3.5.1.jar:/home/travis/build/icyphy/ptII/lib/vertx-lang-js-3.5.1.jar:/home/travis/build/icyphy/ptII/lib/vertx-service-proxy-3.5.1.jar:/home/travis/build/icyphy/ptII/lib/vertx-web-3.5.1.jar:/home/travis/build/icyphy/ptII/lib/slf4j-api-1.7.13.jar:/home/travis/build/icyphy/ptII/lib/slf4j-simple-1.7.13.jar:/home/travis/build/icyphy/ptII/lib/webcam-capture-0.3.12.jar:/home/travis/build/icyphy/ptII/lib/bridj-0.7.0.jar:/home/travis/build/icyphy/ptII/lib/xbjlib-1.1.0.nrjavaserial.jar" />
    <property name="timeout" value="2400000" />
    <property name="test.batch" value="**/junit/*.java" />
    <property name="env._" value="/usr/bin/timeout" />
    <property name="java.io.tmpdir" value="/tmp" />
    <property name="user.language" value="en" />
    <property name="env.TRAVIS_INTERNAL_RUBY_REGEX" value="^ruby-(2\.[0-4]\.[0-9]|1\.9\.3)" />
    <property name="env.HISTCONTROL" value="ignoredups:ignorespace" />
    <property name="env.GOROOT" value="/home/travis/.gimme/versions/go1.11.1.linux.amd64" />
    <property name="line.separator" value="&#xa;" />
    <property name="target" value="11" />
    <property name="env.TRAVIS_BUILD_DIR" value="/home/travis/build/icyphy/ptII" />
    <property name="env.ANT_OPTS" value="-Xmx2048m" />
    <property name="ant.file.type" value="file" />
    <property name="ptolemy.ptII.batchMode" value="true" />
    <property name="env.HISTSIZE" value="1000" />
    <property name="env.MERB_ENV" value="test" />
    <property name="java.vm.info" value="mixed mode" />
    <property name="source" value="11" />
    <property name="java.vm.specification.name" value="Java Virtual Machine Specification" />
    <property name="env.TRAVIS_TEST_RESULT" value="0" />
    <property name="jsdoc.command" value="node_modules/@terraswarm/jsdoc/jsdoc.js" />
    <property name="npm.works" value="true" />
    <property name="cobertura.dir" value="/home/travis/build/icyphy/ptII/vendors/cobertura-2.0.3" />
    <property name="env.rvm_path" value="/home/travis/.rvm" />
    <property name="env.GEM_PATH" value="/home/travis/.rvm/gems/ruby-2.5.3:/home/travis/.rvm/gems/ruby-2.5.3@global" />
    <property name="env.LC_CTYPE" value="en_US.UTF-8" />
    <property name="env.TRAVIS_CMD" value="$PTII/bin/ptIITravisBuild.sh $SECONDS" />
    <property name="java.awt.printerjob" value="sun.print.PSPrinterJob" />
    <property name="env.TRAVIS_STACK_NAME" value="sardonyx" />
    <property name="env.TRAVIS_TIMER_START_TIME" value="1561955923550579093" />
    <property name="ant.version" value="Apache Ant(TM) version 1.10.1 compiled on February 2 2017" />
    <property name="ptII.reports" value="/home/travis/build/icyphy/ptII/reports" />
    <property name="env.TRAVIS_STACK_TIMESTAMP" value="2019-03-25 16:16:56 UTC" />
    <property name="ant.file.type.ptII" value="file" />
    <property name="env.RBENV_SHELL" value="bash" />
    <property name="os.name" value="Linux" />
    <property name="java.specification.vendor" value="Oracle Corporation" />
    <property name="env.rvm_version" value="1.29.7 (latest)" />
    <property name="env.TRAVIS_INFRA" value="gce" />
    <property name="env.TERM" value="xterm" />
    <property name="java.vm.name" value="OpenJDK 64-Bit Server VM" />
    <property name="env.TRAVIS_BUILD_NUMBER" value="1190" />
    <property name="env.CI" value="true" />
    <property name="java.library.path" value="/home/travis/pthla/certi-tools/lib:/usr/lib/jni:/usr/local/share/OpenCV/java/:/usr/share/OpenCV/java::/usr/java/packages/lib:/usr/lib64:/lib64:/lib:/usr/lib" />
    <property name="env.rvm_prefix" value="/home/travis" />
    <property name="env.PATH" value="/home/travis/pthla/certi-tools/share/scripts:/home/travis/.rvm/gems/ruby-2.5.3/bin:/home/travis/.rvm/gems/ruby-2.5.3@global/bin:/home/travis/.rvm/rubies/ruby-2.5.3/bin:/home/travis/.rvm/bin:/home/travis/.nvm/versions/node/v7.10.1/bin:./node_modules/.bin:/home/travis/build/icyphy/ptII/bin:/home/travis/pthla/certi-tools/bin:/home/travis/bin:/home/travis/.local/bin:/usr/local/lib/jvm/openjdk11/bin:/opt/pyenv/shims:/home/travis/.phpenv/shims:/home/travis/perl5/perlbrew/bin:/home/travis/gopath/bin:/home/travis/.gimme/versions/go1.11.1.linux.amd64/bin:/usr/local/maven-3.6.0/bin:/usr/local/cmake-3.12.4/bin:/usr/local/clang-7.0.0/bin:/usr/local/sbin:/usr/local/bin:/usr/sbin:/usr/bin:/sbin:/bin:/snap/bin:/home/travis/.phpenv/bin:/opt/pyenv/bin:/home/travis/.yarn/bin" />
    <property name="env.TRAVIS_OS_NAME" value="linux" />
    <property name="ant.java.version" value="9" />
    <property name="basedir" value="/home/travis/build/icyphy/ptII" />
    <property name="java.class.version" value="55.0" />
    <property name="env.SHLVL" value="3" />
    <property name="env.LD_LIBRARY_PATH" value="/home/travis/pthla/certi-tools/lib:/usr/lib/jni:/usr/local/share/OpenCV/java/:/usr/share/OpenCV/java:" />
    <property name="env.RACK_ENV" value="test" />
    <property name="ant.home" value="/home/travis/build/icyphy/ptII/ant" />
    <property name="env.NVM_DIR" value="/home/travis/.nvm" />
    <property name="env.CERTI_FOM_PATH" value="/home/travis/pthla/certi-tools/share/federations" />
    <property name="env.TRAVIS_BUILD_ID" value="552583695" />
    <property name="env.PYENV_ROOT" value="/opt/pyenv" />
    <property name="env.TRAVIS_UID" value="2000" />
    <property name="env.NVM_BIN" value="/home/travis/.nvm/versions/node/v7.10.1/bin" />
    <property name="env.TRAVIS_COMMIT" value="bbbff3adea58fb0643306c381462affccc328551" />
    <property name="env._system_arch" value="x86_64" />
    <property name="node.executable" value="node" />
    <property name="sun.boot.library.path" value="/usr/local/lib/jvm/openjdk11/lib" />
    <property name="sun.management.compiler" value="HotSpot 64-Bit Tiered Compilers" />
    <property name="java.awt.graphicsenv" value="sun.awt.X11GraphicsEnvironment" />
    <property name="env.GOPATH" value="/home/travis/gopath" />
    <property name="ptolemy.ptII.dir" value="/home/travis/build/icyphy/ptII" />
    <property name="env.USER" value="travis" />
    <property name="env.HISTFILESIZE" value="2000" />
    <property name="timeout.longest" value="19000000" />
    <property name="env.PERLBREW_SHELLRC_VERSION" value="0.86" />
    <property name="env.TRAVIS_STACK_FEATURES" value="basic couchdb disabled-ipv6 docker docker-compose elasticsearch firefox go-toolchain google-chrome jdk memcached mongodb mysql nodejs_interpreter perl_interpreter perlbrew phantomjs postgresql python_interpreter redis ruby_interpreter sqlite xserver" />
    <property name="env.TRAVIS_PULL_REQUEST" value="false" />
    <property name="env.PYENV_SHELL" value="bash" />
    <property name="ant.project.name" value="ptII" />
    <property name="env.ANSI_RESET" value="\033[0m" />
    <property name="java.vm.specification.version" value="11" />
    <property name="env.TRAVIS_DIST" value="xenial" />
    <property name="env.CERTI_VERSION" value="4.0.0" />
    <property name="env.CERTI_HOST" value="localhost" />
    <property name="awt.toolkit" value="sun.awt.X11.XToolkit" />
    <property name="env.MY_RUBY_HOME" value="/home/travis/.rvm/rubies/ruby-2.5.3" />
    <property name="sun.cpu.isalist" value="" />
    <property name="env.TRAVIS_TMPDIR" value="/tmp/tmp.BlIbKeJfCc" />
    <property name="java.vm.compressedOopsMode" value="Zero based" />
    <property name="os.version" value="4.15.0-1028-gcp" />
    <property name="user.home" value="/home/travis" />
    <property name="java.vm.vendor" value="Oracle Corporation" />
    <property name="env.TRAVIS_TAG" value="nightly" />
    <property name="env.ANSI_YELLOW" value="\033[33;1m" />
    <property name="env.TRAVIS_FILTERED" value="redirect_io" />
    <property name="env.ANSI_GREEN" value="\033[32;1m" />
    <property name="env.JAVA_HOME" value="/usr/local/lib/jvm/openjdk11" />
    <property name="javadoc.excludepackagenames" value="adm.cvs2svn.*,build.*,config.*,doc.coding.templates.*,jni.test.jni.meaningOfLife.*,jni.test.jni.testDeux.*,jni.test.jni.testTrois.*,org.terraswarm.accessor.accessors.web.node_modules.*,org.terraswarm.accessor.accessors.web.hosts.cordova.demo.*,org.terraswarm.accessor.accessors.web.hosts.cordova.plugins.*,org.terraswarm.accessor.accessors-svn.*,pt-modules.*,ptolemy.apps.agilent.*,ptolemy.apps.anytimecontrol.*,ptolemy.apps.apes.*,ptolemy.apps.charon.*,ptolemy.apps.crazyboard.*,ptolemy.apps.eclipse.*,ptolemy.apps.etherealSting.*,ptolemy.apps.fullscreen.*,ptolemy.apps.giotto.*,ptolemy.apps.ia.*,ptolemy.apps.interfaces.*,ptolemy.apps.jmf.*,ptolemy.apps.kurt.*,ptolemy.apps.kvm.*,ptolemy.apps.lego.*,ptolemy.apps.lejos.*,ptolemy.apps.midp.*,ptolemy.apps.mobileCoding.*,ptolemy.apps.pendulum.*,ptolemy.apps.rijndael.*,ptolemy.apps.robot.*,ptolemy.apps.security.*,ptolemy.apps.sobel.*,ptolemy.apps.soot.*,ptolemy.apps.throttle.*,ptolemy.apps.tini.*,ptolemy.apps.transmission.*,ptolemy.apps.vergil.*,ptolemy.apps.waba.*,ptolemy.apps.websensor.*,ptolemy.apps.webstart.*,ptolemy.apps.xsl.*,ptolemy.apps.zaurus.*,ptolemy.codegen.c.actor.lib.oldJavaFiles.*,ptolemy.codegen.dsp.lib.*,ptolemy.codegen.kernel.newInterfaces.*,ptolemy.codegen.lib.*,ptolemy.copernicus.kernel.fragment.*,ptolemy.copernicus.shallow.cg.*,ptolemy.domains.giotto.demo.Hierarchy.Hierarchy.*,ptolemy.domains.giotto.demo.Multimode.Multimode.*,ptolemy.domains.giotto.demo.Simple.Simple.*,ptolemy.domains.gr.lib.experimental.*,ptolemy.domains.gro.*,ptolemy.domains.pdf.*,ptolemy.domains.ptinyos.demo.Surge.output.*,ptolemy.moml.test.NoPackageActor.java*,ptolemy.plot.adm.*,ptolemy.plot.servlet.*,reports.*,signed.*,src.*,target.*,vendors.*,ptolemy.copernicus.applet.*,ptolemy.media.viewer.*,ptolemy.actor.corba.*,doc.doclets.*,ptolemy.apps.eclipse.awt.*,ptolemy.backtrack.*,ptolemy.backtrack.ast.*,ptolemy.cg.adapter.generic.program.procedural.c.mbed*,ptolemy.homer.*,ptolemy.actor.lib.jjs.modules.audio.*,org.ptolemy.scala.*,diva.util.java2d.svg.*,ptolemy.domains.ptinyos.*,ptolemy.actor.lib.fmi.fmipp.*,,org.terraswarm.accessor.accessors.web.node_modules.*,org.terraswarm.accessor.accessors-svn,ptolemy.apps.*,ptolemy.actor.ptalon.demo.ptinyos.SendAndReceiveCnt.output,ptolemy.actor.ptalon.demo.ptinyos.SenseToLeds.output,ptolemy.domains.ptinyos.demo.CntToLedsAndRfm.output,ptolemy.domains.ptinyos.demo.RfmToLeds.output,ptolemy.domains.ptinyos.demo.SendAndReceiveCnt.output,ptolemy.domains.ptinyos.demo.SenseToLeds.output,ptolemy.actor.lib.jjs.modules.udpSocket.*" />
    <property name="env.PTII" value="/home/travis/build/icyphy/ptII" />
    <property name="env.XDG_SESSION_ID" value="2" />
    <property name="keystore" value="ptKeystore" />
    <property name="env.TRAVIS_COMMIT_MESSAGE" value="Attempt to force xenial distribution, hoping this will make xvfb work." />
    <property name="junit.output.dir" value="/home/travis/build/icyphy/ptII/reports/junit" />
    <property name="npm.return.code" value="0" />
    <property name="user.dir" value="/home/travis/build/icyphy/ptII/ptolemy/actor/lib/test" />
    <property name="env.TRAVIS_NODE_VERSION" value="7" />
    <property name="env.TRAVIS_EVENT_TYPE" value="cron" />
    <property name="env.MAIL" value="/var/mail/travis" />
    <property name="env.PERLBREW_ROOT" value="/home/travis/perl5/perlbrew" />
    <property name="env.PWD" value="/home/travis/build/icyphy/ptII" />
    <property name="timeout.npm" value="45000" />
    <property name="env.TRAVIS_ARCH" value="amd64" />
    <property name="sun.cpu.endian" value="little" />
    <property name="env.PAGER" value="cat" />
    <property name="env.TRAVIS_BUILD_STAGE_NAME" value="Test" />
    <property name="env.PERLBREW_HOME" value="/home/travis/.perlbrew" />
    <property name="java.vm.version" value="11.0.2+9" />
    <property name="env.RAILS_ENV" value="test" />
    <property name="java.class.path" value="/home/travis/.ptolemyII:/home/travis/.ptolemyII/*:/home/travis/build/icyphy/ptII:/home/travis/build/icyphy/ptII/lib/bsh-2.0b4.jar:/home/travis/build/icyphy/ptII/lib/ptCal.jar:/home/travis/build/icyphy/ptII/lib/java_cup.jar:/home/travis/build/icyphy/ptII/lib/saxon8.jar:/home/travis/build/icyphy/ptII/lib/saxon8-dom.jar:/home/travis/build/icyphy/ptII/lib/chic.jar:/home/travis/build/icyphy/ptII/lib/ptcolt.jar:/home/travis/build/icyphy/ptII/vendors/misc/itext/iText.jar:/home/travis/build/icyphy/ptII/lib/g4ltl.jar:/home/travis/build/icyphy/ptII/lib/StructuralCoder.jar:/home/travis/build/icyphy/ptII/vendors/jai-1_1_2_01/lib/jai_core.jar:/home/travis/build/icyphy/ptII/vendors/jai-1_1_2_01/lib/jai_codec.jar:/home/travis/build/icyphy/ptII/lib/jcerti.jar:/home/travis/build/icyphy/ptII/lib/javax.mail.jar:/home/travis/build/icyphy/ptII/vendors/JMF-2.1.1e/lib/jmf.jar:/home/travis/build/icyphy/ptII/lib/jna-4.0.0-variadic.jar:/home/travis/build/icyphy/ptII/vendors/misc/joystick/Joystick.jar:/home/travis/build/icyphy/ptII/lib/ptjacl.jar:/home/travis/build/icyphy/ptII/lib/jsoup-1.8.2.jar:/home/travis/build/icyphy/ptII/lib/junit-4.8.2.jar:/home/travis/build/icyphy/ptII/lib/JUnitParams-0.4.0.jar:/home/travis/build/icyphy/ptII/ptolemy/actor/lib/excel/jxl.jar:/home/travis/build/icyphy/ptII/lib/jython.jar:/home/travis/build/icyphy/ptII/lib/kieler.jar:/home/travis/build/icyphy/ptII/vendors/opencv/share/OpenCV/java/opencv-341.jar:/home/travis/build/icyphy/ptII/lib/oscP5.jar:/home/travis/build/icyphy/ptII/lib/nrjavaserial-3.11.0.devel.jar:/home/travis/build/icyphy/ptII/vendors/j3d/lib/j3dcore.jar:/home/travis/build/icyphy/ptII/vendors/j3d/lib/j3dutils.jar:/home/travis/build/icyphy/ptII/vendors/j3d/lib/vecmath.jar:/home/travis/build/icyphy/ptII/ptolemy/distributed/jini/jar/jini-core.jar:/home/travis/build/icyphy/ptII/ptolemy/distributed/jini/jar/jini-ext.jar:/home/travis/build/icyphy/ptII/ptolemy/distributed/jini/jar/sun-util.jar:/home/travis/build/icyphy/ptII/lib/protobuf-java-2.4.1.jar:/home/travis/build/icyphy/ptII/lib/org.eclipse.paho.client.mqttv3.jar:/home/travis/build/icyphy/ptII/lib/mapss.jar:/home/travis/build/icyphy/ptII/ptolemy/actor/ptalon/antlr/antlr.jar:/home/travis/build/icyphy/ptII/lib/JRI.jar:/home/travis/build/icyphy/ptII/lib/commons-lang-2.6.jar:/home/travis/build/icyphy/ptII/lib/commons-logging-1.1.1.jar:/home/travis/build/icyphy/ptII/lib/sootclasses.jar:/home/travis/build/icyphy/ptII/ptolemy/actor/lib/database/mysql-connector-java-5.1.6-bin.jar:/home/travis/build/icyphy/ptII/vendors/misc/sphinx4/sphinx4-data-5prealpha.jar:/home/travis/build/icyphy/ptII/vendors/misc/sphinx4/sphinx4-core-5prealpha.jar:/home/travis/build/icyphy/ptII/lib/PDFRenderer.jar:/home/travis/build/icyphy/ptII/lib/svgSalamander.jar:/home/travis/build/icyphy/ptII/lib/rsyntaxtextarea-2.6.0-SNAPSHOT.jar:/home/travis/build/icyphy/ptII/lib/hazelcast-3.8.2.jar:/home/travis/build/icyphy/ptII/lib/jackson-annotations-2.9.0.jar:/home/travis/build/icyphy/ptII/lib/jackson-core-2.9.3.jar:/home/travis/build/icyphy/ptII/lib/jackson-databind-2.9.3.jar:/home/travis/build/icyphy/ptII/lib/netty-buffer-4.1.19.Final.jar:/home/travis/build/icyphy/ptII/lib/netty-codec-4.1.19.Final.jar:/home/travis/build/icyphy/ptII/lib/netty-codec-dns-4.1.19.Final.jar:/home/travis/build/icyphy/ptII/lib/netty-codec-http-4.1.19.Final.jar:/home/travis/build/icyphy/ptII/lib/netty-codec-http2-4.1.19.Final.jar:/home/travis/build/icyphy/ptII/lib/netty-common-4.1.19.Final.jar:/home/travis/build/icyphy/ptII/lib/netty-handler-4.1.19.Final.jar:/home/travis/build/icyphy/ptII/lib/netty-resolver-4.1.19.Final.jar:/home/travis/build/icyphy/ptII/lib/netty-resolver-dns-4.1.19.Final.jar:/home/travis/build/icyphy/ptII/lib/netty-transport-4.1.19.Final.jar:/home/travis/build/icyphy/ptII/lib/vertx-codegen-3.5.1.jar:/home/travis/build/icyphy/ptII/lib/vertx-core-3.5.2-SNAPSHOT.jar:/home/travis/build/icyphy/ptII/lib/vertx-hazelcast-3.5.1.jar:/home/travis/build/icyphy/ptII/lib/vertx-lang-js-3.5.1.jar:/home/travis/build/icyphy/ptII/lib/vertx-service-proxy-3.5.1.jar:/home/travis/build/icyphy/ptII/lib/vertx-web-3.5.1.jar:/home/travis/build/icyphy/ptII/lib/slf4j-api-1.7.13.jar:/home/travis/build/icyphy/ptII/lib/slf4j-simple-1.7.13.jar:/home/travis/build/icyphy/ptII/lib/webcam-capture-0.3.12.jar:/home/travis/build/icyphy/ptII/lib/bridj-0.7.0.jar:/home/travis/build/icyphy/ptII/lib/xbjlib-1.1.0.nrjavaserial.jar:/home/travis/build/icyphy/ptII/ptolemy/moml/test:/home/travis/build/icyphy/ptII/ant/lib/ant-launcher.jar:/home/travis/build/icyphy/ptII/ant/lib/ant.jar:/home/travis/build/icyphy/ptII/ant/lib/ant-junit.jar:/home/travis/build/icyphy/ptII/ant/lib/ant-junit4.jar" />
    <property name="ant.library.dir" value="/home/travis/build/icyphy/ptII/ant/lib" />
    <property name="os.arch" value="amd64" />
    <property name="env.CONTINUOUS_INTEGRATION" value="true" />
    <property name="env.TRAVIS_LANGUAGE" value="node_js" />
    <property name="env.TRAVIS_STACK_LANGUAGES" value="__sardonyx__ c c++ clojure cplusplus cpp default generic go groovy java node_js php pure_java python ruby scala" />
    <property name="test.name" value="ptolemy.actor.lib.test.junit.JUnitTclTest" />
    <property name="env.APT_KEY_DONT_WARN_ON_DANGEROUS_USAGE" value="1" />
    <property name="sun.java.launcher" value="SUN_STANDARD" />
    <property name="env.PYTHON_CONFIGURE_OPTS" value="--enable-unicode=ucs4 --with-wide-unicode --enable-shared --enable-ipv6 --enable-loadable-sqlite-extensions --with-computed-gotos" />
    <property name="ant.core.lib" value="/home/travis/build/icyphy/ptII/ant/lib/ant.jar" />
    <property name="java.vm.specification.vendor" value="Oracle Corporation" />
    <property name="env.BCVTB_HOME" value="/home/travis/build/icyphy/ptII/lbnl" />
    <property name="file.separator" value="/" />
    <property name="spotbugs.home" value="/home/travis/build/icyphy/ptII/vendors/spotbugs-3.1.1" />
    <property name="java.runtime.version" value="11.0.2+9" />
    <property name="env.ANSI_CLEAR" value="\033[0K" />
    <property name="env.HAS_JOSH_K_SEAL_OF_APPROVAL" value="true" />
    <property name="env.XDG_RUNTIME_DIR" value="/run/user/2000" />
    <property name="env.TRAVIS_OSX_IMAGE" value="" />
    <property name="env.TRAVIS_JOB_ID" value="552583703" />
    <property name="env.TRAVIS_BRANCH" value="master" />
    <property name="user.country" value="US" />
    <property name="env.CERTI_HOME_TRAVIS" value="/home/travis/pthla/certi-tools" />
    <property name="env.SHELL" value="/bin/bash" />
    <property name="java.maxmemory.large" value="5000m" />
    <property name="model" value="" />
    <property name="env.CASHER_DIR" value="/home/travis/.casher" />
    <property name="env.NVM_CD_FLAGS" value="" />
    <property name="java.vendor.version" value="18.9" />
    <property name="jshint.executable" value="/home/travis/node_modules/jshint/bin/jshint" />
    <property name="env.JRUBY_OPTS" value=" --client -J-XX:+TieredCompilation -J-XX:TieredStopAtLevel=1 -J-Xss2m -Xcompile.invokedynamic=false" />
    <property name="java.vendor" value="Oracle Corporation" />
    <property name="env.TRAVIS_PRE_CHEF_BOOTSTRAP_TIME" value="2019-03-25T16:16:42" />
    <property name="env.TRAVIS_STACK_JOB_BOARD_REGISTER" value="/.job-board-register.yml" />
    <property name="env.ANSI_RED" value="\033[31;1m" />
    <property name="java.specification.version" value="11" />
    <property name="env.IRBRC" value="/home/travis/.rvm/rubies/ruby-2.5.3/.irbrc" />
    <property name="env.TRAVIS" value="true" />
    <property name="sun.arch.data.model" value="64" />
  </properties>
  <testcase classname="ptolemy.util.test.junit.TclTests" name="[0] /home/travis/build/icyphy/ptII/ptolemy/actor/lib/test/AbsoluteValue.tcl (RunTclFile)" time="0.627" />
  <testcase classname="ptolemy.util.test.junit.TclTests" name="[1] /home/travis/build/icyphy/ptII/ptolemy/actor/lib/test/AddSubtract.tcl (RunTclFile)" time="0.158" />
  <testcase classname="ptolemy.util.test.junit.TclTests" name="[2] /home/travis/build/icyphy/ptII/ptolemy/actor/lib/test/Average.tcl (RunTclFile)" time="0.032" />
  <testcase classname="ptolemy.util.test.junit.TclTests" name="[3] /home/travis/build/icyphy/ptII/ptolemy/actor/lib/test/Bernoulli.tcl (RunTclFile)" time="0.018" />
  <testcase classname="ptolemy.util.test.junit.TclTests" name="[4] /home/travis/build/icyphy/ptII/ptolemy/actor/lib/test/Clock.tcl (RunTclFile)" time="0.124" />
  <testcase classname="ptolemy.util.test.junit.TclTests" name="[5] /home/travis/build/icyphy/ptII/ptolemy/actor/lib/test/Commutator.tcl (RunTclFile)" time="0.145" />
  <testcase classname="ptolemy.util.test.junit.TclTests" name="[6] /home/travis/build/icyphy/ptII/ptolemy/actor/lib/test/Const.tcl (RunTclFile)" time="0.155" />
  <testcase classname="ptolemy.util.test.junit.TclTests" name="[7] /home/travis/build/icyphy/ptII/ptolemy/actor/lib/test/CurrentTime.tcl (RunTclFile)" time="0.044" />
  <testcase classname="ptolemy.util.test.junit.TclTests" name="[8] /home/travis/build/icyphy/ptII/ptolemy/actor/lib/test/DB.tcl (RunTclFile)" time="0.042" />
  <testcase classname="ptolemy.util.test.junit.TclTests" name="[9] /home/travis/build/icyphy/ptII/ptolemy/actor/lib/test/DiscreteRandomSource.tcl (RunTclFile)" time="0.045" />
  <testcase classname="ptolemy.util.test.junit.TclTests" name="[10] /home/travis/build/icyphy/ptII/ptolemy/actor/lib/test/Distributor.tcl (RunTclFile)" time="0.061" />
  <testcase classname="ptolemy.util.test.junit.TclTests" name="[11] /home/travis/build/icyphy/ptII/ptolemy/actor/lib/test/Exit.tcl (RunTclFile)" time="0.104" />
  <testcase classname="ptolemy.util.test.junit.TclTests" name="[12] /home/travis/build/icyphy/ptII/ptolemy/actor/lib/test/Expression.tcl (RunTclFile)" time="0.093" />
  <testcase classname="ptolemy.util.test.junit.TclTests" name="[13] /home/travis/build/icyphy/ptII/ptolemy/actor/lib/test/Gaussian.tcl (RunTclFile)" time="0.866" />
  <testcase classname="ptolemy.util.test.junit.TclTests" name="[14] /home/travis/build/icyphy/ptII/ptolemy/actor/lib/test/IIR.tcl (RunTclFile)" time="0.024" />
  <testcase classname="ptolemy.util.test.junit.TclTests" name="[15] /home/travis/build/icyphy/ptII/ptolemy/actor/lib/test/Interpolator.tcl (RunTclFile)" time="0.053" />
  <testcase classname="ptolemy.util.test.junit.TclTests" name="[16] /home/travis/build/icyphy/ptII/ptolemy/actor/lib/test/MathFunction.tcl (RunTclFile)" time="0.045" />
  <testcase classname="ptolemy.util.test.junit.TclTests" name="[17] /home/travis/build/icyphy/ptII/ptolemy/actor/lib/test/Maximum.tcl (RunTclFile)" time="0.025" />
  <testcase classname="ptolemy.util.test.junit.TclTests" name="[18] /home/travis/build/icyphy/ptII/ptolemy/actor/lib/test/Minimum.tcl (RunTclFile)" time="0.022" />
  <testcase classname="ptolemy.util.test.junit.TclTests" name="[19] /home/travis/build/icyphy/ptII/ptolemy/actor/lib/test/MultiplyDivide.tcl (RunTclFile)" time="0.024" />
  <testcase classname="ptolemy.util.test.junit.TclTests" name="[20] /home/travis/build/icyphy/ptII/ptolemy/actor/lib/test/OrderedMerge.tcl (RunTclFile)" time="0.128" />
  <testcase classname="ptolemy.util.test.junit.TclTests" name="[21] /home/travis/build/icyphy/ptII/ptolemy/actor/lib/test/Publisher.tcl (RunTclFile)" time="0.842" />
  <testcase classname="ptolemy.util.test.junit.TclTests" name="[22] /home/travis/build/icyphy/ptII/ptolemy/actor/lib/test/Pulse.tcl (RunTclFile)" time="0.046" />
  <testcase classname="ptolemy.util.test.junit.TclTests" name="[23] /home/travis/build/icyphy/ptII/ptolemy/actor/lib/test/Ramp.tcl (RunTclFile)" time="2.314" />
  <testcase classname="ptolemy.util.test.junit.TclTests" name="[24] /home/travis/build/icyphy/ptII/ptolemy/actor/lib/test/RampContinuous.tcl (RunTclFile)" time="0.036" />
  <testcase classname="ptolemy.util.test.junit.TclTests" name="[25] /home/travis/build/icyphy/ptII/ptolemy/actor/lib/test/RecordAssembler.tcl (RunTclFile)" time="0.035" />
  <testcase classname="ptolemy.util.test.junit.TclTests" name="[26] /home/travis/build/icyphy/ptII/ptolemy/actor/lib/test/RecordDisassembler.tcl (RunTclFile)" time="0.039" />
  <testcase classname="ptolemy.util.test.junit.TclTests" name="[27] /home/travis/build/icyphy/ptII/ptolemy/actor/lib/test/Scale.tcl (RunTclFile)" time="0.041" />
  <testcase classname="ptolemy.util.test.junit.TclTests" name="[28] /home/travis/build/icyphy/ptII/ptolemy/actor/lib/test/SequentialClock.tcl (RunTclFile)" time="0.015" />
  <testcase classname="ptolemy.util.test.junit.TclTests" name="[29] /home/travis/build/icyphy/ptII/ptolemy/actor/lib/test/SetVariable.tcl (RunTclFile)" time="0.026">
    <failure message="Number of failed tests is has increased. expected:&lt;0&gt; but was:&lt;1&gt;" type="junit.framework.AssertionFailedError">junit.framework.AssertionFailedError: Number of failed tests is has increased. expected:&lt;0&gt; but was:&lt;1&gt;
	at ptolemy.util.test.junit.TclTests.RunTclFile(TclTests.java:286)
	at jdk.internal.reflect.GeneratedMethodAccessor19.invoke(Unknown Source)
	at java.base/jdk.internal.reflect.DelegatingMethodAccessorImpl.invoke(DelegatingMethodAccessorImpl.java:43)
	at junitparams.internal.InvokeParameterisedMethod.evaluate(InvokeParameterisedMethod.java:102)
	at junitparams.internal.ParameterisedTestMethodRunner.runMethodInvoker(ParameterisedTestMethodRunner.java:47)
	at junitparams.internal.ParameterisedTestMethodRunner.runTestMethod(ParameterisedTestMethodRunner.java:41)
	at junitparams.internal.ParameterisedTestClassRunner.runParameterisedTest(ParameterisedTestClassRunner.java:143)
	at junitparams.JUnitParamsRunner.runChild(JUnitParamsRunner.java:237)
	at junitparams.JUnitParamsRunner.runChild(JUnitParamsRunner.java:215)
</failure>
  </testcase>
  <testcase classname="ptolemy.util.test.junit.TclTests" name="[30] /home/travis/build/icyphy/ptII/ptolemy/actor/lib/test/Sinewave.tcl (RunTclFile)" time="0.027" />
  <testcase classname="ptolemy.util.test.junit.TclTests" name="[31] /home/travis/build/icyphy/ptII/ptolemy/actor/lib/test/SubscriptionAggregator.tcl (RunTclFile)" time="2.514" />
  <testcase classname="ptolemy.util.test.junit.TclTests" name="[32] /home/travis/build/icyphy/ptII/ptolemy/actor/lib/test/Test.tcl (RunTclFile)" time="0.083" />
  <testcase classname="ptolemy.util.test.junit.TclTests" name="[33] /home/travis/build/icyphy/ptII/ptolemy/actor/lib/test/TestExceptionHandler.tcl (RunTclFile)" time="0.011" />
  <testcase classname="ptolemy.util.test.junit.TclTests" name="[34] /home/travis/build/icyphy/ptII/ptolemy/actor/lib/test/UnionDisassembler.tcl (RunTclFile)" time="0.056" />
  <testcase classname="ptolemy.util.test.junit.TclTests" name="[35] /home/travis/build/icyphy/ptII/ptolemy/actor/lib/test/VariableClock.tcl (RunTclFile)" time="0.016" />
  <testcase classname="ptolemy.util.test.junit.AutoKnownFailedTests" name="[0] /home/travis/build/icyphy/ptII/ptolemy/actor/lib/test/auto/knownFailedTests/PublisherPortToplevelSubscriber.xml (RunModel)" time="0.023" />
  <testcase classname="ptolemy.util.test.junit.AutoKnownFailedTests" name="[1] /home/travis/build/icyphy/ptII/ptolemy/actor/lib/test/auto/knownFailedTests/PublisherSubscriberPortToplevel.xml (RunModel)" time="0.017" />
  <testcase classname="ptolemy.util.test.junit.AutoKnownFailedTests" name="[2] /home/travis/build/icyphy/ptII/ptolemy/actor/lib/test/auto/knownFailedTests/PublisherSubscriptionAggregatorPort.xml (RunModel)" time="0.018" />
  <testcase classname="ptolemy.util.test.junit.AutoKnownFailedTests" name="[3] /home/travis/build/icyphy/ptII/ptolemy/actor/lib/test/auto/knownFailedTests/sizedarray3.xml (RunModel)" time="0.024" />
  <testcase classname="ptolemy.util.test.junit.AutoNameArchTests" name="[0] ThereAreNoAutoArchTests (RunModel)" time="0.004" />
  <testcase classname="ptolemy.util.test.junit.AutoTests" name="[0] /home/travis/build/icyphy/ptII/ptolemy/actor/lib/test/auto/AbsoluteValue.xml (RunModel)" time="0.092" />
  <testcase classname="ptolemy.util.test.junit.AutoTests" name="[1] /home/travis/build/icyphy/ptII/ptolemy/actor/lib/test/auto/AbsoluteValue2.xml (RunModel)" time="0.054" />
  <testcase classname="ptolemy.util.test.junit.AutoTests" name="[2] /home/travis/build/icyphy/ptII/ptolemy/actor/lib/test/auto/Accumulator.xml (RunModel)" time="0.028" />
  <testcase classname="ptolemy.util.test.junit.AutoTests" name="[3] /home/travis/build/icyphy/ptII/ptolemy/actor/lib/test/auto/Accumulator2.xml (RunModel)" time="0.018" />
  <testcase classname="ptolemy.util.test.junit.AutoTests" name="[4] /home/travis/build/icyphy/ptII/ptolemy/actor/lib/test/auto/Accumulator3.xml (RunModel)" time="0.101" />
  <testcase classname="ptolemy.util.test.junit.AutoTests" name="[5] /home/travis/build/icyphy/ptII/ptolemy/actor/lib/test/auto/ArrayAppend.xml (RunModel)" time="0.074" />
  <testcase classname="ptolemy.util.test.junit.AutoTests" name="[6] /home/travis/build/icyphy/ptII/ptolemy/actor/lib/test/auto/ArrayAppend2.xml (RunModel)" time="0.332" />
  <testcase classname="ptolemy.util.test.junit.AutoTests" name="[7] /home/travis/build/icyphy/ptII/ptolemy/actor/lib/test/auto/ArrayAppend3.xml (RunModel)" time="0.026" />
  <testcase classname="ptolemy.util.test.junit.AutoTests" name="[8] /home/travis/build/icyphy/ptII/ptolemy/actor/lib/test/auto/ArrayAppend4.xml (RunModel)" time="0.028" />
  <testcase classname="ptolemy.util.test.junit.AutoTests" name="[9] /home/travis/build/icyphy/ptII/ptolemy/actor/lib/test/auto/ArrayAppend5.xml (RunModel)" time="0.019" />
  <testcase classname="ptolemy.util.test.junit.AutoTests" name="[10] /home/travis/build/icyphy/ptII/ptolemy/actor/lib/test/auto/ArrayAppend6.xml (RunModel)" time="0.026" />
  <testcase classname="ptolemy.util.test.junit.AutoTests" name="[11] /home/travis/build/icyphy/ptII/ptolemy/actor/lib/test/auto/ArrayAppendPerformanceTest.xml (RunModel)" time="0.073" />
  <testcase classname="ptolemy.util.test.junit.AutoTests" name="[12] /home/travis/build/icyphy/ptII/ptolemy/actor/lib/test/auto/ArrayAppendWithEmptyInput.xml (RunModel)" time="0.042" />
  <testcase classname="ptolemy.util.test.junit.AutoTests" name="[13] /home/travis/build/icyphy/ptII/ptolemy/actor/lib/test/auto/ArrayAverage.xml (RunModel)" time="0.063" />
  <testcase classname="ptolemy.util.test.junit.AutoTests" name="[14] /home/travis/build/icyphy/ptII/ptolemy/actor/lib/test/auto/ArrayContains.xml (RunModel)" time="0.038" />
  <testcase classname="ptolemy.util.test.junit.AutoTests" name="[15] /home/travis/build/icyphy/ptII/ptolemy/actor/lib/test/auto/ArrayElement.xml (RunModel)" time="0.035" />
  <testcase classname="ptolemy.util.test.junit.AutoTests" name="[16] /home/travis/build/icyphy/ptII/ptolemy/actor/lib/test/auto/ArrayElementAsMatrix.xml (RunModel)" time="0.098" />
  <testcase classname="ptolemy.util.test.junit.AutoTests" name="[17] /home/travis/build/icyphy/ptII/ptolemy/actor/lib/test/auto/ArrayElementI.xml (RunModel)" time="0.029" />
  <testcase classname="ptolemy.util.test.junit.AutoTests" name="[18] /home/travis/build/icyphy/ptII/ptolemy/actor/lib/test/auto/ArrayExtract.xml (RunModel)" time="0.046" />
  <testcase classname="ptolemy.util.test.junit.AutoTests" name="[19] /home/travis/build/icyphy/ptII/ptolemy/actor/lib/test/auto/ArrayExtract2.xml (RunModel)" time="0.021" />
  <testcase classname="ptolemy.util.test.junit.AutoTests" name="[20] /home/travis/build/icyphy/ptII/ptolemy/actor/lib/test/auto/ArrayLength.xml (RunModel)" time="0.029" />
  <testcase classname="ptolemy.util.test.junit.AutoTests" name="[21] /home/travis/build/icyphy/ptII/ptolemy/actor/lib/test/auto/ArrayLevelCrossing.xml (RunModel)" time="0.038" />
  <testcase classname="ptolemy.util.test.junit.AutoTests" name="[22] /home/travis/build/icyphy/ptII/ptolemy/actor/lib/test/auto/ArrayLevelCrossing2.xml (RunModel)" time="0.029" />
  <testcase classname="ptolemy.util.test.junit.AutoTests" name="[23] /home/travis/build/icyphy/ptII/ptolemy/actor/lib/test/auto/ArrayPeakSearch.xml (RunModel)" time="0.043" />
  <testcase classname="ptolemy.util.test.junit.AutoTests" name="[24] /home/travis/build/icyphy/ptII/ptolemy/actor/lib/test/auto/ArrayPeakSearch2.xml (RunModel)" time="0.048" />
  <testcase classname="ptolemy.util.test.junit.AutoTests" name="[25] /home/travis/build/icyphy/ptII/ptolemy/actor/lib/test/auto/ArrayPeakSearch3.xml (RunModel)" time="0.041" />
  <testcase classname="ptolemy.util.test.junit.AutoTests" name="[26] /home/travis/build/icyphy/ptII/ptolemy/actor/lib/test/auto/ArrayRemoveElement.xml (RunModel)" time="0.036" />
  <testcase classname="ptolemy.util.test.junit.AutoTests" name="[27] /home/travis/build/icyphy/ptII/ptolemy/actor/lib/test/auto/ArraySort.xml (RunModel)" time="0.039" />
  <testcase classname="ptolemy.util.test.junit.AutoTests" name="[28] /home/travis/build/icyphy/ptII/ptolemy/actor/lib/test/auto/ArraySum.xml (RunModel)" time="0.022" />
  <testcase classname="ptolemy.util.test.junit.AutoTests" name="[29] /home/travis/build/icyphy/ptII/ptolemy/actor/lib/test/auto/ArrayToElements.xml (RunModel)" time="0.028" />
  <testcase classname="ptolemy.util.test.junit.AutoTests" name="[30] /home/travis/build/icyphy/ptII/ptolemy/actor/lib/test/auto/ArrayToMatrix.xml (RunModel)" time="0.062" />
  <testcase classname="ptolemy.util.test.junit.AutoTests" name="[31] /home/travis/build/icyphy/ptII/ptolemy/actor/lib/test/auto/ArrayUpdate1.xml (RunModel)" time="0.022" />
  <testcase classname="ptolemy.util.test.junit.AutoTests" name="[32] /home/travis/build/icyphy/ptII/ptolemy/actor/lib/test/auto/ArrayUpdate2.xml (RunModel)" time="0.024" />
  <testcase classname="ptolemy.util.test.junit.AutoTests" name="[33] /home/travis/build/icyphy/ptII/ptolemy/actor/lib/test/auto/ArrayUpdate3.xml (RunModel)" time="0.019" />
  <testcase classname="ptolemy.util.test.junit.AutoTests" name="[34] /home/travis/build/icyphy/ptII/ptolemy/actor/lib/test/auto/Assert1.xml (RunModel)" time="0.028" />
  <testcase classname="ptolemy.util.test.junit.AutoTests" name="[35] /home/travis/build/icyphy/ptII/ptolemy/actor/lib/test/auto/Assert2.xml (RunModel)" time="0.026" />
  <testcase classname="ptolemy.util.test.junit.AutoTests" name="[36] /home/travis/build/icyphy/ptII/ptolemy/actor/lib/test/auto/BooleanMultiplexor.xml (RunModel)" time="0.025" />
  <testcase classname="ptolemy.util.test.junit.AutoTests" name="[37] /home/travis/build/icyphy/ptII/ptolemy/actor/lib/test/auto/BooleanMultiplexor2.xml (RunModel)" time="0.033" />
  <testcase classname="ptolemy.util.test.junit.AutoTests" name="[38] /home/travis/build/icyphy/ptII/ptolemy/actor/lib/test/auto/BooleanMultiplexor3.xml (RunModel)" time="0.031" />
  <testcase classname="ptolemy.util.test.junit.AutoTests" name="[39] /home/travis/build/icyphy/ptII/ptolemy/actor/lib/test/auto/BooleanSelect.xml (RunModel)" time="0.031" />
  <testcase classname="ptolemy.util.test.junit.AutoTests" name="[40] /home/travis/build/icyphy/ptII/ptolemy/actor/lib/test/auto/BooleanSelect2.xml (RunModel)" time="0.02" />
  <testcase classname="ptolemy.util.test.junit.AutoTests" name="[41] /home/travis/build/icyphy/ptII/ptolemy/actor/lib/test/auto/BooleanSwitch.xml (RunModel)" time="0.023" />
  <testcase classname="ptolemy.util.test.junit.AutoTests" name="[42] /home/travis/build/icyphy/ptII/ptolemy/actor/lib/test/auto/BooleanSwitch2.xml (RunModel)" time="0.017" />
  <testcase classname="ptolemy.util.test.junit.AutoTests" name="[43] /home/travis/build/icyphy/ptII/ptolemy/actor/lib/test/auto/BooleanSwitchCloningBugWithClassRelationGroup.xml (RunModel)" time="0.039" />
  <testcase classname="ptolemy.util.test.junit.AutoTests" name="[44] /home/travis/build/icyphy/ptII/ptolemy/actor/lib/test/auto/BusActors.xml (RunModel)" time="0.037" />
  <testcase classname="ptolemy.util.test.junit.AutoTests" name="[45] /home/travis/build/icyphy/ptII/ptolemy/actor/lib/test/auto/ClassWrapper.xml (RunModel)" time="0.024" />
  <testcase classname="ptolemy.util.test.junit.AutoTests" name="[46] /home/travis/build/icyphy/ptII/ptolemy/actor/lib/test/auto/Clock.xml (RunModel)" time="0.009" />
  <testcase classname="ptolemy.util.test.junit.AutoTests" name="[47] /home/travis/build/icyphy/ptII/ptolemy/actor/lib/test/auto/Clock10.xml (RunModel)" time="0.017" />
  <testcase classname="ptolemy.util.test.junit.AutoTests" name="[48] /home/travis/build/icyphy/ptII/ptolemy/actor/lib/test/auto/Clock11.xml (RunModel)" time="0.018" />
  <testcase classname="ptolemy.util.test.junit.AutoTests" name="[49] /home/travis/build/icyphy/ptII/ptolemy/actor/lib/test/auto/Clock12.xml (RunModel)" time="0.021" />
  <testcase classname="ptolemy.util.test.junit.AutoTests" name="[50] /home/travis/build/icyphy/ptII/ptolemy/actor/lib/test/auto/Clock13.xml (RunModel)" time="0.014" />
  <testcase classname="ptolemy.util.test.junit.AutoTests" name="[51] /home/travis/build/icyphy/ptII/ptolemy/actor/lib/test/auto/Clock14.xml (RunModel)" time="0.019" />
  <testcase classname="ptolemy.util.test.junit.AutoTests" name="[52] /home/travis/build/icyphy/ptII/ptolemy/actor/lib/test/auto/Clock15.xml (RunModel)" time="0.012" />
  <testcase classname="ptolemy.util.test.junit.AutoTests" name="[53] /home/travis/build/icyphy/ptII/ptolemy/actor/lib/test/auto/Clock16.xml (RunModel)" time="0.103" />
  <testcase classname="ptolemy.util.test.junit.AutoTests" name="[54] /home/travis/build/icyphy/ptII/ptolemy/actor/lib/test/auto/Clock17.xml (RunModel)" time="0.074" />
  <testcase classname="ptolemy.util.test.junit.AutoTests" name="[55] /home/travis/build/icyphy/ptII/ptolemy/actor/lib/test/auto/Clock18.xml (RunModel)" time="0.056" />
  <testcase classname="ptolemy.util.test.junit.AutoTests" name="[56] /home/travis/build/icyphy/ptII/ptolemy/actor/lib/test/auto/Clock19.xml (RunModel)" time="0.038" />
  <testcase classname="ptolemy.util.test.junit.AutoTests" name="[57] /home/travis/build/icyphy/ptII/ptolemy/actor/lib/test/auto/Clock2.xml (RunModel)" time="0.015" />
  <testcase classname="ptolemy.util.test.junit.AutoTests" name="[58] /home/travis/build/icyphy/ptII/ptolemy/actor/lib/test/auto/Clock20.xml (RunModel)" time="0.018" />
  <testcase classname="ptolemy.util.test.junit.AutoTests" name="[59] /home/travis/build/icyphy/ptII/ptolemy/actor/lib/test/auto/Clock21.xml (RunModel)" time="0.015" />
  <testcase classname="ptolemy.util.test.junit.AutoTests" name="[60] /home/travis/build/icyphy/ptII/ptolemy/actor/lib/test/auto/Clock22.xml (RunModel)" time="0.014" />
  <testcase classname="ptolemy.util.test.junit.AutoTests" name="[61] /home/travis/build/icyphy/ptII/ptolemy/actor/lib/test/auto/Clock23.xml (RunModel)" time="0.018" />
  <testcase classname="ptolemy.util.test.junit.AutoTests" name="[62] /home/travis/build/icyphy/ptII/ptolemy/actor/lib/test/auto/Clock24.xml (RunModel)" time="0.014" />
  <testcase classname="ptolemy.util.test.junit.AutoTests" name="[63] /home/travis/build/icyphy/ptII/ptolemy/actor/lib/test/auto/Clock4.xml (RunModel)" time="0.011" />
  <testcase classname="ptolemy.util.test.junit.AutoTests" name="[64] /home/travis/build/icyphy/ptII/ptolemy/actor/lib/test/auto/Clock5.xml (RunModel)" time="0.013" />
  <testcase classname="ptolemy.util.test.junit.AutoTests" name="[65] /home/travis/build/icyphy/ptII/ptolemy/actor/lib/test/auto/Clock6.xml (RunModel)" time="0.01" />
  <testcase classname="ptolemy.util.test.junit.AutoTests" name="[66] /home/travis/build/icyphy/ptII/ptolemy/actor/lib/test/auto/Clock7.xml (RunModel)" time="0.011" />
  <testcase classname="ptolemy.util.test.junit.AutoTests" name="[67] /home/travis/build/icyphy/ptII/ptolemy/actor/lib/test/auto/Clock8.xml (RunModel)" time="0.016" />
  <testcase classname="ptolemy.util.test.junit.AutoTests" name="[68] /home/travis/build/icyphy/ptII/ptolemy/actor/lib/test/auto/Clock9.xml (RunModel)" time="0.016" />
  <testcase classname="ptolemy.util.test.junit.AutoTests" name="[69] /home/travis/build/icyphy/ptII/ptolemy/actor/lib/test/auto/CommDistDiscard.xml (RunModel)" time="0.021" />
  <testcase classname="ptolemy.util.test.junit.AutoTests" name="[70] /home/travis/build/icyphy/ptII/ptolemy/actor/lib/test/auto/Commutator.xml (RunModel)" time="0.015" />
  <testcase classname="ptolemy.util.test.junit.AutoTests" name="[71] /home/travis/build/icyphy/ptII/ptolemy/actor/lib/test/auto/Commutator2.xml (RunModel)" time="0.018" />
  <testcase classname="ptolemy.util.test.junit.AutoTests" name="[72] /home/travis/build/icyphy/ptII/ptolemy/actor/lib/test/auto/Commutator3.xml (RunModel)" time="0.043" />
  <testcase classname="ptolemy.util.test.junit.AutoTests" name="[73] /home/travis/build/icyphy/ptII/ptolemy/actor/lib/test/auto/Compare.xml (RunModel)" time="0.023" />
  <testcase classname="ptolemy.util.test.junit.AutoTests" name="[74] /home/travis/build/icyphy/ptII/ptolemy/actor/lib/test/auto/CompareDE.xml (RunModel)" time="0.018" />
  <testcase classname="ptolemy.util.test.junit.AutoTests" name="[75] /home/travis/build/icyphy/ptII/ptolemy/actor/lib/test/auto/ComplexDivide.xml (RunModel)" time="0.009" />
  <testcase classname="ptolemy.util.test.junit.AutoTests" name="[76] /home/travis/build/icyphy/ptII/ptolemy/actor/lib/test/auto/ComputeHistogram.xml (RunModel)" time="0.07" />
  <testcase classname="ptolemy.util.test.junit.AutoTests" name="[77] /home/travis/build/icyphy/ptII/ptolemy/actor/lib/test/auto/ConfigurationSelect.xml (RunModel)" time="0.022" />
  <testcase classname="ptolemy.util.test.junit.AutoTests" name="[78] /home/travis/build/icyphy/ptII/ptolemy/actor/lib/test/auto/ConfigurationSelect2.xml (RunModel)" time="0.016" />
  <testcase classname="ptolemy.util.test.junit.AutoTests" name="[79] /home/travis/build/icyphy/ptII/ptolemy/actor/lib/test/auto/ConfigurationSwitch.xml (RunModel)" time="0.029" />
  <testcase classname="ptolemy.util.test.junit.AutoTests" name="[80] /home/travis/build/icyphy/ptII/ptolemy/actor/lib/test/auto/ConfigurationSwitch2.xml (RunModel)" time="0.031" />
  <testcase classname="ptolemy.util.test.junit.AutoTests" name="[81] /home/travis/build/icyphy/ptII/ptolemy/actor/lib/test/auto/ConfigurationSwitchCloningBugWithClassRelationGroup.xml (RunModel)" time="0.02" />
  <testcase classname="ptolemy.util.test.junit.AutoTests" name="[82] /home/travis/build/icyphy/ptII/ptolemy/actor/lib/test/auto/ConfigurationSwitchSelectSDF.xml (RunModel)" time="0.018" />
  <testcase classname="ptolemy.util.test.junit.AutoTests" name="[83] /home/travis/build/icyphy/ptII/ptolemy/actor/lib/test/auto/ConfigurationSwitchSelectSDF2.xml (RunModel)" time="0.016" />
  <testcase classname="ptolemy.util.test.junit.AutoTests" name="[84] /home/travis/build/icyphy/ptII/ptolemy/actor/lib/test/auto/Const.xml (RunModel)" time="0.007" />
  <testcase classname="ptolemy.util.test.junit.AutoTests" name="[85] /home/travis/build/icyphy/ptII/ptolemy/actor/lib/test/auto/Const2.xml (RunModel)" time="0.009" />
  <testcase classname="ptolemy.util.test.junit.AutoTests" name="[86] /home/travis/build/icyphy/ptII/ptolemy/actor/lib/test/auto/Const3.xml (RunModel)" time="0.005" />
  <testcase classname="ptolemy.util.test.junit.AutoTests" name="[87] /home/travis/build/icyphy/ptII/ptolemy/actor/lib/test/auto/ConstantPublisherPort1.xml (RunModel)" time="0.018" />
  <testcase classname="ptolemy.util.test.junit.AutoTests" name="[88] /home/travis/build/icyphy/ptII/ptolemy/actor/lib/test/auto/ConstantPublisherPort2.xml (RunModel)" time="0.023" />
  <testcase classname="ptolemy.util.test.junit.AutoTests" name="[89] /home/travis/build/icyphy/ptII/ptolemy/actor/lib/test/auto/ConstantPublisherPort3.xml (RunModel)" time="0.02" />
  <testcase classname="ptolemy.util.test.junit.AutoTests" name="[90] /home/travis/build/icyphy/ptII/ptolemy/actor/lib/test/auto/ConstantPublisherPort4.xml (RunModel)" time="0.022" />
  <testcase classname="ptolemy.util.test.junit.AutoTests" name="[91] /home/travis/build/icyphy/ptII/ptolemy/actor/lib/test/auto/ConstantPublisherPort5.xml (RunModel)" time="0.05" />
  <testcase classname="ptolemy.util.test.junit.AutoTests" name="[92] /home/travis/build/icyphy/ptII/ptolemy/actor/lib/test/auto/ConstantPublisherPort6.xml (RunModel)" time="0.028" />
  <testcase classname="ptolemy.util.test.junit.AutoTests" name="[93] /home/travis/build/icyphy/ptII/ptolemy/actor/lib/test/auto/ConstantPublisherPort7.xml (RunModel)" time="0.037" />
  <testcase classname="ptolemy.util.test.junit.AutoTests" name="[94] /home/travis/build/icyphy/ptII/ptolemy/actor/lib/test/auto/ConstraintMonitor1.xml (RunModel)" time="0.041" />
  <testcase classname="ptolemy.util.test.junit.AutoTests" name="[95] /home/travis/build/icyphy/ptII/ptolemy/actor/lib/test/auto/ConstraintMonitor2.xml (RunModel)" time="0.014" />
  <testcase classname="ptolemy.util.test.junit.AutoTests" name="[96] /home/travis/build/icyphy/ptII/ptolemy/actor/lib/test/auto/ConstraintMonitor3.xml (RunModel)" time="0.015" />
  <testcase classname="ptolemy.util.test.junit.AutoTests" name="[97] /home/travis/build/icyphy/ptII/ptolemy/actor/lib/test/auto/ConstraintMonitor4.xml (RunModel)" time="0.01" />
  <testcase classname="ptolemy.util.test.junit.AutoTests" name="[98] /home/travis/build/icyphy/ptII/ptolemy/actor/lib/test/auto/ConstraintMonitor5.xml (RunModel)" time="0.01" />
  <testcase classname="ptolemy.util.test.junit.AutoTests" name="[99] /home/travis/build/icyphy/ptII/ptolemy/actor/lib/test/auto/ConstraintMonitor6.xml (RunModel)" time="0.017" />
  <testcase classname="ptolemy.util.test.junit.AutoTests" name="[100] /home/travis/build/icyphy/ptII/ptolemy/actor/lib/test/auto/ConstraintMonitor7.xml (RunModel)" time="0.021" />
  <testcase classname="ptolemy.util.test.junit.AutoTests" name="[101] /home/travis/build/icyphy/ptII/ptolemy/actor/lib/test/auto/ConstraintMonitor8.xml (RunModel)" time="0.02" />
  <testcase classname="ptolemy.util.test.junit.AutoTests" name="[102] /home/travis/build/icyphy/ptII/ptolemy/actor/lib/test/auto/Counter.xml (RunModel)" time="0.016" />
  <testcase classname="ptolemy.util.test.junit.AutoTests" name="[103] /home/travis/build/icyphy/ptII/ptolemy/actor/lib/test/auto/CurrentTimeSDF.xml (RunModel)" time="0.01" />
  <testcase classname="ptolemy.util.test.junit.AutoTests" name="[104] /home/travis/build/icyphy/ptII/ptolemy/actor/lib/test/auto/DB.xml (RunModel)" time="0.012" />
  <testcase classname="ptolemy.util.test.junit.AutoTests" name="[105] /home/travis/build/icyphy/ptII/ptolemy/actor/lib/test/auto/DBDE.xml (RunModel)" time="0.013" />
  <testcase classname="ptolemy.util.test.junit.AutoTests" name="[106] /home/travis/build/icyphy/ptII/ptolemy/actor/lib/test/auto/DateConstructor.xml (RunModel)" time="0.085" />
  <testcase classname="ptolemy.util.test.junit.AutoTests" name="[107] /home/travis/build/icyphy/ptII/ptolemy/actor/lib/test/auto/DelayTime.xml (RunModel)" time="0.021" />
  <testcase classname="ptolemy.util.test.junit.AutoTests" name="[108] /home/travis/build/icyphy/ptII/ptolemy/actor/lib/test/auto/Dictionary1.xml (RunModel)" time="0.016" />
  <testcase classname="ptolemy.util.test.junit.AutoTests" name="[109] /home/travis/build/icyphy/ptII/ptolemy/actor/lib/test/auto/Dictionary2.xml (RunModel)" time="0.016" />
  <testcase classname="ptolemy.util.test.junit.AutoTests" name="[110] /home/travis/build/icyphy/ptII/ptolemy/actor/lib/test/auto/Dictionary3.xml (RunModel)" time="0.018" />
  <testcase classname="ptolemy.util.test.junit.AutoTests" name="[111] /home/travis/build/icyphy/ptII/ptolemy/actor/lib/test/auto/Dictionary4.xml (RunModel)" time="0.019" />
  <testcase classname="ptolemy.util.test.junit.AutoTests" name="[112] /home/travis/build/icyphy/ptII/ptolemy/actor/lib/test/auto/Differential.xml (RunModel)" time="0.013" />
  <testcase classname="ptolemy.util.test.junit.AutoTests" name="[113] /home/travis/build/icyphy/ptII/ptolemy/actor/lib/test/auto/Director.xml (RunModel)" time="0.01" />
  <testcase classname="ptolemy.util.test.junit.AutoTests" name="[114] /home/travis/build/icyphy/ptII/ptolemy/actor/lib/test/auto/DiscreteClock.xml (RunModel)" time="0.009" />
  <testcase classname="ptolemy.util.test.junit.AutoTests" name="[115] /home/travis/build/icyphy/ptII/ptolemy/actor/lib/test/auto/DiscreteClock10.xml (RunModel)" time="0.016" />
  <testcase classname="ptolemy.util.test.junit.AutoTests" name="[116] /home/travis/build/icyphy/ptII/ptolemy/actor/lib/test/auto/DiscreteClock11.xml (RunModel)" time="0.013" />
  <testcase classname="ptolemy.util.test.junit.AutoTests" name="[117] /home/travis/build/icyphy/ptII/ptolemy/actor/lib/test/auto/DiscreteClock12.xml (RunModel)" time="0.021" />
  <testcase classname="ptolemy.util.test.junit.AutoTests" name="[118] /home/travis/build/icyphy/ptII/ptolemy/actor/lib/test/auto/DiscreteClock13.xml (RunModel)" time="0.014" />
  <testcase classname="ptolemy.util.test.junit.AutoTests" name="[119] /home/travis/build/icyphy/ptII/ptolemy/actor/lib/test/auto/DiscreteClock14.xml (RunModel)" time="0.012" />
  <testcase classname="ptolemy.util.test.junit.AutoTests" name="[120] /home/travis/build/icyphy/ptII/ptolemy/actor/lib/test/auto/DiscreteClock15.xml (RunModel)" time="0.014" />
  <testcase classname="ptolemy.util.test.junit.AutoTests" name="[121] /home/travis/build/icyphy/ptII/ptolemy/actor/lib/test/auto/DiscreteClock16.xml (RunModel)" time="0.037" />
  <testcase classname="ptolemy.util.test.junit.AutoTests" name="[122] /home/travis/build/icyphy/ptII/ptolemy/actor/lib/test/auto/DiscreteClock17.xml (RunModel)" time="0.036" />
  <testcase classname="ptolemy.util.test.junit.AutoTests" name="[123] /home/travis/build/icyphy/ptII/ptolemy/actor/lib/test/auto/DiscreteClock18.xml (RunModel)" time="0.033" />
  <testcase classname="ptolemy.util.test.junit.AutoTests" name="[124] /home/travis/build/icyphy/ptII/ptolemy/actor/lib/test/auto/DiscreteClock19.xml (RunModel)" time="0.034" />
  <testcase classname="ptolemy.util.test.junit.AutoTests" name="[125] /home/travis/build/icyphy/ptII/ptolemy/actor/lib/test/auto/DiscreteClock2.xml (RunModel)" time="0.01" />
  <testcase classname="ptolemy.util.test.junit.AutoTests" name="[126] /home/travis/build/icyphy/ptII/ptolemy/actor/lib/test/auto/DiscreteClock20.xml (RunModel)" time="0.013" />
  <testcase classname="ptolemy.util.test.junit.AutoTests" name="[127] /home/travis/build/icyphy/ptII/ptolemy/actor/lib/test/auto/DiscreteClock21.xml (RunModel)" time="0.013" />
  <testcase classname="ptolemy.util.test.junit.AutoTests" name="[128] /home/travis/build/icyphy/ptII/ptolemy/actor/lib/test/auto/DiscreteClock22.xml (RunModel)" time="0.015" />
  <testcase classname="ptolemy.util.test.junit.AutoTests" name="[129] /home/travis/build/icyphy/ptII/ptolemy/actor/lib/test/auto/DiscreteClock23.xml (RunModel)" time="0.018" />
  <testcase classname="ptolemy.util.test.junit.AutoTests" name="[130] /home/travis/build/icyphy/ptII/ptolemy/actor/lib/test/auto/DiscreteClock24.xml (RunModel)" time="0.012" />
  <testcase classname="ptolemy.util.test.junit.AutoTests" name="[131] /home/travis/build/icyphy/ptII/ptolemy/actor/lib/test/auto/DiscreteClock4.xml (RunModel)" time="0.011" />
  <testcase classname="ptolemy.util.test.junit.AutoTests" name="[132] /home/travis/build/icyphy/ptII/ptolemy/actor/lib/test/auto/DiscreteClock5.xml (RunModel)" time="0.012" />
  <testcase classname="ptolemy.util.test.junit.AutoTests" name="[133] /home/travis/build/icyphy/ptII/ptolemy/actor/lib/test/auto/DiscreteClock6.xml (RunModel)" time="0.01" />
  <testcase classname="ptolemy.util.test.junit.AutoTests" name="[134] /home/travis/build/icyphy/ptII/ptolemy/actor/lib/test/auto/DiscreteClock7.xml (RunModel)" time="0.01" />
  <testcase classname="ptolemy.util.test.junit.AutoTests" name="[135] /home/travis/build/icyphy/ptII/ptolemy/actor/lib/test/auto/DiscreteClock8.xml (RunModel)" time="0.029" />
  <testcase classname="ptolemy.util.test.junit.AutoTests" name="[136] /home/travis/build/icyphy/ptII/ptolemy/actor/lib/test/auto/DiscreteClock9.xml (RunModel)" time="0.013" />
  <testcase classname="ptolemy.util.test.junit.AutoTests" name="[137] /home/travis/build/icyphy/ptII/ptolemy/actor/lib/test/auto/DisplayArray.xml (RunModel)" time="0.013" />
  <testcase classname="ptolemy.util.test.junit.AutoTests" name="[138] /home/travis/build/icyphy/ptII/ptolemy/actor/lib/test/auto/Distributor.xml (RunModel)" time="0.01" />
  <testcase classname="ptolemy.util.test.junit.AutoTests" name="[139] /home/travis/build/icyphy/ptII/ptolemy/actor/lib/test/auto/Distributor2.xml (RunModel)" time="0.011" />
  <testcase classname="ptolemy.util.test.junit.AutoTests" name="[140] /home/travis/build/icyphy/ptII/ptolemy/actor/lib/test/auto/DownSample.xml (RunModel)" time="0.01" />
  <testcase classname="ptolemy.util.test.junit.AutoTests" name="[141] /home/travis/build/icyphy/ptII/ptolemy/actor/lib/test/auto/ElectronicUnitBase1.xml (RunModel)" time="0.089" />
  <testcase classname="ptolemy.util.test.junit.AutoTests" name="[142] /home/travis/build/icyphy/ptII/ptolemy/actor/lib/test/auto/ElementsToArray.xml (RunModel)" time="0.011" />
  <testcase classname="ptolemy.util.test.junit.AutoTests" name="[143] /home/travis/build/icyphy/ptII/ptolemy/actor/lib/test/auto/Equals.xml (RunModel)" time="0.018" />
  <testcase classname="ptolemy.util.test.junit.AutoTests" name="[144] /home/travis/build/icyphy/ptII/ptolemy/actor/lib/test/auto/Exec.xml (RunModel)" time="0.035" />
  <testcase classname="ptolemy.util.test.junit.AutoTests" name="[145] /home/travis/build/icyphy/ptII/ptolemy/actor/lib/test/auto/ExecEnvironment.xml (RunModel)" time="0.054" />
  <testcase classname="ptolemy.util.test.junit.AutoTests" name="[146] /home/travis/build/icyphy/ptII/ptolemy/actor/lib/test/auto/ExecNonZeroReturnOutput.xml (RunModel)" time="0.226" />
  <testcase classname="ptolemy.util.test.junit.AutoTests" name="[147] /home/travis/build/icyphy/ptII/ptolemy/actor/lib/test/auto/ExecRunDemos.xml (RunModel)" time="10.884">
    <error type="java.lang.reflect.InvocationTargetException">java.lang.reflect.InvocationTargetException
	at jdk.internal.reflect.GeneratedConstructorAccessor36.newInstance(Unknown Source)
	at java.base/jdk.internal.reflect.DelegatingConstructorAccessorImpl.newInstance(DelegatingConstructorAccessorImpl.java:45)
	at java.base/java.lang.reflect.Constructor.newInstance(Constructor.java:490)
	at ptolemy.util.test.junit.AutoTests.RunModel(AutoTests.java:193)
	at jdk.internal.reflect.GeneratedMethodAccessor43.invoke(Unknown Source)
	at java.base/jdk.internal.reflect.DelegatingMethodAccessorImpl.invoke(DelegatingMethodAccessorImpl.java:43)
	at junitparams.internal.InvokeParameterisedMethod.evaluate(InvokeParameterisedMethod.java:102)
Caused by: ptolemy.kernel.util.IllegalActionException: Test fails in iteration 0.
Value was: &quot;WARNING: An illegal reflective access operation has occurred\nWARNING: Illegal reflective access by io.netty.util.internal.ReflectionUtil (file:/home/travis/build/icyphy/ptII/lib/netty-common-4.1.19.Final.jar) to constructor java.nio.DirectByteBuffer(long,int)\nWARNING: Please consider reporting this to the maintainers of io.netty.util.internal.ReflectionUtil\nWARNING: Use --illegal-access=warn to enable warnings of further illegal reflective access operations\nWARNING: All illegal access operations will be denied in a future release\n&quot;. Should have been: &quot;&quot;
  in .ExecRunDemos.Test
	at ptolemy.actor.lib.Test.fire(Test.java:268)
	at ptolemy.actor.AtomicActor.iterate(AtomicActor.java:512)
	at ptolemy.actor.sched.StaticSchedulingDirector.fire(StaticSchedulingDirector.java:216)
	at ptolemy.domains.sdf.kernel.SDFDirector.fire(SDFDirector.java:500)
	at ptolemy.actor.CompositeActor.fire(CompositeActor.java:455)
	at ptolemy.actor.Manager.iterate(Manager.java:851)
	at ptolemy.actor.Manager.execute(Manager.java:369)
	at ptolemy.actor.Manager.run(Manager.java:1263)
	at ptolemy.actor.Manager$PtolemyRunThread.run(Manager.java:1915)
</error>
  </testcase>
  <testcase classname="ptolemy.util.test.junit.AutoTests" name="[148] /home/travis/build/icyphy/ptII/ptolemy/actor/lib/test/auto/ExecStop.xml (RunModel)" time="5.036" />
  <testcase classname="ptolemy.util.test.junit.AutoTests" name="[149] /home/travis/build/icyphy/ptII/ptolemy/actor/lib/test/auto/ExecutionTimeSDF.xml (RunModel)" time="6.029" />
  <testcase classname="ptolemy.util.test.junit.AutoTests" name="[150] /home/travis/build/icyphy/ptII/ptolemy/actor/lib/test/auto/Expression1.xml (RunModel)" time="0.018" />
  <testcase classname="ptolemy.util.test.junit.AutoTests" name="[151] /home/travis/build/icyphy/ptII/ptolemy/actor/lib/test/auto/Expression10.xml (RunModel)" time="0.037" />
  <testcase classname="ptolemy.util.test.junit.AutoTests" name="[152] /home/travis/build/icyphy/ptII/ptolemy/actor/lib/test/auto/Expression11.xml (RunModel)" time="0.013" />
  <testcase classname="ptolemy.util.test.junit.AutoTests" name="[153] /home/travis/build/icyphy/ptII/ptolemy/actor/lib/test/auto/Expression12.xml (RunModel)" time="0.019" />
  <testcase classname="ptolemy.util.test.junit.AutoTests" name="[154] /home/travis/build/icyphy/ptII/ptolemy/actor/lib/test/auto/Expression13.xml (RunModel)" time="0.014" />
  <testcase classname="ptolemy.util.test.junit.AutoTests" name="[155] /home/travis/build/icyphy/ptII/ptolemy/actor/lib/test/auto/Expression14.xml (RunModel)" time="0.018" />
  <testcase classname="ptolemy.util.test.junit.AutoTests" name="[156] /home/travis/build/icyphy/ptII/ptolemy/actor/lib/test/auto/Expression15.xml (RunModel)" time="0.008" />
  <testcase classname="ptolemy.util.test.junit.AutoTests" name="[157] /home/travis/build/icyphy/ptII/ptolemy/actor/lib/test/auto/Expression16.xml (RunModel)" time="0.026" />
  <testcase classname="ptolemy.util.test.junit.AutoTests" name="[158] /home/travis/build/icyphy/ptII/ptolemy/actor/lib/test/auto/Expression17.xml (RunModel)" time="0.011" />
  <testcase classname="ptolemy.util.test.junit.AutoTests" name="[159] /home/travis/build/icyphy/ptII/ptolemy/actor/lib/test/auto/Expression18.xml (RunModel)" time="0.013" />
  <testcase classname="ptolemy.util.test.junit.AutoTests" name="[160] /home/travis/build/icyphy/ptII/ptolemy/actor/lib/test/auto/Expression2.xml (RunModel)" time="0.017" />
  <testcase classname="ptolemy.util.test.junit.AutoTests" name="[161] /home/travis/build/icyphy/ptII/ptolemy/actor/lib/test/auto/Expression3.xml (RunModel)" time="0.014" />
  <testcase classname="ptolemy.util.test.junit.AutoTests" name="[162] /home/travis/build/icyphy/ptII/ptolemy/actor/lib/test/auto/Expression4.xml (RunModel)" time="0.018" />
  <testcase classname="ptolemy.util.test.junit.AutoTests" name="[163] /home/travis/build/icyphy/ptII/ptolemy/actor/lib/test/auto/Expression5.xml (RunModel)" time="0.014" />
  <testcase classname="ptolemy.util.test.junit.AutoTests" name="[164] /home/travis/build/icyphy/ptII/ptolemy/actor/lib/test/auto/Expression6.xml (RunModel)" time="0.009" />
  <testcase classname="ptolemy.util.test.junit.AutoTests" name="[165] /home/travis/build/icyphy/ptII/ptolemy/actor/lib/test/auto/Expression7.xml (RunModel)" time="0.014" />
  <testcase classname="ptolemy.util.test.junit.AutoTests" name="[166] /home/travis/build/icyphy/ptII/ptolemy/actor/lib/test/auto/Expression8.xml (RunModel)" time="0.016" />
  <testcase classname="ptolemy.util.test.junit.AutoTests" name="[167] /home/travis/build/icyphy/ptII/ptolemy/actor/lib/test/auto/Expression9.xml (RunModel)" time="0.008" />
  <testcase classname="ptolemy.util.test.junit.AutoTests" name="[168] /home/travis/build/icyphy/ptII/ptolemy/actor/lib/test/auto/ExpressionConcatenateArrayType.xml (RunModel)" time="0.033" />
  <testcase classname="ptolemy.util.test.junit.AutoTests" name="[169] /home/travis/build/icyphy/ptII/ptolemy/actor/lib/test/auto/ExpressionConcatenateArrayType2.xml (RunModel)" time="0.027" />
  <testcase classname="ptolemy.util.test.junit.AutoTests" name="[170] /home/travis/build/icyphy/ptII/ptolemy/actor/lib/test/auto/ExpressionFix.xml (RunModel)" time="0.048" />
  <testcase classname="ptolemy.util.test.junit.AutoTests" name="[171] /home/travis/build/icyphy/ptII/ptolemy/actor/lib/test/auto/ExpressionFix2.xml (RunModel)" time="0.012" />
  <testcase classname="ptolemy.util.test.junit.AutoTests" name="[172] /home/travis/build/icyphy/ptII/ptolemy/actor/lib/test/auto/ExpressionFix3.xml (RunModel)" time="0.014" />
  <testcase classname="ptolemy.util.test.junit.AutoTests" name="[173] /home/travis/build/icyphy/ptII/ptolemy/actor/lib/test/auto/FileWriter1.xml (RunModel)" time="0.009" />
  <testcase classname="ptolemy.util.test.junit.AutoTests" name="[174] /home/travis/build/icyphy/ptII/ptolemy/actor/lib/test/auto/FileWriter2.xml (RunModel)" time="0.01" />
  <testcase classname="ptolemy.util.test.junit.AutoTests" name="[175] /home/travis/build/icyphy/ptII/ptolemy/actor/lib/test/auto/FileWriter3.xml (RunModel)" time="0.01" />
  <testcase classname="ptolemy.util.test.junit.AutoTests" name="[176] /home/travis/build/icyphy/ptII/ptolemy/actor/lib/test/auto/Gaussian.xml (RunModel)" time="0.011" />
  <testcase classname="ptolemy.util.test.junit.AutoTests" name="[177] /home/travis/build/icyphy/ptII/ptolemy/actor/lib/test/auto/Gaussian1.xml (RunModel)" time="0.025" />
  <testcase classname="ptolemy.util.test.junit.AutoTests" name="[178] /home/travis/build/icyphy/ptII/ptolemy/actor/lib/test/auto/Gaussian2.xml (RunModel)" time="0.02" />
  <testcase classname="ptolemy.util.test.junit.AutoTests" name="[179] /home/travis/build/icyphy/ptII/ptolemy/actor/lib/test/auto/GradientAdaptiveLattice.xml (RunModel)" time="0.017" />
  <testcase classname="ptolemy.util.test.junit.AutoTests" name="[180] /home/travis/build/icyphy/ptII/ptolemy/actor/lib/test/auto/IIR.xml (RunModel)" time="0.012" />
  <testcase classname="ptolemy.util.test.junit.AutoTests" name="[181] /home/travis/build/icyphy/ptII/ptolemy/actor/lib/test/auto/InputOutputTransparentPorts.xml (RunModel)" time="0.02" />
  <testcase classname="ptolemy.util.test.junit.AutoTests" name="[182] /home/travis/build/icyphy/ptII/ptolemy/actor/lib/test/auto/Interpolator.xml (RunModel)" time="0.012" />
  <testcase classname="ptolemy.util.test.junit.AutoTests" name="[183] /home/travis/build/icyphy/ptII/ptolemy/actor/lib/test/auto/InterpolatorFiringLimitDE.xml (RunModel)" time="0.016" />
  <testcase classname="ptolemy.util.test.junit.AutoTests" name="[184] /home/travis/build/icyphy/ptII/ptolemy/actor/lib/test/auto/Lattice.xml (RunModel)" time="0.01" />
  <testcase classname="ptolemy.util.test.junit.AutoTests" name="[185] /home/travis/build/icyphy/ptII/ptolemy/actor/lib/test/auto/LazyAOCTestLazy.xml (RunModel)" time="0.047" />
  <testcase classname="ptolemy.util.test.junit.AutoTests" name="[186] /home/travis/build/icyphy/ptII/ptolemy/actor/lib/test/auto/LazyAOCTestNonLazy.xml (RunModel)" time="0.048" />
  <testcase classname="ptolemy.util.test.junit.AutoTests" name="[187] /home/travis/build/icyphy/ptII/ptolemy/actor/lib/test/auto/LazyInnerClass.xml (RunModel)" time="0.051" />
  <testcase classname="ptolemy.util.test.junit.AutoTests" name="[188] /home/travis/build/icyphy/ptII/ptolemy/actor/lib/test/auto/LazyPubSub.xml (RunModel)" time="0.081" />
  <testcase classname="ptolemy.util.test.junit.AutoTests" name="[189] /home/travis/build/icyphy/ptII/ptolemy/actor/lib/test/auto/LazyPubSub2.xml (RunModel)" time="0.043" />
  <testcase classname="ptolemy.util.test.junit.AutoTests" name="[190] /home/travis/build/icyphy/ptII/ptolemy/actor/lib/test/auto/LazyPubSub3.xml (RunModel)" time="0.026" />
  <testcase classname="ptolemy.util.test.junit.AutoTests" name="[191] /home/travis/build/icyphy/ptII/ptolemy/actor/lib/test/auto/LazySubClassModel.xml (RunModel)" time="0.044" />
  <testcase classname="ptolemy.util.test.junit.AutoTests" name="[192] /home/travis/build/icyphy/ptII/ptolemy/actor/lib/test/auto/LevelCrossTest1.xml (RunModel)" time="0.016" />
  <testcase classname="ptolemy.util.test.junit.AutoTests" name="[193] /home/travis/build/icyphy/ptII/ptolemy/actor/lib/test/auto/LevelCrossTest10.xml (RunModel)" time="0.017" />
  <testcase classname="ptolemy.util.test.junit.AutoTests" name="[194] /home/travis/build/icyphy/ptII/ptolemy/actor/lib/test/auto/LevelCrossTest11.xml (RunModel)" time="0.017" />
  <testcase classname="ptolemy.util.test.junit.AutoTests" name="[195] /home/travis/build/icyphy/ptII/ptolemy/actor/lib/test/auto/LevelCrossTest12.xml (RunModel)" time="0.018" />
  <testcase classname="ptolemy.util.test.junit.AutoTests" name="[196] /home/travis/build/icyphy/ptII/ptolemy/actor/lib/test/auto/LevelCrossTest13.xml (RunModel)" time="0.014" />
  <testcase classname="ptolemy.util.test.junit.AutoTests" name="[197] /home/travis/build/icyphy/ptII/ptolemy/actor/lib/test/auto/LevelCrossTest2.xml (RunModel)" time="0.012" />
  <testcase classname="ptolemy.util.test.junit.AutoTests" name="[198] /home/travis/build/icyphy/ptII/ptolemy/actor/lib/test/auto/LevelCrossTest3.xml (RunModel)" time="0.013" />
  <testcase classname="ptolemy.util.test.junit.AutoTests" name="[199] /home/travis/build/icyphy/ptII/ptolemy/actor/lib/test/auto/LevelCrossTest4.xml (RunModel)" time="0.012" />
  <testcase classname="ptolemy.util.test.junit.AutoTests" name="[200] /home/travis/build/icyphy/ptII/ptolemy/actor/lib/test/auto/LevelCrossTest5.xml (RunModel)" time="0.014" />
  <testcase classname="ptolemy.util.test.junit.AutoTests" name="[201] /home/travis/build/icyphy/ptII/ptolemy/actor/lib/test/auto/LevelCrossTest6.xml (RunModel)" time="0.015" />
  <testcase classname="ptolemy.util.test.junit.AutoTests" name="[202] /home/travis/build/icyphy/ptII/ptolemy/actor/lib/test/auto/LevelCrossTest7.xml (RunModel)" time="0.062" />
  <testcase classname="ptolemy.util.test.junit.AutoTests" name="[203] /home/travis/build/icyphy/ptII/ptolemy/actor/lib/test/auto/LevelCrossTest8.xml (RunModel)" time="0.018" />
  <testcase classname="ptolemy.util.test.junit.AutoTests" name="[204] /home/travis/build/icyphy/ptII/ptolemy/actor/lib/test/auto/LevelCrossTest9.xml (RunModel)" time="0.015" />
  <testcase classname="ptolemy.util.test.junit.AutoTests" name="[205] /home/travis/build/icyphy/ptII/ptolemy/actor/lib/test/auto/LevinsonDurbin.xml (RunModel)" time="0.011" />
  <testcase classname="ptolemy.util.test.junit.AutoTests" name="[206] /home/travis/build/icyphy/ptII/ptolemy/actor/lib/test/auto/LevinsonDurbin2.xml (RunModel)" time="0.01" />
  <testcase classname="ptolemy.util.test.junit.AutoTests" name="[207] /home/travis/build/icyphy/ptII/ptolemy/actor/lib/test/auto/LevinsonDurbin3.xml (RunModel)" time="0.014" />
  <testcase classname="ptolemy.util.test.junit.AutoTests" name="[208] /home/travis/build/icyphy/ptII/ptolemy/actor/lib/test/auto/Limiter.xml (RunModel)" time="0.04" />
  <testcase classname="ptolemy.util.test.junit.AutoTests" name="[209] /home/travis/build/icyphy/ptII/ptolemy/actor/lib/test/auto/LinearDifferenceEquationSystem.xml (RunModel)" time="0.022" />
  <testcase classname="ptolemy.util.test.junit.AutoTests" name="[210] /home/travis/build/icyphy/ptII/ptolemy/actor/lib/test/auto/LookupTable.xml (RunModel)" time="0.011" />
  <testcase classname="ptolemy.util.test.junit.AutoTests" name="[211] /home/travis/build/icyphy/ptII/ptolemy/actor/lib/test/auto/MathFunction.xml (RunModel)" time="0.021" />
  <testcase classname="ptolemy.util.test.junit.AutoTests" name="[212] /home/travis/build/icyphy/ptII/ptolemy/actor/lib/test/auto/MathFunction2.xml (RunModel)" time="0.011" />
  <testcase classname="ptolemy.util.test.junit.AutoTests" name="[213] /home/travis/build/icyphy/ptII/ptolemy/actor/lib/test/auto/MathFunction3.xml (RunModel)" time="0.028" />
  <testcase classname="ptolemy.util.test.junit.AutoTests" name="[214] /home/travis/build/icyphy/ptII/ptolemy/actor/lib/test/auto/MatrixCropBoolean.xml (RunModel)" time="0.023" />
  <testcase classname="ptolemy.util.test.junit.AutoTests" name="[215] /home/travis/build/icyphy/ptII/ptolemy/actor/lib/test/auto/MatrixCropComplex.xml (RunModel)" time="0.011" />
  <testcase classname="ptolemy.util.test.junit.AutoTests" name="[216] /home/travis/build/icyphy/ptII/ptolemy/actor/lib/test/auto/MatrixCropDouble.xml (RunModel)" time="0.009" />
  <testcase classname="ptolemy.util.test.junit.AutoTests" name="[217] /home/travis/build/icyphy/ptII/ptolemy/actor/lib/test/auto/MatrixCropFix.xml (RunModel)" time="0.016" />
  <testcase classname="ptolemy.util.test.junit.AutoTests" name="[218] /home/travis/build/icyphy/ptII/ptolemy/actor/lib/test/auto/MatrixCropInt.xml (RunModel)" time="0.01" />
  <testcase classname="ptolemy.util.test.junit.AutoTests" name="[219] /home/travis/build/icyphy/ptII/ptolemy/actor/lib/test/auto/MatrixCropLong.xml (RunModel)" time="0.01" />
  <testcase classname="ptolemy.util.test.junit.AutoTests" name="[220] /home/travis/build/icyphy/ptII/ptolemy/actor/lib/test/auto/MatrixToArray.xml (RunModel)" time="0.058" />
  <testcase classname="ptolemy.util.test.junit.AutoTests" name="[221] /home/travis/build/icyphy/ptII/ptolemy/actor/lib/test/auto/MaxIndex.xml (RunModel)" time="0.013" />
  <testcase classname="ptolemy.util.test.junit.AutoTests" name="[222] /home/travis/build/icyphy/ptII/ptolemy/actor/lib/test/auto/Maximum.xml (RunModel)" time="0.017" />
  <testcase classname="ptolemy.util.test.junit.AutoTests" name="[223] /home/travis/build/icyphy/ptII/ptolemy/actor/lib/test/auto/MaximumComplex.xml (RunModel)" time="0.017" />
  <testcase classname="ptolemy.util.test.junit.AutoTests" name="[224] /home/travis/build/icyphy/ptII/ptolemy/actor/lib/test/auto/MethodCallTest.xml (RunModel)" time="0.022" />
  <testcase classname="ptolemy.util.test.junit.AutoTests" name="[225] /home/travis/build/icyphy/ptII/ptolemy/actor/lib/test/auto/Minimum.xml (RunModel)" time="0.012" />
  <testcase classname="ptolemy.util.test.junit.AutoTests" name="[226] /home/travis/build/icyphy/ptII/ptolemy/actor/lib/test/auto/MinimumComplex.xml (RunModel)" time="0.024" />
  <testcase classname="ptolemy.util.test.junit.AutoTests" name="[227] /home/travis/build/icyphy/ptII/ptolemy/actor/lib/test/auto/MinimumMultiports.xml (RunModel)" time="0.023" />
  <testcase classname="ptolemy.util.test.junit.AutoTests" name="[228] /home/travis/build/icyphy/ptII/ptolemy/actor/lib/test/auto/ModifyDate.xml (RunModel)" time="0.043" />
  <testcase classname="ptolemy.util.test.junit.AutoTests" name="[229] /home/travis/build/icyphy/ptII/ptolemy/actor/lib/test/auto/ModifyDate2.xml (RunModel)" time="0.027" />
  <testcase classname="ptolemy.util.test.junit.AutoTests" name="[230] /home/travis/build/icyphy/ptII/ptolemy/actor/lib/test/auto/MovingAverage.xml (RunModel)" time="0.011" />
  <testcase classname="ptolemy.util.test.junit.AutoTests" name="[231] /home/travis/build/icyphy/ptII/ptolemy/actor/lib/test/auto/MovingMaximum.xml (RunModel)" time="0.011" />
  <testcase classname="ptolemy.util.test.junit.AutoTests" name="[232] /home/travis/build/icyphy/ptII/ptolemy/actor/lib/test/auto/MultipleLinksToSameRelation.xml (RunModel)" time="0.009" />
  <testcase classname="ptolemy.util.test.junit.AutoTests" name="[233] /home/travis/build/icyphy/ptII/ptolemy/actor/lib/test/auto/MultipleLinksToSameRelationDE.xml (RunModel)" time="0.011" />
  <testcase classname="ptolemy.util.test.junit.AutoTests" name="[234] /home/travis/build/icyphy/ptII/ptolemy/actor/lib/test/auto/Multiplexor.xml (RunModel)" time="0.012" />
  <testcase classname="ptolemy.util.test.junit.AutoTests" name="[235] /home/travis/build/icyphy/ptII/ptolemy/actor/lib/test/auto/Multiplexor1.xml (RunModel)" time="0.01" />
  <testcase classname="ptolemy.util.test.junit.AutoTests" name="[236] /home/travis/build/icyphy/ptII/ptolemy/actor/lib/test/auto/Multiplexor2.xml (RunModel)" time="0.016" />
  <testcase classname="ptolemy.util.test.junit.AutoTests" name="[237] /home/travis/build/icyphy/ptII/ptolemy/actor/lib/test/auto/Multiplexor3.xml (RunModel)" time="0.009" />
  <testcase classname="ptolemy.util.test.junit.AutoTests" name="[238] /home/travis/build/icyphy/ptII/ptolemy/actor/lib/test/auto/MultiplexorDE.xml (RunModel)" time="0.019" />
  <testcase classname="ptolemy.util.test.junit.AutoTests" name="[239] /home/travis/build/icyphy/ptII/ptolemy/actor/lib/test/auto/MultiportBroadcastTest.xml (RunModel)" time="0.099" />
  <testcase classname="ptolemy.util.test.junit.AutoTests" name="[240] /home/travis/build/icyphy/ptII/ptolemy/actor/lib/test/auto/MultiportOutHangDuringGetWidth.xml (RunModel)" time="0.034" />
  <testcase classname="ptolemy.util.test.junit.AutoTests" name="[241] /home/travis/build/icyphy/ptII/ptolemy/actor/lib/test/auto/NilToken.xml (RunModel)" time="0.012" />
  <testcase classname="ptolemy.util.test.junit.AutoTests" name="[242] /home/travis/build/icyphy/ptII/ptolemy/actor/lib/test/auto/NilTokenNonStrictTest.xml (RunModel)" time="0.01" />
  <testcase classname="ptolemy.util.test.junit.AutoTests" name="[243] /home/travis/build/icyphy/ptII/ptolemy/actor/lib/test/auto/NilTokenRecord.xml (RunModel)" time="0.021" />
  <testcase classname="ptolemy.util.test.junit.AutoTests" name="[244] /home/travis/build/icyphy/ptII/ptolemy/actor/lib/test/auto/NilTokenTypeTest.xml (RunModel)" time="0.032" />
  <testcase classname="ptolemy.util.test.junit.AutoTests" name="[245] /home/travis/build/icyphy/ptII/ptolemy/actor/lib/test/auto/ObjectToken1.xml (RunModel)" time="0.008" />
  <testcase classname="ptolemy.util.test.junit.AutoTests" name="[246] /home/travis/build/icyphy/ptII/ptolemy/actor/lib/test/auto/OrderedMerge.xml (RunModel)" time="0.017" />
  <testcase classname="ptolemy.util.test.junit.AutoTests" name="[247] /home/travis/build/icyphy/ptII/ptolemy/actor/lib/test/auto/OrderedRecordDisassembler.xml (RunModel)" time="0.019" />
  <testcase classname="ptolemy.util.test.junit.AutoTests" name="[248] /home/travis/build/icyphy/ptII/ptolemy/actor/lib/test/auto/OrderedRecordDisassembler2.xml (RunModel)" time="0.018" />
  <testcase classname="ptolemy.util.test.junit.AutoTests" name="[249] /home/travis/build/icyphy/ptII/ptolemy/actor/lib/test/auto/OrderedRecordUpdater.xml (RunModel)" time="0.01" />
  <testcase classname="ptolemy.util.test.junit.AutoTests" name="[250] /home/travis/build/icyphy/ptII/ptolemy/actor/lib/test/auto/OrderedRecordUpdater2.xml (RunModel)" time="0.01" />
  <testcase classname="ptolemy.util.test.junit.AutoTests" name="[251] /home/travis/build/icyphy/ptII/ptolemy/actor/lib/test/auto/PhaseUnwrap.xml (RunModel)" time="0.012" />
  <testcase classname="ptolemy.util.test.junit.AutoTests" name="[252] /home/travis/build/icyphy/ptII/ptolemy/actor/lib/test/auto/PoissonClock.xml (RunModel)" time="0.01" />
  <testcase classname="ptolemy.util.test.junit.AutoTests" name="[253] /home/travis/build/icyphy/ptII/ptolemy/actor/lib/test/auto/PoissonClock2.xml (RunModel)" time="0.007" />
  <testcase classname="ptolemy.util.test.junit.AutoTests" name="[254] /home/travis/build/icyphy/ptII/ptolemy/actor/lib/test/auto/PoissonClock3.xml (RunModel)" time="0.026" />
  <testcase classname="ptolemy.util.test.junit.AutoTests" name="[255] /home/travis/build/icyphy/ptII/ptolemy/actor/lib/test/auto/PubSubWithInitialTokens.xml (RunModel)" time="0.011" />
  <testcase classname="ptolemy.util.test.junit.AutoTests" name="[256] /home/travis/build/icyphy/ptII/ptolemy/actor/lib/test/auto/PubSubWithInitialTokens2.xml (RunModel)" time="0.013" />
  <testcase classname="ptolemy.util.test.junit.AutoTests" name="[257] /home/travis/build/icyphy/ptII/ptolemy/actor/lib/test/auto/PublisherClassNoParameter.xml (RunModel)" time="0.027" />
  <testcase classname="ptolemy.util.test.junit.AutoTests" name="[258] /home/travis/build/icyphy/ptII/ptolemy/actor/lib/test/auto/PublisherClassParameter.xml (RunModel)" time="0.024" />
  <testcase classname="ptolemy.util.test.junit.AutoTests" name="[259] /home/travis/build/icyphy/ptII/ptolemy/actor/lib/test/auto/PublisherNonStrictTest.xml (RunModel)" time="0.015" />
  <testcase classname="ptolemy.util.test.junit.AutoTests" name="[260] /home/travis/build/icyphy/ptII/ptolemy/actor/lib/test/auto/PublisherPort1.xml (RunModel)" time="0.01" />
  <testcase classname="ptolemy.util.test.junit.AutoTests" name="[261] /home/travis/build/icyphy/ptII/ptolemy/actor/lib/test/auto/PublisherPort2.xml (RunModel)" time="0.015" />
  <testcase classname="ptolemy.util.test.junit.AutoTests" name="[262] /home/travis/build/icyphy/ptII/ptolemy/actor/lib/test/auto/PublisherPort3.xml (RunModel)" time="0.017" />
  <testcase classname="ptolemy.util.test.junit.AutoTests" name="[263] /home/travis/build/icyphy/ptII/ptolemy/actor/lib/test/auto/PublisherPort4.xml (RunModel)" time="0.012" />
  <testcase classname="ptolemy.util.test.junit.AutoTests" name="[264] /home/travis/build/icyphy/ptII/ptolemy/actor/lib/test/auto/PublisherPort5.xml (RunModel)" time="0.024" />
  <testcase classname="ptolemy.util.test.junit.AutoTests" name="[265] /home/travis/build/icyphy/ptII/ptolemy/actor/lib/test/auto/PublisherPort5LookAlike.xml (RunModel)" time="0.014" />
  <testcase classname="ptolemy.util.test.junit.AutoTests" name="[266] /home/travis/build/icyphy/ptII/ptolemy/actor/lib/test/auto/PublisherPort6.xml (RunModel)" time="0.012" />
  <testcase classname="ptolemy.util.test.junit.AutoTests" name="[267] /home/travis/build/icyphy/ptII/ptolemy/actor/lib/test/auto/PublisherPort7.xml (RunModel)" time="0.015" />
  <testcase classname="ptolemy.util.test.junit.AutoTests" name="[268] /home/travis/build/icyphy/ptII/ptolemy/actor/lib/test/auto/PublisherPort8.xml (RunModel)" time="0.02" />
  <testcase classname="ptolemy.util.test.junit.AutoTests" name="[269] /home/travis/build/icyphy/ptII/ptolemy/actor/lib/test/auto/PublisherPortSubscriberChannelVariablesAOC2.xml (RunModel)" time="0.043" />
  <testcase classname="ptolemy.util.test.junit.AutoTests" name="[270] /home/travis/build/icyphy/ptII/ptolemy/actor/lib/test/auto/PublisherPortSubscriberOpaqueWidthInference.xml (RunModel)" time="0.018" />
  <testcase classname="ptolemy.util.test.junit.AutoTests" name="[271] /home/travis/build/icyphy/ptII/ptolemy/actor/lib/test/auto/PublisherPortSubscriberPortAdjacent.xml (RunModel)" time="0.017" />
  <testcase classname="ptolemy.util.test.junit.AutoTests" name="[272] /home/travis/build/icyphy/ptII/ptolemy/actor/lib/test/auto/PublisherPortSubscriberPortExpression.xml (RunModel)" time="0.016" />
  <testcase classname="ptolemy.util.test.junit.AutoTests" name="[273] /home/travis/build/icyphy/ptII/ptolemy/actor/lib/test/auto/PublisherPortSubscriberPortOpaqueD3Reverse.xml (RunModel)" time="0.044" />
  <testcase classname="ptolemy.util.test.junit.AutoTests" name="[274] /home/travis/build/icyphy/ptII/ptolemy/actor/lib/test/auto/PublisherPortSubscriberPortOpaqueWidthInference.xml (RunModel)" time="0.018" />
  <testcase classname="ptolemy.util.test.junit.AutoTests" name="[275] /home/travis/build/icyphy/ptII/ptolemy/actor/lib/test/auto/PublisherPortToplevelSubscriberPortAOC.xml (RunModel)" time="0.013" />
  <testcase classname="ptolemy.util.test.junit.AutoTests" name="[276] /home/travis/build/icyphy/ptII/ptolemy/actor/lib/test/auto/PublisherSubscriber.xml (RunModel)" time="0.014" />
  <testcase classname="ptolemy.util.test.junit.AutoTests" name="[277] /home/travis/build/icyphy/ptII/ptolemy/actor/lib/test/auto/PublisherSubscriber10.xml (RunModel)" time="0.022" />
  <testcase classname="ptolemy.util.test.junit.AutoTests" name="[278] /home/travis/build/icyphy/ptII/ptolemy/actor/lib/test/auto/PublisherSubscriber10InitialOutputs.xml (RunModel)" time="0.027" />
  <testcase classname="ptolemy.util.test.junit.AutoTests" name="[279] /home/travis/build/icyphy/ptII/ptolemy/actor/lib/test/auto/PublisherSubscriber11.xml (RunModel)" time="0.019" />
  <testcase classname="ptolemy.util.test.junit.AutoTests" name="[280] /home/travis/build/icyphy/ptII/ptolemy/actor/lib/test/auto/PublisherSubscriber12.xml (RunModel)" time="0.014" />
  <testcase classname="ptolemy.util.test.junit.AutoTests" name="[281] /home/travis/build/icyphy/ptII/ptolemy/actor/lib/test/auto/PublisherSubscriber13.xml (RunModel)" time="0.01" />
  <testcase classname="ptolemy.util.test.junit.AutoTests" name="[282] /home/travis/build/icyphy/ptII/ptolemy/actor/lib/test/auto/PublisherSubscriber14.xml (RunModel)" time="0.026" />
  <testcase classname="ptolemy.util.test.junit.AutoTests" name="[283] /home/travis/build/icyphy/ptII/ptolemy/actor/lib/test/auto/PublisherSubscriber2.xml (RunModel)" time="0.012" />
  <testcase classname="ptolemy.util.test.junit.AutoTests" name="[284] /home/travis/build/icyphy/ptII/ptolemy/actor/lib/test/auto/PublisherSubscriber3.xml (RunModel)" time="0.01" />
  <testcase classname="ptolemy.util.test.junit.AutoTests" name="[285] /home/travis/build/icyphy/ptII/ptolemy/actor/lib/test/auto/PublisherSubscriber4.xml (RunModel)" time="0.008" />
  <testcase classname="ptolemy.util.test.junit.AutoTests" name="[286] /home/travis/build/icyphy/ptII/ptolemy/actor/lib/test/auto/PublisherSubscriber5.xml (RunModel)" time="0.013" />
  <testcase classname="ptolemy.util.test.junit.AutoTests" name="[287] /home/travis/build/icyphy/ptII/ptolemy/actor/lib/test/auto/PublisherSubscriber6.xml (RunModel)" time="0.016" />
  <testcase classname="ptolemy.util.test.junit.AutoTests" name="[288] /home/travis/build/icyphy/ptII/ptolemy/actor/lib/test/auto/PublisherSubscriber7.xml (RunModel)" time="0.019" />
  <testcase classname="ptolemy.util.test.junit.AutoTests" name="[289] /home/travis/build/icyphy/ptII/ptolemy/actor/lib/test/auto/PublisherSubscriber8.xml (RunModel)" time="0.035" />
  <testcase classname="ptolemy.util.test.junit.AutoTests" name="[290] /home/travis/build/icyphy/ptII/ptolemy/actor/lib/test/auto/PublisherSubscriber9.xml (RunModel)" time="0.018" />
  <testcase classname="ptolemy.util.test.junit.AutoTests" name="[291] /home/travis/build/icyphy/ptII/ptolemy/actor/lib/test/auto/PublisherSubscriberAdjacent.xml (RunModel)" time="0.017" />
  <testcase classname="ptolemy.util.test.junit.AutoTests" name="[292] /home/travis/build/icyphy/ptII/ptolemy/actor/lib/test/auto/PublisherSubscriberChannelVariablesAOC2.xml (RunModel)" time="0.026" />
  <testcase classname="ptolemy.util.test.junit.AutoTests" name="[293] /home/travis/build/icyphy/ptII/ptolemy/actor/lib/test/auto/PublisherSubscriberD3.xml (RunModel)" time="0.013" />
  <testcase classname="ptolemy.util.test.junit.AutoTests" name="[294] /home/travis/build/icyphy/ptII/ptolemy/actor/lib/test/auto/PublisherSubscriberD3Reverse.xml (RunModel)" time="0.016" />
  <testcase classname="ptolemy.util.test.junit.AutoTests" name="[295] /home/travis/build/icyphy/ptII/ptolemy/actor/lib/test/auto/PublisherSubscriberExpression.xml (RunModel)" time="0.017" />
  <testcase classname="ptolemy.util.test.junit.AutoTests" name="[296] /home/travis/build/icyphy/ptII/ptolemy/actor/lib/test/auto/PublisherSubscriberOpaque.xml (RunModel)" time="0.014" />
  <testcase classname="ptolemy.util.test.junit.AutoTests" name="[297] /home/travis/build/icyphy/ptII/ptolemy/actor/lib/test/auto/PublisherSubscriberOpaqueD3.xml (RunModel)" time="0.024" />
  <testcase classname="ptolemy.util.test.junit.AutoTests" name="[298] /home/travis/build/icyphy/ptII/ptolemy/actor/lib/test/auto/PublisherSubscriberOpaqueD3Reverse.xml (RunModel)" time="0.021" />
  <testcase classname="ptolemy.util.test.junit.AutoTests" name="[299] /home/travis/build/icyphy/ptII/ptolemy/actor/lib/test/auto/PublisherSubscriberOpaqueWidthInference.xml (RunModel)" time="0.015" />
  <testcase classname="ptolemy.util.test.junit.AutoTests" name="[300] /home/travis/build/icyphy/ptII/ptolemy/actor/lib/test/auto/PublisherTestSubscriber.xml (RunModel)" time="0.014" />
  <testcase classname="ptolemy.util.test.junit.AutoTests" name="[301] /home/travis/build/icyphy/ptII/ptolemy/actor/lib/test/auto/PublisherToplevelSubscriberPortAOC.xml (RunModel)" time="0.009" />
  <testcase classname="ptolemy.util.test.junit.AutoTests" name="[302] /home/travis/build/icyphy/ptII/ptolemy/actor/lib/test/auto/PulseFiringLimitDE.xml (RunModel)" time="0.015" />
  <testcase classname="ptolemy.util.test.junit.AutoTests" name="[303] /home/travis/build/icyphy/ptII/ptolemy/actor/lib/test/auto/Ramp1.xml (RunModel)" time="0.006" />
  <testcase classname="ptolemy.util.test.junit.AutoTests" name="[304] /home/travis/build/icyphy/ptII/ptolemy/actor/lib/test/auto/RampFiringLimitDE.xml (RunModel)" time="0.01" />
  <testcase classname="ptolemy.util.test.junit.AutoTests" name="[305] /home/travis/build/icyphy/ptII/ptolemy/actor/lib/test/auto/RampFiringLimitSDF.xml (RunModel)" time="0.009" />
  <testcase classname="ptolemy.util.test.junit.AutoTests" name="[306] /home/travis/build/icyphy/ptII/ptolemy/actor/lib/test/auto/RandomInteger.xml (RunModel)" time="0.008" />
  <testcase classname="ptolemy.util.test.junit.AutoTests" name="[307] /home/travis/build/icyphy/ptII/ptolemy/actor/lib/test/auto/ReadFile1.xml (RunModel)" time="0.008" />
  <testcase classname="ptolemy.util.test.junit.AutoTests" name="[308] /home/travis/build/icyphy/ptII/ptolemy/actor/lib/test/auto/ReadFile2.xml (RunModel)" time="0.01" />
  <testcase classname="ptolemy.util.test.junit.AutoTests" name="[309] /home/travis/build/icyphy/ptII/ptolemy/actor/lib/test/auto/Reader.xml (RunModel)" time="0.008" />
  <testcase classname="ptolemy.util.test.junit.AutoTests" name="[310] /home/travis/build/icyphy/ptII/ptolemy/actor/lib/test/auto/RecordAssemblerDisplayNameTest.xml (RunModel)" time="3.871" />
  <testcase classname="ptolemy.util.test.junit.AutoTests" name="[311] /home/travis/build/icyphy/ptII/ptolemy/actor/lib/test/auto/RecordAssemblerTypeError.xml (RunModel)" time="0.034" />
  <testcase classname="ptolemy.util.test.junit.AutoTests" name="[312] /home/travis/build/icyphy/ptII/ptolemy/actor/lib/test/auto/RecordDisassember.xml (RunModel)" time="0.013" />
  <testcase classname="ptolemy.util.test.junit.AutoTests" name="[313] /home/travis/build/icyphy/ptII/ptolemy/actor/lib/test/auto/RecordDisassemberDisplayNameTest.xml (RunModel)" time="0.019" />
  <testcase classname="ptolemy.util.test.junit.AutoTests" name="[314] /home/travis/build/icyphy/ptII/ptolemy/actor/lib/test/auto/RecordDisassembler.xml (RunModel)" time="0.009" />
  <testcase classname="ptolemy.util.test.junit.AutoTests" name="[315] /home/travis/build/icyphy/ptII/ptolemy/actor/lib/test/auto/RecordDisassembler2.xml (RunModel)" time="0.01" />
  <testcase classname="ptolemy.util.test.junit.AutoTests" name="[316] /home/travis/build/icyphy/ptII/ptolemy/actor/lib/test/auto/RecordUpdater.xml (RunModel)" time="0.008" />
  <testcase classname="ptolemy.util.test.junit.AutoTests" name="[317] /home/travis/build/icyphy/ptII/ptolemy/actor/lib/test/auto/RecordUpdater2.xml (RunModel)" time="0.008" />
  <testcase classname="ptolemy.util.test.junit.AutoTests" name="[318] /home/travis/build/icyphy/ptII/ptolemy/actor/lib/test/auto/RecursiveLattice.xml (RunModel)" time="0.009" />
  <testcase classname="ptolemy.util.test.junit.AutoTests" name="[319] /home/travis/build/icyphy/ptII/ptolemy/actor/lib/test/auto/Router.xml (RunModel)" time="3.025" />
  <testcase classname="ptolemy.util.test.junit.AutoTests" name="[320] /home/travis/build/icyphy/ptII/ptolemy/actor/lib/test/auto/Router2.xml (RunModel)" time="3.021" />
  <testcase classname="ptolemy.util.test.junit.AutoTests" name="[321] /home/travis/build/icyphy/ptII/ptolemy/actor/lib/test/auto/RunningMaximum.xml (RunModel)" time="0.02" />
  <testcase classname="ptolemy.util.test.junit.AutoTests" name="[322] /home/travis/build/icyphy/ptII/ptolemy/actor/lib/test/auto/RunningMinimum.xml (RunModel)" time="0.017" />
  <testcase classname="ptolemy.util.test.junit.AutoTests" name="[323] /home/travis/build/icyphy/ptII/ptolemy/actor/lib/test/auto/Scale.xml (RunModel)" time="0.012" />
  <testcase classname="ptolemy.util.test.junit.AutoTests" name="[324] /home/travis/build/icyphy/ptII/ptolemy/actor/lib/test/auto/Scale2.xml (RunModel)" time="0.009" />
  <testcase classname="ptolemy.util.test.junit.AutoTests" name="[325] /home/travis/build/icyphy/ptII/ptolemy/actor/lib/test/auto/Scale3.xml (RunModel)" time="0.017" />
  <testcase classname="ptolemy.util.test.junit.AutoTests" name="[326] /home/travis/build/icyphy/ptII/ptolemy/actor/lib/test/auto/ScaleArray.xml (RunModel)" time="0.007" />
  <testcase classname="ptolemy.util.test.junit.AutoTests" name="[327] /home/travis/build/icyphy/ptII/ptolemy/actor/lib/test/auto/ScaleArray2.xml (RunModel)" time="0.008" />
  <testcase classname="ptolemy.util.test.junit.AutoTests" name="[328] /home/travis/build/icyphy/ptII/ptolemy/actor/lib/test/auto/ScaleMatrix.xml (RunModel)" time="0.13" />
  <testcase classname="ptolemy.util.test.junit.AutoTests" name="[329] /home/travis/build/icyphy/ptII/ptolemy/actor/lib/test/auto/Select.xml (RunModel)" time="0.025" />
  <testcase classname="ptolemy.util.test.junit.AutoTests" name="[330] /home/travis/build/icyphy/ptII/ptolemy/actor/lib/test/auto/Select2.xml (RunModel)" time="0.007" />
  <testcase classname="ptolemy.util.test.junit.AutoTests" name="[331] /home/travis/build/icyphy/ptII/ptolemy/actor/lib/test/auto/SequenceToArray2.xml (RunModel)" time="0.115" />
  <testcase classname="ptolemy.util.test.junit.AutoTests" name="[332] /home/travis/build/icyphy/ptII/ptolemy/actor/lib/test/auto/SequentialClock.xml (RunModel)" time="0.007" />
  <testcase classname="ptolemy.util.test.junit.AutoTests" name="[333] /home/travis/build/icyphy/ptII/ptolemy/actor/lib/test/auto/SetVariable.xml (RunModel)" time="0.009" />
  <testcase classname="ptolemy.util.test.junit.AutoTests" name="[334] /home/travis/build/icyphy/ptII/ptolemy/actor/lib/test/auto/SetVariable2.xml (RunModel)" time="0.009" />
  <testcase classname="ptolemy.util.test.junit.AutoTests" name="[335] /home/travis/build/icyphy/ptII/ptolemy/actor/lib/test/auto/SetVariable3.xml (RunModel)" time="0.014" />
  <testcase classname="ptolemy.util.test.junit.AutoTests" name="[336] /home/travis/build/icyphy/ptII/ptolemy/actor/lib/test/auto/SetVariable4.xml (RunModel)" time="0.026" />
  <testcase classname="ptolemy.util.test.junit.AutoTests" name="[337] /home/travis/build/icyphy/ptII/ptolemy/actor/lib/test/auto/SetVariable5.xml (RunModel)" time="0.035" />
  <testcase classname="ptolemy.util.test.junit.AutoTests" name="[338] /home/travis/build/icyphy/ptII/ptolemy/actor/lib/test/auto/Sinewave.xml (RunModel)" time="0.022" />
  <testcase classname="ptolemy.util.test.junit.AutoTests" name="[339] /home/travis/build/icyphy/ptII/ptolemy/actor/lib/test/auto/Sinewave2.xml (RunModel)" time="0.015" />
  <testcase classname="ptolemy.util.test.junit.AutoTests" name="[340] /home/travis/build/icyphy/ptII/ptolemy/actor/lib/test/auto/Sinewave3.xml (RunModel)" time="0.022" />
  <testcase classname="ptolemy.util.test.junit.AutoTests" name="[341] /home/travis/build/icyphy/ptII/ptolemy/actor/lib/test/auto/SingleEvent.xml (RunModel)" time="0.007" />
  <testcase classname="ptolemy.util.test.junit.AutoTests" name="[342] /home/travis/build/icyphy/ptII/ptolemy/actor/lib/test/auto/Sleep.xml (RunModel)" time="6.021" />
  <testcase classname="ptolemy.util.test.junit.AutoTests" name="[343] /home/travis/build/icyphy/ptII/ptolemy/actor/lib/test/auto/SleepMultipleFire.xml (RunModel)" time="1.036" />
  <testcase classname="ptolemy.util.test.junit.AutoTests" name="[344] /home/travis/build/icyphy/ptII/ptolemy/actor/lib/test/auto/StopDE.xml (RunModel)" time="0.012" />
  <testcase classname="ptolemy.util.test.junit.AutoTests" name="[345] /home/travis/build/icyphy/ptII/ptolemy/actor/lib/test/auto/StopSDF.xml (RunModel)" time="0.011" />
  <testcase classname="ptolemy.util.test.junit.AutoTests" name="[346] /home/travis/build/icyphy/ptII/ptolemy/actor/lib/test/auto/StringConstant.xml (RunModel)" time="0.016" />
  <testcase classname="ptolemy.util.test.junit.AutoTests" name="[347] /home/travis/build/icyphy/ptII/ptolemy/actor/lib/test/auto/SubscriberPortInitialValues1.xml (RunModel)" time="0.022" />
  <testcase classname="ptolemy.util.test.junit.AutoTests" name="[348] /home/travis/build/icyphy/ptII/ptolemy/actor/lib/test/auto/SubscriberPortInitialValues13.xml (RunModel)" time="0.031" />
  <testcase classname="ptolemy.util.test.junit.AutoTests" name="[349] /home/travis/build/icyphy/ptII/ptolemy/actor/lib/test/auto/SubscriberPortInitialValues14.xml (RunModel)" time="0.016" />
  <testcase classname="ptolemy.util.test.junit.AutoTests" name="[350] /home/travis/build/icyphy/ptII/ptolemy/actor/lib/test/auto/SubscriberPortInitialValues2.xml (RunModel)" time="0.017" />
  <testcase classname="ptolemy.util.test.junit.AutoTests" name="[351] /home/travis/build/icyphy/ptII/ptolemy/actor/lib/test/auto/SubscriberPortInitialValues3.xml (RunModel)" time="0.02" />
  <testcase classname="ptolemy.util.test.junit.AutoTests" name="[352] /home/travis/build/icyphy/ptII/ptolemy/actor/lib/test/auto/SubscriptionAggregator.xml (RunModel)" time="0.01" />
  <testcase classname="ptolemy.util.test.junit.AutoTests" name="[353] /home/travis/build/icyphy/ptII/ptolemy/actor/lib/test/auto/SubscriptionAggregator2.xml (RunModel)" time="0.011" />
  <testcase classname="ptolemy.util.test.junit.AutoTests" name="[354] /home/travis/build/icyphy/ptII/ptolemy/actor/lib/test/auto/SubscriptionAggregator3.xml (RunModel)" time="0.016" />
  <testcase classname="ptolemy.util.test.junit.AutoTests" name="[355] /home/travis/build/icyphy/ptII/ptolemy/actor/lib/test/auto/SubscriptionAggregatorMultiply.xml (RunModel)" time="0.015" />
  <testcase classname="ptolemy.util.test.junit.AutoTests" name="[356] /home/travis/build/icyphy/ptII/ptolemy/actor/lib/test/auto/SubscriptionAggregatorPortMultiply1.xml (RunModel)" time="0.012" />
  <testcase classname="ptolemy.util.test.junit.AutoTests" name="[357] /home/travis/build/icyphy/ptII/ptolemy/actor/lib/test/auto/Switch.xml (RunModel)" time="0.018" />
  <testcase classname="ptolemy.util.test.junit.AutoTests" name="[358] /home/travis/build/icyphy/ptII/ptolemy/actor/lib/test/auto/Switch2.xml (RunModel)" time="0.012" />
  <testcase classname="ptolemy.util.test.junit.AutoTests" name="[359] /home/travis/build/icyphy/ptII/ptolemy/actor/lib/test/auto/SwitchDE.xml (RunModel)" time="0.014" />
  <testcase classname="ptolemy.util.test.junit.AutoTests" name="[360] /home/travis/build/icyphy/ptII/ptolemy/actor/lib/test/auto/SynchronizerDE.xml (RunModel)" time="0.02" />
  <testcase classname="ptolemy.util.test.junit.AutoTests" name="[361] /home/travis/build/icyphy/ptII/ptolemy/actor/lib/test/auto/Test.xml (RunModel)" time="0.016" />
  <testcase classname="ptolemy.util.test.junit.AutoTests" name="[362] /home/travis/build/icyphy/ptII/ptolemy/actor/lib/test/auto/TestExceptionAttribute1.xml (RunModel)" time="0.009" />
  <testcase classname="ptolemy.util.test.junit.AutoTests" name="[363] /home/travis/build/icyphy/ptII/ptolemy/actor/lib/test/auto/TestExceptionAttribute2.xml (RunModel)" time="0.011" />
  <testcase classname="ptolemy.util.test.junit.AutoTests" name="[364] /home/travis/build/icyphy/ptII/ptolemy/actor/lib/test/auto/TestExceptionAttribute3.xml (RunModel)" time="0.006" />
  <testcase classname="ptolemy.util.test.junit.AutoTests" name="[365] /home/travis/build/icyphy/ptII/ptolemy/actor/lib/test/auto/TestExceptionAttribute4.xml (RunModel)" time="0.007" />
  <testcase classname="ptolemy.util.test.junit.AutoTests" name="[366] /home/travis/build/icyphy/ptII/ptolemy/actor/lib/test/auto/TestExceptionHandler1.xml (RunModel)" time="0.008" />
  <testcase classname="ptolemy.util.test.junit.AutoTests" name="[367] /home/travis/build/icyphy/ptII/ptolemy/actor/lib/test/auto/TestExceptionHandler2.xml (RunModel)" time="0.037" />
  <testcase classname="ptolemy.util.test.junit.AutoTests" name="[368] /home/travis/build/icyphy/ptII/ptolemy/actor/lib/test/auto/TestExceptionHandler3.xml (RunModel)" time="0.015" />
  <testcase classname="ptolemy.util.test.junit.AutoTests" name="[369] /home/travis/build/icyphy/ptII/ptolemy/actor/lib/test/auto/TestExceptionHandler4.xml (RunModel)" time="0.008" />
  <testcase classname="ptolemy.util.test.junit.AutoTests" name="[370] /home/travis/build/icyphy/ptII/ptolemy/actor/lib/test/auto/TestRequireCorrectOrder.xml (RunModel)" time="0.013" />
  <testcase classname="ptolemy.util.test.junit.AutoTests" name="[371] /home/travis/build/icyphy/ptII/ptolemy/actor/lib/test/auto/TestSimple.xml (RunModel)" time="0.007" />
  <testcase classname="ptolemy.util.test.junit.AutoTests" name="[372] /home/travis/build/icyphy/ptII/ptolemy/actor/lib/test/auto/ThrowModelError.xml (RunModel)" time="0.011" />
  <testcase classname="ptolemy.util.test.junit.AutoTests" name="[373] /home/travis/build/icyphy/ptII/ptolemy/actor/lib/test/auto/TimeDelayMicrosteps.xml (RunModel)" time="0.013" />
  <testcase classname="ptolemy.util.test.junit.AutoTests" name="[374] /home/travis/build/icyphy/ptII/ptolemy/actor/lib/test/auto/TimeDelayMicrosteps2.xml (RunModel)" time="0.015" />
  <testcase classname="ptolemy.util.test.junit.AutoTests" name="[375] /home/travis/build/icyphy/ptII/ptolemy/actor/lib/test/auto/TimeDelayMicrosteps3.xml (RunModel)" time="0.011" />
  <testcase classname="ptolemy.util.test.junit.AutoTests" name="[376] /home/travis/build/icyphy/ptII/ptolemy/actor/lib/test/auto/TimeDelayVariableMicrosteps.xml (RunModel)" time="0.012" />
  <testcase classname="ptolemy.util.test.junit.AutoTests" name="[377] /home/travis/build/icyphy/ptII/ptolemy/actor/lib/test/auto/TimeGap.xml (RunModel)" time="0.015" />
  <testcase classname="ptolemy.util.test.junit.AutoTests" name="[378] /home/travis/build/icyphy/ptII/ptolemy/actor/lib/test/auto/TimeGap2.xml (RunModel)" time="0.015" />
  <testcase classname="ptolemy.util.test.junit.AutoTests" name="[379] /home/travis/build/icyphy/ptII/ptolemy/actor/lib/test/auto/TimedSinewave.xml (RunModel)" time="0.049" />
  <testcase classname="ptolemy.util.test.junit.AutoTests" name="[380] /home/travis/build/icyphy/ptII/ptolemy/actor/lib/test/auto/TimedSinewavePhase.xml (RunModel)" time="0.04" />
  <testcase classname="ptolemy.util.test.junit.AutoTests" name="[381] /home/travis/build/icyphy/ptII/ptolemy/actor/lib/test/auto/Timer.xml (RunModel)" time="0.013" />
  <testcase classname="ptolemy.util.test.junit.AutoTests" name="[382] /home/travis/build/icyphy/ptII/ptolemy/actor/lib/test/auto/TriangularDistTestModel.xml (RunModel)" time="0.02" />
  <testcase classname="ptolemy.util.test.junit.AutoTests" name="[383] /home/travis/build/icyphy/ptII/ptolemy/actor/lib/test/auto/TrigFunction.xml (RunModel)" time="0.009" />
  <testcase classname="ptolemy.util.test.junit.AutoTests" name="[384] /home/travis/build/icyphy/ptII/ptolemy/actor/lib/test/auto/TrigFunctionDE.xml (RunModel)" time="0.012" />
  <testcase classname="ptolemy.util.test.junit.AutoTests" name="[385] /home/travis/build/icyphy/ptII/ptolemy/actor/lib/test/auto/TrigFunctionInverse.xml (RunModel)" time="0.009" />
  <testcase classname="ptolemy.util.test.junit.AutoTests" name="[386] /home/travis/build/icyphy/ptII/ptolemy/actor/lib/test/auto/TrigFunctionTan.xml (RunModel)" time="0.006" />
  <testcase classname="ptolemy.util.test.junit.AutoTests" name="[387] /home/travis/build/icyphy/ptII/ptolemy/actor/lib/test/auto/TriggeredClock.xml (RunModel)" time="0.008" />
  <testcase classname="ptolemy.util.test.junit.AutoTests" name="[388] /home/travis/build/icyphy/ptII/ptolemy/actor/lib/test/auto/URLDirectoryReader.xml (RunModel)" time="0.115" />
  <testcase classname="ptolemy.util.test.junit.AutoTests" name="[389] /home/travis/build/icyphy/ptII/ptolemy/actor/lib/test/auto/URLDirectoryReader3.xml (RunModel)" time="1.396" />
  <testcase classname="ptolemy.util.test.junit.AutoTests" name="[390] /home/travis/build/icyphy/ptII/ptolemy/actor/lib/test/auto/UnaryMathFunction.xml (RunModel)" time="0.027" />
  <testcase classname="ptolemy.util.test.junit.AutoTests" name="[391] /home/travis/build/icyphy/ptII/ptolemy/actor/lib/test/auto/Uniform.xml (RunModel)" time="0.013" />
  <testcase classname="ptolemy.util.test.junit.AutoTests" name="[392] /home/travis/build/icyphy/ptII/ptolemy/actor/lib/test/auto/UnionDisassemblerTest.xml (RunModel)" time="0.015" />
  <testcase classname="ptolemy.util.test.junit.AutoTests" name="[393] /home/travis/build/icyphy/ptII/ptolemy/actor/lib/test/auto/UtilityFunctions.xml (RunModel)" time="0.009" />
  <testcase classname="ptolemy.util.test.junit.AutoTests" name="[394] /home/travis/build/icyphy/ptII/ptolemy/actor/lib/test/auto/VariableSleep.xml (RunModel)" time="0.511" />
  <testcase classname="ptolemy.util.test.junit.AutoTests" name="[395] /home/travis/build/icyphy/ptII/ptolemy/actor/lib/test/auto/VectorAssemblerDisassemblerCT.xml (RunModel)" time="0.106" />
  <testcase classname="ptolemy.util.test.junit.AutoTests" name="[396] /home/travis/build/icyphy/ptII/ptolemy/actor/lib/test/auto/VectorAssemblerDisassemblerDE.xml (RunModel)" time="0.014" />
  <testcase classname="ptolemy.util.test.junit.AutoTests" name="[397] /home/travis/build/icyphy/ptII/ptolemy/actor/lib/test/auto/VectorAssemblerDisassemblerSDF.xml (RunModel)" time="0.013" />
  <testcase classname="ptolemy.util.test.junit.AutoTests" name="[398] /home/travis/build/icyphy/ptII/ptolemy/actor/lib/test/auto/WallClockTime.xml (RunModel)" time="1.013" />
  <testcase classname="ptolemy.util.test.junit.AutoTests" name="[399] /home/travis/build/icyphy/ptII/ptolemy/actor/lib/test/auto/WidthTestWithSubscriberPublisher.xml (RunModel)" time="0.039" />
  <testcase classname="ptolemy.util.test.junit.AutoTests" name="[400] /home/travis/build/icyphy/ptII/ptolemy/actor/lib/test/auto/WidthTestWithSubscriberPublisher2.xml (RunModel)" time="0.011" />
  <testcase classname="ptolemy.util.test.junit.AutoTests" name="[401] /home/travis/build/icyphy/ptII/ptolemy/actor/lib/test/auto/WidthTestWithSubscriberPublisher3.xml (RunModel)" time="0.012" />
  <testcase classname="ptolemy.util.test.junit.AutoTests" name="[402] /home/travis/build/icyphy/ptII/ptolemy/actor/lib/test/auto/Writer.xml (RunModel)" time="0.006" />
  <testcase classname="ptolemy.util.test.junit.AutoTests" name="[403] /home/travis/build/icyphy/ptII/ptolemy/actor/lib/test/auto/array.xml (RunModel)" time="0.023" />
  <testcase classname="ptolemy.util.test.junit.AutoTests" name="[404] /home/travis/build/icyphy/ptII/ptolemy/actor/lib/test/auto/array2.xml (RunModel)" time="0.012" />
  <testcase classname="ptolemy.util.test.junit.AutoTests" name="[405] /home/travis/build/icyphy/ptII/ptolemy/actor/lib/test/auto/arrayType.xml (RunModel)" time="0.01" />
  <testcase classname="ptolemy.util.test.junit.AutoTests" name="[406] /home/travis/build/icyphy/ptII/ptolemy/actor/lib/test/auto/arrayType10.xml (RunModel)" time="0.008" />
  <testcase classname="ptolemy.util.test.junit.AutoTests" name="[407] /home/travis/build/icyphy/ptII/ptolemy/actor/lib/test/auto/arrayType11.xml (RunModel)" time="0.007" />
  <testcase classname="ptolemy.util.test.junit.AutoTests" name="[408] /home/travis/build/icyphy/ptII/ptolemy/actor/lib/test/auto/arrayType12.xml (RunModel)" time="0.01" />
  <testcase classname="ptolemy.util.test.junit.AutoTests" name="[409] /home/travis/build/icyphy/ptII/ptolemy/actor/lib/test/auto/arrayType13.xml (RunModel)" time="0.008" />
  <testcase classname="ptolemy.util.test.junit.AutoTests" name="[410] /home/travis/build/icyphy/ptII/ptolemy/actor/lib/test/auto/arrayType14.xml (RunModel)" time="0.008" />
  <testcase classname="ptolemy.util.test.junit.AutoTests" name="[411] /home/travis/build/icyphy/ptII/ptolemy/actor/lib/test/auto/arrayType15.xml (RunModel)" time="0.01" />
  <testcase classname="ptolemy.util.test.junit.AutoTests" name="[412] /home/travis/build/icyphy/ptII/ptolemy/actor/lib/test/auto/arrayType16.xml (RunModel)" time="0.007" />
  <testcase classname="ptolemy.util.test.junit.AutoTests" name="[413] /home/travis/build/icyphy/ptII/ptolemy/actor/lib/test/auto/arrayType17.xml (RunModel)" time="0.008" />
  <testcase classname="ptolemy.util.test.junit.AutoTests" name="[414] /home/travis/build/icyphy/ptII/ptolemy/actor/lib/test/auto/arrayType18.xml (RunModel)" time="0.008" />
  <testcase classname="ptolemy.util.test.junit.AutoTests" name="[415] /home/travis/build/icyphy/ptII/ptolemy/actor/lib/test/auto/arrayType19.xml (RunModel)" time="0.007" />
  <testcase classname="ptolemy.util.test.junit.AutoTests" name="[416] /home/travis/build/icyphy/ptII/ptolemy/actor/lib/test/auto/arrayType2.xml (RunModel)" time="0.009" />
  <testcase classname="ptolemy.util.test.junit.AutoTests" name="[417] /home/travis/build/icyphy/ptII/ptolemy/actor/lib/test/auto/arrayType20.xml (RunModel)" time="0.008" />
  <testcase classname="ptolemy.util.test.junit.AutoTests" name="[418] /home/travis/build/icyphy/ptII/ptolemy/actor/lib/test/auto/arrayType21.xml (RunModel)" time="0.014" />
  <testcase classname="ptolemy.util.test.junit.AutoTests" name="[419] /home/travis/build/icyphy/ptII/ptolemy/actor/lib/test/auto/arrayType22.xml (RunModel)" time="0.016" />
  <testcase classname="ptolemy.util.test.junit.AutoTests" name="[420] /home/travis/build/icyphy/ptII/ptolemy/actor/lib/test/auto/arrayType23.xml (RunModel)" time="0.01" />
  <testcase classname="ptolemy.util.test.junit.AutoTests" name="[421] /home/travis/build/icyphy/ptII/ptolemy/actor/lib/test/auto/arrayType24.xml (RunModel)" time="0.02" />
  <testcase classname="ptolemy.util.test.junit.AutoTests" name="[422] /home/travis/build/icyphy/ptII/ptolemy/actor/lib/test/auto/arrayType25.xml (RunModel)" time="0.014" />
  <testcase classname="ptolemy.util.test.junit.AutoTests" name="[423] /home/travis/build/icyphy/ptII/ptolemy/actor/lib/test/auto/arrayType26.xml (RunModel)" time="0.009" />
  <testcase classname="ptolemy.util.test.junit.AutoTests" name="[424] /home/travis/build/icyphy/ptII/ptolemy/actor/lib/test/auto/arrayType27.xml (RunModel)" time="0.008" />
  <testcase classname="ptolemy.util.test.junit.AutoTests" name="[425] /home/travis/build/icyphy/ptII/ptolemy/actor/lib/test/auto/arrayType28.xml (RunModel)" time="0.015" />
  <testcase classname="ptolemy.util.test.junit.AutoTests" name="[426] /home/travis/build/icyphy/ptII/ptolemy/actor/lib/test/auto/arrayType3.xml (RunModel)" time="0.009" />
  <testcase classname="ptolemy.util.test.junit.AutoTests" name="[427] /home/travis/build/icyphy/ptII/ptolemy/actor/lib/test/auto/arrayType4.xml (RunModel)" time="0.008" />
  <testcase classname="ptolemy.util.test.junit.AutoTests" name="[428] /home/travis/build/icyphy/ptII/ptolemy/actor/lib/test/auto/arrayType5.xml (RunModel)" time="0.021" />
  <testcase classname="ptolemy.util.test.junit.AutoTests" name="[429] /home/travis/build/icyphy/ptII/ptolemy/actor/lib/test/auto/arrayType6.xml (RunModel)" time="0.008" />
  <testcase classname="ptolemy.util.test.junit.AutoTests" name="[430] /home/travis/build/icyphy/ptII/ptolemy/actor/lib/test/auto/arrayType7.xml (RunModel)" time="0.008" />
  <testcase classname="ptolemy.util.test.junit.AutoTests" name="[431] /home/travis/build/icyphy/ptII/ptolemy/actor/lib/test/auto/arrayType8.xml (RunModel)" time="0.014" />
  <testcase classname="ptolemy.util.test.junit.AutoTests" name="[432] /home/travis/build/icyphy/ptII/ptolemy/actor/lib/test/auto/arrayType9.xml (RunModel)" time="0.009" />
  <testcase classname="ptolemy.util.test.junit.AutoTests" name="[433] /home/travis/build/icyphy/ptII/ptolemy/actor/lib/test/auto/cast.xml (RunModel)" time="0.008" />
  <testcase classname="ptolemy.util.test.junit.AutoTests" name="[434] /home/travis/build/icyphy/ptII/ptolemy/actor/lib/test/auto/compositeMultiPort.xml (RunModel)" time="0.019" />
  <testcase classname="ptolemy.util.test.junit.AutoTests" name="[435] /home/travis/build/icyphy/ptII/ptolemy/actor/lib/test/auto/expressionCastInference.xml (RunModel)" time="0.009" />
  <testcase classname="ptolemy.util.test.junit.AutoTests" name="[436] /home/travis/build/icyphy/ptII/ptolemy/actor/lib/test/auto/expressionCastInference2.xml (RunModel)" time="0.008" />
  <testcase classname="ptolemy.util.test.junit.AutoTests" name="[437] /home/travis/build/icyphy/ptII/ptolemy/actor/lib/test/auto/expressionInference.xml (RunModel)" time="0.007" />
  <testcase classname="ptolemy.util.test.junit.AutoTests" name="[438] /home/travis/build/icyphy/ptII/ptolemy/actor/lib/test/auto/expression_bug.xml (RunModel)" time="0.007" />
  <testcase classname="ptolemy.util.test.junit.AutoTests" name="[439] /home/travis/build/icyphy/ptII/ptolemy/actor/lib/test/auto/factorial.xml (RunModel)" time="0.055" />
  <testcase classname="ptolemy.util.test.junit.AutoTests" name="[440] /home/travis/build/icyphy/ptII/ptolemy/actor/lib/test/auto/filterTest1.xml (RunModel)" time="0.014" />
  <testcase classname="ptolemy.util.test.junit.AutoTests" name="[441] /home/travis/build/icyphy/ptII/ptolemy/actor/lib/test/auto/funcApplyInConst.xml (RunModel)" time="0.006" />
  <testcase classname="ptolemy.util.test.junit.AutoTests" name="[442] /home/travis/build/icyphy/ptII/ptolemy/actor/lib/test/auto/funcApplyInExpr.xml (RunModel)" time="0.006" />
  <testcase classname="ptolemy.util.test.junit.AutoTests" name="[443] /home/travis/build/icyphy/ptII/ptolemy/actor/lib/test/auto/function.xml (RunModel)" time="0.01" />
  <testcase classname="ptolemy.util.test.junit.AutoTests" name="[444] /home/travis/build/icyphy/ptII/ptolemy/actor/lib/test/auto/function2.xml (RunModel)" time="0.008" />
  <testcase classname="ptolemy.util.test.junit.AutoTests" name="[445] /home/travis/build/icyphy/ptII/ptolemy/actor/lib/test/auto/function3.xml (RunModel)" time="0.007" />
  <testcase classname="ptolemy.util.test.junit.AutoTests" name="[446] /home/travis/build/icyphy/ptII/ptolemy/actor/lib/test/auto/functionClosureTest1.xml (RunModel)" time="0.01" />
  <testcase classname="ptolemy.util.test.junit.AutoTests" name="[447] /home/travis/build/icyphy/ptII/ptolemy/actor/lib/test/auto/functionClosureTest2.xml (RunModel)" time="0.007" />
  <testcase classname="ptolemy.util.test.junit.AutoTests" name="[448] /home/travis/build/icyphy/ptII/ptolemy/actor/lib/test/auto/functionClosureTest3.xml (RunModel)" time="0.009" />
  <testcase classname="ptolemy.util.test.junit.AutoTests" name="[449] /home/travis/build/icyphy/ptII/ptolemy/actor/lib/test/auto/functionClosureTest4.xml (RunModel)" time="0.016" />
  <testcase classname="ptolemy.util.test.junit.AutoTests" name="[450] /home/travis/build/icyphy/ptII/ptolemy/actor/lib/test/auto/functionClosureTest5.xml (RunModel)" time="0.011" />
  <testcase classname="ptolemy.util.test.junit.AutoTests" name="[451] /home/travis/build/icyphy/ptII/ptolemy/actor/lib/test/auto/functionClosureTest6.xml (RunModel)" time="0.008" />
  <testcase classname="ptolemy.util.test.junit.AutoTests" name="[452] /home/travis/build/icyphy/ptII/ptolemy/actor/lib/test/auto/functionsOnArcs.xml (RunModel)" time="0.009" />
  <testcase classname="ptolemy.util.test.junit.AutoTests" name="[453] /home/travis/build/icyphy/ptII/ptolemy/actor/lib/test/auto/functionsOnArcsHOF.xml (RunModel)" time="0.012" />
  <testcase classname="ptolemy.util.test.junit.AutoTests" name="[454] /home/travis/build/icyphy/ptII/ptolemy/actor/lib/test/auto/logic.xml (RunModel)" time="0.018" />
  <testcase classname="ptolemy.util.test.junit.AutoTests" name="[455] /home/travis/build/icyphy/ptII/ptolemy/actor/lib/test/auto/matrixType.xml (RunModel)" time="0.008" />
  <testcase classname="ptolemy.util.test.junit.AutoTests" name="[456] /home/travis/build/icyphy/ptII/ptolemy/actor/lib/test/auto/matrixType10.xml (RunModel)" time="0.009" />
  <testcase classname="ptolemy.util.test.junit.AutoTests" name="[457] /home/travis/build/icyphy/ptII/ptolemy/actor/lib/test/auto/matrixType11.xml (RunModel)" time="0.062" />
  <testcase classname="ptolemy.util.test.junit.AutoTests" name="[458] /home/travis/build/icyphy/ptII/ptolemy/actor/lib/test/auto/matrixType12.xml (RunModel)" time="0.027" />
  <testcase classname="ptolemy.util.test.junit.AutoTests" name="[459] /home/travis/build/icyphy/ptII/ptolemy/actor/lib/test/auto/matrixType13.xml (RunModel)" time="0.008" />
  <testcase classname="ptolemy.util.test.junit.AutoTests" name="[460] /home/travis/build/icyphy/ptII/ptolemy/actor/lib/test/auto/matrixType14.xml (RunModel)" time="0.01" />
  <testcase classname="ptolemy.util.test.junit.AutoTests" name="[461] /home/travis/build/icyphy/ptII/ptolemy/actor/lib/test/auto/matrixType2.xml (RunModel)" time="0.008" />
  <testcase classname="ptolemy.util.test.junit.AutoTests" name="[462] /home/travis/build/icyphy/ptII/ptolemy/actor/lib/test/auto/matrixType3.xml (RunModel)" time="0.011" />
  <testcase classname="ptolemy.util.test.junit.AutoTests" name="[463] /home/travis/build/icyphy/ptII/ptolemy/actor/lib/test/auto/matrixType4.xml (RunModel)" time="0.008" />
  <testcase classname="ptolemy.util.test.junit.AutoTests" name="[464] /home/travis/build/icyphy/ptII/ptolemy/actor/lib/test/auto/matrixType5.xml (RunModel)" time="0.007" />
  <testcase classname="ptolemy.util.test.junit.AutoTests" name="[465] /home/travis/build/icyphy/ptII/ptolemy/actor/lib/test/auto/matrixType6.xml (RunModel)" time="0.008" />
  <testcase classname="ptolemy.util.test.junit.AutoTests" name="[466] /home/travis/build/icyphy/ptII/ptolemy/actor/lib/test/auto/matrixType7.xml (RunModel)" time="0.009" />
  <testcase classname="ptolemy.util.test.junit.AutoTests" name="[467] /home/travis/build/icyphy/ptII/ptolemy/actor/lib/test/auto/matrixType8.xml (RunModel)" time="0.035" />
  <testcase classname="ptolemy.util.test.junit.AutoTests" name="[468] /home/travis/build/icyphy/ptII/ptolemy/actor/lib/test/auto/matrixType9.xml (RunModel)" time="0.056" />
  <testcase classname="ptolemy.util.test.junit.AutoTests" name="[469] /home/travis/build/icyphy/ptII/ptolemy/actor/lib/test/auto/paraFunctest.xml (RunModel)" time="0.02" />
  <testcase classname="ptolemy.util.test.junit.AutoTests" name="[470] /home/travis/build/icyphy/ptII/ptolemy/actor/lib/test/auto/paraFunctest2.xml (RunModel)" time="0.01" />
  <testcase classname="ptolemy.util.test.junit.AutoTests" name="[471] /home/travis/build/icyphy/ptII/ptolemy/actor/lib/test/auto/parameterPassing.xml (RunModel)" time="0.008" />
  <testcase classname="ptolemy.util.test.junit.AutoTests" name="[472] /home/travis/build/icyphy/ptII/ptolemy/actor/lib/test/auto/record.xml (RunModel)" time="0.01" />
  <testcase classname="ptolemy.util.test.junit.AutoTests" name="[473] /home/travis/build/icyphy/ptII/ptolemy/actor/lib/test/auto/sizedarray1.xml (RunModel)" time="0.01" />
  <testcase classname="ptolemy.util.test.junit.AutoTests" name="[474] /home/travis/build/icyphy/ptII/ptolemy/actor/lib/test/auto/sizedarray2.xml (RunModel)" time="0.016" />
  <testcase classname="ptolemy.util.test.junit.AutoTests" name="[475] /home/travis/build/icyphy/ptII/ptolemy/actor/lib/test/auto/twoPublishers.xml (RunModel)" time="0.025" />
  <system-out><![CDATA[/home/travis/build/icyphy/ptII/ptolemy/actor/lib/test/AbsoluteValue.tcl
testDefs.tcl: setting time out to 9000 seconds at Mon Jul 01 04:49:33 UTC 2019
96 ms. Memory: 120832K Free: 99682K (82%)
7 ms. Memory: 120832K Free: 97830K (81%)
23 ms. Memory: 120832K Free: 109052K (90%)
13 ms. Memory: 120832K Free: 108028K (89%)
/home/travis/build/icyphy/ptII/ptolemy/actor/lib/test/AddSubtract.tcl
25 ms. Memory: 120832K Free: 105980K (88%)
5 ms. Memory: 120832K Free: 105340K (87%)
5 ms. Memory: 120832K Free: 104551K (87%)
7 ms. Memory: 120832K Free: 103918K (86%)
57 ms. Memory: 120832K Free: 100856K (83%)
13 ms. Memory: 120832K Free: 100220K (83%)
/home/travis/build/icyphy/ptII/ptolemy/actor/lib/test/Average.tcl
7 ms. Memory: 120832K Free: 98383K (81%)
6 ms. Memory: 120832K Free: 97148K (80%)
/home/travis/build/icyphy/ptII/ptolemy/actor/lib/test/Bernoulli.tcl
4 ms. Memory: 120832K Free: 95740K (79%)
2 ms. Memory: 120832K Free: 95357K (79%)
/home/travis/build/icyphy/ptII/ptolemy/actor/lib/test/Clock.tcl
preinitializing
resolving types
initializing
executing number 1
wrapping up
idle
35 ms. Memory: 120832K Free: 92667K (77%)
Completed execution with 5 iterations
preinitializing
resolving types
initializing
executing number 1
wrapping up
idle
9 ms. Memory: 120832K Free: 91644K (76%)
Completed execution with 5 iterations
preinitializing
resolving types
initializing
executing number 1
wrapping up
idle
4 ms. Memory: 120832K Free: 91245K (76%)
Completed execution with 5 iterations
/home/travis/build/icyphy/ptII/ptolemy/actor/lib/test/Commutator.tcl
15 ms. Memory: 184320K Free: 171129K (93%)
6 ms. Memory: 184320K Free: 170105K (92%)
16 ms. Memory: 184320K Free: 164457K (89%)
/home/travis/build/icyphy/ptII/ptolemy/actor/lib/test/Const.tcl
12 ms. Memory: 184320K Free: 162937K (88%)
6 ms. Memory: 184320K Free: 162417K (88%)
7 ms. Memory: 184320K Free: 161913K (88%)
5 ms. Memory: 184320K Free: 161393K (88%)
2 ms. Memory: 184320K Free: 160889K (87%)
25 ms. Memory: 184320K Free: 159351K (86%)
8 ms. Memory: 184320K Free: 157817K (86%)
7 ms. Memory: 184320K Free: 157303K (85%)
/home/travis/build/icyphy/ptII/ptolemy/actor/lib/test/CurrentTime.tcl
preinitializing
resolving types
initializing
executing number 1
wrapping up
idle
19 ms. Memory: 184320K Free: 155225K (84%)
Completed execution with 11 iterations
/home/travis/build/icyphy/ptII/ptolemy/actor/lib/test/DB.tcl
8 ms. Memory: 184320K Free: 153721K (83%)
5 ms. Memory: 184320K Free: 153207K (83%)
2 ms. Memory: 184320K Free: 152697K (83%)
/home/travis/build/icyphy/ptII/ptolemy/actor/lib/test/DiscreteRandomSource.tcl
preinitializing
resolving types
initializing
executing number 1
wrapping up
idle
8 ms. Memory: 184320K Free: 151129K (82%)
Completed execution with 4 iterations
preinitializing
resolving types
initializing
executing number 1
wrapping up
idle
5 ms. Memory: 184320K Free: 150649K (82%)
Completed execution with 4 iterations
preinitializing
resolving types
initializing
executing number 1
wrapping up
idle
4 ms. Memory: 184320K Free: 150135K (81%)
Completed execution with 4 iterations
preinitializing
resolving types
initializing
executing number 1
wrapping up
idle
2 ms. Memory: 184320K Free: 149625K (81%)
Completed execution with 4 iterations
preinitializing
resolving types
initializing
executing number 1
wrapping up
idle
4 ms. Memory: 184320K Free: 149111K (81%)
Completed execution with 4 iterations
/home/travis/build/icyphy/ptII/ptolemy/actor/lib/test/Distributor.tcl
5 ms. Memory: 184320K Free: 147577K (80%)
8 ms. Memory: 184320K Free: 147049K (80%)
StreamChangeRequest.changeExecuted(): <deleteEntity name="rec2"/> succeeded
StreamChangeRequest.changeExecuted(): <deleteRelation name="r2"/> succeeded
StreamChangeRequest.changeExecuted(): Record firings per iteration succeeded
14 ms. Memory: 184320K Free: 144505K (78%)
/home/travis/build/icyphy/ptII/ptolemy/actor/lib/test/Exit.tcl
Exit.tcl: this will print a message about Manager.exitAfterWrapup, which can be ignored.
7 ms. Memory: 184320K Free: 141433K (77%)
/home/travis/build/icyphy/ptII/ptolemy/actor/lib/test/Expression.tcl
27 ms. Memory: 184320K Free: 169476K (92%)
3 ms. Memory: 184320K Free: 168966K (92%)
2 ms. Memory: 184320K Free: 168422K (91%)
preinitializing
resolving types
initializing
executing number 1
wrapping up
idle
5 ms. Memory: 184320K Free: 166918K (91%)
Completed execution with 6 iterations
4 ms. Memory: 184320K Free: 165894K (90%)
3 ms. Memory: 184320K Free: 165366K (90%)
4 ms. Memory: 184320K Free: 163846K (89%)
4 ms. Memory: 184320K Free: 162822K (88%)
4 ms. Memory: 184320K Free: 161798K (88%)
/home/travis/build/icyphy/ptII/ptolemy/actor/lib/test/Gaussian.tcl
8 ms. Memory: 184320K Free: 159750K (87%)
sleeping 1 seconds: ...................................................................................................................................................................................................................................................................................................................................................................................................................................................................................................................................................................................................................................................................................................................................................................................................................................................................................................................................................................................................................................................................................................................................................................................................................................................................................................................................................................................................................................................................................................................................................................................................................................................................................................................................................................................................................................................................................................................................................................................................................................................................................................................................................................................................................................................................................................................................................................................................................................................................................................................................................................................................................................................................................................................................................................................................................................................................................................................................................................................................................................................................................................................................................................................................................................................................................................................................................................................................................................................................................................................................................................................................................................................................................................................................................................................................................................................................................................................................................................................................................................................................................................................................................................................................................................................................................................................................................................................................................................................................................................................................................................................................................................................................................................................................................................................................................................................................................................................................................................................................................................................................................................................................................................................................................................................................................................................................................................................................................................................................................................................................................................................................................................................................................................................................................................................................................................................................................................................................................................................................................................................................................................................................................................................................................................................................................................................................................................................................................................................................................................................................................................................................................................................................................................................................................................................................................................................................................................................................................................................................................................................................................................................................................................................................................................................................................................................................................................................................................................................................................................................................................................................................................................................................................................................................................................................................................................................................................................................................................................................................................................................................................................................................................................................................................................................................................................................................................................................................................................................................................................................................................................................................................................................................................................................................................................................................................................................................................................................................................................................................................................................................................................................................................................................................................................................................................................................................................................................................................................................................................................................................................................................................................................................................................................................................................................................................................................................................................................................................................................................................................................................................................................................................................................................................................................................................................................................................................................................................................................................................................................................................................................................................................................................................................................................................................................................................................................................................................................................................................................................................................................................................................................................................................................................................................................................................................................................................................................................................................................................................................................................................................................................................................................................................................................................................................................................................................................................................................................................................................................................................................................................................................................................................................................................................................................................................................................................................................................................................................................................................................................................................................................................................................................................................................................................................................................................................................................................................................................................................................................................................................................................................................................................................................................................................................................................................................................................................................................................................................................................................................................................................................................................................................................................................................................................................................................................................................................................................................................................................................................................................................................................................................................................................................................................................................................................................................................................................................................................................................................................................................................................................................................................................................................................................................................................................................................................................................................................................................................................................................................................................................................................................................................................................................................................................................................................................................................................................................................................................................................................................................................................................................................................................................................................................................................................................................................................................................................................................................................................................................................................................................................................................................................................................................................................................................................................................................................................................................................................................................................................................................................................................................................................................................................................................................................................................................................................................................................................................................................................................................................................................................................................................................................................................................................................................................................................................................................................................................................................................................................................................................................................................................................................................................................................................................................................................................................................................................................................................................................................................................................................................................................................................................................................................................................................................................................................................................................................................................................................................................................................................................................................................................................................................................................................................................................................................................................................................................................................................................................................................................................................................................................................................................................................................................................................................................................................................................................................................................................................................................................................................................................................................................................................................................................................................................................................................................................................................................................................................................................................................................................................................................................................................................................................................................................................................................................................................................................................................................................................................................................................................................................................................................................................................................................................................................................................................................................................................................................................................................................................................................................................................................................................................................................................................................................................................................................................................................................................................................................................................................................................................................................................................................................................................................................................................................................................................................................................................................................................................................................................................................................................................................................................................................................................................................................................................................................................................................................................................................................................................................................................................................................................................................................................................................................................................................................................................................................................................................................................................................................................................................................................................................................................................................................................................................................................................................................................................................................................................................................................................................................................................................................................................................................................................................................................................................................................................................................................................................................................................................................................................................................................................................................................................................................................................................................................................................................................................................................................................................................................................................................................................................................................................................................................................................................................................................................................................................................................................................................................................................................................................................................................................................................................................................................................................................................................................................................................................................................................................................................................................................................................................................................................................................................................................................................................................................................................................................................................................................................................................................................................................................................................................................................................................................................................................................................................................................................................................................................................................................................................................................................................................................................................................................................................................................................................................................................................................................................................................................................................................................................................................................................................................................................................................................................................................................................................................................................................................................................................................................................................................................................................................................................................................................................................................................................................................................................................................................................................................................................................................................................................................................................................................................................................................................................................................................................................................................................................................................................................................................................................................................................................................................................................................................................................................................................................................................................................................................................................................................................................................................................................................................................................................................................................................................................................................................................................................................................................................................................................................................................................................................................................................................................................................................................................................................................................................................................................................................................................................................................................................................................................................................................................................................................................................................................................................................................................................................................................................................................................................................................................................................................................................................................................................................................................................................................................................................................................................................................................................................................................................................................................................................................................................................................................................................................................................................................................................................................................................................................................................................................................................................................................................................................................................................................................................................................................................................................................................................................................................................................................................................................................................................................................................................................................................................................................................................................................................................................................................................................................................................................................................................................................................................................................................................................................................................................................................................................................................................................................................................................................................................................................................................................................................................................................................................................................................................................................................................................................................................................................................................................................................................................................................................................................................................................................................................................................................................................................................................................................................................................................................................................................................................................................................................................................................................................................................................................................................................................................................................................................................................................................................................................................................................................................................................................................................................................................................................................................................................................................................................................................................................................................................................................................................................................................................................................................................................................................................................................................................................................................................................................................................................................................................................................................................................................................................................................................................................................................................................................................................................................................................................................................................................................................................................................................................................................................................................................................................................................................................................................................................................................................................................................................................................................................................................................................................................................................................................................................................................................................................................................................................................................................................................................................................................................................................................................................................................................................................................................................................................................................................................................................................................................................................................................................................................................................................................................................................................................................................................................................................................................................................................................................................................................................................................................................................................................................................................................................................................................................................................................................................................................................................................................................................................................................................................................................................................................................................................................................................................................................................................................................................................................................................................................................................................................................................................................................................................................................................................................................................................................................................................................................................................................................................................................................................................................................................................................................................................................................................................................................................................................................................................................................................................................................................................................................................................................................................................................................................................................................................................................................................................................................................................................................................................................................................................................................................................................................................................................................................................................................................................................................................................................................................................................................................................................................................................................................................................................................................................................................................................................................................................................................................................................................................................................................................................................................................................................................................................................................................................................................................................................................................................................................................................................................................................................................................................................................................................................................................................................................................................................................................................................................................................................................................................................................................................................................................................................................................................................................................................................................................................................................................................................................................................................................................................................................................................................................................................................................................................................................................................................................................................................................................................................................................................................................................................................................................................................................................................................................................................................................................................................................................................................................................................................................................................................................................................................................................................................................................................................................................................................................................................................................................................................................................................................................................................................................................................................................................................................................................................................................................................................................................................................................................................................................................................................................................................................................................................................................................................................................................................................................................................................................................................................................................................................................................................................................................................................................................................................................................................................................................................................................................................................................................................................................................................................................................................................................................................................................................................................................................................................................................................................................................................................................................................................................................................................................................................................................................................................................................................................................................................................................................................................................................................................................................................................................................................................................................................................................................................................................................................................................................................................................................................................................................................................................................................................................................................................................................................................................................................................................................................................................................................................................................................................................................................................................................................................................................................................................................................................................................................................................................................................................................................................................................................................................................................................................................................................................................................................................................................................................................................................................................................................................................................................................................................................................................................................................................................................................................................................................................................................................................................................................................................................................................................................................................................................................................................................................................................................................................................................................................................................................................................................................................................................................................................................................................................................................................................................................................................................................................................................................................................................................................................................................................................................................................................................................................................................................................................................................................................................................................................................................................................................................................................................................................................................................................................................................................................................................................................................................................................................................................................................................................................................................................................................................................................................................................................................................3 ms. Memory: 184320K Free: 149910K (81%)
3 ms. Memory: 184320K Free: 148886K (81%)
2 ms. Memory: 184320K Free: 148357K (80%)
1 ms. Memory: 184320K Free: 147862K (80%)
4 ms. Memory: 184320K Free: 147317K (80%)
/home/travis/build/icyphy/ptII/ptolemy/actor/lib/test/IIR.tcl
/home/travis/build/icyphy/ptII/ptolemy/actor/lib/test/Interpolator.tcl
3 ms. Memory: 184320K Free: 143237K (78%)
1 ms. Memory: 184320K Free: 142742K (77%)
1 ms. Memory: 184320K Free: 142228K (77%)
2 ms. Memory: 184320K Free: 141718K (77%)
2 ms. Memory: 184320K Free: 140694K (76%)
2 ms. Memory: 184320K Free: 140180K (76%)
2 ms. Memory: 184320K Free: 139141K (75%)
2 ms. Memory: 184320K Free: 138125K (75%)
2 ms. Memory: 184320K Free: 137101K (74%)
2 ms. Memory: 184320K Free: 136598K (74%)
/home/travis/build/icyphy/ptII/ptolemy/actor/lib/test/MathFunction.tcl
4 ms. Memory: 184320K Free: 134036K (73%)
3 ms. Memory: 184320K Free: 132997K (72%)
2 ms. Memory: 184320K Free: 131981K (72%)
2 ms. Memory: 184320K Free: 131478K (71%)
4 ms. Memory: 184320K Free: 129933K (70%)
6 ms. Memory: 184320K Free: 127877K (69%)
/home/travis/build/icyphy/ptII/ptolemy/actor/lib/test/Maximum.tcl
4 ms. Memory: 184320K Free: 126358K (69%)
2 ms. Memory: 184320K Free: 125334K (68%)
2 ms. Memory: 184320K Free: 124789K (68%)
2 ms. Memory: 184320K Free: 124310K (67%)
/home/travis/build/icyphy/ptII/ptolemy/actor/lib/test/Minimum.tcl
4 ms. Memory: 184320K Free: 122262K (66%)
2 ms. Memory: 184320K Free: 121717K (66%)
2 ms. Memory: 184320K Free: 121238K (66%)
2 ms. Memory: 184320K Free: 120717K (65%)
/home/travis/build/icyphy/ptII/ptolemy/actor/lib/test/MultiplyDivide.tcl
4 ms. Memory: 184320K Free: 118676K (64%)
3 ms. Memory: 184320K Free: 117637K (64%)
2 ms. Memory: 184320K Free: 117142K (64%)
3 ms. Memory: 184320K Free: 116613K (63%)
2 ms. Memory: 184320K Free: 115589K (63%)
/home/travis/build/icyphy/ptII/ptolemy/actor/lib/test/OrderedMerge.tcl
Connections changed on port: inputA
Connections changed on port: inputB
Connections changed on port: output
Connections changed on port: output
Connections changed on port: output
Connections changed on port: input
.top. Preinitializing ...
Invoking preinitialize():  .top.OrderedMerge
Called preinitialize()
Invoking preinitialize():  .top.Ramp
Called preinitialize()
Invoking preinitialize():  .top.Ramp2
Called preinitialize()
Invoking preinitialize():  .top.Test
Called preinitialize()
Connections changed on port: inputA
Connections changed on port: output
Connections changed on port: inputB
Connections changed on port: output
Connections changed on port: output
Connections changed on port: input
.top. Finished preinitialize().
Called initialize().
Invoking initialize():  .top.OrderedMerge
Initializing actor: .top.OrderedMerge
Adding a thread: .top.OrderedMerge
Invoking initialize():  .top.Ramp
Initializing actor: .top.Ramp
Adding a thread: .top.Ramp
Invoking initialize():  .top.Ramp2
Initializing actor: .top.Ramp2
Adding a thread: .top.Ramp2
Invoking initialize():  .top.Test
Initializing actor: .top.Test
Adding a thread: .top.Test
Called fire().
Checking for deadlock:
-- Starting thread.
Called initialize()
Called prefire()
Called fire()
-- Starting thread.
Called initialize()
-- Starting thread.
Called initialize()
Called prefire()
Called prefire()
Called fire()
There are 0 Blocked actors, 0 Stopped actors, and 4 active threads.
Waiting for actors to stop.
Called postfire()
Called prefire()
Called fire()
Called fire()
-- Starting thread.
Called initialize()
Called prefire()
Called fire()
Called postfire()
Called prefire()
Called fire()
Read input token from inputA with value 0.0
Next port to read input from is inputB
Called postfire()
Called prefire()
Called fire()
Checking for deadlock:
There are 2 Blocked actors, 0 Stopped actors, and 4 active threads.
Waiting for actors to stop.
Called postfire()
Called prefire()
Called fire()
Read input token from inputB with value 0.0
Sent output token with value 0.0
Next port to read input from is inputA
Called postfire()
Called prefire()
Called fire()
Read input token from inputA with value 1.0
Checking for deadlock:
There are 1 Blocked actors, 0 Stopped actors, and 4 active threads.
Waiting for actors to stop.
Called postfire()
Called prefire()
Called fire()
-- Read input: 0.0, which is expected to match: 0.0
Called prefire()
Called fire()
Called postfire()
Called prefire()
Called fire()
Checking for deadlock:
There are 3 Blocked actors, 0 Stopped actors, and 4 active threads.
Waiting for actors to stop.
-- Read input: 0.0, which is expected to match: 0.0
Called prefire()
Called fire()
Sent output token with value 0.0
Next port to read input from is inputB
Called postfire()
Called prefire()
Called fire()
Read input token from inputB with value 1.5
Sent output token with value 1.0
Next port to read input from is inputA
Called postfire()
Called prefire()
Called fire()
Read input token from inputA with value 2.0
Checking for deadlock:
There are 1 Blocked actors, 0 Stopped actors, and 4 active threads.
Waiting for actors to stop.
Called postfire()
Called prefire()
Called fire()
-- Read input: 1.0, which is expected to match: 1.0
Called prefire()
Called fire()
Called postfire()
Called prefire()
Called fire()
Checking for deadlock:
There are 3 Blocked actors, 0 Stopped actors, and 4 active threads.
Waiting for actors to stop.
-- Read input: 1.5, which is expected to match: 1.5
Called prefire()
Called fire()
Sent output token with value 1.5
Next port to read input from is inputB
Called postfire()
Called prefire()
Called fire()
Read input token from inputB with value 3.0
Sent output token with value 2.0
Next port to read input from is inputA
Called postfire()
Called prefire()
Called fire()
Read input token from inputA with value 3.0
Checking for deadlock:
There are 1 Blocked actors, 0 Stopped actors, and 4 active threads.
Waiting for actors to stop.
Called postfire()
Called prefire()
Called fire()
-- Read input: 2.0, which is expected to match: 2.0
Called prefire()
Called fire()
Called postfire()
Called prefire()
Called fire()
Checking for deadlock:
There are 3 Blocked actors, 0 Stopped actors, and 4 active threads.
Waiting for actors to stop.
-- Read input: 3.0, which is expected to match: 3.0
Called prefire()
Called fire()
Checking for deadlock:
There are 3 Blocked actors, 0 Stopped actors, and 4 active threads.
Waiting for actors to stop.
Sent output token with value 3.0
Next port to read input from is inputB
Called postfire()
Called prefire()
Called fire()
Called postfire()
Called prefire()
Called fire()
Checking for deadlock:
There are 3 Blocked actors, 0 Stopped actors, and 4 active threads.
Waiting for actors to stop.
Read input token from inputB with value 4.5
-- Read input: 3.0, which is expected to match: 3.0
Called prefire()
Called fire()
Checking for deadlock:
There are 3 Blocked actors, 0 Stopped actors, and 4 active threads.
Waiting for actors to stop.
Sent output token with value 3.0
Next port to read input from is inputA
Called postfire()
Called prefire()
Called fire()
Checking for deadlock:
There are 2 Blocked actors, 0 Stopped actors, and 4 active threads.
Waiting for actors to stop.
Called postfire()
Called prefire()
Called fire()
Checking for deadlock:
There are 3 Blocked actors, 0 Stopped actors, and 4 active threads.
Waiting for actors to stop.
Read input token from inputA with value 4.0
Checking for deadlock:
There are 2 Blocked actors, 0 Stopped actors, and 4 active threads.
Waiting for actors to stop.
-- Read input: 4.0, which is expected to match: 4.0
Called prefire()
Called fire()
Past the end of training data. Read and discard all inputs.
Checking for deadlock:
There are 3 Blocked actors, 0 Stopped actors, and 4 active threads.
Waiting for actors to stop.
Sent output token with value 4.0
Next port to read input from is inputA
Called postfire()
Called prefire()
Called fire()
Checking for deadlock:
There are 2 Blocked actors, 0 Stopped actors, and 4 active threads.
Waiting for actors to stop.
Called postfire()
Called prefire()
Called fire()
Checking for deadlock:
There are 3 Blocked actors, 0 Stopped actors, and 4 active threads.
Waiting for actors to stop.
Read input token from inputA with value 5.0
Checking for deadlock:
There are 2 Blocked actors, 0 Stopped actors, and 4 active threads.
Waiting for actors to stop.
Called prefire()
Called fire()
Past the end of training data. Read and discard all inputs.
Checking for deadlock:
There are 3 Blocked actors, 0 Stopped actors, and 4 active threads.
Waiting for actors to stop.
Sent output token with value 4.5
Next port to read input from is inputB
Called postfire()
Called prefire()
Called fire()
Called postfire()
Called prefire()
Called fire()
Checking for deadlock:
There are 3 Blocked actors, 0 Stopped actors, and 4 active threads.
Waiting for actors to stop.
Read input token from inputB with value 6.0
Called prefire()
Called fire()
Past the end of training data. Read and discard all inputs.
Checking for deadlock:
There are 3 Blocked actors, 0 Stopped actors, and 4 active threads.
Waiting for actors to stop.
Sent output token with value 5.0
Next port to read input from is inputA
Called postfire()
Called prefire()
Called fire()
Checking for deadlock:
There are 2 Blocked actors, 0 Stopped actors, and 4 active threads.
Waiting for actors to stop.
Called postfire()
Called prefire()
Called fire()
Checking for deadlock:
There are 3 Blocked actors, 0 Stopped actors, and 4 active threads.
Waiting for actors to stop.
Read input token from inputA with value 6.0
Checking for deadlock:
There are 2 Blocked actors, 0 Stopped actors, and 4 active threads.
Waiting for actors to stop.
Called prefire()
Called fire()
Past the end of training data. Read and discard all inputs.
Checking for deadlock:
There are 3 Blocked actors, 0 Stopped actors, and 4 active threads.
Waiting for actors to stop.
Sent output token with value 6.0
Next port to read input from is inputB
Called postfire()
Called prefire()
Called fire()
Called postfire()
Called prefire()
Called fire()
Checking for deadlock:
There are 3 Blocked actors, 0 Stopped actors, and 4 active threads.
Waiting for actors to stop.
Read input token from inputB with value 7.5
Called prefire()
Called fire()
Past the end of training data. Read and discard all inputs.
Checking for deadlock:
There are 3 Blocked actors, 0 Stopped actors, and 4 active threads.
Waiting for actors to stop.
Sent output token with value 6.0
Next port to read input from is inputA
Called postfire()
Called prefire()
Called fire()
Checking for deadlock:
There are 2 Blocked actors, 0 Stopped actors, and 4 active threads.
Waiting for actors to stop.
Called postfire()
Called prefire()
Called fire()
Checking for deadlock:
There are 3 Blocked actors, 0 Stopped actors, and 4 active threads.
Waiting for actors to stop.
Read input token from inputA with value 7.0
Checking for deadlock:
There are 2 Blocked actors, 0 Stopped actors, and 4 active threads.
Waiting for actors to stop.
Called prefire()
Called fire()
Past the end of training data. Read and discard all inputs.
Checking for deadlock:
There are 3 Blocked actors, 0 Stopped actors, and 4 active threads.
Waiting for actors to stop.
Sent output token with value 7.0
Next port to read input from is inputA
Called postfire()
Called prefire()
Called fire()
Checking for deadlock:
There are 2 Blocked actors, 0 Stopped actors, and 4 active threads.
Waiting for actors to stop.
-- Thread wrapup() called.
Called wrapup()
Thread .top.Ramp is exiting.
-- Thread stopped.
Checking for deadlock:
There are 2 Blocked actors, 0 Stopped actors, and 3 active threads.
Waiting for actors to stop.
Read input token from inputA with value 8.0
Called prefire()
Called fire()
Past the end of training data. Read and discard all inputs.
Checking for deadlock:
There are 2 Blocked actors, 0 Stopped actors, and 3 active threads.
Waiting for actors to stop.
Sent output token with value 7.5
Next port to read input from is inputB
Called postfire()
Called prefire()
Called fire()
Checking for deadlock:
There are 1 Blocked actors, 0 Stopped actors, and 3 active threads.
Waiting for actors to stop.
Called postfire()
Called prefire()
Called fire()
Checking for deadlock:
There are 2 Blocked actors, 0 Stopped actors, and 3 active threads.
Waiting for actors to stop.
Read input token from inputB with value 9.0
Checking for deadlock:
There are 1 Blocked actors, 0 Stopped actors, and 3 active threads.
Waiting for actors to stop.
Called prefire()
Called fire()
Past the end of training data. Read and discard all inputs.
Checking for deadlock:
There are 2 Blocked actors, 0 Stopped actors, and 3 active threads.
Waiting for actors to stop.
Sent output token with value 8.0
Next port to read input from is inputA
Called postfire()
Called prefire()
Called fire()
Read input token from inputA with value 9.0
Called prefire()
Called fire()
Past the end of training data. Read and discard all inputs.
Checking for deadlock:
There are 2 Blocked actors, 0 Stopped actors, and 3 active threads.
Waiting for actors to stop.
Sent output token with value 9.0
Next port to read input from is inputB
Called postfire()
Called prefire()
Called fire()
Called postfire()
Called prefire()
Called fire()
Checking for deadlock:
There are 2 Blocked actors, 0 Stopped actors, and 3 active threads.
Waiting for actors to stop.
Read input token from inputB with value 10.5
Called prefire()
Called fire()
Past the end of training data. Read and discard all inputs.
Checking for deadlock:
There are 2 Blocked actors, 0 Stopped actors, and 3 active threads.
Waiting for actors to stop.
Sent output token with value 9.0
Next port to read input from is inputA
Called postfire()
Called prefire()
Called fire()
Checking for deadlock:
There are 3 Blocked actors, 0 Stopped actors, and 3 active threads.
Actors have stopped.
Checking for deadlock:
There are 3 Blocked actors, 0 Stopped actors, and 3 active threads.
Deadlock detected.
Resolving Deadlock
Checking for deadlock:
There are 3 Blocked actors, 0 Stopped actors, and 3 active threads.
Artificial Deadlock - increasing queue capacity.
increasing the capacity of receiver ptolemy.actor.TypedIOPort {.top.OrderedMerge.inputB} to 2
Director: Called postfire().
Called postfire().
_stopRequested = false
_stopFireRequested = false
Returning from postfire(): true
Called fire().
Checking for deadlock:
There are 2 Blocked actors, 0 Stopped actors, and 3 active threads.
Waiting for actors to stop.
-- Thread wrapup() called.
Called wrapup()
Thread .top.Ramp2 is exiting.
-- Thread stopped.
Checking for deadlock:
There are 2 Blocked actors, 0 Stopped actors, and 2 active threads.
Actors have stopped.
Checking for deadlock:
There are 2 Blocked actors, 0 Stopped actors, and 2 active threads.
Deadlock detected.
Resolving Deadlock
Checking for deadlock:
There are 2 Blocked actors, 0 Stopped actors, and 2 active threads.
Deadlock detected: no processes blocked on write, but some are blocked on read.
Called postfire().
_stopRequested = false
_stopFireRequested = false
Returning from postfire(): false
Finished deactivating branches.
Called wrapup().
-- Thread wrapup() called.
Called wrapup()
Thread .top.Test is exiting.
-- Thread stopped.
-- Blocked Receiver call threw TerminateProcessException.
-- Thread wrapup() called.
Called wrapup()
Thread .top.OrderedMerge is exiting.
-- Thread stopped.
-- Blocked Receiver call threw TerminateProcessException.
52 ms. Memory: 184320K Free: 110484K (60%)
.top. Preinitializing ...
Invoking preinitialize():  .top.OrderedMerge
Called preinitialize()
Invoking preinitialize():  .top.Ramp
Called preinitialize()
Invoking preinitialize():  .top.Ramp2
Called preinitialize()
Invoking preinitialize():  .top.Test
Called preinitialize()
.top. Finished preinitialize().
Called initialize().
Invoking initialize():  .top.OrderedMerge
Initializing actor: .top.OrderedMerge
Adding a thread: .top.OrderedMerge
Invoking initialize():  .top.Ramp
Initializing actor: .top.Ramp
Adding a thread: .top.Ramp
Invoking initialize():  .top.Ramp2
Initializing actor: .top.Ramp2
Adding a thread: .top.Ramp2
Invoking initialize():  .top.Test
Initializing actor: .top.Test
Adding a thread: .top.Test
-- Starting thread.
Called initialize()
Called prefire()
Called fire()
-- Starting thread.
Called initialize()
Called prefire()
Called fire()
Called postfire()
Called prefire()
Called fire()
-- Starting thread.
Called initialize()
Called prefire()
Called fire()
Called postfire()
Called prefire()
Called fire()
Called fire().
Checking for deadlock:
There are 3 Blocked actors, 0 Stopped actors, and 4 active threads.
Waiting for actors to stop.
-- Starting thread.
Called initialize()
Called prefire()
Called fire()
Checking for deadlock:
There are 2 Blocked actors, 0 Stopped actors, and 4 active threads.
Waiting for actors to stop.
Called postfire()
Called prefire()
Called fire()
Checking for deadlock:
There are 3 Blocked actors, 0 Stopped actors, and 4 active threads.
Waiting for actors to stop.
Read input token from inputA with value 0.0
Next port to read input from is inputB
Called postfire()
Called prefire()
Called fire()
Called postfire()
Checking for deadlock:
Called prefire()
There are 2 Blocked actors, 0 Stopped actors, and 4 active threads.
Called fire()
Waiting for actors to stop.
Checking for deadlock:
There are 3 Blocked actors, 0 Stopped actors, and 4 active threads.
Waiting for actors to stop.
Read input token from inputB with value 0.0
Checking for deadlock:
There are 2 Blocked actors, 0 Stopped actors, and 4 active threads.
Waiting for actors to stop.
-- Read input: 0.0, which is expected to match: 0.0
Called prefire()
Called fire()
Checking for deadlock:
There are 3 Blocked actors, 0 Stopped actors, and 4 active threads.
Waiting for actors to stop.
Sent output token with value 0.0
Next port to read input from is inputA
Called postfire()
Called prefire()
Called fire()
Checking for deadlock:
There are 2 Blocked actors, 0 Stopped actors, and 4 active threads.
Waiting for actors to stop.
Called postfire()
Called prefire()
Called fire()
Checking for deadlock:
Read input token from inputA with value 1.0
There are 3 Blocked actors, 0 Stopped actors, and 4 active threads.
Waiting for actors to stop.
Checking for deadlock:
There are 2 Blocked actors, 0 Stopped actors, and 4 active threads.
Waiting for actors to stop.
Sent output token with value 0.0
-- Read input: 0.0, which is expected to match: 0.0
Called prefire()
Next port to read input from is inputB
Called postfire()
Called fire()
Called prefire()
Called fire()
Checking for deadlock:
There are 2 Blocked actors, 0 Stopped actors, and 4 active threads.
Waiting for actors to stop.
Called postfire()
Called prefire()
Called fire()
Checking for deadlock:
There are 3 Blocked actors, 0 Stopped actors, and 4 active threads.
Waiting for actors to stop.
Read input token from inputB with value 1.5
Checking for deadlock:
There are 2 Blocked actors, 0 Stopped actors, and 4 active threads.
Waiting for actors to stop.
Sent output token with value 1.0
Next port to read input from is inputA
Called postfire()
-- Read input: 1.0, which is expected to match: 1.0
Called prefire()
Called fire()
Called prefire()
Called fire()
Checking for deadlock:
There are 2 Blocked actors, 0 Stopped actors, and 4 active threads.
Waiting for actors to stop.
Called postfire()
Called prefire()
Called fire()
Checking for deadlock:
There are 3 Blocked actors, 0 Stopped actors, and 4 active threads.
Waiting for actors to stop.
Read input token from inputA with value 2.0
Sent output token with value 1.5
-- Read input: 1.5, which is expected to match: 1.5
Called prefire()
Called fire()
Checking for deadlock:
There are 3 Blocked actors, 0 Stopped actors, and 4 active threads.
Waiting for actors to stop.
Next port to read input from is inputB
Called postfire()
Called prefire()
Called fire()
Checking for deadlock:
There are 2 Blocked actors, 0 Stopped actors, and 4 active threads.
Waiting for actors to stop.
Called postfire()
Called prefire()
Called fire()
Read input token from inputB with value 3.0
Checking for deadlock:
There are 3 Blocked actors, 0 Stopped actors, and 4 active threads.
Waiting for actors to stop.
Checking for deadlock:
There are 2 Blocked actors, 0 Stopped actors, and 4 active threads.
Waiting for actors to stop.
Sent output token with value 2.0
-- Read input: 2.0, which is expected to match: 2.0
Called prefire()
Called fire()
Checking for deadlock:
There are 3 Blocked actors, 0 Stopped actors, and 4 active threads.
Waiting for actors to stop.
Next port to read input from is inputA
Called postfire()
Called prefire()
Called fire()
Checking for deadlock:
There are 2 Blocked actors, 0 Stopped actors, and 4 active threads.
Waiting for actors to stop.
Read input token from inputA with value 3.0
Called postfire()
Called prefire()
Called fire()
Checking for deadlock:
There are 3 Blocked actors, 0 Stopped actors, and 4 active threads.
Waiting for actors to stop.
Checking for deadlock:
There are 2 Blocked actors, 0 Stopped actors, and 4 active threads.
Waiting for actors to stop.
Sent output token with value 3.0
-- Read input: 3.0, which is expected to match: 3.0
Called prefire()
Called fire()
Next port to read input from is inputB
Called postfire()
Called prefire()
Called fire()
Checking for deadlock:
There are 3 Blocked actors, 0 Stopped actors, and 4 active threads.
Waiting for actors to stop.
Checking for deadlock:
There are 2 Blocked actors, 0 Stopped actors, and 4 active threads.
Waiting for actors to stop.
Called postfire()
Called prefire()
Called fire()
Checking for deadlock:
There are 3 Blocked actors, 0 Stopped actors, and 4 active threads.
Waiting for actors to stop.
Read input token from inputB with value 4.5
Checking for deadlock:
There are 2 Blocked actors, 0 Stopped actors, and 4 active threads.
Waiting for actors to stop.
Sent output token with value 3.0
Next port to read input from is inputA
Called postfire()
-- Read input: 3.0, which is expected to match: 3.0
Called prefire()
Called fire()
Called prefire()
Called fire()
Checking for deadlock:
Read input token from inputA with value 4.0
There are 2 Blocked actors, 0 Stopped actors, and 4 active threads.
Waiting for actors to stop.
Checking for deadlock:
There are 1 Blocked actors, 0 Stopped actors, and 4 active threads.
Waiting for actors to stop.
Called postfire()
Called prefire()
Called fire()
-- Read input: 4.0, which is expected to match: 4.0
Called prefire()
Called fire()
Past the end of training data. Read and discard all inputs.
Checking for deadlock:
There are 3 Blocked actors, 0 Stopped actors, and 4 active threads.
Waiting for actors to stop.
Sent output token with value 4.0
Next port to read input from is inputA
Called postfire()
Called prefire()
Called fire()
Called postfire()
Called prefire()
Called fire()
Checking for deadlock:
There are 3 Blocked actors, 0 Stopped actors, and 4 active threads.
Waiting for actors to stop.
Read input token from inputA with value 5.0
Called prefire()
Called fire()
Past the end of training data. Read and discard all inputs.
Checking for deadlock:
There are 3 Blocked actors, 0 Stopped actors, and 4 active threads.
Waiting for actors to stop.
Sent output token with value 4.5
Next port to read input from is inputB
Called postfire()
Called prefire()
Called fire()
Checking for deadlock:
There are 2 Blocked actors, 0 Stopped actors, and 4 active threads.
Waiting for actors to stop.
Called postfire()
Called prefire()
Called fire()
Checking for deadlock:
There are 3 Blocked actors, 0 Stopped actors, and 4 active threads.
Waiting for actors to stop.
Read input token from inputB with value 6.0
Checking for deadlock:
There are 2 Blocked actors, 0 Stopped actors, and 4 active threads.
Waiting for actors to stop.
Called prefire()
Called fire()
Past the end of training data. Read and discard all inputs.
Checking for deadlock:
There are 3 Blocked actors, 0 Stopped actors, and 4 active threads.
Waiting for actors to stop.
Sent output token with value 5.0
Next port to read input from is inputA
Called postfire()
Called prefire()
Called fire()
Checking for deadlock:
There are 2 Blocked actors, 0 Stopped actors, and 4 active threads.
Waiting for actors to stop.
Read input token from inputA with value 6.0
Called postfire()
Called prefire()
Called fire()
Checking for deadlock:
There are 3 Blocked actors, 0 Stopped actors, and 4 active threads.
Waiting for actors to stop.
Checking for deadlock:
There are 2 Blocked actors, 0 Stopped actors, and 4 active threads.
Waiting for actors to stop.
Sent output token with value 6.0
Called prefire()
Called fire()
Past the end of training data. Read and discard all inputs.
Next port to read input from is inputB
Called postfire()
Called prefire()
Called fire()
Checking for deadlock:
There are 3 Blocked actors, 0 Stopped actors, and 4 active threads.
Waiting for actors to stop.
Checking for deadlock:
There are 2 Blocked actors, 0 Stopped actors, and 4 active threads.
Waiting for actors to stop.
Called postfire()
Called prefire()
Called fire()
Checking for deadlock:
Read input token from inputB with value 7.5
There are 3 Blocked actors, 0 Stopped actors, and 4 active threads.
Waiting for actors to stop.
Checking for deadlock:
There are 2 Blocked actors, 0 Stopped actors, and 4 active threads.
Waiting for actors to stop.
Called prefire()
Called fire()
Sent output token with value 6.0
Past the end of training data. Read and discard all inputs.
Checking for deadlock:
There are 3 Blocked actors, 0 Stopped actors, and 4 active threads.
Waiting for actors to stop.
Next port to read input from is inputA
Called postfire()
Called prefire()
Called fire()
Called postfire()
Called prefire()
Called fire()
Checking for deadlock:
There are 3 Blocked actors, 0 Stopped actors, and 4 active threads.
Read input token from inputA with value 7.0
Waiting for actors to stop.
Called prefire()
Called fire()
Sent output token with value 7.0
Past the end of training data. Read and discard all inputs.
Next port to read input from is inputA
Called postfire()
Called prefire()
Called fire()
Checking for deadlock:
There are 3 Blocked actors, 0 Stopped actors, and 4 active threads.
Waiting for actors to stop.
Checking for deadlock:
There are 2 Blocked actors, 0 Stopped actors, and 4 active threads.
Waiting for actors to stop.
Read input token from inputA with value 8.0
Checking for deadlock:
-- Thread wrapup() called.
There are 1 Blocked actors, 0 Stopped actors, and 4 active threads.
Called wrapup()
Waiting for actors to stop.
Called prefire()
Thread .top.Ramp is exiting.
Called fire()
-- Thread stopped.
Past the end of training data. Read and discard all inputs.
Checking for deadlock:
There are 2 Blocked actors, 0 Stopped actors, and 3 active threads.
Waiting for actors to stop.
Sent output token with value 7.5
Next port to read input from is inputB
Called postfire()
Called prefire()
Called fire()
Checking for deadlock:
Read input token from inputB with value 9.0
There are 1 Blocked actors, 0 Stopped actors, and 3 active threads.
Waiting for actors to stop.
Sent output token with value 8.0
Called postfire()
Called prefire()
Called fire()
Next port to read input from is inputA
Called postfire()
Checking for deadlock:
Called prefire()
Called fire()
There are 1 Blocked actors, 0 Stopped actors, and 3 active threads.
Waiting for actors to stop.
Called prefire()
Called fire()
Past the end of training data. Read and discard all inputs.
Read input token from inputA with value 9.0
Sent output token with value 9.0
Next port to read input from is inputB
Called postfire()
Called prefire()
Called fire()
Read input token from inputB with value 10.5
Checking for deadlock:
There are 1 Blocked actors, 0 Stopped actors, and 3 active threads.
Waiting for actors to stop.
Called postfire()
Called prefire()
Called fire()
Called prefire()
Called fire()
Past the end of training data. Read and discard all inputs.
Checking for deadlock:
There are 2 Blocked actors, 0 Stopped actors, and 3 active threads.
Waiting for actors to stop.
Checking for deadlock:
Called prefire()
Called fire()
There are 1 Blocked actors, 0 Stopped actors, and 3 active threads.
Past the end of training data. Read and discard all inputs.
Waiting for actors to stop.
Checking for deadlock:
There are 2 Blocked actors, 0 Stopped actors, and 3 active threads.
Waiting for actors to stop.
Sent output token with value 9.0
Next port to read input from is inputA
Called postfire()
Called prefire()
Called fire()
Checking for deadlock:
There are 3 Blocked actors, 0 Stopped actors, and 3 active threads.
Actors have stopped.
Checking for deadlock:
There are 3 Blocked actors, 0 Stopped actors, and 3 active threads.
Deadlock detected.
Resolving Deadlock
Checking for deadlock:
There are 3 Blocked actors, 0 Stopped actors, and 3 active threads.
Artificial Deadlock - increasing queue capacity.
increasing the capacity of receiver ptolemy.actor.TypedIOPort {.top.OrderedMerge.inputB} to 2
Director: Called postfire().
Called postfire().
_stopRequested = false
_stopFireRequested = false
Returning from postfire(): true
Called fire().
Checking for deadlock:
There are 2 Blocked actors, 0 Stopped actors, and 3 active threads.
Waiting for actors to stop.
-- Thread wrapup() called.
Called wrapup()
Thread .top.Ramp2 is exiting.
-- Thread stopped.
Checking for deadlock:
There are 2 Blocked actors, 0 Stopped actors, and 2 active threads.
Actors have stopped.
Checking for deadlock:
There are 2 Blocked actors, 0 Stopped actors, and 2 active threads.
Deadlock detected.
Resolving Deadlock
Checking for deadlock:
There are 2 Blocked actors, 0 Stopped actors, and 2 active threads.
Deadlock detected: no processes blocked on write, but some are blocked on read.
Called postfire().
_stopRequested = false
_stopFireRequested = false
Returning from postfire(): false
Finished deactivating branches.
Called wrapup().
-- Thread wrapup() called.
Called wrapup()
Thread .top.Test is exiting.
-- Thread stopped.
-- Blocked Receiver call threw TerminateProcessException.
-- Thread wrapup() called.
Called wrapup()
Thread .top.OrderedMerge is exiting.
-- Thread stopped.
-- Blocked Receiver call threw TerminateProcessException.
59 ms. Memory: 184320K Free: 108436K (59%)
/home/travis/build/icyphy/ptII/ptolemy/actor/lib/test/Publisher.tcl
13 ms. Memory: 184320K Free: 102292K (55%)
8 ms. Memory: 184320K Free: 96662K (52%)
3 ms. Memory: 184320K Free: 93076K (50%)
12 ms. Memory: 184320K Free: 92052K (50%)
3 ms. Memory: 184320K Free: 91542K (50%)
3 ms. Memory: 184320K Free: 90518K (49%)
15 ms. Memory: 184320K Free: 89989K (49%)
4 ms. Memory: 184320K Free: 88965K (48%)
17 ms. Memory: 184320K Free: 78740K (43%)
4 ms. Memory: 184320K Free: 75158K (41%)
2 ms. Memory: 184320K Free: 74134K (40%)
4 ms. Memory: 184320K Free: 72086K (39%)
7 ms. Memory: 184320K Free: 64389K (35%)
7 ms. Memory: 230400K Free: 205868K (89%)
15 ms. Memory: 230400K Free: 195118K (85%)
/home/travis/build/icyphy/ptII/ptolemy/actor/lib/test/Pulse.tcl
9 ms. Memory: 230400K Free: 157726K (68%)
1 ms. Memory: 230400K Free: 157230K (68%)
2 ms. Memory: 230400K Free: 156716K (68%)
2 ms. Memory: 230400K Free: 156206K (68%)
1 ms. Memory: 230400K Free: 155182K (67%)
6 ms. Memory: 230400K Free: 154158K (67%)
2 ms. Memory: 230400K Free: 153134K (66%)
1 ms. Memory: 230400K Free: 152606K (66%)
1 ms. Memory: 230400K Free: 152110K (66%)
/home/travis/build/icyphy/ptII/ptolemy/actor/lib/test/Ramp.tcl
43 ms. Memory: 230400K Free: 213354K (93%)
2 ms. Memory: 230400K Free: 212906K (92%)
2 ms. Memory: 230400K Free: 211882K (92%)
10 ms. Memory: 230400K Free: 211362K (92%)
9 ms. Memory: 230400K Free: 210338K (91%)
8 ms. Memory: 230400K Free: 209320K (91%)
8 ms. Memory: 230400K Free: 208810K (91%)
5 actors
8000 microseconds per iteration to create
9 ms. Memory: 230400K Free: 205738K (89%)
4 ms. Memory: 230400K Free: 205224K (89%)
3 ms. Memory: 230400K Free: 204714K (89%)
2 ms. Memory: 230400K Free: 204194K (89%)
50 actors
43000 microseconds per iteration to create
60 ms. Memory: 230400K Free: 188330K (82%)
16 ms. Memory: 230400K Free: 187306K (81%)
5 ms. Memory: 230400K Free: 186282K (81%)
12 ms. Memory: 230400K Free: 185258K (80%)
500 actors
1631000 microseconds per iteration to create
288 ms. Memory: 230400K Free: 153492K (67%)
41 ms. Memory: 230400K Free: 147862K (64%)
38 ms. Memory: 230400K Free: 142228K (62%)
37 ms. Memory: 230400K Free: 136598K (59%)
/home/travis/build/icyphy/ptII/ptolemy/actor/lib/test/RampContinuous.tcl
7 ms. Memory: 230400K Free: 135058K (59%)
/home/travis/build/icyphy/ptII/ptolemy/actor/lib/test/RecordAssembler.tcl
13 ms. Memory: 230400K Free: 133526K (58%)
5 ms. Memory: 230400K Free: 132502K (58%)
/home/travis/build/icyphy/ptII/ptolemy/actor/lib/test/RecordDisassembler.tcl
15 ms. Memory: 230400K Free: 130949K (57%)
9 ms. Memory: 230400K Free: 129940K (56%)
3 ms. Memory: 230400K Free: 128916K (56%)
/home/travis/build/icyphy/ptII/ptolemy/actor/lib/test/Scale.tcl
3 ms. Memory: 230400K Free: 126868K (55%)
1 ms. Memory: 230400K Free: 126358K (55%)
2 ms. Memory: 230400K Free: 125334K (54%)
2 ms. Memory: 230400K Free: 124813K (54%)
18 ms. Memory: 230400K Free: 123796K (54%)
/home/travis/build/icyphy/ptII/ptolemy/actor/lib/test/SequentialClock.tcl
preinitializing
resolving types
initializing
executing number 1
wrapping up
idle
2 ms. Memory: 230400K Free: 122772K (53%)
Completed execution with 5 iterations
preinitializing
resolving types
initializing
executing number 1
wrapping up
idle
1 ms. Memory: 230400K Free: 121733K (53%)
Completed execution with 5 iterations
preinitializing
resolving types
initializing
executing number 1
wrapping up
idle
1 ms. Memory: 230400K Free: 121238K (53%)
Completed execution with 5 iterations
/home/travis/build/icyphy/ptII/ptolemy/actor/lib/test/SetVariable.tcl
4 ms. Memory: 230400K Free: 119700K (52%)


==== $PTII/ptolemy/actor/lib/test/SetVariable.tcl: SetVariable-3.1 changeFailed
==== Contents of test case:

    #Uses 2.1 above
    jdkCaptureErr {
        # This test was failing if we ran Exit.tcl and then this test.
        # MessageHandler.error() now actually throws the Exception.
	catch {$setVariable changeFailed [java::null]  [java::new Exception {Test exception for SetVariable.changeFailed()}]} errMsg
    } results
    list [string range $results 0 89] "\n" $errMsg

==== Result was:
{java.lang.Exception: Test exception for SetVariable.changeFailed()
	at java.base/jdk.inter} {
} {java.lang.RuntimeException: java.lang.Exception: Test exception for SetVariable.changeFailed()}
---- Result should have been:
{java.lang.Exception: Test exception for SetVariable.changeFailed()
	at sun.reflect.NativeC} {
} {java.lang.RuntimeException: java.lang.Exception: Test exception for SetVariable.changeFailed()}
---- SetVariable-3.1 FAILED
/home/travis/build/icyphy/ptII/ptolemy/actor/lib/test/Sinewave.tcl
/home/travis/build/icyphy/ptII/ptolemy/actor/lib/test/SubscriptionAggregator.tcl
4 ms. Memory: 230400K Free: 107412K (47%)
2 ms. Memory: 230400K Free: 106902K (46%)
0 ms. Memory: 230400K Free: 106373K (46%)
1 ms. Memory: 230400K Free: 105878K (46%)
2 ms. Memory: 230400K Free: 102292K (44%)
9 ms. Memory: 230400K Free: 100244K (44%)
...............................................................1275 ms. Memory: 325632K Free: 264532K (81%)
/home/travis/build/icyphy/ptII/ptolemy/actor/lib/test/Test.tcl
 The next command will produce a warning about training mode,
   which may be ignored.
5 ms. Memory: 325632K Free: 262493K (81%)
2 ms. Memory: 325632K Free: 261998K (80%)
1 ms. Memory: 325632K Free: 260974K (80%)
1 ms. Memory: 325632K Free: 260445K (80%)
1 ms. Memory: 325632K Free: 259950K (80%)
3 ms. Memory: 325632K Free: 258412K (79%)
3 ms. Memory: 325632K Free: 257357K (79%)
 The next command will produce a warning about training mode,
   which may be ignored.
4 ms. Memory: 325632K Free: 254830K (78%)
 The next command will produce a warning about training mode,
   which may be ignored.
3 ms. Memory: 325632K Free: 253806K (78%)
1 ms. Memory: 325632K Free: 253261K (78%)
1 ms. Memory: 325632K Free: 252782K (78%)
2 ms. Memory: 325632K Free: 252237K (77%)
10 ms. Memory: 325632K Free: 251244K (77%)
2 ms. Memory: 325632K Free: 247662K (76%)
/home/travis/build/icyphy/ptII/ptolemy/actor/lib/test/TestExceptionHandler.tcl
 The next command will produce a warning about training mode,
   which may be ignored.
2 ms. Memory: 325632K Free: 246124K (76%)
1 ms. Memory: 325632K Free: 245614K (75%)
0 ms. Memory: 325632K Free: 245100K (75%)
/home/travis/build/icyphy/ptII/ptolemy/actor/lib/test/UnionDisassembler.tcl
15 ms. Memory: 325632K Free: 237932K (73%)
/home/travis/build/icyphy/ptII/ptolemy/actor/lib/test/VariableClock.tcl
preinitializing
resolving types
initializing
executing number 1
wrapping up
idle
3 ms. Memory: 325632K Free: 235869K (72%)
Completed execution with 11 iterations
preinitializing
resolving types
initializing
executing number 1
wrapping up
idle
3 ms. Memory: 325632K Free: 234845K (72%)
Completed execution with 10 iterations
07/01/19 04:49:42
Failed: 1  Total Tests: 234  ((Passed: 233, Newly Passed: 0)  Known Failed: 0) /home/travis/build/icyphy/ptII/ptolemy/actor/lib/test
----------------- testing (KnownFailure) /home/travis/build/icyphy/ptII/ptolemy/actor/lib/test/auto/knownFailedTests/PublisherPortToplevelSubscriber.xml
0 ms. Memory: 325632K Free: 231278K (71%)
Known Failure: java.lang.reflect.InvocationTargetException
----------------- testing (KnownFailure) /home/travis/build/icyphy/ptII/ptolemy/actor/lib/test/auto/knownFailedTests/PublisherSubscriberPortToplevel.xml
1 ms. Memory: 325632K Free: 227692K (70%)
Known Failure: java.lang.reflect.InvocationTargetException
----------------- testing (KnownFailure) /home/travis/build/icyphy/ptII/ptolemy/actor/lib/test/auto/knownFailedTests/PublisherSubscriptionAggregatorPort.xml
0 ms. Memory: 325632K Free: 223086K (69%)
Known Failure: java.lang.reflect.InvocationTargetException
----------------- testing (KnownFailure) /home/travis/build/icyphy/ptII/ptolemy/actor/lib/test/auto/knownFailedTests/sizedarray3.xml
6 ms. Memory: 325632K Free: 218990K (67%)
Known Failure: java.lang.reflect.InvocationTargetException
No auto/linux-amd64/*.xml tests in /home/travis/build/icyphy/ptII/ptolemy/actor/lib/test
AutoTests.java: About to close Vertx.
AutoTests.java: Vertx closed.

===========================================================================================
----------------- testing Mon Jul 01 04:49:42 UTC 2019 /home/travis/build/icyphy/ptII/ptolemy/actor/lib/test/auto/AbsoluteValue.xml
----------------- Instantiating /home/travis/build/icyphy/ptII/ptolemy/actor/lib/test/auto/AbsoluteValue.xml
24 ms. Memory: 325632K Free: 196462K (60%)
----------------- Invoking toplevel() on ptolemy.moml.MoMLSimpleApplication@2124731b
----------------- Done invoking toplevel() on ptolemy.moml.MoMLSimpleApplication@2124731b
reloadAllAccessors: .AbsoluteValue

===========================================================================================
----------------- testing Mon Jul 01 04:49:42 UTC 2019 /home/travis/build/icyphy/ptII/ptolemy/actor/lib/test/auto/AbsoluteValue2.xml
----------------- Instantiating /home/travis/build/icyphy/ptII/ptolemy/actor/lib/test/auto/AbsoluteValue2.xml
16 ms. Memory: 325632K Free: 189804K (58%)
----------------- Invoking toplevel() on ptolemy.moml.MoMLSimpleApplication@10fb4dd9
----------------- Done invoking toplevel() on ptolemy.moml.MoMLSimpleApplication@10fb4dd9
reloadAllAccessors: .AbsoluteValue2

===========================================================================================
----------------- testing Mon Jul 01 04:49:43 UTC 2019 /home/travis/build/icyphy/ptII/ptolemy/actor/lib/test/auto/Accumulator.xml
----------------- Instantiating /home/travis/build/icyphy/ptII/ptolemy/actor/lib/test/auto/Accumulator.xml
5 ms. Memory: 325632K Free: 183150K (56%)
----------------- Invoking toplevel() on ptolemy.moml.MoMLSimpleApplication@545ee523
----------------- Done invoking toplevel() on ptolemy.moml.MoMLSimpleApplication@545ee523
reloadAllAccessors: .Accumulator

===========================================================================================
----------------- testing Mon Jul 01 04:49:43 UTC 2019 /home/travis/build/icyphy/ptII/ptolemy/actor/lib/test/auto/Accumulator2.xml
----------------- Instantiating /home/travis/build/icyphy/ptII/ptolemy/actor/lib/test/auto/Accumulator2.xml
4 ms. Memory: 325632K Free: 178030K (55%)
----------------- Invoking toplevel() on ptolemy.moml.MoMLSimpleApplication@279d695c
----------------- Done invoking toplevel() on ptolemy.moml.MoMLSimpleApplication@279d695c
reloadAllAccessors: .Accumulator2

===========================================================================================
----------------- testing Mon Jul 01 04:49:43 UTC 2019 /home/travis/build/icyphy/ptII/ptolemy/actor/lib/test/auto/Accumulator3.xml
----------------- Instantiating /home/travis/build/icyphy/ptII/ptolemy/actor/lib/test/auto/Accumulator3.xml
74 ms. Memory: 325632K Free: 278125K (85%)
----------------- Invoking toplevel() on ptolemy.moml.MoMLSimpleApplication@4b7fc053
----------------- Done invoking toplevel() on ptolemy.moml.MoMLSimpleApplication@4b7fc053
reloadAllAccessors: .Accumulator3

===========================================================================================
----------------- testing Mon Jul 01 04:49:43 UTC 2019 /home/travis/build/icyphy/ptII/ptolemy/actor/lib/test/auto/ArrayAppend.xml
----------------- Instantiating /home/travis/build/icyphy/ptII/ptolemy/actor/lib/test/auto/ArrayAppend.xml
5 ms. Memory: 325632K Free: 270336K (83%)
----------------- Invoking toplevel() on ptolemy.moml.MoMLSimpleApplication@2ff6c2a2
----------------- Done invoking toplevel() on ptolemy.moml.MoMLSimpleApplication@2ff6c2a2
reloadAllAccessors: .ArrayAppend

===========================================================================================
----------------- testing Mon Jul 01 04:49:43 UTC 2019 /home/travis/build/icyphy/ptII/ptolemy/actor/lib/test/auto/ArrayAppend2.xml
----------------- Instantiating /home/travis/build/icyphy/ptII/ptolemy/actor/lib/test/auto/ArrayAppend2.xml
308 ms. Memory: 325632K Free: 211454K (65%)
----------------- Invoking toplevel() on ptolemy.moml.MoMLSimpleApplication@3f0452dd
----------------- Done invoking toplevel() on ptolemy.moml.MoMLSimpleApplication@3f0452dd
reloadAllAccessors: .ArrayAppend2

===========================================================================================
----------------- testing Mon Jul 01 04:49:43 UTC 2019 /home/travis/build/icyphy/ptII/ptolemy/actor/lib/test/auto/ArrayAppend3.xml
----------------- Instantiating /home/travis/build/icyphy/ptII/ptolemy/actor/lib/test/auto/ArrayAppend3.xml
4 ms. Memory: 325632K Free: 207343K (64%)
----------------- Invoking toplevel() on ptolemy.moml.MoMLSimpleApplication@5e3ef823
----------------- Done invoking toplevel() on ptolemy.moml.MoMLSimpleApplication@5e3ef823
reloadAllAccessors: .ArrayAppend3

===========================================================================================
----------------- testing Mon Jul 01 04:49:43 UTC 2019 /home/travis/build/icyphy/ptII/ptolemy/actor/lib/test/auto/ArrayAppend4.xml
----------------- Instantiating /home/travis/build/icyphy/ptII/ptolemy/actor/lib/test/auto/ArrayAppend4.xml
2 ms. Memory: 325632K Free: 201214K (62%)
----------------- Invoking toplevel() on ptolemy.moml.MoMLSimpleApplication@70b42e39
----------------- Done invoking toplevel() on ptolemy.moml.MoMLSimpleApplication@70b42e39
reloadAllAccessors: .ArrayAppend4

===========================================================================================
----------------- testing Mon Jul 01 04:49:43 UTC 2019 /home/travis/build/icyphy/ptII/ptolemy/actor/lib/test/auto/ArrayAppend5.xml
----------------- Instantiating /home/travis/build/icyphy/ptII/ptolemy/actor/lib/test/auto/ArrayAppend5.xml
2 ms. Memory: 325632K Free: 196094K (60%)
----------------- Invoking toplevel() on ptolemy.moml.MoMLSimpleApplication@1c9040aa
----------------- Done invoking toplevel() on ptolemy.moml.MoMLSimpleApplication@1c9040aa
reloadAllAccessors: .ArrayAppend5

===========================================================================================
----------------- testing Mon Jul 01 04:49:43 UTC 2019 /home/travis/build/icyphy/ptII/ptolemy/actor/lib/test/auto/ArrayAppend6.xml
----------------- Instantiating /home/travis/build/icyphy/ptII/ptolemy/actor/lib/test/auto/ArrayAppend6.xml
3 ms. Memory: 325632K Free: 190974K (59%)
----------------- Invoking toplevel() on ptolemy.moml.MoMLSimpleApplication@18f61c78
----------------- Done invoking toplevel() on ptolemy.moml.MoMLSimpleApplication@18f61c78
reloadAllAccessors: .ArrayAppend6

===========================================================================================
----------------- testing Mon Jul 01 04:49:43 UTC 2019 /home/travis/build/icyphy/ptII/ptolemy/actor/lib/test/auto/ArrayAppendPerformanceTest.xml
----------------- Instantiating /home/travis/build/icyphy/ptII/ptolemy/actor/lib/test/auto/ArrayAppendPerformanceTest.xml
44 ms. Memory: 325632K Free: 180224K (55%)
----------------- Invoking toplevel() on ptolemy.moml.MoMLSimpleApplication@6db0cc7a
----------------- Done invoking toplevel() on ptolemy.moml.MoMLSimpleApplication@6db0cc7a
reloadAllAccessors: .ArrayAppendPerformanceTest

===========================================================================================
----------------- testing Mon Jul 01 04:49:43 UTC 2019 /home/travis/build/icyphy/ptII/ptolemy/actor/lib/test/auto/ArrayAppendWithEmptyInput.xml
----------------- Instantiating /home/travis/build/icyphy/ptII/ptolemy/actor/lib/test/auto/ArrayAppendWithEmptyInput.xml
16 ms. Memory: 325632K Free: 172542K (53%)
----------------- Invoking toplevel() on ptolemy.moml.MoMLSimpleApplication@7e59f2c8
----------------- Done invoking toplevel() on ptolemy.moml.MoMLSimpleApplication@7e59f2c8
reloadAllAccessors: .ArrayAppendWithEmptyInput

===========================================================================================
----------------- testing Mon Jul 01 04:49:43 UTC 2019 /home/travis/build/icyphy/ptII/ptolemy/actor/lib/test/auto/ArrayAverage.xml
----------------- Instantiating /home/travis/build/icyphy/ptII/ptolemy/actor/lib/test/auto/ArrayAverage.xml
4 ms. Memory: 325632K Free: 164864K (51%)
----------------- Invoking toplevel() on ptolemy.moml.MoMLSimpleApplication@3be3d18b
----------------- Done invoking toplevel() on ptolemy.moml.MoMLSimpleApplication@3be3d18b
reloadAllAccessors: .ArrayAverage

===========================================================================================
----------------- testing Mon Jul 01 04:49:43 UTC 2019 /home/travis/build/icyphy/ptII/ptolemy/actor/lib/test/auto/ArrayContains.xml
----------------- Instantiating /home/travis/build/icyphy/ptII/ptolemy/actor/lib/test/auto/ArrayContains.xml
9 ms. Memory: 325632K Free: 159230K (49%)
----------------- Invoking toplevel() on ptolemy.moml.MoMLSimpleApplication@11fb8f3b
----------------- Done invoking toplevel() on ptolemy.moml.MoMLSimpleApplication@11fb8f3b
reloadAllAccessors: .ArrayContains

===========================================================================================
----------------- testing Mon Jul 01 04:49:44 UTC 2019 /home/travis/build/icyphy/ptII/ptolemy/actor/lib/test/auto/ArrayElement.xml
----------------- Instantiating /home/travis/build/icyphy/ptII/ptolemy/actor/lib/test/auto/ArrayElement.xml
14 ms. Memory: 325632K Free: 153086K (47%)
----------------- Invoking toplevel() on ptolemy.moml.MoMLSimpleApplication@7121f4a0
----------------- Done invoking toplevel() on ptolemy.moml.MoMLSimpleApplication@7121f4a0
reloadAllAccessors: .ArrayElement

===========================================================================================
----------------- testing Mon Jul 01 04:49:44 UTC 2019 /home/travis/build/icyphy/ptII/ptolemy/actor/lib/test/auto/ArrayElementAsMatrix.xml
----------------- Instantiating /home/travis/build/icyphy/ptII/ptolemy/actor/lib/test/auto/ArrayElementAsMatrix.xml
14 ms. Memory: 651264K Free: 601088K (92%)
----------------- Invoking toplevel() on ptolemy.moml.MoMLSimpleApplication@4b0c0abb
----------------- Done invoking toplevel() on ptolemy.moml.MoMLSimpleApplication@4b0c0abb
reloadAllAccessors: .ArrayElementAsMatrix

===========================================================================================
----------------- testing Mon Jul 01 04:49:44 UTC 2019 /home/travis/build/icyphy/ptII/ptolemy/actor/lib/test/auto/ArrayElementI.xml
----------------- Instantiating /home/travis/build/icyphy/ptII/ptolemy/actor/lib/test/auto/ArrayElementI.xml
4 ms. Memory: 651264K Free: 595968K (92%)
----------------- Invoking toplevel() on ptolemy.moml.MoMLSimpleApplication@6262ae77
----------------- Done invoking toplevel() on ptolemy.moml.MoMLSimpleApplication@6262ae77
reloadAllAccessors: .ArrayElementI

===========================================================================================
----------------- testing Mon Jul 01 04:49:44 UTC 2019 /home/travis/build/icyphy/ptII/ptolemy/actor/lib/test/auto/ArrayExtract.xml
----------------- Instantiating /home/travis/build/icyphy/ptII/ptolemy/actor/lib/test/auto/ArrayExtract.xml
6 ms. Memory: 651264K Free: 587776K (90%)
----------------- Invoking toplevel() on ptolemy.moml.MoMLSimpleApplication@2661523
----------------- Done invoking toplevel() on ptolemy.moml.MoMLSimpleApplication@2661523
reloadAllAccessors: .ArrayExtract

===========================================================================================
----------------- testing Mon Jul 01 04:49:44 UTC 2019 /home/travis/build/icyphy/ptII/ptolemy/actor/lib/test/auto/ArrayExtract2.xml
----------------- Instantiating /home/travis/build/icyphy/ptII/ptolemy/actor/lib/test/auto/ArrayExtract2.xml
3 ms. Memory: 651264K Free: 582111K (89%)
----------------- Invoking toplevel() on ptolemy.moml.MoMLSimpleApplication@790884dc
----------------- Done invoking toplevel() on ptolemy.moml.MoMLSimpleApplication@790884dc
reloadAllAccessors: .ArrayExtract2

===========================================================================================
----------------- testing Mon Jul 01 04:49:44 UTC 2019 /home/travis/build/icyphy/ptII/ptolemy/actor/lib/test/auto/ArrayLength.xml
----------------- Instantiating /home/travis/build/icyphy/ptII/ptolemy/actor/lib/test/auto/ArrayLength.xml
2 ms. Memory: 651264K Free: 578560K (89%)
----------------- Invoking toplevel() on ptolemy.moml.MoMLSimpleApplication@7374a67b
----------------- Done invoking toplevel() on ptolemy.moml.MoMLSimpleApplication@7374a67b
reloadAllAccessors: .ArrayLength

===========================================================================================
----------------- testing Mon Jul 01 04:49:44 UTC 2019 /home/travis/build/icyphy/ptII/ptolemy/actor/lib/test/auto/ArrayLevelCrossing.xml
----------------- Instantiating /home/travis/build/icyphy/ptII/ptolemy/actor/lib/test/auto/ArrayLevelCrossing.xml
6 ms. Memory: 651264K Free: 570368K (88%)
----------------- Invoking toplevel() on ptolemy.moml.MoMLSimpleApplication@5a6fe0ac
----------------- Done invoking toplevel() on ptolemy.moml.MoMLSimpleApplication@5a6fe0ac
reloadAllAccessors: .ArrayLevelCrossing

===========================================================================================
----------------- testing Mon Jul 01 04:49:44 UTC 2019 /home/travis/build/icyphy/ptII/ptolemy/actor/lib/test/auto/ArrayLevelCrossing2.xml
----------------- Instantiating /home/travis/build/icyphy/ptII/ptolemy/actor/lib/test/auto/ArrayLevelCrossing2.xml
4 ms. Memory: 651264K Free: 563695K (87%)
----------------- Invoking toplevel() on ptolemy.moml.MoMLSimpleApplication@74248b05
----------------- Done invoking toplevel() on ptolemy.moml.MoMLSimpleApplication@74248b05
reloadAllAccessors: .ArrayLevelCrossing2

===========================================================================================
----------------- testing Mon Jul 01 04:49:44 UTC 2019 /home/travis/build/icyphy/ptII/ptolemy/actor/lib/test/auto/ArrayPeakSearch.xml
----------------- Instantiating /home/travis/build/icyphy/ptII/ptolemy/actor/lib/test/auto/ArrayPeakSearch.xml
8 ms. Memory: 651264K Free: 554494K (85%)
----------------- Invoking toplevel() on ptolemy.moml.MoMLSimpleApplication@676ead9a
----------------- Done invoking toplevel() on ptolemy.moml.MoMLSimpleApplication@676ead9a
reloadAllAccessors: .ArrayPeakSearch

===========================================================================================
----------------- testing Mon Jul 01 04:49:44 UTC 2019 /home/travis/build/icyphy/ptII/ptolemy/actor/lib/test/auto/ArrayPeakSearch2.xml
----------------- Instantiating /home/travis/build/icyphy/ptII/ptolemy/actor/lib/test/auto/ArrayPeakSearch2.xml
8 ms. Memory: 651264K Free: 544223K (84%)
----------------- Invoking toplevel() on ptolemy.moml.MoMLSimpleApplication@a581fdf
----------------- Done invoking toplevel() on ptolemy.moml.MoMLSimpleApplication@a581fdf
reloadAllAccessors: .ArrayPeakSearch2

===========================================================================================
----------------- testing Mon Jul 01 04:49:44 UTC 2019 /home/travis/build/icyphy/ptII/ptolemy/actor/lib/test/auto/ArrayPeakSearch3.xml
----------------- Instantiating /home/travis/build/icyphy/ptII/ptolemy/actor/lib/test/auto/ArrayPeakSearch3.xml
7 ms. Memory: 651264K Free: 535038K (82%)
----------------- Invoking toplevel() on ptolemy.moml.MoMLSimpleApplication@7fb25604
----------------- Done invoking toplevel() on ptolemy.moml.MoMLSimpleApplication@7fb25604
reloadAllAccessors: .ArrayPeakSearch3

===========================================================================================
----------------- testing Mon Jul 01 04:49:44 UTC 2019 /home/travis/build/icyphy/ptII/ptolemy/actor/lib/test/auto/ArrayRemoveElement.xml
----------------- Instantiating /home/travis/build/icyphy/ptII/ptolemy/actor/lib/test/auto/ArrayRemoveElement.xml
7 ms. Memory: 651264K Free: 527360K (81%)
----------------- Invoking toplevel() on ptolemy.moml.MoMLSimpleApplication@34bc4e00
----------------- Done invoking toplevel() on ptolemy.moml.MoMLSimpleApplication@34bc4e00
reloadAllAccessors: .ArrayRemoveElement

===========================================================================================
----------------- testing Mon Jul 01 04:49:44 UTC 2019 /home/travis/build/icyphy/ptII/ptolemy/actor/lib/test/auto/ArraySort.xml
----------------- Instantiating /home/travis/build/icyphy/ptII/ptolemy/actor/lib/test/auto/ArraySort.xml
5 ms. Memory: 651264K Free: 518144K (80%)
----------------- Invoking toplevel() on ptolemy.moml.MoMLSimpleApplication@43335f67
----------------- Done invoking toplevel() on ptolemy.moml.MoMLSimpleApplication@43335f67
reloadAllAccessors: .ArraySort

===========================================================================================
----------------- testing Mon Jul 01 04:49:44 UTC 2019 /home/travis/build/icyphy/ptII/ptolemy/actor/lib/test/auto/ArraySum.xml
----------------- Instantiating /home/travis/build/icyphy/ptII/ptolemy/actor/lib/test/auto/ArraySum.xml
7 ms. Memory: 651264K Free: 513024K (79%)
----------------- Invoking toplevel() on ptolemy.moml.MoMLSimpleApplication@377b6415
----------------- Done invoking toplevel() on ptolemy.moml.MoMLSimpleApplication@377b6415
reloadAllAccessors: .ArraySum

===========================================================================================
----------------- testing Mon Jul 01 04:49:44 UTC 2019 /home/travis/build/icyphy/ptII/ptolemy/actor/lib/test/auto/ArrayToElements.xml
----------------- Instantiating /home/travis/build/icyphy/ptII/ptolemy/actor/lib/test/auto/ArrayToElements.xml
11 ms. Memory: 651264K Free: 507390K (78%)
----------------- Invoking toplevel() on ptolemy.moml.MoMLSimpleApplication@f32a227
----------------- Done invoking toplevel() on ptolemy.moml.MoMLSimpleApplication@f32a227
reloadAllAccessors: .ArrayToElements

===========================================================================================
----------------- testing Mon Jul 01 04:49:44 UTC 2019 /home/travis/build/icyphy/ptII/ptolemy/actor/lib/test/auto/ArrayToMatrix.xml
----------------- Instantiating /home/travis/build/icyphy/ptII/ptolemy/actor/lib/test/auto/ArrayToMatrix.xml
11 ms. Memory: 651264K Free: 493568K (76%)
----------------- Invoking toplevel() on ptolemy.moml.MoMLSimpleApplication@15dd0b10
----------------- Done invoking toplevel() on ptolemy.moml.MoMLSimpleApplication@15dd0b10
reloadAllAccessors: .ArrayToMatrix

===========================================================================================
----------------- testing Mon Jul 01 04:49:44 UTC 2019 /home/travis/build/icyphy/ptII/ptolemy/actor/lib/test/auto/ArrayUpdate1.xml
----------------- Instantiating /home/travis/build/icyphy/ptII/ptolemy/actor/lib/test/auto/ArrayUpdate1.xml
2 ms. Memory: 651264K Free: 488448K (75%)
----------------- Invoking toplevel() on ptolemy.moml.MoMLSimpleApplication@200a8ebc
----------------- Done invoking toplevel() on ptolemy.moml.MoMLSimpleApplication@200a8ebc
reloadAllAccessors: .ArrayUpdate1

===========================================================================================
----------------- testing Mon Jul 01 04:49:44 UTC 2019 /home/travis/build/icyphy/ptII/ptolemy/actor/lib/test/auto/ArrayUpdate2.xml
----------------- Instantiating /home/travis/build/icyphy/ptII/ptolemy/actor/lib/test/auto/ArrayUpdate2.xml
8 ms. Memory: 651264K Free: 482304K (74%)
----------------- Invoking toplevel() on ptolemy.moml.MoMLSimpleApplication@c03345a
----------------- Done invoking toplevel() on ptolemy.moml.MoMLSimpleApplication@c03345a
reloadAllAccessors: .ArrayUpdate2

===========================================================================================
----------------- testing Mon Jul 01 04:49:44 UTC 2019 /home/travis/build/icyphy/ptII/ptolemy/actor/lib/test/auto/ArrayUpdate3.xml
----------------- Instantiating /home/travis/build/icyphy/ptII/ptolemy/actor/lib/test/auto/ArrayUpdate3.xml
5 ms. Memory: 651264K Free: 477184K (73%)
----------------- Invoking toplevel() on ptolemy.moml.MoMLSimpleApplication@7bff4025
----------------- Done invoking toplevel() on ptolemy.moml.MoMLSimpleApplication@7bff4025
reloadAllAccessors: .ArrayUpdate3

===========================================================================================
----------------- testing Mon Jul 01 04:49:44 UTC 2019 /home/travis/build/icyphy/ptII/ptolemy/actor/lib/test/auto/Assert1.xml
----------------- Instantiating /home/travis/build/icyphy/ptII/ptolemy/actor/lib/test/auto/Assert1.xml
6 ms. Memory: 651264K Free: 473088K (73%)
----------------- Invoking toplevel() on ptolemy.moml.MoMLSimpleApplication@64bd23f6
----------------- Done invoking toplevel() on ptolemy.moml.MoMLSimpleApplication@64bd23f6
reloadAllAccessors: .Assert1

===========================================================================================
----------------- testing Mon Jul 01 04:49:44 UTC 2019 /home/travis/build/icyphy/ptII/ptolemy/actor/lib/test/auto/Assert2.xml
----------------- Instantiating /home/travis/build/icyphy/ptII/ptolemy/actor/lib/test/auto/Assert2.xml
8 ms. Memory: 651264K Free: 467454K (72%)
----------------- Invoking toplevel() on ptolemy.moml.MoMLSimpleApplication@185bf513
----------------- Done invoking toplevel() on ptolemy.moml.MoMLSimpleApplication@185bf513
reloadAllAccessors: .Assert2

===========================================================================================
----------------- testing Mon Jul 01 04:49:44 UTC 2019 /home/travis/build/icyphy/ptII/ptolemy/actor/lib/test/auto/BooleanMultiplexor.xml
----------------- Instantiating /home/travis/build/icyphy/ptII/ptolemy/actor/lib/test/auto/BooleanMultiplexor.xml
3 ms. Memory: 651264K Free: 462319K (71%)
----------------- Invoking toplevel() on ptolemy.moml.MoMLSimpleApplication@7b75928e
----------------- Done invoking toplevel() on ptolemy.moml.MoMLSimpleApplication@7b75928e
reloadAllAccessors: .BooleanMultiplexor

===========================================================================================
----------------- testing Mon Jul 01 04:49:44 UTC 2019 /home/travis/build/icyphy/ptII/ptolemy/actor/lib/test/auto/BooleanMultiplexor2.xml
----------------- Instantiating /home/travis/build/icyphy/ptII/ptolemy/actor/lib/test/auto/BooleanMultiplexor2.xml
15 ms. Memory: 651264K Free: 455680K (70%)
----------------- Invoking toplevel() on ptolemy.moml.MoMLSimpleApplication@163df8ae
----------------- Done invoking toplevel() on ptolemy.moml.MoMLSimpleApplication@163df8ae
reloadAllAccessors: .BooleanMultiplexor2

===========================================================================================
----------------- testing Mon Jul 01 04:49:44 UTC 2019 /home/travis/build/icyphy/ptII/ptolemy/actor/lib/test/auto/BooleanMultiplexor3.xml
----------------- Instantiating /home/travis/build/icyphy/ptII/ptolemy/actor/lib/test/auto/BooleanMultiplexor3.xml
8 ms. Memory: 651264K Free: 452094K (69%)
----------------- Invoking toplevel() on ptolemy.moml.MoMLSimpleApplication@56d64f97
----------------- Done invoking toplevel() on ptolemy.moml.MoMLSimpleApplication@56d64f97
reloadAllAccessors: .BooleanMultiplexor3

===========================================================================================
----------------- testing Mon Jul 01 04:49:45 UTC 2019 /home/travis/build/icyphy/ptII/ptolemy/actor/lib/test/auto/BooleanSelect.xml
----------------- Instantiating /home/travis/build/icyphy/ptII/ptolemy/actor/lib/test/auto/BooleanSelect.xml
8 ms. Memory: 651264K Free: 445919K (68%)
----------------- Invoking toplevel() on ptolemy.moml.MoMLSimpleApplication@ca85140
----------------- Done invoking toplevel() on ptolemy.moml.MoMLSimpleApplication@ca85140
reloadAllAccessors: .BooleanSelect

===========================================================================================
----------------- testing Mon Jul 01 04:49:45 UTC 2019 /home/travis/build/icyphy/ptII/ptolemy/actor/lib/test/auto/BooleanSelect2.xml
----------------- Instantiating /home/travis/build/icyphy/ptII/ptolemy/actor/lib/test/auto/BooleanSelect2.xml
1 ms. Memory: 651264K Free: 600683K (92%)
----------------- Invoking toplevel() on ptolemy.moml.MoMLSimpleApplication@48e7ff5a
----------------- Done invoking toplevel() on ptolemy.moml.MoMLSimpleApplication@48e7ff5a
reloadAllAccessors: .BooleanSelect2

===========================================================================================
----------------- testing Mon Jul 01 04:49:45 UTC 2019 /home/travis/build/icyphy/ptII/ptolemy/actor/lib/test/auto/BooleanSwitch.xml
----------------- Instantiating /home/travis/build/icyphy/ptII/ptolemy/actor/lib/test/auto/BooleanSwitch.xml
10 ms. Memory: 651264K Free: 594539K (91%)
----------------- Invoking toplevel() on ptolemy.moml.MoMLSimpleApplication@da6bc26
----------------- Done invoking toplevel() on ptolemy.moml.MoMLSimpleApplication@da6bc26
reloadAllAccessors: .BooleanSwitch

===========================================================================================
----------------- testing Mon Jul 01 04:49:45 UTC 2019 /home/travis/build/icyphy/ptII/ptolemy/actor/lib/test/auto/BooleanSwitch2.xml
----------------- Instantiating /home/travis/build/icyphy/ptII/ptolemy/actor/lib/test/auto/BooleanSwitch2.xml
2 ms. Memory: 651264K Free: 590443K (91%)
----------------- Invoking toplevel() on ptolemy.moml.MoMLSimpleApplication@380dbfbc
----------------- Done invoking toplevel() on ptolemy.moml.MoMLSimpleApplication@380dbfbc
reloadAllAccessors: .BooleanSwitch2

===========================================================================================
----------------- testing Mon Jul 01 04:49:45 UTC 2019 /home/travis/build/icyphy/ptII/ptolemy/actor/lib/test/auto/BooleanSwitchCloningBugWithClassRelationGroup.xml
----------------- Instantiating /home/travis/build/icyphy/ptII/ptolemy/actor/lib/test/auto/BooleanSwitchCloningBugWithClassRelationGroup.xml
3 ms. Memory: 651264K Free: 583789K (90%)
----------------- Invoking toplevel() on ptolemy.moml.MoMLSimpleApplication@6c999dec
----------------- Done invoking toplevel() on ptolemy.moml.MoMLSimpleApplication@6c999dec
reloadAllAccessors: .BooleanSwitchCloningBugWithClassRelationGroup

===========================================================================================
----------------- testing Mon Jul 01 04:49:45 UTC 2019 /home/travis/build/icyphy/ptII/ptolemy/actor/lib/test/auto/BusActors.xml
----------------- Instantiating /home/travis/build/icyphy/ptII/ptolemy/actor/lib/test/auto/BusActors.xml
4 ms. Memory: 651264K Free: 576621K (89%)
----------------- Invoking toplevel() on ptolemy.moml.MoMLSimpleApplication@52df57ac
----------------- Done invoking toplevel() on ptolemy.moml.MoMLSimpleApplication@52df57ac
reloadAllAccessors: .BusActors

===========================================================================================
----------------- testing Mon Jul 01 04:49:45 UTC 2019 /home/travis/build/icyphy/ptII/ptolemy/actor/lib/test/auto/ClassWrapper.xml
----------------- Instantiating /home/travis/build/icyphy/ptII/ptolemy/actor/lib/test/auto/ClassWrapper.xml
6 ms. Memory: 651264K Free: 572011K (88%)
----------------- Invoking toplevel() on ptolemy.moml.MoMLSimpleApplication@2bdec1ac
----------------- Done invoking toplevel() on ptolemy.moml.MoMLSimpleApplication@2bdec1ac
reloadAllAccessors: .ClassWrapper

===========================================================================================
----------------- testing Mon Jul 01 04:49:45 UTC 2019 /home/travis/build/icyphy/ptII/ptolemy/actor/lib/test/auto/Clock.xml
----------------- Instantiating /home/travis/build/icyphy/ptII/ptolemy/actor/lib/test/auto/Clock.xml
1 ms. Memory: 651264K Free: 568429K (87%)
----------------- Invoking toplevel() on ptolemy.moml.MoMLSimpleApplication@6f8d43ac
----------------- Done invoking toplevel() on ptolemy.moml.MoMLSimpleApplication@6f8d43ac
reloadAllAccessors: .Clock

===========================================================================================
----------------- testing Mon Jul 01 04:49:45 UTC 2019 /home/travis/build/icyphy/ptII/ptolemy/actor/lib/test/auto/Clock10.xml
----------------- Instantiating /home/travis/build/icyphy/ptII/ptolemy/actor/lib/test/auto/Clock10.xml
3 ms. Memory: 651264K Free: 562285K (86%)
----------------- Invoking toplevel() on ptolemy.moml.MoMLSimpleApplication@28592153
----------------- Done invoking toplevel() on ptolemy.moml.MoMLSimpleApplication@28592153
reloadAllAccessors: .Clock10

===========================================================================================
----------------- testing Mon Jul 01 04:49:45 UTC 2019 /home/travis/build/icyphy/ptII/ptolemy/actor/lib/test/auto/Clock11.xml
----------------- Instantiating /home/travis/build/icyphy/ptII/ptolemy/actor/lib/test/auto/Clock11.xml
5 ms. Memory: 651264K Free: 556141K (85%)
----------------- Invoking toplevel() on ptolemy.moml.MoMLSimpleApplication@4094a7d5
----------------- Done invoking toplevel() on ptolemy.moml.MoMLSimpleApplication@4094a7d5
reloadAllAccessors: .Clock11

===========================================================================================
----------------- testing Mon Jul 01 04:49:45 UTC 2019 /home/travis/build/icyphy/ptII/ptolemy/actor/lib/test/auto/Clock12.xml
----------------- Instantiating /home/travis/build/icyphy/ptII/ptolemy/actor/lib/test/auto/Clock12.xml
6 ms. Memory: 651264K Free: 550507K (85%)
----------------- Invoking toplevel() on ptolemy.moml.MoMLSimpleApplication@787a755b
----------------- Done invoking toplevel() on ptolemy.moml.MoMLSimpleApplication@787a755b
reloadAllAccessors: .Clock12

===========================================================================================
----------------- testing Mon Jul 01 04:49:45 UTC 2019 /home/travis/build/icyphy/ptII/ptolemy/actor/lib/test/auto/Clock13.xml
----------------- Instantiating /home/travis/build/icyphy/ptII/ptolemy/actor/lib/test/auto/Clock13.xml
3 ms. Memory: 651264K Free: 544333K (84%)
----------------- Invoking toplevel() on ptolemy.moml.MoMLSimpleApplication@7adceb4f
----------------- Done invoking toplevel() on ptolemy.moml.MoMLSimpleApplication@7adceb4f
reloadAllAccessors: .Clock13

===========================================================================================
----------------- testing Mon Jul 01 04:49:45 UTC 2019 /home/travis/build/icyphy/ptII/ptolemy/actor/lib/test/auto/Clock14.xml
----------------- Instantiating /home/travis/build/icyphy/ptII/ptolemy/actor/lib/test/auto/Clock14.xml
3 ms. Memory: 651264K Free: 538733K (83%)
----------------- Invoking toplevel() on ptolemy.moml.MoMLSimpleApplication@1a0ce0ca
----------------- Done invoking toplevel() on ptolemy.moml.MoMLSimpleApplication@1a0ce0ca
reloadAllAccessors: .Clock14

===========================================================================================
----------------- testing Mon Jul 01 04:49:45 UTC 2019 /home/travis/build/icyphy/ptII/ptolemy/actor/lib/test/auto/Clock15.xml
----------------- Instantiating /home/travis/build/icyphy/ptII/ptolemy/actor/lib/test/auto/Clock15.xml
2 ms. Memory: 651264K Free: 532589K (82%)
----------------- Invoking toplevel() on ptolemy.moml.MoMLSimpleApplication@43d90f6a
----------------- Done invoking toplevel() on ptolemy.moml.MoMLSimpleApplication@43d90f6a
reloadAllAccessors: .Clock15

===========================================================================================
----------------- testing Mon Jul 01 04:49:45 UTC 2019 /home/travis/build/icyphy/ptII/ptolemy/actor/lib/test/auto/Clock16.xml
----------------- Instantiating /home/travis/build/icyphy/ptII/ptolemy/actor/lib/test/auto/Clock16.xml
26 ms. Memory: 651264K Free: 518763K (80%)
----------------- Invoking toplevel() on ptolemy.moml.MoMLSimpleApplication@394ef3d1
----------------- Done invoking toplevel() on ptolemy.moml.MoMLSimpleApplication@394ef3d1
reloadAllAccessors: .Clock16

===========================================================================================
----------------- testing Mon Jul 01 04:49:45 UTC 2019 /home/travis/build/icyphy/ptII/ptolemy/actor/lib/test/auto/Clock17.xml
----------------- Instantiating /home/travis/build/icyphy/ptII/ptolemy/actor/lib/test/auto/Clock17.xml
26 ms. Memory: 651264K Free: 504413K (77%)
----------------- Invoking toplevel() on ptolemy.moml.MoMLSimpleApplication@6826b934
----------------- Done invoking toplevel() on ptolemy.moml.MoMLSimpleApplication@6826b934
reloadAllAccessors: .Clock17

===========================================================================================
----------------- testing Mon Jul 01 04:49:45 UTC 2019 /home/travis/build/icyphy/ptII/ptolemy/actor/lib/test/auto/Clock18.xml
----------------- Instantiating /home/travis/build/icyphy/ptII/ptolemy/actor/lib/test/auto/Clock18.xml
25 ms. Memory: 651264K Free: 491629K (75%)
----------------- Invoking toplevel() on ptolemy.moml.MoMLSimpleApplication@767907df
----------------- Done invoking toplevel() on ptolemy.moml.MoMLSimpleApplication@767907df
reloadAllAccessors: .Clock18

===========================================================================================
----------------- testing Mon Jul 01 04:49:45 UTC 2019 /home/travis/build/icyphy/ptII/ptolemy/actor/lib/test/auto/Clock19.xml
----------------- Instantiating /home/travis/build/icyphy/ptII/ptolemy/actor/lib/test/auto/Clock19.xml
12 ms. Memory: 651264K Free: 478317K (73%)
----------------- Invoking toplevel() on ptolemy.moml.MoMLSimpleApplication@183d92f0
----------------- Done invoking toplevel() on ptolemy.moml.MoMLSimpleApplication@183d92f0
reloadAllAccessors: .Clock19

===========================================================================================
----------------- testing Mon Jul 01 04:49:45 UTC 2019 /home/travis/build/icyphy/ptII/ptolemy/actor/lib/test/auto/Clock2.xml
----------------- Instantiating /home/travis/build/icyphy/ptII/ptolemy/actor/lib/test/auto/Clock2.xml
5 ms. Memory: 651264K Free: 473701K (73%)
----------------- Invoking toplevel() on ptolemy.moml.MoMLSimpleApplication@e0c6dda
----------------- Done invoking toplevel() on ptolemy.moml.MoMLSimpleApplication@e0c6dda
reloadAllAccessors: .Clock2

===========================================================================================
----------------- testing Mon Jul 01 04:49:45 UTC 2019 /home/travis/build/icyphy/ptII/ptolemy/actor/lib/test/auto/Clock20.xml
----------------- Instantiating /home/travis/build/icyphy/ptII/ptolemy/actor/lib/test/auto/Clock20.xml
3 ms. Memory: 651264K Free: 468587K (72%)
----------------- Invoking toplevel() on ptolemy.moml.MoMLSimpleApplication@60b7c0a4
----------------- Done invoking toplevel() on ptolemy.moml.MoMLSimpleApplication@60b7c0a4
reloadAllAccessors: .Clock20

===========================================================================================
----------------- testing Mon Jul 01 04:49:45 UTC 2019 /home/travis/build/icyphy/ptII/ptolemy/actor/lib/test/auto/Clock21.xml
----------------- Instantiating /home/travis/build/icyphy/ptII/ptolemy/actor/lib/test/auto/Clock21.xml
5 ms. Memory: 651264K Free: 462957K (71%)
----------------- Invoking toplevel() on ptolemy.moml.MoMLSimpleApplication@2e13ae30
----------------- Done invoking toplevel() on ptolemy.moml.MoMLSimpleApplication@2e13ae30
reloadAllAccessors: .Clock21

===========================================================================================
----------------- testing Mon Jul 01 04:49:45 UTC 2019 /home/travis/build/icyphy/ptII/ptolemy/actor/lib/test/auto/Clock22.xml
----------------- Instantiating /home/travis/build/icyphy/ptII/ptolemy/actor/lib/test/auto/Clock22.xml
3 ms. Memory: 651264K Free: 457837K (70%)
----------------- Invoking toplevel() on ptolemy.moml.MoMLSimpleApplication@5ded5fe4
----------------- Done invoking toplevel() on ptolemy.moml.MoMLSimpleApplication@5ded5fe4
reloadAllAccessors: .Clock22

===========================================================================================
----------------- testing Mon Jul 01 04:49:45 UTC 2019 /home/travis/build/icyphy/ptII/ptolemy/actor/lib/test/auto/Clock23.xml
----------------- Instantiating /home/travis/build/icyphy/ptII/ptolemy/actor/lib/test/auto/Clock23.xml
8 ms. Memory: 651264K Free: 452203K (69%)
----------------- Invoking toplevel() on ptolemy.moml.MoMLSimpleApplication@401c34d1
----------------- Done invoking toplevel() on ptolemy.moml.MoMLSimpleApplication@401c34d1
reloadAllAccessors: .Clock23

===========================================================================================
----------------- testing Mon Jul 01 04:49:45 UTC 2019 /home/travis/build/icyphy/ptII/ptolemy/actor/lib/test/auto/Clock24.xml
----------------- Instantiating /home/travis/build/icyphy/ptII/ptolemy/actor/lib/test/auto/Clock24.xml
5 ms. Memory: 651264K Free: 447083K (69%)
----------------- Invoking toplevel() on ptolemy.moml.MoMLSimpleApplication@4864c5ea
----------------- Done invoking toplevel() on ptolemy.moml.MoMLSimpleApplication@4864c5ea
reloadAllAccessors: .Clock24

===========================================================================================
----------------- testing Mon Jul 01 04:49:45 UTC 2019 /home/travis/build/icyphy/ptII/ptolemy/actor/lib/test/auto/Clock4.xml
----------------- Instantiating /home/travis/build/icyphy/ptII/ptolemy/actor/lib/test/auto/Clock4.xml
2 ms. Memory: 651264K Free: 441933K (68%)
----------------- Invoking toplevel() on ptolemy.moml.MoMLSimpleApplication@25e54e98
----------------- Done invoking toplevel() on ptolemy.moml.MoMLSimpleApplication@25e54e98
reloadAllAccessors: .Clock4

===========================================================================================
----------------- testing Mon Jul 01 04:49:45 UTC 2019 /home/travis/build/icyphy/ptII/ptolemy/actor/lib/test/auto/Clock5.xml
----------------- Instantiating /home/travis/build/icyphy/ptII/ptolemy/actor/lib/test/auto/Clock5.xml
2 ms. Memory: 651264K Free: 436333K (67%)
----------------- Invoking toplevel() on ptolemy.moml.MoMLSimpleApplication@567da443
----------------- Done invoking toplevel() on ptolemy.moml.MoMLSimpleApplication@567da443
reloadAllAccessors: .Clock5

===========================================================================================
----------------- testing Mon Jul 01 04:49:45 UTC 2019 /home/travis/build/icyphy/ptII/ptolemy/actor/lib/test/auto/Clock6.xml
----------------- Instantiating /home/travis/build/icyphy/ptII/ptolemy/actor/lib/test/auto/Clock6.xml
1 ms. Memory: 651264K Free: 432747K (66%)
----------------- Invoking toplevel() on ptolemy.moml.MoMLSimpleApplication@4d42a7be
----------------- Done invoking toplevel() on ptolemy.moml.MoMLSimpleApplication@4d42a7be
reloadAllAccessors: .Clock6

===========================================================================================
----------------- testing Mon Jul 01 04:49:45 UTC 2019 /home/travis/build/icyphy/ptII/ptolemy/actor/lib/test/auto/Clock7.xml
----------------- Instantiating /home/travis/build/icyphy/ptII/ptolemy/actor/lib/test/auto/Clock7.xml
2 ms. Memory: 651264K Free: 427627K (66%)
----------------- Invoking toplevel() on ptolemy.moml.MoMLSimpleApplication@7a4ca796
----------------- Done invoking toplevel() on ptolemy.moml.MoMLSimpleApplication@7a4ca796
reloadAllAccessors: .Clock7

===========================================================================================
----------------- testing Mon Jul 01 04:49:45 UTC 2019 /home/travis/build/icyphy/ptII/ptolemy/actor/lib/test/auto/Clock8.xml
----------------- Instantiating /home/travis/build/icyphy/ptII/ptolemy/actor/lib/test/auto/Clock8.xml
5 ms. Memory: 651264K Free: 422493K (65%)
----------------- Invoking toplevel() on ptolemy.moml.MoMLSimpleApplication@d2d9940
----------------- Done invoking toplevel() on ptolemy.moml.MoMLSimpleApplication@d2d9940
reloadAllAccessors: .Clock8

===========================================================================================
----------------- testing Mon Jul 01 04:49:45 UTC 2019 /home/travis/build/icyphy/ptII/ptolemy/actor/lib/test/auto/Clock9.xml
----------------- Instantiating /home/travis/build/icyphy/ptII/ptolemy/actor/lib/test/auto/Clock9.xml
5 ms. Memory: 651264K Free: 416877K (64%)
----------------- Invoking toplevel() on ptolemy.moml.MoMLSimpleApplication@8e5cb99
----------------- Done invoking toplevel() on ptolemy.moml.MoMLSimpleApplication@8e5cb99
reloadAllAccessors: .Clock9

===========================================================================================
----------------- testing Mon Jul 01 04:49:45 UTC 2019 /home/travis/build/icyphy/ptII/ptolemy/actor/lib/test/auto/CommDistDiscard.xml
----------------- Instantiating /home/travis/build/icyphy/ptII/ptolemy/actor/lib/test/auto/CommDistDiscard.xml
2 ms. Memory: 651264K Free: 411243K (63%)
----------------- Invoking toplevel() on ptolemy.moml.MoMLSimpleApplication@37be1658
----------------- Done invoking toplevel() on ptolemy.moml.MoMLSimpleApplication@37be1658
reloadAllAccessors: .CommDistDiscard

===========================================================================================
----------------- testing Mon Jul 01 04:49:46 UTC 2019 /home/travis/build/icyphy/ptII/ptolemy/actor/lib/test/auto/Commutator.xml
----------------- Instantiating /home/travis/build/icyphy/ptII/ptolemy/actor/lib/test/auto/Commutator.xml
2 ms. Memory: 651264K Free: 407147K (63%)
----------------- Invoking toplevel() on ptolemy.moml.MoMLSimpleApplication@728cf710
----------------- Done invoking toplevel() on ptolemy.moml.MoMLSimpleApplication@728cf710
reloadAllAccessors: .Commutator

===========================================================================================
----------------- testing Mon Jul 01 04:49:46 UTC 2019 /home/travis/build/icyphy/ptII/ptolemy/actor/lib/test/auto/Commutator2.xml
----------------- Instantiating /home/travis/build/icyphy/ptII/ptolemy/actor/lib/test/auto/Commutator2.xml
2 ms. Memory: 651264K Free: 402541K (62%)
----------------- Invoking toplevel() on ptolemy.moml.MoMLSimpleApplication@34dcad54
----------------- Done invoking toplevel() on ptolemy.moml.MoMLSimpleApplication@34dcad54
reloadAllAccessors: .Commutator2

===========================================================================================
----------------- testing Mon Jul 01 04:49:46 UTC 2019 /home/travis/build/icyphy/ptII/ptolemy/actor/lib/test/auto/Commutator3.xml
----------------- Instantiating /home/travis/build/icyphy/ptII/ptolemy/actor/lib/test/auto/Commutator3.xml
2 ms. Memory: 651264K Free: 602189K (92%)
----------------- Invoking toplevel() on ptolemy.moml.MoMLSimpleApplication@68a45239
----------------- Done invoking toplevel() on ptolemy.moml.MoMLSimpleApplication@68a45239
reloadAllAccessors: .Commutator3

===========================================================================================
----------------- testing Mon Jul 01 04:49:46 UTC 2019 /home/travis/build/icyphy/ptII/ptolemy/actor/lib/test/auto/Compare.xml
----------------- Instantiating /home/travis/build/icyphy/ptII/ptolemy/actor/lib/test/auto/Compare.xml
2 ms. Memory: 651264K Free: 595454K (91%)
----------------- Invoking toplevel() on ptolemy.moml.MoMLSimpleApplication@437aa920
----------------- Done invoking toplevel() on ptolemy.moml.MoMLSimpleApplication@437aa920
reloadAllAccessors: .Compare

===========================================================================================
----------------- testing Mon Jul 01 04:49:46 UTC 2019 /home/travis/build/icyphy/ptII/ptolemy/actor/lib/test/auto/CompareDE.xml
----------------- Instantiating /home/travis/build/icyphy/ptII/ptolemy/actor/lib/test/auto/CompareDE.xml
4 ms. Memory: 651264K Free: 588286K (90%)
----------------- Invoking toplevel() on ptolemy.moml.MoMLSimpleApplication@5ba4c2ee
----------------- Done invoking toplevel() on ptolemy.moml.MoMLSimpleApplication@5ba4c2ee
reloadAllAccessors: .CompareDE

===========================================================================================
----------------- testing Mon Jul 01 04:49:46 UTC 2019 /home/travis/build/icyphy/ptII/ptolemy/actor/lib/test/auto/ComplexDivide.xml
----------------- Instantiating /home/travis/build/icyphy/ptII/ptolemy/actor/lib/test/auto/ComplexDivide.xml
1 ms. Memory: 651264K Free: 584704K (90%)
----------------- Invoking toplevel() on ptolemy.moml.MoMLSimpleApplication@29c70e38
----------------- Done invoking toplevel() on ptolemy.moml.MoMLSimpleApplication@29c70e38
reloadAllAccessors: .ComplexDivide

===========================================================================================
----------------- testing Mon Jul 01 04:49:46 UTC 2019 /home/travis/build/icyphy/ptII/ptolemy/actor/lib/test/auto/ComputeHistogram.xml
----------------- Instantiating /home/travis/build/icyphy/ptII/ptolemy/actor/lib/test/auto/ComputeHistogram.xml
39 ms. Memory: 651264K Free: 571902K (88%)
----------------- Invoking toplevel() on ptolemy.moml.MoMLSimpleApplication@4be2d153
----------------- Done invoking toplevel() on ptolemy.moml.MoMLSimpleApplication@4be2d153
reloadAllAccessors: .ComputeHistogram

===========================================================================================
----------------- testing Mon Jul 01 04:49:46 UTC 2019 /home/travis/build/icyphy/ptII/ptolemy/actor/lib/test/auto/ConfigurationSelect.xml
----------------- Instantiating /home/travis/build/icyphy/ptII/ptolemy/actor/lib/test/auto/ConfigurationSelect.xml
8 ms. Memory: 651264K Free: 566767K (87%)
----------------- Invoking toplevel() on ptolemy.moml.MoMLSimpleApplication@f00cab6
----------------- Done invoking toplevel() on ptolemy.moml.MoMLSimpleApplication@f00cab6
reloadAllAccessors: .ConfigurationSelect

===========================================================================================
----------------- testing Mon Jul 01 04:49:46 UTC 2019 /home/travis/build/icyphy/ptII/ptolemy/actor/lib/test/auto/ConfigurationSelect2.xml
----------------- Instantiating /home/travis/build/icyphy/ptII/ptolemy/actor/lib/test/auto/ConfigurationSelect2.xml
2 ms. Memory: 651264K Free: 562176K (86%)
----------------- Invoking toplevel() on ptolemy.moml.MoMLSimpleApplication@233bf00d
----------------- Done invoking toplevel() on ptolemy.moml.MoMLSimpleApplication@233bf00d
reloadAllAccessors: .ConfigurationSelect2

===========================================================================================
----------------- testing Mon Jul 01 04:49:46 UTC 2019 /home/travis/build/icyphy/ptII/ptolemy/actor/lib/test/auto/ConfigurationSwitch.xml
----------------- Instantiating /home/travis/build/icyphy/ptII/ptolemy/actor/lib/test/auto/ConfigurationSwitch.xml
2 ms. Memory: 651264K Free: 556542K (85%)
----------------- Invoking toplevel() on ptolemy.moml.MoMLSimpleApplication@10e0e88b
----------------- Done invoking toplevel() on ptolemy.moml.MoMLSimpleApplication@10e0e88b
reloadAllAccessors: .ConfigurationSwitch

===========================================================================================
----------------- testing Mon Jul 01 04:49:46 UTC 2019 /home/travis/build/icyphy/ptII/ptolemy/actor/lib/test/auto/ConfigurationSwitch2.xml
----------------- Instantiating /home/travis/build/icyphy/ptII/ptolemy/actor/lib/test/auto/ConfigurationSwitch2.xml
3 ms. Memory: 651264K Free: 551422K (85%)
----------------- Invoking toplevel() on ptolemy.moml.MoMLSimpleApplication@615fc45c
----------------- Done invoking toplevel() on ptolemy.moml.MoMLSimpleApplication@615fc45c
reloadAllAccessors: .ConfigurationSwitch2

===========================================================================================
----------------- testing Mon Jul 01 04:49:46 UTC 2019 /home/travis/build/icyphy/ptII/ptolemy/actor/lib/test/auto/ConfigurationSwitchCloningBugWithClassRelationGroup.xml
----------------- Instantiating /home/travis/build/icyphy/ptII/ptolemy/actor/lib/test/auto/ConfigurationSwitchCloningBugWithClassRelationGroup.xml
1 ms. Memory: 651264K Free: 544254K (84%)
----------------- Invoking toplevel() on ptolemy.moml.MoMLSimpleApplication@30650d6b
----------------- Done invoking toplevel() on ptolemy.moml.MoMLSimpleApplication@30650d6b
reloadAllAccessors: .ConfigurationSwitchCloningBugWithClassRelationGroup

===========================================================================================
----------------- testing Mon Jul 01 04:49:46 UTC 2019 /home/travis/build/icyphy/ptII/ptolemy/actor/lib/test/auto/ConfigurationSwitchSelectSDF.xml
----------------- Instantiating /home/travis/build/icyphy/ptII/ptolemy/actor/lib/test/auto/ConfigurationSwitchSelectSDF.xml
2 ms. Memory: 651264K Free: 538110K (83%)
----------------- Invoking toplevel() on ptolemy.moml.MoMLSimpleApplication@79bbfc8c
----------------- Done invoking toplevel() on ptolemy.moml.MoMLSimpleApplication@79bbfc8c
reloadAllAccessors: .ConfigurationSwitchSelectSDF

===========================================================================================
----------------- testing Mon Jul 01 04:49:46 UTC 2019 /home/travis/build/icyphy/ptII/ptolemy/actor/lib/test/auto/ConfigurationSwitchSelectSDF2.xml
----------------- Instantiating /home/travis/build/icyphy/ptII/ptolemy/actor/lib/test/auto/ConfigurationSwitchSelectSDF2.xml
2 ms. Memory: 651264K Free: 532480K (82%)
----------------- Invoking toplevel() on ptolemy.moml.MoMLSimpleApplication@8a085a4
----------------- Done invoking toplevel() on ptolemy.moml.MoMLSimpleApplication@8a085a4
reloadAllAccessors: .ConfigurationSwitchSelectSDF2

===========================================================================================
----------------- testing Mon Jul 01 04:49:46 UTC 2019 /home/travis/build/icyphy/ptII/ptolemy/actor/lib/test/auto/Const.xml
----------------- Instantiating /home/travis/build/icyphy/ptII/ptolemy/actor/lib/test/auto/Const.xml
1 ms. Memory: 651264K Free: 528894K (81%)
----------------- Invoking toplevel() on ptolemy.moml.MoMLSimpleApplication@21cb9854
----------------- Done invoking toplevel() on ptolemy.moml.MoMLSimpleApplication@21cb9854
reloadAllAccessors: .Const

===========================================================================================
----------------- testing Mon Jul 01 04:49:46 UTC 2019 /home/travis/build/icyphy/ptII/ptolemy/actor/lib/test/auto/Const2.xml
----------------- Instantiating /home/travis/build/icyphy/ptII/ptolemy/actor/lib/test/auto/Const2.xml
1 ms. Memory: 651264K Free: 525312K (81%)
----------------- Invoking toplevel() on ptolemy.moml.MoMLSimpleApplication@39c4b5d5
----------------- Done invoking toplevel() on ptolemy.moml.MoMLSimpleApplication@39c4b5d5
reloadAllAccessors: .Const2

===========================================================================================
----------------- testing Mon Jul 01 04:49:46 UTC 2019 /home/travis/build/icyphy/ptII/ptolemy/actor/lib/test/auto/Const3.xml
----------------- Instantiating /home/travis/build/icyphy/ptII/ptolemy/actor/lib/test/auto/Const3.xml
1 ms. Memory: 651264K Free: 522240K (80%)
----------------- Invoking toplevel() on ptolemy.moml.MoMLSimpleApplication@6f4a21ce
----------------- Done invoking toplevel() on ptolemy.moml.MoMLSimpleApplication@6f4a21ce
reloadAllAccessors: .Const3

===========================================================================================
----------------- testing Mon Jul 01 04:49:46 UTC 2019 /home/travis/build/icyphy/ptII/ptolemy/actor/lib/test/auto/ConstantPublisherPort1.xml
----------------- Instantiating /home/travis/build/icyphy/ptII/ptolemy/actor/lib/test/auto/ConstantPublisherPort1.xml
5 ms. Memory: 651264K Free: 513534K (79%)
----------------- Invoking toplevel() on ptolemy.moml.MoMLSimpleApplication@3e9f3955
----------------- Done invoking toplevel() on ptolemy.moml.MoMLSimpleApplication@3e9f3955
reloadAllAccessors: .ConstantPublisherPort1

===========================================================================================
----------------- testing Mon Jul 01 04:49:46 UTC 2019 /home/travis/build/icyphy/ptII/ptolemy/actor/lib/test/auto/ConstantPublisherPort2.xml
----------------- Instantiating /home/travis/build/icyphy/ptII/ptolemy/actor/lib/test/auto/ConstantPublisherPort2.xml
4 ms. Memory: 651264K Free: 506366K (78%)
----------------- Invoking toplevel() on ptolemy.moml.MoMLSimpleApplication@8eea55b
----------------- Done invoking toplevel() on ptolemy.moml.MoMLSimpleApplication@8eea55b
reloadAllAccessors: .ConstantPublisherPort2

===========================================================================================
----------------- testing Mon Jul 01 04:49:46 UTC 2019 /home/travis/build/icyphy/ptII/ptolemy/actor/lib/test/auto/ConstantPublisherPort3.xml
----------------- Instantiating /home/travis/build/icyphy/ptII/ptolemy/actor/lib/test/auto/ConstantPublisherPort3.xml
6 ms. Memory: 651264K Free: 498688K (77%)
----------------- Invoking toplevel() on ptolemy.moml.MoMLSimpleApplication@450d3d2f
----------------- Done invoking toplevel() on ptolemy.moml.MoMLSimpleApplication@450d3d2f
reloadAllAccessors: .ConstantPublisherPort3

===========================================================================================
----------------- testing Mon Jul 01 04:49:46 UTC 2019 /home/travis/build/icyphy/ptII/ptolemy/actor/lib/test/auto/ConstantPublisherPort4.xml
----------------- Instantiating /home/travis/build/icyphy/ptII/ptolemy/actor/lib/test/auto/ConstantPublisherPort4.xml
2 ms. Memory: 651264K Free: 492015K (76%)
----------------- Invoking toplevel() on ptolemy.moml.MoMLSimpleApplication@335ede39
----------------- Done invoking toplevel() on ptolemy.moml.MoMLSimpleApplication@335ede39
reloadAllAccessors: .ConstantPublisherPort4

===========================================================================================
----------------- testing Mon Jul 01 04:49:46 UTC 2019 /home/travis/build/icyphy/ptII/ptolemy/actor/lib/test/auto/ConstantPublisherPort5.xml
----------------- Instantiating /home/travis/build/icyphy/ptII/ptolemy/actor/lib/test/auto/ConstantPublisherPort5.xml
30 ms. Memory: 651264K Free: 482304K (74%)
----------------- Invoking toplevel() on ptolemy.moml.MoMLSimpleApplication@67568738
----------------- Done invoking toplevel() on ptolemy.moml.MoMLSimpleApplication@67568738
reloadAllAccessors: .ConstantPublisherPort5

===========================================================================================
----------------- testing Mon Jul 01 04:49:46 UTC 2019 /home/travis/build/icyphy/ptII/ptolemy/actor/lib/test/auto/ConstantPublisherPort6.xml
----------------- Instantiating /home/travis/build/icyphy/ptII/ptolemy/actor/lib/test/auto/ConstantPublisherPort6.xml
14 ms. Memory: 651264K Free: 473088K (73%)
----------------- Invoking toplevel() on ptolemy.moml.MoMLSimpleApplication@3d00cda
----------------- Done invoking toplevel() on ptolemy.moml.MoMLSimpleApplication@3d00cda
reloadAllAccessors: .ConstantPublisherPort6

===========================================================================================
----------------- testing Mon Jul 01 04:49:46 UTC 2019 /home/travis/build/icyphy/ptII/ptolemy/actor/lib/test/auto/ConstantPublisherPort7.xml
----------------- Instantiating /home/travis/build/icyphy/ptII/ptolemy/actor/lib/test/auto/ConstantPublisherPort7.xml
18 ms. Memory: 651264K Free: 464382K (71%)
----------------- Invoking toplevel() on ptolemy.moml.MoMLSimpleApplication@5ff55371
----------------- Done invoking toplevel() on ptolemy.moml.MoMLSimpleApplication@5ff55371
reloadAllAccessors: .ConstantPublisherPort7

===========================================================================================
----------------- testing Mon Jul 01 04:49:46 UTC 2019 /home/travis/build/icyphy/ptII/ptolemy/actor/lib/test/auto/ConstraintMonitor1.xml
----------------- Instantiating /home/travis/build/icyphy/ptII/ptolemy/actor/lib/test/auto/ConstraintMonitor1.xml
5 ms. Memory: 651264K Free: 459262K (71%)
----------------- Invoking toplevel() on ptolemy.moml.MoMLSimpleApplication@73de684a
----------------- Done invoking toplevel() on ptolemy.moml.MoMLSimpleApplication@73de684a
reloadAllAccessors: .ConstraintMonitor1

===========================================================================================
----------------- testing Mon Jul 01 04:49:46 UTC 2019 /home/travis/build/icyphy/ptII/ptolemy/actor/lib/test/auto/ConstraintMonitor2.xml
----------------- Instantiating /home/travis/build/icyphy/ptII/ptolemy/actor/lib/test/auto/ConstraintMonitor2.xml
3 ms. Memory: 651264K Free: 455166K (70%)
----------------- Invoking toplevel() on ptolemy.moml.MoMLSimpleApplication@1ac5e997
----------------- Done invoking toplevel() on ptolemy.moml.MoMLSimpleApplication@1ac5e997
reloadAllAccessors: .ConstraintMonitor2

===========================================================================================
----------------- testing Mon Jul 01 04:49:46 UTC 2019 /home/travis/build/icyphy/ptII/ptolemy/actor/lib/test/auto/ConstraintMonitor3.xml
----------------- Instantiating /home/travis/build/icyphy/ptII/ptolemy/actor/lib/test/auto/ConstraintMonitor3.xml
4 ms. Memory: 651264K Free: 450560K (69%)
----------------- Invoking toplevel() on ptolemy.moml.MoMLSimpleApplication@64fa5180
----------------- Done invoking toplevel() on ptolemy.moml.MoMLSimpleApplication@64fa5180
reloadAllAccessors: .ConstraintMonitor3

===========================================================================================
----------------- testing Mon Jul 01 04:49:46 UTC 2019 /home/travis/build/icyphy/ptII/ptolemy/actor/lib/test/auto/ConstraintMonitor4.xml
----------------- Instantiating /home/travis/build/icyphy/ptII/ptolemy/actor/lib/test/auto/ConstraintMonitor4.xml
1 ms. Memory: 651264K Free: 445440K (68%)
----------------- Invoking toplevel() on ptolemy.moml.MoMLSimpleApplication@79a38487
----------------- Done invoking toplevel() on ptolemy.moml.MoMLSimpleApplication@79a38487
reloadAllAccessors: .ConstraintMonitor4

===========================================================================================
----------------- testing Mon Jul 01 04:49:46 UTC 2019 /home/travis/build/icyphy/ptII/ptolemy/actor/lib/test/auto/ConstraintMonitor5.xml
----------------- Instantiating /home/travis/build/icyphy/ptII/ptolemy/actor/lib/test/auto/ConstraintMonitor5.xml
1 ms. Memory: 651264K Free: 440830K (68%)
----------------- Invoking toplevel() on ptolemy.moml.MoMLSimpleApplication@4c634976
----------------- Done invoking toplevel() on ptolemy.moml.MoMLSimpleApplication@4c634976
reloadAllAccessors: .ConstraintMonitor5

===========================================================================================
----------------- testing Mon Jul 01 04:49:46 UTC 2019 /home/travis/build/icyphy/ptII/ptolemy/actor/lib/test/auto/ConstraintMonitor6.xml
----------------- Instantiating /home/travis/build/icyphy/ptII/ptolemy/actor/lib/test/auto/ConstraintMonitor6.xml
3 ms. Memory: 651264K Free: 434679K (67%)
----------------- Invoking toplevel() on ptolemy.moml.MoMLSimpleApplication@a76d746
----------------- Done invoking toplevel() on ptolemy.moml.MoMLSimpleApplication@a76d746
reloadAllAccessors: .ConstraintMonitor6

===========================================================================================
----------------- testing Mon Jul 01 04:49:46 UTC 2019 /home/travis/build/icyphy/ptII/ptolemy/actor/lib/test/auto/ConstraintMonitor7.xml
----------------- Instantiating /home/travis/build/icyphy/ptII/ptolemy/actor/lib/test/auto/ConstraintMonitor7.xml
5 ms. Memory: 651264K Free: 428032K (66%)
----------------- Invoking toplevel() on ptolemy.moml.MoMLSimpleApplication@22552a7
----------------- Done invoking toplevel() on ptolemy.moml.MoMLSimpleApplication@22552a7
reloadAllAccessors: .ConstraintMonitor7

===========================================================================================
----------------- testing Mon Jul 01 04:49:46 UTC 2019 /home/travis/build/icyphy/ptII/ptolemy/actor/lib/test/auto/ConstraintMonitor8.xml
----------------- Instantiating /home/travis/build/icyphy/ptII/ptolemy/actor/lib/test/auto/ConstraintMonitor8.xml
6 ms. Memory: 651264K Free: 420864K (65%)
----------------- Invoking toplevel() on ptolemy.moml.MoMLSimpleApplication@399b56d2
----------------- Done invoking toplevel() on ptolemy.moml.MoMLSimpleApplication@399b56d2
reloadAllAccessors: .ConstraintMonitor8

===========================================================================================
----------------- testing Mon Jul 01 04:49:46 UTC 2019 /home/travis/build/icyphy/ptII/ptolemy/actor/lib/test/auto/Counter.xml
----------------- Instantiating /home/travis/build/icyphy/ptII/ptolemy/actor/lib/test/auto/Counter.xml
2 ms. Memory: 651264K Free: 415744K (64%)
----------------- Invoking toplevel() on ptolemy.moml.MoMLSimpleApplication@143185da
----------------- Done invoking toplevel() on ptolemy.moml.MoMLSimpleApplication@143185da
reloadAllAccessors: .Counter

===========================================================================================
----------------- testing Mon Jul 01 04:49:46 UTC 2019 /home/travis/build/icyphy/ptII/ptolemy/actor/lib/test/auto/CurrentTimeSDF.xml
----------------- Instantiating /home/travis/build/icyphy/ptII/ptolemy/actor/lib/test/auto/CurrentTimeSDF.xml
1 ms. Memory: 651264K Free: 412158K (63%)
----------------- Invoking toplevel() on ptolemy.moml.MoMLSimpleApplication@38e0b4ef
----------------- Done invoking toplevel() on ptolemy.moml.MoMLSimpleApplication@38e0b4ef
reloadAllAccessors: .CurrentTimeSDF

===========================================================================================
----------------- testing Mon Jul 01 04:49:46 UTC 2019 /home/travis/build/icyphy/ptII/ptolemy/actor/lib/test/auto/DB.xml
----------------- Instantiating /home/travis/build/icyphy/ptII/ptolemy/actor/lib/test/auto/DB.xml
2 ms. Memory: 651264K Free: 407038K (62%)
----------------- Invoking toplevel() on ptolemy.moml.MoMLSimpleApplication@230cd41d
----------------- Done invoking toplevel() on ptolemy.moml.MoMLSimpleApplication@230cd41d
reloadAllAccessors: .DB

===========================================================================================
----------------- testing Mon Jul 01 04:49:46 UTC 2019 /home/travis/build/icyphy/ptII/ptolemy/actor/lib/test/auto/DBDE.xml
----------------- Instantiating /home/travis/build/icyphy/ptII/ptolemy/actor/lib/test/auto/DBDE.xml
2 ms. Memory: 651264K Free: 400879K (62%)
----------------- Invoking toplevel() on ptolemy.moml.MoMLSimpleApplication@176df2d1
----------------- Done invoking toplevel() on ptolemy.moml.MoMLSimpleApplication@176df2d1
reloadAllAccessors: .DBDE

===========================================================================================
----------------- testing Mon Jul 01 04:49:46 UTC 2019 /home/travis/build/icyphy/ptII/ptolemy/actor/lib/test/auto/DateConstructor.xml
----------------- Instantiating /home/travis/build/icyphy/ptII/ptolemy/actor/lib/test/auto/DateConstructor.xml
34 ms. Memory: 651264K Free: 383486K (59%)
----------------- Invoking toplevel() on ptolemy.moml.MoMLSimpleApplication@322298b
----------------- Done invoking toplevel() on ptolemy.moml.MoMLSimpleApplication@322298b
reloadAllAccessors: .DateConstructor

===========================================================================================
----------------- testing Mon Jul 01 04:49:47 UTC 2019 /home/travis/build/icyphy/ptII/ptolemy/actor/lib/test/auto/DelayTime.xml
----------------- Instantiating /home/travis/build/icyphy/ptII/ptolemy/actor/lib/test/auto/DelayTime.xml
7 ms. Memory: 651264K Free: 378366K (58%)
----------------- Invoking toplevel() on ptolemy.moml.MoMLSimpleApplication@4c92001f
----------------- Done invoking toplevel() on ptolemy.moml.MoMLSimpleApplication@4c92001f
reloadAllAccessors: .DelayTime

===========================================================================================
----------------- testing Mon Jul 01 04:49:47 UTC 2019 /home/travis/build/icyphy/ptII/ptolemy/actor/lib/test/auto/Dictionary1.xml
----------------- Instantiating /home/travis/build/icyphy/ptII/ptolemy/actor/lib/test/auto/Dictionary1.xml
2 ms. Memory: 651264K Free: 372736K (57%)
----------------- Invoking toplevel() on ptolemy.moml.MoMLSimpleApplication@7278680
----------------- Done invoking toplevel() on ptolemy.moml.MoMLSimpleApplication@7278680
reloadAllAccessors: .Dictionary1

===========================================================================================
----------------- testing Mon Jul 01 04:49:47 UTC 2019 /home/travis/build/icyphy/ptII/ptolemy/actor/lib/test/auto/Dictionary2.xml
----------------- Instantiating /home/travis/build/icyphy/ptII/ptolemy/actor/lib/test/auto/Dictionary2.xml
3 ms. Memory: 651264K Free: 367102K (56%)
----------------- Invoking toplevel() on ptolemy.moml.MoMLSimpleApplication@6351886a
----------------- Done invoking toplevel() on ptolemy.moml.MoMLSimpleApplication@6351886a
reloadAllAccessors: .Dictionary2

===========================================================================================
----------------- testing Mon Jul 01 04:49:47 UTC 2019 /home/travis/build/icyphy/ptII/ptolemy/actor/lib/test/auto/Dictionary3.xml
----------------- Instantiating /home/travis/build/icyphy/ptII/ptolemy/actor/lib/test/auto/Dictionary3.xml
2 ms. Memory: 651264K Free: 361982K (56%)
----------------- Invoking toplevel() on ptolemy.moml.MoMLSimpleApplication@647e8fbc
----------------- Done invoking toplevel() on ptolemy.moml.MoMLSimpleApplication@647e8fbc
reloadAllAccessors: .Dictionary3

===========================================================================================
----------------- testing Mon Jul 01 04:49:47 UTC 2019 /home/travis/build/icyphy/ptII/ptolemy/actor/lib/test/auto/Dictionary4.xml
----------------- Instantiating /home/travis/build/icyphy/ptII/ptolemy/actor/lib/test/auto/Dictionary4.xml
4 ms. Memory: 651264K Free: 354807K (54%)
----------------- Invoking toplevel() on ptolemy.moml.MoMLSimpleApplication@28db8f1f
----------------- Done invoking toplevel() on ptolemy.moml.MoMLSimpleApplication@28db8f1f
reloadAllAccessors: .Dictionary4

===========================================================================================
----------------- testing Mon Jul 01 04:49:47 UTC 2019 /home/travis/build/icyphy/ptII/ptolemy/actor/lib/test/auto/Differential.xml
----------------- Instantiating /home/travis/build/icyphy/ptII/ptolemy/actor/lib/test/auto/Differential.xml
4 ms. Memory: 651264K Free: 350208K (54%)
----------------- Invoking toplevel() on ptolemy.moml.MoMLSimpleApplication@4b017c54
----------------- Done invoking toplevel() on ptolemy.moml.MoMLSimpleApplication@4b017c54
reloadAllAccessors: .Differential

===========================================================================================
----------------- testing Mon Jul 01 04:49:47 UTC 2019 /home/travis/build/icyphy/ptII/ptolemy/actor/lib/test/auto/Director.xml
----------------- Instantiating /home/travis/build/icyphy/ptII/ptolemy/actor/lib/test/auto/Director.xml
2 ms. Memory: 651264K Free: 347136K (53%)
----------------- Invoking toplevel() on ptolemy.moml.MoMLSimpleApplication@79caa333
----------------- Done invoking toplevel() on ptolemy.moml.MoMLSimpleApplication@79caa333
reloadAllAccessors: .Director

===========================================================================================
----------------- testing Mon Jul 01 04:49:47 UTC 2019 /home/travis/build/icyphy/ptII/ptolemy/actor/lib/test/auto/DiscreteClock.xml
----------------- Instantiating /home/travis/build/icyphy/ptII/ptolemy/actor/lib/test/auto/DiscreteClock.xml
2 ms. Memory: 651264K Free: 343040K (53%)
----------------- Invoking toplevel() on ptolemy.moml.MoMLSimpleApplication@4b5301d2
----------------- Done invoking toplevel() on ptolemy.moml.MoMLSimpleApplication@4b5301d2
reloadAllAccessors: .DiscreteClock

===========================================================================================
----------------- testing Mon Jul 01 04:49:47 UTC 2019 /home/travis/build/icyphy/ptII/ptolemy/actor/lib/test/auto/DiscreteClock10.xml
----------------- Instantiating /home/travis/build/icyphy/ptII/ptolemy/actor/lib/test/auto/DiscreteClock10.xml
4 ms. Memory: 651264K Free: 336896K (52%)
----------------- Invoking toplevel() on ptolemy.moml.MoMLSimpleApplication@7f63533
----------------- Done invoking toplevel() on ptolemy.moml.MoMLSimpleApplication@7f63533
reloadAllAccessors: .DiscreteClock10

===========================================================================================
----------------- testing Mon Jul 01 04:49:47 UTC 2019 /home/travis/build/icyphy/ptII/ptolemy/actor/lib/test/auto/DiscreteClock11.xml
----------------- Instantiating /home/travis/build/icyphy/ptII/ptolemy/actor/lib/test/auto/DiscreteClock11.xml
3 ms. Memory: 651264K Free: 330752K (51%)
----------------- Invoking toplevel() on ptolemy.moml.MoMLSimpleApplication@45bd1719
----------------- Done invoking toplevel() on ptolemy.moml.MoMLSimpleApplication@45bd1719
reloadAllAccessors: .DiscreteClock11

===========================================================================================
----------------- testing Mon Jul 01 04:49:47 UTC 2019 /home/travis/build/icyphy/ptII/ptolemy/actor/lib/test/auto/DiscreteClock12.xml
----------------- Instantiating /home/travis/build/icyphy/ptII/ptolemy/actor/lib/test/auto/DiscreteClock12.xml
2 ms. Memory: 651264K Free: 597779K (92%)
----------------- Invoking toplevel() on ptolemy.moml.MoMLSimpleApplication@537b24a0
----------------- Done invoking toplevel() on ptolemy.moml.MoMLSimpleApplication@537b24a0
reloadAllAccessors: .DiscreteClock12

===========================================================================================
----------------- testing Mon Jul 01 04:49:47 UTC 2019 /home/travis/build/icyphy/ptII/ptolemy/actor/lib/test/auto/DiscreteClock13.xml
----------------- Instantiating /home/travis/build/icyphy/ptII/ptolemy/actor/lib/test/auto/DiscreteClock13.xml
5 ms. Memory: 651264K Free: 591604K (91%)
----------------- Invoking toplevel() on ptolemy.moml.MoMLSimpleApplication@2dffa2d8
----------------- Done invoking toplevel() on ptolemy.moml.MoMLSimpleApplication@2dffa2d8
reloadAllAccessors: .DiscreteClock13

===========================================================================================
----------------- testing Mon Jul 01 04:49:47 UTC 2019 /home/travis/build/icyphy/ptII/ptolemy/actor/lib/test/auto/DiscreteClock14.xml
----------------- Instantiating /home/travis/build/icyphy/ptII/ptolemy/actor/lib/test/auto/DiscreteClock14.xml
5 ms. Memory: 651264K Free: 585474K (90%)
----------------- Invoking toplevel() on ptolemy.moml.MoMLSimpleApplication@4398547b
----------------- Done invoking toplevel() on ptolemy.moml.MoMLSimpleApplication@4398547b
reloadAllAccessors: .DiscreteClock14

===========================================================================================
----------------- testing Mon Jul 01 04:49:47 UTC 2019 /home/travis/build/icyphy/ptII/ptolemy/actor/lib/test/auto/DiscreteClock15.xml
----------------- Instantiating /home/travis/build/icyphy/ptII/ptolemy/actor/lib/test/auto/DiscreteClock15.xml
6 ms. Memory: 651264K Free: 579333K (89%)
----------------- Invoking toplevel() on ptolemy.moml.MoMLSimpleApplication@79d77089
----------------- Done invoking toplevel() on ptolemy.moml.MoMLSimpleApplication@79d77089
reloadAllAccessors: .DiscreteClock15

===========================================================================================
----------------- testing Mon Jul 01 04:49:47 UTC 2019 /home/travis/build/icyphy/ptII/ptolemy/actor/lib/test/auto/DiscreteClock16.xml
----------------- Instantiating /home/travis/build/icyphy/ptII/ptolemy/actor/lib/test/auto/DiscreteClock16.xml
14 ms. Memory: 651264K Free: 566035K (87%)
----------------- Invoking toplevel() on ptolemy.moml.MoMLSimpleApplication@7b708e9
----------------- Done invoking toplevel() on ptolemy.moml.MoMLSimpleApplication@7b708e9
reloadAllAccessors: .DiscreteClock16

===========================================================================================
----------------- testing Mon Jul 01 04:49:47 UTC 2019 /home/travis/build/icyphy/ptII/ptolemy/actor/lib/test/auto/DiscreteClock17.xml
----------------- Instantiating /home/travis/build/icyphy/ptII/ptolemy/actor/lib/test/auto/DiscreteClock17.xml
15 ms. Memory: 651264K Free: 551699K (85%)
----------------- Invoking toplevel() on ptolemy.moml.MoMLSimpleApplication@26a2007c
----------------- Done invoking toplevel() on ptolemy.moml.MoMLSimpleApplication@26a2007c
reloadAllAccessors: .DiscreteClock17

===========================================================================================
----------------- testing Mon Jul 01 04:49:47 UTC 2019 /home/travis/build/icyphy/ptII/ptolemy/actor/lib/test/auto/DiscreteClock18.xml
----------------- Instantiating /home/travis/build/icyphy/ptII/ptolemy/actor/lib/test/auto/DiscreteClock18.xml
11 ms. Memory: 651264K Free: 537877K (83%)
----------------- Invoking toplevel() on ptolemy.moml.MoMLSimpleApplication@2f967e78
----------------- Done invoking toplevel() on ptolemy.moml.MoMLSimpleApplication@2f967e78
reloadAllAccessors: .DiscreteClock18

===========================================================================================
----------------- testing Mon Jul 01 04:49:47 UTC 2019 /home/travis/build/icyphy/ptII/ptolemy/actor/lib/test/auto/DiscreteClock19.xml
----------------- Instantiating /home/travis/build/icyphy/ptII/ptolemy/actor/lib/test/auto/DiscreteClock19.xml
12 ms. Memory: 651264K Free: 524045K (80%)
----------------- Invoking toplevel() on ptolemy.moml.MoMLSimpleApplication@76e5f3bc
----------------- Done invoking toplevel() on ptolemy.moml.MoMLSimpleApplication@76e5f3bc
reloadAllAccessors: .DiscreteClock19

===========================================================================================
----------------- testing Mon Jul 01 04:49:47 UTC 2019 /home/travis/build/icyphy/ptII/ptolemy/actor/lib/test/auto/DiscreteClock2.xml
----------------- Instantiating /home/travis/build/icyphy/ptII/ptolemy/actor/lib/test/auto/DiscreteClock2.xml
4 ms. Memory: 651264K Free: 519955K (80%)
----------------- Invoking toplevel() on ptolemy.moml.MoMLSimpleApplication@3578ec9b
----------------- Done invoking toplevel() on ptolemy.moml.MoMLSimpleApplication@3578ec9b
reloadAllAccessors: .DiscreteClock2

===========================================================================================
----------------- testing Mon Jul 01 04:49:47 UTC 2019 /home/travis/build/icyphy/ptII/ptolemy/actor/lib/test/auto/DiscreteClock20.xml
----------------- Instantiating /home/travis/build/icyphy/ptII/ptolemy/actor/lib/test/auto/DiscreteClock20.xml
3 ms. Memory: 651264K Free: 514325K (79%)
----------------- Invoking toplevel() on ptolemy.moml.MoMLSimpleApplication@5ef096b9
----------------- Done invoking toplevel() on ptolemy.moml.MoMLSimpleApplication@5ef096b9
reloadAllAccessors: .DiscreteClock20

===========================================================================================
----------------- testing Mon Jul 01 04:49:47 UTC 2019 /home/travis/build/icyphy/ptII/ptolemy/actor/lib/test/auto/DiscreteClock21.xml
----------------- Instantiating /home/travis/build/icyphy/ptII/ptolemy/actor/lib/test/auto/DiscreteClock21.xml
5 ms. Memory: 651264K Free: 508691K (78%)
----------------- Invoking toplevel() on ptolemy.moml.MoMLSimpleApplication@54bad0cc
----------------- Done invoking toplevel() on ptolemy.moml.MoMLSimpleApplication@54bad0cc
reloadAllAccessors: .DiscreteClock21

===========================================================================================
----------------- testing Mon Jul 01 04:49:47 UTC 2019 /home/travis/build/icyphy/ptII/ptolemy/actor/lib/test/auto/DiscreteClock22.xml
----------------- Instantiating /home/travis/build/icyphy/ptII/ptolemy/actor/lib/test/auto/DiscreteClock22.xml
6 ms. Memory: 651264K Free: 503061K (77%)
----------------- Invoking toplevel() on ptolemy.moml.MoMLSimpleApplication@35b6396c
----------------- Done invoking toplevel() on ptolemy.moml.MoMLSimpleApplication@35b6396c
reloadAllAccessors: .DiscreteClock22

===========================================================================================
----------------- testing Mon Jul 01 04:49:47 UTC 2019 /home/travis/build/icyphy/ptII/ptolemy/actor/lib/test/auto/DiscreteClock23.xml
----------------- Instantiating /home/travis/build/icyphy/ptII/ptolemy/actor/lib/test/auto/DiscreteClock23.xml
10 ms. Memory: 651264K Free: 497941K (76%)
----------------- Invoking toplevel() on ptolemy.moml.MoMLSimpleApplication@46d37452
----------------- Done invoking toplevel() on ptolemy.moml.MoMLSimpleApplication@46d37452
reloadAllAccessors: .DiscreteClock23

===========================================================================================
----------------- testing Mon Jul 01 04:49:47 UTC 2019 /home/travis/build/icyphy/ptII/ptolemy/actor/lib/test/auto/DiscreteClock24.xml
----------------- Instantiating /home/travis/build/icyphy/ptII/ptolemy/actor/lib/test/auto/DiscreteClock24.xml
2 ms. Memory: 651264K Free: 492307K (76%)
----------------- Invoking toplevel() on ptolemy.moml.MoMLSimpleApplication@7a21f289
----------------- Done invoking toplevel() on ptolemy.moml.MoMLSimpleApplication@7a21f289
reloadAllAccessors: .DiscreteClock24

===========================================================================================
----------------- testing Mon Jul 01 04:49:47 UTC 2019 /home/travis/build/icyphy/ptII/ptolemy/actor/lib/test/auto/DiscreteClock4.xml
----------------- Instantiating /home/travis/build/icyphy/ptII/ptolemy/actor/lib/test/auto/DiscreteClock4.xml
2 ms. Memory: 651264K Free: 486677K (75%)
----------------- Invoking toplevel() on ptolemy.moml.MoMLSimpleApplication@4d3d717b
----------------- Done invoking toplevel() on ptolemy.moml.MoMLSimpleApplication@4d3d717b
reloadAllAccessors: .DiscreteClock4

===========================================================================================
----------------- testing Mon Jul 01 04:49:47 UTC 2019 /home/travis/build/icyphy/ptII/ptolemy/actor/lib/test/auto/DiscreteClock5.xml
----------------- Instantiating /home/travis/build/icyphy/ptII/ptolemy/actor/lib/test/auto/DiscreteClock5.xml
1 ms. Memory: 651264K Free: 481029K (74%)
----------------- Invoking toplevel() on ptolemy.moml.MoMLSimpleApplication@7bd33ace
----------------- Done invoking toplevel() on ptolemy.moml.MoMLSimpleApplication@7bd33ace
reloadAllAccessors: .DiscreteClock5

===========================================================================================
----------------- testing Mon Jul 01 04:49:47 UTC 2019 /home/travis/build/icyphy/ptII/ptolemy/actor/lib/test/auto/DiscreteClock6.xml
----------------- Instantiating /home/travis/build/icyphy/ptII/ptolemy/actor/lib/test/auto/DiscreteClock6.xml
1 ms. Memory: 651264K Free: 477461K (73%)
----------------- Invoking toplevel() on ptolemy.moml.MoMLSimpleApplication@20430ed
----------------- Done invoking toplevel() on ptolemy.moml.MoMLSimpleApplication@20430ed
reloadAllAccessors: .DiscreteClock6

===========================================================================================
----------------- testing Mon Jul 01 04:49:47 UTC 2019 /home/travis/build/icyphy/ptII/ptolemy/actor/lib/test/auto/DiscreteClock7.xml
----------------- Instantiating /home/travis/build/icyphy/ptII/ptolemy/actor/lib/test/auto/DiscreteClock7.xml
2 ms. Memory: 651264K Free: 472851K (73%)
----------------- Invoking toplevel() on ptolemy.moml.MoMLSimpleApplication@72c61d2
----------------- Done invoking toplevel() on ptolemy.moml.MoMLSimpleApplication@72c61d2
reloadAllAccessors: .DiscreteClock7

===========================================================================================
----------------- testing Mon Jul 01 04:49:47 UTC 2019 /home/travis/build/icyphy/ptII/ptolemy/actor/lib/test/auto/DiscreteClock8.xml
----------------- Instantiating /home/travis/build/icyphy/ptII/ptolemy/actor/lib/test/auto/DiscreteClock8.xml
5 ms. Memory: 651264K Free: 467221K (72%)
----------------- Invoking toplevel() on ptolemy.moml.MoMLSimpleApplication@44d4e138
----------------- Done invoking toplevel() on ptolemy.moml.MoMLSimpleApplication@44d4e138
reloadAllAccessors: .DiscreteClock8

===========================================================================================
----------------- testing Mon Jul 01 04:49:47 UTC 2019 /home/travis/build/icyphy/ptII/ptolemy/actor/lib/test/auto/DiscreteClock9.xml
----------------- Instantiating /home/travis/build/icyphy/ptII/ptolemy/actor/lib/test/auto/DiscreteClock9.xml
2 ms. Memory: 651264K Free: 461556K (71%)
----------------- Invoking toplevel() on ptolemy.moml.MoMLSimpleApplication@2495213f
----------------- Done invoking toplevel() on ptolemy.moml.MoMLSimpleApplication@2495213f
reloadAllAccessors: .DiscreteClock9

===========================================================================================
----------------- testing Mon Jul 01 04:49:47 UTC 2019 /home/travis/build/icyphy/ptII/ptolemy/actor/lib/test/auto/DisplayArray.xml
----------------- Instantiating /home/travis/build/icyphy/ptII/ptolemy/actor/lib/test/auto/DisplayArray.xml
1 ms. Memory: 651264K Free: 458005K (70%)
----------------- Invoking toplevel() on ptolemy.moml.MoMLSimpleApplication@747b5d87
----------------- Done invoking toplevel() on ptolemy.moml.MoMLSimpleApplication@747b5d87
reloadAllAccessors: .DisplayArray

===========================================================================================
----------------- testing Mon Jul 01 04:49:47 UTC 2019 /home/travis/build/icyphy/ptII/ptolemy/actor/lib/test/auto/Distributor.xml
----------------- Instantiating /home/travis/build/icyphy/ptII/ptolemy/actor/lib/test/auto/Distributor.xml
1 ms. Memory: 651264K Free: 453395K (70%)
----------------- Invoking toplevel() on ptolemy.moml.MoMLSimpleApplication@30fb915e
----------------- Done invoking toplevel() on ptolemy.moml.MoMLSimpleApplication@30fb915e
reloadAllAccessors: .Distributor

===========================================================================================
----------------- testing Mon Jul 01 04:49:47 UTC 2019 /home/travis/build/icyphy/ptII/ptolemy/actor/lib/test/auto/Distributor2.xml
----------------- Instantiating /home/travis/build/icyphy/ptII/ptolemy/actor/lib/test/auto/Distributor2.xml
1 ms. Memory: 651264K Free: 448275K (69%)
----------------- Invoking toplevel() on ptolemy.moml.MoMLSimpleApplication@cfa47e7
----------------- Done invoking toplevel() on ptolemy.moml.MoMLSimpleApplication@cfa47e7
reloadAllAccessors: .Distributor2

===========================================================================================
----------------- testing Mon Jul 01 04:49:47 UTC 2019 /home/travis/build/icyphy/ptII/ptolemy/actor/lib/test/auto/DownSample.xml
----------------- Instantiating /home/travis/build/icyphy/ptII/ptolemy/actor/lib/test/auto/DownSample.xml
1 ms. Memory: 651264K Free: 443669K (68%)
----------------- Invoking toplevel() on ptolemy.moml.MoMLSimpleApplication@49c25e45
----------------- Done invoking toplevel() on ptolemy.moml.MoMLSimpleApplication@49c25e45
reloadAllAccessors: .DownSample

===========================================================================================
----------------- testing Mon Jul 01 04:49:47 UTC 2019 /home/travis/build/icyphy/ptII/ptolemy/actor/lib/test/auto/ElectronicUnitBase1.xml
----------------- Instantiating /home/travis/build/icyphy/ptII/ptolemy/actor/lib/test/auto/ElectronicUnitBase1.xml
20 ms. Memory: 651264K Free: 427795K (66%)
----------------- Invoking toplevel() on ptolemy.moml.MoMLSimpleApplication@65262883
----------------- Done invoking toplevel() on ptolemy.moml.MoMLSimpleApplication@65262883
reloadAllAccessors: .ElectronicUnitBase1

===========================================================================================
----------------- testing Mon Jul 01 04:49:47 UTC 2019 /home/travis/build/icyphy/ptII/ptolemy/actor/lib/test/auto/ElementsToArray.xml
----------------- Instantiating /home/travis/build/icyphy/ptII/ptolemy/actor/lib/test/auto/ElementsToArray.xml
3 ms. Memory: 651264K Free: 422675K (65%)
----------------- Invoking toplevel() on ptolemy.moml.MoMLSimpleApplication@d80f9c5
----------------- Done invoking toplevel() on ptolemy.moml.MoMLSimpleApplication@d80f9c5
reloadAllAccessors: .ElementsToArray

===========================================================================================
----------------- testing Mon Jul 01 04:49:47 UTC 2019 /home/travis/build/icyphy/ptII/ptolemy/actor/lib/test/auto/Equals.xml
----------------- Instantiating /home/travis/build/icyphy/ptII/ptolemy/actor/lib/test/auto/Equals.xml
4 ms. Memory: 651264K Free: 418579K (64%)
----------------- Invoking toplevel() on ptolemy.moml.MoMLSimpleApplication@530f1de8
----------------- Done invoking toplevel() on ptolemy.moml.MoMLSimpleApplication@530f1de8
reloadAllAccessors: .Equals

===========================================================================================
----------------- testing Mon Jul 01 04:49:47 UTC 2019 /home/travis/build/icyphy/ptII/ptolemy/actor/lib/test/auto/Exec.xml
----------------- Instantiating /home/travis/build/icyphy/ptII/ptolemy/actor/lib/test/auto/Exec.xml
24 ms. Memory: 651264K Free: 413459K (63%)
----------------- Invoking toplevel() on ptolemy.moml.MoMLSimpleApplication@7aaec236
----------------- Done invoking toplevel() on ptolemy.moml.MoMLSimpleApplication@7aaec236
reloadAllAccessors: .Exec

===========================================================================================
----------------- testing Mon Jul 01 04:49:47 UTC 2019 /home/travis/build/icyphy/ptII/ptolemy/actor/lib/test/auto/ExecEnvironment.xml
----------------- Instantiating /home/travis/build/icyphy/ptII/ptolemy/actor/lib/test/auto/ExecEnvironment.xml
39 ms. Memory: 651264K Free: 407315K (63%)
----------------- Invoking toplevel() on ptolemy.moml.MoMLSimpleApplication@3526aeda
----------------- Done invoking toplevel() on ptolemy.moml.MoMLSimpleApplication@3526aeda
reloadAllAccessors: .ExecEnvironment

===========================================================================================
----------------- testing Mon Jul 01 04:49:48 UTC 2019 /home/travis/build/icyphy/ptII/ptolemy/actor/lib/test/auto/ExecNonZeroReturnOutput.xml
----------------- Instantiating /home/travis/build/icyphy/ptII/ptolemy/actor/lib/test/auto/ExecNonZeroReturnOutput.xml
195 ms. Memory: 651264K Free: 396051K (61%)
----------------- Invoking toplevel() on ptolemy.moml.MoMLSimpleApplication@5c763b6e
----------------- Done invoking toplevel() on ptolemy.moml.MoMLSimpleApplication@5c763b6e
reloadAllAccessors: .ExecNonZeroReturnOutput

===========================================================================================
----------------- testing Mon Jul 01 04:49:48 UTC 2019 /home/travis/build/icyphy/ptII/ptolemy/actor/lib/test/auto/ExecRunDemos.xml
----------------- Instantiating /home/travis/build/icyphy/ptII/ptolemy/actor/lib/test/auto/ExecRunDemos.xml
10841 ms. Memory: 651264K Free: 376085K (58%)

===========================================================================================
----------------- testing Mon Jul 01 04:49:59 UTC 2019 /home/travis/build/icyphy/ptII/ptolemy/actor/lib/test/auto/ExecStop.xml
----------------- Instantiating /home/travis/build/icyphy/ptII/ptolemy/actor/lib/test/auto/ExecStop.xml
5020 ms. Memory: 651264K Free: 527768K (81%)
----------------- Invoking toplevel() on ptolemy.moml.MoMLSimpleApplication@160129f2
----------------- Done invoking toplevel() on ptolemy.moml.MoMLSimpleApplication@160129f2
reloadAllAccessors: .ExecStop

===========================================================================================
----------------- testing Mon Jul 01 04:50:04 UTC 2019 /home/travis/build/icyphy/ptII/ptolemy/actor/lib/test/auto/ExecutionTimeSDF.xml
----------------- Instantiating /home/travis/build/icyphy/ptII/ptolemy/actor/lib/test/auto/ExecutionTimeSDF.xml
Fired ExecutionTime: -2146967296
Fired ExecutionTime: 1059200000
Fired ExecutionTime: 1086800000
6005 ms. Memory: 651264K Free: 515072K (79%)
----------------- Invoking toplevel() on ptolemy.moml.MoMLSimpleApplication@326b0bd2
----------------- Done invoking toplevel() on ptolemy.moml.MoMLSimpleApplication@326b0bd2
reloadAllAccessors: .ExecutionTimeSDF

===========================================================================================
----------------- testing Mon Jul 01 04:50:10 UTC 2019 /home/travis/build/icyphy/ptII/ptolemy/actor/lib/test/auto/Expression1.xml
----------------- Instantiating /home/travis/build/icyphy/ptII/ptolemy/actor/lib/test/auto/Expression1.xml
1 ms. Memory: 651264K Free: 511486K (79%)
----------------- Invoking toplevel() on ptolemy.moml.MoMLSimpleApplication@68f7127f
----------------- Done invoking toplevel() on ptolemy.moml.MoMLSimpleApplication@68f7127f
reloadAllAccessors: .Expression1

===========================================================================================
----------------- testing Mon Jul 01 04:50:10 UTC 2019 /home/travis/build/icyphy/ptII/ptolemy/actor/lib/test/auto/Expression10.xml
----------------- Instantiating /home/travis/build/icyphy/ptII/ptolemy/actor/lib/test/auto/Expression10.xml
5 ms. Memory: 651264K Free: 506366K (78%)
----------------- Invoking toplevel() on ptolemy.moml.MoMLSimpleApplication@457e1a14
----------------- Done invoking toplevel() on ptolemy.moml.MoMLSimpleApplication@457e1a14
reloadAllAccessors: .Expression10

===========================================================================================
----------------- testing Mon Jul 01 04:50:10 UTC 2019 /home/travis/build/icyphy/ptII/ptolemy/actor/lib/test/auto/Expression11.xml
----------------- Instantiating /home/travis/build/icyphy/ptII/ptolemy/actor/lib/test/auto/Expression11.xml
2 ms. Memory: 651264K Free: 501760K (77%)
----------------- Invoking toplevel() on ptolemy.moml.MoMLSimpleApplication@27604399
----------------- Done invoking toplevel() on ptolemy.moml.MoMLSimpleApplication@27604399
reloadAllAccessors: .Expression11

===========================================================================================
----------------- testing Mon Jul 01 04:50:10 UTC 2019 /home/travis/build/icyphy/ptII/ptolemy/actor/lib/test/auto/Expression12.xml
----------------- Instantiating /home/travis/build/icyphy/ptII/ptolemy/actor/lib/test/auto/Expression12.xml
6 ms. Memory: 651264K Free: 496640K (76%)
----------------- Invoking toplevel() on ptolemy.moml.MoMLSimpleApplication@f2381c3
----------------- Done invoking toplevel() on ptolemy.moml.MoMLSimpleApplication@f2381c3
reloadAllAccessors: .Expression12

===========================================================================================
----------------- testing Mon Jul 01 04:50:10 UTC 2019 /home/travis/build/icyphy/ptII/ptolemy/actor/lib/test/auto/Expression13.xml
----------------- Instantiating /home/travis/build/icyphy/ptII/ptolemy/actor/lib/test/auto/Expression13.xml
3 ms. Memory: 651264K Free: 491520K (75%)
----------------- Invoking toplevel() on ptolemy.moml.MoMLSimpleApplication@1d673ca4
----------------- Done invoking toplevel() on ptolemy.moml.MoMLSimpleApplication@1d673ca4
reloadAllAccessors: .Expression13

===========================================================================================
----------------- testing Mon Jul 01 04:50:10 UTC 2019 /home/travis/build/icyphy/ptII/ptolemy/actor/lib/test/auto/Expression14.xml
----------------- Instantiating /home/travis/build/icyphy/ptII/ptolemy/actor/lib/test/auto/Expression14.xml
7 ms. Memory: 651264K Free: 485886K (75%)
----------------- Invoking toplevel() on ptolemy.moml.MoMLSimpleApplication@4e69cc2d
----------------- Done invoking toplevel() on ptolemy.moml.MoMLSimpleApplication@4e69cc2d
reloadAllAccessors: .Expression14

===========================================================================================
----------------- testing Mon Jul 01 04:50:10 UTC 2019 /home/travis/build/icyphy/ptII/ptolemy/actor/lib/test/auto/Expression15.xml
----------------- Instantiating /home/travis/build/icyphy/ptII/ptolemy/actor/lib/test/auto/Expression15.xml
1 ms. Memory: 651264K Free: 482304K (74%)
----------------- Invoking toplevel() on ptolemy.moml.MoMLSimpleApplication@6460a47d
----------------- Done invoking toplevel() on ptolemy.moml.MoMLSimpleApplication@6460a47d
reloadAllAccessors: .Expression15

===========================================================================================
----------------- testing Mon Jul 01 04:50:10 UTC 2019 /home/travis/build/icyphy/ptII/ptolemy/actor/lib/test/auto/Expression16.xml
----------------- Instantiating /home/travis/build/icyphy/ptII/ptolemy/actor/lib/test/auto/Expression16.xml
4 ms. Memory: 651264K Free: 477184K (73%)
----------------- Invoking toplevel() on ptolemy.moml.MoMLSimpleApplication@4006e290
----------------- Done invoking toplevel() on ptolemy.moml.MoMLSimpleApplication@4006e290
reloadAllAccessors: .Expression16

===========================================================================================
----------------- testing Mon Jul 01 04:50:10 UTC 2019 /home/travis/build/icyphy/ptII/ptolemy/actor/lib/test/auto/Expression17.xml
----------------- Instantiating /home/travis/build/icyphy/ptII/ptolemy/actor/lib/test/auto/Expression17.xml
3 ms. Memory: 651264K Free: 472574K (73%)
----------------- Invoking toplevel() on ptolemy.moml.MoMLSimpleApplication@6a1631a4
----------------- Done invoking toplevel() on ptolemy.moml.MoMLSimpleApplication@6a1631a4
reloadAllAccessors: .Expression17

===========================================================================================
----------------- testing Mon Jul 01 04:50:10 UTC 2019 /home/travis/build/icyphy/ptII/ptolemy/actor/lib/test/auto/Expression18.xml
----------------- Instantiating /home/travis/build/icyphy/ptII/ptolemy/actor/lib/test/auto/Expression18.xml
3 ms. Memory: 651264K Free: 467454K (72%)
----------------- Invoking toplevel() on ptolemy.moml.MoMLSimpleApplication@496ef4e1
----------------- Done invoking toplevel() on ptolemy.moml.MoMLSimpleApplication@496ef4e1
reloadAllAccessors: .Expression18

===========================================================================================
----------------- testing Mon Jul 01 04:50:10 UTC 2019 /home/travis/build/icyphy/ptII/ptolemy/actor/lib/test/auto/Expression2.xml
----------------- Instantiating /home/travis/build/icyphy/ptII/ptolemy/actor/lib/test/auto/Expression2.xml
4 ms. Memory: 651264K Free: 462848K (71%)
----------------- Invoking toplevel() on ptolemy.moml.MoMLSimpleApplication@508c366b
----------------- Done invoking toplevel() on ptolemy.moml.MoMLSimpleApplication@508c366b
reloadAllAccessors: .Expression2

===========================================================================================
----------------- testing Mon Jul 01 04:50:10 UTC 2019 /home/travis/build/icyphy/ptII/ptolemy/actor/lib/test/auto/Expression3.xml
----------------- Instantiating /home/travis/build/icyphy/ptII/ptolemy/actor/lib/test/auto/Expression3.xml
7 ms. Memory: 651264K Free: 457728K (70%)
----------------- Invoking toplevel() on ptolemy.moml.MoMLSimpleApplication@72070583
----------------- Done invoking toplevel() on ptolemy.moml.MoMLSimpleApplication@72070583
reloadAllAccessors: .Expression3

===========================================================================================
----------------- testing Mon Jul 01 04:50:10 UTC 2019 /home/travis/build/icyphy/ptII/ptolemy/actor/lib/test/auto/Expression4.xml
----------------- Instantiating /home/travis/build/icyphy/ptII/ptolemy/actor/lib/test/auto/Expression4.xml
5 ms. Memory: 651264K Free: 450560K (69%)
----------------- Invoking toplevel() on ptolemy.moml.MoMLSimpleApplication@5dfba8fa
----------------- Done invoking toplevel() on ptolemy.moml.MoMLSimpleApplication@5dfba8fa
reloadAllAccessors: .Expression4

===========================================================================================
----------------- testing Mon Jul 01 04:50:10 UTC 2019 /home/travis/build/icyphy/ptII/ptolemy/actor/lib/test/auto/Expression5.xml
----------------- Instantiating /home/travis/build/icyphy/ptII/ptolemy/actor/lib/test/auto/Expression5.xml
5 ms. Memory: 651264K Free: 445440K (68%)
----------------- Invoking toplevel() on ptolemy.moml.MoMLSimpleApplication@71302802
----------------- Done invoking toplevel() on ptolemy.moml.MoMLSimpleApplication@71302802
reloadAllAccessors: .Expression5

===========================================================================================
----------------- testing Mon Jul 01 04:50:10 UTC 2019 /home/travis/build/icyphy/ptII/ptolemy/actor/lib/test/auto/Expression6.xml
----------------- Instantiating /home/travis/build/icyphy/ptII/ptolemy/actor/lib/test/auto/Expression6.xml
2 ms. Memory: 651264K Free: 440830K (68%)
----------------- Invoking toplevel() on ptolemy.moml.MoMLSimpleApplication@e8fce76
----------------- Done invoking toplevel() on ptolemy.moml.MoMLSimpleApplication@e8fce76
reloadAllAccessors: .Expression6

===========================================================================================
----------------- testing Mon Jul 01 04:50:10 UTC 2019 /home/travis/build/icyphy/ptII/ptolemy/actor/lib/test/auto/Expression7.xml
----------------- Instantiating /home/travis/build/icyphy/ptII/ptolemy/actor/lib/test/auto/Expression7.xml
2 ms. Memory: 651264K Free: 436224K (67%)
----------------- Invoking toplevel() on ptolemy.moml.MoMLSimpleApplication@2599ab26
----------------- Done invoking toplevel() on ptolemy.moml.MoMLSimpleApplication@2599ab26
reloadAllAccessors: .Expression7

===========================================================================================
----------------- testing Mon Jul 01 04:50:10 UTC 2019 /home/travis/build/icyphy/ptII/ptolemy/actor/lib/test/auto/Expression8.xml
----------------- Instantiating /home/travis/build/icyphy/ptII/ptolemy/actor/lib/test/auto/Expression8.xml
9 ms. Memory: 651264K Free: 431104K (66%)
----------------- Invoking toplevel() on ptolemy.moml.MoMLSimpleApplication@43d0ebb1
----------------- Done invoking toplevel() on ptolemy.moml.MoMLSimpleApplication@43d0ebb1
reloadAllAccessors: .Expression8

===========================================================================================
----------------- testing Mon Jul 01 04:50:10 UTC 2019 /home/travis/build/icyphy/ptII/ptolemy/actor/lib/test/auto/Expression9.xml
----------------- Instantiating /home/travis/build/icyphy/ptII/ptolemy/actor/lib/test/auto/Expression9.xml
1 ms. Memory: 651264K Free: 427518K (66%)
----------------- Invoking toplevel() on ptolemy.moml.MoMLSimpleApplication@618ee85d
----------------- Done invoking toplevel() on ptolemy.moml.MoMLSimpleApplication@618ee85d
reloadAllAccessors: .Expression9

===========================================================================================
----------------- testing Mon Jul 01 04:50:10 UTC 2019 /home/travis/build/icyphy/ptII/ptolemy/actor/lib/test/auto/ExpressionConcatenateArrayType.xml
----------------- Instantiating /home/travis/build/icyphy/ptII/ptolemy/actor/lib/test/auto/ExpressionConcatenateArrayType.xml
6 ms. Memory: 651264K Free: 420864K (65%)
----------------- Invoking toplevel() on ptolemy.moml.MoMLSimpleApplication@7a6091be
----------------- Done invoking toplevel() on ptolemy.moml.MoMLSimpleApplication@7a6091be
reloadAllAccessors: .ExpressionConcatenateArrayType

===========================================================================================
----------------- testing Mon Jul 01 04:50:10 UTC 2019 /home/travis/build/icyphy/ptII/ptolemy/actor/lib/test/auto/ExpressionConcatenateArrayType2.xml
----------------- Instantiating /home/travis/build/icyphy/ptII/ptolemy/actor/lib/test/auto/ExpressionConcatenateArrayType2.xml
2 ms. Memory: 651264K Free: 415230K (64%)
----------------- Invoking toplevel() on ptolemy.moml.MoMLSimpleApplication@addd1ec
----------------- Done invoking toplevel() on ptolemy.moml.MoMLSimpleApplication@addd1ec
reloadAllAccessors: .ExpressionConcatenateArrayType2

===========================================================================================
----------------- testing Mon Jul 01 04:50:10 UTC 2019 /home/travis/build/icyphy/ptII/ptolemy/actor/lib/test/auto/ExpressionFix.xml
----------------- Instantiating /home/travis/build/icyphy/ptII/ptolemy/actor/lib/test/auto/ExpressionFix.xml
23 ms. Memory: 651264K Free: 409086K (63%)
----------------- Invoking toplevel() on ptolemy.moml.MoMLSimpleApplication@1bb20561
----------------- Done invoking toplevel() on ptolemy.moml.MoMLSimpleApplication@1bb20561
reloadAllAccessors: .ExpressionFix

===========================================================================================
----------------- testing Mon Jul 01 04:50:10 UTC 2019 /home/travis/build/icyphy/ptII/ptolemy/actor/lib/test/auto/ExpressionFix2.xml
----------------- Instantiating /home/travis/build/icyphy/ptII/ptolemy/actor/lib/test/auto/ExpressionFix2.xml
4 ms. Memory: 651264K Free: 404990K (62%)
----------------- Invoking toplevel() on ptolemy.moml.MoMLSimpleApplication@41201a6b
----------------- Done invoking toplevel() on ptolemy.moml.MoMLSimpleApplication@41201a6b
reloadAllAccessors: .ExpressionFix2

===========================================================================================
----------------- testing Mon Jul 01 04:50:10 UTC 2019 /home/travis/build/icyphy/ptII/ptolemy/actor/lib/test/auto/ExpressionFix3.xml
----------------- Instantiating /home/travis/build/icyphy/ptII/ptolemy/actor/lib/test/auto/ExpressionFix3.xml
3 ms. Memory: 651264K Free: 400384K (61%)
----------------- Invoking toplevel() on ptolemy.moml.MoMLSimpleApplication@4bf1a848
----------------- Done invoking toplevel() on ptolemy.moml.MoMLSimpleApplication@4bf1a848
reloadAllAccessors: .ExpressionFix3

===========================================================================================
----------------- testing Mon Jul 01 04:50:10 UTC 2019 /home/travis/build/icyphy/ptII/ptolemy/actor/lib/test/auto/FileWriter1.xml
----------------- Instantiating /home/travis/build/icyphy/ptII/ptolemy/actor/lib/test/auto/FileWriter1.xml
1 ms. Memory: 651264K Free: 396798K (61%)
----------------- Invoking toplevel() on ptolemy.moml.MoMLSimpleApplication@61777b33
----------------- Done invoking toplevel() on ptolemy.moml.MoMLSimpleApplication@61777b33
reloadAllAccessors: .FileWriter1

===========================================================================================
----------------- testing Mon Jul 01 04:50:10 UTC 2019 /home/travis/build/icyphy/ptII/ptolemy/actor/lib/test/auto/FileWriter2.xml
----------------- Instantiating /home/travis/build/icyphy/ptII/ptolemy/actor/lib/test/auto/FileWriter2.xml
2 ms. Memory: 651264K Free: 392192K (60%)
----------------- Invoking toplevel() on ptolemy.moml.MoMLSimpleApplication@63e5c378
----------------- Done invoking toplevel() on ptolemy.moml.MoMLSimpleApplication@63e5c378
reloadAllAccessors: .FileWriter2

===========================================================================================
----------------- testing Mon Jul 01 04:50:10 UTC 2019 /home/travis/build/icyphy/ptII/ptolemy/actor/lib/test/auto/FileWriter3.xml
----------------- Instantiating /home/travis/build/icyphy/ptII/ptolemy/actor/lib/test/auto/FileWriter3.xml
2 ms. Memory: 651264K Free: 388606K (60%)
----------------- Invoking toplevel() on ptolemy.moml.MoMLSimpleApplication@40d4baa5
----------------- Done invoking toplevel() on ptolemy.moml.MoMLSimpleApplication@40d4baa5
reloadAllAccessors: .FileWriter3

===========================================================================================
----------------- testing Mon Jul 01 04:50:10 UTC 2019 /home/travis/build/icyphy/ptII/ptolemy/actor/lib/test/auto/Gaussian.xml
----------------- Instantiating /home/travis/build/icyphy/ptII/ptolemy/actor/lib/test/auto/Gaussian.xml
2 ms. Memory: 651264K Free: 384000K (59%)
----------------- Invoking toplevel() on ptolemy.moml.MoMLSimpleApplication@2f6e02b3
----------------- Done invoking toplevel() on ptolemy.moml.MoMLSimpleApplication@2f6e02b3
reloadAllAccessors: .Gaussian

===========================================================================================
----------------- testing Mon Jul 01 04:50:10 UTC 2019 /home/travis/build/icyphy/ptII/ptolemy/actor/lib/test/auto/Gaussian1.xml
----------------- Instantiating /home/travis/build/icyphy/ptII/ptolemy/actor/lib/test/auto/Gaussian1.xml
10 ms. Memory: 651264K Free: 378335K (58%)
----------------- Invoking toplevel() on ptolemy.moml.MoMLSimpleApplication@54648189
----------------- Done invoking toplevel() on ptolemy.moml.MoMLSimpleApplication@54648189
reloadAllAccessors: .Gaussian1

===========================================================================================
----------------- testing Mon Jul 01 04:50:10 UTC 2019 /home/travis/build/icyphy/ptII/ptolemy/actor/lib/test/auto/Gaussian2.xml
----------------- Instantiating /home/travis/build/icyphy/ptII/ptolemy/actor/lib/test/auto/Gaussian2.xml
2 ms. Memory: 651264K Free: 373239K (57%)
----------------- Invoking toplevel() on ptolemy.moml.MoMLSimpleApplication@74394831
----------------- Done invoking toplevel() on ptolemy.moml.MoMLSimpleApplication@74394831
reloadAllAccessors: .Gaussian2

===========================================================================================
----------------- testing Mon Jul 01 04:50:10 UTC 2019 /home/travis/build/icyphy/ptII/ptolemy/actor/lib/test/auto/GradientAdaptiveLattice.xml
----------------- Instantiating /home/travis/build/icyphy/ptII/ptolemy/actor/lib/test/auto/GradientAdaptiveLattice.xml
2 ms. Memory: 651264K Free: 368126K (57%)
----------------- Invoking toplevel() on ptolemy.moml.MoMLSimpleApplication@339db434
----------------- Done invoking toplevel() on ptolemy.moml.MoMLSimpleApplication@339db434
reloadAllAccessors: .GradientAdaptiveLattice

===========================================================================================
----------------- testing Mon Jul 01 04:50:10 UTC 2019 /home/travis/build/icyphy/ptII/ptolemy/actor/lib/test/auto/IIR.xml
----------------- Instantiating /home/travis/build/icyphy/ptII/ptolemy/actor/lib/test/auto/IIR.xml
1 ms. Memory: 651264K Free: 363520K (56%)
----------------- Invoking toplevel() on ptolemy.moml.MoMLSimpleApplication@1c8c41f5
----------------- Done invoking toplevel() on ptolemy.moml.MoMLSimpleApplication@1c8c41f5
reloadAllAccessors: .IIR

===========================================================================================
----------------- testing Mon Jul 01 04:50:10 UTC 2019 /home/travis/build/icyphy/ptII/ptolemy/actor/lib/test/auto/InputOutputTransparentPorts.xml
----------------- Instantiating /home/travis/build/icyphy/ptII/ptolemy/actor/lib/test/auto/InputOutputTransparentPorts.xml
2 ms. Memory: 651264K Free: 356862K (55%)
----------------- Invoking toplevel() on ptolemy.moml.MoMLSimpleApplication@7e356567
----------------- Done invoking toplevel() on ptolemy.moml.MoMLSimpleApplication@7e356567
reloadAllAccessors: .InputOutputTransparentPorts

===========================================================================================
----------------- testing Mon Jul 01 04:50:10 UTC 2019 /home/travis/build/icyphy/ptII/ptolemy/actor/lib/test/auto/Interpolator.xml
----------------- Instantiating /home/travis/build/icyphy/ptII/ptolemy/actor/lib/test/auto/Interpolator.xml
4 ms. Memory: 651264K Free: 352766K (54%)
----------------- Invoking toplevel() on ptolemy.moml.MoMLSimpleApplication@60d6f30d
----------------- Done invoking toplevel() on ptolemy.moml.MoMLSimpleApplication@60d6f30d
reloadAllAccessors: .Interpolator

===========================================================================================
----------------- testing Mon Jul 01 04:50:10 UTC 2019 /home/travis/build/icyphy/ptII/ptolemy/actor/lib/test/auto/InterpolatorFiringLimitDE.xml
----------------- Instantiating /home/travis/build/icyphy/ptII/ptolemy/actor/lib/test/auto/InterpolatorFiringLimitDE.xml
2 ms. Memory: 651264K Free: 346622K (53%)
----------------- Invoking toplevel() on ptolemy.moml.MoMLSimpleApplication@391d4774
----------------- Done invoking toplevel() on ptolemy.moml.MoMLSimpleApplication@391d4774
reloadAllAccessors: .InterpolatorFiringLimitDE

===========================================================================================
----------------- testing Mon Jul 01 04:50:10 UTC 2019 /home/travis/build/icyphy/ptII/ptolemy/actor/lib/test/auto/Lattice.xml
----------------- Instantiating /home/travis/build/icyphy/ptII/ptolemy/actor/lib/test/auto/Lattice.xml
1 ms. Memory: 651264K Free: 343040K (53%)
----------------- Invoking toplevel() on ptolemy.moml.MoMLSimpleApplication@689dc3ef
----------------- Done invoking toplevel() on ptolemy.moml.MoMLSimpleApplication@689dc3ef
reloadAllAccessors: .Lattice

===========================================================================================
----------------- testing Mon Jul 01 04:50:10 UTC 2019 /home/travis/build/icyphy/ptII/ptolemy/actor/lib/test/auto/LazyAOCTestLazy.xml
----------------- Instantiating /home/travis/build/icyphy/ptII/ptolemy/actor/lib/test/auto/LazyAOCTestLazy.xml
7 ms. Memory: 651264K Free: 336896K (52%)
----------------- Invoking toplevel() on ptolemy.moml.MoMLSimpleApplication@4660761b
----------------- Done invoking toplevel() on ptolemy.moml.MoMLSimpleApplication@4660761b
reloadAllAccessors: .LazyAOCTestLazy

===========================================================================================
----------------- testing Mon Jul 01 04:50:11 UTC 2019 /home/travis/build/icyphy/ptII/ptolemy/actor/lib/test/auto/LazyAOCTestNonLazy.xml
----------------- Instantiating /home/travis/build/icyphy/ptII/ptolemy/actor/lib/test/auto/LazyAOCTestNonLazy.xml
2 ms. Memory: 651264K Free: 330752K (51%)
----------------- Invoking toplevel() on ptolemy.moml.MoMLSimpleApplication@610b7cba
----------------- Done invoking toplevel() on ptolemy.moml.MoMLSimpleApplication@610b7cba
reloadAllAccessors: .LazyAOCTestNonLazy

===========================================================================================
----------------- testing Mon Jul 01 04:50:11 UTC 2019 /home/travis/build/icyphy/ptII/ptolemy/actor/lib/test/auto/LazyInnerClass.xml
----------------- Instantiating /home/travis/build/icyphy/ptII/ptolemy/actor/lib/test/auto/LazyInnerClass.xml
19 ms. Memory: 651264K Free: 322560K (50%)
----------------- Invoking toplevel() on ptolemy.moml.MoMLSimpleApplication@2ff9d8fd
----------------- Done invoking toplevel() on ptolemy.moml.MoMLSimpleApplication@2ff9d8fd
reloadAllAccessors: .LazyInnerClass

===========================================================================================
----------------- testing Mon Jul 01 04:50:11 UTC 2019 /home/travis/build/icyphy/ptII/ptolemy/actor/lib/test/auto/LazyPubSub.xml
----------------- Instantiating /home/travis/build/icyphy/ptII/ptolemy/actor/lib/test/auto/LazyPubSub.xml
35 ms. Memory: 651264K Free: 312320K (48%)
----------------- Invoking toplevel() on ptolemy.moml.MoMLSimpleApplication@7f649962
----------------- Done invoking toplevel() on ptolemy.moml.MoMLSimpleApplication@7f649962
reloadAllAccessors: .LazyPubSub

===========================================================================================
----------------- testing Mon Jul 01 04:50:11 UTC 2019 /home/travis/build/icyphy/ptII/ptolemy/actor/lib/test/auto/LazyPubSub2.xml
----------------- Instantiating /home/travis/build/icyphy/ptII/ptolemy/actor/lib/test/auto/LazyPubSub2.xml
24 ms. Memory: 651264K Free: 302080K (46%)
----------------- Invoking toplevel() on ptolemy.moml.MoMLSimpleApplication@5f995593
----------------- Done invoking toplevel() on ptolemy.moml.MoMLSimpleApplication@5f995593
reloadAllAccessors: .LazyPubSub2

===========================================================================================
----------------- testing Mon Jul 01 04:50:11 UTC 2019 /home/travis/build/icyphy/ptII/ptolemy/actor/lib/test/auto/LazyPubSub3.xml
----------------- Instantiating /home/travis/build/icyphy/ptII/ptolemy/actor/lib/test/auto/LazyPubSub3.xml
14 ms. Memory: 651264K Free: 292350K (45%)
----------------- Invoking toplevel() on ptolemy.moml.MoMLSimpleApplication@75492020
----------------- Done invoking toplevel() on ptolemy.moml.MoMLSimpleApplication@75492020
reloadAllAccessors: .LazyPubSub3

===========================================================================================
----------------- testing Mon Jul 01 04:50:11 UTC 2019 /home/travis/build/icyphy/ptII/ptolemy/actor/lib/test/auto/LazySubClassModel.xml
----------------- Instantiating /home/travis/build/icyphy/ptII/ptolemy/actor/lib/test/auto/LazySubClassModel.xml
2 ms. Memory: 651264K Free: 283134K (43%)
----------------- Invoking toplevel() on ptolemy.moml.MoMLSimpleApplication@207c69eb
----------------- Done invoking toplevel() on ptolemy.moml.MoMLSimpleApplication@207c69eb
reloadAllAccessors: .LazySubClassModel

===========================================================================================
----------------- testing Mon Jul 01 04:50:11 UTC 2019 /home/travis/build/icyphy/ptII/ptolemy/actor/lib/test/auto/LevelCrossTest1.xml
----------------- Instantiating /home/travis/build/icyphy/ptII/ptolemy/actor/lib/test/auto/LevelCrossTest1.xml
1 ms. Memory: 651264K Free: 277504K (43%)
----------------- Invoking toplevel() on ptolemy.moml.MoMLSimpleApplication@77c9c164
----------------- Done invoking toplevel() on ptolemy.moml.MoMLSimpleApplication@77c9c164
reloadAllAccessors: .broken

===========================================================================================
----------------- testing Mon Jul 01 04:50:11 UTC 2019 /home/travis/build/icyphy/ptII/ptolemy/actor/lib/test/auto/LevelCrossTest10.xml
----------------- Instantiating /home/travis/build/icyphy/ptII/ptolemy/actor/lib/test/auto/LevelCrossTest10.xml
1 ms. Memory: 651264K Free: 270846K (42%)
----------------- Invoking toplevel() on ptolemy.moml.MoMLSimpleApplication@2ad3a588
----------------- Done invoking toplevel() on ptolemy.moml.MoMLSimpleApplication@2ad3a588
reloadAllAccessors: .LevelCrossTest10

===========================================================================================
----------------- testing Mon Jul 01 04:50:11 UTC 2019 /home/travis/build/icyphy/ptII/ptolemy/actor/lib/test/auto/LevelCrossTest11.xml
----------------- Instantiating /home/travis/build/icyphy/ptII/ptolemy/actor/lib/test/auto/LevelCrossTest11.xml
1 ms. Memory: 651264K Free: 263678K (40%)
----------------- Invoking toplevel() on ptolemy.moml.MoMLSimpleApplication@60f1d453
----------------- Done invoking toplevel() on ptolemy.moml.MoMLSimpleApplication@60f1d453
reloadAllAccessors: .LevelCrossTest11

===========================================================================================
----------------- testing Mon Jul 01 04:50:11 UTC 2019 /home/travis/build/icyphy/ptII/ptolemy/actor/lib/test/auto/LevelCrossTest12.xml
----------------- Instantiating /home/travis/build/icyphy/ptII/ptolemy/actor/lib/test/auto/LevelCrossTest12.xml
1 ms. Memory: 651264K Free: 257024K (39%)
----------------- Invoking toplevel() on ptolemy.moml.MoMLSimpleApplication@679af877
----------------- Done invoking toplevel() on ptolemy.moml.MoMLSimpleApplication@679af877
reloadAllAccessors: .LevelCrossTest12

===========================================================================================
----------------- testing Mon Jul 01 04:50:11 UTC 2019 /home/travis/build/icyphy/ptII/ptolemy/actor/lib/test/auto/LevelCrossTest13.xml
----------------- Instantiating /home/travis/build/icyphy/ptII/ptolemy/actor/lib/test/auto/LevelCrossTest13.xml
1 ms. Memory: 651264K Free: 250366K (38%)
----------------- Invoking toplevel() on ptolemy.moml.MoMLSimpleApplication@1463920a
----------------- Done invoking toplevel() on ptolemy.moml.MoMLSimpleApplication@1463920a
reloadAllAccessors: .LevelCrossTest13

===========================================================================================
----------------- testing Mon Jul 01 04:50:11 UTC 2019 /home/travis/build/icyphy/ptII/ptolemy/actor/lib/test/auto/LevelCrossTest2.xml
----------------- Instantiating /home/travis/build/icyphy/ptII/ptolemy/actor/lib/test/auto/LevelCrossTest2.xml
1 ms. Memory: 651264K Free: 244736K (38%)
----------------- Invoking toplevel() on ptolemy.moml.MoMLSimpleApplication@4802b7a0
----------------- Done invoking toplevel() on ptolemy.moml.MoMLSimpleApplication@4802b7a0
reloadAllAccessors: .broken

===========================================================================================
----------------- testing Mon Jul 01 04:50:11 UTC 2019 /home/travis/build/icyphy/ptII/ptolemy/actor/lib/test/auto/LevelCrossTest3.xml
----------------- Instantiating /home/travis/build/icyphy/ptII/ptolemy/actor/lib/test/auto/LevelCrossTest3.xml
1 ms. Memory: 651264K Free: 238592K (37%)
----------------- Invoking toplevel() on ptolemy.moml.MoMLSimpleApplication@4ce03369
----------------- Done invoking toplevel() on ptolemy.moml.MoMLSimpleApplication@4ce03369
reloadAllAccessors: .LevelCrossTest3

===========================================================================================
----------------- testing Mon Jul 01 04:50:11 UTC 2019 /home/travis/build/icyphy/ptII/ptolemy/actor/lib/test/auto/LevelCrossTest4.xml
----------------- Instantiating /home/travis/build/icyphy/ptII/ptolemy/actor/lib/test/auto/LevelCrossTest4.xml
2 ms. Memory: 651264K Free: 233472K (36%)
----------------- Invoking toplevel() on ptolemy.moml.MoMLSimpleApplication@730c5e56
----------------- Done invoking toplevel() on ptolemy.moml.MoMLSimpleApplication@730c5e56
reloadAllAccessors: .broken

===========================================================================================
----------------- testing Mon Jul 01 04:50:11 UTC 2019 /home/travis/build/icyphy/ptII/ptolemy/actor/lib/test/auto/LevelCrossTest5.xml
----------------- Instantiating /home/travis/build/icyphy/ptII/ptolemy/actor/lib/test/auto/LevelCrossTest5.xml
2 ms. Memory: 651264K Free: 226814K (35%)
----------------- Invoking toplevel() on ptolemy.moml.MoMLSimpleApplication@7ea329d9
----------------- Done invoking toplevel() on ptolemy.moml.MoMLSimpleApplication@7ea329d9
reloadAllAccessors: .LevelCrossTest5

===========================================================================================
----------------- testing Mon Jul 01 04:50:11 UTC 2019 /home/travis/build/icyphy/ptII/ptolemy/actor/lib/test/auto/LevelCrossTest6.xml
----------------- Instantiating /home/travis/build/icyphy/ptII/ptolemy/actor/lib/test/auto/LevelCrossTest6.xml
4 ms. Memory: 651264K Free: 220160K (34%)
----------------- Invoking toplevel() on ptolemy.moml.MoMLSimpleApplication@54d909ca
----------------- Done invoking toplevel() on ptolemy.moml.MoMLSimpleApplication@54d909ca
reloadAllAccessors: .LevelCrossTest6

===========================================================================================
----------------- testing Mon Jul 01 04:50:11 UTC 2019 /home/travis/build/icyphy/ptII/ptolemy/actor/lib/test/auto/LevelCrossTest7.xml
----------------- Instantiating /home/travis/build/icyphy/ptII/ptolemy/actor/lib/test/auto/LevelCrossTest7.xml
11 ms. Memory: 651264K Free: 596740K (92%)
----------------- Invoking toplevel() on ptolemy.moml.MoMLSimpleApplication@1e44f7ac
----------------- Done invoking toplevel() on ptolemy.moml.MoMLSimpleApplication@1e44f7ac
reloadAllAccessors: .LevelCrossTest7

===========================================================================================
----------------- testing Mon Jul 01 04:50:11 UTC 2019 /home/travis/build/icyphy/ptII/ptolemy/actor/lib/test/auto/LevelCrossTest8.xml
----------------- Instantiating /home/travis/build/icyphy/ptII/ptolemy/actor/lib/test/auto/LevelCrossTest8.xml
2 ms. Memory: 651264K Free: 589393K (90%)
----------------- Invoking toplevel() on ptolemy.moml.MoMLSimpleApplication@d0a02dd
----------------- Done invoking toplevel() on ptolemy.moml.MoMLSimpleApplication@d0a02dd
reloadAllAccessors: .LevelCrossTest8

===========================================================================================
----------------- testing Mon Jul 01 04:50:11 UTC 2019 /home/travis/build/icyphy/ptII/ptolemy/actor/lib/test/auto/LevelCrossTest9.xml
----------------- Instantiating /home/travis/build/icyphy/ptII/ptolemy/actor/lib/test/auto/LevelCrossTest9.xml
2 ms. Memory: 651264K Free: 582732K (89%)
----------------- Invoking toplevel() on ptolemy.moml.MoMLSimpleApplication@24472f7b
----------------- Done invoking toplevel() on ptolemy.moml.MoMLSimpleApplication@24472f7b
reloadAllAccessors: .LevelCrossTest9

===========================================================================================
----------------- testing Mon Jul 01 04:50:11 UTC 2019 /home/travis/build/icyphy/ptII/ptolemy/actor/lib/test/auto/LevinsonDurbin.xml
----------------- Instantiating /home/travis/build/icyphy/ptII/ptolemy/actor/lib/test/auto/LevinsonDurbin.xml
2 ms. Memory: 651264K Free: 579153K (89%)
----------------- Invoking toplevel() on ptolemy.moml.MoMLSimpleApplication@42f6f04d
----------------- Done invoking toplevel() on ptolemy.moml.MoMLSimpleApplication@42f6f04d
reloadAllAccessors: .LevinsonDurbin

===========================================================================================
----------------- testing Mon Jul 01 04:50:11 UTC 2019 /home/travis/build/icyphy/ptII/ptolemy/actor/lib/test/auto/LevinsonDurbin2.xml
----------------- Instantiating /home/travis/build/icyphy/ptII/ptolemy/actor/lib/test/auto/LevinsonDurbin2.xml
3 ms. Memory: 651264K Free: 575057K (88%)
----------------- Invoking toplevel() on ptolemy.moml.MoMLSimpleApplication@21e57488
----------------- Done invoking toplevel() on ptolemy.moml.MoMLSimpleApplication@21e57488
reloadAllAccessors: .LevinsonDurbin2

===========================================================================================
----------------- testing Mon Jul 01 04:50:11 UTC 2019 /home/travis/build/icyphy/ptII/ptolemy/actor/lib/test/auto/LevinsonDurbin3.xml
----------------- Instantiating /home/travis/build/icyphy/ptII/ptolemy/actor/lib/test/auto/LevinsonDurbin3.xml
2 ms. Memory: 651264K Free: 570961K (88%)
----------------- Invoking toplevel() on ptolemy.moml.MoMLSimpleApplication@79ff9a21
----------------- Done invoking toplevel() on ptolemy.moml.MoMLSimpleApplication@79ff9a21
reloadAllAccessors: .LevinsonDurbin3

===========================================================================================
----------------- testing Mon Jul 01 04:50:11 UTC 2019 /home/travis/build/icyphy/ptII/ptolemy/actor/lib/test/auto/Limiter.xml
----------------- Instantiating /home/travis/build/icyphy/ptII/ptolemy/actor/lib/test/auto/Limiter.xml
4 ms. Memory: 651264K Free: 562225K (86%)
----------------- Invoking toplevel() on ptolemy.moml.MoMLSimpleApplication@40a5aa09
----------------- Done invoking toplevel() on ptolemy.moml.MoMLSimpleApplication@40a5aa09
reloadAllAccessors: .Limiter

===========================================================================================
----------------- testing Mon Jul 01 04:50:11 UTC 2019 /home/travis/build/icyphy/ptII/ptolemy/actor/lib/test/auto/LinearDifferenceEquationSystem.xml
----------------- Instantiating /home/travis/build/icyphy/ptII/ptolemy/actor/lib/test/auto/LinearDifferenceEquationSystem.xml
4 ms. Memory: 651264K Free: 555087K (85%)
----------------- Invoking toplevel() on ptolemy.moml.MoMLSimpleApplication@1a6d1f5d
----------------- Done invoking toplevel() on ptolemy.moml.MoMLSimpleApplication@1a6d1f5d
reloadAllAccessors: .LinearDifferenceEquationSystem

===========================================================================================
----------------- testing Mon Jul 01 04:50:11 UTC 2019 /home/travis/build/icyphy/ptII/ptolemy/actor/lib/test/auto/LookupTable.xml
----------------- Instantiating /home/travis/build/icyphy/ptII/ptolemy/actor/lib/test/auto/LookupTable.xml
1 ms. Memory: 651264K Free: 550481K (85%)
----------------- Invoking toplevel() on ptolemy.moml.MoMLSimpleApplication@2963e647
----------------- Done invoking toplevel() on ptolemy.moml.MoMLSimpleApplication@2963e647
reloadAllAccessors: .LookupTable

===========================================================================================
----------------- testing Mon Jul 01 04:50:11 UTC 2019 /home/travis/build/icyphy/ptII/ptolemy/actor/lib/test/auto/MathFunction.xml
----------------- Instantiating /home/travis/build/icyphy/ptII/ptolemy/actor/lib/test/auto/MathFunction.xml
2 ms. Memory: 651264K Free: 542289K (83%)
----------------- Invoking toplevel() on ptolemy.moml.MoMLSimpleApplication@4e60ee0
----------------- Done invoking toplevel() on ptolemy.moml.MoMLSimpleApplication@4e60ee0
reloadAllAccessors: .MathFunction

===========================================================================================
----------------- testing Mon Jul 01 04:50:11 UTC 2019 /home/travis/build/icyphy/ptII/ptolemy/actor/lib/test/auto/MathFunction2.xml
----------------- Instantiating /home/travis/build/icyphy/ptII/ptolemy/actor/lib/test/auto/MathFunction2.xml
1 ms. Memory: 651264K Free: 538703K (83%)
----------------- Invoking toplevel() on ptolemy.moml.MoMLSimpleApplication@36aa2744
----------------- Done invoking toplevel() on ptolemy.moml.MoMLSimpleApplication@36aa2744
reloadAllAccessors: .MathFunction2

===========================================================================================
----------------- testing Mon Jul 01 04:50:11 UTC 2019 /home/travis/build/icyphy/ptII/ptolemy/actor/lib/test/auto/MathFunction3.xml
----------------- Instantiating /home/travis/build/icyphy/ptII/ptolemy/actor/lib/test/auto/MathFunction3.xml
12 ms. Memory: 651264K Free: 531535K (82%)
----------------- Invoking toplevel() on ptolemy.moml.MoMLSimpleApplication@40d7d551
----------------- Done invoking toplevel() on ptolemy.moml.MoMLSimpleApplication@40d7d551
reloadAllAccessors: .MathFunction3

===========================================================================================
----------------- testing Mon Jul 01 04:50:11 UTC 2019 /home/travis/build/icyphy/ptII/ptolemy/actor/lib/test/auto/MatrixCropBoolean.xml
----------------- Instantiating /home/travis/build/icyphy/ptII/ptolemy/actor/lib/test/auto/MatrixCropBoolean.xml
1 ms. Memory: 651264K Free: 526385K (81%)
----------------- Invoking toplevel() on ptolemy.moml.MoMLSimpleApplication@4ae0455e
----------------- Done invoking toplevel() on ptolemy.moml.MoMLSimpleApplication@4ae0455e
reloadAllAccessors: .MatrixCropBoolean

===========================================================================================
----------------- testing Mon Jul 01 04:50:11 UTC 2019 /home/travis/build/icyphy/ptII/ptolemy/actor/lib/test/auto/MatrixCropComplex.xml
----------------- Instantiating /home/travis/build/icyphy/ptII/ptolemy/actor/lib/test/auto/MatrixCropComplex.xml
2 ms. Memory: 651264K Free: 521281K (80%)
----------------- Invoking toplevel() on ptolemy.moml.MoMLSimpleApplication@73832f9b
----------------- Done invoking toplevel() on ptolemy.moml.MoMLSimpleApplication@73832f9b
reloadAllAccessors: .MatrixCropComplex

===========================================================================================
----------------- testing Mon Jul 01 04:50:11 UTC 2019 /home/travis/build/icyphy/ptII/ptolemy/actor/lib/test/auto/MatrixCropDouble.xml
----------------- Instantiating /home/travis/build/icyphy/ptII/ptolemy/actor/lib/test/auto/MatrixCropDouble.xml
2 ms. Memory: 651264K Free: 517169K (79%)
----------------- Invoking toplevel() on ptolemy.moml.MoMLSimpleApplication@41e7c408
----------------- Done invoking toplevel() on ptolemy.moml.MoMLSimpleApplication@41e7c408
reloadAllAccessors: .MatrixCropDouble

===========================================================================================
----------------- testing Mon Jul 01 04:50:11 UTC 2019 /home/travis/build/icyphy/ptII/ptolemy/actor/lib/test/auto/MatrixCropFix.xml
----------------- Instantiating /home/travis/build/icyphy/ptII/ptolemy/actor/lib/test/auto/MatrixCropFix.xml
3 ms. Memory: 651264K Free: 512049K (79%)
----------------- Invoking toplevel() on ptolemy.moml.MoMLSimpleApplication@486effa9
----------------- Done invoking toplevel() on ptolemy.moml.MoMLSimpleApplication@486effa9
reloadAllAccessors: .MatrixCropFix

===========================================================================================
----------------- testing Mon Jul 01 04:50:11 UTC 2019 /home/travis/build/icyphy/ptII/ptolemy/actor/lib/test/auto/MatrixCropInt.xml
----------------- Instantiating /home/travis/build/icyphy/ptII/ptolemy/actor/lib/test/auto/MatrixCropInt.xml
2 ms. Memory: 651264K Free: 506945K (78%)
----------------- Invoking toplevel() on ptolemy.moml.MoMLSimpleApplication@2abcec19
----------------- Done invoking toplevel() on ptolemy.moml.MoMLSimpleApplication@2abcec19
reloadAllAccessors: .MatrixCropInt

===========================================================================================
----------------- testing Mon Jul 01 04:50:11 UTC 2019 /home/travis/build/icyphy/ptII/ptolemy/actor/lib/test/auto/MatrixCropLong.xml
----------------- Instantiating /home/travis/build/icyphy/ptII/ptolemy/actor/lib/test/auto/MatrixCropLong.xml
2 ms. Memory: 651264K Free: 501825K (77%)
----------------- Invoking toplevel() on ptolemy.moml.MoMLSimpleApplication@4e937ac7
----------------- Done invoking toplevel() on ptolemy.moml.MoMLSimpleApplication@4e937ac7
reloadAllAccessors: .MatrixCropLong

===========================================================================================
----------------- testing Mon Jul 01 04:50:11 UTC 2019 /home/travis/build/icyphy/ptII/ptolemy/actor/lib/test/auto/MatrixToArray.xml
----------------- Instantiating /home/travis/build/icyphy/ptII/ptolemy/actor/lib/test/auto/MatrixToArray.xml
6 ms. Memory: 651264K Free: 486993K (75%)
----------------- Invoking toplevel() on ptolemy.moml.MoMLSimpleApplication@7fa0a6ba
----------------- Done invoking toplevel() on ptolemy.moml.MoMLSimpleApplication@7fa0a6ba
reloadAllAccessors: .MatrixToArray

===========================================================================================
----------------- testing Mon Jul 01 04:50:11 UTC 2019 /home/travis/build/icyphy/ptII/ptolemy/actor/lib/test/auto/MaxIndex.xml
----------------- Instantiating /home/travis/build/icyphy/ptII/ptolemy/actor/lib/test/auto/MaxIndex.xml
1 ms. Memory: 651264K Free: 482383K (74%)
----------------- Invoking toplevel() on ptolemy.moml.MoMLSimpleApplication@3d73798b
----------------- Done invoking toplevel() on ptolemy.moml.MoMLSimpleApplication@3d73798b
reloadAllAccessors: .MaxIndex

===========================================================================================
----------------- testing Mon Jul 01 04:50:11 UTC 2019 /home/travis/build/icyphy/ptII/ptolemy/actor/lib/test/auto/Maximum.xml
----------------- Instantiating /home/travis/build/icyphy/ptII/ptolemy/actor/lib/test/auto/Maximum.xml
5 ms. Memory: 651264K Free: 475729K (73%)
----------------- Invoking toplevel() on ptolemy.moml.MoMLSimpleApplication@6874b9d0
----------------- Done invoking toplevel() on ptolemy.moml.MoMLSimpleApplication@6874b9d0
reloadAllAccessors: .Maximum

===========================================================================================
----------------- testing Mon Jul 01 04:50:12 UTC 2019 /home/travis/build/icyphy/ptII/ptolemy/actor/lib/test/auto/MaximumComplex.xml
----------------- Instantiating /home/travis/build/icyphy/ptII/ptolemy/actor/lib/test/auto/MaximumComplex.xml
5 ms. Memory: 651264K Free: 469585K (72%)
----------------- Invoking toplevel() on ptolemy.moml.MoMLSimpleApplication@683fd448
----------------- Done invoking toplevel() on ptolemy.moml.MoMLSimpleApplication@683fd448
reloadAllAccessors: .MaximumComplex

===========================================================================================
----------------- testing Mon Jul 01 04:50:12 UTC 2019 /home/travis/build/icyphy/ptII/ptolemy/actor/lib/test/auto/MethodCallTest.xml
----------------- Instantiating /home/travis/build/icyphy/ptII/ptolemy/actor/lib/test/auto/MethodCallTest.xml
2 ms. Memory: 651264K Free: 462927K (71%)
----------------- Invoking toplevel() on ptolemy.moml.MoMLSimpleApplication@75d3326b
----------------- Done invoking toplevel() on ptolemy.moml.MoMLSimpleApplication@75d3326b
reloadAllAccessors: .MethodCallTest

===========================================================================================
----------------- testing Mon Jul 01 04:50:12 UTC 2019 /home/travis/build/icyphy/ptII/ptolemy/actor/lib/test/auto/Minimum.xml
----------------- Instantiating /home/travis/build/icyphy/ptII/ptolemy/actor/lib/test/auto/Minimum.xml
2 ms. Memory: 651264K Free: 456783K (70%)
----------------- Invoking toplevel() on ptolemy.moml.MoMLSimpleApplication@a61373b
----------------- Done invoking toplevel() on ptolemy.moml.MoMLSimpleApplication@a61373b
reloadAllAccessors: .Minimum

===========================================================================================
----------------- testing Mon Jul 01 04:50:12 UTC 2019 /home/travis/build/icyphy/ptII/ptolemy/actor/lib/test/auto/MinimumComplex.xml
----------------- Instantiating /home/travis/build/icyphy/ptII/ptolemy/actor/lib/test/auto/MinimumComplex.xml
4 ms. Memory: 651264K Free: 450609K (69%)
----------------- Invoking toplevel() on ptolemy.moml.MoMLSimpleApplication@33f35234
----------------- Done invoking toplevel() on ptolemy.moml.MoMLSimpleApplication@33f35234
reloadAllAccessors: .MinimumComplex

===========================================================================================
----------------- testing Mon Jul 01 04:50:12 UTC 2019 /home/travis/build/icyphy/ptII/ptolemy/actor/lib/test/auto/MinimumMultiports.xml
----------------- Instantiating /home/travis/build/icyphy/ptII/ptolemy/actor/lib/test/auto/MinimumMultiports.xml
4 ms. Memory: 651264K Free: 442447K (68%)
----------------- Invoking toplevel() on ptolemy.moml.MoMLSimpleApplication@39e75570
----------------- Done invoking toplevel() on ptolemy.moml.MoMLSimpleApplication@39e75570
reloadAllAccessors: .MinimumMultiports

===========================================================================================
----------------- testing Mon Jul 01 04:50:12 UTC 2019 /home/travis/build/icyphy/ptII/ptolemy/actor/lib/test/auto/ModifyDate.xml
----------------- Instantiating /home/travis/build/icyphy/ptII/ptolemy/actor/lib/test/auto/ModifyDate.xml
9 ms. Memory: 651264K Free: 429649K (66%)
----------------- Invoking toplevel() on ptolemy.moml.MoMLSimpleApplication@449f119f
----------------- Done invoking toplevel() on ptolemy.moml.MoMLSimpleApplication@449f119f
reloadAllAccessors: .ModifyDate

===========================================================================================
----------------- testing Mon Jul 01 04:50:12 UTC 2019 /home/travis/build/icyphy/ptII/ptolemy/actor/lib/test/auto/ModifyDate2.xml
----------------- Instantiating /home/travis/build/icyphy/ptII/ptolemy/actor/lib/test/auto/ModifyDate2.xml
4 ms. Memory: 651264K Free: 420943K (65%)
----------------- Invoking toplevel() on ptolemy.moml.MoMLSimpleApplication@55e9145d
----------------- Done invoking toplevel() on ptolemy.moml.MoMLSimpleApplication@55e9145d
reloadAllAccessors: .ModifyDate2

===========================================================================================
----------------- testing Mon Jul 01 04:50:12 UTC 2019 /home/travis/build/icyphy/ptII/ptolemy/actor/lib/test/auto/MovingAverage.xml
----------------- Instantiating /home/travis/build/icyphy/ptII/ptolemy/actor/lib/test/auto/MovingAverage.xml
2 ms. Memory: 651264K Free: 416337K (64%)
----------------- Invoking toplevel() on ptolemy.moml.MoMLSimpleApplication@539a9bbf
----------------- Done invoking toplevel() on ptolemy.moml.MoMLSimpleApplication@539a9bbf
reloadAllAccessors: .MovingAverage

===========================================================================================
----------------- testing Mon Jul 01 04:50:12 UTC 2019 /home/travis/build/icyphy/ptII/ptolemy/actor/lib/test/auto/MovingMaximum.xml
----------------- Instantiating /home/travis/build/icyphy/ptII/ptolemy/actor/lib/test/auto/MovingMaximum.xml
2 ms. Memory: 651264K Free: 411727K (63%)
----------------- Invoking toplevel() on ptolemy.moml.MoMLSimpleApplication@324fd202
----------------- Done invoking toplevel() on ptolemy.moml.MoMLSimpleApplication@324fd202
reloadAllAccessors: .MovingMaximum

===========================================================================================
----------------- testing Mon Jul 01 04:50:12 UTC 2019 /home/travis/build/icyphy/ptII/ptolemy/actor/lib/test/auto/MultipleLinksToSameRelation.xml
----------------- Instantiating /home/travis/build/icyphy/ptII/ptolemy/actor/lib/test/auto/MultipleLinksToSameRelation.xml
2 ms. Memory: 651264K Free: 407631K (63%)
----------------- Invoking toplevel() on ptolemy.moml.MoMLSimpleApplication@31d77b01
----------------- Done invoking toplevel() on ptolemy.moml.MoMLSimpleApplication@31d77b01
reloadAllAccessors: .MultipleLinksToSameRelation

===========================================================================================
----------------- testing Mon Jul 01 04:50:12 UTC 2019 /home/travis/build/icyphy/ptII/ptolemy/actor/lib/test/auto/MultipleLinksToSameRelationDE.xml
----------------- Instantiating /home/travis/build/icyphy/ptII/ptolemy/actor/lib/test/auto/MultipleLinksToSameRelationDE.xml
4 ms. Memory: 651264K Free: 403025K (62%)
----------------- Invoking toplevel() on ptolemy.moml.MoMLSimpleApplication@608f192d
----------------- Done invoking toplevel() on ptolemy.moml.MoMLSimpleApplication@608f192d
reloadAllAccessors: .MultipleLinksToSameRelationDE

===========================================================================================
----------------- testing Mon Jul 01 04:50:12 UTC 2019 /home/travis/build/icyphy/ptII/ptolemy/actor/lib/test/auto/Multiplexor.xml
----------------- Instantiating /home/travis/build/icyphy/ptII/ptolemy/actor/lib/test/auto/Multiplexor.xml
1 ms. Memory: 651264K Free: 397905K (61%)
----------------- Invoking toplevel() on ptolemy.moml.MoMLSimpleApplication@309448ad
----------------- Done invoking toplevel() on ptolemy.moml.MoMLSimpleApplication@309448ad
reloadAllAccessors: .Multiplexor

===========================================================================================
----------------- testing Mon Jul 01 04:50:12 UTC 2019 /home/travis/build/icyphy/ptII/ptolemy/actor/lib/test/auto/Multiplexor1.xml
----------------- Instantiating /home/travis/build/icyphy/ptII/ptolemy/actor/lib/test/auto/Multiplexor1.xml
2 ms. Memory: 651264K Free: 392257K (60%)
----------------- Invoking toplevel() on ptolemy.moml.MoMLSimpleApplication@5a35f4f3
----------------- Done invoking toplevel() on ptolemy.moml.MoMLSimpleApplication@5a35f4f3
reloadAllAccessors: .Multiplexor1

===========================================================================================
----------------- testing Mon Jul 01 04:50:12 UTC 2019 /home/travis/build/icyphy/ptII/ptolemy/actor/lib/test/auto/Multiplexor2.xml
----------------- Instantiating /home/travis/build/icyphy/ptII/ptolemy/actor/lib/test/auto/Multiplexor2.xml
6 ms. Memory: 651264K Free: 385617K (59%)
----------------- Invoking toplevel() on ptolemy.moml.MoMLSimpleApplication@46f0d44d
----------------- Done invoking toplevel() on ptolemy.moml.MoMLSimpleApplication@46f0d44d
reloadAllAccessors: .Multiplexor2

===========================================================================================
----------------- testing Mon Jul 01 04:50:12 UTC 2019 /home/travis/build/icyphy/ptII/ptolemy/actor/lib/test/auto/Multiplexor3.xml
----------------- Instantiating /home/travis/build/icyphy/ptII/ptolemy/actor/lib/test/auto/Multiplexor3.xml
2 ms. Memory: 651264K Free: 381521K (59%)
----------------- Invoking toplevel() on ptolemy.moml.MoMLSimpleApplication@1c723dc8
----------------- Done invoking toplevel() on ptolemy.moml.MoMLSimpleApplication@1c723dc8
reloadAllAccessors: .Multiplexor3

===========================================================================================
----------------- testing Mon Jul 01 04:50:12 UTC 2019 /home/travis/build/icyphy/ptII/ptolemy/actor/lib/test/auto/MultiplexorDE.xml
----------------- Instantiating /home/travis/build/icyphy/ptII/ptolemy/actor/lib/test/auto/MultiplexorDE.xml
2 ms. Memory: 651264K Free: 373825K (57%)
----------------- Invoking toplevel() on ptolemy.moml.MoMLSimpleApplication@37c639a5
----------------- Done invoking toplevel() on ptolemy.moml.MoMLSimpleApplication@37c639a5
reloadAllAccessors: .MultiplexorDE

===========================================================================================
----------------- testing Mon Jul 01 04:50:12 UTC 2019 /home/travis/build/icyphy/ptII/ptolemy/actor/lib/test/auto/MultiportBroadcastTest.xml
----------------- Instantiating /home/travis/build/icyphy/ptII/ptolemy/actor/lib/test/auto/MultiportBroadcastTest.xml
90 ms. Memory: 651264K Free: 367679K (56%)
----------------- Invoking toplevel() on ptolemy.moml.MoMLSimpleApplication@7bffcf68
----------------- Done invoking toplevel() on ptolemy.moml.MoMLSimpleApplication@7bffcf68
reloadAllAccessors: .MultiportBroadcastTest

===========================================================================================
----------------- testing Mon Jul 01 04:50:12 UTC 2019 /home/travis/build/icyphy/ptII/ptolemy/actor/lib/test/auto/MultiportOutHangDuringGetWidth.xml
----------------- Instantiating /home/travis/build/icyphy/ptII/ptolemy/actor/lib/test/auto/MultiportOutHangDuringGetWidth.xml
5 ms. Memory: 651264K Free: 356417K (55%)
----------------- Invoking toplevel() on ptolemy.moml.MoMLSimpleApplication@7a352121
----------------- Done invoking toplevel() on ptolemy.moml.MoMLSimpleApplication@7a352121
reloadAllAccessors: .MultiportOutHangDuringGetWidth

===========================================================================================
----------------- testing Mon Jul 01 04:50:12 UTC 2019 /home/travis/build/icyphy/ptII/ptolemy/actor/lib/test/auto/NilToken.xml
----------------- Instantiating /home/travis/build/icyphy/ptII/ptolemy/actor/lib/test/auto/NilToken.xml
1 ms. Memory: 651264K Free: 352335K (54%)
----------------- Invoking toplevel() on ptolemy.moml.MoMLSimpleApplication@6eb06144
----------------- Done invoking toplevel() on ptolemy.moml.MoMLSimpleApplication@6eb06144
reloadAllAccessors: .NilToken

===========================================================================================
----------------- testing Mon Jul 01 04:50:12 UTC 2019 /home/travis/build/icyphy/ptII/ptolemy/actor/lib/test/auto/NilTokenNonStrictTest.xml
----------------- Instantiating /home/travis/build/icyphy/ptII/ptolemy/actor/lib/test/auto/NilTokenNonStrictTest.xml
2 ms. Memory: 651264K Free: 347215K (53%)
----------------- Invoking toplevel() on ptolemy.moml.MoMLSimpleApplication@4cc265ef
----------------- Done invoking toplevel() on ptolemy.moml.MoMLSimpleApplication@4cc265ef
reloadAllAccessors: .NilTokenNonStrictTest

===========================================================================================
----------------- testing Mon Jul 01 04:50:12 UTC 2019 /home/travis/build/icyphy/ptII/ptolemy/actor/lib/test/auto/NilTokenRecord.xml
----------------- Instantiating /home/travis/build/icyphy/ptII/ptolemy/actor/lib/test/auto/NilTokenRecord.xml
6 ms. Memory: 651264K Free: 340561K (52%)
----------------- Invoking toplevel() on ptolemy.moml.MoMLSimpleApplication@651a0be0
----------------- Done invoking toplevel() on ptolemy.moml.MoMLSimpleApplication@651a0be0
reloadAllAccessors: .NilTokenRecord

===========================================================================================
----------------- testing Mon Jul 01 04:50:12 UTC 2019 /home/travis/build/icyphy/ptII/ptolemy/actor/lib/test/auto/NilTokenTypeTest.xml
----------------- Instantiating /home/travis/build/icyphy/ptII/ptolemy/actor/lib/test/auto/NilTokenTypeTest.xml
9 ms. Memory: 651264K Free: 330831K (51%)
----------------- Invoking toplevel() on ptolemy.moml.MoMLSimpleApplication@6c63d8db
----------------- Done invoking toplevel() on ptolemy.moml.MoMLSimpleApplication@6c63d8db
reloadAllAccessors: .NilTokenTypeTest

===========================================================================================
----------------- testing Mon Jul 01 04:50:12 UTC 2019 /home/travis/build/icyphy/ptII/ptolemy/actor/lib/test/auto/ObjectToken1.xml
----------------- Instantiating /home/travis/build/icyphy/ptII/ptolemy/actor/lib/test/auto/ObjectToken1.xml
1 ms. Memory: 651264K Free: 327249K (50%)
----------------- Invoking toplevel() on ptolemy.moml.MoMLSimpleApplication@50458fd4
----------------- Done invoking toplevel() on ptolemy.moml.MoMLSimpleApplication@50458fd4
reloadAllAccessors: .ObjectToken1

===========================================================================================
----------------- testing Mon Jul 01 04:50:12 UTC 2019 /home/travis/build/icyphy/ptII/ptolemy/actor/lib/test/auto/OrderedMerge.xml
----------------- Instantiating /home/travis/build/icyphy/ptII/ptolemy/actor/lib/test/auto/OrderedMerge.xml
9 ms. Memory: 651264K Free: 321615K (49%)
----------------- Invoking toplevel() on ptolemy.moml.MoMLSimpleApplication@5276f4d8
----------------- Done invoking toplevel() on ptolemy.moml.MoMLSimpleApplication@5276f4d8
reloadAllAccessors: .OrderedMerge

===========================================================================================
----------------- testing Mon Jul 01 04:50:12 UTC 2019 /home/travis/build/icyphy/ptII/ptolemy/actor/lib/test/auto/OrderedRecordDisassembler.xml
----------------- Instantiating /home/travis/build/icyphy/ptII/ptolemy/actor/lib/test/auto/OrderedRecordDisassembler.xml
3 ms. Memory: 651264K Free: 316481K (49%)
----------------- Invoking toplevel() on ptolemy.moml.MoMLSimpleApplication@c651d49
----------------- Done invoking toplevel() on ptolemy.moml.MoMLSimpleApplication@c651d49
reloadAllAccessors: .OrderedRecordDisassembler

===========================================================================================
----------------- testing Mon Jul 01 04:50:12 UTC 2019 /home/travis/build/icyphy/ptII/ptolemy/actor/lib/test/auto/OrderedRecordDisassembler2.xml
----------------- Instantiating /home/travis/build/icyphy/ptII/ptolemy/actor/lib/test/auto/OrderedRecordDisassembler2.xml
4 ms. Memory: 651264K Free: 308817K (47%)
----------------- Invoking toplevel() on ptolemy.moml.MoMLSimpleApplication@406e176b
----------------- Done invoking toplevel() on ptolemy.moml.MoMLSimpleApplication@406e176b
reloadAllAccessors: .OrderedRecordDisassembler2

===========================================================================================
----------------- testing Mon Jul 01 04:50:12 UTC 2019 /home/travis/build/icyphy/ptII/ptolemy/actor/lib/test/auto/OrderedRecordUpdater.xml
----------------- Instantiating /home/travis/build/icyphy/ptII/ptolemy/actor/lib/test/auto/OrderedRecordUpdater.xml
2 ms. Memory: 651264K Free: 304207K (47%)
----------------- Invoking toplevel() on ptolemy.moml.MoMLSimpleApplication@193d434a
----------------- Done invoking toplevel() on ptolemy.moml.MoMLSimpleApplication@193d434a
reloadAllAccessors: .RecordUpdater

===========================================================================================
----------------- testing Mon Jul 01 04:50:12 UTC 2019 /home/travis/build/icyphy/ptII/ptolemy/actor/lib/test/auto/OrderedRecordUpdater2.xml
----------------- Instantiating /home/travis/build/icyphy/ptII/ptolemy/actor/lib/test/auto/OrderedRecordUpdater2.xml
2 ms. Memory: 651264K Free: 299601K (46%)
----------------- Invoking toplevel() on ptolemy.moml.MoMLSimpleApplication@49410695
----------------- Done invoking toplevel() on ptolemy.moml.MoMLSimpleApplication@49410695
reloadAllAccessors: .RecordUpdater2

===========================================================================================
----------------- testing Mon Jul 01 04:50:12 UTC 2019 /home/travis/build/icyphy/ptII/ptolemy/actor/lib/test/auto/PhaseUnwrap.xml
----------------- Instantiating /home/travis/build/icyphy/ptII/ptolemy/actor/lib/test/auto/PhaseUnwrap.xml
2 ms. Memory: 651264K Free: 295505K (45%)
----------------- Invoking toplevel() on ptolemy.moml.MoMLSimpleApplication@542e5d5
----------------- Done invoking toplevel() on ptolemy.moml.MoMLSimpleApplication@542e5d5
reloadAllAccessors: .PhaseUnwrap

===========================================================================================
----------------- testing Mon Jul 01 04:50:12 UTC 2019 /home/travis/build/icyphy/ptII/ptolemy/actor/lib/test/auto/PoissonClock.xml
----------------- Instantiating /home/travis/build/icyphy/ptII/ptolemy/actor/lib/test/auto/PoissonClock.xml
3 ms. Memory: 651264K Free: 291409K (45%)
----------------- Invoking toplevel() on ptolemy.moml.MoMLSimpleApplication@451ad7e1
----------------- Done invoking toplevel() on ptolemy.moml.MoMLSimpleApplication@451ad7e1
reloadAllAccessors: .PoissonClock

===========================================================================================
----------------- testing Mon Jul 01 04:50:12 UTC 2019 /home/travis/build/icyphy/ptII/ptolemy/actor/lib/test/auto/PoissonClock2.xml
----------------- Instantiating /home/travis/build/icyphy/ptII/ptolemy/actor/lib/test/auto/PoissonClock2.xml
1 ms. Memory: 651264K Free: 286799K (44%)
----------------- Invoking toplevel() on ptolemy.moml.MoMLSimpleApplication@3163cf6e
----------------- Done invoking toplevel() on ptolemy.moml.MoMLSimpleApplication@3163cf6e
reloadAllAccessors: .PoissonClock2

===========================================================================================
----------------- testing Mon Jul 01 04:50:12 UTC 2019 /home/travis/build/icyphy/ptII/ptolemy/actor/lib/test/auto/PoissonClock3.xml
----------------- Instantiating /home/travis/build/icyphy/ptII/ptolemy/actor/lib/test/auto/PoissonClock3.xml
2 ms. Memory: 651264K Free: 282193K (43%)
----------------- Invoking toplevel() on ptolemy.moml.MoMLSimpleApplication@42258a24
----------------- Done invoking toplevel() on ptolemy.moml.MoMLSimpleApplication@42258a24
reloadAllAccessors: .PoissonClock3

===========================================================================================
----------------- testing Mon Jul 01 04:50:12 UTC 2019 /home/travis/build/icyphy/ptII/ptolemy/actor/lib/test/auto/PubSubWithInitialTokens.xml
----------------- Instantiating /home/travis/build/icyphy/ptII/ptolemy/actor/lib/test/auto/PubSubWithInitialTokens.xml
2 ms. Memory: 651264K Free: 276553K (42%)
----------------- Invoking toplevel() on ptolemy.moml.MoMLSimpleApplication@35bdc0ae
----------------- Done invoking toplevel() on ptolemy.moml.MoMLSimpleApplication@35bdc0ae
reloadAllAccessors: .PubSubWithInitialTokens

===========================================================================================
----------------- testing Mon Jul 01 04:50:12 UTC 2019 /home/travis/build/icyphy/ptII/ptolemy/actor/lib/test/auto/PubSubWithInitialTokens2.xml
----------------- Instantiating /home/travis/build/icyphy/ptII/ptolemy/actor/lib/test/auto/PubSubWithInitialTokens2.xml
2 ms. Memory: 651264K Free: 270401K (42%)
----------------- Invoking toplevel() on ptolemy.moml.MoMLSimpleApplication@46ecacec
----------------- Done invoking toplevel() on ptolemy.moml.MoMLSimpleApplication@46ecacec
reloadAllAccessors: .PubSubWithInitialTokens2

===========================================================================================
----------------- testing Mon Jul 01 04:50:12 UTC 2019 /home/travis/build/icyphy/ptII/ptolemy/actor/lib/test/auto/PublisherClassNoParameter.xml
----------------- Instantiating /home/travis/build/icyphy/ptII/ptolemy/actor/lib/test/auto/PublisherClassNoParameter.xml
2 ms. Memory: 651264K Free: 260689K (40%)
----------------- Invoking toplevel() on ptolemy.moml.MoMLSimpleApplication@1fd6feb7
----------------- Done invoking toplevel() on ptolemy.moml.MoMLSimpleApplication@1fd6feb7
reloadAllAccessors: .PublisherClassNoParameter

===========================================================================================
----------------- testing Mon Jul 01 04:50:12 UTC 2019 /home/travis/build/icyphy/ptII/ptolemy/actor/lib/test/auto/PublisherClassParameter.xml
----------------- Instantiating /home/travis/build/icyphy/ptII/ptolemy/actor/lib/test/auto/PublisherClassParameter.xml
2 ms. Memory: 651264K Free: 250449K (38%)
----------------- Invoking toplevel() on ptolemy.moml.MoMLSimpleApplication@1802c19
----------------- Done invoking toplevel() on ptolemy.moml.MoMLSimpleApplication@1802c19
reloadAllAccessors: .PublisherClassParameter

===========================================================================================
----------------- testing Mon Jul 01 04:50:12 UTC 2019 /home/travis/build/icyphy/ptII/ptolemy/actor/lib/test/auto/PublisherNonStrictTest.xml
----------------- Instantiating /home/travis/build/icyphy/ptII/ptolemy/actor/lib/test/auto/PublisherNonStrictTest.xml
3 ms. Memory: 651264K Free: 242761K (37%)
----------------- Invoking toplevel() on ptolemy.moml.MoMLSimpleApplication@477dbd27
----------------- Done invoking toplevel() on ptolemy.moml.MoMLSimpleApplication@477dbd27
reloadAllAccessors: .PublisherNonStrictTest

===========================================================================================
----------------- testing Mon Jul 01 04:50:12 UTC 2019 /home/travis/build/icyphy/ptII/ptolemy/actor/lib/test/auto/PublisherPort1.xml
----------------- Instantiating /home/travis/build/icyphy/ptII/ptolemy/actor/lib/test/auto/PublisherPort1.xml
2 ms. Memory: 651264K Free: 237137K (36%)
----------------- Invoking toplevel() on ptolemy.moml.MoMLSimpleApplication@2dc6bb0f
----------------- Done invoking toplevel() on ptolemy.moml.MoMLSimpleApplication@2dc6bb0f
reloadAllAccessors: .PublisherPort1

===========================================================================================
----------------- testing Mon Jul 01 04:50:12 UTC 2019 /home/travis/build/icyphy/ptII/ptolemy/actor/lib/test/auto/PublisherPort2.xml
----------------- Instantiating /home/travis/build/icyphy/ptII/ptolemy/actor/lib/test/auto/PublisherPort2.xml
9 ms. Memory: 651264K Free: 232017K (36%)
----------------- Invoking toplevel() on ptolemy.moml.MoMLSimpleApplication@2e8c69b3
----------------- Done invoking toplevel() on ptolemy.moml.MoMLSimpleApplication@2e8c69b3
reloadAllAccessors: .PublisherPort2

===========================================================================================
----------------- testing Mon Jul 01 04:50:12 UTC 2019 /home/travis/build/icyphy/ptII/ptolemy/actor/lib/test/auto/PublisherPort3.xml
----------------- Instantiating /home/travis/build/icyphy/ptII/ptolemy/actor/lib/test/auto/PublisherPort3.xml
3 ms. Memory: 651264K Free: 225329K (35%)
----------------- Invoking toplevel() on ptolemy.moml.MoMLSimpleApplication@2b63306b
----------------- Done invoking toplevel() on ptolemy.moml.MoMLSimpleApplication@2b63306b
reloadAllAccessors: .PublisherPort3

===========================================================================================
----------------- testing Mon Jul 01 04:50:12 UTC 2019 /home/travis/build/icyphy/ptII/ptolemy/actor/lib/test/auto/PublisherPort4.xml
----------------- Instantiating /home/travis/build/icyphy/ptII/ptolemy/actor/lib/test/auto/PublisherPort4.xml
2 ms. Memory: 651264K Free: 219729K (34%)
----------------- Invoking toplevel() on ptolemy.moml.MoMLSimpleApplication@443a66f2
----------------- Done invoking toplevel() on ptolemy.moml.MoMLSimpleApplication@443a66f2
reloadAllAccessors: .PublisherPort4

===========================================================================================
----------------- testing Mon Jul 01 04:50:12 UTC 2019 /home/travis/build/icyphy/ptII/ptolemy/actor/lib/test/auto/PublisherPort5.xml
----------------- Instantiating /home/travis/build/icyphy/ptII/ptolemy/actor/lib/test/auto/PublisherPort5.xml
3 ms. Memory: 651264K Free: 596001K (92%)
----------------- Invoking toplevel() on ptolemy.moml.MoMLSimpleApplication@59d115f1
----------------- Done invoking toplevel() on ptolemy.moml.MoMLSimpleApplication@59d115f1
reloadAllAccessors: .PublisherPort5

===========================================================================================
----------------- testing Mon Jul 01 04:50:13 UTC 2019 /home/travis/build/icyphy/ptII/ptolemy/actor/lib/test/auto/PublisherPort5LookAlike.xml
----------------- Instantiating /home/travis/build/icyphy/ptII/ptolemy/actor/lib/test/auto/PublisherPort5LookAlike.xml
3 ms. Memory: 651264K Free: 588323K (90%)
----------------- Invoking toplevel() on ptolemy.moml.MoMLSimpleApplication@56c08196
----------------- Done invoking toplevel() on ptolemy.moml.MoMLSimpleApplication@56c08196
reloadAllAccessors: .PublisherPort5LookAlike

===========================================================================================
----------------- testing Mon Jul 01 04:50:13 UTC 2019 /home/travis/build/icyphy/ptII/ptolemy/actor/lib/test/auto/PublisherPort6.xml
----------------- Instantiating /home/travis/build/icyphy/ptII/ptolemy/actor/lib/test/auto/PublisherPort6.xml
2 ms. Memory: 651264K Free: 582179K (89%)
----------------- Invoking toplevel() on ptolemy.moml.MoMLSimpleApplication@1f957fbc
----------------- Done invoking toplevel() on ptolemy.moml.MoMLSimpleApplication@1f957fbc
reloadAllAccessors: .PublisherPort6

===========================================================================================
----------------- testing Mon Jul 01 04:50:13 UTC 2019 /home/travis/build/icyphy/ptII/ptolemy/actor/lib/test/auto/PublisherPort7.xml
----------------- Instantiating /home/travis/build/icyphy/ptII/ptolemy/actor/lib/test/auto/PublisherPort7.xml
3 ms. Memory: 651264K Free: 574497K (88%)
----------------- Invoking toplevel() on ptolemy.moml.MoMLSimpleApplication@2fa500e2
----------------- Done invoking toplevel() on ptolemy.moml.MoMLSimpleApplication@2fa500e2
reloadAllAccessors: .PublisherPort7

===========================================================================================
----------------- testing Mon Jul 01 04:50:13 UTC 2019 /home/travis/build/icyphy/ptII/ptolemy/actor/lib/test/auto/PublisherPort8.xml
----------------- Instantiating /home/travis/build/icyphy/ptII/ptolemy/actor/lib/test/auto/PublisherPort8.xml
4 ms. Memory: 651264K Free: 565795K (87%)
----------------- Invoking toplevel() on ptolemy.moml.MoMLSimpleApplication@7da3a93c
----------------- Done invoking toplevel() on ptolemy.moml.MoMLSimpleApplication@7da3a93c
reloadAllAccessors: .PublisherPort8

===========================================================================================
----------------- testing Mon Jul 01 04:50:13 UTC 2019 /home/travis/build/icyphy/ptII/ptolemy/actor/lib/test/auto/PublisherPortSubscriberChannelVariablesAOC2.xml
----------------- Instantiating /home/travis/build/icyphy/ptII/ptolemy/actor/lib/test/auto/PublisherPortSubscriberChannelVariablesAOC2.xml
3 ms. Memory: 651264K Free: 548387K (84%)
----------------- Invoking toplevel() on ptolemy.moml.MoMLSimpleApplication@575ef8e4
----------------- Done invoking toplevel() on ptolemy.moml.MoMLSimpleApplication@575ef8e4
reloadAllAccessors: .PublisherPortSubscriberChannelVariablesAOC2

===========================================================================================
----------------- testing Mon Jul 01 04:50:13 UTC 2019 /home/travis/build/icyphy/ptII/ptolemy/actor/lib/test/auto/PublisherPortSubscriberOpaqueWidthInference.xml
----------------- Instantiating /home/travis/build/icyphy/ptII/ptolemy/actor/lib/test/auto/PublisherPortSubscriberOpaqueWidthInference.xml
3 ms. Memory: 651264K Free: 540195K (83%)
----------------- Invoking toplevel() on ptolemy.moml.MoMLSimpleApplication@1df7740
----------------- Done invoking toplevel() on ptolemy.moml.MoMLSimpleApplication@1df7740
reloadAllAccessors: .PublisherPortSubscriberOpaqueWidthInference

===========================================================================================
----------------- testing Mon Jul 01 04:50:13 UTC 2019 /home/travis/build/icyphy/ptII/ptolemy/actor/lib/test/auto/PublisherPortSubscriberPortAdjacent.xml
----------------- Instantiating /home/travis/build/icyphy/ptII/ptolemy/actor/lib/test/auto/PublisherPortSubscriberPortAdjacent.xml
1 ms. Memory: 651264K Free: 532003K (82%)
----------------- Invoking toplevel() on ptolemy.moml.MoMLSimpleApplication@4dcd7845
----------------- Done invoking toplevel() on ptolemy.moml.MoMLSimpleApplication@4dcd7845
reloadAllAccessors: .PublisherPortSubscriberPortAdjacent

===========================================================================================
----------------- testing Mon Jul 01 04:50:13 UTC 2019 /home/travis/build/icyphy/ptII/ptolemy/actor/lib/test/auto/PublisherPortSubscriberPortExpression.xml
----------------- Instantiating /home/travis/build/icyphy/ptII/ptolemy/actor/lib/test/auto/PublisherPortSubscriberPortExpression.xml
3 ms. Memory: 651264K Free: 524306K (81%)
----------------- Invoking toplevel() on ptolemy.moml.MoMLSimpleApplication@f18d547
----------------- Done invoking toplevel() on ptolemy.moml.MoMLSimpleApplication@f18d547
reloadAllAccessors: .PublisherPortSubscriberPortExpression

===========================================================================================
----------------- testing Mon Jul 01 04:50:13 UTC 2019 /home/travis/build/icyphy/ptII/ptolemy/actor/lib/test/auto/PublisherPortSubscriberPortOpaqueD3Reverse.xml
----------------- Instantiating /home/travis/build/icyphy/ptII/ptolemy/actor/lib/test/auto/PublisherPortSubscriberPortOpaqueD3Reverse.xml
14 ms. Memory: 651264K Free: 514081K (79%)
----------------- Invoking toplevel() on ptolemy.moml.MoMLSimpleApplication@5c227258
----------------- Done invoking toplevel() on ptolemy.moml.MoMLSimpleApplication@5c227258
reloadAllAccessors: .PublisherPortSubscriberPortOpaqueD3Reverse

===========================================================================================
----------------- testing Mon Jul 01 04:50:13 UTC 2019 /home/travis/build/icyphy/ptII/ptolemy/actor/lib/test/auto/PublisherPortSubscriberPortOpaqueWidthInference.xml
----------------- Instantiating /home/travis/build/icyphy/ptII/ptolemy/actor/lib/test/auto/PublisherPortSubscriberPortOpaqueWidthInference.xml
3 ms. Memory: 651264K Free: 506403K (78%)
----------------- Invoking toplevel() on ptolemy.moml.MoMLSimpleApplication@74a58141
----------------- Done invoking toplevel() on ptolemy.moml.MoMLSimpleApplication@74a58141
reloadAllAccessors: .PublisherPortSubscriberPortOpaqueWidthInference

===========================================================================================
----------------- testing Mon Jul 01 04:50:13 UTC 2019 /home/travis/build/icyphy/ptII/ptolemy/actor/lib/test/auto/PublisherPortToplevelSubscriberPortAOC.xml
----------------- Instantiating /home/travis/build/icyphy/ptII/ptolemy/actor/lib/test/auto/PublisherPortToplevelSubscriberPortAOC.xml
.PublisherPortToplevelSubscriberPortAOC.TestExceptionAttribute: initialize() was not invoked, but wrapup() was.  This is unusual, but not always a problem.  For example, exporting JNLP will do this.
3 ms. Memory: 651264K Free: 500769K (77%)
----------------- Invoking toplevel() on ptolemy.moml.MoMLSimpleApplication@45ecdcdc
----------------- Done invoking toplevel() on ptolemy.moml.MoMLSimpleApplication@45ecdcdc
reloadAllAccessors: .PublisherPortToplevelSubscriberPortAOC

===========================================================================================
----------------- testing Mon Jul 01 04:50:13 UTC 2019 /home/travis/build/icyphy/ptII/ptolemy/actor/lib/test/auto/PublisherSubscriber.xml
----------------- Instantiating /home/travis/build/icyphy/ptII/ptolemy/actor/lib/test/auto/PublisherSubscriber.xml
2 ms. Memory: 651264K Free: 493570K (76%)
----------------- Invoking toplevel() on ptolemy.moml.MoMLSimpleApplication@3314ef74
----------------- Done invoking toplevel() on ptolemy.moml.MoMLSimpleApplication@3314ef74
reloadAllAccessors: .PublisherSubscriber

===========================================================================================
----------------- testing Mon Jul 01 04:50:13 UTC 2019 /home/travis/build/icyphy/ptII/ptolemy/actor/lib/test/auto/PublisherSubscriber10.xml
----------------- Instantiating /home/travis/build/icyphy/ptII/ptolemy/actor/lib/test/auto/PublisherSubscriber10.xml
6 ms. Memory: 651264K Free: 483875K (74%)
----------------- Invoking toplevel() on ptolemy.moml.MoMLSimpleApplication@5ae327ee
----------------- Done invoking toplevel() on ptolemy.moml.MoMLSimpleApplication@5ae327ee
reloadAllAccessors: .PublisherSubscriber10

===========================================================================================
----------------- testing Mon Jul 01 04:50:13 UTC 2019 /home/travis/build/icyphy/ptII/ptolemy/actor/lib/test/auto/PublisherSubscriber10InitialOutputs.xml
----------------- Instantiating /home/travis/build/icyphy/ptII/ptolemy/actor/lib/test/auto/PublisherSubscriber10InitialOutputs.xml
12 ms. Memory: 651264K Free: 474659K (73%)
----------------- Invoking toplevel() on ptolemy.moml.MoMLSimpleApplication@543b9e69
----------------- Done invoking toplevel() on ptolemy.moml.MoMLSimpleApplication@543b9e69
reloadAllAccessors: .PublisherSubscriber10InitialOutputs

===========================================================================================
----------------- testing Mon Jul 01 04:50:13 UTC 2019 /home/travis/build/icyphy/ptII/ptolemy/actor/lib/test/auto/PublisherSubscriber11.xml
----------------- Instantiating /home/travis/build/icyphy/ptII/ptolemy/actor/lib/test/auto/PublisherSubscriber11.xml
3 ms. Memory: 651264K Free: 468515K (72%)
----------------- Invoking toplevel() on ptolemy.moml.MoMLSimpleApplication@6c99623c
----------------- Done invoking toplevel() on ptolemy.moml.MoMLSimpleApplication@6c99623c
reloadAllAccessors: .PublisherSubscriber11

===========================================================================================
----------------- testing Mon Jul 01 04:50:13 UTC 2019 /home/travis/build/icyphy/ptII/ptolemy/actor/lib/test/auto/PublisherSubscriber12.xml
----------------- Instantiating /home/travis/build/icyphy/ptII/ptolemy/actor/lib/test/auto/PublisherSubscriber12.xml
5 ms. Memory: 651264K Free: 461347K (71%)
----------------- Invoking toplevel() on ptolemy.moml.MoMLSimpleApplication@7f1433d5
----------------- Done invoking toplevel() on ptolemy.moml.MoMLSimpleApplication@7f1433d5
reloadAllAccessors: .PublisherSubscriber12

===========================================================================================
----------------- testing Mon Jul 01 04:50:13 UTC 2019 /home/travis/build/icyphy/ptII/ptolemy/actor/lib/test/auto/PublisherSubscriber13.xml
----------------- Instantiating /home/travis/build/icyphy/ptII/ptolemy/actor/lib/test/auto/PublisherSubscriber13.xml
1 ms. Memory: 651264K Free: 455698K (70%)
----------------- Invoking toplevel() on ptolemy.moml.MoMLSimpleApplication@432aedba
----------------- Done invoking toplevel() on ptolemy.moml.MoMLSimpleApplication@432aedba
reloadAllAccessors: .PublisherSubscriber13

===========================================================================================
----------------- testing Mon Jul 01 04:50:13 UTC 2019 /home/travis/build/icyphy/ptII/ptolemy/actor/lib/test/auto/PublisherSubscriber14.xml
----------------- Instantiating /home/travis/build/icyphy/ptII/ptolemy/actor/lib/test/auto/PublisherSubscriber14.xml
2 ms. Memory: 651264K Free: 447011K (69%)
----------------- Invoking toplevel() on ptolemy.moml.MoMLSimpleApplication@39c0e81d
----------------- Done invoking toplevel() on ptolemy.moml.MoMLSimpleApplication@39c0e81d
reloadAllAccessors: .PublisherSubscriber14

===========================================================================================
----------------- testing Mon Jul 01 04:50:13 UTC 2019 /home/travis/build/icyphy/ptII/ptolemy/actor/lib/test/auto/PublisherSubscriber2.xml
----------------- Instantiating /home/travis/build/icyphy/ptII/ptolemy/actor/lib/test/auto/PublisherSubscriber2.xml
3 ms. Memory: 651264K Free: 441362K (68%)
----------------- Invoking toplevel() on ptolemy.moml.MoMLSimpleApplication@3d575dbc
----------------- Done invoking toplevel() on ptolemy.moml.MoMLSimpleApplication@3d575dbc
reloadAllAccessors: .PublisherSubscriber2

===========================================================================================
----------------- testing Mon Jul 01 04:50:13 UTC 2019 /home/travis/build/icyphy/ptII/ptolemy/actor/lib/test/auto/PublisherSubscriber3.xml
----------------- Instantiating /home/travis/build/icyphy/ptII/ptolemy/actor/lib/test/auto/PublisherSubscriber3.xml
2 ms. Memory: 651264K Free: 435747K (67%)
----------------- Invoking toplevel() on ptolemy.moml.MoMLSimpleApplication@1da18144
----------------- Done invoking toplevel() on ptolemy.moml.MoMLSimpleApplication@1da18144
reloadAllAccessors: .PublisherSubscriber3

===========================================================================================
----------------- testing Mon Jul 01 04:50:13 UTC 2019 /home/travis/build/icyphy/ptII/ptolemy/actor/lib/test/auto/PublisherSubscriber4.xml
----------------- Instantiating /home/travis/build/icyphy/ptII/ptolemy/actor/lib/test/auto/PublisherSubscriber4.xml
1 ms. Memory: 651264K Free: 430627K (66%)
----------------- Invoking toplevel() on ptolemy.moml.MoMLSimpleApplication@541a1582
----------------- Done invoking toplevel() on ptolemy.moml.MoMLSimpleApplication@541a1582
reloadAllAccessors: .PublisherSubscriber4

===========================================================================================
----------------- testing Mon Jul 01 04:50:13 UTC 2019 /home/travis/build/icyphy/ptII/ptolemy/actor/lib/test/auto/PublisherSubscriber5.xml
----------------- Instantiating /home/travis/build/icyphy/ptII/ptolemy/actor/lib/test/auto/PublisherSubscriber5.xml
2 ms. Memory: 651264K Free: 423969K (65%)
----------------- Invoking toplevel() on ptolemy.moml.MoMLSimpleApplication@3b6d3214
----------------- Done invoking toplevel() on ptolemy.moml.MoMLSimpleApplication@3b6d3214
reloadAllAccessors: .PublisherSubscriber5

===========================================================================================
----------------- testing Mon Jul 01 04:50:13 UTC 2019 /home/travis/build/icyphy/ptII/ptolemy/actor/lib/test/auto/PublisherSubscriber6.xml
----------------- Instantiating /home/travis/build/icyphy/ptII/ptolemy/actor/lib/test/auto/PublisherSubscriber6.xml
5 ms. Memory: 651264K Free: 417315K (64%)
----------------- Invoking toplevel() on ptolemy.moml.MoMLSimpleApplication@6c7d5ecc
----------------- Done invoking toplevel() on ptolemy.moml.MoMLSimpleApplication@6c7d5ecc
reloadAllAccessors: .PublisherSubscriber6

===========================================================================================
----------------- testing Mon Jul 01 04:50:13 UTC 2019 /home/travis/build/icyphy/ptII/ptolemy/actor/lib/test/auto/PublisherSubscriber7.xml
----------------- Instantiating /home/travis/build/icyphy/ptII/ptolemy/actor/lib/test/auto/PublisherSubscriber7.xml
9 ms. Memory: 651264K Free: 410642K (63%)
----------------- Invoking toplevel() on ptolemy.moml.MoMLSimpleApplication@5d3e0d30
----------------- Done invoking toplevel() on ptolemy.moml.MoMLSimpleApplication@5d3e0d30
reloadAllAccessors: .PublisherSubscriber7

===========================================================================================
----------------- testing Mon Jul 01 04:50:13 UTC 2019 /home/travis/build/icyphy/ptII/ptolemy/actor/lib/test/auto/PublisherSubscriber8.xml
----------------- Instantiating /home/travis/build/icyphy/ptII/ptolemy/actor/lib/test/auto/PublisherSubscriber8.xml
22 ms. Memory: 651264K Free: 398883K (61%)
----------------- Invoking toplevel() on ptolemy.moml.MoMLSimpleApplication@292280
----------------- Done invoking toplevel() on ptolemy.moml.MoMLSimpleApplication@292280
reloadAllAccessors: .PublisherSubscriber8

===========================================================================================
----------------- testing Mon Jul 01 04:50:13 UTC 2019 /home/travis/build/icyphy/ptII/ptolemy/actor/lib/test/auto/PublisherSubscriber9.xml
----------------- Instantiating /home/travis/build/icyphy/ptII/ptolemy/actor/lib/test/auto/PublisherSubscriber9.xml
3 ms. Memory: 651264K Free: 391715K (60%)
----------------- Invoking toplevel() on ptolemy.moml.MoMLSimpleApplication@42805d6f
----------------- Done invoking toplevel() on ptolemy.moml.MoMLSimpleApplication@42805d6f
reloadAllAccessors: .PublisherSubscriber9

===========================================================================================
----------------- testing Mon Jul 01 04:50:13 UTC 2019 /home/travis/build/icyphy/ptII/ptolemy/actor/lib/test/auto/PublisherSubscriberAdjacent.xml
----------------- Instantiating /home/travis/build/icyphy/ptII/ptolemy/actor/lib/test/auto/PublisherSubscriberAdjacent.xml
2 ms. Memory: 651264K Free: 384033K (59%)
----------------- Invoking toplevel() on ptolemy.moml.MoMLSimpleApplication@69da91f0
----------------- Done invoking toplevel() on ptolemy.moml.MoMLSimpleApplication@69da91f0
reloadAllAccessors: .PublisherSubscriberAdjacent

===========================================================================================
----------------- testing Mon Jul 01 04:50:13 UTC 2019 /home/travis/build/icyphy/ptII/ptolemy/actor/lib/test/auto/PublisherSubscriberChannelVariablesAOC2.xml
----------------- Instantiating /home/travis/build/icyphy/ptII/ptolemy/actor/lib/test/auto/PublisherSubscriberChannelVariablesAOC2.xml
3 ms. Memory: 651264K Free: 369187K (57%)
----------------- Invoking toplevel() on ptolemy.moml.MoMLSimpleApplication@2639eac2
----------------- Done invoking toplevel() on ptolemy.moml.MoMLSimpleApplication@2639eac2
reloadAllAccessors: .PublisherSubscriberChannelVariablesAOC2

===========================================================================================
----------------- testing Mon Jul 01 04:50:13 UTC 2019 /home/travis/build/icyphy/ptII/ptolemy/actor/lib/test/auto/PublisherSubscriberD3.xml
----------------- Instantiating /home/travis/build/icyphy/ptII/ptolemy/actor/lib/test/auto/PublisherSubscriberD3.xml
2 ms. Memory: 651264K Free: 362019K (56%)
----------------- Invoking toplevel() on ptolemy.moml.MoMLSimpleApplication@24328fdb
----------------- Done invoking toplevel() on ptolemy.moml.MoMLSimpleApplication@24328fdb
reloadAllAccessors: .PublisherSubscriberD3

===========================================================================================
----------------- testing Mon Jul 01 04:50:13 UTC 2019 /home/travis/build/icyphy/ptII/ptolemy/actor/lib/test/auto/PublisherSubscriberD3Reverse.xml
----------------- Instantiating /home/travis/build/icyphy/ptII/ptolemy/actor/lib/test/auto/PublisherSubscriberD3Reverse.xml
2 ms. Memory: 651264K Free: 355875K (55%)
----------------- Invoking toplevel() on ptolemy.moml.MoMLSimpleApplication@8d1e938
----------------- Done invoking toplevel() on ptolemy.moml.MoMLSimpleApplication@8d1e938
reloadAllAccessors: .PublisherSubscriberD3Reverse

===========================================================================================
----------------- testing Mon Jul 01 04:50:13 UTC 2019 /home/travis/build/icyphy/ptII/ptolemy/actor/lib/test/auto/PublisherSubscriberExpression.xml
----------------- Instantiating /home/travis/build/icyphy/ptII/ptolemy/actor/lib/test/auto/PublisherSubscriberExpression.xml
3 ms. Memory: 651264K Free: 347683K (53%)
----------------- Invoking toplevel() on ptolemy.moml.MoMLSimpleApplication@596f2bb6
----------------- Done invoking toplevel() on ptolemy.moml.MoMLSimpleApplication@596f2bb6
reloadAllAccessors: .PublisherSubscriberExpression

===========================================================================================
----------------- testing Mon Jul 01 04:50:13 UTC 2019 /home/travis/build/icyphy/ptII/ptolemy/actor/lib/test/auto/PublisherSubscriberOpaque.xml
----------------- Instantiating /home/travis/build/icyphy/ptII/ptolemy/actor/lib/test/auto/PublisherSubscriberOpaque.xml
4 ms. Memory: 651264K Free: 339491K (52%)
----------------- Invoking toplevel() on ptolemy.moml.MoMLSimpleApplication@644101
----------------- Done invoking toplevel() on ptolemy.moml.MoMLSimpleApplication@644101
reloadAllAccessors: .PublisherSubscriberOpaque

===========================================================================================
----------------- testing Mon Jul 01 04:50:13 UTC 2019 /home/travis/build/icyphy/ptII/ptolemy/actor/lib/test/auto/PublisherSubscriberOpaqueD3.xml
----------------- Instantiating /home/travis/build/icyphy/ptII/ptolemy/actor/lib/test/auto/PublisherSubscriberOpaqueD3.xml
4 ms. Memory: 651264K Free: 328227K (50%)
----------------- Invoking toplevel() on ptolemy.moml.MoMLSimpleApplication@3622eb36
----------------- Done invoking toplevel() on ptolemy.moml.MoMLSimpleApplication@3622eb36
reloadAllAccessors: .PublisherSubscriberOpaqueD3

===========================================================================================
----------------- testing Mon Jul 01 04:50:13 UTC 2019 /home/travis/build/icyphy/ptII/ptolemy/actor/lib/test/auto/PublisherSubscriberOpaqueD3Reverse.xml
----------------- Instantiating /home/travis/build/icyphy/ptII/ptolemy/actor/lib/test/auto/PublisherSubscriberOpaqueD3Reverse.xml
7 ms. Memory: 651264K Free: 317473K (49%)
----------------- Invoking toplevel() on ptolemy.moml.MoMLSimpleApplication@d65242a
----------------- Done invoking toplevel() on ptolemy.moml.MoMLSimpleApplication@d65242a
reloadAllAccessors: .PublisherSubscriberOpaqueD3Reverse

===========================================================================================
----------------- testing Mon Jul 01 04:50:13 UTC 2019 /home/travis/build/icyphy/ptII/ptolemy/actor/lib/test/auto/PublisherSubscriberOpaqueWidthInference.xml
----------------- Instantiating /home/travis/build/icyphy/ptII/ptolemy/actor/lib/test/auto/PublisherSubscriberOpaqueWidthInference.xml
3 ms. Memory: 651264K Free: 309266K (47%)
----------------- Invoking toplevel() on ptolemy.moml.MoMLSimpleApplication@4cc585fc
----------------- Done invoking toplevel() on ptolemy.moml.MoMLSimpleApplication@4cc585fc
reloadAllAccessors: .PublisherSubscriberOpaqueWidthInference

===========================================================================================
----------------- testing Mon Jul 01 04:50:13 UTC 2019 /home/travis/build/icyphy/ptII/ptolemy/actor/lib/test/auto/PublisherTestSubscriber.xml
----------------- Instantiating /home/travis/build/icyphy/ptII/ptolemy/actor/lib/test/auto/PublisherTestSubscriber.xml
2 ms. Memory: 651264K Free: 301603K (46%)
----------------- Invoking toplevel() on ptolemy.moml.MoMLSimpleApplication@5c52eb82
----------------- Done invoking toplevel() on ptolemy.moml.MoMLSimpleApplication@5c52eb82
reloadAllAccessors: .PublisherTestSubscriber

===========================================================================================
----------------- testing Mon Jul 01 04:50:13 UTC 2019 /home/travis/build/icyphy/ptII/ptolemy/actor/lib/test/auto/PublisherToplevelSubscriberPortAOC.xml
----------------- Instantiating /home/travis/build/icyphy/ptII/ptolemy/actor/lib/test/auto/PublisherToplevelSubscriberPortAOC.xml
2 ms. Memory: 651264K Free: 295459K (45%)
----------------- Invoking toplevel() on ptolemy.moml.MoMLSimpleApplication@2e249e34
----------------- Done invoking toplevel() on ptolemy.moml.MoMLSimpleApplication@2e249e34
reloadAllAccessors: .PublisherToplevelSubscriberPortAOC

===========================================================================================
----------------- testing Mon Jul 01 04:50:13 UTC 2019 /home/travis/build/icyphy/ptII/ptolemy/actor/lib/test/auto/PulseFiringLimitDE.xml
----------------- Instantiating /home/travis/build/icyphy/ptII/ptolemy/actor/lib/test/auto/PulseFiringLimitDE.xml
2 ms. Memory: 651264K Free: 289315K (44%)
----------------- Invoking toplevel() on ptolemy.moml.MoMLSimpleApplication@151eed4f
----------------- Done invoking toplevel() on ptolemy.moml.MoMLSimpleApplication@151eed4f
reloadAllAccessors: .PulseFiringLimitDE

===========================================================================================
----------------- testing Mon Jul 01 04:50:13 UTC 2019 /home/travis/build/icyphy/ptII/ptolemy/actor/lib/test/auto/Ramp1.xml
----------------- Instantiating /home/travis/build/icyphy/ptII/ptolemy/actor/lib/test/auto/Ramp1.xml
2 ms. Memory: 651264K Free: 285219K (44%)
----------------- Invoking toplevel() on ptolemy.moml.MoMLSimpleApplication@7b0386e7
----------------- Done invoking toplevel() on ptolemy.moml.MoMLSimpleApplication@7b0386e7
reloadAllAccessors: .Ramp1

===========================================================================================
----------------- testing Mon Jul 01 04:50:13 UTC 2019 /home/travis/build/icyphy/ptII/ptolemy/actor/lib/test/auto/RampFiringLimitDE.xml
----------------- Instantiating /home/travis/build/icyphy/ptII/ptolemy/actor/lib/test/auto/RampFiringLimitDE.xml
2 ms. Memory: 651264K Free: 279075K (43%)
----------------- Invoking toplevel() on ptolemy.moml.MoMLSimpleApplication@6d752f29
----------------- Done invoking toplevel() on ptolemy.moml.MoMLSimpleApplication@6d752f29
reloadAllAccessors: .RampFiringLimitDE

===========================================================================================
----------------- testing Mon Jul 01 04:50:13 UTC 2019 /home/travis/build/icyphy/ptII/ptolemy/actor/lib/test/auto/RampFiringLimitSDF.xml
----------------- Instantiating /home/travis/build/icyphy/ptII/ptolemy/actor/lib/test/auto/RampFiringLimitSDF.xml
1 ms. Memory: 651264K Free: 273955K (42%)
----------------- Invoking toplevel() on ptolemy.moml.MoMLSimpleApplication@474bde8e
----------------- Done invoking toplevel() on ptolemy.moml.MoMLSimpleApplication@474bde8e
reloadAllAccessors: .RampFiringLimitSDF

===========================================================================================
----------------- testing Mon Jul 01 04:50:13 UTC 2019 /home/travis/build/icyphy/ptII/ptolemy/actor/lib/test/auto/RandomInteger.xml
----------------- Instantiating /home/travis/build/icyphy/ptII/ptolemy/actor/lib/test/auto/RandomInteger.xml
2 ms. Memory: 651264K Free: 269859K (41%)
----------------- Invoking toplevel() on ptolemy.moml.MoMLSimpleApplication@ee58cb6
----------------- Done invoking toplevel() on ptolemy.moml.MoMLSimpleApplication@ee58cb6
reloadAllAccessors: .RandomInteger

===========================================================================================
----------------- testing Mon Jul 01 04:50:13 UTC 2019 /home/travis/build/icyphy/ptII/ptolemy/actor/lib/test/auto/ReadFile1.xml
----------------- Instantiating /home/travis/build/icyphy/ptII/ptolemy/actor/lib/test/auto/ReadFile1.xml
1 ms. Memory: 651264K Free: 265249K (41%)
----------------- Invoking toplevel() on ptolemy.moml.MoMLSimpleApplication@7552e31f
----------------- Done invoking toplevel() on ptolemy.moml.MoMLSimpleApplication@7552e31f
reloadAllAccessors: .ReadFile1

===========================================================================================
----------------- testing Mon Jul 01 04:50:13 UTC 2019 /home/travis/build/icyphy/ptII/ptolemy/actor/lib/test/auto/ReadFile2.xml
----------------- Instantiating /home/travis/build/icyphy/ptII/ptolemy/actor/lib/test/auto/ReadFile2.xml
1 ms. Memory: 651264K Free: 261153K (40%)
----------------- Invoking toplevel() on ptolemy.moml.MoMLSimpleApplication@4bbf244b
----------------- Done invoking toplevel() on ptolemy.moml.MoMLSimpleApplication@4bbf244b
reloadAllAccessors: .ReadFile2

===========================================================================================
----------------- testing Mon Jul 01 04:50:13 UTC 2019 /home/travis/build/icyphy/ptII/ptolemy/actor/lib/test/auto/Reader.xml
----------------- Instantiating /home/travis/build/icyphy/ptII/ptolemy/actor/lib/test/auto/Reader.xml
actor.lib.Reader is obsolete, use actor.lib.io.ExpressionReader instead
1 ms. Memory: 651264K Free: 257057K (39%)
----------------- Invoking toplevel() on ptolemy.moml.MoMLSimpleApplication@3436f048
----------------- Done invoking toplevel() on ptolemy.moml.MoMLSimpleApplication@3436f048
reloadAllAccessors: .Reader

===========================================================================================
----------------- testing Mon Jul 01 04:50:13 UTC 2019 /home/travis/build/icyphy/ptII/ptolemy/actor/lib/test/auto/RecordAssemblerDisplayNameTest.xml
----------------- Instantiating /home/travis/build/icyphy/ptII/ptolemy/actor/lib/test/auto/RecordAssemblerDisplayNameTest.xml
3826 ms. Memory: 651264K Free: 218624K (34%)
----------------- Invoking toplevel() on ptolemy.moml.MoMLSimpleApplication@2fa153b3
----------------- Done invoking toplevel() on ptolemy.moml.MoMLSimpleApplication@2fa153b3
reloadAllAccessors: .RecordAssemblerDisplayNameTest

===========================================================================================
----------------- testing Mon Jul 01 04:50:17 UTC 2019 /home/travis/build/icyphy/ptII/ptolemy/actor/lib/test/auto/RecordAssemblerTypeError.xml
----------------- Instantiating /home/travis/build/icyphy/ptII/ptolemy/actor/lib/test/auto/RecordAssemblerTypeError.xml
3 ms. Memory: 651264K Free: 593408K (91%)
----------------- Invoking toplevel() on ptolemy.moml.MoMLSimpleApplication@51e6b5a5
----------------- Done invoking toplevel() on ptolemy.moml.MoMLSimpleApplication@51e6b5a5
reloadAllAccessors: .RecordAssemblerTypeError

===========================================================================================
----------------- testing Mon Jul 01 04:50:17 UTC 2019 /home/travis/build/icyphy/ptII/ptolemy/actor/lib/test/auto/RecordDisassember.xml
----------------- Instantiating /home/travis/build/icyphy/ptII/ptolemy/actor/lib/test/auto/RecordDisassember.xml
2 ms. Memory: 651264K Free: 588767K (90%)
----------------- Invoking toplevel() on ptolemy.moml.MoMLSimpleApplication@1c8114d8
----------------- Done invoking toplevel() on ptolemy.moml.MoMLSimpleApplication@1c8114d8
reloadAllAccessors: .RecordDisassember

===========================================================================================
----------------- testing Mon Jul 01 04:50:17 UTC 2019 /home/travis/build/icyphy/ptII/ptolemy/actor/lib/test/auto/RecordDisassemberDisplayNameTest.xml
----------------- Instantiating /home/travis/build/icyphy/ptII/ptolemy/actor/lib/test/auto/RecordDisassemberDisplayNameTest.xml
4 ms. Memory: 651264K Free: 581120K (89%)
----------------- Invoking toplevel() on ptolemy.moml.MoMLSimpleApplication@4dde05fc
----------------- Done invoking toplevel() on ptolemy.moml.MoMLSimpleApplication@4dde05fc
reloadAllAccessors: .RecordDisassemberDisplayNameTest

===========================================================================================
----------------- testing Mon Jul 01 04:50:17 UTC 2019 /home/travis/build/icyphy/ptII/ptolemy/actor/lib/test/auto/RecordDisassembler.xml
----------------- Instantiating /home/travis/build/icyphy/ptII/ptolemy/actor/lib/test/auto/RecordDisassembler.xml
3 ms. Memory: 651264K Free: 576000K (88%)
----------------- Invoking toplevel() on ptolemy.moml.MoMLSimpleApplication@4287b313
----------------- Done invoking toplevel() on ptolemy.moml.MoMLSimpleApplication@4287b313
reloadAllAccessors: .RecordDisassembler

===========================================================================================
----------------- testing Mon Jul 01 04:50:17 UTC 2019 /home/travis/build/icyphy/ptII/ptolemy/actor/lib/test/auto/RecordDisassembler2.xml
----------------- Instantiating /home/travis/build/icyphy/ptII/ptolemy/actor/lib/test/auto/RecordDisassembler2.xml
2 ms. Memory: 651264K Free: 570880K (88%)
----------------- Invoking toplevel() on ptolemy.moml.MoMLSimpleApplication@788f5b58
----------------- Done invoking toplevel() on ptolemy.moml.MoMLSimpleApplication@788f5b58
reloadAllAccessors: .RecordDisassembler2

===========================================================================================
----------------- testing Mon Jul 01 04:50:17 UTC 2019 /home/travis/build/icyphy/ptII/ptolemy/actor/lib/test/auto/RecordUpdater.xml
----------------- Instantiating /home/travis/build/icyphy/ptII/ptolemy/actor/lib/test/auto/RecordUpdater.xml
2 ms. Memory: 651264K Free: 566270K (87%)
----------------- Invoking toplevel() on ptolemy.moml.MoMLSimpleApplication@2e666430
----------------- Done invoking toplevel() on ptolemy.moml.MoMLSimpleApplication@2e666430
reloadAllAccessors: .RecordUpdater

===========================================================================================
----------------- testing Mon Jul 01 04:50:17 UTC 2019 /home/travis/build/icyphy/ptII/ptolemy/actor/lib/test/auto/RecordUpdater2.xml
----------------- Instantiating /home/travis/build/icyphy/ptII/ptolemy/actor/lib/test/auto/RecordUpdater2.xml
1 ms. Memory: 651264K Free: 561150K (86%)
----------------- Invoking toplevel() on ptolemy.moml.MoMLSimpleApplication@49c242d6
----------------- Done invoking toplevel() on ptolemy.moml.MoMLSimpleApplication@49c242d6
reloadAllAccessors: .RecordUpdater2

===========================================================================================
----------------- testing Mon Jul 01 04:50:17 UTC 2019 /home/travis/build/icyphy/ptII/ptolemy/actor/lib/test/auto/RecursiveLattice.xml
----------------- Instantiating /home/travis/build/icyphy/ptII/ptolemy/actor/lib/test/auto/RecursiveLattice.xml
3 ms. Memory: 651264K Free: 556544K (85%)
----------------- Invoking toplevel() on ptolemy.moml.MoMLSimpleApplication@66e636ed
----------------- Done invoking toplevel() on ptolemy.moml.MoMLSimpleApplication@66e636ed
reloadAllAccessors: .RecursiveLattice

===========================================================================================
----------------- testing Mon Jul 01 04:50:17 UTC 2019 /home/travis/build/icyphy/ptII/ptolemy/actor/lib/test/auto/Router.xml
----------------- Instantiating /home/travis/build/icyphy/ptII/ptolemy/actor/lib/test/auto/Router.xml
3004 ms. Memory: 651264K Free: 545790K (84%)
----------------- Invoking toplevel() on ptolemy.moml.MoMLSimpleApplication@12d9bce9
----------------- Done invoking toplevel() on ptolemy.moml.MoMLSimpleApplication@12d9bce9
reloadAllAccessors: .Router

===========================================================================================
----------------- testing Mon Jul 01 04:50:20 UTC 2019 /home/travis/build/icyphy/ptII/ptolemy/actor/lib/test/auto/Router2.xml
----------------- Instantiating /home/travis/build/icyphy/ptII/ptolemy/actor/lib/test/auto/Router2.xml
3002 ms. Memory: 651264K Free: 536064K (82%)
----------------- Invoking toplevel() on ptolemy.moml.MoMLSimpleApplication@5e5af52f
----------------- Done invoking toplevel() on ptolemy.moml.MoMLSimpleApplication@5e5af52f
reloadAllAccessors: .Router2

===========================================================================================
----------------- testing Mon Jul 01 04:50:24 UTC 2019 /home/travis/build/icyphy/ptII/ptolemy/actor/lib/test/auto/RunningMaximum.xml
----------------- Instantiating /home/travis/build/icyphy/ptII/ptolemy/actor/lib/test/auto/RunningMaximum.xml
2 ms. Memory: 651264K Free: 531454K (82%)
----------------- Invoking toplevel() on ptolemy.moml.MoMLSimpleApplication@640efab0
----------------- Done invoking toplevel() on ptolemy.moml.MoMLSimpleApplication@640efab0
reloadAllAccessors: .RunningMaximum

===========================================================================================
----------------- testing Mon Jul 01 04:50:24 UTC 2019 /home/travis/build/icyphy/ptII/ptolemy/actor/lib/test/auto/RunningMinimum.xml
----------------- Instantiating /home/travis/build/icyphy/ptII/ptolemy/actor/lib/test/auto/RunningMinimum.xml
8 ms. Memory: 651264K Free: 526848K (81%)
----------------- Invoking toplevel() on ptolemy.moml.MoMLSimpleApplication@4ed833da
----------------- Done invoking toplevel() on ptolemy.moml.MoMLSimpleApplication@4ed833da
reloadAllAccessors: .RunningMinimum

===========================================================================================
----------------- testing Mon Jul 01 04:50:24 UTC 2019 /home/travis/build/icyphy/ptII/ptolemy/actor/lib/test/auto/Scale.xml
----------------- Instantiating /home/travis/build/icyphy/ptII/ptolemy/actor/lib/test/auto/Scale.xml
1 ms. Memory: 651264K Free: 522238K (80%)
----------------- Invoking toplevel() on ptolemy.moml.MoMLSimpleApplication@23b4e729
----------------- Done invoking toplevel() on ptolemy.moml.MoMLSimpleApplication@23b4e729
reloadAllAccessors: .Scale

===========================================================================================
----------------- testing Mon Jul 01 04:50:24 UTC 2019 /home/travis/build/icyphy/ptII/ptolemy/actor/lib/test/auto/Scale2.xml
----------------- Instantiating /home/travis/build/icyphy/ptII/ptolemy/actor/lib/test/auto/Scale2.xml
1 ms. Memory: 651264K Free: 517632K (79%)
----------------- Invoking toplevel() on ptolemy.moml.MoMLSimpleApplication@211f97
----------------- Done invoking toplevel() on ptolemy.moml.MoMLSimpleApplication@211f97
reloadAllAccessors: .Scale2

===========================================================================================
----------------- testing Mon Jul 01 04:50:24 UTC 2019 /home/travis/build/icyphy/ptII/ptolemy/actor/lib/test/auto/Scale3.xml
----------------- Instantiating /home/travis/build/icyphy/ptII/ptolemy/actor/lib/test/auto/Scale3.xml
8 ms. Memory: 651264K Free: 511488K (79%)
----------------- Invoking toplevel() on ptolemy.moml.MoMLSimpleApplication@5443eece
----------------- Done invoking toplevel() on ptolemy.moml.MoMLSimpleApplication@5443eece
reloadAllAccessors: .Scale3

===========================================================================================
----------------- testing Mon Jul 01 04:50:24 UTC 2019 /home/travis/build/icyphy/ptII/ptolemy/actor/lib/test/auto/ScaleArray.xml
----------------- Instantiating /home/travis/build/icyphy/ptII/ptolemy/actor/lib/test/auto/ScaleArray.xml
2 ms. Memory: 651264K Free: 506878K (78%)
----------------- Invoking toplevel() on ptolemy.moml.MoMLSimpleApplication@7f387924
----------------- Done invoking toplevel() on ptolemy.moml.MoMLSimpleApplication@7f387924
reloadAllAccessors: .ScaleArray

===========================================================================================
----------------- testing Mon Jul 01 04:50:24 UTC 2019 /home/travis/build/icyphy/ptII/ptolemy/actor/lib/test/auto/ScaleArray2.xml
----------------- Instantiating /home/travis/build/icyphy/ptII/ptolemy/actor/lib/test/auto/ScaleArray2.xml
1 ms. Memory: 651264K Free: 502272K (77%)
----------------- Invoking toplevel() on ptolemy.moml.MoMLSimpleApplication@274f56c6
----------------- Done invoking toplevel() on ptolemy.moml.MoMLSimpleApplication@274f56c6
reloadAllAccessors: .ScaleArray2

===========================================================================================
----------------- testing Mon Jul 01 04:50:24 UTC 2019 /home/travis/build/icyphy/ptII/ptolemy/actor/lib/test/auto/ScaleMatrix.xml
----------------- Instantiating /home/travis/build/icyphy/ptII/ptolemy/actor/lib/test/auto/ScaleMatrix.xml
123 ms. Memory: 651264K Free: 486912K (75%)
----------------- Invoking toplevel() on ptolemy.moml.MoMLSimpleApplication@5f57e52c
----------------- Done invoking toplevel() on ptolemy.moml.MoMLSimpleApplication@5f57e52c
reloadAllAccessors: .ScaleMatrix

===========================================================================================
----------------- testing Mon Jul 01 04:50:24 UTC 2019 /home/travis/build/icyphy/ptII/ptolemy/actor/lib/test/auto/Select.xml
----------------- Instantiating /home/travis/build/icyphy/ptII/ptolemy/actor/lib/test/auto/Select.xml
3 ms. Memory: 651264K Free: 480768K (74%)
----------------- Invoking toplevel() on ptolemy.moml.MoMLSimpleApplication@7b9e254
----------------- Done invoking toplevel() on ptolemy.moml.MoMLSimpleApplication@7b9e254
reloadAllAccessors: .Select

===========================================================================================
----------------- testing Mon Jul 01 04:50:24 UTC 2019 /home/travis/build/icyphy/ptII/ptolemy/actor/lib/test/auto/Select2.xml
----------------- Instantiating /home/travis/build/icyphy/ptII/ptolemy/actor/lib/test/auto/Select2.xml
1 ms. Memory: 651264K Free: 476158K (73%)
----------------- Invoking toplevel() on ptolemy.moml.MoMLSimpleApplication@34bb4661
----------------- Done invoking toplevel() on ptolemy.moml.MoMLSimpleApplication@34bb4661
reloadAllAccessors: .Select2

===========================================================================================
----------------- testing Mon Jul 01 04:50:24 UTC 2019 /home/travis/build/icyphy/ptII/ptolemy/actor/lib/test/auto/SequenceToArray2.xml
----------------- Instantiating /home/travis/build/icyphy/ptII/ptolemy/actor/lib/test/auto/SequenceToArray2.xml
83 ms. Memory: 651264K Free: 452606K (69%)
----------------- Invoking toplevel() on ptolemy.moml.MoMLSimpleApplication@1b82fca6
----------------- Done invoking toplevel() on ptolemy.moml.MoMLSimpleApplication@1b82fca6
reloadAllAccessors: .SequenceToArray2

===========================================================================================
----------------- testing Mon Jul 01 04:50:24 UTC 2019 /home/travis/build/icyphy/ptII/ptolemy/actor/lib/test/auto/SequentialClock.xml
----------------- Instantiating /home/travis/build/icyphy/ptII/ptolemy/actor/lib/test/auto/SequentialClock.xml
1 ms. Memory: 651264K Free: 448510K (69%)
----------------- Invoking toplevel() on ptolemy.moml.MoMLSimpleApplication@6025416
----------------- Done invoking toplevel() on ptolemy.moml.MoMLSimpleApplication@6025416
reloadAllAccessors: .SequentialClock

===========================================================================================
----------------- testing Mon Jul 01 04:50:24 UTC 2019 /home/travis/build/icyphy/ptII/ptolemy/actor/lib/test/auto/SetVariable.xml
----------------- Instantiating /home/travis/build/icyphy/ptII/ptolemy/actor/lib/test/auto/SetVariable.xml
2 ms. Memory: 651264K Free: 443904K (68%)
----------------- Invoking toplevel() on ptolemy.moml.MoMLSimpleApplication@6d2eb168
----------------- Done invoking toplevel() on ptolemy.moml.MoMLSimpleApplication@6d2eb168
reloadAllAccessors: .SetVariable

===========================================================================================
----------------- testing Mon Jul 01 04:50:24 UTC 2019 /home/travis/build/icyphy/ptII/ptolemy/actor/lib/test/auto/SetVariable2.xml
----------------- Instantiating /home/travis/build/icyphy/ptII/ptolemy/actor/lib/test/auto/SetVariable2.xml
2 ms. Memory: 651264K Free: 437760K (67%)
----------------- Invoking toplevel() on ptolemy.moml.MoMLSimpleApplication@414ba0e1
----------------- Done invoking toplevel() on ptolemy.moml.MoMLSimpleApplication@414ba0e1
reloadAllAccessors: .SetVariable2

===========================================================================================
----------------- testing Mon Jul 01 04:50:24 UTC 2019 /home/travis/build/icyphy/ptII/ptolemy/actor/lib/test/auto/SetVariable3.xml
----------------- Instantiating /home/travis/build/icyphy/ptII/ptolemy/actor/lib/test/auto/SetVariable3.xml
7 ms. Memory: 651264K Free: 432640K (66%)
----------------- Invoking toplevel() on ptolemy.moml.MoMLSimpleApplication@66091b7f
----------------- Done invoking toplevel() on ptolemy.moml.MoMLSimpleApplication@66091b7f
reloadAllAccessors: .SetVariable3

===========================================================================================
----------------- testing Mon Jul 01 04:50:24 UTC 2019 /home/travis/build/icyphy/ptII/ptolemy/actor/lib/test/auto/SetVariable4.xml
----------------- Instantiating /home/travis/build/icyphy/ptII/ptolemy/actor/lib/test/auto/SetVariable4.xml
17 ms. Memory: 651264K Free: 423422K (65%)
----------------- Invoking toplevel() on ptolemy.moml.MoMLSimpleApplication@d8a405d
----------------- Done invoking toplevel() on ptolemy.moml.MoMLSimpleApplication@d8a405d
reloadAllAccessors: .SetVariable4

===========================================================================================
----------------- testing Mon Jul 01 04:50:24 UTC 2019 /home/travis/build/icyphy/ptII/ptolemy/actor/lib/test/auto/SetVariable5.xml
----------------- Instantiating /home/travis/build/icyphy/ptII/ptolemy/actor/lib/test/auto/SetVariable5.xml
17 ms. Memory: 651264K Free: 414208K (64%)
----------------- Invoking toplevel() on ptolemy.moml.MoMLSimpleApplication@786e6158
----------------- Done invoking toplevel() on ptolemy.moml.MoMLSimpleApplication@786e6158
reloadAllAccessors: .SetVariable5

===========================================================================================
----------------- testing Mon Jul 01 04:50:24 UTC 2019 /home/travis/build/icyphy/ptII/ptolemy/actor/lib/test/auto/Sinewave.xml
----------------- Instantiating /home/travis/build/icyphy/ptII/ptolemy/actor/lib/test/auto/Sinewave.xml
4 ms. Memory: 651264K Free: 403968K (62%)
----------------- Invoking toplevel() on ptolemy.moml.MoMLSimpleApplication@e495649
----------------- Done invoking toplevel() on ptolemy.moml.MoMLSimpleApplication@e495649
reloadAllAccessors: .Sinewave

===========================================================================================
----------------- testing Mon Jul 01 04:50:24 UTC 2019 /home/travis/build/icyphy/ptII/ptolemy/actor/lib/test/auto/Sinewave2.xml
----------------- Instantiating /home/travis/build/icyphy/ptII/ptolemy/actor/lib/test/auto/Sinewave2.xml
5 ms. Memory: 651264K Free: 396286K (61%)
----------------- Invoking toplevel() on ptolemy.moml.MoMLSimpleApplication@71a49a7f
----------------- Done invoking toplevel() on ptolemy.moml.MoMLSimpleApplication@71a49a7f
reloadAllAccessors: .Sinewave2

===========================================================================================
----------------- testing Mon Jul 01 04:50:24 UTC 2019 /home/travis/build/icyphy/ptII/ptolemy/actor/lib/test/auto/Sinewave3.xml
----------------- Instantiating /home/travis/build/icyphy/ptII/ptolemy/actor/lib/test/auto/Sinewave3.xml
9 ms. Memory: 651264K Free: 388063K (60%)
----------------- Invoking toplevel() on ptolemy.moml.MoMLSimpleApplication@22ab1cdb
----------------- Done invoking toplevel() on ptolemy.moml.MoMLSimpleApplication@22ab1cdb
reloadAllAccessors: .Sinewave3

===========================================================================================
----------------- testing Mon Jul 01 04:50:24 UTC 2019 /home/travis/build/icyphy/ptII/ptolemy/actor/lib/test/auto/SingleEvent.xml
----------------- Instantiating /home/travis/build/icyphy/ptII/ptolemy/actor/lib/test/auto/SingleEvent.xml
1 ms. Memory: 651264K Free: 383998K (59%)
----------------- Invoking toplevel() on ptolemy.moml.MoMLSimpleApplication@5e1a31a4
----------------- Done invoking toplevel() on ptolemy.moml.MoMLSimpleApplication@5e1a31a4
reloadAllAccessors: .SingleEvent

===========================================================================================
----------------- testing Mon Jul 01 04:50:24 UTC 2019 /home/travis/build/icyphy/ptII/ptolemy/actor/lib/test/auto/Sleep.xml
----------------- Instantiating /home/travis/build/icyphy/ptII/ptolemy/actor/lib/test/auto/Sleep.xml
6003 ms. Memory: 651264K Free: 377854K (58%)
----------------- Invoking toplevel() on ptolemy.moml.MoMLSimpleApplication@2bfbe2c0
----------------- Done invoking toplevel() on ptolemy.moml.MoMLSimpleApplication@2bfbe2c0
reloadAllAccessors: .Sleep

===========================================================================================
----------------- testing Mon Jul 01 04:50:30 UTC 2019 /home/travis/build/icyphy/ptII/ptolemy/actor/lib/test/auto/SleepMultipleFire.xml
----------------- Instantiating /home/travis/build/icyphy/ptII/ptolemy/actor/lib/test/auto/SleepMultipleFire.xml
1005 ms. Memory: 651264K Free: 372224K (57%)
----------------- Invoking toplevel() on ptolemy.moml.MoMLSimpleApplication@7986e1a9
----------------- Done invoking toplevel() on ptolemy.moml.MoMLSimpleApplication@7986e1a9
reloadAllAccessors: .SleepMultipleFire

===========================================================================================
----------------- testing Mon Jul 01 04:50:31 UTC 2019 /home/travis/build/icyphy/ptII/ptolemy/actor/lib/test/auto/StopDE.xml
----------------- Instantiating /home/travis/build/icyphy/ptII/ptolemy/actor/lib/test/auto/StopDE.xml
2 ms. Memory: 651264K Free: 366590K (56%)
----------------- Invoking toplevel() on ptolemy.moml.MoMLSimpleApplication@70c98fdf
----------------- Done invoking toplevel() on ptolemy.moml.MoMLSimpleApplication@70c98fdf
reloadAllAccessors: .StopDE

===========================================================================================
----------------- testing Mon Jul 01 04:50:31 UTC 2019 /home/travis/build/icyphy/ptII/ptolemy/actor/lib/test/auto/StopSDF.xml
----------------- Instantiating /home/travis/build/icyphy/ptII/ptolemy/actor/lib/test/auto/StopSDF.xml
2 ms. Memory: 651264K Free: 361470K (56%)
----------------- Invoking toplevel() on ptolemy.moml.MoMLSimpleApplication@52426f15
----------------- Done invoking toplevel() on ptolemy.moml.MoMLSimpleApplication@52426f15
reloadAllAccessors: .StopSDF

===========================================================================================
----------------- testing Mon Jul 01 04:50:31 UTC 2019 /home/travis/build/icyphy/ptII/ptolemy/actor/lib/test/auto/StringConstant.xml
----------------- Instantiating /home/travis/build/icyphy/ptII/ptolemy/actor/lib/test/auto/StringConstant.xml
10 ms. Memory: 651264K Free: 357374K (55%)
----------------- Invoking toplevel() on ptolemy.moml.MoMLSimpleApplication@4ac4a74a
----------------- Done invoking toplevel() on ptolemy.moml.MoMLSimpleApplication@4ac4a74a
reloadAllAccessors: .StringConstant

===========================================================================================
----------------- testing Mon Jul 01 04:50:31 UTC 2019 /home/travis/build/icyphy/ptII/ptolemy/actor/lib/test/auto/SubscriberPortInitialValues1.xml
----------------- Instantiating /home/travis/build/icyphy/ptII/ptolemy/actor/lib/test/auto/SubscriberPortInitialValues1.xml
10 ms. Memory: 651264K Free: 348672K (54%)
----------------- Invoking toplevel() on ptolemy.moml.MoMLSimpleApplication@190f18be
----------------- Done invoking toplevel() on ptolemy.moml.MoMLSimpleApplication@190f18be
reloadAllAccessors: .SubscriberPortInitialValues1

===========================================================================================
----------------- testing Mon Jul 01 04:50:31 UTC 2019 /home/travis/build/icyphy/ptII/ptolemy/actor/lib/test/auto/SubscriberPortInitialValues13.xml
----------------- Instantiating /home/travis/build/icyphy/ptII/ptolemy/actor/lib/test/auto/SubscriberPortInitialValues13.xml
10 ms. Memory: 651264K Free: 335870K (52%)
----------------- Invoking toplevel() on ptolemy.moml.MoMLSimpleApplication@2f340a83
----------------- Done invoking toplevel() on ptolemy.moml.MoMLSimpleApplication@2f340a83
reloadAllAccessors: .SubscriberPortInitialValues13

===========================================================================================
----------------- testing Mon Jul 01 04:50:31 UTC 2019 /home/travis/build/icyphy/ptII/ptolemy/actor/lib/test/auto/SubscriberPortInitialValues14.xml
----------------- Instantiating /home/travis/build/icyphy/ptII/ptolemy/actor/lib/test/auto/SubscriberPortInitialValues14.xml
5 ms. Memory: 651264K Free: 328192K (50%)
----------------- Invoking toplevel() on ptolemy.moml.MoMLSimpleApplication@4d384848
----------------- Done invoking toplevel() on ptolemy.moml.MoMLSimpleApplication@4d384848
reloadAllAccessors: .SubscriberPortInitialValues14

===========================================================================================
----------------- testing Mon Jul 01 04:50:31 UTC 2019 /home/travis/build/icyphy/ptII/ptolemy/actor/lib/test/auto/SubscriberPortInitialValues2.xml
----------------- Instantiating /home/travis/build/icyphy/ptII/ptolemy/actor/lib/test/auto/SubscriberPortInitialValues2.xml
4 ms. Memory: 651264K Free: 320510K (49%)
----------------- Invoking toplevel() on ptolemy.moml.MoMLSimpleApplication@7f3e4360
----------------- Done invoking toplevel() on ptolemy.moml.MoMLSimpleApplication@7f3e4360
reloadAllAccessors: .SubscriberPortInitialValues2

===========================================================================================
----------------- testing Mon Jul 01 04:50:31 UTC 2019 /home/travis/build/icyphy/ptII/ptolemy/actor/lib/test/auto/SubscriberPortInitialValues3.xml
----------------- Instantiating /home/travis/build/icyphy/ptII/ptolemy/actor/lib/test/auto/SubscriberPortInitialValues3.xml
4 ms. Memory: 651264K Free: 309760K (48%)
----------------- Invoking toplevel() on ptolemy.moml.MoMLSimpleApplication@5891730
----------------- Done invoking toplevel() on ptolemy.moml.MoMLSimpleApplication@5891730
reloadAllAccessors: .SubscriberPortInitialValues3

===========================================================================================
----------------- testing Mon Jul 01 04:50:31 UTC 2019 /home/travis/build/icyphy/ptII/ptolemy/actor/lib/test/auto/SubscriptionAggregator.xml
----------------- Instantiating /home/travis/build/icyphy/ptII/ptolemy/actor/lib/test/auto/SubscriptionAggregator.xml
3 ms. Memory: 651264K Free: 303087K (47%)
----------------- Invoking toplevel() on ptolemy.moml.MoMLSimpleApplication@2d0ee8f9
----------------- Done invoking toplevel() on ptolemy.moml.MoMLSimpleApplication@2d0ee8f9
reloadAllAccessors: .SubscriptionAggregator

===========================================================================================
----------------- testing Mon Jul 01 04:50:31 UTC 2019 /home/travis/build/icyphy/ptII/ptolemy/actor/lib/test/auto/SubscriptionAggregator2.xml
----------------- Instantiating /home/travis/build/icyphy/ptII/ptolemy/actor/lib/test/auto/SubscriptionAggregator2.xml
3 ms. Memory: 651264K Free: 296448K (46%)
----------------- Invoking toplevel() on ptolemy.moml.MoMLSimpleApplication@7ec5cf25
----------------- Done invoking toplevel() on ptolemy.moml.MoMLSimpleApplication@7ec5cf25
reloadAllAccessors: .SubscriptionAggregator2

===========================================================================================
----------------- testing Mon Jul 01 04:50:31 UTC 2019 /home/travis/build/icyphy/ptII/ptolemy/actor/lib/test/auto/SubscriptionAggregator3.xml
----------------- Instantiating /home/travis/build/icyphy/ptII/ptolemy/actor/lib/test/auto/SubscriptionAggregator3.xml
3 ms. Memory: 651264K Free: 287742K (44%)
----------------- Invoking toplevel() on ptolemy.moml.MoMLSimpleApplication@2c2c9001
----------------- Done invoking toplevel() on ptolemy.moml.MoMLSimpleApplication@2c2c9001
reloadAllAccessors: .SubscriptionAggregator3

===========================================================================================
----------------- testing Mon Jul 01 04:50:31 UTC 2019 /home/travis/build/icyphy/ptII/ptolemy/actor/lib/test/auto/SubscriptionAggregatorMultiply.xml
----------------- Instantiating /home/travis/build/icyphy/ptII/ptolemy/actor/lib/test/auto/SubscriptionAggregatorMultiply.xml
4 ms. Memory: 651264K Free: 279040K (43%)
----------------- Invoking toplevel() on ptolemy.moml.MoMLSimpleApplication@170c673e
----------------- Done invoking toplevel() on ptolemy.moml.MoMLSimpleApplication@170c673e
reloadAllAccessors: .SubscriptionAggregatorMultiply

===========================================================================================
----------------- testing Mon Jul 01 04:50:31 UTC 2019 /home/travis/build/icyphy/ptII/ptolemy/actor/lib/test/auto/SubscriptionAggregatorPortMultiply1.xml
----------------- Instantiating /home/travis/build/icyphy/ptII/ptolemy/actor/lib/test/auto/SubscriptionAggregatorPortMultiply1.xml
4 ms. Memory: 651264K Free: 271358K (42%)
----------------- Invoking toplevel() on ptolemy.moml.MoMLSimpleApplication@3583b848
----------------- Done invoking toplevel() on ptolemy.moml.MoMLSimpleApplication@3583b848
reloadAllAccessors: .SubscriptionAggregatorPortMultiply1

===========================================================================================
----------------- testing Mon Jul 01 04:50:31 UTC 2019 /home/travis/build/icyphy/ptII/ptolemy/actor/lib/test/auto/Switch.xml
----------------- Instantiating /home/travis/build/icyphy/ptII/ptolemy/actor/lib/test/auto/Switch.xml
8 ms. Memory: 651264K Free: 263166K (40%)
----------------- Invoking toplevel() on ptolemy.moml.MoMLSimpleApplication@50b34592
----------------- Done invoking toplevel() on ptolemy.moml.MoMLSimpleApplication@50b34592
reloadAllAccessors: .Switch

===========================================================================================
----------------- testing Mon Jul 01 04:50:31 UTC 2019 /home/travis/build/icyphy/ptII/ptolemy/actor/lib/test/auto/Switch2.xml
----------------- Instantiating /home/travis/build/icyphy/ptII/ptolemy/actor/lib/test/auto/Switch2.xml
1 ms. Memory: 651264K Free: 258560K (40%)
----------------- Invoking toplevel() on ptolemy.moml.MoMLSimpleApplication@581647d7
----------------- Done invoking toplevel() on ptolemy.moml.MoMLSimpleApplication@581647d7
reloadAllAccessors: .Switch2

===========================================================================================
----------------- testing Mon Jul 01 04:50:31 UTC 2019 /home/travis/build/icyphy/ptII/ptolemy/actor/lib/test/auto/SwitchDE.xml
----------------- Instantiating /home/travis/build/icyphy/ptII/ptolemy/actor/lib/test/auto/SwitchDE.xml
4 ms. Memory: 651264K Free: 252416K (39%)
----------------- Invoking toplevel() on ptolemy.moml.MoMLSimpleApplication@426546f1
----------------- Done invoking toplevel() on ptolemy.moml.MoMLSimpleApplication@426546f1
reloadAllAccessors: .SwitchDE

===========================================================================================
----------------- testing Mon Jul 01 04:50:32 UTC 2019 /home/travis/build/icyphy/ptII/ptolemy/actor/lib/test/auto/SynchronizerDE.xml
----------------- Instantiating /home/travis/build/icyphy/ptII/ptolemy/actor/lib/test/auto/SynchronizerDE.xml
7 ms. Memory: 651264K Free: 244224K (38%)
----------------- Invoking toplevel() on ptolemy.moml.MoMLSimpleApplication@2b1a6151
----------------- Done invoking toplevel() on ptolemy.moml.MoMLSimpleApplication@2b1a6151
reloadAllAccessors: .SynchronizerDE

===========================================================================================
----------------- testing Mon Jul 01 04:50:32 UTC 2019 /home/travis/build/icyphy/ptII/ptolemy/actor/lib/test/auto/Test.xml
----------------- Instantiating /home/travis/build/icyphy/ptII/ptolemy/actor/lib/test/auto/Test.xml
9 ms. Memory: 651264K Free: 239104K (37%)
----------------- Invoking toplevel() on ptolemy.moml.MoMLSimpleApplication@68c5c3fb
----------------- Done invoking toplevel() on ptolemy.moml.MoMLSimpleApplication@68c5c3fb
reloadAllAccessors: .Test

===========================================================================================
----------------- testing Mon Jul 01 04:50:32 UTC 2019 /home/travis/build/icyphy/ptII/ptolemy/actor/lib/test/auto/TestExceptionAttribute1.xml
----------------- Instantiating /home/travis/build/icyphy/ptII/ptolemy/actor/lib/test/auto/TestExceptionAttribute1.xml
1 ms. Memory: 651264K Free: 235518K (36%)
----------------- Invoking toplevel() on ptolemy.moml.MoMLSimpleApplication@3b1c1198
----------------- Done invoking toplevel() on ptolemy.moml.MoMLSimpleApplication@3b1c1198
reloadAllAccessors: .TestExceptionAttribute1

===========================================================================================
----------------- testing Mon Jul 01 04:50:32 UTC 2019 /home/travis/build/icyphy/ptII/ptolemy/actor/lib/test/auto/TestExceptionAttribute2.xml
----------------- Instantiating /home/travis/build/icyphy/ptII/ptolemy/actor/lib/test/auto/TestExceptionAttribute2.xml
2 ms. Memory: 651264K Free: 231936K (36%)
----------------- Invoking toplevel() on ptolemy.moml.MoMLSimpleApplication@618ab19
----------------- Done invoking toplevel() on ptolemy.moml.MoMLSimpleApplication@618ab19
reloadAllAccessors: .TestExceptionAttribute2

===========================================================================================
----------------- testing Mon Jul 01 04:50:32 UTC 2019 /home/travis/build/icyphy/ptII/ptolemy/actor/lib/test/auto/TestExceptionAttribute3.xml
----------------- Instantiating /home/travis/build/icyphy/ptII/ptolemy/actor/lib/test/auto/TestExceptionAttribute3.xml
.TestExceptionAttribute3.TestExceptionAttribute: initialize() was not invoked, but wrapup() was.  This is unusual, but not always a problem.  For example, exporting JNLP will do this.
0 ms. Memory: 651264K Free: 228350K (35%)
----------------- Invoking toplevel() on ptolemy.moml.MoMLSimpleApplication@5d961159
----------------- Done invoking toplevel() on ptolemy.moml.MoMLSimpleApplication@5d961159
reloadAllAccessors: .TestExceptionAttribute3

===========================================================================================
----------------- testing Mon Jul 01 04:50:32 UTC 2019 /home/travis/build/icyphy/ptII/ptolemy/actor/lib/test/auto/TestExceptionAttribute4.xml
----------------- Instantiating /home/travis/build/icyphy/ptII/ptolemy/actor/lib/test/auto/TestExceptionAttribute4.xml
.TestExceptionAttribute4.TestExceptionAttribute: initialize() was not invoked, but wrapup() was.  This is unusual, but not always a problem.  For example, exporting JNLP will do this.
.TestExceptionAttribute4.TestExceptionAttribute2: initialize() was not invoked, but wrapup() was.  This is unusual, but not always a problem.  For example, exporting JNLP will do this.
0 ms. Memory: 651264K Free: 224254K (34%)
----------------- Invoking toplevel() on ptolemy.moml.MoMLSimpleApplication@5e5d5c2e
----------------- Done invoking toplevel() on ptolemy.moml.MoMLSimpleApplication@5e5d5c2e
reloadAllAccessors: .TestExceptionAttribute4

===========================================================================================
----------------- testing Mon Jul 01 04:50:32 UTC 2019 /home/travis/build/icyphy/ptII/ptolemy/actor/lib/test/auto/TestExceptionHandler1.xml
----------------- Instantiating /home/travis/build/icyphy/ptII/ptolemy/actor/lib/test/auto/TestExceptionHandler1.xml
1 ms. Memory: 651264K Free: 220672K (34%)
----------------- Invoking toplevel() on ptolemy.moml.MoMLSimpleApplication@60bc4317
----------------- Done invoking toplevel() on ptolemy.moml.MoMLSimpleApplication@60bc4317
reloadAllAccessors: .TestExceptionHandler1

===========================================================================================
----------------- testing Mon Jul 01 04:50:32 UTC 2019 /home/travis/build/icyphy/ptII/ptolemy/actor/lib/test/auto/TestExceptionHandler2.xml
----------------- Instantiating /home/travis/build/icyphy/ptII/ptolemy/actor/lib/test/auto/TestExceptionHandler2.xml
24 ms. Memory: 651264K Free: 601086K (92%)
----------------- Invoking toplevel() on ptolemy.moml.MoMLSimpleApplication@2653ae83
----------------- Done invoking toplevel() on ptolemy.moml.MoMLSimpleApplication@2653ae83
reloadAllAccessors: .TestExceptionHandler2

===========================================================================================
----------------- testing Mon Jul 01 04:50:32 UTC 2019 /home/travis/build/icyphy/ptII/ptolemy/actor/lib/test/auto/TestExceptionHandler3.xml
----------------- Instantiating /home/travis/build/icyphy/ptII/ptolemy/actor/lib/test/auto/TestExceptionHandler3.xml
1 ms. Memory: 651264K Free: 596990K (92%)
----------------- Invoking toplevel() on ptolemy.moml.MoMLSimpleApplication@4b026e84
----------------- Done invoking toplevel() on ptolemy.moml.MoMLSimpleApplication@4b026e84
reloadAllAccessors: .TestExceptionHandler3

===========================================================================================
----------------- testing Mon Jul 01 04:50:32 UTC 2019 /home/travis/build/icyphy/ptII/ptolemy/actor/lib/test/auto/TestExceptionHandler4.xml
----------------- Instantiating /home/travis/build/icyphy/ptII/ptolemy/actor/lib/test/auto/TestExceptionHandler4.xml
0 ms. Memory: 651264K Free: 592894K (91%)
----------------- Invoking toplevel() on ptolemy.moml.MoMLSimpleApplication@16c4f747
----------------- Done invoking toplevel() on ptolemy.moml.MoMLSimpleApplication@16c4f747
reloadAllAccessors: .TestExceptionHandler4

===========================================================================================
----------------- testing Mon Jul 01 04:50:32 UTC 2019 /home/travis/build/icyphy/ptII/ptolemy/actor/lib/test/auto/TestRequireCorrectOrder.xml
----------------- Instantiating /home/travis/build/icyphy/ptII/ptolemy/actor/lib/test/auto/TestRequireCorrectOrder.xml
6 ms. Memory: 651264K Free: 587767K (90%)
----------------- Invoking toplevel() on ptolemy.moml.MoMLSimpleApplication@3181f175
----------------- Done invoking toplevel() on ptolemy.moml.MoMLSimpleApplication@3181f175
reloadAllAccessors: .TestRequireCorrectOrder

===========================================================================================
----------------- testing Mon Jul 01 04:50:32 UTC 2019 /home/travis/build/icyphy/ptII/ptolemy/actor/lib/test/auto/TestSimple.xml
----------------- Instantiating /home/travis/build/icyphy/ptII/ptolemy/actor/lib/test/auto/TestSimple.xml
1 ms. Memory: 651264K Free: 583678K (90%)
----------------- Invoking toplevel() on ptolemy.moml.MoMLSimpleApplication@1ee87e60
----------------- Done invoking toplevel() on ptolemy.moml.MoMLSimpleApplication@1ee87e60
reloadAllAccessors: .TestSimple

===========================================================================================
----------------- testing Mon Jul 01 04:50:32 UTC 2019 /home/travis/build/icyphy/ptII/ptolemy/actor/lib/test/auto/ThrowModelError.xml
----------------- Instantiating /home/travis/build/icyphy/ptII/ptolemy/actor/lib/test/auto/ThrowModelError.xml
1 ms. Memory: 651264K Free: 579072K (89%)
----------------- Invoking toplevel() on ptolemy.moml.MoMLSimpleApplication@357e37df
----------------- Done invoking toplevel() on ptolemy.moml.MoMLSimpleApplication@357e37df
reloadAllAccessors: .ThrowModelError

===========================================================================================
----------------- testing Mon Jul 01 04:50:32 UTC 2019 /home/travis/build/icyphy/ptII/ptolemy/actor/lib/test/auto/TimeDelayMicrosteps.xml
----------------- Instantiating /home/travis/build/icyphy/ptII/ptolemy/actor/lib/test/auto/TimeDelayMicrosteps.xml
3 ms. Memory: 651264K Free: 571904K (88%)
----------------- Invoking toplevel() on ptolemy.moml.MoMLSimpleApplication@20ccc2bc
----------------- Done invoking toplevel() on ptolemy.moml.MoMLSimpleApplication@20ccc2bc
reloadAllAccessors: .TimeDelayMicrosteps

===========================================================================================
----------------- testing Mon Jul 01 04:50:32 UTC 2019 /home/travis/build/icyphy/ptII/ptolemy/actor/lib/test/auto/TimeDelayMicrosteps2.xml
----------------- Instantiating /home/travis/build/icyphy/ptII/ptolemy/actor/lib/test/auto/TimeDelayMicrosteps2.xml
3 ms. Memory: 651264K Free: 564736K (87%)
----------------- Invoking toplevel() on ptolemy.moml.MoMLSimpleApplication@18d0be6b
----------------- Done invoking toplevel() on ptolemy.moml.MoMLSimpleApplication@18d0be6b
reloadAllAccessors: .TimeDelayMicrosteps2

===========================================================================================
----------------- testing Mon Jul 01 04:50:32 UTC 2019 /home/travis/build/icyphy/ptII/ptolemy/actor/lib/test/auto/TimeDelayMicrosteps3.xml
----------------- Instantiating /home/travis/build/icyphy/ptII/ptolemy/actor/lib/test/auto/TimeDelayMicrosteps3.xml
3 ms. Memory: 651264K Free: 558047K (86%)
----------------- Invoking toplevel() on ptolemy.moml.MoMLSimpleApplication@444f8689
----------------- Done invoking toplevel() on ptolemy.moml.MoMLSimpleApplication@444f8689
reloadAllAccessors: .TimeDelayMicrosteps3

===========================================================================================
----------------- testing Mon Jul 01 04:50:32 UTC 2019 /home/travis/build/icyphy/ptII/ptolemy/actor/lib/test/auto/TimeDelayVariableMicrosteps.xml
----------------- Instantiating /home/travis/build/icyphy/ptII/ptolemy/actor/lib/test/auto/TimeDelayVariableMicrosteps.xml
3 ms. Memory: 651264K Free: 551934K (85%)
----------------- Invoking toplevel() on ptolemy.moml.MoMLSimpleApplication@1514caf6
----------------- Done invoking toplevel() on ptolemy.moml.MoMLSimpleApplication@1514caf6
reloadAllAccessors: .TimeDelayVariableMicrosteps

===========================================================================================
----------------- testing Mon Jul 01 04:50:32 UTC 2019 /home/travis/build/icyphy/ptII/ptolemy/actor/lib/test/auto/TimeGap.xml
----------------- Instantiating /home/travis/build/icyphy/ptII/ptolemy/actor/lib/test/auto/TimeGap.xml
4 ms. Memory: 651264K Free: 546783K (84%)
----------------- Invoking toplevel() on ptolemy.moml.MoMLSimpleApplication@49be5d56
----------------- Done invoking toplevel() on ptolemy.moml.MoMLSimpleApplication@49be5d56
reloadAllAccessors: .TimeGap

===========================================================================================
----------------- testing Mon Jul 01 04:50:32 UTC 2019 /home/travis/build/icyphy/ptII/ptolemy/actor/lib/test/auto/TimeGap2.xml
----------------- Instantiating /home/travis/build/icyphy/ptII/ptolemy/actor/lib/test/auto/TimeGap2.xml
1 ms. Memory: 651264K Free: 541184K (83%)
----------------- Invoking toplevel() on ptolemy.moml.MoMLSimpleApplication@52ab0dc7
----------------- Done invoking toplevel() on ptolemy.moml.MoMLSimpleApplication@52ab0dc7
reloadAllAccessors: .TimeGap2

===========================================================================================
----------------- testing Mon Jul 01 04:50:32 UTC 2019 /home/travis/build/icyphy/ptII/ptolemy/actor/lib/test/auto/TimedSinewave.xml
----------------- Instantiating /home/travis/build/icyphy/ptII/ptolemy/actor/lib/test/auto/TimedSinewave.xml
24 ms. Memory: 651264K Free: 527358K (81%)
----------------- Invoking toplevel() on ptolemy.moml.MoMLSimpleApplication@61443abf
----------------- Done invoking toplevel() on ptolemy.moml.MoMLSimpleApplication@61443abf
reloadAllAccessors: .TimedSinewave

===========================================================================================
----------------- testing Mon Jul 01 04:50:32 UTC 2019 /home/travis/build/icyphy/ptII/ptolemy/actor/lib/test/auto/TimedSinewavePhase.xml
----------------- Instantiating /home/travis/build/icyphy/ptII/ptolemy/actor/lib/test/auto/TimedSinewavePhase.xml
9 ms. Memory: 651264K Free: 517632K (79%)
----------------- Invoking toplevel() on ptolemy.moml.MoMLSimpleApplication@ecc9017
----------------- Done invoking toplevel() on ptolemy.moml.MoMLSimpleApplication@ecc9017
reloadAllAccessors: .TimedSinewavePhase

===========================================================================================
----------------- testing Mon Jul 01 04:50:32 UTC 2019 /home/travis/build/icyphy/ptII/ptolemy/actor/lib/test/auto/Timer.xml
----------------- Instantiating /home/travis/build/icyphy/ptII/ptolemy/actor/lib/test/auto/Timer.xml
2 ms. Memory: 651264K Free: 511488K (79%)
----------------- Invoking toplevel() on ptolemy.moml.MoMLSimpleApplication@24cedaec
----------------- Done invoking toplevel() on ptolemy.moml.MoMLSimpleApplication@24cedaec
reloadAllAccessors: .Timer

===========================================================================================
----------------- testing Mon Jul 01 04:50:32 UTC 2019 /home/travis/build/icyphy/ptII/ptolemy/actor/lib/test/auto/TriangularDistTestModel.xml
----------------- Instantiating /home/travis/build/icyphy/ptII/ptolemy/actor/lib/test/auto/TriangularDistTestModel.xml
1 ms. Memory: 651264K Free: 505847K (78%)
----------------- Invoking toplevel() on ptolemy.moml.MoMLSimpleApplication@60ac4eb9
----------------- Done invoking toplevel() on ptolemy.moml.MoMLSimpleApplication@60ac4eb9
reloadAllAccessors: .TriangularDistTestModel

===========================================================================================
----------------- testing Mon Jul 01 04:50:32 UTC 2019 /home/travis/build/icyphy/ptII/ptolemy/actor/lib/test/auto/TrigFunction.xml
----------------- Instantiating /home/travis/build/icyphy/ptII/ptolemy/actor/lib/test/auto/TrigFunction.xml
2 ms. Memory: 651264K Free: 501248K (77%)
----------------- Invoking toplevel() on ptolemy.moml.MoMLSimpleApplication@2c15bc0c
----------------- Done invoking toplevel() on ptolemy.moml.MoMLSimpleApplication@2c15bc0c
reloadAllAccessors: .TrigFunction

===========================================================================================
----------------- testing Mon Jul 01 04:50:32 UTC 2019 /home/travis/build/icyphy/ptII/ptolemy/actor/lib/test/auto/TrigFunctionDE.xml
----------------- Instantiating /home/travis/build/icyphy/ptII/ptolemy/actor/lib/test/auto/TrigFunctionDE.xml
1 ms. Memory: 651264K Free: 495614K (76%)
----------------- Invoking toplevel() on ptolemy.moml.MoMLSimpleApplication@37365d7a
----------------- Done invoking toplevel() on ptolemy.moml.MoMLSimpleApplication@37365d7a
reloadAllAccessors: .TrigFunctionDE

===========================================================================================
----------------- testing Mon Jul 01 04:50:32 UTC 2019 /home/travis/build/icyphy/ptII/ptolemy/actor/lib/test/auto/TrigFunctionInverse.xml
----------------- Instantiating /home/travis/build/icyphy/ptII/ptolemy/actor/lib/test/auto/TrigFunctionInverse.xml
2 ms. Memory: 651264K Free: 490494K (75%)
----------------- Invoking toplevel() on ptolemy.moml.MoMLSimpleApplication@74d2ff75
----------------- Done invoking toplevel() on ptolemy.moml.MoMLSimpleApplication@74d2ff75
reloadAllAccessors: .TrigFunctionInverse

===========================================================================================
----------------- testing Mon Jul 01 04:50:32 UTC 2019 /home/travis/build/icyphy/ptII/ptolemy/actor/lib/test/auto/TrigFunctionTan.xml
----------------- Instantiating /home/travis/build/icyphy/ptII/ptolemy/actor/lib/test/auto/TrigFunctionTan.xml
1 ms. Memory: 651264K Free: 486398K (75%)
----------------- Invoking toplevel() on ptolemy.moml.MoMLSimpleApplication@5a7ac8eb
----------------- Done invoking toplevel() on ptolemy.moml.MoMLSimpleApplication@5a7ac8eb
reloadAllAccessors: .TrigFunctionTan

===========================================================================================
----------------- testing Mon Jul 01 04:50:32 UTC 2019 /home/travis/build/icyphy/ptII/ptolemy/actor/lib/test/auto/TriggeredClock.xml
----------------- Instantiating /home/travis/build/icyphy/ptII/ptolemy/actor/lib/test/auto/TriggeredClock.xml
1 ms. Memory: 651264K Free: 481759K (74%)
----------------- Invoking toplevel() on ptolemy.moml.MoMLSimpleApplication@12fc506f
----------------- Done invoking toplevel() on ptolemy.moml.MoMLSimpleApplication@12fc506f
reloadAllAccessors: .TriggeredClock

===========================================================================================
----------------- testing Mon Jul 01 04:50:32 UTC 2019 /home/travis/build/icyphy/ptII/ptolemy/actor/lib/test/auto/URLDirectoryReader.xml
----------------- Instantiating /home/travis/build/icyphy/ptII/ptolemy/actor/lib/test/auto/URLDirectoryReader.xml
26 ms. Memory: 651264K Free: 473086K (73%)
----------------- Invoking toplevel() on ptolemy.moml.MoMLSimpleApplication@4f3b1598
----------------- Done invoking toplevel() on ptolemy.moml.MoMLSimpleApplication@4f3b1598
reloadAllAccessors: .URLDirectoryReader

===========================================================================================
----------------- testing Mon Jul 01 04:50:32 UTC 2019 /home/travis/build/icyphy/ptII/ptolemy/actor/lib/test/auto/URLDirectoryReader3.xml
----------------- Instantiating /home/travis/build/icyphy/ptII/ptolemy/actor/lib/test/auto/URLDirectoryReader3.xml
1173 ms. Memory: 651264K Free: 592384K (91%)
----------------- Invoking toplevel() on ptolemy.moml.MoMLSimpleApplication@63d95bfd
----------------- Done invoking toplevel() on ptolemy.moml.MoMLSimpleApplication@63d95bfd
reloadAllAccessors: .URLDirectoryReader3

===========================================================================================
----------------- testing Mon Jul 01 04:50:34 UTC 2019 /home/travis/build/icyphy/ptII/ptolemy/actor/lib/test/auto/UnaryMathFunction.xml
----------------- Instantiating /home/travis/build/icyphy/ptII/ptolemy/actor/lib/test/auto/UnaryMathFunction.xml
2 ms. Memory: 651264K Free: 584190K (90%)
----------------- Invoking toplevel() on ptolemy.moml.MoMLSimpleApplication@5d3b9a5b
----------------- Done invoking toplevel() on ptolemy.moml.MoMLSimpleApplication@5d3b9a5b
reloadAllAccessors: .UnaryMathFunction

===========================================================================================
----------------- testing Mon Jul 01 04:50:34 UTC 2019 /home/travis/build/icyphy/ptII/ptolemy/actor/lib/test/auto/Uniform.xml
----------------- Instantiating /home/travis/build/icyphy/ptII/ptolemy/actor/lib/test/auto/Uniform.xml
2 ms. Memory: 651264K Free: 579584K (89%)
----------------- Invoking toplevel() on ptolemy.moml.MoMLSimpleApplication@10f5a863
----------------- Done invoking toplevel() on ptolemy.moml.MoMLSimpleApplication@10f5a863
reloadAllAccessors: .Uniform

===========================================================================================
----------------- testing Mon Jul 01 04:50:34 UTC 2019 /home/travis/build/icyphy/ptII/ptolemy/actor/lib/test/auto/UnionDisassemblerTest.xml
----------------- Instantiating /home/travis/build/icyphy/ptII/ptolemy/actor/lib/test/auto/UnionDisassemblerTest.xml
15 ms. Memory: 651264K Free: 575991K (88%)
----------------- Invoking toplevel() on ptolemy.moml.MoMLSimpleApplication@623a0551
----------------- Done invoking toplevel() on ptolemy.moml.MoMLSimpleApplication@623a0551
reloadAllAccessors: .UnionDisassemblerTest

===========================================================================================
----------------- testing Mon Jul 01 04:50:34 UTC 2019 /home/travis/build/icyphy/ptII/ptolemy/actor/lib/test/auto/UtilityFunctions.xml
----------------- Instantiating /home/travis/build/icyphy/ptII/ptolemy/actor/lib/test/auto/UtilityFunctions.xml
1 ms. Memory: 651264K Free: 572416K (88%)
----------------- Invoking toplevel() on ptolemy.moml.MoMLSimpleApplication@f32980d
----------------- Done invoking toplevel() on ptolemy.moml.MoMLSimpleApplication@f32980d
reloadAllAccessors: .UtilityFunctions

===========================================================================================
----------------- testing Mon Jul 01 04:50:34 UTC 2019 /home/travis/build/icyphy/ptII/ptolemy/actor/lib/test/auto/VariableSleep.xml
----------------- Instantiating /home/travis/build/icyphy/ptII/ptolemy/actor/lib/test/auto/VariableSleep.xml
503 ms. Memory: 651264K Free: 567296K (87%)
----------------- Invoking toplevel() on ptolemy.moml.MoMLSimpleApplication@50df8035
----------------- Done invoking toplevel() on ptolemy.moml.MoMLSimpleApplication@50df8035
reloadAllAccessors: .VariableSleep

===========================================================================================
----------------- testing Mon Jul 01 04:50:34 UTC 2019 /home/travis/build/icyphy/ptII/ptolemy/actor/lib/test/auto/VectorAssemblerDisassemblerCT.xml
----------------- Instantiating /home/travis/build/icyphy/ptII/ptolemy/actor/lib/test/auto/VectorAssemblerDisassemblerCT.xml
66 ms. Memory: 651264K Free: 546816K (84%)
----------------- Invoking toplevel() on ptolemy.moml.MoMLSimpleApplication@63d69a26
----------------- Done invoking toplevel() on ptolemy.moml.MoMLSimpleApplication@63d69a26
reloadAllAccessors: .VectorAssemblerDisassemblerCT

===========================================================================================
----------------- testing Mon Jul 01 04:50:34 UTC 2019 /home/travis/build/icyphy/ptII/ptolemy/actor/lib/test/auto/VectorAssemblerDisassemblerDE.xml
----------------- Instantiating /home/travis/build/icyphy/ptII/ptolemy/actor/lib/test/auto/VectorAssemblerDisassemblerDE.xml
2 ms. Memory: 651264K Free: 539648K (83%)
----------------- Invoking toplevel() on ptolemy.moml.MoMLSimpleApplication@69de2f9d
----------------- Done invoking toplevel() on ptolemy.moml.MoMLSimpleApplication@69de2f9d
reloadAllAccessors: .VectorAssemblerDisassemblerDE

===========================================================================================
----------------- testing Mon Jul 01 04:50:34 UTC 2019 /home/travis/build/icyphy/ptII/ptolemy/actor/lib/test/auto/VectorAssemblerDisassemblerSDF.xml
----------------- Instantiating /home/travis/build/icyphy/ptII/ptolemy/actor/lib/test/auto/VectorAssemblerDisassemblerSDF.xml
2 ms. Memory: 651264K Free: 533504K (82%)
----------------- Invoking toplevel() on ptolemy.moml.MoMLSimpleApplication@66531a6c
----------------- Done invoking toplevel() on ptolemy.moml.MoMLSimpleApplication@66531a6c
reloadAllAccessors: .VectorAssemblerDisassemblerSDF

===========================================================================================
----------------- testing Mon Jul 01 04:50:34 UTC 2019 /home/travis/build/icyphy/ptII/ptolemy/actor/lib/test/auto/WallClockTime.xml
----------------- Instantiating /home/travis/build/icyphy/ptII/ptolemy/actor/lib/test/auto/WallClockTime.xml
1005 ms. Memory: 651264K Free: 528384K (81%)
----------------- Invoking toplevel() on ptolemy.moml.MoMLSimpleApplication@3559585e
----------------- Done invoking toplevel() on ptolemy.moml.MoMLSimpleApplication@3559585e
reloadAllAccessors: .WallClockTime

===========================================================================================
----------------- testing Mon Jul 01 04:50:35 UTC 2019 /home/travis/build/icyphy/ptII/ptolemy/actor/lib/test/auto/WidthTestWithSubscriberPublisher.xml
----------------- Instantiating /home/travis/build/icyphy/ptII/ptolemy/actor/lib/test/auto/WidthTestWithSubscriberPublisher.xml
7 ms. Memory: 651264K Free: 510462K (78%)
----------------- Invoking toplevel() on ptolemy.moml.MoMLSimpleApplication@2d4f7214
----------------- Done invoking toplevel() on ptolemy.moml.MoMLSimpleApplication@2d4f7214
reloadAllAccessors: .WidthTestWithSubscriberPublisher

===========================================================================================
----------------- testing Mon Jul 01 04:50:35 UTC 2019 /home/travis/build/icyphy/ptII/ptolemy/actor/lib/test/auto/WidthTestWithSubscriberPublisher2.xml
----------------- Instantiating /home/travis/build/icyphy/ptII/ptolemy/actor/lib/test/auto/WidthTestWithSubscriberPublisher2.xml
2 ms. Memory: 651264K Free: 504318K (77%)
----------------- Invoking toplevel() on ptolemy.moml.MoMLSimpleApplication@4af413a6
----------------- Done invoking toplevel() on ptolemy.moml.MoMLSimpleApplication@4af413a6
reloadAllAccessors: .WidthTestWithSubscriberPublisher2

===========================================================================================
----------------- testing Mon Jul 01 04:50:35 UTC 2019 /home/travis/build/icyphy/ptII/ptolemy/actor/lib/test/auto/WidthTestWithSubscriberPublisher3.xml
----------------- Instantiating /home/travis/build/icyphy/ptII/ptolemy/actor/lib/test/auto/WidthTestWithSubscriberPublisher3.xml
2 ms. Memory: 651264K Free: 498174K (76%)
----------------- Invoking toplevel() on ptolemy.moml.MoMLSimpleApplication@816ddf4
----------------- Done invoking toplevel() on ptolemy.moml.MoMLSimpleApplication@816ddf4
reloadAllAccessors: .WidthTestWithSubscriberPublisher3

===========================================================================================
----------------- testing Mon Jul 01 04:50:35 UTC 2019 /home/travis/build/icyphy/ptII/ptolemy/actor/lib/test/auto/Writer.xml
----------------- Instantiating /home/travis/build/icyphy/ptII/ptolemy/actor/lib/test/auto/Writer.xml
0
1
2
3
4
1 ms. Memory: 651264K Free: 494078K (76%)
----------------- Invoking toplevel() on ptolemy.moml.MoMLSimpleApplication@7ffab308
----------------- Done invoking toplevel() on ptolemy.moml.MoMLSimpleApplication@7ffab308
reloadAllAccessors: .Writer

===========================================================================================
----------------- testing Mon Jul 01 04:50:35 UTC 2019 /home/travis/build/icyphy/ptII/ptolemy/actor/lib/test/auto/array.xml
----------------- Instantiating /home/travis/build/icyphy/ptII/ptolemy/actor/lib/test/auto/array.xml
3 ms. Memory: 651264K Free: 489472K (75%)
----------------- Invoking toplevel() on ptolemy.moml.MoMLSimpleApplication@2bf18dd8
----------------- Done invoking toplevel() on ptolemy.moml.MoMLSimpleApplication@2bf18dd8
reloadAllAccessors: .array

===========================================================================================
----------------- testing Mon Jul 01 04:50:35 UTC 2019 /home/travis/build/icyphy/ptII/ptolemy/actor/lib/test/auto/array2.xml
----------------- Instantiating /home/travis/build/icyphy/ptII/ptolemy/actor/lib/test/auto/array2.xml
5 ms. Memory: 651264K Free: 484847K (74%)
----------------- Invoking toplevel() on ptolemy.moml.MoMLSimpleApplication@948c83d
----------------- Done invoking toplevel() on ptolemy.moml.MoMLSimpleApplication@948c83d
reloadAllAccessors: .array2

===========================================================================================
----------------- testing Mon Jul 01 04:50:35 UTC 2019 /home/travis/build/icyphy/ptII/ptolemy/actor/lib/test/auto/arrayType.xml
----------------- Instantiating /home/travis/build/icyphy/ptII/ptolemy/actor/lib/test/auto/arrayType.xml
1 ms. Memory: 651264K Free: 479232K (74%)
----------------- Invoking toplevel() on ptolemy.moml.MoMLSimpleApplication@1b3ee874
----------------- Done invoking toplevel() on ptolemy.moml.MoMLSimpleApplication@1b3ee874
reloadAllAccessors: .arrayType

===========================================================================================
----------------- testing Mon Jul 01 04:50:35 UTC 2019 /home/travis/build/icyphy/ptII/ptolemy/actor/lib/test/auto/arrayType10.xml
----------------- Instantiating /home/travis/build/icyphy/ptII/ptolemy/actor/lib/test/auto/arrayType10.xml
1 ms. Memory: 651264K Free: 474622K (73%)
----------------- Invoking toplevel() on ptolemy.moml.MoMLSimpleApplication@1311fa8b
----------------- Done invoking toplevel() on ptolemy.moml.MoMLSimpleApplication@1311fa8b
reloadAllAccessors: .arrayType10

===========================================================================================
----------------- testing Mon Jul 01 04:50:35 UTC 2019 /home/travis/build/icyphy/ptII/ptolemy/actor/lib/test/auto/arrayType11.xml
----------------- Instantiating /home/travis/build/icyphy/ptII/ptolemy/actor/lib/test/auto/arrayType11.xml
1 ms. Memory: 651264K Free: 470016K (72%)
----------------- Invoking toplevel() on ptolemy.moml.MoMLSimpleApplication@77343a60
----------------- Done invoking toplevel() on ptolemy.moml.MoMLSimpleApplication@77343a60
reloadAllAccessors: .arrayType11

===========================================================================================
----------------- testing Mon Jul 01 04:50:35 UTC 2019 /home/travis/build/icyphy/ptII/ptolemy/actor/lib/test/auto/arrayType12.xml
----------------- Instantiating /home/travis/build/icyphy/ptII/ptolemy/actor/lib/test/auto/arrayType12.xml
1 ms. Memory: 651264K Free: 465406K (71%)
----------------- Invoking toplevel() on ptolemy.moml.MoMLSimpleApplication@73e593cc
----------------- Done invoking toplevel() on ptolemy.moml.MoMLSimpleApplication@73e593cc
reloadAllAccessors: .arrayType12

===========================================================================================
----------------- testing Mon Jul 01 04:50:35 UTC 2019 /home/travis/build/icyphy/ptII/ptolemy/actor/lib/test/auto/arrayType13.xml
----------------- Instantiating /home/travis/build/icyphy/ptII/ptolemy/actor/lib/test/auto/arrayType13.xml
2 ms. Memory: 651264K Free: 460286K (71%)
----------------- Invoking toplevel() on ptolemy.moml.MoMLSimpleApplication@48da47e5
----------------- Done invoking toplevel() on ptolemy.moml.MoMLSimpleApplication@48da47e5
reloadAllAccessors: .arrayType13

===========================================================================================
----------------- testing Mon Jul 01 04:50:36 UTC 2019 /home/travis/build/icyphy/ptII/ptolemy/actor/lib/test/auto/arrayType14.xml
----------------- Instantiating /home/travis/build/icyphy/ptII/ptolemy/actor/lib/test/auto/arrayType14.xml
2 ms. Memory: 651264K Free: 454656K (70%)
----------------- Invoking toplevel() on ptolemy.moml.MoMLSimpleApplication@1b11f506
----------------- Done invoking toplevel() on ptolemy.moml.MoMLSimpleApplication@1b11f506
reloadAllAccessors: .arrayType14

===========================================================================================
----------------- testing Mon Jul 01 04:50:36 UTC 2019 /home/travis/build/icyphy/ptII/ptolemy/actor/lib/test/auto/arrayType15.xml
----------------- Instantiating /home/travis/build/icyphy/ptII/ptolemy/actor/lib/test/auto/arrayType15.xml
2 ms. Memory: 651264K Free: 449536K (69%)
----------------- Invoking toplevel() on ptolemy.moml.MoMLSimpleApplication@ef5d466
----------------- Done invoking toplevel() on ptolemy.moml.MoMLSimpleApplication@ef5d466
reloadAllAccessors: .arrayType15

===========================================================================================
----------------- testing Mon Jul 01 04:50:36 UTC 2019 /home/travis/build/icyphy/ptII/ptolemy/actor/lib/test/auto/arrayType16.xml
----------------- Instantiating /home/travis/build/icyphy/ptII/ptolemy/actor/lib/test/auto/arrayType16.xml
1 ms. Memory: 651264K Free: 444416K (68%)
----------------- Invoking toplevel() on ptolemy.moml.MoMLSimpleApplication@67af8f7a
----------------- Done invoking toplevel() on ptolemy.moml.MoMLSimpleApplication@67af8f7a
reloadAllAccessors: .arrayType16

===========================================================================================
----------------- testing Mon Jul 01 04:50:36 UTC 2019 /home/travis/build/icyphy/ptII/ptolemy/actor/lib/test/auto/arrayType17.xml
----------------- Instantiating /home/travis/build/icyphy/ptII/ptolemy/actor/lib/test/auto/arrayType17.xml
1 ms. Memory: 651264K Free: 439296K (67%)
----------------- Invoking toplevel() on ptolemy.moml.MoMLSimpleApplication@529b3e34
----------------- Done invoking toplevel() on ptolemy.moml.MoMLSimpleApplication@529b3e34
reloadAllAccessors: .arrayType17

===========================================================================================
----------------- testing Mon Jul 01 04:50:36 UTC 2019 /home/travis/build/icyphy/ptII/ptolemy/actor/lib/test/auto/arrayType18.xml
----------------- Instantiating /home/travis/build/icyphy/ptII/ptolemy/actor/lib/test/auto/arrayType18.xml
1 ms. Memory: 651264K Free: 434176K (67%)
----------------- Invoking toplevel() on ptolemy.moml.MoMLSimpleApplication@1f7f9ebd
----------------- Done invoking toplevel() on ptolemy.moml.MoMLSimpleApplication@1f7f9ebd
reloadAllAccessors: .arrayType18

===========================================================================================
----------------- testing Mon Jul 01 04:50:36 UTC 2019 /home/travis/build/icyphy/ptII/ptolemy/actor/lib/test/auto/arrayType19.xml
----------------- Instantiating /home/travis/build/icyphy/ptII/ptolemy/actor/lib/test/auto/arrayType19.xml
2 ms. Memory: 651264K Free: 429566K (66%)
----------------- Invoking toplevel() on ptolemy.moml.MoMLSimpleApplication@3fe2ab34
----------------- Done invoking toplevel() on ptolemy.moml.MoMLSimpleApplication@3fe2ab34
reloadAllAccessors: .arrayType19

===========================================================================================
----------------- testing Mon Jul 01 04:50:36 UTC 2019 /home/travis/build/icyphy/ptII/ptolemy/actor/lib/test/auto/arrayType2.xml
----------------- Instantiating /home/travis/build/icyphy/ptII/ptolemy/actor/lib/test/auto/arrayType2.xml
2 ms. Memory: 651264K Free: 424446K (65%)
----------------- Invoking toplevel() on ptolemy.moml.MoMLSimpleApplication@56b490e5
----------------- Done invoking toplevel() on ptolemy.moml.MoMLSimpleApplication@56b490e5
reloadAllAccessors: .arrayType2

===========================================================================================
----------------- testing Mon Jul 01 04:50:36 UTC 2019 /home/travis/build/icyphy/ptII/ptolemy/actor/lib/test/auto/arrayType20.xml
----------------- Instantiating /home/travis/build/icyphy/ptII/ptolemy/actor/lib/test/auto/arrayType20.xml
2 ms. Memory: 651264K Free: 419840K (64%)
----------------- Invoking toplevel() on ptolemy.moml.MoMLSimpleApplication@72b4dae9
----------------- Done invoking toplevel() on ptolemy.moml.MoMLSimpleApplication@72b4dae9
reloadAllAccessors: .arrayType20

===========================================================================================
----------------- testing Mon Jul 01 04:50:36 UTC 2019 /home/travis/build/icyphy/ptII/ptolemy/actor/lib/test/auto/arrayType21.xml
----------------- Instantiating /home/travis/build/icyphy/ptII/ptolemy/actor/lib/test/auto/arrayType21.xml
1 ms. Memory: 651264K Free: 414720K (64%)
----------------- Invoking toplevel() on ptolemy.moml.MoMLSimpleApplication@57e43726
----------------- Done invoking toplevel() on ptolemy.moml.MoMLSimpleApplication@57e43726
reloadAllAccessors: .arrayType21

===========================================================================================
----------------- testing Mon Jul 01 04:50:36 UTC 2019 /home/travis/build/icyphy/ptII/ptolemy/actor/lib/test/auto/arrayType22.xml
----------------- Instantiating /home/travis/build/icyphy/ptII/ptolemy/actor/lib/test/auto/arrayType22.xml
3 ms. Memory: 651264K Free: 410110K (63%)
----------------- Invoking toplevel() on ptolemy.moml.MoMLSimpleApplication@3d31e8db
----------------- Done invoking toplevel() on ptolemy.moml.MoMLSimpleApplication@3d31e8db
reloadAllAccessors: .arrayType22

===========================================================================================
----------------- testing Mon Jul 01 04:50:36 UTC 2019 /home/travis/build/icyphy/ptII/ptolemy/actor/lib/test/auto/arrayType23.xml
----------------- Instantiating /home/travis/build/icyphy/ptII/ptolemy/actor/lib/test/auto/arrayType23.xml
1 ms. Memory: 651264K Free: 405504K (62%)
----------------- Invoking toplevel() on ptolemy.moml.MoMLSimpleApplication@1e6debe0
----------------- Done invoking toplevel() on ptolemy.moml.MoMLSimpleApplication@1e6debe0
reloadAllAccessors: .arrayType23

===========================================================================================
----------------- testing Mon Jul 01 04:50:36 UTC 2019 /home/travis/build/icyphy/ptII/ptolemy/actor/lib/test/auto/arrayType24.xml
----------------- Instantiating /home/travis/build/icyphy/ptII/ptolemy/actor/lib/test/auto/arrayType24.xml
9 ms. Memory: 651264K Free: 400894K (62%)
----------------- Invoking toplevel() on ptolemy.moml.MoMLSimpleApplication@12b14f8c
----------------- Done invoking toplevel() on ptolemy.moml.MoMLSimpleApplication@12b14f8c
reloadAllAccessors: .arrayType24

===========================================================================================
----------------- testing Mon Jul 01 04:50:36 UTC 2019 /home/travis/build/icyphy/ptII/ptolemy/actor/lib/test/auto/arrayType25.xml
----------------- Instantiating /home/travis/build/icyphy/ptII/ptolemy/actor/lib/test/auto/arrayType25.xml
5 ms. Memory: 651264K Free: 395264K (61%)
----------------- Invoking toplevel() on ptolemy.moml.MoMLSimpleApplication@64ac6562
----------------- Done invoking toplevel() on ptolemy.moml.MoMLSimpleApplication@64ac6562
reloadAllAccessors: .arrayType25

===========================================================================================
----------------- testing Mon Jul 01 04:50:36 UTC 2019 /home/travis/build/icyphy/ptII/ptolemy/actor/lib/test/auto/arrayType26.xml
----------------- Instantiating /home/travis/build/icyphy/ptII/ptolemy/actor/lib/test/auto/arrayType26.xml
2 ms. Memory: 651264K Free: 390144K (60%)
----------------- Invoking toplevel() on ptolemy.moml.MoMLSimpleApplication@1055dd4e
----------------- Done invoking toplevel() on ptolemy.moml.MoMLSimpleApplication@1055dd4e
reloadAllAccessors: .arrayType26

===========================================================================================
----------------- testing Mon Jul 01 04:50:36 UTC 2019 /home/travis/build/icyphy/ptII/ptolemy/actor/lib/test/auto/arrayType27.xml
----------------- Instantiating /home/travis/build/icyphy/ptII/ptolemy/actor/lib/test/auto/arrayType27.xml
2 ms. Memory: 651264K Free: 385024K (59%)
----------------- Invoking toplevel() on ptolemy.moml.MoMLSimpleApplication@61b489df
----------------- Done invoking toplevel() on ptolemy.moml.MoMLSimpleApplication@61b489df
reloadAllAccessors: .arrayType27

===========================================================================================
----------------- testing Mon Jul 01 04:50:36 UTC 2019 /home/travis/build/icyphy/ptII/ptolemy/actor/lib/test/auto/arrayType28.xml
----------------- Instantiating /home/travis/build/icyphy/ptII/ptolemy/actor/lib/test/auto/arrayType28.xml
1 ms. Memory: 651264K Free: 379904K (58%)
----------------- Invoking toplevel() on ptolemy.moml.MoMLSimpleApplication@7e893154
----------------- Done invoking toplevel() on ptolemy.moml.MoMLSimpleApplication@7e893154
reloadAllAccessors: .arrayType28

===========================================================================================
----------------- testing Mon Jul 01 04:50:36 UTC 2019 /home/travis/build/icyphy/ptII/ptolemy/actor/lib/test/auto/arrayType3.xml
----------------- Instantiating /home/travis/build/icyphy/ptII/ptolemy/actor/lib/test/auto/arrayType3.xml
2 ms. Memory: 651264K Free: 374270K (57%)
----------------- Invoking toplevel() on ptolemy.moml.MoMLSimpleApplication@61162c7e
----------------- Done invoking toplevel() on ptolemy.moml.MoMLSimpleApplication@61162c7e
reloadAllAccessors: .arrayType3

===========================================================================================
----------------- testing Mon Jul 01 04:50:36 UTC 2019 /home/travis/build/icyphy/ptII/ptolemy/actor/lib/test/auto/arrayType4.xml
----------------- Instantiating /home/travis/build/icyphy/ptII/ptolemy/actor/lib/test/auto/arrayType4.xml
2 ms. Memory: 651264K Free: 369150K (57%)
----------------- Invoking toplevel() on ptolemy.moml.MoMLSimpleApplication@75617da7
----------------- Done invoking toplevel() on ptolemy.moml.MoMLSimpleApplication@75617da7
reloadAllAccessors: .arrayType4

===========================================================================================
----------------- testing Mon Jul 01 04:50:36 UTC 2019 /home/travis/build/icyphy/ptII/ptolemy/actor/lib/test/auto/arrayType5.xml
----------------- Instantiating /home/travis/build/icyphy/ptII/ptolemy/actor/lib/test/auto/arrayType5.xml
2 ms. Memory: 651264K Free: 364030K (56%)
----------------- Invoking toplevel() on ptolemy.moml.MoMLSimpleApplication@2d08233a
----------------- Done invoking toplevel() on ptolemy.moml.MoMLSimpleApplication@2d08233a
reloadAllAccessors: .arrayType5

===========================================================================================
----------------- testing Mon Jul 01 04:50:36 UTC 2019 /home/travis/build/icyphy/ptII/ptolemy/actor/lib/test/auto/arrayType6.xml
----------------- Instantiating /home/travis/build/icyphy/ptII/ptolemy/actor/lib/test/auto/arrayType6.xml
1 ms. Memory: 651264K Free: 359424K (55%)
----------------- Invoking toplevel() on ptolemy.moml.MoMLSimpleApplication@6ac76ded
----------------- Done invoking toplevel() on ptolemy.moml.MoMLSimpleApplication@6ac76ded
reloadAllAccessors: .arrayType6

===========================================================================================
----------------- testing Mon Jul 01 04:50:36 UTC 2019 /home/travis/build/icyphy/ptII/ptolemy/actor/lib/test/auto/arrayType7.xml
----------------- Instantiating /home/travis/build/icyphy/ptII/ptolemy/actor/lib/test/auto/arrayType7.xml
2 ms. Memory: 651264K Free: 354304K (54%)
----------------- Invoking toplevel() on ptolemy.moml.MoMLSimpleApplication@343d9355
----------------- Done invoking toplevel() on ptolemy.moml.MoMLSimpleApplication@343d9355
reloadAllAccessors: .arrayType7

===========================================================================================
----------------- testing Mon Jul 01 04:50:36 UTC 2019 /home/travis/build/icyphy/ptII/ptolemy/actor/lib/test/auto/arrayType8.xml
----------------- Instantiating /home/travis/build/icyphy/ptII/ptolemy/actor/lib/test/auto/arrayType8.xml
7 ms. Memory: 651264K Free: 349694K (54%)
----------------- Invoking toplevel() on ptolemy.moml.MoMLSimpleApplication@5b399813
----------------- Done invoking toplevel() on ptolemy.moml.MoMLSimpleApplication@5b399813
reloadAllAccessors: .arrayType8

===========================================================================================
----------------- testing Mon Jul 01 04:50:36 UTC 2019 /home/travis/build/icyphy/ptII/ptolemy/actor/lib/test/auto/arrayType9.xml
----------------- Instantiating /home/travis/build/icyphy/ptII/ptolemy/actor/lib/test/auto/arrayType9.xml
1 ms. Memory: 651264K Free: 345088K (53%)
----------------- Invoking toplevel() on ptolemy.moml.MoMLSimpleApplication@3f0c2ee
----------------- Done invoking toplevel() on ptolemy.moml.MoMLSimpleApplication@3f0c2ee
reloadAllAccessors: .arrayType9

===========================================================================================
----------------- testing Mon Jul 01 04:50:36 UTC 2019 /home/travis/build/icyphy/ptII/ptolemy/actor/lib/test/auto/cast.xml
----------------- Instantiating /home/travis/build/icyphy/ptII/ptolemy/actor/lib/test/auto/cast.xml
2 ms. Memory: 651264K Free: 339968K (52%)
----------------- Invoking toplevel() on ptolemy.moml.MoMLSimpleApplication@de724cc
----------------- Done invoking toplevel() on ptolemy.moml.MoMLSimpleApplication@de724cc
reloadAllAccessors: .cast

===========================================================================================
----------------- testing Mon Jul 01 04:50:36 UTC 2019 /home/travis/build/icyphy/ptII/ptolemy/actor/lib/test/auto/compositeMultiPort.xml
----------------- Instantiating /home/travis/build/icyphy/ptII/ptolemy/actor/lib/test/auto/compositeMultiPort.xml
4 ms. Memory: 651264K Free: 331247K (51%)
----------------- Invoking toplevel() on ptolemy.moml.MoMLSimpleApplication@49deab62
----------------- Done invoking toplevel() on ptolemy.moml.MoMLSimpleApplication@49deab62
reloadAllAccessors: .compositeMultiPort

===========================================================================================
----------------- testing Mon Jul 01 04:50:36 UTC 2019 /home/travis/build/icyphy/ptII/ptolemy/actor/lib/test/auto/expressionCastInference.xml
----------------- Instantiating /home/travis/build/icyphy/ptII/ptolemy/actor/lib/test/auto/expressionCastInference.xml
2 ms. Memory: 651264K Free: 326656K (50%)
----------------- Invoking toplevel() on ptolemy.moml.MoMLSimpleApplication@414d20ae
----------------- Done invoking toplevel() on ptolemy.moml.MoMLSimpleApplication@414d20ae
reloadAllAccessors: .expressionCastInference

===========================================================================================
----------------- testing Mon Jul 01 04:50:36 UTC 2019 /home/travis/build/icyphy/ptII/ptolemy/actor/lib/test/auto/expressionCastInference2.xml
----------------- Instantiating /home/travis/build/icyphy/ptII/ptolemy/actor/lib/test/auto/expressionCastInference2.xml
2 ms. Memory: 651264K Free: 322046K (49%)
----------------- Invoking toplevel() on ptolemy.moml.MoMLSimpleApplication@587d4b11
----------------- Done invoking toplevel() on ptolemy.moml.MoMLSimpleApplication@587d4b11
reloadAllAccessors: .expressionCastInference2

===========================================================================================
----------------- testing Mon Jul 01 04:50:36 UTC 2019 /home/travis/build/icyphy/ptII/ptolemy/actor/lib/test/auto/expressionInference.xml
----------------- Instantiating /home/travis/build/icyphy/ptII/ptolemy/actor/lib/test/auto/expressionInference.xml
1 ms. Memory: 651264K Free: 317440K (49%)
----------------- Invoking toplevel() on ptolemy.moml.MoMLSimpleApplication@7fb1cd4e
----------------- Done invoking toplevel() on ptolemy.moml.MoMLSimpleApplication@7fb1cd4e
reloadAllAccessors: .expressionInference

===========================================================================================
----------------- testing Mon Jul 01 04:50:36 UTC 2019 /home/travis/build/icyphy/ptII/ptolemy/actor/lib/test/auto/expression_bug.xml
----------------- Instantiating /home/travis/build/icyphy/ptII/ptolemy/actor/lib/test/auto/expression_bug.xml
2 ms. Memory: 651264K Free: 313344K (48%)
----------------- Invoking toplevel() on ptolemy.moml.MoMLSimpleApplication@795f85cd
----------------- Done invoking toplevel() on ptolemy.moml.MoMLSimpleApplication@795f85cd
reloadAllAccessors: .expression_bug

===========================================================================================
----------------- testing Mon Jul 01 04:50:36 UTC 2019 /home/travis/build/icyphy/ptII/ptolemy/actor/lib/test/auto/factorial.xml
----------------- Instantiating /home/travis/build/icyphy/ptII/ptolemy/actor/lib/test/auto/factorial.xml
42 ms. Memory: 651264K Free: 305152K (47%)
----------------- Invoking toplevel() on ptolemy.moml.MoMLSimpleApplication@642cd6f
----------------- Done invoking toplevel() on ptolemy.moml.MoMLSimpleApplication@642cd6f
reloadAllAccessors: .factorial

===========================================================================================
----------------- testing Mon Jul 01 04:50:36 UTC 2019 /home/travis/build/icyphy/ptII/ptolemy/actor/lib/test/auto/filterTest1.xml
----------------- Instantiating /home/travis/build/icyphy/ptII/ptolemy/actor/lib/test/auto/filterTest1.xml
3 ms. Memory: 651264K Free: 299008K (46%)
----------------- Invoking toplevel() on ptolemy.moml.MoMLSimpleApplication@2d4a40f4
----------------- Done invoking toplevel() on ptolemy.moml.MoMLSimpleApplication@2d4a40f4
reloadAllAccessors: .filterTest1

===========================================================================================
----------------- testing Mon Jul 01 04:50:36 UTC 2019 /home/travis/build/icyphy/ptII/ptolemy/actor/lib/test/auto/funcApplyInConst.xml
----------------- Instantiating /home/travis/build/icyphy/ptII/ptolemy/actor/lib/test/auto/funcApplyInConst.xml
1 ms. Memory: 651264K Free: 295422K (45%)
----------------- Invoking toplevel() on ptolemy.moml.MoMLSimpleApplication@7458d307
----------------- Done invoking toplevel() on ptolemy.moml.MoMLSimpleApplication@7458d307
reloadAllAccessors: .funcApplyInConst

===========================================================================================
----------------- testing Mon Jul 01 04:50:36 UTC 2019 /home/travis/build/icyphy/ptII/ptolemy/actor/lib/test/auto/funcApplyInExpr.xml
----------------- Instantiating /home/travis/build/icyphy/ptII/ptolemy/actor/lib/test/auto/funcApplyInExpr.xml
1 ms. Memory: 651264K Free: 291840K (45%)
----------------- Invoking toplevel() on ptolemy.moml.MoMLSimpleApplication@20664b82
----------------- Done invoking toplevel() on ptolemy.moml.MoMLSimpleApplication@20664b82
reloadAllAccessors: .funcApplyInExpr

===========================================================================================
----------------- testing Mon Jul 01 04:50:36 UTC 2019 /home/travis/build/icyphy/ptII/ptolemy/actor/lib/test/auto/function.xml
----------------- Instantiating /home/travis/build/icyphy/ptII/ptolemy/actor/lib/test/auto/function.xml
2 ms. Memory: 651264K Free: 286720K (44%)
----------------- Invoking toplevel() on ptolemy.moml.MoMLSimpleApplication@634ed755
----------------- Done invoking toplevel() on ptolemy.moml.MoMLSimpleApplication@634ed755
reloadAllAccessors: .function

===========================================================================================
----------------- testing Mon Jul 01 04:50:36 UTC 2019 /home/travis/build/icyphy/ptII/ptolemy/actor/lib/test/auto/function2.xml
----------------- Instantiating /home/travis/build/icyphy/ptII/ptolemy/actor/lib/test/auto/function2.xml
2 ms. Memory: 651264K Free: 282110K (43%)
----------------- Invoking toplevel() on ptolemy.moml.MoMLSimpleApplication@770d0e3b
----------------- Done invoking toplevel() on ptolemy.moml.MoMLSimpleApplication@770d0e3b
reloadAllAccessors: .function2

===========================================================================================
----------------- testing Mon Jul 01 04:50:36 UTC 2019 /home/travis/build/icyphy/ptII/ptolemy/actor/lib/test/auto/function3.xml
----------------- Instantiating /home/travis/build/icyphy/ptII/ptolemy/actor/lib/test/auto/function3.xml
2 ms. Memory: 651264K Free: 278528K (43%)
----------------- Invoking toplevel() on ptolemy.moml.MoMLSimpleApplication@2326bf87
----------------- Done invoking toplevel() on ptolemy.moml.MoMLSimpleApplication@2326bf87
reloadAllAccessors: .function3

===========================================================================================
----------------- testing Mon Jul 01 04:50:36 UTC 2019 /home/travis/build/icyphy/ptII/ptolemy/actor/lib/test/auto/functionClosureTest1.xml
----------------- Instantiating /home/travis/build/icyphy/ptII/ptolemy/actor/lib/test/auto/functionClosureTest1.xml
2 ms. Memory: 651264K Free: 272384K (42%)
----------------- Invoking toplevel() on ptolemy.moml.MoMLSimpleApplication@459b7d0c
----------------- Done invoking toplevel() on ptolemy.moml.MoMLSimpleApplication@459b7d0c
reloadAllAccessors: .functionClosureTest1

===========================================================================================
----------------- testing Mon Jul 01 04:50:36 UTC 2019 /home/travis/build/icyphy/ptII/ptolemy/actor/lib/test/auto/functionClosureTest2.xml
----------------- Instantiating /home/travis/build/icyphy/ptII/ptolemy/actor/lib/test/auto/functionClosureTest2.xml
1 ms. Memory: 651264K Free: 268798K (41%)
----------------- Invoking toplevel() on ptolemy.moml.MoMLSimpleApplication@65ecbbee
----------------- Done invoking toplevel() on ptolemy.moml.MoMLSimpleApplication@65ecbbee
reloadAllAccessors: .functionClosureTest2

===========================================================================================
----------------- testing Mon Jul 01 04:50:36 UTC 2019 /home/travis/build/icyphy/ptII/ptolemy/actor/lib/test/auto/functionClosureTest3.xml
----------------- Instantiating /home/travis/build/icyphy/ptII/ptolemy/actor/lib/test/auto/functionClosureTest3.xml
2 ms. Memory: 651264K Free: 263663K (40%)
----------------- Invoking toplevel() on ptolemy.moml.MoMLSimpleApplication@3d537c53
----------------- Done invoking toplevel() on ptolemy.moml.MoMLSimpleApplication@3d537c53
reloadAllAccessors: .functionClosureTest3

===========================================================================================
----------------- testing Mon Jul 01 04:50:36 UTC 2019 /home/travis/build/icyphy/ptII/ptolemy/actor/lib/test/auto/functionClosureTest4.xml
----------------- Instantiating /home/travis/build/icyphy/ptII/ptolemy/actor/lib/test/auto/functionClosureTest4.xml
4 ms. Memory: 651264K Free: 257024K (39%)
----------------- Invoking toplevel() on ptolemy.moml.MoMLSimpleApplication@682220e1
----------------- Done invoking toplevel() on ptolemy.moml.MoMLSimpleApplication@682220e1
reloadAllAccessors: .functionClosureTest4

===========================================================================================
----------------- testing Mon Jul 01 04:50:36 UTC 2019 /home/travis/build/icyphy/ptII/ptolemy/actor/lib/test/auto/functionClosureTest5.xml
----------------- Instantiating /home/travis/build/icyphy/ptII/ptolemy/actor/lib/test/auto/functionClosureTest5.xml
3 ms. Memory: 651264K Free: 251904K (39%)
----------------- Invoking toplevel() on ptolemy.moml.MoMLSimpleApplication@52d707c6
----------------- Done invoking toplevel() on ptolemy.moml.MoMLSimpleApplication@52d707c6
reloadAllAccessors: .functionClosureTest5

===========================================================================================
----------------- testing Mon Jul 01 04:50:36 UTC 2019 /home/travis/build/icyphy/ptII/ptolemy/actor/lib/test/auto/functionClosureTest6.xml
----------------- Instantiating /home/travis/build/icyphy/ptII/ptolemy/actor/lib/test/auto/functionClosureTest6.xml
2 ms. Memory: 651264K Free: 247294K (38%)
----------------- Invoking toplevel() on ptolemy.moml.MoMLSimpleApplication@5ebb602
----------------- Done invoking toplevel() on ptolemy.moml.MoMLSimpleApplication@5ebb602
reloadAllAccessors: .functionClosureTest6

===========================================================================================
----------------- testing Mon Jul 01 04:50:36 UTC 2019 /home/travis/build/icyphy/ptII/ptolemy/actor/lib/test/auto/functionsOnArcs.xml
----------------- Instantiating /home/travis/build/icyphy/ptII/ptolemy/actor/lib/test/auto/functionsOnArcs.xml
2 ms. Memory: 651264K Free: 241664K (37%)
----------------- Invoking toplevel() on ptolemy.moml.MoMLSimpleApplication@311176fa
----------------- Done invoking toplevel() on ptolemy.moml.MoMLSimpleApplication@311176fa
reloadAllAccessors: .functionsOnArcs

===========================================================================================
----------------- testing Mon Jul 01 04:50:36 UTC 2019 /home/travis/build/icyphy/ptII/ptolemy/actor/lib/test/auto/functionsOnArcsHOF.xml
----------------- Instantiating /home/travis/build/icyphy/ptII/ptolemy/actor/lib/test/auto/functionsOnArcsHOF.xml
4 ms. Memory: 651264K Free: 236030K (36%)
----------------- Invoking toplevel() on ptolemy.moml.MoMLSimpleApplication@310cd901
----------------- Done invoking toplevel() on ptolemy.moml.MoMLSimpleApplication@310cd901
reloadAllAccessors: .functionsOnArcsHOF

===========================================================================================
----------------- testing Mon Jul 01 04:50:36 UTC 2019 /home/travis/build/icyphy/ptII/ptolemy/actor/lib/test/auto/logic.xml
----------------- Instantiating /home/travis/build/icyphy/ptII/ptolemy/actor/lib/test/auto/logic.xml
2 ms. Memory: 651264K Free: 228862K (35%)
----------------- Invoking toplevel() on ptolemy.moml.MoMLSimpleApplication@27084928
----------------- Done invoking toplevel() on ptolemy.moml.MoMLSimpleApplication@27084928
reloadAllAccessors: .logic

===========================================================================================
----------------- testing Mon Jul 01 04:50:36 UTC 2019 /home/travis/build/icyphy/ptII/ptolemy/actor/lib/test/auto/matrixType.xml
----------------- Instantiating /home/travis/build/icyphy/ptII/ptolemy/actor/lib/test/auto/matrixType.xml
1 ms. Memory: 651264K Free: 223742K (34%)
----------------- Invoking toplevel() on ptolemy.moml.MoMLSimpleApplication@642b9a0
----------------- Done invoking toplevel() on ptolemy.moml.MoMLSimpleApplication@642b9a0
reloadAllAccessors: .matrixType

===========================================================================================
----------------- testing Mon Jul 01 04:50:36 UTC 2019 /home/travis/build/icyphy/ptII/ptolemy/actor/lib/test/auto/matrixType10.xml
----------------- Instantiating /home/travis/build/icyphy/ptII/ptolemy/actor/lib/test/auto/matrixType10.xml
2 ms. Memory: 651264K Free: 219136K (34%)
----------------- Invoking toplevel() on ptolemy.moml.MoMLSimpleApplication@1922e912
----------------- Done invoking toplevel() on ptolemy.moml.MoMLSimpleApplication@1922e912
reloadAllAccessors: .matrixType10

===========================================================================================
----------------- testing Mon Jul 01 04:50:36 UTC 2019 /home/travis/build/icyphy/ptII/ptolemy/actor/lib/test/auto/matrixType11.xml
----------------- Instantiating /home/travis/build/icyphy/ptII/ptolemy/actor/lib/test/auto/matrixType11.xml
1 ms. Memory: 651264K Free: 595966K (92%)
----------------- Invoking toplevel() on ptolemy.moml.MoMLSimpleApplication@3a236407
----------------- Done invoking toplevel() on ptolemy.moml.MoMLSimpleApplication@3a236407
reloadAllAccessors: .matrixType11

===========================================================================================
----------------- testing Mon Jul 01 04:50:36 UTC 2019 /home/travis/build/icyphy/ptII/ptolemy/actor/lib/test/auto/matrixType12.xml
----------------- Instantiating /home/travis/build/icyphy/ptII/ptolemy/actor/lib/test/auto/matrixType12.xml
1 ms. Memory: 651264K Free: 590846K (91%)
----------------- Invoking toplevel() on ptolemy.moml.MoMLSimpleApplication@1ba3ae1e
----------------- Done invoking toplevel() on ptolemy.moml.MoMLSimpleApplication@1ba3ae1e
reloadAllAccessors: .matrixType12

===========================================================================================
----------------- testing Mon Jul 01 04:50:36 UTC 2019 /home/travis/build/icyphy/ptII/ptolemy/actor/lib/test/auto/matrixType13.xml
----------------- Instantiating /home/travis/build/icyphy/ptII/ptolemy/actor/lib/test/auto/matrixType13.xml
2 ms. Memory: 651264K Free: 586240K (90%)
----------------- Invoking toplevel() on ptolemy.moml.MoMLSimpleApplication@3d2664a7
----------------- Done invoking toplevel() on ptolemy.moml.MoMLSimpleApplication@3d2664a7
reloadAllAccessors: .matrixType13

===========================================================================================
----------------- testing Mon Jul 01 04:50:36 UTC 2019 /home/travis/build/icyphy/ptII/ptolemy/actor/lib/test/auto/matrixType14.xml
----------------- Instantiating /home/travis/build/icyphy/ptII/ptolemy/actor/lib/test/auto/matrixType14.xml
2 ms. Memory: 651264K Free: 581120K (89%)
----------------- Invoking toplevel() on ptolemy.moml.MoMLSimpleApplication@15e6c3b0
----------------- Done invoking toplevel() on ptolemy.moml.MoMLSimpleApplication@15e6c3b0
reloadAllAccessors: .matrixType14

===========================================================================================
----------------- testing Mon Jul 01 04:50:36 UTC 2019 /home/travis/build/icyphy/ptII/ptolemy/actor/lib/test/auto/matrixType2.xml
----------------- Instantiating /home/travis/build/icyphy/ptII/ptolemy/actor/lib/test/auto/matrixType2.xml
1 ms. Memory: 651264K Free: 576510K (89%)
----------------- Invoking toplevel() on ptolemy.moml.MoMLSimpleApplication@4035e985
----------------- Done invoking toplevel() on ptolemy.moml.MoMLSimpleApplication@4035e985
reloadAllAccessors: .matrixType2

===========================================================================================
----------------- testing Mon Jul 01 04:50:36 UTC 2019 /home/travis/build/icyphy/ptII/ptolemy/actor/lib/test/auto/matrixType3.xml
----------------- Instantiating /home/travis/build/icyphy/ptII/ptolemy/actor/lib/test/auto/matrixType3.xml
3 ms. Memory: 651264K Free: 571904K (88%)
----------------- Invoking toplevel() on ptolemy.moml.MoMLSimpleApplication@54cbfa59
----------------- Done invoking toplevel() on ptolemy.moml.MoMLSimpleApplication@54cbfa59
reloadAllAccessors: .matrixType3

===========================================================================================
----------------- testing Mon Jul 01 04:50:36 UTC 2019 /home/travis/build/icyphy/ptII/ptolemy/actor/lib/test/auto/matrixType4.xml
----------------- Instantiating /home/travis/build/icyphy/ptII/ptolemy/actor/lib/test/auto/matrixType4.xml
1 ms. Memory: 651264K Free: 566784K (87%)
----------------- Invoking toplevel() on ptolemy.moml.MoMLSimpleApplication@23c839e4
----------------- Done invoking toplevel() on ptolemy.moml.MoMLSimpleApplication@23c839e4
reloadAllAccessors: .matrixType4

===========================================================================================
----------------- testing Mon Jul 01 04:50:36 UTC 2019 /home/travis/build/icyphy/ptII/ptolemy/actor/lib/test/auto/matrixType5.xml
----------------- Instantiating /home/travis/build/icyphy/ptII/ptolemy/actor/lib/test/auto/matrixType5.xml
1 ms. Memory: 651264K Free: 562174K (86%)
----------------- Invoking toplevel() on ptolemy.moml.MoMLSimpleApplication@6723123
----------------- Done invoking toplevel() on ptolemy.moml.MoMLSimpleApplication@6723123
reloadAllAccessors: .matrixType5

===========================================================================================
----------------- testing Mon Jul 01 04:50:36 UTC 2019 /home/travis/build/icyphy/ptII/ptolemy/actor/lib/test/auto/matrixType6.xml
----------------- Instantiating /home/travis/build/icyphy/ptII/ptolemy/actor/lib/test/auto/matrixType6.xml
1 ms. Memory: 651264K Free: 557568K (86%)
----------------- Invoking toplevel() on ptolemy.moml.MoMLSimpleApplication@5c66aed0
----------------- Done invoking toplevel() on ptolemy.moml.MoMLSimpleApplication@5c66aed0
reloadAllAccessors: .matrixType6

===========================================================================================
----------------- testing Mon Jul 01 04:50:36 UTC 2019 /home/travis/build/icyphy/ptII/ptolemy/actor/lib/test/auto/matrixType7.xml
----------------- Instantiating /home/travis/build/icyphy/ptII/ptolemy/actor/lib/test/auto/matrixType7.xml
1 ms. Memory: 651264K Free: 552448K (85%)
----------------- Invoking toplevel() on ptolemy.moml.MoMLSimpleApplication@62dd6a54
----------------- Done invoking toplevel() on ptolemy.moml.MoMLSimpleApplication@62dd6a54
reloadAllAccessors: .matrixType7

===========================================================================================
----------------- testing Mon Jul 01 04:50:36 UTC 2019 /home/travis/build/icyphy/ptII/ptolemy/actor/lib/test/auto/matrixType8.xml
----------------- Instantiating /home/travis/build/icyphy/ptII/ptolemy/actor/lib/test/auto/matrixType8.xml
1 ms. Memory: 651264K Free: 547838K (84%)
----------------- Invoking toplevel() on ptolemy.moml.MoMLSimpleApplication@444ed85d
----------------- Done invoking toplevel() on ptolemy.moml.MoMLSimpleApplication@444ed85d
reloadAllAccessors: .matrixType8

===========================================================================================
----------------- testing Mon Jul 01 04:50:37 UTC 2019 /home/travis/build/icyphy/ptII/ptolemy/actor/lib/test/auto/matrixType9.xml
----------------- Instantiating /home/travis/build/icyphy/ptII/ptolemy/actor/lib/test/auto/matrixType9.xml
1 ms. Memory: 651264K Free: 542718K (83%)
----------------- Invoking toplevel() on ptolemy.moml.MoMLSimpleApplication@4d3d1f47
----------------- Done invoking toplevel() on ptolemy.moml.MoMLSimpleApplication@4d3d1f47
reloadAllAccessors: .matrixType9

===========================================================================================
----------------- testing Mon Jul 01 04:50:37 UTC 2019 /home/travis/build/icyphy/ptII/ptolemy/actor/lib/test/auto/paraFunctest.xml
----------------- Instantiating /home/travis/build/icyphy/ptII/ptolemy/actor/lib/test/auto/paraFunctest.xml
3 ms. Memory: 651264K Free: 539136K (83%)
----------------- Invoking toplevel() on ptolemy.moml.MoMLSimpleApplication@11863c75
----------------- Done invoking toplevel() on ptolemy.moml.MoMLSimpleApplication@11863c75
reloadAllAccessors: .paraFunctest

===========================================================================================
----------------- testing Mon Jul 01 04:50:37 UTC 2019 /home/travis/build/icyphy/ptII/ptolemy/actor/lib/test/auto/paraFunctest2.xml
----------------- Instantiating /home/travis/build/icyphy/ptII/ptolemy/actor/lib/test/auto/paraFunctest2.xml
2 ms. Memory: 651264K Free: 535550K (82%)
----------------- Invoking toplevel() on ptolemy.moml.MoMLSimpleApplication@af41839
----------------- Done invoking toplevel() on ptolemy.moml.MoMLSimpleApplication@af41839
reloadAllAccessors: .paraFunctest2

===========================================================================================
----------------- testing Mon Jul 01 04:50:37 UTC 2019 /home/travis/build/icyphy/ptII/ptolemy/actor/lib/test/auto/parameterPassing.xml
----------------- Instantiating /home/travis/build/icyphy/ptII/ptolemy/actor/lib/test/auto/parameterPassing.xml
1 ms. Memory: 651264K Free: 530944K (82%)
----------------- Invoking toplevel() on ptolemy.moml.MoMLSimpleApplication@5e2b09f9
----------------- Done invoking toplevel() on ptolemy.moml.MoMLSimpleApplication@5e2b09f9
reloadAllAccessors: .parameterPassing

===========================================================================================
----------------- testing Mon Jul 01 04:50:37 UTC 2019 /home/travis/build/icyphy/ptII/ptolemy/actor/lib/test/auto/record.xml
----------------- Instantiating /home/travis/build/icyphy/ptII/ptolemy/actor/lib/test/auto/record.xml
3 ms. Memory: 651264K Free: 526334K (81%)
----------------- Invoking toplevel() on ptolemy.moml.MoMLSimpleApplication@50e47699
----------------- Done invoking toplevel() on ptolemy.moml.MoMLSimpleApplication@50e47699
reloadAllAccessors: .record

===========================================================================================
----------------- testing Mon Jul 01 04:50:37 UTC 2019 /home/travis/build/icyphy/ptII/ptolemy/actor/lib/test/auto/sizedarray1.xml
----------------- Instantiating /home/travis/build/icyphy/ptII/ptolemy/actor/lib/test/auto/sizedarray1.xml
1 ms. Memory: 651264K Free: 520704K (80%)
----------------- Invoking toplevel() on ptolemy.moml.MoMLSimpleApplication@61b85e6f
----------------- Done invoking toplevel() on ptolemy.moml.MoMLSimpleApplication@61b85e6f
reloadAllAccessors: .sizedarray1

===========================================================================================
----------------- testing Mon Jul 01 04:50:37 UTC 2019 /home/travis/build/icyphy/ptII/ptolemy/actor/lib/test/auto/sizedarray2.xml
----------------- Instantiating /home/travis/build/icyphy/ptII/ptolemy/actor/lib/test/auto/sizedarray2.xml
3 ms. Memory: 651264K Free: 515584K (79%)
----------------- Invoking toplevel() on ptolemy.moml.MoMLSimpleApplication@27c20573
----------------- Done invoking toplevel() on ptolemy.moml.MoMLSimpleApplication@27c20573
reloadAllAccessors: .sizedarray2

===========================================================================================
----------------- testing Mon Jul 01 04:50:37 UTC 2019 /home/travis/build/icyphy/ptII/ptolemy/actor/lib/test/auto/twoPublishers.xml
----------------- Instantiating /home/travis/build/icyphy/ptII/ptolemy/actor/lib/test/auto/twoPublishers.xml
6 ms. Memory: 651264K Free: 504815K (78%)
----------------- Invoking toplevel() on ptolemy.moml.MoMLSimpleApplication@3120641b
----------------- Done invoking toplevel() on ptolemy.moml.MoMLSimpleApplication@3120641b
reloadAllAccessors: .twoPublishers
AutoTests.java: About to close Vertx.
AutoTests.java: Vertx closed.
]]></system-out>
  <system-err><![CDATA[java.lang.RuntimeException: Execution failed
	at ptolemy.moml.MoMLSimpleApplication$UnloadThread.run(MoMLSimpleApplication.java:402)
Caused by: java.lang.RuntimeException: StringUtilities.exit() was called. Normally, we would exit here because Manager.exitAfterWrapup() was called.  However, because the ptolemy.ptII.exitAfterWrapup property is set, we throw this exception instead.
	at ptolemy.util.StringUtilities.exit(StringUtilities.java:363)
	at ptolemy.actor.Manager.wrapup(Manager.java:1531)
	at ptolemy.actor.Manager.execute(Manager.java:407)
	at ptolemy.actor.Manager.run(Manager.java:1263)
	at ptolemy.actor.Manager$PtolemyRunThread.run(Manager.java:1915)
Warning: '.top.test' is in training mode, set the trainingMode parameter to false before checking in
Warning: '.top.test' is in training mode, set the trainingMode parameter to false before checking in
Warning: '.top.test' is in training mode, set the trainingMode parameter to false before checking in
Warning: '.BooleanSwitch_RegressionTest_WrongTrainingValues.Test' is in training mode, set the trainingMode parameter to false before checking in
Warning: '.BooleanSwitch_RegressionTest_WrongTrainingValues.Test2' is in training mode, set the trainingMode parameter to false before checking in
Warning: '.BooleanSwitch_RegressionTest_WrongTrainingValues.Test2' The test produced 0 tokens.
Warning: '.top.testExceptionHandler' is in training mode, set the trainingMode parameter to false before checking in
java.lang.RuntimeException: Execution failed
	at ptolemy.moml.MoMLSimpleApplication$UnloadThread.run(MoMLSimpleApplication.java:402)
Caused by: ptolemy.kernel.util.IllegalActionException: PublisherPorts cannot be used at the top level, use a Publisher actor instead.
  in .PublisherPortToplevelSubscriber.PublisherPort
	at ptolemy.actor.PublisherPort.preinitialize(PublisherPort.java:403)
	at ptolemy.actor.CompositeActor.preinitialize(CompositeActor.java:1769)
	at ptolemy.actor.Manager.preinitializeAndResolveTypes(Manager.java:1040)
	at ptolemy.actor.Manager.initialize(Manager.java:710)
	at ptolemy.actor.Manager.execute(Manager.java:356)
	at ptolemy.actor.Manager.run(Manager.java:1263)
	at ptolemy.actor.Manager$PtolemyRunThread.run(Manager.java:1915)
java.lang.reflect.InvocationTargetException
	at java.base/jdk.internal.reflect.NativeConstructorAccessorImpl.newInstance0(Native Method)
	at java.base/jdk.internal.reflect.NativeConstructorAccessorImpl.newInstance(NativeConstructorAccessorImpl.java:62)
	at java.base/jdk.internal.reflect.DelegatingConstructorAccessorImpl.newInstance(DelegatingConstructorAccessorImpl.java:45)
	at java.base/java.lang.reflect.Constructor.newInstance(Constructor.java:490)
	at ptolemy.util.test.junit.AutoKnownFailedTests.RunModel(AutoKnownFailedTests.java:105)
	at java.base/jdk.internal.reflect.NativeMethodAccessorImpl.invoke0(Native Method)
	at java.base/jdk.internal.reflect.NativeMethodAccessorImpl.invoke(NativeMethodAccessorImpl.java:62)
	at java.base/jdk.internal.reflect.DelegatingMethodAccessorImpl.invoke(DelegatingMethodAccessorImpl.java:43)
	at java.base/java.lang.reflect.Method.invoke(Method.java:566)
	at org.junit.runners.model.FrameworkMethod$1.runReflectiveCall(FrameworkMethod.java:44)
	at org.junit.internal.runners.model.ReflectiveCallable.run(ReflectiveCallable.java:15)
	at org.junit.runners.model.FrameworkMethod.invokeExplosively(FrameworkMethod.java:41)
	at junitparams.internal.InvokeParameterisedMethod.evaluate(InvokeParameterisedMethod.java:102)
	at org.junit.internal.runners.statements.FailOnTimeout$1.run(FailOnTimeout.java:28)
Caused by: ptolemy.kernel.util.IllegalActionException: PublisherPorts cannot be used at the top level, use a Publisher actor instead.
  in .PublisherPortToplevelSubscriber.PublisherPort
	at ptolemy.actor.PublisherPort.preinitialize(PublisherPort.java:403)
	at ptolemy.actor.CompositeActor.preinitialize(CompositeActor.java:1769)
	at ptolemy.actor.Manager.preinitializeAndResolveTypes(Manager.java:1040)
	at ptolemy.actor.Manager.initialize(Manager.java:710)
	at ptolemy.actor.Manager.execute(Manager.java:356)
	at ptolemy.actor.Manager.run(Manager.java:1263)
	at ptolemy.actor.Manager$PtolemyRunThread.run(Manager.java:1915)
java.lang.RuntimeException: Execution failed
	at ptolemy.moml.MoMLSimpleApplication$UnloadThread.run(MoMLSimpleApplication.java:402)
Caused by: ptolemy.kernel.util.IllegalActionException: SubscriberPorts cannot be used at the top level, use a Subscriber actor instead.
  in .PublisherSubscriberPortToplevel.SubscriberPort
	at ptolemy.actor.SubscriberPort.preinitialize(SubscriberPort.java:328)
	at ptolemy.actor.CompositeActor.preinitialize(CompositeActor.java:1769)
	at ptolemy.actor.Manager.preinitializeAndResolveTypes(Manager.java:1040)
	at ptolemy.actor.Manager.initialize(Manager.java:710)
	at ptolemy.actor.Manager.execute(Manager.java:356)
	at ptolemy.actor.Manager.run(Manager.java:1263)
	at ptolemy.actor.Manager$PtolemyRunThread.run(Manager.java:1915)
java.lang.reflect.InvocationTargetException
	at java.base/jdk.internal.reflect.NativeConstructorAccessorImpl.newInstance0(Native Method)
	at java.base/jdk.internal.reflect.NativeConstructorAccessorImpl.newInstance(NativeConstructorAccessorImpl.java:62)
	at java.base/jdk.internal.reflect.DelegatingConstructorAccessorImpl.newInstance(DelegatingConstructorAccessorImpl.java:45)
	at java.base/java.lang.reflect.Constructor.newInstance(Constructor.java:490)
	at ptolemy.util.test.junit.AutoKnownFailedTests.RunModel(AutoKnownFailedTests.java:105)
	at java.base/jdk.internal.reflect.NativeMethodAccessorImpl.invoke0(Native Method)
	at java.base/jdk.internal.reflect.NativeMethodAccessorImpl.invoke(NativeMethodAccessorImpl.java:62)
	at java.base/jdk.internal.reflect.DelegatingMethodAccessorImpl.invoke(DelegatingMethodAccessorImpl.java:43)
	at java.base/java.lang.reflect.Method.invoke(Method.java:566)
	at org.junit.runners.model.FrameworkMethod$1.runReflectiveCall(FrameworkMethod.java:44)
	at org.junit.internal.runners.model.ReflectiveCallable.run(ReflectiveCallable.java:15)
	at org.junit.runners.model.FrameworkMethod.invokeExplosively(FrameworkMethod.java:41)
	at junitparams.internal.InvokeParameterisedMethod.evaluate(InvokeParameterisedMethod.java:102)
	at org.junit.internal.runners.statements.FailOnTimeout$1.run(FailOnTimeout.java:28)
Caused by: ptolemy.kernel.util.IllegalActionException: SubscriberPorts cannot be used at the top level, use a Subscriber actor instead.
  in .PublisherSubscriberPortToplevel.SubscriberPort
	at ptolemy.actor.SubscriberPort.preinitialize(SubscriberPort.java:328)
	at ptolemy.actor.CompositeActor.preinitialize(CompositeActor.java:1769)
	at ptolemy.actor.Manager.preinitializeAndResolveTypes(Manager.java:1040)
	at ptolemy.actor.Manager.initialize(Manager.java:710)
	at ptolemy.actor.Manager.execute(Manager.java:356)
	at ptolemy.actor.Manager.run(Manager.java:1263)
	at ptolemy.actor.Manager$PtolemyRunThread.run(Manager.java:1915)
java.lang.RuntimeException: Execution failed
	at ptolemy.moml.MoMLSimpleApplication$UnloadThread.run(MoMLSimpleApplication.java:402)
Caused by: ptolemy.kernel.util.IllegalActionException: SubscriptionAggregatorPorts cannot be used at the top level, use a SubscriptionAggregator actor instead.
  in .PublisherSubscriptionAggregatorPort.SubscriptionAggregatorPort
	at ptolemy.actor.SubscriptionAggregatorPort.preinitialize(SubscriptionAggregatorPort.java:353)
	at ptolemy.actor.CompositeActor.preinitialize(CompositeActor.java:1769)
	at ptolemy.actor.Manager.preinitializeAndResolveTypes(Manager.java:1040)
	at ptolemy.actor.Manager.initialize(Manager.java:710)
	at ptolemy.actor.Manager.execute(Manager.java:356)
	at ptolemy.actor.Manager.run(Manager.java:1263)
	at ptolemy.actor.Manager$PtolemyRunThread.run(Manager.java:1915)
java.lang.reflect.InvocationTargetException
	at java.base/jdk.internal.reflect.NativeConstructorAccessorImpl.newInstance0(Native Method)
	at java.base/jdk.internal.reflect.NativeConstructorAccessorImpl.newInstance(NativeConstructorAccessorImpl.java:62)
	at java.base/jdk.internal.reflect.DelegatingConstructorAccessorImpl.newInstance(DelegatingConstructorAccessorImpl.java:45)
	at java.base/java.lang.reflect.Constructor.newInstance(Constructor.java:490)
	at ptolemy.util.test.junit.AutoKnownFailedTests.RunModel(AutoKnownFailedTests.java:105)
	at java.base/jdk.internal.reflect.NativeMethodAccessorImpl.invoke0(Native Method)
	at java.base/jdk.internal.reflect.NativeMethodAccessorImpl.invoke(NativeMethodAccessorImpl.java:62)
	at java.base/jdk.internal.reflect.DelegatingMethodAccessorImpl.invoke(DelegatingMethodAccessorImpl.java:43)
	at java.base/java.lang.reflect.Method.invoke(Method.java:566)
	at org.junit.runners.model.FrameworkMethod$1.runReflectiveCall(FrameworkMethod.java:44)
	at org.junit.internal.runners.model.ReflectiveCallable.run(ReflectiveCallable.java:15)
	at org.junit.runners.model.FrameworkMethod.invokeExplosively(FrameworkMethod.java:41)
	at junitparams.internal.InvokeParameterisedMethod.evaluate(InvokeParameterisedMethod.java:102)
	at org.junit.internal.runners.statements.FailOnTimeout$1.run(FailOnTimeout.java:28)
Caused by: ptolemy.kernel.util.IllegalActionException: SubscriptionAggregatorPorts cannot be used at the top level, use a SubscriptionAggregator actor instead.
  in .PublisherSubscriptionAggregatorPort.SubscriptionAggregatorPort
	at ptolemy.actor.SubscriptionAggregatorPort.preinitialize(SubscriptionAggregatorPort.java:353)
	at ptolemy.actor.CompositeActor.preinitialize(CompositeActor.java:1769)
	at ptolemy.actor.Manager.preinitializeAndResolveTypes(Manager.java:1040)
	at ptolemy.actor.Manager.initialize(Manager.java:710)
	at ptolemy.actor.Manager.execute(Manager.java:356)
	at ptolemy.actor.Manager.run(Manager.java:1263)
	at ptolemy.actor.Manager$PtolemyRunThread.run(Manager.java:1915)
java.lang.RuntimeException: Execution failed
	at ptolemy.moml.MoMLSimpleApplication$UnloadThread.run(MoMLSimpleApplication.java:402)
Caused by: ptolemy.kernel.util.IllegalActionException: TypeTest actor has no training data.
  in .sizedarray3.TypeTest
	at ptolemy.actor.lib.TypeTest.initialize(TypeTest.java:250)
	at ptolemy.actor.Director.initialize(Director.java:938)
	at ptolemy.actor.Director.initialize(Director.java:907)
	at ptolemy.actor.sched.StaticSchedulingDirector.initialize(StaticSchedulingDirector.java:159)
	at ptolemy.domains.sdf.kernel.SDFDirector.initialize(SDFDirector.java:544)
	at ptolemy.actor.CompositeActor.initialize(CompositeActor.java:935)
	at ptolemy.actor.Manager.initialize(Manager.java:724)
	at ptolemy.actor.Manager.execute(Manager.java:356)
	at ptolemy.actor.Manager.run(Manager.java:1263)
	at ptolemy.actor.Manager$PtolemyRunThread.run(Manager.java:1915)
java.lang.reflect.InvocationTargetException
	at java.base/jdk.internal.reflect.NativeConstructorAccessorImpl.newInstance0(Native Method)
	at java.base/jdk.internal.reflect.NativeConstructorAccessorImpl.newInstance(NativeConstructorAccessorImpl.java:62)
	at java.base/jdk.internal.reflect.DelegatingConstructorAccessorImpl.newInstance(DelegatingConstructorAccessorImpl.java:45)
	at java.base/java.lang.reflect.Constructor.newInstance(Constructor.java:490)
	at ptolemy.util.test.junit.AutoKnownFailedTests.RunModel(AutoKnownFailedTests.java:105)
	at java.base/jdk.internal.reflect.NativeMethodAccessorImpl.invoke0(Native Method)
	at java.base/jdk.internal.reflect.NativeMethodAccessorImpl.invoke(NativeMethodAccessorImpl.java:62)
	at java.base/jdk.internal.reflect.DelegatingMethodAccessorImpl.invoke(DelegatingMethodAccessorImpl.java:43)
	at java.base/java.lang.reflect.Method.invoke(Method.java:566)
	at org.junit.runners.model.FrameworkMethod$1.runReflectiveCall(FrameworkMethod.java:44)
	at org.junit.internal.runners.model.ReflectiveCallable.run(ReflectiveCallable.java:15)
	at org.junit.runners.model.FrameworkMethod.invokeExplosively(FrameworkMethod.java:41)
	at junitparams.internal.InvokeParameterisedMethod.evaluate(InvokeParameterisedMethod.java:102)
	at org.junit.internal.runners.statements.FailOnTimeout$1.run(FailOnTimeout.java:28)
Caused by: ptolemy.kernel.util.IllegalActionException: TypeTest actor has no training data.
  in .sizedarray3.TypeTest
	at ptolemy.actor.lib.TypeTest.initialize(TypeTest.java:250)
	at ptolemy.actor.Director.initialize(Director.java:938)
	at ptolemy.actor.Director.initialize(Director.java:907)
	at ptolemy.actor.sched.StaticSchedulingDirector.initialize(StaticSchedulingDirector.java:159)
	at ptolemy.domains.sdf.kernel.SDFDirector.initialize(SDFDirector.java:544)
	at ptolemy.actor.CompositeActor.initialize(CompositeActor.java:935)
	at ptolemy.actor.Manager.initialize(Manager.java:724)
	at ptolemy.actor.Manager.execute(Manager.java:356)
	at ptolemy.actor.Manager.run(Manager.java:1263)
	at ptolemy.actor.Manager$PtolemyRunThread.run(Manager.java:1915)
java.lang.RuntimeException: Execution failed
	at ptolemy.moml.MoMLSimpleApplication$UnloadThread.run(MoMLSimpleApplication.java:402)
Caused by: ptolemy.kernel.util.IllegalActionException: Test fails in iteration 0.
Value was: "WARNING: An illegal reflective access operation has occurred\nWARNING: Illegal reflective access by io.netty.util.internal.ReflectionUtil (file:/home/travis/build/icyphy/ptII/lib/netty-common-4.1.19.Final.jar) to constructor java.nio.DirectByteBuffer(long,int)\nWARNING: Please consider reporting this to the maintainers of io.netty.util.internal.ReflectionUtil\nWARNING: Use --illegal-access=warn to enable warnings of further illegal reflective access operations\nWARNING: All illegal access operations will be denied in a future release\n". Should have been: ""
  in .ExecRunDemos.Test
	at ptolemy.actor.lib.Test.fire(Test.java:268)
	at ptolemy.actor.AtomicActor.iterate(AtomicActor.java:512)
	at ptolemy.actor.sched.StaticSchedulingDirector.fire(StaticSchedulingDirector.java:216)
	at ptolemy.domains.sdf.kernel.SDFDirector.fire(SDFDirector.java:500)
	at ptolemy.actor.CompositeActor.fire(CompositeActor.java:455)
	at ptolemy.actor.Manager.iterate(Manager.java:851)
	at ptolemy.actor.Manager.execute(Manager.java:369)
	at ptolemy.actor.Manager.run(Manager.java:1263)
	at ptolemy.actor.Manager$PtolemyRunThread.run(Manager.java:1915)
]]></system-err>
</testsuite>
