<?xml version="1.0" encoding="UTF-8" ?>
<testsuite errors="0" failures="0" hostname="travis-job-9f873c1f-a4f7-4d00-a4cd-dcac8f1d0e26" name="ptolemy.domains.de.test.junit.JUnitTclTest" skipped="0" tests="101" time="128.581" timestamp="2019-02-18T03:34:37">
  <properties>
    <property name="npm.executable" value="npm" />
    <property name="file.encoding.pkg" value="sun.io" />
    <property name="env.TRAVIS_ROOT" value="/" />
    <property name="ptII.mk.exists" value="true" />
    <property name="env.TRAVIS_APP_HOST" value="build.travis-ci.org" />
    <property name="env.rvm_bin_path" value="/home/travis/.rvm/bin" />
    <property name="java.home" value="/usr/lib/jvm/java-8-oracle/jre" />
    <property name="env.TRAVIS_JOB_NUMBER" value="1007.9" />
    <property name="env.TRAVIS_HOME" value="/home/travis" />
    <property name="env.DISPLAY" value=":99.0" />
    <property name="java.net.preferIPv4Stack" value="true" />
    <property name="env.TRAVIS_INIT" value="upstart" />
    <property name="env.SSH_TTY" value="/dev/pts/0" />
    <property name="env.RUN_TESTS" value="true" />
    <property name="timeout.short" value="1000000" />
    <property name="env.TRAVIS_JOB_NAME" value="" />
    <property name="env.TRAVIS_STACK_NODE_ATTRIBUTES" value="/.node-attributes.yml" />
    <property name="junit.formatter" value="xml" />
    <property name="java.endorsed.dirs" value="/usr/lib/jvm/java-8-oracle/jre/lib/endorsed" />
    <property name="env.TRAVIS_SUDO" value="true" />
    <property name="env.LOGNAME" value="travis" />
    <property name="jsdoc.home" value="node_modules/@terraswarm/jsdoc" />
    <property name="debuglevel" value="source,lines,vars" />
    <property name="checkstyle.formatter" value="xml" />
    <property name="bin.vergil.makeable" value="true" />
    <property name="env._system_version" value="14.04" />
    <property name="sun.os.patch.level" value="unknown" />
    <property name="java.vendor.url" value="http://java.oracle.com/" />
    <property name="env.TRAVIS_BUILD_WEB_URL" value="https://travis-ci.org/icyphy/ptII/builds/494690613" />
    <property name="java.version" value="1.8.0_151" />
    <property name="env.TZ" value="UTC" />
    <property name="env.PT_NO_NET" value="true" />
    <property name="env.TRAVIS_PULL_REQUEST_SHA" value="" />
    <property name="env.TRAVIS_SECURE_ENV_VARS" value="true" />
    <property name="env._system_type" value="Linux" />
    <property name="java.vendor.url.bug" value="http://bugreport.sun.com/bugreport/" />
    <property name="env.SSH_CLIENT" value="10.10.19.214 59298 22" />
    <property name="npmjs-org-is-up" value="true" />
    <property name="env.GEM_HOME" value="/home/travis/.rvm/gems/ruby-2.4.1" />
    <property name="env.HAS_ANTARES_THREE_LITTLE_FRONZIES_BADGE" value="true" />
    <property name="env.PS4" value="+" />
    <property name="ant.project.invoked-targets" value="build,test.core2.xml" />
    <property name="env.TRAVIS_PULL_REQUEST_BRANCH" value="" />
    <property name="env.TRAVIS_REPO_SLUG" value="icyphy/ptII" />
    <property name="env.TRAVIS_APT_PROXY" value="http://build-cache.travisci.net" />
    <property name="node.in.path" value="true" />
    <property name="java.maxmemory" value="1400m" />
    <property name="env.RUBY_VERSION" value="ruby-2.4.1" />
    <property name="user.name" value="travis" />
    <property name="env.LANG" value="en_US.UTF-8" />
    <property name="sun.io.unicode.encoding" value="UnicodeLittle" />
    <property name="sun.jnu.encoding" value="UTF-8" />
    <property name="java.runtime.name" value="Java(TM) SE Runtime Environment" />
    <property name="usefile" value="false" />
    <property name="return.code" value="0" />
    <property name="junit.single.formatter" value="plain" />
    <property name="env.DYLD_LIBRARY_PATH" value="/home/travis/pthla/certi-tools/lib:" />
    <property name="env.DEBIAN_FRONTEND" value="noninteractive" />
    <property name="env.SSH_CONNECTION" value="10.10.19.214 59298 10.20.0.220 22" />
    <property name="env.MYSQL_UNIX_PORT" value="/var/run/mysqld/mysqld.sock" />
    <property name="env.TRAVIS_ALLOW_FAILURE" value="false" />
    <property name="env.LC_ALL" value="en_US.UTF-8" />
    <property name="env.TRAVIS_JOB_WEB_URL" value="https://travis-ci.org/icyphy/ptII/jobs/494690622" />
    <property name="java.specification.name" value="Java Platform API Specification" />
    <property name="node.works" value="true" />
    <property name="user.timezone" value="" />
    <property name="path.separator" value=":" />
    <property name="env.TRAVIS_ENABLE_INFRA_DETECTION" value="true" />
    <property name="env.PYTHON_CFLAGS" value="-g -fstack-protector --param=ssp-buffer-size=4 -Wformat -Werror=format-security" />
    <property name="timeout.long" value="4000000" />
    <property name="env.CERTI_HOME" value="/home/travis/pthla/certi-tools" />
    <property name="file.encoding" value="UTF-8" />
    <property name="ant.file.ptII" value="/home/travis/build/icyphy/ptII/build.xml" />
    <property name="javadoc.packagenames" value="com.*,diva.*,lbnl.*,org.hlacerti.*,org.json.*,org.ptolemy.*,org.terraswarm.*,ptolemy.*,ptserver.*" />
    <property name="env.TRAVIS_PULL_REQUEST_SLUG" value="" />
    <property name="ant.project.default-target" value="build" />
    <property name="env.GIT_ASKPASS" value="echo" />
    <property name="env.HOME" value="/home/travis" />
    <property name="sun.java.command" value="org.apache.tools.ant.taskdefs.optional.junit.JUnitTestRunner ptolemy.domains.de.test.junit.JUnitTclTest skipNonTests=false filtertrace=true haltOnError=false haltOnFailure=false formatter=org.apache.tools.ant.taskdefs.optional.junit.OutErrSummaryJUnitResultFormatter showoutput=true outputtoformatters=true logfailedtests=true threadid=0 logtestlistenerevents=false formatter=org.apache.tools.ant.taskdefs.optional.junit.XMLJUnitResultFormatter,/home/travis/build/icyphy/ptII/reports/junit/TEST-ptolemy.domains.de.test.junit.JUnitTclTest.xml crashfile=/home/travis/build/icyphy/ptII/junitvmwatcher1098033618036280048.properties propsfile=/home/travis/build/icyphy/ptII/junit2191615112072955210.properties" />
    <property name="env.MANPATH" value="/home/travis/.nvm/versions/node/v7.10.1/share/man:/home/travis/.kiex/elixirs/elixir-1.4.5/man:/home/travis/.rvm/rubies/ruby-2.4.1/share/man:/usr/local/man:/usr/local/cmake-3.9.2/man:/usr/local/clang-5.0.0/share/man:/usr/local/share/man:/usr/share/man:/home/travis/.rvm/man" />
    <property name="env.COMPOSER_NO_INTERACTION" value="1" />
    <property name="env.JDK_SWITCHER_DEFAULT" value="oraclejdk8" />
    <property name="env.TRAVIS_TIMER_ID" value="10ad1b84" />
    <property name="ant.file" value="/home/travis/build/icyphy/ptII/build.xml" />
    <property name="env.TRAVIS_COMMIT_RANGE" value="0e2f04a14549c9890de2b35e2e07ac857c7de90b...806248a18531ee1f83214f68ed9370e122ce5d03" />
    <property name="env._system_name" value="Ubuntu" />
    <property name="timeout" value="2400000" />
    <property name="ptII.classpath.optional.property" value="/home/travis/build/icyphy/ptII/lib/bsh-2.0b4.jar:/home/travis/build/icyphy/ptII/lib/ptCal.jar:/home/travis/build/icyphy/ptII/lib/java_cup.jar:/home/travis/build/icyphy/ptII/lib/saxon8.jar:/home/travis/build/icyphy/ptII/lib/saxon8-dom.jar:/home/travis/build/icyphy/ptII/lib/chic.jar:/home/travis/build/icyphy/ptII/lib/ptcolt.jar:/usr/lib/jvm/java-8-oracle/lib/tools.jar:/home/travis/build/icyphy/ptII/vendors/misc/itext/iText.jar:/home/travis/build/icyphy/ptII/lib/g4ltl.jar:/home/travis/build/icyphy/ptII/lib/StructuralCoder.jar:/home/travis/build/icyphy/ptII/vendors/jai-1_1_2_01/lib/jai_core.jar:/home/travis/build/icyphy/ptII/vendors/jai-1_1_2_01/lib/jai_codec.jar:/home/travis/build/icyphy/ptII/lib/jcerti.jar:/home/travis/build/icyphy/ptII/lib/javax.mail.jar:/home/travis/build/icyphy/ptII/vendors/JMF-2.1.1e/lib/jmf.jar:/home/travis/build/icyphy/ptII/lib/jna-4.0.0-variadic.jar:/home/travis/build/icyphy/ptII/vendors/misc/joystick/Joystick.jar:/home/travis/build/icyphy/ptII/lib/ptjacl.jar:/home/travis/build/icyphy/ptII/lib/jsoup-1.8.2.jar:/home/travis/build/icyphy/ptII/lib/junit-4.8.2.jar:/home/travis/build/icyphy/ptII/lib/JUnitParams-0.4.0.jar:/home/travis/build/icyphy/ptII/ptolemy/actor/lib/excel/jxl.jar:/home/travis/build/icyphy/ptII/lib/jython.jar:/home/travis/build/icyphy/ptII/lib/kieler.jar:/home/travis/build/icyphy/ptII/vendors/opencv/share/OpenCV/java/opencv-341.jar:/home/travis/build/icyphy/ptII/lib/oscP5.jar:/home/travis/build/icyphy/ptII/lib/nrjavaserial-3.11.0.devel.jar:/home/travis/build/icyphy/ptII/vendors/j3d/lib/j3dcore.jar:/home/travis/build/icyphy/ptII/vendors/j3d/lib/j3dutils.jar:/home/travis/build/icyphy/ptII/vendors/j3d/lib/vecmath.jar:/home/travis/build/icyphy/ptII/ptolemy/distributed/jini/jar/jini-core.jar:/home/travis/build/icyphy/ptII/ptolemy/distributed/jini/jar/jini-ext.jar:/home/travis/build/icyphy/ptII/ptolemy/distributed/jini/jar/sun-util.jar:/home/travis/build/icyphy/ptII/lib/protobuf-java-2.4.1.jar:/home/travis/build/icyphy/ptII/lib/org.eclipse.paho.client.mqttv3.jar:/home/travis/build/icyphy/ptII/lib/mapss.jar:/home/travis/build/icyphy/ptII/ptolemy/actor/ptalon/antlr/antlr.jar:/home/travis/build/icyphy/ptII/lib/JRI.jar:/home/travis/build/icyphy/ptII/lib/commons-lang-2.6.jar:/home/travis/build/icyphy/ptII/lib/commons-logging-1.1.1.jar:/home/travis/build/icyphy/ptII/lib/sootclasses.jar:/home/travis/build/icyphy/ptII/ptolemy/actor/lib/database/mysql-connector-java-5.1.6-bin.jar:/home/travis/build/icyphy/ptII/vendors/misc/sphinx4/sphinx4-data-5prealpha.jar:/home/travis/build/icyphy/ptII/vendors/misc/sphinx4/sphinx4-core-5prealpha.jar:/home/travis/build/icyphy/ptII/lib/PDFRenderer.jar:/home/travis/build/icyphy/ptII/lib/svgSalamander.jar:/home/travis/build/icyphy/ptII/lib/rsyntaxtextarea-2.6.0-SNAPSHOT.jar:/home/travis/build/icyphy/ptII/lib/hazelcast-3.8.2.jar:/home/travis/build/icyphy/ptII/lib/jackson-annotations-2.9.0.jar:/home/travis/build/icyphy/ptII/lib/jackson-core-2.9.3.jar:/home/travis/build/icyphy/ptII/lib/jackson-databind-2.9.3.jar:/home/travis/build/icyphy/ptII/lib/netty-buffer-4.1.19.Final.jar:/home/travis/build/icyphy/ptII/lib/netty-codec-4.1.19.Final.jar:/home/travis/build/icyphy/ptII/lib/netty-codec-dns-4.1.19.Final.jar:/home/travis/build/icyphy/ptII/lib/netty-codec-http-4.1.19.Final.jar:/home/travis/build/icyphy/ptII/lib/netty-codec-http2-4.1.19.Final.jar:/home/travis/build/icyphy/ptII/lib/netty-common-4.1.19.Final.jar:/home/travis/build/icyphy/ptII/lib/netty-handler-4.1.19.Final.jar:/home/travis/build/icyphy/ptII/lib/netty-resolver-4.1.19.Final.jar:/home/travis/build/icyphy/ptII/lib/netty-resolver-dns-4.1.19.Final.jar:/home/travis/build/icyphy/ptII/lib/netty-transport-4.1.19.Final.jar:/home/travis/build/icyphy/ptII/lib/vertx-codegen-3.5.1.jar:/home/travis/build/icyphy/ptII/lib/vertx-core-3.5.2-SNAPSHOT.jar:/home/travis/build/icyphy/ptII/lib/vertx-hazelcast-3.5.1.jar:/home/travis/build/icyphy/ptII/lib/vertx-lang-js-3.5.1.jar:/home/travis/build/icyphy/ptII/lib/vertx-service-proxy-3.5.1.jar:/home/travis/build/icyphy/ptII/lib/vertx-web-3.5.1.jar:/home/travis/build/icyphy/ptII/lib/slf4j-api-1.7.13.jar:/home/travis/build/icyphy/ptII/lib/slf4j-simple-1.7.13.jar:/home/travis/build/icyphy/ptII/lib/webcam-capture-0.3.12.jar:/home/travis/build/icyphy/ptII/lib/bridj-0.7.0.jar:/home/travis/build/icyphy/ptII/lib/xbjlib-1.1.0.nrjavaserial.jar" />
    <property name="test.batch" value="**/junit/*.java" />
    <property name="env._" value="/usr/bin/timeout" />
    <property name="java.io.tmpdir" value="/tmp" />
    <property name="env.TRAVIS_INTERNAL_RUBY_REGEX" value="^ruby-(2\.[0-4]\.[0-9]|1\.9\.3)" />
    <property name="user.language" value="en" />
    <property name="env.HISTCONTROL" value="ignoredups:ignorespace" />
    <property name="env.GOROOT" value="/home/travis/.gimme/versions/go1.7.4.linux.amd64" />
    <property name="line.separator" value="&#xa;" />
    <property name="target" value="1.8" />
    <property name="env.TRAVIS_BUILD_DIR" value="/home/travis/build/icyphy/ptII" />
    <property name="env.ANT_OPTS" value="-Xmx2048m" />
    <property name="ant.file.type" value="file" />
    <property name="ptolemy.ptII.batchMode" value="true" />
    <property name="env.HISTSIZE" value="1000" />
    <property name="env.MERB_ENV" value="test" />
    <property name="java.vm.info" value="mixed mode" />
    <property name="source" value="1.8" />
    <property name="java.vm.specification.name" value="Java Virtual Machine Specification" />
    <property name="env.TRAVIS_TEST_RESULT" value="0" />
    <property name="jsdoc.command" value="node_modules/@terraswarm/jsdoc/jsdoc.js" />
    <property name="npm.works" value="true" />
    <property name="cobertura.dir" value="/home/travis/build/icyphy/ptII/vendors/cobertura-2.0.3" />
    <property name="env.rvm_path" value="/home/travis/.rvm" />
    <property name="env.GEM_PATH" value="/home/travis/.rvm/gems/ruby-2.4.1:/home/travis/.rvm/gems/ruby-2.4.1@global" />
    <property name="env.LC_CTYPE" value="en_US.UTF-8" />
    <property name="java.awt.printerjob" value="sun.print.PSPrinterJob" />
    <property name="env.TRAVIS_CMD" value="$PTII/bin/ptIITravisBuild.sh $SECONDS" />
    <property name="env.TRAVIS_STACK_NAME" value="garnet" />
    <property name="env.TRAVIS_TIMER_START_TIME" value="1550460367313776638" />
    <property name="ant.version" value="Apache Ant(TM) version 1.10.1 compiled on February 2 2017" />
    <property name="ptII.reports" value="/home/travis/build/icyphy/ptII/reports" />
    <property name="env.TRAVIS_STACK_TIMESTAMP" value="2017-12-05 19:33:09 UTC" />
    <property name="ant.file.type.ptII" value="file" />
    <property name="env.RBENV_SHELL" value="bash" />
    <property name="os.name" value="Linux" />
    <property name="java.specification.vendor" value="Oracle Corporation" />
    <property name="env.rvm_version" value="1.29.3 (latest)" />
    <property name="env.TRAVIS_INFRA" value="gce" />
    <property name="env.TERM" value="xterm" />
    <property name="java.vm.name" value="Java HotSpot(TM) 64-Bit Server VM" />
    <property name="env.TRAVIS_BUILD_NUMBER" value="1007" />
    <property name="env.CI" value="true" />
    <property name="java.library.path" value="/home/travis/pthla/certi-tools/lib:/usr/lib/jni:/usr/local/share/OpenCV/java/:/usr/share/OpenCV/java::/usr/java/packages/lib/amd64:/usr/lib64:/lib64:/lib:/usr/lib" />
    <property name="env.rvm_prefix" value="/home/travis" />
    <property name="env.PATH" value="/home/travis/pthla/certi-tools/share/scripts:/home/travis/.rvm/gems/ruby-2.4.1/bin:/home/travis/.rvm/gems/ruby-2.4.1@global/bin:/home/travis/.rvm/rubies/ruby-2.4.1/bin:/home/travis/.rvm/bin:/home/travis/.nvm/versions/node/v7.10.1/bin:./node_modules/.bin:/home/travis/build/icyphy/ptII/bin:/home/travis/pthla/certi-tools/bin:/home/travis/bin:/home/travis/.local/bin:/opt/pyenv/shims:/home/travis/.phpenv/shims:/home/travis/perl5/perlbrew/bin:/home/travis/.kiex/elixirs/elixir-1.4.5/bin:/home/travis/.kiex/bin:/home/travis/gopath/bin:/home/travis/.gimme/versions/go1.7.4.linux.amd64/bin:/usr/local/phantomjs/bin:/usr/local/phantomjs:/usr/local/neo4j-3.2.7/bin:/usr/local/maven-3.5.2/bin:/usr/local/cmake-3.9.2/bin:/usr/local/clang-5.0.0/bin:/usr/local/sbin:/usr/local/bin:/usr/sbin:/usr/bin:/sbin:/bin:/home/travis/.phpenv/bin:/opt/pyenv/bin:/home/travis/.yarn/bin" />
    <property name="env.TRAVIS_OS_NAME" value="linux" />
    <property name="ant.java.version" value="1.8" />
    <property name="basedir" value="/home/travis/build/icyphy/ptII" />
    <property name="java.class.version" value="52.0" />
    <property name="env.SHLVL" value="3" />
    <property name="env.LD_LIBRARY_PATH" value="/home/travis/pthla/certi-tools/lib:/usr/lib/jni:/usr/local/share/OpenCV/java/:/usr/share/OpenCV/java:" />
    <property name="env.RACK_ENV" value="test" />
    <property name="ant.home" value="/home/travis/build/icyphy/ptII/ant" />
    <property name="env.PERLBREW_BASHRC_VERSION" value="0.80" />
    <property name="env.NVM_DIR" value="/home/travis/.nvm" />
    <property name="env.TRAVIS_BUILD_ID" value="494690613" />
    <property name="env.CERTI_FOM_PATH" value="/home/travis/pthla/certi-tools/share/federations" />
    <property name="env.PYENV_ROOT" value="/opt/pyenv" />
    <property name="env.TRAVIS_UID" value="2000" />
    <property name="env.rvm_pretty_print_flag" value="auto" />
    <property name="env.NVM_BIN" value="/home/travis/.nvm/versions/node/v7.10.1/bin" />
    <property name="env.TRAVIS_COMMIT" value="806248a18531ee1f83214f68ed9370e122ce5d03" />
    <property name="env._system_arch" value="x86_64" />
    <property name="node.executable" value="node" />
    <property name="sun.boot.library.path" value="/usr/lib/jvm/java-8-oracle/jre/lib/amd64" />
    <property name="sun.management.compiler" value="HotSpot 64-Bit Tiered Compilers" />
    <property name="env.GOPATH" value="/home/travis/gopath" />
    <property name="java.awt.graphicsenv" value="sun.awt.X11GraphicsEnvironment" />
    <property name="ptolemy.ptII.dir" value="/home/travis/build/icyphy/ptII" />
    <property name="env.USER" value="travis" />
    <property name="env.HISTFILESIZE" value="2000" />
    <property name="timeout.longest" value="19000000" />
    <property name="env.TRAVIS_STACK_FEATURES" value="basic cassandra chromium couchdb disabled-ipv6 docker docker-compose elasticsearch firefox go-toolchain google-chrome jdk memcached mongodb mysql neo4j nodejs_interpreter perl_interpreter perlbrew phantomjs postgresql python_interpreter rabbitmq redis riak ruby_interpreter sqlite xserver" />
    <property name="env.TRAVIS_PULL_REQUEST" value="false" />
    <property name="env.PYENV_SHELL" value="bash" />
    <property name="ant.project.name" value="ptII" />
    <property name="java.vm.specification.version" value="1.8" />
    <property name="env.ANSI_RESET" value="\033[0m" />
    <property name="env.TRAVIS_DIST" value="trusty" />
    <property name="env.CERTI_VERSION" value="4.0.0" />
    <property name="env.NLSPATH" value="/usr/dt/lib/nls/msg/%L/%N.cat" />
    <property name="awt.toolkit" value="sun.awt.X11.XToolkit" />
    <property name="env.CERTI_HOST" value="localhost" />
    <property name="env.MY_RUBY_HOME" value="/home/travis/.rvm/rubies/ruby-2.4.1" />
    <property name="sun.cpu.isalist" value="" />
    <property name="env.TRAVIS_TMPDIR" value="/tmp/tmp.EsZ2R6q1sw" />
    <property name="java.ext.dirs" value="/usr/lib/jvm/java-8-oracle/jre/lib/ext:/usr/java/packages/lib/ext" />
    <property name="os.version" value="4.4.0-101-generic" />
    <property name="user.home" value="/home/travis" />
    <property name="env.MIX_ARCHIVES" value="/home/travis/.kiex/mix/elixir-1.4.5" />
    <property name="java.vm.vendor" value="Oracle Corporation" />
    <property name="env.TRAVIS_TAG" value="nightly" />
    <property name="env.ANSI_YELLOW" value="\033[33;1m" />
    <property name="env.TRAVIS_FILTERED" value="redirect_io" />
    <property name="env.ANSI_GREEN" value="\033[32;1m" />
    <property name="env.JAVA_HOME" value="/usr/lib/jvm/java-8-oracle" />
    <property name="env.PTII" value="/home/travis/build/icyphy/ptII" />
    <property name="javadoc.excludepackagenames" value="adm.cvs2svn.*,build.*,config.*,doc.coding.templates.*,jni.test.jni.meaningOfLife.*,jni.test.jni.testDeux.*,jni.test.jni.testTrois.*,org.terraswarm.accessor.accessors.web.node_modules.*,org.terraswarm.accessor.accessors.web.hosts.cordova.demo.*,org.terraswarm.accessor.accessors.web.hosts.cordova.plugins.*,org.terraswarm.accessor.accessors-svn.*,pt-modules.*,ptolemy.apps.agilent.*,ptolemy.apps.anytimecontrol.*,ptolemy.apps.apes.*,ptolemy.apps.charon.*,ptolemy.apps.crazyboard.*,ptolemy.apps.eclipse.*,ptolemy.apps.etherealSting.*,ptolemy.apps.fullscreen.*,ptolemy.apps.giotto.*,ptolemy.apps.ia.*,ptolemy.apps.interfaces.*,ptolemy.apps.jmf.*,ptolemy.apps.kurt.*,ptolemy.apps.kvm.*,ptolemy.apps.lego.*,ptolemy.apps.lejos.*,ptolemy.apps.midp.*,ptolemy.apps.mobileCoding.*,ptolemy.apps.pendulum.*,ptolemy.apps.rijndael.*,ptolemy.apps.robot.*,ptolemy.apps.security.*,ptolemy.apps.sobel.*,ptolemy.apps.soot.*,ptolemy.apps.throttle.*,ptolemy.apps.tini.*,ptolemy.apps.transmission.*,ptolemy.apps.vergil.*,ptolemy.apps.waba.*,ptolemy.apps.websensor.*,ptolemy.apps.webstart.*,ptolemy.apps.xsl.*,ptolemy.apps.zaurus.*,ptolemy.codegen.c.actor.lib.oldJavaFiles.*,ptolemy.codegen.dsp.lib.*,ptolemy.codegen.kernel.newInterfaces.*,ptolemy.codegen.lib.*,ptolemy.copernicus.kernel.fragment.*,ptolemy.copernicus.shallow.cg.*,ptolemy.domains.giotto.demo.Hierarchy.Hierarchy.*,ptolemy.domains.giotto.demo.Multimode.Multimode.*,ptolemy.domains.giotto.demo.Simple.Simple.*,ptolemy.domains.gr.lib.experimental.*,ptolemy.domains.gro.*,ptolemy.domains.pdf.*,ptolemy.domains.ptinyos.demo.Surge.output.*,ptolemy.moml.test.NoPackageActor.java*,ptolemy.plot.adm.*,ptolemy.plot.servlet.*,reports.*,signed.*,src.*,target.*,vendors.*,ptolemy.apps.eclipse.awt.*,ptolemy.backtrack.*,ptolemy.backtrack.ast.*,ptolemy.cg.adapter.generic.program.procedural.c.mbed*,ptolemy.homer.*,org.ptolemy.scala.*,diva.util.java2d.svg.*,ptolemy.domains.ptinyos.*,ptolemy.actor.lib.fmi.fmipp.*,,org.terraswarm.accessor.accessors.web.node_modules.*,org.terraswarm.accessor.accessors-svn,ptolemy.apps.*,ptolemy.actor.ptalon.demo.ptinyos.SendAndReceiveCnt.output,ptolemy.actor.ptalon.demo.ptinyos.SenseToLeds.output,ptolemy.domains.ptinyos.demo.CntToLedsAndRfm.output,ptolemy.domains.ptinyos.demo.RfmToLeds.output,ptolemy.domains.ptinyos.demo.SendAndReceiveCnt.output,ptolemy.domains.ptinyos.demo.SenseToLeds.output,ptolemy.actor.lib.jjs.modules.udpSocket.*" />
    <property name="env.TRAVIS_COMMIT_MESSAGE" value="Throw exceptions rather than silently fail, and minor tuning of docs" />
    <property name="keystore" value="ptKeystore" />
    <property name="env.XDG_SESSION_ID" value="2" />
    <property name="junit.output.dir" value="/home/travis/build/icyphy/ptII/reports/junit" />
    <property name="npm.return.code" value="0" />
    <property name="user.dir" value="/home/travis/build/icyphy/ptII/ptolemy/domains/de/test" />
    <property name="env.TRAVIS_NODE_VERSION" value="7" />
    <property name="env.XFILESEARCHPATH" value="/usr/dt/app-defaults/%L/Dt" />
    <property name="env.TRAVIS_EVENT_TYPE" value="cron" />
    <property name="env.MAIL" value="/var/mail/travis" />
    <property name="env.PWD" value="/home/travis/build/icyphy/ptII" />
    <property name="env.PERLBREW_ROOT" value="/home/travis/perl5/perlbrew" />
    <property name="timeout.npm" value="45000" />
    <property name="env.PT_TRAVIS_TEST_CORE2_XML" value="true" />
    <property name="env.TRAVIS_ARCH" value="amd64" />
    <property name="env.PAGER" value="cat" />
    <property name="sun.cpu.endian" value="little" />
    <property name="env.TRAVIS_BUILD_STAGE_NAME" value="Test" />
    <property name="env.PERLBREW_HOME" value="/home/travis/.perlbrew" />
    <property name="env.RAILS_ENV" value="test" />
    <property name="java.vm.version" value="25.151-b12" />
    <property name="java.class.path" value="/home/travis/build/icyphy/ptII:/home/travis/build/icyphy/ptII/lib/bsh-2.0b4.jar:/home/travis/build/icyphy/ptII/lib/ptCal.jar:/home/travis/build/icyphy/ptII/lib/java_cup.jar:/home/travis/build/icyphy/ptII/lib/saxon8.jar:/home/travis/build/icyphy/ptII/lib/saxon8-dom.jar:/home/travis/build/icyphy/ptII/lib/chic.jar:/home/travis/build/icyphy/ptII/lib/ptcolt.jar:/usr/lib/jvm/java-8-oracle/lib/tools.jar:/home/travis/build/icyphy/ptII/vendors/misc/itext/iText.jar:/home/travis/build/icyphy/ptII/lib/g4ltl.jar:/home/travis/build/icyphy/ptII/lib/StructuralCoder.jar:/home/travis/build/icyphy/ptII/vendors/jai-1_1_2_01/lib/jai_core.jar:/home/travis/build/icyphy/ptII/vendors/jai-1_1_2_01/lib/jai_codec.jar:/home/travis/build/icyphy/ptII/lib/jcerti.jar:/home/travis/build/icyphy/ptII/lib/javax.mail.jar:/home/travis/build/icyphy/ptII/vendors/JMF-2.1.1e/lib/jmf.jar:/home/travis/build/icyphy/ptII/lib/jna-4.0.0-variadic.jar:/home/travis/build/icyphy/ptII/vendors/misc/joystick/Joystick.jar:/home/travis/build/icyphy/ptII/lib/ptjacl.jar:/home/travis/build/icyphy/ptII/lib/jsoup-1.8.2.jar:/home/travis/build/icyphy/ptII/lib/junit-4.8.2.jar:/home/travis/build/icyphy/ptII/lib/JUnitParams-0.4.0.jar:/home/travis/build/icyphy/ptII/ptolemy/actor/lib/excel/jxl.jar:/home/travis/build/icyphy/ptII/lib/jython.jar:/home/travis/build/icyphy/ptII/lib/kieler.jar:/home/travis/build/icyphy/ptII/vendors/opencv/share/OpenCV/java/opencv-341.jar:/home/travis/build/icyphy/ptII/lib/oscP5.jar:/home/travis/build/icyphy/ptII/lib/nrjavaserial-3.11.0.devel.jar:/home/travis/build/icyphy/ptII/vendors/j3d/lib/j3dcore.jar:/home/travis/build/icyphy/ptII/vendors/j3d/lib/j3dutils.jar:/home/travis/build/icyphy/ptII/vendors/j3d/lib/vecmath.jar:/home/travis/build/icyphy/ptII/ptolemy/distributed/jini/jar/jini-core.jar:/home/travis/build/icyphy/ptII/ptolemy/distributed/jini/jar/jini-ext.jar:/home/travis/build/icyphy/ptII/ptolemy/distributed/jini/jar/sun-util.jar:/home/travis/build/icyphy/ptII/lib/protobuf-java-2.4.1.jar:/home/travis/build/icyphy/ptII/lib/org.eclipse.paho.client.mqttv3.jar:/home/travis/build/icyphy/ptII/lib/mapss.jar:/home/travis/build/icyphy/ptII/ptolemy/actor/ptalon/antlr/antlr.jar:/home/travis/build/icyphy/ptII/lib/JRI.jar:/home/travis/build/icyphy/ptII/lib/commons-lang-2.6.jar:/home/travis/build/icyphy/ptII/lib/commons-logging-1.1.1.jar:/home/travis/build/icyphy/ptII/lib/sootclasses.jar:/home/travis/build/icyphy/ptII/ptolemy/actor/lib/database/mysql-connector-java-5.1.6-bin.jar:/home/travis/build/icyphy/ptII/vendors/misc/sphinx4/sphinx4-data-5prealpha.jar:/home/travis/build/icyphy/ptII/vendors/misc/sphinx4/sphinx4-core-5prealpha.jar:/home/travis/build/icyphy/ptII/lib/PDFRenderer.jar:/home/travis/build/icyphy/ptII/lib/svgSalamander.jar:/home/travis/build/icyphy/ptII/lib/rsyntaxtextarea-2.6.0-SNAPSHOT.jar:/home/travis/build/icyphy/ptII/lib/hazelcast-3.8.2.jar:/home/travis/build/icyphy/ptII/lib/jackson-annotations-2.9.0.jar:/home/travis/build/icyphy/ptII/lib/jackson-core-2.9.3.jar:/home/travis/build/icyphy/ptII/lib/jackson-databind-2.9.3.jar:/home/travis/build/icyphy/ptII/lib/netty-buffer-4.1.19.Final.jar:/home/travis/build/icyphy/ptII/lib/netty-codec-4.1.19.Final.jar:/home/travis/build/icyphy/ptII/lib/netty-codec-dns-4.1.19.Final.jar:/home/travis/build/icyphy/ptII/lib/netty-codec-http-4.1.19.Final.jar:/home/travis/build/icyphy/ptII/lib/netty-codec-http2-4.1.19.Final.jar:/home/travis/build/icyphy/ptII/lib/netty-common-4.1.19.Final.jar:/home/travis/build/icyphy/ptII/lib/netty-handler-4.1.19.Final.jar:/home/travis/build/icyphy/ptII/lib/netty-resolver-4.1.19.Final.jar:/home/travis/build/icyphy/ptII/lib/netty-resolver-dns-4.1.19.Final.jar:/home/travis/build/icyphy/ptII/lib/netty-transport-4.1.19.Final.jar:/home/travis/build/icyphy/ptII/lib/vertx-codegen-3.5.1.jar:/home/travis/build/icyphy/ptII/lib/vertx-core-3.5.2-SNAPSHOT.jar:/home/travis/build/icyphy/ptII/lib/vertx-hazelcast-3.5.1.jar:/home/travis/build/icyphy/ptII/lib/vertx-lang-js-3.5.1.jar:/home/travis/build/icyphy/ptII/lib/vertx-service-proxy-3.5.1.jar:/home/travis/build/icyphy/ptII/lib/vertx-web-3.5.1.jar:/home/travis/build/icyphy/ptII/lib/slf4j-api-1.7.13.jar:/home/travis/build/icyphy/ptII/lib/slf4j-simple-1.7.13.jar:/home/travis/build/icyphy/ptII/lib/webcam-capture-0.3.12.jar:/home/travis/build/icyphy/ptII/lib/bridj-0.7.0.jar:/home/travis/build/icyphy/ptII/lib/xbjlib-1.1.0.nrjavaserial.jar:/home/travis/build/icyphy/ptII/ptolemy/moml/test:/home/travis/build/icyphy/ptII/ant/lib/ant-launcher.jar:/home/travis/build/icyphy/ptII/ant/lib/ant.jar:/home/travis/build/icyphy/ptII/ant/lib/ant-junit.jar:/home/travis/build/icyphy/ptII/ant/lib/ant-junit4.jar" />
    <property name="ant.library.dir" value="/home/travis/build/icyphy/ptII/ant/lib" />
    <property name="os.arch" value="amd64" />
    <property name="env.TRAVIS_LANGUAGE" value="node_js" />
    <property name="env.CONTINUOUS_INTEGRATION" value="true" />
    <property name="env.TRAVIS_STACK_LANGUAGES" value="__garnet__ c c++ clojure cplusplus cpp default go groovy java node_js php pure_java python ruby scala" />
    <property name="test.name" value="ptolemy.actor.lib.test.junit.JUnitTclTest" />
    <property name="sun.java.launcher" value="SUN_STANDARD" />
    <property name="env.PYTHON_CONFIGURE_OPTS" value="--enable-unicode=ucs4 --with-wide-unicode --enable-shared --enable-ipv6 --enable-loadable-sqlite-extensions --with-computed-gotos" />
    <property name="ant.core.lib" value="/home/travis/build/icyphy/ptII/ant/lib/ant.jar" />
    <property name="java.vm.specification.vendor" value="Oracle Corporation" />
    <property name="env.BCVTB_HOME" value="/home/travis/build/icyphy/ptII/lbnl" />
    <property name="file.separator" value="/" />
    <property name="spotbugs.home" value="/home/travis/build/icyphy/ptII/vendors/spotbugs-3.1.1" />
    <property name="java.runtime.version" value="1.8.0_151-b12" />
    <property name="sun.boot.class.path" value="/usr/lib/jvm/java-8-oracle/jre/lib/resources.jar:/usr/lib/jvm/java-8-oracle/jre/lib/rt.jar:/usr/lib/jvm/java-8-oracle/jre/lib/sunrsasign.jar:/usr/lib/jvm/java-8-oracle/jre/lib/jsse.jar:/usr/lib/jvm/java-8-oracle/jre/lib/jce.jar:/usr/lib/jvm/java-8-oracle/jre/lib/charsets.jar:/usr/lib/jvm/java-8-oracle/jre/lib/jfr.jar:/usr/lib/jvm/java-8-oracle/jre/classes" />
    <property name="env.ANSI_CLEAR" value="\033[0K" />
    <property name="env.HAS_JOSH_K_SEAL_OF_APPROVAL" value="true" />
    <property name="env.XDG_RUNTIME_DIR" value="/run/user/2000" />
    <property name="env.TRAVIS_OSX_IMAGE" value="" />
    <property name="env.TRAVIS_BRANCH" value="master" />
    <property name="env.TRAVIS_JOB_ID" value="494690622" />
    <property name="user.country" value="US" />
    <property name="env.CERTI_HOME_TRAVIS" value="/home/travis/pthla/certi-tools" />
    <property name="env.SHELL" value="/bin/bash" />
    <property name="java.maxmemory.large" value="5000m" />
    <property name="model" value="" />
    <property name="env.CASHER_DIR" value="/home/travis/.casher" />
    <property name="env.NVM_CD_FLAGS" value="" />
    <property name="jshint.executable" value="/home/travis/node_modules/jshint/bin/jshint" />
    <property name="java.vendor" value="Oracle Corporation" />
    <property name="env.JRUBY_OPTS" value=" --client -J-XX:+TieredCompilation -J-XX:TieredStopAtLevel=1 -J-Xss2m -Xcompile.invokedynamic=false" />
    <property name="env.TRAVIS_PRE_CHEF_BOOTSTRAP_TIME" value="2017-12-05T19:32:55" />
    <property name="env.TRAVIS_STACK_JOB_BOARD_REGISTER" value="/.job-board-register.yml" />
    <property name="env.ELIXIR_VERSION" value="1.4.5" />
    <property name="env.ANSI_RED" value="\033[31;1m" />
    <property name="java.specification.version" value="1.8" />
    <property name="env.TRAVIS" value="true" />
    <property name="env.IRBRC" value="/home/travis/.rvm/rubies/ruby-2.4.1/.irbrc" />
    <property name="sun.arch.data.model" value="64" />
  </properties>
  <testcase classname="ptolemy.util.test.junit.TclTests" name="[0] /home/travis/build/icyphy/ptII/ptolemy/domains/de/test/DependencyLoop.tcl (RunTclFile)" time="0.74" />
  <testcase classname="ptolemy.util.test.junit.TclTests" name="[1] /home/travis/build/icyphy/ptII/ptolemy/domains/de/test/RunDETestsAsQSS.tcl (RunTclFile)" time="88.53" />
  <testcase classname="ptolemy.util.test.junit.AutoKnownFailedTests" name="[0] /home/travis/build/icyphy/ptII/ptolemy/domains/de/test/auto/knownFailedTests/DESDFClockTest.xml (RunModel)" time="2.033" />
  <testcase classname="ptolemy.util.test.junit.AutoKnownFailedTests" name="[1] /home/travis/build/icyphy/ptII/ptolemy/domains/de/test/auto/knownFailedTests/DirectFeedback.xml (RunModel)" time="0.013" />
  <testcase classname="ptolemy.util.test.junit.AutoKnownFailedTests" name="[2] /home/travis/build/icyphy/ptII/ptolemy/domains/de/test/auto/knownFailedTests/FSMSource.xml (RunModel)" time="0.029" />
  <testcase classname="ptolemy.util.test.junit.AutoKnownFailedTests" name="[3] /home/travis/build/icyphy/ptII/ptolemy/domains/de/test/auto/knownFailedTests/HierarchicalModel.xml (RunModel)" time="0.034" />
  <testcase classname="ptolemy.util.test.junit.AutoKnownFailedTests" name="[4] /home/travis/build/icyphy/ptII/ptolemy/domains/de/test/auto/knownFailedTests/dependencyLoop.xml (RunModel)" time="0.035" />
  <testcase classname="ptolemy.util.test.junit.AutoKnownFailedTests" name="[5] /home/travis/build/icyphy/ptII/ptolemy/domains/de/test/auto/knownFailedTests/dependencyLoop2.xml (RunModel)" time="0.032" />
  <testcase classname="ptolemy.util.test.junit.AutoNameArchTests" name="[0] ThereAreNoAutoArchTests (RunModel)" time="0.001" />
  <testcase classname="ptolemy.util.test.junit.AutoTests" name="[0] /home/travis/build/icyphy/ptII/ptolemy/domains/de/test/auto/ActorDepthCalculation_actorWithoutPorts.xml (RunModel)" time="0.016" />
  <testcase classname="ptolemy.util.test.junit.AutoTests" name="[1] /home/travis/build/icyphy/ptII/ptolemy/domains/de/test/auto/AssemblyLine.xml (RunModel)" time="0.02" />
  <testcase classname="ptolemy.util.test.junit.AutoTests" name="[2] /home/travis/build/icyphy/ptII/ptolemy/domains/de/test/auto/CQBug1.xml (RunModel)" time="0.008" />
  <testcase classname="ptolemy.util.test.junit.AutoTests" name="[3] /home/travis/build/icyphy/ptII/ptolemy/domains/de/test/auto/CancelFireAt.xml (RunModel)" time="0.006" />
  <testcase classname="ptolemy.util.test.junit.AutoTests" name="[4] /home/travis/build/icyphy/ptII/ptolemy/domains/de/test/auto/CausalityAndComposabilityAnalysis.xml (RunModel)" time="0.011" />
  <testcase classname="ptolemy.util.test.junit.AutoTests" name="[5] /home/travis/build/icyphy/ptII/ptolemy/domains/de/test/auto/CausalityInterface1.xml (RunModel)" time="0.011" />
  <testcase classname="ptolemy.util.test.junit.AutoTests" name="[6] /home/travis/build/icyphy/ptII/ptolemy/domains/de/test/auto/CausalityInterface15.xml (RunModel)" time="0.011" />
  <testcase classname="ptolemy.util.test.junit.AutoTests" name="[7] /home/travis/build/icyphy/ptII/ptolemy/domains/de/test/auto/CausalityInterface2.xml (RunModel)" time="0.008" />
  <testcase classname="ptolemy.util.test.junit.AutoTests" name="[8] /home/travis/build/icyphy/ptII/ptolemy/domains/de/test/auto/CausalityInterface3.xml (RunModel)" time="0.008" />
  <testcase classname="ptolemy.util.test.junit.AutoTests" name="[9] /home/travis/build/icyphy/ptII/ptolemy/domains/de/test/auto/ClockDrift.xml (RunModel)" time="0.036" />
  <testcase classname="ptolemy.util.test.junit.AutoTests" name="[10] /home/travis/build/icyphy/ptII/ptolemy/domains/de/test/auto/ClockDriftAndValueChange.xml (RunModel)" time="0.023" />
  <testcase classname="ptolemy.util.test.junit.AutoTests" name="[11] /home/travis/build/icyphy/ptII/ptolemy/domains/de/test/auto/ClockDriftChange.xml (RunModel)" time="0.024" />
  <testcase classname="ptolemy.util.test.junit.AutoTests" name="[12] /home/travis/build/icyphy/ptII/ptolemy/domains/de/test/auto/ComposableCausalityAnalysis.xml (RunModel)" time="0.015" />
  <testcase classname="ptolemy.util.test.junit.AutoTests" name="[13] /home/travis/build/icyphy/ptII/ptolemy/domains/de/test/auto/DEFixedPointLimitation.xml (RunModel)" time="0.007" />
  <testcase classname="ptolemy.util.test.junit.AutoTests" name="[14] /home/travis/build/icyphy/ptII/ptolemy/domains/de/test/auto/DEScheduleTest.xml (RunModel)" time="0.022" />
  <testcase classname="ptolemy.util.test.junit.AutoTests" name="[15] /home/travis/build/icyphy/ptII/ptolemy/domains/de/test/auto/DEinDEwithStartTimes.xml (RunModel)" time="0.028" />
  <testcase classname="ptolemy.util.test.junit.AutoTests" name="[16] /home/travis/build/icyphy/ptII/ptolemy/domains/de/test/auto/DEinDEwithStartTimes2.xml (RunModel)" time="0.013" />
  <testcase classname="ptolemy.util.test.junit.AutoTests" name="[17] /home/travis/build/icyphy/ptII/ptolemy/domains/de/test/auto/DateDemo.xml (RunModel)" time="0.022" />
  <testcase classname="ptolemy.util.test.junit.AutoTests" name="[18] /home/travis/build/icyphy/ptII/ptolemy/domains/de/test/auto/DateToEvent.xml (RunModel)" time="2.03" />
  <testcase classname="ptolemy.util.test.junit.AutoTests" name="[19] /home/travis/build/icyphy/ptII/ptolemy/domains/de/test/auto/DepthTest1.xml (RunModel)" time="0.008" />
  <testcase classname="ptolemy.util.test.junit.AutoTests" name="[20] /home/travis/build/icyphy/ptII/ptolemy/domains/de/test/auto/DepthTest2.xml (RunModel)" time="0.016" />
  <testcase classname="ptolemy.util.test.junit.AutoTests" name="[21] /home/travis/build/icyphy/ptII/ptolemy/domains/de/test/auto/DepthTest3.xml (RunModel)" time="0.006" />
  <testcase classname="ptolemy.util.test.junit.AutoTests" name="[22] /home/travis/build/icyphy/ptII/ptolemy/domains/de/test/auto/DepthTest4.xml (RunModel)" time="0.011" />
  <testcase classname="ptolemy.util.test.junit.AutoTests" name="[23] /home/travis/build/icyphy/ptII/ptolemy/domains/de/test/auto/DepthTest5.xml (RunModel)" time="0.013" />
  <testcase classname="ptolemy.util.test.junit.AutoTests" name="[24] /home/travis/build/icyphy/ptII/ptolemy/domains/de/test/auto/DepthTest6.xml (RunModel)" time="0.011" />
  <testcase classname="ptolemy.util.test.junit.AutoTests" name="[25] /home/travis/build/icyphy/ptII/ptolemy/domains/de/test/auto/DepthTest7.xml (RunModel)" time="0.011" />
  <testcase classname="ptolemy.util.test.junit.AutoTests" name="[26] /home/travis/build/icyphy/ptII/ptolemy/domains/de/test/auto/EventToDate.xml (RunModel)" time="3.031" />
  <testcase classname="ptolemy.util.test.junit.AutoTests" name="[27] /home/travis/build/icyphy/ptII/ptolemy/domains/de/test/auto/FSM1.xml (RunModel)" time="0.026" />
  <testcase classname="ptolemy.util.test.junit.AutoTests" name="[28] /home/travis/build/icyphy/ptII/ptolemy/domains/de/test/auto/FSM7.xml (RunModel)" time="0.05" />
  <testcase classname="ptolemy.util.test.junit.AutoTests" name="[29] /home/travis/build/icyphy/ptII/ptolemy/domains/de/test/auto/Inspection.xml (RunModel)" time="0.047" />
  <testcase classname="ptolemy.util.test.junit.AutoTests" name="[30] /home/travis/build/icyphy/ptII/ptolemy/domains/de/test/auto/Iteration.xml (RunModel)" time="0.021" />
  <testcase classname="ptolemy.util.test.junit.AutoTests" name="[31] /home/travis/build/icyphy/ptII/ptolemy/domains/de/test/auto/LineFault.xml (RunModel)" time="0.583" />
  <testcase classname="ptolemy.util.test.junit.AutoTests" name="[32] /home/travis/build/icyphy/ptII/ptolemy/domains/de/test/auto/MergeModel1Add.xml (RunModel)" time="0.038" />
  <testcase classname="ptolemy.util.test.junit.AutoTests" name="[33] /home/travis/build/icyphy/ptII/ptolemy/domains/de/test/auto/MergeModel2Add.xml (RunModel)" time="0.031" />
  <testcase classname="ptolemy.util.test.junit.AutoTests" name="[34] /home/travis/build/icyphy/ptII/ptolemy/domains/de/test/auto/MergeModel3Add.xml (RunModel)" time="0.032" />
  <testcase classname="ptolemy.util.test.junit.AutoTests" name="[35] /home/travis/build/icyphy/ptII/ptolemy/domains/de/test/auto/MergeWithoutDiscard.xml (RunModel)" time="0.009" />
  <testcase classname="ptolemy.util.test.junit.AutoTests" name="[36] /home/travis/build/icyphy/ptII/ptolemy/domains/de/test/auto/Modal1.xml (RunModel)" time="0.026" />
  <testcase classname="ptolemy.util.test.junit.AutoTests" name="[37] /home/travis/build/icyphy/ptII/ptolemy/domains/de/test/auto/Modal2.xml (RunModel)" time="0.026" />
  <testcase classname="ptolemy.util.test.junit.AutoTests" name="[38] /home/travis/build/icyphy/ptII/ptolemy/domains/de/test/auto/Modal3.xml (RunModel)" time="0.025" />
  <testcase classname="ptolemy.util.test.junit.AutoTests" name="[39] /home/travis/build/icyphy/ptII/ptolemy/domains/de/test/auto/Modal4.xml (RunModel)" time="0.026" />
  <testcase classname="ptolemy.util.test.junit.AutoTests" name="[40] /home/travis/build/icyphy/ptII/ptolemy/domains/de/test/auto/Modal5.xml (RunModel)" time="0.025" />
  <testcase classname="ptolemy.util.test.junit.AutoTests" name="[41] /home/travis/build/icyphy/ptII/ptolemy/domains/de/test/auto/Modal6.xml (RunModel)" time="0.025" />
  <testcase classname="ptolemy.util.test.junit.AutoTests" name="[42] /home/travis/build/icyphy/ptII/ptolemy/domains/de/test/auto/Modal7.xml (RunModel)" time="0.024" />
  <testcase classname="ptolemy.util.test.junit.AutoTests" name="[43] /home/travis/build/icyphy/ptII/ptolemy/domains/de/test/auto/ModalModel.xml (RunModel)" time="0.132" />
  <testcase classname="ptolemy.util.test.junit.AutoTests" name="[44] /home/travis/build/icyphy/ptII/ptolemy/domains/de/test/auto/ModalSource.xml (RunModel)" time="0.016" />
  <testcase classname="ptolemy.util.test.junit.AutoTests" name="[45] /home/travis/build/icyphy/ptII/ptolemy/domains/de/test/auto/NonInterruptibleTimerZeroDelay.xml (RunModel)" time="0.009" />
  <testcase classname="ptolemy.util.test.junit.AutoTests" name="[46] /home/travis/build/icyphy/ptII/ptolemy/domains/de/test/auto/OpenQueueingNetwork.xml (RunModel)" time="2.19" />
  <testcase classname="ptolemy.util.test.junit.AutoTests" name="[47] /home/travis/build/icyphy/ptII/ptolemy/domains/de/test/auto/OpenQueuingNetwork.xml (RunModel)" time="0.273" />
  <testcase classname="ptolemy.util.test.junit.AutoTests" name="[48] /home/travis/build/icyphy/ptII/ptolemy/domains/de/test/auto/PeriodicSampler.xml (RunModel)" time="0.007" />
  <testcase classname="ptolemy.util.test.junit.AutoTests" name="[49] /home/travis/build/icyphy/ptII/ptolemy/domains/de/test/auto/PersistentIO.xml (RunModel)" time="0.017" />
  <testcase classname="ptolemy.util.test.junit.AutoTests" name="[50] /home/travis/build/icyphy/ptII/ptolemy/domains/de/test/auto/PortParameterResetOnInitialize.xml (RunModel)" time="0.008" />
  <testcase classname="ptolemy.util.test.junit.AutoTests" name="[51] /home/travis/build/icyphy/ptII/ptolemy/domains/de/test/auto/PortParameterUpdates.xml (RunModel)" time="0.012" />
  <testcase classname="ptolemy.util.test.junit.AutoTests" name="[52] /home/travis/build/icyphy/ptII/ptolemy/domains/de/test/auto/QueueAndServer.xml (RunModel)" time="0.017" />
  <testcase classname="ptolemy.util.test.junit.AutoTests" name="[53] /home/travis/build/icyphy/ptII/ptolemy/domains/de/test/auto/Records.xml (RunModel)" time="0.011" />
  <testcase classname="ptolemy.util.test.junit.AutoTests" name="[54] /home/travis/build/icyphy/ptII/ptolemy/domains/de/test/auto/ResetTransitionWithStartTime1.xml (RunModel)" time="0.016" />
  <testcase classname="ptolemy.util.test.junit.AutoTests" name="[55] /home/travis/build/icyphy/ptII/ptolemy/domains/de/test/auto/ResetTransitionWithStartTime2.xml (RunModel)" time="0.015" />
  <testcase classname="ptolemy.util.test.junit.AutoTests" name="[56] /home/travis/build/icyphy/ptII/ptolemy/domains/de/test/auto/ResetTransitionWithStartTime3.xml (RunModel)" time="0.015" />
  <testcase classname="ptolemy.util.test.junit.AutoTests" name="[57] /home/travis/build/icyphy/ptII/ptolemy/domains/de/test/auto/ResetTransitionWithStartTime4.xml (RunModel)" time="0.024" />
  <testcase classname="ptolemy.util.test.junit.AutoTests" name="[58] /home/travis/build/icyphy/ptII/ptolemy/domains/de/test/auto/ResettableTimer1.xml (RunModel)" time="0.009" />
  <testcase classname="ptolemy.util.test.junit.AutoTests" name="[59] /home/travis/build/icyphy/ptII/ptolemy/domains/de/test/auto/ResettableTimer2.xml (RunModel)" time="0.009" />
  <testcase classname="ptolemy.util.test.junit.AutoTests" name="[60] /home/travis/build/icyphy/ptII/ptolemy/domains/de/test/auto/ResettableTimer3.xml (RunModel)" time="0.008" />
  <testcase classname="ptolemy.util.test.junit.AutoTests" name="[61] /home/travis/build/icyphy/ptII/ptolemy/domains/de/test/auto/ResettableTimer4.xml (RunModel)" time="0.008" />
  <testcase classname="ptolemy.util.test.junit.AutoTests" name="[62] /home/travis/build/icyphy/ptII/ptolemy/domains/de/test/auto/ResettableTimer5.xml (RunModel)" time="0.01" />
  <testcase classname="ptolemy.util.test.junit.AutoTests" name="[63] /home/travis/build/icyphy/ptII/ptolemy/domains/de/test/auto/ResettableTimer6.xml (RunModel)" time="0.012" />
  <testcase classname="ptolemy.util.test.junit.AutoTests" name="[64] /home/travis/build/icyphy/ptII/ptolemy/domains/de/test/auto/ServerZeroDelay.xml (RunModel)" time="0.01" />
  <testcase classname="ptolemy.util.test.junit.AutoTests" name="[65] /home/travis/build/icyphy/ptII/ptolemy/domains/de/test/auto/SmartSender.xml (RunModel)" time="3.007" />
  <testcase classname="ptolemy.util.test.junit.AutoTests" name="[66] /home/travis/build/icyphy/ptII/ptolemy/domains/de/test/auto/ThreadedComposite.xml (RunModel)" time="0.125" />
  <testcase classname="ptolemy.util.test.junit.AutoTests" name="[67] /home/travis/build/icyphy/ptII/ptolemy/domains/de/test/auto/Time.xml (RunModel)" time="0.419" />
  <testcase classname="ptolemy.util.test.junit.AutoTests" name="[68] /home/travis/build/icyphy/ptII/ptolemy/domains/de/test/auto/TimeDelayZeroDelay.xml (RunModel)" time="0.012" />
  <testcase classname="ptolemy.util.test.junit.AutoTests" name="[69] /home/travis/build/icyphy/ptII/ptolemy/domains/de/test/auto/TimerZeroDelay.xml (RunModel)" time="0.009" />
  <testcase classname="ptolemy.util.test.junit.AutoTests" name="[70] /home/travis/build/icyphy/ptII/ptolemy/domains/de/test/auto/TimingParadox.xml (RunModel)" time="0.334" />
  <testcase classname="ptolemy.util.test.junit.AutoTests" name="[71] /home/travis/build/icyphy/ptII/ptolemy/domains/de/test/auto/TransferInputs.xml (RunModel)" time="0.02" />
  <testcase classname="ptolemy.util.test.junit.AutoTests" name="[72] /home/travis/build/icyphy/ptII/ptolemy/domains/de/test/auto/TransferOutputs2.xml (RunModel)" time="0.016" />
  <testcase classname="ptolemy.util.test.junit.AutoTests" name="[73] /home/travis/build/icyphy/ptII/ptolemy/domains/de/test/auto/Trilateration.xml (RunModel)" time="11.468" />
  <testcase classname="ptolemy.util.test.junit.AutoTests" name="[74] /home/travis/build/icyphy/ptII/ptolemy/domains/de/test/auto/TwoSigmaDelta.xml (RunModel)" time="1.974" />
  <testcase classname="ptolemy.util.test.junit.AutoTests" name="[75] /home/travis/build/icyphy/ptII/ptolemy/domains/de/test/auto/VariableDelay.xml (RunModel)" time="0.012" />
  <testcase classname="ptolemy.util.test.junit.AutoTests" name="[76] /home/travis/build/icyphy/ptII/ptolemy/domains/de/test/auto/VariableDelay2.xml (RunModel)" time="0.009" />
  <testcase classname="ptolemy.util.test.junit.AutoTests" name="[77] /home/travis/build/icyphy/ptII/ptolemy/domains/de/test/auto/VariableDelayZeroDelay.xml (RunModel)" time="0.008" />
  <testcase classname="ptolemy.util.test.junit.AutoTests" name="[78] /home/travis/build/icyphy/ptII/ptolemy/domains/de/test/auto/VariableDelayZeroDelay2.xml (RunModel)" time="0.008" />
  <testcase classname="ptolemy.util.test.junit.AutoTests" name="[79] /home/travis/build/icyphy/ptII/ptolemy/domains/de/test/auto/deInCt.xml (RunModel)" time="0.012" />
  <testcase classname="ptolemy.util.test.junit.AutoTests" name="[80] /home/travis/build/icyphy/ptII/ptolemy/domains/de/test/auto/deInCt2.xml (RunModel)" time="0.018" />
  <testcase classname="ptolemy.util.test.junit.AutoTests" name="[81] /home/travis/build/icyphy/ptII/ptolemy/domains/de/test/auto/dynamicCausalityInterface1.xml (RunModel)" time="0.016" />
  <testcase classname="ptolemy.util.test.junit.AutoTests" name="[82] /home/travis/build/icyphy/ptII/ptolemy/domains/de/test/auto/fsm_de_test.xml (RunModel)" time="0.02" />
  <testcase classname="ptolemy.util.test.junit.AutoTests" name="[83] /home/travis/build/icyphy/ptII/ptolemy/domains/de/test/auto/functionDependencyReconstruction.xml (RunModel)" time="0.029" />
  <testcase classname="ptolemy.util.test.junit.AutoTests" name="[84] /home/travis/build/icyphy/ptII/ptolemy/domains/de/test/auto/multirate.xml (RunModel)" time="0.014" />
  <testcase classname="ptolemy.util.test.junit.AutoTests" name="[85] /home/travis/build/icyphy/ptII/ptolemy/domains/de/test/auto/multirate2.xml (RunModel)" time="0.013" />
  <testcase classname="ptolemy.util.test.junit.AutoTests" name="[86] /home/travis/build/icyphy/ptII/ptolemy/domains/de/test/auto/realtime.xml (RunModel)" time="10.009" />
  <testcase classname="ptolemy.util.test.junit.AutoTests" name="[87] /home/travis/build/icyphy/ptII/ptolemy/domains/de/test/auto/relationGroup.xml (RunModel)" time="0.009" />
  <testcase classname="ptolemy.util.test.junit.AutoTests" name="[88] /home/travis/build/icyphy/ptII/ptolemy/domains/de/test/auto/relationGroup2.xml (RunModel)" time="0.006" />
  <testcase classname="ptolemy.util.test.junit.AutoTests" name="[89] /home/travis/build/icyphy/ptII/ptolemy/domains/de/test/auto/sortWithOpaquePorts.xml (RunModel)" time="0.007" />
  <testcase classname="ptolemy.util.test.junit.AutoTests" name="[90] /home/travis/build/icyphy/ptII/ptolemy/domains/de/test/auto/transferInputsandOutputs.xml (RunModel)" time="0.01" />
  <testcase classname="ptolemy.util.test.junit.AutoTests" name="[91] /home/travis/build/icyphy/ptII/ptolemy/domains/de/test/auto/triggerType.xml (RunModel)" time="0.008" />
  <system-out><![CDATA[/home/travis/build/icyphy/ptII/ptolemy/domains/de/test/DependencyLoop.tcl
testDefs.tcl: setting time out to 9000 seconds at Mon Feb 18 03:34:37 UTC 2019
14 ms. Memory: 116224K Free: 97479K (84%)
23 ms. Memory: 146944K Free: 140874K (96%)
/home/travis/build/icyphy/ptII/ptolemy/domains/de/test/RunDETestsAsQSS.tcl
Run the DE tests using ptolemy.domains.qss.test.QSSDirectorTest, which extends QSSDirector and prints a message in the constructors.
------------------ testing $PTII/ptolemy/domains/de/test/auto/knownFailedTests/dependencyLoop.xml (Known Failure) 
6 ms. Memory: 146944K Free: 136621K (93%)


==== $PTIIhome/travis/build/icyphy/ptII/ptolemy/domains/de/test/../../../../: Auto Automatic test in file $PTII/ptolemy/domains/de/test/auto/knownFailedTests/dependencyLoop.xml
==== Contents of test case:

	    # FIXME: we should use $relativeFilename here, but it
	    # might have backslashes under Windows, which causes no end
	    # of trouble.
	    createAndExecute $file
	    list {}
	
.... Test generated KNOWN error:
    while executing
ptolemy.kernel.util.IllegalActionException: Found a zero delay loop containing .dependencyLoop.original
  in .dependencyLoop and .dependencyLoop.original
	at ptolemy.actor.util.CausalityInterfaceForComposites._computeOutputPortDepth(CausalityInterfaceForComposites.java:759)
	at ptolemy.actor.util.CausalityInterfaceForComposites._computeInputDepth(CausalityInterfaceForComposites.java:696)
	at ptolemy.actor.util.CausalityInterfaceForComposites._computeOutputPortDepth(CausalityInterfaceForComposites.java:765)
	at ptolemy.actor.util.CausalityInterfaceForComposites._computeInputDepth(CausalityInterfaceForComposites.java:696)
	at ptolemy.actor.util.CausalityInterfaceForComposites._computeOutputPortDepth(CausalityInterfaceForComposites.java:765)
	at ptolemy.actor.util.CausalityInterfaceForComposites._computeInputDepth(CausalityInterfaceForComposites.java:696)
	at ptolemy.actor.util.CausalityInterfaceForComposites._computeActorDepth(CausalityInterfaceForComposites.java:532)
	at ptolemy.actor.util.CausalityInterfaceForComposites.checkForCycles(CausalityInterfaceForComposites.java:96)
	at ptolemy.domains.de.kernel.DEDirector.preinitialize(DEDirector.java:1338)
	at ptolemy.actor.CompositeActor.preinitialize(CompositeActor.java:1828)
	at ptolemy.actor.Manager.preinitializeAndResolveTypes(Manager.java:1040)
	at ptolemy.actor.Manager.initialize(Manager.java:710)
	at ptolemy.actor.Manager.execute(Manager.java:356)
	at ptolemy.actor.Manager.run(Manager.java:1263)
	at ptolemy.actor.Manager$PtolemyRunThread.run(Manager.java:1915)

    while executing
ptolemy.kernel.util.IllegalActionException: Found a zero delay loop containing .dependencyLoop.original
  in .dependencyLoop and .dependencyLoop.original
    while executing
"java::new ptolemy.moml.MoMLSimpleApplication $file
"
    (procedure "createAndExecute" line 2)
    invoked from within
"createAndExecute $file"
    ("uplevel" body line 5)
    invoked from within
"uplevel $contents_of_test"
------------------ testing $PTII/ptolemy/domains/de/test/auto/knownFailedTests/DESDFClockTest.xml (Known Failure) 
2058 ms. Memory: 146944K Free: 120976K (82%)


==== $PTIIhome/travis/build/icyphy/ptII/ptolemy/domains/de/test/../../../../: Auto Automatic test in file $PTII/ptolemy/domains/de/test/auto/knownFailedTests/DESDFClockTest.xml
==== Contents of test case:

	    # FIXME: we should use $relativeFilename here, but it
	    # might have backslashes under Windows, which causes no end
	    # of trouble.
	    createAndExecute $file
	    list {}
	
.... Test generated KNOWN error:
    while executing
ptolemy.kernel.util.IllegalActionException: Actor is not ready to fire.  Perhaps UpSample.prefire() returned false? Try debugging the actor by selecting "Listen to Actor".  Also, for SDF check moml for tokenConsumptionRate on input.
  in .DESDFClockTest.Play Bell.Copy1:SDF Director and .DESDFClockTest.Play Bell.UpSample
	at ptolemy.actor.sched.StaticSchedulingDirector.fire(StaticSchedulingDirector.java:227)
	at ptolemy.domains.sdf.kernel.SDFDirector.fire(SDFDirector.java:500)
	at ptolemy.actor.CompositeActor.fire(CompositeActor.java:455)
	at ptolemy.domains.de.kernel.DEDirector._fire(DEDirector.java:1949)
	at ptolemy.domains.de.kernel.DEDirector.fire(DEDirector.java:502)
	at ptolemy.actor.CompositeActor.fire(CompositeActor.java:455)
	at ptolemy.actor.Manager.iterate(Manager.java:851)
	at ptolemy.actor.Manager.execute(Manager.java:369)
	at ptolemy.actor.Manager.run(Manager.java:1263)
	at ptolemy.actor.Manager$PtolemyRunThread.run(Manager.java:1915)

    while executing
ptolemy.kernel.util.IllegalActionException: Actor is not ready to fire.  Perhaps UpSample.prefire() returned false? Try debugging the actor by selecting "Listen to Actor".  Also, for SDF check moml for tokenConsumptionRate on input.
  in .DESDFClockTest.Play Bell.Copy1:SDF Director and .DESDFClockTest.Play Bell.UpSample
    while executing
"java::new ptolemy.moml.MoMLSimpleApplication $file
"
    (procedure "createAndExecute" line 2)
    invoked from within
"createAndExecute $file"
    ("uplevel" body line 5)
    invoked from within
"uplevel $contents_of_test"
------------------ testing $PTII/ptolemy/domains/de/test/auto/knownFailedTests/FSMSource.xml (Known Failure) 
24 ms. Memory: 146944K Free: 111586K (76%)
!!!! Auto was marked as failing, but now passes
------------------ testing $PTII/ptolemy/domains/de/test/auto/knownFailedTests/dependencyLoop2.xml (Known Failure) 
9 ms. Memory: 146944K Free: 109695K (75%)


==== $PTIIhome/travis/build/icyphy/ptII/ptolemy/domains/de/test/../../../../: Auto Automatic test in file $PTII/ptolemy/domains/de/test/auto/knownFailedTests/dependencyLoop2.xml
==== Contents of test case:

	    # FIXME: we should use $relativeFilename here, but it
	    # might have backslashes under Windows, which causes no end
	    # of trouble.
	    createAndExecute $file
	    list {}
	
.... Test generated KNOWN error:
    while executing
ptolemy.kernel.util.IllegalActionException: Found a zero delay loop containing .dependencyLoop2.original
  in .dependencyLoop2 and .dependencyLoop2.original
	at ptolemy.actor.util.CausalityInterfaceForComposites._computeOutputPortDepth(CausalityInterfaceForComposites.java:759)
	at ptolemy.actor.util.CausalityInterfaceForComposites._computeInputDepth(CausalityInterfaceForComposites.java:696)
	at ptolemy.actor.util.CausalityInterfaceForComposites._computeOutputPortDepth(CausalityInterfaceForComposites.java:765)
	at ptolemy.actor.util.CausalityInterfaceForComposites._computeInputDepth(CausalityInterfaceForComposites.java:696)
	at ptolemy.actor.util.CausalityInterfaceForComposites._computeOutputPortDepth(CausalityInterfaceForComposites.java:765)
	at ptolemy.actor.util.CausalityInterfaceForComposites._computeInputDepth(CausalityInterfaceForComposites.java:696)
	at ptolemy.actor.util.CausalityInterfaceForComposites._computeActorDepth(CausalityInterfaceForComposites.java:532)
	at ptolemy.actor.util.CausalityInterfaceForComposites.checkForCycles(CausalityInterfaceForComposites.java:96)
	at ptolemy.domains.de.kernel.DEDirector.preinitialize(DEDirector.java:1338)
	at ptolemy.actor.CompositeActor.preinitialize(CompositeActor.java:1828)
	at ptolemy.actor.Manager.preinitializeAndResolveTypes(Manager.java:1040)
	at ptolemy.actor.Manager.initialize(Manager.java:710)
	at ptolemy.actor.Manager.execute(Manager.java:356)
	at ptolemy.actor.Manager.run(Manager.java:1263)
	at ptolemy.actor.Manager$PtolemyRunThread.run(Manager.java:1915)

    while executing
ptolemy.kernel.util.IllegalActionException: Found a zero delay loop containing .dependencyLoop2.original
  in .dependencyLoop2 and .dependencyLoop2.original
    while executing
"java::new ptolemy.moml.MoMLSimpleApplication $file
"
    (procedure "createAndExecute" line 2)
    invoked from within
"createAndExecute $file"
    ("uplevel" body line 5)
    invoked from within
"uplevel $contents_of_test"
------------------ testing $PTII/ptolemy/domains/de/test/auto/knownFailedTests/HierarchicalModel.xml (Known Failure) 
5 ms. Memory: 146944K Free: 89489K (61%)


==== $PTIIhome/travis/build/icyphy/ptII/ptolemy/domains/de/test/../../../../: Auto Automatic test in file $PTII/ptolemy/domains/de/test/auto/knownFailedTests/HierarchicalModel.xml
==== Contents of test case:

	    # FIXME: we should use $relativeFilename here, but it
	    # might have backslashes under Windows, which causes no end
	    # of trouble.
	    createAndExecute $file
	    list {}
	
.... Test generated KNOWN error:
    while executing
ptolemy.kernel.util.IllegalActionException: Found a zero delay loop containing .HierarchicalModel.A
  in .HierarchicalModel and .HierarchicalModel.A
	at ptolemy.actor.util.CausalityInterfaceForComposites._computeOutputPortDepth(CausalityInterfaceForComposites.java:759)
	at ptolemy.actor.util.CausalityInterfaceForComposites._computeInputDepth(CausalityInterfaceForComposites.java:696)
	at ptolemy.actor.util.CausalityInterfaceForComposites._computeOutputPortDepth(CausalityInterfaceForComposites.java:765)
	at ptolemy.actor.util.CausalityInterfaceForComposites._computeInputDepth(CausalityInterfaceForComposites.java:696)
	at ptolemy.actor.util.CausalityInterfaceForComposites._computeOutputPortDepth(CausalityInterfaceForComposites.java:765)
	at ptolemy.actor.util.CausalityInterfaceForComposites._computeInputDepth(CausalityInterfaceForComposites.java:696)
	at ptolemy.actor.util.CausalityInterfaceForComposites._computeActorDepth(CausalityInterfaceForComposites.java:532)
	at ptolemy.actor.util.CausalityInterfaceForComposites.checkForCycles(CausalityInterfaceForComposites.java:96)
	at ptolemy.domains.de.kernel.DEDirector.preinitialize(DEDirector.java:1338)
	at ptolemy.actor.CompositeActor.preinitialize(CompositeActor.java:1828)
	at ptolemy.actor.Manager.preinitializeAndResolveTypes(Manager.java:1040)
	at ptolemy.actor.Manager.initialize(Manager.java:710)
	at ptolemy.actor.Manager.execute(Manager.java:356)
	at ptolemy.actor.Manager.run(Manager.java:1263)
	at ptolemy.actor.Manager$PtolemyRunThread.run(Manager.java:1915)

    while executing
ptolemy.kernel.util.IllegalActionException: Found a zero delay loop containing .HierarchicalModel.A
  in .HierarchicalModel and .HierarchicalModel.A
    while executing
"java::new ptolemy.moml.MoMLSimpleApplication $file
"
    (procedure "createAndExecute" line 2)
    invoked from within
"createAndExecute $file"
    ("uplevel" body line 5)
    invoked from within
"uplevel $contents_of_test"
------------------ testing $PTII/ptolemy/domains/de/test/auto/knownFailedTests/DirectFeedback.xml (Known Failure) 
9 ms. Memory: 146944K Free: 85332K (58%)


==== $PTIIhome/travis/build/icyphy/ptII/ptolemy/domains/de/test/../../../../: Auto Automatic test in file $PTII/ptolemy/domains/de/test/auto/knownFailedTests/DirectFeedback.xml
==== Contents of test case:

	    # FIXME: we should use $relativeFilename here, but it
	    # might have backslashes under Windows, which causes no end
	    # of trouble.
	    createAndExecute $file
	    list {}
	
.... Test generated KNOWN error:
    while executing
ptolemy.kernel.util.IllegalActionException: Test fails in iteration 1.
Value was: 1.0. Should have been: 2.0
  in .DirectFeedback.Test
	at ptolemy.actor.lib.Test.fire(Test.java:268)
	at ptolemy.domains.de.kernel.DEDirector._fire(DEDirector.java:1949)
	at ptolemy.domains.de.kernel.DEDirector.fire(DEDirector.java:502)
	at ptolemy.actor.CompositeActor.fire(CompositeActor.java:455)
	at ptolemy.actor.Manager.iterate(Manager.java:851)
	at ptolemy.actor.Manager.execute(Manager.java:369)
	at ptolemy.actor.Manager.run(Manager.java:1263)
	at ptolemy.actor.Manager$PtolemyRunThread.run(Manager.java:1915)

    while executing
ptolemy.kernel.util.IllegalActionException: Test fails in iteration 1.
Value was: 1.0. Should have been: 2.0
  in .DirectFeedback.Test
    while executing
"java::new ptolemy.moml.MoMLSimpleApplication $file
"
    (procedure "createAndExecute" line 2)
    invoked from within
"createAndExecute $file"
    ("uplevel" body line 5)
    invoked from within
"uplevel $contents_of_test"
------------------ testing $PTII/ptolemy/domains/de/test/auto/ActorDepthCalculation_actorWithoutPorts.xml
auto.tcl: Setting watchdog for 200 seconds at Mon Feb 18 03:34:41 UTC 2019
5 ms. Memory: 146944K Free: 138627K (94%)
ptolemy.util.test.WatchDog.cancel(): canceling Mon Feb 18 03:34:41 UTC 2019
auto.tcl: Setting watchdog for 200 seconds at Mon Feb 18 03:34:41 UTC 2019
4 ms. Memory: 146944K Free: 136603K (93%)
ptolemy.util.test.WatchDog.cancel(): canceling Mon Feb 18 03:34:41 UTC 2019
------------------ testing $PTII/ptolemy/domains/de/test/auto/AssemblyLine.xml
auto.tcl: Setting watchdog for 200 seconds at Mon Feb 18 03:34:41 UTC 2019
56 ms. Memory: 208384K Free: 183456K (88%)
ptolemy.util.test.WatchDog.cancel(): canceling Mon Feb 18 03:34:41 UTC 2019
auto.tcl: Setting watchdog for 200 seconds at Mon Feb 18 03:34:41 UTC 2019
7 ms. Memory: 208384K Free: 183456K (88%)
ptolemy.util.test.WatchDog.cancel(): canceling Mon Feb 18 03:34:41 UTC 2019
------------------ testing $PTII/ptolemy/domains/de/test/auto/CQBug1.xml
auto.tcl: Setting watchdog for 200 seconds at Mon Feb 18 03:34:41 UTC 2019
3 ms. Memory: 208384K Free: 197921K (95%)
ptolemy.util.test.WatchDog.cancel(): canceling Mon Feb 18 03:34:41 UTC 2019
auto.tcl: Setting watchdog for 200 seconds at Mon Feb 18 03:34:41 UTC 2019
2 ms. Memory: 208384K Free: 197921K (95%)
ptolemy.util.test.WatchDog.cancel(): canceling Mon Feb 18 03:34:41 UTC 2019
------------------ testing $PTII/ptolemy/domains/de/test/auto/CancelFireAt.xml
auto.tcl: Setting watchdog for 200 seconds at Mon Feb 18 03:34:42 UTC 2019
4 ms. Memory: 208384K Free: 201582K (97%)
ptolemy.util.test.WatchDog.cancel(): canceling Mon Feb 18 03:34:42 UTC 2019
auto.tcl: Setting watchdog for 200 seconds at Mon Feb 18 03:34:42 UTC 2019
3 ms. Memory: 208384K Free: 199550K (96%)
ptolemy.util.test.WatchDog.cancel(): canceling Mon Feb 18 03:34:42 UTC 2019
------------------ testing $PTII/ptolemy/domains/de/test/auto/CausalityAndComposabilityAnalysis.xml
auto.tcl: Setting watchdog for 200 seconds at Mon Feb 18 03:34:42 UTC 2019
16 ms. Memory: 208384K Free: 198636K (95%)
ptolemy.util.test.WatchDog.cancel(): canceling Mon Feb 18 03:34:42 UTC 2019
auto.tcl: Setting watchdog for 200 seconds at Mon Feb 18 03:34:42 UTC 2019
5 ms. Memory: 208384K Free: 196604K (94%)
ptolemy.util.test.WatchDog.cancel(): canceling Mon Feb 18 03:34:42 UTC 2019
------------------ testing $PTII/ptolemy/domains/de/test/auto/CausalityInterface1.xml
auto.tcl: Setting watchdog for 200 seconds at Mon Feb 18 03:34:42 UTC 2019
21 ms. Memory: 208384K Free: 196534K (94%)
ptolemy.util.test.WatchDog.cancel(): canceling Mon Feb 18 03:34:42 UTC 2019
auto.tcl: Setting watchdog for 200 seconds at Mon Feb 18 03:34:42 UTC 2019
3 ms. Memory: 208384K Free: 196534K (94%)
ptolemy.util.test.WatchDog.cancel(): canceling Mon Feb 18 03:34:42 UTC 2019
------------------ testing $PTII/ptolemy/domains/de/test/auto/CausalityInterface15.xml
auto.tcl: Setting watchdog for 200 seconds at Mon Feb 18 03:34:42 UTC 2019
9 ms. Memory: 208384K Free: 197012K (95%)
ptolemy.util.test.WatchDog.cancel(): canceling Mon Feb 18 03:34:42 UTC 2019
auto.tcl: Setting watchdog for 200 seconds at Mon Feb 18 03:34:42 UTC 2019
4 ms. Memory: 208384K Free: 196493K (94%)
ptolemy.util.test.WatchDog.cancel(): canceling Mon Feb 18 03:34:42 UTC 2019
------------------ testing $PTII/ptolemy/domains/de/test/auto/CausalityInterface2.xml
auto.tcl: Setting watchdog for 200 seconds at Mon Feb 18 03:34:42 UTC 2019
7 ms. Memory: 208384K Free: 196509K (94%)
ptolemy.util.test.WatchDog.cancel(): canceling Mon Feb 18 03:34:42 UTC 2019
auto.tcl: Setting watchdog for 200 seconds at Mon Feb 18 03:34:42 UTC 2019
2 ms. Memory: 208384K Free: 196509K (94%)
ptolemy.util.test.WatchDog.cancel(): canceling Mon Feb 18 03:34:42 UTC 2019
------------------ testing $PTII/ptolemy/domains/de/test/auto/CausalityInterface3.xml
auto.tcl: Setting watchdog for 200 seconds at Mon Feb 18 03:34:42 UTC 2019
6 ms. Memory: 208384K Free: 196521K (94%)
ptolemy.util.test.WatchDog.cancel(): canceling Mon Feb 18 03:34:42 UTC 2019
auto.tcl: Setting watchdog for 200 seconds at Mon Feb 18 03:34:42 UTC 2019
7 ms. Memory: 208384K Free: 196521K (94%)
ptolemy.util.test.WatchDog.cancel(): canceling Mon Feb 18 03:34:42 UTC 2019
------------------ testing $PTII/ptolemy/domains/de/test/auto/ClockDrift.xml
auto.tcl: Setting watchdog for 200 seconds at Mon Feb 18 03:34:42 UTC 2019
99 ms. Memory: 208384K Free: 187948K (90%)
ptolemy.util.test.WatchDog.cancel(): canceling Mon Feb 18 03:34:42 UTC 2019
auto.tcl: Setting watchdog for 200 seconds at Mon Feb 18 03:34:42 UTC 2019
43 ms. Memory: 208384K Free: 185908K (89%)
ptolemy.util.test.WatchDog.cancel(): canceling Mon Feb 18 03:34:42 UTC 2019
------------------ testing $PTII/ptolemy/domains/de/test/auto/ClockDriftAndValueChange.xml
auto.tcl: Setting watchdog for 200 seconds at Mon Feb 18 03:34:42 UTC 2019
50 ms. Memory: 208384K Free: 187778K (90%)
ptolemy.util.test.WatchDog.cancel(): canceling Mon Feb 18 03:34:42 UTC 2019
auto.tcl: Setting watchdog for 200 seconds at Mon Feb 18 03:34:42 UTC 2019
30 ms. Memory: 208384K Free: 185738K (89%)
ptolemy.util.test.WatchDog.cancel(): canceling Mon Feb 18 03:34:43 UTC 2019
------------------ testing $PTII/ptolemy/domains/de/test/auto/ClockDriftChange.xml
auto.tcl: Setting watchdog for 200 seconds at Mon Feb 18 03:34:43 UTC 2019
36 ms. Memory: 208384K Free: 191030K (92%)
ptolemy.util.test.WatchDog.cancel(): canceling Mon Feb 18 03:34:43 UTC 2019
auto.tcl: Setting watchdog for 200 seconds at Mon Feb 18 03:34:43 UTC 2019
29 ms. Memory: 208384K Free: 189006K (91%)
ptolemy.util.test.WatchDog.cancel(): canceling Mon Feb 18 03:34:43 UTC 2019
------------------ testing $PTII/ptolemy/domains/de/test/auto/ComposableCausalityAnalysis.xml
auto.tcl: Setting watchdog for 200 seconds at Mon Feb 18 03:34:43 UTC 2019
3 ms. Memory: 208384K Free: 196376K (94%)
ptolemy.util.test.WatchDog.cancel(): canceling Mon Feb 18 03:34:43 UTC 2019
auto.tcl: Setting watchdog for 200 seconds at Mon Feb 18 03:34:43 UTC 2019
2 ms. Memory: 208384K Free: 194336K (93%)
ptolemy.util.test.WatchDog.cancel(): canceling Mon Feb 18 03:34:43 UTC 2019
------------------ testing $PTII/ptolemy/domains/de/test/auto/DEFixedPointLimitation.xml
auto.tcl: Setting watchdog for 200 seconds at Mon Feb 18 03:34:43 UTC 2019
4 ms. Memory: 208384K Free: 196457K (94%)
ptolemy.util.test.WatchDog.cancel(): canceling Mon Feb 18 03:34:43 UTC 2019
auto.tcl: Setting watchdog for 200 seconds at Mon Feb 18 03:34:43 UTC 2019
2 ms. Memory: 208384K Free: 196457K (94%)
ptolemy.util.test.WatchDog.cancel(): canceling Mon Feb 18 03:34:43 UTC 2019
------------------ testing $PTII/ptolemy/domains/de/test/auto/DEScheduleTest.xml
auto.tcl: Setting watchdog for 200 seconds at Mon Feb 18 03:34:43 UTC 2019
4 ms. Memory: 208384K Free: 198516K (95%)
ptolemy.util.test.WatchDog.cancel(): canceling Mon Feb 18 03:34:43 UTC 2019
auto.tcl: Setting watchdog for 200 seconds at Mon Feb 18 03:34:43 UTC 2019
6 ms. Memory: 208384K Free: 196492K (94%)
ptolemy.util.test.WatchDog.cancel(): canceling Mon Feb 18 03:34:43 UTC 2019
------------------ testing $PTII/ptolemy/domains/de/test/auto/DEinDEwithStartTimes.xml
auto.tcl: Setting watchdog for 200 seconds at Mon Feb 18 03:34:43 UTC 2019
4 ms. Memory: 208384K Free: 196965K (95%)
ptolemy.util.test.WatchDog.cancel(): canceling Mon Feb 18 03:34:43 UTC 2019
auto.tcl: Setting watchdog for 200 seconds at Mon Feb 18 03:34:43 UTC 2019
3 ms. Memory: 208384K Free: 194941K (94%)
ptolemy.util.test.WatchDog.cancel(): canceling Mon Feb 18 03:34:43 UTC 2019
------------------ testing $PTII/ptolemy/domains/de/test/auto/DEinDEwithStartTimes2.xml
auto.tcl: Setting watchdog for 200 seconds at Mon Feb 18 03:34:43 UTC 2019
4 ms. Memory: 208384K Free: 196945K (95%)
ptolemy.util.test.WatchDog.cancel(): canceling Mon Feb 18 03:34:43 UTC 2019
auto.tcl: Setting watchdog for 200 seconds at Mon Feb 18 03:34:43 UTC 2019
4 ms. Memory: 208384K Free: 194402K (93%)
ptolemy.util.test.WatchDog.cancel(): canceling Mon Feb 18 03:34:43 UTC 2019
------------------ testing $PTII/ptolemy/domains/de/test/auto/DateDemo.xml
auto.tcl: Setting watchdog for 200 seconds at Mon Feb 18 03:34:43 UTC 2019
17 ms. Memory: 208384K Free: 189091K (91%)
ptolemy.util.test.WatchDog.cancel(): canceling Mon Feb 18 03:34:43 UTC 2019
auto.tcl: Setting watchdog for 200 seconds at Mon Feb 18 03:34:43 UTC 2019
8 ms. Memory: 208384K Free: 187059K (90%)
ptolemy.util.test.WatchDog.cancel(): canceling Mon Feb 18 03:34:43 UTC 2019
------------------ testing $PTII/ptolemy/domains/de/test/auto/DateToEvent.xml
auto.tcl: Setting watchdog for 200 seconds at Mon Feb 18 03:34:43 UTC 2019
2021 ms. Memory: 208384K Free: 183879K (88%)
ptolemy.util.test.WatchDog.cancel(): canceling Mon Feb 18 03:34:45 UTC 2019
auto.tcl: Setting watchdog for 200 seconds at Mon Feb 18 03:34:45 UTC 2019
2006 ms. Memory: 208384K Free: 181422K (87%)
ptolemy.util.test.WatchDog.cancel(): canceling Mon Feb 18 03:34:47 UTC 2019
------------------ testing $PTII/ptolemy/domains/de/test/auto/DepthTest1.xml
auto.tcl: Setting watchdog for 200 seconds at Mon Feb 18 03:34:47 UTC 2019
3 ms. Memory: 208384K Free: 197902K (95%)
ptolemy.util.test.WatchDog.cancel(): canceling Mon Feb 18 03:34:48 UTC 2019
auto.tcl: Setting watchdog for 200 seconds at Mon Feb 18 03:34:48 UTC 2019
4 ms. Memory: 208384K Free: 197902K (95%)
ptolemy.util.test.WatchDog.cancel(): canceling Mon Feb 18 03:34:48 UTC 2019
------------------ testing $PTII/ptolemy/domains/de/test/auto/DepthTest2.xml
auto.tcl: Setting watchdog for 200 seconds at Mon Feb 18 03:34:48 UTC 2019
6 ms. Memory: 208384K Free: 194247K (93%)
ptolemy.util.test.WatchDog.cancel(): canceling Mon Feb 18 03:34:48 UTC 2019
auto.tcl: Setting watchdog for 200 seconds at Mon Feb 18 03:34:48 UTC 2019
2 ms. Memory: 208384K Free: 194247K (93%)
ptolemy.util.test.WatchDog.cancel(): canceling Mon Feb 18 03:34:48 UTC 2019
------------------ testing $PTII/ptolemy/domains/de/test/auto/DepthTest3.xml
auto.tcl: Setting watchdog for 200 seconds at Mon Feb 18 03:34:48 UTC 2019
6 ms. Memory: 208384K Free: 198756K (95%)
ptolemy.util.test.WatchDog.cancel(): canceling Mon Feb 18 03:34:48 UTC 2019
auto.tcl: Setting watchdog for 200 seconds at Mon Feb 18 03:34:48 UTC 2019
2 ms. Memory: 208384K Free: 198756K (95%)
ptolemy.util.test.WatchDog.cancel(): canceling Mon Feb 18 03:34:48 UTC 2019
------------------ testing $PTII/ptolemy/domains/de/test/auto/DepthTest4.xml
auto.tcl: Setting watchdog for 200 seconds at Mon Feb 18 03:34:48 UTC 2019
10 ms. Memory: 208384K Free: 196292K (94%)
ptolemy.util.test.WatchDog.cancel(): canceling Mon Feb 18 03:34:48 UTC 2019
auto.tcl: Setting watchdog for 200 seconds at Mon Feb 18 03:34:48 UTC 2019
2 ms. Memory: 208384K Free: 196292K (94%)
ptolemy.util.test.WatchDog.cancel(): canceling Mon Feb 18 03:34:48 UTC 2019
------------------ testing $PTII/ptolemy/domains/de/test/auto/DepthTest5.xml
auto.tcl: Setting watchdog for 200 seconds at Mon Feb 18 03:34:48 UTC 2019
5 ms. Memory: 208384K Free: 196767K (94%)
ptolemy.util.test.WatchDog.cancel(): canceling Mon Feb 18 03:34:48 UTC 2019
auto.tcl: Setting watchdog for 200 seconds at Mon Feb 18 03:34:48 UTC 2019
3 ms. Memory: 208384K Free: 196767K (94%)
ptolemy.util.test.WatchDog.cancel(): canceling Mon Feb 18 03:34:48 UTC 2019
------------------ testing $PTII/ptolemy/domains/de/test/auto/DepthTest6.xml
auto.tcl: Setting watchdog for 200 seconds at Mon Feb 18 03:34:48 UTC 2019
6 ms. Memory: 208384K Free: 196758K (94%)
ptolemy.util.test.WatchDog.cancel(): canceling Mon Feb 18 03:34:48 UTC 2019
auto.tcl: Setting watchdog for 200 seconds at Mon Feb 18 03:34:48 UTC 2019
2 ms. Memory: 208384K Free: 196758K (94%)
ptolemy.util.test.WatchDog.cancel(): canceling Mon Feb 18 03:34:48 UTC 2019
------------------ testing $PTII/ptolemy/domains/de/test/auto/DepthTest7.xml
auto.tcl: Setting watchdog for 200 seconds at Mon Feb 18 03:34:48 UTC 2019
3 ms. Memory: 208384K Free: 196204K (94%)
ptolemy.util.test.WatchDog.cancel(): canceling Mon Feb 18 03:34:48 UTC 2019
auto.tcl: Setting watchdog for 200 seconds at Mon Feb 18 03:34:48 UTC 2019
2 ms. Memory: 208384K Free: 196204K (94%)
ptolemy.util.test.WatchDog.cancel(): canceling Mon Feb 18 03:34:48 UTC 2019
------------------ testing $PTII/ptolemy/domains/de/test/auto/EventToDate.xml
auto.tcl: Setting watchdog for 200 seconds at Mon Feb 18 03:34:48 UTC 2019
3006 ms. Memory: 208384K Free: 186074K (89%)
ptolemy.util.test.WatchDog.cancel(): canceling Mon Feb 18 03:34:51 UTC 2019
auto.tcl: Setting watchdog for 200 seconds at Mon Feb 18 03:34:51 UTC 2019
3003 ms. Memory: 208384K Free: 186074K (89%)
ptolemy.util.test.WatchDog.cancel(): canceling Mon Feb 18 03:34:54 UTC 2019
------------------ testing $PTII/ptolemy/domains/de/test/auto/FSM1.xml
auto.tcl: Setting watchdog for 200 seconds at Mon Feb 18 03:34:54 UTC 2019
17 ms. Memory: 208384K Free: 189385K (91%)
ptolemy.util.test.WatchDog.cancel(): canceling Mon Feb 18 03:34:54 UTC 2019
auto.tcl: Setting watchdog for 200 seconds at Mon Feb 18 03:34:54 UTC 2019
17 ms. Memory: 208384K Free: 185321K (89%)
ptolemy.util.test.WatchDog.cancel(): canceling Mon Feb 18 03:34:54 UTC 2019
------------------ testing $PTII/ptolemy/domains/de/test/auto/FSM7.xml
auto.tcl: Setting watchdog for 200 seconds at Mon Feb 18 03:34:54 UTC 2019
25 ms. Memory: 208384K Free: 187556K (90%)
ptolemy.util.test.WatchDog.cancel(): canceling Mon Feb 18 03:34:54 UTC 2019
auto.tcl: Setting watchdog for 200 seconds at Mon Feb 18 03:34:54 UTC 2019
16 ms. Memory: 208384K Free: 185516K (89%)
ptolemy.util.test.WatchDog.cancel(): canceling Mon Feb 18 03:34:54 UTC 2019
------------------ testing $PTII/ptolemy/domains/de/test/auto/Inspection.xml
auto.tcl: Setting watchdog for 200 seconds at Mon Feb 18 03:34:54 UTC 2019
25 ms. Memory: 208384K Free: 189297K (91%)
ptolemy.util.test.WatchDog.cancel(): canceling Mon Feb 18 03:34:54 UTC 2019
auto.tcl: Setting watchdog for 200 seconds at Mon Feb 18 03:34:54 UTC 2019
32 ms. Memory: 208384K Free: 187273K (90%)
ptolemy.util.test.WatchDog.cancel(): canceling Mon Feb 18 03:34:54 UTC 2019
------------------ testing $PTII/ptolemy/domains/de/test/auto/Iteration.xml
auto.tcl: Setting watchdog for 200 seconds at Mon Feb 18 03:34:54 UTC 2019
14 ms. Memory: 208384K Free: 196012K (94%)
ptolemy.util.test.WatchDog.cancel(): canceling Mon Feb 18 03:34:55 UTC 2019
auto.tcl: Setting watchdog for 200 seconds at Mon Feb 18 03:34:55 UTC 2019
6 ms. Memory: 208384K Free: 193979K (93%)
ptolemy.util.test.WatchDog.cancel(): canceling Mon Feb 18 03:34:55 UTC 2019
------------------ testing $PTII/ptolemy/domains/de/test/auto/LineFault.xml
auto.tcl: Setting watchdog for 200 seconds at Mon Feb 18 03:34:55 UTC 2019
684 ms. Memory: 208384K Free: 200921K (96%)
ptolemy.util.test.WatchDog.cancel(): canceling Mon Feb 18 03:34:55 UTC 2019
auto.tcl: Setting watchdog for 200 seconds at Mon Feb 18 03:34:55 UTC 2019
614 ms. Memory: 208384K Free: 143919K (69%)
ptolemy.util.test.WatchDog.cancel(): canceling Mon Feb 18 03:34:56 UTC 2019
------------------ testing $PTII/ptolemy/domains/de/test/auto/MergeModel1Add.xml
auto.tcl: Setting watchdog for 200 seconds at Mon Feb 18 03:34:56 UTC 2019
28 ms. Memory: 331264K Free: 300833K (91%)
ptolemy.util.test.WatchDog.cancel(): canceling Mon Feb 18 03:34:56 UTC 2019
auto.tcl: Setting watchdog for 200 seconds at Mon Feb 18 03:34:56 UTC 2019
10 ms. Memory: 331264K Free: 300833K (91%)
ptolemy.util.test.WatchDog.cancel(): canceling Mon Feb 18 03:34:56 UTC 2019
------------------ testing $PTII/ptolemy/domains/de/test/auto/MergeModel2Add.xml
auto.tcl: Setting watchdog for 200 seconds at Mon Feb 18 03:34:56 UTC 2019
13 ms. Memory: 331264K Free: 305726K (92%)
ptolemy.util.test.WatchDog.cancel(): canceling Mon Feb 18 03:34:56 UTC 2019
auto.tcl: Setting watchdog for 200 seconds at Mon Feb 18 03:34:56 UTC 2019
9 ms. Memory: 331264K Free: 302171K (91%)
ptolemy.util.test.WatchDog.cancel(): canceling Mon Feb 18 03:34:56 UTC 2019
------------------ testing $PTII/ptolemy/domains/de/test/auto/MergeModel3Add.xml
auto.tcl: Setting watchdog for 200 seconds at Mon Feb 18 03:34:56 UTC 2019
10 ms. Memory: 331264K Free: 305664K (92%)
ptolemy.util.test.WatchDog.cancel(): canceling Mon Feb 18 03:34:57 UTC 2019
auto.tcl: Setting watchdog for 200 seconds at Mon Feb 18 03:34:57 UTC 2019
9 ms. Memory: 331264K Free: 302117K (91%)
ptolemy.util.test.WatchDog.cancel(): canceling Mon Feb 18 03:34:57 UTC 2019
------------------ testing $PTII/ptolemy/domains/de/test/auto/MergeWithoutDiscard.xml
auto.tcl: Setting watchdog for 200 seconds at Mon Feb 18 03:34:57 UTC 2019
4 ms. Memory: 331264K Free: 316342K (95%)
ptolemy.util.test.WatchDog.cancel(): canceling Mon Feb 18 03:34:57 UTC 2019
auto.tcl: Setting watchdog for 200 seconds at Mon Feb 18 03:34:57 UTC 2019
1 ms. Memory: 331264K Free: 316342K (95%)
ptolemy.util.test.WatchDog.cancel(): canceling Mon Feb 18 03:34:57 UTC 2019
------------------ testing $PTII/ptolemy/domains/de/test/auto/Modal1.xml
auto.tcl: Setting watchdog for 200 seconds at Mon Feb 18 03:34:57 UTC 2019
11 ms. Memory: 331264K Free: 310644K (94%)
ptolemy.util.test.WatchDog.cancel(): canceling Mon Feb 18 03:34:57 UTC 2019
auto.tcl: Setting watchdog for 200 seconds at Mon Feb 18 03:34:57 UTC 2019
12 ms. Memory: 331264K Free: 307089K (93%)
ptolemy.util.test.WatchDog.cancel(): canceling Mon Feb 18 03:34:57 UTC 2019
------------------ testing $PTII/ptolemy/domains/de/test/auto/Modal2.xml
auto.tcl: Setting watchdog for 200 seconds at Mon Feb 18 03:34:57 UTC 2019
11 ms. Memory: 331264K Free: 310541K (94%)
ptolemy.util.test.WatchDog.cancel(): canceling Mon Feb 18 03:34:57 UTC 2019
auto.tcl: Setting watchdog for 200 seconds at Mon Feb 18 03:34:57 UTC 2019
12 ms. Memory: 331264K Free: 306986K (93%)
ptolemy.util.test.WatchDog.cancel(): canceling Mon Feb 18 03:34:57 UTC 2019
------------------ testing $PTII/ptolemy/domains/de/test/auto/Modal3.xml
auto.tcl: Setting watchdog for 200 seconds at Mon Feb 18 03:34:57 UTC 2019
16 ms. Memory: 331264K Free: 310500K (94%)
ptolemy.util.test.WatchDog.cancel(): canceling Mon Feb 18 03:34:57 UTC 2019
auto.tcl: Setting watchdog for 200 seconds at Mon Feb 18 03:34:57 UTC 2019
17 ms. Memory: 331264K Free: 306945K (93%)
ptolemy.util.test.WatchDog.cancel(): canceling Mon Feb 18 03:34:57 UTC 2019
------------------ testing $PTII/ptolemy/domains/de/test/auto/Modal4.xml
auto.tcl: Setting watchdog for 200 seconds at Mon Feb 18 03:34:57 UTC 2019
24 ms. Memory: 331264K Free: 310521K (94%)
ptolemy.util.test.WatchDog.cancel(): canceling Mon Feb 18 03:34:57 UTC 2019
auto.tcl: Setting watchdog for 200 seconds at Mon Feb 18 03:34:57 UTC 2019
16 ms. Memory: 331264K Free: 306974K (93%)
ptolemy.util.test.WatchDog.cancel(): canceling Mon Feb 18 03:34:57 UTC 2019
------------------ testing $PTII/ptolemy/domains/de/test/auto/Modal5.xml
auto.tcl: Setting watchdog for 200 seconds at Mon Feb 18 03:34:57 UTC 2019
18 ms. Memory: 331264K Free: 310523K (94%)
ptolemy.util.test.WatchDog.cancel(): canceling Mon Feb 18 03:34:57 UTC 2019
auto.tcl: Setting watchdog for 200 seconds at Mon Feb 18 03:34:57 UTC 2019
13 ms. Memory: 331264K Free: 306968K (93%)
ptolemy.util.test.WatchDog.cancel(): canceling Mon Feb 18 03:34:57 UTC 2019
------------------ testing $PTII/ptolemy/domains/de/test/auto/Modal6.xml
auto.tcl: Setting watchdog for 200 seconds at Mon Feb 18 03:34:57 UTC 2019
13 ms. Memory: 331264K Free: 310497K (94%)
ptolemy.util.test.WatchDog.cancel(): canceling Mon Feb 18 03:34:57 UTC 2019
auto.tcl: Setting watchdog for 200 seconds at Mon Feb 18 03:34:57 UTC 2019
16 ms. Memory: 331264K Free: 306941K (93%)
ptolemy.util.test.WatchDog.cancel(): canceling Mon Feb 18 03:34:57 UTC 2019
------------------ testing $PTII/ptolemy/domains/de/test/auto/Modal7.xml
auto.tcl: Setting watchdog for 200 seconds at Mon Feb 18 03:34:57 UTC 2019
14 ms. Memory: 331264K Free: 306965K (93%)
ptolemy.util.test.WatchDog.cancel(): canceling Mon Feb 18 03:34:57 UTC 2019
auto.tcl: Setting watchdog for 200 seconds at Mon Feb 18 03:34:57 UTC 2019
12 ms. Memory: 331264K Free: 303418K (92%)
ptolemy.util.test.WatchDog.cancel(): canceling Mon Feb 18 03:34:57 UTC 2019
------------------ testing $PTII/ptolemy/domains/de/test/auto/ModalModel.xml
auto.tcl: Setting watchdog for 200 seconds at Mon Feb 18 03:34:57 UTC 2019
206 ms. Memory: 331264K Free: 247973K (75%)
ptolemy.util.test.WatchDog.cancel(): canceling Mon Feb 18 03:34:58 UTC 2019
auto.tcl: Setting watchdog for 200 seconds at Mon Feb 18 03:34:58 UTC 2019
192 ms. Memory: 331264K Free: 191228K (58%)
ptolemy.util.test.WatchDog.cancel(): canceling Mon Feb 18 03:34:58 UTC 2019
------------------ testing $PTII/ptolemy/domains/de/test/auto/ModalSource.xml
auto.tcl: Setting watchdog for 200 seconds at Mon Feb 18 03:34:58 UTC 2019
6 ms. Memory: 331264K Free: 316767K (96%)
ptolemy.util.test.WatchDog.cancel(): canceling Mon Feb 18 03:34:58 UTC 2019
auto.tcl: Setting watchdog for 200 seconds at Mon Feb 18 03:34:58 UTC 2019
6 ms. Memory: 331264K Free: 313515K (95%)
ptolemy.util.test.WatchDog.cancel(): canceling Mon Feb 18 03:34:58 UTC 2019
------------------ testing $PTII/ptolemy/domains/de/test/auto/NonInterruptibleTimerZeroDelay.xml
auto.tcl: Setting watchdog for 200 seconds at Mon Feb 18 03:34:58 UTC 2019
4 ms. Memory: 331264K Free: 321103K (97%)
ptolemy.util.test.WatchDog.cancel(): canceling Mon Feb 18 03:34:58 UTC 2019
auto.tcl: Setting watchdog for 200 seconds at Mon Feb 18 03:34:58 UTC 2019
2 ms. Memory: 331264K Free: 317859K (96%)
ptolemy.util.test.WatchDog.cancel(): canceling Mon Feb 18 03:34:58 UTC 2019
------------------ testing $PTII/ptolemy/domains/de/test/auto/OpenQueueingNetwork.xml
auto.tcl: Setting watchdog for 200 seconds at Mon Feb 18 03:34:58 UTC 2019
3201 ms. Memory: 573952K Free: 406187K (71%)
ptolemy.util.test.WatchDog.cancel(): canceling Mon Feb 18 03:35:01 UTC 2019
auto.tcl: Setting watchdog for 200 seconds at Mon Feb 18 03:35:01 UTC 2019
2541 ms. Memory: 550912K Free: 302713K (55%)
ptolemy.util.test.WatchDog.cancel(): canceling Mon Feb 18 03:35:04 UTC 2019
------------------ testing $PTII/ptolemy/domains/de/test/auto/OpenQueuingNetwork.xml
auto.tcl: Setting watchdog for 200 seconds at Mon Feb 18 03:35:04 UTC 2019
271 ms. Memory: 549888K Free: 445451K (81%)
ptolemy.util.test.WatchDog.cancel(): canceling Mon Feb 18 03:35:04 UTC 2019
auto.tcl: Setting watchdog for 200 seconds at Mon Feb 18 03:35:04 UTC 2019
267 ms. Memory: 549888K Free: 386488K (70%)
ptolemy.util.test.WatchDog.cancel(): canceling Mon Feb 18 03:35:05 UTC 2019
------------------ testing $PTII/ptolemy/domains/de/test/auto/PeriodicSampler.xml
auto.tcl: Setting watchdog for 200 seconds at Mon Feb 18 03:35:05 UTC 2019
3 ms. Memory: 551936K Free: 530959K (96%)
ptolemy.util.test.WatchDog.cancel(): canceling Mon Feb 18 03:35:05 UTC 2019
auto.tcl: Setting watchdog for 200 seconds at Mon Feb 18 03:35:05 UTC 2019
2 ms. Memory: 551936K Free: 530959K (96%)
ptolemy.util.test.WatchDog.cancel(): canceling Mon Feb 18 03:35:05 UTC 2019
------------------ testing $PTII/ptolemy/domains/de/test/auto/PersistentIO.xml
auto.tcl: Setting watchdog for 200 seconds at Mon Feb 18 03:35:05 UTC 2019
8 ms. Memory: 549376K Free: 522431K (95%)
ptolemy.util.test.WatchDog.cancel(): canceling Mon Feb 18 03:35:05 UTC 2019
auto.tcl: Setting watchdog for 200 seconds at Mon Feb 18 03:35:05 UTC 2019
4 ms. Memory: 549376K Free: 522431K (95%)
ptolemy.util.test.WatchDog.cancel(): canceling Mon Feb 18 03:35:05 UTC 2019
------------------ testing $PTII/ptolemy/domains/de/test/auto/PortParameterResetOnInitialize.xml
auto.tcl: Setting watchdog for 200 seconds at Mon Feb 18 03:35:05 UTC 2019
2 ms. Memory: 551424K Free: 530908K (96%)
ptolemy.util.test.WatchDog.cancel(): canceling Mon Feb 18 03:35:05 UTC 2019
auto.tcl: Setting watchdog for 200 seconds at Mon Feb 18 03:35:05 UTC 2019
1 ms. Memory: 551424K Free: 530365K (96%)
ptolemy.util.test.WatchDog.cancel(): canceling Mon Feb 18 03:35:05 UTC 2019
------------------ testing $PTII/ptolemy/domains/de/test/auto/PortParameterUpdates.xml
auto.tcl: Setting watchdog for 200 seconds at Mon Feb 18 03:35:05 UTC 2019
3 ms. Memory: 549376K Free: 528451K (96%)
ptolemy.util.test.WatchDog.cancel(): canceling Mon Feb 18 03:35:05 UTC 2019
auto.tcl: Setting watchdog for 200 seconds at Mon Feb 18 03:35:05 UTC 2019
4 ms. Memory: 549376K Free: 528451K (96%)
ptolemy.util.test.WatchDog.cancel(): canceling Mon Feb 18 03:35:05 UTC 2019
------------------ testing $PTII/ptolemy/domains/de/test/auto/QueueAndServer.xml
auto.tcl: Setting watchdog for 200 seconds at Mon Feb 18 03:35:05 UTC 2019
17 ms. Memory: 551424K Free: 535142K (97%)
ptolemy.util.test.WatchDog.cancel(): canceling Mon Feb 18 03:35:05 UTC 2019
auto.tcl: Setting watchdog for 200 seconds at Mon Feb 18 03:35:05 UTC 2019
6 ms. Memory: 551424K Free: 528575K (96%)
ptolemy.util.test.WatchDog.cancel(): canceling Mon Feb 18 03:35:05 UTC 2019
------------------ testing $PTII/ptolemy/domains/de/test/auto/Records.xml
auto.tcl: Setting watchdog for 200 seconds at Mon Feb 18 03:35:05 UTC 2019
10 ms. Memory: 549376K Free: 533036K (97%)
ptolemy.util.test.WatchDog.cancel(): canceling Mon Feb 18 03:35:05 UTC 2019
auto.tcl: Setting watchdog for 200 seconds at Mon Feb 18 03:35:05 UTC 2019
2 ms. Memory: 549376K Free: 533036K (97%)
ptolemy.util.test.WatchDog.cancel(): canceling Mon Feb 18 03:35:05 UTC 2019
------------------ testing $PTII/ptolemy/domains/de/test/auto/ResetTransitionWithStartTime1.xml
auto.tcl: Setting watchdog for 200 seconds at Mon Feb 18 03:35:05 UTC 2019
10 ms. Memory: 551424K Free: 535652K (97%)
ptolemy.util.test.WatchDog.cancel(): canceling Mon Feb 18 03:35:05 UTC 2019
auto.tcl: Setting watchdog for 200 seconds at Mon Feb 18 03:35:05 UTC 2019
5 ms. Memory: 551424K Free: 528557K (96%)
ptolemy.util.test.WatchDog.cancel(): canceling Mon Feb 18 03:35:05 UTC 2019
------------------ testing $PTII/ptolemy/domains/de/test/auto/ResetTransitionWithStartTime2.xml
auto.tcl: Setting watchdog for 200 seconds at Mon Feb 18 03:35:05 UTC 2019
5 ms. Memory: 549376K Free: 533595K (97%)
ptolemy.util.test.WatchDog.cancel(): canceling Mon Feb 18 03:35:05 UTC 2019
auto.tcl: Setting watchdog for 200 seconds at Mon Feb 18 03:35:05 UTC 2019
5 ms. Memory: 549376K Free: 527044K (96%)
ptolemy.util.test.WatchDog.cancel(): canceling Mon Feb 18 03:35:05 UTC 2019
------------------ testing $PTII/ptolemy/domains/de/test/auto/ResetTransitionWithStartTime3.xml
auto.tcl: Setting watchdog for 200 seconds at Mon Feb 18 03:35:05 UTC 2019
6 ms. Memory: 550912K Free: 534587K (97%)
ptolemy.util.test.WatchDog.cancel(): canceling Mon Feb 18 03:35:05 UTC 2019
auto.tcl: Setting watchdog for 200 seconds at Mon Feb 18 03:35:05 UTC 2019
5 ms. Memory: 550912K Free: 528035K (96%)
ptolemy.util.test.WatchDog.cancel(): canceling Mon Feb 18 03:35:05 UTC 2019
------------------ testing $PTII/ptolemy/domains/de/test/auto/ResetTransitionWithStartTime4.xml
auto.tcl: Setting watchdog for 200 seconds at Mon Feb 18 03:35:05 UTC 2019
4 ms. Memory: 549376K Free: 526481K (96%)
ptolemy.util.test.WatchDog.cancel(): canceling Mon Feb 18 03:35:05 UTC 2019
auto.tcl: Setting watchdog for 200 seconds at Mon Feb 18 03:35:05 UTC 2019
4 ms. Memory: 549376K Free: 526481K (96%)
ptolemy.util.test.WatchDog.cancel(): canceling Mon Feb 18 03:35:05 UTC 2019
------------------ testing $PTII/ptolemy/domains/de/test/auto/ResettableTimer1.xml
auto.tcl: Setting watchdog for 200 seconds at Mon Feb 18 03:35:05 UTC 2019
5 ms. Memory: 550912K Free: 534580K (97%)
ptolemy.util.test.WatchDog.cancel(): canceling Mon Feb 18 03:35:05 UTC 2019
auto.tcl: Setting watchdog for 200 seconds at Mon Feb 18 03:35:05 UTC 2019
2 ms. Memory: 550912K Free: 534580K (97%)
ptolemy.util.test.WatchDog.cancel(): canceling Mon Feb 18 03:35:05 UTC 2019
------------------ testing $PTII/ptolemy/domains/de/test/auto/ResettableTimer2.xml
auto.tcl: Setting watchdog for 200 seconds at Mon Feb 18 03:35:06 UTC 2019
2 ms. Memory: 549376K Free: 533646K (97%)
ptolemy.util.test.WatchDog.cancel(): canceling Mon Feb 18 03:35:06 UTC 2019
auto.tcl: Setting watchdog for 200 seconds at Mon Feb 18 03:35:06 UTC 2019
3 ms. Memory: 549376K Free: 533646K (97%)
ptolemy.util.test.WatchDog.cancel(): canceling Mon Feb 18 03:35:06 UTC 2019
------------------ testing $PTII/ptolemy/domains/de/test/auto/ResettableTimer3.xml
auto.tcl: Setting watchdog for 200 seconds at Mon Feb 18 03:35:06 UTC 2019
5 ms. Memory: 550912K Free: 534638K (97%)
ptolemy.util.test.WatchDog.cancel(): canceling Mon Feb 18 03:35:06 UTC 2019
auto.tcl: Setting watchdog for 200 seconds at Mon Feb 18 03:35:06 UTC 2019
1 ms. Memory: 550912K Free: 534638K (97%)
ptolemy.util.test.WatchDog.cancel(): canceling Mon Feb 18 03:35:06 UTC 2019
------------------ testing $PTII/ptolemy/domains/de/test/auto/ResettableTimer4.xml
auto.tcl: Setting watchdog for 200 seconds at Mon Feb 18 03:35:06 UTC 2019
1 ms. Memory: 549376K Free: 533658K (97%)
ptolemy.util.test.WatchDog.cancel(): canceling Mon Feb 18 03:35:06 UTC 2019
auto.tcl: Setting watchdog for 200 seconds at Mon Feb 18 03:35:06 UTC 2019
1 ms. Memory: 549376K Free: 533658K (97%)
ptolemy.util.test.WatchDog.cancel(): canceling Mon Feb 18 03:35:06 UTC 2019
------------------ testing $PTII/ptolemy/domains/de/test/auto/ResettableTimer5.xml
auto.tcl: Setting watchdog for 200 seconds at Mon Feb 18 03:35:06 UTC 2019
1 ms. Memory: 550400K Free: 530000K (96%)
ptolemy.util.test.WatchDog.cancel(): canceling Mon Feb 18 03:35:06 UTC 2019
auto.tcl: Setting watchdog for 200 seconds at Mon Feb 18 03:35:06 UTC 2019
1 ms. Memory: 550400K Free: 530000K (96%)
ptolemy.util.test.WatchDog.cancel(): canceling Mon Feb 18 03:35:06 UTC 2019
------------------ testing $PTII/ptolemy/domains/de/test/auto/ResettableTimer6.xml
auto.tcl: Setting watchdog for 200 seconds at Mon Feb 18 03:35:06 UTC 2019
1 ms. Memory: 549376K Free: 528382K (96%)
ptolemy.util.test.WatchDog.cancel(): canceling Mon Feb 18 03:35:06 UTC 2019
auto.tcl: Setting watchdog for 200 seconds at Mon Feb 18 03:35:06 UTC 2019
2 ms. Memory: 549376K Free: 528382K (96%)
ptolemy.util.test.WatchDog.cancel(): canceling Mon Feb 18 03:35:06 UTC 2019
------------------ testing $PTII/ptolemy/domains/de/test/auto/ServerZeroDelay.xml
auto.tcl: Setting watchdog for 200 seconds at Mon Feb 18 03:35:06 UTC 2019
4 ms. Memory: 550400K Free: 534618K (97%)
ptolemy.util.test.WatchDog.cancel(): canceling Mon Feb 18 03:35:06 UTC 2019
auto.tcl: Setting watchdog for 200 seconds at Mon Feb 18 03:35:06 UTC 2019
3 ms. Memory: 550400K Free: 534618K (97%)
ptolemy.util.test.WatchDog.cancel(): canceling Mon Feb 18 03:35:06 UTC 2019
------------------ testing $PTII/ptolemy/domains/de/test/auto/SmartSender.xml
auto.tcl: Setting watchdog for 200 seconds at Mon Feb 18 03:35:06 UTC 2019
3002 ms. Memory: 549376K Free: 528910K (96%)
ptolemy.util.test.WatchDog.cancel(): canceling Mon Feb 18 03:35:09 UTC 2019
auto.tcl: Setting watchdog for 200 seconds at Mon Feb 18 03:35:09 UTC 2019
3001 ms. Memory: 549376K Free: 528910K (96%)
ptolemy.util.test.WatchDog.cancel(): canceling Mon Feb 18 03:35:12 UTC 2019
------------------ testing $PTII/ptolemy/domains/de/test/auto/ThreadedComposite.xml
auto.tcl: Setting watchdog for 200 seconds at Mon Feb 18 03:35:12 UTC 2019
179 ms. Memory: 550400K Free: 513494K (93%)
ptolemy.util.test.WatchDog.cancel(): canceling Mon Feb 18 03:35:12 UTC 2019
auto.tcl: Setting watchdog for 200 seconds at Mon Feb 18 03:35:12 UTC 2019
120 ms. Memory: 550400K Free: 497583K (90%)
ptolemy.util.test.WatchDog.cancel(): canceling Mon Feb 18 03:35:12 UTC 2019
------------------ testing $PTII/ptolemy/domains/de/test/auto/Time.xml
auto.tcl: Setting watchdog for 200 seconds at Mon Feb 18 03:35:12 UTC 2019
538 ms. Memory: 549376K Free: 481295K (88%)
ptolemy.util.test.WatchDog.cancel(): canceling Mon Feb 18 03:35:13 UTC 2019
auto.tcl: Setting watchdog for 200 seconds at Mon Feb 18 03:35:13 UTC 2019
549 ms. Memory: 549376K Free: 422332K (77%)
ptolemy.util.test.WatchDog.cancel(): canceling Mon Feb 18 03:35:13 UTC 2019
------------------ testing $PTII/ptolemy/domains/de/test/auto/TimeDelayZeroDelay.xml
auto.tcl: Setting watchdog for 200 seconds at Mon Feb 18 03:35:13 UTC 2019
6 ms. Memory: 550400K Free: 533993K (97%)
ptolemy.util.test.WatchDog.cancel(): canceling Mon Feb 18 03:35:13 UTC 2019
auto.tcl: Setting watchdog for 200 seconds at Mon Feb 18 03:35:13 UTC 2019
2 ms. Memory: 550400K Free: 533993K (97%)
ptolemy.util.test.WatchDog.cancel(): canceling Mon Feb 18 03:35:13 UTC 2019
------------------ testing $PTII/ptolemy/domains/de/test/auto/TimerZeroDelay.xml
auto.tcl: Setting watchdog for 200 seconds at Mon Feb 18 03:35:14 UTC 2019
4 ms. Memory: 549376K Free: 533556K (97%)
ptolemy.util.test.WatchDog.cancel(): canceling Mon Feb 18 03:35:14 UTC 2019
auto.tcl: Setting watchdog for 200 seconds at Mon Feb 18 03:35:14 UTC 2019
2 ms. Memory: 549376K Free: 533556K (97%)
ptolemy.util.test.WatchDog.cancel(): canceling Mon Feb 18 03:35:14 UTC 2019
------------------ testing $PTII/ptolemy/domains/de/test/auto/TimingParadox.xml
auto.tcl: Setting watchdog for 200 seconds at Mon Feb 18 03:35:14 UTC 2019
324 ms. Memory: 549888K Free: 458625K (83%)
ptolemy.util.test.WatchDog.cancel(): canceling Mon Feb 18 03:35:14 UTC 2019
auto.tcl: Setting watchdog for 200 seconds at Mon Feb 18 03:35:14 UTC 2019
310 ms. Memory: 549888K Free: 425867K (77%)
ptolemy.util.test.WatchDog.cancel(): canceling Mon Feb 18 03:35:14 UTC 2019
------------------ testing $PTII/ptolemy/domains/de/test/auto/TransferInputs.xml
auto.tcl: Setting watchdog for 200 seconds at Mon Feb 18 03:35:14 UTC 2019
6 ms. Memory: 549888K Free: 533025K (97%)
ptolemy.util.test.WatchDog.cancel(): canceling Mon Feb 18 03:35:14 UTC 2019
auto.tcl: Setting watchdog for 200 seconds at Mon Feb 18 03:35:14 UTC 2019
2 ms. Memory: 549888K Free: 533025K (97%)
ptolemy.util.test.WatchDog.cancel(): canceling Mon Feb 18 03:35:14 UTC 2019
------------------ testing $PTII/ptolemy/domains/de/test/auto/TransferOutputs2.xml
auto.tcl: Setting watchdog for 200 seconds at Mon Feb 18 03:35:14 UTC 2019
3 ms. Memory: 549376K Free: 527048K (96%)
ptolemy.util.test.WatchDog.cancel(): canceling Mon Feb 18 03:35:15 UTC 2019
auto.tcl: Setting watchdog for 200 seconds at Mon Feb 18 03:35:15 UTC 2019
3 ms. Memory: 549376K Free: 527048K (96%)
ptolemy.util.test.WatchDog.cancel(): canceling Mon Feb 18 03:35:15 UTC 2019
------------------ testing $PTII/ptolemy/domains/de/test/auto/Trilateration.xml
auto.tcl: Setting watchdog for 200 seconds at Mon Feb 18 03:35:15 UTC 2019
13782 ms. Memory: 766976K Free: 190665K (25%)
ptolemy.util.test.WatchDog.cancel(): canceling Mon Feb 18 03:35:29 UTC 2019
auto.tcl: Setting watchdog for 200 seconds at Mon Feb 18 03:35:29 UTC 2019
11070 ms. Memory: 623104K Free: 586089K (94%)
ptolemy.util.test.WatchDog.cancel(): canceling Mon Feb 18 03:35:40 UTC 2019
------------------ testing $PTII/ptolemy/domains/de/test/auto/TwoSigmaDelta.xml
auto.tcl: Setting watchdog for 200 seconds at Mon Feb 18 03:35:41 UTC 2019
2687 ms. Memory: 619520K Free: 325596K (53%)
ptolemy.util.test.WatchDog.cancel(): canceling Mon Feb 18 03:35:43 UTC 2019
auto.tcl: Setting watchdog for 200 seconds at Mon Feb 18 03:35:43 UTC 2019
2118 ms. Memory: 619520K Free: 98391K (16%)
ptolemy.util.test.WatchDog.cancel(): canceling Mon Feb 18 03:35:46 UTC 2019
------------------ testing $PTII/ptolemy/domains/de/test/auto/VariableDelay.xml
auto.tcl: Setting watchdog for 200 seconds at Mon Feb 18 03:35:46 UTC 2019
3 ms. Memory: 623104K Free: 598925K (96%)
ptolemy.util.test.WatchDog.cancel(): canceling Mon Feb 18 03:35:46 UTC 2019
auto.tcl: Setting watchdog for 200 seconds at Mon Feb 18 03:35:46 UTC 2019
2 ms. Memory: 623104K Free: 598925K (96%)
ptolemy.util.test.WatchDog.cancel(): canceling Mon Feb 18 03:35:46 UTC 2019
------------------ testing $PTII/ptolemy/domains/de/test/auto/VariableDelay2.xml
auto.tcl: Setting watchdog for 200 seconds at Mon Feb 18 03:35:46 UTC 2019
2 ms. Memory: 619520K Free: 601208K (97%)
ptolemy.util.test.WatchDog.cancel(): canceling Mon Feb 18 03:35:46 UTC 2019
auto.tcl: Setting watchdog for 200 seconds at Mon Feb 18 03:35:46 UTC 2019
2 ms. Memory: 619520K Free: 601208K (97%)
ptolemy.util.test.WatchDog.cancel(): canceling Mon Feb 18 03:35:46 UTC 2019
------------------ testing $PTII/ptolemy/domains/de/test/auto/VariableDelayZeroDelay.xml
auto.tcl: Setting watchdog for 200 seconds at Mon Feb 18 03:35:46 UTC 2019
2 ms. Memory: 622592K Free: 598897K (96%)
ptolemy.util.test.WatchDog.cancel(): canceling Mon Feb 18 03:35:46 UTC 2019
auto.tcl: Setting watchdog for 200 seconds at Mon Feb 18 03:35:46 UTC 2019
2 ms. Memory: 622592K Free: 598897K (96%)
ptolemy.util.test.WatchDog.cancel(): canceling Mon Feb 18 03:35:46 UTC 2019
------------------ testing $PTII/ptolemy/domains/de/test/auto/VariableDelayZeroDelay2.xml
auto.tcl: Setting watchdog for 200 seconds at Mon Feb 18 03:35:46 UTC 2019
4 ms. Memory: 619520K Free: 595823K (96%)
ptolemy.util.test.WatchDog.cancel(): canceling Mon Feb 18 03:35:46 UTC 2019
auto.tcl: Setting watchdog for 200 seconds at Mon Feb 18 03:35:46 UTC 2019
2 ms. Memory: 619520K Free: 595823K (96%)
ptolemy.util.test.WatchDog.cancel(): canceling Mon Feb 18 03:35:46 UTC 2019
------------------ testing $PTII/ptolemy/domains/de/test/auto/deInCt.xml
auto.tcl: Setting watchdog for 200 seconds at Mon Feb 18 03:35:46 UTC 2019
0
1
1
1
0
0
0
0
1
1
1
0
0
0
1
1
1
1
0
0
0
1
1
0
0
0
1
1
1
0
0
0
0
1
1
1
1
1
1
1
12 ms. Memory: 622080K Free: 598380K (96%)
ptolemy.util.test.WatchDog.cancel(): canceling Mon Feb 18 03:35:46 UTC 2019
auto.tcl: Setting watchdog for 200 seconds at Mon Feb 18 03:35:46 UTC 2019
0
1
1
1
0
0
0
0
1
1
1
0
0
0
1
1
1
0
0
1
1
1
1
0
0
0
0
1
1
1
1
0
0
0
0
1
1
1
1
9 ms. Memory: 622080K Free: 598380K (96%)
ptolemy.util.test.WatchDog.cancel(): canceling Mon Feb 18 03:35:46 UTC 2019
------------------ testing $PTII/ptolemy/domains/de/test/auto/deInCt2.xml
auto.tcl: Setting watchdog for 200 seconds at Mon Feb 18 03:35:46 UTC 2019
0
1
1
1
0
0
1
1
1
0
0
1
1
1
0
0
1
1
1
0
0
1
1
1
0
0
1
1
1
0
0
1
1
1
0
0
1
1
1
0
0
0
5 ms. Memory: 619520K Free: 595748K (96%)
ptolemy.util.test.WatchDog.cancel(): canceling Mon Feb 18 03:35:46 UTC 2019
auto.tcl: Setting watchdog for 200 seconds at Mon Feb 18 03:35:46 UTC 2019
0
1
1
1
0
0
1
1
1
0
0
1
1
1
0
0
1
1
1
0
0
1
1
1
0
0
1
1
1
0
0
1
1
1
0
0
1
1
1
0
0
0
7 ms. Memory: 619520K Free: 595748K (96%)
ptolemy.util.test.WatchDog.cancel(): canceling Mon Feb 18 03:35:46 UTC 2019
------------------ testing $PTII/ptolemy/domains/de/test/auto/dynamicCausalityInterface1.xml
auto.tcl: Setting watchdog for 200 seconds at Mon Feb 18 03:35:46 UTC 2019
3 ms. Memory: 621568K Free: 589582K (95%)
ptolemy.util.test.WatchDog.cancel(): canceling Mon Feb 18 03:35:46 UTC 2019
auto.tcl: Setting watchdog for 200 seconds at Mon Feb 18 03:35:46 UTC 2019
1 ms. Memory: 621568K Free: 589582K (95%)
ptolemy.util.test.WatchDog.cancel(): canceling Mon Feb 18 03:35:46 UTC 2019
------------------ testing $PTII/ptolemy/domains/de/test/auto/fsm_de_test.xml
auto.tcl: Setting watchdog for 200 seconds at Mon Feb 18 03:35:46 UTC 2019
15 ms. Memory: 619520K Free: 595710K (96%)
ptolemy.util.test.WatchDog.cancel(): canceling Mon Feb 18 03:35:46 UTC 2019
auto.tcl: Setting watchdog for 200 seconds at Mon Feb 18 03:35:46 UTC 2019
8 ms. Memory: 619520K Free: 587437K (95%)
ptolemy.util.test.WatchDog.cancel(): canceling Mon Feb 18 03:35:46 UTC 2019
------------------ testing $PTII/ptolemy/domains/de/test/auto/functionDependencyReconstruction.xml
auto.tcl: Setting watchdog for 200 seconds at Mon Feb 18 03:35:46 UTC 2019
2 ms. Memory: 621568K Free: 589476K (95%)
ptolemy.util.test.WatchDog.cancel(): canceling Mon Feb 18 03:35:46 UTC 2019
auto.tcl: Setting watchdog for 200 seconds at Mon Feb 18 03:35:46 UTC 2019
3 ms. Memory: 621568K Free: 589476K (95%)
ptolemy.util.test.WatchDog.cancel(): canceling Mon Feb 18 03:35:46 UTC 2019
------------------ testing $PTII/ptolemy/domains/de/test/auto/multirate.xml
auto.tcl: Setting watchdog for 200 seconds at Mon Feb 18 03:35:46 UTC 2019
4 ms. Memory: 619520K Free: 595577K (96%)
ptolemy.util.test.WatchDog.cancel(): canceling Mon Feb 18 03:35:46 UTC 2019
auto.tcl: Setting watchdog for 200 seconds at Mon Feb 18 03:35:46 UTC 2019
4 ms. Memory: 619520K Free: 595577K (96%)
ptolemy.util.test.WatchDog.cancel(): canceling Mon Feb 18 03:35:46 UTC 2019
------------------ testing $PTII/ptolemy/domains/de/test/auto/multirate2.xml
auto.tcl: Setting watchdog for 200 seconds at Mon Feb 18 03:35:46 UTC 2019
5 ms. Memory: 621056K Free: 597300K (96%)
ptolemy.util.test.WatchDog.cancel(): canceling Mon Feb 18 03:35:46 UTC 2019
auto.tcl: Setting watchdog for 200 seconds at Mon Feb 18 03:35:46 UTC 2019
2 ms. Memory: 621056K Free: 597300K (96%)
ptolemy.util.test.WatchDog.cancel(): canceling Mon Feb 18 03:35:46 UTC 2019
------------------ testing $PTII/ptolemy/domains/de/test/auto/realtime.xml
auto.tcl: Setting watchdog for 200 seconds at Mon Feb 18 03:35:46 UTC 2019
10001 ms. Memory: 619520K Free: 595691K (96%)
ptolemy.util.test.WatchDog.cancel(): canceling Mon Feb 18 03:35:56 UTC 2019
auto.tcl: Setting watchdog for 200 seconds at Mon Feb 18 03:35:56 UTC 2019
10002 ms. Memory: 619520K Free: 595691K (96%)
ptolemy.util.test.WatchDog.cancel(): canceling Mon Feb 18 03:36:06 UTC 2019
------------------ testing $PTII/ptolemy/domains/de/test/auto/relationGroup.xml
auto.tcl: Setting watchdog for 200 seconds at Mon Feb 18 03:36:06 UTC 2019
2 ms. Memory: 621056K Free: 597325K (96%)
ptolemy.util.test.WatchDog.cancel(): canceling Mon Feb 18 03:36:06 UTC 2019
auto.tcl: Setting watchdog for 200 seconds at Mon Feb 18 03:36:06 UTC 2019
1 ms. Memory: 621056K Free: 597325K (96%)
ptolemy.util.test.WatchDog.cancel(): canceling Mon Feb 18 03:36:06 UTC 2019
------------------ testing $PTII/ptolemy/domains/de/test/auto/relationGroup2.xml
auto.tcl: Setting watchdog for 200 seconds at Mon Feb 18 03:36:06 UTC 2019
2 ms. Memory: 619520K Free: 595815K (96%)
ptolemy.util.test.WatchDog.cancel(): canceling Mon Feb 18 03:36:07 UTC 2019
auto.tcl: Setting watchdog for 200 seconds at Mon Feb 18 03:36:07 UTC 2019
2 ms. Memory: 619520K Free: 595815K (96%)
ptolemy.util.test.WatchDog.cancel(): canceling Mon Feb 18 03:36:07 UTC 2019
------------------ testing $PTII/ptolemy/domains/de/test/auto/sortWithOpaquePorts.xml
auto.tcl: Setting watchdog for 200 seconds at Mon Feb 18 03:36:07 UTC 2019
2 ms. Memory: 620544K Free: 596840K (96%)
ptolemy.util.test.WatchDog.cancel(): canceling Mon Feb 18 03:36:07 UTC 2019
auto.tcl: Setting watchdog for 200 seconds at Mon Feb 18 03:36:07 UTC 2019
1 ms. Memory: 620544K Free: 596840K (96%)
ptolemy.util.test.WatchDog.cancel(): canceling Mon Feb 18 03:36:07 UTC 2019
------------------ testing $PTII/ptolemy/domains/de/test/auto/transferInputsandOutputs.xml
auto.tcl: Setting watchdog for 200 seconds at Mon Feb 18 03:36:07 UTC 2019
2 ms. Memory: 619520K Free: 595804K (96%)
ptolemy.util.test.WatchDog.cancel(): canceling Mon Feb 18 03:36:07 UTC 2019
auto.tcl: Setting watchdog for 200 seconds at Mon Feb 18 03:36:07 UTC 2019
3 ms. Memory: 619520K Free: 595804K (96%)
ptolemy.util.test.WatchDog.cancel(): canceling Mon Feb 18 03:36:07 UTC 2019
------------------ testing $PTII/ptolemy/domains/de/test/auto/triggerType.xml
auto.tcl: Setting watchdog for 200 seconds at Mon Feb 18 03:36:07 UTC 2019
2 ms. Memory: 620544K Free: 596777K (96%)
ptolemy.util.test.WatchDog.cancel(): canceling Mon Feb 18 03:36:07 UTC 2019
auto.tcl: Setting watchdog for 200 seconds at Mon Feb 18 03:36:07 UTC 2019
1 ms. Memory: 620544K Free: 596777K (96%)
ptolemy.util.test.WatchDog.cancel(): canceling Mon Feb 18 03:36:07 UTC 2019
02/18/19 03:36:07
Failed: 0  Total Tests: 192  ((Passed: 187, Newly Passed: 1)  Known Failed: 5) /home/travis/build/icyphy/ptII/ptolemy/domains/de/test
02/18/19 03:36:07
Failed: 0  Total Tests: 192  ((Passed: 187, Newly Passed: 1)  Known Failed: 5) /home/travis/build/icyphy/ptII/ptolemy/domains/de/test
----------------- testing (KnownFailure) /home/travis/build/icyphy/ptII/ptolemy/domains/de/test/auto/knownFailedTests/DESDFClockTest.xml
2009 ms. Memory: 619520K Free: 584972K (94%)
Known Failure: java.lang.reflect.InvocationTargetException
----------------- testing (KnownFailure) /home/travis/build/icyphy/ptII/ptolemy/domains/de/test/auto/knownFailedTests/DirectFeedback.xml
1 ms. Memory: 619520K Free: 541923K (87%)
Known Failure: java.lang.reflect.InvocationTargetException
----------------- testing (KnownFailure) /home/travis/build/icyphy/ptII/ptolemy/domains/de/test/auto/knownFailedTests/FSMSource.xml
13 ms. Memory: 619520K Free: 498874K (81%)
----------------- testing (KnownFailure) /home/travis/build/icyphy/ptII/ptolemy/domains/de/test/auto/knownFailedTests/HierarchicalModel.xml
2 ms. Memory: 619520K Free: 466571K (75%)
Known Failure: java.lang.reflect.InvocationTargetException
----------------- testing (KnownFailure) /home/travis/build/icyphy/ptII/ptolemy/domains/de/test/auto/knownFailedTests/dependencyLoop.xml
2 ms. Memory: 619520K Free: 412744K (67%)
Known Failure: java.lang.reflect.InvocationTargetException
----------------- testing (KnownFailure) /home/travis/build/icyphy/ptII/ptolemy/domains/de/test/auto/knownFailedTests/dependencyLoop2.xml
3 ms. Memory: 619520K Free: 358916K (58%)
Known Failure: java.lang.reflect.InvocationTargetException
No auto/linux-amd64/*.xml tests in /home/travis/build/icyphy/ptII/ptolemy/domains/de/test
AutoTests.java: About to close Vertx.
AutoTests.java: Vertx closed.

===========================================================================================
----------------- testing Mon Feb 18 03:36:09 UTC 2019 /home/travis/build/icyphy/ptII/ptolemy/domains/de/test/auto/ActorDepthCalculation_actorWithoutPorts.xml
----------------- Instantiating /home/travis/build/icyphy/ptII/ptolemy/domains/de/test/auto/ActorDepthCalculation_actorWithoutPorts.xml
1 ms. Memory: 619520K Free: 305105K (49%)
----------------- Invoking toplevel() on ptolemy.moml.MoMLSimpleApplication@50c2dd7b
----------------- Done invoking toplevel() on ptolemy.moml.MoMLSimpleApplication@50c2dd7b
reloadAllAccessors: .ActorDepthCalculation_actorWithoutPorts

===========================================================================================
----------------- testing Mon Feb 18 03:36:09 UTC 2019 /home/travis/build/icyphy/ptII/ptolemy/domains/de/test/auto/AssemblyLine.xml
----------------- Instantiating /home/travis/build/icyphy/ptII/ptolemy/domains/de/test/auto/AssemblyLine.xml
2 ms. Memory: 619520K Free: 283580K (46%)
----------------- Invoking toplevel() on ptolemy.moml.MoMLSimpleApplication@3a1aed79
----------------- Done invoking toplevel() on ptolemy.moml.MoMLSimpleApplication@3a1aed79
reloadAllAccessors: .AssemblyLine

===========================================================================================
----------------- testing Mon Feb 18 03:36:09 UTC 2019 /home/travis/build/icyphy/ptII/ptolemy/domains/de/test/auto/CQBug1.xml
----------------- Instantiating /home/travis/build/icyphy/ptII/ptolemy/domains/de/test/auto/CQBug1.xml
1 ms. Memory: 619520K Free: 262056K (42%)
----------------- Invoking toplevel() on ptolemy.moml.MoMLSimpleApplication@20cc0322
----------------- Done invoking toplevel() on ptolemy.moml.MoMLSimpleApplication@20cc0322
reloadAllAccessors: .CQBug1

===========================================================================================
----------------- testing Mon Feb 18 03:36:09 UTC 2019 /home/travis/build/icyphy/ptII/ptolemy/domains/de/test/auto/CancelFireAt.xml
----------------- Instantiating /home/travis/build/icyphy/ptII/ptolemy/domains/de/test/auto/CancelFireAt.xml
2 ms. Memory: 619520K Free: 240531K (39%)
----------------- Invoking toplevel() on ptolemy.moml.MoMLSimpleApplication@633fb07b
----------------- Done invoking toplevel() on ptolemy.moml.MoMLSimpleApplication@633fb07b
reloadAllAccessors: .CancelFireAt

===========================================================================================
----------------- testing Mon Feb 18 03:36:09 UTC 2019 /home/travis/build/icyphy/ptII/ptolemy/domains/de/test/auto/CausalityAndComposabilityAnalysis.xml
----------------- Instantiating /home/travis/build/icyphy/ptII/ptolemy/domains/de/test/auto/CausalityAndComposabilityAnalysis.xml
2 ms. Memory: 619520K Free: 219007K (35%)
----------------- Invoking toplevel() on ptolemy.moml.MoMLSimpleApplication@6b503cba
----------------- Done invoking toplevel() on ptolemy.moml.MoMLSimpleApplication@6b503cba
reloadAllAccessors: .CausalityAndComposabilityAnalysis

===========================================================================================
----------------- testing Mon Feb 18 03:36:09 UTC 2019 /home/travis/build/icyphy/ptII/ptolemy/domains/de/test/auto/CausalityInterface1.xml
----------------- Instantiating /home/travis/build/icyphy/ptII/ptolemy/domains/de/test/auto/CausalityInterface1.xml
4 ms. Memory: 619520K Free: 197482K (32%)
----------------- Invoking toplevel() on ptolemy.moml.MoMLSimpleApplication@57aa8f8b
----------------- Done invoking toplevel() on ptolemy.moml.MoMLSimpleApplication@57aa8f8b
reloadAllAccessors: .CausalityInterface1

===========================================================================================
----------------- testing Mon Feb 18 03:36:09 UTC 2019 /home/travis/build/icyphy/ptII/ptolemy/domains/de/test/auto/CausalityInterface15.xml
----------------- Instantiating /home/travis/build/icyphy/ptII/ptolemy/domains/de/test/auto/CausalityInterface15.xml
1 ms. Memory: 619520K Free: 175958K (28%)
----------------- Invoking toplevel() on ptolemy.moml.MoMLSimpleApplication@7ba83cf9
----------------- Done invoking toplevel() on ptolemy.moml.MoMLSimpleApplication@7ba83cf9
reloadAllAccessors: .CausalityInterface15

===========================================================================================
----------------- testing Mon Feb 18 03:36:09 UTC 2019 /home/travis/build/icyphy/ptII/ptolemy/domains/de/test/auto/CausalityInterface2.xml
----------------- Instantiating /home/travis/build/icyphy/ptII/ptolemy/domains/de/test/auto/CausalityInterface2.xml
1 ms. Memory: 619520K Free: 154433K (25%)
----------------- Invoking toplevel() on ptolemy.moml.MoMLSimpleApplication@4ae22dc6
----------------- Done invoking toplevel() on ptolemy.moml.MoMLSimpleApplication@4ae22dc6
reloadAllAccessors: .CausalityInterface2

===========================================================================================
----------------- testing Mon Feb 18 03:36:09 UTC 2019 /home/travis/build/icyphy/ptII/ptolemy/domains/de/test/auto/CausalityInterface3.xml
----------------- Instantiating /home/travis/build/icyphy/ptII/ptolemy/domains/de/test/auto/CausalityInterface3.xml
1 ms. Memory: 619520K Free: 132909K (21%)
----------------- Invoking toplevel() on ptolemy.moml.MoMLSimpleApplication@42762f3e
----------------- Done invoking toplevel() on ptolemy.moml.MoMLSimpleApplication@42762f3e
reloadAllAccessors: .CausalityInterface3

===========================================================================================
----------------- testing Mon Feb 18 03:36:09 UTC 2019 /home/travis/build/icyphy/ptII/ptolemy/domains/de/test/auto/ClockDrift.xml
----------------- Instantiating /home/travis/build/icyphy/ptII/ptolemy/domains/de/test/auto/ClockDrift.xml
16 ms. Memory: 619520K Free: 111384K (18%)
----------------- Invoking toplevel() on ptolemy.moml.MoMLSimpleApplication@4a8436c7
----------------- Done invoking toplevel() on ptolemy.moml.MoMLSimpleApplication@4a8436c7
reloadAllAccessors: .ClockDrift

===========================================================================================
----------------- testing Mon Feb 18 03:36:09 UTC 2019 /home/travis/build/icyphy/ptII/ptolemy/domains/de/test/auto/ClockDriftAndValueChange.xml
----------------- Instantiating /home/travis/build/icyphy/ptII/ptolemy/domains/de/test/auto/ClockDriftAndValueChange.xml
9 ms. Memory: 619520K Free: 89860K (15%)
----------------- Invoking toplevel() on ptolemy.moml.MoMLSimpleApplication@4c6ba735
----------------- Done invoking toplevel() on ptolemy.moml.MoMLSimpleApplication@4c6ba735
reloadAllAccessors: .ClockDriftAndValueChange

===========================================================================================
----------------- testing Mon Feb 18 03:36:09 UTC 2019 /home/travis/build/icyphy/ptII/ptolemy/domains/de/test/auto/ClockDriftChange.xml
----------------- Instantiating /home/travis/build/icyphy/ptII/ptolemy/domains/de/test/auto/ClockDriftChange.xml
8 ms. Memory: 619520K Free: 76722K (12%)
----------------- Invoking toplevel() on ptolemy.moml.MoMLSimpleApplication@1fb59efd
----------------- Done invoking toplevel() on ptolemy.moml.MoMLSimpleApplication@1fb59efd
reloadAllAccessors: .ClockDriftChange

===========================================================================================
----------------- testing Mon Feb 18 03:36:09 UTC 2019 /home/travis/build/icyphy/ptII/ptolemy/domains/de/test/auto/ComposableCausalityAnalysis.xml
----------------- Instantiating /home/travis/build/icyphy/ptII/ptolemy/domains/de/test/auto/ComposableCausalityAnalysis.xml
1 ms. Memory: 595456K Free: 569984K (96%)
----------------- Invoking toplevel() on ptolemy.moml.MoMLSimpleApplication@ebb4a08
----------------- Done invoking toplevel() on ptolemy.moml.MoMLSimpleApplication@ebb4a08
reloadAllAccessors: .ComposableCausalityAnalysis

===========================================================================================
----------------- testing Mon Feb 18 03:36:09 UTC 2019 /home/travis/build/icyphy/ptII/ptolemy/domains/de/test/auto/DEFixedPointLimitation.xml
----------------- Instantiating /home/travis/build/icyphy/ptII/ptolemy/domains/de/test/auto/DEFixedPointLimitation.xml
1 ms. Memory: 595456K Free: 544341K (91%)
----------------- Invoking toplevel() on ptolemy.moml.MoMLSimpleApplication@1e48b0ff
----------------- Done invoking toplevel() on ptolemy.moml.MoMLSimpleApplication@1e48b0ff
reloadAllAccessors: .DEFixedPointLimitation

===========================================================================================
----------------- testing Mon Feb 18 03:36:09 UTC 2019 /home/travis/build/icyphy/ptII/ptolemy/domains/de/test/auto/DEScheduleTest.xml
----------------- Instantiating /home/travis/build/icyphy/ptII/ptolemy/domains/de/test/auto/DEScheduleTest.xml
6 ms. Memory: 595456K Free: 523820K (88%)
----------------- Invoking toplevel() on ptolemy.moml.MoMLSimpleApplication@6b886a2a
----------------- Done invoking toplevel() on ptolemy.moml.MoMLSimpleApplication@6b886a2a
reloadAllAccessors: .DEScheduleTest

===========================================================================================
----------------- testing Mon Feb 18 03:36:09 UTC 2019 /home/travis/build/icyphy/ptII/ptolemy/domains/de/test/auto/DEinDEwithStartTimes.xml
----------------- Instantiating /home/travis/build/icyphy/ptII/ptolemy/domains/de/test/auto/DEinDEwithStartTimes.xml
2 ms. Memory: 595456K Free: 503299K (85%)
----------------- Invoking toplevel() on ptolemy.moml.MoMLSimpleApplication@7bc7e83a
----------------- Done invoking toplevel() on ptolemy.moml.MoMLSimpleApplication@7bc7e83a
reloadAllAccessors: .DEinDEwithStartTimes

===========================================================================================
----------------- testing Mon Feb 18 03:36:09 UTC 2019 /home/travis/build/icyphy/ptII/ptolemy/domains/de/test/auto/DEinDEwithStartTimes2.xml
----------------- Instantiating /home/travis/build/icyphy/ptII/ptolemy/domains/de/test/auto/DEinDEwithStartTimes2.xml
2 ms. Memory: 595456K Free: 482734K (81%)
----------------- Invoking toplevel() on ptolemy.moml.MoMLSimpleApplication@2b30107f
----------------- Done invoking toplevel() on ptolemy.moml.MoMLSimpleApplication@2b30107f
reloadAllAccessors: .DEinDEwithStartTimes2

===========================================================================================
----------------- testing Mon Feb 18 03:36:09 UTC 2019 /home/travis/build/icyphy/ptII/ptolemy/domains/de/test/auto/DateDemo.xml
----------------- Instantiating /home/travis/build/icyphy/ptII/ptolemy/domains/de/test/auto/DateDemo.xml
4 ms. Memory: 595456K Free: 462213K (78%)
----------------- Invoking toplevel() on ptolemy.moml.MoMLSimpleApplication@54afb753
----------------- Done invoking toplevel() on ptolemy.moml.MoMLSimpleApplication@54afb753
reloadAllAccessors: .DateDemo

===========================================================================================
----------------- testing Mon Feb 18 03:36:09 UTC 2019 /home/travis/build/icyphy/ptII/ptolemy/domains/de/test/auto/DateToEvent.xml
----------------- Instantiating /home/travis/build/icyphy/ptII/ptolemy/domains/de/test/auto/DateToEvent.xml
2005 ms. Memory: 595456K Free: 431415K (72%)
----------------- Invoking toplevel() on ptolemy.moml.MoMLSimpleApplication@4c2bd096
----------------- Done invoking toplevel() on ptolemy.moml.MoMLSimpleApplication@4c2bd096
reloadAllAccessors: .DateToEvent

===========================================================================================
----------------- testing Mon Feb 18 03:36:11 UTC 2019 /home/travis/build/icyphy/ptII/ptolemy/domains/de/test/auto/DepthTest1.xml
----------------- Instantiating /home/travis/build/icyphy/ptII/ptolemy/domains/de/test/auto/DepthTest1.xml
2 ms. Memory: 595456K Free: 410894K (69%)
----------------- Invoking toplevel() on ptolemy.moml.MoMLSimpleApplication@7a0e1f0b
----------------- Done invoking toplevel() on ptolemy.moml.MoMLSimpleApplication@7a0e1f0b
reloadAllAccessors: .DepthTest1

===========================================================================================
----------------- testing Mon Feb 18 03:36:11 UTC 2019 /home/travis/build/icyphy/ptII/ptolemy/domains/de/test/auto/DepthTest2.xml
----------------- Instantiating /home/travis/build/icyphy/ptII/ptolemy/domains/de/test/auto/DepthTest2.xml
2 ms. Memory: 595456K Free: 390373K (66%)
----------------- Invoking toplevel() on ptolemy.moml.MoMLSimpleApplication@187af2e9
----------------- Done invoking toplevel() on ptolemy.moml.MoMLSimpleApplication@187af2e9
reloadAllAccessors: .DepthTest2

===========================================================================================
----------------- testing Mon Feb 18 03:36:11 UTC 2019 /home/travis/build/icyphy/ptII/ptolemy/domains/de/test/auto/DepthTest3.xml
----------------- Instantiating /home/travis/build/icyphy/ptII/ptolemy/domains/de/test/auto/DepthTest3.xml
1 ms. Memory: 595456K Free: 369852K (62%)
----------------- Invoking toplevel() on ptolemy.moml.MoMLSimpleApplication@240dfd72
----------------- Done invoking toplevel() on ptolemy.moml.MoMLSimpleApplication@240dfd72
reloadAllAccessors: .DepthTest3

===========================================================================================
----------------- testing Mon Feb 18 03:36:11 UTC 2019 /home/travis/build/icyphy/ptII/ptolemy/domains/de/test/auto/DepthTest4.xml
----------------- Instantiating /home/travis/build/icyphy/ptII/ptolemy/domains/de/test/auto/DepthTest4.xml
2 ms. Memory: 595456K Free: 349331K (59%)
----------------- Invoking toplevel() on ptolemy.moml.MoMLSimpleApplication@4934812a
----------------- Done invoking toplevel() on ptolemy.moml.MoMLSimpleApplication@4934812a
reloadAllAccessors: .DepthTest4

===========================================================================================
----------------- testing Mon Feb 18 03:36:11 UTC 2019 /home/travis/build/icyphy/ptII/ptolemy/domains/de/test/auto/DepthTest5.xml
----------------- Instantiating /home/travis/build/icyphy/ptII/ptolemy/domains/de/test/auto/DepthTest5.xml
1 ms. Memory: 595456K Free: 328810K (55%)
----------------- Invoking toplevel() on ptolemy.moml.MoMLSimpleApplication@58e89199
----------------- Done invoking toplevel() on ptolemy.moml.MoMLSimpleApplication@58e89199
reloadAllAccessors: .DepthTest5

===========================================================================================
----------------- testing Mon Feb 18 03:36:11 UTC 2019 /home/travis/build/icyphy/ptII/ptolemy/domains/de/test/auto/DepthTest6.xml
----------------- Instantiating /home/travis/build/icyphy/ptII/ptolemy/domains/de/test/auto/DepthTest6.xml
1 ms. Memory: 595456K Free: 303167K (51%)
----------------- Invoking toplevel() on ptolemy.moml.MoMLSimpleApplication@2ac7c440
----------------- Done invoking toplevel() on ptolemy.moml.MoMLSimpleApplication@2ac7c440
reloadAllAccessors: .DepthTest6

===========================================================================================
----------------- testing Mon Feb 18 03:36:11 UTC 2019 /home/travis/build/icyphy/ptII/ptolemy/domains/de/test/auto/DepthTest7.xml
----------------- Instantiating /home/travis/build/icyphy/ptII/ptolemy/domains/de/test/auto/DepthTest7.xml
1 ms. Memory: 595456K Free: 282646K (47%)
----------------- Invoking toplevel() on ptolemy.moml.MoMLSimpleApplication@6e257a10
----------------- Done invoking toplevel() on ptolemy.moml.MoMLSimpleApplication@6e257a10
reloadAllAccessors: .DepthTest7

===========================================================================================
----------------- testing Mon Feb 18 03:36:11 UTC 2019 /home/travis/build/icyphy/ptII/ptolemy/domains/de/test/auto/EventToDate.xml
----------------- Instantiating /home/travis/build/icyphy/ptII/ptolemy/domains/de/test/auto/EventToDate.xml
3003 ms. Memory: 595456K Free: 251849K (42%)
----------------- Invoking toplevel() on ptolemy.moml.MoMLSimpleApplication@637ce466
----------------- Done invoking toplevel() on ptolemy.moml.MoMLSimpleApplication@637ce466
reloadAllAccessors: .EventToDate

===========================================================================================
----------------- testing Mon Feb 18 03:36:14 UTC 2019 /home/travis/build/icyphy/ptII/ptolemy/domains/de/test/auto/FSM1.xml
----------------- Instantiating /home/travis/build/icyphy/ptII/ptolemy/domains/de/test/auto/FSM1.xml
8 ms. Memory: 595456K Free: 231328K (39%)
----------------- Invoking toplevel() on ptolemy.moml.MoMLSimpleApplication@112d22f
----------------- Done invoking toplevel() on ptolemy.moml.MoMLSimpleApplication@112d22f
reloadAllAccessors: .FSM1

===========================================================================================
----------------- testing Mon Feb 18 03:36:14 UTC 2019 /home/travis/build/icyphy/ptII/ptolemy/domains/de/test/auto/FSM7.xml
----------------- Instantiating /home/travis/build/icyphy/ptII/ptolemy/domains/de/test/auto/FSM7.xml
19 ms. Memory: 595456K Free: 210807K (35%)
----------------- Invoking toplevel() on ptolemy.moml.MoMLSimpleApplication@5d1bd3c4
----------------- Done invoking toplevel() on ptolemy.moml.MoMLSimpleApplication@5d1bd3c4
reloadAllAccessors: .FSM7

===========================================================================================
----------------- testing Mon Feb 18 03:36:14 UTC 2019 /home/travis/build/icyphy/ptII/ptolemy/domains/de/test/auto/Inspection.xml
----------------- Instantiating /home/travis/build/icyphy/ptII/ptolemy/domains/de/test/auto/Inspection.xml
17 ms. Memory: 595456K Free: 180025K (30%)
----------------- Invoking toplevel() on ptolemy.moml.MoMLSimpleApplication@77bcd318
----------------- Done invoking toplevel() on ptolemy.moml.MoMLSimpleApplication@77bcd318
reloadAllAccessors: .Inspection

===========================================================================================
----------------- testing Mon Feb 18 03:36:14 UTC 2019 /home/travis/build/icyphy/ptII/ptolemy/domains/de/test/auto/Iteration.xml
----------------- Instantiating /home/travis/build/icyphy/ptII/ptolemy/domains/de/test/auto/Iteration.xml
9 ms. Memory: 595456K Free: 159504K (27%)
----------------- Invoking toplevel() on ptolemy.moml.MoMLSimpleApplication@6d8e9026
----------------- Done invoking toplevel() on ptolemy.moml.MoMLSimpleApplication@6d8e9026
reloadAllAccessors: .Iteration

===========================================================================================
----------------- testing Mon Feb 18 03:36:15 UTC 2019 /home/travis/build/icyphy/ptII/ptolemy/domains/de/test/auto/LineFault.xml
----------------- Instantiating /home/travis/build/icyphy/ptII/ptolemy/domains/de/test/auto/LineFault.xml
469 ms. Memory: 571392K Free: 516274K (90%)
----------------- Invoking toplevel() on ptolemy.moml.MoMLSimpleApplication@1231706e
----------------- Done invoking toplevel() on ptolemy.moml.MoMLSimpleApplication@1231706e
reloadAllAccessors: .LineFault

===========================================================================================
----------------- testing Mon Feb 18 03:36:15 UTC 2019 /home/travis/build/icyphy/ptII/ptolemy/domains/de/test/auto/MergeModel1Add.xml
----------------- Instantiating /home/travis/build/icyphy/ptII/ptolemy/domains/de/test/auto/MergeModel1Add.xml
6 ms. Memory: 571392K Free: 483066K (85%)
----------------- Invoking toplevel() on ptolemy.moml.MoMLSimpleApplication@69b770ad
----------------- Done invoking toplevel() on ptolemy.moml.MoMLSimpleApplication@69b770ad
reloadAllAccessors: .MergeModel1Add

===========================================================================================
----------------- testing Mon Feb 18 03:36:15 UTC 2019 /home/travis/build/icyphy/ptII/ptolemy/domains/de/test/auto/MergeModel2Add.xml
----------------- Instantiating /home/travis/build/icyphy/ptII/ptolemy/domains/de/test/auto/MergeModel2Add.xml
5 ms. Memory: 571392K Free: 458586K (80%)
----------------- Invoking toplevel() on ptolemy.moml.MoMLSimpleApplication@3eed979d
----------------- Done invoking toplevel() on ptolemy.moml.MoMLSimpleApplication@3eed979d
reloadAllAccessors: .MergeModel2Add

===========================================================================================
----------------- testing Mon Feb 18 03:36:15 UTC 2019 /home/travis/build/icyphy/ptII/ptolemy/domains/de/test/auto/MergeModel3Add.xml
----------------- Instantiating /home/travis/build/icyphy/ptII/ptolemy/domains/de/test/auto/MergeModel3Add.xml
5 ms. Memory: 571392K Free: 434122K (76%)
----------------- Invoking toplevel() on ptolemy.moml.MoMLSimpleApplication@7022207f
----------------- Done invoking toplevel() on ptolemy.moml.MoMLSimpleApplication@7022207f
reloadAllAccessors: .MergeModel3Add

===========================================================================================
----------------- testing Mon Feb 18 03:36:15 UTC 2019 /home/travis/build/icyphy/ptII/ptolemy/domains/de/test/auto/MergeWithoutDiscard.xml
----------------- Instantiating /home/travis/build/icyphy/ptII/ptolemy/domains/de/test/auto/MergeWithoutDiscard.xml
1 ms. Memory: 571392K Free: 424342K (74%)
----------------- Invoking toplevel() on ptolemy.moml.MoMLSimpleApplication@600cfeae
----------------- Done invoking toplevel() on ptolemy.moml.MoMLSimpleApplication@600cfeae
reloadAllAccessors: .MergeWithoutDiscard

===========================================================================================
----------------- testing Mon Feb 18 03:36:15 UTC 2019 /home/travis/build/icyphy/ptII/ptolemy/domains/de/test/auto/Modal1.xml
----------------- Instantiating /home/travis/build/icyphy/ptII/ptolemy/domains/de/test/auto/Modal1.xml
8 ms. Memory: 571392K Free: 409638K (72%)
----------------- Invoking toplevel() on ptolemy.moml.MoMLSimpleApplication@2dbd0e21
----------------- Done invoking toplevel() on ptolemy.moml.MoMLSimpleApplication@2dbd0e21
reloadAllAccessors: .Modal1

===========================================================================================
----------------- testing Mon Feb 18 03:36:15 UTC 2019 /home/travis/build/icyphy/ptII/ptolemy/domains/de/test/auto/Modal2.xml
----------------- Instantiating /home/travis/build/icyphy/ptII/ptolemy/domains/de/test/auto/Modal2.xml
7 ms. Memory: 571392K Free: 394961K (69%)
----------------- Invoking toplevel() on ptolemy.moml.MoMLSimpleApplication@357f1685
----------------- Done invoking toplevel() on ptolemy.moml.MoMLSimpleApplication@357f1685
reloadAllAccessors: .Modal2

===========================================================================================
----------------- testing Mon Feb 18 03:36:15 UTC 2019 /home/travis/build/icyphy/ptII/ptolemy/domains/de/test/auto/Modal3.xml
----------------- Instantiating /home/travis/build/icyphy/ptII/ptolemy/domains/de/test/auto/Modal3.xml
6 ms. Memory: 571392K Free: 377024K (66%)
----------------- Invoking toplevel() on ptolemy.moml.MoMLSimpleApplication@2dbd822c
----------------- Done invoking toplevel() on ptolemy.moml.MoMLSimpleApplication@2dbd822c
reloadAllAccessors: .Modal3

===========================================================================================
----------------- testing Mon Feb 18 03:36:15 UTC 2019 /home/travis/build/icyphy/ptII/ptolemy/domains/de/test/auto/Modal4.xml
----------------- Instantiating /home/travis/build/icyphy/ptII/ptolemy/domains/de/test/auto/Modal4.xml
8 ms. Memory: 571392K Free: 362339K (63%)
----------------- Invoking toplevel() on ptolemy.moml.MoMLSimpleApplication@3e4aafd1
----------------- Done invoking toplevel() on ptolemy.moml.MoMLSimpleApplication@3e4aafd1
reloadAllAccessors: .Modal4

===========================================================================================
----------------- testing Mon Feb 18 03:36:15 UTC 2019 /home/travis/build/icyphy/ptII/ptolemy/domains/de/test/auto/Modal5.xml
----------------- Instantiating /home/travis/build/icyphy/ptII/ptolemy/domains/de/test/auto/Modal5.xml
7 ms. Memory: 571392K Free: 347654K (61%)
----------------- Invoking toplevel() on ptolemy.moml.MoMLSimpleApplication@431d22ff
----------------- Done invoking toplevel() on ptolemy.moml.MoMLSimpleApplication@431d22ff
reloadAllAccessors: .Modal5

===========================================================================================
----------------- testing Mon Feb 18 03:36:15 UTC 2019 /home/travis/build/icyphy/ptII/ptolemy/domains/de/test/auto/Modal6.xml
----------------- Instantiating /home/travis/build/icyphy/ptII/ptolemy/domains/de/test/auto/Modal6.xml
7 ms. Memory: 571392K Free: 332969K (58%)
----------------- Invoking toplevel() on ptolemy.moml.MoMLSimpleApplication@17995a90
----------------- Done invoking toplevel() on ptolemy.moml.MoMLSimpleApplication@17995a90
reloadAllAccessors: .Modal6

===========================================================================================
----------------- testing Mon Feb 18 03:36:15 UTC 2019 /home/travis/build/icyphy/ptII/ptolemy/domains/de/test/auto/Modal7.xml
----------------- Instantiating /home/travis/build/icyphy/ptII/ptolemy/domains/de/test/auto/Modal7.xml
5 ms. Memory: 571392K Free: 313395K (55%)
----------------- Invoking toplevel() on ptolemy.moml.MoMLSimpleApplication@34163bb7
----------------- Done invoking toplevel() on ptolemy.moml.MoMLSimpleApplication@34163bb7
reloadAllAccessors: .Modal7

===========================================================================================
----------------- testing Mon Feb 18 03:36:15 UTC 2019 /home/travis/build/icyphy/ptII/ptolemy/domains/de/test/auto/ModalModel.xml
----------------- Instantiating /home/travis/build/icyphy/ptII/ptolemy/domains/de/test/auto/ModalModel.xml
95 ms. Memory: 571392K Free: 239915K (42%)
----------------- Invoking toplevel() on ptolemy.moml.MoMLSimpleApplication@6523835b
----------------- Done invoking toplevel() on ptolemy.moml.MoMLSimpleApplication@6523835b
reloadAllAccessors: .ModalModel

===========================================================================================
----------------- testing Mon Feb 18 03:36:16 UTC 2019 /home/travis/build/icyphy/ptII/ptolemy/domains/de/test/auto/ModalSource.xml
----------------- Instantiating /home/travis/build/icyphy/ptII/ptolemy/domains/de/test/auto/ModalSource.xml
4 ms. Memory: 571392K Free: 225230K (39%)
----------------- Invoking toplevel() on ptolemy.moml.MoMLSimpleApplication@38289112
----------------- Done invoking toplevel() on ptolemy.moml.MoMLSimpleApplication@38289112
reloadAllAccessors: .ModalSource

===========================================================================================
----------------- testing Mon Feb 18 03:36:16 UTC 2019 /home/travis/build/icyphy/ptII/ptolemy/domains/de/test/auto/NonInterruptibleTimerZeroDelay.xml
----------------- Instantiating /home/travis/build/icyphy/ptII/ptolemy/domains/de/test/auto/NonInterruptibleTimerZeroDelay.xml
2 ms. Memory: 571392K Free: 212198K (37%)
----------------- Invoking toplevel() on ptolemy.moml.MoMLSimpleApplication@68c990b7
----------------- Done invoking toplevel() on ptolemy.moml.MoMLSimpleApplication@68c990b7
reloadAllAccessors: .NonInterruptibleTimerZeroDelay

===========================================================================================
----------------- testing Mon Feb 18 03:36:16 UTC 2019 /home/travis/build/icyphy/ptII/ptolemy/domains/de/test/auto/OpenQueueingNetwork.xml
----------------- Instantiating /home/travis/build/icyphy/ptII/ptolemy/domains/de/test/auto/OpenQueueingNetwork.xml
2105 ms. Memory: 549888K Free: 89212K (16%)
----------------- Invoking toplevel() on ptolemy.moml.MoMLSimpleApplication@44887426
----------------- Done invoking toplevel() on ptolemy.moml.MoMLSimpleApplication@44887426
reloadAllAccessors: .OpenQueueingNetwork

===========================================================================================
----------------- testing Mon Feb 18 03:36:18 UTC 2019 /home/travis/build/icyphy/ptII/ptolemy/domains/de/test/auto/OpenQueuingNetwork.xml
----------------- Instantiating /home/travis/build/icyphy/ptII/ptolemy/domains/de/test/auto/OpenQueuingNetwork.xml
224 ms. Memory: 526848K Free: 438259K (83%)
----------------- Invoking toplevel() on ptolemy.moml.MoMLSimpleApplication@72019cb5
----------------- Done invoking toplevel() on ptolemy.moml.MoMLSimpleApplication@72019cb5
reloadAllAccessors: .OpenQueuingNetwork

===========================================================================================
----------------- testing Mon Feb 18 03:36:18 UTC 2019 /home/travis/build/icyphy/ptII/ptolemy/domains/de/test/auto/PeriodicSampler.xml
----------------- Instantiating /home/travis/build/icyphy/ptII/ptolemy/domains/de/test/auto/PeriodicSampler.xml
2 ms. Memory: 526848K Free: 431028K (82%)
----------------- Invoking toplevel() on ptolemy.moml.MoMLSimpleApplication@44e09862
----------------- Done invoking toplevel() on ptolemy.moml.MoMLSimpleApplication@44e09862
reloadAllAccessors: .PeriodicSampler

===========================================================================================
----------------- testing Mon Feb 18 03:36:18 UTC 2019 /home/travis/build/icyphy/ptII/ptolemy/domains/de/test/auto/PersistentIO.xml
----------------- Instantiating /home/travis/build/icyphy/ptII/ptolemy/domains/de/test/auto/PersistentIO.xml
4 ms. Memory: 526848K Free: 419155K (80%)
----------------- Invoking toplevel() on ptolemy.moml.MoMLSimpleApplication@30b75899
----------------- Done invoking toplevel() on ptolemy.moml.MoMLSimpleApplication@30b75899
reloadAllAccessors: .PersistentIO

===========================================================================================
----------------- testing Mon Feb 18 03:36:18 UTC 2019 /home/travis/build/icyphy/ptII/ptolemy/domains/de/test/auto/PortParameterResetOnInitialize.xml
----------------- Instantiating /home/travis/build/icyphy/ptII/ptolemy/domains/de/test/auto/PortParameterResetOnInitialize.xml
2 ms. Memory: 526848K Free: 408942K (78%)
----------------- Invoking toplevel() on ptolemy.moml.MoMLSimpleApplication@3c33eae4
----------------- Done invoking toplevel() on ptolemy.moml.MoMLSimpleApplication@3c33eae4
reloadAllAccessors: .PortParameterResetOnInitialize

===========================================================================================
----------------- testing Mon Feb 18 03:36:18 UTC 2019 /home/travis/build/icyphy/ptII/ptolemy/domains/de/test/auto/PortParameterUpdates.xml
----------------- Instantiating /home/travis/build/icyphy/ptII/ptolemy/domains/de/test/auto/PortParameterUpdates.xml
2 ms. Memory: 526848K Free: 400036K (76%)
----------------- Invoking toplevel() on ptolemy.moml.MoMLSimpleApplication@536ab880
----------------- Done invoking toplevel() on ptolemy.moml.MoMLSimpleApplication@536ab880
reloadAllAccessors: .PortParameterUpdates

===========================================================================================
----------------- testing Mon Feb 18 03:36:18 UTC 2019 /home/travis/build/icyphy/ptII/ptolemy/domains/de/test/auto/QueueAndServer.xml
----------------- Instantiating /home/travis/build/icyphy/ptII/ptolemy/domains/de/test/auto/QueueAndServer.xml
5 ms. Memory: 526848K Free: 391104K (74%)
----------------- Invoking toplevel() on ptolemy.moml.MoMLSimpleApplication@1c6e5ea3
----------------- Done invoking toplevel() on ptolemy.moml.MoMLSimpleApplication@1c6e5ea3
reloadAllAccessors: .QueueAndServer

===========================================================================================
----------------- testing Mon Feb 18 03:36:18 UTC 2019 /home/travis/build/icyphy/ptII/ptolemy/domains/de/test/auto/Records.xml
----------------- Instantiating /home/travis/build/icyphy/ptII/ptolemy/domains/de/test/auto/Records.xml
2 ms. Memory: 526848K Free: 380899K (72%)
----------------- Invoking toplevel() on ptolemy.moml.MoMLSimpleApplication@172985a9
----------------- Done invoking toplevel() on ptolemy.moml.MoMLSimpleApplication@172985a9
reloadAllAccessors: .Records

===========================================================================================
----------------- testing Mon Feb 18 03:36:18 UTC 2019 /home/travis/build/icyphy/ptII/ptolemy/domains/de/test/auto/ResetTransitionWithStartTime1.xml
----------------- Instantiating /home/travis/build/icyphy/ptII/ptolemy/domains/de/test/auto/ResetTransitionWithStartTime1.xml
4 ms. Memory: 526848K Free: 369018K (70%)
----------------- Invoking toplevel() on ptolemy.moml.MoMLSimpleApplication@74d9c1ba
----------------- Done invoking toplevel() on ptolemy.moml.MoMLSimpleApplication@74d9c1ba
reloadAllAccessors: .ResetTransitionWithStartTime1

===========================================================================================
----------------- testing Mon Feb 18 03:36:18 UTC 2019 /home/travis/build/icyphy/ptII/ptolemy/domains/de/test/auto/ResetTransitionWithStartTime2.xml
----------------- Instantiating /home/travis/build/icyphy/ptII/ptolemy/domains/de/test/auto/ResetTransitionWithStartTime2.xml
3 ms. Memory: 526848K Free: 355823K (68%)
----------------- Invoking toplevel() on ptolemy.moml.MoMLSimpleApplication@56d0d621
----------------- Done invoking toplevel() on ptolemy.moml.MoMLSimpleApplication@56d0d621
reloadAllAccessors: .ResetTransitionWithStartTime2

===========================================================================================
----------------- testing Mon Feb 18 03:36:18 UTC 2019 /home/travis/build/icyphy/ptII/ptolemy/domains/de/test/auto/ResetTransitionWithStartTime3.xml
----------------- Instantiating /home/travis/build/icyphy/ptII/ptolemy/domains/de/test/auto/ResetTransitionWithStartTime3.xml
4 ms. Memory: 526848K Free: 343926K (65%)
----------------- Invoking toplevel() on ptolemy.moml.MoMLSimpleApplication@4b8b6aea
----------------- Done invoking toplevel() on ptolemy.moml.MoMLSimpleApplication@4b8b6aea
reloadAllAccessors: .ResetTransitionWithStartTime3

===========================================================================================
----------------- testing Mon Feb 18 03:36:18 UTC 2019 /home/travis/build/icyphy/ptII/ptolemy/domains/de/test/auto/ResetTransitionWithStartTime4.xml
----------------- Instantiating /home/travis/build/icyphy/ptII/ptolemy/domains/de/test/auto/ResetTransitionWithStartTime4.xml
4 ms. Memory: 526848K Free: 332037K (63%)
----------------- Invoking toplevel() on ptolemy.moml.MoMLSimpleApplication@26c75e37
----------------- Done invoking toplevel() on ptolemy.moml.MoMLSimpleApplication@26c75e37
reloadAllAccessors: .ResetTransitionWithStartTime4

===========================================================================================
----------------- testing Mon Feb 18 03:36:18 UTC 2019 /home/travis/build/icyphy/ptII/ptolemy/domains/de/test/auto/ResettableTimer1.xml
----------------- Instantiating /home/travis/build/icyphy/ptII/ptolemy/domains/de/test/auto/ResettableTimer1.xml
2 ms. Memory: 526848K Free: 324806K (62%)
----------------- Invoking toplevel() on ptolemy.moml.MoMLSimpleApplication@427ae99c
----------------- Done invoking toplevel() on ptolemy.moml.MoMLSimpleApplication@427ae99c
reloadAllAccessors: .ResettableTimer1

===========================================================================================
----------------- testing Mon Feb 18 03:36:18 UTC 2019 /home/travis/build/icyphy/ptII/ptolemy/domains/de/test/auto/ResettableTimer2.xml
----------------- Instantiating /home/travis/build/icyphy/ptII/ptolemy/domains/de/test/auto/ResettableTimer2.xml
1 ms. Memory: 526848K Free: 315907K (60%)
----------------- Invoking toplevel() on ptolemy.moml.MoMLSimpleApplication@33ea5f79
----------------- Done invoking toplevel() on ptolemy.moml.MoMLSimpleApplication@33ea5f79
reloadAllAccessors: .ResettableTimer2

===========================================================================================
----------------- testing Mon Feb 18 03:36:18 UTC 2019 /home/travis/build/icyphy/ptII/ptolemy/domains/de/test/auto/ResettableTimer3.xml
----------------- Instantiating /home/travis/build/icyphy/ptII/ptolemy/domains/de/test/auto/ResettableTimer3.xml
1 ms. Memory: 526848K Free: 305710K (58%)
----------------- Invoking toplevel() on ptolemy.moml.MoMLSimpleApplication@79da234b
----------------- Done invoking toplevel() on ptolemy.moml.MoMLSimpleApplication@79da234b
reloadAllAccessors: .ResettableTimer3

===========================================================================================
----------------- testing Mon Feb 18 03:36:18 UTC 2019 /home/travis/build/icyphy/ptII/ptolemy/domains/de/test/auto/ResettableTimer4.xml
----------------- Instantiating /home/travis/build/icyphy/ptII/ptolemy/domains/de/test/auto/ResettableTimer4.xml
1 ms. Memory: 526848K Free: 296796K (56%)
----------------- Invoking toplevel() on ptolemy.moml.MoMLSimpleApplication@447f0ec8
----------------- Done invoking toplevel() on ptolemy.moml.MoMLSimpleApplication@447f0ec8
reloadAllAccessors: .ResettableTimer4

===========================================================================================
----------------- testing Mon Feb 18 03:36:18 UTC 2019 /home/travis/build/icyphy/ptII/ptolemy/domains/de/test/auto/ResettableTimer5.xml
----------------- Instantiating /home/travis/build/icyphy/ptII/ptolemy/domains/de/test/auto/ResettableTimer5.xml
1 ms. Memory: 526848K Free: 287881K (55%)
----------------- Invoking toplevel() on ptolemy.moml.MoMLSimpleApplication@5a934271
----------------- Done invoking toplevel() on ptolemy.moml.MoMLSimpleApplication@5a934271
reloadAllAccessors: .ResettableTimer5

===========================================================================================
----------------- testing Mon Feb 18 03:36:18 UTC 2019 /home/travis/build/icyphy/ptII/ptolemy/domains/de/test/auto/ResettableTimer6.xml
----------------- Instantiating /home/travis/build/icyphy/ptII/ptolemy/domains/de/test/auto/ResettableTimer6.xml
3 ms. Memory: 526848K Free: 277684K (53%)
----------------- Invoking toplevel() on ptolemy.moml.MoMLSimpleApplication@3ce8b102
----------------- Done invoking toplevel() on ptolemy.moml.MoMLSimpleApplication@3ce8b102
reloadAllAccessors: .ResettableTimer6

===========================================================================================
----------------- testing Mon Feb 18 03:36:18 UTC 2019 /home/travis/build/icyphy/ptII/ptolemy/domains/de/test/auto/ServerZeroDelay.xml
----------------- Instantiating /home/travis/build/icyphy/ptII/ptolemy/domains/de/test/auto/ServerZeroDelay.xml
2 ms. Memory: 526848K Free: 271751K (52%)
----------------- Invoking toplevel() on ptolemy.moml.MoMLSimpleApplication@22d61697
----------------- Done invoking toplevel() on ptolemy.moml.MoMLSimpleApplication@22d61697
reloadAllAccessors: .ServerZeroDelay

===========================================================================================
----------------- testing Mon Feb 18 03:36:18 UTC 2019 /home/travis/build/icyphy/ptII/ptolemy/domains/de/test/auto/SmartSender.xml
----------------- Instantiating /home/travis/build/icyphy/ptII/ptolemy/domains/de/test/auto/SmartSender.xml
3001 ms. Memory: 526848K Free: 261538K (50%)
----------------- Invoking toplevel() on ptolemy.moml.MoMLSimpleApplication@51e0dc26
----------------- Done invoking toplevel() on ptolemy.moml.MoMLSimpleApplication@51e0dc26
reloadAllAccessors: .SmartSender

===========================================================================================
----------------- testing Mon Feb 18 03:36:21 UTC 2019 /home/travis/build/icyphy/ptII/ptolemy/domains/de/test/auto/ThreadedComposite.xml
----------------- Instantiating /home/travis/build/icyphy/ptII/ptolemy/domains/de/test/auto/ThreadedComposite.xml
91 ms. Memory: 526848K Free: 234825K (45%)
----------------- Invoking toplevel() on ptolemy.moml.MoMLSimpleApplication@17ab064f
----------------- Done invoking toplevel() on ptolemy.moml.MoMLSimpleApplication@17ab064f
reloadAllAccessors: .ThreadedComposite

===========================================================================================
----------------- testing Mon Feb 18 03:36:21 UTC 2019 /home/travis/build/icyphy/ptII/ptolemy/domains/de/test/auto/Time.xml
----------------- Instantiating /home/travis/build/icyphy/ptII/ptolemy/domains/de/test/auto/Time.xml
410 ms. Memory: 526848K Free: 178467K (34%)
----------------- Invoking toplevel() on ptolemy.moml.MoMLSimpleApplication@2e6ccbf7
----------------- Done invoking toplevel() on ptolemy.moml.MoMLSimpleApplication@2e6ccbf7
reloadAllAccessors: .Time

===========================================================================================
----------------- testing Mon Feb 18 03:36:22 UTC 2019 /home/travis/build/icyphy/ptII/ptolemy/domains/de/test/auto/TimeDelayZeroDelay.xml
----------------- Instantiating /home/travis/build/icyphy/ptII/ptolemy/domains/de/test/auto/TimeDelayZeroDelay.xml
1 ms. Memory: 526848K Free: 171236K (33%)
----------------- Invoking toplevel() on ptolemy.moml.MoMLSimpleApplication@66ab5579
----------------- Done invoking toplevel() on ptolemy.moml.MoMLSimpleApplication@66ab5579
reloadAllAccessors: .TimeDelayZeroDelay

===========================================================================================
----------------- testing Mon Feb 18 03:36:22 UTC 2019 /home/travis/build/icyphy/ptII/ptolemy/domains/de/test/auto/TimerZeroDelay.xml
----------------- Instantiating /home/travis/build/icyphy/ptII/ptolemy/domains/de/test/auto/TimerZeroDelay.xml
2 ms. Memory: 526848K Free: 165303K (31%)
----------------- Invoking toplevel() on ptolemy.moml.MoMLSimpleApplication@709d23ad
----------------- Done invoking toplevel() on ptolemy.moml.MoMLSimpleApplication@709d23ad
reloadAllAccessors: .TimerZeroDelay

===========================================================================================
----------------- testing Mon Feb 18 03:36:22 UTC 2019 /home/travis/build/icyphy/ptII/ptolemy/domains/de/test/auto/TimingParadox.xml
----------------- Instantiating /home/travis/build/icyphy/ptII/ptolemy/domains/de/test/auto/TimingParadox.xml
274 ms. Memory: 526848K Free: 92759K (18%)
----------------- Invoking toplevel() on ptolemy.moml.MoMLSimpleApplication@2291a4b
----------------- Done invoking toplevel() on ptolemy.moml.MoMLSimpleApplication@2291a4b
reloadAllAccessors: .TimingParadox

===========================================================================================
----------------- testing Mon Feb 18 03:36:22 UTC 2019 /home/travis/build/icyphy/ptII/ptolemy/domains/de/test/auto/TransferInputs.xml
----------------- Instantiating /home/travis/build/icyphy/ptII/ptolemy/domains/de/test/auto/TransferInputs.xml
1 ms. Memory: 526848K Free: 83861K (16%)
----------------- Invoking toplevel() on ptolemy.moml.MoMLSimpleApplication@49e59263
----------------- Done invoking toplevel() on ptolemy.moml.MoMLSimpleApplication@49e59263
reloadAllAccessors: .TransferInputs

===========================================================================================
----------------- testing Mon Feb 18 03:36:22 UTC 2019 /home/travis/build/icyphy/ptII/ptolemy/domains/de/test/auto/TransferOutputs2.xml
----------------- Instantiating /home/travis/build/icyphy/ptII/ptolemy/domains/de/test/auto/TransferOutputs2.xml
2 ms. Memory: 526848K Free: 71988K (14%)
----------------- Invoking toplevel() on ptolemy.moml.MoMLSimpleApplication@12166247
----------------- Done invoking toplevel() on ptolemy.moml.MoMLSimpleApplication@12166247
reloadAllAccessors: .TransferOutputs2

===========================================================================================
----------------- testing Mon Feb 18 03:36:22 UTC 2019 /home/travis/build/icyphy/ptII/ptolemy/domains/de/test/auto/Trilateration.xml
----------------- Instantiating /home/travis/build/icyphy/ptII/ptolemy/domains/de/test/auto/Trilateration.xml
10804 ms. Memory: 388096K Free: 96135K (25%)
----------------- Invoking toplevel() on ptolemy.moml.MoMLSimpleApplication@38d1fcc0
----------------- Done invoking toplevel() on ptolemy.moml.MoMLSimpleApplication@38d1fcc0
reloadAllAccessors: .Trilateration

===========================================================================================
----------------- testing Mon Feb 18 03:36:34 UTC 2019 /home/travis/build/icyphy/ptII/ptolemy/domains/de/test/auto/TwoSigmaDelta.xml
----------------- Instantiating /home/travis/build/icyphy/ptII/ptolemy/domains/de/test/auto/TwoSigmaDelta.xml
1925 ms. Memory: 379904K Free: 106646K (28%)
----------------- Invoking toplevel() on ptolemy.moml.MoMLSimpleApplication@3b1874de
----------------- Done invoking toplevel() on ptolemy.moml.MoMLSimpleApplication@3b1874de
reloadAllAccessors: .TwoSigmaDelta

===========================================================================================
----------------- testing Mon Feb 18 03:36:36 UTC 2019 /home/travis/build/icyphy/ptII/ptolemy/domains/de/test/auto/VariableDelay.xml
----------------- Instantiating /home/travis/build/icyphy/ptII/ptolemy/domains/de/test/auto/VariableDelay.xml
2 ms. Memory: 379904K Free: 93937K (25%)
----------------- Invoking toplevel() on ptolemy.moml.MoMLSimpleApplication@3be037e1
----------------- Done invoking toplevel() on ptolemy.moml.MoMLSimpleApplication@3be037e1
reloadAllAccessors: .VariableDelay

===========================================================================================
----------------- testing Mon Feb 18 03:36:36 UTC 2019 /home/travis/build/icyphy/ptII/ptolemy/domains/de/test/auto/VariableDelay2.xml
----------------- Instantiating /home/travis/build/icyphy/ptII/ptolemy/domains/de/test/auto/VariableDelay2.xml
1 ms. Memory: 379904K Free: 84733K (22%)
----------------- Invoking toplevel() on ptolemy.moml.MoMLSimpleApplication@49dacd6e
----------------- Done invoking toplevel() on ptolemy.moml.MoMLSimpleApplication@49dacd6e
reloadAllAccessors: .VariableDelay2

===========================================================================================
----------------- testing Mon Feb 18 03:36:36 UTC 2019 /home/travis/build/icyphy/ptII/ptolemy/domains/de/test/auto/VariableDelayZeroDelay.xml
----------------- Instantiating /home/travis/build/icyphy/ptII/ptolemy/domains/de/test/auto/VariableDelayZeroDelay.xml
2 ms. Memory: 379904K Free: 78073K (21%)
----------------- Invoking toplevel() on ptolemy.moml.MoMLSimpleApplication@35ada4be
----------------- Done invoking toplevel() on ptolemy.moml.MoMLSimpleApplication@35ada4be
reloadAllAccessors: .VariableDelayZeroDelay

===========================================================================================
----------------- testing Mon Feb 18 03:36:36 UTC 2019 /home/travis/build/icyphy/ptII/ptolemy/domains/de/test/auto/VariableDelayZeroDelay2.xml
----------------- Instantiating /home/travis/build/icyphy/ptII/ptolemy/domains/de/test/auto/VariableDelayZeroDelay2.xml
2 ms. Memory: 379904K Free: 68869K (18%)
----------------- Invoking toplevel() on ptolemy.moml.MoMLSimpleApplication@10c4f501
----------------- Done invoking toplevel() on ptolemy.moml.MoMLSimpleApplication@10c4f501
reloadAllAccessors: .VariableDelayZeroDelay2

===========================================================================================
----------------- testing Mon Feb 18 03:36:36 UTC 2019 /home/travis/build/icyphy/ptII/ptolemy/domains/de/test/auto/deInCt.xml
----------------- Instantiating /home/travis/build/icyphy/ptII/ptolemy/domains/de/test/auto/deInCt.xml
0
1
1
1
0
0
0
0
1
1
1
0
0
0
1
1
1
0
0
0
1
1
1
1
0
0
1
1
1
1
1
1
1
1
3 ms. Memory: 379904K Free: 60845K (16%)
----------------- Invoking toplevel() on ptolemy.moml.MoMLSimpleApplication@bbf1b28
----------------- Done invoking toplevel() on ptolemy.moml.MoMLSimpleApplication@bbf1b28
reloadAllAccessors: .deInCt

===========================================================================================
----------------- testing Mon Feb 18 03:36:36 UTC 2019 /home/travis/build/icyphy/ptII/ptolemy/domains/de/test/auto/deInCt2.xml
----------------- Instantiating /home/travis/build/icyphy/ptII/ptolemy/domains/de/test/auto/deInCt2.xml
0
1
1
1
0
0
1
1
1
0
0
1
1
1
0
0
1
1
1
0
0
1
1
1
0
0
1
1
1
0
0
1
1
1
0
0
1
1
1
0
0
0
8 ms. Memory: 361472K Free: 326249K (90%)
----------------- Invoking toplevel() on ptolemy.moml.MoMLSimpleApplication@5f5748c5
----------------- Done invoking toplevel() on ptolemy.moml.MoMLSimpleApplication@5f5748c5
reloadAllAccessors: .deInCt2

===========================================================================================
----------------- testing Mon Feb 18 03:36:36 UTC 2019 /home/travis/build/icyphy/ptII/ptolemy/domains/de/test/auto/dynamicCausalityInterface1.xml
----------------- Instantiating /home/travis/build/icyphy/ptII/ptolemy/domains/de/test/auto/dynamicCausalityInterface1.xml
1 ms. Memory: 361472K Free: 311689K (86%)
----------------- Invoking toplevel() on ptolemy.moml.MoMLSimpleApplication@432c7b20
----------------- Done invoking toplevel() on ptolemy.moml.MoMLSimpleApplication@432c7b20
reloadAllAccessors: .dynamicCausalityInterface1

===========================================================================================
----------------- testing Mon Feb 18 03:36:36 UTC 2019 /home/travis/build/icyphy/ptII/ptolemy/domains/de/test/auto/fsm_de_test.xml
----------------- Instantiating /home/travis/build/icyphy/ptII/ptolemy/domains/de/test/auto/fsm_de_test.xml
4 ms. Memory: 361472K Free: 299916K (83%)
----------------- Invoking toplevel() on ptolemy.moml.MoMLSimpleApplication@e353e35
----------------- Done invoking toplevel() on ptolemy.moml.MoMLSimpleApplication@e353e35
reloadAllAccessors: .fsm_de_test

===========================================================================================
----------------- testing Mon Feb 18 03:36:36 UTC 2019 /home/travis/build/icyphy/ptII/ptolemy/domains/de/test/auto/functionDependencyReconstruction.xml
----------------- Instantiating /home/travis/build/icyphy/ptII/ptolemy/domains/de/test/auto/functionDependencyReconstruction.xml
2 ms. Memory: 361472K Free: 282538K (78%)
----------------- Invoking toplevel() on ptolemy.moml.MoMLSimpleApplication@7cc7adc1
----------------- Done invoking toplevel() on ptolemy.moml.MoMLSimpleApplication@7cc7adc1
reloadAllAccessors: .functionDependencyReconstruction

===========================================================================================
----------------- testing Mon Feb 18 03:36:36 UTC 2019 /home/travis/build/icyphy/ptII/ptolemy/domains/de/test/auto/multirate.xml
----------------- Instantiating /home/travis/build/icyphy/ptII/ptolemy/domains/de/test/auto/multirate.xml
2 ms. Memory: 361472K Free: 273570K (76%)
----------------- Invoking toplevel() on ptolemy.moml.MoMLSimpleApplication@5f15de70
----------------- Done invoking toplevel() on ptolemy.moml.MoMLSimpleApplication@5f15de70
reloadAllAccessors: .multirate

===========================================================================================
----------------- testing Mon Feb 18 03:36:36 UTC 2019 /home/travis/build/icyphy/ptII/ptolemy/domains/de/test/auto/multirate2.xml
----------------- Instantiating /home/travis/build/icyphy/ptII/ptolemy/domains/de/test/auto/multirate2.xml
3 ms. Memory: 361472K Free: 264611K (73%)
----------------- Invoking toplevel() on ptolemy.moml.MoMLSimpleApplication@38f6fdc0
----------------- Done invoking toplevel() on ptolemy.moml.MoMLSimpleApplication@38f6fdc0
reloadAllAccessors: .multirate2

===========================================================================================
----------------- testing Mon Feb 18 03:36:36 UTC 2019 /home/travis/build/icyphy/ptII/ptolemy/domains/de/test/auto/realtime.xml
----------------- Instantiating /home/travis/build/icyphy/ptII/ptolemy/domains/de/test/auto/realtime.xml
10002 ms. Memory: 361472K Free: 255643K (71%)
----------------- Invoking toplevel() on ptolemy.moml.MoMLSimpleApplication@455a328e
----------------- Done invoking toplevel() on ptolemy.moml.MoMLSimpleApplication@455a328e
reloadAllAccessors: .realtime

===========================================================================================
----------------- testing Mon Feb 18 03:36:46 UTC 2019 /home/travis/build/icyphy/ptII/ptolemy/domains/de/test/auto/relationGroup.xml
----------------- Instantiating /home/travis/build/icyphy/ptII/ptolemy/domains/de/test/auto/relationGroup.xml
1 ms. Memory: 361472K Free: 249492K (69%)
----------------- Invoking toplevel() on ptolemy.moml.MoMLSimpleApplication@75a6fba2
----------------- Done invoking toplevel() on ptolemy.moml.MoMLSimpleApplication@75a6fba2
reloadAllAccessors: .relationGroup

===========================================================================================
----------------- testing Mon Feb 18 03:36:46 UTC 2019 /home/travis/build/icyphy/ptII/ptolemy/domains/de/test/auto/relationGroup2.xml
----------------- Instantiating /home/travis/build/icyphy/ptII/ptolemy/domains/de/test/auto/relationGroup2.xml
1 ms. Memory: 361472K Free: 243341K (67%)
----------------- Invoking toplevel() on ptolemy.moml.MoMLSimpleApplication@4835ea0d
----------------- Done invoking toplevel() on ptolemy.moml.MoMLSimpleApplication@4835ea0d
reloadAllAccessors: .relationGroup2

===========================================================================================
----------------- testing Mon Feb 18 03:36:46 UTC 2019 /home/travis/build/icyphy/ptII/ptolemy/domains/de/test/auto/sortWithOpaquePorts.xml
----------------- Instantiating /home/travis/build/icyphy/ptII/ptolemy/domains/de/test/auto/sortWithOpaquePorts.xml
1 ms. Memory: 361472K Free: 234374K (65%)
----------------- Invoking toplevel() on ptolemy.moml.MoMLSimpleApplication@cace827
----------------- Done invoking toplevel() on ptolemy.moml.MoMLSimpleApplication@cace827
reloadAllAccessors: .sortWithOpaquePorts

===========================================================================================
----------------- testing Mon Feb 18 03:36:46 UTC 2019 /home/travis/build/icyphy/ptII/ptolemy/domains/de/test/auto/transferInputsandOutputs.xml
----------------- Instantiating /home/travis/build/icyphy/ptII/ptolemy/domains/de/test/auto/transferInputsandOutputs.xml
2 ms. Memory: 361472K Free: 225406K (62%)
----------------- Invoking toplevel() on ptolemy.moml.MoMLSimpleApplication@1f62532f
----------------- Done invoking toplevel() on ptolemy.moml.MoMLSimpleApplication@1f62532f
reloadAllAccessors: .transferInputsandOutputs

===========================================================================================
----------------- testing Mon Feb 18 03:36:46 UTC 2019 /home/travis/build/icyphy/ptII/ptolemy/domains/de/test/auto/triggerType.xml
----------------- Instantiating /home/travis/build/icyphy/ptII/ptolemy/domains/de/test/auto/triggerType.xml
1 ms. Memory: 361472K Free: 216454K (60%)
----------------- Invoking toplevel() on ptolemy.moml.MoMLSimpleApplication@4b0afd3c
----------------- Done invoking toplevel() on ptolemy.moml.MoMLSimpleApplication@4b0afd3c
reloadAllAccessors: .triggerType
AutoTests.java: About to close Vertx.
AutoTests.java: Vertx closed.
]]></system-out>
  <system-err><![CDATA[java.lang.RuntimeException: Execution failed
	at ptolemy.moml.MoMLSimpleApplication$UnloadThread.run(MoMLSimpleApplication.java:402)
Caused by: ptolemy.kernel.util.IllegalActionException: Found a zero delay loop containing .dependencyLoop.original
  in .dependencyLoop and .dependencyLoop.original
	at ptolemy.actor.util.CausalityInterfaceForComposites._computeOutputPortDepth(CausalityInterfaceForComposites.java:759)
	at ptolemy.actor.util.CausalityInterfaceForComposites._computeInputDepth(CausalityInterfaceForComposites.java:696)
	at ptolemy.actor.util.CausalityInterfaceForComposites._computeOutputPortDepth(CausalityInterfaceForComposites.java:765)
	at ptolemy.actor.util.CausalityInterfaceForComposites._computeInputDepth(CausalityInterfaceForComposites.java:696)
	at ptolemy.actor.util.CausalityInterfaceForComposites._computeOutputPortDepth(CausalityInterfaceForComposites.java:765)
	at ptolemy.actor.util.CausalityInterfaceForComposites._computeInputDepth(CausalityInterfaceForComposites.java:696)
	at ptolemy.actor.util.CausalityInterfaceForComposites._computeActorDepth(CausalityInterfaceForComposites.java:532)
	at ptolemy.actor.util.CausalityInterfaceForComposites.checkForCycles(CausalityInterfaceForComposites.java:96)
	at ptolemy.domains.de.kernel.DEDirector.preinitialize(DEDirector.java:1338)
	at ptolemy.actor.CompositeActor.preinitialize(CompositeActor.java:1828)
	at ptolemy.actor.Manager.preinitializeAndResolveTypes(Manager.java:1040)
	at ptolemy.actor.Manager.initialize(Manager.java:710)
	at ptolemy.actor.Manager.execute(Manager.java:356)
	at ptolemy.actor.Manager.run(Manager.java:1263)
	at ptolemy.actor.Manager$PtolemyRunThread.run(Manager.java:1915)
java.lang.RuntimeException: Execution failed
	at ptolemy.moml.MoMLSimpleApplication$UnloadThread.run(MoMLSimpleApplication.java:402)
Caused by: ptolemy.kernel.util.IllegalActionException: Found a zero delay loop containing .dependencyLoop2.original
  in .dependencyLoop2 and .dependencyLoop2.original
	at ptolemy.actor.util.CausalityInterfaceForComposites._computeOutputPortDepth(CausalityInterfaceForComposites.java:759)
	at ptolemy.actor.util.CausalityInterfaceForComposites._computeInputDepth(CausalityInterfaceForComposites.java:696)
	at ptolemy.actor.util.CausalityInterfaceForComposites._computeOutputPortDepth(CausalityInterfaceForComposites.java:765)
	at ptolemy.actor.util.CausalityInterfaceForComposites._computeInputDepth(CausalityInterfaceForComposites.java:696)
	at ptolemy.actor.util.CausalityInterfaceForComposites._computeOutputPortDepth(CausalityInterfaceForComposites.java:765)
	at ptolemy.actor.util.CausalityInterfaceForComposites._computeInputDepth(CausalityInterfaceForComposites.java:696)
	at ptolemy.actor.util.CausalityInterfaceForComposites._computeActorDepth(CausalityInterfaceForComposites.java:532)
	at ptolemy.actor.util.CausalityInterfaceForComposites.checkForCycles(CausalityInterfaceForComposites.java:96)
	at ptolemy.domains.de.kernel.DEDirector.preinitialize(DEDirector.java:1338)
	at ptolemy.actor.CompositeActor.preinitialize(CompositeActor.java:1828)
	at ptolemy.actor.Manager.preinitializeAndResolveTypes(Manager.java:1040)
	at ptolemy.actor.Manager.initialize(Manager.java:710)
	at ptolemy.actor.Manager.execute(Manager.java:356)
	at ptolemy.actor.Manager.run(Manager.java:1263)
	at ptolemy.actor.Manager$PtolemyRunThread.run(Manager.java:1915)
java.lang.RuntimeException: Execution failed
	at ptolemy.moml.MoMLSimpleApplication$UnloadThread.run(MoMLSimpleApplication.java:402)
Caused by: ptolemy.kernel.util.IllegalActionException: Found a zero delay loop containing .dependencyLoop.original
  in .dependencyLoop and .dependencyLoop.original
	at ptolemy.actor.util.CausalityInterfaceForComposites._computeOutputPortDepth(CausalityInterfaceForComposites.java:759)
	at ptolemy.actor.util.CausalityInterfaceForComposites._computeInputDepth(CausalityInterfaceForComposites.java:696)
	at ptolemy.actor.util.CausalityInterfaceForComposites._computeOutputPortDepth(CausalityInterfaceForComposites.java:765)
	at ptolemy.actor.util.CausalityInterfaceForComposites._computeInputDepth(CausalityInterfaceForComposites.java:696)
	at ptolemy.actor.util.CausalityInterfaceForComposites._computeOutputPortDepth(CausalityInterfaceForComposites.java:765)
	at ptolemy.actor.util.CausalityInterfaceForComposites._computeInputDepth(CausalityInterfaceForComposites.java:696)
	at ptolemy.actor.util.CausalityInterfaceForComposites._computeActorDepth(CausalityInterfaceForComposites.java:532)
	at ptolemy.actor.util.CausalityInterfaceForComposites.checkForCycles(CausalityInterfaceForComposites.java:96)
	at ptolemy.domains.de.kernel.DEDirector.preinitialize(DEDirector.java:1338)
	at ptolemy.actor.CompositeActor.preinitialize(CompositeActor.java:1828)
	at ptolemy.actor.Manager.preinitializeAndResolveTypes(Manager.java:1040)
	at ptolemy.actor.Manager.initialize(Manager.java:710)
	at ptolemy.actor.Manager.execute(Manager.java:356)
	at ptolemy.actor.Manager.run(Manager.java:1263)
	at ptolemy.actor.Manager$PtolemyRunThread.run(Manager.java:1915)
java.lang.RuntimeException: Execution failed
	at ptolemy.moml.MoMLSimpleApplication$UnloadThread.run(MoMLSimpleApplication.java:402)
Caused by: ptolemy.kernel.util.IllegalActionException: Actor is not ready to fire.  Perhaps UpSample.prefire() returned false? Try debugging the actor by selecting "Listen to Actor".  Also, for SDF check moml for tokenConsumptionRate on input.
  in .DESDFClockTest.Play Bell.Copy1:SDF Director and .DESDFClockTest.Play Bell.UpSample
	at ptolemy.actor.sched.StaticSchedulingDirector.fire(StaticSchedulingDirector.java:227)
	at ptolemy.domains.sdf.kernel.SDFDirector.fire(SDFDirector.java:500)
	at ptolemy.actor.CompositeActor.fire(CompositeActor.java:455)
	at ptolemy.domains.de.kernel.DEDirector._fire(DEDirector.java:1949)
	at ptolemy.domains.de.kernel.DEDirector.fire(DEDirector.java:502)
	at ptolemy.actor.CompositeActor.fire(CompositeActor.java:455)
	at ptolemy.actor.Manager.iterate(Manager.java:851)
	at ptolemy.actor.Manager.execute(Manager.java:369)
	at ptolemy.actor.Manager.run(Manager.java:1263)
	at ptolemy.actor.Manager$PtolemyRunThread.run(Manager.java:1915)
java.lang.RuntimeException: Execution failed
	at ptolemy.moml.MoMLSimpleApplication$UnloadThread.run(MoMLSimpleApplication.java:402)
Caused by: ptolemy.kernel.util.IllegalActionException: Found a zero delay loop containing .dependencyLoop2.original
  in .dependencyLoop2 and .dependencyLoop2.original
	at ptolemy.actor.util.CausalityInterfaceForComposites._computeOutputPortDepth(CausalityInterfaceForComposites.java:759)
	at ptolemy.actor.util.CausalityInterfaceForComposites._computeInputDepth(CausalityInterfaceForComposites.java:696)
	at ptolemy.actor.util.CausalityInterfaceForComposites._computeOutputPortDepth(CausalityInterfaceForComposites.java:765)
	at ptolemy.actor.util.CausalityInterfaceForComposites._computeInputDepth(CausalityInterfaceForComposites.java:696)
	at ptolemy.actor.util.CausalityInterfaceForComposites._computeOutputPortDepth(CausalityInterfaceForComposites.java:765)
	at ptolemy.actor.util.CausalityInterfaceForComposites._computeInputDepth(CausalityInterfaceForComposites.java:696)
	at ptolemy.actor.util.CausalityInterfaceForComposites._computeActorDepth(CausalityInterfaceForComposites.java:532)
	at ptolemy.actor.util.CausalityInterfaceForComposites.checkForCycles(CausalityInterfaceForComposites.java:96)
	at ptolemy.domains.de.kernel.DEDirector.preinitialize(DEDirector.java:1338)
	at ptolemy.actor.CompositeActor.preinitialize(CompositeActor.java:1828)
	at ptolemy.actor.Manager.preinitializeAndResolveTypes(Manager.java:1040)
	at ptolemy.actor.Manager.initialize(Manager.java:710)
	at ptolemy.actor.Manager.execute(Manager.java:356)
	at ptolemy.actor.Manager.run(Manager.java:1263)
	at ptolemy.actor.Manager$PtolemyRunThread.run(Manager.java:1915)
java.lang.RuntimeException: Execution failed
	at ptolemy.moml.MoMLSimpleApplication$UnloadThread.run(MoMLSimpleApplication.java:402)
Caused by: ptolemy.kernel.util.IllegalActionException: Found a zero delay loop containing .HierarchicalModel.A
  in .HierarchicalModel and .HierarchicalModel.A
	at ptolemy.actor.util.CausalityInterfaceForComposites._computeOutputPortDepth(CausalityInterfaceForComposites.java:759)
	at ptolemy.actor.util.CausalityInterfaceForComposites._computeInputDepth(CausalityInterfaceForComposites.java:696)
	at ptolemy.actor.util.CausalityInterfaceForComposites._computeOutputPortDepth(CausalityInterfaceForComposites.java:765)
	at ptolemy.actor.util.CausalityInterfaceForComposites._computeInputDepth(CausalityInterfaceForComposites.java:696)
	at ptolemy.actor.util.CausalityInterfaceForComposites._computeOutputPortDepth(CausalityInterfaceForComposites.java:765)
	at ptolemy.actor.util.CausalityInterfaceForComposites._computeInputDepth(CausalityInterfaceForComposites.java:696)
	at ptolemy.actor.util.CausalityInterfaceForComposites._computeActorDepth(CausalityInterfaceForComposites.java:532)
	at ptolemy.actor.util.CausalityInterfaceForComposites.checkForCycles(CausalityInterfaceForComposites.java:96)
	at ptolemy.domains.de.kernel.DEDirector.preinitialize(DEDirector.java:1338)
	at ptolemy.actor.CompositeActor.preinitialize(CompositeActor.java:1828)
	at ptolemy.actor.Manager.preinitializeAndResolveTypes(Manager.java:1040)
	at ptolemy.actor.Manager.initialize(Manager.java:710)
	at ptolemy.actor.Manager.execute(Manager.java:356)
	at ptolemy.actor.Manager.run(Manager.java:1263)
	at ptolemy.actor.Manager$PtolemyRunThread.run(Manager.java:1915)
java.lang.RuntimeException: Execution failed
	at ptolemy.moml.MoMLSimpleApplication$UnloadThread.run(MoMLSimpleApplication.java:402)
Caused by: ptolemy.kernel.util.IllegalActionException: Test fails in iteration 1.
Value was: 1.0. Should have been: 2.0
  in .DirectFeedback.Test
	at ptolemy.actor.lib.Test.fire(Test.java:268)
	at ptolemy.domains.de.kernel.DEDirector._fire(DEDirector.java:1949)
	at ptolemy.domains.de.kernel.DEDirector.fire(DEDirector.java:502)
	at ptolemy.actor.CompositeActor.fire(CompositeActor.java:455)
	at ptolemy.actor.Manager.iterate(Manager.java:851)
	at ptolemy.actor.Manager.execute(Manager.java:369)
	at ptolemy.actor.Manager.run(Manager.java:1263)
	at ptolemy.actor.Manager$PtolemyRunThread.run(Manager.java:1915)
java.lang.RuntimeException: Execution failed
	at ptolemy.moml.MoMLSimpleApplication$UnloadThread.run(MoMLSimpleApplication.java:402)
Caused by: ptolemy.kernel.util.IllegalActionException: Actor is not ready to fire.  Perhaps UpSample.prefire() returned false? Try debugging the actor by selecting "Listen to Actor".  Also, for SDF check moml for tokenConsumptionRate on input.
  in .DESDFClockTest.Play Bell.Copy1:SDF Director and .DESDFClockTest.Play Bell.UpSample
	at ptolemy.actor.sched.StaticSchedulingDirector.fire(StaticSchedulingDirector.java:227)
	at ptolemy.domains.sdf.kernel.SDFDirector.fire(SDFDirector.java:500)
	at ptolemy.actor.CompositeActor.fire(CompositeActor.java:455)
	at ptolemy.domains.de.kernel.DEDirector._fire(DEDirector.java:1949)
	at ptolemy.domains.de.kernel.DEDirector.fire(DEDirector.java:502)
	at ptolemy.actor.CompositeActor.fire(CompositeActor.java:455)
	at ptolemy.actor.Manager.iterate(Manager.java:851)
	at ptolemy.actor.Manager.execute(Manager.java:369)
	at ptolemy.actor.Manager.run(Manager.java:1263)
	at ptolemy.actor.Manager$PtolemyRunThread.run(Manager.java:1915)
java.lang.reflect.InvocationTargetException
	at sun.reflect.NativeConstructorAccessorImpl.newInstance0(Native Method)
	at sun.reflect.NativeConstructorAccessorImpl.newInstance(NativeConstructorAccessorImpl.java:62)
	at sun.reflect.DelegatingConstructorAccessorImpl.newInstance(DelegatingConstructorAccessorImpl.java:45)
	at java.lang.reflect.Constructor.newInstance(Constructor.java:423)
	at ptolemy.util.test.junit.AutoKnownFailedTests.RunModel(AutoKnownFailedTests.java:105)
	at sun.reflect.NativeMethodAccessorImpl.invoke0(Native Method)
	at sun.reflect.NativeMethodAccessorImpl.invoke(NativeMethodAccessorImpl.java:62)
	at sun.reflect.DelegatingMethodAccessorImpl.invoke(DelegatingMethodAccessorImpl.java:43)
	at java.lang.reflect.Method.invoke(Method.java:498)
	at org.junit.runners.model.FrameworkMethod$1.runReflectiveCall(FrameworkMethod.java:44)
	at org.junit.internal.runners.model.ReflectiveCallable.run(ReflectiveCallable.java:15)
	at org.junit.runners.model.FrameworkMethod.invokeExplosively(FrameworkMethod.java:41)
	at junitparams.internal.InvokeParameterisedMethod.evaluate(InvokeParameterisedMethod.java:102)
	at org.junit.internal.runners.statements.FailOnTimeout$1.run(FailOnTimeout.java:28)
Caused by: ptolemy.kernel.util.IllegalActionException: Actor is not ready to fire.  Perhaps UpSample.prefire() returned false? Try debugging the actor by selecting "Listen to Actor".  Also, for SDF check moml for tokenConsumptionRate on input.
  in .DESDFClockTest.Play Bell.Copy1:SDF Director and .DESDFClockTest.Play Bell.UpSample
	at ptolemy.actor.sched.StaticSchedulingDirector.fire(StaticSchedulingDirector.java:227)
	at ptolemy.domains.sdf.kernel.SDFDirector.fire(SDFDirector.java:500)
	at ptolemy.actor.CompositeActor.fire(CompositeActor.java:455)
	at ptolemy.domains.de.kernel.DEDirector._fire(DEDirector.java:1949)
	at ptolemy.domains.de.kernel.DEDirector.fire(DEDirector.java:502)
	at ptolemy.actor.CompositeActor.fire(CompositeActor.java:455)
	at ptolemy.actor.Manager.iterate(Manager.java:851)
	at ptolemy.actor.Manager.execute(Manager.java:369)
	at ptolemy.actor.Manager.run(Manager.java:1263)
	at ptolemy.actor.Manager$PtolemyRunThread.run(Manager.java:1915)
java.lang.RuntimeException: Execution failed
	at ptolemy.moml.MoMLSimpleApplication$UnloadThread.run(MoMLSimpleApplication.java:402)
Caused by: ptolemy.kernel.util.IllegalActionException: Test fails in iteration 1.
Value was: 1.0. Should have been: 2.0
  in .DirectFeedback.Test
	at ptolemy.actor.lib.Test.fire(Test.java:268)
	at ptolemy.domains.de.kernel.DEDirector._fire(DEDirector.java:1949)
	at ptolemy.domains.de.kernel.DEDirector.fire(DEDirector.java:502)
	at ptolemy.actor.CompositeActor.fire(CompositeActor.java:455)
	at ptolemy.actor.Manager.iterate(Manager.java:851)
	at ptolemy.actor.Manager.execute(Manager.java:369)
	at ptolemy.actor.Manager.run(Manager.java:1263)
	at ptolemy.actor.Manager$PtolemyRunThread.run(Manager.java:1915)
java.lang.reflect.InvocationTargetException
	at sun.reflect.NativeConstructorAccessorImpl.newInstance0(Native Method)
	at sun.reflect.NativeConstructorAccessorImpl.newInstance(NativeConstructorAccessorImpl.java:62)
	at sun.reflect.DelegatingConstructorAccessorImpl.newInstance(DelegatingConstructorAccessorImpl.java:45)
	at java.lang.reflect.Constructor.newInstance(Constructor.java:423)
	at ptolemy.util.test.junit.AutoKnownFailedTests.RunModel(AutoKnownFailedTests.java:105)
	at sun.reflect.NativeMethodAccessorImpl.invoke0(Native Method)
	at sun.reflect.NativeMethodAccessorImpl.invoke(NativeMethodAccessorImpl.java:62)
	at sun.reflect.DelegatingMethodAccessorImpl.invoke(DelegatingMethodAccessorImpl.java:43)
	at java.lang.reflect.Method.invoke(Method.java:498)
	at org.junit.runners.model.FrameworkMethod$1.runReflectiveCall(FrameworkMethod.java:44)
	at org.junit.internal.runners.model.ReflectiveCallable.run(ReflectiveCallable.java:15)
	at org.junit.runners.model.FrameworkMethod.invokeExplosively(FrameworkMethod.java:41)
	at junitparams.internal.InvokeParameterisedMethod.evaluate(InvokeParameterisedMethod.java:102)
	at org.junit.internal.runners.statements.FailOnTimeout$1.run(FailOnTimeout.java:28)
Caused by: ptolemy.kernel.util.IllegalActionException: Test fails in iteration 1.
Value was: 1.0. Should have been: 2.0
  in .DirectFeedback.Test
	at ptolemy.actor.lib.Test.fire(Test.java:268)
	at ptolemy.domains.de.kernel.DEDirector._fire(DEDirector.java:1949)
	at ptolemy.domains.de.kernel.DEDirector.fire(DEDirector.java:502)
	at ptolemy.actor.CompositeActor.fire(CompositeActor.java:455)
	at ptolemy.actor.Manager.iterate(Manager.java:851)
	at ptolemy.actor.Manager.execute(Manager.java:369)
	at ptolemy.actor.Manager.run(Manager.java:1263)
	at ptolemy.actor.Manager$PtolemyRunThread.run(Manager.java:1915)
java.lang.RuntimeException: Execution failed
	at ptolemy.moml.MoMLSimpleApplication$UnloadThread.run(MoMLSimpleApplication.java:402)
Caused by: ptolemy.kernel.util.IllegalActionException: Found a zero delay loop containing .HierarchicalModel.A
  in .HierarchicalModel and .HierarchicalModel.A
	at ptolemy.actor.util.CausalityInterfaceForComposites._computeOutputPortDepth(CausalityInterfaceForComposites.java:759)
	at ptolemy.actor.util.CausalityInterfaceForComposites._computeInputDepth(CausalityInterfaceForComposites.java:696)
	at ptolemy.actor.util.CausalityInterfaceForComposites._computeOutputPortDepth(CausalityInterfaceForComposites.java:765)
	at ptolemy.actor.util.CausalityInterfaceForComposites._computeInputDepth(CausalityInterfaceForComposites.java:696)
	at ptolemy.actor.util.CausalityInterfaceForComposites._computeOutputPortDepth(CausalityInterfaceForComposites.java:765)
	at ptolemy.actor.util.CausalityInterfaceForComposites._computeInputDepth(CausalityInterfaceForComposites.java:696)
	at ptolemy.actor.util.CausalityInterfaceForComposites._computeActorDepth(CausalityInterfaceForComposites.java:532)
	at ptolemy.actor.util.CausalityInterfaceForComposites.checkForCycles(CausalityInterfaceForComposites.java:96)
	at ptolemy.domains.de.kernel.DEDirector.preinitialize(DEDirector.java:1338)
	at ptolemy.actor.CompositeActor.preinitialize(CompositeActor.java:1828)
	at ptolemy.actor.Manager.preinitializeAndResolveTypes(Manager.java:1040)
	at ptolemy.actor.Manager.initialize(Manager.java:710)
	at ptolemy.actor.Manager.execute(Manager.java:356)
	at ptolemy.actor.Manager.run(Manager.java:1263)
	at ptolemy.actor.Manager$PtolemyRunThread.run(Manager.java:1915)
java.lang.reflect.InvocationTargetException
	at sun.reflect.NativeConstructorAccessorImpl.newInstance0(Native Method)
	at sun.reflect.NativeConstructorAccessorImpl.newInstance(NativeConstructorAccessorImpl.java:62)
	at sun.reflect.DelegatingConstructorAccessorImpl.newInstance(DelegatingConstructorAccessorImpl.java:45)
	at java.lang.reflect.Constructor.newInstance(Constructor.java:423)
	at ptolemy.util.test.junit.AutoKnownFailedTests.RunModel(AutoKnownFailedTests.java:105)
	at sun.reflect.NativeMethodAccessorImpl.invoke0(Native Method)
	at sun.reflect.NativeMethodAccessorImpl.invoke(NativeMethodAccessorImpl.java:62)
	at sun.reflect.DelegatingMethodAccessorImpl.invoke(DelegatingMethodAccessorImpl.java:43)
	at java.lang.reflect.Method.invoke(Method.java:498)
	at org.junit.runners.model.FrameworkMethod$1.runReflectiveCall(FrameworkMethod.java:44)
	at org.junit.internal.runners.model.ReflectiveCallable.run(ReflectiveCallable.java:15)
	at org.junit.runners.model.FrameworkMethod.invokeExplosively(FrameworkMethod.java:41)
	at junitparams.internal.InvokeParameterisedMethod.evaluate(InvokeParameterisedMethod.java:102)
	at org.junit.internal.runners.statements.FailOnTimeout$1.run(FailOnTimeout.java:28)
Caused by: ptolemy.kernel.util.IllegalActionException: Found a zero delay loop containing .HierarchicalModel.A
  in .HierarchicalModel and .HierarchicalModel.A
	at ptolemy.actor.util.CausalityInterfaceForComposites._computeOutputPortDepth(CausalityInterfaceForComposites.java:759)
	at ptolemy.actor.util.CausalityInterfaceForComposites._computeInputDepth(CausalityInterfaceForComposites.java:696)
	at ptolemy.actor.util.CausalityInterfaceForComposites._computeOutputPortDepth(CausalityInterfaceForComposites.java:765)
	at ptolemy.actor.util.CausalityInterfaceForComposites._computeInputDepth(CausalityInterfaceForComposites.java:696)
	at ptolemy.actor.util.CausalityInterfaceForComposites._computeOutputPortDepth(CausalityInterfaceForComposites.java:765)
	at ptolemy.actor.util.CausalityInterfaceForComposites._computeInputDepth(CausalityInterfaceForComposites.java:696)
	at ptolemy.actor.util.CausalityInterfaceForComposites._computeActorDepth(CausalityInterfaceForComposites.java:532)
	at ptolemy.actor.util.CausalityInterfaceForComposites.checkForCycles(CausalityInterfaceForComposites.java:96)
	at ptolemy.domains.de.kernel.DEDirector.preinitialize(DEDirector.java:1338)
	at ptolemy.actor.CompositeActor.preinitialize(CompositeActor.java:1828)
	at ptolemy.actor.Manager.preinitializeAndResolveTypes(Manager.java:1040)
	at ptolemy.actor.Manager.initialize(Manager.java:710)
	at ptolemy.actor.Manager.execute(Manager.java:356)
	at ptolemy.actor.Manager.run(Manager.java:1263)
	at ptolemy.actor.Manager$PtolemyRunThread.run(Manager.java:1915)
java.lang.RuntimeException: Execution failed
	at ptolemy.moml.MoMLSimpleApplication$UnloadThread.run(MoMLSimpleApplication.java:402)
Caused by: ptolemy.kernel.util.IllegalActionException: Found a zero delay loop containing .dependencyLoop.original
  in .dependencyLoop and .dependencyLoop.original
	at ptolemy.actor.util.CausalityInterfaceForComposites._computeOutputPortDepth(CausalityInterfaceForComposites.java:759)
	at ptolemy.actor.util.CausalityInterfaceForComposites._computeInputDepth(CausalityInterfaceForComposites.java:696)
	at ptolemy.actor.util.CausalityInterfaceForComposites._computeOutputPortDepth(CausalityInterfaceForComposites.java:765)
	at ptolemy.actor.util.CausalityInterfaceForComposites._computeInputDepth(CausalityInterfaceForComposites.java:696)
	at ptolemy.actor.util.CausalityInterfaceForComposites._computeOutputPortDepth(CausalityInterfaceForComposites.java:765)
	at ptolemy.actor.util.CausalityInterfaceForComposites._computeInputDepth(CausalityInterfaceForComposites.java:696)
	at ptolemy.actor.util.CausalityInterfaceForComposites._computeActorDepth(CausalityInterfaceForComposites.java:532)
	at ptolemy.actor.util.CausalityInterfaceForComposites.checkForCycles(CausalityInterfaceForComposites.java:96)
	at ptolemy.domains.de.kernel.DEDirector.preinitialize(DEDirector.java:1338)
	at ptolemy.actor.CompositeActor.preinitialize(CompositeActor.java:1828)
	at ptolemy.actor.Manager.preinitializeAndResolveTypes(Manager.java:1040)
	at ptolemy.actor.Manager.initialize(Manager.java:710)
	at ptolemy.actor.Manager.execute(Manager.java:356)
	at ptolemy.actor.Manager.run(Manager.java:1263)
	at ptolemy.actor.Manager$PtolemyRunThread.run(Manager.java:1915)
java.lang.reflect.InvocationTargetException
	at sun.reflect.NativeConstructorAccessorImpl.newInstance0(Native Method)
	at sun.reflect.NativeConstructorAccessorImpl.newInstance(NativeConstructorAccessorImpl.java:62)
	at sun.reflect.DelegatingConstructorAccessorImpl.newInstance(DelegatingConstructorAccessorImpl.java:45)
	at java.lang.reflect.Constructor.newInstance(Constructor.java:423)
	at ptolemy.util.test.junit.AutoKnownFailedTests.RunModel(AutoKnownFailedTests.java:105)
	at sun.reflect.NativeMethodAccessorImpl.invoke0(Native Method)
	at sun.reflect.NativeMethodAccessorImpl.invoke(NativeMethodAccessorImpl.java:62)
	at sun.reflect.DelegatingMethodAccessorImpl.invoke(DelegatingMethodAccessorImpl.java:43)
	at java.lang.reflect.Method.invoke(Method.java:498)
	at org.junit.runners.model.FrameworkMethod$1.runReflectiveCall(FrameworkMethod.java:44)
	at org.junit.internal.runners.model.ReflectiveCallable.run(ReflectiveCallable.java:15)
	at org.junit.runners.model.FrameworkMethod.invokeExplosively(FrameworkMethod.java:41)
	at junitparams.internal.InvokeParameterisedMethod.evaluate(InvokeParameterisedMethod.java:102)
	at org.junit.internal.runners.statements.FailOnTimeout$1.run(FailOnTimeout.java:28)
Caused by: ptolemy.kernel.util.IllegalActionException: Found a zero delay loop containing .dependencyLoop.original
  in .dependencyLoop and .dependencyLoop.original
	at ptolemy.actor.util.CausalityInterfaceForComposites._computeOutputPortDepth(CausalityInterfaceForComposites.java:759)
	at ptolemy.actor.util.CausalityInterfaceForComposites._computeInputDepth(CausalityInterfaceForComposites.java:696)
	at ptolemy.actor.util.CausalityInterfaceForComposites._computeOutputPortDepth(CausalityInterfaceForComposites.java:765)
	at ptolemy.actor.util.CausalityInterfaceForComposites._computeInputDepth(CausalityInterfaceForComposites.java:696)
	at ptolemy.actor.util.CausalityInterfaceForComposites._computeOutputPortDepth(CausalityInterfaceForComposites.java:765)
	at ptolemy.actor.util.CausalityInterfaceForComposites._computeInputDepth(CausalityInterfaceForComposites.java:696)
	at ptolemy.actor.util.CausalityInterfaceForComposites._computeActorDepth(CausalityInterfaceForComposites.java:532)
	at ptolemy.actor.util.CausalityInterfaceForComposites.checkForCycles(CausalityInterfaceForComposites.java:96)
	at ptolemy.domains.de.kernel.DEDirector.preinitialize(DEDirector.java:1338)
	at ptolemy.actor.CompositeActor.preinitialize(CompositeActor.java:1828)
	at ptolemy.actor.Manager.preinitializeAndResolveTypes(Manager.java:1040)
	at ptolemy.actor.Manager.initialize(Manager.java:710)
	at ptolemy.actor.Manager.execute(Manager.java:356)
	at ptolemy.actor.Manager.run(Manager.java:1263)
	at ptolemy.actor.Manager$PtolemyRunThread.run(Manager.java:1915)
java.lang.RuntimeException: Execution failed
	at ptolemy.moml.MoMLSimpleApplication$UnloadThread.run(MoMLSimpleApplication.java:402)
Caused by: ptolemy.kernel.util.IllegalActionException: Found a zero delay loop containing .dependencyLoop2.original
  in .dependencyLoop2 and .dependencyLoop2.original
	at ptolemy.actor.util.CausalityInterfaceForComposites._computeOutputPortDepth(CausalityInterfaceForComposites.java:759)
	at ptolemy.actor.util.CausalityInterfaceForComposites._computeInputDepth(CausalityInterfaceForComposites.java:696)
	at ptolemy.actor.util.CausalityInterfaceForComposites._computeOutputPortDepth(CausalityInterfaceForComposites.java:765)
	at ptolemy.actor.util.CausalityInterfaceForComposites._computeInputDepth(CausalityInterfaceForComposites.java:696)
	at ptolemy.actor.util.CausalityInterfaceForComposites._computeOutputPortDepth(CausalityInterfaceForComposites.java:765)
	at ptolemy.actor.util.CausalityInterfaceForComposites._computeInputDepth(CausalityInterfaceForComposites.java:696)
	at ptolemy.actor.util.CausalityInterfaceForComposites._computeActorDepth(CausalityInterfaceForComposites.java:532)
	at ptolemy.actor.util.CausalityInterfaceForComposites.checkForCycles(CausalityInterfaceForComposites.java:96)
	at ptolemy.domains.de.kernel.DEDirector.preinitialize(DEDirector.java:1338)
	at ptolemy.actor.CompositeActor.preinitialize(CompositeActor.java:1828)
	at ptolemy.actor.Manager.preinitializeAndResolveTypes(Manager.java:1040)
	at ptolemy.actor.Manager.initialize(Manager.java:710)
	at ptolemy.actor.Manager.execute(Manager.java:356)
	at ptolemy.actor.Manager.run(Manager.java:1263)
	at ptolemy.actor.Manager$PtolemyRunThread.run(Manager.java:1915)
java.lang.reflect.InvocationTargetException
	at sun.reflect.NativeConstructorAccessorImpl.newInstance0(Native Method)
	at sun.reflect.NativeConstructorAccessorImpl.newInstance(NativeConstructorAccessorImpl.java:62)
	at sun.reflect.DelegatingConstructorAccessorImpl.newInstance(DelegatingConstructorAccessorImpl.java:45)
	at java.lang.reflect.Constructor.newInstance(Constructor.java:423)
	at ptolemy.util.test.junit.AutoKnownFailedTests.RunModel(AutoKnownFailedTests.java:105)
	at sun.reflect.NativeMethodAccessorImpl.invoke0(Native Method)
	at sun.reflect.NativeMethodAccessorImpl.invoke(NativeMethodAccessorImpl.java:62)
	at sun.reflect.DelegatingMethodAccessorImpl.invoke(DelegatingMethodAccessorImpl.java:43)
	at java.lang.reflect.Method.invoke(Method.java:498)
	at org.junit.runners.model.FrameworkMethod$1.runReflectiveCall(FrameworkMethod.java:44)
	at org.junit.internal.runners.model.ReflectiveCallable.run(ReflectiveCallable.java:15)
	at org.junit.runners.model.FrameworkMethod.invokeExplosively(FrameworkMethod.java:41)
	at junitparams.internal.InvokeParameterisedMethod.evaluate(InvokeParameterisedMethod.java:102)
	at org.junit.internal.runners.statements.FailOnTimeout$1.run(FailOnTimeout.java:28)
Caused by: ptolemy.kernel.util.IllegalActionException: Found a zero delay loop containing .dependencyLoop2.original
  in .dependencyLoop2 and .dependencyLoop2.original
	at ptolemy.actor.util.CausalityInterfaceForComposites._computeOutputPortDepth(CausalityInterfaceForComposites.java:759)
	at ptolemy.actor.util.CausalityInterfaceForComposites._computeInputDepth(CausalityInterfaceForComposites.java:696)
	at ptolemy.actor.util.CausalityInterfaceForComposites._computeOutputPortDepth(CausalityInterfaceForComposites.java:765)
	at ptolemy.actor.util.CausalityInterfaceForComposites._computeInputDepth(CausalityInterfaceForComposites.java:696)
	at ptolemy.actor.util.CausalityInterfaceForComposites._computeOutputPortDepth(CausalityInterfaceForComposites.java:765)
	at ptolemy.actor.util.CausalityInterfaceForComposites._computeInputDepth(CausalityInterfaceForComposites.java:696)
	at ptolemy.actor.util.CausalityInterfaceForComposites._computeActorDepth(CausalityInterfaceForComposites.java:532)
	at ptolemy.actor.util.CausalityInterfaceForComposites.checkForCycles(CausalityInterfaceForComposites.java:96)
	at ptolemy.domains.de.kernel.DEDirector.preinitialize(DEDirector.java:1338)
	at ptolemy.actor.CompositeActor.preinitialize(CompositeActor.java:1828)
	at ptolemy.actor.Manager.preinitializeAndResolveTypes(Manager.java:1040)
	at ptolemy.actor.Manager.initialize(Manager.java:710)
	at ptolemy.actor.Manager.execute(Manager.java:356)
	at ptolemy.actor.Manager.run(Manager.java:1263)
	at ptolemy.actor.Manager$PtolemyRunThread.run(Manager.java:1915)
]]></system-err>
</testsuite>
