<?xml version="1.0" encoding="UTF-8" ?>
<testsuite errors="0" failures="1" hostname="travis-job-600a7a20-f33c-459e-ad12-05919e3361d9" name="ptolemy.actor.lib.test.junit.JUnitTclTest" skipped="0" tests="517" time="64.809" timestamp="2019-12-04T06:18:40">
  <properties>
    <property name="npm.executable" value="npm" />
    <property name="env.TRAVIS_ROOT" value="/" />
    <property name="ptII.mk.exists" value="true" />
    <property name="env.TRAVIS_APP_HOST" value="build.travis-ci.org" />
    <property name="env.rvm_bin_path" value="/home/travis/.rvm/bin" />
    <property name="java.home" value="/usr/local/lib/jvm/openjdk11" />
    <property name="env.TRAVIS_JOB_NUMBER" value="1417.8" />
    <property name="env.TRAVIS_HOME" value="/home/travis" />
    <property name="env.DISPLAY" value=":99.0" />
    <property name="env.TRAVIS_INIT" value="systemd" />
    <property name="env.SSH_TTY" value="/dev/pts/0" />
    <property name="java.net.preferIPv4Stack" value="true" />
    <property name="env.RUN_TESTS" value="true" />
    <property name="timeout.short" value="1000000" />
    <property name="junit.formatter" value="xml" />
    <property name="env.TRAVIS_SUDO" value="true" />
    <property name="env.TRAVIS_JOB_NAME" value="" />
    <property name="env.TRAVIS_STACK_NODE_ATTRIBUTES" value="/.node-attributes.yml" />
    <property name="env.LOGNAME" value="travis" />
    <property name="env.PT_TRAVIS_TEST_CORE1_XML" value="true" />
    <property name="jsdoc.home" value="node_modules/@terraswarm/jsdoc" />
    <property name="debuglevel" value="source,lines,vars" />
    <property name="checkstyle.formatter" value="xml" />
    <property name="env._system_version" value="16.04" />
    <property name="bin.vergil.makeable" value="true" />
    <property name="sun.os.patch.level" value="unknown" />
    <property name="java.vendor.url" value="http://java.oracle.com/" />
    <property name="env.TRAVIS_BUILD_WEB_URL" value="https://travis-ci.org/icyphy/ptII/builds/620472465" />
    <property name="java.version" value="11.0.2" />
    <property name="env.TZ" value="UTC" />
    <property name="env.TRAVIS_PULL_REQUEST_SHA" value="" />
    <property name="env.PT_NO_NET" value="true" />
    <property name="env.TRAVIS_SECURE_ENV_VARS" value="true" />
    <property name="env._system_type" value="Linux" />
    <property name="java.vendor.url.bug" value="http://bugreport.java.com/bugreport/" />
    <property name="npmjs-org-is-up" value="true" />
    <property name="env.LANGUAGE" value="en_US.UTF-8" />
    <property name="env.SSH_CLIENT" value="10.16.1.7 50796 22" />
    <property name="env.GEM_HOME" value="/home/travis/.rvm/gems/ruby-2.5.3" />
    <property name="env.HAS_ANTARES_THREE_LITTLE_FRONZIES_BADGE" value="true" />
    <property name="java.version.date" value="2019-01-15" />
    <property name="env.PS4" value="+" />
    <property name="ant.project.invoked-targets" value="build,test.core1.xml" />
    <property name="env.TRAVIS_PULL_REQUEST_BRANCH" value="" />
    <property name="env.TRAVIS_REPO_SLUG" value="icyphy/ptII" />
    <property name="env.XDG_DATA_DIRS" value="/usr/local/share:/usr/share:/var/lib/snapd/desktop" />
    <property name="jdk.debug" value="release" />
    <property name="env.TRAVIS_APT_PROXY" value="http://apt.cache.travis-ci.com" />
    <property name="env.TRAVIS_CPU_ARCH" value="amd64" />
    <property name="node.in.path" value="true" />
    <property name="user.name" value="travis" />
    <property name="java.maxmemory" value="1400m" />
    <property name="env.RUBY_VERSION" value="ruby-2.5.3" />
    <property name="env.LANG" value="en_US.UTF-8" />
    <property name="sun.io.unicode.encoding" value="UnicodeLittle" />
    <property name="sun.jnu.encoding" value="UTF-8" />
    <property name="java.runtime.name" value="OpenJDK Runtime Environment" />
    <property name="usefile" value="false" />
    <property name="return.code" value="0" />
    <property name="junit.single.formatter" value="plain" />
    <property name="env.DYLD_LIBRARY_PATH" value="/home/travis/pthla/certi-tools/lib:" />
    <property name="env.DEBIAN_FRONTEND" value="noninteractive" />
    <property name="env.SSH_CONNECTION" value="10.16.1.7 50796 10.20.1.114 22" />
    <property name="env.MYSQL_UNIX_PORT" value="/var/run/mysqld/mysqld.sock" />
    <property name="env.LC_ALL" value="en_US.UTF-8" />
    <property name="env.TRAVIS_ALLOW_FAILURE" value="false" />
    <property name="env.TRAVIS_JOB_WEB_URL" value="https://travis-ci.org/icyphy/ptII/jobs/620472475" />
    <property name="java.specification.name" value="Java Platform API Specification" />
    <property name="node.works" value="true" />
    <property name="user.timezone" value="" />
    <property name="path.separator" value=":" />
    <property name="env.TRAVIS_ENABLE_INFRA_DETECTION" value="true" />
    <property name="env.PYTHON_CFLAGS" value="-g -fstack-protector --param=ssp-buffer-size=4 -Wformat -Werror=format-security" />
    <property name="timeout.long" value="4000000" />
    <property name="env.CERTI_HOME" value="/home/travis/pthla/certi-tools" />
    <property name="ant.file.ptII" value="/home/travis/build/icyphy/ptII/build.xml" />
    <property name="javadoc.packagenames" value="com.*,diva.*,lbnl.*,org.hlacerti.*,org.json.*,org.ptolemy.*,org.terraswarm.*,ptolemy.*,ptserver.*" />
    <property name="file.encoding" value="UTF-8" />
    <property name="env.TRAVIS_PULL_REQUEST_SLUG" value="" />
    <property name="ant.project.default-target" value="build" />
    <property name="env.GIT_ASKPASS" value="echo" />
    <property name="env.HOME" value="/home/travis" />
    <property name="sun.java.command" value="org.apache.tools.ant.taskdefs.optional.junit.JUnitTestRunner ptolemy.actor.lib.test.junit.JUnitTclTest skipNonTests=false filtertrace=true haltOnError=false haltOnFailure=false formatter=org.apache.tools.ant.taskdefs.optional.junit.OutErrSummaryJUnitResultFormatter showoutput=true outputtoformatters=true logfailedtests=true threadid=0 logtestlistenerevents=false formatter=org.apache.tools.ant.taskdefs.optional.junit.XMLJUnitResultFormatter,/home/travis/build/icyphy/ptII/reports/junit/TEST-ptolemy.actor.lib.test.junit.JUnitTclTest.xml crashfile=/home/travis/build/icyphy/ptII/junitvmwatcher4316286070115759111.properties propsfile=/home/travis/build/icyphy/ptII/junit10391010831947459163.properties" />
    <property name="env.COMPOSER_NO_INTERACTION" value="1" />
    <property name="env.MANPATH" value="/home/travis/.nvm/versions/node/v7.10.1/share/man:/home/travis/.rvm/rubies/ruby-2.5.3/share/man:/usr/local/cmake-3.12.4/man:/usr/local/clang-7.0.0/share/man:/usr/local/man:/usr/local/share/man:/usr/share/man:/home/travis/.rvm/man" />
    <property name="env.TRAVIS_TIMER_ID" value="0abcb2f1" />
    <property name="ant.file" value="/home/travis/build/icyphy/ptII/build.xml" />
    <property name="env.TRAVIS_COMMIT_RANGE" value="45a1af74cde64810f1a740ff9bd66386be4e642c...11deb69804adb5926cd4863c8231df6048994796" />
    <property name="env._system_name" value="Ubuntu" />
    <property name="ptII.classpath.optional.property" value="/home/travis/build/icyphy/ptII/lib/bsh-2.0b4.jar:/home/travis/build/icyphy/ptII/lib/ptCal.jar:/home/travis/build/icyphy/ptII/lib/java_cup.jar:/home/travis/build/icyphy/ptII/lib/saxon8.jar:/home/travis/build/icyphy/ptII/lib/saxon8-dom.jar:/home/travis/build/icyphy/ptII/lib/chic.jar:/home/travis/build/icyphy/ptII/lib/ptcolt.jar:/home/travis/build/icyphy/ptII/vendors/misc/itext/iText.jar:/home/travis/build/icyphy/ptII/lib/g4ltl.jar:/home/travis/build/icyphy/ptII/lib/StructuralCoder.jar:/home/travis/build/icyphy/ptII/lib/jcerti.jar:/home/travis/build/icyphy/ptII/lib/javax.mail.jar:/home/travis/build/icyphy/ptII/vendors/JMF-2.1.1e/lib/jmf.jar:/home/travis/build/icyphy/ptII/lib/jna-4.0.0-variadic.jar:/home/travis/build/icyphy/ptII/vendors/misc/joystick/Joystick.jar:/home/travis/build/icyphy/ptII/lib/ptjacl.jar:/home/travis/build/icyphy/ptII/lib/jsoup-1.8.2.jar:/home/travis/build/icyphy/ptII/lib/junit-4.8.2.jar:/home/travis/build/icyphy/ptII/lib/JUnitParams-0.4.0.jar:/home/travis/build/icyphy/ptII/ptolemy/actor/lib/excel/jxl.jar:/home/travis/build/icyphy/ptII/lib/jython.jar:/home/travis/build/icyphy/ptII/lib/kieler.jar:/home/travis/build/icyphy/ptII/vendors/opencv/share/OpenCV/java/opencv-341.jar:/home/travis/build/icyphy/ptII/lib/oscP5.jar:/home/travis/build/icyphy/ptII/lib/nrjavaserial-3.11.0.devel.jar:/home/travis/build/icyphy/ptII/vendors/j3d/lib/Linux/j3dcore.jar:/home/travis/build/icyphy/ptII/vendors/j3d/lib/Linux/j3dutils.jar:/home/travis/build/icyphy/ptII/vendors/j3d/lib/Linux/vecmath.jar:/home/travis/build/icyphy/ptII/vendors/jogl/lib/Linux/gluegen-rt-natives-linux-amd64.jar:/home/travis/build/icyphy/ptII/vendors/jogl/lib/Linux/gluegen-rt.jar:/home/travis/build/icyphy/ptII/vendors/jogl/lib/Linux/jogl-all-natives-linux-amd64.jar:/home/travis/build/icyphy/ptII/vendors/jogl/lib/Linux/jogl-all.jar:/home/travis/build/icyphy/ptII/ptolemy/distributed/jini/jar/jini-core.jar:/home/travis/build/icyphy/ptII/ptolemy/distributed/jini/jar/jini-ext.jar:/home/travis/build/icyphy/ptII/ptolemy/distributed/jini/jar/sun-util.jar:/home/travis/build/icyphy/ptII/lib/protobuf-java-2.4.1.jar:/home/travis/build/icyphy/ptII/lib/org.eclipse.paho.client.mqttv3.jar:/home/travis/build/icyphy/ptII/lib/mapss.jar:/home/travis/build/icyphy/ptII/ptolemy/actor/ptalon/antlr/antlr.jar:/home/travis/build/icyphy/ptII/lib/JRI.jar:/home/travis/build/icyphy/ptII/lib/commons-lang-2.6.jar:/home/travis/build/icyphy/ptII/lib/commons-logging-1.1.1.jar:/home/travis/build/icyphy/ptII/lib/sootclasses.jar:/home/travis/build/icyphy/ptII/ptolemy/actor/lib/database/mysql-connector-java-5.1.6-bin.jar:/home/travis/build/icyphy/ptII/vendors/misc/sphinx4/sphinx4-data-5prealpha.jar:/home/travis/build/icyphy/ptII/vendors/misc/sphinx4/sphinx4-core-5prealpha.jar:/home/travis/build/icyphy/ptII/lib/PDFRenderer.jar:/home/travis/build/icyphy/ptII/lib/svgSalamander.jar:/home/travis/build/icyphy/ptII/lib/rsyntaxtextarea-2.6.0-SNAPSHOT.jar:/home/travis/build/icyphy/ptII/lib/hazelcast-3.8.2.jar:/home/travis/build/icyphy/ptII/lib/jackson-annotations-2.9.0.jar:/home/travis/build/icyphy/ptII/lib/jackson-core-2.9.3.jar:/home/travis/build/icyphy/ptII/lib/jackson-databind-2.9.3.jar:/home/travis/build/icyphy/ptII/lib/netty-buffer-4.1.19.Final.jar:/home/travis/build/icyphy/ptII/lib/netty-codec-4.1.19.Final.jar:/home/travis/build/icyphy/ptII/lib/netty-codec-dns-4.1.19.Final.jar:/home/travis/build/icyphy/ptII/lib/netty-codec-http-4.1.19.Final.jar:/home/travis/build/icyphy/ptII/lib/netty-codec-http2-4.1.19.Final.jar:/home/travis/build/icyphy/ptII/lib/netty-common-4.1.19.Final.jar:/home/travis/build/icyphy/ptII/lib/netty-handler-4.1.19.Final.jar:/home/travis/build/icyphy/ptII/lib/netty-resolver-4.1.19.Final.jar:/home/travis/build/icyphy/ptII/lib/netty-resolver-dns-4.1.19.Final.jar:/home/travis/build/icyphy/ptII/lib/netty-transport-4.1.19.Final.jar:/home/travis/build/icyphy/ptII/lib/vertx-codegen-3.5.1.jar:/home/travis/build/icyphy/ptII/lib/vertx-core-3.5.2-SNAPSHOT.jar:/home/travis/build/icyphy/ptII/lib/vertx-hazelcast-3.5.1.jar:/home/travis/build/icyphy/ptII/lib/vertx-lang-js-3.5.1.jar:/home/travis/build/icyphy/ptII/lib/vertx-service-proxy-3.5.1.jar:/home/travis/build/icyphy/ptII/lib/vertx-web-3.5.1.jar:/home/travis/build/icyphy/ptII/lib/slf4j-api-1.7.13.jar:/home/travis/build/icyphy/ptII/lib/slf4j-simple-1.7.13.jar:/home/travis/build/icyphy/ptII/lib/webcam-capture-0.3.12.jar:/home/travis/build/icyphy/ptII/lib/bridj-0.7.0.jar:/home/travis/build/icyphy/ptII/lib/xbjlib-1.1.0.nrjavaserial.jar" />
    <property name="timeout" value="2400000" />
    <property name="test.batch" value="**/junit/*.java" />
    <property name="env._" value="/usr/bin/timeout" />
    <property name="java.io.tmpdir" value="/tmp" />
    <property name="user.language" value="en" />
    <property name="env.TRAVIS_INTERNAL_RUBY_REGEX" value="^ruby-(2\.[0-4]\.[0-9]|1\.9\.3)" />
    <property name="env.HISTCONTROL" value="ignoredups:ignorespace" />
    <property name="env.GOROOT" value="/home/travis/.gimme/versions/go1.11.1.linux.amd64" />
    <property name="line.separator" value="&#xa;" />
    <property name="target" value="11" />
    <property name="env.TRAVIS_BUILD_DIR" value="/home/travis/build/icyphy/ptII" />
    <property name="env.ANT_OPTS" value="-Xmx2048m" />
    <property name="ant.file.type" value="file" />
    <property name="ptolemy.ptII.batchMode" value="true" />
    <property name="env.HISTSIZE" value="1000" />
    <property name="env.MERB_ENV" value="test" />
    <property name="java.vm.info" value="mixed mode" />
    <property name="source" value="11" />
    <property name="java.vm.specification.name" value="Java Virtual Machine Specification" />
    <property name="env.TRAVIS_TEST_RESULT" value="0" />
    <property name="jsdoc.command" value="node_modules/@terraswarm/jsdoc/jsdoc.js" />
    <property name="npm.works" value="true" />
    <property name="cobertura.dir" value="/home/travis/build/icyphy/ptII/vendors/cobertura-2.0.3" />
    <property name="jsdoc.command.exists" value="true" />
    <property name="env.rvm_path" value="/home/travis/.rvm" />
    <property name="env.GEM_PATH" value="/home/travis/.rvm/gems/ruby-2.5.3:/home/travis/.rvm/gems/ruby-2.5.3@global" />
    <property name="env.LC_CTYPE" value="en_US.UTF-8" />
    <property name="env.TRAVIS_CMD" value="$PTII/bin/ptIITravisBuild.sh $SECONDS" />
    <property name="java.awt.printerjob" value="sun.print.PSPrinterJob" />
    <property name="env.TRAVIS_STACK_NAME" value="sardonyx" />
    <property name="env.TRAVIS_TIMER_START_TIME" value="1575439624347658238" />
    <property name="ant.version" value="Apache Ant(TM) version 1.10.1 compiled on February 2 2017" />
    <property name="ptII.reports" value="/home/travis/build/icyphy/ptII/reports" />
    <property name="env.TRAVIS_STACK_TIMESTAMP" value="2019-03-25 16:16:56 UTC" />
    <property name="ant.file.type.ptII" value="file" />
    <property name="env.RBENV_SHELL" value="bash" />
    <property name="os.name" value="Linux" />
    <property name="java.specification.vendor" value="Oracle Corporation" />
    <property name="env.rvm_version" value="1.29.7 (latest)" />
    <property name="env.TRAVIS_INFRA" value="unknown" />
    <property name="env.TERM" value="xterm" />
    <property name="java.vm.name" value="OpenJDK 64-Bit Server VM" />
    <property name="env.TRAVIS_BUILD_NUMBER" value="1417" />
    <property name="env.CI" value="true" />
    <property name="java.library.path" value="/home/travis/pthla/certi-tools/lib:/usr/lib/jni:/usr/local/share/OpenCV/java/:/usr/share/OpenCV/java::/usr/java/packages/lib:/usr/lib64:/lib64:/lib:/usr/lib" />
    <property name="jdk.module.path" value="/home/travis/build/icyphy/ptII/vendors/javafx/javafx-sdk-11.0.2/lib:" />
    <property name="env.rvm_prefix" value="/home/travis" />
    <property name="env.PATH" value="/home/travis/pthla/certi-tools/share/scripts:/home/travis/.rvm/gems/ruby-2.5.3/bin:/home/travis/.rvm/gems/ruby-2.5.3@global/bin:/home/travis/.rvm/rubies/ruby-2.5.3/bin:/home/travis/.rvm/bin:/home/travis/.nvm/versions/node/v7.10.1/bin:./node_modules/.bin:/home/travis/build/icyphy/ptII/bin:/home/travis/pthla/certi-tools/bin:/home/travis/bin:/home/travis/.local/bin:/usr/local/lib/jvm/openjdk11/bin:/opt/pyenv/shims:/home/travis/.phpenv/shims:/home/travis/perl5/perlbrew/bin:/home/travis/gopath/bin:/home/travis/.gimme/versions/go1.11.1.linux.amd64/bin:/usr/local/maven-3.6.0/bin:/usr/local/cmake-3.12.4/bin:/usr/local/clang-7.0.0/bin:/usr/local/sbin:/usr/local/bin:/usr/sbin:/usr/bin:/sbin:/bin:/snap/bin:/home/travis/.phpenv/bin:/opt/pyenv/bin:/home/travis/.yarn/bin" />
    <property name="env.TRAVIS_OS_NAME" value="linux" />
    <property name="ant.java.version" value="9" />
    <property name="basedir" value="/home/travis/build/icyphy/ptII" />
    <property name="java.class.version" value="55.0" />
    <property name="env.SHLVL" value="3" />
    <property name="env.LD_LIBRARY_PATH" value="/home/travis/pthla/certi-tools/lib:/usr/lib/jni:/usr/local/share/OpenCV/java/:/usr/share/OpenCV/java:" />
    <property name="env.RACK_ENV" value="test" />
    <property name="ant.home" value="/home/travis/build/icyphy/ptII/ant" />
    <property name="env.NVM_DIR" value="/home/travis/.nvm" />
    <property name="env.CERTI_FOM_PATH" value="/home/travis/pthla/certi-tools/share/federations" />
    <property name="env.TRAVIS_BUILD_ID" value="620472465" />
    <property name="env.PYENV_ROOT" value="/opt/pyenv" />
    <property name="env.TRAVIS_UID" value="2000" />
    <property name="prism.verbose" value="true" />
    <property name="env.NVM_BIN" value="/home/travis/.nvm/versions/node/v7.10.1/bin" />
    <property name="env.TRAVIS_COMMIT" value="11deb69804adb5926cd4863c8231df6048994796" />
    <property name="env._system_arch" value="x86_64" />
    <property name="node.executable" value="node" />
    <property name="sun.boot.library.path" value="/usr/local/lib/jvm/openjdk11/lib" />
    <property name="sun.management.compiler" value="HotSpot 64-Bit Tiered Compilers" />
    <property name="java.awt.graphicsenv" value="sun.awt.X11GraphicsEnvironment" />
    <property name="env.GOPATH" value="/home/travis/gopath" />
    <property name="ptolemy.ptII.dir" value="/home/travis/build/icyphy/ptII" />
    <property name="env.USER" value="travis" />
    <property name="env.HISTFILESIZE" value="2000" />
    <property name="timeout.longest" value="19000000" />
    <property name="env.PERLBREW_SHELLRC_VERSION" value="0.86" />
    <property name="env.TRAVIS_STACK_FEATURES" value="basic couchdb disabled-ipv6 docker docker-compose elasticsearch firefox go-toolchain google-chrome jdk memcached mongodb mysql nodejs_interpreter perl_interpreter perlbrew phantomjs postgresql python_interpreter redis ruby_interpreter sqlite xserver" />
    <property name="env.TRAVIS_PULL_REQUEST" value="false" />
    <property name="env.PYENV_SHELL" value="bash" />
    <property name="ant.project.name" value="ptII" />
    <property name="env.ANSI_RESET" value="\033[0m" />
    <property name="java.vm.specification.version" value="11" />
    <property name="env.TRAVIS_DIST" value="xenial" />
    <property name="env.CERTI_VERSION" value="4.0.0" />
    <property name="env.CERTI_HOST" value="localhost" />
    <property name="awt.toolkit" value="sun.awt.X11.XToolkit" />
    <property name="env.MY_RUBY_HOME" value="/home/travis/.rvm/rubies/ruby-2.5.3" />
    <property name="sun.cpu.isalist" value="" />
    <property name="env.TRAVIS_TMPDIR" value="/tmp/tmp.QnBydSiIVU" />
    <property name="java.vm.compressedOopsMode" value="Zero based" />
    <property name="os.version" value="4.15.0-1028-gcp" />
    <property name="user.home" value="/home/travis" />
    <property name="java.vm.vendor" value="Oracle Corporation" />
    <property name="env.TRAVIS_TAG" value="nightly" />
    <property name="env.ANSI_YELLOW" value="\033[33;1m" />
    <property name="env.TRAVIS_FILTERED" value="redirect_io" />
    <property name="env.ANSI_GREEN" value="\033[32;1m" />
    <property name="env.JAVA_HOME" value="/usr/local/lib/jvm/openjdk11" />
    <property name="javadoc.excludepackagenames" value="adm.cvs2svn.*,build.*,config.*,doc.coding.templates.*,jni.test.jni.meaningOfLife.*,jni.test.jni.testDeux.*,jni.test.jni.testTrois.*,org.terraswarm.accessor.accessors.web.node_modules.*,org.terraswarm.accessor.accessors.web.hosts.cordova.demo.*,org.terraswarm.accessor.accessors.web.hosts.cordova.plugins.*,org.terraswarm.accessor.accessors-svn.*,pt-modules.*,ptolemy.apps.agilent.*,ptolemy.apps.anytimecontrol.*,ptolemy.apps.apes.*,ptolemy.apps.charon.*,ptolemy.apps.crazyboard.*,ptolemy.apps.eclipse.*,ptolemy.apps.etherealSting.*,ptolemy.apps.fullscreen.*,ptolemy.apps.giotto.*,ptolemy.apps.ia.*,ptolemy.apps.interfaces.*,ptolemy.apps.jmf.*,ptolemy.apps.kurt.*,ptolemy.apps.kvm.*,ptolemy.apps.lego.*,ptolemy.apps.lejos.*,ptolemy.apps.midp.*,ptolemy.apps.mobileCoding.*,ptolemy.apps.pendulum.*,ptolemy.apps.rijndael.*,ptolemy.apps.robot.*,ptolemy.apps.security.*,ptolemy.apps.sobel.*,ptolemy.apps.soot.*,ptolemy.apps.throttle.*,ptolemy.apps.tini.*,ptolemy.apps.transmission.*,ptolemy.apps.vergil.*,ptolemy.apps.waba.*,ptolemy.apps.websensor.*,ptolemy.apps.webstart.*,ptolemy.apps.xsl.*,ptolemy.apps.zaurus.*,ptolemy.codegen.c.actor.lib.oldJavaFiles.*,ptolemy.codegen.dsp.lib.*,ptolemy.codegen.kernel.newInterfaces.*,ptolemy.codegen.lib.*,ptolemy.copernicus.kernel.fragment.*,ptolemy.copernicus.shallow.cg.*,ptolemy.domains.giotto.demo.Hierarchy.Hierarchy.*,ptolemy.domains.giotto.demo.Multimode.Multimode.*,ptolemy.domains.giotto.demo.Simple.Simple.*,ptolemy.domains.gr.lib.experimental.*,ptolemy.domains.gro.*,ptolemy.domains.pdf.*,ptolemy.domains.ptinyos.demo.Surge.output.*,ptolemy.moml.test.NoPackageActor.java*,ptolemy.plot.adm.*,ptolemy.plot.servlet.*,reports.*,signed.*,src.*,target.*,vendors.*,ptolemy.copernicus.applet.*,ptolemy.media.viewer.*,ptolemy.actor.corba.*,doc.doclets.*,ptolemy.apps.eclipse.awt.*,ptolemy.backtrack.*,ptolemy.backtrack.ast.*,ptolemy.cg.adapter.generic.program.procedural.c.mbed*,ptolemy.homer.*,ptolemy.actor.lib.jai.*,org.ptolemy.scala.*,diva.util.java2d.svg.*,ptolemy.domains.ptinyos.*,ptolemy.actor.lib.fmi.fmipp.*,,org.terraswarm.accessor.accessors.web.node_modules.*,org.terraswarm.accessor.accessors-svn,ptolemy.apps.*,ptolemy.actor.ptalon.demo.ptinyos.SendAndReceiveCnt.output,ptolemy.actor.ptalon.demo.ptinyos.SenseToLeds.output,ptolemy.domains.ptinyos.demo.CntToLedsAndRfm.output,ptolemy.domains.ptinyos.demo.RfmToLeds.output,ptolemy.domains.ptinyos.demo.SendAndReceiveCnt.output,ptolemy.domains.ptinyos.demo.SenseToLeds.output,ptolemy.actor.lib.jjs.modules.udpSocket.*" />
    <property name="env.PTII" value="/home/travis/build/icyphy/ptII" />
    <property name="env.XDG_SESSION_ID" value="2" />
    <property name="keystore" value="ptKeystore" />
    <property name="env.TRAVIS_COMMIT_MESSAGE" value="Conform a model to new HlaManager design." />
    <property name="junit.output.dir" value="/home/travis/build/icyphy/ptII/reports/junit" />
    <property name="npm.return.code" value="0" />
    <property name="user.dir" value="/home/travis/build/icyphy/ptII/ptolemy/actor/lib/test" />
    <property name="env.TRAVIS_NODE_VERSION" value="7" />
    <property name="env.TRAVIS_EVENT_TYPE" value="cron" />
    <property name="env.MAIL" value="/var/mail/travis" />
    <property name="env.PERLBREW_ROOT" value="/home/travis/perl5/perlbrew" />
    <property name="env.PWD" value="/home/travis/build/icyphy/ptII" />
    <property name="timeout.npm" value="45000" />
    <property name="env.TRAVIS_ARCH" value="amd64" />
    <property name="sun.cpu.endian" value="little" />
    <property name="env.PAGER" value="cat" />
    <property name="env.TRAVIS_BUILD_STAGE_NAME" value="Test" />
    <property name="env.PERLBREW_HOME" value="/home/travis/.perlbrew" />
    <property name="java.vm.version" value="11.0.2+9" />
    <property name="env.RAILS_ENV" value="test" />
    <property name="java.class.path" value="/home/travis/.ptolemyII:/home/travis/.ptolemyII/*:/home/travis/build/icyphy/ptII:/home/travis/build/icyphy/ptII/lib/bsh-2.0b4.jar:/home/travis/build/icyphy/ptII/lib/ptCal.jar:/home/travis/build/icyphy/ptII/lib/java_cup.jar:/home/travis/build/icyphy/ptII/lib/saxon8.jar:/home/travis/build/icyphy/ptII/lib/saxon8-dom.jar:/home/travis/build/icyphy/ptII/lib/chic.jar:/home/travis/build/icyphy/ptII/lib/ptcolt.jar:/home/travis/build/icyphy/ptII/vendors/misc/itext/iText.jar:/home/travis/build/icyphy/ptII/lib/g4ltl.jar:/home/travis/build/icyphy/ptII/lib/StructuralCoder.jar:/home/travis/build/icyphy/ptII/lib/jcerti.jar:/home/travis/build/icyphy/ptII/lib/javax.mail.jar:/home/travis/build/icyphy/ptII/vendors/JMF-2.1.1e/lib/jmf.jar:/home/travis/build/icyphy/ptII/lib/jna-4.0.0-variadic.jar:/home/travis/build/icyphy/ptII/vendors/misc/joystick/Joystick.jar:/home/travis/build/icyphy/ptII/lib/ptjacl.jar:/home/travis/build/icyphy/ptII/lib/jsoup-1.8.2.jar:/home/travis/build/icyphy/ptII/lib/junit-4.8.2.jar:/home/travis/build/icyphy/ptII/lib/JUnitParams-0.4.0.jar:/home/travis/build/icyphy/ptII/ptolemy/actor/lib/excel/jxl.jar:/home/travis/build/icyphy/ptII/lib/jython.jar:/home/travis/build/icyphy/ptII/lib/kieler.jar:/home/travis/build/icyphy/ptII/vendors/opencv/share/OpenCV/java/opencv-341.jar:/home/travis/build/icyphy/ptII/lib/oscP5.jar:/home/travis/build/icyphy/ptII/lib/nrjavaserial-3.11.0.devel.jar:/home/travis/build/icyphy/ptII/vendors/j3d/lib/Linux/j3dcore.jar:/home/travis/build/icyphy/ptII/vendors/j3d/lib/Linux/j3dutils.jar:/home/travis/build/icyphy/ptII/vendors/j3d/lib/Linux/vecmath.jar:/home/travis/build/icyphy/ptII/vendors/jogl/lib/Linux/gluegen-rt-natives-linux-amd64.jar:/home/travis/build/icyphy/ptII/vendors/jogl/lib/Linux/gluegen-rt.jar:/home/travis/build/icyphy/ptII/vendors/jogl/lib/Linux/jogl-all-natives-linux-amd64.jar:/home/travis/build/icyphy/ptII/vendors/jogl/lib/Linux/jogl-all.jar:/home/travis/build/icyphy/ptII/ptolemy/distributed/jini/jar/jini-core.jar:/home/travis/build/icyphy/ptII/ptolemy/distributed/jini/jar/jini-ext.jar:/home/travis/build/icyphy/ptII/ptolemy/distributed/jini/jar/sun-util.jar:/home/travis/build/icyphy/ptII/lib/protobuf-java-2.4.1.jar:/home/travis/build/icyphy/ptII/lib/org.eclipse.paho.client.mqttv3.jar:/home/travis/build/icyphy/ptII/lib/mapss.jar:/home/travis/build/icyphy/ptII/ptolemy/actor/ptalon/antlr/antlr.jar:/home/travis/build/icyphy/ptII/lib/JRI.jar:/home/travis/build/icyphy/ptII/lib/commons-lang-2.6.jar:/home/travis/build/icyphy/ptII/lib/commons-logging-1.1.1.jar:/home/travis/build/icyphy/ptII/lib/sootclasses.jar:/home/travis/build/icyphy/ptII/ptolemy/actor/lib/database/mysql-connector-java-5.1.6-bin.jar:/home/travis/build/icyphy/ptII/vendors/misc/sphinx4/sphinx4-data-5prealpha.jar:/home/travis/build/icyphy/ptII/vendors/misc/sphinx4/sphinx4-core-5prealpha.jar:/home/travis/build/icyphy/ptII/lib/PDFRenderer.jar:/home/travis/build/icyphy/ptII/lib/svgSalamander.jar:/home/travis/build/icyphy/ptII/lib/rsyntaxtextarea-2.6.0-SNAPSHOT.jar:/home/travis/build/icyphy/ptII/lib/hazelcast-3.8.2.jar:/home/travis/build/icyphy/ptII/lib/jackson-annotations-2.9.0.jar:/home/travis/build/icyphy/ptII/lib/jackson-core-2.9.3.jar:/home/travis/build/icyphy/ptII/lib/jackson-databind-2.9.3.jar:/home/travis/build/icyphy/ptII/lib/netty-buffer-4.1.19.Final.jar:/home/travis/build/icyphy/ptII/lib/netty-codec-4.1.19.Final.jar:/home/travis/build/icyphy/ptII/lib/netty-codec-dns-4.1.19.Final.jar:/home/travis/build/icyphy/ptII/lib/netty-codec-http-4.1.19.Final.jar:/home/travis/build/icyphy/ptII/lib/netty-codec-http2-4.1.19.Final.jar:/home/travis/build/icyphy/ptII/lib/netty-common-4.1.19.Final.jar:/home/travis/build/icyphy/ptII/lib/netty-handler-4.1.19.Final.jar:/home/travis/build/icyphy/ptII/lib/netty-resolver-4.1.19.Final.jar:/home/travis/build/icyphy/ptII/lib/netty-resolver-dns-4.1.19.Final.jar:/home/travis/build/icyphy/ptII/lib/netty-transport-4.1.19.Final.jar:/home/travis/build/icyphy/ptII/lib/vertx-codegen-3.5.1.jar:/home/travis/build/icyphy/ptII/lib/vertx-core-3.5.2-SNAPSHOT.jar:/home/travis/build/icyphy/ptII/lib/vertx-hazelcast-3.5.1.jar:/home/travis/build/icyphy/ptII/lib/vertx-lang-js-3.5.1.jar:/home/travis/build/icyphy/ptII/lib/vertx-service-proxy-3.5.1.jar:/home/travis/build/icyphy/ptII/lib/vertx-web-3.5.1.jar:/home/travis/build/icyphy/ptII/lib/slf4j-api-1.7.13.jar:/home/travis/build/icyphy/ptII/lib/slf4j-simple-1.7.13.jar:/home/travis/build/icyphy/ptII/lib/webcam-capture-0.3.12.jar:/home/travis/build/icyphy/ptII/lib/bridj-0.7.0.jar:/home/travis/build/icyphy/ptII/lib/xbjlib-1.1.0.nrjavaserial.jar:/home/travis/build/icyphy/ptII/ptolemy/moml/test:/home/travis/build/icyphy/ptII/ant/lib/ant-launcher.jar:/home/travis/build/icyphy/ptII/ant/lib/ant.jar:/home/travis/build/icyphy/ptII/ant/lib/ant-junit.jar:/home/travis/build/icyphy/ptII/ant/lib/ant-junit4.jar" />
    <property name="ant.library.dir" value="/home/travis/build/icyphy/ptII/ant/lib" />
    <property name="os.arch" value="amd64" />
    <property name="env.CONTINUOUS_INTEGRATION" value="true" />
    <property name="env.TRAVIS_LANGUAGE" value="node_js" />
    <property name="env.TRAVIS_STACK_LANGUAGES" value="__sardonyx__ c c++ clojure cplusplus cpp default generic go groovy java node_js php pure_java python ruby scala" />
    <property name="test.name" value="ptolemy.actor.lib.test.junit.JUnitTclTest" />
    <property name="env.APT_KEY_DONT_WARN_ON_DANGEROUS_USAGE" value="1" />
    <property name="sun.java.launcher" value="SUN_STANDARD" />
    <property name="env.PYTHON_CONFIGURE_OPTS" value="--enable-unicode=ucs4 --with-wide-unicode --enable-shared --enable-ipv6 --enable-loadable-sqlite-extensions --with-computed-gotos" />
    <property name="ant.core.lib" value="/home/travis/build/icyphy/ptII/ant/lib/ant.jar" />
    <property name="java.vm.specification.vendor" value="Oracle Corporation" />
    <property name="env.BCVTB_HOME" value="/home/travis/build/icyphy/ptII/lbnl" />
    <property name="file.separator" value="/" />
    <property name="spotbugs.home" value="/home/travis/build/icyphy/ptII/vendors/spotbugs-3.1.1" />
    <property name="java.runtime.version" value="11.0.2+9" />
    <property name="env.ANSI_CLEAR" value="\033[0K" />
    <property name="javafx.verbose" value="true" />
    <property name="env.HAS_JOSH_K_SEAL_OF_APPROVAL" value="true" />
    <property name="env.XDG_RUNTIME_DIR" value="/run/user/2000" />
    <property name="env.TRAVIS_OSX_IMAGE" value="" />
    <property name="env.TRAVIS_JOB_ID" value="620472475" />
    <property name="env.TRAVIS_BRANCH" value="master" />
    <property name="user.country" value="US" />
    <property name="env.CERTI_HOME_TRAVIS" value="/home/travis/pthla/certi-tools" />
    <property name="env.SHELL" value="/bin/bash" />
    <property name="java.maxmemory.large" value="3200m" />
    <property name="model" value="" />
    <property name="env.CASHER_DIR" value="/home/travis/.casher" />
    <property name="env.NVM_CD_FLAGS" value="" />
    <property name="java.vendor.version" value="18.9" />
    <property name="jshint.executable" value="/home/travis/node_modules/jshint/bin/jshint" />
    <property name="env.JRUBY_OPTS" value=" --client -J-XX:+TieredCompilation -J-XX:TieredStopAtLevel=1 -J-Xss2m -Xcompile.invokedynamic=false" />
    <property name="java.vendor" value="Oracle Corporation" />
    <property name="env.TRAVIS_PRE_CHEF_BOOTSTRAP_TIME" value="2019-03-25T16:16:42" />
    <property name="env.TRAVIS_STACK_JOB_BOARD_REGISTER" value="/.job-board-register.yml" />
    <property name="env.ANSI_RED" value="\033[31;1m" />
    <property name="java.specification.version" value="11" />
    <property name="env.IRBRC" value="/home/travis/.rvm/rubies/ruby-2.5.3/.irbrc" />
    <property name="env.TRAVIS" value="true" />
    <property name="sun.arch.data.model" value="64" />
  </properties>
  <testcase classname="ptolemy.util.test.junit.TclTests" name="[0] /home/travis/build/icyphy/ptII/ptolemy/actor/lib/test/AbsoluteValue.tcl (RunTclFile)" time="0.63" />
  <testcase classname="ptolemy.util.test.junit.TclTests" name="[1] /home/travis/build/icyphy/ptII/ptolemy/actor/lib/test/AddSubtract.tcl (RunTclFile)" time="0.185" />
  <testcase classname="ptolemy.util.test.junit.TclTests" name="[2] /home/travis/build/icyphy/ptII/ptolemy/actor/lib/test/Average.tcl (RunTclFile)" time="0.071" />
  <testcase classname="ptolemy.util.test.junit.TclTests" name="[3] /home/travis/build/icyphy/ptII/ptolemy/actor/lib/test/Bernoulli.tcl (RunTclFile)" time="0.031" />
  <testcase classname="ptolemy.util.test.junit.TclTests" name="[4] /home/travis/build/icyphy/ptII/ptolemy/actor/lib/test/Clock.tcl (RunTclFile)" time="0.068" />
  <testcase classname="ptolemy.util.test.junit.TclTests" name="[5] /home/travis/build/icyphy/ptII/ptolemy/actor/lib/test/Commutator.tcl (RunTclFile)" time="0.188" />
  <testcase classname="ptolemy.util.test.junit.TclTests" name="[6] /home/travis/build/icyphy/ptII/ptolemy/actor/lib/test/Const.tcl (RunTclFile)" time="0.165" />
  <testcase classname="ptolemy.util.test.junit.TclTests" name="[7] /home/travis/build/icyphy/ptII/ptolemy/actor/lib/test/CurrentTime.tcl (RunTclFile)" time="0.056" />
  <testcase classname="ptolemy.util.test.junit.TclTests" name="[8] /home/travis/build/icyphy/ptII/ptolemy/actor/lib/test/DB.tcl (RunTclFile)" time="0.057" />
  <testcase classname="ptolemy.util.test.junit.TclTests" name="[9] /home/travis/build/icyphy/ptII/ptolemy/actor/lib/test/DiscreteRandomSource.tcl (RunTclFile)" time="0.059" />
  <testcase classname="ptolemy.util.test.junit.TclTests" name="[10] /home/travis/build/icyphy/ptII/ptolemy/actor/lib/test/Distributor.tcl (RunTclFile)" time="0.064" />
  <testcase classname="ptolemy.util.test.junit.TclTests" name="[11] /home/travis/build/icyphy/ptII/ptolemy/actor/lib/test/Exit.tcl (RunTclFile)" time="0.096" />
  <testcase classname="ptolemy.util.test.junit.TclTests" name="[12] /home/travis/build/icyphy/ptII/ptolemy/actor/lib/test/Expression.tcl (RunTclFile)" time="0.088" />
  <testcase classname="ptolemy.util.test.junit.TclTests" name="[13] /home/travis/build/icyphy/ptII/ptolemy/actor/lib/test/Gaussian.tcl (RunTclFile)" time="0.895" />
  <testcase classname="ptolemy.util.test.junit.TclTests" name="[14] /home/travis/build/icyphy/ptII/ptolemy/actor/lib/test/IIR.tcl (RunTclFile)" time="0.05" />
  <testcase classname="ptolemy.util.test.junit.TclTests" name="[15] /home/travis/build/icyphy/ptII/ptolemy/actor/lib/test/Interpolator.tcl (RunTclFile)" time="0.113" />
  <testcase classname="ptolemy.util.test.junit.TclTests" name="[16] /home/travis/build/icyphy/ptII/ptolemy/actor/lib/test/MathFunction.tcl (RunTclFile)" time="0.076" />
  <testcase classname="ptolemy.util.test.junit.TclTests" name="[17] /home/travis/build/icyphy/ptII/ptolemy/actor/lib/test/Maximum.tcl (RunTclFile)" time="0.037" />
  <testcase classname="ptolemy.util.test.junit.TclTests" name="[18] /home/travis/build/icyphy/ptII/ptolemy/actor/lib/test/Minimum.tcl (RunTclFile)" time="0.029" />
  <testcase classname="ptolemy.util.test.junit.TclTests" name="[19] /home/travis/build/icyphy/ptII/ptolemy/actor/lib/test/MultiplyDivide.tcl (RunTclFile)" time="0.047" />
  <testcase classname="ptolemy.util.test.junit.TclTests" name="[20] /home/travis/build/icyphy/ptII/ptolemy/actor/lib/test/OrderedMerge.tcl (RunTclFile)" time="0.178" />
  <testcase classname="ptolemy.util.test.junit.TclTests" name="[21] /home/travis/build/icyphy/ptII/ptolemy/actor/lib/test/Publisher.tcl (RunTclFile)" time="0.969" />
  <testcase classname="ptolemy.util.test.junit.TclTests" name="[22] /home/travis/build/icyphy/ptII/ptolemy/actor/lib/test/Pulse.tcl (RunTclFile)" time="0.075" />
  <testcase classname="ptolemy.util.test.junit.TclTests" name="[23] /home/travis/build/icyphy/ptII/ptolemy/actor/lib/test/Ramp.tcl (RunTclFile)" time="2.246" />
  <testcase classname="ptolemy.util.test.junit.TclTests" name="[24] /home/travis/build/icyphy/ptII/ptolemy/actor/lib/test/RampContinuous.tcl (RunTclFile)" time="0.016" />
  <testcase classname="ptolemy.util.test.junit.TclTests" name="[25] /home/travis/build/icyphy/ptII/ptolemy/actor/lib/test/RecordAssembler.tcl (RunTclFile)" time="0.016" />
  <testcase classname="ptolemy.util.test.junit.TclTests" name="[26] /home/travis/build/icyphy/ptII/ptolemy/actor/lib/test/RecordDisassembler.tcl (RunTclFile)" time="0.02" />
  <testcase classname="ptolemy.util.test.junit.TclTests" name="[27] /home/travis/build/icyphy/ptII/ptolemy/actor/lib/test/Scale.tcl (RunTclFile)" time="0.017" />
  <testcase classname="ptolemy.util.test.junit.TclTests" name="[28] /home/travis/build/icyphy/ptII/ptolemy/actor/lib/test/SequentialClock.tcl (RunTclFile)" time="0.012" />
  <testcase classname="ptolemy.util.test.junit.TclTests" name="[29] /home/travis/build/icyphy/ptII/ptolemy/actor/lib/test/SetVariable.tcl (RunTclFile)" time="0.024">
    <failure message="Number of failed tests is has increased. expected:&lt;0&gt; but was:&lt;1&gt;" type="junit.framework.AssertionFailedError">junit.framework.AssertionFailedError: Number of failed tests is has increased. expected:&lt;0&gt; but was:&lt;1&gt;
	at ptolemy.util.test.junit.TclTests.RunTclFile(TclTests.java:286)
	at jdk.internal.reflect.GeneratedMethodAccessor19.invoke(Unknown Source)
	at java.base/jdk.internal.reflect.DelegatingMethodAccessorImpl.invoke(DelegatingMethodAccessorImpl.java:43)
	at junitparams.internal.InvokeParameterisedMethod.evaluate(InvokeParameterisedMethod.java:102)
	at junitparams.internal.ParameterisedTestMethodRunner.runMethodInvoker(ParameterisedTestMethodRunner.java:47)
	at junitparams.internal.ParameterisedTestMethodRunner.runTestMethod(ParameterisedTestMethodRunner.java:41)
	at junitparams.internal.ParameterisedTestClassRunner.runParameterisedTest(ParameterisedTestClassRunner.java:143)
	at junitparams.JUnitParamsRunner.runChild(JUnitParamsRunner.java:237)
	at junitparams.JUnitParamsRunner.runChild(JUnitParamsRunner.java:215)
</failure>
  </testcase>
  <testcase classname="ptolemy.util.test.junit.TclTests" name="[30] /home/travis/build/icyphy/ptII/ptolemy/actor/lib/test/Sinewave.tcl (RunTclFile)" time="0.046" />
  <testcase classname="ptolemy.util.test.junit.TclTests" name="[31] /home/travis/build/icyphy/ptII/ptolemy/actor/lib/test/SubscriptionAggregator.tcl (RunTclFile)" time="2.581" />
  <testcase classname="ptolemy.util.test.junit.TclTests" name="[32] /home/travis/build/icyphy/ptII/ptolemy/actor/lib/test/Test.tcl (RunTclFile)" time="0.124" />
  <testcase classname="ptolemy.util.test.junit.TclTests" name="[33] /home/travis/build/icyphy/ptII/ptolemy/actor/lib/test/TestExceptionHandler.tcl (RunTclFile)" time="0.014" />
  <testcase classname="ptolemy.util.test.junit.TclTests" name="[34] /home/travis/build/icyphy/ptII/ptolemy/actor/lib/test/UnionDisassembler.tcl (RunTclFile)" time="0.081" />
  <testcase classname="ptolemy.util.test.junit.TclTests" name="[35] /home/travis/build/icyphy/ptII/ptolemy/actor/lib/test/VariableClock.tcl (RunTclFile)" time="0.036" />
  <testcase classname="ptolemy.util.test.junit.AutoKnownFailedTests" name="[0] /home/travis/build/icyphy/ptII/ptolemy/actor/lib/test/auto/knownFailedTests/PublisherPortToplevelSubscriber.xml (RunModel)" time="0.04" />
  <testcase classname="ptolemy.util.test.junit.AutoKnownFailedTests" name="[1] /home/travis/build/icyphy/ptII/ptolemy/actor/lib/test/auto/knownFailedTests/PublisherSubscriberPortToplevel.xml (RunModel)" time="0.02" />
  <testcase classname="ptolemy.util.test.junit.AutoKnownFailedTests" name="[2] /home/travis/build/icyphy/ptII/ptolemy/actor/lib/test/auto/knownFailedTests/PublisherSubscriptionAggregatorPort.xml (RunModel)" time="0.024" />
  <testcase classname="ptolemy.util.test.junit.AutoKnownFailedTests" name="[3] /home/travis/build/icyphy/ptII/ptolemy/actor/lib/test/auto/knownFailedTests/sizedarray3.xml (RunModel)" time="0.031" />
  <testcase classname="ptolemy.util.test.junit.AutoNameArchTests" name="[0] ThereAreNoAutoArchTests (RunModel)" time="0.002" />
  <testcase classname="ptolemy.util.test.junit.AutoTests" name="[0] /home/travis/build/icyphy/ptII/ptolemy/actor/lib/test/auto/AbsoluteValue.xml (RunModel)" time="0.116" />
  <testcase classname="ptolemy.util.test.junit.AutoTests" name="[1] /home/travis/build/icyphy/ptII/ptolemy/actor/lib/test/auto/AbsoluteValue2.xml (RunModel)" time="0.043" />
  <testcase classname="ptolemy.util.test.junit.AutoTests" name="[2] /home/travis/build/icyphy/ptII/ptolemy/actor/lib/test/auto/Accumulator.xml (RunModel)" time="0.069" />
  <testcase classname="ptolemy.util.test.junit.AutoTests" name="[3] /home/travis/build/icyphy/ptII/ptolemy/actor/lib/test/auto/Accumulator2.xml (RunModel)" time="0.032" />
  <testcase classname="ptolemy.util.test.junit.AutoTests" name="[4] /home/travis/build/icyphy/ptII/ptolemy/actor/lib/test/auto/Accumulator3.xml (RunModel)" time="0.012" />
  <testcase classname="ptolemy.util.test.junit.AutoTests" name="[5] /home/travis/build/icyphy/ptII/ptolemy/actor/lib/test/auto/ArrayAppend.xml (RunModel)" time="0.062" />
  <testcase classname="ptolemy.util.test.junit.AutoTests" name="[6] /home/travis/build/icyphy/ptII/ptolemy/actor/lib/test/auto/ArrayAppend2.xml (RunModel)" time="0.348" />
  <testcase classname="ptolemy.util.test.junit.AutoTests" name="[7] /home/travis/build/icyphy/ptII/ptolemy/actor/lib/test/auto/ArrayAppend3.xml (RunModel)" time="0.043" />
  <testcase classname="ptolemy.util.test.junit.AutoTests" name="[8] /home/travis/build/icyphy/ptII/ptolemy/actor/lib/test/auto/ArrayAppend4.xml (RunModel)" time="0.026" />
  <testcase classname="ptolemy.util.test.junit.AutoTests" name="[9] /home/travis/build/icyphy/ptII/ptolemy/actor/lib/test/auto/ArrayAppend5.xml (RunModel)" time="0.018" />
  <testcase classname="ptolemy.util.test.junit.AutoTests" name="[10] /home/travis/build/icyphy/ptII/ptolemy/actor/lib/test/auto/ArrayAppend6.xml (RunModel)" time="0.026" />
  <testcase classname="ptolemy.util.test.junit.AutoTests" name="[11] /home/travis/build/icyphy/ptII/ptolemy/actor/lib/test/auto/ArrayAppendPerformanceTest.xml (RunModel)" time="0.067" />
  <testcase classname="ptolemy.util.test.junit.AutoTests" name="[12] /home/travis/build/icyphy/ptII/ptolemy/actor/lib/test/auto/ArrayAppendWithEmptyInput.xml (RunModel)" time="0.042" />
  <testcase classname="ptolemy.util.test.junit.AutoTests" name="[13] /home/travis/build/icyphy/ptII/ptolemy/actor/lib/test/auto/ArrayAverage.xml (RunModel)" time="0.034" />
  <testcase classname="ptolemy.util.test.junit.AutoTests" name="[14] /home/travis/build/icyphy/ptII/ptolemy/actor/lib/test/auto/ArrayContains.xml (RunModel)" time="0.031" />
  <testcase classname="ptolemy.util.test.junit.AutoTests" name="[15] /home/travis/build/icyphy/ptII/ptolemy/actor/lib/test/auto/ArrayElement.xml (RunModel)" time="0.035" />
  <testcase classname="ptolemy.util.test.junit.AutoTests" name="[16] /home/travis/build/icyphy/ptII/ptolemy/actor/lib/test/auto/ArrayElementAsMatrix.xml (RunModel)" time="0.08" />
  <testcase classname="ptolemy.util.test.junit.AutoTests" name="[17] /home/travis/build/icyphy/ptII/ptolemy/actor/lib/test/auto/ArrayElementI.xml (RunModel)" time="0.031" />
  <testcase classname="ptolemy.util.test.junit.AutoTests" name="[18] /home/travis/build/icyphy/ptII/ptolemy/actor/lib/test/auto/ArrayExtract.xml (RunModel)" time="0.022" />
  <testcase classname="ptolemy.util.test.junit.AutoTests" name="[19] /home/travis/build/icyphy/ptII/ptolemy/actor/lib/test/auto/ArrayExtract2.xml (RunModel)" time="0.016" />
  <testcase classname="ptolemy.util.test.junit.AutoTests" name="[20] /home/travis/build/icyphy/ptII/ptolemy/actor/lib/test/auto/ArrayLength.xml (RunModel)" time="0.015" />
  <testcase classname="ptolemy.util.test.junit.AutoTests" name="[21] /home/travis/build/icyphy/ptII/ptolemy/actor/lib/test/auto/ArrayLevelCrossing.xml (RunModel)" time="0.029" />
  <testcase classname="ptolemy.util.test.junit.AutoTests" name="[22] /home/travis/build/icyphy/ptII/ptolemy/actor/lib/test/auto/ArrayLevelCrossing2.xml (RunModel)" time="0.024" />
  <testcase classname="ptolemy.util.test.junit.AutoTests" name="[23] /home/travis/build/icyphy/ptII/ptolemy/actor/lib/test/auto/ArrayPeakSearch.xml (RunModel)" time="0.031" />
  <testcase classname="ptolemy.util.test.junit.AutoTests" name="[24] /home/travis/build/icyphy/ptII/ptolemy/actor/lib/test/auto/ArrayPeakSearch2.xml (RunModel)" time="0.039" />
  <testcase classname="ptolemy.util.test.junit.AutoTests" name="[25] /home/travis/build/icyphy/ptII/ptolemy/actor/lib/test/auto/ArrayPeakSearch3.xml (RunModel)" time="0.028" />
  <testcase classname="ptolemy.util.test.junit.AutoTests" name="[26] /home/travis/build/icyphy/ptII/ptolemy/actor/lib/test/auto/ArrayRemoveElement.xml (RunModel)" time="0.026" />
  <testcase classname="ptolemy.util.test.junit.AutoTests" name="[27] /home/travis/build/icyphy/ptII/ptolemy/actor/lib/test/auto/ArraySort.xml (RunModel)" time="0.034" />
  <testcase classname="ptolemy.util.test.junit.AutoTests" name="[28] /home/travis/build/icyphy/ptII/ptolemy/actor/lib/test/auto/ArraySum.xml (RunModel)" time="0.018" />
  <testcase classname="ptolemy.util.test.junit.AutoTests" name="[29] /home/travis/build/icyphy/ptII/ptolemy/actor/lib/test/auto/ArrayToElements.xml (RunModel)" time="0.021" />
  <testcase classname="ptolemy.util.test.junit.AutoTests" name="[30] /home/travis/build/icyphy/ptII/ptolemy/actor/lib/test/auto/ArrayToMatrix.xml (RunModel)" time="0.046" />
  <testcase classname="ptolemy.util.test.junit.AutoTests" name="[31] /home/travis/build/icyphy/ptII/ptolemy/actor/lib/test/auto/ArrayUpdate1.xml (RunModel)" time="0.012" />
  <testcase classname="ptolemy.util.test.junit.AutoTests" name="[32] /home/travis/build/icyphy/ptII/ptolemy/actor/lib/test/auto/ArrayUpdate2.xml (RunModel)" time="0.014" />
  <testcase classname="ptolemy.util.test.junit.AutoTests" name="[33] /home/travis/build/icyphy/ptII/ptolemy/actor/lib/test/auto/ArrayUpdate3.xml (RunModel)" time="0.013" />
  <testcase classname="ptolemy.util.test.junit.AutoTests" name="[34] /home/travis/build/icyphy/ptII/ptolemy/actor/lib/test/auto/Assert1.xml (RunModel)" time="0.02" />
  <testcase classname="ptolemy.util.test.junit.AutoTests" name="[35] /home/travis/build/icyphy/ptII/ptolemy/actor/lib/test/auto/Assert2.xml (RunModel)" time="0.016" />
  <testcase classname="ptolemy.util.test.junit.AutoTests" name="[36] /home/travis/build/icyphy/ptII/ptolemy/actor/lib/test/auto/BooleanMultiplexor.xml (RunModel)" time="0.016" />
  <testcase classname="ptolemy.util.test.junit.AutoTests" name="[37] /home/travis/build/icyphy/ptII/ptolemy/actor/lib/test/auto/BooleanMultiplexor2.xml (RunModel)" time="0.016" />
  <testcase classname="ptolemy.util.test.junit.AutoTests" name="[38] /home/travis/build/icyphy/ptII/ptolemy/actor/lib/test/auto/BooleanMultiplexor3.xml (RunModel)" time="0.023" />
  <testcase classname="ptolemy.util.test.junit.AutoTests" name="[39] /home/travis/build/icyphy/ptII/ptolemy/actor/lib/test/auto/BooleanSelect.xml (RunModel)" time="0.034" />
  <testcase classname="ptolemy.util.test.junit.AutoTests" name="[40] /home/travis/build/icyphy/ptII/ptolemy/actor/lib/test/auto/BooleanSelect2.xml (RunModel)" time="0.02" />
  <testcase classname="ptolemy.util.test.junit.AutoTests" name="[41] /home/travis/build/icyphy/ptII/ptolemy/actor/lib/test/auto/BooleanSwitch.xml (RunModel)" time="0.026" />
  <testcase classname="ptolemy.util.test.junit.AutoTests" name="[42] /home/travis/build/icyphy/ptII/ptolemy/actor/lib/test/auto/BooleanSwitch2.xml (RunModel)" time="0.014" />
  <testcase classname="ptolemy.util.test.junit.AutoTests" name="[43] /home/travis/build/icyphy/ptII/ptolemy/actor/lib/test/auto/BooleanSwitchCloningBugWithClassRelationGroup.xml (RunModel)" time="0.036" />
  <testcase classname="ptolemy.util.test.junit.AutoTests" name="[44] /home/travis/build/icyphy/ptII/ptolemy/actor/lib/test/auto/BusActors.xml (RunModel)" time="0.068" />
  <testcase classname="ptolemy.util.test.junit.AutoTests" name="[45] /home/travis/build/icyphy/ptII/ptolemy/actor/lib/test/auto/ClassWrapper.xml (RunModel)" time="0.026" />
  <testcase classname="ptolemy.util.test.junit.AutoTests" name="[46] /home/travis/build/icyphy/ptII/ptolemy/actor/lib/test/auto/Clock.xml (RunModel)" time="0.008" />
  <testcase classname="ptolemy.util.test.junit.AutoTests" name="[47] /home/travis/build/icyphy/ptII/ptolemy/actor/lib/test/auto/Clock10.xml (RunModel)" time="0.019" />
  <testcase classname="ptolemy.util.test.junit.AutoTests" name="[48] /home/travis/build/icyphy/ptII/ptolemy/actor/lib/test/auto/Clock11.xml (RunModel)" time="0.024" />
  <testcase classname="ptolemy.util.test.junit.AutoTests" name="[49] /home/travis/build/icyphy/ptII/ptolemy/actor/lib/test/auto/Clock12.xml (RunModel)" time="0.029" />
  <testcase classname="ptolemy.util.test.junit.AutoTests" name="[50] /home/travis/build/icyphy/ptII/ptolemy/actor/lib/test/auto/Clock13.xml (RunModel)" time="0.016" />
  <testcase classname="ptolemy.util.test.junit.AutoTests" name="[51] /home/travis/build/icyphy/ptII/ptolemy/actor/lib/test/auto/Clock14.xml (RunModel)" time="0.023" />
  <testcase classname="ptolemy.util.test.junit.AutoTests" name="[52] /home/travis/build/icyphy/ptII/ptolemy/actor/lib/test/auto/Clock15.xml (RunModel)" time="0.024" />
  <testcase classname="ptolemy.util.test.junit.AutoTests" name="[53] /home/travis/build/icyphy/ptII/ptolemy/actor/lib/test/auto/Clock16.xml (RunModel)" time="0.098" />
  <testcase classname="ptolemy.util.test.junit.AutoTests" name="[54] /home/travis/build/icyphy/ptII/ptolemy/actor/lib/test/auto/Clock17.xml (RunModel)" time="0.073" />
  <testcase classname="ptolemy.util.test.junit.AutoTests" name="[55] /home/travis/build/icyphy/ptII/ptolemy/actor/lib/test/auto/Clock18.xml (RunModel)" time="0.048" />
  <testcase classname="ptolemy.util.test.junit.AutoTests" name="[56] /home/travis/build/icyphy/ptII/ptolemy/actor/lib/test/auto/Clock19.xml (RunModel)" time="0.043" />
  <testcase classname="ptolemy.util.test.junit.AutoTests" name="[57] /home/travis/build/icyphy/ptII/ptolemy/actor/lib/test/auto/Clock2.xml (RunModel)" time="0.013" />
  <testcase classname="ptolemy.util.test.junit.AutoTests" name="[58] /home/travis/build/icyphy/ptII/ptolemy/actor/lib/test/auto/Clock20.xml (RunModel)" time="0.023" />
  <testcase classname="ptolemy.util.test.junit.AutoTests" name="[59] /home/travis/build/icyphy/ptII/ptolemy/actor/lib/test/auto/Clock21.xml (RunModel)" time="0.018" />
  <testcase classname="ptolemy.util.test.junit.AutoTests" name="[60] /home/travis/build/icyphy/ptII/ptolemy/actor/lib/test/auto/Clock22.xml (RunModel)" time="0.018" />
  <testcase classname="ptolemy.util.test.junit.AutoTests" name="[61] /home/travis/build/icyphy/ptII/ptolemy/actor/lib/test/auto/Clock23.xml (RunModel)" time="0.02" />
  <testcase classname="ptolemy.util.test.junit.AutoTests" name="[62] /home/travis/build/icyphy/ptII/ptolemy/actor/lib/test/auto/Clock24.xml (RunModel)" time="0.017" />
  <testcase classname="ptolemy.util.test.junit.AutoTests" name="[63] /home/travis/build/icyphy/ptII/ptolemy/actor/lib/test/auto/Clock4.xml (RunModel)" time="0.012" />
  <testcase classname="ptolemy.util.test.junit.AutoTests" name="[64] /home/travis/build/icyphy/ptII/ptolemy/actor/lib/test/auto/Clock5.xml (RunModel)" time="0.013" />
  <testcase classname="ptolemy.util.test.junit.AutoTests" name="[65] /home/travis/build/icyphy/ptII/ptolemy/actor/lib/test/auto/Clock6.xml (RunModel)" time="0.01" />
  <testcase classname="ptolemy.util.test.junit.AutoTests" name="[66] /home/travis/build/icyphy/ptII/ptolemy/actor/lib/test/auto/Clock7.xml (RunModel)" time="0.012" />
  <testcase classname="ptolemy.util.test.junit.AutoTests" name="[67] /home/travis/build/icyphy/ptII/ptolemy/actor/lib/test/auto/Clock8.xml (RunModel)" time="0.017" />
  <testcase classname="ptolemy.util.test.junit.AutoTests" name="[68] /home/travis/build/icyphy/ptII/ptolemy/actor/lib/test/auto/Clock9.xml (RunModel)" time="0.019" />
  <testcase classname="ptolemy.util.test.junit.AutoTests" name="[69] /home/travis/build/icyphy/ptII/ptolemy/actor/lib/test/auto/CommDistDiscard.xml (RunModel)" time="0.025" />
  <testcase classname="ptolemy.util.test.junit.AutoTests" name="[70] /home/travis/build/icyphy/ptII/ptolemy/actor/lib/test/auto/Commutator.xml (RunModel)" time="0.015" />
  <testcase classname="ptolemy.util.test.junit.AutoTests" name="[71] /home/travis/build/icyphy/ptII/ptolemy/actor/lib/test/auto/Commutator2.xml (RunModel)" time="0.014" />
  <testcase classname="ptolemy.util.test.junit.AutoTests" name="[72] /home/travis/build/icyphy/ptII/ptolemy/actor/lib/test/auto/Commutator3.xml (RunModel)" time="0.014" />
  <testcase classname="ptolemy.util.test.junit.AutoTests" name="[73] /home/travis/build/icyphy/ptII/ptolemy/actor/lib/test/auto/Compare.xml (RunModel)" time="0.058" />
  <testcase classname="ptolemy.util.test.junit.AutoTests" name="[74] /home/travis/build/icyphy/ptII/ptolemy/actor/lib/test/auto/CompareDE.xml (RunModel)" time="0.021" />
  <testcase classname="ptolemy.util.test.junit.AutoTests" name="[75] /home/travis/build/icyphy/ptII/ptolemy/actor/lib/test/auto/ComplexDivide.xml (RunModel)" time="0.011" />
  <testcase classname="ptolemy.util.test.junit.AutoTests" name="[76] /home/travis/build/icyphy/ptII/ptolemy/actor/lib/test/auto/ComputeHistogram.xml (RunModel)" time="0.063" />
  <testcase classname="ptolemy.util.test.junit.AutoTests" name="[77] /home/travis/build/icyphy/ptII/ptolemy/actor/lib/test/auto/ConfigurationSelect.xml (RunModel)" time="0.027" />
  <testcase classname="ptolemy.util.test.junit.AutoTests" name="[78] /home/travis/build/icyphy/ptII/ptolemy/actor/lib/test/auto/ConfigurationSelect2.xml (RunModel)" time="0.021" />
  <testcase classname="ptolemy.util.test.junit.AutoTests" name="[79] /home/travis/build/icyphy/ptII/ptolemy/actor/lib/test/auto/ConfigurationSwitch.xml (RunModel)" time="0.033" />
  <testcase classname="ptolemy.util.test.junit.AutoTests" name="[80] /home/travis/build/icyphy/ptII/ptolemy/actor/lib/test/auto/ConfigurationSwitch2.xml (RunModel)" time="0.015" />
  <testcase classname="ptolemy.util.test.junit.AutoTests" name="[81] /home/travis/build/icyphy/ptII/ptolemy/actor/lib/test/auto/ConfigurationSwitchCloningBugWithClassRelationGroup.xml (RunModel)" time="0.027" />
  <testcase classname="ptolemy.util.test.junit.AutoTests" name="[82] /home/travis/build/icyphy/ptII/ptolemy/actor/lib/test/auto/ConfigurationSwitchSelectSDF.xml (RunModel)" time="0.017" />
  <testcase classname="ptolemy.util.test.junit.AutoTests" name="[83] /home/travis/build/icyphy/ptII/ptolemy/actor/lib/test/auto/ConfigurationSwitchSelectSDF2.xml (RunModel)" time="0.021" />
  <testcase classname="ptolemy.util.test.junit.AutoTests" name="[84] /home/travis/build/icyphy/ptII/ptolemy/actor/lib/test/auto/Const.xml (RunModel)" time="0.011" />
  <testcase classname="ptolemy.util.test.junit.AutoTests" name="[85] /home/travis/build/icyphy/ptII/ptolemy/actor/lib/test/auto/Const2.xml (RunModel)" time="0.012" />
  <testcase classname="ptolemy.util.test.junit.AutoTests" name="[86] /home/travis/build/icyphy/ptII/ptolemy/actor/lib/test/auto/Const3.xml (RunModel)" time="0.007" />
  <testcase classname="ptolemy.util.test.junit.AutoTests" name="[87] /home/travis/build/icyphy/ptII/ptolemy/actor/lib/test/auto/ConstantPublisherPort1.xml (RunModel)" time="0.025" />
  <testcase classname="ptolemy.util.test.junit.AutoTests" name="[88] /home/travis/build/icyphy/ptII/ptolemy/actor/lib/test/auto/ConstantPublisherPort2.xml (RunModel)" time="0.028" />
  <testcase classname="ptolemy.util.test.junit.AutoTests" name="[89] /home/travis/build/icyphy/ptII/ptolemy/actor/lib/test/auto/ConstantPublisherPort3.xml (RunModel)" time="0.026" />
  <testcase classname="ptolemy.util.test.junit.AutoTests" name="[90] /home/travis/build/icyphy/ptII/ptolemy/actor/lib/test/auto/ConstantPublisherPort4.xml (RunModel)" time="0.024" />
  <testcase classname="ptolemy.util.test.junit.AutoTests" name="[91] /home/travis/build/icyphy/ptII/ptolemy/actor/lib/test/auto/ConstantPublisherPort5.xml (RunModel)" time="0.062" />
  <testcase classname="ptolemy.util.test.junit.AutoTests" name="[92] /home/travis/build/icyphy/ptII/ptolemy/actor/lib/test/auto/ConstantPublisherPort6.xml (RunModel)" time="0.033" />
  <testcase classname="ptolemy.util.test.junit.AutoTests" name="[93] /home/travis/build/icyphy/ptII/ptolemy/actor/lib/test/auto/ConstantPublisherPort7.xml (RunModel)" time="0.036" />
  <testcase classname="ptolemy.util.test.junit.AutoTests" name="[94] /home/travis/build/icyphy/ptII/ptolemy/actor/lib/test/auto/ConstraintMonitor1.xml (RunModel)" time="0.048" />
  <testcase classname="ptolemy.util.test.junit.AutoTests" name="[95] /home/travis/build/icyphy/ptII/ptolemy/actor/lib/test/auto/ConstraintMonitor2.xml (RunModel)" time="0.019" />
  <testcase classname="ptolemy.util.test.junit.AutoTests" name="[96] /home/travis/build/icyphy/ptII/ptolemy/actor/lib/test/auto/ConstraintMonitor3.xml (RunModel)" time="0.02" />
  <testcase classname="ptolemy.util.test.junit.AutoTests" name="[97] /home/travis/build/icyphy/ptII/ptolemy/actor/lib/test/auto/ConstraintMonitor4.xml (RunModel)" time="0.026" />
  <testcase classname="ptolemy.util.test.junit.AutoTests" name="[98] /home/travis/build/icyphy/ptII/ptolemy/actor/lib/test/auto/ConstraintMonitor5.xml (RunModel)" time="0.027" />
  <testcase classname="ptolemy.util.test.junit.AutoTests" name="[99] /home/travis/build/icyphy/ptII/ptolemy/actor/lib/test/auto/ConstraintMonitor6.xml (RunModel)" time="0.038" />
  <testcase classname="ptolemy.util.test.junit.AutoTests" name="[100] /home/travis/build/icyphy/ptII/ptolemy/actor/lib/test/auto/ConstraintMonitor7.xml (RunModel)" time="0.026" />
  <testcase classname="ptolemy.util.test.junit.AutoTests" name="[101] /home/travis/build/icyphy/ptII/ptolemy/actor/lib/test/auto/ConstraintMonitor8.xml (RunModel)" time="0.029" />
  <testcase classname="ptolemy.util.test.junit.AutoTests" name="[102] /home/travis/build/icyphy/ptII/ptolemy/actor/lib/test/auto/Counter.xml (RunModel)" time="0.016" />
  <testcase classname="ptolemy.util.test.junit.AutoTests" name="[103] /home/travis/build/icyphy/ptII/ptolemy/actor/lib/test/auto/CurrentTimeSDF.xml (RunModel)" time="0.012" />
  <testcase classname="ptolemy.util.test.junit.AutoTests" name="[104] /home/travis/build/icyphy/ptII/ptolemy/actor/lib/test/auto/DB.xml (RunModel)" time="0.015" />
  <testcase classname="ptolemy.util.test.junit.AutoTests" name="[105] /home/travis/build/icyphy/ptII/ptolemy/actor/lib/test/auto/DBDE.xml (RunModel)" time="0.017" />
  <testcase classname="ptolemy.util.test.junit.AutoTests" name="[106] /home/travis/build/icyphy/ptII/ptolemy/actor/lib/test/auto/DateConstructor.xml (RunModel)" time="0.078" />
  <testcase classname="ptolemy.util.test.junit.AutoTests" name="[107] /home/travis/build/icyphy/ptII/ptolemy/actor/lib/test/auto/DelayTime.xml (RunModel)" time="0.022" />
  <testcase classname="ptolemy.util.test.junit.AutoTests" name="[108] /home/travis/build/icyphy/ptII/ptolemy/actor/lib/test/auto/Dictionary1.xml (RunModel)" time="0.023" />
  <testcase classname="ptolemy.util.test.junit.AutoTests" name="[109] /home/travis/build/icyphy/ptII/ptolemy/actor/lib/test/auto/Dictionary2.xml (RunModel)" time="0.021" />
  <testcase classname="ptolemy.util.test.junit.AutoTests" name="[110] /home/travis/build/icyphy/ptII/ptolemy/actor/lib/test/auto/Dictionary3.xml (RunModel)" time="0.018" />
  <testcase classname="ptolemy.util.test.junit.AutoTests" name="[111] /home/travis/build/icyphy/ptII/ptolemy/actor/lib/test/auto/Dictionary4.xml (RunModel)" time="0.027" />
  <testcase classname="ptolemy.util.test.junit.AutoTests" name="[112] /home/travis/build/icyphy/ptII/ptolemy/actor/lib/test/auto/Differential.xml (RunModel)" time="0.014" />
  <testcase classname="ptolemy.util.test.junit.AutoTests" name="[113] /home/travis/build/icyphy/ptII/ptolemy/actor/lib/test/auto/Director.xml (RunModel)" time="0.013" />
  <testcase classname="ptolemy.util.test.junit.AutoTests" name="[114] /home/travis/build/icyphy/ptII/ptolemy/actor/lib/test/auto/DiscreteClock.xml (RunModel)" time="0.01" />
  <testcase classname="ptolemy.util.test.junit.AutoTests" name="[115] /home/travis/build/icyphy/ptII/ptolemy/actor/lib/test/auto/DiscreteClock10.xml (RunModel)" time="0.015" />
  <testcase classname="ptolemy.util.test.junit.AutoTests" name="[116] /home/travis/build/icyphy/ptII/ptolemy/actor/lib/test/auto/DiscreteClock11.xml (RunModel)" time="0.012" />
  <testcase classname="ptolemy.util.test.junit.AutoTests" name="[117] /home/travis/build/icyphy/ptII/ptolemy/actor/lib/test/auto/DiscreteClock12.xml (RunModel)" time="0.015" />
  <testcase classname="ptolemy.util.test.junit.AutoTests" name="[118] /home/travis/build/icyphy/ptII/ptolemy/actor/lib/test/auto/DiscreteClock13.xml (RunModel)" time="0.015" />
  <testcase classname="ptolemy.util.test.junit.AutoTests" name="[119] /home/travis/build/icyphy/ptII/ptolemy/actor/lib/test/auto/DiscreteClock14.xml (RunModel)" time="0.012" />
  <testcase classname="ptolemy.util.test.junit.AutoTests" name="[120] /home/travis/build/icyphy/ptII/ptolemy/actor/lib/test/auto/DiscreteClock15.xml (RunModel)" time="0.018" />
  <testcase classname="ptolemy.util.test.junit.AutoTests" name="[121] /home/travis/build/icyphy/ptII/ptolemy/actor/lib/test/auto/DiscreteClock16.xml (RunModel)" time="0.076" />
  <testcase classname="ptolemy.util.test.junit.AutoTests" name="[122] /home/travis/build/icyphy/ptII/ptolemy/actor/lib/test/auto/DiscreteClock17.xml (RunModel)" time="0.039" />
  <testcase classname="ptolemy.util.test.junit.AutoTests" name="[123] /home/travis/build/icyphy/ptII/ptolemy/actor/lib/test/auto/DiscreteClock18.xml (RunModel)" time="0.037" />
  <testcase classname="ptolemy.util.test.junit.AutoTests" name="[124] /home/travis/build/icyphy/ptII/ptolemy/actor/lib/test/auto/DiscreteClock19.xml (RunModel)" time="0.035" />
  <testcase classname="ptolemy.util.test.junit.AutoTests" name="[125] /home/travis/build/icyphy/ptII/ptolemy/actor/lib/test/auto/DiscreteClock2.xml (RunModel)" time="0.012" />
  <testcase classname="ptolemy.util.test.junit.AutoTests" name="[126] /home/travis/build/icyphy/ptII/ptolemy/actor/lib/test/auto/DiscreteClock20.xml (RunModel)" time="0.012" />
  <testcase classname="ptolemy.util.test.junit.AutoTests" name="[127] /home/travis/build/icyphy/ptII/ptolemy/actor/lib/test/auto/DiscreteClock21.xml (RunModel)" time="0.017" />
  <testcase classname="ptolemy.util.test.junit.AutoTests" name="[128] /home/travis/build/icyphy/ptII/ptolemy/actor/lib/test/auto/DiscreteClock22.xml (RunModel)" time="0.018" />
  <testcase classname="ptolemy.util.test.junit.AutoTests" name="[129] /home/travis/build/icyphy/ptII/ptolemy/actor/lib/test/auto/DiscreteClock23.xml (RunModel)" time="0.023" />
  <testcase classname="ptolemy.util.test.junit.AutoTests" name="[130] /home/travis/build/icyphy/ptII/ptolemy/actor/lib/test/auto/DiscreteClock24.xml (RunModel)" time="0.017" />
  <testcase classname="ptolemy.util.test.junit.AutoTests" name="[131] /home/travis/build/icyphy/ptII/ptolemy/actor/lib/test/auto/DiscreteClock4.xml (RunModel)" time="0.013" />
  <testcase classname="ptolemy.util.test.junit.AutoTests" name="[132] /home/travis/build/icyphy/ptII/ptolemy/actor/lib/test/auto/DiscreteClock5.xml (RunModel)" time="0.018" />
  <testcase classname="ptolemy.util.test.junit.AutoTests" name="[133] /home/travis/build/icyphy/ptII/ptolemy/actor/lib/test/auto/DiscreteClock6.xml (RunModel)" time="0.015" />
  <testcase classname="ptolemy.util.test.junit.AutoTests" name="[134] /home/travis/build/icyphy/ptII/ptolemy/actor/lib/test/auto/DiscreteClock7.xml (RunModel)" time="0.011" />
  <testcase classname="ptolemy.util.test.junit.AutoTests" name="[135] /home/travis/build/icyphy/ptII/ptolemy/actor/lib/test/auto/DiscreteClock8.xml (RunModel)" time="0.022" />
  <testcase classname="ptolemy.util.test.junit.AutoTests" name="[136] /home/travis/build/icyphy/ptII/ptolemy/actor/lib/test/auto/DiscreteClock9.xml (RunModel)" time="0.014" />
  <testcase classname="ptolemy.util.test.junit.AutoTests" name="[137] /home/travis/build/icyphy/ptII/ptolemy/actor/lib/test/auto/DisplayArray.xml (RunModel)" time="0.01" />
  <testcase classname="ptolemy.util.test.junit.AutoTests" name="[138] /home/travis/build/icyphy/ptII/ptolemy/actor/lib/test/auto/Distributor.xml (RunModel)" time="0.011" />
  <testcase classname="ptolemy.util.test.junit.AutoTests" name="[139] /home/travis/build/icyphy/ptII/ptolemy/actor/lib/test/auto/Distributor2.xml (RunModel)" time="0.01" />
  <testcase classname="ptolemy.util.test.junit.AutoTests" name="[140] /home/travis/build/icyphy/ptII/ptolemy/actor/lib/test/auto/DownSample.xml (RunModel)" time="0.014" />
  <testcase classname="ptolemy.util.test.junit.AutoTests" name="[141] /home/travis/build/icyphy/ptII/ptolemy/actor/lib/test/auto/ElectronicUnitBase1.xml (RunModel)" time="0.069" />
  <testcase classname="ptolemy.util.test.junit.AutoTests" name="[142] /home/travis/build/icyphy/ptII/ptolemy/actor/lib/test/auto/ElementsToArray.xml (RunModel)" time="0.012" />
  <testcase classname="ptolemy.util.test.junit.AutoTests" name="[143] /home/travis/build/icyphy/ptII/ptolemy/actor/lib/test/auto/Equals.xml (RunModel)" time="0.016" />
  <testcase classname="ptolemy.util.test.junit.AutoTests" name="[144] /home/travis/build/icyphy/ptII/ptolemy/actor/lib/test/auto/Exec.xml (RunModel)" time="0.034" />
  <testcase classname="ptolemy.util.test.junit.AutoTests" name="[145] /home/travis/build/icyphy/ptII/ptolemy/actor/lib/test/auto/ExecEnvironment.xml (RunModel)" time="0.055" />
  <testcase classname="ptolemy.util.test.junit.AutoTests" name="[146] /home/travis/build/icyphy/ptII/ptolemy/actor/lib/test/auto/ExecNonZeroReturnOutput.xml (RunModel)" time="0.231" />
  <testcase classname="ptolemy.util.test.junit.AutoTests" name="[147] /home/travis/build/icyphy/ptII/ptolemy/actor/lib/test/auto/ExecRunDemos.xml (RunModel)" time="10.975" />
  <testcase classname="ptolemy.util.test.junit.AutoTests" name="[148] /home/travis/build/icyphy/ptII/ptolemy/actor/lib/test/auto/ExecStop.xml (RunModel)" time="5.028" />
  <testcase classname="ptolemy.util.test.junit.AutoTests" name="[149] /home/travis/build/icyphy/ptII/ptolemy/actor/lib/test/auto/ExecutionTimeSDF.xml (RunModel)" time="6.04" />
  <testcase classname="ptolemy.util.test.junit.AutoTests" name="[150] /home/travis/build/icyphy/ptII/ptolemy/actor/lib/test/auto/Expression1.xml (RunModel)" time="0.017" />
  <testcase classname="ptolemy.util.test.junit.AutoTests" name="[151] /home/travis/build/icyphy/ptII/ptolemy/actor/lib/test/auto/Expression10.xml (RunModel)" time="0.02" />
  <testcase classname="ptolemy.util.test.junit.AutoTests" name="[152] /home/travis/build/icyphy/ptII/ptolemy/actor/lib/test/auto/Expression11.xml (RunModel)" time="0.01" />
  <testcase classname="ptolemy.util.test.junit.AutoTests" name="[153] /home/travis/build/icyphy/ptII/ptolemy/actor/lib/test/auto/Expression12.xml (RunModel)" time="0.015" />
  <testcase classname="ptolemy.util.test.junit.AutoTests" name="[154] /home/travis/build/icyphy/ptII/ptolemy/actor/lib/test/auto/Expression13.xml (RunModel)" time="0.011" />
  <testcase classname="ptolemy.util.test.junit.AutoTests" name="[155] /home/travis/build/icyphy/ptII/ptolemy/actor/lib/test/auto/Expression14.xml (RunModel)" time="0.019" />
  <testcase classname="ptolemy.util.test.junit.AutoTests" name="[156] /home/travis/build/icyphy/ptII/ptolemy/actor/lib/test/auto/Expression15.xml (RunModel)" time="0.008" />
  <testcase classname="ptolemy.util.test.junit.AutoTests" name="[157] /home/travis/build/icyphy/ptII/ptolemy/actor/lib/test/auto/Expression16.xml (RunModel)" time="0.015" />
  <testcase classname="ptolemy.util.test.junit.AutoTests" name="[158] /home/travis/build/icyphy/ptII/ptolemy/actor/lib/test/auto/Expression17.xml (RunModel)" time="0.013" />
  <testcase classname="ptolemy.util.test.junit.AutoTests" name="[159] /home/travis/build/icyphy/ptII/ptolemy/actor/lib/test/auto/Expression18.xml (RunModel)" time="0.015" />
  <testcase classname="ptolemy.util.test.junit.AutoTests" name="[160] /home/travis/build/icyphy/ptII/ptolemy/actor/lib/test/auto/Expression2.xml (RunModel)" time="0.016" />
  <testcase classname="ptolemy.util.test.junit.AutoTests" name="[161] /home/travis/build/icyphy/ptII/ptolemy/actor/lib/test/auto/Expression3.xml (RunModel)" time="0.014" />
  <testcase classname="ptolemy.util.test.junit.AutoTests" name="[162] /home/travis/build/icyphy/ptII/ptolemy/actor/lib/test/auto/Expression4.xml (RunModel)" time="0.02" />
  <testcase classname="ptolemy.util.test.junit.AutoTests" name="[163] /home/travis/build/icyphy/ptII/ptolemy/actor/lib/test/auto/Expression5.xml (RunModel)" time="0.012" />
  <testcase classname="ptolemy.util.test.junit.AutoTests" name="[164] /home/travis/build/icyphy/ptII/ptolemy/actor/lib/test/auto/Expression6.xml (RunModel)" time="0.009" />
  <testcase classname="ptolemy.util.test.junit.AutoTests" name="[165] /home/travis/build/icyphy/ptII/ptolemy/actor/lib/test/auto/Expression7.xml (RunModel)" time="0.011" />
  <testcase classname="ptolemy.util.test.junit.AutoTests" name="[166] /home/travis/build/icyphy/ptII/ptolemy/actor/lib/test/auto/Expression8.xml (RunModel)" time="0.026" />
  <testcase classname="ptolemy.util.test.junit.AutoTests" name="[167] /home/travis/build/icyphy/ptII/ptolemy/actor/lib/test/auto/Expression9.xml (RunModel)" time="0.008" />
  <testcase classname="ptolemy.util.test.junit.AutoTests" name="[168] /home/travis/build/icyphy/ptII/ptolemy/actor/lib/test/auto/ExpressionConcatenateArrayType.xml (RunModel)" time="0.03" />
  <testcase classname="ptolemy.util.test.junit.AutoTests" name="[169] /home/travis/build/icyphy/ptII/ptolemy/actor/lib/test/auto/ExpressionConcatenateArrayType2.xml (RunModel)" time="0.021" />
  <testcase classname="ptolemy.util.test.junit.AutoTests" name="[170] /home/travis/build/icyphy/ptII/ptolemy/actor/lib/test/auto/ExpressionFix.xml (RunModel)" time="0.054" />
  <testcase classname="ptolemy.util.test.junit.AutoTests" name="[171] /home/travis/build/icyphy/ptII/ptolemy/actor/lib/test/auto/ExpressionFix2.xml (RunModel)" time="0.013" />
  <testcase classname="ptolemy.util.test.junit.AutoTests" name="[172] /home/travis/build/icyphy/ptII/ptolemy/actor/lib/test/auto/ExpressionFix3.xml (RunModel)" time="0.012" />
  <testcase classname="ptolemy.util.test.junit.AutoTests" name="[173] /home/travis/build/icyphy/ptII/ptolemy/actor/lib/test/auto/FileWriter1.xml (RunModel)" time="0.009" />
  <testcase classname="ptolemy.util.test.junit.AutoTests" name="[174] /home/travis/build/icyphy/ptII/ptolemy/actor/lib/test/auto/FileWriter2.xml (RunModel)" time="0.012" />
  <testcase classname="ptolemy.util.test.junit.AutoTests" name="[175] /home/travis/build/icyphy/ptII/ptolemy/actor/lib/test/auto/FileWriter3.xml (RunModel)" time="0.014" />
  <testcase classname="ptolemy.util.test.junit.AutoTests" name="[176] /home/travis/build/icyphy/ptII/ptolemy/actor/lib/test/auto/Gaussian.xml (RunModel)" time="0.012" />
  <testcase classname="ptolemy.util.test.junit.AutoTests" name="[177] /home/travis/build/icyphy/ptII/ptolemy/actor/lib/test/auto/Gaussian1.xml (RunModel)" time="0.012" />
  <testcase classname="ptolemy.util.test.junit.AutoTests" name="[178] /home/travis/build/icyphy/ptII/ptolemy/actor/lib/test/auto/Gaussian2.xml (RunModel)" time="0.025" />
  <testcase classname="ptolemy.util.test.junit.AutoTests" name="[179] /home/travis/build/icyphy/ptII/ptolemy/actor/lib/test/auto/GradientAdaptiveLattice.xml (RunModel)" time="0.018" />
  <testcase classname="ptolemy.util.test.junit.AutoTests" name="[180] /home/travis/build/icyphy/ptII/ptolemy/actor/lib/test/auto/IIR.xml (RunModel)" time="0.011" />
  <testcase classname="ptolemy.util.test.junit.AutoTests" name="[181] /home/travis/build/icyphy/ptII/ptolemy/actor/lib/test/auto/InputOutputTransparentPorts.xml (RunModel)" time="0.018" />
  <testcase classname="ptolemy.util.test.junit.AutoTests" name="[182] /home/travis/build/icyphy/ptII/ptolemy/actor/lib/test/auto/Interpolator.xml (RunModel)" time="0.011" />
  <testcase classname="ptolemy.util.test.junit.AutoTests" name="[183] /home/travis/build/icyphy/ptII/ptolemy/actor/lib/test/auto/InterpolatorFiringLimitDE.xml (RunModel)" time="0.013" />
  <testcase classname="ptolemy.util.test.junit.AutoTests" name="[184] /home/travis/build/icyphy/ptII/ptolemy/actor/lib/test/auto/Lattice.xml (RunModel)" time="0.009" />
  <testcase classname="ptolemy.util.test.junit.AutoTests" name="[185] /home/travis/build/icyphy/ptII/ptolemy/actor/lib/test/auto/LazyAOCTestLazy.xml (RunModel)" time="0.03" />
  <testcase classname="ptolemy.util.test.junit.AutoTests" name="[186] /home/travis/build/icyphy/ptII/ptolemy/actor/lib/test/auto/LazyAOCTestNonLazy.xml (RunModel)" time="0.05" />
  <testcase classname="ptolemy.util.test.junit.AutoTests" name="[187] /home/travis/build/icyphy/ptII/ptolemy/actor/lib/test/auto/LazyInnerClass.xml (RunModel)" time="0.056" />
  <testcase classname="ptolemy.util.test.junit.AutoTests" name="[188] /home/travis/build/icyphy/ptII/ptolemy/actor/lib/test/auto/LazyPubSub.xml (RunModel)" time="0.061" />
  <testcase classname="ptolemy.util.test.junit.AutoTests" name="[189] /home/travis/build/icyphy/ptII/ptolemy/actor/lib/test/auto/LazyPubSub2.xml (RunModel)" time="0.064" />
  <testcase classname="ptolemy.util.test.junit.AutoTests" name="[190] /home/travis/build/icyphy/ptII/ptolemy/actor/lib/test/auto/LazyPubSub3.xml (RunModel)" time="0.026" />
  <testcase classname="ptolemy.util.test.junit.AutoTests" name="[191] /home/travis/build/icyphy/ptII/ptolemy/actor/lib/test/auto/LazySubClassModel.xml (RunModel)" time="0.024" />
  <testcase classname="ptolemy.util.test.junit.AutoTests" name="[192] /home/travis/build/icyphy/ptII/ptolemy/actor/lib/test/auto/LevelCrossTest1.xml (RunModel)" time="0.01" />
  <testcase classname="ptolemy.util.test.junit.AutoTests" name="[193] /home/travis/build/icyphy/ptII/ptolemy/actor/lib/test/auto/LevelCrossTest10.xml (RunModel)" time="0.017" />
  <testcase classname="ptolemy.util.test.junit.AutoTests" name="[194] /home/travis/build/icyphy/ptII/ptolemy/actor/lib/test/auto/LevelCrossTest11.xml (RunModel)" time="0.021" />
  <testcase classname="ptolemy.util.test.junit.AutoTests" name="[195] /home/travis/build/icyphy/ptII/ptolemy/actor/lib/test/auto/LevelCrossTest12.xml (RunModel)" time="0.018" />
  <testcase classname="ptolemy.util.test.junit.AutoTests" name="[196] /home/travis/build/icyphy/ptII/ptolemy/actor/lib/test/auto/LevelCrossTest13.xml (RunModel)" time="0.014" />
  <testcase classname="ptolemy.util.test.junit.AutoTests" name="[197] /home/travis/build/icyphy/ptII/ptolemy/actor/lib/test/auto/LevelCrossTest2.xml (RunModel)" time="0.011" />
  <testcase classname="ptolemy.util.test.junit.AutoTests" name="[198] /home/travis/build/icyphy/ptII/ptolemy/actor/lib/test/auto/LevelCrossTest3.xml (RunModel)" time="0.016" />
  <testcase classname="ptolemy.util.test.junit.AutoTests" name="[199] /home/travis/build/icyphy/ptII/ptolemy/actor/lib/test/auto/LevelCrossTest4.xml (RunModel)" time="0.034" />
  <testcase classname="ptolemy.util.test.junit.AutoTests" name="[200] /home/travis/build/icyphy/ptII/ptolemy/actor/lib/test/auto/LevelCrossTest5.xml (RunModel)" time="0.012" />
  <testcase classname="ptolemy.util.test.junit.AutoTests" name="[201] /home/travis/build/icyphy/ptII/ptolemy/actor/lib/test/auto/LevelCrossTest6.xml (RunModel)" time="0.013" />
  <testcase classname="ptolemy.util.test.junit.AutoTests" name="[202] /home/travis/build/icyphy/ptII/ptolemy/actor/lib/test/auto/LevelCrossTest7.xml (RunModel)" time="0.033" />
  <testcase classname="ptolemy.util.test.junit.AutoTests" name="[203] /home/travis/build/icyphy/ptII/ptolemy/actor/lib/test/auto/LevelCrossTest8.xml (RunModel)" time="0.016" />
  <testcase classname="ptolemy.util.test.junit.AutoTests" name="[204] /home/travis/build/icyphy/ptII/ptolemy/actor/lib/test/auto/LevelCrossTest9.xml (RunModel)" time="0.015" />
  <testcase classname="ptolemy.util.test.junit.AutoTests" name="[205] /home/travis/build/icyphy/ptII/ptolemy/actor/lib/test/auto/LevinsonDurbin.xml (RunModel)" time="0.009" />
  <testcase classname="ptolemy.util.test.junit.AutoTests" name="[206] /home/travis/build/icyphy/ptII/ptolemy/actor/lib/test/auto/LevinsonDurbin2.xml (RunModel)" time="0.009" />
  <testcase classname="ptolemy.util.test.junit.AutoTests" name="[207] /home/travis/build/icyphy/ptII/ptolemy/actor/lib/test/auto/LevinsonDurbin3.xml (RunModel)" time="0.008" />
  <testcase classname="ptolemy.util.test.junit.AutoTests" name="[208] /home/travis/build/icyphy/ptII/ptolemy/actor/lib/test/auto/Limiter.xml (RunModel)" time="0.039" />
  <testcase classname="ptolemy.util.test.junit.AutoTests" name="[209] /home/travis/build/icyphy/ptII/ptolemy/actor/lib/test/auto/LinearDifferenceEquationSystem.xml (RunModel)" time="0.022" />
  <testcase classname="ptolemy.util.test.junit.AutoTests" name="[210] /home/travis/build/icyphy/ptII/ptolemy/actor/lib/test/auto/LookupTable.xml (RunModel)" time="0.01" />
  <testcase classname="ptolemy.util.test.junit.AutoTests" name="[211] /home/travis/build/icyphy/ptII/ptolemy/actor/lib/test/auto/MathFunction.xml (RunModel)" time="0.02" />
  <testcase classname="ptolemy.util.test.junit.AutoTests" name="[212] /home/travis/build/icyphy/ptII/ptolemy/actor/lib/test/auto/MathFunction2.xml (RunModel)" time="0.019" />
  <testcase classname="ptolemy.util.test.junit.AutoTests" name="[213] /home/travis/build/icyphy/ptII/ptolemy/actor/lib/test/auto/MathFunction3.xml (RunModel)" time="0.019" />
  <testcase classname="ptolemy.util.test.junit.AutoTests" name="[214] /home/travis/build/icyphy/ptII/ptolemy/actor/lib/test/auto/MatrixCropBoolean.xml (RunModel)" time="0.015" />
  <testcase classname="ptolemy.util.test.junit.AutoTests" name="[215] /home/travis/build/icyphy/ptII/ptolemy/actor/lib/test/auto/MatrixCropComplex.xml (RunModel)" time="0.01" />
  <testcase classname="ptolemy.util.test.junit.AutoTests" name="[216] /home/travis/build/icyphy/ptII/ptolemy/actor/lib/test/auto/MatrixCropDouble.xml (RunModel)" time="0.01" />
  <testcase classname="ptolemy.util.test.junit.AutoTests" name="[217] /home/travis/build/icyphy/ptII/ptolemy/actor/lib/test/auto/MatrixCropFix.xml (RunModel)" time="0.014" />
  <testcase classname="ptolemy.util.test.junit.AutoTests" name="[218] /home/travis/build/icyphy/ptII/ptolemy/actor/lib/test/auto/MatrixCropInt.xml (RunModel)" time="0.01" />
  <testcase classname="ptolemy.util.test.junit.AutoTests" name="[219] /home/travis/build/icyphy/ptII/ptolemy/actor/lib/test/auto/MatrixCropLong.xml (RunModel)" time="0.01" />
  <testcase classname="ptolemy.util.test.junit.AutoTests" name="[220] /home/travis/build/icyphy/ptII/ptolemy/actor/lib/test/auto/MatrixToArray.xml (RunModel)" time="0.059" />
  <testcase classname="ptolemy.util.test.junit.AutoTests" name="[221] /home/travis/build/icyphy/ptII/ptolemy/actor/lib/test/auto/MaxIndex.xml (RunModel)" time="0.012" />
  <testcase classname="ptolemy.util.test.junit.AutoTests" name="[222] /home/travis/build/icyphy/ptII/ptolemy/actor/lib/test/auto/Maximum.xml (RunModel)" time="0.012" />
  <testcase classname="ptolemy.util.test.junit.AutoTests" name="[223] /home/travis/build/icyphy/ptII/ptolemy/actor/lib/test/auto/MaximumComplex.xml (RunModel)" time="0.016" />
  <testcase classname="ptolemy.util.test.junit.AutoTests" name="[224] /home/travis/build/icyphy/ptII/ptolemy/actor/lib/test/auto/MethodCallTest.xml (RunModel)" time="0.027" />
  <testcase classname="ptolemy.util.test.junit.AutoTests" name="[225] /home/travis/build/icyphy/ptII/ptolemy/actor/lib/test/auto/Minimum.xml (RunModel)" time="0.016" />
  <testcase classname="ptolemy.util.test.junit.AutoTests" name="[226] /home/travis/build/icyphy/ptII/ptolemy/actor/lib/test/auto/MinimumComplex.xml (RunModel)" time="0.028" />
  <testcase classname="ptolemy.util.test.junit.AutoTests" name="[227] /home/travis/build/icyphy/ptII/ptolemy/actor/lib/test/auto/MinimumMultiports.xml (RunModel)" time="0.018" />
  <testcase classname="ptolemy.util.test.junit.AutoTests" name="[228] /home/travis/build/icyphy/ptII/ptolemy/actor/lib/test/auto/ModifyDate.xml (RunModel)" time="0.051" />
  <testcase classname="ptolemy.util.test.junit.AutoTests" name="[229] /home/travis/build/icyphy/ptII/ptolemy/actor/lib/test/auto/ModifyDate2.xml (RunModel)" time="0.035" />
  <testcase classname="ptolemy.util.test.junit.AutoTests" name="[230] /home/travis/build/icyphy/ptII/ptolemy/actor/lib/test/auto/MovingAverage.xml (RunModel)" time="0.011" />
  <testcase classname="ptolemy.util.test.junit.AutoTests" name="[231] /home/travis/build/icyphy/ptII/ptolemy/actor/lib/test/auto/MovingMaximum.xml (RunModel)" time="0.011" />
  <testcase classname="ptolemy.util.test.junit.AutoTests" name="[232] /home/travis/build/icyphy/ptII/ptolemy/actor/lib/test/auto/MultipleLinksToSameRelation.xml (RunModel)" time="0.007" />
  <testcase classname="ptolemy.util.test.junit.AutoTests" name="[233] /home/travis/build/icyphy/ptII/ptolemy/actor/lib/test/auto/MultipleLinksToSameRelationDE.xml (RunModel)" time="0.011" />
  <testcase classname="ptolemy.util.test.junit.AutoTests" name="[234] /home/travis/build/icyphy/ptII/ptolemy/actor/lib/test/auto/Multiplexor.xml (RunModel)" time="0.011" />
  <testcase classname="ptolemy.util.test.junit.AutoTests" name="[235] /home/travis/build/icyphy/ptII/ptolemy/actor/lib/test/auto/Multiplexor1.xml (RunModel)" time="0.011" />
  <testcase classname="ptolemy.util.test.junit.AutoTests" name="[236] /home/travis/build/icyphy/ptII/ptolemy/actor/lib/test/auto/Multiplexor2.xml (RunModel)" time="0.015" />
  <testcase classname="ptolemy.util.test.junit.AutoTests" name="[237] /home/travis/build/icyphy/ptII/ptolemy/actor/lib/test/auto/Multiplexor3.xml (RunModel)" time="0.009" />
  <testcase classname="ptolemy.util.test.junit.AutoTests" name="[238] /home/travis/build/icyphy/ptII/ptolemy/actor/lib/test/auto/MultiplexorDE.xml (RunModel)" time="0.018" />
  <testcase classname="ptolemy.util.test.junit.AutoTests" name="[239] /home/travis/build/icyphy/ptII/ptolemy/actor/lib/test/auto/MultiportBroadcastTest.xml (RunModel)" time="0.1" />
  <testcase classname="ptolemy.util.test.junit.AutoTests" name="[240] /home/travis/build/icyphy/ptII/ptolemy/actor/lib/test/auto/MultiportOutHangDuringGetWidth.xml (RunModel)" time="0.036" />
  <testcase classname="ptolemy.util.test.junit.AutoTests" name="[241] /home/travis/build/icyphy/ptII/ptolemy/actor/lib/test/auto/NilToken.xml (RunModel)" time="0.011" />
  <testcase classname="ptolemy.util.test.junit.AutoTests" name="[242] /home/travis/build/icyphy/ptII/ptolemy/actor/lib/test/auto/NilTokenNonStrictTest.xml (RunModel)" time="0.011" />
  <testcase classname="ptolemy.util.test.junit.AutoTests" name="[243] /home/travis/build/icyphy/ptII/ptolemy/actor/lib/test/auto/NilTokenRecord.xml (RunModel)" time="0.021" />
  <testcase classname="ptolemy.util.test.junit.AutoTests" name="[244] /home/travis/build/icyphy/ptII/ptolemy/actor/lib/test/auto/NilTokenTypeTest.xml (RunModel)" time="0.032" />
  <testcase classname="ptolemy.util.test.junit.AutoTests" name="[245] /home/travis/build/icyphy/ptII/ptolemy/actor/lib/test/auto/ObjectToken1.xml (RunModel)" time="0.01" />
  <testcase classname="ptolemy.util.test.junit.AutoTests" name="[246] /home/travis/build/icyphy/ptII/ptolemy/actor/lib/test/auto/OrderedMerge.xml (RunModel)" time="0.018" />
  <testcase classname="ptolemy.util.test.junit.AutoTests" name="[247] /home/travis/build/icyphy/ptII/ptolemy/actor/lib/test/auto/OrderedRecordDisassembler.xml (RunModel)" time="0.055" />
  <testcase classname="ptolemy.util.test.junit.AutoTests" name="[248] /home/travis/build/icyphy/ptII/ptolemy/actor/lib/test/auto/OrderedRecordDisassembler2.xml (RunModel)" time="0.021" />
  <testcase classname="ptolemy.util.test.junit.AutoTests" name="[249] /home/travis/build/icyphy/ptII/ptolemy/actor/lib/test/auto/OrderedRecordUpdater.xml (RunModel)" time="0.011" />
  <testcase classname="ptolemy.util.test.junit.AutoTests" name="[250] /home/travis/build/icyphy/ptII/ptolemy/actor/lib/test/auto/OrderedRecordUpdater2.xml (RunModel)" time="0.019" />
  <testcase classname="ptolemy.util.test.junit.AutoTests" name="[251] /home/travis/build/icyphy/ptII/ptolemy/actor/lib/test/auto/PhaseUnwrap.xml (RunModel)" time="0.014" />
  <testcase classname="ptolemy.util.test.junit.AutoTests" name="[252] /home/travis/build/icyphy/ptII/ptolemy/actor/lib/test/auto/PoissonClock.xml (RunModel)" time="0.012" />
  <testcase classname="ptolemy.util.test.junit.AutoTests" name="[253] /home/travis/build/icyphy/ptII/ptolemy/actor/lib/test/auto/PoissonClock2.xml (RunModel)" time="0.008" />
  <testcase classname="ptolemy.util.test.junit.AutoTests" name="[254] /home/travis/build/icyphy/ptII/ptolemy/actor/lib/test/auto/PoissonClock3.xml (RunModel)" time="0.026" />
  <testcase classname="ptolemy.util.test.junit.AutoTests" name="[255] /home/travis/build/icyphy/ptII/ptolemy/actor/lib/test/auto/PubSubWithInitialTokens.xml (RunModel)" time="0.016" />
  <testcase classname="ptolemy.util.test.junit.AutoTests" name="[256] /home/travis/build/icyphy/ptII/ptolemy/actor/lib/test/auto/PubSubWithInitialTokens2.xml (RunModel)" time="0.011" />
  <testcase classname="ptolemy.util.test.junit.AutoTests" name="[257] /home/travis/build/icyphy/ptII/ptolemy/actor/lib/test/auto/PublisherClassNoParameter.xml (RunModel)" time="0.024" />
  <testcase classname="ptolemy.util.test.junit.AutoTests" name="[258] /home/travis/build/icyphy/ptII/ptolemy/actor/lib/test/auto/PublisherClassParameter.xml (RunModel)" time="0.021" />
  <testcase classname="ptolemy.util.test.junit.AutoTests" name="[259] /home/travis/build/icyphy/ptII/ptolemy/actor/lib/test/auto/PublisherNonStrictTest.xml (RunModel)" time="0.014" />
  <testcase classname="ptolemy.util.test.junit.AutoTests" name="[260] /home/travis/build/icyphy/ptII/ptolemy/actor/lib/test/auto/PublisherPort1.xml (RunModel)" time="0.017" />
  <testcase classname="ptolemy.util.test.junit.AutoTests" name="[261] /home/travis/build/icyphy/ptII/ptolemy/actor/lib/test/auto/PublisherPort2.xml (RunModel)" time="0.012" />
  <testcase classname="ptolemy.util.test.junit.AutoTests" name="[262] /home/travis/build/icyphy/ptII/ptolemy/actor/lib/test/auto/PublisherPort3.xml (RunModel)" time="0.011" />
  <testcase classname="ptolemy.util.test.junit.AutoTests" name="[263] /home/travis/build/icyphy/ptII/ptolemy/actor/lib/test/auto/PublisherPort4.xml (RunModel)" time="0.012" />
  <testcase classname="ptolemy.util.test.junit.AutoTests" name="[264] /home/travis/build/icyphy/ptII/ptolemy/actor/lib/test/auto/PublisherPort5.xml (RunModel)" time="0.013" />
  <testcase classname="ptolemy.util.test.junit.AutoTests" name="[265] /home/travis/build/icyphy/ptII/ptolemy/actor/lib/test/auto/PublisherPort5LookAlike.xml (RunModel)" time="0.019" />
  <testcase classname="ptolemy.util.test.junit.AutoTests" name="[266] /home/travis/build/icyphy/ptII/ptolemy/actor/lib/test/auto/PublisherPort6.xml (RunModel)" time="0.012" />
  <testcase classname="ptolemy.util.test.junit.AutoTests" name="[267] /home/travis/build/icyphy/ptII/ptolemy/actor/lib/test/auto/PublisherPort7.xml (RunModel)" time="0.015" />
  <testcase classname="ptolemy.util.test.junit.AutoTests" name="[268] /home/travis/build/icyphy/ptII/ptolemy/actor/lib/test/auto/PublisherPort8.xml (RunModel)" time="0.016" />
  <testcase classname="ptolemy.util.test.junit.AutoTests" name="[269] /home/travis/build/icyphy/ptII/ptolemy/actor/lib/test/auto/PublisherPortSubscriberChannelVariablesAOC2.xml (RunModel)" time="0.033" />
  <testcase classname="ptolemy.util.test.junit.AutoTests" name="[270] /home/travis/build/icyphy/ptII/ptolemy/actor/lib/test/auto/PublisherPortSubscriberOpaqueWidthInference.xml (RunModel)" time="0.017" />
  <testcase classname="ptolemy.util.test.junit.AutoTests" name="[271] /home/travis/build/icyphy/ptII/ptolemy/actor/lib/test/auto/PublisherPortSubscriberPortAdjacent.xml (RunModel)" time="0.02" />
  <testcase classname="ptolemy.util.test.junit.AutoTests" name="[272] /home/travis/build/icyphy/ptII/ptolemy/actor/lib/test/auto/PublisherPortSubscriberPortExpression.xml (RunModel)" time="0.017" />
  <testcase classname="ptolemy.util.test.junit.AutoTests" name="[273] /home/travis/build/icyphy/ptII/ptolemy/actor/lib/test/auto/PublisherPortSubscriberPortOpaqueD3Reverse.xml (RunModel)" time="0.021" />
  <testcase classname="ptolemy.util.test.junit.AutoTests" name="[274] /home/travis/build/icyphy/ptII/ptolemy/actor/lib/test/auto/PublisherPortSubscriberPortOpaqueWidthInference.xml (RunModel)" time="0.015" />
  <testcase classname="ptolemy.util.test.junit.AutoTests" name="[275] /home/travis/build/icyphy/ptII/ptolemy/actor/lib/test/auto/PublisherPortToplevelSubscriberPortAOC.xml (RunModel)" time="0.011" />
  <testcase classname="ptolemy.util.test.junit.AutoTests" name="[276] /home/travis/build/icyphy/ptII/ptolemy/actor/lib/test/auto/PublisherSubscriber.xml (RunModel)" time="0.014" />
  <testcase classname="ptolemy.util.test.junit.AutoTests" name="[277] /home/travis/build/icyphy/ptII/ptolemy/actor/lib/test/auto/PublisherSubscriber10.xml (RunModel)" time="0.03" />
  <testcase classname="ptolemy.util.test.junit.AutoTests" name="[278] /home/travis/build/icyphy/ptII/ptolemy/actor/lib/test/auto/PublisherSubscriber10InitialOutputs.xml (RunModel)" time="0.031" />
  <testcase classname="ptolemy.util.test.junit.AutoTests" name="[279] /home/travis/build/icyphy/ptII/ptolemy/actor/lib/test/auto/PublisherSubscriber11.xml (RunModel)" time="0.019" />
  <testcase classname="ptolemy.util.test.junit.AutoTests" name="[280] /home/travis/build/icyphy/ptII/ptolemy/actor/lib/test/auto/PublisherSubscriber12.xml (RunModel)" time="0.023" />
  <testcase classname="ptolemy.util.test.junit.AutoTests" name="[281] /home/travis/build/icyphy/ptII/ptolemy/actor/lib/test/auto/PublisherSubscriber13.xml (RunModel)" time="0.01" />
  <testcase classname="ptolemy.util.test.junit.AutoTests" name="[282] /home/travis/build/icyphy/ptII/ptolemy/actor/lib/test/auto/PublisherSubscriber14.xml (RunModel)" time="0.022" />
  <testcase classname="ptolemy.util.test.junit.AutoTests" name="[283] /home/travis/build/icyphy/ptII/ptolemy/actor/lib/test/auto/PublisherSubscriber2.xml (RunModel)" time="0.01" />
  <testcase classname="ptolemy.util.test.junit.AutoTests" name="[284] /home/travis/build/icyphy/ptII/ptolemy/actor/lib/test/auto/PublisherSubscriber3.xml (RunModel)" time="0.01" />
  <testcase classname="ptolemy.util.test.junit.AutoTests" name="[285] /home/travis/build/icyphy/ptII/ptolemy/actor/lib/test/auto/PublisherSubscriber4.xml (RunModel)" time="0.009" />
  <testcase classname="ptolemy.util.test.junit.AutoTests" name="[286] /home/travis/build/icyphy/ptII/ptolemy/actor/lib/test/auto/PublisherSubscriber5.xml (RunModel)" time="0.012" />
  <testcase classname="ptolemy.util.test.junit.AutoTests" name="[287] /home/travis/build/icyphy/ptII/ptolemy/actor/lib/test/auto/PublisherSubscriber6.xml (RunModel)" time="0.016" />
  <testcase classname="ptolemy.util.test.junit.AutoTests" name="[288] /home/travis/build/icyphy/ptII/ptolemy/actor/lib/test/auto/PublisherSubscriber7.xml (RunModel)" time="0.023" />
  <testcase classname="ptolemy.util.test.junit.AutoTests" name="[289] /home/travis/build/icyphy/ptII/ptolemy/actor/lib/test/auto/PublisherSubscriber8.xml (RunModel)" time="0.06" />
  <testcase classname="ptolemy.util.test.junit.AutoTests" name="[290] /home/travis/build/icyphy/ptII/ptolemy/actor/lib/test/auto/PublisherSubscriber9.xml (RunModel)" time="0.021" />
  <testcase classname="ptolemy.util.test.junit.AutoTests" name="[291] /home/travis/build/icyphy/ptII/ptolemy/actor/lib/test/auto/PublisherSubscriberAdjacent.xml (RunModel)" time="0.022" />
  <testcase classname="ptolemy.util.test.junit.AutoTests" name="[292] /home/travis/build/icyphy/ptII/ptolemy/actor/lib/test/auto/PublisherSubscriberChannelVariablesAOC2.xml (RunModel)" time="0.03" />
  <testcase classname="ptolemy.util.test.junit.AutoTests" name="[293] /home/travis/build/icyphy/ptII/ptolemy/actor/lib/test/auto/PublisherSubscriberD3.xml (RunModel)" time="0.013" />
  <testcase classname="ptolemy.util.test.junit.AutoTests" name="[294] /home/travis/build/icyphy/ptII/ptolemy/actor/lib/test/auto/PublisherSubscriberD3Reverse.xml (RunModel)" time="0.014" />
  <testcase classname="ptolemy.util.test.junit.AutoTests" name="[295] /home/travis/build/icyphy/ptII/ptolemy/actor/lib/test/auto/PublisherSubscriberExpression.xml (RunModel)" time="0.02" />
  <testcase classname="ptolemy.util.test.junit.AutoTests" name="[296] /home/travis/build/icyphy/ptII/ptolemy/actor/lib/test/auto/PublisherSubscriberOpaque.xml (RunModel)" time="0.019" />
  <testcase classname="ptolemy.util.test.junit.AutoTests" name="[297] /home/travis/build/icyphy/ptII/ptolemy/actor/lib/test/auto/PublisherSubscriberOpaqueD3.xml (RunModel)" time="0.023" />
  <testcase classname="ptolemy.util.test.junit.AutoTests" name="[298] /home/travis/build/icyphy/ptII/ptolemy/actor/lib/test/auto/PublisherSubscriberOpaqueD3Reverse.xml (RunModel)" time="0.022" />
  <testcase classname="ptolemy.util.test.junit.AutoTests" name="[299] /home/travis/build/icyphy/ptII/ptolemy/actor/lib/test/auto/PublisherSubscriberOpaqueWidthInference.xml (RunModel)" time="0.021" />
  <testcase classname="ptolemy.util.test.junit.AutoTests" name="[300] /home/travis/build/icyphy/ptII/ptolemy/actor/lib/test/auto/PublisherTestSubscriber.xml (RunModel)" time="0.016" />
  <testcase classname="ptolemy.util.test.junit.AutoTests" name="[301] /home/travis/build/icyphy/ptII/ptolemy/actor/lib/test/auto/PublisherToplevelSubscriberPortAOC.xml (RunModel)" time="0.013" />
  <testcase classname="ptolemy.util.test.junit.AutoTests" name="[302] /home/travis/build/icyphy/ptII/ptolemy/actor/lib/test/auto/PulseFiringLimitDE.xml (RunModel)" time="0.016" />
  <testcase classname="ptolemy.util.test.junit.AutoTests" name="[303] /home/travis/build/icyphy/ptII/ptolemy/actor/lib/test/auto/Ramp1.xml (RunModel)" time="0.007" />
  <testcase classname="ptolemy.util.test.junit.AutoTests" name="[304] /home/travis/build/icyphy/ptII/ptolemy/actor/lib/test/auto/RampFiringLimitDE.xml (RunModel)" time="0.011" />
  <testcase classname="ptolemy.util.test.junit.AutoTests" name="[305] /home/travis/build/icyphy/ptII/ptolemy/actor/lib/test/auto/RampFiringLimitSDF.xml (RunModel)" time="0.01" />
  <testcase classname="ptolemy.util.test.junit.AutoTests" name="[306] /home/travis/build/icyphy/ptII/ptolemy/actor/lib/test/auto/RandomInteger.xml (RunModel)" time="0.009" />
  <testcase classname="ptolemy.util.test.junit.AutoTests" name="[307] /home/travis/build/icyphy/ptII/ptolemy/actor/lib/test/auto/ReadFile1.xml (RunModel)" time="0.008" />
  <testcase classname="ptolemy.util.test.junit.AutoTests" name="[308] /home/travis/build/icyphy/ptII/ptolemy/actor/lib/test/auto/ReadFile2.xml (RunModel)" time="0.008" />
  <testcase classname="ptolemy.util.test.junit.AutoTests" name="[309] /home/travis/build/icyphy/ptII/ptolemy/actor/lib/test/auto/Reader.xml (RunModel)" time="0.013" />
  <testcase classname="ptolemy.util.test.junit.AutoTests" name="[310] /home/travis/build/icyphy/ptII/ptolemy/actor/lib/test/auto/RecordAssemblerDisplayNameTest.xml (RunModel)" time="3.792" />
  <testcase classname="ptolemy.util.test.junit.AutoTests" name="[311] /home/travis/build/icyphy/ptII/ptolemy/actor/lib/test/auto/RecordAssemblerTypeError.xml (RunModel)" time="0.034" />
  <testcase classname="ptolemy.util.test.junit.AutoTests" name="[312] /home/travis/build/icyphy/ptII/ptolemy/actor/lib/test/auto/RecordDisassember.xml (RunModel)" time="0.02" />
  <testcase classname="ptolemy.util.test.junit.AutoTests" name="[313] /home/travis/build/icyphy/ptII/ptolemy/actor/lib/test/auto/RecordDisassemberDisplayNameTest.xml (RunModel)" time="0.024" />
  <testcase classname="ptolemy.util.test.junit.AutoTests" name="[314] /home/travis/build/icyphy/ptII/ptolemy/actor/lib/test/auto/RecordDisassembler.xml (RunModel)" time="0.013" />
  <testcase classname="ptolemy.util.test.junit.AutoTests" name="[315] /home/travis/build/icyphy/ptII/ptolemy/actor/lib/test/auto/RecordDisassembler2.xml (RunModel)" time="0.01" />
  <testcase classname="ptolemy.util.test.junit.AutoTests" name="[316] /home/travis/build/icyphy/ptII/ptolemy/actor/lib/test/auto/RecordUpdater.xml (RunModel)" time="0.009" />
  <testcase classname="ptolemy.util.test.junit.AutoTests" name="[317] /home/travis/build/icyphy/ptII/ptolemy/actor/lib/test/auto/RecordUpdater2.xml (RunModel)" time="0.009" />
  <testcase classname="ptolemy.util.test.junit.AutoTests" name="[318] /home/travis/build/icyphy/ptII/ptolemy/actor/lib/test/auto/RecursiveLattice.xml (RunModel)" time="0.01" />
  <testcase classname="ptolemy.util.test.junit.AutoTests" name="[319] /home/travis/build/icyphy/ptII/ptolemy/actor/lib/test/auto/Router.xml (RunModel)" time="3.03" />
  <testcase classname="ptolemy.util.test.junit.AutoTests" name="[320] /home/travis/build/icyphy/ptII/ptolemy/actor/lib/test/auto/Router2.xml (RunModel)" time="3.033" />
  <testcase classname="ptolemy.util.test.junit.AutoTests" name="[321] /home/travis/build/icyphy/ptII/ptolemy/actor/lib/test/auto/RunningMaximum.xml (RunModel)" time="0.022" />
  <testcase classname="ptolemy.util.test.junit.AutoTests" name="[322] /home/travis/build/icyphy/ptII/ptolemy/actor/lib/test/auto/RunningMinimum.xml (RunModel)" time="0.013" />
  <testcase classname="ptolemy.util.test.junit.AutoTests" name="[323] /home/travis/build/icyphy/ptII/ptolemy/actor/lib/test/auto/Scale.xml (RunModel)" time="0.011" />
  <testcase classname="ptolemy.util.test.junit.AutoTests" name="[324] /home/travis/build/icyphy/ptII/ptolemy/actor/lib/test/auto/Scale2.xml (RunModel)" time="0.017" />
  <testcase classname="ptolemy.util.test.junit.AutoTests" name="[325] /home/travis/build/icyphy/ptII/ptolemy/actor/lib/test/auto/Scale3.xml (RunModel)" time="0.014" />
  <testcase classname="ptolemy.util.test.junit.AutoTests" name="[326] /home/travis/build/icyphy/ptII/ptolemy/actor/lib/test/auto/ScaleArray.xml (RunModel)" time="0.008" />
  <testcase classname="ptolemy.util.test.junit.AutoTests" name="[327] /home/travis/build/icyphy/ptII/ptolemy/actor/lib/test/auto/ScaleArray2.xml (RunModel)" time="0.008" />
  <testcase classname="ptolemy.util.test.junit.AutoTests" name="[328] /home/travis/build/icyphy/ptII/ptolemy/actor/lib/test/auto/ScaleMatrix.xml (RunModel)" time="0.138" />
  <testcase classname="ptolemy.util.test.junit.AutoTests" name="[329] /home/travis/build/icyphy/ptII/ptolemy/actor/lib/test/auto/Select.xml (RunModel)" time="0.014" />
  <testcase classname="ptolemy.util.test.junit.AutoTests" name="[330] /home/travis/build/icyphy/ptII/ptolemy/actor/lib/test/auto/Select2.xml (RunModel)" time="0.008" />
  <testcase classname="ptolemy.util.test.junit.AutoTests" name="[331] /home/travis/build/icyphy/ptII/ptolemy/actor/lib/test/auto/SequenceToArray2.xml (RunModel)" time="0.129" />
  <testcase classname="ptolemy.util.test.junit.AutoTests" name="[332] /home/travis/build/icyphy/ptII/ptolemy/actor/lib/test/auto/SequentialClock.xml (RunModel)" time="0.01" />
  <testcase classname="ptolemy.util.test.junit.AutoTests" name="[333] /home/travis/build/icyphy/ptII/ptolemy/actor/lib/test/auto/SetVariable.xml (RunModel)" time="0.01" />
  <testcase classname="ptolemy.util.test.junit.AutoTests" name="[334] /home/travis/build/icyphy/ptII/ptolemy/actor/lib/test/auto/SetVariable2.xml (RunModel)" time="0.033" />
  <testcase classname="ptolemy.util.test.junit.AutoTests" name="[335] /home/travis/build/icyphy/ptII/ptolemy/actor/lib/test/auto/SetVariable3.xml (RunModel)" time="0.017" />
  <testcase classname="ptolemy.util.test.junit.AutoTests" name="[336] /home/travis/build/icyphy/ptII/ptolemy/actor/lib/test/auto/SetVariable4.xml (RunModel)" time="0.028" />
  <testcase classname="ptolemy.util.test.junit.AutoTests" name="[337] /home/travis/build/icyphy/ptII/ptolemy/actor/lib/test/auto/SetVariable5.xml (RunModel)" time="0.038" />
  <testcase classname="ptolemy.util.test.junit.AutoTests" name="[338] /home/travis/build/icyphy/ptII/ptolemy/actor/lib/test/auto/Sinewave.xml (RunModel)" time="0.026" />
  <testcase classname="ptolemy.util.test.junit.AutoTests" name="[339] /home/travis/build/icyphy/ptII/ptolemy/actor/lib/test/auto/Sinewave2.xml (RunModel)" time="0.018" />
  <testcase classname="ptolemy.util.test.junit.AutoTests" name="[340] /home/travis/build/icyphy/ptII/ptolemy/actor/lib/test/auto/Sinewave3.xml (RunModel)" time="0.021" />
  <testcase classname="ptolemy.util.test.junit.AutoTests" name="[341] /home/travis/build/icyphy/ptII/ptolemy/actor/lib/test/auto/SingleEvent.xml (RunModel)" time="0.007" />
  <testcase classname="ptolemy.util.test.junit.AutoTests" name="[342] /home/travis/build/icyphy/ptII/ptolemy/actor/lib/test/auto/Sleep.xml (RunModel)" time="6.012" />
  <testcase classname="ptolemy.util.test.junit.AutoTests" name="[343] /home/travis/build/icyphy/ptII/ptolemy/actor/lib/test/auto/SleepMultipleFire.xml (RunModel)" time="1.021" />
  <testcase classname="ptolemy.util.test.junit.AutoTests" name="[344] /home/travis/build/icyphy/ptII/ptolemy/actor/lib/test/auto/StopDE.xml (RunModel)" time="0.015" />
  <testcase classname="ptolemy.util.test.junit.AutoTests" name="[345] /home/travis/build/icyphy/ptII/ptolemy/actor/lib/test/auto/StopSDF.xml (RunModel)" time="0.044" />
  <testcase classname="ptolemy.util.test.junit.AutoTests" name="[346] /home/travis/build/icyphy/ptII/ptolemy/actor/lib/test/auto/StringConstant.xml (RunModel)" time="0.036" />
  <testcase classname="ptolemy.util.test.junit.AutoTests" name="[347] /home/travis/build/icyphy/ptII/ptolemy/actor/lib/test/auto/SubscriberPortInitialValues1.xml (RunModel)" time="0.016" />
  <testcase classname="ptolemy.util.test.junit.AutoTests" name="[348] /home/travis/build/icyphy/ptII/ptolemy/actor/lib/test/auto/SubscriberPortInitialValues13.xml (RunModel)" time="0.039" />
  <testcase classname="ptolemy.util.test.junit.AutoTests" name="[349] /home/travis/build/icyphy/ptII/ptolemy/actor/lib/test/auto/SubscriberPortInitialValues14.xml (RunModel)" time="0.044" />
  <testcase classname="ptolemy.util.test.junit.AutoTests" name="[350] /home/travis/build/icyphy/ptII/ptolemy/actor/lib/test/auto/SubscriberPortInitialValues2.xml (RunModel)" time="0.044" />
  <testcase classname="ptolemy.util.test.junit.AutoTests" name="[351] /home/travis/build/icyphy/ptII/ptolemy/actor/lib/test/auto/SubscriberPortInitialValues3.xml (RunModel)" time="0.055" />
  <testcase classname="ptolemy.util.test.junit.AutoTests" name="[352] /home/travis/build/icyphy/ptII/ptolemy/actor/lib/test/auto/SubscriptionAggregator.xml (RunModel)" time="0.031" />
  <testcase classname="ptolemy.util.test.junit.AutoTests" name="[353] /home/travis/build/icyphy/ptII/ptolemy/actor/lib/test/auto/SubscriptionAggregator2.xml (RunModel)" time="0.012" />
  <testcase classname="ptolemy.util.test.junit.AutoTests" name="[354] /home/travis/build/icyphy/ptII/ptolemy/actor/lib/test/auto/SubscriptionAggregator3.xml (RunModel)" time="0.016" />
  <testcase classname="ptolemy.util.test.junit.AutoTests" name="[355] /home/travis/build/icyphy/ptII/ptolemy/actor/lib/test/auto/SubscriptionAggregatorMultiply.xml (RunModel)" time="0.021" />
  <testcase classname="ptolemy.util.test.junit.AutoTests" name="[356] /home/travis/build/icyphy/ptII/ptolemy/actor/lib/test/auto/SubscriptionAggregatorPortMultiply1.xml (RunModel)" time="0.022" />
  <testcase classname="ptolemy.util.test.junit.AutoTests" name="[357] /home/travis/build/icyphy/ptII/ptolemy/actor/lib/test/auto/Switch.xml (RunModel)" time="0.016" />
  <testcase classname="ptolemy.util.test.junit.AutoTests" name="[358] /home/travis/build/icyphy/ptII/ptolemy/actor/lib/test/auto/Switch2.xml (RunModel)" time="0.014" />
  <testcase classname="ptolemy.util.test.junit.AutoTests" name="[359] /home/travis/build/icyphy/ptII/ptolemy/actor/lib/test/auto/SwitchDE.xml (RunModel)" time="0.015" />
  <testcase classname="ptolemy.util.test.junit.AutoTests" name="[360] /home/travis/build/icyphy/ptII/ptolemy/actor/lib/test/auto/SynchronizerDE.xml (RunModel)" time="0.02" />
  <testcase classname="ptolemy.util.test.junit.AutoTests" name="[361] /home/travis/build/icyphy/ptII/ptolemy/actor/lib/test/auto/Test.xml (RunModel)" time="0.01" />
  <testcase classname="ptolemy.util.test.junit.AutoTests" name="[362] /home/travis/build/icyphy/ptII/ptolemy/actor/lib/test/auto/TestExceptionAttribute1.xml (RunModel)" time="0.007" />
  <testcase classname="ptolemy.util.test.junit.AutoTests" name="[363] /home/travis/build/icyphy/ptII/ptolemy/actor/lib/test/auto/TestExceptionAttribute2.xml (RunModel)" time="0.008" />
  <testcase classname="ptolemy.util.test.junit.AutoTests" name="[364] /home/travis/build/icyphy/ptII/ptolemy/actor/lib/test/auto/TestExceptionAttribute3.xml (RunModel)" time="0.011" />
  <testcase classname="ptolemy.util.test.junit.AutoTests" name="[365] /home/travis/build/icyphy/ptII/ptolemy/actor/lib/test/auto/TestExceptionAttribute4.xml (RunModel)" time="0.007" />
  <testcase classname="ptolemy.util.test.junit.AutoTests" name="[366] /home/travis/build/icyphy/ptII/ptolemy/actor/lib/test/auto/TestExceptionHandler1.xml (RunModel)" time="0.01" />
  <testcase classname="ptolemy.util.test.junit.AutoTests" name="[367] /home/travis/build/icyphy/ptII/ptolemy/actor/lib/test/auto/TestExceptionHandler2.xml (RunModel)" time="0.011" />
  <testcase classname="ptolemy.util.test.junit.AutoTests" name="[368] /home/travis/build/icyphy/ptII/ptolemy/actor/lib/test/auto/TestExceptionHandler3.xml (RunModel)" time="0.005" />
  <testcase classname="ptolemy.util.test.junit.AutoTests" name="[369] /home/travis/build/icyphy/ptII/ptolemy/actor/lib/test/auto/TestExceptionHandler4.xml (RunModel)" time="0.006" />
  <testcase classname="ptolemy.util.test.junit.AutoTests" name="[370] /home/travis/build/icyphy/ptII/ptolemy/actor/lib/test/auto/TestRequireCorrectOrder.xml (RunModel)" time="0.017" />
  <testcase classname="ptolemy.util.test.junit.AutoTests" name="[371] /home/travis/build/icyphy/ptII/ptolemy/actor/lib/test/auto/TestSimple.xml (RunModel)" time="0.009" />
  <testcase classname="ptolemy.util.test.junit.AutoTests" name="[372] /home/travis/build/icyphy/ptII/ptolemy/actor/lib/test/auto/ThrowModelError.xml (RunModel)" time="0.01" />
  <testcase classname="ptolemy.util.test.junit.AutoTests" name="[373] /home/travis/build/icyphy/ptII/ptolemy/actor/lib/test/auto/TimeDelayMicrosteps.xml (RunModel)" time="0.013" />
  <testcase classname="ptolemy.util.test.junit.AutoTests" name="[374] /home/travis/build/icyphy/ptII/ptolemy/actor/lib/test/auto/TimeDelayMicrosteps2.xml (RunModel)" time="0.013" />
  <testcase classname="ptolemy.util.test.junit.AutoTests" name="[375] /home/travis/build/icyphy/ptII/ptolemy/actor/lib/test/auto/TimeDelayMicrosteps3.xml (RunModel)" time="0.011" />
  <testcase classname="ptolemy.util.test.junit.AutoTests" name="[376] /home/travis/build/icyphy/ptII/ptolemy/actor/lib/test/auto/TimeDelayVariableMicrosteps.xml (RunModel)" time="0.011" />
  <testcase classname="ptolemy.util.test.junit.AutoTests" name="[377] /home/travis/build/icyphy/ptII/ptolemy/actor/lib/test/auto/TimeGap.xml (RunModel)" time="0.015" />
  <testcase classname="ptolemy.util.test.junit.AutoTests" name="[378] /home/travis/build/icyphy/ptII/ptolemy/actor/lib/test/auto/TimeGap2.xml (RunModel)" time="0.012" />
  <testcase classname="ptolemy.util.test.junit.AutoTests" name="[379] /home/travis/build/icyphy/ptII/ptolemy/actor/lib/test/auto/TimedSinewave.xml (RunModel)" time="0.066" />
  <testcase classname="ptolemy.util.test.junit.AutoTests" name="[380] /home/travis/build/icyphy/ptII/ptolemy/actor/lib/test/auto/TimedSinewavePhase.xml (RunModel)" time="0.058" />
  <testcase classname="ptolemy.util.test.junit.AutoTests" name="[381] /home/travis/build/icyphy/ptII/ptolemy/actor/lib/test/auto/Timer.xml (RunModel)" time="0.018" />
  <testcase classname="ptolemy.util.test.junit.AutoTests" name="[382] /home/travis/build/icyphy/ptII/ptolemy/actor/lib/test/auto/TriangularDistTestModel.xml (RunModel)" time="0.018" />
  <testcase classname="ptolemy.util.test.junit.AutoTests" name="[383] /home/travis/build/icyphy/ptII/ptolemy/actor/lib/test/auto/TrigFunction.xml (RunModel)" time="0.008" />
  <testcase classname="ptolemy.util.test.junit.AutoTests" name="[384] /home/travis/build/icyphy/ptII/ptolemy/actor/lib/test/auto/TrigFunctionDE.xml (RunModel)" time="0.01" />
  <testcase classname="ptolemy.util.test.junit.AutoTests" name="[385] /home/travis/build/icyphy/ptII/ptolemy/actor/lib/test/auto/TrigFunctionInverse.xml (RunModel)" time="0.009" />
  <testcase classname="ptolemy.util.test.junit.AutoTests" name="[386] /home/travis/build/icyphy/ptII/ptolemy/actor/lib/test/auto/TrigFunctionTan.xml (RunModel)" time="0.006" />
  <testcase classname="ptolemy.util.test.junit.AutoTests" name="[387] /home/travis/build/icyphy/ptII/ptolemy/actor/lib/test/auto/TriggeredClock.xml (RunModel)" time="0.008" />
  <testcase classname="ptolemy.util.test.junit.AutoTests" name="[388] /home/travis/build/icyphy/ptII/ptolemy/actor/lib/test/auto/URLDirectoryReader.xml (RunModel)" time="0.135" />
  <testcase classname="ptolemy.util.test.junit.AutoTests" name="[389] /home/travis/build/icyphy/ptII/ptolemy/actor/lib/test/auto/URLDirectoryReader3.xml (RunModel)" time="1.437" />
  <testcase classname="ptolemy.util.test.junit.AutoTests" name="[390] /home/travis/build/icyphy/ptII/ptolemy/actor/lib/test/auto/UnaryMathFunction.xml (RunModel)" time="0.024" />
  <testcase classname="ptolemy.util.test.junit.AutoTests" name="[391] /home/travis/build/icyphy/ptII/ptolemy/actor/lib/test/auto/Uniform.xml (RunModel)" time="0.02" />
  <testcase classname="ptolemy.util.test.junit.AutoTests" name="[392] /home/travis/build/icyphy/ptII/ptolemy/actor/lib/test/auto/UnionDisassemblerTest.xml (RunModel)" time="0.01" />
  <testcase classname="ptolemy.util.test.junit.AutoTests" name="[393] /home/travis/build/icyphy/ptII/ptolemy/actor/lib/test/auto/UtilityFunctions.xml (RunModel)" time="0.007" />
  <testcase classname="ptolemy.util.test.junit.AutoTests" name="[394] /home/travis/build/icyphy/ptII/ptolemy/actor/lib/test/auto/VariableSleep.xml (RunModel)" time="0.512" />
  <testcase classname="ptolemy.util.test.junit.AutoTests" name="[395] /home/travis/build/icyphy/ptII/ptolemy/actor/lib/test/auto/VectorAssemblerDisassemblerCT.xml (RunModel)" time="0.109" />
  <testcase classname="ptolemy.util.test.junit.AutoTests" name="[396] /home/travis/build/icyphy/ptII/ptolemy/actor/lib/test/auto/VectorAssemblerDisassemblerDE.xml (RunModel)" time="0.012" />
  <testcase classname="ptolemy.util.test.junit.AutoTests" name="[397] /home/travis/build/icyphy/ptII/ptolemy/actor/lib/test/auto/VectorAssemblerDisassemblerSDF.xml (RunModel)" time="0.012" />
  <testcase classname="ptolemy.util.test.junit.AutoTests" name="[398] /home/travis/build/icyphy/ptII/ptolemy/actor/lib/test/auto/WallClockTime.xml (RunModel)" time="1.012" />
  <testcase classname="ptolemy.util.test.junit.AutoTests" name="[399] /home/travis/build/icyphy/ptII/ptolemy/actor/lib/test/auto/WidthTestWithSubscriberPublisher.xml (RunModel)" time="0.038" />
  <testcase classname="ptolemy.util.test.junit.AutoTests" name="[400] /home/travis/build/icyphy/ptII/ptolemy/actor/lib/test/auto/WidthTestWithSubscriberPublisher2.xml (RunModel)" time="0.02" />
  <testcase classname="ptolemy.util.test.junit.AutoTests" name="[401] /home/travis/build/icyphy/ptII/ptolemy/actor/lib/test/auto/WidthTestWithSubscriberPublisher3.xml (RunModel)" time="0.009" />
  <testcase classname="ptolemy.util.test.junit.AutoTests" name="[402] /home/travis/build/icyphy/ptII/ptolemy/actor/lib/test/auto/Writer.xml (RunModel)" time="0.007" />
  <testcase classname="ptolemy.util.test.junit.AutoTests" name="[403] /home/travis/build/icyphy/ptII/ptolemy/actor/lib/test/auto/array.xml (RunModel)" time="0.009" />
  <testcase classname="ptolemy.util.test.junit.AutoTests" name="[404] /home/travis/build/icyphy/ptII/ptolemy/actor/lib/test/auto/array2.xml (RunModel)" time="0.015" />
  <testcase classname="ptolemy.util.test.junit.AutoTests" name="[405] /home/travis/build/icyphy/ptII/ptolemy/actor/lib/test/auto/arrayType.xml (RunModel)" time="0.027" />
  <testcase classname="ptolemy.util.test.junit.AutoTests" name="[406] /home/travis/build/icyphy/ptII/ptolemy/actor/lib/test/auto/arrayType10.xml (RunModel)" time="0.008" />
  <testcase classname="ptolemy.util.test.junit.AutoTests" name="[407] /home/travis/build/icyphy/ptII/ptolemy/actor/lib/test/auto/arrayType11.xml (RunModel)" time="0.008" />
  <testcase classname="ptolemy.util.test.junit.AutoTests" name="[408] /home/travis/build/icyphy/ptII/ptolemy/actor/lib/test/auto/arrayType12.xml (RunModel)" time="0.009" />
  <testcase classname="ptolemy.util.test.junit.AutoTests" name="[409] /home/travis/build/icyphy/ptII/ptolemy/actor/lib/test/auto/arrayType13.xml (RunModel)" time="0.009" />
  <testcase classname="ptolemy.util.test.junit.AutoTests" name="[410] /home/travis/build/icyphy/ptII/ptolemy/actor/lib/test/auto/arrayType14.xml (RunModel)" time="0.008" />
  <testcase classname="ptolemy.util.test.junit.AutoTests" name="[411] /home/travis/build/icyphy/ptII/ptolemy/actor/lib/test/auto/arrayType15.xml (RunModel)" time="0.009" />
  <testcase classname="ptolemy.util.test.junit.AutoTests" name="[412] /home/travis/build/icyphy/ptII/ptolemy/actor/lib/test/auto/arrayType16.xml (RunModel)" time="0.008" />
  <testcase classname="ptolemy.util.test.junit.AutoTests" name="[413] /home/travis/build/icyphy/ptII/ptolemy/actor/lib/test/auto/arrayType17.xml (RunModel)" time="0.008" />
  <testcase classname="ptolemy.util.test.junit.AutoTests" name="[414] /home/travis/build/icyphy/ptII/ptolemy/actor/lib/test/auto/arrayType18.xml (RunModel)" time="0.011" />
  <testcase classname="ptolemy.util.test.junit.AutoTests" name="[415] /home/travis/build/icyphy/ptII/ptolemy/actor/lib/test/auto/arrayType19.xml (RunModel)" time="0.007" />
  <testcase classname="ptolemy.util.test.junit.AutoTests" name="[416] /home/travis/build/icyphy/ptII/ptolemy/actor/lib/test/auto/arrayType2.xml (RunModel)" time="0.009" />
  <testcase classname="ptolemy.util.test.junit.AutoTests" name="[417] /home/travis/build/icyphy/ptII/ptolemy/actor/lib/test/auto/arrayType20.xml (RunModel)" time="0.008" />
  <testcase classname="ptolemy.util.test.junit.AutoTests" name="[418] /home/travis/build/icyphy/ptII/ptolemy/actor/lib/test/auto/arrayType21.xml (RunModel)" time="0.008" />
  <testcase classname="ptolemy.util.test.junit.AutoTests" name="[419] /home/travis/build/icyphy/ptII/ptolemy/actor/lib/test/auto/arrayType22.xml (RunModel)" time="0.007" />
  <testcase classname="ptolemy.util.test.junit.AutoTests" name="[420] /home/travis/build/icyphy/ptII/ptolemy/actor/lib/test/auto/arrayType23.xml (RunModel)" time="0.008" />
  <testcase classname="ptolemy.util.test.junit.AutoTests" name="[421] /home/travis/build/icyphy/ptII/ptolemy/actor/lib/test/auto/arrayType24.xml (RunModel)" time="0.009" />
  <testcase classname="ptolemy.util.test.junit.AutoTests" name="[422] /home/travis/build/icyphy/ptII/ptolemy/actor/lib/test/auto/arrayType25.xml (RunModel)" time="0.009" />
  <testcase classname="ptolemy.util.test.junit.AutoTests" name="[423] /home/travis/build/icyphy/ptII/ptolemy/actor/lib/test/auto/arrayType26.xml (RunModel)" time="0.008" />
  <testcase classname="ptolemy.util.test.junit.AutoTests" name="[424] /home/travis/build/icyphy/ptII/ptolemy/actor/lib/test/auto/arrayType27.xml (RunModel)" time="0.008" />
  <testcase classname="ptolemy.util.test.junit.AutoTests" name="[425] /home/travis/build/icyphy/ptII/ptolemy/actor/lib/test/auto/arrayType28.xml (RunModel)" time="0.009" />
  <testcase classname="ptolemy.util.test.junit.AutoTests" name="[426] /home/travis/build/icyphy/ptII/ptolemy/actor/lib/test/auto/arrayType3.xml (RunModel)" time="0.009" />
  <testcase classname="ptolemy.util.test.junit.AutoTests" name="[427] /home/travis/build/icyphy/ptII/ptolemy/actor/lib/test/auto/arrayType4.xml (RunModel)" time="0.009" />
  <testcase classname="ptolemy.util.test.junit.AutoTests" name="[428] /home/travis/build/icyphy/ptII/ptolemy/actor/lib/test/auto/arrayType5.xml (RunModel)" time="0.009" />
  <testcase classname="ptolemy.util.test.junit.AutoTests" name="[429] /home/travis/build/icyphy/ptII/ptolemy/actor/lib/test/auto/arrayType6.xml (RunModel)" time="0.019" />
  <testcase classname="ptolemy.util.test.junit.AutoTests" name="[430] /home/travis/build/icyphy/ptII/ptolemy/actor/lib/test/auto/arrayType7.xml (RunModel)" time="0.008" />
  <testcase classname="ptolemy.util.test.junit.AutoTests" name="[431] /home/travis/build/icyphy/ptII/ptolemy/actor/lib/test/auto/arrayType8.xml (RunModel)" time="0.014" />
  <testcase classname="ptolemy.util.test.junit.AutoTests" name="[432] /home/travis/build/icyphy/ptII/ptolemy/actor/lib/test/auto/arrayType9.xml (RunModel)" time="0.008" />
  <testcase classname="ptolemy.util.test.junit.AutoTests" name="[433] /home/travis/build/icyphy/ptII/ptolemy/actor/lib/test/auto/cast.xml (RunModel)" time="0.008" />
  <testcase classname="ptolemy.util.test.junit.AutoTests" name="[434] /home/travis/build/icyphy/ptII/ptolemy/actor/lib/test/auto/compositeMultiPort.xml (RunModel)" time="0.017" />
  <testcase classname="ptolemy.util.test.junit.AutoTests" name="[435] /home/travis/build/icyphy/ptII/ptolemy/actor/lib/test/auto/expressionCastInference.xml (RunModel)" time="0.008" />
  <testcase classname="ptolemy.util.test.junit.AutoTests" name="[436] /home/travis/build/icyphy/ptII/ptolemy/actor/lib/test/auto/expressionCastInference2.xml (RunModel)" time="0.007" />
  <testcase classname="ptolemy.util.test.junit.AutoTests" name="[437] /home/travis/build/icyphy/ptII/ptolemy/actor/lib/test/auto/expressionInference.xml (RunModel)" time="0.007" />
  <testcase classname="ptolemy.util.test.junit.AutoTests" name="[438] /home/travis/build/icyphy/ptII/ptolemy/actor/lib/test/auto/expression_bug.xml (RunModel)" time="0.007" />
  <testcase classname="ptolemy.util.test.junit.AutoTests" name="[439] /home/travis/build/icyphy/ptII/ptolemy/actor/lib/test/auto/factorial.xml (RunModel)" time="0.056" />
  <testcase classname="ptolemy.util.test.junit.AutoTests" name="[440] /home/travis/build/icyphy/ptII/ptolemy/actor/lib/test/auto/filterTest1.xml (RunModel)" time="0.012" />
  <testcase classname="ptolemy.util.test.junit.AutoTests" name="[441] /home/travis/build/icyphy/ptII/ptolemy/actor/lib/test/auto/funcApplyInConst.xml (RunModel)" time="0.044" />
  <testcase classname="ptolemy.util.test.junit.AutoTests" name="[442] /home/travis/build/icyphy/ptII/ptolemy/actor/lib/test/auto/funcApplyInExpr.xml (RunModel)" time="0.034" />
  <testcase classname="ptolemy.util.test.junit.AutoTests" name="[443] /home/travis/build/icyphy/ptII/ptolemy/actor/lib/test/auto/function.xml (RunModel)" time="0.018" />
  <testcase classname="ptolemy.util.test.junit.AutoTests" name="[444] /home/travis/build/icyphy/ptII/ptolemy/actor/lib/test/auto/function2.xml (RunModel)" time="0.013" />
  <testcase classname="ptolemy.util.test.junit.AutoTests" name="[445] /home/travis/build/icyphy/ptII/ptolemy/actor/lib/test/auto/function3.xml (RunModel)" time="0.007" />
  <testcase classname="ptolemy.util.test.junit.AutoTests" name="[446] /home/travis/build/icyphy/ptII/ptolemy/actor/lib/test/auto/functionClosureTest1.xml (RunModel)" time="0.011" />
  <testcase classname="ptolemy.util.test.junit.AutoTests" name="[447] /home/travis/build/icyphy/ptII/ptolemy/actor/lib/test/auto/functionClosureTest2.xml (RunModel)" time="0.007" />
  <testcase classname="ptolemy.util.test.junit.AutoTests" name="[448] /home/travis/build/icyphy/ptII/ptolemy/actor/lib/test/auto/functionClosureTest3.xml (RunModel)" time="0.015" />
  <testcase classname="ptolemy.util.test.junit.AutoTests" name="[449] /home/travis/build/icyphy/ptII/ptolemy/actor/lib/test/auto/functionClosureTest4.xml (RunModel)" time="0.059" />
  <testcase classname="ptolemy.util.test.junit.AutoTests" name="[450] /home/travis/build/icyphy/ptII/ptolemy/actor/lib/test/auto/functionClosureTest5.xml (RunModel)" time="0.012" />
  <testcase classname="ptolemy.util.test.junit.AutoTests" name="[451] /home/travis/build/icyphy/ptII/ptolemy/actor/lib/test/auto/functionClosureTest6.xml (RunModel)" time="0.007" />
  <testcase classname="ptolemy.util.test.junit.AutoTests" name="[452] /home/travis/build/icyphy/ptII/ptolemy/actor/lib/test/auto/functionsOnArcs.xml (RunModel)" time="0.009" />
  <testcase classname="ptolemy.util.test.junit.AutoTests" name="[453] /home/travis/build/icyphy/ptII/ptolemy/actor/lib/test/auto/functionsOnArcsHOF.xml (RunModel)" time="0.012" />
  <testcase classname="ptolemy.util.test.junit.AutoTests" name="[454] /home/travis/build/icyphy/ptII/ptolemy/actor/lib/test/auto/logic.xml (RunModel)" time="0.016" />
  <testcase classname="ptolemy.util.test.junit.AutoTests" name="[455] /home/travis/build/icyphy/ptII/ptolemy/actor/lib/test/auto/matrixType.xml (RunModel)" time="0.009" />
  <testcase classname="ptolemy.util.test.junit.AutoTests" name="[456] /home/travis/build/icyphy/ptII/ptolemy/actor/lib/test/auto/matrixType10.xml (RunModel)" time="0.009" />
  <testcase classname="ptolemy.util.test.junit.AutoTests" name="[457] /home/travis/build/icyphy/ptII/ptolemy/actor/lib/test/auto/matrixType11.xml (RunModel)" time="0.007" />
  <testcase classname="ptolemy.util.test.junit.AutoTests" name="[458] /home/travis/build/icyphy/ptII/ptolemy/actor/lib/test/auto/matrixType12.xml (RunModel)" time="0.025" />
  <testcase classname="ptolemy.util.test.junit.AutoTests" name="[459] /home/travis/build/icyphy/ptII/ptolemy/actor/lib/test/auto/matrixType13.xml (RunModel)" time="0.011" />
  <testcase classname="ptolemy.util.test.junit.AutoTests" name="[460] /home/travis/build/icyphy/ptII/ptolemy/actor/lib/test/auto/matrixType14.xml (RunModel)" time="0.01" />
  <testcase classname="ptolemy.util.test.junit.AutoTests" name="[461] /home/travis/build/icyphy/ptII/ptolemy/actor/lib/test/auto/matrixType2.xml (RunModel)" time="0.009" />
  <testcase classname="ptolemy.util.test.junit.AutoTests" name="[462] /home/travis/build/icyphy/ptII/ptolemy/actor/lib/test/auto/matrixType3.xml (RunModel)" time="0.011" />
  <testcase classname="ptolemy.util.test.junit.AutoTests" name="[463] /home/travis/build/icyphy/ptII/ptolemy/actor/lib/test/auto/matrixType4.xml (RunModel)" time="0.008" />
  <testcase classname="ptolemy.util.test.junit.AutoTests" name="[464] /home/travis/build/icyphy/ptII/ptolemy/actor/lib/test/auto/matrixType5.xml (RunModel)" time="0.008" />
  <testcase classname="ptolemy.util.test.junit.AutoTests" name="[465] /home/travis/build/icyphy/ptII/ptolemy/actor/lib/test/auto/matrixType6.xml (RunModel)" time="0.01" />
  <testcase classname="ptolemy.util.test.junit.AutoTests" name="[466] /home/travis/build/icyphy/ptII/ptolemy/actor/lib/test/auto/matrixType7.xml (RunModel)" time="0.008" />
  <testcase classname="ptolemy.util.test.junit.AutoTests" name="[467] /home/travis/build/icyphy/ptII/ptolemy/actor/lib/test/auto/matrixType8.xml (RunModel)" time="0.008" />
  <testcase classname="ptolemy.util.test.junit.AutoTests" name="[468] /home/travis/build/icyphy/ptII/ptolemy/actor/lib/test/auto/matrixType9.xml (RunModel)" time="0.008" />
  <testcase classname="ptolemy.util.test.junit.AutoTests" name="[469] /home/travis/build/icyphy/ptII/ptolemy/actor/lib/test/auto/paraFunctest.xml (RunModel)" time="0.008" />
  <testcase classname="ptolemy.util.test.junit.AutoTests" name="[470] /home/travis/build/icyphy/ptII/ptolemy/actor/lib/test/auto/paraFunctest2.xml (RunModel)" time="0.014" />
  <testcase classname="ptolemy.util.test.junit.AutoTests" name="[471] /home/travis/build/icyphy/ptII/ptolemy/actor/lib/test/auto/parameterPassing.xml (RunModel)" time="0.008" />
  <testcase classname="ptolemy.util.test.junit.AutoTests" name="[472] /home/travis/build/icyphy/ptII/ptolemy/actor/lib/test/auto/record.xml (RunModel)" time="0.01" />
  <testcase classname="ptolemy.util.test.junit.AutoTests" name="[473] /home/travis/build/icyphy/ptII/ptolemy/actor/lib/test/auto/sizedarray1.xml (RunModel)" time="0.008" />
  <testcase classname="ptolemy.util.test.junit.AutoTests" name="[474] /home/travis/build/icyphy/ptII/ptolemy/actor/lib/test/auto/sizedarray2.xml (RunModel)" time="0.011" />
  <testcase classname="ptolemy.util.test.junit.AutoTests" name="[475] /home/travis/build/icyphy/ptII/ptolemy/actor/lib/test/auto/twoPublishers.xml (RunModel)" time="0.029" />
  <system-out><![CDATA[/home/travis/build/icyphy/ptII/ptolemy/actor/lib/test/AbsoluteValue.tcl
testDefs.tcl: setting time out to 9000 seconds at Wed Dec 04 06:18:40 UTC 2019
99 ms. Memory: 120832K Free: 85445K (71%)
6 ms. Memory: 120832K Free: 83911K (69%)
5 ms. Memory: 120832K Free: 82887K (69%)
5 ms. Memory: 120832K Free: 82373K (68%)
/home/travis/build/icyphy/ptII/ptolemy/actor/lib/test/AddSubtract.tcl
16 ms. Memory: 120832K Free: 80325K (66%)
5 ms. Memory: 120832K Free: 79301K (66%)
12 ms. Memory: 120832K Free: 78791K (65%)
17 ms. Memory: 120832K Free: 77767K (64%)
75 ms. Memory: 120832K Free: 75205K (62%)
16 ms. Memory: 120832K Free: 74181K (61%)
/home/travis/build/icyphy/ptII/ptolemy/actor/lib/test/Average.tcl
12 ms. Memory: 120832K Free: 72647K (60%)
15 ms. Memory: 120832K Free: 71109K (59%)
/home/travis/build/icyphy/ptII/ptolemy/actor/lib/test/Bernoulli.tcl
4 ms. Memory: 120832K Free: 69575K (58%)
2 ms. Memory: 120832K Free: 69575K (58%)
/home/travis/build/icyphy/ptII/ptolemy/actor/lib/test/Clock.tcl
preinitializing
resolving types
initializing
executing number 1
wrapping up
idle
22 ms. Memory: 120832K Free: 66503K (55%)
Completed execution with 5 iterations
preinitializing
resolving types
initializing
executing number 1
wrapping up
idle
4 ms. Memory: 120832K Free: 65982K (55%)
Completed execution with 5 iterations
preinitializing
resolving types
initializing
executing number 1
wrapping up
idle
4 ms. Memory: 120832K Free: 65479K (54%)
Completed execution with 5 iterations
/home/travis/build/icyphy/ptII/ptolemy/actor/lib/test/Commutator.tcl
6 ms. Memory: 120832K Free: 63431K (52%)
8 ms. Memory: 120832K Free: 62407K (52%)
18 ms. Memory: 120832K Free: 56758K (47%)
/home/travis/build/icyphy/ptII/ptolemy/actor/lib/test/Const.tcl
5 ms. Memory: 120832K Free: 55239K (46%)
3 ms. Memory: 120832K Free: 54725K (45%)
8 ms. Memory: 120832K Free: 54215K (45%)
3 ms. Memory: 120832K Free: 53701K (44%)
3 ms. Memory: 120832K Free: 52662K (44%)
24 ms. Memory: 120832K Free: 51143K (42%)
13 ms. Memory: 120832K Free: 50119K (41%)
7 ms. Memory: 120832K Free: 49095K (41%)
/home/travis/build/icyphy/ptII/ptolemy/actor/lib/test/CurrentTime.tcl
preinitializing
resolving types
initializing
executing number 1
wrapping up
idle
19 ms. Memory: 120832K Free: 47542K (39%)
Completed execution with 11 iterations
/home/travis/build/icyphy/ptII/ptolemy/actor/lib/test/DB.tcl
33 ms. Memory: 120832K Free: 106955K (89%)
2 ms. Memory: 120832K Free: 106445K (88%)
2 ms. Memory: 120832K Free: 105931K (88%)
/home/travis/build/icyphy/ptII/ptolemy/actor/lib/test/DiscreteRandomSource.tcl
preinitializing
resolving types
initializing
executing number 1
wrapping up
idle
4 ms. Memory: 120832K Free: 104893K (87%)
Completed execution with 4 iterations
preinitializing
resolving types
initializing
executing number 1
wrapping up
idle
12 ms. Memory: 120832K Free: 104395K (86%)
Completed execution with 4 iterations
preinitializing
resolving types
initializing
executing number 1
wrapping up
idle
6 ms. Memory: 120832K Free: 103851K (86%)
Completed execution with 4 iterations
preinitializing
resolving types
initializing
executing number 1
wrapping up
idle
6 ms. Memory: 120832K Free: 103373K (86%)
Completed execution with 4 iterations
preinitializing
resolving types
initializing
executing number 1
wrapping up
idle
5 ms. Memory: 120832K Free: 102859K (85%)
Completed execution with 4 iterations
/home/travis/build/icyphy/ptII/ptolemy/actor/lib/test/Distributor.tcl
4 ms. Memory: 120832K Free: 101325K (84%)
8 ms. Memory: 120832K Free: 100797K (83%)
StreamChangeRequest.changeExecuted(): <deleteEntity name="rec2"/> succeeded
StreamChangeRequest.changeExecuted(): <deleteRelation name="r2"/> succeeded
StreamChangeRequest.changeExecuted(): Record firings per iteration succeeded
15 ms. Memory: 120832K Free: 98253K (81%)
/home/travis/build/icyphy/ptII/ptolemy/actor/lib/test/Exit.tcl
Exit.tcl: this will print a message about Manager.exitAfterWrapup, which can be ignored.
12 ms. Memory: 120832K Free: 95181K (79%)
/home/travis/build/icyphy/ptII/ptolemy/actor/lib/test/Expression.tcl
13 ms. Memory: 120832K Free: 104542K (87%)
3 ms. Memory: 120832K Free: 104058K (86%)
3 ms. Memory: 120832K Free: 103043K (85%)
preinitializing
resolving types
initializing
executing number 1
wrapping up
idle
5 ms. Memory: 120832K Free: 101932K (84%)
Completed execution with 6 iterations
4 ms. Memory: 120832K Free: 100969K (84%)
3 ms. Memory: 120832K Free: 99971K (83%)
4 ms. Memory: 120832K Free: 98915K (82%)
4 ms. Memory: 120832K Free: 97836K (81%)
4 ms. Memory: 120832K Free: 96336K (80%)
/home/travis/build/icyphy/ptII/ptolemy/actor/lib/test/Gaussian.tcl
5 ms. Memory: 120832K Free: 94849K (78%)
sleeping 1 seconds: ................................................................................................................................................................................................................................................................................................................................................................................................................................................................................................................................................................................................................................................................................................................................................................................................................................................................................................................................................................................................................................................................................................................................................................................................................................................................................................................................................................................................................................................................................................................................................................................................................................................................................................................................................................................................................................................................................................................................................................................................................................................................................................................................................................................................................................................................................................................................................................................................................................................................................................................................................................................................................................................................................................................................................................................................................................................................................................................................................................................................................................................................................................................................................................................................................................................................................................................................................................................................................................................................................................................................................................................................................................................................................................................................................................................................................................................................................................................................................................................................................................................................................................................................................................................................................................................................................................................................................................................................................................................................................................................................................................................................................................................................................................................................................................................................................................................................................................................................................................................................................................................................................................................................................................................................................................................................................................................................................................................................................................................................................................................................................................................................................................................................................................................................................................................................................................................................................................................................................................................................................................................................................................................................................................................................................................................................................................................................................................................................................................................................................................................................................................................................................................................................................................................................................................................................................................................................................................................................................................................................................................................................................................................................................................................................................................................................................................................................................................................................................................................................................................................................................................................................................................................................................................................................................................................................................................................................................................................................................................................................................................................................................................................................................................................................................................................................................................................................................................................................................................................................................................................................................................................................................................................................................................................................................................................................................................................................................................................................................................................................................................................................................................................................................................................................................................................................................................................................................................................................................................................................................................................................................................................................................................................................................................................................................................................................................................................................................................................................................................................................................................................................................................................................................................................................................................................................................................................................................................................................................................................................................................................................................................................................................................................................................................................................................................................................................................................................................................................................................................................................................................................................................................................................................................................................................................................................................................................................................................................................................................................................................................................................................................................................................................................................................................................................................................................................................................................................................................................................................................................................................................................................................................................................................................................................................................................................................................................................................................................................................................................................................................................................................................................................................................................................................................................................................................................................................................................................................................................................................................................................................................................................................................................................................................................................................................................................................................................................................................................................................................................................................................................................................................................................................................................................................................................................................................................................................................................................................................................................................................................................................................................................................................................................................................................................................................................................................................................................................................................................................................................................................................................................................................................................................................................................................................................................................................................................................................................................................................................................................................................................................................................................................................................................................................................................................................................................................................................................................................................................................................................................................................................................................................................................................................................................................................................................................................................................................................................................................................................................................................................................................................................................................................................................................................................................................................................................................................................................................................................................................................................................................................................................................................................................................................................................................................................................................................................................................................................................................................................................................................................................................................................................................................................................................................................................................................................................................................................................................................................................................................................................................................................................................................................................................................................................................................................................................................................................................................................................................................................................................................................................................................................................................................................................................................................................................................................................................................................................................................................................................................................................................................................................................................................................................................................................................................................................................................................................................................................................................................................................................................................................................................................................................................................................................................................................................................................................................................................................................................................................................................................................................................................................................................................................................................................................................................................................................................................................................................................................................................................................................................................................................................................................................................................................................................................................................................................................................................................................................................................................................................................................................................................................................................................................................................................................................................................................................................................................................................................................................................................................................................................................................................................................................................................................................................................................................................................................................................................................................................................................................................................................................................................................................................................................................................................................................................................................................................................................................................................................................................................................................................................................................................................................................................................................................................................................................................................................................................................................................................................................................................................................................................................................................................................................................................................................................................................................................................................................................................................................................................................................................................................................................................................................................................................................................................................................................................................................................................................................................................................................................................................................................................................................................................................................................................................................................................................................................................................................................................................................................................................................................................................................................................................................................................................................................................................................................................................................................................................................................................................................................................................................................................................................................................................................................................................................................................................................................................................................................................................................................................................................................................................................................................................................................................................................................................................................................................................................................................................................................................................................................................................................................................................................................................................................................................................................................................................................................................................................................................................................................................................................................................................................................................................................................................................................................................................................................................................................................................................................................................................................................................................................................................................................................................................................................................................................................................................................................................................................................................................................................................................................................................................................................................................................................................................................................................................................................................................................................................................................................................................................................................................................................................................................................................................................................................................................................................................................................................................................................................................................................................................................................................................................................................................................................................................................................................................................................................................................................................................................................................................................................................................................................................................................................................................................................................................................................................................................................................................................................................................................................................................................................................................................................................................................................................................................................................................................................................................................................................................................................................................................................................................................................................................................................................................................................................................................................................................................................................................................................................................................................................................................................................................................................................................................................................................................................................................................................................................................................................................................................................................................................................................................................................................................................................................................................................................................................................................................................................................................................................................................................................................................................................................................................................................................................................................................................................................................................................................................................................................................................................................................................................................................................................................................................................................................................................................................................................................................................................................................................................................................................................................................................................................................................................................................................................................................................................................................................................................................................................................................................................................................................................................................................................................................................................................................................................................................................................................................................................................................................................................................................................................................................................................................................................................................................................................................................................................................................................................................................................................................................................................................................................................................................................................................................................................................................................................................................................................................................................................................................................................................................................................................................................................................................................................................................................................................................................................................................................................................................................................................................................................................................................................................................................................................................................................................................................................................................................................................................................................................................................................................................................................................................................................................................................................................................................................................................................................................................................................................................................................................................................................................................................................................................................................................................................................................................................................................................................................................................................................................................................................................................................................................................................................................................................................................................................................................................................................................................................................................................................................................................................................................................................................................................................................................................................................................................................................................................................................................................................................................................................................................................................................................................................................................................................................................................................................................................................................................................................................................................................................................................................................................................................................................................................................................................................................................................................................................................................................................................................................................................................................................................................................................................................................................................................................................................................................................................................................................................................................................................................................................................................................................................................................................................................................................................................................................................................................................................................................................................................................................................................................................................................................................................................................................................................................................................................................................................................................................................................................................................................................................................................................................................................................................................................................................................................................................................................................................................................................................................................................................................................................................................................................................................................................................................................................................................................................................................................................................................................................................................................................................................................................................................................................................................................................................................................................................................................................................................................................................................................................................................................................................................................................................................................................................................................................................................................................................................................................................................................................................................................................................................................................................................................................................................................................................................................................................................................................................................................................................................................................................................................................................................................................................................................................................................................................................................................................................................................................................................................................................................................................................................................................................................................................................................................................................................................................................................................................................................................................................................................................................................................................................................................................................................................................................................................................................................................................................................................................................................................................................................................................................................................................................................................................................................................................................................................................................................................................................................................................................................................................................................................................................................................................................................................................................................................................................................................................................................................................................................................................................................................................................................................................................................................................................................................................................................................................................................................................................................................................................................................................................................................................................................................................................................................................................................................................................................................................................................................................................................................................................................................................................................................................................................................................................................................................................................................................................................................................................................................................................................................................................................................................................................................................................................................................................................................................................................................................................................................................................................................................................................................................................................................................................................................................................................................................................................................................................................................................................................................................................................................................................................................................................................................................................................................................................................................................................................................................................................................................................................................................................................................................................................................................................................................................................................................................................................................................................................................................................................................................................................................................................................................................................................................................................................................................................................................................................................................................................................................................................................................................................................................................................................................................................................................................................................................................................................................................................................................................................................................................................................................................................................................................................................................................................................................................................................................................................................................................................................................................................................................................................................................................................................................................................................................................................................................................................................................................................................................................................................................................................................................................................................................................................................................................................................................................................................................................................................................................................................................................................................................................................................................................................................................................................................................................................................................................................................................................................................................................................................................................................................................................................................................................................................................................................................................................................................................................................................................................................................................................................................................................................................................................................................................................................................................................................................................................................................................................................................................................................................................................................................................................................................................................................................................................................................................................................................................................................................................................................................................................................................................................................................................................................................................................................................................................................................................................................................................................................................................................................................................................................................................................................................................................................................................................................................................................................................................................................................................................................................................................................................................................................................................................................................................................3 ms. Memory: 145408K Free: 67578K (46%)
3 ms. Memory: 145408K Free: 66546K (46%)
2 ms. Memory: 145408K Free: 66050K (45%)
12 ms. Memory: 145408K Free: 131082K (90%)
5 ms. Memory: 145408K Free: 130556K (90%)
/home/travis/build/icyphy/ptII/ptolemy/actor/lib/test/IIR.tcl
/home/travis/build/icyphy/ptII/ptolemy/actor/lib/test/Interpolator.tcl
5 ms. Memory: 145408K Free: 126476K (87%)
2 ms. Memory: 145408K Free: 125948K (87%)
6 ms. Memory: 145408K Free: 125452K (86%)
2 ms. Memory: 145408K Free: 124938K (86%)
3 ms. Memory: 145408K Free: 123900K (85%)
12 ms. Memory: 145408K Free: 123404K (85%)
3 ms. Memory: 145408K Free: 122380K (84%)
2 ms. Memory: 145408K Free: 121356K (83%)
7 ms. Memory: 145408K Free: 120332K (83%)
2 ms. Memory: 145408K Free: 119804K (82%)
/home/travis/build/icyphy/ptII/ptolemy/actor/lib/test/MathFunction.tcl
6 ms. Memory: 145408K Free: 117770K (81%)
2 ms. Memory: 145408K Free: 116236K (80%)
12 ms. Memory: 145408K Free: 115212K (79%)
2 ms. Memory: 145408K Free: 114692K (79%)
6 ms. Memory: 145408K Free: 113164K (78%)
6 ms. Memory: 145408K Free: 111116K (76%)
/home/travis/build/icyphy/ptII/ptolemy/actor/lib/test/Maximum.tcl
5 ms. Memory: 145408K Free: 109572K (75%)
4 ms. Memory: 145408K Free: 108540K (75%)
5 ms. Memory: 145408K Free: 108044K (74%)
4 ms. Memory: 145408K Free: 107524K (74%)
/home/travis/build/icyphy/ptII/ptolemy/actor/lib/test/Minimum.tcl
6 ms. Memory: 145408K Free: 105996K (73%)
4 ms. Memory: 145408K Free: 104972K (72%)
2 ms. Memory: 145408K Free: 104458K (72%)
2 ms. Memory: 145408K Free: 103948K (71%)
/home/travis/build/icyphy/ptII/ptolemy/actor/lib/test/MultiplyDivide.tcl
13 ms. Memory: 145408K Free: 101900K (70%)
7 ms. Memory: 145408K Free: 101340K (70%)
9 ms. Memory: 145408K Free: 100348K (69%)
3 ms. Memory: 145408K Free: 99852K (69%)
2 ms. Memory: 145408K Free: 98828K (68%)
/home/travis/build/icyphy/ptII/ptolemy/actor/lib/test/OrderedMerge.tcl
Connections changed on port: inputA
Connections changed on port: inputB
Connections changed on port: output
Connections changed on port: output
Connections changed on port: output
Connections changed on port: input
.top. Preinitializing ...
Invoking preinitialize():  .top.OrderedMerge
Called preinitialize()
Invoking preinitialize():  .top.Ramp
Called preinitialize()
Invoking preinitialize():  .top.Ramp2
Called preinitialize()
Invoking preinitialize():  .top.Test
Called preinitialize()
Connections changed on port: inputA
Connections changed on port: output
Connections changed on port: output
Connections changed on port: input
Connections changed on port: inputB
Connections changed on port: output
.top. Finished preinitialize().
Called initialize().
Invoking initialize():  .top.OrderedMerge
Initializing actor: .top.OrderedMerge
Adding a thread: .top.OrderedMerge
Invoking initialize():  .top.Ramp
Initializing actor: .top.Ramp
Adding a thread: .top.Ramp
Invoking initialize():  .top.Ramp2
Initializing actor: .top.Ramp2
Adding a thread: .top.Ramp2
Invoking initialize():  .top.Test
Initializing actor: .top.Test
Adding a thread: .top.Test
-- Starting thread.
Called initialize()
Called prefire()
Called fire()
Called fire().
Checking for deadlock:
-- Starting thread.
Called initialize()
Called prefire()
Called fire()
-- Starting thread.
Called initialize()
Called prefire()
Called fire()
-- Starting thread.
Called initialize()
Called prefire()
Called fire()
There are 1 Blocked actors, 0 Stopped actors, and 4 active threads.
Waiting for actors to stop.
Called postfire()
Called prefire()
Called fire()
Called postfire()
Called prefire()
Called fire()
Called postfire()
Called prefire()
Called fire()
Checking for deadlock:
There are 3 Blocked actors, 0 Stopped actors, and 4 active threads.
Read input token from inputA with value 0.0
Waiting for actors to stop.
Next port to read input from is inputB
Called postfire()
Called prefire()
Called fire()
Read input token from inputB with value 0.0
Called postfire()
Called prefire()
Called fire()
Sent output token with value 0.0
Next port to read input from is inputA
Called postfire()
Called prefire()
Called fire()
Read input token from inputA with value 1.0
-- Read input: 0.0, which is expected to match: 0.0
Sent output token with value 0.0
Next port to read input from is inputB
Called postfire()
Called prefire()
Called fire()
-- Read input: 0.0, which is expected to match: 0.0
Called prefire()
Called fire()
Checking for deadlock:
There are 2 Blocked actors, 0 Stopped actors, and 4 active threads.
Waiting for actors to stop.
Called postfire()
Called prefire()
Called fire()
Checking for deadlock:
There are 3 Blocked actors, 0 Stopped actors, and 4 active threads.
Waiting for actors to stop.
Called prefire()
Called fire()
Checking for deadlock:
Read input token from inputB with value 1.5
There are 2 Blocked actors, 0 Stopped actors, and 4 active threads.
Waiting for actors to stop.
Sent output token with value 1.0
Called postfire()
Called prefire()
Called fire()
Next port to read input from is inputA
Called postfire()
Called prefire()
Called fire()
Read input token from inputA with value 2.0
-- Read input: 1.0, which is expected to match: 1.0
Called prefire()
Sent output token with value 1.5
Checking for deadlock:
Called fire()
There are 1 Blocked actors, 0 Stopped actors, and 4 active threads.
Waiting for actors to stop.
Called postfire()
Called prefire()
Called fire()
-- Read input: 1.5, which is expected to match: 1.5
Called prefire()
Called fire()
Checking for deadlock:
There are 3 Blocked actors, 0 Stopped actors, and 4 active threads.
Waiting for actors to stop.
Next port to read input from is inputB
Called postfire()
Called prefire()
Called fire()
Read input token from inputB with value 3.0
Checking for deadlock:
There are 2 Blocked actors, 0 Stopped actors, and 4 active threads.
Waiting for actors to stop.
Sent output token with value 2.0
-- Read input: 2.0, which is expected to match: 2.0
Called prefire()
Next port to read input from is inputA
Called postfire()
Checking for deadlock:
Called fire()
There are 1 Blocked actors, 0 Stopped actors, and 4 active threads.
Waiting for actors to stop.
Checking for deadlock:
Called prefire()
There are 2 Blocked actors, 0 Stopped actors, and 4 active threads.
Called fire()
Waiting for actors to stop.
Called postfire()
Called prefire()
Called fire()
Called postfire()
Called prefire()
Called fire()
Checking for deadlock:
There are 3 Blocked actors, 0 Stopped actors, and 4 active threads.
Waiting for actors to stop.
Read input token from inputA with value 3.0
Checking for deadlock:
There are 2 Blocked actors, 0 Stopped actors, and 4 active threads.
Waiting for actors to stop.
-- Read input: 3.0, which is expected to match: 3.0
Called prefire()
Called fire()
Checking for deadlock:
There are 3 Blocked actors, 0 Stopped actors, and 4 active threads.
Waiting for actors to stop.
Sent output token with value 3.0
Next port to read input from is inputB
Called postfire()
Called prefire()
Called fire()
Checking for deadlock:
There are 2 Blocked actors, 0 Stopped actors, and 4 active threads.
Waiting for actors to stop.
Called postfire()
Called prefire()
Called fire()
Checking for deadlock:
Read input token from inputB with value 4.5
There are 3 Blocked actors, 0 Stopped actors, and 4 active threads.
Waiting for actors to stop.
Checking for deadlock:
There are 2 Blocked actors, 0 Stopped actors, and 4 active threads.
Waiting for actors to stop.
-- Read input: 3.0, which is expected to match: 3.0
Called prefire()
Called fire()
Checking for deadlock:
Sent output token with value 3.0
There are 3 Blocked actors, 0 Stopped actors, and 4 active threads.
Waiting for actors to stop.
Next port to read input from is inputA
Called postfire()
Called prefire()
Called fire()
Checking for deadlock:
There are 2 Blocked actors, 0 Stopped actors, and 4 active threads.
Waiting for actors to stop.
Called postfire()
Called prefire()
Called fire()
Checking for deadlock:
Read input token from inputA with value 4.0
There are 3 Blocked actors, 0 Stopped actors, and 4 active threads.
Waiting for actors to stop.
Checking for deadlock:
There are 2 Blocked actors, 0 Stopped actors, and 4 active threads.
Waiting for actors to stop.
-- Read input: 4.0, which is expected to match: 4.0
Called prefire()
Called fire()
Past the end of training data. Read and discard all inputs.
Checking for deadlock:
There are 3 Blocked actors, 0 Stopped actors, and 4 active threads.
Waiting for actors to stop.
Sent output token with value 4.0
Next port to read input from is inputA
Called postfire()
Called prefire()
Called fire()
Checking for deadlock:
There are 2 Blocked actors, 0 Stopped actors, and 4 active threads.
Waiting for actors to stop.
Called postfire()
Called prefire()
Called fire()
Checking for deadlock:
There are 3 Blocked actors, 0 Stopped actors, and 4 active threads.
Waiting for actors to stop.
Read input token from inputA with value 5.0
Checking for deadlock:
There are 2 Blocked actors, 0 Stopped actors, and 4 active threads.
Waiting for actors to stop.
Sent output token with value 4.5
Called prefire()
Called fire()
Past the end of training data. Read and discard all inputs.
Checking for deadlock:
There are 3 Blocked actors, 0 Stopped actors, and 4 active threads.
Waiting for actors to stop.
Next port to read input from is inputB
Called postfire()
Called prefire()
Called fire()
Checking for deadlock:
There are 2 Blocked actors, 0 Stopped actors, and 4 active threads.
Waiting for actors to stop.
Called postfire()
Called prefire()
Called fire()
Checking for deadlock:
There are 3 Blocked actors, 0 Stopped actors, and 4 active threads.
Waiting for actors to stop.
Read input token from inputB with value 6.0
Checking for deadlock:
There are 2 Blocked actors, 0 Stopped actors, and 4 active threads.
Waiting for actors to stop.
Called prefire()
Called fire()
Past the end of training data. Read and discard all inputs.
Checking for deadlock:
Sent output token with value 5.0
There are 3 Blocked actors, 0 Stopped actors, and 4 active threads.
Waiting for actors to stop.
Next port to read input from is inputA
Called postfire()
Called prefire()
Called fire()
Checking for deadlock:
There are 2 Blocked actors, 0 Stopped actors, and 4 active threads.
Waiting for actors to stop.
Called postfire()
Called prefire()
Called fire()
Checking for deadlock:
Read input token from inputA with value 6.0
There are 3 Blocked actors, 0 Stopped actors, and 4 active threads.
Waiting for actors to stop.
Checking for deadlock:
Called prefire()
Called fire()
There are 2 Blocked actors, 0 Stopped actors, and 4 active threads.
Past the end of training data. Read and discard all inputs.
Waiting for actors to stop.
Checking for deadlock:
There are 3 Blocked actors, 0 Stopped actors, and 4 active threads.
Waiting for actors to stop.
Sent output token with value 6.0
Next port to read input from is inputB
Called postfire()
Called prefire()
Called fire()
Checking for deadlock:
There are 2 Blocked actors, 0 Stopped actors, and 4 active threads.
Waiting for actors to stop.
Called postfire()
Called prefire()
Called fire()
Checking for deadlock:
There are 3 Blocked actors, 0 Stopped actors, and 4 active threads.
Read input token from inputB with value 7.5
Waiting for actors to stop.
Checking for deadlock:
There are 2 Blocked actors, 0 Stopped actors, and 4 active threads.
Waiting for actors to stop.
Sent output token with value 6.0
Called prefire()
Called fire()
Past the end of training data. Read and discard all inputs.
Checking for deadlock:
There are 3 Blocked actors, 0 Stopped actors, and 4 active threads.
Waiting for actors to stop.
Next port to read input from is inputA
Called postfire()
Called prefire()
Called fire()
Checking for deadlock:
There are 2 Blocked actors, 0 Stopped actors, and 4 active threads.
Waiting for actors to stop.
Read input token from inputA with value 7.0
Called postfire()
Called prefire()
Called fire()
Checking for deadlock:
There are 3 Blocked actors, 0 Stopped actors, and 4 active threads.
Waiting for actors to stop.
Checking for deadlock:
Sent output token with value 7.0
There are 2 Blocked actors, 0 Stopped actors, and 4 active threads.
Waiting for actors to stop.
Called prefire()
Called fire()
Past the end of training data. Read and discard all inputs.
Checking for deadlock:
Next port to read input from is inputA
There are 3 Blocked actors, 0 Stopped actors, and 4 active threads.
Waiting for actors to stop.
Called postfire()
Called prefire()
Called fire()
-- Thread wrapup() called.
Called wrapup()
Thread .top.Ramp is exiting.
-- Thread stopped.
Checking for deadlock:
There are 2 Blocked actors, 0 Stopped actors, and 3 active threads.
Waiting for actors to stop.
Read input token from inputA with value 8.0
Checking for deadlock:
There are 1 Blocked actors, 0 Stopped actors, and 3 active threads.
Waiting for actors to stop.
Sent output token with value 7.5
Called prefire()
Called fire()
Past the end of training data. Read and discard all inputs.
Checking for deadlock:
There are 2 Blocked actors, 0 Stopped actors, and 3 active threads.
Waiting for actors to stop.
Next port to read input from is inputB
Called postfire()
Called prefire()
Called fire()
Checking for deadlock:
There are 1 Blocked actors, 0 Stopped actors, and 3 active threads.
Waiting for actors to stop.
Called postfire()
Called prefire()
Called fire()
Checking for deadlock:
There are 2 Blocked actors, 0 Stopped actors, and 3 active threads.
Read input token from inputB with value 9.0
Waiting for actors to stop.
Checking for deadlock:
There are 1 Blocked actors, 0 Stopped actors, and 3 active threads.
Waiting for actors to stop.
Called prefire()
Called fire()
Past the end of training data. Read and discard all inputs.
Checking for deadlock:
Sent output token with value 8.0
There are 2 Blocked actors, 0 Stopped actors, and 3 active threads.
Waiting for actors to stop.
Next port to read input from is inputA
Called postfire()
Called prefire()
Called fire()
Read input token from inputA with value 9.0
Checking for deadlock:
Called prefire()
Called fire()
There are 1 Blocked actors, 0 Stopped actors, and 3 active threads.
Waiting for actors to stop.
Past the end of training data. Read and discard all inputs.
Checking for deadlock:
There are 2 Blocked actors, 0 Stopped actors, and 3 active threads.
Waiting for actors to stop.
Sent output token with value 9.0
Next port to read input from is inputB
Called postfire()
Called prefire()
Called fire()
Checking for deadlock:
There are 1 Blocked actors, 0 Stopped actors, and 3 active threads.
Waiting for actors to stop.
Called postfire()
Called prefire()
Called fire()
Checking for deadlock:
Read input token from inputB with value 10.5
There are 2 Blocked actors, 0 Stopped actors, and 3 active threads.
Waiting for actors to stop.
Checking for deadlock:
There are 1 Blocked actors, 0 Stopped actors, and 3 active threads.
Waiting for actors to stop.
Called prefire()
Called fire()
Past the end of training data. Read and discard all inputs.
Sent output token with value 9.0
Checking for deadlock:
There are 2 Blocked actors, 0 Stopped actors, and 3 active threads.
Waiting for actors to stop.
Next port to read input from is inputA
Called postfire()
Called prefire()
Called fire()
Checking for deadlock:
There are 3 Blocked actors, 0 Stopped actors, and 3 active threads.
Actors have stopped.
Checking for deadlock:
There are 3 Blocked actors, 0 Stopped actors, and 3 active threads.
Deadlock detected.
Resolving Deadlock
Checking for deadlock:
There are 3 Blocked actors, 0 Stopped actors, and 3 active threads.
Artificial Deadlock - increasing queue capacity.
increasing the capacity of receiver ptolemy.actor.TypedIOPort {.top.OrderedMerge.inputB} to 2
-- Thread wrapup() called.
Director: Called postfire().
Called postfire().
Called wrapup()
_stopRequested = false
_stopFireRequested = false
Returning from postfire(): true
Thread .top.Ramp2 is exiting.
-- Thread stopped.
Called fire().
Checking for deadlock:
There are 2 Blocked actors, 0 Stopped actors, and 2 active threads.
Actors have stopped.
Checking for deadlock:
There are 2 Blocked actors, 0 Stopped actors, and 2 active threads.
Deadlock detected.
Resolving Deadlock
Checking for deadlock:
There are 2 Blocked actors, 0 Stopped actors, and 2 active threads.
Deadlock detected: no processes blocked on write, but some are blocked on read.
Called postfire().
_stopRequested = false
_stopFireRequested = false
Returning from postfire(): false
Finished deactivating branches.
Called wrapup().
-- Thread wrapup() called.
Called wrapup()
Thread .top.OrderedMerge is exiting.
-- Thread stopped.
-- Blocked Receiver call threw TerminateProcessException.
-- Thread wrapup() called.
Called wrapup()
Thread .top.Test is exiting.
-- Thread stopped.
-- Blocked Receiver call threw TerminateProcessException.
90 ms. Memory: 145408K Free: 93708K (64%)
.top. Preinitializing ...
Invoking preinitialize():  .top.OrderedMerge
Called preinitialize()
Invoking preinitialize():  .top.Ramp
Called preinitialize()
Invoking preinitialize():  .top.Ramp2
Called preinitialize()
Invoking preinitialize():  .top.Test
Called preinitialize()
.top. Finished preinitialize().
Called initialize().
Invoking initialize():  .top.OrderedMerge
Initializing actor: .top.OrderedMerge
Adding a thread: .top.OrderedMerge
Invoking initialize():  .top.Ramp
Initializing actor: .top.Ramp
Adding a thread: .top.Ramp
Invoking initialize():  .top.Ramp2
Initializing actor: .top.Ramp2
Adding a thread: .top.Ramp2
Invoking initialize():  .top.Test
Initializing actor: .top.Test
Adding a thread: .top.Test
-- Starting thread.
Called initialize()
Called prefire()
Called fire()
-- Starting thread.
Called initialize()
Called prefire()
Called fire()
Called postfire()
Called prefire()
Called fire()
-- Starting thread.
Called initialize()
Called prefire()
Called fire()
Called postfire()
Called prefire()
Called fire()
Called fire().
Checking for deadlock:
There are 3 Blocked actors, 0 Stopped actors, and 4 active threads.
Waiting for actors to stop.
-- Starting thread.
Called initialize()
Called prefire()
Called fire()
Checking for deadlock:
There are 2 Blocked actors, 0 Stopped actors, and 4 active threads.
Waiting for actors to stop.
Read input token from inputA with value 0.0
Next port to read input from is inputB
Called postfire()
Called prefire()
Called fire()
Read input token from inputB with value 0.0
Sent output token with value 0.0
Next port to read input from is inputA
Called postfire()
Called prefire()
Called fire()
Called postfire()
-- Read input: 0.0, which is expected to match: 0.0
Called prefire()
Called fire()
Called prefire()
Called fire()
Checking for deadlock:
There are 2 Blocked actors, 0 Stopped actors, and 4 active threads.
Waiting for actors to stop.
Called postfire()
Checking for deadlock:
Called prefire()
Called fire()
There are 1 Blocked actors, 0 Stopped actors, and 4 active threads.
Waiting for actors to stop.
Read input token from inputA with value 1.0
Sent output token with value 0.0
Next port to read input from is inputB
Called postfire()
Called prefire()
Called fire()
Read input token from inputB with value 1.5
Checking for deadlock:
There are 1 Blocked actors, 0 Stopped actors, and 4 active threads.
Waiting for actors to stop.
Called postfire()
Called postfire()
Called prefire()
Called prefire()
Called fire()
Called fire()
Checking for deadlock:
There are 1 Blocked actors, 0 Stopped actors, and 4 active threads.
Waiting for actors to stop.
-- Read input: 0.0, which is expected to match: 0.0
Sent output token with value 1.0
Called prefire()
Called fire()
Next port to read input from is inputA
Called postfire()
Called prefire()
Called fire()
-- Read input: 1.0, which is expected to match: 1.0
Called prefire()
Called fire()
Read input token from inputA with value 2.0
Called postfire()
Called prefire()
Called fire()
Sent output token with value 1.5
Next port to read input from is inputB
Called postfire()
Called prefire()
Called fire()
-- Read input: 1.5, which is expected to match: 1.5
Read input token from inputB with value 3.0
Called prefire()
Called fire()
Sent output token with value 2.0
Next port to read input from is inputA
Called postfire()
-- Read input: 2.0, which is expected to match: 2.0
Called prefire()
Called fire()
Called prefire()
Called fire()
Checking for deadlock:
There are 1 Blocked actors, 0 Stopped actors, and 4 active threads.
Waiting for actors to stop.
Called postfire()
Called prefire()
Called fire()
Read input token from inputA with value 3.0
Called postfire()
Called prefire()
Called fire()
Sent output token with value 3.0
Next port to read input from is inputB
Called postfire()
Called prefire()
Called fire()
Read input token from inputB with value 4.5
Called postfire()
Called prefire()
Called fire()
Checking for deadlock:
There are 3 Blocked actors, 0 Stopped actors, and 4 active threads.
Waiting for actors to stop.
-- Read input: 3.0, which is expected to match: 3.0
Called prefire()
Called fire()
Sent output token with value 3.0
Next port to read input from is inputA
Called postfire()
Called prefire()
Called fire()
Read input token from inputA with value 4.0
Checking for deadlock:
There are 2 Blocked actors, 0 Stopped actors, and 4 active threads.
Waiting for actors to stop.
Called postfire()
Called prefire()
Called fire()
-- Read input: 3.0, which is expected to match: 3.0
Called prefire()
Called fire()
Checking for deadlock:
There are 3 Blocked actors, 0 Stopped actors, and 4 active threads.
Waiting for actors to stop.
Sent output token with value 4.0
Next port to read input from is inputA
Called postfire()
Called prefire()
Called fire()
Read input token from inputA with value 5.0
Checking for deadlock:
There are 2 Blocked actors, 0 Stopped actors, and 4 active threads.
Waiting for actors to stop.
Called postfire()
Called prefire()
Called fire()
Checking for deadlock:
There are 2 Blocked actors, 0 Stopped actors, and 4 active threads.
Waiting for actors to stop.
-- Read input: 4.0, which is expected to match: 4.0
Called prefire()
Called fire()
Past the end of training data. Read and discard all inputs.
Sent output token with value 4.5
Called prefire()
Called fire()
Past the end of training data. Read and discard all inputs.
Next port to read input from is inputB
Called postfire()
Called prefire()
Called fire()
Read input token from inputB with value 6.0
Sent output token with value 5.0
Next port to read input from is inputA
Called postfire()
Called prefire()
Called fire()
Read input token from inputA with value 6.0
Called postfire()
Called prefire()
Called fire()
Checking for deadlock:
There are 2 Blocked actors, 0 Stopped actors, and 4 active threads.
Waiting for actors to stop.
Called postfire()
Called prefire()
Called fire()
Called prefire()
Called fire()
Past the end of training data. Read and discard all inputs.
Called prefire()
Sent output token with value 6.0
Called fire()
Past the end of training data. Read and discard all inputs.
Next port to read input from is inputB
Called postfire()
Called prefire()
Called fire()
Read input token from inputB with value 7.5
Sent output token with value 6.0
Next port to read input from is inputA
Called postfire()
Called prefire()
Called fire()
Read input token from inputA with value 7.0
Checking for deadlock:
There are 1 Blocked actors, 0 Stopped actors, and 4 active threads.
Waiting for actors to stop.
Called postfire()
Called prefire()
Called fire()
Called prefire()
Past the end of training data. Read and discard all inputs.
Called fire()
Checking for deadlock:
There are 1 Blocked actors, 0 Stopped actors, and 4 active threads.
Waiting for actors to stop.
Called postfire()
Called prefire()
Called fire()
Sent output token with value 7.0
Next port to read input from is inputA
Called postfire()
Called prefire()
Called fire()
Read input token from inputA with value 8.0
Called prefire()
Called fire()
Past the end of training data. Read and discard all inputs.
Sent output token with value 7.5
Next port to read input from is inputB
Called postfire()
Called prefire()
Called fire()
Called prefire()
Called fire()
Past the end of training data. Read and discard all inputs.
Read input token from inputB with value 9.0
Sent output token with value 8.0
Next port to read input from is inputA
Called postfire()
Called prefire()
Called fire()
Called postfire()
Called prefire()
Called prefire()
Called fire()
Called fire()
Checking for deadlock:
Past the end of training data. Read and discard all inputs.
There are 1 Blocked actors, 0 Stopped actors, and 4 active threads.
Waiting for actors to stop.
-- Thread wrapup() called.
Called wrapup()
Thread .top.Ramp is exiting.
-- Thread stopped.
Read input token from inputA with value 9.0
Sent output token with value 9.0
Next port to read input from is inputB
Called postfire()
Called prefire()
Called fire()
Read input token from inputB with value 10.5
Checking for deadlock:
There are 1 Blocked actors, 0 Stopped actors, and 3 active threads.
Waiting for actors to stop.
Called postfire()
Called prefire()
Called fire()
Called prefire()
Past the end of training data. Read and discard all inputs.
Called fire()
Called prefire()
Called fire()
Past the end of training data. Read and discard all inputs.
Sent output token with value 9.0
Next port to read input from is inputA
Called postfire()
Called prefire()
Called fire()
Checking for deadlock:
There are 3 Blocked actors, 0 Stopped actors, and 3 active threads.
Actors have stopped.
Checking for deadlock:
There are 3 Blocked actors, 0 Stopped actors, and 3 active threads.
Deadlock detected.
Resolving Deadlock
Checking for deadlock:
There are 3 Blocked actors, 0 Stopped actors, and 3 active threads.
Artificial Deadlock - increasing queue capacity.
increasing the capacity of receiver ptolemy.actor.TypedIOPort {.top.OrderedMerge.inputB} to 2
Director: Called postfire().
Called postfire().
_stopRequested = false
_stopFireRequested = false
Returning from postfire(): true
Called fire().
Checking for deadlock:
There are 2 Blocked actors, 0 Stopped actors, and 3 active threads.
Waiting for actors to stop.
-- Thread wrapup() called.
Called wrapup()
Thread .top.Ramp2 is exiting.
-- Thread stopped.
Checking for deadlock:
There are 2 Blocked actors, 0 Stopped actors, and 2 active threads.
Actors have stopped.
Checking for deadlock:
There are 2 Blocked actors, 0 Stopped actors, and 2 active threads.
Deadlock detected.
Resolving Deadlock
Checking for deadlock:
There are 2 Blocked actors, 0 Stopped actors, and 2 active threads.
Deadlock detected: no processes blocked on write, but some are blocked on read.
Called postfire().
_stopRequested = false
_stopFireRequested = false
Returning from postfire(): false
Finished deactivating branches.
Called wrapup().
-- Thread wrapup() called.
Called wrapup()
-- Thread wrapup() called.
Called wrapup()
Thread .top.OrderedMerge is exiting.
-- Thread stopped.
-- Blocked Receiver call threw TerminateProcessException.
Thread .top.Test is exiting.
-- Thread stopped.
-- Blocked Receiver call threw TerminateProcessException.
65 ms. Memory: 145408K Free: 91660K (63%)
/home/travis/build/icyphy/ptII/ptolemy/actor/lib/test/Publisher.tcl
11 ms. Memory: 145408K Free: 85516K (59%)
8 ms. Memory: 145408K Free: 80396K (55%)
2 ms. Memory: 145408K Free: 76796K (53%)
3 ms. Memory: 145408K Free: 75786K (52%)
2 ms. Memory: 145408K Free: 74762K (51%)
3 ms. Memory: 145408K Free: 74252K (51%)
3 ms. Memory: 145408K Free: 73228K (50%)
2 ms. Memory: 145408K Free: 72204K (50%)
19 ms. Memory: 175104K Free: 150226K (86%)
6 ms. Memory: 175104K Free: 146644K (84%)
2 ms. Memory: 175104K Free: 145620K (83%)
8 ms. Memory: 175104K Free: 143572K (82%)
14 ms. Memory: 175104K Free: 135890K (78%)
16 ms. Memory: 175104K Free: 126674K (72%)
16 ms. Memory: 175104K Free: 115410K (66%)
/home/travis/build/icyphy/ptII/ptolemy/actor/lib/test/Pulse.tcl
6 ms. Memory: 175104K Free: 156715K (89%)
11 ms. Memory: 175104K Free: 156187K (89%)
1 ms. Memory: 175104K Free: 155691K (89%)
2 ms. Memory: 175104K Free: 155163K (89%)
2 ms. Memory: 175104K Free: 154667K (88%)
12 ms. Memory: 175104K Free: 153643K (88%)
3 ms. Memory: 175104K Free: 152619K (87%)
2 ms. Memory: 175104K Free: 151595K (87%)
1 ms. Memory: 175104K Free: 151067K (86%)
/home/travis/build/icyphy/ptII/ptolemy/actor/lib/test/Ramp.tcl
3 ms. Memory: 175104K Free: 149003K (85%)
2 ms. Memory: 175104K Free: 148523K (85%)
2 ms. Memory: 175104K Free: 147499K (84%)
1 ms. Memory: 175104K Free: 146971K (84%)
4 ms. Memory: 175104K Free: 145931K (83%)
5 ms. Memory: 175104K Free: 144937K (83%)
5 ms. Memory: 175104K Free: 144427K (82%)
5 actors
5000 microseconds per iteration to create
5 ms. Memory: 175104K Free: 141355K (81%)
2 ms. Memory: 175104K Free: 140841K (80%)
7 ms. Memory: 175104K Free: 140331K (80%)
2 ms. Memory: 175104K Free: 139803K (80%)
50 actors
54000 microseconds per iteration to create
42 ms. Memory: 175104K Free: 123947K (71%)
19 ms. Memory: 175104K Free: 122923K (70%)
9 ms. Memory: 175104K Free: 121899K (70%)
10 ms. Memory: 175104K Free: 120875K (69%)
500 actors
1680000 microseconds per iteration to create
260 ms. Memory: 175104K Free: 153571K (88%)
35 ms. Memory: 175104K Free: 148451K (85%)
34 ms. Memory: 175104K Free: 142821K (82%)
34 ms. Memory: 175104K Free: 137701K (79%)
/home/travis/build/icyphy/ptII/ptolemy/actor/lib/test/RampContinuous.tcl
7 ms. Memory: 175104K Free: 136163K (78%)
/home/travis/build/icyphy/ptII/ptolemy/actor/lib/test/RecordAssembler.tcl
4 ms. Memory: 175104K Free: 134629K (77%)
3 ms. Memory: 175104K Free: 133605K (76%)
/home/travis/build/icyphy/ptII/ptolemy/actor/lib/test/RecordDisassembler.tcl
6 ms. Memory: 175104K Free: 132053K (75%)
2 ms. Memory: 175104K Free: 131029K (75%)
3 ms. Memory: 175104K Free: 130005K (74%)
/home/travis/build/icyphy/ptII/ptolemy/actor/lib/test/Scale.tcl
3 ms. Memory: 175104K Free: 128485K (73%)
2 ms. Memory: 175104K Free: 127461K (73%)
1 ms. Memory: 175104K Free: 126933K (72%)
2 ms. Memory: 175104K Free: 125909K (72%)
2 ms. Memory: 175104K Free: 124869K (71%)
/home/travis/build/icyphy/ptII/ptolemy/actor/lib/test/SequentialClock.tcl
preinitializing
resolving types
initializing
executing number 1
wrapping up
idle
3 ms. Memory: 175104K Free: 123861K (71%)
Completed execution with 5 iterations
preinitializing
resolving types
initializing
executing number 1
wrapping up
idle
1 ms. Memory: 175104K Free: 123365K (70%)
Completed execution with 5 iterations
preinitializing
resolving types
initializing
executing number 1
wrapping up
idle
1 ms. Memory: 175104K Free: 122851K (70%)
Completed execution with 5 iterations
/home/travis/build/icyphy/ptII/ptolemy/actor/lib/test/SetVariable.tcl
4 ms. Memory: 175104K Free: 120789K (69%)


==== $PTII/ptolemy/actor/lib/test/SetVariable.tcl: SetVariable-3.1 changeFailed
==== Contents of test case:

    #Uses 2.1 above
    jdkCaptureErr {
        # This test was failing if we ran Exit.tcl and then this test.
        # MessageHandler.error() now actually throws the Exception.
	catch {$setVariable changeFailed [java::null]  [java::new Exception {Test exception for SetVariable.changeFailed()}]} errMsg
    } results
    list [string range $results 0 89] "\n" $errMsg

==== Result was:
{java.lang.Exception: Test exception for SetVariable.changeFailed()
	at java.base/jdk.inter} {
} {java.lang.RuntimeException: java.lang.Exception: Test exception for SetVariable.changeFailed()}
---- Result should have been:
{Failed to set variable.
java.lang.Exception: Test exception for SetVariable.changeFailed()} {
} {java.lang.RuntimeException: java.lang.Exception: Test exception for SetVariable.changeFailed()}
---- SetVariable-3.1 FAILED
/home/travis/build/icyphy/ptII/ptolemy/actor/lib/test/Sinewave.tcl
/home/travis/build/icyphy/ptII/ptolemy/actor/lib/test/SubscriptionAggregator.tcl
4 ms. Memory: 175104K Free: 109029K (62%)
2 ms. Memory: 175104K Free: 108501K (62%)
0 ms. Memory: 175104K Free: 108005K (62%)
1 ms. Memory: 175104K Free: 107491K (61%)
2 ms. Memory: 175104K Free: 103909K (59%)
9 ms. Memory: 175104K Free: 101861K (58%)
...............................................................1163 ms. Memory: 315392K Free: 255998K (81%)
/home/travis/build/icyphy/ptII/ptolemy/actor/lib/test/Test.tcl
 The next command will produce a warning about training mode,
   which may be ignored.
5 ms. Memory: 315392K Free: 253952K (81%)
5 ms. Memory: 315392K Free: 253423K (80%)
1 ms. Memory: 315392K Free: 252928K (80%)
1 ms. Memory: 315392K Free: 252383K (80%)
3 ms. Memory: 315392K Free: 251390K (80%)
4 ms. Memory: 315392K Free: 250359K (79%)
3 ms. Memory: 315392K Free: 248832K (79%)
 The next command will produce a warning about training mode,
   which may be ignored.
11 ms. Memory: 315392K Free: 246784K (78%)
 The next command will produce a warning about training mode,
   which may be ignored.
3 ms. Memory: 315392K Free: 245231K (78%)
4 ms. Memory: 315392K Free: 245231K (78%)
1 ms. Memory: 315392K Free: 244736K (78%)
4 ms. Memory: 315392K Free: 244215K (77%)
7 ms. Memory: 315392K Free: 243183K (77%)
6 ms. Memory: 315392K Free: 239102K (76%)
/home/travis/build/icyphy/ptII/ptolemy/actor/lib/test/TestExceptionHandler.tcl
 The next command will produce a warning about training mode,
   which may be ignored.
3 ms. Memory: 315392K Free: 238063K (75%)
1 ms. Memory: 315392K Free: 237568K (75%)
1 ms. Memory: 315392K Free: 237054K (75%)
/home/travis/build/icyphy/ptII/ptolemy/actor/lib/test/UnionDisassembler.tcl
29 ms. Memory: 315392K Free: 229376K (73%)
/home/travis/build/icyphy/ptII/ptolemy/actor/lib/test/VariableClock.tcl
preinitializing
resolving types
initializing
executing number 1
wrapping up
idle
11 ms. Memory: 315392K Free: 227823K (72%)
Completed execution with 11 iterations
preinitializing
resolving types
initializing
executing number 1
wrapping up
idle
10 ms. Memory: 315392K Free: 226304K (72%)
Completed execution with 10 iterations
12/04/19 06:18:49
Failed: 1  Total Tests: 234  ((Passed: 233, Newly Passed: 0)  Known Failed: 0) /home/travis/build/icyphy/ptII/ptolemy/actor/lib/test
----------------- testing (KnownFailure) /home/travis/build/icyphy/ptII/ptolemy/actor/lib/test/auto/knownFailedTests/PublisherPortToplevelSubscriber.xml
0 ms. Memory: 315392K Free: 222718K (71%)
Known Failure: java.lang.reflect.InvocationTargetException
----------------- testing (KnownFailure) /home/travis/build/icyphy/ptII/ptolemy/actor/lib/test/auto/knownFailedTests/PublisherSubscriberPortToplevel.xml
1 ms. Memory: 315392K Free: 218622K (69%)
Known Failure: java.lang.reflect.InvocationTargetException
----------------- testing (KnownFailure) /home/travis/build/icyphy/ptII/ptolemy/actor/lib/test/auto/knownFailedTests/PublisherSubscriptionAggregatorPort.xml
0 ms. Memory: 315392K Free: 214016K (68%)
Known Failure: java.lang.reflect.InvocationTargetException
----------------- testing (KnownFailure) /home/travis/build/icyphy/ptII/ptolemy/actor/lib/test/auto/knownFailedTests/sizedarray3.xml
7 ms. Memory: 315392K Free: 209920K (67%)
Known Failure: java.lang.reflect.InvocationTargetException
No auto/linux-amd64/*.xml tests in /home/travis/build/icyphy/ptII/ptolemy/actor/lib/test
AutoTests.java: About to close Vertx.
AutoTests.java: Vertx closed.

===========================================================================================
----------------- testing Wed Dec 04 06:18:50 UTC 2019 /home/travis/build/icyphy/ptII/ptolemy/actor/lib/test/auto/AbsoluteValue.xml
----------------- Instantiating /home/travis/build/icyphy/ptII/ptolemy/actor/lib/test/auto/AbsoluteValue.xml
4 ms. Memory: 315392K Free: 247806K (79%)
----------------- Invoking toplevel() on ptolemy.moml.MoMLSimpleApplication@4068d736
----------------- Done invoking toplevel() on ptolemy.moml.MoMLSimpleApplication@4068d736
reloadAllAccessors: .AbsoluteValue

===========================================================================================
----------------- testing Wed Dec 04 06:18:50 UTC 2019 /home/travis/build/icyphy/ptII/ptolemy/actor/lib/test/auto/AbsoluteValue2.xml
----------------- Instantiating /home/travis/build/icyphy/ptII/ptolemy/actor/lib/test/auto/AbsoluteValue2.xml
5 ms. Memory: 315392K Free: 241152K (76%)
----------------- Invoking toplevel() on ptolemy.moml.MoMLSimpleApplication@32faaf
----------------- Done invoking toplevel() on ptolemy.moml.MoMLSimpleApplication@32faaf
reloadAllAccessors: .AbsoluteValue2

===========================================================================================
----------------- testing Wed Dec 04 06:18:50 UTC 2019 /home/travis/build/icyphy/ptII/ptolemy/actor/lib/test/auto/Accumulator.xml
----------------- Instantiating /home/travis/build/icyphy/ptII/ptolemy/actor/lib/test/auto/Accumulator.xml
6 ms. Memory: 315392K Free: 234494K (74%)
----------------- Invoking toplevel() on ptolemy.moml.MoMLSimpleApplication@7e0448f9
----------------- Done invoking toplevel() on ptolemy.moml.MoMLSimpleApplication@7e0448f9
reloadAllAccessors: .Accumulator

===========================================================================================
----------------- testing Wed Dec 04 06:18:50 UTC 2019 /home/travis/build/icyphy/ptII/ptolemy/actor/lib/test/auto/Accumulator2.xml
----------------- Instantiating /home/travis/build/icyphy/ptII/ptolemy/actor/lib/test/auto/Accumulator2.xml
3 ms. Memory: 315392K Free: 229374K (73%)
----------------- Invoking toplevel() on ptolemy.moml.MoMLSimpleApplication@6a99888d
----------------- Done invoking toplevel() on ptolemy.moml.MoMLSimpleApplication@6a99888d
reloadAllAccessors: .Accumulator2

===========================================================================================
----------------- testing Wed Dec 04 06:18:50 UTC 2019 /home/travis/build/icyphy/ptII/ptolemy/actor/lib/test/auto/Accumulator3.xml
----------------- Instantiating /home/travis/build/icyphy/ptII/ptolemy/actor/lib/test/auto/Accumulator3.xml
2 ms. Memory: 315392K Free: 225278K (71%)
----------------- Invoking toplevel() on ptolemy.moml.MoMLSimpleApplication@2c0cd841
----------------- Done invoking toplevel() on ptolemy.moml.MoMLSimpleApplication@2c0cd841
reloadAllAccessors: .Accumulator3

===========================================================================================
----------------- testing Wed Dec 04 06:18:50 UTC 2019 /home/travis/build/icyphy/ptII/ptolemy/actor/lib/test/auto/ArrayAppend.xml
----------------- Instantiating /home/travis/build/icyphy/ptII/ptolemy/actor/lib/test/auto/ArrayAppend.xml
4 ms. Memory: 315392K Free: 219103K (69%)
----------------- Invoking toplevel() on ptolemy.moml.MoMLSimpleApplication@22bb8d25
----------------- Done invoking toplevel() on ptolemy.moml.MoMLSimpleApplication@22bb8d25
reloadAllAccessors: .ArrayAppend

===========================================================================================
----------------- testing Wed Dec 04 06:18:50 UTC 2019 /home/travis/build/icyphy/ptII/ptolemy/actor/lib/test/auto/ArrayAppend2.xml
----------------- Instantiating /home/travis/build/icyphy/ptII/ptolemy/actor/lib/test/auto/ArrayAppend2.xml
315 ms. Memory: 315392K Free: 145406K (46%)
----------------- Invoking toplevel() on ptolemy.moml.MoMLSimpleApplication@44f911c1
----------------- Done invoking toplevel() on ptolemy.moml.MoMLSimpleApplication@44f911c1
reloadAllAccessors: .ArrayAppend2

===========================================================================================
----------------- testing Wed Dec 04 06:18:51 UTC 2019 /home/travis/build/icyphy/ptII/ptolemy/actor/lib/test/auto/ArrayAppend3.xml
----------------- Instantiating /home/travis/build/icyphy/ptII/ptolemy/actor/lib/test/auto/ArrayAppend3.xml
17 ms. Memory: 315392K Free: 140286K (44%)
----------------- Invoking toplevel() on ptolemy.moml.MoMLSimpleApplication@280bba2d
----------------- Done invoking toplevel() on ptolemy.moml.MoMLSimpleApplication@280bba2d
reloadAllAccessors: .ArrayAppend3

===========================================================================================
----------------- testing Wed Dec 04 06:18:51 UTC 2019 /home/travis/build/icyphy/ptII/ptolemy/actor/lib/test/auto/ArrayAppend4.xml
----------------- Instantiating /home/travis/build/icyphy/ptII/ptolemy/actor/lib/test/auto/ArrayAppend4.xml
7 ms. Memory: 315392K Free: 135166K (43%)
----------------- Invoking toplevel() on ptolemy.moml.MoMLSimpleApplication@4412bd74
----------------- Done invoking toplevel() on ptolemy.moml.MoMLSimpleApplication@4412bd74
reloadAllAccessors: .ArrayAppend4

===========================================================================================
----------------- testing Wed Dec 04 06:18:51 UTC 2019 /home/travis/build/icyphy/ptII/ptolemy/actor/lib/test/auto/ArrayAppend5.xml
----------------- Instantiating /home/travis/build/icyphy/ptII/ptolemy/actor/lib/test/auto/ArrayAppend5.xml
3 ms. Memory: 315392K Free: 130046K (41%)
----------------- Invoking toplevel() on ptolemy.moml.MoMLSimpleApplication@4b59dc2c
----------------- Done invoking toplevel() on ptolemy.moml.MoMLSimpleApplication@4b59dc2c
reloadAllAccessors: .ArrayAppend5

===========================================================================================
----------------- testing Wed Dec 04 06:18:51 UTC 2019 /home/travis/build/icyphy/ptII/ptolemy/actor/lib/test/auto/ArrayAppend6.xml
----------------- Instantiating /home/travis/build/icyphy/ptII/ptolemy/actor/lib/test/auto/ArrayAppend6.xml
5 ms. Memory: 315392K Free: 124926K (40%)
----------------- Invoking toplevel() on ptolemy.moml.MoMLSimpleApplication@2e12505
----------------- Done invoking toplevel() on ptolemy.moml.MoMLSimpleApplication@2e12505
reloadAllAccessors: .ArrayAppend6

===========================================================================================
----------------- testing Wed Dec 04 06:18:51 UTC 2019 /home/travis/build/icyphy/ptII/ptolemy/actor/lib/test/auto/ArrayAppendPerformanceTest.xml
----------------- Instantiating /home/travis/build/icyphy/ptII/ptolemy/actor/lib/test/auto/ArrayAppendPerformanceTest.xml
34 ms. Memory: 315392K Free: 114686K (36%)
----------------- Invoking toplevel() on ptolemy.moml.MoMLSimpleApplication@616c8bb8
----------------- Done invoking toplevel() on ptolemy.moml.MoMLSimpleApplication@616c8bb8
reloadAllAccessors: .ArrayAppendPerformanceTest

===========================================================================================
----------------- testing Wed Dec 04 06:18:51 UTC 2019 /home/travis/build/icyphy/ptII/ptolemy/actor/lib/test/auto/ArrayAppendWithEmptyInput.xml
----------------- Instantiating /home/travis/build/icyphy/ptII/ptolemy/actor/lib/test/auto/ArrayAppendWithEmptyInput.xml
11 ms. Memory: 315392K Free: 106494K (34%)
----------------- Invoking toplevel() on ptolemy.moml.MoMLSimpleApplication@299bddab
----------------- Done invoking toplevel() on ptolemy.moml.MoMLSimpleApplication@299bddab
reloadAllAccessors: .ArrayAppendWithEmptyInput

===========================================================================================
----------------- testing Wed Dec 04 06:18:51 UTC 2019 /home/travis/build/icyphy/ptII/ptolemy/actor/lib/test/auto/ArrayAverage.xml
----------------- Instantiating /home/travis/build/icyphy/ptII/ptolemy/actor/lib/test/auto/ArrayAverage.xml
5 ms. Memory: 315392K Free: 98816K (31%)
----------------- Invoking toplevel() on ptolemy.moml.MoMLSimpleApplication@66c2e553
----------------- Done invoking toplevel() on ptolemy.moml.MoMLSimpleApplication@66c2e553
reloadAllAccessors: .ArrayAverage

===========================================================================================
----------------- testing Wed Dec 04 06:18:51 UTC 2019 /home/travis/build/icyphy/ptII/ptolemy/actor/lib/test/auto/ArrayContains.xml
----------------- Instantiating /home/travis/build/icyphy/ptII/ptolemy/actor/lib/test/auto/ArrayContains.xml
2 ms. Memory: 315392K Free: 92672K (29%)
----------------- Invoking toplevel() on ptolemy.moml.MoMLSimpleApplication@176c112c
----------------- Done invoking toplevel() on ptolemy.moml.MoMLSimpleApplication@176c112c
reloadAllAccessors: .ArrayContains

===========================================================================================
----------------- testing Wed Dec 04 06:18:51 UTC 2019 /home/travis/build/icyphy/ptII/ptolemy/actor/lib/test/auto/ArrayElement.xml
----------------- Instantiating /home/travis/build/icyphy/ptII/ptolemy/actor/lib/test/auto/ArrayElement.xml
4 ms. Memory: 315392K Free: 87038K (28%)
----------------- Invoking toplevel() on ptolemy.moml.MoMLSimpleApplication@67143188
----------------- Done invoking toplevel() on ptolemy.moml.MoMLSimpleApplication@67143188
reloadAllAccessors: .ArrayElement

===========================================================================================
----------------- testing Wed Dec 04 06:18:51 UTC 2019 /home/travis/build/icyphy/ptII/ptolemy/actor/lib/test/auto/ArrayElementAsMatrix.xml
----------------- Instantiating /home/travis/build/icyphy/ptII/ptolemy/actor/lib/test/auto/ArrayElementAsMatrix.xml
21 ms. Memory: 315392K Free: 261145K (83%)
----------------- Invoking toplevel() on ptolemy.moml.MoMLSimpleApplication@12dfb016
----------------- Done invoking toplevel() on ptolemy.moml.MoMLSimpleApplication@12dfb016
reloadAllAccessors: .ArrayElementAsMatrix

===========================================================================================
----------------- testing Wed Dec 04 06:18:51 UTC 2019 /home/travis/build/icyphy/ptII/ptolemy/actor/lib/test/auto/ArrayElementI.xml
----------------- Instantiating /home/travis/build/icyphy/ptII/ptolemy/actor/lib/test/auto/ArrayElementI.xml
3 ms. Memory: 315392K Free: 256011K (81%)
----------------- Invoking toplevel() on ptolemy.moml.MoMLSimpleApplication@101a0073
----------------- Done invoking toplevel() on ptolemy.moml.MoMLSimpleApplication@101a0073
reloadAllAccessors: .ArrayElementI

===========================================================================================
----------------- testing Wed Dec 04 06:18:51 UTC 2019 /home/travis/build/icyphy/ptII/ptolemy/actor/lib/test/auto/ArrayExtract.xml
----------------- Instantiating /home/travis/build/icyphy/ptII/ptolemy/actor/lib/test/auto/ArrayExtract.xml
5 ms. Memory: 315392K Free: 247833K (79%)
----------------- Invoking toplevel() on ptolemy.moml.MoMLSimpleApplication@30723ecf
----------------- Done invoking toplevel() on ptolemy.moml.MoMLSimpleApplication@30723ecf
reloadAllAccessors: .ArrayExtract

===========================================================================================
----------------- testing Wed Dec 04 06:18:51 UTC 2019 /home/travis/build/icyphy/ptII/ptolemy/actor/lib/test/auto/ArrayExtract2.xml
----------------- Instantiating /home/travis/build/icyphy/ptII/ptolemy/actor/lib/test/auto/ArrayExtract2.xml
2 ms. Memory: 315392K Free: 242203K (77%)
----------------- Invoking toplevel() on ptolemy.moml.MoMLSimpleApplication@2607e24b
----------------- Done invoking toplevel() on ptolemy.moml.MoMLSimpleApplication@2607e24b
reloadAllAccessors: .ArrayExtract2

===========================================================================================
----------------- testing Wed Dec 04 06:18:51 UTC 2019 /home/travis/build/icyphy/ptII/ptolemy/actor/lib/test/auto/ArrayLength.xml
----------------- Instantiating /home/travis/build/icyphy/ptII/ptolemy/actor/lib/test/auto/ArrayLength.xml
2 ms. Memory: 315392K Free: 238617K (76%)
----------------- Invoking toplevel() on ptolemy.moml.MoMLSimpleApplication@bc40d8c
----------------- Done invoking toplevel() on ptolemy.moml.MoMLSimpleApplication@bc40d8c
reloadAllAccessors: .ArrayLength

===========================================================================================
----------------- testing Wed Dec 04 06:18:51 UTC 2019 /home/travis/build/icyphy/ptII/ptolemy/actor/lib/test/auto/ArrayLevelCrossing.xml
----------------- Instantiating /home/travis/build/icyphy/ptII/ptolemy/actor/lib/test/auto/ArrayLevelCrossing.xml
3 ms. Memory: 315392K Free: 230425K (73%)
----------------- Invoking toplevel() on ptolemy.moml.MoMLSimpleApplication@53424301
----------------- Done invoking toplevel() on ptolemy.moml.MoMLSimpleApplication@53424301
reloadAllAccessors: .ArrayLevelCrossing

===========================================================================================
----------------- testing Wed Dec 04 06:18:51 UTC 2019 /home/travis/build/icyphy/ptII/ptolemy/actor/lib/test/auto/ArrayLevelCrossing2.xml
----------------- Instantiating /home/travis/build/icyphy/ptII/ptolemy/actor/lib/test/auto/ArrayLevelCrossing2.xml
3 ms. Memory: 315392K Free: 223771K (71%)
----------------- Invoking toplevel() on ptolemy.moml.MoMLSimpleApplication@444deae4
----------------- Done invoking toplevel() on ptolemy.moml.MoMLSimpleApplication@444deae4
reloadAllAccessors: .ArrayLevelCrossing2

===========================================================================================
----------------- testing Wed Dec 04 06:18:51 UTC 2019 /home/travis/build/icyphy/ptII/ptolemy/actor/lib/test/auto/ArrayPeakSearch.xml
----------------- Instantiating /home/travis/build/icyphy/ptII/ptolemy/actor/lib/test/auto/ArrayPeakSearch.xml
4 ms. Memory: 315392K Free: 214555K (68%)
----------------- Invoking toplevel() on ptolemy.moml.MoMLSimpleApplication@7d1ce8c
----------------- Done invoking toplevel() on ptolemy.moml.MoMLSimpleApplication@7d1ce8c
reloadAllAccessors: .ArrayPeakSearch

===========================================================================================
----------------- testing Wed Dec 04 06:18:51 UTC 2019 /home/travis/build/icyphy/ptII/ptolemy/actor/lib/test/auto/ArrayPeakSearch2.xml
----------------- Instantiating /home/travis/build/icyphy/ptII/ptolemy/actor/lib/test/auto/ArrayPeakSearch2.xml
5 ms. Memory: 315392K Free: 204315K (65%)
----------------- Invoking toplevel() on ptolemy.moml.MoMLSimpleApplication@2d9c6558
----------------- Done invoking toplevel() on ptolemy.moml.MoMLSimpleApplication@2d9c6558
reloadAllAccessors: .ArrayPeakSearch2

===========================================================================================
----------------- testing Wed Dec 04 06:18:51 UTC 2019 /home/travis/build/icyphy/ptII/ptolemy/actor/lib/test/auto/ArrayPeakSearch3.xml
----------------- Instantiating /home/travis/build/icyphy/ptII/ptolemy/actor/lib/test/auto/ArrayPeakSearch3.xml
4 ms. Memory: 315392K Free: 195099K (62%)
----------------- Invoking toplevel() on ptolemy.moml.MoMLSimpleApplication@9836d3c
----------------- Done invoking toplevel() on ptolemy.moml.MoMLSimpleApplication@9836d3c
reloadAllAccessors: .ArrayPeakSearch3

===========================================================================================
----------------- testing Wed Dec 04 06:18:51 UTC 2019 /home/travis/build/icyphy/ptII/ptolemy/actor/lib/test/auto/ArrayRemoveElement.xml
----------------- Instantiating /home/travis/build/icyphy/ptII/ptolemy/actor/lib/test/auto/ArrayRemoveElement.xml
4 ms. Memory: 315392K Free: 187417K (59%)
----------------- Invoking toplevel() on ptolemy.moml.MoMLSimpleApplication@395d3d0d
----------------- Done invoking toplevel() on ptolemy.moml.MoMLSimpleApplication@395d3d0d
reloadAllAccessors: .ArrayRemoveElement

===========================================================================================
----------------- testing Wed Dec 04 06:18:51 UTC 2019 /home/travis/build/icyphy/ptII/ptolemy/actor/lib/test/auto/ArraySort.xml
----------------- Instantiating /home/travis/build/icyphy/ptII/ptolemy/actor/lib/test/auto/ArraySort.xml
8 ms. Memory: 315392K Free: 178201K (57%)
----------------- Invoking toplevel() on ptolemy.moml.MoMLSimpleApplication@3b94ed65
----------------- Done invoking toplevel() on ptolemy.moml.MoMLSimpleApplication@3b94ed65
reloadAllAccessors: .ArraySort

===========================================================================================
----------------- testing Wed Dec 04 06:18:51 UTC 2019 /home/travis/build/icyphy/ptII/ptolemy/actor/lib/test/auto/ArraySum.xml
----------------- Instantiating /home/travis/build/icyphy/ptII/ptolemy/actor/lib/test/auto/ArraySum.xml
6 ms. Memory: 315392K Free: 173081K (55%)
----------------- Invoking toplevel() on ptolemy.moml.MoMLSimpleApplication@2c5a0a82
----------------- Done invoking toplevel() on ptolemy.moml.MoMLSimpleApplication@2c5a0a82
reloadAllAccessors: .ArraySum

===========================================================================================
----------------- testing Wed Dec 04 06:18:51 UTC 2019 /home/travis/build/icyphy/ptII/ptolemy/actor/lib/test/auto/ArrayToElements.xml
----------------- Instantiating /home/travis/build/icyphy/ptII/ptolemy/actor/lib/test/auto/ArrayToElements.xml
9 ms. Memory: 315392K Free: 167451K (53%)
----------------- Invoking toplevel() on ptolemy.moml.MoMLSimpleApplication@3b95bdee
----------------- Done invoking toplevel() on ptolemy.moml.MoMLSimpleApplication@3b95bdee
reloadAllAccessors: .ArrayToElements

===========================================================================================
----------------- testing Wed Dec 04 06:18:51 UTC 2019 /home/travis/build/icyphy/ptII/ptolemy/actor/lib/test/auto/ArrayToMatrix.xml
----------------- Instantiating /home/travis/build/icyphy/ptII/ptolemy/actor/lib/test/auto/ArrayToMatrix.xml
7 ms. Memory: 315392K Free: 153625K (49%)
----------------- Invoking toplevel() on ptolemy.moml.MoMLSimpleApplication@14d58e6
----------------- Done invoking toplevel() on ptolemy.moml.MoMLSimpleApplication@14d58e6
reloadAllAccessors: .ArrayToMatrix

===========================================================================================
----------------- testing Wed Dec 04 06:18:52 UTC 2019 /home/travis/build/icyphy/ptII/ptolemy/actor/lib/test/auto/ArrayUpdate1.xml
----------------- Instantiating /home/travis/build/icyphy/ptII/ptolemy/actor/lib/test/auto/ArrayUpdate1.xml
2 ms. Memory: 315392K Free: 148505K (47%)
----------------- Invoking toplevel() on ptolemy.moml.MoMLSimpleApplication@7c6fcb5b
----------------- Done invoking toplevel() on ptolemy.moml.MoMLSimpleApplication@7c6fcb5b
reloadAllAccessors: .ArrayUpdate1

===========================================================================================
----------------- testing Wed Dec 04 06:18:52 UTC 2019 /home/travis/build/icyphy/ptII/ptolemy/actor/lib/test/auto/ArrayUpdate2.xml
----------------- Instantiating /home/travis/build/icyphy/ptII/ptolemy/actor/lib/test/auto/ArrayUpdate2.xml
2 ms. Memory: 315392K Free: 142361K (45%)
----------------- Invoking toplevel() on ptolemy.moml.MoMLSimpleApplication@585445a2
----------------- Done invoking toplevel() on ptolemy.moml.MoMLSimpleApplication@585445a2
reloadAllAccessors: .ArrayUpdate2

===========================================================================================
----------------- testing Wed Dec 04 06:18:52 UTC 2019 /home/travis/build/icyphy/ptII/ptolemy/actor/lib/test/auto/ArrayUpdate3.xml
----------------- Instantiating /home/travis/build/icyphy/ptII/ptolemy/actor/lib/test/auto/ArrayUpdate3.xml
4 ms. Memory: 315392K Free: 137241K (44%)
----------------- Invoking toplevel() on ptolemy.moml.MoMLSimpleApplication@6e9b50d6
----------------- Done invoking toplevel() on ptolemy.moml.MoMLSimpleApplication@6e9b50d6
reloadAllAccessors: .ArrayUpdate3

===========================================================================================
----------------- testing Wed Dec 04 06:18:52 UTC 2019 /home/travis/build/icyphy/ptII/ptolemy/actor/lib/test/auto/Assert1.xml
----------------- Instantiating /home/travis/build/icyphy/ptII/ptolemy/actor/lib/test/auto/Assert1.xml
7 ms. Memory: 315392K Free: 133145K (42%)
----------------- Invoking toplevel() on ptolemy.moml.MoMLSimpleApplication@662896c2
----------------- Done invoking toplevel() on ptolemy.moml.MoMLSimpleApplication@662896c2
reloadAllAccessors: .Assert1

===========================================================================================
----------------- testing Wed Dec 04 06:18:52 UTC 2019 /home/travis/build/icyphy/ptII/ptolemy/actor/lib/test/auto/Assert2.xml
----------------- Instantiating /home/travis/build/icyphy/ptII/ptolemy/actor/lib/test/auto/Assert2.xml
2 ms. Memory: 315392K Free: 128025K (41%)
----------------- Invoking toplevel() on ptolemy.moml.MoMLSimpleApplication@4e4860fc
----------------- Done invoking toplevel() on ptolemy.moml.MoMLSimpleApplication@4e4860fc
reloadAllAccessors: .Assert2

===========================================================================================
----------------- testing Wed Dec 04 06:18:52 UTC 2019 /home/travis/build/icyphy/ptII/ptolemy/actor/lib/test/auto/BooleanMultiplexor.xml
----------------- Instantiating /home/travis/build/icyphy/ptII/ptolemy/actor/lib/test/auto/BooleanMultiplexor.xml
2 ms. Memory: 315392K Free: 122891K (39%)
----------------- Invoking toplevel() on ptolemy.moml.MoMLSimpleApplication@127a3c80
----------------- Done invoking toplevel() on ptolemy.moml.MoMLSimpleApplication@127a3c80
reloadAllAccessors: .BooleanMultiplexor

===========================================================================================
----------------- testing Wed Dec 04 06:18:52 UTC 2019 /home/travis/build/icyphy/ptII/ptolemy/actor/lib/test/auto/BooleanMultiplexor2.xml
----------------- Instantiating /home/travis/build/icyphy/ptII/ptolemy/actor/lib/test/auto/BooleanMultiplexor2.xml
3 ms. Memory: 315392K Free: 116251K (37%)
----------------- Invoking toplevel() on ptolemy.moml.MoMLSimpleApplication@691591a2
----------------- Done invoking toplevel() on ptolemy.moml.MoMLSimpleApplication@691591a2
reloadAllAccessors: .BooleanMultiplexor2

===========================================================================================
----------------- testing Wed Dec 04 06:18:52 UTC 2019 /home/travis/build/icyphy/ptII/ptolemy/actor/lib/test/auto/BooleanMultiplexor3.xml
----------------- Instantiating /home/travis/build/icyphy/ptII/ptolemy/actor/lib/test/auto/BooleanMultiplexor3.xml
2 ms. Memory: 315392K Free: 112665K (36%)
----------------- Invoking toplevel() on ptolemy.moml.MoMLSimpleApplication@7acf4088
----------------- Done invoking toplevel() on ptolemy.moml.MoMLSimpleApplication@7acf4088
reloadAllAccessors: .BooleanMultiplexor3

===========================================================================================
----------------- testing Wed Dec 04 06:18:52 UTC 2019 /home/travis/build/icyphy/ptII/ptolemy/actor/lib/test/auto/BooleanSelect.xml
----------------- Instantiating /home/travis/build/icyphy/ptII/ptolemy/actor/lib/test/auto/BooleanSelect.xml
8 ms. Memory: 315392K Free: 106011K (34%)
----------------- Invoking toplevel() on ptolemy.moml.MoMLSimpleApplication@70bfb888
----------------- Done invoking toplevel() on ptolemy.moml.MoMLSimpleApplication@70bfb888
reloadAllAccessors: .BooleanSelect

===========================================================================================
----------------- testing Wed Dec 04 06:18:52 UTC 2019 /home/travis/build/icyphy/ptII/ptolemy/actor/lib/test/auto/BooleanSelect2.xml
----------------- Instantiating /home/travis/build/icyphy/ptII/ptolemy/actor/lib/test/auto/BooleanSelect2.xml
1 ms. Memory: 315392K Free: 101915K (32%)
----------------- Invoking toplevel() on ptolemy.moml.MoMLSimpleApplication@11a3ee5
----------------- Done invoking toplevel() on ptolemy.moml.MoMLSimpleApplication@11a3ee5
reloadAllAccessors: .BooleanSelect2

===========================================================================================
----------------- testing Wed Dec 04 06:18:52 UTC 2019 /home/travis/build/icyphy/ptII/ptolemy/actor/lib/test/auto/BooleanSwitch.xml
----------------- Instantiating /home/travis/build/icyphy/ptII/ptolemy/actor/lib/test/auto/BooleanSwitch.xml
7 ms. Memory: 315392K Free: 95257K (30%)
----------------- Invoking toplevel() on ptolemy.moml.MoMLSimpleApplication@bdf28f1
----------------- Done invoking toplevel() on ptolemy.moml.MoMLSimpleApplication@bdf28f1
reloadAllAccessors: .BooleanSwitch

===========================================================================================
----------------- testing Wed Dec 04 06:18:52 UTC 2019 /home/travis/build/icyphy/ptII/ptolemy/actor/lib/test/auto/BooleanSwitch2.xml
----------------- Instantiating /home/travis/build/icyphy/ptII/ptolemy/actor/lib/test/auto/BooleanSwitch2.xml
2 ms. Memory: 315392K Free: 91161K (29%)
----------------- Invoking toplevel() on ptolemy.moml.MoMLSimpleApplication@7741b61f
----------------- Done invoking toplevel() on ptolemy.moml.MoMLSimpleApplication@7741b61f
reloadAllAccessors: .BooleanSwitch2

===========================================================================================
----------------- testing Wed Dec 04 06:18:52 UTC 2019 /home/travis/build/icyphy/ptII/ptolemy/actor/lib/test/auto/BooleanSwitchCloningBugWithClassRelationGroup.xml
----------------- Instantiating /home/travis/build/icyphy/ptII/ptolemy/actor/lib/test/auto/BooleanSwitchCloningBugWithClassRelationGroup.xml
5 ms. Memory: 315392K Free: 85017K (27%)
----------------- Invoking toplevel() on ptolemy.moml.MoMLSimpleApplication@492f10ff
----------------- Done invoking toplevel() on ptolemy.moml.MoMLSimpleApplication@492f10ff
reloadAllAccessors: .BooleanSwitchCloningBugWithClassRelationGroup

===========================================================================================
----------------- testing Wed Dec 04 06:18:52 UTC 2019 /home/travis/build/icyphy/ptII/ptolemy/actor/lib/test/auto/BusActors.xml
----------------- Instantiating /home/travis/build/icyphy/ptII/ptolemy/actor/lib/test/auto/BusActors.xml
8 ms. Memory: 315392K Free: 262299K (83%)
----------------- Invoking toplevel() on ptolemy.moml.MoMLSimpleApplication@2bca53ff
----------------- Done invoking toplevel() on ptolemy.moml.MoMLSimpleApplication@2bca53ff
reloadAllAccessors: .BusActors

===========================================================================================
----------------- testing Wed Dec 04 06:18:52 UTC 2019 /home/travis/build/icyphy/ptII/ptolemy/actor/lib/test/auto/ClassWrapper.xml
----------------- Instantiating /home/travis/build/icyphy/ptII/ptolemy/actor/lib/test/auto/ClassWrapper.xml
3 ms. Memory: 315392K Free: 257693K (82%)
----------------- Invoking toplevel() on ptolemy.moml.MoMLSimpleApplication@447aac82
----------------- Done invoking toplevel() on ptolemy.moml.MoMLSimpleApplication@447aac82
reloadAllAccessors: .ClassWrapper

===========================================================================================
----------------- testing Wed Dec 04 06:18:52 UTC 2019 /home/travis/build/icyphy/ptII/ptolemy/actor/lib/test/auto/Clock.xml
----------------- Instantiating /home/travis/build/icyphy/ptII/ptolemy/actor/lib/test/auto/Clock.xml
2 ms. Memory: 315392K Free: 253597K (80%)
----------------- Invoking toplevel() on ptolemy.moml.MoMLSimpleApplication@6832bd35
----------------- Done invoking toplevel() on ptolemy.moml.MoMLSimpleApplication@6832bd35
reloadAllAccessors: .Clock

===========================================================================================
----------------- testing Wed Dec 04 06:18:52 UTC 2019 /home/travis/build/icyphy/ptII/ptolemy/actor/lib/test/auto/Clock10.xml
----------------- Instantiating /home/travis/build/icyphy/ptII/ptolemy/actor/lib/test/auto/Clock10.xml
4 ms. Memory: 315392K Free: 247963K (79%)
----------------- Invoking toplevel() on ptolemy.moml.MoMLSimpleApplication@7b7aefe6
----------------- Done invoking toplevel() on ptolemy.moml.MoMLSimpleApplication@7b7aefe6
reloadAllAccessors: .Clock10

===========================================================================================
----------------- testing Wed Dec 04 06:18:52 UTC 2019 /home/travis/build/icyphy/ptII/ptolemy/actor/lib/test/auto/Clock11.xml
----------------- Instantiating /home/travis/build/icyphy/ptII/ptolemy/actor/lib/test/auto/Clock11.xml
5 ms. Memory: 315392K Free: 241819K (77%)
----------------- Invoking toplevel() on ptolemy.moml.MoMLSimpleApplication@719a5eb9
----------------- Done invoking toplevel() on ptolemy.moml.MoMLSimpleApplication@719a5eb9
reloadAllAccessors: .Clock11

===========================================================================================
----------------- testing Wed Dec 04 06:18:52 UTC 2019 /home/travis/build/icyphy/ptII/ptolemy/actor/lib/test/auto/Clock12.xml
----------------- Instantiating /home/travis/build/icyphy/ptII/ptolemy/actor/lib/test/auto/Clock12.xml
15 ms. Memory: 315392K Free: 236189K (75%)
----------------- Invoking toplevel() on ptolemy.moml.MoMLSimpleApplication@6c0305a5
----------------- Done invoking toplevel() on ptolemy.moml.MoMLSimpleApplication@6c0305a5
reloadAllAccessors: .Clock12

===========================================================================================
----------------- testing Wed Dec 04 06:18:52 UTC 2019 /home/travis/build/icyphy/ptII/ptolemy/actor/lib/test/auto/Clock13.xml
----------------- Instantiating /home/travis/build/icyphy/ptII/ptolemy/actor/lib/test/auto/Clock13.xml
4 ms. Memory: 315392K Free: 230045K (73%)
----------------- Invoking toplevel() on ptolemy.moml.MoMLSimpleApplication@682c5ba3
----------------- Done invoking toplevel() on ptolemy.moml.MoMLSimpleApplication@682c5ba3
reloadAllAccessors: .Clock13

===========================================================================================
----------------- testing Wed Dec 04 06:18:52 UTC 2019 /home/travis/build/icyphy/ptII/ptolemy/actor/lib/test/auto/Clock14.xml
----------------- Instantiating /home/travis/build/icyphy/ptII/ptolemy/actor/lib/test/auto/Clock14.xml
10 ms. Memory: 315392K Free: 224381K (71%)
----------------- Invoking toplevel() on ptolemy.moml.MoMLSimpleApplication@e355f8e
----------------- Done invoking toplevel() on ptolemy.moml.MoMLSimpleApplication@e355f8e
reloadAllAccessors: .Clock14

===========================================================================================
----------------- testing Wed Dec 04 06:18:52 UTC 2019 /home/travis/build/icyphy/ptII/ptolemy/actor/lib/test/auto/Clock15.xml
----------------- Instantiating /home/travis/build/icyphy/ptII/ptolemy/actor/lib/test/auto/Clock15.xml
5 ms. Memory: 315392K Free: 218237K (69%)
----------------- Invoking toplevel() on ptolemy.moml.MoMLSimpleApplication@57b10702
----------------- Done invoking toplevel() on ptolemy.moml.MoMLSimpleApplication@57b10702
reloadAllAccessors: .Clock15

===========================================================================================
----------------- testing Wed Dec 04 06:18:52 UTC 2019 /home/travis/build/icyphy/ptII/ptolemy/actor/lib/test/auto/Clock16.xml
----------------- Instantiating /home/travis/build/icyphy/ptII/ptolemy/actor/lib/test/auto/Clock16.xml
40 ms. Memory: 315392K Free: 204413K (65%)
----------------- Invoking toplevel() on ptolemy.moml.MoMLSimpleApplication@26b12a0e
----------------- Done invoking toplevel() on ptolemy.moml.MoMLSimpleApplication@26b12a0e
reloadAllAccessors: .Clock16

===========================================================================================
----------------- testing Wed Dec 04 06:18:52 UTC 2019 /home/travis/build/icyphy/ptII/ptolemy/actor/lib/test/auto/Clock17.xml
----------------- Instantiating /home/travis/build/icyphy/ptII/ptolemy/actor/lib/test/auto/Clock17.xml
26 ms. Memory: 315392K Free: 190605K (60%)
----------------- Invoking toplevel() on ptolemy.moml.MoMLSimpleApplication@1b59f0ee
----------------- Done invoking toplevel() on ptolemy.moml.MoMLSimpleApplication@1b59f0ee
reloadAllAccessors: .Clock17

===========================================================================================
----------------- testing Wed Dec 04 06:18:52 UTC 2019 /home/travis/build/icyphy/ptII/ptolemy/actor/lib/test/auto/Clock18.xml
----------------- Instantiating /home/travis/build/icyphy/ptII/ptolemy/actor/lib/test/auto/Clock18.xml
18 ms. Memory: 315392K Free: 176797K (56%)
----------------- Invoking toplevel() on ptolemy.moml.MoMLSimpleApplication@21a5cfbb
----------------- Done invoking toplevel() on ptolemy.moml.MoMLSimpleApplication@21a5cfbb
reloadAllAccessors: .Clock18

===========================================================================================
----------------- testing Wed Dec 04 06:18:52 UTC 2019 /home/travis/build/icyphy/ptII/ptolemy/actor/lib/test/auto/Clock19.xml
----------------- Instantiating /home/travis/build/icyphy/ptII/ptolemy/actor/lib/test/auto/Clock19.xml
14 ms. Memory: 315392K Free: 163976K (52%)
----------------- Invoking toplevel() on ptolemy.moml.MoMLSimpleApplication@67fceb75
----------------- Done invoking toplevel() on ptolemy.moml.MoMLSimpleApplication@67fceb75
reloadAllAccessors: .Clock19

===========================================================================================
----------------- testing Wed Dec 04 06:18:52 UTC 2019 /home/travis/build/icyphy/ptII/ptolemy/actor/lib/test/auto/Clock2.xml
----------------- Instantiating /home/travis/build/icyphy/ptII/ptolemy/actor/lib/test/auto/Clock2.xml
5 ms. Memory: 315392K Free: 159389K (51%)
----------------- Invoking toplevel() on ptolemy.moml.MoMLSimpleApplication@6bda3c67
----------------- Done invoking toplevel() on ptolemy.moml.MoMLSimpleApplication@6bda3c67
reloadAllAccessors: .Clock2

===========================================================================================
----------------- testing Wed Dec 04 06:18:52 UTC 2019 /home/travis/build/icyphy/ptII/ptolemy/actor/lib/test/auto/Clock20.xml
----------------- Instantiating /home/travis/build/icyphy/ptII/ptolemy/actor/lib/test/auto/Clock20.xml
9 ms. Memory: 315392K Free: 154269K (49%)
----------------- Invoking toplevel() on ptolemy.moml.MoMLSimpleApplication@53b33d74
----------------- Done invoking toplevel() on ptolemy.moml.MoMLSimpleApplication@53b33d74
reloadAllAccessors: .Clock20

===========================================================================================
----------------- testing Wed Dec 04 06:18:52 UTC 2019 /home/travis/build/icyphy/ptII/ptolemy/actor/lib/test/auto/Clock21.xml
----------------- Instantiating /home/travis/build/icyphy/ptII/ptolemy/actor/lib/test/auto/Clock21.xml
6 ms. Memory: 315392K Free: 148635K (47%)
----------------- Invoking toplevel() on ptolemy.moml.MoMLSimpleApplication@361cc032
----------------- Done invoking toplevel() on ptolemy.moml.MoMLSimpleApplication@361cc032
reloadAllAccessors: .Clock21

===========================================================================================
----------------- testing Wed Dec 04 06:18:53 UTC 2019 /home/travis/build/icyphy/ptII/ptolemy/actor/lib/test/auto/Clock22.xml
----------------- Instantiating /home/travis/build/icyphy/ptII/ptolemy/actor/lib/test/auto/Clock22.xml
6 ms. Memory: 315392K Free: 143515K (46%)
----------------- Invoking toplevel() on ptolemy.moml.MoMLSimpleApplication@55edd319
----------------- Done invoking toplevel() on ptolemy.moml.MoMLSimpleApplication@55edd319
reloadAllAccessors: .Clock22

===========================================================================================
----------------- testing Wed Dec 04 06:18:53 UTC 2019 /home/travis/build/icyphy/ptII/ptolemy/actor/lib/test/auto/Clock23.xml
----------------- Instantiating /home/travis/build/icyphy/ptII/ptolemy/actor/lib/test/auto/Clock23.xml
6 ms. Memory: 315392K Free: 137885K (44%)
----------------- Invoking toplevel() on ptolemy.moml.MoMLSimpleApplication@619dda14
----------------- Done invoking toplevel() on ptolemy.moml.MoMLSimpleApplication@619dda14
reloadAllAccessors: .Clock23

===========================================================================================
----------------- testing Wed Dec 04 06:18:53 UTC 2019 /home/travis/build/icyphy/ptII/ptolemy/actor/lib/test/auto/Clock24.xml
----------------- Instantiating /home/travis/build/icyphy/ptII/ptolemy/actor/lib/test/auto/Clock24.xml
5 ms. Memory: 315392K Free: 132251K (42%)
----------------- Invoking toplevel() on ptolemy.moml.MoMLSimpleApplication@2a90ba54
----------------- Done invoking toplevel() on ptolemy.moml.MoMLSimpleApplication@2a90ba54
reloadAllAccessors: .Clock24

===========================================================================================
----------------- testing Wed Dec 04 06:18:53 UTC 2019 /home/travis/build/icyphy/ptII/ptolemy/actor/lib/test/auto/Clock4.xml
----------------- Instantiating /home/travis/build/icyphy/ptII/ptolemy/actor/lib/test/auto/Clock4.xml
2 ms. Memory: 315392K Free: 127645K (40%)
----------------- Invoking toplevel() on ptolemy.moml.MoMLSimpleApplication@707058f8
----------------- Done invoking toplevel() on ptolemy.moml.MoMLSimpleApplication@707058f8
reloadAllAccessors: .Clock4

===========================================================================================
----------------- testing Wed Dec 04 06:18:53 UTC 2019 /home/travis/build/icyphy/ptII/ptolemy/actor/lib/test/auto/Clock5.xml
----------------- Instantiating /home/travis/build/icyphy/ptII/ptolemy/actor/lib/test/auto/Clock5.xml
2 ms. Memory: 315392K Free: 121501K (39%)
----------------- Invoking toplevel() on ptolemy.moml.MoMLSimpleApplication@2d6111b3
----------------- Done invoking toplevel() on ptolemy.moml.MoMLSimpleApplication@2d6111b3
reloadAllAccessors: .Clock5

===========================================================================================
----------------- testing Wed Dec 04 06:18:53 UTC 2019 /home/travis/build/icyphy/ptII/ptolemy/actor/lib/test/auto/Clock6.xml
----------------- Instantiating /home/travis/build/icyphy/ptII/ptolemy/actor/lib/test/auto/Clock6.xml
1 ms. Memory: 315392K Free: 117915K (37%)
----------------- Invoking toplevel() on ptolemy.moml.MoMLSimpleApplication@1fcb4f6d
----------------- Done invoking toplevel() on ptolemy.moml.MoMLSimpleApplication@1fcb4f6d
reloadAllAccessors: .Clock6

===========================================================================================
----------------- testing Wed Dec 04 06:18:53 UTC 2019 /home/travis/build/icyphy/ptII/ptolemy/actor/lib/test/auto/Clock7.xml
----------------- Instantiating /home/travis/build/icyphy/ptII/ptolemy/actor/lib/test/auto/Clock7.xml
2 ms. Memory: 315392K Free: 112795K (36%)
----------------- Invoking toplevel() on ptolemy.moml.MoMLSimpleApplication@756615ea
----------------- Done invoking toplevel() on ptolemy.moml.MoMLSimpleApplication@756615ea
reloadAllAccessors: .Clock7

===========================================================================================
----------------- testing Wed Dec 04 06:18:53 UTC 2019 /home/travis/build/icyphy/ptII/ptolemy/actor/lib/test/auto/Clock8.xml
----------------- Instantiating /home/travis/build/icyphy/ptII/ptolemy/actor/lib/test/auto/Clock8.xml
4 ms. Memory: 315392K Free: 107165K (34%)
----------------- Invoking toplevel() on ptolemy.moml.MoMLSimpleApplication@1cc4fa0f
----------------- Done invoking toplevel() on ptolemy.moml.MoMLSimpleApplication@1cc4fa0f
reloadAllAccessors: .Clock8

===========================================================================================
----------------- testing Wed Dec 04 06:18:53 UTC 2019 /home/travis/build/icyphy/ptII/ptolemy/actor/lib/test/auto/Clock9.xml
----------------- Instantiating /home/travis/build/icyphy/ptII/ptolemy/actor/lib/test/auto/Clock9.xml
4 ms. Memory: 315392K Free: 102045K (32%)
----------------- Invoking toplevel() on ptolemy.moml.MoMLSimpleApplication@2d549297
----------------- Done invoking toplevel() on ptolemy.moml.MoMLSimpleApplication@2d549297
reloadAllAccessors: .Clock9

===========================================================================================
----------------- testing Wed Dec 04 06:18:53 UTC 2019 /home/travis/build/icyphy/ptII/ptolemy/actor/lib/test/auto/CommDistDiscard.xml
----------------- Instantiating /home/travis/build/icyphy/ptII/ptolemy/actor/lib/test/auto/CommDistDiscard.xml
4 ms. Memory: 315392K Free: 96411K (31%)
----------------- Invoking toplevel() on ptolemy.moml.MoMLSimpleApplication@7d40fb85
----------------- Done invoking toplevel() on ptolemy.moml.MoMLSimpleApplication@7d40fb85
reloadAllAccessors: .CommDistDiscard

===========================================================================================
----------------- testing Wed Dec 04 06:18:53 UTC 2019 /home/travis/build/icyphy/ptII/ptolemy/actor/lib/test/auto/Commutator.xml
----------------- Instantiating /home/travis/build/icyphy/ptII/ptolemy/actor/lib/test/auto/Commutator.xml
2 ms. Memory: 315392K Free: 92315K (29%)
----------------- Invoking toplevel() on ptolemy.moml.MoMLSimpleApplication@2ffc9faf
----------------- Done invoking toplevel() on ptolemy.moml.MoMLSimpleApplication@2ffc9faf
reloadAllAccessors: .Commutator

===========================================================================================
----------------- testing Wed Dec 04 06:18:53 UTC 2019 /home/travis/build/icyphy/ptII/ptolemy/actor/lib/test/auto/Commutator2.xml
----------------- Instantiating /home/travis/build/icyphy/ptII/ptolemy/actor/lib/test/auto/Commutator2.xml
2 ms. Memory: 315392K Free: 87709K (28%)
----------------- Invoking toplevel() on ptolemy.moml.MoMLSimpleApplication@1a7e4eda
----------------- Done invoking toplevel() on ptolemy.moml.MoMLSimpleApplication@1a7e4eda
reloadAllAccessors: .Commutator2

===========================================================================================
----------------- testing Wed Dec 04 06:18:53 UTC 2019 /home/travis/build/icyphy/ptII/ptolemy/actor/lib/test/auto/Commutator3.xml
----------------- Instantiating /home/travis/build/icyphy/ptII/ptolemy/actor/lib/test/auto/Commutator3.xml
2 ms. Memory: 315392K Free: 83099K (26%)
----------------- Invoking toplevel() on ptolemy.moml.MoMLSimpleApplication@6d48f81c
----------------- Done invoking toplevel() on ptolemy.moml.MoMLSimpleApplication@6d48f81c
reloadAllAccessors: .Commutator3

===========================================================================================
----------------- testing Wed Dec 04 06:18:53 UTC 2019 /home/travis/build/icyphy/ptII/ptolemy/actor/lib/test/auto/Compare.xml
----------------- Instantiating /home/travis/build/icyphy/ptII/ptolemy/actor/lib/test/auto/Compare.xml
3 ms. Memory: 519168K Free: 464757K (90%)
----------------- Invoking toplevel() on ptolemy.moml.MoMLSimpleApplication@19b32c6a
----------------- Done invoking toplevel() on ptolemy.moml.MoMLSimpleApplication@19b32c6a
reloadAllAccessors: .Compare

===========================================================================================
----------------- testing Wed Dec 04 06:18:53 UTC 2019 /home/travis/build/icyphy/ptII/ptolemy/actor/lib/test/auto/CompareDE.xml
----------------- Instantiating /home/travis/build/icyphy/ptII/ptolemy/actor/lib/test/auto/CompareDE.xml
4 ms. Memory: 519168K Free: 458103K (88%)
----------------- Invoking toplevel() on ptolemy.moml.MoMLSimpleApplication@26a9b5ec
----------------- Done invoking toplevel() on ptolemy.moml.MoMLSimpleApplication@26a9b5ec
reloadAllAccessors: .CompareDE

===========================================================================================
----------------- testing Wed Dec 04 06:18:53 UTC 2019 /home/travis/build/icyphy/ptII/ptolemy/actor/lib/test/auto/ComplexDivide.xml
----------------- Instantiating /home/travis/build/icyphy/ptII/ptolemy/actor/lib/test/auto/ComplexDivide.xml
2 ms. Memory: 519168K Free: 454007K (87%)
----------------- Invoking toplevel() on ptolemy.moml.MoMLSimpleApplication@15112634
----------------- Done invoking toplevel() on ptolemy.moml.MoMLSimpleApplication@15112634
reloadAllAccessors: .ComplexDivide

===========================================================================================
----------------- testing Wed Dec 04 06:18:53 UTC 2019 /home/travis/build/icyphy/ptII/ptolemy/actor/lib/test/auto/ComputeHistogram.xml
----------------- Instantiating /home/travis/build/icyphy/ptII/ptolemy/actor/lib/test/auto/ComputeHistogram.xml
28 ms. Memory: 519168K Free: 442229K (85%)
----------------- Invoking toplevel() on ptolemy.moml.MoMLSimpleApplication@6263d6d0
----------------- Done invoking toplevel() on ptolemy.moml.MoMLSimpleApplication@6263d6d0
reloadAllAccessors: .ComputeHistogram

===========================================================================================
----------------- testing Wed Dec 04 06:18:53 UTC 2019 /home/travis/build/icyphy/ptII/ptolemy/actor/lib/test/auto/ConfigurationSelect.xml
----------------- Instantiating /home/travis/build/icyphy/ptII/ptolemy/actor/lib/test/auto/ConfigurationSelect.xml
8 ms. Memory: 519168K Free: 436599K (84%)
----------------- Invoking toplevel() on ptolemy.moml.MoMLSimpleApplication@aa2a376
----------------- Done invoking toplevel() on ptolemy.moml.MoMLSimpleApplication@aa2a376
reloadAllAccessors: .ConfigurationSelect

===========================================================================================
----------------- testing Wed Dec 04 06:18:53 UTC 2019 /home/travis/build/icyphy/ptII/ptolemy/actor/lib/test/auto/ConfigurationSelect2.xml
----------------- Instantiating /home/travis/build/icyphy/ptII/ptolemy/actor/lib/test/auto/ConfigurationSelect2.xml
2 ms. Memory: 519168K Free: 431989K (83%)
----------------- Invoking toplevel() on ptolemy.moml.MoMLSimpleApplication@7dee0883
----------------- Done invoking toplevel() on ptolemy.moml.MoMLSimpleApplication@7dee0883
reloadAllAccessors: .ConfigurationSelect2

===========================================================================================
----------------- testing Wed Dec 04 06:18:53 UTC 2019 /home/travis/build/icyphy/ptII/ptolemy/actor/lib/test/auto/ConfigurationSwitch.xml
----------------- Instantiating /home/travis/build/icyphy/ptII/ptolemy/actor/lib/test/auto/ConfigurationSwitch.xml
10 ms. Memory: 519168K Free: 426869K (82%)
----------------- Invoking toplevel() on ptolemy.moml.MoMLSimpleApplication@37351a02
----------------- Done invoking toplevel() on ptolemy.moml.MoMLSimpleApplication@37351a02
reloadAllAccessors: .ConfigurationSwitch

===========================================================================================
----------------- testing Wed Dec 04 06:18:53 UTC 2019 /home/travis/build/icyphy/ptII/ptolemy/actor/lib/test/auto/ConfigurationSwitch2.xml
----------------- Instantiating /home/travis/build/icyphy/ptII/ptolemy/actor/lib/test/auto/ConfigurationSwitch2.xml
2 ms. Memory: 519168K Free: 421239K (81%)
----------------- Invoking toplevel() on ptolemy.moml.MoMLSimpleApplication@5d627a89
----------------- Done invoking toplevel() on ptolemy.moml.MoMLSimpleApplication@5d627a89
reloadAllAccessors: .ConfigurationSwitch2

===========================================================================================
----------------- testing Wed Dec 04 06:18:53 UTC 2019 /home/travis/build/icyphy/ptII/ptolemy/actor/lib/test/auto/ConfigurationSwitchCloningBugWithClassRelationGroup.xml
----------------- Instantiating /home/travis/build/icyphy/ptII/ptolemy/actor/lib/test/auto/ConfigurationSwitchCloningBugWithClassRelationGroup.xml
2 ms. Memory: 519168K Free: 414581K (80%)
----------------- Invoking toplevel() on ptolemy.moml.MoMLSimpleApplication@4665c5e8
----------------- Done invoking toplevel() on ptolemy.moml.MoMLSimpleApplication@4665c5e8
reloadAllAccessors: .ConfigurationSwitchCloningBugWithClassRelationGroup

===========================================================================================
----------------- testing Wed Dec 04 06:18:53 UTC 2019 /home/travis/build/icyphy/ptII/ptolemy/actor/lib/test/auto/ConfigurationSwitchSelectSDF.xml
----------------- Instantiating /home/travis/build/icyphy/ptII/ptolemy/actor/lib/test/auto/ConfigurationSwitchSelectSDF.xml
4 ms. Memory: 519168K Free: 408951K (79%)
----------------- Invoking toplevel() on ptolemy.moml.MoMLSimpleApplication@2895225a
----------------- Done invoking toplevel() on ptolemy.moml.MoMLSimpleApplication@2895225a
reloadAllAccessors: .ConfigurationSwitchSelectSDF

===========================================================================================
----------------- testing Wed Dec 04 06:18:53 UTC 2019 /home/travis/build/icyphy/ptII/ptolemy/actor/lib/test/auto/ConfigurationSwitchSelectSDF2.xml
----------------- Instantiating /home/travis/build/icyphy/ptII/ptolemy/actor/lib/test/auto/ConfigurationSwitchSelectSDF2.xml
3 ms. Memory: 519168K Free: 403317K (78%)
----------------- Invoking toplevel() on ptolemy.moml.MoMLSimpleApplication@1ffb0ffe
----------------- Done invoking toplevel() on ptolemy.moml.MoMLSimpleApplication@1ffb0ffe
reloadAllAccessors: .ConfigurationSwitchSelectSDF2

===========================================================================================
----------------- testing Wed Dec 04 06:18:53 UTC 2019 /home/travis/build/icyphy/ptII/ptolemy/actor/lib/test/auto/Const.xml
----------------- Instantiating /home/travis/build/icyphy/ptII/ptolemy/actor/lib/test/auto/Const.xml
2 ms. Memory: 519168K Free: 400245K (77%)
----------------- Invoking toplevel() on ptolemy.moml.MoMLSimpleApplication@7588d8d8
----------------- Done invoking toplevel() on ptolemy.moml.MoMLSimpleApplication@7588d8d8
reloadAllAccessors: .Const

===========================================================================================
----------------- testing Wed Dec 04 06:18:53 UTC 2019 /home/travis/build/icyphy/ptII/ptolemy/actor/lib/test/auto/Const2.xml
----------------- Instantiating /home/travis/build/icyphy/ptII/ptolemy/actor/lib/test/auto/Const2.xml
1 ms. Memory: 519168K Free: 396149K (76%)
----------------- Invoking toplevel() on ptolemy.moml.MoMLSimpleApplication@7f331b12
----------------- Done invoking toplevel() on ptolemy.moml.MoMLSimpleApplication@7f331b12
reloadAllAccessors: .Const2

===========================================================================================
----------------- testing Wed Dec 04 06:18:53 UTC 2019 /home/travis/build/icyphy/ptII/ptolemy/actor/lib/test/auto/Const3.xml
----------------- Instantiating /home/travis/build/icyphy/ptII/ptolemy/actor/lib/test/auto/Const3.xml
1 ms. Memory: 519168K Free: 393077K (76%)
----------------- Invoking toplevel() on ptolemy.moml.MoMLSimpleApplication@237f3e22
----------------- Done invoking toplevel() on ptolemy.moml.MoMLSimpleApplication@237f3e22
reloadAllAccessors: .Const3

===========================================================================================
----------------- testing Wed Dec 04 06:18:53 UTC 2019 /home/travis/build/icyphy/ptII/ptolemy/actor/lib/test/auto/ConstantPublisherPort1.xml
----------------- Instantiating /home/travis/build/icyphy/ptII/ptolemy/actor/lib/test/auto/ConstantPublisherPort1.xml
6 ms. Memory: 519168K Free: 384885K (74%)
----------------- Invoking toplevel() on ptolemy.moml.MoMLSimpleApplication@69974488
----------------- Done invoking toplevel() on ptolemy.moml.MoMLSimpleApplication@69974488
reloadAllAccessors: .ConstantPublisherPort1

===========================================================================================
----------------- testing Wed Dec 04 06:18:53 UTC 2019 /home/travis/build/icyphy/ptII/ptolemy/actor/lib/test/auto/ConstantPublisherPort2.xml
----------------- Instantiating /home/travis/build/icyphy/ptII/ptolemy/actor/lib/test/auto/ConstantPublisherPort2.xml
10 ms. Memory: 519168K Free: 377207K (73%)
----------------- Invoking toplevel() on ptolemy.moml.MoMLSimpleApplication@43d29628
----------------- Done invoking toplevel() on ptolemy.moml.MoMLSimpleApplication@43d29628
reloadAllAccessors: .ConstantPublisherPort2

===========================================================================================
----------------- testing Wed Dec 04 06:18:53 UTC 2019 /home/travis/build/icyphy/ptII/ptolemy/actor/lib/test/auto/ConstantPublisherPort3.xml
----------------- Instantiating /home/travis/build/icyphy/ptII/ptolemy/actor/lib/test/auto/ConstantPublisherPort3.xml
10 ms. Memory: 519168K Free: 369525K (71%)
----------------- Invoking toplevel() on ptolemy.moml.MoMLSimpleApplication@7348a8f5
----------------- Done invoking toplevel() on ptolemy.moml.MoMLSimpleApplication@7348a8f5
reloadAllAccessors: .ConstantPublisherPort3

===========================================================================================
----------------- testing Wed Dec 04 06:18:53 UTC 2019 /home/travis/build/icyphy/ptII/ptolemy/actor/lib/test/auto/ConstantPublisherPort4.xml
----------------- Instantiating /home/travis/build/icyphy/ptII/ptolemy/actor/lib/test/auto/ConstantPublisherPort4.xml
7 ms. Memory: 519168K Free: 362871K (70%)
----------------- Invoking toplevel() on ptolemy.moml.MoMLSimpleApplication@394dcd7
----------------- Done invoking toplevel() on ptolemy.moml.MoMLSimpleApplication@394dcd7
reloadAllAccessors: .ConstantPublisherPort4

===========================================================================================
----------------- testing Wed Dec 04 06:18:53 UTC 2019 /home/travis/build/icyphy/ptII/ptolemy/actor/lib/test/auto/ConstantPublisherPort5.xml
----------------- Instantiating /home/travis/build/icyphy/ptII/ptolemy/actor/lib/test/auto/ConstantPublisherPort5.xml
34 ms. Memory: 519168K Free: 353141K (68%)
----------------- Invoking toplevel() on ptolemy.moml.MoMLSimpleApplication@6d56699e
----------------- Done invoking toplevel() on ptolemy.moml.MoMLSimpleApplication@6d56699e
reloadAllAccessors: .ConstantPublisherPort5

===========================================================================================
----------------- testing Wed Dec 04 06:18:53 UTC 2019 /home/travis/build/icyphy/ptII/ptolemy/actor/lib/test/auto/ConstantPublisherPort6.xml
----------------- Instantiating /home/travis/build/icyphy/ptII/ptolemy/actor/lib/test/auto/ConstantPublisherPort6.xml
13 ms. Memory: 519168K Free: 343925K (66%)
----------------- Invoking toplevel() on ptolemy.moml.MoMLSimpleApplication@8478045
----------------- Done invoking toplevel() on ptolemy.moml.MoMLSimpleApplication@8478045
reloadAllAccessors: .ConstantPublisherPort6

===========================================================================================
----------------- testing Wed Dec 04 06:18:53 UTC 2019 /home/travis/build/icyphy/ptII/ptolemy/actor/lib/test/auto/ConstantPublisherPort7.xml
----------------- Instantiating /home/travis/build/icyphy/ptII/ptolemy/actor/lib/test/auto/ConstantPublisherPort7.xml
19 ms. Memory: 519168K Free: 334709K (64%)
----------------- Invoking toplevel() on ptolemy.moml.MoMLSimpleApplication@28c984d
----------------- Done invoking toplevel() on ptolemy.moml.MoMLSimpleApplication@28c984d
reloadAllAccessors: .ConstantPublisherPort7

===========================================================================================
----------------- testing Wed Dec 04 06:18:54 UTC 2019 /home/travis/build/icyphy/ptII/ptolemy/actor/lib/test/auto/ConstraintMonitor1.xml
----------------- Instantiating /home/travis/build/icyphy/ptII/ptolemy/actor/lib/test/auto/ConstraintMonitor1.xml
3 ms. Memory: 519168K Free: 329079K (63%)
----------------- Invoking toplevel() on ptolemy.moml.MoMLSimpleApplication@1173dbe6
----------------- Done invoking toplevel() on ptolemy.moml.MoMLSimpleApplication@1173dbe6
reloadAllAccessors: .ConstraintMonitor1

===========================================================================================
----------------- testing Wed Dec 04 06:18:54 UTC 2019 /home/travis/build/icyphy/ptII/ptolemy/actor/lib/test/auto/ConstraintMonitor2.xml
----------------- Instantiating /home/travis/build/icyphy/ptII/ptolemy/actor/lib/test/auto/ConstraintMonitor2.xml
8 ms. Memory: 519168K Free: 324469K (62%)
----------------- Invoking toplevel() on ptolemy.moml.MoMLSimpleApplication@2c017974
----------------- Done invoking toplevel() on ptolemy.moml.MoMLSimpleApplication@2c017974
reloadAllAccessors: .ConstraintMonitor2

===========================================================================================
----------------- testing Wed Dec 04 06:18:54 UTC 2019 /home/travis/build/icyphy/ptII/ptolemy/actor/lib/test/auto/ConstraintMonitor3.xml
----------------- Instantiating /home/travis/build/icyphy/ptII/ptolemy/actor/lib/test/auto/ConstraintMonitor3.xml
4 ms. Memory: 519168K Free: 320373K (62%)
----------------- Invoking toplevel() on ptolemy.moml.MoMLSimpleApplication@2e3ddc69
----------------- Done invoking toplevel() on ptolemy.moml.MoMLSimpleApplication@2e3ddc69
reloadAllAccessors: .ConstraintMonitor3

===========================================================================================
----------------- testing Wed Dec 04 06:18:54 UTC 2019 /home/travis/build/icyphy/ptII/ptolemy/actor/lib/test/auto/ConstraintMonitor4.xml
----------------- Instantiating /home/travis/build/icyphy/ptII/ptolemy/actor/lib/test/auto/ConstraintMonitor4.xml
6 ms. Memory: 519168K Free: 315253K (61%)
----------------- Invoking toplevel() on ptolemy.moml.MoMLSimpleApplication@5ab9c2
----------------- Done invoking toplevel() on ptolemy.moml.MoMLSimpleApplication@5ab9c2
reloadAllAccessors: .ConstraintMonitor4

===========================================================================================
----------------- testing Wed Dec 04 06:18:54 UTC 2019 /home/travis/build/icyphy/ptII/ptolemy/actor/lib/test/auto/ConstraintMonitor5.xml
----------------- Instantiating /home/travis/build/icyphy/ptII/ptolemy/actor/lib/test/auto/ConstraintMonitor5.xml
5 ms. Memory: 519168K Free: 309623K (60%)
----------------- Invoking toplevel() on ptolemy.moml.MoMLSimpleApplication@711dc9f8
----------------- Done invoking toplevel() on ptolemy.moml.MoMLSimpleApplication@711dc9f8
reloadAllAccessors: .ConstraintMonitor5

===========================================================================================
----------------- testing Wed Dec 04 06:18:54 UTC 2019 /home/travis/build/icyphy/ptII/ptolemy/actor/lib/test/auto/ConstraintMonitor6.xml
----------------- Instantiating /home/travis/build/icyphy/ptII/ptolemy/actor/lib/test/auto/ConstraintMonitor6.xml
8 ms. Memory: 519168K Free: 303975K (59%)
----------------- Invoking toplevel() on ptolemy.moml.MoMLSimpleApplication@737abf89
----------------- Done invoking toplevel() on ptolemy.moml.MoMLSimpleApplication@737abf89
reloadAllAccessors: .ConstraintMonitor6

===========================================================================================
----------------- testing Wed Dec 04 06:18:54 UTC 2019 /home/travis/build/icyphy/ptII/ptolemy/actor/lib/test/auto/ConstraintMonitor7.xml
----------------- Instantiating /home/travis/build/icyphy/ptII/ptolemy/actor/lib/test/auto/ConstraintMonitor7.xml
7 ms. Memory: 519168K Free: 297335K (57%)
----------------- Invoking toplevel() on ptolemy.moml.MoMLSimpleApplication@70cc9d82
----------------- Done invoking toplevel() on ptolemy.moml.MoMLSimpleApplication@70cc9d82
reloadAllAccessors: .ConstraintMonitor7

===========================================================================================
----------------- testing Wed Dec 04 06:18:54 UTC 2019 /home/travis/build/icyphy/ptII/ptolemy/actor/lib/test/auto/ConstraintMonitor8.xml
----------------- Instantiating /home/travis/build/icyphy/ptII/ptolemy/actor/lib/test/auto/ConstraintMonitor8.xml
14 ms. Memory: 519168K Free: 289653K (56%)
----------------- Invoking toplevel() on ptolemy.moml.MoMLSimpleApplication@29311557
----------------- Done invoking toplevel() on ptolemy.moml.MoMLSimpleApplication@29311557
reloadAllAccessors: .ConstraintMonitor8

===========================================================================================
----------------- testing Wed Dec 04 06:18:54 UTC 2019 /home/travis/build/icyphy/ptII/ptolemy/actor/lib/test/auto/Counter.xml
----------------- Instantiating /home/travis/build/icyphy/ptII/ptolemy/actor/lib/test/auto/Counter.xml
3 ms. Memory: 519168K Free: 285047K (55%)
----------------- Invoking toplevel() on ptolemy.moml.MoMLSimpleApplication@347291ca
----------------- Done invoking toplevel() on ptolemy.moml.MoMLSimpleApplication@347291ca
reloadAllAccessors: .Counter

===========================================================================================
----------------- testing Wed Dec 04 06:18:54 UTC 2019 /home/travis/build/icyphy/ptII/ptolemy/actor/lib/test/auto/CurrentTimeSDF.xml
----------------- Instantiating /home/travis/build/icyphy/ptII/ptolemy/actor/lib/test/auto/CurrentTimeSDF.xml
2 ms. Memory: 519168K Free: 280951K (54%)
----------------- Invoking toplevel() on ptolemy.moml.MoMLSimpleApplication@1d77e14
----------------- Done invoking toplevel() on ptolemy.moml.MoMLSimpleApplication@1d77e14
reloadAllAccessors: .CurrentTimeSDF

===========================================================================================
----------------- testing Wed Dec 04 06:18:54 UTC 2019 /home/travis/build/icyphy/ptII/ptolemy/actor/lib/test/auto/DB.xml
----------------- Instantiating /home/travis/build/icyphy/ptII/ptolemy/actor/lib/test/auto/DB.xml
2 ms. Memory: 519168K Free: 275317K (53%)
----------------- Invoking toplevel() on ptolemy.moml.MoMLSimpleApplication@1f9bbec6
----------------- Done invoking toplevel() on ptolemy.moml.MoMLSimpleApplication@1f9bbec6
reloadAllAccessors: .DB

===========================================================================================
----------------- testing Wed Dec 04 06:18:54 UTC 2019 /home/travis/build/icyphy/ptII/ptolemy/actor/lib/test/auto/DBDE.xml
----------------- Instantiating /home/travis/build/icyphy/ptII/ptolemy/actor/lib/test/auto/DBDE.xml
3 ms. Memory: 519168K Free: 269687K (52%)
----------------- Invoking toplevel() on ptolemy.moml.MoMLSimpleApplication@70e71358
----------------- Done invoking toplevel() on ptolemy.moml.MoMLSimpleApplication@70e71358
reloadAllAccessors: .DBDE

===========================================================================================
----------------- testing Wed Dec 04 06:18:54 UTC 2019 /home/travis/build/icyphy/ptII/ptolemy/actor/lib/test/auto/DateConstructor.xml
----------------- Instantiating /home/travis/build/icyphy/ptII/ptolemy/actor/lib/test/auto/DateConstructor.xml
28 ms. Memory: 519168K Free: 251765K (48%)
----------------- Invoking toplevel() on ptolemy.moml.MoMLSimpleApplication@2f17b735
----------------- Done invoking toplevel() on ptolemy.moml.MoMLSimpleApplication@2f17b735
reloadAllAccessors: .DateConstructor

===========================================================================================
----------------- testing Wed Dec 04 06:18:54 UTC 2019 /home/travis/build/icyphy/ptII/ptolemy/actor/lib/test/auto/DelayTime.xml
----------------- Instantiating /home/travis/build/icyphy/ptII/ptolemy/actor/lib/test/auto/DelayTime.xml
7 ms. Memory: 519168K Free: 246645K (48%)
----------------- Invoking toplevel() on ptolemy.moml.MoMLSimpleApplication@1d2ee9a
----------------- Done invoking toplevel() on ptolemy.moml.MoMLSimpleApplication@1d2ee9a
reloadAllAccessors: .DelayTime

===========================================================================================
----------------- testing Wed Dec 04 06:18:54 UTC 2019 /home/travis/build/icyphy/ptII/ptolemy/actor/lib/test/auto/Dictionary1.xml
----------------- Instantiating /home/travis/build/icyphy/ptII/ptolemy/actor/lib/test/auto/Dictionary1.xml
2 ms. Memory: 519168K Free: 241525K (47%)
----------------- Invoking toplevel() on ptolemy.moml.MoMLSimpleApplication@25264edc
----------------- Done invoking toplevel() on ptolemy.moml.MoMLSimpleApplication@25264edc
reloadAllAccessors: .Dictionary1

===========================================================================================
----------------- testing Wed Dec 04 06:18:54 UTC 2019 /home/travis/build/icyphy/ptII/ptolemy/actor/lib/test/auto/Dictionary2.xml
----------------- Instantiating /home/travis/build/icyphy/ptII/ptolemy/actor/lib/test/auto/Dictionary2.xml
5 ms. Memory: 519168K Free: 235895K (45%)
----------------- Invoking toplevel() on ptolemy.moml.MoMLSimpleApplication@6d32ce70
----------------- Done invoking toplevel() on ptolemy.moml.MoMLSimpleApplication@6d32ce70
reloadAllAccessors: .Dictionary2

===========================================================================================
----------------- testing Wed Dec 04 06:18:54 UTC 2019 /home/travis/build/icyphy/ptII/ptolemy/actor/lib/test/auto/Dictionary3.xml
----------------- Instantiating /home/travis/build/icyphy/ptII/ptolemy/actor/lib/test/auto/Dictionary3.xml
1 ms. Memory: 519168K Free: 230261K (44%)
----------------- Invoking toplevel() on ptolemy.moml.MoMLSimpleApplication@5be4bba5
----------------- Done invoking toplevel() on ptolemy.moml.MoMLSimpleApplication@5be4bba5
reloadAllAccessors: .Dictionary3

===========================================================================================
----------------- testing Wed Dec 04 06:18:54 UTC 2019 /home/travis/build/icyphy/ptII/ptolemy/actor/lib/test/auto/Dictionary4.xml
----------------- Instantiating /home/travis/build/icyphy/ptII/ptolemy/actor/lib/test/auto/Dictionary4.xml
10 ms. Memory: 519168K Free: 223079K (43%)
----------------- Invoking toplevel() on ptolemy.moml.MoMLSimpleApplication@5cc7644a
----------------- Done invoking toplevel() on ptolemy.moml.MoMLSimpleApplication@5cc7644a
reloadAllAccessors: .Dictionary4

===========================================================================================
----------------- testing Wed Dec 04 06:18:54 UTC 2019 /home/travis/build/icyphy/ptII/ptolemy/actor/lib/test/auto/Differential.xml
----------------- Instantiating /home/travis/build/icyphy/ptII/ptolemy/actor/lib/test/auto/Differential.xml
3 ms. Memory: 519168K Free: 218997K (42%)
----------------- Invoking toplevel() on ptolemy.moml.MoMLSimpleApplication@164e1c01
----------------- Done invoking toplevel() on ptolemy.moml.MoMLSimpleApplication@164e1c01
reloadAllAccessors: .Differential

===========================================================================================
----------------- testing Wed Dec 04 06:18:54 UTC 2019 /home/travis/build/icyphy/ptII/ptolemy/actor/lib/test/auto/Director.xml
----------------- Instantiating /home/travis/build/icyphy/ptII/ptolemy/actor/lib/test/auto/Director.xml
4 ms. Memory: 519168K Free: 215415K (41%)
----------------- Invoking toplevel() on ptolemy.moml.MoMLSimpleApplication@5ee57045
----------------- Done invoking toplevel() on ptolemy.moml.MoMLSimpleApplication@5ee57045
reloadAllAccessors: .Director

===========================================================================================
----------------- testing Wed Dec 04 06:18:54 UTC 2019 /home/travis/build/icyphy/ptII/ptolemy/actor/lib/test/auto/DiscreteClock.xml
----------------- Instantiating /home/travis/build/icyphy/ptII/ptolemy/actor/lib/test/auto/DiscreteClock.xml
1 ms. Memory: 519168K Free: 211319K (41%)
----------------- Invoking toplevel() on ptolemy.moml.MoMLSimpleApplication@65006121
----------------- Done invoking toplevel() on ptolemy.moml.MoMLSimpleApplication@65006121
reloadAllAccessors: .DiscreteClock

===========================================================================================
----------------- testing Wed Dec 04 06:18:54 UTC 2019 /home/travis/build/icyphy/ptII/ptolemy/actor/lib/test/auto/DiscreteClock10.xml
----------------- Instantiating /home/travis/build/icyphy/ptII/ptolemy/actor/lib/test/auto/DiscreteClock10.xml
4 ms. Memory: 519168K Free: 205175K (40%)
----------------- Invoking toplevel() on ptolemy.moml.MoMLSimpleApplication@58ed00af
----------------- Done invoking toplevel() on ptolemy.moml.MoMLSimpleApplication@58ed00af
reloadAllAccessors: .DiscreteClock10

===========================================================================================
----------------- testing Wed Dec 04 06:18:54 UTC 2019 /home/travis/build/icyphy/ptII/ptolemy/actor/lib/test/auto/DiscreteClock11.xml
----------------- Instantiating /home/travis/build/icyphy/ptII/ptolemy/actor/lib/test/auto/DiscreteClock11.xml
2 ms. Memory: 519168K Free: 199541K (38%)
----------------- Invoking toplevel() on ptolemy.moml.MoMLSimpleApplication@254fe63c
----------------- Done invoking toplevel() on ptolemy.moml.MoMLSimpleApplication@254fe63c
reloadAllAccessors: .DiscreteClock11

===========================================================================================
----------------- testing Wed Dec 04 06:18:54 UTC 2019 /home/travis/build/icyphy/ptII/ptolemy/actor/lib/test/auto/DiscreteClock12.xml
----------------- Instantiating /home/travis/build/icyphy/ptII/ptolemy/actor/lib/test/auto/DiscreteClock12.xml
3 ms. Memory: 519168K Free: 193397K (37%)
----------------- Invoking toplevel() on ptolemy.moml.MoMLSimpleApplication@765a7173
----------------- Done invoking toplevel() on ptolemy.moml.MoMLSimpleApplication@765a7173
reloadAllAccessors: .DiscreteClock12

===========================================================================================
----------------- testing Wed Dec 04 06:18:54 UTC 2019 /home/travis/build/icyphy/ptII/ptolemy/actor/lib/test/auto/DiscreteClock13.xml
----------------- Instantiating /home/travis/build/icyphy/ptII/ptolemy/actor/lib/test/auto/DiscreteClock13.xml
4 ms. Memory: 519168K Free: 187239K (36%)
----------------- Invoking toplevel() on ptolemy.moml.MoMLSimpleApplication@66389611
----------------- Done invoking toplevel() on ptolemy.moml.MoMLSimpleApplication@66389611
reloadAllAccessors: .DiscreteClock13

===========================================================================================
----------------- testing Wed Dec 04 06:18:54 UTC 2019 /home/travis/build/icyphy/ptII/ptolemy/actor/lib/test/auto/DiscreteClock14.xml
----------------- Instantiating /home/travis/build/icyphy/ptII/ptolemy/actor/lib/test/auto/DiscreteClock14.xml
2 ms. Memory: 519168K Free: 181623K (35%)
----------------- Invoking toplevel() on ptolemy.moml.MoMLSimpleApplication@51908ec6
----------------- Done invoking toplevel() on ptolemy.moml.MoMLSimpleApplication@51908ec6
reloadAllAccessors: .DiscreteClock14

===========================================================================================
----------------- testing Wed Dec 04 06:18:54 UTC 2019 /home/travis/build/icyphy/ptII/ptolemy/actor/lib/test/auto/DiscreteClock15.xml
----------------- Instantiating /home/travis/build/icyphy/ptII/ptolemy/actor/lib/test/auto/DiscreteClock15.xml
7 ms. Memory: 519168K Free: 175479K (34%)
----------------- Invoking toplevel() on ptolemy.moml.MoMLSimpleApplication@550544b0
----------------- Done invoking toplevel() on ptolemy.moml.MoMLSimpleApplication@550544b0
reloadAllAccessors: .DiscreteClock15

===========================================================================================
----------------- testing Wed Dec 04 06:18:54 UTC 2019 /home/travis/build/icyphy/ptII/ptolemy/actor/lib/test/auto/DiscreteClock16.xml
----------------- Instantiating /home/travis/build/icyphy/ptII/ptolemy/actor/lib/test/auto/DiscreteClock16.xml
52 ms. Memory: 519168K Free: 468088K (90%)
----------------- Invoking toplevel() on ptolemy.moml.MoMLSimpleApplication@5677a993
----------------- Done invoking toplevel() on ptolemy.moml.MoMLSimpleApplication@5677a993
reloadAllAccessors: .DiscreteClock16

===========================================================================================
----------------- testing Wed Dec 04 06:18:54 UTC 2019 /home/travis/build/icyphy/ptII/ptolemy/actor/lib/test/auto/DiscreteClock17.xml
----------------- Instantiating /home/travis/build/icyphy/ptII/ptolemy/actor/lib/test/auto/DiscreteClock17.xml
15 ms. Memory: 519168K Free: 452767K (87%)
----------------- Invoking toplevel() on ptolemy.moml.MoMLSimpleApplication@6ec1421
----------------- Done invoking toplevel() on ptolemy.moml.MoMLSimpleApplication@6ec1421
reloadAllAccessors: .DiscreteClock17

===========================================================================================
----------------- testing Wed Dec 04 06:18:54 UTC 2019 /home/travis/build/icyphy/ptII/ptolemy/actor/lib/test/auto/DiscreteClock18.xml
----------------- Instantiating /home/travis/build/icyphy/ptII/ptolemy/actor/lib/test/auto/DiscreteClock18.xml
14 ms. Memory: 519168K Free: 438975K (85%)
----------------- Invoking toplevel() on ptolemy.moml.MoMLSimpleApplication@4f652a16
----------------- Done invoking toplevel() on ptolemy.moml.MoMLSimpleApplication@4f652a16
reloadAllAccessors: .DiscreteClock18

===========================================================================================
----------------- testing Wed Dec 04 06:18:54 UTC 2019 /home/travis/build/icyphy/ptII/ptolemy/actor/lib/test/auto/DiscreteClock19.xml
----------------- Instantiating /home/travis/build/icyphy/ptII/ptolemy/actor/lib/test/auto/DiscreteClock19.xml
11 ms. Memory: 519168K Free: 425149K (82%)
----------------- Invoking toplevel() on ptolemy.moml.MoMLSimpleApplication@2c24dbb6
----------------- Done invoking toplevel() on ptolemy.moml.MoMLSimpleApplication@2c24dbb6
reloadAllAccessors: .DiscreteClock19

===========================================================================================
----------------- testing Wed Dec 04 06:18:54 UTC 2019 /home/travis/build/icyphy/ptII/ptolemy/actor/lib/test/auto/DiscreteClock2.xml
----------------- Instantiating /home/travis/build/icyphy/ptII/ptolemy/actor/lib/test/auto/DiscreteClock2.xml
6 ms. Memory: 519168K Free: 420543K (81%)
----------------- Invoking toplevel() on ptolemy.moml.MoMLSimpleApplication@34abd5b2
----------------- Done invoking toplevel() on ptolemy.moml.MoMLSimpleApplication@34abd5b2
reloadAllAccessors: .DiscreteClock2

===========================================================================================
----------------- testing Wed Dec 04 06:18:54 UTC 2019 /home/travis/build/icyphy/ptII/ptolemy/actor/lib/test/auto/DiscreteClock20.xml
----------------- Instantiating /home/travis/build/icyphy/ptII/ptolemy/actor/lib/test/auto/DiscreteClock20.xml
3 ms. Memory: 519168K Free: 414909K (80%)
----------------- Invoking toplevel() on ptolemy.moml.MoMLSimpleApplication@5816ee09
----------------- Done invoking toplevel() on ptolemy.moml.MoMLSimpleApplication@5816ee09
reloadAllAccessors: .DiscreteClock20

===========================================================================================
----------------- testing Wed Dec 04 06:18:55 UTC 2019 /home/travis/build/icyphy/ptII/ptolemy/actor/lib/test/auto/DiscreteClock21.xml
----------------- Instantiating /home/travis/build/icyphy/ptII/ptolemy/actor/lib/test/auto/DiscreteClock21.xml
3 ms. Memory: 519168K Free: 409279K (79%)
----------------- Invoking toplevel() on ptolemy.moml.MoMLSimpleApplication@5e00f90
----------------- Done invoking toplevel() on ptolemy.moml.MoMLSimpleApplication@5e00f90
reloadAllAccessors: .DiscreteClock21

===========================================================================================
----------------- testing Wed Dec 04 06:18:55 UTC 2019 /home/travis/build/icyphy/ptII/ptolemy/actor/lib/test/auto/DiscreteClock22.xml
----------------- Instantiating /home/travis/build/icyphy/ptII/ptolemy/actor/lib/test/auto/DiscreteClock22.xml
7 ms. Memory: 519168K Free: 403645K (78%)
----------------- Invoking toplevel() on ptolemy.moml.MoMLSimpleApplication@521cc6d4
----------------- Done invoking toplevel() on ptolemy.moml.MoMLSimpleApplication@521cc6d4
reloadAllAccessors: .DiscreteClock22

===========================================================================================
----------------- testing Wed Dec 04 06:18:55 UTC 2019 /home/travis/build/icyphy/ptII/ptolemy/actor/lib/test/auto/DiscreteClock23.xml
----------------- Instantiating /home/travis/build/icyphy/ptII/ptolemy/actor/lib/test/auto/DiscreteClock23.xml
11 ms. Memory: 519168K Free: 398525K (77%)
----------------- Invoking toplevel() on ptolemy.moml.MoMLSimpleApplication@38fc6b5b
----------------- Done invoking toplevel() on ptolemy.moml.MoMLSimpleApplication@38fc6b5b
reloadAllAccessors: .DiscreteClock23

===========================================================================================
----------------- testing Wed Dec 04 06:18:55 UTC 2019 /home/travis/build/icyphy/ptII/ptolemy/actor/lib/test/auto/DiscreteClock24.xml
----------------- Instantiating /home/travis/build/icyphy/ptII/ptolemy/actor/lib/test/auto/DiscreteClock24.xml
5 ms. Memory: 519168K Free: 392895K (76%)
----------------- Invoking toplevel() on ptolemy.moml.MoMLSimpleApplication@445469f7
----------------- Done invoking toplevel() on ptolemy.moml.MoMLSimpleApplication@445469f7
reloadAllAccessors: .DiscreteClock24

===========================================================================================
----------------- testing Wed Dec 04 06:18:55 UTC 2019 /home/travis/build/icyphy/ptII/ptolemy/actor/lib/test/auto/DiscreteClock4.xml
----------------- Instantiating /home/travis/build/icyphy/ptII/ptolemy/actor/lib/test/auto/DiscreteClock4.xml
5 ms. Memory: 519168K Free: 387263K (75%)
----------------- Invoking toplevel() on ptolemy.moml.MoMLSimpleApplication@223df6ef
----------------- Done invoking toplevel() on ptolemy.moml.MoMLSimpleApplication@223df6ef
reloadAllAccessors: .DiscreteClock4

===========================================================================================
----------------- testing Wed Dec 04 06:18:55 UTC 2019 /home/travis/build/icyphy/ptII/ptolemy/actor/lib/test/auto/DiscreteClock5.xml
----------------- Instantiating /home/travis/build/icyphy/ptII/ptolemy/actor/lib/test/auto/DiscreteClock5.xml
6 ms. Memory: 519168K Free: 381631K (74%)
----------------- Invoking toplevel() on ptolemy.moml.MoMLSimpleApplication@2732ee48
----------------- Done invoking toplevel() on ptolemy.moml.MoMLSimpleApplication@2732ee48
reloadAllAccessors: .DiscreteClock5

===========================================================================================
----------------- testing Wed Dec 04 06:18:55 UTC 2019 /home/travis/build/icyphy/ptII/ptolemy/actor/lib/test/auto/DiscreteClock6.xml
----------------- Instantiating /home/travis/build/icyphy/ptII/ptolemy/actor/lib/test/auto/DiscreteClock6.xml
2 ms. Memory: 519168K Free: 378045K (73%)
----------------- Invoking toplevel() on ptolemy.moml.MoMLSimpleApplication@260980a4
----------------- Done invoking toplevel() on ptolemy.moml.MoMLSimpleApplication@260980a4
reloadAllAccessors: .DiscreteClock6

===========================================================================================
----------------- testing Wed Dec 04 06:18:55 UTC 2019 /home/travis/build/icyphy/ptII/ptolemy/actor/lib/test/auto/DiscreteClock7.xml
----------------- Instantiating /home/travis/build/icyphy/ptII/ptolemy/actor/lib/test/auto/DiscreteClock7.xml
1 ms. Memory: 519168K Free: 372925K (72%)
----------------- Invoking toplevel() on ptolemy.moml.MoMLSimpleApplication@714f00ac
----------------- Done invoking toplevel() on ptolemy.moml.MoMLSimpleApplication@714f00ac
reloadAllAccessors: .DiscreteClock7

===========================================================================================
----------------- testing Wed Dec 04 06:18:55 UTC 2019 /home/travis/build/icyphy/ptII/ptolemy/actor/lib/test/auto/DiscreteClock8.xml
----------------- Instantiating /home/travis/build/icyphy/ptII/ptolemy/actor/lib/test/auto/DiscreteClock8.xml
5 ms. Memory: 519168K Free: 367295K (71%)
----------------- Invoking toplevel() on ptolemy.moml.MoMLSimpleApplication@726934eb
----------------- Done invoking toplevel() on ptolemy.moml.MoMLSimpleApplication@726934eb
reloadAllAccessors: .DiscreteClock8

===========================================================================================
----------------- testing Wed Dec 04 06:18:55 UTC 2019 /home/travis/build/icyphy/ptII/ptolemy/actor/lib/test/auto/DiscreteClock9.xml
----------------- Instantiating /home/travis/build/icyphy/ptII/ptolemy/actor/lib/test/auto/DiscreteClock9.xml
5 ms. Memory: 519168K Free: 361151K (70%)
----------------- Invoking toplevel() on ptolemy.moml.MoMLSimpleApplication@6977ee32
----------------- Done invoking toplevel() on ptolemy.moml.MoMLSimpleApplication@6977ee32
reloadAllAccessors: .DiscreteClock9

===========================================================================================
----------------- testing Wed Dec 04 06:18:55 UTC 2019 /home/travis/build/icyphy/ptII/ptolemy/actor/lib/test/auto/DisplayArray.xml
----------------- Instantiating /home/travis/build/icyphy/ptII/ptolemy/actor/lib/test/auto/DisplayArray.xml
3 ms. Memory: 519168K Free: 357565K (69%)
----------------- Invoking toplevel() on ptolemy.moml.MoMLSimpleApplication@58d107e3
----------------- Done invoking toplevel() on ptolemy.moml.MoMLSimpleApplication@58d107e3
reloadAllAccessors: .DisplayArray

===========================================================================================
----------------- testing Wed Dec 04 06:18:55 UTC 2019 /home/travis/build/icyphy/ptII/ptolemy/actor/lib/test/auto/Distributor.xml
----------------- Instantiating /home/travis/build/icyphy/ptII/ptolemy/actor/lib/test/auto/Distributor.xml
2 ms. Memory: 519168K Free: 353469K (68%)
----------------- Invoking toplevel() on ptolemy.moml.MoMLSimpleApplication@2e8300fe
----------------- Done invoking toplevel() on ptolemy.moml.MoMLSimpleApplication@2e8300fe
reloadAllAccessors: .Distributor

===========================================================================================
----------------- testing Wed Dec 04 06:18:55 UTC 2019 /home/travis/build/icyphy/ptII/ptolemy/actor/lib/test/auto/Distributor2.xml
----------------- Instantiating /home/travis/build/icyphy/ptII/ptolemy/actor/lib/test/auto/Distributor2.xml
2 ms. Memory: 519168K Free: 347839K (67%)
----------------- Invoking toplevel() on ptolemy.moml.MoMLSimpleApplication@da318bc
----------------- Done invoking toplevel() on ptolemy.moml.MoMLSimpleApplication@da318bc
reloadAllAccessors: .Distributor2

===========================================================================================
----------------- testing Wed Dec 04 06:18:55 UTC 2019 /home/travis/build/icyphy/ptII/ptolemy/actor/lib/test/auto/DownSample.xml
----------------- Instantiating /home/travis/build/icyphy/ptII/ptolemy/actor/lib/test/auto/DownSample.xml
2 ms. Memory: 519168K Free: 343229K (66%)
----------------- Invoking toplevel() on ptolemy.moml.MoMLSimpleApplication@45cba312
----------------- Done invoking toplevel() on ptolemy.moml.MoMLSimpleApplication@45cba312
reloadAllAccessors: .DownSample

===========================================================================================
----------------- testing Wed Dec 04 06:18:55 UTC 2019 /home/travis/build/icyphy/ptII/ptolemy/actor/lib/test/auto/ElectronicUnitBase1.xml
----------------- Instantiating /home/travis/build/icyphy/ptII/ptolemy/actor/lib/test/auto/ElectronicUnitBase1.xml
18 ms. Memory: 519168K Free: 327359K (63%)
----------------- Invoking toplevel() on ptolemy.moml.MoMLSimpleApplication@29bfc54d
----------------- Done invoking toplevel() on ptolemy.moml.MoMLSimpleApplication@29bfc54d
reloadAllAccessors: .ElectronicUnitBase1

===========================================================================================
----------------- testing Wed Dec 04 06:18:55 UTC 2019 /home/travis/build/icyphy/ptII/ptolemy/actor/lib/test/auto/ElementsToArray.xml
----------------- Instantiating /home/travis/build/icyphy/ptII/ptolemy/actor/lib/test/auto/ElementsToArray.xml
3 ms. Memory: 519168K Free: 322239K (62%)
----------------- Invoking toplevel() on ptolemy.moml.MoMLSimpleApplication@12033806
----------------- Done invoking toplevel() on ptolemy.moml.MoMLSimpleApplication@12033806
reloadAllAccessors: .ElementsToArray

===========================================================================================
----------------- testing Wed Dec 04 06:18:55 UTC 2019 /home/travis/build/icyphy/ptII/ptolemy/actor/lib/test/auto/Equals.xml
----------------- Instantiating /home/travis/build/icyphy/ptII/ptolemy/actor/lib/test/auto/Equals.xml
3 ms. Memory: 519168K Free: 318143K (61%)
----------------- Invoking toplevel() on ptolemy.moml.MoMLSimpleApplication@598f9ee1
----------------- Done invoking toplevel() on ptolemy.moml.MoMLSimpleApplication@598f9ee1
reloadAllAccessors: .Equals

===========================================================================================
----------------- testing Wed Dec 04 06:18:55 UTC 2019 /home/travis/build/icyphy/ptII/ptolemy/actor/lib/test/auto/Exec.xml
----------------- Instantiating /home/travis/build/icyphy/ptII/ptolemy/actor/lib/test/auto/Exec.xml
22 ms. Memory: 519168K Free: 311999K (60%)
----------------- Invoking toplevel() on ptolemy.moml.MoMLSimpleApplication@1af16a97
----------------- Done invoking toplevel() on ptolemy.moml.MoMLSimpleApplication@1af16a97
reloadAllAccessors: .Exec

===========================================================================================
----------------- testing Wed Dec 04 06:18:55 UTC 2019 /home/travis/build/icyphy/ptII/ptolemy/actor/lib/test/auto/ExecEnvironment.xml
----------------- Instantiating /home/travis/build/icyphy/ptII/ptolemy/actor/lib/test/auto/ExecEnvironment.xml
44 ms. Memory: 519168K Free: 305855K (59%)
----------------- Invoking toplevel() on ptolemy.moml.MoMLSimpleApplication@220a2653
----------------- Done invoking toplevel() on ptolemy.moml.MoMLSimpleApplication@220a2653
reloadAllAccessors: .ExecEnvironment

===========================================================================================
----------------- testing Wed Dec 04 06:18:55 UTC 2019 /home/travis/build/icyphy/ptII/ptolemy/actor/lib/test/auto/ExecNonZeroReturnOutput.xml
----------------- Instantiating /home/travis/build/icyphy/ptII/ptolemy/actor/lib/test/auto/ExecNonZeroReturnOutput.xml
197 ms. Memory: 519168K Free: 294591K (57%)
----------------- Invoking toplevel() on ptolemy.moml.MoMLSimpleApplication@4707548d
----------------- Done invoking toplevel() on ptolemy.moml.MoMLSimpleApplication@4707548d
reloadAllAccessors: .ExecNonZeroReturnOutput

===========================================================================================
----------------- testing Wed Dec 04 06:18:55 UTC 2019 /home/travis/build/icyphy/ptII/ptolemy/actor/lib/test/auto/ExecRunDemos.xml
----------------- Instantiating /home/travis/build/icyphy/ptII/ptolemy/actor/lib/test/auto/ExecRunDemos.xml
Finished: 72 ms. Memory: 120832K Free: 104449K (86%)

Finished: 63 ms. Memory: 120832K Free: 110623K (92%)

Finished: 85 ms. Memory: 120832K Free: 110651K (92%)

Finished: 85 ms. Memory: 120832K Free: 111418K (92%)

Finished: 82 ms. Memory: 120832K Free: 104078K (86%)

10934 ms. Memory: 519168K Free: 273085K (53%)
----------------- Invoking toplevel() on ptolemy.moml.MoMLSimpleApplication@4b3227f4
----------------- Done invoking toplevel() on ptolemy.moml.MoMLSimpleApplication@4b3227f4
reloadAllAccessors: .ExecRunDemos

===========================================================================================
----------------- testing Wed Dec 04 06:19:06 UTC 2019 /home/travis/build/icyphy/ptII/ptolemy/actor/lib/test/auto/ExecStop.xml
----------------- Instantiating /home/travis/build/icyphy/ptII/ptolemy/actor/lib/test/auto/ExecStop.xml
5012 ms. Memory: 519168K Free: 459513K (89%)
----------------- Invoking toplevel() on ptolemy.moml.MoMLSimpleApplication@3d371bb1
----------------- Done invoking toplevel() on ptolemy.moml.MoMLSimpleApplication@3d371bb1
reloadAllAccessors: .ExecStop

===========================================================================================
----------------- testing Wed Dec 04 06:19:11 UTC 2019 /home/travis/build/icyphy/ptII/ptolemy/actor/lib/test/auto/ExecutionTimeSDF.xml
----------------- Instantiating /home/travis/build/icyphy/ptII/ptolemy/actor/lib/test/auto/ExecutionTimeSDF.xml
Fired ExecutionTime: -1811767296
Fired ExecutionTime: 1068000000
Fired ExecutionTime: -1082167296
6007 ms. Memory: 519168K Free: 446715K (86%)
----------------- Invoking toplevel() on ptolemy.moml.MoMLSimpleApplication@787c30c7
----------------- Done invoking toplevel() on ptolemy.moml.MoMLSimpleApplication@787c30c7
reloadAllAccessors: .ExecutionTimeSDF

===========================================================================================
----------------- testing Wed Dec 04 06:19:17 UTC 2019 /home/travis/build/icyphy/ptII/ptolemy/actor/lib/test/auto/Expression1.xml
----------------- Instantiating /home/travis/build/icyphy/ptII/ptolemy/actor/lib/test/auto/Expression1.xml
1 ms. Memory: 519168K Free: 443129K (85%)
----------------- Invoking toplevel() on ptolemy.moml.MoMLSimpleApplication@27c7b84a
----------------- Done invoking toplevel() on ptolemy.moml.MoMLSimpleApplication@27c7b84a
reloadAllAccessors: .Expression1

===========================================================================================
----------------- testing Wed Dec 04 06:19:17 UTC 2019 /home/travis/build/icyphy/ptII/ptolemy/actor/lib/test/auto/Expression10.xml
----------------- Instantiating /home/travis/build/icyphy/ptII/ptolemy/actor/lib/test/auto/Expression10.xml
8 ms. Memory: 519168K Free: 438009K (84%)
----------------- Invoking toplevel() on ptolemy.moml.MoMLSimpleApplication@5ae539ab
----------------- Done invoking toplevel() on ptolemy.moml.MoMLSimpleApplication@5ae539ab
reloadAllAccessors: .Expression10

===========================================================================================
----------------- testing Wed Dec 04 06:19:17 UTC 2019 /home/travis/build/icyphy/ptII/ptolemy/actor/lib/test/auto/Expression11.xml
----------------- Instantiating /home/travis/build/icyphy/ptII/ptolemy/actor/lib/test/auto/Expression11.xml
2 ms. Memory: 519168K Free: 433403K (83%)
----------------- Invoking toplevel() on ptolemy.moml.MoMLSimpleApplication@4bb2973
----------------- Done invoking toplevel() on ptolemy.moml.MoMLSimpleApplication@4bb2973
reloadAllAccessors: .Expression11

===========================================================================================
----------------- testing Wed Dec 04 06:19:17 UTC 2019 /home/travis/build/icyphy/ptII/ptolemy/actor/lib/test/auto/Expression12.xml
----------------- Instantiating /home/travis/build/icyphy/ptII/ptolemy/actor/lib/test/auto/Expression12.xml
2 ms. Memory: 519168K Free: 427769K (82%)
----------------- Invoking toplevel() on ptolemy.moml.MoMLSimpleApplication@496be9b2
----------------- Done invoking toplevel() on ptolemy.moml.MoMLSimpleApplication@496be9b2
reloadAllAccessors: .Expression12

===========================================================================================
----------------- testing Wed Dec 04 06:19:17 UTC 2019 /home/travis/build/icyphy/ptII/ptolemy/actor/lib/test/auto/Expression13.xml
----------------- Instantiating /home/travis/build/icyphy/ptII/ptolemy/actor/lib/test/auto/Expression13.xml
2 ms. Memory: 519168K Free: 422649K (81%)
----------------- Invoking toplevel() on ptolemy.moml.MoMLSimpleApplication@1e792b04
----------------- Done invoking toplevel() on ptolemy.moml.MoMLSimpleApplication@1e792b04
reloadAllAccessors: .Expression13

===========================================================================================
----------------- testing Wed Dec 04 06:19:17 UTC 2019 /home/travis/build/icyphy/ptII/ptolemy/actor/lib/test/auto/Expression14.xml
----------------- Instantiating /home/travis/build/icyphy/ptII/ptolemy/actor/lib/test/auto/Expression14.xml
7 ms. Memory: 519168K Free: 417019K (80%)
----------------- Invoking toplevel() on ptolemy.moml.MoMLSimpleApplication@25296ec0
----------------- Done invoking toplevel() on ptolemy.moml.MoMLSimpleApplication@25296ec0
reloadAllAccessors: .Expression14

===========================================================================================
----------------- testing Wed Dec 04 06:19:17 UTC 2019 /home/travis/build/icyphy/ptII/ptolemy/actor/lib/test/auto/Expression15.xml
----------------- Instantiating /home/travis/build/icyphy/ptII/ptolemy/actor/lib/test/auto/Expression15.xml
2 ms. Memory: 519168K Free: 412923K (80%)
----------------- Invoking toplevel() on ptolemy.moml.MoMLSimpleApplication@7c8ffab8
----------------- Done invoking toplevel() on ptolemy.moml.MoMLSimpleApplication@7c8ffab8
reloadAllAccessors: .Expression15

===========================================================================================
----------------- testing Wed Dec 04 06:19:17 UTC 2019 /home/travis/build/icyphy/ptII/ptolemy/actor/lib/test/auto/Expression16.xml
----------------- Instantiating /home/travis/build/icyphy/ptII/ptolemy/actor/lib/test/auto/Expression16.xml
3 ms. Memory: 519168K Free: 407803K (79%)
----------------- Invoking toplevel() on ptolemy.moml.MoMLSimpleApplication@2a3718f2
----------------- Done invoking toplevel() on ptolemy.moml.MoMLSimpleApplication@2a3718f2
reloadAllAccessors: .Expression16

===========================================================================================
----------------- testing Wed Dec 04 06:19:17 UTC 2019 /home/travis/build/icyphy/ptII/ptolemy/actor/lib/test/auto/Expression17.xml
----------------- Instantiating /home/travis/build/icyphy/ptII/ptolemy/actor/lib/test/auto/Expression17.xml
4 ms. Memory: 519168K Free: 402683K (78%)
----------------- Invoking toplevel() on ptolemy.moml.MoMLSimpleApplication@18f2c20
----------------- Done invoking toplevel() on ptolemy.moml.MoMLSimpleApplication@18f2c20
reloadAllAccessors: .Expression17

===========================================================================================
----------------- testing Wed Dec 04 06:19:17 UTC 2019 /home/travis/build/icyphy/ptII/ptolemy/actor/lib/test/auto/Expression18.xml
----------------- Instantiating /home/travis/build/icyphy/ptII/ptolemy/actor/lib/test/auto/Expression18.xml
5 ms. Memory: 519168K Free: 398043K (77%)
----------------- Invoking toplevel() on ptolemy.moml.MoMLSimpleApplication@241d67a5
----------------- Done invoking toplevel() on ptolemy.moml.MoMLSimpleApplication@241d67a5
reloadAllAccessors: .Expression18

===========================================================================================
----------------- testing Wed Dec 04 06:19:17 UTC 2019 /home/travis/build/icyphy/ptII/ptolemy/actor/lib/test/auto/Expression2.xml
----------------- Instantiating /home/travis/build/icyphy/ptII/ptolemy/actor/lib/test/auto/Expression2.xml
3 ms. Memory: 519168K Free: 393467K (76%)
----------------- Invoking toplevel() on ptolemy.moml.MoMLSimpleApplication@520a972
----------------- Done invoking toplevel() on ptolemy.moml.MoMLSimpleApplication@520a972
reloadAllAccessors: .Expression2

===========================================================================================
----------------- testing Wed Dec 04 06:19:18 UTC 2019 /home/travis/build/icyphy/ptII/ptolemy/actor/lib/test/auto/Expression3.xml
----------------- Instantiating /home/travis/build/icyphy/ptII/ptolemy/actor/lib/test/auto/Expression3.xml
7 ms. Memory: 519168K Free: 388347K (75%)
----------------- Invoking toplevel() on ptolemy.moml.MoMLSimpleApplication@52cce81d
----------------- Done invoking toplevel() on ptolemy.moml.MoMLSimpleApplication@52cce81d
reloadAllAccessors: .Expression3

===========================================================================================
----------------- testing Wed Dec 04 06:19:18 UTC 2019 /home/travis/build/icyphy/ptII/ptolemy/actor/lib/test/auto/Expression4.xml
----------------- Instantiating /home/travis/build/icyphy/ptII/ptolemy/actor/lib/test/auto/Expression4.xml
5 ms. Memory: 519168K Free: 380651K (73%)
----------------- Invoking toplevel() on ptolemy.moml.MoMLSimpleApplication@7351b4a8
----------------- Done invoking toplevel() on ptolemy.moml.MoMLSimpleApplication@7351b4a8
reloadAllAccessors: .Expression4

===========================================================================================
----------------- testing Wed Dec 04 06:19:18 UTC 2019 /home/travis/build/icyphy/ptII/ptolemy/actor/lib/test/auto/Expression5.xml
----------------- Instantiating /home/travis/build/icyphy/ptII/ptolemy/actor/lib/test/auto/Expression5.xml
3 ms. Memory: 519168K Free: 375545K (72%)
----------------- Invoking toplevel() on ptolemy.moml.MoMLSimpleApplication@4dac54f7
----------------- Done invoking toplevel() on ptolemy.moml.MoMLSimpleApplication@4dac54f7
reloadAllAccessors: .Expression5

===========================================================================================
----------------- testing Wed Dec 04 06:19:18 UTC 2019 /home/travis/build/icyphy/ptII/ptolemy/actor/lib/test/auto/Expression6.xml
----------------- Instantiating /home/travis/build/icyphy/ptII/ptolemy/actor/lib/test/auto/Expression6.xml
2 ms. Memory: 519168K Free: 370939K (71%)
----------------- Invoking toplevel() on ptolemy.moml.MoMLSimpleApplication@6f24e0fc
----------------- Done invoking toplevel() on ptolemy.moml.MoMLSimpleApplication@6f24e0fc
reloadAllAccessors: .Expression6

===========================================================================================
----------------- testing Wed Dec 04 06:19:18 UTC 2019 /home/travis/build/icyphy/ptII/ptolemy/actor/lib/test/auto/Expression7.xml
----------------- Instantiating /home/travis/build/icyphy/ptII/ptolemy/actor/lib/test/auto/Expression7.xml
3 ms. Memory: 519168K Free: 365819K (70%)
----------------- Invoking toplevel() on ptolemy.moml.MoMLSimpleApplication@65ee998e
----------------- Done invoking toplevel() on ptolemy.moml.MoMLSimpleApplication@65ee998e
reloadAllAccessors: .Expression7

===========================================================================================
----------------- testing Wed Dec 04 06:19:18 UTC 2019 /home/travis/build/icyphy/ptII/ptolemy/actor/lib/test/auto/Expression8.xml
----------------- Instantiating /home/travis/build/icyphy/ptII/ptolemy/actor/lib/test/auto/Expression8.xml
9 ms. Memory: 519168K Free: 361209K (70%)
----------------- Invoking toplevel() on ptolemy.moml.MoMLSimpleApplication@73bfe34c
----------------- Done invoking toplevel() on ptolemy.moml.MoMLSimpleApplication@73bfe34c
reloadAllAccessors: .Expression8

===========================================================================================
----------------- testing Wed Dec 04 06:19:18 UTC 2019 /home/travis/build/icyphy/ptII/ptolemy/actor/lib/test/auto/Expression9.xml
----------------- Instantiating /home/travis/build/icyphy/ptII/ptolemy/actor/lib/test/auto/Expression9.xml
2 ms. Memory: 519168K Free: 357113K (69%)
----------------- Invoking toplevel() on ptolemy.moml.MoMLSimpleApplication@21399fb0
----------------- Done invoking toplevel() on ptolemy.moml.MoMLSimpleApplication@21399fb0
reloadAllAccessors: .Expression9

===========================================================================================
----------------- testing Wed Dec 04 06:19:18 UTC 2019 /home/travis/build/icyphy/ptII/ptolemy/actor/lib/test/auto/ExpressionConcatenateArrayType.xml
----------------- Instantiating /home/travis/build/icyphy/ptII/ptolemy/actor/lib/test/auto/ExpressionConcatenateArrayType.xml
3 ms. Memory: 519168K Free: 350459K (68%)
----------------- Invoking toplevel() on ptolemy.moml.MoMLSimpleApplication@5cc23cb9
----------------- Done invoking toplevel() on ptolemy.moml.MoMLSimpleApplication@5cc23cb9
reloadAllAccessors: .ExpressionConcatenateArrayType

===========================================================================================
----------------- testing Wed Dec 04 06:19:18 UTC 2019 /home/travis/build/icyphy/ptII/ptolemy/actor/lib/test/auto/ExpressionConcatenateArrayType2.xml
----------------- Instantiating /home/travis/build/icyphy/ptII/ptolemy/actor/lib/test/auto/ExpressionConcatenateArrayType2.xml
2 ms. Memory: 519168K Free: 344825K (66%)
----------------- Invoking toplevel() on ptolemy.moml.MoMLSimpleApplication@19bbfb6b
----------------- Done invoking toplevel() on ptolemy.moml.MoMLSimpleApplication@19bbfb6b
reloadAllAccessors: .ExpressionConcatenateArrayType2

===========================================================================================
----------------- testing Wed Dec 04 06:19:18 UTC 2019 /home/travis/build/icyphy/ptII/ptolemy/actor/lib/test/auto/ExpressionFix.xml
----------------- Instantiating /home/travis/build/icyphy/ptII/ptolemy/actor/lib/test/auto/ExpressionFix.xml
21 ms. Memory: 519168K Free: 338171K (65%)
----------------- Invoking toplevel() on ptolemy.moml.MoMLSimpleApplication@1f7fd13c
----------------- Done invoking toplevel() on ptolemy.moml.MoMLSimpleApplication@1f7fd13c
reloadAllAccessors: .ExpressionFix

===========================================================================================
----------------- testing Wed Dec 04 06:19:18 UTC 2019 /home/travis/build/icyphy/ptII/ptolemy/actor/lib/test/auto/ExpressionFix2.xml
----------------- Instantiating /home/travis/build/icyphy/ptII/ptolemy/actor/lib/test/auto/ExpressionFix2.xml
4 ms. Memory: 519168K Free: 334585K (64%)
----------------- Invoking toplevel() on ptolemy.moml.MoMLSimpleApplication@5b9cdafc
----------------- Done invoking toplevel() on ptolemy.moml.MoMLSimpleApplication@5b9cdafc
reloadAllAccessors: .ExpressionFix2

===========================================================================================
----------------- testing Wed Dec 04 06:19:18 UTC 2019 /home/travis/build/icyphy/ptII/ptolemy/actor/lib/test/auto/ExpressionFix3.xml
----------------- Instantiating /home/travis/build/icyphy/ptII/ptolemy/actor/lib/test/auto/ExpressionFix3.xml
3 ms. Memory: 519168K Free: 329979K (64%)
----------------- Invoking toplevel() on ptolemy.moml.MoMLSimpleApplication@32ec261a
----------------- Done invoking toplevel() on ptolemy.moml.MoMLSimpleApplication@32ec261a
reloadAllAccessors: .ExpressionFix3

===========================================================================================
----------------- testing Wed Dec 04 06:19:18 UTC 2019 /home/travis/build/icyphy/ptII/ptolemy/actor/lib/test/auto/FileWriter1.xml
----------------- Instantiating /home/travis/build/icyphy/ptII/ptolemy/actor/lib/test/auto/FileWriter1.xml
2 ms. Memory: 519168K Free: 325883K (63%)
----------------- Invoking toplevel() on ptolemy.moml.MoMLSimpleApplication@2a0365a5
----------------- Done invoking toplevel() on ptolemy.moml.MoMLSimpleApplication@2a0365a5
reloadAllAccessors: .FileWriter1

===========================================================================================
----------------- testing Wed Dec 04 06:19:18 UTC 2019 /home/travis/build/icyphy/ptII/ptolemy/actor/lib/test/auto/FileWriter2.xml
----------------- Instantiating /home/travis/build/icyphy/ptII/ptolemy/actor/lib/test/auto/FileWriter2.xml
2 ms. Memory: 519168K Free: 321273K (62%)
----------------- Invoking toplevel() on ptolemy.moml.MoMLSimpleApplication@513d39ca
----------------- Done invoking toplevel() on ptolemy.moml.MoMLSimpleApplication@513d39ca
reloadAllAccessors: .FileWriter2

===========================================================================================
----------------- testing Wed Dec 04 06:19:18 UTC 2019 /home/travis/build/icyphy/ptII/ptolemy/actor/lib/test/auto/FileWriter3.xml
----------------- Instantiating /home/travis/build/icyphy/ptII/ptolemy/actor/lib/test/auto/FileWriter3.xml
4 ms. Memory: 519168K Free: 317177K (61%)
----------------- Invoking toplevel() on ptolemy.moml.MoMLSimpleApplication@1ce1bb09
----------------- Done invoking toplevel() on ptolemy.moml.MoMLSimpleApplication@1ce1bb09
reloadAllAccessors: .FileWriter3

===========================================================================================
----------------- testing Wed Dec 04 06:19:18 UTC 2019 /home/travis/build/icyphy/ptII/ptolemy/actor/lib/test/auto/Gaussian.xml
----------------- Instantiating /home/travis/build/icyphy/ptII/ptolemy/actor/lib/test/auto/Gaussian.xml
3 ms. Memory: 519168K Free: 312571K (60%)
----------------- Invoking toplevel() on ptolemy.moml.MoMLSimpleApplication@68cc0d17
----------------- Done invoking toplevel() on ptolemy.moml.MoMLSimpleApplication@68cc0d17
reloadAllAccessors: .Gaussian

===========================================================================================
----------------- testing Wed Dec 04 06:19:18 UTC 2019 /home/travis/build/icyphy/ptII/ptolemy/actor/lib/test/auto/Gaussian1.xml
----------------- Instantiating /home/travis/build/icyphy/ptII/ptolemy/actor/lib/test/auto/Gaussian1.xml
2 ms. Memory: 519168K Free: 307451K (59%)
----------------- Invoking toplevel() on ptolemy.moml.MoMLSimpleApplication@574a001d
----------------- Done invoking toplevel() on ptolemy.moml.MoMLSimpleApplication@574a001d
reloadAllAccessors: .Gaussian1

===========================================================================================
----------------- testing Wed Dec 04 06:19:18 UTC 2019 /home/travis/build/icyphy/ptII/ptolemy/actor/lib/test/auto/Gaussian2.xml
----------------- Instantiating /home/travis/build/icyphy/ptII/ptolemy/actor/lib/test/auto/Gaussian2.xml
10 ms. Memory: 519168K Free: 301811K (58%)
----------------- Invoking toplevel() on ptolemy.moml.MoMLSimpleApplication@3ff39b74
----------------- Done invoking toplevel() on ptolemy.moml.MoMLSimpleApplication@3ff39b74
reloadAllAccessors: .Gaussian2

===========================================================================================
----------------- testing Wed Dec 04 06:19:18 UTC 2019 /home/travis/build/icyphy/ptII/ptolemy/actor/lib/test/auto/GradientAdaptiveLattice.xml
----------------- Instantiating /home/travis/build/icyphy/ptII/ptolemy/actor/lib/test/auto/GradientAdaptiveLattice.xml
3 ms. Memory: 519168K Free: 296697K (57%)
----------------- Invoking toplevel() on ptolemy.moml.MoMLSimpleApplication@1f85167c
----------------- Done invoking toplevel() on ptolemy.moml.MoMLSimpleApplication@1f85167c
reloadAllAccessors: .GradientAdaptiveLattice

===========================================================================================
----------------- testing Wed Dec 04 06:19:18 UTC 2019 /home/travis/build/icyphy/ptII/ptolemy/actor/lib/test/auto/IIR.xml
----------------- Instantiating /home/travis/build/icyphy/ptII/ptolemy/actor/lib/test/auto/IIR.xml
1 ms. Memory: 519168K Free: 292091K (56%)
----------------- Invoking toplevel() on ptolemy.moml.MoMLSimpleApplication@117882fd
----------------- Done invoking toplevel() on ptolemy.moml.MoMLSimpleApplication@117882fd
reloadAllAccessors: .IIR

===========================================================================================
----------------- testing Wed Dec 04 06:19:18 UTC 2019 /home/travis/build/icyphy/ptII/ptolemy/actor/lib/test/auto/InputOutputTransparentPorts.xml
----------------- Instantiating /home/travis/build/icyphy/ptII/ptolemy/actor/lib/test/auto/InputOutputTransparentPorts.xml
2 ms. Memory: 519168K Free: 284409K (55%)
----------------- Invoking toplevel() on ptolemy.moml.MoMLSimpleApplication@372cf6c7
----------------- Done invoking toplevel() on ptolemy.moml.MoMLSimpleApplication@372cf6c7
reloadAllAccessors: .InputOutputTransparentPorts

===========================================================================================
----------------- testing Wed Dec 04 06:19:18 UTC 2019 /home/travis/build/icyphy/ptII/ptolemy/actor/lib/test/auto/Interpolator.xml
----------------- Instantiating /home/travis/build/icyphy/ptII/ptolemy/actor/lib/test/auto/Interpolator.xml
4 ms. Memory: 519168K Free: 280313K (54%)
----------------- Invoking toplevel() on ptolemy.moml.MoMLSimpleApplication@613b5ba
----------------- Done invoking toplevel() on ptolemy.moml.MoMLSimpleApplication@613b5ba
reloadAllAccessors: .Interpolator

===========================================================================================
----------------- testing Wed Dec 04 06:19:18 UTC 2019 /home/travis/build/icyphy/ptII/ptolemy/actor/lib/test/auto/InterpolatorFiringLimitDE.xml
----------------- Instantiating /home/travis/build/icyphy/ptII/ptolemy/actor/lib/test/auto/InterpolatorFiringLimitDE.xml
1 ms. Memory: 519168K Free: 274169K (53%)
----------------- Invoking toplevel() on ptolemy.moml.MoMLSimpleApplication@360d1e23
----------------- Done invoking toplevel() on ptolemy.moml.MoMLSimpleApplication@360d1e23
reloadAllAccessors: .InterpolatorFiringLimitDE

===========================================================================================
----------------- testing Wed Dec 04 06:19:18 UTC 2019 /home/travis/build/icyphy/ptII/ptolemy/actor/lib/test/auto/Lattice.xml
----------------- Instantiating /home/travis/build/icyphy/ptII/ptolemy/actor/lib/test/auto/Lattice.xml
1 ms. Memory: 519168K Free: 270073K (52%)
----------------- Invoking toplevel() on ptolemy.moml.MoMLSimpleApplication@3730720f
----------------- Done invoking toplevel() on ptolemy.moml.MoMLSimpleApplication@3730720f
reloadAllAccessors: .Lattice

===========================================================================================
----------------- testing Wed Dec 04 06:19:18 UTC 2019 /home/travis/build/icyphy/ptII/ptolemy/actor/lib/test/auto/LazyAOCTestLazy.xml
----------------- Instantiating /home/travis/build/icyphy/ptII/ptolemy/actor/lib/test/auto/LazyAOCTestLazy.xml
15 ms. Memory: 519168K Free: 264443K (51%)
----------------- Invoking toplevel() on ptolemy.moml.MoMLSimpleApplication@10f330d3
----------------- Done invoking toplevel() on ptolemy.moml.MoMLSimpleApplication@10f330d3
reloadAllAccessors: .LazyAOCTestLazy

===========================================================================================
----------------- testing Wed Dec 04 06:19:18 UTC 2019 /home/travis/build/icyphy/ptII/ptolemy/actor/lib/test/auto/LazyAOCTestNonLazy.xml
----------------- Instantiating /home/travis/build/icyphy/ptII/ptolemy/actor/lib/test/auto/LazyAOCTestNonLazy.xml
2 ms. Memory: 519168K Free: 258299K (50%)
----------------- Invoking toplevel() on ptolemy.moml.MoMLSimpleApplication@70ce8937
----------------- Done invoking toplevel() on ptolemy.moml.MoMLSimpleApplication@70ce8937
reloadAllAccessors: .LazyAOCTestNonLazy

===========================================================================================
----------------- testing Wed Dec 04 06:19:18 UTC 2019 /home/travis/build/icyphy/ptII/ptolemy/actor/lib/test/auto/LazyInnerClass.xml
----------------- Instantiating /home/travis/build/icyphy/ptII/ptolemy/actor/lib/test/auto/LazyInnerClass.xml
20 ms. Memory: 519168K Free: 249563K (48%)
----------------- Invoking toplevel() on ptolemy.moml.MoMLSimpleApplication@36865646
----------------- Done invoking toplevel() on ptolemy.moml.MoMLSimpleApplication@36865646
reloadAllAccessors: .LazyInnerClass

===========================================================================================
----------------- testing Wed Dec 04 06:19:18 UTC 2019 /home/travis/build/icyphy/ptII/ptolemy/actor/lib/test/auto/LazyPubSub.xml
----------------- Instantiating /home/travis/build/icyphy/ptII/ptolemy/actor/lib/test/auto/LazyPubSub.xml
22 ms. Memory: 519168K Free: 239353K (46%)
----------------- Invoking toplevel() on ptolemy.moml.MoMLSimpleApplication@6964fc7c
----------------- Done invoking toplevel() on ptolemy.moml.MoMLSimpleApplication@6964fc7c
reloadAllAccessors: .LazyPubSub

===========================================================================================
----------------- testing Wed Dec 04 06:19:18 UTC 2019 /home/travis/build/icyphy/ptII/ptolemy/actor/lib/test/auto/LazyPubSub2.xml
----------------- Instantiating /home/travis/build/icyphy/ptII/ptolemy/actor/lib/test/auto/LazyPubSub2.xml
24 ms. Memory: 519168K Free: 229627K (44%)
----------------- Invoking toplevel() on ptolemy.moml.MoMLSimpleApplication@4161a3aa
----------------- Done invoking toplevel() on ptolemy.moml.MoMLSimpleApplication@4161a3aa
reloadAllAccessors: .LazyPubSub2

===========================================================================================
----------------- testing Wed Dec 04 06:19:18 UTC 2019 /home/travis/build/icyphy/ptII/ptolemy/actor/lib/test/auto/LazyPubSub3.xml
----------------- Instantiating /home/travis/build/icyphy/ptII/ptolemy/actor/lib/test/auto/LazyPubSub3.xml
14 ms. Memory: 519168K Free: 219387K (42%)
----------------- Invoking toplevel() on ptolemy.moml.MoMLSimpleApplication@464447e3
----------------- Done invoking toplevel() on ptolemy.moml.MoMLSimpleApplication@464447e3
reloadAllAccessors: .LazyPubSub3

===========================================================================================
----------------- testing Wed Dec 04 06:19:18 UTC 2019 /home/travis/build/icyphy/ptII/ptolemy/actor/lib/test/auto/LazySubClassModel.xml
----------------- Instantiating /home/travis/build/icyphy/ptII/ptolemy/actor/lib/test/auto/LazySubClassModel.xml
2 ms. Memory: 519168K Free: 210171K (40%)
----------------- Invoking toplevel() on ptolemy.moml.MoMLSimpleApplication@62bd737c
----------------- Done invoking toplevel() on ptolemy.moml.MoMLSimpleApplication@62bd737c
reloadAllAccessors: .LazySubClassModel

===========================================================================================
----------------- testing Wed Dec 04 06:19:18 UTC 2019 /home/travis/build/icyphy/ptII/ptolemy/actor/lib/test/auto/LevelCrossTest1.xml
----------------- Instantiating /home/travis/build/icyphy/ptII/ptolemy/actor/lib/test/auto/LevelCrossTest1.xml
1 ms. Memory: 519168K Free: 204537K (39%)
----------------- Invoking toplevel() on ptolemy.moml.MoMLSimpleApplication@6df541ba
----------------- Done invoking toplevel() on ptolemy.moml.MoMLSimpleApplication@6df541ba
reloadAllAccessors: .broken

===========================================================================================
----------------- testing Wed Dec 04 06:19:18 UTC 2019 /home/travis/build/icyphy/ptII/ptolemy/actor/lib/test/auto/LevelCrossTest10.xml
----------------- Instantiating /home/travis/build/icyphy/ptII/ptolemy/actor/lib/test/auto/LevelCrossTest10.xml
1 ms. Memory: 519168K Free: 197369K (38%)
----------------- Invoking toplevel() on ptolemy.moml.MoMLSimpleApplication@78930010
----------------- Done invoking toplevel() on ptolemy.moml.MoMLSimpleApplication@78930010
reloadAllAccessors: .LevelCrossTest10

===========================================================================================
----------------- testing Wed Dec 04 06:19:18 UTC 2019 /home/travis/build/icyphy/ptII/ptolemy/actor/lib/test/auto/LevelCrossTest11.xml
----------------- Instantiating /home/travis/build/icyphy/ptII/ptolemy/actor/lib/test/auto/LevelCrossTest11.xml
3 ms. Memory: 519168K Free: 189177K (36%)
----------------- Invoking toplevel() on ptolemy.moml.MoMLSimpleApplication@40a955bd
----------------- Done invoking toplevel() on ptolemy.moml.MoMLSimpleApplication@40a955bd
reloadAllAccessors: .LevelCrossTest11

===========================================================================================
----------------- testing Wed Dec 04 06:19:18 UTC 2019 /home/travis/build/icyphy/ptII/ptolemy/actor/lib/test/auto/LevelCrossTest12.xml
----------------- Instantiating /home/travis/build/icyphy/ptII/ptolemy/actor/lib/test/auto/LevelCrossTest12.xml
1 ms. Memory: 519168K Free: 182523K (35%)
----------------- Invoking toplevel() on ptolemy.moml.MoMLSimpleApplication@67f5122e
----------------- Done invoking toplevel() on ptolemy.moml.MoMLSimpleApplication@67f5122e
reloadAllAccessors: .LevelCrossTest12

===========================================================================================
----------------- testing Wed Dec 04 06:19:18 UTC 2019 /home/travis/build/icyphy/ptII/ptolemy/actor/lib/test/auto/LevelCrossTest13.xml
----------------- Instantiating /home/travis/build/icyphy/ptII/ptolemy/actor/lib/test/auto/LevelCrossTest13.xml
1 ms. Memory: 519168K Free: 175355K (34%)
----------------- Invoking toplevel() on ptolemy.moml.MoMLSimpleApplication@69686afe
----------------- Done invoking toplevel() on ptolemy.moml.MoMLSimpleApplication@69686afe
reloadAllAccessors: .LevelCrossTest13

===========================================================================================
----------------- testing Wed Dec 04 06:19:18 UTC 2019 /home/travis/build/icyphy/ptII/ptolemy/actor/lib/test/auto/LevelCrossTest2.xml
----------------- Instantiating /home/travis/build/icyphy/ptII/ptolemy/actor/lib/test/auto/LevelCrossTest2.xml
2 ms. Memory: 519168K Free: 169721K (33%)
----------------- Invoking toplevel() on ptolemy.moml.MoMLSimpleApplication@1f7db71b
----------------- Done invoking toplevel() on ptolemy.moml.MoMLSimpleApplication@1f7db71b
reloadAllAccessors: .broken

===========================================================================================
----------------- testing Wed Dec 04 06:19:18 UTC 2019 /home/travis/build/icyphy/ptII/ptolemy/actor/lib/test/auto/LevelCrossTest3.xml
----------------- Instantiating /home/travis/build/icyphy/ptII/ptolemy/actor/lib/test/auto/LevelCrossTest3.xml
4 ms. Memory: 519168K Free: 163577K (32%)
----------------- Invoking toplevel() on ptolemy.moml.MoMLSimpleApplication@3c1cfb53
----------------- Done invoking toplevel() on ptolemy.moml.MoMLSimpleApplication@3c1cfb53
reloadAllAccessors: .LevelCrossTest3

===========================================================================================
----------------- testing Wed Dec 04 06:19:18 UTC 2019 /home/travis/build/icyphy/ptII/ptolemy/actor/lib/test/auto/LevelCrossTest4.xml
----------------- Instantiating /home/travis/build/icyphy/ptII/ptolemy/actor/lib/test/auto/LevelCrossTest4.xml
1 ms. Memory: 519168K Free: 464118K (89%)
----------------- Invoking toplevel() on ptolemy.moml.MoMLSimpleApplication@40200292
----------------- Done invoking toplevel() on ptolemy.moml.MoMLSimpleApplication@40200292
reloadAllAccessors: .broken

===========================================================================================
----------------- testing Wed Dec 04 06:19:19 UTC 2019 /home/travis/build/icyphy/ptII/ptolemy/actor/lib/test/auto/LevelCrossTest5.xml
----------------- Instantiating /home/travis/build/icyphy/ptII/ptolemy/actor/lib/test/auto/LevelCrossTest5.xml
1 ms. Memory: 519168K Free: 456950K (88%)
----------------- Invoking toplevel() on ptolemy.moml.MoMLSimpleApplication@6a0d4e22
----------------- Done invoking toplevel() on ptolemy.moml.MoMLSimpleApplication@6a0d4e22
reloadAllAccessors: .LevelCrossTest5

===========================================================================================
----------------- testing Wed Dec 04 06:19:19 UTC 2019 /home/travis/build/icyphy/ptII/ptolemy/actor/lib/test/auto/LevelCrossTest6.xml
----------------- Instantiating /home/travis/build/icyphy/ptII/ptolemy/actor/lib/test/auto/LevelCrossTest6.xml
2 ms. Memory: 519168K Free: 449782K (87%)
----------------- Invoking toplevel() on ptolemy.moml.MoMLSimpleApplication@2d231085
----------------- Done invoking toplevel() on ptolemy.moml.MoMLSimpleApplication@2d231085
reloadAllAccessors: .LevelCrossTest6

===========================================================================================
----------------- testing Wed Dec 04 06:19:19 UTC 2019 /home/travis/build/icyphy/ptII/ptolemy/actor/lib/test/auto/LevelCrossTest7.xml
----------------- Instantiating /home/travis/build/icyphy/ptII/ptolemy/actor/lib/test/auto/LevelCrossTest7.xml
11 ms. Memory: 519168K Free: 442614K (85%)
----------------- Invoking toplevel() on ptolemy.moml.MoMLSimpleApplication@41c906d1
----------------- Done invoking toplevel() on ptolemy.moml.MoMLSimpleApplication@41c906d1
reloadAllAccessors: .LevelCrossTest7

===========================================================================================
----------------- testing Wed Dec 04 06:19:19 UTC 2019 /home/travis/build/icyphy/ptII/ptolemy/actor/lib/test/auto/LevelCrossTest8.xml
----------------- Instantiating /home/travis/build/icyphy/ptII/ptolemy/actor/lib/test/auto/LevelCrossTest8.xml
1 ms. Memory: 519168K Free: 434932K (84%)
----------------- Invoking toplevel() on ptolemy.moml.MoMLSimpleApplication@413c0c15
----------------- Done invoking toplevel() on ptolemy.moml.MoMLSimpleApplication@413c0c15
reloadAllAccessors: .LevelCrossTest8

===========================================================================================
----------------- testing Wed Dec 04 06:19:19 UTC 2019 /home/travis/build/icyphy/ptII/ptolemy/actor/lib/test/auto/LevelCrossTest9.xml
----------------- Instantiating /home/travis/build/icyphy/ptII/ptolemy/actor/lib/test/auto/LevelCrossTest9.xml
2 ms. Memory: 519168K Free: 427764K (82%)
----------------- Invoking toplevel() on ptolemy.moml.MoMLSimpleApplication@203d18ba
----------------- Done invoking toplevel() on ptolemy.moml.MoMLSimpleApplication@203d18ba
reloadAllAccessors: .LevelCrossTest9

===========================================================================================
----------------- testing Wed Dec 04 06:19:19 UTC 2019 /home/travis/build/icyphy/ptII/ptolemy/actor/lib/test/auto/LevinsonDurbin.xml
----------------- Instantiating /home/travis/build/icyphy/ptII/ptolemy/actor/lib/test/auto/LevinsonDurbin.xml
1 ms. Memory: 519168K Free: 423668K (82%)
----------------- Invoking toplevel() on ptolemy.moml.MoMLSimpleApplication@61a67002
----------------- Done invoking toplevel() on ptolemy.moml.MoMLSimpleApplication@61a67002
reloadAllAccessors: .LevinsonDurbin

===========================================================================================
----------------- testing Wed Dec 04 06:19:19 UTC 2019 /home/travis/build/icyphy/ptII/ptolemy/actor/lib/test/auto/LevinsonDurbin2.xml
----------------- Instantiating /home/travis/build/icyphy/ptII/ptolemy/actor/lib/test/auto/LevinsonDurbin2.xml
2 ms. Memory: 519168K Free: 419572K (81%)
----------------- Invoking toplevel() on ptolemy.moml.MoMLSimpleApplication@cc88d08
----------------- Done invoking toplevel() on ptolemy.moml.MoMLSimpleApplication@cc88d08
reloadAllAccessors: .LevinsonDurbin2

===========================================================================================
----------------- testing Wed Dec 04 06:19:19 UTC 2019 /home/travis/build/icyphy/ptII/ptolemy/actor/lib/test/auto/LevinsonDurbin3.xml
----------------- Instantiating /home/travis/build/icyphy/ptII/ptolemy/actor/lib/test/auto/LevinsonDurbin3.xml
2 ms. Memory: 519168K Free: 415476K (80%)
----------------- Invoking toplevel() on ptolemy.moml.MoMLSimpleApplication@8169a61
----------------- Done invoking toplevel() on ptolemy.moml.MoMLSimpleApplication@8169a61
reloadAllAccessors: .LevinsonDurbin3

===========================================================================================
----------------- testing Wed Dec 04 06:19:19 UTC 2019 /home/travis/build/icyphy/ptII/ptolemy/actor/lib/test/auto/Limiter.xml
----------------- Instantiating /home/travis/build/icyphy/ptII/ptolemy/actor/lib/test/auto/Limiter.xml
4 ms. Memory: 519168K Free: 406246K (78%)
----------------- Invoking toplevel() on ptolemy.moml.MoMLSimpleApplication@3956c23
----------------- Done invoking toplevel() on ptolemy.moml.MoMLSimpleApplication@3956c23
reloadAllAccessors: .Limiter

===========================================================================================
----------------- testing Wed Dec 04 06:19:19 UTC 2019 /home/travis/build/icyphy/ptII/ptolemy/actor/lib/test/auto/LinearDifferenceEquationSystem.xml
----------------- Instantiating /home/travis/build/icyphy/ptII/ptolemy/actor/lib/test/auto/LinearDifferenceEquationSystem.xml
3 ms. Memory: 519168K Free: 398582K (77%)
----------------- Invoking toplevel() on ptolemy.moml.MoMLSimpleApplication@75af3c11
----------------- Done invoking toplevel() on ptolemy.moml.MoMLSimpleApplication@75af3c11
reloadAllAccessors: .LinearDifferenceEquationSystem

===========================================================================================
----------------- testing Wed Dec 04 06:19:19 UTC 2019 /home/travis/build/icyphy/ptII/ptolemy/actor/lib/test/auto/LookupTable.xml
----------------- Instantiating /home/travis/build/icyphy/ptII/ptolemy/actor/lib/test/auto/LookupTable.xml
1 ms. Memory: 519168K Free: 393972K (76%)
----------------- Invoking toplevel() on ptolemy.moml.MoMLSimpleApplication@1b3ec1d7
----------------- Done invoking toplevel() on ptolemy.moml.MoMLSimpleApplication@1b3ec1d7
reloadAllAccessors: .LookupTable

===========================================================================================
----------------- testing Wed Dec 04 06:19:19 UTC 2019 /home/travis/build/icyphy/ptII/ptolemy/actor/lib/test/auto/MathFunction.xml
----------------- Instantiating /home/travis/build/icyphy/ptII/ptolemy/actor/lib/test/auto/MathFunction.xml
3 ms. Memory: 519168K Free: 385780K (74%)
----------------- Invoking toplevel() on ptolemy.moml.MoMLSimpleApplication@2f77b972
----------------- Done invoking toplevel() on ptolemy.moml.MoMLSimpleApplication@2f77b972
reloadAllAccessors: .MathFunction

===========================================================================================
----------------- testing Wed Dec 04 06:19:19 UTC 2019 /home/travis/build/icyphy/ptII/ptolemy/actor/lib/test/auto/MathFunction2.xml
----------------- Instantiating /home/travis/build/icyphy/ptII/ptolemy/actor/lib/test/auto/MathFunction2.xml
5 ms. Memory: 519168K Free: 381684K (74%)
----------------- Invoking toplevel() on ptolemy.moml.MoMLSimpleApplication@354acd3a
----------------- Done invoking toplevel() on ptolemy.moml.MoMLSimpleApplication@354acd3a
reloadAllAccessors: .MathFunction2

===========================================================================================
----------------- testing Wed Dec 04 06:19:19 UTC 2019 /home/travis/build/icyphy/ptII/ptolemy/actor/lib/test/auto/MathFunction3.xml
----------------- Instantiating /home/travis/build/icyphy/ptII/ptolemy/actor/lib/test/auto/MathFunction3.xml
2 ms. Memory: 519168K Free: 374516K (72%)
----------------- Invoking toplevel() on ptolemy.moml.MoMLSimpleApplication@52fc7b29
----------------- Done invoking toplevel() on ptolemy.moml.MoMLSimpleApplication@52fc7b29
reloadAllAccessors: .MathFunction3

===========================================================================================
----------------- testing Wed Dec 04 06:19:19 UTC 2019 /home/travis/build/icyphy/ptII/ptolemy/actor/lib/test/auto/MatrixCropBoolean.xml
----------------- Instantiating /home/travis/build/icyphy/ptII/ptolemy/actor/lib/test/auto/MatrixCropBoolean.xml
2 ms. Memory: 519168K Free: 370414K (71%)
----------------- Invoking toplevel() on ptolemy.moml.MoMLSimpleApplication@3da61c30
----------------- Done invoking toplevel() on ptolemy.moml.MoMLSimpleApplication@3da61c30
reloadAllAccessors: .MatrixCropBoolean

===========================================================================================
----------------- testing Wed Dec 04 06:19:19 UTC 2019 /home/travis/build/icyphy/ptII/ptolemy/actor/lib/test/auto/MatrixCropComplex.xml
----------------- Instantiating /home/travis/build/icyphy/ptII/ptolemy/actor/lib/test/auto/MatrixCropComplex.xml
2 ms. Memory: 519168K Free: 365286K (70%)
----------------- Invoking toplevel() on ptolemy.moml.MoMLSimpleApplication@7624dc0d
----------------- Done invoking toplevel() on ptolemy.moml.MoMLSimpleApplication@7624dc0d
reloadAllAccessors: .MatrixCropComplex

===========================================================================================
----------------- testing Wed Dec 04 06:19:19 UTC 2019 /home/travis/build/icyphy/ptII/ptolemy/actor/lib/test/auto/MatrixCropDouble.xml
----------------- Instantiating /home/travis/build/icyphy/ptII/ptolemy/actor/lib/test/auto/MatrixCropDouble.xml
2 ms. Memory: 519168K Free: 360694K (69%)
----------------- Invoking toplevel() on ptolemy.moml.MoMLSimpleApplication@5d306146
----------------- Done invoking toplevel() on ptolemy.moml.MoMLSimpleApplication@5d306146
reloadAllAccessors: .MatrixCropDouble

===========================================================================================
----------------- testing Wed Dec 04 06:19:19 UTC 2019 /home/travis/build/icyphy/ptII/ptolemy/actor/lib/test/auto/MatrixCropFix.xml
----------------- Instantiating /home/travis/build/icyphy/ptII/ptolemy/actor/lib/test/auto/MatrixCropFix.xml
2 ms. Memory: 519168K Free: 355574K (68%)
----------------- Invoking toplevel() on ptolemy.moml.MoMLSimpleApplication@76b90c4b
----------------- Done invoking toplevel() on ptolemy.moml.MoMLSimpleApplication@76b90c4b
reloadAllAccessors: .MatrixCropFix

===========================================================================================
----------------- testing Wed Dec 04 06:19:19 UTC 2019 /home/travis/build/icyphy/ptII/ptolemy/actor/lib/test/auto/MatrixCropInt.xml
----------------- Instantiating /home/travis/build/icyphy/ptII/ptolemy/actor/lib/test/auto/MatrixCropInt.xml
1 ms. Memory: 519168K Free: 350934K (68%)
----------------- Invoking toplevel() on ptolemy.moml.MoMLSimpleApplication@399c1abe
----------------- Done invoking toplevel() on ptolemy.moml.MoMLSimpleApplication@399c1abe
reloadAllAccessors: .MatrixCropInt

===========================================================================================
----------------- testing Wed Dec 04 06:19:19 UTC 2019 /home/travis/build/icyphy/ptII/ptolemy/actor/lib/test/auto/MatrixCropLong.xml
----------------- Instantiating /home/travis/build/icyphy/ptII/ptolemy/actor/lib/test/auto/MatrixCropLong.xml
3 ms. Memory: 519168K Free: 346358K (67%)
----------------- Invoking toplevel() on ptolemy.moml.MoMLSimpleApplication@209f7355
----------------- Done invoking toplevel() on ptolemy.moml.MoMLSimpleApplication@209f7355
reloadAllAccessors: .MatrixCropLong

===========================================================================================
----------------- testing Wed Dec 04 06:19:19 UTC 2019 /home/travis/build/icyphy/ptII/ptolemy/actor/lib/test/auto/MatrixToArray.xml
----------------- Instantiating /home/travis/build/icyphy/ptII/ptolemy/actor/lib/test/auto/MatrixToArray.xml
12 ms. Memory: 519168K Free: 331508K (64%)
----------------- Invoking toplevel() on ptolemy.moml.MoMLSimpleApplication@584f809c
----------------- Done invoking toplevel() on ptolemy.moml.MoMLSimpleApplication@584f809c
reloadAllAccessors: .MatrixToArray

===========================================================================================
----------------- testing Wed Dec 04 06:19:19 UTC 2019 /home/travis/build/icyphy/ptII/ptolemy/actor/lib/test/auto/MaxIndex.xml
----------------- Instantiating /home/travis/build/icyphy/ptII/ptolemy/actor/lib/test/auto/MaxIndex.xml
1 ms. Memory: 519168K Free: 326388K (63%)
----------------- Invoking toplevel() on ptolemy.moml.MoMLSimpleApplication@59d65299
----------------- Done invoking toplevel() on ptolemy.moml.MoMLSimpleApplication@59d65299
reloadAllAccessors: .MaxIndex

===========================================================================================
----------------- testing Wed Dec 04 06:19:19 UTC 2019 /home/travis/build/icyphy/ptII/ptolemy/actor/lib/test/auto/Maximum.xml
----------------- Instantiating /home/travis/build/icyphy/ptII/ptolemy/actor/lib/test/auto/Maximum.xml
3 ms. Memory: 519168K Free: 319734K (62%)
----------------- Invoking toplevel() on ptolemy.moml.MoMLSimpleApplication@4162440d
----------------- Done invoking toplevel() on ptolemy.moml.MoMLSimpleApplication@4162440d
reloadAllAccessors: .Maximum

===========================================================================================
----------------- testing Wed Dec 04 06:19:19 UTC 2019 /home/travis/build/icyphy/ptII/ptolemy/actor/lib/test/auto/MaximumComplex.xml
----------------- Instantiating /home/travis/build/icyphy/ptII/ptolemy/actor/lib/test/auto/MaximumComplex.xml
5 ms. Memory: 519168K Free: 313590K (60%)
----------------- Invoking toplevel() on ptolemy.moml.MoMLSimpleApplication@46bf26c
----------------- Done invoking toplevel() on ptolemy.moml.MoMLSimpleApplication@46bf26c
reloadAllAccessors: .MaximumComplex

===========================================================================================
----------------- testing Wed Dec 04 06:19:19 UTC 2019 /home/travis/build/icyphy/ptII/ptolemy/actor/lib/test/auto/MethodCallTest.xml
----------------- Instantiating /home/travis/build/icyphy/ptII/ptolemy/actor/lib/test/auto/MethodCallTest.xml
3 ms. Memory: 519168K Free: 306932K (59%)
----------------- Invoking toplevel() on ptolemy.moml.MoMLSimpleApplication@4f3f460b
----------------- Done invoking toplevel() on ptolemy.moml.MoMLSimpleApplication@4f3f460b
reloadAllAccessors: .MethodCallTest

===========================================================================================
----------------- testing Wed Dec 04 06:19:19 UTC 2019 /home/travis/build/icyphy/ptII/ptolemy/actor/lib/test/auto/Minimum.xml
----------------- Instantiating /home/travis/build/icyphy/ptII/ptolemy/actor/lib/test/auto/Minimum.xml
3 ms. Memory: 519168K Free: 300774K (58%)
----------------- Invoking toplevel() on ptolemy.moml.MoMLSimpleApplication@5fd801ae
----------------- Done invoking toplevel() on ptolemy.moml.MoMLSimpleApplication@5fd801ae
reloadAllAccessors: .Minimum

===========================================================================================
----------------- testing Wed Dec 04 06:19:19 UTC 2019 /home/travis/build/icyphy/ptII/ptolemy/actor/lib/test/auto/MinimumComplex.xml
----------------- Instantiating /home/travis/build/icyphy/ptII/ptolemy/actor/lib/test/auto/MinimumComplex.xml
3 ms. Memory: 519168K Free: 294630K (57%)
----------------- Invoking toplevel() on ptolemy.moml.MoMLSimpleApplication@4ccf0b17
----------------- Done invoking toplevel() on ptolemy.moml.MoMLSimpleApplication@4ccf0b17
reloadAllAccessors: .MinimumComplex

===========================================================================================
----------------- testing Wed Dec 04 06:19:19 UTC 2019 /home/travis/build/icyphy/ptII/ptolemy/actor/lib/test/auto/MinimumMultiports.xml
----------------- Instantiating /home/travis/build/icyphy/ptII/ptolemy/actor/lib/test/auto/MinimumMultiports.xml
4 ms. Memory: 519168K Free: 285942K (55%)
----------------- Invoking toplevel() on ptolemy.moml.MoMLSimpleApplication@75c43783
----------------- Done invoking toplevel() on ptolemy.moml.MoMLSimpleApplication@75c43783
reloadAllAccessors: .MinimumMultiports

===========================================================================================
----------------- testing Wed Dec 04 06:19:19 UTC 2019 /home/travis/build/icyphy/ptII/ptolemy/actor/lib/test/auto/ModifyDate.xml
----------------- Instantiating /home/travis/build/icyphy/ptII/ptolemy/actor/lib/test/auto/ModifyDate.xml
9 ms. Memory: 519168K Free: 273140K (53%)
----------------- Invoking toplevel() on ptolemy.moml.MoMLSimpleApplication@3c72636d
----------------- Done invoking toplevel() on ptolemy.moml.MoMLSimpleApplication@3c72636d
reloadAllAccessors: .ModifyDate

===========================================================================================
----------------- testing Wed Dec 04 06:19:19 UTC 2019 /home/travis/build/icyphy/ptII/ptolemy/actor/lib/test/auto/ModifyDate2.xml
----------------- Instantiating /home/travis/build/icyphy/ptII/ptolemy/actor/lib/test/auto/ModifyDate2.xml
6 ms. Memory: 519168K Free: 264438K (51%)
----------------- Invoking toplevel() on ptolemy.moml.MoMLSimpleApplication@39403143
----------------- Done invoking toplevel() on ptolemy.moml.MoMLSimpleApplication@39403143
reloadAllAccessors: .ModifyDate2

===========================================================================================
----------------- testing Wed Dec 04 06:19:19 UTC 2019 /home/travis/build/icyphy/ptII/ptolemy/actor/lib/test/auto/MovingAverage.xml
----------------- Instantiating /home/travis/build/icyphy/ptII/ptolemy/actor/lib/test/auto/MovingAverage.xml
1 ms. Memory: 519168K Free: 259318K (50%)
----------------- Invoking toplevel() on ptolemy.moml.MoMLSimpleApplication@407a8b4c
----------------- Done invoking toplevel() on ptolemy.moml.MoMLSimpleApplication@407a8b4c
reloadAllAccessors: .MovingAverage

===========================================================================================
----------------- testing Wed Dec 04 06:19:19 UTC 2019 /home/travis/build/icyphy/ptII/ptolemy/actor/lib/test/auto/MovingMaximum.xml
----------------- Instantiating /home/travis/build/icyphy/ptII/ptolemy/actor/lib/test/auto/MovingMaximum.xml
2 ms. Memory: 519168K Free: 255222K (49%)
----------------- Invoking toplevel() on ptolemy.moml.MoMLSimpleApplication@7bbde834
----------------- Done invoking toplevel() on ptolemy.moml.MoMLSimpleApplication@7bbde834
reloadAllAccessors: .MovingMaximum

===========================================================================================
----------------- testing Wed Dec 04 06:19:19 UTC 2019 /home/travis/build/icyphy/ptII/ptolemy/actor/lib/test/auto/MultipleLinksToSameRelation.xml
----------------- Instantiating /home/travis/build/icyphy/ptII/ptolemy/actor/lib/test/auto/MultipleLinksToSameRelation.xml
2 ms. Memory: 519168K Free: 251126K (48%)
----------------- Invoking toplevel() on ptolemy.moml.MoMLSimpleApplication@3f8144c4
----------------- Done invoking toplevel() on ptolemy.moml.MoMLSimpleApplication@3f8144c4
reloadAllAccessors: .MultipleLinksToSameRelation

===========================================================================================
----------------- testing Wed Dec 04 06:19:19 UTC 2019 /home/travis/build/icyphy/ptII/ptolemy/actor/lib/test/auto/MultipleLinksToSameRelationDE.xml
----------------- Instantiating /home/travis/build/icyphy/ptII/ptolemy/actor/lib/test/auto/MultipleLinksToSameRelationDE.xml
4 ms. Memory: 519168K Free: 246510K (47%)
----------------- Invoking toplevel() on ptolemy.moml.MoMLSimpleApplication@4bdc8bbb
----------------- Done invoking toplevel() on ptolemy.moml.MoMLSimpleApplication@4bdc8bbb
reloadAllAccessors: .MultipleLinksToSameRelationDE

===========================================================================================
----------------- testing Wed Dec 04 06:19:19 UTC 2019 /home/travis/build/icyphy/ptII/ptolemy/actor/lib/test/auto/Multiplexor.xml
----------------- Instantiating /home/travis/build/icyphy/ptII/ptolemy/actor/lib/test/auto/Multiplexor.xml
1 ms. Memory: 519168K Free: 241396K (46%)
----------------- Invoking toplevel() on ptolemy.moml.MoMLSimpleApplication@158b61fd
----------------- Done invoking toplevel() on ptolemy.moml.MoMLSimpleApplication@158b61fd
reloadAllAccessors: .Multiplexor

===========================================================================================
----------------- testing Wed Dec 04 06:19:19 UTC 2019 /home/travis/build/icyphy/ptII/ptolemy/actor/lib/test/auto/Multiplexor1.xml
----------------- Instantiating /home/travis/build/icyphy/ptII/ptolemy/actor/lib/test/auto/Multiplexor1.xml
2 ms. Memory: 519168K Free: 235766K (45%)
----------------- Invoking toplevel() on ptolemy.moml.MoMLSimpleApplication@23b672fa
----------------- Done invoking toplevel() on ptolemy.moml.MoMLSimpleApplication@23b672fa
reloadAllAccessors: .Multiplexor1

===========================================================================================
----------------- testing Wed Dec 04 06:19:19 UTC 2019 /home/travis/build/icyphy/ptII/ptolemy/actor/lib/test/auto/Multiplexor2.xml
----------------- Instantiating /home/travis/build/icyphy/ptII/ptolemy/actor/lib/test/auto/Multiplexor2.xml
5 ms. Memory: 519168K Free: 229105K (44%)
----------------- Invoking toplevel() on ptolemy.moml.MoMLSimpleApplication@775b4309
----------------- Done invoking toplevel() on ptolemy.moml.MoMLSimpleApplication@775b4309
reloadAllAccessors: .Multiplexor2

===========================================================================================
----------------- testing Wed Dec 04 06:19:19 UTC 2019 /home/travis/build/icyphy/ptII/ptolemy/actor/lib/test/auto/Multiplexor3.xml
----------------- Instantiating /home/travis/build/icyphy/ptII/ptolemy/actor/lib/test/auto/Multiplexor3.xml
2 ms. Memory: 519168K Free: 225012K (43%)
----------------- Invoking toplevel() on ptolemy.moml.MoMLSimpleApplication@46b10e15
----------------- Done invoking toplevel() on ptolemy.moml.MoMLSimpleApplication@46b10e15
reloadAllAccessors: .Multiplexor3

===========================================================================================
----------------- testing Wed Dec 04 06:19:19 UTC 2019 /home/travis/build/icyphy/ptII/ptolemy/actor/lib/test/auto/MultiplexorDE.xml
----------------- Instantiating /home/travis/build/icyphy/ptII/ptolemy/actor/lib/test/auto/MultiplexorDE.xml
2 ms. Memory: 519168K Free: 217334K (42%)
----------------- Invoking toplevel() on ptolemy.moml.MoMLSimpleApplication@6b603b8a
----------------- Done invoking toplevel() on ptolemy.moml.MoMLSimpleApplication@6b603b8a
reloadAllAccessors: .MultiplexorDE

===========================================================================================
----------------- testing Wed Dec 04 06:19:19 UTC 2019 /home/travis/build/icyphy/ptII/ptolemy/actor/lib/test/auto/MultiportBroadcastTest.xml
----------------- Instantiating /home/travis/build/icyphy/ptII/ptolemy/actor/lib/test/auto/MultiportBroadcastTest.xml
92 ms. Memory: 519168K Free: 211190K (41%)
----------------- Invoking toplevel() on ptolemy.moml.MoMLSimpleApplication@3cb79412
----------------- Done invoking toplevel() on ptolemy.moml.MoMLSimpleApplication@3cb79412
reloadAllAccessors: .MultiportBroadcastTest

===========================================================================================
----------------- testing Wed Dec 04 06:19:19 UTC 2019 /home/travis/build/icyphy/ptII/ptolemy/actor/lib/test/auto/MultiportOutHangDuringGetWidth.xml
----------------- Instantiating /home/travis/build/icyphy/ptII/ptolemy/actor/lib/test/auto/MultiportOutHangDuringGetWidth.xml
5 ms. Memory: 519168K Free: 199398K (38%)
----------------- Invoking toplevel() on ptolemy.moml.MoMLSimpleApplication@615594b7
----------------- Done invoking toplevel() on ptolemy.moml.MoMLSimpleApplication@615594b7
reloadAllAccessors: .MultiportOutHangDuringGetWidth

===========================================================================================
----------------- testing Wed Dec 04 06:19:19 UTC 2019 /home/travis/build/icyphy/ptII/ptolemy/actor/lib/test/auto/NilToken.xml
----------------- Instantiating /home/travis/build/icyphy/ptII/ptolemy/actor/lib/test/auto/NilToken.xml
1 ms. Memory: 519168K Free: 195316K (38%)
----------------- Invoking toplevel() on ptolemy.moml.MoMLSimpleApplication@21523a27
----------------- Done invoking toplevel() on ptolemy.moml.MoMLSimpleApplication@21523a27
reloadAllAccessors: .NilToken

===========================================================================================
----------------- testing Wed Dec 04 06:19:20 UTC 2019 /home/travis/build/icyphy/ptII/ptolemy/actor/lib/test/auto/NilTokenNonStrictTest.xml
----------------- Instantiating /home/travis/build/icyphy/ptII/ptolemy/actor/lib/test/auto/NilTokenNonStrictTest.xml
1 ms. Memory: 519168K Free: 190196K (37%)
----------------- Invoking toplevel() on ptolemy.moml.MoMLSimpleApplication@226d2bb5
----------------- Done invoking toplevel() on ptolemy.moml.MoMLSimpleApplication@226d2bb5
reloadAllAccessors: .NilTokenNonStrictTest

===========================================================================================
----------------- testing Wed Dec 04 06:19:20 UTC 2019 /home/travis/build/icyphy/ptII/ptolemy/actor/lib/test/auto/NilTokenRecord.xml
----------------- Instantiating /home/travis/build/icyphy/ptII/ptolemy/actor/lib/test/auto/NilTokenRecord.xml
6 ms. Memory: 519168K Free: 183542K (35%)
----------------- Invoking toplevel() on ptolemy.moml.MoMLSimpleApplication@ddc8e8b
----------------- Done invoking toplevel() on ptolemy.moml.MoMLSimpleApplication@ddc8e8b
reloadAllAccessors: .NilTokenRecord

===========================================================================================
----------------- testing Wed Dec 04 06:19:20 UTC 2019 /home/travis/build/icyphy/ptII/ptolemy/actor/lib/test/auto/NilTokenTypeTest.xml
----------------- Instantiating /home/travis/build/icyphy/ptII/ptolemy/actor/lib/test/auto/NilTokenTypeTest.xml
8 ms. Memory: 519168K Free: 173812K (33%)
----------------- Invoking toplevel() on ptolemy.moml.MoMLSimpleApplication@21908bcb
----------------- Done invoking toplevel() on ptolemy.moml.MoMLSimpleApplication@21908bcb
reloadAllAccessors: .NilTokenTypeTest

===========================================================================================
----------------- testing Wed Dec 04 06:19:20 UTC 2019 /home/travis/build/icyphy/ptII/ptolemy/actor/lib/test/auto/ObjectToken1.xml
----------------- Instantiating /home/travis/build/icyphy/ptII/ptolemy/actor/lib/test/auto/ObjectToken1.xml
2 ms. Memory: 519168K Free: 169716K (33%)
----------------- Invoking toplevel() on ptolemy.moml.MoMLSimpleApplication@7affb66d
----------------- Done invoking toplevel() on ptolemy.moml.MoMLSimpleApplication@7affb66d
reloadAllAccessors: .ObjectToken1

===========================================================================================
----------------- testing Wed Dec 04 06:19:20 UTC 2019 /home/travis/build/icyphy/ptII/ptolemy/actor/lib/test/auto/OrderedMerge.xml
----------------- Instantiating /home/travis/build/icyphy/ptII/ptolemy/actor/lib/test/auto/OrderedMerge.xml
9 ms. Memory: 519168K Free: 164086K (32%)
----------------- Invoking toplevel() on ptolemy.moml.MoMLSimpleApplication@1ceb1d90
----------------- Done invoking toplevel() on ptolemy.moml.MoMLSimpleApplication@1ceb1d90
reloadAllAccessors: .OrderedMerge

===========================================================================================
----------------- testing Wed Dec 04 06:19:20 UTC 2019 /home/travis/build/icyphy/ptII/ptolemy/actor/lib/test/auto/OrderedRecordDisassembler.xml
----------------- Instantiating /home/travis/build/icyphy/ptII/ptolemy/actor/lib/test/auto/OrderedRecordDisassembler.xml
4 ms. Memory: 519168K Free: 464682K (90%)
----------------- Invoking toplevel() on ptolemy.moml.MoMLSimpleApplication@5140aed4
----------------- Done invoking toplevel() on ptolemy.moml.MoMLSimpleApplication@5140aed4
reloadAllAccessors: .OrderedRecordDisassembler

===========================================================================================
----------------- testing Wed Dec 04 06:19:20 UTC 2019 /home/travis/build/icyphy/ptII/ptolemy/actor/lib/test/auto/OrderedRecordDisassembler2.xml
----------------- Instantiating /home/travis/build/icyphy/ptII/ptolemy/actor/lib/test/auto/OrderedRecordDisassembler2.xml
4 ms. Memory: 519168K Free: 456498K (88%)
----------------- Invoking toplevel() on ptolemy.moml.MoMLSimpleApplication@68960475
----------------- Done invoking toplevel() on ptolemy.moml.MoMLSimpleApplication@68960475
reloadAllAccessors: .OrderedRecordDisassembler2

===========================================================================================
----------------- testing Wed Dec 04 06:19:20 UTC 2019 /home/travis/build/icyphy/ptII/ptolemy/actor/lib/test/auto/OrderedRecordUpdater.xml
----------------- Instantiating /home/travis/build/icyphy/ptII/ptolemy/actor/lib/test/auto/OrderedRecordUpdater.xml
2 ms. Memory: 519168K Free: 451384K (87%)
----------------- Invoking toplevel() on ptolemy.moml.MoMLSimpleApplication@28b9e598
----------------- Done invoking toplevel() on ptolemy.moml.MoMLSimpleApplication@28b9e598
reloadAllAccessors: .RecordUpdater

===========================================================================================
----------------- testing Wed Dec 04 06:19:20 UTC 2019 /home/travis/build/icyphy/ptII/ptolemy/actor/lib/test/auto/OrderedRecordUpdater2.xml
----------------- Instantiating /home/travis/build/icyphy/ptII/ptolemy/actor/lib/test/auto/OrderedRecordUpdater2.xml
3 ms. Memory: 519168K Free: 446778K (86%)
----------------- Invoking toplevel() on ptolemy.moml.MoMLSimpleApplication@7bd24872
----------------- Done invoking toplevel() on ptolemy.moml.MoMLSimpleApplication@7bd24872
reloadAllAccessors: .RecordUpdater2

===========================================================================================
----------------- testing Wed Dec 04 06:19:20 UTC 2019 /home/travis/build/icyphy/ptII/ptolemy/actor/lib/test/auto/PhaseUnwrap.xml
----------------- Instantiating /home/travis/build/icyphy/ptII/ptolemy/actor/lib/test/auto/PhaseUnwrap.xml
1 ms. Memory: 519168K Free: 442168K (85%)
----------------- Invoking toplevel() on ptolemy.moml.MoMLSimpleApplication@35621d37
----------------- Done invoking toplevel() on ptolemy.moml.MoMLSimpleApplication@35621d37
reloadAllAccessors: .PhaseUnwrap

===========================================================================================
----------------- testing Wed Dec 04 06:19:20 UTC 2019 /home/travis/build/icyphy/ptII/ptolemy/actor/lib/test/auto/PoissonClock.xml
----------------- Instantiating /home/travis/build/icyphy/ptII/ptolemy/actor/lib/test/auto/PoissonClock.xml
2 ms. Memory: 519168K Free: 438072K (84%)
----------------- Invoking toplevel() on ptolemy.moml.MoMLSimpleApplication@513dc190
----------------- Done invoking toplevel() on ptolemy.moml.MoMLSimpleApplication@513dc190
reloadAllAccessors: .PoissonClock

===========================================================================================
----------------- testing Wed Dec 04 06:19:20 UTC 2019 /home/travis/build/icyphy/ptII/ptolemy/actor/lib/test/auto/PoissonClock2.xml
----------------- Instantiating /home/travis/build/icyphy/ptII/ptolemy/actor/lib/test/auto/PoissonClock2.xml
1 ms. Memory: 519168K Free: 433466K (83%)
----------------- Invoking toplevel() on ptolemy.moml.MoMLSimpleApplication@15dabd95
----------------- Done invoking toplevel() on ptolemy.moml.MoMLSimpleApplication@15dabd95
reloadAllAccessors: .PoissonClock2

===========================================================================================
----------------- testing Wed Dec 04 06:19:20 UTC 2019 /home/travis/build/icyphy/ptII/ptolemy/actor/lib/test/auto/PoissonClock3.xml
----------------- Instantiating /home/travis/build/icyphy/ptII/ptolemy/actor/lib/test/auto/PoissonClock3.xml
2 ms. Memory: 519168K Free: 428856K (83%)
----------------- Invoking toplevel() on ptolemy.moml.MoMLSimpleApplication@16461c31
----------------- Done invoking toplevel() on ptolemy.moml.MoMLSimpleApplication@16461c31
reloadAllAccessors: .PoissonClock3

===========================================================================================
----------------- testing Wed Dec 04 06:19:20 UTC 2019 /home/travis/build/icyphy/ptII/ptolemy/actor/lib/test/auto/PubSubWithInitialTokens.xml
----------------- Instantiating /home/travis/build/icyphy/ptII/ptolemy/actor/lib/test/auto/PubSubWithInitialTokens.xml
2 ms. Memory: 519168K Free: 423226K (82%)
----------------- Invoking toplevel() on ptolemy.moml.MoMLSimpleApplication@3f6d7000
----------------- Done invoking toplevel() on ptolemy.moml.MoMLSimpleApplication@3f6d7000
reloadAllAccessors: .PubSubWithInitialTokens

===========================================================================================
----------------- testing Wed Dec 04 06:19:20 UTC 2019 /home/travis/build/icyphy/ptII/ptolemy/actor/lib/test/auto/PubSubWithInitialTokens2.xml
----------------- Instantiating /home/travis/build/icyphy/ptII/ptolemy/actor/lib/test/auto/PubSubWithInitialTokens2.xml
2 ms. Memory: 519168K Free: 417082K (80%)
----------------- Invoking toplevel() on ptolemy.moml.MoMLSimpleApplication@79bbabaa
----------------- Done invoking toplevel() on ptolemy.moml.MoMLSimpleApplication@79bbabaa
reloadAllAccessors: .PubSubWithInitialTokens2

===========================================================================================
----------------- testing Wed Dec 04 06:19:20 UTC 2019 /home/travis/build/icyphy/ptII/ptolemy/actor/lib/test/auto/PublisherClassNoParameter.xml
----------------- Instantiating /home/travis/build/icyphy/ptII/ptolemy/actor/lib/test/auto/PublisherClassNoParameter.xml
2 ms. Memory: 519168K Free: 407338K (78%)
----------------- Invoking toplevel() on ptolemy.moml.MoMLSimpleApplication@49cf10f
----------------- Done invoking toplevel() on ptolemy.moml.MoMLSimpleApplication@49cf10f
reloadAllAccessors: .PublisherClassNoParameter

===========================================================================================
----------------- testing Wed Dec 04 06:19:20 UTC 2019 /home/travis/build/icyphy/ptII/ptolemy/actor/lib/test/auto/PublisherClassParameter.xml
----------------- Instantiating /home/travis/build/icyphy/ptII/ptolemy/actor/lib/test/auto/PublisherClassParameter.xml
2 ms. Memory: 519168K Free: 397112K (76%)
----------------- Invoking toplevel() on ptolemy.moml.MoMLSimpleApplication@3f8d5ddd
----------------- Done invoking toplevel() on ptolemy.moml.MoMLSimpleApplication@3f8d5ddd
reloadAllAccessors: .PublisherClassParameter

===========================================================================================
----------------- testing Wed Dec 04 06:19:20 UTC 2019 /home/travis/build/icyphy/ptII/ptolemy/actor/lib/test/auto/PublisherNonStrictTest.xml
----------------- Instantiating /home/travis/build/icyphy/ptII/ptolemy/actor/lib/test/auto/PublisherNonStrictTest.xml
2 ms. Memory: 519168K Free: 389434K (75%)
----------------- Invoking toplevel() on ptolemy.moml.MoMLSimpleApplication@524bbc0e
----------------- Done invoking toplevel() on ptolemy.moml.MoMLSimpleApplication@524bbc0e
reloadAllAccessors: .PublisherNonStrictTest

===========================================================================================
----------------- testing Wed Dec 04 06:19:20 UTC 2019 /home/travis/build/icyphy/ptII/ptolemy/actor/lib/test/auto/PublisherPort1.xml
----------------- Instantiating /home/travis/build/icyphy/ptII/ptolemy/actor/lib/test/auto/PublisherPort1.xml
10 ms. Memory: 519168K Free: 383770K (74%)
----------------- Invoking toplevel() on ptolemy.moml.MoMLSimpleApplication@6ec02897
----------------- Done invoking toplevel() on ptolemy.moml.MoMLSimpleApplication@6ec02897
reloadAllAccessors: .PublisherPort1

===========================================================================================
----------------- testing Wed Dec 04 06:19:20 UTC 2019 /home/travis/build/icyphy/ptII/ptolemy/actor/lib/test/auto/PublisherPort2.xml
----------------- Instantiating /home/travis/build/icyphy/ptII/ptolemy/actor/lib/test/auto/PublisherPort2.xml
1 ms. Memory: 519168K Free: 378680K (73%)
----------------- Invoking toplevel() on ptolemy.moml.MoMLSimpleApplication@2956adc1
----------------- Done invoking toplevel() on ptolemy.moml.MoMLSimpleApplication@2956adc1
reloadAllAccessors: .PublisherPort2

===========================================================================================
----------------- testing Wed Dec 04 06:19:20 UTC 2019 /home/travis/build/icyphy/ptII/ptolemy/actor/lib/test/auto/PublisherPort3.xml
----------------- Instantiating /home/travis/build/icyphy/ptII/ptolemy/actor/lib/test/auto/PublisherPort3.xml
3 ms. Memory: 519168K Free: 371482K (72%)
----------------- Invoking toplevel() on ptolemy.moml.MoMLSimpleApplication@22595c26
----------------- Done invoking toplevel() on ptolemy.moml.MoMLSimpleApplication@22595c26
reloadAllAccessors: .PublisherPort3

===========================================================================================
----------------- testing Wed Dec 04 06:19:20 UTC 2019 /home/travis/build/icyphy/ptII/ptolemy/actor/lib/test/auto/PublisherPort4.xml
----------------- Instantiating /home/travis/build/icyphy/ptII/ptolemy/actor/lib/test/auto/PublisherPort4.xml
3 ms. Memory: 519168K Free: 365882K (70%)
----------------- Invoking toplevel() on ptolemy.moml.MoMLSimpleApplication@12c2d53a
----------------- Done invoking toplevel() on ptolemy.moml.MoMLSimpleApplication@12c2d53a
reloadAllAccessors: .PublisherPort4

===========================================================================================
----------------- testing Wed Dec 04 06:19:20 UTC 2019 /home/travis/build/icyphy/ptII/ptolemy/actor/lib/test/auto/PublisherPort5.xml
----------------- Instantiating /home/travis/build/icyphy/ptII/ptolemy/actor/lib/test/auto/PublisherPort5.xml
3 ms. Memory: 519168K Free: 358200K (69%)
----------------- Invoking toplevel() on ptolemy.moml.MoMLSimpleApplication@7c83af15
----------------- Done invoking toplevel() on ptolemy.moml.MoMLSimpleApplication@7c83af15
reloadAllAccessors: .PublisherPort5

===========================================================================================
----------------- testing Wed Dec 04 06:19:20 UTC 2019 /home/travis/build/icyphy/ptII/ptolemy/actor/lib/test/auto/PublisherPort5LookAlike.xml
----------------- Instantiating /home/travis/build/icyphy/ptII/ptolemy/actor/lib/test/auto/PublisherPort5LookAlike.xml
8 ms. Memory: 519168K Free: 350522K (68%)
----------------- Invoking toplevel() on ptolemy.moml.MoMLSimpleApplication@774aa784
----------------- Done invoking toplevel() on ptolemy.moml.MoMLSimpleApplication@774aa784
reloadAllAccessors: .PublisherPort5LookAlike

===========================================================================================
----------------- testing Wed Dec 04 06:19:20 UTC 2019 /home/travis/build/icyphy/ptII/ptolemy/actor/lib/test/auto/PublisherPort6.xml
----------------- Instantiating /home/travis/build/icyphy/ptII/ptolemy/actor/lib/test/auto/PublisherPort6.xml
2 ms. Memory: 519168K Free: 343850K (66%)
----------------- Invoking toplevel() on ptolemy.moml.MoMLSimpleApplication@1b45f041
----------------- Done invoking toplevel() on ptolemy.moml.MoMLSimpleApplication@1b45f041
reloadAllAccessors: .PublisherPort6

===========================================================================================
----------------- testing Wed Dec 04 06:19:20 UTC 2019 /home/travis/build/icyphy/ptII/ptolemy/actor/lib/test/auto/PublisherPort7.xml
----------------- Instantiating /home/travis/build/icyphy/ptII/ptolemy/actor/lib/test/auto/PublisherPort7.xml
3 ms. Memory: 519168K Free: 336186K (65%)
----------------- Invoking toplevel() on ptolemy.moml.MoMLSimpleApplication@d0b41b5
----------------- Done invoking toplevel() on ptolemy.moml.MoMLSimpleApplication@d0b41b5
reloadAllAccessors: .PublisherPort7

===========================================================================================
----------------- testing Wed Dec 04 06:19:20 UTC 2019 /home/travis/build/icyphy/ptII/ptolemy/actor/lib/test/auto/PublisherPort8.xml
----------------- Instantiating /home/travis/build/icyphy/ptII/ptolemy/actor/lib/test/auto/PublisherPort8.xml
4 ms. Memory: 519168K Free: 327480K (63%)
----------------- Invoking toplevel() on ptolemy.moml.MoMLSimpleApplication@19092f11
----------------- Done invoking toplevel() on ptolemy.moml.MoMLSimpleApplication@19092f11
reloadAllAccessors: .PublisherPort8

===========================================================================================
----------------- testing Wed Dec 04 06:19:20 UTC 2019 /home/travis/build/icyphy/ptII/ptolemy/actor/lib/test/auto/PublisherPortSubscriberChannelVariablesAOC2.xml
----------------- Instantiating /home/travis/build/icyphy/ptII/ptolemy/actor/lib/test/auto/PublisherPortSubscriberChannelVariablesAOC2.xml
3 ms. Memory: 519168K Free: 310586K (60%)
----------------- Invoking toplevel() on ptolemy.moml.MoMLSimpleApplication@632e7a3d
----------------- Done invoking toplevel() on ptolemy.moml.MoMLSimpleApplication@632e7a3d
reloadAllAccessors: .PublisherPortSubscriberChannelVariablesAOC2

===========================================================================================
----------------- testing Wed Dec 04 06:19:20 UTC 2019 /home/travis/build/icyphy/ptII/ptolemy/actor/lib/test/auto/PublisherPortSubscriberOpaqueWidthInference.xml
----------------- Instantiating /home/travis/build/icyphy/ptII/ptolemy/actor/lib/test/auto/PublisherPortSubscriberOpaqueWidthInference.xml
4 ms. Memory: 519168K Free: 302890K (58%)
----------------- Invoking toplevel() on ptolemy.moml.MoMLSimpleApplication@370a1045
----------------- Done invoking toplevel() on ptolemy.moml.MoMLSimpleApplication@370a1045
reloadAllAccessors: .PublisherPortSubscriberOpaqueWidthInference

===========================================================================================
----------------- testing Wed Dec 04 06:19:20 UTC 2019 /home/travis/build/icyphy/ptII/ptolemy/actor/lib/test/auto/PublisherPortSubscriberPortAdjacent.xml
----------------- Instantiating /home/travis/build/icyphy/ptII/ptolemy/actor/lib/test/auto/PublisherPortSubscriberPortAdjacent.xml
2 ms. Memory: 519168K Free: 294202K (57%)
----------------- Invoking toplevel() on ptolemy.moml.MoMLSimpleApplication@67ed93c
----------------- Done invoking toplevel() on ptolemy.moml.MoMLSimpleApplication@67ed93c
reloadAllAccessors: .PublisherPortSubscriberPortAdjacent

===========================================================================================
----------------- testing Wed Dec 04 06:19:20 UTC 2019 /home/travis/build/icyphy/ptII/ptolemy/actor/lib/test/auto/PublisherPortSubscriberPortExpression.xml
----------------- Instantiating /home/travis/build/icyphy/ptII/ptolemy/actor/lib/test/auto/PublisherPortSubscriberPortExpression.xml
5 ms. Memory: 519168K Free: 286506K (55%)
----------------- Invoking toplevel() on ptolemy.moml.MoMLSimpleApplication@1fdea65
----------------- Done invoking toplevel() on ptolemy.moml.MoMLSimpleApplication@1fdea65
reloadAllAccessors: .PublisherPortSubscriberPortExpression

===========================================================================================
----------------- testing Wed Dec 04 06:19:20 UTC 2019 /home/travis/build/icyphy/ptII/ptolemy/actor/lib/test/auto/PublisherPortSubscriberPortOpaqueD3Reverse.xml
----------------- Instantiating /home/travis/build/icyphy/ptII/ptolemy/actor/lib/test/auto/PublisherPortSubscriberPortOpaqueD3Reverse.xml
6 ms. Memory: 519168K Free: 276280K (53%)
----------------- Invoking toplevel() on ptolemy.moml.MoMLSimpleApplication@30ead879
----------------- Done invoking toplevel() on ptolemy.moml.MoMLSimpleApplication@30ead879
reloadAllAccessors: .PublisherPortSubscriberPortOpaqueD3Reverse

===========================================================================================
----------------- testing Wed Dec 04 06:19:20 UTC 2019 /home/travis/build/icyphy/ptII/ptolemy/actor/lib/test/auto/PublisherPortSubscriberPortOpaqueWidthInference.xml
----------------- Instantiating /home/travis/build/icyphy/ptII/ptolemy/actor/lib/test/auto/PublisherPortSubscriberPortOpaqueWidthInference.xml
3 ms. Memory: 519168K Free: 268602K (52%)
----------------- Invoking toplevel() on ptolemy.moml.MoMLSimpleApplication@2509322f
----------------- Done invoking toplevel() on ptolemy.moml.MoMLSimpleApplication@2509322f
reloadAllAccessors: .PublisherPortSubscriberPortOpaqueWidthInference

===========================================================================================
----------------- testing Wed Dec 04 06:19:20 UTC 2019 /home/travis/build/icyphy/ptII/ptolemy/actor/lib/test/auto/PublisherPortToplevelSubscriberPortAOC.xml
----------------- Instantiating /home/travis/build/icyphy/ptII/ptolemy/actor/lib/test/auto/PublisherPortToplevelSubscriberPortAOC.xml
.PublisherPortToplevelSubscriberPortAOC.TestExceptionAttribute: initialize() was not invoked, but wrapup() was.  This is unusual, but not always a problem.  For example, exporting JNLP will do this.
1 ms. Memory: 519168K Free: 262968K (51%)
----------------- Invoking toplevel() on ptolemy.moml.MoMLSimpleApplication@160b2b81
----------------- Done invoking toplevel() on ptolemy.moml.MoMLSimpleApplication@160b2b81
reloadAllAccessors: .PublisherPortToplevelSubscriberPortAOC

===========================================================================================
----------------- testing Wed Dec 04 06:19:20 UTC 2019 /home/travis/build/icyphy/ptII/ptolemy/actor/lib/test/auto/PublisherSubscriber.xml
----------------- Instantiating /home/travis/build/icyphy/ptII/ptolemy/actor/lib/test/auto/PublisherSubscriber.xml
3 ms. Memory: 519168K Free: 255290K (49%)
----------------- Invoking toplevel() on ptolemy.moml.MoMLSimpleApplication@7addba35
----------------- Done invoking toplevel() on ptolemy.moml.MoMLSimpleApplication@7addba35
reloadAllAccessors: .PublisherSubscriber

===========================================================================================
----------------- testing Wed Dec 04 06:19:20 UTC 2019 /home/travis/build/icyphy/ptII/ptolemy/actor/lib/test/auto/PublisherSubscriber10.xml
----------------- Instantiating /home/travis/build/icyphy/ptII/ptolemy/actor/lib/test/auto/PublisherSubscriber10.xml
14 ms. Memory: 519168K Free: 245560K (47%)
----------------- Invoking toplevel() on ptolemy.moml.MoMLSimpleApplication@28ac4641
----------------- Done invoking toplevel() on ptolemy.moml.MoMLSimpleApplication@28ac4641
reloadAllAccessors: .PublisherSubscriber10

===========================================================================================
----------------- testing Wed Dec 04 06:19:20 UTC 2019 /home/travis/build/icyphy/ptII/ptolemy/actor/lib/test/auto/PublisherSubscriber10InitialOutputs.xml
----------------- Instantiating /home/travis/build/icyphy/ptII/ptolemy/actor/lib/test/auto/PublisherSubscriber10InitialOutputs.xml
14 ms. Memory: 519168K Free: 236344K (46%)
----------------- Invoking toplevel() on ptolemy.moml.MoMLSimpleApplication@220ef111
----------------- Done invoking toplevel() on ptolemy.moml.MoMLSimpleApplication@220ef111
reloadAllAccessors: .PublisherSubscriber10InitialOutputs

===========================================================================================
----------------- testing Wed Dec 04 06:19:20 UTC 2019 /home/travis/build/icyphy/ptII/ptolemy/actor/lib/test/auto/PublisherSubscriber11.xml
----------------- Instantiating /home/travis/build/icyphy/ptII/ptolemy/actor/lib/test/auto/PublisherSubscriber11.xml
3 ms. Memory: 519168K Free: 229690K (44%)
----------------- Invoking toplevel() on ptolemy.moml.MoMLSimpleApplication@5919246f
----------------- Done invoking toplevel() on ptolemy.moml.MoMLSimpleApplication@5919246f
reloadAllAccessors: .PublisherSubscriber11

===========================================================================================
----------------- testing Wed Dec 04 06:19:20 UTC 2019 /home/travis/build/icyphy/ptII/ptolemy/actor/lib/test/auto/PublisherSubscriber12.xml
----------------- Instantiating /home/travis/build/icyphy/ptII/ptolemy/actor/lib/test/auto/PublisherSubscriber12.xml
4 ms. Memory: 519168K Free: 222522K (43%)
----------------- Invoking toplevel() on ptolemy.moml.MoMLSimpleApplication@4ccf9ac8
----------------- Done invoking toplevel() on ptolemy.moml.MoMLSimpleApplication@4ccf9ac8
reloadAllAccessors: .PublisherSubscriber12

===========================================================================================
----------------- testing Wed Dec 04 06:19:20 UTC 2019 /home/travis/build/icyphy/ptII/ptolemy/actor/lib/test/auto/PublisherSubscriber13.xml
----------------- Instantiating /home/travis/build/icyphy/ptII/ptolemy/actor/lib/test/auto/PublisherSubscriber13.xml
2 ms. Memory: 519168K Free: 216858K (42%)
----------------- Invoking toplevel() on ptolemy.moml.MoMLSimpleApplication@6d9f6e7d
----------------- Done invoking toplevel() on ptolemy.moml.MoMLSimpleApplication@6d9f6e7d
reloadAllAccessors: .PublisherSubscriber13

===========================================================================================
----------------- testing Wed Dec 04 06:19:20 UTC 2019 /home/travis/build/icyphy/ptII/ptolemy/actor/lib/test/auto/PublisherSubscriber14.xml
----------------- Instantiating /home/travis/build/icyphy/ptII/ptolemy/actor/lib/test/auto/PublisherSubscriber14.xml
2 ms. Memory: 519168K Free: 208186K (40%)
----------------- Invoking toplevel() on ptolemy.moml.MoMLSimpleApplication@2f6a1dcb
----------------- Done invoking toplevel() on ptolemy.moml.MoMLSimpleApplication@2f6a1dcb
reloadAllAccessors: .PublisherSubscriber14

===========================================================================================
----------------- testing Wed Dec 04 06:19:20 UTC 2019 /home/travis/build/icyphy/ptII/ptolemy/actor/lib/test/auto/PublisherSubscriber2.xml
----------------- Instantiating /home/travis/build/icyphy/ptII/ptolemy/actor/lib/test/auto/PublisherSubscriber2.xml
3 ms. Memory: 519168K Free: 202538K (39%)
----------------- Invoking toplevel() on ptolemy.moml.MoMLSimpleApplication@70a51263
----------------- Done invoking toplevel() on ptolemy.moml.MoMLSimpleApplication@70a51263
reloadAllAccessors: .PublisherSubscriber2

===========================================================================================
----------------- testing Wed Dec 04 06:19:20 UTC 2019 /home/travis/build/icyphy/ptII/ptolemy/actor/lib/test/auto/PublisherSubscriber3.xml
----------------- Instantiating /home/travis/build/icyphy/ptII/ptolemy/actor/lib/test/auto/PublisherSubscriber3.xml
2 ms. Memory: 519168K Free: 196922K (38%)
----------------- Invoking toplevel() on ptolemy.moml.MoMLSimpleApplication@42825fbe
----------------- Done invoking toplevel() on ptolemy.moml.MoMLSimpleApplication@42825fbe
reloadAllAccessors: .PublisherSubscriber3

===========================================================================================
----------------- testing Wed Dec 04 06:19:20 UTC 2019 /home/travis/build/icyphy/ptII/ptolemy/actor/lib/test/auto/PublisherSubscriber4.xml
----------------- Instantiating /home/travis/build/icyphy/ptII/ptolemy/actor/lib/test/auto/PublisherSubscriber4.xml
2 ms. Memory: 519168K Free: 191802K (37%)
----------------- Invoking toplevel() on ptolemy.moml.MoMLSimpleApplication@1b34bc40
----------------- Done invoking toplevel() on ptolemy.moml.MoMLSimpleApplication@1b34bc40
reloadAllAccessors: .PublisherSubscriber4

===========================================================================================
----------------- testing Wed Dec 04 06:19:20 UTC 2019 /home/travis/build/icyphy/ptII/ptolemy/actor/lib/test/auto/PublisherSubscriber5.xml
----------------- Instantiating /home/travis/build/icyphy/ptII/ptolemy/actor/lib/test/auto/PublisherSubscriber5.xml
2 ms. Memory: 519168K Free: 184634K (36%)
----------------- Invoking toplevel() on ptolemy.moml.MoMLSimpleApplication@4b6c6844
----------------- Done invoking toplevel() on ptolemy.moml.MoMLSimpleApplication@4b6c6844
reloadAllAccessors: .PublisherSubscriber5

===========================================================================================
----------------- testing Wed Dec 04 06:19:20 UTC 2019 /home/travis/build/icyphy/ptII/ptolemy/actor/lib/test/auto/PublisherSubscriber6.xml
----------------- Instantiating /home/travis/build/icyphy/ptII/ptolemy/actor/lib/test/auto/PublisherSubscriber6.xml
4 ms. Memory: 519168K Free: 177976K (34%)
----------------- Invoking toplevel() on ptolemy.moml.MoMLSimpleApplication@617f6934
----------------- Done invoking toplevel() on ptolemy.moml.MoMLSimpleApplication@617f6934
reloadAllAccessors: .PublisherSubscriber6

===========================================================================================
----------------- testing Wed Dec 04 06:19:20 UTC 2019 /home/travis/build/icyphy/ptII/ptolemy/actor/lib/test/auto/PublisherSubscriber7.xml
----------------- Instantiating /home/travis/build/icyphy/ptII/ptolemy/actor/lib/test/auto/PublisherSubscriber7.xml
8 ms. Memory: 519168K Free: 171322K (33%)
----------------- Invoking toplevel() on ptolemy.moml.MoMLSimpleApplication@6109d4c6
----------------- Done invoking toplevel() on ptolemy.moml.MoMLSimpleApplication@6109d4c6
reloadAllAccessors: .PublisherSubscriber7

===========================================================================================
----------------- testing Wed Dec 04 06:19:21 UTC 2019 /home/travis/build/icyphy/ptII/ptolemy/actor/lib/test/auto/PublisherSubscriber8.xml
----------------- Instantiating /home/travis/build/icyphy/ptII/ptolemy/actor/lib/test/auto/PublisherSubscriber8.xml
45 ms. Memory: 519168K Free: 464381K (89%)
----------------- Invoking toplevel() on ptolemy.moml.MoMLSimpleApplication@5f0e50fa
----------------- Done invoking toplevel() on ptolemy.moml.MoMLSimpleApplication@5f0e50fa
reloadAllAccessors: .PublisherSubscriber8

===========================================================================================
----------------- testing Wed Dec 04 06:19:21 UTC 2019 /home/travis/build/icyphy/ptII/ptolemy/actor/lib/test/auto/PublisherSubscriber9.xml
----------------- Instantiating /home/travis/build/icyphy/ptII/ptolemy/actor/lib/test/auto/PublisherSubscriber9.xml
7 ms. Memory: 519168K Free: 456704K (88%)
----------------- Invoking toplevel() on ptolemy.moml.MoMLSimpleApplication@5de453db
----------------- Done invoking toplevel() on ptolemy.moml.MoMLSimpleApplication@5de453db
reloadAllAccessors: .PublisherSubscriber9

===========================================================================================
----------------- testing Wed Dec 04 06:19:21 UTC 2019 /home/travis/build/icyphy/ptII/ptolemy/actor/lib/test/auto/PublisherSubscriberAdjacent.xml
----------------- Instantiating /home/travis/build/icyphy/ptII/ptolemy/actor/lib/test/auto/PublisherSubscriberAdjacent.xml
2 ms. Memory: 519168K Free: 448512K (86%)
----------------- Invoking toplevel() on ptolemy.moml.MoMLSimpleApplication@1f0cdcfe
----------------- Done invoking toplevel() on ptolemy.moml.MoMLSimpleApplication@1f0cdcfe
reloadAllAccessors: .PublisherSubscriberAdjacent

===========================================================================================
----------------- testing Wed Dec 04 06:19:21 UTC 2019 /home/travis/build/icyphy/ptII/ptolemy/actor/lib/test/auto/PublisherSubscriberChannelVariablesAOC2.xml
----------------- Instantiating /home/travis/build/icyphy/ptII/ptolemy/actor/lib/test/auto/PublisherSubscriberChannelVariablesAOC2.xml
2 ms. Memory: 519168K Free: 433152K (83%)
----------------- Invoking toplevel() on ptolemy.moml.MoMLSimpleApplication@27ec4292
----------------- Done invoking toplevel() on ptolemy.moml.MoMLSimpleApplication@27ec4292
reloadAllAccessors: .PublisherSubscriberChannelVariablesAOC2

===========================================================================================
----------------- testing Wed Dec 04 06:19:21 UTC 2019 /home/travis/build/icyphy/ptII/ptolemy/actor/lib/test/auto/PublisherSubscriberD3.xml
----------------- Instantiating /home/travis/build/icyphy/ptII/ptolemy/actor/lib/test/auto/PublisherSubscriberD3.xml
2 ms. Memory: 519168K Free: 425984K (82%)
----------------- Invoking toplevel() on ptolemy.moml.MoMLSimpleApplication@6ee3f93
----------------- Done invoking toplevel() on ptolemy.moml.MoMLSimpleApplication@6ee3f93
reloadAllAccessors: .PublisherSubscriberD3

===========================================================================================
----------------- testing Wed Dec 04 06:19:21 UTC 2019 /home/travis/build/icyphy/ptII/ptolemy/actor/lib/test/auto/PublisherSubscriberD3Reverse.xml
----------------- Instantiating /home/travis/build/icyphy/ptII/ptolemy/actor/lib/test/auto/PublisherSubscriberD3Reverse.xml
1 ms. Memory: 519168K Free: 419840K (81%)
----------------- Invoking toplevel() on ptolemy.moml.MoMLSimpleApplication@4e89c430
----------------- Done invoking toplevel() on ptolemy.moml.MoMLSimpleApplication@4e89c430
reloadAllAccessors: .PublisherSubscriberD3Reverse

===========================================================================================
----------------- testing Wed Dec 04 06:19:21 UTC 2019 /home/travis/build/icyphy/ptII/ptolemy/actor/lib/test/auto/PublisherSubscriberExpression.xml
----------------- Instantiating /home/travis/build/icyphy/ptII/ptolemy/actor/lib/test/auto/PublisherSubscriberExpression.xml
3 ms. Memory: 519168K Free: 411103K (79%)
----------------- Invoking toplevel() on ptolemy.moml.MoMLSimpleApplication@5231e95b
----------------- Done invoking toplevel() on ptolemy.moml.MoMLSimpleApplication@5231e95b
reloadAllAccessors: .PublisherSubscriberExpression

===========================================================================================
----------------- testing Wed Dec 04 06:19:21 UTC 2019 /home/travis/build/icyphy/ptII/ptolemy/actor/lib/test/auto/PublisherSubscriberOpaque.xml
----------------- Instantiating /home/travis/build/icyphy/ptII/ptolemy/actor/lib/test/auto/PublisherSubscriberOpaque.xml
3 ms. Memory: 519168K Free: 402927K (78%)
----------------- Invoking toplevel() on ptolemy.moml.MoMLSimpleApplication@3e116678
----------------- Done invoking toplevel() on ptolemy.moml.MoMLSimpleApplication@3e116678
reloadAllAccessors: .PublisherSubscriberOpaque

===========================================================================================
----------------- testing Wed Dec 04 06:19:21 UTC 2019 /home/travis/build/icyphy/ptII/ptolemy/actor/lib/test/auto/PublisherSubscriberOpaqueD3.xml
----------------- Instantiating /home/travis/build/icyphy/ptII/ptolemy/actor/lib/test/auto/PublisherSubscriberOpaqueD3.xml
5 ms. Memory: 519168K Free: 391168K (75%)
----------------- Invoking toplevel() on ptolemy.moml.MoMLSimpleApplication@7fcf5074
----------------- Done invoking toplevel() on ptolemy.moml.MoMLSimpleApplication@7fcf5074
reloadAllAccessors: .PublisherSubscriberOpaqueD3

===========================================================================================
----------------- testing Wed Dec 04 06:19:21 UTC 2019 /home/travis/build/icyphy/ptII/ptolemy/actor/lib/test/auto/PublisherSubscriberOpaqueD3Reverse.xml
----------------- Instantiating /home/travis/build/icyphy/ptII/ptolemy/actor/lib/test/auto/PublisherSubscriberOpaqueD3Reverse.xml
8 ms. Memory: 519168K Free: 380414K (73%)
----------------- Invoking toplevel() on ptolemy.moml.MoMLSimpleApplication@33240adf
----------------- Done invoking toplevel() on ptolemy.moml.MoMLSimpleApplication@33240adf
reloadAllAccessors: .PublisherSubscriberOpaqueD3Reverse

===========================================================================================
----------------- testing Wed Dec 04 06:19:21 UTC 2019 /home/travis/build/icyphy/ptII/ptolemy/actor/lib/test/auto/PublisherSubscriberOpaqueWidthInference.xml
----------------- Instantiating /home/travis/build/icyphy/ptII/ptolemy/actor/lib/test/auto/PublisherSubscriberOpaqueWidthInference.xml
4 ms. Memory: 519168K Free: 372207K (72%)
----------------- Invoking toplevel() on ptolemy.moml.MoMLSimpleApplication@2a62c651
----------------- Done invoking toplevel() on ptolemy.moml.MoMLSimpleApplication@2a62c651
reloadAllAccessors: .PublisherSubscriberOpaqueWidthInference

===========================================================================================
----------------- testing Wed Dec 04 06:19:21 UTC 2019 /home/travis/build/icyphy/ptII/ptolemy/actor/lib/test/auto/PublisherTestSubscriber.xml
----------------- Instantiating /home/travis/build/icyphy/ptII/ptolemy/actor/lib/test/auto/PublisherTestSubscriber.xml
3 ms. Memory: 519168K Free: 364544K (70%)
----------------- Invoking toplevel() on ptolemy.moml.MoMLSimpleApplication@74c476a4
----------------- Done invoking toplevel() on ptolemy.moml.MoMLSimpleApplication@74c476a4
reloadAllAccessors: .PublisherTestSubscriber

===========================================================================================
----------------- testing Wed Dec 04 06:19:21 UTC 2019 /home/travis/build/icyphy/ptII/ptolemy/actor/lib/test/auto/PublisherToplevelSubscriberPortAOC.xml
----------------- Instantiating /home/travis/build/icyphy/ptII/ptolemy/actor/lib/test/auto/PublisherToplevelSubscriberPortAOC.xml
2 ms. Memory: 519168K Free: 358400K (69%)
----------------- Invoking toplevel() on ptolemy.moml.MoMLSimpleApplication@1fcdea77
----------------- Done invoking toplevel() on ptolemy.moml.MoMLSimpleApplication@1fcdea77
reloadAllAccessors: .PublisherToplevelSubscriberPortAOC

===========================================================================================
----------------- testing Wed Dec 04 06:19:21 UTC 2019 /home/travis/build/icyphy/ptII/ptolemy/actor/lib/test/auto/PulseFiringLimitDE.xml
----------------- Instantiating /home/travis/build/icyphy/ptII/ptolemy/actor/lib/test/auto/PulseFiringLimitDE.xml
1 ms. Memory: 519168K Free: 352256K (68%)
----------------- Invoking toplevel() on ptolemy.moml.MoMLSimpleApplication@5a27a266
----------------- Done invoking toplevel() on ptolemy.moml.MoMLSimpleApplication@5a27a266
reloadAllAccessors: .PulseFiringLimitDE

===========================================================================================
----------------- testing Wed Dec 04 06:19:21 UTC 2019 /home/travis/build/icyphy/ptII/ptolemy/actor/lib/test/auto/Ramp1.xml
----------------- Instantiating /home/travis/build/icyphy/ptII/ptolemy/actor/lib/test/auto/Ramp1.xml
1 ms. Memory: 519168K Free: 347631K (67%)
----------------- Invoking toplevel() on ptolemy.moml.MoMLSimpleApplication@7c013ea7
----------------- Done invoking toplevel() on ptolemy.moml.MoMLSimpleApplication@7c013ea7
reloadAllAccessors: .Ramp1

===========================================================================================
----------------- testing Wed Dec 04 06:19:21 UTC 2019 /home/travis/build/icyphy/ptII/ptolemy/actor/lib/test/auto/RampFiringLimitDE.xml
----------------- Instantiating /home/travis/build/icyphy/ptII/ptolemy/actor/lib/test/auto/RampFiringLimitDE.xml
2 ms. Memory: 519168K Free: 341487K (66%)
----------------- Invoking toplevel() on ptolemy.moml.MoMLSimpleApplication@3e84e81a
----------------- Done invoking toplevel() on ptolemy.moml.MoMLSimpleApplication@3e84e81a
reloadAllAccessors: .RampFiringLimitDE

===========================================================================================
----------------- testing Wed Dec 04 06:19:21 UTC 2019 /home/travis/build/icyphy/ptII/ptolemy/actor/lib/test/auto/RampFiringLimitSDF.xml
----------------- Instantiating /home/travis/build/icyphy/ptII/ptolemy/actor/lib/test/auto/RampFiringLimitSDF.xml
2 ms. Memory: 519168K Free: 336351K (65%)
----------------- Invoking toplevel() on ptolemy.moml.MoMLSimpleApplication@a86f6a0
----------------- Done invoking toplevel() on ptolemy.moml.MoMLSimpleApplication@a86f6a0
reloadAllAccessors: .RampFiringLimitSDF

===========================================================================================
----------------- testing Wed Dec 04 06:19:21 UTC 2019 /home/travis/build/icyphy/ptII/ptolemy/actor/lib/test/auto/RandomInteger.xml
----------------- Instantiating /home/travis/build/icyphy/ptII/ptolemy/actor/lib/test/auto/RandomInteger.xml
1 ms. Memory: 519168K Free: 332286K (64%)
----------------- Invoking toplevel() on ptolemy.moml.MoMLSimpleApplication@68edd29d
----------------- Done invoking toplevel() on ptolemy.moml.MoMLSimpleApplication@68edd29d
reloadAllAccessors: .RandomInteger

===========================================================================================
----------------- testing Wed Dec 04 06:19:21 UTC 2019 /home/travis/build/icyphy/ptII/ptolemy/actor/lib/test/auto/ReadFile1.xml
----------------- Instantiating /home/travis/build/icyphy/ptII/ptolemy/actor/lib/test/auto/ReadFile1.xml
2 ms. Memory: 519168K Free: 327151K (63%)
----------------- Invoking toplevel() on ptolemy.moml.MoMLSimpleApplication@5dcb9114
----------------- Done invoking toplevel() on ptolemy.moml.MoMLSimpleApplication@5dcb9114
reloadAllAccessors: .ReadFile1

===========================================================================================
----------------- testing Wed Dec 04 06:19:21 UTC 2019 /home/travis/build/icyphy/ptII/ptolemy/actor/lib/test/auto/ReadFile2.xml
----------------- Instantiating /home/travis/build/icyphy/ptII/ptolemy/actor/lib/test/auto/ReadFile2.xml
1 ms. Memory: 519168K Free: 323070K (62%)
----------------- Invoking toplevel() on ptolemy.moml.MoMLSimpleApplication@34a56d79
----------------- Done invoking toplevel() on ptolemy.moml.MoMLSimpleApplication@34a56d79
reloadAllAccessors: .ReadFile2

===========================================================================================
----------------- testing Wed Dec 04 06:19:21 UTC 2019 /home/travis/build/icyphy/ptII/ptolemy/actor/lib/test/auto/Reader.xml
----------------- Instantiating /home/travis/build/icyphy/ptII/ptolemy/actor/lib/test/auto/Reader.xml
actor.lib.Reader is obsolete, use actor.lib.io.ExpressionReader instead
4 ms. Memory: 519168K Free: 318974K (61%)
----------------- Invoking toplevel() on ptolemy.moml.MoMLSimpleApplication@5727d923
----------------- Done invoking toplevel() on ptolemy.moml.MoMLSimpleApplication@5727d923
reloadAllAccessors: .Reader

===========================================================================================
----------------- testing Wed Dec 04 06:19:21 UTC 2019 /home/travis/build/icyphy/ptII/ptolemy/actor/lib/test/auto/RecordAssemblerDisplayNameTest.xml
----------------- Instantiating /home/travis/build/icyphy/ptII/ptolemy/actor/lib/test/auto/RecordAssemblerDisplayNameTest.xml
3782 ms. Memory: 519168K Free: 328864K (63%)
----------------- Invoking toplevel() on ptolemy.moml.MoMLSimpleApplication@6cf8434a
----------------- Done invoking toplevel() on ptolemy.moml.MoMLSimpleApplication@6cf8434a
reloadAllAccessors: .RecordAssemblerDisplayNameTest

===========================================================================================
----------------- testing Wed Dec 04 06:19:25 UTC 2019 /home/travis/build/icyphy/ptII/ptolemy/actor/lib/test/auto/RecordAssemblerTypeError.xml
----------------- Instantiating /home/travis/build/icyphy/ptII/ptolemy/actor/lib/test/auto/RecordAssemblerTypeError.xml
7 ms. Memory: 519168K Free: 319134K (61%)
----------------- Invoking toplevel() on ptolemy.moml.MoMLSimpleApplication@24a45d85
----------------- Done invoking toplevel() on ptolemy.moml.MoMLSimpleApplication@24a45d85
reloadAllAccessors: .RecordAssemblerTypeError

===========================================================================================
----------------- testing Wed Dec 04 06:19:25 UTC 2019 /home/travis/build/icyphy/ptII/ptolemy/actor/lib/test/auto/RecordDisassember.xml
----------------- Instantiating /home/travis/build/icyphy/ptII/ptolemy/actor/lib/test/auto/RecordDisassember.xml
5 ms. Memory: 519168K Free: 314000K (60%)
----------------- Invoking toplevel() on ptolemy.moml.MoMLSimpleApplication@30c639c3
----------------- Done invoking toplevel() on ptolemy.moml.MoMLSimpleApplication@30c639c3
reloadAllAccessors: .RecordDisassember

===========================================================================================
----------------- testing Wed Dec 04 06:19:25 UTC 2019 /home/travis/build/icyphy/ptII/ptolemy/actor/lib/test/auto/RecordDisassemberDisplayNameTest.xml
----------------- Instantiating /home/travis/build/icyphy/ptII/ptolemy/actor/lib/test/auto/RecordDisassemberDisplayNameTest.xml
6 ms. Memory: 519168K Free: 305822K (59%)
----------------- Invoking toplevel() on ptolemy.moml.MoMLSimpleApplication@2059fdaa
----------------- Done invoking toplevel() on ptolemy.moml.MoMLSimpleApplication@2059fdaa
reloadAllAccessors: .RecordDisassemberDisplayNameTest

===========================================================================================
----------------- testing Wed Dec 04 06:19:25 UTC 2019 /home/travis/build/icyphy/ptII/ptolemy/actor/lib/test/auto/RecordDisassembler.xml
----------------- Instantiating /home/travis/build/icyphy/ptII/ptolemy/actor/lib/test/auto/RecordDisassembler.xml
3 ms. Memory: 519168K Free: 300688K (58%)
----------------- Invoking toplevel() on ptolemy.moml.MoMLSimpleApplication@386e019e
----------------- Done invoking toplevel() on ptolemy.moml.MoMLSimpleApplication@386e019e
reloadAllAccessors: .RecordDisassembler

===========================================================================================
----------------- testing Wed Dec 04 06:19:25 UTC 2019 /home/travis/build/icyphy/ptII/ptolemy/actor/lib/test/auto/RecordDisassembler2.xml
----------------- Instantiating /home/travis/build/icyphy/ptII/ptolemy/actor/lib/test/auto/RecordDisassembler2.xml
3 ms. Memory: 519168K Free: 295576K (57%)
----------------- Invoking toplevel() on ptolemy.moml.MoMLSimpleApplication@3a2cd14d
----------------- Done invoking toplevel() on ptolemy.moml.MoMLSimpleApplication@3a2cd14d
reloadAllAccessors: .RecordDisassembler2

===========================================================================================
----------------- testing Wed Dec 04 06:19:25 UTC 2019 /home/travis/build/icyphy/ptII/ptolemy/actor/lib/test/auto/RecordUpdater.xml
----------------- Instantiating /home/travis/build/icyphy/ptII/ptolemy/actor/lib/test/auto/RecordUpdater.xml
2 ms. Memory: 519168K Free: 290462K (56%)
----------------- Invoking toplevel() on ptolemy.moml.MoMLSimpleApplication@43c081c2
----------------- Done invoking toplevel() on ptolemy.moml.MoMLSimpleApplication@43c081c2
reloadAllAccessors: .RecordUpdater

===========================================================================================
----------------- testing Wed Dec 04 06:19:25 UTC 2019 /home/travis/build/icyphy/ptII/ptolemy/actor/lib/test/auto/RecordUpdater2.xml
----------------- Instantiating /home/travis/build/icyphy/ptII/ptolemy/actor/lib/test/auto/RecordUpdater2.xml
2 ms. Memory: 519168K Free: 284832K (55%)
----------------- Invoking toplevel() on ptolemy.moml.MoMLSimpleApplication@5b470e73
----------------- Done invoking toplevel() on ptolemy.moml.MoMLSimpleApplication@5b470e73
reloadAllAccessors: .RecordUpdater2

===========================================================================================
----------------- testing Wed Dec 04 06:19:25 UTC 2019 /home/travis/build/icyphy/ptII/ptolemy/actor/lib/test/auto/RecursiveLattice.xml
----------------- Instantiating /home/travis/build/icyphy/ptII/ptolemy/actor/lib/test/auto/RecursiveLattice.xml
1 ms. Memory: 519168K Free: 280736K (54%)
----------------- Invoking toplevel() on ptolemy.moml.MoMLSimpleApplication@4b3aef6
----------------- Done invoking toplevel() on ptolemy.moml.MoMLSimpleApplication@4b3aef6
reloadAllAccessors: .RecursiveLattice

===========================================================================================
----------------- testing Wed Dec 04 06:19:25 UTC 2019 /home/travis/build/icyphy/ptII/ptolemy/actor/lib/test/auto/Router.xml
----------------- Instantiating /home/travis/build/icyphy/ptII/ptolemy/actor/lib/test/auto/Router.xml
3004 ms. Memory: 519168K Free: 269982K (52%)
----------------- Invoking toplevel() on ptolemy.moml.MoMLSimpleApplication@25ee654b
----------------- Done invoking toplevel() on ptolemy.moml.MoMLSimpleApplication@25ee654b
reloadAllAccessors: .Router

===========================================================================================
----------------- testing Wed Dec 04 06:19:28 UTC 2019 /home/travis/build/icyphy/ptII/ptolemy/actor/lib/test/auto/Router2.xml
----------------- Instantiating /home/travis/build/icyphy/ptII/ptolemy/actor/lib/test/auto/Router2.xml
3003 ms. Memory: 519168K Free: 259742K (50%)
----------------- Invoking toplevel() on ptolemy.moml.MoMLSimpleApplication@6412c550
----------------- Done invoking toplevel() on ptolemy.moml.MoMLSimpleApplication@6412c550
reloadAllAccessors: .Router2

===========================================================================================
----------------- testing Wed Dec 04 06:19:31 UTC 2019 /home/travis/build/icyphy/ptII/ptolemy/actor/lib/test/auto/RunningMaximum.xml
----------------- Instantiating /home/travis/build/icyphy/ptII/ptolemy/actor/lib/test/auto/RunningMaximum.xml
2 ms. Memory: 519168K Free: 254622K (49%)
----------------- Invoking toplevel() on ptolemy.moml.MoMLSimpleApplication@1b08083e
----------------- Done invoking toplevel() on ptolemy.moml.MoMLSimpleApplication@1b08083e
reloadAllAccessors: .RunningMaximum

===========================================================================================
----------------- testing Wed Dec 04 06:19:31 UTC 2019 /home/travis/build/icyphy/ptII/ptolemy/actor/lib/test/auto/RunningMinimum.xml
----------------- Instantiating /home/travis/build/icyphy/ptII/ptolemy/actor/lib/test/auto/RunningMinimum.xml
1 ms. Memory: 519168K Free: 250016K (48%)
----------------- Invoking toplevel() on ptolemy.moml.MoMLSimpleApplication@3a51b5ef
----------------- Done invoking toplevel() on ptolemy.moml.MoMLSimpleApplication@3a51b5ef
reloadAllAccessors: .RunningMinimum

===========================================================================================
----------------- testing Wed Dec 04 06:19:31 UTC 2019 /home/travis/build/icyphy/ptII/ptolemy/actor/lib/test/auto/Scale.xml
----------------- Instantiating /home/travis/build/icyphy/ptII/ptolemy/actor/lib/test/auto/Scale.xml
1 ms. Memory: 519168K Free: 245406K (47%)
----------------- Invoking toplevel() on ptolemy.moml.MoMLSimpleApplication@5bce54b6
----------------- Done invoking toplevel() on ptolemy.moml.MoMLSimpleApplication@5bce54b6
reloadAllAccessors: .Scale

===========================================================================================
----------------- testing Wed Dec 04 06:19:31 UTC 2019 /home/travis/build/icyphy/ptII/ptolemy/actor/lib/test/auto/Scale2.xml
----------------- Instantiating /home/travis/build/icyphy/ptII/ptolemy/actor/lib/test/auto/Scale2.xml
2 ms. Memory: 519168K Free: 240800K (46%)
----------------- Invoking toplevel() on ptolemy.moml.MoMLSimpleApplication@2107da53
----------------- Done invoking toplevel() on ptolemy.moml.MoMLSimpleApplication@2107da53
reloadAllAccessors: .Scale2

===========================================================================================
----------------- testing Wed Dec 04 06:19:31 UTC 2019 /home/travis/build/icyphy/ptII/ptolemy/actor/lib/test/auto/Scale3.xml
----------------- Instantiating /home/travis/build/icyphy/ptII/ptolemy/actor/lib/test/auto/Scale3.xml
3 ms. Memory: 519168K Free: 233632K (45%)
----------------- Invoking toplevel() on ptolemy.moml.MoMLSimpleApplication@69f4921c
----------------- Done invoking toplevel() on ptolemy.moml.MoMLSimpleApplication@69f4921c
reloadAllAccessors: .Scale3

===========================================================================================
----------------- testing Wed Dec 04 06:19:31 UTC 2019 /home/travis/build/icyphy/ptII/ptolemy/actor/lib/test/auto/ScaleArray.xml
----------------- Instantiating /home/travis/build/icyphy/ptII/ptolemy/actor/lib/test/auto/ScaleArray.xml
2 ms. Memory: 519168K Free: 229022K (44%)
----------------- Invoking toplevel() on ptolemy.moml.MoMLSimpleApplication@6cd49b19
----------------- Done invoking toplevel() on ptolemy.moml.MoMLSimpleApplication@6cd49b19
reloadAllAccessors: .ScaleArray

===========================================================================================
----------------- testing Wed Dec 04 06:19:31 UTC 2019 /home/travis/build/icyphy/ptII/ptolemy/actor/lib/test/auto/ScaleArray2.xml
----------------- Instantiating /home/travis/build/icyphy/ptII/ptolemy/actor/lib/test/auto/ScaleArray2.xml
1 ms. Memory: 519168K Free: 224416K (43%)
----------------- Invoking toplevel() on ptolemy.moml.MoMLSimpleApplication@65fa00d4
----------------- Done invoking toplevel() on ptolemy.moml.MoMLSimpleApplication@65fa00d4
reloadAllAccessors: .ScaleArray2

===========================================================================================
----------------- testing Wed Dec 04 06:19:31 UTC 2019 /home/travis/build/icyphy/ptII/ptolemy/actor/lib/test/auto/ScaleMatrix.xml
----------------- Instantiating /home/travis/build/icyphy/ptII/ptolemy/actor/lib/test/auto/ScaleMatrix.xml
129 ms. Memory: 519168K Free: 210080K (40%)
----------------- Invoking toplevel() on ptolemy.moml.MoMLSimpleApplication@469d903d
----------------- Done invoking toplevel() on ptolemy.moml.MoMLSimpleApplication@469d903d
reloadAllAccessors: .ScaleMatrix

===========================================================================================
----------------- testing Wed Dec 04 06:19:31 UTC 2019 /home/travis/build/icyphy/ptII/ptolemy/actor/lib/test/auto/Select.xml
----------------- Instantiating /home/travis/build/icyphy/ptII/ptolemy/actor/lib/test/auto/Select.xml
2 ms. Memory: 519168K Free: 203936K (39%)
----------------- Invoking toplevel() on ptolemy.moml.MoMLSimpleApplication@553d37e
----------------- Done invoking toplevel() on ptolemy.moml.MoMLSimpleApplication@553d37e
reloadAllAccessors: .Select

===========================================================================================
----------------- testing Wed Dec 04 06:19:31 UTC 2019 /home/travis/build/icyphy/ptII/ptolemy/actor/lib/test/auto/Select2.xml
----------------- Instantiating /home/travis/build/icyphy/ptII/ptolemy/actor/lib/test/auto/Select2.xml
1 ms. Memory: 519168K Free: 199326K (38%)
----------------- Invoking toplevel() on ptolemy.moml.MoMLSimpleApplication@2f38227e
----------------- Done invoking toplevel() on ptolemy.moml.MoMLSimpleApplication@2f38227e
reloadAllAccessors: .Select2

===========================================================================================
----------------- testing Wed Dec 04 06:19:31 UTC 2019 /home/travis/build/icyphy/ptII/ptolemy/actor/lib/test/auto/SequenceToArray2.xml
----------------- Instantiating /home/travis/build/icyphy/ptII/ptolemy/actor/lib/test/auto/SequenceToArray2.xml
95 ms. Memory: 519168K Free: 175760K (34%)
----------------- Invoking toplevel() on ptolemy.moml.MoMLSimpleApplication@3508e891
----------------- Done invoking toplevel() on ptolemy.moml.MoMLSimpleApplication@3508e891
reloadAllAccessors: .SequenceToArray2

===========================================================================================
----------------- testing Wed Dec 04 06:19:31 UTC 2019 /home/travis/build/icyphy/ptII/ptolemy/actor/lib/test/auto/SequentialClock.xml
----------------- Instantiating /home/travis/build/icyphy/ptII/ptolemy/actor/lib/test/auto/SequentialClock.xml
1 ms. Memory: 519168K Free: 171168K (33%)
----------------- Invoking toplevel() on ptolemy.moml.MoMLSimpleApplication@20af9c01
----------------- Done invoking toplevel() on ptolemy.moml.MoMLSimpleApplication@20af9c01
reloadAllAccessors: .SequentialClock

===========================================================================================
----------------- testing Wed Dec 04 06:19:31 UTC 2019 /home/travis/build/icyphy/ptII/ptolemy/actor/lib/test/auto/SetVariable.xml
----------------- Instantiating /home/travis/build/icyphy/ptII/ptolemy/actor/lib/test/auto/SetVariable.xml
2 ms. Memory: 519168K Free: 166558K (32%)
----------------- Invoking toplevel() on ptolemy.moml.MoMLSimpleApplication@7ee169ff
----------------- Done invoking toplevel() on ptolemy.moml.MoMLSimpleApplication@7ee169ff
reloadAllAccessors: .SetVariable

===========================================================================================
----------------- testing Wed Dec 04 06:19:31 UTC 2019 /home/travis/build/icyphy/ptII/ptolemy/actor/lib/test/auto/SetVariable2.xml
----------------- Instantiating /home/travis/build/icyphy/ptII/ptolemy/actor/lib/test/auto/SetVariable2.xml
27 ms. Memory: 519168K Free: 467704K (90%)
----------------- Invoking toplevel() on ptolemy.moml.MoMLSimpleApplication@6a0767e
----------------- Done invoking toplevel() on ptolemy.moml.MoMLSimpleApplication@6a0767e
reloadAllAccessors: .SetVariable2

===========================================================================================
----------------- testing Wed Dec 04 06:19:32 UTC 2019 /home/travis/build/icyphy/ptII/ptolemy/actor/lib/test/auto/SetVariable3.xml
----------------- Instantiating /home/travis/build/icyphy/ptII/ptolemy/actor/lib/test/auto/SetVariable3.xml
4 ms. Memory: 519168K Free: 461824K (89%)
----------------- Invoking toplevel() on ptolemy.moml.MoMLSimpleApplication@65fe437
----------------- Done invoking toplevel() on ptolemy.moml.MoMLSimpleApplication@65fe437
reloadAllAccessors: .SetVariable3

===========================================================================================
----------------- testing Wed Dec 04 06:19:32 UTC 2019 /home/travis/build/icyphy/ptII/ptolemy/actor/lib/test/auto/SetVariable4.xml
----------------- Instantiating /home/travis/build/icyphy/ptII/ptolemy/actor/lib/test/auto/SetVariable4.xml
17 ms. Memory: 519168K Free: 451582K (87%)
----------------- Invoking toplevel() on ptolemy.moml.MoMLSimpleApplication@17b4fa60
----------------- Done invoking toplevel() on ptolemy.moml.MoMLSimpleApplication@17b4fa60
reloadAllAccessors: .SetVariable4

===========================================================================================
----------------- testing Wed Dec 04 06:19:32 UTC 2019 /home/travis/build/icyphy/ptII/ptolemy/actor/lib/test/auto/SetVariable5.xml
----------------- Instantiating /home/travis/build/icyphy/ptII/ptolemy/actor/lib/test/auto/SetVariable5.xml
18 ms. Memory: 519168K Free: 442368K (85%)
----------------- Invoking toplevel() on ptolemy.moml.MoMLSimpleApplication@2479d465
----------------- Done invoking toplevel() on ptolemy.moml.MoMLSimpleApplication@2479d465
reloadAllAccessors: .SetVariable5

===========================================================================================
----------------- testing Wed Dec 04 06:19:32 UTC 2019 /home/travis/build/icyphy/ptII/ptolemy/actor/lib/test/auto/Sinewave.xml
----------------- Instantiating /home/travis/build/icyphy/ptII/ptolemy/actor/lib/test/auto/Sinewave.xml
6 ms. Memory: 519168K Free: 431614K (83%)
----------------- Invoking toplevel() on ptolemy.moml.MoMLSimpleApplication@49888b22
----------------- Done invoking toplevel() on ptolemy.moml.MoMLSimpleApplication@49888b22
reloadAllAccessors: .Sinewave

===========================================================================================
----------------- testing Wed Dec 04 06:19:32 UTC 2019 /home/travis/build/icyphy/ptII/ptolemy/actor/lib/test/auto/Sinewave2.xml
----------------- Instantiating /home/travis/build/icyphy/ptII/ptolemy/actor/lib/test/auto/Sinewave2.xml
7 ms. Memory: 519168K Free: 423407K (82%)
----------------- Invoking toplevel() on ptolemy.moml.MoMLSimpleApplication@7c4a497f
----------------- Done invoking toplevel() on ptolemy.moml.MoMLSimpleApplication@7c4a497f
reloadAllAccessors: .Sinewave2

===========================================================================================
----------------- testing Wed Dec 04 06:19:32 UTC 2019 /home/travis/build/icyphy/ptII/ptolemy/actor/lib/test/auto/Sinewave3.xml
----------------- Instantiating /home/travis/build/icyphy/ptII/ptolemy/actor/lib/test/auto/Sinewave3.xml
9 ms. Memory: 519168K Free: 415199K (80%)
----------------- Invoking toplevel() on ptolemy.moml.MoMLSimpleApplication@5dd75053
----------------- Done invoking toplevel() on ptolemy.moml.MoMLSimpleApplication@5dd75053
reloadAllAccessors: .Sinewave3

===========================================================================================
----------------- testing Wed Dec 04 06:19:32 UTC 2019 /home/travis/build/icyphy/ptII/ptolemy/actor/lib/test/auto/SingleEvent.xml
----------------- Instantiating /home/travis/build/icyphy/ptII/ptolemy/actor/lib/test/auto/SingleEvent.xml
2 ms. Memory: 519168K Free: 410624K (79%)
----------------- Invoking toplevel() on ptolemy.moml.MoMLSimpleApplication@359ec5c7
----------------- Done invoking toplevel() on ptolemy.moml.MoMLSimpleApplication@359ec5c7
reloadAllAccessors: .SingleEvent

===========================================================================================
----------------- testing Wed Dec 04 06:19:32 UTC 2019 /home/travis/build/icyphy/ptII/ptolemy/actor/lib/test/auto/Sleep.xml
----------------- Instantiating /home/travis/build/icyphy/ptII/ptolemy/actor/lib/test/auto/Sleep.xml
6003 ms. Memory: 519168K Free: 404975K (78%)
----------------- Invoking toplevel() on ptolemy.moml.MoMLSimpleApplication@1f78d47b
----------------- Done invoking toplevel() on ptolemy.moml.MoMLSimpleApplication@1f78d47b
reloadAllAccessors: .Sleep

===========================================================================================
----------------- testing Wed Dec 04 06:19:38 UTC 2019 /home/travis/build/icyphy/ptII/ptolemy/actor/lib/test/auto/SleepMultipleFire.xml
----------------- Instantiating /home/travis/build/icyphy/ptII/ptolemy/actor/lib/test/auto/SleepMultipleFire.xml
1005 ms. Memory: 519168K Free: 399360K (77%)
----------------- Invoking toplevel() on ptolemy.moml.MoMLSimpleApplication@503af0f6
----------------- Done invoking toplevel() on ptolemy.moml.MoMLSimpleApplication@503af0f6
reloadAllAccessors: .SleepMultipleFire

===========================================================================================
----------------- testing Wed Dec 04 06:19:39 UTC 2019 /home/travis/build/icyphy/ptII/ptolemy/actor/lib/test/auto/StopDE.xml
----------------- Instantiating /home/travis/build/icyphy/ptII/ptolemy/actor/lib/test/auto/StopDE.xml
3 ms. Memory: 519168K Free: 393216K (76%)
----------------- Invoking toplevel() on ptolemy.moml.MoMLSimpleApplication@5d087de3
----------------- Done invoking toplevel() on ptolemy.moml.MoMLSimpleApplication@5d087de3
reloadAllAccessors: .StopDE

===========================================================================================
----------------- testing Wed Dec 04 06:19:39 UTC 2019 /home/travis/build/icyphy/ptII/ptolemy/actor/lib/test/auto/StopSDF.xml
----------------- Instantiating /home/travis/build/icyphy/ptII/ptolemy/actor/lib/test/auto/StopSDF.xml
3 ms. Memory: 519168K Free: 388096K (75%)
----------------- Invoking toplevel() on ptolemy.moml.MoMLSimpleApplication@6cb64499
----------------- Done invoking toplevel() on ptolemy.moml.MoMLSimpleApplication@6cb64499
reloadAllAccessors: .StopSDF

===========================================================================================
----------------- testing Wed Dec 04 06:19:39 UTC 2019 /home/travis/build/icyphy/ptII/ptolemy/actor/lib/test/auto/StringConstant.xml
----------------- Instantiating /home/travis/build/icyphy/ptII/ptolemy/actor/lib/test/auto/StringConstant.xml
2 ms. Memory: 519168K Free: 384000K (74%)
----------------- Invoking toplevel() on ptolemy.moml.MoMLSimpleApplication@67d5051d
----------------- Done invoking toplevel() on ptolemy.moml.MoMLSimpleApplication@67d5051d
reloadAllAccessors: .StringConstant

===========================================================================================
----------------- testing Wed Dec 04 06:19:39 UTC 2019 /home/travis/build/icyphy/ptII/ptolemy/actor/lib/test/auto/SubscriberPortInitialValues1.xml
----------------- Instantiating /home/travis/build/icyphy/ptII/ptolemy/actor/lib/test/auto/SubscriberPortInitialValues1.xml
6 ms. Memory: 519168K Free: 375294K (72%)
----------------- Invoking toplevel() on ptolemy.moml.MoMLSimpleApplication@12aeb1c1
----------------- Done invoking toplevel() on ptolemy.moml.MoMLSimpleApplication@12aeb1c1
reloadAllAccessors: .SubscriberPortInitialValues1

===========================================================================================
----------------- testing Wed Dec 04 06:19:39 UTC 2019 /home/travis/build/icyphy/ptII/ptolemy/actor/lib/test/auto/SubscriberPortInitialValues13.xml
----------------- Instantiating /home/travis/build/icyphy/ptII/ptolemy/actor/lib/test/auto/SubscriberPortInitialValues13.xml
5 ms. Memory: 519168K Free: 361982K (70%)
----------------- Invoking toplevel() on ptolemy.moml.MoMLSimpleApplication@513b8811
----------------- Done invoking toplevel() on ptolemy.moml.MoMLSimpleApplication@513b8811
reloadAllAccessors: .SubscriberPortInitialValues13

===========================================================================================
----------------- testing Wed Dec 04 06:19:39 UTC 2019 /home/travis/build/icyphy/ptII/ptolemy/actor/lib/test/auto/SubscriberPortInitialValues14.xml
----------------- Instantiating /home/travis/build/icyphy/ptII/ptolemy/actor/lib/test/auto/SubscriberPortInitialValues14.xml
4 ms. Memory: 519168K Free: 354304K (68%)
----------------- Invoking toplevel() on ptolemy.moml.MoMLSimpleApplication@4708f302
----------------- Done invoking toplevel() on ptolemy.moml.MoMLSimpleApplication@4708f302
reloadAllAccessors: .SubscriberPortInitialValues14

===========================================================================================
----------------- testing Wed Dec 04 06:19:39 UTC 2019 /home/travis/build/icyphy/ptII/ptolemy/actor/lib/test/auto/SubscriberPortInitialValues2.xml
----------------- Instantiating /home/travis/build/icyphy/ptII/ptolemy/actor/lib/test/auto/SubscriberPortInitialValues2.xml
4 ms. Memory: 519168K Free: 346622K (67%)
----------------- Invoking toplevel() on ptolemy.moml.MoMLSimpleApplication@1134cdcd
----------------- Done invoking toplevel() on ptolemy.moml.MoMLSimpleApplication@1134cdcd
reloadAllAccessors: .SubscriberPortInitialValues2

===========================================================================================
----------------- testing Wed Dec 04 06:19:39 UTC 2019 /home/travis/build/icyphy/ptII/ptolemy/actor/lib/test/auto/SubscriberPortInitialValues3.xml
----------------- Instantiating /home/travis/build/icyphy/ptII/ptolemy/actor/lib/test/auto/SubscriberPortInitialValues3.xml
14 ms. Memory: 519168K Free: 335872K (65%)
----------------- Invoking toplevel() on ptolemy.moml.MoMLSimpleApplication@55fa8044
----------------- Done invoking toplevel() on ptolemy.moml.MoMLSimpleApplication@55fa8044
reloadAllAccessors: .SubscriberPortInitialValues3

===========================================================================================
----------------- testing Wed Dec 04 06:19:39 UTC 2019 /home/travis/build/icyphy/ptII/ptolemy/actor/lib/test/auto/SubscriptionAggregator.xml
----------------- Instantiating /home/travis/build/icyphy/ptII/ptolemy/actor/lib/test/auto/SubscriptionAggregator.xml
3 ms. Memory: 519168K Free: 328704K (63%)
----------------- Invoking toplevel() on ptolemy.moml.MoMLSimpleApplication@395b7afc
----------------- Done invoking toplevel() on ptolemy.moml.MoMLSimpleApplication@395b7afc
reloadAllAccessors: .SubscriptionAggregator

===========================================================================================
----------------- testing Wed Dec 04 06:19:39 UTC 2019 /home/travis/build/icyphy/ptII/ptolemy/actor/lib/test/auto/SubscriptionAggregator2.xml
----------------- Instantiating /home/travis/build/icyphy/ptII/ptolemy/actor/lib/test/auto/SubscriptionAggregator2.xml
3 ms. Memory: 519168K Free: 322039K (62%)
----------------- Invoking toplevel() on ptolemy.moml.MoMLSimpleApplication@46d34787
----------------- Done invoking toplevel() on ptolemy.moml.MoMLSimpleApplication@46d34787
reloadAllAccessors: .SubscriptionAggregator2

===========================================================================================
----------------- testing Wed Dec 04 06:19:39 UTC 2019 /home/travis/build/icyphy/ptII/ptolemy/actor/lib/test/auto/SubscriptionAggregator3.xml
----------------- Instantiating /home/travis/build/icyphy/ptII/ptolemy/actor/lib/test/auto/SubscriptionAggregator3.xml
4 ms. Memory: 519168K Free: 313854K (60%)
----------------- Invoking toplevel() on ptolemy.moml.MoMLSimpleApplication@1086f894
----------------- Done invoking toplevel() on ptolemy.moml.MoMLSimpleApplication@1086f894
reloadAllAccessors: .SubscriptionAggregator3

===========================================================================================
----------------- testing Wed Dec 04 06:19:39 UTC 2019 /home/travis/build/icyphy/ptII/ptolemy/actor/lib/test/auto/SubscriptionAggregatorMultiply.xml
----------------- Instantiating /home/travis/build/icyphy/ptII/ptolemy/actor/lib/test/auto/SubscriptionAggregatorMultiply.xml
10 ms. Memory: 519168K Free: 305655K (59%)
----------------- Invoking toplevel() on ptolemy.moml.MoMLSimpleApplication@620c2fd4
----------------- Done invoking toplevel() on ptolemy.moml.MoMLSimpleApplication@620c2fd4
reloadAllAccessors: .SubscriptionAggregatorMultiply

===========================================================================================
----------------- testing Wed Dec 04 06:19:39 UTC 2019 /home/travis/build/icyphy/ptII/ptolemy/actor/lib/test/auto/SubscriptionAggregatorPortMultiply1.xml
----------------- Instantiating /home/travis/build/icyphy/ptII/ptolemy/actor/lib/test/auto/SubscriptionAggregatorPortMultiply1.xml
4 ms. Memory: 519168K Free: 297470K (57%)
----------------- Invoking toplevel() on ptolemy.moml.MoMLSimpleApplication@5b703cc1
----------------- Done invoking toplevel() on ptolemy.moml.MoMLSimpleApplication@5b703cc1
reloadAllAccessors: .SubscriptionAggregatorPortMultiply1

===========================================================================================
----------------- testing Wed Dec 04 06:19:39 UTC 2019 /home/travis/build/icyphy/ptII/ptolemy/actor/lib/test/auto/Switch.xml
----------------- Instantiating /home/travis/build/icyphy/ptII/ptolemy/actor/lib/test/auto/Switch.xml
6 ms. Memory: 519168K Free: 289278K (56%)
----------------- Invoking toplevel() on ptolemy.moml.MoMLSimpleApplication@baa3d07
----------------- Done invoking toplevel() on ptolemy.moml.MoMLSimpleApplication@baa3d07
reloadAllAccessors: .Switch

===========================================================================================
----------------- testing Wed Dec 04 06:19:39 UTC 2019 /home/travis/build/icyphy/ptII/ptolemy/actor/lib/test/auto/Switch2.xml
----------------- Instantiating /home/travis/build/icyphy/ptII/ptolemy/actor/lib/test/auto/Switch2.xml
1 ms. Memory: 519168K Free: 284672K (55%)
----------------- Invoking toplevel() on ptolemy.moml.MoMLSimpleApplication@3d8d4b8
----------------- Done invoking toplevel() on ptolemy.moml.MoMLSimpleApplication@3d8d4b8
reloadAllAccessors: .Switch2

===========================================================================================
----------------- testing Wed Dec 04 06:19:39 UTC 2019 /home/travis/build/icyphy/ptII/ptolemy/actor/lib/test/auto/SwitchDE.xml
----------------- Instantiating /home/travis/build/icyphy/ptII/ptolemy/actor/lib/test/auto/SwitchDE.xml
4 ms. Memory: 519168K Free: 278528K (54%)
----------------- Invoking toplevel() on ptolemy.moml.MoMLSimpleApplication@79cb36b9
----------------- Done invoking toplevel() on ptolemy.moml.MoMLSimpleApplication@79cb36b9
reloadAllAccessors: .SwitchDE

===========================================================================================
----------------- testing Wed Dec 04 06:19:39 UTC 2019 /home/travis/build/icyphy/ptII/ptolemy/actor/lib/test/auto/SynchronizerDE.xml
----------------- Instantiating /home/travis/build/icyphy/ptII/ptolemy/actor/lib/test/auto/SynchronizerDE.xml
6 ms. Memory: 519168K Free: 269807K (52%)
----------------- Invoking toplevel() on ptolemy.moml.MoMLSimpleApplication@7763526e
----------------- Done invoking toplevel() on ptolemy.moml.MoMLSimpleApplication@7763526e
reloadAllAccessors: .SynchronizerDE

===========================================================================================
----------------- testing Wed Dec 04 06:19:39 UTC 2019 /home/travis/build/icyphy/ptII/ptolemy/actor/lib/test/auto/Test.xml
----------------- Instantiating /home/travis/build/icyphy/ptII/ptolemy/actor/lib/test/auto/Test.xml
2 ms. Memory: 519168K Free: 264695K (51%)
----------------- Invoking toplevel() on ptolemy.moml.MoMLSimpleApplication@36f838d6
----------------- Done invoking toplevel() on ptolemy.moml.MoMLSimpleApplication@36f838d6
reloadAllAccessors: .Test

===========================================================================================
----------------- testing Wed Dec 04 06:19:39 UTC 2019 /home/travis/build/icyphy/ptII/ptolemy/actor/lib/test/auto/TestExceptionAttribute1.xml
----------------- Instantiating /home/travis/build/icyphy/ptII/ptolemy/actor/lib/test/auto/TestExceptionAttribute1.xml
1 ms. Memory: 519168K Free: 261120K (50%)
----------------- Invoking toplevel() on ptolemy.moml.MoMLSimpleApplication@3569939d
----------------- Done invoking toplevel() on ptolemy.moml.MoMLSimpleApplication@3569939d
reloadAllAccessors: .TestExceptionAttribute1

===========================================================================================
----------------- testing Wed Dec 04 06:19:39 UTC 2019 /home/travis/build/icyphy/ptII/ptolemy/actor/lib/test/auto/TestExceptionAttribute2.xml
----------------- Instantiating /home/travis/build/icyphy/ptII/ptolemy/actor/lib/test/auto/TestExceptionAttribute2.xml
1 ms. Memory: 519168K Free: 257024K (50%)
----------------- Invoking toplevel() on ptolemy.moml.MoMLSimpleApplication@2783dca4
----------------- Done invoking toplevel() on ptolemy.moml.MoMLSimpleApplication@2783dca4
reloadAllAccessors: .TestExceptionAttribute2

===========================================================================================
----------------- testing Wed Dec 04 06:19:39 UTC 2019 /home/travis/build/icyphy/ptII/ptolemy/actor/lib/test/auto/TestExceptionAttribute3.xml
----------------- Instantiating /home/travis/build/icyphy/ptII/ptolemy/actor/lib/test/auto/TestExceptionAttribute3.xml
.TestExceptionAttribute3.TestExceptionAttribute: initialize() was not invoked, but wrapup() was.  This is unusual, but not always a problem.  For example, exporting JNLP will do this.
0 ms. Memory: 519168K Free: 253438K (49%)
----------------- Invoking toplevel() on ptolemy.moml.MoMLSimpleApplication@1f9d4bee
----------------- Done invoking toplevel() on ptolemy.moml.MoMLSimpleApplication@1f9d4bee
reloadAllAccessors: .TestExceptionAttribute3

===========================================================================================
----------------- testing Wed Dec 04 06:19:39 UTC 2019 /home/travis/build/icyphy/ptII/ptolemy/actor/lib/test/auto/TestExceptionAttribute4.xml
----------------- Instantiating /home/travis/build/icyphy/ptII/ptolemy/actor/lib/test/auto/TestExceptionAttribute4.xml
.TestExceptionAttribute4.TestExceptionAttribute: initialize() was not invoked, but wrapup() was.  This is unusual, but not always a problem.  For example, exporting JNLP will do this.
.TestExceptionAttribute4.TestExceptionAttribute2: initialize() was not invoked, but wrapup() was.  This is unusual, but not always a problem.  For example, exporting JNLP will do this.
1 ms. Memory: 519168K Free: 249342K (48%)
----------------- Invoking toplevel() on ptolemy.moml.MoMLSimpleApplication@6ccc6d03
----------------- Done invoking toplevel() on ptolemy.moml.MoMLSimpleApplication@6ccc6d03
reloadAllAccessors: .TestExceptionAttribute4

===========================================================================================
----------------- testing Wed Dec 04 06:19:39 UTC 2019 /home/travis/build/icyphy/ptII/ptolemy/actor/lib/test/auto/TestExceptionHandler1.xml
----------------- Instantiating /home/travis/build/icyphy/ptII/ptolemy/actor/lib/test/auto/TestExceptionHandler1.xml
1 ms. Memory: 519168K Free: 245760K (47%)
----------------- Invoking toplevel() on ptolemy.moml.MoMLSimpleApplication@1d17aa46
----------------- Done invoking toplevel() on ptolemy.moml.MoMLSimpleApplication@1d17aa46
reloadAllAccessors: .TestExceptionHandler1

===========================================================================================
----------------- testing Wed Dec 04 06:19:39 UTC 2019 /home/travis/build/icyphy/ptII/ptolemy/actor/lib/test/auto/TestExceptionHandler2.xml
----------------- Instantiating /home/travis/build/icyphy/ptII/ptolemy/actor/lib/test/auto/TestExceptionHandler2.xml
1 ms. Memory: 519168K Free: 241664K (47%)
----------------- Invoking toplevel() on ptolemy.moml.MoMLSimpleApplication@54a2ff59
----------------- Done invoking toplevel() on ptolemy.moml.MoMLSimpleApplication@54a2ff59
reloadAllAccessors: .TestExceptionHandler2

===========================================================================================
----------------- testing Wed Dec 04 06:19:39 UTC 2019 /home/travis/build/icyphy/ptII/ptolemy/actor/lib/test/auto/TestExceptionHandler3.xml
----------------- Instantiating /home/travis/build/icyphy/ptII/ptolemy/actor/lib/test/auto/TestExceptionHandler3.xml
1 ms. Memory: 519168K Free: 238078K (46%)
----------------- Invoking toplevel() on ptolemy.moml.MoMLSimpleApplication@4522ecb0
----------------- Done invoking toplevel() on ptolemy.moml.MoMLSimpleApplication@4522ecb0
reloadAllAccessors: .TestExceptionHandler3

===========================================================================================
----------------- testing Wed Dec 04 06:19:39 UTC 2019 /home/travis/build/icyphy/ptII/ptolemy/actor/lib/test/auto/TestExceptionHandler4.xml
----------------- Instantiating /home/travis/build/icyphy/ptII/ptolemy/actor/lib/test/auto/TestExceptionHandler4.xml
1 ms. Memory: 519168K Free: 233982K (45%)
----------------- Invoking toplevel() on ptolemy.moml.MoMLSimpleApplication@6637cfa9
----------------- Done invoking toplevel() on ptolemy.moml.MoMLSimpleApplication@6637cfa9
reloadAllAccessors: .TestExceptionHandler4

===========================================================================================
----------------- testing Wed Dec 04 06:19:39 UTC 2019 /home/travis/build/icyphy/ptII/ptolemy/actor/lib/test/auto/TestRequireCorrectOrder.xml
----------------- Instantiating /home/travis/build/icyphy/ptII/ptolemy/actor/lib/test/auto/TestRequireCorrectOrder.xml
10 ms. Memory: 519168K Free: 228352K (44%)
----------------- Invoking toplevel() on ptolemy.moml.MoMLSimpleApplication@72637140
----------------- Done invoking toplevel() on ptolemy.moml.MoMLSimpleApplication@72637140
reloadAllAccessors: .TestRequireCorrectOrder

===========================================================================================
----------------- testing Wed Dec 04 06:19:39 UTC 2019 /home/travis/build/icyphy/ptII/ptolemy/actor/lib/test/auto/TestSimple.xml
----------------- Instantiating /home/travis/build/icyphy/ptII/ptolemy/actor/lib/test/auto/TestSimple.xml
2 ms. Memory: 519168K Free: 224256K (43%)
----------------- Invoking toplevel() on ptolemy.moml.MoMLSimpleApplication@5ae8622f
----------------- Done invoking toplevel() on ptolemy.moml.MoMLSimpleApplication@5ae8622f
reloadAllAccessors: .TestSimple

===========================================================================================
----------------- testing Wed Dec 04 06:19:39 UTC 2019 /home/travis/build/icyphy/ptII/ptolemy/actor/lib/test/auto/ThrowModelError.xml
----------------- Instantiating /home/travis/build/icyphy/ptII/ptolemy/actor/lib/test/auto/ThrowModelError.xml
1 ms. Memory: 519168K Free: 219646K (42%)
----------------- Invoking toplevel() on ptolemy.moml.MoMLSimpleApplication@31c38d4a
----------------- Done invoking toplevel() on ptolemy.moml.MoMLSimpleApplication@31c38d4a
reloadAllAccessors: .ThrowModelError

===========================================================================================
----------------- testing Wed Dec 04 06:19:39 UTC 2019 /home/travis/build/icyphy/ptII/ptolemy/actor/lib/test/auto/TimeDelayMicrosteps.xml
----------------- Instantiating /home/travis/build/icyphy/ptII/ptolemy/actor/lib/test/auto/TimeDelayMicrosteps.xml
2 ms. Memory: 519168K Free: 212463K (41%)
----------------- Invoking toplevel() on ptolemy.moml.MoMLSimpleApplication@26c496a6
----------------- Done invoking toplevel() on ptolemy.moml.MoMLSimpleApplication@26c496a6
reloadAllAccessors: .TimeDelayMicrosteps

===========================================================================================
----------------- testing Wed Dec 04 06:19:39 UTC 2019 /home/travis/build/icyphy/ptII/ptolemy/actor/lib/test/auto/TimeDelayMicrosteps2.xml
----------------- Instantiating /home/travis/build/icyphy/ptII/ptolemy/actor/lib/test/auto/TimeDelayMicrosteps2.xml
2 ms. Memory: 519168K Free: 205279K (40%)
----------------- Invoking toplevel() on ptolemy.moml.MoMLSimpleApplication@500b1f75
----------------- Done invoking toplevel() on ptolemy.moml.MoMLSimpleApplication@500b1f75
reloadAllAccessors: .TimeDelayMicrosteps2

===========================================================================================
----------------- testing Wed Dec 04 06:19:39 UTC 2019 /home/travis/build/icyphy/ptII/ptolemy/actor/lib/test/auto/TimeDelayMicrosteps3.xml
----------------- Instantiating /home/travis/build/icyphy/ptII/ptolemy/actor/lib/test/auto/TimeDelayMicrosteps3.xml
3 ms. Memory: 519168K Free: 199151K (38%)
----------------- Invoking toplevel() on ptolemy.moml.MoMLSimpleApplication@59f851a2
----------------- Done invoking toplevel() on ptolemy.moml.MoMLSimpleApplication@59f851a2
reloadAllAccessors: .TimeDelayMicrosteps3

===========================================================================================
----------------- testing Wed Dec 04 06:19:39 UTC 2019 /home/travis/build/icyphy/ptII/ptolemy/actor/lib/test/auto/TimeDelayVariableMicrosteps.xml
----------------- Instantiating /home/travis/build/icyphy/ptII/ptolemy/actor/lib/test/auto/TimeDelayVariableMicrosteps.xml
3 ms. Memory: 519168K Free: 192512K (37%)
----------------- Invoking toplevel() on ptolemy.moml.MoMLSimpleApplication@7b2a5e0c
----------------- Done invoking toplevel() on ptolemy.moml.MoMLSimpleApplication@7b2a5e0c
reloadAllAccessors: .TimeDelayVariableMicrosteps

===========================================================================================
----------------- testing Wed Dec 04 06:19:39 UTC 2019 /home/travis/build/icyphy/ptII/ptolemy/actor/lib/test/auto/TimeGap.xml
----------------- Instantiating /home/travis/build/icyphy/ptII/ptolemy/actor/lib/test/auto/TimeGap.xml
3 ms. Memory: 519168K Free: 187392K (36%)
----------------- Invoking toplevel() on ptolemy.moml.MoMLSimpleApplication@6c860fc7
----------------- Done invoking toplevel() on ptolemy.moml.MoMLSimpleApplication@6c860fc7
reloadAllAccessors: .TimeGap

===========================================================================================
----------------- testing Wed Dec 04 06:19:39 UTC 2019 /home/travis/build/icyphy/ptII/ptolemy/actor/lib/test/auto/TimeGap2.xml
----------------- Instantiating /home/travis/build/icyphy/ptII/ptolemy/actor/lib/test/auto/TimeGap2.xml
2 ms. Memory: 519168K Free: 181743K (35%)
----------------- Invoking toplevel() on ptolemy.moml.MoMLSimpleApplication@5b67b93e
----------------- Done invoking toplevel() on ptolemy.moml.MoMLSimpleApplication@5b67b93e
reloadAllAccessors: .TimeGap2

===========================================================================================
----------------- testing Wed Dec 04 06:19:40 UTC 2019 /home/travis/build/icyphy/ptII/ptolemy/actor/lib/test/auto/TimedSinewave.xml
----------------- Instantiating /home/travis/build/icyphy/ptII/ptolemy/actor/lib/test/auto/TimedSinewave.xml
35 ms. Memory: 519168K Free: 167422K (32%)
----------------- Invoking toplevel() on ptolemy.moml.MoMLSimpleApplication@650afa59
----------------- Done invoking toplevel() on ptolemy.moml.MoMLSimpleApplication@650afa59
reloadAllAccessors: .TimedSinewave

===========================================================================================
----------------- testing Wed Dec 04 06:19:40 UTC 2019 /home/travis/build/icyphy/ptII/ptolemy/actor/lib/test/auto/TimedSinewavePhase.xml
----------------- Instantiating /home/travis/build/icyphy/ptII/ptolemy/actor/lib/test/auto/TimedSinewavePhase.xml
14 ms. Memory: 519168K Free: 462918K (89%)
----------------- Invoking toplevel() on ptolemy.moml.MoMLSimpleApplication@75bb4646
----------------- Done invoking toplevel() on ptolemy.moml.MoMLSimpleApplication@75bb4646
reloadAllAccessors: .TimedSinewavePhase

===========================================================================================
----------------- testing Wed Dec 04 06:19:40 UTC 2019 /home/travis/build/icyphy/ptII/ptolemy/actor/lib/test/auto/Timer.xml
----------------- Instantiating /home/travis/build/icyphy/ptII/ptolemy/actor/lib/test/auto/Timer.xml
3 ms. Memory: 519168K Free: 456774K (88%)
----------------- Invoking toplevel() on ptolemy.moml.MoMLSimpleApplication@376a2c2e
----------------- Done invoking toplevel() on ptolemy.moml.MoMLSimpleApplication@376a2c2e
reloadAllAccessors: .Timer

===========================================================================================
----------------- testing Wed Dec 04 06:19:40 UTC 2019 /home/travis/build/icyphy/ptII/ptolemy/actor/lib/test/auto/TriangularDistTestModel.xml
----------------- Instantiating /home/travis/build/icyphy/ptII/ptolemy/actor/lib/test/auto/TriangularDistTestModel.xml
2 ms. Memory: 519168K Free: 451110K (87%)
----------------- Invoking toplevel() on ptolemy.moml.MoMLSimpleApplication@78b663b8
----------------- Done invoking toplevel() on ptolemy.moml.MoMLSimpleApplication@78b663b8
reloadAllAccessors: .TriangularDistTestModel

===========================================================================================
----------------- testing Wed Dec 04 06:19:40 UTC 2019 /home/travis/build/icyphy/ptII/ptolemy/actor/lib/test/auto/TrigFunction.xml
----------------- Instantiating /home/travis/build/icyphy/ptII/ptolemy/actor/lib/test/auto/TrigFunction.xml
2 ms. Memory: 519168K Free: 446020K (86%)
----------------- Invoking toplevel() on ptolemy.moml.MoMLSimpleApplication@2248e0c7
----------------- Done invoking toplevel() on ptolemy.moml.MoMLSimpleApplication@2248e0c7
reloadAllAccessors: .TrigFunction

===========================================================================================
----------------- testing Wed Dec 04 06:19:40 UTC 2019 /home/travis/build/icyphy/ptII/ptolemy/actor/lib/test/auto/TrigFunctionDE.xml
----------------- Instantiating /home/travis/build/icyphy/ptII/ptolemy/actor/lib/test/auto/TrigFunctionDE.xml
1 ms. Memory: 519168K Free: 440390K (85%)
----------------- Invoking toplevel() on ptolemy.moml.MoMLSimpleApplication@55b03bb7
----------------- Done invoking toplevel() on ptolemy.moml.MoMLSimpleApplication@55b03bb7
reloadAllAccessors: .TrigFunctionDE

===========================================================================================
----------------- testing Wed Dec 04 06:19:40 UTC 2019 /home/travis/build/icyphy/ptII/ptolemy/actor/lib/test/auto/TrigFunctionInverse.xml
----------------- Instantiating /home/travis/build/icyphy/ptII/ptolemy/actor/lib/test/auto/TrigFunctionInverse.xml
2 ms. Memory: 519168K Free: 435270K (84%)
----------------- Invoking toplevel() on ptolemy.moml.MoMLSimpleApplication@2b98f4e9
----------------- Done invoking toplevel() on ptolemy.moml.MoMLSimpleApplication@2b98f4e9
reloadAllAccessors: .TrigFunctionInverse

===========================================================================================
----------------- testing Wed Dec 04 06:19:40 UTC 2019 /home/travis/build/icyphy/ptII/ptolemy/actor/lib/test/auto/TrigFunctionTan.xml
----------------- Instantiating /home/travis/build/icyphy/ptII/ptolemy/actor/lib/test/auto/TrigFunctionTan.xml
2 ms. Memory: 519168K Free: 430660K (83%)
----------------- Invoking toplevel() on ptolemy.moml.MoMLSimpleApplication@780f4e3a
----------------- Done invoking toplevel() on ptolemy.moml.MoMLSimpleApplication@780f4e3a
reloadAllAccessors: .TrigFunctionTan

===========================================================================================
----------------- testing Wed Dec 04 06:19:40 UTC 2019 /home/travis/build/icyphy/ptII/ptolemy/actor/lib/test/auto/TriggeredClock.xml
----------------- Instantiating /home/travis/build/icyphy/ptII/ptolemy/actor/lib/test/auto/TriggeredClock.xml
1 ms. Memory: 519168K Free: 426022K (82%)
----------------- Invoking toplevel() on ptolemy.moml.MoMLSimpleApplication@554b186b
----------------- Done invoking toplevel() on ptolemy.moml.MoMLSimpleApplication@554b186b
reloadAllAccessors: .TriggeredClock

===========================================================================================
----------------- testing Wed Dec 04 06:19:40 UTC 2019 /home/travis/build/icyphy/ptII/ptolemy/actor/lib/test/auto/URLDirectoryReader.xml
----------------- Instantiating /home/travis/build/icyphy/ptII/ptolemy/actor/lib/test/auto/URLDirectoryReader.xml
39 ms. Memory: 519168K Free: 417348K (80%)
----------------- Invoking toplevel() on ptolemy.moml.MoMLSimpleApplication@26b43313
----------------- Done invoking toplevel() on ptolemy.moml.MoMLSimpleApplication@26b43313
reloadAllAccessors: .URLDirectoryReader

===========================================================================================
----------------- testing Wed Dec 04 06:19:40 UTC 2019 /home/travis/build/icyphy/ptII/ptolemy/actor/lib/test/auto/URLDirectoryReader3.xml
----------------- Instantiating /home/travis/build/icyphy/ptII/ptolemy/actor/lib/test/auto/URLDirectoryReader3.xml
1208 ms. Memory: 519168K Free: 458035K (88%)
----------------- Invoking toplevel() on ptolemy.moml.MoMLSimpleApplication@428a0761
----------------- Done invoking toplevel() on ptolemy.moml.MoMLSimpleApplication@428a0761
reloadAllAccessors: .URLDirectoryReader3

===========================================================================================
----------------- testing Wed Dec 04 06:19:41 UTC 2019 /home/travis/build/icyphy/ptII/ptolemy/actor/lib/test/auto/UnaryMathFunction.xml
----------------- Instantiating /home/travis/build/icyphy/ptII/ptolemy/actor/lib/test/auto/UnaryMathFunction.xml
2 ms. Memory: 519168K Free: 449843K (87%)
----------------- Invoking toplevel() on ptolemy.moml.MoMLSimpleApplication@75088df5
----------------- Done invoking toplevel() on ptolemy.moml.MoMLSimpleApplication@75088df5
reloadAllAccessors: .UnaryMathFunction

===========================================================================================
----------------- testing Wed Dec 04 06:19:41 UTC 2019 /home/travis/build/icyphy/ptII/ptolemy/actor/lib/test/auto/Uniform.xml
----------------- Instantiating /home/travis/build/icyphy/ptII/ptolemy/actor/lib/test/auto/Uniform.xml
1 ms. Memory: 519168K Free: 445226K (86%)
----------------- Invoking toplevel() on ptolemy.moml.MoMLSimpleApplication@22d482d1
----------------- Done invoking toplevel() on ptolemy.moml.MoMLSimpleApplication@22d482d1
reloadAllAccessors: .Uniform

===========================================================================================
----------------- testing Wed Dec 04 06:19:41 UTC 2019 /home/travis/build/icyphy/ptII/ptolemy/actor/lib/test/auto/UnionDisassemblerTest.xml
----------------- Instantiating /home/travis/build/icyphy/ptII/ptolemy/actor/lib/test/auto/UnionDisassemblerTest.xml
8 ms. Memory: 519168K Free: 441122K (85%)
----------------- Invoking toplevel() on ptolemy.moml.MoMLSimpleApplication@1542dbae
----------------- Done invoking toplevel() on ptolemy.moml.MoMLSimpleApplication@1542dbae
reloadAllAccessors: .UnionDisassemblerTest

===========================================================================================
----------------- testing Wed Dec 04 06:19:41 UTC 2019 /home/travis/build/icyphy/ptII/ptolemy/actor/lib/test/auto/UtilityFunctions.xml
----------------- Instantiating /home/travis/build/icyphy/ptII/ptolemy/actor/lib/test/auto/UtilityFunctions.xml
1 ms. Memory: 519168K Free: 437555K (84%)
----------------- Invoking toplevel() on ptolemy.moml.MoMLSimpleApplication@45159413
----------------- Done invoking toplevel() on ptolemy.moml.MoMLSimpleApplication@45159413
reloadAllAccessors: .UtilityFunctions

===========================================================================================
----------------- testing Wed Dec 04 06:19:41 UTC 2019 /home/travis/build/icyphy/ptII/ptolemy/actor/lib/test/auto/VariableSleep.xml
----------------- Instantiating /home/travis/build/icyphy/ptII/ptolemy/actor/lib/test/auto/VariableSleep.xml
504 ms. Memory: 519168K Free: 432435K (83%)
----------------- Invoking toplevel() on ptolemy.moml.MoMLSimpleApplication@3ce97148
----------------- Done invoking toplevel() on ptolemy.moml.MoMLSimpleApplication@3ce97148
reloadAllAccessors: .VariableSleep

===========================================================================================
----------------- testing Wed Dec 04 06:19:42 UTC 2019 /home/travis/build/icyphy/ptII/ptolemy/actor/lib/test/auto/VectorAssemblerDisassemblerCT.xml
----------------- Instantiating /home/travis/build/icyphy/ptII/ptolemy/actor/lib/test/auto/VectorAssemblerDisassemblerCT.xml
69 ms. Memory: 519168K Free: 411955K (79%)
----------------- Invoking toplevel() on ptolemy.moml.MoMLSimpleApplication@6af4cfff
----------------- Done invoking toplevel() on ptolemy.moml.MoMLSimpleApplication@6af4cfff
reloadAllAccessors: .VectorAssemblerDisassemblerCT

===========================================================================================
----------------- testing Wed Dec 04 06:19:42 UTC 2019 /home/travis/build/icyphy/ptII/ptolemy/actor/lib/test/auto/VectorAssemblerDisassemblerDE.xml
----------------- Instantiating /home/travis/build/icyphy/ptII/ptolemy/actor/lib/test/auto/VectorAssemblerDisassemblerDE.xml
3 ms. Memory: 519168K Free: 404787K (78%)
----------------- Invoking toplevel() on ptolemy.moml.MoMLSimpleApplication@4c86f5f7
----------------- Done invoking toplevel() on ptolemy.moml.MoMLSimpleApplication@4c86f5f7
reloadAllAccessors: .VectorAssemblerDisassemblerDE

===========================================================================================
----------------- testing Wed Dec 04 06:19:42 UTC 2019 /home/travis/build/icyphy/ptII/ptolemy/actor/lib/test/auto/VectorAssemblerDisassemblerSDF.xml
----------------- Instantiating /home/travis/build/icyphy/ptII/ptolemy/actor/lib/test/auto/VectorAssemblerDisassemblerSDF.xml
3 ms. Memory: 519168K Free: 398643K (77%)
----------------- Invoking toplevel() on ptolemy.moml.MoMLSimpleApplication@4284026c
----------------- Done invoking toplevel() on ptolemy.moml.MoMLSimpleApplication@4284026c
reloadAllAccessors: .VectorAssemblerDisassemblerSDF

===========================================================================================
----------------- testing Wed Dec 04 06:19:42 UTC 2019 /home/travis/build/icyphy/ptII/ptolemy/actor/lib/test/auto/WallClockTime.xml
----------------- Instantiating /home/travis/build/icyphy/ptII/ptolemy/actor/lib/test/auto/WallClockTime.xml
1004 ms. Memory: 519168K Free: 393009K (76%)
----------------- Invoking toplevel() on ptolemy.moml.MoMLSimpleApplication@208a5948
----------------- Done invoking toplevel() on ptolemy.moml.MoMLSimpleApplication@208a5948
reloadAllAccessors: .WallClockTime

===========================================================================================
----------------- testing Wed Dec 04 06:19:43 UTC 2019 /home/travis/build/icyphy/ptII/ptolemy/actor/lib/test/auto/WidthTestWithSubscriberPublisher.xml
----------------- Instantiating /home/travis/build/icyphy/ptII/ptolemy/actor/lib/test/auto/WidthTestWithSubscriberPublisher.xml
7 ms. Memory: 519168K Free: 375601K (72%)
----------------- Invoking toplevel() on ptolemy.moml.MoMLSimpleApplication@2e59c1eb
----------------- Done invoking toplevel() on ptolemy.moml.MoMLSimpleApplication@2e59c1eb
reloadAllAccessors: .WidthTestWithSubscriberPublisher

===========================================================================================
----------------- testing Wed Dec 04 06:19:43 UTC 2019 /home/travis/build/icyphy/ptII/ptolemy/actor/lib/test/auto/WidthTestWithSubscriberPublisher2.xml
----------------- Instantiating /home/travis/build/icyphy/ptII/ptolemy/actor/lib/test/auto/WidthTestWithSubscriberPublisher2.xml
5 ms. Memory: 519168K Free: 369457K (71%)
----------------- Invoking toplevel() on ptolemy.moml.MoMLSimpleApplication@5fd765bf
----------------- Done invoking toplevel() on ptolemy.moml.MoMLSimpleApplication@5fd765bf
reloadAllAccessors: .WidthTestWithSubscriberPublisher2

===========================================================================================
----------------- testing Wed Dec 04 06:19:43 UTC 2019 /home/travis/build/icyphy/ptII/ptolemy/actor/lib/test/auto/WidthTestWithSubscriberPublisher3.xml
----------------- Instantiating /home/travis/build/icyphy/ptII/ptolemy/actor/lib/test/auto/WidthTestWithSubscriberPublisher3.xml
2 ms. Memory: 519168K Free: 363313K (70%)
----------------- Invoking toplevel() on ptolemy.moml.MoMLSimpleApplication@3679eac4
----------------- Done invoking toplevel() on ptolemy.moml.MoMLSimpleApplication@3679eac4
reloadAllAccessors: .WidthTestWithSubscriberPublisher3

===========================================================================================
----------------- testing Wed Dec 04 06:19:43 UTC 2019 /home/travis/build/icyphy/ptII/ptolemy/actor/lib/test/auto/Writer.xml
----------------- Instantiating /home/travis/build/icyphy/ptII/ptolemy/actor/lib/test/auto/Writer.xml
0
1
2
3
4
2 ms. Memory: 519168K Free: 359210K (69%)
----------------- Invoking toplevel() on ptolemy.moml.MoMLSimpleApplication@793af61a
----------------- Done invoking toplevel() on ptolemy.moml.MoMLSimpleApplication@793af61a
reloadAllAccessors: .Writer

===========================================================================================
----------------- testing Wed Dec 04 06:19:43 UTC 2019 /home/travis/build/icyphy/ptII/ptolemy/actor/lib/test/auto/array.xml
----------------- Instantiating /home/travis/build/icyphy/ptII/ptolemy/actor/lib/test/auto/array.xml
3 ms. Memory: 519168K Free: 354611K (68%)
----------------- Invoking toplevel() on ptolemy.moml.MoMLSimpleApplication@2724667b
----------------- Done invoking toplevel() on ptolemy.moml.MoMLSimpleApplication@2724667b
reloadAllAccessors: .array

===========================================================================================
----------------- testing Wed Dec 04 06:19:43 UTC 2019 /home/travis/build/icyphy/ptII/ptolemy/actor/lib/test/auto/array2.xml
----------------- Instantiating /home/travis/build/icyphy/ptII/ptolemy/actor/lib/test/auto/array2.xml
9 ms. Memory: 519168K Free: 348977K (67%)
----------------- Invoking toplevel() on ptolemy.moml.MoMLSimpleApplication@1d0ab359
----------------- Done invoking toplevel() on ptolemy.moml.MoMLSimpleApplication@1d0ab359
reloadAllAccessors: .array2

===========================================================================================
----------------- testing Wed Dec 04 06:19:43 UTC 2019 /home/travis/build/icyphy/ptII/ptolemy/actor/lib/test/auto/arrayType.xml
----------------- Instantiating /home/travis/build/icyphy/ptII/ptolemy/actor/lib/test/auto/arrayType.xml
3 ms. Memory: 519168K Free: 343857K (66%)
----------------- Invoking toplevel() on ptolemy.moml.MoMLSimpleApplication@112d663e
----------------- Done invoking toplevel() on ptolemy.moml.MoMLSimpleApplication@112d663e
reloadAllAccessors: .arrayType

===========================================================================================
----------------- testing Wed Dec 04 06:19:43 UTC 2019 /home/travis/build/icyphy/ptII/ptolemy/actor/lib/test/auto/arrayType10.xml
----------------- Instantiating /home/travis/build/icyphy/ptII/ptolemy/actor/lib/test/auto/arrayType10.xml
2 ms. Memory: 519168K Free: 339251K (65%)
----------------- Invoking toplevel() on ptolemy.moml.MoMLSimpleApplication@497ab86b
----------------- Done invoking toplevel() on ptolemy.moml.MoMLSimpleApplication@497ab86b
reloadAllAccessors: .arrayType10

===========================================================================================
----------------- testing Wed Dec 04 06:19:43 UTC 2019 /home/travis/build/icyphy/ptII/ptolemy/actor/lib/test/auto/arrayType11.xml
----------------- Instantiating /home/travis/build/icyphy/ptII/ptolemy/actor/lib/test/auto/arrayType11.xml
1 ms. Memory: 519168K Free: 334131K (64%)
----------------- Invoking toplevel() on ptolemy.moml.MoMLSimpleApplication@6f3aed2e
----------------- Done invoking toplevel() on ptolemy.moml.MoMLSimpleApplication@6f3aed2e
reloadAllAccessors: .arrayType11

===========================================================================================
----------------- testing Wed Dec 04 06:19:43 UTC 2019 /home/travis/build/icyphy/ptII/ptolemy/actor/lib/test/auto/arrayType12.xml
----------------- Instantiating /home/travis/build/icyphy/ptII/ptolemy/actor/lib/test/auto/arrayType12.xml
1 ms. Memory: 519168K Free: 329521K (63%)
----------------- Invoking toplevel() on ptolemy.moml.MoMLSimpleApplication@2963d12d
----------------- Done invoking toplevel() on ptolemy.moml.MoMLSimpleApplication@2963d12d
reloadAllAccessors: .arrayType12

===========================================================================================
----------------- testing Wed Dec 04 06:19:43 UTC 2019 /home/travis/build/icyphy/ptII/ptolemy/actor/lib/test/auto/arrayType13.xml
----------------- Instantiating /home/travis/build/icyphy/ptII/ptolemy/actor/lib/test/auto/arrayType13.xml
1 ms. Memory: 519168K Free: 324401K (62%)
----------------- Invoking toplevel() on ptolemy.moml.MoMLSimpleApplication@5312749a
----------------- Done invoking toplevel() on ptolemy.moml.MoMLSimpleApplication@5312749a
reloadAllAccessors: .arrayType13

===========================================================================================
----------------- testing Wed Dec 04 06:19:43 UTC 2019 /home/travis/build/icyphy/ptII/ptolemy/actor/lib/test/auto/arrayType14.xml
----------------- Instantiating /home/travis/build/icyphy/ptII/ptolemy/actor/lib/test/auto/arrayType14.xml
1 ms. Memory: 519168K Free: 318771K (61%)
----------------- Invoking toplevel() on ptolemy.moml.MoMLSimpleApplication@724ad146
----------------- Done invoking toplevel() on ptolemy.moml.MoMLSimpleApplication@724ad146
reloadAllAccessors: .arrayType14

===========================================================================================
----------------- testing Wed Dec 04 06:19:43 UTC 2019 /home/travis/build/icyphy/ptII/ptolemy/actor/lib/test/auto/arrayType15.xml
----------------- Instantiating /home/travis/build/icyphy/ptII/ptolemy/actor/lib/test/auto/arrayType15.xml
3 ms. Memory: 519168K Free: 313651K (60%)
----------------- Invoking toplevel() on ptolemy.moml.MoMLSimpleApplication@67f9c45f
----------------- Done invoking toplevel() on ptolemy.moml.MoMLSimpleApplication@67f9c45f
reloadAllAccessors: .arrayType15

===========================================================================================
----------------- testing Wed Dec 04 06:19:43 UTC 2019 /home/travis/build/icyphy/ptII/ptolemy/actor/lib/test/auto/arrayType16.xml
----------------- Instantiating /home/travis/build/icyphy/ptII/ptolemy/actor/lib/test/auto/arrayType16.xml
1 ms. Memory: 519168K Free: 308531K (59%)
----------------- Invoking toplevel() on ptolemy.moml.MoMLSimpleApplication@66acf424
----------------- Done invoking toplevel() on ptolemy.moml.MoMLSimpleApplication@66acf424
reloadAllAccessors: .arrayType16

===========================================================================================
----------------- testing Wed Dec 04 06:19:43 UTC 2019 /home/travis/build/icyphy/ptII/ptolemy/actor/lib/test/auto/arrayType17.xml
----------------- Instantiating /home/travis/build/icyphy/ptII/ptolemy/actor/lib/test/auto/arrayType17.xml
1 ms. Memory: 519168K Free: 302897K (58%)
----------------- Invoking toplevel() on ptolemy.moml.MoMLSimpleApplication@3ff96297
----------------- Done invoking toplevel() on ptolemy.moml.MoMLSimpleApplication@3ff96297
reloadAllAccessors: .arrayType17

===========================================================================================
----------------- testing Wed Dec 04 06:19:43 UTC 2019 /home/travis/build/icyphy/ptII/ptolemy/actor/lib/test/auto/arrayType18.xml
----------------- Instantiating /home/travis/build/icyphy/ptII/ptolemy/actor/lib/test/auto/arrayType18.xml
1 ms. Memory: 519168K Free: 298291K (57%)
----------------- Invoking toplevel() on ptolemy.moml.MoMLSimpleApplication@342d9943
----------------- Done invoking toplevel() on ptolemy.moml.MoMLSimpleApplication@342d9943
reloadAllAccessors: .arrayType18

===========================================================================================
----------------- testing Wed Dec 04 06:19:43 UTC 2019 /home/travis/build/icyphy/ptII/ptolemy/actor/lib/test/auto/arrayType19.xml
----------------- Instantiating /home/travis/build/icyphy/ptII/ptolemy/actor/lib/test/auto/arrayType19.xml
1 ms. Memory: 519168K Free: 293681K (57%)
----------------- Invoking toplevel() on ptolemy.moml.MoMLSimpleApplication@6641d647
----------------- Done invoking toplevel() on ptolemy.moml.MoMLSimpleApplication@6641d647
reloadAllAccessors: .arrayType19

===========================================================================================
----------------- testing Wed Dec 04 06:19:43 UTC 2019 /home/travis/build/icyphy/ptII/ptolemy/actor/lib/test/auto/arrayType2.xml
----------------- Instantiating /home/travis/build/icyphy/ptII/ptolemy/actor/lib/test/auto/arrayType2.xml
1 ms. Memory: 519168K Free: 288051K (55%)
----------------- Invoking toplevel() on ptolemy.moml.MoMLSimpleApplication@548d87a
----------------- Done invoking toplevel() on ptolemy.moml.MoMLSimpleApplication@548d87a
reloadAllAccessors: .arrayType2

===========================================================================================
----------------- testing Wed Dec 04 06:19:43 UTC 2019 /home/travis/build/icyphy/ptII/ptolemy/actor/lib/test/auto/arrayType20.xml
----------------- Instantiating /home/travis/build/icyphy/ptII/ptolemy/actor/lib/test/auto/arrayType20.xml
1 ms. Memory: 519168K Free: 283441K (55%)
----------------- Invoking toplevel() on ptolemy.moml.MoMLSimpleApplication@1050feb9
----------------- Done invoking toplevel() on ptolemy.moml.MoMLSimpleApplication@1050feb9
reloadAllAccessors: .arrayType20

===========================================================================================
----------------- testing Wed Dec 04 06:19:43 UTC 2019 /home/travis/build/icyphy/ptII/ptolemy/actor/lib/test/auto/arrayType21.xml
----------------- Instantiating /home/travis/build/icyphy/ptII/ptolemy/actor/lib/test/auto/arrayType21.xml
1 ms. Memory: 519168K Free: 278835K (54%)
----------------- Invoking toplevel() on ptolemy.moml.MoMLSimpleApplication@648576e9
----------------- Done invoking toplevel() on ptolemy.moml.MoMLSimpleApplication@648576e9
reloadAllAccessors: .arrayType21

===========================================================================================
----------------- testing Wed Dec 04 06:19:43 UTC 2019 /home/travis/build/icyphy/ptII/ptolemy/actor/lib/test/auto/arrayType22.xml
----------------- Instantiating /home/travis/build/icyphy/ptII/ptolemy/actor/lib/test/auto/arrayType22.xml
2 ms. Memory: 519168K Free: 273715K (53%)
----------------- Invoking toplevel() on ptolemy.moml.MoMLSimpleApplication@2221842c
----------------- Done invoking toplevel() on ptolemy.moml.MoMLSimpleApplication@2221842c
reloadAllAccessors: .arrayType22

===========================================================================================
----------------- testing Wed Dec 04 06:19:43 UTC 2019 /home/travis/build/icyphy/ptII/ptolemy/actor/lib/test/auto/arrayType23.xml
----------------- Instantiating /home/travis/build/icyphy/ptII/ptolemy/actor/lib/test/auto/arrayType23.xml
2 ms. Memory: 519168K Free: 269105K (52%)
----------------- Invoking toplevel() on ptolemy.moml.MoMLSimpleApplication@5d7e81a8
----------------- Done invoking toplevel() on ptolemy.moml.MoMLSimpleApplication@5d7e81a8
reloadAllAccessors: .arrayType23

===========================================================================================
----------------- testing Wed Dec 04 06:19:43 UTC 2019 /home/travis/build/icyphy/ptII/ptolemy/actor/lib/test/auto/arrayType24.xml
----------------- Instantiating /home/travis/build/icyphy/ptII/ptolemy/actor/lib/test/auto/arrayType24.xml
1 ms. Memory: 519168K Free: 263985K (51%)
----------------- Invoking toplevel() on ptolemy.moml.MoMLSimpleApplication@4bc054d
----------------- Done invoking toplevel() on ptolemy.moml.MoMLSimpleApplication@4bc054d
reloadAllAccessors: .arrayType24

===========================================================================================
----------------- testing Wed Dec 04 06:19:43 UTC 2019 /home/travis/build/icyphy/ptII/ptolemy/actor/lib/test/auto/arrayType25.xml
----------------- Instantiating /home/travis/build/icyphy/ptII/ptolemy/actor/lib/test/auto/arrayType25.xml
1 ms. Memory: 519168K Free: 258355K (50%)
----------------- Invoking toplevel() on ptolemy.moml.MoMLSimpleApplication@2504cf5a
----------------- Done invoking toplevel() on ptolemy.moml.MoMLSimpleApplication@2504cf5a
reloadAllAccessors: .arrayType25

===========================================================================================
----------------- testing Wed Dec 04 06:19:43 UTC 2019 /home/travis/build/icyphy/ptII/ptolemy/actor/lib/test/auto/arrayType26.xml
----------------- Instantiating /home/travis/build/icyphy/ptII/ptolemy/actor/lib/test/auto/arrayType26.xml
2 ms. Memory: 519168K Free: 253235K (49%)
----------------- Invoking toplevel() on ptolemy.moml.MoMLSimpleApplication@79df7efc
----------------- Done invoking toplevel() on ptolemy.moml.MoMLSimpleApplication@79df7efc
reloadAllAccessors: .arrayType26

===========================================================================================
----------------- testing Wed Dec 04 06:19:43 UTC 2019 /home/travis/build/icyphy/ptII/ptolemy/actor/lib/test/auto/arrayType27.xml
----------------- Instantiating /home/travis/build/icyphy/ptII/ptolemy/actor/lib/test/auto/arrayType27.xml
2 ms. Memory: 519168K Free: 247601K (48%)
----------------- Invoking toplevel() on ptolemy.moml.MoMLSimpleApplication@173322a1
----------------- Done invoking toplevel() on ptolemy.moml.MoMLSimpleApplication@173322a1
reloadAllAccessors: .arrayType27

===========================================================================================
----------------- testing Wed Dec 04 06:19:43 UTC 2019 /home/travis/build/icyphy/ptII/ptolemy/actor/lib/test/auto/arrayType28.xml
----------------- Instantiating /home/travis/build/icyphy/ptII/ptolemy/actor/lib/test/auto/arrayType28.xml
2 ms. Memory: 519168K Free: 242466K (47%)
----------------- Invoking toplevel() on ptolemy.moml.MoMLSimpleApplication@1edcd49e
----------------- Done invoking toplevel() on ptolemy.moml.MoMLSimpleApplication@1edcd49e
reloadAllAccessors: .arrayType28

===========================================================================================
----------------- testing Wed Dec 04 06:19:44 UTC 2019 /home/travis/build/icyphy/ptII/ptolemy/actor/lib/test/auto/arrayType3.xml
----------------- Instantiating /home/travis/build/icyphy/ptII/ptolemy/actor/lib/test/auto/arrayType3.xml
2 ms. Memory: 519168K Free: 237346K (46%)
----------------- Invoking toplevel() on ptolemy.moml.MoMLSimpleApplication@4f8cc0d1
----------------- Done invoking toplevel() on ptolemy.moml.MoMLSimpleApplication@4f8cc0d1
reloadAllAccessors: .arrayType3

===========================================================================================
----------------- testing Wed Dec 04 06:19:44 UTC 2019 /home/travis/build/icyphy/ptII/ptolemy/actor/lib/test/auto/arrayType4.xml
----------------- Instantiating /home/travis/build/icyphy/ptII/ptolemy/actor/lib/test/auto/arrayType4.xml
1 ms. Memory: 519168K Free: 231731K (45%)
----------------- Invoking toplevel() on ptolemy.moml.MoMLSimpleApplication@32524174
----------------- Done invoking toplevel() on ptolemy.moml.MoMLSimpleApplication@32524174
reloadAllAccessors: .arrayType4

===========================================================================================
----------------- testing Wed Dec 04 06:19:44 UTC 2019 /home/travis/build/icyphy/ptII/ptolemy/actor/lib/test/auto/arrayType5.xml
----------------- Instantiating /home/travis/build/icyphy/ptII/ptolemy/actor/lib/test/auto/arrayType5.xml
3 ms. Memory: 519168K Free: 226611K (44%)
----------------- Invoking toplevel() on ptolemy.moml.MoMLSimpleApplication@45985676
----------------- Done invoking toplevel() on ptolemy.moml.MoMLSimpleApplication@45985676
reloadAllAccessors: .arrayType5

===========================================================================================
----------------- testing Wed Dec 04 06:19:44 UTC 2019 /home/travis/build/icyphy/ptII/ptolemy/actor/lib/test/auto/arrayType6.xml
----------------- Instantiating /home/travis/build/icyphy/ptII/ptolemy/actor/lib/test/auto/arrayType6.xml
1 ms. Memory: 519168K Free: 221491K (43%)
----------------- Invoking toplevel() on ptolemy.moml.MoMLSimpleApplication@2a19191b
----------------- Done invoking toplevel() on ptolemy.moml.MoMLSimpleApplication@2a19191b
reloadAllAccessors: .arrayType6

===========================================================================================
----------------- testing Wed Dec 04 06:19:44 UTC 2019 /home/travis/build/icyphy/ptII/ptolemy/actor/lib/test/auto/arrayType7.xml
----------------- Instantiating /home/travis/build/icyphy/ptII/ptolemy/actor/lib/test/auto/arrayType7.xml
1 ms. Memory: 519168K Free: 216881K (42%)
----------------- Invoking toplevel() on ptolemy.moml.MoMLSimpleApplication@791d8de0
----------------- Done invoking toplevel() on ptolemy.moml.MoMLSimpleApplication@791d8de0
reloadAllAccessors: .arrayType7

===========================================================================================
----------------- testing Wed Dec 04 06:19:44 UTC 2019 /home/travis/build/icyphy/ptII/ptolemy/actor/lib/test/auto/arrayType8.xml
----------------- Instantiating /home/travis/build/icyphy/ptII/ptolemy/actor/lib/test/auto/arrayType8.xml
7 ms. Memory: 519168K Free: 212275K (41%)
----------------- Invoking toplevel() on ptolemy.moml.MoMLSimpleApplication@2b58aed0
----------------- Done invoking toplevel() on ptolemy.moml.MoMLSimpleApplication@2b58aed0
reloadAllAccessors: .arrayType8

===========================================================================================
----------------- testing Wed Dec 04 06:19:44 UTC 2019 /home/travis/build/icyphy/ptII/ptolemy/actor/lib/test/auto/arrayType9.xml
----------------- Instantiating /home/travis/build/icyphy/ptII/ptolemy/actor/lib/test/auto/arrayType9.xml
2 ms. Memory: 519168K Free: 207155K (40%)
----------------- Invoking toplevel() on ptolemy.moml.MoMLSimpleApplication@6a6aab0f
----------------- Done invoking toplevel() on ptolemy.moml.MoMLSimpleApplication@6a6aab0f
reloadAllAccessors: .arrayType9

===========================================================================================
----------------- testing Wed Dec 04 06:19:44 UTC 2019 /home/travis/build/icyphy/ptII/ptolemy/actor/lib/test/auto/cast.xml
----------------- Instantiating /home/travis/build/icyphy/ptII/ptolemy/actor/lib/test/auto/cast.xml
2 ms. Memory: 519168K Free: 202545K (39%)
----------------- Invoking toplevel() on ptolemy.moml.MoMLSimpleApplication@2023232c
----------------- Done invoking toplevel() on ptolemy.moml.MoMLSimpleApplication@2023232c
reloadAllAccessors: .cast

===========================================================================================
----------------- testing Wed Dec 04 06:19:44 UTC 2019 /home/travis/build/icyphy/ptII/ptolemy/actor/lib/test/auto/compositeMultiPort.xml
----------------- Instantiating /home/travis/build/icyphy/ptII/ptolemy/actor/lib/test/auto/compositeMultiPort.xml
5 ms. Memory: 519168K Free: 193314K (37%)
----------------- Invoking toplevel() on ptolemy.moml.MoMLSimpleApplication@b4b9afc
----------------- Done invoking toplevel() on ptolemy.moml.MoMLSimpleApplication@b4b9afc
reloadAllAccessors: .compositeMultiPort

===========================================================================================
----------------- testing Wed Dec 04 06:19:44 UTC 2019 /home/travis/build/icyphy/ptII/ptolemy/actor/lib/test/auto/expressionCastInference.xml
----------------- Instantiating /home/travis/build/icyphy/ptII/ptolemy/actor/lib/test/auto/expressionCastInference.xml
2 ms. Memory: 519168K Free: 188723K (36%)
----------------- Invoking toplevel() on ptolemy.moml.MoMLSimpleApplication@67fe8a6e
----------------- Done invoking toplevel() on ptolemy.moml.MoMLSimpleApplication@67fe8a6e
reloadAllAccessors: .expressionCastInference

===========================================================================================
----------------- testing Wed Dec 04 06:19:44 UTC 2019 /home/travis/build/icyphy/ptII/ptolemy/actor/lib/test/auto/expressionCastInference2.xml
----------------- Instantiating /home/travis/build/icyphy/ptII/ptolemy/actor/lib/test/auto/expressionCastInference2.xml
2 ms. Memory: 519168K Free: 184113K (35%)
----------------- Invoking toplevel() on ptolemy.moml.MoMLSimpleApplication@541b577e
----------------- Done invoking toplevel() on ptolemy.moml.MoMLSimpleApplication@541b577e
reloadAllAccessors: .expressionCastInference2

===========================================================================================
----------------- testing Wed Dec 04 06:19:44 UTC 2019 /home/travis/build/icyphy/ptII/ptolemy/actor/lib/test/auto/expressionInference.xml
----------------- Instantiating /home/travis/build/icyphy/ptII/ptolemy/actor/lib/test/auto/expressionInference.xml
2 ms. Memory: 519168K Free: 179507K (35%)
----------------- Invoking toplevel() on ptolemy.moml.MoMLSimpleApplication@7671cb7d
----------------- Done invoking toplevel() on ptolemy.moml.MoMLSimpleApplication@7671cb7d
reloadAllAccessors: .expressionInference

===========================================================================================
----------------- testing Wed Dec 04 06:19:44 UTC 2019 /home/travis/build/icyphy/ptII/ptolemy/actor/lib/test/auto/expression_bug.xml
----------------- Instantiating /home/travis/build/icyphy/ptII/ptolemy/actor/lib/test/auto/expression_bug.xml
2 ms. Memory: 519168K Free: 175411K (34%)
----------------- Invoking toplevel() on ptolemy.moml.MoMLSimpleApplication@300286e2
----------------- Done invoking toplevel() on ptolemy.moml.MoMLSimpleApplication@300286e2
reloadAllAccessors: .expression_bug

===========================================================================================
----------------- testing Wed Dec 04 06:19:44 UTC 2019 /home/travis/build/icyphy/ptII/ptolemy/actor/lib/test/auto/factorial.xml
----------------- Instantiating /home/travis/build/icyphy/ptII/ptolemy/actor/lib/test/auto/factorial.xml
43 ms. Memory: 519168K Free: 166705K (32%)
----------------- Invoking toplevel() on ptolemy.moml.MoMLSimpleApplication@566ad173
----------------- Done invoking toplevel() on ptolemy.moml.MoMLSimpleApplication@566ad173
reloadAllAccessors: .factorial

===========================================================================================
----------------- testing Wed Dec 04 06:19:44 UTC 2019 /home/travis/build/icyphy/ptII/ptolemy/actor/lib/test/auto/filterTest1.xml
----------------- Instantiating /home/travis/build/icyphy/ptII/ptolemy/actor/lib/test/auto/filterTest1.xml
3 ms. Memory: 519168K Free: 161075K (31%)
----------------- Invoking toplevel() on ptolemy.moml.MoMLSimpleApplication@39f020aa
----------------- Done invoking toplevel() on ptolemy.moml.MoMLSimpleApplication@39f020aa
reloadAllAccessors: .filterTest1

===========================================================================================
----------------- testing Wed Dec 04 06:19:44 UTC 2019 /home/travis/build/icyphy/ptII/ptolemy/actor/lib/test/auto/funcApplyInConst.xml
----------------- Instantiating /home/travis/build/icyphy/ptII/ptolemy/actor/lib/test/auto/funcApplyInConst.xml
1 ms. Memory: 519168K Free: 461615K (89%)
----------------- Invoking toplevel() on ptolemy.moml.MoMLSimpleApplication@35699b10
----------------- Done invoking toplevel() on ptolemy.moml.MoMLSimpleApplication@35699b10
reloadAllAccessors: .funcApplyInConst

===========================================================================================
----------------- testing Wed Dec 04 06:19:44 UTC 2019 /home/travis/build/icyphy/ptII/ptolemy/actor/lib/test/auto/funcApplyInExpr.xml
----------------- Instantiating /home/travis/build/icyphy/ptII/ptolemy/actor/lib/test/auto/funcApplyInExpr.xml
2 ms. Memory: 519168K Free: 457519K (88%)
----------------- Invoking toplevel() on ptolemy.moml.MoMLSimpleApplication@49a5cb1a
----------------- Done invoking toplevel() on ptolemy.moml.MoMLSimpleApplication@49a5cb1a
reloadAllAccessors: .funcApplyInExpr

===========================================================================================
----------------- testing Wed Dec 04 06:19:44 UTC 2019 /home/travis/build/icyphy/ptII/ptolemy/actor/lib/test/auto/function.xml
----------------- Instantiating /home/travis/build/icyphy/ptII/ptolemy/actor/lib/test/auto/function.xml
2 ms. Memory: 519168K Free: 452913K (87%)
----------------- Invoking toplevel() on ptolemy.moml.MoMLSimpleApplication@b5437d5
----------------- Done invoking toplevel() on ptolemy.moml.MoMLSimpleApplication@b5437d5
reloadAllAccessors: .function

===========================================================================================
----------------- testing Wed Dec 04 06:19:44 UTC 2019 /home/travis/build/icyphy/ptII/ptolemy/actor/lib/test/auto/function2.xml
----------------- Instantiating /home/travis/build/icyphy/ptII/ptolemy/actor/lib/test/auto/function2.xml
2 ms. Memory: 519168K Free: 447793K (86%)
----------------- Invoking toplevel() on ptolemy.moml.MoMLSimpleApplication@5b0546b0
----------------- Done invoking toplevel() on ptolemy.moml.MoMLSimpleApplication@5b0546b0
reloadAllAccessors: .function2

===========================================================================================
----------------- testing Wed Dec 04 06:19:44 UTC 2019 /home/travis/build/icyphy/ptII/ptolemy/actor/lib/test/auto/function3.xml
----------------- Instantiating /home/travis/build/icyphy/ptII/ptolemy/actor/lib/test/auto/function3.xml
2 ms. Memory: 519168K Free: 444207K (86%)
----------------- Invoking toplevel() on ptolemy.moml.MoMLSimpleApplication@595ffa33
----------------- Done invoking toplevel() on ptolemy.moml.MoMLSimpleApplication@595ffa33
reloadAllAccessors: .function3

===========================================================================================
----------------- testing Wed Dec 04 06:19:44 UTC 2019 /home/travis/build/icyphy/ptII/ptolemy/actor/lib/test/auto/functionClosureTest1.xml
----------------- Instantiating /home/travis/build/icyphy/ptII/ptolemy/actor/lib/test/auto/functionClosureTest1.xml
1 ms. Memory: 519168K Free: 438033K (84%)
----------------- Invoking toplevel() on ptolemy.moml.MoMLSimpleApplication@464c245d
----------------- Done invoking toplevel() on ptolemy.moml.MoMLSimpleApplication@464c245d
reloadAllAccessors: .functionClosureTest1

===========================================================================================
----------------- testing Wed Dec 04 06:19:44 UTC 2019 /home/travis/build/icyphy/ptII/ptolemy/actor/lib/test/auto/functionClosureTest2.xml
----------------- Instantiating /home/travis/build/icyphy/ptII/ptolemy/actor/lib/test/auto/functionClosureTest2.xml
1 ms. Memory: 519168K Free: 434481K (84%)
----------------- Invoking toplevel() on ptolemy.moml.MoMLSimpleApplication@2903e1f7
----------------- Done invoking toplevel() on ptolemy.moml.MoMLSimpleApplication@2903e1f7
reloadAllAccessors: .functionClosureTest2

===========================================================================================
----------------- testing Wed Dec 04 06:19:44 UTC 2019 /home/travis/build/icyphy/ptII/ptolemy/actor/lib/test/auto/functionClosureTest3.xml
----------------- Instantiating /home/travis/build/icyphy/ptII/ptolemy/actor/lib/test/auto/functionClosureTest3.xml
2 ms. Memory: 519168K Free: 428833K (83%)
----------------- Invoking toplevel() on ptolemy.moml.MoMLSimpleApplication@5fe1952b
----------------- Done invoking toplevel() on ptolemy.moml.MoMLSimpleApplication@5fe1952b
reloadAllAccessors: .functionClosureTest3

===========================================================================================
----------------- testing Wed Dec 04 06:19:44 UTC 2019 /home/travis/build/icyphy/ptII/ptolemy/actor/lib/test/auto/functionClosureTest4.xml
----------------- Instantiating /home/travis/build/icyphy/ptII/ptolemy/actor/lib/test/auto/functionClosureTest4.xml
4 ms. Memory: 519168K Free: 422703K (81%)
----------------- Invoking toplevel() on ptolemy.moml.MoMLSimpleApplication@4c22130b
----------------- Done invoking toplevel() on ptolemy.moml.MoMLSimpleApplication@4c22130b
reloadAllAccessors: .functionClosureTest4

===========================================================================================
----------------- testing Wed Dec 04 06:19:44 UTC 2019 /home/travis/build/icyphy/ptII/ptolemy/actor/lib/test/auto/functionClosureTest5.xml
----------------- Instantiating /home/travis/build/icyphy/ptII/ptolemy/actor/lib/test/auto/functionClosureTest5.xml
3 ms. Memory: 519168K Free: 417073K (80%)
----------------- Invoking toplevel() on ptolemy.moml.MoMLSimpleApplication@1c168530
----------------- Done invoking toplevel() on ptolemy.moml.MoMLSimpleApplication@1c168530
reloadAllAccessors: .functionClosureTest5

===========================================================================================
----------------- testing Wed Dec 04 06:19:44 UTC 2019 /home/travis/build/icyphy/ptII/ptolemy/actor/lib/test/auto/functionClosureTest6.xml
----------------- Instantiating /home/travis/build/icyphy/ptII/ptolemy/actor/lib/test/auto/functionClosureTest6.xml
2 ms. Memory: 519168K Free: 412463K (79%)
----------------- Invoking toplevel() on ptolemy.moml.MoMLSimpleApplication@1fc6e770
----------------- Done invoking toplevel() on ptolemy.moml.MoMLSimpleApplication@1fc6e770
reloadAllAccessors: .functionClosureTest6

===========================================================================================
----------------- testing Wed Dec 04 06:19:44 UTC 2019 /home/travis/build/icyphy/ptII/ptolemy/actor/lib/test/auto/functionsOnArcs.xml
----------------- Instantiating /home/travis/build/icyphy/ptII/ptolemy/actor/lib/test/auto/functionsOnArcs.xml
2 ms. Memory: 519168K Free: 407343K (78%)
----------------- Invoking toplevel() on ptolemy.moml.MoMLSimpleApplication@1fdfa364
----------------- Done invoking toplevel() on ptolemy.moml.MoMLSimpleApplication@1fdfa364
reloadAllAccessors: .functionsOnArcs

===========================================================================================
----------------- testing Wed Dec 04 06:19:44 UTC 2019 /home/travis/build/icyphy/ptII/ptolemy/actor/lib/test/auto/functionsOnArcsHOF.xml
----------------- Instantiating /home/travis/build/icyphy/ptII/ptolemy/actor/lib/test/auto/functionsOnArcsHOF.xml
4 ms. Memory: 519168K Free: 401199K (77%)
----------------- Invoking toplevel() on ptolemy.moml.MoMLSimpleApplication@32727e3d
----------------- Done invoking toplevel() on ptolemy.moml.MoMLSimpleApplication@32727e3d
reloadAllAccessors: .functionsOnArcsHOF

===========================================================================================
----------------- testing Wed Dec 04 06:19:44 UTC 2019 /home/travis/build/icyphy/ptII/ptolemy/actor/lib/test/auto/logic.xml
----------------- Instantiating /home/travis/build/icyphy/ptII/ptolemy/actor/lib/test/auto/logic.xml
2 ms. Memory: 519168K Free: 394031K (76%)
----------------- Invoking toplevel() on ptolemy.moml.MoMLSimpleApplication@13912e9f
----------------- Done invoking toplevel() on ptolemy.moml.MoMLSimpleApplication@13912e9f
reloadAllAccessors: .logic

===========================================================================================
----------------- testing Wed Dec 04 06:19:44 UTC 2019 /home/travis/build/icyphy/ptII/ptolemy/actor/lib/test/auto/matrixType.xml
----------------- Instantiating /home/travis/build/icyphy/ptII/ptolemy/actor/lib/test/auto/matrixType.xml
3 ms. Memory: 519168K Free: 388911K (75%)
----------------- Invoking toplevel() on ptolemy.moml.MoMLSimpleApplication@7f3cca5a
----------------- Done invoking toplevel() on ptolemy.moml.MoMLSimpleApplication@7f3cca5a
reloadAllAccessors: .matrixType

===========================================================================================
----------------- testing Wed Dec 04 06:19:44 UTC 2019 /home/travis/build/icyphy/ptII/ptolemy/actor/lib/test/auto/matrixType10.xml
----------------- Instantiating /home/travis/build/icyphy/ptII/ptolemy/actor/lib/test/auto/matrixType10.xml
2 ms. Memory: 519168K Free: 384305K (74%)
----------------- Invoking toplevel() on ptolemy.moml.MoMLSimpleApplication@3a33d6f0
----------------- Done invoking toplevel() on ptolemy.moml.MoMLSimpleApplication@3a33d6f0
reloadAllAccessors: .matrixType10

===========================================================================================
----------------- testing Wed Dec 04 06:19:44 UTC 2019 /home/travis/build/icyphy/ptII/ptolemy/actor/lib/test/auto/matrixType11.xml
----------------- Instantiating /home/travis/build/icyphy/ptII/ptolemy/actor/lib/test/auto/matrixType11.xml
2 ms. Memory: 519168K Free: 379185K (73%)
----------------- Invoking toplevel() on ptolemy.moml.MoMLSimpleApplication@3951aa5a
----------------- Done invoking toplevel() on ptolemy.moml.MoMLSimpleApplication@3951aa5a
reloadAllAccessors: .matrixType11

===========================================================================================
----------------- testing Wed Dec 04 06:19:44 UTC 2019 /home/travis/build/icyphy/ptII/ptolemy/actor/lib/test/auto/matrixType12.xml
----------------- Instantiating /home/travis/build/icyphy/ptII/ptolemy/actor/lib/test/auto/matrixType12.xml
1 ms. Memory: 519168K Free: 374575K (72%)
----------------- Invoking toplevel() on ptolemy.moml.MoMLSimpleApplication@748db663
----------------- Done invoking toplevel() on ptolemy.moml.MoMLSimpleApplication@748db663
reloadAllAccessors: .matrixType12

===========================================================================================
----------------- testing Wed Dec 04 06:19:44 UTC 2019 /home/travis/build/icyphy/ptII/ptolemy/actor/lib/test/auto/matrixType13.xml
----------------- Instantiating /home/travis/build/icyphy/ptII/ptolemy/actor/lib/test/auto/matrixType13.xml
2 ms. Memory: 519168K Free: 369455K (71%)
----------------- Invoking toplevel() on ptolemy.moml.MoMLSimpleApplication@5f691da0
----------------- Done invoking toplevel() on ptolemy.moml.MoMLSimpleApplication@5f691da0
reloadAllAccessors: .matrixType13

===========================================================================================
----------------- testing Wed Dec 04 06:19:44 UTC 2019 /home/travis/build/icyphy/ptII/ptolemy/actor/lib/test/auto/matrixType14.xml
----------------- Instantiating /home/travis/build/icyphy/ptII/ptolemy/actor/lib/test/auto/matrixType14.xml
2 ms. Memory: 519168K Free: 364335K (70%)
----------------- Invoking toplevel() on ptolemy.moml.MoMLSimpleApplication@14a20fa
----------------- Done invoking toplevel() on ptolemy.moml.MoMLSimpleApplication@14a20fa
reloadAllAccessors: .matrixType14

===========================================================================================
----------------- testing Wed Dec 04 06:19:44 UTC 2019 /home/travis/build/icyphy/ptII/ptolemy/actor/lib/test/auto/matrixType2.xml
----------------- Instantiating /home/travis/build/icyphy/ptII/ptolemy/actor/lib/test/auto/matrixType2.xml
2 ms. Memory: 519168K Free: 359215K (69%)
----------------- Invoking toplevel() on ptolemy.moml.MoMLSimpleApplication@2a86e48f
----------------- Done invoking toplevel() on ptolemy.moml.MoMLSimpleApplication@2a86e48f
reloadAllAccessors: .matrixType2

===========================================================================================
----------------- testing Wed Dec 04 06:19:44 UTC 2019 /home/travis/build/icyphy/ptII/ptolemy/actor/lib/test/auto/matrixType3.xml
----------------- Instantiating /home/travis/build/icyphy/ptII/ptolemy/actor/lib/test/auto/matrixType3.xml
3 ms. Memory: 519168K Free: 354609K (68%)
----------------- Invoking toplevel() on ptolemy.moml.MoMLSimpleApplication@1ed9adba
----------------- Done invoking toplevel() on ptolemy.moml.MoMLSimpleApplication@1ed9adba
reloadAllAccessors: .matrixType3

===========================================================================================
----------------- testing Wed Dec 04 06:19:44 UTC 2019 /home/travis/build/icyphy/ptII/ptolemy/actor/lib/test/auto/matrixType4.xml
----------------- Instantiating /home/travis/build/icyphy/ptII/ptolemy/actor/lib/test/auto/matrixType4.xml
2 ms. Memory: 519168K Free: 349489K (67%)
----------------- Invoking toplevel() on ptolemy.moml.MoMLSimpleApplication@2580a1d7
----------------- Done invoking toplevel() on ptolemy.moml.MoMLSimpleApplication@2580a1d7
reloadAllAccessors: .matrixType4

===========================================================================================
----------------- testing Wed Dec 04 06:19:44 UTC 2019 /home/travis/build/icyphy/ptII/ptolemy/actor/lib/test/auto/matrixType5.xml
----------------- Instantiating /home/travis/build/icyphy/ptII/ptolemy/actor/lib/test/auto/matrixType5.xml
2 ms. Memory: 519168K Free: 344879K (66%)
----------------- Invoking toplevel() on ptolemy.moml.MoMLSimpleApplication@6f87adeb
----------------- Done invoking toplevel() on ptolemy.moml.MoMLSimpleApplication@6f87adeb
reloadAllAccessors: .matrixType5

===========================================================================================
----------------- testing Wed Dec 04 06:19:44 UTC 2019 /home/travis/build/icyphy/ptII/ptolemy/actor/lib/test/auto/matrixType6.xml
----------------- Instantiating /home/travis/build/icyphy/ptII/ptolemy/actor/lib/test/auto/matrixType6.xml
1 ms. Memory: 519168K Free: 339759K (65%)
----------------- Invoking toplevel() on ptolemy.moml.MoMLSimpleApplication@2fcebe03
----------------- Done invoking toplevel() on ptolemy.moml.MoMLSimpleApplication@2fcebe03
reloadAllAccessors: .matrixType6

===========================================================================================
----------------- testing Wed Dec 04 06:19:44 UTC 2019 /home/travis/build/icyphy/ptII/ptolemy/actor/lib/test/auto/matrixType7.xml
----------------- Instantiating /home/travis/build/icyphy/ptII/ptolemy/actor/lib/test/auto/matrixType7.xml
2 ms. Memory: 519168K Free: 335153K (65%)
----------------- Invoking toplevel() on ptolemy.moml.MoMLSimpleApplication@37ed88bb
----------------- Done invoking toplevel() on ptolemy.moml.MoMLSimpleApplication@37ed88bb
reloadAllAccessors: .matrixType7

===========================================================================================
----------------- testing Wed Dec 04 06:19:44 UTC 2019 /home/travis/build/icyphy/ptII/ptolemy/actor/lib/test/auto/matrixType8.xml
----------------- Instantiating /home/travis/build/icyphy/ptII/ptolemy/actor/lib/test/auto/matrixType8.xml
1 ms. Memory: 519168K Free: 330033K (64%)
----------------- Invoking toplevel() on ptolemy.moml.MoMLSimpleApplication@771aaa24
----------------- Done invoking toplevel() on ptolemy.moml.MoMLSimpleApplication@771aaa24
reloadAllAccessors: .matrixType8

===========================================================================================
----------------- testing Wed Dec 04 06:19:44 UTC 2019 /home/travis/build/icyphy/ptII/ptolemy/actor/lib/test/auto/matrixType9.xml
----------------- Instantiating /home/travis/build/icyphy/ptII/ptolemy/actor/lib/test/auto/matrixType9.xml
2 ms. Memory: 519168K Free: 325423K (63%)
----------------- Invoking toplevel() on ptolemy.moml.MoMLSimpleApplication@32341c65
----------------- Done invoking toplevel() on ptolemy.moml.MoMLSimpleApplication@32341c65
reloadAllAccessors: .matrixType9

===========================================================================================
----------------- testing Wed Dec 04 06:19:44 UTC 2019 /home/travis/build/icyphy/ptII/ptolemy/actor/lib/test/auto/paraFunctest.xml
----------------- Instantiating /home/travis/build/icyphy/ptII/ptolemy/actor/lib/test/auto/paraFunctest.xml
2 ms. Memory: 519168K Free: 320817K (62%)
----------------- Invoking toplevel() on ptolemy.moml.MoMLSimpleApplication@1c13b1fb
----------------- Done invoking toplevel() on ptolemy.moml.MoMLSimpleApplication@1c13b1fb
reloadAllAccessors: .paraFunctest

===========================================================================================
----------------- testing Wed Dec 04 06:19:44 UTC 2019 /home/travis/build/icyphy/ptII/ptolemy/actor/lib/test/auto/paraFunctest2.xml
----------------- Instantiating /home/travis/build/icyphy/ptII/ptolemy/actor/lib/test/auto/paraFunctest2.xml
2 ms. Memory: 519168K Free: 316207K (61%)
----------------- Invoking toplevel() on ptolemy.moml.MoMLSimpleApplication@ca0a433
----------------- Done invoking toplevel() on ptolemy.moml.MoMLSimpleApplication@ca0a433
reloadAllAccessors: .paraFunctest2

===========================================================================================
----------------- testing Wed Dec 04 06:19:44 UTC 2019 /home/travis/build/icyphy/ptII/ptolemy/actor/lib/test/auto/parameterPassing.xml
----------------- Instantiating /home/travis/build/icyphy/ptII/ptolemy/actor/lib/test/auto/parameterPassing.xml
1 ms. Memory: 519168K Free: 311601K (60%)
----------------- Invoking toplevel() on ptolemy.moml.MoMLSimpleApplication@5dcacfca
----------------- Done invoking toplevel() on ptolemy.moml.MoMLSimpleApplication@5dcacfca
reloadAllAccessors: .parameterPassing

===========================================================================================
----------------- testing Wed Dec 04 06:19:44 UTC 2019 /home/travis/build/icyphy/ptII/ptolemy/actor/lib/test/auto/record.xml
----------------- Instantiating /home/travis/build/icyphy/ptII/ptolemy/actor/lib/test/auto/record.xml
3 ms. Memory: 519168K Free: 306991K (59%)
----------------- Invoking toplevel() on ptolemy.moml.MoMLSimpleApplication@397a9421
----------------- Done invoking toplevel() on ptolemy.moml.MoMLSimpleApplication@397a9421
reloadAllAccessors: .record

===========================================================================================
----------------- testing Wed Dec 04 06:19:44 UTC 2019 /home/travis/build/icyphy/ptII/ptolemy/actor/lib/test/auto/sizedarray1.xml
----------------- Instantiating /home/travis/build/icyphy/ptII/ptolemy/actor/lib/test/auto/sizedarray1.xml
2 ms. Memory: 519168K Free: 301361K (58%)
----------------- Invoking toplevel() on ptolemy.moml.MoMLSimpleApplication@16b3918b
----------------- Done invoking toplevel() on ptolemy.moml.MoMLSimpleApplication@16b3918b
reloadAllAccessors: .sizedarray1

===========================================================================================
----------------- testing Wed Dec 04 06:19:44 UTC 2019 /home/travis/build/icyphy/ptII/ptolemy/actor/lib/test/auto/sizedarray2.xml
----------------- Instantiating /home/travis/build/icyphy/ptII/ptolemy/actor/lib/test/auto/sizedarray2.xml
3 ms. Memory: 519168K Free: 296241K (57%)
----------------- Invoking toplevel() on ptolemy.moml.MoMLSimpleApplication@708be10
----------------- Done invoking toplevel() on ptolemy.moml.MoMLSimpleApplication@708be10
reloadAllAccessors: .sizedarray2

===========================================================================================
----------------- testing Wed Dec 04 06:19:44 UTC 2019 /home/travis/build/icyphy/ptII/ptolemy/actor/lib/test/auto/twoPublishers.xml
----------------- Instantiating /home/travis/build/icyphy/ptII/ptolemy/actor/lib/test/auto/twoPublishers.xml
7 ms. Memory: 519168K Free: 285487K (55%)
----------------- Invoking toplevel() on ptolemy.moml.MoMLSimpleApplication@5af5d8fb
----------------- Done invoking toplevel() on ptolemy.moml.MoMLSimpleApplication@5af5d8fb
reloadAllAccessors: .twoPublishers
AutoTests.java: About to close Vertx.
AutoTests.java: Vertx closed.
]]></system-out>
  <system-err><![CDATA[java.lang.RuntimeException: Execution failed
	at ptolemy.moml.MoMLSimpleApplication$UnloadThread.run(MoMLSimpleApplication.java:402)
Caused by: java.lang.RuntimeException: StringUtilities.exit() was called. Normally, we would exit here because Manager.exitAfterWrapup() was called.  However, because the ptolemy.ptII.exitAfterWrapup property is set, we throw this exception instead.
	at ptolemy.util.StringUtilities.exit(StringUtilities.java:365)
	at ptolemy.actor.Manager.wrapup(Manager.java:1549)
	at ptolemy.actor.Manager.execute(Manager.java:407)
	at ptolemy.actor.Manager.run(Manager.java:1263)
	at ptolemy.actor.Manager$PtolemyRunThread.run(Manager.java:1933)
Warning: '.top.test' is in training mode, set the trainingMode parameter to false before checking in
Warning: '.top.test' is in training mode, set the trainingMode parameter to false before checking in
Warning: '.top.test' is in training mode, set the trainingMode parameter to false before checking in
Warning: '.BooleanSwitch_RegressionTest_WrongTrainingValues.Test' is in training mode, set the trainingMode parameter to false before checking in
Warning: '.BooleanSwitch_RegressionTest_WrongTrainingValues.Test2' is in training mode, set the trainingMode parameter to false before checking in
Warning: '.BooleanSwitch_RegressionTest_WrongTrainingValues.Test2' The test produced 0 tokens.
Warning: '.top.testExceptionHandler' is in training mode, set the trainingMode parameter to false before checking in
java.lang.RuntimeException: Execution failed
	at ptolemy.moml.MoMLSimpleApplication$UnloadThread.run(MoMLSimpleApplication.java:402)
Caused by: ptolemy.kernel.util.IllegalActionException: PublisherPorts cannot be used at the top level, use a Publisher actor instead.
  in .PublisherPortToplevelSubscriber.PublisherPort
	at ptolemy.actor.PublisherPort.preinitialize(PublisherPort.java:403)
	at ptolemy.actor.CompositeActor.preinitialize(CompositeActor.java:1769)
	at ptolemy.actor.Manager.preinitializeAndResolveTypes(Manager.java:1040)
	at ptolemy.actor.Manager.initialize(Manager.java:710)
	at ptolemy.actor.Manager.execute(Manager.java:356)
	at ptolemy.actor.Manager.run(Manager.java:1263)
	at ptolemy.actor.Manager$PtolemyRunThread.run(Manager.java:1933)
java.lang.reflect.InvocationTargetException
	at java.base/jdk.internal.reflect.NativeConstructorAccessorImpl.newInstance0(Native Method)
	at java.base/jdk.internal.reflect.NativeConstructorAccessorImpl.newInstance(NativeConstructorAccessorImpl.java:62)
	at java.base/jdk.internal.reflect.DelegatingConstructorAccessorImpl.newInstance(DelegatingConstructorAccessorImpl.java:45)
	at java.base/java.lang.reflect.Constructor.newInstance(Constructor.java:490)
	at ptolemy.util.test.junit.AutoKnownFailedTests.RunModel(AutoKnownFailedTests.java:105)
	at java.base/jdk.internal.reflect.NativeMethodAccessorImpl.invoke0(Native Method)
	at java.base/jdk.internal.reflect.NativeMethodAccessorImpl.invoke(NativeMethodAccessorImpl.java:62)
	at java.base/jdk.internal.reflect.DelegatingMethodAccessorImpl.invoke(DelegatingMethodAccessorImpl.java:43)
	at java.base/java.lang.reflect.Method.invoke(Method.java:566)
	at org.junit.runners.model.FrameworkMethod$1.runReflectiveCall(FrameworkMethod.java:44)
	at org.junit.internal.runners.model.ReflectiveCallable.run(ReflectiveCallable.java:15)
	at org.junit.runners.model.FrameworkMethod.invokeExplosively(FrameworkMethod.java:41)
	at junitparams.internal.InvokeParameterisedMethod.evaluate(InvokeParameterisedMethod.java:102)
	at org.junit.internal.runners.statements.FailOnTimeout$1.run(FailOnTimeout.java:28)
Caused by: ptolemy.kernel.util.IllegalActionException: PublisherPorts cannot be used at the top level, use a Publisher actor instead.
  in .PublisherPortToplevelSubscriber.PublisherPort
	at ptolemy.actor.PublisherPort.preinitialize(PublisherPort.java:403)
	at ptolemy.actor.CompositeActor.preinitialize(CompositeActor.java:1769)
	at ptolemy.actor.Manager.preinitializeAndResolveTypes(Manager.java:1040)
	at ptolemy.actor.Manager.initialize(Manager.java:710)
	at ptolemy.actor.Manager.execute(Manager.java:356)
	at ptolemy.actor.Manager.run(Manager.java:1263)
	at ptolemy.actor.Manager$PtolemyRunThread.run(Manager.java:1933)
java.lang.RuntimeException: Execution failed
	at ptolemy.moml.MoMLSimpleApplication$UnloadThread.run(MoMLSimpleApplication.java:402)
Caused by: ptolemy.kernel.util.IllegalActionException: SubscriberPorts cannot be used at the top level, use a Subscriber actor instead.
  in .PublisherSubscriberPortToplevel.SubscriberPort
	at ptolemy.actor.SubscriberPort.preinitialize(SubscriberPort.java:328)
	at ptolemy.actor.CompositeActor.preinitialize(CompositeActor.java:1769)
	at ptolemy.actor.Manager.preinitializeAndResolveTypes(Manager.java:1040)
	at ptolemy.actor.Manager.initialize(Manager.java:710)
	at ptolemy.actor.Manager.execute(Manager.java:356)
	at ptolemy.actor.Manager.run(Manager.java:1263)
	at ptolemy.actor.Manager$PtolemyRunThread.run(Manager.java:1933)
java.lang.reflect.InvocationTargetException
	at java.base/jdk.internal.reflect.NativeConstructorAccessorImpl.newInstance0(Native Method)
	at java.base/jdk.internal.reflect.NativeConstructorAccessorImpl.newInstance(NativeConstructorAccessorImpl.java:62)
	at java.base/jdk.internal.reflect.DelegatingConstructorAccessorImpl.newInstance(DelegatingConstructorAccessorImpl.java:45)
	at java.base/java.lang.reflect.Constructor.newInstance(Constructor.java:490)
	at ptolemy.util.test.junit.AutoKnownFailedTests.RunModel(AutoKnownFailedTests.java:105)
	at java.base/jdk.internal.reflect.NativeMethodAccessorImpl.invoke0(Native Method)
	at java.base/jdk.internal.reflect.NativeMethodAccessorImpl.invoke(NativeMethodAccessorImpl.java:62)
	at java.base/jdk.internal.reflect.DelegatingMethodAccessorImpl.invoke(DelegatingMethodAccessorImpl.java:43)
	at java.base/java.lang.reflect.Method.invoke(Method.java:566)
	at org.junit.runners.model.FrameworkMethod$1.runReflectiveCall(FrameworkMethod.java:44)
	at org.junit.internal.runners.model.ReflectiveCallable.run(ReflectiveCallable.java:15)
	at org.junit.runners.model.FrameworkMethod.invokeExplosively(FrameworkMethod.java:41)
	at junitparams.internal.InvokeParameterisedMethod.evaluate(InvokeParameterisedMethod.java:102)
	at org.junit.internal.runners.statements.FailOnTimeout$1.run(FailOnTimeout.java:28)
Caused by: ptolemy.kernel.util.IllegalActionException: SubscriberPorts cannot be used at the top level, use a Subscriber actor instead.
  in .PublisherSubscriberPortToplevel.SubscriberPort
	at ptolemy.actor.SubscriberPort.preinitialize(SubscriberPort.java:328)
	at ptolemy.actor.CompositeActor.preinitialize(CompositeActor.java:1769)
	at ptolemy.actor.Manager.preinitializeAndResolveTypes(Manager.java:1040)
	at ptolemy.actor.Manager.initialize(Manager.java:710)
	at ptolemy.actor.Manager.execute(Manager.java:356)
	at ptolemy.actor.Manager.run(Manager.java:1263)
	at ptolemy.actor.Manager$PtolemyRunThread.run(Manager.java:1933)
java.lang.RuntimeException: Execution failed
	at ptolemy.moml.MoMLSimpleApplication$UnloadThread.run(MoMLSimpleApplication.java:402)
Caused by: ptolemy.kernel.util.IllegalActionException: SubscriptionAggregatorPorts cannot be used at the top level, use a SubscriptionAggregator actor instead.
  in .PublisherSubscriptionAggregatorPort.SubscriptionAggregatorPort
	at ptolemy.actor.SubscriptionAggregatorPort.preinitialize(SubscriptionAggregatorPort.java:353)
	at ptolemy.actor.CompositeActor.preinitialize(CompositeActor.java:1769)
	at ptolemy.actor.Manager.preinitializeAndResolveTypes(Manager.java:1040)
	at ptolemy.actor.Manager.initialize(Manager.java:710)
	at ptolemy.actor.Manager.execute(Manager.java:356)
	at ptolemy.actor.Manager.run(Manager.java:1263)
	at ptolemy.actor.Manager$PtolemyRunThread.run(Manager.java:1933)
java.lang.reflect.InvocationTargetException
	at java.base/jdk.internal.reflect.NativeConstructorAccessorImpl.newInstance0(Native Method)
	at java.base/jdk.internal.reflect.NativeConstructorAccessorImpl.newInstance(NativeConstructorAccessorImpl.java:62)
	at java.base/jdk.internal.reflect.DelegatingConstructorAccessorImpl.newInstance(DelegatingConstructorAccessorImpl.java:45)
	at java.base/java.lang.reflect.Constructor.newInstance(Constructor.java:490)
	at ptolemy.util.test.junit.AutoKnownFailedTests.RunModel(AutoKnownFailedTests.java:105)
	at java.base/jdk.internal.reflect.NativeMethodAccessorImpl.invoke0(Native Method)
	at java.base/jdk.internal.reflect.NativeMethodAccessorImpl.invoke(NativeMethodAccessorImpl.java:62)
	at java.base/jdk.internal.reflect.DelegatingMethodAccessorImpl.invoke(DelegatingMethodAccessorImpl.java:43)
	at java.base/java.lang.reflect.Method.invoke(Method.java:566)
	at org.junit.runners.model.FrameworkMethod$1.runReflectiveCall(FrameworkMethod.java:44)
	at org.junit.internal.runners.model.ReflectiveCallable.run(ReflectiveCallable.java:15)
	at org.junit.runners.model.FrameworkMethod.invokeExplosively(FrameworkMethod.java:41)
	at junitparams.internal.InvokeParameterisedMethod.evaluate(InvokeParameterisedMethod.java:102)
	at org.junit.internal.runners.statements.FailOnTimeout$1.run(FailOnTimeout.java:28)
Caused by: ptolemy.kernel.util.IllegalActionException: SubscriptionAggregatorPorts cannot be used at the top level, use a SubscriptionAggregator actor instead.
  in .PublisherSubscriptionAggregatorPort.SubscriptionAggregatorPort
	at ptolemy.actor.SubscriptionAggregatorPort.preinitialize(SubscriptionAggregatorPort.java:353)
	at ptolemy.actor.CompositeActor.preinitialize(CompositeActor.java:1769)
	at ptolemy.actor.Manager.preinitializeAndResolveTypes(Manager.java:1040)
	at ptolemy.actor.Manager.initialize(Manager.java:710)
	at ptolemy.actor.Manager.execute(Manager.java:356)
	at ptolemy.actor.Manager.run(Manager.java:1263)
	at ptolemy.actor.Manager$PtolemyRunThread.run(Manager.java:1933)
java.lang.RuntimeException: Execution failed
	at ptolemy.moml.MoMLSimpleApplication$UnloadThread.run(MoMLSimpleApplication.java:402)
Caused by: ptolemy.kernel.util.IllegalActionException: TypeTest actor has no training data.
  in .sizedarray3.TypeTest
	at ptolemy.actor.lib.TypeTest.initialize(TypeTest.java:250)
	at ptolemy.actor.Director.initialize(Director.java:938)
	at ptolemy.actor.Director.initialize(Director.java:907)
	at ptolemy.actor.sched.StaticSchedulingDirector.initialize(StaticSchedulingDirector.java:159)
	at ptolemy.domains.sdf.kernel.SDFDirector.initialize(SDFDirector.java:544)
	at ptolemy.actor.CompositeActor.initialize(CompositeActor.java:935)
	at ptolemy.actor.Manager.initialize(Manager.java:724)
	at ptolemy.actor.Manager.execute(Manager.java:356)
	at ptolemy.actor.Manager.run(Manager.java:1263)
	at ptolemy.actor.Manager$PtolemyRunThread.run(Manager.java:1933)
java.lang.reflect.InvocationTargetException
	at java.base/jdk.internal.reflect.NativeConstructorAccessorImpl.newInstance0(Native Method)
	at java.base/jdk.internal.reflect.NativeConstructorAccessorImpl.newInstance(NativeConstructorAccessorImpl.java:62)
	at java.base/jdk.internal.reflect.DelegatingConstructorAccessorImpl.newInstance(DelegatingConstructorAccessorImpl.java:45)
	at java.base/java.lang.reflect.Constructor.newInstance(Constructor.java:490)
	at ptolemy.util.test.junit.AutoKnownFailedTests.RunModel(AutoKnownFailedTests.java:105)
	at java.base/jdk.internal.reflect.NativeMethodAccessorImpl.invoke0(Native Method)
	at java.base/jdk.internal.reflect.NativeMethodAccessorImpl.invoke(NativeMethodAccessorImpl.java:62)
	at java.base/jdk.internal.reflect.DelegatingMethodAccessorImpl.invoke(DelegatingMethodAccessorImpl.java:43)
	at java.base/java.lang.reflect.Method.invoke(Method.java:566)
	at org.junit.runners.model.FrameworkMethod$1.runReflectiveCall(FrameworkMethod.java:44)
	at org.junit.internal.runners.model.ReflectiveCallable.run(ReflectiveCallable.java:15)
	at org.junit.runners.model.FrameworkMethod.invokeExplosively(FrameworkMethod.java:41)
	at junitparams.internal.InvokeParameterisedMethod.evaluate(InvokeParameterisedMethod.java:102)
	at org.junit.internal.runners.statements.FailOnTimeout$1.run(FailOnTimeout.java:28)
Caused by: ptolemy.kernel.util.IllegalActionException: TypeTest actor has no training data.
  in .sizedarray3.TypeTest
	at ptolemy.actor.lib.TypeTest.initialize(TypeTest.java:250)
	at ptolemy.actor.Director.initialize(Director.java:938)
	at ptolemy.actor.Director.initialize(Director.java:907)
	at ptolemy.actor.sched.StaticSchedulingDirector.initialize(StaticSchedulingDirector.java:159)
	at ptolemy.domains.sdf.kernel.SDFDirector.initialize(SDFDirector.java:544)
	at ptolemy.actor.CompositeActor.initialize(CompositeActor.java:935)
	at ptolemy.actor.Manager.initialize(Manager.java:724)
	at ptolemy.actor.Manager.execute(Manager.java:356)
	at ptolemy.actor.Manager.run(Manager.java:1263)
	at ptolemy.actor.Manager$PtolemyRunThread.run(Manager.java:1933)
ptolemy.kernel.util.InternalErrorException: Exec Stderr Gobbler-5: Failed while reading from java.lang.ProcessImpl$ProcessPipeInputStream@fa3d260. To avoid this, try setting the ignoreIOExceptionReadErrors parameter to true.null
  in .ExecEnvironment.Exec
Because:
Stream closed
	at ptolemy.actor.lib.Exec$_StreamReaderThread._read(Exec.java:762)
	at ptolemy.actor.lib.Exec$_StreamReaderThread.run(Exec.java:706)
Caused by: java.io.IOException: Stream closed
	at java.base/sun.nio.cs.StreamDecoder.ensureOpen(StreamDecoder.java:46)
	at java.base/sun.nio.cs.StreamDecoder.read(StreamDecoder.java:148)
	at java.base/java.io.InputStreamReader.read(InputStreamReader.java:185)
	at ptolemy.actor.lib.Exec$_StreamReaderThread._read(Exec.java:724)
	... 1 more
Caused by: java.io.IOException: Stream closed
	at java.base/sun.nio.cs.StreamDecoder.ensureOpen(StreamDecoder.java:46)
	at java.base/sun.nio.cs.StreamDecoder.read(StreamDecoder.java:148)
	at java.base/java.io.InputStreamReader.read(InputStreamReader.java:185)
	at ptolemy.actor.lib.Exec$_StreamReaderThread._read(Exec.java:724)
	at ptolemy.actor.lib.Exec$_StreamReaderThread.run(Exec.java:706)
]]></system-err>
</testsuite>
