<?xml version="1.0" encoding="UTF-8" ?>
<testsuite errors="0" failures="0" hostname="travis-job-3293a012-2300-4b1c-be7d-2daa4fc8cdac" name="ptolemy.actor.lib.test.junit.JUnitTclTest" skipped="0" tests="518" time="62.349" timestamp="2018-06-04T21:46:01">
  <properties>
    <property name="npm.executable" value="npm" />
    <property name="file.encoding.pkg" value="sun.io" />
    <property name="ptII.mk.exists" value="true" />
    <property name="env.rvm_bin_path" value="/home/travis/.rvm/bin" />
    <property name="java.home" value="/usr/lib/jvm/java-8-oracle/jre" />
    <property name="env.TRAVIS_JOB_NUMBER" value="520.7" />
    <property name="env.DISPLAY" value=":99.0" />
    <property name="java.net.preferIPv4Stack" value="true" />
    <property name="env.SSH_TTY" value="/dev/pts/0" />
    <property name="env.RUN_TESTS" value="true" />
    <property name="timeout.short" value="1000000" />
    <property name="env.TRAVIS_STACK_NODE_ATTRIBUTES" value="/.node-attributes.yml" />
    <property name="junit.formatter" value="xml" />
    <property name="java.endorsed.dirs" value="/usr/lib/jvm/java-8-oracle/jre/lib/endorsed" />
    <property name="env.TRAVIS_SUDO" value="true" />
    <property name="env.LOGNAME" value="travis" />
    <property name="env.PT_TRAVIS_TEST_CORE1_XML" value="true" />
    <property name="jsdoc.home" value="node_modules/@terraswarm/jsdoc" />
    <property name="debuglevel" value="source,lines,vars" />
    <property name="checkstyle.formatter" value="xml" />
    <property name="bin.vergil.makeable" value="true" />
    <property name="env._system_version" value="14.04" />
    <property name="sun.os.patch.level" value="unknown" />
    <property name="java.vendor.url" value="http://java.oracle.com/" />
    <property name="java.version" value="1.8.0_151" />
    <property name="env.TZ" value="UTC" />
    <property name="env.PT_NO_NET" value="true" />
    <property name="env.TRAVIS_PULL_REQUEST_SHA" value="" />
    <property name="env.TRAVIS_SECURE_ENV_VARS" value="true" />
    <property name="env._system_type" value="Linux" />
    <property name="java.vendor.url.bug" value="http://bugreport.sun.com/bugreport/" />
    <property name="env.SSH_CLIENT" value="10.10.16.9 47904 22" />
    <property name="npmjs-org-is-up" value="true" />
    <property name="env.GEM_HOME" value="/home/travis/.rvm/gems/ruby-2.4.1" />
    <property name="env.HAS_ANTARES_THREE_LITTLE_FRONZIES_BADGE" value="true" />
    <property name="env.PS4" value="+" />
    <property name="ant.project.invoked-targets" value="build,test.core1.xml" />
    <property name="env.TRAVIS_PULL_REQUEST_BRANCH" value="" />
    <property name="env.TRAVIS_REPO_SLUG" value="icyphy/ptII" />
    <property name="node.in.path" value="true" />
    <property name="java.maxmemory" value="1400m" />
    <property name="env.RUBY_VERSION" value="ruby-2.4.1" />
    <property name="user.name" value="travis" />
    <property name="env.LANG" value="en_US.UTF-8" />
    <property name="sun.io.unicode.encoding" value="UnicodeLittle" />
    <property name="sun.jnu.encoding" value="UTF-8" />
    <property name="java.runtime.name" value="Java(TM) SE Runtime Environment" />
    <property name="usefile" value="false" />
    <property name="return.code" value="0" />
    <property name="junit.single.formatter" value="plain" />
    <property name="env.DYLD_LIBRARY_PATH" value="/home/travis/pthla/certi-tools/lib:" />
    <property name="env.DEBIAN_FRONTEND" value="noninteractive" />
    <property name="env.SSH_CONNECTION" value="10.10.16.9 47904 10.20.255.43 22" />
    <property name="env.MYSQL_UNIX_PORT" value="/var/run/mysqld/mysqld.sock" />
    <property name="env.TRAVIS_ALLOW_FAILURE" value="false" />
    <property name="env.LC_ALL" value="en_US.UTF-8" />
    <property name="java.specification.name" value="Java Platform API Specification" />
    <property name="node.works" value="true" />
    <property name="user.timezone" value="" />
    <property name="path.separator" value=":" />
    <property name="env.PYTHON_CFLAGS" value="-g -fstack-protector --param=ssp-buffer-size=4 -Wformat -Werror=format-security" />
    <property name="timeout.long" value="4000000" />
    <property name="env.CERTI_HOME" value="/home/travis/pthla/certi-tools" />
    <property name="file.encoding" value="UTF-8" />
    <property name="ant.file.ptII" value="/home/travis/build/icyphy/ptII/build.xml" />
    <property name="javadoc.packagenames" value="com.*,diva.*,lbnl.*,org.hlacerti.*,org.json.*,org.ptolemy.*,org.terraswarm.*,ptolemy.*,ptserver.*" />
    <property name="env.TRAVIS_PULL_REQUEST_SLUG" value="" />
    <property name="ant.project.default-target" value="build" />
    <property name="env.GIT_ASKPASS" value="echo" />
    <property name="env.HOME" value="/home/travis" />
    <property name="sun.java.command" value="org.apache.tools.ant.taskdefs.optional.junit.JUnitTestRunner ptolemy.actor.lib.test.junit.JUnitTclTest skipNonTests=false filtertrace=true haltOnError=false haltOnFailure=false formatter=org.apache.tools.ant.taskdefs.optional.junit.OutErrSummaryJUnitResultFormatter showoutput=true outputtoformatters=true logfailedtests=true threadid=0 logtestlistenerevents=false formatter=org.apache.tools.ant.taskdefs.optional.junit.XMLJUnitResultFormatter,/home/travis/build/icyphy/ptII/reports/junit/TEST-ptolemy.actor.lib.test.junit.JUnitTclTest.xml crashfile=/home/travis/build/icyphy/ptII/junitvmwatcher3042280203529640357.properties propsfile=/home/travis/build/icyphy/ptII/junit7792421643756432044.properties" />
    <property name="env.MANPATH" value="/home/travis/.nvm/versions/node/v7.10.1/share/man:/home/travis/.kiex/elixirs/elixir-1.4.5/man:/home/travis/.rvm/rubies/ruby-2.4.1/share/man:/usr/local/man:/usr/local/cmake-3.9.2/man:/usr/local/clang-5.0.0/share/man:/usr/local/share/man:/usr/share/man:/home/travis/.rvm/man" />
    <property name="env.COMPOSER_NO_INTERACTION" value="1" />
    <property name="env.JDK_SWITCHER_DEFAULT" value="oraclejdk8" />
    <property name="ant.file" value="/home/travis/build/icyphy/ptII/build.xml" />
    <property name="env.TRAVIS_COMMIT_RANGE" value="18b4a828d931...a855ed22d222" />
    <property name="env._system_name" value="Ubuntu" />
    <property name="timeout" value="2400000" />
    <property name="ptII.classpath.optional.property" value="/home/travis/build/icyphy/ptII/lib/bsh-2.0b4.jar:/home/travis/build/icyphy/ptII/lib/ptCal.jar:/home/travis/build/icyphy/ptII/lib/java_cup.jar:/home/travis/build/icyphy/ptII/lib/saxon8.jar:/home/travis/build/icyphy/ptII/lib/saxon8-dom.jar:/home/travis/build/icyphy/ptII/lib/chic.jar:/home/travis/build/icyphy/ptII/lib/ptcolt.jar:/usr/lib/jvm/java-8-oracle/lib/tools.jar:/usr/lib/eclipse/plugins/org.eclipse.jdt.core_3.8.2.dist.jar:/usr/lib/eclipse/plugins/org.eclipse.core.runtime_3.8.0.dist.jar:/usr/lib/eclipse/plugins/org.eclipse.osgi_3.8.1.dist.jar:/usr/lib/eclipse/plugins/org.eclipse.core.resources_3.8.1.dist.jar:/usr/lib/eclipse/plugins/org.eclipse.equinox.common_3.6.100.dist.jar:/usr/lib/eclipse/plugins/org.eclipse.core.jobs_3.5.200.dist.jar:/usr/lib/eclipse/plugins/org.eclipse.core.contenttype_3.4.200.dist.jar:/usr/lib/eclipse/plugins/org.eclipse.equinox.preferences_3.5.0.dist.jar:/usr/lib/eclipse/plugins/org.eclipse.text_3.5.200.dist.jar:/usr/lib/eclipse/plugins/org.eclipse.ui.workbench_3.8.1.dist.jar:/usr/lib/eclipse/plugins/org.eclipse.jface_3.8.0.dist.jar:/usr/lib/eclipse/plugins/org.eclipse.swt_3.8.2.jar:/usr/lib/eclipse/plugins/org.eclipse.jface.text_3.8.1.dist.jar:/usr/lib/eclipse/plugins/org.eclipse.ui.workbench.texteditor_3.8.0.dist.jar:/usr/lib/eclipse/plugins/org.eclipse.ui.editors_3.8.0.dist.jar:/usr/lib/eclipse/plugins/org.eclipse.core.commands_3.6.1.dist.jar:/usr/lib/eclipse/plugins/org.eclipse.equinox.registry_3.5.200.dist.jar:/usr/lib/eclipse/plugins/org.eclipse.ui.console_3.5.100.dist.jar:/usr/lib/eclipse/plugins/org.eclipse.ui.forms_3.5.200.dist.jar:/usr/lib/eclipse/plugins/org.eclipse.ui.ide_3.8.1.dist.jar:/home/travis/build/icyphy/ptII/vendors/oracle/dbxml.jar:/home/travis/build/icyphy/ptII/vendors/oracle/db.jar:/home/travis/build/icyphy/ptII/vendors/misc/itext/iText.jar:/home/travis/build/icyphy/ptII/lib/g4ltl.jar:/home/travis/build/icyphy/ptII/lib/StructuralCoder.jar:/home/travis/build/icyphy/ptII/lib/org-openide-util.jar:/home/travis/build/icyphy/ptII/lib/org-openide-util-lookup.jar:/home/travis/build/icyphy/ptII/lib/org-netbeans-api-visual.jar:/home/travis/build/icyphy/ptII/vendors/jai-1_1_2_01/lib/jai_core.jar:/home/travis/build/icyphy/ptII/vendors/jai-1_1_2_01/lib/jai_codec.jar:/home/travis/build/icyphy/ptII/lib/jcerti.jar:/home/travis/build/icyphy/ptII/lib/smack.jar:/home/travis/build/icyphy/ptII/lib/smackx.jar:/home/travis/build/icyphy/ptII/lib/jetty-all-8.1.5-v20120716.jar:/home/travis/build/icyphy/ptII/lib/javax.servlet-api-3.0.1.jar:/home/travis/build/icyphy/ptII/lib/javax.mail.jar:/home/travis/build/icyphy/ptII/vendors/JMF-2.1.1e/lib/jmf.jar:/home/travis/build/icyphy/ptII/lib/jna-4.0.0-variadic.jar:/home/travis/build/icyphy/ptII/vendors/misc/joystick/Joystick.jar:/home/travis/build/icyphy/ptII/lib/ptjacl.jar:/home/travis/build/icyphy/ptII/lib/jsoup-1.8.2.jar:/home/travis/build/icyphy/ptII/lib/junit-4.8.2.jar:/home/travis/build/icyphy/ptII/lib/JUnitParams-0.4.0.jar:/home/travis/build/icyphy/ptII/ptolemy/actor/lib/excel/jxl.jar:/home/travis/build/icyphy/ptII/lib/jython.jar:/home/travis/build/icyphy/ptII/lib/kieler.jar:/home/travis/build/icyphy/ptII/vendors/opencv/share/OpenCV/java/opencv-341.jar:/home/travis/build/icyphy/ptII/lib/oscP5.jar:/home/travis/build/icyphy/ptII/lib/nrjavaserial-3.11.0.devel.jar:/usr/share/java/j3dcore.jar:/usr/share/java/j3dutils.jar:/usr/share/java/vecmath.jar:/home/travis/build/icyphy/ptII/ptolemy/distributed/jini/jar/jini-core.jar:/home/travis/build/icyphy/ptII/ptolemy/distributed/jini/jar/jini-ext.jar:/home/travis/build/icyphy/ptII/ptolemy/distributed/jini/jar/sun-util.jar:/home/travis/build/icyphy/ptII/lib/protobuf-java-2.4.1.jar:/home/travis/build/icyphy/ptII/lib/org.eclipse.paho.client.mqttv3.jar:/home/travis/build/icyphy/ptII/ptserver/lib/hessian-4.0.7.jar:/home/travis/build/icyphy/ptII/ptserver/lib/wmqtt.jar:/home/travis/build/icyphy/ptII/lib/mapss.jar:/home/travis/build/icyphy/ptII/ptolemy/actor/ptalon/antlr/antlr.jar:/home/travis/build/icyphy/ptII/lib/JRI.jar:/home/travis/build/icyphy/ptII/lib/commons-lang-2.6.jar:/home/travis/build/icyphy/ptII/lib/commons-logging-1.1.1.jar:/home/travis/build/icyphy/ptII/lib/sootclasses.jar:/home/travis/build/icyphy/ptII/ptolemy/actor/lib/database/mysql-connector-java-5.1.6-bin.jar:/home/travis/build/icyphy/ptII/vendors/misc/sphinx4/sphinx4-data-5prealpha.jar:/home/travis/build/icyphy/ptII/vendors/misc/sphinx4/sphinx4-core-5prealpha.jar:/home/travis/build/icyphy/ptII/lib/PDFRenderer.jar:/home/travis/build/icyphy/ptII/lib/svgSalamander.jar:/home/travis/build/icyphy/ptII/lib/rsyntaxtextarea-2.6.0-SNAPSHOT.jar:/home/travis/build/icyphy/ptII/lib/hazelcast-3.8.2.jar:/home/travis/build/icyphy/ptII/lib/jackson-annotations-2.9.0.jar:/home/travis/build/icyphy/ptII/lib/jackson-core-2.9.3.jar:/home/travis/build/icyphy/ptII/lib/jackson-databind-2.9.3.jar:/home/travis/build/icyphy/ptII/lib/netty-buffer-4.1.19.Final.jar:/home/travis/build/icyphy/ptII/lib/netty-codec-4.1.19.Final.jar:/home/travis/build/icyphy/ptII/lib/netty-codec-dns-4.1.19.Final.jar:/home/travis/build/icyphy/ptII/lib/netty-codec-http-4.1.19.Final.jar:/home/travis/build/icyphy/ptII/lib/netty-codec-http2-4.1.19.Final.jar:/home/travis/build/icyphy/ptII/lib/netty-common-4.1.19.Final.jar:/home/travis/build/icyphy/ptII/lib/netty-handler-4.1.19.Final.jar:/home/travis/build/icyphy/ptII/lib/netty-resolver-4.1.19.Final.jar:/home/travis/build/icyphy/ptII/lib/netty-resolver-dns-4.1.19.Final.jar:/home/travis/build/icyphy/ptII/lib/netty-transport-4.1.19.Final.jar:/home/travis/build/icyphy/ptII/lib/vertx-codegen-3.5.1.jar:/home/travis/build/icyphy/ptII/lib/vertx-core-3.5.2-SNAPSHOT.jar:/home/travis/build/icyphy/ptII/lib/vertx-hazelcast-3.5.1.jar:/home/travis/build/icyphy/ptII/lib/vertx-lang-js-3.5.1.jar:/home/travis/build/icyphy/ptII/lib/vertx-service-proxy-3.5.1.jar:/home/travis/build/icyphy/ptII/lib/vertx-web-3.5.1.jar:/home/travis/build/icyphy/ptII/lib/slf4j-api-1.7.13.jar:/home/travis/build/icyphy/ptII/lib/slf4j-simple-1.7.13.jar:/home/travis/build/icyphy/ptII/lib/webcam-capture-0.3.12.jar:/home/travis/build/icyphy/ptII/lib/bridj-0.7.0.jar:/home/travis/build/icyphy/ptII/lib/xbjlib-1.1.0.nrjavaserial.jar" />
    <property name="test.batch" value="**/junit/*.java" />
    <property name="env._" value="/usr/bin/timeout" />
    <property name="java.io.tmpdir" value="/tmp" />
    <property name="user.language" value="en" />
    <property name="env.HISTCONTROL" value="ignoredups:ignorespace" />
    <property name="env.GOROOT" value="/home/travis/.gimme/versions/go1.7.4.linux.amd64" />
    <property name="line.separator" value="&#xa;" />
    <property name="target" value="1.8" />
    <property name="env.TRAVIS_BUILD_DIR" value="/home/travis/build/icyphy/ptII" />
    <property name="env.ANT_OPTS" value="-Xmx2048m" />
    <property name="ant.file.type" value="file" />
    <property name="ptolemy.ptII.batchMode" value="true" />
    <property name="env.HISTSIZE" value="1000" />
    <property name="env.MERB_ENV" value="test" />
    <property name="java.vm.info" value="mixed mode" />
    <property name="source" value="1.8" />
    <property name="java.vm.specification.name" value="Java Virtual Machine Specification" />
    <property name="env.TRAVIS_TEST_RESULT" value="0" />
    <property name="jsdoc.command" value="node_modules/@terraswarm/jsdoc/jsdoc.js" />
    <property name="npm.works" value="true" />
    <property name="cobertura.dir" value="/home/travis/build/icyphy/ptII/vendors/cobertura-2.0.3" />
    <property name="env.rvm_path" value="/home/travis/.rvm" />
    <property name="env.GEM_PATH" value="/home/travis/.rvm/gems/ruby-2.4.1:/home/travis/.rvm/gems/ruby-2.4.1@global" />
    <property name="env.LC_CTYPE" value="en_US.UTF-8" />
    <property name="java.awt.printerjob" value="sun.print.PSPrinterJob" />
    <property name="env.TRAVIS_STACK_NAME" value="garnet" />
    <property name="ant.version" value="Apache Ant(TM) version 1.10.1 compiled on February 2 2017" />
    <property name="ptII.reports" value="/home/travis/build/icyphy/ptII/reports" />
    <property name="env.TRAVIS_STACK_TIMESTAMP" value="2017-12-05 19:33:09 UTC" />
    <property name="ant.file.type.ptII" value="file" />
    <property name="env.RBENV_SHELL" value="bash" />
    <property name="os.name" value="Linux" />
    <property name="java.specification.vendor" value="Oracle Corporation" />
    <property name="env.rvm_version" value="1.29.3 (latest)" />
    <property name="env.TERM" value="xterm" />
    <property name="java.vm.name" value="Java HotSpot(TM) 64-Bit Server VM" />
    <property name="env.TRAVIS_BUILD_NUMBER" value="520" />
    <property name="env.CI" value="true" />
    <property name="java.library.path" value="/home/travis/pthla/certi-tools/lib:/usr/lib/jni:/usr/local/share/OpenCV/java/:/usr/share/OpenCV/java::/usr/java/packages/lib/amd64:/usr/lib64:/lib64:/lib:/usr/lib" />
    <property name="env.rvm_prefix" value="/home/travis" />
    <property name="env.PATH" value="/home/travis/pthla/certi-tools/share/scripts:/home/travis/.rvm/gems/ruby-2.4.1/bin:/home/travis/.rvm/gems/ruby-2.4.1@global/bin:/home/travis/.rvm/rubies/ruby-2.4.1/bin:/home/travis/.rvm/bin:/home/travis/.nvm/versions/node/v7.10.1/bin:./node_modules/.bin:/home/travis/build/icyphy/ptII/bin:/home/travis/pthla/certi-tools/bin:/home/travis/bin:/home/travis/.local/bin:/opt/pyenv/shims:/home/travis/.phpenv/shims:/home/travis/perl5/perlbrew/bin:/home/travis/.kiex/elixirs/elixir-1.4.5/bin:/home/travis/.kiex/bin:/home/travis/gopath/bin:/home/travis/.gimme/versions/go1.7.4.linux.amd64/bin:/usr/local/phantomjs/bin:/usr/local/phantomjs:/usr/local/neo4j-3.2.7/bin:/usr/local/maven-3.5.2/bin:/usr/local/cmake-3.9.2/bin:/usr/local/clang-5.0.0/bin:/usr/local/sbin:/usr/local/bin:/usr/sbin:/usr/bin:/sbin:/bin:/home/travis/.phpenv/bin:/opt/pyenv/bin:/home/travis/.yarn/bin" />
    <property name="env.TRAVIS_OS_NAME" value="linux" />
    <property name="ant.java.version" value="1.8" />
    <property name="basedir" value="/home/travis/build/icyphy/ptII" />
    <property name="java.class.version" value="52.0" />
    <property name="env.SHLVL" value="3" />
    <property name="env.LD_LIBRARY_PATH" value="/home/travis/pthla/certi-tools/lib:/usr/lib/jni:/usr/local/share/OpenCV/java/:/usr/share/OpenCV/java:" />
    <property name="env.RACK_ENV" value="test" />
    <property name="ant.home" value="/home/travis/build/icyphy/ptII/ant" />
    <property name="env.NVM_DIR" value="/home/travis/.nvm" />
    <property name="env.PERLBREW_BASHRC_VERSION" value="0.80" />
    <property name="env.CERTI_FOM_PATH" value="/home/travis/pthla/certi-tools/share/federations" />
    <property name="env.TRAVIS_BUILD_ID" value="387999489" />
    <property name="env.PYENV_ROOT" value="/opt/pyenv" />
    <property name="env.TRAVIS_UID" value="2000" />
    <property name="env.rvm_pretty_print_flag" value="auto" />
    <property name="env.NVM_BIN" value="/home/travis/.nvm/versions/node/v7.10.1/bin" />
    <property name="env.TRAVIS_COMMIT" value="a855ed22d222cb2013382ea639aa19c5e9c3b374" />
    <property name="env._system_arch" value="x86_64" />
    <property name="node.executable" value="node" />
    <property name="sun.boot.library.path" value="/usr/lib/jvm/java-8-oracle/jre/lib/amd64" />
    <property name="sun.management.compiler" value="HotSpot 64-Bit Tiered Compilers" />
    <property name="env.GOPATH" value="/home/travis/gopath" />
    <property name="java.awt.graphicsenv" value="sun.awt.X11GraphicsEnvironment" />
    <property name="ptolemy.ptII.dir" value="/home/travis/build/icyphy/ptII" />
    <property name="env.USER" value="travis" />
    <property name="env.HISTFILESIZE" value="2000" />
    <property name="timeout.longest" value="19000000" />
    <property name="env.TRAVIS_STACK_FEATURES" value="basic cassandra chromium couchdb disabled-ipv6 docker docker-compose elasticsearch firefox go-toolchain google-chrome jdk memcached mongodb mysql neo4j nodejs_interpreter perl_interpreter perlbrew phantomjs postgresql python_interpreter rabbitmq redis riak ruby_interpreter sqlite xserver" />
    <property name="env.TRAVIS_PULL_REQUEST" value="false" />
    <property name="env.PYENV_SHELL" value="bash" />
    <property name="ant.project.name" value="ptII" />
    <property name="java.vm.specification.version" value="1.8" />
    <property name="env.CERTI_VERSION" value="4.0.0" />
    <property name="env.NLSPATH" value="/usr/dt/lib/nls/msg/%L/%N.cat" />
    <property name="awt.toolkit" value="sun.awt.X11.XToolkit" />
    <property name="env.CERTI_HOST" value="localhost" />
    <property name="env.MY_RUBY_HOME" value="/home/travis/.rvm/rubies/ruby-2.4.1" />
    <property name="sun.cpu.isalist" value="" />
    <property name="java.ext.dirs" value="/usr/lib/jvm/java-8-oracle/jre/lib/ext:/usr/java/packages/lib/ext" />
    <property name="os.version" value="4.4.0-101-generic" />
    <property name="user.home" value="/home/travis" />
    <property name="env.MIX_ARCHIVES" value="/home/travis/.kiex/mix/elixir-1.4.5" />
    <property name="java.vm.vendor" value="Oracle Corporation" />
    <property name="env.TRAVIS_TAG" value="nightly" />
    <property name="env.TRAVIS_FILTERED" value="redirect_io" />
    <property name="javadoc.excludepackagenames" value="adm.cvs2svn.*,build.*,config.*,doc.coding.templates.*,jni.test.jni.meaningOfLife.*,jni.test.jni.testDeux.*,jni.test.jni.testTrois.*,org.terraswarm.accessor.accessors.web.node_modules.*,org.terraswarm.accessor.accessors.web.hosts.cordova.demo.*,org.terraswarm.accessor.accessors.web.hosts.cordova.plugins.*,org.terraswarm.accessor.accessors-svn.*,pt-modules.*,ptolemy.apps.agilent.*,ptolemy.apps.anytimecontrol.*,ptolemy.apps.apes.*,ptolemy.apps.charon.*,ptolemy.apps.crazyboard.*,ptolemy.apps.eclipse.*,ptolemy.apps.etherealSting.*,ptolemy.apps.fullscreen.*,ptolemy.apps.giotto.*,ptolemy.apps.ia.*,ptolemy.apps.interfaces.*,ptolemy.apps.jmf.*,ptolemy.apps.kurt.*,ptolemy.apps.kvm.*,ptolemy.apps.lego.*,ptolemy.apps.lejos.*,ptolemy.apps.midp.*,ptolemy.apps.mobileCoding.*,ptolemy.apps.pendulum.*,ptolemy.apps.rijndael.*,ptolemy.apps.robot.*,ptolemy.apps.security.*,ptolemy.apps.sobel.*,ptolemy.apps.soot.*,ptolemy.apps.throttle.*,ptolemy.apps.tini.*,ptolemy.apps.transmission.*,ptolemy.apps.vergil.*,ptolemy.apps.waba.*,ptolemy.apps.websensor.*,ptolemy.apps.webstart.*,ptolemy.apps.xsl.*,ptolemy.apps.zaurus.*,ptolemy.backtrack.eclipse.plugin.*,ptolemy.backtrack.test.*,ptolemy.codegen.c.actor.lib.oldJavaFiles.*,ptolemy.codegen.dsp.lib.*,ptolemy.codegen.kernel.newInterfaces.*,ptolemy.codegen.lib.*,ptolemy.copernicus.kernel.fragment.*,ptolemy.copernicus.shallow.cg.*,ptolemy.domains.giotto.demo.Hierarchy.Hierarchy.*,ptolemy.domains.giotto.demo.Multimode.Multimode.*,ptolemy.domains.giotto.demo.Simple.Simple.*,ptolemy.domains.gr.lib.experimental.*,ptolemy.domains.gro.*,ptolemy.domains.pdf.*,ptolemy.domains.ptinyos.demo.Surge.output.*,ptolemy.moml.test.NoPackageActor.java*,ptolemy.plot.adm.*,ptolemy.plot.servlet.*,reports.*,signed.*,src.*,target.*,vendors.*,ptolemy.cg.adapter.generic.program.procedural.c.mbed*,ptolemy.actor.lib.fmi.fmus.omc*,ptolemy.domains.openmodelica*,ptdb.kernel.bl.save.test.*,ptdb.kernel.bl.load.test.*,ptdb.kernel.bl.search.test.*,ptdb.kernel.bl.migration.test.*,ptdb.kernel.database.test.*,ptdb.test.*,ptdb.gui.test.*,org.ptolemy.scala.*,diva.util.java2d.svg.*,ptolemy.domains.ptinyos.*,ptolemy.actor.lib.fmi.fmipp.*,,org.terraswarm.accessor.accessors.web.node_modules.*,org.terraswarm.accessor.accessors-svn,ptolemy.actor.ptalon.demo.ptinyos.SendAndReceiveCnt.output,ptolemy.actor.ptalon.demo.ptinyos.SenseToLeds.output,ptolemy.domains.ptinyos.demo.CntToLedsAndRfm.output,ptolemy.domains.ptinyos.demo.RfmToLeds.output,ptolemy.domains.ptinyos.demo.SendAndReceiveCnt.output,ptolemy.domains.ptinyos.demo.SenseToLeds.output" />
    <property name="env.JAVA_HOME" value="/usr/lib/jvm/java-8-oracle" />
    <property name="env.PTII" value="/home/travis/build/icyphy/ptII" />
    <property name="env.TRAVIS_COMMIT_MESSAGE" value="Removed ResourcePool.xml test, Edward wrote that it was non-deterministic." />
    <property name="keystore" value="ptKeystore" />
    <property name="env.XDG_SESSION_ID" value="2" />
    <property name="junit.output.dir" value="/home/travis/build/icyphy/ptII/reports/junit" />
    <property name="npm.return.code" value="0" />
    <property name="user.dir" value="/home/travis/build/icyphy/ptII/ptolemy/actor/lib/test" />
    <property name="env.TRAVIS_NODE_VERSION" value="7" />
    <property name="env.XFILESEARCHPATH" value="/usr/dt/app-defaults/%L/Dt" />
    <property name="env.TRAVIS_EVENT_TYPE" value="push" />
    <property name="env.MAIL" value="/var/mail/travis" />
    <property name="env.PWD" value="/home/travis/build/icyphy/ptII" />
    <property name="env.PERLBREW_ROOT" value="/home/travis/perl5/perlbrew" />
    <property name="timeout.npm" value="45000" />
    <property name="env.PAGER" value="cat" />
    <property name="sun.cpu.endian" value="little" />
    <property name="env.TRAVIS_BUILD_STAGE_NAME" value="Test" />
    <property name="env.PERLBREW_HOME" value="/home/travis/.perlbrew" />
    <property name="env.RAILS_ENV" value="test" />
    <property name="java.vm.version" value="25.151-b12" />
    <property name="java.class.path" value="/home/travis/.ptolemyII:/home/travis/.ptolemyII/*:/home/travis/build/icyphy/ptII:/home/travis/build/icyphy/ptII/lib/bsh-2.0b4.jar:/home/travis/build/icyphy/ptII/lib/ptCal.jar:/home/travis/build/icyphy/ptII/lib/java_cup.jar:/home/travis/build/icyphy/ptII/lib/saxon8.jar:/home/travis/build/icyphy/ptII/lib/saxon8-dom.jar:/home/travis/build/icyphy/ptII/lib/chic.jar:/home/travis/build/icyphy/ptII/lib/ptcolt.jar:/usr/lib/jvm/java-8-oracle/lib/tools.jar:/usr/lib/eclipse/plugins/org.eclipse.jdt.core_3.8.2.dist.jar:/usr/lib/eclipse/plugins/org.eclipse.core.runtime_3.8.0.dist.jar:/usr/lib/eclipse/plugins/org.eclipse.osgi_3.8.1.dist.jar:/usr/lib/eclipse/plugins/org.eclipse.core.resources_3.8.1.dist.jar:/usr/lib/eclipse/plugins/org.eclipse.equinox.common_3.6.100.dist.jar:/usr/lib/eclipse/plugins/org.eclipse.core.jobs_3.5.200.dist.jar:/usr/lib/eclipse/plugins/org.eclipse.core.contenttype_3.4.200.dist.jar:/usr/lib/eclipse/plugins/org.eclipse.equinox.preferences_3.5.0.dist.jar:/usr/lib/eclipse/plugins/org.eclipse.text_3.5.200.dist.jar:/usr/lib/eclipse/plugins/org.eclipse.ui.workbench_3.8.1.dist.jar:/usr/lib/eclipse/plugins/org.eclipse.jface_3.8.0.dist.jar:/usr/lib/eclipse/plugins/org.eclipse.swt_3.8.2.jar:/usr/lib/eclipse/plugins/org.eclipse.jface.text_3.8.1.dist.jar:/usr/lib/eclipse/plugins/org.eclipse.ui.workbench.texteditor_3.8.0.dist.jar:/usr/lib/eclipse/plugins/org.eclipse.ui.editors_3.8.0.dist.jar:/usr/lib/eclipse/plugins/org.eclipse.core.commands_3.6.1.dist.jar:/usr/lib/eclipse/plugins/org.eclipse.equinox.registry_3.5.200.dist.jar:/usr/lib/eclipse/plugins/org.eclipse.ui.console_3.5.100.dist.jar:/usr/lib/eclipse/plugins/org.eclipse.ui.forms_3.5.200.dist.jar:/usr/lib/eclipse/plugins/org.eclipse.ui.ide_3.8.1.dist.jar:/home/travis/build/icyphy/ptII/vendors/oracle/dbxml.jar:/home/travis/build/icyphy/ptII/vendors/oracle/db.jar:/home/travis/build/icyphy/ptII/vendors/misc/itext/iText.jar:/home/travis/build/icyphy/ptII/lib/g4ltl.jar:/home/travis/build/icyphy/ptII/lib/StructuralCoder.jar:/home/travis/build/icyphy/ptII/lib/org-openide-util.jar:/home/travis/build/icyphy/ptII/lib/org-openide-util-lookup.jar:/home/travis/build/icyphy/ptII/lib/org-netbeans-api-visual.jar:/home/travis/build/icyphy/ptII/vendors/jai-1_1_2_01/lib/jai_core.jar:/home/travis/build/icyphy/ptII/vendors/jai-1_1_2_01/lib/jai_codec.jar:/home/travis/build/icyphy/ptII/lib/jcerti.jar:/home/travis/build/icyphy/ptII/lib/smack.jar:/home/travis/build/icyphy/ptII/lib/smackx.jar:/home/travis/build/icyphy/ptII/lib/jetty-all-8.1.5-v20120716.jar:/home/travis/build/icyphy/ptII/lib/javax.servlet-api-3.0.1.jar:/home/travis/build/icyphy/ptII/lib/javax.mail.jar:/home/travis/build/icyphy/ptII/vendors/JMF-2.1.1e/lib/jmf.jar:/home/travis/build/icyphy/ptII/lib/jna-4.0.0-variadic.jar:/home/travis/build/icyphy/ptII/vendors/misc/joystick/Joystick.jar:/home/travis/build/icyphy/ptII/lib/ptjacl.jar:/home/travis/build/icyphy/ptII/lib/jsoup-1.8.2.jar:/home/travis/build/icyphy/ptII/lib/junit-4.8.2.jar:/home/travis/build/icyphy/ptII/lib/JUnitParams-0.4.0.jar:/home/travis/build/icyphy/ptII/ptolemy/actor/lib/excel/jxl.jar:/home/travis/build/icyphy/ptII/lib/jython.jar:/home/travis/build/icyphy/ptII/lib/kieler.jar:/home/travis/build/icyphy/ptII/vendors/opencv/share/OpenCV/java/opencv-341.jar:/home/travis/build/icyphy/ptII/lib/oscP5.jar:/home/travis/build/icyphy/ptII/lib/nrjavaserial-3.11.0.devel.jar:/usr/share/java/j3dcore.jar:/usr/share/java/j3dutils.jar:/usr/share/java/vecmath.jar:/home/travis/build/icyphy/ptII/ptolemy/distributed/jini/jar/jini-core.jar:/home/travis/build/icyphy/ptII/ptolemy/distributed/jini/jar/jini-ext.jar:/home/travis/build/icyphy/ptII/ptolemy/distributed/jini/jar/sun-util.jar:/home/travis/build/icyphy/ptII/lib/protobuf-java-2.4.1.jar:/home/travis/build/icyphy/ptII/lib/org.eclipse.paho.client.mqttv3.jar:/home/travis/build/icyphy/ptII/ptserver/lib/hessian-4.0.7.jar:/home/travis/build/icyphy/ptII/ptserver/lib/wmqtt.jar:/home/travis/build/icyphy/ptII/lib/mapss.jar:/home/travis/build/icyphy/ptII/ptolemy/actor/ptalon/antlr/antlr.jar:/home/travis/build/icyphy/ptII/lib/JRI.jar:/home/travis/build/icyphy/ptII/lib/commons-lang-2.6.jar:/home/travis/build/icyphy/ptII/lib/commons-logging-1.1.1.jar:/home/travis/build/icyphy/ptII/lib/sootclasses.jar:/home/travis/build/icyphy/ptII/ptolemy/actor/lib/database/mysql-connector-java-5.1.6-bin.jar:/home/travis/build/icyphy/ptII/vendors/misc/sphinx4/sphinx4-data-5prealpha.jar:/home/travis/build/icyphy/ptII/vendors/misc/sphinx4/sphinx4-core-5prealpha.jar:/home/travis/build/icyphy/ptII/lib/PDFRenderer.jar:/home/travis/build/icyphy/ptII/lib/svgSalamander.jar:/home/travis/build/icyphy/ptII/lib/rsyntaxtextarea-2.6.0-SNAPSHOT.jar:/home/travis/build/icyphy/ptII/lib/hazelcast-3.8.2.jar:/home/travis/build/icyphy/ptII/lib/jackson-annotations-2.9.0.jar:/home/travis/build/icyphy/ptII/lib/jackson-core-2.9.3.jar:/home/travis/build/icyphy/ptII/lib/jackson-databind-2.9.3.jar:/home/travis/build/icyphy/ptII/lib/netty-buffer-4.1.19.Final.jar:/home/travis/build/icyphy/ptII/lib/netty-codec-4.1.19.Final.jar:/home/travis/build/icyphy/ptII/lib/netty-codec-dns-4.1.19.Final.jar:/home/travis/build/icyphy/ptII/lib/netty-codec-http-4.1.19.Final.jar:/home/travis/build/icyphy/ptII/lib/netty-codec-http2-4.1.19.Final.jar:/home/travis/build/icyphy/ptII/lib/netty-common-4.1.19.Final.jar:/home/travis/build/icyphy/ptII/lib/netty-handler-4.1.19.Final.jar:/home/travis/build/icyphy/ptII/lib/netty-resolver-4.1.19.Final.jar:/home/travis/build/icyphy/ptII/lib/netty-resolver-dns-4.1.19.Final.jar:/home/travis/build/icyphy/ptII/lib/netty-transport-4.1.19.Final.jar:/home/travis/build/icyphy/ptII/lib/vertx-codegen-3.5.1.jar:/home/travis/build/icyphy/ptII/lib/vertx-core-3.5.2-SNAPSHOT.jar:/home/travis/build/icyphy/ptII/lib/vertx-hazelcast-3.5.1.jar:/home/travis/build/icyphy/ptII/lib/vertx-lang-js-3.5.1.jar:/home/travis/build/icyphy/ptII/lib/vertx-service-proxy-3.5.1.jar:/home/travis/build/icyphy/ptII/lib/vertx-web-3.5.1.jar:/home/travis/build/icyphy/ptII/lib/slf4j-api-1.7.13.jar:/home/travis/build/icyphy/ptII/lib/slf4j-simple-1.7.13.jar:/home/travis/build/icyphy/ptII/lib/webcam-capture-0.3.12.jar:/home/travis/build/icyphy/ptII/lib/bridj-0.7.0.jar:/home/travis/build/icyphy/ptII/lib/xbjlib-1.1.0.nrjavaserial.jar:/home/travis/build/icyphy/ptII/ptolemy/moml/test:/home/travis/build/icyphy/ptII/ant/lib/ant-launcher.jar:/home/travis/build/icyphy/ptII/ant/lib/ant.jar:/home/travis/build/icyphy/ptII/ant/lib/ant-junit.jar:/home/travis/build/icyphy/ptII/ant/lib/ant-junit4.jar" />
    <property name="ant.library.dir" value="/home/travis/build/icyphy/ptII/ant/lib" />
    <property name="os.arch" value="amd64" />
    <property name="env.TRAVIS_LANGUAGE" value="node_js" />
    <property name="env.CONTINUOUS_INTEGRATION" value="true" />
    <property name="env.TRAVIS_STACK_LANGUAGES" value="__garnet__ c c++ clojure cplusplus cpp default go groovy java node_js php pure_java python ruby scala" />
    <property name="test.name" value="ptolemy.actor.lib.test.junit.JUnitTclTest" />
    <property name="sun.java.launcher" value="SUN_STANDARD" />
    <property name="env.PYTHON_CONFIGURE_OPTS" value="--enable-unicode=ucs4 --with-wide-unicode --enable-shared --enable-ipv6 --enable-loadable-sqlite-extensions --with-computed-gotos" />
    <property name="ant.core.lib" value="/home/travis/build/icyphy/ptII/ant/lib/ant.jar" />
    <property name="java.vm.specification.vendor" value="Oracle Corporation" />
    <property name="env.BCVTB_HOME" value="/home/travis/build/icyphy/ptII/lbnl" />
    <property name="file.separator" value="/" />
    <property name="java.runtime.version" value="1.8.0_151-b12" />
    <property name="spotbugs.home" value="/home/travis/build/icyphy/ptII/vendors/spotbugs-3.1.1" />
    <property name="sun.boot.class.path" value="/usr/lib/jvm/java-8-oracle/jre/lib/resources.jar:/usr/lib/jvm/java-8-oracle/jre/lib/rt.jar:/usr/lib/jvm/java-8-oracle/jre/lib/sunrsasign.jar:/usr/lib/jvm/java-8-oracle/jre/lib/jsse.jar:/usr/lib/jvm/java-8-oracle/jre/lib/jce.jar:/usr/lib/jvm/java-8-oracle/jre/lib/charsets.jar:/usr/lib/jvm/java-8-oracle/jre/lib/jfr.jar:/usr/lib/jvm/java-8-oracle/jre/classes" />
    <property name="env.HAS_JOSH_K_SEAL_OF_APPROVAL" value="true" />
    <property name="env.TRAVIS_OSX_IMAGE" value="" />
    <property name="env.XDG_RUNTIME_DIR" value="/run/user/2000" />
    <property name="env.TRAVIS_BRANCH" value="master" />
    <property name="env.TRAVIS_JOB_ID" value="387999496" />
    <property name="env.CERTI_HOME_TRAVIS" value="/home/travis/pthla/certi-tools" />
    <property name="user.country" value="US" />
    <property name="env.SHELL" value="/bin/bash" />
    <property name="java.maxmemory.large" value="5000m" />
    <property name="model" value="" />
    <property name="env.CASHER_DIR" value="/home/travis/.casher" />
    <property name="env.NVM_CD_FLAGS" value="" />
    <property name="jshint.executable" value="/home/travis/node_modules/jshint/bin/jshint" />
    <property name="java.vendor" value="Oracle Corporation" />
    <property name="env.JRUBY_OPTS" value=" --client -J-XX:+TieredCompilation -J-XX:TieredStopAtLevel=1 -J-Xss2m -Xcompile.invokedynamic=false" />
    <property name="env.TRAVIS_PRE_CHEF_BOOTSTRAP_TIME" value="2017-12-05T19:32:55" />
    <property name="env.TRAVIS_STACK_JOB_BOARD_REGISTER" value="/.job-board-register.yml" />
    <property name="env.ELIXIR_VERSION" value="1.4.5" />
    <property name="java.specification.version" value="1.8" />
    <property name="env.IRBRC" value="/home/travis/.rvm/rubies/ruby-2.4.1/.irbrc" />
    <property name="env.TRAVIS" value="true" />
    <property name="sun.arch.data.model" value="64" />
  </properties>
  <testcase classname="ptolemy.util.test.junit.TclTests" name="[0] /home/travis/build/icyphy/ptII/ptolemy/actor/lib/test/AbsoluteValue.tcl (RunTclFile)" time="0.434" />
  <testcase classname="ptolemy.util.test.junit.TclTests" name="[1] /home/travis/build/icyphy/ptII/ptolemy/actor/lib/test/AddSubtract.tcl (RunTclFile)" time="0.07" />
  <testcase classname="ptolemy.util.test.junit.TclTests" name="[2] /home/travis/build/icyphy/ptII/ptolemy/actor/lib/test/Average.tcl (RunTclFile)" time="0.05" />
  <testcase classname="ptolemy.util.test.junit.TclTests" name="[3] /home/travis/build/icyphy/ptII/ptolemy/actor/lib/test/Bernoulli.tcl (RunTclFile)" time="0.04" />
  <testcase classname="ptolemy.util.test.junit.TclTests" name="[4] /home/travis/build/icyphy/ptII/ptolemy/actor/lib/test/Clock.tcl (RunTclFile)" time="0.075" />
  <testcase classname="ptolemy.util.test.junit.TclTests" name="[5] /home/travis/build/icyphy/ptII/ptolemy/actor/lib/test/Commutator.tcl (RunTclFile)" time="0.107" />
  <testcase classname="ptolemy.util.test.junit.TclTests" name="[6] /home/travis/build/icyphy/ptII/ptolemy/actor/lib/test/Const.tcl (RunTclFile)" time="0.129" />
  <testcase classname="ptolemy.util.test.junit.TclTests" name="[7] /home/travis/build/icyphy/ptII/ptolemy/actor/lib/test/CurrentTime.tcl (RunTclFile)" time="0.042" />
  <testcase classname="ptolemy.util.test.junit.TclTests" name="[8] /home/travis/build/icyphy/ptII/ptolemy/actor/lib/test/DB.tcl (RunTclFile)" time="0.03" />
  <testcase classname="ptolemy.util.test.junit.TclTests" name="[9] /home/travis/build/icyphy/ptII/ptolemy/actor/lib/test/DiscreteRandomSource.tcl (RunTclFile)" time="0.043" />
  <testcase classname="ptolemy.util.test.junit.TclTests" name="[10] /home/travis/build/icyphy/ptII/ptolemy/actor/lib/test/Distributor.tcl (RunTclFile)" time="0.048" />
  <testcase classname="ptolemy.util.test.junit.TclTests" name="[11] /home/travis/build/icyphy/ptII/ptolemy/actor/lib/test/Exit.tcl (RunTclFile)" time="0.061" />
  <testcase classname="ptolemy.util.test.junit.TclTests" name="[12] /home/travis/build/icyphy/ptII/ptolemy/actor/lib/test/Expression.tcl (RunTclFile)" time="0.107" />
  <testcase classname="ptolemy.util.test.junit.TclTests" name="[13] /home/travis/build/icyphy/ptII/ptolemy/actor/lib/test/Gaussian.tcl (RunTclFile)" time="0.865" />
  <testcase classname="ptolemy.util.test.junit.TclTests" name="[14] /home/travis/build/icyphy/ptII/ptolemy/actor/lib/test/IIR.tcl (RunTclFile)" time="0.035" />
  <testcase classname="ptolemy.util.test.junit.TclTests" name="[15] /home/travis/build/icyphy/ptII/ptolemy/actor/lib/test/Interpolator.tcl (RunTclFile)" time="0.057" />
  <testcase classname="ptolemy.util.test.junit.TclTests" name="[16] /home/travis/build/icyphy/ptII/ptolemy/actor/lib/test/MathFunction.tcl (RunTclFile)" time="0.087" />
  <testcase classname="ptolemy.util.test.junit.TclTests" name="[17] /home/travis/build/icyphy/ptII/ptolemy/actor/lib/test/Maximum.tcl (RunTclFile)" time="0.026" />
  <testcase classname="ptolemy.util.test.junit.TclTests" name="[18] /home/travis/build/icyphy/ptII/ptolemy/actor/lib/test/Minimum.tcl (RunTclFile)" time="0.019" />
  <testcase classname="ptolemy.util.test.junit.TclTests" name="[19] /home/travis/build/icyphy/ptII/ptolemy/actor/lib/test/MultiplyDivide.tcl (RunTclFile)" time="0.021" />
  <testcase classname="ptolemy.util.test.junit.TclTests" name="[20] /home/travis/build/icyphy/ptII/ptolemy/actor/lib/test/OrderedMerge.tcl (RunTclFile)" time="0.051" />
  <testcase classname="ptolemy.util.test.junit.TclTests" name="[21] /home/travis/build/icyphy/ptII/ptolemy/actor/lib/test/Publisher.tcl (RunTclFile)" time="0.593" />
  <testcase classname="ptolemy.util.test.junit.TclTests" name="[22] /home/travis/build/icyphy/ptII/ptolemy/actor/lib/test/Pulse.tcl (RunTclFile)" time="0.031" />
  <testcase classname="ptolemy.util.test.junit.TclTests" name="[23] /home/travis/build/icyphy/ptII/ptolemy/actor/lib/test/Ramp.tcl (RunTclFile)" time="1.87" />
  <testcase classname="ptolemy.util.test.junit.TclTests" name="[24] /home/travis/build/icyphy/ptII/ptolemy/actor/lib/test/RampContinuous.tcl (RunTclFile)" time="0.024" />
  <testcase classname="ptolemy.util.test.junit.TclTests" name="[25] /home/travis/build/icyphy/ptII/ptolemy/actor/lib/test/RecordAssembler.tcl (RunTclFile)" time="0.019" />
  <testcase classname="ptolemy.util.test.junit.TclTests" name="[26] /home/travis/build/icyphy/ptII/ptolemy/actor/lib/test/RecordDisassembler.tcl (RunTclFile)" time="0.034" />
  <testcase classname="ptolemy.util.test.junit.TclTests" name="[27] /home/travis/build/icyphy/ptII/ptolemy/actor/lib/test/Scale.tcl (RunTclFile)" time="0.035" />
  <testcase classname="ptolemy.util.test.junit.TclTests" name="[28] /home/travis/build/icyphy/ptII/ptolemy/actor/lib/test/SequentialClock.tcl (RunTclFile)" time="0.019" />
  <testcase classname="ptolemy.util.test.junit.TclTests" name="[29] /home/travis/build/icyphy/ptII/ptolemy/actor/lib/test/SetVariable.tcl (RunTclFile)" time="0.02" />
  <testcase classname="ptolemy.util.test.junit.TclTests" name="[30] /home/travis/build/icyphy/ptII/ptolemy/actor/lib/test/Sinewave.tcl (RunTclFile)" time="0.056" />
  <testcase classname="ptolemy.util.test.junit.TclTests" name="[31] /home/travis/build/icyphy/ptII/ptolemy/actor/lib/test/SubscriptionAggregator.tcl (RunTclFile)" time="2.093" />
  <testcase classname="ptolemy.util.test.junit.TclTests" name="[32] /home/travis/build/icyphy/ptII/ptolemy/actor/lib/test/Test.tcl (RunTclFile)" time="0.093" />
  <testcase classname="ptolemy.util.test.junit.TclTests" name="[33] /home/travis/build/icyphy/ptII/ptolemy/actor/lib/test/TestExceptionHandler.tcl (RunTclFile)" time="0.011" />
  <testcase classname="ptolemy.util.test.junit.TclTests" name="[34] /home/travis/build/icyphy/ptII/ptolemy/actor/lib/test/UnionDisassembler.tcl (RunTclFile)" time="0.041" />
  <testcase classname="ptolemy.util.test.junit.TclTests" name="[35] /home/travis/build/icyphy/ptII/ptolemy/actor/lib/test/VariableClock.tcl (RunTclFile)" time="0.013" />
  <testcase classname="ptolemy.util.test.junit.AutoKnownFailedTests" name="[0] /home/travis/build/icyphy/ptII/ptolemy/actor/lib/test/auto/knownFailedTests/PublisherPortToplevelSubscriber.xml (RunModel)" time="0.016" />
  <testcase classname="ptolemy.util.test.junit.AutoKnownFailedTests" name="[1] /home/travis/build/icyphy/ptII/ptolemy/actor/lib/test/auto/knownFailedTests/PublisherSubscriberPortToplevel.xml (RunModel)" time="0.024" />
  <testcase classname="ptolemy.util.test.junit.AutoKnownFailedTests" name="[2] /home/travis/build/icyphy/ptII/ptolemy/actor/lib/test/auto/knownFailedTests/PublisherSubscriptionAggregatorPort.xml (RunModel)" time="0.017" />
  <testcase classname="ptolemy.util.test.junit.AutoKnownFailedTests" name="[3] /home/travis/build/icyphy/ptII/ptolemy/actor/lib/test/auto/knownFailedTests/sizedarray3.xml (RunModel)" time="0.014" />
  <testcase classname="ptolemy.util.test.junit.AutoNameArchTests" name="[0] ThereAreNoAutoArchTests (RunModel)" time="0.0" />
  <testcase classname="ptolemy.util.test.junit.AutoTests" name="[0] /home/travis/build/icyphy/ptII/ptolemy/actor/lib/test/auto/AbsoluteValue.xml (RunModel)" time="0.101" />
  <testcase classname="ptolemy.util.test.junit.AutoTests" name="[1] /home/travis/build/icyphy/ptII/ptolemy/actor/lib/test/auto/AbsoluteValue2.xml (RunModel)" time="0.076" />
  <testcase classname="ptolemy.util.test.junit.AutoTests" name="[2] /home/travis/build/icyphy/ptII/ptolemy/actor/lib/test/auto/Accumulator.xml (RunModel)" time="0.032" />
  <testcase classname="ptolemy.util.test.junit.AutoTests" name="[3] /home/travis/build/icyphy/ptII/ptolemy/actor/lib/test/auto/Accumulator2.xml (RunModel)" time="0.054" />
  <testcase classname="ptolemy.util.test.junit.AutoTests" name="[4] /home/travis/build/icyphy/ptII/ptolemy/actor/lib/test/auto/Accumulator3.xml (RunModel)" time="0.034" />
  <testcase classname="ptolemy.util.test.junit.AutoTests" name="[5] /home/travis/build/icyphy/ptII/ptolemy/actor/lib/test/auto/ArrayAppend.xml (RunModel)" time="0.041" />
  <testcase classname="ptolemy.util.test.junit.AutoTests" name="[6] /home/travis/build/icyphy/ptII/ptolemy/actor/lib/test/auto/ArrayAppend2.xml (RunModel)" time="0.515" />
  <testcase classname="ptolemy.util.test.junit.AutoTests" name="[7] /home/travis/build/icyphy/ptII/ptolemy/actor/lib/test/auto/ArrayAppend3.xml (RunModel)" time="0.023" />
  <testcase classname="ptolemy.util.test.junit.AutoTests" name="[8] /home/travis/build/icyphy/ptII/ptolemy/actor/lib/test/auto/ArrayAppend4.xml (RunModel)" time="0.024" />
  <testcase classname="ptolemy.util.test.junit.AutoTests" name="[9] /home/travis/build/icyphy/ptII/ptolemy/actor/lib/test/auto/ArrayAppend5.xml (RunModel)" time="0.027" />
  <testcase classname="ptolemy.util.test.junit.AutoTests" name="[10] /home/travis/build/icyphy/ptII/ptolemy/actor/lib/test/auto/ArrayAppend6.xml (RunModel)" time="0.023" />
  <testcase classname="ptolemy.util.test.junit.AutoTests" name="[11] /home/travis/build/icyphy/ptII/ptolemy/actor/lib/test/auto/ArrayAppendPerformanceTest.xml (RunModel)" time="0.052" />
  <testcase classname="ptolemy.util.test.junit.AutoTests" name="[12] /home/travis/build/icyphy/ptII/ptolemy/actor/lib/test/auto/ArrayAppendWithEmptyInput.xml (RunModel)" time="0.059" />
  <testcase classname="ptolemy.util.test.junit.AutoTests" name="[13] /home/travis/build/icyphy/ptII/ptolemy/actor/lib/test/auto/ArrayAverage.xml (RunModel)" time="0.074" />
  <testcase classname="ptolemy.util.test.junit.AutoTests" name="[14] /home/travis/build/icyphy/ptII/ptolemy/actor/lib/test/auto/ArrayContains.xml (RunModel)" time="0.083" />
  <testcase classname="ptolemy.util.test.junit.AutoTests" name="[15] /home/travis/build/icyphy/ptII/ptolemy/actor/lib/test/auto/ArrayElement.xml (RunModel)" time="0.027" />
  <testcase classname="ptolemy.util.test.junit.AutoTests" name="[16] /home/travis/build/icyphy/ptII/ptolemy/actor/lib/test/auto/ArrayElementAsMatrix.xml (RunModel)" time="0.06" />
  <testcase classname="ptolemy.util.test.junit.AutoTests" name="[17] /home/travis/build/icyphy/ptII/ptolemy/actor/lib/test/auto/ArrayElementI.xml (RunModel)" time="0.037" />
  <testcase classname="ptolemy.util.test.junit.AutoTests" name="[18] /home/travis/build/icyphy/ptII/ptolemy/actor/lib/test/auto/ArrayExtract.xml (RunModel)" time="0.025" />
  <testcase classname="ptolemy.util.test.junit.AutoTests" name="[19] /home/travis/build/icyphy/ptII/ptolemy/actor/lib/test/auto/ArrayExtract2.xml (RunModel)" time="0.014" />
  <testcase classname="ptolemy.util.test.junit.AutoTests" name="[20] /home/travis/build/icyphy/ptII/ptolemy/actor/lib/test/auto/ArrayLength.xml (RunModel)" time="0.03" />
  <testcase classname="ptolemy.util.test.junit.AutoTests" name="[21] /home/travis/build/icyphy/ptII/ptolemy/actor/lib/test/auto/ArrayLevelCrossing.xml (RunModel)" time="0.026" />
  <testcase classname="ptolemy.util.test.junit.AutoTests" name="[22] /home/travis/build/icyphy/ptII/ptolemy/actor/lib/test/auto/ArrayLevelCrossing2.xml (RunModel)" time="0.024" />
  <testcase classname="ptolemy.util.test.junit.AutoTests" name="[23] /home/travis/build/icyphy/ptII/ptolemy/actor/lib/test/auto/ArrayPeakSearch.xml (RunModel)" time="0.032" />
  <testcase classname="ptolemy.util.test.junit.AutoTests" name="[24] /home/travis/build/icyphy/ptII/ptolemy/actor/lib/test/auto/ArrayPeakSearch2.xml (RunModel)" time="0.037" />
  <testcase classname="ptolemy.util.test.junit.AutoTests" name="[25] /home/travis/build/icyphy/ptII/ptolemy/actor/lib/test/auto/ArrayPeakSearch3.xml (RunModel)" time="0.03" />
  <testcase classname="ptolemy.util.test.junit.AutoTests" name="[26] /home/travis/build/icyphy/ptII/ptolemy/actor/lib/test/auto/ArrayRemoveElement.xml (RunModel)" time="0.026" />
  <testcase classname="ptolemy.util.test.junit.AutoTests" name="[27] /home/travis/build/icyphy/ptII/ptolemy/actor/lib/test/auto/ArraySort.xml (RunModel)" time="0.029" />
  <testcase classname="ptolemy.util.test.junit.AutoTests" name="[28] /home/travis/build/icyphy/ptII/ptolemy/actor/lib/test/auto/ArraySum.xml (RunModel)" time="0.018" />
  <testcase classname="ptolemy.util.test.junit.AutoTests" name="[29] /home/travis/build/icyphy/ptII/ptolemy/actor/lib/test/auto/ArrayToElements.xml (RunModel)" time="0.019" />
  <testcase classname="ptolemy.util.test.junit.AutoTests" name="[30] /home/travis/build/icyphy/ptII/ptolemy/actor/lib/test/auto/ArrayToMatrix.xml (RunModel)" time="0.05" />
  <testcase classname="ptolemy.util.test.junit.AutoTests" name="[31] /home/travis/build/icyphy/ptII/ptolemy/actor/lib/test/auto/ArrayUpdate1.xml (RunModel)" time="0.016" />
  <testcase classname="ptolemy.util.test.junit.AutoTests" name="[32] /home/travis/build/icyphy/ptII/ptolemy/actor/lib/test/auto/ArrayUpdate2.xml (RunModel)" time="0.018" />
  <testcase classname="ptolemy.util.test.junit.AutoTests" name="[33] /home/travis/build/icyphy/ptII/ptolemy/actor/lib/test/auto/ArrayUpdate3.xml (RunModel)" time="0.017" />
  <testcase classname="ptolemy.util.test.junit.AutoTests" name="[34] /home/travis/build/icyphy/ptII/ptolemy/actor/lib/test/auto/Assert1.xml (RunModel)" time="0.018" />
  <testcase classname="ptolemy.util.test.junit.AutoTests" name="[35] /home/travis/build/icyphy/ptII/ptolemy/actor/lib/test/auto/Assert2.xml (RunModel)" time="0.016" />
  <testcase classname="ptolemy.util.test.junit.AutoTests" name="[36] /home/travis/build/icyphy/ptII/ptolemy/actor/lib/test/auto/BooleanMultiplexor.xml (RunModel)" time="0.019" />
  <testcase classname="ptolemy.util.test.junit.AutoTests" name="[37] /home/travis/build/icyphy/ptII/ptolemy/actor/lib/test/auto/BooleanMultiplexor2.xml (RunModel)" time="0.026" />
  <testcase classname="ptolemy.util.test.junit.AutoTests" name="[38] /home/travis/build/icyphy/ptII/ptolemy/actor/lib/test/auto/BooleanMultiplexor3.xml (RunModel)" time="0.011" />
  <testcase classname="ptolemy.util.test.junit.AutoTests" name="[39] /home/travis/build/icyphy/ptII/ptolemy/actor/lib/test/auto/BooleanSelect.xml (RunModel)" time="0.016" />
  <testcase classname="ptolemy.util.test.junit.AutoTests" name="[40] /home/travis/build/icyphy/ptII/ptolemy/actor/lib/test/auto/BooleanSelect2.xml (RunModel)" time="0.013" />
  <testcase classname="ptolemy.util.test.junit.AutoTests" name="[41] /home/travis/build/icyphy/ptII/ptolemy/actor/lib/test/auto/BooleanSwitch.xml (RunModel)" time="0.018" />
  <testcase classname="ptolemy.util.test.junit.AutoTests" name="[42] /home/travis/build/icyphy/ptII/ptolemy/actor/lib/test/auto/BooleanSwitch2.xml (RunModel)" time="0.013" />
  <testcase classname="ptolemy.util.test.junit.AutoTests" name="[43] /home/travis/build/icyphy/ptII/ptolemy/actor/lib/test/auto/BooleanSwitchCloningBugWithClassRelationGroup.xml (RunModel)" time="0.024" />
  <testcase classname="ptolemy.util.test.junit.AutoTests" name="[44] /home/travis/build/icyphy/ptII/ptolemy/actor/lib/test/auto/BusActors.xml (RunModel)" time="0.028" />
  <testcase classname="ptolemy.util.test.junit.AutoTests" name="[45] /home/travis/build/icyphy/ptII/ptolemy/actor/lib/test/auto/ClassWrapper.xml (RunModel)" time="0.011" />
  <testcase classname="ptolemy.util.test.junit.AutoTests" name="[46] /home/travis/build/icyphy/ptII/ptolemy/actor/lib/test/auto/Clock.xml (RunModel)" time="0.009" />
  <testcase classname="ptolemy.util.test.junit.AutoTests" name="[47] /home/travis/build/icyphy/ptII/ptolemy/actor/lib/test/auto/Clock10.xml (RunModel)" time="0.016" />
  <testcase classname="ptolemy.util.test.junit.AutoTests" name="[48] /home/travis/build/icyphy/ptII/ptolemy/actor/lib/test/auto/Clock11.xml (RunModel)" time="0.014" />
  <testcase classname="ptolemy.util.test.junit.AutoTests" name="[49] /home/travis/build/icyphy/ptII/ptolemy/actor/lib/test/auto/Clock12.xml (RunModel)" time="0.033" />
  <testcase classname="ptolemy.util.test.junit.AutoTests" name="[50] /home/travis/build/icyphy/ptII/ptolemy/actor/lib/test/auto/Clock13.xml (RunModel)" time="0.022" />
  <testcase classname="ptolemy.util.test.junit.AutoTests" name="[51] /home/travis/build/icyphy/ptII/ptolemy/actor/lib/test/auto/Clock14.xml (RunModel)" time="0.028" />
  <testcase classname="ptolemy.util.test.junit.AutoTests" name="[52] /home/travis/build/icyphy/ptII/ptolemy/actor/lib/test/auto/Clock15.xml (RunModel)" time="0.02" />
  <testcase classname="ptolemy.util.test.junit.AutoTests" name="[53] /home/travis/build/icyphy/ptII/ptolemy/actor/lib/test/auto/Clock16.xml (RunModel)" time="0.085" />
  <testcase classname="ptolemy.util.test.junit.AutoTests" name="[54] /home/travis/build/icyphy/ptII/ptolemy/actor/lib/test/auto/Clock17.xml (RunModel)" time="0.063" />
  <testcase classname="ptolemy.util.test.junit.AutoTests" name="[55] /home/travis/build/icyphy/ptII/ptolemy/actor/lib/test/auto/Clock18.xml (RunModel)" time="0.09" />
  <testcase classname="ptolemy.util.test.junit.AutoTests" name="[56] /home/travis/build/icyphy/ptII/ptolemy/actor/lib/test/auto/Clock19.xml (RunModel)" time="0.039" />
  <testcase classname="ptolemy.util.test.junit.AutoTests" name="[57] /home/travis/build/icyphy/ptII/ptolemy/actor/lib/test/auto/Clock2.xml (RunModel)" time="0.013" />
  <testcase classname="ptolemy.util.test.junit.AutoTests" name="[58] /home/travis/build/icyphy/ptII/ptolemy/actor/lib/test/auto/Clock20.xml (RunModel)" time="0.016" />
  <testcase classname="ptolemy.util.test.junit.AutoTests" name="[59] /home/travis/build/icyphy/ptII/ptolemy/actor/lib/test/auto/Clock21.xml (RunModel)" time="0.013" />
  <testcase classname="ptolemy.util.test.junit.AutoTests" name="[60] /home/travis/build/icyphy/ptII/ptolemy/actor/lib/test/auto/Clock22.xml (RunModel)" time="0.015" />
  <testcase classname="ptolemy.util.test.junit.AutoTests" name="[61] /home/travis/build/icyphy/ptII/ptolemy/actor/lib/test/auto/Clock23.xml (RunModel)" time="0.017" />
  <testcase classname="ptolemy.util.test.junit.AutoTests" name="[62] /home/travis/build/icyphy/ptII/ptolemy/actor/lib/test/auto/Clock24.xml (RunModel)" time="0.019" />
  <testcase classname="ptolemy.util.test.junit.AutoTests" name="[63] /home/travis/build/icyphy/ptII/ptolemy/actor/lib/test/auto/Clock4.xml (RunModel)" time="0.01" />
  <testcase classname="ptolemy.util.test.junit.AutoTests" name="[64] /home/travis/build/icyphy/ptII/ptolemy/actor/lib/test/auto/Clock5.xml (RunModel)" time="0.011" />
  <testcase classname="ptolemy.util.test.junit.AutoTests" name="[65] /home/travis/build/icyphy/ptII/ptolemy/actor/lib/test/auto/Clock6.xml (RunModel)" time="0.012" />
  <testcase classname="ptolemy.util.test.junit.AutoTests" name="[66] /home/travis/build/icyphy/ptII/ptolemy/actor/lib/test/auto/Clock7.xml (RunModel)" time="0.01" />
  <testcase classname="ptolemy.util.test.junit.AutoTests" name="[67] /home/travis/build/icyphy/ptII/ptolemy/actor/lib/test/auto/Clock8.xml (RunModel)" time="0.013" />
  <testcase classname="ptolemy.util.test.junit.AutoTests" name="[68] /home/travis/build/icyphy/ptII/ptolemy/actor/lib/test/auto/Clock9.xml (RunModel)" time="0.017" />
  <testcase classname="ptolemy.util.test.junit.AutoTests" name="[69] /home/travis/build/icyphy/ptII/ptolemy/actor/lib/test/auto/CommDistDiscard.xml (RunModel)" time="0.021" />
  <testcase classname="ptolemy.util.test.junit.AutoTests" name="[70] /home/travis/build/icyphy/ptII/ptolemy/actor/lib/test/auto/Commutator.xml (RunModel)" time="0.012" />
  <testcase classname="ptolemy.util.test.junit.AutoTests" name="[71] /home/travis/build/icyphy/ptII/ptolemy/actor/lib/test/auto/Commutator2.xml (RunModel)" time="0.012" />
  <testcase classname="ptolemy.util.test.junit.AutoTests" name="[72] /home/travis/build/icyphy/ptII/ptolemy/actor/lib/test/auto/Commutator3.xml (RunModel)" time="0.011" />
  <testcase classname="ptolemy.util.test.junit.AutoTests" name="[73] /home/travis/build/icyphy/ptII/ptolemy/actor/lib/test/auto/Compare.xml (RunModel)" time="0.019" />
  <testcase classname="ptolemy.util.test.junit.AutoTests" name="[74] /home/travis/build/icyphy/ptII/ptolemy/actor/lib/test/auto/CompareDE.xml (RunModel)" time="0.016" />
  <testcase classname="ptolemy.util.test.junit.AutoTests" name="[75] /home/travis/build/icyphy/ptII/ptolemy/actor/lib/test/auto/ComplexDivide.xml (RunModel)" time="0.009" />
  <testcase classname="ptolemy.util.test.junit.AutoTests" name="[76] /home/travis/build/icyphy/ptII/ptolemy/actor/lib/test/auto/ComputeHistogram.xml (RunModel)" time="0.065" />
  <testcase classname="ptolemy.util.test.junit.AutoTests" name="[77] /home/travis/build/icyphy/ptII/ptolemy/actor/lib/test/auto/ConfigurationSelect.xml (RunModel)" time="0.016" />
  <testcase classname="ptolemy.util.test.junit.AutoTests" name="[78] /home/travis/build/icyphy/ptII/ptolemy/actor/lib/test/auto/ConfigurationSelect2.xml (RunModel)" time="0.011" />
  <testcase classname="ptolemy.util.test.junit.AutoTests" name="[79] /home/travis/build/icyphy/ptII/ptolemy/actor/lib/test/auto/ConfigurationSwitch.xml (RunModel)" time="0.025" />
  <testcase classname="ptolemy.util.test.junit.AutoTests" name="[80] /home/travis/build/icyphy/ptII/ptolemy/actor/lib/test/auto/ConfigurationSwitch2.xml (RunModel)" time="0.021" />
  <testcase classname="ptolemy.util.test.junit.AutoTests" name="[81] /home/travis/build/icyphy/ptII/ptolemy/actor/lib/test/auto/ConfigurationSwitchCloningBugWithClassRelationGroup.xml (RunModel)" time="0.02" />
  <testcase classname="ptolemy.util.test.junit.AutoTests" name="[82] /home/travis/build/icyphy/ptII/ptolemy/actor/lib/test/auto/ConfigurationSwitchSelectSDF.xml (RunModel)" time="0.015" />
  <testcase classname="ptolemy.util.test.junit.AutoTests" name="[83] /home/travis/build/icyphy/ptII/ptolemy/actor/lib/test/auto/ConfigurationSwitchSelectSDF2.xml (RunModel)" time="0.011" />
  <testcase classname="ptolemy.util.test.junit.AutoTests" name="[84] /home/travis/build/icyphy/ptII/ptolemy/actor/lib/test/auto/Const.xml (RunModel)" time="0.006" />
  <testcase classname="ptolemy.util.test.junit.AutoTests" name="[85] /home/travis/build/icyphy/ptII/ptolemy/actor/lib/test/auto/Const2.xml (RunModel)" time="0.01" />
  <testcase classname="ptolemy.util.test.junit.AutoTests" name="[86] /home/travis/build/icyphy/ptII/ptolemy/actor/lib/test/auto/Const3.xml (RunModel)" time="0.006" />
  <testcase classname="ptolemy.util.test.junit.AutoTests" name="[87] /home/travis/build/icyphy/ptII/ptolemy/actor/lib/test/auto/ConstantPublisherPort1.xml (RunModel)" time="0.021" />
  <testcase classname="ptolemy.util.test.junit.AutoTests" name="[88] /home/travis/build/icyphy/ptII/ptolemy/actor/lib/test/auto/ConstantPublisherPort2.xml (RunModel)" time="0.023" />
  <testcase classname="ptolemy.util.test.junit.AutoTests" name="[89] /home/travis/build/icyphy/ptII/ptolemy/actor/lib/test/auto/ConstantPublisherPort3.xml (RunModel)" time="0.018" />
  <testcase classname="ptolemy.util.test.junit.AutoTests" name="[90] /home/travis/build/icyphy/ptII/ptolemy/actor/lib/test/auto/ConstantPublisherPort4.xml (RunModel)" time="0.016" />
  <testcase classname="ptolemy.util.test.junit.AutoTests" name="[91] /home/travis/build/icyphy/ptII/ptolemy/actor/lib/test/auto/ConstantPublisherPort5.xml (RunModel)" time="0.039" />
  <testcase classname="ptolemy.util.test.junit.AutoTests" name="[92] /home/travis/build/icyphy/ptII/ptolemy/actor/lib/test/auto/ConstantPublisherPort6.xml (RunModel)" time="0.03" />
  <testcase classname="ptolemy.util.test.junit.AutoTests" name="[93] /home/travis/build/icyphy/ptII/ptolemy/actor/lib/test/auto/ConstantPublisherPort7.xml (RunModel)" time="0.036" />
  <testcase classname="ptolemy.util.test.junit.AutoTests" name="[94] /home/travis/build/icyphy/ptII/ptolemy/actor/lib/test/auto/ConstraintMonitor1.xml (RunModel)" time="0.038" />
  <testcase classname="ptolemy.util.test.junit.AutoTests" name="[95] /home/travis/build/icyphy/ptII/ptolemy/actor/lib/test/auto/ConstraintMonitor2.xml (RunModel)" time="0.019" />
  <testcase classname="ptolemy.util.test.junit.AutoTests" name="[96] /home/travis/build/icyphy/ptII/ptolemy/actor/lib/test/auto/ConstraintMonitor3.xml (RunModel)" time="0.016" />
  <testcase classname="ptolemy.util.test.junit.AutoTests" name="[97] /home/travis/build/icyphy/ptII/ptolemy/actor/lib/test/auto/ConstraintMonitor4.xml (RunModel)" time="0.012" />
  <testcase classname="ptolemy.util.test.junit.AutoTests" name="[98] /home/travis/build/icyphy/ptII/ptolemy/actor/lib/test/auto/ConstraintMonitor5.xml (RunModel)" time="0.015" />
  <testcase classname="ptolemy.util.test.junit.AutoTests" name="[99] /home/travis/build/icyphy/ptII/ptolemy/actor/lib/test/auto/ConstraintMonitor6.xml (RunModel)" time="0.012" />
  <testcase classname="ptolemy.util.test.junit.AutoTests" name="[100] /home/travis/build/icyphy/ptII/ptolemy/actor/lib/test/auto/ConstraintMonitor7.xml (RunModel)" time="0.023" />
  <testcase classname="ptolemy.util.test.junit.AutoTests" name="[101] /home/travis/build/icyphy/ptII/ptolemy/actor/lib/test/auto/ConstraintMonitor8.xml (RunModel)" time="0.018" />
  <testcase classname="ptolemy.util.test.junit.AutoTests" name="[102] /home/travis/build/icyphy/ptII/ptolemy/actor/lib/test/auto/Counter.xml (RunModel)" time="0.013" />
  <testcase classname="ptolemy.util.test.junit.AutoTests" name="[103] /home/travis/build/icyphy/ptII/ptolemy/actor/lib/test/auto/CurrentTimeSDF.xml (RunModel)" time="0.01" />
  <testcase classname="ptolemy.util.test.junit.AutoTests" name="[104] /home/travis/build/icyphy/ptII/ptolemy/actor/lib/test/auto/DB.xml (RunModel)" time="0.012" />
  <testcase classname="ptolemy.util.test.junit.AutoTests" name="[105] /home/travis/build/icyphy/ptII/ptolemy/actor/lib/test/auto/DBDE.xml (RunModel)" time="0.013" />
  <testcase classname="ptolemy.util.test.junit.AutoTests" name="[106] /home/travis/build/icyphy/ptII/ptolemy/actor/lib/test/auto/DateConstructor.xml (RunModel)" time="0.054" />
  <testcase classname="ptolemy.util.test.junit.AutoTests" name="[107] /home/travis/build/icyphy/ptII/ptolemy/actor/lib/test/auto/DelayTime.xml (RunModel)" time="0.016" />
  <testcase classname="ptolemy.util.test.junit.AutoTests" name="[108] /home/travis/build/icyphy/ptII/ptolemy/actor/lib/test/auto/Dictionary1.xml (RunModel)" time="0.016" />
  <testcase classname="ptolemy.util.test.junit.AutoTests" name="[109] /home/travis/build/icyphy/ptII/ptolemy/actor/lib/test/auto/Dictionary2.xml (RunModel)" time="0.026" />
  <testcase classname="ptolemy.util.test.junit.AutoTests" name="[110] /home/travis/build/icyphy/ptII/ptolemy/actor/lib/test/auto/Dictionary3.xml (RunModel)" time="0.012" />
  <testcase classname="ptolemy.util.test.junit.AutoTests" name="[111] /home/travis/build/icyphy/ptII/ptolemy/actor/lib/test/auto/Dictionary4.xml (RunModel)" time="0.016" />
  <testcase classname="ptolemy.util.test.junit.AutoTests" name="[112] /home/travis/build/icyphy/ptII/ptolemy/actor/lib/test/auto/Differential.xml (RunModel)" time="0.011" />
  <testcase classname="ptolemy.util.test.junit.AutoTests" name="[113] /home/travis/build/icyphy/ptII/ptolemy/actor/lib/test/auto/Director.xml (RunModel)" time="0.009" />
  <testcase classname="ptolemy.util.test.junit.AutoTests" name="[114] /home/travis/build/icyphy/ptII/ptolemy/actor/lib/test/auto/DiscreteClock.xml (RunModel)" time="0.008" />
  <testcase classname="ptolemy.util.test.junit.AutoTests" name="[115] /home/travis/build/icyphy/ptII/ptolemy/actor/lib/test/auto/DiscreteClock10.xml (RunModel)" time="0.012" />
  <testcase classname="ptolemy.util.test.junit.AutoTests" name="[116] /home/travis/build/icyphy/ptII/ptolemy/actor/lib/test/auto/DiscreteClock11.xml (RunModel)" time="0.012" />
  <testcase classname="ptolemy.util.test.junit.AutoTests" name="[117] /home/travis/build/icyphy/ptII/ptolemy/actor/lib/test/auto/DiscreteClock12.xml (RunModel)" time="0.011" />
  <testcase classname="ptolemy.util.test.junit.AutoTests" name="[118] /home/travis/build/icyphy/ptII/ptolemy/actor/lib/test/auto/DiscreteClock13.xml (RunModel)" time="0.016" />
  <testcase classname="ptolemy.util.test.junit.AutoTests" name="[119] /home/travis/build/icyphy/ptII/ptolemy/actor/lib/test/auto/DiscreteClock14.xml (RunModel)" time="0.016" />
  <testcase classname="ptolemy.util.test.junit.AutoTests" name="[120] /home/travis/build/icyphy/ptII/ptolemy/actor/lib/test/auto/DiscreteClock15.xml (RunModel)" time="0.017" />
  <testcase classname="ptolemy.util.test.junit.AutoTests" name="[121] /home/travis/build/icyphy/ptII/ptolemy/actor/lib/test/auto/DiscreteClock16.xml (RunModel)" time="0.586" />
  <testcase classname="ptolemy.util.test.junit.AutoTests" name="[122] /home/travis/build/icyphy/ptII/ptolemy/actor/lib/test/auto/DiscreteClock17.xml (RunModel)" time="0.046" />
  <testcase classname="ptolemy.util.test.junit.AutoTests" name="[123] /home/travis/build/icyphy/ptII/ptolemy/actor/lib/test/auto/DiscreteClock18.xml (RunModel)" time="0.049" />
  <testcase classname="ptolemy.util.test.junit.AutoTests" name="[124] /home/travis/build/icyphy/ptII/ptolemy/actor/lib/test/auto/DiscreteClock19.xml (RunModel)" time="0.048" />
  <testcase classname="ptolemy.util.test.junit.AutoTests" name="[125] /home/travis/build/icyphy/ptII/ptolemy/actor/lib/test/auto/DiscreteClock2.xml (RunModel)" time="0.014" />
  <testcase classname="ptolemy.util.test.junit.AutoTests" name="[126] /home/travis/build/icyphy/ptII/ptolemy/actor/lib/test/auto/DiscreteClock20.xml (RunModel)" time="0.024" />
  <testcase classname="ptolemy.util.test.junit.AutoTests" name="[127] /home/travis/build/icyphy/ptII/ptolemy/actor/lib/test/auto/DiscreteClock21.xml (RunModel)" time="0.02" />
  <testcase classname="ptolemy.util.test.junit.AutoTests" name="[128] /home/travis/build/icyphy/ptII/ptolemy/actor/lib/test/auto/DiscreteClock22.xml (RunModel)" time="0.013" />
  <testcase classname="ptolemy.util.test.junit.AutoTests" name="[129] /home/travis/build/icyphy/ptII/ptolemy/actor/lib/test/auto/DiscreteClock23.xml (RunModel)" time="0.016" />
  <testcase classname="ptolemy.util.test.junit.AutoTests" name="[130] /home/travis/build/icyphy/ptII/ptolemy/actor/lib/test/auto/DiscreteClock24.xml (RunModel)" time="0.012" />
  <testcase classname="ptolemy.util.test.junit.AutoTests" name="[131] /home/travis/build/icyphy/ptII/ptolemy/actor/lib/test/auto/DiscreteClock4.xml (RunModel)" time="0.011" />
  <testcase classname="ptolemy.util.test.junit.AutoTests" name="[132] /home/travis/build/icyphy/ptII/ptolemy/actor/lib/test/auto/DiscreteClock5.xml (RunModel)" time="0.011" />
  <testcase classname="ptolemy.util.test.junit.AutoTests" name="[133] /home/travis/build/icyphy/ptII/ptolemy/actor/lib/test/auto/DiscreteClock6.xml (RunModel)" time="0.008" />
  <testcase classname="ptolemy.util.test.junit.AutoTests" name="[134] /home/travis/build/icyphy/ptII/ptolemy/actor/lib/test/auto/DiscreteClock7.xml (RunModel)" time="0.009" />
  <testcase classname="ptolemy.util.test.junit.AutoTests" name="[135] /home/travis/build/icyphy/ptII/ptolemy/actor/lib/test/auto/DiscreteClock8.xml (RunModel)" time="0.01" />
  <testcase classname="ptolemy.util.test.junit.AutoTests" name="[136] /home/travis/build/icyphy/ptII/ptolemy/actor/lib/test/auto/DiscreteClock9.xml (RunModel)" time="0.015" />
  <testcase classname="ptolemy.util.test.junit.AutoTests" name="[137] /home/travis/build/icyphy/ptII/ptolemy/actor/lib/test/auto/DisplayArray.xml (RunModel)" time="0.022" />
  <testcase classname="ptolemy.util.test.junit.AutoTests" name="[138] /home/travis/build/icyphy/ptII/ptolemy/actor/lib/test/auto/Distributor.xml (RunModel)" time="0.01" />
  <testcase classname="ptolemy.util.test.junit.AutoTests" name="[139] /home/travis/build/icyphy/ptII/ptolemy/actor/lib/test/auto/Distributor2.xml (RunModel)" time="0.01" />
  <testcase classname="ptolemy.util.test.junit.AutoTests" name="[140] /home/travis/build/icyphy/ptII/ptolemy/actor/lib/test/auto/DownSample.xml (RunModel)" time="0.009" />
  <testcase classname="ptolemy.util.test.junit.AutoTests" name="[141] /home/travis/build/icyphy/ptII/ptolemy/actor/lib/test/auto/ElectronicUnitBase1.xml (RunModel)" time="0.058" />
  <testcase classname="ptolemy.util.test.junit.AutoTests" name="[142] /home/travis/build/icyphy/ptII/ptolemy/actor/lib/test/auto/ElementsToArray.xml (RunModel)" time="0.01" />
  <testcase classname="ptolemy.util.test.junit.AutoTests" name="[143] /home/travis/build/icyphy/ptII/ptolemy/actor/lib/test/auto/Equals.xml (RunModel)" time="0.013" />
  <testcase classname="ptolemy.util.test.junit.AutoTests" name="[144] /home/travis/build/icyphy/ptII/ptolemy/actor/lib/test/auto/Exec.xml (RunModel)" time="0.018" />
  <testcase classname="ptolemy.util.test.junit.AutoTests" name="[145] /home/travis/build/icyphy/ptII/ptolemy/actor/lib/test/auto/ExecEnvironment.xml (RunModel)" time="0.032" />
  <testcase classname="ptolemy.util.test.junit.AutoTests" name="[146] /home/travis/build/icyphy/ptII/ptolemy/actor/lib/test/auto/ExecNonZeroReturnOutput.xml (RunModel)" time="0.128" />
  <testcase classname="ptolemy.util.test.junit.AutoTests" name="[147] /home/travis/build/icyphy/ptII/ptolemy/actor/lib/test/auto/ExecRunDemos.xml (RunModel)" time="9.723" />
  <testcase classname="ptolemy.util.test.junit.AutoTests" name="[148] /home/travis/build/icyphy/ptII/ptolemy/actor/lib/test/auto/ExecStop.xml (RunModel)" time="5.026" />
  <testcase classname="ptolemy.util.test.junit.AutoTests" name="[149] /home/travis/build/icyphy/ptII/ptolemy/actor/lib/test/auto/ExecutionTimePN.xml (RunModel)" time="2.036" />
  <testcase classname="ptolemy.util.test.junit.AutoTests" name="[150] /home/travis/build/icyphy/ptII/ptolemy/actor/lib/test/auto/ExecutionTimeSDF.xml (RunModel)" time="6.032" />
  <testcase classname="ptolemy.util.test.junit.AutoTests" name="[151] /home/travis/build/icyphy/ptII/ptolemy/actor/lib/test/auto/Expression1.xml (RunModel)" time="0.015" />
  <testcase classname="ptolemy.util.test.junit.AutoTests" name="[152] /home/travis/build/icyphy/ptII/ptolemy/actor/lib/test/auto/Expression10.xml (RunModel)" time="0.015" />
  <testcase classname="ptolemy.util.test.junit.AutoTests" name="[153] /home/travis/build/icyphy/ptII/ptolemy/actor/lib/test/auto/Expression11.xml (RunModel)" time="0.014" />
  <testcase classname="ptolemy.util.test.junit.AutoTests" name="[154] /home/travis/build/icyphy/ptII/ptolemy/actor/lib/test/auto/Expression12.xml (RunModel)" time="0.016" />
  <testcase classname="ptolemy.util.test.junit.AutoTests" name="[155] /home/travis/build/icyphy/ptII/ptolemy/actor/lib/test/auto/Expression13.xml (RunModel)" time="0.029" />
  <testcase classname="ptolemy.util.test.junit.AutoTests" name="[156] /home/travis/build/icyphy/ptII/ptolemy/actor/lib/test/auto/Expression14.xml (RunModel)" time="0.017" />
  <testcase classname="ptolemy.util.test.junit.AutoTests" name="[157] /home/travis/build/icyphy/ptII/ptolemy/actor/lib/test/auto/Expression15.xml (RunModel)" time="0.008" />
  <testcase classname="ptolemy.util.test.junit.AutoTests" name="[158] /home/travis/build/icyphy/ptII/ptolemy/actor/lib/test/auto/Expression16.xml (RunModel)" time="0.012" />
  <testcase classname="ptolemy.util.test.junit.AutoTests" name="[159] /home/travis/build/icyphy/ptII/ptolemy/actor/lib/test/auto/Expression17.xml (RunModel)" time="0.011" />
  <testcase classname="ptolemy.util.test.junit.AutoTests" name="[160] /home/travis/build/icyphy/ptII/ptolemy/actor/lib/test/auto/Expression18.xml (RunModel)" time="0.014" />
  <testcase classname="ptolemy.util.test.junit.AutoTests" name="[161] /home/travis/build/icyphy/ptII/ptolemy/actor/lib/test/auto/Expression2.xml (RunModel)" time="0.011" />
  <testcase classname="ptolemy.util.test.junit.AutoTests" name="[162] /home/travis/build/icyphy/ptII/ptolemy/actor/lib/test/auto/Expression3.xml (RunModel)" time="0.011" />
  <testcase classname="ptolemy.util.test.junit.AutoTests" name="[163] /home/travis/build/icyphy/ptII/ptolemy/actor/lib/test/auto/Expression4.xml (RunModel)" time="0.019" />
  <testcase classname="ptolemy.util.test.junit.AutoTests" name="[164] /home/travis/build/icyphy/ptII/ptolemy/actor/lib/test/auto/Expression5.xml (RunModel)" time="0.013" />
  <testcase classname="ptolemy.util.test.junit.AutoTests" name="[165] /home/travis/build/icyphy/ptII/ptolemy/actor/lib/test/auto/Expression6.xml (RunModel)" time="0.011" />
  <testcase classname="ptolemy.util.test.junit.AutoTests" name="[166] /home/travis/build/icyphy/ptII/ptolemy/actor/lib/test/auto/Expression7.xml (RunModel)" time="0.013" />
  <testcase classname="ptolemy.util.test.junit.AutoTests" name="[167] /home/travis/build/icyphy/ptII/ptolemy/actor/lib/test/auto/Expression8.xml (RunModel)" time="0.013" />
  <testcase classname="ptolemy.util.test.junit.AutoTests" name="[168] /home/travis/build/icyphy/ptII/ptolemy/actor/lib/test/auto/Expression9.xml (RunModel)" time="0.01" />
  <testcase classname="ptolemy.util.test.junit.AutoTests" name="[169] /home/travis/build/icyphy/ptII/ptolemy/actor/lib/test/auto/ExpressionConcatenateArrayType.xml (RunModel)" time="0.024" />
  <testcase classname="ptolemy.util.test.junit.AutoTests" name="[170] /home/travis/build/icyphy/ptII/ptolemy/actor/lib/test/auto/ExpressionConcatenateArrayType2.xml (RunModel)" time="0.016" />
  <testcase classname="ptolemy.util.test.junit.AutoTests" name="[171] /home/travis/build/icyphy/ptII/ptolemy/actor/lib/test/auto/ExpressionFix.xml (RunModel)" time="0.036" />
  <testcase classname="ptolemy.util.test.junit.AutoTests" name="[172] /home/travis/build/icyphy/ptII/ptolemy/actor/lib/test/auto/ExpressionFix2.xml (RunModel)" time="0.026" />
  <testcase classname="ptolemy.util.test.junit.AutoTests" name="[173] /home/travis/build/icyphy/ptII/ptolemy/actor/lib/test/auto/ExpressionFix3.xml (RunModel)" time="0.011" />
  <testcase classname="ptolemy.util.test.junit.AutoTests" name="[174] /home/travis/build/icyphy/ptII/ptolemy/actor/lib/test/auto/FileWriter1.xml (RunModel)" time="0.008" />
  <testcase classname="ptolemy.util.test.junit.AutoTests" name="[175] /home/travis/build/icyphy/ptII/ptolemy/actor/lib/test/auto/FileWriter2.xml (RunModel)" time="0.009" />
  <testcase classname="ptolemy.util.test.junit.AutoTests" name="[176] /home/travis/build/icyphy/ptII/ptolemy/actor/lib/test/auto/FileWriter3.xml (RunModel)" time="0.01" />
  <testcase classname="ptolemy.util.test.junit.AutoTests" name="[177] /home/travis/build/icyphy/ptII/ptolemy/actor/lib/test/auto/Gaussian.xml (RunModel)" time="0.014" />
  <testcase classname="ptolemy.util.test.junit.AutoTests" name="[178] /home/travis/build/icyphy/ptII/ptolemy/actor/lib/test/auto/Gaussian1.xml (RunModel)" time="0.012" />
  <testcase classname="ptolemy.util.test.junit.AutoTests" name="[179] /home/travis/build/icyphy/ptII/ptolemy/actor/lib/test/auto/Gaussian2.xml (RunModel)" time="0.013" />
  <testcase classname="ptolemy.util.test.junit.AutoTests" name="[180] /home/travis/build/icyphy/ptII/ptolemy/actor/lib/test/auto/GradientAdaptiveLattice.xml (RunModel)" time="0.015" />
  <testcase classname="ptolemy.util.test.junit.AutoTests" name="[181] /home/travis/build/icyphy/ptII/ptolemy/actor/lib/test/auto/IIR.xml (RunModel)" time="0.01" />
  <testcase classname="ptolemy.util.test.junit.AutoTests" name="[182] /home/travis/build/icyphy/ptII/ptolemy/actor/lib/test/auto/InputOutputTransparentPorts.xml (RunModel)" time="0.018" />
  <testcase classname="ptolemy.util.test.junit.AutoTests" name="[183] /home/travis/build/icyphy/ptII/ptolemy/actor/lib/test/auto/Interpolator.xml (RunModel)" time="0.01" />
  <testcase classname="ptolemy.util.test.junit.AutoTests" name="[184] /home/travis/build/icyphy/ptII/ptolemy/actor/lib/test/auto/InterpolatorFiringLimitDE.xml (RunModel)" time="0.012" />
  <testcase classname="ptolemy.util.test.junit.AutoTests" name="[185] /home/travis/build/icyphy/ptII/ptolemy/actor/lib/test/auto/Lattice.xml (RunModel)" time="0.008" />
  <testcase classname="ptolemy.util.test.junit.AutoTests" name="[186] /home/travis/build/icyphy/ptII/ptolemy/actor/lib/test/auto/LazyAOCTestLazy.xml (RunModel)" time="0.02" />
  <testcase classname="ptolemy.util.test.junit.AutoTests" name="[187] /home/travis/build/icyphy/ptII/ptolemy/actor/lib/test/auto/LazyAOCTestNonLazy.xml (RunModel)" time="0.015" />
  <testcase classname="ptolemy.util.test.junit.AutoTests" name="[188] /home/travis/build/icyphy/ptII/ptolemy/actor/lib/test/auto/LazyInnerClass.xml (RunModel)" time="0.018" />
  <testcase classname="ptolemy.util.test.junit.AutoTests" name="[189] /home/travis/build/icyphy/ptII/ptolemy/actor/lib/test/auto/LazyPubSub.xml (RunModel)" time="0.029" />
  <testcase classname="ptolemy.util.test.junit.AutoTests" name="[190] /home/travis/build/icyphy/ptII/ptolemy/actor/lib/test/auto/LazyPubSub2.xml (RunModel)" time="0.056" />
  <testcase classname="ptolemy.util.test.junit.AutoTests" name="[191] /home/travis/build/icyphy/ptII/ptolemy/actor/lib/test/auto/LazyPubSub3.xml (RunModel)" time="0.067" />
  <testcase classname="ptolemy.util.test.junit.AutoTests" name="[192] /home/travis/build/icyphy/ptII/ptolemy/actor/lib/test/auto/LazySubClassModel.xml (RunModel)" time="0.039" />
  <testcase classname="ptolemy.util.test.junit.AutoTests" name="[193] /home/travis/build/icyphy/ptII/ptolemy/actor/lib/test/auto/LevelCrossTest1.xml (RunModel)" time="0.011" />
  <testcase classname="ptolemy.util.test.junit.AutoTests" name="[194] /home/travis/build/icyphy/ptII/ptolemy/actor/lib/test/auto/LevelCrossTest10.xml (RunModel)" time="0.016" />
  <testcase classname="ptolemy.util.test.junit.AutoTests" name="[195] /home/travis/build/icyphy/ptII/ptolemy/actor/lib/test/auto/LevelCrossTest11.xml (RunModel)" time="0.013" />
  <testcase classname="ptolemy.util.test.junit.AutoTests" name="[196] /home/travis/build/icyphy/ptII/ptolemy/actor/lib/test/auto/LevelCrossTest12.xml (RunModel)" time="0.013" />
  <testcase classname="ptolemy.util.test.junit.AutoTests" name="[197] /home/travis/build/icyphy/ptII/ptolemy/actor/lib/test/auto/LevelCrossTest13.xml (RunModel)" time="0.014" />
  <testcase classname="ptolemy.util.test.junit.AutoTests" name="[198] /home/travis/build/icyphy/ptII/ptolemy/actor/lib/test/auto/LevelCrossTest2.xml (RunModel)" time="0.015" />
  <testcase classname="ptolemy.util.test.junit.AutoTests" name="[199] /home/travis/build/icyphy/ptII/ptolemy/actor/lib/test/auto/LevelCrossTest3.xml (RunModel)" time="0.012" />
  <testcase classname="ptolemy.util.test.junit.AutoTests" name="[200] /home/travis/build/icyphy/ptII/ptolemy/actor/lib/test/auto/LevelCrossTest4.xml (RunModel)" time="0.011" />
  <testcase classname="ptolemy.util.test.junit.AutoTests" name="[201] /home/travis/build/icyphy/ptII/ptolemy/actor/lib/test/auto/LevelCrossTest5.xml (RunModel)" time="0.012" />
  <testcase classname="ptolemy.util.test.junit.AutoTests" name="[202] /home/travis/build/icyphy/ptII/ptolemy/actor/lib/test/auto/LevelCrossTest6.xml (RunModel)" time="0.019" />
  <testcase classname="ptolemy.util.test.junit.AutoTests" name="[203] /home/travis/build/icyphy/ptII/ptolemy/actor/lib/test/auto/LevelCrossTest7.xml (RunModel)" time="0.013" />
  <testcase classname="ptolemy.util.test.junit.AutoTests" name="[204] /home/travis/build/icyphy/ptII/ptolemy/actor/lib/test/auto/LevelCrossTest8.xml (RunModel)" time="0.014" />
  <testcase classname="ptolemy.util.test.junit.AutoTests" name="[205] /home/travis/build/icyphy/ptII/ptolemy/actor/lib/test/auto/LevelCrossTest9.xml (RunModel)" time="0.015" />
  <testcase classname="ptolemy.util.test.junit.AutoTests" name="[206] /home/travis/build/icyphy/ptII/ptolemy/actor/lib/test/auto/LevinsonDurbin.xml (RunModel)" time="0.009" />
  <testcase classname="ptolemy.util.test.junit.AutoTests" name="[207] /home/travis/build/icyphy/ptII/ptolemy/actor/lib/test/auto/LevinsonDurbin2.xml (RunModel)" time="0.008" />
  <testcase classname="ptolemy.util.test.junit.AutoTests" name="[208] /home/travis/build/icyphy/ptII/ptolemy/actor/lib/test/auto/LevinsonDurbin3.xml (RunModel)" time="0.012" />
  <testcase classname="ptolemy.util.test.junit.AutoTests" name="[209] /home/travis/build/icyphy/ptII/ptolemy/actor/lib/test/auto/Limiter.xml (RunModel)" time="0.03" />
  <testcase classname="ptolemy.util.test.junit.AutoTests" name="[210] /home/travis/build/icyphy/ptII/ptolemy/actor/lib/test/auto/LinearDifferenceEquationSystem.xml (RunModel)" time="0.023" />
  <testcase classname="ptolemy.util.test.junit.AutoTests" name="[211] /home/travis/build/icyphy/ptII/ptolemy/actor/lib/test/auto/LookupTable.xml (RunModel)" time="0.009" />
  <testcase classname="ptolemy.util.test.junit.AutoTests" name="[212] /home/travis/build/icyphy/ptII/ptolemy/actor/lib/test/auto/MathFunction.xml (RunModel)" time="0.024" />
  <testcase classname="ptolemy.util.test.junit.AutoTests" name="[213] /home/travis/build/icyphy/ptII/ptolemy/actor/lib/test/auto/MathFunction2.xml (RunModel)" time="0.011" />
  <testcase classname="ptolemy.util.test.junit.AutoTests" name="[214] /home/travis/build/icyphy/ptII/ptolemy/actor/lib/test/auto/MathFunction3.xml (RunModel)" time="0.018" />
  <testcase classname="ptolemy.util.test.junit.AutoTests" name="[215] /home/travis/build/icyphy/ptII/ptolemy/actor/lib/test/auto/MatrixCropBoolean.xml (RunModel)" time="0.012" />
  <testcase classname="ptolemy.util.test.junit.AutoTests" name="[216] /home/travis/build/icyphy/ptII/ptolemy/actor/lib/test/auto/MatrixCropComplex.xml (RunModel)" time="0.009" />
  <testcase classname="ptolemy.util.test.junit.AutoTests" name="[217] /home/travis/build/icyphy/ptII/ptolemy/actor/lib/test/auto/MatrixCropDouble.xml (RunModel)" time="0.01" />
  <testcase classname="ptolemy.util.test.junit.AutoTests" name="[218] /home/travis/build/icyphy/ptII/ptolemy/actor/lib/test/auto/MatrixCropFix.xml (RunModel)" time="0.014" />
  <testcase classname="ptolemy.util.test.junit.AutoTests" name="[219] /home/travis/build/icyphy/ptII/ptolemy/actor/lib/test/auto/MatrixCropInt.xml (RunModel)" time="0.008" />
  <testcase classname="ptolemy.util.test.junit.AutoTests" name="[220] /home/travis/build/icyphy/ptII/ptolemy/actor/lib/test/auto/MatrixCropLong.xml (RunModel)" time="0.009" />
  <testcase classname="ptolemy.util.test.junit.AutoTests" name="[221] /home/travis/build/icyphy/ptII/ptolemy/actor/lib/test/auto/MatrixToArray.xml (RunModel)" time="0.057" />
  <testcase classname="ptolemy.util.test.junit.AutoTests" name="[222] /home/travis/build/icyphy/ptII/ptolemy/actor/lib/test/auto/MaxIndex.xml (RunModel)" time="0.012" />
  <testcase classname="ptolemy.util.test.junit.AutoTests" name="[223] /home/travis/build/icyphy/ptII/ptolemy/actor/lib/test/auto/Maximum.xml (RunModel)" time="0.012" />
  <testcase classname="ptolemy.util.test.junit.AutoTests" name="[224] /home/travis/build/icyphy/ptII/ptolemy/actor/lib/test/auto/MaximumComplex.xml (RunModel)" time="0.016" />
  <testcase classname="ptolemy.util.test.junit.AutoTests" name="[225] /home/travis/build/icyphy/ptII/ptolemy/actor/lib/test/auto/MethodCallTest.xml (RunModel)" time="0.024" />
  <testcase classname="ptolemy.util.test.junit.AutoTests" name="[226] /home/travis/build/icyphy/ptII/ptolemy/actor/lib/test/auto/Minimum.xml (RunModel)" time="0.016" />
  <testcase classname="ptolemy.util.test.junit.AutoTests" name="[227] /home/travis/build/icyphy/ptII/ptolemy/actor/lib/test/auto/MinimumComplex.xml (RunModel)" time="0.017" />
  <testcase classname="ptolemy.util.test.junit.AutoTests" name="[228] /home/travis/build/icyphy/ptII/ptolemy/actor/lib/test/auto/MinimumMultiports.xml (RunModel)" time="0.023" />
  <testcase classname="ptolemy.util.test.junit.AutoTests" name="[229] /home/travis/build/icyphy/ptII/ptolemy/actor/lib/test/auto/ModifyDate.xml (RunModel)" time="0.04" />
  <testcase classname="ptolemy.util.test.junit.AutoTests" name="[230] /home/travis/build/icyphy/ptII/ptolemy/actor/lib/test/auto/ModifyDate2.xml (RunModel)" time="0.035" />
  <testcase classname="ptolemy.util.test.junit.AutoTests" name="[231] /home/travis/build/icyphy/ptII/ptolemy/actor/lib/test/auto/MovingAverage.xml (RunModel)" time="0.013" />
  <testcase classname="ptolemy.util.test.junit.AutoTests" name="[232] /home/travis/build/icyphy/ptII/ptolemy/actor/lib/test/auto/MovingMaximum.xml (RunModel)" time="0.014" />
  <testcase classname="ptolemy.util.test.junit.AutoTests" name="[233] /home/travis/build/icyphy/ptII/ptolemy/actor/lib/test/auto/MultipleLinksToSameRelation.xml (RunModel)" time="0.011" />
  <testcase classname="ptolemy.util.test.junit.AutoTests" name="[234] /home/travis/build/icyphy/ptII/ptolemy/actor/lib/test/auto/MultipleLinksToSameRelationDE.xml (RunModel)" time="0.009" />
  <testcase classname="ptolemy.util.test.junit.AutoTests" name="[235] /home/travis/build/icyphy/ptII/ptolemy/actor/lib/test/auto/Multiplexor.xml (RunModel)" time="0.012" />
  <testcase classname="ptolemy.util.test.junit.AutoTests" name="[236] /home/travis/build/icyphy/ptII/ptolemy/actor/lib/test/auto/Multiplexor1.xml (RunModel)" time="0.013" />
  <testcase classname="ptolemy.util.test.junit.AutoTests" name="[237] /home/travis/build/icyphy/ptII/ptolemy/actor/lib/test/auto/Multiplexor2.xml (RunModel)" time="0.014" />
  <testcase classname="ptolemy.util.test.junit.AutoTests" name="[238] /home/travis/build/icyphy/ptII/ptolemy/actor/lib/test/auto/Multiplexor3.xml (RunModel)" time="0.01" />
  <testcase classname="ptolemy.util.test.junit.AutoTests" name="[239] /home/travis/build/icyphy/ptII/ptolemy/actor/lib/test/auto/MultiplexorDE.xml (RunModel)" time="0.018" />
  <testcase classname="ptolemy.util.test.junit.AutoTests" name="[240] /home/travis/build/icyphy/ptII/ptolemy/actor/lib/test/auto/MultiportBroadcastTest.xml (RunModel)" time="0.103" />
  <testcase classname="ptolemy.util.test.junit.AutoTests" name="[241] /home/travis/build/icyphy/ptII/ptolemy/actor/lib/test/auto/MultiportOutHangDuringGetWidth.xml (RunModel)" time="0.035" />
  <testcase classname="ptolemy.util.test.junit.AutoTests" name="[242] /home/travis/build/icyphy/ptII/ptolemy/actor/lib/test/auto/NilToken.xml (RunModel)" time="0.008" />
  <testcase classname="ptolemy.util.test.junit.AutoTests" name="[243] /home/travis/build/icyphy/ptII/ptolemy/actor/lib/test/auto/NilTokenNonStrictTest.xml (RunModel)" time="0.013" />
  <testcase classname="ptolemy.util.test.junit.AutoTests" name="[244] /home/travis/build/icyphy/ptII/ptolemy/actor/lib/test/auto/NilTokenRecord.xml (RunModel)" time="0.026" />
  <testcase classname="ptolemy.util.test.junit.AutoTests" name="[245] /home/travis/build/icyphy/ptII/ptolemy/actor/lib/test/auto/NilTokenTypeTest.xml (RunModel)" time="0.039" />
  <testcase classname="ptolemy.util.test.junit.AutoTests" name="[246] /home/travis/build/icyphy/ptII/ptolemy/actor/lib/test/auto/ObjectToken1.xml (RunModel)" time="0.011" />
  <testcase classname="ptolemy.util.test.junit.AutoTests" name="[247] /home/travis/build/icyphy/ptII/ptolemy/actor/lib/test/auto/OrderedMerge.xml (RunModel)" time="0.016" />
  <testcase classname="ptolemy.util.test.junit.AutoTests" name="[248] /home/travis/build/icyphy/ptII/ptolemy/actor/lib/test/auto/OrderedRecordDisassembler.xml (RunModel)" time="0.022" />
  <testcase classname="ptolemy.util.test.junit.AutoTests" name="[249] /home/travis/build/icyphy/ptII/ptolemy/actor/lib/test/auto/OrderedRecordDisassembler2.xml (RunModel)" time="0.027" />
  <testcase classname="ptolemy.util.test.junit.AutoTests" name="[250] /home/travis/build/icyphy/ptII/ptolemy/actor/lib/test/auto/OrderedRecordUpdater.xml (RunModel)" time="0.015" />
  <testcase classname="ptolemy.util.test.junit.AutoTests" name="[251] /home/travis/build/icyphy/ptII/ptolemy/actor/lib/test/auto/OrderedRecordUpdater2.xml (RunModel)" time="0.012" />
  <testcase classname="ptolemy.util.test.junit.AutoTests" name="[252] /home/travis/build/icyphy/ptII/ptolemy/actor/lib/test/auto/PhaseUnwrap.xml (RunModel)" time="0.013" />
  <testcase classname="ptolemy.util.test.junit.AutoTests" name="[253] /home/travis/build/icyphy/ptII/ptolemy/actor/lib/test/auto/PoissonClock.xml (RunModel)" time="0.01" />
  <testcase classname="ptolemy.util.test.junit.AutoTests" name="[254] /home/travis/build/icyphy/ptII/ptolemy/actor/lib/test/auto/PoissonClock2.xml (RunModel)" time="0.015" />
  <testcase classname="ptolemy.util.test.junit.AutoTests" name="[255] /home/travis/build/icyphy/ptII/ptolemy/actor/lib/test/auto/PoissonClock3.xml (RunModel)" time="0.014" />
  <testcase classname="ptolemy.util.test.junit.AutoTests" name="[256] /home/travis/build/icyphy/ptII/ptolemy/actor/lib/test/auto/PubSubWithInitialTokens.xml (RunModel)" time="0.011" />
  <testcase classname="ptolemy.util.test.junit.AutoTests" name="[257] /home/travis/build/icyphy/ptII/ptolemy/actor/lib/test/auto/PubSubWithInitialTokens2.xml (RunModel)" time="0.014" />
  <testcase classname="ptolemy.util.test.junit.AutoTests" name="[258] /home/travis/build/icyphy/ptII/ptolemy/actor/lib/test/auto/PublisherClassNoParameter.xml (RunModel)" time="0.025" />
  <testcase classname="ptolemy.util.test.junit.AutoTests" name="[259] /home/travis/build/icyphy/ptII/ptolemy/actor/lib/test/auto/PublisherClassParameter.xml (RunModel)" time="0.024" />
  <testcase classname="ptolemy.util.test.junit.AutoTests" name="[260] /home/travis/build/icyphy/ptII/ptolemy/actor/lib/test/auto/PublisherNonStrictTest.xml (RunModel)" time="0.016" />
  <testcase classname="ptolemy.util.test.junit.AutoTests" name="[261] /home/travis/build/icyphy/ptII/ptolemy/actor/lib/test/auto/PublisherPort1.xml (RunModel)" time="0.013" />
  <testcase classname="ptolemy.util.test.junit.AutoTests" name="[262] /home/travis/build/icyphy/ptII/ptolemy/actor/lib/test/auto/PublisherPort2.xml (RunModel)" time="0.012" />
  <testcase classname="ptolemy.util.test.junit.AutoTests" name="[263] /home/travis/build/icyphy/ptII/ptolemy/actor/lib/test/auto/PublisherPort3.xml (RunModel)" time="0.014" />
  <testcase classname="ptolemy.util.test.junit.AutoTests" name="[264] /home/travis/build/icyphy/ptII/ptolemy/actor/lib/test/auto/PublisherPort4.xml (RunModel)" time="0.012" />
  <testcase classname="ptolemy.util.test.junit.AutoTests" name="[265] /home/travis/build/icyphy/ptII/ptolemy/actor/lib/test/auto/PublisherPort5.xml (RunModel)" time="0.017" />
  <testcase classname="ptolemy.util.test.junit.AutoTests" name="[266] /home/travis/build/icyphy/ptII/ptolemy/actor/lib/test/auto/PublisherPort5LookAlike.xml (RunModel)" time="0.022" />
  <testcase classname="ptolemy.util.test.junit.AutoTests" name="[267] /home/travis/build/icyphy/ptII/ptolemy/actor/lib/test/auto/PublisherPort6.xml (RunModel)" time="0.015" />
  <testcase classname="ptolemy.util.test.junit.AutoTests" name="[268] /home/travis/build/icyphy/ptII/ptolemy/actor/lib/test/auto/PublisherPort7.xml (RunModel)" time="0.016" />
  <testcase classname="ptolemy.util.test.junit.AutoTests" name="[269] /home/travis/build/icyphy/ptII/ptolemy/actor/lib/test/auto/PublisherPort8.xml (RunModel)" time="0.02" />
  <testcase classname="ptolemy.util.test.junit.AutoTests" name="[270] /home/travis/build/icyphy/ptII/ptolemy/actor/lib/test/auto/PublisherPortSubscriberChannelVariablesAOC2.xml (RunModel)" time="0.032" />
  <testcase classname="ptolemy.util.test.junit.AutoTests" name="[271] /home/travis/build/icyphy/ptII/ptolemy/actor/lib/test/auto/PublisherPortSubscriberOpaqueWidthInference.xml (RunModel)" time="0.019" />
  <testcase classname="ptolemy.util.test.junit.AutoTests" name="[272] /home/travis/build/icyphy/ptII/ptolemy/actor/lib/test/auto/PublisherPortSubscriberPortAdjacent.xml (RunModel)" time="0.017" />
  <testcase classname="ptolemy.util.test.junit.AutoTests" name="[273] /home/travis/build/icyphy/ptII/ptolemy/actor/lib/test/auto/PublisherPortSubscriberPortExpression.xml (RunModel)" time="0.014" />
  <testcase classname="ptolemy.util.test.junit.AutoTests" name="[274] /home/travis/build/icyphy/ptII/ptolemy/actor/lib/test/auto/PublisherPortSubscriberPortOpaqueD3Reverse.xml (RunModel)" time="0.018" />
  <testcase classname="ptolemy.util.test.junit.AutoTests" name="[275] /home/travis/build/icyphy/ptII/ptolemy/actor/lib/test/auto/PublisherPortSubscriberPortOpaqueWidthInference.xml (RunModel)" time="0.017" />
  <testcase classname="ptolemy.util.test.junit.AutoTests" name="[276] /home/travis/build/icyphy/ptII/ptolemy/actor/lib/test/auto/PublisherPortToplevelSubscriberPortAOC.xml (RunModel)" time="0.011" />
  <testcase classname="ptolemy.util.test.junit.AutoTests" name="[277] /home/travis/build/icyphy/ptII/ptolemy/actor/lib/test/auto/PublisherSubscriber.xml (RunModel)" time="0.012" />
  <testcase classname="ptolemy.util.test.junit.AutoTests" name="[278] /home/travis/build/icyphy/ptII/ptolemy/actor/lib/test/auto/PublisherSubscriber10.xml (RunModel)" time="0.021" />
  <testcase classname="ptolemy.util.test.junit.AutoTests" name="[279] /home/travis/build/icyphy/ptII/ptolemy/actor/lib/test/auto/PublisherSubscriber10InitialOutputs.xml (RunModel)" time="0.023" />
  <testcase classname="ptolemy.util.test.junit.AutoTests" name="[280] /home/travis/build/icyphy/ptII/ptolemy/actor/lib/test/auto/PublisherSubscriber11.xml (RunModel)" time="0.029" />
  <testcase classname="ptolemy.util.test.junit.AutoTests" name="[281] /home/travis/build/icyphy/ptII/ptolemy/actor/lib/test/auto/PublisherSubscriber12.xml (RunModel)" time="0.017" />
  <testcase classname="ptolemy.util.test.junit.AutoTests" name="[282] /home/travis/build/icyphy/ptII/ptolemy/actor/lib/test/auto/PublisherSubscriber13.xml (RunModel)" time="0.009" />
  <testcase classname="ptolemy.util.test.junit.AutoTests" name="[283] /home/travis/build/icyphy/ptII/ptolemy/actor/lib/test/auto/PublisherSubscriber14.xml (RunModel)" time="0.016" />
  <testcase classname="ptolemy.util.test.junit.AutoTests" name="[284] /home/travis/build/icyphy/ptII/ptolemy/actor/lib/test/auto/PublisherSubscriber2.xml (RunModel)" time="0.009" />
  <testcase classname="ptolemy.util.test.junit.AutoTests" name="[285] /home/travis/build/icyphy/ptII/ptolemy/actor/lib/test/auto/PublisherSubscriber3.xml (RunModel)" time="0.009" />
  <testcase classname="ptolemy.util.test.junit.AutoTests" name="[286] /home/travis/build/icyphy/ptII/ptolemy/actor/lib/test/auto/PublisherSubscriber4.xml (RunModel)" time="0.008" />
  <testcase classname="ptolemy.util.test.junit.AutoTests" name="[287] /home/travis/build/icyphy/ptII/ptolemy/actor/lib/test/auto/PublisherSubscriber5.xml (RunModel)" time="0.01" />
  <testcase classname="ptolemy.util.test.junit.AutoTests" name="[288] /home/travis/build/icyphy/ptII/ptolemy/actor/lib/test/auto/PublisherSubscriber6.xml (RunModel)" time="0.011" />
  <testcase classname="ptolemy.util.test.junit.AutoTests" name="[289] /home/travis/build/icyphy/ptII/ptolemy/actor/lib/test/auto/PublisherSubscriber7.xml (RunModel)" time="0.011" />
  <testcase classname="ptolemy.util.test.junit.AutoTests" name="[290] /home/travis/build/icyphy/ptII/ptolemy/actor/lib/test/auto/PublisherSubscriber8.xml (RunModel)" time="0.02" />
  <testcase classname="ptolemy.util.test.junit.AutoTests" name="[291] /home/travis/build/icyphy/ptII/ptolemy/actor/lib/test/auto/PublisherSubscriber9.xml (RunModel)" time="0.018" />
  <testcase classname="ptolemy.util.test.junit.AutoTests" name="[292] /home/travis/build/icyphy/ptII/ptolemy/actor/lib/test/auto/PublisherSubscriberAdjacent.xml (RunModel)" time="0.015" />
  <testcase classname="ptolemy.util.test.junit.AutoTests" name="[293] /home/travis/build/icyphy/ptII/ptolemy/actor/lib/test/auto/PublisherSubscriberChannelVariablesAOC2.xml (RunModel)" time="0.023" />
  <testcase classname="ptolemy.util.test.junit.AutoTests" name="[294] /home/travis/build/icyphy/ptII/ptolemy/actor/lib/test/auto/PublisherSubscriberD3.xml (RunModel)" time="0.013" />
  <testcase classname="ptolemy.util.test.junit.AutoTests" name="[295] /home/travis/build/icyphy/ptII/ptolemy/actor/lib/test/auto/PublisherSubscriberD3Reverse.xml (RunModel)" time="0.011" />
  <testcase classname="ptolemy.util.test.junit.AutoTests" name="[296] /home/travis/build/icyphy/ptII/ptolemy/actor/lib/test/auto/PublisherSubscriberExpression.xml (RunModel)" time="0.016" />
  <testcase classname="ptolemy.util.test.junit.AutoTests" name="[297] /home/travis/build/icyphy/ptII/ptolemy/actor/lib/test/auto/PublisherSubscriberOpaque.xml (RunModel)" time="0.015" />
  <testcase classname="ptolemy.util.test.junit.AutoTests" name="[298] /home/travis/build/icyphy/ptII/ptolemy/actor/lib/test/auto/PublisherSubscriberOpaqueD3.xml (RunModel)" time="0.021" />
  <testcase classname="ptolemy.util.test.junit.AutoTests" name="[299] /home/travis/build/icyphy/ptII/ptolemy/actor/lib/test/auto/PublisherSubscriberOpaqueD3Reverse.xml (RunModel)" time="0.023" />
  <testcase classname="ptolemy.util.test.junit.AutoTests" name="[300] /home/travis/build/icyphy/ptII/ptolemy/actor/lib/test/auto/PublisherSubscriberOpaqueWidthInference.xml (RunModel)" time="0.017" />
  <testcase classname="ptolemy.util.test.junit.AutoTests" name="[301] /home/travis/build/icyphy/ptII/ptolemy/actor/lib/test/auto/PublisherTestSubscriber.xml (RunModel)" time="0.014" />
  <testcase classname="ptolemy.util.test.junit.AutoTests" name="[302] /home/travis/build/icyphy/ptII/ptolemy/actor/lib/test/auto/PublisherToplevelSubscriberPortAOC.xml (RunModel)" time="0.01" />
  <testcase classname="ptolemy.util.test.junit.AutoTests" name="[303] /home/travis/build/icyphy/ptII/ptolemy/actor/lib/test/auto/PulseFiringLimitDE.xml (RunModel)" time="0.012" />
  <testcase classname="ptolemy.util.test.junit.AutoTests" name="[304] /home/travis/build/icyphy/ptII/ptolemy/actor/lib/test/auto/Ramp1.xml (RunModel)" time="0.006" />
  <testcase classname="ptolemy.util.test.junit.AutoTests" name="[305] /home/travis/build/icyphy/ptII/ptolemy/actor/lib/test/auto/RampFiringLimitDE.xml (RunModel)" time="0.009" />
  <testcase classname="ptolemy.util.test.junit.AutoTests" name="[306] /home/travis/build/icyphy/ptII/ptolemy/actor/lib/test/auto/RampFiringLimitSDF.xml (RunModel)" time="0.009" />
  <testcase classname="ptolemy.util.test.junit.AutoTests" name="[307] /home/travis/build/icyphy/ptII/ptolemy/actor/lib/test/auto/RandomInteger.xml (RunModel)" time="0.007" />
  <testcase classname="ptolemy.util.test.junit.AutoTests" name="[308] /home/travis/build/icyphy/ptII/ptolemy/actor/lib/test/auto/ReadFile1.xml (RunModel)" time="0.008" />
  <testcase classname="ptolemy.util.test.junit.AutoTests" name="[309] /home/travis/build/icyphy/ptII/ptolemy/actor/lib/test/auto/ReadFile2.xml (RunModel)" time="0.007" />
  <testcase classname="ptolemy.util.test.junit.AutoTests" name="[310] /home/travis/build/icyphy/ptII/ptolemy/actor/lib/test/auto/Reader.xml (RunModel)" time="0.013" />
  <testcase classname="ptolemy.util.test.junit.AutoTests" name="[311] /home/travis/build/icyphy/ptII/ptolemy/actor/lib/test/auto/RecordAssemblerDisplayNameTest.xml (RunModel)" time="3.32" />
  <testcase classname="ptolemy.util.test.junit.AutoTests" name="[312] /home/travis/build/icyphy/ptII/ptolemy/actor/lib/test/auto/RecordAssemblerTypeError.xml (RunModel)" time="0.031" />
  <testcase classname="ptolemy.util.test.junit.AutoTests" name="[313] /home/travis/build/icyphy/ptII/ptolemy/actor/lib/test/auto/RecordDisassember.xml (RunModel)" time="0.009" />
  <testcase classname="ptolemy.util.test.junit.AutoTests" name="[314] /home/travis/build/icyphy/ptII/ptolemy/actor/lib/test/auto/RecordDisassemberDisplayNameTest.xml (RunModel)" time="0.02" />
  <testcase classname="ptolemy.util.test.junit.AutoTests" name="[315] /home/travis/build/icyphy/ptII/ptolemy/actor/lib/test/auto/RecordDisassembler.xml (RunModel)" time="0.008" />
  <testcase classname="ptolemy.util.test.junit.AutoTests" name="[316] /home/travis/build/icyphy/ptII/ptolemy/actor/lib/test/auto/RecordDisassembler2.xml (RunModel)" time="0.01" />
  <testcase classname="ptolemy.util.test.junit.AutoTests" name="[317] /home/travis/build/icyphy/ptII/ptolemy/actor/lib/test/auto/RecordUpdater.xml (RunModel)" time="0.009" />
  <testcase classname="ptolemy.util.test.junit.AutoTests" name="[318] /home/travis/build/icyphy/ptII/ptolemy/actor/lib/test/auto/RecordUpdater2.xml (RunModel)" time="0.01" />
  <testcase classname="ptolemy.util.test.junit.AutoTests" name="[319] /home/travis/build/icyphy/ptII/ptolemy/actor/lib/test/auto/RecursiveLattice.xml (RunModel)" time="0.008" />
  <testcase classname="ptolemy.util.test.junit.AutoTests" name="[320] /home/travis/build/icyphy/ptII/ptolemy/actor/lib/test/auto/Router.xml (RunModel)" time="3.022" />
  <testcase classname="ptolemy.util.test.junit.AutoTests" name="[321] /home/travis/build/icyphy/ptII/ptolemy/actor/lib/test/auto/Router2.xml (RunModel)" time="3.02" />
  <testcase classname="ptolemy.util.test.junit.AutoTests" name="[322] /home/travis/build/icyphy/ptII/ptolemy/actor/lib/test/auto/RunningMaximum.xml (RunModel)" time="0.009" />
  <testcase classname="ptolemy.util.test.junit.AutoTests" name="[323] /home/travis/build/icyphy/ptII/ptolemy/actor/lib/test/auto/RunningMinimum.xml (RunModel)" time="0.009" />
  <testcase classname="ptolemy.util.test.junit.AutoTests" name="[324] /home/travis/build/icyphy/ptII/ptolemy/actor/lib/test/auto/Scale.xml (RunModel)" time="0.006" />
  <testcase classname="ptolemy.util.test.junit.AutoTests" name="[325] /home/travis/build/icyphy/ptII/ptolemy/actor/lib/test/auto/Scale2.xml (RunModel)" time="0.012" />
  <testcase classname="ptolemy.util.test.junit.AutoTests" name="[326] /home/travis/build/icyphy/ptII/ptolemy/actor/lib/test/auto/Scale3.xml (RunModel)" time="0.011" />
  <testcase classname="ptolemy.util.test.junit.AutoTests" name="[327] /home/travis/build/icyphy/ptII/ptolemy/actor/lib/test/auto/ScaleArray.xml (RunModel)" time="0.006" />
  <testcase classname="ptolemy.util.test.junit.AutoTests" name="[328] /home/travis/build/icyphy/ptII/ptolemy/actor/lib/test/auto/ScaleArray2.xml (RunModel)" time="0.007" />
  <testcase classname="ptolemy.util.test.junit.AutoTests" name="[329] /home/travis/build/icyphy/ptII/ptolemy/actor/lib/test/auto/ScaleMatrix.xml (RunModel)" time="0.102" />
  <testcase classname="ptolemy.util.test.junit.AutoTests" name="[330] /home/travis/build/icyphy/ptII/ptolemy/actor/lib/test/auto/Select.xml (RunModel)" time="0.012" />
  <testcase classname="ptolemy.util.test.junit.AutoTests" name="[331] /home/travis/build/icyphy/ptII/ptolemy/actor/lib/test/auto/Select2.xml (RunModel)" time="0.007" />
  <testcase classname="ptolemy.util.test.junit.AutoTests" name="[332] /home/travis/build/icyphy/ptII/ptolemy/actor/lib/test/auto/SequenceToArray2.xml (RunModel)" time="0.108" />
  <testcase classname="ptolemy.util.test.junit.AutoTests" name="[333] /home/travis/build/icyphy/ptII/ptolemy/actor/lib/test/auto/SequentialClock.xml (RunModel)" time="0.01" />
  <testcase classname="ptolemy.util.test.junit.AutoTests" name="[334] /home/travis/build/icyphy/ptII/ptolemy/actor/lib/test/auto/SetVariable.xml (RunModel)" time="0.01" />
  <testcase classname="ptolemy.util.test.junit.AutoTests" name="[335] /home/travis/build/icyphy/ptII/ptolemy/actor/lib/test/auto/SetVariable2.xml (RunModel)" time="0.01" />
  <testcase classname="ptolemy.util.test.junit.AutoTests" name="[336] /home/travis/build/icyphy/ptII/ptolemy/actor/lib/test/auto/SetVariable3.xml (RunModel)" time="0.017" />
  <testcase classname="ptolemy.util.test.junit.AutoTests" name="[337] /home/travis/build/icyphy/ptII/ptolemy/actor/lib/test/auto/SetVariable4.xml (RunModel)" time="0.025" />
  <testcase classname="ptolemy.util.test.junit.AutoTests" name="[338] /home/travis/build/icyphy/ptII/ptolemy/actor/lib/test/auto/SetVariable5.xml (RunModel)" time="0.035" />
  <testcase classname="ptolemy.util.test.junit.AutoTests" name="[339] /home/travis/build/icyphy/ptII/ptolemy/actor/lib/test/auto/Sinewave.xml (RunModel)" time="0.023" />
  <testcase classname="ptolemy.util.test.junit.AutoTests" name="[340] /home/travis/build/icyphy/ptII/ptolemy/actor/lib/test/auto/Sinewave2.xml (RunModel)" time="0.019" />
  <testcase classname="ptolemy.util.test.junit.AutoTests" name="[341] /home/travis/build/icyphy/ptII/ptolemy/actor/lib/test/auto/Sinewave3.xml (RunModel)" time="0.023" />
  <testcase classname="ptolemy.util.test.junit.AutoTests" name="[342] /home/travis/build/icyphy/ptII/ptolemy/actor/lib/test/auto/SingleEvent.xml (RunModel)" time="0.01" />
  <testcase classname="ptolemy.util.test.junit.AutoTests" name="[343] /home/travis/build/icyphy/ptII/ptolemy/actor/lib/test/auto/Sleep.xml (RunModel)" time="6.016" />
  <testcase classname="ptolemy.util.test.junit.AutoTests" name="[344] /home/travis/build/icyphy/ptII/ptolemy/actor/lib/test/auto/SleepMultipleFire.xml (RunModel)" time="1.016" />
  <testcase classname="ptolemy.util.test.junit.AutoTests" name="[345] /home/travis/build/icyphy/ptII/ptolemy/actor/lib/test/auto/StopDE.xml (RunModel)" time="0.011" />
  <testcase classname="ptolemy.util.test.junit.AutoTests" name="[346] /home/travis/build/icyphy/ptII/ptolemy/actor/lib/test/auto/StopSDF.xml (RunModel)" time="0.011" />
  <testcase classname="ptolemy.util.test.junit.AutoTests" name="[347] /home/travis/build/icyphy/ptII/ptolemy/actor/lib/test/auto/StringConstant.xml (RunModel)" time="0.008" />
  <testcase classname="ptolemy.util.test.junit.AutoTests" name="[348] /home/travis/build/icyphy/ptII/ptolemy/actor/lib/test/auto/SubscriberPortInitialValues1.xml (RunModel)" time="0.016" />
  <testcase classname="ptolemy.util.test.junit.AutoTests" name="[349] /home/travis/build/icyphy/ptII/ptolemy/actor/lib/test/auto/SubscriberPortInitialValues13.xml (RunModel)" time="0.02" />
  <testcase classname="ptolemy.util.test.junit.AutoTests" name="[350] /home/travis/build/icyphy/ptII/ptolemy/actor/lib/test/auto/SubscriberPortInitialValues14.xml (RunModel)" time="0.014" />
  <testcase classname="ptolemy.util.test.junit.AutoTests" name="[351] /home/travis/build/icyphy/ptII/ptolemy/actor/lib/test/auto/SubscriberPortInitialValues2.xml (RunModel)" time="0.014" />
  <testcase classname="ptolemy.util.test.junit.AutoTests" name="[352] /home/travis/build/icyphy/ptII/ptolemy/actor/lib/test/auto/SubscriberPortInitialValues3.xml (RunModel)" time="0.016" />
  <testcase classname="ptolemy.util.test.junit.AutoTests" name="[353] /home/travis/build/icyphy/ptII/ptolemy/actor/lib/test/auto/SubscriptionAggregator.xml (RunModel)" time="0.009" />
  <testcase classname="ptolemy.util.test.junit.AutoTests" name="[354] /home/travis/build/icyphy/ptII/ptolemy/actor/lib/test/auto/SubscriptionAggregator2.xml (RunModel)" time="0.01" />
  <testcase classname="ptolemy.util.test.junit.AutoTests" name="[355] /home/travis/build/icyphy/ptII/ptolemy/actor/lib/test/auto/SubscriptionAggregator3.xml (RunModel)" time="0.014" />
  <testcase classname="ptolemy.util.test.junit.AutoTests" name="[356] /home/travis/build/icyphy/ptII/ptolemy/actor/lib/test/auto/SubscriptionAggregatorMultiply.xml (RunModel)" time="0.013" />
  <testcase classname="ptolemy.util.test.junit.AutoTests" name="[357] /home/travis/build/icyphy/ptII/ptolemy/actor/lib/test/auto/SubscriptionAggregatorPortMultiply1.xml (RunModel)" time="0.012" />
  <testcase classname="ptolemy.util.test.junit.AutoTests" name="[358] /home/travis/build/icyphy/ptII/ptolemy/actor/lib/test/auto/Switch.xml (RunModel)" time="0.012" />
  <testcase classname="ptolemy.util.test.junit.AutoTests" name="[359] /home/travis/build/icyphy/ptII/ptolemy/actor/lib/test/auto/Switch2.xml (RunModel)" time="0.015" />
  <testcase classname="ptolemy.util.test.junit.AutoTests" name="[360] /home/travis/build/icyphy/ptII/ptolemy/actor/lib/test/auto/SwitchDE.xml (RunModel)" time="0.015" />
  <testcase classname="ptolemy.util.test.junit.AutoTests" name="[361] /home/travis/build/icyphy/ptII/ptolemy/actor/lib/test/auto/SynchronizerDE.xml (RunModel)" time="0.021" />
  <testcase classname="ptolemy.util.test.junit.AutoTests" name="[362] /home/travis/build/icyphy/ptII/ptolemy/actor/lib/test/auto/Test.xml (RunModel)" time="0.008" />
  <testcase classname="ptolemy.util.test.junit.AutoTests" name="[363] /home/travis/build/icyphy/ptII/ptolemy/actor/lib/test/auto/TestExceptionAttribute1.xml (RunModel)" time="0.006" />
  <testcase classname="ptolemy.util.test.junit.AutoTests" name="[364] /home/travis/build/icyphy/ptII/ptolemy/actor/lib/test/auto/TestExceptionAttribute2.xml (RunModel)" time="0.006" />
  <testcase classname="ptolemy.util.test.junit.AutoTests" name="[365] /home/travis/build/icyphy/ptII/ptolemy/actor/lib/test/auto/TestExceptionAttribute3.xml (RunModel)" time="0.005" />
  <testcase classname="ptolemy.util.test.junit.AutoTests" name="[366] /home/travis/build/icyphy/ptII/ptolemy/actor/lib/test/auto/TestExceptionAttribute4.xml (RunModel)" time="0.006" />
  <testcase classname="ptolemy.util.test.junit.AutoTests" name="[367] /home/travis/build/icyphy/ptII/ptolemy/actor/lib/test/auto/TestExceptionHandler1.xml (RunModel)" time="0.005" />
  <testcase classname="ptolemy.util.test.junit.AutoTests" name="[368] /home/travis/build/icyphy/ptII/ptolemy/actor/lib/test/auto/TestExceptionHandler2.xml (RunModel)" time="0.01" />
  <testcase classname="ptolemy.util.test.junit.AutoTests" name="[369] /home/travis/build/icyphy/ptII/ptolemy/actor/lib/test/auto/TestExceptionHandler3.xml (RunModel)" time="0.005" />
  <testcase classname="ptolemy.util.test.junit.AutoTests" name="[370] /home/travis/build/icyphy/ptII/ptolemy/actor/lib/test/auto/TestExceptionHandler4.xml (RunModel)" time="0.006" />
  <testcase classname="ptolemy.util.test.junit.AutoTests" name="[371] /home/travis/build/icyphy/ptII/ptolemy/actor/lib/test/auto/TestRequireCorrectOrder.xml (RunModel)" time="0.008" />
  <testcase classname="ptolemy.util.test.junit.AutoTests" name="[372] /home/travis/build/icyphy/ptII/ptolemy/actor/lib/test/auto/TestSimple.xml (RunModel)" time="0.005" />
  <testcase classname="ptolemy.util.test.junit.AutoTests" name="[373] /home/travis/build/icyphy/ptII/ptolemy/actor/lib/test/auto/ThrowModelError.xml (RunModel)" time="0.009" />
  <testcase classname="ptolemy.util.test.junit.AutoTests" name="[374] /home/travis/build/icyphy/ptII/ptolemy/actor/lib/test/auto/TimeDelayMicrosteps.xml (RunModel)" time="0.014" />
  <testcase classname="ptolemy.util.test.junit.AutoTests" name="[375] /home/travis/build/icyphy/ptII/ptolemy/actor/lib/test/auto/TimeDelayMicrosteps2.xml (RunModel)" time="0.015" />
  <testcase classname="ptolemy.util.test.junit.AutoTests" name="[376] /home/travis/build/icyphy/ptII/ptolemy/actor/lib/test/auto/TimeDelayMicrosteps3.xml (RunModel)" time="0.016" />
  <testcase classname="ptolemy.util.test.junit.AutoTests" name="[377] /home/travis/build/icyphy/ptII/ptolemy/actor/lib/test/auto/TimeDelayVariableMicrosteps.xml (RunModel)" time="0.014" />
  <testcase classname="ptolemy.util.test.junit.AutoTests" name="[378] /home/travis/build/icyphy/ptII/ptolemy/actor/lib/test/auto/TimeGap.xml (RunModel)" time="0.013" />
  <testcase classname="ptolemy.util.test.junit.AutoTests" name="[379] /home/travis/build/icyphy/ptII/ptolemy/actor/lib/test/auto/TimeGap2.xml (RunModel)" time="0.01" />
  <testcase classname="ptolemy.util.test.junit.AutoTests" name="[380] /home/travis/build/icyphy/ptII/ptolemy/actor/lib/test/auto/TimedSinewave.xml (RunModel)" time="0.064" />
  <testcase classname="ptolemy.util.test.junit.AutoTests" name="[381] /home/travis/build/icyphy/ptII/ptolemy/actor/lib/test/auto/TimedSinewavePhase.xml (RunModel)" time="0.02" />
  <testcase classname="ptolemy.util.test.junit.AutoTests" name="[382] /home/travis/build/icyphy/ptII/ptolemy/actor/lib/test/auto/Timer.xml (RunModel)" time="0.01" />
  <testcase classname="ptolemy.util.test.junit.AutoTests" name="[383] /home/travis/build/icyphy/ptII/ptolemy/actor/lib/test/auto/TriangularDistTestModel.xml (RunModel)" time="0.013" />
  <testcase classname="ptolemy.util.test.junit.AutoTests" name="[384] /home/travis/build/icyphy/ptII/ptolemy/actor/lib/test/auto/TrigFunction.xml (RunModel)" time="0.008" />
  <testcase classname="ptolemy.util.test.junit.AutoTests" name="[385] /home/travis/build/icyphy/ptII/ptolemy/actor/lib/test/auto/TrigFunctionDE.xml (RunModel)" time="0.01" />
  <testcase classname="ptolemy.util.test.junit.AutoTests" name="[386] /home/travis/build/icyphy/ptII/ptolemy/actor/lib/test/auto/TrigFunctionInverse.xml (RunModel)" time="0.009" />
  <testcase classname="ptolemy.util.test.junit.AutoTests" name="[387] /home/travis/build/icyphy/ptII/ptolemy/actor/lib/test/auto/TrigFunctionTan.xml (RunModel)" time="0.006" />
  <testcase classname="ptolemy.util.test.junit.AutoTests" name="[388] /home/travis/build/icyphy/ptII/ptolemy/actor/lib/test/auto/TriggeredClock.xml (RunModel)" time="0.008" />
  <testcase classname="ptolemy.util.test.junit.AutoTests" name="[389] /home/travis/build/icyphy/ptII/ptolemy/actor/lib/test/auto/URLDirectoryReader.xml (RunModel)" time="0.089" />
  <testcase classname="ptolemy.util.test.junit.AutoTests" name="[390] /home/travis/build/icyphy/ptII/ptolemy/actor/lib/test/auto/URLDirectoryReader3.xml (RunModel)" time="1.325" />
  <testcase classname="ptolemy.util.test.junit.AutoTests" name="[391] /home/travis/build/icyphy/ptII/ptolemy/actor/lib/test/auto/UnaryMathFunction.xml (RunModel)" time="0.047" />
  <testcase classname="ptolemy.util.test.junit.AutoTests" name="[392] /home/travis/build/icyphy/ptII/ptolemy/actor/lib/test/auto/Uniform.xml (RunModel)" time="0.036" />
  <testcase classname="ptolemy.util.test.junit.AutoTests" name="[393] /home/travis/build/icyphy/ptII/ptolemy/actor/lib/test/auto/UnionDisassemblerTest.xml (RunModel)" time="0.025" />
  <testcase classname="ptolemy.util.test.junit.AutoTests" name="[394] /home/travis/build/icyphy/ptII/ptolemy/actor/lib/test/auto/UtilityFunctions.xml (RunModel)" time="0.03" />
  <testcase classname="ptolemy.util.test.junit.AutoTests" name="[395] /home/travis/build/icyphy/ptII/ptolemy/actor/lib/test/auto/VariableSleep.xml (RunModel)" time="0.528" />
  <testcase classname="ptolemy.util.test.junit.AutoTests" name="[396] /home/travis/build/icyphy/ptII/ptolemy/actor/lib/test/auto/VectorAssemblerDisassemblerCT.xml (RunModel)" time="0.115" />
  <testcase classname="ptolemy.util.test.junit.AutoTests" name="[397] /home/travis/build/icyphy/ptII/ptolemy/actor/lib/test/auto/VectorAssemblerDisassemblerDE.xml (RunModel)" time="0.013" />
  <testcase classname="ptolemy.util.test.junit.AutoTests" name="[398] /home/travis/build/icyphy/ptII/ptolemy/actor/lib/test/auto/VectorAssemblerDisassemblerSDF.xml (RunModel)" time="0.012" />
  <testcase classname="ptolemy.util.test.junit.AutoTests" name="[399] /home/travis/build/icyphy/ptII/ptolemy/actor/lib/test/auto/WallClockTime.xml (RunModel)" time="1.013" />
  <testcase classname="ptolemy.util.test.junit.AutoTests" name="[400] /home/travis/build/icyphy/ptII/ptolemy/actor/lib/test/auto/WidthTestWithSubscriberPublisher.xml (RunModel)" time="0.048" />
  <testcase classname="ptolemy.util.test.junit.AutoTests" name="[401] /home/travis/build/icyphy/ptII/ptolemy/actor/lib/test/auto/WidthTestWithSubscriberPublisher2.xml (RunModel)" time="0.014" />
  <testcase classname="ptolemy.util.test.junit.AutoTests" name="[402] /home/travis/build/icyphy/ptII/ptolemy/actor/lib/test/auto/WidthTestWithSubscriberPublisher3.xml (RunModel)" time="0.024" />
  <testcase classname="ptolemy.util.test.junit.AutoTests" name="[403] /home/travis/build/icyphy/ptII/ptolemy/actor/lib/test/auto/Writer.xml (RunModel)" time="0.007" />
  <testcase classname="ptolemy.util.test.junit.AutoTests" name="[404] /home/travis/build/icyphy/ptII/ptolemy/actor/lib/test/auto/array.xml (RunModel)" time="0.008" />
  <testcase classname="ptolemy.util.test.junit.AutoTests" name="[405] /home/travis/build/icyphy/ptII/ptolemy/actor/lib/test/auto/array2.xml (RunModel)" time="0.012" />
  <testcase classname="ptolemy.util.test.junit.AutoTests" name="[406] /home/travis/build/icyphy/ptII/ptolemy/actor/lib/test/auto/arrayType.xml (RunModel)" time="0.01" />
  <testcase classname="ptolemy.util.test.junit.AutoTests" name="[407] /home/travis/build/icyphy/ptII/ptolemy/actor/lib/test/auto/arrayType10.xml (RunModel)" time="0.008" />
  <testcase classname="ptolemy.util.test.junit.AutoTests" name="[408] /home/travis/build/icyphy/ptII/ptolemy/actor/lib/test/auto/arrayType11.xml (RunModel)" time="0.008" />
  <testcase classname="ptolemy.util.test.junit.AutoTests" name="[409] /home/travis/build/icyphy/ptII/ptolemy/actor/lib/test/auto/arrayType12.xml (RunModel)" time="0.008" />
  <testcase classname="ptolemy.util.test.junit.AutoTests" name="[410] /home/travis/build/icyphy/ptII/ptolemy/actor/lib/test/auto/arrayType13.xml (RunModel)" time="0.009" />
  <testcase classname="ptolemy.util.test.junit.AutoTests" name="[411] /home/travis/build/icyphy/ptII/ptolemy/actor/lib/test/auto/arrayType14.xml (RunModel)" time="0.008" />
  <testcase classname="ptolemy.util.test.junit.AutoTests" name="[412] /home/travis/build/icyphy/ptII/ptolemy/actor/lib/test/auto/arrayType15.xml (RunModel)" time="0.011" />
  <testcase classname="ptolemy.util.test.junit.AutoTests" name="[413] /home/travis/build/icyphy/ptII/ptolemy/actor/lib/test/auto/arrayType16.xml (RunModel)" time="0.008" />
  <testcase classname="ptolemy.util.test.junit.AutoTests" name="[414] /home/travis/build/icyphy/ptII/ptolemy/actor/lib/test/auto/arrayType17.xml (RunModel)" time="0.009" />
  <testcase classname="ptolemy.util.test.junit.AutoTests" name="[415] /home/travis/build/icyphy/ptII/ptolemy/actor/lib/test/auto/arrayType18.xml (RunModel)" time="0.007" />
  <testcase classname="ptolemy.util.test.junit.AutoTests" name="[416] /home/travis/build/icyphy/ptII/ptolemy/actor/lib/test/auto/arrayType19.xml (RunModel)" time="0.009" />
  <testcase classname="ptolemy.util.test.junit.AutoTests" name="[417] /home/travis/build/icyphy/ptII/ptolemy/actor/lib/test/auto/arrayType2.xml (RunModel)" time="0.01" />
  <testcase classname="ptolemy.util.test.junit.AutoTests" name="[418] /home/travis/build/icyphy/ptII/ptolemy/actor/lib/test/auto/arrayType20.xml (RunModel)" time="0.009" />
  <testcase classname="ptolemy.util.test.junit.AutoTests" name="[419] /home/travis/build/icyphy/ptII/ptolemy/actor/lib/test/auto/arrayType21.xml (RunModel)" time="0.008" />
  <testcase classname="ptolemy.util.test.junit.AutoTests" name="[420] /home/travis/build/icyphy/ptII/ptolemy/actor/lib/test/auto/arrayType22.xml (RunModel)" time="0.008" />
  <testcase classname="ptolemy.util.test.junit.AutoTests" name="[421] /home/travis/build/icyphy/ptII/ptolemy/actor/lib/test/auto/arrayType23.xml (RunModel)" time="0.008" />
  <testcase classname="ptolemy.util.test.junit.AutoTests" name="[422] /home/travis/build/icyphy/ptII/ptolemy/actor/lib/test/auto/arrayType24.xml (RunModel)" time="0.008" />
  <testcase classname="ptolemy.util.test.junit.AutoTests" name="[423] /home/travis/build/icyphy/ptII/ptolemy/actor/lib/test/auto/arrayType25.xml (RunModel)" time="0.011" />
  <testcase classname="ptolemy.util.test.junit.AutoTests" name="[424] /home/travis/build/icyphy/ptII/ptolemy/actor/lib/test/auto/arrayType26.xml (RunModel)" time="0.008" />
  <testcase classname="ptolemy.util.test.junit.AutoTests" name="[425] /home/travis/build/icyphy/ptII/ptolemy/actor/lib/test/auto/arrayType27.xml (RunModel)" time="0.009" />
  <testcase classname="ptolemy.util.test.junit.AutoTests" name="[426] /home/travis/build/icyphy/ptII/ptolemy/actor/lib/test/auto/arrayType28.xml (RunModel)" time="0.008" />
  <testcase classname="ptolemy.util.test.junit.AutoTests" name="[427] /home/travis/build/icyphy/ptII/ptolemy/actor/lib/test/auto/arrayType3.xml (RunModel)" time="0.009" />
  <testcase classname="ptolemy.util.test.junit.AutoTests" name="[428] /home/travis/build/icyphy/ptII/ptolemy/actor/lib/test/auto/arrayType4.xml (RunModel)" time="0.008" />
  <testcase classname="ptolemy.util.test.junit.AutoTests" name="[429] /home/travis/build/icyphy/ptII/ptolemy/actor/lib/test/auto/arrayType5.xml (RunModel)" time="0.009" />
  <testcase classname="ptolemy.util.test.junit.AutoTests" name="[430] /home/travis/build/icyphy/ptII/ptolemy/actor/lib/test/auto/arrayType6.xml (RunModel)" time="0.008" />
  <testcase classname="ptolemy.util.test.junit.AutoTests" name="[431] /home/travis/build/icyphy/ptII/ptolemy/actor/lib/test/auto/arrayType7.xml (RunModel)" time="0.009" />
  <testcase classname="ptolemy.util.test.junit.AutoTests" name="[432] /home/travis/build/icyphy/ptII/ptolemy/actor/lib/test/auto/arrayType8.xml (RunModel)" time="0.019" />
  <testcase classname="ptolemy.util.test.junit.AutoTests" name="[433] /home/travis/build/icyphy/ptII/ptolemy/actor/lib/test/auto/arrayType9.xml (RunModel)" time="0.008" />
  <testcase classname="ptolemy.util.test.junit.AutoTests" name="[434] /home/travis/build/icyphy/ptII/ptolemy/actor/lib/test/auto/cast.xml (RunModel)" time="0.009" />
  <testcase classname="ptolemy.util.test.junit.AutoTests" name="[435] /home/travis/build/icyphy/ptII/ptolemy/actor/lib/test/auto/compositeMultiPort.xml (RunModel)" time="0.017" />
  <testcase classname="ptolemy.util.test.junit.AutoTests" name="[436] /home/travis/build/icyphy/ptII/ptolemy/actor/lib/test/auto/expressionCastInference.xml (RunModel)" time="0.008" />
  <testcase classname="ptolemy.util.test.junit.AutoTests" name="[437] /home/travis/build/icyphy/ptII/ptolemy/actor/lib/test/auto/expressionCastInference2.xml (RunModel)" time="0.007" />
  <testcase classname="ptolemy.util.test.junit.AutoTests" name="[438] /home/travis/build/icyphy/ptII/ptolemy/actor/lib/test/auto/expressionInference.xml (RunModel)" time="0.007" />
  <testcase classname="ptolemy.util.test.junit.AutoTests" name="[439] /home/travis/build/icyphy/ptII/ptolemy/actor/lib/test/auto/expression_bug.xml (RunModel)" time="0.007" />
  <testcase classname="ptolemy.util.test.junit.AutoTests" name="[440] /home/travis/build/icyphy/ptII/ptolemy/actor/lib/test/auto/factorial.xml (RunModel)" time="0.047" />
  <testcase classname="ptolemy.util.test.junit.AutoTests" name="[441] /home/travis/build/icyphy/ptII/ptolemy/actor/lib/test/auto/filterTest1.xml (RunModel)" time="0.013" />
  <testcase classname="ptolemy.util.test.junit.AutoTests" name="[442] /home/travis/build/icyphy/ptII/ptolemy/actor/lib/test/auto/funcApplyInConst.xml (RunModel)" time="0.025" />
  <testcase classname="ptolemy.util.test.junit.AutoTests" name="[443] /home/travis/build/icyphy/ptII/ptolemy/actor/lib/test/auto/funcApplyInExpr.xml (RunModel)" time="0.01" />
  <testcase classname="ptolemy.util.test.junit.AutoTests" name="[444] /home/travis/build/icyphy/ptII/ptolemy/actor/lib/test/auto/function.xml (RunModel)" time="0.011" />
  <testcase classname="ptolemy.util.test.junit.AutoTests" name="[445] /home/travis/build/icyphy/ptII/ptolemy/actor/lib/test/auto/function2.xml (RunModel)" time="0.009" />
  <testcase classname="ptolemy.util.test.junit.AutoTests" name="[446] /home/travis/build/icyphy/ptII/ptolemy/actor/lib/test/auto/function3.xml (RunModel)" time="0.007" />
  <testcase classname="ptolemy.util.test.junit.AutoTests" name="[447] /home/travis/build/icyphy/ptII/ptolemy/actor/lib/test/auto/functionClosureTest1.xml (RunModel)" time="0.009" />
  <testcase classname="ptolemy.util.test.junit.AutoTests" name="[448] /home/travis/build/icyphy/ptII/ptolemy/actor/lib/test/auto/functionClosureTest2.xml (RunModel)" time="0.006" />
  <testcase classname="ptolemy.util.test.junit.AutoTests" name="[449] /home/travis/build/icyphy/ptII/ptolemy/actor/lib/test/auto/functionClosureTest3.xml (RunModel)" time="0.011" />
  <testcase classname="ptolemy.util.test.junit.AutoTests" name="[450] /home/travis/build/icyphy/ptII/ptolemy/actor/lib/test/auto/functionClosureTest4.xml (RunModel)" time="0.02" />
  <testcase classname="ptolemy.util.test.junit.AutoTests" name="[451] /home/travis/build/icyphy/ptII/ptolemy/actor/lib/test/auto/functionClosureTest5.xml (RunModel)" time="0.011" />
  <testcase classname="ptolemy.util.test.junit.AutoTests" name="[452] /home/travis/build/icyphy/ptII/ptolemy/actor/lib/test/auto/functionClosureTest6.xml (RunModel)" time="0.007" />
  <testcase classname="ptolemy.util.test.junit.AutoTests" name="[453] /home/travis/build/icyphy/ptII/ptolemy/actor/lib/test/auto/functionsOnArcs.xml (RunModel)" time="0.009" />
  <testcase classname="ptolemy.util.test.junit.AutoTests" name="[454] /home/travis/build/icyphy/ptII/ptolemy/actor/lib/test/auto/functionsOnArcsHOF.xml (RunModel)" time="0.011" />
  <testcase classname="ptolemy.util.test.junit.AutoTests" name="[455] /home/travis/build/icyphy/ptII/ptolemy/actor/lib/test/auto/logic.xml (RunModel)" time="0.016" />
  <testcase classname="ptolemy.util.test.junit.AutoTests" name="[456] /home/travis/build/icyphy/ptII/ptolemy/actor/lib/test/auto/matrixType.xml (RunModel)" time="0.008" />
  <testcase classname="ptolemy.util.test.junit.AutoTests" name="[457] /home/travis/build/icyphy/ptII/ptolemy/actor/lib/test/auto/matrixType10.xml (RunModel)" time="0.008" />
  <testcase classname="ptolemy.util.test.junit.AutoTests" name="[458] /home/travis/build/icyphy/ptII/ptolemy/actor/lib/test/auto/matrixType11.xml (RunModel)" time="0.008" />
  <testcase classname="ptolemy.util.test.junit.AutoTests" name="[459] /home/travis/build/icyphy/ptII/ptolemy/actor/lib/test/auto/matrixType12.xml (RunModel)" time="0.009" />
  <testcase classname="ptolemy.util.test.junit.AutoTests" name="[460] /home/travis/build/icyphy/ptII/ptolemy/actor/lib/test/auto/matrixType13.xml (RunModel)" time="0.007" />
  <testcase classname="ptolemy.util.test.junit.AutoTests" name="[461] /home/travis/build/icyphy/ptII/ptolemy/actor/lib/test/auto/matrixType14.xml (RunModel)" time="0.009" />
  <testcase classname="ptolemy.util.test.junit.AutoTests" name="[462] /home/travis/build/icyphy/ptII/ptolemy/actor/lib/test/auto/matrixType2.xml (RunModel)" time="0.008" />
  <testcase classname="ptolemy.util.test.junit.AutoTests" name="[463] /home/travis/build/icyphy/ptII/ptolemy/actor/lib/test/auto/matrixType3.xml (RunModel)" time="0.009" />
  <testcase classname="ptolemy.util.test.junit.AutoTests" name="[464] /home/travis/build/icyphy/ptII/ptolemy/actor/lib/test/auto/matrixType4.xml (RunModel)" time="0.007" />
  <testcase classname="ptolemy.util.test.junit.AutoTests" name="[465] /home/travis/build/icyphy/ptII/ptolemy/actor/lib/test/auto/matrixType5.xml (RunModel)" time="0.007" />
  <testcase classname="ptolemy.util.test.junit.AutoTests" name="[466] /home/travis/build/icyphy/ptII/ptolemy/actor/lib/test/auto/matrixType6.xml (RunModel)" time="0.008" />
  <testcase classname="ptolemy.util.test.junit.AutoTests" name="[467] /home/travis/build/icyphy/ptII/ptolemy/actor/lib/test/auto/matrixType7.xml (RunModel)" time="0.008" />
  <testcase classname="ptolemy.util.test.junit.AutoTests" name="[468] /home/travis/build/icyphy/ptII/ptolemy/actor/lib/test/auto/matrixType8.xml (RunModel)" time="0.008" />
  <testcase classname="ptolemy.util.test.junit.AutoTests" name="[469] /home/travis/build/icyphy/ptII/ptolemy/actor/lib/test/auto/matrixType9.xml (RunModel)" time="0.008" />
  <testcase classname="ptolemy.util.test.junit.AutoTests" name="[470] /home/travis/build/icyphy/ptII/ptolemy/actor/lib/test/auto/paraFunctest.xml (RunModel)" time="0.008" />
  <testcase classname="ptolemy.util.test.junit.AutoTests" name="[471] /home/travis/build/icyphy/ptII/ptolemy/actor/lib/test/auto/paraFunctest2.xml (RunModel)" time="0.007" />
  <testcase classname="ptolemy.util.test.junit.AutoTests" name="[472] /home/travis/build/icyphy/ptII/ptolemy/actor/lib/test/auto/parameterPassing.xml (RunModel)" time="0.009" />
  <testcase classname="ptolemy.util.test.junit.AutoTests" name="[473] /home/travis/build/icyphy/ptII/ptolemy/actor/lib/test/auto/record.xml (RunModel)" time="0.009" />
  <testcase classname="ptolemy.util.test.junit.AutoTests" name="[474] /home/travis/build/icyphy/ptII/ptolemy/actor/lib/test/auto/sizedarray1.xml (RunModel)" time="0.009" />
  <testcase classname="ptolemy.util.test.junit.AutoTests" name="[475] /home/travis/build/icyphy/ptII/ptolemy/actor/lib/test/auto/sizedarray2.xml (RunModel)" time="0.009" />
  <testcase classname="ptolemy.util.test.junit.AutoTests" name="[476] /home/travis/build/icyphy/ptII/ptolemy/actor/lib/test/auto/twoPublishers.xml (RunModel)" time="0.022" />
  <system-out><![CDATA[/home/travis/build/icyphy/ptII/ptolemy/actor/lib/test/AbsoluteValue.tcl
testDefs.tcl: setting time out to 9000 seconds at Mon Jun 04 21:46:01 UTC 2018
69 ms. Memory: 116224K Free: 107831K (93%)
4 ms. Memory: 116224K Free: 106624K (92%)
4 ms. Memory: 116224K Free: 106013K (91%)
3 ms. Memory: 116224K Free: 104806K (90%)
/home/travis/build/icyphy/ptII/ptolemy/actor/lib/test/AddSubtract.tcl
7 ms. Memory: 116224K Free: 103004K (89%)
4 ms. Memory: 116224K Free: 102369K (88%)
5 ms. Memory: 116224K Free: 101758K (88%)
11 ms. Memory: 116224K Free: 100567K (87%)
5 ms. Memory: 116224K Free: 99956K (86%)
8 ms. Memory: 116224K Free: 99353K (85%)
/home/travis/build/icyphy/ptII/ptolemy/actor/lib/test/Average.tcl
6 ms. Memory: 116224K Free: 97527K (84%)
12 ms. Memory: 116224K Free: 96320K (83%)
/home/travis/build/icyphy/ptII/ptolemy/actor/lib/test/Bernoulli.tcl
9 ms. Memory: 116224K Free: 94518K (81%)
4 ms. Memory: 116224K Free: 93907K (81%)
/home/travis/build/icyphy/ptII/ptolemy/actor/lib/test/Clock.tcl
preinitializing
resolving types
initializing
executing number 1
wrapping up
idle
15 ms. Memory: 116224K Free: 92097K (79%)
Completed execution with 5 iterations
preinitializing
resolving types
initializing
executing number 1
wrapping up
idle
3 ms. Memory: 116224K Free: 90898K (78%)
Completed execution with 5 iterations
preinitializing
resolving types
initializing
executing number 1
wrapping up
idle
3 ms. Memory: 116224K Free: 90295K (78%)
Completed execution with 5 iterations
/home/travis/build/icyphy/ptII/ptolemy/actor/lib/test/Commutator.tcl
5 ms. Memory: 116224K Free: 88468K (76%)
5 ms. Memory: 116224K Free: 87254K (75%)
17 ms. Memory: 116224K Free: 83007K (71%)
/home/travis/build/icyphy/ptII/ptolemy/actor/lib/test/Const.tcl
3 ms. Memory: 116224K Free: 81221K (70%)
17 ms. Memory: 146944K Free: 140332K (96%)
6 ms. Memory: 146944K Free: 139933K (95%)
2 ms. Memory: 146944K Free: 137499K (94%)
4 ms. Memory: 146944K Free: 137499K (94%)
18 ms. Memory: 146944K Free: 135075K (92%)
4 ms. Memory: 146944K Free: 135075K (92%)
2 ms. Memory: 146944K Free: 133871K (91%)
/home/travis/build/icyphy/ptII/ptolemy/actor/lib/test/CurrentTime.tcl
preinitializing
resolving types
initializing
executing number 1
wrapping up
idle
22 ms. Memory: 146944K Free: 131448K (89%)
Completed execution with 11 iterations
/home/travis/build/icyphy/ptII/ptolemy/actor/lib/test/DB.tcl
9 ms. Memory: 146944K Free: 130244K (89%)
2 ms. Memory: 146944K Free: 129040K (88%)
2 ms. Memory: 146944K Free: 129040K (88%)
/home/travis/build/icyphy/ptII/ptolemy/actor/lib/test/DiscreteRandomSource.tcl
preinitializing
resolving types
initializing
executing number 1
wrapping up
idle
8 ms. Memory: 146944K Free: 127828K (87%)
Completed execution with 4 iterations
preinitializing
resolving types
initializing
executing number 1
wrapping up
idle
3 ms. Memory: 146944K Free: 126624K (86%)
Completed execution with 4 iterations
preinitializing
resolving types
initializing
executing number 1
wrapping up
idle
7 ms. Memory: 146944K Free: 126624K (86%)
Completed execution with 4 iterations
preinitializing
resolving types
initializing
executing number 1
wrapping up
idle
4 ms. Memory: 146944K Free: 126624K (86%)
Completed execution with 4 iterations
preinitializing
resolving types
initializing
executing number 1
wrapping up
idle
11 ms. Memory: 146944K Free: 125420K (85%)
Completed execution with 4 iterations
/home/travis/build/icyphy/ptII/ptolemy/actor/lib/test/Distributor.tcl
4 ms. Memory: 146944K Free: 124216K (85%)
3 ms. Memory: 146944K Free: 123012K (84%)
StreamChangeRequest.changeExecuted(): <deleteEntity name="rec2"/> succeeded
StreamChangeRequest.changeExecuted(): <deleteRelation name="r2"/> succeeded
StreamChangeRequest.changeExecuted(): Record firings per iteration succeeded
5 ms. Memory: 146944K Free: 120604K (82%)
/home/travis/build/icyphy/ptII/ptolemy/actor/lib/test/Exit.tcl
Exit.tcl: this will print a message about Manager.exitAfterWrapup, which can be ignored.
5 ms. Memory: 146944K Free: 117581K (80%)
/home/travis/build/icyphy/ptII/ptolemy/actor/lib/test/Expression.tcl
5 ms. Memory: 146944K Free: 113943K (78%)
3 ms. Memory: 146944K Free: 113943K (78%)
2 ms. Memory: 146944K Free: 112739K (77%)
preinitializing
resolving types
initializing
executing number 1
wrapping up
idle
12 ms. Memory: 146944K Free: 111535K (76%)
Completed execution with 6 iterations
9 ms. Memory: 146944K Free: 110331K (75%)
7 ms. Memory: 146944K Free: 110331K (75%)
12 ms. Memory: 146944K Free: 109127K (74%)
6 ms. Memory: 146944K Free: 107923K (73%)
7 ms. Memory: 146944K Free: 106716K (73%)
/home/travis/build/icyphy/ptII/ptolemy/actor/lib/test/Gaussian.tcl
16 ms. Memory: 146944K Free: 104308K (71%)
sleeping 1 seconds: ...............................................................................................................................................................................................................................................................................................................................................................................................................................................................................................................................................................................................................................................................................................................................................................................................................................................................................................................................................................................................................................................................................................................................................................................................................................................................................................................................................................................................................................................................................................................................................................................................................................................................................................................................................................................................................................................................................................................................................................................................................................................................................................................................................................................................................................................................................................................................................................................................................................................................................................................................................................................................................................................................................................................................................................................................................................................................................................................................................................................................................................................................................................................................................................................................................................................................................................................................................................................................................................................................................................................................................................................................................................................................................................................................................................................................................................................................................................................................................................................................................................................................................................................................................................................................................................................................................................................................................................................................................................................................................................................................................................................................................................................................................................................................................................................................................................................................................................................................................................................................................................................................................................................................................................................................................................................................................................................................................................................................................................................................................................................................................................................................................................................................................................................................................................................................................................................................................................................................................................................................................................................................................................................................................................................................................................................................................................................................................................................................................................................................................................................................................................................................................................................................................................................................................................................................................................................................................................................................................................................................................................................................................................................................................................................................................................................................................................................................................................................................................................................................................................................................................................................................................................................................................................................................................................................................................................................................................................................................................................................................................................................................................................................................................................................................................................................................................................................................................................................................................................................................................................................................................................................................................................................................................................................................................................................................................................................................................................................................................................................................................................................................................................................................................................................................................................................................................................................................................................................................................................................................................................................................................................................................................................................................................................................................................................................................................................................................................................................................................................................................................................................................................................................................................................................................................................................................................................................................................................................................................................................................................................................................................................................................................................................................................................................................................................................................................................................................................................................................................................................................................................................................................................................................................................................................................................................................................................................................................................................................................................................................................................................................................................................................................................................................................................................................................................................................................................................................................................................................................................................................................................................................................................................................................................................................................................................................................................................................................................................................................................................................................................................................................................................................................................................................................................................................................................................................................................................................................................................................................................................................................................................................................................................................................................................................................................................................................................................................................................................................................................................................................................................................................................................................................................................................................................................................................................................................................................................................................................................................................................................................................................................................................................................................................................................................................................................................................................................................................................................................................................................................................................................................................................................................................................................................................................................................................................................................................................................................................................................................................................................................................................................................................................................................................................................................................................................................................................................................................................................................................................................................................................................................................................................................................................................................................................................................................................................................................................................................................................................................................................................................................................................................................................................................................................................................................................................................................................................................................................................................................................................................................................................................................................................................................................................................................................................................................................................................................................................................................................................................................................................................................................................................................................................................................................................................................................................................................................................................................................................................................................................................................................................................................................................................................................................................................................................................................................................................................................................................................................................................................................................................................................................................................................................................................................................................................................................................................................................................................................................................................................................................................................................................................................................................................................................................................................................................................................................................................................................................................................................................................................................................................................................................................................................................................................................................................................................................................................................................................................................................................................................................................................................................................................................................................................................................................................................................................................................................................................................................................................................................................................................................................................................................................................................................................................................................................................................................................................................................................................................................................................................................................................................................................................................................................................................................................................................................................................................................................................................................................................................................................................................................................................................................................................................................................................................................................................................................................................................................................................................................................................................................................................................................................................................................................................................................................................................................................................................................................................................................................................................................................................................................................................................................................................................................................................................................................................................................................................................................................................................................................................................................................................................................................................................................................................................................................................................................................................................................................................................................................................................................................................................................................................................................................................................................................................................................................................................................................................................................................................................................................................................................................................................................................................................................................................................................................................................................................................................................................................................................................................................................................................................................................................................................................................................................................................................................................................................................................................................................................................................................................................................................................................................................................................................................................................................................................................................................................................................................................................................................................................................................................................................................................................................................................................................................................................................................................................................................................................................................................................................................................................................................................................................................................................................................................................................................................................................................................................................................................................................................................................................................................................................................................................................................................................................................................................................................................................................................................................................................................................................................................................................................................................................................................................................................................................................................................................................................................................................................................................................................................................................................................................................................................................................................................................................................................................................................................................................................................................................................................................................................................................................................................................................................................................................................................................................................................................................................................................................................................................................................................................................................................................................................................................................................................................................................................................................................................................................................................................................................................................................................................................................................................................................................................................................................................................................................................................................................................................................................................................................................................................................................................................................................................................................................................................................................................................................................................................................................................................................................................................................................................................................................................................................................................................................................................................................................................................................................................................................................................................................................................................................................................................................................................................................................................................................................................................................................................................................................................................................................................................................................................................................................................................................................................................................................................................................................................................................................................................................................................................................................................................................................................................................................................................................................................................................................................................................................................................................................................................................................................................................................................................................................................................................................................................................................................................................................................................................................................................................................................................................................................................................................................................................................................................................................................................................................................................................................................................................................................................................................................................................................................................................................................................................................................................................................................................................................................................................................................................................................................................................................................................................................................................................................................................................................................................................................................................................................................................................................................................................................................................................................................................................................................................................................................................................................................................................................................................................................................................................................................................................................................................................................................................................................................................................................................................................................................................................................................................................................................................................................................................................................................................................................................................................................................................................................................................................................................................................................................................................................................................................................................................................................................................................................................................................................................................................................................................................................................................................................................................................................................................................................................................................................................................................................................................................................................................................................................................................................................................................................................................................................................................................................................................................................................................................................................................................................................................................................................................................................................................................................................................................................................................................................................................................................................................................................................................................................................................................................................................................................................................................................................................................................................................................................................................................................................................................................................................................................................................................................................................................................................................................................................................................................................................................................................................................................................................................................................................................................................................................................................................................................................................................................................................................................................................................................................................................................................................................................................................................................................................................................................................................................................................................................................................................................................................................................................................................................................................................................................................................................................................................................................................................................................................................................................................................................................................................................................................................................................................................................................................................................................................................................................................................................................................................................................................................................................................................................................................................................................................................................................................................................................................................................................................................................................................................................................................................................................................................................................................................................................................................................................................................................................................................................................................................................................................................................................................................................................................................................................................................................................................................................................................................................................................................................................................................................................................................................................................................................................................................................................................................................................................................................................................................................................................................................................................................................................................................................................................................................................................................................................................................................................................................................................................................................................................................................................................................................................................................................................................................................................................................................................................................................................................................................................................................................................................................................................................................................................................................................................................................................................................................................................................................................................................................................................................................................................................................................................................................................................................................................................................................................................................................................................................................................................................................................................................................................................................................................................................................................................................................................................................................................................................................................................................................................................................................................................................................................................................................................................................................................................................................................................................................................................................................................................................................................................................................................................................................................................................................................................................................................................................................................................................................................................................................................................................................................................................................................................................................................................................................................................................................................................................................................................................................................................................................................................................................................................................................................................................................................................................................................................................................................................................................................................................................................................................................................................................................................................................................................................................................................................................................................................................................................................................................................................................................................................................................................................................................................................................................................................................................................................................................................................................................................................................................................................................................................................................................................................................................................................................................................................................................................................................................................................................................................................................................................................................................................................................................................................................................................................................................................................................................................................................................................................................................................................................................................................................................................................................................................................................................................................................................................................................................................................................................................................................................................................................................................................................................................................................................................................................................................................................................................................................................................................................................................................................................................................................................................................................................................................................................................................................................................................................................................................................................................................................................................................................................................................................................................................................................................................................................................................................................................................................................................................................................................................................................................................................................................................................................................................................................................................................................................................................................................................................................................................................................................................................................................................................................................................................................................................................................................................................................................................................................................................................................................................................................................................................................................................................................................................................................................................................................................................................................................................................................................................................................................................................................................................................................................................................................................................................................................................................................................................................................................................................................................................................................................................................................................................................................................................................................................................................................................................................................................................................................................................................................................................................................................................................................................................................................................................................................................................................................................................................................................................................................................................................................................................................................................................................................................................................................................................................................................................................................................................................................................................................................................................................................................................................................................................................................................................................................................................................................................................................................................................................................................................................................................................................................................................................................................................................................................................................................................................................................................................................................................................................................................................................................................................................................................................................................................................................................................................................................................................................................................................................................................................................................................................................................................................................................................................................................................................................................................................................................................................................................................................................................................................................................................................................................................................................................................................................................................................................................................................................................................................................................................................................................................................................................................................................................................................................................................................................................................................................................................................................................................................................................................................................................................................................................................................................................................................................................................................................................................................................................................................................................................................................................................................................................................................................................................................................................................................................................................................................................................................................................................................................................................................................................................................................................................................................................................................................................................................................................................................................................................................................................................................................................................................................................................................................................................................................................................................................................................................................................................................................................................................................................................................................................................................................................................................................................................................................................................................................................................................................................................................................................................................................................................................................................................................................................................................................................................................................................................................................................................................................................................................................................................................................................................................................................................................................................................................................................................................................................................................................................................................................................................................................................................................................................................................................................................................................................................................................................................................................................................................................................................................................................................................................................................................................................................................................................................................................................................................................................................................................................................................................................................................................................................................................................................................................................................................................................................................................................................................................................................................................................................................................................................................................................................................................................................................................................................................................................................................................................................................................................................................................................................................................................................................................................................................................................................................................................................................................................................................................................................................................................................................................................................................................................................................................................................................................................................................................................................................................................................................................................................................................................................................................................................................................................................................................................................................................................................................................................................................................................................................................................................................................................................................................................................................................................................................................................................................................................................................................................................................................................................................................................................................................................................................................................................................................................................................................................................................................................................................................................................................................................................................................................................................................................................................................................................................................................................................................................................................................................................................................................................................................................................................................................................................................................................................................................................................................................................................................................................................................................................................................................................................................................................................................................................................................................................................................................................................................................................................................................................................................................................................................................................................................................................................................................................................................................................................................................................................................................................................................................................................................................................................................................................................................................................................................................................................................................................................................................................................................................................................................................................................................................................................................................................................................................................................................................................................................................................................................................................................................................................................................................................................................................................................................................................................................................................................................................................................................................................................................................................................................................................................................................................................................................................................................................................................................................................................................................................................................................................................................................................................................................................................................................................................................................................................................................................................................................................................................................................................................................................................................................................................................................................................................................................................................................................................................................................................................................................................................................................................................................................................................................................................................................................................................................................................................................................................................................................................................................................................................................................................................................................................................................................................................................................................................................................................................................................................................................................................................................................................................................................................................................................................................................................................................................................................................................................................................................................................................................................................................................................................................................................................................................................................................................................................................................................................................................................................................................................................................................................................................................................................................................................................................................................................................................................................................................................................................................................................................................................................................................................................................................................................................................................................................................................................................................................................................................................................................................................................................................................................................................................................................................................................................................................................................................................................................................................................................................................................................................................................................................................................................................................................................................................................................................................................................................................................................................................................................................................................................................................................................................................................................................................................................................................................................................................................................................................................................................................................................................................................................................................................................................................................................................................................................................................................................................................................................................................................................................................................................................................................................................................................................................................................................................................................................................................................................................................................................................................................................................................................................................................................................................................................................................................................................................................................................................................................................................................................................................................................................................................................................................................................................................................................................................................................................................................................................................................................................................................................................................................................................................................................................................................................................................................................................................................................................................................................................................................................................................................................................................................................................................................................................................................................................................................................................................................................................................................................................................................................................................................................................................................................................................................................................................................................................................................................................................................................................................................................................................................................................................................................................................................................................................................................................................................................................................................................................................................................................................................................................................................................................................................................................................................................................................................................................................................................................................................................................................................................................................................................................................................................................................................................................................................................................................................................................................................................................................................................................................................................................................................................................................................................................................................................................................................................................................................................................................................................................................................................................................................................................................................................................................................................................................................................................................................................................................................................................................................................................................................................................................................................................................................................................................................................................................................................................................................................................................................................................................................................................................................................................................................................................................................................................................................................................................................................................................................................................................................................................................................................................................................................................................................................................................................................................................................................................................................................................................................................................................................................................................................................................................................................................................................................................................................................................................................................................................................................................................................................................................................................................................................................................................................................................................................................................................................................................................................................................................................................................................................................................................................................................................................................................................................................................................................................................................................................................................................................................................................................................................................................................................................................................................................................................................................................................................................................................................................................................................................................................................................................................................................................................................................................................................................................................................................................................................................................................................................................................................................................................................................................................................................................................................................................................................................................................................................................................................................................................................................................................................................................................................................................................................................................................................................................................................................................................................................................................................................................................................................................................................................................................................................................................................................................................................................................2 ms. Memory: 331776K Free: 316855K (96%)
2 ms. Memory: 331776K Free: 316855K (96%)
1 ms. Memory: 331776K Free: 316855K (96%)
1 ms. Memory: 331776K Free: 312009K (94%)
1 ms. Memory: 331776K Free: 312009K (94%)
/home/travis/build/icyphy/ptII/ptolemy/actor/lib/test/IIR.tcl
/home/travis/build/icyphy/ptII/ptolemy/actor/lib/test/Interpolator.tcl
7 ms. Memory: 331776K Free: 311334K (94%)
1 ms. Memory: 331776K Free: 306488K (92%)
1 ms. Memory: 331776K Free: 306488K (92%)
2 ms. Memory: 331776K Free: 306488K (92%)
3 ms. Memory: 331776K Free: 306488K (92%)
2 ms. Memory: 331776K Free: 306488K (92%)
2 ms. Memory: 331776K Free: 306488K (92%)
2 ms. Memory: 331776K Free: 301641K (91%)
2 ms. Memory: 331776K Free: 301641K (91%)
2 ms. Memory: 331776K Free: 301641K (91%)
/home/travis/build/icyphy/ptII/ptolemy/actor/lib/test/MathFunction.tcl
11 ms. Memory: 331776K Free: 301641K (91%)
3 ms. Memory: 331776K Free: 296795K (89%)
10 ms. Memory: 331776K Free: 296795K (89%)
2 ms. Memory: 331776K Free: 296795K (89%)
22 ms. Memory: 331776K Free: 296795K (89%)
5 ms. Memory: 331776K Free: 291949K (88%)
/home/travis/build/icyphy/ptII/ptolemy/actor/lib/test/Maximum.tcl
3 ms. Memory: 331776K Free: 291949K (88%)
2 ms. Memory: 331776K Free: 291949K (88%)
1 ms. Memory: 331776K Free: 291949K (88%)
3 ms. Memory: 331776K Free: 291949K (88%)
/home/travis/build/icyphy/ptII/ptolemy/actor/lib/test/Minimum.tcl
3 ms. Memory: 331776K Free: 287103K (87%)
2 ms. Memory: 331776K Free: 287103K (87%)
2 ms. Memory: 331776K Free: 287103K (87%)
2 ms. Memory: 331776K Free: 287103K (87%)
/home/travis/build/icyphy/ptII/ptolemy/actor/lib/test/MultiplyDivide.tcl
3 ms. Memory: 331776K Free: 282257K (85%)
2 ms. Memory: 331776K Free: 282257K (85%)
2 ms. Memory: 331776K Free: 282257K (85%)
2 ms. Memory: 331776K Free: 282257K (85%)
1 ms. Memory: 331776K Free: 282257K (85%)
/home/travis/build/icyphy/ptII/ptolemy/actor/lib/test/OrderedMerge.tcl
Connections changed on port: inputA
Connections changed on port: inputB
Connections changed on port: output
Connections changed on port: output
Connections changed on port: output
Connections changed on port: input
.top. Preinitializing ...
Invoking preinitialize():  .top.OrderedMerge
Called preinitialize()
Invoking preinitialize():  .top.Ramp
Called preinitialize()
Invoking preinitialize():  .top.Ramp2
Called preinitialize()
Invoking preinitialize():  .top.Test
Called preinitialize()
Connections changed on port: inputA
Connections changed on port: output
Connections changed on port: inputB
Connections changed on port: output
Connections changed on port: output
Connections changed on port: input
.top. Finished preinitialize().
Called initialize().
Invoking initialize():  .top.OrderedMerge
Initializing actor: .top.OrderedMerge
Adding a thread: .top.OrderedMerge
Invoking initialize():  .top.Ramp
Initializing actor: .top.Ramp
Adding a thread: .top.Ramp
Invoking initialize():  .top.Ramp2
Initializing actor: .top.Ramp2
Adding a thread: .top.Ramp2
Invoking initialize():  .top.Test
Initializing actor: .top.Test
Adding a thread: .top.Test
-- Starting thread.
Called initialize()
Called prefire()
Called fire()
-- Starting thread.
Called initialize()
Called prefire()
Called fire()
Called postfire()
Called prefire()
Called fire()
-- Starting thread.
Called initialize()
Called prefire()
Called fire()
Called postfire()
Called prefire()
Called fire()
Called fire().
Checking for deadlock:
There are 3 Blocked actors, 0 Stopped actors, and 4 active threads.
Waiting for actors to stop.
-- Starting thread.
Called initialize()
Called prefire()
Called fire()
Checking for deadlock:
There are 2 Blocked actors, 0 Stopped actors, and 4 active threads.
Waiting for actors to stop.
Called postfire()
Called prefire()
Called fire()
Checking for deadlock:
There are 3 Blocked actors, 0 Stopped actors, and 4 active threads.
Waiting for actors to stop.
Read input token from inputA with value 0.0
Next port to read input from is inputB
Called postfire()
Called prefire()
Called fire()
Checking for deadlock:
There are 2 Blocked actors, 0 Stopped actors, and 4 active threads.
Waiting for actors to stop.
Called postfire()
Called prefire()
Called fire()
Checking for deadlock:
There are 3 Blocked actors, 0 Stopped actors, and 4 active threads.
Waiting for actors to stop.
Read input token from inputB with value 0.0
Checking for deadlock:
There are 2 Blocked actors, 0 Stopped actors, and 4 active threads.
Waiting for actors to stop.
-- Read input: 0.0, which is expected to match: 0.0
Called prefire()
Called fire()
Checking for deadlock:
There are 3 Blocked actors, 0 Stopped actors, and 4 active threads.
Waiting for actors to stop.
Sent output token with value 0.0
Next port to read input from is inputA
Called postfire()
Called prefire()
Called fire()
Checking for deadlock:
There are 2 Blocked actors, 0 Stopped actors, and 4 active threads.
Waiting for actors to stop.
Called postfire()
Called prefire()
Called fire()
Checking for deadlock:
There are 3 Blocked actors, 0 Stopped actors, and 4 active threads.
Waiting for actors to stop.
Read input token from inputA with value 1.0
Checking for deadlock:
There are 2 Blocked actors, 0 Stopped actors, and 4 active threads.
Waiting for actors to stop.
-- Read input: 0.0, which is expected to match: 0.0
Called prefire()
Called fire()
Checking for deadlock:
There are 3 Blocked actors, 0 Stopped actors, and 4 active threads.
Waiting for actors to stop.
Sent output token with value 0.0
Next port to read input from is inputB
Called postfire()
Called prefire()
Called fire()
Checking for deadlock:
There are 2 Blocked actors, 0 Stopped actors, and 4 active threads.
Waiting for actors to stop.
Called postfire()
Called prefire()
Called fire()
Checking for deadlock:
There are 3 Blocked actors, 0 Stopped actors, and 4 active threads.
Waiting for actors to stop.
Read input token from inputB with value 1.5
Checking for deadlock:
There are 2 Blocked actors, 0 Stopped actors, and 4 active threads.
Waiting for actors to stop.
-- Read input: 1.0, which is expected to match: 1.0
Called prefire()
Called fire()
Checking for deadlock:
There are 3 Blocked actors, 0 Stopped actors, and 4 active threads.
Waiting for actors to stop.
Sent output token with value 1.0
Next port to read input from is inputA
Called postfire()
Called prefire()
Called fire()
Checking for deadlock:
There are 2 Blocked actors, 0 Stopped actors, and 4 active threads.
Waiting for actors to stop.
Called postfire()
Called prefire()
Called fire()
Checking for deadlock:
There are 3 Blocked actors, 0 Stopped actors, and 4 active threads.
Waiting for actors to stop.
Read input token from inputA with value 2.0
Checking for deadlock:
There are 2 Blocked actors, 0 Stopped actors, and 4 active threads.
Waiting for actors to stop.
-- Read input: 1.5, which is expected to match: 1.5
Called prefire()
Called fire()
Checking for deadlock:
There are 3 Blocked actors, 0 Stopped actors, and 4 active threads.
Waiting for actors to stop.
Sent output token with value 1.5
Next port to read input from is inputB
Called postfire()
Called prefire()
Called fire()
Checking for deadlock:
There are 2 Blocked actors, 0 Stopped actors, and 4 active threads.
Waiting for actors to stop.
Called postfire()
Called prefire()
Called fire()
Checking for deadlock:
There are 3 Blocked actors, 0 Stopped actors, and 4 active threads.
Waiting for actors to stop.
Read input token from inputB with value 3.0
Checking for deadlock:
There are 2 Blocked actors, 0 Stopped actors, and 4 active threads.
Waiting for actors to stop.
-- Read input: 2.0, which is expected to match: 2.0
Called prefire()
Called fire()
Checking for deadlock:
There are 3 Blocked actors, 0 Stopped actors, and 4 active threads.
Waiting for actors to stop.
Sent output token with value 2.0
Next port to read input from is inputA
Called postfire()
Called prefire()
Called fire()
Checking for deadlock:
There are 2 Blocked actors, 0 Stopped actors, and 4 active threads.
Waiting for actors to stop.
Called postfire()
Called prefire()
Called fire()
Checking for deadlock:
There are 3 Blocked actors, 0 Stopped actors, and 4 active threads.
Waiting for actors to stop.
Read input token from inputA with value 3.0
Checking for deadlock:
There are 2 Blocked actors, 0 Stopped actors, and 4 active threads.
Waiting for actors to stop.
-- Read input: 3.0, which is expected to match: 3.0
Called prefire()
Called fire()
Checking for deadlock:
There are 3 Blocked actors, 0 Stopped actors, and 4 active threads.
Waiting for actors to stop.
Sent output token with value 3.0
Next port to read input from is inputB
Called postfire()
Called prefire()
Called fire()
Checking for deadlock:
There are 2 Blocked actors, 0 Stopped actors, and 4 active threads.
Waiting for actors to stop.
Called postfire()
Called prefire()
Called fire()
Checking for deadlock:
There are 3 Blocked actors, 0 Stopped actors, and 4 active threads.
Waiting for actors to stop.
Read input token from inputB with value 4.5
Checking for deadlock:
There are 2 Blocked actors, 0 Stopped actors, and 4 active threads.
Waiting for actors to stop.
-- Read input: 3.0, which is expected to match: 3.0
Called prefire()
Called fire()
Checking for deadlock:
There are 3 Blocked actors, 0 Stopped actors, and 4 active threads.
Waiting for actors to stop.
Sent output token with value 3.0
Next port to read input from is inputA
Called postfire()
Called prefire()
Called fire()
Checking for deadlock:
There are 2 Blocked actors, 0 Stopped actors, and 4 active threads.
Waiting for actors to stop.
Called postfire()
Called prefire()
Called fire()
Checking for deadlock:
There are 3 Blocked actors, 0 Stopped actors, and 4 active threads.
Waiting for actors to stop.
Read input token from inputA with value 4.0
Checking for deadlock:
There are 2 Blocked actors, 0 Stopped actors, and 4 active threads.
Waiting for actors to stop.
-- Read input: 4.0, which is expected to match: 4.0
Called prefire()
Called fire()
Past the end of training data. Read and discard all inputs.
Checking for deadlock:
There are 3 Blocked actors, 0 Stopped actors, and 4 active threads.
Waiting for actors to stop.
Sent output token with value 4.0
Next port to read input from is inputA
Called postfire()
Called prefire()
Called fire()
Checking for deadlock:
There are 2 Blocked actors, 0 Stopped actors, and 4 active threads.
Waiting for actors to stop.
Called postfire()
Called prefire()
Called fire()
Checking for deadlock:
There are 3 Blocked actors, 0 Stopped actors, and 4 active threads.
Waiting for actors to stop.
Read input token from inputA with value 5.0
Checking for deadlock:
There are 2 Blocked actors, 0 Stopped actors, and 4 active threads.
Waiting for actors to stop.
Called prefire()
Called fire()
Past the end of training data. Read and discard all inputs.
Checking for deadlock:
There are 3 Blocked actors, 0 Stopped actors, and 4 active threads.
Waiting for actors to stop.
Sent output token with value 4.5
Next port to read input from is inputB
Called postfire()
Called prefire()
Called fire()
Checking for deadlock:
There are 2 Blocked actors, 0 Stopped actors, and 4 active threads.
Waiting for actors to stop.
Called postfire()
Called prefire()
Called fire()
Checking for deadlock:
There are 3 Blocked actors, 0 Stopped actors, and 4 active threads.
Waiting for actors to stop.
Read input token from inputB with value 6.0
Checking for deadlock:
There are 2 Blocked actors, 0 Stopped actors, and 4 active threads.
Waiting for actors to stop.
Called prefire()
Called fire()
Past the end of training data. Read and discard all inputs.
Checking for deadlock:
There are 3 Blocked actors, 0 Stopped actors, and 4 active threads.
Waiting for actors to stop.
Sent output token with value 5.0
Next port to read input from is inputA
Called postfire()
Called prefire()
Called fire()
Checking for deadlock:
There are 2 Blocked actors, 0 Stopped actors, and 4 active threads.
Waiting for actors to stop.
Called postfire()
Called prefire()
Called fire()
Checking for deadlock:
There are 3 Blocked actors, 0 Stopped actors, and 4 active threads.
Waiting for actors to stop.
Read input token from inputA with value 6.0
Checking for deadlock:
There are 2 Blocked actors, 0 Stopped actors, and 4 active threads.
Waiting for actors to stop.
Called prefire()
Called fire()
Past the end of training data. Read and discard all inputs.
Checking for deadlock:
There are 3 Blocked actors, 0 Stopped actors, and 4 active threads.
Waiting for actors to stop.
Sent output token with value 6.0
Next port to read input from is inputB
Called postfire()
Called prefire()
Called fire()
Checking for deadlock:
There are 2 Blocked actors, 0 Stopped actors, and 4 active threads.
Waiting for actors to stop.
Called postfire()
Called prefire()
Called fire()
Checking for deadlock:
There are 3 Blocked actors, 0 Stopped actors, and 4 active threads.
Waiting for actors to stop.
Read input token from inputB with value 7.5
Checking for deadlock:
There are 2 Blocked actors, 0 Stopped actors, and 4 active threads.
Waiting for actors to stop.
Called prefire()
Called fire()
Past the end of training data. Read and discard all inputs.
Checking for deadlock:
There are 3 Blocked actors, 0 Stopped actors, and 4 active threads.
Waiting for actors to stop.
Sent output token with value 6.0
Next port to read input from is inputA
Called postfire()
Called prefire()
Called fire()
Checking for deadlock:
There are 2 Blocked actors, 0 Stopped actors, and 4 active threads.
Waiting for actors to stop.
Called postfire()
Called prefire()
Called fire()
Checking for deadlock:
There are 3 Blocked actors, 0 Stopped actors, and 4 active threads.
Waiting for actors to stop.
Read input token from inputA with value 7.0
Checking for deadlock:
There are 2 Blocked actors, 0 Stopped actors, and 4 active threads.
Waiting for actors to stop.
Called prefire()
Called fire()
Past the end of training data. Read and discard all inputs.
Checking for deadlock:
There are 3 Blocked actors, 0 Stopped actors, and 4 active threads.
Waiting for actors to stop.
Sent output token with value 7.0
Next port to read input from is inputA
Called postfire()
Called prefire()
Called fire()
Checking for deadlock:
There are 2 Blocked actors, 0 Stopped actors, and 4 active threads.
Waiting for actors to stop.
-- Thread wrapup() called.
Called wrapup()
Thread .top.Ramp is exiting.
-- Thread stopped.
Checking for deadlock:
There are 2 Blocked actors, 0 Stopped actors, and 3 active threads.
Waiting for actors to stop.
Read input token from inputA with value 8.0
Checking for deadlock:
There are 1 Blocked actors, 0 Stopped actors, and 3 active threads.
Waiting for actors to stop.
Called prefire()
Called fire()
Past the end of training data. Read and discard all inputs.
Checking for deadlock:
There are 2 Blocked actors, 0 Stopped actors, and 3 active threads.
Waiting for actors to stop.
Sent output token with value 7.5
Next port to read input from is inputB
Called postfire()
Called prefire()
Called fire()
Checking for deadlock:
There are 1 Blocked actors, 0 Stopped actors, and 3 active threads.
Waiting for actors to stop.
Called postfire()
Called prefire()
Called fire()
Checking for deadlock:
There are 2 Blocked actors, 0 Stopped actors, and 3 active threads.
Waiting for actors to stop.
Read input token from inputB with value 9.0
Checking for deadlock:
There are 1 Blocked actors, 0 Stopped actors, and 3 active threads.
Waiting for actors to stop.
Called prefire()
Called fire()
Past the end of training data. Read and discard all inputs.
Checking for deadlock:
There are 2 Blocked actors, 0 Stopped actors, and 3 active threads.
Waiting for actors to stop.
Sent output token with value 8.0
Next port to read input from is inputA
Called postfire()
Called prefire()
Called fire()
Read input token from inputA with value 9.0
Checking for deadlock:
There are 1 Blocked actors, 0 Stopped actors, and 3 active threads.
Waiting for actors to stop.
Called prefire()
Called fire()
Past the end of training data. Read and discard all inputs.
Checking for deadlock:
There are 2 Blocked actors, 0 Stopped actors, and 3 active threads.
Waiting for actors to stop.
Sent output token with value 9.0
Next port to read input from is inputB
Called postfire()
Called prefire()
Called fire()
Checking for deadlock:
There are 1 Blocked actors, 0 Stopped actors, and 3 active threads.
Waiting for actors to stop.
Called postfire()
Called prefire()
Called fire()
Checking for deadlock:
There are 2 Blocked actors, 0 Stopped actors, and 3 active threads.
Waiting for actors to stop.
Read input token from inputB with value 10.5
Checking for deadlock:
There are 1 Blocked actors, 0 Stopped actors, and 3 active threads.
Waiting for actors to stop.
Called prefire()
Called fire()
Past the end of training data. Read and discard all inputs.
Checking for deadlock:
There are 2 Blocked actors, 0 Stopped actors, and 3 active threads.
Waiting for actors to stop.
Sent output token with value 9.0
Next port to read input from is inputA
Called postfire()
Called prefire()
Called fire()
Checking for deadlock:
There are 3 Blocked actors, 0 Stopped actors, and 3 active threads.
Actors have stopped.
Checking for deadlock:
There are 3 Blocked actors, 0 Stopped actors, and 3 active threads.
Deadlock detected.
Resolving Deadlock
Checking for deadlock:
There are 3 Blocked actors, 0 Stopped actors, and 3 active threads.
Artificial Deadlock - increasing queue capacity.
increasing the capacity of receiver ptolemy.actor.TypedIOPort {.top.OrderedMerge.inputB} to 2
Director: Called postfire().
Called postfire().
_stopRequested = false
_stopFireRequested = false
Returning from postfire(): true
Called fire().
Checking for deadlock:
There are 2 Blocked actors, 0 Stopped actors, and 3 active threads.
Waiting for actors to stop.
-- Thread wrapup() called.
Called wrapup()
Thread .top.Ramp2 is exiting.
-- Thread stopped.
Checking for deadlock:
There are 2 Blocked actors, 0 Stopped actors, and 2 active threads.
Actors have stopped.
Checking for deadlock:
There are 2 Blocked actors, 0 Stopped actors, and 2 active threads.
Deadlock detected.
Resolving Deadlock
Checking for deadlock:
There are 2 Blocked actors, 0 Stopped actors, and 2 active threads.
Deadlock detected: no processes blocked on write, but some are blocked on read.
Called postfire().
_stopRequested = false
_stopFireRequested = false
Returning from postfire(): false
Finished deactivating branches.
Called wrapup().
-- Thread wrapup() called.
Called wrapup()
Thread .top.Test is exiting.
-- Thread stopped.
-- Blocked Receiver call threw TerminateProcessException.
-- Thread wrapup() called.
Called wrapup()
Thread .top.OrderedMerge is exiting.
22 ms. Memory: 331776K Free: 267580K (81%)
.top. Preinitializing ...
Invoking preinitialize():  .top.OrderedMerge
Called preinitialize()
Invoking preinitialize():  .top.Ramp
Called preinitialize()
Invoking preinitialize():  .top.Ramp2
Called preinitialize()
Invoking preinitialize():  .top.Test
Called preinitialize()
.top. Finished preinitialize().
Called initialize().
Invoking initialize():  .top.OrderedMerge
Initializing actor: .top.OrderedMerge
Adding a thread: .top.OrderedMerge
Invoking initialize():  .top.Ramp
Initializing actor: .top.Ramp
Adding a thread: .top.Ramp
Invoking initialize():  .top.Ramp2
Initializing actor: .top.Ramp2
Adding a thread: .top.Ramp2
Invoking initialize():  .top.Test
Initializing actor: .top.Test
Adding a thread: .top.Test
-- Thread stopped.
-- Blocked Receiver call threw TerminateProcessException.
-- Starting thread.
Called initialize()
Called prefire()
Called fire()
-- Starting thread.
Called initialize()
Called prefire()
Called fire()
Called postfire()
Called prefire()
Called fire()
-- Starting thread.
Called initialize()
Called prefire()
Called fire()
Called postfire()
Called prefire()
Called fire()
Called fire().
Checking for deadlock:
There are 3 Blocked actors, 0 Stopped actors, and 4 active threads.
Waiting for actors to stop.
-- Starting thread.
Called initialize()
Called prefire()
Called fire()
Checking for deadlock:
There are 2 Blocked actors, 0 Stopped actors, and 4 active threads.
Waiting for actors to stop.
Called postfire()
Called prefire()
Called fire()
Checking for deadlock:
There are 3 Blocked actors, 0 Stopped actors, and 4 active threads.
Waiting for actors to stop.
Read input token from inputA with value 0.0
Next port to read input from is inputB
Called postfire()
Called prefire()
Called fire()
Checking for deadlock:
There are 2 Blocked actors, 0 Stopped actors, and 4 active threads.
Waiting for actors to stop.
Called postfire()
Called prefire()
Called fire()
Checking for deadlock:
There are 3 Blocked actors, 0 Stopped actors, and 4 active threads.
Waiting for actors to stop.
Read input token from inputB with value 0.0
Checking for deadlock:
There are 2 Blocked actors, 0 Stopped actors, and 4 active threads.
Waiting for actors to stop.
-- Read input: 0.0, which is expected to match: 0.0
Called prefire()
Called fire()
Checking for deadlock:
There are 3 Blocked actors, 0 Stopped actors, and 4 active threads.
Waiting for actors to stop.
Sent output token with value 0.0
Next port to read input from is inputA
Called postfire()
Called prefire()
Called fire()
Checking for deadlock:
There are 2 Blocked actors, 0 Stopped actors, and 4 active threads.
Waiting for actors to stop.
Called postfire()
Called prefire()
Called fire()
Checking for deadlock:
There are 3 Blocked actors, 0 Stopped actors, and 4 active threads.
Waiting for actors to stop.
Read input token from inputA with value 1.0
Checking for deadlock:
There are 2 Blocked actors, 0 Stopped actors, and 4 active threads.
Waiting for actors to stop.
-- Read input: 0.0, which is expected to match: 0.0
Called prefire()
Called fire()
Checking for deadlock:
There are 3 Blocked actors, 0 Stopped actors, and 4 active threads.
Waiting for actors to stop.
Sent output token with value 0.0
Next port to read input from is inputB
Called postfire()
Called prefire()
Called fire()
Checking for deadlock:
There are 2 Blocked actors, 0 Stopped actors, and 4 active threads.
Waiting for actors to stop.
Called postfire()
Called prefire()
Called fire()
Checking for deadlock:
There are 3 Blocked actors, 0 Stopped actors, and 4 active threads.
Waiting for actors to stop.
Read input token from inputB with value 1.5
Checking for deadlock:
There are 2 Blocked actors, 0 Stopped actors, and 4 active threads.
Waiting for actors to stop.
-- Read input: 1.0, which is expected to match: 1.0
Called prefire()
Called fire()
Checking for deadlock:
There are 3 Blocked actors, 0 Stopped actors, and 4 active threads.
Waiting for actors to stop.
Sent output token with value 1.0
Next port to read input from is inputA
Called postfire()
Called prefire()
Called fire()
Checking for deadlock:
There are 2 Blocked actors, 0 Stopped actors, and 4 active threads.
Waiting for actors to stop.
Called postfire()
Called prefire()
Called fire()
Checking for deadlock:
There are 3 Blocked actors, 0 Stopped actors, and 4 active threads.
Waiting for actors to stop.
Read input token from inputA with value 2.0
Checking for deadlock:
There are 2 Blocked actors, 0 Stopped actors, and 4 active threads.
Waiting for actors to stop.
-- Read input: 1.5, which is expected to match: 1.5
Called prefire()
Called fire()
Checking for deadlock:
There are 3 Blocked actors, 0 Stopped actors, and 4 active threads.
Waiting for actors to stop.
Sent output token with value 1.5
Next port to read input from is inputB
Called postfire()
Called prefire()
Called fire()
Checking for deadlock:
There are 2 Blocked actors, 0 Stopped actors, and 4 active threads.
Waiting for actors to stop.
Called postfire()
Called prefire()
Called fire()
Checking for deadlock:
There are 3 Blocked actors, 0 Stopped actors, and 4 active threads.
Waiting for actors to stop.
Read input token from inputB with value 3.0
Checking for deadlock:
There are 2 Blocked actors, 0 Stopped actors, and 4 active threads.
Waiting for actors to stop.
-- Read input: 2.0, which is expected to match: 2.0
Called prefire()
Called fire()
Checking for deadlock:
There are 3 Blocked actors, 0 Stopped actors, and 4 active threads.
Waiting for actors to stop.
Sent output token with value 2.0
Next port to read input from is inputA
Called postfire()
Called prefire()
Called fire()
Checking for deadlock:
There are 2 Blocked actors, 0 Stopped actors, and 4 active threads.
Waiting for actors to stop.
Called postfire()
Called prefire()
Called fire()
Checking for deadlock:
There are 3 Blocked actors, 0 Stopped actors, and 4 active threads.
Waiting for actors to stop.
Read input token from inputA with value 3.0
Checking for deadlock:
There are 2 Blocked actors, 0 Stopped actors, and 4 active threads.
Waiting for actors to stop.
-- Read input: 3.0, which is expected to match: 3.0
Called prefire()
Called fire()
Checking for deadlock:
There are 3 Blocked actors, 0 Stopped actors, and 4 active threads.
Waiting for actors to stop.
Sent output token with value 3.0
Next port to read input from is inputB
Called postfire()
Called prefire()
Called fire()
Called postfire()
Called prefire()
Called fire()
Checking for deadlock:
There are 3 Blocked actors, 0 Stopped actors, and 4 active threads.
Waiting for actors to stop.
Read input token from inputB with value 4.5
-- Read input: 3.0, which is expected to match: 3.0
Called prefire()
Called fire()
Checking for deadlock:
There are 3 Blocked actors, 0 Stopped actors, and 4 active threads.
Waiting for actors to stop.
Sent output token with value 3.0
Next port to read input from is inputA
Called postfire()
Called prefire()
Called fire()
Checking for deadlock:
There are 2 Blocked actors, 0 Stopped actors, and 4 active threads.
Waiting for actors to stop.
Called postfire()
Called prefire()
Called fire()
Checking for deadlock:
There are 3 Blocked actors, 0 Stopped actors, and 4 active threads.
Waiting for actors to stop.
Read input token from inputA with value 4.0
Checking for deadlock:
There are 2 Blocked actors, 0 Stopped actors, and 4 active threads.
Waiting for actors to stop.
-- Read input: 4.0, which is expected to match: 4.0
Called prefire()
Called fire()
Past the end of training data. Read and discard all inputs.
Checking for deadlock:
There are 3 Blocked actors, 0 Stopped actors, and 4 active threads.
Waiting for actors to stop.
Sent output token with value 4.0
Next port to read input from is inputA
Called postfire()
Called prefire()
Called fire()
Checking for deadlock:
There are 2 Blocked actors, 0 Stopped actors, and 4 active threads.
Waiting for actors to stop.
Called postfire()
Called prefire()
Called fire()
Checking for deadlock:
There are 3 Blocked actors, 0 Stopped actors, and 4 active threads.
Waiting for actors to stop.
Read input token from inputA with value 5.0
Checking for deadlock:
There are 2 Blocked actors, 0 Stopped actors, and 4 active threads.
Waiting for actors to stop.
Called prefire()
Called fire()
Past the end of training data. Read and discard all inputs.
Checking for deadlock:
There are 3 Blocked actors, 0 Stopped actors, and 4 active threads.
Waiting for actors to stop.
Sent output token with value 4.5
Next port to read input from is inputB
Called postfire()
Called prefire()
Called fire()
Called postfire()
Called prefire()
Called fire()
Checking for deadlock:
There are 3 Blocked actors, 0 Stopped actors, and 4 active threads.
Waiting for actors to stop.
Read input token from inputB with value 6.0
Called prefire()
Called fire()
Past the end of training data. Read and discard all inputs.
Checking for deadlock:
There are 3 Blocked actors, 0 Stopped actors, and 4 active threads.
Waiting for actors to stop.
Sent output token with value 5.0
Next port to read input from is inputA
Called postfire()
Called prefire()
Called fire()
Checking for deadlock:
There are 2 Blocked actors, 0 Stopped actors, and 4 active threads.
Waiting for actors to stop.
Called postfire()
Called prefire()
Called fire()
Checking for deadlock:
There are 3 Blocked actors, 0 Stopped actors, and 4 active threads.
Waiting for actors to stop.
Read input token from inputA with value 6.0
Checking for deadlock:
There are 2 Blocked actors, 0 Stopped actors, and 4 active threads.
Waiting for actors to stop.
Called prefire()
Called fire()
Past the end of training data. Read and discard all inputs.
Checking for deadlock:
There are 3 Blocked actors, 0 Stopped actors, and 4 active threads.
Waiting for actors to stop.
Sent output token with value 6.0
Next port to read input from is inputB
Called postfire()
Called prefire()
Called fire()
Called postfire()
Called prefire()
Called fire()
Checking for deadlock:
There are 3 Blocked actors, 0 Stopped actors, and 4 active threads.
Waiting for actors to stop.
Read input token from inputB with value 7.5
Called prefire()
Called fire()
Past the end of training data. Read and discard all inputs.
Checking for deadlock:
There are 3 Blocked actors, 0 Stopped actors, and 4 active threads.
Waiting for actors to stop.
Sent output token with value 6.0
Next port to read input from is inputA
Called postfire()
Called prefire()
Called fire()
Checking for deadlock:
There are 2 Blocked actors, 0 Stopped actors, and 4 active threads.
Waiting for actors to stop.
Called postfire()
Called prefire()
Called fire()
Checking for deadlock:
There are 3 Blocked actors, 0 Stopped actors, and 4 active threads.
Waiting for actors to stop.
Read input token from inputA with value 7.0
Checking for deadlock:
There are 2 Blocked actors, 0 Stopped actors, and 4 active threads.
Waiting for actors to stop.
Called prefire()
Called fire()
Past the end of training data. Read and discard all inputs.
Checking for deadlock:
There are 3 Blocked actors, 0 Stopped actors, and 4 active threads.
Waiting for actors to stop.
Sent output token with value 7.0
Next port to read input from is inputA
Called postfire()
Called prefire()
Called fire()
Checking for deadlock:
There are 2 Blocked actors, 0 Stopped actors, and 4 active threads.
Waiting for actors to stop.
-- Thread wrapup() called.
Called wrapup()
Thread .top.Ramp is exiting.
Checking for deadlock:
There are 2 Blocked actors, 0 Stopped actors, and 3 active threads.
Waiting for actors to stop.
-- Thread stopped.
Read input token from inputA with value 8.0
Checking for deadlock:
There are 1 Blocked actors, 0 Stopped actors, and 3 active threads.
Waiting for actors to stop.
Called prefire()
Called fire()
Past the end of training data. Read and discard all inputs.
Checking for deadlock:
There are 2 Blocked actors, 0 Stopped actors, and 3 active threads.
Waiting for actors to stop.
Sent output token with value 7.5
Next port to read input from is inputB
Called postfire()
Called prefire()
Called fire()
Called postfire()
Called prefire()
Called fire()
Checking for deadlock:
There are 2 Blocked actors, 0 Stopped actors, and 3 active threads.
Waiting for actors to stop.
Read input token from inputB with value 9.0
Called prefire()
Called fire()
Past the end of training data. Read and discard all inputs.
Checking for deadlock:
There are 2 Blocked actors, 0 Stopped actors, and 3 active threads.
Waiting for actors to stop.
Sent output token with value 8.0
Next port to read input from is inputA
Called postfire()
Called prefire()
Called fire()
Read input token from inputA with value 9.0
Checking for deadlock:
There are 1 Blocked actors, 0 Stopped actors, and 3 active threads.
Waiting for actors to stop.
Called prefire()
Called fire()
Past the end of training data. Read and discard all inputs.
Checking for deadlock:
There are 2 Blocked actors, 0 Stopped actors, and 3 active threads.
Waiting for actors to stop.
Sent output token with value 9.0
Next port to read input from is inputB
Called postfire()
Called prefire()
Called fire()
Called postfire()
Called prefire()
Called fire()
Checking for deadlock:
There are 2 Blocked actors, 0 Stopped actors, and 3 active threads.
Waiting for actors to stop.
Read input token from inputB with value 10.5
Called prefire()
Called fire()
Past the end of training data. Read and discard all inputs.
Checking for deadlock:
There are 2 Blocked actors, 0 Stopped actors, and 3 active threads.
Waiting for actors to stop.
Sent output token with value 9.0
Next port to read input from is inputA
Called postfire()
Called prefire()
Called fire()
Checking for deadlock:
There are 3 Blocked actors, 0 Stopped actors, and 3 active threads.
Actors have stopped.
Checking for deadlock:
There are 3 Blocked actors, 0 Stopped actors, and 3 active threads.
Deadlock detected.
Resolving Deadlock
Checking for deadlock:
There are 3 Blocked actors, 0 Stopped actors, and 3 active threads.
Artificial Deadlock - increasing queue capacity.
increasing the capacity of receiver ptolemy.actor.TypedIOPort {.top.OrderedMerge.inputB} to 2
Director: Called postfire().
Called postfire().
_stopRequested = false
_stopFireRequested = false
Returning from postfire(): true
Called fire().
Checking for deadlock:
There are 2 Blocked actors, 0 Stopped actors, and 3 active threads.
Waiting for actors to stop.
-- Thread wrapup() called.
Called wrapup()
Thread .top.Ramp2 is exiting.
-- Thread stopped.
Checking for deadlock:
There are 2 Blocked actors, 0 Stopped actors, and 2 active threads.
Actors have stopped.
Checking for deadlock:
There are 2 Blocked actors, 0 Stopped actors, and 2 active threads.
Deadlock detected.
Resolving Deadlock
Checking for deadlock:
There are 2 Blocked actors, 0 Stopped actors, and 2 active threads.
Deadlock detected: no processes blocked on write, but some are blocked on read.
Called postfire().
_stopRequested = false
_stopFireRequested = false
Returning from postfire(): false
Finished deactivating branches.
Called wrapup().
-- Thread wrapup() called.
Called wrapup()
Thread .top.OrderedMerge is exiting.
-- Thread wrapup() called.
Called wrapup()
Thread .top.Test is exiting.
-- Thread stopped.
-- Blocked Receiver call threw TerminateProcessException.
11 ms. Memory: 331776K Free: 257749K (78%)
-- Thread stopped.
-- Blocked Receiver call threw TerminateProcessException.
/home/travis/build/icyphy/ptII/ptolemy/actor/lib/test/Publisher.tcl
5 ms. Memory: 331776K Free: 252903K (76%)
8 ms. Memory: 331776K Free: 248057K (75%)
7 ms. Memory: 331776K Free: 243211K (73%)
7 ms. Memory: 331776K Free: 243211K (73%)
11 ms. Memory: 331776K Free: 238364K (72%)
3 ms. Memory: 331776K Free: 238364K (72%)
2 ms. Memory: 331776K Free: 238364K (72%)
3 ms. Memory: 331776K Free: 238364K (72%)
1 ms. Memory: 331776K Free: 228672K (69%)
5 ms. Memory: 331776K Free: 223826K (67%)
4 ms. Memory: 331776K Free: 223826K (67%)
1 ms. Memory: 331776K Free: 223826K (67%)
6 ms. Memory: 331776K Free: 214133K (65%)
6 ms. Memory: 331776K Free: 204441K (62%)
5 ms. Memory: 331776K Free: 189902K (57%)
/home/travis/build/icyphy/ptII/ptolemy/actor/lib/test/Pulse.tcl
3 ms. Memory: 331776K Free: 151133K (46%)
1 ms. Memory: 331776K Free: 151133K (46%)
1 ms. Memory: 331776K Free: 146287K (44%)
1 ms. Memory: 331776K Free: 146287K (44%)
1 ms. Memory: 331776K Free: 146287K (44%)
1 ms. Memory: 331776K Free: 146287K (44%)
2 ms. Memory: 331776K Free: 146287K (44%)
1 ms. Memory: 331776K Free: 146287K (44%)
1 ms. Memory: 331776K Free: 146287K (44%)
/home/travis/build/icyphy/ptII/ptolemy/actor/lib/test/Ramp.tcl
2 ms. Memory: 331776K Free: 141441K (43%)
2 ms. Memory: 331776K Free: 141441K (43%)
2 ms. Memory: 331776K Free: 141441K (43%)
2 ms. Memory: 331776K Free: 141441K (43%)
4 ms. Memory: 331776K Free: 136594K (41%)
3 ms. Memory: 331776K Free: 136594K (41%)
4 ms. Memory: 331776K Free: 136594K (41%)
5 actors
5000 microseconds per iteration to create
4 ms. Memory: 331776K Free: 136594K (41%)
1 ms. Memory: 331776K Free: 131748K (40%)
3 ms. Memory: 331776K Free: 131748K (40%)
1 ms. Memory: 331776K Free: 131748K (40%)
50 actors
29000 microseconds per iteration to create
26 ms. Memory: 331776K Free: 117210K (35%)
8 ms. Memory: 331776K Free: 117210K (35%)
6 ms. Memory: 331776K Free: 117210K (35%)
14 ms. Memory: 331776K Free: 112363K (34%)
500 actors
1299000 microseconds per iteration to create
284 ms. Memory: 331776K Free: 188963K (57%)
68 ms. Memory: 331776K Free: 184237K (56%)
45 ms. Memory: 331776K Free: 174784K (53%)
35 ms. Memory: 331776K Free: 170057K (51%)
/home/travis/build/icyphy/ptII/ptolemy/actor/lib/test/RampContinuous.tcl
11 ms. Memory: 331776K Free: 170057K (51%)
/home/travis/build/icyphy/ptII/ptolemy/actor/lib/test/RecordAssembler.tcl
5 ms. Memory: 331776K Free: 170057K (51%)
7 ms. Memory: 331776K Free: 165330K (50%)
/home/travis/build/icyphy/ptII/ptolemy/actor/lib/test/RecordDisassembler.tcl
6 ms. Memory: 331776K Free: 165330K (50%)
4 ms. Memory: 331776K Free: 165330K (50%)
7 ms. Memory: 331776K Free: 165330K (50%)
/home/travis/build/icyphy/ptII/ptolemy/actor/lib/test/Scale.tcl
2 ms. Memory: 331776K Free: 160588K (48%)
2 ms. Memory: 331776K Free: 160588K (48%)
1 ms. Memory: 331776K Free: 160588K (48%)
5 ms. Memory: 331776K Free: 160588K (48%)
5 ms. Memory: 331776K Free: 160588K (48%)
/home/travis/build/icyphy/ptII/ptolemy/actor/lib/test/SequentialClock.tcl
preinitializing
resolving types
initializing
executing number 1
wrapping up
idle
4 ms. Memory: 331776K Free: 155861K (47%)
Completed execution with 5 iterations
preinitializing
resolving types
initializing
executing number 1
wrapping up
idle
3 ms. Memory: 331776K Free: 155861K (47%)
Completed execution with 5 iterations
preinitializing
resolving types
initializing
executing number 1
wrapping up
idle
1 ms. Memory: 331776K Free: 155861K (47%)
Completed execution with 5 iterations
/home/travis/build/icyphy/ptII/ptolemy/actor/lib/test/SetVariable.tcl
9 ms. Memory: 331776K Free: 155861K (47%)
/home/travis/build/icyphy/ptII/ptolemy/actor/lib/test/Sinewave.tcl
/home/travis/build/icyphy/ptII/ptolemy/actor/lib/test/SubscriptionAggregator.tcl
6 ms. Memory: 331776K Free: 141657K (43%)
9 ms. Memory: 331776K Free: 141657K (43%)
1 ms. Memory: 331776K Free: 141657K (43%)
0 ms. Memory: 331776K Free: 136930K (41%)
1 ms. Memory: 331776K Free: 136930K (41%)
5 ms. Memory: 331776K Free: 132187K (40%)
...............................................................1119 ms. Memory: 580096K Free: 496058K (86%)
/home/travis/build/icyphy/ptII/ptolemy/actor/lib/test/Test.tcl
 The next command will produce a warning about training mode,
   which may be ignored.
7 ms. Memory: 580096K Free: 496058K (86%)
2 ms. Memory: 580096K Free: 496058K (86%)
1 ms. Memory: 580096K Free: 486417K (84%)
1 ms. Memory: 580096K Free: 486417K (84%)
2 ms. Memory: 580096K Free: 486417K (84%)
2 ms. Memory: 580096K Free: 486417K (84%)
3 ms. Memory: 580096K Free: 486417K (84%)
 The next command will produce a warning about training mode,
   which may be ignored.
5 ms. Memory: 580096K Free: 486417K (84%)
 The next command will produce a warning about training mode,
   which may be ignored.
1 ms. Memory: 580096K Free: 486417K (84%)
0 ms. Memory: 580096K Free: 486417K (84%)
1 ms. Memory: 580096K Free: 486417K (84%)
3 ms. Memory: 580096K Free: 486417K (84%)
3 ms. Memory: 580096K Free: 476783K (82%)
5 ms. Memory: 580096K Free: 476783K (82%)
/home/travis/build/icyphy/ptII/ptolemy/actor/lib/test/TestExceptionHandler.tcl
 The next command will produce a warning about training mode,
   which may be ignored.
1 ms. Memory: 580096K Free: 476783K (82%)
1 ms. Memory: 580096K Free: 476783K (82%)
1 ms. Memory: 580096K Free: 476783K (82%)
/home/travis/build/icyphy/ptII/ptolemy/actor/lib/test/UnionDisassembler.tcl
10 ms. Memory: 580096K Free: 467142K (81%)
/home/travis/build/icyphy/ptII/ptolemy/actor/lib/test/VariableClock.tcl
preinitializing
resolving types
initializing
executing number 1
wrapping up
idle
2 ms. Memory: 580096K Free: 467142K (81%)
Completed execution with 11 iterations
preinitializing
resolving types
initializing
executing number 1
wrapping up
idle
3 ms. Memory: 580096K Free: 467142K (81%)
Completed execution with 10 iterations
06/04/18 09:46:09
Failed: 0  Total Tests: 234  ((Passed: 234, Newly Passed: 0)  Known Failed: 0) /home/travis/build/icyphy/ptII/ptolemy/actor/lib/test
----------------- testing (KnownFailure) /home/travis/build/icyphy/ptII/ptolemy/actor/lib/test/auto/knownFailedTests/PublisherPortToplevelSubscriber.xml
0 ms. Memory: 580096K Free: 457352K (79%)
Known Failure: java.lang.reflect.InvocationTargetException
----------------- testing (KnownFailure) /home/travis/build/icyphy/ptII/ptolemy/actor/lib/test/auto/knownFailedTests/PublisherSubscriberPortToplevel.xml
0 ms. Memory: 580096K Free: 437773K (75%)
Known Failure: java.lang.reflect.InvocationTargetException
----------------- testing (KnownFailure) /home/travis/build/icyphy/ptII/ptolemy/actor/lib/test/auto/knownFailedTests/PublisherSubscriptionAggregatorPort.xml
1 ms. Memory: 580096K Free: 418194K (72%)
Known Failure: java.lang.reflect.InvocationTargetException
----------------- testing (KnownFailure) /home/travis/build/icyphy/ptII/ptolemy/actor/lib/test/auto/knownFailedTests/sizedarray3.xml
3 ms. Memory: 580096K Free: 398615K (69%)
Known Failure: java.lang.reflect.InvocationTargetException
No auto/linux-amd64/*.xml tests in /home/travis/build/icyphy/ptII/ptolemy/actor/lib/test
AutoTests.java: About to close Vertx.
AutoTests.java: Vertx closed.

===========================================================================================
----------------- testing Mon Jun 04 21:46:09 UTC 2018 /home/travis/build/icyphy/ptII/ptolemy/actor/lib/test/auto/AbsoluteValue.xml
----------------- Instantiating /home/travis/build/icyphy/ptII/ptolemy/actor/lib/test/auto/AbsoluteValue.xml
10 ms. Memory: 580096K Free: 310997K (54%)
----------------- Invoking toplevel() on ptolemy.moml.MoMLSimpleApplication@17fa6844
----------------- Done invoking toplevel() on ptolemy.moml.MoMLSimpleApplication@17fa6844
reloadAllAccessors: .AbsoluteValue

===========================================================================================
----------------- testing Mon Jun 04 21:46:09 UTC 2018 /home/travis/build/icyphy/ptII/ptolemy/actor/lib/test/auto/AbsoluteValue2.xml
----------------- Instantiating /home/travis/build/icyphy/ptII/ptolemy/actor/lib/test/auto/AbsoluteValue2.xml
12 ms. Memory: 580096K Free: 296313K (51%)
----------------- Invoking toplevel() on ptolemy.moml.MoMLSimpleApplication@4997c54d
----------------- Done invoking toplevel() on ptolemy.moml.MoMLSimpleApplication@4997c54d
reloadAllAccessors: .AbsoluteValue2

===========================================================================================
----------------- testing Mon Jun 04 21:46:09 UTC 2018 /home/travis/build/icyphy/ptII/ptolemy/actor/lib/test/auto/Accumulator.xml
----------------- Instantiating /home/travis/build/icyphy/ptII/ptolemy/actor/lib/test/auto/Accumulator.xml
9 ms. Memory: 580096K Free: 276898K (48%)
----------------- Invoking toplevel() on ptolemy.moml.MoMLSimpleApplication@57da1aff
----------------- Done invoking toplevel() on ptolemy.moml.MoMLSimpleApplication@57da1aff
reloadAllAccessors: .Accumulator

===========================================================================================
----------------- testing Mon Jun 04 21:46:09 UTC 2018 /home/travis/build/icyphy/ptII/ptolemy/actor/lib/test/auto/Accumulator2.xml
----------------- Instantiating /home/travis/build/icyphy/ptII/ptolemy/actor/lib/test/auto/Accumulator2.xml
11 ms. Memory: 580096K Free: 267109K (46%)
----------------- Invoking toplevel() on ptolemy.moml.MoMLSimpleApplication@b1b6898
----------------- Done invoking toplevel() on ptolemy.moml.MoMLSimpleApplication@b1b6898
reloadAllAccessors: .Accumulator2

===========================================================================================
----------------- testing Mon Jun 04 21:46:09 UTC 2018 /home/travis/build/icyphy/ptII/ptolemy/actor/lib/test/auto/Accumulator3.xml
----------------- Instantiating /home/travis/build/icyphy/ptII/ptolemy/actor/lib/test/auto/Accumulator3.xml
2 ms. Memory: 580096K Free: 257319K (44%)
----------------- Invoking toplevel() on ptolemy.moml.MoMLSimpleApplication@54bd34f7
----------------- Done invoking toplevel() on ptolemy.moml.MoMLSimpleApplication@54bd34f7
reloadAllAccessors: .Accumulator3

===========================================================================================
----------------- testing Mon Jun 04 21:46:09 UTC 2018 /home/travis/build/icyphy/ptII/ptolemy/actor/lib/test/auto/ArrayAppend.xml
----------------- Instantiating /home/travis/build/icyphy/ptII/ptolemy/actor/lib/test/auto/ArrayAppend.xml
7 ms. Memory: 580096K Free: 247530K (43%)
----------------- Invoking toplevel() on ptolemy.moml.MoMLSimpleApplication@2c748b24
----------------- Done invoking toplevel() on ptolemy.moml.MoMLSimpleApplication@2c748b24
reloadAllAccessors: .ArrayAppend

===========================================================================================
----------------- testing Mon Jun 04 21:46:09 UTC 2018 /home/travis/build/icyphy/ptII/ptolemy/actor/lib/test/auto/ArrayAppend2.xml
----------------- Instantiating /home/travis/build/icyphy/ptII/ptolemy/actor/lib/test/auto/ArrayAppend2.xml
491 ms. Memory: 580096K Free: 149799K (26%)
----------------- Invoking toplevel() on ptolemy.moml.MoMLSimpleApplication@3bfb8088
----------------- Done invoking toplevel() on ptolemy.moml.MoMLSimpleApplication@3bfb8088
reloadAllAccessors: .ArrayAppend2

===========================================================================================
----------------- testing Mon Jun 04 21:46:10 UTC 2018 /home/travis/build/icyphy/ptII/ptolemy/actor/lib/test/auto/ArrayAppend3.xml
----------------- Instantiating /home/travis/build/icyphy/ptII/ptolemy/actor/lib/test/auto/ArrayAppend3.xml
3 ms. Memory: 580096K Free: 140009K (24%)
----------------- Invoking toplevel() on ptolemy.moml.MoMLSimpleApplication@c269111
----------------- Done invoking toplevel() on ptolemy.moml.MoMLSimpleApplication@c269111
reloadAllAccessors: .ArrayAppend3

===========================================================================================
----------------- testing Mon Jun 04 21:46:10 UTC 2018 /home/travis/build/icyphy/ptII/ptolemy/actor/lib/test/auto/ArrayAppend4.xml
----------------- Instantiating /home/travis/build/icyphy/ptII/ptolemy/actor/lib/test/auto/ArrayAppend4.xml
4 ms. Memory: 580096K Free: 130220K (22%)
----------------- Invoking toplevel() on ptolemy.moml.MoMLSimpleApplication@5b640421
----------------- Done invoking toplevel() on ptolemy.moml.MoMLSimpleApplication@5b640421
reloadAllAccessors: .ArrayAppend4

===========================================================================================
----------------- testing Mon Jun 04 21:46:10 UTC 2018 /home/travis/build/icyphy/ptII/ptolemy/actor/lib/test/auto/ArrayAppend5.xml
----------------- Instantiating /home/travis/build/icyphy/ptII/ptolemy/actor/lib/test/auto/ArrayAppend5.xml
7 ms. Memory: 580096K Free: 120430K (21%)
----------------- Invoking toplevel() on ptolemy.moml.MoMLSimpleApplication@257841cf
----------------- Done invoking toplevel() on ptolemy.moml.MoMLSimpleApplication@257841cf
reloadAllAccessors: .ArrayAppend5

===========================================================================================
----------------- testing Mon Jun 04 21:46:10 UTC 2018 /home/travis/build/icyphy/ptII/ptolemy/actor/lib/test/auto/ArrayAppend6.xml
----------------- Instantiating /home/travis/build/icyphy/ptII/ptolemy/actor/lib/test/auto/ArrayAppend6.xml
4 ms. Memory: 580096K Free: 110641K (19%)
----------------- Invoking toplevel() on ptolemy.moml.MoMLSimpleApplication@67bc17
----------------- Done invoking toplevel() on ptolemy.moml.MoMLSimpleApplication@67bc17
reloadAllAccessors: .ArrayAppend6

===========================================================================================
----------------- testing Mon Jun 04 21:46:10 UTC 2018 /home/travis/build/icyphy/ptII/ptolemy/actor/lib/test/auto/ArrayAppendPerformanceTest.xml
----------------- Instantiating /home/travis/build/icyphy/ptII/ptolemy/actor/lib/test/auto/ArrayAppendPerformanceTest.xml
21 ms. Memory: 580096K Free: 86323K (15%)
----------------- Invoking toplevel() on ptolemy.moml.MoMLSimpleApplication@5e8ac0f4
----------------- Done invoking toplevel() on ptolemy.moml.MoMLSimpleApplication@5e8ac0f4
reloadAllAccessors: .ArrayAppendPerformanceTest

===========================================================================================
----------------- testing Mon Jun 04 21:46:10 UTC 2018 /home/travis/build/icyphy/ptII/ptolemy/actor/lib/test/auto/ArrayAppendWithEmptyInput.xml
----------------- Instantiating /home/travis/build/icyphy/ptII/ptolemy/actor/lib/test/auto/ArrayAppendWithEmptyInput.xml
19 ms. Memory: 580096K Free: 71622K (12%)
----------------- Invoking toplevel() on ptolemy.moml.MoMLSimpleApplication@7b16ee
----------------- Done invoking toplevel() on ptolemy.moml.MoMLSimpleApplication@7b16ee
reloadAllAccessors: .ArrayAppendWithEmptyInput

===========================================================================================
----------------- testing Mon Jun 04 21:46:10 UTC 2018 /home/travis/build/icyphy/ptII/ptolemy/actor/lib/test/auto/ArrayAverage.xml
----------------- Instantiating /home/travis/build/icyphy/ptII/ptolemy/actor/lib/test/auto/ArrayAverage.xml
5 ms. Memory: 580096K Free: 56922K (10%)
----------------- Invoking toplevel() on ptolemy.moml.MoMLSimpleApplication@189e2141
----------------- Done invoking toplevel() on ptolemy.moml.MoMLSimpleApplication@189e2141
reloadAllAccessors: .ArrayAverage

===========================================================================================
----------------- testing Mon Jun 04 21:46:10 UTC 2018 /home/travis/build/icyphy/ptII/ptolemy/actor/lib/test/auto/ArrayContains.xml
----------------- Instantiating /home/travis/build/icyphy/ptII/ptolemy/actor/lib/test/auto/ArrayContains.xml
7 ms. Memory: 882688K Free: 827915K (94%)
----------------- Invoking toplevel() on ptolemy.moml.MoMLSimpleApplication@23a5104b
----------------- Done invoking toplevel() on ptolemy.moml.MoMLSimpleApplication@23a5104b
reloadAllAccessors: .ArrayContains

===========================================================================================
----------------- testing Mon Jun 04 21:46:10 UTC 2018 /home/travis/build/icyphy/ptII/ptolemy/actor/lib/test/auto/ArrayElement.xml
----------------- Instantiating /home/travis/build/icyphy/ptII/ptolemy/actor/lib/test/auto/ArrayElement.xml
6 ms. Memory: 882688K Free: 792999K (90%)
----------------- Invoking toplevel() on ptolemy.moml.MoMLSimpleApplication@6020c171
----------------- Done invoking toplevel() on ptolemy.moml.MoMLSimpleApplication@6020c171
reloadAllAccessors: .ArrayElement

===========================================================================================
----------------- testing Mon Jun 04 21:46:10 UTC 2018 /home/travis/build/icyphy/ptII/ptolemy/actor/lib/test/auto/ArrayElementAsMatrix.xml
----------------- Instantiating /home/travis/build/icyphy/ptII/ptolemy/actor/lib/test/auto/ArrayElementAsMatrix.xml
14 ms. Memory: 882688K Free: 777331K (88%)
----------------- Invoking toplevel() on ptolemy.moml.MoMLSimpleApplication@540390e
----------------- Done invoking toplevel() on ptolemy.moml.MoMLSimpleApplication@540390e
reloadAllAccessors: .ArrayElementAsMatrix

===========================================================================================
----------------- testing Mon Jun 04 21:46:11 UTC 2018 /home/travis/build/icyphy/ptII/ptolemy/actor/lib/test/auto/ArrayElementI.xml
----------------- Instantiating /home/travis/build/icyphy/ptII/ptolemy/actor/lib/test/auto/ArrayElementI.xml
9 ms. Memory: 882688K Free: 761664K (86%)
----------------- Invoking toplevel() on ptolemy.moml.MoMLSimpleApplication@75f8e3c9
----------------- Done invoking toplevel() on ptolemy.moml.MoMLSimpleApplication@75f8e3c9
reloadAllAccessors: .ArrayElementI

===========================================================================================
----------------- testing Mon Jun 04 21:46:11 UTC 2018 /home/travis/build/icyphy/ptII/ptolemy/actor/lib/test/auto/ArrayExtract.xml
----------------- Instantiating /home/travis/build/icyphy/ptII/ptolemy/actor/lib/test/auto/ArrayExtract.xml
3 ms. Memory: 882688K Free: 745997K (85%)
----------------- Invoking toplevel() on ptolemy.moml.MoMLSimpleApplication@310bdfdc
----------------- Done invoking toplevel() on ptolemy.moml.MoMLSimpleApplication@310bdfdc
reloadAllAccessors: .ArrayExtract

===========================================================================================
----------------- testing Mon Jun 04 21:46:11 UTC 2018 /home/travis/build/icyphy/ptII/ptolemy/actor/lib/test/auto/ArrayExtract2.xml
----------------- Instantiating /home/travis/build/icyphy/ptII/ptolemy/actor/lib/test/auto/ArrayExtract2.xml
1 ms. Memory: 882688K Free: 730330K (83%)
----------------- Invoking toplevel() on ptolemy.moml.MoMLSimpleApplication@3a2d9e46
----------------- Done invoking toplevel() on ptolemy.moml.MoMLSimpleApplication@3a2d9e46
reloadAllAccessors: .ArrayExtract2

===========================================================================================
----------------- testing Mon Jun 04 21:46:11 UTC 2018 /home/travis/build/icyphy/ptII/ptolemy/actor/lib/test/auto/ArrayLength.xml
----------------- Instantiating /home/travis/build/icyphy/ptII/ptolemy/actor/lib/test/auto/ArrayLength.xml
1 ms. Memory: 882688K Free: 703247K (80%)
----------------- Invoking toplevel() on ptolemy.moml.MoMLSimpleApplication@53a6841c
----------------- Done invoking toplevel() on ptolemy.moml.MoMLSimpleApplication@53a6841c
reloadAllAccessors: .ArrayLength

===========================================================================================
----------------- testing Mon Jun 04 21:46:11 UTC 2018 /home/travis/build/icyphy/ptII/ptolemy/actor/lib/test/auto/ArrayLevelCrossing.xml
----------------- Instantiating /home/travis/build/icyphy/ptII/ptolemy/actor/lib/test/auto/ArrayLevelCrossing.xml
3 ms. Memory: 882688K Free: 687580K (78%)
----------------- Invoking toplevel() on ptolemy.moml.MoMLSimpleApplication@22e417b3
----------------- Done invoking toplevel() on ptolemy.moml.MoMLSimpleApplication@22e417b3
reloadAllAccessors: .ArrayLevelCrossing

===========================================================================================
----------------- testing Mon Jun 04 21:46:11 UTC 2018 /home/travis/build/icyphy/ptII/ptolemy/actor/lib/test/auto/ArrayLevelCrossing2.xml
----------------- Instantiating /home/travis/build/icyphy/ptII/ptolemy/actor/lib/test/auto/ArrayLevelCrossing2.xml
3 ms. Memory: 882688K Free: 671913K (76%)
----------------- Invoking toplevel() on ptolemy.moml.MoMLSimpleApplication@44c33e65
----------------- Done invoking toplevel() on ptolemy.moml.MoMLSimpleApplication@44c33e65
reloadAllAccessors: .ArrayLevelCrossing2

===========================================================================================
----------------- testing Mon Jun 04 21:46:11 UTC 2018 /home/travis/build/icyphy/ptII/ptolemy/actor/lib/test/auto/ArrayPeakSearch.xml
----------------- Instantiating /home/travis/build/icyphy/ptII/ptolemy/actor/lib/test/auto/ArrayPeakSearch.xml
4 ms. Memory: 882688K Free: 656246K (74%)
----------------- Invoking toplevel() on ptolemy.moml.MoMLSimpleApplication@402ea326
----------------- Done invoking toplevel() on ptolemy.moml.MoMLSimpleApplication@402ea326
reloadAllAccessors: .ArrayPeakSearch

===========================================================================================
----------------- testing Mon Jun 04 21:46:11 UTC 2018 /home/travis/build/icyphy/ptII/ptolemy/actor/lib/test/auto/ArrayPeakSearch2.xml
----------------- Instantiating /home/travis/build/icyphy/ptII/ptolemy/actor/lib/test/auto/ArrayPeakSearch2.xml
4 ms. Memory: 882688K Free: 632729K (72%)
----------------- Invoking toplevel() on ptolemy.moml.MoMLSimpleApplication@5d6bd772
----------------- Done invoking toplevel() on ptolemy.moml.MoMLSimpleApplication@5d6bd772
reloadAllAccessors: .ArrayPeakSearch2

===========================================================================================
----------------- testing Mon Jun 04 21:46:11 UTC 2018 /home/travis/build/icyphy/ptII/ptolemy/actor/lib/test/auto/ArrayPeakSearch3.xml
----------------- Instantiating /home/travis/build/icyphy/ptII/ptolemy/actor/lib/test/auto/ArrayPeakSearch3.xml
4 ms. Memory: 882688K Free: 605646K (69%)
----------------- Invoking toplevel() on ptolemy.moml.MoMLSimpleApplication@5d6a3dec
----------------- Done invoking toplevel() on ptolemy.moml.MoMLSimpleApplication@5d6a3dec
reloadAllAccessors: .ArrayPeakSearch3

===========================================================================================
----------------- testing Mon Jun 04 21:46:11 UTC 2018 /home/travis/build/icyphy/ptII/ptolemy/actor/lib/test/auto/ArrayRemoveElement.xml
----------------- Instantiating /home/travis/build/icyphy/ptII/ptolemy/actor/lib/test/auto/ArrayRemoveElement.xml
3 ms. Memory: 882688K Free: 589979K (67%)
----------------- Invoking toplevel() on ptolemy.moml.MoMLSimpleApplication@6887282f
----------------- Done invoking toplevel() on ptolemy.moml.MoMLSimpleApplication@6887282f
reloadAllAccessors: .ArrayRemoveElement

===========================================================================================
----------------- testing Mon Jun 04 21:46:11 UTC 2018 /home/travis/build/icyphy/ptII/ptolemy/actor/lib/test/auto/ArraySort.xml
----------------- Instantiating /home/travis/build/icyphy/ptII/ptolemy/actor/lib/test/auto/ArraySort.xml
3 ms. Memory: 882688K Free: 574312K (65%)
----------------- Invoking toplevel() on ptolemy.moml.MoMLSimpleApplication@512274b
----------------- Done invoking toplevel() on ptolemy.moml.MoMLSimpleApplication@512274b
reloadAllAccessors: .ArraySort

===========================================================================================
----------------- testing Mon Jun 04 21:46:11 UTC 2018 /home/travis/build/icyphy/ptII/ptolemy/actor/lib/test/auto/ArraySum.xml
----------------- Instantiating /home/travis/build/icyphy/ptII/ptolemy/actor/lib/test/auto/ArraySum.xml
2 ms. Memory: 882688K Free: 558645K (63%)
----------------- Invoking toplevel() on ptolemy.moml.MoMLSimpleApplication@7c71f500
----------------- Done invoking toplevel() on ptolemy.moml.MoMLSimpleApplication@7c71f500
reloadAllAccessors: .ArraySum

===========================================================================================
----------------- testing Mon Jun 04 21:46:11 UTC 2018 /home/travis/build/icyphy/ptII/ptolemy/actor/lib/test/auto/ArrayToElements.xml
----------------- Instantiating /home/travis/build/icyphy/ptII/ptolemy/actor/lib/test/auto/ArrayToElements.xml
4 ms. Memory: 882688K Free: 542977K (62%)
----------------- Invoking toplevel() on ptolemy.moml.MoMLSimpleApplication@2ad069dd
----------------- Done invoking toplevel() on ptolemy.moml.MoMLSimpleApplication@2ad069dd
reloadAllAccessors: .ArrayToElements

===========================================================================================
----------------- testing Mon Jun 04 21:46:11 UTC 2018 /home/travis/build/icyphy/ptII/ptolemy/actor/lib/test/auto/ArrayToMatrix.xml
----------------- Instantiating /home/travis/build/icyphy/ptII/ptolemy/actor/lib/test/auto/ArrayToMatrix.xml
7 ms. Memory: 882688K Free: 508045K (58%)
----------------- Invoking toplevel() on ptolemy.moml.MoMLSimpleApplication@545a8aeb
----------------- Done invoking toplevel() on ptolemy.moml.MoMLSimpleApplication@545a8aeb
reloadAllAccessors: .ArrayToMatrix

===========================================================================================
----------------- testing Mon Jun 04 21:46:11 UTC 2018 /home/travis/build/icyphy/ptII/ptolemy/actor/lib/test/auto/ArrayUpdate1.xml
----------------- Instantiating /home/travis/build/icyphy/ptII/ptolemy/actor/lib/test/auto/ArrayUpdate1.xml
2 ms. Memory: 882688K Free: 492378K (56%)
----------------- Invoking toplevel() on ptolemy.moml.MoMLSimpleApplication@4d3a5a17
----------------- Done invoking toplevel() on ptolemy.moml.MoMLSimpleApplication@4d3a5a17
reloadAllAccessors: .ArrayUpdate1

===========================================================================================
----------------- testing Mon Jun 04 21:46:11 UTC 2018 /home/travis/build/icyphy/ptII/ptolemy/actor/lib/test/auto/ArrayUpdate2.xml
----------------- Instantiating /home/travis/build/icyphy/ptII/ptolemy/actor/lib/test/auto/ArrayUpdate2.xml
2 ms. Memory: 882688K Free: 476711K (54%)
----------------- Invoking toplevel() on ptolemy.moml.MoMLSimpleApplication@295ea91
----------------- Done invoking toplevel() on ptolemy.moml.MoMLSimpleApplication@295ea91
reloadAllAccessors: .ArrayUpdate2

===========================================================================================
----------------- testing Mon Jun 04 21:46:11 UTC 2018 /home/travis/build/icyphy/ptII/ptolemy/actor/lib/test/auto/ArrayUpdate3.xml
----------------- Instantiating /home/travis/build/icyphy/ptII/ptolemy/actor/lib/test/auto/ArrayUpdate3.xml
2 ms. Memory: 882688K Free: 461044K (52%)
----------------- Invoking toplevel() on ptolemy.moml.MoMLSimpleApplication@3f35410b
----------------- Done invoking toplevel() on ptolemy.moml.MoMLSimpleApplication@3f35410b
reloadAllAccessors: .ArrayUpdate3

===========================================================================================
----------------- testing Mon Jun 04 21:46:11 UTC 2018 /home/travis/build/icyphy/ptII/ptolemy/actor/lib/test/auto/Assert1.xml
----------------- Instantiating /home/travis/build/icyphy/ptII/ptolemy/actor/lib/test/auto/Assert1.xml
2 ms. Memory: 882688K Free: 445376K (50%)
----------------- Invoking toplevel() on ptolemy.moml.MoMLSimpleApplication@6b3132c3
----------------- Done invoking toplevel() on ptolemy.moml.MoMLSimpleApplication@6b3132c3
reloadAllAccessors: .Assert1

===========================================================================================
----------------- testing Mon Jun 04 21:46:11 UTC 2018 /home/travis/build/icyphy/ptII/ptolemy/actor/lib/test/auto/Assert2.xml
----------------- Instantiating /home/travis/build/icyphy/ptII/ptolemy/actor/lib/test/auto/Assert2.xml
7 ms. Memory: 882688K Free: 418294K (47%)
----------------- Invoking toplevel() on ptolemy.moml.MoMLSimpleApplication@51271380
----------------- Done invoking toplevel() on ptolemy.moml.MoMLSimpleApplication@51271380
reloadAllAccessors: .Assert2

===========================================================================================
----------------- testing Mon Jun 04 21:46:11 UTC 2018 /home/travis/build/icyphy/ptII/ptolemy/actor/lib/test/auto/BooleanMultiplexor.xml
----------------- Instantiating /home/travis/build/icyphy/ptII/ptolemy/actor/lib/test/auto/BooleanMultiplexor.xml
4 ms. Memory: 882688K Free: 402627K (46%)
----------------- Invoking toplevel() on ptolemy.moml.MoMLSimpleApplication@739c00a6
----------------- Done invoking toplevel() on ptolemy.moml.MoMLSimpleApplication@739c00a6
reloadAllAccessors: .BooleanMultiplexor

===========================================================================================
----------------- testing Mon Jun 04 21:46:11 UTC 2018 /home/travis/build/icyphy/ptII/ptolemy/actor/lib/test/auto/BooleanMultiplexor2.xml
----------------- Instantiating /home/travis/build/icyphy/ptII/ptolemy/actor/lib/test/auto/BooleanMultiplexor2.xml
10 ms. Memory: 882688K Free: 386960K (44%)
----------------- Invoking toplevel() on ptolemy.moml.MoMLSimpleApplication@246373f6
----------------- Done invoking toplevel() on ptolemy.moml.MoMLSimpleApplication@246373f6
reloadAllAccessors: .BooleanMultiplexor2

===========================================================================================
----------------- testing Mon Jun 04 21:46:11 UTC 2018 /home/travis/build/icyphy/ptII/ptolemy/actor/lib/test/auto/BooleanMultiplexor3.xml
----------------- Instantiating /home/travis/build/icyphy/ptII/ptolemy/actor/lib/test/auto/BooleanMultiplexor3.xml
2 ms. Memory: 882688K Free: 371292K (42%)
----------------- Invoking toplevel() on ptolemy.moml.MoMLSimpleApplication@219c0740
----------------- Done invoking toplevel() on ptolemy.moml.MoMLSimpleApplication@219c0740
reloadAllAccessors: .BooleanMultiplexor3

===========================================================================================
----------------- testing Mon Jun 04 21:46:11 UTC 2018 /home/travis/build/icyphy/ptII/ptolemy/actor/lib/test/auto/BooleanSelect.xml
----------------- Instantiating /home/travis/build/icyphy/ptII/ptolemy/actor/lib/test/auto/BooleanSelect.xml
3 ms. Memory: 882688K Free: 355625K (40%)
----------------- Invoking toplevel() on ptolemy.moml.MoMLSimpleApplication@592dbe70
----------------- Done invoking toplevel() on ptolemy.moml.MoMLSimpleApplication@592dbe70
reloadAllAccessors: .BooleanSelect

===========================================================================================
----------------- testing Mon Jun 04 21:46:11 UTC 2018 /home/travis/build/icyphy/ptII/ptolemy/actor/lib/test/auto/BooleanSelect2.xml
----------------- Instantiating /home/travis/build/icyphy/ptII/ptolemy/actor/lib/test/auto/BooleanSelect2.xml
2 ms. Memory: 882688K Free: 328543K (37%)
----------------- Invoking toplevel() on ptolemy.moml.MoMLSimpleApplication@746ce0ee
----------------- Done invoking toplevel() on ptolemy.moml.MoMLSimpleApplication@746ce0ee
reloadAllAccessors: .BooleanSelect2

===========================================================================================
----------------- testing Mon Jun 04 21:46:11 UTC 2018 /home/travis/build/icyphy/ptII/ptolemy/actor/lib/test/auto/BooleanSwitch.xml
----------------- Instantiating /home/travis/build/icyphy/ptII/ptolemy/actor/lib/test/auto/BooleanSwitch.xml
2 ms. Memory: 882688K Free: 312875K (35%)
----------------- Invoking toplevel() on ptolemy.moml.MoMLSimpleApplication@730aeb26
----------------- Done invoking toplevel() on ptolemy.moml.MoMLSimpleApplication@730aeb26
reloadAllAccessors: .BooleanSwitch

===========================================================================================
----------------- testing Mon Jun 04 21:46:11 UTC 2018 /home/travis/build/icyphy/ptII/ptolemy/actor/lib/test/auto/BooleanSwitch2.xml
----------------- Instantiating /home/travis/build/icyphy/ptII/ptolemy/actor/lib/test/auto/BooleanSwitch2.xml
2 ms. Memory: 882688K Free: 297208K (34%)
----------------- Invoking toplevel() on ptolemy.moml.MoMLSimpleApplication@24cde00
----------------- Done invoking toplevel() on ptolemy.moml.MoMLSimpleApplication@24cde00
reloadAllAccessors: .BooleanSwitch2

===========================================================================================
----------------- testing Mon Jun 04 21:46:11 UTC 2018 /home/travis/build/icyphy/ptII/ptolemy/actor/lib/test/auto/BooleanSwitchCloningBugWithClassRelationGroup.xml
----------------- Instantiating /home/travis/build/icyphy/ptII/ptolemy/actor/lib/test/auto/BooleanSwitchCloningBugWithClassRelationGroup.xml
3 ms. Memory: 882688K Free: 281541K (32%)
----------------- Invoking toplevel() on ptolemy.moml.MoMLSimpleApplication@77f6768d
----------------- Done invoking toplevel() on ptolemy.moml.MoMLSimpleApplication@77f6768d
reloadAllAccessors: .BooleanSwitchCloningBugWithClassRelationGroup

===========================================================================================
----------------- testing Mon Jun 04 21:46:11 UTC 2018 /home/travis/build/icyphy/ptII/ptolemy/actor/lib/test/auto/BusActors.xml
----------------- Instantiating /home/travis/build/icyphy/ptII/ptolemy/actor/lib/test/auto/BusActors.xml
3 ms. Memory: 882688K Free: 265874K (30%)
----------------- Invoking toplevel() on ptolemy.moml.MoMLSimpleApplication@1b635b7d
----------------- Done invoking toplevel() on ptolemy.moml.MoMLSimpleApplication@1b635b7d
reloadAllAccessors: .BusActors

===========================================================================================
----------------- testing Mon Jun 04 21:46:11 UTC 2018 /home/travis/build/icyphy/ptII/ptolemy/actor/lib/test/auto/ClassWrapper.xml
----------------- Instantiating /home/travis/build/icyphy/ptII/ptolemy/actor/lib/test/auto/ClassWrapper.xml
3 ms. Memory: 882688K Free: 238791K (27%)
----------------- Invoking toplevel() on ptolemy.moml.MoMLSimpleApplication@efa0390
----------------- Done invoking toplevel() on ptolemy.moml.MoMLSimpleApplication@efa0390
reloadAllAccessors: .ClassWrapper

===========================================================================================
----------------- testing Mon Jun 04 21:46:11 UTC 2018 /home/travis/build/icyphy/ptII/ptolemy/actor/lib/test/auto/Clock.xml
----------------- Instantiating /home/travis/build/icyphy/ptII/ptolemy/actor/lib/test/auto/Clock.xml
2 ms. Memory: 882688K Free: 223124K (25%)
----------------- Invoking toplevel() on ptolemy.moml.MoMLSimpleApplication@7ddee33a
----------------- Done invoking toplevel() on ptolemy.moml.MoMLSimpleApplication@7ddee33a
reloadAllAccessors: .Clock

===========================================================================================
----------------- testing Mon Jun 04 21:46:11 UTC 2018 /home/travis/build/icyphy/ptII/ptolemy/actor/lib/test/auto/Clock10.xml
----------------- Instantiating /home/travis/build/icyphy/ptII/ptolemy/actor/lib/test/auto/Clock10.xml
3 ms. Memory: 882688K Free: 207457K (24%)
----------------- Invoking toplevel() on ptolemy.moml.MoMLSimpleApplication@2705b6dd
----------------- Done invoking toplevel() on ptolemy.moml.MoMLSimpleApplication@2705b6dd
reloadAllAccessors: .Clock10

===========================================================================================
----------------- testing Mon Jun 04 21:46:11 UTC 2018 /home/travis/build/icyphy/ptII/ptolemy/actor/lib/test/auto/Clock11.xml
----------------- Instantiating /home/travis/build/icyphy/ptII/ptolemy/actor/lib/test/auto/Clock11.xml
3 ms. Memory: 882688K Free: 191790K (22%)
----------------- Invoking toplevel() on ptolemy.moml.MoMLSimpleApplication@617eb18f
----------------- Done invoking toplevel() on ptolemy.moml.MoMLSimpleApplication@617eb18f
reloadAllAccessors: .Clock11

===========================================================================================
----------------- testing Mon Jun 04 21:46:11 UTC 2018 /home/travis/build/icyphy/ptII/ptolemy/actor/lib/test/auto/Clock12.xml
----------------- Instantiating /home/travis/build/icyphy/ptII/ptolemy/actor/lib/test/auto/Clock12.xml
5 ms. Memory: 882688K Free: 176122K (20%)
----------------- Invoking toplevel() on ptolemy.moml.MoMLSimpleApplication@715bf700
----------------- Done invoking toplevel() on ptolemy.moml.MoMLSimpleApplication@715bf700
reloadAllAccessors: .Clock12

===========================================================================================
----------------- testing Mon Jun 04 21:46:11 UTC 2018 /home/travis/build/icyphy/ptII/ptolemy/actor/lib/test/auto/Clock13.xml
----------------- Instantiating /home/travis/build/icyphy/ptII/ptolemy/actor/lib/test/auto/Clock13.xml
10 ms. Memory: 882688K Free: 149040K (17%)
----------------- Invoking toplevel() on ptolemy.moml.MoMLSimpleApplication@5dcab444
----------------- Done invoking toplevel() on ptolemy.moml.MoMLSimpleApplication@5dcab444
reloadAllAccessors: .Clock13

===========================================================================================
----------------- testing Mon Jun 04 21:46:12 UTC 2018 /home/travis/build/icyphy/ptII/ptolemy/actor/lib/test/auto/Clock14.xml
----------------- Instantiating /home/travis/build/icyphy/ptII/ptolemy/actor/lib/test/auto/Clock14.xml
13 ms. Memory: 882688K Free: 133373K (15%)
----------------- Invoking toplevel() on ptolemy.moml.MoMLSimpleApplication@e3f14c
----------------- Done invoking toplevel() on ptolemy.moml.MoMLSimpleApplication@e3f14c
reloadAllAccessors: .Clock14

===========================================================================================
----------------- testing Mon Jun 04 21:46:12 UTC 2018 /home/travis/build/icyphy/ptII/ptolemy/actor/lib/test/auto/Clock15.xml
----------------- Instantiating /home/travis/build/icyphy/ptII/ptolemy/actor/lib/test/auto/Clock15.xml
8 ms. Memory: 882688K Free: 117705K (13%)
----------------- Invoking toplevel() on ptolemy.moml.MoMLSimpleApplication@27a6bd35
----------------- Done invoking toplevel() on ptolemy.moml.MoMLSimpleApplication@27a6bd35
reloadAllAccessors: .Clock15

===========================================================================================
----------------- testing Mon Jun 04 21:46:12 UTC 2018 /home/travis/build/icyphy/ptII/ptolemy/actor/lib/test/auto/Clock16.xml
----------------- Instantiating /home/travis/build/icyphy/ptII/ptolemy/actor/lib/test/auto/Clock16.xml
28 ms. Memory: 882688K Free: 94205K (11%)
----------------- Invoking toplevel() on ptolemy.moml.MoMLSimpleApplication@682599f9
----------------- Done invoking toplevel() on ptolemy.moml.MoMLSimpleApplication@682599f9
reloadAllAccessors: .Clock16

===========================================================================================
----------------- testing Mon Jun 04 21:46:12 UTC 2018 /home/travis/build/icyphy/ptII/ptolemy/actor/lib/test/auto/Clock17.xml
----------------- Instantiating /home/travis/build/icyphy/ptII/ptolemy/actor/lib/test/auto/Clock17.xml
17 ms. Memory: 882688K Free: 70688K (8%)
----------------- Invoking toplevel() on ptolemy.moml.MoMLSimpleApplication@3d5b2cb1
----------------- Done invoking toplevel() on ptolemy.moml.MoMLSimpleApplication@3d5b2cb1
reloadAllAccessors: .Clock17

===========================================================================================
----------------- testing Mon Jun 04 21:46:12 UTC 2018 /home/travis/build/icyphy/ptII/ptolemy/actor/lib/test/auto/Clock18.xml
----------------- Instantiating /home/travis/build/icyphy/ptII/ptolemy/actor/lib/test/auto/Clock18.xml
42 ms. Memory: 882688K Free: 837043K (95%)
----------------- Invoking toplevel() on ptolemy.moml.MoMLSimpleApplication@6fe21466
----------------- Done invoking toplevel() on ptolemy.moml.MoMLSimpleApplication@6fe21466
reloadAllAccessors: .Clock18

===========================================================================================
----------------- testing Mon Jun 04 21:46:12 UTC 2018 /home/travis/build/icyphy/ptII/ptolemy/actor/lib/test/auto/Clock19.xml
----------------- Instantiating /home/travis/build/icyphy/ptII/ptolemy/actor/lib/test/auto/Clock19.xml
8 ms. Memory: 882688K Free: 809092K (92%)
----------------- Invoking toplevel() on ptolemy.moml.MoMLSimpleApplication@69fd5904
----------------- Done invoking toplevel() on ptolemy.moml.MoMLSimpleApplication@69fd5904
reloadAllAccessors: .Clock19

===========================================================================================
----------------- testing Mon Jun 04 21:46:12 UTC 2018 /home/travis/build/icyphy/ptII/ptolemy/actor/lib/test/auto/Clock2.xml
----------------- Instantiating /home/travis/build/icyphy/ptII/ptolemy/actor/lib/test/auto/Clock2.xml
6 ms. Memory: 882688K Free: 798648K (90%)
----------------- Invoking toplevel() on ptolemy.moml.MoMLSimpleApplication@78718afe
----------------- Done invoking toplevel() on ptolemy.moml.MoMLSimpleApplication@78718afe
reloadAllAccessors: .Clock2

===========================================================================================
----------------- testing Mon Jun 04 21:46:12 UTC 2018 /home/travis/build/icyphy/ptII/ptolemy/actor/lib/test/auto/Clock20.xml
----------------- Instantiating /home/travis/build/icyphy/ptII/ptolemy/actor/lib/test/auto/Clock20.xml
5 ms. Memory: 882688K Free: 788203K (89%)
----------------- Invoking toplevel() on ptolemy.moml.MoMLSimpleApplication@5cc9e921
----------------- Done invoking toplevel() on ptolemy.moml.MoMLSimpleApplication@5cc9e921
reloadAllAccessors: .Clock20

===========================================================================================
----------------- testing Mon Jun 04 21:46:12 UTC 2018 /home/travis/build/icyphy/ptII/ptolemy/actor/lib/test/auto/Clock21.xml
----------------- Instantiating /home/travis/build/icyphy/ptII/ptolemy/actor/lib/test/auto/Clock21.xml
3 ms. Memory: 882688K Free: 769720K (87%)
----------------- Invoking toplevel() on ptolemy.moml.MoMLSimpleApplication@562a46de
----------------- Done invoking toplevel() on ptolemy.moml.MoMLSimpleApplication@562a46de
reloadAllAccessors: .Clock21

===========================================================================================
----------------- testing Mon Jun 04 21:46:12 UTC 2018 /home/travis/build/icyphy/ptII/ptolemy/actor/lib/test/auto/Clock22.xml
----------------- Instantiating /home/travis/build/icyphy/ptII/ptolemy/actor/lib/test/auto/Clock22.xml
5 ms. Memory: 882688K Free: 759275K (86%)
----------------- Invoking toplevel() on ptolemy.moml.MoMLSimpleApplication@5f1aa583
----------------- Done invoking toplevel() on ptolemy.moml.MoMLSimpleApplication@5f1aa583
reloadAllAccessors: .Clock22

===========================================================================================
----------------- testing Mon Jun 04 21:46:12 UTC 2018 /home/travis/build/icyphy/ptII/ptolemy/actor/lib/test/auto/Clock23.xml
----------------- Instantiating /home/travis/build/icyphy/ptII/ptolemy/actor/lib/test/auto/Clock23.xml
6 ms. Memory: 882688K Free: 748830K (85%)
----------------- Invoking toplevel() on ptolemy.moml.MoMLSimpleApplication@7f6a088c
----------------- Done invoking toplevel() on ptolemy.moml.MoMLSimpleApplication@7f6a088c
reloadAllAccessors: .Clock23

===========================================================================================
----------------- testing Mon Jun 04 21:46:12 UTC 2018 /home/travis/build/icyphy/ptII/ptolemy/actor/lib/test/auto/Clock24.xml
----------------- Instantiating /home/travis/build/icyphy/ptII/ptolemy/actor/lib/test/auto/Clock24.xml
6 ms. Memory: 882688K Free: 738385K (84%)
----------------- Invoking toplevel() on ptolemy.moml.MoMLSimpleApplication@636d642
----------------- Done invoking toplevel() on ptolemy.moml.MoMLSimpleApplication@636d642
reloadAllAccessors: .Clock24

===========================================================================================
----------------- testing Mon Jun 04 21:46:12 UTC 2018 /home/travis/build/icyphy/ptII/ptolemy/actor/lib/test/auto/Clock4.xml
----------------- Instantiating /home/travis/build/icyphy/ptII/ptolemy/actor/lib/test/auto/Clock4.xml
3 ms. Memory: 882688K Free: 719902K (82%)
----------------- Invoking toplevel() on ptolemy.moml.MoMLSimpleApplication@75a40f0b
----------------- Done invoking toplevel() on ptolemy.moml.MoMLSimpleApplication@75a40f0b
reloadAllAccessors: .Clock4

===========================================================================================
----------------- testing Mon Jun 04 21:46:12 UTC 2018 /home/travis/build/icyphy/ptII/ptolemy/actor/lib/test/auto/Clock5.xml
----------------- Instantiating /home/travis/build/icyphy/ptII/ptolemy/actor/lib/test/auto/Clock5.xml
1 ms. Memory: 882688K Free: 704366K (80%)
----------------- Invoking toplevel() on ptolemy.moml.MoMLSimpleApplication@4c7ccbe
----------------- Done invoking toplevel() on ptolemy.moml.MoMLSimpleApplication@4c7ccbe
reloadAllAccessors: .Clock5

===========================================================================================
----------------- testing Mon Jun 04 21:46:12 UTC 2018 /home/travis/build/icyphy/ptII/ptolemy/actor/lib/test/auto/Clock6.xml
----------------- Instantiating /home/travis/build/icyphy/ptII/ptolemy/actor/lib/test/auto/Clock6.xml
1 ms. Memory: 882688K Free: 693921K (79%)
----------------- Invoking toplevel() on ptolemy.moml.MoMLSimpleApplication@496ae230
----------------- Done invoking toplevel() on ptolemy.moml.MoMLSimpleApplication@496ae230
reloadAllAccessors: .Clock6

===========================================================================================
----------------- testing Mon Jun 04 21:46:12 UTC 2018 /home/travis/build/icyphy/ptII/ptolemy/actor/lib/test/auto/Clock7.xml
----------------- Instantiating /home/travis/build/icyphy/ptII/ptolemy/actor/lib/test/auto/Clock7.xml
1 ms. Memory: 882688K Free: 675438K (77%)
----------------- Invoking toplevel() on ptolemy.moml.MoMLSimpleApplication@676a1688
----------------- Done invoking toplevel() on ptolemy.moml.MoMLSimpleApplication@676a1688
reloadAllAccessors: .Clock7

===========================================================================================
----------------- testing Mon Jun 04 21:46:12 UTC 2018 /home/travis/build/icyphy/ptII/ptolemy/actor/lib/test/auto/Clock8.xml
----------------- Instantiating /home/travis/build/icyphy/ptII/ptolemy/actor/lib/test/auto/Clock8.xml
4 ms. Memory: 882688K Free: 664993K (75%)
----------------- Invoking toplevel() on ptolemy.moml.MoMLSimpleApplication@28c2b87f
----------------- Done invoking toplevel() on ptolemy.moml.MoMLSimpleApplication@28c2b87f
reloadAllAccessors: .Clock8

===========================================================================================
----------------- testing Mon Jun 04 21:46:12 UTC 2018 /home/travis/build/icyphy/ptII/ptolemy/actor/lib/test/auto/Clock9.xml
----------------- Instantiating /home/travis/build/icyphy/ptII/ptolemy/actor/lib/test/auto/Clock9.xml
6 ms. Memory: 882688K Free: 654548K (74%)
----------------- Invoking toplevel() on ptolemy.moml.MoMLSimpleApplication@52ee2be7
----------------- Done invoking toplevel() on ptolemy.moml.MoMLSimpleApplication@52ee2be7
reloadAllAccessors: .Clock9

===========================================================================================
----------------- testing Mon Jun 04 21:46:12 UTC 2018 /home/travis/build/icyphy/ptII/ptolemy/actor/lib/test/auto/CommDistDiscard.xml
----------------- Instantiating /home/travis/build/icyphy/ptII/ptolemy/actor/lib/test/auto/CommDistDiscard.xml
3 ms. Memory: 882688K Free: 644103K (73%)
----------------- Invoking toplevel() on ptolemy.moml.MoMLSimpleApplication@73566d5c
----------------- Done invoking toplevel() on ptolemy.moml.MoMLSimpleApplication@73566d5c
reloadAllAccessors: .CommDistDiscard

===========================================================================================
----------------- testing Mon Jun 04 21:46:12 UTC 2018 /home/travis/build/icyphy/ptII/ptolemy/actor/lib/test/auto/Commutator.xml
----------------- Instantiating /home/travis/build/icyphy/ptII/ptolemy/actor/lib/test/auto/Commutator.xml
2 ms. Memory: 882688K Free: 625620K (71%)
----------------- Invoking toplevel() on ptolemy.moml.MoMLSimpleApplication@30eea1b7
----------------- Done invoking toplevel() on ptolemy.moml.MoMLSimpleApplication@30eea1b7
reloadAllAccessors: .Commutator

===========================================================================================
----------------- testing Mon Jun 04 21:46:12 UTC 2018 /home/travis/build/icyphy/ptII/ptolemy/actor/lib/test/auto/Commutator2.xml
----------------- Instantiating /home/travis/build/icyphy/ptII/ptolemy/actor/lib/test/auto/Commutator2.xml
2 ms. Memory: 882688K Free: 615175K (70%)
----------------- Invoking toplevel() on ptolemy.moml.MoMLSimpleApplication@49da1e75
----------------- Done invoking toplevel() on ptolemy.moml.MoMLSimpleApplication@49da1e75
reloadAllAccessors: .Commutator2

===========================================================================================
----------------- testing Mon Jun 04 21:46:12 UTC 2018 /home/travis/build/icyphy/ptII/ptolemy/actor/lib/test/auto/Commutator3.xml
----------------- Instantiating /home/travis/build/icyphy/ptII/ptolemy/actor/lib/test/auto/Commutator3.xml
2 ms. Memory: 882688K Free: 604731K (69%)
----------------- Invoking toplevel() on ptolemy.moml.MoMLSimpleApplication@587c41bd
----------------- Done invoking toplevel() on ptolemy.moml.MoMLSimpleApplication@587c41bd
reloadAllAccessors: .Commutator3

===========================================================================================
----------------- testing Mon Jun 04 21:46:12 UTC 2018 /home/travis/build/icyphy/ptII/ptolemy/actor/lib/test/auto/Compare.xml
----------------- Instantiating /home/travis/build/icyphy/ptII/ptolemy/actor/lib/test/auto/Compare.xml
2 ms. Memory: 882688K Free: 586248K (66%)
----------------- Invoking toplevel() on ptolemy.moml.MoMLSimpleApplication@56a5df94
----------------- Done invoking toplevel() on ptolemy.moml.MoMLSimpleApplication@56a5df94
reloadAllAccessors: .Compare

===========================================================================================
----------------- testing Mon Jun 04 21:46:12 UTC 2018 /home/travis/build/icyphy/ptII/ptolemy/actor/lib/test/auto/CompareDE.xml
----------------- Instantiating /home/travis/build/icyphy/ptII/ptolemy/actor/lib/test/auto/CompareDE.xml
4 ms. Memory: 882688K Free: 575803K (65%)
----------------- Invoking toplevel() on ptolemy.moml.MoMLSimpleApplication@6f5d4b73
----------------- Done invoking toplevel() on ptolemy.moml.MoMLSimpleApplication@6f5d4b73
reloadAllAccessors: .CompareDE

===========================================================================================
----------------- testing Mon Jun 04 21:46:12 UTC 2018 /home/travis/build/icyphy/ptII/ptolemy/actor/lib/test/auto/ComplexDivide.xml
----------------- Instantiating /home/travis/build/icyphy/ptII/ptolemy/actor/lib/test/auto/ComplexDivide.xml
2 ms. Memory: 882688K Free: 565358K (64%)
----------------- Invoking toplevel() on ptolemy.moml.MoMLSimpleApplication@c382130
----------------- Done invoking toplevel() on ptolemy.moml.MoMLSimpleApplication@c382130
reloadAllAccessors: .ComplexDivide

===========================================================================================
----------------- testing Mon Jun 04 21:46:12 UTC 2018 /home/travis/build/icyphy/ptII/ptolemy/actor/lib/test/auto/ComputeHistogram.xml
----------------- Instantiating /home/travis/build/icyphy/ptII/ptolemy/actor/lib/test/auto/ComputeHistogram.xml
34 ms. Memory: 882688K Free: 549675K (62%)
----------------- Invoking toplevel() on ptolemy.moml.MoMLSimpleApplication@3ed74c4
----------------- Done invoking toplevel() on ptolemy.moml.MoMLSimpleApplication@3ed74c4
reloadAllAccessors: .ComputeHistogram

===========================================================================================
----------------- testing Mon Jun 04 21:46:12 UTC 2018 /home/travis/build/icyphy/ptII/ptolemy/actor/lib/test/auto/ConfigurationSelect.xml
----------------- Instantiating /home/travis/build/icyphy/ptII/ptolemy/actor/lib/test/auto/ConfigurationSelect.xml
2 ms. Memory: 882688K Free: 531191K (60%)
----------------- Invoking toplevel() on ptolemy.moml.MoMLSimpleApplication@23881ae5
----------------- Done invoking toplevel() on ptolemy.moml.MoMLSimpleApplication@23881ae5
reloadAllAccessors: .ConfigurationSelect

===========================================================================================
----------------- testing Mon Jun 04 21:46:12 UTC 2018 /home/travis/build/icyphy/ptII/ptolemy/actor/lib/test/auto/ConfigurationSelect2.xml
----------------- Instantiating /home/travis/build/icyphy/ptII/ptolemy/actor/lib/test/auto/ConfigurationSelect2.xml
1 ms. Memory: 882688K Free: 520746K (59%)
----------------- Invoking toplevel() on ptolemy.moml.MoMLSimpleApplication@7b45973b
----------------- Done invoking toplevel() on ptolemy.moml.MoMLSimpleApplication@7b45973b
reloadAllAccessors: .ConfigurationSelect2

===========================================================================================
----------------- testing Mon Jun 04 21:46:12 UTC 2018 /home/travis/build/icyphy/ptII/ptolemy/actor/lib/test/auto/ConfigurationSwitch.xml
----------------- Instantiating /home/travis/build/icyphy/ptII/ptolemy/actor/lib/test/auto/ConfigurationSwitch.xml
1 ms. Memory: 882688K Free: 510302K (58%)
----------------- Invoking toplevel() on ptolemy.moml.MoMLSimpleApplication@60f9f808
----------------- Done invoking toplevel() on ptolemy.moml.MoMLSimpleApplication@60f9f808
reloadAllAccessors: .ConfigurationSwitch

===========================================================================================
----------------- testing Mon Jun 04 21:46:12 UTC 2018 /home/travis/build/icyphy/ptII/ptolemy/actor/lib/test/auto/ConfigurationSwitch2.xml
----------------- Instantiating /home/travis/build/icyphy/ptII/ptolemy/actor/lib/test/auto/ConfigurationSwitch2.xml
4 ms. Memory: 882688K Free: 491819K (56%)
----------------- Invoking toplevel() on ptolemy.moml.MoMLSimpleApplication@853fd31
----------------- Done invoking toplevel() on ptolemy.moml.MoMLSimpleApplication@853fd31
reloadAllAccessors: .ConfigurationSwitch2

===========================================================================================
----------------- testing Mon Jun 04 21:46:12 UTC 2018 /home/travis/build/icyphy/ptII/ptolemy/actor/lib/test/auto/ConfigurationSwitchCloningBugWithClassRelationGroup.xml
----------------- Instantiating /home/travis/build/icyphy/ptII/ptolemy/actor/lib/test/auto/ConfigurationSwitchCloningBugWithClassRelationGroup.xml
1 ms. Memory: 882688K Free: 476135K (54%)
----------------- Invoking toplevel() on ptolemy.moml.MoMLSimpleApplication@456f73af
----------------- Done invoking toplevel() on ptolemy.moml.MoMLSimpleApplication@456f73af
reloadAllAccessors: .ConfigurationSwitchCloningBugWithClassRelationGroup

===========================================================================================
----------------- testing Mon Jun 04 21:46:12 UTC 2018 /home/travis/build/icyphy/ptII/ptolemy/actor/lib/test/auto/ConfigurationSwitchSelectSDF.xml
----------------- Instantiating /home/travis/build/icyphy/ptII/ptolemy/actor/lib/test/auto/ConfigurationSwitchSelectSDF.xml
3 ms. Memory: 882688K Free: 465690K (53%)
----------------- Invoking toplevel() on ptolemy.moml.MoMLSimpleApplication@7fe68dc2
----------------- Done invoking toplevel() on ptolemy.moml.MoMLSimpleApplication@7fe68dc2
reloadAllAccessors: .ConfigurationSwitchSelectSDF

===========================================================================================
----------------- testing Mon Jun 04 21:46:13 UTC 2018 /home/travis/build/icyphy/ptII/ptolemy/actor/lib/test/auto/ConfigurationSwitchSelectSDF2.xml
----------------- Instantiating /home/travis/build/icyphy/ptII/ptolemy/actor/lib/test/auto/ConfigurationSwitchSelectSDF2.xml
2 ms. Memory: 882688K Free: 455246K (52%)
----------------- Invoking toplevel() on ptolemy.moml.MoMLSimpleApplication@646115da
----------------- Done invoking toplevel() on ptolemy.moml.MoMLSimpleApplication@646115da
reloadAllAccessors: .ConfigurationSwitchSelectSDF2

===========================================================================================
----------------- testing Mon Jun 04 21:46:13 UTC 2018 /home/travis/build/icyphy/ptII/ptolemy/actor/lib/test/auto/Const.xml
----------------- Instantiating /home/travis/build/icyphy/ptII/ptolemy/actor/lib/test/auto/Const.xml
1 ms. Memory: 882688K Free: 436763K (49%)
----------------- Invoking toplevel() on ptolemy.moml.MoMLSimpleApplication@287a057c
----------------- Done invoking toplevel() on ptolemy.moml.MoMLSimpleApplication@287a057c
reloadAllAccessors: .Const

===========================================================================================
----------------- testing Mon Jun 04 21:46:13 UTC 2018 /home/travis/build/icyphy/ptII/ptolemy/actor/lib/test/auto/Const2.xml
----------------- Instantiating /home/travis/build/icyphy/ptII/ptolemy/actor/lib/test/auto/Const2.xml
1 ms. Memory: 882688K Free: 426318K (48%)
----------------- Invoking toplevel() on ptolemy.moml.MoMLSimpleApplication@61debc2d
----------------- Done invoking toplevel() on ptolemy.moml.MoMLSimpleApplication@61debc2d
reloadAllAccessors: .Const2

===========================================================================================
----------------- testing Mon Jun 04 21:46:13 UTC 2018 /home/travis/build/icyphy/ptII/ptolemy/actor/lib/test/auto/Const3.xml
----------------- Instantiating /home/travis/build/icyphy/ptII/ptolemy/actor/lib/test/auto/Const3.xml
1 ms. Memory: 882688K Free: 415873K (47%)
----------------- Invoking toplevel() on ptolemy.moml.MoMLSimpleApplication@2582a972
----------------- Done invoking toplevel() on ptolemy.moml.MoMLSimpleApplication@2582a972
reloadAllAccessors: .Const3

===========================================================================================
----------------- testing Mon Jun 04 21:46:13 UTC 2018 /home/travis/build/icyphy/ptII/ptolemy/actor/lib/test/auto/ConstantPublisherPort1.xml
----------------- Instantiating /home/travis/build/icyphy/ptII/ptolemy/actor/lib/test/auto/ConstantPublisherPort1.xml
5 ms. Memory: 882688K Free: 392151K (44%)
----------------- Invoking toplevel() on ptolemy.moml.MoMLSimpleApplication@36008661
----------------- Done invoking toplevel() on ptolemy.moml.MoMLSimpleApplication@36008661
reloadAllAccessors: .ConstantPublisherPort1

===========================================================================================
----------------- testing Mon Jun 04 21:46:13 UTC 2018 /home/travis/build/icyphy/ptII/ptolemy/actor/lib/test/auto/ConstantPublisherPort2.xml
----------------- Instantiating /home/travis/build/icyphy/ptII/ptolemy/actor/lib/test/auto/ConstantPublisherPort2.xml
8 ms. Memory: 882688K Free: 376468K (43%)
----------------- Invoking toplevel() on ptolemy.moml.MoMLSimpleApplication@1b678622
----------------- Done invoking toplevel() on ptolemy.moml.MoMLSimpleApplication@1b678622
reloadAllAccessors: .ConstantPublisherPort2

===========================================================================================
----------------- testing Mon Jun 04 21:46:13 UTC 2018 /home/travis/build/icyphy/ptII/ptolemy/actor/lib/test/auto/ConstantPublisherPort3.xml
----------------- Instantiating /home/travis/build/icyphy/ptII/ptolemy/actor/lib/test/auto/ConstantPublisherPort3.xml
6 ms. Memory: 882688K Free: 366023K (41%)
----------------- Invoking toplevel() on ptolemy.moml.MoMLSimpleApplication@27026176
----------------- Done invoking toplevel() on ptolemy.moml.MoMLSimpleApplication@27026176
reloadAllAccessors: .ConstantPublisherPort3

===========================================================================================
----------------- testing Mon Jun 04 21:46:13 UTC 2018 /home/travis/build/icyphy/ptII/ptolemy/actor/lib/test/auto/ConstantPublisherPort4.xml
----------------- Instantiating /home/travis/build/icyphy/ptII/ptolemy/actor/lib/test/auto/ConstantPublisherPort4.xml
4 ms. Memory: 882688K Free: 355578K (40%)
----------------- Invoking toplevel() on ptolemy.moml.MoMLSimpleApplication@3e865828
----------------- Done invoking toplevel() on ptolemy.moml.MoMLSimpleApplication@3e865828
reloadAllAccessors: .ConstantPublisherPort4

===========================================================================================
----------------- testing Mon Jun 04 21:46:13 UTC 2018 /home/travis/build/icyphy/ptII/ptolemy/actor/lib/test/auto/ConstantPublisherPort5.xml
----------------- Instantiating /home/travis/build/icyphy/ptII/ptolemy/actor/lib/test/auto/ConstantPublisherPort5.xml
22 ms. Memory: 882688K Free: 321420K (36%)
----------------- Invoking toplevel() on ptolemy.moml.MoMLSimpleApplication@38be7b31
----------------- Done invoking toplevel() on ptolemy.moml.MoMLSimpleApplication@38be7b31
reloadAllAccessors: .ConstantPublisherPort5

===========================================================================================
----------------- testing Mon Jun 04 21:46:13 UTC 2018 /home/travis/build/icyphy/ptII/ptolemy/actor/lib/test/auto/ConstantPublisherPort6.xml
----------------- Instantiating /home/travis/build/icyphy/ptII/ptolemy/actor/lib/test/auto/ConstantPublisherPort6.xml
19 ms. Memory: 882688K Free: 295308K (33%)
----------------- Invoking toplevel() on ptolemy.moml.MoMLSimpleApplication@21ff177b
----------------- Done invoking toplevel() on ptolemy.moml.MoMLSimpleApplication@21ff177b
reloadAllAccessors: .ConstantPublisherPort6

===========================================================================================
----------------- testing Mon Jun 04 21:46:13 UTC 2018 /home/travis/build/icyphy/ptII/ptolemy/actor/lib/test/auto/ConstantPublisherPort7.xml
----------------- Instantiating /home/travis/build/icyphy/ptII/ptolemy/actor/lib/test/auto/ConstantPublisherPort7.xml
18 ms. Memory: 882688K Free: 269196K (30%)
----------------- Invoking toplevel() on ptolemy.moml.MoMLSimpleApplication@22e88650
----------------- Done invoking toplevel() on ptolemy.moml.MoMLSimpleApplication@22e88650
reloadAllAccessors: .ConstantPublisherPort7

===========================================================================================
----------------- testing Mon Jun 04 21:46:13 UTC 2018 /home/travis/build/icyphy/ptII/ptolemy/actor/lib/test/auto/ConstraintMonitor1.xml
----------------- Instantiating /home/travis/build/icyphy/ptII/ptolemy/actor/lib/test/auto/ConstraintMonitor1.xml
8 ms. Memory: 882688K Free: 250713K (28%)
----------------- Invoking toplevel() on ptolemy.moml.MoMLSimpleApplication@2a730218
----------------- Done invoking toplevel() on ptolemy.moml.MoMLSimpleApplication@2a730218
reloadAllAccessors: .ConstraintMonitor1

===========================================================================================
----------------- testing Mon Jun 04 21:46:13 UTC 2018 /home/travis/build/icyphy/ptII/ptolemy/actor/lib/test/auto/ConstraintMonitor2.xml
----------------- Instantiating /home/travis/build/icyphy/ptII/ptolemy/actor/lib/test/auto/ConstraintMonitor2.xml
7 ms. Memory: 882688K Free: 240268K (27%)
----------------- Invoking toplevel() on ptolemy.moml.MoMLSimpleApplication@28fa3caa
----------------- Done invoking toplevel() on ptolemy.moml.MoMLSimpleApplication@28fa3caa
reloadAllAccessors: .ConstraintMonitor2

===========================================================================================
----------------- testing Mon Jun 04 21:46:13 UTC 2018 /home/travis/build/icyphy/ptII/ptolemy/actor/lib/test/auto/ConstraintMonitor3.xml
----------------- Instantiating /home/travis/build/icyphy/ptII/ptolemy/actor/lib/test/auto/ConstraintMonitor3.xml
1 ms. Memory: 882688K Free: 229823K (26%)
----------------- Invoking toplevel() on ptolemy.moml.MoMLSimpleApplication@24559e9f
----------------- Done invoking toplevel() on ptolemy.moml.MoMLSimpleApplication@24559e9f
reloadAllAccessors: .ConstraintMonitor3

===========================================================================================
----------------- testing Mon Jun 04 21:46:13 UTC 2018 /home/travis/build/icyphy/ptII/ptolemy/actor/lib/test/auto/ConstraintMonitor4.xml
----------------- Instantiating /home/travis/build/icyphy/ptII/ptolemy/actor/lib/test/auto/ConstraintMonitor4.xml
2 ms. Memory: 882688K Free: 219378K (25%)
----------------- Invoking toplevel() on ptolemy.moml.MoMLSimpleApplication@5188a568
----------------- Done invoking toplevel() on ptolemy.moml.MoMLSimpleApplication@5188a568
reloadAllAccessors: .ConstraintMonitor4

===========================================================================================
----------------- testing Mon Jun 04 21:46:13 UTC 2018 /home/travis/build/icyphy/ptII/ptolemy/actor/lib/test/auto/ConstraintMonitor5.xml
----------------- Instantiating /home/travis/build/icyphy/ptII/ptolemy/actor/lib/test/auto/ConstraintMonitor5.xml
6 ms. Memory: 882688K Free: 200895K (23%)
----------------- Invoking toplevel() on ptolemy.moml.MoMLSimpleApplication@7bbfea09
----------------- Done invoking toplevel() on ptolemy.moml.MoMLSimpleApplication@7bbfea09
reloadAllAccessors: .ConstraintMonitor5

===========================================================================================
----------------- testing Mon Jun 04 21:46:13 UTC 2018 /home/travis/build/icyphy/ptII/ptolemy/actor/lib/test/auto/ConstraintMonitor6.xml
----------------- Instantiating /home/travis/build/icyphy/ptII/ptolemy/actor/lib/test/auto/ConstraintMonitor6.xml
3 ms. Memory: 882688K Free: 190450K (22%)
----------------- Invoking toplevel() on ptolemy.moml.MoMLSimpleApplication@238df5ea
----------------- Done invoking toplevel() on ptolemy.moml.MoMLSimpleApplication@238df5ea
reloadAllAccessors: .ConstraintMonitor6

===========================================================================================
----------------- testing Mon Jun 04 21:46:13 UTC 2018 /home/travis/build/icyphy/ptII/ptolemy/actor/lib/test/auto/ConstraintMonitor7.xml
----------------- Instantiating /home/travis/build/icyphy/ptII/ptolemy/actor/lib/test/auto/ConstraintMonitor7.xml
7 ms. Memory: 882688K Free: 180006K (20%)
----------------- Invoking toplevel() on ptolemy.moml.MoMLSimpleApplication@62ad8147
----------------- Done invoking toplevel() on ptolemy.moml.MoMLSimpleApplication@62ad8147
reloadAllAccessors: .ConstraintMonitor7

===========================================================================================
----------------- testing Mon Jun 04 21:46:13 UTC 2018 /home/travis/build/icyphy/ptII/ptolemy/actor/lib/test/auto/ConstraintMonitor8.xml
----------------- Instantiating /home/travis/build/icyphy/ptII/ptolemy/actor/lib/test/auto/ConstraintMonitor8.xml
7 ms. Memory: 882688K Free: 161522K (18%)
----------------- Invoking toplevel() on ptolemy.moml.MoMLSimpleApplication@5675b974
----------------- Done invoking toplevel() on ptolemy.moml.MoMLSimpleApplication@5675b974
reloadAllAccessors: .ConstraintMonitor8

===========================================================================================
----------------- testing Mon Jun 04 21:46:13 UTC 2018 /home/travis/build/icyphy/ptII/ptolemy/actor/lib/test/auto/Counter.xml
----------------- Instantiating /home/travis/build/icyphy/ptII/ptolemy/actor/lib/test/auto/Counter.xml
3 ms. Memory: 882688K Free: 151078K (17%)
----------------- Invoking toplevel() on ptolemy.moml.MoMLSimpleApplication@72213b4
----------------- Done invoking toplevel() on ptolemy.moml.MoMLSimpleApplication@72213b4
reloadAllAccessors: .Counter

===========================================================================================
----------------- testing Mon Jun 04 21:46:13 UTC 2018 /home/travis/build/icyphy/ptII/ptolemy/actor/lib/test/auto/CurrentTimeSDF.xml
----------------- Instantiating /home/travis/build/icyphy/ptII/ptolemy/actor/lib/test/auto/CurrentTimeSDF.xml
2 ms. Memory: 882688K Free: 140633K (16%)
----------------- Invoking toplevel() on ptolemy.moml.MoMLSimpleApplication@1ad8d220
----------------- Done invoking toplevel() on ptolemy.moml.MoMLSimpleApplication@1ad8d220
reloadAllAccessors: .CurrentTimeSDF

===========================================================================================
----------------- testing Mon Jun 04 21:46:13 UTC 2018 /home/travis/build/icyphy/ptII/ptolemy/actor/lib/test/auto/DB.xml
----------------- Instantiating /home/travis/build/icyphy/ptII/ptolemy/actor/lib/test/auto/DB.xml
2 ms. Memory: 882688K Free: 130188K (15%)
----------------- Invoking toplevel() on ptolemy.moml.MoMLSimpleApplication@6e281e36
----------------- Done invoking toplevel() on ptolemy.moml.MoMLSimpleApplication@6e281e36
reloadAllAccessors: .DB

===========================================================================================
----------------- testing Mon Jun 04 21:46:13 UTC 2018 /home/travis/build/icyphy/ptII/ptolemy/actor/lib/test/auto/DBDE.xml
----------------- Instantiating /home/travis/build/icyphy/ptII/ptolemy/actor/lib/test/auto/DBDE.xml
1 ms. Memory: 882688K Free: 111705K (13%)
----------------- Invoking toplevel() on ptolemy.moml.MoMLSimpleApplication@6ce326e0
----------------- Done invoking toplevel() on ptolemy.moml.MoMLSimpleApplication@6ce326e0
reloadAllAccessors: .DBDE

===========================================================================================
----------------- testing Mon Jun 04 21:46:13 UTC 2018 /home/travis/build/icyphy/ptII/ptolemy/actor/lib/test/auto/DateConstructor.xml
----------------- Instantiating /home/travis/build/icyphy/ptII/ptolemy/actor/lib/test/auto/DateConstructor.xml
15 ms. Memory: 882688K Free: 90799K (10%)
----------------- Invoking toplevel() on ptolemy.moml.MoMLSimpleApplication@6e575213
----------------- Done invoking toplevel() on ptolemy.moml.MoMLSimpleApplication@6e575213
reloadAllAccessors: .DateConstructor

===========================================================================================
----------------- testing Mon Jun 04 21:46:13 UTC 2018 /home/travis/build/icyphy/ptII/ptolemy/actor/lib/test/auto/DelayTime.xml
----------------- Instantiating /home/travis/build/icyphy/ptII/ptolemy/actor/lib/test/auto/DelayTime.xml
3 ms. Memory: 882688K Free: 80354K (9%)
----------------- Invoking toplevel() on ptolemy.moml.MoMLSimpleApplication@7e6b02d9
----------------- Done invoking toplevel() on ptolemy.moml.MoMLSimpleApplication@7e6b02d9
reloadAllAccessors: .DelayTime

===========================================================================================
----------------- testing Mon Jun 04 21:46:13 UTC 2018 /home/travis/build/icyphy/ptII/ptolemy/actor/lib/test/auto/Dictionary1.xml
----------------- Instantiating /home/travis/build/icyphy/ptII/ptolemy/actor/lib/test/auto/Dictionary1.xml
2 ms. Memory: 882688K Free: 61871K (7%)
----------------- Invoking toplevel() on ptolemy.moml.MoMLSimpleApplication@51a0c5b5
----------------- Done invoking toplevel() on ptolemy.moml.MoMLSimpleApplication@51a0c5b5
reloadAllAccessors: .Dictionary1

===========================================================================================
----------------- testing Mon Jun 04 21:46:13 UTC 2018 /home/travis/build/icyphy/ptII/ptolemy/actor/lib/test/auto/Dictionary2.xml
----------------- Instantiating /home/travis/build/icyphy/ptII/ptolemy/actor/lib/test/auto/Dictionary2.xml
14 ms. Memory: 1353216K Free: 1298689K (96%)
----------------- Invoking toplevel() on ptolemy.moml.MoMLSimpleApplication@3401ff29
----------------- Done invoking toplevel() on ptolemy.moml.MoMLSimpleApplication@3401ff29
reloadAllAccessors: .Dictionary2

===========================================================================================
----------------- testing Mon Jun 04 21:46:13 UTC 2018 /home/travis/build/icyphy/ptII/ptolemy/actor/lib/test/auto/Dictionary3.xml
----------------- Instantiating /home/travis/build/icyphy/ptII/ptolemy/actor/lib/test/auto/Dictionary3.xml
1 ms. Memory: 1353216K Free: 1272141K (94%)
----------------- Invoking toplevel() on ptolemy.moml.MoMLSimpleApplication@3e420f5b
----------------- Done invoking toplevel() on ptolemy.moml.MoMLSimpleApplication@3e420f5b
reloadAllAccessors: .Dictionary3

===========================================================================================
----------------- testing Mon Jun 04 21:46:13 UTC 2018 /home/travis/build/icyphy/ptII/ptolemy/actor/lib/test/auto/Dictionary4.xml
----------------- Instantiating /home/travis/build/icyphy/ptII/ptolemy/actor/lib/test/auto/Dictionary4.xml
3 ms. Memory: 1353216K Free: 1259347K (93%)
----------------- Invoking toplevel() on ptolemy.moml.MoMLSimpleApplication@10c19197
----------------- Done invoking toplevel() on ptolemy.moml.MoMLSimpleApplication@10c19197
reloadAllAccessors: .Dictionary4

===========================================================================================
----------------- testing Mon Jun 04 21:46:13 UTC 2018 /home/travis/build/icyphy/ptII/ptolemy/actor/lib/test/auto/Differential.xml
----------------- Instantiating /home/travis/build/icyphy/ptII/ptolemy/actor/lib/test/auto/Differential.xml
2 ms. Memory: 1353216K Free: 1246814K (92%)
----------------- Invoking toplevel() on ptolemy.moml.MoMLSimpleApplication@42f915be
----------------- Done invoking toplevel() on ptolemy.moml.MoMLSimpleApplication@42f915be
reloadAllAccessors: .Differential

===========================================================================================
----------------- testing Mon Jun 04 21:46:13 UTC 2018 /home/travis/build/icyphy/ptII/ptolemy/actor/lib/test/auto/Director.xml
----------------- Instantiating /home/travis/build/icyphy/ptII/ptolemy/actor/lib/test/auto/Director.xml
2 ms. Memory: 1353216K Free: 1234280K (91%)
----------------- Invoking toplevel() on ptolemy.moml.MoMLSimpleApplication@58bd85ae
----------------- Done invoking toplevel() on ptolemy.moml.MoMLSimpleApplication@58bd85ae
reloadAllAccessors: .Director

===========================================================================================
----------------- testing Mon Jun 04 21:46:13 UTC 2018 /home/travis/build/icyphy/ptII/ptolemy/actor/lib/test/auto/DiscreteClock.xml
----------------- Instantiating /home/travis/build/icyphy/ptII/ptolemy/actor/lib/test/auto/DiscreteClock.xml
2 ms. Memory: 1353216K Free: 1211910K (90%)
----------------- Invoking toplevel() on ptolemy.moml.MoMLSimpleApplication@156472d4
----------------- Done invoking toplevel() on ptolemy.moml.MoMLSimpleApplication@156472d4
reloadAllAccessors: .DiscreteClock

===========================================================================================
----------------- testing Mon Jun 04 21:46:13 UTC 2018 /home/travis/build/icyphy/ptII/ptolemy/actor/lib/test/auto/DiscreteClock10.xml
----------------- Instantiating /home/travis/build/icyphy/ptII/ptolemy/actor/lib/test/auto/DiscreteClock10.xml
2 ms. Memory: 1353216K Free: 1199376K (89%)
----------------- Invoking toplevel() on ptolemy.moml.MoMLSimpleApplication@1891f46e
----------------- Done invoking toplevel() on ptolemy.moml.MoMLSimpleApplication@1891f46e
reloadAllAccessors: .DiscreteClock10

===========================================================================================
----------------- testing Mon Jun 04 21:46:13 UTC 2018 /home/travis/build/icyphy/ptII/ptolemy/actor/lib/test/auto/DiscreteClock11.xml
----------------- Instantiating /home/travis/build/icyphy/ptII/ptolemy/actor/lib/test/auto/DiscreteClock11.xml
2 ms. Memory: 1353216K Free: 1186842K (88%)
----------------- Invoking toplevel() on ptolemy.moml.MoMLSimpleApplication@e879662
----------------- Done invoking toplevel() on ptolemy.moml.MoMLSimpleApplication@e879662
reloadAllAccessors: .DiscreteClock11

===========================================================================================
----------------- testing Mon Jun 04 21:46:13 UTC 2018 /home/travis/build/icyphy/ptII/ptolemy/actor/lib/test/auto/DiscreteClock12.xml
----------------- Instantiating /home/travis/build/icyphy/ptII/ptolemy/actor/lib/test/auto/DiscreteClock12.xml
2 ms. Memory: 1353216K Free: 1174309K (87%)
----------------- Invoking toplevel() on ptolemy.moml.MoMLSimpleApplication@51c1c0c6
----------------- Done invoking toplevel() on ptolemy.moml.MoMLSimpleApplication@51c1c0c6
reloadAllAccessors: .DiscreteClock12

===========================================================================================
----------------- testing Mon Jun 04 21:46:13 UTC 2018 /home/travis/build/icyphy/ptII/ptolemy/actor/lib/test/auto/DiscreteClock13.xml
----------------- Instantiating /home/travis/build/icyphy/ptII/ptolemy/actor/lib/test/auto/DiscreteClock13.xml
6 ms. Memory: 1353216K Free: 1151939K (85%)
----------------- Invoking toplevel() on ptolemy.moml.MoMLSimpleApplication@7ad818c
----------------- Done invoking toplevel() on ptolemy.moml.MoMLSimpleApplication@7ad818c
reloadAllAccessors: .DiscreteClock13

===========================================================================================
----------------- testing Mon Jun 04 21:46:13 UTC 2018 /home/travis/build/icyphy/ptII/ptolemy/actor/lib/test/auto/DiscreteClock14.xml
----------------- Instantiating /home/travis/build/icyphy/ptII/ptolemy/actor/lib/test/auto/DiscreteClock14.xml
7 ms. Memory: 1353216K Free: 1139405K (84%)
----------------- Invoking toplevel() on ptolemy.moml.MoMLSimpleApplication@20c650d5
----------------- Done invoking toplevel() on ptolemy.moml.MoMLSimpleApplication@20c650d5
reloadAllAccessors: .DiscreteClock14

===========================================================================================
----------------- testing Mon Jun 04 21:46:13 UTC 2018 /home/travis/build/icyphy/ptII/ptolemy/actor/lib/test/auto/DiscreteClock15.xml
----------------- Instantiating /home/travis/build/icyphy/ptII/ptolemy/actor/lib/test/auto/DiscreteClock15.xml
6 ms. Memory: 1353216K Free: 1126871K (83%)
----------------- Invoking toplevel() on ptolemy.moml.MoMLSimpleApplication@397c563a
----------------- Done invoking toplevel() on ptolemy.moml.MoMLSimpleApplication@397c563a
reloadAllAccessors: .DiscreteClock15

===========================================================================================
----------------- testing Mon Jun 04 21:46:13 UTC 2018 /home/travis/build/icyphy/ptII/ptolemy/actor/lib/test/auto/DiscreteClock16.xml
----------------- Instantiating /home/travis/build/icyphy/ptII/ptolemy/actor/lib/test/auto/DiscreteClock16.xml
564 ms. Memory: 1372160K Free: 1320299K (96%)
----------------- Invoking toplevel() on ptolemy.moml.MoMLSimpleApplication@658ae4d7
----------------- Done invoking toplevel() on ptolemy.moml.MoMLSimpleApplication@658ae4d7
reloadAllAccessors: .DiscreteClock16

===========================================================================================
----------------- testing Mon Jun 04 21:46:14 UTC 2018 /home/travis/build/icyphy/ptII/ptolemy/actor/lib/test/auto/DiscreteClock17.xml
----------------- Instantiating /home/travis/build/icyphy/ptII/ptolemy/actor/lib/test/auto/DiscreteClock17.xml
16 ms. Memory: 1372160K Free: 1285379K (94%)
----------------- Invoking toplevel() on ptolemy.moml.MoMLSimpleApplication@20e7cea3
----------------- Done invoking toplevel() on ptolemy.moml.MoMLSimpleApplication@20e7cea3
reloadAllAccessors: .DiscreteClock17

===========================================================================================
----------------- testing Mon Jun 04 21:46:14 UTC 2018 /home/travis/build/icyphy/ptII/ptolemy/actor/lib/test/auto/DiscreteClock18.xml
----------------- Instantiating /home/travis/build/icyphy/ptII/ptolemy/actor/lib/test/auto/DiscreteClock18.xml
23 ms. Memory: 1372160K Free: 1266303K (92%)
----------------- Invoking toplevel() on ptolemy.moml.MoMLSimpleApplication@6bfc26af
----------------- Done invoking toplevel() on ptolemy.moml.MoMLSimpleApplication@6bfc26af
reloadAllAccessors: .DiscreteClock18

===========================================================================================
----------------- testing Mon Jun 04 21:46:14 UTC 2018 /home/travis/build/icyphy/ptII/ptolemy/actor/lib/test/auto/DiscreteClock19.xml
----------------- Instantiating /home/travis/build/icyphy/ptII/ptolemy/actor/lib/test/auto/DiscreteClock19.xml
21 ms. Memory: 1372160K Free: 1247486K (91%)
----------------- Invoking toplevel() on ptolemy.moml.MoMLSimpleApplication@6167a138
----------------- Done invoking toplevel() on ptolemy.moml.MoMLSimpleApplication@6167a138
reloadAllAccessors: .DiscreteClock19

===========================================================================================
----------------- testing Mon Jun 04 21:46:14 UTC 2018 /home/travis/build/icyphy/ptII/ptolemy/actor/lib/test/auto/DiscreteClock2.xml
----------------- Instantiating /home/travis/build/icyphy/ptII/ptolemy/actor/lib/test/auto/DiscreteClock2.xml
5 ms. Memory: 1372160K Free: 1234952K (90%)
----------------- Invoking toplevel() on ptolemy.moml.MoMLSimpleApplication@4e8d448d
----------------- Done invoking toplevel() on ptolemy.moml.MoMLSimpleApplication@4e8d448d
reloadAllAccessors: .DiscreteClock2

===========================================================================================
----------------- testing Mon Jun 04 21:46:14 UTC 2018 /home/travis/build/icyphy/ptII/ptolemy/actor/lib/test/auto/DiscreteClock20.xml
----------------- Instantiating /home/travis/build/icyphy/ptII/ptolemy/actor/lib/test/auto/DiscreteClock20.xml
8 ms. Memory: 1372160K Free: 1212582K (88%)
----------------- Invoking toplevel() on ptolemy.moml.MoMLSimpleApplication@5664a7ba
----------------- Done invoking toplevel() on ptolemy.moml.MoMLSimpleApplication@5664a7ba
reloadAllAccessors: .DiscreteClock20

===========================================================================================
----------------- testing Mon Jun 04 21:46:14 UTC 2018 /home/travis/build/icyphy/ptII/ptolemy/actor/lib/test/auto/DiscreteClock21.xml
----------------- Instantiating /home/travis/build/icyphy/ptII/ptolemy/actor/lib/test/auto/DiscreteClock21.xml
8 ms. Memory: 1372160K Free: 1200048K (87%)
----------------- Invoking toplevel() on ptolemy.moml.MoMLSimpleApplication@29b8af28
----------------- Done invoking toplevel() on ptolemy.moml.MoMLSimpleApplication@29b8af28
reloadAllAccessors: .DiscreteClock21

===========================================================================================
----------------- testing Mon Jun 04 21:46:14 UTC 2018 /home/travis/build/icyphy/ptII/ptolemy/actor/lib/test/auto/DiscreteClock22.xml
----------------- Instantiating /home/travis/build/icyphy/ptII/ptolemy/actor/lib/test/auto/DiscreteClock22.xml
3 ms. Memory: 1372160K Free: 1187514K (87%)
----------------- Invoking toplevel() on ptolemy.moml.MoMLSimpleApplication@7d09834f
----------------- Done invoking toplevel() on ptolemy.moml.MoMLSimpleApplication@7d09834f
reloadAllAccessors: .DiscreteClock22

===========================================================================================
----------------- testing Mon Jun 04 21:46:14 UTC 2018 /home/travis/build/icyphy/ptII/ptolemy/actor/lib/test/auto/DiscreteClock23.xml
----------------- Instantiating /home/travis/build/icyphy/ptII/ptolemy/actor/lib/test/auto/DiscreteClock23.xml
7 ms. Memory: 1372160K Free: 1174981K (86%)
----------------- Invoking toplevel() on ptolemy.moml.MoMLSimpleApplication@35fdbd2e
----------------- Done invoking toplevel() on ptolemy.moml.MoMLSimpleApplication@35fdbd2e
reloadAllAccessors: .DiscreteClock23

===========================================================================================
----------------- testing Mon Jun 04 21:46:14 UTC 2018 /home/travis/build/icyphy/ptII/ptolemy/actor/lib/test/auto/DiscreteClock24.xml
----------------- Instantiating /home/travis/build/icyphy/ptII/ptolemy/actor/lib/test/auto/DiscreteClock24.xml
2 ms. Memory: 1372160K Free: 1152611K (84%)
----------------- Invoking toplevel() on ptolemy.moml.MoMLSimpleApplication@7cb1c9c
----------------- Done invoking toplevel() on ptolemy.moml.MoMLSimpleApplication@7cb1c9c
reloadAllAccessors: .DiscreteClock24

===========================================================================================
----------------- testing Mon Jun 04 21:46:14 UTC 2018 /home/travis/build/icyphy/ptII/ptolemy/actor/lib/test/auto/DiscreteClock4.xml
----------------- Instantiating /home/travis/build/icyphy/ptII/ptolemy/actor/lib/test/auto/DiscreteClock4.xml
2 ms. Memory: 1372160K Free: 1140077K (83%)
----------------- Invoking toplevel() on ptolemy.moml.MoMLSimpleApplication@4b1fcb93
----------------- Done invoking toplevel() on ptolemy.moml.MoMLSimpleApplication@4b1fcb93
reloadAllAccessors: .DiscreteClock4

===========================================================================================
----------------- testing Mon Jun 04 21:46:14 UTC 2018 /home/travis/build/icyphy/ptII/ptolemy/actor/lib/test/auto/DiscreteClock5.xml
----------------- Instantiating /home/travis/build/icyphy/ptII/ptolemy/actor/lib/test/auto/DiscreteClock5.xml
1 ms. Memory: 1372160K Free: 1127543K (82%)
----------------- Invoking toplevel() on ptolemy.moml.MoMLSimpleApplication@14a8c26b
----------------- Done invoking toplevel() on ptolemy.moml.MoMLSimpleApplication@14a8c26b
reloadAllAccessors: .DiscreteClock5

===========================================================================================
----------------- testing Mon Jun 04 21:46:14 UTC 2018 /home/travis/build/icyphy/ptII/ptolemy/actor/lib/test/auto/DiscreteClock6.xml
----------------- Instantiating /home/travis/build/icyphy/ptII/ptolemy/actor/lib/test/auto/DiscreteClock6.xml
2 ms. Memory: 1372160K Free: 1115010K (81%)
----------------- Invoking toplevel() on ptolemy.moml.MoMLSimpleApplication@4f5ea9e1
----------------- Done invoking toplevel() on ptolemy.moml.MoMLSimpleApplication@4f5ea9e1
reloadAllAccessors: .DiscreteClock6

===========================================================================================
----------------- testing Mon Jun 04 21:46:14 UTC 2018 /home/travis/build/icyphy/ptII/ptolemy/actor/lib/test/auto/DiscreteClock7.xml
----------------- Instantiating /home/travis/build/icyphy/ptII/ptolemy/actor/lib/test/auto/DiscreteClock7.xml
2 ms. Memory: 1372160K Free: 1092640K (80%)
----------------- Invoking toplevel() on ptolemy.moml.MoMLSimpleApplication@2e369b18
----------------- Done invoking toplevel() on ptolemy.moml.MoMLSimpleApplication@2e369b18
reloadAllAccessors: .DiscreteClock7

===========================================================================================
----------------- testing Mon Jun 04 21:46:14 UTC 2018 /home/travis/build/icyphy/ptII/ptolemy/actor/lib/test/auto/DiscreteClock8.xml
----------------- Instantiating /home/travis/build/icyphy/ptII/ptolemy/actor/lib/test/auto/DiscreteClock8.xml
2 ms. Memory: 1372160K Free: 1080106K (79%)
----------------- Invoking toplevel() on ptolemy.moml.MoMLSimpleApplication@55f51eea
----------------- Done invoking toplevel() on ptolemy.moml.MoMLSimpleApplication@55f51eea
reloadAllAccessors: .DiscreteClock8

===========================================================================================
----------------- testing Mon Jun 04 21:46:14 UTC 2018 /home/travis/build/icyphy/ptII/ptolemy/actor/lib/test/auto/DiscreteClock9.xml
----------------- Instantiating /home/travis/build/icyphy/ptII/ptolemy/actor/lib/test/auto/DiscreteClock9.xml
6 ms. Memory: 1372160K Free: 1067572K (78%)
----------------- Invoking toplevel() on ptolemy.moml.MoMLSimpleApplication@7af98a50
----------------- Done invoking toplevel() on ptolemy.moml.MoMLSimpleApplication@7af98a50
reloadAllAccessors: .DiscreteClock9

===========================================================================================
----------------- testing Mon Jun 04 21:46:14 UTC 2018 /home/travis/build/icyphy/ptII/ptolemy/actor/lib/test/auto/DisplayArray.xml
----------------- Instantiating /home/travis/build/icyphy/ptII/ptolemy/actor/lib/test/auto/DisplayArray.xml
3 ms. Memory: 1372160K Free: 1055038K (77%)
----------------- Invoking toplevel() on ptolemy.moml.MoMLSimpleApplication@10ad31c3
----------------- Done invoking toplevel() on ptolemy.moml.MoMLSimpleApplication@10ad31c3
reloadAllAccessors: .DisplayArray

===========================================================================================
----------------- testing Mon Jun 04 21:46:14 UTC 2018 /home/travis/build/icyphy/ptII/ptolemy/actor/lib/test/auto/Distributor.xml
----------------- Instantiating /home/travis/build/icyphy/ptII/ptolemy/actor/lib/test/auto/Distributor.xml
1 ms. Memory: 1372160K Free: 1032668K (75%)
----------------- Invoking toplevel() on ptolemy.moml.MoMLSimpleApplication@1d30ac5c
----------------- Done invoking toplevel() on ptolemy.moml.MoMLSimpleApplication@1d30ac5c
reloadAllAccessors: .Distributor

===========================================================================================
----------------- testing Mon Jun 04 21:46:14 UTC 2018 /home/travis/build/icyphy/ptII/ptolemy/actor/lib/test/auto/Distributor2.xml
----------------- Instantiating /home/travis/build/icyphy/ptII/ptolemy/actor/lib/test/auto/Distributor2.xml
2 ms. Memory: 1372160K Free: 1020134K (74%)
----------------- Invoking toplevel() on ptolemy.moml.MoMLSimpleApplication@3dd87aa3
----------------- Done invoking toplevel() on ptolemy.moml.MoMLSimpleApplication@3dd87aa3
reloadAllAccessors: .Distributor2

===========================================================================================
----------------- testing Mon Jun 04 21:46:15 UTC 2018 /home/travis/build/icyphy/ptII/ptolemy/actor/lib/test/auto/DownSample.xml
----------------- Instantiating /home/travis/build/icyphy/ptII/ptolemy/actor/lib/test/auto/DownSample.xml
2 ms. Memory: 1372160K Free: 1007601K (73%)
----------------- Invoking toplevel() on ptolemy.moml.MoMLSimpleApplication@41908a53
----------------- Done invoking toplevel() on ptolemy.moml.MoMLSimpleApplication@41908a53
reloadAllAccessors: .DownSample

===========================================================================================
----------------- testing Mon Jun 04 21:46:15 UTC 2018 /home/travis/build/icyphy/ptII/ptolemy/actor/lib/test/auto/ElectronicUnitBase1.xml
----------------- Instantiating /home/travis/build/icyphy/ptII/ptolemy/actor/lib/test/auto/ElectronicUnitBase1.xml
18 ms. Memory: 1372160K Free: 982509K (72%)
----------------- Invoking toplevel() on ptolemy.moml.MoMLSimpleApplication@41d9d609
----------------- Done invoking toplevel() on ptolemy.moml.MoMLSimpleApplication@41d9d609
reloadAllAccessors: .ElectronicUnitBase1

===========================================================================================
----------------- testing Mon Jun 04 21:46:15 UTC 2018 /home/travis/build/icyphy/ptII/ptolemy/actor/lib/test/auto/ElementsToArray.xml
----------------- Instantiating /home/travis/build/icyphy/ptII/ptolemy/actor/lib/test/auto/ElementsToArray.xml
3 ms. Memory: 1372160K Free: 960139K (70%)
----------------- Invoking toplevel() on ptolemy.moml.MoMLSimpleApplication@754763df
----------------- Done invoking toplevel() on ptolemy.moml.MoMLSimpleApplication@754763df
reloadAllAccessors: .ElementsToArray

===========================================================================================
----------------- testing Mon Jun 04 21:46:15 UTC 2018 /home/travis/build/icyphy/ptII/ptolemy/actor/lib/test/auto/Equals.xml
----------------- Instantiating /home/travis/build/icyphy/ptII/ptolemy/actor/lib/test/auto/Equals.xml
1 ms. Memory: 1372160K Free: 947605K (69%)
----------------- Invoking toplevel() on ptolemy.moml.MoMLSimpleApplication@1015141e
----------------- Done invoking toplevel() on ptolemy.moml.MoMLSimpleApplication@1015141e
reloadAllAccessors: .Equals

===========================================================================================
----------------- testing Mon Jun 04 21:46:15 UTC 2018 /home/travis/build/icyphy/ptII/ptolemy/actor/lib/test/auto/Exec.xml
----------------- Instantiating /home/travis/build/icyphy/ptII/ptolemy/actor/lib/test/auto/Exec.xml
9 ms. Memory: 1372160K Free: 922538K (67%)
----------------- Invoking toplevel() on ptolemy.moml.MoMLSimpleApplication@75c7e851
----------------- Done invoking toplevel() on ptolemy.moml.MoMLSimpleApplication@75c7e851
reloadAllAccessors: .Exec

===========================================================================================
----------------- testing Mon Jun 04 21:46:15 UTC 2018 /home/travis/build/icyphy/ptII/ptolemy/actor/lib/test/auto/ExecEnvironment.xml
----------------- Instantiating /home/travis/build/icyphy/ptII/ptolemy/actor/lib/test/auto/ExecEnvironment.xml
21 ms. Memory: 1372160K Free: 910004K (66%)
----------------- Invoking toplevel() on ptolemy.moml.MoMLSimpleApplication@6821446c
----------------- Done invoking toplevel() on ptolemy.moml.MoMLSimpleApplication@6821446c
reloadAllAccessors: .ExecEnvironment

===========================================================================================
----------------- testing Mon Jun 04 21:46:15 UTC 2018 /home/travis/build/icyphy/ptII/ptolemy/actor/lib/test/auto/ExecNonZeroReturnOutput.xml
----------------- Instantiating /home/travis/build/icyphy/ptII/ptolemy/actor/lib/test/auto/ExecNonZeroReturnOutput.xml
112 ms. Memory: 1372160K Free: 816000K (59%)
----------------- Invoking toplevel() on ptolemy.moml.MoMLSimpleApplication@5e932f12
----------------- Done invoking toplevel() on ptolemy.moml.MoMLSimpleApplication@5e932f12
reloadAllAccessors: .ExecNonZeroReturnOutput

===========================================================================================
----------------- testing Mon Jun 04 21:46:15 UTC 2018 /home/travis/build/icyphy/ptII/ptolemy/actor/lib/test/auto/ExecRunDemos.xml
----------------- Instantiating /home/travis/build/icyphy/ptII/ptolemy/actor/lib/test/auto/ExecRunDemos.xml
Finished: 80 ms. Memory: 116224K Free: 100789K (87%)

Finished: 31 ms. Memory: 116224K Free: 98283K (85%)

Finished: 51 ms. Memory: 116224K Free: 98340K (85%)

Finished: 36 ms. Memory: 116224K Free: 99536K (86%)

Finished: 35 ms. Memory: 116224K Free: 100823K (87%)

9682 ms. Memory: 1372160K Free: 718397K (52%)
----------------- Invoking toplevel() on ptolemy.moml.MoMLSimpleApplication@1e517097
----------------- Done invoking toplevel() on ptolemy.moml.MoMLSimpleApplication@1e517097
reloadAllAccessors: .ExecRunDemos

===========================================================================================
----------------- testing Mon Jun 04 21:46:25 UTC 2018 /home/travis/build/icyphy/ptII/ptolemy/actor/lib/test/auto/ExecStop.xml
----------------- Instantiating /home/travis/build/icyphy/ptII/ptolemy/actor/lib/test/auto/ExecStop.xml
5012 ms. Memory: 1372160K Free: 480254K (35%)
----------------- Invoking toplevel() on ptolemy.moml.MoMLSimpleApplication@453d3e77
----------------- Done invoking toplevel() on ptolemy.moml.MoMLSimpleApplication@453d3e77
reloadAllAccessors: .ExecStop

===========================================================================================
----------------- testing Mon Jun 04 21:46:30 UTC 2018 /home/travis/build/icyphy/ptII/ptolemy/actor/lib/test/auto/ExecutionTimePN.xml
----------------- Instantiating /home/travis/build/icyphy/ptII/ptolemy/actor/lib/test/auto/ExecutionTimePN.xml
Fired ExecutionTime: 622400000
Fired ExecutionTime: 545200000
Fired ExecutionTime: 623200000
2010 ms. Memory: 1372160K Free: 417569K (30%)
----------------- Invoking toplevel() on ptolemy.moml.MoMLSimpleApplication@3ebea017
----------------- Done invoking toplevel() on ptolemy.moml.MoMLSimpleApplication@3ebea017
reloadAllAccessors: .ExecutionTimePN

===========================================================================================
----------------- testing Mon Jun 04 21:46:32 UTC 2018 /home/travis/build/icyphy/ptII/ptolemy/actor/lib/test/auto/ExecutionTimeSDF.xml
----------------- Instantiating /home/travis/build/icyphy/ptII/ptolemy/actor/lib/test/auto/ExecutionTimeSDF.xml
Fired ExecutionTime: 940400000
Fired ExecutionTime: 1012400000
Fired ExecutionTime: -1675367296
6004 ms. Memory: 1372160K Free: 398753K (29%)
----------------- Invoking toplevel() on ptolemy.moml.MoMLSimpleApplication@2d315359
----------------- Done invoking toplevel() on ptolemy.moml.MoMLSimpleApplication@2d315359
reloadAllAccessors: .ExecutionTimeSDF

===========================================================================================
----------------- testing Mon Jun 04 21:46:38 UTC 2018 /home/travis/build/icyphy/ptII/ptolemy/actor/lib/test/auto/Expression1.xml
----------------- Instantiating /home/travis/build/icyphy/ptII/ptolemy/actor/lib/test/auto/Expression1.xml
2 ms. Memory: 1372160K Free: 376383K (27%)
----------------- Invoking toplevel() on ptolemy.moml.MoMLSimpleApplication@4bf35beb
----------------- Done invoking toplevel() on ptolemy.moml.MoMLSimpleApplication@4bf35beb
reloadAllAccessors: .Expression1

===========================================================================================
----------------- testing Mon Jun 04 21:46:38 UTC 2018 /home/travis/build/icyphy/ptII/ptolemy/actor/lib/test/auto/Expression10.xml
----------------- Instantiating /home/travis/build/icyphy/ptII/ptolemy/actor/lib/test/auto/Expression10.xml
5 ms. Memory: 1372160K Free: 363849K (27%)
----------------- Invoking toplevel() on ptolemy.moml.MoMLSimpleApplication@6cc2355d
----------------- Done invoking toplevel() on ptolemy.moml.MoMLSimpleApplication@6cc2355d
reloadAllAccessors: .Expression10

===========================================================================================
----------------- testing Mon Jun 04 21:46:38 UTC 2018 /home/travis/build/icyphy/ptII/ptolemy/actor/lib/test/auto/Expression11.xml
----------------- Instantiating /home/travis/build/icyphy/ptII/ptolemy/actor/lib/test/auto/Expression11.xml
3 ms. Memory: 1372160K Free: 351315K (26%)
----------------- Invoking toplevel() on ptolemy.moml.MoMLSimpleApplication@52d84d9c
----------------- Done invoking toplevel() on ptolemy.moml.MoMLSimpleApplication@52d84d9c
reloadAllAccessors: .Expression11

===========================================================================================
----------------- testing Mon Jun 04 21:46:38 UTC 2018 /home/travis/build/icyphy/ptII/ptolemy/actor/lib/test/auto/Expression12.xml
----------------- Instantiating /home/travis/build/icyphy/ptII/ptolemy/actor/lib/test/auto/Expression12.xml
4 ms. Memory: 1372160K Free: 338781K (25%)
----------------- Invoking toplevel() on ptolemy.moml.MoMLSimpleApplication@150e145b
----------------- Done invoking toplevel() on ptolemy.moml.MoMLSimpleApplication@150e145b
reloadAllAccessors: .Expression12

===========================================================================================
----------------- testing Mon Jun 04 21:46:38 UTC 2018 /home/travis/build/icyphy/ptII/ptolemy/actor/lib/test/auto/Expression13.xml
----------------- Instantiating /home/travis/build/icyphy/ptII/ptolemy/actor/lib/test/auto/Expression13.xml
5 ms. Memory: 1372160K Free: 316411K (23%)
----------------- Invoking toplevel() on ptolemy.moml.MoMLSimpleApplication@27c7b688
----------------- Done invoking toplevel() on ptolemy.moml.MoMLSimpleApplication@27c7b688
reloadAllAccessors: .Expression13

===========================================================================================
----------------- testing Mon Jun 04 21:46:38 UTC 2018 /home/travis/build/icyphy/ptII/ptolemy/actor/lib/test/auto/Expression14.xml
----------------- Instantiating /home/travis/build/icyphy/ptII/ptolemy/actor/lib/test/auto/Expression14.xml
3 ms. Memory: 1372160K Free: 303877K (22%)
----------------- Invoking toplevel() on ptolemy.moml.MoMLSimpleApplication@767da212
----------------- Done invoking toplevel() on ptolemy.moml.MoMLSimpleApplication@767da212
reloadAllAccessors: .Expression14

===========================================================================================
----------------- testing Mon Jun 04 21:46:38 UTC 2018 /home/travis/build/icyphy/ptII/ptolemy/actor/lib/test/auto/Expression15.xml
----------------- Instantiating /home/travis/build/icyphy/ptII/ptolemy/actor/lib/test/auto/Expression15.xml
2 ms. Memory: 1372160K Free: 291343K (21%)
----------------- Invoking toplevel() on ptolemy.moml.MoMLSimpleApplication@38d46add
----------------- Done invoking toplevel() on ptolemy.moml.MoMLSimpleApplication@38d46add
reloadAllAccessors: .Expression15

===========================================================================================
----------------- testing Mon Jun 04 21:46:38 UTC 2018 /home/travis/build/icyphy/ptII/ptolemy/actor/lib/test/auto/Expression16.xml
----------------- Instantiating /home/travis/build/icyphy/ptII/ptolemy/actor/lib/test/auto/Expression16.xml
2 ms. Memory: 1372160K Free: 278810K (20%)
----------------- Invoking toplevel() on ptolemy.moml.MoMLSimpleApplication@18a6df5d
----------------- Done invoking toplevel() on ptolemy.moml.MoMLSimpleApplication@18a6df5d
reloadAllAccessors: .Expression16

===========================================================================================
----------------- testing Mon Jun 04 21:46:38 UTC 2018 /home/travis/build/icyphy/ptII/ptolemy/actor/lib/test/auto/Expression17.xml
----------------- Instantiating /home/travis/build/icyphy/ptII/ptolemy/actor/lib/test/auto/Expression17.xml
3 ms. Memory: 1372160K Free: 266276K (19%)
----------------- Invoking toplevel() on ptolemy.moml.MoMLSimpleApplication@7216b2c7
----------------- Done invoking toplevel() on ptolemy.moml.MoMLSimpleApplication@7216b2c7
reloadAllAccessors: .Expression17

===========================================================================================
----------------- testing Mon Jun 04 21:46:38 UTC 2018 /home/travis/build/icyphy/ptII/ptolemy/actor/lib/test/auto/Expression18.xml
----------------- Instantiating /home/travis/build/icyphy/ptII/ptolemy/actor/lib/test/auto/Expression18.xml
2 ms. Memory: 1372160K Free: 243906K (18%)
----------------- Invoking toplevel() on ptolemy.moml.MoMLSimpleApplication@dabcd87
----------------- Done invoking toplevel() on ptolemy.moml.MoMLSimpleApplication@dabcd87
reloadAllAccessors: .Expression18

===========================================================================================
----------------- testing Mon Jun 04 21:46:38 UTC 2018 /home/travis/build/icyphy/ptII/ptolemy/actor/lib/test/auto/Expression2.xml
----------------- Instantiating /home/travis/build/icyphy/ptII/ptolemy/actor/lib/test/auto/Expression2.xml
3 ms. Memory: 1372160K Free: 231372K (17%)
----------------- Invoking toplevel() on ptolemy.moml.MoMLSimpleApplication@6c2d1aee
----------------- Done invoking toplevel() on ptolemy.moml.MoMLSimpleApplication@6c2d1aee
reloadAllAccessors: .Expression2

===========================================================================================
----------------- testing Mon Jun 04 21:46:38 UTC 2018 /home/travis/build/icyphy/ptII/ptolemy/actor/lib/test/auto/Expression3.xml
----------------- Instantiating /home/travis/build/icyphy/ptII/ptolemy/actor/lib/test/auto/Expression3.xml
3 ms. Memory: 1372160K Free: 218838K (16%)
----------------- Invoking toplevel() on ptolemy.moml.MoMLSimpleApplication@e0a71e0
----------------- Done invoking toplevel() on ptolemy.moml.MoMLSimpleApplication@e0a71e0
reloadAllAccessors: .Expression3

===========================================================================================
----------------- testing Mon Jun 04 21:46:38 UTC 2018 /home/travis/build/icyphy/ptII/ptolemy/actor/lib/test/auto/Expression4.xml
----------------- Instantiating /home/travis/build/icyphy/ptII/ptolemy/actor/lib/test/auto/Expression4.xml
4 ms. Memory: 1372160K Free: 206305K (15%)
----------------- Invoking toplevel() on ptolemy.moml.MoMLSimpleApplication@49ea3176
----------------- Done invoking toplevel() on ptolemy.moml.MoMLSimpleApplication@49ea3176
reloadAllAccessors: .Expression4

===========================================================================================
----------------- testing Mon Jun 04 21:46:38 UTC 2018 /home/travis/build/icyphy/ptII/ptolemy/actor/lib/test/auto/Expression5.xml
----------------- Instantiating /home/travis/build/icyphy/ptII/ptolemy/actor/lib/test/auto/Expression5.xml
4 ms. Memory: 1372160K Free: 183935K (13%)
----------------- Invoking toplevel() on ptolemy.moml.MoMLSimpleApplication@2dbf21a9
----------------- Done invoking toplevel() on ptolemy.moml.MoMLSimpleApplication@2dbf21a9
reloadAllAccessors: .Expression5

===========================================================================================
----------------- testing Mon Jun 04 21:46:38 UTC 2018 /home/travis/build/icyphy/ptII/ptolemy/actor/lib/test/auto/Expression6.xml
----------------- Instantiating /home/travis/build/icyphy/ptII/ptolemy/actor/lib/test/auto/Expression6.xml
2 ms. Memory: 1372160K Free: 171401K (12%)
----------------- Invoking toplevel() on ptolemy.moml.MoMLSimpleApplication@778c28bd
----------------- Done invoking toplevel() on ptolemy.moml.MoMLSimpleApplication@778c28bd
reloadAllAccessors: .Expression6

===========================================================================================
----------------- testing Mon Jun 04 21:46:38 UTC 2018 /home/travis/build/icyphy/ptII/ptolemy/actor/lib/test/auto/Expression7.xml
----------------- Instantiating /home/travis/build/icyphy/ptII/ptolemy/actor/lib/test/auto/Expression7.xml
3 ms. Memory: 1372160K Free: 158867K (12%)
----------------- Invoking toplevel() on ptolemy.moml.MoMLSimpleApplication@ff31bed
----------------- Done invoking toplevel() on ptolemy.moml.MoMLSimpleApplication@ff31bed
reloadAllAccessors: .Expression7

===========================================================================================
----------------- testing Mon Jun 04 21:46:38 UTC 2018 /home/travis/build/icyphy/ptII/ptolemy/actor/lib/test/auto/Expression8.xml
----------------- Instantiating /home/travis/build/icyphy/ptII/ptolemy/actor/lib/test/auto/Expression8.xml
4 ms. Memory: 1372160K Free: 146333K (11%)
----------------- Invoking toplevel() on ptolemy.moml.MoMLSimpleApplication@113d218e
----------------- Done invoking toplevel() on ptolemy.moml.MoMLSimpleApplication@113d218e
reloadAllAccessors: .Expression8

===========================================================================================
----------------- testing Mon Jun 04 21:46:38 UTC 2018 /home/travis/build/icyphy/ptII/ptolemy/actor/lib/test/auto/Expression9.xml
----------------- Instantiating /home/travis/build/icyphy/ptII/ptolemy/actor/lib/test/auto/Expression9.xml
2 ms. Memory: 1372160K Free: 123963K (9%)
----------------- Invoking toplevel() on ptolemy.moml.MoMLSimpleApplication@1706a4a7
----------------- Done invoking toplevel() on ptolemy.moml.MoMLSimpleApplication@1706a4a7
reloadAllAccessors: .Expression9

===========================================================================================
----------------- testing Mon Jun 04 21:46:38 UTC 2018 /home/travis/build/icyphy/ptII/ptolemy/actor/lib/test/auto/ExpressionConcatenateArrayType.xml
----------------- Instantiating /home/travis/build/icyphy/ptII/ptolemy/actor/lib/test/auto/ExpressionConcatenateArrayType.xml
3 ms. Memory: 1372160K Free: 111430K (8%)
----------------- Invoking toplevel() on ptolemy.moml.MoMLSimpleApplication@21b4f120
----------------- Done invoking toplevel() on ptolemy.moml.MoMLSimpleApplication@21b4f120
reloadAllAccessors: .ExpressionConcatenateArrayType

===========================================================================================
----------------- testing Mon Jun 04 21:46:38 UTC 2018 /home/travis/build/icyphy/ptII/ptolemy/actor/lib/test/auto/ExpressionConcatenateArrayType2.xml
----------------- Instantiating /home/travis/build/icyphy/ptII/ptolemy/actor/lib/test/auto/ExpressionConcatenateArrayType2.xml
2 ms. Memory: 1372160K Free: 98896K (7%)
----------------- Invoking toplevel() on ptolemy.moml.MoMLSimpleApplication@4e2e9c5a
----------------- Done invoking toplevel() on ptolemy.moml.MoMLSimpleApplication@4e2e9c5a
reloadAllAccessors: .ExpressionConcatenateArrayType2

===========================================================================================
----------------- testing Mon Jun 04 21:46:38 UTC 2018 /home/travis/build/icyphy/ptII/ptolemy/actor/lib/test/auto/ExpressionFix.xml
----------------- Instantiating /home/travis/build/icyphy/ptII/ptolemy/actor/lib/test/auto/ExpressionFix.xml
14 ms. Memory: 1372160K Free: 86362K (6%)
----------------- Invoking toplevel() on ptolemy.moml.MoMLSimpleApplication@5345e361
----------------- Done invoking toplevel() on ptolemy.moml.MoMLSimpleApplication@5345e361
reloadAllAccessors: .ExpressionFix

===========================================================================================
----------------- testing Mon Jun 04 21:46:38 UTC 2018 /home/travis/build/icyphy/ptII/ptolemy/actor/lib/test/auto/ExpressionFix2.xml
----------------- Instantiating /home/travis/build/icyphy/ptII/ptolemy/actor/lib/test/auto/ExpressionFix2.xml
13 ms. Memory: 1568256K Free: 1526118K (97%)
----------------- Invoking toplevel() on ptolemy.moml.MoMLSimpleApplication@1bfe632c
----------------- Done invoking toplevel() on ptolemy.moml.MoMLSimpleApplication@1bfe632c
reloadAllAccessors: .ExpressionFix2

===========================================================================================
----------------- testing Mon Jun 04 21:46:38 UTC 2018 /home/travis/build/icyphy/ptII/ptolemy/actor/lib/test/auto/ExpressionFix3.xml
----------------- Instantiating /home/travis/build/icyphy/ptII/ptolemy/actor/lib/test/auto/ExpressionFix3.xml
3 ms. Memory: 1568256K Free: 1502339K (96%)
----------------- Invoking toplevel() on ptolemy.moml.MoMLSimpleApplication@16b8c2d7
----------------- Done invoking toplevel() on ptolemy.moml.MoMLSimpleApplication@16b8c2d7
reloadAllAccessors: .ExpressionFix3

===========================================================================================
----------------- testing Mon Jun 04 21:46:38 UTC 2018 /home/travis/build/icyphy/ptII/ptolemy/actor/lib/test/auto/FileWriter1.xml
----------------- Instantiating /home/travis/build/icyphy/ptII/ptolemy/actor/lib/test/auto/FileWriter1.xml
2 ms. Memory: 1568256K Free: 1490600K (95%)
----------------- Invoking toplevel() on ptolemy.moml.MoMLSimpleApplication@4ff17bd0
----------------- Done invoking toplevel() on ptolemy.moml.MoMLSimpleApplication@4ff17bd0
reloadAllAccessors: .FileWriter1

===========================================================================================
----------------- testing Mon Jun 04 21:46:38 UTC 2018 /home/travis/build/icyphy/ptII/ptolemy/actor/lib/test/auto/FileWriter2.xml
----------------- Instantiating /home/travis/build/icyphy/ptII/ptolemy/actor/lib/test/auto/FileWriter2.xml
2 ms. Memory: 1568256K Free: 1478860K (94%)
----------------- Invoking toplevel() on ptolemy.moml.MoMLSimpleApplication@22271b55
----------------- Done invoking toplevel() on ptolemy.moml.MoMLSimpleApplication@22271b55
reloadAllAccessors: .FileWriter2

===========================================================================================
----------------- testing Mon Jun 04 21:46:38 UTC 2018 /home/travis/build/icyphy/ptII/ptolemy/actor/lib/test/auto/FileWriter3.xml
----------------- Instantiating /home/travis/build/icyphy/ptII/ptolemy/actor/lib/test/auto/FileWriter3.xml
2 ms. Memory: 1568256K Free: 1458749K (93%)
----------------- Invoking toplevel() on ptolemy.moml.MoMLSimpleApplication@39b2366f
----------------- Done invoking toplevel() on ptolemy.moml.MoMLSimpleApplication@39b2366f
reloadAllAccessors: .FileWriter3

===========================================================================================
----------------- testing Mon Jun 04 21:46:38 UTC 2018 /home/travis/build/icyphy/ptII/ptolemy/actor/lib/test/auto/Gaussian.xml
----------------- Instantiating /home/travis/build/icyphy/ptII/ptolemy/actor/lib/test/auto/Gaussian.xml
2 ms. Memory: 1568256K Free: 1447010K (92%)
----------------- Invoking toplevel() on ptolemy.moml.MoMLSimpleApplication@57a3c87
----------------- Done invoking toplevel() on ptolemy.moml.MoMLSimpleApplication@57a3c87
reloadAllAccessors: .Gaussian

===========================================================================================
----------------- testing Mon Jun 04 21:46:38 UTC 2018 /home/travis/build/icyphy/ptII/ptolemy/actor/lib/test/auto/Gaussian1.xml
----------------- Instantiating /home/travis/build/icyphy/ptII/ptolemy/actor/lib/test/auto/Gaussian1.xml
2 ms. Memory: 1568256K Free: 1435271K (92%)
----------------- Invoking toplevel() on ptolemy.moml.MoMLSimpleApplication@1081bc54
----------------- Done invoking toplevel() on ptolemy.moml.MoMLSimpleApplication@1081bc54
reloadAllAccessors: .Gaussian1

===========================================================================================
----------------- testing Mon Jun 04 21:46:38 UTC 2018 /home/travis/build/icyphy/ptII/ptolemy/actor/lib/test/auto/Gaussian2.xml
----------------- Instantiating /home/travis/build/icyphy/ptII/ptolemy/actor/lib/test/auto/Gaussian2.xml
1 ms. Memory: 1568256K Free: 1423532K (91%)
----------------- Invoking toplevel() on ptolemy.moml.MoMLSimpleApplication@355dfafe
----------------- Done invoking toplevel() on ptolemy.moml.MoMLSimpleApplication@355dfafe
reloadAllAccessors: .Gaussian2

===========================================================================================
----------------- testing Mon Jun 04 21:46:38 UTC 2018 /home/travis/build/icyphy/ptII/ptolemy/actor/lib/test/auto/GradientAdaptiveLattice.xml
----------------- Instantiating /home/travis/build/icyphy/ptII/ptolemy/actor/lib/test/auto/GradientAdaptiveLattice.xml
2 ms. Memory: 1568256K Free: 1403421K (89%)
----------------- Invoking toplevel() on ptolemy.moml.MoMLSimpleApplication@74ebaef9
----------------- Done invoking toplevel() on ptolemy.moml.MoMLSimpleApplication@74ebaef9
reloadAllAccessors: .GradientAdaptiveLattice

===========================================================================================
----------------- testing Mon Jun 04 21:46:38 UTC 2018 /home/travis/build/icyphy/ptII/ptolemy/actor/lib/test/auto/IIR.xml
----------------- Instantiating /home/travis/build/icyphy/ptII/ptolemy/actor/lib/test/auto/IIR.xml
2 ms. Memory: 1568256K Free: 1391682K (89%)
----------------- Invoking toplevel() on ptolemy.moml.MoMLSimpleApplication@5f6d6086
----------------- Done invoking toplevel() on ptolemy.moml.MoMLSimpleApplication@5f6d6086
reloadAllAccessors: .IIR

===========================================================================================
----------------- testing Mon Jun 04 21:46:38 UTC 2018 /home/travis/build/icyphy/ptII/ptolemy/actor/lib/test/auto/InputOutputTransparentPorts.xml
----------------- Instantiating /home/travis/build/icyphy/ptII/ptolemy/actor/lib/test/auto/InputOutputTransparentPorts.xml
1 ms. Memory: 1568256K Free: 1379942K (88%)
----------------- Invoking toplevel() on ptolemy.moml.MoMLSimpleApplication@6a339b26
----------------- Done invoking toplevel() on ptolemy.moml.MoMLSimpleApplication@6a339b26
reloadAllAccessors: .InputOutputTransparentPorts

===========================================================================================
----------------- testing Mon Jun 04 21:46:38 UTC 2018 /home/travis/build/icyphy/ptII/ptolemy/actor/lib/test/auto/Interpolator.xml
----------------- Instantiating /home/travis/build/icyphy/ptII/ptolemy/actor/lib/test/auto/Interpolator.xml
2 ms. Memory: 1568256K Free: 1359831K (87%)
----------------- Invoking toplevel() on ptolemy.moml.MoMLSimpleApplication@2e728a6
----------------- Done invoking toplevel() on ptolemy.moml.MoMLSimpleApplication@2e728a6
reloadAllAccessors: .Interpolator

===========================================================================================
----------------- testing Mon Jun 04 21:46:38 UTC 2018 /home/travis/build/icyphy/ptII/ptolemy/actor/lib/test/auto/InterpolatorFiringLimitDE.xml
----------------- Instantiating /home/travis/build/icyphy/ptII/ptolemy/actor/lib/test/auto/InterpolatorFiringLimitDE.xml
1 ms. Memory: 1568256K Free: 1348092K (86%)
----------------- Invoking toplevel() on ptolemy.moml.MoMLSimpleApplication@309f2e72
----------------- Done invoking toplevel() on ptolemy.moml.MoMLSimpleApplication@309f2e72
reloadAllAccessors: .InterpolatorFiringLimitDE

===========================================================================================
----------------- testing Mon Jun 04 21:46:38 UTC 2018 /home/travis/build/icyphy/ptII/ptolemy/actor/lib/test/auto/Lattice.xml
----------------- Instantiating /home/travis/build/icyphy/ptII/ptolemy/actor/lib/test/auto/Lattice.xml
1 ms. Memory: 1568256K Free: 1336353K (85%)
----------------- Invoking toplevel() on ptolemy.moml.MoMLSimpleApplication@3677ccf6
----------------- Done invoking toplevel() on ptolemy.moml.MoMLSimpleApplication@3677ccf6
reloadAllAccessors: .Lattice

===========================================================================================
----------------- testing Mon Jun 04 21:46:38 UTC 2018 /home/travis/build/icyphy/ptII/ptolemy/actor/lib/test/auto/LazyAOCTestLazy.xml
----------------- Instantiating /home/travis/build/icyphy/ptII/ptolemy/actor/lib/test/auto/LazyAOCTestLazy.xml
6 ms. Memory: 1568256K Free: 1324614K (84%)
----------------- Invoking toplevel() on ptolemy.moml.MoMLSimpleApplication@aae5665
----------------- Done invoking toplevel() on ptolemy.moml.MoMLSimpleApplication@aae5665
reloadAllAccessors: .LazyAOCTestLazy

===========================================================================================
----------------- testing Mon Jun 04 21:46:38 UTC 2018 /home/travis/build/icyphy/ptII/ptolemy/actor/lib/test/auto/LazyAOCTestNonLazy.xml
----------------- Instantiating /home/travis/build/icyphy/ptII/ptolemy/actor/lib/test/auto/LazyAOCTestNonLazy.xml
2 ms. Memory: 1568256K Free: 1304503K (83%)
----------------- Invoking toplevel() on ptolemy.moml.MoMLSimpleApplication@5862f730
----------------- Done invoking toplevel() on ptolemy.moml.MoMLSimpleApplication@5862f730
reloadAllAccessors: .LazyAOCTestNonLazy

===========================================================================================
----------------- testing Mon Jun 04 21:46:38 UTC 2018 /home/travis/build/icyphy/ptII/ptolemy/actor/lib/test/auto/LazyInnerClass.xml
----------------- Instantiating /home/travis/build/icyphy/ptII/ptolemy/actor/lib/test/auto/LazyInnerClass.xml
11 ms. Memory: 1568256K Free: 1292764K (82%)
----------------- Invoking toplevel() on ptolemy.moml.MoMLSimpleApplication@535eb856
----------------- Done invoking toplevel() on ptolemy.moml.MoMLSimpleApplication@535eb856
reloadAllAccessors: .LazyInnerClass

===========================================================================================
----------------- testing Mon Jun 04 21:46:38 UTC 2018 /home/travis/build/icyphy/ptII/ptolemy/actor/lib/test/auto/LazyPubSub.xml
----------------- Instantiating /home/travis/build/icyphy/ptII/ptolemy/actor/lib/test/auto/LazyPubSub.xml
16 ms. Memory: 1568256K Free: 1281025K (82%)
----------------- Invoking toplevel() on ptolemy.moml.MoMLSimpleApplication@35fae997
----------------- Done invoking toplevel() on ptolemy.moml.MoMLSimpleApplication@35fae997
reloadAllAccessors: .LazyPubSub

===========================================================================================
----------------- testing Mon Jun 04 21:46:38 UTC 2018 /home/travis/build/icyphy/ptII/ptolemy/actor/lib/test/auto/LazyPubSub2.xml
----------------- Instantiating /home/travis/build/icyphy/ptII/ptolemy/actor/lib/test/auto/LazyPubSub2.xml
19 ms. Memory: 1568256K Free: 1269285K (81%)
----------------- Invoking toplevel() on ptolemy.moml.MoMLSimpleApplication@471a141f
----------------- Done invoking toplevel() on ptolemy.moml.MoMLSimpleApplication@471a141f
reloadAllAccessors: .LazyPubSub2

===========================================================================================
----------------- testing Mon Jun 04 21:46:38 UTC 2018 /home/travis/build/icyphy/ptII/ptolemy/actor/lib/test/auto/LazyPubSub3.xml
----------------- Instantiating /home/travis/build/icyphy/ptII/ptolemy/actor/lib/test/auto/LazyPubSub3.xml
22 ms. Memory: 1568256K Free: 1249175K (80%)
----------------- Invoking toplevel() on ptolemy.moml.MoMLSimpleApplication@2162b31d
----------------- Done invoking toplevel() on ptolemy.moml.MoMLSimpleApplication@2162b31d
reloadAllAccessors: .LazyPubSub3

===========================================================================================
----------------- testing Mon Jun 04 21:46:39 UTC 2018 /home/travis/build/icyphy/ptII/ptolemy/actor/lib/test/auto/LazySubClassModel.xml
----------------- Instantiating /home/travis/build/icyphy/ptII/ptolemy/actor/lib/test/auto/LazySubClassModel.xml
2 ms. Memory: 1568256K Free: 1231566K (79%)
----------------- Invoking toplevel() on ptolemy.moml.MoMLSimpleApplication@369d10ba
----------------- Done invoking toplevel() on ptolemy.moml.MoMLSimpleApplication@369d10ba
reloadAllAccessors: .LazySubClassModel

===========================================================================================
----------------- testing Mon Jun 04 21:46:39 UTC 2018 /home/travis/build/icyphy/ptII/ptolemy/actor/lib/test/auto/LevelCrossTest1.xml
----------------- Instantiating /home/travis/build/icyphy/ptII/ptolemy/actor/lib/test/auto/LevelCrossTest1.xml
1 ms. Memory: 1568256K Free: 1219826K (78%)
----------------- Invoking toplevel() on ptolemy.moml.MoMLSimpleApplication@22800e99
----------------- Done invoking toplevel() on ptolemy.moml.MoMLSimpleApplication@22800e99
reloadAllAccessors: .broken

===========================================================================================
----------------- testing Mon Jun 04 21:46:39 UTC 2018 /home/travis/build/icyphy/ptII/ptolemy/actor/lib/test/auto/LevelCrossTest10.xml
----------------- Instantiating /home/travis/build/icyphy/ptII/ptolemy/actor/lib/test/auto/LevelCrossTest10.xml
1 ms. Memory: 1568256K Free: 1193846K (76%)
----------------- Invoking toplevel() on ptolemy.moml.MoMLSimpleApplication@6edd124c
----------------- Done invoking toplevel() on ptolemy.moml.MoMLSimpleApplication@6edd124c
reloadAllAccessors: .LevelCrossTest10

===========================================================================================
----------------- testing Mon Jun 04 21:46:39 UTC 2018 /home/travis/build/icyphy/ptII/ptolemy/actor/lib/test/auto/LevelCrossTest11.xml
----------------- Instantiating /home/travis/build/icyphy/ptII/ptolemy/actor/lib/test/auto/LevelCrossTest11.xml
1 ms. Memory: 1568256K Free: 1182107K (75%)
----------------- Invoking toplevel() on ptolemy.moml.MoMLSimpleApplication@28f9adad
----------------- Done invoking toplevel() on ptolemy.moml.MoMLSimpleApplication@28f9adad
reloadAllAccessors: .LevelCrossTest11

===========================================================================================
----------------- testing Mon Jun 04 21:46:39 UTC 2018 /home/travis/build/icyphy/ptII/ptolemy/actor/lib/test/auto/LevelCrossTest12.xml
----------------- Instantiating /home/travis/build/icyphy/ptII/ptolemy/actor/lib/test/auto/LevelCrossTest12.xml
1 ms. Memory: 1568256K Free: 1170367K (75%)
----------------- Invoking toplevel() on ptolemy.moml.MoMLSimpleApplication@19db5a4a
----------------- Done invoking toplevel() on ptolemy.moml.MoMLSimpleApplication@19db5a4a
reloadAllAccessors: .LevelCrossTest12

===========================================================================================
----------------- testing Mon Jun 04 21:46:39 UTC 2018 /home/travis/build/icyphy/ptII/ptolemy/actor/lib/test/auto/LevelCrossTest13.xml
----------------- Instantiating /home/travis/build/icyphy/ptII/ptolemy/actor/lib/test/auto/LevelCrossTest13.xml
1 ms. Memory: 1568256K Free: 1158628K (74%)
----------------- Invoking toplevel() on ptolemy.moml.MoMLSimpleApplication@5410d15e
----------------- Done invoking toplevel() on ptolemy.moml.MoMLSimpleApplication@5410d15e
reloadAllAccessors: .LevelCrossTest13

===========================================================================================
----------------- testing Mon Jun 04 21:46:39 UTC 2018 /home/travis/build/icyphy/ptII/ptolemy/actor/lib/test/auto/LevelCrossTest2.xml
----------------- Instantiating /home/travis/build/icyphy/ptII/ptolemy/actor/lib/test/auto/LevelCrossTest2.xml
4 ms. Memory: 1568256K Free: 1138517K (73%)
----------------- Invoking toplevel() on ptolemy.moml.MoMLSimpleApplication@e18a5e8
----------------- Done invoking toplevel() on ptolemy.moml.MoMLSimpleApplication@e18a5e8
reloadAllAccessors: .broken

===========================================================================================
----------------- testing Mon Jun 04 21:46:39 UTC 2018 /home/travis/build/icyphy/ptII/ptolemy/actor/lib/test/auto/LevelCrossTest3.xml
----------------- Instantiating /home/travis/build/icyphy/ptII/ptolemy/actor/lib/test/auto/LevelCrossTest3.xml
1 ms. Memory: 1568256K Free: 1126778K (72%)
----------------- Invoking toplevel() on ptolemy.moml.MoMLSimpleApplication@121c3b54
----------------- Done invoking toplevel() on ptolemy.moml.MoMLSimpleApplication@121c3b54
reloadAllAccessors: .LevelCrossTest3

===========================================================================================
----------------- testing Mon Jun 04 21:46:39 UTC 2018 /home/travis/build/icyphy/ptII/ptolemy/actor/lib/test/auto/LevelCrossTest4.xml
----------------- Instantiating /home/travis/build/icyphy/ptII/ptolemy/actor/lib/test/auto/LevelCrossTest4.xml
2 ms. Memory: 1568256K Free: 1115039K (71%)
----------------- Invoking toplevel() on ptolemy.moml.MoMLSimpleApplication@16aa66cc
----------------- Done invoking toplevel() on ptolemy.moml.MoMLSimpleApplication@16aa66cc
reloadAllAccessors: .broken

===========================================================================================
----------------- testing Mon Jun 04 21:46:39 UTC 2018 /home/travis/build/icyphy/ptII/ptolemy/actor/lib/test/auto/LevelCrossTest5.xml
----------------- Instantiating /home/travis/build/icyphy/ptII/ptolemy/actor/lib/test/auto/LevelCrossTest5.xml
1 ms. Memory: 1568256K Free: 1103300K (70%)
----------------- Invoking toplevel() on ptolemy.moml.MoMLSimpleApplication@5a348076
----------------- Done invoking toplevel() on ptolemy.moml.MoMLSimpleApplication@5a348076
reloadAllAccessors: .LevelCrossTest5

===========================================================================================
----------------- testing Mon Jun 04 21:46:39 UTC 2018 /home/travis/build/icyphy/ptII/ptolemy/actor/lib/test/auto/LevelCrossTest6.xml
----------------- Instantiating /home/travis/build/icyphy/ptII/ptolemy/actor/lib/test/auto/LevelCrossTest6.xml
1 ms. Memory: 1568256K Free: 1083189K (69%)
----------------- Invoking toplevel() on ptolemy.moml.MoMLSimpleApplication@1e186681
----------------- Done invoking toplevel() on ptolemy.moml.MoMLSimpleApplication@1e186681
reloadAllAccessors: .LevelCrossTest6

===========================================================================================
----------------- testing Mon Jun 04 21:46:39 UTC 2018 /home/travis/build/icyphy/ptII/ptolemy/actor/lib/test/auto/LevelCrossTest7.xml
----------------- Instantiating /home/travis/build/icyphy/ptII/ptolemy/actor/lib/test/auto/LevelCrossTest7.xml
1 ms. Memory: 1568256K Free: 1071449K (68%)
----------------- Invoking toplevel() on ptolemy.moml.MoMLSimpleApplication@7de4a6a6
----------------- Done invoking toplevel() on ptolemy.moml.MoMLSimpleApplication@7de4a6a6
reloadAllAccessors: .LevelCrossTest7

===========================================================================================
----------------- testing Mon Jun 04 21:46:39 UTC 2018 /home/travis/build/icyphy/ptII/ptolemy/actor/lib/test/auto/LevelCrossTest8.xml
----------------- Instantiating /home/travis/build/icyphy/ptII/ptolemy/actor/lib/test/auto/LevelCrossTest8.xml
1 ms. Memory: 1568256K Free: 1059710K (68%)
----------------- Invoking toplevel() on ptolemy.moml.MoMLSimpleApplication@70f5f24a
----------------- Done invoking toplevel() on ptolemy.moml.MoMLSimpleApplication@70f5f24a
reloadAllAccessors: .LevelCrossTest8

===========================================================================================
----------------- testing Mon Jun 04 21:46:39 UTC 2018 /home/travis/build/icyphy/ptII/ptolemy/actor/lib/test/auto/LevelCrossTest9.xml
----------------- Instantiating /home/travis/build/icyphy/ptII/ptolemy/actor/lib/test/auto/LevelCrossTest9.xml
1 ms. Memory: 1568256K Free: 1039599K (66%)
----------------- Invoking toplevel() on ptolemy.moml.MoMLSimpleApplication@7fd4f032
----------------- Done invoking toplevel() on ptolemy.moml.MoMLSimpleApplication@7fd4f032
reloadAllAccessors: .LevelCrossTest9

===========================================================================================
----------------- testing Mon Jun 04 21:46:39 UTC 2018 /home/travis/build/icyphy/ptII/ptolemy/actor/lib/test/auto/LevinsonDurbin.xml
----------------- Instantiating /home/travis/build/icyphy/ptII/ptolemy/actor/lib/test/auto/LevinsonDurbin.xml
1 ms. Memory: 1568256K Free: 1027860K (66%)
----------------- Invoking toplevel() on ptolemy.moml.MoMLSimpleApplication@665c01fc
----------------- Done invoking toplevel() on ptolemy.moml.MoMLSimpleApplication@665c01fc
reloadAllAccessors: .LevinsonDurbin

===========================================================================================
----------------- testing Mon Jun 04 21:46:39 UTC 2018 /home/travis/build/icyphy/ptII/ptolemy/actor/lib/test/auto/LevinsonDurbin2.xml
----------------- Instantiating /home/travis/build/icyphy/ptII/ptolemy/actor/lib/test/auto/LevinsonDurbin2.xml
2 ms. Memory: 1568256K Free: 1016121K (65%)
----------------- Invoking toplevel() on ptolemy.moml.MoMLSimpleApplication@20fe1fb7
----------------- Done invoking toplevel() on ptolemy.moml.MoMLSimpleApplication@20fe1fb7
reloadAllAccessors: .LevinsonDurbin2

===========================================================================================
----------------- testing Mon Jun 04 21:46:39 UTC 2018 /home/travis/build/icyphy/ptII/ptolemy/actor/lib/test/auto/LevinsonDurbin3.xml
----------------- Instantiating /home/travis/build/icyphy/ptII/ptolemy/actor/lib/test/auto/LevinsonDurbin3.xml
4 ms. Memory: 1568256K Free: 1004382K (64%)
----------------- Invoking toplevel() on ptolemy.moml.MoMLSimpleApplication@940d92b
----------------- Done invoking toplevel() on ptolemy.moml.MoMLSimpleApplication@940d92b
reloadAllAccessors: .LevinsonDurbin3

===========================================================================================
----------------- testing Mon Jun 04 21:46:39 UTC 2018 /home/travis/build/icyphy/ptII/ptolemy/actor/lib/test/auto/Limiter.xml
----------------- Instantiating /home/travis/build/icyphy/ptII/ptolemy/actor/lib/test/auto/Limiter.xml
4 ms. Memory: 1568256K Free: 978385K (62%)
----------------- Invoking toplevel() on ptolemy.moml.MoMLSimpleApplication@7aa7e728
----------------- Done invoking toplevel() on ptolemy.moml.MoMLSimpleApplication@7aa7e728
reloadAllAccessors: .Limiter

===========================================================================================
----------------- testing Mon Jun 04 21:46:39 UTC 2018 /home/travis/build/icyphy/ptII/ptolemy/actor/lib/test/auto/LinearDifferenceEquationSystem.xml
----------------- Instantiating /home/travis/build/icyphy/ptII/ptolemy/actor/lib/test/auto/LinearDifferenceEquationSystem.xml
3 ms. Memory: 1568256K Free: 966646K (62%)
----------------- Invoking toplevel() on ptolemy.moml.MoMLSimpleApplication@1a18afd0
----------------- Done invoking toplevel() on ptolemy.moml.MoMLSimpleApplication@1a18afd0
reloadAllAccessors: .LinearDifferenceEquationSystem

===========================================================================================
----------------- testing Mon Jun 04 21:46:39 UTC 2018 /home/travis/build/icyphy/ptII/ptolemy/actor/lib/test/auto/LookupTable.xml
----------------- Instantiating /home/travis/build/icyphy/ptII/ptolemy/actor/lib/test/auto/LookupTable.xml
2 ms. Memory: 1568256K Free: 954907K (61%)
----------------- Invoking toplevel() on ptolemy.moml.MoMLSimpleApplication@3a939f59
----------------- Done invoking toplevel() on ptolemy.moml.MoMLSimpleApplication@3a939f59
reloadAllAccessors: .LookupTable

===========================================================================================
----------------- testing Mon Jun 04 21:46:39 UTC 2018 /home/travis/build/icyphy/ptII/ptolemy/actor/lib/test/auto/MathFunction.xml
----------------- Instantiating /home/travis/build/icyphy/ptII/ptolemy/actor/lib/test/auto/MathFunction.xml
5 ms. Memory: 1568256K Free: 928926K (59%)
----------------- Invoking toplevel() on ptolemy.moml.MoMLSimpleApplication@38ebc16
----------------- Done invoking toplevel() on ptolemy.moml.MoMLSimpleApplication@38ebc16
reloadAllAccessors: .MathFunction

===========================================================================================
----------------- testing Mon Jun 04 21:46:39 UTC 2018 /home/travis/build/icyphy/ptII/ptolemy/actor/lib/test/auto/MathFunction2.xml
----------------- Instantiating /home/travis/build/icyphy/ptII/ptolemy/actor/lib/test/auto/MathFunction2.xml
1 ms. Memory: 1568256K Free: 917187K (58%)
----------------- Invoking toplevel() on ptolemy.moml.MoMLSimpleApplication@6b1f9c95
----------------- Done invoking toplevel() on ptolemy.moml.MoMLSimpleApplication@6b1f9c95
reloadAllAccessors: .MathFunction2

===========================================================================================
----------------- testing Mon Jun 04 21:46:39 UTC 2018 /home/travis/build/icyphy/ptII/ptolemy/actor/lib/test/auto/MathFunction3.xml
----------------- Instantiating /home/travis/build/icyphy/ptII/ptolemy/actor/lib/test/auto/MathFunction3.xml
1 ms. Memory: 1568256K Free: 905448K (58%)
----------------- Invoking toplevel() on ptolemy.moml.MoMLSimpleApplication@5e6829f3
----------------- Done invoking toplevel() on ptolemy.moml.MoMLSimpleApplication@5e6829f3
reloadAllAccessors: .MathFunction3

===========================================================================================
----------------- testing Mon Jun 04 21:46:39 UTC 2018 /home/travis/build/icyphy/ptII/ptolemy/actor/lib/test/auto/MatrixCropBoolean.xml
----------------- Instantiating /home/travis/build/icyphy/ptII/ptolemy/actor/lib/test/auto/MatrixCropBoolean.xml
4 ms. Memory: 1568256K Free: 893709K (57%)
----------------- Invoking toplevel() on ptolemy.moml.MoMLSimpleApplication@93fde79
----------------- Done invoking toplevel() on ptolemy.moml.MoMLSimpleApplication@93fde79
reloadAllAccessors: .MatrixCropBoolean

===========================================================================================
----------------- testing Mon Jun 04 21:46:39 UTC 2018 /home/travis/build/icyphy/ptII/ptolemy/actor/lib/test/auto/MatrixCropComplex.xml
----------------- Instantiating /home/travis/build/icyphy/ptII/ptolemy/actor/lib/test/auto/MatrixCropComplex.xml
1 ms. Memory: 1568256K Free: 873598K (56%)
----------------- Invoking toplevel() on ptolemy.moml.MoMLSimpleApplication@7c15bc2b
----------------- Done invoking toplevel() on ptolemy.moml.MoMLSimpleApplication@7c15bc2b
reloadAllAccessors: .MatrixCropComplex

===========================================================================================
----------------- testing Mon Jun 04 21:46:39 UTC 2018 /home/travis/build/icyphy/ptII/ptolemy/actor/lib/test/auto/MatrixCropDouble.xml
----------------- Instantiating /home/travis/build/icyphy/ptII/ptolemy/actor/lib/test/auto/MatrixCropDouble.xml
2 ms. Memory: 1568256K Free: 861859K (55%)
----------------- Invoking toplevel() on ptolemy.moml.MoMLSimpleApplication@3572eeb1
----------------- Done invoking toplevel() on ptolemy.moml.MoMLSimpleApplication@3572eeb1
reloadAllAccessors: .MatrixCropDouble

===========================================================================================
----------------- testing Mon Jun 04 21:46:39 UTC 2018 /home/travis/build/icyphy/ptII/ptolemy/actor/lib/test/auto/MatrixCropFix.xml
----------------- Instantiating /home/travis/build/icyphy/ptII/ptolemy/actor/lib/test/auto/MatrixCropFix.xml
2 ms. Memory: 1568256K Free: 850120K (54%)
----------------- Invoking toplevel() on ptolemy.moml.MoMLSimpleApplication@3c19300f
----------------- Done invoking toplevel() on ptolemy.moml.MoMLSimpleApplication@3c19300f
reloadAllAccessors: .MatrixCropFix

===========================================================================================
----------------- testing Mon Jun 04 21:46:39 UTC 2018 /home/travis/build/icyphy/ptII/ptolemy/actor/lib/test/auto/MatrixCropInt.xml
----------------- Instantiating /home/travis/build/icyphy/ptII/ptolemy/actor/lib/test/auto/MatrixCropInt.xml
2 ms. Memory: 1568256K Free: 838381K (53%)
----------------- Invoking toplevel() on ptolemy.moml.MoMLSimpleApplication@290247bf
----------------- Done invoking toplevel() on ptolemy.moml.MoMLSimpleApplication@290247bf
reloadAllAccessors: .MatrixCropInt

===========================================================================================
----------------- testing Mon Jun 04 21:46:39 UTC 2018 /home/travis/build/icyphy/ptII/ptolemy/actor/lib/test/auto/MatrixCropLong.xml
----------------- Instantiating /home/travis/build/icyphy/ptII/ptolemy/actor/lib/test/auto/MatrixCropLong.xml
1 ms. Memory: 1568256K Free: 818270K (52%)
----------------- Invoking toplevel() on ptolemy.moml.MoMLSimpleApplication@60dae00f
----------------- Done invoking toplevel() on ptolemy.moml.MoMLSimpleApplication@60dae00f
reloadAllAccessors: .MatrixCropLong

===========================================================================================
----------------- testing Mon Jun 04 21:46:39 UTC 2018 /home/travis/build/icyphy/ptII/ptolemy/actor/lib/test/auto/MatrixToArray.xml
----------------- Instantiating /home/travis/build/icyphy/ptII/ptolemy/actor/lib/test/auto/MatrixToArray.xml
11 ms. Memory: 1568256K Free: 794775K (51%)
----------------- Invoking toplevel() on ptolemy.moml.MoMLSimpleApplication@7cc0fb6f
----------------- Done invoking toplevel() on ptolemy.moml.MoMLSimpleApplication@7cc0fb6f
reloadAllAccessors: .MatrixToArray

===========================================================================================
----------------- testing Mon Jun 04 21:46:39 UTC 2018 /home/travis/build/icyphy/ptII/ptolemy/actor/lib/test/auto/MaxIndex.xml
----------------- Instantiating /home/travis/build/icyphy/ptII/ptolemy/actor/lib/test/auto/MaxIndex.xml
2 ms. Memory: 1568256K Free: 783036K (50%)
----------------- Invoking toplevel() on ptolemy.moml.MoMLSimpleApplication@76cfb577
----------------- Done invoking toplevel() on ptolemy.moml.MoMLSimpleApplication@76cfb577
reloadAllAccessors: .MaxIndex

===========================================================================================
----------------- testing Mon Jun 04 21:46:39 UTC 2018 /home/travis/build/icyphy/ptII/ptolemy/actor/lib/test/auto/Maximum.xml
----------------- Instantiating /home/travis/build/icyphy/ptII/ptolemy/actor/lib/test/auto/Maximum.xml
2 ms. Memory: 1568256K Free: 762923K (49%)
----------------- Invoking toplevel() on ptolemy.moml.MoMLSimpleApplication@45cb0e63
----------------- Done invoking toplevel() on ptolemy.moml.MoMLSimpleApplication@45cb0e63
reloadAllAccessors: .Maximum

===========================================================================================
----------------- testing Mon Jun 04 21:46:39 UTC 2018 /home/travis/build/icyphy/ptII/ptolemy/actor/lib/test/auto/MaximumComplex.xml
----------------- Instantiating /home/travis/build/icyphy/ptII/ptolemy/actor/lib/test/auto/MaximumComplex.xml
4 ms. Memory: 1568256K Free: 751184K (48%)
----------------- Invoking toplevel() on ptolemy.moml.MoMLSimpleApplication@440b6779
----------------- Done invoking toplevel() on ptolemy.moml.MoMLSimpleApplication@440b6779
reloadAllAccessors: .MaximumComplex

===========================================================================================
----------------- testing Mon Jun 04 21:46:39 UTC 2018 /home/travis/build/icyphy/ptII/ptolemy/actor/lib/test/auto/MethodCallTest.xml
----------------- Instantiating /home/travis/build/icyphy/ptII/ptolemy/actor/lib/test/auto/MethodCallTest.xml
2 ms. Memory: 1568256K Free: 739444K (47%)
----------------- Invoking toplevel() on ptolemy.moml.MoMLSimpleApplication@256ec0cb
----------------- Done invoking toplevel() on ptolemy.moml.MoMLSimpleApplication@256ec0cb
reloadAllAccessors: .MethodCallTest

===========================================================================================
----------------- testing Mon Jun 04 21:46:39 UTC 2018 /home/travis/build/icyphy/ptII/ptolemy/actor/lib/test/auto/Minimum.xml
----------------- Instantiating /home/travis/build/icyphy/ptII/ptolemy/actor/lib/test/auto/Minimum.xml
2 ms. Memory: 1568256K Free: 727705K (46%)
----------------- Invoking toplevel() on ptolemy.moml.MoMLSimpleApplication@39b74027
----------------- Done invoking toplevel() on ptolemy.moml.MoMLSimpleApplication@39b74027
reloadAllAccessors: .Minimum

===========================================================================================
----------------- testing Mon Jun 04 21:46:39 UTC 2018 /home/travis/build/icyphy/ptII/ptolemy/actor/lib/test/auto/MinimumComplex.xml
----------------- Instantiating /home/travis/build/icyphy/ptII/ptolemy/actor/lib/test/auto/MinimumComplex.xml
3 ms. Memory: 1568256K Free: 707595K (45%)
----------------- Invoking toplevel() on ptolemy.moml.MoMLSimpleApplication@743a6508
----------------- Done invoking toplevel() on ptolemy.moml.MoMLSimpleApplication@743a6508
reloadAllAccessors: .MinimumComplex

===========================================================================================
----------------- testing Mon Jun 04 21:46:39 UTC 2018 /home/travis/build/icyphy/ptII/ptolemy/actor/lib/test/auto/MinimumMultiports.xml
----------------- Instantiating /home/travis/build/icyphy/ptII/ptolemy/actor/lib/test/auto/MinimumMultiports.xml
4 ms. Memory: 1568256K Free: 695855K (44%)
----------------- Invoking toplevel() on ptolemy.moml.MoMLSimpleApplication@7f2e37bd
----------------- Done invoking toplevel() on ptolemy.moml.MoMLSimpleApplication@7f2e37bd
reloadAllAccessors: .MinimumMultiports

===========================================================================================
----------------- testing Mon Jun 04 21:46:39 UTC 2018 /home/travis/build/icyphy/ptII/ptolemy/actor/lib/test/auto/ModifyDate.xml
----------------- Instantiating /home/travis/build/icyphy/ptII/ptolemy/actor/lib/test/auto/ModifyDate.xml
5 ms. Memory: 1568256K Free: 672345K (43%)
----------------- Invoking toplevel() on ptolemy.moml.MoMLSimpleApplication@58a3e019
----------------- Done invoking toplevel() on ptolemy.moml.MoMLSimpleApplication@58a3e019
reloadAllAccessors: .ModifyDate

===========================================================================================
----------------- testing Mon Jun 04 21:46:39 UTC 2018 /home/travis/build/icyphy/ptII/ptolemy/actor/lib/test/auto/ModifyDate2.xml
----------------- Instantiating /home/travis/build/icyphy/ptII/ptolemy/actor/lib/test/auto/ModifyDate2.xml
5 ms. Memory: 1568256K Free: 646364K (41%)
----------------- Invoking toplevel() on ptolemy.moml.MoMLSimpleApplication@ede15c6
----------------- Done invoking toplevel() on ptolemy.moml.MoMLSimpleApplication@ede15c6
reloadAllAccessors: .ModifyDate2

===========================================================================================
----------------- testing Mon Jun 04 21:46:39 UTC 2018 /home/travis/build/icyphy/ptII/ptolemy/actor/lib/test/auto/MovingAverage.xml
----------------- Instantiating /home/travis/build/icyphy/ptII/ptolemy/actor/lib/test/auto/MovingAverage.xml
2 ms. Memory: 1568256K Free: 634625K (40%)
----------------- Invoking toplevel() on ptolemy.moml.MoMLSimpleApplication@21dc3518
----------------- Done invoking toplevel() on ptolemy.moml.MoMLSimpleApplication@21dc3518
reloadAllAccessors: .MovingAverage

===========================================================================================
----------------- testing Mon Jun 04 21:46:39 UTC 2018 /home/travis/build/icyphy/ptII/ptolemy/actor/lib/test/auto/MovingMaximum.xml
----------------- Instantiating /home/travis/build/icyphy/ptII/ptolemy/actor/lib/test/auto/MovingMaximum.xml
3 ms. Memory: 1568256K Free: 622886K (40%)
----------------- Invoking toplevel() on ptolemy.moml.MoMLSimpleApplication@94e4cf9
----------------- Done invoking toplevel() on ptolemy.moml.MoMLSimpleApplication@94e4cf9
reloadAllAccessors: .MovingMaximum

===========================================================================================
----------------- testing Mon Jun 04 21:46:39 UTC 2018 /home/travis/build/icyphy/ptII/ptolemy/actor/lib/test/auto/MultipleLinksToSameRelation.xml
----------------- Instantiating /home/travis/build/icyphy/ptII/ptolemy/actor/lib/test/auto/MultipleLinksToSameRelation.xml
4 ms. Memory: 1568256K Free: 611147K (39%)
----------------- Invoking toplevel() on ptolemy.moml.MoMLSimpleApplication@561917d5
----------------- Done invoking toplevel() on ptolemy.moml.MoMLSimpleApplication@561917d5
reloadAllAccessors: .MultipleLinksToSameRelation

===========================================================================================
----------------- testing Mon Jun 04 21:46:39 UTC 2018 /home/travis/build/icyphy/ptII/ptolemy/actor/lib/test/auto/MultipleLinksToSameRelationDE.xml
----------------- Instantiating /home/travis/build/icyphy/ptII/ptolemy/actor/lib/test/auto/MultipleLinksToSameRelationDE.xml
3 ms. Memory: 1568256K Free: 591036K (38%)
----------------- Invoking toplevel() on ptolemy.moml.MoMLSimpleApplication@328a5fdd
----------------- Done invoking toplevel() on ptolemy.moml.MoMLSimpleApplication@328a5fdd
reloadAllAccessors: .MultipleLinksToSameRelationDE

===========================================================================================
----------------- testing Mon Jun 04 21:46:39 UTC 2018 /home/travis/build/icyphy/ptII/ptolemy/actor/lib/test/auto/Multiplexor.xml
----------------- Instantiating /home/travis/build/icyphy/ptII/ptolemy/actor/lib/test/auto/Multiplexor.xml
2 ms. Memory: 1568256K Free: 579297K (37%)
----------------- Invoking toplevel() on ptolemy.moml.MoMLSimpleApplication@7ea65500
----------------- Done invoking toplevel() on ptolemy.moml.MoMLSimpleApplication@7ea65500
reloadAllAccessors: .Multiplexor

===========================================================================================
----------------- testing Mon Jun 04 21:46:39 UTC 2018 /home/travis/build/icyphy/ptII/ptolemy/actor/lib/test/auto/Multiplexor1.xml
----------------- Instantiating /home/travis/build/icyphy/ptII/ptolemy/actor/lib/test/auto/Multiplexor1.xml
3 ms. Memory: 1568256K Free: 567558K (36%)
----------------- Invoking toplevel() on ptolemy.moml.MoMLSimpleApplication@1e503d83
----------------- Done invoking toplevel() on ptolemy.moml.MoMLSimpleApplication@1e503d83
reloadAllAccessors: .Multiplexor1

===========================================================================================
----------------- testing Mon Jun 04 21:46:40 UTC 2018 /home/travis/build/icyphy/ptII/ptolemy/actor/lib/test/auto/Multiplexor2.xml
----------------- Instantiating /home/travis/build/icyphy/ptII/ptolemy/actor/lib/test/auto/Multiplexor2.xml
4 ms. Memory: 1568256K Free: 547447K (35%)
----------------- Invoking toplevel() on ptolemy.moml.MoMLSimpleApplication@6cc2495
----------------- Done invoking toplevel() on ptolemy.moml.MoMLSimpleApplication@6cc2495
reloadAllAccessors: .Multiplexor2

===========================================================================================
----------------- testing Mon Jun 04 21:46:40 UTC 2018 /home/travis/build/icyphy/ptII/ptolemy/actor/lib/test/auto/Multiplexor3.xml
----------------- Instantiating /home/travis/build/icyphy/ptII/ptolemy/actor/lib/test/auto/Multiplexor3.xml
1 ms. Memory: 1568256K Free: 535708K (34%)
----------------- Invoking toplevel() on ptolemy.moml.MoMLSimpleApplication@48fbedc9
----------------- Done invoking toplevel() on ptolemy.moml.MoMLSimpleApplication@48fbedc9
reloadAllAccessors: .Multiplexor3

===========================================================================================
----------------- testing Mon Jun 04 21:46:40 UTC 2018 /home/travis/build/icyphy/ptII/ptolemy/actor/lib/test/auto/MultiplexorDE.xml
----------------- Instantiating /home/travis/build/icyphy/ptII/ptolemy/actor/lib/test/auto/MultiplexorDE.xml
3 ms. Memory: 1568256K Free: 523969K (33%)
----------------- Invoking toplevel() on ptolemy.moml.MoMLSimpleApplication@6d993d53
----------------- Done invoking toplevel() on ptolemy.moml.MoMLSimpleApplication@6d993d53
reloadAllAccessors: .MultiplexorDE

===========================================================================================
----------------- testing Mon Jun 04 21:46:40 UTC 2018 /home/travis/build/icyphy/ptII/ptolemy/actor/lib/test/auto/MultiportBroadcastTest.xml
----------------- Instantiating /home/travis/build/icyphy/ptII/ptolemy/actor/lib/test/auto/MultiportBroadcastTest.xml
92 ms. Memory: 1568256K Free: 512230K (33%)
----------------- Invoking toplevel() on ptolemy.moml.MoMLSimpleApplication@7c3bc783
----------------- Done invoking toplevel() on ptolemy.moml.MoMLSimpleApplication@7c3bc783
reloadAllAccessors: .MultiportBroadcastTest

===========================================================================================
----------------- testing Mon Jun 04 21:46:40 UTC 2018 /home/travis/build/icyphy/ptII/ptolemy/actor/lib/test/auto/MultiportOutHangDuringGetWidth.xml
----------------- Instantiating /home/travis/build/icyphy/ptII/ptolemy/actor/lib/test/auto/MultiportOutHangDuringGetWidth.xml
5 ms. Memory: 1568256K Free: 486249K (31%)
----------------- Invoking toplevel() on ptolemy.moml.MoMLSimpleApplication@41614484
----------------- Done invoking toplevel() on ptolemy.moml.MoMLSimpleApplication@41614484
reloadAllAccessors: .MultiportOutHangDuringGetWidth

===========================================================================================
----------------- testing Mon Jun 04 21:46:40 UTC 2018 /home/travis/build/icyphy/ptII/ptolemy/actor/lib/test/auto/NilToken.xml
----------------- Instantiating /home/travis/build/icyphy/ptII/ptolemy/actor/lib/test/auto/NilToken.xml
2 ms. Memory: 1568256K Free: 474510K (30%)
----------------- Invoking toplevel() on ptolemy.moml.MoMLSimpleApplication@1e32235c
----------------- Done invoking toplevel() on ptolemy.moml.MoMLSimpleApplication@1e32235c
reloadAllAccessors: .NilToken

===========================================================================================
----------------- testing Mon Jun 04 21:46:40 UTC 2018 /home/travis/build/icyphy/ptII/ptolemy/actor/lib/test/auto/NilTokenNonStrictTest.xml
----------------- Instantiating /home/travis/build/icyphy/ptII/ptolemy/actor/lib/test/auto/NilTokenNonStrictTest.xml
3 ms. Memory: 1568256K Free: 462771K (30%)
----------------- Invoking toplevel() on ptolemy.moml.MoMLSimpleApplication@79eaf056
----------------- Done invoking toplevel() on ptolemy.moml.MoMLSimpleApplication@79eaf056
reloadAllAccessors: .NilTokenNonStrictTest

===========================================================================================
----------------- testing Mon Jun 04 21:46:40 UTC 2018 /home/travis/build/icyphy/ptII/ptolemy/actor/lib/test/auto/NilTokenRecord.xml
----------------- Instantiating /home/travis/build/icyphy/ptII/ptolemy/actor/lib/test/auto/NilTokenRecord.xml
6 ms. Memory: 1568256K Free: 442660K (28%)
----------------- Invoking toplevel() on ptolemy.moml.MoMLSimpleApplication@1f64706c
----------------- Done invoking toplevel() on ptolemy.moml.MoMLSimpleApplication@1f64706c
reloadAllAccessors: .NilTokenRecord

===========================================================================================
----------------- testing Mon Jun 04 21:46:40 UTC 2018 /home/travis/build/icyphy/ptII/ptolemy/actor/lib/test/auto/NilTokenTypeTest.xml
----------------- Instantiating /home/travis/build/icyphy/ptII/ptolemy/actor/lib/test/auto/NilTokenTypeTest.xml
14 ms. Memory: 1568256K Free: 425036K (27%)
----------------- Invoking toplevel() on ptolemy.moml.MoMLSimpleApplication@2119db71
----------------- Done invoking toplevel() on ptolemy.moml.MoMLSimpleApplication@2119db71
reloadAllAccessors: .NilTokenTypeTest

===========================================================================================
----------------- testing Mon Jun 04 21:46:40 UTC 2018 /home/travis/build/icyphy/ptII/ptolemy/actor/lib/test/auto/ObjectToken1.xml
----------------- Instantiating /home/travis/build/icyphy/ptII/ptolemy/actor/lib/test/auto/ObjectToken1.xml
2 ms. Memory: 1568256K Free: 413296K (26%)
----------------- Invoking toplevel() on ptolemy.moml.MoMLSimpleApplication@66dfb9ad
----------------- Done invoking toplevel() on ptolemy.moml.MoMLSimpleApplication@66dfb9ad
reloadAllAccessors: .ObjectToken1

===========================================================================================
----------------- testing Mon Jun 04 21:46:40 UTC 2018 /home/travis/build/icyphy/ptII/ptolemy/actor/lib/test/auto/OrderedMerge.xml
----------------- Instantiating /home/travis/build/icyphy/ptII/ptolemy/actor/lib/test/auto/OrderedMerge.xml
9 ms. Memory: 1568256K Free: 378079K (24%)
----------------- Invoking toplevel() on ptolemy.moml.MoMLSimpleApplication@56f5090a
----------------- Done invoking toplevel() on ptolemy.moml.MoMLSimpleApplication@56f5090a
reloadAllAccessors: .OrderedMerge

===========================================================================================
----------------- testing Mon Jun 04 21:46:40 UTC 2018 /home/travis/build/icyphy/ptII/ptolemy/actor/lib/test/auto/OrderedRecordDisassembler.xml
----------------- Instantiating /home/travis/build/icyphy/ptII/ptolemy/actor/lib/test/auto/OrderedRecordDisassembler.xml
2 ms. Memory: 1568256K Free: 357968K (23%)
----------------- Invoking toplevel() on ptolemy.moml.MoMLSimpleApplication@2bf4e3ce
----------------- Done invoking toplevel() on ptolemy.moml.MoMLSimpleApplication@2bf4e3ce
reloadAllAccessors: .OrderedRecordDisassembler

===========================================================================================
----------------- testing Mon Jun 04 21:46:40 UTC 2018 /home/travis/build/icyphy/ptII/ptolemy/actor/lib/test/auto/OrderedRecordDisassembler2.xml
----------------- Instantiating /home/travis/build/icyphy/ptII/ptolemy/actor/lib/test/auto/OrderedRecordDisassembler2.xml
3 ms. Memory: 1568256K Free: 346229K (22%)
----------------- Invoking toplevel() on ptolemy.moml.MoMLSimpleApplication@73ae157
----------------- Done invoking toplevel() on ptolemy.moml.MoMLSimpleApplication@73ae157
reloadAllAccessors: .OrderedRecordDisassembler2

===========================================================================================
----------------- testing Mon Jun 04 21:46:40 UTC 2018 /home/travis/build/icyphy/ptII/ptolemy/actor/lib/test/auto/OrderedRecordUpdater.xml
----------------- Instantiating /home/travis/build/icyphy/ptII/ptolemy/actor/lib/test/auto/OrderedRecordUpdater.xml
1 ms. Memory: 1568256K Free: 334490K (21%)
----------------- Invoking toplevel() on ptolemy.moml.MoMLSimpleApplication@43bc56ad
----------------- Done invoking toplevel() on ptolemy.moml.MoMLSimpleApplication@43bc56ad
reloadAllAccessors: .RecordUpdater

===========================================================================================
----------------- testing Mon Jun 04 21:46:40 UTC 2018 /home/travis/build/icyphy/ptII/ptolemy/actor/lib/test/auto/OrderedRecordUpdater2.xml
----------------- Instantiating /home/travis/build/icyphy/ptII/ptolemy/actor/lib/test/auto/OrderedRecordUpdater2.xml
3 ms. Memory: 1568256K Free: 314379K (20%)
----------------- Invoking toplevel() on ptolemy.moml.MoMLSimpleApplication@b39c5e8
----------------- Done invoking toplevel() on ptolemy.moml.MoMLSimpleApplication@b39c5e8
reloadAllAccessors: .RecordUpdater2

===========================================================================================
----------------- testing Mon Jun 04 21:46:40 UTC 2018 /home/travis/build/icyphy/ptII/ptolemy/actor/lib/test/auto/PhaseUnwrap.xml
----------------- Instantiating /home/travis/build/icyphy/ptII/ptolemy/actor/lib/test/auto/PhaseUnwrap.xml
2 ms. Memory: 1568256K Free: 302640K (19%)
----------------- Invoking toplevel() on ptolemy.moml.MoMLSimpleApplication@582bf799
----------------- Done invoking toplevel() on ptolemy.moml.MoMLSimpleApplication@582bf799
reloadAllAccessors: .PhaseUnwrap

===========================================================================================
----------------- testing Mon Jun 04 21:46:40 UTC 2018 /home/travis/build/icyphy/ptII/ptolemy/actor/lib/test/auto/PoissonClock.xml
----------------- Instantiating /home/travis/build/icyphy/ptII/ptolemy/actor/lib/test/auto/PoissonClock.xml
3 ms. Memory: 1568256K Free: 290901K (19%)
----------------- Invoking toplevel() on ptolemy.moml.MoMLSimpleApplication@49233a61
----------------- Done invoking toplevel() on ptolemy.moml.MoMLSimpleApplication@49233a61
reloadAllAccessors: .PoissonClock

===========================================================================================
----------------- testing Mon Jun 04 21:46:40 UTC 2018 /home/travis/build/icyphy/ptII/ptolemy/actor/lib/test/auto/PoissonClock2.xml
----------------- Instantiating /home/travis/build/icyphy/ptII/ptolemy/actor/lib/test/auto/PoissonClock2.xml
2 ms. Memory: 1568256K Free: 279162K (18%)
----------------- Invoking toplevel() on ptolemy.moml.MoMLSimpleApplication@4698a9a7
----------------- Done invoking toplevel() on ptolemy.moml.MoMLSimpleApplication@4698a9a7
reloadAllAccessors: .PoissonClock2

===========================================================================================
----------------- testing Mon Jun 04 21:46:40 UTC 2018 /home/travis/build/icyphy/ptII/ptolemy/actor/lib/test/auto/PoissonClock3.xml
----------------- Instantiating /home/travis/build/icyphy/ptII/ptolemy/actor/lib/test/auto/PoissonClock3.xml
2 ms. Memory: 1568256K Free: 259051K (17%)
----------------- Invoking toplevel() on ptolemy.moml.MoMLSimpleApplication@55e88644
----------------- Done invoking toplevel() on ptolemy.moml.MoMLSimpleApplication@55e88644
reloadAllAccessors: .PoissonClock3

===========================================================================================
----------------- testing Mon Jun 04 21:46:40 UTC 2018 /home/travis/build/icyphy/ptII/ptolemy/actor/lib/test/auto/PubSubWithInitialTokens.xml
----------------- Instantiating /home/travis/build/icyphy/ptII/ptolemy/actor/lib/test/auto/PubSubWithInitialTokens.xml
3 ms. Memory: 1568256K Free: 247312K (16%)
----------------- Invoking toplevel() on ptolemy.moml.MoMLSimpleApplication@21e62910
----------------- Done invoking toplevel() on ptolemy.moml.MoMLSimpleApplication@21e62910
reloadAllAccessors: .PubSubWithInitialTokens

===========================================================================================
----------------- testing Mon Jun 04 21:46:40 UTC 2018 /home/travis/build/icyphy/ptII/ptolemy/actor/lib/test/auto/PubSubWithInitialTokens2.xml
----------------- Instantiating /home/travis/build/icyphy/ptII/ptolemy/actor/lib/test/auto/PubSubWithInitialTokens2.xml
2 ms. Memory: 1568256K Free: 235573K (15%)
----------------- Invoking toplevel() on ptolemy.moml.MoMLSimpleApplication@430ab593
----------------- Done invoking toplevel() on ptolemy.moml.MoMLSimpleApplication@430ab593
reloadAllAccessors: .PubSubWithInitialTokens2

===========================================================================================
----------------- testing Mon Jun 04 21:46:40 UTC 2018 /home/travis/build/icyphy/ptII/ptolemy/actor/lib/test/auto/PublisherClassNoParameter.xml
----------------- Instantiating /home/travis/build/icyphy/ptII/ptolemy/actor/lib/test/auto/PublisherClassNoParameter.xml
3 ms. Memory: 1568256K Free: 209576K (13%)
----------------- Invoking toplevel() on ptolemy.moml.MoMLSimpleApplication@50e1e828
----------------- Done invoking toplevel() on ptolemy.moml.MoMLSimpleApplication@50e1e828
reloadAllAccessors: .PublisherClassNoParameter

===========================================================================================
----------------- testing Mon Jun 04 21:46:40 UTC 2018 /home/travis/build/icyphy/ptII/ptolemy/actor/lib/test/auto/PublisherClassParameter.xml
----------------- Instantiating /home/travis/build/icyphy/ptII/ptolemy/actor/lib/test/auto/PublisherClassParameter.xml
2 ms. Memory: 1568256K Free: 191951K (12%)
----------------- Invoking toplevel() on ptolemy.moml.MoMLSimpleApplication@5ebc9d5b
----------------- Done invoking toplevel() on ptolemy.moml.MoMLSimpleApplication@5ebc9d5b
reloadAllAccessors: .PublisherClassParameter

===========================================================================================
----------------- testing Mon Jun 04 21:46:40 UTC 2018 /home/travis/build/icyphy/ptII/ptolemy/actor/lib/test/auto/PublisherNonStrictTest.xml
----------------- Instantiating /home/travis/build/icyphy/ptII/ptolemy/actor/lib/test/auto/PublisherNonStrictTest.xml
3 ms. Memory: 1568256K Free: 180212K (11%)
----------------- Invoking toplevel() on ptolemy.moml.MoMLSimpleApplication@1c6ad0c5
----------------- Done invoking toplevel() on ptolemy.moml.MoMLSimpleApplication@1c6ad0c5
reloadAllAccessors: .PublisherNonStrictTest

===========================================================================================
----------------- testing Mon Jun 04 21:46:40 UTC 2018 /home/travis/build/icyphy/ptII/ptolemy/actor/lib/test/auto/PublisherPort1.xml
----------------- Instantiating /home/travis/build/icyphy/ptII/ptolemy/actor/lib/test/auto/PublisherPort1.xml
3 ms. Memory: 1568256K Free: 168473K (11%)
----------------- Invoking toplevel() on ptolemy.moml.MoMLSimpleApplication@35d85f4b
----------------- Done invoking toplevel() on ptolemy.moml.MoMLSimpleApplication@35d85f4b
reloadAllAccessors: .PublisherPort1

===========================================================================================
----------------- testing Mon Jun 04 21:46:40 UTC 2018 /home/travis/build/icyphy/ptII/ptolemy/actor/lib/test/auto/PublisherPort2.xml
----------------- Instantiating /home/travis/build/icyphy/ptII/ptolemy/actor/lib/test/auto/PublisherPort2.xml
3 ms. Memory: 1568256K Free: 148362K (9%)
----------------- Invoking toplevel() on ptolemy.moml.MoMLSimpleApplication@5dd08b99
----------------- Done invoking toplevel() on ptolemy.moml.MoMLSimpleApplication@5dd08b99
reloadAllAccessors: .PublisherPort2

===========================================================================================
----------------- testing Mon Jun 04 21:46:40 UTC 2018 /home/travis/build/icyphy/ptII/ptolemy/actor/lib/test/auto/PublisherPort3.xml
----------------- Instantiating /home/travis/build/icyphy/ptII/ptolemy/actor/lib/test/auto/PublisherPort3.xml
3 ms. Memory: 1568256K Free: 136623K (9%)
----------------- Invoking toplevel() on ptolemy.moml.MoMLSimpleApplication@15ac7041
----------------- Done invoking toplevel() on ptolemy.moml.MoMLSimpleApplication@15ac7041
reloadAllAccessors: .PublisherPort3

===========================================================================================
----------------- testing Mon Jun 04 21:46:40 UTC 2018 /home/travis/build/icyphy/ptII/ptolemy/actor/lib/test/auto/PublisherPort4.xml
----------------- Instantiating /home/travis/build/icyphy/ptII/ptolemy/actor/lib/test/auto/PublisherPort4.xml
3 ms. Memory: 1568256K Free: 124884K (8%)
----------------- Invoking toplevel() on ptolemy.moml.MoMLSimpleApplication@6ce5559c
----------------- Done invoking toplevel() on ptolemy.moml.MoMLSimpleApplication@6ce5559c
reloadAllAccessors: .PublisherPort4

===========================================================================================
----------------- testing Mon Jun 04 21:46:40 UTC 2018 /home/travis/build/icyphy/ptII/ptolemy/actor/lib/test/auto/PublisherPort5.xml
----------------- Instantiating /home/travis/build/icyphy/ptII/ptolemy/actor/lib/test/auto/PublisherPort5.xml
3 ms. Memory: 1568256K Free: 104773K (7%)
----------------- Invoking toplevel() on ptolemy.moml.MoMLSimpleApplication@3afeef1c
----------------- Done invoking toplevel() on ptolemy.moml.MoMLSimpleApplication@3afeef1c
reloadAllAccessors: .PublisherPort5

===========================================================================================
----------------- testing Mon Jun 04 21:46:40 UTC 2018 /home/travis/build/icyphy/ptII/ptolemy/actor/lib/test/auto/PublisherPort5LookAlike.xml
----------------- Instantiating /home/travis/build/icyphy/ptII/ptolemy/actor/lib/test/auto/PublisherPort5LookAlike.xml
6 ms. Memory: 1568256K Free: 93034K (6%)
----------------- Invoking toplevel() on ptolemy.moml.MoMLSimpleApplication@4a4dfa9b
----------------- Done invoking toplevel() on ptolemy.moml.MoMLSimpleApplication@4a4dfa9b
reloadAllAccessors: .PublisherPort5LookAlike

===========================================================================================
----------------- testing Mon Jun 04 21:46:40 UTC 2018 /home/travis/build/icyphy/ptII/ptolemy/actor/lib/test/auto/PublisherPort6.xml
----------------- Instantiating /home/travis/build/icyphy/ptII/ptolemy/actor/lib/test/auto/PublisherPort6.xml
3 ms. Memory: 1568256K Free: 81295K (5%)
----------------- Invoking toplevel() on ptolemy.moml.MoMLSimpleApplication@3a433f87
----------------- Done invoking toplevel() on ptolemy.moml.MoMLSimpleApplication@3a433f87
reloadAllAccessors: .PublisherPort6

===========================================================================================
----------------- testing Mon Jun 04 21:46:40 UTC 2018 /home/travis/build/icyphy/ptII/ptolemy/actor/lib/test/auto/PublisherPort7.xml
----------------- Instantiating /home/travis/build/icyphy/ptII/ptolemy/actor/lib/test/auto/PublisherPort7.xml
4 ms. Memory: 1568256K Free: 69556K (4%)
----------------- Invoking toplevel() on ptolemy.moml.MoMLSimpleApplication@5257c9c
----------------- Done invoking toplevel() on ptolemy.moml.MoMLSimpleApplication@5257c9c
reloadAllAccessors: .PublisherPort7

===========================================================================================
----------------- testing Mon Jun 04 21:46:40 UTC 2018 /home/travis/build/icyphy/ptII/ptolemy/actor/lib/test/auto/PublisherPort8.xml
----------------- Instantiating /home/travis/build/icyphy/ptII/ptolemy/actor/lib/test/auto/PublisherPort8.xml
4 ms. Memory: 1769984K Free: 1716311K (97%)
----------------- Invoking toplevel() on ptolemy.moml.MoMLSimpleApplication@2544c0
----------------- Done invoking toplevel() on ptolemy.moml.MoMLSimpleApplication@2544c0
reloadAllAccessors: .PublisherPort8

===========================================================================================
----------------- testing Mon Jun 04 21:46:40 UTC 2018 /home/travis/build/icyphy/ptII/ptolemy/actor/lib/test/auto/PublisherPortSubscriberChannelVariablesAOC2.xml
----------------- Instantiating /home/travis/build/icyphy/ptII/ptolemy/actor/lib/test/auto/PublisherPortSubscriberChannelVariablesAOC2.xml
2 ms. Memory: 1769984K Free: 1683537K (95%)
----------------- Invoking toplevel() on ptolemy.moml.MoMLSimpleApplication@7a2bf3ba
----------------- Done invoking toplevel() on ptolemy.moml.MoMLSimpleApplication@7a2bf3ba
reloadAllAccessors: .PublisherPortSubscriberChannelVariablesAOC2

===========================================================================================
----------------- testing Mon Jun 04 21:46:40 UTC 2018 /home/travis/build/icyphy/ptII/ptolemy/actor/lib/test/auto/PublisherPortSubscriberOpaqueWidthInference.xml
----------------- Instantiating /home/travis/build/icyphy/ptII/ptolemy/actor/lib/test/auto/PublisherPortSubscriberOpaqueWidthInference.xml
3 ms. Memory: 1769984K Free: 1667019K (94%)
----------------- Invoking toplevel() on ptolemy.moml.MoMLSimpleApplication@68233ee4
----------------- Done invoking toplevel() on ptolemy.moml.MoMLSimpleApplication@68233ee4
reloadAllAccessors: .PublisherPortSubscriberOpaqueWidthInference

===========================================================================================
----------------- testing Mon Jun 04 21:46:40 UTC 2018 /home/travis/build/icyphy/ptII/ptolemy/actor/lib/test/auto/PublisherPortSubscriberPortAdjacent.xml
----------------- Instantiating /home/travis/build/icyphy/ptII/ptolemy/actor/lib/test/auto/PublisherPortSubscriberPortAdjacent.xml
3 ms. Memory: 1769984K Free: 1650502K (93%)
----------------- Invoking toplevel() on ptolemy.moml.MoMLSimpleApplication@f78a0be
----------------- Done invoking toplevel() on ptolemy.moml.MoMLSimpleApplication@f78a0be
reloadAllAccessors: .PublisherPortSubscriberPortAdjacent

===========================================================================================
----------------- testing Mon Jun 04 21:46:40 UTC 2018 /home/travis/build/icyphy/ptII/ptolemy/actor/lib/test/auto/PublisherPortSubscriberPortExpression.xml
----------------- Instantiating /home/travis/build/icyphy/ptII/ptolemy/actor/lib/test/auto/PublisherPortSubscriberPortExpression.xml
3 ms. Memory: 1769984K Free: 1626002K (92%)
----------------- Invoking toplevel() on ptolemy.moml.MoMLSimpleApplication@14fe9871
----------------- Done invoking toplevel() on ptolemy.moml.MoMLSimpleApplication@14fe9871
reloadAllAccessors: .PublisherPortSubscriberPortExpression

===========================================================================================
----------------- testing Mon Jun 04 21:46:40 UTC 2018 /home/travis/build/icyphy/ptII/ptolemy/actor/lib/test/auto/PublisherPortSubscriberPortOpaqueD3Reverse.xml
----------------- Instantiating /home/travis/build/icyphy/ptII/ptolemy/actor/lib/test/auto/PublisherPortSubscriberPortOpaqueD3Reverse.xml
5 ms. Memory: 1769984K Free: 1609485K (91%)
----------------- Invoking toplevel() on ptolemy.moml.MoMLSimpleApplication@3051c635
----------------- Done invoking toplevel() on ptolemy.moml.MoMLSimpleApplication@3051c635
reloadAllAccessors: .PublisherPortSubscriberPortOpaqueD3Reverse

===========================================================================================
----------------- testing Mon Jun 04 21:46:40 UTC 2018 /home/travis/build/icyphy/ptII/ptolemy/actor/lib/test/auto/PublisherPortSubscriberPortOpaqueWidthInference.xml
----------------- Instantiating /home/travis/build/icyphy/ptII/ptolemy/actor/lib/test/auto/PublisherPortSubscriberPortOpaqueWidthInference.xml
5 ms. Memory: 1769984K Free: 1592968K (90%)
----------------- Invoking toplevel() on ptolemy.moml.MoMLSimpleApplication@37734a0a
----------------- Done invoking toplevel() on ptolemy.moml.MoMLSimpleApplication@37734a0a
reloadAllAccessors: .PublisherPortSubscriberPortOpaqueWidthInference

===========================================================================================
----------------- testing Mon Jun 04 21:46:40 UTC 2018 /home/travis/build/icyphy/ptII/ptolemy/actor/lib/test/auto/PublisherPortToplevelSubscriberPortAOC.xml
----------------- Instantiating /home/travis/build/icyphy/ptII/ptolemy/actor/lib/test/auto/PublisherPortToplevelSubscriberPortAOC.xml
.PublisherPortToplevelSubscriberPortAOC.TestExceptionAttribute: initialize() was not invoked, but wrapup() was.  This is unusual, but not always a problem.  For example, exporting JNLP will do this.
0 ms. Memory: 1769984K Free: 1568468K (89%)
----------------- Invoking toplevel() on ptolemy.moml.MoMLSimpleApplication@67f7eedb
----------------- Done invoking toplevel() on ptolemy.moml.MoMLSimpleApplication@67f7eedb
reloadAllAccessors: .PublisherPortToplevelSubscriberPortAOC

===========================================================================================
----------------- testing Mon Jun 04 21:46:40 UTC 2018 /home/travis/build/icyphy/ptII/ptolemy/actor/lib/test/auto/PublisherSubscriber.xml
----------------- Instantiating /home/travis/build/icyphy/ptII/ptolemy/actor/lib/test/auto/PublisherSubscriber.xml
2 ms. Memory: 1769984K Free: 1551951K (88%)
----------------- Invoking toplevel() on ptolemy.moml.MoMLSimpleApplication@13b6f957
----------------- Done invoking toplevel() on ptolemy.moml.MoMLSimpleApplication@13b6f957
reloadAllAccessors: .PublisherSubscriber

===========================================================================================
----------------- testing Mon Jun 04 21:46:41 UTC 2018 /home/travis/build/icyphy/ptII/ptolemy/actor/lib/test/auto/PublisherSubscriber10.xml
----------------- Instantiating /home/travis/build/icyphy/ptII/ptolemy/actor/lib/test/auto/PublisherSubscriber10.xml
6 ms. Memory: 1769984K Free: 1535434K (87%)
----------------- Invoking toplevel() on ptolemy.moml.MoMLSimpleApplication@2c12679a
----------------- Done invoking toplevel() on ptolemy.moml.MoMLSimpleApplication@2c12679a
reloadAllAccessors: .PublisherSubscriber10

===========================================================================================
----------------- testing Mon Jun 04 21:46:41 UTC 2018 /home/travis/build/icyphy/ptII/ptolemy/actor/lib/test/auto/PublisherSubscriber10InitialOutputs.xml
----------------- Instantiating /home/travis/build/icyphy/ptII/ptolemy/actor/lib/test/auto/PublisherSubscriber10InitialOutputs.xml
6 ms. Memory: 1769984K Free: 1510933K (85%)
----------------- Invoking toplevel() on ptolemy.moml.MoMLSimpleApplication@36030fcd
----------------- Done invoking toplevel() on ptolemy.moml.MoMLSimpleApplication@36030fcd
reloadAllAccessors: .PublisherSubscriber10InitialOutputs

===========================================================================================
----------------- testing Mon Jun 04 21:46:41 UTC 2018 /home/travis/build/icyphy/ptII/ptolemy/actor/lib/test/auto/PublisherSubscriber11.xml
----------------- Instantiating /home/travis/build/icyphy/ptII/ptolemy/actor/lib/test/auto/PublisherSubscriber11.xml
8 ms. Memory: 1769984K Free: 1494416K (84%)
----------------- Invoking toplevel() on ptolemy.moml.MoMLSimpleApplication@5b621acd
----------------- Done invoking toplevel() on ptolemy.moml.MoMLSimpleApplication@5b621acd
reloadAllAccessors: .PublisherSubscriber11

===========================================================================================
----------------- testing Mon Jun 04 21:46:41 UTC 2018 /home/travis/build/icyphy/ptII/ptolemy/actor/lib/test/auto/PublisherSubscriber12.xml
----------------- Instantiating /home/travis/build/icyphy/ptII/ptolemy/actor/lib/test/auto/PublisherSubscriber12.xml
2 ms. Memory: 1769984K Free: 1477754K (83%)
----------------- Invoking toplevel() on ptolemy.moml.MoMLSimpleApplication@3bbaa124
----------------- Done invoking toplevel() on ptolemy.moml.MoMLSimpleApplication@3bbaa124
reloadAllAccessors: .PublisherSubscriber12

===========================================================================================
----------------- testing Mon Jun 04 21:46:41 UTC 2018 /home/travis/build/icyphy/ptII/ptolemy/actor/lib/test/auto/PublisherSubscriber13.xml
----------------- Instantiating /home/travis/build/icyphy/ptII/ptolemy/actor/lib/test/auto/PublisherSubscriber13.xml
2 ms. Memory: 1769984K Free: 1461237K (83%)
----------------- Invoking toplevel() on ptolemy.moml.MoMLSimpleApplication@7d6cf272
----------------- Done invoking toplevel() on ptolemy.moml.MoMLSimpleApplication@7d6cf272
reloadAllAccessors: .PublisherSubscriber13

===========================================================================================
----------------- testing Mon Jun 04 21:46:41 UTC 2018 /home/travis/build/icyphy/ptII/ptolemy/actor/lib/test/auto/PublisherSubscriber14.xml
----------------- Instantiating /home/travis/build/icyphy/ptII/ptolemy/actor/lib/test/auto/PublisherSubscriber14.xml
1 ms. Memory: 1769984K Free: 1436737K (81%)
----------------- Invoking toplevel() on ptolemy.moml.MoMLSimpleApplication@796b96c
----------------- Done invoking toplevel() on ptolemy.moml.MoMLSimpleApplication@796b96c
reloadAllAccessors: .PublisherSubscriber14

===========================================================================================
----------------- testing Mon Jun 04 21:46:41 UTC 2018 /home/travis/build/icyphy/ptII/ptolemy/actor/lib/test/auto/PublisherSubscriber2.xml
----------------- Instantiating /home/travis/build/icyphy/ptII/ptolemy/actor/lib/test/auto/PublisherSubscriber2.xml
2 ms. Memory: 1769984K Free: 1420220K (80%)
----------------- Invoking toplevel() on ptolemy.moml.MoMLSimpleApplication@7def631c
----------------- Done invoking toplevel() on ptolemy.moml.MoMLSimpleApplication@7def631c
reloadAllAccessors: .PublisherSubscriber2

===========================================================================================
----------------- testing Mon Jun 04 21:46:41 UTC 2018 /home/travis/build/icyphy/ptII/ptolemy/actor/lib/test/auto/PublisherSubscriber3.xml
----------------- Instantiating /home/travis/build/icyphy/ptII/ptolemy/actor/lib/test/auto/PublisherSubscriber3.xml
1 ms. Memory: 1769984K Free: 1403703K (79%)
----------------- Invoking toplevel() on ptolemy.moml.MoMLSimpleApplication@24f149af
----------------- Done invoking toplevel() on ptolemy.moml.MoMLSimpleApplication@24f149af
reloadAllAccessors: .PublisherSubscriber3

===========================================================================================
----------------- testing Mon Jun 04 21:46:41 UTC 2018 /home/travis/build/icyphy/ptII/ptolemy/actor/lib/test/auto/PublisherSubscriber4.xml
----------------- Instantiating /home/travis/build/icyphy/ptII/ptolemy/actor/lib/test/auto/PublisherSubscriber4.xml
2 ms. Memory: 1769984K Free: 1379203K (78%)
----------------- Invoking toplevel() on ptolemy.moml.MoMLSimpleApplication@5ce60e75
----------------- Done invoking toplevel() on ptolemy.moml.MoMLSimpleApplication@5ce60e75
reloadAllAccessors: .PublisherSubscriber4

===========================================================================================
----------------- testing Mon Jun 04 21:46:41 UTC 2018 /home/travis/build/icyphy/ptII/ptolemy/actor/lib/test/auto/PublisherSubscriber5.xml
----------------- Instantiating /home/travis/build/icyphy/ptII/ptolemy/actor/lib/test/auto/PublisherSubscriber5.xml
2 ms. Memory: 1769984K Free: 1362685K (77%)
----------------- Invoking toplevel() on ptolemy.moml.MoMLSimpleApplication@45a8053d
----------------- Done invoking toplevel() on ptolemy.moml.MoMLSimpleApplication@45a8053d
reloadAllAccessors: .PublisherSubscriber5

===========================================================================================
----------------- testing Mon Jun 04 21:46:41 UTC 2018 /home/travis/build/icyphy/ptII/ptolemy/actor/lib/test/auto/PublisherSubscriber6.xml
----------------- Instantiating /home/travis/build/icyphy/ptII/ptolemy/actor/lib/test/auto/PublisherSubscriber6.xml
2 ms. Memory: 1769984K Free: 1346168K (76%)
----------------- Invoking toplevel() on ptolemy.moml.MoMLSimpleApplication@2a090914
----------------- Done invoking toplevel() on ptolemy.moml.MoMLSimpleApplication@2a090914
reloadAllAccessors: .PublisherSubscriber6

===========================================================================================
----------------- testing Mon Jun 04 21:46:41 UTC 2018 /home/travis/build/icyphy/ptII/ptolemy/actor/lib/test/auto/PublisherSubscriber7.xml
----------------- Instantiating /home/travis/build/icyphy/ptII/ptolemy/actor/lib/test/auto/PublisherSubscriber7.xml
2 ms. Memory: 1769984K Free: 1321668K (75%)
----------------- Invoking toplevel() on ptolemy.moml.MoMLSimpleApplication@5c5dc81f
----------------- Done invoking toplevel() on ptolemy.moml.MoMLSimpleApplication@5c5dc81f
reloadAllAccessors: .PublisherSubscriber7

===========================================================================================
----------------- testing Mon Jun 04 21:46:41 UTC 2018 /home/travis/build/icyphy/ptII/ptolemy/actor/lib/test/auto/PublisherSubscriber8.xml
----------------- Instantiating /home/travis/build/icyphy/ptII/ptolemy/actor/lib/test/auto/PublisherSubscriber8.xml
8 ms. Memory: 1769984K Free: 1222565K (69%)
----------------- Invoking toplevel() on ptolemy.moml.MoMLSimpleApplication@599469a7
----------------- Done invoking toplevel() on ptolemy.moml.MoMLSimpleApplication@599469a7
reloadAllAccessors: .PublisherSubscriber8

===========================================================================================
----------------- testing Mon Jun 04 21:46:41 UTC 2018 /home/travis/build/icyphy/ptII/ptolemy/actor/lib/test/auto/PublisherSubscriber9.xml
----------------- Instantiating /home/travis/build/icyphy/ptII/ptolemy/actor/lib/test/auto/PublisherSubscriber9.xml
3 ms. Memory: 1769984K Free: 1206048K (68%)
----------------- Invoking toplevel() on ptolemy.moml.MoMLSimpleApplication@754a068a
----------------- Done invoking toplevel() on ptolemy.moml.MoMLSimpleApplication@754a068a
reloadAllAccessors: .PublisherSubscriber9

===========================================================================================
----------------- testing Mon Jun 04 21:46:41 UTC 2018 /home/travis/build/icyphy/ptII/ptolemy/actor/lib/test/auto/PublisherSubscriberAdjacent.xml
----------------- Instantiating /home/travis/build/icyphy/ptII/ptolemy/actor/lib/test/auto/PublisherSubscriberAdjacent.xml
2 ms. Memory: 1769984K Free: 1189531K (67%)
----------------- Invoking toplevel() on ptolemy.moml.MoMLSimpleApplication@646948ba
----------------- Done invoking toplevel() on ptolemy.moml.MoMLSimpleApplication@646948ba
reloadAllAccessors: .PublisherSubscriberAdjacent

===========================================================================================
----------------- testing Mon Jun 04 21:46:41 UTC 2018 /home/travis/build/icyphy/ptII/ptolemy/actor/lib/test/auto/PublisherSubscriberChannelVariablesAOC2.xml
----------------- Instantiating /home/travis/build/icyphy/ptII/ptolemy/actor/lib/test/auto/PublisherSubscriberChannelVariablesAOC2.xml
2 ms. Memory: 1769984K Free: 1156764K (65%)
----------------- Invoking toplevel() on ptolemy.moml.MoMLSimpleApplication@405691f4
----------------- Done invoking toplevel() on ptolemy.moml.MoMLSimpleApplication@405691f4
reloadAllAccessors: .PublisherSubscriberChannelVariablesAOC2

===========================================================================================
----------------- testing Mon Jun 04 21:46:41 UTC 2018 /home/travis/build/icyphy/ptII/ptolemy/actor/lib/test/auto/PublisherSubscriberD3.xml
----------------- Instantiating /home/travis/build/icyphy/ptII/ptolemy/actor/lib/test/auto/PublisherSubscriberD3.xml
1 ms. Memory: 1769984K Free: 1140247K (64%)
----------------- Invoking toplevel() on ptolemy.moml.MoMLSimpleApplication@456eb78c
----------------- Done invoking toplevel() on ptolemy.moml.MoMLSimpleApplication@456eb78c
reloadAllAccessors: .PublisherSubscriberD3

===========================================================================================
----------------- testing Mon Jun 04 21:46:41 UTC 2018 /home/travis/build/icyphy/ptII/ptolemy/actor/lib/test/auto/PublisherSubscriberD3Reverse.xml
----------------- Instantiating /home/travis/build/icyphy/ptII/ptolemy/actor/lib/test/auto/PublisherSubscriberD3Reverse.xml
2 ms. Memory: 1769984K Free: 1123730K (63%)
----------------- Invoking toplevel() on ptolemy.moml.MoMLSimpleApplication@7b96c756
----------------- Done invoking toplevel() on ptolemy.moml.MoMLSimpleApplication@7b96c756
reloadAllAccessors: .PublisherSubscriberD3Reverse

===========================================================================================
----------------- testing Mon Jun 04 21:46:41 UTC 2018 /home/travis/build/icyphy/ptII/ptolemy/actor/lib/test/auto/PublisherSubscriberExpression.xml
----------------- Instantiating /home/travis/build/icyphy/ptII/ptolemy/actor/lib/test/auto/PublisherSubscriberExpression.xml
3 ms. Memory: 1769984K Free: 1099230K (62%)
----------------- Invoking toplevel() on ptolemy.moml.MoMLSimpleApplication@1d2e302
----------------- Done invoking toplevel() on ptolemy.moml.MoMLSimpleApplication@1d2e302
reloadAllAccessors: .PublisherSubscriberExpression

===========================================================================================
----------------- testing Mon Jun 04 21:46:41 UTC 2018 /home/travis/build/icyphy/ptII/ptolemy/actor/lib/test/auto/PublisherSubscriberOpaque.xml
----------------- Instantiating /home/travis/build/icyphy/ptII/ptolemy/actor/lib/test/auto/PublisherSubscriberOpaque.xml
4 ms. Memory: 1769984K Free: 1082713K (61%)
----------------- Invoking toplevel() on ptolemy.moml.MoMLSimpleApplication@69e42622
----------------- Done invoking toplevel() on ptolemy.moml.MoMLSimpleApplication@69e42622
reloadAllAccessors: .PublisherSubscriberOpaque

===========================================================================================
----------------- testing Mon Jun 04 21:46:41 UTC 2018 /home/travis/build/icyphy/ptII/ptolemy/actor/lib/test/auto/PublisherSubscriberOpaqueD3.xml
----------------- Instantiating /home/travis/build/icyphy/ptII/ptolemy/actor/lib/test/auto/PublisherSubscriberOpaqueD3.xml
6 ms. Memory: 1769984K Free: 1066196K (60%)
----------------- Invoking toplevel() on ptolemy.moml.MoMLSimpleApplication@2efa8f0d
----------------- Done invoking toplevel() on ptolemy.moml.MoMLSimpleApplication@2efa8f0d
reloadAllAccessors: .PublisherSubscriberOpaqueD3

===========================================================================================
----------------- testing Mon Jun 04 21:46:41 UTC 2018 /home/travis/build/icyphy/ptII/ptolemy/actor/lib/test/auto/PublisherSubscriberOpaqueD3Reverse.xml
----------------- Instantiating /home/travis/build/icyphy/ptII/ptolemy/actor/lib/test/auto/PublisherSubscriberOpaqueD3Reverse.xml
4 ms. Memory: 1769984K Free: 1041696K (59%)
----------------- Invoking toplevel() on ptolemy.moml.MoMLSimpleApplication@34024c71
----------------- Done invoking toplevel() on ptolemy.moml.MoMLSimpleApplication@34024c71
reloadAllAccessors: .PublisherSubscriberOpaqueD3Reverse

===========================================================================================
----------------- testing Mon Jun 04 21:46:41 UTC 2018 /home/travis/build/icyphy/ptII/ptolemy/actor/lib/test/auto/PublisherSubscriberOpaqueWidthInference.xml
----------------- Instantiating /home/travis/build/icyphy/ptII/ptolemy/actor/lib/test/auto/PublisherSubscriberOpaqueWidthInference.xml
3 ms. Memory: 1769984K Free: 1025178K (58%)
----------------- Invoking toplevel() on ptolemy.moml.MoMLSimpleApplication@196581e2
----------------- Done invoking toplevel() on ptolemy.moml.MoMLSimpleApplication@196581e2
reloadAllAccessors: .PublisherSubscriberOpaqueWidthInference

===========================================================================================
----------------- testing Mon Jun 04 21:46:41 UTC 2018 /home/travis/build/icyphy/ptII/ptolemy/actor/lib/test/auto/PublisherTestSubscriber.xml
----------------- Instantiating /home/travis/build/icyphy/ptII/ptolemy/actor/lib/test/auto/PublisherTestSubscriber.xml
3 ms. Memory: 1769984K Free: 1008661K (57%)
----------------- Invoking toplevel() on ptolemy.moml.MoMLSimpleApplication@235edefc
----------------- Done invoking toplevel() on ptolemy.moml.MoMLSimpleApplication@235edefc
reloadAllAccessors: .PublisherTestSubscriber

===========================================================================================
----------------- testing Mon Jun 04 21:46:41 UTC 2018 /home/travis/build/icyphy/ptII/ptolemy/actor/lib/test/auto/PublisherToplevelSubscriberPortAOC.xml
----------------- Instantiating /home/travis/build/icyphy/ptII/ptolemy/actor/lib/test/auto/PublisherToplevelSubscriberPortAOC.xml
2 ms. Memory: 1769984K Free: 984161K (56%)
----------------- Invoking toplevel() on ptolemy.moml.MoMLSimpleApplication@377423a6
----------------- Done invoking toplevel() on ptolemy.moml.MoMLSimpleApplication@377423a6
reloadAllAccessors: .PublisherToplevelSubscriberPortAOC

===========================================================================================
----------------- testing Mon Jun 04 21:46:41 UTC 2018 /home/travis/build/icyphy/ptII/ptolemy/actor/lib/test/auto/PulseFiringLimitDE.xml
----------------- Instantiating /home/travis/build/icyphy/ptII/ptolemy/actor/lib/test/auto/PulseFiringLimitDE.xml
2 ms. Memory: 1769984K Free: 967644K (55%)
----------------- Invoking toplevel() on ptolemy.moml.MoMLSimpleApplication@2ed4b24a
----------------- Done invoking toplevel() on ptolemy.moml.MoMLSimpleApplication@2ed4b24a
reloadAllAccessors: .PulseFiringLimitDE

===========================================================================================
----------------- testing Mon Jun 04 21:46:41 UTC 2018 /home/travis/build/icyphy/ptII/ptolemy/actor/lib/test/auto/Ramp1.xml
----------------- Instantiating /home/travis/build/icyphy/ptII/ptolemy/actor/lib/test/auto/Ramp1.xml
1 ms. Memory: 1769984K Free: 951127K (54%)
----------------- Invoking toplevel() on ptolemy.moml.MoMLSimpleApplication@cab8c08
----------------- Done invoking toplevel() on ptolemy.moml.MoMLSimpleApplication@cab8c08
reloadAllAccessors: .Ramp1

===========================================================================================
----------------- testing Mon Jun 04 21:46:41 UTC 2018 /home/travis/build/icyphy/ptII/ptolemy/actor/lib/test/auto/RampFiringLimitDE.xml
----------------- Instantiating /home/travis/build/icyphy/ptII/ptolemy/actor/lib/test/auto/RampFiringLimitDE.xml
2 ms. Memory: 1769984K Free: 934610K (53%)
----------------- Invoking toplevel() on ptolemy.moml.MoMLSimpleApplication@33c70038
----------------- Done invoking toplevel() on ptolemy.moml.MoMLSimpleApplication@33c70038
reloadAllAccessors: .RampFiringLimitDE

===========================================================================================
----------------- testing Mon Jun 04 21:46:41 UTC 2018 /home/travis/build/icyphy/ptII/ptolemy/actor/lib/test/auto/RampFiringLimitSDF.xml
----------------- Instantiating /home/travis/build/icyphy/ptII/ptolemy/actor/lib/test/auto/RampFiringLimitSDF.xml
2 ms. Memory: 1769984K Free: 910109K (51%)
----------------- Invoking toplevel() on ptolemy.moml.MoMLSimpleApplication@565ac394
----------------- Done invoking toplevel() on ptolemy.moml.MoMLSimpleApplication@565ac394
reloadAllAccessors: .RampFiringLimitSDF

===========================================================================================
----------------- testing Mon Jun 04 21:46:41 UTC 2018 /home/travis/build/icyphy/ptII/ptolemy/actor/lib/test/auto/RandomInteger.xml
----------------- Instantiating /home/travis/build/icyphy/ptII/ptolemy/actor/lib/test/auto/RandomInteger.xml
1 ms. Memory: 1769984K Free: 893592K (50%)
----------------- Invoking toplevel() on ptolemy.moml.MoMLSimpleApplication@34887d1
----------------- Done invoking toplevel() on ptolemy.moml.MoMLSimpleApplication@34887d1
reloadAllAccessors: .RandomInteger

===========================================================================================
----------------- testing Mon Jun 04 21:46:41 UTC 2018 /home/travis/build/icyphy/ptII/ptolemy/actor/lib/test/auto/ReadFile1.xml
----------------- Instantiating /home/travis/build/icyphy/ptII/ptolemy/actor/lib/test/auto/ReadFile1.xml
1 ms. Memory: 1769984K Free: 877075K (50%)
----------------- Invoking toplevel() on ptolemy.moml.MoMLSimpleApplication@41b764bc
----------------- Done invoking toplevel() on ptolemy.moml.MoMLSimpleApplication@41b764bc
reloadAllAccessors: .ReadFile1

===========================================================================================
----------------- testing Mon Jun 04 21:46:41 UTC 2018 /home/travis/build/icyphy/ptII/ptolemy/actor/lib/test/auto/ReadFile2.xml
----------------- Instantiating /home/travis/build/icyphy/ptII/ptolemy/actor/lib/test/auto/ReadFile2.xml
1 ms. Memory: 1769984K Free: 852575K (48%)
----------------- Invoking toplevel() on ptolemy.moml.MoMLSimpleApplication@5a1bf9f0
----------------- Done invoking toplevel() on ptolemy.moml.MoMLSimpleApplication@5a1bf9f0
reloadAllAccessors: .ReadFile2

===========================================================================================
----------------- testing Mon Jun 04 21:46:41 UTC 2018 /home/travis/build/icyphy/ptII/ptolemy/actor/lib/test/auto/Reader.xml
----------------- Instantiating /home/travis/build/icyphy/ptII/ptolemy/actor/lib/test/auto/Reader.xml
actor.lib.Reader is obsolete, use actor.lib.io.ExpressionReader instead
6 ms. Memory: 1769984K Free: 836058K (47%)
----------------- Invoking toplevel() on ptolemy.moml.MoMLSimpleApplication@7e206ced
----------------- Done invoking toplevel() on ptolemy.moml.MoMLSimpleApplication@7e206ced
reloadAllAccessors: .Reader

===========================================================================================
----------------- testing Mon Jun 04 21:46:41 UTC 2018 /home/travis/build/icyphy/ptII/ptolemy/actor/lib/test/auto/RecordAssemblerDisplayNameTest.xml
----------------- Instantiating /home/travis/build/icyphy/ptII/ptolemy/actor/lib/test/auto/RecordAssemblerDisplayNameTest.xml
3312 ms. Memory: 1786368K Free: 1214674K (68%)
----------------- Invoking toplevel() on ptolemy.moml.MoMLSimpleApplication@2354e2b3
----------------- Done invoking toplevel() on ptolemy.moml.MoMLSimpleApplication@2354e2b3
reloadAllAccessors: .RecordAssemblerDisplayNameTest

===========================================================================================
----------------- testing Mon Jun 04 21:46:44 UTC 2018 /home/travis/build/icyphy/ptII/ptolemy/actor/lib/test/auto/RecordAssemblerTypeError.xml
----------------- Instantiating /home/travis/build/icyphy/ptII/ptolemy/actor/lib/test/auto/RecordAssemblerTypeError.xml
3 ms. Memory: 1786368K Free: 1179400K (66%)
----------------- Invoking toplevel() on ptolemy.moml.MoMLSimpleApplication@6f4c39eb
----------------- Done invoking toplevel() on ptolemy.moml.MoMLSimpleApplication@6f4c39eb
reloadAllAccessors: .RecordAssemblerTypeError

===========================================================================================
----------------- testing Mon Jun 04 21:46:44 UTC 2018 /home/travis/build/icyphy/ptII/ptolemy/actor/lib/test/auto/RecordDisassember.xml
----------------- Instantiating /home/travis/build/icyphy/ptII/ptolemy/actor/lib/test/auto/RecordDisassember.xml
3 ms. Memory: 1786368K Free: 1162699K (65%)
----------------- Invoking toplevel() on ptolemy.moml.MoMLSimpleApplication@522b43c8
----------------- Done invoking toplevel() on ptolemy.moml.MoMLSimpleApplication@522b43c8
reloadAllAccessors: .RecordDisassember

===========================================================================================
----------------- testing Mon Jun 04 21:46:45 UTC 2018 /home/travis/build/icyphy/ptII/ptolemy/actor/lib/test/auto/RecordDisassemberDisplayNameTest.xml
----------------- Instantiating /home/travis/build/icyphy/ptII/ptolemy/actor/lib/test/auto/RecordDisassemberDisplayNameTest.xml
4 ms. Memory: 1786368K Free: 1140063K (64%)
----------------- Invoking toplevel() on ptolemy.moml.MoMLSimpleApplication@78910f43
----------------- Done invoking toplevel() on ptolemy.moml.MoMLSimpleApplication@78910f43
reloadAllAccessors: .RecordDisassemberDisplayNameTest

===========================================================================================
----------------- testing Mon Jun 04 21:46:45 UTC 2018 /home/travis/build/icyphy/ptII/ptolemy/actor/lib/test/auto/RecordDisassembler.xml
----------------- Instantiating /home/travis/build/icyphy/ptII/ptolemy/actor/lib/test/auto/RecordDisassembler.xml
2 ms. Memory: 1786368K Free: 1123361K (63%)
----------------- Invoking toplevel() on ptolemy.moml.MoMLSimpleApplication@5b0c6488
----------------- Done invoking toplevel() on ptolemy.moml.MoMLSimpleApplication@5b0c6488
reloadAllAccessors: .RecordDisassembler

===========================================================================================
----------------- testing Mon Jun 04 21:46:45 UTC 2018 /home/travis/build/icyphy/ptII/ptolemy/actor/lib/test/auto/RecordDisassembler2.xml
----------------- Instantiating /home/travis/build/icyphy/ptII/ptolemy/actor/lib/test/auto/RecordDisassembler2.xml
2 ms. Memory: 1786368K Free: 1100725K (62%)
----------------- Invoking toplevel() on ptolemy.moml.MoMLSimpleApplication@69946917
----------------- Done invoking toplevel() on ptolemy.moml.MoMLSimpleApplication@69946917
reloadAllAccessors: .RecordDisassembler2

===========================================================================================
----------------- testing Mon Jun 04 21:46:45 UTC 2018 /home/travis/build/icyphy/ptII/ptolemy/actor/lib/test/auto/RecordUpdater.xml
----------------- Instantiating /home/travis/build/icyphy/ptII/ptolemy/actor/lib/test/auto/RecordUpdater.xml
1 ms. Memory: 1786368K Free: 1084024K (61%)
----------------- Invoking toplevel() on ptolemy.moml.MoMLSimpleApplication@4ee71120
----------------- Done invoking toplevel() on ptolemy.moml.MoMLSimpleApplication@4ee71120
reloadAllAccessors: .RecordUpdater

===========================================================================================
----------------- testing Mon Jun 04 21:46:45 UTC 2018 /home/travis/build/icyphy/ptII/ptolemy/actor/lib/test/auto/RecordUpdater2.xml
----------------- Instantiating /home/travis/build/icyphy/ptII/ptolemy/actor/lib/test/auto/RecordUpdater2.xml
1 ms. Memory: 1786368K Free: 1067322K (60%)
----------------- Invoking toplevel() on ptolemy.moml.MoMLSimpleApplication@2e2e3067
----------------- Done invoking toplevel() on ptolemy.moml.MoMLSimpleApplication@2e2e3067
reloadAllAccessors: .RecordUpdater2

===========================================================================================
----------------- testing Mon Jun 04 21:46:45 UTC 2018 /home/travis/build/icyphy/ptII/ptolemy/actor/lib/test/auto/RecursiveLattice.xml
----------------- Instantiating /home/travis/build/icyphy/ptII/ptolemy/actor/lib/test/auto/RecursiveLattice.xml
1 ms. Memory: 1786368K Free: 1044686K (58%)
----------------- Invoking toplevel() on ptolemy.moml.MoMLSimpleApplication@79e39a1d
----------------- Done invoking toplevel() on ptolemy.moml.MoMLSimpleApplication@79e39a1d
reloadAllAccessors: .RecursiveLattice

===========================================================================================
----------------- testing Mon Jun 04 21:46:45 UTC 2018 /home/travis/build/icyphy/ptII/ptolemy/actor/lib/test/auto/Router.xml
----------------- Instantiating /home/travis/build/icyphy/ptII/ptolemy/actor/lib/test/auto/Router.xml
3003 ms. Memory: 1786368K Free: 1027985K (58%)
----------------- Invoking toplevel() on ptolemy.moml.MoMLSimpleApplication@e85f5c6
----------------- Done invoking toplevel() on ptolemy.moml.MoMLSimpleApplication@e85f5c6
reloadAllAccessors: .Router

===========================================================================================
----------------- testing Mon Jun 04 21:46:48 UTC 2018 /home/travis/build/icyphy/ptII/ptolemy/actor/lib/test/auto/Router2.xml
----------------- Instantiating /home/travis/build/icyphy/ptII/ptolemy/actor/lib/test/auto/Router2.xml
3003 ms. Memory: 1786368K Free: 1005349K (56%)
----------------- Invoking toplevel() on ptolemy.moml.MoMLSimpleApplication@4cc08c69
----------------- Done invoking toplevel() on ptolemy.moml.MoMLSimpleApplication@4cc08c69
reloadAllAccessors: .Router2

===========================================================================================
----------------- testing Mon Jun 04 21:46:51 UTC 2018 /home/travis/build/icyphy/ptII/ptolemy/actor/lib/test/auto/RunningMaximum.xml
----------------- Instantiating /home/travis/build/icyphy/ptII/ptolemy/actor/lib/test/auto/RunningMaximum.xml
2 ms. Memory: 1786368K Free: 988647K (55%)
----------------- Invoking toplevel() on ptolemy.moml.MoMLSimpleApplication@74301ee8
----------------- Done invoking toplevel() on ptolemy.moml.MoMLSimpleApplication@74301ee8
reloadAllAccessors: .RunningMaximum

===========================================================================================
----------------- testing Mon Jun 04 21:46:51 UTC 2018 /home/travis/build/icyphy/ptII/ptolemy/actor/lib/test/auto/RunningMinimum.xml
----------------- Instantiating /home/travis/build/icyphy/ptII/ptolemy/actor/lib/test/auto/RunningMinimum.xml
2 ms. Memory: 1786368K Free: 971946K (54%)
----------------- Invoking toplevel() on ptolemy.moml.MoMLSimpleApplication@148b4d7d
----------------- Done invoking toplevel() on ptolemy.moml.MoMLSimpleApplication@148b4d7d
reloadAllAccessors: .RunningMinimum

===========================================================================================
----------------- testing Mon Jun 04 21:46:51 UTC 2018 /home/travis/build/icyphy/ptII/ptolemy/actor/lib/test/auto/Scale.xml
----------------- Instantiating /home/travis/build/icyphy/ptII/ptolemy/actor/lib/test/auto/Scale.xml
1 ms. Memory: 1786368K Free: 949310K (53%)
----------------- Invoking toplevel() on ptolemy.moml.MoMLSimpleApplication@1e216df4
----------------- Done invoking toplevel() on ptolemy.moml.MoMLSimpleApplication@1e216df4
reloadAllAccessors: .Scale

===========================================================================================
----------------- testing Mon Jun 04 21:46:51 UTC 2018 /home/travis/build/icyphy/ptII/ptolemy/actor/lib/test/auto/Scale2.xml
----------------- Instantiating /home/travis/build/icyphy/ptII/ptolemy/actor/lib/test/auto/Scale2.xml
1 ms. Memory: 1786368K Free: 932608K (52%)
----------------- Invoking toplevel() on ptolemy.moml.MoMLSimpleApplication@5e820fc7
----------------- Done invoking toplevel() on ptolemy.moml.MoMLSimpleApplication@5e820fc7
reloadAllAccessors: .Scale2

===========================================================================================
----------------- testing Mon Jun 04 21:46:51 UTC 2018 /home/travis/build/icyphy/ptII/ptolemy/actor/lib/test/auto/Scale3.xml
----------------- Instantiating /home/travis/build/icyphy/ptII/ptolemy/actor/lib/test/auto/Scale3.xml
2 ms. Memory: 1786368K Free: 909972K (51%)
----------------- Invoking toplevel() on ptolemy.moml.MoMLSimpleApplication@4adac8bc
----------------- Done invoking toplevel() on ptolemy.moml.MoMLSimpleApplication@4adac8bc
reloadAllAccessors: .Scale3

===========================================================================================
----------------- testing Mon Jun 04 21:46:51 UTC 2018 /home/travis/build/icyphy/ptII/ptolemy/actor/lib/test/auto/ScaleArray.xml
----------------- Instantiating /home/travis/build/icyphy/ptII/ptolemy/actor/lib/test/auto/ScaleArray.xml
2 ms. Memory: 1786368K Free: 893271K (50%)
----------------- Invoking toplevel() on ptolemy.moml.MoMLSimpleApplication@618cf87e
----------------- Done invoking toplevel() on ptolemy.moml.MoMLSimpleApplication@618cf87e
reloadAllAccessors: .ScaleArray

===========================================================================================
----------------- testing Mon Jun 04 21:46:51 UTC 2018 /home/travis/build/icyphy/ptII/ptolemy/actor/lib/test/auto/ScaleArray2.xml
----------------- Instantiating /home/travis/build/icyphy/ptII/ptolemy/actor/lib/test/auto/ScaleArray2.xml
1 ms. Memory: 1786368K Free: 870635K (49%)
----------------- Invoking toplevel() on ptolemy.moml.MoMLSimpleApplication@3feb6bb4
----------------- Done invoking toplevel() on ptolemy.moml.MoMLSimpleApplication@3feb6bb4
reloadAllAccessors: .ScaleArray2

===========================================================================================
----------------- testing Mon Jun 04 21:46:51 UTC 2018 /home/travis/build/icyphy/ptII/ptolemy/actor/lib/test/auto/ScaleMatrix.xml
----------------- Instantiating /home/travis/build/icyphy/ptII/ptolemy/actor/lib/test/auto/ScaleMatrix.xml
96 ms. Memory: 1786368K Free: 845583K (47%)
----------------- Invoking toplevel() on ptolemy.moml.MoMLSimpleApplication@7a2dfb81
----------------- Done invoking toplevel() on ptolemy.moml.MoMLSimpleApplication@7a2dfb81
reloadAllAccessors: .ScaleMatrix

===========================================================================================
----------------- testing Mon Jun 04 21:46:51 UTC 2018 /home/travis/build/icyphy/ptII/ptolemy/actor/lib/test/auto/Select.xml
----------------- Instantiating /home/travis/build/icyphy/ptII/ptolemy/actor/lib/test/auto/Select.xml
2 ms. Memory: 1786368K Free: 828881K (46%)
----------------- Invoking toplevel() on ptolemy.moml.MoMLSimpleApplication@28171ec3
----------------- Done invoking toplevel() on ptolemy.moml.MoMLSimpleApplication@28171ec3
reloadAllAccessors: .Select

===========================================================================================
----------------- testing Mon Jun 04 21:46:51 UTC 2018 /home/travis/build/icyphy/ptII/ptolemy/actor/lib/test/auto/Select2.xml
----------------- Instantiating /home/travis/build/icyphy/ptII/ptolemy/actor/lib/test/auto/Select2.xml
1 ms. Memory: 1786368K Free: 806245K (45%)
----------------- Invoking toplevel() on ptolemy.moml.MoMLSimpleApplication@48d28927
----------------- Done invoking toplevel() on ptolemy.moml.MoMLSimpleApplication@48d28927
reloadAllAccessors: .Select2

===========================================================================================
----------------- testing Mon Jun 04 21:46:51 UTC 2018 /home/travis/build/icyphy/ptII/ptolemy/actor/lib/test/auto/SequenceToArray2.xml
----------------- Instantiating /home/travis/build/icyphy/ptII/ptolemy/actor/lib/test/auto/SequenceToArray2.xml
75 ms. Memory: 1786368K Free: 706036K (40%)
----------------- Invoking toplevel() on ptolemy.moml.MoMLSimpleApplication@52901553
----------------- Done invoking toplevel() on ptolemy.moml.MoMLSimpleApplication@52901553
reloadAllAccessors: .SequenceToArray2

===========================================================================================
----------------- testing Mon Jun 04 21:46:51 UTC 2018 /home/travis/build/icyphy/ptII/ptolemy/actor/lib/test/auto/SequentialClock.xml
----------------- Instantiating /home/travis/build/icyphy/ptII/ptolemy/actor/lib/test/auto/SequentialClock.xml
1 ms. Memory: 1786368K Free: 683400K (38%)
----------------- Invoking toplevel() on ptolemy.moml.MoMLSimpleApplication@1f128d69
----------------- Done invoking toplevel() on ptolemy.moml.MoMLSimpleApplication@1f128d69
reloadAllAccessors: .SequentialClock

===========================================================================================
----------------- testing Mon Jun 04 21:46:51 UTC 2018 /home/travis/build/icyphy/ptII/ptolemy/actor/lib/test/auto/SetVariable.xml
----------------- Instantiating /home/travis/build/icyphy/ptII/ptolemy/actor/lib/test/auto/SetVariable.xml
3 ms. Memory: 1786368K Free: 666698K (37%)
----------------- Invoking toplevel() on ptolemy.moml.MoMLSimpleApplication@6219f198
----------------- Done invoking toplevel() on ptolemy.moml.MoMLSimpleApplication@6219f198
reloadAllAccessors: .SetVariable

===========================================================================================
----------------- testing Mon Jun 04 21:46:51 UTC 2018 /home/travis/build/icyphy/ptII/ptolemy/actor/lib/test/auto/SetVariable2.xml
----------------- Instantiating /home/travis/build/icyphy/ptII/ptolemy/actor/lib/test/auto/SetVariable2.xml
1 ms. Memory: 1786368K Free: 649997K (36%)
----------------- Invoking toplevel() on ptolemy.moml.MoMLSimpleApplication@7d109792
----------------- Done invoking toplevel() on ptolemy.moml.MoMLSimpleApplication@7d109792
reloadAllAccessors: .SetVariable2

===========================================================================================
----------------- testing Mon Jun 04 21:46:51 UTC 2018 /home/travis/build/icyphy/ptII/ptolemy/actor/lib/test/auto/SetVariable3.xml
----------------- Instantiating /home/travis/build/icyphy/ptII/ptolemy/actor/lib/test/auto/SetVariable3.xml
9 ms. Memory: 1786368K Free: 627361K (35%)
----------------- Invoking toplevel() on ptolemy.moml.MoMLSimpleApplication@320c8181
----------------- Done invoking toplevel() on ptolemy.moml.MoMLSimpleApplication@320c8181
reloadAllAccessors: .SetVariable3

===========================================================================================
----------------- testing Mon Jun 04 21:46:51 UTC 2018 /home/travis/build/icyphy/ptII/ptolemy/actor/lib/test/auto/SetVariable4.xml
----------------- Instantiating /home/travis/build/icyphy/ptII/ptolemy/actor/lib/test/auto/SetVariable4.xml
15 ms. Memory: 1786368K Free: 552204K (31%)
----------------- Invoking toplevel() on ptolemy.moml.MoMLSimpleApplication@1bb4af37
----------------- Done invoking toplevel() on ptolemy.moml.MoMLSimpleApplication@1bb4af37
reloadAllAccessors: .SetVariable4

===========================================================================================
----------------- testing Mon Jun 04 21:46:51 UTC 2018 /home/travis/build/icyphy/ptII/ptolemy/actor/lib/test/auto/SetVariable5.xml
----------------- Instantiating /home/travis/build/icyphy/ptII/ptolemy/actor/lib/test/auto/SetVariable5.xml
13 ms. Memory: 1786368K Free: 529568K (30%)
----------------- Invoking toplevel() on ptolemy.moml.MoMLSimpleApplication@b94ee18
----------------- Done invoking toplevel() on ptolemy.moml.MoMLSimpleApplication@b94ee18
reloadAllAccessors: .SetVariable5

===========================================================================================
----------------- testing Mon Jun 04 21:46:51 UTC 2018 /home/travis/build/icyphy/ptII/ptolemy/actor/lib/test/auto/Sinewave.xml
----------------- Instantiating /home/travis/build/icyphy/ptII/ptolemy/actor/lib/test/auto/Sinewave.xml
4 ms. Memory: 1786368K Free: 504499K (28%)
----------------- Invoking toplevel() on ptolemy.moml.MoMLSimpleApplication@5548c8b6
----------------- Done invoking toplevel() on ptolemy.moml.MoMLSimpleApplication@5548c8b6
reloadAllAccessors: .Sinewave

===========================================================================================
----------------- testing Mon Jun 04 21:46:51 UTC 2018 /home/travis/build/icyphy/ptII/ptolemy/actor/lib/test/auto/Sinewave2.xml
----------------- Instantiating /home/travis/build/icyphy/ptII/ptolemy/actor/lib/test/auto/Sinewave2.xml
7 ms. Memory: 1786368K Free: 487798K (27%)
----------------- Invoking toplevel() on ptolemy.moml.MoMLSimpleApplication@3e6d200a
----------------- Done invoking toplevel() on ptolemy.moml.MoMLSimpleApplication@3e6d200a
reloadAllAccessors: .Sinewave2

===========================================================================================
----------------- testing Mon Jun 04 21:46:51 UTC 2018 /home/travis/build/icyphy/ptII/ptolemy/actor/lib/test/auto/Sinewave3.xml
----------------- Instantiating /home/travis/build/icyphy/ptII/ptolemy/actor/lib/test/auto/Sinewave3.xml
6 ms. Memory: 1786368K Free: 465162K (26%)
----------------- Invoking toplevel() on ptolemy.moml.MoMLSimpleApplication@3a65739e
----------------- Done invoking toplevel() on ptolemy.moml.MoMLSimpleApplication@3a65739e
reloadAllAccessors: .Sinewave3

===========================================================================================
----------------- testing Mon Jun 04 21:46:51 UTC 2018 /home/travis/build/icyphy/ptII/ptolemy/actor/lib/test/auto/SingleEvent.xml
----------------- Instantiating /home/travis/build/icyphy/ptII/ptolemy/actor/lib/test/auto/SingleEvent.xml
1 ms. Memory: 1786368K Free: 448461K (25%)
----------------- Invoking toplevel() on ptolemy.moml.MoMLSimpleApplication@7f3b38f0
----------------- Done invoking toplevel() on ptolemy.moml.MoMLSimpleApplication@7f3b38f0
reloadAllAccessors: .SingleEvent

===========================================================================================
----------------- testing Mon Jun 04 21:46:51 UTC 2018 /home/travis/build/icyphy/ptII/ptolemy/actor/lib/test/auto/Sleep.xml
----------------- Instantiating /home/travis/build/icyphy/ptII/ptolemy/actor/lib/test/auto/Sleep.xml
6003 ms. Memory: 1786368K Free: 425825K (24%)
----------------- Invoking toplevel() on ptolemy.moml.MoMLSimpleApplication@64c6921f
----------------- Done invoking toplevel() on ptolemy.moml.MoMLSimpleApplication@64c6921f
reloadAllAccessors: .Sleep

===========================================================================================
----------------- testing Mon Jun 04 21:46:57 UTC 2018 /home/travis/build/icyphy/ptII/ptolemy/actor/lib/test/auto/SleepMultipleFire.xml
----------------- Instantiating /home/travis/build/icyphy/ptII/ptolemy/actor/lib/test/auto/SleepMultipleFire.xml
1004 ms. Memory: 1786368K Free: 409123K (23%)
----------------- Invoking toplevel() on ptolemy.moml.MoMLSimpleApplication@c002eb
----------------- Done invoking toplevel() on ptolemy.moml.MoMLSimpleApplication@c002eb
reloadAllAccessors: .SleepMultipleFire

===========================================================================================
----------------- testing Mon Jun 04 21:46:58 UTC 2018 /home/travis/build/icyphy/ptII/ptolemy/actor/lib/test/auto/StopDE.xml
----------------- Instantiating /home/travis/build/icyphy/ptII/ptolemy/actor/lib/test/auto/StopDE.xml
2 ms. Memory: 1786368K Free: 386487K (22%)
----------------- Invoking toplevel() on ptolemy.moml.MoMLSimpleApplication@6b894b03
----------------- Done invoking toplevel() on ptolemy.moml.MoMLSimpleApplication@6b894b03
reloadAllAccessors: .StopDE

===========================================================================================
----------------- testing Mon Jun 04 21:46:58 UTC 2018 /home/travis/build/icyphy/ptII/ptolemy/actor/lib/test/auto/StopSDF.xml
----------------- Instantiating /home/travis/build/icyphy/ptII/ptolemy/actor/lib/test/auto/StopSDF.xml
2 ms. Memory: 1786368K Free: 369786K (21%)
----------------- Invoking toplevel() on ptolemy.moml.MoMLSimpleApplication@72f8ca95
----------------- Done invoking toplevel() on ptolemy.moml.MoMLSimpleApplication@72f8ca95
reloadAllAccessors: .StopSDF

===========================================================================================
----------------- testing Mon Jun 04 21:46:58 UTC 2018 /home/travis/build/icyphy/ptII/ptolemy/actor/lib/test/auto/StringConstant.xml
----------------- Instantiating /home/travis/build/icyphy/ptII/ptolemy/actor/lib/test/auto/StringConstant.xml
1 ms. Memory: 1786368K Free: 353084K (20%)
----------------- Invoking toplevel() on ptolemy.moml.MoMLSimpleApplication@768ae1b4
----------------- Done invoking toplevel() on ptolemy.moml.MoMLSimpleApplication@768ae1b4
reloadAllAccessors: .StringConstant

===========================================================================================
----------------- testing Mon Jun 04 21:46:58 UTC 2018 /home/travis/build/icyphy/ptII/ptolemy/actor/lib/test/auto/SubscriberPortInitialValues1.xml
----------------- Instantiating /home/travis/build/icyphy/ptII/ptolemy/actor/lib/test/auto/SubscriberPortInitialValues1.xml
5 ms. Memory: 1786368K Free: 330448K (18%)
----------------- Invoking toplevel() on ptolemy.moml.MoMLSimpleApplication@ba4057
----------------- Done invoking toplevel() on ptolemy.moml.MoMLSimpleApplication@ba4057
reloadAllAccessors: .SubscriberPortInitialValues1

===========================================================================================
----------------- testing Mon Jun 04 21:46:58 UTC 2018 /home/travis/build/icyphy/ptII/ptolemy/actor/lib/test/auto/SubscriberPortInitialValues13.xml
----------------- Instantiating /home/travis/build/icyphy/ptII/ptolemy/actor/lib/test/auto/SubscriberPortInitialValues13.xml
4 ms. Memory: 1786368K Free: 305380K (17%)
----------------- Invoking toplevel() on ptolemy.moml.MoMLSimpleApplication@99a78ea
----------------- Done invoking toplevel() on ptolemy.moml.MoMLSimpleApplication@99a78ea
reloadAllAccessors: .SubscriberPortInitialValues13

===========================================================================================
----------------- testing Mon Jun 04 21:46:58 UTC 2018 /home/travis/build/icyphy/ptII/ptolemy/actor/lib/test/auto/SubscriberPortInitialValues14.xml
----------------- Instantiating /home/travis/build/icyphy/ptII/ptolemy/actor/lib/test/auto/SubscriberPortInitialValues14.xml
3 ms. Memory: 1786368K Free: 282744K (16%)
----------------- Invoking toplevel() on ptolemy.moml.MoMLSimpleApplication@77f3aa3d
----------------- Done invoking toplevel() on ptolemy.moml.MoMLSimpleApplication@77f3aa3d
reloadAllAccessors: .SubscriberPortInitialValues14

===========================================================================================
----------------- testing Mon Jun 04 21:46:58 UTC 2018 /home/travis/build/icyphy/ptII/ptolemy/actor/lib/test/auto/SubscriberPortInitialValues2.xml
----------------- Instantiating /home/travis/build/icyphy/ptII/ptolemy/actor/lib/test/auto/SubscriberPortInitialValues2.xml
3 ms. Memory: 1786368K Free: 266043K (15%)
----------------- Invoking toplevel() on ptolemy.moml.MoMLSimpleApplication@3b930df0
----------------- Done invoking toplevel() on ptolemy.moml.MoMLSimpleApplication@3b930df0
reloadAllAccessors: .SubscriberPortInitialValues2

===========================================================================================
----------------- testing Mon Jun 04 21:46:58 UTC 2018 /home/travis/build/icyphy/ptII/ptolemy/actor/lib/test/auto/SubscriberPortInitialValues3.xml
----------------- Instantiating /home/travis/build/icyphy/ptII/ptolemy/actor/lib/test/auto/SubscriberPortInitialValues3.xml
3 ms. Memory: 1786368K Free: 249341K (14%)
----------------- Invoking toplevel() on ptolemy.moml.MoMLSimpleApplication@1543f060
----------------- Done invoking toplevel() on ptolemy.moml.MoMLSimpleApplication@1543f060
reloadAllAccessors: .SubscriberPortInitialValues3

===========================================================================================
----------------- testing Mon Jun 04 21:46:58 UTC 2018 /home/travis/build/icyphy/ptII/ptolemy/actor/lib/test/auto/SubscriptionAggregator.xml
----------------- Instantiating /home/travis/build/icyphy/ptII/ptolemy/actor/lib/test/auto/SubscriptionAggregator.xml
2 ms. Memory: 1786368K Free: 226705K (13%)
----------------- Invoking toplevel() on ptolemy.moml.MoMLSimpleApplication@e96dc1a
----------------- Done invoking toplevel() on ptolemy.moml.MoMLSimpleApplication@e96dc1a
reloadAllAccessors: .SubscriptionAggregator

===========================================================================================
----------------- testing Mon Jun 04 21:46:58 UTC 2018 /home/travis/build/icyphy/ptII/ptolemy/actor/lib/test/auto/SubscriptionAggregator2.xml
----------------- Instantiating /home/travis/build/icyphy/ptII/ptolemy/actor/lib/test/auto/SubscriptionAggregator2.xml
2 ms. Memory: 1786368K Free: 210004K (12%)
----------------- Invoking toplevel() on ptolemy.moml.MoMLSimpleApplication@2704b3f0
----------------- Done invoking toplevel() on ptolemy.moml.MoMLSimpleApplication@2704b3f0
reloadAllAccessors: .SubscriptionAggregator2

===========================================================================================
----------------- testing Mon Jun 04 21:46:58 UTC 2018 /home/travis/build/icyphy/ptII/ptolemy/actor/lib/test/auto/SubscriptionAggregator3.xml
----------------- Instantiating /home/travis/build/icyphy/ptII/ptolemy/actor/lib/test/auto/SubscriptionAggregator3.xml
3 ms. Memory: 1786368K Free: 187368K (10%)
----------------- Invoking toplevel() on ptolemy.moml.MoMLSimpleApplication@418e1754
----------------- Done invoking toplevel() on ptolemy.moml.MoMLSimpleApplication@418e1754
reloadAllAccessors: .SubscriptionAggregator3

===========================================================================================
----------------- testing Mon Jun 04 21:46:58 UTC 2018 /home/travis/build/icyphy/ptII/ptolemy/actor/lib/test/auto/SubscriptionAggregatorMultiply.xml
----------------- Instantiating /home/travis/build/icyphy/ptII/ptolemy/actor/lib/test/auto/SubscriptionAggregatorMultiply.xml
3 ms. Memory: 1786368K Free: 170666K (10%)
----------------- Invoking toplevel() on ptolemy.moml.MoMLSimpleApplication@7820cad4
----------------- Done invoking toplevel() on ptolemy.moml.MoMLSimpleApplication@7820cad4
reloadAllAccessors: .SubscriptionAggregatorMultiply

===========================================================================================
----------------- testing Mon Jun 04 21:46:59 UTC 2018 /home/travis/build/icyphy/ptII/ptolemy/actor/lib/test/auto/SubscriptionAggregatorPortMultiply1.xml
----------------- Instantiating /home/travis/build/icyphy/ptII/ptolemy/actor/lib/test/auto/SubscriptionAggregatorPortMultiply1.xml
3 ms. Memory: 1786368K Free: 148030K (8%)
----------------- Invoking toplevel() on ptolemy.moml.MoMLSimpleApplication@4a2d58a4
----------------- Done invoking toplevel() on ptolemy.moml.MoMLSimpleApplication@4a2d58a4
reloadAllAccessors: .SubscriptionAggregatorPortMultiply1

===========================================================================================
----------------- testing Mon Jun 04 21:46:59 UTC 2018 /home/travis/build/icyphy/ptII/ptolemy/actor/lib/test/auto/Switch.xml
----------------- Instantiating /home/travis/build/icyphy/ptII/ptolemy/actor/lib/test/auto/Switch.xml
3 ms. Memory: 1786368K Free: 81224K (5%)
----------------- Invoking toplevel() on ptolemy.moml.MoMLSimpleApplication@17f009dd
----------------- Done invoking toplevel() on ptolemy.moml.MoMLSimpleApplication@17f009dd
reloadAllAccessors: .Switch

===========================================================================================
----------------- testing Mon Jun 04 21:46:59 UTC 2018 /home/travis/build/icyphy/ptII/ptolemy/actor/lib/test/auto/Switch2.xml
----------------- Instantiating /home/travis/build/icyphy/ptII/ptolemy/actor/lib/test/auto/Switch2.xml
7 ms. Memory: 1787392K Free: 1743387K (98%)
----------------- Invoking toplevel() on ptolemy.moml.MoMLSimpleApplication@3951a1de
----------------- Done invoking toplevel() on ptolemy.moml.MoMLSimpleApplication@3951a1de
reloadAllAccessors: .Switch2

===========================================================================================
----------------- testing Mon Jun 04 21:46:59 UTC 2018 /home/travis/build/icyphy/ptII/ptolemy/actor/lib/test/auto/SwitchDE.xml
----------------- Instantiating /home/travis/build/icyphy/ptII/ptolemy/actor/lib/test/auto/SwitchDE.xml
3 ms. Memory: 1787392K Free: 1717817K (96%)
----------------- Invoking toplevel() on ptolemy.moml.MoMLSimpleApplication@2672f7b7
----------------- Done invoking toplevel() on ptolemy.moml.MoMLSimpleApplication@2672f7b7
reloadAllAccessors: .SwitchDE

===========================================================================================
----------------- testing Mon Jun 04 21:46:59 UTC 2018 /home/travis/build/icyphy/ptII/ptolemy/actor/lib/test/auto/SynchronizerDE.xml
----------------- Instantiating /home/travis/build/icyphy/ptII/ptolemy/actor/lib/test/auto/SynchronizerDE.xml
7 ms. Memory: 1787392K Free: 1696423K (95%)
----------------- Invoking toplevel() on ptolemy.moml.MoMLSimpleApplication@354fd7ba
----------------- Done invoking toplevel() on ptolemy.moml.MoMLSimpleApplication@354fd7ba
reloadAllAccessors: .SynchronizerDE

===========================================================================================
----------------- testing Mon Jun 04 21:46:59 UTC 2018 /home/travis/build/icyphy/ptII/ptolemy/actor/lib/test/auto/Test.xml
----------------- Instantiating /home/travis/build/icyphy/ptII/ptolemy/actor/lib/test/auto/Test.xml
2 ms. Memory: 1787392K Free: 1679721K (94%)
----------------- Invoking toplevel() on ptolemy.moml.MoMLSimpleApplication@66cecd5c
----------------- Done invoking toplevel() on ptolemy.moml.MoMLSimpleApplication@66cecd5c
reloadAllAccessors: .Test

===========================================================================================
----------------- testing Mon Jun 04 21:46:59 UTC 2018 /home/travis/build/icyphy/ptII/ptolemy/actor/lib/test/auto/TestExceptionAttribute1.xml
----------------- Instantiating /home/travis/build/icyphy/ptII/ptolemy/actor/lib/test/auto/TestExceptionAttribute1.xml
1 ms. Memory: 1787392K Free: 1658327K (93%)
----------------- Invoking toplevel() on ptolemy.moml.MoMLSimpleApplication@4119aefa
----------------- Done invoking toplevel() on ptolemy.moml.MoMLSimpleApplication@4119aefa
reloadAllAccessors: .TestExceptionAttribute1

===========================================================================================
----------------- testing Mon Jun 04 21:46:59 UTC 2018 /home/travis/build/icyphy/ptII/ptolemy/actor/lib/test/auto/TestExceptionAttribute2.xml
----------------- Instantiating /home/travis/build/icyphy/ptII/ptolemy/actor/lib/test/auto/TestExceptionAttribute2.xml
1 ms. Memory: 1787392K Free: 1641625K (92%)
----------------- Invoking toplevel() on ptolemy.moml.MoMLSimpleApplication@1b53382a
----------------- Done invoking toplevel() on ptolemy.moml.MoMLSimpleApplication@1b53382a
reloadAllAccessors: .TestExceptionAttribute2

===========================================================================================
----------------- testing Mon Jun 04 21:46:59 UTC 2018 /home/travis/build/icyphy/ptII/ptolemy/actor/lib/test/auto/TestExceptionAttribute3.xml
----------------- Instantiating /home/travis/build/icyphy/ptII/ptolemy/actor/lib/test/auto/TestExceptionAttribute3.xml
.TestExceptionAttribute3.TestExceptionAttribute: initialize() was not invoked, but wrapup() was.  This is unusual, but not always a problem.  For example, exporting JNLP will do this.
1 ms. Memory: 1787392K Free: 1620231K (91%)
----------------- Invoking toplevel() on ptolemy.moml.MoMLSimpleApplication@3073c7cf
----------------- Done invoking toplevel() on ptolemy.moml.MoMLSimpleApplication@3073c7cf
reloadAllAccessors: .TestExceptionAttribute3

===========================================================================================
----------------- testing Mon Jun 04 21:46:59 UTC 2018 /home/travis/build/icyphy/ptII/ptolemy/actor/lib/test/auto/TestExceptionAttribute4.xml
----------------- Instantiating /home/travis/build/icyphy/ptII/ptolemy/actor/lib/test/auto/TestExceptionAttribute4.xml
.TestExceptionAttribute4.TestExceptionAttribute: initialize() was not invoked, but wrapup() was.  This is unusual, but not always a problem.  For example, exporting JNLP will do this.
.TestExceptionAttribute4.TestExceptionAttribute2: initialize() was not invoked, but wrapup() was.  This is unusual, but not always a problem.  For example, exporting JNLP will do this.
1 ms. Memory: 1787392K Free: 1603529K (90%)
----------------- Invoking toplevel() on ptolemy.moml.MoMLSimpleApplication@1a9762c9
----------------- Done invoking toplevel() on ptolemy.moml.MoMLSimpleApplication@1a9762c9
reloadAllAccessors: .TestExceptionAttribute4

===========================================================================================
----------------- testing Mon Jun 04 21:46:59 UTC 2018 /home/travis/build/icyphy/ptII/ptolemy/actor/lib/test/auto/TestExceptionHandler1.xml
----------------- Instantiating /home/travis/build/icyphy/ptII/ptolemy/actor/lib/test/auto/TestExceptionHandler1.xml
0 ms. Memory: 1787392K Free: 1582135K (89%)
----------------- Invoking toplevel() on ptolemy.moml.MoMLSimpleApplication@2f456695
----------------- Done invoking toplevel() on ptolemy.moml.MoMLSimpleApplication@2f456695
reloadAllAccessors: .TestExceptionHandler1

===========================================================================================
----------------- testing Mon Jun 04 21:46:59 UTC 2018 /home/travis/build/icyphy/ptII/ptolemy/actor/lib/test/auto/TestExceptionHandler2.xml
----------------- Instantiating /home/travis/build/icyphy/ptII/ptolemy/actor/lib/test/auto/TestExceptionHandler2.xml
1 ms. Memory: 1787392K Free: 1565433K (88%)
----------------- Invoking toplevel() on ptolemy.moml.MoMLSimpleApplication@7a5ef56d
----------------- Done invoking toplevel() on ptolemy.moml.MoMLSimpleApplication@7a5ef56d
reloadAllAccessors: .TestExceptionHandler2

===========================================================================================
----------------- testing Mon Jun 04 21:46:59 UTC 2018 /home/travis/build/icyphy/ptII/ptolemy/actor/lib/test/auto/TestExceptionHandler3.xml
----------------- Instantiating /home/travis/build/icyphy/ptII/ptolemy/actor/lib/test/auto/TestExceptionHandler3.xml
1 ms. Memory: 1787392K Free: 1544039K (86%)
----------------- Invoking toplevel() on ptolemy.moml.MoMLSimpleApplication@303c394d
----------------- Done invoking toplevel() on ptolemy.moml.MoMLSimpleApplication@303c394d
reloadAllAccessors: .TestExceptionHandler3

===========================================================================================
----------------- testing Mon Jun 04 21:46:59 UTC 2018 /home/travis/build/icyphy/ptII/ptolemy/actor/lib/test/auto/TestExceptionHandler4.xml
----------------- Instantiating /home/travis/build/icyphy/ptII/ptolemy/actor/lib/test/auto/TestExceptionHandler4.xml
1 ms. Memory: 1787392K Free: 1527337K (85%)
----------------- Invoking toplevel() on ptolemy.moml.MoMLSimpleApplication@67485cf6
----------------- Done invoking toplevel() on ptolemy.moml.MoMLSimpleApplication@67485cf6
reloadAllAccessors: .TestExceptionHandler4

===========================================================================================
----------------- testing Mon Jun 04 21:46:59 UTC 2018 /home/travis/build/icyphy/ptII/ptolemy/actor/lib/test/auto/TestRequireCorrectOrder.xml
----------------- Instantiating /home/travis/build/icyphy/ptII/ptolemy/actor/lib/test/auto/TestRequireCorrectOrder.xml
2 ms. Memory: 1787392K Free: 1505942K (84%)
----------------- Invoking toplevel() on ptolemy.moml.MoMLSimpleApplication@594cb210
----------------- Done invoking toplevel() on ptolemy.moml.MoMLSimpleApplication@594cb210
reloadAllAccessors: .TestRequireCorrectOrder

===========================================================================================
----------------- testing Mon Jun 04 21:46:59 UTC 2018 /home/travis/build/icyphy/ptII/ptolemy/actor/lib/test/auto/TestSimple.xml
----------------- Instantiating /home/travis/build/icyphy/ptII/ptolemy/actor/lib/test/auto/TestSimple.xml
1 ms. Memory: 1787392K Free: 1489241K (83%)
----------------- Invoking toplevel() on ptolemy.moml.MoMLSimpleApplication@4df17d0b
----------------- Done invoking toplevel() on ptolemy.moml.MoMLSimpleApplication@4df17d0b
reloadAllAccessors: .TestSimple

===========================================================================================
----------------- testing Mon Jun 04 21:46:59 UTC 2018 /home/travis/build/icyphy/ptII/ptolemy/actor/lib/test/auto/ThrowModelError.xml
----------------- Instantiating /home/travis/build/icyphy/ptII/ptolemy/actor/lib/test/auto/ThrowModelError.xml
1 ms. Memory: 1787392K Free: 1467846K (82%)
----------------- Invoking toplevel() on ptolemy.moml.MoMLSimpleApplication@2f2d5958
----------------- Done invoking toplevel() on ptolemy.moml.MoMLSimpleApplication@2f2d5958
reloadAllAccessors: .ThrowModelError

===========================================================================================
----------------- testing Mon Jun 04 21:46:59 UTC 2018 /home/travis/build/icyphy/ptII/ptolemy/actor/lib/test/auto/TimeDelayMicrosteps.xml
----------------- Instantiating /home/travis/build/icyphy/ptII/ptolemy/actor/lib/test/auto/TimeDelayMicrosteps.xml
2 ms. Memory: 1787392K Free: 1451145K (81%)
----------------- Invoking toplevel() on ptolemy.moml.MoMLSimpleApplication@571c9ed0
----------------- Done invoking toplevel() on ptolemy.moml.MoMLSimpleApplication@571c9ed0
reloadAllAccessors: .TimeDelayMicrosteps

===========================================================================================
----------------- testing Mon Jun 04 21:46:59 UTC 2018 /home/travis/build/icyphy/ptII/ptolemy/actor/lib/test/auto/TimeDelayMicrosteps2.xml
----------------- Instantiating /home/travis/build/icyphy/ptII/ptolemy/actor/lib/test/auto/TimeDelayMicrosteps2.xml
3 ms. Memory: 1787392K Free: 1429751K (80%)
----------------- Invoking toplevel() on ptolemy.moml.MoMLSimpleApplication@247968cf
----------------- Done invoking toplevel() on ptolemy.moml.MoMLSimpleApplication@247968cf
reloadAllAccessors: .TimeDelayMicrosteps2

===========================================================================================
----------------- testing Mon Jun 04 21:46:59 UTC 2018 /home/travis/build/icyphy/ptII/ptolemy/actor/lib/test/auto/TimeDelayMicrosteps3.xml
----------------- Instantiating /home/travis/build/icyphy/ptII/ptolemy/actor/lib/test/auto/TimeDelayMicrosteps3.xml
3 ms. Memory: 1787392K Free: 1408356K (79%)
----------------- Invoking toplevel() on ptolemy.moml.MoMLSimpleApplication@51dba2d9
----------------- Done invoking toplevel() on ptolemy.moml.MoMLSimpleApplication@51dba2d9
reloadAllAccessors: .TimeDelayMicrosteps3

===========================================================================================
----------------- testing Mon Jun 04 21:46:59 UTC 2018 /home/travis/build/icyphy/ptII/ptolemy/actor/lib/test/auto/TimeDelayVariableMicrosteps.xml
----------------- Instantiating /home/travis/build/icyphy/ptII/ptolemy/actor/lib/test/auto/TimeDelayVariableMicrosteps.xml
3 ms. Memory: 1787392K Free: 1391654K (78%)
----------------- Invoking toplevel() on ptolemy.moml.MoMLSimpleApplication@33469dae
----------------- Done invoking toplevel() on ptolemy.moml.MoMLSimpleApplication@33469dae
reloadAllAccessors: .TimeDelayVariableMicrosteps

===========================================================================================
----------------- testing Mon Jun 04 21:46:59 UTC 2018 /home/travis/build/icyphy/ptII/ptolemy/actor/lib/test/auto/TimeGap.xml
----------------- Instantiating /home/travis/build/icyphy/ptII/ptolemy/actor/lib/test/auto/TimeGap.xml
3 ms. Memory: 1787392K Free: 1370260K (77%)
----------------- Invoking toplevel() on ptolemy.moml.MoMLSimpleApplication@26ac2e46
----------------- Done invoking toplevel() on ptolemy.moml.MoMLSimpleApplication@26ac2e46
reloadAllAccessors: .TimeGap

===========================================================================================
----------------- testing Mon Jun 04 21:46:59 UTC 2018 /home/travis/build/icyphy/ptII/ptolemy/actor/lib/test/auto/TimeGap2.xml
----------------- Instantiating /home/travis/build/icyphy/ptII/ptolemy/actor/lib/test/auto/TimeGap2.xml
2 ms. Memory: 1787392K Free: 1353558K (76%)
----------------- Invoking toplevel() on ptolemy.moml.MoMLSimpleApplication@76ccb559
----------------- Done invoking toplevel() on ptolemy.moml.MoMLSimpleApplication@76ccb559
reloadAllAccessors: .TimeGap2

===========================================================================================
----------------- testing Mon Jun 04 21:46:59 UTC 2018 /home/travis/build/icyphy/ptII/ptolemy/actor/lib/test/auto/TimedSinewave.xml
----------------- Instantiating /home/travis/build/icyphy/ptII/ptolemy/actor/lib/test/auto/TimedSinewave.xml
32 ms. Memory: 1787392K Free: 1323797K (74%)
----------------- Invoking toplevel() on ptolemy.moml.MoMLSimpleApplication@27521e48
----------------- Done invoking toplevel() on ptolemy.moml.MoMLSimpleApplication@27521e48
reloadAllAccessors: .TimedSinewave

===========================================================================================
----------------- testing Mon Jun 04 21:46:59 UTC 2018 /home/travis/build/icyphy/ptII/ptolemy/actor/lib/test/auto/TimedSinewavePhase.xml
----------------- Instantiating /home/travis/build/icyphy/ptII/ptolemy/actor/lib/test/auto/TimedSinewavePhase.xml
7 ms. Memory: 1787392K Free: 1307034K (73%)
----------------- Invoking toplevel() on ptolemy.moml.MoMLSimpleApplication@6c02a45d
----------------- Done invoking toplevel() on ptolemy.moml.MoMLSimpleApplication@6c02a45d
reloadAllAccessors: .TimedSinewavePhase

===========================================================================================
----------------- testing Mon Jun 04 21:46:59 UTC 2018 /home/travis/build/icyphy/ptII/ptolemy/actor/lib/test/auto/Timer.xml
----------------- Instantiating /home/travis/build/icyphy/ptII/ptolemy/actor/lib/test/auto/Timer.xml
2 ms. Memory: 1787392K Free: 1285639K (72%)
----------------- Invoking toplevel() on ptolemy.moml.MoMLSimpleApplication@117540ba
----------------- Done invoking toplevel() on ptolemy.moml.MoMLSimpleApplication@117540ba
reloadAllAccessors: .Timer

===========================================================================================
----------------- testing Mon Jun 04 21:46:59 UTC 2018 /home/travis/build/icyphy/ptII/ptolemy/actor/lib/test/auto/TriangularDistTestModel.xml
----------------- Instantiating /home/travis/build/icyphy/ptII/ptolemy/actor/lib/test/auto/TriangularDistTestModel.xml
2 ms. Memory: 1787392K Free: 1268938K (71%)
----------------- Invoking toplevel() on ptolemy.moml.MoMLSimpleApplication@f93e193
----------------- Done invoking toplevel() on ptolemy.moml.MoMLSimpleApplication@f93e193
reloadAllAccessors: .TriangularDistTestModel

===========================================================================================
----------------- testing Mon Jun 04 21:46:59 UTC 2018 /home/travis/build/icyphy/ptII/ptolemy/actor/lib/test/auto/TrigFunction.xml
----------------- Instantiating /home/travis/build/icyphy/ptII/ptolemy/actor/lib/test/auto/TrigFunction.xml
1 ms. Memory: 1787392K Free: 1247543K (70%)
----------------- Invoking toplevel() on ptolemy.moml.MoMLSimpleApplication@1ce73c58
----------------- Done invoking toplevel() on ptolemy.moml.MoMLSimpleApplication@1ce73c58
reloadAllAccessors: .TrigFunction

===========================================================================================
----------------- testing Mon Jun 04 21:46:59 UTC 2018 /home/travis/build/icyphy/ptII/ptolemy/actor/lib/test/auto/TrigFunctionDE.xml
----------------- Instantiating /home/travis/build/icyphy/ptII/ptolemy/actor/lib/test/auto/TrigFunctionDE.xml
2 ms. Memory: 1787392K Free: 1230842K (69%)
----------------- Invoking toplevel() on ptolemy.moml.MoMLSimpleApplication@5dc030a9
----------------- Done invoking toplevel() on ptolemy.moml.MoMLSimpleApplication@5dc030a9
reloadAllAccessors: .TrigFunctionDE

===========================================================================================
----------------- testing Mon Jun 04 21:46:59 UTC 2018 /home/travis/build/icyphy/ptII/ptolemy/actor/lib/test/auto/TrigFunctionInverse.xml
----------------- Instantiating /home/travis/build/icyphy/ptII/ptolemy/actor/lib/test/auto/TrigFunctionInverse.xml
1 ms. Memory: 1787392K Free: 1209447K (68%)
----------------- Invoking toplevel() on ptolemy.moml.MoMLSimpleApplication@223808cf
----------------- Done invoking toplevel() on ptolemy.moml.MoMLSimpleApplication@223808cf
reloadAllAccessors: .TrigFunctionInverse

===========================================================================================
----------------- testing Mon Jun 04 21:46:59 UTC 2018 /home/travis/build/icyphy/ptII/ptolemy/actor/lib/test/auto/TrigFunctionTan.xml
----------------- Instantiating /home/travis/build/icyphy/ptII/ptolemy/actor/lib/test/auto/TrigFunctionTan.xml
1 ms. Memory: 1787392K Free: 1192746K (67%)
----------------- Invoking toplevel() on ptolemy.moml.MoMLSimpleApplication@5be8e0d
----------------- Done invoking toplevel() on ptolemy.moml.MoMLSimpleApplication@5be8e0d
reloadAllAccessors: .TrigFunctionTan

===========================================================================================
----------------- testing Mon Jun 04 21:46:59 UTC 2018 /home/travis/build/icyphy/ptII/ptolemy/actor/lib/test/auto/TriggeredClock.xml
----------------- Instantiating /home/travis/build/icyphy/ptII/ptolemy/actor/lib/test/auto/TriggeredClock.xml
2 ms. Memory: 1787392K Free: 1171351K (66%)
----------------- Invoking toplevel() on ptolemy.moml.MoMLSimpleApplication@653c4cef
----------------- Done invoking toplevel() on ptolemy.moml.MoMLSimpleApplication@653c4cef
reloadAllAccessors: .TriggeredClock

===========================================================================================
----------------- testing Mon Jun 04 21:46:59 UTC 2018 /home/travis/build/icyphy/ptII/ptolemy/actor/lib/test/auto/URLDirectoryReader.xml
----------------- Instantiating /home/travis/build/icyphy/ptII/ptolemy/actor/lib/test/auto/URLDirectoryReader.xml
31 ms. Memory: 1787392K Free: 1154649K (65%)
----------------- Invoking toplevel() on ptolemy.moml.MoMLSimpleApplication@fe554e4
----------------- Done invoking toplevel() on ptolemy.moml.MoMLSimpleApplication@fe554e4
reloadAllAccessors: .URLDirectoryReader

===========================================================================================
----------------- testing Mon Jun 04 21:46:59 UTC 2018 /home/travis/build/icyphy/ptII/ptolemy/actor/lib/test/auto/URLDirectoryReader3.xml
----------------- Instantiating /home/travis/build/icyphy/ptII/ptolemy/actor/lib/test/auto/URLDirectoryReader3.xml
1098 ms. Memory: 1787392K Free: 1091501K (61%)
----------------- Invoking toplevel() on ptolemy.moml.MoMLSimpleApplication@6fef7ce6
----------------- Done invoking toplevel() on ptolemy.moml.MoMLSimpleApplication@6fef7ce6
reloadAllAccessors: .URLDirectoryReader3

===========================================================================================
----------------- testing Mon Jun 04 21:47:00 UTC 2018 /home/travis/build/icyphy/ptII/ptolemy/actor/lib/test/auto/UnaryMathFunction.xml
----------------- Instantiating /home/travis/build/icyphy/ptII/ptolemy/actor/lib/test/auto/UnaryMathFunction.xml
10 ms. Memory: 1787392K Free: 1070106K (60%)
----------------- Invoking toplevel() on ptolemy.moml.MoMLSimpleApplication@76062c57
----------------- Done invoking toplevel() on ptolemy.moml.MoMLSimpleApplication@76062c57
reloadAllAccessors: .UnaryMathFunction

===========================================================================================
----------------- testing Mon Jun 04 21:47:01 UTC 2018 /home/travis/build/icyphy/ptII/ptolemy/actor/lib/test/auto/Uniform.xml
----------------- Instantiating /home/travis/build/icyphy/ptII/ptolemy/actor/lib/test/auto/Uniform.xml
1 ms. Memory: 1787392K Free: 1053405K (59%)
----------------- Invoking toplevel() on ptolemy.moml.MoMLSimpleApplication@697adf65
----------------- Done invoking toplevel() on ptolemy.moml.MoMLSimpleApplication@697adf65
reloadAllAccessors: .Uniform

===========================================================================================
----------------- testing Mon Jun 04 21:47:01 UTC 2018 /home/travis/build/icyphy/ptII/ptolemy/actor/lib/test/auto/UnionDisassemblerTest.xml
----------------- Instantiating /home/travis/build/icyphy/ptII/ptolemy/actor/lib/test/auto/UnionDisassemblerTest.xml
11 ms. Memory: 1787392K Free: 1032010K (58%)
----------------- Invoking toplevel() on ptolemy.moml.MoMLSimpleApplication@b599dd6
----------------- Done invoking toplevel() on ptolemy.moml.MoMLSimpleApplication@b599dd6
reloadAllAccessors: .UnionDisassemblerTest

===========================================================================================
----------------- testing Mon Jun 04 21:47:01 UTC 2018 /home/travis/build/icyphy/ptII/ptolemy/actor/lib/test/auto/UtilityFunctions.xml
----------------- Instantiating /home/travis/build/icyphy/ptII/ptolemy/actor/lib/test/auto/UtilityFunctions.xml
9 ms. Memory: 1787392K Free: 1015309K (57%)
----------------- Invoking toplevel() on ptolemy.moml.MoMLSimpleApplication@47316150
----------------- Done invoking toplevel() on ptolemy.moml.MoMLSimpleApplication@47316150
reloadAllAccessors: .UtilityFunctions

===========================================================================================
----------------- testing Mon Jun 04 21:47:01 UTC 2018 /home/travis/build/icyphy/ptII/ptolemy/actor/lib/test/auto/VariableSleep.xml
----------------- Instantiating /home/travis/build/icyphy/ptII/ptolemy/actor/lib/test/auto/VariableSleep.xml
503 ms. Memory: 1787392K Free: 993914K (56%)
----------------- Invoking toplevel() on ptolemy.moml.MoMLSimpleApplication@612f29d5
----------------- Done invoking toplevel() on ptolemy.moml.MoMLSimpleApplication@612f29d5
reloadAllAccessors: .VariableSleep

===========================================================================================
----------------- testing Mon Jun 04 21:47:01 UTC 2018 /home/travis/build/icyphy/ptII/ptolemy/actor/lib/test/auto/VectorAssemblerDisassemblerCT.xml
----------------- Instantiating /home/travis/build/icyphy/ptII/ptolemy/actor/lib/test/auto/VectorAssemblerDisassemblerCT.xml
70 ms. Memory: 1787392K Free: 960511K (54%)
----------------- Invoking toplevel() on ptolemy.moml.MoMLSimpleApplication@1dd2f34c
----------------- Done invoking toplevel() on ptolemy.moml.MoMLSimpleApplication@1dd2f34c
reloadAllAccessors: .VectorAssemblerDisassemblerCT

===========================================================================================
----------------- testing Mon Jun 04 21:47:01 UTC 2018 /home/travis/build/icyphy/ptII/ptolemy/actor/lib/test/auto/VectorAssemblerDisassemblerDE.xml
----------------- Instantiating /home/travis/build/icyphy/ptII/ptolemy/actor/lib/test/auto/VectorAssemblerDisassemblerDE.xml
2 ms. Memory: 1787392K Free: 939117K (53%)
----------------- Invoking toplevel() on ptolemy.moml.MoMLSimpleApplication@2ebcb7bf
----------------- Done invoking toplevel() on ptolemy.moml.MoMLSimpleApplication@2ebcb7bf
reloadAllAccessors: .VectorAssemblerDisassemblerDE

===========================================================================================
----------------- testing Mon Jun 04 21:47:01 UTC 2018 /home/travis/build/icyphy/ptII/ptolemy/actor/lib/test/auto/VectorAssemblerDisassemblerSDF.xml
----------------- Instantiating /home/travis/build/icyphy/ptII/ptolemy/actor/lib/test/auto/VectorAssemblerDisassemblerSDF.xml
2 ms. Memory: 1787392K Free: 922415K (52%)
----------------- Invoking toplevel() on ptolemy.moml.MoMLSimpleApplication@6e43ad1
----------------- Done invoking toplevel() on ptolemy.moml.MoMLSimpleApplication@6e43ad1
reloadAllAccessors: .VectorAssemblerDisassemblerSDF

===========================================================================================
----------------- testing Mon Jun 04 21:47:01 UTC 2018 /home/travis/build/icyphy/ptII/ptolemy/actor/lib/test/auto/WallClockTime.xml
----------------- Instantiating /home/travis/build/icyphy/ptII/ptolemy/actor/lib/test/auto/WallClockTime.xml
1004 ms. Memory: 1787392K Free: 901020K (50%)
----------------- Invoking toplevel() on ptolemy.moml.MoMLSimpleApplication@751627cd
----------------- Done invoking toplevel() on ptolemy.moml.MoMLSimpleApplication@751627cd
reloadAllAccessors: .WallClockTime

===========================================================================================
----------------- testing Mon Jun 04 21:47:02 UTC 2018 /home/travis/build/icyphy/ptII/ptolemy/actor/lib/test/auto/WidthTestWithSubscriberPublisher.xml
----------------- Instantiating /home/travis/build/icyphy/ptII/ptolemy/actor/lib/test/auto/WidthTestWithSubscriberPublisher.xml
7 ms. Memory: 1787392K Free: 875952K (49%)
----------------- Invoking toplevel() on ptolemy.moml.MoMLSimpleApplication@bcbfd60
----------------- Done invoking toplevel() on ptolemy.moml.MoMLSimpleApplication@bcbfd60
reloadAllAccessors: .WidthTestWithSubscriberPublisher

===========================================================================================
----------------- testing Mon Jun 04 21:47:02 UTC 2018 /home/travis/build/icyphy/ptII/ptolemy/actor/lib/test/auto/WidthTestWithSubscriberPublisher2.xml
----------------- Instantiating /home/travis/build/icyphy/ptII/ptolemy/actor/lib/test/auto/WidthTestWithSubscriberPublisher2.xml
2 ms. Memory: 1787392K Free: 854557K (48%)
----------------- Invoking toplevel() on ptolemy.moml.MoMLSimpleApplication@50a4a77d
----------------- Done invoking toplevel() on ptolemy.moml.MoMLSimpleApplication@50a4a77d
reloadAllAccessors: .WidthTestWithSubscriberPublisher2

===========================================================================================
----------------- testing Mon Jun 04 21:47:02 UTC 2018 /home/travis/build/icyphy/ptII/ptolemy/actor/lib/test/auto/WidthTestWithSubscriberPublisher3.xml
----------------- Instantiating /home/travis/build/icyphy/ptII/ptolemy/actor/lib/test/auto/WidthTestWithSubscriberPublisher3.xml
1 ms. Memory: 1787392K Free: 837856K (47%)
----------------- Invoking toplevel() on ptolemy.moml.MoMLSimpleApplication@2245b608
----------------- Done invoking toplevel() on ptolemy.moml.MoMLSimpleApplication@2245b608
reloadAllAccessors: .WidthTestWithSubscriberPublisher3

===========================================================================================
----------------- testing Mon Jun 04 21:47:02 UTC 2018 /home/travis/build/icyphy/ptII/ptolemy/actor/lib/test/auto/Writer.xml
----------------- Instantiating /home/travis/build/icyphy/ptII/ptolemy/actor/lib/test/auto/Writer.xml
0
1
2
3
4
1 ms. Memory: 1787392K Free: 816461K (46%)
----------------- Invoking toplevel() on ptolemy.moml.MoMLSimpleApplication@31de1094
----------------- Done invoking toplevel() on ptolemy.moml.MoMLSimpleApplication@31de1094
reloadAllAccessors: .Writer

===========================================================================================
----------------- testing Mon Jun 04 21:47:03 UTC 2018 /home/travis/build/icyphy/ptII/ptolemy/actor/lib/test/auto/array.xml
----------------- Instantiating /home/travis/build/icyphy/ptII/ptolemy/actor/lib/test/auto/array.xml
2 ms. Memory: 1787392K Free: 795067K (44%)
----------------- Invoking toplevel() on ptolemy.moml.MoMLSimpleApplication@6ddade7c
----------------- Done invoking toplevel() on ptolemy.moml.MoMLSimpleApplication@6ddade7c
reloadAllAccessors: .array

===========================================================================================
----------------- testing Mon Jun 04 21:47:03 UTC 2018 /home/travis/build/icyphy/ptII/ptolemy/actor/lib/test/auto/array2.xml
----------------- Instantiating /home/travis/build/icyphy/ptII/ptolemy/actor/lib/test/auto/array2.xml
5 ms. Memory: 1787392K Free: 778365K (44%)
----------------- Invoking toplevel() on ptolemy.moml.MoMLSimpleApplication@e950dbd
----------------- Done invoking toplevel() on ptolemy.moml.MoMLSimpleApplication@e950dbd
reloadAllAccessors: .array2

===========================================================================================
----------------- testing Mon Jun 04 21:47:03 UTC 2018 /home/travis/build/icyphy/ptII/ptolemy/actor/lib/test/auto/arrayType.xml
----------------- Instantiating /home/travis/build/icyphy/ptII/ptolemy/actor/lib/test/auto/arrayType.xml
1 ms. Memory: 1787392K Free: 756971K (42%)
----------------- Invoking toplevel() on ptolemy.moml.MoMLSimpleApplication@723a37f
----------------- Done invoking toplevel() on ptolemy.moml.MoMLSimpleApplication@723a37f
reloadAllAccessors: .arrayType

===========================================================================================
----------------- testing Mon Jun 04 21:47:03 UTC 2018 /home/travis/build/icyphy/ptII/ptolemy/actor/lib/test/auto/arrayType10.xml
----------------- Instantiating /home/travis/build/icyphy/ptII/ptolemy/actor/lib/test/auto/arrayType10.xml
1 ms. Memory: 1787392K Free: 740269K (41%)
----------------- Invoking toplevel() on ptolemy.moml.MoMLSimpleApplication@41b0b869
----------------- Done invoking toplevel() on ptolemy.moml.MoMLSimpleApplication@41b0b869
reloadAllAccessors: .arrayType10

===========================================================================================
----------------- testing Mon Jun 04 21:47:03 UTC 2018 /home/travis/build/icyphy/ptII/ptolemy/actor/lib/test/auto/arrayType11.xml
----------------- Instantiating /home/travis/build/icyphy/ptII/ptolemy/actor/lib/test/auto/arrayType11.xml
2 ms. Memory: 1787392K Free: 718875K (40%)
----------------- Invoking toplevel() on ptolemy.moml.MoMLSimpleApplication@38b12170
----------------- Done invoking toplevel() on ptolemy.moml.MoMLSimpleApplication@38b12170
reloadAllAccessors: .arrayType11

===========================================================================================
----------------- testing Mon Jun 04 21:47:03 UTC 2018 /home/travis/build/icyphy/ptII/ptolemy/actor/lib/test/auto/arrayType12.xml
----------------- Instantiating /home/travis/build/icyphy/ptII/ptolemy/actor/lib/test/auto/arrayType12.xml
1 ms. Memory: 1787392K Free: 702173K (39%)
----------------- Invoking toplevel() on ptolemy.moml.MoMLSimpleApplication@4d5d9db2
----------------- Done invoking toplevel() on ptolemy.moml.MoMLSimpleApplication@4d5d9db2
reloadAllAccessors: .arrayType12

===========================================================================================
----------------- testing Mon Jun 04 21:47:03 UTC 2018 /home/travis/build/icyphy/ptII/ptolemy/actor/lib/test/auto/arrayType13.xml
----------------- Instantiating /home/travis/build/icyphy/ptII/ptolemy/actor/lib/test/auto/arrayType13.xml
2 ms. Memory: 1787392K Free: 680779K (38%)
----------------- Invoking toplevel() on ptolemy.moml.MoMLSimpleApplication@1147eaad
----------------- Done invoking toplevel() on ptolemy.moml.MoMLSimpleApplication@1147eaad
reloadAllAccessors: .arrayType13

===========================================================================================
----------------- testing Mon Jun 04 21:47:03 UTC 2018 /home/travis/build/icyphy/ptII/ptolemy/actor/lib/test/auto/arrayType14.xml
----------------- Instantiating /home/travis/build/icyphy/ptII/ptolemy/actor/lib/test/auto/arrayType14.xml
2 ms. Memory: 1787392K Free: 664077K (37%)
----------------- Invoking toplevel() on ptolemy.moml.MoMLSimpleApplication@25588c29
----------------- Done invoking toplevel() on ptolemy.moml.MoMLSimpleApplication@25588c29
reloadAllAccessors: .arrayType14

===========================================================================================
----------------- testing Mon Jun 04 21:47:03 UTC 2018 /home/travis/build/icyphy/ptII/ptolemy/actor/lib/test/auto/arrayType15.xml
----------------- Instantiating /home/travis/build/icyphy/ptII/ptolemy/actor/lib/test/auto/arrayType15.xml
1 ms. Memory: 1787392K Free: 642683K (36%)
----------------- Invoking toplevel() on ptolemy.moml.MoMLSimpleApplication@2018f712
----------------- Done invoking toplevel() on ptolemy.moml.MoMLSimpleApplication@2018f712
reloadAllAccessors: .arrayType15

===========================================================================================
----------------- testing Mon Jun 04 21:47:03 UTC 2018 /home/travis/build/icyphy/ptII/ptolemy/actor/lib/test/auto/arrayType16.xml
----------------- Instantiating /home/travis/build/icyphy/ptII/ptolemy/actor/lib/test/auto/arrayType16.xml
1 ms. Memory: 1787392K Free: 625981K (35%)
----------------- Invoking toplevel() on ptolemy.moml.MoMLSimpleApplication@441bbaaf
----------------- Done invoking toplevel() on ptolemy.moml.MoMLSimpleApplication@441bbaaf
reloadAllAccessors: .arrayType16

===========================================================================================
----------------- testing Mon Jun 04 21:47:03 UTC 2018 /home/travis/build/icyphy/ptII/ptolemy/actor/lib/test/auto/arrayType17.xml
----------------- Instantiating /home/travis/build/icyphy/ptII/ptolemy/actor/lib/test/auto/arrayType17.xml
1 ms. Memory: 1787392K Free: 604587K (34%)
----------------- Invoking toplevel() on ptolemy.moml.MoMLSimpleApplication@53bd46ae
----------------- Done invoking toplevel() on ptolemy.moml.MoMLSimpleApplication@53bd46ae
reloadAllAccessors: .arrayType17

===========================================================================================
----------------- testing Mon Jun 04 21:47:03 UTC 2018 /home/travis/build/icyphy/ptII/ptolemy/actor/lib/test/auto/arrayType18.xml
----------------- Instantiating /home/travis/build/icyphy/ptII/ptolemy/actor/lib/test/auto/arrayType18.xml
1 ms. Memory: 1787392K Free: 587885K (33%)
----------------- Invoking toplevel() on ptolemy.moml.MoMLSimpleApplication@d29f91b
----------------- Done invoking toplevel() on ptolemy.moml.MoMLSimpleApplication@d29f91b
reloadAllAccessors: .arrayType18

===========================================================================================
----------------- testing Mon Jun 04 21:47:03 UTC 2018 /home/travis/build/icyphy/ptII/ptolemy/actor/lib/test/auto/arrayType19.xml
----------------- Instantiating /home/travis/build/icyphy/ptII/ptolemy/actor/lib/test/auto/arrayType19.xml
1 ms. Memory: 1787392K Free: 566491K (32%)
----------------- Invoking toplevel() on ptolemy.moml.MoMLSimpleApplication@1a6a83fd
----------------- Done invoking toplevel() on ptolemy.moml.MoMLSimpleApplication@1a6a83fd
reloadAllAccessors: .arrayType19

===========================================================================================
----------------- testing Mon Jun 04 21:47:03 UTC 2018 /home/travis/build/icyphy/ptII/ptolemy/actor/lib/test/auto/arrayType2.xml
----------------- Instantiating /home/travis/build/icyphy/ptII/ptolemy/actor/lib/test/auto/arrayType2.xml
1 ms. Memory: 1787392K Free: 545096K (30%)
----------------- Invoking toplevel() on ptolemy.moml.MoMLSimpleApplication@5690649d
----------------- Done invoking toplevel() on ptolemy.moml.MoMLSimpleApplication@5690649d
reloadAllAccessors: .arrayType2

===========================================================================================
----------------- testing Mon Jun 04 21:47:03 UTC 2018 /home/travis/build/icyphy/ptII/ptolemy/actor/lib/test/auto/arrayType20.xml
----------------- Instantiating /home/travis/build/icyphy/ptII/ptolemy/actor/lib/test/auto/arrayType20.xml
1 ms. Memory: 1787392K Free: 528395K (30%)
----------------- Invoking toplevel() on ptolemy.moml.MoMLSimpleApplication@5a799146
----------------- Done invoking toplevel() on ptolemy.moml.MoMLSimpleApplication@5a799146
reloadAllAccessors: .arrayType20

===========================================================================================
----------------- testing Mon Jun 04 21:47:03 UTC 2018 /home/travis/build/icyphy/ptII/ptolemy/actor/lib/test/auto/arrayType21.xml
----------------- Instantiating /home/travis/build/icyphy/ptII/ptolemy/actor/lib/test/auto/arrayType21.xml
1 ms. Memory: 1787392K Free: 507000K (28%)
----------------- Invoking toplevel() on ptolemy.moml.MoMLSimpleApplication@3e6f30dc
----------------- Done invoking toplevel() on ptolemy.moml.MoMLSimpleApplication@3e6f30dc
reloadAllAccessors: .arrayType21

===========================================================================================
----------------- testing Mon Jun 04 21:47:03 UTC 2018 /home/travis/build/icyphy/ptII/ptolemy/actor/lib/test/auto/arrayType22.xml
----------------- Instantiating /home/travis/build/icyphy/ptII/ptolemy/actor/lib/test/auto/arrayType22.xml
1 ms. Memory: 1787392K Free: 490298K (27%)
----------------- Invoking toplevel() on ptolemy.moml.MoMLSimpleApplication@1c9241ae
----------------- Done invoking toplevel() on ptolemy.moml.MoMLSimpleApplication@1c9241ae
reloadAllAccessors: .arrayType22

===========================================================================================
----------------- testing Mon Jun 04 21:47:03 UTC 2018 /home/travis/build/icyphy/ptII/ptolemy/actor/lib/test/auto/arrayType23.xml
----------------- Instantiating /home/travis/build/icyphy/ptII/ptolemy/actor/lib/test/auto/arrayType23.xml
3 ms. Memory: 1787392K Free: 468904K (26%)
----------------- Invoking toplevel() on ptolemy.moml.MoMLSimpleApplication@399bbb4d
----------------- Done invoking toplevel() on ptolemy.moml.MoMLSimpleApplication@399bbb4d
reloadAllAccessors: .arrayType23

===========================================================================================
----------------- testing Mon Jun 04 21:47:03 UTC 2018 /home/travis/build/icyphy/ptII/ptolemy/actor/lib/test/auto/arrayType24.xml
----------------- Instantiating /home/travis/build/icyphy/ptII/ptolemy/actor/lib/test/auto/arrayType24.xml
1 ms. Memory: 1787392K Free: 452202K (25%)
----------------- Invoking toplevel() on ptolemy.moml.MoMLSimpleApplication@6a80a6d1
----------------- Done invoking toplevel() on ptolemy.moml.MoMLSimpleApplication@6a80a6d1
reloadAllAccessors: .arrayType24

===========================================================================================
----------------- testing Mon Jun 04 21:47:03 UTC 2018 /home/travis/build/icyphy/ptII/ptolemy/actor/lib/test/auto/arrayType25.xml
----------------- Instantiating /home/travis/build/icyphy/ptII/ptolemy/actor/lib/test/auto/arrayType25.xml
1 ms. Memory: 1787392K Free: 430808K (24%)
----------------- Invoking toplevel() on ptolemy.moml.MoMLSimpleApplication@3ba7e83f
----------------- Done invoking toplevel() on ptolemy.moml.MoMLSimpleApplication@3ba7e83f
reloadAllAccessors: .arrayType25

===========================================================================================
----------------- testing Mon Jun 04 21:47:03 UTC 2018 /home/travis/build/icyphy/ptII/ptolemy/actor/lib/test/auto/arrayType26.xml
----------------- Instantiating /home/travis/build/icyphy/ptII/ptolemy/actor/lib/test/auto/arrayType26.xml
1 ms. Memory: 1787392K Free: 414106K (23%)
----------------- Invoking toplevel() on ptolemy.moml.MoMLSimpleApplication@5d34e511
----------------- Done invoking toplevel() on ptolemy.moml.MoMLSimpleApplication@5d34e511
reloadAllAccessors: .arrayType26

===========================================================================================
----------------- testing Mon Jun 04 21:47:03 UTC 2018 /home/travis/build/icyphy/ptII/ptolemy/actor/lib/test/auto/arrayType27.xml
----------------- Instantiating /home/travis/build/icyphy/ptII/ptolemy/actor/lib/test/auto/arrayType27.xml
2 ms. Memory: 1787392K Free: 392712K (22%)
----------------- Invoking toplevel() on ptolemy.moml.MoMLSimpleApplication@4f17b73c
----------------- Done invoking toplevel() on ptolemy.moml.MoMLSimpleApplication@4f17b73c
reloadAllAccessors: .arrayType27

===========================================================================================
----------------- testing Mon Jun 04 21:47:03 UTC 2018 /home/travis/build/icyphy/ptII/ptolemy/actor/lib/test/auto/arrayType28.xml
----------------- Instantiating /home/travis/build/icyphy/ptII/ptolemy/actor/lib/test/auto/arrayType28.xml
1 ms. Memory: 1787392K Free: 376010K (21%)
----------------- Invoking toplevel() on ptolemy.moml.MoMLSimpleApplication@79da5674
----------------- Done invoking toplevel() on ptolemy.moml.MoMLSimpleApplication@79da5674
reloadAllAccessors: .arrayType28

===========================================================================================
----------------- testing Mon Jun 04 21:47:03 UTC 2018 /home/travis/build/icyphy/ptII/ptolemy/actor/lib/test/auto/arrayType3.xml
----------------- Instantiating /home/travis/build/icyphy/ptII/ptolemy/actor/lib/test/auto/arrayType3.xml
1 ms. Memory: 1787392K Free: 354616K (20%)
----------------- Invoking toplevel() on ptolemy.moml.MoMLSimpleApplication@4f7048a0
----------------- Done invoking toplevel() on ptolemy.moml.MoMLSimpleApplication@4f7048a0
reloadAllAccessors: .arrayType3

===========================================================================================
----------------- testing Mon Jun 04 21:47:03 UTC 2018 /home/travis/build/icyphy/ptII/ptolemy/actor/lib/test/auto/arrayType4.xml
----------------- Instantiating /home/travis/build/icyphy/ptII/ptolemy/actor/lib/test/auto/arrayType4.xml
2 ms. Memory: 1787392K Free: 333221K (19%)
----------------- Invoking toplevel() on ptolemy.moml.MoMLSimpleApplication@29ae82bc
----------------- Done invoking toplevel() on ptolemy.moml.MoMLSimpleApplication@29ae82bc
reloadAllAccessors: .arrayType4

===========================================================================================
----------------- testing Mon Jun 04 21:47:03 UTC 2018 /home/travis/build/icyphy/ptII/ptolemy/actor/lib/test/auto/arrayType5.xml
----------------- Instantiating /home/travis/build/icyphy/ptII/ptolemy/actor/lib/test/auto/arrayType5.xml
1 ms. Memory: 1787392K Free: 316520K (18%)
----------------- Invoking toplevel() on ptolemy.moml.MoMLSimpleApplication@5869c7ac
----------------- Done invoking toplevel() on ptolemy.moml.MoMLSimpleApplication@5869c7ac
reloadAllAccessors: .arrayType5

===========================================================================================
----------------- testing Mon Jun 04 21:47:03 UTC 2018 /home/travis/build/icyphy/ptII/ptolemy/actor/lib/test/auto/arrayType6.xml
----------------- Instantiating /home/travis/build/icyphy/ptII/ptolemy/actor/lib/test/auto/arrayType6.xml
2 ms. Memory: 1787392K Free: 295125K (17%)
----------------- Invoking toplevel() on ptolemy.moml.MoMLSimpleApplication@28a35aca
----------------- Done invoking toplevel() on ptolemy.moml.MoMLSimpleApplication@28a35aca
reloadAllAccessors: .arrayType6

===========================================================================================
----------------- testing Mon Jun 04 21:47:03 UTC 2018 /home/travis/build/icyphy/ptII/ptolemy/actor/lib/test/auto/arrayType7.xml
----------------- Instantiating /home/travis/build/icyphy/ptII/ptolemy/actor/lib/test/auto/arrayType7.xml
2 ms. Memory: 1787392K Free: 278424K (16%)
----------------- Invoking toplevel() on ptolemy.moml.MoMLSimpleApplication@32f79a5
----------------- Done invoking toplevel() on ptolemy.moml.MoMLSimpleApplication@32f79a5
reloadAllAccessors: .arrayType7

===========================================================================================
----------------- testing Mon Jun 04 21:47:03 UTC 2018 /home/travis/build/icyphy/ptII/ptolemy/actor/lib/test/auto/arrayType8.xml
----------------- Instantiating /home/travis/build/icyphy/ptII/ptolemy/actor/lib/test/auto/arrayType8.xml
1 ms. Memory: 1787392K Free: 257029K (14%)
----------------- Invoking toplevel() on ptolemy.moml.MoMLSimpleApplication@7a3c3766
----------------- Done invoking toplevel() on ptolemy.moml.MoMLSimpleApplication@7a3c3766
reloadAllAccessors: .arrayType8

===========================================================================================
----------------- testing Mon Jun 04 21:47:03 UTC 2018 /home/travis/build/icyphy/ptII/ptolemy/actor/lib/test/auto/arrayType9.xml
----------------- Instantiating /home/travis/build/icyphy/ptII/ptolemy/actor/lib/test/auto/arrayType9.xml
1 ms. Memory: 1787392K Free: 240327K (13%)
----------------- Invoking toplevel() on ptolemy.moml.MoMLSimpleApplication@28cffe34
----------------- Done invoking toplevel() on ptolemy.moml.MoMLSimpleApplication@28cffe34
reloadAllAccessors: .arrayType9

===========================================================================================
----------------- testing Mon Jun 04 21:47:03 UTC 2018 /home/travis/build/icyphy/ptII/ptolemy/actor/lib/test/auto/cast.xml
----------------- Instantiating /home/travis/build/icyphy/ptII/ptolemy/actor/lib/test/auto/cast.xml
2 ms. Memory: 1787392K Free: 218933K (12%)
----------------- Invoking toplevel() on ptolemy.moml.MoMLSimpleApplication@7a5c4071
----------------- Done invoking toplevel() on ptolemy.moml.MoMLSimpleApplication@7a5c4071
reloadAllAccessors: .cast

===========================================================================================
----------------- testing Mon Jun 04 21:47:03 UTC 2018 /home/travis/build/icyphy/ptII/ptolemy/actor/lib/test/auto/compositeMultiPort.xml
----------------- Instantiating /home/travis/build/icyphy/ptII/ptolemy/actor/lib/test/auto/compositeMultiPort.xml
3 ms. Memory: 1787392K Free: 202231K (11%)
----------------- Invoking toplevel() on ptolemy.moml.MoMLSimpleApplication@6be4ff8c
----------------- Done invoking toplevel() on ptolemy.moml.MoMLSimpleApplication@6be4ff8c
reloadAllAccessors: .compositeMultiPort

===========================================================================================
----------------- testing Mon Jun 04 21:47:03 UTC 2018 /home/travis/build/icyphy/ptII/ptolemy/actor/lib/test/auto/expressionCastInference.xml
----------------- Instantiating /home/travis/build/icyphy/ptII/ptolemy/actor/lib/test/auto/expressionCastInference.xml
2 ms. Memory: 1787392K Free: 180837K (10%)
----------------- Invoking toplevel() on ptolemy.moml.MoMLSimpleApplication@7fb3ea91
----------------- Done invoking toplevel() on ptolemy.moml.MoMLSimpleApplication@7fb3ea91
reloadAllAccessors: .expressionCastInference

===========================================================================================
----------------- testing Mon Jun 04 21:47:03 UTC 2018 /home/travis/build/icyphy/ptII/ptolemy/actor/lib/test/auto/expressionCastInference2.xml
----------------- Instantiating /home/travis/build/icyphy/ptII/ptolemy/actor/lib/test/auto/expressionCastInference2.xml
2 ms. Memory: 1787392K Free: 164136K (9%)
----------------- Invoking toplevel() on ptolemy.moml.MoMLSimpleApplication@31c32352
----------------- Done invoking toplevel() on ptolemy.moml.MoMLSimpleApplication@31c32352
reloadAllAccessors: .expressionCastInference2

===========================================================================================
----------------- testing Mon Jun 04 21:47:03 UTC 2018 /home/travis/build/icyphy/ptII/ptolemy/actor/lib/test/auto/expressionInference.xml
----------------- Instantiating /home/travis/build/icyphy/ptII/ptolemy/actor/lib/test/auto/expressionInference.xml
2 ms. Memory: 1787392K Free: 142741K (8%)
----------------- Invoking toplevel() on ptolemy.moml.MoMLSimpleApplication@29656b2f
----------------- Done invoking toplevel() on ptolemy.moml.MoMLSimpleApplication@29656b2f
reloadAllAccessors: .expressionInference

===========================================================================================
----------------- testing Mon Jun 04 21:47:03 UTC 2018 /home/travis/build/icyphy/ptII/ptolemy/actor/lib/test/auto/expression_bug.xml
----------------- Instantiating /home/travis/build/icyphy/ptII/ptolemy/actor/lib/test/auto/expression_bug.xml
1 ms. Memory: 1787392K Free: 121346K (7%)
----------------- Invoking toplevel() on ptolemy.moml.MoMLSimpleApplication@66f5f084
----------------- Done invoking toplevel() on ptolemy.moml.MoMLSimpleApplication@66f5f084
reloadAllAccessors: .expression_bug

===========================================================================================
----------------- testing Mon Jun 04 21:47:03 UTC 2018 /home/travis/build/icyphy/ptII/ptolemy/actor/lib/test/auto/factorial.xml
----------------- Instantiating /home/travis/build/icyphy/ptII/ptolemy/actor/lib/test/auto/factorial.xml
35 ms. Memory: 1787392K Free: 104645K (6%)
----------------- Invoking toplevel() on ptolemy.moml.MoMLSimpleApplication@560588ea
----------------- Done invoking toplevel() on ptolemy.moml.MoMLSimpleApplication@560588ea
reloadAllAccessors: .factorial

===========================================================================================
----------------- testing Mon Jun 04 21:47:03 UTC 2018 /home/travis/build/icyphy/ptII/ptolemy/actor/lib/test/auto/filterTest1.xml
----------------- Instantiating /home/travis/build/icyphy/ptII/ptolemy/actor/lib/test/auto/filterTest1.xml
3 ms. Memory: 1787392K Free: 83250K (5%)
----------------- Invoking toplevel() on ptolemy.moml.MoMLSimpleApplication@1305282e
----------------- Done invoking toplevel() on ptolemy.moml.MoMLSimpleApplication@1305282e
reloadAllAccessors: .filterTest1

===========================================================================================
----------------- testing Mon Jun 04 21:47:03 UTC 2018 /home/travis/build/icyphy/ptII/ptolemy/actor/lib/test/auto/funcApplyInConst.xml
----------------- Instantiating /home/travis/build/icyphy/ptII/ptolemy/actor/lib/test/auto/funcApplyInConst.xml
19 ms. Memory: 1787392K Free: 1739287K (97%)
----------------- Invoking toplevel() on ptolemy.moml.MoMLSimpleApplication@2102375f
----------------- Done invoking toplevel() on ptolemy.moml.MoMLSimpleApplication@2102375f
reloadAllAccessors: .funcApplyInConst

===========================================================================================
----------------- testing Mon Jun 04 21:47:03 UTC 2018 /home/travis/build/icyphy/ptII/ptolemy/actor/lib/test/auto/funcApplyInExpr.xml
----------------- Instantiating /home/travis/build/icyphy/ptII/ptolemy/actor/lib/test/auto/funcApplyInExpr.xml
5 ms. Memory: 1787392K Free: 1706783K (95%)
----------------- Invoking toplevel() on ptolemy.moml.MoMLSimpleApplication@214d7349
----------------- Done invoking toplevel() on ptolemy.moml.MoMLSimpleApplication@214d7349
reloadAllAccessors: .funcApplyInExpr

===========================================================================================
----------------- testing Mon Jun 04 21:47:03 UTC 2018 /home/travis/build/icyphy/ptII/ptolemy/actor/lib/test/auto/function.xml
----------------- Instantiating /home/travis/build/icyphy/ptII/ptolemy/actor/lib/test/auto/function.xml
2 ms. Memory: 1787392K Free: 1685525K (94%)
----------------- Invoking toplevel() on ptolemy.moml.MoMLSimpleApplication@4409ef6d
----------------- Done invoking toplevel() on ptolemy.moml.MoMLSimpleApplication@4409ef6d
reloadAllAccessors: .function

===========================================================================================
----------------- testing Mon Jun 04 21:47:03 UTC 2018 /home/travis/build/icyphy/ptII/ptolemy/actor/lib/test/auto/function2.xml
----------------- Instantiating /home/travis/build/icyphy/ptII/ptolemy/actor/lib/test/auto/function2.xml
1 ms. Memory: 1787392K Free: 1668803K (93%)
----------------- Invoking toplevel() on ptolemy.moml.MoMLSimpleApplication@6cf37d90
----------------- Done invoking toplevel() on ptolemy.moml.MoMLSimpleApplication@6cf37d90
reloadAllAccessors: .function2

===========================================================================================
----------------- testing Mon Jun 04 21:47:03 UTC 2018 /home/travis/build/icyphy/ptII/ptolemy/actor/lib/test/auto/function3.xml
----------------- Instantiating /home/travis/build/icyphy/ptII/ptolemy/actor/lib/test/auto/function3.xml
1 ms. Memory: 1787392K Free: 1647545K (92%)
----------------- Invoking toplevel() on ptolemy.moml.MoMLSimpleApplication@2d812059
----------------- Done invoking toplevel() on ptolemy.moml.MoMLSimpleApplication@2d812059
reloadAllAccessors: .function3

===========================================================================================
----------------- testing Mon Jun 04 21:47:03 UTC 2018 /home/travis/build/icyphy/ptII/ptolemy/actor/lib/test/auto/functionClosureTest1.xml
----------------- Instantiating /home/travis/build/icyphy/ptII/ptolemy/actor/lib/test/auto/functionClosureTest1.xml
2 ms. Memory: 1787392K Free: 1630823K (91%)
----------------- Invoking toplevel() on ptolemy.moml.MoMLSimpleApplication@167beff3
----------------- Done invoking toplevel() on ptolemy.moml.MoMLSimpleApplication@167beff3
reloadAllAccessors: .functionClosureTest1

===========================================================================================
----------------- testing Mon Jun 04 21:47:03 UTC 2018 /home/travis/build/icyphy/ptII/ptolemy/actor/lib/test/auto/functionClosureTest2.xml
----------------- Instantiating /home/travis/build/icyphy/ptII/ptolemy/actor/lib/test/auto/functionClosureTest2.xml
1 ms. Memory: 1787392K Free: 1609564K (90%)
----------------- Invoking toplevel() on ptolemy.moml.MoMLSimpleApplication@5a9093d4
----------------- Done invoking toplevel() on ptolemy.moml.MoMLSimpleApplication@5a9093d4
reloadAllAccessors: .functionClosureTest2

===========================================================================================
----------------- testing Mon Jun 04 21:47:03 UTC 2018 /home/travis/build/icyphy/ptII/ptolemy/actor/lib/test/auto/functionClosureTest3.xml
----------------- Instantiating /home/travis/build/icyphy/ptII/ptolemy/actor/lib/test/auto/functionClosureTest3.xml
5 ms. Memory: 1787392K Free: 1592842K (89%)
----------------- Invoking toplevel() on ptolemy.moml.MoMLSimpleApplication@361a5d26
----------------- Done invoking toplevel() on ptolemy.moml.MoMLSimpleApplication@361a5d26
reloadAllAccessors: .functionClosureTest3

===========================================================================================
----------------- testing Mon Jun 04 21:47:03 UTC 2018 /home/travis/build/icyphy/ptII/ptolemy/actor/lib/test/auto/functionClosureTest4.xml
----------------- Instantiating /home/travis/build/icyphy/ptII/ptolemy/actor/lib/test/auto/functionClosureTest4.xml
6 ms. Memory: 1787392K Free: 1571584K (88%)
----------------- Invoking toplevel() on ptolemy.moml.MoMLSimpleApplication@762e97f2
----------------- Done invoking toplevel() on ptolemy.moml.MoMLSimpleApplication@762e97f2
reloadAllAccessors: .functionClosureTest4

===========================================================================================
----------------- testing Mon Jun 04 21:47:03 UTC 2018 /home/travis/build/icyphy/ptII/ptolemy/actor/lib/test/auto/functionClosureTest5.xml
----------------- Instantiating /home/travis/build/icyphy/ptII/ptolemy/actor/lib/test/auto/functionClosureTest5.xml
3 ms. Memory: 1787392K Free: 1550326K (87%)
----------------- Invoking toplevel() on ptolemy.moml.MoMLSimpleApplication@78eb923b
----------------- Done invoking toplevel() on ptolemy.moml.MoMLSimpleApplication@78eb923b
reloadAllAccessors: .functionClosureTest5

===========================================================================================
----------------- testing Mon Jun 04 21:47:03 UTC 2018 /home/travis/build/icyphy/ptII/ptolemy/actor/lib/test/auto/functionClosureTest6.xml
----------------- Instantiating /home/travis/build/icyphy/ptII/ptolemy/actor/lib/test/auto/functionClosureTest6.xml
1 ms. Memory: 1787392K Free: 1533604K (86%)
----------------- Invoking toplevel() on ptolemy.moml.MoMLSimpleApplication@1d6af6b9
----------------- Done invoking toplevel() on ptolemy.moml.MoMLSimpleApplication@1d6af6b9
reloadAllAccessors: .functionClosureTest6

===========================================================================================
----------------- testing Mon Jun 04 21:47:03 UTC 2018 /home/travis/build/icyphy/ptII/ptolemy/actor/lib/test/auto/functionsOnArcs.xml
----------------- Instantiating /home/travis/build/icyphy/ptII/ptolemy/actor/lib/test/auto/functionsOnArcs.xml
1 ms. Memory: 1787392K Free: 1512345K (85%)
----------------- Invoking toplevel() on ptolemy.moml.MoMLSimpleApplication@55d32ad7
----------------- Done invoking toplevel() on ptolemy.moml.MoMLSimpleApplication@55d32ad7
reloadAllAccessors: .functionsOnArcs

===========================================================================================
----------------- testing Mon Jun 04 21:47:03 UTC 2018 /home/travis/build/icyphy/ptII/ptolemy/actor/lib/test/auto/functionsOnArcsHOF.xml
----------------- Instantiating /home/travis/build/icyphy/ptII/ptolemy/actor/lib/test/auto/functionsOnArcsHOF.xml
3 ms. Memory: 1787392K Free: 1495623K (84%)
----------------- Invoking toplevel() on ptolemy.moml.MoMLSimpleApplication@29826ed3
----------------- Done invoking toplevel() on ptolemy.moml.MoMLSimpleApplication@29826ed3
reloadAllAccessors: .functionsOnArcsHOF

===========================================================================================
----------------- testing Mon Jun 04 21:47:03 UTC 2018 /home/travis/build/icyphy/ptII/ptolemy/actor/lib/test/auto/logic.xml
----------------- Instantiating /home/travis/build/icyphy/ptII/ptolemy/actor/lib/test/auto/logic.xml
2 ms. Memory: 1787392K Free: 1474365K (82%)
----------------- Invoking toplevel() on ptolemy.moml.MoMLSimpleApplication@28476e3
----------------- Done invoking toplevel() on ptolemy.moml.MoMLSimpleApplication@28476e3
reloadAllAccessors: .logic

===========================================================================================
----------------- testing Mon Jun 04 21:47:03 UTC 2018 /home/travis/build/icyphy/ptII/ptolemy/actor/lib/test/auto/matrixType.xml
----------------- Instantiating /home/travis/build/icyphy/ptII/ptolemy/actor/lib/test/auto/matrixType.xml
2 ms. Memory: 1787392K Free: 1453107K (81%)
----------------- Invoking toplevel() on ptolemy.moml.MoMLSimpleApplication@7894ef34
----------------- Done invoking toplevel() on ptolemy.moml.MoMLSimpleApplication@7894ef34
reloadAllAccessors: .matrixType

===========================================================================================
----------------- testing Mon Jun 04 21:47:03 UTC 2018 /home/travis/build/icyphy/ptII/ptolemy/actor/lib/test/auto/matrixType10.xml
----------------- Instantiating /home/travis/build/icyphy/ptII/ptolemy/actor/lib/test/auto/matrixType10.xml
2 ms. Memory: 1787392K Free: 1436385K (80%)
----------------- Invoking toplevel() on ptolemy.moml.MoMLSimpleApplication@3977829f
----------------- Done invoking toplevel() on ptolemy.moml.MoMLSimpleApplication@3977829f
reloadAllAccessors: .matrixType10

===========================================================================================
----------------- testing Mon Jun 04 21:47:03 UTC 2018 /home/travis/build/icyphy/ptII/ptolemy/actor/lib/test/auto/matrixType11.xml
----------------- Instantiating /home/travis/build/icyphy/ptII/ptolemy/actor/lib/test/auto/matrixType11.xml
1 ms. Memory: 1787392K Free: 1415126K (79%)
----------------- Invoking toplevel() on ptolemy.moml.MoMLSimpleApplication@2fd8b0e4
----------------- Done invoking toplevel() on ptolemy.moml.MoMLSimpleApplication@2fd8b0e4
reloadAllAccessors: .matrixType11

===========================================================================================
----------------- testing Mon Jun 04 21:47:03 UTC 2018 /home/travis/build/icyphy/ptII/ptolemy/actor/lib/test/auto/matrixType12.xml
----------------- Instantiating /home/travis/build/icyphy/ptII/ptolemy/actor/lib/test/auto/matrixType12.xml
1 ms. Memory: 1787392K Free: 1398404K (78%)
----------------- Invoking toplevel() on ptolemy.moml.MoMLSimpleApplication@59317840
----------------- Done invoking toplevel() on ptolemy.moml.MoMLSimpleApplication@59317840
reloadAllAccessors: .matrixType12

===========================================================================================
----------------- testing Mon Jun 04 21:47:03 UTC 2018 /home/travis/build/icyphy/ptII/ptolemy/actor/lib/test/auto/matrixType13.xml
----------------- Instantiating /home/travis/build/icyphy/ptII/ptolemy/actor/lib/test/auto/matrixType13.xml
2 ms. Memory: 1787392K Free: 1377146K (77%)
----------------- Invoking toplevel() on ptolemy.moml.MoMLSimpleApplication@5b0feda6
----------------- Done invoking toplevel() on ptolemy.moml.MoMLSimpleApplication@5b0feda6
reloadAllAccessors: .matrixType13

===========================================================================================
----------------- testing Mon Jun 04 21:47:03 UTC 2018 /home/travis/build/icyphy/ptII/ptolemy/actor/lib/test/auto/matrixType14.xml
----------------- Instantiating /home/travis/build/icyphy/ptII/ptolemy/actor/lib/test/auto/matrixType14.xml
1 ms. Memory: 1787392K Free: 1360424K (76%)
----------------- Invoking toplevel() on ptolemy.moml.MoMLSimpleApplication@27aee3dd
----------------- Done invoking toplevel() on ptolemy.moml.MoMLSimpleApplication@27aee3dd
reloadAllAccessors: .matrixType14

===========================================================================================
----------------- testing Mon Jun 04 21:47:03 UTC 2018 /home/travis/build/icyphy/ptII/ptolemy/actor/lib/test/auto/matrixType2.xml
----------------- Instantiating /home/travis/build/icyphy/ptII/ptolemy/actor/lib/test/auto/matrixType2.xml
1 ms. Memory: 1787392K Free: 1339166K (75%)
----------------- Invoking toplevel() on ptolemy.moml.MoMLSimpleApplication@417656c7
----------------- Done invoking toplevel() on ptolemy.moml.MoMLSimpleApplication@417656c7
reloadAllAccessors: .matrixType2

===========================================================================================
----------------- testing Mon Jun 04 21:47:03 UTC 2018 /home/travis/build/icyphy/ptII/ptolemy/actor/lib/test/auto/matrixType3.xml
----------------- Instantiating /home/travis/build/icyphy/ptII/ptolemy/actor/lib/test/auto/matrixType3.xml
3 ms. Memory: 1787392K Free: 1317908K (74%)
----------------- Invoking toplevel() on ptolemy.moml.MoMLSimpleApplication@73f9b70b
----------------- Done invoking toplevel() on ptolemy.moml.MoMLSimpleApplication@73f9b70b
reloadAllAccessors: .matrixType3

===========================================================================================
----------------- testing Mon Jun 04 21:47:03 UTC 2018 /home/travis/build/icyphy/ptII/ptolemy/actor/lib/test/auto/matrixType4.xml
----------------- Instantiating /home/travis/build/icyphy/ptII/ptolemy/actor/lib/test/auto/matrixType4.xml
1 ms. Memory: 1787392K Free: 1301186K (73%)
----------------- Invoking toplevel() on ptolemy.moml.MoMLSimpleApplication@6e5a3e71
----------------- Done invoking toplevel() on ptolemy.moml.MoMLSimpleApplication@6e5a3e71
reloadAllAccessors: .matrixType4

===========================================================================================
----------------- testing Mon Jun 04 21:47:03 UTC 2018 /home/travis/build/icyphy/ptII/ptolemy/actor/lib/test/auto/matrixType5.xml
----------------- Instantiating /home/travis/build/icyphy/ptII/ptolemy/actor/lib/test/auto/matrixType5.xml
1 ms. Memory: 1787392K Free: 1279927K (72%)
----------------- Invoking toplevel() on ptolemy.moml.MoMLSimpleApplication@6b05dfd4
----------------- Done invoking toplevel() on ptolemy.moml.MoMLSimpleApplication@6b05dfd4
reloadAllAccessors: .matrixType5

===========================================================================================
----------------- testing Mon Jun 04 21:47:03 UTC 2018 /home/travis/build/icyphy/ptII/ptolemy/actor/lib/test/auto/matrixType6.xml
----------------- Instantiating /home/travis/build/icyphy/ptII/ptolemy/actor/lib/test/auto/matrixType6.xml
1 ms. Memory: 1787392K Free: 1263205K (71%)
----------------- Invoking toplevel() on ptolemy.moml.MoMLSimpleApplication@3740dad6
----------------- Done invoking toplevel() on ptolemy.moml.MoMLSimpleApplication@3740dad6
reloadAllAccessors: .matrixType6

===========================================================================================
----------------- testing Mon Jun 04 21:47:03 UTC 2018 /home/travis/build/icyphy/ptII/ptolemy/actor/lib/test/auto/matrixType7.xml
----------------- Instantiating /home/travis/build/icyphy/ptII/ptolemy/actor/lib/test/auto/matrixType7.xml
2 ms. Memory: 1787392K Free: 1241947K (69%)
----------------- Invoking toplevel() on ptolemy.moml.MoMLSimpleApplication@95c853b
----------------- Done invoking toplevel() on ptolemy.moml.MoMLSimpleApplication@95c853b
reloadAllAccessors: .matrixType7

===========================================================================================
----------------- testing Mon Jun 04 21:47:03 UTC 2018 /home/travis/build/icyphy/ptII/ptolemy/actor/lib/test/auto/matrixType8.xml
----------------- Instantiating /home/travis/build/icyphy/ptII/ptolemy/actor/lib/test/auto/matrixType8.xml
1 ms. Memory: 1787392K Free: 1225225K (69%)
----------------- Invoking toplevel() on ptolemy.moml.MoMLSimpleApplication@41c863d
----------------- Done invoking toplevel() on ptolemy.moml.MoMLSimpleApplication@41c863d
reloadAllAccessors: .matrixType8

===========================================================================================
----------------- testing Mon Jun 04 21:47:03 UTC 2018 /home/travis/build/icyphy/ptII/ptolemy/actor/lib/test/auto/matrixType9.xml
----------------- Instantiating /home/travis/build/icyphy/ptII/ptolemy/actor/lib/test/auto/matrixType9.xml
1 ms. Memory: 1787392K Free: 1203967K (67%)
----------------- Invoking toplevel() on ptolemy.moml.MoMLSimpleApplication@5fe8f174
----------------- Done invoking toplevel() on ptolemy.moml.MoMLSimpleApplication@5fe8f174
reloadAllAccessors: .matrixType9

===========================================================================================
----------------- testing Mon Jun 04 21:47:04 UTC 2018 /home/travis/build/icyphy/ptII/ptolemy/actor/lib/test/auto/paraFunctest.xml
----------------- Instantiating /home/travis/build/icyphy/ptII/ptolemy/actor/lib/test/auto/paraFunctest.xml
1 ms. Memory: 1787392K Free: 1182708K (66%)
----------------- Invoking toplevel() on ptolemy.moml.MoMLSimpleApplication@3638f1b0
----------------- Done invoking toplevel() on ptolemy.moml.MoMLSimpleApplication@3638f1b0
reloadAllAccessors: .paraFunctest

===========================================================================================
----------------- testing Mon Jun 04 21:47:04 UTC 2018 /home/travis/build/icyphy/ptII/ptolemy/actor/lib/test/auto/paraFunctest2.xml
----------------- Instantiating /home/travis/build/icyphy/ptII/ptolemy/actor/lib/test/auto/paraFunctest2.xml
1 ms. Memory: 1787392K Free: 1165986K (65%)
----------------- Invoking toplevel() on ptolemy.moml.MoMLSimpleApplication@7fa6de5d
----------------- Done invoking toplevel() on ptolemy.moml.MoMLSimpleApplication@7fa6de5d
reloadAllAccessors: .paraFunctest2

===========================================================================================
----------------- testing Mon Jun 04 21:47:04 UTC 2018 /home/travis/build/icyphy/ptII/ptolemy/actor/lib/test/auto/parameterPassing.xml
----------------- Instantiating /home/travis/build/icyphy/ptII/ptolemy/actor/lib/test/auto/parameterPassing.xml
1 ms. Memory: 1787392K Free: 1144728K (64%)
----------------- Invoking toplevel() on ptolemy.moml.MoMLSimpleApplication@52b8f7d
----------------- Done invoking toplevel() on ptolemy.moml.MoMLSimpleApplication@52b8f7d
reloadAllAccessors: .parameterPassing

===========================================================================================
----------------- testing Mon Jun 04 21:47:04 UTC 2018 /home/travis/build/icyphy/ptII/ptolemy/actor/lib/test/auto/record.xml
----------------- Instantiating /home/travis/build/icyphy/ptII/ptolemy/actor/lib/test/auto/record.xml
3 ms. Memory: 1787392K Free: 1128006K (63%)
----------------- Invoking toplevel() on ptolemy.moml.MoMLSimpleApplication@69bcfb6
----------------- Done invoking toplevel() on ptolemy.moml.MoMLSimpleApplication@69bcfb6
reloadAllAccessors: .record

===========================================================================================
----------------- testing Mon Jun 04 21:47:04 UTC 2018 /home/travis/build/icyphy/ptII/ptolemy/actor/lib/test/auto/sizedarray1.xml
----------------- Instantiating /home/travis/build/icyphy/ptII/ptolemy/actor/lib/test/auto/sizedarray1.xml
1 ms. Memory: 1787392K Free: 1106748K (62%)
----------------- Invoking toplevel() on ptolemy.moml.MoMLSimpleApplication@2c3f3035
----------------- Done invoking toplevel() on ptolemy.moml.MoMLSimpleApplication@2c3f3035
reloadAllAccessors: .sizedarray1

===========================================================================================
----------------- testing Mon Jun 04 21:47:04 UTC 2018 /home/travis/build/icyphy/ptII/ptolemy/actor/lib/test/auto/sizedarray2.xml
----------------- Instantiating /home/travis/build/icyphy/ptII/ptolemy/actor/lib/test/auto/sizedarray2.xml
2 ms. Memory: 1787392K Free: 1090026K (61%)
----------------- Invoking toplevel() on ptolemy.moml.MoMLSimpleApplication@21f97f46
----------------- Done invoking toplevel() on ptolemy.moml.MoMLSimpleApplication@21f97f46
reloadAllAccessors: .sizedarray2

===========================================================================================
----------------- testing Mon Jun 04 21:47:04 UTC 2018 /home/travis/build/icyphy/ptII/ptolemy/actor/lib/test/auto/twoPublishers.xml
----------------- Instantiating /home/travis/build/icyphy/ptII/ptolemy/actor/lib/test/auto/twoPublishers.xml
5 ms. Memory: 1787392K Free: 1068767K (60%)
----------------- Invoking toplevel() on ptolemy.moml.MoMLSimpleApplication@587acb2a
----------------- Done invoking toplevel() on ptolemy.moml.MoMLSimpleApplication@587acb2a
reloadAllAccessors: .twoPublishers
AutoTests.java: About to close Vertx.
AutoTests.java: Vertx closed.
]]></system-out>
  <system-err><![CDATA[java.lang.RuntimeException: Execution failed
	at ptolemy.moml.MoMLSimpleApplication$UnloadThread.run(MoMLSimpleApplication.java:402)
Caused by: java.lang.RuntimeException: Normally, we would exit here because Manager.exitAfterWrapup() was called.  However, because the ptolemy.ptII.exitAfterWrapup property is set, we throw this exception instead.
	at ptolemy.util.StringUtilities.exit(StringUtilities.java:365)
	at ptolemy.actor.Manager.wrapup(Manager.java:1531)
	at ptolemy.actor.Manager.execute(Manager.java:407)
	at ptolemy.actor.Manager.run(Manager.java:1263)
	at ptolemy.actor.Manager$PtolemyRunThread.run(Manager.java:1915)
Warning: '.top.test' is in training mode, set the trainingMode parameter to false before checking in
Warning: '.top.test' is in training mode, set the trainingMode parameter to false before checking in
Warning: '.top.test' is in training mode, set the trainingMode parameter to false before checking in
Warning: '.BooleanSwitch_RegressionTest_WrongTrainingValues.Test' is in training mode, set the trainingMode parameter to false before checking in
Warning: '.BooleanSwitch_RegressionTest_WrongTrainingValues.Test2' is in training mode, set the trainingMode parameter to false before checking in
Warning: '.BooleanSwitch_RegressionTest_WrongTrainingValues.Test2' The test produced 0 tokens.
Warning: '.top.testExceptionHandler' is in training mode, set the trainingMode parameter to false before checking in
java.lang.RuntimeException: Execution failed
	at ptolemy.moml.MoMLSimpleApplication$UnloadThread.run(MoMLSimpleApplication.java:402)
Caused by: ptolemy.kernel.util.IllegalActionException: PublisherPorts cannot be used at the top level, use a Publisher actor instead.
  in .PublisherPortToplevelSubscriber.PublisherPort
	at ptolemy.actor.PublisherPort.preinitialize(PublisherPort.java:403)
	at ptolemy.actor.CompositeActor.preinitialize(CompositeActor.java:1769)
	at ptolemy.actor.Manager.preinitializeAndResolveTypes(Manager.java:1040)
	at ptolemy.actor.Manager.initialize(Manager.java:710)
	at ptolemy.actor.Manager.execute(Manager.java:356)
	at ptolemy.actor.Manager.run(Manager.java:1263)
	at ptolemy.actor.Manager$PtolemyRunThread.run(Manager.java:1915)
java.lang.reflect.InvocationTargetException
	at sun.reflect.NativeConstructorAccessorImpl.newInstance0(Native Method)
	at sun.reflect.NativeConstructorAccessorImpl.newInstance(NativeConstructorAccessorImpl.java:62)
	at sun.reflect.DelegatingConstructorAccessorImpl.newInstance(DelegatingConstructorAccessorImpl.java:45)
	at java.lang.reflect.Constructor.newInstance(Constructor.java:423)
	at ptolemy.util.test.junit.AutoKnownFailedTests.RunModel(AutoKnownFailedTests.java:107)
	at sun.reflect.NativeMethodAccessorImpl.invoke0(Native Method)
	at sun.reflect.NativeMethodAccessorImpl.invoke(NativeMethodAccessorImpl.java:62)
	at sun.reflect.DelegatingMethodAccessorImpl.invoke(DelegatingMethodAccessorImpl.java:43)
	at java.lang.reflect.Method.invoke(Method.java:498)
	at org.junit.runners.model.FrameworkMethod$1.runReflectiveCall(FrameworkMethod.java:44)
	at org.junit.internal.runners.model.ReflectiveCallable.run(ReflectiveCallable.java:15)
	at org.junit.runners.model.FrameworkMethod.invokeExplosively(FrameworkMethod.java:41)
	at junitparams.internal.InvokeParameterisedMethod.evaluate(InvokeParameterisedMethod.java:102)
	at org.junit.internal.runners.statements.FailOnTimeout$1.run(FailOnTimeout.java:28)
Caused by: ptolemy.kernel.util.IllegalActionException: PublisherPorts cannot be used at the top level, use a Publisher actor instead.
  in .PublisherPortToplevelSubscriber.PublisherPort
	at ptolemy.actor.PublisherPort.preinitialize(PublisherPort.java:403)
	at ptolemy.actor.CompositeActor.preinitialize(CompositeActor.java:1769)
	at ptolemy.actor.Manager.preinitializeAndResolveTypes(Manager.java:1040)
	at ptolemy.actor.Manager.initialize(Manager.java:710)
	at ptolemy.actor.Manager.execute(Manager.java:356)
	at ptolemy.actor.Manager.run(Manager.java:1263)
	at ptolemy.actor.Manager$PtolemyRunThread.run(Manager.java:1915)
java.lang.RuntimeException: Execution failed
	at ptolemy.moml.MoMLSimpleApplication$UnloadThread.run(MoMLSimpleApplication.java:402)
Caused by: ptolemy.kernel.util.IllegalActionException: SubscriberPorts cannot be used at the top level, use a Subscriber actor instead.
  in .PublisherSubscriberPortToplevel.SubscriberPort
	at ptolemy.actor.SubscriberPort.preinitialize(SubscriberPort.java:328)
	at ptolemy.actor.CompositeActor.preinitialize(CompositeActor.java:1769)
	at ptolemy.actor.Manager.preinitializeAndResolveTypes(Manager.java:1040)
	at ptolemy.actor.Manager.initialize(Manager.java:710)
	at ptolemy.actor.Manager.execute(Manager.java:356)
	at ptolemy.actor.Manager.run(Manager.java:1263)
	at ptolemy.actor.Manager$PtolemyRunThread.run(Manager.java:1915)
java.lang.reflect.InvocationTargetException
	at sun.reflect.NativeConstructorAccessorImpl.newInstance0(Native Method)
	at sun.reflect.NativeConstructorAccessorImpl.newInstance(NativeConstructorAccessorImpl.java:62)
	at sun.reflect.DelegatingConstructorAccessorImpl.newInstance(DelegatingConstructorAccessorImpl.java:45)
	at java.lang.reflect.Constructor.newInstance(Constructor.java:423)
	at ptolemy.util.test.junit.AutoKnownFailedTests.RunModel(AutoKnownFailedTests.java:107)
	at sun.reflect.NativeMethodAccessorImpl.invoke0(Native Method)
	at sun.reflect.NativeMethodAccessorImpl.invoke(NativeMethodAccessorImpl.java:62)
	at sun.reflect.DelegatingMethodAccessorImpl.invoke(DelegatingMethodAccessorImpl.java:43)
	at java.lang.reflect.Method.invoke(Method.java:498)
	at org.junit.runners.model.FrameworkMethod$1.runReflectiveCall(FrameworkMethod.java:44)
	at org.junit.internal.runners.model.ReflectiveCallable.run(ReflectiveCallable.java:15)
	at org.junit.runners.model.FrameworkMethod.invokeExplosively(FrameworkMethod.java:41)
	at junitparams.internal.InvokeParameterisedMethod.evaluate(InvokeParameterisedMethod.java:102)
	at org.junit.internal.runners.statements.FailOnTimeout$1.run(FailOnTimeout.java:28)
Caused by: ptolemy.kernel.util.IllegalActionException: SubscriberPorts cannot be used at the top level, use a Subscriber actor instead.
  in .PublisherSubscriberPortToplevel.SubscriberPort
	at ptolemy.actor.SubscriberPort.preinitialize(SubscriberPort.java:328)
	at ptolemy.actor.CompositeActor.preinitialize(CompositeActor.java:1769)
	at ptolemy.actor.Manager.preinitializeAndResolveTypes(Manager.java:1040)
	at ptolemy.actor.Manager.initialize(Manager.java:710)
	at ptolemy.actor.Manager.execute(Manager.java:356)
	at ptolemy.actor.Manager.run(Manager.java:1263)
	at ptolemy.actor.Manager$PtolemyRunThread.run(Manager.java:1915)
java.lang.RuntimeException: Execution failed
	at ptolemy.moml.MoMLSimpleApplication$UnloadThread.run(MoMLSimpleApplication.java:402)
Caused by: ptolemy.kernel.util.IllegalActionException: SubscriptionAggregatorPorts cannot be used at the top level, use a SubscriptionAggregator actor instead.
  in .PublisherSubscriptionAggregatorPort.SubscriptionAggregatorPort
	at ptolemy.actor.SubscriptionAggregatorPort.preinitialize(SubscriptionAggregatorPort.java:353)
	at ptolemy.actor.CompositeActor.preinitialize(CompositeActor.java:1769)
	at ptolemy.actor.Manager.preinitializeAndResolveTypes(Manager.java:1040)
	at ptolemy.actor.Manager.initialize(Manager.java:710)
	at ptolemy.actor.Manager.execute(Manager.java:356)
	at ptolemy.actor.Manager.run(Manager.java:1263)
	at ptolemy.actor.Manager$PtolemyRunThread.run(Manager.java:1915)
java.lang.reflect.InvocationTargetException
	at sun.reflect.NativeConstructorAccessorImpl.newInstance0(Native Method)
	at sun.reflect.NativeConstructorAccessorImpl.newInstance(NativeConstructorAccessorImpl.java:62)
	at sun.reflect.DelegatingConstructorAccessorImpl.newInstance(DelegatingConstructorAccessorImpl.java:45)
	at java.lang.reflect.Constructor.newInstance(Constructor.java:423)
	at ptolemy.util.test.junit.AutoKnownFailedTests.RunModel(AutoKnownFailedTests.java:107)
	at sun.reflect.NativeMethodAccessorImpl.invoke0(Native Method)
	at sun.reflect.NativeMethodAccessorImpl.invoke(NativeMethodAccessorImpl.java:62)
	at sun.reflect.DelegatingMethodAccessorImpl.invoke(DelegatingMethodAccessorImpl.java:43)
	at java.lang.reflect.Method.invoke(Method.java:498)
	at org.junit.runners.model.FrameworkMethod$1.runReflectiveCall(FrameworkMethod.java:44)
	at org.junit.internal.runners.model.ReflectiveCallable.run(ReflectiveCallable.java:15)
	at org.junit.runners.model.FrameworkMethod.invokeExplosively(FrameworkMethod.java:41)
	at junitparams.internal.InvokeParameterisedMethod.evaluate(InvokeParameterisedMethod.java:102)
	at org.junit.internal.runners.statements.FailOnTimeout$1.run(FailOnTimeout.java:28)
Caused by: ptolemy.kernel.util.IllegalActionException: SubscriptionAggregatorPorts cannot be used at the top level, use a SubscriptionAggregator actor instead.
  in .PublisherSubscriptionAggregatorPort.SubscriptionAggregatorPort
	at ptolemy.actor.SubscriptionAggregatorPort.preinitialize(SubscriptionAggregatorPort.java:353)
	at ptolemy.actor.CompositeActor.preinitialize(CompositeActor.java:1769)
	at ptolemy.actor.Manager.preinitializeAndResolveTypes(Manager.java:1040)
	at ptolemy.actor.Manager.initialize(Manager.java:710)
	at ptolemy.actor.Manager.execute(Manager.java:356)
	at ptolemy.actor.Manager.run(Manager.java:1263)
	at ptolemy.actor.Manager$PtolemyRunThread.run(Manager.java:1915)
java.lang.RuntimeException: Execution failed
	at ptolemy.moml.MoMLSimpleApplication$UnloadThread.run(MoMLSimpleApplication.java:402)
Caused by: ptolemy.kernel.util.IllegalActionException: TypeTest actor has no training data.
  in .sizedarray3.TypeTest
	at ptolemy.actor.lib.TypeTest.initialize(TypeTest.java:250)
	at ptolemy.actor.Director.initialize(Director.java:938)
	at ptolemy.actor.Director.initialize(Director.java:907)
	at ptolemy.actor.sched.StaticSchedulingDirector.initialize(StaticSchedulingDirector.java:159)
	at ptolemy.domains.sdf.kernel.SDFDirector.initialize(SDFDirector.java:544)
	at ptolemy.actor.CompositeActor.initialize(CompositeActor.java:935)
	at ptolemy.actor.Manager.initialize(Manager.java:724)
	at ptolemy.actor.Manager.execute(Manager.java:356)
	at ptolemy.actor.Manager.run(Manager.java:1263)
	at ptolemy.actor.Manager$PtolemyRunThread.run(Manager.java:1915)
java.lang.reflect.InvocationTargetException
	at sun.reflect.NativeConstructorAccessorImpl.newInstance0(Native Method)
	at sun.reflect.NativeConstructorAccessorImpl.newInstance(NativeConstructorAccessorImpl.java:62)
	at sun.reflect.DelegatingConstructorAccessorImpl.newInstance(DelegatingConstructorAccessorImpl.java:45)
	at java.lang.reflect.Constructor.newInstance(Constructor.java:423)
	at ptolemy.util.test.junit.AutoKnownFailedTests.RunModel(AutoKnownFailedTests.java:107)
	at sun.reflect.NativeMethodAccessorImpl.invoke0(Native Method)
	at sun.reflect.NativeMethodAccessorImpl.invoke(NativeMethodAccessorImpl.java:62)
	at sun.reflect.DelegatingMethodAccessorImpl.invoke(DelegatingMethodAccessorImpl.java:43)
	at java.lang.reflect.Method.invoke(Method.java:498)
	at org.junit.runners.model.FrameworkMethod$1.runReflectiveCall(FrameworkMethod.java:44)
	at org.junit.internal.runners.model.ReflectiveCallable.run(ReflectiveCallable.java:15)
	at org.junit.runners.model.FrameworkMethod.invokeExplosively(FrameworkMethod.java:41)
	at junitparams.internal.InvokeParameterisedMethod.evaluate(InvokeParameterisedMethod.java:102)
	at org.junit.internal.runners.statements.FailOnTimeout$1.run(FailOnTimeout.java:28)
Caused by: ptolemy.kernel.util.IllegalActionException: TypeTest actor has no training data.
  in .sizedarray3.TypeTest
	at ptolemy.actor.lib.TypeTest.initialize(TypeTest.java:250)
	at ptolemy.actor.Director.initialize(Director.java:938)
	at ptolemy.actor.Director.initialize(Director.java:907)
	at ptolemy.actor.sched.StaticSchedulingDirector.initialize(StaticSchedulingDirector.java:159)
	at ptolemy.domains.sdf.kernel.SDFDirector.initialize(SDFDirector.java:544)
	at ptolemy.actor.CompositeActor.initialize(CompositeActor.java:935)
	at ptolemy.actor.Manager.initialize(Manager.java:724)
	at ptolemy.actor.Manager.execute(Manager.java:356)
	at ptolemy.actor.Manager.run(Manager.java:1263)
	at ptolemy.actor.Manager$PtolemyRunThread.run(Manager.java:1915)
]]></system-err>
</testsuite>
