<?xml version="1.0" encoding="UTF-8" ?>
<testsuite errors="0" failures="1" hostname="travis-job-2d364eb6-25e6-4918-bda1-a3fc7119eaaf" name="ptolemy.actor.lib.test.junit.JUnitTclTest" skipped="0" tests="517" time="62.245" timestamp="2019-10-22T06:10:33">
  <properties>
    <property name="npm.executable" value="npm" />
    <property name="env.TRAVIS_ROOT" value="/" />
    <property name="ptII.mk.exists" value="true" />
    <property name="env.TRAVIS_APP_HOST" value="build.travis-ci.org" />
    <property name="env.rvm_bin_path" value="/home/travis/.rvm/bin" />
    <property name="java.home" value="/usr/local/lib/jvm/openjdk11" />
    <property name="env.TRAVIS_JOB_NUMBER" value="1372.8" />
    <property name="env.TRAVIS_HOME" value="/home/travis" />
    <property name="env.DISPLAY" value=":99.0" />
    <property name="env.TRAVIS_INIT" value="systemd" />
    <property name="env.SSH_TTY" value="/dev/pts/0" />
    <property name="java.net.preferIPv4Stack" value="true" />
    <property name="env.RUN_TESTS" value="true" />
    <property name="timeout.short" value="1000000" />
    <property name="junit.formatter" value="xml" />
    <property name="env.TRAVIS_SUDO" value="true" />
    <property name="env.TRAVIS_JOB_NAME" value="" />
    <property name="env.TRAVIS_STACK_NODE_ATTRIBUTES" value="/.node-attributes.yml" />
    <property name="env.LOGNAME" value="travis" />
    <property name="env.PT_TRAVIS_TEST_CORE1_XML" value="true" />
    <property name="jsdoc.home" value="node_modules/@terraswarm/jsdoc" />
    <property name="debuglevel" value="source,lines,vars" />
    <property name="checkstyle.formatter" value="xml" />
    <property name="env._system_version" value="16.04" />
    <property name="bin.vergil.makeable" value="true" />
    <property name="sun.os.patch.level" value="unknown" />
    <property name="java.vendor.url" value="http://java.oracle.com/" />
    <property name="env.TRAVIS_BUILD_WEB_URL" value="https://travis-ci.org/icyphy/ptII/builds/601100348" />
    <property name="java.version" value="11.0.2" />
    <property name="env.TZ" value="UTC" />
    <property name="env.TRAVIS_PULL_REQUEST_SHA" value="" />
    <property name="env.PT_NO_NET" value="true" />
    <property name="env.TRAVIS_SECURE_ENV_VARS" value="true" />
    <property name="env._system_type" value="Linux" />
    <property name="java.vendor.url.bug" value="http://bugreport.java.com/bugreport/" />
    <property name="npmjs-org-is-up" value="true" />
    <property name="env.LANGUAGE" value="en_US.UTF-8" />
    <property name="env.SSH_CLIENT" value="10.24.5.22 52558 22" />
    <property name="env.GEM_HOME" value="/home/travis/.rvm/gems/ruby-2.5.3" />
    <property name="env.HAS_ANTARES_THREE_LITTLE_FRONZIES_BADGE" value="true" />
    <property name="java.version.date" value="2019-01-15" />
    <property name="env.PS4" value="+" />
    <property name="ant.project.invoked-targets" value="build,test.core1.xml" />
    <property name="env.TRAVIS_PULL_REQUEST_BRANCH" value="" />
    <property name="env.TRAVIS_REPO_SLUG" value="icyphy/ptII" />
    <property name="env.XDG_DATA_DIRS" value="/usr/local/share:/usr/share:/var/lib/snapd/desktop" />
    <property name="jdk.debug" value="release" />
    <property name="env.TRAVIS_APT_PROXY" value="http://apt.cache.travis-ci.com" />
    <property name="node.in.path" value="true" />
    <property name="user.name" value="travis" />
    <property name="java.maxmemory" value="1400m" />
    <property name="env.RUBY_VERSION" value="ruby-2.5.3" />
    <property name="env.LANG" value="en_US.UTF-8" />
    <property name="sun.io.unicode.encoding" value="UnicodeLittle" />
    <property name="sun.jnu.encoding" value="UTF-8" />
    <property name="java.runtime.name" value="OpenJDK Runtime Environment" />
    <property name="usefile" value="false" />
    <property name="return.code" value="0" />
    <property name="junit.single.formatter" value="plain" />
    <property name="env.DYLD_LIBRARY_PATH" value="/home/travis/pthla/certi-tools/lib:" />
    <property name="env.DEBIAN_FRONTEND" value="noninteractive" />
    <property name="env.SSH_CONNECTION" value="10.24.5.22 52558 10.20.1.187 22" />
    <property name="env.MYSQL_UNIX_PORT" value="/var/run/mysqld/mysqld.sock" />
    <property name="env.LC_ALL" value="en_US.UTF-8" />
    <property name="env.TRAVIS_ALLOW_FAILURE" value="false" />
    <property name="env.TRAVIS_JOB_WEB_URL" value="https://travis-ci.org/icyphy/ptII/jobs/601100356" />
    <property name="java.specification.name" value="Java Platform API Specification" />
    <property name="node.works" value="true" />
    <property name="user.timezone" value="" />
    <property name="path.separator" value=":" />
    <property name="env.TRAVIS_ENABLE_INFRA_DETECTION" value="true" />
    <property name="env.PYTHON_CFLAGS" value="-g -fstack-protector --param=ssp-buffer-size=4 -Wformat -Werror=format-security" />
    <property name="timeout.long" value="4000000" />
    <property name="env.CERTI_HOME" value="/home/travis/pthla/certi-tools" />
    <property name="ant.file.ptII" value="/home/travis/build/icyphy/ptII/build.xml" />
    <property name="javadoc.packagenames" value="com.*,diva.*,lbnl.*,org.hlacerti.*,org.json.*,org.ptolemy.*,org.terraswarm.*,ptolemy.*,ptserver.*" />
    <property name="file.encoding" value="UTF-8" />
    <property name="env.TRAVIS_PULL_REQUEST_SLUG" value="" />
    <property name="ant.project.default-target" value="build" />
    <property name="env.GIT_ASKPASS" value="echo" />
    <property name="env.HOME" value="/home/travis" />
    <property name="sun.java.command" value="org.apache.tools.ant.taskdefs.optional.junit.JUnitTestRunner ptolemy.actor.lib.test.junit.JUnitTclTest skipNonTests=false filtertrace=true haltOnError=false haltOnFailure=false formatter=org.apache.tools.ant.taskdefs.optional.junit.OutErrSummaryJUnitResultFormatter showoutput=true outputtoformatters=true logfailedtests=true threadid=0 logtestlistenerevents=false formatter=org.apache.tools.ant.taskdefs.optional.junit.XMLJUnitResultFormatter,/home/travis/build/icyphy/ptII/reports/junit/TEST-ptolemy.actor.lib.test.junit.JUnitTclTest.xml crashfile=/home/travis/build/icyphy/ptII/junitvmwatcher4472397708825260968.properties propsfile=/home/travis/build/icyphy/ptII/junit13700868798091366929.properties" />
    <property name="env.COMPOSER_NO_INTERACTION" value="1" />
    <property name="env.MANPATH" value="/home/travis/.nvm/versions/node/v7.10.1/share/man:/home/travis/.rvm/rubies/ruby-2.5.3/share/man:/usr/local/cmake-3.12.4/man:/usr/local/clang-7.0.0/share/man:/usr/local/man:/usr/local/share/man:/usr/share/man:/home/travis/.rvm/man" />
    <property name="env.TRAVIS_TIMER_ID" value="023db65f" />
    <property name="ant.file" value="/home/travis/build/icyphy/ptII/build.xml" />
    <property name="env.TRAVIS_COMMIT_RANGE" value="948bf656f66248ff65af09b7e6cc9885ef1f544d...4d8f235a1445b5e1cf53b20eaca7c153db736dc2" />
    <property name="env._system_name" value="Ubuntu" />
    <property name="ptII.classpath.optional.property" value="/home/travis/build/icyphy/ptII/lib/bsh-2.0b4.jar:/home/travis/build/icyphy/ptII/lib/ptCal.jar:/home/travis/build/icyphy/ptII/lib/java_cup.jar:/home/travis/build/icyphy/ptII/lib/saxon8.jar:/home/travis/build/icyphy/ptII/lib/saxon8-dom.jar:/home/travis/build/icyphy/ptII/lib/chic.jar:/home/travis/build/icyphy/ptII/lib/ptcolt.jar:/home/travis/build/icyphy/ptII/vendors/misc/itext/iText.jar:/home/travis/build/icyphy/ptII/lib/g4ltl.jar:/home/travis/build/icyphy/ptII/lib/StructuralCoder.jar:/home/travis/build/icyphy/ptII/lib/jcerti.jar:/home/travis/build/icyphy/ptII/lib/javax.mail.jar:/home/travis/build/icyphy/ptII/vendors/JMF-2.1.1e/lib/jmf.jar:/home/travis/build/icyphy/ptII/lib/jna-4.0.0-variadic.jar:/home/travis/build/icyphy/ptII/vendors/misc/joystick/Joystick.jar:/home/travis/build/icyphy/ptII/lib/ptjacl.jar:/home/travis/build/icyphy/ptII/lib/jsoup-1.8.2.jar:/home/travis/build/icyphy/ptII/lib/junit-4.8.2.jar:/home/travis/build/icyphy/ptII/lib/JUnitParams-0.4.0.jar:/home/travis/build/icyphy/ptII/ptolemy/actor/lib/excel/jxl.jar:/home/travis/build/icyphy/ptII/lib/jython.jar:/home/travis/build/icyphy/ptII/lib/kieler.jar:/home/travis/build/icyphy/ptII/vendors/opencv/share/OpenCV/java/opencv-341.jar:/home/travis/build/icyphy/ptII/lib/oscP5.jar:/home/travis/build/icyphy/ptII/lib/nrjavaserial-3.11.0.devel.jar:/home/travis/build/icyphy/ptII/vendors/j3d/lib/Linux/j3dcore.jar:/home/travis/build/icyphy/ptII/vendors/j3d/lib/Linux/j3dutils.jar:/home/travis/build/icyphy/ptII/vendors/j3d/lib/Linux/vecmath.jar:/home/travis/build/icyphy/ptII/vendors/jogl/lib/Linux/gluegen-rt-natives-linux-amd64.jar:/home/travis/build/icyphy/ptII/vendors/jogl/lib/Linux/gluegen-rt.jar:/home/travis/build/icyphy/ptII/vendors/jogl/lib/Linux/jogl-all-natives-linux-amd64.jar:/home/travis/build/icyphy/ptII/vendors/jogl/lib/Linux/jogl-all.jar:/home/travis/build/icyphy/ptII/ptolemy/distributed/jini/jar/jini-core.jar:/home/travis/build/icyphy/ptII/ptolemy/distributed/jini/jar/jini-ext.jar:/home/travis/build/icyphy/ptII/ptolemy/distributed/jini/jar/sun-util.jar:/home/travis/build/icyphy/ptII/lib/protobuf-java-2.4.1.jar:/home/travis/build/icyphy/ptII/lib/org.eclipse.paho.client.mqttv3.jar:/home/travis/build/icyphy/ptII/lib/mapss.jar:/home/travis/build/icyphy/ptII/ptolemy/actor/ptalon/antlr/antlr.jar:/home/travis/build/icyphy/ptII/lib/JRI.jar:/home/travis/build/icyphy/ptII/lib/commons-lang-2.6.jar:/home/travis/build/icyphy/ptII/lib/commons-logging-1.1.1.jar:/home/travis/build/icyphy/ptII/lib/sootclasses.jar:/home/travis/build/icyphy/ptII/ptolemy/actor/lib/database/mysql-connector-java-5.1.6-bin.jar:/home/travis/build/icyphy/ptII/vendors/misc/sphinx4/sphinx4-data-5prealpha.jar:/home/travis/build/icyphy/ptII/vendors/misc/sphinx4/sphinx4-core-5prealpha.jar:/home/travis/build/icyphy/ptII/lib/PDFRenderer.jar:/home/travis/build/icyphy/ptII/lib/svgSalamander.jar:/home/travis/build/icyphy/ptII/lib/rsyntaxtextarea-2.6.0-SNAPSHOT.jar:/home/travis/build/icyphy/ptII/lib/hazelcast-3.8.2.jar:/home/travis/build/icyphy/ptII/lib/jackson-annotations-2.9.0.jar:/home/travis/build/icyphy/ptII/lib/jackson-core-2.9.3.jar:/home/travis/build/icyphy/ptII/lib/jackson-databind-2.9.3.jar:/home/travis/build/icyphy/ptII/lib/netty-buffer-4.1.19.Final.jar:/home/travis/build/icyphy/ptII/lib/netty-codec-4.1.19.Final.jar:/home/travis/build/icyphy/ptII/lib/netty-codec-dns-4.1.19.Final.jar:/home/travis/build/icyphy/ptII/lib/netty-codec-http-4.1.19.Final.jar:/home/travis/build/icyphy/ptII/lib/netty-codec-http2-4.1.19.Final.jar:/home/travis/build/icyphy/ptII/lib/netty-common-4.1.19.Final.jar:/home/travis/build/icyphy/ptII/lib/netty-handler-4.1.19.Final.jar:/home/travis/build/icyphy/ptII/lib/netty-resolver-4.1.19.Final.jar:/home/travis/build/icyphy/ptII/lib/netty-resolver-dns-4.1.19.Final.jar:/home/travis/build/icyphy/ptII/lib/netty-transport-4.1.19.Final.jar:/home/travis/build/icyphy/ptII/lib/vertx-codegen-3.5.1.jar:/home/travis/build/icyphy/ptII/lib/vertx-core-3.5.2-SNAPSHOT.jar:/home/travis/build/icyphy/ptII/lib/vertx-hazelcast-3.5.1.jar:/home/travis/build/icyphy/ptII/lib/vertx-lang-js-3.5.1.jar:/home/travis/build/icyphy/ptII/lib/vertx-service-proxy-3.5.1.jar:/home/travis/build/icyphy/ptII/lib/vertx-web-3.5.1.jar:/home/travis/build/icyphy/ptII/lib/slf4j-api-1.7.13.jar:/home/travis/build/icyphy/ptII/lib/slf4j-simple-1.7.13.jar:/home/travis/build/icyphy/ptII/lib/webcam-capture-0.3.12.jar:/home/travis/build/icyphy/ptII/lib/bridj-0.7.0.jar:/home/travis/build/icyphy/ptII/lib/xbjlib-1.1.0.nrjavaserial.jar" />
    <property name="timeout" value="2400000" />
    <property name="test.batch" value="**/junit/*.java" />
    <property name="env._" value="/usr/bin/timeout" />
    <property name="java.io.tmpdir" value="/tmp" />
    <property name="user.language" value="en" />
    <property name="env.TRAVIS_INTERNAL_RUBY_REGEX" value="^ruby-(2\.[0-4]\.[0-9]|1\.9\.3)" />
    <property name="env.HISTCONTROL" value="ignoredups:ignorespace" />
    <property name="env.GOROOT" value="/home/travis/.gimme/versions/go1.11.1.linux.amd64" />
    <property name="line.separator" value="&#xa;" />
    <property name="target" value="11" />
    <property name="env.TRAVIS_BUILD_DIR" value="/home/travis/build/icyphy/ptII" />
    <property name="env.ANT_OPTS" value="-Xmx2048m" />
    <property name="ant.file.type" value="file" />
    <property name="ptolemy.ptII.batchMode" value="true" />
    <property name="env.HISTSIZE" value="1000" />
    <property name="env.MERB_ENV" value="test" />
    <property name="java.vm.info" value="mixed mode" />
    <property name="source" value="11" />
    <property name="java.vm.specification.name" value="Java Virtual Machine Specification" />
    <property name="env.TRAVIS_TEST_RESULT" value="0" />
    <property name="jsdoc.command" value="node_modules/@terraswarm/jsdoc/jsdoc.js" />
    <property name="npm.works" value="true" />
    <property name="cobertura.dir" value="/home/travis/build/icyphy/ptII/vendors/cobertura-2.0.3" />
    <property name="jsdoc.command.exists" value="true" />
    <property name="env.rvm_path" value="/home/travis/.rvm" />
    <property name="env.GEM_PATH" value="/home/travis/.rvm/gems/ruby-2.5.3:/home/travis/.rvm/gems/ruby-2.5.3@global" />
    <property name="env.LC_CTYPE" value="en_US.UTF-8" />
    <property name="env.TRAVIS_CMD" value="$PTII/bin/ptIITravisBuild.sh $SECONDS" />
    <property name="java.awt.printerjob" value="sun.print.PSPrinterJob" />
    <property name="env.TRAVIS_STACK_NAME" value="sardonyx" />
    <property name="env.TRAVIS_TIMER_START_TIME" value="1571723918765191853" />
    <property name="ant.version" value="Apache Ant(TM) version 1.10.1 compiled on February 2 2017" />
    <property name="ptII.reports" value="/home/travis/build/icyphy/ptII/reports" />
    <property name="env.TRAVIS_STACK_TIMESTAMP" value="2019-03-25 16:16:56 UTC" />
    <property name="ant.file.type.ptII" value="file" />
    <property name="env.RBENV_SHELL" value="bash" />
    <property name="os.name" value="Linux" />
    <property name="java.specification.vendor" value="Oracle Corporation" />
    <property name="env.rvm_version" value="1.29.7 (latest)" />
    <property name="env.TRAVIS_INFRA" value="gce" />
    <property name="env.TERM" value="xterm" />
    <property name="java.vm.name" value="OpenJDK 64-Bit Server VM" />
    <property name="env.TRAVIS_BUILD_NUMBER" value="1372" />
    <property name="env.CI" value="true" />
    <property name="java.library.path" value="/home/travis/pthla/certi-tools/lib:/usr/lib/jni:/usr/local/share/OpenCV/java/:/usr/share/OpenCV/java::/usr/java/packages/lib:/usr/lib64:/lib64:/lib:/usr/lib" />
    <property name="jdk.module.path" value="/home/travis/build/icyphy/ptII/vendors/javafx/javafx-sdk-11.0.2/lib:" />
    <property name="env.rvm_prefix" value="/home/travis" />
    <property name="env.PATH" value="/home/travis/pthla/certi-tools/share/scripts:/home/travis/.rvm/gems/ruby-2.5.3/bin:/home/travis/.rvm/gems/ruby-2.5.3@global/bin:/home/travis/.rvm/rubies/ruby-2.5.3/bin:/home/travis/.rvm/bin:/home/travis/.nvm/versions/node/v7.10.1/bin:./node_modules/.bin:/home/travis/build/icyphy/ptII/bin:/home/travis/pthla/certi-tools/bin:/home/travis/bin:/home/travis/.local/bin:/usr/local/lib/jvm/openjdk11/bin:/opt/pyenv/shims:/home/travis/.phpenv/shims:/home/travis/perl5/perlbrew/bin:/home/travis/gopath/bin:/home/travis/.gimme/versions/go1.11.1.linux.amd64/bin:/usr/local/maven-3.6.0/bin:/usr/local/cmake-3.12.4/bin:/usr/local/clang-7.0.0/bin:/usr/local/sbin:/usr/local/bin:/usr/sbin:/usr/bin:/sbin:/bin:/snap/bin:/home/travis/.phpenv/bin:/opt/pyenv/bin:/home/travis/.yarn/bin" />
    <property name="env.TRAVIS_OS_NAME" value="linux" />
    <property name="ant.java.version" value="9" />
    <property name="basedir" value="/home/travis/build/icyphy/ptII" />
    <property name="java.class.version" value="55.0" />
    <property name="env.SHLVL" value="3" />
    <property name="env.LD_LIBRARY_PATH" value="/home/travis/pthla/certi-tools/lib:/usr/lib/jni:/usr/local/share/OpenCV/java/:/usr/share/OpenCV/java:" />
    <property name="env.RACK_ENV" value="test" />
    <property name="ant.home" value="/home/travis/build/icyphy/ptII/ant" />
    <property name="env.NVM_DIR" value="/home/travis/.nvm" />
    <property name="env.CERTI_FOM_PATH" value="/home/travis/pthla/certi-tools/share/federations" />
    <property name="env.TRAVIS_BUILD_ID" value="601100348" />
    <property name="env.PYENV_ROOT" value="/opt/pyenv" />
    <property name="env.TRAVIS_UID" value="2000" />
    <property name="prism.verbose" value="true" />
    <property name="env.NVM_BIN" value="/home/travis/.nvm/versions/node/v7.10.1/bin" />
    <property name="env.TRAVIS_COMMIT" value="4d8f235a1445b5e1cf53b20eaca7c153db736dc2" />
    <property name="env._system_arch" value="x86_64" />
    <property name="node.executable" value="node" />
    <property name="sun.boot.library.path" value="/usr/local/lib/jvm/openjdk11/lib" />
    <property name="sun.management.compiler" value="HotSpot 64-Bit Tiered Compilers" />
    <property name="java.awt.graphicsenv" value="sun.awt.X11GraphicsEnvironment" />
    <property name="env.GOPATH" value="/home/travis/gopath" />
    <property name="ptolemy.ptII.dir" value="/home/travis/build/icyphy/ptII" />
    <property name="env.USER" value="travis" />
    <property name="env.HISTFILESIZE" value="2000" />
    <property name="timeout.longest" value="19000000" />
    <property name="env.PERLBREW_SHELLRC_VERSION" value="0.86" />
    <property name="env.TRAVIS_STACK_FEATURES" value="basic couchdb disabled-ipv6 docker docker-compose elasticsearch firefox go-toolchain google-chrome jdk memcached mongodb mysql nodejs_interpreter perl_interpreter perlbrew phantomjs postgresql python_interpreter redis ruby_interpreter sqlite xserver" />
    <property name="env.TRAVIS_PULL_REQUEST" value="false" />
    <property name="env.PYENV_SHELL" value="bash" />
    <property name="ant.project.name" value="ptII" />
    <property name="env.ANSI_RESET" value="\033[0m" />
    <property name="java.vm.specification.version" value="11" />
    <property name="env.TRAVIS_DIST" value="xenial" />
    <property name="env.CERTI_VERSION" value="4.0.0" />
    <property name="env.CERTI_HOST" value="localhost" />
    <property name="awt.toolkit" value="sun.awt.X11.XToolkit" />
    <property name="env.MY_RUBY_HOME" value="/home/travis/.rvm/rubies/ruby-2.5.3" />
    <property name="sun.cpu.isalist" value="" />
    <property name="env.TRAVIS_TMPDIR" value="/tmp/tmp.TpXLz4LDrk" />
    <property name="java.vm.compressedOopsMode" value="Zero based" />
    <property name="os.version" value="4.15.0-1028-gcp" />
    <property name="user.home" value="/home/travis" />
    <property name="java.vm.vendor" value="Oracle Corporation" />
    <property name="env.TRAVIS_TAG" value="nightly" />
    <property name="env.ANSI_YELLOW" value="\033[33;1m" />
    <property name="env.TRAVIS_FILTERED" value="redirect_io" />
    <property name="env.ANSI_GREEN" value="\033[32;1m" />
    <property name="env.JAVA_HOME" value="/usr/local/lib/jvm/openjdk11" />
    <property name="javadoc.excludepackagenames" value="adm.cvs2svn.*,build.*,config.*,doc.coding.templates.*,jni.test.jni.meaningOfLife.*,jni.test.jni.testDeux.*,jni.test.jni.testTrois.*,org.terraswarm.accessor.accessors.web.node_modules.*,org.terraswarm.accessor.accessors.web.hosts.cordova.demo.*,org.terraswarm.accessor.accessors.web.hosts.cordova.plugins.*,org.terraswarm.accessor.accessors-svn.*,pt-modules.*,ptolemy.apps.agilent.*,ptolemy.apps.anytimecontrol.*,ptolemy.apps.apes.*,ptolemy.apps.charon.*,ptolemy.apps.crazyboard.*,ptolemy.apps.eclipse.*,ptolemy.apps.etherealSting.*,ptolemy.apps.fullscreen.*,ptolemy.apps.giotto.*,ptolemy.apps.ia.*,ptolemy.apps.interfaces.*,ptolemy.apps.jmf.*,ptolemy.apps.kurt.*,ptolemy.apps.kvm.*,ptolemy.apps.lego.*,ptolemy.apps.lejos.*,ptolemy.apps.midp.*,ptolemy.apps.mobileCoding.*,ptolemy.apps.pendulum.*,ptolemy.apps.rijndael.*,ptolemy.apps.robot.*,ptolemy.apps.security.*,ptolemy.apps.sobel.*,ptolemy.apps.soot.*,ptolemy.apps.throttle.*,ptolemy.apps.tini.*,ptolemy.apps.transmission.*,ptolemy.apps.vergil.*,ptolemy.apps.waba.*,ptolemy.apps.websensor.*,ptolemy.apps.webstart.*,ptolemy.apps.xsl.*,ptolemy.apps.zaurus.*,ptolemy.codegen.c.actor.lib.oldJavaFiles.*,ptolemy.codegen.dsp.lib.*,ptolemy.codegen.kernel.newInterfaces.*,ptolemy.codegen.lib.*,ptolemy.copernicus.kernel.fragment.*,ptolemy.copernicus.shallow.cg.*,ptolemy.domains.giotto.demo.Hierarchy.Hierarchy.*,ptolemy.domains.giotto.demo.Multimode.Multimode.*,ptolemy.domains.giotto.demo.Simple.Simple.*,ptolemy.domains.gr.lib.experimental.*,ptolemy.domains.gro.*,ptolemy.domains.pdf.*,ptolemy.domains.ptinyos.demo.Surge.output.*,ptolemy.moml.test.NoPackageActor.java*,ptolemy.plot.adm.*,ptolemy.plot.servlet.*,reports.*,signed.*,src.*,target.*,vendors.*,ptolemy.copernicus.applet.*,ptolemy.media.viewer.*,ptolemy.actor.corba.*,doc.doclets.*,ptolemy.apps.eclipse.awt.*,ptolemy.backtrack.*,ptolemy.backtrack.ast.*,ptolemy.cg.adapter.generic.program.procedural.c.mbed*,ptolemy.homer.*,ptolemy.actor.lib.jai.*,org.ptolemy.scala.*,diva.util.java2d.svg.*,ptolemy.domains.ptinyos.*,ptolemy.actor.lib.fmi.fmipp.*,,org.terraswarm.accessor.accessors.web.node_modules.*,org.terraswarm.accessor.accessors-svn,ptolemy.apps.*,ptolemy.actor.ptalon.demo.ptinyos.SendAndReceiveCnt.output,ptolemy.actor.ptalon.demo.ptinyos.SenseToLeds.output,ptolemy.domains.ptinyos.demo.CntToLedsAndRfm.output,ptolemy.domains.ptinyos.demo.RfmToLeds.output,ptolemy.domains.ptinyos.demo.SendAndReceiveCnt.output,ptolemy.domains.ptinyos.demo.SenseToLeds.output,ptolemy.actor.lib.jjs.modules.udpSocket.*" />
    <property name="env.PTII" value="/home/travis/build/icyphy/ptII" />
    <property name="env.XDG_SESSION_ID" value="2" />
    <property name="keystore" value="ptKeystore" />
    <property name="env.TRAVIS_COMMIT_MESSAGE" value="Updated occupancy" />
    <property name="junit.output.dir" value="/home/travis/build/icyphy/ptII/reports/junit" />
    <property name="npm.return.code" value="0" />
    <property name="user.dir" value="/home/travis/build/icyphy/ptII/ptolemy/actor/lib/test" />
    <property name="env.TRAVIS_NODE_VERSION" value="7" />
    <property name="env.TRAVIS_EVENT_TYPE" value="cron" />
    <property name="env.MAIL" value="/var/mail/travis" />
    <property name="env.PERLBREW_ROOT" value="/home/travis/perl5/perlbrew" />
    <property name="env.PWD" value="/home/travis/build/icyphy/ptII" />
    <property name="timeout.npm" value="45000" />
    <property name="env.TRAVIS_ARCH" value="amd64" />
    <property name="sun.cpu.endian" value="little" />
    <property name="env.PAGER" value="cat" />
    <property name="env.TRAVIS_BUILD_STAGE_NAME" value="Test" />
    <property name="env.PERLBREW_HOME" value="/home/travis/.perlbrew" />
    <property name="java.vm.version" value="11.0.2+9" />
    <property name="env.RAILS_ENV" value="test" />
    <property name="java.class.path" value="/home/travis/.ptolemyII:/home/travis/.ptolemyII/*:/home/travis/build/icyphy/ptII:/home/travis/build/icyphy/ptII/lib/bsh-2.0b4.jar:/home/travis/build/icyphy/ptII/lib/ptCal.jar:/home/travis/build/icyphy/ptII/lib/java_cup.jar:/home/travis/build/icyphy/ptII/lib/saxon8.jar:/home/travis/build/icyphy/ptII/lib/saxon8-dom.jar:/home/travis/build/icyphy/ptII/lib/chic.jar:/home/travis/build/icyphy/ptII/lib/ptcolt.jar:/home/travis/build/icyphy/ptII/vendors/misc/itext/iText.jar:/home/travis/build/icyphy/ptII/lib/g4ltl.jar:/home/travis/build/icyphy/ptII/lib/StructuralCoder.jar:/home/travis/build/icyphy/ptII/lib/jcerti.jar:/home/travis/build/icyphy/ptII/lib/javax.mail.jar:/home/travis/build/icyphy/ptII/vendors/JMF-2.1.1e/lib/jmf.jar:/home/travis/build/icyphy/ptII/lib/jna-4.0.0-variadic.jar:/home/travis/build/icyphy/ptII/vendors/misc/joystick/Joystick.jar:/home/travis/build/icyphy/ptII/lib/ptjacl.jar:/home/travis/build/icyphy/ptII/lib/jsoup-1.8.2.jar:/home/travis/build/icyphy/ptII/lib/junit-4.8.2.jar:/home/travis/build/icyphy/ptII/lib/JUnitParams-0.4.0.jar:/home/travis/build/icyphy/ptII/ptolemy/actor/lib/excel/jxl.jar:/home/travis/build/icyphy/ptII/lib/jython.jar:/home/travis/build/icyphy/ptII/lib/kieler.jar:/home/travis/build/icyphy/ptII/vendors/opencv/share/OpenCV/java/opencv-341.jar:/home/travis/build/icyphy/ptII/lib/oscP5.jar:/home/travis/build/icyphy/ptII/lib/nrjavaserial-3.11.0.devel.jar:/home/travis/build/icyphy/ptII/vendors/j3d/lib/Linux/j3dcore.jar:/home/travis/build/icyphy/ptII/vendors/j3d/lib/Linux/j3dutils.jar:/home/travis/build/icyphy/ptII/vendors/j3d/lib/Linux/vecmath.jar:/home/travis/build/icyphy/ptII/vendors/jogl/lib/Linux/gluegen-rt-natives-linux-amd64.jar:/home/travis/build/icyphy/ptII/vendors/jogl/lib/Linux/gluegen-rt.jar:/home/travis/build/icyphy/ptII/vendors/jogl/lib/Linux/jogl-all-natives-linux-amd64.jar:/home/travis/build/icyphy/ptII/vendors/jogl/lib/Linux/jogl-all.jar:/home/travis/build/icyphy/ptII/ptolemy/distributed/jini/jar/jini-core.jar:/home/travis/build/icyphy/ptII/ptolemy/distributed/jini/jar/jini-ext.jar:/home/travis/build/icyphy/ptII/ptolemy/distributed/jini/jar/sun-util.jar:/home/travis/build/icyphy/ptII/lib/protobuf-java-2.4.1.jar:/home/travis/build/icyphy/ptII/lib/org.eclipse.paho.client.mqttv3.jar:/home/travis/build/icyphy/ptII/lib/mapss.jar:/home/travis/build/icyphy/ptII/ptolemy/actor/ptalon/antlr/antlr.jar:/home/travis/build/icyphy/ptII/lib/JRI.jar:/home/travis/build/icyphy/ptII/lib/commons-lang-2.6.jar:/home/travis/build/icyphy/ptII/lib/commons-logging-1.1.1.jar:/home/travis/build/icyphy/ptII/lib/sootclasses.jar:/home/travis/build/icyphy/ptII/ptolemy/actor/lib/database/mysql-connector-java-5.1.6-bin.jar:/home/travis/build/icyphy/ptII/vendors/misc/sphinx4/sphinx4-data-5prealpha.jar:/home/travis/build/icyphy/ptII/vendors/misc/sphinx4/sphinx4-core-5prealpha.jar:/home/travis/build/icyphy/ptII/lib/PDFRenderer.jar:/home/travis/build/icyphy/ptII/lib/svgSalamander.jar:/home/travis/build/icyphy/ptII/lib/rsyntaxtextarea-2.6.0-SNAPSHOT.jar:/home/travis/build/icyphy/ptII/lib/hazelcast-3.8.2.jar:/home/travis/build/icyphy/ptII/lib/jackson-annotations-2.9.0.jar:/home/travis/build/icyphy/ptII/lib/jackson-core-2.9.3.jar:/home/travis/build/icyphy/ptII/lib/jackson-databind-2.9.3.jar:/home/travis/build/icyphy/ptII/lib/netty-buffer-4.1.19.Final.jar:/home/travis/build/icyphy/ptII/lib/netty-codec-4.1.19.Final.jar:/home/travis/build/icyphy/ptII/lib/netty-codec-dns-4.1.19.Final.jar:/home/travis/build/icyphy/ptII/lib/netty-codec-http-4.1.19.Final.jar:/home/travis/build/icyphy/ptII/lib/netty-codec-http2-4.1.19.Final.jar:/home/travis/build/icyphy/ptII/lib/netty-common-4.1.19.Final.jar:/home/travis/build/icyphy/ptII/lib/netty-handler-4.1.19.Final.jar:/home/travis/build/icyphy/ptII/lib/netty-resolver-4.1.19.Final.jar:/home/travis/build/icyphy/ptII/lib/netty-resolver-dns-4.1.19.Final.jar:/home/travis/build/icyphy/ptII/lib/netty-transport-4.1.19.Final.jar:/home/travis/build/icyphy/ptII/lib/vertx-codegen-3.5.1.jar:/home/travis/build/icyphy/ptII/lib/vertx-core-3.5.2-SNAPSHOT.jar:/home/travis/build/icyphy/ptII/lib/vertx-hazelcast-3.5.1.jar:/home/travis/build/icyphy/ptII/lib/vertx-lang-js-3.5.1.jar:/home/travis/build/icyphy/ptII/lib/vertx-service-proxy-3.5.1.jar:/home/travis/build/icyphy/ptII/lib/vertx-web-3.5.1.jar:/home/travis/build/icyphy/ptII/lib/slf4j-api-1.7.13.jar:/home/travis/build/icyphy/ptII/lib/slf4j-simple-1.7.13.jar:/home/travis/build/icyphy/ptII/lib/webcam-capture-0.3.12.jar:/home/travis/build/icyphy/ptII/lib/bridj-0.7.0.jar:/home/travis/build/icyphy/ptII/lib/xbjlib-1.1.0.nrjavaserial.jar:/home/travis/build/icyphy/ptII/ptolemy/moml/test:/home/travis/build/icyphy/ptII/ant/lib/ant-launcher.jar:/home/travis/build/icyphy/ptII/ant/lib/ant.jar:/home/travis/build/icyphy/ptII/ant/lib/ant-junit.jar:/home/travis/build/icyphy/ptII/ant/lib/ant-junit4.jar" />
    <property name="ant.library.dir" value="/home/travis/build/icyphy/ptII/ant/lib" />
    <property name="os.arch" value="amd64" />
    <property name="env.CONTINUOUS_INTEGRATION" value="true" />
    <property name="env.TRAVIS_LANGUAGE" value="node_js" />
    <property name="env.TRAVIS_STACK_LANGUAGES" value="__sardonyx__ c c++ clojure cplusplus cpp default generic go groovy java node_js php pure_java python ruby scala" />
    <property name="test.name" value="ptolemy.actor.lib.test.junit.JUnitTclTest" />
    <property name="env.APT_KEY_DONT_WARN_ON_DANGEROUS_USAGE" value="1" />
    <property name="sun.java.launcher" value="SUN_STANDARD" />
    <property name="env.PYTHON_CONFIGURE_OPTS" value="--enable-unicode=ucs4 --with-wide-unicode --enable-shared --enable-ipv6 --enable-loadable-sqlite-extensions --with-computed-gotos" />
    <property name="ant.core.lib" value="/home/travis/build/icyphy/ptII/ant/lib/ant.jar" />
    <property name="java.vm.specification.vendor" value="Oracle Corporation" />
    <property name="env.BCVTB_HOME" value="/home/travis/build/icyphy/ptII/lbnl" />
    <property name="file.separator" value="/" />
    <property name="spotbugs.home" value="/home/travis/build/icyphy/ptII/vendors/spotbugs-3.1.1" />
    <property name="java.runtime.version" value="11.0.2+9" />
    <property name="env.ANSI_CLEAR" value="\033[0K" />
    <property name="javafx.verbose" value="true" />
    <property name="env.HAS_JOSH_K_SEAL_OF_APPROVAL" value="true" />
    <property name="env.XDG_RUNTIME_DIR" value="/run/user/2000" />
    <property name="env.TRAVIS_OSX_IMAGE" value="" />
    <property name="env.TRAVIS_JOB_ID" value="601100356" />
    <property name="env.TRAVIS_BRANCH" value="master" />
    <property name="user.country" value="US" />
    <property name="env.CERTI_HOME_TRAVIS" value="/home/travis/pthla/certi-tools" />
    <property name="env.SHELL" value="/bin/bash" />
    <property name="java.maxmemory.large" value="3200m" />
    <property name="model" value="" />
    <property name="env.CASHER_DIR" value="/home/travis/.casher" />
    <property name="env.NVM_CD_FLAGS" value="" />
    <property name="java.vendor.version" value="18.9" />
    <property name="jshint.executable" value="/home/travis/node_modules/jshint/bin/jshint" />
    <property name="env.JRUBY_OPTS" value=" --client -J-XX:+TieredCompilation -J-XX:TieredStopAtLevel=1 -J-Xss2m -Xcompile.invokedynamic=false" />
    <property name="java.vendor" value="Oracle Corporation" />
    <property name="env.TRAVIS_PRE_CHEF_BOOTSTRAP_TIME" value="2019-03-25T16:16:42" />
    <property name="env.TRAVIS_STACK_JOB_BOARD_REGISTER" value="/.job-board-register.yml" />
    <property name="env.ANSI_RED" value="\033[31;1m" />
    <property name="java.specification.version" value="11" />
    <property name="env.IRBRC" value="/home/travis/.rvm/rubies/ruby-2.5.3/.irbrc" />
    <property name="env.TRAVIS" value="true" />
    <property name="sun.arch.data.model" value="64" />
  </properties>
  <testcase classname="ptolemy.util.test.junit.TclTests" name="[0] /home/travis/build/icyphy/ptII/ptolemy/actor/lib/test/AbsoluteValue.tcl (RunTclFile)" time="0.528" />
  <testcase classname="ptolemy.util.test.junit.TclTests" name="[1] /home/travis/build/icyphy/ptII/ptolemy/actor/lib/test/AddSubtract.tcl (RunTclFile)" time="0.164" />
  <testcase classname="ptolemy.util.test.junit.TclTests" name="[2] /home/travis/build/icyphy/ptII/ptolemy/actor/lib/test/Average.tcl (RunTclFile)" time="0.035" />
  <testcase classname="ptolemy.util.test.junit.TclTests" name="[3] /home/travis/build/icyphy/ptII/ptolemy/actor/lib/test/Bernoulli.tcl (RunTclFile)" time="0.02" />
  <testcase classname="ptolemy.util.test.junit.TclTests" name="[4] /home/travis/build/icyphy/ptII/ptolemy/actor/lib/test/Clock.tcl (RunTclFile)" time="0.112" />
  <testcase classname="ptolemy.util.test.junit.TclTests" name="[5] /home/travis/build/icyphy/ptII/ptolemy/actor/lib/test/Commutator.tcl (RunTclFile)" time="0.18" />
  <testcase classname="ptolemy.util.test.junit.TclTests" name="[6] /home/travis/build/icyphy/ptII/ptolemy/actor/lib/test/Const.tcl (RunTclFile)" time="0.155" />
  <testcase classname="ptolemy.util.test.junit.TclTests" name="[7] /home/travis/build/icyphy/ptII/ptolemy/actor/lib/test/CurrentTime.tcl (RunTclFile)" time="0.021" />
  <testcase classname="ptolemy.util.test.junit.TclTests" name="[8] /home/travis/build/icyphy/ptII/ptolemy/actor/lib/test/DB.tcl (RunTclFile)" time="0.045" />
  <testcase classname="ptolemy.util.test.junit.TclTests" name="[9] /home/travis/build/icyphy/ptII/ptolemy/actor/lib/test/DiscreteRandomSource.tcl (RunTclFile)" time="0.045" />
  <testcase classname="ptolemy.util.test.junit.TclTests" name="[10] /home/travis/build/icyphy/ptII/ptolemy/actor/lib/test/Distributor.tcl (RunTclFile)" time="0.065" />
  <testcase classname="ptolemy.util.test.junit.TclTests" name="[11] /home/travis/build/icyphy/ptII/ptolemy/actor/lib/test/Exit.tcl (RunTclFile)" time="0.131" />
  <testcase classname="ptolemy.util.test.junit.TclTests" name="[12] /home/travis/build/icyphy/ptII/ptolemy/actor/lib/test/Expression.tcl (RunTclFile)" time="0.122" />
  <testcase classname="ptolemy.util.test.junit.TclTests" name="[13] /home/travis/build/icyphy/ptII/ptolemy/actor/lib/test/Gaussian.tcl (RunTclFile)" time="0.084" />
  <testcase classname="ptolemy.util.test.junit.TclTests" name="[14] /home/travis/build/icyphy/ptII/ptolemy/actor/lib/test/IIR.tcl (RunTclFile)" time="0.031" />
  <testcase classname="ptolemy.util.test.junit.TclTests" name="[15] /home/travis/build/icyphy/ptII/ptolemy/actor/lib/test/Interpolator.tcl (RunTclFile)" time="0.109" />
  <testcase classname="ptolemy.util.test.junit.TclTests" name="[16] /home/travis/build/icyphy/ptII/ptolemy/actor/lib/test/MathFunction.tcl (RunTclFile)" time="0.084" />
  <testcase classname="ptolemy.util.test.junit.TclTests" name="[17] /home/travis/build/icyphy/ptII/ptolemy/actor/lib/test/Maximum.tcl (RunTclFile)" time="0.051" />
  <testcase classname="ptolemy.util.test.junit.TclTests" name="[18] /home/travis/build/icyphy/ptII/ptolemy/actor/lib/test/Minimum.tcl (RunTclFile)" time="0.032" />
  <testcase classname="ptolemy.util.test.junit.TclTests" name="[19] /home/travis/build/icyphy/ptII/ptolemy/actor/lib/test/MultiplyDivide.tcl (RunTclFile)" time="0.028" />
  <testcase classname="ptolemy.util.test.junit.TclTests" name="[20] /home/travis/build/icyphy/ptII/ptolemy/actor/lib/test/OrderedMerge.tcl (RunTclFile)" time="0.128" />
  <testcase classname="ptolemy.util.test.junit.TclTests" name="[21] /home/travis/build/icyphy/ptII/ptolemy/actor/lib/test/Publisher.tcl (RunTclFile)" time="0.724" />
  <testcase classname="ptolemy.util.test.junit.TclTests" name="[22] /home/travis/build/icyphy/ptII/ptolemy/actor/lib/test/Pulse.tcl (RunTclFile)" time="0.058" />
  <testcase classname="ptolemy.util.test.junit.TclTests" name="[23] /home/travis/build/icyphy/ptII/ptolemy/actor/lib/test/Ramp.tcl (RunTclFile)" time="2.387" />
  <testcase classname="ptolemy.util.test.junit.TclTests" name="[24] /home/travis/build/icyphy/ptII/ptolemy/actor/lib/test/RampContinuous.tcl (RunTclFile)" time="0.018" />
  <testcase classname="ptolemy.util.test.junit.TclTests" name="[25] /home/travis/build/icyphy/ptII/ptolemy/actor/lib/test/RecordAssembler.tcl (RunTclFile)" time="0.023" />
  <testcase classname="ptolemy.util.test.junit.TclTests" name="[26] /home/travis/build/icyphy/ptII/ptolemy/actor/lib/test/RecordDisassembler.tcl (RunTclFile)" time="0.035" />
  <testcase classname="ptolemy.util.test.junit.TclTests" name="[27] /home/travis/build/icyphy/ptII/ptolemy/actor/lib/test/Scale.tcl (RunTclFile)" time="0.026" />
  <testcase classname="ptolemy.util.test.junit.TclTests" name="[28] /home/travis/build/icyphy/ptII/ptolemy/actor/lib/test/SequentialClock.tcl (RunTclFile)" time="0.014" />
  <testcase classname="ptolemy.util.test.junit.TclTests" name="[29] /home/travis/build/icyphy/ptII/ptolemy/actor/lib/test/SetVariable.tcl (RunTclFile)" time="0.034">
    <failure message="Number of failed tests is has increased. expected:&lt;0&gt; but was:&lt;1&gt;" type="junit.framework.AssertionFailedError">junit.framework.AssertionFailedError: Number of failed tests is has increased. expected:&lt;0&gt; but was:&lt;1&gt;
	at ptolemy.util.test.junit.TclTests.RunTclFile(TclTests.java:286)
	at jdk.internal.reflect.GeneratedMethodAccessor19.invoke(Unknown Source)
	at java.base/jdk.internal.reflect.DelegatingMethodAccessorImpl.invoke(DelegatingMethodAccessorImpl.java:43)
	at junitparams.internal.InvokeParameterisedMethod.evaluate(InvokeParameterisedMethod.java:102)
	at junitparams.internal.ParameterisedTestMethodRunner.runMethodInvoker(ParameterisedTestMethodRunner.java:47)
	at junitparams.internal.ParameterisedTestMethodRunner.runTestMethod(ParameterisedTestMethodRunner.java:41)
	at junitparams.internal.ParameterisedTestClassRunner.runParameterisedTest(ParameterisedTestClassRunner.java:143)
	at junitparams.JUnitParamsRunner.runChild(JUnitParamsRunner.java:237)
	at junitparams.JUnitParamsRunner.runChild(JUnitParamsRunner.java:215)
</failure>
  </testcase>
  <testcase classname="ptolemy.util.test.junit.TclTests" name="[30] /home/travis/build/icyphy/ptII/ptolemy/actor/lib/test/Sinewave.tcl (RunTclFile)" time="0.053" />
  <testcase classname="ptolemy.util.test.junit.TclTests" name="[31] /home/travis/build/icyphy/ptII/ptolemy/actor/lib/test/SubscriptionAggregator.tcl (RunTclFile)" time="2.342" />
  <testcase classname="ptolemy.util.test.junit.TclTests" name="[32] /home/travis/build/icyphy/ptII/ptolemy/actor/lib/test/Test.tcl (RunTclFile)" time="0.129" />
  <testcase classname="ptolemy.util.test.junit.TclTests" name="[33] /home/travis/build/icyphy/ptII/ptolemy/actor/lib/test/TestExceptionHandler.tcl (RunTclFile)" time="0.014" />
  <testcase classname="ptolemy.util.test.junit.TclTests" name="[34] /home/travis/build/icyphy/ptII/ptolemy/actor/lib/test/UnionDisassembler.tcl (RunTclFile)" time="0.066" />
  <testcase classname="ptolemy.util.test.junit.TclTests" name="[35] /home/travis/build/icyphy/ptII/ptolemy/actor/lib/test/VariableClock.tcl (RunTclFile)" time="0.031" />
  <testcase classname="ptolemy.util.test.junit.AutoKnownFailedTests" name="[0] /home/travis/build/icyphy/ptII/ptolemy/actor/lib/test/auto/knownFailedTests/PublisherPortToplevelSubscriber.xml (RunModel)" time="0.029" />
  <testcase classname="ptolemy.util.test.junit.AutoKnownFailedTests" name="[1] /home/travis/build/icyphy/ptII/ptolemy/actor/lib/test/auto/knownFailedTests/PublisherSubscriberPortToplevel.xml (RunModel)" time="0.021" />
  <testcase classname="ptolemy.util.test.junit.AutoKnownFailedTests" name="[2] /home/travis/build/icyphy/ptII/ptolemy/actor/lib/test/auto/knownFailedTests/PublisherSubscriptionAggregatorPort.xml (RunModel)" time="0.022" />
  <testcase classname="ptolemy.util.test.junit.AutoKnownFailedTests" name="[3] /home/travis/build/icyphy/ptII/ptolemy/actor/lib/test/auto/knownFailedTests/sizedarray3.xml (RunModel)" time="0.025" />
  <testcase classname="ptolemy.util.test.junit.AutoNameArchTests" name="[0] ThereAreNoAutoArchTests (RunModel)" time="0.003" />
  <testcase classname="ptolemy.util.test.junit.AutoTests" name="[0] /home/travis/build/icyphy/ptII/ptolemy/actor/lib/test/auto/AbsoluteValue.xml (RunModel)" time="0.114" />
  <testcase classname="ptolemy.util.test.junit.AutoTests" name="[1] /home/travis/build/icyphy/ptII/ptolemy/actor/lib/test/auto/AbsoluteValue2.xml (RunModel)" time="0.055" />
  <testcase classname="ptolemy.util.test.junit.AutoTests" name="[2] /home/travis/build/icyphy/ptII/ptolemy/actor/lib/test/auto/Accumulator.xml (RunModel)" time="0.157" />
  <testcase classname="ptolemy.util.test.junit.AutoTests" name="[3] /home/travis/build/icyphy/ptII/ptolemy/actor/lib/test/auto/Accumulator2.xml (RunModel)" time="0.055" />
  <testcase classname="ptolemy.util.test.junit.AutoTests" name="[4] /home/travis/build/icyphy/ptII/ptolemy/actor/lib/test/auto/Accumulator3.xml (RunModel)" time="0.042" />
  <testcase classname="ptolemy.util.test.junit.AutoTests" name="[5] /home/travis/build/icyphy/ptII/ptolemy/actor/lib/test/auto/ArrayAppend.xml (RunModel)" time="0.046" />
  <testcase classname="ptolemy.util.test.junit.AutoTests" name="[6] /home/travis/build/icyphy/ptII/ptolemy/actor/lib/test/auto/ArrayAppend2.xml (RunModel)" time="0.391" />
  <testcase classname="ptolemy.util.test.junit.AutoTests" name="[7] /home/travis/build/icyphy/ptII/ptolemy/actor/lib/test/auto/ArrayAppend3.xml (RunModel)" time="0.047" />
  <testcase classname="ptolemy.util.test.junit.AutoTests" name="[8] /home/travis/build/icyphy/ptII/ptolemy/actor/lib/test/auto/ArrayAppend4.xml (RunModel)" time="0.028" />
  <testcase classname="ptolemy.util.test.junit.AutoTests" name="[9] /home/travis/build/icyphy/ptII/ptolemy/actor/lib/test/auto/ArrayAppend5.xml (RunModel)" time="0.017" />
  <testcase classname="ptolemy.util.test.junit.AutoTests" name="[10] /home/travis/build/icyphy/ptII/ptolemy/actor/lib/test/auto/ArrayAppend6.xml (RunModel)" time="0.03" />
  <testcase classname="ptolemy.util.test.junit.AutoTests" name="[11] /home/travis/build/icyphy/ptII/ptolemy/actor/lib/test/auto/ArrayAppendPerformanceTest.xml (RunModel)" time="0.058" />
  <testcase classname="ptolemy.util.test.junit.AutoTests" name="[12] /home/travis/build/icyphy/ptII/ptolemy/actor/lib/test/auto/ArrayAppendWithEmptyInput.xml (RunModel)" time="0.046" />
  <testcase classname="ptolemy.util.test.junit.AutoTests" name="[13] /home/travis/build/icyphy/ptII/ptolemy/actor/lib/test/auto/ArrayAverage.xml (RunModel)" time="0.049" />
  <testcase classname="ptolemy.util.test.junit.AutoTests" name="[14] /home/travis/build/icyphy/ptII/ptolemy/actor/lib/test/auto/ArrayContains.xml (RunModel)" time="0.087" />
  <testcase classname="ptolemy.util.test.junit.AutoTests" name="[15] /home/travis/build/icyphy/ptII/ptolemy/actor/lib/test/auto/ArrayElement.xml (RunModel)" time="0.028" />
  <testcase classname="ptolemy.util.test.junit.AutoTests" name="[16] /home/travis/build/icyphy/ptII/ptolemy/actor/lib/test/auto/ArrayElementAsMatrix.xml (RunModel)" time="0.064" />
  <testcase classname="ptolemy.util.test.junit.AutoTests" name="[17] /home/travis/build/icyphy/ptII/ptolemy/actor/lib/test/auto/ArrayElementI.xml (RunModel)" time="0.028" />
  <testcase classname="ptolemy.util.test.junit.AutoTests" name="[18] /home/travis/build/icyphy/ptII/ptolemy/actor/lib/test/auto/ArrayExtract.xml (RunModel)" time="0.029" />
  <testcase classname="ptolemy.util.test.junit.AutoTests" name="[19] /home/travis/build/icyphy/ptII/ptolemy/actor/lib/test/auto/ArrayExtract2.xml (RunModel)" time="0.017" />
  <testcase classname="ptolemy.util.test.junit.AutoTests" name="[20] /home/travis/build/icyphy/ptII/ptolemy/actor/lib/test/auto/ArrayLength.xml (RunModel)" time="0.045" />
  <testcase classname="ptolemy.util.test.junit.AutoTests" name="[21] /home/travis/build/icyphy/ptII/ptolemy/actor/lib/test/auto/ArrayLevelCrossing.xml (RunModel)" time="0.03" />
  <testcase classname="ptolemy.util.test.junit.AutoTests" name="[22] /home/travis/build/icyphy/ptII/ptolemy/actor/lib/test/auto/ArrayLevelCrossing2.xml (RunModel)" time="0.033" />
  <testcase classname="ptolemy.util.test.junit.AutoTests" name="[23] /home/travis/build/icyphy/ptII/ptolemy/actor/lib/test/auto/ArrayPeakSearch.xml (RunModel)" time="0.045" />
  <testcase classname="ptolemy.util.test.junit.AutoTests" name="[24] /home/travis/build/icyphy/ptII/ptolemy/actor/lib/test/auto/ArrayPeakSearch2.xml (RunModel)" time="0.048" />
  <testcase classname="ptolemy.util.test.junit.AutoTests" name="[25] /home/travis/build/icyphy/ptII/ptolemy/actor/lib/test/auto/ArrayPeakSearch3.xml (RunModel)" time="0.039" />
  <testcase classname="ptolemy.util.test.junit.AutoTests" name="[26] /home/travis/build/icyphy/ptII/ptolemy/actor/lib/test/auto/ArrayRemoveElement.xml (RunModel)" time="0.032" />
  <testcase classname="ptolemy.util.test.junit.AutoTests" name="[27] /home/travis/build/icyphy/ptII/ptolemy/actor/lib/test/auto/ArraySort.xml (RunModel)" time="0.034" />
  <testcase classname="ptolemy.util.test.junit.AutoTests" name="[28] /home/travis/build/icyphy/ptII/ptolemy/actor/lib/test/auto/ArraySum.xml (RunModel)" time="0.021" />
  <testcase classname="ptolemy.util.test.junit.AutoTests" name="[29] /home/travis/build/icyphy/ptII/ptolemy/actor/lib/test/auto/ArrayToElements.xml (RunModel)" time="0.025" />
  <testcase classname="ptolemy.util.test.junit.AutoTests" name="[30] /home/travis/build/icyphy/ptII/ptolemy/actor/lib/test/auto/ArrayToMatrix.xml (RunModel)" time="0.062" />
  <testcase classname="ptolemy.util.test.junit.AutoTests" name="[31] /home/travis/build/icyphy/ptII/ptolemy/actor/lib/test/auto/ArrayUpdate1.xml (RunModel)" time="0.024" />
  <testcase classname="ptolemy.util.test.junit.AutoTests" name="[32] /home/travis/build/icyphy/ptII/ptolemy/actor/lib/test/auto/ArrayUpdate2.xml (RunModel)" time="0.03" />
  <testcase classname="ptolemy.util.test.junit.AutoTests" name="[33] /home/travis/build/icyphy/ptII/ptolemy/actor/lib/test/auto/ArrayUpdate3.xml (RunModel)" time="0.015" />
  <testcase classname="ptolemy.util.test.junit.AutoTests" name="[34] /home/travis/build/icyphy/ptII/ptolemy/actor/lib/test/auto/Assert1.xml (RunModel)" time="0.022" />
  <testcase classname="ptolemy.util.test.junit.AutoTests" name="[35] /home/travis/build/icyphy/ptII/ptolemy/actor/lib/test/auto/Assert2.xml (RunModel)" time="0.014" />
  <testcase classname="ptolemy.util.test.junit.AutoTests" name="[36] /home/travis/build/icyphy/ptII/ptolemy/actor/lib/test/auto/BooleanMultiplexor.xml (RunModel)" time="0.025" />
  <testcase classname="ptolemy.util.test.junit.AutoTests" name="[37] /home/travis/build/icyphy/ptII/ptolemy/actor/lib/test/auto/BooleanMultiplexor2.xml (RunModel)" time="0.03" />
  <testcase classname="ptolemy.util.test.junit.AutoTests" name="[38] /home/travis/build/icyphy/ptII/ptolemy/actor/lib/test/auto/BooleanMultiplexor3.xml (RunModel)" time="0.02" />
  <testcase classname="ptolemy.util.test.junit.AutoTests" name="[39] /home/travis/build/icyphy/ptII/ptolemy/actor/lib/test/auto/BooleanSelect.xml (RunModel)" time="0.032" />
  <testcase classname="ptolemy.util.test.junit.AutoTests" name="[40] /home/travis/build/icyphy/ptII/ptolemy/actor/lib/test/auto/BooleanSelect2.xml (RunModel)" time="0.025" />
  <testcase classname="ptolemy.util.test.junit.AutoTests" name="[41] /home/travis/build/icyphy/ptII/ptolemy/actor/lib/test/auto/BooleanSwitch.xml (RunModel)" time="0.028" />
  <testcase classname="ptolemy.util.test.junit.AutoTests" name="[42] /home/travis/build/icyphy/ptII/ptolemy/actor/lib/test/auto/BooleanSwitch2.xml (RunModel)" time="0.016" />
  <testcase classname="ptolemy.util.test.junit.AutoTests" name="[43] /home/travis/build/icyphy/ptII/ptolemy/actor/lib/test/auto/BooleanSwitchCloningBugWithClassRelationGroup.xml (RunModel)" time="0.035" />
  <testcase classname="ptolemy.util.test.junit.AutoTests" name="[44] /home/travis/build/icyphy/ptII/ptolemy/actor/lib/test/auto/BusActors.xml (RunModel)" time="0.042" />
  <testcase classname="ptolemy.util.test.junit.AutoTests" name="[45] /home/travis/build/icyphy/ptII/ptolemy/actor/lib/test/auto/ClassWrapper.xml (RunModel)" time="0.031" />
  <testcase classname="ptolemy.util.test.junit.AutoTests" name="[46] /home/travis/build/icyphy/ptII/ptolemy/actor/lib/test/auto/Clock.xml (RunModel)" time="0.013" />
  <testcase classname="ptolemy.util.test.junit.AutoTests" name="[47] /home/travis/build/icyphy/ptII/ptolemy/actor/lib/test/auto/Clock10.xml (RunModel)" time="0.02" />
  <testcase classname="ptolemy.util.test.junit.AutoTests" name="[48] /home/travis/build/icyphy/ptII/ptolemy/actor/lib/test/auto/Clock11.xml (RunModel)" time="0.035" />
  <testcase classname="ptolemy.util.test.junit.AutoTests" name="[49] /home/travis/build/icyphy/ptII/ptolemy/actor/lib/test/auto/Clock12.xml (RunModel)" time="0.021" />
  <testcase classname="ptolemy.util.test.junit.AutoTests" name="[50] /home/travis/build/icyphy/ptII/ptolemy/actor/lib/test/auto/Clock13.xml (RunModel)" time="0.018" />
  <testcase classname="ptolemy.util.test.junit.AutoTests" name="[51] /home/travis/build/icyphy/ptII/ptolemy/actor/lib/test/auto/Clock14.xml (RunModel)" time="0.028" />
  <testcase classname="ptolemy.util.test.junit.AutoTests" name="[52] /home/travis/build/icyphy/ptII/ptolemy/actor/lib/test/auto/Clock15.xml (RunModel)" time="0.019" />
  <testcase classname="ptolemy.util.test.junit.AutoTests" name="[53] /home/travis/build/icyphy/ptII/ptolemy/actor/lib/test/auto/Clock16.xml (RunModel)" time="0.108" />
  <testcase classname="ptolemy.util.test.junit.AutoTests" name="[54] /home/travis/build/icyphy/ptII/ptolemy/actor/lib/test/auto/Clock17.xml (RunModel)" time="0.073" />
  <testcase classname="ptolemy.util.test.junit.AutoTests" name="[55] /home/travis/build/icyphy/ptII/ptolemy/actor/lib/test/auto/Clock18.xml (RunModel)" time="0.056" />
  <testcase classname="ptolemy.util.test.junit.AutoTests" name="[56] /home/travis/build/icyphy/ptII/ptolemy/actor/lib/test/auto/Clock19.xml (RunModel)" time="0.05" />
  <testcase classname="ptolemy.util.test.junit.AutoTests" name="[57] /home/travis/build/icyphy/ptII/ptolemy/actor/lib/test/auto/Clock2.xml (RunModel)" time="0.016" />
  <testcase classname="ptolemy.util.test.junit.AutoTests" name="[58] /home/travis/build/icyphy/ptII/ptolemy/actor/lib/test/auto/Clock20.xml (RunModel)" time="0.02" />
  <testcase classname="ptolemy.util.test.junit.AutoTests" name="[59] /home/travis/build/icyphy/ptII/ptolemy/actor/lib/test/auto/Clock21.xml (RunModel)" time="0.017" />
  <testcase classname="ptolemy.util.test.junit.AutoTests" name="[60] /home/travis/build/icyphy/ptII/ptolemy/actor/lib/test/auto/Clock22.xml (RunModel)" time="0.016" />
  <testcase classname="ptolemy.util.test.junit.AutoTests" name="[61] /home/travis/build/icyphy/ptII/ptolemy/actor/lib/test/auto/Clock23.xml (RunModel)" time="0.021" />
  <testcase classname="ptolemy.util.test.junit.AutoTests" name="[62] /home/travis/build/icyphy/ptII/ptolemy/actor/lib/test/auto/Clock24.xml (RunModel)" time="0.019" />
  <testcase classname="ptolemy.util.test.junit.AutoTests" name="[63] /home/travis/build/icyphy/ptII/ptolemy/actor/lib/test/auto/Clock4.xml (RunModel)" time="0.013" />
  <testcase classname="ptolemy.util.test.junit.AutoTests" name="[64] /home/travis/build/icyphy/ptII/ptolemy/actor/lib/test/auto/Clock5.xml (RunModel)" time="0.013" />
  <testcase classname="ptolemy.util.test.junit.AutoTests" name="[65] /home/travis/build/icyphy/ptII/ptolemy/actor/lib/test/auto/Clock6.xml (RunModel)" time="0.016" />
  <testcase classname="ptolemy.util.test.junit.AutoTests" name="[66] /home/travis/build/icyphy/ptII/ptolemy/actor/lib/test/auto/Clock7.xml (RunModel)" time="0.012" />
  <testcase classname="ptolemy.util.test.junit.AutoTests" name="[67] /home/travis/build/icyphy/ptII/ptolemy/actor/lib/test/auto/Clock8.xml (RunModel)" time="0.019" />
  <testcase classname="ptolemy.util.test.junit.AutoTests" name="[68] /home/travis/build/icyphy/ptII/ptolemy/actor/lib/test/auto/Clock9.xml (RunModel)" time="0.016" />
  <testcase classname="ptolemy.util.test.junit.AutoTests" name="[69] /home/travis/build/icyphy/ptII/ptolemy/actor/lib/test/auto/CommDistDiscard.xml (RunModel)" time="0.03" />
  <testcase classname="ptolemy.util.test.junit.AutoTests" name="[70] /home/travis/build/icyphy/ptII/ptolemy/actor/lib/test/auto/Commutator.xml (RunModel)" time="0.017" />
  <testcase classname="ptolemy.util.test.junit.AutoTests" name="[71] /home/travis/build/icyphy/ptII/ptolemy/actor/lib/test/auto/Commutator2.xml (RunModel)" time="0.011" />
  <testcase classname="ptolemy.util.test.junit.AutoTests" name="[72] /home/travis/build/icyphy/ptII/ptolemy/actor/lib/test/auto/Commutator3.xml (RunModel)" time="0.015" />
  <testcase classname="ptolemy.util.test.junit.AutoTests" name="[73] /home/travis/build/icyphy/ptII/ptolemy/actor/lib/test/auto/Compare.xml (RunModel)" time="0.022" />
  <testcase classname="ptolemy.util.test.junit.AutoTests" name="[74] /home/travis/build/icyphy/ptII/ptolemy/actor/lib/test/auto/CompareDE.xml (RunModel)" time="0.023" />
  <testcase classname="ptolemy.util.test.junit.AutoTests" name="[75] /home/travis/build/icyphy/ptII/ptolemy/actor/lib/test/auto/ComplexDivide.xml (RunModel)" time="0.014" />
  <testcase classname="ptolemy.util.test.junit.AutoTests" name="[76] /home/travis/build/icyphy/ptII/ptolemy/actor/lib/test/auto/ComputeHistogram.xml (RunModel)" time="0.074" />
  <testcase classname="ptolemy.util.test.junit.AutoTests" name="[77] /home/travis/build/icyphy/ptII/ptolemy/actor/lib/test/auto/ConfigurationSelect.xml (RunModel)" time="0.021" />
  <testcase classname="ptolemy.util.test.junit.AutoTests" name="[78] /home/travis/build/icyphy/ptII/ptolemy/actor/lib/test/auto/ConfigurationSelect2.xml (RunModel)" time="0.017" />
  <testcase classname="ptolemy.util.test.junit.AutoTests" name="[79] /home/travis/build/icyphy/ptII/ptolemy/actor/lib/test/auto/ConfigurationSwitch.xml (RunModel)" time="0.021" />
  <testcase classname="ptolemy.util.test.junit.AutoTests" name="[80] /home/travis/build/icyphy/ptII/ptolemy/actor/lib/test/auto/ConfigurationSwitch2.xml (RunModel)" time="0.035" />
  <testcase classname="ptolemy.util.test.junit.AutoTests" name="[81] /home/travis/build/icyphy/ptII/ptolemy/actor/lib/test/auto/ConfigurationSwitchCloningBugWithClassRelationGroup.xml (RunModel)" time="0.019" />
  <testcase classname="ptolemy.util.test.junit.AutoTests" name="[82] /home/travis/build/icyphy/ptII/ptolemy/actor/lib/test/auto/ConfigurationSwitchSelectSDF.xml (RunModel)" time="0.014" />
  <testcase classname="ptolemy.util.test.junit.AutoTests" name="[83] /home/travis/build/icyphy/ptII/ptolemy/actor/lib/test/auto/ConfigurationSwitchSelectSDF2.xml (RunModel)" time="0.014" />
  <testcase classname="ptolemy.util.test.junit.AutoTests" name="[84] /home/travis/build/icyphy/ptII/ptolemy/actor/lib/test/auto/Const.xml (RunModel)" time="0.007" />
  <testcase classname="ptolemy.util.test.junit.AutoTests" name="[85] /home/travis/build/icyphy/ptII/ptolemy/actor/lib/test/auto/Const2.xml (RunModel)" time="0.01" />
  <testcase classname="ptolemy.util.test.junit.AutoTests" name="[86] /home/travis/build/icyphy/ptII/ptolemy/actor/lib/test/auto/Const3.xml (RunModel)" time="0.009" />
  <testcase classname="ptolemy.util.test.junit.AutoTests" name="[87] /home/travis/build/icyphy/ptII/ptolemy/actor/lib/test/auto/ConstantPublisherPort1.xml (RunModel)" time="0.022" />
  <testcase classname="ptolemy.util.test.junit.AutoTests" name="[88] /home/travis/build/icyphy/ptII/ptolemy/actor/lib/test/auto/ConstantPublisherPort2.xml (RunModel)" time="0.021" />
  <testcase classname="ptolemy.util.test.junit.AutoTests" name="[89] /home/travis/build/icyphy/ptII/ptolemy/actor/lib/test/auto/ConstantPublisherPort3.xml (RunModel)" time="0.024" />
  <testcase classname="ptolemy.util.test.junit.AutoTests" name="[90] /home/travis/build/icyphy/ptII/ptolemy/actor/lib/test/auto/ConstantPublisherPort4.xml (RunModel)" time="0.024" />
  <testcase classname="ptolemy.util.test.junit.AutoTests" name="[91] /home/travis/build/icyphy/ptII/ptolemy/actor/lib/test/auto/ConstantPublisherPort5.xml (RunModel)" time="0.046" />
  <testcase classname="ptolemy.util.test.junit.AutoTests" name="[92] /home/travis/build/icyphy/ptII/ptolemy/actor/lib/test/auto/ConstantPublisherPort6.xml (RunModel)" time="0.032" />
  <testcase classname="ptolemy.util.test.junit.AutoTests" name="[93] /home/travis/build/icyphy/ptII/ptolemy/actor/lib/test/auto/ConstantPublisherPort7.xml (RunModel)" time="0.035" />
  <testcase classname="ptolemy.util.test.junit.AutoTests" name="[94] /home/travis/build/icyphy/ptII/ptolemy/actor/lib/test/auto/ConstraintMonitor1.xml (RunModel)" time="0.057" />
  <testcase classname="ptolemy.util.test.junit.AutoTests" name="[95] /home/travis/build/icyphy/ptII/ptolemy/actor/lib/test/auto/ConstraintMonitor2.xml (RunModel)" time="0.013" />
  <testcase classname="ptolemy.util.test.junit.AutoTests" name="[96] /home/travis/build/icyphy/ptII/ptolemy/actor/lib/test/auto/ConstraintMonitor3.xml (RunModel)" time="0.016" />
  <testcase classname="ptolemy.util.test.junit.AutoTests" name="[97] /home/travis/build/icyphy/ptII/ptolemy/actor/lib/test/auto/ConstraintMonitor4.xml (RunModel)" time="0.013" />
  <testcase classname="ptolemy.util.test.junit.AutoTests" name="[98] /home/travis/build/icyphy/ptII/ptolemy/actor/lib/test/auto/ConstraintMonitor5.xml (RunModel)" time="0.009" />
  <testcase classname="ptolemy.util.test.junit.AutoTests" name="[99] /home/travis/build/icyphy/ptII/ptolemy/actor/lib/test/auto/ConstraintMonitor6.xml (RunModel)" time="0.017" />
  <testcase classname="ptolemy.util.test.junit.AutoTests" name="[100] /home/travis/build/icyphy/ptII/ptolemy/actor/lib/test/auto/ConstraintMonitor7.xml (RunModel)" time="0.019" />
  <testcase classname="ptolemy.util.test.junit.AutoTests" name="[101] /home/travis/build/icyphy/ptII/ptolemy/actor/lib/test/auto/ConstraintMonitor8.xml (RunModel)" time="0.018" />
  <testcase classname="ptolemy.util.test.junit.AutoTests" name="[102] /home/travis/build/icyphy/ptII/ptolemy/actor/lib/test/auto/Counter.xml (RunModel)" time="0.014" />
  <testcase classname="ptolemy.util.test.junit.AutoTests" name="[103] /home/travis/build/icyphy/ptII/ptolemy/actor/lib/test/auto/CurrentTimeSDF.xml (RunModel)" time="0.008" />
  <testcase classname="ptolemy.util.test.junit.AutoTests" name="[104] /home/travis/build/icyphy/ptII/ptolemy/actor/lib/test/auto/DB.xml (RunModel)" time="0.012" />
  <testcase classname="ptolemy.util.test.junit.AutoTests" name="[105] /home/travis/build/icyphy/ptII/ptolemy/actor/lib/test/auto/DBDE.xml (RunModel)" time="0.013" />
  <testcase classname="ptolemy.util.test.junit.AutoTests" name="[106] /home/travis/build/icyphy/ptII/ptolemy/actor/lib/test/auto/DateConstructor.xml (RunModel)" time="0.07" />
  <testcase classname="ptolemy.util.test.junit.AutoTests" name="[107] /home/travis/build/icyphy/ptII/ptolemy/actor/lib/test/auto/DelayTime.xml (RunModel)" time="0.02" />
  <testcase classname="ptolemy.util.test.junit.AutoTests" name="[108] /home/travis/build/icyphy/ptII/ptolemy/actor/lib/test/auto/Dictionary1.xml (RunModel)" time="0.021" />
  <testcase classname="ptolemy.util.test.junit.AutoTests" name="[109] /home/travis/build/icyphy/ptII/ptolemy/actor/lib/test/auto/Dictionary2.xml (RunModel)" time="0.019" />
  <testcase classname="ptolemy.util.test.junit.AutoTests" name="[110] /home/travis/build/icyphy/ptII/ptolemy/actor/lib/test/auto/Dictionary3.xml (RunModel)" time="0.013" />
  <testcase classname="ptolemy.util.test.junit.AutoTests" name="[111] /home/travis/build/icyphy/ptII/ptolemy/actor/lib/test/auto/Dictionary4.xml (RunModel)" time="0.017" />
  <testcase classname="ptolemy.util.test.junit.AutoTests" name="[112] /home/travis/build/icyphy/ptII/ptolemy/actor/lib/test/auto/Differential.xml (RunModel)" time="0.013" />
  <testcase classname="ptolemy.util.test.junit.AutoTests" name="[113] /home/travis/build/icyphy/ptII/ptolemy/actor/lib/test/auto/Director.xml (RunModel)" time="0.012" />
  <testcase classname="ptolemy.util.test.junit.AutoTests" name="[114] /home/travis/build/icyphy/ptII/ptolemy/actor/lib/test/auto/DiscreteClock.xml (RunModel)" time="0.009" />
  <testcase classname="ptolemy.util.test.junit.AutoTests" name="[115] /home/travis/build/icyphy/ptII/ptolemy/actor/lib/test/auto/DiscreteClock10.xml (RunModel)" time="0.012" />
  <testcase classname="ptolemy.util.test.junit.AutoTests" name="[116] /home/travis/build/icyphy/ptII/ptolemy/actor/lib/test/auto/DiscreteClock11.xml (RunModel)" time="0.013" />
  <testcase classname="ptolemy.util.test.junit.AutoTests" name="[117] /home/travis/build/icyphy/ptII/ptolemy/actor/lib/test/auto/DiscreteClock12.xml (RunModel)" time="0.015" />
  <testcase classname="ptolemy.util.test.junit.AutoTests" name="[118] /home/travis/build/icyphy/ptII/ptolemy/actor/lib/test/auto/DiscreteClock13.xml (RunModel)" time="0.015" />
  <testcase classname="ptolemy.util.test.junit.AutoTests" name="[119] /home/travis/build/icyphy/ptII/ptolemy/actor/lib/test/auto/DiscreteClock14.xml (RunModel)" time="0.014" />
  <testcase classname="ptolemy.util.test.junit.AutoTests" name="[120] /home/travis/build/icyphy/ptII/ptolemy/actor/lib/test/auto/DiscreteClock15.xml (RunModel)" time="0.015" />
  <testcase classname="ptolemy.util.test.junit.AutoTests" name="[121] /home/travis/build/icyphy/ptII/ptolemy/actor/lib/test/auto/DiscreteClock16.xml (RunModel)" time="0.036" />
  <testcase classname="ptolemy.util.test.junit.AutoTests" name="[122] /home/travis/build/icyphy/ptII/ptolemy/actor/lib/test/auto/DiscreteClock17.xml (RunModel)" time="0.042" />
  <testcase classname="ptolemy.util.test.junit.AutoTests" name="[123] /home/travis/build/icyphy/ptII/ptolemy/actor/lib/test/auto/DiscreteClock18.xml (RunModel)" time="0.033" />
  <testcase classname="ptolemy.util.test.junit.AutoTests" name="[124] /home/travis/build/icyphy/ptII/ptolemy/actor/lib/test/auto/DiscreteClock19.xml (RunModel)" time="0.039" />
  <testcase classname="ptolemy.util.test.junit.AutoTests" name="[125] /home/travis/build/icyphy/ptII/ptolemy/actor/lib/test/auto/DiscreteClock2.xml (RunModel)" time="0.014" />
  <testcase classname="ptolemy.util.test.junit.AutoTests" name="[126] /home/travis/build/icyphy/ptII/ptolemy/actor/lib/test/auto/DiscreteClock20.xml (RunModel)" time="0.018" />
  <testcase classname="ptolemy.util.test.junit.AutoTests" name="[127] /home/travis/build/icyphy/ptII/ptolemy/actor/lib/test/auto/DiscreteClock21.xml (RunModel)" time="0.024" />
  <testcase classname="ptolemy.util.test.junit.AutoTests" name="[128] /home/travis/build/icyphy/ptII/ptolemy/actor/lib/test/auto/DiscreteClock22.xml (RunModel)" time="0.017" />
  <testcase classname="ptolemy.util.test.junit.AutoTests" name="[129] /home/travis/build/icyphy/ptII/ptolemy/actor/lib/test/auto/DiscreteClock23.xml (RunModel)" time="0.022" />
  <testcase classname="ptolemy.util.test.junit.AutoTests" name="[130] /home/travis/build/icyphy/ptII/ptolemy/actor/lib/test/auto/DiscreteClock24.xml (RunModel)" time="0.014" />
  <testcase classname="ptolemy.util.test.junit.AutoTests" name="[131] /home/travis/build/icyphy/ptII/ptolemy/actor/lib/test/auto/DiscreteClock4.xml (RunModel)" time="0.012" />
  <testcase classname="ptolemy.util.test.junit.AutoTests" name="[132] /home/travis/build/icyphy/ptII/ptolemy/actor/lib/test/auto/DiscreteClock5.xml (RunModel)" time="0.008" />
  <testcase classname="ptolemy.util.test.junit.AutoTests" name="[133] /home/travis/build/icyphy/ptII/ptolemy/actor/lib/test/auto/DiscreteClock6.xml (RunModel)" time="0.01" />
  <testcase classname="ptolemy.util.test.junit.AutoTests" name="[134] /home/travis/build/icyphy/ptII/ptolemy/actor/lib/test/auto/DiscreteClock7.xml (RunModel)" time="0.009" />
  <testcase classname="ptolemy.util.test.junit.AutoTests" name="[135] /home/travis/build/icyphy/ptII/ptolemy/actor/lib/test/auto/DiscreteClock8.xml (RunModel)" time="0.021" />
  <testcase classname="ptolemy.util.test.junit.AutoTests" name="[136] /home/travis/build/icyphy/ptII/ptolemy/actor/lib/test/auto/DiscreteClock9.xml (RunModel)" time="0.013" />
  <testcase classname="ptolemy.util.test.junit.AutoTests" name="[137] /home/travis/build/icyphy/ptII/ptolemy/actor/lib/test/auto/DisplayArray.xml (RunModel)" time="0.008" />
  <testcase classname="ptolemy.util.test.junit.AutoTests" name="[138] /home/travis/build/icyphy/ptII/ptolemy/actor/lib/test/auto/Distributor.xml (RunModel)" time="0.013" />
  <testcase classname="ptolemy.util.test.junit.AutoTests" name="[139] /home/travis/build/icyphy/ptII/ptolemy/actor/lib/test/auto/Distributor2.xml (RunModel)" time="0.011" />
  <testcase classname="ptolemy.util.test.junit.AutoTests" name="[140] /home/travis/build/icyphy/ptII/ptolemy/actor/lib/test/auto/DownSample.xml (RunModel)" time="0.008" />
  <testcase classname="ptolemy.util.test.junit.AutoTests" name="[141] /home/travis/build/icyphy/ptII/ptolemy/actor/lib/test/auto/ElectronicUnitBase1.xml (RunModel)" time="0.049" />
  <testcase classname="ptolemy.util.test.junit.AutoTests" name="[142] /home/travis/build/icyphy/ptII/ptolemy/actor/lib/test/auto/ElementsToArray.xml (RunModel)" time="0.009" />
  <testcase classname="ptolemy.util.test.junit.AutoTests" name="[143] /home/travis/build/icyphy/ptII/ptolemy/actor/lib/test/auto/Equals.xml (RunModel)" time="0.012" />
  <testcase classname="ptolemy.util.test.junit.AutoTests" name="[144] /home/travis/build/icyphy/ptII/ptolemy/actor/lib/test/auto/Exec.xml (RunModel)" time="0.033" />
  <testcase classname="ptolemy.util.test.junit.AutoTests" name="[145] /home/travis/build/icyphy/ptII/ptolemy/actor/lib/test/auto/ExecEnvironment.xml (RunModel)" time="0.035" />
  <testcase classname="ptolemy.util.test.junit.AutoTests" name="[146] /home/travis/build/icyphy/ptII/ptolemy/actor/lib/test/auto/ExecNonZeroReturnOutput.xml (RunModel)" time="0.203" />
  <testcase classname="ptolemy.util.test.junit.AutoTests" name="[147] /home/travis/build/icyphy/ptII/ptolemy/actor/lib/test/auto/ExecRunDemos.xml (RunModel)" time="10.589" />
  <testcase classname="ptolemy.util.test.junit.AutoTests" name="[148] /home/travis/build/icyphy/ptII/ptolemy/actor/lib/test/auto/ExecStop.xml (RunModel)" time="5.039" />
  <testcase classname="ptolemy.util.test.junit.AutoTests" name="[149] /home/travis/build/icyphy/ptII/ptolemy/actor/lib/test/auto/ExecutionTimeSDF.xml (RunModel)" time="6.034" />
  <testcase classname="ptolemy.util.test.junit.AutoTests" name="[150] /home/travis/build/icyphy/ptII/ptolemy/actor/lib/test/auto/Expression1.xml (RunModel)" time="0.021" />
  <testcase classname="ptolemy.util.test.junit.AutoTests" name="[151] /home/travis/build/icyphy/ptII/ptolemy/actor/lib/test/auto/Expression10.xml (RunModel)" time="0.018" />
  <testcase classname="ptolemy.util.test.junit.AutoTests" name="[152] /home/travis/build/icyphy/ptII/ptolemy/actor/lib/test/auto/Expression11.xml (RunModel)" time="0.013" />
  <testcase classname="ptolemy.util.test.junit.AutoTests" name="[153] /home/travis/build/icyphy/ptII/ptolemy/actor/lib/test/auto/Expression12.xml (RunModel)" time="0.012" />
  <testcase classname="ptolemy.util.test.junit.AutoTests" name="[154] /home/travis/build/icyphy/ptII/ptolemy/actor/lib/test/auto/Expression13.xml (RunModel)" time="0.011" />
  <testcase classname="ptolemy.util.test.junit.AutoTests" name="[155] /home/travis/build/icyphy/ptII/ptolemy/actor/lib/test/auto/Expression14.xml (RunModel)" time="0.018" />
  <testcase classname="ptolemy.util.test.junit.AutoTests" name="[156] /home/travis/build/icyphy/ptII/ptolemy/actor/lib/test/auto/Expression15.xml (RunModel)" time="0.006" />
  <testcase classname="ptolemy.util.test.junit.AutoTests" name="[157] /home/travis/build/icyphy/ptII/ptolemy/actor/lib/test/auto/Expression16.xml (RunModel)" time="0.013" />
  <testcase classname="ptolemy.util.test.junit.AutoTests" name="[158] /home/travis/build/icyphy/ptII/ptolemy/actor/lib/test/auto/Expression17.xml (RunModel)" time="0.01" />
  <testcase classname="ptolemy.util.test.junit.AutoTests" name="[159] /home/travis/build/icyphy/ptII/ptolemy/actor/lib/test/auto/Expression18.xml (RunModel)" time="0.013" />
  <testcase classname="ptolemy.util.test.junit.AutoTests" name="[160] /home/travis/build/icyphy/ptII/ptolemy/actor/lib/test/auto/Expression2.xml (RunModel)" time="0.013" />
  <testcase classname="ptolemy.util.test.junit.AutoTests" name="[161] /home/travis/build/icyphy/ptII/ptolemy/actor/lib/test/auto/Expression3.xml (RunModel)" time="0.012" />
  <testcase classname="ptolemy.util.test.junit.AutoTests" name="[162] /home/travis/build/icyphy/ptII/ptolemy/actor/lib/test/auto/Expression4.xml (RunModel)" time="0.017" />
  <testcase classname="ptolemy.util.test.junit.AutoTests" name="[163] /home/travis/build/icyphy/ptII/ptolemy/actor/lib/test/auto/Expression5.xml (RunModel)" time="0.014" />
  <testcase classname="ptolemy.util.test.junit.AutoTests" name="[164] /home/travis/build/icyphy/ptII/ptolemy/actor/lib/test/auto/Expression6.xml (RunModel)" time="0.008" />
  <testcase classname="ptolemy.util.test.junit.AutoTests" name="[165] /home/travis/build/icyphy/ptII/ptolemy/actor/lib/test/auto/Expression7.xml (RunModel)" time="0.011" />
  <testcase classname="ptolemy.util.test.junit.AutoTests" name="[166] /home/travis/build/icyphy/ptII/ptolemy/actor/lib/test/auto/Expression8.xml (RunModel)" time="0.015" />
  <testcase classname="ptolemy.util.test.junit.AutoTests" name="[167] /home/travis/build/icyphy/ptII/ptolemy/actor/lib/test/auto/Expression9.xml (RunModel)" time="0.007" />
  <testcase classname="ptolemy.util.test.junit.AutoTests" name="[168] /home/travis/build/icyphy/ptII/ptolemy/actor/lib/test/auto/ExpressionConcatenateArrayType.xml (RunModel)" time="0.03" />
  <testcase classname="ptolemy.util.test.junit.AutoTests" name="[169] /home/travis/build/icyphy/ptII/ptolemy/actor/lib/test/auto/ExpressionConcatenateArrayType2.xml (RunModel)" time="0.033" />
  <testcase classname="ptolemy.util.test.junit.AutoTests" name="[170] /home/travis/build/icyphy/ptII/ptolemy/actor/lib/test/auto/ExpressionFix.xml (RunModel)" time="0.045" />
  <testcase classname="ptolemy.util.test.junit.AutoTests" name="[171] /home/travis/build/icyphy/ptII/ptolemy/actor/lib/test/auto/ExpressionFix2.xml (RunModel)" time="0.012" />
  <testcase classname="ptolemy.util.test.junit.AutoTests" name="[172] /home/travis/build/icyphy/ptII/ptolemy/actor/lib/test/auto/ExpressionFix3.xml (RunModel)" time="0.011" />
  <testcase classname="ptolemy.util.test.junit.AutoTests" name="[173] /home/travis/build/icyphy/ptII/ptolemy/actor/lib/test/auto/FileWriter1.xml (RunModel)" time="0.01" />
  <testcase classname="ptolemy.util.test.junit.AutoTests" name="[174] /home/travis/build/icyphy/ptII/ptolemy/actor/lib/test/auto/FileWriter2.xml (RunModel)" time="0.009" />
  <testcase classname="ptolemy.util.test.junit.AutoTests" name="[175] /home/travis/build/icyphy/ptII/ptolemy/actor/lib/test/auto/FileWriter3.xml (RunModel)" time="0.016" />
  <testcase classname="ptolemy.util.test.junit.AutoTests" name="[176] /home/travis/build/icyphy/ptII/ptolemy/actor/lib/test/auto/Gaussian.xml (RunModel)" time="0.011" />
  <testcase classname="ptolemy.util.test.junit.AutoTests" name="[177] /home/travis/build/icyphy/ptII/ptolemy/actor/lib/test/auto/Gaussian1.xml (RunModel)" time="0.02" />
  <testcase classname="ptolemy.util.test.junit.AutoTests" name="[178] /home/travis/build/icyphy/ptII/ptolemy/actor/lib/test/auto/Gaussian2.xml (RunModel)" time="0.019" />
  <testcase classname="ptolemy.util.test.junit.AutoTests" name="[179] /home/travis/build/icyphy/ptII/ptolemy/actor/lib/test/auto/GradientAdaptiveLattice.xml (RunModel)" time="0.014" />
  <testcase classname="ptolemy.util.test.junit.AutoTests" name="[180] /home/travis/build/icyphy/ptII/ptolemy/actor/lib/test/auto/IIR.xml (RunModel)" time="0.009" />
  <testcase classname="ptolemy.util.test.junit.AutoTests" name="[181] /home/travis/build/icyphy/ptII/ptolemy/actor/lib/test/auto/InputOutputTransparentPorts.xml (RunModel)" time="0.016" />
  <testcase classname="ptolemy.util.test.junit.AutoTests" name="[182] /home/travis/build/icyphy/ptII/ptolemy/actor/lib/test/auto/Interpolator.xml (RunModel)" time="0.011" />
  <testcase classname="ptolemy.util.test.junit.AutoTests" name="[183] /home/travis/build/icyphy/ptII/ptolemy/actor/lib/test/auto/InterpolatorFiringLimitDE.xml (RunModel)" time="0.013" />
  <testcase classname="ptolemy.util.test.junit.AutoTests" name="[184] /home/travis/build/icyphy/ptII/ptolemy/actor/lib/test/auto/Lattice.xml (RunModel)" time="0.011" />
  <testcase classname="ptolemy.util.test.junit.AutoTests" name="[185] /home/travis/build/icyphy/ptII/ptolemy/actor/lib/test/auto/LazyAOCTestLazy.xml (RunModel)" time="0.027" />
  <testcase classname="ptolemy.util.test.junit.AutoTests" name="[186] /home/travis/build/icyphy/ptII/ptolemy/actor/lib/test/auto/LazyAOCTestNonLazy.xml (RunModel)" time="0.044" />
  <testcase classname="ptolemy.util.test.junit.AutoTests" name="[187] /home/travis/build/icyphy/ptII/ptolemy/actor/lib/test/auto/LazyInnerClass.xml (RunModel)" time="0.052" />
  <testcase classname="ptolemy.util.test.junit.AutoTests" name="[188] /home/travis/build/icyphy/ptII/ptolemy/actor/lib/test/auto/LazyPubSub.xml (RunModel)" time="0.059" />
  <testcase classname="ptolemy.util.test.junit.AutoTests" name="[189] /home/travis/build/icyphy/ptII/ptolemy/actor/lib/test/auto/LazyPubSub2.xml (RunModel)" time="0.027" />
  <testcase classname="ptolemy.util.test.junit.AutoTests" name="[190] /home/travis/build/icyphy/ptII/ptolemy/actor/lib/test/auto/LazyPubSub3.xml (RunModel)" time="0.028" />
  <testcase classname="ptolemy.util.test.junit.AutoTests" name="[191] /home/travis/build/icyphy/ptII/ptolemy/actor/lib/test/auto/LazySubClassModel.xml (RunModel)" time="0.039" />
  <testcase classname="ptolemy.util.test.junit.AutoTests" name="[192] /home/travis/build/icyphy/ptII/ptolemy/actor/lib/test/auto/LevelCrossTest1.xml (RunModel)" time="0.01" />
  <testcase classname="ptolemy.util.test.junit.AutoTests" name="[193] /home/travis/build/icyphy/ptII/ptolemy/actor/lib/test/auto/LevelCrossTest10.xml (RunModel)" time="0.014" />
  <testcase classname="ptolemy.util.test.junit.AutoTests" name="[194] /home/travis/build/icyphy/ptII/ptolemy/actor/lib/test/auto/LevelCrossTest11.xml (RunModel)" time="0.015" />
  <testcase classname="ptolemy.util.test.junit.AutoTests" name="[195] /home/travis/build/icyphy/ptII/ptolemy/actor/lib/test/auto/LevelCrossTest12.xml (RunModel)" time="0.016" />
  <testcase classname="ptolemy.util.test.junit.AutoTests" name="[196] /home/travis/build/icyphy/ptII/ptolemy/actor/lib/test/auto/LevelCrossTest13.xml (RunModel)" time="0.013" />
  <testcase classname="ptolemy.util.test.junit.AutoTests" name="[197] /home/travis/build/icyphy/ptII/ptolemy/actor/lib/test/auto/LevelCrossTest2.xml (RunModel)" time="0.009" />
  <testcase classname="ptolemy.util.test.junit.AutoTests" name="[198] /home/travis/build/icyphy/ptII/ptolemy/actor/lib/test/auto/LevelCrossTest3.xml (RunModel)" time="0.014" />
  <testcase classname="ptolemy.util.test.junit.AutoTests" name="[199] /home/travis/build/icyphy/ptII/ptolemy/actor/lib/test/auto/LevelCrossTest4.xml (RunModel)" time="0.01" />
  <testcase classname="ptolemy.util.test.junit.AutoTests" name="[200] /home/travis/build/icyphy/ptII/ptolemy/actor/lib/test/auto/LevelCrossTest5.xml (RunModel)" time="0.014" />
  <testcase classname="ptolemy.util.test.junit.AutoTests" name="[201] /home/travis/build/icyphy/ptII/ptolemy/actor/lib/test/auto/LevelCrossTest6.xml (RunModel)" time="0.012" />
  <testcase classname="ptolemy.util.test.junit.AutoTests" name="[202] /home/travis/build/icyphy/ptII/ptolemy/actor/lib/test/auto/LevelCrossTest7.xml (RunModel)" time="0.02" />
  <testcase classname="ptolemy.util.test.junit.AutoTests" name="[203] /home/travis/build/icyphy/ptII/ptolemy/actor/lib/test/auto/LevelCrossTest8.xml (RunModel)" time="0.012" />
  <testcase classname="ptolemy.util.test.junit.AutoTests" name="[204] /home/travis/build/icyphy/ptII/ptolemy/actor/lib/test/auto/LevelCrossTest9.xml (RunModel)" time="0.012" />
  <testcase classname="ptolemy.util.test.junit.AutoTests" name="[205] /home/travis/build/icyphy/ptII/ptolemy/actor/lib/test/auto/LevinsonDurbin.xml (RunModel)" time="0.008" />
  <testcase classname="ptolemy.util.test.junit.AutoTests" name="[206] /home/travis/build/icyphy/ptII/ptolemy/actor/lib/test/auto/LevinsonDurbin2.xml (RunModel)" time="0.008" />
  <testcase classname="ptolemy.util.test.junit.AutoTests" name="[207] /home/travis/build/icyphy/ptII/ptolemy/actor/lib/test/auto/LevinsonDurbin3.xml (RunModel)" time="0.01" />
  <testcase classname="ptolemy.util.test.junit.AutoTests" name="[208] /home/travis/build/icyphy/ptII/ptolemy/actor/lib/test/auto/Limiter.xml (RunModel)" time="0.044" />
  <testcase classname="ptolemy.util.test.junit.AutoTests" name="[209] /home/travis/build/icyphy/ptII/ptolemy/actor/lib/test/auto/LinearDifferenceEquationSystem.xml (RunModel)" time="0.03" />
  <testcase classname="ptolemy.util.test.junit.AutoTests" name="[210] /home/travis/build/icyphy/ptII/ptolemy/actor/lib/test/auto/LookupTable.xml (RunModel)" time="0.017" />
  <testcase classname="ptolemy.util.test.junit.AutoTests" name="[211] /home/travis/build/icyphy/ptII/ptolemy/actor/lib/test/auto/MathFunction.xml (RunModel)" time="0.02" />
  <testcase classname="ptolemy.util.test.junit.AutoTests" name="[212] /home/travis/build/icyphy/ptII/ptolemy/actor/lib/test/auto/MathFunction2.xml (RunModel)" time="0.012" />
  <testcase classname="ptolemy.util.test.junit.AutoTests" name="[213] /home/travis/build/icyphy/ptII/ptolemy/actor/lib/test/auto/MathFunction3.xml (RunModel)" time="0.019" />
  <testcase classname="ptolemy.util.test.junit.AutoTests" name="[214] /home/travis/build/icyphy/ptII/ptolemy/actor/lib/test/auto/MatrixCropBoolean.xml (RunModel)" time="0.012" />
  <testcase classname="ptolemy.util.test.junit.AutoTests" name="[215] /home/travis/build/icyphy/ptII/ptolemy/actor/lib/test/auto/MatrixCropComplex.xml (RunModel)" time="0.008" />
  <testcase classname="ptolemy.util.test.junit.AutoTests" name="[216] /home/travis/build/icyphy/ptII/ptolemy/actor/lib/test/auto/MatrixCropDouble.xml (RunModel)" time="0.008" />
  <testcase classname="ptolemy.util.test.junit.AutoTests" name="[217] /home/travis/build/icyphy/ptII/ptolemy/actor/lib/test/auto/MatrixCropFix.xml (RunModel)" time="0.013" />
  <testcase classname="ptolemy.util.test.junit.AutoTests" name="[218] /home/travis/build/icyphy/ptII/ptolemy/actor/lib/test/auto/MatrixCropInt.xml (RunModel)" time="0.008" />
  <testcase classname="ptolemy.util.test.junit.AutoTests" name="[219] /home/travis/build/icyphy/ptII/ptolemy/actor/lib/test/auto/MatrixCropLong.xml (RunModel)" time="0.008" />
  <testcase classname="ptolemy.util.test.junit.AutoTests" name="[220] /home/travis/build/icyphy/ptII/ptolemy/actor/lib/test/auto/MatrixToArray.xml (RunModel)" time="0.063" />
  <testcase classname="ptolemy.util.test.junit.AutoTests" name="[221] /home/travis/build/icyphy/ptII/ptolemy/actor/lib/test/auto/MaxIndex.xml (RunModel)" time="0.018" />
  <testcase classname="ptolemy.util.test.junit.AutoTests" name="[222] /home/travis/build/icyphy/ptII/ptolemy/actor/lib/test/auto/Maximum.xml (RunModel)" time="0.012" />
  <testcase classname="ptolemy.util.test.junit.AutoTests" name="[223] /home/travis/build/icyphy/ptII/ptolemy/actor/lib/test/auto/MaximumComplex.xml (RunModel)" time="0.014" />
  <testcase classname="ptolemy.util.test.junit.AutoTests" name="[224] /home/travis/build/icyphy/ptII/ptolemy/actor/lib/test/auto/MethodCallTest.xml (RunModel)" time="0.022" />
  <testcase classname="ptolemy.util.test.junit.AutoTests" name="[225] /home/travis/build/icyphy/ptII/ptolemy/actor/lib/test/auto/Minimum.xml (RunModel)" time="0.014" />
  <testcase classname="ptolemy.util.test.junit.AutoTests" name="[226] /home/travis/build/icyphy/ptII/ptolemy/actor/lib/test/auto/MinimumComplex.xml (RunModel)" time="0.025" />
  <testcase classname="ptolemy.util.test.junit.AutoTests" name="[227] /home/travis/build/icyphy/ptII/ptolemy/actor/lib/test/auto/MinimumMultiports.xml (RunModel)" time="0.021" />
  <testcase classname="ptolemy.util.test.junit.AutoTests" name="[228] /home/travis/build/icyphy/ptII/ptolemy/actor/lib/test/auto/ModifyDate.xml (RunModel)" time="0.057" />
  <testcase classname="ptolemy.util.test.junit.AutoTests" name="[229] /home/travis/build/icyphy/ptII/ptolemy/actor/lib/test/auto/ModifyDate2.xml (RunModel)" time="0.035" />
  <testcase classname="ptolemy.util.test.junit.AutoTests" name="[230] /home/travis/build/icyphy/ptII/ptolemy/actor/lib/test/auto/MovingAverage.xml (RunModel)" time="0.013" />
  <testcase classname="ptolemy.util.test.junit.AutoTests" name="[231] /home/travis/build/icyphy/ptII/ptolemy/actor/lib/test/auto/MovingMaximum.xml (RunModel)" time="0.022" />
  <testcase classname="ptolemy.util.test.junit.AutoTests" name="[232] /home/travis/build/icyphy/ptII/ptolemy/actor/lib/test/auto/MultipleLinksToSameRelation.xml (RunModel)" time="0.012" />
  <testcase classname="ptolemy.util.test.junit.AutoTests" name="[233] /home/travis/build/icyphy/ptII/ptolemy/actor/lib/test/auto/MultipleLinksToSameRelationDE.xml (RunModel)" time="0.01" />
  <testcase classname="ptolemy.util.test.junit.AutoTests" name="[234] /home/travis/build/icyphy/ptII/ptolemy/actor/lib/test/auto/Multiplexor.xml (RunModel)" time="0.012" />
  <testcase classname="ptolemy.util.test.junit.AutoTests" name="[235] /home/travis/build/icyphy/ptII/ptolemy/actor/lib/test/auto/Multiplexor1.xml (RunModel)" time="0.011" />
  <testcase classname="ptolemy.util.test.junit.AutoTests" name="[236] /home/travis/build/icyphy/ptII/ptolemy/actor/lib/test/auto/Multiplexor2.xml (RunModel)" time="0.017" />
  <testcase classname="ptolemy.util.test.junit.AutoTests" name="[237] /home/travis/build/icyphy/ptII/ptolemy/actor/lib/test/auto/Multiplexor3.xml (RunModel)" time="0.01" />
  <testcase classname="ptolemy.util.test.junit.AutoTests" name="[238] /home/travis/build/icyphy/ptII/ptolemy/actor/lib/test/auto/MultiplexorDE.xml (RunModel)" time="0.021" />
  <testcase classname="ptolemy.util.test.junit.AutoTests" name="[239] /home/travis/build/icyphy/ptII/ptolemy/actor/lib/test/auto/MultiportBroadcastTest.xml (RunModel)" time="0.099" />
  <testcase classname="ptolemy.util.test.junit.AutoTests" name="[240] /home/travis/build/icyphy/ptII/ptolemy/actor/lib/test/auto/MultiportOutHangDuringGetWidth.xml (RunModel)" time="0.039" />
  <testcase classname="ptolemy.util.test.junit.AutoTests" name="[241] /home/travis/build/icyphy/ptII/ptolemy/actor/lib/test/auto/NilToken.xml (RunModel)" time="0.013" />
  <testcase classname="ptolemy.util.test.junit.AutoTests" name="[242] /home/travis/build/icyphy/ptII/ptolemy/actor/lib/test/auto/NilTokenNonStrictTest.xml (RunModel)" time="0.013" />
  <testcase classname="ptolemy.util.test.junit.AutoTests" name="[243] /home/travis/build/icyphy/ptII/ptolemy/actor/lib/test/auto/NilTokenRecord.xml (RunModel)" time="0.046" />
  <testcase classname="ptolemy.util.test.junit.AutoTests" name="[244] /home/travis/build/icyphy/ptII/ptolemy/actor/lib/test/auto/NilTokenTypeTest.xml (RunModel)" time="0.024" />
  <testcase classname="ptolemy.util.test.junit.AutoTests" name="[245] /home/travis/build/icyphy/ptII/ptolemy/actor/lib/test/auto/ObjectToken1.xml (RunModel)" time="0.011" />
  <testcase classname="ptolemy.util.test.junit.AutoTests" name="[246] /home/travis/build/icyphy/ptII/ptolemy/actor/lib/test/auto/OrderedMerge.xml (RunModel)" time="0.02" />
  <testcase classname="ptolemy.util.test.junit.AutoTests" name="[247] /home/travis/build/icyphy/ptII/ptolemy/actor/lib/test/auto/OrderedRecordDisassembler.xml (RunModel)" time="0.015" />
  <testcase classname="ptolemy.util.test.junit.AutoTests" name="[248] /home/travis/build/icyphy/ptII/ptolemy/actor/lib/test/auto/OrderedRecordDisassembler2.xml (RunModel)" time="0.022" />
  <testcase classname="ptolemy.util.test.junit.AutoTests" name="[249] /home/travis/build/icyphy/ptII/ptolemy/actor/lib/test/auto/OrderedRecordUpdater.xml (RunModel)" time="0.01" />
  <testcase classname="ptolemy.util.test.junit.AutoTests" name="[250] /home/travis/build/icyphy/ptII/ptolemy/actor/lib/test/auto/OrderedRecordUpdater2.xml (RunModel)" time="0.017" />
  <testcase classname="ptolemy.util.test.junit.AutoTests" name="[251] /home/travis/build/icyphy/ptII/ptolemy/actor/lib/test/auto/PhaseUnwrap.xml (RunModel)" time="0.011" />
  <testcase classname="ptolemy.util.test.junit.AutoTests" name="[252] /home/travis/build/icyphy/ptII/ptolemy/actor/lib/test/auto/PoissonClock.xml (RunModel)" time="0.01" />
  <testcase classname="ptolemy.util.test.junit.AutoTests" name="[253] /home/travis/build/icyphy/ptII/ptolemy/actor/lib/test/auto/PoissonClock2.xml (RunModel)" time="0.007" />
  <testcase classname="ptolemy.util.test.junit.AutoTests" name="[254] /home/travis/build/icyphy/ptII/ptolemy/actor/lib/test/auto/PoissonClock3.xml (RunModel)" time="0.022" />
  <testcase classname="ptolemy.util.test.junit.AutoTests" name="[255] /home/travis/build/icyphy/ptII/ptolemy/actor/lib/test/auto/PubSubWithInitialTokens.xml (RunModel)" time="0.016" />
  <testcase classname="ptolemy.util.test.junit.AutoTests" name="[256] /home/travis/build/icyphy/ptII/ptolemy/actor/lib/test/auto/PubSubWithInitialTokens2.xml (RunModel)" time="0.01" />
  <testcase classname="ptolemy.util.test.junit.AutoTests" name="[257] /home/travis/build/icyphy/ptII/ptolemy/actor/lib/test/auto/PublisherClassNoParameter.xml (RunModel)" time="0.023" />
  <testcase classname="ptolemy.util.test.junit.AutoTests" name="[258] /home/travis/build/icyphy/ptII/ptolemy/actor/lib/test/auto/PublisherClassParameter.xml (RunModel)" time="0.02" />
  <testcase classname="ptolemy.util.test.junit.AutoTests" name="[259] /home/travis/build/icyphy/ptII/ptolemy/actor/lib/test/auto/PublisherNonStrictTest.xml (RunModel)" time="0.014" />
  <testcase classname="ptolemy.util.test.junit.AutoTests" name="[260] /home/travis/build/icyphy/ptII/ptolemy/actor/lib/test/auto/PublisherPort1.xml (RunModel)" time="0.01" />
  <testcase classname="ptolemy.util.test.junit.AutoTests" name="[261] /home/travis/build/icyphy/ptII/ptolemy/actor/lib/test/auto/PublisherPort2.xml (RunModel)" time="0.008" />
  <testcase classname="ptolemy.util.test.junit.AutoTests" name="[262] /home/travis/build/icyphy/ptII/ptolemy/actor/lib/test/auto/PublisherPort3.xml (RunModel)" time="0.018" />
  <testcase classname="ptolemy.util.test.junit.AutoTests" name="[263] /home/travis/build/icyphy/ptII/ptolemy/actor/lib/test/auto/PublisherPort4.xml (RunModel)" time="0.018" />
  <testcase classname="ptolemy.util.test.junit.AutoTests" name="[264] /home/travis/build/icyphy/ptII/ptolemy/actor/lib/test/auto/PublisherPort5.xml (RunModel)" time="0.013" />
  <testcase classname="ptolemy.util.test.junit.AutoTests" name="[265] /home/travis/build/icyphy/ptII/ptolemy/actor/lib/test/auto/PublisherPort5LookAlike.xml (RunModel)" time="0.017" />
  <testcase classname="ptolemy.util.test.junit.AutoTests" name="[266] /home/travis/build/icyphy/ptII/ptolemy/actor/lib/test/auto/PublisherPort6.xml (RunModel)" time="0.011" />
  <testcase classname="ptolemy.util.test.junit.AutoTests" name="[267] /home/travis/build/icyphy/ptII/ptolemy/actor/lib/test/auto/PublisherPort7.xml (RunModel)" time="0.024" />
  <testcase classname="ptolemy.util.test.junit.AutoTests" name="[268] /home/travis/build/icyphy/ptII/ptolemy/actor/lib/test/auto/PublisherPort8.xml (RunModel)" time="0.019" />
  <testcase classname="ptolemy.util.test.junit.AutoTests" name="[269] /home/travis/build/icyphy/ptII/ptolemy/actor/lib/test/auto/PublisherPortSubscriberChannelVariablesAOC2.xml (RunModel)" time="0.037" />
  <testcase classname="ptolemy.util.test.junit.AutoTests" name="[270] /home/travis/build/icyphy/ptII/ptolemy/actor/lib/test/auto/PublisherPortSubscriberOpaqueWidthInference.xml (RunModel)" time="0.013" />
  <testcase classname="ptolemy.util.test.junit.AutoTests" name="[271] /home/travis/build/icyphy/ptII/ptolemy/actor/lib/test/auto/PublisherPortSubscriberPortAdjacent.xml (RunModel)" time="0.017" />
  <testcase classname="ptolemy.util.test.junit.AutoTests" name="[272] /home/travis/build/icyphy/ptII/ptolemy/actor/lib/test/auto/PublisherPortSubscriberPortExpression.xml (RunModel)" time="0.021" />
  <testcase classname="ptolemy.util.test.junit.AutoTests" name="[273] /home/travis/build/icyphy/ptII/ptolemy/actor/lib/test/auto/PublisherPortSubscriberPortOpaqueD3Reverse.xml (RunModel)" time="0.031" />
  <testcase classname="ptolemy.util.test.junit.AutoTests" name="[274] /home/travis/build/icyphy/ptII/ptolemy/actor/lib/test/auto/PublisherPortSubscriberPortOpaqueWidthInference.xml (RunModel)" time="0.016" />
  <testcase classname="ptolemy.util.test.junit.AutoTests" name="[275] /home/travis/build/icyphy/ptII/ptolemy/actor/lib/test/auto/PublisherPortToplevelSubscriberPortAOC.xml (RunModel)" time="0.01" />
  <testcase classname="ptolemy.util.test.junit.AutoTests" name="[276] /home/travis/build/icyphy/ptII/ptolemy/actor/lib/test/auto/PublisherSubscriber.xml (RunModel)" time="0.012" />
  <testcase classname="ptolemy.util.test.junit.AutoTests" name="[277] /home/travis/build/icyphy/ptII/ptolemy/actor/lib/test/auto/PublisherSubscriber10.xml (RunModel)" time="0.019" />
  <testcase classname="ptolemy.util.test.junit.AutoTests" name="[278] /home/travis/build/icyphy/ptII/ptolemy/actor/lib/test/auto/PublisherSubscriber10InitialOutputs.xml (RunModel)" time="0.027" />
  <testcase classname="ptolemy.util.test.junit.AutoTests" name="[279] /home/travis/build/icyphy/ptII/ptolemy/actor/lib/test/auto/PublisherSubscriber11.xml (RunModel)" time="0.014" />
  <testcase classname="ptolemy.util.test.junit.AutoTests" name="[280] /home/travis/build/icyphy/ptII/ptolemy/actor/lib/test/auto/PublisherSubscriber12.xml (RunModel)" time="0.02" />
  <testcase classname="ptolemy.util.test.junit.AutoTests" name="[281] /home/travis/build/icyphy/ptII/ptolemy/actor/lib/test/auto/PublisherSubscriber13.xml (RunModel)" time="0.01" />
  <testcase classname="ptolemy.util.test.junit.AutoTests" name="[282] /home/travis/build/icyphy/ptII/ptolemy/actor/lib/test/auto/PublisherSubscriber14.xml (RunModel)" time="0.026" />
  <testcase classname="ptolemy.util.test.junit.AutoTests" name="[283] /home/travis/build/icyphy/ptII/ptolemy/actor/lib/test/auto/PublisherSubscriber2.xml (RunModel)" time="0.009" />
  <testcase classname="ptolemy.util.test.junit.AutoTests" name="[284] /home/travis/build/icyphy/ptII/ptolemy/actor/lib/test/auto/PublisherSubscriber3.xml (RunModel)" time="0.008" />
  <testcase classname="ptolemy.util.test.junit.AutoTests" name="[285] /home/travis/build/icyphy/ptII/ptolemy/actor/lib/test/auto/PublisherSubscriber4.xml (RunModel)" time="0.007" />
  <testcase classname="ptolemy.util.test.junit.AutoTests" name="[286] /home/travis/build/icyphy/ptII/ptolemy/actor/lib/test/auto/PublisherSubscriber5.xml (RunModel)" time="0.01" />
  <testcase classname="ptolemy.util.test.junit.AutoTests" name="[287] /home/travis/build/icyphy/ptII/ptolemy/actor/lib/test/auto/PublisherSubscriber6.xml (RunModel)" time="0.013" />
  <testcase classname="ptolemy.util.test.junit.AutoTests" name="[288] /home/travis/build/icyphy/ptII/ptolemy/actor/lib/test/auto/PublisherSubscriber7.xml (RunModel)" time="0.018" />
  <testcase classname="ptolemy.util.test.junit.AutoTests" name="[289] /home/travis/build/icyphy/ptII/ptolemy/actor/lib/test/auto/PublisherSubscriber8.xml (RunModel)" time="0.029" />
  <testcase classname="ptolemy.util.test.junit.AutoTests" name="[290] /home/travis/build/icyphy/ptII/ptolemy/actor/lib/test/auto/PublisherSubscriber9.xml (RunModel)" time="0.015" />
  <testcase classname="ptolemy.util.test.junit.AutoTests" name="[291] /home/travis/build/icyphy/ptII/ptolemy/actor/lib/test/auto/PublisherSubscriberAdjacent.xml (RunModel)" time="0.015" />
  <testcase classname="ptolemy.util.test.junit.AutoTests" name="[292] /home/travis/build/icyphy/ptII/ptolemy/actor/lib/test/auto/PublisherSubscriberChannelVariablesAOC2.xml (RunModel)" time="0.035" />
  <testcase classname="ptolemy.util.test.junit.AutoTests" name="[293] /home/travis/build/icyphy/ptII/ptolemy/actor/lib/test/auto/PublisherSubscriberD3.xml (RunModel)" time="0.015" />
  <testcase classname="ptolemy.util.test.junit.AutoTests" name="[294] /home/travis/build/icyphy/ptII/ptolemy/actor/lib/test/auto/PublisherSubscriberD3Reverse.xml (RunModel)" time="0.011" />
  <testcase classname="ptolemy.util.test.junit.AutoTests" name="[295] /home/travis/build/icyphy/ptII/ptolemy/actor/lib/test/auto/PublisherSubscriberExpression.xml (RunModel)" time="0.017" />
  <testcase classname="ptolemy.util.test.junit.AutoTests" name="[296] /home/travis/build/icyphy/ptII/ptolemy/actor/lib/test/auto/PublisherSubscriberOpaque.xml (RunModel)" time="0.02" />
  <testcase classname="ptolemy.util.test.junit.AutoTests" name="[297] /home/travis/build/icyphy/ptII/ptolemy/actor/lib/test/auto/PublisherSubscriberOpaqueD3.xml (RunModel)" time="0.024" />
  <testcase classname="ptolemy.util.test.junit.AutoTests" name="[298] /home/travis/build/icyphy/ptII/ptolemy/actor/lib/test/auto/PublisherSubscriberOpaqueD3Reverse.xml (RunModel)" time="0.022" />
  <testcase classname="ptolemy.util.test.junit.AutoTests" name="[299] /home/travis/build/icyphy/ptII/ptolemy/actor/lib/test/auto/PublisherSubscriberOpaqueWidthInference.xml (RunModel)" time="0.015" />
  <testcase classname="ptolemy.util.test.junit.AutoTests" name="[300] /home/travis/build/icyphy/ptII/ptolemy/actor/lib/test/auto/PublisherTestSubscriber.xml (RunModel)" time="0.015" />
  <testcase classname="ptolemy.util.test.junit.AutoTests" name="[301] /home/travis/build/icyphy/ptII/ptolemy/actor/lib/test/auto/PublisherToplevelSubscriberPortAOC.xml (RunModel)" time="0.01" />
  <testcase classname="ptolemy.util.test.junit.AutoTests" name="[302] /home/travis/build/icyphy/ptII/ptolemy/actor/lib/test/auto/PulseFiringLimitDE.xml (RunModel)" time="0.012" />
  <testcase classname="ptolemy.util.test.junit.AutoTests" name="[303] /home/travis/build/icyphy/ptII/ptolemy/actor/lib/test/auto/Ramp1.xml (RunModel)" time="0.006" />
  <testcase classname="ptolemy.util.test.junit.AutoTests" name="[304] /home/travis/build/icyphy/ptII/ptolemy/actor/lib/test/auto/RampFiringLimitDE.xml (RunModel)" time="0.01" />
  <testcase classname="ptolemy.util.test.junit.AutoTests" name="[305] /home/travis/build/icyphy/ptII/ptolemy/actor/lib/test/auto/RampFiringLimitSDF.xml (RunModel)" time="0.009" />
  <testcase classname="ptolemy.util.test.junit.AutoTests" name="[306] /home/travis/build/icyphy/ptII/ptolemy/actor/lib/test/auto/RandomInteger.xml (RunModel)" time="0.007" />
  <testcase classname="ptolemy.util.test.junit.AutoTests" name="[307] /home/travis/build/icyphy/ptII/ptolemy/actor/lib/test/auto/ReadFile1.xml (RunModel)" time="0.008" />
  <testcase classname="ptolemy.util.test.junit.AutoTests" name="[308] /home/travis/build/icyphy/ptII/ptolemy/actor/lib/test/auto/ReadFile2.xml (RunModel)" time="0.008" />
  <testcase classname="ptolemy.util.test.junit.AutoTests" name="[309] /home/travis/build/icyphy/ptII/ptolemy/actor/lib/test/auto/Reader.xml (RunModel)" time="0.011" />
  <testcase classname="ptolemy.util.test.junit.AutoTests" name="[310] /home/travis/build/icyphy/ptII/ptolemy/actor/lib/test/auto/RecordAssemblerDisplayNameTest.xml (RunModel)" time="3.588" />
  <testcase classname="ptolemy.util.test.junit.AutoTests" name="[311] /home/travis/build/icyphy/ptII/ptolemy/actor/lib/test/auto/RecordAssemblerTypeError.xml (RunModel)" time="0.056" />
  <testcase classname="ptolemy.util.test.junit.AutoTests" name="[312] /home/travis/build/icyphy/ptII/ptolemy/actor/lib/test/auto/RecordDisassember.xml (RunModel)" time="0.017" />
  <testcase classname="ptolemy.util.test.junit.AutoTests" name="[313] /home/travis/build/icyphy/ptII/ptolemy/actor/lib/test/auto/RecordDisassemberDisplayNameTest.xml (RunModel)" time="0.031" />
  <testcase classname="ptolemy.util.test.junit.AutoTests" name="[314] /home/travis/build/icyphy/ptII/ptolemy/actor/lib/test/auto/RecordDisassembler.xml (RunModel)" time="0.009" />
  <testcase classname="ptolemy.util.test.junit.AutoTests" name="[315] /home/travis/build/icyphy/ptII/ptolemy/actor/lib/test/auto/RecordDisassembler2.xml (RunModel)" time="0.012" />
  <testcase classname="ptolemy.util.test.junit.AutoTests" name="[316] /home/travis/build/icyphy/ptII/ptolemy/actor/lib/test/auto/RecordUpdater.xml (RunModel)" time="0.01" />
  <testcase classname="ptolemy.util.test.junit.AutoTests" name="[317] /home/travis/build/icyphy/ptII/ptolemy/actor/lib/test/auto/RecordUpdater2.xml (RunModel)" time="0.01" />
  <testcase classname="ptolemy.util.test.junit.AutoTests" name="[318] /home/travis/build/icyphy/ptII/ptolemy/actor/lib/test/auto/RecursiveLattice.xml (RunModel)" time="0.007" />
  <testcase classname="ptolemy.util.test.junit.AutoTests" name="[319] /home/travis/build/icyphy/ptII/ptolemy/actor/lib/test/auto/Router.xml (RunModel)" time="3.025" />
  <testcase classname="ptolemy.util.test.junit.AutoTests" name="[320] /home/travis/build/icyphy/ptII/ptolemy/actor/lib/test/auto/Router2.xml (RunModel)" time="3.025" />
  <testcase classname="ptolemy.util.test.junit.AutoTests" name="[321] /home/travis/build/icyphy/ptII/ptolemy/actor/lib/test/auto/RunningMaximum.xml (RunModel)" time="0.019" />
  <testcase classname="ptolemy.util.test.junit.AutoTests" name="[322] /home/travis/build/icyphy/ptII/ptolemy/actor/lib/test/auto/RunningMinimum.xml (RunModel)" time="0.02" />
  <testcase classname="ptolemy.util.test.junit.AutoTests" name="[323] /home/travis/build/icyphy/ptII/ptolemy/actor/lib/test/auto/Scale.xml (RunModel)" time="0.008" />
  <testcase classname="ptolemy.util.test.junit.AutoTests" name="[324] /home/travis/build/icyphy/ptII/ptolemy/actor/lib/test/auto/Scale2.xml (RunModel)" time="0.009" />
  <testcase classname="ptolemy.util.test.junit.AutoTests" name="[325] /home/travis/build/icyphy/ptII/ptolemy/actor/lib/test/auto/Scale3.xml (RunModel)" time="0.019" />
  <testcase classname="ptolemy.util.test.junit.AutoTests" name="[326] /home/travis/build/icyphy/ptII/ptolemy/actor/lib/test/auto/ScaleArray.xml (RunModel)" time="0.007" />
  <testcase classname="ptolemy.util.test.junit.AutoTests" name="[327] /home/travis/build/icyphy/ptII/ptolemy/actor/lib/test/auto/ScaleArray2.xml (RunModel)" time="0.007" />
  <testcase classname="ptolemy.util.test.junit.AutoTests" name="[328] /home/travis/build/icyphy/ptII/ptolemy/actor/lib/test/auto/ScaleMatrix.xml (RunModel)" time="0.242" />
  <testcase classname="ptolemy.util.test.junit.AutoTests" name="[329] /home/travis/build/icyphy/ptII/ptolemy/actor/lib/test/auto/Select.xml (RunModel)" time="0.021" />
  <testcase classname="ptolemy.util.test.junit.AutoTests" name="[330] /home/travis/build/icyphy/ptII/ptolemy/actor/lib/test/auto/Select2.xml (RunModel)" time="0.017" />
  <testcase classname="ptolemy.util.test.junit.AutoTests" name="[331] /home/travis/build/icyphy/ptII/ptolemy/actor/lib/test/auto/SequenceToArray2.xml (RunModel)" time="0.141" />
  <testcase classname="ptolemy.util.test.junit.AutoTests" name="[332] /home/travis/build/icyphy/ptII/ptolemy/actor/lib/test/auto/SequentialClock.xml (RunModel)" time="0.018" />
  <testcase classname="ptolemy.util.test.junit.AutoTests" name="[333] /home/travis/build/icyphy/ptII/ptolemy/actor/lib/test/auto/SetVariable.xml (RunModel)" time="0.018" />
  <testcase classname="ptolemy.util.test.junit.AutoTests" name="[334] /home/travis/build/icyphy/ptII/ptolemy/actor/lib/test/auto/SetVariable2.xml (RunModel)" time="0.011" />
  <testcase classname="ptolemy.util.test.junit.AutoTests" name="[335] /home/travis/build/icyphy/ptII/ptolemy/actor/lib/test/auto/SetVariable3.xml (RunModel)" time="0.016" />
  <testcase classname="ptolemy.util.test.junit.AutoTests" name="[336] /home/travis/build/icyphy/ptII/ptolemy/actor/lib/test/auto/SetVariable4.xml (RunModel)" time="0.026" />
  <testcase classname="ptolemy.util.test.junit.AutoTests" name="[337] /home/travis/build/icyphy/ptII/ptolemy/actor/lib/test/auto/SetVariable5.xml (RunModel)" time="0.04" />
  <testcase classname="ptolemy.util.test.junit.AutoTests" name="[338] /home/travis/build/icyphy/ptII/ptolemy/actor/lib/test/auto/Sinewave.xml (RunModel)" time="0.024" />
  <testcase classname="ptolemy.util.test.junit.AutoTests" name="[339] /home/travis/build/icyphy/ptII/ptolemy/actor/lib/test/auto/Sinewave2.xml (RunModel)" time="0.017" />
  <testcase classname="ptolemy.util.test.junit.AutoTests" name="[340] /home/travis/build/icyphy/ptII/ptolemy/actor/lib/test/auto/Sinewave3.xml (RunModel)" time="0.019" />
  <testcase classname="ptolemy.util.test.junit.AutoTests" name="[341] /home/travis/build/icyphy/ptII/ptolemy/actor/lib/test/auto/SingleEvent.xml (RunModel)" time="0.007" />
  <testcase classname="ptolemy.util.test.junit.AutoTests" name="[342] /home/travis/build/icyphy/ptII/ptolemy/actor/lib/test/auto/Sleep.xml (RunModel)" time="6.023" />
  <testcase classname="ptolemy.util.test.junit.AutoTests" name="[343] /home/travis/build/icyphy/ptII/ptolemy/actor/lib/test/auto/SleepMultipleFire.xml (RunModel)" time="1.021" />
  <testcase classname="ptolemy.util.test.junit.AutoTests" name="[344] /home/travis/build/icyphy/ptII/ptolemy/actor/lib/test/auto/StopDE.xml (RunModel)" time="0.013" />
  <testcase classname="ptolemy.util.test.junit.AutoTests" name="[345] /home/travis/build/icyphy/ptII/ptolemy/actor/lib/test/auto/StopSDF.xml (RunModel)" time="0.01" />
  <testcase classname="ptolemy.util.test.junit.AutoTests" name="[346] /home/travis/build/icyphy/ptII/ptolemy/actor/lib/test/auto/StringConstant.xml (RunModel)" time="0.017" />
  <testcase classname="ptolemy.util.test.junit.AutoTests" name="[347] /home/travis/build/icyphy/ptII/ptolemy/actor/lib/test/auto/SubscriberPortInitialValues1.xml (RunModel)" time="0.029" />
  <testcase classname="ptolemy.util.test.junit.AutoTests" name="[348] /home/travis/build/icyphy/ptII/ptolemy/actor/lib/test/auto/SubscriberPortInitialValues13.xml (RunModel)" time="0.024" />
  <testcase classname="ptolemy.util.test.junit.AutoTests" name="[349] /home/travis/build/icyphy/ptII/ptolemy/actor/lib/test/auto/SubscriberPortInitialValues14.xml (RunModel)" time="0.012" />
  <testcase classname="ptolemy.util.test.junit.AutoTests" name="[350] /home/travis/build/icyphy/ptII/ptolemy/actor/lib/test/auto/SubscriberPortInitialValues2.xml (RunModel)" time="0.014" />
  <testcase classname="ptolemy.util.test.junit.AutoTests" name="[351] /home/travis/build/icyphy/ptII/ptolemy/actor/lib/test/auto/SubscriberPortInitialValues3.xml (RunModel)" time="0.017" />
  <testcase classname="ptolemy.util.test.junit.AutoTests" name="[352] /home/travis/build/icyphy/ptII/ptolemy/actor/lib/test/auto/SubscriptionAggregator.xml (RunModel)" time="0.01" />
  <testcase classname="ptolemy.util.test.junit.AutoTests" name="[353] /home/travis/build/icyphy/ptII/ptolemy/actor/lib/test/auto/SubscriptionAggregator2.xml (RunModel)" time="0.011" />
  <testcase classname="ptolemy.util.test.junit.AutoTests" name="[354] /home/travis/build/icyphy/ptII/ptolemy/actor/lib/test/auto/SubscriptionAggregator3.xml (RunModel)" time="0.019" />
  <testcase classname="ptolemy.util.test.junit.AutoTests" name="[355] /home/travis/build/icyphy/ptII/ptolemy/actor/lib/test/auto/SubscriptionAggregatorMultiply.xml (RunModel)" time="0.013" />
  <testcase classname="ptolemy.util.test.junit.AutoTests" name="[356] /home/travis/build/icyphy/ptII/ptolemy/actor/lib/test/auto/SubscriptionAggregatorPortMultiply1.xml (RunModel)" time="0.011" />
  <testcase classname="ptolemy.util.test.junit.AutoTests" name="[357] /home/travis/build/icyphy/ptII/ptolemy/actor/lib/test/auto/Switch.xml (RunModel)" time="0.015" />
  <testcase classname="ptolemy.util.test.junit.AutoTests" name="[358] /home/travis/build/icyphy/ptII/ptolemy/actor/lib/test/auto/Switch2.xml (RunModel)" time="0.011" />
  <testcase classname="ptolemy.util.test.junit.AutoTests" name="[359] /home/travis/build/icyphy/ptII/ptolemy/actor/lib/test/auto/SwitchDE.xml (RunModel)" time="0.011" />
  <testcase classname="ptolemy.util.test.junit.AutoTests" name="[360] /home/travis/build/icyphy/ptII/ptolemy/actor/lib/test/auto/SynchronizerDE.xml (RunModel)" time="0.019" />
  <testcase classname="ptolemy.util.test.junit.AutoTests" name="[361] /home/travis/build/icyphy/ptII/ptolemy/actor/lib/test/auto/Test.xml (RunModel)" time="0.015" />
  <testcase classname="ptolemy.util.test.junit.AutoTests" name="[362] /home/travis/build/icyphy/ptII/ptolemy/actor/lib/test/auto/TestExceptionAttribute1.xml (RunModel)" time="0.006" />
  <testcase classname="ptolemy.util.test.junit.AutoTests" name="[363] /home/travis/build/icyphy/ptII/ptolemy/actor/lib/test/auto/TestExceptionAttribute2.xml (RunModel)" time="0.009" />
  <testcase classname="ptolemy.util.test.junit.AutoTests" name="[364] /home/travis/build/icyphy/ptII/ptolemy/actor/lib/test/auto/TestExceptionAttribute3.xml (RunModel)" time="0.009" />
  <testcase classname="ptolemy.util.test.junit.AutoTests" name="[365] /home/travis/build/icyphy/ptII/ptolemy/actor/lib/test/auto/TestExceptionAttribute4.xml (RunModel)" time="0.006" />
  <testcase classname="ptolemy.util.test.junit.AutoTests" name="[366] /home/travis/build/icyphy/ptII/ptolemy/actor/lib/test/auto/TestExceptionHandler1.xml (RunModel)" time="0.007" />
  <testcase classname="ptolemy.util.test.junit.AutoTests" name="[367] /home/travis/build/icyphy/ptII/ptolemy/actor/lib/test/auto/TestExceptionHandler2.xml (RunModel)" time="0.01" />
  <testcase classname="ptolemy.util.test.junit.AutoTests" name="[368] /home/travis/build/icyphy/ptII/ptolemy/actor/lib/test/auto/TestExceptionHandler3.xml (RunModel)" time="0.004" />
  <testcase classname="ptolemy.util.test.junit.AutoTests" name="[369] /home/travis/build/icyphy/ptII/ptolemy/actor/lib/test/auto/TestExceptionHandler4.xml (RunModel)" time="0.005" />
  <testcase classname="ptolemy.util.test.junit.AutoTests" name="[370] /home/travis/build/icyphy/ptII/ptolemy/actor/lib/test/auto/TestRequireCorrectOrder.xml (RunModel)" time="0.011" />
  <testcase classname="ptolemy.util.test.junit.AutoTests" name="[371] /home/travis/build/icyphy/ptII/ptolemy/actor/lib/test/auto/TestSimple.xml (RunModel)" time="0.004" />
  <testcase classname="ptolemy.util.test.junit.AutoTests" name="[372] /home/travis/build/icyphy/ptII/ptolemy/actor/lib/test/auto/ThrowModelError.xml (RunModel)" time="0.008" />
  <testcase classname="ptolemy.util.test.junit.AutoTests" name="[373] /home/travis/build/icyphy/ptII/ptolemy/actor/lib/test/auto/TimeDelayMicrosteps.xml (RunModel)" time="0.011" />
  <testcase classname="ptolemy.util.test.junit.AutoTests" name="[374] /home/travis/build/icyphy/ptII/ptolemy/actor/lib/test/auto/TimeDelayMicrosteps2.xml (RunModel)" time="0.011" />
  <testcase classname="ptolemy.util.test.junit.AutoTests" name="[375] /home/travis/build/icyphy/ptII/ptolemy/actor/lib/test/auto/TimeDelayMicrosteps3.xml (RunModel)" time="0.011" />
  <testcase classname="ptolemy.util.test.junit.AutoTests" name="[376] /home/travis/build/icyphy/ptII/ptolemy/actor/lib/test/auto/TimeDelayVariableMicrosteps.xml (RunModel)" time="0.01" />
  <testcase classname="ptolemy.util.test.junit.AutoTests" name="[377] /home/travis/build/icyphy/ptII/ptolemy/actor/lib/test/auto/TimeGap.xml (RunModel)" time="0.013" />
  <testcase classname="ptolemy.util.test.junit.AutoTests" name="[378] /home/travis/build/icyphy/ptII/ptolemy/actor/lib/test/auto/TimeGap2.xml (RunModel)" time="0.009" />
  <testcase classname="ptolemy.util.test.junit.AutoTests" name="[379] /home/travis/build/icyphy/ptII/ptolemy/actor/lib/test/auto/TimedSinewave.xml (RunModel)" time="0.053" />
  <testcase classname="ptolemy.util.test.junit.AutoTests" name="[380] /home/travis/build/icyphy/ptII/ptolemy/actor/lib/test/auto/TimedSinewavePhase.xml (RunModel)" time="0.035" />
  <testcase classname="ptolemy.util.test.junit.AutoTests" name="[381] /home/travis/build/icyphy/ptII/ptolemy/actor/lib/test/auto/Timer.xml (RunModel)" time="0.02" />
  <testcase classname="ptolemy.util.test.junit.AutoTests" name="[382] /home/travis/build/icyphy/ptII/ptolemy/actor/lib/test/auto/TriangularDistTestModel.xml (RunModel)" time="0.014" />
  <testcase classname="ptolemy.util.test.junit.AutoTests" name="[383] /home/travis/build/icyphy/ptII/ptolemy/actor/lib/test/auto/TrigFunction.xml (RunModel)" time="0.008" />
  <testcase classname="ptolemy.util.test.junit.AutoTests" name="[384] /home/travis/build/icyphy/ptII/ptolemy/actor/lib/test/auto/TrigFunctionDE.xml (RunModel)" time="0.009" />
  <testcase classname="ptolemy.util.test.junit.AutoTests" name="[385] /home/travis/build/icyphy/ptII/ptolemy/actor/lib/test/auto/TrigFunctionInverse.xml (RunModel)" time="0.008" />
  <testcase classname="ptolemy.util.test.junit.AutoTests" name="[386] /home/travis/build/icyphy/ptII/ptolemy/actor/lib/test/auto/TrigFunctionTan.xml (RunModel)" time="0.006" />
  <testcase classname="ptolemy.util.test.junit.AutoTests" name="[387] /home/travis/build/icyphy/ptII/ptolemy/actor/lib/test/auto/TriggeredClock.xml (RunModel)" time="0.007" />
  <testcase classname="ptolemy.util.test.junit.AutoTests" name="[388] /home/travis/build/icyphy/ptII/ptolemy/actor/lib/test/auto/URLDirectoryReader.xml (RunModel)" time="0.107" />
  <testcase classname="ptolemy.util.test.junit.AutoTests" name="[389] /home/travis/build/icyphy/ptII/ptolemy/actor/lib/test/auto/URLDirectoryReader3.xml (RunModel)" time="1.286" />
  <testcase classname="ptolemy.util.test.junit.AutoTests" name="[390] /home/travis/build/icyphy/ptII/ptolemy/actor/lib/test/auto/UnaryMathFunction.xml (RunModel)" time="0.032" />
  <testcase classname="ptolemy.util.test.junit.AutoTests" name="[391] /home/travis/build/icyphy/ptII/ptolemy/actor/lib/test/auto/Uniform.xml (RunModel)" time="0.011" />
  <testcase classname="ptolemy.util.test.junit.AutoTests" name="[392] /home/travis/build/icyphy/ptII/ptolemy/actor/lib/test/auto/UnionDisassemblerTest.xml (RunModel)" time="0.016" />
  <testcase classname="ptolemy.util.test.junit.AutoTests" name="[393] /home/travis/build/icyphy/ptII/ptolemy/actor/lib/test/auto/UtilityFunctions.xml (RunModel)" time="0.007" />
  <testcase classname="ptolemy.util.test.junit.AutoTests" name="[394] /home/travis/build/icyphy/ptII/ptolemy/actor/lib/test/auto/VariableSleep.xml (RunModel)" time="0.511" />
  <testcase classname="ptolemy.util.test.junit.AutoTests" name="[395] /home/travis/build/icyphy/ptII/ptolemy/actor/lib/test/auto/VectorAssemblerDisassemblerCT.xml (RunModel)" time="0.107" />
  <testcase classname="ptolemy.util.test.junit.AutoTests" name="[396] /home/travis/build/icyphy/ptII/ptolemy/actor/lib/test/auto/VectorAssemblerDisassemblerDE.xml (RunModel)" time="0.013" />
  <testcase classname="ptolemy.util.test.junit.AutoTests" name="[397] /home/travis/build/icyphy/ptII/ptolemy/actor/lib/test/auto/VectorAssemblerDisassemblerSDF.xml (RunModel)" time="0.011" />
  <testcase classname="ptolemy.util.test.junit.AutoTests" name="[398] /home/travis/build/icyphy/ptII/ptolemy/actor/lib/test/auto/WallClockTime.xml (RunModel)" time="1.011" />
  <testcase classname="ptolemy.util.test.junit.AutoTests" name="[399] /home/travis/build/icyphy/ptII/ptolemy/actor/lib/test/auto/WidthTestWithSubscriberPublisher.xml (RunModel)" time="0.037" />
  <testcase classname="ptolemy.util.test.junit.AutoTests" name="[400] /home/travis/build/icyphy/ptII/ptolemy/actor/lib/test/auto/WidthTestWithSubscriberPublisher2.xml (RunModel)" time="0.012" />
  <testcase classname="ptolemy.util.test.junit.AutoTests" name="[401] /home/travis/build/icyphy/ptII/ptolemy/actor/lib/test/auto/WidthTestWithSubscriberPublisher3.xml (RunModel)" time="0.009" />
  <testcase classname="ptolemy.util.test.junit.AutoTests" name="[402] /home/travis/build/icyphy/ptII/ptolemy/actor/lib/test/auto/Writer.xml (RunModel)" time="0.007" />
  <testcase classname="ptolemy.util.test.junit.AutoTests" name="[403] /home/travis/build/icyphy/ptII/ptolemy/actor/lib/test/auto/array.xml (RunModel)" time="0.021" />
  <testcase classname="ptolemy.util.test.junit.AutoTests" name="[404] /home/travis/build/icyphy/ptII/ptolemy/actor/lib/test/auto/array2.xml (RunModel)" time="0.011" />
  <testcase classname="ptolemy.util.test.junit.AutoTests" name="[405] /home/travis/build/icyphy/ptII/ptolemy/actor/lib/test/auto/arrayType.xml (RunModel)" time="0.009" />
  <testcase classname="ptolemy.util.test.junit.AutoTests" name="[406] /home/travis/build/icyphy/ptII/ptolemy/actor/lib/test/auto/arrayType10.xml (RunModel)" time="0.009" />
  <testcase classname="ptolemy.util.test.junit.AutoTests" name="[407] /home/travis/build/icyphy/ptII/ptolemy/actor/lib/test/auto/arrayType11.xml (RunModel)" time="0.007" />
  <testcase classname="ptolemy.util.test.junit.AutoTests" name="[408] /home/travis/build/icyphy/ptII/ptolemy/actor/lib/test/auto/arrayType12.xml (RunModel)" time="0.007" />
  <testcase classname="ptolemy.util.test.junit.AutoTests" name="[409] /home/travis/build/icyphy/ptII/ptolemy/actor/lib/test/auto/arrayType13.xml (RunModel)" time="0.008" />
  <testcase classname="ptolemy.util.test.junit.AutoTests" name="[410] /home/travis/build/icyphy/ptII/ptolemy/actor/lib/test/auto/arrayType14.xml (RunModel)" time="0.007" />
  <testcase classname="ptolemy.util.test.junit.AutoTests" name="[411] /home/travis/build/icyphy/ptII/ptolemy/actor/lib/test/auto/arrayType15.xml (RunModel)" time="0.008" />
  <testcase classname="ptolemy.util.test.junit.AutoTests" name="[412] /home/travis/build/icyphy/ptII/ptolemy/actor/lib/test/auto/arrayType16.xml (RunModel)" time="0.007" />
  <testcase classname="ptolemy.util.test.junit.AutoTests" name="[413] /home/travis/build/icyphy/ptII/ptolemy/actor/lib/test/auto/arrayType17.xml (RunModel)" time="0.008" />
  <testcase classname="ptolemy.util.test.junit.AutoTests" name="[414] /home/travis/build/icyphy/ptII/ptolemy/actor/lib/test/auto/arrayType18.xml (RunModel)" time="0.006" />
  <testcase classname="ptolemy.util.test.junit.AutoTests" name="[415] /home/travis/build/icyphy/ptII/ptolemy/actor/lib/test/auto/arrayType19.xml (RunModel)" time="0.007" />
  <testcase classname="ptolemy.util.test.junit.AutoTests" name="[416] /home/travis/build/icyphy/ptII/ptolemy/actor/lib/test/auto/arrayType2.xml (RunModel)" time="0.008" />
  <testcase classname="ptolemy.util.test.junit.AutoTests" name="[417] /home/travis/build/icyphy/ptII/ptolemy/actor/lib/test/auto/arrayType20.xml (RunModel)" time="0.007" />
  <testcase classname="ptolemy.util.test.junit.AutoTests" name="[418] /home/travis/build/icyphy/ptII/ptolemy/actor/lib/test/auto/arrayType21.xml (RunModel)" time="0.007" />
  <testcase classname="ptolemy.util.test.junit.AutoTests" name="[419] /home/travis/build/icyphy/ptII/ptolemy/actor/lib/test/auto/arrayType22.xml (RunModel)" time="0.007" />
  <testcase classname="ptolemy.util.test.junit.AutoTests" name="[420] /home/travis/build/icyphy/ptII/ptolemy/actor/lib/test/auto/arrayType23.xml (RunModel)" time="0.007" />
  <testcase classname="ptolemy.util.test.junit.AutoTests" name="[421] /home/travis/build/icyphy/ptII/ptolemy/actor/lib/test/auto/arrayType24.xml (RunModel)" time="0.008" />
  <testcase classname="ptolemy.util.test.junit.AutoTests" name="[422] /home/travis/build/icyphy/ptII/ptolemy/actor/lib/test/auto/arrayType25.xml (RunModel)" time="0.007" />
  <testcase classname="ptolemy.util.test.junit.AutoTests" name="[423] /home/travis/build/icyphy/ptII/ptolemy/actor/lib/test/auto/arrayType26.xml (RunModel)" time="0.007" />
  <testcase classname="ptolemy.util.test.junit.AutoTests" name="[424] /home/travis/build/icyphy/ptII/ptolemy/actor/lib/test/auto/arrayType27.xml (RunModel)" time="0.007" />
  <testcase classname="ptolemy.util.test.junit.AutoTests" name="[425] /home/travis/build/icyphy/ptII/ptolemy/actor/lib/test/auto/arrayType28.xml (RunModel)" time="0.01" />
  <testcase classname="ptolemy.util.test.junit.AutoTests" name="[426] /home/travis/build/icyphy/ptII/ptolemy/actor/lib/test/auto/arrayType3.xml (RunModel)" time="0.007" />
  <testcase classname="ptolemy.util.test.junit.AutoTests" name="[427] /home/travis/build/icyphy/ptII/ptolemy/actor/lib/test/auto/arrayType4.xml (RunModel)" time="0.008" />
  <testcase classname="ptolemy.util.test.junit.AutoTests" name="[428] /home/travis/build/icyphy/ptII/ptolemy/actor/lib/test/auto/arrayType5.xml (RunModel)" time="0.007" />
  <testcase classname="ptolemy.util.test.junit.AutoTests" name="[429] /home/travis/build/icyphy/ptII/ptolemy/actor/lib/test/auto/arrayType6.xml (RunModel)" time="0.006" />
  <testcase classname="ptolemy.util.test.junit.AutoTests" name="[430] /home/travis/build/icyphy/ptII/ptolemy/actor/lib/test/auto/arrayType7.xml (RunModel)" time="0.006" />
  <testcase classname="ptolemy.util.test.junit.AutoTests" name="[431] /home/travis/build/icyphy/ptII/ptolemy/actor/lib/test/auto/arrayType8.xml (RunModel)" time="0.008" />
  <testcase classname="ptolemy.util.test.junit.AutoTests" name="[432] /home/travis/build/icyphy/ptII/ptolemy/actor/lib/test/auto/arrayType9.xml (RunModel)" time="0.024" />
  <testcase classname="ptolemy.util.test.junit.AutoTests" name="[433] /home/travis/build/icyphy/ptII/ptolemy/actor/lib/test/auto/cast.xml (RunModel)" time="0.008" />
  <testcase classname="ptolemy.util.test.junit.AutoTests" name="[434] /home/travis/build/icyphy/ptII/ptolemy/actor/lib/test/auto/compositeMultiPort.xml (RunModel)" time="0.015" />
  <testcase classname="ptolemy.util.test.junit.AutoTests" name="[435] /home/travis/build/icyphy/ptII/ptolemy/actor/lib/test/auto/expressionCastInference.xml (RunModel)" time="0.007" />
  <testcase classname="ptolemy.util.test.junit.AutoTests" name="[436] /home/travis/build/icyphy/ptII/ptolemy/actor/lib/test/auto/expressionCastInference2.xml (RunModel)" time="0.006" />
  <testcase classname="ptolemy.util.test.junit.AutoTests" name="[437] /home/travis/build/icyphy/ptII/ptolemy/actor/lib/test/auto/expressionInference.xml (RunModel)" time="0.007" />
  <testcase classname="ptolemy.util.test.junit.AutoTests" name="[438] /home/travis/build/icyphy/ptII/ptolemy/actor/lib/test/auto/expression_bug.xml (RunModel)" time="0.005" />
  <testcase classname="ptolemy.util.test.junit.AutoTests" name="[439] /home/travis/build/icyphy/ptII/ptolemy/actor/lib/test/auto/factorial.xml (RunModel)" time="0.057" />
  <testcase classname="ptolemy.util.test.junit.AutoTests" name="[440] /home/travis/build/icyphy/ptII/ptolemy/actor/lib/test/auto/filterTest1.xml (RunModel)" time="0.017" />
  <testcase classname="ptolemy.util.test.junit.AutoTests" name="[441] /home/travis/build/icyphy/ptII/ptolemy/actor/lib/test/auto/funcApplyInConst.xml (RunModel)" time="0.005" />
  <testcase classname="ptolemy.util.test.junit.AutoTests" name="[442] /home/travis/build/icyphy/ptII/ptolemy/actor/lib/test/auto/funcApplyInExpr.xml (RunModel)" time="0.043" />
  <testcase classname="ptolemy.util.test.junit.AutoTests" name="[443] /home/travis/build/icyphy/ptII/ptolemy/actor/lib/test/auto/function.xml (RunModel)" time="0.031" />
  <testcase classname="ptolemy.util.test.junit.AutoTests" name="[444] /home/travis/build/icyphy/ptII/ptolemy/actor/lib/test/auto/function2.xml (RunModel)" time="0.04" />
  <testcase classname="ptolemy.util.test.junit.AutoTests" name="[445] /home/travis/build/icyphy/ptII/ptolemy/actor/lib/test/auto/function3.xml (RunModel)" time="0.029" />
  <testcase classname="ptolemy.util.test.junit.AutoTests" name="[446] /home/travis/build/icyphy/ptII/ptolemy/actor/lib/test/auto/functionClosureTest1.xml (RunModel)" time="0.024" />
  <testcase classname="ptolemy.util.test.junit.AutoTests" name="[447] /home/travis/build/icyphy/ptII/ptolemy/actor/lib/test/auto/functionClosureTest2.xml (RunModel)" time="0.024" />
  <testcase classname="ptolemy.util.test.junit.AutoTests" name="[448] /home/travis/build/icyphy/ptII/ptolemy/actor/lib/test/auto/functionClosureTest3.xml (RunModel)" time="0.008" />
  <testcase classname="ptolemy.util.test.junit.AutoTests" name="[449] /home/travis/build/icyphy/ptII/ptolemy/actor/lib/test/auto/functionClosureTest4.xml (RunModel)" time="0.013" />
  <testcase classname="ptolemy.util.test.junit.AutoTests" name="[450] /home/travis/build/icyphy/ptII/ptolemy/actor/lib/test/auto/functionClosureTest5.xml (RunModel)" time="0.011" />
  <testcase classname="ptolemy.util.test.junit.AutoTests" name="[451] /home/travis/build/icyphy/ptII/ptolemy/actor/lib/test/auto/functionClosureTest6.xml (RunModel)" time="0.007" />
  <testcase classname="ptolemy.util.test.junit.AutoTests" name="[452] /home/travis/build/icyphy/ptII/ptolemy/actor/lib/test/auto/functionsOnArcs.xml (RunModel)" time="0.008" />
  <testcase classname="ptolemy.util.test.junit.AutoTests" name="[453] /home/travis/build/icyphy/ptII/ptolemy/actor/lib/test/auto/functionsOnArcsHOF.xml (RunModel)" time="0.011" />
  <testcase classname="ptolemy.util.test.junit.AutoTests" name="[454] /home/travis/build/icyphy/ptII/ptolemy/actor/lib/test/auto/logic.xml (RunModel)" time="0.015" />
  <testcase classname="ptolemy.util.test.junit.AutoTests" name="[455] /home/travis/build/icyphy/ptII/ptolemy/actor/lib/test/auto/matrixType.xml (RunModel)" time="0.023" />
  <testcase classname="ptolemy.util.test.junit.AutoTests" name="[456] /home/travis/build/icyphy/ptII/ptolemy/actor/lib/test/auto/matrixType10.xml (RunModel)" time="0.023" />
  <testcase classname="ptolemy.util.test.junit.AutoTests" name="[457] /home/travis/build/icyphy/ptII/ptolemy/actor/lib/test/auto/matrixType11.xml (RunModel)" time="0.008" />
  <testcase classname="ptolemy.util.test.junit.AutoTests" name="[458] /home/travis/build/icyphy/ptII/ptolemy/actor/lib/test/auto/matrixType12.xml (RunModel)" time="0.009" />
  <testcase classname="ptolemy.util.test.junit.AutoTests" name="[459] /home/travis/build/icyphy/ptII/ptolemy/actor/lib/test/auto/matrixType13.xml (RunModel)" time="0.008" />
  <testcase classname="ptolemy.util.test.junit.AutoTests" name="[460] /home/travis/build/icyphy/ptII/ptolemy/actor/lib/test/auto/matrixType14.xml (RunModel)" time="0.011" />
  <testcase classname="ptolemy.util.test.junit.AutoTests" name="[461] /home/travis/build/icyphy/ptII/ptolemy/actor/lib/test/auto/matrixType2.xml (RunModel)" time="0.008" />
  <testcase classname="ptolemy.util.test.junit.AutoTests" name="[462] /home/travis/build/icyphy/ptII/ptolemy/actor/lib/test/auto/matrixType3.xml (RunModel)" time="0.011" />
  <testcase classname="ptolemy.util.test.junit.AutoTests" name="[463] /home/travis/build/icyphy/ptII/ptolemy/actor/lib/test/auto/matrixType4.xml (RunModel)" time="0.008" />
  <testcase classname="ptolemy.util.test.junit.AutoTests" name="[464] /home/travis/build/icyphy/ptII/ptolemy/actor/lib/test/auto/matrixType5.xml (RunModel)" time="0.008" />
  <testcase classname="ptolemy.util.test.junit.AutoTests" name="[465] /home/travis/build/icyphy/ptII/ptolemy/actor/lib/test/auto/matrixType6.xml (RunModel)" time="0.007" />
  <testcase classname="ptolemy.util.test.junit.AutoTests" name="[466] /home/travis/build/icyphy/ptII/ptolemy/actor/lib/test/auto/matrixType7.xml (RunModel)" time="0.007" />
  <testcase classname="ptolemy.util.test.junit.AutoTests" name="[467] /home/travis/build/icyphy/ptII/ptolemy/actor/lib/test/auto/matrixType8.xml (RunModel)" time="0.007" />
  <testcase classname="ptolemy.util.test.junit.AutoTests" name="[468] /home/travis/build/icyphy/ptII/ptolemy/actor/lib/test/auto/matrixType9.xml (RunModel)" time="0.007" />
  <testcase classname="ptolemy.util.test.junit.AutoTests" name="[469] /home/travis/build/icyphy/ptII/ptolemy/actor/lib/test/auto/paraFunctest.xml (RunModel)" time="0.007" />
  <testcase classname="ptolemy.util.test.junit.AutoTests" name="[470] /home/travis/build/icyphy/ptII/ptolemy/actor/lib/test/auto/paraFunctest2.xml (RunModel)" time="0.012" />
  <testcase classname="ptolemy.util.test.junit.AutoTests" name="[471] /home/travis/build/icyphy/ptII/ptolemy/actor/lib/test/auto/parameterPassing.xml (RunModel)" time="0.008" />
  <testcase classname="ptolemy.util.test.junit.AutoTests" name="[472] /home/travis/build/icyphy/ptII/ptolemy/actor/lib/test/auto/record.xml (RunModel)" time="0.008" />
  <testcase classname="ptolemy.util.test.junit.AutoTests" name="[473] /home/travis/build/icyphy/ptII/ptolemy/actor/lib/test/auto/sizedarray1.xml (RunModel)" time="0.009" />
  <testcase classname="ptolemy.util.test.junit.AutoTests" name="[474] /home/travis/build/icyphy/ptII/ptolemy/actor/lib/test/auto/sizedarray2.xml (RunModel)" time="0.01" />
  <testcase classname="ptolemy.util.test.junit.AutoTests" name="[475] /home/travis/build/icyphy/ptII/ptolemy/actor/lib/test/auto/twoPublishers.xml (RunModel)" time="0.031" />
  <system-out><![CDATA[/home/travis/build/icyphy/ptII/ptolemy/actor/lib/test/AbsoluteValue.tcl
testDefs.tcl: setting time out to 9000 seconds at Tue Oct 22 06:10:33 UTC 2019
121 ms. Memory: 120832K Free: 85960K (71%)
4 ms. Memory: 120832K Free: 84422K (70%)
4 ms. Memory: 120832K Free: 83398K (69%)
5 ms. Memory: 120832K Free: 82888K (69%)
/home/travis/build/icyphy/ptII/ptolemy/actor/lib/test/AddSubtract.tcl
20 ms. Memory: 120832K Free: 80840K (67%)
6 ms. Memory: 120832K Free: 79816K (66%)
16 ms. Memory: 120832K Free: 79302K (66%)
20 ms. Memory: 120832K Free: 78263K (65%)
52 ms. Memory: 120832K Free: 75720K (63%)
5 ms. Memory: 120832K Free: 74696K (62%)
/home/travis/build/icyphy/ptII/ptolemy/actor/lib/test/Average.tcl
7 ms. Memory: 120832K Free: 73143K (61%)
7 ms. Memory: 120832K Free: 72103K (60%)
/home/travis/build/icyphy/ptII/ptolemy/actor/lib/test/Bernoulli.tcl
6 ms. Memory: 120832K Free: 70055K (58%)
2 ms. Memory: 120832K Free: 70055K (58%)
/home/travis/build/icyphy/ptII/ptolemy/actor/lib/test/Clock.tcl
preinitializing
resolving types
initializing
executing number 1
wrapping up
idle
37 ms. Memory: 120832K Free: 67014K (55%)
Completed execution with 5 iterations
preinitializing
resolving types
initializing
executing number 1
wrapping up
idle
8 ms. Memory: 120832K Free: 66504K (55%)
Completed execution with 5 iterations
preinitializing
resolving types
initializing
executing number 1
wrapping up
idle
4 ms. Memory: 120832K Free: 65990K (55%)
Completed execution with 5 iterations
/home/travis/build/icyphy/ptII/ptolemy/actor/lib/test/Commutator.tcl
14 ms. Memory: 120832K Free: 63927K (53%)
12 ms. Memory: 120832K Free: 62918K (52%)
17 ms. Memory: 120832K Free: 57288K (47%)
/home/travis/build/icyphy/ptII/ptolemy/actor/lib/test/Const.tcl
4 ms. Memory: 120832K Free: 55743K (46%)
10 ms. Memory: 120832K Free: 55240K (46%)
3 ms. Memory: 120832K Free: 54726K (45%)
3 ms. Memory: 120832K Free: 54216K (45%)
2 ms. Memory: 120832K Free: 53192K (44%)
26 ms. Memory: 120832K Free: 51654K (43%)
18 ms. Memory: 120832K Free: 50630K (42%)
4 ms. Memory: 120832K Free: 49591K (41%)
/home/travis/build/icyphy/ptII/ptolemy/actor/lib/test/CurrentTime.tcl
preinitializing
resolving types
initializing
executing number 1
wrapping up
idle
7 ms. Memory: 120832K Free: 48072K (40%)
Completed execution with 11 iterations
/home/travis/build/icyphy/ptII/ptolemy/actor/lib/test/DB.tcl
4 ms. Memory: 120832K Free: 46024K (38%)
21 ms. Memory: 120832K Free: 106899K (88%)
5 ms. Memory: 120832K Free: 106404K (88%)
/home/travis/build/icyphy/ptII/ptolemy/actor/lib/test/DiscreteRandomSource.tcl
preinitializing
resolving types
initializing
executing number 1
wrapping up
idle
4 ms. Memory: 120832K Free: 105380K (87%)
Completed execution with 4 iterations
preinitializing
resolving types
initializing
executing number 1
wrapping up
idle
2 ms. Memory: 120832K Free: 104866K (87%)
Completed execution with 4 iterations
preinitializing
resolving types
initializing
executing number 1
wrapping up
idle
2 ms. Memory: 120832K Free: 104356K (86%)
Completed execution with 4 iterations
preinitializing
resolving types
initializing
executing number 1
wrapping up
idle
2 ms. Memory: 120832K Free: 103842K (86%)
Completed execution with 4 iterations
preinitializing
resolving types
initializing
executing number 1
wrapping up
idle
3 ms. Memory: 120832K Free: 103332K (86%)
Completed execution with 4 iterations
/home/travis/build/icyphy/ptII/ptolemy/actor/lib/test/Distributor.tcl
4 ms. Memory: 120832K Free: 101779K (84%)
7 ms. Memory: 120832K Free: 100755K (83%)
StreamChangeRequest.changeExecuted(): <deleteEntity name="rec2"/> succeeded
StreamChangeRequest.changeExecuted(): <deleteRelation name="r2"/> succeeded
StreamChangeRequest.changeExecuted(): Record firings per iteration succeeded
12 ms. Memory: 120832K Free: 98212K (81%)
/home/travis/build/icyphy/ptII/ptolemy/actor/lib/test/Exit.tcl
Exit.tcl: this will print a message about Manager.exitAfterWrapup, which can be ignored.
11 ms. Memory: 120832K Free: 104063K (86%)
/home/travis/build/icyphy/ptII/ptolemy/actor/lib/test/Expression.tcl
27 ms. Memory: 120832K Free: 100455K (83%)
10 ms. Memory: 120832K Free: 100009K (83%)
9 ms. Memory: 120832K Free: 99401K (82%)
preinitializing
resolving types
initializing
executing number 1
wrapping up
idle
9 ms. Memory: 120832K Free: 97907K (81%)
Completed execution with 6 iterations
4 ms. Memory: 120832K Free: 96921K (80%)
15 ms. Memory: 120832K Free: 96329K (80%)
5 ms. Memory: 120832K Free: 94889K (79%)
4 ms. Memory: 120832K Free: 93795K (78%)
3 ms. Memory: 120832K Free: 92263K (76%)
/home/travis/build/icyphy/ptII/ptolemy/actor/lib/test/Gaussian.tcl
3 ms. Memory: 120832K Free: 90731K (75%)
sleeping 1 seconds: .........................................................................................................................................................................................................................................................................................................................................................................................................................................................................................................................................................................................................................................................................................................................................................................................................................................................................................................................................................................................................................................................................................................................................................3 ms. Memory: 120832K Free: 85543K (71%)
2 ms. Memory: 120832K Free: 84649K (70%)
6 ms. Memory: 120832K Free: 106369K (88%)
6 ms. Memory: 120832K Free: 105871K (88%)
1 ms. Memory: 120832K Free: 105327K (87%)
/home/travis/build/icyphy/ptII/ptolemy/actor/lib/test/IIR.tcl
/home/travis/build/icyphy/ptII/ptolemy/actor/lib/test/Interpolator.tcl
6 ms. Memory: 120832K Free: 101263K (84%)
1 ms. Memory: 120832K Free: 100753K (83%)
1 ms. Memory: 120832K Free: 100225K (83%)
2 ms. Memory: 120832K Free: 99729K (83%)
8 ms. Memory: 120832K Free: 98705K (82%)
7 ms. Memory: 120832K Free: 98177K (81%)
3 ms. Memory: 120832K Free: 97151K (80%)
10 ms. Memory: 120832K Free: 96129K (80%)
3 ms. Memory: 120832K Free: 95633K (79%)
2 ms. Memory: 120832K Free: 94609K (78%)
/home/travis/build/icyphy/ptII/ptolemy/actor/lib/test/MathFunction.tcl
7 ms. Memory: 120832K Free: 92561K (77%)
2 ms. Memory: 120832K Free: 91537K (76%)
2 ms. Memory: 120832K Free: 89985K (74%)
2 ms. Memory: 120832K Free: 89489K (74%)
3 ms. Memory: 120832K Free: 87951K (73%)
6 ms. Memory: 120832K Free: 85903K (71%)
/home/travis/build/icyphy/ptII/ptolemy/actor/lib/test/Maximum.tcl
9 ms. Memory: 120832K Free: 84369K (70%)
6 ms. Memory: 120832K Free: 83345K (69%)
7 ms. Memory: 120832K Free: 82817K (69%)
5 ms. Memory: 120832K Free: 82321K (68%)
/home/travis/build/icyphy/ptII/ptolemy/actor/lib/test/Minimum.tcl
7 ms. Memory: 120832K Free: 80543K (67%)
3 ms. Memory: 120832K Free: 79745K (66%)
3 ms. Memory: 120832K Free: 79249K (66%)
3 ms. Memory: 120832K Free: 78225K (65%)
/home/travis/build/icyphy/ptII/ptolemy/actor/lib/test/MultiplyDivide.tcl
6 ms. Memory: 120832K Free: 76177K (63%)
3 ms. Memory: 120832K Free: 75633K (63%)
3 ms. Memory: 120832K Free: 75153K (62%)
4 ms. Memory: 120832K Free: 74129K (61%)
2 ms. Memory: 120832K Free: 73601K (61%)
/home/travis/build/icyphy/ptII/ptolemy/actor/lib/test/OrderedMerge.tcl
Connections changed on port: inputA
Connections changed on port: inputB
Connections changed on port: output
Connections changed on port: output
Connections changed on port: output
Connections changed on port: input
.top. Preinitializing ...
Invoking preinitialize():  .top.OrderedMerge
Called preinitialize()
Invoking preinitialize():  .top.Ramp
Called preinitialize()
Invoking preinitialize():  .top.Ramp2
Called preinitialize()
Invoking preinitialize():  .top.Test
Called preinitialize()
Connections changed on port: inputA
Connections changed on port: output
Connections changed on port: output
Connections changed on port: input
Connections changed on port: inputB
Connections changed on port: output
.top. Finished preinitialize().
Called initialize().
Invoking initialize():  .top.OrderedMerge
Initializing actor: .top.OrderedMerge
Adding a thread: .top.OrderedMerge
Invoking initialize():  .top.Ramp
Initializing actor: .top.Ramp
Adding a thread: .top.Ramp
Invoking initialize():  .top.Ramp2
Initializing actor: .top.Ramp2
Adding a thread: .top.Ramp2
Invoking initialize():  .top.Test
Initializing actor: .top.Test
Adding a thread: .top.Test
Called fire().
Checking for deadlock:
-- Starting thread.
-- Starting thread.
-- Starting thread.
Called initialize()
Called initialize()
Called prefire()
Called fire()
Called prefire()
Called initialize()
Called fire()
Called prefire()
Called fire()
-- Starting thread.
Called initialize()
Called prefire()
Called fire()
There are 0 Blocked actors, 0 Stopped actors, and 4 active threads.
Waiting for actors to stop.
Called postfire()
Called prefire()
Called fire()
Checking for deadlock:
Called postfire()
There are 1 Blocked actors, 0 Stopped actors, and 4 active threads.
Waiting for actors to stop.
Called prefire()
Called fire()
Called postfire()
Called prefire()
Called fire()
Read input token from inputA with value 0.0
Next port to read input from is inputB
Called postfire()
Called prefire()
Called fire()
Checking for deadlock:
There are 3 Blocked actors, 0 Stopped actors, and 4 active threads.
Waiting for actors to stop.
Read input token from inputB with value 0.0
Sent output token with value 0.0
Next port to read input from is inputA
Called postfire()
Called prefire()
Called fire()
Read input token from inputA with value 1.0
Checking for deadlock:
There are 1 Blocked actors, 0 Stopped actors, and 4 active threads.
Waiting for actors to stop.
Called postfire()
Called prefire()
Called postfire()
Called fire()
Called prefire()
Called fire()
-- Read input: 0.0, which is expected to match: 0.0
Called prefire()
Called fire()
Checking for deadlock:
There are 3 Blocked actors, 0 Stopped actors, and 4 active threads.
Waiting for actors to stop.
-- Read input: 0.0, which is expected to match: 0.0
Called prefire()
Called fire()
Sent output token with value 0.0
Next port to read input from is inputB
Called postfire()
Called prefire()
Called fire()
Read input token from inputB with value 1.5
Sent output token with value 1.0
Next port to read input from is inputA
Called postfire()
Called prefire()
Called fire()
Read input token from inputA with value 2.0
Checking for deadlock:
There are 1 Blocked actors, 0 Stopped actors, and 4 active threads.
Waiting for actors to stop.
Called postfire()
Called prefire()
Called fire()
-- Read input: 1.0, which is expected to match: 1.0
Called prefire()
Called fire()
Checking for deadlock:
There are 2 Blocked actors, 0 Stopped actors, and 4 active threads.
Waiting for actors to stop.
Called postfire()
Called prefire()
Called fire()
-- Read input: 1.5, which is expected to match: 1.5
Called prefire()
Called fire()
Sent output token with value 1.5
Next port to read input from is inputB
Called postfire()
Called prefire()
Called fire()
Read input token from inputB with value 3.0
Sent output token with value 2.0
Next port to read input from is inputA
Called postfire()
Called prefire()
Called fire()
Read input token from inputA with value 3.0
Checking for deadlock:
There are 1 Blocked actors, 0 Stopped actors, and 4 active threads.
Waiting for actors to stop.
Called postfire()
Called prefire()
Called fire()
-- Read input: 2.0, which is expected to match: 2.0
Called prefire()
Called fire()
Checking for deadlock:
There are 2 Blocked actors, 0 Stopped actors, and 4 active threads.
Waiting for actors to stop.
Called postfire()
Called prefire()
Called fire()
Sent output token with value 3.0
Next port to read input from is inputB
Called postfire()
Called prefire()
Called fire()
Read input token from inputB with value 4.5
Checking for deadlock:
There are 2 Blocked actors, 0 Stopped actors, and 4 active threads.
Waiting for actors to stop.
Called postfire()
Called prefire()
Called fire()
-- Read input: 3.0, which is expected to match: 3.0
Called prefire()
Called fire()
Checking for deadlock:
There are 3 Blocked actors, 0 Stopped actors, and 4 active threads.
Waiting for actors to stop.
Checking for deadlock:
There are 2 Blocked actors, 0 Stopped actors, and 4 active threads.
Waiting for actors to stop.
-- Read input: 3.0, which is expected to match: 3.0
Called prefire()
Called fire()
Checking for deadlock:
There are 3 Blocked actors, 0 Stopped actors, and 4 active threads.
Waiting for actors to stop.
Sent output token with value 3.0
Next port to read input from is inputA
Called postfire()
Called prefire()
Called fire()
Called postfire()
Called prefire()
Called fire()
Checking for deadlock:
There are 3 Blocked actors, 0 Stopped actors, and 4 active threads.
Waiting for actors to stop.
Read input token from inputA with value 4.0
Sent output token with value 4.0
Next port to read input from is inputA
Called postfire()
Called prefire()
Called fire()
Read input token from inputA with value 5.0
Checking for deadlock:
There are 2 Blocked actors, 0 Stopped actors, and 4 active threads.
Waiting for actors to stop.
Called postfire()
Called prefire()
Called fire()
-- Read input: 4.0, which is expected to match: 4.0
Called prefire()
Called fire()
Past the end of training data. Read and discard all inputs.
Checking for deadlock:
There are 3 Blocked actors, 0 Stopped actors, and 4 active threads.
Waiting for actors to stop.
Called prefire()
Called fire()
Past the end of training data. Read and discard all inputs.
Checking for deadlock:
There are 3 Blocked actors, 0 Stopped actors, and 4 active threads.
Waiting for actors to stop.
Sent output token with value 4.5
Next port to read input from is inputB
Called postfire()
Called prefire()
Called fire()
Called postfire()
Read input token from inputB with value 6.0
Called prefire()
Called fire()
Sent output token with value 5.0
Next port to read input from is inputA
Called postfire()
Called prefire()
Called fire()
Read input token from inputA with value 6.0
Checking for deadlock:
There are 2 Blocked actors, 0 Stopped actors, and 4 active threads.
Waiting for actors to stop.
Called postfire()
Called prefire()
Called fire()
Called prefire()
Called fire()
Past the end of training data. Read and discard all inputs.
Checking for deadlock:
There are 3 Blocked actors, 0 Stopped actors, and 4 active threads.
Waiting for actors to stop.
Called prefire()
Called fire()
Past the end of training data. Read and discard all inputs.
Checking for deadlock:
There are 3 Blocked actors, 0 Stopped actors, and 4 active threads.
Waiting for actors to stop.
Sent output token with value 6.0
Next port to read input from is inputB
Called postfire()
Called prefire()
Called fire()
Called postfire()
Read input token from inputB with value 7.5
Called prefire()
Called fire()
Sent output token with value 6.0
Next port to read input from is inputA
Called postfire()
Called prefire()
Called fire()
Read input token from inputA with value 7.0
Checking for deadlock:
There are 2 Blocked actors, 0 Stopped actors, and 4 active threads.
Waiting for actors to stop.
Called postfire()
Called prefire()
Called fire()
Called prefire()
Called fire()
Past the end of training data. Read and discard all inputs.
Checking for deadlock:
There are 3 Blocked actors, 0 Stopped actors, and 4 active threads.
Waiting for actors to stop.
Called prefire()
Called fire()
Past the end of training data. Read and discard all inputs.
Checking for deadlock:
There are 3 Blocked actors, 0 Stopped actors, and 4 active threads.
Waiting for actors to stop.
Sent output token with value 7.0
Next port to read input from is inputA
Called postfire()
Called prefire()
Called fire()
Read input token from inputA with value 8.0
Sent output token with value 7.5
Next port to read input from is inputB
Called postfire()
Called prefire()
Called fire()
Read input token from inputB with value 9.0
Checking for deadlock:
There are 1 Blocked actors, 0 Stopped actors, and 4 active threads.
Waiting for actors to stop.
Called postfire()
Called prefire()
-- Thread wrapup() called.
Called fire()
Called wrapup()
Thread .top.Ramp is exiting.
-- Thread stopped.
Called prefire()
Called fire()
Past the end of training data. Read and discard all inputs.
Checking for deadlock:
There are 2 Blocked actors, 0 Stopped actors, and 3 active threads.
Waiting for actors to stop.
Called prefire()
Called fire()
Past the end of training data. Read and discard all inputs.
Checking for deadlock:
There are 2 Blocked actors, 0 Stopped actors, and 3 active threads.
Waiting for actors to stop.
Sent output token with value 8.0
Next port to read input from is inputA
Called postfire()
Called prefire()
Called fire()
Read input token from inputA with value 9.0
Called prefire()
Called fire()
Past the end of training data. Read and discard all inputs.
Checking for deadlock:
There are 2 Blocked actors, 0 Stopped actors, and 3 active threads.
Waiting for actors to stop.
Sent output token with value 9.0
Next port to read input from is inputB
Called postfire()
Called prefire()
Called fire()
Called postfire()
Called prefire()
Called fire()
Checking for deadlock:
There are 2 Blocked actors, 0 Stopped actors, and 3 active threads.
Waiting for actors to stop.
Read input token from inputB with value 10.5
Called prefire()
Called fire()
Past the end of training data. Read and discard all inputs.
Checking for deadlock:
There are 2 Blocked actors, 0 Stopped actors, and 3 active threads.
Waiting for actors to stop.
Sent output token with value 9.0
Next port to read input from is inputA
Called postfire()
Called prefire()
Called fire()
Checking for deadlock:
There are 3 Blocked actors, 0 Stopped actors, and 3 active threads.
Actors have stopped.
Checking for deadlock:
There are 3 Blocked actors, 0 Stopped actors, and 3 active threads.
Deadlock detected.
Resolving Deadlock
Checking for deadlock:
There are 3 Blocked actors, 0 Stopped actors, and 3 active threads.
Artificial Deadlock - increasing queue capacity.
increasing the capacity of receiver ptolemy.actor.TypedIOPort {.top.OrderedMerge.inputB} to 2
Director: Called postfire().
Called postfire().
_stopRequested = false
_stopFireRequested = false
Returning from postfire(): true
Called fire().
Checking for deadlock:
There are 2 Blocked actors, 0 Stopped actors, and 3 active threads.
Waiting for actors to stop.
-- Thread wrapup() called.
Called wrapup()
Thread .top.Ramp2 is exiting.
-- Thread stopped.
Checking for deadlock:
There are 2 Blocked actors, 0 Stopped actors, and 2 active threads.
Actors have stopped.
Checking for deadlock:
There are 2 Blocked actors, 0 Stopped actors, and 2 active threads.
Deadlock detected.
Resolving Deadlock
Checking for deadlock:
There are 2 Blocked actors, 0 Stopped actors, and 2 active threads.
Deadlock detected: no processes blocked on write, but some are blocked on read.
Called postfire().
_stopRequested = false
_stopFireRequested = false
Returning from postfire(): false
Finished deactivating branches.
Called wrapup().
-- Thread wrapup() called.
Called wrapup()
Thread .top.Test is exiting.
-- Thread stopped.
-- Blocked Receiver call threw TerminateProcessException.
-- Thread wrapup() called.
Called wrapup()
Thread .top.OrderedMerge is exiting.
-- Thread stopped.
-- Blocked Receiver call threw TerminateProcessException.
58 ms. Memory: 120832K Free: 105097K (87%)
.top. Preinitializing ...
Invoking preinitialize():  .top.OrderedMerge
Called preinitialize()
Invoking preinitialize():  .top.Ramp
Called preinitialize()
Invoking preinitialize():  .top.Ramp2
Called preinitialize()
Invoking preinitialize():  .top.Test
Called preinitialize()
.top. Finished preinitialize().
Called initialize().
Invoking initialize():  .top.OrderedMerge
Initializing actor: .top.OrderedMerge
Adding a thread: .top.OrderedMerge
Invoking initialize():  .top.Ramp
Initializing actor: .top.Ramp
Adding a thread: .top.Ramp
Invoking initialize():  .top.Ramp2
Initializing actor: .top.Ramp2
Adding a thread: .top.Ramp2
Invoking initialize():  .top.Test
Initializing actor: .top.Test
Adding a thread: .top.Test
-- Starting thread.
Called initialize()
Called prefire()
Called fire()
-- Starting thread.
Called initialize()
Called prefire()
Called fire()
Called postfire()
Called prefire()
Called fire()
Called fire().
Checking for deadlock:
-- Starting thread.
There are 2 Blocked actors, 0 Stopped actors, and 4 active threads.
Waiting for actors to stop.
Called initialize()
Called prefire()
Called fire()
Called postfire()
Called prefire()
Called fire()
Checking for deadlock:
There are 3 Blocked actors, 0 Stopped actors, and 4 active threads.
Waiting for actors to stop.
-- Starting thread.
Called initialize()
Called prefire()
Called fire()
Checking for deadlock:
There are 2 Blocked actors, 0 Stopped actors, and 4 active threads.
Waiting for actors to stop.
Called postfire()
Called prefire()
Called fire()
Checking for deadlock:
There are 3 Blocked actors, 0 Stopped actors, and 4 active threads.
Waiting for actors to stop.
Read input token from inputA with value 0.0
Next port to read input from is inputB
Called postfire()
Called prefire()
Called fire()
Checking for deadlock:
There are 2 Blocked actors, 0 Stopped actors, and 4 active threads.
Waiting for actors to stop.
Read input token from inputB with value 0.0
Called postfire()
Called prefire()
Called fire()
Checking for deadlock:
There are 1 Blocked actors, 0 Stopped actors, and 4 active threads.
Waiting for actors to stop.
Checking for deadlock:
There are 2 Blocked actors, 0 Stopped actors, and 4 active threads.
Waiting for actors to stop.
Sent output token with value 0.0
-- Read input: 0.0, which is expected to match: 0.0
Next port to read input from is inputA
Called postfire()
Called prefire()
Called fire()
Checking for deadlock:
There are 3 Blocked actors, 0 Stopped actors, and 4 active threads.
Waiting for actors to stop.
Called prefire()
Called fire()
Called postfire()
Called prefire()
Called fire()
Checking for deadlock:
There are 3 Blocked actors, 0 Stopped actors, and 4 active threads.
Waiting for actors to stop.
Read input token from inputA with value 1.0
-- Read input: 0.0, which is expected to match: 0.0
Sent output token with value 0.0
Called prefire()
Called fire()
Next port to read input from is inputB
Called postfire()
Called prefire()
Checking for deadlock:
There are 3 Blocked actors, 0 Stopped actors, and 4 active threads.
Waiting for actors to stop.
Called fire()
Checking for deadlock:
There are 2 Blocked actors, 0 Stopped actors, and 4 active threads.
Waiting for actors to stop.
Called postfire()
Called prefire()
Called fire()
Checking for deadlock:
There are 3 Blocked actors, 0 Stopped actors, and 4 active threads.
Waiting for actors to stop.
Read input token from inputB with value 1.5
Sent output token with value 1.0
Checking for deadlock:
There are 2 Blocked actors, 0 Stopped actors, and 4 active threads.
Next port to read input from is inputA
Called postfire()
Waiting for actors to stop.
Called prefire()
Called fire()
Read input token from inputA with value 2.0
-- Read input: 1.0, which is expected to match: 1.0
Called prefire()
Called fire()
Sent output token with value 1.5
-- Read input: 1.5, which is expected to match: 1.5
Called prefire()
Called fire()
Checking for deadlock:
Called postfire()
There are 2 Blocked actors, 0 Stopped actors, and 4 active threads.
Called prefire()
Waiting for actors to stop.
Called fire()
Checking for deadlock:
There are 3 Blocked actors, 0 Stopped actors, and 4 active threads.
Waiting for actors to stop.
Next port to read input from is inputB
Called postfire()
Called prefire()
Called fire()
Checking for deadlock:
There are 2 Blocked actors, 0 Stopped actors, and 4 active threads.
Waiting for actors to stop.
Read input token from inputB with value 3.0
Called postfire()
Called prefire()
Called fire()
Sent output token with value 2.0
Next port to read input from is inputA
Called postfire()
Called prefire()
-- Read input: 2.0, which is expected to match: 2.0
Called prefire()
Called fire()
Checking for deadlock:
There are 3 Blocked actors, 0 Stopped actors, and 4 active threads.
Waiting for actors to stop.
Called fire()
Called postfire()
Checking for deadlock:
Called prefire()
There are 2 Blocked actors, 0 Stopped actors, and 4 active threads.
Called fire()
Waiting for actors to stop.
Checking for deadlock:
Read input token from inputA with value 3.0
There are 3 Blocked actors, 0 Stopped actors, and 4 active threads.
Waiting for actors to stop.
Checking for deadlock:
There are 2 Blocked actors, 0 Stopped actors, and 4 active threads.
Waiting for actors to stop.
Sent output token with value 3.0
Next port to read input from is inputB
Called postfire()
-- Read input: 3.0, which is expected to match: 3.0
Called prefire()
Called fire()
Called prefire()
Called fire()
Checking for deadlock:
There are 2 Blocked actors, 0 Stopped actors, and 4 active threads.
Waiting for actors to stop.
Called postfire()
Called prefire()
Called fire()
Checking for deadlock:
There are 3 Blocked actors, 0 Stopped actors, and 4 active threads.
Waiting for actors to stop.
Read input token from inputB with value 4.5
Checking for deadlock:
There are 2 Blocked actors, 0 Stopped actors, and 4 active threads.
Waiting for actors to stop.
-- Read input: 3.0, which is expected to match: 3.0
Called prefire()
Called fire()
Checking for deadlock:
There are 3 Blocked actors, 0 Stopped actors, and 4 active threads.
Waiting for actors to stop.
Sent output token with value 3.0
Next port to read input from is inputA
Called postfire()
Called prefire()
Called fire()
Checking for deadlock:
There are 2 Blocked actors, 0 Stopped actors, and 4 active threads.
Waiting for actors to stop.
Called postfire()
Called prefire()
Called fire()
Checking for deadlock:
There are 3 Blocked actors, 0 Stopped actors, and 4 active threads.
Waiting for actors to stop.
Read input token from inputA with value 4.0
Checking for deadlock:
There are 2 Blocked actors, 0 Stopped actors, and 4 active threads.
Waiting for actors to stop.
Sent output token with value 4.0
Next port to read input from is inputA
Called postfire()
Called prefire()
Called fire()
-- Read input: 4.0, which is expected to match: 4.0
Called prefire()
Called postfire()
Checking for deadlock:
There are 1 Blocked actors, 0 Stopped actors, and 4 active threads.
Waiting for actors to stop.
Read input token from inputA with value 5.0
Called fire()
Called prefire()
Past the end of training data. Read and discard all inputs.
Called fire()
Called prefire()
Called fire()
Past the end of training data. Read and discard all inputs.
Sent output token with value 4.5
Checking for deadlock:
There are 3 Blocked actors, 0 Stopped actors, and 4 active threads.
Next port to read input from is inputB
Called postfire()
Waiting for actors to stop.
Called prefire()
Called fire()
Checking for deadlock:
There are 2 Blocked actors, 0 Stopped actors, and 4 active threads.
Waiting for actors to stop.
Called postfire()
Called prefire()
Called fire()
Checking for deadlock:
There are 3 Blocked actors, 0 Stopped actors, and 4 active threads.
Waiting for actors to stop.
Read input token from inputB with value 6.0
Checking for deadlock:
There are 2 Blocked actors, 0 Stopped actors, and 4 active threads.
Waiting for actors to stop.
Called prefire()
Called fire()
Past the end of training data. Read and discard all inputs.
Sent output token with value 5.0
Checking for deadlock:
There are 3 Blocked actors, 0 Stopped actors, and 4 active threads.
Waiting for actors to stop.
Next port to read input from is inputA
Called postfire()
Called prefire()
Called fire()
Checking for deadlock:
There are 2 Blocked actors, 0 Stopped actors, and 4 active threads.
Waiting for actors to stop.
Called postfire()
Called prefire()
Called fire()
Read input token from inputA with value 6.0
Checking for deadlock:
There are 3 Blocked actors, 0 Stopped actors, and 4 active threads.
Waiting for actors to stop.
Checking for deadlock:
There are 2 Blocked actors, 0 Stopped actors, and 4 active threads.
Waiting for actors to stop.
Sent output token with value 6.0
Called prefire()
Called fire()
Next port to read input from is inputB
Called postfire()
Past the end of training data. Read and discard all inputs.
Called prefire()
Called fire()
Checking for deadlock:
There are 3 Blocked actors, 0 Stopped actors, and 4 active threads.
Waiting for actors to stop.
Checking for deadlock:
Called postfire()
There are 2 Blocked actors, 0 Stopped actors, and 4 active threads.
Called prefire()
Waiting for actors to stop.
Called fire()
Checking for deadlock:
There are 3 Blocked actors, 0 Stopped actors, and 4 active threads.
Waiting for actors to stop.
Read input token from inputB with value 7.5
Checking for deadlock:
There are 2 Blocked actors, 0 Stopped actors, and 4 active threads.
Waiting for actors to stop.
Sent output token with value 6.0
Called prefire()
Called fire()
Past the end of training data. Read and discard all inputs.
Next port to read input from is inputA
Called postfire()
Called prefire()
Called fire()
Checking for deadlock:
There are 3 Blocked actors, 0 Stopped actors, and 4 active threads.
Waiting for actors to stop.
Checking for deadlock:
There are 2 Blocked actors, 0 Stopped actors, and 4 active threads.
Waiting for actors to stop.
Read input token from inputA with value 7.0
Called postfire()
Called prefire()
Called fire()
Checking for deadlock:
There are 3 Blocked actors, 0 Stopped actors, and 4 active threads.
Waiting for actors to stop.
Checking for deadlock:
There are 2 Blocked actors, 0 Stopped actors, and 4 active threads.
Waiting for actors to stop.
Sent output token with value 7.0
Called prefire()
Called fire()
Next port to read input from is inputA
Called postfire()
Past the end of training data. Read and discard all inputs.
Called prefire()
Called fire()
Checking for deadlock:
There are 3 Blocked actors, 0 Stopped actors, and 4 active threads.
Waiting for actors to stop.
-- Thread wrapup() called.
Called wrapup()
Thread .top.Ramp is exiting.
-- Thread stopped.
Checking for deadlock:
There are 2 Blocked actors, 0 Stopped actors, and 3 active threads.
Waiting for actors to stop.
Read input token from inputA with value 8.0
Checking for deadlock:
There are 1 Blocked actors, 0 Stopped actors, and 3 active threads.
Sent output token with value 7.5
Waiting for actors to stop.
Called prefire()
Called fire()
Next port to read input from is inputB
Called postfire()
Past the end of training data. Read and discard all inputs.
Called prefire()
Called fire()
Checking for deadlock:
There are 2 Blocked actors, 0 Stopped actors, and 3 active threads.
Waiting for actors to stop.
Checking for deadlock:
There are 1 Blocked actors, 0 Stopped actors, and 3 active threads.
Waiting for actors to stop.
Read input token from inputB with value 9.0
Called postfire()
Called prefire()
Called fire()
Checking for deadlock:
There are 2 Blocked actors, 0 Stopped actors, and 3 active threads.
Waiting for actors to stop.
Called prefire()
Sent output token with value 8.0
Checking for deadlock:
There are 1 Blocked actors, 0 Stopped actors, and 3 active threads.
Next port to read input from is inputA
Waiting for actors to stop.
Called fire()
Called postfire()
Past the end of training data. Read and discard all inputs.
Called prefire()
Called fire()
Checking for deadlock:
There are 2 Blocked actors, 0 Stopped actors, and 3 active threads.
Waiting for actors to stop.
Read input token from inputA with value 9.0
Called prefire()
Called fire()
Sent output token with value 9.0
Past the end of training data. Read and discard all inputs.
Next port to read input from is inputB
Called postfire()
Checking for deadlock:
Called prefire()
There are 2 Blocked actors, 0 Stopped actors, and 3 active threads.
Waiting for actors to stop.
Called fire()
Checking for deadlock:
There are 1 Blocked actors, 0 Stopped actors, and 3 active threads.
Waiting for actors to stop.
Called postfire()
Called prefire()
Called fire()
Read input token from inputB with value 10.5
Checking for deadlock:
There are 2 Blocked actors, 0 Stopped actors, and 3 active threads.
Waiting for actors to stop.
Checking for deadlock:
There are 1 Blocked actors, 0 Stopped actors, and 3 active threads.
Waiting for actors to stop.
Sent output token with value 9.0
Called prefire()
Called fire()
Next port to read input from is inputA
Called postfire()
Past the end of training data. Read and discard all inputs.
Checking for deadlock:
Called prefire()
There are 2 Blocked actors, 0 Stopped actors, and 3 active threads.
Waiting for actors to stop.
Called fire()
Checking for deadlock:
There are 3 Blocked actors, 0 Stopped actors, and 3 active threads.
Actors have stopped.
Checking for deadlock:
There are 3 Blocked actors, 0 Stopped actors, and 3 active threads.
Deadlock detected.
Resolving Deadlock
Checking for deadlock:
There are 3 Blocked actors, 0 Stopped actors, and 3 active threads.
Artificial Deadlock - increasing queue capacity.
increasing the capacity of receiver ptolemy.actor.TypedIOPort {.top.OrderedMerge.inputB} to 2
Director: Called postfire().
Called postfire().
_stopRequested = false
_stopFireRequested = false
Returning from postfire(): true
Called fire().
Checking for deadlock:
There are 2 Blocked actors, 0 Stopped actors, and 3 active threads.
Waiting for actors to stop.
-- Thread wrapup() called.
Called wrapup()
Thread .top.Ramp2 is exiting.
-- Thread stopped.
Checking for deadlock:
There are 2 Blocked actors, 0 Stopped actors, and 2 active threads.
Actors have stopped.
Checking for deadlock:
There are 2 Blocked actors, 0 Stopped actors, and 2 active threads.
Deadlock detected.
Resolving Deadlock
Checking for deadlock:
There are 2 Blocked actors, 0 Stopped actors, and 2 active threads.
Deadlock detected: no processes blocked on write, but some are blocked on read.
Called postfire().
_stopRequested = false
_stopFireRequested = false
Returning from postfire(): false
Finished deactivating branches.
Called wrapup().
-- Thread wrapup() called.
Called wrapup()
-- Thread wrapup() called.
Called wrapup()
Thread .top.OrderedMerge is exiting.
-- Thread stopped.
Thread .top.Test is exiting.
-- Thread stopped.
-- Blocked Receiver call threw TerminateProcessException.
-- Blocked Receiver call threw TerminateProcessException.
45 ms. Memory: 120832K Free: 104272K (86%)
/home/travis/build/icyphy/ptII/ptolemy/actor/lib/test/Publisher.tcl
6 ms. Memory: 120832K Free: 97880K (81%)
10 ms. Memory: 120832K Free: 92760K (77%)
3 ms. Memory: 120832K Free: 88664K (73%)
4 ms. Memory: 120832K Free: 88136K (73%)
3 ms. Memory: 120832K Free: 87112K (72%)
3 ms. Memory: 120832K Free: 86102K (71%)
2 ms. Memory: 120832K Free: 85592K (71%)
3 ms. Memory: 120832K Free: 84568K (70%)
63 ms. Memory: 151552K Free: 135390K (89%)
4 ms. Memory: 151552K Free: 131790K (87%)
2 ms. Memory: 151552K Free: 130766K (86%)
4 ms. Memory: 151552K Free: 128718K (85%)
6 ms. Memory: 151552K Free: 121054K (80%)
13 ms. Memory: 151552K Free: 111324K (73%)
5 ms. Memory: 151552K Free: 100574K (66%)
/home/travis/build/icyphy/ptII/ptolemy/actor/lib/test/Pulse.tcl
3 ms. Memory: 151552K Free: 112028K (74%)
10 ms. Memory: 151552K Free: 111514K (74%)
1 ms. Memory: 151552K Free: 111004K (73%)
1 ms. Memory: 151552K Free: 110476K (73%)
1 ms. Memory: 151552K Free: 109980K (73%)
6 ms. Memory: 151552K Free: 108956K (72%)
7 ms. Memory: 151552K Free: 107932K (71%)
1 ms. Memory: 151552K Free: 106908K (71%)
1 ms. Memory: 151552K Free: 106380K (70%)
/home/travis/build/icyphy/ptII/ptolemy/actor/lib/test/Ramp.tcl
7 ms. Memory: 151552K Free: 104346K (69%)
1 ms. Memory: 151552K Free: 103836K (69%)
8 ms. Memory: 151552K Free: 102812K (68%)
1 ms. Memory: 151552K Free: 102298K (68%)
4 ms. Memory: 151552K Free: 101274K (67%)
9 ms. Memory: 151552K Free: 100764K (66%)
6 ms. Memory: 151552K Free: 99740K (66%)
5 actors
6000 microseconds per iteration to create
6 ms. Memory: 151552K Free: 96668K (64%)
2 ms. Memory: 151552K Free: 96124K (63%)
4 ms. Memory: 151552K Free: 95644K (63%)
2 ms. Memory: 151552K Free: 95100K (63%)
50 actors
53000 microseconds per iteration to create
37 ms. Memory: 151552K Free: 79260K (52%)
4 ms. Memory: 151552K Free: 78236K (52%)
13 ms. Memory: 151552K Free: 77212K (51%)
13 ms. Memory: 151552K Free: 76188K (50%)
500 actors
1746000 microseconds per iteration to create
293 ms. Memory: 182272K Free: 149835K (82%)
49 ms. Memory: 182272K Free: 144715K (79%)
42 ms. Memory: 182272K Free: 139081K (76%)
41 ms. Memory: 182272K Free: 133930K (73%)
/home/travis/build/icyphy/ptII/ptolemy/actor/lib/test/RampContinuous.tcl
10 ms. Memory: 182272K Free: 132427K (73%)
/home/travis/build/icyphy/ptII/ptolemy/actor/lib/test/RecordAssembler.tcl
6 ms. Memory: 182272K Free: 130882K (72%)
4 ms. Memory: 182272K Free: 129858K (71%)
/home/travis/build/icyphy/ptII/ptolemy/actor/lib/test/RecordDisassembler.tcl
13 ms. Memory: 182272K Free: 128331K (70%)
2 ms. Memory: 182272K Free: 127802K (70%)
4 ms. Memory: 182272K Free: 126283K (69%)
/home/travis/build/icyphy/ptII/ptolemy/actor/lib/test/Scale.tcl
3 ms. Memory: 182272K Free: 124738K (68%)
1 ms. Memory: 182272K Free: 123714K (68%)
1 ms. Memory: 182272K Free: 123211K (68%)
4 ms. Memory: 182272K Free: 122187K (67%)
3 ms. Memory: 182272K Free: 121163K (66%)
/home/travis/build/icyphy/ptII/ptolemy/actor/lib/test/SequentialClock.tcl
preinitializing
resolving types
initializing
executing number 1
wrapping up
idle
4 ms. Memory: 182272K Free: 120139K (66%)
Completed execution with 5 iterations
preinitializing
resolving types
initializing
executing number 1
wrapping up
idle
2 ms. Memory: 182272K Free: 119625K (66%)
Completed execution with 5 iterations
preinitializing
resolving types
initializing
executing number 1
wrapping up
idle
1 ms. Memory: 182272K Free: 119115K (65%)
Completed execution with 5 iterations
/home/travis/build/icyphy/ptII/ptolemy/actor/lib/test/SetVariable.tcl
4 ms. Memory: 182272K Free: 117067K (64%)


==== $PTII/ptolemy/actor/lib/test/SetVariable.tcl: SetVariable-3.1 changeFailed
==== Contents of test case:

    #Uses 2.1 above
    jdkCaptureErr {
        # This test was failing if we ran Exit.tcl and then this test.
        # MessageHandler.error() now actually throws the Exception.
	catch {$setVariable changeFailed [java::null]  [java::new Exception {Test exception for SetVariable.changeFailed()}]} errMsg
    } results
    list [string range $results 0 89] "\n" $errMsg

==== Result was:
{java.lang.Exception: Test exception for SetVariable.changeFailed()
	at java.base/jdk.inter} {
} {java.lang.RuntimeException: java.lang.Exception: Test exception for SetVariable.changeFailed()}
---- Result should have been:
{Failed to set variable.
java.lang.Exception: Test exception for SetVariable.changeFailed()} {
} {java.lang.RuntimeException: java.lang.Exception: Test exception for SetVariable.changeFailed()}
---- SetVariable-3.1 FAILED
/home/travis/build/icyphy/ptII/ptolemy/actor/lib/test/Sinewave.tcl
/home/travis/build/icyphy/ptII/ptolemy/actor/lib/test/SubscriptionAggregator.tcl
12 ms. Memory: 182272K Free: 104779K (57%)
3 ms. Memory: 182272K Free: 104265K (57%)
1 ms. Memory: 182272K Free: 103755K (57%)
0 ms. Memory: 182272K Free: 103753K (57%)
2 ms. Memory: 182272K Free: 100154K (55%)
9 ms. Memory: 182272K Free: 97611K (54%)
...............................................................1071 ms. Memory: 288768K Free: 174211K (60%)
/home/travis/build/icyphy/ptII/ptolemy/actor/lib/test/Test.tcl
 The next command will produce a warning about training mode,
   which may be ignored.
5 ms. Memory: 288768K Free: 172165K (60%)
3 ms. Memory: 288768K Free: 171637K (59%)
2 ms. Memory: 288768K Free: 170597K (59%)
10 ms. Memory: 288768K Free: 170117K (59%)
2 ms. Memory: 288768K Free: 169603K (59%)
7 ms. Memory: 288768K Free: 168565K (58%)
4 ms. Memory: 288768K Free: 167045K (58%)
 The next command will produce a warning about training mode,
   which may be ignored.
15 ms. Memory: 288768K Free: 164483K (57%)
 The next command will produce a warning about training mode,
   which may be ignored.
2 ms. Memory: 288768K Free: 163445K (57%)
1 ms. Memory: 288768K Free: 162949K (56%)
5 ms. Memory: 288768K Free: 162435K (56%)
4 ms. Memory: 288768K Free: 161925K (56%)
7 ms. Memory: 288768K Free: 160901K (56%)
4 ms. Memory: 288768K Free: 157285K (54%)
/home/travis/build/icyphy/ptII/ptolemy/actor/lib/test/TestExceptionHandler.tcl
 The next command will produce a warning about training mode,
   which may be ignored.
4 ms. Memory: 288768K Free: 155781K (54%)
1 ms. Memory: 288768K Free: 155237K (54%)
0 ms. Memory: 288768K Free: 154757K (54%)
/home/travis/build/icyphy/ptII/ptolemy/actor/lib/test/UnionDisassembler.tcl
23 ms. Memory: 288768K Free: 147589K (51%)
/home/travis/build/icyphy/ptII/ptolemy/actor/lib/test/VariableClock.tcl
preinitializing
resolving types
initializing
executing number 1
wrapping up
idle
10 ms. Memory: 288768K Free: 145541K (50%)
Completed execution with 11 iterations
preinitializing
resolving types
initializing
executing number 1
wrapping up
idle
3 ms. Memory: 288768K Free: 144517K (50%)
Completed execution with 10 iterations
10/22/19 06:10:41
Failed: 1  Total Tests: 234  ((Passed: 233, Newly Passed: 0)  Known Failed: 0) /home/travis/build/icyphy/ptII/ptolemy/actor/lib/test
----------------- testing (KnownFailure) /home/travis/build/icyphy/ptII/ptolemy/actor/lib/test/auto/knownFailedTests/PublisherPortToplevelSubscriber.xml
1 ms. Memory: 288768K Free: 140931K (49%)
Known Failure: java.lang.reflect.InvocationTargetException
----------------- testing (KnownFailure) /home/travis/build/icyphy/ptII/ptolemy/actor/lib/test/auto/knownFailedTests/PublisherSubscriberPortToplevel.xml
1 ms. Memory: 288768K Free: 136835K (47%)
Known Failure: java.lang.reflect.InvocationTargetException
----------------- testing (KnownFailure) /home/travis/build/icyphy/ptII/ptolemy/actor/lib/test/auto/knownFailedTests/PublisherSubscriptionAggregatorPort.xml
0 ms. Memory: 288768K Free: 132709K (46%)
Known Failure: java.lang.reflect.InvocationTargetException
----------------- testing (KnownFailure) /home/travis/build/icyphy/ptII/ptolemy/actor/lib/test/auto/knownFailedTests/sizedarray3.xml
6 ms. Memory: 288768K Free: 128133K (44%)
Known Failure: java.lang.reflect.InvocationTargetException
No auto/linux-amd64/*.xml tests in /home/travis/build/icyphy/ptII/ptolemy/actor/lib/test
AutoTests.java: About to close Vertx.
AutoTests.java: Vertx closed.

===========================================================================================
----------------- testing Tue Oct 22 06:10:41 UTC 2019 /home/travis/build/icyphy/ptII/ptolemy/actor/lib/test/auto/AbsoluteValue.xml
----------------- Instantiating /home/travis/build/icyphy/ptII/ptolemy/actor/lib/test/auto/AbsoluteValue.xml
10 ms. Memory: 288768K Free: 105091K (36%)
----------------- Invoking toplevel() on ptolemy.moml.MoMLSimpleApplication@16769023
----------------- Done invoking toplevel() on ptolemy.moml.MoMLSimpleApplication@16769023
reloadAllAccessors: .AbsoluteValue

===========================================================================================
----------------- testing Tue Oct 22 06:10:42 UTC 2019 /home/travis/build/icyphy/ptII/ptolemy/actor/lib/test/auto/AbsoluteValue2.xml
----------------- Instantiating /home/travis/build/icyphy/ptII/ptolemy/actor/lib/test/auto/AbsoluteValue2.xml
12 ms. Memory: 288768K Free: 98437K (34%)
----------------- Invoking toplevel() on ptolemy.moml.MoMLSimpleApplication@4dc4e154
----------------- Done invoking toplevel() on ptolemy.moml.MoMLSimpleApplication@4dc4e154
reloadAllAccessors: .AbsoluteValue2

===========================================================================================
----------------- testing Tue Oct 22 06:10:42 UTC 2019 /home/travis/build/icyphy/ptII/ptolemy/actor/lib/test/auto/Accumulator.xml
----------------- Instantiating /home/travis/build/icyphy/ptII/ptolemy/actor/lib/test/auto/Accumulator.xml
93 ms. Memory: 288768K Free: 241360K (84%)
----------------- Invoking toplevel() on ptolemy.moml.MoMLSimpleApplication@59c6cb1e
----------------- Done invoking toplevel() on ptolemy.moml.MoMLSimpleApplication@59c6cb1e
reloadAllAccessors: .Accumulator

===========================================================================================
----------------- testing Tue Oct 22 06:10:42 UTC 2019 /home/travis/build/icyphy/ptII/ptolemy/actor/lib/test/auto/Accumulator2.xml
----------------- Instantiating /home/travis/build/icyphy/ptII/ptolemy/actor/lib/test/auto/Accumulator2.xml
4 ms. Memory: 288768K Free: 235717K (82%)
----------------- Invoking toplevel() on ptolemy.moml.MoMLSimpleApplication@3c07626
----------------- Done invoking toplevel() on ptolemy.moml.MoMLSimpleApplication@3c07626
reloadAllAccessors: .Accumulator2

===========================================================================================
----------------- testing Tue Oct 22 06:10:42 UTC 2019 /home/travis/build/icyphy/ptII/ptolemy/actor/lib/test/auto/Accumulator3.xml
----------------- Instantiating /home/travis/build/icyphy/ptII/ptolemy/actor/lib/test/auto/Accumulator3.xml
3 ms. Memory: 288768K Free: 231107K (80%)
----------------- Invoking toplevel() on ptolemy.moml.MoMLSimpleApplication@345edb2a
----------------- Done invoking toplevel() on ptolemy.moml.MoMLSimpleApplication@345edb2a
reloadAllAccessors: .Accumulator3

===========================================================================================
----------------- testing Tue Oct 22 06:10:42 UTC 2019 /home/travis/build/icyphy/ptII/ptolemy/actor/lib/test/auto/ArrayAppend.xml
----------------- Instantiating /home/travis/build/icyphy/ptII/ptolemy/actor/lib/test/auto/ArrayAppend.xml
6 ms. Memory: 288768K Free: 224949K (78%)
----------------- Invoking toplevel() on ptolemy.moml.MoMLSimpleApplication@1cdd6d6e
----------------- Done invoking toplevel() on ptolemy.moml.MoMLSimpleApplication@1cdd6d6e
reloadAllAccessors: .ArrayAppend

===========================================================================================
----------------- testing Tue Oct 22 06:10:42 UTC 2019 /home/travis/build/icyphy/ptII/ptolemy/actor/lib/test/auto/ArrayAppend2.xml
----------------- Instantiating /home/travis/build/icyphy/ptII/ptolemy/actor/lib/test/auto/ArrayAppend2.xml
365 ms. Memory: 288768K Free: 142019K (49%)
----------------- Invoking toplevel() on ptolemy.moml.MoMLSimpleApplication@4fb72aed
----------------- Done invoking toplevel() on ptolemy.moml.MoMLSimpleApplication@4fb72aed
reloadAllAccessors: .ArrayAppend2

===========================================================================================
----------------- testing Tue Oct 22 06:10:42 UTC 2019 /home/travis/build/icyphy/ptII/ptolemy/actor/lib/test/auto/ArrayAppend3.xml
----------------- Instantiating /home/travis/build/icyphy/ptII/ptolemy/actor/lib/test/auto/ArrayAppend3.xml
8 ms. Memory: 288768K Free: 136389K (47%)
----------------- Invoking toplevel() on ptolemy.moml.MoMLSimpleApplication@24664df
----------------- Done invoking toplevel() on ptolemy.moml.MoMLSimpleApplication@24664df
reloadAllAccessors: .ArrayAppend3

===========================================================================================
----------------- testing Tue Oct 22 06:10:42 UTC 2019 /home/travis/build/icyphy/ptII/ptolemy/actor/lib/test/auto/ArrayAppend4.xml
----------------- Instantiating /home/travis/build/icyphy/ptII/ptolemy/actor/lib/test/auto/ArrayAppend4.xml
2 ms. Memory: 288768K Free: 130755K (45%)
----------------- Invoking toplevel() on ptolemy.moml.MoMLSimpleApplication@9429e7e
----------------- Done invoking toplevel() on ptolemy.moml.MoMLSimpleApplication@9429e7e
reloadAllAccessors: .ArrayAppend4

===========================================================================================
----------------- testing Tue Oct 22 06:10:42 UTC 2019 /home/travis/build/icyphy/ptII/ptolemy/actor/lib/test/auto/ArrayAppend5.xml
----------------- Instantiating /home/travis/build/icyphy/ptII/ptolemy/actor/lib/test/auto/ArrayAppend5.xml
2 ms. Memory: 288768K Free: 125635K (44%)
----------------- Invoking toplevel() on ptolemy.moml.MoMLSimpleApplication@1e185deb
----------------- Done invoking toplevel() on ptolemy.moml.MoMLSimpleApplication@1e185deb
reloadAllAccessors: .ArrayAppend5

===========================================================================================
----------------- testing Tue Oct 22 06:10:42 UTC 2019 /home/travis/build/icyphy/ptII/ptolemy/actor/lib/test/auto/ArrayAppend6.xml
----------------- Instantiating /home/travis/build/icyphy/ptII/ptolemy/actor/lib/test/auto/ArrayAppend6.xml
10 ms. Memory: 288768K Free: 120515K (42%)
----------------- Invoking toplevel() on ptolemy.moml.MoMLSimpleApplication@5a7d452b
----------------- Done invoking toplevel() on ptolemy.moml.MoMLSimpleApplication@5a7d452b
reloadAllAccessors: .ArrayAppend6

===========================================================================================
----------------- testing Tue Oct 22 06:10:42 UTC 2019 /home/travis/build/icyphy/ptII/ptolemy/actor/lib/test/auto/ArrayAppendPerformanceTest.xml
----------------- Instantiating /home/travis/build/icyphy/ptII/ptolemy/actor/lib/test/auto/ArrayAppendPerformanceTest.xml
29 ms. Memory: 288768K Free: 109251K (38%)
----------------- Invoking toplevel() on ptolemy.moml.MoMLSimpleApplication@79f91e72
----------------- Done invoking toplevel() on ptolemy.moml.MoMLSimpleApplication@79f91e72
reloadAllAccessors: .ArrayAppendPerformanceTest

===========================================================================================
----------------- testing Tue Oct 22 06:10:43 UTC 2019 /home/travis/build/icyphy/ptII/ptolemy/actor/lib/test/auto/ArrayAppendWithEmptyInput.xml
----------------- Instantiating /home/travis/build/icyphy/ptII/ptolemy/actor/lib/test/auto/ArrayAppendWithEmptyInput.xml
14 ms. Memory: 288768K Free: 101573K (35%)
----------------- Invoking toplevel() on ptolemy.moml.MoMLSimpleApplication@3e018d80
----------------- Done invoking toplevel() on ptolemy.moml.MoMLSimpleApplication@3e018d80
reloadAllAccessors: .ArrayAppendWithEmptyInput

===========================================================================================
----------------- testing Tue Oct 22 06:10:43 UTC 2019 /home/travis/build/icyphy/ptII/ptolemy/actor/lib/test/auto/ArrayAverage.xml
----------------- Instantiating /home/travis/build/icyphy/ptII/ptolemy/actor/lib/test/auto/ArrayAverage.xml
5 ms. Memory: 288768K Free: 93381K (32%)
----------------- Invoking toplevel() on ptolemy.moml.MoMLSimpleApplication@1f5e969a
----------------- Done invoking toplevel() on ptolemy.moml.MoMLSimpleApplication@1f5e969a
reloadAllAccessors: .ArrayAverage

===========================================================================================
----------------- testing Tue Oct 22 06:10:43 UTC 2019 /home/travis/build/icyphy/ptII/ptolemy/actor/lib/test/auto/ArrayContains.xml
----------------- Instantiating /home/travis/build/icyphy/ptII/ptolemy/actor/lib/test/auto/ArrayContains.xml
3 ms. Memory: 288768K Free: 240538K (83%)
----------------- Invoking toplevel() on ptolemy.moml.MoMLSimpleApplication@26cc6f53
----------------- Done invoking toplevel() on ptolemy.moml.MoMLSimpleApplication@26cc6f53
reloadAllAccessors: .ArrayContains

===========================================================================================
----------------- testing Tue Oct 22 06:10:43 UTC 2019 /home/travis/build/icyphy/ptII/ptolemy/actor/lib/test/auto/ArrayElement.xml
----------------- Instantiating /home/travis/build/icyphy/ptII/ptolemy/actor/lib/test/auto/ArrayElement.xml
8 ms. Memory: 288768K Free: 234394K (81%)
----------------- Invoking toplevel() on ptolemy.moml.MoMLSimpleApplication@4693f55d
----------------- Done invoking toplevel() on ptolemy.moml.MoMLSimpleApplication@4693f55d
reloadAllAccessors: .ArrayElement

===========================================================================================
----------------- testing Tue Oct 22 06:10:43 UTC 2019 /home/travis/build/icyphy/ptII/ptolemy/actor/lib/test/auto/ArrayElementAsMatrix.xml
----------------- Instantiating /home/travis/build/icyphy/ptII/ptolemy/actor/lib/test/auto/ArrayElementAsMatrix.xml
20 ms. Memory: 288768K Free: 224664K (78%)
----------------- Invoking toplevel() on ptolemy.moml.MoMLSimpleApplication@628a9988
----------------- Done invoking toplevel() on ptolemy.moml.MoMLSimpleApplication@628a9988
reloadAllAccessors: .ArrayElementAsMatrix

===========================================================================================
----------------- testing Tue Oct 22 06:10:43 UTC 2019 /home/travis/build/icyphy/ptII/ptolemy/actor/lib/test/auto/ArrayElementI.xml
----------------- Instantiating /home/travis/build/icyphy/ptII/ptolemy/actor/lib/test/auto/ArrayElementI.xml
4 ms. Memory: 288768K Free: 219034K (76%)
----------------- Invoking toplevel() on ptolemy.moml.MoMLSimpleApplication@65527af9
----------------- Done invoking toplevel() on ptolemy.moml.MoMLSimpleApplication@65527af9
reloadAllAccessors: .ArrayElementI

===========================================================================================
----------------- testing Tue Oct 22 06:10:43 UTC 2019 /home/travis/build/icyphy/ptII/ptolemy/actor/lib/test/auto/ArrayExtract.xml
----------------- Instantiating /home/travis/build/icyphy/ptII/ptolemy/actor/lib/test/auto/ArrayExtract.xml
4 ms. Memory: 288768K Free: 210842K (73%)
----------------- Invoking toplevel() on ptolemy.moml.MoMLSimpleApplication@1098fc19
----------------- Done invoking toplevel() on ptolemy.moml.MoMLSimpleApplication@1098fc19
reloadAllAccessors: .ArrayExtract

===========================================================================================
----------------- testing Tue Oct 22 06:10:43 UTC 2019 /home/travis/build/icyphy/ptII/ptolemy/actor/lib/test/auto/ArrayExtract2.xml
----------------- Instantiating /home/travis/build/icyphy/ptII/ptolemy/actor/lib/test/auto/ArrayExtract2.xml
2 ms. Memory: 288768K Free: 205194K (71%)
----------------- Invoking toplevel() on ptolemy.moml.MoMLSimpleApplication@5eed2111
----------------- Done invoking toplevel() on ptolemy.moml.MoMLSimpleApplication@5eed2111
reloadAllAccessors: .ArrayExtract2

===========================================================================================
----------------- testing Tue Oct 22 06:10:43 UTC 2019 /home/travis/build/icyphy/ptII/ptolemy/actor/lib/test/auto/ArrayLength.xml
----------------- Instantiating /home/travis/build/icyphy/ptII/ptolemy/actor/lib/test/auto/ArrayLength.xml
3 ms. Memory: 288768K Free: 201626K (70%)
----------------- Invoking toplevel() on ptolemy.moml.MoMLSimpleApplication@7c71327c
----------------- Done invoking toplevel() on ptolemy.moml.MoMLSimpleApplication@7c71327c
reloadAllAccessors: .ArrayLength

===========================================================================================
----------------- testing Tue Oct 22 06:10:43 UTC 2019 /home/travis/build/icyphy/ptII/ptolemy/actor/lib/test/auto/ArrayLevelCrossing.xml
----------------- Instantiating /home/travis/build/icyphy/ptII/ptolemy/actor/lib/test/auto/ArrayLevelCrossing.xml
5 ms. Memory: 288768K Free: 193434K (67%)
----------------- Invoking toplevel() on ptolemy.moml.MoMLSimpleApplication@4ef0d1ac
----------------- Done invoking toplevel() on ptolemy.moml.MoMLSimpleApplication@4ef0d1ac
reloadAllAccessors: .ArrayLevelCrossing

===========================================================================================
----------------- testing Tue Oct 22 06:10:43 UTC 2019 /home/travis/build/icyphy/ptII/ptolemy/actor/lib/test/auto/ArrayLevelCrossing2.xml
----------------- Instantiating /home/travis/build/icyphy/ptII/ptolemy/actor/lib/test/auto/ArrayLevelCrossing2.xml
10 ms. Memory: 288768K Free: 186266K (65%)
----------------- Invoking toplevel() on ptolemy.moml.MoMLSimpleApplication@3c40cbba
----------------- Done invoking toplevel() on ptolemy.moml.MoMLSimpleApplication@3c40cbba
reloadAllAccessors: .ArrayLevelCrossing2

===========================================================================================
----------------- testing Tue Oct 22 06:10:43 UTC 2019 /home/travis/build/icyphy/ptII/ptolemy/actor/lib/test/auto/ArrayPeakSearch.xml
----------------- Instantiating /home/travis/build/icyphy/ptII/ptolemy/actor/lib/test/auto/ArrayPeakSearch.xml
7 ms. Memory: 288768K Free: 177050K (61%)
----------------- Invoking toplevel() on ptolemy.moml.MoMLSimpleApplication@1d078878
----------------- Done invoking toplevel() on ptolemy.moml.MoMLSimpleApplication@1d078878
reloadAllAccessors: .ArrayPeakSearch

===========================================================================================
----------------- testing Tue Oct 22 06:10:43 UTC 2019 /home/travis/build/icyphy/ptII/ptolemy/actor/lib/test/auto/ArrayPeakSearch2.xml
----------------- Instantiating /home/travis/build/icyphy/ptII/ptolemy/actor/lib/test/auto/ArrayPeakSearch2.xml
8 ms. Memory: 288768K Free: 166810K (58%)
----------------- Invoking toplevel() on ptolemy.moml.MoMLSimpleApplication@402ef7ec
----------------- Done invoking toplevel() on ptolemy.moml.MoMLSimpleApplication@402ef7ec
reloadAllAccessors: .ArrayPeakSearch2

===========================================================================================
----------------- testing Tue Oct 22 06:10:43 UTC 2019 /home/travis/build/icyphy/ptII/ptolemy/actor/lib/test/auto/ArrayPeakSearch3.xml
----------------- Instantiating /home/travis/build/icyphy/ptII/ptolemy/actor/lib/test/auto/ArrayPeakSearch3.xml
8 ms. Memory: 288768K Free: 157594K (55%)
----------------- Invoking toplevel() on ptolemy.moml.MoMLSimpleApplication@b0e6eec
----------------- Done invoking toplevel() on ptolemy.moml.MoMLSimpleApplication@b0e6eec
reloadAllAccessors: .ArrayPeakSearch3

===========================================================================================
----------------- testing Tue Oct 22 06:10:43 UTC 2019 /home/travis/build/icyphy/ptII/ptolemy/actor/lib/test/auto/ArrayRemoveElement.xml
----------------- Instantiating /home/travis/build/icyphy/ptII/ptolemy/actor/lib/test/auto/ArrayRemoveElement.xml
3 ms. Memory: 288768K Free: 149912K (52%)
----------------- Invoking toplevel() on ptolemy.moml.MoMLSimpleApplication@13d7e3e5
----------------- Done invoking toplevel() on ptolemy.moml.MoMLSimpleApplication@13d7e3e5
reloadAllAccessors: .ArrayRemoveElement

===========================================================================================
----------------- testing Tue Oct 22 06:10:43 UTC 2019 /home/travis/build/icyphy/ptII/ptolemy/actor/lib/test/auto/ArraySort.xml
----------------- Instantiating /home/travis/build/icyphy/ptII/ptolemy/actor/lib/test/auto/ArraySort.xml
8 ms. Memory: 288768K Free: 140696K (49%)
----------------- Invoking toplevel() on ptolemy.moml.MoMLSimpleApplication@4bde7180
----------------- Done invoking toplevel() on ptolemy.moml.MoMLSimpleApplication@4bde7180
reloadAllAccessors: .ArraySort

===========================================================================================
----------------- testing Tue Oct 22 06:10:43 UTC 2019 /home/travis/build/icyphy/ptII/ptolemy/actor/lib/test/auto/ArraySum.xml
----------------- Instantiating /home/travis/build/icyphy/ptII/ptolemy/actor/lib/test/auto/ArraySum.xml
6 ms. Memory: 288768K Free: 135576K (47%)
----------------- Invoking toplevel() on ptolemy.moml.MoMLSimpleApplication@7b0cbae0
----------------- Done invoking toplevel() on ptolemy.moml.MoMLSimpleApplication@7b0cbae0
reloadAllAccessors: .ArraySum

===========================================================================================
----------------- testing Tue Oct 22 06:10:43 UTC 2019 /home/travis/build/icyphy/ptII/ptolemy/actor/lib/test/auto/ArrayToElements.xml
----------------- Instantiating /home/travis/build/icyphy/ptII/ptolemy/actor/lib/test/auto/ArrayToElements.xml
8 ms. Memory: 288768K Free: 129946K (45%)
----------------- Invoking toplevel() on ptolemy.moml.MoMLSimpleApplication@675786d1
----------------- Done invoking toplevel() on ptolemy.moml.MoMLSimpleApplication@675786d1
reloadAllAccessors: .ArrayToElements

===========================================================================================
----------------- testing Tue Oct 22 06:10:43 UTC 2019 /home/travis/build/icyphy/ptII/ptolemy/actor/lib/test/auto/ArrayToMatrix.xml
----------------- Instantiating /home/travis/build/icyphy/ptII/ptolemy/actor/lib/test/auto/ArrayToMatrix.xml
19 ms. Memory: 288768K Free: 116120K (40%)
----------------- Invoking toplevel() on ptolemy.moml.MoMLSimpleApplication@9ad1080
----------------- Done invoking toplevel() on ptolemy.moml.MoMLSimpleApplication@9ad1080
reloadAllAccessors: .ArrayToMatrix

===========================================================================================
----------------- testing Tue Oct 22 06:10:43 UTC 2019 /home/travis/build/icyphy/ptII/ptolemy/actor/lib/test/auto/ArrayUpdate1.xml
----------------- Instantiating /home/travis/build/icyphy/ptII/ptolemy/actor/lib/test/auto/ArrayUpdate1.xml
5 ms. Memory: 288768K Free: 111514K (39%)
----------------- Invoking toplevel() on ptolemy.moml.MoMLSimpleApplication@13d96bcf
----------------- Done invoking toplevel() on ptolemy.moml.MoMLSimpleApplication@13d96bcf
reloadAllAccessors: .ArrayUpdate1

===========================================================================================
----------------- testing Tue Oct 22 06:10:43 UTC 2019 /home/travis/build/icyphy/ptII/ptolemy/actor/lib/test/auto/ArrayUpdate2.xml
----------------- Instantiating /home/travis/build/icyphy/ptII/ptolemy/actor/lib/test/auto/ArrayUpdate2.xml
5 ms. Memory: 288768K Free: 104842K (36%)
----------------- Invoking toplevel() on ptolemy.moml.MoMLSimpleApplication@32147679
----------------- Done invoking toplevel() on ptolemy.moml.MoMLSimpleApplication@32147679
reloadAllAccessors: .ArrayUpdate2

===========================================================================================
----------------- testing Tue Oct 22 06:10:43 UTC 2019 /home/travis/build/icyphy/ptII/ptolemy/actor/lib/test/auto/ArrayUpdate3.xml
----------------- Instantiating /home/travis/build/icyphy/ptII/ptolemy/actor/lib/test/auto/ArrayUpdate3.xml
2 ms. Memory: 288768K Free: 100250K (35%)
----------------- Invoking toplevel() on ptolemy.moml.MoMLSimpleApplication@4205d4a2
----------------- Done invoking toplevel() on ptolemy.moml.MoMLSimpleApplication@4205d4a2
reloadAllAccessors: .ArrayUpdate3

===========================================================================================
----------------- testing Tue Oct 22 06:10:43 UTC 2019 /home/travis/build/icyphy/ptII/ptolemy/actor/lib/test/auto/Assert1.xml
----------------- Instantiating /home/travis/build/icyphy/ptII/ptolemy/actor/lib/test/auto/Assert1.xml
3 ms. Memory: 288768K Free: 95640K (33%)
----------------- Invoking toplevel() on ptolemy.moml.MoMLSimpleApplication@1ae6cd0c
----------------- Done invoking toplevel() on ptolemy.moml.MoMLSimpleApplication@1ae6cd0c
reloadAllAccessors: .Assert1

===========================================================================================
----------------- testing Tue Oct 22 06:10:44 UTC 2019 /home/travis/build/icyphy/ptII/ptolemy/actor/lib/test/auto/Assert2.xml
----------------- Instantiating /home/travis/build/icyphy/ptII/ptolemy/actor/lib/test/auto/Assert2.xml
2 ms. Memory: 288768K Free: 90520K (31%)
----------------- Invoking toplevel() on ptolemy.moml.MoMLSimpleApplication@76c75bf5
----------------- Done invoking toplevel() on ptolemy.moml.MoMLSimpleApplication@76c75bf5
reloadAllAccessors: .Assert2

===========================================================================================
----------------- testing Tue Oct 22 06:10:44 UTC 2019 /home/travis/build/icyphy/ptII/ptolemy/actor/lib/test/auto/BooleanMultiplexor.xml
----------------- Instantiating /home/travis/build/icyphy/ptII/ptolemy/actor/lib/test/auto/BooleanMultiplexor.xml
2 ms. Memory: 288768K Free: 84890K (29%)
----------------- Invoking toplevel() on ptolemy.moml.MoMLSimpleApplication@71804015
----------------- Done invoking toplevel() on ptolemy.moml.MoMLSimpleApplication@71804015
reloadAllAccessors: .BooleanMultiplexor

===========================================================================================
----------------- testing Tue Oct 22 06:10:44 UTC 2019 /home/travis/build/icyphy/ptII/ptolemy/actor/lib/test/auto/BooleanMultiplexor2.xml
----------------- Instantiating /home/travis/build/icyphy/ptII/ptolemy/actor/lib/test/auto/BooleanMultiplexor2.xml
14 ms. Memory: 288768K Free: 78744K (27%)
----------------- Invoking toplevel() on ptolemy.moml.MoMLSimpleApplication@65522780
----------------- Done invoking toplevel() on ptolemy.moml.MoMLSimpleApplication@65522780
reloadAllAccessors: .BooleanMultiplexor2

===========================================================================================
----------------- testing Tue Oct 22 06:10:44 UTC 2019 /home/travis/build/icyphy/ptII/ptolemy/actor/lib/test/auto/BooleanMultiplexor3.xml
----------------- Instantiating /home/travis/build/icyphy/ptII/ptolemy/actor/lib/test/auto/BooleanMultiplexor3.xml
1 ms. Memory: 288768K Free: 74650K (26%)
----------------- Invoking toplevel() on ptolemy.moml.MoMLSimpleApplication@6c9d79f2
----------------- Done invoking toplevel() on ptolemy.moml.MoMLSimpleApplication@6c9d79f2
reloadAllAccessors: .BooleanMultiplexor3

===========================================================================================
----------------- testing Tue Oct 22 06:10:44 UTC 2019 /home/travis/build/icyphy/ptII/ptolemy/actor/lib/test/auto/BooleanSelect.xml
----------------- Instantiating /home/travis/build/icyphy/ptII/ptolemy/actor/lib/test/auto/BooleanSelect.xml
10 ms. Memory: 529408K Free: 480666K (91%)
----------------- Invoking toplevel() on ptolemy.moml.MoMLSimpleApplication@5c3b0222
----------------- Done invoking toplevel() on ptolemy.moml.MoMLSimpleApplication@5c3b0222
reloadAllAccessors: .BooleanSelect

===========================================================================================
----------------- testing Tue Oct 22 06:10:44 UTC 2019 /home/travis/build/icyphy/ptII/ptolemy/actor/lib/test/auto/BooleanSelect2.xml
----------------- Instantiating /home/travis/build/icyphy/ptII/ptolemy/actor/lib/test/auto/BooleanSelect2.xml
2 ms. Memory: 529408K Free: 476056K (90%)
----------------- Invoking toplevel() on ptolemy.moml.MoMLSimpleApplication@32024326
----------------- Done invoking toplevel() on ptolemy.moml.MoMLSimpleApplication@32024326
reloadAllAccessors: .BooleanSelect2

===========================================================================================
----------------- testing Tue Oct 22 06:10:44 UTC 2019 /home/travis/build/icyphy/ptII/ptolemy/actor/lib/test/auto/BooleanSwitch.xml
----------------- Instantiating /home/travis/build/icyphy/ptII/ptolemy/actor/lib/test/auto/BooleanSwitch.xml
6 ms. Memory: 529408K Free: 469402K (89%)
----------------- Invoking toplevel() on ptolemy.moml.MoMLSimpleApplication@69c7d2f3
----------------- Done invoking toplevel() on ptolemy.moml.MoMLSimpleApplication@69c7d2f3
reloadAllAccessors: .BooleanSwitch

===========================================================================================
----------------- testing Tue Oct 22 06:10:44 UTC 2019 /home/travis/build/icyphy/ptII/ptolemy/actor/lib/test/auto/BooleanSwitch2.xml
----------------- Instantiating /home/travis/build/icyphy/ptII/ptolemy/actor/lib/test/auto/BooleanSwitch2.xml
2 ms. Memory: 529408K Free: 465306K (88%)
----------------- Invoking toplevel() on ptolemy.moml.MoMLSimpleApplication@1a576397
----------------- Done invoking toplevel() on ptolemy.moml.MoMLSimpleApplication@1a576397
reloadAllAccessors: .BooleanSwitch2

===========================================================================================
----------------- testing Tue Oct 22 06:10:44 UTC 2019 /home/travis/build/icyphy/ptII/ptolemy/actor/lib/test/auto/BooleanSwitchCloningBugWithClassRelationGroup.xml
----------------- Instantiating /home/travis/build/icyphy/ptII/ptolemy/actor/lib/test/auto/BooleanSwitchCloningBugWithClassRelationGroup.xml
5 ms. Memory: 529408K Free: 458648K (87%)
----------------- Invoking toplevel() on ptolemy.moml.MoMLSimpleApplication@6f58ed8f
----------------- Done invoking toplevel() on ptolemy.moml.MoMLSimpleApplication@6f58ed8f
reloadAllAccessors: .BooleanSwitchCloningBugWithClassRelationGroup

===========================================================================================
----------------- testing Tue Oct 22 06:10:44 UTC 2019 /home/travis/build/icyphy/ptII/ptolemy/actor/lib/test/auto/BusActors.xml
----------------- Instantiating /home/travis/build/icyphy/ptII/ptolemy/actor/lib/test/auto/BusActors.xml
8 ms. Memory: 529408K Free: 450970K (85%)
----------------- Invoking toplevel() on ptolemy.moml.MoMLSimpleApplication@7e5b6d10
----------------- Done invoking toplevel() on ptolemy.moml.MoMLSimpleApplication@7e5b6d10
reloadAllAccessors: .BusActors

===========================================================================================
----------------- testing Tue Oct 22 06:10:44 UTC 2019 /home/travis/build/icyphy/ptII/ptolemy/actor/lib/test/auto/ClassWrapper.xml
----------------- Instantiating /home/travis/build/icyphy/ptII/ptolemy/actor/lib/test/auto/ClassWrapper.xml
4 ms. Memory: 529408K Free: 446360K (84%)
----------------- Invoking toplevel() on ptolemy.moml.MoMLSimpleApplication@63f79cb
----------------- Done invoking toplevel() on ptolemy.moml.MoMLSimpleApplication@63f79cb
reloadAllAccessors: .ClassWrapper

===========================================================================================
----------------- testing Tue Oct 22 06:10:44 UTC 2019 /home/travis/build/icyphy/ptII/ptolemy/actor/lib/test/auto/Clock.xml
----------------- Instantiating /home/travis/build/icyphy/ptII/ptolemy/actor/lib/test/auto/Clock.xml
4 ms. Memory: 529408K Free: 442778K (84%)
----------------- Invoking toplevel() on ptolemy.moml.MoMLSimpleApplication@3dcb303e
----------------- Done invoking toplevel() on ptolemy.moml.MoMLSimpleApplication@3dcb303e
reloadAllAccessors: .Clock

===========================================================================================
----------------- testing Tue Oct 22 06:10:44 UTC 2019 /home/travis/build/icyphy/ptII/ptolemy/actor/lib/test/auto/Clock10.xml
----------------- Instantiating /home/travis/build/icyphy/ptII/ptolemy/actor/lib/test/auto/Clock10.xml
5 ms. Memory: 529408K Free: 436634K (82%)
----------------- Invoking toplevel() on ptolemy.moml.MoMLSimpleApplication@7f720cbb
----------------- Done invoking toplevel() on ptolemy.moml.MoMLSimpleApplication@7f720cbb
reloadAllAccessors: .Clock10

===========================================================================================
----------------- testing Tue Oct 22 06:10:44 UTC 2019 /home/travis/build/icyphy/ptII/ptolemy/actor/lib/test/auto/Clock11.xml
----------------- Instantiating /home/travis/build/icyphy/ptII/ptolemy/actor/lib/test/auto/Clock11.xml
6 ms. Memory: 529408K Free: 431000K (81%)
----------------- Invoking toplevel() on ptolemy.moml.MoMLSimpleApplication@50bec19c
----------------- Done invoking toplevel() on ptolemy.moml.MoMLSimpleApplication@50bec19c
reloadAllAccessors: .Clock11

===========================================================================================
----------------- testing Tue Oct 22 06:10:44 UTC 2019 /home/travis/build/icyphy/ptII/ptolemy/actor/lib/test/auto/Clock12.xml
----------------- Instantiating /home/travis/build/icyphy/ptII/ptolemy/actor/lib/test/auto/Clock12.xml
3 ms. Memory: 529408K Free: 424856K (80%)
----------------- Invoking toplevel() on ptolemy.moml.MoMLSimpleApplication@4ee0c228
----------------- Done invoking toplevel() on ptolemy.moml.MoMLSimpleApplication@4ee0c228
reloadAllAccessors: .Clock12

===========================================================================================
----------------- testing Tue Oct 22 06:10:44 UTC 2019 /home/travis/build/icyphy/ptII/ptolemy/actor/lib/test/auto/Clock13.xml
----------------- Instantiating /home/travis/build/icyphy/ptII/ptolemy/actor/lib/test/auto/Clock13.xml
5 ms. Memory: 529408K Free: 419226K (79%)
----------------- Invoking toplevel() on ptolemy.moml.MoMLSimpleApplication@23074f9b
----------------- Done invoking toplevel() on ptolemy.moml.MoMLSimpleApplication@23074f9b
reloadAllAccessors: .Clock13

===========================================================================================
----------------- testing Tue Oct 22 06:10:44 UTC 2019 /home/travis/build/icyphy/ptII/ptolemy/actor/lib/test/auto/Clock14.xml
----------------- Instantiating /home/travis/build/icyphy/ptII/ptolemy/actor/lib/test/auto/Clock14.xml
10 ms. Memory: 529408K Free: 413082K (78%)
----------------- Invoking toplevel() on ptolemy.moml.MoMLSimpleApplication@3afd4e56
----------------- Done invoking toplevel() on ptolemy.moml.MoMLSimpleApplication@3afd4e56
reloadAllAccessors: .Clock14

===========================================================================================
----------------- testing Tue Oct 22 06:10:44 UTC 2019 /home/travis/build/icyphy/ptII/ptolemy/actor/lib/test/auto/Clock15.xml
----------------- Instantiating /home/travis/build/icyphy/ptII/ptolemy/actor/lib/test/auto/Clock15.xml
4 ms. Memory: 529408K Free: 407418K (77%)
----------------- Invoking toplevel() on ptolemy.moml.MoMLSimpleApplication@37ab93c9
----------------- Done invoking toplevel() on ptolemy.moml.MoMLSimpleApplication@37ab93c9
reloadAllAccessors: .Clock15

===========================================================================================
----------------- testing Tue Oct 22 06:10:44 UTC 2019 /home/travis/build/icyphy/ptII/ptolemy/actor/lib/test/auto/Clock16.xml
----------------- Instantiating /home/travis/build/icyphy/ptII/ptolemy/actor/lib/test/auto/Clock16.xml
40 ms. Memory: 529408K Free: 392586K (74%)
----------------- Invoking toplevel() on ptolemy.moml.MoMLSimpleApplication@3b0b9e7c
----------------- Done invoking toplevel() on ptolemy.moml.MoMLSimpleApplication@3b0b9e7c
reloadAllAccessors: .Clock16

===========================================================================================
----------------- testing Tue Oct 22 06:10:44 UTC 2019 /home/travis/build/icyphy/ptII/ptolemy/actor/lib/test/auto/Clock17.xml
----------------- Instantiating /home/travis/build/icyphy/ptII/ptolemy/actor/lib/test/auto/Clock17.xml
30 ms. Memory: 529408K Free: 377738K (71%)
----------------- Invoking toplevel() on ptolemy.moml.MoMLSimpleApplication@722e1c26
----------------- Done invoking toplevel() on ptolemy.moml.MoMLSimpleApplication@722e1c26
reloadAllAccessors: .Clock17

===========================================================================================
----------------- testing Tue Oct 22 06:10:44 UTC 2019 /home/travis/build/icyphy/ptII/ptolemy/actor/lib/test/auto/Clock18.xml
----------------- Instantiating /home/travis/build/icyphy/ptII/ptolemy/actor/lib/test/auto/Clock18.xml
18 ms. Memory: 529408K Free: 364954K (69%)
----------------- Invoking toplevel() on ptolemy.moml.MoMLSimpleApplication@472229c
----------------- Done invoking toplevel() on ptolemy.moml.MoMLSimpleApplication@472229c
reloadAllAccessors: .Clock18

===========================================================================================
----------------- testing Tue Oct 22 06:10:44 UTC 2019 /home/travis/build/icyphy/ptII/ptolemy/actor/lib/test/auto/Clock19.xml
----------------- Instantiating /home/travis/build/icyphy/ptII/ptolemy/actor/lib/test/auto/Clock19.xml
15 ms. Memory: 529408K Free: 351642K (66%)
----------------- Invoking toplevel() on ptolemy.moml.MoMLSimpleApplication@417165f9
----------------- Done invoking toplevel() on ptolemy.moml.MoMLSimpleApplication@417165f9
reloadAllAccessors: .Clock19

===========================================================================================
----------------- testing Tue Oct 22 06:10:44 UTC 2019 /home/travis/build/icyphy/ptII/ptolemy/actor/lib/test/auto/Clock2.xml
----------------- Instantiating /home/travis/build/icyphy/ptII/ptolemy/actor/lib/test/auto/Clock2.xml
7 ms. Memory: 529408K Free: 347546K (66%)
----------------- Invoking toplevel() on ptolemy.moml.MoMLSimpleApplication@217bffde
----------------- Done invoking toplevel() on ptolemy.moml.MoMLSimpleApplication@217bffde
reloadAllAccessors: .Clock2

===========================================================================================
----------------- testing Tue Oct 22 06:10:44 UTC 2019 /home/travis/build/icyphy/ptII/ptolemy/actor/lib/test/auto/Clock20.xml
----------------- Instantiating /home/travis/build/icyphy/ptII/ptolemy/actor/lib/test/auto/Clock20.xml
7 ms. Memory: 529408K Free: 341912K (65%)
----------------- Invoking toplevel() on ptolemy.moml.MoMLSimpleApplication@c4a8fca
----------------- Done invoking toplevel() on ptolemy.moml.MoMLSimpleApplication@c4a8fca
reloadAllAccessors: .Clock20

===========================================================================================
----------------- testing Tue Oct 22 06:10:44 UTC 2019 /home/travis/build/icyphy/ptII/ptolemy/actor/lib/test/auto/Clock21.xml
----------------- Instantiating /home/travis/build/icyphy/ptII/ptolemy/actor/lib/test/auto/Clock21.xml
5 ms. Memory: 529408K Free: 336792K (64%)
----------------- Invoking toplevel() on ptolemy.moml.MoMLSimpleApplication@2726fbeb
----------------- Done invoking toplevel() on ptolemy.moml.MoMLSimpleApplication@2726fbeb
reloadAllAccessors: .Clock21

===========================================================================================
----------------- testing Tue Oct 22 06:10:44 UTC 2019 /home/travis/build/icyphy/ptII/ptolemy/actor/lib/test/auto/Clock22.xml
----------------- Instantiating /home/travis/build/icyphy/ptII/ptolemy/actor/lib/test/auto/Clock22.xml
5 ms. Memory: 529408K Free: 331162K (63%)
----------------- Invoking toplevel() on ptolemy.moml.MoMLSimpleApplication@2e78477d
----------------- Done invoking toplevel() on ptolemy.moml.MoMLSimpleApplication@2e78477d
reloadAllAccessors: .Clock22

===========================================================================================
----------------- testing Tue Oct 22 06:10:44 UTC 2019 /home/travis/build/icyphy/ptII/ptolemy/actor/lib/test/auto/Clock23.xml
----------------- Instantiating /home/travis/build/icyphy/ptII/ptolemy/actor/lib/test/auto/Clock23.xml
7 ms. Memory: 529408K Free: 325528K (61%)
----------------- Invoking toplevel() on ptolemy.moml.MoMLSimpleApplication@42185747
----------------- Done invoking toplevel() on ptolemy.moml.MoMLSimpleApplication@42185747
reloadAllAccessors: .Clock23

===========================================================================================
----------------- testing Tue Oct 22 06:10:44 UTC 2019 /home/travis/build/icyphy/ptII/ptolemy/actor/lib/test/auto/Clock24.xml
----------------- Instantiating /home/travis/build/icyphy/ptII/ptolemy/actor/lib/test/auto/Clock24.xml
7 ms. Memory: 529408K Free: 320408K (61%)
----------------- Invoking toplevel() on ptolemy.moml.MoMLSimpleApplication@6e6f9b54
----------------- Done invoking toplevel() on ptolemy.moml.MoMLSimpleApplication@6e6f9b54
reloadAllAccessors: .Clock24

===========================================================================================
----------------- testing Tue Oct 22 06:10:45 UTC 2019 /home/travis/build/icyphy/ptII/ptolemy/actor/lib/test/auto/Clock4.xml
----------------- Instantiating /home/travis/build/icyphy/ptII/ptolemy/actor/lib/test/auto/Clock4.xml
2 ms. Memory: 529408K Free: 315258K (60%)
----------------- Invoking toplevel() on ptolemy.moml.MoMLSimpleApplication@442bc44c
----------------- Done invoking toplevel() on ptolemy.moml.MoMLSimpleApplication@442bc44c
reloadAllAccessors: .Clock4

===========================================================================================
----------------- testing Tue Oct 22 06:10:45 UTC 2019 /home/travis/build/icyphy/ptII/ptolemy/actor/lib/test/auto/Clock5.xml
----------------- Instantiating /home/travis/build/icyphy/ptII/ptolemy/actor/lib/test/auto/Clock5.xml
2 ms. Memory: 529408K Free: 310162K (59%)
----------------- Invoking toplevel() on ptolemy.moml.MoMLSimpleApplication@35129641
----------------- Done invoking toplevel() on ptolemy.moml.MoMLSimpleApplication@35129641
reloadAllAccessors: .Clock5

===========================================================================================
----------------- testing Tue Oct 22 06:10:45 UTC 2019 /home/travis/build/icyphy/ptII/ptolemy/actor/lib/test/auto/Clock6.xml
----------------- Instantiating /home/travis/build/icyphy/ptII/ptolemy/actor/lib/test/auto/Clock6.xml
3 ms. Memory: 529408K Free: 305562K (58%)
----------------- Invoking toplevel() on ptolemy.moml.MoMLSimpleApplication@1a35b1f7
----------------- Done invoking toplevel() on ptolemy.moml.MoMLSimpleApplication@1a35b1f7
reloadAllAccessors: .Clock6

===========================================================================================
----------------- testing Tue Oct 22 06:10:45 UTC 2019 /home/travis/build/icyphy/ptII/ptolemy/actor/lib/test/auto/Clock7.xml
----------------- Instantiating /home/travis/build/icyphy/ptII/ptolemy/actor/lib/test/auto/Clock7.xml
2 ms. Memory: 529408K Free: 300952K (57%)
----------------- Invoking toplevel() on ptolemy.moml.MoMLSimpleApplication@5e527fcc
----------------- Done invoking toplevel() on ptolemy.moml.MoMLSimpleApplication@5e527fcc
reloadAllAccessors: .Clock7

===========================================================================================
----------------- testing Tue Oct 22 06:10:45 UTC 2019 /home/travis/build/icyphy/ptII/ptolemy/actor/lib/test/auto/Clock8.xml
----------------- Instantiating /home/travis/build/icyphy/ptII/ptolemy/actor/lib/test/auto/Clock8.xml
4 ms. Memory: 529408K Free: 295322K (56%)
----------------- Invoking toplevel() on ptolemy.moml.MoMLSimpleApplication@6dbffbc5
----------------- Done invoking toplevel() on ptolemy.moml.MoMLSimpleApplication@6dbffbc5
reloadAllAccessors: .Clock8

===========================================================================================
----------------- testing Tue Oct 22 06:10:45 UTC 2019 /home/travis/build/icyphy/ptII/ptolemy/actor/lib/test/auto/Clock9.xml
----------------- Instantiating /home/travis/build/icyphy/ptII/ptolemy/actor/lib/test/auto/Clock9.xml
5 ms. Memory: 529408K Free: 290202K (55%)
----------------- Invoking toplevel() on ptolemy.moml.MoMLSimpleApplication@763bf2b9
----------------- Done invoking toplevel() on ptolemy.moml.MoMLSimpleApplication@763bf2b9
reloadAllAccessors: .Clock9

===========================================================================================
----------------- testing Tue Oct 22 06:10:45 UTC 2019 /home/travis/build/icyphy/ptII/ptolemy/actor/lib/test/auto/CommDistDiscard.xml
----------------- Instantiating /home/travis/build/icyphy/ptII/ptolemy/actor/lib/test/auto/CommDistDiscard.xml
6 ms. Memory: 529408K Free: 284568K (54%)
----------------- Invoking toplevel() on ptolemy.moml.MoMLSimpleApplication@9d884d
----------------- Done invoking toplevel() on ptolemy.moml.MoMLSimpleApplication@9d884d
reloadAllAccessors: .CommDistDiscard

===========================================================================================
----------------- testing Tue Oct 22 06:10:45 UTC 2019 /home/travis/build/icyphy/ptII/ptolemy/actor/lib/test/auto/Commutator.xml
----------------- Instantiating /home/travis/build/icyphy/ptII/ptolemy/actor/lib/test/auto/Commutator.xml
2 ms. Memory: 529408K Free: 280472K (53%)
----------------- Invoking toplevel() on ptolemy.moml.MoMLSimpleApplication@2fcb41a2
----------------- Done invoking toplevel() on ptolemy.moml.MoMLSimpleApplication@2fcb41a2
reloadAllAccessors: .Commutator

===========================================================================================
----------------- testing Tue Oct 22 06:10:45 UTC 2019 /home/travis/build/icyphy/ptII/ptolemy/actor/lib/test/auto/Commutator2.xml
----------------- Instantiating /home/travis/build/icyphy/ptII/ptolemy/actor/lib/test/auto/Commutator2.xml
2 ms. Memory: 529408K Free: 275866K (52%)
----------------- Invoking toplevel() on ptolemy.moml.MoMLSimpleApplication@75ef7f7a
----------------- Done invoking toplevel() on ptolemy.moml.MoMLSimpleApplication@75ef7f7a
reloadAllAccessors: .Commutator2

===========================================================================================
----------------- testing Tue Oct 22 06:10:45 UTC 2019 /home/travis/build/icyphy/ptII/ptolemy/actor/lib/test/auto/Commutator3.xml
----------------- Instantiating /home/travis/build/icyphy/ptII/ptolemy/actor/lib/test/auto/Commutator3.xml
3 ms. Memory: 529408K Free: 271256K (51%)
----------------- Invoking toplevel() on ptolemy.moml.MoMLSimpleApplication@d1328e1
----------------- Done invoking toplevel() on ptolemy.moml.MoMLSimpleApplication@d1328e1
reloadAllAccessors: .Commutator3

===========================================================================================
----------------- testing Tue Oct 22 06:10:45 UTC 2019 /home/travis/build/icyphy/ptII/ptolemy/actor/lib/test/auto/Compare.xml
----------------- Instantiating /home/travis/build/icyphy/ptII/ptolemy/actor/lib/test/auto/Compare.xml
3 ms. Memory: 529408K Free: 265112K (50%)
----------------- Invoking toplevel() on ptolemy.moml.MoMLSimpleApplication@786bc9c7
----------------- Done invoking toplevel() on ptolemy.moml.MoMLSimpleApplication@786bc9c7
reloadAllAccessors: .Compare

===========================================================================================
----------------- testing Tue Oct 22 06:10:45 UTC 2019 /home/travis/build/icyphy/ptII/ptolemy/actor/lib/test/auto/CompareDE.xml
----------------- Instantiating /home/travis/build/icyphy/ptII/ptolemy/actor/lib/test/auto/CompareDE.xml
4 ms. Memory: 529408K Free: 257930K (49%)
----------------- Invoking toplevel() on ptolemy.moml.MoMLSimpleApplication@6c9eeb90
----------------- Done invoking toplevel() on ptolemy.moml.MoMLSimpleApplication@6c9eeb90
reloadAllAccessors: .CompareDE

===========================================================================================
----------------- testing Tue Oct 22 06:10:45 UTC 2019 /home/travis/build/icyphy/ptII/ptolemy/actor/lib/test/auto/ComplexDivide.xml
----------------- Instantiating /home/travis/build/icyphy/ptII/ptolemy/actor/lib/test/auto/ComplexDivide.xml
2 ms. Memory: 529408K Free: 254362K (48%)
----------------- Invoking toplevel() on ptolemy.moml.MoMLSimpleApplication@56bb6446
----------------- Done invoking toplevel() on ptolemy.moml.MoMLSimpleApplication@56bb6446
reloadAllAccessors: .ComplexDivide

===========================================================================================
----------------- testing Tue Oct 22 06:10:45 UTC 2019 /home/travis/build/icyphy/ptII/ptolemy/actor/lib/test/auto/ComputeHistogram.xml
----------------- Instantiating /home/travis/build/icyphy/ptII/ptolemy/actor/lib/test/auto/ComputeHistogram.xml
39 ms. Memory: 529408K Free: 241560K (46%)
----------------- Invoking toplevel() on ptolemy.moml.MoMLSimpleApplication@5db9cccd
----------------- Done invoking toplevel() on ptolemy.moml.MoMLSimpleApplication@5db9cccd
reloadAllAccessors: .ComputeHistogram

===========================================================================================
----------------- testing Tue Oct 22 06:10:45 UTC 2019 /home/travis/build/icyphy/ptII/ptolemy/actor/lib/test/auto/ConfigurationSelect.xml
----------------- Instantiating /home/travis/build/icyphy/ptII/ptolemy/actor/lib/test/auto/ConfigurationSelect.xml
9 ms. Memory: 529408K Free: 236410K (45%)
----------------- Invoking toplevel() on ptolemy.moml.MoMLSimpleApplication@74444613
----------------- Done invoking toplevel() on ptolemy.moml.MoMLSimpleApplication@74444613
reloadAllAccessors: .ConfigurationSelect

===========================================================================================
----------------- testing Tue Oct 22 06:10:45 UTC 2019 /home/travis/build/icyphy/ptII/ptolemy/actor/lib/test/auto/ConfigurationSelect2.xml
----------------- Instantiating /home/travis/build/icyphy/ptII/ptolemy/actor/lib/test/auto/ConfigurationSelect2.xml
2 ms. Memory: 529408K Free: 231834K (44%)
----------------- Invoking toplevel() on ptolemy.moml.MoMLSimpleApplication@6288a5e5
----------------- Done invoking toplevel() on ptolemy.moml.MoMLSimpleApplication@6288a5e5
reloadAllAccessors: .ConfigurationSelect2

===========================================================================================
----------------- testing Tue Oct 22 06:10:45 UTC 2019 /home/travis/build/icyphy/ptII/ptolemy/actor/lib/test/auto/ConfigurationSwitch.xml
----------------- Instantiating /home/travis/build/icyphy/ptII/ptolemy/actor/lib/test/auto/ConfigurationSwitch.xml
2 ms. Memory: 529408K Free: 226200K (43%)
----------------- Invoking toplevel() on ptolemy.moml.MoMLSimpleApplication@6b65516e
----------------- Done invoking toplevel() on ptolemy.moml.MoMLSimpleApplication@6b65516e
reloadAllAccessors: .ConfigurationSwitch

===========================================================================================
----------------- testing Tue Oct 22 06:10:45 UTC 2019 /home/travis/build/icyphy/ptII/ptolemy/actor/lib/test/auto/ConfigurationSwitch2.xml
----------------- Instantiating /home/travis/build/icyphy/ptII/ptolemy/actor/lib/test/auto/ConfigurationSwitch2.xml
3 ms. Memory: 529408K Free: 221080K (42%)
----------------- Invoking toplevel() on ptolemy.moml.MoMLSimpleApplication@14c7bf0f
----------------- Done invoking toplevel() on ptolemy.moml.MoMLSimpleApplication@14c7bf0f
reloadAllAccessors: .ConfigurationSwitch2

===========================================================================================
----------------- testing Tue Oct 22 06:10:45 UTC 2019 /home/travis/build/icyphy/ptII/ptolemy/actor/lib/test/auto/ConfigurationSwitchCloningBugWithClassRelationGroup.xml
----------------- Instantiating /home/travis/build/icyphy/ptII/ptolemy/actor/lib/test/auto/ConfigurationSwitchCloningBugWithClassRelationGroup.xml
1 ms. Memory: 529408K Free: 214426K (41%)
----------------- Invoking toplevel() on ptolemy.moml.MoMLSimpleApplication@46303521
----------------- Done invoking toplevel() on ptolemy.moml.MoMLSimpleApplication@46303521
reloadAllAccessors: .ConfigurationSwitchCloningBugWithClassRelationGroup

===========================================================================================
----------------- testing Tue Oct 22 06:10:45 UTC 2019 /home/travis/build/icyphy/ptII/ptolemy/actor/lib/test/auto/ConfigurationSwitchSelectSDF.xml
----------------- Instantiating /home/travis/build/icyphy/ptII/ptolemy/actor/lib/test/auto/ConfigurationSwitchSelectSDF.xml
3 ms. Memory: 529408K Free: 209306K (40%)
----------------- Invoking toplevel() on ptolemy.moml.MoMLSimpleApplication@2362dc51
----------------- Done invoking toplevel() on ptolemy.moml.MoMLSimpleApplication@2362dc51
reloadAllAccessors: .ConfigurationSwitchSelectSDF

===========================================================================================
----------------- testing Tue Oct 22 06:10:45 UTC 2019 /home/travis/build/icyphy/ptII/ptolemy/actor/lib/test/auto/ConfigurationSwitchSelectSDF2.xml
----------------- Instantiating /home/travis/build/icyphy/ptII/ptolemy/actor/lib/test/auto/ConfigurationSwitchSelectSDF2.xml
2 ms. Memory: 529408K Free: 203162K (38%)
----------------- Invoking toplevel() on ptolemy.moml.MoMLSimpleApplication@32c5945d
----------------- Done invoking toplevel() on ptolemy.moml.MoMLSimpleApplication@32c5945d
reloadAllAccessors: .ConfigurationSwitchSelectSDF2

===========================================================================================
----------------- testing Tue Oct 22 06:10:45 UTC 2019 /home/travis/build/icyphy/ptII/ptolemy/actor/lib/test/auto/Const.xml
----------------- Instantiating /home/travis/build/icyphy/ptII/ptolemy/actor/lib/test/auto/Const.xml
1 ms. Memory: 529408K Free: 200090K (38%)
----------------- Invoking toplevel() on ptolemy.moml.MoMLSimpleApplication@c578627
----------------- Done invoking toplevel() on ptolemy.moml.MoMLSimpleApplication@c578627
reloadAllAccessors: .Const

===========================================================================================
----------------- testing Tue Oct 22 06:10:45 UTC 2019 /home/travis/build/icyphy/ptII/ptolemy/actor/lib/test/auto/Const2.xml
----------------- Instantiating /home/travis/build/icyphy/ptII/ptolemy/actor/lib/test/auto/Const2.xml
1 ms. Memory: 529408K Free: 195994K (37%)
----------------- Invoking toplevel() on ptolemy.moml.MoMLSimpleApplication@ecbc8a0
----------------- Done invoking toplevel() on ptolemy.moml.MoMLSimpleApplication@ecbc8a0
reloadAllAccessors: .Const2

===========================================================================================
----------------- testing Tue Oct 22 06:10:45 UTC 2019 /home/travis/build/icyphy/ptII/ptolemy/actor/lib/test/auto/Const3.xml
----------------- Instantiating /home/travis/build/icyphy/ptII/ptolemy/actor/lib/test/auto/Const3.xml
1 ms. Memory: 529408K Free: 192922K (36%)
----------------- Invoking toplevel() on ptolemy.moml.MoMLSimpleApplication@941c72b
----------------- Done invoking toplevel() on ptolemy.moml.MoMLSimpleApplication@941c72b
reloadAllAccessors: .Const3

===========================================================================================
----------------- testing Tue Oct 22 06:10:45 UTC 2019 /home/travis/build/icyphy/ptII/ptolemy/actor/lib/test/auto/ConstantPublisherPort1.xml
----------------- Instantiating /home/travis/build/icyphy/ptII/ptolemy/actor/lib/test/auto/ConstantPublisherPort1.xml
5 ms. Memory: 529408K Free: 184216K (35%)
----------------- Invoking toplevel() on ptolemy.moml.MoMLSimpleApplication@2196e322
----------------- Done invoking toplevel() on ptolemy.moml.MoMLSimpleApplication@2196e322
reloadAllAccessors: .ConstantPublisherPort1

===========================================================================================
----------------- testing Tue Oct 22 06:10:45 UTC 2019 /home/travis/build/icyphy/ptII/ptolemy/actor/lib/test/auto/ConstantPublisherPort2.xml
----------------- Instantiating /home/travis/build/icyphy/ptII/ptolemy/actor/lib/test/auto/ConstantPublisherPort2.xml
9 ms. Memory: 529408K Free: 176024K (33%)
----------------- Invoking toplevel() on ptolemy.moml.MoMLSimpleApplication@2bd55f0d
----------------- Done invoking toplevel() on ptolemy.moml.MoMLSimpleApplication@2bd55f0d
reloadAllAccessors: .ConstantPublisherPort2

===========================================================================================
----------------- testing Tue Oct 22 06:10:45 UTC 2019 /home/travis/build/icyphy/ptII/ptolemy/actor/lib/test/auto/ConstantPublisherPort3.xml
----------------- Instantiating /home/travis/build/icyphy/ptII/ptolemy/actor/lib/test/auto/ConstantPublisherPort3.xml
6 ms. Memory: 529408K Free: 168856K (32%)
----------------- Invoking toplevel() on ptolemy.moml.MoMLSimpleApplication@4009a73c
----------------- Done invoking toplevel() on ptolemy.moml.MoMLSimpleApplication@4009a73c
reloadAllAccessors: .ConstantPublisherPort3

===========================================================================================
----------------- testing Tue Oct 22 06:10:45 UTC 2019 /home/travis/build/icyphy/ptII/ptolemy/actor/lib/test/auto/ConstantPublisherPort4.xml
----------------- Instantiating /home/travis/build/icyphy/ptII/ptolemy/actor/lib/test/auto/ConstantPublisherPort4.xml
3 ms. Memory: 529408K Free: 477754K (90%)
----------------- Invoking toplevel() on ptolemy.moml.MoMLSimpleApplication@283a00c9
----------------- Done invoking toplevel() on ptolemy.moml.MoMLSimpleApplication@283a00c9
reloadAllAccessors: .ConstantPublisherPort4

===========================================================================================
----------------- testing Tue Oct 22 06:10:45 UTC 2019 /home/travis/build/icyphy/ptII/ptolemy/actor/lib/test/auto/ConstantPublisherPort5.xml
----------------- Instantiating /home/travis/build/icyphy/ptII/ptolemy/actor/lib/test/auto/ConstantPublisherPort5.xml
30 ms. Memory: 529408K Free: 468026K (88%)
----------------- Invoking toplevel() on ptolemy.moml.MoMLSimpleApplication@57e2189d
----------------- Done invoking toplevel() on ptolemy.moml.MoMLSimpleApplication@57e2189d
reloadAllAccessors: .ConstantPublisherPort5

===========================================================================================
----------------- testing Tue Oct 22 06:10:45 UTC 2019 /home/travis/build/icyphy/ptII/ptolemy/actor/lib/test/auto/ConstantPublisherPort6.xml
----------------- Instantiating /home/travis/build/icyphy/ptII/ptolemy/actor/lib/test/auto/ConstantPublisherPort6.xml
16 ms. Memory: 529408K Free: 458812K (87%)
----------------- Invoking toplevel() on ptolemy.moml.MoMLSimpleApplication@6cc12f49
----------------- Done invoking toplevel() on ptolemy.moml.MoMLSimpleApplication@6cc12f49
reloadAllAccessors: .ConstantPublisherPort6

===========================================================================================
----------------- testing Tue Oct 22 06:10:45 UTC 2019 /home/travis/build/icyphy/ptII/ptolemy/actor/lib/test/auto/ConstantPublisherPort7.xml
----------------- Instantiating /home/travis/build/icyphy/ptII/ptolemy/actor/lib/test/auto/ConstantPublisherPort7.xml
20 ms. Memory: 529408K Free: 449596K (85%)
----------------- Invoking toplevel() on ptolemy.moml.MoMLSimpleApplication@55c759b8
----------------- Done invoking toplevel() on ptolemy.moml.MoMLSimpleApplication@55c759b8
reloadAllAccessors: .ConstantPublisherPort7

===========================================================================================
----------------- testing Tue Oct 22 06:10:45 UTC 2019 /home/travis/build/icyphy/ptII/ptolemy/actor/lib/test/auto/ConstraintMonitor1.xml
----------------- Instantiating /home/travis/build/icyphy/ptII/ptolemy/actor/lib/test/auto/ConstraintMonitor1.xml
8 ms. Memory: 529408K Free: 443962K (84%)
----------------- Invoking toplevel() on ptolemy.moml.MoMLSimpleApplication@3f07b5ad
----------------- Done invoking toplevel() on ptolemy.moml.MoMLSimpleApplication@3f07b5ad
reloadAllAccessors: .ConstraintMonitor1

===========================================================================================
----------------- testing Tue Oct 22 06:10:45 UTC 2019 /home/travis/build/icyphy/ptII/ptolemy/actor/lib/test/auto/ConstraintMonitor2.xml
----------------- Instantiating /home/travis/build/icyphy/ptII/ptolemy/actor/lib/test/auto/ConstraintMonitor2.xml
1 ms. Memory: 529408K Free: 439356K (83%)
----------------- Invoking toplevel() on ptolemy.moml.MoMLSimpleApplication@b3d8aa2
----------------- Done invoking toplevel() on ptolemy.moml.MoMLSimpleApplication@b3d8aa2
reloadAllAccessors: .ConstraintMonitor2

===========================================================================================
----------------- testing Tue Oct 22 06:10:45 UTC 2019 /home/travis/build/icyphy/ptII/ptolemy/actor/lib/test/auto/ConstraintMonitor3.xml
----------------- Instantiating /home/travis/build/icyphy/ptII/ptolemy/actor/lib/test/auto/ConstraintMonitor3.xml
5 ms. Memory: 529408K Free: 435260K (82%)
----------------- Invoking toplevel() on ptolemy.moml.MoMLSimpleApplication@65d0a5b5
----------------- Done invoking toplevel() on ptolemy.moml.MoMLSimpleApplication@65d0a5b5
reloadAllAccessors: .ConstraintMonitor3

===========================================================================================
----------------- testing Tue Oct 22 06:10:45 UTC 2019 /home/travis/build/icyphy/ptII/ptolemy/actor/lib/test/auto/ConstraintMonitor4.xml
----------------- Instantiating /home/travis/build/icyphy/ptII/ptolemy/actor/lib/test/auto/ConstraintMonitor4.xml
1 ms. Memory: 529408K Free: 430140K (81%)
----------------- Invoking toplevel() on ptolemy.moml.MoMLSimpleApplication@6b1710bf
----------------- Done invoking toplevel() on ptolemy.moml.MoMLSimpleApplication@6b1710bf
reloadAllAccessors: .ConstraintMonitor4

===========================================================================================
----------------- testing Tue Oct 22 06:10:45 UTC 2019 /home/travis/build/icyphy/ptII/ptolemy/actor/lib/test/auto/ConstraintMonitor5.xml
----------------- Instantiating /home/travis/build/icyphy/ptII/ptolemy/actor/lib/test/auto/ConstraintMonitor5.xml
2 ms. Memory: 529408K Free: 425530K (80%)
----------------- Invoking toplevel() on ptolemy.moml.MoMLSimpleApplication@550e0252
----------------- Done invoking toplevel() on ptolemy.moml.MoMLSimpleApplication@550e0252
reloadAllAccessors: .ConstraintMonitor5

===========================================================================================
----------------- testing Tue Oct 22 06:10:45 UTC 2019 /home/travis/build/icyphy/ptII/ptolemy/actor/lib/test/auto/ConstraintMonitor6.xml
----------------- Instantiating /home/travis/build/icyphy/ptII/ptolemy/actor/lib/test/auto/ConstraintMonitor6.xml
5 ms. Memory: 529408K Free: 419356K (79%)
----------------- Invoking toplevel() on ptolemy.moml.MoMLSimpleApplication@65e830d1
----------------- Done invoking toplevel() on ptolemy.moml.MoMLSimpleApplication@65e830d1
reloadAllAccessors: .ConstraintMonitor6

===========================================================================================
----------------- testing Tue Oct 22 06:10:45 UTC 2019 /home/travis/build/icyphy/ptII/ptolemy/actor/lib/test/auto/ConstraintMonitor7.xml
----------------- Instantiating /home/travis/build/icyphy/ptII/ptolemy/actor/lib/test/auto/ConstraintMonitor7.xml
3 ms. Memory: 529408K Free: 412732K (78%)
----------------- Invoking toplevel() on ptolemy.moml.MoMLSimpleApplication@37897d33
----------------- Done invoking toplevel() on ptolemy.moml.MoMLSimpleApplication@37897d33
reloadAllAccessors: .ConstraintMonitor7

===========================================================================================
----------------- testing Tue Oct 22 06:10:45 UTC 2019 /home/travis/build/icyphy/ptII/ptolemy/actor/lib/test/auto/ConstraintMonitor8.xml
----------------- Instantiating /home/travis/build/icyphy/ptII/ptolemy/actor/lib/test/auto/ConstraintMonitor8.xml
7 ms. Memory: 529408K Free: 405564K (77%)
----------------- Invoking toplevel() on ptolemy.moml.MoMLSimpleApplication@32d0644f
----------------- Done invoking toplevel() on ptolemy.moml.MoMLSimpleApplication@32d0644f
reloadAllAccessors: .ConstraintMonitor8

===========================================================================================
----------------- testing Tue Oct 22 06:10:46 UTC 2019 /home/travis/build/icyphy/ptII/ptolemy/actor/lib/test/auto/Counter.xml
----------------- Instantiating /home/travis/build/icyphy/ptII/ptolemy/actor/lib/test/auto/Counter.xml
2 ms. Memory: 529408K Free: 400444K (76%)
----------------- Invoking toplevel() on ptolemy.moml.MoMLSimpleApplication@5b234502
----------------- Done invoking toplevel() on ptolemy.moml.MoMLSimpleApplication@5b234502
reloadAllAccessors: .Counter

===========================================================================================
----------------- testing Tue Oct 22 06:10:46 UTC 2019 /home/travis/build/icyphy/ptII/ptolemy/actor/lib/test/auto/CurrentTimeSDF.xml
----------------- Instantiating /home/travis/build/icyphy/ptII/ptolemy/actor/lib/test/auto/CurrentTimeSDF.xml
2 ms. Memory: 529408K Free: 396348K (75%)
----------------- Invoking toplevel() on ptolemy.moml.MoMLSimpleApplication@21b3cac7
----------------- Done invoking toplevel() on ptolemy.moml.MoMLSimpleApplication@21b3cac7
reloadAllAccessors: .CurrentTimeSDF

===========================================================================================
----------------- testing Tue Oct 22 06:10:46 UTC 2019 /home/travis/build/icyphy/ptII/ptolemy/actor/lib/test/auto/DB.xml
----------------- Instantiating /home/travis/build/icyphy/ptII/ptolemy/actor/lib/test/auto/DB.xml
2 ms. Memory: 529408K Free: 391738K (74%)
----------------- Invoking toplevel() on ptolemy.moml.MoMLSimpleApplication@6e90a714
----------------- Done invoking toplevel() on ptolemy.moml.MoMLSimpleApplication@6e90a714
reloadAllAccessors: .DB

===========================================================================================
----------------- testing Tue Oct 22 06:10:46 UTC 2019 /home/travis/build/icyphy/ptII/ptolemy/actor/lib/test/auto/DBDE.xml
----------------- Instantiating /home/travis/build/icyphy/ptII/ptolemy/actor/lib/test/auto/DBDE.xml
2 ms. Memory: 529408K Free: 385564K (73%)
----------------- Invoking toplevel() on ptolemy.moml.MoMLSimpleApplication@57ea220c
----------------- Done invoking toplevel() on ptolemy.moml.MoMLSimpleApplication@57ea220c
reloadAllAccessors: .DBDE

===========================================================================================
----------------- testing Tue Oct 22 06:10:46 UTC 2019 /home/travis/build/icyphy/ptII/ptolemy/actor/lib/test/auto/DateConstructor.xml
----------------- Instantiating /home/travis/build/icyphy/ptII/ptolemy/actor/lib/test/auto/DateConstructor.xml
27 ms. Memory: 529408K Free: 368186K (70%)
----------------- Invoking toplevel() on ptolemy.moml.MoMLSimpleApplication@4a4f2000
----------------- Done invoking toplevel() on ptolemy.moml.MoMLSimpleApplication@4a4f2000
reloadAllAccessors: .DateConstructor

===========================================================================================
----------------- testing Tue Oct 22 06:10:46 UTC 2019 /home/travis/build/icyphy/ptII/ptolemy/actor/lib/test/auto/DelayTime.xml
----------------- Instantiating /home/travis/build/icyphy/ptII/ptolemy/actor/lib/test/auto/DelayTime.xml
7 ms. Memory: 529408K Free: 363580K (69%)
----------------- Invoking toplevel() on ptolemy.moml.MoMLSimpleApplication@392fd774
----------------- Done invoking toplevel() on ptolemy.moml.MoMLSimpleApplication@392fd774
reloadAllAccessors: .DelayTime

===========================================================================================
----------------- testing Tue Oct 22 06:10:46 UTC 2019 /home/travis/build/icyphy/ptII/ptolemy/actor/lib/test/auto/Dictionary1.xml
----------------- Instantiating /home/travis/build/icyphy/ptII/ptolemy/actor/lib/test/auto/Dictionary1.xml
1 ms. Memory: 529408K Free: 358460K (68%)
----------------- Invoking toplevel() on ptolemy.moml.MoMLSimpleApplication@2bd3bf9c
----------------- Done invoking toplevel() on ptolemy.moml.MoMLSimpleApplication@2bd3bf9c
reloadAllAccessors: .Dictionary1

===========================================================================================
----------------- testing Tue Oct 22 06:10:46 UTC 2019 /home/travis/build/icyphy/ptII/ptolemy/actor/lib/test/auto/Dictionary2.xml
----------------- Instantiating /home/travis/build/icyphy/ptII/ptolemy/actor/lib/test/auto/Dictionary2.xml
4 ms. Memory: 529408K Free: 352826K (67%)
----------------- Invoking toplevel() on ptolemy.moml.MoMLSimpleApplication@445e0fdf
----------------- Done invoking toplevel() on ptolemy.moml.MoMLSimpleApplication@445e0fdf
reloadAllAccessors: .Dictionary2

===========================================================================================
----------------- testing Tue Oct 22 06:10:46 UTC 2019 /home/travis/build/icyphy/ptII/ptolemy/actor/lib/test/auto/Dictionary3.xml
----------------- Instantiating /home/travis/build/icyphy/ptII/ptolemy/actor/lib/test/auto/Dictionary3.xml
2 ms. Memory: 529408K Free: 347706K (66%)
----------------- Invoking toplevel() on ptolemy.moml.MoMLSimpleApplication@19968f0
----------------- Done invoking toplevel() on ptolemy.moml.MoMLSimpleApplication@19968f0
reloadAllAccessors: .Dictionary3

===========================================================================================
----------------- testing Tue Oct 22 06:10:46 UTC 2019 /home/travis/build/icyphy/ptII/ptolemy/actor/lib/test/auto/Dictionary4.xml
----------------- Instantiating /home/travis/build/icyphy/ptII/ptolemy/actor/lib/test/auto/Dictionary4.xml
5 ms. Memory: 529408K Free: 340538K (64%)
----------------- Invoking toplevel() on ptolemy.moml.MoMLSimpleApplication@4a94844c
----------------- Done invoking toplevel() on ptolemy.moml.MoMLSimpleApplication@4a94844c
reloadAllAccessors: .Dictionary4

===========================================================================================
----------------- testing Tue Oct 22 06:10:46 UTC 2019 /home/travis/build/icyphy/ptII/ptolemy/actor/lib/test/auto/Differential.xml
----------------- Instantiating /home/travis/build/icyphy/ptII/ptolemy/actor/lib/test/auto/Differential.xml
3 ms. Memory: 529408K Free: 335932K (63%)
----------------- Invoking toplevel() on ptolemy.moml.MoMLSimpleApplication@2e95bfd
----------------- Done invoking toplevel() on ptolemy.moml.MoMLSimpleApplication@2e95bfd
reloadAllAccessors: .Differential

===========================================================================================
----------------- testing Tue Oct 22 06:10:46 UTC 2019 /home/travis/build/icyphy/ptII/ptolemy/actor/lib/test/auto/Director.xml
----------------- Instantiating /home/travis/build/icyphy/ptII/ptolemy/actor/lib/test/auto/Director.xml
4 ms. Memory: 529408K Free: 332346K (63%)
----------------- Invoking toplevel() on ptolemy.moml.MoMLSimpleApplication@1a9f5785
----------------- Done invoking toplevel() on ptolemy.moml.MoMLSimpleApplication@1a9f5785
reloadAllAccessors: .Director

===========================================================================================
----------------- testing Tue Oct 22 06:10:46 UTC 2019 /home/travis/build/icyphy/ptII/ptolemy/actor/lib/test/auto/DiscreteClock.xml
----------------- Instantiating /home/travis/build/icyphy/ptII/ptolemy/actor/lib/test/auto/DiscreteClock.xml
1 ms. Memory: 529408K Free: 328764K (62%)
----------------- Invoking toplevel() on ptolemy.moml.MoMLSimpleApplication@61fb363f
----------------- Done invoking toplevel() on ptolemy.moml.MoMLSimpleApplication@61fb363f
reloadAllAccessors: .DiscreteClock

===========================================================================================
----------------- testing Tue Oct 22 06:10:46 UTC 2019 /home/travis/build/icyphy/ptII/ptolemy/actor/lib/test/auto/DiscreteClock10.xml
----------------- Instantiating /home/travis/build/icyphy/ptII/ptolemy/actor/lib/test/auto/DiscreteClock10.xml
2 ms. Memory: 529408K Free: 322620K (61%)
----------------- Invoking toplevel() on ptolemy.moml.MoMLSimpleApplication@4c01c83c
----------------- Done invoking toplevel() on ptolemy.moml.MoMLSimpleApplication@4c01c83c
reloadAllAccessors: .DiscreteClock10

===========================================================================================
----------------- testing Tue Oct 22 06:10:46 UTC 2019 /home/travis/build/icyphy/ptII/ptolemy/actor/lib/test/auto/DiscreteClock11.xml
----------------- Instantiating /home/travis/build/icyphy/ptII/ptolemy/actor/lib/test/auto/DiscreteClock11.xml
2 ms. Memory: 529408K Free: 316476K (60%)
----------------- Invoking toplevel() on ptolemy.moml.MoMLSimpleApplication@6c87854f
----------------- Done invoking toplevel() on ptolemy.moml.MoMLSimpleApplication@6c87854f
reloadAllAccessors: .DiscreteClock11

===========================================================================================
----------------- testing Tue Oct 22 06:10:46 UTC 2019 /home/travis/build/icyphy/ptII/ptolemy/actor/lib/test/auto/DiscreteClock12.xml
----------------- Instantiating /home/travis/build/icyphy/ptII/ptolemy/actor/lib/test/auto/DiscreteClock12.xml
3 ms. Memory: 529408K Free: 310842K (59%)
----------------- Invoking toplevel() on ptolemy.moml.MoMLSimpleApplication@34298e7
----------------- Done invoking toplevel() on ptolemy.moml.MoMLSimpleApplication@34298e7
reloadAllAccessors: .DiscreteClock12

===========================================================================================
----------------- testing Tue Oct 22 06:10:46 UTC 2019 /home/travis/build/icyphy/ptII/ptolemy/actor/lib/test/auto/DiscreteClock13.xml
----------------- Instantiating /home/travis/build/icyphy/ptII/ptolemy/actor/lib/test/auto/DiscreteClock13.xml
5 ms. Memory: 529408K Free: 304668K (58%)
----------------- Invoking toplevel() on ptolemy.moml.MoMLSimpleApplication@1c3dd52d
----------------- Done invoking toplevel() on ptolemy.moml.MoMLSimpleApplication@1c3dd52d
reloadAllAccessors: .DiscreteClock13

===========================================================================================
----------------- testing Tue Oct 22 06:10:46 UTC 2019 /home/travis/build/icyphy/ptII/ptolemy/actor/lib/test/auto/DiscreteClock14.xml
----------------- Instantiating /home/travis/build/icyphy/ptII/ptolemy/actor/lib/test/auto/DiscreteClock14.xml
5 ms. Memory: 529408K Free: 298524K (56%)
----------------- Invoking toplevel() on ptolemy.moml.MoMLSimpleApplication@368216bf
----------------- Done invoking toplevel() on ptolemy.moml.MoMLSimpleApplication@368216bf
reloadAllAccessors: .DiscreteClock14

===========================================================================================
----------------- testing Tue Oct 22 06:10:46 UTC 2019 /home/travis/build/icyphy/ptII/ptolemy/actor/lib/test/auto/DiscreteClock15.xml
----------------- Instantiating /home/travis/build/icyphy/ptII/ptolemy/actor/lib/test/auto/DiscreteClock15.xml
5 ms. Memory: 529408K Free: 292396K (55%)
----------------- Invoking toplevel() on ptolemy.moml.MoMLSimpleApplication@2e8ad61a
----------------- Done invoking toplevel() on ptolemy.moml.MoMLSimpleApplication@2e8ad61a
reloadAllAccessors: .DiscreteClock15

===========================================================================================
----------------- testing Tue Oct 22 06:10:46 UTC 2019 /home/travis/build/icyphy/ptII/ptolemy/actor/lib/test/auto/DiscreteClock16.xml
----------------- Instantiating /home/travis/build/icyphy/ptII/ptolemy/actor/lib/test/auto/DiscreteClock16.xml
13 ms. Memory: 529408K Free: 278588K (53%)
----------------- Invoking toplevel() on ptolemy.moml.MoMLSimpleApplication@443d80cd
----------------- Done invoking toplevel() on ptolemy.moml.MoMLSimpleApplication@443d80cd
reloadAllAccessors: .DiscreteClock16

===========================================================================================
----------------- testing Tue Oct 22 06:10:46 UTC 2019 /home/travis/build/icyphy/ptII/ptolemy/actor/lib/test/auto/DiscreteClock17.xml
----------------- Instantiating /home/travis/build/icyphy/ptII/ptolemy/actor/lib/test/auto/DiscreteClock17.xml
19 ms. Memory: 529408K Free: 264252K (50%)
----------------- Invoking toplevel() on ptolemy.moml.MoMLSimpleApplication@68dd8285
----------------- Done invoking toplevel() on ptolemy.moml.MoMLSimpleApplication@68dd8285
reloadAllAccessors: .DiscreteClock17

===========================================================================================
----------------- testing Tue Oct 22 06:10:46 UTC 2019 /home/travis/build/icyphy/ptII/ptolemy/actor/lib/test/auto/DiscreteClock18.xml
----------------- Instantiating /home/travis/build/icyphy/ptII/ptolemy/actor/lib/test/auto/DiscreteClock18.xml
12 ms. Memory: 529408K Free: 250426K (47%)
----------------- Invoking toplevel() on ptolemy.moml.MoMLSimpleApplication@5c4728bf
----------------- Done invoking toplevel() on ptolemy.moml.MoMLSimpleApplication@5c4728bf
reloadAllAccessors: .DiscreteClock18

===========================================================================================
----------------- testing Tue Oct 22 06:10:46 UTC 2019 /home/travis/build/icyphy/ptII/ptolemy/actor/lib/test/auto/DiscreteClock19.xml
----------------- Instantiating /home/travis/build/icyphy/ptII/ptolemy/actor/lib/test/auto/DiscreteClock19.xml
17 ms. Memory: 529408K Free: 236604K (45%)
----------------- Invoking toplevel() on ptolemy.moml.MoMLSimpleApplication@188a4d48
----------------- Done invoking toplevel() on ptolemy.moml.MoMLSimpleApplication@188a4d48
reloadAllAccessors: .DiscreteClock19

===========================================================================================
----------------- testing Tue Oct 22 06:10:46 UTC 2019 /home/travis/build/icyphy/ptII/ptolemy/actor/lib/test/auto/DiscreteClock2.xml
----------------- Instantiating /home/travis/build/icyphy/ptII/ptolemy/actor/lib/test/auto/DiscreteClock2.xml
5 ms. Memory: 529408K Free: 231484K (44%)
----------------- Invoking toplevel() on ptolemy.moml.MoMLSimpleApplication@574f8abf
----------------- Done invoking toplevel() on ptolemy.moml.MoMLSimpleApplication@574f8abf
reloadAllAccessors: .DiscreteClock2

===========================================================================================
----------------- testing Tue Oct 22 06:10:46 UTC 2019 /home/travis/build/icyphy/ptII/ptolemy/actor/lib/test/auto/DiscreteClock20.xml
----------------- Instantiating /home/travis/build/icyphy/ptII/ptolemy/actor/lib/test/auto/DiscreteClock20.xml
7 ms. Memory: 529408K Free: 226364K (43%)
----------------- Invoking toplevel() on ptolemy.moml.MoMLSimpleApplication@2577b53d
----------------- Done invoking toplevel() on ptolemy.moml.MoMLSimpleApplication@2577b53d
reloadAllAccessors: .DiscreteClock20

===========================================================================================
----------------- testing Tue Oct 22 06:10:46 UTC 2019 /home/travis/build/icyphy/ptII/ptolemy/actor/lib/test/auto/DiscreteClock21.xml
----------------- Instantiating /home/travis/build/icyphy/ptII/ptolemy/actor/lib/test/auto/DiscreteClock21.xml
12 ms. Memory: 529408K Free: 220730K (42%)
----------------- Invoking toplevel() on ptolemy.moml.MoMLSimpleApplication@62ae5a44
----------------- Done invoking toplevel() on ptolemy.moml.MoMLSimpleApplication@62ae5a44
reloadAllAccessors: .DiscreteClock21

===========================================================================================
----------------- testing Tue Oct 22 06:10:46 UTC 2019 /home/travis/build/icyphy/ptII/ptolemy/actor/lib/test/auto/DiscreteClock22.xml
----------------- Instantiating /home/travis/build/icyphy/ptII/ptolemy/actor/lib/test/auto/DiscreteClock22.xml
6 ms. Memory: 529408K Free: 215100K (41%)
----------------- Invoking toplevel() on ptolemy.moml.MoMLSimpleApplication@7457746b
----------------- Done invoking toplevel() on ptolemy.moml.MoMLSimpleApplication@7457746b
reloadAllAccessors: .DiscreteClock22

===========================================================================================
----------------- testing Tue Oct 22 06:10:46 UTC 2019 /home/travis/build/icyphy/ptII/ptolemy/actor/lib/test/auto/DiscreteClock23.xml
----------------- Instantiating /home/travis/build/icyphy/ptII/ptolemy/actor/lib/test/auto/DiscreteClock23.xml
9 ms. Memory: 529408K Free: 209466K (40%)
----------------- Invoking toplevel() on ptolemy.moml.MoMLSimpleApplication@613c2439
----------------- Done invoking toplevel() on ptolemy.moml.MoMLSimpleApplication@613c2439
reloadAllAccessors: .DiscreteClock23

===========================================================================================
----------------- testing Tue Oct 22 06:10:46 UTC 2019 /home/travis/build/icyphy/ptII/ptolemy/actor/lib/test/auto/DiscreteClock24.xml
----------------- Instantiating /home/travis/build/icyphy/ptII/ptolemy/actor/lib/test/auto/DiscreteClock24.xml
5 ms. Memory: 529408K Free: 204346K (39%)
----------------- Invoking toplevel() on ptolemy.moml.MoMLSimpleApplication@6b0776f9
----------------- Done invoking toplevel() on ptolemy.moml.MoMLSimpleApplication@6b0776f9
reloadAllAccessors: .DiscreteClock24

===========================================================================================
----------------- testing Tue Oct 22 06:10:46 UTC 2019 /home/travis/build/icyphy/ptII/ptolemy/actor/lib/test/auto/DiscreteClock4.xml
----------------- Instantiating /home/travis/build/icyphy/ptII/ptolemy/actor/lib/test/auto/DiscreteClock4.xml
4 ms. Memory: 529408K Free: 198716K (38%)
----------------- Invoking toplevel() on ptolemy.moml.MoMLSimpleApplication@7d76e6ad
----------------- Done invoking toplevel() on ptolemy.moml.MoMLSimpleApplication@7d76e6ad
reloadAllAccessors: .DiscreteClock4

===========================================================================================
----------------- testing Tue Oct 22 06:10:46 UTC 2019 /home/travis/build/icyphy/ptII/ptolemy/actor/lib/test/auto/DiscreteClock5.xml
----------------- Instantiating /home/travis/build/icyphy/ptII/ptolemy/actor/lib/test/auto/DiscreteClock5.xml
2 ms. Memory: 529408K Free: 193068K (36%)
----------------- Invoking toplevel() on ptolemy.moml.MoMLSimpleApplication@171ca110
----------------- Done invoking toplevel() on ptolemy.moml.MoMLSimpleApplication@171ca110
reloadAllAccessors: .DiscreteClock5

===========================================================================================
----------------- testing Tue Oct 22 06:10:46 UTC 2019 /home/travis/build/icyphy/ptII/ptolemy/actor/lib/test/auto/DiscreteClock6.xml
----------------- Instantiating /home/travis/build/icyphy/ptII/ptolemy/actor/lib/test/auto/DiscreteClock6.xml
2 ms. Memory: 529408K Free: 188476K (36%)
----------------- Invoking toplevel() on ptolemy.moml.MoMLSimpleApplication@123347df
----------------- Done invoking toplevel() on ptolemy.moml.MoMLSimpleApplication@123347df
reloadAllAccessors: .DiscreteClock6

===========================================================================================
----------------- testing Tue Oct 22 06:10:46 UTC 2019 /home/travis/build/icyphy/ptII/ptolemy/actor/lib/test/auto/DiscreteClock7.xml
----------------- Instantiating /home/travis/build/icyphy/ptII/ptolemy/actor/lib/test/auto/DiscreteClock7.xml
1 ms. Memory: 529408K Free: 183866K (35%)
----------------- Invoking toplevel() on ptolemy.moml.MoMLSimpleApplication@5e037e48
----------------- Done invoking toplevel() on ptolemy.moml.MoMLSimpleApplication@5e037e48
reloadAllAccessors: .DiscreteClock7

===========================================================================================
----------------- testing Tue Oct 22 06:10:46 UTC 2019 /home/travis/build/icyphy/ptII/ptolemy/actor/lib/test/auto/DiscreteClock8.xml
----------------- Instantiating /home/travis/build/icyphy/ptII/ptolemy/actor/lib/test/auto/DiscreteClock8.xml
5 ms. Memory: 529408K Free: 178236K (34%)
----------------- Invoking toplevel() on ptolemy.moml.MoMLSimpleApplication@145877df
----------------- Done invoking toplevel() on ptolemy.moml.MoMLSimpleApplication@145877df
reloadAllAccessors: .DiscreteClock8

===========================================================================================
----------------- testing Tue Oct 22 06:10:46 UTC 2019 /home/travis/build/icyphy/ptII/ptolemy/actor/lib/test/auto/DiscreteClock9.xml
----------------- Instantiating /home/travis/build/icyphy/ptII/ptolemy/actor/lib/test/auto/DiscreteClock9.xml
4 ms. Memory: 529408K Free: 172092K (33%)
----------------- Invoking toplevel() on ptolemy.moml.MoMLSimpleApplication@384c8d75
----------------- Done invoking toplevel() on ptolemy.moml.MoMLSimpleApplication@384c8d75
reloadAllAccessors: .DiscreteClock9

===========================================================================================
----------------- testing Tue Oct 22 06:10:46 UTC 2019 /home/travis/build/icyphy/ptII/ptolemy/actor/lib/test/auto/DisplayArray.xml
----------------- Instantiating /home/travis/build/icyphy/ptII/ptolemy/actor/lib/test/auto/DisplayArray.xml
1 ms. Memory: 529408K Free: 168506K (32%)
----------------- Invoking toplevel() on ptolemy.moml.MoMLSimpleApplication@709cd0fc
----------------- Done invoking toplevel() on ptolemy.moml.MoMLSimpleApplication@709cd0fc
reloadAllAccessors: .DisplayArray

===========================================================================================
----------------- testing Tue Oct 22 06:10:46 UTC 2019 /home/travis/build/icyphy/ptII/ptolemy/actor/lib/test/auto/Distributor.xml
----------------- Instantiating /home/travis/build/icyphy/ptII/ptolemy/actor/lib/test/auto/Distributor.xml
2 ms. Memory: 529408K Free: 478740K (90%)
----------------- Invoking toplevel() on ptolemy.moml.MoMLSimpleApplication@1e231ff8
----------------- Done invoking toplevel() on ptolemy.moml.MoMLSimpleApplication@1e231ff8
reloadAllAccessors: .Distributor

===========================================================================================
----------------- testing Tue Oct 22 06:10:46 UTC 2019 /home/travis/build/icyphy/ptII/ptolemy/actor/lib/test/auto/Distributor2.xml
----------------- Instantiating /home/travis/build/icyphy/ptII/ptolemy/actor/lib/test/auto/Distributor2.xml
1 ms. Memory: 529408K Free: 473620K (89%)
----------------- Invoking toplevel() on ptolemy.moml.MoMLSimpleApplication@4f8b8dee
----------------- Done invoking toplevel() on ptolemy.moml.MoMLSimpleApplication@4f8b8dee
reloadAllAccessors: .Distributor2

===========================================================================================
----------------- testing Tue Oct 22 06:10:46 UTC 2019 /home/travis/build/icyphy/ptII/ptolemy/actor/lib/test/auto/DownSample.xml
----------------- Instantiating /home/travis/build/icyphy/ptII/ptolemy/actor/lib/test/auto/DownSample.xml
2 ms. Memory: 529408K Free: 469014K (89%)
----------------- Invoking toplevel() on ptolemy.moml.MoMLSimpleApplication@5c0eede6
----------------- Done invoking toplevel() on ptolemy.moml.MoMLSimpleApplication@5c0eede6
reloadAllAccessors: .DownSample

===========================================================================================
----------------- testing Tue Oct 22 06:10:46 UTC 2019 /home/travis/build/icyphy/ptII/ptolemy/actor/lib/test/auto/ElectronicUnitBase1.xml
----------------- Instantiating /home/travis/build/icyphy/ptII/ptolemy/actor/lib/test/auto/ElectronicUnitBase1.xml
16 ms. Memory: 529408K Free: 452630K (85%)
----------------- Invoking toplevel() on ptolemy.moml.MoMLSimpleApplication@2753cf44
----------------- Done invoking toplevel() on ptolemy.moml.MoMLSimpleApplication@2753cf44
reloadAllAccessors: .ElectronicUnitBase1

===========================================================================================
----------------- testing Tue Oct 22 06:10:46 UTC 2019 /home/travis/build/icyphy/ptII/ptolemy/actor/lib/test/auto/ElementsToArray.xml
----------------- Instantiating /home/travis/build/icyphy/ptII/ptolemy/actor/lib/test/auto/ElementsToArray.xml
2 ms. Memory: 529408K Free: 447510K (85%)
----------------- Invoking toplevel() on ptolemy.moml.MoMLSimpleApplication@26fcab34
----------------- Done invoking toplevel() on ptolemy.moml.MoMLSimpleApplication@26fcab34
reloadAllAccessors: .ElementsToArray

===========================================================================================
----------------- testing Tue Oct 22 06:10:46 UTC 2019 /home/travis/build/icyphy/ptII/ptolemy/actor/lib/test/auto/Equals.xml
----------------- Instantiating /home/travis/build/icyphy/ptII/ptolemy/actor/lib/test/auto/Equals.xml
1 ms. Memory: 529408K Free: 443414K (84%)
----------------- Invoking toplevel() on ptolemy.moml.MoMLSimpleApplication@12547ecb
----------------- Done invoking toplevel() on ptolemy.moml.MoMLSimpleApplication@12547ecb
reloadAllAccessors: .Equals

===========================================================================================
----------------- testing Tue Oct 22 06:10:46 UTC 2019 /home/travis/build/icyphy/ptII/ptolemy/actor/lib/test/auto/Exec.xml
----------------- Instantiating /home/travis/build/icyphy/ptII/ptolemy/actor/lib/test/auto/Exec.xml
25 ms. Memory: 529408K Free: 437270K (83%)
----------------- Invoking toplevel() on ptolemy.moml.MoMLSimpleApplication@4363cdc4
----------------- Done invoking toplevel() on ptolemy.moml.MoMLSimpleApplication@4363cdc4
reloadAllAccessors: .Exec

===========================================================================================
----------------- testing Tue Oct 22 06:10:47 UTC 2019 /home/travis/build/icyphy/ptII/ptolemy/actor/lib/test/auto/ExecEnvironment.xml
----------------- Instantiating /home/travis/build/icyphy/ptII/ptolemy/actor/lib/test/auto/ExecEnvironment.xml
21 ms. Memory: 529408K Free: 432150K (82%)
----------------- Invoking toplevel() on ptolemy.moml.MoMLSimpleApplication@6ecc63de
----------------- Done invoking toplevel() on ptolemy.moml.MoMLSimpleApplication@6ecc63de
reloadAllAccessors: .ExecEnvironment

===========================================================================================
----------------- testing Tue Oct 22 06:10:47 UTC 2019 /home/travis/build/icyphy/ptII/ptolemy/actor/lib/test/auto/ExecNonZeroReturnOutput.xml
----------------- Instantiating /home/travis/build/icyphy/ptII/ptolemy/actor/lib/test/auto/ExecNonZeroReturnOutput.xml
183 ms. Memory: 529408K Free: 420372K (79%)
----------------- Invoking toplevel() on ptolemy.moml.MoMLSimpleApplication@3ca720a0
----------------- Done invoking toplevel() on ptolemy.moml.MoMLSimpleApplication@3ca720a0
reloadAllAccessors: .ExecNonZeroReturnOutput

===========================================================================================
----------------- testing Tue Oct 22 06:10:47 UTC 2019 /home/travis/build/icyphy/ptII/ptolemy/actor/lib/test/auto/ExecRunDemos.xml
----------------- Instantiating /home/travis/build/icyphy/ptII/ptolemy/actor/lib/test/auto/ExecRunDemos.xml
Finished: 84 ms. Memory: 120832K Free: 104624K (87%)

Finished: 98 ms. Memory: 120832K Free: 110725K (92%)

Finished: 100 ms. Memory: 120832K Free: 110820K (92%)

Finished: 76 ms. Memory: 120832K Free: 103121K (85%)

Finished: 98 ms. Memory: 120832K Free: 104008K (86%)

10546 ms. Memory: 529408K Free: 398868K (75%)
----------------- Invoking toplevel() on ptolemy.moml.MoMLSimpleApplication@2b953d2
----------------- Done invoking toplevel() on ptolemy.moml.MoMLSimpleApplication@2b953d2
reloadAllAccessors: .ExecRunDemos

===========================================================================================
----------------- testing Tue Oct 22 06:10:57 UTC 2019 /home/travis/build/icyphy/ptII/ptolemy/actor/lib/test/auto/ExecStop.xml
----------------- Instantiating /home/travis/build/icyphy/ptII/ptolemy/actor/lib/test/auto/ExecStop.xml
5020 ms. Memory: 529408K Free: 280084K (53%)
----------------- Invoking toplevel() on ptolemy.moml.MoMLSimpleApplication@4437d117
----------------- Done invoking toplevel() on ptolemy.moml.MoMLSimpleApplication@4437d117
reloadAllAccessors: .ExecStop

===========================================================================================
----------------- testing Tue Oct 22 06:11:02 UTC 2019 /home/travis/build/icyphy/ptII/ptolemy/actor/lib/test/auto/ExecutionTimeSDF.xml
----------------- Instantiating /home/travis/build/icyphy/ptII/ptolemy/actor/lib/test/auto/ExecutionTimeSDF.xml
Fired ExecutionTime: -1725367296
Fired ExecutionTime: 1070800000
Fired ExecutionTime: 1081600000
6006 ms. Memory: 529408K Free: 267782K (51%)
----------------- Invoking toplevel() on ptolemy.moml.MoMLSimpleApplication@26fa4574
----------------- Done invoking toplevel() on ptolemy.moml.MoMLSimpleApplication@26fa4574
reloadAllAccessors: .ExecutionTimeSDF

===========================================================================================
----------------- testing Tue Oct 22 06:11:08 UTC 2019 /home/travis/build/icyphy/ptII/ptolemy/actor/lib/test/auto/Expression1.xml
----------------- Instantiating /home/travis/build/icyphy/ptII/ptolemy/actor/lib/test/auto/Expression1.xml
2 ms. Memory: 529408K Free: 264214K (50%)
----------------- Invoking toplevel() on ptolemy.moml.MoMLSimpleApplication@54bbc2df
----------------- Done invoking toplevel() on ptolemy.moml.MoMLSimpleApplication@54bbc2df
reloadAllAccessors: .Expression1

===========================================================================================
----------------- testing Tue Oct 22 06:11:09 UTC 2019 /home/travis/build/icyphy/ptII/ptolemy/actor/lib/test/auto/Expression10.xml
----------------- Instantiating /home/travis/build/icyphy/ptII/ptolemy/actor/lib/test/auto/Expression10.xml
5 ms. Memory: 529408K Free: 258580K (49%)
----------------- Invoking toplevel() on ptolemy.moml.MoMLSimpleApplication@1736d411
----------------- Done invoking toplevel() on ptolemy.moml.MoMLSimpleApplication@1736d411
reloadAllAccessors: .Expression10

===========================================================================================
----------------- testing Tue Oct 22 06:11:09 UTC 2019 /home/travis/build/icyphy/ptII/ptolemy/actor/lib/test/auto/Expression11.xml
----------------- Instantiating /home/travis/build/icyphy/ptII/ptolemy/actor/lib/test/auto/Expression11.xml
2 ms. Memory: 529408K Free: 253460K (48%)
----------------- Invoking toplevel() on ptolemy.moml.MoMLSimpleApplication@47a910ee
----------------- Done invoking toplevel() on ptolemy.moml.MoMLSimpleApplication@47a910ee
reloadAllAccessors: .Expression11

===========================================================================================
----------------- testing Tue Oct 22 06:11:09 UTC 2019 /home/travis/build/icyphy/ptII/ptolemy/actor/lib/test/auto/Expression12.xml
----------------- Instantiating /home/travis/build/icyphy/ptII/ptolemy/actor/lib/test/auto/Expression12.xml
2 ms. Memory: 529408K Free: 248340K (47%)
----------------- Invoking toplevel() on ptolemy.moml.MoMLSimpleApplication@4c1cfed
----------------- Done invoking toplevel() on ptolemy.moml.MoMLSimpleApplication@4c1cfed
reloadAllAccessors: .Expression12

===========================================================================================
----------------- testing Tue Oct 22 06:11:09 UTC 2019 /home/travis/build/icyphy/ptII/ptolemy/actor/lib/test/auto/Expression13.xml
----------------- Instantiating /home/travis/build/icyphy/ptII/ptolemy/actor/lib/test/auto/Expression13.xml
3 ms. Memory: 529408K Free: 243220K (46%)
----------------- Invoking toplevel() on ptolemy.moml.MoMLSimpleApplication@e32c394
----------------- Done invoking toplevel() on ptolemy.moml.MoMLSimpleApplication@e32c394
reloadAllAccessors: .Expression13

===========================================================================================
----------------- testing Tue Oct 22 06:11:09 UTC 2019 /home/travis/build/icyphy/ptII/ptolemy/actor/lib/test/auto/Expression14.xml
----------------- Instantiating /home/travis/build/icyphy/ptII/ptolemy/actor/lib/test/auto/Expression14.xml
7 ms. Memory: 529408K Free: 237076K (45%)
----------------- Invoking toplevel() on ptolemy.moml.MoMLSimpleApplication@758a8c57
----------------- Done invoking toplevel() on ptolemy.moml.MoMLSimpleApplication@758a8c57
reloadAllAccessors: .Expression14

===========================================================================================
----------------- testing Tue Oct 22 06:11:09 UTC 2019 /home/travis/build/icyphy/ptII/ptolemy/actor/lib/test/auto/Expression15.xml
----------------- Instantiating /home/travis/build/icyphy/ptII/ptolemy/actor/lib/test/auto/Expression15.xml
2 ms. Memory: 529408K Free: 233494K (44%)
----------------- Invoking toplevel() on ptolemy.moml.MoMLSimpleApplication@56f16da6
----------------- Done invoking toplevel() on ptolemy.moml.MoMLSimpleApplication@56f16da6
reloadAllAccessors: .Expression15

===========================================================================================
----------------- testing Tue Oct 22 06:11:09 UTC 2019 /home/travis/build/icyphy/ptII/ptolemy/actor/lib/test/auto/Expression16.xml
----------------- Instantiating /home/travis/build/icyphy/ptII/ptolemy/actor/lib/test/auto/Expression16.xml
4 ms. Memory: 529408K Free: 228374K (43%)
----------------- Invoking toplevel() on ptolemy.moml.MoMLSimpleApplication@310d0c7d
----------------- Done invoking toplevel() on ptolemy.moml.MoMLSimpleApplication@310d0c7d
reloadAllAccessors: .Expression16

===========================================================================================
----------------- testing Tue Oct 22 06:11:09 UTC 2019 /home/travis/build/icyphy/ptII/ptolemy/actor/lib/test/auto/Expression17.xml
----------------- Instantiating /home/travis/build/icyphy/ptII/ptolemy/actor/lib/test/auto/Expression17.xml
3 ms. Memory: 529408K Free: 223254K (42%)
----------------- Invoking toplevel() on ptolemy.moml.MoMLSimpleApplication@697d7026
----------------- Done invoking toplevel() on ptolemy.moml.MoMLSimpleApplication@697d7026
reloadAllAccessors: .Expression17

===========================================================================================
----------------- testing Tue Oct 22 06:11:09 UTC 2019 /home/travis/build/icyphy/ptII/ptolemy/actor/lib/test/auto/Expression18.xml
----------------- Instantiating /home/travis/build/icyphy/ptII/ptolemy/actor/lib/test/auto/Expression18.xml
3 ms. Memory: 529408K Free: 217620K (41%)
----------------- Invoking toplevel() on ptolemy.moml.MoMLSimpleApplication@23bbd6b1
----------------- Done invoking toplevel() on ptolemy.moml.MoMLSimpleApplication@23bbd6b1
reloadAllAccessors: .Expression18

===========================================================================================
----------------- testing Tue Oct 22 06:11:09 UTC 2019 /home/travis/build/icyphy/ptII/ptolemy/actor/lib/test/auto/Expression2.xml
----------------- Instantiating /home/travis/build/icyphy/ptII/ptolemy/actor/lib/test/auto/Expression2.xml
4 ms. Memory: 529408K Free: 212500K (40%)
----------------- Invoking toplevel() on ptolemy.moml.MoMLSimpleApplication@3b7702e3
----------------- Done invoking toplevel() on ptolemy.moml.MoMLSimpleApplication@3b7702e3
reloadAllAccessors: .Expression2

===========================================================================================
----------------- testing Tue Oct 22 06:11:09 UTC 2019 /home/travis/build/icyphy/ptII/ptolemy/actor/lib/test/auto/Expression3.xml
----------------- Instantiating /home/travis/build/icyphy/ptII/ptolemy/actor/lib/test/auto/Expression3.xml
6 ms. Memory: 529408K Free: 207380K (39%)
----------------- Invoking toplevel() on ptolemy.moml.MoMLSimpleApplication@476cb555
----------------- Done invoking toplevel() on ptolemy.moml.MoMLSimpleApplication@476cb555
reloadAllAccessors: .Expression3

===========================================================================================
----------------- testing Tue Oct 22 06:11:09 UTC 2019 /home/travis/build/icyphy/ptII/ptolemy/actor/lib/test/auto/Expression4.xml
----------------- Instantiating /home/travis/build/icyphy/ptII/ptolemy/actor/lib/test/auto/Expression4.xml
3 ms. Memory: 529408K Free: 200212K (38%)
----------------- Invoking toplevel() on ptolemy.moml.MoMLSimpleApplication@7706eaa3
----------------- Done invoking toplevel() on ptolemy.moml.MoMLSimpleApplication@7706eaa3
reloadAllAccessors: .Expression4

===========================================================================================
----------------- testing Tue Oct 22 06:11:09 UTC 2019 /home/travis/build/icyphy/ptII/ptolemy/actor/lib/test/auto/Expression5.xml
----------------- Instantiating /home/travis/build/icyphy/ptII/ptolemy/actor/lib/test/auto/Expression5.xml
6 ms. Memory: 529408K Free: 195092K (37%)
----------------- Invoking toplevel() on ptolemy.moml.MoMLSimpleApplication@6eeaa8d3
----------------- Done invoking toplevel() on ptolemy.moml.MoMLSimpleApplication@6eeaa8d3
reloadAllAccessors: .Expression5

===========================================================================================
----------------- testing Tue Oct 22 06:11:09 UTC 2019 /home/travis/build/icyphy/ptII/ptolemy/actor/lib/test/auto/Expression6.xml
----------------- Instantiating /home/travis/build/icyphy/ptII/ptolemy/actor/lib/test/auto/Expression6.xml
2 ms. Memory: 529408K Free: 190486K (36%)
----------------- Invoking toplevel() on ptolemy.moml.MoMLSimpleApplication@618e7979
----------------- Done invoking toplevel() on ptolemy.moml.MoMLSimpleApplication@618e7979
reloadAllAccessors: .Expression6

===========================================================================================
----------------- testing Tue Oct 22 06:11:09 UTC 2019 /home/travis/build/icyphy/ptII/ptolemy/actor/lib/test/auto/Expression7.xml
----------------- Instantiating /home/travis/build/icyphy/ptII/ptolemy/actor/lib/test/auto/Expression7.xml
2 ms. Memory: 529408K Free: 185366K (35%)
----------------- Invoking toplevel() on ptolemy.moml.MoMLSimpleApplication@1677479a
----------------- Done invoking toplevel() on ptolemy.moml.MoMLSimpleApplication@1677479a
reloadAllAccessors: .Expression7

===========================================================================================
----------------- testing Tue Oct 22 06:11:09 UTC 2019 /home/travis/build/icyphy/ptII/ptolemy/actor/lib/test/auto/Expression8.xml
----------------- Instantiating /home/travis/build/icyphy/ptII/ptolemy/actor/lib/test/auto/Expression8.xml
8 ms. Memory: 529408K Free: 180246K (34%)
----------------- Invoking toplevel() on ptolemy.moml.MoMLSimpleApplication@222a7c73
----------------- Done invoking toplevel() on ptolemy.moml.MoMLSimpleApplication@222a7c73
reloadAllAccessors: .Expression8

===========================================================================================
----------------- testing Tue Oct 22 06:11:09 UTC 2019 /home/travis/build/icyphy/ptII/ptolemy/actor/lib/test/auto/Expression9.xml
----------------- Instantiating /home/travis/build/icyphy/ptII/ptolemy/actor/lib/test/auto/Expression9.xml
0 ms. Memory: 529408K Free: 176150K (33%)
----------------- Invoking toplevel() on ptolemy.moml.MoMLSimpleApplication@68e45026
----------------- Done invoking toplevel() on ptolemy.moml.MoMLSimpleApplication@68e45026
reloadAllAccessors: .Expression9

===========================================================================================
----------------- testing Tue Oct 22 06:11:09 UTC 2019 /home/travis/build/icyphy/ptII/ptolemy/actor/lib/test/auto/ExpressionConcatenateArrayType.xml
----------------- Instantiating /home/travis/build/icyphy/ptII/ptolemy/actor/lib/test/auto/ExpressionConcatenateArrayType.xml
3 ms. Memory: 529408K Free: 170006K (32%)
----------------- Invoking toplevel() on ptolemy.moml.MoMLSimpleApplication@2e2bdb5e
----------------- Done invoking toplevel() on ptolemy.moml.MoMLSimpleApplication@2e2bdb5e
reloadAllAccessors: .ExpressionConcatenateArrayType

===========================================================================================
----------------- testing Tue Oct 22 06:11:09 UTC 2019 /home/travis/build/icyphy/ptII/ptolemy/actor/lib/test/auto/ExpressionConcatenateArrayType2.xml
----------------- Instantiating /home/travis/build/icyphy/ptII/ptolemy/actor/lib/test/auto/ExpressionConcatenateArrayType2.xml
2 ms. Memory: 529408K Free: 479325K (91%)
----------------- Invoking toplevel() on ptolemy.moml.MoMLSimpleApplication@149e456c
----------------- Done invoking toplevel() on ptolemy.moml.MoMLSimpleApplication@149e456c
reloadAllAccessors: .ExpressionConcatenateArrayType2

===========================================================================================
----------------- testing Tue Oct 22 06:11:09 UTC 2019 /home/travis/build/icyphy/ptII/ptolemy/actor/lib/test/auto/ExpressionFix.xml
----------------- Instantiating /home/travis/build/icyphy/ptII/ptolemy/actor/lib/test/auto/ExpressionFix.xml
22 ms. Memory: 529408K Free: 472671K (89%)
----------------- Invoking toplevel() on ptolemy.moml.MoMLSimpleApplication@288b4d43
----------------- Done invoking toplevel() on ptolemy.moml.MoMLSimpleApplication@288b4d43
reloadAllAccessors: .ExpressionFix

===========================================================================================
----------------- testing Tue Oct 22 06:11:09 UTC 2019 /home/travis/build/icyphy/ptII/ptolemy/actor/lib/test/auto/ExpressionFix2.xml
----------------- Instantiating /home/travis/build/icyphy/ptII/ptolemy/actor/lib/test/auto/ExpressionFix2.xml
3 ms. Memory: 529408K Free: 468061K (88%)
----------------- Invoking toplevel() on ptolemy.moml.MoMLSimpleApplication@3e39d2cc
----------------- Done invoking toplevel() on ptolemy.moml.MoMLSimpleApplication@3e39d2cc
reloadAllAccessors: .ExpressionFix2

===========================================================================================
----------------- testing Tue Oct 22 06:11:09 UTC 2019 /home/travis/build/icyphy/ptII/ptolemy/actor/lib/test/auto/ExpressionFix3.xml
----------------- Instantiating /home/travis/build/icyphy/ptII/ptolemy/actor/lib/test/auto/ExpressionFix3.xml
2 ms. Memory: 529408K Free: 463455K (88%)
----------------- Invoking toplevel() on ptolemy.moml.MoMLSimpleApplication@655288d2
----------------- Done invoking toplevel() on ptolemy.moml.MoMLSimpleApplication@655288d2
reloadAllAccessors: .ExpressionFix3

===========================================================================================
----------------- testing Tue Oct 22 06:11:09 UTC 2019 /home/travis/build/icyphy/ptII/ptolemy/actor/lib/test/auto/FileWriter1.xml
----------------- Instantiating /home/travis/build/icyphy/ptII/ptolemy/actor/lib/test/auto/FileWriter1.xml
2 ms. Memory: 529408K Free: 459359K (87%)
----------------- Invoking toplevel() on ptolemy.moml.MoMLSimpleApplication@3def3813
----------------- Done invoking toplevel() on ptolemy.moml.MoMLSimpleApplication@3def3813
reloadAllAccessors: .FileWriter1

===========================================================================================
----------------- testing Tue Oct 22 06:11:09 UTC 2019 /home/travis/build/icyphy/ptII/ptolemy/actor/lib/test/auto/FileWriter2.xml
----------------- Instantiating /home/travis/build/icyphy/ptII/ptolemy/actor/lib/test/auto/FileWriter2.xml
3 ms. Memory: 529408K Free: 454749K (86%)
----------------- Invoking toplevel() on ptolemy.moml.MoMLSimpleApplication@75670470
----------------- Done invoking toplevel() on ptolemy.moml.MoMLSimpleApplication@75670470
reloadAllAccessors: .FileWriter2

===========================================================================================
----------------- testing Tue Oct 22 06:11:09 UTC 2019 /home/travis/build/icyphy/ptII/ptolemy/actor/lib/test/auto/FileWriter3.xml
----------------- Instantiating /home/travis/build/icyphy/ptII/ptolemy/actor/lib/test/auto/FileWriter3.xml
4 ms. Memory: 529408K Free: 451167K (85%)
----------------- Invoking toplevel() on ptolemy.moml.MoMLSimpleApplication@e7da59c
----------------- Done invoking toplevel() on ptolemy.moml.MoMLSimpleApplication@e7da59c
reloadAllAccessors: .FileWriter3

===========================================================================================
----------------- testing Tue Oct 22 06:11:09 UTC 2019 /home/travis/build/icyphy/ptII/ptolemy/actor/lib/test/auto/Gaussian.xml
----------------- Instantiating /home/travis/build/icyphy/ptII/ptolemy/actor/lib/test/auto/Gaussian.xml
3 ms. Memory: 529408K Free: 446557K (84%)
----------------- Invoking toplevel() on ptolemy.moml.MoMLSimpleApplication@5fb48bf
----------------- Done invoking toplevel() on ptolemy.moml.MoMLSimpleApplication@5fb48bf
reloadAllAccessors: .Gaussian

===========================================================================================
----------------- testing Tue Oct 22 06:11:09 UTC 2019 /home/travis/build/icyphy/ptII/ptolemy/actor/lib/test/auto/Gaussian1.xml
----------------- Instantiating /home/travis/build/icyphy/ptII/ptolemy/actor/lib/test/auto/Gaussian1.xml
10 ms. Memory: 529408K Free: 440927K (83%)
----------------- Invoking toplevel() on ptolemy.moml.MoMLSimpleApplication@c126e18
----------------- Done invoking toplevel() on ptolemy.moml.MoMLSimpleApplication@c126e18
reloadAllAccessors: .Gaussian1

===========================================================================================
----------------- testing Tue Oct 22 06:11:09 UTC 2019 /home/travis/build/icyphy/ptII/ptolemy/actor/lib/test/auto/Gaussian2.xml
----------------- Instantiating /home/travis/build/icyphy/ptII/ptolemy/actor/lib/test/auto/Gaussian2.xml
3 ms. Memory: 529408K Free: 435279K (82%)
----------------- Invoking toplevel() on ptolemy.moml.MoMLSimpleApplication@7aa948bc
----------------- Done invoking toplevel() on ptolemy.moml.MoMLSimpleApplication@7aa948bc
reloadAllAccessors: .Gaussian2

===========================================================================================
----------------- testing Tue Oct 22 06:11:09 UTC 2019 /home/travis/build/icyphy/ptII/ptolemy/actor/lib/test/auto/GradientAdaptiveLattice.xml
----------------- Instantiating /home/travis/build/icyphy/ptII/ptolemy/actor/lib/test/auto/GradientAdaptiveLattice.xml
2 ms. Memory: 529408K Free: 430173K (81%)
----------------- Invoking toplevel() on ptolemy.moml.MoMLSimpleApplication@57c79714
----------------- Done invoking toplevel() on ptolemy.moml.MoMLSimpleApplication@57c79714
reloadAllAccessors: .GradientAdaptiveLattice

===========================================================================================
----------------- testing Tue Oct 22 06:11:09 UTC 2019 /home/travis/build/icyphy/ptII/ptolemy/actor/lib/test/auto/IIR.xml
----------------- Instantiating /home/travis/build/icyphy/ptII/ptolemy/actor/lib/test/auto/IIR.xml
1 ms. Memory: 529408K Free: 425567K (80%)
----------------- Invoking toplevel() on ptolemy.moml.MoMLSimpleApplication@1fbb6e59
----------------- Done invoking toplevel() on ptolemy.moml.MoMLSimpleApplication@1fbb6e59
reloadAllAccessors: .IIR

===========================================================================================
----------------- testing Tue Oct 22 06:11:09 UTC 2019 /home/travis/build/icyphy/ptII/ptolemy/actor/lib/test/auto/InputOutputTransparentPorts.xml
----------------- Instantiating /home/travis/build/icyphy/ptII/ptolemy/actor/lib/test/auto/InputOutputTransparentPorts.xml
1 ms. Memory: 529408K Free: 417885K (79%)
----------------- Invoking toplevel() on ptolemy.moml.MoMLSimpleApplication@212883d9
----------------- Done invoking toplevel() on ptolemy.moml.MoMLSimpleApplication@212883d9
reloadAllAccessors: .InputOutputTransparentPorts

===========================================================================================
----------------- testing Tue Oct 22 06:11:09 UTC 2019 /home/travis/build/icyphy/ptII/ptolemy/actor/lib/test/auto/Interpolator.xml
----------------- Instantiating /home/travis/build/icyphy/ptII/ptolemy/actor/lib/test/auto/Interpolator.xml
4 ms. Memory: 529408K Free: 413789K (78%)
----------------- Invoking toplevel() on ptolemy.moml.MoMLSimpleApplication@581ee2c5
----------------- Done invoking toplevel() on ptolemy.moml.MoMLSimpleApplication@581ee2c5
reloadAllAccessors: .Interpolator

===========================================================================================
----------------- testing Tue Oct 22 06:11:09 UTC 2019 /home/travis/build/icyphy/ptII/ptolemy/actor/lib/test/auto/InterpolatorFiringLimitDE.xml
----------------- Instantiating /home/travis/build/icyphy/ptII/ptolemy/actor/lib/test/auto/InterpolatorFiringLimitDE.xml
2 ms. Memory: 529408K Free: 407135K (77%)
----------------- Invoking toplevel() on ptolemy.moml.MoMLSimpleApplication@48946009
----------------- Done invoking toplevel() on ptolemy.moml.MoMLSimpleApplication@48946009
reloadAllAccessors: .InterpolatorFiringLimitDE

===========================================================================================
----------------- testing Tue Oct 22 06:11:09 UTC 2019 /home/travis/build/icyphy/ptII/ptolemy/actor/lib/test/auto/Lattice.xml
----------------- Instantiating /home/travis/build/icyphy/ptII/ptolemy/actor/lib/test/auto/Lattice.xml
1 ms. Memory: 529408K Free: 403039K (76%)
----------------- Invoking toplevel() on ptolemy.moml.MoMLSimpleApplication@1f6af9bf
----------------- Done invoking toplevel() on ptolemy.moml.MoMLSimpleApplication@1f6af9bf
reloadAllAccessors: .Lattice

===========================================================================================
----------------- testing Tue Oct 22 06:11:09 UTC 2019 /home/travis/build/icyphy/ptII/ptolemy/actor/lib/test/auto/LazyAOCTestLazy.xml
----------------- Instantiating /home/travis/build/icyphy/ptII/ptolemy/actor/lib/test/auto/LazyAOCTestLazy.xml
15 ms. Memory: 529408K Free: 396895K (75%)
----------------- Invoking toplevel() on ptolemy.moml.MoMLSimpleApplication@434ff6a0
----------------- Done invoking toplevel() on ptolemy.moml.MoMLSimpleApplication@434ff6a0
reloadAllAccessors: .LazyAOCTestLazy

===========================================================================================
----------------- testing Tue Oct 22 06:11:09 UTC 2019 /home/travis/build/icyphy/ptII/ptolemy/actor/lib/test/auto/LazyAOCTestNonLazy.xml
----------------- Instantiating /home/travis/build/icyphy/ptII/ptolemy/actor/lib/test/auto/LazyAOCTestNonLazy.xml
2 ms. Memory: 529408K Free: 390237K (74%)
----------------- Invoking toplevel() on ptolemy.moml.MoMLSimpleApplication@7551fa1b
----------------- Done invoking toplevel() on ptolemy.moml.MoMLSimpleApplication@7551fa1b
reloadAllAccessors: .LazyAOCTestNonLazy

===========================================================================================
----------------- testing Tue Oct 22 06:11:09 UTC 2019 /home/travis/build/icyphy/ptII/ptolemy/actor/lib/test/auto/LazyInnerClass.xml
----------------- Instantiating /home/travis/build/icyphy/ptII/ptolemy/actor/lib/test/auto/LazyInnerClass.xml
19 ms. Memory: 529408K Free: 381535K (72%)
----------------- Invoking toplevel() on ptolemy.moml.MoMLSimpleApplication@547de5b8
----------------- Done invoking toplevel() on ptolemy.moml.MoMLSimpleApplication@547de5b8
reloadAllAccessors: .LazyInnerClass

===========================================================================================
----------------- testing Tue Oct 22 06:11:09 UTC 2019 /home/travis/build/icyphy/ptII/ptolemy/actor/lib/test/auto/LazyPubSub.xml
----------------- Instantiating /home/travis/build/icyphy/ptII/ptolemy/actor/lib/test/auto/LazyPubSub.xml
18 ms. Memory: 529408K Free: 371295K (70%)
----------------- Invoking toplevel() on ptolemy.moml.MoMLSimpleApplication@3afba3d9
----------------- Done invoking toplevel() on ptolemy.moml.MoMLSimpleApplication@3afba3d9
reloadAllAccessors: .LazyPubSub

===========================================================================================
----------------- testing Tue Oct 22 06:11:09 UTC 2019 /home/travis/build/icyphy/ptII/ptolemy/actor/lib/test/auto/LazyPubSub2.xml
----------------- Instantiating /home/travis/build/icyphy/ptII/ptolemy/actor/lib/test/auto/LazyPubSub2.xml
14 ms. Memory: 529408K Free: 361055K (68%)
----------------- Invoking toplevel() on ptolemy.moml.MoMLSimpleApplication@12c636ea
----------------- Done invoking toplevel() on ptolemy.moml.MoMLSimpleApplication@12c636ea
reloadAllAccessors: .LazyPubSub2

===========================================================================================
----------------- testing Tue Oct 22 06:11:09 UTC 2019 /home/travis/build/icyphy/ptII/ptolemy/actor/lib/test/auto/LazyPubSub3.xml
----------------- Instantiating /home/travis/build/icyphy/ptII/ptolemy/actor/lib/test/auto/LazyPubSub3.xml
16 ms. Memory: 529408K Free: 351325K (66%)
----------------- Invoking toplevel() on ptolemy.moml.MoMLSimpleApplication@56d0c342
----------------- Done invoking toplevel() on ptolemy.moml.MoMLSimpleApplication@56d0c342
reloadAllAccessors: .LazyPubSub3

===========================================================================================
----------------- testing Tue Oct 22 06:11:09 UTC 2019 /home/travis/build/icyphy/ptII/ptolemy/actor/lib/test/auto/LazySubClassModel.xml
----------------- Instantiating /home/travis/build/icyphy/ptII/ptolemy/actor/lib/test/auto/LazySubClassModel.xml
2 ms. Memory: 529408K Free: 341599K (65%)
----------------- Invoking toplevel() on ptolemy.moml.MoMLSimpleApplication@4d061fc0
----------------- Done invoking toplevel() on ptolemy.moml.MoMLSimpleApplication@4d061fc0
reloadAllAccessors: .LazySubClassModel

===========================================================================================
----------------- testing Tue Oct 22 06:11:09 UTC 2019 /home/travis/build/icyphy/ptII/ptolemy/actor/lib/test/auto/LevelCrossTest1.xml
----------------- Instantiating /home/travis/build/icyphy/ptII/ptolemy/actor/lib/test/auto/LevelCrossTest1.xml
1 ms. Memory: 529408K Free: 335965K (63%)
----------------- Invoking toplevel() on ptolemy.moml.MoMLSimpleApplication@44a532e7
----------------- Done invoking toplevel() on ptolemy.moml.MoMLSimpleApplication@44a532e7
reloadAllAccessors: .broken

===========================================================================================
----------------- testing Tue Oct 22 06:11:09 UTC 2019 /home/travis/build/icyphy/ptII/ptolemy/actor/lib/test/auto/LevelCrossTest10.xml
----------------- Instantiating /home/travis/build/icyphy/ptII/ptolemy/actor/lib/test/auto/LevelCrossTest10.xml
1 ms. Memory: 529408K Free: 328797K (62%)
----------------- Invoking toplevel() on ptolemy.moml.MoMLSimpleApplication@4799793a
----------------- Done invoking toplevel() on ptolemy.moml.MoMLSimpleApplication@4799793a
reloadAllAccessors: .LevelCrossTest10

===========================================================================================
----------------- testing Tue Oct 22 06:11:09 UTC 2019 /home/travis/build/icyphy/ptII/ptolemy/actor/lib/test/auto/LevelCrossTest11.xml
----------------- Instantiating /home/travis/build/icyphy/ptII/ptolemy/actor/lib/test/auto/LevelCrossTest11.xml
2 ms. Memory: 529408K Free: 321629K (61%)
----------------- Invoking toplevel() on ptolemy.moml.MoMLSimpleApplication@6561ced1
----------------- Done invoking toplevel() on ptolemy.moml.MoMLSimpleApplication@6561ced1
reloadAllAccessors: .LevelCrossTest11

===========================================================================================
----------------- testing Tue Oct 22 06:11:10 UTC 2019 /home/travis/build/icyphy/ptII/ptolemy/actor/lib/test/auto/LevelCrossTest12.xml
----------------- Instantiating /home/travis/build/icyphy/ptII/ptolemy/actor/lib/test/auto/LevelCrossTest12.xml
1 ms. Memory: 529408K Free: 313951K (59%)
----------------- Invoking toplevel() on ptolemy.moml.MoMLSimpleApplication@c70e16
----------------- Done invoking toplevel() on ptolemy.moml.MoMLSimpleApplication@c70e16
reloadAllAccessors: .LevelCrossTest12

===========================================================================================
----------------- testing Tue Oct 22 06:11:10 UTC 2019 /home/travis/build/icyphy/ptII/ptolemy/actor/lib/test/auto/LevelCrossTest13.xml
----------------- Instantiating /home/travis/build/icyphy/ptII/ptolemy/actor/lib/test/auto/LevelCrossTest13.xml
1 ms. Memory: 529408K Free: 305759K (58%)
----------------- Invoking toplevel() on ptolemy.moml.MoMLSimpleApplication@32c66c15
----------------- Done invoking toplevel() on ptolemy.moml.MoMLSimpleApplication@32c66c15
reloadAllAccessors: .LevelCrossTest13

===========================================================================================
----------------- testing Tue Oct 22 06:11:10 UTC 2019 /home/travis/build/icyphy/ptII/ptolemy/actor/lib/test/auto/LevelCrossTest2.xml
----------------- Instantiating /home/travis/build/icyphy/ptII/ptolemy/actor/lib/test/auto/LevelCrossTest2.xml
1 ms. Memory: 529408K Free: 300125K (57%)
----------------- Invoking toplevel() on ptolemy.moml.MoMLSimpleApplication@7a0558ab
----------------- Done invoking toplevel() on ptolemy.moml.MoMLSimpleApplication@7a0558ab
reloadAllAccessors: .broken

===========================================================================================
----------------- testing Tue Oct 22 06:11:10 UTC 2019 /home/travis/build/icyphy/ptII/ptolemy/actor/lib/test/auto/LevelCrossTest3.xml
----------------- Instantiating /home/travis/build/icyphy/ptII/ptolemy/actor/lib/test/auto/LevelCrossTest3.xml
1 ms. Memory: 529408K Free: 293981K (56%)
----------------- Invoking toplevel() on ptolemy.moml.MoMLSimpleApplication@6a84d6e6
----------------- Done invoking toplevel() on ptolemy.moml.MoMLSimpleApplication@6a84d6e6
reloadAllAccessors: .LevelCrossTest3

===========================================================================================
----------------- testing Tue Oct 22 06:11:10 UTC 2019 /home/travis/build/icyphy/ptII/ptolemy/actor/lib/test/auto/LevelCrossTest4.xml
----------------- Instantiating /home/travis/build/icyphy/ptII/ptolemy/actor/lib/test/auto/LevelCrossTest4.xml
1 ms. Memory: 529408K Free: 288861K (55%)
----------------- Invoking toplevel() on ptolemy.moml.MoMLSimpleApplication@4e13647d
----------------- Done invoking toplevel() on ptolemy.moml.MoMLSimpleApplication@4e13647d
reloadAllAccessors: .broken

===========================================================================================
----------------- testing Tue Oct 22 06:11:10 UTC 2019 /home/travis/build/icyphy/ptII/ptolemy/actor/lib/test/auto/LevelCrossTest5.xml
----------------- Instantiating /home/travis/build/icyphy/ptII/ptolemy/actor/lib/test/auto/LevelCrossTest5.xml
3 ms. Memory: 529408K Free: 282207K (53%)
----------------- Invoking toplevel() on ptolemy.moml.MoMLSimpleApplication@4197066d
----------------- Done invoking toplevel() on ptolemy.moml.MoMLSimpleApplication@4197066d
reloadAllAccessors: .LevelCrossTest5

===========================================================================================
----------------- testing Tue Oct 22 06:11:10 UTC 2019 /home/travis/build/icyphy/ptII/ptolemy/actor/lib/test/auto/LevelCrossTest6.xml
----------------- Instantiating /home/travis/build/icyphy/ptII/ptolemy/actor/lib/test/auto/LevelCrossTest6.xml
1 ms. Memory: 529408K Free: 274525K (52%)
----------------- Invoking toplevel() on ptolemy.moml.MoMLSimpleApplication@7d0b84cd
----------------- Done invoking toplevel() on ptolemy.moml.MoMLSimpleApplication@7d0b84cd
reloadAllAccessors: .LevelCrossTest6

===========================================================================================
----------------- testing Tue Oct 22 06:11:10 UTC 2019 /home/travis/build/icyphy/ptII/ptolemy/actor/lib/test/auto/LevelCrossTest7.xml
----------------- Instantiating /home/travis/build/icyphy/ptII/ptolemy/actor/lib/test/auto/LevelCrossTest7.xml
1 ms. Memory: 529408K Free: 266847K (50%)
----------------- Invoking toplevel() on ptolemy.moml.MoMLSimpleApplication@686b892
----------------- Done invoking toplevel() on ptolemy.moml.MoMLSimpleApplication@686b892
reloadAllAccessors: .LevelCrossTest7

===========================================================================================
----------------- testing Tue Oct 22 06:11:10 UTC 2019 /home/travis/build/icyphy/ptII/ptolemy/actor/lib/test/auto/LevelCrossTest8.xml
----------------- Instantiating /home/travis/build/icyphy/ptII/ptolemy/actor/lib/test/auto/LevelCrossTest8.xml
1 ms. Memory: 529408K Free: 259679K (49%)
----------------- Invoking toplevel() on ptolemy.moml.MoMLSimpleApplication@1000e1d8
----------------- Done invoking toplevel() on ptolemy.moml.MoMLSimpleApplication@1000e1d8
reloadAllAccessors: .LevelCrossTest8

===========================================================================================
----------------- testing Tue Oct 22 06:11:10 UTC 2019 /home/travis/build/icyphy/ptII/ptolemy/actor/lib/test/auto/LevelCrossTest9.xml
----------------- Instantiating /home/travis/build/icyphy/ptII/ptolemy/actor/lib/test/auto/LevelCrossTest9.xml
1 ms. Memory: 529408K Free: 252511K (48%)
----------------- Invoking toplevel() on ptolemy.moml.MoMLSimpleApplication@48212440
----------------- Done invoking toplevel() on ptolemy.moml.MoMLSimpleApplication@48212440
reloadAllAccessors: .LevelCrossTest9

===========================================================================================
----------------- testing Tue Oct 22 06:11:10 UTC 2019 /home/travis/build/icyphy/ptII/ptolemy/actor/lib/test/auto/LevinsonDurbin.xml
----------------- Instantiating /home/travis/build/icyphy/ptII/ptolemy/actor/lib/test/auto/LevinsonDurbin.xml
1 ms. Memory: 529408K Free: 248415K (47%)
----------------- Invoking toplevel() on ptolemy.moml.MoMLSimpleApplication@7e791f72
----------------- Done invoking toplevel() on ptolemy.moml.MoMLSimpleApplication@7e791f72
reloadAllAccessors: .LevinsonDurbin

===========================================================================================
----------------- testing Tue Oct 22 06:11:10 UTC 2019 /home/travis/build/icyphy/ptII/ptolemy/actor/lib/test/auto/LevinsonDurbin2.xml
----------------- Instantiating /home/travis/build/icyphy/ptII/ptolemy/actor/lib/test/auto/LevinsonDurbin2.xml
2 ms. Memory: 529408K Free: 244319K (46%)
----------------- Invoking toplevel() on ptolemy.moml.MoMLSimpleApplication@2ecc8429
----------------- Done invoking toplevel() on ptolemy.moml.MoMLSimpleApplication@2ecc8429
reloadAllAccessors: .LevinsonDurbin2

===========================================================================================
----------------- testing Tue Oct 22 06:11:10 UTC 2019 /home/travis/build/icyphy/ptII/ptolemy/actor/lib/test/auto/LevinsonDurbin3.xml
----------------- Instantiating /home/travis/build/icyphy/ptII/ptolemy/actor/lib/test/auto/LevinsonDurbin3.xml
2 ms. Memory: 529408K Free: 240223K (45%)
----------------- Invoking toplevel() on ptolemy.moml.MoMLSimpleApplication@5a5955fa
----------------- Done invoking toplevel() on ptolemy.moml.MoMLSimpleApplication@5a5955fa
reloadAllAccessors: .LevinsonDurbin3

===========================================================================================
----------------- testing Tue Oct 22 06:11:10 UTC 2019 /home/travis/build/icyphy/ptII/ptolemy/actor/lib/test/auto/Limiter.xml
----------------- Instantiating /home/travis/build/icyphy/ptII/ptolemy/actor/lib/test/auto/Limiter.xml
11 ms. Memory: 529408K Free: 231007K (44%)
----------------- Invoking toplevel() on ptolemy.moml.MoMLSimpleApplication@31407779
----------------- Done invoking toplevel() on ptolemy.moml.MoMLSimpleApplication@31407779
reloadAllAccessors: .Limiter

===========================================================================================
----------------- testing Tue Oct 22 06:11:10 UTC 2019 /home/travis/build/icyphy/ptII/ptolemy/actor/lib/test/auto/LinearDifferenceEquationSystem.xml
----------------- Instantiating /home/travis/build/icyphy/ptII/ptolemy/actor/lib/test/auto/LinearDifferenceEquationSystem.xml
14 ms. Memory: 529408K Free: 223325K (42%)
----------------- Invoking toplevel() on ptolemy.moml.MoMLSimpleApplication@78930010
----------------- Done invoking toplevel() on ptolemy.moml.MoMLSimpleApplication@78930010
reloadAllAccessors: .LinearDifferenceEquationSystem

===========================================================================================
----------------- testing Tue Oct 22 06:11:10 UTC 2019 /home/travis/build/icyphy/ptII/ptolemy/actor/lib/test/auto/LookupTable.xml
----------------- Instantiating /home/travis/build/icyphy/ptII/ptolemy/actor/lib/test/auto/LookupTable.xml
2 ms. Memory: 529408K Free: 218719K (41%)
----------------- Invoking toplevel() on ptolemy.moml.MoMLSimpleApplication@15be101c
----------------- Done invoking toplevel() on ptolemy.moml.MoMLSimpleApplication@15be101c
reloadAllAccessors: .LookupTable

===========================================================================================
----------------- testing Tue Oct 22 06:11:10 UTC 2019 /home/travis/build/icyphy/ptII/ptolemy/actor/lib/test/auto/MathFunction.xml
----------------- Instantiating /home/travis/build/icyphy/ptII/ptolemy/actor/lib/test/auto/MathFunction.xml
3 ms. Memory: 529408K Free: 210527K (40%)
----------------- Invoking toplevel() on ptolemy.moml.MoMLSimpleApplication@3094e695
----------------- Done invoking toplevel() on ptolemy.moml.MoMLSimpleApplication@3094e695
reloadAllAccessors: .MathFunction

===========================================================================================
----------------- testing Tue Oct 22 06:11:10 UTC 2019 /home/travis/build/icyphy/ptII/ptolemy/actor/lib/test/auto/MathFunction2.xml
----------------- Instantiating /home/travis/build/icyphy/ptII/ptolemy/actor/lib/test/auto/MathFunction2.xml
4 ms. Memory: 529408K Free: 206941K (39%)
----------------- Invoking toplevel() on ptolemy.moml.MoMLSimpleApplication@6e8b8670
----------------- Done invoking toplevel() on ptolemy.moml.MoMLSimpleApplication@6e8b8670
reloadAllAccessors: .MathFunction2

===========================================================================================
----------------- testing Tue Oct 22 06:11:10 UTC 2019 /home/travis/build/icyphy/ptII/ptolemy/actor/lib/test/auto/MathFunction3.xml
----------------- Instantiating /home/travis/build/icyphy/ptII/ptolemy/actor/lib/test/auto/MathFunction3.xml
2 ms. Memory: 529408K Free: 199773K (38%)
----------------- Invoking toplevel() on ptolemy.moml.MoMLSimpleApplication@52ead690
----------------- Done invoking toplevel() on ptolemy.moml.MoMLSimpleApplication@52ead690
reloadAllAccessors: .MathFunction3

===========================================================================================
----------------- testing Tue Oct 22 06:11:10 UTC 2019 /home/travis/build/icyphy/ptII/ptolemy/actor/lib/test/auto/MatrixCropBoolean.xml
----------------- Instantiating /home/travis/build/icyphy/ptII/ptolemy/actor/lib/test/auto/MatrixCropBoolean.xml
1 ms. Memory: 529408K Free: 194623K (37%)
----------------- Invoking toplevel() on ptolemy.moml.MoMLSimpleApplication@325b10d3
----------------- Done invoking toplevel() on ptolemy.moml.MoMLSimpleApplication@325b10d3
reloadAllAccessors: .MatrixCropBoolean

===========================================================================================
----------------- testing Tue Oct 22 06:11:10 UTC 2019 /home/travis/build/icyphy/ptII/ptolemy/actor/lib/test/auto/MatrixCropComplex.xml
----------------- Instantiating /home/travis/build/icyphy/ptII/ptolemy/actor/lib/test/auto/MatrixCropComplex.xml
1 ms. Memory: 529408K Free: 189503K (36%)
----------------- Invoking toplevel() on ptolemy.moml.MoMLSimpleApplication@3d524481
----------------- Done invoking toplevel() on ptolemy.moml.MoMLSimpleApplication@3d524481
reloadAllAccessors: .MatrixCropComplex

===========================================================================================
----------------- testing Tue Oct 22 06:11:10 UTC 2019 /home/travis/build/icyphy/ptII/ptolemy/actor/lib/test/auto/MatrixCropDouble.xml
----------------- Instantiating /home/travis/build/icyphy/ptII/ptolemy/actor/lib/test/auto/MatrixCropDouble.xml
1 ms. Memory: 529408K Free: 184399K (35%)
----------------- Invoking toplevel() on ptolemy.moml.MoMLSimpleApplication@35046f31
----------------- Done invoking toplevel() on ptolemy.moml.MoMLSimpleApplication@35046f31
reloadAllAccessors: .MatrixCropDouble

===========================================================================================
----------------- testing Tue Oct 22 06:11:10 UTC 2019 /home/travis/build/icyphy/ptII/ptolemy/actor/lib/test/auto/MatrixCropFix.xml
----------------- Instantiating /home/travis/build/icyphy/ptII/ptolemy/actor/lib/test/auto/MatrixCropFix.xml
2 ms. Memory: 529408K Free: 179263K (34%)
----------------- Invoking toplevel() on ptolemy.moml.MoMLSimpleApplication@6a1f3b73
----------------- Done invoking toplevel() on ptolemy.moml.MoMLSimpleApplication@6a1f3b73
reloadAllAccessors: .MatrixCropFix

===========================================================================================
----------------- testing Tue Oct 22 06:11:10 UTC 2019 /home/travis/build/icyphy/ptII/ptolemy/actor/lib/test/auto/MatrixCropInt.xml
----------------- Instantiating /home/travis/build/icyphy/ptII/ptolemy/actor/lib/test/auto/MatrixCropInt.xml
1 ms. Memory: 529408K Free: 174687K (33%)
----------------- Invoking toplevel() on ptolemy.moml.MoMLSimpleApplication@2db39403
----------------- Done invoking toplevel() on ptolemy.moml.MoMLSimpleApplication@2db39403
reloadAllAccessors: .MatrixCropInt

===========================================================================================
----------------- testing Tue Oct 22 06:11:10 UTC 2019 /home/travis/build/icyphy/ptII/ptolemy/actor/lib/test/auto/MatrixCropLong.xml
----------------- Instantiating /home/travis/build/icyphy/ptII/ptolemy/actor/lib/test/auto/MatrixCropLong.xml
1 ms. Memory: 529408K Free: 170071K (32%)
----------------- Invoking toplevel() on ptolemy.moml.MoMLSimpleApplication@6bf5406a
----------------- Done invoking toplevel() on ptolemy.moml.MoMLSimpleApplication@6bf5406a
reloadAllAccessors: .MatrixCropLong

===========================================================================================
----------------- testing Tue Oct 22 06:11:10 UTC 2019 /home/travis/build/icyphy/ptII/ptolemy/actor/lib/test/auto/MatrixToArray.xml
----------------- Instantiating /home/travis/build/icyphy/ptII/ptolemy/actor/lib/test/auto/MatrixToArray.xml
10 ms. Memory: 529408K Free: 469983K (89%)
----------------- Invoking toplevel() on ptolemy.moml.MoMLSimpleApplication@3a322d83
----------------- Done invoking toplevel() on ptolemy.moml.MoMLSimpleApplication@3a322d83
reloadAllAccessors: .MatrixToArray

===========================================================================================
----------------- testing Tue Oct 22 06:11:10 UTC 2019 /home/travis/build/icyphy/ptII/ptolemy/actor/lib/test/auto/MaxIndex.xml
----------------- Instantiating /home/travis/build/icyphy/ptII/ptolemy/actor/lib/test/auto/MaxIndex.xml
2 ms. Memory: 529408K Free: 464349K (88%)
----------------- Invoking toplevel() on ptolemy.moml.MoMLSimpleApplication@202e6338
----------------- Done invoking toplevel() on ptolemy.moml.MoMLSimpleApplication@202e6338
reloadAllAccessors: .MaxIndex

===========================================================================================
----------------- testing Tue Oct 22 06:11:10 UTC 2019 /home/travis/build/icyphy/ptII/ptolemy/actor/lib/test/auto/Maximum.xml
----------------- Instantiating /home/travis/build/icyphy/ptII/ptolemy/actor/lib/test/auto/Maximum.xml
2 ms. Memory: 529408K Free: 457695K (86%)
----------------- Invoking toplevel() on ptolemy.moml.MoMLSimpleApplication@1371fd01
----------------- Done invoking toplevel() on ptolemy.moml.MoMLSimpleApplication@1371fd01
reloadAllAccessors: .Maximum

===========================================================================================
----------------- testing Tue Oct 22 06:11:10 UTC 2019 /home/travis/build/icyphy/ptII/ptolemy/actor/lib/test/auto/MaximumComplex.xml
----------------- Instantiating /home/travis/build/icyphy/ptII/ptolemy/actor/lib/test/auto/MaximumComplex.xml
4 ms. Memory: 529408K Free: 451551K (85%)
----------------- Invoking toplevel() on ptolemy.moml.MoMLSimpleApplication@7f554e3e
----------------- Done invoking toplevel() on ptolemy.moml.MoMLSimpleApplication@7f554e3e
reloadAllAccessors: .MaximumComplex

===========================================================================================
----------------- testing Tue Oct 22 06:11:10 UTC 2019 /home/travis/build/icyphy/ptII/ptolemy/actor/lib/test/auto/MethodCallTest.xml
----------------- Instantiating /home/travis/build/icyphy/ptII/ptolemy/actor/lib/test/auto/MethodCallTest.xml
3 ms. Memory: 529408K Free: 444893K (84%)
----------------- Invoking toplevel() on ptolemy.moml.MoMLSimpleApplication@18996ba5
----------------- Done invoking toplevel() on ptolemy.moml.MoMLSimpleApplication@18996ba5
reloadAllAccessors: .MethodCallTest

===========================================================================================
----------------- testing Tue Oct 22 06:11:10 UTC 2019 /home/travis/build/icyphy/ptII/ptolemy/actor/lib/test/auto/Minimum.xml
----------------- Instantiating /home/travis/build/icyphy/ptII/ptolemy/actor/lib/test/auto/Minimum.xml
2 ms. Memory: 529408K Free: 438239K (83%)
----------------- Invoking toplevel() on ptolemy.moml.MoMLSimpleApplication@75e28c18
----------------- Done invoking toplevel() on ptolemy.moml.MoMLSimpleApplication@75e28c18
reloadAllAccessors: .Minimum

===========================================================================================
----------------- testing Tue Oct 22 06:11:10 UTC 2019 /home/travis/build/icyphy/ptII/ptolemy/actor/lib/test/auto/MinimumComplex.xml
----------------- Instantiating /home/travis/build/icyphy/ptII/ptolemy/actor/lib/test/auto/MinimumComplex.xml
2 ms. Memory: 529408K Free: 432095K (82%)
----------------- Invoking toplevel() on ptolemy.moml.MoMLSimpleApplication@1652d8dc
----------------- Done invoking toplevel() on ptolemy.moml.MoMLSimpleApplication@1652d8dc
reloadAllAccessors: .MinimumComplex

===========================================================================================
----------------- testing Tue Oct 22 06:11:10 UTC 2019 /home/travis/build/icyphy/ptII/ptolemy/actor/lib/test/auto/MinimumMultiports.xml
----------------- Instantiating /home/travis/build/icyphy/ptII/ptolemy/actor/lib/test/auto/MinimumMultiports.xml
7 ms. Memory: 529408K Free: 423389K (80%)
----------------- Invoking toplevel() on ptolemy.moml.MoMLSimpleApplication@215c6cc8
----------------- Done invoking toplevel() on ptolemy.moml.MoMLSimpleApplication@215c6cc8
reloadAllAccessors: .MinimumMultiports

===========================================================================================
----------------- testing Tue Oct 22 06:11:10 UTC 2019 /home/travis/build/icyphy/ptII/ptolemy/actor/lib/test/auto/ModifyDate.xml
----------------- Instantiating /home/travis/build/icyphy/ptII/ptolemy/actor/lib/test/auto/ModifyDate.xml
12 ms. Memory: 529408K Free: 410591K (78%)
----------------- Invoking toplevel() on ptolemy.moml.MoMLSimpleApplication@14b93740
----------------- Done invoking toplevel() on ptolemy.moml.MoMLSimpleApplication@14b93740
reloadAllAccessors: .ModifyDate

===========================================================================================
----------------- testing Tue Oct 22 06:11:10 UTC 2019 /home/travis/build/icyphy/ptII/ptolemy/actor/lib/test/auto/ModifyDate2.xml
----------------- Instantiating /home/travis/build/icyphy/ptII/ptolemy/actor/lib/test/auto/ModifyDate2.xml
3 ms. Memory: 529408K Free: 401885K (76%)
----------------- Invoking toplevel() on ptolemy.moml.MoMLSimpleApplication@43bbee48
----------------- Done invoking toplevel() on ptolemy.moml.MoMLSimpleApplication@43bbee48
reloadAllAccessors: .ModifyDate2

===========================================================================================
----------------- testing Tue Oct 22 06:11:10 UTC 2019 /home/travis/build/icyphy/ptII/ptolemy/actor/lib/test/auto/MovingAverage.xml
----------------- Instantiating /home/travis/build/icyphy/ptII/ptolemy/actor/lib/test/auto/MovingAverage.xml
2 ms. Memory: 529408K Free: 396765K (75%)
----------------- Invoking toplevel() on ptolemy.moml.MoMLSimpleApplication@2f0bea76
----------------- Done invoking toplevel() on ptolemy.moml.MoMLSimpleApplication@2f0bea76
reloadAllAccessors: .MovingAverage

===========================================================================================
----------------- testing Tue Oct 22 06:11:10 UTC 2019 /home/travis/build/icyphy/ptII/ptolemy/actor/lib/test/auto/MovingMaximum.xml
----------------- Instantiating /home/travis/build/icyphy/ptII/ptolemy/actor/lib/test/auto/MovingMaximum.xml
9 ms. Memory: 529408K Free: 392159K (74%)
----------------- Invoking toplevel() on ptolemy.moml.MoMLSimpleApplication@15ac3379
----------------- Done invoking toplevel() on ptolemy.moml.MoMLSimpleApplication@15ac3379
reloadAllAccessors: .MovingMaximum

===========================================================================================
----------------- testing Tue Oct 22 06:11:10 UTC 2019 /home/travis/build/icyphy/ptII/ptolemy/actor/lib/test/auto/MultipleLinksToSameRelation.xml
----------------- Instantiating /home/travis/build/icyphy/ptII/ptolemy/actor/lib/test/auto/MultipleLinksToSameRelation.xml
6 ms. Memory: 529408K Free: 388063K (73%)
----------------- Invoking toplevel() on ptolemy.moml.MoMLSimpleApplication@698d6278
----------------- Done invoking toplevel() on ptolemy.moml.MoMLSimpleApplication@698d6278
reloadAllAccessors: .MultipleLinksToSameRelation

===========================================================================================
----------------- testing Tue Oct 22 06:11:10 UTC 2019 /home/travis/build/icyphy/ptII/ptolemy/actor/lib/test/auto/MultipleLinksToSameRelationDE.xml
----------------- Instantiating /home/travis/build/icyphy/ptII/ptolemy/actor/lib/test/auto/MultipleLinksToSameRelationDE.xml
2 ms. Memory: 529408K Free: 383423K (72%)
----------------- Invoking toplevel() on ptolemy.moml.MoMLSimpleApplication@7153cbfd
----------------- Done invoking toplevel() on ptolemy.moml.MoMLSimpleApplication@7153cbfd
reloadAllAccessors: .MultipleLinksToSameRelationDE

===========================================================================================
----------------- testing Tue Oct 22 06:11:10 UTC 2019 /home/travis/build/icyphy/ptII/ptolemy/actor/lib/test/auto/Multiplexor.xml
----------------- Instantiating /home/travis/build/icyphy/ptII/ptolemy/actor/lib/test/auto/Multiplexor.xml
2 ms. Memory: 529408K Free: 377823K (71%)
----------------- Invoking toplevel() on ptolemy.moml.MoMLSimpleApplication@126c58f8
----------------- Done invoking toplevel() on ptolemy.moml.MoMLSimpleApplication@126c58f8
reloadAllAccessors: .Multiplexor

===========================================================================================
----------------- testing Tue Oct 22 06:11:10 UTC 2019 /home/travis/build/icyphy/ptII/ptolemy/actor/lib/test/auto/Multiplexor1.xml
----------------- Instantiating /home/travis/build/icyphy/ptII/ptolemy/actor/lib/test/auto/Multiplexor1.xml
2 ms. Memory: 529408K Free: 372159K (70%)
----------------- Invoking toplevel() on ptolemy.moml.MoMLSimpleApplication@2c5fb2c3
----------------- Done invoking toplevel() on ptolemy.moml.MoMLSimpleApplication@2c5fb2c3
reloadAllAccessors: .Multiplexor1

===========================================================================================
----------------- testing Tue Oct 22 06:11:10 UTC 2019 /home/travis/build/icyphy/ptII/ptolemy/actor/lib/test/auto/Multiplexor2.xml
----------------- Instantiating /home/travis/build/icyphy/ptII/ptolemy/actor/lib/test/auto/Multiplexor2.xml
6 ms. Memory: 529408K Free: 365535K (69%)
----------------- Invoking toplevel() on ptolemy.moml.MoMLSimpleApplication@1369b1ea
----------------- Done invoking toplevel() on ptolemy.moml.MoMLSimpleApplication@1369b1ea
reloadAllAccessors: .Multiplexor2

===========================================================================================
----------------- testing Tue Oct 22 06:11:10 UTC 2019 /home/travis/build/icyphy/ptII/ptolemy/actor/lib/test/auto/Multiplexor3.xml
----------------- Instantiating /home/travis/build/icyphy/ptII/ptolemy/actor/lib/test/auto/Multiplexor3.xml
2 ms. Memory: 529408K Free: 361439K (68%)
----------------- Invoking toplevel() on ptolemy.moml.MoMLSimpleApplication@7bbdf63a
----------------- Done invoking toplevel() on ptolemy.moml.MoMLSimpleApplication@7bbdf63a
reloadAllAccessors: .Multiplexor3

===========================================================================================
----------------- testing Tue Oct 22 06:11:10 UTC 2019 /home/travis/build/icyphy/ptII/ptolemy/actor/lib/test/auto/MultiplexorDE.xml
----------------- Instantiating /home/travis/build/icyphy/ptII/ptolemy/actor/lib/test/auto/MultiplexorDE.xml
2 ms. Memory: 529408K Free: 353743K (67%)
----------------- Invoking toplevel() on ptolemy.moml.MoMLSimpleApplication@3d2eef29
----------------- Done invoking toplevel() on ptolemy.moml.MoMLSimpleApplication@3d2eef29
reloadAllAccessors: .MultiplexorDE

===========================================================================================
----------------- testing Tue Oct 22 06:11:10 UTC 2019 /home/travis/build/icyphy/ptII/ptolemy/actor/lib/test/auto/MultiportBroadcastTest.xml
----------------- Instantiating /home/travis/build/icyphy/ptII/ptolemy/actor/lib/test/auto/MultiportBroadcastTest.xml
89 ms. Memory: 529408K Free: 347607K (66%)
----------------- Invoking toplevel() on ptolemy.moml.MoMLSimpleApplication@19c6a7b7
----------------- Done invoking toplevel() on ptolemy.moml.MoMLSimpleApplication@19c6a7b7
reloadAllAccessors: .MultiportBroadcastTest

===========================================================================================
----------------- testing Tue Oct 22 06:11:11 UTC 2019 /home/travis/build/icyphy/ptII/ptolemy/actor/lib/test/auto/MultiportOutHangDuringGetWidth.xml
----------------- Instantiating /home/travis/build/icyphy/ptII/ptolemy/actor/lib/test/auto/MultiportOutHangDuringGetWidth.xml
6 ms. Memory: 529408K Free: 334815K (63%)
----------------- Invoking toplevel() on ptolemy.moml.MoMLSimpleApplication@3d84eb5
----------------- Done invoking toplevel() on ptolemy.moml.MoMLSimpleApplication@3d84eb5
reloadAllAccessors: .MultiportOutHangDuringGetWidth

===========================================================================================
----------------- testing Tue Oct 22 06:11:11 UTC 2019 /home/travis/build/icyphy/ptII/ptolemy/actor/lib/test/auto/NilToken.xml
----------------- Instantiating /home/travis/build/icyphy/ptII/ptolemy/actor/lib/test/auto/NilToken.xml
1 ms. Memory: 529408K Free: 330719K (62%)
----------------- Invoking toplevel() on ptolemy.moml.MoMLSimpleApplication@464701af
----------------- Done invoking toplevel() on ptolemy.moml.MoMLSimpleApplication@464701af
reloadAllAccessors: .NilToken

===========================================================================================
----------------- testing Tue Oct 22 06:11:11 UTC 2019 /home/travis/build/icyphy/ptII/ptolemy/actor/lib/test/auto/NilTokenNonStrictTest.xml
----------------- Instantiating /home/travis/build/icyphy/ptII/ptolemy/actor/lib/test/auto/NilTokenNonStrictTest.xml
4 ms. Memory: 529408K Free: 325597K (62%)
----------------- Invoking toplevel() on ptolemy.moml.MoMLSimpleApplication@2ca298fc
----------------- Done invoking toplevel() on ptolemy.moml.MoMLSimpleApplication@2ca298fc
reloadAllAccessors: .NilTokenNonStrictTest

===========================================================================================
----------------- testing Tue Oct 22 06:11:11 UTC 2019 /home/travis/build/icyphy/ptII/ptolemy/actor/lib/test/auto/NilTokenRecord.xml
----------------- Instantiating /home/travis/build/icyphy/ptII/ptolemy/actor/lib/test/auto/NilTokenRecord.xml
25 ms. Memory: 529408K Free: 318431K (60%)
----------------- Invoking toplevel() on ptolemy.moml.MoMLSimpleApplication@7874d3b9
----------------- Done invoking toplevel() on ptolemy.moml.MoMLSimpleApplication@7874d3b9
reloadAllAccessors: .NilTokenRecord

===========================================================================================
----------------- testing Tue Oct 22 06:11:11 UTC 2019 /home/travis/build/icyphy/ptII/ptolemy/actor/lib/test/auto/NilTokenTypeTest.xml
----------------- Instantiating /home/travis/build/icyphy/ptII/ptolemy/actor/lib/test/auto/NilTokenTypeTest.xml
5 ms. Memory: 529408K Free: 308701K (58%)
----------------- Invoking toplevel() on ptolemy.moml.MoMLSimpleApplication@5938390f
----------------- Done invoking toplevel() on ptolemy.moml.MoMLSimpleApplication@5938390f
reloadAllAccessors: .NilTokenTypeTest

===========================================================================================
----------------- testing Tue Oct 22 06:11:11 UTC 2019 /home/travis/build/icyphy/ptII/ptolemy/actor/lib/test/auto/ObjectToken1.xml
----------------- Instantiating /home/travis/build/icyphy/ptII/ptolemy/actor/lib/test/auto/ObjectToken1.xml
2 ms. Memory: 529408K Free: 304605K (58%)
----------------- Invoking toplevel() on ptolemy.moml.MoMLSimpleApplication@54c20053
----------------- Done invoking toplevel() on ptolemy.moml.MoMLSimpleApplication@54c20053
reloadAllAccessors: .ObjectToken1

===========================================================================================
----------------- testing Tue Oct 22 06:11:11 UTC 2019 /home/travis/build/icyphy/ptII/ptolemy/actor/lib/test/auto/OrderedMerge.xml
----------------- Instantiating /home/travis/build/icyphy/ptII/ptolemy/actor/lib/test/auto/OrderedMerge.xml
12 ms. Memory: 529408K Free: 298975K (56%)
----------------- Invoking toplevel() on ptolemy.moml.MoMLSimpleApplication@7ad45301
----------------- Done invoking toplevel() on ptolemy.moml.MoMLSimpleApplication@7ad45301
reloadAllAccessors: .OrderedMerge

===========================================================================================
----------------- testing Tue Oct 22 06:11:11 UTC 2019 /home/travis/build/icyphy/ptII/ptolemy/actor/lib/test/auto/OrderedRecordDisassembler.xml
----------------- Instantiating /home/travis/build/icyphy/ptII/ptolemy/actor/lib/test/auto/OrderedRecordDisassembler.xml
3 ms. Memory: 529408K Free: 293855K (56%)
----------------- Invoking toplevel() on ptolemy.moml.MoMLSimpleApplication@3ff15fe9
----------------- Done invoking toplevel() on ptolemy.moml.MoMLSimpleApplication@3ff15fe9
reloadAllAccessors: .OrderedRecordDisassembler

===========================================================================================
----------------- testing Tue Oct 22 06:11:11 UTC 2019 /home/travis/build/icyphy/ptII/ptolemy/actor/lib/test/auto/OrderedRecordDisassembler2.xml
----------------- Instantiating /home/travis/build/icyphy/ptII/ptolemy/actor/lib/test/auto/OrderedRecordDisassembler2.xml
8 ms. Memory: 529408K Free: 286159K (54%)
----------------- Invoking toplevel() on ptolemy.moml.MoMLSimpleApplication@63e63f40
----------------- Done invoking toplevel() on ptolemy.moml.MoMLSimpleApplication@63e63f40
reloadAllAccessors: .OrderedRecordDisassembler2

===========================================================================================
----------------- testing Tue Oct 22 06:11:11 UTC 2019 /home/travis/build/icyphy/ptII/ptolemy/actor/lib/test/auto/OrderedRecordUpdater.xml
----------------- Instantiating /home/travis/build/icyphy/ptII/ptolemy/actor/lib/test/auto/OrderedRecordUpdater.xml
2 ms. Memory: 529408K Free: 281053K (53%)
----------------- Invoking toplevel() on ptolemy.moml.MoMLSimpleApplication@7dc2172c
----------------- Done invoking toplevel() on ptolemy.moml.MoMLSimpleApplication@7dc2172c
reloadAllAccessors: .RecordUpdater

===========================================================================================
----------------- testing Tue Oct 22 06:11:11 UTC 2019 /home/travis/build/icyphy/ptII/ptolemy/actor/lib/test/auto/OrderedRecordUpdater2.xml
----------------- Instantiating /home/travis/build/icyphy/ptII/ptolemy/actor/lib/test/auto/OrderedRecordUpdater2.xml
2 ms. Memory: 529408K Free: 275933K (52%)
----------------- Invoking toplevel() on ptolemy.moml.MoMLSimpleApplication@1123ad04
----------------- Done invoking toplevel() on ptolemy.moml.MoMLSimpleApplication@1123ad04
reloadAllAccessors: .RecordUpdater2

===========================================================================================
----------------- testing Tue Oct 22 06:11:11 UTC 2019 /home/travis/build/icyphy/ptII/ptolemy/actor/lib/test/auto/PhaseUnwrap.xml
----------------- Instantiating /home/travis/build/icyphy/ptII/ptolemy/actor/lib/test/auto/PhaseUnwrap.xml
2 ms. Memory: 529408K Free: 271327K (51%)
----------------- Invoking toplevel() on ptolemy.moml.MoMLSimpleApplication@f62c4c1
----------------- Done invoking toplevel() on ptolemy.moml.MoMLSimpleApplication@f62c4c1
reloadAllAccessors: .PhaseUnwrap

===========================================================================================
----------------- testing Tue Oct 22 06:11:11 UTC 2019 /home/travis/build/icyphy/ptII/ptolemy/actor/lib/test/auto/PoissonClock.xml
----------------- Instantiating /home/travis/build/icyphy/ptII/ptolemy/actor/lib/test/auto/PoissonClock.xml
2 ms. Memory: 529408K Free: 266717K (50%)
----------------- Invoking toplevel() on ptolemy.moml.MoMLSimpleApplication@3a2659a2
----------------- Done invoking toplevel() on ptolemy.moml.MoMLSimpleApplication@3a2659a2
reloadAllAccessors: .PoissonClock

===========================================================================================
----------------- testing Tue Oct 22 06:11:11 UTC 2019 /home/travis/build/icyphy/ptII/ptolemy/actor/lib/test/auto/PoissonClock2.xml
----------------- Instantiating /home/travis/build/icyphy/ptII/ptolemy/actor/lib/test/auto/PoissonClock2.xml
1 ms. Memory: 529408K Free: 262111K (50%)
----------------- Invoking toplevel() on ptolemy.moml.MoMLSimpleApplication@3ac0ed4
----------------- Done invoking toplevel() on ptolemy.moml.MoMLSimpleApplication@3ac0ed4
reloadAllAccessors: .PoissonClock2

===========================================================================================
----------------- testing Tue Oct 22 06:11:11 UTC 2019 /home/travis/build/icyphy/ptII/ptolemy/actor/lib/test/auto/PoissonClock3.xml
----------------- Instantiating /home/travis/build/icyphy/ptII/ptolemy/actor/lib/test/auto/PoissonClock3.xml
1 ms. Memory: 529408K Free: 257501K (49%)
----------------- Invoking toplevel() on ptolemy.moml.MoMLSimpleApplication@25b60380
----------------- Done invoking toplevel() on ptolemy.moml.MoMLSimpleApplication@25b60380
reloadAllAccessors: .PoissonClock3

===========================================================================================
----------------- testing Tue Oct 22 06:11:11 UTC 2019 /home/travis/build/icyphy/ptII/ptolemy/actor/lib/test/auto/PubSubWithInitialTokens.xml
----------------- Instantiating /home/travis/build/icyphy/ptII/ptolemy/actor/lib/test/auto/PubSubWithInitialTokens.xml
2 ms. Memory: 529408K Free: 251871K (48%)
----------------- Invoking toplevel() on ptolemy.moml.MoMLSimpleApplication@750630d0
----------------- Done invoking toplevel() on ptolemy.moml.MoMLSimpleApplication@750630d0
reloadAllAccessors: .PubSubWithInitialTokens

===========================================================================================
----------------- testing Tue Oct 22 06:11:11 UTC 2019 /home/travis/build/icyphy/ptII/ptolemy/actor/lib/test/auto/PubSubWithInitialTokens2.xml
----------------- Instantiating /home/travis/build/icyphy/ptII/ptolemy/actor/lib/test/auto/PubSubWithInitialTokens2.xml
2 ms. Memory: 529408K Free: 245727K (46%)
----------------- Invoking toplevel() on ptolemy.moml.MoMLSimpleApplication@7a20ce46
----------------- Done invoking toplevel() on ptolemy.moml.MoMLSimpleApplication@7a20ce46
reloadAllAccessors: .PubSubWithInitialTokens2

===========================================================================================
----------------- testing Tue Oct 22 06:11:11 UTC 2019 /home/travis/build/icyphy/ptII/ptolemy/actor/lib/test/auto/PublisherClassNoParameter.xml
----------------- Instantiating /home/travis/build/icyphy/ptII/ptolemy/actor/lib/test/auto/PublisherClassNoParameter.xml
2 ms. Memory: 529408K Free: 235991K (45%)
----------------- Invoking toplevel() on ptolemy.moml.MoMLSimpleApplication@5d88ba56
----------------- Done invoking toplevel() on ptolemy.moml.MoMLSimpleApplication@5d88ba56
reloadAllAccessors: .PublisherClassNoParameter

===========================================================================================
----------------- testing Tue Oct 22 06:11:11 UTC 2019 /home/travis/build/icyphy/ptII/ptolemy/actor/lib/test/auto/PublisherClassParameter.xml
----------------- Instantiating /home/travis/build/icyphy/ptII/ptolemy/actor/lib/test/auto/PublisherClassParameter.xml
2 ms. Memory: 529408K Free: 225743K (43%)
----------------- Invoking toplevel() on ptolemy.moml.MoMLSimpleApplication@5854331d
----------------- Done invoking toplevel() on ptolemy.moml.MoMLSimpleApplication@5854331d
reloadAllAccessors: .PublisherClassParameter

===========================================================================================
----------------- testing Tue Oct 22 06:11:11 UTC 2019 /home/travis/build/icyphy/ptII/ptolemy/actor/lib/test/auto/PublisherNonStrictTest.xml
----------------- Instantiating /home/travis/build/icyphy/ptII/ptolemy/actor/lib/test/auto/PublisherNonStrictTest.xml
2 ms. Memory: 529408K Free: 218079K (41%)
----------------- Invoking toplevel() on ptolemy.moml.MoMLSimpleApplication@51f72d0b
----------------- Done invoking toplevel() on ptolemy.moml.MoMLSimpleApplication@51f72d0b
reloadAllAccessors: .PublisherNonStrictTest

===========================================================================================
----------------- testing Tue Oct 22 06:11:11 UTC 2019 /home/travis/build/icyphy/ptII/ptolemy/actor/lib/test/auto/PublisherPort1.xml
----------------- Instantiating /home/travis/build/icyphy/ptII/ptolemy/actor/lib/test/auto/PublisherPort1.xml
2 ms. Memory: 529408K Free: 212415K (40%)
----------------- Invoking toplevel() on ptolemy.moml.MoMLSimpleApplication@7a316572
----------------- Done invoking toplevel() on ptolemy.moml.MoMLSimpleApplication@7a316572
reloadAllAccessors: .PublisherPort1

===========================================================================================
----------------- testing Tue Oct 22 06:11:11 UTC 2019 /home/travis/build/icyphy/ptII/ptolemy/actor/lib/test/auto/PublisherPort2.xml
----------------- Instantiating /home/travis/build/icyphy/ptII/ptolemy/actor/lib/test/auto/PublisherPort2.xml
1 ms. Memory: 529408K Free: 207325K (39%)
----------------- Invoking toplevel() on ptolemy.moml.MoMLSimpleApplication@73a6f9f2
----------------- Done invoking toplevel() on ptolemy.moml.MoMLSimpleApplication@73a6f9f2
reloadAllAccessors: .PublisherPort2

===========================================================================================
----------------- testing Tue Oct 22 06:11:11 UTC 2019 /home/travis/build/icyphy/ptII/ptolemy/actor/lib/test/auto/PublisherPort3.xml
----------------- Instantiating /home/travis/build/icyphy/ptII/ptolemy/actor/lib/test/auto/PublisherPort3.xml
11 ms. Memory: 529408K Free: 200671K (38%)
----------------- Invoking toplevel() on ptolemy.moml.MoMLSimpleApplication@213aabf6
----------------- Done invoking toplevel() on ptolemy.moml.MoMLSimpleApplication@213aabf6
reloadAllAccessors: .PublisherPort3

===========================================================================================
----------------- testing Tue Oct 22 06:11:11 UTC 2019 /home/travis/build/icyphy/ptII/ptolemy/actor/lib/test/auto/PublisherPort4.xml
----------------- Instantiating /home/travis/build/icyphy/ptII/ptolemy/actor/lib/test/auto/PublisherPort4.xml
2 ms. Memory: 529408K Free: 195023K (37%)
----------------- Invoking toplevel() on ptolemy.moml.MoMLSimpleApplication@34d5b232
----------------- Done invoking toplevel() on ptolemy.moml.MoMLSimpleApplication@34d5b232
reloadAllAccessors: .PublisherPort4

===========================================================================================
----------------- testing Tue Oct 22 06:11:11 UTC 2019 /home/travis/build/icyphy/ptII/ptolemy/actor/lib/test/auto/PublisherPort5.xml
----------------- Instantiating /home/travis/build/icyphy/ptII/ptolemy/actor/lib/test/auto/PublisherPort5.xml
3 ms. Memory: 529408K Free: 186845K (35%)
----------------- Invoking toplevel() on ptolemy.moml.MoMLSimpleApplication@206a1e93
----------------- Done invoking toplevel() on ptolemy.moml.MoMLSimpleApplication@206a1e93
reloadAllAccessors: .PublisherPort5

===========================================================================================
----------------- testing Tue Oct 22 06:11:11 UTC 2019 /home/travis/build/icyphy/ptII/ptolemy/actor/lib/test/auto/PublisherPort5LookAlike.xml
----------------- Instantiating /home/travis/build/icyphy/ptII/ptolemy/actor/lib/test/auto/PublisherPort5LookAlike.xml
7 ms. Memory: 529408K Free: 179167K (34%)
----------------- Invoking toplevel() on ptolemy.moml.MoMLSimpleApplication@25f9201a
----------------- Done invoking toplevel() on ptolemy.moml.MoMLSimpleApplication@25f9201a
reloadAllAccessors: .PublisherPort5LookAlike

===========================================================================================
----------------- testing Tue Oct 22 06:11:11 UTC 2019 /home/travis/build/icyphy/ptII/ptolemy/actor/lib/test/auto/PublisherPort6.xml
----------------- Instantiating /home/travis/build/icyphy/ptII/ptolemy/actor/lib/test/auto/PublisherPort6.xml
1 ms. Memory: 529408K Free: 172509K (33%)
----------------- Invoking toplevel() on ptolemy.moml.MoMLSimpleApplication@6366d50b
----------------- Done invoking toplevel() on ptolemy.moml.MoMLSimpleApplication@6366d50b
reloadAllAccessors: .PublisherPort6

===========================================================================================
----------------- testing Tue Oct 22 06:11:11 UTC 2019 /home/travis/build/icyphy/ptII/ptolemy/actor/lib/test/auto/PublisherPort7.xml
----------------- Instantiating /home/travis/build/icyphy/ptII/ptolemy/actor/lib/test/auto/PublisherPort7.xml
3 ms. Memory: 529408K Free: 479070K (90%)
----------------- Invoking toplevel() on ptolemy.moml.MoMLSimpleApplication@6f0b7137
----------------- Done invoking toplevel() on ptolemy.moml.MoMLSimpleApplication@6f0b7137
reloadAllAccessors: .PublisherPort7

===========================================================================================
----------------- testing Tue Oct 22 06:11:11 UTC 2019 /home/travis/build/icyphy/ptII/ptolemy/actor/lib/test/auto/PublisherPort8.xml
----------------- Instantiating /home/travis/build/icyphy/ptII/ptolemy/actor/lib/test/auto/PublisherPort8.xml
4 ms. Memory: 529408K Free: 469854K (89%)
----------------- Invoking toplevel() on ptolemy.moml.MoMLSimpleApplication@4bfee388
----------------- Done invoking toplevel() on ptolemy.moml.MoMLSimpleApplication@4bfee388
reloadAllAccessors: .PublisherPort8

===========================================================================================
----------------- testing Tue Oct 22 06:11:11 UTC 2019 /home/travis/build/icyphy/ptII/ptolemy/actor/lib/test/auto/PublisherPortSubscriberChannelVariablesAOC2.xml
----------------- Instantiating /home/travis/build/icyphy/ptII/ptolemy/actor/lib/test/auto/PublisherPortSubscriberChannelVariablesAOC2.xml
3 ms. Memory: 529408K Free: 451932K (85%)
----------------- Invoking toplevel() on ptolemy.moml.MoMLSimpleApplication@328f810e
----------------- Done invoking toplevel() on ptolemy.moml.MoMLSimpleApplication@328f810e
reloadAllAccessors: .PublisherPortSubscriberChannelVariablesAOC2

===========================================================================================
----------------- testing Tue Oct 22 06:11:11 UTC 2019 /home/travis/build/icyphy/ptII/ptolemy/actor/lib/test/auto/PublisherPortSubscriberOpaqueWidthInference.xml
----------------- Instantiating /home/travis/build/icyphy/ptII/ptolemy/actor/lib/test/auto/PublisherPortSubscriberOpaqueWidthInference.xml
3 ms. Memory: 529408K Free: 443726K (84%)
----------------- Invoking toplevel() on ptolemy.moml.MoMLSimpleApplication@332f9192
----------------- Done invoking toplevel() on ptolemy.moml.MoMLSimpleApplication@332f9192
reloadAllAccessors: .PublisherPortSubscriberOpaqueWidthInference

===========================================================================================
----------------- testing Tue Oct 22 06:11:11 UTC 2019 /home/travis/build/icyphy/ptII/ptolemy/actor/lib/test/auto/PublisherPortSubscriberPortAdjacent.xml
----------------- Instantiating /home/travis/build/icyphy/ptII/ptolemy/actor/lib/test/auto/PublisherPortSubscriberPortAdjacent.xml
1 ms. Memory: 529408K Free: 435548K (82%)
----------------- Invoking toplevel() on ptolemy.moml.MoMLSimpleApplication@4cf75348
----------------- Done invoking toplevel() on ptolemy.moml.MoMLSimpleApplication@4cf75348
reloadAllAccessors: .PublisherPortSubscriberPortAdjacent

===========================================================================================
----------------- testing Tue Oct 22 06:11:11 UTC 2019 /home/travis/build/icyphy/ptII/ptolemy/actor/lib/test/auto/PublisherPortSubscriberPortExpression.xml
----------------- Instantiating /home/travis/build/icyphy/ptII/ptolemy/actor/lib/test/auto/PublisherPortSubscriberPortExpression.xml
11 ms. Memory: 529408K Free: 427870K (81%)
----------------- Invoking toplevel() on ptolemy.moml.MoMLSimpleApplication@5a00ee66
----------------- Done invoking toplevel() on ptolemy.moml.MoMLSimpleApplication@5a00ee66
reloadAllAccessors: .PublisherPortSubscriberPortExpression

===========================================================================================
----------------- testing Tue Oct 22 06:11:11 UTC 2019 /home/travis/build/icyphy/ptII/ptolemy/actor/lib/test/auto/PublisherPortSubscriberPortOpaqueD3Reverse.xml
----------------- Instantiating /home/travis/build/icyphy/ptII/ptolemy/actor/lib/test/auto/PublisherPortSubscriberPortOpaqueD3Reverse.xml
5 ms. Memory: 529408K Free: 417630K (79%)
----------------- Invoking toplevel() on ptolemy.moml.MoMLSimpleApplication@77fc4287
----------------- Done invoking toplevel() on ptolemy.moml.MoMLSimpleApplication@77fc4287
reloadAllAccessors: .PublisherPortSubscriberPortOpaqueD3Reverse

===========================================================================================
----------------- testing Tue Oct 22 06:11:11 UTC 2019 /home/travis/build/icyphy/ptII/ptolemy/actor/lib/test/auto/PublisherPortSubscriberPortOpaqueWidthInference.xml
----------------- Instantiating /home/travis/build/icyphy/ptII/ptolemy/actor/lib/test/auto/PublisherPortSubscriberPortOpaqueWidthInference.xml
5 ms. Memory: 529408K Free: 409934K (77%)
----------------- Invoking toplevel() on ptolemy.moml.MoMLSimpleApplication@1404730
----------------- Done invoking toplevel() on ptolemy.moml.MoMLSimpleApplication@1404730
reloadAllAccessors: .PublisherPortSubscriberPortOpaqueWidthInference

===========================================================================================
----------------- testing Tue Oct 22 06:11:11 UTC 2019 /home/travis/build/icyphy/ptII/ptolemy/actor/lib/test/auto/PublisherPortToplevelSubscriberPortAOC.xml
----------------- Instantiating /home/travis/build/icyphy/ptII/ptolemy/actor/lib/test/auto/PublisherPortToplevelSubscriberPortAOC.xml
.PublisherPortToplevelSubscriberPortAOC.TestExceptionAttribute: initialize() was not invoked, but wrapup() was.  This is unusual, but not always a problem.  For example, exporting JNLP will do this.
1 ms. Memory: 529408K Free: 404318K (76%)
----------------- Invoking toplevel() on ptolemy.moml.MoMLSimpleApplication@26108c74
----------------- Done invoking toplevel() on ptolemy.moml.MoMLSimpleApplication@26108c74
reloadAllAccessors: .PublisherPortToplevelSubscriberPortAOC

===========================================================================================
----------------- testing Tue Oct 22 06:11:11 UTC 2019 /home/travis/build/icyphy/ptII/ptolemy/actor/lib/test/auto/PublisherSubscriber.xml
----------------- Instantiating /home/travis/build/icyphy/ptII/ptolemy/actor/lib/test/auto/PublisherSubscriber.xml
2 ms. Memory: 529408K Free: 396606K (75%)
----------------- Invoking toplevel() on ptolemy.moml.MoMLSimpleApplication@6608f95c
----------------- Done invoking toplevel() on ptolemy.moml.MoMLSimpleApplication@6608f95c
reloadAllAccessors: .PublisherSubscriber

===========================================================================================
----------------- testing Tue Oct 22 06:11:11 UTC 2019 /home/travis/build/icyphy/ptII/ptolemy/actor/lib/test/auto/PublisherSubscriber10.xml
----------------- Instantiating /home/travis/build/icyphy/ptII/ptolemy/actor/lib/test/auto/PublisherSubscriber10.xml
5 ms. Memory: 529408K Free: 386910K (73%)
----------------- Invoking toplevel() on ptolemy.moml.MoMLSimpleApplication@5704369a
----------------- Done invoking toplevel() on ptolemy.moml.MoMLSimpleApplication@5704369a
reloadAllAccessors: .PublisherSubscriber10

===========================================================================================
----------------- testing Tue Oct 22 06:11:11 UTC 2019 /home/travis/build/icyphy/ptII/ptolemy/actor/lib/test/auto/PublisherSubscriber10InitialOutputs.xml
----------------- Instantiating /home/travis/build/icyphy/ptII/ptolemy/actor/lib/test/auto/PublisherSubscriber10InitialOutputs.xml
13 ms. Memory: 529408K Free: 377694K (71%)
----------------- Invoking toplevel() on ptolemy.moml.MoMLSimpleApplication@71290ad5
----------------- Done invoking toplevel() on ptolemy.moml.MoMLSimpleApplication@71290ad5
reloadAllAccessors: .PublisherSubscriber10InitialOutputs

===========================================================================================
----------------- testing Tue Oct 22 06:11:11 UTC 2019 /home/travis/build/icyphy/ptII/ptolemy/actor/lib/test/auto/PublisherSubscriber11.xml
----------------- Instantiating /home/travis/build/icyphy/ptII/ptolemy/actor/lib/test/auto/PublisherSubscriber11.xml
2 ms. Memory: 529408K Free: 371550K (70%)
----------------- Invoking toplevel() on ptolemy.moml.MoMLSimpleApplication@5e47c8e3
----------------- Done invoking toplevel() on ptolemy.moml.MoMLSimpleApplication@5e47c8e3
reloadAllAccessors: .PublisherSubscriber11

===========================================================================================
----------------- testing Tue Oct 22 06:11:11 UTC 2019 /home/travis/build/icyphy/ptII/ptolemy/actor/lib/test/auto/PublisherSubscriber12.xml
----------------- Instantiating /home/travis/build/icyphy/ptII/ptolemy/actor/lib/test/auto/PublisherSubscriber12.xml
4 ms. Memory: 529408K Free: 364382K (69%)
----------------- Invoking toplevel() on ptolemy.moml.MoMLSimpleApplication@4f358d83
----------------- Done invoking toplevel() on ptolemy.moml.MoMLSimpleApplication@4f358d83
reloadAllAccessors: .PublisherSubscriber12

===========================================================================================
----------------- testing Tue Oct 22 06:11:11 UTC 2019 /home/travis/build/icyphy/ptII/ptolemy/actor/lib/test/auto/PublisherSubscriber13.xml
----------------- Instantiating /home/travis/build/icyphy/ptII/ptolemy/actor/lib/test/auto/PublisherSubscriber13.xml
2 ms. Memory: 529408K Free: 358718K (68%)
----------------- Invoking toplevel() on ptolemy.moml.MoMLSimpleApplication@63308721
----------------- Done invoking toplevel() on ptolemy.moml.MoMLSimpleApplication@63308721
reloadAllAccessors: .PublisherSubscriber13

===========================================================================================
----------------- testing Tue Oct 22 06:11:11 UTC 2019 /home/travis/build/icyphy/ptII/ptolemy/actor/lib/test/auto/PublisherSubscriber14.xml
----------------- Instantiating /home/travis/build/icyphy/ptII/ptolemy/actor/lib/test/auto/PublisherSubscriber14.xml
2 ms. Memory: 529408K Free: 350046K (66%)
----------------- Invoking toplevel() on ptolemy.moml.MoMLSimpleApplication@329114a9
----------------- Done invoking toplevel() on ptolemy.moml.MoMLSimpleApplication@329114a9
reloadAllAccessors: .PublisherSubscriber14

===========================================================================================
----------------- testing Tue Oct 22 06:11:11 UTC 2019 /home/travis/build/icyphy/ptII/ptolemy/actor/lib/test/auto/PublisherSubscriber2.xml
----------------- Instantiating /home/travis/build/icyphy/ptII/ptolemy/actor/lib/test/auto/PublisherSubscriber2.xml
2 ms. Memory: 529408K Free: 343902K (65%)
----------------- Invoking toplevel() on ptolemy.moml.MoMLSimpleApplication@66bbe206
----------------- Done invoking toplevel() on ptolemy.moml.MoMLSimpleApplication@66bbe206
reloadAllAccessors: .PublisherSubscriber2

===========================================================================================
----------------- testing Tue Oct 22 06:11:11 UTC 2019 /home/travis/build/icyphy/ptII/ptolemy/actor/lib/test/auto/PublisherSubscriber3.xml
----------------- Instantiating /home/travis/build/icyphy/ptII/ptolemy/actor/lib/test/auto/PublisherSubscriber3.xml
2 ms. Memory: 529408K Free: 338238K (64%)
----------------- Invoking toplevel() on ptolemy.moml.MoMLSimpleApplication@1a27449d
----------------- Done invoking toplevel() on ptolemy.moml.MoMLSimpleApplication@1a27449d
reloadAllAccessors: .PublisherSubscriber3

===========================================================================================
----------------- testing Tue Oct 22 06:11:12 UTC 2019 /home/travis/build/icyphy/ptII/ptolemy/actor/lib/test/auto/PublisherSubscriber4.xml
----------------- Instantiating /home/travis/build/icyphy/ptII/ptolemy/actor/lib/test/auto/PublisherSubscriber4.xml
2 ms. Memory: 529408K Free: 333118K (63%)
----------------- Invoking toplevel() on ptolemy.moml.MoMLSimpleApplication@2e99cd3e
----------------- Done invoking toplevel() on ptolemy.moml.MoMLSimpleApplication@2e99cd3e
reloadAllAccessors: .PublisherSubscriber4

===========================================================================================
----------------- testing Tue Oct 22 06:11:12 UTC 2019 /home/travis/build/icyphy/ptII/ptolemy/actor/lib/test/auto/PublisherSubscriber5.xml
----------------- Instantiating /home/travis/build/icyphy/ptII/ptolemy/actor/lib/test/auto/PublisherSubscriber5.xml
2 ms. Memory: 529408K Free: 326494K (62%)
----------------- Invoking toplevel() on ptolemy.moml.MoMLSimpleApplication@5f98d966
----------------- Done invoking toplevel() on ptolemy.moml.MoMLSimpleApplication@5f98d966
reloadAllAccessors: .PublisherSubscriber5

===========================================================================================
----------------- testing Tue Oct 22 06:11:12 UTC 2019 /home/travis/build/icyphy/ptII/ptolemy/actor/lib/test/auto/PublisherSubscriber6.xml
----------------- Instantiating /home/travis/build/icyphy/ptII/ptolemy/actor/lib/test/auto/PublisherSubscriber6.xml
3 ms. Memory: 529408K Free: 319836K (60%)
----------------- Invoking toplevel() on ptolemy.moml.MoMLSimpleApplication@17fafe65
----------------- Done invoking toplevel() on ptolemy.moml.MoMLSimpleApplication@17fafe65
reloadAllAccessors: .PublisherSubscriber6

===========================================================================================
----------------- testing Tue Oct 22 06:11:12 UTC 2019 /home/travis/build/icyphy/ptII/ptolemy/actor/lib/test/auto/PublisherSubscriber7.xml
----------------- Instantiating /home/travis/build/icyphy/ptII/ptolemy/actor/lib/test/auto/PublisherSubscriber7.xml
7 ms. Memory: 529408K Free: 313182K (59%)
----------------- Invoking toplevel() on ptolemy.moml.MoMLSimpleApplication@5f1950e4
----------------- Done invoking toplevel() on ptolemy.moml.MoMLSimpleApplication@5f1950e4
reloadAllAccessors: .PublisherSubscriber7

===========================================================================================
----------------- testing Tue Oct 22 06:11:12 UTC 2019 /home/travis/build/icyphy/ptII/ptolemy/actor/lib/test/auto/PublisherSubscriber8.xml
----------------- Instantiating /home/travis/build/icyphy/ptII/ptolemy/actor/lib/test/auto/PublisherSubscriber8.xml
17 ms. Memory: 529408K Free: 300380K (57%)
----------------- Invoking toplevel() on ptolemy.moml.MoMLSimpleApplication@3efcf4aa
----------------- Done invoking toplevel() on ptolemy.moml.MoMLSimpleApplication@3efcf4aa
reloadAllAccessors: .PublisherSubscriber8

===========================================================================================
----------------- testing Tue Oct 22 06:11:12 UTC 2019 /home/travis/build/icyphy/ptII/ptolemy/actor/lib/test/auto/PublisherSubscriber9.xml
----------------- Instantiating /home/travis/build/icyphy/ptII/ptolemy/actor/lib/test/auto/PublisherSubscriber9.xml
3 ms. Memory: 529408K Free: 293198K (55%)
----------------- Invoking toplevel() on ptolemy.moml.MoMLSimpleApplication@3534e1e8
----------------- Done invoking toplevel() on ptolemy.moml.MoMLSimpleApplication@3534e1e8
reloadAllAccessors: .PublisherSubscriber9

===========================================================================================
----------------- testing Tue Oct 22 06:11:12 UTC 2019 /home/travis/build/icyphy/ptII/ptolemy/actor/lib/test/auto/PublisherSubscriberAdjacent.xml
----------------- Instantiating /home/travis/build/icyphy/ptII/ptolemy/actor/lib/test/auto/PublisherSubscriberAdjacent.xml
2 ms. Memory: 529408K Free: 285020K (54%)
----------------- Invoking toplevel() on ptolemy.moml.MoMLSimpleApplication@7c7cebb6
----------------- Done invoking toplevel() on ptolemy.moml.MoMLSimpleApplication@7c7cebb6
reloadAllAccessors: .PublisherSubscriberAdjacent

===========================================================================================
----------------- testing Tue Oct 22 06:11:12 UTC 2019 /home/travis/build/icyphy/ptII/ptolemy/actor/lib/test/auto/PublisherSubscriberChannelVariablesAOC2.xml
----------------- Instantiating /home/travis/build/icyphy/ptII/ptolemy/actor/lib/test/auto/PublisherSubscriberChannelVariablesAOC2.xml
3 ms. Memory: 529408K Free: 270174K (51%)
----------------- Invoking toplevel() on ptolemy.moml.MoMLSimpleApplication@21e1bc06
----------------- Done invoking toplevel() on ptolemy.moml.MoMLSimpleApplication@21e1bc06
reloadAllAccessors: .PublisherSubscriberChannelVariablesAOC2

===========================================================================================
----------------- testing Tue Oct 22 06:11:12 UTC 2019 /home/travis/build/icyphy/ptII/ptolemy/actor/lib/test/auto/PublisherSubscriberD3.xml
----------------- Instantiating /home/travis/build/icyphy/ptII/ptolemy/actor/lib/test/auto/PublisherSubscriberD3.xml
2 ms. Memory: 529408K Free: 263006K (50%)
----------------- Invoking toplevel() on ptolemy.moml.MoMLSimpleApplication@72112d34
----------------- Done invoking toplevel() on ptolemy.moml.MoMLSimpleApplication@72112d34
reloadAllAccessors: .PublisherSubscriberD3

===========================================================================================
----------------- testing Tue Oct 22 06:11:12 UTC 2019 /home/travis/build/icyphy/ptII/ptolemy/actor/lib/test/auto/PublisherSubscriberD3Reverse.xml
----------------- Instantiating /home/travis/build/icyphy/ptII/ptolemy/actor/lib/test/auto/PublisherSubscriberD3Reverse.xml
2 ms. Memory: 529408K Free: 256862K (49%)
----------------- Invoking toplevel() on ptolemy.moml.MoMLSimpleApplication@723d9b55
----------------- Done invoking toplevel() on ptolemy.moml.MoMLSimpleApplication@723d9b55
reloadAllAccessors: .PublisherSubscriberD3Reverse

===========================================================================================
----------------- testing Tue Oct 22 06:11:12 UTC 2019 /home/travis/build/icyphy/ptII/ptolemy/actor/lib/test/auto/PublisherSubscriberExpression.xml
----------------- Instantiating /home/travis/build/icyphy/ptII/ptolemy/actor/lib/test/auto/PublisherSubscriberExpression.xml
4 ms. Memory: 529408K Free: 248142K (47%)
----------------- Invoking toplevel() on ptolemy.moml.MoMLSimpleApplication@37c9c44f
----------------- Done invoking toplevel() on ptolemy.moml.MoMLSimpleApplication@37c9c44f
reloadAllAccessors: .PublisherSubscriberExpression

===========================================================================================
----------------- testing Tue Oct 22 06:11:12 UTC 2019 /home/travis/build/icyphy/ptII/ptolemy/actor/lib/test/auto/PublisherSubscriberOpaque.xml
----------------- Instantiating /home/travis/build/icyphy/ptII/ptolemy/actor/lib/test/auto/PublisherSubscriberOpaque.xml
4 ms. Memory: 529408K Free: 239964K (45%)
----------------- Invoking toplevel() on ptolemy.moml.MoMLSimpleApplication@7b7123b7
----------------- Done invoking toplevel() on ptolemy.moml.MoMLSimpleApplication@7b7123b7
reloadAllAccessors: .PublisherSubscriberOpaque

===========================================================================================
----------------- testing Tue Oct 22 06:11:12 UTC 2019 /home/travis/build/icyphy/ptII/ptolemy/actor/lib/test/auto/PublisherSubscriberOpaqueD3.xml
----------------- Instantiating /home/travis/build/icyphy/ptII/ptolemy/actor/lib/test/auto/PublisherSubscriberOpaqueD3.xml
5 ms. Memory: 529408K Free: 228700K (43%)
----------------- Invoking toplevel() on ptolemy.moml.MoMLSimpleApplication@35dd32e2
----------------- Done invoking toplevel() on ptolemy.moml.MoMLSimpleApplication@35dd32e2
reloadAllAccessors: .PublisherSubscriberOpaqueD3

===========================================================================================
----------------- testing Tue Oct 22 06:11:12 UTC 2019 /home/travis/build/icyphy/ptII/ptolemy/actor/lib/test/auto/PublisherSubscriberOpaqueD3Reverse.xml
----------------- Instantiating /home/travis/build/icyphy/ptII/ptolemy/actor/lib/test/auto/PublisherSubscriberOpaqueD3Reverse.xml
8 ms. Memory: 529408K Free: 217950K (41%)
----------------- Invoking toplevel() on ptolemy.moml.MoMLSimpleApplication@3a632568
----------------- Done invoking toplevel() on ptolemy.moml.MoMLSimpleApplication@3a632568
reloadAllAccessors: .PublisherSubscriberOpaqueD3Reverse

===========================================================================================
----------------- testing Tue Oct 22 06:11:12 UTC 2019 /home/travis/build/icyphy/ptII/ptolemy/actor/lib/test/auto/PublisherSubscriberOpaqueWidthInference.xml
----------------- Instantiating /home/travis/build/icyphy/ptII/ptolemy/actor/lib/test/auto/PublisherSubscriberOpaqueWidthInference.xml
3 ms. Memory: 529408K Free: 209758K (40%)
----------------- Invoking toplevel() on ptolemy.moml.MoMLSimpleApplication@67d10a6e
----------------- Done invoking toplevel() on ptolemy.moml.MoMLSimpleApplication@67d10a6e
reloadAllAccessors: .PublisherSubscriberOpaqueWidthInference

===========================================================================================
----------------- testing Tue Oct 22 06:11:12 UTC 2019 /home/travis/build/icyphy/ptII/ptolemy/actor/lib/test/auto/PublisherTestSubscriber.xml
----------------- Instantiating /home/travis/build/icyphy/ptII/ptolemy/actor/lib/test/auto/PublisherTestSubscriber.xml
2 ms. Memory: 529408K Free: 201566K (38%)
----------------- Invoking toplevel() on ptolemy.moml.MoMLSimpleApplication@2eff447e
----------------- Done invoking toplevel() on ptolemy.moml.MoMLSimpleApplication@2eff447e
reloadAllAccessors: .PublisherTestSubscriber

===========================================================================================
----------------- testing Tue Oct 22 06:11:12 UTC 2019 /home/travis/build/icyphy/ptII/ptolemy/actor/lib/test/auto/PublisherToplevelSubscriberPortAOC.xml
----------------- Instantiating /home/travis/build/icyphy/ptII/ptolemy/actor/lib/test/auto/PublisherToplevelSubscriberPortAOC.xml
1 ms. Memory: 529408K Free: 194878K (37%)
----------------- Invoking toplevel() on ptolemy.moml.MoMLSimpleApplication@761f6a90
----------------- Done invoking toplevel() on ptolemy.moml.MoMLSimpleApplication@761f6a90
reloadAllAccessors: .PublisherToplevelSubscriberPortAOC

===========================================================================================
----------------- testing Tue Oct 22 06:11:12 UTC 2019 /home/travis/build/icyphy/ptII/ptolemy/actor/lib/test/auto/PulseFiringLimitDE.xml
----------------- Instantiating /home/travis/build/icyphy/ptII/ptolemy/actor/lib/test/auto/PulseFiringLimitDE.xml
2 ms. Memory: 529408K Free: 188254K (36%)
----------------- Invoking toplevel() on ptolemy.moml.MoMLSimpleApplication@438df667
----------------- Done invoking toplevel() on ptolemy.moml.MoMLSimpleApplication@438df667
reloadAllAccessors: .PulseFiringLimitDE

===========================================================================================
----------------- testing Tue Oct 22 06:11:12 UTC 2019 /home/travis/build/icyphy/ptII/ptolemy/actor/lib/test/auto/Ramp1.xml
----------------- Instantiating /home/travis/build/icyphy/ptII/ptolemy/actor/lib/test/auto/Ramp1.xml
1 ms. Memory: 529408K Free: 183630K (35%)
----------------- Invoking toplevel() on ptolemy.moml.MoMLSimpleApplication@3e64004b
----------------- Done invoking toplevel() on ptolemy.moml.MoMLSimpleApplication@3e64004b
reloadAllAccessors: .Ramp1

===========================================================================================
----------------- testing Tue Oct 22 06:11:12 UTC 2019 /home/travis/build/icyphy/ptII/ptolemy/actor/lib/test/auto/RampFiringLimitDE.xml
----------------- Instantiating /home/travis/build/icyphy/ptII/ptolemy/actor/lib/test/auto/RampFiringLimitDE.xml
3 ms. Memory: 529408K Free: 177486K (34%)
----------------- Invoking toplevel() on ptolemy.moml.MoMLSimpleApplication@229b8cad
----------------- Done invoking toplevel() on ptolemy.moml.MoMLSimpleApplication@229b8cad
reloadAllAccessors: .RampFiringLimitDE

===========================================================================================
----------------- testing Tue Oct 22 06:11:12 UTC 2019 /home/travis/build/icyphy/ptII/ptolemy/actor/lib/test/auto/RampFiringLimitSDF.xml
----------------- Instantiating /home/travis/build/icyphy/ptII/ptolemy/actor/lib/test/auto/RampFiringLimitSDF.xml
1 ms. Memory: 529408K Free: 171870K (32%)
----------------- Invoking toplevel() on ptolemy.moml.MoMLSimpleApplication@7262da0b
----------------- Done invoking toplevel() on ptolemy.moml.MoMLSimpleApplication@7262da0b
reloadAllAccessors: .RampFiringLimitSDF

===========================================================================================
----------------- testing Tue Oct 22 06:11:12 UTC 2019 /home/travis/build/icyphy/ptII/ptolemy/actor/lib/test/auto/RandomInteger.xml
----------------- Instantiating /home/travis/build/icyphy/ptII/ptolemy/actor/lib/test/auto/RandomInteger.xml
1 ms. Memory: 529408K Free: 167774K (32%)
----------------- Invoking toplevel() on ptolemy.moml.MoMLSimpleApplication@1ea3da19
----------------- Done invoking toplevel() on ptolemy.moml.MoMLSimpleApplication@1ea3da19
reloadAllAccessors: .RandomInteger

===========================================================================================
----------------- testing Tue Oct 22 06:11:12 UTC 2019 /home/travis/build/icyphy/ptII/ptolemy/actor/lib/test/auto/ReadFile1.xml
----------------- Instantiating /home/travis/build/icyphy/ptII/ptolemy/actor/lib/test/auto/ReadFile1.xml
1 ms. Memory: 529408K Free: 477691K (90%)
----------------- Invoking toplevel() on ptolemy.moml.MoMLSimpleApplication@153f3406
----------------- Done invoking toplevel() on ptolemy.moml.MoMLSimpleApplication@153f3406
reloadAllAccessors: .ReadFile1

===========================================================================================
----------------- testing Tue Oct 22 06:11:12 UTC 2019 /home/travis/build/icyphy/ptII/ptolemy/actor/lib/test/auto/ReadFile2.xml
----------------- Instantiating /home/travis/build/icyphy/ptII/ptolemy/actor/lib/test/auto/ReadFile2.xml
1 ms. Memory: 529408K Free: 473595K (89%)
----------------- Invoking toplevel() on ptolemy.moml.MoMLSimpleApplication@374e66ab
----------------- Done invoking toplevel() on ptolemy.moml.MoMLSimpleApplication@374e66ab
reloadAllAccessors: .ReadFile2

===========================================================================================
----------------- testing Tue Oct 22 06:11:12 UTC 2019 /home/travis/build/icyphy/ptII/ptolemy/actor/lib/test/auto/Reader.xml
----------------- Instantiating /home/travis/build/icyphy/ptII/ptolemy/actor/lib/test/auto/Reader.xml
actor.lib.Reader is obsolete, use actor.lib.io.ExpressionReader instead
4 ms. Memory: 529408K Free: 468989K (89%)
----------------- Invoking toplevel() on ptolemy.moml.MoMLSimpleApplication@7f603b77
----------------- Done invoking toplevel() on ptolemy.moml.MoMLSimpleApplication@7f603b77
reloadAllAccessors: .Reader

===========================================================================================
----------------- testing Tue Oct 22 06:11:12 UTC 2019 /home/travis/build/icyphy/ptII/ptolemy/actor/lib/test/auto/RecordAssemblerDisplayNameTest.xml
----------------- Instantiating /home/travis/build/icyphy/ptII/ptolemy/actor/lib/test/auto/RecordAssemblerDisplayNameTest.xml
3579 ms. Memory: 529408K Free: 176151K (33%)
----------------- Invoking toplevel() on ptolemy.moml.MoMLSimpleApplication@1bb24344
----------------- Done invoking toplevel() on ptolemy.moml.MoMLSimpleApplication@1bb24344
reloadAllAccessors: .RecordAssemblerDisplayNameTest

===========================================================================================
----------------- testing Tue Oct 22 06:11:16 UTC 2019 /home/travis/build/icyphy/ptII/ptolemy/actor/lib/test/auto/RecordAssemblerTypeError.xml
----------------- Instantiating /home/travis/build/icyphy/ptII/ptolemy/actor/lib/test/auto/RecordAssemblerTypeError.xml
31 ms. Memory: 529408K Free: 480266K (91%)
----------------- Invoking toplevel() on ptolemy.moml.MoMLSimpleApplication@53daa0ac
----------------- Done invoking toplevel() on ptolemy.moml.MoMLSimpleApplication@53daa0ac
reloadAllAccessors: .RecordAssemblerTypeError

===========================================================================================
----------------- testing Tue Oct 22 06:11:16 UTC 2019 /home/travis/build/icyphy/ptII/ptolemy/actor/lib/test/auto/RecordDisassember.xml
----------------- Instantiating /home/travis/build/icyphy/ptII/ptolemy/actor/lib/test/auto/RecordDisassember.xml
3 ms. Memory: 529408K Free: 475126K (90%)
----------------- Invoking toplevel() on ptolemy.moml.MoMLSimpleApplication@b07df2e
----------------- Done invoking toplevel() on ptolemy.moml.MoMLSimpleApplication@b07df2e
reloadAllAccessors: .RecordDisassember

===========================================================================================
----------------- testing Tue Oct 22 06:11:16 UTC 2019 /home/travis/build/icyphy/ptII/ptolemy/actor/lib/test/auto/RecordDisassemberDisplayNameTest.xml
----------------- Instantiating /home/travis/build/icyphy/ptII/ptolemy/actor/lib/test/auto/RecordDisassemberDisplayNameTest.xml
17 ms. Memory: 529408K Free: 466454K (88%)
----------------- Invoking toplevel() on ptolemy.moml.MoMLSimpleApplication@46c3799
----------------- Done invoking toplevel() on ptolemy.moml.MoMLSimpleApplication@46c3799
reloadAllAccessors: .RecordDisassemberDisplayNameTest

===========================================================================================
----------------- testing Tue Oct 22 06:11:16 UTC 2019 /home/travis/build/icyphy/ptII/ptolemy/actor/lib/test/auto/RecordDisassembler.xml
----------------- Instantiating /home/travis/build/icyphy/ptII/ptolemy/actor/lib/test/auto/RecordDisassembler.xml
3 ms. Memory: 529408K Free: 461334K (87%)
----------------- Invoking toplevel() on ptolemy.moml.MoMLSimpleApplication@debe225
----------------- Done invoking toplevel() on ptolemy.moml.MoMLSimpleApplication@debe225
reloadAllAccessors: .RecordDisassembler

===========================================================================================
----------------- testing Tue Oct 22 06:11:16 UTC 2019 /home/travis/build/icyphy/ptII/ptolemy/actor/lib/test/auto/RecordDisassembler2.xml
----------------- Instantiating /home/travis/build/icyphy/ptII/ptolemy/actor/lib/test/auto/RecordDisassembler2.xml
6 ms. Memory: 529408K Free: 456214K (86%)
----------------- Invoking toplevel() on ptolemy.moml.MoMLSimpleApplication@712c16f4
----------------- Done invoking toplevel() on ptolemy.moml.MoMLSimpleApplication@712c16f4
reloadAllAccessors: .RecordDisassembler2

===========================================================================================
----------------- testing Tue Oct 22 06:11:16 UTC 2019 /home/travis/build/icyphy/ptII/ptolemy/actor/lib/test/auto/RecordUpdater.xml
----------------- Instantiating /home/travis/build/icyphy/ptII/ptolemy/actor/lib/test/auto/RecordUpdater.xml
2 ms. Memory: 529408K Free: 451604K (85%)
----------------- Invoking toplevel() on ptolemy.moml.MoMLSimpleApplication@73d64bb1
----------------- Done invoking toplevel() on ptolemy.moml.MoMLSimpleApplication@73d64bb1
reloadAllAccessors: .RecordUpdater

===========================================================================================
----------------- testing Tue Oct 22 06:11:16 UTC 2019 /home/travis/build/icyphy/ptII/ptolemy/actor/lib/test/auto/RecordUpdater2.xml
----------------- Instantiating /home/travis/build/icyphy/ptII/ptolemy/actor/lib/test/auto/RecordUpdater2.xml
2 ms. Memory: 529408K Free: 446484K (84%)
----------------- Invoking toplevel() on ptolemy.moml.MoMLSimpleApplication@4e214235
----------------- Done invoking toplevel() on ptolemy.moml.MoMLSimpleApplication@4e214235
reloadAllAccessors: .RecordUpdater2

===========================================================================================
----------------- testing Tue Oct 22 06:11:16 UTC 2019 /home/travis/build/icyphy/ptII/ptolemy/actor/lib/test/auto/RecursiveLattice.xml
----------------- Instantiating /home/travis/build/icyphy/ptII/ptolemy/actor/lib/test/auto/RecursiveLattice.xml
1 ms. Memory: 529408K Free: 442388K (84%)
----------------- Invoking toplevel() on ptolemy.moml.MoMLSimpleApplication@6f1e0b94
----------------- Done invoking toplevel() on ptolemy.moml.MoMLSimpleApplication@6f1e0b94
reloadAllAccessors: .RecursiveLattice

===========================================================================================
----------------- testing Tue Oct 22 06:11:16 UTC 2019 /home/travis/build/icyphy/ptII/ptolemy/actor/lib/test/auto/Router.xml
----------------- Instantiating /home/travis/build/icyphy/ptII/ptolemy/actor/lib/test/auto/Router.xml
3005 ms. Memory: 529408K Free: 431124K (81%)
----------------- Invoking toplevel() on ptolemy.moml.MoMLSimpleApplication@1168b988
----------------- Done invoking toplevel() on ptolemy.moml.MoMLSimpleApplication@1168b988
reloadAllAccessors: .Router

===========================================================================================
----------------- testing Tue Oct 22 06:11:19 UTC 2019 /home/travis/build/icyphy/ptII/ptolemy/actor/lib/test/auto/Router2.xml
----------------- Instantiating /home/travis/build/icyphy/ptII/ptolemy/actor/lib/test/auto/Router2.xml
3004 ms. Memory: 529408K Free: 420884K (80%)
----------------- Invoking toplevel() on ptolemy.moml.MoMLSimpleApplication@55d5b3d1
----------------- Done invoking toplevel() on ptolemy.moml.MoMLSimpleApplication@55d5b3d1
reloadAllAccessors: .Router2

===========================================================================================
----------------- testing Tue Oct 22 06:11:22 UTC 2019 /home/travis/build/icyphy/ptII/ptolemy/actor/lib/test/auto/RunningMaximum.xml
----------------- Instantiating /home/travis/build/icyphy/ptII/ptolemy/actor/lib/test/auto/RunningMaximum.xml
3 ms. Memory: 529408K Free: 415764K (79%)
----------------- Invoking toplevel() on ptolemy.moml.MoMLSimpleApplication@17635f5e
----------------- Done invoking toplevel() on ptolemy.moml.MoMLSimpleApplication@17635f5e
reloadAllAccessors: .RunningMaximum

===========================================================================================
----------------- testing Tue Oct 22 06:11:22 UTC 2019 /home/travis/build/icyphy/ptII/ptolemy/actor/lib/test/auto/RunningMinimum.xml
----------------- Instantiating /home/travis/build/icyphy/ptII/ptolemy/actor/lib/test/auto/RunningMinimum.xml
9 ms. Memory: 529408K Free: 411158K (78%)
----------------- Invoking toplevel() on ptolemy.moml.MoMLSimpleApplication@2f7ddcc8
----------------- Done invoking toplevel() on ptolemy.moml.MoMLSimpleApplication@2f7ddcc8
reloadAllAccessors: .RunningMinimum

===========================================================================================
----------------- testing Tue Oct 22 06:11:22 UTC 2019 /home/travis/build/icyphy/ptII/ptolemy/actor/lib/test/auto/Scale.xml
----------------- Instantiating /home/travis/build/icyphy/ptII/ptolemy/actor/lib/test/auto/Scale.xml
1 ms. Memory: 529408K Free: 406548K (77%)
----------------- Invoking toplevel() on ptolemy.moml.MoMLSimpleApplication@68e0b0f1
----------------- Done invoking toplevel() on ptolemy.moml.MoMLSimpleApplication@68e0b0f1
reloadAllAccessors: .Scale

===========================================================================================
----------------- testing Tue Oct 22 06:11:22 UTC 2019 /home/travis/build/icyphy/ptII/ptolemy/actor/lib/test/auto/Scale2.xml
----------------- Instantiating /home/travis/build/icyphy/ptII/ptolemy/actor/lib/test/auto/Scale2.xml
2 ms. Memory: 529408K Free: 401942K (76%)
----------------- Invoking toplevel() on ptolemy.moml.MoMLSimpleApplication@41041f1e
----------------- Done invoking toplevel() on ptolemy.moml.MoMLSimpleApplication@41041f1e
reloadAllAccessors: .Scale2

===========================================================================================
----------------- testing Tue Oct 22 06:11:22 UTC 2019 /home/travis/build/icyphy/ptII/ptolemy/actor/lib/test/auto/Scale3.xml
----------------- Instantiating /home/travis/build/icyphy/ptII/ptolemy/actor/lib/test/auto/Scale3.xml
8 ms. Memory: 529408K Free: 395284K (75%)
----------------- Invoking toplevel() on ptolemy.moml.MoMLSimpleApplication@1757f9f1
----------------- Done invoking toplevel() on ptolemy.moml.MoMLSimpleApplication@1757f9f1
reloadAllAccessors: .Scale3

===========================================================================================
----------------- testing Tue Oct 22 06:11:22 UTC 2019 /home/travis/build/icyphy/ptII/ptolemy/actor/lib/test/auto/ScaleArray.xml
----------------- Instantiating /home/travis/build/icyphy/ptII/ptolemy/actor/lib/test/auto/ScaleArray.xml
1 ms. Memory: 529408K Free: 390678K (74%)
----------------- Invoking toplevel() on ptolemy.moml.MoMLSimpleApplication@32e8faf
----------------- Done invoking toplevel() on ptolemy.moml.MoMLSimpleApplication@32e8faf
reloadAllAccessors: .ScaleArray

===========================================================================================
----------------- testing Tue Oct 22 06:11:22 UTC 2019 /home/travis/build/icyphy/ptII/ptolemy/actor/lib/test/auto/ScaleArray2.xml
----------------- Instantiating /home/travis/build/icyphy/ptII/ptolemy/actor/lib/test/auto/ScaleArray2.xml
1 ms. Memory: 529408K Free: 386068K (73%)
----------------- Invoking toplevel() on ptolemy.moml.MoMLSimpleApplication@67876891
----------------- Done invoking toplevel() on ptolemy.moml.MoMLSimpleApplication@67876891
reloadAllAccessors: .ScaleArray2

===========================================================================================
----------------- testing Tue Oct 22 06:11:22 UTC 2019 /home/travis/build/icyphy/ptII/ptolemy/actor/lib/test/auto/ScaleMatrix.xml
----------------- Instantiating /home/travis/build/icyphy/ptII/ptolemy/actor/lib/test/auto/ScaleMatrix.xml
236 ms. Memory: 529408K Free: 370708K (70%)
----------------- Invoking toplevel() on ptolemy.moml.MoMLSimpleApplication@33236a25
----------------- Done invoking toplevel() on ptolemy.moml.MoMLSimpleApplication@33236a25
reloadAllAccessors: .ScaleMatrix

===========================================================================================
----------------- testing Tue Oct 22 06:11:22 UTC 2019 /home/travis/build/icyphy/ptII/ptolemy/actor/lib/test/auto/Select.xml
----------------- Instantiating /home/travis/build/icyphy/ptII/ptolemy/actor/lib/test/auto/Select.xml
9 ms. Memory: 529408K Free: 364054K (69%)
----------------- Invoking toplevel() on ptolemy.moml.MoMLSimpleApplication@594c10fc
----------------- Done invoking toplevel() on ptolemy.moml.MoMLSimpleApplication@594c10fc
reloadAllAccessors: .Select

===========================================================================================
----------------- testing Tue Oct 22 06:11:22 UTC 2019 /home/travis/build/icyphy/ptII/ptolemy/actor/lib/test/auto/Select2.xml
----------------- Instantiating /home/travis/build/icyphy/ptII/ptolemy/actor/lib/test/auto/Select2.xml
1 ms. Memory: 529408K Free: 359444K (68%)
----------------- Invoking toplevel() on ptolemy.moml.MoMLSimpleApplication@2f5fc5ee
----------------- Done invoking toplevel() on ptolemy.moml.MoMLSimpleApplication@2f5fc5ee
reloadAllAccessors: .Select2

===========================================================================================
----------------- testing Tue Oct 22 06:11:22 UTC 2019 /home/travis/build/icyphy/ptII/ptolemy/actor/lib/test/auto/SequenceToArray2.xml
----------------- Instantiating /home/travis/build/icyphy/ptII/ptolemy/actor/lib/test/auto/SequenceToArray2.xml
107 ms. Memory: 529408K Free: 335382K (63%)
----------------- Invoking toplevel() on ptolemy.moml.MoMLSimpleApplication@3d5dbb5c
----------------- Done invoking toplevel() on ptolemy.moml.MoMLSimpleApplication@3d5dbb5c
reloadAllAccessors: .SequenceToArray2

===========================================================================================
----------------- testing Tue Oct 22 06:11:22 UTC 2019 /home/travis/build/icyphy/ptII/ptolemy/actor/lib/test/auto/SequentialClock.xml
----------------- Instantiating /home/travis/build/icyphy/ptII/ptolemy/actor/lib/test/auto/SequentialClock.xml
2 ms. Memory: 529408K Free: 331286K (63%)
----------------- Invoking toplevel() on ptolemy.moml.MoMLSimpleApplication@79755ae8
----------------- Done invoking toplevel() on ptolemy.moml.MoMLSimpleApplication@79755ae8
reloadAllAccessors: .SequentialClock

===========================================================================================
----------------- testing Tue Oct 22 06:11:22 UTC 2019 /home/travis/build/icyphy/ptII/ptolemy/actor/lib/test/auto/SetVariable.xml
----------------- Instantiating /home/travis/build/icyphy/ptII/ptolemy/actor/lib/test/auto/SetVariable.xml
5 ms. Memory: 529408K Free: 326166K (62%)
----------------- Invoking toplevel() on ptolemy.moml.MoMLSimpleApplication@f121da0
----------------- Done invoking toplevel() on ptolemy.moml.MoMLSimpleApplication@f121da0
reloadAllAccessors: .SetVariable

===========================================================================================
----------------- testing Tue Oct 22 06:11:22 UTC 2019 /home/travis/build/icyphy/ptII/ptolemy/actor/lib/test/auto/SetVariable2.xml
----------------- Instantiating /home/travis/build/icyphy/ptII/ptolemy/actor/lib/test/auto/SetVariable2.xml
3 ms. Memory: 529408K Free: 321046K (61%)
----------------- Invoking toplevel() on ptolemy.moml.MoMLSimpleApplication@49ce80ae
----------------- Done invoking toplevel() on ptolemy.moml.MoMLSimpleApplication@49ce80ae
reloadAllAccessors: .SetVariable2

===========================================================================================
----------------- testing Tue Oct 22 06:11:22 UTC 2019 /home/travis/build/icyphy/ptII/ptolemy/actor/lib/test/auto/SetVariable3.xml
----------------- Instantiating /home/travis/build/icyphy/ptII/ptolemy/actor/lib/test/auto/SetVariable3.xml
7 ms. Memory: 529408K Free: 315926K (60%)
----------------- Invoking toplevel() on ptolemy.moml.MoMLSimpleApplication@5d66e7fb
----------------- Done invoking toplevel() on ptolemy.moml.MoMLSimpleApplication@5d66e7fb
reloadAllAccessors: .SetVariable3

===========================================================================================
----------------- testing Tue Oct 22 06:11:22 UTC 2019 /home/travis/build/icyphy/ptII/ptolemy/actor/lib/test/auto/SetVariable4.xml
----------------- Instantiating /home/travis/build/icyphy/ptII/ptolemy/actor/lib/test/auto/SetVariable4.xml
15 ms. Memory: 529408K Free: 305686K (58%)
----------------- Invoking toplevel() on ptolemy.moml.MoMLSimpleApplication@43ea442b
----------------- Done invoking toplevel() on ptolemy.moml.MoMLSimpleApplication@43ea442b
reloadAllAccessors: .SetVariable4

===========================================================================================
----------------- testing Tue Oct 22 06:11:22 UTC 2019 /home/travis/build/icyphy/ptII/ptolemy/actor/lib/test/auto/SetVariable5.xml
----------------- Instantiating /home/travis/build/icyphy/ptII/ptolemy/actor/lib/test/auto/SetVariable5.xml
19 ms. Memory: 529408K Free: 296470K (56%)
----------------- Invoking toplevel() on ptolemy.moml.MoMLSimpleApplication@25b4cf7f
----------------- Done invoking toplevel() on ptolemy.moml.MoMLSimpleApplication@25b4cf7f
reloadAllAccessors: .SetVariable5

===========================================================================================
----------------- testing Tue Oct 22 06:11:23 UTC 2019 /home/travis/build/icyphy/ptII/ptolemy/actor/lib/test/auto/Sinewave.xml
----------------- Instantiating /home/travis/build/icyphy/ptII/ptolemy/actor/lib/test/auto/Sinewave.xml
4 ms. Memory: 529408K Free: 286230K (54%)
----------------- Invoking toplevel() on ptolemy.moml.MoMLSimpleApplication@4ea09407
----------------- Done invoking toplevel() on ptolemy.moml.MoMLSimpleApplication@4ea09407
reloadAllAccessors: .Sinewave

===========================================================================================
----------------- testing Tue Oct 22 06:11:23 UTC 2019 /home/travis/build/icyphy/ptII/ptolemy/actor/lib/test/auto/Sinewave2.xml
----------------- Instantiating /home/travis/build/icyphy/ptII/ptolemy/actor/lib/test/auto/Sinewave2.xml
6 ms. Memory: 529408K Free: 278038K (53%)
----------------- Invoking toplevel() on ptolemy.moml.MoMLSimpleApplication@7ae41bb3
----------------- Done invoking toplevel() on ptolemy.moml.MoMLSimpleApplication@7ae41bb3
reloadAllAccessors: .Sinewave2

===========================================================================================
----------------- testing Tue Oct 22 06:11:23 UTC 2019 /home/travis/build/icyphy/ptII/ptolemy/actor/lib/test/auto/Sinewave3.xml
----------------- Instantiating /home/travis/build/icyphy/ptII/ptolemy/actor/lib/test/auto/Sinewave3.xml
7 ms. Memory: 529408K Free: 269318K (51%)
----------------- Invoking toplevel() on ptolemy.moml.MoMLSimpleApplication@69193ff9
----------------- Done invoking toplevel() on ptolemy.moml.MoMLSimpleApplication@69193ff9
reloadAllAccessors: .Sinewave3

===========================================================================================
----------------- testing Tue Oct 22 06:11:23 UTC 2019 /home/travis/build/icyphy/ptII/ptolemy/actor/lib/test/auto/SingleEvent.xml
----------------- Instantiating /home/travis/build/icyphy/ptII/ptolemy/actor/lib/test/auto/SingleEvent.xml
1 ms. Memory: 529408K Free: 265236K (50%)
----------------- Invoking toplevel() on ptolemy.moml.MoMLSimpleApplication@520957f5
----------------- Done invoking toplevel() on ptolemy.moml.MoMLSimpleApplication@520957f5
reloadAllAccessors: .SingleEvent

===========================================================================================
----------------- testing Tue Oct 22 06:11:23 UTC 2019 /home/travis/build/icyphy/ptII/ptolemy/actor/lib/test/auto/Sleep.xml
----------------- Instantiating /home/travis/build/icyphy/ptII/ptolemy/actor/lib/test/auto/Sleep.xml
6003 ms. Memory: 529408K Free: 259606K (49%)
----------------- Invoking toplevel() on ptolemy.moml.MoMLSimpleApplication@15677ef7
----------------- Done invoking toplevel() on ptolemy.moml.MoMLSimpleApplication@15677ef7
reloadAllAccessors: .Sleep

===========================================================================================
----------------- testing Tue Oct 22 06:11:29 UTC 2019 /home/travis/build/icyphy/ptII/ptolemy/actor/lib/test/auto/SleepMultipleFire.xml
----------------- Instantiating /home/travis/build/icyphy/ptII/ptolemy/actor/lib/test/auto/SleepMultipleFire.xml
1005 ms. Memory: 529408K Free: 253462K (48%)
----------------- Invoking toplevel() on ptolemy.moml.MoMLSimpleApplication@3bbe276b
----------------- Done invoking toplevel() on ptolemy.moml.MoMLSimpleApplication@3bbe276b
reloadAllAccessors: .SleepMultipleFire

===========================================================================================
----------------- testing Tue Oct 22 06:11:30 UTC 2019 /home/travis/build/icyphy/ptII/ptolemy/actor/lib/test/auto/StopDE.xml
----------------- Instantiating /home/travis/build/icyphy/ptII/ptolemy/actor/lib/test/auto/StopDE.xml
3 ms. Memory: 529408K Free: 247828K (47%)
----------------- Invoking toplevel() on ptolemy.moml.MoMLSimpleApplication@6a3a1377
----------------- Done invoking toplevel() on ptolemy.moml.MoMLSimpleApplication@6a3a1377
reloadAllAccessors: .StopDE

===========================================================================================
----------------- testing Tue Oct 22 06:11:30 UTC 2019 /home/travis/build/icyphy/ptII/ptolemy/actor/lib/test/auto/StopSDF.xml
----------------- Instantiating /home/travis/build/icyphy/ptII/ptolemy/actor/lib/test/auto/StopSDF.xml
3 ms. Memory: 529408K Free: 242708K (46%)
----------------- Invoking toplevel() on ptolemy.moml.MoMLSimpleApplication@3b1ade9d
----------------- Done invoking toplevel() on ptolemy.moml.MoMLSimpleApplication@3b1ade9d
reloadAllAccessors: .StopSDF

===========================================================================================
----------------- testing Tue Oct 22 06:11:30 UTC 2019 /home/travis/build/icyphy/ptII/ptolemy/actor/lib/test/auto/StringConstant.xml
----------------- Instantiating /home/travis/build/icyphy/ptII/ptolemy/actor/lib/test/auto/StringConstant.xml
12 ms. Memory: 529408K Free: 238102K (45%)
----------------- Invoking toplevel() on ptolemy.moml.MoMLSimpleApplication@50742def
----------------- Done invoking toplevel() on ptolemy.moml.MoMLSimpleApplication@50742def
reloadAllAccessors: .StringConstant

===========================================================================================
----------------- testing Tue Oct 22 06:11:30 UTC 2019 /home/travis/build/icyphy/ptII/ptolemy/actor/lib/test/auto/SubscriberPortInitialValues1.xml
----------------- Instantiating /home/travis/build/icyphy/ptII/ptolemy/actor/lib/test/auto/SubscriberPortInitialValues1.xml
10 ms. Memory: 529408K Free: 229396K (43%)
----------------- Invoking toplevel() on ptolemy.moml.MoMLSimpleApplication@64e6e23e
----------------- Done invoking toplevel() on ptolemy.moml.MoMLSimpleApplication@64e6e23e
reloadAllAccessors: .SubscriberPortInitialValues1

===========================================================================================
----------------- testing Tue Oct 22 06:11:30 UTC 2019 /home/travis/build/icyphy/ptII/ptolemy/actor/lib/test/auto/SubscriberPortInitialValues13.xml
----------------- Instantiating /home/travis/build/icyphy/ptII/ptolemy/actor/lib/test/auto/SubscriberPortInitialValues13.xml
5 ms. Memory: 529408K Free: 216598K (41%)
----------------- Invoking toplevel() on ptolemy.moml.MoMLSimpleApplication@5485db96
----------------- Done invoking toplevel() on ptolemy.moml.MoMLSimpleApplication@5485db96
reloadAllAccessors: .SubscriberPortInitialValues13

===========================================================================================
----------------- testing Tue Oct 22 06:11:30 UTC 2019 /home/travis/build/icyphy/ptII/ptolemy/actor/lib/test/auto/SubscriberPortInitialValues14.xml
----------------- Instantiating /home/travis/build/icyphy/ptII/ptolemy/actor/lib/test/auto/SubscriberPortInitialValues14.xml
4 ms. Memory: 529408K Free: 208406K (39%)
----------------- Invoking toplevel() on ptolemy.moml.MoMLSimpleApplication@4fd946d3
----------------- Done invoking toplevel() on ptolemy.moml.MoMLSimpleApplication@4fd946d3
reloadAllAccessors: .SubscriberPortInitialValues14

===========================================================================================
----------------- testing Tue Oct 22 06:11:30 UTC 2019 /home/travis/build/icyphy/ptII/ptolemy/actor/lib/test/auto/SubscriberPortInitialValues2.xml
----------------- Instantiating /home/travis/build/icyphy/ptII/ptolemy/actor/lib/test/auto/SubscriberPortInitialValues2.xml
4 ms. Memory: 529408K Free: 200724K (38%)
----------------- Invoking toplevel() on ptolemy.moml.MoMLSimpleApplication@6be498d
----------------- Done invoking toplevel() on ptolemy.moml.MoMLSimpleApplication@6be498d
reloadAllAccessors: .SubscriberPortInitialValues2

===========================================================================================
----------------- testing Tue Oct 22 06:11:30 UTC 2019 /home/travis/build/icyphy/ptII/ptolemy/actor/lib/test/auto/SubscriberPortInitialValues3.xml
----------------- Instantiating /home/travis/build/icyphy/ptII/ptolemy/actor/lib/test/auto/SubscriberPortInitialValues3.xml
4 ms. Memory: 529408K Free: 189974K (36%)
----------------- Invoking toplevel() on ptolemy.moml.MoMLSimpleApplication@5f6be8d0
----------------- Done invoking toplevel() on ptolemy.moml.MoMLSimpleApplication@5f6be8d0
reloadAllAccessors: .SubscriberPortInitialValues3

===========================================================================================
----------------- testing Tue Oct 22 06:11:30 UTC 2019 /home/travis/build/icyphy/ptII/ptolemy/actor/lib/test/auto/SubscriptionAggregator.xml
----------------- Instantiating /home/travis/build/icyphy/ptII/ptolemy/actor/lib/test/auto/SubscriptionAggregator.xml
2 ms. Memory: 529408K Free: 183302K (35%)
----------------- Invoking toplevel() on ptolemy.moml.MoMLSimpleApplication@3a399959
----------------- Done invoking toplevel() on ptolemy.moml.MoMLSimpleApplication@3a399959
reloadAllAccessors: .SubscriptionAggregator

===========================================================================================
----------------- testing Tue Oct 22 06:11:30 UTC 2019 /home/travis/build/icyphy/ptII/ptolemy/actor/lib/test/auto/SubscriptionAggregator2.xml
----------------- Instantiating /home/travis/build/icyphy/ptII/ptolemy/actor/lib/test/auto/SubscriptionAggregator2.xml
4 ms. Memory: 529408K Free: 176142K (33%)
----------------- Invoking toplevel() on ptolemy.moml.MoMLSimpleApplication@2bd3edd9
----------------- Done invoking toplevel() on ptolemy.moml.MoMLSimpleApplication@2bd3edd9
reloadAllAccessors: .SubscriptionAggregator2

===========================================================================================
----------------- testing Tue Oct 22 06:11:30 UTC 2019 /home/travis/build/icyphy/ptII/ptolemy/actor/lib/test/auto/SubscriptionAggregator3.xml
----------------- Instantiating /home/travis/build/icyphy/ptII/ptolemy/actor/lib/test/auto/SubscriptionAggregator3.xml
6 ms. Memory: 529408K Free: 167446K (32%)
----------------- Invoking toplevel() on ptolemy.moml.MoMLSimpleApplication@7e6b15b
----------------- Done invoking toplevel() on ptolemy.moml.MoMLSimpleApplication@7e6b15b
reloadAllAccessors: .SubscriptionAggregator3

===========================================================================================
----------------- testing Tue Oct 22 06:11:30 UTC 2019 /home/travis/build/icyphy/ptII/ptolemy/actor/lib/test/auto/SubscriptionAggregatorMultiply.xml
----------------- Instantiating /home/travis/build/icyphy/ptII/ptolemy/actor/lib/test/auto/SubscriptionAggregatorMultiply.xml
2 ms. Memory: 529408K Free: 472987K (89%)
----------------- Invoking toplevel() on ptolemy.moml.MoMLSimpleApplication@137bc533
----------------- Done invoking toplevel() on ptolemy.moml.MoMLSimpleApplication@137bc533
reloadAllAccessors: .SubscriptionAggregatorMultiply

===========================================================================================
----------------- testing Tue Oct 22 06:11:30 UTC 2019 /home/travis/build/icyphy/ptII/ptolemy/actor/lib/test/auto/SubscriptionAggregatorPortMultiply1.xml
----------------- Instantiating /home/travis/build/icyphy/ptII/ptolemy/actor/lib/test/auto/SubscriptionAggregatorPortMultiply1.xml
3 ms. Memory: 529408K Free: 464802K (88%)
----------------- Invoking toplevel() on ptolemy.moml.MoMLSimpleApplication@57938b04
----------------- Done invoking toplevel() on ptolemy.moml.MoMLSimpleApplication@57938b04
reloadAllAccessors: .SubscriptionAggregatorPortMultiply1

===========================================================================================
----------------- testing Tue Oct 22 06:11:30 UTC 2019 /home/travis/build/icyphy/ptII/ptolemy/actor/lib/test/auto/Switch.xml
----------------- Instantiating /home/travis/build/icyphy/ptII/ptolemy/actor/lib/test/auto/Switch.xml
7 ms. Memory: 529408K Free: 456100K (86%)
----------------- Invoking toplevel() on ptolemy.moml.MoMLSimpleApplication@5de41dba
----------------- Done invoking toplevel() on ptolemy.moml.MoMLSimpleApplication@5de41dba
reloadAllAccessors: .Switch

===========================================================================================
----------------- testing Tue Oct 22 06:11:30 UTC 2019 /home/travis/build/icyphy/ptII/ptolemy/actor/lib/test/auto/Switch2.xml
----------------- Instantiating /home/travis/build/icyphy/ptII/ptolemy/actor/lib/test/auto/Switch2.xml
1 ms. Memory: 529408K Free: 451490K (85%)
----------------- Invoking toplevel() on ptolemy.moml.MoMLSimpleApplication@3bc351a4
----------------- Done invoking toplevel() on ptolemy.moml.MoMLSimpleApplication@3bc351a4
reloadAllAccessors: .Switch2

===========================================================================================
----------------- testing Tue Oct 22 06:11:30 UTC 2019 /home/travis/build/icyphy/ptII/ptolemy/actor/lib/test/auto/SwitchDE.xml
----------------- Instantiating /home/travis/build/icyphy/ptII/ptolemy/actor/lib/test/auto/SwitchDE.xml
2 ms. Memory: 529408K Free: 445315K (84%)
----------------- Invoking toplevel() on ptolemy.moml.MoMLSimpleApplication@7becf304
----------------- Done invoking toplevel() on ptolemy.moml.MoMLSimpleApplication@7becf304
reloadAllAccessors: .SwitchDE

===========================================================================================
----------------- testing Tue Oct 22 06:11:30 UTC 2019 /home/travis/build/icyphy/ptII/ptolemy/actor/lib/test/auto/SynchronizerDE.xml
----------------- Instantiating /home/travis/build/icyphy/ptII/ptolemy/actor/lib/test/auto/SynchronizerDE.xml
8 ms. Memory: 529408K Free: 436644K (82%)
----------------- Invoking toplevel() on ptolemy.moml.MoMLSimpleApplication@2e612356
----------------- Done invoking toplevel() on ptolemy.moml.MoMLSimpleApplication@2e612356
reloadAllAccessors: .SynchronizerDE

===========================================================================================
----------------- testing Tue Oct 22 06:11:30 UTC 2019 /home/travis/build/icyphy/ptII/ptolemy/actor/lib/test/auto/Test.xml
----------------- Instantiating /home/travis/build/icyphy/ptII/ptolemy/actor/lib/test/auto/Test.xml
9 ms. Memory: 529408K Free: 431524K (82%)
----------------- Invoking toplevel() on ptolemy.moml.MoMLSimpleApplication@89706e5
----------------- Done invoking toplevel() on ptolemy.moml.MoMLSimpleApplication@89706e5
reloadAllAccessors: .Test

===========================================================================================
----------------- testing Tue Oct 22 06:11:30 UTC 2019 /home/travis/build/icyphy/ptII/ptolemy/actor/lib/test/auto/TestExceptionAttribute1.xml
----------------- Instantiating /home/travis/build/icyphy/ptII/ptolemy/actor/lib/test/auto/TestExceptionAttribute1.xml
1 ms. Memory: 529408K Free: 427938K (81%)
----------------- Invoking toplevel() on ptolemy.moml.MoMLSimpleApplication@2400bfe3
----------------- Done invoking toplevel() on ptolemy.moml.MoMLSimpleApplication@2400bfe3
reloadAllAccessors: .TestExceptionAttribute1

===========================================================================================
----------------- testing Tue Oct 22 06:11:30 UTC 2019 /home/travis/build/icyphy/ptII/ptolemy/actor/lib/test/auto/TestExceptionAttribute2.xml
----------------- Instantiating /home/travis/build/icyphy/ptII/ptolemy/actor/lib/test/auto/TestExceptionAttribute2.xml
1 ms. Memory: 529408K Free: 424356K (80%)
----------------- Invoking toplevel() on ptolemy.moml.MoMLSimpleApplication@355ef9e8
----------------- Done invoking toplevel() on ptolemy.moml.MoMLSimpleApplication@355ef9e8
reloadAllAccessors: .TestExceptionAttribute2

===========================================================================================
----------------- testing Tue Oct 22 06:11:30 UTC 2019 /home/travis/build/icyphy/ptII/ptolemy/actor/lib/test/auto/TestExceptionAttribute3.xml
----------------- Instantiating /home/travis/build/icyphy/ptII/ptolemy/actor/lib/test/auto/TestExceptionAttribute3.xml
.TestExceptionAttribute3.TestExceptionAttribute: initialize() was not invoked, but wrapup() was.  This is unusual, but not always a problem.  For example, exporting JNLP will do this.
1 ms. Memory: 529408K Free: 420260K (79%)
----------------- Invoking toplevel() on ptolemy.moml.MoMLSimpleApplication@7a1d1032
----------------- Done invoking toplevel() on ptolemy.moml.MoMLSimpleApplication@7a1d1032
reloadAllAccessors: .TestExceptionAttribute3

===========================================================================================
----------------- testing Tue Oct 22 06:11:30 UTC 2019 /home/travis/build/icyphy/ptII/ptolemy/actor/lib/test/auto/TestExceptionAttribute4.xml
----------------- Instantiating /home/travis/build/icyphy/ptII/ptolemy/actor/lib/test/auto/TestExceptionAttribute4.xml
.TestExceptionAttribute4.TestExceptionAttribute: initialize() was not invoked, but wrapup() was.  This is unusual, but not always a problem.  For example, exporting JNLP will do this.
.TestExceptionAttribute4.TestExceptionAttribute2: initialize() was not invoked, but wrapup() was.  This is unusual, but not always a problem.  For example, exporting JNLP will do this.
0 ms. Memory: 529408K Free: 416164K (79%)
----------------- Invoking toplevel() on ptolemy.moml.MoMLSimpleApplication@3eff5440
----------------- Done invoking toplevel() on ptolemy.moml.MoMLSimpleApplication@3eff5440
reloadAllAccessors: .TestExceptionAttribute4

===========================================================================================
----------------- testing Tue Oct 22 06:11:30 UTC 2019 /home/travis/build/icyphy/ptII/ptolemy/actor/lib/test/auto/TestExceptionHandler1.xml
----------------- Instantiating /home/travis/build/icyphy/ptII/ptolemy/actor/lib/test/auto/TestExceptionHandler1.xml
0 ms. Memory: 529408K Free: 412578K (78%)
----------------- Invoking toplevel() on ptolemy.moml.MoMLSimpleApplication@55baa126
----------------- Done invoking toplevel() on ptolemy.moml.MoMLSimpleApplication@55baa126
reloadAllAccessors: .TestExceptionHandler1

===========================================================================================
----------------- testing Tue Oct 22 06:11:30 UTC 2019 /home/travis/build/icyphy/ptII/ptolemy/actor/lib/test/auto/TestExceptionHandler2.xml
----------------- Instantiating /home/travis/build/icyphy/ptII/ptolemy/actor/lib/test/auto/TestExceptionHandler2.xml
1 ms. Memory: 529408K Free: 408482K (77%)
----------------- Invoking toplevel() on ptolemy.moml.MoMLSimpleApplication@64bb5a88
----------------- Done invoking toplevel() on ptolemy.moml.MoMLSimpleApplication@64bb5a88
reloadAllAccessors: .TestExceptionHandler2

===========================================================================================
----------------- testing Tue Oct 22 06:11:30 UTC 2019 /home/travis/build/icyphy/ptII/ptolemy/actor/lib/test/auto/TestExceptionHandler3.xml
----------------- Instantiating /home/travis/build/icyphy/ptII/ptolemy/actor/lib/test/auto/TestExceptionHandler3.xml
0 ms. Memory: 529408K Free: 404900K (76%)
----------------- Invoking toplevel() on ptolemy.moml.MoMLSimpleApplication@1f423682
----------------- Done invoking toplevel() on ptolemy.moml.MoMLSimpleApplication@1f423682
reloadAllAccessors: .TestExceptionHandler3

===========================================================================================
----------------- testing Tue Oct 22 06:11:30 UTC 2019 /home/travis/build/icyphy/ptII/ptolemy/actor/lib/test/auto/TestExceptionHandler4.xml
----------------- Instantiating /home/travis/build/icyphy/ptII/ptolemy/actor/lib/test/auto/TestExceptionHandler4.xml
0 ms. Memory: 529408K Free: 400804K (76%)
----------------- Invoking toplevel() on ptolemy.moml.MoMLSimpleApplication@18ed5983
----------------- Done invoking toplevel() on ptolemy.moml.MoMLSimpleApplication@18ed5983
reloadAllAccessors: .TestExceptionHandler4

===========================================================================================
----------------- testing Tue Oct 22 06:11:30 UTC 2019 /home/travis/build/icyphy/ptII/ptolemy/actor/lib/test/auto/TestRequireCorrectOrder.xml
----------------- Instantiating /home/travis/build/icyphy/ptII/ptolemy/actor/lib/test/auto/TestRequireCorrectOrder.xml
6 ms. Memory: 529408K Free: 395139K (75%)
----------------- Invoking toplevel() on ptolemy.moml.MoMLSimpleApplication@3db96394
----------------- Done invoking toplevel() on ptolemy.moml.MoMLSimpleApplication@3db96394
reloadAllAccessors: .TestRequireCorrectOrder

===========================================================================================
----------------- testing Tue Oct 22 06:11:30 UTC 2019 /home/travis/build/icyphy/ptII/ptolemy/actor/lib/test/auto/TestSimple.xml
----------------- Instantiating /home/travis/build/icyphy/ptII/ptolemy/actor/lib/test/auto/TestSimple.xml
1 ms. Memory: 529408K Free: 391074K (74%)
----------------- Invoking toplevel() on ptolemy.moml.MoMLSimpleApplication@43ee4ad9
----------------- Done invoking toplevel() on ptolemy.moml.MoMLSimpleApplication@43ee4ad9
reloadAllAccessors: .TestSimple

===========================================================================================
----------------- testing Tue Oct 22 06:11:30 UTC 2019 /home/travis/build/icyphy/ptII/ptolemy/actor/lib/test/auto/ThrowModelError.xml
----------------- Instantiating /home/travis/build/icyphy/ptII/ptolemy/actor/lib/test/auto/ThrowModelError.xml
1 ms. Memory: 529408K Free: 386468K (73%)
----------------- Invoking toplevel() on ptolemy.moml.MoMLSimpleApplication@1297d75d
----------------- Done invoking toplevel() on ptolemy.moml.MoMLSimpleApplication@1297d75d
reloadAllAccessors: .ThrowModelError

===========================================================================================
----------------- testing Tue Oct 22 06:11:30 UTC 2019 /home/travis/build/icyphy/ptII/ptolemy/actor/lib/test/auto/TimeDelayMicrosteps.xml
----------------- Instantiating /home/travis/build/icyphy/ptII/ptolemy/actor/lib/test/auto/TimeDelayMicrosteps.xml
3 ms. Memory: 529408K Free: 379300K (72%)
----------------- Invoking toplevel() on ptolemy.moml.MoMLSimpleApplication@66a9db10
----------------- Done invoking toplevel() on ptolemy.moml.MoMLSimpleApplication@66a9db10
reloadAllAccessors: .TimeDelayMicrosteps

===========================================================================================
----------------- testing Tue Oct 22 06:11:30 UTC 2019 /home/travis/build/icyphy/ptII/ptolemy/actor/lib/test/auto/TimeDelayMicrosteps2.xml
----------------- Instantiating /home/travis/build/icyphy/ptII/ptolemy/actor/lib/test/auto/TimeDelayMicrosteps2.xml
2 ms. Memory: 529408K Free: 372132K (70%)
----------------- Invoking toplevel() on ptolemy.moml.MoMLSimpleApplication@446ea1df
----------------- Done invoking toplevel() on ptolemy.moml.MoMLSimpleApplication@446ea1df
reloadAllAccessors: .TimeDelayMicrosteps2

===========================================================================================
----------------- testing Tue Oct 22 06:11:30 UTC 2019 /home/travis/build/icyphy/ptII/ptolemy/actor/lib/test/auto/TimeDelayMicrosteps3.xml
----------------- Instantiating /home/travis/build/icyphy/ptII/ptolemy/actor/lib/test/auto/TimeDelayMicrosteps3.xml
3 ms. Memory: 529408K Free: 365443K (69%)
----------------- Invoking toplevel() on ptolemy.moml.MoMLSimpleApplication@40b83ea9
----------------- Done invoking toplevel() on ptolemy.moml.MoMLSimpleApplication@40b83ea9
reloadAllAccessors: .TimeDelayMicrosteps3

===========================================================================================
----------------- testing Tue Oct 22 06:11:30 UTC 2019 /home/travis/build/icyphy/ptII/ptolemy/actor/lib/test/auto/TimeDelayVariableMicrosteps.xml
----------------- Instantiating /home/travis/build/icyphy/ptII/ptolemy/actor/lib/test/auto/TimeDelayVariableMicrosteps.xml
2 ms. Memory: 529408K Free: 358820K (68%)
----------------- Invoking toplevel() on ptolemy.moml.MoMLSimpleApplication@312b4621
----------------- Done invoking toplevel() on ptolemy.moml.MoMLSimpleApplication@312b4621
reloadAllAccessors: .TimeDelayVariableMicrosteps

===========================================================================================
----------------- testing Tue Oct 22 06:11:30 UTC 2019 /home/travis/build/icyphy/ptII/ptolemy/actor/lib/test/auto/TimeGap.xml
----------------- Instantiating /home/travis/build/icyphy/ptII/ptolemy/actor/lib/test/auto/TimeGap.xml
3 ms. Memory: 529408K Free: 353700K (67%)
----------------- Invoking toplevel() on ptolemy.moml.MoMLSimpleApplication@19f89497
----------------- Done invoking toplevel() on ptolemy.moml.MoMLSimpleApplication@19f89497
reloadAllAccessors: .TimeGap

===========================================================================================
----------------- testing Tue Oct 22 06:11:30 UTC 2019 /home/travis/build/icyphy/ptII/ptolemy/actor/lib/test/auto/TimeGap2.xml
----------------- Instantiating /home/travis/build/icyphy/ptII/ptolemy/actor/lib/test/auto/TimeGap2.xml
2 ms. Memory: 529408K Free: 348035K (66%)
----------------- Invoking toplevel() on ptolemy.moml.MoMLSimpleApplication@ec980ae
----------------- Done invoking toplevel() on ptolemy.moml.MoMLSimpleApplication@ec980ae
reloadAllAccessors: .TimeGap2

===========================================================================================
----------------- testing Tue Oct 22 06:11:30 UTC 2019 /home/travis/build/icyphy/ptII/ptolemy/actor/lib/test/auto/TimedSinewave.xml
----------------- Instantiating /home/travis/build/icyphy/ptII/ptolemy/actor/lib/test/auto/TimedSinewave.xml
22 ms. Memory: 529408K Free: 333220K (63%)
----------------- Invoking toplevel() on ptolemy.moml.MoMLSimpleApplication@5a7e92db
----------------- Done invoking toplevel() on ptolemy.moml.MoMLSimpleApplication@5a7e92db
reloadAllAccessors: .TimedSinewave

===========================================================================================
----------------- testing Tue Oct 22 06:11:30 UTC 2019 /home/travis/build/icyphy/ptII/ptolemy/actor/lib/test/auto/TimedSinewavePhase.xml
----------------- Instantiating /home/travis/build/icyphy/ptII/ptolemy/actor/lib/test/auto/TimedSinewavePhase.xml
9 ms. Memory: 529408K Free: 323490K (61%)
----------------- Invoking toplevel() on ptolemy.moml.MoMLSimpleApplication@2035e3fc
----------------- Done invoking toplevel() on ptolemy.moml.MoMLSimpleApplication@2035e3fc
reloadAllAccessors: .TimedSinewavePhase

===========================================================================================
----------------- testing Tue Oct 22 06:11:30 UTC 2019 /home/travis/build/icyphy/ptII/ptolemy/actor/lib/test/auto/Timer.xml
----------------- Instantiating /home/travis/build/icyphy/ptII/ptolemy/actor/lib/test/auto/Timer.xml
3 ms. Memory: 529408K Free: 317860K (60%)
----------------- Invoking toplevel() on ptolemy.moml.MoMLSimpleApplication@37bd5c1a
----------------- Done invoking toplevel() on ptolemy.moml.MoMLSimpleApplication@37bd5c1a
reloadAllAccessors: .Timer

===========================================================================================
----------------- testing Tue Oct 22 06:11:30 UTC 2019 /home/travis/build/icyphy/ptII/ptolemy/actor/lib/test/auto/TriangularDistTestModel.xml
----------------- Instantiating /home/travis/build/icyphy/ptII/ptolemy/actor/lib/test/auto/TriangularDistTestModel.xml
2 ms. Memory: 529408K Free: 311716K (59%)
----------------- Invoking toplevel() on ptolemy.moml.MoMLSimpleApplication@5d52fd5f
----------------- Done invoking toplevel() on ptolemy.moml.MoMLSimpleApplication@5d52fd5f
reloadAllAccessors: .TriangularDistTestModel

===========================================================================================
----------------- testing Tue Oct 22 06:11:30 UTC 2019 /home/travis/build/icyphy/ptII/ptolemy/actor/lib/test/auto/TrigFunction.xml
----------------- Instantiating /home/travis/build/icyphy/ptII/ptolemy/actor/lib/test/auto/TrigFunction.xml
1 ms. Memory: 529408K Free: 307106K (58%)
----------------- Invoking toplevel() on ptolemy.moml.MoMLSimpleApplication@250ce62a
----------------- Done invoking toplevel() on ptolemy.moml.MoMLSimpleApplication@250ce62a
reloadAllAccessors: .TrigFunction

===========================================================================================
----------------- testing Tue Oct 22 06:11:30 UTC 2019 /home/travis/build/icyphy/ptII/ptolemy/actor/lib/test/auto/TrigFunctionDE.xml
----------------- Instantiating /home/travis/build/icyphy/ptII/ptolemy/actor/lib/test/auto/TrigFunctionDE.xml
2 ms. Memory: 529408K Free: 301476K (57%)
----------------- Invoking toplevel() on ptolemy.moml.MoMLSimpleApplication@6ddf0e3c
----------------- Done invoking toplevel() on ptolemy.moml.MoMLSimpleApplication@6ddf0e3c
reloadAllAccessors: .TrigFunctionDE

===========================================================================================
----------------- testing Tue Oct 22 06:11:30 UTC 2019 /home/travis/build/icyphy/ptII/ptolemy/actor/lib/test/auto/TrigFunctionInverse.xml
----------------- Instantiating /home/travis/build/icyphy/ptII/ptolemy/actor/lib/test/auto/TrigFunctionInverse.xml
2 ms. Memory: 529408K Free: 295842K (56%)
----------------- Invoking toplevel() on ptolemy.moml.MoMLSimpleApplication@35593d78
----------------- Done invoking toplevel() on ptolemy.moml.MoMLSimpleApplication@35593d78
reloadAllAccessors: .TrigFunctionInverse

===========================================================================================
----------------- testing Tue Oct 22 06:11:30 UTC 2019 /home/travis/build/icyphy/ptII/ptolemy/actor/lib/test/auto/TrigFunctionTan.xml
----------------- Instantiating /home/travis/build/icyphy/ptII/ptolemy/actor/lib/test/auto/TrigFunctionTan.xml
2 ms. Memory: 529408K Free: 291746K (55%)
----------------- Invoking toplevel() on ptolemy.moml.MoMLSimpleApplication@47b286c
----------------- Done invoking toplevel() on ptolemy.moml.MoMLSimpleApplication@47b286c
reloadAllAccessors: .TrigFunctionTan

===========================================================================================
----------------- testing Tue Oct 22 06:11:30 UTC 2019 /home/travis/build/icyphy/ptII/ptolemy/actor/lib/test/auto/TriggeredClock.xml
----------------- Instantiating /home/travis/build/icyphy/ptII/ptolemy/actor/lib/test/auto/TriggeredClock.xml
1 ms. Memory: 529408K Free: 286619K (54%)
----------------- Invoking toplevel() on ptolemy.moml.MoMLSimpleApplication@74e4af21
----------------- Done invoking toplevel() on ptolemy.moml.MoMLSimpleApplication@74e4af21
reloadAllAccessors: .TriggeredClock

===========================================================================================
----------------- testing Tue Oct 22 06:11:30 UTC 2019 /home/travis/build/icyphy/ptII/ptolemy/actor/lib/test/auto/URLDirectoryReader.xml
----------------- Instantiating /home/travis/build/icyphy/ptII/ptolemy/actor/lib/test/auto/URLDirectoryReader.xml
30 ms. Memory: 529408K Free: 276386K (52%)
----------------- Invoking toplevel() on ptolemy.moml.MoMLSimpleApplication@1cd432de
----------------- Done invoking toplevel() on ptolemy.moml.MoMLSimpleApplication@1cd432de
reloadAllAccessors: .URLDirectoryReader

===========================================================================================
----------------- testing Tue Oct 22 06:11:31 UTC 2019 /home/travis/build/icyphy/ptII/ptolemy/actor/lib/test/auto/URLDirectoryReader3.xml
----------------- Instantiating /home/travis/build/icyphy/ptII/ptolemy/actor/lib/test/auto/URLDirectoryReader3.xml
1058 ms. Memory: 529408K Free: 471463K (89%)
----------------- Invoking toplevel() on ptolemy.moml.MoMLSimpleApplication@5d8838fe
----------------- Done invoking toplevel() on ptolemy.moml.MoMLSimpleApplication@5d8838fe
reloadAllAccessors: .URLDirectoryReader3

===========================================================================================
----------------- testing Tue Oct 22 06:11:32 UTC 2019 /home/travis/build/icyphy/ptII/ptolemy/actor/lib/test/auto/UnaryMathFunction.xml
----------------- Instantiating /home/travis/build/icyphy/ptII/ptolemy/actor/lib/test/auto/UnaryMathFunction.xml
3 ms. Memory: 529408K Free: 463781K (88%)
----------------- Invoking toplevel() on ptolemy.moml.MoMLSimpleApplication@2b5eaaa5
----------------- Done invoking toplevel() on ptolemy.moml.MoMLSimpleApplication@2b5eaaa5
reloadAllAccessors: .UnaryMathFunction

===========================================================================================
----------------- testing Tue Oct 22 06:11:32 UTC 2019 /home/travis/build/icyphy/ptII/ptolemy/actor/lib/test/auto/Uniform.xml
----------------- Instantiating /home/travis/build/icyphy/ptII/ptolemy/actor/lib/test/auto/Uniform.xml
1 ms. Memory: 529408K Free: 458661K (87%)
----------------- Invoking toplevel() on ptolemy.moml.MoMLSimpleApplication@2187c400
----------------- Done invoking toplevel() on ptolemy.moml.MoMLSimpleApplication@2187c400
reloadAllAccessors: .Uniform

===========================================================================================
----------------- testing Tue Oct 22 06:11:32 UTC 2019 /home/travis/build/icyphy/ptII/ptolemy/actor/lib/test/auto/UnionDisassemblerTest.xml
----------------- Instantiating /home/travis/build/icyphy/ptII/ptolemy/actor/lib/test/auto/UnionDisassemblerTest.xml
15 ms. Memory: 529408K Free: 455079K (86%)
----------------- Invoking toplevel() on ptolemy.moml.MoMLSimpleApplication@4fbb1040
----------------- Done invoking toplevel() on ptolemy.moml.MoMLSimpleApplication@4fbb1040
reloadAllAccessors: .UnionDisassemblerTest

===========================================================================================
----------------- testing Tue Oct 22 06:11:32 UTC 2019 /home/travis/build/icyphy/ptII/ptolemy/actor/lib/test/auto/UtilityFunctions.xml
----------------- Instantiating /home/travis/build/icyphy/ptII/ptolemy/actor/lib/test/auto/UtilityFunctions.xml
1 ms. Memory: 529408K Free: 450469K (85%)
----------------- Invoking toplevel() on ptolemy.moml.MoMLSimpleApplication@7bc93da4
----------------- Done invoking toplevel() on ptolemy.moml.MoMLSimpleApplication@7bc93da4
reloadAllAccessors: .UtilityFunctions

===========================================================================================
----------------- testing Tue Oct 22 06:11:32 UTC 2019 /home/travis/build/icyphy/ptII/ptolemy/actor/lib/test/auto/VariableSleep.xml
----------------- Instantiating /home/travis/build/icyphy/ptII/ptolemy/actor/lib/test/auto/VariableSleep.xml
503 ms. Memory: 529408K Free: 445349K (84%)
----------------- Invoking toplevel() on ptolemy.moml.MoMLSimpleApplication@414bfc0b
----------------- Done invoking toplevel() on ptolemy.moml.MoMLSimpleApplication@414bfc0b
reloadAllAccessors: .VariableSleep

===========================================================================================
----------------- testing Tue Oct 22 06:11:32 UTC 2019 /home/travis/build/icyphy/ptII/ptolemy/actor/lib/test/auto/VectorAssemblerDisassemblerCT.xml
----------------- Instantiating /home/travis/build/icyphy/ptII/ptolemy/actor/lib/test/auto/VectorAssemblerDisassemblerCT.xml
69 ms. Memory: 529408K Free: 424869K (80%)
----------------- Invoking toplevel() on ptolemy.moml.MoMLSimpleApplication@7884ae9a
----------------- Done invoking toplevel() on ptolemy.moml.MoMLSimpleApplication@7884ae9a
reloadAllAccessors: .VectorAssemblerDisassemblerCT

===========================================================================================
----------------- testing Tue Oct 22 06:11:33 UTC 2019 /home/travis/build/icyphy/ptII/ptolemy/actor/lib/test/auto/VectorAssemblerDisassemblerDE.xml
----------------- Instantiating /home/travis/build/icyphy/ptII/ptolemy/actor/lib/test/auto/VectorAssemblerDisassemblerDE.xml
2 ms. Memory: 529408K Free: 417191K (79%)
----------------- Invoking toplevel() on ptolemy.moml.MoMLSimpleApplication@114b9eb1
----------------- Done invoking toplevel() on ptolemy.moml.MoMLSimpleApplication@114b9eb1
reloadAllAccessors: .VectorAssemblerDisassemblerDE

===========================================================================================
----------------- testing Tue Oct 22 06:11:33 UTC 2019 /home/travis/build/icyphy/ptII/ptolemy/actor/lib/test/auto/VectorAssemblerDisassemblerSDF.xml
----------------- Instantiating /home/travis/build/icyphy/ptII/ptolemy/actor/lib/test/auto/VectorAssemblerDisassemblerSDF.xml
3 ms. Memory: 529408K Free: 411047K (78%)
----------------- Invoking toplevel() on ptolemy.moml.MoMLSimpleApplication@44c0c5f4
----------------- Done invoking toplevel() on ptolemy.moml.MoMLSimpleApplication@44c0c5f4
reloadAllAccessors: .VectorAssemblerDisassemblerSDF

===========================================================================================
----------------- testing Tue Oct 22 06:11:33 UTC 2019 /home/travis/build/icyphy/ptII/ptolemy/actor/lib/test/auto/WallClockTime.xml
----------------- Instantiating /home/travis/build/icyphy/ptII/ptolemy/actor/lib/test/auto/WallClockTime.xml
1004 ms. Memory: 529408K Free: 405927K (77%)
----------------- Invoking toplevel() on ptolemy.moml.MoMLSimpleApplication@14a3c213
----------------- Done invoking toplevel() on ptolemy.moml.MoMLSimpleApplication@14a3c213
reloadAllAccessors: .WallClockTime

===========================================================================================
----------------- testing Tue Oct 22 06:11:34 UTC 2019 /home/travis/build/icyphy/ptII/ptolemy/actor/lib/test/auto/WidthTestWithSubscriberPublisher.xml
----------------- Instantiating /home/travis/build/icyphy/ptII/ptolemy/actor/lib/test/auto/WidthTestWithSubscriberPublisher.xml
7 ms. Memory: 529408K Free: 388005K (73%)
----------------- Invoking toplevel() on ptolemy.moml.MoMLSimpleApplication@7c88317e
----------------- Done invoking toplevel() on ptolemy.moml.MoMLSimpleApplication@7c88317e
reloadAllAccessors: .WidthTestWithSubscriberPublisher

===========================================================================================
----------------- testing Tue Oct 22 06:11:34 UTC 2019 /home/travis/build/icyphy/ptII/ptolemy/actor/lib/test/auto/WidthTestWithSubscriberPublisher2.xml
----------------- Instantiating /home/travis/build/icyphy/ptII/ptolemy/actor/lib/test/auto/WidthTestWithSubscriberPublisher2.xml
2 ms. Memory: 529408K Free: 380837K (72%)
----------------- Invoking toplevel() on ptolemy.moml.MoMLSimpleApplication@4cb0121e
----------------- Done invoking toplevel() on ptolemy.moml.MoMLSimpleApplication@4cb0121e
reloadAllAccessors: .WidthTestWithSubscriberPublisher2

===========================================================================================
----------------- testing Tue Oct 22 06:11:34 UTC 2019 /home/travis/build/icyphy/ptII/ptolemy/actor/lib/test/auto/WidthTestWithSubscriberPublisher3.xml
----------------- Instantiating /home/travis/build/icyphy/ptII/ptolemy/actor/lib/test/auto/WidthTestWithSubscriberPublisher3.xml
1 ms. Memory: 529408K Free: 375207K (71%)
----------------- Invoking toplevel() on ptolemy.moml.MoMLSimpleApplication@263959cc
----------------- Done invoking toplevel() on ptolemy.moml.MoMLSimpleApplication@263959cc
reloadAllAccessors: .WidthTestWithSubscriberPublisher3

===========================================================================================
----------------- testing Tue Oct 22 06:11:34 UTC 2019 /home/travis/build/icyphy/ptII/ptolemy/actor/lib/test/auto/Writer.xml
----------------- Instantiating /home/travis/build/icyphy/ptII/ptolemy/actor/lib/test/auto/Writer.xml
0
1
2
3
4
1 ms. Memory: 529408K Free: 371111K (70%)
----------------- Invoking toplevel() on ptolemy.moml.MoMLSimpleApplication@da7b3ae
----------------- Done invoking toplevel() on ptolemy.moml.MoMLSimpleApplication@da7b3ae
reloadAllAccessors: .Writer

===========================================================================================
----------------- testing Tue Oct 22 06:11:34 UTC 2019 /home/travis/build/icyphy/ptII/ptolemy/actor/lib/test/auto/array.xml
----------------- Instantiating /home/travis/build/icyphy/ptII/ptolemy/actor/lib/test/auto/array.xml
2 ms. Memory: 529408K Free: 365991K (69%)
----------------- Invoking toplevel() on ptolemy.moml.MoMLSimpleApplication@40343fad
----------------- Done invoking toplevel() on ptolemy.moml.MoMLSimpleApplication@40343fad
reloadAllAccessors: .array

===========================================================================================
----------------- testing Tue Oct 22 06:11:34 UTC 2019 /home/travis/build/icyphy/ptII/ptolemy/actor/lib/test/auto/array2.xml
----------------- Instantiating /home/travis/build/icyphy/ptII/ptolemy/actor/lib/test/auto/array2.xml
5 ms. Memory: 529408K Free: 360871K (68%)
----------------- Invoking toplevel() on ptolemy.moml.MoMLSimpleApplication@37db3620
----------------- Done invoking toplevel() on ptolemy.moml.MoMLSimpleApplication@37db3620
reloadAllAccessors: .array2

===========================================================================================
----------------- testing Tue Oct 22 06:11:34 UTC 2019 /home/travis/build/icyphy/ptII/ptolemy/actor/lib/test/auto/arrayType.xml
----------------- Instantiating /home/travis/build/icyphy/ptII/ptolemy/actor/lib/test/auto/arrayType.xml
2 ms. Memory: 529408K Free: 355751K (67%)
----------------- Invoking toplevel() on ptolemy.moml.MoMLSimpleApplication@6a5061d4
----------------- Done invoking toplevel() on ptolemy.moml.MoMLSimpleApplication@6a5061d4
reloadAllAccessors: .arrayType

===========================================================================================
----------------- testing Tue Oct 22 06:11:34 UTC 2019 /home/travis/build/icyphy/ptII/ptolemy/actor/lib/test/auto/arrayType10.xml
----------------- Instantiating /home/travis/build/icyphy/ptII/ptolemy/actor/lib/test/auto/arrayType10.xml
2 ms. Memory: 529408K Free: 350631K (66%)
----------------- Invoking toplevel() on ptolemy.moml.MoMLSimpleApplication@2261e
----------------- Done invoking toplevel() on ptolemy.moml.MoMLSimpleApplication@2261e
reloadAllAccessors: .arrayType10

===========================================================================================
----------------- testing Tue Oct 22 06:11:34 UTC 2019 /home/travis/build/icyphy/ptII/ptolemy/actor/lib/test/auto/arrayType11.xml
----------------- Instantiating /home/travis/build/icyphy/ptII/ptolemy/actor/lib/test/auto/arrayType11.xml
1 ms. Memory: 529408K Free: 346021K (65%)
----------------- Invoking toplevel() on ptolemy.moml.MoMLSimpleApplication@22b38875
----------------- Done invoking toplevel() on ptolemy.moml.MoMLSimpleApplication@22b38875
reloadAllAccessors: .arrayType11

===========================================================================================
----------------- testing Tue Oct 22 06:11:34 UTC 2019 /home/travis/build/icyphy/ptII/ptolemy/actor/lib/test/auto/arrayType12.xml
----------------- Instantiating /home/travis/build/icyphy/ptII/ptolemy/actor/lib/test/auto/arrayType12.xml
1 ms. Memory: 529408K Free: 341415K (64%)
----------------- Invoking toplevel() on ptolemy.moml.MoMLSimpleApplication@3be4aa7e
----------------- Done invoking toplevel() on ptolemy.moml.MoMLSimpleApplication@3be4aa7e
reloadAllAccessors: .arrayType12

===========================================================================================
----------------- testing Tue Oct 22 06:11:34 UTC 2019 /home/travis/build/icyphy/ptII/ptolemy/actor/lib/test/auto/arrayType13.xml
----------------- Instantiating /home/travis/build/icyphy/ptII/ptolemy/actor/lib/test/auto/arrayType13.xml
1 ms. Memory: 529408K Free: 335781K (63%)
----------------- Invoking toplevel() on ptolemy.moml.MoMLSimpleApplication@3085a803
----------------- Done invoking toplevel() on ptolemy.moml.MoMLSimpleApplication@3085a803
reloadAllAccessors: .arrayType13

===========================================================================================
----------------- testing Tue Oct 22 06:11:34 UTC 2019 /home/travis/build/icyphy/ptII/ptolemy/actor/lib/test/auto/arrayType14.xml
----------------- Instantiating /home/travis/build/icyphy/ptII/ptolemy/actor/lib/test/auto/arrayType14.xml
2 ms. Memory: 529408K Free: 330661K (62%)
----------------- Invoking toplevel() on ptolemy.moml.MoMLSimpleApplication@279703aa
----------------- Done invoking toplevel() on ptolemy.moml.MoMLSimpleApplication@279703aa
reloadAllAccessors: .arrayType14

===========================================================================================
----------------- testing Tue Oct 22 06:11:34 UTC 2019 /home/travis/build/icyphy/ptII/ptolemy/actor/lib/test/auto/arrayType15.xml
----------------- Instantiating /home/travis/build/icyphy/ptII/ptolemy/actor/lib/test/auto/arrayType15.xml
2 ms. Memory: 529408K Free: 325541K (61%)
----------------- Invoking toplevel() on ptolemy.moml.MoMLSimpleApplication@6070bebe
----------------- Done invoking toplevel() on ptolemy.moml.MoMLSimpleApplication@6070bebe
reloadAllAccessors: .arrayType15

===========================================================================================
----------------- testing Tue Oct 22 06:11:34 UTC 2019 /home/travis/build/icyphy/ptII/ptolemy/actor/lib/test/auto/arrayType16.xml
----------------- Instantiating /home/travis/build/icyphy/ptII/ptolemy/actor/lib/test/auto/arrayType16.xml
1 ms. Memory: 529408K Free: 319911K (60%)
----------------- Invoking toplevel() on ptolemy.moml.MoMLSimpleApplication@46de0a37
----------------- Done invoking toplevel() on ptolemy.moml.MoMLSimpleApplication@46de0a37
reloadAllAccessors: .arrayType16

===========================================================================================
----------------- testing Tue Oct 22 06:11:34 UTC 2019 /home/travis/build/icyphy/ptII/ptolemy/actor/lib/test/auto/arrayType17.xml
----------------- Instantiating /home/travis/build/icyphy/ptII/ptolemy/actor/lib/test/auto/arrayType17.xml
1 ms. Memory: 529408K Free: 314791K (59%)
----------------- Invoking toplevel() on ptolemy.moml.MoMLSimpleApplication@98f7878
----------------- Done invoking toplevel() on ptolemy.moml.MoMLSimpleApplication@98f7878
reloadAllAccessors: .arrayType17

===========================================================================================
----------------- testing Tue Oct 22 06:11:34 UTC 2019 /home/travis/build/icyphy/ptII/ptolemy/actor/lib/test/auto/arrayType18.xml
----------------- Instantiating /home/travis/build/icyphy/ptII/ptolemy/actor/lib/test/auto/arrayType18.xml
1 ms. Memory: 529408K Free: 310181K (59%)
----------------- Invoking toplevel() on ptolemy.moml.MoMLSimpleApplication@2c382b9d
----------------- Done invoking toplevel() on ptolemy.moml.MoMLSimpleApplication@2c382b9d
reloadAllAccessors: .arrayType18

===========================================================================================
----------------- testing Tue Oct 22 06:11:34 UTC 2019 /home/travis/build/icyphy/ptII/ptolemy/actor/lib/test/auto/arrayType19.xml
----------------- Instantiating /home/travis/build/icyphy/ptII/ptolemy/actor/lib/test/auto/arrayType19.xml
1 ms. Memory: 529408K Free: 305061K (58%)
----------------- Invoking toplevel() on ptolemy.moml.MoMLSimpleApplication@2e0ce14d
----------------- Done invoking toplevel() on ptolemy.moml.MoMLSimpleApplication@2e0ce14d
reloadAllAccessors: .arrayType19

===========================================================================================
----------------- testing Tue Oct 22 06:11:34 UTC 2019 /home/travis/build/icyphy/ptII/ptolemy/actor/lib/test/auto/arrayType2.xml
----------------- Instantiating /home/travis/build/icyphy/ptII/ptolemy/actor/lib/test/auto/arrayType2.xml
1 ms. Memory: 529408K Free: 298917K (56%)
----------------- Invoking toplevel() on ptolemy.moml.MoMLSimpleApplication@29057000
----------------- Done invoking toplevel() on ptolemy.moml.MoMLSimpleApplication@29057000
reloadAllAccessors: .arrayType2

===========================================================================================
----------------- testing Tue Oct 22 06:11:34 UTC 2019 /home/travis/build/icyphy/ptII/ptolemy/actor/lib/test/auto/arrayType20.xml
----------------- Instantiating /home/travis/build/icyphy/ptII/ptolemy/actor/lib/test/auto/arrayType20.xml
1 ms. Memory: 529408K Free: 293797K (55%)
----------------- Invoking toplevel() on ptolemy.moml.MoMLSimpleApplication@2fb46b02
----------------- Done invoking toplevel() on ptolemy.moml.MoMLSimpleApplication@2fb46b02
reloadAllAccessors: .arrayType20

===========================================================================================
----------------- testing Tue Oct 22 06:11:34 UTC 2019 /home/travis/build/icyphy/ptII/ptolemy/actor/lib/test/auto/arrayType21.xml
----------------- Instantiating /home/travis/build/icyphy/ptII/ptolemy/actor/lib/test/auto/arrayType21.xml
1 ms. Memory: 529408K Free: 289191K (55%)
----------------- Invoking toplevel() on ptolemy.moml.MoMLSimpleApplication@49735db8
----------------- Done invoking toplevel() on ptolemy.moml.MoMLSimpleApplication@49735db8
reloadAllAccessors: .arrayType21

===========================================================================================
----------------- testing Tue Oct 22 06:11:34 UTC 2019 /home/travis/build/icyphy/ptII/ptolemy/actor/lib/test/auto/arrayType22.xml
----------------- Instantiating /home/travis/build/icyphy/ptII/ptolemy/actor/lib/test/auto/arrayType22.xml
1 ms. Memory: 529408K Free: 284581K (54%)
----------------- Invoking toplevel() on ptolemy.moml.MoMLSimpleApplication@1d5854d
----------------- Done invoking toplevel() on ptolemy.moml.MoMLSimpleApplication@1d5854d
reloadAllAccessors: .arrayType22

===========================================================================================
----------------- testing Tue Oct 22 06:11:34 UTC 2019 /home/travis/build/icyphy/ptII/ptolemy/actor/lib/test/auto/arrayType23.xml
----------------- Instantiating /home/travis/build/icyphy/ptII/ptolemy/actor/lib/test/auto/arrayType23.xml
2 ms. Memory: 529408K Free: 279461K (53%)
----------------- Invoking toplevel() on ptolemy.moml.MoMLSimpleApplication@2b0671ab
----------------- Done invoking toplevel() on ptolemy.moml.MoMLSimpleApplication@2b0671ab
reloadAllAccessors: .arrayType23

===========================================================================================
----------------- testing Tue Oct 22 06:11:34 UTC 2019 /home/travis/build/icyphy/ptII/ptolemy/actor/lib/test/auto/arrayType24.xml
----------------- Instantiating /home/travis/build/icyphy/ptII/ptolemy/actor/lib/test/auto/arrayType24.xml
1 ms. Memory: 529408K Free: 274855K (52%)
----------------- Invoking toplevel() on ptolemy.moml.MoMLSimpleApplication@1f395ac4
----------------- Done invoking toplevel() on ptolemy.moml.MoMLSimpleApplication@1f395ac4
reloadAllAccessors: .arrayType24

===========================================================================================
----------------- testing Tue Oct 22 06:11:34 UTC 2019 /home/travis/build/icyphy/ptII/ptolemy/actor/lib/test/auto/arrayType25.xml
----------------- Instantiating /home/travis/build/icyphy/ptII/ptolemy/actor/lib/test/auto/arrayType25.xml
1 ms. Memory: 529408K Free: 269735K (51%)
----------------- Invoking toplevel() on ptolemy.moml.MoMLSimpleApplication@3c0700c9
----------------- Done invoking toplevel() on ptolemy.moml.MoMLSimpleApplication@3c0700c9
reloadAllAccessors: .arrayType25

===========================================================================================
----------------- testing Tue Oct 22 06:11:34 UTC 2019 /home/travis/build/icyphy/ptII/ptolemy/actor/lib/test/auto/arrayType26.xml
----------------- Instantiating /home/travis/build/icyphy/ptII/ptolemy/actor/lib/test/auto/arrayType26.xml
1 ms. Memory: 529408K Free: 264101K (50%)
----------------- Invoking toplevel() on ptolemy.moml.MoMLSimpleApplication@3a8da35b
----------------- Done invoking toplevel() on ptolemy.moml.MoMLSimpleApplication@3a8da35b
reloadAllAccessors: .arrayType26

===========================================================================================
----------------- testing Tue Oct 22 06:11:34 UTC 2019 /home/travis/build/icyphy/ptII/ptolemy/actor/lib/test/auto/arrayType27.xml
----------------- Instantiating /home/travis/build/icyphy/ptII/ptolemy/actor/lib/test/auto/arrayType27.xml
1 ms. Memory: 529408K Free: 258981K (49%)
----------------- Invoking toplevel() on ptolemy.moml.MoMLSimpleApplication@3c556eba
----------------- Done invoking toplevel() on ptolemy.moml.MoMLSimpleApplication@3c556eba
reloadAllAccessors: .arrayType27

===========================================================================================
----------------- testing Tue Oct 22 06:11:34 UTC 2019 /home/travis/build/icyphy/ptII/ptolemy/actor/lib/test/auto/arrayType28.xml
----------------- Instantiating /home/travis/build/icyphy/ptII/ptolemy/actor/lib/test/auto/arrayType28.xml
2 ms. Memory: 529408K Free: 253351K (48%)
----------------- Invoking toplevel() on ptolemy.moml.MoMLSimpleApplication@1e85b71d
----------------- Done invoking toplevel() on ptolemy.moml.MoMLSimpleApplication@1e85b71d
reloadAllAccessors: .arrayType28

===========================================================================================
----------------- testing Tue Oct 22 06:11:34 UTC 2019 /home/travis/build/icyphy/ptII/ptolemy/actor/lib/test/auto/arrayType3.xml
----------------- Instantiating /home/travis/build/icyphy/ptII/ptolemy/actor/lib/test/auto/arrayType3.xml
1 ms. Memory: 529408K Free: 248231K (47%)
----------------- Invoking toplevel() on ptolemy.moml.MoMLSimpleApplication@5a291996
----------------- Done invoking toplevel() on ptolemy.moml.MoMLSimpleApplication@5a291996
reloadAllAccessors: .arrayType3

===========================================================================================
----------------- testing Tue Oct 22 06:11:34 UTC 2019 /home/travis/build/icyphy/ptII/ptolemy/actor/lib/test/auto/arrayType4.xml
----------------- Instantiating /home/travis/build/icyphy/ptII/ptolemy/actor/lib/test/auto/arrayType4.xml
1 ms. Memory: 529408K Free: 243111K (46%)
----------------- Invoking toplevel() on ptolemy.moml.MoMLSimpleApplication@21a82fce
----------------- Done invoking toplevel() on ptolemy.moml.MoMLSimpleApplication@21a82fce
reloadAllAccessors: .arrayType4

===========================================================================================
----------------- testing Tue Oct 22 06:11:34 UTC 2019 /home/travis/build/icyphy/ptII/ptolemy/actor/lib/test/auto/arrayType5.xml
----------------- Instantiating /home/travis/build/icyphy/ptII/ptolemy/actor/lib/test/auto/arrayType5.xml
2 ms. Memory: 529408K Free: 237477K (45%)
----------------- Invoking toplevel() on ptolemy.moml.MoMLSimpleApplication@6d145af0
----------------- Done invoking toplevel() on ptolemy.moml.MoMLSimpleApplication@6d145af0
reloadAllAccessors: .arrayType5

===========================================================================================
----------------- testing Tue Oct 22 06:11:34 UTC 2019 /home/travis/build/icyphy/ptII/ptolemy/actor/lib/test/auto/arrayType6.xml
----------------- Instantiating /home/travis/build/icyphy/ptII/ptolemy/actor/lib/test/auto/arrayType6.xml
1 ms. Memory: 529408K Free: 232871K (44%)
----------------- Invoking toplevel() on ptolemy.moml.MoMLSimpleApplication@7827a692
----------------- Done invoking toplevel() on ptolemy.moml.MoMLSimpleApplication@7827a692
reloadAllAccessors: .arrayType6

===========================================================================================
----------------- testing Tue Oct 22 06:11:34 UTC 2019 /home/travis/build/icyphy/ptII/ptolemy/actor/lib/test/auto/arrayType7.xml
----------------- Instantiating /home/travis/build/icyphy/ptII/ptolemy/actor/lib/test/auto/arrayType7.xml
1 ms. Memory: 529408K Free: 228261K (43%)
----------------- Invoking toplevel() on ptolemy.moml.MoMLSimpleApplication@1869f901
----------------- Done invoking toplevel() on ptolemy.moml.MoMLSimpleApplication@1869f901
reloadAllAccessors: .arrayType7

===========================================================================================
----------------- testing Tue Oct 22 06:11:34 UTC 2019 /home/travis/build/icyphy/ptII/ptolemy/actor/lib/test/auto/arrayType8.xml
----------------- Instantiating /home/travis/build/icyphy/ptII/ptolemy/actor/lib/test/auto/arrayType8.xml
1 ms. Memory: 529408K Free: 223141K (42%)
----------------- Invoking toplevel() on ptolemy.moml.MoMLSimpleApplication@688b79cf
----------------- Done invoking toplevel() on ptolemy.moml.MoMLSimpleApplication@688b79cf
reloadAllAccessors: .arrayType8

===========================================================================================
----------------- testing Tue Oct 22 06:11:34 UTC 2019 /home/travis/build/icyphy/ptII/ptolemy/actor/lib/test/auto/arrayType9.xml
----------------- Instantiating /home/travis/build/icyphy/ptII/ptolemy/actor/lib/test/auto/arrayType9.xml
1 ms. Memory: 529408K Free: 218021K (41%)
----------------- Invoking toplevel() on ptolemy.moml.MoMLSimpleApplication@75fe3dab
----------------- Done invoking toplevel() on ptolemy.moml.MoMLSimpleApplication@75fe3dab
reloadAllAccessors: .arrayType9

===========================================================================================
----------------- testing Tue Oct 22 06:11:34 UTC 2019 /home/travis/build/icyphy/ptII/ptolemy/actor/lib/test/auto/cast.xml
----------------- Instantiating /home/travis/build/icyphy/ptII/ptolemy/actor/lib/test/auto/cast.xml
2 ms. Memory: 529408K Free: 212901K (40%)
----------------- Invoking toplevel() on ptolemy.moml.MoMLSimpleApplication@1cbc0b9e
----------------- Done invoking toplevel() on ptolemy.moml.MoMLSimpleApplication@1cbc0b9e
reloadAllAccessors: .cast

===========================================================================================
----------------- testing Tue Oct 22 06:11:34 UTC 2019 /home/travis/build/icyphy/ptII/ptolemy/actor/lib/test/auto/compositeMultiPort.xml
----------------- Instantiating /home/travis/build/icyphy/ptII/ptolemy/actor/lib/test/auto/compositeMultiPort.xml
3 ms. Memory: 529408K Free: 204199K (39%)
----------------- Invoking toplevel() on ptolemy.moml.MoMLSimpleApplication@78c6526d
----------------- Done invoking toplevel() on ptolemy.moml.MoMLSimpleApplication@78c6526d
reloadAllAccessors: .compositeMultiPort

===========================================================================================
----------------- testing Tue Oct 22 06:11:34 UTC 2019 /home/travis/build/icyphy/ptII/ptolemy/actor/lib/test/auto/expressionCastInference.xml
----------------- Instantiating /home/travis/build/icyphy/ptII/ptolemy/actor/lib/test/auto/expressionCastInference.xml
2 ms. Memory: 529408K Free: 199589K (38%)
----------------- Invoking toplevel() on ptolemy.moml.MoMLSimpleApplication@2a40be8
----------------- Done invoking toplevel() on ptolemy.moml.MoMLSimpleApplication@2a40be8
reloadAllAccessors: .expressionCastInference

===========================================================================================
----------------- testing Tue Oct 22 06:11:34 UTC 2019 /home/travis/build/icyphy/ptII/ptolemy/actor/lib/test/auto/expressionCastInference2.xml
----------------- Instantiating /home/travis/build/icyphy/ptII/ptolemy/actor/lib/test/auto/expressionCastInference2.xml
2 ms. Memory: 529408K Free: 194469K (37%)
----------------- Invoking toplevel() on ptolemy.moml.MoMLSimpleApplication@64f5617a
----------------- Done invoking toplevel() on ptolemy.moml.MoMLSimpleApplication@64f5617a
reloadAllAccessors: .expressionCastInference2

===========================================================================================
----------------- testing Tue Oct 22 06:11:34 UTC 2019 /home/travis/build/icyphy/ptII/ptolemy/actor/lib/test/auto/expressionInference.xml
----------------- Instantiating /home/travis/build/icyphy/ptII/ptolemy/actor/lib/test/auto/expressionInference.xml
1 ms. Memory: 529408K Free: 190373K (36%)
----------------- Invoking toplevel() on ptolemy.moml.MoMLSimpleApplication@5749550b
----------------- Done invoking toplevel() on ptolemy.moml.MoMLSimpleApplication@5749550b
reloadAllAccessors: .expressionInference

===========================================================================================
----------------- testing Tue Oct 22 06:11:34 UTC 2019 /home/travis/build/icyphy/ptII/ptolemy/actor/lib/test/auto/expression_bug.xml
----------------- Instantiating /home/travis/build/icyphy/ptII/ptolemy/actor/lib/test/auto/expression_bug.xml
1 ms. Memory: 529408K Free: 185253K (35%)
----------------- Invoking toplevel() on ptolemy.moml.MoMLSimpleApplication@2685e207
----------------- Done invoking toplevel() on ptolemy.moml.MoMLSimpleApplication@2685e207
reloadAllAccessors: .expression_bug

===========================================================================================
----------------- testing Tue Oct 22 06:11:34 UTC 2019 /home/travis/build/icyphy/ptII/ptolemy/actor/lib/test/auto/factorial.xml
----------------- Instantiating /home/travis/build/icyphy/ptII/ptolemy/actor/lib/test/auto/factorial.xml
47 ms. Memory: 529408K Free: 177061K (33%)
----------------- Invoking toplevel() on ptolemy.moml.MoMLSimpleApplication@f03af0f
----------------- Done invoking toplevel() on ptolemy.moml.MoMLSimpleApplication@f03af0f
reloadAllAccessors: .factorial

===========================================================================================
----------------- testing Tue Oct 22 06:11:34 UTC 2019 /home/travis/build/icyphy/ptII/ptolemy/actor/lib/test/auto/filterTest1.xml
----------------- Instantiating /home/travis/build/icyphy/ptII/ptolemy/actor/lib/test/auto/filterTest1.xml
5 ms. Memory: 529408K Free: 170917K (32%)
----------------- Invoking toplevel() on ptolemy.moml.MoMLSimpleApplication@1d155834
----------------- Done invoking toplevel() on ptolemy.moml.MoMLSimpleApplication@1d155834
reloadAllAccessors: .filterTest1

===========================================================================================
----------------- testing Tue Oct 22 06:11:34 UTC 2019 /home/travis/build/icyphy/ptII/ptolemy/actor/lib/test/auto/funcApplyInConst.xml
----------------- Instantiating /home/travis/build/icyphy/ptII/ptolemy/actor/lib/test/auto/funcApplyInConst.xml
1 ms. Memory: 529408K Free: 167335K (32%)
----------------- Invoking toplevel() on ptolemy.moml.MoMLSimpleApplication@3c9da7d5
----------------- Done invoking toplevel() on ptolemy.moml.MoMLSimpleApplication@3c9da7d5
reloadAllAccessors: .funcApplyInConst

===========================================================================================
----------------- testing Tue Oct 22 06:11:34 UTC 2019 /home/travis/build/icyphy/ptII/ptolemy/actor/lib/test/auto/funcApplyInExpr.xml
----------------- Instantiating /home/travis/build/icyphy/ptII/ptolemy/actor/lib/test/auto/funcApplyInExpr.xml
2 ms. Memory: 529408K Free: 475665K (90%)
----------------- Invoking toplevel() on ptolemy.moml.MoMLSimpleApplication@2c12d7fe
----------------- Done invoking toplevel() on ptolemy.moml.MoMLSimpleApplication@2c12d7fe
reloadAllAccessors: .funcApplyInExpr

===========================================================================================
----------------- testing Tue Oct 22 06:11:34 UTC 2019 /home/travis/build/icyphy/ptII/ptolemy/actor/lib/test/auto/function.xml
----------------- Instantiating /home/travis/build/icyphy/ptII/ptolemy/actor/lib/test/auto/function.xml
2 ms. Memory: 529408K Free: 470545K (89%)
----------------- Invoking toplevel() on ptolemy.moml.MoMLSimpleApplication@1e85b2fc
----------------- Done invoking toplevel() on ptolemy.moml.MoMLSimpleApplication@1e85b2fc
reloadAllAccessors: .function

===========================================================================================
----------------- testing Tue Oct 22 06:11:34 UTC 2019 /home/travis/build/icyphy/ptII/ptolemy/actor/lib/test/auto/function2.xml
----------------- Instantiating /home/travis/build/icyphy/ptII/ptolemy/actor/lib/test/auto/function2.xml
2 ms. Memory: 529408K Free: 465939K (88%)
----------------- Invoking toplevel() on ptolemy.moml.MoMLSimpleApplication@4139bc58
----------------- Done invoking toplevel() on ptolemy.moml.MoMLSimpleApplication@4139bc58
reloadAllAccessors: .function2

===========================================================================================
----------------- testing Tue Oct 22 06:11:34 UTC 2019 /home/travis/build/icyphy/ptII/ptolemy/actor/lib/test/auto/function3.xml
----------------- Instantiating /home/travis/build/icyphy/ptII/ptolemy/actor/lib/test/auto/function3.xml
1 ms. Memory: 529408K Free: 461843K (87%)
----------------- Invoking toplevel() on ptolemy.moml.MoMLSimpleApplication@15924e6f
----------------- Done invoking toplevel() on ptolemy.moml.MoMLSimpleApplication@15924e6f
reloadAllAccessors: .function3

===========================================================================================
----------------- testing Tue Oct 22 06:11:34 UTC 2019 /home/travis/build/icyphy/ptII/ptolemy/actor/lib/test/auto/functionClosureTest1.xml
----------------- Instantiating /home/travis/build/icyphy/ptII/ptolemy/actor/lib/test/auto/functionClosureTest1.xml
2 ms. Memory: 529408K Free: 456203K (86%)
----------------- Invoking toplevel() on ptolemy.moml.MoMLSimpleApplication@452ff162
----------------- Done invoking toplevel() on ptolemy.moml.MoMLSimpleApplication@452ff162
reloadAllAccessors: .functionClosureTest1

===========================================================================================
----------------- testing Tue Oct 22 06:11:34 UTC 2019 /home/travis/build/icyphy/ptII/ptolemy/actor/lib/test/auto/functionClosureTest2.xml
----------------- Instantiating /home/travis/build/icyphy/ptII/ptolemy/actor/lib/test/auto/functionClosureTest2.xml
1 ms. Memory: 529408K Free: 452113K (85%)
----------------- Invoking toplevel() on ptolemy.moml.MoMLSimpleApplication@c4d6f5f
----------------- Done invoking toplevel() on ptolemy.moml.MoMLSimpleApplication@c4d6f5f
reloadAllAccessors: .functionClosureTest2

===========================================================================================
----------------- testing Tue Oct 22 06:11:34 UTC 2019 /home/travis/build/icyphy/ptII/ptolemy/actor/lib/test/auto/functionClosureTest3.xml
----------------- Instantiating /home/travis/build/icyphy/ptII/ptolemy/actor/lib/test/auto/functionClosureTest3.xml
2 ms. Memory: 529408K Free: 446993K (84%)
----------------- Invoking toplevel() on ptolemy.moml.MoMLSimpleApplication@1c5c4623
----------------- Done invoking toplevel() on ptolemy.moml.MoMLSimpleApplication@1c5c4623
reloadAllAccessors: .functionClosureTest3

===========================================================================================
----------------- testing Tue Oct 22 06:11:34 UTC 2019 /home/travis/build/icyphy/ptII/ptolemy/actor/lib/test/auto/functionClosureTest4.xml
----------------- Instantiating /home/travis/build/icyphy/ptII/ptolemy/actor/lib/test/auto/functionClosureTest4.xml
4 ms. Memory: 529408K Free: 440339K (83%)
----------------- Invoking toplevel() on ptolemy.moml.MoMLSimpleApplication@a212e03
----------------- Done invoking toplevel() on ptolemy.moml.MoMLSimpleApplication@a212e03
reloadAllAccessors: .functionClosureTest4

===========================================================================================
----------------- testing Tue Oct 22 06:11:34 UTC 2019 /home/travis/build/icyphy/ptII/ptolemy/actor/lib/test/auto/functionClosureTest5.xml
----------------- Instantiating /home/travis/build/icyphy/ptII/ptolemy/actor/lib/test/auto/functionClosureTest5.xml
5 ms. Memory: 529408K Free: 435219K (82%)
----------------- Invoking toplevel() on ptolemy.moml.MoMLSimpleApplication@6994d7f4
----------------- Done invoking toplevel() on ptolemy.moml.MoMLSimpleApplication@6994d7f4
reloadAllAccessors: .functionClosureTest5

===========================================================================================
----------------- testing Tue Oct 22 06:11:34 UTC 2019 /home/travis/build/icyphy/ptII/ptolemy/actor/lib/test/auto/functionClosureTest6.xml
----------------- Instantiating /home/travis/build/icyphy/ptII/ptolemy/actor/lib/test/auto/functionClosureTest6.xml
1 ms. Memory: 529408K Free: 430099K (81%)
----------------- Invoking toplevel() on ptolemy.moml.MoMLSimpleApplication@20ec761a
----------------- Done invoking toplevel() on ptolemy.moml.MoMLSimpleApplication@20ec761a
reloadAllAccessors: .functionClosureTest6

===========================================================================================
----------------- testing Tue Oct 22 06:11:34 UTC 2019 /home/travis/build/icyphy/ptII/ptolemy/actor/lib/test/auto/functionsOnArcs.xml
----------------- Instantiating /home/travis/build/icyphy/ptII/ptolemy/actor/lib/test/auto/functionsOnArcs.xml
2 ms. Memory: 529408K Free: 424979K (80%)
----------------- Invoking toplevel() on ptolemy.moml.MoMLSimpleApplication@7d63f661
----------------- Done invoking toplevel() on ptolemy.moml.MoMLSimpleApplication@7d63f661
reloadAllAccessors: .functionsOnArcs

===========================================================================================
----------------- testing Tue Oct 22 06:11:34 UTC 2019 /home/travis/build/icyphy/ptII/ptolemy/actor/lib/test/auto/functionsOnArcsHOF.xml
----------------- Instantiating /home/travis/build/icyphy/ptII/ptolemy/actor/lib/test/auto/functionsOnArcsHOF.xml
3 ms. Memory: 529408K Free: 419345K (79%)
----------------- Invoking toplevel() on ptolemy.moml.MoMLSimpleApplication@1a84357d
----------------- Done invoking toplevel() on ptolemy.moml.MoMLSimpleApplication@1a84357d
reloadAllAccessors: .functionsOnArcsHOF

===========================================================================================
----------------- testing Tue Oct 22 06:11:34 UTC 2019 /home/travis/build/icyphy/ptII/ptolemy/actor/lib/test/auto/logic.xml
----------------- Instantiating /home/travis/build/icyphy/ptII/ptolemy/actor/lib/test/auto/logic.xml
2 ms. Memory: 529408K Free: 411667K (78%)
----------------- Invoking toplevel() on ptolemy.moml.MoMLSimpleApplication@7382e43e
----------------- Done invoking toplevel() on ptolemy.moml.MoMLSimpleApplication@7382e43e
reloadAllAccessors: .logic

===========================================================================================
----------------- testing Tue Oct 22 06:11:34 UTC 2019 /home/travis/build/icyphy/ptII/ptolemy/actor/lib/test/auto/matrixType.xml
----------------- Instantiating /home/travis/build/icyphy/ptII/ptolemy/actor/lib/test/auto/matrixType.xml
1 ms. Memory: 529408K Free: 407057K (77%)
----------------- Invoking toplevel() on ptolemy.moml.MoMLSimpleApplication@254e6514
----------------- Done invoking toplevel() on ptolemy.moml.MoMLSimpleApplication@254e6514
reloadAllAccessors: .matrixType

===========================================================================================
----------------- testing Tue Oct 22 06:11:35 UTC 2019 /home/travis/build/icyphy/ptII/ptolemy/actor/lib/test/auto/matrixType10.xml
----------------- Instantiating /home/travis/build/icyphy/ptII/ptolemy/actor/lib/test/auto/matrixType10.xml
2 ms. Memory: 529408K Free: 401937K (76%)
----------------- Invoking toplevel() on ptolemy.moml.MoMLSimpleApplication@7a1d4965
----------------- Done invoking toplevel() on ptolemy.moml.MoMLSimpleApplication@7a1d4965
reloadAllAccessors: .matrixType10

===========================================================================================
----------------- testing Tue Oct 22 06:11:35 UTC 2019 /home/travis/build/icyphy/ptII/ptolemy/actor/lib/test/auto/matrixType11.xml
----------------- Instantiating /home/travis/build/icyphy/ptII/ptolemy/actor/lib/test/auto/matrixType11.xml
1 ms. Memory: 529408K Free: 397331K (75%)
----------------- Invoking toplevel() on ptolemy.moml.MoMLSimpleApplication@5b0546b0
----------------- Done invoking toplevel() on ptolemy.moml.MoMLSimpleApplication@5b0546b0
reloadAllAccessors: .matrixType11

===========================================================================================
----------------- testing Tue Oct 22 06:11:35 UTC 2019 /home/travis/build/icyphy/ptII/ptolemy/actor/lib/test/auto/matrixType12.xml
----------------- Instantiating /home/travis/build/icyphy/ptII/ptolemy/actor/lib/test/auto/matrixType12.xml
2 ms. Memory: 529408K Free: 392211K (74%)
----------------- Invoking toplevel() on ptolemy.moml.MoMLSimpleApplication@2dbebd5
----------------- Done invoking toplevel() on ptolemy.moml.MoMLSimpleApplication@2dbebd5
reloadAllAccessors: .matrixType12

===========================================================================================
----------------- testing Tue Oct 22 06:11:35 UTC 2019 /home/travis/build/icyphy/ptII/ptolemy/actor/lib/test/auto/matrixType13.xml
----------------- Instantiating /home/travis/build/icyphy/ptII/ptolemy/actor/lib/test/auto/matrixType13.xml
1 ms. Memory: 529408K Free: 387601K (73%)
----------------- Invoking toplevel() on ptolemy.moml.MoMLSimpleApplication@518c6325
----------------- Done invoking toplevel() on ptolemy.moml.MoMLSimpleApplication@518c6325
reloadAllAccessors: .matrixType13

===========================================================================================
----------------- testing Tue Oct 22 06:11:35 UTC 2019 /home/travis/build/icyphy/ptII/ptolemy/actor/lib/test/auto/matrixType14.xml
----------------- Instantiating /home/travis/build/icyphy/ptII/ptolemy/actor/lib/test/auto/matrixType14.xml
2 ms. Memory: 529408K Free: 382481K (72%)
----------------- Invoking toplevel() on ptolemy.moml.MoMLSimpleApplication@2503a76a
----------------- Done invoking toplevel() on ptolemy.moml.MoMLSimpleApplication@2503a76a
reloadAllAccessors: .matrixType14

===========================================================================================
----------------- testing Tue Oct 22 06:11:35 UTC 2019 /home/travis/build/icyphy/ptII/ptolemy/actor/lib/test/auto/matrixType2.xml
----------------- Instantiating /home/travis/build/icyphy/ptII/ptolemy/actor/lib/test/auto/matrixType2.xml
2 ms. Memory: 529408K Free: 377347K (71%)
----------------- Invoking toplevel() on ptolemy.moml.MoMLSimpleApplication@4c85e471
----------------- Done invoking toplevel() on ptolemy.moml.MoMLSimpleApplication@4c85e471
reloadAllAccessors: .matrixType2

===========================================================================================
----------------- testing Tue Oct 22 06:11:35 UTC 2019 /home/travis/build/icyphy/ptII/ptolemy/actor/lib/test/auto/matrixType3.xml
----------------- Instantiating /home/travis/build/icyphy/ptII/ptolemy/actor/lib/test/auto/matrixType3.xml
3 ms. Memory: 529408K Free: 372241K (70%)
----------------- Invoking toplevel() on ptolemy.moml.MoMLSimpleApplication@150c136c
----------------- Done invoking toplevel() on ptolemy.moml.MoMLSimpleApplication@150c136c
reloadAllAccessors: .matrixType3

===========================================================================================
----------------- testing Tue Oct 22 06:11:35 UTC 2019 /home/travis/build/icyphy/ptII/ptolemy/actor/lib/test/auto/matrixType4.xml
----------------- Instantiating /home/travis/build/icyphy/ptII/ptolemy/actor/lib/test/auto/matrixType4.xml
2 ms. Memory: 529408K Free: 367635K (69%)
----------------- Invoking toplevel() on ptolemy.moml.MoMLSimpleApplication@372ff1ea
----------------- Done invoking toplevel() on ptolemy.moml.MoMLSimpleApplication@372ff1ea
reloadAllAccessors: .matrixType4

===========================================================================================
----------------- testing Tue Oct 22 06:11:35 UTC 2019 /home/travis/build/icyphy/ptII/ptolemy/actor/lib/test/auto/matrixType5.xml
----------------- Instantiating /home/travis/build/icyphy/ptII/ptolemy/actor/lib/test/auto/matrixType5.xml
1 ms. Memory: 529408K Free: 362515K (68%)
----------------- Invoking toplevel() on ptolemy.moml.MoMLSimpleApplication@6e4cea39
----------------- Done invoking toplevel() on ptolemy.moml.MoMLSimpleApplication@6e4cea39
reloadAllAccessors: .matrixType5

===========================================================================================
----------------- testing Tue Oct 22 06:11:35 UTC 2019 /home/travis/build/icyphy/ptII/ptolemy/actor/lib/test/auto/matrixType6.xml
----------------- Instantiating /home/travis/build/icyphy/ptII/ptolemy/actor/lib/test/auto/matrixType6.xml
1 ms. Memory: 529408K Free: 357905K (68%)
----------------- Invoking toplevel() on ptolemy.moml.MoMLSimpleApplication@28a8152f
----------------- Done invoking toplevel() on ptolemy.moml.MoMLSimpleApplication@28a8152f
reloadAllAccessors: .matrixType6

===========================================================================================
----------------- testing Tue Oct 22 06:11:35 UTC 2019 /home/travis/build/icyphy/ptII/ptolemy/actor/lib/test/auto/matrixType7.xml
----------------- Instantiating /home/travis/build/icyphy/ptII/ptolemy/actor/lib/test/auto/matrixType7.xml
1 ms. Memory: 529408K Free: 352785K (67%)
----------------- Invoking toplevel() on ptolemy.moml.MoMLSimpleApplication@680b3adb
----------------- Done invoking toplevel() on ptolemy.moml.MoMLSimpleApplication@680b3adb
reloadAllAccessors: .matrixType7

===========================================================================================
----------------- testing Tue Oct 22 06:11:35 UTC 2019 /home/travis/build/icyphy/ptII/ptolemy/actor/lib/test/auto/matrixType8.xml
----------------- Instantiating /home/travis/build/icyphy/ptII/ptolemy/actor/lib/test/auto/matrixType8.xml
2 ms. Memory: 529408K Free: 348179K (66%)
----------------- Invoking toplevel() on ptolemy.moml.MoMLSimpleApplication@937e6a9
----------------- Done invoking toplevel() on ptolemy.moml.MoMLSimpleApplication@937e6a9
reloadAllAccessors: .matrixType8

===========================================================================================
----------------- testing Tue Oct 22 06:11:35 UTC 2019 /home/travis/build/icyphy/ptII/ptolemy/actor/lib/test/auto/matrixType9.xml
----------------- Instantiating /home/travis/build/icyphy/ptII/ptolemy/actor/lib/test/auto/matrixType9.xml
1 ms. Memory: 529408K Free: 343059K (65%)
----------------- Invoking toplevel() on ptolemy.moml.MoMLSimpleApplication@4fea5c88
----------------- Done invoking toplevel() on ptolemy.moml.MoMLSimpleApplication@4fea5c88
reloadAllAccessors: .matrixType9

===========================================================================================
----------------- testing Tue Oct 22 06:11:35 UTC 2019 /home/travis/build/icyphy/ptII/ptolemy/actor/lib/test/auto/paraFunctest.xml
----------------- Instantiating /home/travis/build/icyphy/ptII/ptolemy/actor/lib/test/auto/paraFunctest.xml
1 ms. Memory: 529408K Free: 338963K (64%)
----------------- Invoking toplevel() on ptolemy.moml.MoMLSimpleApplication@10d33240
----------------- Done invoking toplevel() on ptolemy.moml.MoMLSimpleApplication@10d33240
reloadAllAccessors: .paraFunctest

===========================================================================================
----------------- testing Tue Oct 22 06:11:35 UTC 2019 /home/travis/build/icyphy/ptII/ptolemy/actor/lib/test/auto/paraFunctest2.xml
----------------- Instantiating /home/travis/build/icyphy/ptII/ptolemy/actor/lib/test/auto/paraFunctest2.xml
1 ms. Memory: 529408K Free: 334353K (63%)
----------------- Invoking toplevel() on ptolemy.moml.MoMLSimpleApplication@196b019a
----------------- Done invoking toplevel() on ptolemy.moml.MoMLSimpleApplication@196b019a
reloadAllAccessors: .paraFunctest2

===========================================================================================
----------------- testing Tue Oct 22 06:11:35 UTC 2019 /home/travis/build/icyphy/ptII/ptolemy/actor/lib/test/auto/parameterPassing.xml
----------------- Instantiating /home/travis/build/icyphy/ptII/ptolemy/actor/lib/test/auto/parameterPassing.xml
1 ms. Memory: 529408K Free: 330257K (62%)
----------------- Invoking toplevel() on ptolemy.moml.MoMLSimpleApplication@3ef8674d
----------------- Done invoking toplevel() on ptolemy.moml.MoMLSimpleApplication@3ef8674d
reloadAllAccessors: .parameterPassing

===========================================================================================
----------------- testing Tue Oct 22 06:11:35 UTC 2019 /home/travis/build/icyphy/ptII/ptolemy/actor/lib/test/auto/record.xml
----------------- Instantiating /home/travis/build/icyphy/ptII/ptolemy/actor/lib/test/auto/record.xml
3 ms. Memory: 529408K Free: 325137K (61%)
----------------- Invoking toplevel() on ptolemy.moml.MoMLSimpleApplication@36b98224
----------------- Done invoking toplevel() on ptolemy.moml.MoMLSimpleApplication@36b98224
reloadAllAccessors: .record

===========================================================================================
----------------- testing Tue Oct 22 06:11:35 UTC 2019 /home/travis/build/icyphy/ptII/ptolemy/actor/lib/test/auto/sizedarray1.xml
----------------- Instantiating /home/travis/build/icyphy/ptII/ptolemy/actor/lib/test/auto/sizedarray1.xml
2 ms. Memory: 529408K Free: 320017K (60%)
----------------- Invoking toplevel() on ptolemy.moml.MoMLSimpleApplication@1d6b74d8
----------------- Done invoking toplevel() on ptolemy.moml.MoMLSimpleApplication@1d6b74d8
reloadAllAccessors: .sizedarray1

===========================================================================================
----------------- testing Tue Oct 22 06:11:35 UTC 2019 /home/travis/build/icyphy/ptII/ptolemy/actor/lib/test/auto/sizedarray2.xml
----------------- Instantiating /home/travis/build/icyphy/ptII/ptolemy/actor/lib/test/auto/sizedarray2.xml
3 ms. Memory: 529408K Free: 313873K (59%)
----------------- Invoking toplevel() on ptolemy.moml.MoMLSimpleApplication@64465d82
----------------- Done invoking toplevel() on ptolemy.moml.MoMLSimpleApplication@64465d82
reloadAllAccessors: .sizedarray2

===========================================================================================
----------------- testing Tue Oct 22 06:11:35 UTC 2019 /home/travis/build/icyphy/ptII/ptolemy/actor/lib/test/auto/twoPublishers.xml
----------------- Instantiating /home/travis/build/icyphy/ptII/ptolemy/actor/lib/test/auto/twoPublishers.xml
6 ms. Memory: 529408K Free: 303123K (57%)
----------------- Invoking toplevel() on ptolemy.moml.MoMLSimpleApplication@598bb31a
----------------- Done invoking toplevel() on ptolemy.moml.MoMLSimpleApplication@598bb31a
reloadAllAccessors: .twoPublishers
AutoTests.java: About to close Vertx.
AutoTests.java: Vertx closed.
]]></system-out>
  <system-err><![CDATA[java.lang.RuntimeException: Execution failed
	at ptolemy.moml.MoMLSimpleApplication$UnloadThread.run(MoMLSimpleApplication.java:402)
Caused by: java.lang.RuntimeException: StringUtilities.exit() was called. Normally, we would exit here because Manager.exitAfterWrapup() was called.  However, because the ptolemy.ptII.exitAfterWrapup property is set, we throw this exception instead.
	at ptolemy.util.StringUtilities.exit(StringUtilities.java:365)
	at ptolemy.actor.Manager.wrapup(Manager.java:1549)
	at ptolemy.actor.Manager.execute(Manager.java:407)
	at ptolemy.actor.Manager.run(Manager.java:1263)
	at ptolemy.actor.Manager$PtolemyRunThread.run(Manager.java:1933)
Warning: '.top.test' is in training mode, set the trainingMode parameter to false before checking in
Warning: '.top.test' is in training mode, set the trainingMode parameter to false before checking in
Warning: '.top.test' is in training mode, set the trainingMode parameter to false before checking in
Warning: '.BooleanSwitch_RegressionTest_WrongTrainingValues.Test' is in training mode, set the trainingMode parameter to false before checking in
Warning: '.BooleanSwitch_RegressionTest_WrongTrainingValues.Test2' is in training mode, set the trainingMode parameter to false before checking in
Warning: '.BooleanSwitch_RegressionTest_WrongTrainingValues.Test2' The test produced 0 tokens.
Warning: '.top.testExceptionHandler' is in training mode, set the trainingMode parameter to false before checking in
java.lang.RuntimeException: Execution failed
	at ptolemy.moml.MoMLSimpleApplication$UnloadThread.run(MoMLSimpleApplication.java:402)
Caused by: ptolemy.kernel.util.IllegalActionException: PublisherPorts cannot be used at the top level, use a Publisher actor instead.
  in .PublisherPortToplevelSubscriber.PublisherPort
	at ptolemy.actor.PublisherPort.preinitialize(PublisherPort.java:403)
	at ptolemy.actor.CompositeActor.preinitialize(CompositeActor.java:1769)
	at ptolemy.actor.Manager.preinitializeAndResolveTypes(Manager.java:1040)
	at ptolemy.actor.Manager.initialize(Manager.java:710)
	at ptolemy.actor.Manager.execute(Manager.java:356)
	at ptolemy.actor.Manager.run(Manager.java:1263)
	at ptolemy.actor.Manager$PtolemyRunThread.run(Manager.java:1933)
java.lang.reflect.InvocationTargetException
	at java.base/jdk.internal.reflect.NativeConstructorAccessorImpl.newInstance0(Native Method)
	at java.base/jdk.internal.reflect.NativeConstructorAccessorImpl.newInstance(NativeConstructorAccessorImpl.java:62)
	at java.base/jdk.internal.reflect.DelegatingConstructorAccessorImpl.newInstance(DelegatingConstructorAccessorImpl.java:45)
	at java.base/java.lang.reflect.Constructor.newInstance(Constructor.java:490)
	at ptolemy.util.test.junit.AutoKnownFailedTests.RunModel(AutoKnownFailedTests.java:105)
	at java.base/jdk.internal.reflect.NativeMethodAccessorImpl.invoke0(Native Method)
	at java.base/jdk.internal.reflect.NativeMethodAccessorImpl.invoke(NativeMethodAccessorImpl.java:62)
	at java.base/jdk.internal.reflect.DelegatingMethodAccessorImpl.invoke(DelegatingMethodAccessorImpl.java:43)
	at java.base/java.lang.reflect.Method.invoke(Method.java:566)
	at org.junit.runners.model.FrameworkMethod$1.runReflectiveCall(FrameworkMethod.java:44)
	at org.junit.internal.runners.model.ReflectiveCallable.run(ReflectiveCallable.java:15)
	at org.junit.runners.model.FrameworkMethod.invokeExplosively(FrameworkMethod.java:41)
	at junitparams.internal.InvokeParameterisedMethod.evaluate(InvokeParameterisedMethod.java:102)
	at org.junit.internal.runners.statements.FailOnTimeout$1.run(FailOnTimeout.java:28)
Caused by: ptolemy.kernel.util.IllegalActionException: PublisherPorts cannot be used at the top level, use a Publisher actor instead.
  in .PublisherPortToplevelSubscriber.PublisherPort
	at ptolemy.actor.PublisherPort.preinitialize(PublisherPort.java:403)
	at ptolemy.actor.CompositeActor.preinitialize(CompositeActor.java:1769)
	at ptolemy.actor.Manager.preinitializeAndResolveTypes(Manager.java:1040)
	at ptolemy.actor.Manager.initialize(Manager.java:710)
	at ptolemy.actor.Manager.execute(Manager.java:356)
	at ptolemy.actor.Manager.run(Manager.java:1263)
	at ptolemy.actor.Manager$PtolemyRunThread.run(Manager.java:1933)
java.lang.RuntimeException: Execution failed
	at ptolemy.moml.MoMLSimpleApplication$UnloadThread.run(MoMLSimpleApplication.java:402)
Caused by: ptolemy.kernel.util.IllegalActionException: SubscriberPorts cannot be used at the top level, use a Subscriber actor instead.
  in .PublisherSubscriberPortToplevel.SubscriberPort
	at ptolemy.actor.SubscriberPort.preinitialize(SubscriberPort.java:328)
	at ptolemy.actor.CompositeActor.preinitialize(CompositeActor.java:1769)
	at ptolemy.actor.Manager.preinitializeAndResolveTypes(Manager.java:1040)
	at ptolemy.actor.Manager.initialize(Manager.java:710)
	at ptolemy.actor.Manager.execute(Manager.java:356)
	at ptolemy.actor.Manager.run(Manager.java:1263)
	at ptolemy.actor.Manager$PtolemyRunThread.run(Manager.java:1933)
java.lang.reflect.InvocationTargetException
	at java.base/jdk.internal.reflect.NativeConstructorAccessorImpl.newInstance0(Native Method)
	at java.base/jdk.internal.reflect.NativeConstructorAccessorImpl.newInstance(NativeConstructorAccessorImpl.java:62)
	at java.base/jdk.internal.reflect.DelegatingConstructorAccessorImpl.newInstance(DelegatingConstructorAccessorImpl.java:45)
	at java.base/java.lang.reflect.Constructor.newInstance(Constructor.java:490)
	at ptolemy.util.test.junit.AutoKnownFailedTests.RunModel(AutoKnownFailedTests.java:105)
	at java.base/jdk.internal.reflect.NativeMethodAccessorImpl.invoke0(Native Method)
	at java.base/jdk.internal.reflect.NativeMethodAccessorImpl.invoke(NativeMethodAccessorImpl.java:62)
	at java.base/jdk.internal.reflect.DelegatingMethodAccessorImpl.invoke(DelegatingMethodAccessorImpl.java:43)
	at java.base/java.lang.reflect.Method.invoke(Method.java:566)
	at org.junit.runners.model.FrameworkMethod$1.runReflectiveCall(FrameworkMethod.java:44)
	at org.junit.internal.runners.model.ReflectiveCallable.run(ReflectiveCallable.java:15)
	at org.junit.runners.model.FrameworkMethod.invokeExplosively(FrameworkMethod.java:41)
	at junitparams.internal.InvokeParameterisedMethod.evaluate(InvokeParameterisedMethod.java:102)
	at org.junit.internal.runners.statements.FailOnTimeout$1.run(FailOnTimeout.java:28)
Caused by: ptolemy.kernel.util.IllegalActionException: SubscriberPorts cannot be used at the top level, use a Subscriber actor instead.
  in .PublisherSubscriberPortToplevel.SubscriberPort
	at ptolemy.actor.SubscriberPort.preinitialize(SubscriberPort.java:328)
	at ptolemy.actor.CompositeActor.preinitialize(CompositeActor.java:1769)
	at ptolemy.actor.Manager.preinitializeAndResolveTypes(Manager.java:1040)
	at ptolemy.actor.Manager.initialize(Manager.java:710)
	at ptolemy.actor.Manager.execute(Manager.java:356)
	at ptolemy.actor.Manager.run(Manager.java:1263)
	at ptolemy.actor.Manager$PtolemyRunThread.run(Manager.java:1933)
java.lang.RuntimeException: Execution failed
	at ptolemy.moml.MoMLSimpleApplication$UnloadThread.run(MoMLSimpleApplication.java:402)
Caused by: ptolemy.kernel.util.IllegalActionException: SubscriptionAggregatorPorts cannot be used at the top level, use a SubscriptionAggregator actor instead.
  in .PublisherSubscriptionAggregatorPort.SubscriptionAggregatorPort
	at ptolemy.actor.SubscriptionAggregatorPort.preinitialize(SubscriptionAggregatorPort.java:353)
	at ptolemy.actor.CompositeActor.preinitialize(CompositeActor.java:1769)
	at ptolemy.actor.Manager.preinitializeAndResolveTypes(Manager.java:1040)
	at ptolemy.actor.Manager.initialize(Manager.java:710)
	at ptolemy.actor.Manager.execute(Manager.java:356)
	at ptolemy.actor.Manager.run(Manager.java:1263)
	at ptolemy.actor.Manager$PtolemyRunThread.run(Manager.java:1933)
java.lang.reflect.InvocationTargetException
	at java.base/jdk.internal.reflect.NativeConstructorAccessorImpl.newInstance0(Native Method)
	at java.base/jdk.internal.reflect.NativeConstructorAccessorImpl.newInstance(NativeConstructorAccessorImpl.java:62)
	at java.base/jdk.internal.reflect.DelegatingConstructorAccessorImpl.newInstance(DelegatingConstructorAccessorImpl.java:45)
	at java.base/java.lang.reflect.Constructor.newInstance(Constructor.java:490)
	at ptolemy.util.test.junit.AutoKnownFailedTests.RunModel(AutoKnownFailedTests.java:105)
	at java.base/jdk.internal.reflect.NativeMethodAccessorImpl.invoke0(Native Method)
	at java.base/jdk.internal.reflect.NativeMethodAccessorImpl.invoke(NativeMethodAccessorImpl.java:62)
	at java.base/jdk.internal.reflect.DelegatingMethodAccessorImpl.invoke(DelegatingMethodAccessorImpl.java:43)
	at java.base/java.lang.reflect.Method.invoke(Method.java:566)
	at org.junit.runners.model.FrameworkMethod$1.runReflectiveCall(FrameworkMethod.java:44)
	at org.junit.internal.runners.model.ReflectiveCallable.run(ReflectiveCallable.java:15)
	at org.junit.runners.model.FrameworkMethod.invokeExplosively(FrameworkMethod.java:41)
	at junitparams.internal.InvokeParameterisedMethod.evaluate(InvokeParameterisedMethod.java:102)
	at org.junit.internal.runners.statements.FailOnTimeout$1.run(FailOnTimeout.java:28)
Caused by: ptolemy.kernel.util.IllegalActionException: SubscriptionAggregatorPorts cannot be used at the top level, use a SubscriptionAggregator actor instead.
  in .PublisherSubscriptionAggregatorPort.SubscriptionAggregatorPort
	at ptolemy.actor.SubscriptionAggregatorPort.preinitialize(SubscriptionAggregatorPort.java:353)
	at ptolemy.actor.CompositeActor.preinitialize(CompositeActor.java:1769)
	at ptolemy.actor.Manager.preinitializeAndResolveTypes(Manager.java:1040)
	at ptolemy.actor.Manager.initialize(Manager.java:710)
	at ptolemy.actor.Manager.execute(Manager.java:356)
	at ptolemy.actor.Manager.run(Manager.java:1263)
	at ptolemy.actor.Manager$PtolemyRunThread.run(Manager.java:1933)
java.lang.RuntimeException: Execution failed
	at ptolemy.moml.MoMLSimpleApplication$UnloadThread.run(MoMLSimpleApplication.java:402)
Caused by: ptolemy.kernel.util.IllegalActionException: TypeTest actor has no training data.
  in .sizedarray3.TypeTest
	at ptolemy.actor.lib.TypeTest.initialize(TypeTest.java:250)
	at ptolemy.actor.Director.initialize(Director.java:938)
	at ptolemy.actor.Director.initialize(Director.java:907)
	at ptolemy.actor.sched.StaticSchedulingDirector.initialize(StaticSchedulingDirector.java:159)
	at ptolemy.domains.sdf.kernel.SDFDirector.initialize(SDFDirector.java:544)
	at ptolemy.actor.CompositeActor.initialize(CompositeActor.java:935)
	at ptolemy.actor.Manager.initialize(Manager.java:724)
	at ptolemy.actor.Manager.execute(Manager.java:356)
	at ptolemy.actor.Manager.run(Manager.java:1263)
	at ptolemy.actor.Manager$PtolemyRunThread.run(Manager.java:1933)
java.lang.reflect.InvocationTargetException
	at java.base/jdk.internal.reflect.NativeConstructorAccessorImpl.newInstance0(Native Method)
	at java.base/jdk.internal.reflect.NativeConstructorAccessorImpl.newInstance(NativeConstructorAccessorImpl.java:62)
	at java.base/jdk.internal.reflect.DelegatingConstructorAccessorImpl.newInstance(DelegatingConstructorAccessorImpl.java:45)
	at java.base/java.lang.reflect.Constructor.newInstance(Constructor.java:490)
	at ptolemy.util.test.junit.AutoKnownFailedTests.RunModel(AutoKnownFailedTests.java:105)
	at java.base/jdk.internal.reflect.NativeMethodAccessorImpl.invoke0(Native Method)
	at java.base/jdk.internal.reflect.NativeMethodAccessorImpl.invoke(NativeMethodAccessorImpl.java:62)
	at java.base/jdk.internal.reflect.DelegatingMethodAccessorImpl.invoke(DelegatingMethodAccessorImpl.java:43)
	at java.base/java.lang.reflect.Method.invoke(Method.java:566)
	at org.junit.runners.model.FrameworkMethod$1.runReflectiveCall(FrameworkMethod.java:44)
	at org.junit.internal.runners.model.ReflectiveCallable.run(ReflectiveCallable.java:15)
	at org.junit.runners.model.FrameworkMethod.invokeExplosively(FrameworkMethod.java:41)
	at junitparams.internal.InvokeParameterisedMethod.evaluate(InvokeParameterisedMethod.java:102)
	at org.junit.internal.runners.statements.FailOnTimeout$1.run(FailOnTimeout.java:28)
Caused by: ptolemy.kernel.util.IllegalActionException: TypeTest actor has no training data.
  in .sizedarray3.TypeTest
	at ptolemy.actor.lib.TypeTest.initialize(TypeTest.java:250)
	at ptolemy.actor.Director.initialize(Director.java:938)
	at ptolemy.actor.Director.initialize(Director.java:907)
	at ptolemy.actor.sched.StaticSchedulingDirector.initialize(StaticSchedulingDirector.java:159)
	at ptolemy.domains.sdf.kernel.SDFDirector.initialize(SDFDirector.java:544)
	at ptolemy.actor.CompositeActor.initialize(CompositeActor.java:935)
	at ptolemy.actor.Manager.initialize(Manager.java:724)
	at ptolemy.actor.Manager.execute(Manager.java:356)
	at ptolemy.actor.Manager.run(Manager.java:1263)
	at ptolemy.actor.Manager$PtolemyRunThread.run(Manager.java:1933)
]]></system-err>
</testsuite>
