<?xml version="1.0" encoding="UTF-8" ?>
<testsuite errors="0" failures="0" hostname="travis-job-bd1a8b60-e0a0-49d9-b590-e99a99000100" name="ptolemy.domains.de.test.junit.JUnitTclTest" skipped="0" tests="101" time="126.664" timestamp="2018-10-30T02:36:12">
  <properties>
    <property name="npm.executable" value="npm" />
    <property name="file.encoding.pkg" value="sun.io" />
    <property name="env.TRAVIS_ROOT" value="/" />
    <property name="ptII.mk.exists" value="true" />
    <property name="env.TRAVIS_APP_HOST" value="build.travis-ci.org" />
    <property name="env.rvm_bin_path" value="/home/travis/.rvm/bin" />
    <property name="java.home" value="/usr/lib/jvm/java-8-oracle/jre" />
    <property name="env.TRAVIS_JOB_NUMBER" value="801.9" />
    <property name="env.TRAVIS_HOME" value="/home/travis" />
    <property name="env.DISPLAY" value=":99.0" />
    <property name="java.net.preferIPv4Stack" value="true" />
    <property name="env.TRAVIS_INIT" value="upstart" />
    <property name="env.SSH_TTY" value="/dev/pts/0" />
    <property name="env.RUN_TESTS" value="false" />
    <property name="timeout.short" value="1000000" />
    <property name="env.TRAVIS_STACK_NODE_ATTRIBUTES" value="/.node-attributes.yml" />
    <property name="junit.formatter" value="xml" />
    <property name="java.endorsed.dirs" value="/usr/lib/jvm/java-8-oracle/jre/lib/endorsed" />
    <property name="env.TRAVIS_SUDO" value="true" />
    <property name="env.LOGNAME" value="travis" />
    <property name="jsdoc.home" value="node_modules/@terraswarm/jsdoc" />
    <property name="debuglevel" value="source,lines,vars" />
    <property name="checkstyle.formatter" value="xml" />
    <property name="bin.vergil.makeable" value="true" />
    <property name="env._system_version" value="14.04" />
    <property name="sun.os.patch.level" value="unknown" />
    <property name="java.vendor.url" value="http://java.oracle.com/" />
    <property name="env.TRAVIS_BUILD_WEB_URL" value="https://travis-ci.org/icyphy/ptII/builds/448127081" />
    <property name="java.version" value="1.8.0_151" />
    <property name="env.TZ" value="UTC" />
    <property name="env.PT_NO_NET" value="true" />
    <property name="env.TRAVIS_PULL_REQUEST_SHA" value="" />
    <property name="env.TRAVIS_SECURE_ENV_VARS" value="true" />
    <property name="env._system_type" value="Linux" />
    <property name="java.vendor.url.bug" value="http://bugreport.sun.com/bugreport/" />
    <property name="env.SSH_CLIENT" value="10.10.4.29 40942 22" />
    <property name="npmjs-org-is-up" value="true" />
    <property name="env.GEM_HOME" value="/home/travis/.rvm/gems/ruby-2.4.1" />
    <property name="env.HAS_ANTARES_THREE_LITTLE_FRONZIES_BADGE" value="true" />
    <property name="env.PS4" value="+" />
    <property name="ant.project.invoked-targets" value="build,test.core2.xml" />
    <property name="env.TRAVIS_PULL_REQUEST_BRANCH" value="" />
    <property name="env.TRAVIS_REPO_SLUG" value="icyphy/ptII" />
    <property name="node.in.path" value="true" />
    <property name="java.maxmemory" value="1400m" />
    <property name="env.RUBY_VERSION" value="ruby-2.4.1" />
    <property name="user.name" value="travis" />
    <property name="env.LANG" value="en_US.UTF-8" />
    <property name="sun.io.unicode.encoding" value="UnicodeLittle" />
    <property name="sun.jnu.encoding" value="UTF-8" />
    <property name="java.runtime.name" value="Java(TM) SE Runtime Environment" />
    <property name="usefile" value="false" />
    <property name="return.code" value="0" />
    <property name="junit.single.formatter" value="plain" />
    <property name="env.DYLD_LIBRARY_PATH" value="/home/travis/pthla/certi-tools/lib:" />
    <property name="env.DEBIAN_FRONTEND" value="noninteractive" />
    <property name="env.SSH_CONNECTION" value="10.10.4.29 40942 10.20.0.48 22" />
    <property name="env.MYSQL_UNIX_PORT" value="/var/run/mysqld/mysqld.sock" />
    <property name="env.TRAVIS_ALLOW_FAILURE" value="false" />
    <property name="env.LC_ALL" value="en_US.UTF-8" />
    <property name="env.TRAVIS_JOB_WEB_URL" value="https://travis-ci.org/icyphy/ptII/jobs/448127090" />
    <property name="java.specification.name" value="Java Platform API Specification" />
    <property name="node.works" value="true" />
    <property name="user.timezone" value="" />
    <property name="path.separator" value=":" />
    <property name="env.TRAVIS_ENABLE_INFRA_DETECTION" value="true" />
    <property name="env.PYTHON_CFLAGS" value="-g -fstack-protector --param=ssp-buffer-size=4 -Wformat -Werror=format-security" />
    <property name="timeout.long" value="4000000" />
    <property name="env.CERTI_HOME" value="/home/travis/pthla/certi-tools" />
    <property name="file.encoding" value="UTF-8" />
    <property name="ant.file.ptII" value="/home/travis/build/icyphy/ptII/build.xml" />
    <property name="javadoc.packagenames" value="com.*,diva.*,lbnl.*,org.hlacerti.*,org.json.*,org.ptolemy.*,org.terraswarm.*,ptolemy.*,ptserver.*" />
    <property name="env.TRAVIS_PULL_REQUEST_SLUG" value="" />
    <property name="ant.project.default-target" value="build" />
    <property name="env.GIT_ASKPASS" value="echo" />
    <property name="env.HOME" value="/home/travis" />
    <property name="sun.java.command" value="org.apache.tools.ant.taskdefs.optional.junit.JUnitTestRunner ptolemy.domains.de.test.junit.JUnitTclTest skipNonTests=false filtertrace=true haltOnError=false haltOnFailure=false formatter=org.apache.tools.ant.taskdefs.optional.junit.OutErrSummaryJUnitResultFormatter showoutput=true outputtoformatters=true logfailedtests=true threadid=0 logtestlistenerevents=false formatter=org.apache.tools.ant.taskdefs.optional.junit.XMLJUnitResultFormatter,/home/travis/build/icyphy/ptII/reports/junit/TEST-ptolemy.domains.de.test.junit.JUnitTclTest.xml crashfile=/home/travis/build/icyphy/ptII/junitvmwatcher8641931967088865249.properties propsfile=/home/travis/build/icyphy/ptII/junit4386209496595895906.properties" />
    <property name="env.MANPATH" value="/home/travis/.nvm/versions/node/v7.10.1/share/man:/home/travis/.kiex/elixirs/elixir-1.4.5/man:/home/travis/.rvm/rubies/ruby-2.4.1/share/man:/usr/local/man:/usr/local/cmake-3.9.2/man:/usr/local/clang-5.0.0/share/man:/usr/local/share/man:/usr/share/man:/home/travis/.rvm/man" />
    <property name="env.COMPOSER_NO_INTERACTION" value="1" />
    <property name="env.JDK_SWITCHER_DEFAULT" value="oraclejdk8" />
    <property name="env.TRAVIS_TIMER_ID" value="0f5db8e0" />
    <property name="ant.file" value="/home/travis/build/icyphy/ptII/build.xml" />
    <property name="env.TRAVIS_COMMIT_RANGE" value="53cdf3a040f7acb4a27c6671e4b61cff19d6e7fe...266362fdd7fec1c11f86a883b758bf967cd42763" />
    <property name="env._system_name" value="Ubuntu" />
    <property name="timeout" value="2400000" />
    <property name="ptII.classpath.optional.property" value="/home/travis/build/icyphy/ptII/lib/bsh-2.0b4.jar:/home/travis/build/icyphy/ptII/lib/ptCal.jar:/home/travis/build/icyphy/ptII/lib/java_cup.jar:/home/travis/build/icyphy/ptII/lib/saxon8.jar:/home/travis/build/icyphy/ptII/lib/saxon8-dom.jar:/home/travis/build/icyphy/ptII/lib/chic.jar:/home/travis/build/icyphy/ptII/lib/ptcolt.jar:/usr/lib/jvm/java-8-oracle/lib/tools.jar:/usr/lib/eclipse/plugins/org.eclipse.jdt.core_3.8.2.dist.jar:/usr/lib/eclipse/plugins/org.eclipse.core.runtime_3.8.0.dist.jar:/usr/lib/eclipse/plugins/org.eclipse.osgi_3.8.1.dist.jar:/usr/lib/eclipse/plugins/org.eclipse.core.resources_3.8.1.dist.jar:/usr/lib/eclipse/plugins/org.eclipse.equinox.common_3.6.100.dist.jar:/usr/lib/eclipse/plugins/org.eclipse.core.jobs_3.5.200.dist.jar:/usr/lib/eclipse/plugins/org.eclipse.core.contenttype_3.4.200.dist.jar:/usr/lib/eclipse/plugins/org.eclipse.equinox.preferences_3.5.0.dist.jar:/usr/lib/eclipse/plugins/org.eclipse.text_3.5.200.dist.jar:/usr/lib/eclipse/plugins/org.eclipse.ui.workbench_3.8.1.dist.jar:/usr/lib/eclipse/plugins/org.eclipse.jface_3.8.0.dist.jar:/usr/lib/eclipse/plugins/org.eclipse.swt_3.8.2.jar:/usr/lib/eclipse/plugins/org.eclipse.jface.text_3.8.1.dist.jar:/usr/lib/eclipse/plugins/org.eclipse.ui.workbench.texteditor_3.8.0.dist.jar:/usr/lib/eclipse/plugins/org.eclipse.ui.editors_3.8.0.dist.jar:/usr/lib/eclipse/plugins/org.eclipse.core.commands_3.6.1.dist.jar:/usr/lib/eclipse/plugins/org.eclipse.equinox.registry_3.5.200.dist.jar:/usr/lib/eclipse/plugins/org.eclipse.ui.console_3.5.100.dist.jar:/usr/lib/eclipse/plugins/org.eclipse.ui.forms_3.5.200.dist.jar:/usr/lib/eclipse/plugins/org.eclipse.ui.ide_3.8.1.dist.jar:/home/travis/build/icyphy/ptII/vendors/oracle/dbxml.jar:/home/travis/build/icyphy/ptII/vendors/oracle/db.jar:/home/travis/build/icyphy/ptII/vendors/misc/itext/iText.jar:/home/travis/build/icyphy/ptII/lib/g4ltl.jar:/home/travis/build/icyphy/ptII/lib/StructuralCoder.jar:/home/travis/build/icyphy/ptII/lib/org-openide-util.jar:/home/travis/build/icyphy/ptII/lib/org-openide-util-lookup.jar:/home/travis/build/icyphy/ptII/lib/org-netbeans-api-visual.jar:/home/travis/build/icyphy/ptII/vendors/jai-1_1_2_01/lib/jai_core.jar:/home/travis/build/icyphy/ptII/vendors/jai-1_1_2_01/lib/jai_codec.jar:/home/travis/build/icyphy/ptII/lib/jcerti.jar:/home/travis/build/icyphy/ptII/lib/smack.jar:/home/travis/build/icyphy/ptII/lib/smackx.jar:/home/travis/build/icyphy/ptII/lib/jetty-all-8.1.5-v20120716.jar:/home/travis/build/icyphy/ptII/lib/javax.servlet-api-3.0.1.jar:/home/travis/build/icyphy/ptII/lib/javax.mail.jar:/home/travis/build/icyphy/ptII/vendors/JMF-2.1.1e/lib/jmf.jar:/home/travis/build/icyphy/ptII/lib/jna-4.0.0-variadic.jar:/home/travis/build/icyphy/ptII/vendors/misc/joystick/Joystick.jar:/home/travis/build/icyphy/ptII/lib/ptjacl.jar:/home/travis/build/icyphy/ptII/lib/jsoup-1.8.2.jar:/home/travis/build/icyphy/ptII/lib/junit-4.8.2.jar:/home/travis/build/icyphy/ptII/lib/JUnitParams-0.4.0.jar:/home/travis/build/icyphy/ptII/ptolemy/actor/lib/excel/jxl.jar:/home/travis/build/icyphy/ptII/lib/jython.jar:/home/travis/build/icyphy/ptII/lib/kieler.jar:/home/travis/build/icyphy/ptII/vendors/opencv/share/OpenCV/java/opencv-341.jar:/home/travis/build/icyphy/ptII/lib/oscP5.jar:/home/travis/build/icyphy/ptII/lib/nrjavaserial-3.11.0.devel.jar:/home/travis/build/icyphy/ptII/vendors/j3d/lib/j3dcore.jar:/home/travis/build/icyphy/ptII/vendors/j3d/lib/j3dutils.jar:/home/travis/build/icyphy/ptII/vendors/j3d/lib/vecmath.jar:/home/travis/build/icyphy/ptII/ptolemy/distributed/jini/jar/jini-core.jar:/home/travis/build/icyphy/ptII/ptolemy/distributed/jini/jar/jini-ext.jar:/home/travis/build/icyphy/ptII/ptolemy/distributed/jini/jar/sun-util.jar:/home/travis/build/icyphy/ptII/lib/protobuf-java-2.4.1.jar:/home/travis/build/icyphy/ptII/lib/org.eclipse.paho.client.mqttv3.jar:/home/travis/build/icyphy/ptII/ptserver/lib/hessian-4.0.7.jar:/home/travis/build/icyphy/ptII/ptserver/lib/wmqtt.jar:/home/travis/build/icyphy/ptII/lib/mapss.jar:/home/travis/build/icyphy/ptII/ptolemy/actor/ptalon/antlr/antlr.jar:/home/travis/build/icyphy/ptII/lib/JRI.jar:/home/travis/build/icyphy/ptII/lib/commons-lang-2.6.jar:/home/travis/build/icyphy/ptII/lib/commons-logging-1.1.1.jar:/home/travis/build/icyphy/ptII/lib/sootclasses.jar:/home/travis/build/icyphy/ptII/ptolemy/actor/lib/database/mysql-connector-java-5.1.6-bin.jar:/home/travis/build/icyphy/ptII/vendors/misc/sphinx4/sphinx4-data-5prealpha.jar:/home/travis/build/icyphy/ptII/vendors/misc/sphinx4/sphinx4-core-5prealpha.jar:/home/travis/build/icyphy/ptII/lib/PDFRenderer.jar:/home/travis/build/icyphy/ptII/lib/svgSalamander.jar:/home/travis/build/icyphy/ptII/lib/rsyntaxtextarea-2.6.0-SNAPSHOT.jar:/home/travis/build/icyphy/ptII/lib/hazelcast-3.8.2.jar:/home/travis/build/icyphy/ptII/lib/jackson-annotations-2.9.0.jar:/home/travis/build/icyphy/ptII/lib/jackson-core-2.9.3.jar:/home/travis/build/icyphy/ptII/lib/jackson-databind-2.9.3.jar:/home/travis/build/icyphy/ptII/lib/netty-buffer-4.1.19.Final.jar:/home/travis/build/icyphy/ptII/lib/netty-codec-4.1.19.Final.jar:/home/travis/build/icyphy/ptII/lib/netty-codec-dns-4.1.19.Final.jar:/home/travis/build/icyphy/ptII/lib/netty-codec-http-4.1.19.Final.jar:/home/travis/build/icyphy/ptII/lib/netty-codec-http2-4.1.19.Final.jar:/home/travis/build/icyphy/ptII/lib/netty-common-4.1.19.Final.jar:/home/travis/build/icyphy/ptII/lib/netty-handler-4.1.19.Final.jar:/home/travis/build/icyphy/ptII/lib/netty-resolver-4.1.19.Final.jar:/home/travis/build/icyphy/ptII/lib/netty-resolver-dns-4.1.19.Final.jar:/home/travis/build/icyphy/ptII/lib/netty-transport-4.1.19.Final.jar:/home/travis/build/icyphy/ptII/lib/vertx-codegen-3.5.1.jar:/home/travis/build/icyphy/ptII/lib/vertx-core-3.5.2-SNAPSHOT.jar:/home/travis/build/icyphy/ptII/lib/vertx-hazelcast-3.5.1.jar:/home/travis/build/icyphy/ptII/lib/vertx-lang-js-3.5.1.jar:/home/travis/build/icyphy/ptII/lib/vertx-service-proxy-3.5.1.jar:/home/travis/build/icyphy/ptII/lib/vertx-web-3.5.1.jar:/home/travis/build/icyphy/ptII/lib/slf4j-api-1.7.13.jar:/home/travis/build/icyphy/ptII/lib/slf4j-simple-1.7.13.jar:/home/travis/build/icyphy/ptII/lib/webcam-capture-0.3.12.jar:/home/travis/build/icyphy/ptII/lib/bridj-0.7.0.jar:/home/travis/build/icyphy/ptII/lib/xbjlib-1.1.0.nrjavaserial.jar" />
    <property name="test.batch" value="**/junit/*.java" />
    <property name="env._" value="/usr/bin/timeout" />
    <property name="java.io.tmpdir" value="/tmp" />
    <property name="env.TRAVIS_INTERNAL_RUBY_REGEX" value="^ruby-(2\.[0-2]\.[0-9]|1\.9\.3)" />
    <property name="user.language" value="en" />
    <property name="env.HISTCONTROL" value="ignoredups:ignorespace" />
    <property name="env.GOROOT" value="/home/travis/.gimme/versions/go1.7.4.linux.amd64" />
    <property name="line.separator" value="&#xa;" />
    <property name="target" value="1.8" />
    <property name="env.TRAVIS_BUILD_DIR" value="/home/travis/build/icyphy/ptII" />
    <property name="env.ANT_OPTS" value="-Xmx2048m" />
    <property name="ant.file.type" value="file" />
    <property name="ptolemy.ptII.batchMode" value="true" />
    <property name="env.HISTSIZE" value="1000" />
    <property name="env.MERB_ENV" value="test" />
    <property name="java.vm.info" value="mixed mode" />
    <property name="source" value="1.8" />
    <property name="java.vm.specification.name" value="Java Virtual Machine Specification" />
    <property name="env.TRAVIS_TEST_RESULT" value="0" />
    <property name="jsdoc.command" value="node_modules/@terraswarm/jsdoc/jsdoc.js" />
    <property name="npm.works" value="true" />
    <property name="cobertura.dir" value="/home/travis/build/icyphy/ptII/vendors/cobertura-2.0.3" />
    <property name="env.rvm_path" value="/home/travis/.rvm" />
    <property name="env.GEM_PATH" value="/home/travis/.rvm/gems/ruby-2.4.1:/home/travis/.rvm/gems/ruby-2.4.1@global" />
    <property name="env.LC_CTYPE" value="en_US.UTF-8" />
    <property name="java.awt.printerjob" value="sun.print.PSPrinterJob" />
    <property name="env.TRAVIS_CMD" value="$PTII/bin/ptIITravisBuild.sh $SECONDS" />
    <property name="env.TRAVIS_STACK_NAME" value="garnet" />
    <property name="env.TRAVIS_TIMER_START_TIME" value="1540866480019665049" />
    <property name="ant.version" value="Apache Ant(TM) version 1.10.1 compiled on February 2 2017" />
    <property name="ptII.reports" value="/home/travis/build/icyphy/ptII/reports" />
    <property name="env.TRAVIS_STACK_TIMESTAMP" value="2017-12-05 19:33:09 UTC" />
    <property name="ant.file.type.ptII" value="file" />
    <property name="env.RBENV_SHELL" value="bash" />
    <property name="os.name" value="Linux" />
    <property name="java.specification.vendor" value="Oracle Corporation" />
    <property name="env.rvm_version" value="1.29.3 (latest)" />
    <property name="env.TRAVIS_INFRA" value="gce" />
    <property name="env.TERM" value="xterm" />
    <property name="java.vm.name" value="Java HotSpot(TM) 64-Bit Server VM" />
    <property name="env.TRAVIS_BUILD_NUMBER" value="801" />
    <property name="env.CI" value="true" />
    <property name="java.library.path" value="/home/travis/pthla/certi-tools/lib:/usr/lib/jni:/usr/local/share/OpenCV/java/:/usr/share/OpenCV/java::/usr/java/packages/lib/amd64:/usr/lib64:/lib64:/lib:/usr/lib" />
    <property name="env.rvm_prefix" value="/home/travis" />
    <property name="env.PATH" value="/home/travis/pthla/certi-tools/share/scripts:/home/travis/.rvm/gems/ruby-2.4.1/bin:/home/travis/.rvm/gems/ruby-2.4.1@global/bin:/home/travis/.rvm/rubies/ruby-2.4.1/bin:/home/travis/.rvm/bin:/home/travis/.nvm/versions/node/v7.10.1/bin:./node_modules/.bin:/home/travis/build/icyphy/ptII/bin:/home/travis/pthla/certi-tools/bin:/home/travis/bin:/home/travis/.local/bin:/opt/pyenv/shims:/home/travis/.phpenv/shims:/home/travis/perl5/perlbrew/bin:/home/travis/.kiex/elixirs/elixir-1.4.5/bin:/home/travis/.kiex/bin:/home/travis/gopath/bin:/home/travis/.gimme/versions/go1.7.4.linux.amd64/bin:/usr/local/phantomjs/bin:/usr/local/phantomjs:/usr/local/neo4j-3.2.7/bin:/usr/local/maven-3.5.2/bin:/usr/local/cmake-3.9.2/bin:/usr/local/clang-5.0.0/bin:/usr/local/sbin:/usr/local/bin:/usr/sbin:/usr/bin:/sbin:/bin:/home/travis/.phpenv/bin:/opt/pyenv/bin:/home/travis/.yarn/bin" />
    <property name="env.TRAVIS_OS_NAME" value="linux" />
    <property name="ant.java.version" value="1.8" />
    <property name="basedir" value="/home/travis/build/icyphy/ptII" />
    <property name="java.class.version" value="52.0" />
    <property name="env.SHLVL" value="3" />
    <property name="env.LD_LIBRARY_PATH" value="/home/travis/pthla/certi-tools/lib:/usr/lib/jni:/usr/local/share/OpenCV/java/:/usr/share/OpenCV/java:" />
    <property name="env.RACK_ENV" value="test" />
    <property name="ant.home" value="/home/travis/build/icyphy/ptII/ant" />
    <property name="env.NVM_DIR" value="/home/travis/.nvm" />
    <property name="env.PERLBREW_BASHRC_VERSION" value="0.80" />
    <property name="env.CERTI_FOM_PATH" value="/home/travis/pthla/certi-tools/share/federations" />
    <property name="env.TRAVIS_BUILD_ID" value="448127081" />
    <property name="env.PYENV_ROOT" value="/opt/pyenv" />
    <property name="env.TRAVIS_UID" value="2000" />
    <property name="env.rvm_pretty_print_flag" value="auto" />
    <property name="env.NVM_BIN" value="/home/travis/.nvm/versions/node/v7.10.1/bin" />
    <property name="env.TRAVIS_COMMIT" value="266362fdd7fec1c11f86a883b758bf967cd42763" />
    <property name="env._system_arch" value="x86_64" />
    <property name="node.executable" value="node" />
    <property name="sun.boot.library.path" value="/usr/lib/jvm/java-8-oracle/jre/lib/amd64" />
    <property name="sun.management.compiler" value="HotSpot 64-Bit Tiered Compilers" />
    <property name="env.GOPATH" value="/home/travis/gopath" />
    <property name="java.awt.graphicsenv" value="sun.awt.X11GraphicsEnvironment" />
    <property name="ptolemy.ptII.dir" value="/home/travis/build/icyphy/ptII" />
    <property name="env.USER" value="travis" />
    <property name="env.HISTFILESIZE" value="2000" />
    <property name="timeout.longest" value="19000000" />
    <property name="env.TRAVIS_STACK_FEATURES" value="basic cassandra chromium couchdb disabled-ipv6 docker docker-compose elasticsearch firefox go-toolchain google-chrome jdk memcached mongodb mysql neo4j nodejs_interpreter perl_interpreter perlbrew phantomjs postgresql python_interpreter rabbitmq redis riak ruby_interpreter sqlite xserver" />
    <property name="env.TRAVIS_PULL_REQUEST" value="false" />
    <property name="env.PYENV_SHELL" value="bash" />
    <property name="ant.project.name" value="ptII" />
    <property name="java.vm.specification.version" value="1.8" />
    <property name="env.ANSI_RESET" value="\033[0m" />
    <property name="env.TRAVIS_DIST" value="trusty" />
    <property name="env.CERTI_VERSION" value="4.0.0" />
    <property name="env.NLSPATH" value="/usr/dt/lib/nls/msg/%L/%N.cat" />
    <property name="env.CERTI_HOST" value="localhost" />
    <property name="awt.toolkit" value="sun.awt.X11.XToolkit" />
    <property name="env.MY_RUBY_HOME" value="/home/travis/.rvm/rubies/ruby-2.4.1" />
    <property name="sun.cpu.isalist" value="" />
    <property name="env.TRAVIS_TMPDIR" value="/tmp/tmp.TseIpP6Lyv" />
    <property name="java.ext.dirs" value="/usr/lib/jvm/java-8-oracle/jre/lib/ext:/usr/java/packages/lib/ext" />
    <property name="os.version" value="4.4.0-101-generic" />
    <property name="user.home" value="/home/travis" />
    <property name="env.MIX_ARCHIVES" value="/home/travis/.kiex/mix/elixir-1.4.5" />
    <property name="java.vm.vendor" value="Oracle Corporation" />
    <property name="env.TRAVIS_TAG" value="nightly" />
    <property name="env.ANSI_YELLOW" value="\033[33;1m" />
    <property name="env.TRAVIS_FILTERED" value="redirect_io" />
    <property name="env.ANSI_GREEN" value="\033[32;1m" />
    <property name="javadoc.excludepackagenames" value="adm.cvs2svn.*,build.*,config.*,doc.coding.templates.*,jni.test.jni.meaningOfLife.*,jni.test.jni.testDeux.*,jni.test.jni.testTrois.*,org.terraswarm.accessor.accessors.web.node_modules.*,org.terraswarm.accessor.accessors.web.hosts.cordova.demo.*,org.terraswarm.accessor.accessors.web.hosts.cordova.plugins.*,org.terraswarm.accessor.accessors-svn.*,pt-modules.*,ptolemy.apps.agilent.*,ptolemy.apps.anytimecontrol.*,ptolemy.apps.apes.*,ptolemy.apps.charon.*,ptolemy.apps.crazyboard.*,ptolemy.apps.eclipse.*,ptolemy.apps.etherealSting.*,ptolemy.apps.fullscreen.*,ptolemy.apps.giotto.*,ptolemy.apps.ia.*,ptolemy.apps.interfaces.*,ptolemy.apps.jmf.*,ptolemy.apps.kurt.*,ptolemy.apps.kvm.*,ptolemy.apps.lego.*,ptolemy.apps.lejos.*,ptolemy.apps.midp.*,ptolemy.apps.mobileCoding.*,ptolemy.apps.pendulum.*,ptolemy.apps.rijndael.*,ptolemy.apps.robot.*,ptolemy.apps.security.*,ptolemy.apps.sobel.*,ptolemy.apps.soot.*,ptolemy.apps.throttle.*,ptolemy.apps.tini.*,ptolemy.apps.transmission.*,ptolemy.apps.vergil.*,ptolemy.apps.waba.*,ptolemy.apps.websensor.*,ptolemy.apps.webstart.*,ptolemy.apps.xsl.*,ptolemy.apps.zaurus.*,ptolemy.backtrack.eclipse.plugin.*,ptolemy.backtrack.test.*,ptolemy.codegen.c.actor.lib.oldJavaFiles.*,ptolemy.codegen.dsp.lib.*,ptolemy.codegen.kernel.newInterfaces.*,ptolemy.codegen.lib.*,ptolemy.copernicus.kernel.fragment.*,ptolemy.copernicus.shallow.cg.*,ptolemy.domains.giotto.demo.Hierarchy.Hierarchy.*,ptolemy.domains.giotto.demo.Multimode.Multimode.*,ptolemy.domains.giotto.demo.Simple.Simple.*,ptolemy.domains.gr.lib.experimental.*,ptolemy.domains.gro.*,ptolemy.domains.pdf.*,ptolemy.domains.ptinyos.demo.Surge.output.*,ptolemy.moml.test.NoPackageActor.java*,ptolemy.plot.adm.*,ptolemy.plot.servlet.*,reports.*,signed.*,src.*,target.*,vendors.*,ptolemy.cg.adapter.generic.program.procedural.c.mbed*,ptolemy.actor.lib.fmi.fmus.omc*,ptolemy.domains.openmodelica*,ptdb.kernel.bl.save.test.*,ptdb.kernel.bl.load.test.*,ptdb.kernel.bl.search.test.*,ptdb.kernel.bl.migration.test.*,ptdb.kernel.database.test.*,ptdb.test.*,ptdb.gui.test.*,org.ptolemy.scala.*,diva.util.java2d.svg.*,ptolemy.domains.ptinyos.*,ptolemy.actor.lib.fmi.fmipp.*,,org.terraswarm.accessor.accessors.web.node_modules.*,org.terraswarm.accessor.accessors-svn,ptolemy.apps.*,ptolemy.actor.ptalon.demo.ptinyos.SendAndReceiveCnt.output,ptolemy.actor.ptalon.demo.ptinyos.SenseToLeds.output,ptolemy.domains.ptinyos.demo.CntToLedsAndRfm.output,ptolemy.domains.ptinyos.demo.RfmToLeds.output,ptolemy.domains.ptinyos.demo.SendAndReceiveCnt.output,ptolemy.domains.ptinyos.demo.SenseToLeds.output,ptolemy.actor.lib.jjs.modules.udpSocket.*" />
    <property name="env.JAVA_HOME" value="/usr/lib/jvm/java-8-oracle" />
    <property name="env.PTII" value="/home/travis/build/icyphy/ptII" />
    <property name="env.XDG_SESSION_ID" value="2" />
    <property name="keystore" value="ptKeystore" />
    <property name="env.TRAVIS_COMMIT_MESSAGE" value="Fixed test of parameter.currentValue to not be fooled by zero value" />
    <property name="junit.output.dir" value="/home/travis/build/icyphy/ptII/reports/junit" />
    <property name="npm.return.code" value="0" />
    <property name="user.dir" value="/home/travis/build/icyphy/ptII/ptolemy/domains/de/test" />
    <property name="env.TRAVIS_NODE_VERSION" value="7" />
    <property name="env.XFILESEARCHPATH" value="/usr/dt/app-defaults/%L/Dt" />
    <property name="env.MAIL" value="/var/mail/travis" />
    <property name="env.TRAVIS_EVENT_TYPE" value="cron" />
    <property name="env.PERLBREW_ROOT" value="/home/travis/perl5/perlbrew" />
    <property name="env.PWD" value="/home/travis/build/icyphy/ptII" />
    <property name="timeout.npm" value="45000" />
    <property name="env.PT_TRAVIS_TEST_CORE2_XML" value="true" />
    <property name="env.TRAVIS_ARCH" value="amd64" />
    <property name="env.PAGER" value="cat" />
    <property name="sun.cpu.endian" value="little" />
    <property name="env.TRAVIS_BUILD_STAGE_NAME" value="Test" />
    <property name="env.PERLBREW_HOME" value="/home/travis/.perlbrew" />
    <property name="env.RAILS_ENV" value="test" />
    <property name="java.vm.version" value="25.151-b12" />
    <property name="java.class.path" value="/home/travis/build/icyphy/ptII:/home/travis/build/icyphy/ptII/lib/bsh-2.0b4.jar:/home/travis/build/icyphy/ptII/lib/ptCal.jar:/home/travis/build/icyphy/ptII/lib/java_cup.jar:/home/travis/build/icyphy/ptII/lib/saxon8.jar:/home/travis/build/icyphy/ptII/lib/saxon8-dom.jar:/home/travis/build/icyphy/ptII/lib/chic.jar:/home/travis/build/icyphy/ptII/lib/ptcolt.jar:/usr/lib/jvm/java-8-oracle/lib/tools.jar:/usr/lib/eclipse/plugins/org.eclipse.jdt.core_3.8.2.dist.jar:/usr/lib/eclipse/plugins/org.eclipse.core.runtime_3.8.0.dist.jar:/usr/lib/eclipse/plugins/org.eclipse.osgi_3.8.1.dist.jar:/usr/lib/eclipse/plugins/org.eclipse.core.resources_3.8.1.dist.jar:/usr/lib/eclipse/plugins/org.eclipse.equinox.common_3.6.100.dist.jar:/usr/lib/eclipse/plugins/org.eclipse.core.jobs_3.5.200.dist.jar:/usr/lib/eclipse/plugins/org.eclipse.core.contenttype_3.4.200.dist.jar:/usr/lib/eclipse/plugins/org.eclipse.equinox.preferences_3.5.0.dist.jar:/usr/lib/eclipse/plugins/org.eclipse.text_3.5.200.dist.jar:/usr/lib/eclipse/plugins/org.eclipse.ui.workbench_3.8.1.dist.jar:/usr/lib/eclipse/plugins/org.eclipse.jface_3.8.0.dist.jar:/usr/lib/eclipse/plugins/org.eclipse.swt_3.8.2.jar:/usr/lib/eclipse/plugins/org.eclipse.jface.text_3.8.1.dist.jar:/usr/lib/eclipse/plugins/org.eclipse.ui.workbench.texteditor_3.8.0.dist.jar:/usr/lib/eclipse/plugins/org.eclipse.ui.editors_3.8.0.dist.jar:/usr/lib/eclipse/plugins/org.eclipse.core.commands_3.6.1.dist.jar:/usr/lib/eclipse/plugins/org.eclipse.equinox.registry_3.5.200.dist.jar:/usr/lib/eclipse/plugins/org.eclipse.ui.console_3.5.100.dist.jar:/usr/lib/eclipse/plugins/org.eclipse.ui.forms_3.5.200.dist.jar:/usr/lib/eclipse/plugins/org.eclipse.ui.ide_3.8.1.dist.jar:/home/travis/build/icyphy/ptII/vendors/oracle/dbxml.jar:/home/travis/build/icyphy/ptII/vendors/oracle/db.jar:/home/travis/build/icyphy/ptII/vendors/misc/itext/iText.jar:/home/travis/build/icyphy/ptII/lib/g4ltl.jar:/home/travis/build/icyphy/ptII/lib/StructuralCoder.jar:/home/travis/build/icyphy/ptII/lib/org-openide-util.jar:/home/travis/build/icyphy/ptII/lib/org-openide-util-lookup.jar:/home/travis/build/icyphy/ptII/lib/org-netbeans-api-visual.jar:/home/travis/build/icyphy/ptII/vendors/jai-1_1_2_01/lib/jai_core.jar:/home/travis/build/icyphy/ptII/vendors/jai-1_1_2_01/lib/jai_codec.jar:/home/travis/build/icyphy/ptII/lib/jcerti.jar:/home/travis/build/icyphy/ptII/lib/smack.jar:/home/travis/build/icyphy/ptII/lib/smackx.jar:/home/travis/build/icyphy/ptII/lib/jetty-all-8.1.5-v20120716.jar:/home/travis/build/icyphy/ptII/lib/javax.servlet-api-3.0.1.jar:/home/travis/build/icyphy/ptII/lib/javax.mail.jar:/home/travis/build/icyphy/ptII/vendors/JMF-2.1.1e/lib/jmf.jar:/home/travis/build/icyphy/ptII/lib/jna-4.0.0-variadic.jar:/home/travis/build/icyphy/ptII/vendors/misc/joystick/Joystick.jar:/home/travis/build/icyphy/ptII/lib/ptjacl.jar:/home/travis/build/icyphy/ptII/lib/jsoup-1.8.2.jar:/home/travis/build/icyphy/ptII/lib/junit-4.8.2.jar:/home/travis/build/icyphy/ptII/lib/JUnitParams-0.4.0.jar:/home/travis/build/icyphy/ptII/ptolemy/actor/lib/excel/jxl.jar:/home/travis/build/icyphy/ptII/lib/jython.jar:/home/travis/build/icyphy/ptII/lib/kieler.jar:/home/travis/build/icyphy/ptII/vendors/opencv/share/OpenCV/java/opencv-341.jar:/home/travis/build/icyphy/ptII/lib/oscP5.jar:/home/travis/build/icyphy/ptII/lib/nrjavaserial-3.11.0.devel.jar:/home/travis/build/icyphy/ptII/vendors/j3d/lib/j3dcore.jar:/home/travis/build/icyphy/ptII/vendors/j3d/lib/j3dutils.jar:/home/travis/build/icyphy/ptII/vendors/j3d/lib/vecmath.jar:/home/travis/build/icyphy/ptII/ptolemy/distributed/jini/jar/jini-core.jar:/home/travis/build/icyphy/ptII/ptolemy/distributed/jini/jar/jini-ext.jar:/home/travis/build/icyphy/ptII/ptolemy/distributed/jini/jar/sun-util.jar:/home/travis/build/icyphy/ptII/lib/protobuf-java-2.4.1.jar:/home/travis/build/icyphy/ptII/lib/org.eclipse.paho.client.mqttv3.jar:/home/travis/build/icyphy/ptII/ptserver/lib/hessian-4.0.7.jar:/home/travis/build/icyphy/ptII/ptserver/lib/wmqtt.jar:/home/travis/build/icyphy/ptII/lib/mapss.jar:/home/travis/build/icyphy/ptII/ptolemy/actor/ptalon/antlr/antlr.jar:/home/travis/build/icyphy/ptII/lib/JRI.jar:/home/travis/build/icyphy/ptII/lib/commons-lang-2.6.jar:/home/travis/build/icyphy/ptII/lib/commons-logging-1.1.1.jar:/home/travis/build/icyphy/ptII/lib/sootclasses.jar:/home/travis/build/icyphy/ptII/ptolemy/actor/lib/database/mysql-connector-java-5.1.6-bin.jar:/home/travis/build/icyphy/ptII/vendors/misc/sphinx4/sphinx4-data-5prealpha.jar:/home/travis/build/icyphy/ptII/vendors/misc/sphinx4/sphinx4-core-5prealpha.jar:/home/travis/build/icyphy/ptII/lib/PDFRenderer.jar:/home/travis/build/icyphy/ptII/lib/svgSalamander.jar:/home/travis/build/icyphy/ptII/lib/rsyntaxtextarea-2.6.0-SNAPSHOT.jar:/home/travis/build/icyphy/ptII/lib/hazelcast-3.8.2.jar:/home/travis/build/icyphy/ptII/lib/jackson-annotations-2.9.0.jar:/home/travis/build/icyphy/ptII/lib/jackson-core-2.9.3.jar:/home/travis/build/icyphy/ptII/lib/jackson-databind-2.9.3.jar:/home/travis/build/icyphy/ptII/lib/netty-buffer-4.1.19.Final.jar:/home/travis/build/icyphy/ptII/lib/netty-codec-4.1.19.Final.jar:/home/travis/build/icyphy/ptII/lib/netty-codec-dns-4.1.19.Final.jar:/home/travis/build/icyphy/ptII/lib/netty-codec-http-4.1.19.Final.jar:/home/travis/build/icyphy/ptII/lib/netty-codec-http2-4.1.19.Final.jar:/home/travis/build/icyphy/ptII/lib/netty-common-4.1.19.Final.jar:/home/travis/build/icyphy/ptII/lib/netty-handler-4.1.19.Final.jar:/home/travis/build/icyphy/ptII/lib/netty-resolver-4.1.19.Final.jar:/home/travis/build/icyphy/ptII/lib/netty-resolver-dns-4.1.19.Final.jar:/home/travis/build/icyphy/ptII/lib/netty-transport-4.1.19.Final.jar:/home/travis/build/icyphy/ptII/lib/vertx-codegen-3.5.1.jar:/home/travis/build/icyphy/ptII/lib/vertx-core-3.5.2-SNAPSHOT.jar:/home/travis/build/icyphy/ptII/lib/vertx-hazelcast-3.5.1.jar:/home/travis/build/icyphy/ptII/lib/vertx-lang-js-3.5.1.jar:/home/travis/build/icyphy/ptII/lib/vertx-service-proxy-3.5.1.jar:/home/travis/build/icyphy/ptII/lib/vertx-web-3.5.1.jar:/home/travis/build/icyphy/ptII/lib/slf4j-api-1.7.13.jar:/home/travis/build/icyphy/ptII/lib/slf4j-simple-1.7.13.jar:/home/travis/build/icyphy/ptII/lib/webcam-capture-0.3.12.jar:/home/travis/build/icyphy/ptII/lib/bridj-0.7.0.jar:/home/travis/build/icyphy/ptII/lib/xbjlib-1.1.0.nrjavaserial.jar:/home/travis/build/icyphy/ptII/ptolemy/moml/test:/home/travis/build/icyphy/ptII/ant/lib/ant-launcher.jar:/home/travis/build/icyphy/ptII/ant/lib/ant.jar:/home/travis/build/icyphy/ptII/ant/lib/ant-junit.jar:/home/travis/build/icyphy/ptII/ant/lib/ant-junit4.jar" />
    <property name="ant.library.dir" value="/home/travis/build/icyphy/ptII/ant/lib" />
    <property name="os.arch" value="amd64" />
    <property name="env.TRAVIS_LANGUAGE" value="node_js" />
    <property name="env.CONTINUOUS_INTEGRATION" value="true" />
    <property name="env.TRAVIS_STACK_LANGUAGES" value="__garnet__ c c++ clojure cplusplus cpp default go groovy java node_js php pure_java python ruby scala" />
    <property name="test.name" value="ptolemy.actor.lib.test.junit.JUnitTclTest" />
    <property name="sun.java.launcher" value="SUN_STANDARD" />
    <property name="env.PYTHON_CONFIGURE_OPTS" value="--enable-unicode=ucs4 --with-wide-unicode --enable-shared --enable-ipv6 --enable-loadable-sqlite-extensions --with-computed-gotos" />
    <property name="ant.core.lib" value="/home/travis/build/icyphy/ptII/ant/lib/ant.jar" />
    <property name="java.vm.specification.vendor" value="Oracle Corporation" />
    <property name="env.BCVTB_HOME" value="/home/travis/build/icyphy/ptII/lbnl" />
    <property name="file.separator" value="/" />
    <property name="spotbugs.home" value="/home/travis/build/icyphy/ptII/vendors/spotbugs-3.1.1" />
    <property name="java.runtime.version" value="1.8.0_151-b12" />
    <property name="sun.boot.class.path" value="/usr/lib/jvm/java-8-oracle/jre/lib/resources.jar:/usr/lib/jvm/java-8-oracle/jre/lib/rt.jar:/usr/lib/jvm/java-8-oracle/jre/lib/sunrsasign.jar:/usr/lib/jvm/java-8-oracle/jre/lib/jsse.jar:/usr/lib/jvm/java-8-oracle/jre/lib/jce.jar:/usr/lib/jvm/java-8-oracle/jre/lib/charsets.jar:/usr/lib/jvm/java-8-oracle/jre/lib/jfr.jar:/usr/lib/jvm/java-8-oracle/jre/classes" />
    <property name="env.ANSI_CLEAR" value="\033[0K" />
    <property name="env.HAS_JOSH_K_SEAL_OF_APPROVAL" value="true" />
    <property name="env.TRAVIS_OSX_IMAGE" value="" />
    <property name="env.XDG_RUNTIME_DIR" value="/run/user/2000" />
    <property name="env.TRAVIS_BRANCH" value="master" />
    <property name="env.TRAVIS_JOB_ID" value="448127090" />
    <property name="env.CERTI_HOME_TRAVIS" value="/home/travis/pthla/certi-tools" />
    <property name="user.country" value="US" />
    <property name="env.SHELL" value="/bin/bash" />
    <property name="model" value="" />
    <property name="java.maxmemory.large" value="5000m" />
    <property name="env.CASHER_DIR" value="/home/travis/.casher" />
    <property name="env.NVM_CD_FLAGS" value="" />
    <property name="jshint.executable" value="/home/travis/node_modules/jshint/bin/jshint" />
    <property name="env.JRUBY_OPTS" value=" --client -J-XX:+TieredCompilation -J-XX:TieredStopAtLevel=1 -J-Xss2m -Xcompile.invokedynamic=false" />
    <property name="java.vendor" value="Oracle Corporation" />
    <property name="env.TRAVIS_PRE_CHEF_BOOTSTRAP_TIME" value="2017-12-05T19:32:55" />
    <property name="env.ELIXIR_VERSION" value="1.4.5" />
    <property name="env.TRAVIS_STACK_JOB_BOARD_REGISTER" value="/.job-board-register.yml" />
    <property name="env.ANSI_RED" value="\033[31;1m" />
    <property name="java.specification.version" value="1.8" />
    <property name="env.TRAVIS" value="true" />
    <property name="env.IRBRC" value="/home/travis/.rvm/rubies/ruby-2.4.1/.irbrc" />
    <property name="sun.arch.data.model" value="64" />
  </properties>
  <testcase classname="ptolemy.util.test.junit.TclTests" name="[0] /home/travis/build/icyphy/ptII/ptolemy/domains/de/test/DependencyLoop.tcl (RunTclFile)" time="0.702" />
  <testcase classname="ptolemy.util.test.junit.TclTests" name="[1] /home/travis/build/icyphy/ptII/ptolemy/domains/de/test/RunDETestsAsQSS.tcl (RunTclFile)" time="86.606" />
  <testcase classname="ptolemy.util.test.junit.AutoKnownFailedTests" name="[0] /home/travis/build/icyphy/ptII/ptolemy/domains/de/test/auto/knownFailedTests/DESDFClockTest.xml (RunModel)" time="2.036" />
  <testcase classname="ptolemy.util.test.junit.AutoKnownFailedTests" name="[1] /home/travis/build/icyphy/ptII/ptolemy/domains/de/test/auto/knownFailedTests/DirectFeedback.xml (RunModel)" time="0.01" />
  <testcase classname="ptolemy.util.test.junit.AutoKnownFailedTests" name="[2] /home/travis/build/icyphy/ptII/ptolemy/domains/de/test/auto/knownFailedTests/FSMSource.xml (RunModel)" time="0.027" />
  <testcase classname="ptolemy.util.test.junit.AutoKnownFailedTests" name="[3] /home/travis/build/icyphy/ptII/ptolemy/domains/de/test/auto/knownFailedTests/HierarchicalModel.xml (RunModel)" time="0.04" />
  <testcase classname="ptolemy.util.test.junit.AutoKnownFailedTests" name="[4] /home/travis/build/icyphy/ptII/ptolemy/domains/de/test/auto/knownFailedTests/dependencyLoop.xml (RunModel)" time="0.04" />
  <testcase classname="ptolemy.util.test.junit.AutoKnownFailedTests" name="[5] /home/travis/build/icyphy/ptII/ptolemy/domains/de/test/auto/knownFailedTests/dependencyLoop2.xml (RunModel)" time="0.051" />
  <testcase classname="ptolemy.util.test.junit.AutoNameArchTests" name="[0] ThereAreNoAutoArchTests (RunModel)" time="0.001" />
  <testcase classname="ptolemy.util.test.junit.AutoTests" name="[0] /home/travis/build/icyphy/ptII/ptolemy/domains/de/test/auto/ActorDepthCalculation_actorWithoutPorts.xml (RunModel)" time="0.021" />
  <testcase classname="ptolemy.util.test.junit.AutoTests" name="[1] /home/travis/build/icyphy/ptII/ptolemy/domains/de/test/auto/AssemblyLine.xml (RunModel)" time="0.02" />
  <testcase classname="ptolemy.util.test.junit.AutoTests" name="[2] /home/travis/build/icyphy/ptII/ptolemy/domains/de/test/auto/CQBug1.xml (RunModel)" time="0.007" />
  <testcase classname="ptolemy.util.test.junit.AutoTests" name="[3] /home/travis/build/icyphy/ptII/ptolemy/domains/de/test/auto/CancelFireAt.xml (RunModel)" time="0.006" />
  <testcase classname="ptolemy.util.test.junit.AutoTests" name="[4] /home/travis/build/icyphy/ptII/ptolemy/domains/de/test/auto/CausalityAndComposabilityAnalysis.xml (RunModel)" time="0.011" />
  <testcase classname="ptolemy.util.test.junit.AutoTests" name="[5] /home/travis/build/icyphy/ptII/ptolemy/domains/de/test/auto/CausalityInterface1.xml (RunModel)" time="0.014" />
  <testcase classname="ptolemy.util.test.junit.AutoTests" name="[6] /home/travis/build/icyphy/ptII/ptolemy/domains/de/test/auto/CausalityInterface15.xml (RunModel)" time="0.018" />
  <testcase classname="ptolemy.util.test.junit.AutoTests" name="[7] /home/travis/build/icyphy/ptII/ptolemy/domains/de/test/auto/CausalityInterface2.xml (RunModel)" time="0.014" />
  <testcase classname="ptolemy.util.test.junit.AutoTests" name="[8] /home/travis/build/icyphy/ptII/ptolemy/domains/de/test/auto/CausalityInterface3.xml (RunModel)" time="0.012" />
  <testcase classname="ptolemy.util.test.junit.AutoTests" name="[9] /home/travis/build/icyphy/ptII/ptolemy/domains/de/test/auto/ClockDrift.xml (RunModel)" time="0.038" />
  <testcase classname="ptolemy.util.test.junit.AutoTests" name="[10] /home/travis/build/icyphy/ptII/ptolemy/domains/de/test/auto/ClockDriftAndValueChange.xml (RunModel)" time="0.032" />
  <testcase classname="ptolemy.util.test.junit.AutoTests" name="[11] /home/travis/build/icyphy/ptII/ptolemy/domains/de/test/auto/ClockDriftChange.xml (RunModel)" time="0.035" />
  <testcase classname="ptolemy.util.test.junit.AutoTests" name="[12] /home/travis/build/icyphy/ptII/ptolemy/domains/de/test/auto/ComposableCausalityAnalysis.xml (RunModel)" time="0.02" />
  <testcase classname="ptolemy.util.test.junit.AutoTests" name="[13] /home/travis/build/icyphy/ptII/ptolemy/domains/de/test/auto/DEFixedPointLimitation.xml (RunModel)" time="0.011" />
  <testcase classname="ptolemy.util.test.junit.AutoTests" name="[14] /home/travis/build/icyphy/ptII/ptolemy/domains/de/test/auto/DEScheduleTest.xml (RunModel)" time="0.037" />
  <testcase classname="ptolemy.util.test.junit.AutoTests" name="[15] /home/travis/build/icyphy/ptII/ptolemy/domains/de/test/auto/DEinDEwithStartTimes.xml (RunModel)" time="0.015" />
  <testcase classname="ptolemy.util.test.junit.AutoTests" name="[16] /home/travis/build/icyphy/ptII/ptolemy/domains/de/test/auto/DEinDEwithStartTimes2.xml (RunModel)" time="0.014" />
  <testcase classname="ptolemy.util.test.junit.AutoTests" name="[17] /home/travis/build/icyphy/ptII/ptolemy/domains/de/test/auto/DateDemo.xml (RunModel)" time="0.029" />
  <testcase classname="ptolemy.util.test.junit.AutoTests" name="[18] /home/travis/build/icyphy/ptII/ptolemy/domains/de/test/auto/DateToEvent.xml (RunModel)" time="2.042" />
  <testcase classname="ptolemy.util.test.junit.AutoTests" name="[19] /home/travis/build/icyphy/ptII/ptolemy/domains/de/test/auto/DepthTest1.xml (RunModel)" time="0.008" />
  <testcase classname="ptolemy.util.test.junit.AutoTests" name="[20] /home/travis/build/icyphy/ptII/ptolemy/domains/de/test/auto/DepthTest2.xml (RunModel)" time="0.022" />
  <testcase classname="ptolemy.util.test.junit.AutoTests" name="[21] /home/travis/build/icyphy/ptII/ptolemy/domains/de/test/auto/DepthTest3.xml (RunModel)" time="0.008" />
  <testcase classname="ptolemy.util.test.junit.AutoTests" name="[22] /home/travis/build/icyphy/ptII/ptolemy/domains/de/test/auto/DepthTest4.xml (RunModel)" time="0.014" />
  <testcase classname="ptolemy.util.test.junit.AutoTests" name="[23] /home/travis/build/icyphy/ptII/ptolemy/domains/de/test/auto/DepthTest5.xml (RunModel)" time="0.014" />
  <testcase classname="ptolemy.util.test.junit.AutoTests" name="[24] /home/travis/build/icyphy/ptII/ptolemy/domains/de/test/auto/DepthTest6.xml (RunModel)" time="0.014" />
  <testcase classname="ptolemy.util.test.junit.AutoTests" name="[25] /home/travis/build/icyphy/ptII/ptolemy/domains/de/test/auto/DepthTest7.xml (RunModel)" time="0.013" />
  <testcase classname="ptolemy.util.test.junit.AutoTests" name="[26] /home/travis/build/icyphy/ptII/ptolemy/domains/de/test/auto/EventToDate.xml (RunModel)" time="3.038" />
  <testcase classname="ptolemy.util.test.junit.AutoTests" name="[27] /home/travis/build/icyphy/ptII/ptolemy/domains/de/test/auto/FSM1.xml (RunModel)" time="0.033" />
  <testcase classname="ptolemy.util.test.junit.AutoTests" name="[28] /home/travis/build/icyphy/ptII/ptolemy/domains/de/test/auto/FSM7.xml (RunModel)" time="0.027" />
  <testcase classname="ptolemy.util.test.junit.AutoTests" name="[29] /home/travis/build/icyphy/ptII/ptolemy/domains/de/test/auto/Inspection.xml (RunModel)" time="0.036" />
  <testcase classname="ptolemy.util.test.junit.AutoTests" name="[30] /home/travis/build/icyphy/ptII/ptolemy/domains/de/test/auto/Iteration.xml (RunModel)" time="0.018" />
  <testcase classname="ptolemy.util.test.junit.AutoTests" name="[31] /home/travis/build/icyphy/ptII/ptolemy/domains/de/test/auto/LineFault.xml (RunModel)" time="0.514" />
  <testcase classname="ptolemy.util.test.junit.AutoTests" name="[32] /home/travis/build/icyphy/ptII/ptolemy/domains/de/test/auto/MergeModel1Add.xml (RunModel)" time="0.039" />
  <testcase classname="ptolemy.util.test.junit.AutoTests" name="[33] /home/travis/build/icyphy/ptII/ptolemy/domains/de/test/auto/MergeModel2Add.xml (RunModel)" time="0.045" />
  <testcase classname="ptolemy.util.test.junit.AutoTests" name="[34] /home/travis/build/icyphy/ptII/ptolemy/domains/de/test/auto/MergeModel3Add.xml (RunModel)" time="0.041" />
  <testcase classname="ptolemy.util.test.junit.AutoTests" name="[35] /home/travis/build/icyphy/ptII/ptolemy/domains/de/test/auto/MergeWithoutDiscard.xml (RunModel)" time="0.01" />
  <testcase classname="ptolemy.util.test.junit.AutoTests" name="[36] /home/travis/build/icyphy/ptII/ptolemy/domains/de/test/auto/Modal1.xml (RunModel)" time="0.027" />
  <testcase classname="ptolemy.util.test.junit.AutoTests" name="[37] /home/travis/build/icyphy/ptII/ptolemy/domains/de/test/auto/Modal2.xml (RunModel)" time="0.032" />
  <testcase classname="ptolemy.util.test.junit.AutoTests" name="[38] /home/travis/build/icyphy/ptII/ptolemy/domains/de/test/auto/Modal3.xml (RunModel)" time="0.024" />
  <testcase classname="ptolemy.util.test.junit.AutoTests" name="[39] /home/travis/build/icyphy/ptII/ptolemy/domains/de/test/auto/Modal4.xml (RunModel)" time="0.026" />
  <testcase classname="ptolemy.util.test.junit.AutoTests" name="[40] /home/travis/build/icyphy/ptII/ptolemy/domains/de/test/auto/Modal5.xml (RunModel)" time="0.025" />
  <testcase classname="ptolemy.util.test.junit.AutoTests" name="[41] /home/travis/build/icyphy/ptII/ptolemy/domains/de/test/auto/Modal6.xml (RunModel)" time="0.024" />
  <testcase classname="ptolemy.util.test.junit.AutoTests" name="[42] /home/travis/build/icyphy/ptII/ptolemy/domains/de/test/auto/Modal7.xml (RunModel)" time="0.027" />
  <testcase classname="ptolemy.util.test.junit.AutoTests" name="[43] /home/travis/build/icyphy/ptII/ptolemy/domains/de/test/auto/ModalModel.xml (RunModel)" time="0.17" />
  <testcase classname="ptolemy.util.test.junit.AutoTests" name="[44] /home/travis/build/icyphy/ptII/ptolemy/domains/de/test/auto/ModalSource.xml (RunModel)" time="0.022" />
  <testcase classname="ptolemy.util.test.junit.AutoTests" name="[45] /home/travis/build/icyphy/ptII/ptolemy/domains/de/test/auto/NonInterruptibleTimerZeroDelay.xml (RunModel)" time="0.01" />
  <testcase classname="ptolemy.util.test.junit.AutoTests" name="[46] /home/travis/build/icyphy/ptII/ptolemy/domains/de/test/auto/OpenQueueingNetwork.xml (RunModel)" time="2.205" />
  <testcase classname="ptolemy.util.test.junit.AutoTests" name="[47] /home/travis/build/icyphy/ptII/ptolemy/domains/de/test/auto/OpenQueuingNetwork.xml (RunModel)" time="0.267" />
  <testcase classname="ptolemy.util.test.junit.AutoTests" name="[48] /home/travis/build/icyphy/ptII/ptolemy/domains/de/test/auto/PeriodicSampler.xml (RunModel)" time="0.007" />
  <testcase classname="ptolemy.util.test.junit.AutoTests" name="[49] /home/travis/build/icyphy/ptII/ptolemy/domains/de/test/auto/PersistentIO.xml (RunModel)" time="0.021" />
  <testcase classname="ptolemy.util.test.junit.AutoTests" name="[50] /home/travis/build/icyphy/ptII/ptolemy/domains/de/test/auto/PortParameterResetOnInitialize.xml (RunModel)" time="0.008" />
  <testcase classname="ptolemy.util.test.junit.AutoTests" name="[51] /home/travis/build/icyphy/ptII/ptolemy/domains/de/test/auto/PortParameterUpdates.xml (RunModel)" time="0.013" />
  <testcase classname="ptolemy.util.test.junit.AutoTests" name="[52] /home/travis/build/icyphy/ptII/ptolemy/domains/de/test/auto/QueueAndServer.xml (RunModel)" time="0.02" />
  <testcase classname="ptolemy.util.test.junit.AutoTests" name="[53] /home/travis/build/icyphy/ptII/ptolemy/domains/de/test/auto/Records.xml (RunModel)" time="0.013" />
  <testcase classname="ptolemy.util.test.junit.AutoTests" name="[54] /home/travis/build/icyphy/ptII/ptolemy/domains/de/test/auto/ResetTransitionWithStartTime1.xml (RunModel)" time="0.017" />
  <testcase classname="ptolemy.util.test.junit.AutoTests" name="[55] /home/travis/build/icyphy/ptII/ptolemy/domains/de/test/auto/ResetTransitionWithStartTime2.xml (RunModel)" time="0.017" />
  <testcase classname="ptolemy.util.test.junit.AutoTests" name="[56] /home/travis/build/icyphy/ptII/ptolemy/domains/de/test/auto/ResetTransitionWithStartTime3.xml (RunModel)" time="0.016" />
  <testcase classname="ptolemy.util.test.junit.AutoTests" name="[57] /home/travis/build/icyphy/ptII/ptolemy/domains/de/test/auto/ResetTransitionWithStartTime4.xml (RunModel)" time="0.016" />
  <testcase classname="ptolemy.util.test.junit.AutoTests" name="[58] /home/travis/build/icyphy/ptII/ptolemy/domains/de/test/auto/ResettableTimer1.xml (RunModel)" time="0.01" />
  <testcase classname="ptolemy.util.test.junit.AutoTests" name="[59] /home/travis/build/icyphy/ptII/ptolemy/domains/de/test/auto/ResettableTimer2.xml (RunModel)" time="0.009" />
  <testcase classname="ptolemy.util.test.junit.AutoTests" name="[60] /home/travis/build/icyphy/ptII/ptolemy/domains/de/test/auto/ResettableTimer3.xml (RunModel)" time="0.008" />
  <testcase classname="ptolemy.util.test.junit.AutoTests" name="[61] /home/travis/build/icyphy/ptII/ptolemy/domains/de/test/auto/ResettableTimer4.xml (RunModel)" time="0.01" />
  <testcase classname="ptolemy.util.test.junit.AutoTests" name="[62] /home/travis/build/icyphy/ptII/ptolemy/domains/de/test/auto/ResettableTimer5.xml (RunModel)" time="0.013" />
  <testcase classname="ptolemy.util.test.junit.AutoTests" name="[63] /home/travis/build/icyphy/ptII/ptolemy/domains/de/test/auto/ResettableTimer6.xml (RunModel)" time="0.01" />
  <testcase classname="ptolemy.util.test.junit.AutoTests" name="[64] /home/travis/build/icyphy/ptII/ptolemy/domains/de/test/auto/ServerZeroDelay.xml (RunModel)" time="0.01" />
  <testcase classname="ptolemy.util.test.junit.AutoTests" name="[65] /home/travis/build/icyphy/ptII/ptolemy/domains/de/test/auto/SmartSender.xml (RunModel)" time="3.01" />
  <testcase classname="ptolemy.util.test.junit.AutoTests" name="[66] /home/travis/build/icyphy/ptII/ptolemy/domains/de/test/auto/ThreadedComposite.xml (RunModel)" time="0.124" />
  <testcase classname="ptolemy.util.test.junit.AutoTests" name="[67] /home/travis/build/icyphy/ptII/ptolemy/domains/de/test/auto/Time.xml (RunModel)" time="0.421" />
  <testcase classname="ptolemy.util.test.junit.AutoTests" name="[68] /home/travis/build/icyphy/ptII/ptolemy/domains/de/test/auto/TimeDelayZeroDelay.xml (RunModel)" time="0.015" />
  <testcase classname="ptolemy.util.test.junit.AutoTests" name="[69] /home/travis/build/icyphy/ptII/ptolemy/domains/de/test/auto/TimerZeroDelay.xml (RunModel)" time="0.01" />
  <testcase classname="ptolemy.util.test.junit.AutoTests" name="[70] /home/travis/build/icyphy/ptII/ptolemy/domains/de/test/auto/TimingParadox.xml (RunModel)" time="0.352" />
  <testcase classname="ptolemy.util.test.junit.AutoTests" name="[71] /home/travis/build/icyphy/ptII/ptolemy/domains/de/test/auto/TransferInputs.xml (RunModel)" time="0.017" />
  <testcase classname="ptolemy.util.test.junit.AutoTests" name="[72] /home/travis/build/icyphy/ptII/ptolemy/domains/de/test/auto/TransferOutputs2.xml (RunModel)" time="0.015" />
  <testcase classname="ptolemy.util.test.junit.AutoTests" name="[73] /home/travis/build/icyphy/ptII/ptolemy/domains/de/test/auto/Trilateration.xml (RunModel)" time="11.247" />
  <testcase classname="ptolemy.util.test.junit.AutoTests" name="[74] /home/travis/build/icyphy/ptII/ptolemy/domains/de/test/auto/TwoSigmaDelta.xml (RunModel)" time="2.073" />
  <testcase classname="ptolemy.util.test.junit.AutoTests" name="[75] /home/travis/build/icyphy/ptII/ptolemy/domains/de/test/auto/VariableDelay.xml (RunModel)" time="0.014" />
  <testcase classname="ptolemy.util.test.junit.AutoTests" name="[76] /home/travis/build/icyphy/ptII/ptolemy/domains/de/test/auto/VariableDelay2.xml (RunModel)" time="0.015" />
  <testcase classname="ptolemy.util.test.junit.AutoTests" name="[77] /home/travis/build/icyphy/ptII/ptolemy/domains/de/test/auto/VariableDelayZeroDelay.xml (RunModel)" time="0.01" />
  <testcase classname="ptolemy.util.test.junit.AutoTests" name="[78] /home/travis/build/icyphy/ptII/ptolemy/domains/de/test/auto/VariableDelayZeroDelay2.xml (RunModel)" time="0.009" />
  <testcase classname="ptolemy.util.test.junit.AutoTests" name="[79] /home/travis/build/icyphy/ptII/ptolemy/domains/de/test/auto/deInCt.xml (RunModel)" time="0.016" />
  <testcase classname="ptolemy.util.test.junit.AutoTests" name="[80] /home/travis/build/icyphy/ptII/ptolemy/domains/de/test/auto/deInCt2.xml (RunModel)" time="0.017" />
  <testcase classname="ptolemy.util.test.junit.AutoTests" name="[81] /home/travis/build/icyphy/ptII/ptolemy/domains/de/test/auto/dynamicCausalityInterface1.xml (RunModel)" time="0.019" />
  <testcase classname="ptolemy.util.test.junit.AutoTests" name="[82] /home/travis/build/icyphy/ptII/ptolemy/domains/de/test/auto/fsm_de_test.xml (RunModel)" time="0.024" />
  <testcase classname="ptolemy.util.test.junit.AutoTests" name="[83] /home/travis/build/icyphy/ptII/ptolemy/domains/de/test/auto/functionDependencyReconstruction.xml (RunModel)" time="0.029" />
  <testcase classname="ptolemy.util.test.junit.AutoTests" name="[84] /home/travis/build/icyphy/ptII/ptolemy/domains/de/test/auto/multirate.xml (RunModel)" time="0.016" />
  <testcase classname="ptolemy.util.test.junit.AutoTests" name="[85] /home/travis/build/icyphy/ptII/ptolemy/domains/de/test/auto/multirate2.xml (RunModel)" time="0.016" />
  <testcase classname="ptolemy.util.test.junit.AutoTests" name="[86] /home/travis/build/icyphy/ptII/ptolemy/domains/de/test/auto/realtime.xml (RunModel)" time="10.009" />
  <testcase classname="ptolemy.util.test.junit.AutoTests" name="[87] /home/travis/build/icyphy/ptII/ptolemy/domains/de/test/auto/relationGroup.xml (RunModel)" time="0.008" />
  <testcase classname="ptolemy.util.test.junit.AutoTests" name="[88] /home/travis/build/icyphy/ptII/ptolemy/domains/de/test/auto/relationGroup2.xml (RunModel)" time="0.012" />
  <testcase classname="ptolemy.util.test.junit.AutoTests" name="[89] /home/travis/build/icyphy/ptII/ptolemy/domains/de/test/auto/sortWithOpaquePorts.xml (RunModel)" time="0.011" />
  <testcase classname="ptolemy.util.test.junit.AutoTests" name="[90] /home/travis/build/icyphy/ptII/ptolemy/domains/de/test/auto/transferInputsandOutputs.xml (RunModel)" time="0.012" />
  <testcase classname="ptolemy.util.test.junit.AutoTests" name="[91] /home/travis/build/icyphy/ptII/ptolemy/domains/de/test/auto/triggerType.xml (RunModel)" time="0.006" />
  <system-out><![CDATA[/home/travis/build/icyphy/ptII/ptolemy/domains/de/test/DependencyLoop.tcl
testDefs.tcl: setting time out to 9000 seconds at Tue Oct 30 02:36:13 UTC 2018
15 ms. Memory: 116224K Free: 93596K (81%)
12 ms. Memory: 146944K Free: 135073K (92%)
/home/travis/build/icyphy/ptII/ptolemy/domains/de/test/RunDETestsAsQSS.tcl
Run the DE tests using ptolemy.domains.qss.test.QSSDirectorTest, which extends QSSDirector and prints a message in the constructors.
------------------ testing $PTII/ptolemy/domains/de/test/auto/knownFailedTests/dependencyLoop.xml (Known Failure) 
7 ms. Memory: 146944K Free: 131961K (90%)


==== $PTIIhome/travis/build/icyphy/ptII/ptolemy/domains/de/test/../../../../: Auto Automatic test in file $PTII/ptolemy/domains/de/test/auto/knownFailedTests/dependencyLoop.xml
==== Contents of test case:

	    # FIXME: we should use $relativeFilename here, but it
	    # might have backslashes under Windows, which causes no end
	    # of trouble.
	    createAndExecute $file
	    list {}
	
.... Test generated KNOWN error:
    while executing
ptolemy.kernel.util.IllegalActionException: Found a zero delay loop containing .dependencyLoop.original
  in .dependencyLoop and .dependencyLoop.original
	at ptolemy.actor.util.CausalityInterfaceForComposites._computeOutputPortDepth(CausalityInterfaceForComposites.java:759)
	at ptolemy.actor.util.CausalityInterfaceForComposites._computeInputDepth(CausalityInterfaceForComposites.java:696)
	at ptolemy.actor.util.CausalityInterfaceForComposites._computeOutputPortDepth(CausalityInterfaceForComposites.java:765)
	at ptolemy.actor.util.CausalityInterfaceForComposites._computeInputDepth(CausalityInterfaceForComposites.java:696)
	at ptolemy.actor.util.CausalityInterfaceForComposites._computeOutputPortDepth(CausalityInterfaceForComposites.java:765)
	at ptolemy.actor.util.CausalityInterfaceForComposites._computeInputDepth(CausalityInterfaceForComposites.java:696)
	at ptolemy.actor.util.CausalityInterfaceForComposites._computeActorDepth(CausalityInterfaceForComposites.java:532)
	at ptolemy.actor.util.CausalityInterfaceForComposites.checkForCycles(CausalityInterfaceForComposites.java:96)
	at ptolemy.domains.de.kernel.DEDirector.preinitialize(DEDirector.java:1338)
	at ptolemy.actor.CompositeActor.preinitialize(CompositeActor.java:1828)
	at ptolemy.actor.Manager.preinitializeAndResolveTypes(Manager.java:1040)
	at ptolemy.actor.Manager.initialize(Manager.java:710)
	at ptolemy.actor.Manager.execute(Manager.java:356)
	at ptolemy.actor.Manager.run(Manager.java:1263)
	at ptolemy.actor.Manager$PtolemyRunThread.run(Manager.java:1915)

    while executing
ptolemy.kernel.util.IllegalActionException: Found a zero delay loop containing .dependencyLoop.original
  in .dependencyLoop and .dependencyLoop.original
    while executing
"java::new ptolemy.moml.MoMLSimpleApplication $file
"
    (procedure "createAndExecute" line 2)
    invoked from within
"createAndExecute $file"
    ("uplevel" body line 5)
    invoked from within
"uplevel $contents_of_test"
------------------ testing $PTII/ptolemy/domains/de/test/auto/knownFailedTests/DESDFClockTest.xml (Known Failure) 
2080 ms. Memory: 146944K Free: 116630K (79%)


==== $PTIIhome/travis/build/icyphy/ptII/ptolemy/domains/de/test/../../../../: Auto Automatic test in file $PTII/ptolemy/domains/de/test/auto/knownFailedTests/DESDFClockTest.xml
==== Contents of test case:

	    # FIXME: we should use $relativeFilename here, but it
	    # might have backslashes under Windows, which causes no end
	    # of trouble.
	    createAndExecute $file
	    list {}
	
.... Test generated KNOWN error:
    while executing
ptolemy.kernel.util.IllegalActionException: Actor is not ready to fire.  Perhaps UpSample.prefire() returned false? Try debugging the actor by selecting "Listen to Actor".  Also, for SDF check moml for tokenConsumptionRate on input.
  in .DESDFClockTest.Play Bell.Copy1:SDF Director and .DESDFClockTest.Play Bell.UpSample
	at ptolemy.actor.sched.StaticSchedulingDirector.fire(StaticSchedulingDirector.java:227)
	at ptolemy.domains.sdf.kernel.SDFDirector.fire(SDFDirector.java:500)
	at ptolemy.actor.CompositeActor.fire(CompositeActor.java:455)
	at ptolemy.domains.de.kernel.DEDirector._fire(DEDirector.java:1949)
	at ptolemy.domains.de.kernel.DEDirector.fire(DEDirector.java:502)
	at ptolemy.actor.CompositeActor.fire(CompositeActor.java:455)
	at ptolemy.actor.Manager.iterate(Manager.java:851)
	at ptolemy.actor.Manager.execute(Manager.java:369)
	at ptolemy.actor.Manager.run(Manager.java:1263)
	at ptolemy.actor.Manager$PtolemyRunThread.run(Manager.java:1915)

    while executing
ptolemy.kernel.util.IllegalActionException: Actor is not ready to fire.  Perhaps UpSample.prefire() returned false? Try debugging the actor by selecting "Listen to Actor".  Also, for SDF check moml for tokenConsumptionRate on input.
  in .DESDFClockTest.Play Bell.Copy1:SDF Director and .DESDFClockTest.Play Bell.UpSample
    while executing
"java::new ptolemy.moml.MoMLSimpleApplication $file
"
    (procedure "createAndExecute" line 2)
    invoked from within
"createAndExecute $file"
    ("uplevel" body line 5)
    invoked from within
"uplevel $contents_of_test"
------------------ testing $PTII/ptolemy/domains/de/test/auto/knownFailedTests/FSMSource.xml (Known Failure) 
20 ms. Memory: 146944K Free: 107685K (73%)
!!!! Auto was marked as failing, but now passes
------------------ testing $PTII/ptolemy/domains/de/test/auto/knownFailedTests/dependencyLoop2.xml (Known Failure) 
6 ms. Memory: 146944K Free: 105802K (72%)


==== $PTIIhome/travis/build/icyphy/ptII/ptolemy/domains/de/test/../../../../: Auto Automatic test in file $PTII/ptolemy/domains/de/test/auto/knownFailedTests/dependencyLoop2.xml
==== Contents of test case:

	    # FIXME: we should use $relativeFilename here, but it
	    # might have backslashes under Windows, which causes no end
	    # of trouble.
	    createAndExecute $file
	    list {}
	
.... Test generated KNOWN error:
    while executing
ptolemy.kernel.util.IllegalActionException: Found a zero delay loop containing .dependencyLoop2.original
  in .dependencyLoop2 and .dependencyLoop2.original
	at ptolemy.actor.util.CausalityInterfaceForComposites._computeOutputPortDepth(CausalityInterfaceForComposites.java:759)
	at ptolemy.actor.util.CausalityInterfaceForComposites._computeInputDepth(CausalityInterfaceForComposites.java:696)
	at ptolemy.actor.util.CausalityInterfaceForComposites._computeOutputPortDepth(CausalityInterfaceForComposites.java:765)
	at ptolemy.actor.util.CausalityInterfaceForComposites._computeInputDepth(CausalityInterfaceForComposites.java:696)
	at ptolemy.actor.util.CausalityInterfaceForComposites._computeOutputPortDepth(CausalityInterfaceForComposites.java:765)
	at ptolemy.actor.util.CausalityInterfaceForComposites._computeInputDepth(CausalityInterfaceForComposites.java:696)
	at ptolemy.actor.util.CausalityInterfaceForComposites._computeActorDepth(CausalityInterfaceForComposites.java:532)
	at ptolemy.actor.util.CausalityInterfaceForComposites.checkForCycles(CausalityInterfaceForComposites.java:96)
	at ptolemy.domains.de.kernel.DEDirector.preinitialize(DEDirector.java:1338)
	at ptolemy.actor.CompositeActor.preinitialize(CompositeActor.java:1828)
	at ptolemy.actor.Manager.preinitializeAndResolveTypes(Manager.java:1040)
	at ptolemy.actor.Manager.initialize(Manager.java:710)
	at ptolemy.actor.Manager.execute(Manager.java:356)
	at ptolemy.actor.Manager.run(Manager.java:1263)
	at ptolemy.actor.Manager$PtolemyRunThread.run(Manager.java:1915)

    while executing
ptolemy.kernel.util.IllegalActionException: Found a zero delay loop containing .dependencyLoop2.original
  in .dependencyLoop2 and .dependencyLoop2.original
    while executing
"java::new ptolemy.moml.MoMLSimpleApplication $file
"
    (procedure "createAndExecute" line 2)
    invoked from within
"createAndExecute $file"
    ("uplevel" body line 5)
    invoked from within
"uplevel $contents_of_test"
------------------ testing $PTII/ptolemy/domains/de/test/auto/knownFailedTests/HierarchicalModel.xml (Known Failure) 
4 ms. Memory: 146944K Free: 85217K (58%)


==== $PTIIhome/travis/build/icyphy/ptII/ptolemy/domains/de/test/../../../../: Auto Automatic test in file $PTII/ptolemy/domains/de/test/auto/knownFailedTests/HierarchicalModel.xml
==== Contents of test case:

	    # FIXME: we should use $relativeFilename here, but it
	    # might have backslashes under Windows, which causes no end
	    # of trouble.
	    createAndExecute $file
	    list {}
	
.... Test generated KNOWN error:
    while executing
ptolemy.kernel.util.IllegalActionException: Found a zero delay loop containing .HierarchicalModel.A
  in .HierarchicalModel and .HierarchicalModel.A
	at ptolemy.actor.util.CausalityInterfaceForComposites._computeOutputPortDepth(CausalityInterfaceForComposites.java:759)
	at ptolemy.actor.util.CausalityInterfaceForComposites._computeInputDepth(CausalityInterfaceForComposites.java:696)
	at ptolemy.actor.util.CausalityInterfaceForComposites._computeOutputPortDepth(CausalityInterfaceForComposites.java:765)
	at ptolemy.actor.util.CausalityInterfaceForComposites._computeInputDepth(CausalityInterfaceForComposites.java:696)
	at ptolemy.actor.util.CausalityInterfaceForComposites._computeOutputPortDepth(CausalityInterfaceForComposites.java:765)
	at ptolemy.actor.util.CausalityInterfaceForComposites._computeInputDepth(CausalityInterfaceForComposites.java:696)
	at ptolemy.actor.util.CausalityInterfaceForComposites._computeActorDepth(CausalityInterfaceForComposites.java:532)
	at ptolemy.actor.util.CausalityInterfaceForComposites.checkForCycles(CausalityInterfaceForComposites.java:96)
	at ptolemy.domains.de.kernel.DEDirector.preinitialize(DEDirector.java:1338)
	at ptolemy.actor.CompositeActor.preinitialize(CompositeActor.java:1828)
	at ptolemy.actor.Manager.preinitializeAndResolveTypes(Manager.java:1040)
	at ptolemy.actor.Manager.initialize(Manager.java:710)
	at ptolemy.actor.Manager.execute(Manager.java:356)
	at ptolemy.actor.Manager.run(Manager.java:1263)
	at ptolemy.actor.Manager$PtolemyRunThread.run(Manager.java:1915)

    while executing
ptolemy.kernel.util.IllegalActionException: Found a zero delay loop containing .HierarchicalModel.A
  in .HierarchicalModel and .HierarchicalModel.A
    while executing
"java::new ptolemy.moml.MoMLSimpleApplication $file
"
    (procedure "createAndExecute" line 2)
    invoked from within
"createAndExecute $file"
    ("uplevel" body line 5)
    invoked from within
"uplevel $contents_of_test"
------------------ testing $PTII/ptolemy/domains/de/test/auto/knownFailedTests/DirectFeedback.xml (Known Failure) 
7 ms. Memory: 146944K Free: 141102K (96%)


==== $PTIIhome/travis/build/icyphy/ptII/ptolemy/domains/de/test/../../../../: Auto Automatic test in file $PTII/ptolemy/domains/de/test/auto/knownFailedTests/DirectFeedback.xml
==== Contents of test case:

	    # FIXME: we should use $relativeFilename here, but it
	    # might have backslashes under Windows, which causes no end
	    # of trouble.
	    createAndExecute $file
	    list {}
	
.... Test generated KNOWN error:
    while executing
ptolemy.kernel.util.IllegalActionException: Test fails in iteration 1.
Value was: 1.0. Should have been: 2.0
  in .DirectFeedback.Test
	at ptolemy.actor.lib.Test.fire(Test.java:268)
	at ptolemy.domains.de.kernel.DEDirector._fire(DEDirector.java:1949)
	at ptolemy.domains.de.kernel.DEDirector.fire(DEDirector.java:502)
	at ptolemy.actor.CompositeActor.fire(CompositeActor.java:455)
	at ptolemy.actor.Manager.iterate(Manager.java:851)
	at ptolemy.actor.Manager.execute(Manager.java:369)
	at ptolemy.actor.Manager.run(Manager.java:1263)
	at ptolemy.actor.Manager$PtolemyRunThread.run(Manager.java:1915)

    while executing
ptolemy.kernel.util.IllegalActionException: Test fails in iteration 1.
Value was: 1.0. Should have been: 2.0
  in .DirectFeedback.Test
    while executing
"java::new ptolemy.moml.MoMLSimpleApplication $file
"
    (procedure "createAndExecute" line 2)
    invoked from within
"createAndExecute $file"
    ("uplevel" body line 5)
    invoked from within
"uplevel $contents_of_test"
------------------ testing $PTII/ptolemy/domains/de/test/auto/ActorDepthCalculation_actorWithoutPorts.xml
auto.tcl: Setting watchdog for 200 seconds at Tue Oct 30 02:36:16 UTC 2018
9 ms. Memory: 146944K Free: 132405K (90%)
ptolemy.util.test.WatchDog.cancel(): canceling Tue Oct 30 02:36:16 UTC 2018
auto.tcl: Setting watchdog for 200 seconds at Tue Oct 30 02:36:16 UTC 2018
4 ms. Memory: 146944K Free: 131366K (89%)
ptolemy.util.test.WatchDog.cancel(): canceling Tue Oct 30 02:36:16 UTC 2018
------------------ testing $PTII/ptolemy/domains/de/test/auto/AssemblyLine.xml
auto.tcl: Setting watchdog for 200 seconds at Tue Oct 30 02:36:16 UTC 2018
19 ms. Memory: 208384K Free: 186356K (89%)
ptolemy.util.test.WatchDog.cancel(): canceling Tue Oct 30 02:36:16 UTC 2018
auto.tcl: Setting watchdog for 200 seconds at Tue Oct 30 02:36:16 UTC 2018
21 ms. Memory: 208384K Free: 186356K (89%)
ptolemy.util.test.WatchDog.cancel(): canceling Tue Oct 30 02:36:16 UTC 2018
------------------ testing $PTII/ptolemy/domains/de/test/auto/CQBug1.xml
auto.tcl: Setting watchdog for 200 seconds at Tue Oct 30 02:36:17 UTC 2018
5 ms. Memory: 208384K Free: 197728K (95%)
ptolemy.util.test.WatchDog.cancel(): canceling Tue Oct 30 02:36:17 UTC 2018
auto.tcl: Setting watchdog for 200 seconds at Tue Oct 30 02:36:17 UTC 2018
2 ms. Memory: 208384K Free: 197728K (95%)
ptolemy.util.test.WatchDog.cancel(): canceling Tue Oct 30 02:36:17 UTC 2018
------------------ testing $PTII/ptolemy/domains/de/test/auto/CancelFireAt.xml
auto.tcl: Setting watchdog for 200 seconds at Tue Oct 30 02:36:17 UTC 2018
7 ms. Memory: 208384K Free: 199010K (96%)
ptolemy.util.test.WatchDog.cancel(): canceling Tue Oct 30 02:36:17 UTC 2018
auto.tcl: Setting watchdog for 200 seconds at Tue Oct 30 02:36:17 UTC 2018
14 ms. Memory: 208384K Free: 199010K (96%)
ptolemy.util.test.WatchDog.cancel(): canceling Tue Oct 30 02:36:17 UTC 2018
------------------ testing $PTII/ptolemy/domains/de/test/auto/CausalityAndComposabilityAnalysis.xml
auto.tcl: Setting watchdog for 200 seconds at Tue Oct 30 02:36:17 UTC 2018
8 ms. Memory: 208384K Free: 199017K (96%)
ptolemy.util.test.WatchDog.cancel(): canceling Tue Oct 30 02:36:17 UTC 2018
auto.tcl: Setting watchdog for 200 seconds at Tue Oct 30 02:36:17 UTC 2018
15 ms. Memory: 208384K Free: 196927K (95%)
ptolemy.util.test.WatchDog.cancel(): canceling Tue Oct 30 02:36:17 UTC 2018
------------------ testing $PTII/ptolemy/domains/de/test/auto/CausalityInterface1.xml
auto.tcl: Setting watchdog for 200 seconds at Tue Oct 30 02:36:17 UTC 2018
12 ms. Memory: 208384K Free: 196454K (94%)
ptolemy.util.test.WatchDog.cancel(): canceling Tue Oct 30 02:36:17 UTC 2018
auto.tcl: Setting watchdog for 200 seconds at Tue Oct 30 02:36:17 UTC 2018
7 ms. Memory: 208384K Free: 196454K (94%)
ptolemy.util.test.WatchDog.cancel(): canceling Tue Oct 30 02:36:17 UTC 2018
------------------ testing $PTII/ptolemy/domains/de/test/auto/CausalityInterface15.xml
auto.tcl: Setting watchdog for 200 seconds at Tue Oct 30 02:36:17 UTC 2018
8 ms. Memory: 208384K Free: 196445K (94%)
ptolemy.util.test.WatchDog.cancel(): canceling Tue Oct 30 02:36:17 UTC 2018
auto.tcl: Setting watchdog for 200 seconds at Tue Oct 30 02:36:17 UTC 2018
4 ms. Memory: 208384K Free: 194356K (93%)
ptolemy.util.test.WatchDog.cancel(): canceling Tue Oct 30 02:36:17 UTC 2018
------------------ testing $PTII/ptolemy/domains/de/test/auto/CausalityInterface2.xml
auto.tcl: Setting watchdog for 200 seconds at Tue Oct 30 02:36:17 UTC 2018
5 ms. Memory: 208384K Free: 196429K (94%)
ptolemy.util.test.WatchDog.cancel(): canceling Tue Oct 30 02:36:17 UTC 2018
auto.tcl: Setting watchdog for 200 seconds at Tue Oct 30 02:36:17 UTC 2018
2 ms. Memory: 208384K Free: 196429K (94%)
ptolemy.util.test.WatchDog.cancel(): canceling Tue Oct 30 02:36:17 UTC 2018
------------------ testing $PTII/ptolemy/domains/de/test/auto/CausalityInterface3.xml
auto.tcl: Setting watchdog for 200 seconds at Tue Oct 30 02:36:17 UTC 2018
9 ms. Memory: 208384K Free: 196443K (94%)
ptolemy.util.test.WatchDog.cancel(): canceling Tue Oct 30 02:36:17 UTC 2018
auto.tcl: Setting watchdog for 200 seconds at Tue Oct 30 02:36:17 UTC 2018
3 ms. Memory: 208384K Free: 196443K (94%)
ptolemy.util.test.WatchDog.cancel(): canceling Tue Oct 30 02:36:17 UTC 2018
------------------ testing $PTII/ptolemy/domains/de/test/auto/ClockDrift.xml
auto.tcl: Setting watchdog for 200 seconds at Tue Oct 30 02:36:17 UTC 2018
87 ms. Memory: 208384K Free: 187706K (90%)
ptolemy.util.test.WatchDog.cancel(): canceling Tue Oct 30 02:36:17 UTC 2018
auto.tcl: Setting watchdog for 200 seconds at Tue Oct 30 02:36:17 UTC 2018
61 ms. Memory: 208384K Free: 185616K (89%)
ptolemy.util.test.WatchDog.cancel(): canceling Tue Oct 30 02:36:17 UTC 2018
------------------ testing $PTII/ptolemy/domains/de/test/auto/ClockDriftAndValueChange.xml
auto.tcl: Setting watchdog for 200 seconds at Tue Oct 30 02:36:17 UTC 2018
39 ms. Memory: 208384K Free: 187540K (90%)
ptolemy.util.test.WatchDog.cancel(): canceling Tue Oct 30 02:36:18 UTC 2018
auto.tcl: Setting watchdog for 200 seconds at Tue Oct 30 02:36:18 UTC 2018
39 ms. Memory: 208384K Free: 185451K (89%)
ptolemy.util.test.WatchDog.cancel(): canceling Tue Oct 30 02:36:18 UTC 2018
------------------ testing $PTII/ptolemy/domains/de/test/auto/ClockDriftChange.xml
auto.tcl: Setting watchdog for 200 seconds at Tue Oct 30 02:36:18 UTC 2018
42 ms. Memory: 208384K Free: 190853K (92%)
ptolemy.util.test.WatchDog.cancel(): canceling Tue Oct 30 02:36:18 UTC 2018
auto.tcl: Setting watchdog for 200 seconds at Tue Oct 30 02:36:18 UTC 2018
17 ms. Memory: 208384K Free: 188764K (91%)
ptolemy.util.test.WatchDog.cancel(): canceling Tue Oct 30 02:36:18 UTC 2018
------------------ testing $PTII/ptolemy/domains/de/test/auto/ComposableCausalityAnalysis.xml
auto.tcl: Setting watchdog for 200 seconds at Tue Oct 30 02:36:18 UTC 2018
2 ms. Memory: 208384K Free: 196297K (94%)
ptolemy.util.test.WatchDog.cancel(): canceling Tue Oct 30 02:36:18 UTC 2018
auto.tcl: Setting watchdog for 200 seconds at Tue Oct 30 02:36:18 UTC 2018
4 ms. Memory: 208384K Free: 194208K (93%)
ptolemy.util.test.WatchDog.cancel(): canceling Tue Oct 30 02:36:18 UTC 2018
------------------ testing $PTII/ptolemy/domains/de/test/auto/DEFixedPointLimitation.xml
auto.tcl: Setting watchdog for 200 seconds at Tue Oct 30 02:36:18 UTC 2018
1 ms. Memory: 208384K Free: 198468K (95%)
ptolemy.util.test.WatchDog.cancel(): canceling Tue Oct 30 02:36:18 UTC 2018
auto.tcl: Setting watchdog for 200 seconds at Tue Oct 30 02:36:18 UTC 2018
1 ms. Memory: 208384K Free: 196378K (94%)
ptolemy.util.test.WatchDog.cancel(): canceling Tue Oct 30 02:36:18 UTC 2018
------------------ testing $PTII/ptolemy/domains/de/test/auto/DEScheduleTest.xml
auto.tcl: Setting watchdog for 200 seconds at Tue Oct 30 02:36:18 UTC 2018
3 ms. Memory: 208384K Free: 198504K (95%)
ptolemy.util.test.WatchDog.cancel(): canceling Tue Oct 30 02:36:18 UTC 2018
auto.tcl: Setting watchdog for 200 seconds at Tue Oct 30 02:36:18 UTC 2018
7 ms. Memory: 208384K Free: 196414K (94%)
ptolemy.util.test.WatchDog.cancel(): canceling Tue Oct 30 02:36:18 UTC 2018
------------------ testing $PTII/ptolemy/domains/de/test/auto/DEinDEwithStartTimes.xml
auto.tcl: Setting watchdog for 200 seconds at Tue Oct 30 02:36:18 UTC 2018
7 ms. Memory: 208384K Free: 196721K (94%)
ptolemy.util.test.WatchDog.cancel(): canceling Tue Oct 30 02:36:18 UTC 2018
auto.tcl: Setting watchdog for 200 seconds at Tue Oct 30 02:36:18 UTC 2018
7 ms. Memory: 208384K Free: 194632K (93%)
ptolemy.util.test.WatchDog.cancel(): canceling Tue Oct 30 02:36:18 UTC 2018
------------------ testing $PTII/ptolemy/domains/de/test/auto/DEinDEwithStartTimes2.xml
auto.tcl: Setting watchdog for 200 seconds at Tue Oct 30 02:36:18 UTC 2018
8 ms. Memory: 208384K Free: 196701K (94%)
ptolemy.util.test.WatchDog.cancel(): canceling Tue Oct 30 02:36:18 UTC 2018
auto.tcl: Setting watchdog for 200 seconds at Tue Oct 30 02:36:18 UTC 2018
4 ms. Memory: 208384K Free: 194274K (93%)
ptolemy.util.test.WatchDog.cancel(): canceling Tue Oct 30 02:36:18 UTC 2018
------------------ testing $PTII/ptolemy/domains/de/test/auto/DateDemo.xml
auto.tcl: Setting watchdog for 200 seconds at Tue Oct 30 02:36:18 UTC 2018
12 ms. Memory: 208384K Free: 188833K (91%)
ptolemy.util.test.WatchDog.cancel(): canceling Tue Oct 30 02:36:18 UTC 2018
auto.tcl: Setting watchdog for 200 seconds at Tue Oct 30 02:36:18 UTC 2018
6 ms. Memory: 208384K Free: 186743K (90%)
ptolemy.util.test.WatchDog.cancel(): canceling Tue Oct 30 02:36:18 UTC 2018
------------------ testing $PTII/ptolemy/domains/de/test/auto/DateToEvent.xml
auto.tcl: Setting watchdog for 200 seconds at Tue Oct 30 02:36:18 UTC 2018
2008 ms. Memory: 208384K Free: 183578K (88%)
ptolemy.util.test.WatchDog.cancel(): canceling Tue Oct 30 02:36:21 UTC 2018
auto.tcl: Setting watchdog for 200 seconds at Tue Oct 30 02:36:21 UTC 2018
2006 ms. Memory: 208384K Free: 183578K (88%)
ptolemy.util.test.WatchDog.cancel(): canceling Tue Oct 30 02:36:23 UTC 2018
------------------ testing $PTII/ptolemy/domains/de/test/auto/DepthTest1.xml
auto.tcl: Setting watchdog for 200 seconds at Tue Oct 30 02:36:23 UTC 2018
4 ms. Memory: 208384K Free: 198370K (95%)
ptolemy.util.test.WatchDog.cancel(): canceling Tue Oct 30 02:36:23 UTC 2018
auto.tcl: Setting watchdog for 200 seconds at Tue Oct 30 02:36:23 UTC 2018
2 ms. Memory: 208384K Free: 198370K (95%)
ptolemy.util.test.WatchDog.cancel(): canceling Tue Oct 30 02:36:23 UTC 2018
------------------ testing $PTII/ptolemy/domains/de/test/auto/DepthTest2.xml
auto.tcl: Setting watchdog for 200 seconds at Tue Oct 30 02:36:23 UTC 2018
3 ms. Memory: 208384K Free: 194591K (93%)
ptolemy.util.test.WatchDog.cancel(): canceling Tue Oct 30 02:36:23 UTC 2018
auto.tcl: Setting watchdog for 200 seconds at Tue Oct 30 02:36:23 UTC 2018
6 ms. Memory: 208384K Free: 194591K (93%)
ptolemy.util.test.WatchDog.cancel(): canceling Tue Oct 30 02:36:23 UTC 2018
------------------ testing $PTII/ptolemy/domains/de/test/auto/DepthTest3.xml
auto.tcl: Setting watchdog for 200 seconds at Tue Oct 30 02:36:23 UTC 2018
3 ms. Memory: 208384K Free: 197138K (95%)
ptolemy.util.test.WatchDog.cancel(): canceling Tue Oct 30 02:36:23 UTC 2018
auto.tcl: Setting watchdog for 200 seconds at Tue Oct 30 02:36:23 UTC 2018
2 ms. Memory: 208384K Free: 197138K (95%)
ptolemy.util.test.WatchDog.cancel(): canceling Tue Oct 30 02:36:23 UTC 2018
------------------ testing $PTII/ptolemy/domains/de/test/auto/DepthTest4.xml
auto.tcl: Setting watchdog for 200 seconds at Tue Oct 30 02:36:23 UTC 2018
5 ms. Memory: 208384K Free: 196364K (94%)
ptolemy.util.test.WatchDog.cancel(): canceling Tue Oct 30 02:36:23 UTC 2018
auto.tcl: Setting watchdog for 200 seconds at Tue Oct 30 02:36:23 UTC 2018
2 ms. Memory: 208384K Free: 196364K (94%)
ptolemy.util.test.WatchDog.cancel(): canceling Tue Oct 30 02:36:23 UTC 2018
------------------ testing $PTII/ptolemy/domains/de/test/auto/DepthTest5.xml
auto.tcl: Setting watchdog for 200 seconds at Tue Oct 30 02:36:23 UTC 2018
3 ms. Memory: 208384K Free: 196312K (94%)
ptolemy.util.test.WatchDog.cancel(): canceling Tue Oct 30 02:36:23 UTC 2018
auto.tcl: Setting watchdog for 200 seconds at Tue Oct 30 02:36:23 UTC 2018
2 ms. Memory: 208384K Free: 196312K (94%)
ptolemy.util.test.WatchDog.cancel(): canceling Tue Oct 30 02:36:23 UTC 2018
------------------ testing $PTII/ptolemy/domains/de/test/auto/DepthTest6.xml
auto.tcl: Setting watchdog for 200 seconds at Tue Oct 30 02:36:23 UTC 2018
6 ms. Memory: 208384K Free: 196288K (94%)
ptolemy.util.test.WatchDog.cancel(): canceling Tue Oct 30 02:36:23 UTC 2018
auto.tcl: Setting watchdog for 200 seconds at Tue Oct 30 02:36:23 UTC 2018
2 ms. Memory: 208384K Free: 196288K (94%)
ptolemy.util.test.WatchDog.cancel(): canceling Tue Oct 30 02:36:23 UTC 2018
------------------ testing $PTII/ptolemy/domains/de/test/auto/DepthTest7.xml
auto.tcl: Setting watchdog for 200 seconds at Tue Oct 30 02:36:23 UTC 2018
3 ms. Memory: 208384K Free: 196269K (94%)
ptolemy.util.test.WatchDog.cancel(): canceling Tue Oct 30 02:36:23 UTC 2018
auto.tcl: Setting watchdog for 200 seconds at Tue Oct 30 02:36:23 UTC 2018
2 ms. Memory: 208384K Free: 196269K (94%)
ptolemy.util.test.WatchDog.cancel(): canceling Tue Oct 30 02:36:23 UTC 2018
------------------ testing $PTII/ptolemy/domains/de/test/auto/EventToDate.xml
auto.tcl: Setting watchdog for 200 seconds at Tue Oct 30 02:36:23 UTC 2018
3008 ms. Memory: 208384K Free: 185843K (89%)
ptolemy.util.test.WatchDog.cancel(): canceling Tue Oct 30 02:36:26 UTC 2018
auto.tcl: Setting watchdog for 200 seconds at Tue Oct 30 02:36:26 UTC 2018
3004 ms. Memory: 208384K Free: 185843K (89%)
ptolemy.util.test.WatchDog.cancel(): canceling Tue Oct 30 02:36:29 UTC 2018
------------------ testing $PTII/ptolemy/domains/de/test/auto/FSM1.xml
auto.tcl: Setting watchdog for 200 seconds at Tue Oct 30 02:36:29 UTC 2018
25 ms. Memory: 208384K Free: 189342K (91%)
ptolemy.util.test.WatchDog.cancel(): canceling Tue Oct 30 02:36:29 UTC 2018
auto.tcl: Setting watchdog for 200 seconds at Tue Oct 30 02:36:29 UTC 2018
20 ms. Memory: 208384K Free: 185163K (89%)
ptolemy.util.test.WatchDog.cancel(): canceling Tue Oct 30 02:36:29 UTC 2018
------------------ testing $PTII/ptolemy/domains/de/test/auto/FSM7.xml
auto.tcl: Setting watchdog for 200 seconds at Tue Oct 30 02:36:29 UTC 2018
23 ms. Memory: 208384K Free: 187454K (90%)
ptolemy.util.test.WatchDog.cancel(): canceling Tue Oct 30 02:36:29 UTC 2018
auto.tcl: Setting watchdog for 200 seconds at Tue Oct 30 02:36:29 UTC 2018
20 ms. Memory: 208384K Free: 185365K (89%)
ptolemy.util.test.WatchDog.cancel(): canceling Tue Oct 30 02:36:29 UTC 2018
------------------ testing $PTII/ptolemy/domains/de/test/auto/Inspection.xml
auto.tcl: Setting watchdog for 200 seconds at Tue Oct 30 02:36:29 UTC 2018
21 ms. Memory: 208384K Free: 188668K (91%)
ptolemy.util.test.WatchDog.cancel(): canceling Tue Oct 30 02:36:29 UTC 2018
auto.tcl: Setting watchdog for 200 seconds at Tue Oct 30 02:36:29 UTC 2018
29 ms. Memory: 208384K Free: 186579K (90%)
ptolemy.util.test.WatchDog.cancel(): canceling Tue Oct 30 02:36:30 UTC 2018
------------------ testing $PTII/ptolemy/domains/de/test/auto/Iteration.xml
auto.tcl: Setting watchdog for 200 seconds at Tue Oct 30 02:36:30 UTC 2018
8 ms. Memory: 208384K Free: 194323K (93%)
ptolemy.util.test.WatchDog.cancel(): canceling Tue Oct 30 02:36:30 UTC 2018
auto.tcl: Setting watchdog for 200 seconds at Tue Oct 30 02:36:30 UTC 2018
5 ms. Memory: 208384K Free: 193985K (93%)
ptolemy.util.test.WatchDog.cancel(): canceling Tue Oct 30 02:36:30 UTC 2018
------------------ testing $PTII/ptolemy/domains/de/test/auto/LineFault.xml
auto.tcl: Setting watchdog for 200 seconds at Tue Oct 30 02:36:30 UTC 2018
679 ms. Memory: 208384K Free: 196173K (94%)
ptolemy.util.test.WatchDog.cancel(): canceling Tue Oct 30 02:36:31 UTC 2018
auto.tcl: Setting watchdog for 200 seconds at Tue Oct 30 02:36:31 UTC 2018
624 ms. Memory: 208384K Free: 139130K (67%)
ptolemy.util.test.WatchDog.cancel(): canceling Tue Oct 30 02:36:31 UTC 2018
------------------ testing $PTII/ptolemy/domains/de/test/auto/MergeModel1Add.xml
auto.tcl: Setting watchdog for 200 seconds at Tue Oct 30 02:36:31 UTC 2018
24 ms. Memory: 331264K Free: 302819K (91%)
ptolemy.util.test.WatchDog.cancel(): canceling Tue Oct 30 02:36:31 UTC 2018
auto.tcl: Setting watchdog for 200 seconds at Tue Oct 30 02:36:31 UTC 2018
12 ms. Memory: 331264K Free: 298874K (90%)
ptolemy.util.test.WatchDog.cancel(): canceling Tue Oct 30 02:36:31 UTC 2018
------------------ testing $PTII/ptolemy/domains/de/test/auto/MergeModel2Add.xml
auto.tcl: Setting watchdog for 200 seconds at Tue Oct 30 02:36:32 UTC 2018
8 ms. Memory: 331264K Free: 304158K (92%)
ptolemy.util.test.WatchDog.cancel(): canceling Tue Oct 30 02:36:32 UTC 2018
auto.tcl: Setting watchdog for 200 seconds at Tue Oct 30 02:36:32 UTC 2018
8 ms. Memory: 331264K Free: 300213K (91%)
ptolemy.util.test.WatchDog.cancel(): canceling Tue Oct 30 02:36:32 UTC 2018
------------------ testing $PTII/ptolemy/domains/de/test/auto/MergeModel3Add.xml
auto.tcl: Setting watchdog for 200 seconds at Tue Oct 30 02:36:32 UTC 2018
9 ms. Memory: 331264K Free: 304168K (92%)
ptolemy.util.test.WatchDog.cancel(): canceling Tue Oct 30 02:36:32 UTC 2018
auto.tcl: Setting watchdog for 200 seconds at Tue Oct 30 02:36:32 UTC 2018
7 ms. Memory: 331264K Free: 300223K (91%)
ptolemy.util.test.WatchDog.cancel(): canceling Tue Oct 30 02:36:32 UTC 2018
------------------ testing $PTII/ptolemy/domains/de/test/auto/MergeWithoutDiscard.xml
auto.tcl: Setting watchdog for 200 seconds at Tue Oct 30 02:36:32 UTC 2018
1 ms. Memory: 331264K Free: 316285K (95%)
ptolemy.util.test.WatchDog.cancel(): canceling Tue Oct 30 02:36:32 UTC 2018
auto.tcl: Setting watchdog for 200 seconds at Tue Oct 30 02:36:32 UTC 2018
1 ms. Memory: 331264K Free: 316285K (95%)
ptolemy.util.test.WatchDog.cancel(): canceling Tue Oct 30 02:36:32 UTC 2018
------------------ testing $PTII/ptolemy/domains/de/test/auto/Modal1.xml
auto.tcl: Setting watchdog for 200 seconds at Tue Oct 30 02:36:32 UTC 2018
10 ms. Memory: 331264K Free: 309895K (94%)
ptolemy.util.test.WatchDog.cancel(): canceling Tue Oct 30 02:36:32 UTC 2018
auto.tcl: Setting watchdog for 200 seconds at Tue Oct 30 02:36:32 UTC 2018
11 ms. Memory: 331264K Free: 305950K (92%)
ptolemy.util.test.WatchDog.cancel(): canceling Tue Oct 30 02:36:32 UTC 2018
------------------ testing $PTII/ptolemy/domains/de/test/auto/Modal2.xml
auto.tcl: Setting watchdog for 200 seconds at Tue Oct 30 02:36:32 UTC 2018
19 ms. Memory: 331264K Free: 309777K (94%)
ptolemy.util.test.WatchDog.cancel(): canceling Tue Oct 30 02:36:32 UTC 2018
auto.tcl: Setting watchdog for 200 seconds at Tue Oct 30 02:36:32 UTC 2018
14 ms. Memory: 331264K Free: 305832K (92%)
ptolemy.util.test.WatchDog.cancel(): canceling Tue Oct 30 02:36:32 UTC 2018
------------------ testing $PTII/ptolemy/domains/de/test/auto/Modal3.xml
auto.tcl: Setting watchdog for 200 seconds at Tue Oct 30 02:36:32 UTC 2018
10 ms. Memory: 331264K Free: 309767K (94%)
ptolemy.util.test.WatchDog.cancel(): canceling Tue Oct 30 02:36:32 UTC 2018
auto.tcl: Setting watchdog for 200 seconds at Tue Oct 30 02:36:32 UTC 2018
10 ms. Memory: 331264K Free: 305823K (92%)
ptolemy.util.test.WatchDog.cancel(): canceling Tue Oct 30 02:36:32 UTC 2018
------------------ testing $PTII/ptolemy/domains/de/test/auto/Modal4.xml
auto.tcl: Setting watchdog for 200 seconds at Tue Oct 30 02:36:32 UTC 2018
23 ms. Memory: 331264K Free: 309781K (94%)
ptolemy.util.test.WatchDog.cancel(): canceling Tue Oct 30 02:36:32 UTC 2018
auto.tcl: Setting watchdog for 200 seconds at Tue Oct 30 02:36:32 UTC 2018
19 ms. Memory: 331264K Free: 305836K (92%)
ptolemy.util.test.WatchDog.cancel(): canceling Tue Oct 30 02:36:32 UTC 2018
------------------ testing $PTII/ptolemy/domains/de/test/auto/Modal5.xml
auto.tcl: Setting watchdog for 200 seconds at Tue Oct 30 02:36:32 UTC 2018
17 ms. Memory: 331264K Free: 309767K (94%)
ptolemy.util.test.WatchDog.cancel(): canceling Tue Oct 30 02:36:32 UTC 2018
auto.tcl: Setting watchdog for 200 seconds at Tue Oct 30 02:36:32 UTC 2018
12 ms. Memory: 331264K Free: 305822K (92%)
ptolemy.util.test.WatchDog.cancel(): canceling Tue Oct 30 02:36:32 UTC 2018
------------------ testing $PTII/ptolemy/domains/de/test/auto/Modal6.xml
auto.tcl: Setting watchdog for 200 seconds at Tue Oct 30 02:36:32 UTC 2018
11 ms. Memory: 331264K Free: 304628K (92%)
ptolemy.util.test.WatchDog.cancel(): canceling Tue Oct 30 02:36:32 UTC 2018
auto.tcl: Setting watchdog for 200 seconds at Tue Oct 30 02:36:32 UTC 2018
13 ms. Memory: 331264K Free: 300684K (91%)
ptolemy.util.test.WatchDog.cancel(): canceling Tue Oct 30 02:36:32 UTC 2018
------------------ testing $PTII/ptolemy/domains/de/test/auto/Modal7.xml
auto.tcl: Setting watchdog for 200 seconds at Tue Oct 30 02:36:32 UTC 2018
10 ms. Memory: 331264K Free: 309543K (93%)
ptolemy.util.test.WatchDog.cancel(): canceling Tue Oct 30 02:36:32 UTC 2018
auto.tcl: Setting watchdog for 200 seconds at Tue Oct 30 02:36:32 UTC 2018
9 ms. Memory: 331264K Free: 305598K (92%)
ptolemy.util.test.WatchDog.cancel(): canceling Tue Oct 30 02:36:33 UTC 2018
------------------ testing $PTII/ptolemy/domains/de/test/auto/ModalModel.xml
auto.tcl: Setting watchdog for 200 seconds at Tue Oct 30 02:36:33 UTC 2018
186 ms. Memory: 331264K Free: 246067K (74%)
ptolemy.util.test.WatchDog.cancel(): canceling Tue Oct 30 02:36:33 UTC 2018
auto.tcl: Setting watchdog for 200 seconds at Tue Oct 30 02:36:33 UTC 2018
164 ms. Memory: 331264K Free: 190842K (58%)
ptolemy.util.test.WatchDog.cancel(): canceling Tue Oct 30 02:36:33 UTC 2018
------------------ testing $PTII/ptolemy/domains/de/test/auto/ModalSource.xml
auto.tcl: Setting watchdog for 200 seconds at Tue Oct 30 02:36:33 UTC 2018
9 ms. Memory: 331264K Free: 316308K (95%)
ptolemy.util.test.WatchDog.cancel(): canceling Tue Oct 30 02:36:33 UTC 2018
auto.tcl: Setting watchdog for 200 seconds at Tue Oct 30 02:36:33 UTC 2018
6 ms. Memory: 331264K Free: 312779K (94%)
ptolemy.util.test.WatchDog.cancel(): canceling Tue Oct 30 02:36:33 UTC 2018
------------------ testing $PTII/ptolemy/domains/de/test/auto/NonInterruptibleTimerZeroDelay.xml
auto.tcl: Setting watchdog for 200 seconds at Tue Oct 30 02:36:33 UTC 2018
3 ms. Memory: 331264K Free: 320676K (97%)
ptolemy.util.test.WatchDog.cancel(): canceling Tue Oct 30 02:36:33 UTC 2018
auto.tcl: Setting watchdog for 200 seconds at Tue Oct 30 02:36:33 UTC 2018
3 ms. Memory: 331264K Free: 317146K (96%)
ptolemy.util.test.WatchDog.cancel(): canceling Tue Oct 30 02:36:33 UTC 2018
------------------ testing $PTII/ptolemy/domains/de/test/auto/OpenQueueingNetwork.xml
auto.tcl: Setting watchdog for 200 seconds at Tue Oct 30 02:36:33 UTC 2018
2730 ms. Memory: 573952K Free: 411892K (72%)
ptolemy.util.test.WatchDog.cancel(): canceling Tue Oct 30 02:36:36 UTC 2018
auto.tcl: Setting watchdog for 200 seconds at Tue Oct 30 02:36:36 UTC 2018
2259 ms. Memory: 550912K Free: 339200K (62%)
ptolemy.util.test.WatchDog.cancel(): canceling Tue Oct 30 02:36:38 UTC 2018
------------------ testing $PTII/ptolemy/domains/de/test/auto/OpenQueuingNetwork.xml
auto.tcl: Setting watchdog for 200 seconds at Tue Oct 30 02:36:38 UTC 2018
233 ms. Memory: 549888K Free: 450326K (82%)
ptolemy.util.test.WatchDog.cancel(): canceling Tue Oct 30 02:36:39 UTC 2018
auto.tcl: Setting watchdog for 200 seconds at Tue Oct 30 02:36:39 UTC 2018
216 ms. Memory: 549888K Free: 390916K (71%)
ptolemy.util.test.WatchDog.cancel(): canceling Tue Oct 30 02:36:39 UTC 2018
------------------ testing $PTII/ptolemy/domains/de/test/auto/PeriodicSampler.xml
auto.tcl: Setting watchdog for 200 seconds at Tue Oct 30 02:36:39 UTC 2018
3 ms. Memory: 551936K Free: 531716K (96%)
ptolemy.util.test.WatchDog.cancel(): canceling Tue Oct 30 02:36:39 UTC 2018
auto.tcl: Setting watchdog for 200 seconds at Tue Oct 30 02:36:39 UTC 2018
2 ms. Memory: 551936K Free: 531716K (96%)
ptolemy.util.test.WatchDog.cancel(): canceling Tue Oct 30 02:36:39 UTC 2018
------------------ testing $PTII/ptolemy/domains/de/test/auto/PersistentIO.xml
auto.tcl: Setting watchdog for 200 seconds at Tue Oct 30 02:36:39 UTC 2018
17 ms. Memory: 549376K Free: 529247K (96%)
ptolemy.util.test.WatchDog.cancel(): canceling Tue Oct 30 02:36:39 UTC 2018
auto.tcl: Setting watchdog for 200 seconds at Tue Oct 30 02:36:39 UTC 2018
3 ms. Memory: 549376K Free: 529247K (96%)
ptolemy.util.test.WatchDog.cancel(): canceling Tue Oct 30 02:36:39 UTC 2018
------------------ testing $PTII/ptolemy/domains/de/test/auto/PortParameterResetOnInitialize.xml
auto.tcl: Setting watchdog for 200 seconds at Tue Oct 30 02:36:39 UTC 2018
2 ms. Memory: 551424K Free: 531664K (96%)
ptolemy.util.test.WatchDog.cancel(): canceling Tue Oct 30 02:36:39 UTC 2018
auto.tcl: Setting watchdog for 200 seconds at Tue Oct 30 02:36:39 UTC 2018
2 ms. Memory: 551424K Free: 531664K (96%)
ptolemy.util.test.WatchDog.cancel(): canceling Tue Oct 30 02:36:39 UTC 2018
------------------ testing $PTII/ptolemy/domains/de/test/auto/PortParameterUpdates.xml
auto.tcl: Setting watchdog for 200 seconds at Tue Oct 30 02:36:39 UTC 2018
5 ms. Memory: 549376K Free: 529011K (96%)
ptolemy.util.test.WatchDog.cancel(): canceling Tue Oct 30 02:36:39 UTC 2018
auto.tcl: Setting watchdog for 200 seconds at Tue Oct 30 02:36:39 UTC 2018
3 ms. Memory: 549376K Free: 529011K (96%)
ptolemy.util.test.WatchDog.cancel(): canceling Tue Oct 30 02:36:39 UTC 2018
------------------ testing $PTII/ptolemy/domains/de/test/auto/QueueAndServer.xml
auto.tcl: Setting watchdog for 200 seconds at Tue Oct 30 02:36:39 UTC 2018
18 ms. Memory: 551424K Free: 531030K (96%)
ptolemy.util.test.WatchDog.cancel(): canceling Tue Oct 30 02:36:39 UTC 2018
auto.tcl: Setting watchdog for 200 seconds at Tue Oct 30 02:36:39 UTC 2018
6 ms. Memory: 551424K Free: 531030K (96%)
ptolemy.util.test.WatchDog.cancel(): canceling Tue Oct 30 02:36:39 UTC 2018
------------------ testing $PTII/ptolemy/domains/de/test/auto/Records.xml
auto.tcl: Setting watchdog for 200 seconds at Tue Oct 30 02:36:39 UTC 2018
6 ms. Memory: 549376K Free: 534334K (97%)
ptolemy.util.test.WatchDog.cancel(): canceling Tue Oct 30 02:36:39 UTC 2018
auto.tcl: Setting watchdog for 200 seconds at Tue Oct 30 02:36:39 UTC 2018
1 ms. Memory: 549376K Free: 528933K (96%)
ptolemy.util.test.WatchDog.cancel(): canceling Tue Oct 30 02:36:39 UTC 2018
------------------ testing $PTII/ptolemy/domains/de/test/auto/ResetTransitionWithStartTime1.xml
auto.tcl: Setting watchdog for 200 seconds at Tue Oct 30 02:36:39 UTC 2018
8 ms. Memory: 551424K Free: 530991K (96%)
ptolemy.util.test.WatchDog.cancel(): canceling Tue Oct 30 02:36:39 UTC 2018
auto.tcl: Setting watchdog for 200 seconds at Tue Oct 30 02:36:39 UTC 2018
6 ms. Memory: 551424K Free: 530991K (96%)
ptolemy.util.test.WatchDog.cancel(): canceling Tue Oct 30 02:36:39 UTC 2018
------------------ testing $PTII/ptolemy/domains/de/test/auto/ResetTransitionWithStartTime2.xml
auto.tcl: Setting watchdog for 200 seconds at Tue Oct 30 02:36:39 UTC 2018
6 ms. Memory: 549376K Free: 528934K (96%)
ptolemy.util.test.WatchDog.cancel(): canceling Tue Oct 30 02:36:40 UTC 2018
auto.tcl: Setting watchdog for 200 seconds at Tue Oct 30 02:36:40 UTC 2018
9 ms. Memory: 549376K Free: 528934K (96%)
ptolemy.util.test.WatchDog.cancel(): canceling Tue Oct 30 02:36:40 UTC 2018
------------------ testing $PTII/ptolemy/domains/de/test/auto/ResetTransitionWithStartTime3.xml
auto.tcl: Setting watchdog for 200 seconds at Tue Oct 30 02:36:40 UTC 2018
5 ms. Memory: 550912K Free: 530468K (96%)
ptolemy.util.test.WatchDog.cancel(): canceling Tue Oct 30 02:36:40 UTC 2018
auto.tcl: Setting watchdog for 200 seconds at Tue Oct 30 02:36:40 UTC 2018
6 ms. Memory: 550912K Free: 530468K (96%)
ptolemy.util.test.WatchDog.cancel(): canceling Tue Oct 30 02:36:40 UTC 2018
------------------ testing $PTII/ptolemy/domains/de/test/auto/ResetTransitionWithStartTime4.xml
auto.tcl: Setting watchdog for 200 seconds at Tue Oct 30 02:36:40 UTC 2018
4 ms. Memory: 549376K Free: 528939K (96%)
ptolemy.util.test.WatchDog.cancel(): canceling Tue Oct 30 02:36:40 UTC 2018
auto.tcl: Setting watchdog for 200 seconds at Tue Oct 30 02:36:40 UTC 2018
4 ms. Memory: 549376K Free: 528939K (96%)
ptolemy.util.test.WatchDog.cancel(): canceling Tue Oct 30 02:36:40 UTC 2018
------------------ testing $PTII/ptolemy/domains/de/test/auto/ResettableTimer1.xml
auto.tcl: Setting watchdog for 200 seconds at Tue Oct 30 02:36:40 UTC 2018
3 ms. Memory: 550912K Free: 535879K (97%)
ptolemy.util.test.WatchDog.cancel(): canceling Tue Oct 30 02:36:40 UTC 2018
auto.tcl: Setting watchdog for 200 seconds at Tue Oct 30 02:36:40 UTC 2018
2 ms. Memory: 550912K Free: 535879K (97%)
ptolemy.util.test.WatchDog.cancel(): canceling Tue Oct 30 02:36:40 UTC 2018
------------------ testing $PTII/ptolemy/domains/de/test/auto/ResettableTimer2.xml
auto.tcl: Setting watchdog for 200 seconds at Tue Oct 30 02:36:40 UTC 2018
2 ms. Memory: 549376K Free: 534630K (97%)
ptolemy.util.test.WatchDog.cancel(): canceling Tue Oct 30 02:36:40 UTC 2018
auto.tcl: Setting watchdog for 200 seconds at Tue Oct 30 02:36:40 UTC 2018
4 ms. Memory: 549376K Free: 534630K (97%)
ptolemy.util.test.WatchDog.cancel(): canceling Tue Oct 30 02:36:40 UTC 2018
------------------ testing $PTII/ptolemy/domains/de/test/auto/ResettableTimer3.xml
auto.tcl: Setting watchdog for 200 seconds at Tue Oct 30 02:36:40 UTC 2018
1 ms. Memory: 550912K Free: 535935K (97%)
ptolemy.util.test.WatchDog.cancel(): canceling Tue Oct 30 02:36:40 UTC 2018
auto.tcl: Setting watchdog for 200 seconds at Tue Oct 30 02:36:40 UTC 2018
2 ms. Memory: 550912K Free: 535935K (97%)
ptolemy.util.test.WatchDog.cancel(): canceling Tue Oct 30 02:36:40 UTC 2018
------------------ testing $PTII/ptolemy/domains/de/test/auto/ResettableTimer4.xml
auto.tcl: Setting watchdog for 200 seconds at Tue Oct 30 02:36:40 UTC 2018
2 ms. Memory: 549376K Free: 534642K (97%)
ptolemy.util.test.WatchDog.cancel(): canceling Tue Oct 30 02:36:40 UTC 2018
auto.tcl: Setting watchdog for 200 seconds at Tue Oct 30 02:36:40 UTC 2018
1 ms. Memory: 549376K Free: 534642K (97%)
ptolemy.util.test.WatchDog.cancel(): canceling Tue Oct 30 02:36:40 UTC 2018
------------------ testing $PTII/ptolemy/domains/de/test/auto/ResettableTimer5.xml
auto.tcl: Setting watchdog for 200 seconds at Tue Oct 30 02:36:40 UTC 2018
2 ms. Memory: 550400K Free: 530984K (96%)
ptolemy.util.test.WatchDog.cancel(): canceling Tue Oct 30 02:36:40 UTC 2018
auto.tcl: Setting watchdog for 200 seconds at Tue Oct 30 02:36:40 UTC 2018
1 ms. Memory: 550400K Free: 530984K (96%)
ptolemy.util.test.WatchDog.cancel(): canceling Tue Oct 30 02:36:40 UTC 2018
------------------ testing $PTII/ptolemy/domains/de/test/auto/ResettableTimer6.xml
auto.tcl: Setting watchdog for 200 seconds at Tue Oct 30 02:36:40 UTC 2018
1 ms. Memory: 549376K Free: 529681K (96%)
ptolemy.util.test.WatchDog.cancel(): canceling Tue Oct 30 02:36:40 UTC 2018
auto.tcl: Setting watchdog for 200 seconds at Tue Oct 30 02:36:40 UTC 2018
1 ms. Memory: 549376K Free: 529681K (96%)
ptolemy.util.test.WatchDog.cancel(): canceling Tue Oct 30 02:36:40 UTC 2018
------------------ testing $PTII/ptolemy/domains/de/test/auto/ServerZeroDelay.xml
auto.tcl: Setting watchdog for 200 seconds at Tue Oct 30 02:36:40 UTC 2018
4 ms. Memory: 550400K Free: 535604K (97%)
ptolemy.util.test.WatchDog.cancel(): canceling Tue Oct 30 02:36:40 UTC 2018
auto.tcl: Setting watchdog for 200 seconds at Tue Oct 30 02:36:40 UTC 2018
2 ms. Memory: 550400K Free: 535604K (97%)
ptolemy.util.test.WatchDog.cancel(): canceling Tue Oct 30 02:36:40 UTC 2018
------------------ testing $PTII/ptolemy/domains/de/test/auto/SmartSender.xml
auto.tcl: Setting watchdog for 200 seconds at Tue Oct 30 02:36:40 UTC 2018
3002 ms. Memory: 549376K Free: 529896K (96%)
ptolemy.util.test.WatchDog.cancel(): canceling Tue Oct 30 02:36:43 UTC 2018
auto.tcl: Setting watchdog for 200 seconds at Tue Oct 30 02:36:43 UTC 2018
3001 ms. Memory: 549376K Free: 529896K (96%)
ptolemy.util.test.WatchDog.cancel(): canceling Tue Oct 30 02:36:46 UTC 2018
------------------ testing $PTII/ptolemy/domains/de/test/auto/ThreadedComposite.xml
auto.tcl: Setting watchdog for 200 seconds at Tue Oct 30 02:36:46 UTC 2018
228 ms. Memory: 550400K Free: 510526K (93%)
ptolemy.util.test.WatchDog.cancel(): canceling Tue Oct 30 02:36:46 UTC 2018
auto.tcl: Setting watchdog for 200 seconds at Tue Oct 30 02:36:46 UTC 2018
127 ms. Memory: 550400K Free: 495766K (90%)
ptolemy.util.test.WatchDog.cancel(): canceling Tue Oct 30 02:36:47 UTC 2018
------------------ testing $PTII/ptolemy/domains/de/test/auto/Time.xml
auto.tcl: Setting watchdog for 200 seconds at Tue Oct 30 02:36:47 UTC 2018
542 ms. Memory: 549376K Free: 487271K (89%)
ptolemy.util.test.WatchDog.cancel(): canceling Tue Oct 30 02:36:47 UTC 2018
auto.tcl: Setting watchdog for 200 seconds at Tue Oct 30 02:36:47 UTC 2018
507 ms. Memory: 549376K Free: 438663K (80%)
ptolemy.util.test.WatchDog.cancel(): canceling Tue Oct 30 02:36:48 UTC 2018
------------------ testing $PTII/ptolemy/domains/de/test/auto/TimeDelayZeroDelay.xml
auto.tcl: Setting watchdog for 200 seconds at Tue Oct 30 02:36:48 UTC 2018
1 ms. Memory: 550400K Free: 535290K (97%)
ptolemy.util.test.WatchDog.cancel(): canceling Tue Oct 30 02:36:48 UTC 2018
auto.tcl: Setting watchdog for 200 seconds at Tue Oct 30 02:36:48 UTC 2018
2 ms. Memory: 550400K Free: 535290K (97%)
ptolemy.util.test.WatchDog.cancel(): canceling Tue Oct 30 02:36:48 UTC 2018
------------------ testing $PTII/ptolemy/domains/de/test/auto/TimerZeroDelay.xml
auto.tcl: Setting watchdog for 200 seconds at Tue Oct 30 02:36:48 UTC 2018
2 ms. Memory: 549376K Free: 534539K (97%)
ptolemy.util.test.WatchDog.cancel(): canceling Tue Oct 30 02:36:48 UTC 2018
auto.tcl: Setting watchdog for 200 seconds at Tue Oct 30 02:36:48 UTC 2018
2 ms. Memory: 549376K Free: 534539K (97%)
ptolemy.util.test.WatchDog.cancel(): canceling Tue Oct 30 02:36:48 UTC 2018
------------------ testing $PTII/ptolemy/domains/de/test/auto/TimingParadox.xml
auto.tcl: Setting watchdog for 200 seconds at Tue Oct 30 02:36:48 UTC 2018
331 ms. Memory: 549888K Free: 474298K (86%)
ptolemy.util.test.WatchDog.cancel(): canceling Tue Oct 30 02:36:48 UTC 2018
auto.tcl: Setting watchdog for 200 seconds at Tue Oct 30 02:36:48 UTC 2018
291 ms. Memory: 549888K Free: 441893K (80%)
ptolemy.util.test.WatchDog.cancel(): canceling Tue Oct 30 02:36:49 UTC 2018
------------------ testing $PTII/ptolemy/domains/de/test/auto/TransferInputs.xml
auto.tcl: Setting watchdog for 200 seconds at Tue Oct 30 02:36:49 UTC 2018
2 ms. Memory: 549888K Free: 533955K (97%)
ptolemy.util.test.WatchDog.cancel(): canceling Tue Oct 30 02:36:49 UTC 2018
auto.tcl: Setting watchdog for 200 seconds at Tue Oct 30 02:36:49 UTC 2018
2 ms. Memory: 549888K Free: 533955K (97%)
ptolemy.util.test.WatchDog.cancel(): canceling Tue Oct 30 02:36:49 UTC 2018
------------------ testing $PTII/ptolemy/domains/de/test/auto/TransferOutputs2.xml
auto.tcl: Setting watchdog for 200 seconds at Tue Oct 30 02:36:49 UTC 2018
3 ms. Memory: 549376K Free: 524449K (95%)
ptolemy.util.test.WatchDog.cancel(): canceling Tue Oct 30 02:36:49 UTC 2018
auto.tcl: Setting watchdog for 200 seconds at Tue Oct 30 02:36:49 UTC 2018
2 ms. Memory: 549376K Free: 524449K (95%)
ptolemy.util.test.WatchDog.cancel(): canceling Tue Oct 30 02:36:49 UTC 2018
------------------ testing $PTII/ptolemy/domains/de/test/auto/Trilateration.xml
auto.tcl: Setting watchdog for 200 seconds at Tue Oct 30 02:36:49 UTC 2018
13118 ms. Memory: 453632K Free: 131540K (29%)
ptolemy.util.test.WatchDog.cancel(): canceling Tue Oct 30 02:37:03 UTC 2018
auto.tcl: Setting watchdog for 200 seconds at Tue Oct 30 02:37:03 UTC 2018
10684 ms. Memory: 331264K Free: 240765K (73%)
ptolemy.util.test.WatchDog.cancel(): canceling Tue Oct 30 02:37:14 UTC 2018
------------------ testing $PTII/ptolemy/domains/de/test/auto/TwoSigmaDelta.xml
auto.tcl: Setting watchdog for 200 seconds at Tue Oct 30 02:37:14 UTC 2018
2642 ms. Memory: 320000K Free: 275625K (86%)
ptolemy.util.test.WatchDog.cancel(): canceling Tue Oct 30 02:37:17 UTC 2018
auto.tcl: Setting watchdog for 200 seconds at Tue Oct 30 02:37:17 UTC 2018
1997 ms. Memory: 307712K Free: 270033K (88%)
ptolemy.util.test.WatchDog.cancel(): canceling Tue Oct 30 02:37:19 UTC 2018
------------------ testing $PTII/ptolemy/domains/de/test/auto/VariableDelay.xml
auto.tcl: Setting watchdog for 200 seconds at Tue Oct 30 02:37:19 UTC 2018
8 ms. Memory: 309760K Free: 293154K (95%)
ptolemy.util.test.WatchDog.cancel(): canceling Tue Oct 30 02:37:19 UTC 2018
auto.tcl: Setting watchdog for 200 seconds at Tue Oct 30 02:37:19 UTC 2018
2 ms. Memory: 309760K Free: 293154K (95%)
ptolemy.util.test.WatchDog.cancel(): canceling Tue Oct 30 02:37:19 UTC 2018
------------------ testing $PTII/ptolemy/domains/de/test/auto/VariableDelay2.xml
auto.tcl: Setting watchdog for 200 seconds at Tue Oct 30 02:37:19 UTC 2018
6 ms. Memory: 307712K Free: 293788K (95%)
ptolemy.util.test.WatchDog.cancel(): canceling Tue Oct 30 02:37:19 UTC 2018
auto.tcl: Setting watchdog for 200 seconds at Tue Oct 30 02:37:19 UTC 2018
2 ms. Memory: 307712K Free: 293788K (95%)
ptolemy.util.test.WatchDog.cancel(): canceling Tue Oct 30 02:37:19 UTC 2018
------------------ testing $PTII/ptolemy/domains/de/test/auto/VariableDelayZeroDelay.xml
auto.tcl: Setting watchdog for 200 seconds at Tue Oct 30 02:37:19 UTC 2018
2 ms. Memory: 309248K Free: 296453K (96%)
ptolemy.util.test.WatchDog.cancel(): canceling Tue Oct 30 02:37:19 UTC 2018
auto.tcl: Setting watchdog for 200 seconds at Tue Oct 30 02:37:19 UTC 2018
2 ms. Memory: 309248K Free: 293060K (95%)
ptolemy.util.test.WatchDog.cancel(): canceling Tue Oct 30 02:37:19 UTC 2018
------------------ testing $PTII/ptolemy/domains/de/test/auto/VariableDelayZeroDelay2.xml
auto.tcl: Setting watchdog for 200 seconds at Tue Oct 30 02:37:19 UTC 2018
2 ms. Memory: 307712K Free: 294915K (96%)
ptolemy.util.test.WatchDog.cancel(): canceling Tue Oct 30 02:37:19 UTC 2018
auto.tcl: Setting watchdog for 200 seconds at Tue Oct 30 02:37:19 UTC 2018
2 ms. Memory: 307712K Free: 291538K (95%)
ptolemy.util.test.WatchDog.cancel(): canceling Tue Oct 30 02:37:19 UTC 2018
------------------ testing $PTII/ptolemy/domains/de/test/auto/deInCt.xml
auto.tcl: Setting watchdog for 200 seconds at Tue Oct 30 02:37:19 UTC 2018
0
1
1
1
0
0
0
1
1
1
1
0
0
0
1
1
1
0
0
0
1
1
1
1
1
0
0
0
1
1
1
0
0
0
0
0
0
14 ms. Memory: 309248K Free: 293055K (95%)
ptolemy.util.test.WatchDog.cancel(): canceling Tue Oct 30 02:37:19 UTC 2018
auto.tcl: Setting watchdog for 200 seconds at Tue Oct 30 02:37:19 UTC 2018
0
1
1
1
0
0
0
1
1
1
0
0
0
0
1
1
1
0
0
1
1
1
1
1
0
0
0
0
1
1
1
1
0
0
0
0
1
1
1
1
1
8 ms. Memory: 309248K Free: 293055K (95%)
ptolemy.util.test.WatchDog.cancel(): canceling Tue Oct 30 02:37:19 UTC 2018
------------------ testing $PTII/ptolemy/domains/de/test/auto/deInCt2.xml
auto.tcl: Setting watchdog for 200 seconds at Tue Oct 30 02:37:19 UTC 2018
0
1
1
1
0
0
1
1
1
0
0
1
1
1
0
0
1
1
1
0
0
1
1
1
0
0
1
1
1
0
0
1
1
1
0
0
1
1
1
0
0
0
5 ms. Memory: 307712K Free: 291507K (95%)
ptolemy.util.test.WatchDog.cancel(): canceling Tue Oct 30 02:37:19 UTC 2018
auto.tcl: Setting watchdog for 200 seconds at Tue Oct 30 02:37:19 UTC 2018
0
1
1
1
0
0
1
1
1
0
0
1
1
1
0
0
1
1
1
0
0
1
1
1
0
0
1
1
1
0
0
1
1
1
0
0
1
1
1
0
0
0
5 ms. Memory: 307712K Free: 291507K (95%)
ptolemy.util.test.WatchDog.cancel(): canceling Tue Oct 30 02:37:19 UTC 2018
------------------ testing $PTII/ptolemy/domains/de/test/auto/dynamicCausalityInterface1.xml
auto.tcl: Setting watchdog for 200 seconds at Tue Oct 30 02:37:19 UTC 2018
1 ms. Memory: 308736K Free: 289162K (94%)
ptolemy.util.test.WatchDog.cancel(): canceling Tue Oct 30 02:37:19 UTC 2018
auto.tcl: Setting watchdog for 200 seconds at Tue Oct 30 02:37:19 UTC 2018
1 ms. Memory: 308736K Free: 289162K (94%)
ptolemy.util.test.WatchDog.cancel(): canceling Tue Oct 30 02:37:19 UTC 2018
------------------ testing $PTII/ptolemy/domains/de/test/auto/fsm_de_test.xml
auto.tcl: Setting watchdog for 200 seconds at Tue Oct 30 02:37:19 UTC 2018
13 ms. Memory: 307712K Free: 288033K (94%)
ptolemy.util.test.WatchDog.cancel(): canceling Tue Oct 30 02:37:19 UTC 2018
auto.tcl: Setting watchdog for 200 seconds at Tue Oct 30 02:37:19 UTC 2018
4 ms. Memory: 307712K Free: 288033K (94%)
ptolemy.util.test.WatchDog.cancel(): canceling Tue Oct 30 02:37:19 UTC 2018
------------------ testing $PTII/ptolemy/domains/de/test/auto/functionDependencyReconstruction.xml
auto.tcl: Setting watchdog for 200 seconds at Tue Oct 30 02:37:19 UTC 2018
2 ms. Memory: 308736K Free: 282278K (91%)
ptolemy.util.test.WatchDog.cancel(): canceling Tue Oct 30 02:37:19 UTC 2018
auto.tcl: Setting watchdog for 200 seconds at Tue Oct 30 02:37:19 UTC 2018
3 ms. Memory: 308736K Free: 278885K (90%)
ptolemy.util.test.WatchDog.cancel(): canceling Tue Oct 30 02:37:19 UTC 2018
------------------ testing $PTII/ptolemy/domains/de/test/auto/multirate.xml
auto.tcl: Setting watchdog for 200 seconds at Tue Oct 30 02:37:19 UTC 2018
3 ms. Memory: 307712K Free: 291272K (95%)
ptolemy.util.test.WatchDog.cancel(): canceling Tue Oct 30 02:37:19 UTC 2018
auto.tcl: Setting watchdog for 200 seconds at Tue Oct 30 02:37:19 UTC 2018
3 ms. Memory: 307712K Free: 287879K (94%)
ptolemy.util.test.WatchDog.cancel(): canceling Tue Oct 30 02:37:19 UTC 2018
------------------ testing $PTII/ptolemy/domains/de/test/auto/multirate2.xml
auto.tcl: Setting watchdog for 200 seconds at Tue Oct 30 02:37:19 UTC 2018
3 ms. Memory: 308736K Free: 294752K (95%)
ptolemy.util.test.WatchDog.cancel(): canceling Tue Oct 30 02:37:19 UTC 2018
auto.tcl: Setting watchdog for 200 seconds at Tue Oct 30 02:37:19 UTC 2018
2 ms. Memory: 308736K Free: 294752K (95%)
ptolemy.util.test.WatchDog.cancel(): canceling Tue Oct 30 02:37:19 UTC 2018
------------------ testing $PTII/ptolemy/domains/de/test/auto/realtime.xml
auto.tcl: Setting watchdog for 200 seconds at Tue Oct 30 02:37:19 UTC 2018
10002 ms. Memory: 307712K Free: 289187K (94%)
ptolemy.util.test.WatchDog.cancel(): canceling Tue Oct 30 02:37:29 UTC 2018
auto.tcl: Setting watchdog for 200 seconds at Tue Oct 30 02:37:29 UTC 2018
10001 ms. Memory: 307712K Free: 289187K (94%)
ptolemy.util.test.WatchDog.cancel(): canceling Tue Oct 30 02:37:39 UTC 2018
------------------ testing $PTII/ptolemy/domains/de/test/auto/relationGroup.xml
auto.tcl: Setting watchdog for 200 seconds at Tue Oct 30 02:37:40 UTC 2018
2 ms. Memory: 308224K Free: 297656K (97%)
ptolemy.util.test.WatchDog.cancel(): canceling Tue Oct 30 02:37:40 UTC 2018
auto.tcl: Setting watchdog for 200 seconds at Tue Oct 30 02:37:40 UTC 2018
1 ms. Memory: 308224K Free: 297656K (97%)
ptolemy.util.test.WatchDog.cancel(): canceling Tue Oct 30 02:37:40 UTC 2018
------------------ testing $PTII/ptolemy/domains/de/test/auto/relationGroup2.xml
auto.tcl: Setting watchdog for 200 seconds at Tue Oct 30 02:37:40 UTC 2018
1 ms. Memory: 307712K Free: 297171K (97%)
ptolemy.util.test.WatchDog.cancel(): canceling Tue Oct 30 02:37:40 UTC 2018
auto.tcl: Setting watchdog for 200 seconds at Tue Oct 30 02:37:40 UTC 2018
1 ms. Memory: 307712K Free: 297171K (97%)
ptolemy.util.test.WatchDog.cancel(): canceling Tue Oct 30 02:37:40 UTC 2018
------------------ testing $PTII/ptolemy/domains/de/test/auto/sortWithOpaquePorts.xml
auto.tcl: Setting watchdog for 200 seconds at Tue Oct 30 02:37:40 UTC 2018
2 ms. Memory: 308224K Free: 295420K (96%)
ptolemy.util.test.WatchDog.cancel(): canceling Tue Oct 30 02:37:40 UTC 2018
auto.tcl: Setting watchdog for 200 seconds at Tue Oct 30 02:37:40 UTC 2018
2 ms. Memory: 308224K Free: 292040K (95%)
ptolemy.util.test.WatchDog.cancel(): canceling Tue Oct 30 02:37:40 UTC 2018
------------------ testing $PTII/ptolemy/domains/de/test/auto/transferInputsandOutputs.xml
auto.tcl: Setting watchdog for 200 seconds at Tue Oct 30 02:37:40 UTC 2018
1 ms. Memory: 307712K Free: 291519K (95%)
ptolemy.util.test.WatchDog.cancel(): canceling Tue Oct 30 02:37:40 UTC 2018
auto.tcl: Setting watchdog for 200 seconds at Tue Oct 30 02:37:40 UTC 2018
2 ms. Memory: 307712K Free: 288126K (94%)
ptolemy.util.test.WatchDog.cancel(): canceling Tue Oct 30 02:37:40 UTC 2018
------------------ testing $PTII/ptolemy/domains/de/test/auto/triggerType.xml
auto.tcl: Setting watchdog for 200 seconds at Tue Oct 30 02:37:40 UTC 2018
1 ms. Memory: 308224K Free: 295358K (96%)
ptolemy.util.test.WatchDog.cancel(): canceling Tue Oct 30 02:37:40 UTC 2018
auto.tcl: Setting watchdog for 200 seconds at Tue Oct 30 02:37:40 UTC 2018
2 ms. Memory: 308224K Free: 291965K (95%)
ptolemy.util.test.WatchDog.cancel(): canceling Tue Oct 30 02:37:40 UTC 2018
10/30/18 02:37:40
Failed: 0  Total Tests: 192  ((Passed: 187, Newly Passed: 1)  Known Failed: 5) /home/travis/build/icyphy/ptII/ptolemy/domains/de/test
10/30/18 02:37:40
Failed: 0  Total Tests: 192  ((Passed: 187, Newly Passed: 1)  Known Failed: 5) /home/travis/build/icyphy/ptII/ptolemy/domains/de/test
----------------- testing (KnownFailure) /home/travis/build/icyphy/ptII/ptolemy/domains/de/test/auto/knownFailedTests/DESDFClockTest.xml
2013 ms. Memory: 307712K Free: 285832K (93%)
Known Failure: java.lang.reflect.InvocationTargetException
----------------- testing (KnownFailure) /home/travis/build/icyphy/ptII/ptolemy/domains/de/test/auto/knownFailedTests/DirectFeedback.xml
1 ms. Memory: 307712K Free: 267714K (87%)
Known Failure: java.lang.reflect.InvocationTargetException
----------------- testing (KnownFailure) /home/travis/build/icyphy/ptII/ptolemy/domains/de/test/auto/knownFailedTests/FSMSource.xml
8 ms. Memory: 307712K Free: 245068K (80%)
----------------- testing (KnownFailure) /home/travis/build/icyphy/ptII/ptolemy/domains/de/test/auto/knownFailedTests/HierarchicalModel.xml
3 ms. Memory: 307712K Free: 222405K (72%)
Known Failure: java.lang.reflect.InvocationTargetException
----------------- testing (KnownFailure) /home/travis/build/icyphy/ptII/ptolemy/domains/de/test/auto/knownFailedTests/dependencyLoop.xml
2 ms. Memory: 307712K Free: 190690K (62%)
Known Failure: java.lang.reflect.InvocationTargetException
----------------- testing (KnownFailure) /home/travis/build/icyphy/ptII/ptolemy/domains/de/test/auto/knownFailedTests/dependencyLoop2.xml
2 ms. Memory: 307712K Free: 158975K (52%)
Known Failure: java.lang.reflect.InvocationTargetException
No auto/linux-amd64/*.xml tests in /home/travis/build/icyphy/ptII/ptolemy/domains/de/test
AutoTests.java: About to close Vertx.
AutoTests.java: Vertx closed.

===========================================================================================
----------------- testing Tue Oct 30 02:37:42 UTC 2018 /home/travis/build/icyphy/ptII/ptolemy/domains/de/test/auto/ActorDepthCalculation_actorWithoutPorts.xml
----------------- Instantiating /home/travis/build/icyphy/ptII/ptolemy/domains/de/test/auto/ActorDepthCalculation_actorWithoutPorts.xml
2 ms. Memory: 307712K Free: 131802K (43%)
----------------- Invoking toplevel() on ptolemy.moml.MoMLSimpleApplication@4597d37c
----------------- Done invoking toplevel() on ptolemy.moml.MoMLSimpleApplication@4597d37c
reloadAllAccessors: .ActorDepthCalculation_actorWithoutPorts

===========================================================================================
----------------- testing Tue Oct 30 02:37:42 UTC 2018 /home/travis/build/icyphy/ptII/ptolemy/domains/de/test/auto/AssemblyLine.xml
----------------- Instantiating /home/travis/build/icyphy/ptII/ptolemy/domains/de/test/auto/AssemblyLine.xml
2 ms. Memory: 307712K Free: 118208K (38%)
----------------- Invoking toplevel() on ptolemy.moml.MoMLSimpleApplication@6ad557fc
----------------- Done invoking toplevel() on ptolemy.moml.MoMLSimpleApplication@6ad557fc
reloadAllAccessors: .AssemblyLine

===========================================================================================
----------------- testing Tue Oct 30 02:37:42 UTC 2018 /home/travis/build/icyphy/ptII/ptolemy/domains/de/test/auto/CQBug1.xml
----------------- Instantiating /home/travis/build/icyphy/ptII/ptolemy/domains/de/test/auto/CQBug1.xml
1 ms. Memory: 307712K Free: 109156K (35%)
----------------- Invoking toplevel() on ptolemy.moml.MoMLSimpleApplication@4f94d781
----------------- Done invoking toplevel() on ptolemy.moml.MoMLSimpleApplication@4f94d781
reloadAllAccessors: .CQBug1

===========================================================================================
----------------- testing Tue Oct 30 02:37:42 UTC 2018 /home/travis/build/icyphy/ptII/ptolemy/domains/de/test/auto/CancelFireAt.xml
----------------- Instantiating /home/travis/build/icyphy/ptII/ptolemy/domains/de/test/auto/CancelFireAt.xml
1 ms. Memory: 307712K Free: 100104K (33%)
----------------- Invoking toplevel() on ptolemy.moml.MoMLSimpleApplication@98cb0bd
----------------- Done invoking toplevel() on ptolemy.moml.MoMLSimpleApplication@98cb0bd
reloadAllAccessors: .CancelFireAt

===========================================================================================
----------------- testing Tue Oct 30 02:37:42 UTC 2018 /home/travis/build/icyphy/ptII/ptolemy/domains/de/test/auto/CausalityAndComposabilityAnalysis.xml
----------------- Instantiating /home/travis/build/icyphy/ptII/ptolemy/domains/de/test/auto/CausalityAndComposabilityAnalysis.xml
2 ms. Memory: 307712K Free: 91052K (30%)
----------------- Invoking toplevel() on ptolemy.moml.MoMLSimpleApplication@15cda1a7
----------------- Done invoking toplevel() on ptolemy.moml.MoMLSimpleApplication@15cda1a7
reloadAllAccessors: .CausalityAndComposabilityAnalysis

===========================================================================================
----------------- testing Tue Oct 30 02:37:42 UTC 2018 /home/travis/build/icyphy/ptII/ptolemy/domains/de/test/auto/CausalityInterface1.xml
----------------- Instantiating /home/travis/build/icyphy/ptII/ptolemy/domains/de/test/auto/CausalityInterface1.xml
4 ms. Memory: 307712K Free: 78622K (26%)
----------------- Invoking toplevel() on ptolemy.moml.MoMLSimpleApplication@1e36ca7f
----------------- Done invoking toplevel() on ptolemy.moml.MoMLSimpleApplication@1e36ca7f
reloadAllAccessors: .CausalityInterface1

===========================================================================================
----------------- testing Tue Oct 30 02:37:42 UTC 2018 /home/travis/build/icyphy/ptII/ptolemy/domains/de/test/auto/CausalityInterface15.xml
----------------- Instantiating /home/travis/build/icyphy/ptII/ptolemy/domains/de/test/auto/CausalityInterface15.xml
2 ms. Memory: 298496K Free: 286496K (96%)
----------------- Invoking toplevel() on ptolemy.moml.MoMLSimpleApplication@4e7cce6
----------------- Done invoking toplevel() on ptolemy.moml.MoMLSimpleApplication@4e7cce6
reloadAllAccessors: .CausalityInterface15

===========================================================================================
----------------- testing Tue Oct 30 02:37:42 UTC 2018 /home/travis/build/icyphy/ptII/ptolemy/domains/de/test/auto/CausalityInterface2.xml
----------------- Instantiating /home/travis/build/icyphy/ptII/ptolemy/domains/de/test/auto/CausalityInterface2.xml
1 ms. Memory: 298496K Free: 277875K (93%)
----------------- Invoking toplevel() on ptolemy.moml.MoMLSimpleApplication@189b29a8
----------------- Done invoking toplevel() on ptolemy.moml.MoMLSimpleApplication@189b29a8
reloadAllAccessors: .CausalityInterface2

===========================================================================================
----------------- testing Tue Oct 30 02:37:42 UTC 2018 /home/travis/build/icyphy/ptII/ptolemy/domains/de/test/auto/CausalityInterface3.xml
----------------- Instantiating /home/travis/build/icyphy/ptII/ptolemy/domains/de/test/auto/CausalityInterface3.xml
2 ms. Memory: 298496K Free: 269196K (90%)
----------------- Invoking toplevel() on ptolemy.moml.MoMLSimpleApplication@529775c7
----------------- Done invoking toplevel() on ptolemy.moml.MoMLSimpleApplication@529775c7
reloadAllAccessors: .CausalityInterface3

===========================================================================================
----------------- testing Tue Oct 30 02:37:42 UTC 2018 /home/travis/build/icyphy/ptII/ptolemy/domains/de/test/auto/ClockDrift.xml
----------------- Instantiating /home/travis/build/icyphy/ptII/ptolemy/domains/de/test/auto/ClockDrift.xml
16 ms. Memory: 298496K Free: 254019K (85%)
----------------- Invoking toplevel() on ptolemy.moml.MoMLSimpleApplication@5a1468c7
----------------- Done invoking toplevel() on ptolemy.moml.MoMLSimpleApplication@5a1468c7
reloadAllAccessors: .ClockDrift

===========================================================================================
----------------- testing Tue Oct 30 02:37:42 UTC 2018 /home/travis/build/icyphy/ptII/ptolemy/domains/de/test/auto/ClockDriftAndValueChange.xml
----------------- Instantiating /home/travis/build/icyphy/ptII/ptolemy/domains/de/test/auto/ClockDriftAndValueChange.xml
10 ms. Memory: 298496K Free: 238826K (80%)
----------------- Invoking toplevel() on ptolemy.moml.MoMLSimpleApplication@2dc03516
----------------- Done invoking toplevel() on ptolemy.moml.MoMLSimpleApplication@2dc03516
reloadAllAccessors: .ClockDriftAndValueChange

===========================================================================================
----------------- testing Tue Oct 30 02:37:42 UTC 2018 /home/travis/build/icyphy/ptII/ptolemy/domains/de/test/auto/ClockDriftChange.xml
----------------- Instantiating /home/travis/build/icyphy/ptII/ptolemy/domains/de/test/auto/ClockDriftChange.xml
9 ms. Memory: 298496K Free: 223684K (75%)
----------------- Invoking toplevel() on ptolemy.moml.MoMLSimpleApplication@6855a4b7
----------------- Done invoking toplevel() on ptolemy.moml.MoMLSimpleApplication@6855a4b7
reloadAllAccessors: .ClockDriftChange

===========================================================================================
----------------- testing Tue Oct 30 02:37:42 UTC 2018 /home/travis/build/icyphy/ptII/ptolemy/domains/de/test/auto/ComposableCausalityAnalysis.xml
----------------- Instantiating /home/travis/build/icyphy/ptII/ptolemy/domains/de/test/auto/ComposableCausalityAnalysis.xml
2 ms. Memory: 298496K Free: 215013K (72%)
----------------- Invoking toplevel() on ptolemy.moml.MoMLSimpleApplication@2a1d4dd5
----------------- Done invoking toplevel() on ptolemy.moml.MoMLSimpleApplication@2a1d4dd5
reloadAllAccessors: .ComposableCausalityAnalysis

===========================================================================================
----------------- testing Tue Oct 30 02:37:42 UTC 2018 /home/travis/build/icyphy/ptII/ptolemy/domains/de/test/auto/DEFixedPointLimitation.xml
----------------- Instantiating /home/travis/build/icyphy/ptII/ptolemy/domains/de/test/auto/DEFixedPointLimitation.xml
2 ms. Memory: 298496K Free: 208508K (70%)
----------------- Invoking toplevel() on ptolemy.moml.MoMLSimpleApplication@6f6b5b5a
----------------- Done invoking toplevel() on ptolemy.moml.MoMLSimpleApplication@6f6b5b5a
reloadAllAccessors: .DEFixedPointLimitation

===========================================================================================
----------------- testing Tue Oct 30 02:37:42 UTC 2018 /home/travis/build/icyphy/ptII/ptolemy/domains/de/test/auto/DEScheduleTest.xml
----------------- Instantiating /home/travis/build/icyphy/ptII/ptolemy/domains/de/test/auto/DEScheduleTest.xml
6 ms. Memory: 298496K Free: 202002K (68%)
----------------- Invoking toplevel() on ptolemy.moml.MoMLSimpleApplication@5b31b294
----------------- Done invoking toplevel() on ptolemy.moml.MoMLSimpleApplication@5b31b294
reloadAllAccessors: .DEScheduleTest

===========================================================================================
----------------- testing Tue Oct 30 02:37:42 UTC 2018 /home/travis/build/icyphy/ptII/ptolemy/domains/de/test/auto/DEinDEwithStartTimes.xml
----------------- Instantiating /home/travis/build/icyphy/ptII/ptolemy/domains/de/test/auto/DEinDEwithStartTimes.xml
2 ms. Memory: 298496K Free: 193315K (65%)
----------------- Invoking toplevel() on ptolemy.moml.MoMLSimpleApplication@350c2a60
----------------- Done invoking toplevel() on ptolemy.moml.MoMLSimpleApplication@350c2a60
reloadAllAccessors: .DEinDEwithStartTimes

===========================================================================================
----------------- testing Tue Oct 30 02:37:42 UTC 2018 /home/travis/build/icyphy/ptII/ptolemy/domains/de/test/auto/DEinDEwithStartTimes2.xml
----------------- Instantiating /home/travis/build/icyphy/ptII/ptolemy/domains/de/test/auto/DEinDEwithStartTimes2.xml
2 ms. Memory: 298496K Free: 182520K (61%)
----------------- Invoking toplevel() on ptolemy.moml.MoMLSimpleApplication@6493ddbb
----------------- Done invoking toplevel() on ptolemy.moml.MoMLSimpleApplication@6493ddbb
reloadAllAccessors: .DEinDEwithStartTimes2

===========================================================================================
----------------- testing Tue Oct 30 02:37:42 UTC 2018 /home/travis/build/icyphy/ptII/ptolemy/domains/de/test/auto/DateDemo.xml
----------------- Instantiating /home/travis/build/icyphy/ptII/ptolemy/domains/de/test/auto/DateDemo.xml
4 ms. Memory: 298496K Free: 169493K (57%)
----------------- Invoking toplevel() on ptolemy.moml.MoMLSimpleApplication@3eb47c98
----------------- Done invoking toplevel() on ptolemy.moml.MoMLSimpleApplication@3eb47c98
reloadAllAccessors: .DateDemo

===========================================================================================
----------------- testing Tue Oct 30 02:37:42 UTC 2018 /home/travis/build/icyphy/ptII/ptolemy/domains/de/test/auto/DateToEvent.xml
----------------- Instantiating /home/travis/build/icyphy/ptII/ptolemy/domains/de/test/auto/DateToEvent.xml
2005 ms. Memory: 298496K Free: 149953K (50%)
----------------- Invoking toplevel() on ptolemy.moml.MoMLSimpleApplication@4c668a1
----------------- Done invoking toplevel() on ptolemy.moml.MoMLSimpleApplication@4c668a1
reloadAllAccessors: .DateToEvent

===========================================================================================
----------------- testing Tue Oct 30 02:37:45 UTC 2018 /home/travis/build/icyphy/ptII/ptolemy/domains/de/test/auto/DepthTest1.xml
----------------- Instantiating /home/travis/build/icyphy/ptII/ptolemy/domains/de/test/auto/DepthTest1.xml
1 ms. Memory: 298496K Free: 143440K (48%)
----------------- Invoking toplevel() on ptolemy.moml.MoMLSimpleApplication@5a7bb7f5
----------------- Done invoking toplevel() on ptolemy.moml.MoMLSimpleApplication@5a7bb7f5
reloadAllAccessors: .DepthTest1

===========================================================================================
----------------- testing Tue Oct 30 02:37:45 UTC 2018 /home/travis/build/icyphy/ptII/ptolemy/domains/de/test/auto/DepthTest2.xml
----------------- Instantiating /home/travis/build/icyphy/ptII/ptolemy/domains/de/test/auto/DepthTest2.xml
2 ms. Memory: 298496K Free: 132653K (44%)
----------------- Invoking toplevel() on ptolemy.moml.MoMLSimpleApplication@5e97fca7
----------------- Done invoking toplevel() on ptolemy.moml.MoMLSimpleApplication@5e97fca7
reloadAllAccessors: .DepthTest2

===========================================================================================
----------------- testing Tue Oct 30 02:37:45 UTC 2018 /home/travis/build/icyphy/ptII/ptolemy/domains/de/test/auto/DepthTest3.xml
----------------- Instantiating /home/travis/build/icyphy/ptII/ptolemy/domains/de/test/auto/DepthTest3.xml
1 ms. Memory: 298496K Free: 126140K (42%)
----------------- Invoking toplevel() on ptolemy.moml.MoMLSimpleApplication@14294a89
----------------- Done invoking toplevel() on ptolemy.moml.MoMLSimpleApplication@14294a89
reloadAllAccessors: .DepthTest3

===========================================================================================
----------------- testing Tue Oct 30 02:37:45 UTC 2018 /home/travis/build/icyphy/ptII/ptolemy/domains/de/test/auto/DepthTest4.xml
----------------- Instantiating /home/travis/build/icyphy/ptII/ptolemy/domains/de/test/auto/DepthTest4.xml
1 ms. Memory: 298496K Free: 117445K (39%)
----------------- Invoking toplevel() on ptolemy.moml.MoMLSimpleApplication@64e7ee3
----------------- Done invoking toplevel() on ptolemy.moml.MoMLSimpleApplication@64e7ee3
reloadAllAccessors: .DepthTest4

===========================================================================================
----------------- testing Tue Oct 30 02:37:45 UTC 2018 /home/travis/build/icyphy/ptII/ptolemy/domains/de/test/auto/DepthTest5.xml
----------------- Instantiating /home/travis/build/icyphy/ptII/ptolemy/domains/de/test/auto/DepthTest5.xml
1 ms. Memory: 298496K Free: 108765K (36%)
----------------- Invoking toplevel() on ptolemy.moml.MoMLSimpleApplication@18349d88
----------------- Done invoking toplevel() on ptolemy.moml.MoMLSimpleApplication@18349d88
reloadAllAccessors: .DepthTest5

===========================================================================================
----------------- testing Tue Oct 30 02:37:45 UTC 2018 /home/travis/build/icyphy/ptII/ptolemy/domains/de/test/auto/DepthTest6.xml
----------------- Instantiating /home/travis/build/icyphy/ptII/ptolemy/domains/de/test/auto/DepthTest6.xml
2 ms. Memory: 298496K Free: 100078K (34%)
----------------- Invoking toplevel() on ptolemy.moml.MoMLSimpleApplication@412016c2
----------------- Done invoking toplevel() on ptolemy.moml.MoMLSimpleApplication@412016c2
reloadAllAccessors: .DepthTest6

===========================================================================================
----------------- testing Tue Oct 30 02:37:45 UTC 2018 /home/travis/build/icyphy/ptII/ptolemy/domains/de/test/auto/DepthTest7.xml
----------------- Instantiating /home/travis/build/icyphy/ptII/ptolemy/domains/de/test/auto/DepthTest7.xml
1 ms. Memory: 298496K Free: 89259K (30%)
----------------- Invoking toplevel() on ptolemy.moml.MoMLSimpleApplication@49545ba8
----------------- Done invoking toplevel() on ptolemy.moml.MoMLSimpleApplication@49545ba8
reloadAllAccessors: .DepthTest7

===========================================================================================
----------------- testing Tue Oct 30 02:37:45 UTC 2018 /home/travis/build/icyphy/ptII/ptolemy/domains/de/test/auto/EventToDate.xml
----------------- Instantiating /home/travis/build/icyphy/ptII/ptolemy/domains/de/test/auto/EventToDate.xml
3004 ms. Memory: 289280K Free: 278927K (96%)
----------------- Invoking toplevel() on ptolemy.moml.MoMLSimpleApplication@411c9bea
----------------- Done invoking toplevel() on ptolemy.moml.MoMLSimpleApplication@411c9bea
reloadAllAccessors: .EventToDate

===========================================================================================
----------------- testing Tue Oct 30 02:37:48 UTC 2018 /home/travis/build/icyphy/ptII/ptolemy/domains/de/test/auto/FSM1.xml
----------------- Instantiating /home/travis/build/icyphy/ptII/ptolemy/domains/de/test/auto/FSM1.xml
7 ms. Memory: 289280K Free: 263005K (91%)
----------------- Invoking toplevel() on ptolemy.moml.MoMLSimpleApplication@207d0faa
----------------- Done invoking toplevel() on ptolemy.moml.MoMLSimpleApplication@207d0faa
reloadAllAccessors: .FSM1

===========================================================================================
----------------- testing Tue Oct 30 02:37:48 UTC 2018 /home/travis/build/icyphy/ptII/ptolemy/domains/de/test/auto/FSM7.xml
----------------- Instantiating /home/travis/build/icyphy/ptII/ptolemy/domains/de/test/auto/FSM7.xml
8 ms. Memory: 289280K Free: 248465K (86%)
----------------- Invoking toplevel() on ptolemy.moml.MoMLSimpleApplication@5b89cf3e
----------------- Done invoking toplevel() on ptolemy.moml.MoMLSimpleApplication@5b89cf3e
reloadAllAccessors: .FSM7

===========================================================================================
----------------- testing Tue Oct 30 02:37:48 UTC 2018 /home/travis/build/icyphy/ptII/ptolemy/domains/de/test/auto/Inspection.xml
----------------- Instantiating /home/travis/build/icyphy/ptII/ptolemy/domains/de/test/auto/Inspection.xml
12 ms. Memory: 289280K Free: 232535K (80%)
----------------- Invoking toplevel() on ptolemy.moml.MoMLSimpleApplication@37fdfb53
----------------- Done invoking toplevel() on ptolemy.moml.MoMLSimpleApplication@37fdfb53
reloadAllAccessors: .Inspection

===========================================================================================
----------------- testing Tue Oct 30 02:37:48 UTC 2018 /home/travis/build/icyphy/ptII/ptolemy/domains/de/test/auto/Iteration.xml
----------------- Instantiating /home/travis/build/icyphy/ptII/ptolemy/domains/de/test/auto/Iteration.xml
5 ms. Memory: 289280K Free: 224240K (78%)
----------------- Invoking toplevel() on ptolemy.moml.MoMLSimpleApplication@7fd9a90b
----------------- Done invoking toplevel() on ptolemy.moml.MoMLSimpleApplication@7fd9a90b
reloadAllAccessors: .Iteration

===========================================================================================
----------------- testing Tue Oct 30 02:37:48 UTC 2018 /home/travis/build/icyphy/ptII/ptolemy/domains/de/test/auto/LineFault.xml
----------------- Instantiating /home/travis/build/icyphy/ptII/ptolemy/domains/de/test/auto/LineFault.xml
390 ms. Memory: 289280K Free: 103689K (36%)
----------------- Invoking toplevel() on ptolemy.moml.MoMLSimpleApplication@3656dcf5
----------------- Done invoking toplevel() on ptolemy.moml.MoMLSimpleApplication@3656dcf5
reloadAllAccessors: .LineFault

===========================================================================================
----------------- testing Tue Oct 30 02:37:48 UTC 2018 /home/travis/build/icyphy/ptII/ptolemy/domains/de/test/auto/MergeModel1Add.xml
----------------- Instantiating /home/travis/build/icyphy/ptII/ptolemy/domains/de/test/auto/MergeModel1Add.xml
6 ms. Memory: 289280K Free: 81506K (28%)
----------------- Invoking toplevel() on ptolemy.moml.MoMLSimpleApplication@6e4c645f
----------------- Done invoking toplevel() on ptolemy.moml.MoMLSimpleApplication@6e4c645f
reloadAllAccessors: .MergeModel1Add

===========================================================================================
----------------- testing Tue Oct 30 02:37:48 UTC 2018 /home/travis/build/icyphy/ptII/ptolemy/domains/de/test/auto/MergeModel2Add.xml
----------------- Instantiating /home/travis/build/icyphy/ptII/ptolemy/domains/de/test/auto/MergeModel2Add.xml
7 ms. Memory: 280576K Free: 259358K (92%)
----------------- Invoking toplevel() on ptolemy.moml.MoMLSimpleApplication@3dc8e704
----------------- Done invoking toplevel() on ptolemy.moml.MoMLSimpleApplication@3dc8e704
reloadAllAccessors: .MergeModel2Add

===========================================================================================
----------------- testing Tue Oct 30 02:37:48 UTC 2018 /home/travis/build/icyphy/ptII/ptolemy/domains/de/test/auto/MergeModel3Add.xml
----------------- Instantiating /home/travis/build/icyphy/ptII/ptolemy/domains/de/test/auto/MergeModel3Add.xml
6 ms. Memory: 280576K Free: 238535K (85%)
----------------- Invoking toplevel() on ptolemy.moml.MoMLSimpleApplication@7dfe1ecd
----------------- Done invoking toplevel() on ptolemy.moml.MoMLSimpleApplication@7dfe1ecd
reloadAllAccessors: .MergeModel3Add

===========================================================================================
----------------- testing Tue Oct 30 02:37:48 UTC 2018 /home/travis/build/icyphy/ptII/ptolemy/domains/de/test/auto/MergeWithoutDiscard.xml
----------------- Instantiating /home/travis/build/icyphy/ptII/ptolemy/domains/de/test/auto/MergeWithoutDiscard.xml
1 ms. Memory: 280576K Free: 231674K (83%)
----------------- Invoking toplevel() on ptolemy.moml.MoMLSimpleApplication@ba25fc5
----------------- Done invoking toplevel() on ptolemy.moml.MoMLSimpleApplication@ba25fc5
reloadAllAccessors: .MergeWithoutDiscard

===========================================================================================
----------------- testing Tue Oct 30 02:37:48 UTC 2018 /home/travis/build/icyphy/ptII/ptolemy/domains/de/test/auto/Modal1.xml
----------------- Instantiating /home/travis/build/icyphy/ptII/ptolemy/domains/de/test/auto/Modal1.xml
7 ms. Memory: 280576K Free: 217736K (78%)
----------------- Invoking toplevel() on ptolemy.moml.MoMLSimpleApplication@7989b3ca
----------------- Done invoking toplevel() on ptolemy.moml.MoMLSimpleApplication@7989b3ca
reloadAllAccessors: .Modal1

===========================================================================================
----------------- testing Tue Oct 30 02:37:48 UTC 2018 /home/travis/build/icyphy/ptII/ptolemy/domains/de/test/auto/Modal2.xml
----------------- Instantiating /home/travis/build/icyphy/ptII/ptolemy/domains/de/test/auto/Modal2.xml
9 ms. Memory: 280576K Free: 202902K (72%)
----------------- Invoking toplevel() on ptolemy.moml.MoMLSimpleApplication@73554cc9
----------------- Done invoking toplevel() on ptolemy.moml.MoMLSimpleApplication@73554cc9
reloadAllAccessors: .Modal2

===========================================================================================
----------------- testing Tue Oct 30 02:37:49 UTC 2018 /home/travis/build/icyphy/ptII/ptolemy/domains/de/test/auto/Modal3.xml
----------------- Instantiating /home/travis/build/icyphy/ptII/ptolemy/domains/de/test/auto/Modal3.xml
6 ms. Memory: 280576K Free: 186953K (67%)
----------------- Invoking toplevel() on ptolemy.moml.MoMLSimpleApplication@6c8e2131
----------------- Done invoking toplevel() on ptolemy.moml.MoMLSimpleApplication@6c8e2131
reloadAllAccessors: .Modal3

===========================================================================================
----------------- testing Tue Oct 30 02:37:49 UTC 2018 /home/travis/build/icyphy/ptII/ptolemy/domains/de/test/auto/Modal4.xml
----------------- Instantiating /home/travis/build/icyphy/ptII/ptolemy/domains/de/test/auto/Modal4.xml
7 ms. Memory: 280576K Free: 170120K (61%)
----------------- Invoking toplevel() on ptolemy.moml.MoMLSimpleApplication@421c7b2b
----------------- Done invoking toplevel() on ptolemy.moml.MoMLSimpleApplication@421c7b2b
reloadAllAccessors: .Modal4

===========================================================================================
----------------- testing Tue Oct 30 02:37:49 UTC 2018 /home/travis/build/icyphy/ptII/ptolemy/domains/de/test/auto/Modal5.xml
----------------- Instantiating /home/travis/build/icyphy/ptII/ptolemy/domains/de/test/auto/Modal5.xml
6 ms. Memory: 280576K Free: 154203K (55%)
----------------- Invoking toplevel() on ptolemy.moml.MoMLSimpleApplication@23eb2169
----------------- Done invoking toplevel() on ptolemy.moml.MoMLSimpleApplication@23eb2169
reloadAllAccessors: .Modal5

===========================================================================================
----------------- testing Tue Oct 30 02:37:49 UTC 2018 /home/travis/build/icyphy/ptII/ptolemy/domains/de/test/auto/Modal6.xml
----------------- Instantiating /home/travis/build/icyphy/ptII/ptolemy/domains/de/test/auto/Modal6.xml
7 ms. Memory: 280576K Free: 139387K (50%)
----------------- Invoking toplevel() on ptolemy.moml.MoMLSimpleApplication@2c518c76
----------------- Done invoking toplevel() on ptolemy.moml.MoMLSimpleApplication@2c518c76
reloadAllAccessors: .Modal6

===========================================================================================
----------------- testing Tue Oct 30 02:37:49 UTC 2018 /home/travis/build/icyphy/ptII/ptolemy/domains/de/test/auto/Modal7.xml
----------------- Instantiating /home/travis/build/icyphy/ptII/ptolemy/domains/de/test/auto/Modal7.xml
7 ms. Memory: 280576K Free: 123454K (44%)
----------------- Invoking toplevel() on ptolemy.moml.MoMLSimpleApplication@14e7f31f
----------------- Done invoking toplevel() on ptolemy.moml.MoMLSimpleApplication@14e7f31f
reloadAllAccessors: .Modal7

===========================================================================================
----------------- testing Tue Oct 30 02:37:49 UTC 2018 /home/travis/build/icyphy/ptII/ptolemy/domains/de/test/auto/ModalModel.xml
----------------- Instantiating /home/travis/build/icyphy/ptII/ptolemy/domains/de/test/auto/ModalModel.xml
127 ms. Memory: 271872K Free: 238276K (88%)
----------------- Invoking toplevel() on ptolemy.moml.MoMLSimpleApplication@6f4129b0
----------------- Done invoking toplevel() on ptolemy.moml.MoMLSimpleApplication@6f4129b0
reloadAllAccessors: .ModalModel

===========================================================================================
----------------- testing Tue Oct 30 02:37:49 UTC 2018 /home/travis/build/icyphy/ptII/ptolemy/domains/de/test/auto/ModalSource.xml
----------------- Instantiating /home/travis/build/icyphy/ptII/ptolemy/domains/de/test/auto/ModalSource.xml
3 ms. Memory: 271872K Free: 227646K (84%)
----------------- Invoking toplevel() on ptolemy.moml.MoMLSimpleApplication@2572648
----------------- Done invoking toplevel() on ptolemy.moml.MoMLSimpleApplication@2572648
reloadAllAccessors: .ModalSource

===========================================================================================
----------------- testing Tue Oct 30 02:37:49 UTC 2018 /home/travis/build/icyphy/ptII/ptolemy/domains/de/test/auto/NonInterruptibleTimerZeroDelay.xml
----------------- Instantiating /home/travis/build/icyphy/ptII/ptolemy/domains/de/test/auto/NonInterruptibleTimerZeroDelay.xml
2 ms. Memory: 271872K Free: 221979K (82%)
----------------- Invoking toplevel() on ptolemy.moml.MoMLSimpleApplication@3d6cc1f7
----------------- Done invoking toplevel() on ptolemy.moml.MoMLSimpleApplication@3d6cc1f7
reloadAllAccessors: .NonInterruptibleTimerZeroDelay

===========================================================================================
----------------- testing Tue Oct 30 02:37:49 UTC 2018 /home/travis/build/icyphy/ptII/ptolemy/domains/de/test/auto/OpenQueueingNetwork.xml
----------------- Instantiating /home/travis/build/icyphy/ptII/ptolemy/domains/de/test/auto/OpenQueueingNetwork.xml
2121 ms. Memory: 250880K Free: 116044K (46%)
----------------- Invoking toplevel() on ptolemy.moml.MoMLSimpleApplication@1659b91e
----------------- Done invoking toplevel() on ptolemy.moml.MoMLSimpleApplication@1659b91e
reloadAllAccessors: .OpenQueueingNetwork

===========================================================================================
----------------- testing Tue Oct 30 02:37:51 UTC 2018 /home/travis/build/icyphy/ptII/ptolemy/domains/de/test/auto/OpenQueuingNetwork.xml
----------------- Instantiating /home/travis/build/icyphy/ptII/ptolemy/domains/de/test/auto/OpenQueuingNetwork.xml
223 ms. Memory: 242688K Free: 186859K (77%)
----------------- Invoking toplevel() on ptolemy.moml.MoMLSimpleApplication@460a0f24
----------------- Done invoking toplevel() on ptolemy.moml.MoMLSimpleApplication@460a0f24
reloadAllAccessors: .OpenQueuingNetwork

===========================================================================================
----------------- testing Tue Oct 30 02:37:51 UTC 2018 /home/travis/build/icyphy/ptII/ptolemy/domains/de/test/auto/PeriodicSampler.xml
----------------- Instantiating /home/travis/build/icyphy/ptII/ptolemy/domains/de/test/auto/PeriodicSampler.xml
1 ms. Memory: 242688K Free: 180306K (74%)
----------------- Invoking toplevel() on ptolemy.moml.MoMLSimpleApplication@103d6544
----------------- Done invoking toplevel() on ptolemy.moml.MoMLSimpleApplication@103d6544
reloadAllAccessors: .PeriodicSampler

===========================================================================================
----------------- testing Tue Oct 30 02:37:51 UTC 2018 /home/travis/build/icyphy/ptII/ptolemy/domains/de/test/auto/PersistentIO.xml
----------------- Instantiating /home/travis/build/icyphy/ptII/ptolemy/domains/de/test/auto/PersistentIO.xml
7 ms. Memory: 242688K Free: 168569K (69%)
----------------- Invoking toplevel() on ptolemy.moml.MoMLSimpleApplication@6b229d7d
----------------- Done invoking toplevel() on ptolemy.moml.MoMLSimpleApplication@6b229d7d
reloadAllAccessors: .PersistentIO

===========================================================================================
----------------- testing Tue Oct 30 02:37:51 UTC 2018 /home/travis/build/icyphy/ptII/ptolemy/domains/de/test/auto/PortParameterResetOnInitialize.xml
----------------- Instantiating /home/travis/build/icyphy/ptII/ptolemy/domains/de/test/auto/PortParameterResetOnInitialize.xml
2 ms. Memory: 242688K Free: 161671K (67%)
----------------- Invoking toplevel() on ptolemy.moml.MoMLSimpleApplication@3b90dc4d
----------------- Done invoking toplevel() on ptolemy.moml.MoMLSimpleApplication@3b90dc4d
reloadAllAccessors: .PortParameterResetOnInitialize

===========================================================================================
----------------- testing Tue Oct 30 02:37:51 UTC 2018 /home/travis/build/icyphy/ptII/ptolemy/domains/de/test/auto/PortParameterUpdates.xml
----------------- Instantiating /home/travis/build/icyphy/ptII/ptolemy/domains/de/test/auto/PortParameterUpdates.xml
3 ms. Memory: 242688K Free: 152949K (63%)
----------------- Invoking toplevel() on ptolemy.moml.MoMLSimpleApplication@13416efe
----------------- Done invoking toplevel() on ptolemy.moml.MoMLSimpleApplication@13416efe
reloadAllAccessors: .PortParameterUpdates

===========================================================================================
----------------- testing Tue Oct 30 02:37:51 UTC 2018 /home/travis/build/icyphy/ptII/ptolemy/domains/de/test/auto/QueueAndServer.xml
----------------- Instantiating /home/travis/build/icyphy/ptII/ptolemy/domains/de/test/auto/QueueAndServer.xml
4 ms. Memory: 242688K Free: 144441K (60%)
----------------- Invoking toplevel() on ptolemy.moml.MoMLSimpleApplication@6a030b09
----------------- Done invoking toplevel() on ptolemy.moml.MoMLSimpleApplication@6a030b09
reloadAllAccessors: .QueueAndServer

===========================================================================================
----------------- testing Tue Oct 30 02:37:51 UTC 2018 /home/travis/build/icyphy/ptII/ptolemy/domains/de/test/auto/Records.xml
----------------- Instantiating /home/travis/build/icyphy/ptII/ptolemy/domains/de/test/auto/Records.xml
3 ms. Memory: 242688K Free: 137568K (57%)
----------------- Invoking toplevel() on ptolemy.moml.MoMLSimpleApplication@4670fbc6
----------------- Done invoking toplevel() on ptolemy.moml.MoMLSimpleApplication@4670fbc6
reloadAllAccessors: .Records

===========================================================================================
----------------- testing Tue Oct 30 02:37:51 UTC 2018 /home/travis/build/icyphy/ptII/ptolemy/domains/de/test/auto/ResetTransitionWithStartTime1.xml
----------------- Instantiating /home/travis/build/icyphy/ptII/ptolemy/domains/de/test/auto/ResetTransitionWithStartTime1.xml
4 ms. Memory: 242688K Free: 127222K (52%)
----------------- Invoking toplevel() on ptolemy.moml.MoMLSimpleApplication@695d40bc
----------------- Done invoking toplevel() on ptolemy.moml.MoMLSimpleApplication@695d40bc
reloadAllAccessors: .ResetTransitionWithStartTime1

===========================================================================================
----------------- testing Tue Oct 30 02:37:51 UTC 2018 /home/travis/build/icyphy/ptII/ptolemy/domains/de/test/auto/ResetTransitionWithStartTime2.xml
----------------- Instantiating /home/travis/build/icyphy/ptII/ptolemy/domains/de/test/auto/ResetTransitionWithStartTime2.xml
3 ms. Memory: 242688K Free: 117101K (48%)
----------------- Invoking toplevel() on ptolemy.moml.MoMLSimpleApplication@60b085f8
----------------- Done invoking toplevel() on ptolemy.moml.MoMLSimpleApplication@60b085f8
reloadAllAccessors: .ResetTransitionWithStartTime2

===========================================================================================
----------------- testing Tue Oct 30 02:37:51 UTC 2018 /home/travis/build/icyphy/ptII/ptolemy/domains/de/test/auto/ResetTransitionWithStartTime3.xml
----------------- Instantiating /home/travis/build/icyphy/ptII/ptolemy/domains/de/test/auto/ResetTransitionWithStartTime3.xml
3 ms. Memory: 242688K Free: 106770K (44%)
----------------- Invoking toplevel() on ptolemy.moml.MoMLSimpleApplication@77291d82
----------------- Done invoking toplevel() on ptolemy.moml.MoMLSimpleApplication@77291d82
reloadAllAccessors: .ResetTransitionWithStartTime3

===========================================================================================
----------------- testing Tue Oct 30 02:37:51 UTC 2018 /home/travis/build/icyphy/ptII/ptolemy/domains/de/test/auto/ResetTransitionWithStartTime4.xml
----------------- Instantiating /home/travis/build/icyphy/ptII/ptolemy/domains/de/test/auto/ResetTransitionWithStartTime4.xml
3 ms. Memory: 242688K Free: 96680K (40%)
----------------- Invoking toplevel() on ptolemy.moml.MoMLSimpleApplication@5e43801e
----------------- Done invoking toplevel() on ptolemy.moml.MoMLSimpleApplication@5e43801e
reloadAllAccessors: .ResetTransitionWithStartTime4

===========================================================================================
----------------- testing Tue Oct 30 02:37:51 UTC 2018 /home/travis/build/icyphy/ptII/ptolemy/domains/de/test/auto/ResettableTimer1.xml
----------------- Instantiating /home/travis/build/icyphy/ptII/ptolemy/domains/de/test/auto/ResettableTimer1.xml
1 ms. Memory: 242688K Free: 91406K (38%)
----------------- Invoking toplevel() on ptolemy.moml.MoMLSimpleApplication@3ac6061f
----------------- Done invoking toplevel() on ptolemy.moml.MoMLSimpleApplication@3ac6061f
reloadAllAccessors: .ResettableTimer1

===========================================================================================
----------------- testing Tue Oct 30 02:37:51 UTC 2018 /home/travis/build/icyphy/ptII/ptolemy/domains/de/test/auto/ResettableTimer2.xml
----------------- Instantiating /home/travis/build/icyphy/ptII/ptolemy/domains/de/test/auto/ResettableTimer2.xml
2 ms. Memory: 242688K Free: 85931K (35%)
----------------- Invoking toplevel() on ptolemy.moml.MoMLSimpleApplication@c0ae3f3
----------------- Done invoking toplevel() on ptolemy.moml.MoMLSimpleApplication@c0ae3f3
reloadAllAccessors: .ResettableTimer2

===========================================================================================
----------------- testing Tue Oct 30 02:37:52 UTC 2018 /home/travis/build/icyphy/ptII/ptolemy/domains/de/test/auto/ResettableTimer3.xml
----------------- Instantiating /home/travis/build/icyphy/ptII/ptolemy/domains/de/test/auto/ResettableTimer3.xml
1 ms. Memory: 242688K Free: 80656K (33%)
----------------- Invoking toplevel() on ptolemy.moml.MoMLSimpleApplication@289a81ef
----------------- Done invoking toplevel() on ptolemy.moml.MoMLSimpleApplication@289a81ef
reloadAllAccessors: .ResettableTimer3

===========================================================================================
----------------- testing Tue Oct 30 02:37:52 UTC 2018 /home/travis/build/icyphy/ptII/ptolemy/domains/de/test/auto/ResettableTimer4.xml
----------------- Instantiating /home/travis/build/icyphy/ptII/ptolemy/domains/de/test/auto/ResettableTimer4.xml
1 ms. Memory: 242688K Free: 73775K (30%)
----------------- Invoking toplevel() on ptolemy.moml.MoMLSimpleApplication@1df7179c
----------------- Done invoking toplevel() on ptolemy.moml.MoMLSimpleApplication@1df7179c
reloadAllAccessors: .ResettableTimer4

===========================================================================================
----------------- testing Tue Oct 30 02:37:52 UTC 2018 /home/travis/build/icyphy/ptII/ptolemy/domains/de/test/auto/ResettableTimer5.xml
----------------- Instantiating /home/travis/build/icyphy/ptII/ptolemy/domains/de/test/auto/ResettableTimer5.xml
1 ms. Memory: 235520K Free: 221478K (94%)
----------------- Invoking toplevel() on ptolemy.moml.MoMLSimpleApplication@6fb48695
----------------- Done invoking toplevel() on ptolemy.moml.MoMLSimpleApplication@6fb48695
reloadAllAccessors: .ResettableTimer5

===========================================================================================
----------------- testing Tue Oct 30 02:37:52 UTC 2018 /home/travis/build/icyphy/ptII/ptolemy/domains/de/test/auto/ResettableTimer6.xml
----------------- Instantiating /home/travis/build/icyphy/ptII/ptolemy/domains/de/test/auto/ResettableTimer6.xml
1 ms. Memory: 235520K Free: 215779K (92%)
----------------- Invoking toplevel() on ptolemy.moml.MoMLSimpleApplication@c3bb198
----------------- Done invoking toplevel() on ptolemy.moml.MoMLSimpleApplication@c3bb198
reloadAllAccessors: .ResettableTimer6

===========================================================================================
----------------- testing Tue Oct 30 02:37:52 UTC 2018 /home/travis/build/icyphy/ptII/ptolemy/domains/de/test/auto/ServerZeroDelay.xml
----------------- Instantiating /home/travis/build/icyphy/ptII/ptolemy/domains/de/test/auto/ServerZeroDelay.xml
2 ms. Memory: 235520K Free: 211088K (90%)
----------------- Invoking toplevel() on ptolemy.moml.MoMLSimpleApplication@eecc539
----------------- Done invoking toplevel() on ptolemy.moml.MoMLSimpleApplication@eecc539
reloadAllAccessors: .ServerZeroDelay

===========================================================================================
----------------- testing Tue Oct 30 02:37:52 UTC 2018 /home/travis/build/icyphy/ptII/ptolemy/domains/de/test/auto/SmartSender.xml
----------------- Instantiating /home/travis/build/icyphy/ptII/ptolemy/domains/de/test/auto/SmartSender.xml
3000 ms. Memory: 235520K Free: 205356K (87%)
----------------- Invoking toplevel() on ptolemy.moml.MoMLSimpleApplication@1a2672ab
----------------- Done invoking toplevel() on ptolemy.moml.MoMLSimpleApplication@1a2672ab
reloadAllAccessors: .SmartSender

===========================================================================================
----------------- testing Tue Oct 30 02:37:55 UTC 2018 /home/travis/build/icyphy/ptII/ptolemy/domains/de/test/auto/ThreadedComposite.xml
----------------- Instantiating /home/travis/build/icyphy/ptII/ptolemy/domains/de/test/auto/ThreadedComposite.xml
101 ms. Memory: 235520K Free: 181073K (77%)
----------------- Invoking toplevel() on ptolemy.moml.MoMLSimpleApplication@6a590c29
----------------- Done invoking toplevel() on ptolemy.moml.MoMLSimpleApplication@6a590c29
reloadAllAccessors: .ThreadedComposite

===========================================================================================
----------------- testing Tue Oct 30 02:37:55 UTC 2018 /home/travis/build/icyphy/ptII/ptolemy/domains/de/test/auto/Time.xml
----------------- Instantiating /home/travis/build/icyphy/ptII/ptolemy/domains/de/test/auto/Time.xml
412 ms. Memory: 235520K Free: 126187K (54%)
----------------- Invoking toplevel() on ptolemy.moml.MoMLSimpleApplication@1530ab78
----------------- Done invoking toplevel() on ptolemy.moml.MoMLSimpleApplication@1530ab78
reloadAllAccessors: .Time

===========================================================================================
----------------- testing Tue Oct 30 02:37:55 UTC 2018 /home/travis/build/icyphy/ptII/ptolemy/domains/de/test/auto/TimeDelayZeroDelay.xml
----------------- Instantiating /home/travis/build/icyphy/ptII/ptolemy/domains/de/test/auto/TimeDelayZeroDelay.xml
1 ms. Memory: 235520K Free: 121515K (52%)
----------------- Invoking toplevel() on ptolemy.moml.MoMLSimpleApplication@3b6a2006
----------------- Done invoking toplevel() on ptolemy.moml.MoMLSimpleApplication@3b6a2006
reloadAllAccessors: .TimeDelayZeroDelay

===========================================================================================
----------------- testing Tue Oct 30 02:37:55 UTC 2018 /home/travis/build/icyphy/ptII/ptolemy/domains/de/test/auto/TimerZeroDelay.xml
----------------- Instantiating /home/travis/build/icyphy/ptII/ptolemy/domains/de/test/auto/TimerZeroDelay.xml
2 ms. Memory: 235520K Free: 116834K (50%)
----------------- Invoking toplevel() on ptolemy.moml.MoMLSimpleApplication@7e7fe69e
----------------- Done invoking toplevel() on ptolemy.moml.MoMLSimpleApplication@7e7fe69e
reloadAllAccessors: .TimerZeroDelay

===========================================================================================
----------------- testing Tue Oct 30 02:37:55 UTC 2018 /home/travis/build/icyphy/ptII/ptolemy/domains/de/test/auto/TimingParadox.xml
----------------- Instantiating /home/travis/build/icyphy/ptII/ptolemy/domains/de/test/auto/TimingParadox.xml
285 ms. Memory: 230400K Free: 196129K (85%)
----------------- Invoking toplevel() on ptolemy.moml.MoMLSimpleApplication@172abd5b
----------------- Done invoking toplevel() on ptolemy.moml.MoMLSimpleApplication@172abd5b
reloadAllAccessors: .TimingParadox

===========================================================================================
----------------- testing Tue Oct 30 02:37:56 UTC 2018 /home/travis/build/icyphy/ptII/ptolemy/domains/de/test/auto/TransferInputs.xml
----------------- Instantiating /home/travis/build/icyphy/ptII/ptolemy/domains/de/test/auto/TransferInputs.xml
1 ms. Memory: 230400K Free: 189789K (82%)
----------------- Invoking toplevel() on ptolemy.moml.MoMLSimpleApplication@30697f51
----------------- Done invoking toplevel() on ptolemy.moml.MoMLSimpleApplication@30697f51
reloadAllAccessors: .TransferInputs

===========================================================================================
----------------- testing Tue Oct 30 02:37:56 UTC 2018 /home/travis/build/icyphy/ptII/ptolemy/domains/de/test/auto/TransferOutputs2.xml
----------------- Instantiating /home/travis/build/icyphy/ptII/ptolemy/domains/de/test/auto/TransferOutputs2.xml
2 ms. Memory: 230400K Free: 180281K (78%)
----------------- Invoking toplevel() on ptolemy.moml.MoMLSimpleApplication@763ca4c1
----------------- Done invoking toplevel() on ptolemy.moml.MoMLSimpleApplication@763ca4c1
reloadAllAccessors: .TransferOutputs2

===========================================================================================
----------------- testing Tue Oct 30 02:37:56 UTC 2018 /home/travis/build/icyphy/ptII/ptolemy/domains/de/test/auto/Trilateration.xml
----------------- Instantiating /home/travis/build/icyphy/ptII/ptolemy/domains/de/test/auto/Trilateration.xml
10511 ms. Memory: 475648K Free: 59561K (13%)
----------------- Invoking toplevel() on ptolemy.moml.MoMLSimpleApplication@655d2716
----------------- Done invoking toplevel() on ptolemy.moml.MoMLSimpleApplication@655d2716
reloadAllAccessors: .Trilateration

===========================================================================================
----------------- testing Tue Oct 30 02:38:07 UTC 2018 /home/travis/build/icyphy/ptII/ptolemy/domains/de/test/auto/TwoSigmaDelta.xml
----------------- Instantiating /home/travis/build/icyphy/ptII/ptolemy/domains/de/test/auto/TwoSigmaDelta.xml
2030 ms. Memory: 462848K Free: 149805K (32%)
----------------- Invoking toplevel() on ptolemy.moml.MoMLSimpleApplication@79624854
----------------- Done invoking toplevel() on ptolemy.moml.MoMLSimpleApplication@79624854
reloadAllAccessors: .TwoSigmaDelta

===========================================================================================
----------------- testing Tue Oct 30 02:38:09 UTC 2018 /home/travis/build/icyphy/ptII/ptolemy/domains/de/test/auto/VariableDelay.xml
----------------- Instantiating /home/travis/build/icyphy/ptII/ptolemy/domains/de/test/auto/VariableDelay.xml
2 ms. Memory: 462848K Free: 134476K (29%)
----------------- Invoking toplevel() on ptolemy.moml.MoMLSimpleApplication@214d3957
----------------- Done invoking toplevel() on ptolemy.moml.MoMLSimpleApplication@214d3957
reloadAllAccessors: .VariableDelay

===========================================================================================
----------------- testing Tue Oct 30 02:38:09 UTC 2018 /home/travis/build/icyphy/ptII/ptolemy/domains/de/test/auto/VariableDelay2.xml
----------------- Instantiating /home/travis/build/icyphy/ptII/ptolemy/domains/de/test/auto/VariableDelay2.xml
2 ms. Memory: 462848K Free: 118619K (26%)
----------------- Invoking toplevel() on ptolemy.moml.MoMLSimpleApplication@eef1f3e
----------------- Done invoking toplevel() on ptolemy.moml.MoMLSimpleApplication@eef1f3e
reloadAllAccessors: .VariableDelay2

===========================================================================================
----------------- testing Tue Oct 30 02:38:09 UTC 2018 /home/travis/build/icyphy/ptII/ptolemy/domains/de/test/auto/VariableDelayZeroDelay.xml
----------------- Instantiating /home/travis/build/icyphy/ptII/ptolemy/domains/de/test/auto/VariableDelayZeroDelay.xml
2 ms. Memory: 462848K Free: 103291K (22%)
----------------- Invoking toplevel() on ptolemy.moml.MoMLSimpleApplication@3e88e38f
----------------- Done invoking toplevel() on ptolemy.moml.MoMLSimpleApplication@3e88e38f
reloadAllAccessors: .VariableDelayZeroDelay

===========================================================================================
----------------- testing Tue Oct 30 02:38:09 UTC 2018 /home/travis/build/icyphy/ptII/ptolemy/domains/de/test/auto/VariableDelayZeroDelay2.xml
----------------- Instantiating /home/travis/build/icyphy/ptII/ptolemy/domains/de/test/auto/VariableDelayZeroDelay2.xml
2 ms. Memory: 462848K Free: 87694K (19%)
----------------- Invoking toplevel() on ptolemy.moml.MoMLSimpleApplication@6bf32c25
----------------- Done invoking toplevel() on ptolemy.moml.MoMLSimpleApplication@6bf32c25
reloadAllAccessors: .VariableDelayZeroDelay2

===========================================================================================
----------------- testing Tue Oct 30 02:38:09 UTC 2018 /home/travis/build/icyphy/ptII/ptolemy/domains/de/test/auto/deInCt.xml
----------------- Instantiating /home/travis/build/icyphy/ptII/ptolemy/domains/de/test/auto/deInCt.xml
0
1
1
1
1
0
0
0
1
1
1
0
0
0
1
1
1
1
1
1
1
0
0
0
1
1
1
0
0
0
1
1
1
0
0
0
1
1
1
1
7 ms. Memory: 462848K Free: 71837K (16%)
----------------- Invoking toplevel() on ptolemy.moml.MoMLSimpleApplication@67e794d8
----------------- Done invoking toplevel() on ptolemy.moml.MoMLSimpleApplication@67e794d8
reloadAllAccessors: .deInCt

===========================================================================================
----------------- testing Tue Oct 30 02:38:09 UTC 2018 /home/travis/build/icyphy/ptII/ptolemy/domains/de/test/auto/deInCt2.xml
----------------- Instantiating /home/travis/build/icyphy/ptII/ptolemy/domains/de/test/auto/deInCt2.xml
0
1
1
1
0
0
1
1
1
0
0
1
1
1
0
0
1
1
1
0
0
1
1
1
0
0
1
1
1
0
0
1
1
1
0
0
1
1
1
0
0
0
8 ms. Memory: 462848K Free: 60312K (13%)
----------------- Invoking toplevel() on ptolemy.moml.MoMLSimpleApplication@68d79408
----------------- Done invoking toplevel() on ptolemy.moml.MoMLSimpleApplication@68d79408
reloadAllAccessors: .deInCt2

===========================================================================================
----------------- testing Tue Oct 30 02:38:09 UTC 2018 /home/travis/build/icyphy/ptII/ptolemy/domains/de/test/auto/dynamicCausalityInterface1.xml
----------------- Instantiating /home/travis/build/icyphy/ptII/ptolemy/domains/de/test/auto/dynamicCausalityInterface1.xml
1 ms. Memory: 440832K Free: 392488K (89%)
----------------- Invoking toplevel() on ptolemy.moml.MoMLSimpleApplication@50101358
----------------- Done invoking toplevel() on ptolemy.moml.MoMLSimpleApplication@50101358
reloadAllAccessors: .dynamicCausalityInterface1

===========================================================================================
----------------- testing Tue Oct 30 02:38:09 UTC 2018 /home/travis/build/icyphy/ptII/ptolemy/domains/de/test/auto/fsm_de_test.xml
----------------- Instantiating /home/travis/build/icyphy/ptII/ptolemy/domains/de/test/auto/fsm_de_test.xml
6 ms. Memory: 440832K Free: 370324K (84%)
----------------- Invoking toplevel() on ptolemy.moml.MoMLSimpleApplication@59e177d0
----------------- Done invoking toplevel() on ptolemy.moml.MoMLSimpleApplication@59e177d0
reloadAllAccessors: .fsm_de_test

===========================================================================================
----------------- testing Tue Oct 30 02:38:09 UTC 2018 /home/travis/build/icyphy/ptII/ptolemy/domains/de/test/auto/functionDependencyReconstruction.xml
----------------- Instantiating /home/travis/build/icyphy/ptII/ptolemy/domains/de/test/auto/functionDependencyReconstruction.xml
1 ms. Memory: 440832K Free: 340981K (77%)
----------------- Invoking toplevel() on ptolemy.moml.MoMLSimpleApplication@28809e5d
----------------- Done invoking toplevel() on ptolemy.moml.MoMLSimpleApplication@28809e5d
reloadAllAccessors: .functionDependencyReconstruction

===========================================================================================
----------------- testing Tue Oct 30 02:38:09 UTC 2018 /home/travis/build/icyphy/ptII/ptolemy/domains/de/test/auto/multirate.xml
----------------- Instantiating /home/travis/build/icyphy/ptII/ptolemy/domains/de/test/auto/multirate.xml
2 ms. Memory: 440832K Free: 326024K (74%)
----------------- Invoking toplevel() on ptolemy.moml.MoMLSimpleApplication@392cfe74
----------------- Done invoking toplevel() on ptolemy.moml.MoMLSimpleApplication@392cfe74
reloadAllAccessors: .multirate

===========================================================================================
----------------- testing Tue Oct 30 02:38:09 UTC 2018 /home/travis/build/icyphy/ptII/ptolemy/domains/de/test/auto/multirate2.xml
----------------- Instantiating /home/travis/build/icyphy/ptII/ptolemy/domains/de/test/auto/multirate2.xml
2 ms. Memory: 440832K Free: 311260K (71%)
----------------- Invoking toplevel() on ptolemy.moml.MoMLSimpleApplication@7e363202
----------------- Done invoking toplevel() on ptolemy.moml.MoMLSimpleApplication@7e363202
reloadAllAccessors: .multirate2

===========================================================================================
----------------- testing Tue Oct 30 02:38:09 UTC 2018 /home/travis/build/icyphy/ptII/ptolemy/domains/de/test/auto/realtime.xml
----------------- Instantiating /home/travis/build/icyphy/ptII/ptolemy/domains/de/test/auto/realtime.xml
10001 ms. Memory: 440832K Free: 296303K (67%)
----------------- Invoking toplevel() on ptolemy.moml.MoMLSimpleApplication@75a5fbed
----------------- Done invoking toplevel() on ptolemy.moml.MoMLSimpleApplication@75a5fbed
reloadAllAccessors: .realtime

===========================================================================================
----------------- testing Tue Oct 30 02:38:19 UTC 2018 /home/travis/build/icyphy/ptII/ptolemy/domains/de/test/auto/relationGroup.xml
----------------- Instantiating /home/travis/build/icyphy/ptII/ptolemy/domains/de/test/auto/relationGroup.xml
1 ms. Memory: 440832K Free: 281346K (64%)
----------------- Invoking toplevel() on ptolemy.moml.MoMLSimpleApplication@442132ef
----------------- Done invoking toplevel() on ptolemy.moml.MoMLSimpleApplication@442132ef
reloadAllAccessors: .relationGroup

===========================================================================================
----------------- testing Tue Oct 30 02:38:19 UTC 2018 /home/travis/build/icyphy/ptII/ptolemy/domains/de/test/auto/relationGroup2.xml
----------------- Instantiating /home/travis/build/icyphy/ptII/ptolemy/domains/de/test/auto/relationGroup2.xml
1 ms. Memory: 440832K Free: 266388K (60%)
----------------- Invoking toplevel() on ptolemy.moml.MoMLSimpleApplication@307b3807
----------------- Done invoking toplevel() on ptolemy.moml.MoMLSimpleApplication@307b3807
reloadAllAccessors: .relationGroup2

===========================================================================================
----------------- testing Tue Oct 30 02:38:19 UTC 2018 /home/travis/build/icyphy/ptII/ptolemy/domains/de/test/auto/sortWithOpaquePorts.xml
----------------- Instantiating /home/travis/build/icyphy/ptII/ptolemy/domains/de/test/auto/sortWithOpaquePorts.xml
1 ms. Memory: 440832K Free: 251431K (57%)
----------------- Invoking toplevel() on ptolemy.moml.MoMLSimpleApplication@40da3686
----------------- Done invoking toplevel() on ptolemy.moml.MoMLSimpleApplication@40da3686
reloadAllAccessors: .sortWithOpaquePorts

===========================================================================================
----------------- testing Tue Oct 30 02:38:19 UTC 2018 /home/travis/build/icyphy/ptII/ptolemy/domains/de/test/auto/transferInputsandOutputs.xml
----------------- Instantiating /home/travis/build/icyphy/ptII/ptolemy/domains/de/test/auto/transferInputsandOutputs.xml
1 ms. Memory: 440832K Free: 236474K (54%)
----------------- Invoking toplevel() on ptolemy.moml.MoMLSimpleApplication@45b758ae
----------------- Done invoking toplevel() on ptolemy.moml.MoMLSimpleApplication@45b758ae
reloadAllAccessors: .transferInputsandOutputs

===========================================================================================
----------------- testing Tue Oct 30 02:38:19 UTC 2018 /home/travis/build/icyphy/ptII/ptolemy/domains/de/test/auto/triggerType.xml
----------------- Instantiating /home/travis/build/icyphy/ptII/ptolemy/domains/de/test/auto/triggerType.xml
1 ms. Memory: 440832K Free: 221517K (50%)
----------------- Invoking toplevel() on ptolemy.moml.MoMLSimpleApplication@59fdf494
----------------- Done invoking toplevel() on ptolemy.moml.MoMLSimpleApplication@59fdf494
reloadAllAccessors: .triggerType
AutoTests.java: About to close Vertx.
AutoTests.java: Vertx closed.
]]></system-out>
  <system-err><![CDATA[java.lang.RuntimeException: Execution failed
	at ptolemy.moml.MoMLSimpleApplication$UnloadThread.run(MoMLSimpleApplication.java:402)
Caused by: ptolemy.kernel.util.IllegalActionException: Found a zero delay loop containing .dependencyLoop.original
  in .dependencyLoop and .dependencyLoop.original
	at ptolemy.actor.util.CausalityInterfaceForComposites._computeOutputPortDepth(CausalityInterfaceForComposites.java:759)
	at ptolemy.actor.util.CausalityInterfaceForComposites._computeInputDepth(CausalityInterfaceForComposites.java:696)
	at ptolemy.actor.util.CausalityInterfaceForComposites._computeOutputPortDepth(CausalityInterfaceForComposites.java:765)
	at ptolemy.actor.util.CausalityInterfaceForComposites._computeInputDepth(CausalityInterfaceForComposites.java:696)
	at ptolemy.actor.util.CausalityInterfaceForComposites._computeOutputPortDepth(CausalityInterfaceForComposites.java:765)
	at ptolemy.actor.util.CausalityInterfaceForComposites._computeInputDepth(CausalityInterfaceForComposites.java:696)
	at ptolemy.actor.util.CausalityInterfaceForComposites._computeActorDepth(CausalityInterfaceForComposites.java:532)
	at ptolemy.actor.util.CausalityInterfaceForComposites.checkForCycles(CausalityInterfaceForComposites.java:96)
	at ptolemy.domains.de.kernel.DEDirector.preinitialize(DEDirector.java:1338)
	at ptolemy.actor.CompositeActor.preinitialize(CompositeActor.java:1828)
	at ptolemy.actor.Manager.preinitializeAndResolveTypes(Manager.java:1040)
	at ptolemy.actor.Manager.initialize(Manager.java:710)
	at ptolemy.actor.Manager.execute(Manager.java:356)
	at ptolemy.actor.Manager.run(Manager.java:1263)
	at ptolemy.actor.Manager$PtolemyRunThread.run(Manager.java:1915)
java.lang.RuntimeException: Execution failed
	at ptolemy.moml.MoMLSimpleApplication$UnloadThread.run(MoMLSimpleApplication.java:402)
Caused by: ptolemy.kernel.util.IllegalActionException: Found a zero delay loop containing .dependencyLoop2.original
  in .dependencyLoop2 and .dependencyLoop2.original
	at ptolemy.actor.util.CausalityInterfaceForComposites._computeOutputPortDepth(CausalityInterfaceForComposites.java:759)
	at ptolemy.actor.util.CausalityInterfaceForComposites._computeInputDepth(CausalityInterfaceForComposites.java:696)
	at ptolemy.actor.util.CausalityInterfaceForComposites._computeOutputPortDepth(CausalityInterfaceForComposites.java:765)
	at ptolemy.actor.util.CausalityInterfaceForComposites._computeInputDepth(CausalityInterfaceForComposites.java:696)
	at ptolemy.actor.util.CausalityInterfaceForComposites._computeOutputPortDepth(CausalityInterfaceForComposites.java:765)
	at ptolemy.actor.util.CausalityInterfaceForComposites._computeInputDepth(CausalityInterfaceForComposites.java:696)
	at ptolemy.actor.util.CausalityInterfaceForComposites._computeActorDepth(CausalityInterfaceForComposites.java:532)
	at ptolemy.actor.util.CausalityInterfaceForComposites.checkForCycles(CausalityInterfaceForComposites.java:96)
	at ptolemy.domains.de.kernel.DEDirector.preinitialize(DEDirector.java:1338)
	at ptolemy.actor.CompositeActor.preinitialize(CompositeActor.java:1828)
	at ptolemy.actor.Manager.preinitializeAndResolveTypes(Manager.java:1040)
	at ptolemy.actor.Manager.initialize(Manager.java:710)
	at ptolemy.actor.Manager.execute(Manager.java:356)
	at ptolemy.actor.Manager.run(Manager.java:1263)
	at ptolemy.actor.Manager$PtolemyRunThread.run(Manager.java:1915)
java.lang.RuntimeException: Execution failed
	at ptolemy.moml.MoMLSimpleApplication$UnloadThread.run(MoMLSimpleApplication.java:402)
Caused by: ptolemy.kernel.util.IllegalActionException: Found a zero delay loop containing .dependencyLoop.original
  in .dependencyLoop and .dependencyLoop.original
	at ptolemy.actor.util.CausalityInterfaceForComposites._computeOutputPortDepth(CausalityInterfaceForComposites.java:759)
	at ptolemy.actor.util.CausalityInterfaceForComposites._computeInputDepth(CausalityInterfaceForComposites.java:696)
	at ptolemy.actor.util.CausalityInterfaceForComposites._computeOutputPortDepth(CausalityInterfaceForComposites.java:765)
	at ptolemy.actor.util.CausalityInterfaceForComposites._computeInputDepth(CausalityInterfaceForComposites.java:696)
	at ptolemy.actor.util.CausalityInterfaceForComposites._computeOutputPortDepth(CausalityInterfaceForComposites.java:765)
	at ptolemy.actor.util.CausalityInterfaceForComposites._computeInputDepth(CausalityInterfaceForComposites.java:696)
	at ptolemy.actor.util.CausalityInterfaceForComposites._computeActorDepth(CausalityInterfaceForComposites.java:532)
	at ptolemy.actor.util.CausalityInterfaceForComposites.checkForCycles(CausalityInterfaceForComposites.java:96)
	at ptolemy.domains.de.kernel.DEDirector.preinitialize(DEDirector.java:1338)
	at ptolemy.actor.CompositeActor.preinitialize(CompositeActor.java:1828)
	at ptolemy.actor.Manager.preinitializeAndResolveTypes(Manager.java:1040)
	at ptolemy.actor.Manager.initialize(Manager.java:710)
	at ptolemy.actor.Manager.execute(Manager.java:356)
	at ptolemy.actor.Manager.run(Manager.java:1263)
	at ptolemy.actor.Manager$PtolemyRunThread.run(Manager.java:1915)
java.lang.RuntimeException: Execution failed
	at ptolemy.moml.MoMLSimpleApplication$UnloadThread.run(MoMLSimpleApplication.java:402)
Caused by: ptolemy.kernel.util.IllegalActionException: Actor is not ready to fire.  Perhaps UpSample.prefire() returned false? Try debugging the actor by selecting "Listen to Actor".  Also, for SDF check moml for tokenConsumptionRate on input.
  in .DESDFClockTest.Play Bell.Copy1:SDF Director and .DESDFClockTest.Play Bell.UpSample
	at ptolemy.actor.sched.StaticSchedulingDirector.fire(StaticSchedulingDirector.java:227)
	at ptolemy.domains.sdf.kernel.SDFDirector.fire(SDFDirector.java:500)
	at ptolemy.actor.CompositeActor.fire(CompositeActor.java:455)
	at ptolemy.domains.de.kernel.DEDirector._fire(DEDirector.java:1949)
	at ptolemy.domains.de.kernel.DEDirector.fire(DEDirector.java:502)
	at ptolemy.actor.CompositeActor.fire(CompositeActor.java:455)
	at ptolemy.actor.Manager.iterate(Manager.java:851)
	at ptolemy.actor.Manager.execute(Manager.java:369)
	at ptolemy.actor.Manager.run(Manager.java:1263)
	at ptolemy.actor.Manager$PtolemyRunThread.run(Manager.java:1915)
java.lang.RuntimeException: Execution failed
	at ptolemy.moml.MoMLSimpleApplication$UnloadThread.run(MoMLSimpleApplication.java:402)
Caused by: ptolemy.kernel.util.IllegalActionException: Found a zero delay loop containing .dependencyLoop2.original
  in .dependencyLoop2 and .dependencyLoop2.original
	at ptolemy.actor.util.CausalityInterfaceForComposites._computeOutputPortDepth(CausalityInterfaceForComposites.java:759)
	at ptolemy.actor.util.CausalityInterfaceForComposites._computeInputDepth(CausalityInterfaceForComposites.java:696)
	at ptolemy.actor.util.CausalityInterfaceForComposites._computeOutputPortDepth(CausalityInterfaceForComposites.java:765)
	at ptolemy.actor.util.CausalityInterfaceForComposites._computeInputDepth(CausalityInterfaceForComposites.java:696)
	at ptolemy.actor.util.CausalityInterfaceForComposites._computeOutputPortDepth(CausalityInterfaceForComposites.java:765)
	at ptolemy.actor.util.CausalityInterfaceForComposites._computeInputDepth(CausalityInterfaceForComposites.java:696)
	at ptolemy.actor.util.CausalityInterfaceForComposites._computeActorDepth(CausalityInterfaceForComposites.java:532)
	at ptolemy.actor.util.CausalityInterfaceForComposites.checkForCycles(CausalityInterfaceForComposites.java:96)
	at ptolemy.domains.de.kernel.DEDirector.preinitialize(DEDirector.java:1338)
	at ptolemy.actor.CompositeActor.preinitialize(CompositeActor.java:1828)
	at ptolemy.actor.Manager.preinitializeAndResolveTypes(Manager.java:1040)
	at ptolemy.actor.Manager.initialize(Manager.java:710)
	at ptolemy.actor.Manager.execute(Manager.java:356)
	at ptolemy.actor.Manager.run(Manager.java:1263)
	at ptolemy.actor.Manager$PtolemyRunThread.run(Manager.java:1915)
java.lang.RuntimeException: Execution failed
	at ptolemy.moml.MoMLSimpleApplication$UnloadThread.run(MoMLSimpleApplication.java:402)
Caused by: ptolemy.kernel.util.IllegalActionException: Found a zero delay loop containing .HierarchicalModel.A
  in .HierarchicalModel and .HierarchicalModel.A
	at ptolemy.actor.util.CausalityInterfaceForComposites._computeOutputPortDepth(CausalityInterfaceForComposites.java:759)
	at ptolemy.actor.util.CausalityInterfaceForComposites._computeInputDepth(CausalityInterfaceForComposites.java:696)
	at ptolemy.actor.util.CausalityInterfaceForComposites._computeOutputPortDepth(CausalityInterfaceForComposites.java:765)
	at ptolemy.actor.util.CausalityInterfaceForComposites._computeInputDepth(CausalityInterfaceForComposites.java:696)
	at ptolemy.actor.util.CausalityInterfaceForComposites._computeOutputPortDepth(CausalityInterfaceForComposites.java:765)
	at ptolemy.actor.util.CausalityInterfaceForComposites._computeInputDepth(CausalityInterfaceForComposites.java:696)
	at ptolemy.actor.util.CausalityInterfaceForComposites._computeActorDepth(CausalityInterfaceForComposites.java:532)
	at ptolemy.actor.util.CausalityInterfaceForComposites.checkForCycles(CausalityInterfaceForComposites.java:96)
	at ptolemy.domains.de.kernel.DEDirector.preinitialize(DEDirector.java:1338)
	at ptolemy.actor.CompositeActor.preinitialize(CompositeActor.java:1828)
	at ptolemy.actor.Manager.preinitializeAndResolveTypes(Manager.java:1040)
	at ptolemy.actor.Manager.initialize(Manager.java:710)
	at ptolemy.actor.Manager.execute(Manager.java:356)
	at ptolemy.actor.Manager.run(Manager.java:1263)
	at ptolemy.actor.Manager$PtolemyRunThread.run(Manager.java:1915)
java.lang.RuntimeException: Execution failed
	at ptolemy.moml.MoMLSimpleApplication$UnloadThread.run(MoMLSimpleApplication.java:402)
Caused by: ptolemy.kernel.util.IllegalActionException: Test fails in iteration 1.
Value was: 1.0. Should have been: 2.0
  in .DirectFeedback.Test
	at ptolemy.actor.lib.Test.fire(Test.java:268)
	at ptolemy.domains.de.kernel.DEDirector._fire(DEDirector.java:1949)
	at ptolemy.domains.de.kernel.DEDirector.fire(DEDirector.java:502)
	at ptolemy.actor.CompositeActor.fire(CompositeActor.java:455)
	at ptolemy.actor.Manager.iterate(Manager.java:851)
	at ptolemy.actor.Manager.execute(Manager.java:369)
	at ptolemy.actor.Manager.run(Manager.java:1263)
	at ptolemy.actor.Manager$PtolemyRunThread.run(Manager.java:1915)
java.lang.RuntimeException: Execution failed
	at ptolemy.moml.MoMLSimpleApplication$UnloadThread.run(MoMLSimpleApplication.java:402)
Caused by: ptolemy.kernel.util.IllegalActionException: Actor is not ready to fire.  Perhaps UpSample.prefire() returned false? Try debugging the actor by selecting "Listen to Actor".  Also, for SDF check moml for tokenConsumptionRate on input.
  in .DESDFClockTest.Play Bell.Copy1:SDF Director and .DESDFClockTest.Play Bell.UpSample
	at ptolemy.actor.sched.StaticSchedulingDirector.fire(StaticSchedulingDirector.java:227)
	at ptolemy.domains.sdf.kernel.SDFDirector.fire(SDFDirector.java:500)
	at ptolemy.actor.CompositeActor.fire(CompositeActor.java:455)
	at ptolemy.domains.de.kernel.DEDirector._fire(DEDirector.java:1949)
	at ptolemy.domains.de.kernel.DEDirector.fire(DEDirector.java:502)
	at ptolemy.actor.CompositeActor.fire(CompositeActor.java:455)
	at ptolemy.actor.Manager.iterate(Manager.java:851)
	at ptolemy.actor.Manager.execute(Manager.java:369)
	at ptolemy.actor.Manager.run(Manager.java:1263)
	at ptolemy.actor.Manager$PtolemyRunThread.run(Manager.java:1915)
java.lang.reflect.InvocationTargetException
	at sun.reflect.NativeConstructorAccessorImpl.newInstance0(Native Method)
	at sun.reflect.NativeConstructorAccessorImpl.newInstance(NativeConstructorAccessorImpl.java:62)
	at sun.reflect.DelegatingConstructorAccessorImpl.newInstance(DelegatingConstructorAccessorImpl.java:45)
	at java.lang.reflect.Constructor.newInstance(Constructor.java:423)
	at ptolemy.util.test.junit.AutoKnownFailedTests.RunModel(AutoKnownFailedTests.java:105)
	at sun.reflect.NativeMethodAccessorImpl.invoke0(Native Method)
	at sun.reflect.NativeMethodAccessorImpl.invoke(NativeMethodAccessorImpl.java:62)
	at sun.reflect.DelegatingMethodAccessorImpl.invoke(DelegatingMethodAccessorImpl.java:43)
	at java.lang.reflect.Method.invoke(Method.java:498)
	at org.junit.runners.model.FrameworkMethod$1.runReflectiveCall(FrameworkMethod.java:44)
	at org.junit.internal.runners.model.ReflectiveCallable.run(ReflectiveCallable.java:15)
	at org.junit.runners.model.FrameworkMethod.invokeExplosively(FrameworkMethod.java:41)
	at junitparams.internal.InvokeParameterisedMethod.evaluate(InvokeParameterisedMethod.java:102)
	at org.junit.internal.runners.statements.FailOnTimeout$1.run(FailOnTimeout.java:28)
Caused by: ptolemy.kernel.util.IllegalActionException: Actor is not ready to fire.  Perhaps UpSample.prefire() returned false? Try debugging the actor by selecting "Listen to Actor".  Also, for SDF check moml for tokenConsumptionRate on input.
  in .DESDFClockTest.Play Bell.Copy1:SDF Director and .DESDFClockTest.Play Bell.UpSample
	at ptolemy.actor.sched.StaticSchedulingDirector.fire(StaticSchedulingDirector.java:227)
	at ptolemy.domains.sdf.kernel.SDFDirector.fire(SDFDirector.java:500)
	at ptolemy.actor.CompositeActor.fire(CompositeActor.java:455)
	at ptolemy.domains.de.kernel.DEDirector._fire(DEDirector.java:1949)
	at ptolemy.domains.de.kernel.DEDirector.fire(DEDirector.java:502)
	at ptolemy.actor.CompositeActor.fire(CompositeActor.java:455)
	at ptolemy.actor.Manager.iterate(Manager.java:851)
	at ptolemy.actor.Manager.execute(Manager.java:369)
	at ptolemy.actor.Manager.run(Manager.java:1263)
	at ptolemy.actor.Manager$PtolemyRunThread.run(Manager.java:1915)
java.lang.RuntimeException: Execution failed
	at ptolemy.moml.MoMLSimpleApplication$UnloadThread.run(MoMLSimpleApplication.java:402)
Caused by: ptolemy.kernel.util.IllegalActionException: Test fails in iteration 1.
Value was: 1.0. Should have been: 2.0
  in .DirectFeedback.Test
	at ptolemy.actor.lib.Test.fire(Test.java:268)
	at ptolemy.domains.de.kernel.DEDirector._fire(DEDirector.java:1949)
	at ptolemy.domains.de.kernel.DEDirector.fire(DEDirector.java:502)
	at ptolemy.actor.CompositeActor.fire(CompositeActor.java:455)
	at ptolemy.actor.Manager.iterate(Manager.java:851)
	at ptolemy.actor.Manager.execute(Manager.java:369)
	at ptolemy.actor.Manager.run(Manager.java:1263)
	at ptolemy.actor.Manager$PtolemyRunThread.run(Manager.java:1915)
java.lang.reflect.InvocationTargetException
	at sun.reflect.NativeConstructorAccessorImpl.newInstance0(Native Method)
	at sun.reflect.NativeConstructorAccessorImpl.newInstance(NativeConstructorAccessorImpl.java:62)
	at sun.reflect.DelegatingConstructorAccessorImpl.newInstance(DelegatingConstructorAccessorImpl.java:45)
	at java.lang.reflect.Constructor.newInstance(Constructor.java:423)
	at ptolemy.util.test.junit.AutoKnownFailedTests.RunModel(AutoKnownFailedTests.java:105)
	at sun.reflect.NativeMethodAccessorImpl.invoke0(Native Method)
	at sun.reflect.NativeMethodAccessorImpl.invoke(NativeMethodAccessorImpl.java:62)
	at sun.reflect.DelegatingMethodAccessorImpl.invoke(DelegatingMethodAccessorImpl.java:43)
	at java.lang.reflect.Method.invoke(Method.java:498)
	at org.junit.runners.model.FrameworkMethod$1.runReflectiveCall(FrameworkMethod.java:44)
	at org.junit.internal.runners.model.ReflectiveCallable.run(ReflectiveCallable.java:15)
	at org.junit.runners.model.FrameworkMethod.invokeExplosively(FrameworkMethod.java:41)
	at junitparams.internal.InvokeParameterisedMethod.evaluate(InvokeParameterisedMethod.java:102)
	at org.junit.internal.runners.statements.FailOnTimeout$1.run(FailOnTimeout.java:28)
Caused by: ptolemy.kernel.util.IllegalActionException: Test fails in iteration 1.
Value was: 1.0. Should have been: 2.0
  in .DirectFeedback.Test
	at ptolemy.actor.lib.Test.fire(Test.java:268)
	at ptolemy.domains.de.kernel.DEDirector._fire(DEDirector.java:1949)
	at ptolemy.domains.de.kernel.DEDirector.fire(DEDirector.java:502)
	at ptolemy.actor.CompositeActor.fire(CompositeActor.java:455)
	at ptolemy.actor.Manager.iterate(Manager.java:851)
	at ptolemy.actor.Manager.execute(Manager.java:369)
	at ptolemy.actor.Manager.run(Manager.java:1263)
	at ptolemy.actor.Manager$PtolemyRunThread.run(Manager.java:1915)
java.lang.RuntimeException: Execution failed
	at ptolemy.moml.MoMLSimpleApplication$UnloadThread.run(MoMLSimpleApplication.java:402)
Caused by: ptolemy.kernel.util.IllegalActionException: Found a zero delay loop containing .HierarchicalModel.A
  in .HierarchicalModel and .HierarchicalModel.A
	at ptolemy.actor.util.CausalityInterfaceForComposites._computeOutputPortDepth(CausalityInterfaceForComposites.java:759)
	at ptolemy.actor.util.CausalityInterfaceForComposites._computeInputDepth(CausalityInterfaceForComposites.java:696)
	at ptolemy.actor.util.CausalityInterfaceForComposites._computeOutputPortDepth(CausalityInterfaceForComposites.java:765)
	at ptolemy.actor.util.CausalityInterfaceForComposites._computeInputDepth(CausalityInterfaceForComposites.java:696)
	at ptolemy.actor.util.CausalityInterfaceForComposites._computeOutputPortDepth(CausalityInterfaceForComposites.java:765)
	at ptolemy.actor.util.CausalityInterfaceForComposites._computeInputDepth(CausalityInterfaceForComposites.java:696)
	at ptolemy.actor.util.CausalityInterfaceForComposites._computeActorDepth(CausalityInterfaceForComposites.java:532)
	at ptolemy.actor.util.CausalityInterfaceForComposites.checkForCycles(CausalityInterfaceForComposites.java:96)
	at ptolemy.domains.de.kernel.DEDirector.preinitialize(DEDirector.java:1338)
	at ptolemy.actor.CompositeActor.preinitialize(CompositeActor.java:1828)
	at ptolemy.actor.Manager.preinitializeAndResolveTypes(Manager.java:1040)
	at ptolemy.actor.Manager.initialize(Manager.java:710)
	at ptolemy.actor.Manager.execute(Manager.java:356)
	at ptolemy.actor.Manager.run(Manager.java:1263)
	at ptolemy.actor.Manager$PtolemyRunThread.run(Manager.java:1915)
java.lang.reflect.InvocationTargetException
	at sun.reflect.NativeConstructorAccessorImpl.newInstance0(Native Method)
	at sun.reflect.NativeConstructorAccessorImpl.newInstance(NativeConstructorAccessorImpl.java:62)
	at sun.reflect.DelegatingConstructorAccessorImpl.newInstance(DelegatingConstructorAccessorImpl.java:45)
	at java.lang.reflect.Constructor.newInstance(Constructor.java:423)
	at ptolemy.util.test.junit.AutoKnownFailedTests.RunModel(AutoKnownFailedTests.java:105)
	at sun.reflect.NativeMethodAccessorImpl.invoke0(Native Method)
	at sun.reflect.NativeMethodAccessorImpl.invoke(NativeMethodAccessorImpl.java:62)
	at sun.reflect.DelegatingMethodAccessorImpl.invoke(DelegatingMethodAccessorImpl.java:43)
	at java.lang.reflect.Method.invoke(Method.java:498)
	at org.junit.runners.model.FrameworkMethod$1.runReflectiveCall(FrameworkMethod.java:44)
	at org.junit.internal.runners.model.ReflectiveCallable.run(ReflectiveCallable.java:15)
	at org.junit.runners.model.FrameworkMethod.invokeExplosively(FrameworkMethod.java:41)
	at junitparams.internal.InvokeParameterisedMethod.evaluate(InvokeParameterisedMethod.java:102)
	at org.junit.internal.runners.statements.FailOnTimeout$1.run(FailOnTimeout.java:28)
Caused by: ptolemy.kernel.util.IllegalActionException: Found a zero delay loop containing .HierarchicalModel.A
  in .HierarchicalModel and .HierarchicalModel.A
	at ptolemy.actor.util.CausalityInterfaceForComposites._computeOutputPortDepth(CausalityInterfaceForComposites.java:759)
	at ptolemy.actor.util.CausalityInterfaceForComposites._computeInputDepth(CausalityInterfaceForComposites.java:696)
	at ptolemy.actor.util.CausalityInterfaceForComposites._computeOutputPortDepth(CausalityInterfaceForComposites.java:765)
	at ptolemy.actor.util.CausalityInterfaceForComposites._computeInputDepth(CausalityInterfaceForComposites.java:696)
	at ptolemy.actor.util.CausalityInterfaceForComposites._computeOutputPortDepth(CausalityInterfaceForComposites.java:765)
	at ptolemy.actor.util.CausalityInterfaceForComposites._computeInputDepth(CausalityInterfaceForComposites.java:696)
	at ptolemy.actor.util.CausalityInterfaceForComposites._computeActorDepth(CausalityInterfaceForComposites.java:532)
	at ptolemy.actor.util.CausalityInterfaceForComposites.checkForCycles(CausalityInterfaceForComposites.java:96)
	at ptolemy.domains.de.kernel.DEDirector.preinitialize(DEDirector.java:1338)
	at ptolemy.actor.CompositeActor.preinitialize(CompositeActor.java:1828)
	at ptolemy.actor.Manager.preinitializeAndResolveTypes(Manager.java:1040)
	at ptolemy.actor.Manager.initialize(Manager.java:710)
	at ptolemy.actor.Manager.execute(Manager.java:356)
	at ptolemy.actor.Manager.run(Manager.java:1263)
	at ptolemy.actor.Manager$PtolemyRunThread.run(Manager.java:1915)
java.lang.RuntimeException: Execution failed
	at ptolemy.moml.MoMLSimpleApplication$UnloadThread.run(MoMLSimpleApplication.java:402)
Caused by: ptolemy.kernel.util.IllegalActionException: Found a zero delay loop containing .dependencyLoop.original
  in .dependencyLoop and .dependencyLoop.original
	at ptolemy.actor.util.CausalityInterfaceForComposites._computeOutputPortDepth(CausalityInterfaceForComposites.java:759)
	at ptolemy.actor.util.CausalityInterfaceForComposites._computeInputDepth(CausalityInterfaceForComposites.java:696)
	at ptolemy.actor.util.CausalityInterfaceForComposites._computeOutputPortDepth(CausalityInterfaceForComposites.java:765)
	at ptolemy.actor.util.CausalityInterfaceForComposites._computeInputDepth(CausalityInterfaceForComposites.java:696)
	at ptolemy.actor.util.CausalityInterfaceForComposites._computeOutputPortDepth(CausalityInterfaceForComposites.java:765)
	at ptolemy.actor.util.CausalityInterfaceForComposites._computeInputDepth(CausalityInterfaceForComposites.java:696)
	at ptolemy.actor.util.CausalityInterfaceForComposites._computeActorDepth(CausalityInterfaceForComposites.java:532)
	at ptolemy.actor.util.CausalityInterfaceForComposites.checkForCycles(CausalityInterfaceForComposites.java:96)
	at ptolemy.domains.de.kernel.DEDirector.preinitialize(DEDirector.java:1338)
	at ptolemy.actor.CompositeActor.preinitialize(CompositeActor.java:1828)
	at ptolemy.actor.Manager.preinitializeAndResolveTypes(Manager.java:1040)
	at ptolemy.actor.Manager.initialize(Manager.java:710)
	at ptolemy.actor.Manager.execute(Manager.java:356)
	at ptolemy.actor.Manager.run(Manager.java:1263)
	at ptolemy.actor.Manager$PtolemyRunThread.run(Manager.java:1915)
java.lang.reflect.InvocationTargetException
	at sun.reflect.NativeConstructorAccessorImpl.newInstance0(Native Method)
	at sun.reflect.NativeConstructorAccessorImpl.newInstance(NativeConstructorAccessorImpl.java:62)
	at sun.reflect.DelegatingConstructorAccessorImpl.newInstance(DelegatingConstructorAccessorImpl.java:45)
	at java.lang.reflect.Constructor.newInstance(Constructor.java:423)
	at ptolemy.util.test.junit.AutoKnownFailedTests.RunModel(AutoKnownFailedTests.java:105)
	at sun.reflect.NativeMethodAccessorImpl.invoke0(Native Method)
	at sun.reflect.NativeMethodAccessorImpl.invoke(NativeMethodAccessorImpl.java:62)
	at sun.reflect.DelegatingMethodAccessorImpl.invoke(DelegatingMethodAccessorImpl.java:43)
	at java.lang.reflect.Method.invoke(Method.java:498)
	at org.junit.runners.model.FrameworkMethod$1.runReflectiveCall(FrameworkMethod.java:44)
	at org.junit.internal.runners.model.ReflectiveCallable.run(ReflectiveCallable.java:15)
	at org.junit.runners.model.FrameworkMethod.invokeExplosively(FrameworkMethod.java:41)
	at junitparams.internal.InvokeParameterisedMethod.evaluate(InvokeParameterisedMethod.java:102)
	at org.junit.internal.runners.statements.FailOnTimeout$1.run(FailOnTimeout.java:28)
Caused by: ptolemy.kernel.util.IllegalActionException: Found a zero delay loop containing .dependencyLoop.original
  in .dependencyLoop and .dependencyLoop.original
	at ptolemy.actor.util.CausalityInterfaceForComposites._computeOutputPortDepth(CausalityInterfaceForComposites.java:759)
	at ptolemy.actor.util.CausalityInterfaceForComposites._computeInputDepth(CausalityInterfaceForComposites.java:696)
	at ptolemy.actor.util.CausalityInterfaceForComposites._computeOutputPortDepth(CausalityInterfaceForComposites.java:765)
	at ptolemy.actor.util.CausalityInterfaceForComposites._computeInputDepth(CausalityInterfaceForComposites.java:696)
	at ptolemy.actor.util.CausalityInterfaceForComposites._computeOutputPortDepth(CausalityInterfaceForComposites.java:765)
	at ptolemy.actor.util.CausalityInterfaceForComposites._computeInputDepth(CausalityInterfaceForComposites.java:696)
	at ptolemy.actor.util.CausalityInterfaceForComposites._computeActorDepth(CausalityInterfaceForComposites.java:532)
	at ptolemy.actor.util.CausalityInterfaceForComposites.checkForCycles(CausalityInterfaceForComposites.java:96)
	at ptolemy.domains.de.kernel.DEDirector.preinitialize(DEDirector.java:1338)
	at ptolemy.actor.CompositeActor.preinitialize(CompositeActor.java:1828)
	at ptolemy.actor.Manager.preinitializeAndResolveTypes(Manager.java:1040)
	at ptolemy.actor.Manager.initialize(Manager.java:710)
	at ptolemy.actor.Manager.execute(Manager.java:356)
	at ptolemy.actor.Manager.run(Manager.java:1263)
	at ptolemy.actor.Manager$PtolemyRunThread.run(Manager.java:1915)
java.lang.RuntimeException: Execution failed
	at ptolemy.moml.MoMLSimpleApplication$UnloadThread.run(MoMLSimpleApplication.java:402)
Caused by: ptolemy.kernel.util.IllegalActionException: Found a zero delay loop containing .dependencyLoop2.original
  in .dependencyLoop2 and .dependencyLoop2.original
	at ptolemy.actor.util.CausalityInterfaceForComposites._computeOutputPortDepth(CausalityInterfaceForComposites.java:759)
	at ptolemy.actor.util.CausalityInterfaceForComposites._computeInputDepth(CausalityInterfaceForComposites.java:696)
	at ptolemy.actor.util.CausalityInterfaceForComposites._computeOutputPortDepth(CausalityInterfaceForComposites.java:765)
	at ptolemy.actor.util.CausalityInterfaceForComposites._computeInputDepth(CausalityInterfaceForComposites.java:696)
	at ptolemy.actor.util.CausalityInterfaceForComposites._computeOutputPortDepth(CausalityInterfaceForComposites.java:765)
	at ptolemy.actor.util.CausalityInterfaceForComposites._computeInputDepth(CausalityInterfaceForComposites.java:696)
	at ptolemy.actor.util.CausalityInterfaceForComposites._computeActorDepth(CausalityInterfaceForComposites.java:532)
	at ptolemy.actor.util.CausalityInterfaceForComposites.checkForCycles(CausalityInterfaceForComposites.java:96)
	at ptolemy.domains.de.kernel.DEDirector.preinitialize(DEDirector.java:1338)
	at ptolemy.actor.CompositeActor.preinitialize(CompositeActor.java:1828)
	at ptolemy.actor.Manager.preinitializeAndResolveTypes(Manager.java:1040)
	at ptolemy.actor.Manager.initialize(Manager.java:710)
	at ptolemy.actor.Manager.execute(Manager.java:356)
	at ptolemy.actor.Manager.run(Manager.java:1263)
	at ptolemy.actor.Manager$PtolemyRunThread.run(Manager.java:1915)
java.lang.reflect.InvocationTargetException
	at sun.reflect.NativeConstructorAccessorImpl.newInstance0(Native Method)
	at sun.reflect.NativeConstructorAccessorImpl.newInstance(NativeConstructorAccessorImpl.java:62)
	at sun.reflect.DelegatingConstructorAccessorImpl.newInstance(DelegatingConstructorAccessorImpl.java:45)
	at java.lang.reflect.Constructor.newInstance(Constructor.java:423)
	at ptolemy.util.test.junit.AutoKnownFailedTests.RunModel(AutoKnownFailedTests.java:105)
	at sun.reflect.NativeMethodAccessorImpl.invoke0(Native Method)
	at sun.reflect.NativeMethodAccessorImpl.invoke(NativeMethodAccessorImpl.java:62)
	at sun.reflect.DelegatingMethodAccessorImpl.invoke(DelegatingMethodAccessorImpl.java:43)
	at java.lang.reflect.Method.invoke(Method.java:498)
	at org.junit.runners.model.FrameworkMethod$1.runReflectiveCall(FrameworkMethod.java:44)
	at org.junit.internal.runners.model.ReflectiveCallable.run(ReflectiveCallable.java:15)
	at org.junit.runners.model.FrameworkMethod.invokeExplosively(FrameworkMethod.java:41)
	at junitparams.internal.InvokeParameterisedMethod.evaluate(InvokeParameterisedMethod.java:102)
	at org.junit.internal.runners.statements.FailOnTimeout$1.run(FailOnTimeout.java:28)
Caused by: ptolemy.kernel.util.IllegalActionException: Found a zero delay loop containing .dependencyLoop2.original
  in .dependencyLoop2 and .dependencyLoop2.original
	at ptolemy.actor.util.CausalityInterfaceForComposites._computeOutputPortDepth(CausalityInterfaceForComposites.java:759)
	at ptolemy.actor.util.CausalityInterfaceForComposites._computeInputDepth(CausalityInterfaceForComposites.java:696)
	at ptolemy.actor.util.CausalityInterfaceForComposites._computeOutputPortDepth(CausalityInterfaceForComposites.java:765)
	at ptolemy.actor.util.CausalityInterfaceForComposites._computeInputDepth(CausalityInterfaceForComposites.java:696)
	at ptolemy.actor.util.CausalityInterfaceForComposites._computeOutputPortDepth(CausalityInterfaceForComposites.java:765)
	at ptolemy.actor.util.CausalityInterfaceForComposites._computeInputDepth(CausalityInterfaceForComposites.java:696)
	at ptolemy.actor.util.CausalityInterfaceForComposites._computeActorDepth(CausalityInterfaceForComposites.java:532)
	at ptolemy.actor.util.CausalityInterfaceForComposites.checkForCycles(CausalityInterfaceForComposites.java:96)
	at ptolemy.domains.de.kernel.DEDirector.preinitialize(DEDirector.java:1338)
	at ptolemy.actor.CompositeActor.preinitialize(CompositeActor.java:1828)
	at ptolemy.actor.Manager.preinitializeAndResolveTypes(Manager.java:1040)
	at ptolemy.actor.Manager.initialize(Manager.java:710)
	at ptolemy.actor.Manager.execute(Manager.java:356)
	at ptolemy.actor.Manager.run(Manager.java:1263)
	at ptolemy.actor.Manager$PtolemyRunThread.run(Manager.java:1915)
]]></system-err>
</testsuite>
