<?xml version="1.0" encoding="UTF-8" ?>
<testsuite errors="0" failures="0" hostname="travis-job-f87f638d-8b85-4025-9860-adbe45c55fb7" name="ptolemy.domains.de.test.junit.JUnitTclTest" skipped="0" tests="101" time="119.054" timestamp="2020-01-04T06:35:48">
  <properties>
    <property name="npm.executable" value="npm" />
    <property name="env.TRAVIS_ROOT" value="/" />
    <property name="ptII.mk.exists" value="true" />
    <property name="env.TRAVIS_APP_HOST" value="build.travis-ci.org" />
    <property name="env.rvm_bin_path" value="/home/travis/.rvm/bin" />
    <property name="java.home" value="/usr/local/lib/jvm/openjdk11" />
    <property name="env.TRAVIS_JOB_NUMBER" value="1454.9" />
    <property name="env.TRAVIS_HOME" value="/home/travis" />
    <property name="env.DISPLAY" value=":99.0" />
    <property name="env.TRAVIS_INIT" value="systemd" />
    <property name="env.SSH_TTY" value="/dev/pts/0" />
    <property name="java.net.preferIPv4Stack" value="true" />
    <property name="env.RUN_TESTS" value="true" />
    <property name="timeout.short" value="1000000" />
    <property name="junit.formatter" value="xml" />
    <property name="env.TRAVIS_SUDO" value="true" />
    <property name="env.TRAVIS_JOB_NAME" value="" />
    <property name="env.TRAVIS_STACK_NODE_ATTRIBUTES" value="/.node-attributes.yml" />
    <property name="env.LOGNAME" value="travis" />
    <property name="jsdoc.home" value="node_modules/@terraswarm/jsdoc" />
    <property name="debuglevel" value="source,lines,vars" />
    <property name="checkstyle.formatter" value="xml" />
    <property name="env._system_version" value="16.04" />
    <property name="bin.vergil.makeable" value="true" />
    <property name="sun.os.patch.level" value="unknown" />
    <property name="java.vendor.url" value="http://java.oracle.com/" />
    <property name="env.TRAVIS_BUILD_WEB_URL" value="https://travis-ci.org/icyphy/ptII/builds/632562974" />
    <property name="java.version" value="11.0.2" />
    <property name="env.TZ" value="UTC" />
    <property name="env.TRAVIS_PULL_REQUEST_SHA" value="" />
    <property name="env.PT_NO_NET" value="true" />
    <property name="env.TRAVIS_SECURE_ENV_VARS" value="true" />
    <property name="env._system_type" value="Linux" />
    <property name="java.vendor.url.bug" value="http://bugreport.java.com/bugreport/" />
    <property name="npmjs-org-is-up" value="true" />
    <property name="env.LANGUAGE" value="en_US.UTF-8" />
    <property name="env.SSH_CLIENT" value="10.52.7.4 37720 22" />
    <property name="env.GEM_HOME" value="/home/travis/.rvm/gems/ruby-2.5.3" />
    <property name="env.HAS_ANTARES_THREE_LITTLE_FRONZIES_BADGE" value="true" />
    <property name="java.version.date" value="2019-01-15" />
    <property name="env.PS4" value="+" />
    <property name="ant.project.invoked-targets" value="build,test.core2.xml" />
    <property name="env.TRAVIS_PULL_REQUEST_BRANCH" value="" />
    <property name="env.TRAVIS_REPO_SLUG" value="icyphy/ptII" />
    <property name="env.XDG_DATA_DIRS" value="/usr/local/share:/usr/share:/var/lib/snapd/desktop" />
    <property name="jdk.debug" value="release" />
    <property name="env.TRAVIS_APT_PROXY" value="http://build-cache.travisci.net" />
    <property name="env.TRAVIS_CPU_ARCH" value="amd64" />
    <property name="node.in.path" value="true" />
    <property name="user.name" value="travis" />
    <property name="java.maxmemory" value="1400m" />
    <property name="env.RUBY_VERSION" value="ruby-2.5.3" />
    <property name="env.LANG" value="en_US.UTF-8" />
    <property name="sun.io.unicode.encoding" value="UnicodeLittle" />
    <property name="sun.jnu.encoding" value="UTF-8" />
    <property name="java.runtime.name" value="OpenJDK Runtime Environment" />
    <property name="usefile" value="false" />
    <property name="return.code" value="0" />
    <property name="junit.single.formatter" value="plain" />
    <property name="env.DYLD_LIBRARY_PATH" value="/home/travis/pthla/certi-tools/lib:" />
    <property name="env.DEBIAN_FRONTEND" value="noninteractive" />
    <property name="env.SSH_CONNECTION" value="10.52.7.4 37720 10.20.0.184 22" />
    <property name="env.MYSQL_UNIX_PORT" value="/var/run/mysqld/mysqld.sock" />
    <property name="env.LC_ALL" value="en_US.UTF-8" />
    <property name="env.TRAVIS_ALLOW_FAILURE" value="false" />
    <property name="env.TRAVIS_JOB_WEB_URL" value="https://travis-ci.org/icyphy/ptII/jobs/632562983" />
    <property name="java.specification.name" value="Java Platform API Specification" />
    <property name="node.works" value="true" />
    <property name="user.timezone" value="" />
    <property name="path.separator" value=":" />
    <property name="env.TRAVIS_ENABLE_INFRA_DETECTION" value="true" />
    <property name="env.PYTHON_CFLAGS" value="-g -fstack-protector --param=ssp-buffer-size=4 -Wformat -Werror=format-security" />
    <property name="timeout.long" value="4000000" />
    <property name="env.CERTI_HOME" value="/home/travis/pthla/certi-tools" />
    <property name="ant.file.ptII" value="/home/travis/build/icyphy/ptII/build.xml" />
    <property name="javadoc.packagenames" value="com.*,diva.*,lbnl.*,org.hlacerti.*,org.json.*,org.ptolemy.*,org.terraswarm.*,ptolemy.*,ptserver.*" />
    <property name="file.encoding" value="UTF-8" />
    <property name="env.TRAVIS_PULL_REQUEST_SLUG" value="" />
    <property name="ant.project.default-target" value="build" />
    <property name="env.GIT_ASKPASS" value="echo" />
    <property name="env.HOME" value="/home/travis" />
    <property name="sun.java.command" value="org.apache.tools.ant.taskdefs.optional.junit.JUnitTestRunner ptolemy.domains.de.test.junit.JUnitTclTest skipNonTests=false filtertrace=true haltOnError=false haltOnFailure=false formatter=org.apache.tools.ant.taskdefs.optional.junit.OutErrSummaryJUnitResultFormatter showoutput=true outputtoformatters=true logfailedtests=true threadid=0 logtestlistenerevents=false formatter=org.apache.tools.ant.taskdefs.optional.junit.XMLJUnitResultFormatter,/home/travis/build/icyphy/ptII/reports/junit/TEST-ptolemy.domains.de.test.junit.JUnitTclTest.xml crashfile=/home/travis/build/icyphy/ptII/junitvmwatcher10821497289459052722.properties propsfile=/home/travis/build/icyphy/ptII/junit9432941285376644470.properties" />
    <property name="env.COMPOSER_NO_INTERACTION" value="1" />
    <property name="env.MANPATH" value="/home/travis/.nvm/versions/node/v7.10.1/share/man:/home/travis/.rvm/rubies/ruby-2.5.3/share/man:/usr/local/cmake-3.12.4/man:/usr/local/clang-7.0.0/share/man:/usr/local/man:/usr/local/share/man:/usr/share/man:/home/travis/.rvm/man" />
    <property name="env.TRAVIS_TIMER_ID" value="001512f1" />
    <property name="ant.file" value="/home/travis/build/icyphy/ptII/build.xml" />
    <property name="env.TRAVIS_COMMIT_RANGE" value="0619398bc9405e520a52f9d30e925162cd662256...890f7d9fe666e9a42bb4871dc1f4ff818d808b09" />
    <property name="env._system_name" value="Ubuntu" />
    <property name="ptII.classpath.optional.property" value="/home/travis/build/icyphy/ptII/lib/bsh-2.0b4.jar:/home/travis/build/icyphy/ptII/lib/ptCal.jar:/home/travis/build/icyphy/ptII/lib/java_cup.jar:/home/travis/build/icyphy/ptII/lib/saxon8.jar:/home/travis/build/icyphy/ptII/lib/saxon8-dom.jar:/home/travis/build/icyphy/ptII/lib/chic.jar:/home/travis/build/icyphy/ptII/lib/ptcolt.jar:/home/travis/build/icyphy/ptII/vendors/misc/itext/iText.jar:/home/travis/build/icyphy/ptII/lib/g4ltl.jar:/home/travis/build/icyphy/ptII/lib/StructuralCoder.jar:/home/travis/build/icyphy/ptII/lib/jcerti.jar:/home/travis/build/icyphy/ptII/lib/javax.mail.jar:/home/travis/build/icyphy/ptII/vendors/JMF-2.1.1e/lib/jmf.jar:/home/travis/build/icyphy/ptII/lib/jna-4.0.0-variadic.jar:/home/travis/build/icyphy/ptII/vendors/misc/joystick/Joystick.jar:/home/travis/build/icyphy/ptII/lib/ptjacl.jar:/home/travis/build/icyphy/ptII/lib/jsoup-1.8.2.jar:/home/travis/build/icyphy/ptII/lib/junit-4.8.2.jar:/home/travis/build/icyphy/ptII/lib/JUnitParams-0.4.0.jar:/home/travis/build/icyphy/ptII/ptolemy/actor/lib/excel/jxl.jar:/home/travis/build/icyphy/ptII/lib/jython.jar:/home/travis/build/icyphy/ptII/lib/kieler.jar:/home/travis/build/icyphy/ptII/vendors/opencv/share/OpenCV/java/opencv-341.jar:/home/travis/build/icyphy/ptII/lib/oscP5.jar:/home/travis/build/icyphy/ptII/lib/nrjavaserial-3.11.0.devel.jar:/home/travis/build/icyphy/ptII/vendors/j3d/lib/Linux/j3dcore.jar:/home/travis/build/icyphy/ptII/vendors/j3d/lib/Linux/j3dutils.jar:/home/travis/build/icyphy/ptII/vendors/j3d/lib/Linux/vecmath.jar:/home/travis/build/icyphy/ptII/vendors/jogl/lib/Linux/gluegen-rt-natives-linux-amd64.jar:/home/travis/build/icyphy/ptII/vendors/jogl/lib/Linux/gluegen-rt.jar:/home/travis/build/icyphy/ptII/vendors/jogl/lib/Linux/jogl-all-natives-linux-amd64.jar:/home/travis/build/icyphy/ptII/vendors/jogl/lib/Linux/jogl-all.jar:/home/travis/build/icyphy/ptII/ptolemy/distributed/jini/jar/jini-core.jar:/home/travis/build/icyphy/ptII/ptolemy/distributed/jini/jar/jini-ext.jar:/home/travis/build/icyphy/ptII/ptolemy/distributed/jini/jar/sun-util.jar:/home/travis/build/icyphy/ptII/lib/protobuf-java-2.4.1.jar:/home/travis/build/icyphy/ptII/lib/org.eclipse.paho.client.mqttv3.jar:/home/travis/build/icyphy/ptII/lib/mapss.jar:/home/travis/build/icyphy/ptII/ptolemy/actor/ptalon/antlr/antlr.jar:/home/travis/build/icyphy/ptII/lib/JRI.jar:/home/travis/build/icyphy/ptII/lib/commons-lang-2.6.jar:/home/travis/build/icyphy/ptII/lib/commons-logging-1.1.1.jar:/home/travis/build/icyphy/ptII/lib/sootclasses.jar:/home/travis/build/icyphy/ptII/ptolemy/actor/lib/database/mysql-connector-java-5.1.6-bin.jar:/home/travis/build/icyphy/ptII/vendors/misc/sphinx4/sphinx4-data-5prealpha.jar:/home/travis/build/icyphy/ptII/vendors/misc/sphinx4/sphinx4-core-5prealpha.jar:/home/travis/build/icyphy/ptII/lib/PDFRenderer.jar:/home/travis/build/icyphy/ptII/lib/svgSalamander.jar:/home/travis/build/icyphy/ptII/lib/rsyntaxtextarea-2.6.0-SNAPSHOT.jar:/home/travis/build/icyphy/ptII/lib/hazelcast-3.8.2.jar:/home/travis/build/icyphy/ptII/lib/jackson-annotations-2.9.0.jar:/home/travis/build/icyphy/ptII/lib/jackson-core-2.9.3.jar:/home/travis/build/icyphy/ptII/lib/jackson-databind-2.9.3.jar:/home/travis/build/icyphy/ptII/lib/netty-buffer-4.1.19.Final.jar:/home/travis/build/icyphy/ptII/lib/netty-codec-4.1.19.Final.jar:/home/travis/build/icyphy/ptII/lib/netty-codec-dns-4.1.19.Final.jar:/home/travis/build/icyphy/ptII/lib/netty-codec-http-4.1.19.Final.jar:/home/travis/build/icyphy/ptII/lib/netty-codec-http2-4.1.19.Final.jar:/home/travis/build/icyphy/ptII/lib/netty-common-4.1.19.Final.jar:/home/travis/build/icyphy/ptII/lib/netty-handler-4.1.19.Final.jar:/home/travis/build/icyphy/ptII/lib/netty-resolver-4.1.19.Final.jar:/home/travis/build/icyphy/ptII/lib/netty-resolver-dns-4.1.19.Final.jar:/home/travis/build/icyphy/ptII/lib/netty-transport-4.1.19.Final.jar:/home/travis/build/icyphy/ptII/lib/vertx-codegen-3.5.1.jar:/home/travis/build/icyphy/ptII/lib/vertx-core-3.5.2-SNAPSHOT.jar:/home/travis/build/icyphy/ptII/lib/vertx-hazelcast-3.5.1.jar:/home/travis/build/icyphy/ptII/lib/vertx-lang-js-3.5.1.jar:/home/travis/build/icyphy/ptII/lib/vertx-service-proxy-3.5.1.jar:/home/travis/build/icyphy/ptII/lib/vertx-web-3.5.1.jar:/home/travis/build/icyphy/ptII/lib/slf4j-api-1.7.13.jar:/home/travis/build/icyphy/ptII/lib/slf4j-simple-1.7.13.jar:/home/travis/build/icyphy/ptII/lib/webcam-capture-0.3.12.jar:/home/travis/build/icyphy/ptII/lib/bridj-0.7.0.jar:/home/travis/build/icyphy/ptII/lib/xbjlib-1.1.0.nrjavaserial.jar" />
    <property name="timeout" value="2400000" />
    <property name="test.batch" value="**/junit/*.java" />
    <property name="env._" value="/usr/bin/timeout" />
    <property name="java.io.tmpdir" value="/tmp" />
    <property name="user.language" value="en" />
    <property name="env.TRAVIS_INTERNAL_RUBY_REGEX" value="^ruby-(2\.[0-4]\.[0-9]|1\.9\.3)" />
    <property name="env.HISTCONTROL" value="ignoredups:ignorespace" />
    <property name="env.GOROOT" value="/home/travis/.gimme/versions/go1.11.1.linux.amd64" />
    <property name="line.separator" value="&#xa;" />
    <property name="target" value="11" />
    <property name="env.TRAVIS_BUILD_DIR" value="/home/travis/build/icyphy/ptII" />
    <property name="env.ANT_OPTS" value="-Xmx2048m" />
    <property name="ant.file.type" value="file" />
    <property name="ptolemy.ptII.batchMode" value="true" />
    <property name="env.HISTSIZE" value="1000" />
    <property name="env.MERB_ENV" value="test" />
    <property name="java.vm.info" value="mixed mode" />
    <property name="source" value="11" />
    <property name="java.vm.specification.name" value="Java Virtual Machine Specification" />
    <property name="env.TRAVIS_TEST_RESULT" value="0" />
    <property name="jsdoc.command" value="node_modules/@terraswarm/jsdoc/jsdoc.js" />
    <property name="npm.works" value="true" />
    <property name="cobertura.dir" value="/home/travis/build/icyphy/ptII/vendors/cobertura-2.0.3" />
    <property name="jsdoc.command.exists" value="true" />
    <property name="env.rvm_path" value="/home/travis/.rvm" />
    <property name="env.GEM_PATH" value="/home/travis/.rvm/gems/ruby-2.5.3:/home/travis/.rvm/gems/ruby-2.5.3@global" />
    <property name="env.LC_CTYPE" value="en_US.UTF-8" />
    <property name="env.TRAVIS_CMD" value="$PTII/bin/ptIITravisBuild.sh $SECONDS" />
    <property name="java.awt.printerjob" value="sun.print.PSPrinterJob" />
    <property name="env.TRAVIS_STACK_NAME" value="sardonyx" />
    <property name="env.TRAVIS_TIMER_START_TIME" value="1578119539748330781" />
    <property name="ant.version" value="Apache Ant(TM) version 1.10.1 compiled on February 2 2017" />
    <property name="ptII.reports" value="/home/travis/build/icyphy/ptII/reports" />
    <property name="env.TRAVIS_STACK_TIMESTAMP" value="2019-03-25 16:16:56 UTC" />
    <property name="ant.file.type.ptII" value="file" />
    <property name="env.RBENV_SHELL" value="bash" />
    <property name="os.name" value="Linux" />
    <property name="java.specification.vendor" value="Oracle Corporation" />
    <property name="env.rvm_version" value="1.29.7 (latest)" />
    <property name="env.TRAVIS_INFRA" value="unknown" />
    <property name="env.TERM" value="xterm" />
    <property name="java.vm.name" value="OpenJDK 64-Bit Server VM" />
    <property name="env.TRAVIS_BUILD_NUMBER" value="1454" />
    <property name="env.CI" value="true" />
    <property name="java.library.path" value="/home/travis/pthla/certi-tools/lib:/usr/lib/jni:/usr/local/share/OpenCV/java/:/usr/share/OpenCV/java::/usr/java/packages/lib:/usr/lib64:/lib64:/lib:/usr/lib" />
    <property name="jdk.module.path" value="/home/travis/build/icyphy/ptII/vendors/javafx/javafx-sdk-11.0.2/lib:" />
    <property name="env.rvm_prefix" value="/home/travis" />
    <property name="env.PATH" value="/home/travis/pthla/certi-tools/share/scripts:/home/travis/.rvm/gems/ruby-2.5.3/bin:/home/travis/.rvm/gems/ruby-2.5.3@global/bin:/home/travis/.rvm/rubies/ruby-2.5.3/bin:/home/travis/.rvm/bin:/home/travis/.nvm/versions/node/v7.10.1/bin:./node_modules/.bin:/home/travis/build/icyphy/ptII/bin:/home/travis/pthla/certi-tools/bin:/home/travis/bin:/home/travis/.local/bin:/usr/local/lib/jvm/openjdk11/bin:/opt/pyenv/shims:/home/travis/.phpenv/shims:/home/travis/perl5/perlbrew/bin:/home/travis/gopath/bin:/home/travis/.gimme/versions/go1.11.1.linux.amd64/bin:/usr/local/maven-3.6.0/bin:/usr/local/cmake-3.12.4/bin:/usr/local/clang-7.0.0/bin:/usr/local/sbin:/usr/local/bin:/usr/sbin:/usr/bin:/sbin:/bin:/snap/bin:/home/travis/.phpenv/bin:/opt/pyenv/bin:/home/travis/.yarn/bin" />
    <property name="env.TRAVIS_OS_NAME" value="linux" />
    <property name="ant.java.version" value="9" />
    <property name="basedir" value="/home/travis/build/icyphy/ptII" />
    <property name="java.class.version" value="55.0" />
    <property name="env.SHLVL" value="3" />
    <property name="env.LD_LIBRARY_PATH" value="/home/travis/pthla/certi-tools/lib:/usr/lib/jni:/usr/local/share/OpenCV/java/:/usr/share/OpenCV/java:" />
    <property name="env.RACK_ENV" value="test" />
    <property name="ant.home" value="/home/travis/build/icyphy/ptII/ant" />
    <property name="env.NVM_DIR" value="/home/travis/.nvm" />
    <property name="env.CERTI_FOM_PATH" value="/home/travis/pthla/certi-tools/share/federations" />
    <property name="env.TRAVIS_BUILD_ID" value="632562974" />
    <property name="env.PYENV_ROOT" value="/opt/pyenv" />
    <property name="env.TRAVIS_UID" value="2000" />
    <property name="prism.verbose" value="true" />
    <property name="env.NVM_BIN" value="/home/travis/.nvm/versions/node/v7.10.1/bin" />
    <property name="env.TRAVIS_COMMIT" value="890f7d9fe666e9a42bb4871dc1f4ff818d808b09" />
    <property name="env._system_arch" value="x86_64" />
    <property name="node.executable" value="node" />
    <property name="sun.boot.library.path" value="/usr/local/lib/jvm/openjdk11/lib" />
    <property name="sun.management.compiler" value="HotSpot 64-Bit Tiered Compilers" />
    <property name="java.awt.graphicsenv" value="sun.awt.X11GraphicsEnvironment" />
    <property name="env.GOPATH" value="/home/travis/gopath" />
    <property name="ptolemy.ptII.dir" value="/home/travis/build/icyphy/ptII" />
    <property name="env.USER" value="travis" />
    <property name="env.HISTFILESIZE" value="2000" />
    <property name="timeout.longest" value="19000000" />
    <property name="env.PERLBREW_SHELLRC_VERSION" value="0.86" />
    <property name="env.TRAVIS_STACK_FEATURES" value="basic couchdb disabled-ipv6 docker docker-compose elasticsearch firefox go-toolchain google-chrome jdk memcached mongodb mysql nodejs_interpreter perl_interpreter perlbrew phantomjs postgresql python_interpreter redis ruby_interpreter sqlite xserver" />
    <property name="env.TRAVIS_PULL_REQUEST" value="false" />
    <property name="env.PYENV_SHELL" value="bash" />
    <property name="ant.project.name" value="ptII" />
    <property name="env.ANSI_RESET" value="\033[0m" />
    <property name="java.vm.specification.version" value="11" />
    <property name="env.TRAVIS_DIST" value="xenial" />
    <property name="env.CERTI_VERSION" value="4.0.0" />
    <property name="env.CERTI_HOST" value="localhost" />
    <property name="awt.toolkit" value="sun.awt.X11.XToolkit" />
    <property name="env.MY_RUBY_HOME" value="/home/travis/.rvm/rubies/ruby-2.5.3" />
    <property name="sun.cpu.isalist" value="" />
    <property name="env.TRAVIS_TMPDIR" value="/tmp/tmp.QIK4Hsm1pV" />
    <property name="java.vm.compressedOopsMode" value="Zero based" />
    <property name="os.version" value="4.15.0-1028-gcp" />
    <property name="user.home" value="/home/travis" />
    <property name="java.vm.vendor" value="Oracle Corporation" />
    <property name="env.TRAVIS_TAG" value="nightly" />
    <property name="env.ANSI_YELLOW" value="\033[33;1m" />
    <property name="env.TRAVIS_FILTERED" value="redirect_io" />
    <property name="env.ANSI_GREEN" value="\033[32;1m" />
    <property name="env.JAVA_HOME" value="/usr/local/lib/jvm/openjdk11" />
    <property name="javadoc.excludepackagenames" value="adm.cvs2svn.*,build.*,config.*,doc.coding.templates.*,jni.test.jni.meaningOfLife.*,jni.test.jni.testDeux.*,jni.test.jni.testTrois.*,org.terraswarm.accessor.accessors.web.node_modules.*,org.terraswarm.accessor.accessors.web.hosts.cordova.demo.*,org.terraswarm.accessor.accessors.web.hosts.cordova.plugins.*,org.terraswarm.accessor.accessors-svn.*,pt-modules.*,ptolemy.apps.agilent.*,ptolemy.apps.anytimecontrol.*,ptolemy.apps.apes.*,ptolemy.apps.charon.*,ptolemy.apps.crazyboard.*,ptolemy.apps.eclipse.*,ptolemy.apps.etherealSting.*,ptolemy.apps.fullscreen.*,ptolemy.apps.giotto.*,ptolemy.apps.ia.*,ptolemy.apps.interfaces.*,ptolemy.apps.jmf.*,ptolemy.apps.kurt.*,ptolemy.apps.kvm.*,ptolemy.apps.lego.*,ptolemy.apps.lejos.*,ptolemy.apps.midp.*,ptolemy.apps.mobileCoding.*,ptolemy.apps.pendulum.*,ptolemy.apps.rijndael.*,ptolemy.apps.robot.*,ptolemy.apps.security.*,ptolemy.apps.sobel.*,ptolemy.apps.soot.*,ptolemy.apps.throttle.*,ptolemy.apps.tini.*,ptolemy.apps.transmission.*,ptolemy.apps.vergil.*,ptolemy.apps.waba.*,ptolemy.apps.websensor.*,ptolemy.apps.webstart.*,ptolemy.apps.xsl.*,ptolemy.apps.zaurus.*,ptolemy.codegen.c.actor.lib.oldJavaFiles.*,ptolemy.codegen.dsp.lib.*,ptolemy.codegen.kernel.newInterfaces.*,ptolemy.codegen.lib.*,ptolemy.copernicus.kernel.fragment.*,ptolemy.copernicus.shallow.cg.*,ptolemy.domains.giotto.demo.Hierarchy.Hierarchy.*,ptolemy.domains.giotto.demo.Multimode.Multimode.*,ptolemy.domains.giotto.demo.Simple.Simple.*,ptolemy.domains.gr.lib.experimental.*,ptolemy.domains.gro.*,ptolemy.domains.pdf.*,ptolemy.domains.ptinyos.demo.Surge.output.*,ptolemy.moml.test.NoPackageActor.java*,ptolemy.plot.adm.*,ptolemy.plot.servlet.*,reports.*,signed.*,src.*,target.*,vendors.*,ptolemy.copernicus.applet.*,ptolemy.media.viewer.*,ptolemy.actor.corba.*,doc.doclets.*,ptolemy.apps.eclipse.awt.*,ptolemy.backtrack.*,ptolemy.backtrack.ast.*,ptolemy.cg.adapter.generic.program.procedural.c.mbed*,ptolemy.homer.*,ptolemy.actor.lib.jai.*,org.ptolemy.scala.*,diva.util.java2d.svg.*,ptolemy.domains.ptinyos.*,ptolemy.actor.lib.fmi.fmipp.*,,org.terraswarm.accessor.accessors.web.node_modules.*,org.terraswarm.accessor.accessors-svn,ptolemy.apps.*,ptolemy.actor.ptalon.demo.ptinyos.SendAndReceiveCnt.output,ptolemy.actor.ptalon.demo.ptinyos.SenseToLeds.output,ptolemy.domains.ptinyos.demo.CntToLedsAndRfm.output,ptolemy.domains.ptinyos.demo.RfmToLeds.output,ptolemy.domains.ptinyos.demo.SendAndReceiveCnt.output,ptolemy.domains.ptinyos.demo.SenseToLeds.output,ptolemy.actor.lib.jjs.modules.udpSocket.*" />
    <property name="env.PTII" value="/home/travis/build/icyphy/ptII" />
    <property name="env.XDG_SESSION_ID" value="2" />
    <property name="keystore" value="ptKeystore" />
    <property name="env.TRAVIS_COMMIT_MESSAGE" value="Updated to jython2.7.2.b2 so that Eclipse 2019-12 with JDK-13 will work, thus avoiding problems with &apos;import org.w3c.dom.Document;&apos; failing with &apos;The package org.w3c.dom is accessible from more than one module: &lt;unnamed&gt;,  java.xml&apos;." />
    <property name="junit.output.dir" value="/home/travis/build/icyphy/ptII/reports/junit" />
    <property name="npm.return.code" value="0" />
    <property name="user.dir" value="/home/travis/build/icyphy/ptII/ptolemy/domains/de/test" />
    <property name="env.TRAVIS_NODE_VERSION" value="7" />
    <property name="env.TRAVIS_EVENT_TYPE" value="cron" />
    <property name="env.MAIL" value="/var/mail/travis" />
    <property name="env.PERLBREW_ROOT" value="/home/travis/perl5/perlbrew" />
    <property name="env.PWD" value="/home/travis/build/icyphy/ptII" />
    <property name="timeout.npm" value="45000" />
    <property name="env.PT_TRAVIS_TEST_CORE2_XML" value="true" />
    <property name="env.TRAVIS_ARCH" value="amd64" />
    <property name="sun.cpu.endian" value="little" />
    <property name="env.PAGER" value="cat" />
    <property name="env.TRAVIS_BUILD_STAGE_NAME" value="Test" />
    <property name="env.PERLBREW_HOME" value="/home/travis/.perlbrew" />
    <property name="java.vm.version" value="11.0.2+9" />
    <property name="env.RAILS_ENV" value="test" />
    <property name="java.class.path" value="/home/travis/build/icyphy/ptII:/home/travis/build/icyphy/ptII/lib/bsh-2.0b4.jar:/home/travis/build/icyphy/ptII/lib/ptCal.jar:/home/travis/build/icyphy/ptII/lib/java_cup.jar:/home/travis/build/icyphy/ptII/lib/saxon8.jar:/home/travis/build/icyphy/ptII/lib/saxon8-dom.jar:/home/travis/build/icyphy/ptII/lib/chic.jar:/home/travis/build/icyphy/ptII/lib/ptcolt.jar:/home/travis/build/icyphy/ptII/vendors/misc/itext/iText.jar:/home/travis/build/icyphy/ptII/lib/g4ltl.jar:/home/travis/build/icyphy/ptII/lib/StructuralCoder.jar:/home/travis/build/icyphy/ptII/lib/jcerti.jar:/home/travis/build/icyphy/ptII/lib/javax.mail.jar:/home/travis/build/icyphy/ptII/vendors/JMF-2.1.1e/lib/jmf.jar:/home/travis/build/icyphy/ptII/lib/jna-4.0.0-variadic.jar:/home/travis/build/icyphy/ptII/vendors/misc/joystick/Joystick.jar:/home/travis/build/icyphy/ptII/lib/ptjacl.jar:/home/travis/build/icyphy/ptII/lib/jsoup-1.8.2.jar:/home/travis/build/icyphy/ptII/lib/junit-4.8.2.jar:/home/travis/build/icyphy/ptII/lib/JUnitParams-0.4.0.jar:/home/travis/build/icyphy/ptII/ptolemy/actor/lib/excel/jxl.jar:/home/travis/build/icyphy/ptII/lib/jython.jar:/home/travis/build/icyphy/ptII/lib/kieler.jar:/home/travis/build/icyphy/ptII/vendors/opencv/share/OpenCV/java/opencv-341.jar:/home/travis/build/icyphy/ptII/lib/oscP5.jar:/home/travis/build/icyphy/ptII/lib/nrjavaserial-3.11.0.devel.jar:/home/travis/build/icyphy/ptII/vendors/j3d/lib/Linux/j3dcore.jar:/home/travis/build/icyphy/ptII/vendors/j3d/lib/Linux/j3dutils.jar:/home/travis/build/icyphy/ptII/vendors/j3d/lib/Linux/vecmath.jar:/home/travis/build/icyphy/ptII/vendors/jogl/lib/Linux/gluegen-rt-natives-linux-amd64.jar:/home/travis/build/icyphy/ptII/vendors/jogl/lib/Linux/gluegen-rt.jar:/home/travis/build/icyphy/ptII/vendors/jogl/lib/Linux/jogl-all-natives-linux-amd64.jar:/home/travis/build/icyphy/ptII/vendors/jogl/lib/Linux/jogl-all.jar:/home/travis/build/icyphy/ptII/ptolemy/distributed/jini/jar/jini-core.jar:/home/travis/build/icyphy/ptII/ptolemy/distributed/jini/jar/jini-ext.jar:/home/travis/build/icyphy/ptII/ptolemy/distributed/jini/jar/sun-util.jar:/home/travis/build/icyphy/ptII/lib/protobuf-java-2.4.1.jar:/home/travis/build/icyphy/ptII/lib/org.eclipse.paho.client.mqttv3.jar:/home/travis/build/icyphy/ptII/lib/mapss.jar:/home/travis/build/icyphy/ptII/ptolemy/actor/ptalon/antlr/antlr.jar:/home/travis/build/icyphy/ptII/lib/JRI.jar:/home/travis/build/icyphy/ptII/lib/commons-lang-2.6.jar:/home/travis/build/icyphy/ptII/lib/commons-logging-1.1.1.jar:/home/travis/build/icyphy/ptII/lib/sootclasses.jar:/home/travis/build/icyphy/ptII/ptolemy/actor/lib/database/mysql-connector-java-5.1.6-bin.jar:/home/travis/build/icyphy/ptII/vendors/misc/sphinx4/sphinx4-data-5prealpha.jar:/home/travis/build/icyphy/ptII/vendors/misc/sphinx4/sphinx4-core-5prealpha.jar:/home/travis/build/icyphy/ptII/lib/PDFRenderer.jar:/home/travis/build/icyphy/ptII/lib/svgSalamander.jar:/home/travis/build/icyphy/ptII/lib/rsyntaxtextarea-2.6.0-SNAPSHOT.jar:/home/travis/build/icyphy/ptII/lib/hazelcast-3.8.2.jar:/home/travis/build/icyphy/ptII/lib/jackson-annotations-2.9.0.jar:/home/travis/build/icyphy/ptII/lib/jackson-core-2.9.3.jar:/home/travis/build/icyphy/ptII/lib/jackson-databind-2.9.3.jar:/home/travis/build/icyphy/ptII/lib/netty-buffer-4.1.19.Final.jar:/home/travis/build/icyphy/ptII/lib/netty-codec-4.1.19.Final.jar:/home/travis/build/icyphy/ptII/lib/netty-codec-dns-4.1.19.Final.jar:/home/travis/build/icyphy/ptII/lib/netty-codec-http-4.1.19.Final.jar:/home/travis/build/icyphy/ptII/lib/netty-codec-http2-4.1.19.Final.jar:/home/travis/build/icyphy/ptII/lib/netty-common-4.1.19.Final.jar:/home/travis/build/icyphy/ptII/lib/netty-handler-4.1.19.Final.jar:/home/travis/build/icyphy/ptII/lib/netty-resolver-4.1.19.Final.jar:/home/travis/build/icyphy/ptII/lib/netty-resolver-dns-4.1.19.Final.jar:/home/travis/build/icyphy/ptII/lib/netty-transport-4.1.19.Final.jar:/home/travis/build/icyphy/ptII/lib/vertx-codegen-3.5.1.jar:/home/travis/build/icyphy/ptII/lib/vertx-core-3.5.2-SNAPSHOT.jar:/home/travis/build/icyphy/ptII/lib/vertx-hazelcast-3.5.1.jar:/home/travis/build/icyphy/ptII/lib/vertx-lang-js-3.5.1.jar:/home/travis/build/icyphy/ptII/lib/vertx-service-proxy-3.5.1.jar:/home/travis/build/icyphy/ptII/lib/vertx-web-3.5.1.jar:/home/travis/build/icyphy/ptII/lib/slf4j-api-1.7.13.jar:/home/travis/build/icyphy/ptII/lib/slf4j-simple-1.7.13.jar:/home/travis/build/icyphy/ptII/lib/webcam-capture-0.3.12.jar:/home/travis/build/icyphy/ptII/lib/bridj-0.7.0.jar:/home/travis/build/icyphy/ptII/lib/xbjlib-1.1.0.nrjavaserial.jar:/home/travis/build/icyphy/ptII/ptolemy/moml/test:/home/travis/build/icyphy/ptII/ant/lib/ant-launcher.jar:/home/travis/build/icyphy/ptII/ant/lib/ant.jar:/home/travis/build/icyphy/ptII/ant/lib/ant-junit.jar:/home/travis/build/icyphy/ptII/ant/lib/ant-junit4.jar" />
    <property name="ant.library.dir" value="/home/travis/build/icyphy/ptII/ant/lib" />
    <property name="os.arch" value="amd64" />
    <property name="env.CONTINUOUS_INTEGRATION" value="true" />
    <property name="env.TRAVIS_LANGUAGE" value="node_js" />
    <property name="env.TRAVIS_STACK_LANGUAGES" value="__sardonyx__ c c++ clojure cplusplus cpp default generic go groovy java node_js php pure_java python ruby scala" />
    <property name="test.name" value="ptolemy.actor.lib.test.junit.JUnitTclTest" />
    <property name="env.APT_KEY_DONT_WARN_ON_DANGEROUS_USAGE" value="1" />
    <property name="sun.java.launcher" value="SUN_STANDARD" />
    <property name="env.PYTHON_CONFIGURE_OPTS" value="--enable-unicode=ucs4 --with-wide-unicode --enable-shared --enable-ipv6 --enable-loadable-sqlite-extensions --with-computed-gotos" />
    <property name="ant.core.lib" value="/home/travis/build/icyphy/ptII/ant/lib/ant.jar" />
    <property name="java.vm.specification.vendor" value="Oracle Corporation" />
    <property name="env.BCVTB_HOME" value="/home/travis/build/icyphy/ptII/lbnl" />
    <property name="file.separator" value="/" />
    <property name="spotbugs.home" value="/home/travis/build/icyphy/ptII/vendors/spotbugs-3.1.1" />
    <property name="java.runtime.version" value="11.0.2+9" />
    <property name="env.ANSI_CLEAR" value="\033[0K" />
    <property name="javafx.verbose" value="true" />
    <property name="env.HAS_JOSH_K_SEAL_OF_APPROVAL" value="true" />
    <property name="env.XDG_RUNTIME_DIR" value="/run/user/2000" />
    <property name="env.TRAVIS_OSX_IMAGE" value="" />
    <property name="env.TRAVIS_JOB_ID" value="632562983" />
    <property name="env.TRAVIS_BRANCH" value="master" />
    <property name="user.country" value="US" />
    <property name="env.CERTI_HOME_TRAVIS" value="/home/travis/pthla/certi-tools" />
    <property name="env.SHELL" value="/bin/bash" />
    <property name="java.maxmemory.large" value="3200m" />
    <property name="model" value="" />
    <property name="env.CASHER_DIR" value="/home/travis/.casher" />
    <property name="env.NVM_CD_FLAGS" value="" />
    <property name="java.vendor.version" value="18.9" />
    <property name="jshint.executable" value="/home/travis/node_modules/jshint/bin/jshint" />
    <property name="env.JRUBY_OPTS" value=" --client -J-XX:+TieredCompilation -J-XX:TieredStopAtLevel=1 -J-Xss2m -Xcompile.invokedynamic=false" />
    <property name="java.vendor" value="Oracle Corporation" />
    <property name="env.TRAVIS_PRE_CHEF_BOOTSTRAP_TIME" value="2019-03-25T16:16:42" />
    <property name="env.TRAVIS_STACK_JOB_BOARD_REGISTER" value="/.job-board-register.yml" />
    <property name="env.ANSI_RED" value="\033[31;1m" />
    <property name="java.specification.version" value="11" />
    <property name="env.IRBRC" value="/home/travis/.rvm/rubies/ruby-2.5.3/.irbrc" />
    <property name="env.TRAVIS" value="true" />
    <property name="sun.arch.data.model" value="64" />
  </properties>
  <testcase classname="ptolemy.util.test.junit.TclTests" name="[0] /home/travis/build/icyphy/ptII/ptolemy/domains/de/test/DependencyLoop.tcl (RunTclFile)" time="0.885" />
  <testcase classname="ptolemy.util.test.junit.TclTests" name="[1] /home/travis/build/icyphy/ptII/ptolemy/domains/de/test/RunDETestsAsQSS.tcl (RunTclFile)" time="80.098" />
  <testcase classname="ptolemy.util.test.junit.AutoKnownFailedTests" name="[0] /home/travis/build/icyphy/ptII/ptolemy/domains/de/test/auto/knownFailedTests/DESDFClockTest.xml (RunModel)" time="2.049" />
  <testcase classname="ptolemy.util.test.junit.AutoKnownFailedTests" name="[1] /home/travis/build/icyphy/ptII/ptolemy/domains/de/test/auto/knownFailedTests/DirectFeedback.xml (RunModel)" time="0.031" />
  <testcase classname="ptolemy.util.test.junit.AutoKnownFailedTests" name="[2] /home/travis/build/icyphy/ptII/ptolemy/domains/de/test/auto/knownFailedTests/FSMSource.xml (RunModel)" time="0.02" />
  <testcase classname="ptolemy.util.test.junit.AutoKnownFailedTests" name="[3] /home/travis/build/icyphy/ptII/ptolemy/domains/de/test/auto/knownFailedTests/HierarchicalModel.xml (RunModel)" time="0.036" />
  <testcase classname="ptolemy.util.test.junit.AutoKnownFailedTests" name="[4] /home/travis/build/icyphy/ptII/ptolemy/domains/de/test/auto/knownFailedTests/dependencyLoop.xml (RunModel)" time="0.035" />
  <testcase classname="ptolemy.util.test.junit.AutoKnownFailedTests" name="[5] /home/travis/build/icyphy/ptII/ptolemy/domains/de/test/auto/knownFailedTests/dependencyLoop2.xml (RunModel)" time="0.044" />
  <testcase classname="ptolemy.util.test.junit.AutoNameArchTests" name="[0] ThereAreNoAutoArchTests (RunModel)" time="0.002" />
  <testcase classname="ptolemy.util.test.junit.AutoTests" name="[0] /home/travis/build/icyphy/ptII/ptolemy/domains/de/test/auto/ActorDepthCalculation_actorWithoutPorts.xml (RunModel)" time="0.019" />
  <testcase classname="ptolemy.util.test.junit.AutoTests" name="[1] /home/travis/build/icyphy/ptII/ptolemy/domains/de/test/auto/AssemblyLine.xml (RunModel)" time="0.017" />
  <testcase classname="ptolemy.util.test.junit.AutoTests" name="[2] /home/travis/build/icyphy/ptII/ptolemy/domains/de/test/auto/CQBug1.xml (RunModel)" time="0.007" />
  <testcase classname="ptolemy.util.test.junit.AutoTests" name="[3] /home/travis/build/icyphy/ptII/ptolemy/domains/de/test/auto/CancelFireAt.xml (RunModel)" time="0.018" />
  <testcase classname="ptolemy.util.test.junit.AutoTests" name="[4] /home/travis/build/icyphy/ptII/ptolemy/domains/de/test/auto/CausalityAndComposabilityAnalysis.xml (RunModel)" time="0.015" />
  <testcase classname="ptolemy.util.test.junit.AutoTests" name="[5] /home/travis/build/icyphy/ptII/ptolemy/domains/de/test/auto/CausalityInterface1.xml (RunModel)" time="0.022" />
  <testcase classname="ptolemy.util.test.junit.AutoTests" name="[6] /home/travis/build/icyphy/ptII/ptolemy/domains/de/test/auto/CausalityInterface15.xml (RunModel)" time="0.013" />
  <testcase classname="ptolemy.util.test.junit.AutoTests" name="[7] /home/travis/build/icyphy/ptII/ptolemy/domains/de/test/auto/CausalityInterface2.xml (RunModel)" time="0.01" />
  <testcase classname="ptolemy.util.test.junit.AutoTests" name="[8] /home/travis/build/icyphy/ptII/ptolemy/domains/de/test/auto/CausalityInterface3.xml (RunModel)" time="0.01" />
  <testcase classname="ptolemy.util.test.junit.AutoTests" name="[9] /home/travis/build/icyphy/ptII/ptolemy/domains/de/test/auto/ClockDrift.xml (RunModel)" time="0.033" />
  <testcase classname="ptolemy.util.test.junit.AutoTests" name="[10] /home/travis/build/icyphy/ptII/ptolemy/domains/de/test/auto/ClockDriftAndValueChange.xml (RunModel)" time="0.028" />
  <testcase classname="ptolemy.util.test.junit.AutoTests" name="[11] /home/travis/build/icyphy/ptII/ptolemy/domains/de/test/auto/ClockDriftChange.xml (RunModel)" time="0.029" />
  <testcase classname="ptolemy.util.test.junit.AutoTests" name="[12] /home/travis/build/icyphy/ptII/ptolemy/domains/de/test/auto/ComposableCausalityAnalysis.xml (RunModel)" time="0.012" />
  <testcase classname="ptolemy.util.test.junit.AutoTests" name="[13] /home/travis/build/icyphy/ptII/ptolemy/domains/de/test/auto/DEFixedPointLimitation.xml (RunModel)" time="0.007" />
  <testcase classname="ptolemy.util.test.junit.AutoTests" name="[14] /home/travis/build/icyphy/ptII/ptolemy/domains/de/test/auto/DEScheduleTest.xml (RunModel)" time="0.019" />
  <testcase classname="ptolemy.util.test.junit.AutoTests" name="[15] /home/travis/build/icyphy/ptII/ptolemy/domains/de/test/auto/DEinDEwithStartTimes.xml (RunModel)" time="0.013" />
  <testcase classname="ptolemy.util.test.junit.AutoTests" name="[16] /home/travis/build/icyphy/ptII/ptolemy/domains/de/test/auto/DEinDEwithStartTimes2.xml (RunModel)" time="0.015" />
  <testcase classname="ptolemy.util.test.junit.AutoTests" name="[17] /home/travis/build/icyphy/ptII/ptolemy/domains/de/test/auto/DateDemo.xml (RunModel)" time="0.025" />
  <testcase classname="ptolemy.util.test.junit.AutoTests" name="[18] /home/travis/build/icyphy/ptII/ptolemy/domains/de/test/auto/DateToEvent.xml (RunModel)" time="2.04" />
  <testcase classname="ptolemy.util.test.junit.AutoTests" name="[19] /home/travis/build/icyphy/ptII/ptolemy/domains/de/test/auto/DepthTest1.xml (RunModel)" time="0.007" />
  <testcase classname="ptolemy.util.test.junit.AutoTests" name="[20] /home/travis/build/icyphy/ptII/ptolemy/domains/de/test/auto/DepthTest2.xml (RunModel)" time="0.017" />
  <testcase classname="ptolemy.util.test.junit.AutoTests" name="[21] /home/travis/build/icyphy/ptII/ptolemy/domains/de/test/auto/DepthTest3.xml (RunModel)" time="0.009" />
  <testcase classname="ptolemy.util.test.junit.AutoTests" name="[22] /home/travis/build/icyphy/ptII/ptolemy/domains/de/test/auto/DepthTest4.xml (RunModel)" time="0.027" />
  <testcase classname="ptolemy.util.test.junit.AutoTests" name="[23] /home/travis/build/icyphy/ptII/ptolemy/domains/de/test/auto/DepthTest5.xml (RunModel)" time="0.018" />
  <testcase classname="ptolemy.util.test.junit.AutoTests" name="[24] /home/travis/build/icyphy/ptII/ptolemy/domains/de/test/auto/DepthTest6.xml (RunModel)" time="0.009" />
  <testcase classname="ptolemy.util.test.junit.AutoTests" name="[25] /home/travis/build/icyphy/ptII/ptolemy/domains/de/test/auto/DepthTest7.xml (RunModel)" time="0.01" />
  <testcase classname="ptolemy.util.test.junit.AutoTests" name="[26] /home/travis/build/icyphy/ptII/ptolemy/domains/de/test/auto/EventToDate.xml (RunModel)" time="3.037" />
  <testcase classname="ptolemy.util.test.junit.AutoTests" name="[27] /home/travis/build/icyphy/ptII/ptolemy/domains/de/test/auto/FSM1.xml (RunModel)" time="0.042" />
  <testcase classname="ptolemy.util.test.junit.AutoTests" name="[28] /home/travis/build/icyphy/ptII/ptolemy/domains/de/test/auto/FSM7.xml (RunModel)" time="0.04" />
  <testcase classname="ptolemy.util.test.junit.AutoTests" name="[29] /home/travis/build/icyphy/ptII/ptolemy/domains/de/test/auto/Inspection.xml (RunModel)" time="0.039" />
  <testcase classname="ptolemy.util.test.junit.AutoTests" name="[30] /home/travis/build/icyphy/ptII/ptolemy/domains/de/test/auto/Iteration.xml (RunModel)" time="0.02" />
  <testcase classname="ptolemy.util.test.junit.AutoTests" name="[31] /home/travis/build/icyphy/ptII/ptolemy/domains/de/test/auto/LineFault.xml (RunModel)" time="0.473" />
  <testcase classname="ptolemy.util.test.junit.AutoTests" name="[32] /home/travis/build/icyphy/ptII/ptolemy/domains/de/test/auto/MergeModel1Add.xml (RunModel)" time="0.045" />
  <testcase classname="ptolemy.util.test.junit.AutoTests" name="[33] /home/travis/build/icyphy/ptII/ptolemy/domains/de/test/auto/MergeModel2Add.xml (RunModel)" time="0.035" />
  <testcase classname="ptolemy.util.test.junit.AutoTests" name="[34] /home/travis/build/icyphy/ptII/ptolemy/domains/de/test/auto/MergeModel3Add.xml (RunModel)" time="0.047" />
  <testcase classname="ptolemy.util.test.junit.AutoTests" name="[35] /home/travis/build/icyphy/ptII/ptolemy/domains/de/test/auto/MergeWithoutDiscard.xml (RunModel)" time="0.012" />
  <testcase classname="ptolemy.util.test.junit.AutoTests" name="[36] /home/travis/build/icyphy/ptII/ptolemy/domains/de/test/auto/Modal1.xml (RunModel)" time="0.023" />
  <testcase classname="ptolemy.util.test.junit.AutoTests" name="[37] /home/travis/build/icyphy/ptII/ptolemy/domains/de/test/auto/Modal2.xml (RunModel)" time="0.027" />
  <testcase classname="ptolemy.util.test.junit.AutoTests" name="[38] /home/travis/build/icyphy/ptII/ptolemy/domains/de/test/auto/Modal3.xml (RunModel)" time="0.027" />
  <testcase classname="ptolemy.util.test.junit.AutoTests" name="[39] /home/travis/build/icyphy/ptII/ptolemy/domains/de/test/auto/Modal4.xml (RunModel)" time="0.025" />
  <testcase classname="ptolemy.util.test.junit.AutoTests" name="[40] /home/travis/build/icyphy/ptII/ptolemy/domains/de/test/auto/Modal5.xml (RunModel)" time="0.029" />
  <testcase classname="ptolemy.util.test.junit.AutoTests" name="[41] /home/travis/build/icyphy/ptII/ptolemy/domains/de/test/auto/Modal6.xml (RunModel)" time="0.026" />
  <testcase classname="ptolemy.util.test.junit.AutoTests" name="[42] /home/travis/build/icyphy/ptII/ptolemy/domains/de/test/auto/Modal7.xml (RunModel)" time="0.03" />
  <testcase classname="ptolemy.util.test.junit.AutoTests" name="[43] /home/travis/build/icyphy/ptII/ptolemy/domains/de/test/auto/ModalModel.xml (RunModel)" time="0.175" />
  <testcase classname="ptolemy.util.test.junit.AutoTests" name="[44] /home/travis/build/icyphy/ptII/ptolemy/domains/de/test/auto/ModalSource.xml (RunModel)" time="0.015" />
  <testcase classname="ptolemy.util.test.junit.AutoTests" name="[45] /home/travis/build/icyphy/ptII/ptolemy/domains/de/test/auto/NonInterruptibleTimerZeroDelay.xml (RunModel)" time="0.01" />
  <testcase classname="ptolemy.util.test.junit.AutoTests" name="[46] /home/travis/build/icyphy/ptII/ptolemy/domains/de/test/auto/OpenQueueingNetwork.xml (RunModel)" time="2.377" />
  <testcase classname="ptolemy.util.test.junit.AutoTests" name="[47] /home/travis/build/icyphy/ptII/ptolemy/domains/de/test/auto/OpenQueuingNetwork.xml (RunModel)" time="0.285" />
  <testcase classname="ptolemy.util.test.junit.AutoTests" name="[48] /home/travis/build/icyphy/ptII/ptolemy/domains/de/test/auto/PeriodicSampler.xml (RunModel)" time="0.01" />
  <testcase classname="ptolemy.util.test.junit.AutoTests" name="[49] /home/travis/build/icyphy/ptII/ptolemy/domains/de/test/auto/PersistentIO.xml (RunModel)" time="0.017" />
  <testcase classname="ptolemy.util.test.junit.AutoTests" name="[50] /home/travis/build/icyphy/ptII/ptolemy/domains/de/test/auto/PortParameterResetOnInitialize.xml (RunModel)" time="0.007" />
  <testcase classname="ptolemy.util.test.junit.AutoTests" name="[51] /home/travis/build/icyphy/ptII/ptolemy/domains/de/test/auto/PortParameterUpdates.xml (RunModel)" time="0.011" />
  <testcase classname="ptolemy.util.test.junit.AutoTests" name="[52] /home/travis/build/icyphy/ptII/ptolemy/domains/de/test/auto/QueueAndServer.xml (RunModel)" time="0.017" />
  <testcase classname="ptolemy.util.test.junit.AutoTests" name="[53] /home/travis/build/icyphy/ptII/ptolemy/domains/de/test/auto/Records.xml (RunModel)" time="0.013" />
  <testcase classname="ptolemy.util.test.junit.AutoTests" name="[54] /home/travis/build/icyphy/ptII/ptolemy/domains/de/test/auto/ResetTransitionWithStartTime1.xml (RunModel)" time="0.014" />
  <testcase classname="ptolemy.util.test.junit.AutoTests" name="[55] /home/travis/build/icyphy/ptII/ptolemy/domains/de/test/auto/ResetTransitionWithStartTime2.xml (RunModel)" time="0.018" />
  <testcase classname="ptolemy.util.test.junit.AutoTests" name="[56] /home/travis/build/icyphy/ptII/ptolemy/domains/de/test/auto/ResetTransitionWithStartTime3.xml (RunModel)" time="0.017" />
  <testcase classname="ptolemy.util.test.junit.AutoTests" name="[57] /home/travis/build/icyphy/ptII/ptolemy/domains/de/test/auto/ResetTransitionWithStartTime4.xml (RunModel)" time="0.014" />
  <testcase classname="ptolemy.util.test.junit.AutoTests" name="[58] /home/travis/build/icyphy/ptII/ptolemy/domains/de/test/auto/ResettableTimer1.xml (RunModel)" time="0.01" />
  <testcase classname="ptolemy.util.test.junit.AutoTests" name="[59] /home/travis/build/icyphy/ptII/ptolemy/domains/de/test/auto/ResettableTimer2.xml (RunModel)" time="0.008" />
  <testcase classname="ptolemy.util.test.junit.AutoTests" name="[60] /home/travis/build/icyphy/ptII/ptolemy/domains/de/test/auto/ResettableTimer3.xml (RunModel)" time="0.008" />
  <testcase classname="ptolemy.util.test.junit.AutoTests" name="[61] /home/travis/build/icyphy/ptII/ptolemy/domains/de/test/auto/ResettableTimer4.xml (RunModel)" time="0.007" />
  <testcase classname="ptolemy.util.test.junit.AutoTests" name="[62] /home/travis/build/icyphy/ptII/ptolemy/domains/de/test/auto/ResettableTimer5.xml (RunModel)" time="0.011" />
  <testcase classname="ptolemy.util.test.junit.AutoTests" name="[63] /home/travis/build/icyphy/ptII/ptolemy/domains/de/test/auto/ResettableTimer6.xml (RunModel)" time="0.017" />
  <testcase classname="ptolemy.util.test.junit.AutoTests" name="[64] /home/travis/build/icyphy/ptII/ptolemy/domains/de/test/auto/ServerZeroDelay.xml (RunModel)" time="0.007" />
  <testcase classname="ptolemy.util.test.junit.AutoTests" name="[65] /home/travis/build/icyphy/ptII/ptolemy/domains/de/test/auto/SmartSender.xml (RunModel)" time="3.007" />
  <testcase classname="ptolemy.util.test.junit.AutoTests" name="[66] /home/travis/build/icyphy/ptII/ptolemy/domains/de/test/auto/ThreadedComposite.xml (RunModel)" time="0.265" />
  <testcase classname="ptolemy.util.test.junit.AutoTests" name="[67] /home/travis/build/icyphy/ptII/ptolemy/domains/de/test/auto/Time.xml (RunModel)" time="0.356" />
  <testcase classname="ptolemy.util.test.junit.AutoTests" name="[68] /home/travis/build/icyphy/ptII/ptolemy/domains/de/test/auto/TimeDelayZeroDelay.xml (RunModel)" time="0.024" />
  <testcase classname="ptolemy.util.test.junit.AutoTests" name="[69] /home/travis/build/icyphy/ptII/ptolemy/domains/de/test/auto/TimerZeroDelay.xml (RunModel)" time="0.009" />
  <testcase classname="ptolemy.util.test.junit.AutoTests" name="[70] /home/travis/build/icyphy/ptII/ptolemy/domains/de/test/auto/TimingParadox.xml (RunModel)" time="0.284" />
  <testcase classname="ptolemy.util.test.junit.AutoTests" name="[71] /home/travis/build/icyphy/ptII/ptolemy/domains/de/test/auto/TransferInputs.xml (RunModel)" time="0.013" />
  <testcase classname="ptolemy.util.test.junit.AutoTests" name="[72] /home/travis/build/icyphy/ptII/ptolemy/domains/de/test/auto/TransferOutputs2.xml (RunModel)" time="0.022" />
  <testcase classname="ptolemy.util.test.junit.AutoTests" name="[73] /home/travis/build/icyphy/ptII/ptolemy/domains/de/test/auto/Trilateration.xml (RunModel)" time="10.178" />
  <testcase classname="ptolemy.util.test.junit.AutoTests" name="[74] /home/travis/build/icyphy/ptII/ptolemy/domains/de/test/auto/TwoSigmaDelta.xml (RunModel)" time="1.548" />
  <testcase classname="ptolemy.util.test.junit.AutoTests" name="[75] /home/travis/build/icyphy/ptII/ptolemy/domains/de/test/auto/VariableDelay.xml (RunModel)" time="0.012" />
  <testcase classname="ptolemy.util.test.junit.AutoTests" name="[76] /home/travis/build/icyphy/ptII/ptolemy/domains/de/test/auto/VariableDelay2.xml (RunModel)" time="0.021" />
  <testcase classname="ptolemy.util.test.junit.AutoTests" name="[77] /home/travis/build/icyphy/ptII/ptolemy/domains/de/test/auto/VariableDelayZeroDelay.xml (RunModel)" time="0.024" />
  <testcase classname="ptolemy.util.test.junit.AutoTests" name="[78] /home/travis/build/icyphy/ptII/ptolemy/domains/de/test/auto/VariableDelayZeroDelay2.xml (RunModel)" time="0.016" />
  <testcase classname="ptolemy.util.test.junit.AutoTests" name="[79] /home/travis/build/icyphy/ptII/ptolemy/domains/de/test/auto/deInCt.xml (RunModel)" time="0.015" />
  <testcase classname="ptolemy.util.test.junit.AutoTests" name="[80] /home/travis/build/icyphy/ptII/ptolemy/domains/de/test/auto/deInCt2.xml (RunModel)" time="0.012" />
  <testcase classname="ptolemy.util.test.junit.AutoTests" name="[81] /home/travis/build/icyphy/ptII/ptolemy/domains/de/test/auto/dynamicCausalityInterface1.xml (RunModel)" time="0.052" />
  <testcase classname="ptolemy.util.test.junit.AutoTests" name="[82] /home/travis/build/icyphy/ptII/ptolemy/domains/de/test/auto/fsm_de_test.xml (RunModel)" time="0.034" />
  <testcase classname="ptolemy.util.test.junit.AutoTests" name="[83] /home/travis/build/icyphy/ptII/ptolemy/domains/de/test/auto/functionDependencyReconstruction.xml (RunModel)" time="0.042" />
  <testcase classname="ptolemy.util.test.junit.AutoTests" name="[84] /home/travis/build/icyphy/ptII/ptolemy/domains/de/test/auto/multirate.xml (RunModel)" time="0.052" />
  <testcase classname="ptolemy.util.test.junit.AutoTests" name="[85] /home/travis/build/icyphy/ptII/ptolemy/domains/de/test/auto/multirate2.xml (RunModel)" time="0.02" />
  <testcase classname="ptolemy.util.test.junit.AutoTests" name="[86] /home/travis/build/icyphy/ptII/ptolemy/domains/de/test/auto/realtime.xml (RunModel)" time="10.014" />
  <testcase classname="ptolemy.util.test.junit.AutoTests" name="[87] /home/travis/build/icyphy/ptII/ptolemy/domains/de/test/auto/relationGroup.xml (RunModel)" time="0.007" />
  <testcase classname="ptolemy.util.test.junit.AutoTests" name="[88] /home/travis/build/icyphy/ptII/ptolemy/domains/de/test/auto/relationGroup2.xml (RunModel)" time="0.009" />
  <testcase classname="ptolemy.util.test.junit.AutoTests" name="[89] /home/travis/build/icyphy/ptII/ptolemy/domains/de/test/auto/sortWithOpaquePorts.xml (RunModel)" time="0.007" />
  <testcase classname="ptolemy.util.test.junit.AutoTests" name="[90] /home/travis/build/icyphy/ptII/ptolemy/domains/de/test/auto/transferInputsandOutputs.xml (RunModel)" time="0.016" />
  <testcase classname="ptolemy.util.test.junit.AutoTests" name="[91] /home/travis/build/icyphy/ptII/ptolemy/domains/de/test/auto/triggerType.xml (RunModel)" time="0.009" />
  <system-out><![CDATA[/home/travis/build/icyphy/ptII/ptolemy/domains/de/test/DependencyLoop.tcl
testDefs.tcl: setting time out to 9000 seconds at Sat Jan 04 06:35:48 UTC 2020
54 ms. Memory: 129024K Free: 78792K (61%)
26 ms. Memory: 129024K Free: 61384K (48%)
/home/travis/build/icyphy/ptII/ptolemy/domains/de/test/RunDETestsAsQSS.tcl
Run the DE tests using ptolemy.domains.qss.test.QSSDirectorTest, which extends QSSDirector and prints a message in the constructors.
------------------ testing $PTII/ptolemy/domains/de/test/auto/knownFailedTests/DirectFeedback.xml (Known Failure) 
57 ms. Memory: 129024K Free: 55750K (43%)


==== $PTIIhome/travis/build/icyphy/ptII/ptolemy/domains/de/test/../../../../: Auto Automatic test in file $PTII/ptolemy/domains/de/test/auto/knownFailedTests/DirectFeedback.xml
==== Contents of test case:

	    # FIXME: we should use $relativeFilename here, but it
	    # might have backslashes under Windows, which causes no end
	    # of trouble.
	    createAndExecute $file
	    list {}
	
.... Test generated KNOWN error:
    while executing
ptolemy.kernel.util.IllegalActionException: Test fails in iteration 1.
Value was: 1.0. Should have been: 2.0
  in .DirectFeedback.Test
	at ptolemy.actor.lib.Test.fire(Test.java:268)
	at ptolemy.domains.de.kernel.DEDirector._fire(DEDirector.java:1949)
	at ptolemy.domains.de.kernel.DEDirector.fire(DEDirector.java:502)
	at ptolemy.actor.CompositeActor.fire(CompositeActor.java:455)
	at ptolemy.actor.Manager.iterate(Manager.java:851)
	at ptolemy.actor.Manager.execute(Manager.java:369)
	at ptolemy.actor.Manager.run(Manager.java:1263)
	at ptolemy.actor.Manager$PtolemyRunThread.run(Manager.java:1933)

    while executing
ptolemy.kernel.util.IllegalActionException: Test fails in iteration 1.
Value was: 1.0. Should have been: 2.0
  in .DirectFeedback.Test
    while executing
"java::new ptolemy.moml.MoMLSimpleApplication $file
"
    (procedure "createAndExecute" line 2)
    invoked from within
"createAndExecute $file"
    ("uplevel" body line 5)
    invoked from within
"uplevel $contents_of_test"
------------------ testing $PTII/ptolemy/domains/de/test/auto/knownFailedTests/dependencyLoop.xml (Known Failure) 
15 ms. Memory: 129024K Free: 52678K (41%)


==== $PTIIhome/travis/build/icyphy/ptII/ptolemy/domains/de/test/../../../../: Auto Automatic test in file $PTII/ptolemy/domains/de/test/auto/knownFailedTests/dependencyLoop.xml
==== Contents of test case:

	    # FIXME: we should use $relativeFilename here, but it
	    # might have backslashes under Windows, which causes no end
	    # of trouble.
	    createAndExecute $file
	    list {}
	
.... Test generated KNOWN error:
    while executing
ptolemy.kernel.util.IllegalActionException: Found a zero delay loop containing .dependencyLoop.original
  in .dependencyLoop and .dependencyLoop.original
	at ptolemy.actor.util.CausalityInterfaceForComposites._computeOutputPortDepth(CausalityInterfaceForComposites.java:759)
	at ptolemy.actor.util.CausalityInterfaceForComposites._computeInputDepth(CausalityInterfaceForComposites.java:696)
	at ptolemy.actor.util.CausalityInterfaceForComposites._computeOutputPortDepth(CausalityInterfaceForComposites.java:765)
	at ptolemy.actor.util.CausalityInterfaceForComposites._computeInputDepth(CausalityInterfaceForComposites.java:696)
	at ptolemy.actor.util.CausalityInterfaceForComposites._computeOutputPortDepth(CausalityInterfaceForComposites.java:765)
	at ptolemy.actor.util.CausalityInterfaceForComposites._computeInputDepth(CausalityInterfaceForComposites.java:696)
	at ptolemy.actor.util.CausalityInterfaceForComposites._computeActorDepth(CausalityInterfaceForComposites.java:532)
	at ptolemy.actor.util.CausalityInterfaceForComposites.checkForCycles(CausalityInterfaceForComposites.java:96)
	at ptolemy.domains.de.kernel.DEDirector.preinitialize(DEDirector.java:1338)
	at ptolemy.actor.CompositeActor.preinitialize(CompositeActor.java:1828)
	at ptolemy.actor.Manager.preinitializeAndResolveTypes(Manager.java:1040)
	at ptolemy.actor.Manager.initialize(Manager.java:710)
	at ptolemy.actor.Manager.execute(Manager.java:356)
	at ptolemy.actor.Manager.run(Manager.java:1263)
	at ptolemy.actor.Manager$PtolemyRunThread.run(Manager.java:1933)

    while executing
ptolemy.kernel.util.IllegalActionException: Found a zero delay loop containing .dependencyLoop.original
  in .dependencyLoop and .dependencyLoop.original
    while executing
"java::new ptolemy.moml.MoMLSimpleApplication $file
"
    (procedure "createAndExecute" line 2)
    invoked from within
"createAndExecute $file"
    ("uplevel" body line 5)
    invoked from within
"uplevel $contents_of_test"
------------------ testing $PTII/ptolemy/domains/de/test/auto/knownFailedTests/FSMSource.xml (Known Failure) 
42 ms. Memory: 129024K Free: 110589K (86%)
!!!! Auto was marked as failing, but now passes
------------------ testing $PTII/ptolemy/domains/de/test/auto/knownFailedTests/HierarchicalModel.xml (Known Failure) 
12 ms. Memory: 129024K Free: 93529K (72%)


==== $PTIIhome/travis/build/icyphy/ptII/ptolemy/domains/de/test/../../../../: Auto Automatic test in file $PTII/ptolemy/domains/de/test/auto/knownFailedTests/HierarchicalModel.xml
==== Contents of test case:

	    # FIXME: we should use $relativeFilename here, but it
	    # might have backslashes under Windows, which causes no end
	    # of trouble.
	    createAndExecute $file
	    list {}
	
.... Test generated KNOWN error:
    while executing
ptolemy.kernel.util.IllegalActionException: Found a zero delay loop containing .HierarchicalModel.A
  in .HierarchicalModel and .HierarchicalModel.A
	at ptolemy.actor.util.CausalityInterfaceForComposites._computeOutputPortDepth(CausalityInterfaceForComposites.java:759)
	at ptolemy.actor.util.CausalityInterfaceForComposites._computeInputDepth(CausalityInterfaceForComposites.java:696)
	at ptolemy.actor.util.CausalityInterfaceForComposites._computeOutputPortDepth(CausalityInterfaceForComposites.java:765)
	at ptolemy.actor.util.CausalityInterfaceForComposites._computeInputDepth(CausalityInterfaceForComposites.java:696)
	at ptolemy.actor.util.CausalityInterfaceForComposites._computeOutputPortDepth(CausalityInterfaceForComposites.java:765)
	at ptolemy.actor.util.CausalityInterfaceForComposites._computeInputDepth(CausalityInterfaceForComposites.java:696)
	at ptolemy.actor.util.CausalityInterfaceForComposites._computeActorDepth(CausalityInterfaceForComposites.java:532)
	at ptolemy.actor.util.CausalityInterfaceForComposites.checkForCycles(CausalityInterfaceForComposites.java:96)
	at ptolemy.domains.de.kernel.DEDirector.preinitialize(DEDirector.java:1338)
	at ptolemy.actor.CompositeActor.preinitialize(CompositeActor.java:1828)
	at ptolemy.actor.Manager.preinitializeAndResolveTypes(Manager.java:1040)
	at ptolemy.actor.Manager.initialize(Manager.java:710)
	at ptolemy.actor.Manager.execute(Manager.java:356)
	at ptolemy.actor.Manager.run(Manager.java:1263)
	at ptolemy.actor.Manager$PtolemyRunThread.run(Manager.java:1933)

    while executing
ptolemy.kernel.util.IllegalActionException: Found a zero delay loop containing .HierarchicalModel.A
  in .HierarchicalModel and .HierarchicalModel.A
    while executing
"java::new ptolemy.moml.MoMLSimpleApplication $file
"
    (procedure "createAndExecute" line 2)
    invoked from within
"createAndExecute $file"
    ("uplevel" body line 5)
    invoked from within
"uplevel $contents_of_test"
------------------ testing $PTII/ptolemy/domains/de/test/auto/knownFailedTests/dependencyLoop2.xml (Known Failure) 
8 ms. Memory: 129024K Free: 77470K (60%)


==== $PTIIhome/travis/build/icyphy/ptII/ptolemy/domains/de/test/../../../../: Auto Automatic test in file $PTII/ptolemy/domains/de/test/auto/knownFailedTests/dependencyLoop2.xml
==== Contents of test case:

	    # FIXME: we should use $relativeFilename here, but it
	    # might have backslashes under Windows, which causes no end
	    # of trouble.
	    createAndExecute $file
	    list {}
	
.... Test generated KNOWN error:
    while executing
ptolemy.kernel.util.IllegalActionException: Found a zero delay loop containing .dependencyLoop2.original
  in .dependencyLoop2 and .dependencyLoop2.original
	at ptolemy.actor.util.CausalityInterfaceForComposites._computeOutputPortDepth(CausalityInterfaceForComposites.java:759)
	at ptolemy.actor.util.CausalityInterfaceForComposites._computeInputDepth(CausalityInterfaceForComposites.java:696)
	at ptolemy.actor.util.CausalityInterfaceForComposites._computeOutputPortDepth(CausalityInterfaceForComposites.java:765)
	at ptolemy.actor.util.CausalityInterfaceForComposites._computeInputDepth(CausalityInterfaceForComposites.java:696)
	at ptolemy.actor.util.CausalityInterfaceForComposites._computeOutputPortDepth(CausalityInterfaceForComposites.java:765)
	at ptolemy.actor.util.CausalityInterfaceForComposites._computeInputDepth(CausalityInterfaceForComposites.java:696)
	at ptolemy.actor.util.CausalityInterfaceForComposites._computeActorDepth(CausalityInterfaceForComposites.java:532)
	at ptolemy.actor.util.CausalityInterfaceForComposites.checkForCycles(CausalityInterfaceForComposites.java:96)
	at ptolemy.domains.de.kernel.DEDirector.preinitialize(DEDirector.java:1338)
	at ptolemy.actor.CompositeActor.preinitialize(CompositeActor.java:1828)
	at ptolemy.actor.Manager.preinitializeAndResolveTypes(Manager.java:1040)
	at ptolemy.actor.Manager.initialize(Manager.java:710)
	at ptolemy.actor.Manager.execute(Manager.java:356)
	at ptolemy.actor.Manager.run(Manager.java:1263)
	at ptolemy.actor.Manager$PtolemyRunThread.run(Manager.java:1933)

    while executing
ptolemy.kernel.util.IllegalActionException: Found a zero delay loop containing .dependencyLoop2.original
  in .dependencyLoop2 and .dependencyLoop2.original
    while executing
"java::new ptolemy.moml.MoMLSimpleApplication $file
"
    (procedure "createAndExecute" line 2)
    invoked from within
"createAndExecute $file"
    ("uplevel" body line 5)
    invoked from within
"uplevel $contents_of_test"
------------------ testing $PTII/ptolemy/domains/de/test/auto/knownFailedTests/DESDFClockTest.xml (Known Failure) 
2066 ms. Memory: 129024K Free: 108094K (84%)


==== $PTIIhome/travis/build/icyphy/ptII/ptolemy/domains/de/test/../../../../: Auto Automatic test in file $PTII/ptolemy/domains/de/test/auto/knownFailedTests/DESDFClockTest.xml
==== Contents of test case:

	    # FIXME: we should use $relativeFilename here, but it
	    # might have backslashes under Windows, which causes no end
	    # of trouble.
	    createAndExecute $file
	    list {}
	
.... Test generated KNOWN error:
    while executing
ptolemy.kernel.util.IllegalActionException: Actor is not ready to fire.  Perhaps UpSample.prefire() returned false? Try debugging the actor by selecting "Listen to Actor".  Also, for SDF check moml for tokenConsumptionRate on input.
  in .DESDFClockTest.Play Bell.Copy1:SDF Director and .DESDFClockTest.Play Bell.UpSample
	at ptolemy.actor.sched.StaticSchedulingDirector.fire(StaticSchedulingDirector.java:227)
	at ptolemy.domains.sdf.kernel.SDFDirector.fire(SDFDirector.java:500)
	at ptolemy.actor.CompositeActor.fire(CompositeActor.java:455)
	at ptolemy.domains.de.kernel.DEDirector._fire(DEDirector.java:1949)
	at ptolemy.domains.de.kernel.DEDirector.fire(DEDirector.java:502)
	at ptolemy.actor.CompositeActor.fire(CompositeActor.java:455)
	at ptolemy.actor.Manager.iterate(Manager.java:851)
	at ptolemy.actor.Manager.execute(Manager.java:369)
	at ptolemy.actor.Manager.run(Manager.java:1263)
	at ptolemy.actor.Manager$PtolemyRunThread.run(Manager.java:1933)

    while executing
ptolemy.kernel.util.IllegalActionException: Actor is not ready to fire.  Perhaps UpSample.prefire() returned false? Try debugging the actor by selecting "Listen to Actor".  Also, for SDF check moml for tokenConsumptionRate on input.
  in .DESDFClockTest.Play Bell.Copy1:SDF Director and .DESDFClockTest.Play Bell.UpSample
    while executing
"java::new ptolemy.moml.MoMLSimpleApplication $file
"
    (procedure "createAndExecute" line 2)
    invoked from within
"createAndExecute $file"
    ("uplevel" body line 5)
    invoked from within
"uplevel $contents_of_test"
------------------ testing $PTII/ptolemy/domains/de/test/auto/ActorDepthCalculation_actorWithoutPorts.xml
auto.tcl: Setting watchdog for 200 seconds at Sat Jan 04 06:35:52 UTC 2020
4 ms. Memory: 129024K Free: 100926K (78%)
ptolemy.util.test.WatchDog.cancel(): canceling Sat Jan 04 06:35:52 UTC 2020
auto.tcl: Setting watchdog for 200 seconds at Sat Jan 04 06:35:52 UTC 2020
4 ms. Memory: 129024K Free: 99374K (77%)
ptolemy.util.test.WatchDog.cancel(): canceling Sat Jan 04 06:35:52 UTC 2020
------------------ testing $PTII/ptolemy/domains/de/test/auto/AssemblyLine.xml
auto.tcl: Setting watchdog for 200 seconds at Sat Jan 04 06:35:52 UTC 2020
11 ms. Memory: 51200K Free: 28021K (55%)
ptolemy.util.test.WatchDog.cancel(): canceling Sat Jan 04 06:35:53 UTC 2020
auto.tcl: Setting watchdog for 200 seconds at Sat Jan 04 06:35:53 UTC 2020
6 ms. Memory: 51200K Free: 27320K (53%)
ptolemy.util.test.WatchDog.cancel(): canceling Sat Jan 04 06:35:53 UTC 2020
------------------ testing $PTII/ptolemy/domains/de/test/auto/CQBug1.xml
auto.tcl: Setting watchdog for 200 seconds at Sat Jan 04 06:35:53 UTC 2020
7 ms. Memory: 51200K Free: 33298K (65%)
ptolemy.util.test.WatchDog.cancel(): canceling Sat Jan 04 06:35:53 UTC 2020
auto.tcl: Setting watchdog for 200 seconds at Sat Jan 04 06:35:53 UTC 2020
1 ms. Memory: 51200K Free: 32858K (64%)
ptolemy.util.test.WatchDog.cancel(): canceling Sat Jan 04 06:35:53 UTC 2020
------------------ testing $PTII/ptolemy/domains/de/test/auto/CancelFireAt.xml
auto.tcl: Setting watchdog for 200 seconds at Sat Jan 04 06:35:53 UTC 2020
5 ms. Memory: 51200K Free: 34678K (68%)
ptolemy.util.test.WatchDog.cancel(): canceling Sat Jan 04 06:35:53 UTC 2020
auto.tcl: Setting watchdog for 200 seconds at Sat Jan 04 06:35:53 UTC 2020
3 ms. Memory: 51200K Free: 34214K (67%)
ptolemy.util.test.WatchDog.cancel(): canceling Sat Jan 04 06:35:53 UTC 2020
------------------ testing $PTII/ptolemy/domains/de/test/auto/CausalityAndComposabilityAnalysis.xml
auto.tcl: Setting watchdog for 200 seconds at Sat Jan 04 06:35:53 UTC 2020
9 ms. Memory: 51200K Free: 33006K (64%)
ptolemy.util.test.WatchDog.cancel(): canceling Sat Jan 04 06:35:53 UTC 2020
auto.tcl: Setting watchdog for 200 seconds at Sat Jan 04 06:35:53 UTC 2020
5 ms. Memory: 51200K Free: 32123K (63%)
ptolemy.util.test.WatchDog.cancel(): canceling Sat Jan 04 06:35:53 UTC 2020
------------------ testing $PTII/ptolemy/domains/de/test/auto/CausalityInterface1.xml
auto.tcl: Setting watchdog for 200 seconds at Sat Jan 04 06:35:53 UTC 2020
24 ms. Memory: 51200K Free: 31426K (61%)
ptolemy.util.test.WatchDog.cancel(): canceling Sat Jan 04 06:35:53 UTC 2020
auto.tcl: Setting watchdog for 200 seconds at Sat Jan 04 06:35:53 UTC 2020
3 ms. Memory: 51200K Free: 30462K (59%)
ptolemy.util.test.WatchDog.cancel(): canceling Sat Jan 04 06:35:53 UTC 2020
------------------ testing $PTII/ptolemy/domains/de/test/auto/CausalityInterface15.xml
auto.tcl: Setting watchdog for 200 seconds at Sat Jan 04 06:35:53 UTC 2020
6 ms. Memory: 51200K Free: 31493K (62%)
ptolemy.util.test.WatchDog.cancel(): canceling Sat Jan 04 06:35:53 UTC 2020
auto.tcl: Setting watchdog for 200 seconds at Sat Jan 04 06:35:53 UTC 2020
5 ms. Memory: 51200K Free: 30373K (59%)
ptolemy.util.test.WatchDog.cancel(): canceling Sat Jan 04 06:35:53 UTC 2020
------------------ testing $PTII/ptolemy/domains/de/test/auto/CausalityInterface2.xml
auto.tcl: Setting watchdog for 200 seconds at Sat Jan 04 06:35:53 UTC 2020
3 ms. Memory: 51200K Free: 32001K (63%)
ptolemy.util.test.WatchDog.cancel(): canceling Sat Jan 04 06:35:53 UTC 2020
auto.tcl: Setting watchdog for 200 seconds at Sat Jan 04 06:35:53 UTC 2020
6 ms. Memory: 51200K Free: 30861K (60%)
ptolemy.util.test.WatchDog.cancel(): canceling Sat Jan 04 06:35:53 UTC 2020
------------------ testing $PTII/ptolemy/domains/de/test/auto/CausalityInterface3.xml
auto.tcl: Setting watchdog for 200 seconds at Sat Jan 04 06:35:53 UTC 2020
2 ms. Memory: 51200K Free: 31520K (62%)
ptolemy.util.test.WatchDog.cancel(): canceling Sat Jan 04 06:35:53 UTC 2020
auto.tcl: Setting watchdog for 200 seconds at Sat Jan 04 06:35:53 UTC 2020
2 ms. Memory: 51200K Free: 30744K (60%)
ptolemy.util.test.WatchDog.cancel(): canceling Sat Jan 04 06:35:53 UTC 2020
------------------ testing $PTII/ptolemy/domains/de/test/auto/ClockDrift.xml
auto.tcl: Setting watchdog for 200 seconds at Sat Jan 04 06:35:53 UTC 2020
60 ms. Memory: 51200K Free: 24114K (47%)
ptolemy.util.test.WatchDog.cancel(): canceling Sat Jan 04 06:35:53 UTC 2020
auto.tcl: Setting watchdog for 200 seconds at Sat Jan 04 06:35:53 UTC 2020
58 ms. Memory: 51200K Free: 21099K (41%)
ptolemy.util.test.WatchDog.cancel(): canceling Sat Jan 04 06:35:53 UTC 2020
------------------ testing $PTII/ptolemy/domains/de/test/auto/ClockDriftAndValueChange.xml
auto.tcl: Setting watchdog for 200 seconds at Sat Jan 04 06:35:53 UTC 2020
36 ms. Memory: 51200K Free: 24188K (47%)
ptolemy.util.test.WatchDog.cancel(): canceling Sat Jan 04 06:35:53 UTC 2020
auto.tcl: Setting watchdog for 200 seconds at Sat Jan 04 06:35:53 UTC 2020
19 ms. Memory: 51200K Free: 21354K (42%)
ptolemy.util.test.WatchDog.cancel(): canceling Sat Jan 04 06:35:53 UTC 2020
------------------ testing $PTII/ptolemy/domains/de/test/auto/ClockDriftChange.xml
auto.tcl: Setting watchdog for 200 seconds at Sat Jan 04 06:35:54 UTC 2020
17 ms. Memory: 51200K Free: 26224K (51%)
ptolemy.util.test.WatchDog.cancel(): canceling Sat Jan 04 06:35:54 UTC 2020
auto.tcl: Setting watchdog for 200 seconds at Sat Jan 04 06:35:54 UTC 2020
15 ms. Memory: 51200K Free: 23622K (46%)
ptolemy.util.test.WatchDog.cancel(): canceling Sat Jan 04 06:35:54 UTC 2020
------------------ testing $PTII/ptolemy/domains/de/test/auto/ComposableCausalityAnalysis.xml
auto.tcl: Setting watchdog for 200 seconds at Sat Jan 04 06:35:54 UTC 2020
2 ms. Memory: 51200K Free: 30843K (60%)
ptolemy.util.test.WatchDog.cancel(): canceling Sat Jan 04 06:35:54 UTC 2020
auto.tcl: Setting watchdog for 200 seconds at Sat Jan 04 06:35:54 UTC 2020
4 ms. Memory: 51200K Free: 29814K (58%)
ptolemy.util.test.WatchDog.cancel(): canceling Sat Jan 04 06:35:54 UTC 2020
------------------ testing $PTII/ptolemy/domains/de/test/auto/DEFixedPointLimitation.xml
auto.tcl: Setting watchdog for 200 seconds at Sat Jan 04 06:35:54 UTC 2020
3 ms. Memory: 51200K Free: 32054K (63%)
ptolemy.util.test.WatchDog.cancel(): canceling Sat Jan 04 06:35:54 UTC 2020
auto.tcl: Setting watchdog for 200 seconds at Sat Jan 04 06:35:54 UTC 2020
1 ms. Memory: 51200K Free: 31133K (61%)
ptolemy.util.test.WatchDog.cancel(): canceling Sat Jan 04 06:35:54 UTC 2020
------------------ testing $PTII/ptolemy/domains/de/test/auto/DEScheduleTest.xml
auto.tcl: Setting watchdog for 200 seconds at Sat Jan 04 06:35:54 UTC 2020
3 ms. Memory: 51200K Free: 32284K (63%)
ptolemy.util.test.WatchDog.cancel(): canceling Sat Jan 04 06:35:54 UTC 2020
auto.tcl: Setting watchdog for 200 seconds at Sat Jan 04 06:35:54 UTC 2020
3 ms. Memory: 51200K Free: 31545K (62%)
ptolemy.util.test.WatchDog.cancel(): canceling Sat Jan 04 06:35:54 UTC 2020
------------------ testing $PTII/ptolemy/domains/de/test/auto/DEinDEwithStartTimes.xml
auto.tcl: Setting watchdog for 200 seconds at Sat Jan 04 06:35:54 UTC 2020
3 ms. Memory: 51200K Free: 30472K (60%)
ptolemy.util.test.WatchDog.cancel(): canceling Sat Jan 04 06:35:54 UTC 2020
auto.tcl: Setting watchdog for 200 seconds at Sat Jan 04 06:35:54 UTC 2020
2 ms. Memory: 51200K Free: 29448K (58%)
ptolemy.util.test.WatchDog.cancel(): canceling Sat Jan 04 06:35:54 UTC 2020
------------------ testing $PTII/ptolemy/domains/de/test/auto/DEinDEwithStartTimes2.xml
auto.tcl: Setting watchdog for 200 seconds at Sat Jan 04 06:35:54 UTC 2020
6 ms. Memory: 51200K Free: 29671K (58%)
ptolemy.util.test.WatchDog.cancel(): canceling Sat Jan 04 06:35:54 UTC 2020
auto.tcl: Setting watchdog for 200 seconds at Sat Jan 04 06:35:54 UTC 2020
3 ms. Memory: 51200K Free: 28404K (55%)
ptolemy.util.test.WatchDog.cancel(): canceling Sat Jan 04 06:35:54 UTC 2020
------------------ testing $PTII/ptolemy/domains/de/test/auto/DateDemo.xml
auto.tcl: Setting watchdog for 200 seconds at Sat Jan 04 06:35:54 UTC 2020
15 ms. Memory: 51200K Free: 24046K (47%)
ptolemy.util.test.WatchDog.cancel(): canceling Sat Jan 04 06:35:54 UTC 2020
auto.tcl: Setting watchdog for 200 seconds at Sat Jan 04 06:35:54 UTC 2020
9 ms. Memory: 51200K Free: 22476K (44%)
ptolemy.util.test.WatchDog.cancel(): canceling Sat Jan 04 06:35:54 UTC 2020
------------------ testing $PTII/ptolemy/domains/de/test/auto/DateToEvent.xml
auto.tcl: Setting watchdog for 200 seconds at Sat Jan 04 06:35:54 UTC 2020
2008 ms. Memory: 51200K Free: 19969K (39%)
ptolemy.util.test.WatchDog.cancel(): canceling Sat Jan 04 06:35:56 UTC 2020
auto.tcl: Setting watchdog for 200 seconds at Sat Jan 04 06:35:56 UTC 2020
2004 ms. Memory: 51200K Free: 19194K (37%)
ptolemy.util.test.WatchDog.cancel(): canceling Sat Jan 04 06:35:58 UTC 2020
------------------ testing $PTII/ptolemy/domains/de/test/auto/DepthTest1.xml
auto.tcl: Setting watchdog for 200 seconds at Sat Jan 04 06:35:58 UTC 2020
2 ms. Memory: 51200K Free: 33115K (65%)
ptolemy.util.test.WatchDog.cancel(): canceling Sat Jan 04 06:35:58 UTC 2020
auto.tcl: Setting watchdog for 200 seconds at Sat Jan 04 06:35:58 UTC 2020
1 ms. Memory: 51200K Free: 32684K (64%)
ptolemy.util.test.WatchDog.cancel(): canceling Sat Jan 04 06:35:58 UTC 2020
------------------ testing $PTII/ptolemy/domains/de/test/auto/DepthTest2.xml
auto.tcl: Setting watchdog for 200 seconds at Sat Jan 04 06:35:58 UTC 2020
5 ms. Memory: 51200K Free: 29936K (58%)
ptolemy.util.test.WatchDog.cancel(): canceling Sat Jan 04 06:35:58 UTC 2020
auto.tcl: Setting watchdog for 200 seconds at Sat Jan 04 06:35:58 UTC 2020
2 ms. Memory: 51200K Free: 29499K (58%)
ptolemy.util.test.WatchDog.cancel(): canceling Sat Jan 04 06:35:58 UTC 2020
------------------ testing $PTII/ptolemy/domains/de/test/auto/DepthTest3.xml
auto.tcl: Setting watchdog for 200 seconds at Sat Jan 04 06:35:58 UTC 2020
2 ms. Memory: 51200K Free: 33499K (65%)
ptolemy.util.test.WatchDog.cancel(): canceling Sat Jan 04 06:35:58 UTC 2020
auto.tcl: Setting watchdog for 200 seconds at Sat Jan 04 06:35:58 UTC 2020
1 ms. Memory: 51200K Free: 32999K (64%)
ptolemy.util.test.WatchDog.cancel(): canceling Sat Jan 04 06:35:58 UTC 2020
------------------ testing $PTII/ptolemy/domains/de/test/auto/DepthTest4.xml
auto.tcl: Setting watchdog for 200 seconds at Sat Jan 04 06:35:58 UTC 2020
13 ms. Memory: 51200K Free: 31796K (62%)
ptolemy.util.test.WatchDog.cancel(): canceling Sat Jan 04 06:35:58 UTC 2020
auto.tcl: Setting watchdog for 200 seconds at Sat Jan 04 06:35:58 UTC 2020
2 ms. Memory: 51200K Free: 31053K (61%)
ptolemy.util.test.WatchDog.cancel(): canceling Sat Jan 04 06:35:58 UTC 2020
------------------ testing $PTII/ptolemy/domains/de/test/auto/DepthTest5.xml
auto.tcl: Setting watchdog for 200 seconds at Sat Jan 04 06:35:58 UTC 2020
2 ms. Memory: 51200K Free: 31179K (61%)
ptolemy.util.test.WatchDog.cancel(): canceling Sat Jan 04 06:35:58 UTC 2020
auto.tcl: Setting watchdog for 200 seconds at Sat Jan 04 06:35:58 UTC 2020
2 ms. Memory: 51200K Free: 30407K (59%)
ptolemy.util.test.WatchDog.cancel(): canceling Sat Jan 04 06:35:58 UTC 2020
------------------ testing $PTII/ptolemy/domains/de/test/auto/DepthTest6.xml
auto.tcl: Setting watchdog for 200 seconds at Sat Jan 04 06:35:58 UTC 2020
5 ms. Memory: 51200K Free: 30905K (60%)
ptolemy.util.test.WatchDog.cancel(): canceling Sat Jan 04 06:35:59 UTC 2020
auto.tcl: Setting watchdog for 200 seconds at Sat Jan 04 06:35:59 UTC 2020
2 ms. Memory: 51200K Free: 29965K (59%)
ptolemy.util.test.WatchDog.cancel(): canceling Sat Jan 04 06:35:59 UTC 2020
------------------ testing $PTII/ptolemy/domains/de/test/auto/DepthTest7.xml
auto.tcl: Setting watchdog for 200 seconds at Sat Jan 04 06:35:59 UTC 2020
2 ms. Memory: 51200K Free: 31720K (62%)
ptolemy.util.test.WatchDog.cancel(): canceling Sat Jan 04 06:35:59 UTC 2020
auto.tcl: Setting watchdog for 200 seconds at Sat Jan 04 06:35:59 UTC 2020
2 ms. Memory: 51200K Free: 30999K (61%)
ptolemy.util.test.WatchDog.cancel(): canceling Sat Jan 04 06:35:59 UTC 2020
------------------ testing $PTII/ptolemy/domains/de/test/auto/EventToDate.xml
auto.tcl: Setting watchdog for 200 seconds at Sat Jan 04 06:35:59 UTC 2020
3011 ms. Memory: 51200K Free: 22501K (44%)
ptolemy.util.test.WatchDog.cancel(): canceling Sat Jan 04 06:36:02 UTC 2020
auto.tcl: Setting watchdog for 200 seconds at Sat Jan 04 06:36:02 UTC 2020
3004 ms. Memory: 51200K Free: 21802K (43%)
ptolemy.util.test.WatchDog.cancel(): canceling Sat Jan 04 06:36:05 UTC 2020
------------------ testing $PTII/ptolemy/domains/de/test/auto/FSM1.xml
auto.tcl: Setting watchdog for 200 seconds at Sat Jan 04 06:36:05 UTC 2020
25 ms. Memory: 51200K Free: 23184K (45%)
ptolemy.util.test.WatchDog.cancel(): canceling Sat Jan 04 06:36:05 UTC 2020
auto.tcl: Setting watchdog for 200 seconds at Sat Jan 04 06:36:05 UTC 2020
23 ms. Memory: 51200K Free: 20037K (39%)
ptolemy.util.test.WatchDog.cancel(): canceling Sat Jan 04 06:36:05 UTC 2020
------------------ testing $PTII/ptolemy/domains/de/test/auto/FSM7.xml
auto.tcl: Setting watchdog for 200 seconds at Sat Jan 04 06:36:05 UTC 2020
13 ms. Memory: 51200K Free: 23409K (46%)
ptolemy.util.test.WatchDog.cancel(): canceling Sat Jan 04 06:36:05 UTC 2020
auto.tcl: Setting watchdog for 200 seconds at Sat Jan 04 06:36:05 UTC 2020
12 ms. Memory: 51200K Free: 20277K (40%)
ptolemy.util.test.WatchDog.cancel(): canceling Sat Jan 04 06:36:05 UTC 2020
------------------ testing $PTII/ptolemy/domains/de/test/auto/Inspection.xml
auto.tcl: Setting watchdog for 200 seconds at Sat Jan 04 06:36:05 UTC 2020
21 ms. Memory: 51200K Free: 23425K (46%)
ptolemy.util.test.WatchDog.cancel(): canceling Sat Jan 04 06:36:05 UTC 2020
auto.tcl: Setting watchdog for 200 seconds at Sat Jan 04 06:36:05 UTC 2020
16 ms. Memory: 51200K Free: 21700K (42%)
ptolemy.util.test.WatchDog.cancel(): canceling Sat Jan 04 06:36:05 UTC 2020
------------------ testing $PTII/ptolemy/domains/de/test/auto/Iteration.xml
auto.tcl: Setting watchdog for 200 seconds at Sat Jan 04 06:36:05 UTC 2020
6 ms. Memory: 51200K Free: 29169K (57%)
ptolemy.util.test.WatchDog.cancel(): canceling Sat Jan 04 06:36:05 UTC 2020
auto.tcl: Setting watchdog for 200 seconds at Sat Jan 04 06:36:05 UTC 2020
6 ms. Memory: 51200K Free: 28145K (55%)
ptolemy.util.test.WatchDog.cancel(): canceling Sat Jan 04 06:36:05 UTC 2020
------------------ testing $PTII/ptolemy/domains/de/test/auto/LineFault.xml
auto.tcl: Setting watchdog for 200 seconds at Sat Jan 04 06:36:05 UTC 2020
573 ms. Memory: 51200K Free: 30471K (60%)
ptolemy.util.test.WatchDog.cancel(): canceling Sat Jan 04 06:36:06 UTC 2020
auto.tcl: Setting watchdog for 200 seconds at Sat Jan 04 06:36:06 UTC 2020
547 ms. Memory: 63488K Free: 30621K (48%)
ptolemy.util.test.WatchDog.cancel(): canceling Sat Jan 04 06:36:06 UTC 2020
------------------ testing $PTII/ptolemy/domains/de/test/auto/MergeModel1Add.xml
auto.tcl: Setting watchdog for 200 seconds at Sat Jan 04 06:36:06 UTC 2020
29 ms. Memory: 58368K Free: 22313K (38%)
ptolemy.util.test.WatchDog.cancel(): canceling Sat Jan 04 06:36:07 UTC 2020
auto.tcl: Setting watchdog for 200 seconds at Sat Jan 04 06:36:07 UTC 2020
9 ms. Memory: 58368K Free: 20598K (35%)
ptolemy.util.test.WatchDog.cancel(): canceling Sat Jan 04 06:36:07 UTC 2020
------------------ testing $PTII/ptolemy/domains/de/test/auto/MergeModel2Add.xml
auto.tcl: Setting watchdog for 200 seconds at Sat Jan 04 06:36:07 UTC 2020
11 ms. Memory: 58368K Free: 22382K (38%)
ptolemy.util.test.WatchDog.cancel(): canceling Sat Jan 04 06:36:07 UTC 2020
auto.tcl: Setting watchdog for 200 seconds at Sat Jan 04 06:36:07 UTC 2020
9 ms. Memory: 58368K Free: 20671K (35%)
ptolemy.util.test.WatchDog.cancel(): canceling Sat Jan 04 06:36:07 UTC 2020
------------------ testing $PTII/ptolemy/domains/de/test/auto/MergeModel3Add.xml
auto.tcl: Setting watchdog for 200 seconds at Sat Jan 04 06:36:07 UTC 2020
7 ms. Memory: 58368K Free: 22389K (38%)
ptolemy.util.test.WatchDog.cancel(): canceling Sat Jan 04 06:36:07 UTC 2020
auto.tcl: Setting watchdog for 200 seconds at Sat Jan 04 06:36:07 UTC 2020
7 ms. Memory: 58368K Free: 20660K (35%)
ptolemy.util.test.WatchDog.cancel(): canceling Sat Jan 04 06:36:07 UTC 2020
------------------ testing $PTII/ptolemy/domains/de/test/auto/MergeWithoutDiscard.xml
auto.tcl: Setting watchdog for 200 seconds at Sat Jan 04 06:36:07 UTC 2020
2 ms. Memory: 58368K Free: 37524K (64%)
ptolemy.util.test.WatchDog.cancel(): canceling Sat Jan 04 06:36:07 UTC 2020
auto.tcl: Setting watchdog for 200 seconds at Sat Jan 04 06:36:07 UTC 2020
1 ms. Memory: 58368K Free: 36611K (63%)
ptolemy.util.test.WatchDog.cancel(): canceling Sat Jan 04 06:36:07 UTC 2020
------------------ testing $PTII/ptolemy/domains/de/test/auto/Modal1.xml
auto.tcl: Setting watchdog for 200 seconds at Sat Jan 04 06:36:07 UTC 2020
17 ms. Memory: 58368K Free: 29383K (50%)
ptolemy.util.test.WatchDog.cancel(): canceling Sat Jan 04 06:36:07 UTC 2020
auto.tcl: Setting watchdog for 200 seconds at Sat Jan 04 06:36:07 UTC 2020
19 ms. Memory: 58368K Free: 26082K (45%)
ptolemy.util.test.WatchDog.cancel(): canceling Sat Jan 04 06:36:07 UTC 2020
------------------ testing $PTII/ptolemy/domains/de/test/auto/Modal2.xml
auto.tcl: Setting watchdog for 200 seconds at Sat Jan 04 06:36:07 UTC 2020
12 ms. Memory: 58368K Free: 29261K (50%)
ptolemy.util.test.WatchDog.cancel(): canceling Sat Jan 04 06:36:07 UTC 2020
auto.tcl: Setting watchdog for 200 seconds at Sat Jan 04 06:36:07 UTC 2020
20 ms. Memory: 58368K Free: 26011K (45%)
ptolemy.util.test.WatchDog.cancel(): canceling Sat Jan 04 06:36:07 UTC 2020
------------------ testing $PTII/ptolemy/domains/de/test/auto/Modal3.xml
auto.tcl: Setting watchdog for 200 seconds at Sat Jan 04 06:36:07 UTC 2020
14 ms. Memory: 58368K Free: 28951K (50%)
ptolemy.util.test.WatchDog.cancel(): canceling Sat Jan 04 06:36:07 UTC 2020
auto.tcl: Setting watchdog for 200 seconds at Sat Jan 04 06:36:07 UTC 2020
14 ms. Memory: 58368K Free: 25984K (45%)
ptolemy.util.test.WatchDog.cancel(): canceling Sat Jan 04 06:36:07 UTC 2020
------------------ testing $PTII/ptolemy/domains/de/test/auto/Modal4.xml
auto.tcl: Setting watchdog for 200 seconds at Sat Jan 04 06:36:07 UTC 2020
13 ms. Memory: 58368K Free: 28210K (48%)
ptolemy.util.test.WatchDog.cancel(): canceling Sat Jan 04 06:36:07 UTC 2020
auto.tcl: Setting watchdog for 200 seconds at Sat Jan 04 06:36:07 UTC 2020
13 ms. Memory: 58368K Free: 24394K (42%)
ptolemy.util.test.WatchDog.cancel(): canceling Sat Jan 04 06:36:07 UTC 2020
------------------ testing $PTII/ptolemy/domains/de/test/auto/Modal5.xml
auto.tcl: Setting watchdog for 200 seconds at Sat Jan 04 06:36:07 UTC 2020
14 ms. Memory: 58368K Free: 28205K (48%)
ptolemy.util.test.WatchDog.cancel(): canceling Sat Jan 04 06:36:07 UTC 2020
auto.tcl: Setting watchdog for 200 seconds at Sat Jan 04 06:36:07 UTC 2020
13 ms. Memory: 58368K Free: 24381K (42%)
ptolemy.util.test.WatchDog.cancel(): canceling Sat Jan 04 06:36:07 UTC 2020
------------------ testing $PTII/ptolemy/domains/de/test/auto/Modal6.xml
auto.tcl: Setting watchdog for 200 seconds at Sat Jan 04 06:36:07 UTC 2020
10 ms. Memory: 58368K Free: 28475K (49%)
ptolemy.util.test.WatchDog.cancel(): canceling Sat Jan 04 06:36:07 UTC 2020
auto.tcl: Setting watchdog for 200 seconds at Sat Jan 04 06:36:07 UTC 2020
12 ms. Memory: 58368K Free: 24588K (42%)
ptolemy.util.test.WatchDog.cancel(): canceling Sat Jan 04 06:36:08 UTC 2020
------------------ testing $PTII/ptolemy/domains/de/test/auto/Modal7.xml
auto.tcl: Setting watchdog for 200 seconds at Sat Jan 04 06:36:08 UTC 2020
9 ms. Memory: 58368K Free: 27910K (48%)
ptolemy.util.test.WatchDog.cancel(): canceling Sat Jan 04 06:36:08 UTC 2020
auto.tcl: Setting watchdog for 200 seconds at Sat Jan 04 06:36:08 UTC 2020
10 ms. Memory: 58368K Free: 24381K (42%)
ptolemy.util.test.WatchDog.cancel(): canceling Sat Jan 04 06:36:08 UTC 2020
------------------ testing $PTII/ptolemy/domains/de/test/auto/ModalModel.xml
auto.tcl: Setting watchdog for 200 seconds at Sat Jan 04 06:36:08 UTC 2020
199 ms. Memory: 58368K Free: 22520K (39%)
ptolemy.util.test.WatchDog.cancel(): canceling Sat Jan 04 06:36:08 UTC 2020
auto.tcl: Setting watchdog for 200 seconds at Sat Jan 04 06:36:08 UTC 2020
192 ms. Memory: 74752K Free: 33317K (45%)
ptolemy.util.test.WatchDog.cancel(): canceling Sat Jan 04 06:36:08 UTC 2020
------------------ testing $PTII/ptolemy/domains/de/test/auto/ModalSource.xml
auto.tcl: Setting watchdog for 200 seconds at Sat Jan 04 06:36:08 UTC 2020
7 ms. Memory: 61440K Free: 35838K (58%)
ptolemy.util.test.WatchDog.cancel(): canceling Sat Jan 04 06:36:08 UTC 2020
auto.tcl: Setting watchdog for 200 seconds at Sat Jan 04 06:36:08 UTC 2020
7 ms. Memory: 61440K Free: 33587K (55%)
ptolemy.util.test.WatchDog.cancel(): canceling Sat Jan 04 06:36:08 UTC 2020
------------------ testing $PTII/ptolemy/domains/de/test/auto/NonInterruptibleTimerZeroDelay.xml
auto.tcl: Setting watchdog for 200 seconds at Sat Jan 04 06:36:08 UTC 2020
3 ms. Memory: 61440K Free: 40955K (67%)
ptolemy.util.test.WatchDog.cancel(): canceling Sat Jan 04 06:36:08 UTC 2020
auto.tcl: Setting watchdog for 200 seconds at Sat Jan 04 06:36:08 UTC 2020
2 ms. Memory: 61440K Free: 40356K (66%)
ptolemy.util.test.WatchDog.cancel(): canceling Sat Jan 04 06:36:08 UTC 2020
------------------ testing $PTII/ptolemy/domains/de/test/auto/OpenQueueingNetwork.xml
auto.tcl: Setting watchdog for 200 seconds at Sat Jan 04 06:36:08 UTC 2020
2555 ms. Memory: 116736K Free: 43204K (37%)
ptolemy.util.test.WatchDog.cancel(): canceling Sat Jan 04 06:36:11 UTC 2020
auto.tcl: Setting watchdog for 200 seconds at Sat Jan 04 06:36:11 UTC 2020
2316 ms. Memory: 140288K Free: 86744K (62%)
ptolemy.util.test.WatchDog.cancel(): canceling Sat Jan 04 06:36:13 UTC 2020
------------------ testing $PTII/ptolemy/domains/de/test/auto/OpenQueuingNetwork.xml
auto.tcl: Setting watchdog for 200 seconds at Sat Jan 04 06:36:13 UTC 2020
228 ms. Memory: 65536K Free: 45881K (70%)
ptolemy.util.test.WatchDog.cancel(): canceling Sat Jan 04 06:36:14 UTC 2020
auto.tcl: Setting watchdog for 200 seconds at Sat Jan 04 06:36:14 UTC 2020
213 ms. Memory: 65536K Free: 31430K (48%)
ptolemy.util.test.WatchDog.cancel(): canceling Sat Jan 04 06:36:14 UTC 2020
------------------ testing $PTII/ptolemy/domains/de/test/auto/PeriodicSampler.xml
auto.tcl: Setting watchdog for 200 seconds at Sat Jan 04 06:36:14 UTC 2020
2 ms. Memory: 61440K Free: 40259K (66%)
ptolemy.util.test.WatchDog.cancel(): canceling Sat Jan 04 06:36:14 UTC 2020
auto.tcl: Setting watchdog for 200 seconds at Sat Jan 04 06:36:14 UTC 2020
1 ms. Memory: 61440K Free: 39739K (65%)
ptolemy.util.test.WatchDog.cancel(): canceling Sat Jan 04 06:36:14 UTC 2020
------------------ testing $PTII/ptolemy/domains/de/test/auto/PersistentIO.xml
auto.tcl: Setting watchdog for 200 seconds at Sat Jan 04 06:36:14 UTC 2020
15 ms. Memory: 61440K Free: 35183K (57%)
ptolemy.util.test.WatchDog.cancel(): canceling Sat Jan 04 06:36:14 UTC 2020
auto.tcl: Setting watchdog for 200 seconds at Sat Jan 04 06:36:14 UTC 2020
3 ms. Memory: 61440K Free: 33663K (55%)
ptolemy.util.test.WatchDog.cancel(): canceling Sat Jan 04 06:36:14 UTC 2020
------------------ testing $PTII/ptolemy/domains/de/test/auto/PortParameterResetOnInitialize.xml
auto.tcl: Setting watchdog for 200 seconds at Sat Jan 04 06:36:14 UTC 2020
2 ms. Memory: 61440K Free: 40178K (65%)
ptolemy.util.test.WatchDog.cancel(): canceling Sat Jan 04 06:36:14 UTC 2020
auto.tcl: Setting watchdog for 200 seconds at Sat Jan 04 06:36:14 UTC 2020
2 ms. Memory: 61440K Free: 39671K (65%)
ptolemy.util.test.WatchDog.cancel(): canceling Sat Jan 04 06:36:14 UTC 2020
------------------ testing $PTII/ptolemy/domains/de/test/auto/PortParameterUpdates.xml
auto.tcl: Setting watchdog for 200 seconds at Sat Jan 04 06:36:14 UTC 2020
6 ms. Memory: 61440K Free: 38415K (63%)
ptolemy.util.test.WatchDog.cancel(): canceling Sat Jan 04 06:36:14 UTC 2020
auto.tcl: Setting watchdog for 200 seconds at Sat Jan 04 06:36:14 UTC 2020
4 ms. Memory: 61440K Free: 37238K (61%)
ptolemy.util.test.WatchDog.cancel(): canceling Sat Jan 04 06:36:14 UTC 2020
------------------ testing $PTII/ptolemy/domains/de/test/auto/QueueAndServer.xml
auto.tcl: Setting watchdog for 200 seconds at Sat Jan 04 06:36:14 UTC 2020
5 ms. Memory: 58368K Free: 34306K (59%)
ptolemy.util.test.WatchDog.cancel(): canceling Sat Jan 04 06:36:14 UTC 2020
auto.tcl: Setting watchdog for 200 seconds at Sat Jan 04 06:36:14 UTC 2020
5 ms. Memory: 58368K Free: 32598K (56%)
ptolemy.util.test.WatchDog.cancel(): canceling Sat Jan 04 06:36:14 UTC 2020
------------------ testing $PTII/ptolemy/domains/de/test/auto/Records.xml
auto.tcl: Setting watchdog for 200 seconds at Sat Jan 04 06:36:14 UTC 2020
5 ms. Memory: 58368K Free: 36306K (62%)
ptolemy.util.test.WatchDog.cancel(): canceling Sat Jan 04 06:36:14 UTC 2020
auto.tcl: Setting watchdog for 200 seconds at Sat Jan 04 06:36:14 UTC 2020
2 ms. Memory: 58368K Free: 35794K (61%)
ptolemy.util.test.WatchDog.cancel(): canceling Sat Jan 04 06:36:14 UTC 2020
------------------ testing $PTII/ptolemy/domains/de/test/auto/ResetTransitionWithStartTime1.xml
auto.tcl: Setting watchdog for 200 seconds at Sat Jan 04 06:36:14 UTC 2020
8 ms. Memory: 58368K Free: 33594K (58%)
ptolemy.util.test.WatchDog.cancel(): canceling Sat Jan 04 06:36:14 UTC 2020
auto.tcl: Setting watchdog for 200 seconds at Sat Jan 04 06:36:14 UTC 2020
5 ms. Memory: 58368K Free: 31546K (54%)
ptolemy.util.test.WatchDog.cancel(): canceling Sat Jan 04 06:36:14 UTC 2020
------------------ testing $PTII/ptolemy/domains/de/test/auto/ResetTransitionWithStartTime2.xml
auto.tcl: Setting watchdog for 200 seconds at Sat Jan 04 06:36:14 UTC 2020
8 ms. Memory: 58368K Free: 33550K (57%)
ptolemy.util.test.WatchDog.cancel(): canceling Sat Jan 04 06:36:14 UTC 2020
auto.tcl: Setting watchdog for 200 seconds at Sat Jan 04 06:36:14 UTC 2020
6 ms. Memory: 58368K Free: 30988K (53%)
ptolemy.util.test.WatchDog.cancel(): canceling Sat Jan 04 06:36:14 UTC 2020
------------------ testing $PTII/ptolemy/domains/de/test/auto/ResetTransitionWithStartTime3.xml
auto.tcl: Setting watchdog for 200 seconds at Sat Jan 04 06:36:14 UTC 2020
7 ms. Memory: 58368K Free: 33549K (57%)
ptolemy.util.test.WatchDog.cancel(): canceling Sat Jan 04 06:36:15 UTC 2020
auto.tcl: Setting watchdog for 200 seconds at Sat Jan 04 06:36:15 UTC 2020
5 ms. Memory: 58368K Free: 31501K (54%)
ptolemy.util.test.WatchDog.cancel(): canceling Sat Jan 04 06:36:15 UTC 2020
------------------ testing $PTII/ptolemy/domains/de/test/auto/ResetTransitionWithStartTime4.xml
auto.tcl: Setting watchdog for 200 seconds at Sat Jan 04 06:36:15 UTC 2020
8 ms. Memory: 58368K Free: 33893K (58%)
ptolemy.util.test.WatchDog.cancel(): canceling Sat Jan 04 06:36:15 UTC 2020
auto.tcl: Setting watchdog for 200 seconds at Sat Jan 04 06:36:15 UTC 2020
3 ms. Memory: 58368K Free: 32523K (56%)
ptolemy.util.test.WatchDog.cancel(): canceling Sat Jan 04 06:36:15 UTC 2020
------------------ testing $PTII/ptolemy/domains/de/test/auto/ResettableTimer1.xml
auto.tcl: Setting watchdog for 200 seconds at Sat Jan 04 06:36:15 UTC 2020
3 ms. Memory: 58368K Free: 37626K (64%)
ptolemy.util.test.WatchDog.cancel(): canceling Sat Jan 04 06:36:15 UTC 2020
auto.tcl: Setting watchdog for 200 seconds at Sat Jan 04 06:36:15 UTC 2020
2 ms. Memory: 58368K Free: 36602K (63%)
ptolemy.util.test.WatchDog.cancel(): canceling Sat Jan 04 06:36:15 UTC 2020
------------------ testing $PTII/ptolemy/domains/de/test/auto/ResettableTimer2.xml
auto.tcl: Setting watchdog for 200 seconds at Sat Jan 04 06:36:15 UTC 2020
2 ms. Memory: 58368K Free: 37682K (65%)
ptolemy.util.test.WatchDog.cancel(): canceling Sat Jan 04 06:36:15 UTC 2020
auto.tcl: Setting watchdog for 200 seconds at Sat Jan 04 06:36:15 UTC 2020
2 ms. Memory: 58368K Free: 36658K (63%)
ptolemy.util.test.WatchDog.cancel(): canceling Sat Jan 04 06:36:15 UTC 2020
------------------ testing $PTII/ptolemy/domains/de/test/auto/ResettableTimer3.xml
auto.tcl: Setting watchdog for 200 seconds at Sat Jan 04 06:36:15 UTC 2020
1 ms. Memory: 58368K Free: 37681K (65%)
ptolemy.util.test.WatchDog.cancel(): canceling Sat Jan 04 06:36:15 UTC 2020
auto.tcl: Setting watchdog for 200 seconds at Sat Jan 04 06:36:15 UTC 2020
1 ms. Memory: 58368K Free: 37681K (65%)
ptolemy.util.test.WatchDog.cancel(): canceling Sat Jan 04 06:36:15 UTC 2020
------------------ testing $PTII/ptolemy/domains/de/test/auto/ResettableTimer4.xml
auto.tcl: Setting watchdog for 200 seconds at Sat Jan 04 06:36:15 UTC 2020
1 ms. Memory: 58368K Free: 37695K (65%)
ptolemy.util.test.WatchDog.cancel(): canceling Sat Jan 04 06:36:15 UTC 2020
auto.tcl: Setting watchdog for 200 seconds at Sat Jan 04 06:36:15 UTC 2020
1 ms. Memory: 58368K Free: 37181K (64%)
ptolemy.util.test.WatchDog.cancel(): canceling Sat Jan 04 06:36:15 UTC 2020
------------------ testing $PTII/ptolemy/domains/de/test/auto/ResettableTimer5.xml
auto.tcl: Setting watchdog for 200 seconds at Sat Jan 04 06:36:15 UTC 2020
3 ms. Memory: 58368K Free: 37179K (64%)
ptolemy.util.test.WatchDog.cancel(): canceling Sat Jan 04 06:36:15 UTC 2020
auto.tcl: Setting watchdog for 200 seconds at Sat Jan 04 06:36:15 UTC 2020
1 ms. Memory: 58368K Free: 36669K (63%)
ptolemy.util.test.WatchDog.cancel(): canceling Sat Jan 04 06:36:15 UTC 2020
------------------ testing $PTII/ptolemy/domains/de/test/auto/ResettableTimer6.xml
auto.tcl: Setting watchdog for 200 seconds at Sat Jan 04 06:36:15 UTC 2020
2 ms. Memory: 58368K Free: 37168K (64%)
ptolemy.util.test.WatchDog.cancel(): canceling Sat Jan 04 06:36:15 UTC 2020
auto.tcl: Setting watchdog for 200 seconds at Sat Jan 04 06:36:15 UTC 2020
1 ms. Memory: 58368K Free: 36658K (63%)
ptolemy.util.test.WatchDog.cancel(): canceling Sat Jan 04 06:36:15 UTC 2020
------------------ testing $PTII/ptolemy/domains/de/test/auto/ServerZeroDelay.xml
auto.tcl: Setting watchdog for 200 seconds at Sat Jan 04 06:36:15 UTC 2020
3 ms. Memory: 58368K Free: 37674K (65%)
ptolemy.util.test.WatchDog.cancel(): canceling Sat Jan 04 06:36:15 UTC 2020
auto.tcl: Setting watchdog for 200 seconds at Sat Jan 04 06:36:15 UTC 2020
2 ms. Memory: 58368K Free: 36650K (63%)
ptolemy.util.test.WatchDog.cancel(): canceling Sat Jan 04 06:36:15 UTC 2020
------------------ testing $PTII/ptolemy/domains/de/test/auto/SmartSender.xml
auto.tcl: Setting watchdog for 200 seconds at Sat Jan 04 06:36:15 UTC 2020
3001 ms. Memory: 58368K Free: 37154K (64%)
ptolemy.util.test.WatchDog.cancel(): canceling Sat Jan 04 06:36:18 UTC 2020
auto.tcl: Setting watchdog for 200 seconds at Sat Jan 04 06:36:18 UTC 2020
3001 ms. Memory: 58368K Free: 36644K (63%)
ptolemy.util.test.WatchDog.cancel(): canceling Sat Jan 04 06:36:21 UTC 2020
------------------ testing $PTII/ptolemy/domains/de/test/auto/ThreadedComposite.xml
auto.tcl: Setting watchdog for 200 seconds at Sat Jan 04 06:36:21 UTC 2020
178 ms. Memory: 58368K Free: 18226K (31%)
ptolemy.util.test.WatchDog.cancel(): canceling Sat Jan 04 06:36:21 UTC 2020
auto.tcl: Setting watchdog for 200 seconds at Sat Jan 04 06:36:21 UTC 2020
107 ms. Memory: 58368K Free: 37467K (64%)
ptolemy.util.test.WatchDog.cancel(): canceling Sat Jan 04 06:36:21 UTC 2020
------------------ testing $PTII/ptolemy/domains/de/test/auto/Time.xml
auto.tcl: Setting watchdog for 200 seconds at Sat Jan 04 06:36:21 UTC 2020
398 ms. Memory: 58368K Free: 16877K (29%)
ptolemy.util.test.WatchDog.cancel(): canceling Sat Jan 04 06:36:22 UTC 2020
auto.tcl: Setting watchdog for 200 seconds at Sat Jan 04 06:36:22 UTC 2020
381 ms. Memory: 58368K Free: 30074K (52%)
ptolemy.util.test.WatchDog.cancel(): canceling Sat Jan 04 06:36:22 UTC 2020
------------------ testing $PTII/ptolemy/domains/de/test/auto/TimeDelayZeroDelay.xml
auto.tcl: Setting watchdog for 200 seconds at Sat Jan 04 06:36:22 UTC 2020
1 ms. Memory: 58368K Free: 37597K (64%)
ptolemy.util.test.WatchDog.cancel(): canceling Sat Jan 04 06:36:22 UTC 2020
auto.tcl: Setting watchdog for 200 seconds at Sat Jan 04 06:36:22 UTC 2020
2 ms. Memory: 58368K Free: 36746K (63%)
ptolemy.util.test.WatchDog.cancel(): canceling Sat Jan 04 06:36:22 UTC 2020
------------------ testing $PTII/ptolemy/domains/de/test/auto/TimerZeroDelay.xml
auto.tcl: Setting watchdog for 200 seconds at Sat Jan 04 06:36:22 UTC 2020
3 ms. Memory: 58368K Free: 37986K (65%)
ptolemy.util.test.WatchDog.cancel(): canceling Sat Jan 04 06:36:22 UTC 2020
auto.tcl: Setting watchdog for 200 seconds at Sat Jan 04 06:36:22 UTC 2020
2 ms. Memory: 58368K Free: 37200K (64%)
ptolemy.util.test.WatchDog.cancel(): canceling Sat Jan 04 06:36:22 UTC 2020
------------------ testing $PTII/ptolemy/domains/de/test/auto/TimingParadox.xml
auto.tcl: Setting watchdog for 200 seconds at Sat Jan 04 06:36:22 UTC 2020
291 ms. Memory: 74752K Free: 20080K (27%)
ptolemy.util.test.WatchDog.cancel(): canceling Sat Jan 04 06:36:23 UTC 2020
auto.tcl: Setting watchdog for 200 seconds at Sat Jan 04 06:36:23 UTC 2020
277 ms. Memory: 74752K Free: 26263K (35%)
ptolemy.util.test.WatchDog.cancel(): canceling Sat Jan 04 06:36:23 UTC 2020
------------------ testing $PTII/ptolemy/domains/de/test/auto/TransferInputs.xml
auto.tcl: Setting watchdog for 200 seconds at Sat Jan 04 06:36:23 UTC 2020
8 ms. Memory: 65536K Free: 43260K (66%)
ptolemy.util.test.WatchDog.cancel(): canceling Sat Jan 04 06:36:23 UTC 2020
auto.tcl: Setting watchdog for 200 seconds at Sat Jan 04 06:36:23 UTC 2020
2 ms. Memory: 65536K Free: 42254K (64%)
ptolemy.util.test.WatchDog.cancel(): canceling Sat Jan 04 06:36:23 UTC 2020
------------------ testing $PTII/ptolemy/domains/de/test/auto/TransferOutputs2.xml
auto.tcl: Setting watchdog for 200 seconds at Sat Jan 04 06:36:23 UTC 2020
2 ms. Memory: 61440K Free: 36622K (60%)
ptolemy.util.test.WatchDog.cancel(): canceling Sat Jan 04 06:36:23 UTC 2020
auto.tcl: Setting watchdog for 200 seconds at Sat Jan 04 06:36:23 UTC 2020
3 ms. Memory: 61440K Free: 35102K (57%)
ptolemy.util.test.WatchDog.cancel(): canceling Sat Jan 04 06:36:23 UTC 2020
------------------ testing $PTII/ptolemy/domains/de/test/auto/Trilateration.xml
auto.tcl: Setting watchdog for 200 seconds at Sat Jan 04 06:36:23 UTC 2020
11079 ms. Memory: 530432K Free: 468758K (88%)
ptolemy.util.test.WatchDog.cancel(): canceling Sat Jan 04 06:36:35 UTC 2020
auto.tcl: Setting watchdog for 200 seconds at Sat Jan 04 06:36:35 UTC 2020
8521 ms. Memory: 530432K Free: 347370K (65%)
ptolemy.util.test.WatchDog.cancel(): canceling Sat Jan 04 06:36:44 UTC 2020
------------------ testing $PTII/ptolemy/domains/de/test/auto/TwoSigmaDelta.xml
auto.tcl: Setting watchdog for 200 seconds at Sat Jan 04 06:36:44 UTC 2020
2244 ms. Memory: 96256K Free: 34792K (36%)
ptolemy.util.test.WatchDog.cancel(): canceling Sat Jan 04 06:36:46 UTC 2020
auto.tcl: Setting watchdog for 200 seconds at Sat Jan 04 06:36:46 UTC 2020
1781 ms. Memory: 96256K Free: 43984K (46%)
ptolemy.util.test.WatchDog.cancel(): canceling Sat Jan 04 06:36:48 UTC 2020
------------------ testing $PTII/ptolemy/domains/de/test/auto/VariableDelay.xml
auto.tcl: Setting watchdog for 200 seconds at Sat Jan 04 06:36:48 UTC 2020
2 ms. Memory: 61440K Free: 39657K (65%)
ptolemy.util.test.WatchDog.cancel(): canceling Sat Jan 04 06:36:48 UTC 2020
auto.tcl: Setting watchdog for 200 seconds at Sat Jan 04 06:36:48 UTC 2020
2 ms. Memory: 61440K Free: 38663K (63%)
ptolemy.util.test.WatchDog.cancel(): canceling Sat Jan 04 06:36:48 UTC 2020
------------------ testing $PTII/ptolemy/domains/de/test/auto/VariableDelay2.xml
auto.tcl: Setting watchdog for 200 seconds at Sat Jan 04 06:36:48 UTC 2020
5 ms. Memory: 61440K Free: 40225K (65%)
ptolemy.util.test.WatchDog.cancel(): canceling Sat Jan 04 06:36:48 UTC 2020
auto.tcl: Setting watchdog for 200 seconds at Sat Jan 04 06:36:48 UTC 2020
2 ms. Memory: 61440K Free: 39696K (65%)
ptolemy.util.test.WatchDog.cancel(): canceling Sat Jan 04 06:36:48 UTC 2020
------------------ testing $PTII/ptolemy/domains/de/test/auto/VariableDelayZeroDelay.xml
auto.tcl: Setting watchdog for 200 seconds at Sat Jan 04 06:36:48 UTC 2020
2 ms. Memory: 61440K Free: 40598K (66%)
ptolemy.util.test.WatchDog.cancel(): canceling Sat Jan 04 06:36:48 UTC 2020
auto.tcl: Setting watchdog for 200 seconds at Sat Jan 04 06:36:48 UTC 2020
1 ms. Memory: 61440K Free: 40054K (65%)
ptolemy.util.test.WatchDog.cancel(): canceling Sat Jan 04 06:36:48 UTC 2020
------------------ testing $PTII/ptolemy/domains/de/test/auto/VariableDelayZeroDelay2.xml
auto.tcl: Setting watchdog for 200 seconds at Sat Jan 04 06:36:48 UTC 2020
1 ms. Memory: 61440K Free: 40597K (66%)
ptolemy.util.test.WatchDog.cancel(): canceling Sat Jan 04 06:36:48 UTC 2020
auto.tcl: Setting watchdog for 200 seconds at Sat Jan 04 06:36:48 UTC 2020
1 ms. Memory: 61440K Free: 39573K (64%)
ptolemy.util.test.WatchDog.cancel(): canceling Sat Jan 04 06:36:48 UTC 2020
------------------ testing $PTII/ptolemy/domains/de/test/auto/deInCt.xml
auto.tcl: Setting watchdog for 200 seconds at Sat Jan 04 06:36:48 UTC 2020
0
1
1
1
0
0
0
1
1
1
0
0
1
1
1
1
0
0
0
1
1
1
1
0
0
0
0
0
1
1
0
0
0
0
1
1
1
0
0
0
0
9 ms. Memory: 61440K Free: 39571K (64%)
ptolemy.util.test.WatchDog.cancel(): canceling Sat Jan 04 06:36:48 UTC 2020
auto.tcl: Setting watchdog for 200 seconds at Sat Jan 04 06:36:48 UTC 2020
0
1
1
1
0
0
1
1
1
1
1
0
0
0
1
1
0
0
0
1
1
0
0
1
1
1
0
0
0
0
0
0
1
1
1
0
0
0
1
1
1
0
0
0
1
1
0
0
0
1
1
1
1
8 ms. Memory: 61440K Free: 38033K (62%)
ptolemy.util.test.WatchDog.cancel(): canceling Sat Jan 04 06:36:48 UTC 2020
------------------ testing $PTII/ptolemy/domains/de/test/auto/deInCt2.xml
auto.tcl: Setting watchdog for 200 seconds at Sat Jan 04 06:36:48 UTC 2020
0
1
1
1
0
0
1
1
1
0
0
1
1
1
0
0
1
1
1
0
0
1
1
1
0
0
1
1
1
0
0
1
1
1
0
0
1
1
1
0
0
0
8 ms. Memory: 61440K Free: 39573K (64%)
ptolemy.util.test.WatchDog.cancel(): canceling Sat Jan 04 06:36:48 UTC 2020
auto.tcl: Setting watchdog for 200 seconds at Sat Jan 04 06:36:48 UTC 2020
0
1
1
1
0
0
1
1
1
0
0
1
1
1
0
0
1
1
1
0
0
1
1
1
0
0
1
1
1
0
0
1
1
1
0
0
1
1
1
0
0
0
7 ms. Memory: 61440K Free: 38021K (62%)
ptolemy.util.test.WatchDog.cancel(): canceling Sat Jan 04 06:36:48 UTC 2020
------------------ testing $PTII/ptolemy/domains/de/test/auto/dynamicCausalityInterface1.xml
auto.tcl: Setting watchdog for 200 seconds at Sat Jan 04 06:36:48 UTC 2020
2 ms. Memory: 61440K Free: 35472K (58%)
ptolemy.util.test.WatchDog.cancel(): canceling Sat Jan 04 06:36:49 UTC 2020
auto.tcl: Setting watchdog for 200 seconds at Sat Jan 04 06:36:49 UTC 2020
1 ms. Memory: 61440K Free: 34958K (57%)
ptolemy.util.test.WatchDog.cancel(): canceling Sat Jan 04 06:36:49 UTC 2020
------------------ testing $PTII/ptolemy/domains/de/test/auto/fsm_de_test.xml
auto.tcl: Setting watchdog for 200 seconds at Sat Jan 04 06:36:49 UTC 2020
5 ms. Memory: 58368K Free: 32298K (55%)
ptolemy.util.test.WatchDog.cancel(): canceling Sat Jan 04 06:36:49 UTC 2020
auto.tcl: Setting watchdog for 200 seconds at Sat Jan 04 06:36:49 UTC 2020
4 ms. Memory: 58368K Free: 30250K (52%)
ptolemy.util.test.WatchDog.cancel(): canceling Sat Jan 04 06:36:49 UTC 2020
------------------ testing $PTII/ptolemy/domains/de/test/auto/functionDependencyReconstruction.xml
auto.tcl: Setting watchdog for 200 seconds at Sat Jan 04 06:36:49 UTC 2020
2 ms. Memory: 58368K Free: 26152K (45%)
ptolemy.util.test.WatchDog.cancel(): canceling Sat Jan 04 06:36:49 UTC 2020
auto.tcl: Setting watchdog for 200 seconds at Sat Jan 04 06:36:49 UTC 2020
3 ms. Memory: 58368K Free: 24096K (41%)
ptolemy.util.test.WatchDog.cancel(): canceling Sat Jan 04 06:36:49 UTC 2020
------------------ testing $PTII/ptolemy/domains/de/test/auto/multirate.xml
auto.tcl: Setting watchdog for 200 seconds at Sat Jan 04 06:36:49 UTC 2020
3 ms. Memory: 58368K Free: 34897K (60%)
ptolemy.util.test.WatchDog.cancel(): canceling Sat Jan 04 06:36:49 UTC 2020
auto.tcl: Setting watchdog for 200 seconds at Sat Jan 04 06:36:49 UTC 2020
2 ms. Memory: 58368K Free: 33194K (57%)
ptolemy.util.test.WatchDog.cancel(): canceling Sat Jan 04 06:36:49 UTC 2020
------------------ testing $PTII/ptolemy/domains/de/test/auto/multirate2.xml
auto.tcl: Setting watchdog for 200 seconds at Sat Jan 04 06:36:49 UTC 2020
3 ms. Memory: 58368K Free: 35053K (60%)
ptolemy.util.test.WatchDog.cancel(): canceling Sat Jan 04 06:36:49 UTC 2020
auto.tcl: Setting watchdog for 200 seconds at Sat Jan 04 06:36:49 UTC 2020
2 ms. Memory: 58368K Free: 33374K (57%)
ptolemy.util.test.WatchDog.cancel(): canceling Sat Jan 04 06:36:49 UTC 2020
------------------ testing $PTII/ptolemy/domains/de/test/auto/realtime.xml
auto.tcl: Setting watchdog for 200 seconds at Sat Jan 04 06:36:49 UTC 2020
10002 ms. Memory: 58368K Free: 37129K (64%)
ptolemy.util.test.WatchDog.cancel(): canceling Sat Jan 04 06:36:59 UTC 2020
auto.tcl: Setting watchdog for 200 seconds at Sat Jan 04 06:36:59 UTC 2020
10002 ms. Memory: 58368K Free: 36445K (62%)
ptolemy.util.test.WatchDog.cancel(): canceling Sat Jan 04 06:37:09 UTC 2020
------------------ testing $PTII/ptolemy/domains/de/test/auto/relationGroup.xml
auto.tcl: Setting watchdog for 200 seconds at Sat Jan 04 06:37:09 UTC 2020
2 ms. Memory: 58368K Free: 38189K (65%)
ptolemy.util.test.WatchDog.cancel(): canceling Sat Jan 04 06:37:09 UTC 2020
auto.tcl: Setting watchdog for 200 seconds at Sat Jan 04 06:37:09 UTC 2020
2 ms. Memory: 58368K Free: 37677K (65%)
ptolemy.util.test.WatchDog.cancel(): canceling Sat Jan 04 06:37:09 UTC 2020
------------------ testing $PTII/ptolemy/domains/de/test/auto/relationGroup2.xml
auto.tcl: Setting watchdog for 200 seconds at Sat Jan 04 06:37:09 UTC 2020
1 ms. Memory: 58368K Free: 38246K (66%)
ptolemy.util.test.WatchDog.cancel(): canceling Sat Jan 04 06:37:09 UTC 2020
auto.tcl: Setting watchdog for 200 seconds at Sat Jan 04 06:37:09 UTC 2020
1 ms. Memory: 58368K Free: 37702K (65%)
ptolemy.util.test.WatchDog.cancel(): canceling Sat Jan 04 06:37:09 UTC 2020
------------------ testing $PTII/ptolemy/domains/de/test/auto/sortWithOpaquePorts.xml
auto.tcl: Setting watchdog for 200 seconds at Sat Jan 04 06:37:09 UTC 2020
1 ms. Memory: 58368K Free: 36865K (63%)
ptolemy.util.test.WatchDog.cancel(): canceling Sat Jan 04 06:37:09 UTC 2020
auto.tcl: Setting watchdog for 200 seconds at Sat Jan 04 06:37:09 UTC 2020
2 ms. Memory: 58368K Free: 36001K (62%)
ptolemy.util.test.WatchDog.cancel(): canceling Sat Jan 04 06:37:09 UTC 2020
------------------ testing $PTII/ptolemy/domains/de/test/auto/transferInputsandOutputs.xml
auto.tcl: Setting watchdog for 200 seconds at Sat Jan 04 06:37:09 UTC 2020
4 ms. Memory: 58368K Free: 34469K (59%)
ptolemy.util.test.WatchDog.cancel(): canceling Sat Jan 04 06:37:09 UTC 2020
auto.tcl: Setting watchdog for 200 seconds at Sat Jan 04 06:37:09 UTC 2020
2 ms. Memory: 58368K Free: 33445K (57%)
ptolemy.util.test.WatchDog.cancel(): canceling Sat Jan 04 06:37:09 UTC 2020
------------------ testing $PTII/ptolemy/domains/de/test/auto/triggerType.xml
auto.tcl: Setting watchdog for 200 seconds at Sat Jan 04 06:37:09 UTC 2020
1 ms. Memory: 58368K Free: 37493K (64%)
ptolemy.util.test.WatchDog.cancel(): canceling Sat Jan 04 06:37:09 UTC 2020
auto.tcl: Setting watchdog for 200 seconds at Sat Jan 04 06:37:09 UTC 2020
1 ms. Memory: 58368K Free: 36469K (62%)
ptolemy.util.test.WatchDog.cancel(): canceling Sat Jan 04 06:37:09 UTC 2020
01/04/20 06:37:09
Failed: 0  Total Tests: 192  ((Passed: 187, Newly Passed: 1)  Known Failed: 5) /home/travis/build/icyphy/ptII/ptolemy/domains/de/test
01/04/20 06:37:09
Failed: 0  Total Tests: 192  ((Passed: 187, Newly Passed: 1)  Known Failed: 5) /home/travis/build/icyphy/ptII/ptolemy/domains/de/test
----------------- testing (KnownFailure) /home/travis/build/icyphy/ptII/ptolemy/domains/de/test/auto/knownFailedTests/DESDFClockTest.xml
2015 ms. Memory: 58368K Free: 30888K (53%)
Known Failure: java.lang.reflect.InvocationTargetException
----------------- testing (KnownFailure) /home/travis/build/icyphy/ptII/ptolemy/domains/de/test/auto/knownFailedTests/DirectFeedback.xml
2 ms. Memory: 58368K Free: 26282K (45%)
Known Failure: java.lang.reflect.InvocationTargetException
----------------- testing (KnownFailure) /home/travis/build/icyphy/ptII/ptolemy/domains/de/test/auto/knownFailedTests/FSMSource.xml
7 ms. Memory: 58368K Free: 19114K (33%)
----------------- testing (KnownFailure) /home/travis/build/icyphy/ptII/ptolemy/domains/de/test/auto/knownFailedTests/HierarchicalModel.xml
2 ms. Memory: 58368K Free: 35305K (60%)
Known Failure: java.lang.reflect.InvocationTargetException
----------------- testing (KnownFailure) /home/travis/build/icyphy/ptII/ptolemy/domains/de/test/auto/knownFailedTests/dependencyLoop.xml
2 ms. Memory: 58368K Free: 19667K (34%)
Known Failure: java.lang.reflect.InvocationTargetException
----------------- testing (KnownFailure) /home/travis/build/icyphy/ptII/ptolemy/domains/de/test/auto/knownFailedTests/dependencyLoop2.xml
6 ms. Memory: 58368K Free: 36641K (63%)
Known Failure: java.lang.reflect.InvocationTargetException
No auto/linux-amd64/*.xml tests in /home/travis/build/icyphy/ptII/ptolemy/domains/de/test
AutoTests.java: About to close Vertx.
AutoTests.java: Vertx closed.

===========================================================================================
----------------- testing Sat Jan 04 06:37:12 UTC 2020 /home/travis/build/icyphy/ptII/ptolemy/domains/de/test/auto/ActorDepthCalculation_actorWithoutPorts.xml
----------------- Instantiating /home/travis/build/icyphy/ptII/ptolemy/domains/de/test/auto/ActorDepthCalculation_actorWithoutPorts.xml
2 ms. Memory: 58368K Free: 29839K (51%)
----------------- Invoking toplevel() on ptolemy.moml.MoMLSimpleApplication@62ad5b5e
----------------- Done invoking toplevel() on ptolemy.moml.MoMLSimpleApplication@62ad5b5e
reloadAllAccessors: .ActorDepthCalculation_actorWithoutPorts

===========================================================================================
----------------- testing Sat Jan 04 06:37:12 UTC 2020 /home/travis/build/icyphy/ptII/ptolemy/domains/de/test/auto/AssemblyLine.xml
----------------- Instantiating /home/travis/build/icyphy/ptII/ptolemy/domains/de/test/auto/AssemblyLine.xml
3 ms. Memory: 58368K Free: 22724K (39%)
----------------- Invoking toplevel() on ptolemy.moml.MoMLSimpleApplication@2d016dcf
----------------- Done invoking toplevel() on ptolemy.moml.MoMLSimpleApplication@2d016dcf
reloadAllAccessors: .AssemblyLine

===========================================================================================
----------------- testing Sat Jan 04 06:37:12 UTC 2020 /home/travis/build/icyphy/ptII/ptolemy/domains/de/test/auto/CQBug1.xml
----------------- Instantiating /home/travis/build/icyphy/ptII/ptolemy/domains/de/test/auto/CQBug1.xml
1 ms. Memory: 58368K Free: 19614K (34%)
----------------- Invoking toplevel() on ptolemy.moml.MoMLSimpleApplication@3a5e0af8
----------------- Done invoking toplevel() on ptolemy.moml.MoMLSimpleApplication@3a5e0af8
reloadAllAccessors: .CQBug1

===========================================================================================
----------------- testing Sat Jan 04 06:37:12 UTC 2020 /home/travis/build/icyphy/ptII/ptolemy/domains/de/test/auto/CancelFireAt.xml
----------------- Instantiating /home/travis/build/icyphy/ptII/ptolemy/domains/de/test/auto/CancelFireAt.xml
8 ms. Memory: 58368K Free: 17209K (29%)
----------------- Invoking toplevel() on ptolemy.moml.MoMLSimpleApplication@15b687f6
----------------- Done invoking toplevel() on ptolemy.moml.MoMLSimpleApplication@15b687f6
reloadAllAccessors: .CancelFireAt

===========================================================================================
----------------- testing Sat Jan 04 06:37:12 UTC 2020 /home/travis/build/icyphy/ptII/ptolemy/domains/de/test/auto/CausalityAndComposabilityAnalysis.xml
----------------- Instantiating /home/travis/build/icyphy/ptII/ptolemy/domains/de/test/auto/CausalityAndComposabilityAnalysis.xml
2 ms. Memory: 58368K Free: 12780K (22%)
----------------- Invoking toplevel() on ptolemy.moml.MoMLSimpleApplication@294a041e
----------------- Done invoking toplevel() on ptolemy.moml.MoMLSimpleApplication@294a041e
reloadAllAccessors: .CausalityAndComposabilityAnalysis

===========================================================================================
----------------- testing Sat Jan 04 06:37:12 UTC 2020 /home/travis/build/icyphy/ptII/ptolemy/domains/de/test/auto/CausalityInterface1.xml
----------------- Instantiating /home/travis/build/icyphy/ptII/ptolemy/domains/de/test/auto/CausalityInterface1.xml
5 ms. Memory: 58368K Free: 39960K (68%)
----------------- Invoking toplevel() on ptolemy.moml.MoMLSimpleApplication@1c8e52b1
----------------- Done invoking toplevel() on ptolemy.moml.MoMLSimpleApplication@1c8e52b1
reloadAllAccessors: .CausalityInterface1

===========================================================================================
----------------- testing Sat Jan 04 06:37:12 UTC 2020 /home/travis/build/icyphy/ptII/ptolemy/domains/de/test/auto/CausalityInterface15.xml
----------------- Instantiating /home/travis/build/icyphy/ptII/ptolemy/domains/de/test/auto/CausalityInterface15.xml
2 ms. Memory: 58368K Free: 34492K (59%)
----------------- Invoking toplevel() on ptolemy.moml.MoMLSimpleApplication@155e3f3a
----------------- Done invoking toplevel() on ptolemy.moml.MoMLSimpleApplication@155e3f3a
reloadAllAccessors: .CausalityInterface15

===========================================================================================
----------------- testing Sat Jan 04 06:37:12 UTC 2020 /home/travis/build/icyphy/ptII/ptolemy/domains/de/test/auto/CausalityInterface2.xml
----------------- Instantiating /home/travis/build/icyphy/ptII/ptolemy/domains/de/test/auto/CausalityInterface2.xml
1 ms. Memory: 58368K Free: 29706K (51%)
----------------- Invoking toplevel() on ptolemy.moml.MoMLSimpleApplication@32756762
----------------- Done invoking toplevel() on ptolemy.moml.MoMLSimpleApplication@32756762
reloadAllAccessors: .CausalityInterface2

===========================================================================================
----------------- testing Sat Jan 04 06:37:12 UTC 2020 /home/travis/build/icyphy/ptII/ptolemy/domains/de/test/auto/CausalityInterface3.xml
----------------- Instantiating /home/travis/build/icyphy/ptII/ptolemy/domains/de/test/auto/CausalityInterface3.xml
2 ms. Memory: 58368K Free: 24919K (43%)
----------------- Invoking toplevel() on ptolemy.moml.MoMLSimpleApplication@3934d5d1
----------------- Done invoking toplevel() on ptolemy.moml.MoMLSimpleApplication@3934d5d1
reloadAllAccessors: .CausalityInterface3

===========================================================================================
----------------- testing Sat Jan 04 06:37:12 UTC 2020 /home/travis/build/icyphy/ptII/ptolemy/domains/de/test/auto/ClockDrift.xml
----------------- Instantiating /home/travis/build/icyphy/ptII/ptolemy/domains/de/test/auto/ClockDrift.xml
13 ms. Memory: 58368K Free: 12701K (22%)
----------------- Invoking toplevel() on ptolemy.moml.MoMLSimpleApplication@71923bd7
----------------- Done invoking toplevel() on ptolemy.moml.MoMLSimpleApplication@71923bd7
reloadAllAccessors: .ClockDrift

===========================================================================================
----------------- testing Sat Jan 04 06:37:12 UTC 2020 /home/travis/build/icyphy/ptII/ptolemy/domains/de/test/auto/ClockDriftAndValueChange.xml
----------------- Instantiating /home/travis/build/icyphy/ptII/ptolemy/domains/de/test/auto/ClockDriftAndValueChange.xml
9 ms. Memory: 58368K Free: 32669K (56%)
----------------- Invoking toplevel() on ptolemy.moml.MoMLSimpleApplication@6e95e31
----------------- Done invoking toplevel() on ptolemy.moml.MoMLSimpleApplication@6e95e31
reloadAllAccessors: .ClockDriftAndValueChange

===========================================================================================
----------------- testing Sat Jan 04 06:37:12 UTC 2020 /home/travis/build/icyphy/ptII/ptolemy/domains/de/test/auto/ClockDriftChange.xml
----------------- Instantiating /home/travis/build/icyphy/ptII/ptolemy/domains/de/test/auto/ClockDriftChange.xml
8 ms. Memory: 58368K Free: 22830K (39%)
----------------- Invoking toplevel() on ptolemy.moml.MoMLSimpleApplication@525d9731
----------------- Done invoking toplevel() on ptolemy.moml.MoMLSimpleApplication@525d9731
reloadAllAccessors: .ClockDriftChange

===========================================================================================
----------------- testing Sat Jan 04 06:37:12 UTC 2020 /home/travis/build/icyphy/ptII/ptolemy/domains/de/test/auto/ComposableCausalityAnalysis.xml
----------------- Instantiating /home/travis/build/icyphy/ptII/ptolemy/domains/de/test/auto/ComposableCausalityAnalysis.xml
1 ms. Memory: 58368K Free: 16899K (29%)
----------------- Invoking toplevel() on ptolemy.moml.MoMLSimpleApplication@954a6ae
----------------- Done invoking toplevel() on ptolemy.moml.MoMLSimpleApplication@954a6ae
reloadAllAccessors: .ComposableCausalityAnalysis

===========================================================================================
----------------- testing Sat Jan 04 06:37:12 UTC 2020 /home/travis/build/icyphy/ptII/ptolemy/domains/de/test/auto/DEFixedPointLimitation.xml
----------------- Instantiating /home/travis/build/icyphy/ptII/ptolemy/domains/de/test/auto/DEFixedPointLimitation.xml
0 ms. Memory: 58368K Free: 12189K (21%)
----------------- Invoking toplevel() on ptolemy.moml.MoMLSimpleApplication@6c33b32b
----------------- Done invoking toplevel() on ptolemy.moml.MoMLSimpleApplication@6c33b32b
reloadAllAccessors: .DEFixedPointLimitation

===========================================================================================
----------------- testing Sat Jan 04 06:37:12 UTC 2020 /home/travis/build/icyphy/ptII/ptolemy/domains/de/test/auto/DEScheduleTest.xml
----------------- Instantiating /home/travis/build/icyphy/ptII/ptolemy/domains/de/test/auto/DEScheduleTest.xml
1 ms. Memory: 58368K Free: 38753K (66%)
----------------- Invoking toplevel() on ptolemy.moml.MoMLSimpleApplication@2e70227d
----------------- Done invoking toplevel() on ptolemy.moml.MoMLSimpleApplication@2e70227d
reloadAllAccessors: .DEScheduleTest

===========================================================================================
----------------- testing Sat Jan 04 06:37:12 UTC 2020 /home/travis/build/icyphy/ptII/ptolemy/domains/de/test/auto/DEinDEwithStartTimes.xml
----------------- Instantiating /home/travis/build/icyphy/ptII/ptolemy/domains/de/test/auto/DEinDEwithStartTimes.xml
2 ms. Memory: 58368K Free: 32846K (56%)
----------------- Invoking toplevel() on ptolemy.moml.MoMLSimpleApplication@443d6452
----------------- Done invoking toplevel() on ptolemy.moml.MoMLSimpleApplication@443d6452
reloadAllAccessors: .DEinDEwithStartTimes

===========================================================================================
----------------- testing Sat Jan 04 06:37:12 UTC 2020 /home/travis/build/icyphy/ptII/ptolemy/domains/de/test/auto/DEinDEwithStartTimes2.xml
----------------- Instantiating /home/travis/build/icyphy/ptII/ptolemy/domains/de/test/auto/DEinDEwithStartTimes2.xml
2 ms. Memory: 58368K Free: 26465K (45%)
----------------- Invoking toplevel() on ptolemy.moml.MoMLSimpleApplication@b9844ad
----------------- Done invoking toplevel() on ptolemy.moml.MoMLSimpleApplication@b9844ad
reloadAllAccessors: .DEinDEwithStartTimes2

===========================================================================================
----------------- testing Sat Jan 04 06:37:12 UTC 2020 /home/travis/build/icyphy/ptII/ptolemy/domains/de/test/auto/DateDemo.xml
----------------- Instantiating /home/travis/build/icyphy/ptII/ptolemy/domains/de/test/auto/DateDemo.xml
5 ms. Memory: 58368K Free: 15209K (26%)
----------------- Invoking toplevel() on ptolemy.moml.MoMLSimpleApplication@7067b167
----------------- Done invoking toplevel() on ptolemy.moml.MoMLSimpleApplication@7067b167
reloadAllAccessors: .DateDemo

===========================================================================================
----------------- testing Sat Jan 04 06:37:12 UTC 2020 /home/travis/build/icyphy/ptII/ptolemy/domains/de/test/auto/DateToEvent.xml
----------------- Instantiating /home/travis/build/icyphy/ptII/ptolemy/domains/de/test/auto/DateToEvent.xml
2003 ms. Memory: 58368K Free: 29980K (51%)
----------------- Invoking toplevel() on ptolemy.moml.MoMLSimpleApplication@543db097
----------------- Done invoking toplevel() on ptolemy.moml.MoMLSimpleApplication@543db097
reloadAllAccessors: .DateToEvent

===========================================================================================
----------------- testing Sat Jan 04 06:37:14 UTC 2020 /home/travis/build/icyphy/ptII/ptolemy/domains/de/test/auto/DepthTest1.xml
----------------- Instantiating /home/travis/build/icyphy/ptII/ptolemy/domains/de/test/auto/DepthTest1.xml
1 ms. Memory: 58368K Free: 26876K (46%)
----------------- Invoking toplevel() on ptolemy.moml.MoMLSimpleApplication@65371a64
----------------- Done invoking toplevel() on ptolemy.moml.MoMLSimpleApplication@65371a64
reloadAllAccessors: .DepthTest1

===========================================================================================
----------------- testing Sat Jan 04 06:37:14 UTC 2020 /home/travis/build/icyphy/ptII/ptolemy/domains/de/test/auto/DepthTest2.xml
----------------- Instantiating /home/travis/build/icyphy/ptII/ptolemy/domains/de/test/auto/DepthTest2.xml
1 ms. Memory: 58368K Free: 20379K (35%)
----------------- Invoking toplevel() on ptolemy.moml.MoMLSimpleApplication@287efa83
----------------- Done invoking toplevel() on ptolemy.moml.MoMLSimpleApplication@287efa83
reloadAllAccessors: .DepthTest2

===========================================================================================
----------------- testing Sat Jan 04 06:37:14 UTC 2020 /home/travis/build/icyphy/ptII/ptolemy/domains/de/test/auto/DepthTest3.xml
----------------- Instantiating /home/travis/build/icyphy/ptII/ptolemy/domains/de/test/auto/DepthTest3.xml
1 ms. Memory: 58368K Free: 17290K (30%)
----------------- Invoking toplevel() on ptolemy.moml.MoMLSimpleApplication@497a19d1
----------------- Done invoking toplevel() on ptolemy.moml.MoMLSimpleApplication@497a19d1
reloadAllAccessors: .DepthTest3

===========================================================================================
----------------- testing Sat Jan 04 06:37:14 UTC 2020 /home/travis/build/icyphy/ptII/ptolemy/domains/de/test/auto/DepthTest4.xml
----------------- Instantiating /home/travis/build/icyphy/ptII/ptolemy/domains/de/test/auto/DepthTest4.xml
8 ms. Memory: 58368K Free: 12550K (22%)
----------------- Invoking toplevel() on ptolemy.moml.MoMLSimpleApplication@2e194775
----------------- Done invoking toplevel() on ptolemy.moml.MoMLSimpleApplication@2e194775
reloadAllAccessors: .DepthTest4

===========================================================================================
----------------- testing Sat Jan 04 06:37:14 UTC 2020 /home/travis/build/icyphy/ptII/ptolemy/domains/de/test/auto/DepthTest5.xml
----------------- Instantiating /home/travis/build/icyphy/ptII/ptolemy/domains/de/test/auto/DepthTest5.xml
1 ms. Memory: 58368K Free: 38437K (66%)
----------------- Invoking toplevel() on ptolemy.moml.MoMLSimpleApplication@ff846bc
----------------- Done invoking toplevel() on ptolemy.moml.MoMLSimpleApplication@ff846bc
reloadAllAccessors: .DepthTest5

===========================================================================================
----------------- testing Sat Jan 04 06:37:14 UTC 2020 /home/travis/build/icyphy/ptII/ptolemy/domains/de/test/auto/DepthTest6.xml
----------------- Instantiating /home/travis/build/icyphy/ptII/ptolemy/domains/de/test/auto/DepthTest6.xml
1 ms. Memory: 58368K Free: 32941K (56%)
----------------- Invoking toplevel() on ptolemy.moml.MoMLSimpleApplication@5c517124
----------------- Done invoking toplevel() on ptolemy.moml.MoMLSimpleApplication@5c517124
reloadAllAccessors: .DepthTest6

===========================================================================================
----------------- testing Sat Jan 04 06:37:14 UTC 2020 /home/travis/build/icyphy/ptII/ptolemy/domains/de/test/auto/DepthTest7.xml
----------------- Instantiating /home/travis/build/icyphy/ptII/ptolemy/domains/de/test/auto/DepthTest7.xml
3 ms. Memory: 58368K Free: 28197K (48%)
----------------- Invoking toplevel() on ptolemy.moml.MoMLSimpleApplication@6d39a994
----------------- Done invoking toplevel() on ptolemy.moml.MoMLSimpleApplication@6d39a994
reloadAllAccessors: .DepthTest7

===========================================================================================
----------------- testing Sat Jan 04 06:37:14 UTC 2020 /home/travis/build/icyphy/ptII/ptolemy/domains/de/test/auto/EventToDate.xml
----------------- Instantiating /home/travis/build/icyphy/ptII/ptolemy/domains/de/test/auto/EventToDate.xml
3003 ms. Memory: 58368K Free: 14650K (25%)
----------------- Invoking toplevel() on ptolemy.moml.MoMLSimpleApplication@57ec4aea
----------------- Done invoking toplevel() on ptolemy.moml.MoMLSimpleApplication@57ec4aea
reloadAllAccessors: .EventToDate

===========================================================================================
----------------- testing Sat Jan 04 06:37:17 UTC 2020 /home/travis/build/icyphy/ptII/ptolemy/domains/de/test/auto/FSM1.xml
----------------- Instantiating /home/travis/build/icyphy/ptII/ptolemy/domains/de/test/auto/FSM1.xml
23 ms. Memory: 58368K Free: 33155K (57%)
----------------- Invoking toplevel() on ptolemy.moml.MoMLSimpleApplication@3a119a5e
----------------- Done invoking toplevel() on ptolemy.moml.MoMLSimpleApplication@3a119a5e
reloadAllAccessors: .FSM1

===========================================================================================
----------------- testing Sat Jan 04 06:37:17 UTC 2020 /home/travis/build/icyphy/ptII/ptolemy/domains/de/test/auto/FSM7.xml
----------------- Instantiating /home/travis/build/icyphy/ptII/ptolemy/domains/de/test/auto/FSM7.xml
20 ms. Memory: 58368K Free: 20662K (35%)
----------------- Invoking toplevel() on ptolemy.moml.MoMLSimpleApplication@1cdc05ca
----------------- Done invoking toplevel() on ptolemy.moml.MoMLSimpleApplication@1cdc05ca
reloadAllAccessors: .FSM7

===========================================================================================
----------------- testing Sat Jan 04 06:37:17 UTC 2020 /home/travis/build/icyphy/ptII/ptolemy/domains/de/test/auto/Inspection.xml
----------------- Instantiating /home/travis/build/icyphy/ptII/ptolemy/domains/de/test/auto/Inspection.xml
16 ms. Memory: 58368K Free: 39413K (68%)
----------------- Invoking toplevel() on ptolemy.moml.MoMLSimpleApplication@1e8b2be3
----------------- Done invoking toplevel() on ptolemy.moml.MoMLSimpleApplication@1e8b2be3
reloadAllAccessors: .Inspection

===========================================================================================
----------------- testing Sat Jan 04 06:37:17 UTC 2020 /home/travis/build/icyphy/ptII/ptolemy/domains/de/test/auto/Iteration.xml
----------------- Instantiating /home/travis/build/icyphy/ptII/ptolemy/domains/de/test/auto/Iteration.xml
9 ms. Memory: 58368K Free: 32245K (55%)
----------------- Invoking toplevel() on ptolemy.moml.MoMLSimpleApplication@51b78fd2
----------------- Done invoking toplevel() on ptolemy.moml.MoMLSimpleApplication@51b78fd2
reloadAllAccessors: .Iteration

===========================================================================================
----------------- testing Sat Jan 04 06:37:17 UTC 2020 /home/travis/build/icyphy/ptII/ptolemy/domains/de/test/auto/LineFault.xml
----------------- Instantiating /home/travis/build/icyphy/ptII/ptolemy/domains/de/test/auto/LineFault.xml
362 ms. Memory: 58368K Free: 35447K (61%)
----------------- Invoking toplevel() on ptolemy.moml.MoMLSimpleApplication@9f311c9
----------------- Done invoking toplevel() on ptolemy.moml.MoMLSimpleApplication@9f311c9
reloadAllAccessors: .LineFault

===========================================================================================
----------------- testing Sat Jan 04 06:37:18 UTC 2020 /home/travis/build/icyphy/ptII/ptolemy/domains/de/test/auto/MergeModel1Add.xml
----------------- Instantiating /home/travis/build/icyphy/ptII/ptolemy/domains/de/test/auto/MergeModel1Add.xml
7 ms. Memory: 58368K Free: 16569K (28%)
----------------- Invoking toplevel() on ptolemy.moml.MoMLSimpleApplication@1f52b4a3
----------------- Done invoking toplevel() on ptolemy.moml.MoMLSimpleApplication@1f52b4a3
reloadAllAccessors: .MergeModel1Add

===========================================================================================
----------------- testing Sat Jan 04 06:37:18 UTC 2020 /home/travis/build/icyphy/ptII/ptolemy/domains/de/test/auto/MergeModel2Add.xml
----------------- Instantiating /home/travis/build/icyphy/ptII/ptolemy/domains/de/test/auto/MergeModel2Add.xml
5 ms. Memory: 58368K Free: 28614K (49%)
----------------- Invoking toplevel() on ptolemy.moml.MoMLSimpleApplication@37be5d01
----------------- Done invoking toplevel() on ptolemy.moml.MoMLSimpleApplication@37be5d01
reloadAllAccessors: .MergeModel2Add

===========================================================================================
----------------- testing Sat Jan 04 06:37:18 UTC 2020 /home/travis/build/icyphy/ptII/ptolemy/domains/de/test/auto/MergeModel3Add.xml
----------------- Instantiating /home/travis/build/icyphy/ptII/ptolemy/domains/de/test/auto/MergeModel3Add.xml
8 ms. Memory: 58368K Free: 39850K (68%)
----------------- Invoking toplevel() on ptolemy.moml.MoMLSimpleApplication@31d25576
----------------- Done invoking toplevel() on ptolemy.moml.MoMLSimpleApplication@31d25576
reloadAllAccessors: .MergeModel3Add

===========================================================================================
----------------- testing Sat Jan 04 06:37:18 UTC 2020 /home/travis/build/icyphy/ptII/ptolemy/domains/de/test/auto/MergeWithoutDiscard.xml
----------------- Instantiating /home/travis/build/icyphy/ptII/ptolemy/domains/de/test/auto/MergeWithoutDiscard.xml
1 ms. Memory: 58368K Free: 35427K (61%)
----------------- Invoking toplevel() on ptolemy.moml.MoMLSimpleApplication@5b07622c
----------------- Done invoking toplevel() on ptolemy.moml.MoMLSimpleApplication@5b07622c
reloadAllAccessors: .MergeWithoutDiscard

===========================================================================================
----------------- testing Sat Jan 04 06:37:18 UTC 2020 /home/travis/build/icyphy/ptII/ptolemy/domains/de/test/auto/Modal1.xml
----------------- Instantiating /home/travis/build/icyphy/ptII/ptolemy/domains/de/test/auto/Modal1.xml
6 ms. Memory: 58368K Free: 23493K (40%)
----------------- Invoking toplevel() on ptolemy.moml.MoMLSimpleApplication@2b31c781
----------------- Done invoking toplevel() on ptolemy.moml.MoMLSimpleApplication@2b31c781
reloadAllAccessors: .Modal1

===========================================================================================
----------------- testing Sat Jan 04 06:37:18 UTC 2020 /home/travis/build/icyphy/ptII/ptolemy/domains/de/test/auto/Modal2.xml
----------------- Instantiating /home/travis/build/icyphy/ptII/ptolemy/domains/de/test/auto/Modal2.xml
13 ms. Memory: 58368K Free: 40198K (69%)
----------------- Invoking toplevel() on ptolemy.moml.MoMLSimpleApplication@77f25c57
----------------- Done invoking toplevel() on ptolemy.moml.MoMLSimpleApplication@77f25c57
reloadAllAccessors: .Modal2

===========================================================================================
----------------- testing Sat Jan 04 06:37:18 UTC 2020 /home/travis/build/icyphy/ptII/ptolemy/domains/de/test/auto/Modal3.xml
----------------- Instantiating /home/travis/build/icyphy/ptII/ptolemy/domains/de/test/auto/Modal3.xml
6 ms. Memory: 58368K Free: 27982K (48%)
----------------- Invoking toplevel() on ptolemy.moml.MoMLSimpleApplication@6030de6c
----------------- Done invoking toplevel() on ptolemy.moml.MoMLSimpleApplication@6030de6c
reloadAllAccessors: .Modal3

===========================================================================================
----------------- testing Sat Jan 04 06:37:18 UTC 2020 /home/travis/build/icyphy/ptII/ptolemy/domains/de/test/auto/Modal4.xml
----------------- Instantiating /home/travis/build/icyphy/ptII/ptolemy/domains/de/test/auto/Modal4.xml
9 ms. Memory: 58368K Free: 15132K (26%)
----------------- Invoking toplevel() on ptolemy.moml.MoMLSimpleApplication@23344a98
----------------- Done invoking toplevel() on ptolemy.moml.MoMLSimpleApplication@23344a98
reloadAllAccessors: .Modal4

===========================================================================================
----------------- testing Sat Jan 04 06:37:18 UTC 2020 /home/travis/build/icyphy/ptII/ptolemy/domains/de/test/auto/Modal5.xml
----------------- Instantiating /home/travis/build/icyphy/ptII/ptolemy/domains/de/test/auto/Modal5.xml
8 ms. Memory: 58368K Free: 30740K (53%)
----------------- Invoking toplevel() on ptolemy.moml.MoMLSimpleApplication@3a2ff3e4
----------------- Done invoking toplevel() on ptolemy.moml.MoMLSimpleApplication@3a2ff3e4
reloadAllAccessors: .Modal5

===========================================================================================
----------------- testing Sat Jan 04 06:37:18 UTC 2020 /home/travis/build/icyphy/ptII/ptolemy/domains/de/test/auto/Modal6.xml
----------------- Instantiating /home/travis/build/icyphy/ptII/ptolemy/domains/de/test/auto/Modal6.xml
9 ms. Memory: 58368K Free: 18314K (31%)
----------------- Invoking toplevel() on ptolemy.moml.MoMLSimpleApplication@4de96905
----------------- Done invoking toplevel() on ptolemy.moml.MoMLSimpleApplication@4de96905
reloadAllAccessors: .Modal6

===========================================================================================
----------------- testing Sat Jan 04 06:37:18 UTC 2020 /home/travis/build/icyphy/ptII/ptolemy/domains/de/test/auto/Modal7.xml
----------------- Instantiating /home/travis/build/icyphy/ptII/ptolemy/domains/de/test/auto/Modal7.xml
7 ms. Memory: 58368K Free: 33770K (58%)
----------------- Invoking toplevel() on ptolemy.moml.MoMLSimpleApplication@6f2c7df7
----------------- Done invoking toplevel() on ptolemy.moml.MoMLSimpleApplication@6f2c7df7
reloadAllAccessors: .Modal7

===========================================================================================
----------------- testing Sat Jan 04 06:37:18 UTC 2020 /home/travis/build/icyphy/ptII/ptolemy/domains/de/test/auto/ModalModel.xml
----------------- Instantiating /home/travis/build/icyphy/ptII/ptolemy/domains/de/test/auto/ModalModel.xml
136 ms. Memory: 58368K Free: 22474K (39%)
----------------- Invoking toplevel() on ptolemy.moml.MoMLSimpleApplication@21c65c56
----------------- Done invoking toplevel() on ptolemy.moml.MoMLSimpleApplication@21c65c56
reloadAllAccessors: .ModalModel

===========================================================================================
----------------- testing Sat Jan 04 06:37:18 UTC 2020 /home/travis/build/icyphy/ptII/ptolemy/domains/de/test/auto/ModalSource.xml
----------------- Instantiating /home/travis/build/icyphy/ptII/ptolemy/domains/de/test/auto/ModalSource.xml
4 ms. Memory: 58368K Free: 14034K (24%)
----------------- Invoking toplevel() on ptolemy.moml.MoMLSimpleApplication@31b8cc77
----------------- Done invoking toplevel() on ptolemy.moml.MoMLSimpleApplication@31b8cc77
reloadAllAccessors: .ModalSource

===========================================================================================
----------------- testing Sat Jan 04 06:37:18 UTC 2020 /home/travis/build/icyphy/ptII/ptolemy/domains/de/test/auto/NonInterruptibleTimerZeroDelay.xml
----------------- Instantiating /home/travis/build/icyphy/ptII/ptolemy/domains/de/test/auto/NonInterruptibleTimerZeroDelay.xml
1 ms. Memory: 58368K Free: 39600K (68%)
----------------- Invoking toplevel() on ptolemy.moml.MoMLSimpleApplication@160b67f8
----------------- Done invoking toplevel() on ptolemy.moml.MoMLSimpleApplication@160b67f8
reloadAllAccessors: .NonInterruptibleTimerZeroDelay

===========================================================================================
----------------- testing Sat Jan 04 06:37:18 UTC 2020 /home/travis/build/icyphy/ptII/ptolemy/domains/de/test/auto/OpenQueueingNetwork.xml
----------------- Instantiating /home/travis/build/icyphy/ptII/ptolemy/domains/de/test/auto/OpenQueueingNetwork.xml
2278 ms. Memory: 152576K Free: 77306K (51%)
----------------- Invoking toplevel() on ptolemy.moml.MoMLSimpleApplication@554e5946
----------------- Done invoking toplevel() on ptolemy.moml.MoMLSimpleApplication@554e5946
reloadAllAccessors: .OpenQueueingNetwork

===========================================================================================
----------------- testing Sat Jan 04 06:37:21 UTC 2020 /home/travis/build/icyphy/ptII/ptolemy/domains/de/test/auto/OpenQueuingNetwork.xml
----------------- Instantiating /home/travis/build/icyphy/ptII/ptolemy/domains/de/test/auto/OpenQueuingNetwork.xml
242 ms. Memory: 188416K Free: 120693K (64%)
----------------- Invoking toplevel() on ptolemy.moml.MoMLSimpleApplication@1056589a
----------------- Done invoking toplevel() on ptolemy.moml.MoMLSimpleApplication@1056589a
reloadAllAccessors: .OpenQueuingNetwork

===========================================================================================
----------------- testing Sat Jan 04 06:37:21 UTC 2020 /home/travis/build/icyphy/ptII/ptolemy/domains/de/test/auto/PeriodicSampler.xml
----------------- Instantiating /home/travis/build/icyphy/ptII/ptolemy/domains/de/test/auto/PeriodicSampler.xml
1 ms. Memory: 188416K Free: 116213K (62%)
----------------- Invoking toplevel() on ptolemy.moml.MoMLSimpleApplication@482776e6
----------------- Done invoking toplevel() on ptolemy.moml.MoMLSimpleApplication@482776e6
reloadAllAccessors: .PeriodicSampler

===========================================================================================
----------------- testing Sat Jan 04 06:37:21 UTC 2020 /home/travis/build/icyphy/ptII/ptolemy/domains/de/test/auto/PersistentIO.xml
----------------- Instantiating /home/travis/build/icyphy/ptII/ptolemy/domains/de/test/auto/PersistentIO.xml
5 ms. Memory: 188416K Free: 106997K (57%)
----------------- Invoking toplevel() on ptolemy.moml.MoMLSimpleApplication@2880f365
----------------- Done invoking toplevel() on ptolemy.moml.MoMLSimpleApplication@2880f365
reloadAllAccessors: .PersistentIO

===========================================================================================
----------------- testing Sat Jan 04 06:37:21 UTC 2020 /home/travis/build/icyphy/ptII/ptolemy/domains/de/test/auto/PortParameterResetOnInitialize.xml
----------------- Instantiating /home/travis/build/icyphy/ptII/ptolemy/domains/de/test/auto/PortParameterResetOnInitialize.xml
2 ms. Memory: 188416K Free: 102373K (54%)
----------------- Invoking toplevel() on ptolemy.moml.MoMLSimpleApplication@1e40adf
----------------- Done invoking toplevel() on ptolemy.moml.MoMLSimpleApplication@1e40adf
reloadAllAccessors: .PortParameterResetOnInitialize

===========================================================================================
----------------- testing Sat Jan 04 06:37:21 UTC 2020 /home/travis/build/icyphy/ptII/ptolemy/domains/de/test/auto/PortParameterUpdates.xml
----------------- Instantiating /home/travis/build/icyphy/ptII/ptolemy/domains/de/test/auto/PortParameterUpdates.xml
2 ms. Memory: 188416K Free: 95733K (51%)
----------------- Invoking toplevel() on ptolemy.moml.MoMLSimpleApplication@2031f65d
----------------- Done invoking toplevel() on ptolemy.moml.MoMLSimpleApplication@2031f65d
reloadAllAccessors: .PortParameterUpdates

===========================================================================================
----------------- testing Sat Jan 04 06:37:21 UTC 2020 /home/travis/build/icyphy/ptII/ptolemy/domains/de/test/auto/QueueAndServer.xml
----------------- Instantiating /home/travis/build/icyphy/ptII/ptolemy/domains/de/test/auto/QueueAndServer.xml
4 ms. Memory: 188416K Free: 88051K (47%)
----------------- Invoking toplevel() on ptolemy.moml.MoMLSimpleApplication@d497a6e
----------------- Done invoking toplevel() on ptolemy.moml.MoMLSimpleApplication@d497a6e
reloadAllAccessors: .QueueAndServer

===========================================================================================
----------------- testing Sat Jan 04 06:37:21 UTC 2020 /home/travis/build/icyphy/ptII/ptolemy/domains/de/test/auto/Records.xml
----------------- Instantiating /home/travis/build/icyphy/ptII/ptolemy/domains/de/test/auto/Records.xml
3 ms. Memory: 188416K Free: 82421K (44%)
----------------- Invoking toplevel() on ptolemy.moml.MoMLSimpleApplication@df88c2e
----------------- Done invoking toplevel() on ptolemy.moml.MoMLSimpleApplication@df88c2e
reloadAllAccessors: .Records

===========================================================================================
----------------- testing Sat Jan 04 06:37:21 UTC 2020 /home/travis/build/icyphy/ptII/ptolemy/domains/de/test/auto/ResetTransitionWithStartTime1.xml
----------------- Instantiating /home/travis/build/icyphy/ptII/ptolemy/domains/de/test/auto/ResetTransitionWithStartTime1.xml
4 ms. Memory: 188416K Free: 74229K (39%)
----------------- Invoking toplevel() on ptolemy.moml.MoMLSimpleApplication@725d4d76
----------------- Done invoking toplevel() on ptolemy.moml.MoMLSimpleApplication@725d4d76
reloadAllAccessors: .ResetTransitionWithStartTime1

===========================================================================================
----------------- testing Sat Jan 04 06:37:21 UTC 2020 /home/travis/build/icyphy/ptII/ptolemy/domains/de/test/auto/ResetTransitionWithStartTime2.xml
----------------- Instantiating /home/travis/build/icyphy/ptII/ptolemy/domains/de/test/auto/ResetTransitionWithStartTime2.xml
4 ms. Memory: 188416K Free: 167818K (89%)
----------------- Invoking toplevel() on ptolemy.moml.MoMLSimpleApplication@dae423d
----------------- Done invoking toplevel() on ptolemy.moml.MoMLSimpleApplication@dae423d
reloadAllAccessors: .ResetTransitionWithStartTime2

===========================================================================================
----------------- testing Sat Jan 04 06:37:21 UTC 2020 /home/travis/build/icyphy/ptII/ptolemy/domains/de/test/auto/ResetTransitionWithStartTime3.xml
----------------- Instantiating /home/travis/build/icyphy/ptII/ptolemy/domains/de/test/auto/ResetTransitionWithStartTime3.xml
4 ms. Memory: 188416K Free: 159626K (85%)
----------------- Invoking toplevel() on ptolemy.moml.MoMLSimpleApplication@5d56164e
----------------- Done invoking toplevel() on ptolemy.moml.MoMLSimpleApplication@5d56164e
reloadAllAccessors: .ResetTransitionWithStartTime3

===========================================================================================
----------------- testing Sat Jan 04 06:37:21 UTC 2020 /home/travis/build/icyphy/ptII/ptolemy/domains/de/test/auto/ResetTransitionWithStartTime4.xml
----------------- Instantiating /home/travis/build/icyphy/ptII/ptolemy/domains/de/test/auto/ResetTransitionWithStartTime4.xml
2 ms. Memory: 188416K Free: 151938K (81%)
----------------- Invoking toplevel() on ptolemy.moml.MoMLSimpleApplication@4bcc6ee3
----------------- Done invoking toplevel() on ptolemy.moml.MoMLSimpleApplication@4bcc6ee3
reloadAllAccessors: .ResetTransitionWithStartTime4

===========================================================================================
----------------- testing Sat Jan 04 06:37:21 UTC 2020 /home/travis/build/icyphy/ptII/ptolemy/domains/de/test/auto/ResettableTimer1.xml
----------------- Instantiating /home/travis/build/icyphy/ptII/ptolemy/domains/de/test/auto/ResettableTimer1.xml
1 ms. Memory: 188416K Free: 147842K (78%)
----------------- Invoking toplevel() on ptolemy.moml.MoMLSimpleApplication@5ec3d9e8
----------------- Done invoking toplevel() on ptolemy.moml.MoMLSimpleApplication@5ec3d9e8
reloadAllAccessors: .ResettableTimer1

===========================================================================================
----------------- testing Sat Jan 04 06:37:21 UTC 2020 /home/travis/build/icyphy/ptII/ptolemy/domains/de/test/auto/ResettableTimer2.xml
----------------- Instantiating /home/travis/build/icyphy/ptII/ptolemy/domains/de/test/auto/ResettableTimer2.xml
2 ms. Memory: 188416K Free: 143738K (76%)
----------------- Invoking toplevel() on ptolemy.moml.MoMLSimpleApplication@2b643264
----------------- Done invoking toplevel() on ptolemy.moml.MoMLSimpleApplication@2b643264
reloadAllAccessors: .ResettableTimer2

===========================================================================================
----------------- testing Sat Jan 04 06:37:21 UTC 2020 /home/travis/build/icyphy/ptII/ptolemy/domains/de/test/auto/ResettableTimer3.xml
----------------- Instantiating /home/travis/build/icyphy/ptII/ptolemy/domains/de/test/auto/ResettableTimer3.xml
2 ms. Memory: 188416K Free: 139656K (74%)
----------------- Invoking toplevel() on ptolemy.moml.MoMLSimpleApplication@5f8dcdda
----------------- Done invoking toplevel() on ptolemy.moml.MoMLSimpleApplication@5f8dcdda
reloadAllAccessors: .ResettableTimer3

===========================================================================================
----------------- testing Sat Jan 04 06:37:21 UTC 2020 /home/travis/build/icyphy/ptII/ptolemy/domains/de/test/auto/ResettableTimer4.xml
----------------- Instantiating /home/travis/build/icyphy/ptII/ptolemy/domains/de/test/auto/ResettableTimer4.xml
1 ms. Memory: 188416K Free: 136074K (72%)
----------------- Invoking toplevel() on ptolemy.moml.MoMLSimpleApplication@6274c800
----------------- Done invoking toplevel() on ptolemy.moml.MoMLSimpleApplication@6274c800
reloadAllAccessors: .ResettableTimer4

===========================================================================================
----------------- testing Sat Jan 04 06:37:21 UTC 2020 /home/travis/build/icyphy/ptII/ptolemy/domains/de/test/auto/ResettableTimer5.xml
----------------- Instantiating /home/travis/build/icyphy/ptII/ptolemy/domains/de/test/auto/ResettableTimer5.xml
2 ms. Memory: 188416K Free: 130954K (70%)
----------------- Invoking toplevel() on ptolemy.moml.MoMLSimpleApplication@6884680
----------------- Done invoking toplevel() on ptolemy.moml.MoMLSimpleApplication@6884680
reloadAllAccessors: .ResettableTimer5

===========================================================================================
----------------- testing Sat Jan 04 06:37:21 UTC 2020 /home/travis/build/icyphy/ptII/ptolemy/domains/de/test/auto/ResettableTimer6.xml
----------------- Instantiating /home/travis/build/icyphy/ptII/ptolemy/domains/de/test/auto/ResettableTimer6.xml
6 ms. Memory: 188416K Free: 126342K (67%)
----------------- Invoking toplevel() on ptolemy.moml.MoMLSimpleApplication@b7eee05
----------------- Done invoking toplevel() on ptolemy.moml.MoMLSimpleApplication@b7eee05
reloadAllAccessors: .ResettableTimer6

===========================================================================================
----------------- testing Sat Jan 04 06:37:21 UTC 2020 /home/travis/build/icyphy/ptII/ptolemy/domains/de/test/auto/ServerZeroDelay.xml
----------------- Instantiating /home/travis/build/icyphy/ptII/ptolemy/domains/de/test/auto/ServerZeroDelay.xml
2 ms. Memory: 188416K Free: 122218K (65%)
----------------- Invoking toplevel() on ptolemy.moml.MoMLSimpleApplication@711a3757
----------------- Done invoking toplevel() on ptolemy.moml.MoMLSimpleApplication@711a3757
reloadAllAccessors: .ServerZeroDelay

===========================================================================================
----------------- testing Sat Jan 04 06:37:21 UTC 2020 /home/travis/build/icyphy/ptII/ptolemy/domains/de/test/auto/SmartSender.xml
----------------- Instantiating /home/travis/build/icyphy/ptII/ptolemy/domains/de/test/auto/SmartSender.xml
3001 ms. Memory: 188416K Free: 118152K (63%)
----------------- Invoking toplevel() on ptolemy.moml.MoMLSimpleApplication@56c9d295
----------------- Done invoking toplevel() on ptolemy.moml.MoMLSimpleApplication@56c9d295
reloadAllAccessors: .SmartSender

===========================================================================================
----------------- testing Sat Jan 04 06:37:24 UTC 2020 /home/travis/build/icyphy/ptII/ptolemy/domains/de/test/auto/ThreadedComposite.xml
----------------- Instantiating /home/travis/build/icyphy/ptII/ptolemy/domains/de/test/auto/ThreadedComposite.xml
230 ms. Memory: 188416K Free: 88456K (47%)
----------------- Invoking toplevel() on ptolemy.moml.MoMLSimpleApplication@187f37bb
----------------- Done invoking toplevel() on ptolemy.moml.MoMLSimpleApplication@187f37bb
reloadAllAccessors: .ThreadedComposite

===========================================================================================
----------------- testing Sat Jan 04 06:37:24 UTC 2020 /home/travis/build/icyphy/ptII/ptolemy/domains/de/test/auto/Time.xml
----------------- Instantiating /home/travis/build/icyphy/ptII/ptolemy/domains/de/test/auto/Time.xml
347 ms. Memory: 188416K Free: 143371K (76%)
----------------- Invoking toplevel() on ptolemy.moml.MoMLSimpleApplication@11631552
----------------- Done invoking toplevel() on ptolemy.moml.MoMLSimpleApplication@11631552
reloadAllAccessors: .Time

===========================================================================================
----------------- testing Sat Jan 04 06:37:25 UTC 2020 /home/travis/build/icyphy/ptII/ptolemy/domains/de/test/auto/TimeDelayZeroDelay.xml
----------------- Instantiating /home/travis/build/icyphy/ptII/ptolemy/domains/de/test/auto/TimeDelayZeroDelay.xml
3 ms. Memory: 188416K Free: 139220K (74%)
----------------- Invoking toplevel() on ptolemy.moml.MoMLSimpleApplication@76bf0712
----------------- Done invoking toplevel() on ptolemy.moml.MoMLSimpleApplication@76bf0712
reloadAllAccessors: .TimeDelayZeroDelay

===========================================================================================
----------------- testing Sat Jan 04 06:37:25 UTC 2020 /home/travis/build/icyphy/ptII/ptolemy/domains/de/test/auto/TimerZeroDelay.xml
----------------- Instantiating /home/travis/build/icyphy/ptII/ptolemy/domains/de/test/auto/TimerZeroDelay.xml
3 ms. Memory: 188416K Free: 135124K (72%)
----------------- Invoking toplevel() on ptolemy.moml.MoMLSimpleApplication@3c57e4a9
----------------- Done invoking toplevel() on ptolemy.moml.MoMLSimpleApplication@3c57e4a9
reloadAllAccessors: .TimerZeroDelay

===========================================================================================
----------------- testing Sat Jan 04 06:37:25 UTC 2020 /home/travis/build/icyphy/ptII/ptolemy/domains/de/test/auto/TimingParadox.xml
----------------- Instantiating /home/travis/build/icyphy/ptII/ptolemy/domains/de/test/auto/TimingParadox.xml
231 ms. Memory: 188416K Free: 68050K (36%)
----------------- Invoking toplevel() on ptolemy.moml.MoMLSimpleApplication@1febbb3
----------------- Done invoking toplevel() on ptolemy.moml.MoMLSimpleApplication@1febbb3
reloadAllAccessors: .TimingParadox

===========================================================================================
----------------- testing Sat Jan 04 06:37:25 UTC 2020 /home/travis/build/icyphy/ptII/ptolemy/domains/de/test/auto/TransferInputs.xml
----------------- Instantiating /home/travis/build/icyphy/ptII/ptolemy/domains/de/test/auto/TransferInputs.xml
2 ms. Memory: 188416K Free: 63444K (34%)
----------------- Invoking toplevel() on ptolemy.moml.MoMLSimpleApplication@2670714c
----------------- Done invoking toplevel() on ptolemy.moml.MoMLSimpleApplication@2670714c
reloadAllAccessors: .TransferInputs

===========================================================================================
----------------- testing Sat Jan 04 06:37:25 UTC 2020 /home/travis/build/icyphy/ptII/ptolemy/domains/de/test/auto/TransferOutputs2.xml
----------------- Instantiating /home/travis/build/icyphy/ptII/ptolemy/domains/de/test/auto/TransferOutputs2.xml
6 ms. Memory: 188416K Free: 166720K (88%)
----------------- Invoking toplevel() on ptolemy.moml.MoMLSimpleApplication@5a3ff211
----------------- Done invoking toplevel() on ptolemy.moml.MoMLSimpleApplication@5a3ff211
reloadAllAccessors: .TransferOutputs2

===========================================================================================
----------------- testing Sat Jan 04 06:37:25 UTC 2020 /home/travis/build/icyphy/ptII/ptolemy/domains/de/test/auto/Trilateration.xml
----------------- Instantiating /home/travis/build/icyphy/ptII/ptolemy/domains/de/test/auto/Trilateration.xml
9556 ms. Memory: 398336K Free: 339803K (85%)
----------------- Invoking toplevel() on ptolemy.moml.MoMLSimpleApplication@24a94ae7
----------------- Done invoking toplevel() on ptolemy.moml.MoMLSimpleApplication@24a94ae7
reloadAllAccessors: .Trilateration

===========================================================================================
----------------- testing Sat Jan 04 06:37:35 UTC 2020 /home/travis/build/icyphy/ptII/ptolemy/domains/de/test/auto/TwoSigmaDelta.xml
----------------- Instantiating /home/travis/build/icyphy/ptII/ptolemy/domains/de/test/auto/TwoSigmaDelta.xml
1492 ms. Memory: 398336K Free: 138585K (35%)
----------------- Invoking toplevel() on ptolemy.moml.MoMLSimpleApplication@79917a2b
----------------- Done invoking toplevel() on ptolemy.moml.MoMLSimpleApplication@79917a2b
reloadAllAccessors: .TwoSigmaDelta

===========================================================================================
----------------- testing Sat Jan 04 06:37:37 UTC 2020 /home/travis/build/icyphy/ptII/ptolemy/domains/de/test/auto/VariableDelay.xml
----------------- Instantiating /home/travis/build/icyphy/ptII/ptolemy/domains/de/test/auto/VariableDelay.xml
2 ms. Memory: 398336K Free: 133979K (34%)
----------------- Invoking toplevel() on ptolemy.moml.MoMLSimpleApplication@4c522c53
----------------- Done invoking toplevel() on ptolemy.moml.MoMLSimpleApplication@4c522c53
reloadAllAccessors: .VariableDelay

===========================================================================================
----------------- testing Sat Jan 04 06:37:37 UTC 2020 /home/travis/build/icyphy/ptII/ptolemy/domains/de/test/auto/VariableDelay2.xml
----------------- Instantiating /home/travis/build/icyphy/ptII/ptolemy/domains/de/test/auto/VariableDelay2.xml
5 ms. Memory: 398336K Free: 366698K (92%)
----------------- Invoking toplevel() on ptolemy.moml.MoMLSimpleApplication@474eb241
----------------- Done invoking toplevel() on ptolemy.moml.MoMLSimpleApplication@474eb241
reloadAllAccessors: .VariableDelay2

===========================================================================================
----------------- testing Sat Jan 04 06:37:37 UTC 2020 /home/travis/build/icyphy/ptII/ptolemy/domains/de/test/auto/VariableDelayZeroDelay.xml
----------------- Instantiating /home/travis/build/icyphy/ptII/ptolemy/domains/de/test/auto/VariableDelayZeroDelay.xml
1 ms. Memory: 398336K Free: 362602K (91%)
----------------- Invoking toplevel() on ptolemy.moml.MoMLSimpleApplication@5da6c02c
----------------- Done invoking toplevel() on ptolemy.moml.MoMLSimpleApplication@5da6c02c
reloadAllAccessors: .VariableDelayZeroDelay

===========================================================================================
----------------- testing Sat Jan 04 06:37:37 UTC 2020 /home/travis/build/icyphy/ptII/ptolemy/domains/de/test/auto/VariableDelayZeroDelay2.xml
----------------- Instantiating /home/travis/build/icyphy/ptII/ptolemy/domains/de/test/auto/VariableDelayZeroDelay2.xml
2 ms. Memory: 398336K Free: 357996K (90%)
----------------- Invoking toplevel() on ptolemy.moml.MoMLSimpleApplication@bc23276
----------------- Done invoking toplevel() on ptolemy.moml.MoMLSimpleApplication@bc23276
reloadAllAccessors: .VariableDelayZeroDelay2

===========================================================================================
----------------- testing Sat Jan 04 06:37:37 UTC 2020 /home/travis/build/icyphy/ptII/ptolemy/domains/de/test/auto/deInCt.xml
----------------- Instantiating /home/travis/build/icyphy/ptII/ptolemy/domains/de/test/auto/deInCt.xml
0
1
1
1
1
0
0
0
0
1
1
1
0
0
0
0
1
1
1
1
0
0
0
1
1
1
1
1
8 ms. Memory: 398336K Free: 352876K (89%)
----------------- Invoking toplevel() on ptolemy.moml.MoMLSimpleApplication@48a89fc
----------------- Done invoking toplevel() on ptolemy.moml.MoMLSimpleApplication@48a89fc
reloadAllAccessors: .deInCt

===========================================================================================
----------------- testing Sat Jan 04 06:37:37 UTC 2020 /home/travis/build/icyphy/ptII/ptolemy/domains/de/test/auto/deInCt2.xml
----------------- Instantiating /home/travis/build/icyphy/ptII/ptolemy/domains/de/test/auto/deInCt2.xml
0
1
1
1
0
0
1
1
1
0
0
1
1
1
0
0
1
1
1
0
0
1
1
1
0
0
1
1
1
0
0
1
1
1
0
0
1
1
1
0
0
0
6 ms. Memory: 398336K Free: 347756K (87%)
----------------- Invoking toplevel() on ptolemy.moml.MoMLSimpleApplication@7e26c46c
----------------- Done invoking toplevel() on ptolemy.moml.MoMLSimpleApplication@7e26c46c
reloadAllAccessors: .deInCt2

===========================================================================================
----------------- testing Sat Jan 04 06:37:37 UTC 2020 /home/travis/build/icyphy/ptII/ptolemy/domains/de/test/auto/dynamicCausalityInterface1.xml
----------------- Instantiating /home/travis/build/icyphy/ptII/ptolemy/domains/de/test/auto/dynamicCausalityInterface1.xml
1 ms. Memory: 398336K Free: 338540K (85%)
----------------- Invoking toplevel() on ptolemy.moml.MoMLSimpleApplication@299bc3f5
----------------- Done invoking toplevel() on ptolemy.moml.MoMLSimpleApplication@299bc3f5
reloadAllAccessors: .dynamicCausalityInterface1

===========================================================================================
----------------- testing Sat Jan 04 06:37:37 UTC 2020 /home/travis/build/icyphy/ptII/ptolemy/domains/de/test/auto/fsm_de_test.xml
----------------- Instantiating /home/travis/build/icyphy/ptII/ptolemy/domains/de/test/auto/fsm_de_test.xml
5 ms. Memory: 398336K Free: 329324K (83%)
----------------- Invoking toplevel() on ptolemy.moml.MoMLSimpleApplication@1d16e0e9
----------------- Done invoking toplevel() on ptolemy.moml.MoMLSimpleApplication@1d16e0e9
reloadAllAccessors: .fsm_de_test

===========================================================================================
----------------- testing Sat Jan 04 06:37:37 UTC 2020 /home/travis/build/icyphy/ptII/ptolemy/domains/de/test/auto/functionDependencyReconstruction.xml
----------------- Instantiating /home/travis/build/icyphy/ptII/ptolemy/domains/de/test/auto/functionDependencyReconstruction.xml
2 ms. Memory: 398336K Free: 314474K (79%)
----------------- Invoking toplevel() on ptolemy.moml.MoMLSimpleApplication@21ac5c7b
----------------- Done invoking toplevel() on ptolemy.moml.MoMLSimpleApplication@21ac5c7b
reloadAllAccessors: .functionDependencyReconstruction

===========================================================================================
----------------- testing Sat Jan 04 06:37:37 UTC 2020 /home/travis/build/icyphy/ptII/ptolemy/domains/de/test/auto/multirate.xml
----------------- Instantiating /home/travis/build/icyphy/ptII/ptolemy/domains/de/test/auto/multirate.xml
2 ms. Memory: 398336K Free: 307820K (77%)
----------------- Invoking toplevel() on ptolemy.moml.MoMLSimpleApplication@5deb486c
----------------- Done invoking toplevel() on ptolemy.moml.MoMLSimpleApplication@5deb486c
reloadAllAccessors: .multirate

===========================================================================================
----------------- testing Sat Jan 04 06:37:37 UTC 2020 /home/travis/build/icyphy/ptII/ptolemy/domains/de/test/auto/multirate2.xml
----------------- Instantiating /home/travis/build/icyphy/ptII/ptolemy/domains/de/test/auto/multirate2.xml
3 ms. Memory: 398336K Free: 301148K (76%)
----------------- Invoking toplevel() on ptolemy.moml.MoMLSimpleApplication@91f317d
----------------- Done invoking toplevel() on ptolemy.moml.MoMLSimpleApplication@91f317d
reloadAllAccessors: .multirate2

===========================================================================================
----------------- testing Sat Jan 04 06:37:37 UTC 2020 /home/travis/build/icyphy/ptII/ptolemy/domains/de/test/auto/realtime.xml
----------------- Instantiating /home/travis/build/icyphy/ptII/ptolemy/domains/de/test/auto/realtime.xml
10002 ms. Memory: 398336K Free: 296556K (74%)
----------------- Invoking toplevel() on ptolemy.moml.MoMLSimpleApplication@41927a97
----------------- Done invoking toplevel() on ptolemy.moml.MoMLSimpleApplication@41927a97
reloadAllAccessors: .realtime

===========================================================================================
----------------- testing Sat Jan 04 06:37:47 UTC 2020 /home/travis/build/icyphy/ptII/ptolemy/domains/de/test/auto/relationGroup.xml
----------------- Instantiating /home/travis/build/icyphy/ptII/ptolemy/domains/de/test/auto/relationGroup.xml
1 ms. Memory: 398336K Free: 292970K (74%)
----------------- Invoking toplevel() on ptolemy.moml.MoMLSimpleApplication@20d27236
----------------- Done invoking toplevel() on ptolemy.moml.MoMLSimpleApplication@20d27236
reloadAllAccessors: .relationGroup

===========================================================================================
----------------- testing Sat Jan 04 06:37:47 UTC 2020 /home/travis/build/icyphy/ptII/ptolemy/domains/de/test/auto/relationGroup2.xml
----------------- Instantiating /home/travis/build/icyphy/ptII/ptolemy/domains/de/test/auto/relationGroup2.xml
1 ms. Memory: 398336K Free: 289388K (73%)
----------------- Invoking toplevel() on ptolemy.moml.MoMLSimpleApplication@2d53b48e
----------------- Done invoking toplevel() on ptolemy.moml.MoMLSimpleApplication@2d53b48e
reloadAllAccessors: .relationGroup2

===========================================================================================
----------------- testing Sat Jan 04 06:37:47 UTC 2020 /home/travis/build/icyphy/ptII/ptolemy/domains/de/test/auto/sortWithOpaquePorts.xml
----------------- Instantiating /home/travis/build/icyphy/ptII/ptolemy/domains/de/test/auto/sortWithOpaquePorts.xml
2 ms. Memory: 398336K Free: 284764K (71%)
----------------- Invoking toplevel() on ptolemy.moml.MoMLSimpleApplication@299c6a2a
----------------- Done invoking toplevel() on ptolemy.moml.MoMLSimpleApplication@299c6a2a
reloadAllAccessors: .sortWithOpaquePorts

===========================================================================================
----------------- testing Sat Jan 04 06:37:47 UTC 2020 /home/travis/build/icyphy/ptII/ptolemy/domains/de/test/auto/transferInputsandOutputs.xml
----------------- Instantiating /home/travis/build/icyphy/ptII/ptolemy/domains/de/test/auto/transferInputsandOutputs.xml
2 ms. Memory: 398336K Free: 277610K (70%)
----------------- Invoking toplevel() on ptolemy.moml.MoMLSimpleApplication@7fcf750a
----------------- Done invoking toplevel() on ptolemy.moml.MoMLSimpleApplication@7fcf750a
reloadAllAccessors: .transferInputsandOutputs

===========================================================================================
----------------- testing Sat Jan 04 06:37:47 UTC 2020 /home/travis/build/icyphy/ptII/ptolemy/domains/de/test/auto/triggerType.xml
----------------- Instantiating /home/travis/build/icyphy/ptII/ptolemy/domains/de/test/auto/triggerType.xml
1 ms. Memory: 398336K Free: 273484K (69%)
----------------- Invoking toplevel() on ptolemy.moml.MoMLSimpleApplication@11814a97
----------------- Done invoking toplevel() on ptolemy.moml.MoMLSimpleApplication@11814a97
reloadAllAccessors: .triggerType
AutoTests.java: About to close Vertx.
AutoTests.java: Vertx closed.
]]></system-out>
  <system-err><![CDATA[java.lang.RuntimeException: Execution failed
	at ptolemy.moml.MoMLSimpleApplication$UnloadThread.run(MoMLSimpleApplication.java:402)
Caused by: ptolemy.kernel.util.IllegalActionException: Found a zero delay loop containing .dependencyLoop.original
  in .dependencyLoop and .dependencyLoop.original
	at ptolemy.actor.util.CausalityInterfaceForComposites._computeOutputPortDepth(CausalityInterfaceForComposites.java:759)
	at ptolemy.actor.util.CausalityInterfaceForComposites._computeInputDepth(CausalityInterfaceForComposites.java:696)
	at ptolemy.actor.util.CausalityInterfaceForComposites._computeOutputPortDepth(CausalityInterfaceForComposites.java:765)
	at ptolemy.actor.util.CausalityInterfaceForComposites._computeInputDepth(CausalityInterfaceForComposites.java:696)
	at ptolemy.actor.util.CausalityInterfaceForComposites._computeOutputPortDepth(CausalityInterfaceForComposites.java:765)
	at ptolemy.actor.util.CausalityInterfaceForComposites._computeInputDepth(CausalityInterfaceForComposites.java:696)
	at ptolemy.actor.util.CausalityInterfaceForComposites._computeActorDepth(CausalityInterfaceForComposites.java:532)
	at ptolemy.actor.util.CausalityInterfaceForComposites.checkForCycles(CausalityInterfaceForComposites.java:96)
	at ptolemy.domains.de.kernel.DEDirector.preinitialize(DEDirector.java:1338)
	at ptolemy.actor.CompositeActor.preinitialize(CompositeActor.java:1828)
	at ptolemy.actor.Manager.preinitializeAndResolveTypes(Manager.java:1040)
	at ptolemy.actor.Manager.initialize(Manager.java:710)
	at ptolemy.actor.Manager.execute(Manager.java:356)
	at ptolemy.actor.Manager.run(Manager.java:1263)
	at ptolemy.actor.Manager$PtolemyRunThread.run(Manager.java:1933)
java.lang.RuntimeException: Execution failed
	at ptolemy.moml.MoMLSimpleApplication$UnloadThread.run(MoMLSimpleApplication.java:402)
Caused by: ptolemy.kernel.util.IllegalActionException: Found a zero delay loop containing .dependencyLoop2.original
  in .dependencyLoop2 and .dependencyLoop2.original
	at ptolemy.actor.util.CausalityInterfaceForComposites._computeOutputPortDepth(CausalityInterfaceForComposites.java:759)
	at ptolemy.actor.util.CausalityInterfaceForComposites._computeInputDepth(CausalityInterfaceForComposites.java:696)
	at ptolemy.actor.util.CausalityInterfaceForComposites._computeOutputPortDepth(CausalityInterfaceForComposites.java:765)
	at ptolemy.actor.util.CausalityInterfaceForComposites._computeInputDepth(CausalityInterfaceForComposites.java:696)
	at ptolemy.actor.util.CausalityInterfaceForComposites._computeOutputPortDepth(CausalityInterfaceForComposites.java:765)
	at ptolemy.actor.util.CausalityInterfaceForComposites._computeInputDepth(CausalityInterfaceForComposites.java:696)
	at ptolemy.actor.util.CausalityInterfaceForComposites._computeActorDepth(CausalityInterfaceForComposites.java:532)
	at ptolemy.actor.util.CausalityInterfaceForComposites.checkForCycles(CausalityInterfaceForComposites.java:96)
	at ptolemy.domains.de.kernel.DEDirector.preinitialize(DEDirector.java:1338)
	at ptolemy.actor.CompositeActor.preinitialize(CompositeActor.java:1828)
	at ptolemy.actor.Manager.preinitializeAndResolveTypes(Manager.java:1040)
	at ptolemy.actor.Manager.initialize(Manager.java:710)
	at ptolemy.actor.Manager.execute(Manager.java:356)
	at ptolemy.actor.Manager.run(Manager.java:1263)
	at ptolemy.actor.Manager$PtolemyRunThread.run(Manager.java:1933)
java.lang.RuntimeException: Execution failed
	at ptolemy.moml.MoMLSimpleApplication$UnloadThread.run(MoMLSimpleApplication.java:402)
Caused by: ptolemy.kernel.util.IllegalActionException: Test fails in iteration 1.
Value was: 1.0. Should have been: 2.0
  in .DirectFeedback.Test
	at ptolemy.actor.lib.Test.fire(Test.java:268)
	at ptolemy.domains.de.kernel.DEDirector._fire(DEDirector.java:1949)
	at ptolemy.domains.de.kernel.DEDirector.fire(DEDirector.java:502)
	at ptolemy.actor.CompositeActor.fire(CompositeActor.java:455)
	at ptolemy.actor.Manager.iterate(Manager.java:851)
	at ptolemy.actor.Manager.execute(Manager.java:369)
	at ptolemy.actor.Manager.run(Manager.java:1263)
	at ptolemy.actor.Manager$PtolemyRunThread.run(Manager.java:1933)
java.lang.RuntimeException: Execution failed
	at ptolemy.moml.MoMLSimpleApplication$UnloadThread.run(MoMLSimpleApplication.java:402)
Caused by: ptolemy.kernel.util.IllegalActionException: Found a zero delay loop containing .dependencyLoop.original
  in .dependencyLoop and .dependencyLoop.original
	at ptolemy.actor.util.CausalityInterfaceForComposites._computeOutputPortDepth(CausalityInterfaceForComposites.java:759)
	at ptolemy.actor.util.CausalityInterfaceForComposites._computeInputDepth(CausalityInterfaceForComposites.java:696)
	at ptolemy.actor.util.CausalityInterfaceForComposites._computeOutputPortDepth(CausalityInterfaceForComposites.java:765)
	at ptolemy.actor.util.CausalityInterfaceForComposites._computeInputDepth(CausalityInterfaceForComposites.java:696)
	at ptolemy.actor.util.CausalityInterfaceForComposites._computeOutputPortDepth(CausalityInterfaceForComposites.java:765)
	at ptolemy.actor.util.CausalityInterfaceForComposites._computeInputDepth(CausalityInterfaceForComposites.java:696)
	at ptolemy.actor.util.CausalityInterfaceForComposites._computeActorDepth(CausalityInterfaceForComposites.java:532)
	at ptolemy.actor.util.CausalityInterfaceForComposites.checkForCycles(CausalityInterfaceForComposites.java:96)
	at ptolemy.domains.de.kernel.DEDirector.preinitialize(DEDirector.java:1338)
	at ptolemy.actor.CompositeActor.preinitialize(CompositeActor.java:1828)
	at ptolemy.actor.Manager.preinitializeAndResolveTypes(Manager.java:1040)
	at ptolemy.actor.Manager.initialize(Manager.java:710)
	at ptolemy.actor.Manager.execute(Manager.java:356)
	at ptolemy.actor.Manager.run(Manager.java:1263)
	at ptolemy.actor.Manager$PtolemyRunThread.run(Manager.java:1933)
java.lang.RuntimeException: Execution failed
	at ptolemy.moml.MoMLSimpleApplication$UnloadThread.run(MoMLSimpleApplication.java:402)
Caused by: ptolemy.kernel.util.IllegalActionException: Found a zero delay loop containing .HierarchicalModel.A
  in .HierarchicalModel and .HierarchicalModel.A
	at ptolemy.actor.util.CausalityInterfaceForComposites._computeOutputPortDepth(CausalityInterfaceForComposites.java:759)
	at ptolemy.actor.util.CausalityInterfaceForComposites._computeInputDepth(CausalityInterfaceForComposites.java:696)
	at ptolemy.actor.util.CausalityInterfaceForComposites._computeOutputPortDepth(CausalityInterfaceForComposites.java:765)
	at ptolemy.actor.util.CausalityInterfaceForComposites._computeInputDepth(CausalityInterfaceForComposites.java:696)
	at ptolemy.actor.util.CausalityInterfaceForComposites._computeOutputPortDepth(CausalityInterfaceForComposites.java:765)
	at ptolemy.actor.util.CausalityInterfaceForComposites._computeInputDepth(CausalityInterfaceForComposites.java:696)
	at ptolemy.actor.util.CausalityInterfaceForComposites._computeActorDepth(CausalityInterfaceForComposites.java:532)
	at ptolemy.actor.util.CausalityInterfaceForComposites.checkForCycles(CausalityInterfaceForComposites.java:96)
	at ptolemy.domains.de.kernel.DEDirector.preinitialize(DEDirector.java:1338)
	at ptolemy.actor.CompositeActor.preinitialize(CompositeActor.java:1828)
	at ptolemy.actor.Manager.preinitializeAndResolveTypes(Manager.java:1040)
	at ptolemy.actor.Manager.initialize(Manager.java:710)
	at ptolemy.actor.Manager.execute(Manager.java:356)
	at ptolemy.actor.Manager.run(Manager.java:1263)
	at ptolemy.actor.Manager$PtolemyRunThread.run(Manager.java:1933)
java.lang.RuntimeException: Execution failed
	at ptolemy.moml.MoMLSimpleApplication$UnloadThread.run(MoMLSimpleApplication.java:402)
Caused by: ptolemy.kernel.util.IllegalActionException: Found a zero delay loop containing .dependencyLoop2.original
  in .dependencyLoop2 and .dependencyLoop2.original
	at ptolemy.actor.util.CausalityInterfaceForComposites._computeOutputPortDepth(CausalityInterfaceForComposites.java:759)
	at ptolemy.actor.util.CausalityInterfaceForComposites._computeInputDepth(CausalityInterfaceForComposites.java:696)
	at ptolemy.actor.util.CausalityInterfaceForComposites._computeOutputPortDepth(CausalityInterfaceForComposites.java:765)
	at ptolemy.actor.util.CausalityInterfaceForComposites._computeInputDepth(CausalityInterfaceForComposites.java:696)
	at ptolemy.actor.util.CausalityInterfaceForComposites._computeOutputPortDepth(CausalityInterfaceForComposites.java:765)
	at ptolemy.actor.util.CausalityInterfaceForComposites._computeInputDepth(CausalityInterfaceForComposites.java:696)
	at ptolemy.actor.util.CausalityInterfaceForComposites._computeActorDepth(CausalityInterfaceForComposites.java:532)
	at ptolemy.actor.util.CausalityInterfaceForComposites.checkForCycles(CausalityInterfaceForComposites.java:96)
	at ptolemy.domains.de.kernel.DEDirector.preinitialize(DEDirector.java:1338)
	at ptolemy.actor.CompositeActor.preinitialize(CompositeActor.java:1828)
	at ptolemy.actor.Manager.preinitializeAndResolveTypes(Manager.java:1040)
	at ptolemy.actor.Manager.initialize(Manager.java:710)
	at ptolemy.actor.Manager.execute(Manager.java:356)
	at ptolemy.actor.Manager.run(Manager.java:1263)
	at ptolemy.actor.Manager$PtolemyRunThread.run(Manager.java:1933)
java.lang.RuntimeException: Execution failed
	at ptolemy.moml.MoMLSimpleApplication$UnloadThread.run(MoMLSimpleApplication.java:402)
Caused by: ptolemy.kernel.util.IllegalActionException: Actor is not ready to fire.  Perhaps UpSample.prefire() returned false? Try debugging the actor by selecting "Listen to Actor".  Also, for SDF check moml for tokenConsumptionRate on input.
  in .DESDFClockTest.Play Bell.Copy1:SDF Director and .DESDFClockTest.Play Bell.UpSample
	at ptolemy.actor.sched.StaticSchedulingDirector.fire(StaticSchedulingDirector.java:227)
	at ptolemy.domains.sdf.kernel.SDFDirector.fire(SDFDirector.java:500)
	at ptolemy.actor.CompositeActor.fire(CompositeActor.java:455)
	at ptolemy.domains.de.kernel.DEDirector._fire(DEDirector.java:1949)
	at ptolemy.domains.de.kernel.DEDirector.fire(DEDirector.java:502)
	at ptolemy.actor.CompositeActor.fire(CompositeActor.java:455)
	at ptolemy.actor.Manager.iterate(Manager.java:851)
	at ptolemy.actor.Manager.execute(Manager.java:369)
	at ptolemy.actor.Manager.run(Manager.java:1263)
	at ptolemy.actor.Manager$PtolemyRunThread.run(Manager.java:1933)
java.lang.RuntimeException: Execution failed
	at ptolemy.moml.MoMLSimpleApplication$UnloadThread.run(MoMLSimpleApplication.java:402)
Caused by: ptolemy.kernel.util.IllegalActionException: Actor is not ready to fire.  Perhaps UpSample.prefire() returned false? Try debugging the actor by selecting "Listen to Actor".  Also, for SDF check moml for tokenConsumptionRate on input.
  in .DESDFClockTest.Play Bell.Copy1:SDF Director and .DESDFClockTest.Play Bell.UpSample
	at ptolemy.actor.sched.StaticSchedulingDirector.fire(StaticSchedulingDirector.java:227)
	at ptolemy.domains.sdf.kernel.SDFDirector.fire(SDFDirector.java:500)
	at ptolemy.actor.CompositeActor.fire(CompositeActor.java:455)
	at ptolemy.domains.de.kernel.DEDirector._fire(DEDirector.java:1949)
	at ptolemy.domains.de.kernel.DEDirector.fire(DEDirector.java:502)
	at ptolemy.actor.CompositeActor.fire(CompositeActor.java:455)
	at ptolemy.actor.Manager.iterate(Manager.java:851)
	at ptolemy.actor.Manager.execute(Manager.java:369)
	at ptolemy.actor.Manager.run(Manager.java:1263)
	at ptolemy.actor.Manager$PtolemyRunThread.run(Manager.java:1933)
java.lang.reflect.InvocationTargetException
	at java.base/jdk.internal.reflect.NativeConstructorAccessorImpl.newInstance0(Native Method)
	at java.base/jdk.internal.reflect.NativeConstructorAccessorImpl.newInstance(NativeConstructorAccessorImpl.java:62)
	at java.base/jdk.internal.reflect.DelegatingConstructorAccessorImpl.newInstance(DelegatingConstructorAccessorImpl.java:45)
	at java.base/java.lang.reflect.Constructor.newInstance(Constructor.java:490)
	at ptolemy.util.test.junit.AutoKnownFailedTests.RunModel(AutoKnownFailedTests.java:105)
	at java.base/jdk.internal.reflect.NativeMethodAccessorImpl.invoke0(Native Method)
	at java.base/jdk.internal.reflect.NativeMethodAccessorImpl.invoke(NativeMethodAccessorImpl.java:62)
	at java.base/jdk.internal.reflect.DelegatingMethodAccessorImpl.invoke(DelegatingMethodAccessorImpl.java:43)
	at java.base/java.lang.reflect.Method.invoke(Method.java:566)
	at org.junit.runners.model.FrameworkMethod$1.runReflectiveCall(FrameworkMethod.java:44)
	at org.junit.internal.runners.model.ReflectiveCallable.run(ReflectiveCallable.java:15)
	at org.junit.runners.model.FrameworkMethod.invokeExplosively(FrameworkMethod.java:41)
	at junitparams.internal.InvokeParameterisedMethod.evaluate(InvokeParameterisedMethod.java:102)
	at org.junit.internal.runners.statements.FailOnTimeout$1.run(FailOnTimeout.java:28)
Caused by: ptolemy.kernel.util.IllegalActionException: Actor is not ready to fire.  Perhaps UpSample.prefire() returned false? Try debugging the actor by selecting "Listen to Actor".  Also, for SDF check moml for tokenConsumptionRate on input.
  in .DESDFClockTest.Play Bell.Copy1:SDF Director and .DESDFClockTest.Play Bell.UpSample
	at ptolemy.actor.sched.StaticSchedulingDirector.fire(StaticSchedulingDirector.java:227)
	at ptolemy.domains.sdf.kernel.SDFDirector.fire(SDFDirector.java:500)
	at ptolemy.actor.CompositeActor.fire(CompositeActor.java:455)
	at ptolemy.domains.de.kernel.DEDirector._fire(DEDirector.java:1949)
	at ptolemy.domains.de.kernel.DEDirector.fire(DEDirector.java:502)
	at ptolemy.actor.CompositeActor.fire(CompositeActor.java:455)
	at ptolemy.actor.Manager.iterate(Manager.java:851)
	at ptolemy.actor.Manager.execute(Manager.java:369)
	at ptolemy.actor.Manager.run(Manager.java:1263)
	at ptolemy.actor.Manager$PtolemyRunThread.run(Manager.java:1933)
java.lang.RuntimeException: Execution failed
	at ptolemy.moml.MoMLSimpleApplication$UnloadThread.run(MoMLSimpleApplication.java:402)
Caused by: ptolemy.kernel.util.IllegalActionException: Test fails in iteration 1.
Value was: 1.0. Should have been: 2.0
  in .DirectFeedback.Test
	at ptolemy.actor.lib.Test.fire(Test.java:268)
	at ptolemy.domains.de.kernel.DEDirector._fire(DEDirector.java:1949)
	at ptolemy.domains.de.kernel.DEDirector.fire(DEDirector.java:502)
	at ptolemy.actor.CompositeActor.fire(CompositeActor.java:455)
	at ptolemy.actor.Manager.iterate(Manager.java:851)
	at ptolemy.actor.Manager.execute(Manager.java:369)
	at ptolemy.actor.Manager.run(Manager.java:1263)
	at ptolemy.actor.Manager$PtolemyRunThread.run(Manager.java:1933)
java.lang.reflect.InvocationTargetException
	at java.base/jdk.internal.reflect.NativeConstructorAccessorImpl.newInstance0(Native Method)
	at java.base/jdk.internal.reflect.NativeConstructorAccessorImpl.newInstance(NativeConstructorAccessorImpl.java:62)
	at java.base/jdk.internal.reflect.DelegatingConstructorAccessorImpl.newInstance(DelegatingConstructorAccessorImpl.java:45)
	at java.base/java.lang.reflect.Constructor.newInstance(Constructor.java:490)
	at ptolemy.util.test.junit.AutoKnownFailedTests.RunModel(AutoKnownFailedTests.java:105)
	at java.base/jdk.internal.reflect.NativeMethodAccessorImpl.invoke0(Native Method)
	at java.base/jdk.internal.reflect.NativeMethodAccessorImpl.invoke(NativeMethodAccessorImpl.java:62)
	at java.base/jdk.internal.reflect.DelegatingMethodAccessorImpl.invoke(DelegatingMethodAccessorImpl.java:43)
	at java.base/java.lang.reflect.Method.invoke(Method.java:566)
	at org.junit.runners.model.FrameworkMethod$1.runReflectiveCall(FrameworkMethod.java:44)
	at org.junit.internal.runners.model.ReflectiveCallable.run(ReflectiveCallable.java:15)
	at org.junit.runners.model.FrameworkMethod.invokeExplosively(FrameworkMethod.java:41)
	at junitparams.internal.InvokeParameterisedMethod.evaluate(InvokeParameterisedMethod.java:102)
	at org.junit.internal.runners.statements.FailOnTimeout$1.run(FailOnTimeout.java:28)
Caused by: ptolemy.kernel.util.IllegalActionException: Test fails in iteration 1.
Value was: 1.0. Should have been: 2.0
  in .DirectFeedback.Test
	at ptolemy.actor.lib.Test.fire(Test.java:268)
	at ptolemy.domains.de.kernel.DEDirector._fire(DEDirector.java:1949)
	at ptolemy.domains.de.kernel.DEDirector.fire(DEDirector.java:502)
	at ptolemy.actor.CompositeActor.fire(CompositeActor.java:455)
	at ptolemy.actor.Manager.iterate(Manager.java:851)
	at ptolemy.actor.Manager.execute(Manager.java:369)
	at ptolemy.actor.Manager.run(Manager.java:1263)
	at ptolemy.actor.Manager$PtolemyRunThread.run(Manager.java:1933)
java.lang.RuntimeException: Execution failed
	at ptolemy.moml.MoMLSimpleApplication$UnloadThread.run(MoMLSimpleApplication.java:402)
Caused by: ptolemy.kernel.util.IllegalActionException: Found a zero delay loop containing .HierarchicalModel.A
  in .HierarchicalModel and .HierarchicalModel.A
	at ptolemy.actor.util.CausalityInterfaceForComposites._computeOutputPortDepth(CausalityInterfaceForComposites.java:759)
	at ptolemy.actor.util.CausalityInterfaceForComposites._computeInputDepth(CausalityInterfaceForComposites.java:696)
	at ptolemy.actor.util.CausalityInterfaceForComposites._computeOutputPortDepth(CausalityInterfaceForComposites.java:765)
	at ptolemy.actor.util.CausalityInterfaceForComposites._computeInputDepth(CausalityInterfaceForComposites.java:696)
	at ptolemy.actor.util.CausalityInterfaceForComposites._computeOutputPortDepth(CausalityInterfaceForComposites.java:765)
	at ptolemy.actor.util.CausalityInterfaceForComposites._computeInputDepth(CausalityInterfaceForComposites.java:696)
	at ptolemy.actor.util.CausalityInterfaceForComposites._computeActorDepth(CausalityInterfaceForComposites.java:532)
	at ptolemy.actor.util.CausalityInterfaceForComposites.checkForCycles(CausalityInterfaceForComposites.java:96)
	at ptolemy.domains.de.kernel.DEDirector.preinitialize(DEDirector.java:1338)
	at ptolemy.actor.CompositeActor.preinitialize(CompositeActor.java:1828)
	at ptolemy.actor.Manager.preinitializeAndResolveTypes(Manager.java:1040)
	at ptolemy.actor.Manager.initialize(Manager.java:710)
	at ptolemy.actor.Manager.execute(Manager.java:356)
	at ptolemy.actor.Manager.run(Manager.java:1263)
	at ptolemy.actor.Manager$PtolemyRunThread.run(Manager.java:1933)
java.lang.reflect.InvocationTargetException
	at java.base/jdk.internal.reflect.NativeConstructorAccessorImpl.newInstance0(Native Method)
	at java.base/jdk.internal.reflect.NativeConstructorAccessorImpl.newInstance(NativeConstructorAccessorImpl.java:62)
	at java.base/jdk.internal.reflect.DelegatingConstructorAccessorImpl.newInstance(DelegatingConstructorAccessorImpl.java:45)
	at java.base/java.lang.reflect.Constructor.newInstance(Constructor.java:490)
	at ptolemy.util.test.junit.AutoKnownFailedTests.RunModel(AutoKnownFailedTests.java:105)
	at java.base/jdk.internal.reflect.NativeMethodAccessorImpl.invoke0(Native Method)
	at java.base/jdk.internal.reflect.NativeMethodAccessorImpl.invoke(NativeMethodAccessorImpl.java:62)
	at java.base/jdk.internal.reflect.DelegatingMethodAccessorImpl.invoke(DelegatingMethodAccessorImpl.java:43)
	at java.base/java.lang.reflect.Method.invoke(Method.java:566)
	at org.junit.runners.model.FrameworkMethod$1.runReflectiveCall(FrameworkMethod.java:44)
	at org.junit.internal.runners.model.ReflectiveCallable.run(ReflectiveCallable.java:15)
	at org.junit.runners.model.FrameworkMethod.invokeExplosively(FrameworkMethod.java:41)
	at junitparams.internal.InvokeParameterisedMethod.evaluate(InvokeParameterisedMethod.java:102)
	at org.junit.internal.runners.statements.FailOnTimeout$1.run(FailOnTimeout.java:28)
Caused by: ptolemy.kernel.util.IllegalActionException: Found a zero delay loop containing .HierarchicalModel.A
  in .HierarchicalModel and .HierarchicalModel.A
	at ptolemy.actor.util.CausalityInterfaceForComposites._computeOutputPortDepth(CausalityInterfaceForComposites.java:759)
	at ptolemy.actor.util.CausalityInterfaceForComposites._computeInputDepth(CausalityInterfaceForComposites.java:696)
	at ptolemy.actor.util.CausalityInterfaceForComposites._computeOutputPortDepth(CausalityInterfaceForComposites.java:765)
	at ptolemy.actor.util.CausalityInterfaceForComposites._computeInputDepth(CausalityInterfaceForComposites.java:696)
	at ptolemy.actor.util.CausalityInterfaceForComposites._computeOutputPortDepth(CausalityInterfaceForComposites.java:765)
	at ptolemy.actor.util.CausalityInterfaceForComposites._computeInputDepth(CausalityInterfaceForComposites.java:696)
	at ptolemy.actor.util.CausalityInterfaceForComposites._computeActorDepth(CausalityInterfaceForComposites.java:532)
	at ptolemy.actor.util.CausalityInterfaceForComposites.checkForCycles(CausalityInterfaceForComposites.java:96)
	at ptolemy.domains.de.kernel.DEDirector.preinitialize(DEDirector.java:1338)
	at ptolemy.actor.CompositeActor.preinitialize(CompositeActor.java:1828)
	at ptolemy.actor.Manager.preinitializeAndResolveTypes(Manager.java:1040)
	at ptolemy.actor.Manager.initialize(Manager.java:710)
	at ptolemy.actor.Manager.execute(Manager.java:356)
	at ptolemy.actor.Manager.run(Manager.java:1263)
	at ptolemy.actor.Manager$PtolemyRunThread.run(Manager.java:1933)
java.lang.RuntimeException: Execution failed
	at ptolemy.moml.MoMLSimpleApplication$UnloadThread.run(MoMLSimpleApplication.java:402)
Caused by: ptolemy.kernel.util.IllegalActionException: Found a zero delay loop containing .dependencyLoop.original
  in .dependencyLoop and .dependencyLoop.original
	at ptolemy.actor.util.CausalityInterfaceForComposites._computeOutputPortDepth(CausalityInterfaceForComposites.java:759)
	at ptolemy.actor.util.CausalityInterfaceForComposites._computeInputDepth(CausalityInterfaceForComposites.java:696)
	at ptolemy.actor.util.CausalityInterfaceForComposites._computeOutputPortDepth(CausalityInterfaceForComposites.java:765)
	at ptolemy.actor.util.CausalityInterfaceForComposites._computeInputDepth(CausalityInterfaceForComposites.java:696)
	at ptolemy.actor.util.CausalityInterfaceForComposites._computeOutputPortDepth(CausalityInterfaceForComposites.java:765)
	at ptolemy.actor.util.CausalityInterfaceForComposites._computeInputDepth(CausalityInterfaceForComposites.java:696)
	at ptolemy.actor.util.CausalityInterfaceForComposites._computeActorDepth(CausalityInterfaceForComposites.java:532)
	at ptolemy.actor.util.CausalityInterfaceForComposites.checkForCycles(CausalityInterfaceForComposites.java:96)
	at ptolemy.domains.de.kernel.DEDirector.preinitialize(DEDirector.java:1338)
	at ptolemy.actor.CompositeActor.preinitialize(CompositeActor.java:1828)
	at ptolemy.actor.Manager.preinitializeAndResolveTypes(Manager.java:1040)
	at ptolemy.actor.Manager.initialize(Manager.java:710)
	at ptolemy.actor.Manager.execute(Manager.java:356)
	at ptolemy.actor.Manager.run(Manager.java:1263)
	at ptolemy.actor.Manager$PtolemyRunThread.run(Manager.java:1933)
java.lang.reflect.InvocationTargetException
	at java.base/jdk.internal.reflect.NativeConstructorAccessorImpl.newInstance0(Native Method)
	at java.base/jdk.internal.reflect.NativeConstructorAccessorImpl.newInstance(NativeConstructorAccessorImpl.java:62)
	at java.base/jdk.internal.reflect.DelegatingConstructorAccessorImpl.newInstance(DelegatingConstructorAccessorImpl.java:45)
	at java.base/java.lang.reflect.Constructor.newInstance(Constructor.java:490)
	at ptolemy.util.test.junit.AutoKnownFailedTests.RunModel(AutoKnownFailedTests.java:105)
	at java.base/jdk.internal.reflect.NativeMethodAccessorImpl.invoke0(Native Method)
	at java.base/jdk.internal.reflect.NativeMethodAccessorImpl.invoke(NativeMethodAccessorImpl.java:62)
	at java.base/jdk.internal.reflect.DelegatingMethodAccessorImpl.invoke(DelegatingMethodAccessorImpl.java:43)
	at java.base/java.lang.reflect.Method.invoke(Method.java:566)
	at org.junit.runners.model.FrameworkMethod$1.runReflectiveCall(FrameworkMethod.java:44)
	at org.junit.internal.runners.model.ReflectiveCallable.run(ReflectiveCallable.java:15)
	at org.junit.runners.model.FrameworkMethod.invokeExplosively(FrameworkMethod.java:41)
	at junitparams.internal.InvokeParameterisedMethod.evaluate(InvokeParameterisedMethod.java:102)
	at org.junit.internal.runners.statements.FailOnTimeout$1.run(FailOnTimeout.java:28)
Caused by: ptolemy.kernel.util.IllegalActionException: Found a zero delay loop containing .dependencyLoop.original
  in .dependencyLoop and .dependencyLoop.original
	at ptolemy.actor.util.CausalityInterfaceForComposites._computeOutputPortDepth(CausalityInterfaceForComposites.java:759)
	at ptolemy.actor.util.CausalityInterfaceForComposites._computeInputDepth(CausalityInterfaceForComposites.java:696)
	at ptolemy.actor.util.CausalityInterfaceForComposites._computeOutputPortDepth(CausalityInterfaceForComposites.java:765)
	at ptolemy.actor.util.CausalityInterfaceForComposites._computeInputDepth(CausalityInterfaceForComposites.java:696)
	at ptolemy.actor.util.CausalityInterfaceForComposites._computeOutputPortDepth(CausalityInterfaceForComposites.java:765)
	at ptolemy.actor.util.CausalityInterfaceForComposites._computeInputDepth(CausalityInterfaceForComposites.java:696)
	at ptolemy.actor.util.CausalityInterfaceForComposites._computeActorDepth(CausalityInterfaceForComposites.java:532)
	at ptolemy.actor.util.CausalityInterfaceForComposites.checkForCycles(CausalityInterfaceForComposites.java:96)
	at ptolemy.domains.de.kernel.DEDirector.preinitialize(DEDirector.java:1338)
	at ptolemy.actor.CompositeActor.preinitialize(CompositeActor.java:1828)
	at ptolemy.actor.Manager.preinitializeAndResolveTypes(Manager.java:1040)
	at ptolemy.actor.Manager.initialize(Manager.java:710)
	at ptolemy.actor.Manager.execute(Manager.java:356)
	at ptolemy.actor.Manager.run(Manager.java:1263)
	at ptolemy.actor.Manager$PtolemyRunThread.run(Manager.java:1933)
java.lang.RuntimeException: Execution failed
	at ptolemy.moml.MoMLSimpleApplication$UnloadThread.run(MoMLSimpleApplication.java:402)
Caused by: ptolemy.kernel.util.IllegalActionException: Found a zero delay loop containing .dependencyLoop2.original
  in .dependencyLoop2 and .dependencyLoop2.original
	at ptolemy.actor.util.CausalityInterfaceForComposites._computeOutputPortDepth(CausalityInterfaceForComposites.java:759)
	at ptolemy.actor.util.CausalityInterfaceForComposites._computeInputDepth(CausalityInterfaceForComposites.java:696)
	at ptolemy.actor.util.CausalityInterfaceForComposites._computeOutputPortDepth(CausalityInterfaceForComposites.java:765)
	at ptolemy.actor.util.CausalityInterfaceForComposites._computeInputDepth(CausalityInterfaceForComposites.java:696)
	at ptolemy.actor.util.CausalityInterfaceForComposites._computeOutputPortDepth(CausalityInterfaceForComposites.java:765)
	at ptolemy.actor.util.CausalityInterfaceForComposites._computeInputDepth(CausalityInterfaceForComposites.java:696)
	at ptolemy.actor.util.CausalityInterfaceForComposites._computeActorDepth(CausalityInterfaceForComposites.java:532)
	at ptolemy.actor.util.CausalityInterfaceForComposites.checkForCycles(CausalityInterfaceForComposites.java:96)
	at ptolemy.domains.de.kernel.DEDirector.preinitialize(DEDirector.java:1338)
	at ptolemy.actor.CompositeActor.preinitialize(CompositeActor.java:1828)
	at ptolemy.actor.Manager.preinitializeAndResolveTypes(Manager.java:1040)
	at ptolemy.actor.Manager.initialize(Manager.java:710)
	at ptolemy.actor.Manager.execute(Manager.java:356)
	at ptolemy.actor.Manager.run(Manager.java:1263)
	at ptolemy.actor.Manager$PtolemyRunThread.run(Manager.java:1933)
java.lang.reflect.InvocationTargetException
	at java.base/jdk.internal.reflect.NativeConstructorAccessorImpl.newInstance0(Native Method)
	at java.base/jdk.internal.reflect.NativeConstructorAccessorImpl.newInstance(NativeConstructorAccessorImpl.java:62)
	at java.base/jdk.internal.reflect.DelegatingConstructorAccessorImpl.newInstance(DelegatingConstructorAccessorImpl.java:45)
	at java.base/java.lang.reflect.Constructor.newInstance(Constructor.java:490)
	at ptolemy.util.test.junit.AutoKnownFailedTests.RunModel(AutoKnownFailedTests.java:105)
	at java.base/jdk.internal.reflect.NativeMethodAccessorImpl.invoke0(Native Method)
	at java.base/jdk.internal.reflect.NativeMethodAccessorImpl.invoke(NativeMethodAccessorImpl.java:62)
	at java.base/jdk.internal.reflect.DelegatingMethodAccessorImpl.invoke(DelegatingMethodAccessorImpl.java:43)
	at java.base/java.lang.reflect.Method.invoke(Method.java:566)
	at org.junit.runners.model.FrameworkMethod$1.runReflectiveCall(FrameworkMethod.java:44)
	at org.junit.internal.runners.model.ReflectiveCallable.run(ReflectiveCallable.java:15)
	at org.junit.runners.model.FrameworkMethod.invokeExplosively(FrameworkMethod.java:41)
	at junitparams.internal.InvokeParameterisedMethod.evaluate(InvokeParameterisedMethod.java:102)
	at org.junit.internal.runners.statements.FailOnTimeout$1.run(FailOnTimeout.java:28)
Caused by: ptolemy.kernel.util.IllegalActionException: Found a zero delay loop containing .dependencyLoop2.original
  in .dependencyLoop2 and .dependencyLoop2.original
	at ptolemy.actor.util.CausalityInterfaceForComposites._computeOutputPortDepth(CausalityInterfaceForComposites.java:759)
	at ptolemy.actor.util.CausalityInterfaceForComposites._computeInputDepth(CausalityInterfaceForComposites.java:696)
	at ptolemy.actor.util.CausalityInterfaceForComposites._computeOutputPortDepth(CausalityInterfaceForComposites.java:765)
	at ptolemy.actor.util.CausalityInterfaceForComposites._computeInputDepth(CausalityInterfaceForComposites.java:696)
	at ptolemy.actor.util.CausalityInterfaceForComposites._computeOutputPortDepth(CausalityInterfaceForComposites.java:765)
	at ptolemy.actor.util.CausalityInterfaceForComposites._computeInputDepth(CausalityInterfaceForComposites.java:696)
	at ptolemy.actor.util.CausalityInterfaceForComposites._computeActorDepth(CausalityInterfaceForComposites.java:532)
	at ptolemy.actor.util.CausalityInterfaceForComposites.checkForCycles(CausalityInterfaceForComposites.java:96)
	at ptolemy.domains.de.kernel.DEDirector.preinitialize(DEDirector.java:1338)
	at ptolemy.actor.CompositeActor.preinitialize(CompositeActor.java:1828)
	at ptolemy.actor.Manager.preinitializeAndResolveTypes(Manager.java:1040)
	at ptolemy.actor.Manager.initialize(Manager.java:710)
	at ptolemy.actor.Manager.execute(Manager.java:356)
	at ptolemy.actor.Manager.run(Manager.java:1263)
	at ptolemy.actor.Manager$PtolemyRunThread.run(Manager.java:1933)
]]></system-err>
</testsuite>
