<?xml version="1.0" encoding="UTF-8" ?>
<testsuite errors="0" failures="0" hostname="travis-job-1e0da4ee-2e8a-4df6-938d-cf5ca712117d" name="ptolemy.domains.de.test.junit.JUnitTclTest" skipped="0" tests="101" time="119.68" timestamp="2021-12-06T02:05:31">
  <properties>
    <property name="env.OLDPWD" value="/home/travis/build" />
    <property name="npm.executable" value="npm" />
    <property name="env.TRAVIS_ROOT" value="/" />
    <property name="ptII.mk.exists" value="true" />
    <property name="env.TRAVIS_APP_HOST" value="build.travis-ci.com" />
    <property name="env.rvm_bin_path" value="/home/travis/.rvm/bin" />
    <property name="java.home" value="/usr/local/lib/jvm/openjdk11" />
    <property name="env.TRAVIS_JOB_NUMBER" value="1851.9" />
    <property name="env.TRAVIS_HOME" value="/home/travis" />
    <property name="env.DISPLAY" value=":99.0" />
    <property name="env.TRAVIS_INIT" value="systemd" />
    <property name="env.SSH_TTY" value="/dev/pts/0" />
    <property name="java.net.preferIPv4Stack" value="true" />
    <property name="env.RUN_TESTS" value="true" />
    <property name="timeout.short" value="1000000" />
    <property name="junit.formatter" value="xml" />
    <property name="env.TRAVIS_SUDO" value="true" />
    <property name="env.TRAVIS_JOB_NAME" value="" />
    <property name="env.TRAVIS_STACK_NODE_ATTRIBUTES" value="/.node-attributes.yml" />
    <property name="env.LOGNAME" value="travis" />
    <property name="jsdoc.home" value="node_modules/@terraswarm/jsdoc" />
    <property name="debuglevel" value="source,lines,vars" />
    <property name="checkstyle.formatter" value="xml" />
    <property name="bin.vergil.makeable" value="true" />
    <property name="sun.os.patch.level" value="unknown" />
    <property name="java.vendor.url" value="http://java.oracle.com/" />
    <property name="env.TRAVIS_BUILD_WEB_URL" value="https://app.travis-ci.com/icyphy/ptII/builds/242938139" />
    <property name="java.version" value="11.0.2" />
    <property name="env.TZ" value="UTC" />
    <property name="env.TRAVIS_PULL_REQUEST_SHA" value="" />
    <property name="env.PT_NO_NET" value="true" />
    <property name="env.TRAVIS_SECURE_ENV_VARS" value="true" />
    <property name="java.vendor.url.bug" value="http://bugreport.java.com/bugreport/" />
    <property name="npmjs-org-is-up" value="true" />
    <property name="env.LANGUAGE" value="en_US.UTF-8" />
    <property name="env.SSH_CLIENT" value="10.16.1.16 52330 22" />
    <property name="env.GEM_HOME" value="/home/travis/.rvm/gems/ruby-2.6.5" />
    <property name="env.HAS_ANTARES_THREE_LITTLE_FRONZIES_BADGE" value="true" />
    <property name="java.version.date" value="2019-01-15" />
    <property name="env.PS4" value="+" />
    <property name="ant.project.invoked-targets" value="build,test.core2.xml" />
    <property name="env.TRAVIS_PULL_REQUEST_BRANCH" value="" />
    <property name="env.TRAVIS_REPO_SLUG" value="icyphy/ptII" />
    <property name="env.XDG_DATA_DIRS" value="/usr/local/share:/usr/share:/var/lib/snapd/desktop" />
    <property name="jdk.debug" value="release" />
    <property name="env.TRAVIS_APT_PROXY" value="http://build-cache.travisci.net" />
    <property name="env.TRAVIS_CPU_ARCH" value="amd64" />
    <property name="node.in.path" value="true" />
    <property name="user.name" value="travis" />
    <property name="java.maxmemory" value="1400m" />
    <property name="env.RUBY_VERSION" value="ruby-2.6.5" />
    <property name="env.LANG" value="en_US.UTF-8" />
    <property name="sun.io.unicode.encoding" value="UnicodeLittle" />
    <property name="sun.jnu.encoding" value="UTF-8" />
    <property name="java.runtime.name" value="OpenJDK Runtime Environment" />
    <property name="usefile" value="false" />
    <property name="return.code" value="0" />
    <property name="junit.single.formatter" value="plain" />
    <property name="env.DYLD_LIBRARY_PATH" value="/home/travis/pthla/certi-tools/lib:" />
    <property name="env.DEBIAN_FRONTEND" value="noninteractive" />
    <property name="env.SSH_CONNECTION" value="10.16.1.16 52330 10.30.0.123 22" />
    <property name="env.MYSQL_UNIX_PORT" value="/var/run/mysqld/mysqld.sock" />
    <property name="env.LC_ALL" value="en_US.UTF-8" />
    <property name="env.TRAVIS_ALLOW_FAILURE" value="" />
    <property name="env.TRAVIS_JOB_WEB_URL" value="https://app.travis-ci.com/icyphy/ptII/jobs/550934787" />
    <property name="java.specification.name" value="Java Platform API Specification" />
    <property name="node.works" value="true" />
    <property name="user.timezone" value="" />
    <property name="path.separator" value=":" />
    <property name="env.TRAVIS_ENABLE_INFRA_DETECTION" value="true" />
    <property name="env.PYTHON_CFLAGS" value="-g -fstack-protector --param=ssp-buffer-size=4 -Wformat -Werror=format-security" />
    <property name="timeout.long" value="4000000" />
    <property name="env.CERTI_HOME" value="/home/travis/pthla/certi-tools" />
    <property name="ant.file.ptII" value="/home/travis/build/icyphy/ptII/build.xml" />
    <property name="javadoc.packagenames" value="com.*,diva.*,lbnl.*,org.hlacerti.*,org.json.*,org.ptolemy.*,org.terraswarm.*,ptolemy.*,ptserver.*" />
    <property name="file.encoding" value="UTF-8" />
    <property name="env.TRAVIS_PULL_REQUEST_SLUG" value="" />
    <property name="ant.project.default-target" value="build" />
    <property name="env.GIT_ASKPASS" value="echo" />
    <property name="env.HOME" value="/home/travis" />
    <property name="sun.java.command" value="org.apache.tools.ant.taskdefs.optional.junit.JUnitTestRunner ptolemy.domains.de.test.junit.JUnitTclTest skipNonTests=false filtertrace=true haltOnError=false haltOnFailure=false formatter=org.apache.tools.ant.taskdefs.optional.junit.OutErrSummaryJUnitResultFormatter showoutput=true outputtoformatters=true logfailedtests=true threadid=0 logtestlistenerevents=false formatter=org.apache.tools.ant.taskdefs.optional.junit.XMLJUnitResultFormatter,/home/travis/build/icyphy/ptII/reports/junit/TEST-ptolemy.domains.de.test.junit.JUnitTclTest.xml crashfile=/home/travis/build/icyphy/ptII/junitvmwatcher2869311648022531473.properties propsfile=/home/travis/build/icyphy/ptII/junit14663197383665380008.properties" />
    <property name="env.COMPOSER_NO_INTERACTION" value="1" />
    <property name="env.MANPATH" value="/home/travis/.nvm/versions/node/v7.10.1/share/man:/home/travis/.kiex/elixirs/elixir-1.7.4/man:/home/travis/.rvm/rubies/ruby-2.6.5/share/man:/usr/local/cmake-3.12.4/man:/usr/local/clang-7.0.0/share/man:/usr/local/man:/usr/local/share/man:/usr/share/man:/home/travis/.rvm/man" />
    <property name="env.TRAVIS_TIMER_ID" value="205286c0" />
    <property name="ant.file" value="/home/travis/build/icyphy/ptII/build.xml" />
    <property name="env.TRAVIS_COMMIT_RANGE" value="83d15f2bbc5e0bff50436e0e1a8e0dccbb2bf6c8...60786cc645dd63c18f4a4ea4f3a4f5584eec1f5d" />
    <property name="ptII.classpath.optional.property" value="/home/travis/build/icyphy/ptII/lib/asm-all-5.2.jar:/home/travis/build/icyphy/ptII/lib/nashorn-core-15.3.jar:/home/travis/build/icyphy/ptII/lib/bsh-2.0b4.jar:/home/travis/build/icyphy/ptII/lib/ptCal.jar:/home/travis/build/icyphy/ptII/lib/java_cup.jar:/home/travis/build/icyphy/ptII/lib/saxon8.jar:/home/travis/build/icyphy/ptII/lib/saxon8-dom.jar:/home/travis/build/icyphy/ptII/lib/chic.jar:/home/travis/build/icyphy/ptII/lib/ptcolt.jar:/home/travis/build/icyphy/ptII/vendors/misc/itext/iText.jar:/home/travis/build/icyphy/ptII/lib/g4ltl.jar:/home/travis/build/icyphy/ptII/lib/StructuralCoder.jar:/home/travis/build/icyphy/ptII/lib/jcerti.jar:/home/travis/build/icyphy/ptII/lib/javax.mail.jar:/home/travis/build/icyphy/ptII/vendors/JMF-2.1.1e/lib/jmf.jar:/home/travis/build/icyphy/ptII/lib/jna-4.0.0-variadic.jar:/home/travis/build/icyphy/ptII/vendors/misc/joystick/Joystick.jar:/home/travis/build/icyphy/ptII/lib/ptjacl.jar:/home/travis/build/icyphy/ptII/lib/jsoup-1.14.2.jar:/home/travis/build/icyphy/ptII/lib/junit-4.8.2.jar:/home/travis/build/icyphy/ptII/lib/JUnitParams-0.4.0.jar:/home/travis/build/icyphy/ptII/ptolemy/actor/lib/excel/jxl.jar:/home/travis/build/icyphy/ptII/lib/jython.jar:/home/travis/build/icyphy/ptII/lib/kieler.jar:/home/travis/build/icyphy/ptII/vendors/opencv/share/OpenCV/java/opencv-341.jar:/home/travis/build/icyphy/ptII/lib/oscP5.jar:/home/travis/build/icyphy/ptII/lib/nrjavaserial-3.11.0.devel.jar:/home/travis/build/icyphy/ptII/vendors/j3d/lib/Linux/j3dcore.jar:/home/travis/build/icyphy/ptII/vendors/j3d/lib/Linux/j3dutils.jar:/home/travis/build/icyphy/ptII/vendors/j3d/lib/Linux/vecmath.jar:/home/travis/build/icyphy/ptII/vendors/jogl/lib/Linux/gluegen-rt-natives-linux-amd64.jar:/home/travis/build/icyphy/ptII/vendors/jogl/lib/Linux/gluegen-rt.jar:/home/travis/build/icyphy/ptII/vendors/jogl/lib/Linux/jogl-all-natives-linux-amd64.jar:/home/travis/build/icyphy/ptII/vendors/jogl/lib/Linux/jogl-all.jar:/home/travis/build/icyphy/ptII/ptolemy/distributed/jini/jar/jini-core.jar:/home/travis/build/icyphy/ptII/ptolemy/distributed/jini/jar/jini-ext.jar:/home/travis/build/icyphy/ptII/ptolemy/distributed/jini/jar/sun-util.jar:/home/travis/build/icyphy/ptII/lib/protobuf-java-2.4.1.jar:/home/travis/build/icyphy/ptII/lib/org.eclipse.paho.client.mqttv3.jar:/home/travis/build/icyphy/ptII/lib/mapss.jar:/home/travis/build/icyphy/ptII/ptolemy/actor/ptalon/antlr/antlr.jar:/home/travis/build/icyphy/ptII/lib/JRI.jar:/home/travis/build/icyphy/ptII/lib/commons-lang-2.6.jar:/home/travis/build/icyphy/ptII/lib/commons-logging-1.1.1.jar:/home/travis/build/icyphy/ptII/lib/sootclasses.jar:/home/travis/build/icyphy/ptII/ptolemy/actor/lib/database/mysql-connector-java-8.0.26.jar:/home/travis/build/icyphy/ptII/vendors/misc/sphinx4/sphinx4-data-5prealpha.jar:/home/travis/build/icyphy/ptII/vendors/misc/sphinx4/sphinx4-core-5prealpha.jar:/home/travis/build/icyphy/ptII/lib/PDFRenderer.jar:/home/travis/build/icyphy/ptII/lib/svgSalamander.jar:/home/travis/build/icyphy/ptII/lib/rsyntaxtextarea-2.6.0-SNAPSHOT.jar:/home/travis/build/icyphy/ptII/lib/hazelcast-3.8.2.jar:/home/travis/build/icyphy/ptII/lib/jackson-annotations-2.9.0.jar:/home/travis/build/icyphy/ptII/lib/jackson-core-2.9.3.jar:/home/travis/build/icyphy/ptII/lib/jackson-databind-2.9.3.jar:/home/travis/build/icyphy/ptII/lib/netty-buffer-4.1.19.Final.jar:/home/travis/build/icyphy/ptII/lib/netty-codec-4.1.19.Final.jar:/home/travis/build/icyphy/ptII/lib/netty-codec-dns-4.1.19.Final.jar:/home/travis/build/icyphy/ptII/lib/netty-codec-http-4.1.19.Final.jar:/home/travis/build/icyphy/ptII/lib/netty-codec-http2-4.1.19.Final.jar:/home/travis/build/icyphy/ptII/lib/netty-common-4.1.19.Final.jar:/home/travis/build/icyphy/ptII/lib/netty-handler-4.1.19.Final.jar:/home/travis/build/icyphy/ptII/lib/netty-resolver-4.1.19.Final.jar:/home/travis/build/icyphy/ptII/lib/netty-resolver-dns-4.1.19.Final.jar:/home/travis/build/icyphy/ptII/lib/netty-transport-4.1.19.Final.jar:/home/travis/build/icyphy/ptII/lib/vertx-codegen-3.5.1.jar:/home/travis/build/icyphy/ptII/lib/vertx-core-3.5.2-SNAPSHOT.jar:/home/travis/build/icyphy/ptII/lib/vertx-hazelcast-3.5.1.jar:/home/travis/build/icyphy/ptII/lib/vertx-lang-js-3.5.1.jar:/home/travis/build/icyphy/ptII/lib/vertx-service-proxy-3.5.1.jar:/home/travis/build/icyphy/ptII/lib/vertx-web-3.5.1.jar:/home/travis/build/icyphy/ptII/lib/slf4j-api-1.7.13.jar:/home/travis/build/icyphy/ptII/lib/slf4j-simple-1.7.13.jar:/home/travis/build/icyphy/ptII/lib/webcam-capture-0.3.12.jar:/home/travis/build/icyphy/ptII/lib/bridj-0.7.0.jar:/home/travis/build/icyphy/ptII/lib/xbjlib-1.1.0.nrjavaserial.jar" />
    <property name="timeout" value="2400000" />
    <property name="test.batch" value="**/junit/*.java" />
    <property name="env._" value="/usr/bin/timeout" />
    <property name="java.io.tmpdir" value="/tmp" />
    <property name="user.language" value="en" />
    <property name="env.TRAVIS_INTERNAL_RUBY_REGEX" value="^ruby-(2\.[0-4]\.[0-9]|1\.9\.3)" />
    <property name="env.HISTCONTROL" value="ignoredups:ignorespace" />
    <property name="env.GOROOT" value="/home/travis/.gimme/versions/go1.11.1.linux.amd64" />
    <property name="line.separator" value="&#xa;" />
    <property name="target" value="11" />
    <property name="env.TRAVIS_BUILD_DIR" value="/home/travis/build/icyphy/ptII" />
    <property name="env.ANT_OPTS" value="-Xmx2048m" />
    <property name="ant.file.type" value="file" />
    <property name="ptolemy.ptII.batchMode" value="true" />
    <property name="env.HISTSIZE" value="1000" />
    <property name="env.MERB_ENV" value="test" />
    <property name="java.vm.info" value="mixed mode" />
    <property name="source" value="11" />
    <property name="java.vm.specification.name" value="Java Virtual Machine Specification" />
    <property name="env.TRAVIS_TEST_RESULT" value="0" />
    <property name="jsdoc.command" value="node_modules/@terraswarm/jsdoc/jsdoc.js" />
    <property name="npm.works" value="true" />
    <property name="cobertura.dir" value="/home/travis/build/icyphy/ptII/vendors/cobertura-2.0.3" />
    <property name="jsdoc.command.exists" value="true" />
    <property name="env.rvm_path" value="/home/travis/.rvm" />
    <property name="env.GEM_PATH" value="/home/travis/.rvm/gems/ruby-2.6.5:/home/travis/.rvm/gems/ruby-2.6.5@global" />
    <property name="env.LC_CTYPE" value="en_US.UTF-8" />
    <property name="env.TRAVIS_CMD" value="$PTII/bin/ptIITravisBuild.sh $SECONDS" />
    <property name="java.awt.printerjob" value="sun.print.PSPrinterJob" />
    <property name="env.TRAVIS_STACK_NAME" value="ubuntu_1804" />
    <property name="env.TRAVIS_TIMER_START_TIME" value="1638756141083143864" />
    <property name="ant.version" value="Apache Ant(TM) version 1.10.1 compiled on February 2 2017" />
    <property name="ptII.reports" value="/home/travis/build/icyphy/ptII/reports" />
    <property name="env.TRAVIS_STACK_TIMESTAMP" value="2021-12-02 09:53:20 UTC" />
    <property name="ant.file.type.ptII" value="file" />
    <property name="env.RBENV_SHELL" value="bash" />
    <property name="os.name" value="Linux" />
    <property name="java.specification.vendor" value="Oracle Corporation" />
    <property name="env.rvm_version" value="1.29.12 (latest)" />
    <property name="env.TRAVIS_INFRA" value="unknown" />
    <property name="env.TERM" value="xterm" />
    <property name="java.vm.name" value="OpenJDK 64-Bit Server VM" />
    <property name="env.TRAVIS_BUILD_NUMBER" value="1851" />
    <property name="env.CI" value="true" />
    <property name="java.library.path" value="/home/travis/pthla/certi-tools/lib:/usr/lib/jni:/usr/local/share/OpenCV/java/:/usr/share/OpenCV/java::/usr/java/packages/lib:/usr/lib64:/lib64:/lib:/usr/lib" />
    <property name="jdk.module.path" value="/home/travis/build/icyphy/ptII/vendors/javafx/javafx-sdk-11.0.2/lib:" />
    <property name="env.rvm_prefix" value="/home/travis" />
    <property name="env.PATH" value="/home/travis/pthla/certi-tools/share/scripts:/home/travis/.rvm/gems/ruby-2.6.5/bin:/home/travis/.rvm/gems/ruby-2.6.5@global/bin:/home/travis/.rvm/rubies/ruby-2.6.5/bin:/home/travis/.rvm/bin:./node_modules/.bin:/home/travis/build/icyphy/ptII/bin:/home/travis/pthla/certi-tools/bin:/home/travis/bin:/home/travis/.local/bin:/usr/local/lib/jvm/openjdk11/bin:/opt/pyenv/shims:/home/travis/.phpenv/shims:/home/travis/perl5/perlbrew/bin:/home/travis/.nvm/versions/node/v7.10.1/bin:/home/travis/.kiex/elixirs/elixir-1.7.4/bin:/home/travis/.kiex/bin:/home/travis/gopath/bin:/home/travis/.gimme/versions/go1.11.1.linux.amd64/bin:/usr/local/maven-3.6.3/bin:/usr/local/cmake-3.12.4/bin:/usr/local/clang-7.0.0/bin:/usr/local/sbin:/usr/local/bin:/usr/sbin:/usr/bin:/sbin:/bin:/snap/bin:/home/travis/.phpenv/bin:/opt/pyenv/bin:/home/travis/.yarn/bin" />
    <property name="env.TRAVIS_OS_NAME" value="linux" />
    <property name="ant.java.version" value="9" />
    <property name="basedir" value="/home/travis/build/icyphy/ptII" />
    <property name="java.class.version" value="55.0" />
    <property name="env.SHLVL" value="3" />
    <property name="env.LD_LIBRARY_PATH" value="/home/travis/pthla/certi-tools/lib:/usr/lib/jni:/usr/local/share/OpenCV/java/:/usr/share/OpenCV/java:" />
    <property name="env.RACK_ENV" value="test" />
    <property name="ant.home" value="/home/travis/build/icyphy/ptII/ant" />
    <property name="env.NVM_DIR" value="/home/travis/.nvm" />
    <property name="env.CERTI_FOM_PATH" value="/home/travis/pthla/certi-tools/share/federations" />
    <property name="env.TRAVIS_BUILD_ID" value="242938139" />
    <property name="env.PYENV_ROOT" value="/opt/pyenv" />
    <property name="env.TRAVIS_UID" value="2000" />
    <property name="prism.verbose" value="true" />
    <property name="env.NVM_BIN" value="/home/travis/.nvm/versions/node/v7.10.1/bin" />
    <property name="env.TRAVIS_COMMIT" value="60786cc645dd63c18f4a4ea4f3a4f5584eec1f5d" />
    <property name="node.executable" value="node" />
    <property name="sun.boot.library.path" value="/usr/local/lib/jvm/openjdk11/lib" />
    <property name="sun.management.compiler" value="HotSpot 64-Bit Tiered Compilers" />
    <property name="java.awt.graphicsenv" value="sun.awt.X11GraphicsEnvironment" />
    <property name="env.GOPATH" value="/home/travis/gopath" />
    <property name="ptolemy.ptII.dir" value="/home/travis/build/icyphy/ptII" />
    <property name="env.USER" value="travis" />
    <property name="env.HISTFILESIZE" value="2000" />
    <property name="env.NVM_INC" value="/home/travis/.nvm/versions/node/v7.10.1/include/node" />
    <property name="timeout.longest" value="19000000" />
    <property name="env.PERLBREW_SHELLRC_VERSION" value="0.93" />
    <property name="env.TRAVIS_STACK_FEATURES" value="basic couchdb disabled-ipv6 docker docker-compose elasticsearch firefox go-toolchain google-chrome jdk memcached mongodb mysql nodejs_interpreter perl_interpreter perlbrew phantomjs postgresql python_interpreter redis ruby_interpreter sqlite xserver" />
    <property name="env.TRAVIS_PULL_REQUEST" value="false" />
    <property name="env.PYENV_SHELL" value="bash" />
    <property name="ant.project.name" value="ptII" />
    <property name="env.ANSI_RESET" value="\033[0m" />
    <property name="java.vm.specification.version" value="11" />
    <property name="env.TRAVIS_DIST" value="bionic" />
    <property name="env.CERTI_VERSION" value="4.0.0" />
    <property name="env.CERTI_HOST" value="localhost" />
    <property name="awt.toolkit" value="sun.awt.X11.XToolkit" />
    <property name="env.MY_RUBY_HOME" value="/home/travis/.rvm/rubies/ruby-2.6.5" />
    <property name="sun.cpu.isalist" value="" />
    <property name="env.TRAVIS_TMPDIR" value="/tmp/tmp.3xkwgSzvW1" />
    <property name="java.vm.compressedOopsMode" value="Zero based" />
    <property name="os.version" value="5.4.0-1058-gcp" />
    <property name="user.home" value="/home/travis" />
    <property name="env.MIX_ARCHIVES" value="/home/travis/.kiex/mix/elixir-1.7.4" />
    <property name="java.vm.vendor" value="Oracle Corporation" />
    <property name="env.TRAVIS_TAG" value="nightly" />
    <property name="env.ANSI_YELLOW" value="\033[33;1m" />
    <property name="env.TRAVIS_FILTERED" value="redirect_io" />
    <property name="env.ANSI_GREEN" value="\033[32;1m" />
    <property name="env.JAVA_HOME" value="/usr/local/lib/jvm/openjdk11" />
    <property name="javadoc.excludepackagenames" value="adm.cvs2svn.*,build.*,config.*,doc.coding.templates.*,jni.test.jni.meaningOfLife.*,jni.test.jni.testDeux.*,jni.test.jni.testTrois.*,org.terraswarm.accessor.accessors.web.node_modules.*,org.terraswarm.accessor.accessors.web.hosts.cordova.demo.*,org.terraswarm.accessor.accessors.web.hosts.cordova.plugins.*,org.terraswarm.accessor.accessors-svn.*,pt-modules.*,ptolemy.apps.agilent.*,ptolemy.apps.anytimecontrol.*,ptolemy.apps.apes.*,ptolemy.apps.charon.*,ptolemy.apps.crazyboard.*,ptolemy.apps.eclipse.*,ptolemy.apps.etherealSting.*,ptolemy.apps.fullscreen.*,ptolemy.apps.giotto.*,ptolemy.apps.ia.*,ptolemy.apps.interfaces.*,ptolemy.apps.jmf.*,ptolemy.apps.kurt.*,ptolemy.apps.kvm.*,ptolemy.apps.lego.*,ptolemy.apps.lejos.*,ptolemy.apps.midp.*,ptolemy.apps.mobileCoding.*,ptolemy.apps.pendulum.*,ptolemy.apps.rijndael.*,ptolemy.apps.robot.*,ptolemy.apps.security.*,ptolemy.apps.sobel.*,ptolemy.apps.soot.*,ptolemy.apps.throttle.*,ptolemy.apps.tini.*,ptolemy.apps.transmission.*,ptolemy.apps.vergil.*,ptolemy.apps.waba.*,ptolemy.apps.websensor.*,ptolemy.apps.webstart.*,ptolemy.apps.xsl.*,ptolemy.apps.zaurus.*,ptolemy.codegen.c.actor.lib.oldJavaFiles.*,ptolemy.codegen.dsp.lib.*,ptolemy.codegen.kernel.newInterfaces.*,ptolemy.codegen.lib.*,ptolemy.copernicus.kernel.fragment.*,ptolemy.copernicus.shallow.cg.*,ptolemy.domains.giotto.demo.Hierarchy.Hierarchy.*,ptolemy.domains.giotto.demo.Multimode.Multimode.*,ptolemy.domains.giotto.demo.Simple.Simple.*,ptolemy.domains.gr.lib.experimental.*,ptolemy.domains.gro.*,ptolemy.domains.pdf.*,ptolemy.domains.ptinyos.demo.Surge.output.*,ptolemy.moml.test.NoPackageActor.java*,ptolemy.plot.adm.*,ptolemy.plot.servlet.*,reports.*,signed.*,src.*,target.*,vendors.*,ptolemy.copernicus.applet.*,ptolemy.media.viewer.*,ptolemy.actor.corba.*,doc.doclets.*,ptolemy.apps.eclipse.awt.*,ptolemy.backtrack.*,ptolemy.backtrack.ast.*,ptolemy.cg.adapter.generic.program.procedural.c.mbed*,ptolemy.homer.*,ptolemy.actor.lib.jai.*,org.ptolemy.scala.*,diva.util.java2d.svg.*,ptolemy.domains.ptinyos.*,ptolemy.actor.lib.fmi.fmipp.*,,org.terraswarm.accessor.accessors.web.node_modules.*,org.terraswarm.accessor.accessors-svn,ptolemy.apps.*,ptolemy.actor.ptalon.demo.ptinyos.SendAndReceiveCnt.output,ptolemy.actor.ptalon.demo.ptinyos.SenseToLeds.output,ptolemy.domains.ptinyos.demo.CntToLedsAndRfm.output,ptolemy.domains.ptinyos.demo.RfmToLeds.output,ptolemy.domains.ptinyos.demo.SendAndReceiveCnt.output,ptolemy.domains.ptinyos.demo.SenseToLeds.output,ptolemy.actor.lib.jjs.modules.udpSocket.*" />
    <property name="env.PTII" value="/home/travis/build/icyphy/ptII" />
    <property name="env.XDG_SESSION_ID" value="3" />
    <property name="keystore" value="ptKeystore" />
    <property name="env.TRAVIS_COMMIT_MESSAGE" value="CERTI_SRC is a directory, not a file." />
    <property name="junit.output.dir" value="/home/travis/build/icyphy/ptII/reports/junit" />
    <property name="npm.return.code" value="0" />
    <property name="user.dir" value="/home/travis/build/icyphy/ptII/ptolemy/domains/de/test" />
    <property name="env.TRAVIS_NODE_VERSION" value="7" />
    <property name="env.TRAVIS_EVENT_TYPE" value="cron" />
    <property name="env.MAIL" value="/var/mail/travis" />
    <property name="env.PERLBREW_ROOT" value="/home/travis/perl5/perlbrew" />
    <property name="env.PWD" value="/home/travis/build/icyphy/ptII" />
    <property name="timeout.npm" value="45000" />
    <property name="env.PT_TRAVIS_TEST_CORE2_XML" value="true" />
    <property name="env.TRAVIS_ARCH" value="amd64" />
    <property name="sun.cpu.endian" value="little" />
    <property name="env.PAGER" value="cat" />
    <property name="env.TRAVIS_BUILD_STAGE_NAME" value="test" />
    <property name="env.PERLBREW_HOME" value="/home/travis/.perlbrew" />
    <property name="java.vm.version" value="11.0.2+9" />
    <property name="env.RAILS_ENV" value="test" />
    <property name="java.class.path" value="/home/travis/build/icyphy/ptII:/home/travis/build/icyphy/ptII/lib/asm-all-5.2.jar:/home/travis/build/icyphy/ptII/lib/nashorn-core-15.3.jar:/home/travis/build/icyphy/ptII/lib/bsh-2.0b4.jar:/home/travis/build/icyphy/ptII/lib/ptCal.jar:/home/travis/build/icyphy/ptII/lib/java_cup.jar:/home/travis/build/icyphy/ptII/lib/saxon8.jar:/home/travis/build/icyphy/ptII/lib/saxon8-dom.jar:/home/travis/build/icyphy/ptII/lib/chic.jar:/home/travis/build/icyphy/ptII/lib/ptcolt.jar:/home/travis/build/icyphy/ptII/vendors/misc/itext/iText.jar:/home/travis/build/icyphy/ptII/lib/g4ltl.jar:/home/travis/build/icyphy/ptII/lib/StructuralCoder.jar:/home/travis/build/icyphy/ptII/lib/jcerti.jar:/home/travis/build/icyphy/ptII/lib/javax.mail.jar:/home/travis/build/icyphy/ptII/vendors/JMF-2.1.1e/lib/jmf.jar:/home/travis/build/icyphy/ptII/lib/jna-4.0.0-variadic.jar:/home/travis/build/icyphy/ptII/vendors/misc/joystick/Joystick.jar:/home/travis/build/icyphy/ptII/lib/ptjacl.jar:/home/travis/build/icyphy/ptII/lib/jsoup-1.14.2.jar:/home/travis/build/icyphy/ptII/lib/junit-4.8.2.jar:/home/travis/build/icyphy/ptII/lib/JUnitParams-0.4.0.jar:/home/travis/build/icyphy/ptII/ptolemy/actor/lib/excel/jxl.jar:/home/travis/build/icyphy/ptII/lib/jython.jar:/home/travis/build/icyphy/ptII/lib/kieler.jar:/home/travis/build/icyphy/ptII/vendors/opencv/share/OpenCV/java/opencv-341.jar:/home/travis/build/icyphy/ptII/lib/oscP5.jar:/home/travis/build/icyphy/ptII/lib/nrjavaserial-3.11.0.devel.jar:/home/travis/build/icyphy/ptII/vendors/j3d/lib/Linux/j3dcore.jar:/home/travis/build/icyphy/ptII/vendors/j3d/lib/Linux/j3dutils.jar:/home/travis/build/icyphy/ptII/vendors/j3d/lib/Linux/vecmath.jar:/home/travis/build/icyphy/ptII/vendors/jogl/lib/Linux/gluegen-rt-natives-linux-amd64.jar:/home/travis/build/icyphy/ptII/vendors/jogl/lib/Linux/gluegen-rt.jar:/home/travis/build/icyphy/ptII/vendors/jogl/lib/Linux/jogl-all-natives-linux-amd64.jar:/home/travis/build/icyphy/ptII/vendors/jogl/lib/Linux/jogl-all.jar:/home/travis/build/icyphy/ptII/ptolemy/distributed/jini/jar/jini-core.jar:/home/travis/build/icyphy/ptII/ptolemy/distributed/jini/jar/jini-ext.jar:/home/travis/build/icyphy/ptII/ptolemy/distributed/jini/jar/sun-util.jar:/home/travis/build/icyphy/ptII/lib/protobuf-java-2.4.1.jar:/home/travis/build/icyphy/ptII/lib/org.eclipse.paho.client.mqttv3.jar:/home/travis/build/icyphy/ptII/lib/mapss.jar:/home/travis/build/icyphy/ptII/ptolemy/actor/ptalon/antlr/antlr.jar:/home/travis/build/icyphy/ptII/lib/JRI.jar:/home/travis/build/icyphy/ptII/lib/commons-lang-2.6.jar:/home/travis/build/icyphy/ptII/lib/commons-logging-1.1.1.jar:/home/travis/build/icyphy/ptII/lib/sootclasses.jar:/home/travis/build/icyphy/ptII/ptolemy/actor/lib/database/mysql-connector-java-8.0.26.jar:/home/travis/build/icyphy/ptII/vendors/misc/sphinx4/sphinx4-data-5prealpha.jar:/home/travis/build/icyphy/ptII/vendors/misc/sphinx4/sphinx4-core-5prealpha.jar:/home/travis/build/icyphy/ptII/lib/PDFRenderer.jar:/home/travis/build/icyphy/ptII/lib/svgSalamander.jar:/home/travis/build/icyphy/ptII/lib/rsyntaxtextarea-2.6.0-SNAPSHOT.jar:/home/travis/build/icyphy/ptII/lib/hazelcast-3.8.2.jar:/home/travis/build/icyphy/ptII/lib/jackson-annotations-2.9.0.jar:/home/travis/build/icyphy/ptII/lib/jackson-core-2.9.3.jar:/home/travis/build/icyphy/ptII/lib/jackson-databind-2.9.3.jar:/home/travis/build/icyphy/ptII/lib/netty-buffer-4.1.19.Final.jar:/home/travis/build/icyphy/ptII/lib/netty-codec-4.1.19.Final.jar:/home/travis/build/icyphy/ptII/lib/netty-codec-dns-4.1.19.Final.jar:/home/travis/build/icyphy/ptII/lib/netty-codec-http-4.1.19.Final.jar:/home/travis/build/icyphy/ptII/lib/netty-codec-http2-4.1.19.Final.jar:/home/travis/build/icyphy/ptII/lib/netty-common-4.1.19.Final.jar:/home/travis/build/icyphy/ptII/lib/netty-handler-4.1.19.Final.jar:/home/travis/build/icyphy/ptII/lib/netty-resolver-4.1.19.Final.jar:/home/travis/build/icyphy/ptII/lib/netty-resolver-dns-4.1.19.Final.jar:/home/travis/build/icyphy/ptII/lib/netty-transport-4.1.19.Final.jar:/home/travis/build/icyphy/ptII/lib/vertx-codegen-3.5.1.jar:/home/travis/build/icyphy/ptII/lib/vertx-core-3.5.2-SNAPSHOT.jar:/home/travis/build/icyphy/ptII/lib/vertx-hazelcast-3.5.1.jar:/home/travis/build/icyphy/ptII/lib/vertx-lang-js-3.5.1.jar:/home/travis/build/icyphy/ptII/lib/vertx-service-proxy-3.5.1.jar:/home/travis/build/icyphy/ptII/lib/vertx-web-3.5.1.jar:/home/travis/build/icyphy/ptII/lib/slf4j-api-1.7.13.jar:/home/travis/build/icyphy/ptII/lib/slf4j-simple-1.7.13.jar:/home/travis/build/icyphy/ptII/lib/webcam-capture-0.3.12.jar:/home/travis/build/icyphy/ptII/lib/bridj-0.7.0.jar:/home/travis/build/icyphy/ptII/lib/xbjlib-1.1.0.nrjavaserial.jar:/home/travis/build/icyphy/ptII/ptolemy/moml/test:/home/travis/build/icyphy/ptII/ant/lib/ant-launcher.jar:/home/travis/build/icyphy/ptII/ant/lib/ant.jar:/home/travis/build/icyphy/ptII/ant/lib/ant-junit.jar:/home/travis/build/icyphy/ptII/ant/lib/ant-junit4.jar" />
    <property name="ant.library.dir" value="/home/travis/build/icyphy/ptII/ant/lib" />
    <property name="os.arch" value="amd64" />
    <property name="env.CONTINUOUS_INTEGRATION" value="true" />
    <property name="env.TRAVIS_LANGUAGE" value="node_js" />
    <property name="env.TRAVIS_STACK_LANGUAGES" value="__ubuntu_1804__ c c++ clojure cplusplus cpp crystal default generic go groovy java node_js php pure_java python r ruby scala julia perl perl6 elixir erlang" />
    <property name="test.name" value="ptolemy.actor.lib.test.junit.JUnitTclTest" />
    <property name="env.APT_KEY_DONT_WARN_ON_DANGEROUS_USAGE" value="1" />
    <property name="sun.java.launcher" value="SUN_STANDARD" />
    <property name="env.PYTHON_CONFIGURE_OPTS" value="--enable-unicode=ucs4 --with-wide-unicode --enable-shared --enable-ipv6 --enable-loadable-sqlite-extensions --with-computed-gotos" />
    <property name="ant.core.lib" value="/home/travis/build/icyphy/ptII/ant/lib/ant.jar" />
    <property name="java.vm.specification.vendor" value="Oracle Corporation" />
    <property name="env.BCVTB_HOME" value="/home/travis/build/icyphy/ptII/lbnl" />
    <property name="file.separator" value="/" />
    <property name="spotbugs.home" value="/home/travis/build/icyphy/ptII/vendors/spotbugs-3.1.1" />
    <property name="java.runtime.version" value="11.0.2+9" />
    <property name="env.ANSI_CLEAR" value="\033[0K" />
    <property name="javafx.verbose" value="true" />
    <property name="env.HAS_JOSH_K_SEAL_OF_APPROVAL" value="true" />
    <property name="env.XDG_RUNTIME_DIR" value="/run/user/2000" />
    <property name="env.TRAVIS_OSX_IMAGE" value="" />
    <property name="env.TRAVIS_JOB_ID" value="550934787" />
    <property name="env.TRAVIS_BRANCH" value="master" />
    <property name="user.country" value="US" />
    <property name="env.CERTI_HOME_TRAVIS" value="/home/travis/pthla/certi-tools" />
    <property name="env.SHELL" value="/bin/bash" />
    <property name="java.maxmemory.large" value="3200m" />
    <property name="model" value="" />
    <property name="env.CASHER_DIR" value="/home/travis/.casher" />
    <property name="env.NVM_CD_FLAGS" value="" />
    <property name="java.vendor.version" value="18.9" />
    <property name="jshint.executable" value="/home/travis/node_modules/jshint/bin/jshint" />
    <property name="env.JRUBY_OPTS" value=" --client -J-XX:+TieredCompilation -J-XX:TieredStopAtLevel=1 -J-Xss2m -Xcompile.invokedynamic=false" />
    <property name="java.vendor" value="Oracle Corporation" />
    <property name="env.TRAVIS_PRE_CHEF_BOOTSTRAP_TIME" value="2021-12-02T09:53:11" />
    <property name="env.ELIXIR_VERSION" value="1.7.4" />
    <property name="env.TRAVIS_STACK_JOB_BOARD_REGISTER" value="/.job-board-register.yml" />
    <property name="env.ANSI_RED" value="\033[31;1m" />
    <property name="java.specification.version" value="11" />
    <property name="env.IRBRC" value="/home/travis/.rvm/rubies/ruby-2.6.5/.irbrc" />
    <property name="env.TRAVIS" value="true" />
    <property name="sun.arch.data.model" value="64" />
  </properties>
  <testcase classname="ptolemy.util.test.junit.TclTests" name="[0] /home/travis/build/icyphy/ptII/ptolemy/domains/de/test/DependencyLoop.tcl (RunTclFile)" time="0.98" />
  <testcase classname="ptolemy.util.test.junit.TclTests" name="[1] /home/travis/build/icyphy/ptII/ptolemy/domains/de/test/RunDETestsAsQSS.tcl (RunTclFile)" time="81.348" />
  <testcase classname="ptolemy.util.test.junit.AutoKnownFailedTests" name="[0] /home/travis/build/icyphy/ptII/ptolemy/domains/de/test/auto/knownFailedTests/DESDFClockTest.xml (RunModel)" time="2.038" />
  <testcase classname="ptolemy.util.test.junit.AutoKnownFailedTests" name="[1] /home/travis/build/icyphy/ptII/ptolemy/domains/de/test/auto/knownFailedTests/DirectFeedback.xml (RunModel)" time="0.008" />
  <testcase classname="ptolemy.util.test.junit.AutoKnownFailedTests" name="[2] /home/travis/build/icyphy/ptII/ptolemy/domains/de/test/auto/knownFailedTests/FSMSource.xml (RunModel)" time="0.019" />
  <testcase classname="ptolemy.util.test.junit.AutoKnownFailedTests" name="[3] /home/travis/build/icyphy/ptII/ptolemy/domains/de/test/auto/knownFailedTests/HierarchicalModel.xml (RunModel)" time="0.045" />
  <testcase classname="ptolemy.util.test.junit.AutoKnownFailedTests" name="[4] /home/travis/build/icyphy/ptII/ptolemy/domains/de/test/auto/knownFailedTests/dependencyLoop.xml (RunModel)" time="0.047" />
  <testcase classname="ptolemy.util.test.junit.AutoKnownFailedTests" name="[5] /home/travis/build/icyphy/ptII/ptolemy/domains/de/test/auto/knownFailedTests/dependencyLoop2.xml (RunModel)" time="0.041" />
  <testcase classname="ptolemy.util.test.junit.AutoNameArchTests" name="[0] ThereAreNoAutoArchTests (RunModel)" time="0.001" />
  <testcase classname="ptolemy.util.test.junit.AutoTests" name="[0] /home/travis/build/icyphy/ptII/ptolemy/domains/de/test/auto/ActorDepthCalculation_actorWithoutPorts.xml (RunModel)" time="0.021" />
  <testcase classname="ptolemy.util.test.junit.AutoTests" name="[1] /home/travis/build/icyphy/ptII/ptolemy/domains/de/test/auto/AssemblyLine.xml (RunModel)" time="0.016" />
  <testcase classname="ptolemy.util.test.junit.AutoTests" name="[2] /home/travis/build/icyphy/ptII/ptolemy/domains/de/test/auto/CQBug1.xml (RunModel)" time="0.01" />
  <testcase classname="ptolemy.util.test.junit.AutoTests" name="[3] /home/travis/build/icyphy/ptII/ptolemy/domains/de/test/auto/CancelFireAt.xml (RunModel)" time="0.007" />
  <testcase classname="ptolemy.util.test.junit.AutoTests" name="[4] /home/travis/build/icyphy/ptII/ptolemy/domains/de/test/auto/CausalityAndComposabilityAnalysis.xml (RunModel)" time="0.014" />
  <testcase classname="ptolemy.util.test.junit.AutoTests" name="[5] /home/travis/build/icyphy/ptII/ptolemy/domains/de/test/auto/CausalityInterface1.xml (RunModel)" time="0.019" />
  <testcase classname="ptolemy.util.test.junit.AutoTests" name="[6] /home/travis/build/icyphy/ptII/ptolemy/domains/de/test/auto/CausalityInterface15.xml (RunModel)" time="0.014" />
  <testcase classname="ptolemy.util.test.junit.AutoTests" name="[7] /home/travis/build/icyphy/ptII/ptolemy/domains/de/test/auto/CausalityInterface2.xml (RunModel)" time="0.012" />
  <testcase classname="ptolemy.util.test.junit.AutoTests" name="[8] /home/travis/build/icyphy/ptII/ptolemy/domains/de/test/auto/CausalityInterface3.xml (RunModel)" time="0.011" />
  <testcase classname="ptolemy.util.test.junit.AutoTests" name="[9] /home/travis/build/icyphy/ptII/ptolemy/domains/de/test/auto/ClockDrift.xml (RunModel)" time="0.033" />
  <testcase classname="ptolemy.util.test.junit.AutoTests" name="[10] /home/travis/build/icyphy/ptII/ptolemy/domains/de/test/auto/ClockDriftAndValueChange.xml (RunModel)" time="0.029" />
  <testcase classname="ptolemy.util.test.junit.AutoTests" name="[11] /home/travis/build/icyphy/ptII/ptolemy/domains/de/test/auto/ClockDriftChange.xml (RunModel)" time="0.028" />
  <testcase classname="ptolemy.util.test.junit.AutoTests" name="[12] /home/travis/build/icyphy/ptII/ptolemy/domains/de/test/auto/ComposableCausalityAnalysis.xml (RunModel)" time="0.013" />
  <testcase classname="ptolemy.util.test.junit.AutoTests" name="[13] /home/travis/build/icyphy/ptII/ptolemy/domains/de/test/auto/DEFixedPointLimitation.xml (RunModel)" time="0.01" />
  <testcase classname="ptolemy.util.test.junit.AutoTests" name="[14] /home/travis/build/icyphy/ptII/ptolemy/domains/de/test/auto/DEScheduleTest.xml (RunModel)" time="0.01" />
  <testcase classname="ptolemy.util.test.junit.AutoTests" name="[15] /home/travis/build/icyphy/ptII/ptolemy/domains/de/test/auto/DEinDEwithStartTimes.xml (RunModel)" time="0.013" />
  <testcase classname="ptolemy.util.test.junit.AutoTests" name="[16] /home/travis/build/icyphy/ptII/ptolemy/domains/de/test/auto/DEinDEwithStartTimes2.xml (RunModel)" time="0.016" />
  <testcase classname="ptolemy.util.test.junit.AutoTests" name="[17] /home/travis/build/icyphy/ptII/ptolemy/domains/de/test/auto/DateDemo.xml (RunModel)" time="0.032" />
  <testcase classname="ptolemy.util.test.junit.AutoTests" name="[18] /home/travis/build/icyphy/ptII/ptolemy/domains/de/test/auto/DateToEvent.xml (RunModel)" time="2.037" />
  <testcase classname="ptolemy.util.test.junit.AutoTests" name="[19] /home/travis/build/icyphy/ptII/ptolemy/domains/de/test/auto/DepthTest1.xml (RunModel)" time="0.013" />
  <testcase classname="ptolemy.util.test.junit.AutoTests" name="[20] /home/travis/build/icyphy/ptII/ptolemy/domains/de/test/auto/DepthTest2.xml (RunModel)" time="0.015" />
  <testcase classname="ptolemy.util.test.junit.AutoTests" name="[21] /home/travis/build/icyphy/ptII/ptolemy/domains/de/test/auto/DepthTest3.xml (RunModel)" time="0.007" />
  <testcase classname="ptolemy.util.test.junit.AutoTests" name="[22] /home/travis/build/icyphy/ptII/ptolemy/domains/de/test/auto/DepthTest4.xml (RunModel)" time="0.017" />
  <testcase classname="ptolemy.util.test.junit.AutoTests" name="[23] /home/travis/build/icyphy/ptII/ptolemy/domains/de/test/auto/DepthTest5.xml (RunModel)" time="0.011" />
  <testcase classname="ptolemy.util.test.junit.AutoTests" name="[24] /home/travis/build/icyphy/ptII/ptolemy/domains/de/test/auto/DepthTest6.xml (RunModel)" time="0.012" />
  <testcase classname="ptolemy.util.test.junit.AutoTests" name="[25] /home/travis/build/icyphy/ptII/ptolemy/domains/de/test/auto/DepthTest7.xml (RunModel)" time="0.017" />
  <testcase classname="ptolemy.util.test.junit.AutoTests" name="[26] /home/travis/build/icyphy/ptII/ptolemy/domains/de/test/auto/EventToDate.xml (RunModel)" time="3.044" />
  <testcase classname="ptolemy.util.test.junit.AutoTests" name="[27] /home/travis/build/icyphy/ptII/ptolemy/domains/de/test/auto/FSM1.xml (RunModel)" time="0.032" />
  <testcase classname="ptolemy.util.test.junit.AutoTests" name="[28] /home/travis/build/icyphy/ptII/ptolemy/domains/de/test/auto/FSM7.xml (RunModel)" time="0.031" />
  <testcase classname="ptolemy.util.test.junit.AutoTests" name="[29] /home/travis/build/icyphy/ptII/ptolemy/domains/de/test/auto/Inspection.xml (RunModel)" time="0.038" />
  <testcase classname="ptolemy.util.test.junit.AutoTests" name="[30] /home/travis/build/icyphy/ptII/ptolemy/domains/de/test/auto/Iteration.xml (RunModel)" time="0.022" />
  <testcase classname="ptolemy.util.test.junit.AutoTests" name="[31] /home/travis/build/icyphy/ptII/ptolemy/domains/de/test/auto/LineFault.xml (RunModel)" time="0.508" />
  <testcase classname="ptolemy.util.test.junit.AutoTests" name="[32] /home/travis/build/icyphy/ptII/ptolemy/domains/de/test/auto/MergeModel1Add.xml (RunModel)" time="0.044" />
  <testcase classname="ptolemy.util.test.junit.AutoTests" name="[33] /home/travis/build/icyphy/ptII/ptolemy/domains/de/test/auto/MergeModel2Add.xml (RunModel)" time="0.031" />
  <testcase classname="ptolemy.util.test.junit.AutoTests" name="[34] /home/travis/build/icyphy/ptII/ptolemy/domains/de/test/auto/MergeModel3Add.xml (RunModel)" time="0.045" />
  <testcase classname="ptolemy.util.test.junit.AutoTests" name="[35] /home/travis/build/icyphy/ptII/ptolemy/domains/de/test/auto/MergeWithoutDiscard.xml (RunModel)" time="0.008" />
  <testcase classname="ptolemy.util.test.junit.AutoTests" name="[36] /home/travis/build/icyphy/ptII/ptolemy/domains/de/test/auto/Modal1.xml (RunModel)" time="0.023" />
  <testcase classname="ptolemy.util.test.junit.AutoTests" name="[37] /home/travis/build/icyphy/ptII/ptolemy/domains/de/test/auto/Modal2.xml (RunModel)" time="0.03" />
  <testcase classname="ptolemy.util.test.junit.AutoTests" name="[38] /home/travis/build/icyphy/ptII/ptolemy/domains/de/test/auto/Modal3.xml (RunModel)" time="0.024" />
  <testcase classname="ptolemy.util.test.junit.AutoTests" name="[39] /home/travis/build/icyphy/ptII/ptolemy/domains/de/test/auto/Modal4.xml (RunModel)" time="0.027" />
  <testcase classname="ptolemy.util.test.junit.AutoTests" name="[40] /home/travis/build/icyphy/ptII/ptolemy/domains/de/test/auto/Modal5.xml (RunModel)" time="0.025" />
  <testcase classname="ptolemy.util.test.junit.AutoTests" name="[41] /home/travis/build/icyphy/ptII/ptolemy/domains/de/test/auto/Modal6.xml (RunModel)" time="0.025" />
  <testcase classname="ptolemy.util.test.junit.AutoTests" name="[42] /home/travis/build/icyphy/ptII/ptolemy/domains/de/test/auto/Modal7.xml (RunModel)" time="0.024" />
  <testcase classname="ptolemy.util.test.junit.AutoTests" name="[43] /home/travis/build/icyphy/ptII/ptolemy/domains/de/test/auto/ModalModel.xml (RunModel)" time="0.154" />
  <testcase classname="ptolemy.util.test.junit.AutoTests" name="[44] /home/travis/build/icyphy/ptII/ptolemy/domains/de/test/auto/ModalSource.xml (RunModel)" time="0.016" />
  <testcase classname="ptolemy.util.test.junit.AutoTests" name="[45] /home/travis/build/icyphy/ptII/ptolemy/domains/de/test/auto/NonInterruptibleTimerZeroDelay.xml (RunModel)" time="0.008" />
  <testcase classname="ptolemy.util.test.junit.AutoTests" name="[46] /home/travis/build/icyphy/ptII/ptolemy/domains/de/test/auto/OpenQueueingNetwork.xml (RunModel)" time="2.168" />
  <testcase classname="ptolemy.util.test.junit.AutoTests" name="[47] /home/travis/build/icyphy/ptII/ptolemy/domains/de/test/auto/OpenQueuingNetwork.xml (RunModel)" time="0.25" />
  <testcase classname="ptolemy.util.test.junit.AutoTests" name="[48] /home/travis/build/icyphy/ptII/ptolemy/domains/de/test/auto/PeriodicSampler.xml (RunModel)" time="0.01" />
  <testcase classname="ptolemy.util.test.junit.AutoTests" name="[49] /home/travis/build/icyphy/ptII/ptolemy/domains/de/test/auto/PersistentIO.xml (RunModel)" time="0.016" />
  <testcase classname="ptolemy.util.test.junit.AutoTests" name="[50] /home/travis/build/icyphy/ptII/ptolemy/domains/de/test/auto/PortParameterResetOnInitialize.xml (RunModel)" time="0.008" />
  <testcase classname="ptolemy.util.test.junit.AutoTests" name="[51] /home/travis/build/icyphy/ptII/ptolemy/domains/de/test/auto/PortParameterUpdates.xml (RunModel)" time="0.012" />
  <testcase classname="ptolemy.util.test.junit.AutoTests" name="[52] /home/travis/build/icyphy/ptII/ptolemy/domains/de/test/auto/QueueAndServer.xml (RunModel)" time="0.02" />
  <testcase classname="ptolemy.util.test.junit.AutoTests" name="[53] /home/travis/build/icyphy/ptII/ptolemy/domains/de/test/auto/Records.xml (RunModel)" time="0.015" />
  <testcase classname="ptolemy.util.test.junit.AutoTests" name="[54] /home/travis/build/icyphy/ptII/ptolemy/domains/de/test/auto/ResetTransitionWithStartTime1.xml (RunModel)" time="0.022" />
  <testcase classname="ptolemy.util.test.junit.AutoTests" name="[55] /home/travis/build/icyphy/ptII/ptolemy/domains/de/test/auto/ResetTransitionWithStartTime2.xml (RunModel)" time="0.017" />
  <testcase classname="ptolemy.util.test.junit.AutoTests" name="[56] /home/travis/build/icyphy/ptII/ptolemy/domains/de/test/auto/ResetTransitionWithStartTime3.xml (RunModel)" time="0.016" />
  <testcase classname="ptolemy.util.test.junit.AutoTests" name="[57] /home/travis/build/icyphy/ptII/ptolemy/domains/de/test/auto/ResetTransitionWithStartTime4.xml (RunModel)" time="0.014" />
  <testcase classname="ptolemy.util.test.junit.AutoTests" name="[58] /home/travis/build/icyphy/ptII/ptolemy/domains/de/test/auto/ResettableTimer1.xml (RunModel)" time="0.008" />
  <testcase classname="ptolemy.util.test.junit.AutoTests" name="[59] /home/travis/build/icyphy/ptII/ptolemy/domains/de/test/auto/ResettableTimer2.xml (RunModel)" time="0.01" />
  <testcase classname="ptolemy.util.test.junit.AutoTests" name="[60] /home/travis/build/icyphy/ptII/ptolemy/domains/de/test/auto/ResettableTimer3.xml (RunModel)" time="0.007" />
  <testcase classname="ptolemy.util.test.junit.AutoTests" name="[61] /home/travis/build/icyphy/ptII/ptolemy/domains/de/test/auto/ResettableTimer4.xml (RunModel)" time="0.006" />
  <testcase classname="ptolemy.util.test.junit.AutoTests" name="[62] /home/travis/build/icyphy/ptII/ptolemy/domains/de/test/auto/ResettableTimer5.xml (RunModel)" time="0.009" />
  <testcase classname="ptolemy.util.test.junit.AutoTests" name="[63] /home/travis/build/icyphy/ptII/ptolemy/domains/de/test/auto/ResettableTimer6.xml (RunModel)" time="0.013" />
  <testcase classname="ptolemy.util.test.junit.AutoTests" name="[64] /home/travis/build/icyphy/ptII/ptolemy/domains/de/test/auto/ServerZeroDelay.xml (RunModel)" time="0.009" />
  <testcase classname="ptolemy.util.test.junit.AutoTests" name="[65] /home/travis/build/icyphy/ptII/ptolemy/domains/de/test/auto/SmartSender.xml (RunModel)" time="3.008" />
  <testcase classname="ptolemy.util.test.junit.AutoTests" name="[66] /home/travis/build/icyphy/ptII/ptolemy/domains/de/test/auto/ThreadedComposite.xml (RunModel)" time="0.14" />
  <testcase classname="ptolemy.util.test.junit.AutoTests" name="[67] /home/travis/build/icyphy/ptII/ptolemy/domains/de/test/auto/Time.xml (RunModel)" time="0.349" />
  <testcase classname="ptolemy.util.test.junit.AutoTests" name="[68] /home/travis/build/icyphy/ptII/ptolemy/domains/de/test/auto/TimeDelayZeroDelay.xml (RunModel)" time="0.009" />
  <testcase classname="ptolemy.util.test.junit.AutoTests" name="[69] /home/travis/build/icyphy/ptII/ptolemy/domains/de/test/auto/TimerZeroDelay.xml (RunModel)" time="0.01" />
  <testcase classname="ptolemy.util.test.junit.AutoTests" name="[70] /home/travis/build/icyphy/ptII/ptolemy/domains/de/test/auto/TimingParadox.xml (RunModel)" time="0.304" />
  <testcase classname="ptolemy.util.test.junit.AutoTests" name="[71] /home/travis/build/icyphy/ptII/ptolemy/domains/de/test/auto/TransferInputs.xml (RunModel)" time="0.013" />
  <testcase classname="ptolemy.util.test.junit.AutoTests" name="[72] /home/travis/build/icyphy/ptII/ptolemy/domains/de/test/auto/TransferOutputs2.xml (RunModel)" time="0.017" />
  <testcase classname="ptolemy.util.test.junit.AutoTests" name="[73] /home/travis/build/icyphy/ptII/ptolemy/domains/de/test/auto/Trilateration.xml (RunModel)" time="9.889" />
  <testcase classname="ptolemy.util.test.junit.AutoTests" name="[74] /home/travis/build/icyphy/ptII/ptolemy/domains/de/test/auto/TwoSigmaDelta.xml (RunModel)" time="1.643" />
  <testcase classname="ptolemy.util.test.junit.AutoTests" name="[75] /home/travis/build/icyphy/ptII/ptolemy/domains/de/test/auto/VariableDelay.xml (RunModel)" time="0.01" />
  <testcase classname="ptolemy.util.test.junit.AutoTests" name="[76] /home/travis/build/icyphy/ptII/ptolemy/domains/de/test/auto/VariableDelay2.xml (RunModel)" time="0.008" />
  <testcase classname="ptolemy.util.test.junit.AutoTests" name="[77] /home/travis/build/icyphy/ptII/ptolemy/domains/de/test/auto/VariableDelayZeroDelay.xml (RunModel)" time="0.015" />
  <testcase classname="ptolemy.util.test.junit.AutoTests" name="[78] /home/travis/build/icyphy/ptII/ptolemy/domains/de/test/auto/VariableDelayZeroDelay2.xml (RunModel)" time="0.012" />
  <testcase classname="ptolemy.util.test.junit.AutoTests" name="[79] /home/travis/build/icyphy/ptII/ptolemy/domains/de/test/auto/deInCt.xml (RunModel)" time="0.012" />
  <testcase classname="ptolemy.util.test.junit.AutoTests" name="[80] /home/travis/build/icyphy/ptII/ptolemy/domains/de/test/auto/deInCt2.xml (RunModel)" time="0.012" />
  <testcase classname="ptolemy.util.test.junit.AutoTests" name="[81] /home/travis/build/icyphy/ptII/ptolemy/domains/de/test/auto/dynamicCausalityInterface1.xml (RunModel)" time="0.014" />
  <testcase classname="ptolemy.util.test.junit.AutoTests" name="[82] /home/travis/build/icyphy/ptII/ptolemy/domains/de/test/auto/fsm_de_test.xml (RunModel)" time="0.017" />
  <testcase classname="ptolemy.util.test.junit.AutoTests" name="[83] /home/travis/build/icyphy/ptII/ptolemy/domains/de/test/auto/functionDependencyReconstruction.xml (RunModel)" time="0.031" />
  <testcase classname="ptolemy.util.test.junit.AutoTests" name="[84] /home/travis/build/icyphy/ptII/ptolemy/domains/de/test/auto/multirate.xml (RunModel)" time="0.012" />
  <testcase classname="ptolemy.util.test.junit.AutoTests" name="[85] /home/travis/build/icyphy/ptII/ptolemy/domains/de/test/auto/multirate2.xml (RunModel)" time="0.012" />
  <testcase classname="ptolemy.util.test.junit.AutoTests" name="[86] /home/travis/build/icyphy/ptII/ptolemy/domains/de/test/auto/realtime.xml (RunModel)" time="10.011" />
  <testcase classname="ptolemy.util.test.junit.AutoTests" name="[87] /home/travis/build/icyphy/ptII/ptolemy/domains/de/test/auto/relationGroup.xml (RunModel)" time="0.01" />
  <testcase classname="ptolemy.util.test.junit.AutoTests" name="[88] /home/travis/build/icyphy/ptII/ptolemy/domains/de/test/auto/relationGroup2.xml (RunModel)" time="0.005" />
  <testcase classname="ptolemy.util.test.junit.AutoTests" name="[89] /home/travis/build/icyphy/ptII/ptolemy/domains/de/test/auto/sortWithOpaquePorts.xml (RunModel)" time="0.008" />
  <testcase classname="ptolemy.util.test.junit.AutoTests" name="[90] /home/travis/build/icyphy/ptII/ptolemy/domains/de/test/auto/transferInputsandOutputs.xml (RunModel)" time="0.025" />
  <testcase classname="ptolemy.util.test.junit.AutoTests" name="[91] /home/travis/build/icyphy/ptII/ptolemy/domains/de/test/auto/triggerType.xml (RunModel)" time="0.027" />
  <system-out><![CDATA[/home/travis/build/icyphy/ptII/ptolemy/domains/de/test/DependencyLoop.tcl
testDefs.tcl: setting time out to 9000 seconds at Mon Dec 06 02:05:31 UTC 2021
83 ms. Memory: 129024K Free: 77723K (60%)
12 ms. Memory: 129024K Free: 60315K (47%)
/home/travis/build/icyphy/ptII/ptolemy/domains/de/test/RunDETestsAsQSS.tcl
Run the DE tests using ptolemy.domains.qss.test.QSSDirectorTest, which extends QSSDirector and prints a message in the constructors.
------------------ testing $PTII/ptolemy/domains/de/test/auto/knownFailedTests/dependencyLoop2.xml (Known Failure) 
14 ms. Memory: 129024K Free: 57243K (44%)


==== $PTIIhome/travis/build/icyphy/ptII/ptolemy/domains/de/test/../../../../: Auto Automatic test in file $PTII/ptolemy/domains/de/test/auto/knownFailedTests/dependencyLoop2.xml
==== Contents of test case:

	    # FIXME: we should use $relativeFilename here, but it
	    # might have backslashes under Windows, which causes no end
	    # of trouble.
	    createAndExecute $file
	    list {}
	
.... Test generated KNOWN error:
    while executing
ptolemy.kernel.util.IllegalActionException: Found a zero delay loop containing .dependencyLoop2.original
  in .dependencyLoop2 and .dependencyLoop2.original
	at ptolemy.actor.util.CausalityInterfaceForComposites._computeOutputPortDepth(CausalityInterfaceForComposites.java:759)
	at ptolemy.actor.util.CausalityInterfaceForComposites._computeInputDepth(CausalityInterfaceForComposites.java:696)
	at ptolemy.actor.util.CausalityInterfaceForComposites._computeOutputPortDepth(CausalityInterfaceForComposites.java:765)
	at ptolemy.actor.util.CausalityInterfaceForComposites._computeInputDepth(CausalityInterfaceForComposites.java:696)
	at ptolemy.actor.util.CausalityInterfaceForComposites._computeOutputPortDepth(CausalityInterfaceForComposites.java:765)
	at ptolemy.actor.util.CausalityInterfaceForComposites._computeInputDepth(CausalityInterfaceForComposites.java:696)
	at ptolemy.actor.util.CausalityInterfaceForComposites._computeActorDepth(CausalityInterfaceForComposites.java:532)
	at ptolemy.actor.util.CausalityInterfaceForComposites.checkForCycles(CausalityInterfaceForComposites.java:96)
	at ptolemy.domains.de.kernel.DEDirector.preinitialize(DEDirector.java:1338)
	at ptolemy.actor.CompositeActor.preinitialize(CompositeActor.java:1828)
	at ptolemy.actor.Manager.preinitializeAndResolveTypes(Manager.java:1040)
	at ptolemy.actor.Manager.initialize(Manager.java:710)
	at ptolemy.actor.Manager.execute(Manager.java:356)
	at ptolemy.actor.Manager.run(Manager.java:1263)
	at ptolemy.actor.Manager$PtolemyRunThread.run(Manager.java:1933)

    while executing
ptolemy.kernel.util.IllegalActionException: Found a zero delay loop containing .dependencyLoop2.original
  in .dependencyLoop2 and .dependencyLoop2.original
    while executing
"java::new ptolemy.moml.MoMLSimpleApplication $file
"
    (procedure "createAndExecute" line 2)
    invoked from within
"createAndExecute $file"
    ("uplevel" body line 5)
    invoked from within
"uplevel $contents_of_test"
------------------ testing $PTII/ptolemy/domains/de/test/auto/knownFailedTests/DESDFClockTest.xml (Known Failure) 
2058 ms. Memory: 129024K Free: 110778K (86%)


==== $PTIIhome/travis/build/icyphy/ptII/ptolemy/domains/de/test/../../../../: Auto Automatic test in file $PTII/ptolemy/domains/de/test/auto/knownFailedTests/DESDFClockTest.xml
==== Contents of test case:

	    # FIXME: we should use $relativeFilename here, but it
	    # might have backslashes under Windows, which causes no end
	    # of trouble.
	    createAndExecute $file
	    list {}
	
.... Test generated KNOWN error:
    while executing
ptolemy.kernel.util.IllegalActionException: Actor is not ready to fire.  Perhaps UpSample.prefire() returned false? Try debugging the actor by selecting "Listen to Actor".  Also, for SDF check moml for tokenConsumptionRate on input.
  in .DESDFClockTest.Play Bell.Copy1:SDF Director and .DESDFClockTest.Play Bell.UpSample
	at ptolemy.actor.sched.StaticSchedulingDirector.fire(StaticSchedulingDirector.java:227)
	at ptolemy.domains.sdf.kernel.SDFDirector.fire(SDFDirector.java:500)
	at ptolemy.actor.CompositeActor.fire(CompositeActor.java:455)
	at ptolemy.domains.de.kernel.DEDirector._fire(DEDirector.java:1949)
	at ptolemy.domains.de.kernel.DEDirector.fire(DEDirector.java:502)
	at ptolemy.actor.CompositeActor.fire(CompositeActor.java:455)
	at ptolemy.actor.Manager.iterate(Manager.java:851)
	at ptolemy.actor.Manager.execute(Manager.java:369)
	at ptolemy.actor.Manager.run(Manager.java:1263)
	at ptolemy.actor.Manager$PtolemyRunThread.run(Manager.java:1933)

    while executing
ptolemy.kernel.util.IllegalActionException: Actor is not ready to fire.  Perhaps UpSample.prefire() returned false? Try debugging the actor by selecting "Listen to Actor".  Also, for SDF check moml for tokenConsumptionRate on input.
  in .DESDFClockTest.Play Bell.Copy1:SDF Director and .DESDFClockTest.Play Bell.UpSample
    while executing
"java::new ptolemy.moml.MoMLSimpleApplication $file
"
    (procedure "createAndExecute" line 2)
    invoked from within
"createAndExecute $file"
    ("uplevel" body line 5)
    invoked from within
"uplevel $contents_of_test"
------------------ testing $PTII/ptolemy/domains/de/test/auto/knownFailedTests/HierarchicalModel.xml (Known Failure) 
6 ms. Memory: 129024K Free: 93156K (72%)


==== $PTIIhome/travis/build/icyphy/ptII/ptolemy/domains/de/test/../../../../: Auto Automatic test in file $PTII/ptolemy/domains/de/test/auto/knownFailedTests/HierarchicalModel.xml
==== Contents of test case:

	    # FIXME: we should use $relativeFilename here, but it
	    # might have backslashes under Windows, which causes no end
	    # of trouble.
	    createAndExecute $file
	    list {}
	
.... Test generated KNOWN error:
    while executing
ptolemy.kernel.util.IllegalActionException: Found a zero delay loop containing .HierarchicalModel.A
  in .HierarchicalModel and .HierarchicalModel.A
	at ptolemy.actor.util.CausalityInterfaceForComposites._computeOutputPortDepth(CausalityInterfaceForComposites.java:759)
	at ptolemy.actor.util.CausalityInterfaceForComposites._computeInputDepth(CausalityInterfaceForComposites.java:696)
	at ptolemy.actor.util.CausalityInterfaceForComposites._computeOutputPortDepth(CausalityInterfaceForComposites.java:765)
	at ptolemy.actor.util.CausalityInterfaceForComposites._computeInputDepth(CausalityInterfaceForComposites.java:696)
	at ptolemy.actor.util.CausalityInterfaceForComposites._computeOutputPortDepth(CausalityInterfaceForComposites.java:765)
	at ptolemy.actor.util.CausalityInterfaceForComposites._computeInputDepth(CausalityInterfaceForComposites.java:696)
	at ptolemy.actor.util.CausalityInterfaceForComposites._computeActorDepth(CausalityInterfaceForComposites.java:532)
	at ptolemy.actor.util.CausalityInterfaceForComposites.checkForCycles(CausalityInterfaceForComposites.java:96)
	at ptolemy.domains.de.kernel.DEDirector.preinitialize(DEDirector.java:1338)
	at ptolemy.actor.CompositeActor.preinitialize(CompositeActor.java:1828)
	at ptolemy.actor.Manager.preinitializeAndResolveTypes(Manager.java:1040)
	at ptolemy.actor.Manager.initialize(Manager.java:710)
	at ptolemy.actor.Manager.execute(Manager.java:356)
	at ptolemy.actor.Manager.run(Manager.java:1263)
	at ptolemy.actor.Manager$PtolemyRunThread.run(Manager.java:1933)

    while executing
ptolemy.kernel.util.IllegalActionException: Found a zero delay loop containing .HierarchicalModel.A
  in .HierarchicalModel and .HierarchicalModel.A
    while executing
"java::new ptolemy.moml.MoMLSimpleApplication $file
"
    (procedure "createAndExecute" line 2)
    invoked from within
"createAndExecute $file"
    ("uplevel" body line 5)
    invoked from within
"uplevel $contents_of_test"
------------------ testing $PTII/ptolemy/domains/de/test/auto/knownFailedTests/DirectFeedback.xml (Known Failure) 
32 ms. Memory: 129024K Free: 88876K (69%)


==== $PTIIhome/travis/build/icyphy/ptII/ptolemy/domains/de/test/../../../../: Auto Automatic test in file $PTII/ptolemy/domains/de/test/auto/knownFailedTests/DirectFeedback.xml
==== Contents of test case:

	    # FIXME: we should use $relativeFilename here, but it
	    # might have backslashes under Windows, which causes no end
	    # of trouble.
	    createAndExecute $file
	    list {}
	
.... Test generated KNOWN error:
    while executing
ptolemy.kernel.util.IllegalActionException: Test fails in iteration 1.
Value was: 1.0. Should have been: 2.0
  in .DirectFeedback.Test
	at ptolemy.actor.lib.Test.fire(Test.java:268)
	at ptolemy.domains.de.kernel.DEDirector._fire(DEDirector.java:1949)
	at ptolemy.domains.de.kernel.DEDirector.fire(DEDirector.java:502)
	at ptolemy.actor.CompositeActor.fire(CompositeActor.java:455)
	at ptolemy.actor.Manager.iterate(Manager.java:851)
	at ptolemy.actor.Manager.execute(Manager.java:369)
	at ptolemy.actor.Manager.run(Manager.java:1263)
	at ptolemy.actor.Manager$PtolemyRunThread.run(Manager.java:1933)

    while executing
ptolemy.kernel.util.IllegalActionException: Test fails in iteration 1.
Value was: 1.0. Should have been: 2.0
  in .DirectFeedback.Test
    while executing
"java::new ptolemy.moml.MoMLSimpleApplication $file
"
    (procedure "createAndExecute" line 2)
    invoked from within
"createAndExecute $file"
    ("uplevel" body line 5)
    invoked from within
"uplevel $contents_of_test"
------------------ testing $PTII/ptolemy/domains/de/test/auto/knownFailedTests/FSMSource.xml (Known Failure) 
34 ms. Memory: 129024K Free: 109479K (85%)
!!!! Auto was marked as failing, but now passes
------------------ testing $PTII/ptolemy/domains/de/test/auto/knownFailedTests/dependencyLoop.xml (Known Failure) 
4 ms. Memory: 129024K Free: 94119K (73%)


==== $PTIIhome/travis/build/icyphy/ptII/ptolemy/domains/de/test/../../../../: Auto Automatic test in file $PTII/ptolemy/domains/de/test/auto/knownFailedTests/dependencyLoop.xml
==== Contents of test case:

	    # FIXME: we should use $relativeFilename here, but it
	    # might have backslashes under Windows, which causes no end
	    # of trouble.
	    createAndExecute $file
	    list {}
	
.... Test generated KNOWN error:
    while executing
ptolemy.kernel.util.IllegalActionException: Found a zero delay loop containing .dependencyLoop.original
  in .dependencyLoop and .dependencyLoop.original
	at ptolemy.actor.util.CausalityInterfaceForComposites._computeOutputPortDepth(CausalityInterfaceForComposites.java:759)
	at ptolemy.actor.util.CausalityInterfaceForComposites._computeInputDepth(CausalityInterfaceForComposites.java:696)
	at ptolemy.actor.util.CausalityInterfaceForComposites._computeOutputPortDepth(CausalityInterfaceForComposites.java:765)
	at ptolemy.actor.util.CausalityInterfaceForComposites._computeInputDepth(CausalityInterfaceForComposites.java:696)
	at ptolemy.actor.util.CausalityInterfaceForComposites._computeOutputPortDepth(CausalityInterfaceForComposites.java:765)
	at ptolemy.actor.util.CausalityInterfaceForComposites._computeInputDepth(CausalityInterfaceForComposites.java:696)
	at ptolemy.actor.util.CausalityInterfaceForComposites._computeActorDepth(CausalityInterfaceForComposites.java:532)
	at ptolemy.actor.util.CausalityInterfaceForComposites.checkForCycles(CausalityInterfaceForComposites.java:96)
	at ptolemy.domains.de.kernel.DEDirector.preinitialize(DEDirector.java:1338)
	at ptolemy.actor.CompositeActor.preinitialize(CompositeActor.java:1828)
	at ptolemy.actor.Manager.preinitializeAndResolveTypes(Manager.java:1040)
	at ptolemy.actor.Manager.initialize(Manager.java:710)
	at ptolemy.actor.Manager.execute(Manager.java:356)
	at ptolemy.actor.Manager.run(Manager.java:1263)
	at ptolemy.actor.Manager$PtolemyRunThread.run(Manager.java:1933)

    while executing
ptolemy.kernel.util.IllegalActionException: Found a zero delay loop containing .dependencyLoop.original
  in .dependencyLoop and .dependencyLoop.original
    while executing
"java::new ptolemy.moml.MoMLSimpleApplication $file
"
    (procedure "createAndExecute" line 2)
    invoked from within
"createAndExecute $file"
    ("uplevel" body line 5)
    invoked from within
"uplevel $contents_of_test"
------------------ testing $PTII/ptolemy/domains/de/test/auto/ActorDepthCalculation_actorWithoutPorts.xml
auto.tcl: Setting watchdog for 200 seconds at Mon Dec 06 02:05:35 UTC 2021
8 ms. Memory: 129024K Free: 86951K (67%)
ptolemy.util.test.WatchDog.cancel(): canceling Mon Dec 06 02:05:35 UTC 2021
auto.tcl: Setting watchdog for 200 seconds at Mon Dec 06 02:05:35 UTC 2021
3 ms. Memory: 129024K Free: 85399K (66%)
ptolemy.util.test.WatchDog.cancel(): canceling Mon Dec 06 02:05:35 UTC 2021
------------------ testing $PTII/ptolemy/domains/de/test/auto/AssemblyLine.xml
auto.tcl: Setting watchdog for 200 seconds at Mon Dec 06 02:05:35 UTC 2021
11 ms. Memory: 51200K Free: 27668K (54%)
ptolemy.util.test.WatchDog.cancel(): canceling Mon Dec 06 02:05:35 UTC 2021
auto.tcl: Setting watchdog for 200 seconds at Mon Dec 06 02:05:35 UTC 2021
6 ms. Memory: 51200K Free: 27048K (53%)
ptolemy.util.test.WatchDog.cancel(): canceling Mon Dec 06 02:05:35 UTC 2021
------------------ testing $PTII/ptolemy/domains/de/test/auto/CQBug1.xml
auto.tcl: Setting watchdog for 200 seconds at Mon Dec 06 02:05:36 UTC 2021
2 ms. Memory: 51200K Free: 33274K (65%)
ptolemy.util.test.WatchDog.cancel(): canceling Mon Dec 06 02:05:36 UTC 2021
auto.tcl: Setting watchdog for 200 seconds at Mon Dec 06 02:05:36 UTC 2021
1 ms. Memory: 51200K Free: 32830K (64%)
ptolemy.util.test.WatchDog.cancel(): canceling Mon Dec 06 02:05:36 UTC 2021
------------------ testing $PTII/ptolemy/domains/de/test/auto/CancelFireAt.xml
auto.tcl: Setting watchdog for 200 seconds at Mon Dec 06 02:05:36 UTC 2021
4 ms. Memory: 51200K Free: 34392K (67%)
ptolemy.util.test.WatchDog.cancel(): canceling Mon Dec 06 02:05:36 UTC 2021
auto.tcl: Setting watchdog for 200 seconds at Mon Dec 06 02:05:36 UTC 2021
1 ms. Memory: 51200K Free: 33955K (66%)
ptolemy.util.test.WatchDog.cancel(): canceling Mon Dec 06 02:05:36 UTC 2021
------------------ testing $PTII/ptolemy/domains/de/test/auto/CausalityAndComposabilityAnalysis.xml
auto.tcl: Setting watchdog for 200 seconds at Mon Dec 06 02:05:36 UTC 2021
8 ms. Memory: 51200K Free: 32158K (63%)
ptolemy.util.test.WatchDog.cancel(): canceling Mon Dec 06 02:05:36 UTC 2021
auto.tcl: Setting watchdog for 200 seconds at Mon Dec 06 02:05:36 UTC 2021
5 ms. Memory: 51200K Free: 31706K (62%)
ptolemy.util.test.WatchDog.cancel(): canceling Mon Dec 06 02:05:36 UTC 2021
------------------ testing $PTII/ptolemy/domains/de/test/auto/CausalityInterface1.xml
auto.tcl: Setting watchdog for 200 seconds at Mon Dec 06 02:05:36 UTC 2021
28 ms. Memory: 51200K Free: 31111K (61%)
ptolemy.util.test.WatchDog.cancel(): canceling Mon Dec 06 02:05:36 UTC 2021
auto.tcl: Setting watchdog for 200 seconds at Mon Dec 06 02:05:36 UTC 2021
4 ms. Memory: 51200K Free: 30183K (59%)
ptolemy.util.test.WatchDog.cancel(): canceling Mon Dec 06 02:05:36 UTC 2021
------------------ testing $PTII/ptolemy/domains/de/test/auto/CausalityInterface15.xml
auto.tcl: Setting watchdog for 200 seconds at Mon Dec 06 02:05:36 UTC 2021
8 ms. Memory: 51200K Free: 31264K (61%)
ptolemy.util.test.WatchDog.cancel(): canceling Mon Dec 06 02:05:36 UTC 2021
auto.tcl: Setting watchdog for 200 seconds at Mon Dec 06 02:05:36 UTC 2021
5 ms. Memory: 51200K Free: 30101K (59%)
ptolemy.util.test.WatchDog.cancel(): canceling Mon Dec 06 02:05:36 UTC 2021
------------------ testing $PTII/ptolemy/domains/de/test/auto/CausalityInterface2.xml
auto.tcl: Setting watchdog for 200 seconds at Mon Dec 06 02:05:36 UTC 2021
5 ms. Memory: 51200K Free: 31987K (62%)
ptolemy.util.test.WatchDog.cancel(): canceling Mon Dec 06 02:05:36 UTC 2021
auto.tcl: Setting watchdog for 200 seconds at Mon Dec 06 02:05:36 UTC 2021
5 ms. Memory: 51200K Free: 31127K (61%)
ptolemy.util.test.WatchDog.cancel(): canceling Mon Dec 06 02:05:36 UTC 2021
------------------ testing $PTII/ptolemy/domains/de/test/auto/CausalityInterface3.xml
auto.tcl: Setting watchdog for 200 seconds at Mon Dec 06 02:05:36 UTC 2021
3 ms. Memory: 51200K Free: 31292K (61%)
ptolemy.util.test.WatchDog.cancel(): canceling Mon Dec 06 02:05:36 UTC 2021
auto.tcl: Setting watchdog for 200 seconds at Mon Dec 06 02:05:36 UTC 2021
2 ms. Memory: 51200K Free: 30566K (60%)
ptolemy.util.test.WatchDog.cancel(): canceling Mon Dec 06 02:05:36 UTC 2021
------------------ testing $PTII/ptolemy/domains/de/test/auto/ClockDrift.xml
auto.tcl: Setting watchdog for 200 seconds at Mon Dec 06 02:05:36 UTC 2021
67 ms. Memory: 51200K Free: 23875K (47%)
ptolemy.util.test.WatchDog.cancel(): canceling Mon Dec 06 02:05:36 UTC 2021
auto.tcl: Setting watchdog for 200 seconds at Mon Dec 06 02:05:36 UTC 2021
52 ms. Memory: 51200K Free: 20462K (40%)
ptolemy.util.test.WatchDog.cancel(): canceling Mon Dec 06 02:05:36 UTC 2021
------------------ testing $PTII/ptolemy/domains/de/test/auto/ClockDriftAndValueChange.xml
auto.tcl: Setting watchdog for 200 seconds at Mon Dec 06 02:05:36 UTC 2021
36 ms. Memory: 51200K Free: 24255K (47%)
ptolemy.util.test.WatchDog.cancel(): canceling Mon Dec 06 02:05:36 UTC 2021
auto.tcl: Setting watchdog for 200 seconds at Mon Dec 06 02:05:36 UTC 2021
23 ms. Memory: 51200K Free: 21183K (41%)
ptolemy.util.test.WatchDog.cancel(): canceling Mon Dec 06 02:05:36 UTC 2021
------------------ testing $PTII/ptolemy/domains/de/test/auto/ClockDriftChange.xml
auto.tcl: Setting watchdog for 200 seconds at Mon Dec 06 02:05:36 UTC 2021
17 ms. Memory: 51200K Free: 26042K (51%)
ptolemy.util.test.WatchDog.cancel(): canceling Mon Dec 06 02:05:36 UTC 2021
auto.tcl: Setting watchdog for 200 seconds at Mon Dec 06 02:05:36 UTC 2021
23 ms. Memory: 51200K Free: 23441K (46%)
ptolemy.util.test.WatchDog.cancel(): canceling Mon Dec 06 02:05:37 UTC 2021
------------------ testing $PTII/ptolemy/domains/de/test/auto/ComposableCausalityAnalysis.xml
auto.tcl: Setting watchdog for 200 seconds at Mon Dec 06 02:05:37 UTC 2021
2 ms. Memory: 51200K Free: 30556K (60%)
ptolemy.util.test.WatchDog.cancel(): canceling Mon Dec 06 02:05:37 UTC 2021
auto.tcl: Setting watchdog for 200 seconds at Mon Dec 06 02:05:37 UTC 2021
1 ms. Memory: 51200K Free: 29558K (58%)
ptolemy.util.test.WatchDog.cancel(): canceling Mon Dec 06 02:05:37 UTC 2021
------------------ testing $PTII/ptolemy/domains/de/test/auto/DEFixedPointLimitation.xml
auto.tcl: Setting watchdog for 200 seconds at Mon Dec 06 02:05:37 UTC 2021
2 ms. Memory: 51200K Free: 31990K (62%)
ptolemy.util.test.WatchDog.cancel(): canceling Mon Dec 06 02:05:37 UTC 2021
auto.tcl: Setting watchdog for 200 seconds at Mon Dec 06 02:05:37 UTC 2021
1 ms. Memory: 51200K Free: 31096K (61%)
ptolemy.util.test.WatchDog.cancel(): canceling Mon Dec 06 02:05:37 UTC 2021
------------------ testing $PTII/ptolemy/domains/de/test/auto/DEScheduleTest.xml
auto.tcl: Setting watchdog for 200 seconds at Mon Dec 06 02:05:37 UTC 2021
3 ms. Memory: 51200K Free: 32329K (63%)
ptolemy.util.test.WatchDog.cancel(): canceling Mon Dec 06 02:05:37 UTC 2021
auto.tcl: Setting watchdog for 200 seconds at Mon Dec 06 02:05:37 UTC 2021
2 ms. Memory: 51200K Free: 31573K (62%)
ptolemy.util.test.WatchDog.cancel(): canceling Mon Dec 06 02:05:37 UTC 2021
------------------ testing $PTII/ptolemy/domains/de/test/auto/DEinDEwithStartTimes.xml
auto.tcl: Setting watchdog for 200 seconds at Mon Dec 06 02:05:37 UTC 2021
5 ms. Memory: 51200K Free: 30518K (60%)
ptolemy.util.test.WatchDog.cancel(): canceling Mon Dec 06 02:05:37 UTC 2021
auto.tcl: Setting watchdog for 200 seconds at Mon Dec 06 02:05:37 UTC 2021
3 ms. Memory: 51200K Free: 29494K (58%)
ptolemy.util.test.WatchDog.cancel(): canceling Mon Dec 06 02:05:37 UTC 2021
------------------ testing $PTII/ptolemy/domains/de/test/auto/DEinDEwithStartTimes2.xml
auto.tcl: Setting watchdog for 200 seconds at Mon Dec 06 02:05:37 UTC 2021
5 ms. Memory: 51200K Free: 29618K (58%)
ptolemy.util.test.WatchDog.cancel(): canceling Mon Dec 06 02:05:37 UTC 2021
auto.tcl: Setting watchdog for 200 seconds at Mon Dec 06 02:05:37 UTC 2021
3 ms. Memory: 51200K Free: 28449K (56%)
ptolemy.util.test.WatchDog.cancel(): canceling Mon Dec 06 02:05:37 UTC 2021
------------------ testing $PTII/ptolemy/domains/de/test/auto/DateDemo.xml
auto.tcl: Setting watchdog for 200 seconds at Mon Dec 06 02:05:37 UTC 2021
15 ms. Memory: 51200K Free: 24329K (48%)
ptolemy.util.test.WatchDog.cancel(): canceling Mon Dec 06 02:05:37 UTC 2021
auto.tcl: Setting watchdog for 200 seconds at Mon Dec 06 02:05:37 UTC 2021
5 ms. Memory: 51200K Free: 22444K (44%)
ptolemy.util.test.WatchDog.cancel(): canceling Mon Dec 06 02:05:37 UTC 2021
------------------ testing $PTII/ptolemy/domains/de/test/auto/DateToEvent.xml
auto.tcl: Setting watchdog for 200 seconds at Mon Dec 06 02:05:37 UTC 2021
2014 ms. Memory: 51200K Free: 20013K (39%)
ptolemy.util.test.WatchDog.cancel(): canceling Mon Dec 06 02:05:39 UTC 2021
auto.tcl: Setting watchdog for 200 seconds at Mon Dec 06 02:05:39 UTC 2021
2005 ms. Memory: 51200K Free: 19117K (37%)
ptolemy.util.test.WatchDog.cancel(): canceling Mon Dec 06 02:05:41 UTC 2021
------------------ testing $PTII/ptolemy/domains/de/test/auto/DepthTest1.xml
auto.tcl: Setting watchdog for 200 seconds at Mon Dec 06 02:05:41 UTC 2021
2 ms. Memory: 51200K Free: 33143K (65%)
ptolemy.util.test.WatchDog.cancel(): canceling Mon Dec 06 02:05:41 UTC 2021
auto.tcl: Setting watchdog for 200 seconds at Mon Dec 06 02:05:41 UTC 2021
2 ms. Memory: 51200K Free: 32683K (64%)
ptolemy.util.test.WatchDog.cancel(): canceling Mon Dec 06 02:05:41 UTC 2021
------------------ testing $PTII/ptolemy/domains/de/test/auto/DepthTest2.xml
auto.tcl: Setting watchdog for 200 seconds at Mon Dec 06 02:05:41 UTC 2021
10 ms. Memory: 51200K Free: 29948K (58%)
ptolemy.util.test.WatchDog.cancel(): canceling Mon Dec 06 02:05:41 UTC 2021
auto.tcl: Setting watchdog for 200 seconds at Mon Dec 06 02:05:41 UTC 2021
2 ms. Memory: 51200K Free: 29495K (58%)
ptolemy.util.test.WatchDog.cancel(): canceling Mon Dec 06 02:05:41 UTC 2021
------------------ testing $PTII/ptolemy/domains/de/test/auto/DepthTest3.xml
auto.tcl: Setting watchdog for 200 seconds at Mon Dec 06 02:05:41 UTC 2021
2 ms. Memory: 51200K Free: 33482K (65%)
ptolemy.util.test.WatchDog.cancel(): canceling Mon Dec 06 02:05:41 UTC 2021
auto.tcl: Setting watchdog for 200 seconds at Mon Dec 06 02:05:41 UTC 2021
1 ms. Memory: 51200K Free: 33013K (64%)
ptolemy.util.test.WatchDog.cancel(): canceling Mon Dec 06 02:05:41 UTC 2021
------------------ testing $PTII/ptolemy/domains/de/test/auto/DepthTest4.xml
auto.tcl: Setting watchdog for 200 seconds at Mon Dec 06 02:05:41 UTC 2021
3 ms. Memory: 51200K Free: 31712K (62%)
ptolemy.util.test.WatchDog.cancel(): canceling Mon Dec 06 02:05:41 UTC 2021
auto.tcl: Setting watchdog for 200 seconds at Mon Dec 06 02:05:41 UTC 2021
2 ms. Memory: 51200K Free: 31049K (61%)
ptolemy.util.test.WatchDog.cancel(): canceling Mon Dec 06 02:05:41 UTC 2021
------------------ testing $PTII/ptolemy/domains/de/test/auto/DepthTest5.xml
auto.tcl: Setting watchdog for 200 seconds at Mon Dec 06 02:05:41 UTC 2021
2 ms. Memory: 51200K Free: 31173K (61%)
ptolemy.util.test.WatchDog.cancel(): canceling Mon Dec 06 02:05:41 UTC 2021
auto.tcl: Setting watchdog for 200 seconds at Mon Dec 06 02:05:41 UTC 2021
3 ms. Memory: 51200K Free: 30432K (59%)
ptolemy.util.test.WatchDog.cancel(): canceling Mon Dec 06 02:05:41 UTC 2021
------------------ testing $PTII/ptolemy/domains/de/test/auto/DepthTest6.xml
auto.tcl: Setting watchdog for 200 seconds at Mon Dec 06 02:05:41 UTC 2021
4 ms. Memory: 51200K Free: 30602K (60%)
ptolemy.util.test.WatchDog.cancel(): canceling Mon Dec 06 02:05:41 UTC 2021
auto.tcl: Setting watchdog for 200 seconds at Mon Dec 06 02:05:41 UTC 2021
2 ms. Memory: 51200K Free: 29953K (59%)
ptolemy.util.test.WatchDog.cancel(): canceling Mon Dec 06 02:05:41 UTC 2021
------------------ testing $PTII/ptolemy/domains/de/test/auto/DepthTest7.xml
auto.tcl: Setting watchdog for 200 seconds at Mon Dec 06 02:05:41 UTC 2021
2 ms. Memory: 51200K Free: 30902K (60%)
ptolemy.util.test.WatchDog.cancel(): canceling Mon Dec 06 02:05:42 UTC 2021
auto.tcl: Setting watchdog for 200 seconds at Mon Dec 06 02:05:42 UTC 2021
2 ms. Memory: 51200K Free: 30465K (60%)
ptolemy.util.test.WatchDog.cancel(): canceling Mon Dec 06 02:05:42 UTC 2021
------------------ testing $PTII/ptolemy/domains/de/test/auto/EventToDate.xml
auto.tcl: Setting watchdog for 200 seconds at Mon Dec 06 02:05:42 UTC 2021
3005 ms. Memory: 51200K Free: 22235K (43%)
ptolemy.util.test.WatchDog.cancel(): canceling Mon Dec 06 02:05:45 UTC 2021
auto.tcl: Setting watchdog for 200 seconds at Mon Dec 06 02:05:45 UTC 2021
3003 ms. Memory: 51200K Free: 21337K (42%)
ptolemy.util.test.WatchDog.cancel(): canceling Mon Dec 06 02:05:48 UTC 2021
------------------ testing $PTII/ptolemy/domains/de/test/auto/FSM1.xml
auto.tcl: Setting watchdog for 200 seconds at Mon Dec 06 02:05:48 UTC 2021
35 ms. Memory: 51200K Free: 23717K (46%)
ptolemy.util.test.WatchDog.cancel(): canceling Mon Dec 06 02:05:48 UTC 2021
auto.tcl: Setting watchdog for 200 seconds at Mon Dec 06 02:05:48 UTC 2021
32 ms. Memory: 51200K Free: 20444K (40%)
ptolemy.util.test.WatchDog.cancel(): canceling Mon Dec 06 02:05:48 UTC 2021
------------------ testing $PTII/ptolemy/domains/de/test/auto/FSM7.xml
auto.tcl: Setting watchdog for 200 seconds at Mon Dec 06 02:05:48 UTC 2021
14 ms. Memory: 51200K Free: 23594K (46%)
ptolemy.util.test.WatchDog.cancel(): canceling Mon Dec 06 02:05:48 UTC 2021
auto.tcl: Setting watchdog for 200 seconds at Mon Dec 06 02:05:48 UTC 2021
12 ms. Memory: 51200K Free: 20634K (40%)
ptolemy.util.test.WatchDog.cancel(): canceling Mon Dec 06 02:05:48 UTC 2021
------------------ testing $PTII/ptolemy/domains/de/test/auto/Inspection.xml
auto.tcl: Setting watchdog for 200 seconds at Mon Dec 06 02:05:48 UTC 2021
23 ms. Memory: 51200K Free: 23390K (46%)
ptolemy.util.test.WatchDog.cancel(): canceling Mon Dec 06 02:05:48 UTC 2021
auto.tcl: Setting watchdog for 200 seconds at Mon Dec 06 02:05:48 UTC 2021
18 ms. Memory: 51200K Free: 21694K (42%)
ptolemy.util.test.WatchDog.cancel(): canceling Mon Dec 06 02:05:48 UTC 2021
------------------ testing $PTII/ptolemy/domains/de/test/auto/Iteration.xml
auto.tcl: Setting watchdog for 200 seconds at Mon Dec 06 02:05:48 UTC 2021
7 ms. Memory: 51200K Free: 28927K (56%)
ptolemy.util.test.WatchDog.cancel(): canceling Mon Dec 06 02:05:48 UTC 2021
auto.tcl: Setting watchdog for 200 seconds at Mon Dec 06 02:05:48 UTC 2021
6 ms. Memory: 51200K Free: 27731K (54%)
ptolemy.util.test.WatchDog.cancel(): canceling Mon Dec 06 02:05:48 UTC 2021
------------------ testing $PTII/ptolemy/domains/de/test/auto/LineFault.xml
auto.tcl: Setting watchdog for 200 seconds at Mon Dec 06 02:05:48 UTC 2021
552 ms. Memory: 51200K Free: 13010K (25%)
ptolemy.util.test.WatchDog.cancel(): canceling Mon Dec 06 02:05:49 UTC 2021
auto.tcl: Setting watchdog for 200 seconds at Mon Dec 06 02:05:49 UTC 2021
485 ms. Memory: 62464K Free: 37785K (60%)
ptolemy.util.test.WatchDog.cancel(): canceling Mon Dec 06 02:05:49 UTC 2021
------------------ testing $PTII/ptolemy/domains/de/test/auto/MergeModel1Add.xml
auto.tcl: Setting watchdog for 200 seconds at Mon Dec 06 02:05:49 UTC 2021
13 ms. Memory: 58368K Free: 22338K (38%)
ptolemy.util.test.WatchDog.cancel(): canceling Mon Dec 06 02:05:49 UTC 2021
auto.tcl: Setting watchdog for 200 seconds at Mon Dec 06 02:05:49 UTC 2021
9 ms. Memory: 58368K Free: 20731K (36%)
ptolemy.util.test.WatchDog.cancel(): canceling Mon Dec 06 02:05:49 UTC 2021
------------------ testing $PTII/ptolemy/domains/de/test/auto/MergeModel2Add.xml
auto.tcl: Setting watchdog for 200 seconds at Mon Dec 06 02:05:50 UTC 2021
11 ms. Memory: 55296K Free: 21595K (39%)
ptolemy.util.test.WatchDog.cancel(): canceling Mon Dec 06 02:05:50 UTC 2021
auto.tcl: Setting watchdog for 200 seconds at Mon Dec 06 02:05:50 UTC 2021
8 ms. Memory: 55296K Free: 19939K (36%)
ptolemy.util.test.WatchDog.cancel(): canceling Mon Dec 06 02:05:50 UTC 2021
------------------ testing $PTII/ptolemy/domains/de/test/auto/MergeModel3Add.xml
auto.tcl: Setting watchdog for 200 seconds at Mon Dec 06 02:05:50 UTC 2021
9 ms. Memory: 51200K Free: 17242K (34%)
ptolemy.util.test.WatchDog.cancel(): canceling Mon Dec 06 02:05:50 UTC 2021
auto.tcl: Setting watchdog for 200 seconds at Mon Dec 06 02:05:50 UTC 2021
9 ms. Memory: 51200K Free: 15900K (31%)
ptolemy.util.test.WatchDog.cancel(): canceling Mon Dec 06 02:05:50 UTC 2021
------------------ testing $PTII/ptolemy/domains/de/test/auto/MergeWithoutDiscard.xml
auto.tcl: Setting watchdog for 200 seconds at Mon Dec 06 02:05:50 UTC 2021
4 ms. Memory: 51200K Free: 32128K (63%)
ptolemy.util.test.WatchDog.cancel(): canceling Mon Dec 06 02:05:50 UTC 2021
auto.tcl: Setting watchdog for 200 seconds at Mon Dec 06 02:05:50 UTC 2021
1 ms. Memory: 51200K Free: 31636K (62%)
ptolemy.util.test.WatchDog.cancel(): canceling Mon Dec 06 02:05:50 UTC 2021
------------------ testing $PTII/ptolemy/domains/de/test/auto/Modal1.xml
auto.tcl: Setting watchdog for 200 seconds at Mon Dec 06 02:05:50 UTC 2021
11 ms. Memory: 51200K Free: 23701K (46%)
ptolemy.util.test.WatchDog.cancel(): canceling Mon Dec 06 02:05:50 UTC 2021
auto.tcl: Setting watchdog for 200 seconds at Mon Dec 06 02:05:50 UTC 2021
12 ms. Memory: 51200K Free: 20234K (40%)
ptolemy.util.test.WatchDog.cancel(): canceling Mon Dec 06 02:05:50 UTC 2021
------------------ testing $PTII/ptolemy/domains/de/test/auto/Modal2.xml
auto.tcl: Setting watchdog for 200 seconds at Mon Dec 06 02:05:50 UTC 2021
11 ms. Memory: 51200K Free: 23847K (47%)
ptolemy.util.test.WatchDog.cancel(): canceling Mon Dec 06 02:05:50 UTC 2021
auto.tcl: Setting watchdog for 200 seconds at Mon Dec 06 02:05:50 UTC 2021
13 ms. Memory: 51200K Free: 20597K (40%)
ptolemy.util.test.WatchDog.cancel(): canceling Mon Dec 06 02:05:50 UTC 2021
------------------ testing $PTII/ptolemy/domains/de/test/auto/Modal3.xml
auto.tcl: Setting watchdog for 200 seconds at Mon Dec 06 02:05:50 UTC 2021
10 ms. Memory: 51200K Free: 23562K (46%)
ptolemy.util.test.WatchDog.cancel(): canceling Mon Dec 06 02:05:50 UTC 2021
auto.tcl: Setting watchdog for 200 seconds at Mon Dec 06 02:05:50 UTC 2021
10 ms. Memory: 51200K Free: 20620K (40%)
ptolemy.util.test.WatchDog.cancel(): canceling Mon Dec 06 02:05:50 UTC 2021
------------------ testing $PTII/ptolemy/domains/de/test/auto/Modal4.xml
auto.tcl: Setting watchdog for 200 seconds at Mon Dec 06 02:05:50 UTC 2021
13 ms. Memory: 51200K Free: 22788K (45%)
ptolemy.util.test.WatchDog.cancel(): canceling Mon Dec 06 02:05:50 UTC 2021
auto.tcl: Setting watchdog for 200 seconds at Mon Dec 06 02:05:50 UTC 2021
21 ms. Memory: 51200K Free: 18970K (37%)
ptolemy.util.test.WatchDog.cancel(): canceling Mon Dec 06 02:05:50 UTC 2021
------------------ testing $PTII/ptolemy/domains/de/test/auto/Modal5.xml
auto.tcl: Setting watchdog for 200 seconds at Mon Dec 06 02:05:50 UTC 2021
12 ms. Memory: 51200K Free: 22806K (45%)
ptolemy.util.test.WatchDog.cancel(): canceling Mon Dec 06 02:05:50 UTC 2021
auto.tcl: Setting watchdog for 200 seconds at Mon Dec 06 02:05:50 UTC 2021
14 ms. Memory: 51200K Free: 18958K (37%)
ptolemy.util.test.WatchDog.cancel(): canceling Mon Dec 06 02:05:50 UTC 2021
------------------ testing $PTII/ptolemy/domains/de/test/auto/Modal6.xml
auto.tcl: Setting watchdog for 200 seconds at Mon Dec 06 02:05:50 UTC 2021
11 ms. Memory: 51200K Free: 23568K (46%)
ptolemy.util.test.WatchDog.cancel(): canceling Mon Dec 06 02:05:50 UTC 2021
auto.tcl: Setting watchdog for 200 seconds at Mon Dec 06 02:05:50 UTC 2021
14 ms. Memory: 51200K Free: 19980K (39%)
ptolemy.util.test.WatchDog.cancel(): canceling Mon Dec 06 02:05:50 UTC 2021
------------------ testing $PTII/ptolemy/domains/de/test/auto/Modal7.xml
auto.tcl: Setting watchdog for 200 seconds at Mon Dec 06 02:05:50 UTC 2021
10 ms. Memory: 51200K Free: 22528K (44%)
ptolemy.util.test.WatchDog.cancel(): canceling Mon Dec 06 02:05:50 UTC 2021
auto.tcl: Setting watchdog for 200 seconds at Mon Dec 06 02:05:50 UTC 2021
11 ms. Memory: 51200K Free: 18956K (37%)
ptolemy.util.test.WatchDog.cancel(): canceling Mon Dec 06 02:05:50 UTC 2021
------------------ testing $PTII/ptolemy/domains/de/test/auto/ModalModel.xml
auto.tcl: Setting watchdog for 200 seconds at Mon Dec 06 02:05:50 UTC 2021
197 ms. Memory: 51200K Free: 14403K (28%)
ptolemy.util.test.WatchDog.cancel(): canceling Mon Dec 06 02:05:51 UTC 2021
auto.tcl: Setting watchdog for 200 seconds at Mon Dec 06 02:05:51 UTC 2021
214 ms. Memory: 64512K Free: 19275K (30%)
ptolemy.util.test.WatchDog.cancel(): canceling Mon Dec 06 02:05:51 UTC 2021
------------------ testing $PTII/ptolemy/domains/de/test/auto/ModalSource.xml
auto.tcl: Setting watchdog for 200 seconds at Mon Dec 06 02:05:51 UTC 2021
6 ms. Memory: 58368K Free: 34766K (60%)
ptolemy.util.test.WatchDog.cancel(): canceling Mon Dec 06 02:05:51 UTC 2021
auto.tcl: Setting watchdog for 200 seconds at Mon Dec 06 02:05:51 UTC 2021
5 ms. Memory: 58368K Free: 32750K (56%)
ptolemy.util.test.WatchDog.cancel(): canceling Mon Dec 06 02:05:51 UTC 2021
------------------ testing $PTII/ptolemy/domains/de/test/auto/NonInterruptibleTimerZeroDelay.xml
auto.tcl: Setting watchdog for 200 seconds at Mon Dec 06 02:05:51 UTC 2021
3 ms. Memory: 55296K Free: 36896K (67%)
ptolemy.util.test.WatchDog.cancel(): canceling Mon Dec 06 02:05:51 UTC 2021
auto.tcl: Setting watchdog for 200 seconds at Mon Dec 06 02:05:51 UTC 2021
2 ms. Memory: 55296K Free: 35983K (65%)
ptolemy.util.test.WatchDog.cancel(): canceling Mon Dec 06 02:05:51 UTC 2021
------------------ testing $PTII/ptolemy/domains/de/test/auto/OpenQueueingNetwork.xml
auto.tcl: Setting watchdog for 200 seconds at Mon Dec 06 02:05:51 UTC 2021
2727 ms. Memory: 110592K Free: 50183K (45%)
ptolemy.util.test.WatchDog.cancel(): canceling Mon Dec 06 02:05:54 UTC 2021
auto.tcl: Setting watchdog for 200 seconds at Mon Dec 06 02:05:54 UTC 2021
2263 ms. Memory: 133120K Free: 84396K (63%)
ptolemy.util.test.WatchDog.cancel(): canceling Mon Dec 06 02:05:56 UTC 2021
------------------ testing $PTII/ptolemy/domains/de/test/auto/OpenQueuingNetwork.xml
auto.tcl: Setting watchdog for 200 seconds at Mon Dec 06 02:05:56 UTC 2021
229 ms. Memory: 55296K Free: 23634K (43%)
ptolemy.util.test.WatchDog.cancel(): canceling Mon Dec 06 02:05:57 UTC 2021
auto.tcl: Setting watchdog for 200 seconds at Mon Dec 06 02:05:57 UTC 2021
219 ms. Memory: 66560K Free: 14744K (22%)
ptolemy.util.test.WatchDog.cancel(): canceling Mon Dec 06 02:05:57 UTC 2021
------------------ testing $PTII/ptolemy/domains/de/test/auto/PeriodicSampler.xml
auto.tcl: Setting watchdog for 200 seconds at Mon Dec 06 02:05:57 UTC 2021
2 ms. Memory: 58368K Free: 38931K (67%)
ptolemy.util.test.WatchDog.cancel(): canceling Mon Dec 06 02:05:57 UTC 2021
auto.tcl: Setting watchdog for 200 seconds at Mon Dec 06 02:05:57 UTC 2021
2 ms. Memory: 58368K Free: 38417K (66%)
ptolemy.util.test.WatchDog.cancel(): canceling Mon Dec 06 02:05:57 UTC 2021
------------------ testing $PTII/ptolemy/domains/de/test/auto/PersistentIO.xml
auto.tcl: Setting watchdog for 200 seconds at Mon Dec 06 02:05:57 UTC 2021
12 ms. Memory: 51200K Free: 26688K (52%)
ptolemy.util.test.WatchDog.cancel(): canceling Mon Dec 06 02:05:57 UTC 2021
auto.tcl: Setting watchdog for 200 seconds at Mon Dec 06 02:05:57 UTC 2021
3 ms. Memory: 51200K Free: 25195K (49%)
ptolemy.util.test.WatchDog.cancel(): canceling Mon Dec 06 02:05:57 UTC 2021
------------------ testing $PTII/ptolemy/domains/de/test/auto/PortParameterResetOnInitialize.xml
auto.tcl: Setting watchdog for 200 seconds at Mon Dec 06 02:05:57 UTC 2021
6 ms. Memory: 51200K Free: 31685K (62%)
ptolemy.util.test.WatchDog.cancel(): canceling Mon Dec 06 02:05:57 UTC 2021
auto.tcl: Setting watchdog for 200 seconds at Mon Dec 06 02:05:57 UTC 2021
2 ms. Memory: 51200K Free: 31183K (61%)
ptolemy.util.test.WatchDog.cancel(): canceling Mon Dec 06 02:05:57 UTC 2021
------------------ testing $PTII/ptolemy/domains/de/test/auto/PortParameterUpdates.xml
auto.tcl: Setting watchdog for 200 seconds at Mon Dec 06 02:05:57 UTC 2021
6 ms. Memory: 51200K Free: 29995K (59%)
ptolemy.util.test.WatchDog.cancel(): canceling Mon Dec 06 02:05:57 UTC 2021
auto.tcl: Setting watchdog for 200 seconds at Mon Dec 06 02:05:57 UTC 2021
3 ms. Memory: 51200K Free: 28772K (56%)
ptolemy.util.test.WatchDog.cancel(): canceling Mon Dec 06 02:05:57 UTC 2021
------------------ testing $PTII/ptolemy/domains/de/test/auto/QueueAndServer.xml
auto.tcl: Setting watchdog for 200 seconds at Mon Dec 06 02:05:57 UTC 2021
12 ms. Memory: 51200K Free: 28344K (55%)
ptolemy.util.test.WatchDog.cancel(): canceling Mon Dec 06 02:05:57 UTC 2021
auto.tcl: Setting watchdog for 200 seconds at Mon Dec 06 02:05:57 UTC 2021
5 ms. Memory: 51200K Free: 27211K (53%)
ptolemy.util.test.WatchDog.cancel(): canceling Mon Dec 06 02:05:57 UTC 2021
------------------ testing $PTII/ptolemy/domains/de/test/auto/Records.xml
auto.tcl: Setting watchdog for 200 seconds at Mon Dec 06 02:05:57 UTC 2021
3 ms. Memory: 51200K Free: 30926K (60%)
ptolemy.util.test.WatchDog.cancel(): canceling Mon Dec 06 02:05:57 UTC 2021
auto.tcl: Setting watchdog for 200 seconds at Mon Dec 06 02:05:57 UTC 2021
1 ms. Memory: 51200K Free: 30438K (59%)
ptolemy.util.test.WatchDog.cancel(): canceling Mon Dec 06 02:05:57 UTC 2021
------------------ testing $PTII/ptolemy/domains/de/test/auto/ResetTransitionWithStartTime1.xml
auto.tcl: Setting watchdog for 200 seconds at Mon Dec 06 02:05:57 UTC 2021
9 ms. Memory: 51200K Free: 28263K (55%)
ptolemy.util.test.WatchDog.cancel(): canceling Mon Dec 06 02:05:57 UTC 2021
auto.tcl: Setting watchdog for 200 seconds at Mon Dec 06 02:05:57 UTC 2021
5 ms. Memory: 51200K Free: 26173K (51%)
ptolemy.util.test.WatchDog.cancel(): canceling Mon Dec 06 02:05:57 UTC 2021
------------------ testing $PTII/ptolemy/domains/de/test/auto/ResetTransitionWithStartTime2.xml
auto.tcl: Setting watchdog for 200 seconds at Mon Dec 06 02:05:57 UTC 2021
4 ms. Memory: 51200K Free: 28163K (55%)
ptolemy.util.test.WatchDog.cancel(): canceling Mon Dec 06 02:05:57 UTC 2021
auto.tcl: Setting watchdog for 200 seconds at Mon Dec 06 02:05:57 UTC 2021
5 ms. Memory: 51200K Free: 25613K (50%)
ptolemy.util.test.WatchDog.cancel(): canceling Mon Dec 06 02:05:57 UTC 2021
------------------ testing $PTII/ptolemy/domains/de/test/auto/ResetTransitionWithStartTime3.xml
auto.tcl: Setting watchdog for 200 seconds at Mon Dec 06 02:05:57 UTC 2021
6 ms. Memory: 51200K Free: 28161K (55%)
ptolemy.util.test.WatchDog.cancel(): canceling Mon Dec 06 02:05:57 UTC 2021
auto.tcl: Setting watchdog for 200 seconds at Mon Dec 06 02:05:57 UTC 2021
5 ms. Memory: 51200K Free: 25611K (50%)
ptolemy.util.test.WatchDog.cancel(): canceling Mon Dec 06 02:05:57 UTC 2021
------------------ testing $PTII/ptolemy/domains/de/test/auto/ResetTransitionWithStartTime4.xml
auto.tcl: Setting watchdog for 200 seconds at Mon Dec 06 02:05:57 UTC 2021
6 ms. Memory: 51200K Free: 28595K (56%)
ptolemy.util.test.WatchDog.cancel(): canceling Mon Dec 06 02:05:57 UTC 2021
auto.tcl: Setting watchdog for 200 seconds at Mon Dec 06 02:05:57 UTC 2021
3 ms. Memory: 51200K Free: 27147K (53%)
ptolemy.util.test.WatchDog.cancel(): canceling Mon Dec 06 02:05:57 UTC 2021
------------------ testing $PTII/ptolemy/domains/de/test/auto/ResettableTimer1.xml
auto.tcl: Setting watchdog for 200 seconds at Mon Dec 06 02:05:58 UTC 2021
2 ms. Memory: 51200K Free: 32377K (63%)
ptolemy.util.test.WatchDog.cancel(): canceling Mon Dec 06 02:05:58 UTC 2021
auto.tcl: Setting watchdog for 200 seconds at Mon Dec 06 02:05:58 UTC 2021
2 ms. Memory: 51200K Free: 31721K (62%)
ptolemy.util.test.WatchDog.cancel(): canceling Mon Dec 06 02:05:58 UTC 2021
------------------ testing $PTII/ptolemy/domains/de/test/auto/ResettableTimer2.xml
auto.tcl: Setting watchdog for 200 seconds at Mon Dec 06 02:05:58 UTC 2021
2 ms. Memory: 51200K Free: 32296K (63%)
ptolemy.util.test.WatchDog.cancel(): canceling Mon Dec 06 02:05:58 UTC 2021
auto.tcl: Setting watchdog for 200 seconds at Mon Dec 06 02:05:58 UTC 2021
2 ms. Memory: 51200K Free: 31291K (61%)
ptolemy.util.test.WatchDog.cancel(): canceling Mon Dec 06 02:05:58 UTC 2021
------------------ testing $PTII/ptolemy/domains/de/test/auto/ResettableTimer3.xml
auto.tcl: Setting watchdog for 200 seconds at Mon Dec 06 02:05:58 UTC 2021
1 ms. Memory: 51200K Free: 32791K (64%)
ptolemy.util.test.WatchDog.cancel(): canceling Mon Dec 06 02:05:58 UTC 2021
auto.tcl: Setting watchdog for 200 seconds at Mon Dec 06 02:05:58 UTC 2021
1 ms. Memory: 51200K Free: 32305K (63%)
ptolemy.util.test.WatchDog.cancel(): canceling Mon Dec 06 02:05:58 UTC 2021
------------------ testing $PTII/ptolemy/domains/de/test/auto/ResettableTimer4.xml
auto.tcl: Setting watchdog for 200 seconds at Mon Dec 06 02:05:58 UTC 2021
1 ms. Memory: 51200K Free: 32318K (63%)
ptolemy.util.test.WatchDog.cancel(): canceling Mon Dec 06 02:05:58 UTC 2021
auto.tcl: Setting watchdog for 200 seconds at Mon Dec 06 02:05:58 UTC 2021
1 ms. Memory: 51200K Free: 32308K (63%)
ptolemy.util.test.WatchDog.cancel(): canceling Mon Dec 06 02:05:58 UTC 2021
------------------ testing $PTII/ptolemy/domains/de/test/auto/ResettableTimer5.xml
auto.tcl: Setting watchdog for 200 seconds at Mon Dec 06 02:05:58 UTC 2021
2 ms. Memory: 51200K Free: 32317K (63%)
ptolemy.util.test.WatchDog.cancel(): canceling Mon Dec 06 02:05:58 UTC 2021
auto.tcl: Setting watchdog for 200 seconds at Mon Dec 06 02:05:58 UTC 2021
1 ms. Memory: 51200K Free: 31819K (62%)
ptolemy.util.test.WatchDog.cancel(): canceling Mon Dec 06 02:05:58 UTC 2021
------------------ testing $PTII/ptolemy/domains/de/test/auto/ResettableTimer6.xml
auto.tcl: Setting watchdog for 200 seconds at Mon Dec 06 02:05:58 UTC 2021
1 ms. Memory: 51200K Free: 31769K (62%)
ptolemy.util.test.WatchDog.cancel(): canceling Mon Dec 06 02:05:58 UTC 2021
auto.tcl: Setting watchdog for 200 seconds at Mon Dec 06 02:05:58 UTC 2021
1 ms. Memory: 51200K Free: 31273K (61%)
ptolemy.util.test.WatchDog.cancel(): canceling Mon Dec 06 02:05:58 UTC 2021
------------------ testing $PTII/ptolemy/domains/de/test/auto/ServerZeroDelay.xml
auto.tcl: Setting watchdog for 200 seconds at Mon Dec 06 02:05:58 UTC 2021
3 ms. Memory: 51200K Free: 32248K (63%)
ptolemy.util.test.WatchDog.cancel(): canceling Mon Dec 06 02:05:58 UTC 2021
auto.tcl: Setting watchdog for 200 seconds at Mon Dec 06 02:05:58 UTC 2021
2 ms. Memory: 51200K Free: 31252K (61%)
ptolemy.util.test.WatchDog.cancel(): canceling Mon Dec 06 02:05:58 UTC 2021
------------------ testing $PTII/ptolemy/domains/de/test/auto/SmartSender.xml
auto.tcl: Setting watchdog for 200 seconds at Mon Dec 06 02:05:58 UTC 2021
3000 ms. Memory: 51200K Free: 32244K (63%)
ptolemy.util.test.WatchDog.cancel(): canceling Mon Dec 06 02:06:01 UTC 2021
auto.tcl: Setting watchdog for 200 seconds at Mon Dec 06 02:06:01 UTC 2021
3002 ms. Memory: 51200K Free: 31740K (62%)
ptolemy.util.test.WatchDog.cancel(): canceling Mon Dec 06 02:06:04 UTC 2021
------------------ testing $PTII/ptolemy/domains/de/test/auto/ThreadedComposite.xml
auto.tcl: Setting watchdog for 200 seconds at Mon Dec 06 02:06:04 UTC 2021
180 ms. Memory: 51200K Free: 13311K (26%)
ptolemy.util.test.WatchDog.cancel(): canceling Mon Dec 06 02:06:04 UTC 2021
auto.tcl: Setting watchdog for 200 seconds at Mon Dec 06 02:06:04 UTC 2021
234 ms. Memory: 51200K Free: 23110K (45%)
ptolemy.util.test.WatchDog.cancel(): canceling Mon Dec 06 02:06:04 UTC 2021
------------------ testing $PTII/ptolemy/domains/de/test/auto/Time.xml
auto.tcl: Setting watchdog for 200 seconds at Mon Dec 06 02:06:04 UTC 2021
433 ms. Memory: 51200K Free: 35452K (69%)
ptolemy.util.test.WatchDog.cancel(): canceling Mon Dec 06 02:06:05 UTC 2021
auto.tcl: Setting watchdog for 200 seconds at Mon Dec 06 02:06:05 UTC 2021
429 ms. Memory: 51200K Free: 10562K (21%)
ptolemy.util.test.WatchDog.cancel(): canceling Mon Dec 06 02:06:05 UTC 2021
------------------ testing $PTII/ptolemy/domains/de/test/auto/TimeDelayZeroDelay.xml
auto.tcl: Setting watchdog for 200 seconds at Mon Dec 06 02:06:05 UTC 2021
1 ms. Memory: 51200K Free: 32173K (63%)
ptolemy.util.test.WatchDog.cancel(): canceling Mon Dec 06 02:06:05 UTC 2021
auto.tcl: Setting watchdog for 200 seconds at Mon Dec 06 02:06:05 UTC 2021
2 ms. Memory: 51200K Free: 31674K (62%)
ptolemy.util.test.WatchDog.cancel(): canceling Mon Dec 06 02:06:05 UTC 2021
------------------ testing $PTII/ptolemy/domains/de/test/auto/TimerZeroDelay.xml
auto.tcl: Setting watchdog for 200 seconds at Mon Dec 06 02:06:05 UTC 2021
2 ms. Memory: 51200K Free: 32355K (63%)
ptolemy.util.test.WatchDog.cancel(): canceling Mon Dec 06 02:06:05 UTC 2021
auto.tcl: Setting watchdog for 200 seconds at Mon Dec 06 02:06:05 UTC 2021
2 ms. Memory: 51200K Free: 31741K (62%)
ptolemy.util.test.WatchDog.cancel(): canceling Mon Dec 06 02:06:05 UTC 2021
------------------ testing $PTII/ptolemy/domains/de/test/auto/TimingParadox.xml
auto.tcl: Setting watchdog for 200 seconds at Mon Dec 06 02:06:05 UTC 2021
286 ms. Memory: 51200K Free: 18293K (36%)
ptolemy.util.test.WatchDog.cancel(): canceling Mon Dec 06 02:06:06 UTC 2021
auto.tcl: Setting watchdog for 200 seconds at Mon Dec 06 02:06:06 UTC 2021
276 ms. Memory: 51200K Free: 32420K (63%)
ptolemy.util.test.WatchDog.cancel(): canceling Mon Dec 06 02:06:06 UTC 2021
------------------ testing $PTII/ptolemy/domains/de/test/auto/TransferInputs.xml
auto.tcl: Setting watchdog for 200 seconds at Mon Dec 06 02:06:06 UTC 2021
2 ms. Memory: 51200K Free: 30683K (60%)
ptolemy.util.test.WatchDog.cancel(): canceling Mon Dec 06 02:06:06 UTC 2021
auto.tcl: Setting watchdog for 200 seconds at Mon Dec 06 02:06:06 UTC 2021
1 ms. Memory: 51200K Free: 29772K (58%)
ptolemy.util.test.WatchDog.cancel(): canceling Mon Dec 06 02:06:06 UTC 2021
------------------ testing $PTII/ptolemy/domains/de/test/auto/TransferOutputs2.xml
auto.tcl: Setting watchdog for 200 seconds at Mon Dec 06 02:06:06 UTC 2021
4 ms. Memory: 51200K Free: 28126K (55%)
ptolemy.util.test.WatchDog.cancel(): canceling Mon Dec 06 02:06:06 UTC 2021
auto.tcl: Setting watchdog for 200 seconds at Mon Dec 06 02:06:06 UTC 2021
2 ms. Memory: 51200K Free: 26673K (52%)
ptolemy.util.test.WatchDog.cancel(): canceling Mon Dec 06 02:06:06 UTC 2021
------------------ testing $PTII/ptolemy/domains/de/test/auto/Trilateration.xml
auto.tcl: Setting watchdog for 200 seconds at Mon Dec 06 02:06:06 UTC 2021
12328 ms. Memory: 475136K Free: 322337K (68%)
ptolemy.util.test.WatchDog.cancel(): canceling Mon Dec 06 02:06:20 UTC 2021
auto.tcl: Setting watchdog for 200 seconds at Mon Dec 06 02:06:20 UTC 2021
8733 ms. Memory: 475136K Free: 225024K (47%)
ptolemy.util.test.WatchDog.cancel(): canceling Mon Dec 06 02:06:28 UTC 2021
------------------ testing $PTII/ptolemy/domains/de/test/auto/TwoSigmaDelta.xml
auto.tcl: Setting watchdog for 200 seconds at Mon Dec 06 02:06:29 UTC 2021
2199 ms. Memory: 92160K Free: 35514K (39%)
ptolemy.util.test.WatchDog.cancel(): canceling Mon Dec 06 02:06:31 UTC 2021
auto.tcl: Setting watchdog for 200 seconds at Mon Dec 06 02:06:31 UTC 2021
1804 ms. Memory: 92160K Free: 33954K (37%)
ptolemy.util.test.WatchDog.cancel(): canceling Mon Dec 06 02:06:33 UTC 2021
------------------ testing $PTII/ptolemy/domains/de/test/auto/VariableDelay.xml
auto.tcl: Setting watchdog for 200 seconds at Mon Dec 06 02:06:33 UTC 2021
2 ms. Memory: 55296K Free: 35263K (64%)
ptolemy.util.test.WatchDog.cancel(): canceling Mon Dec 06 02:06:33 UTC 2021
auto.tcl: Setting watchdog for 200 seconds at Mon Dec 06 02:06:33 UTC 2021
2 ms. Memory: 55296K Free: 34269K (62%)
ptolemy.util.test.WatchDog.cancel(): canceling Mon Dec 06 02:06:33 UTC 2021
------------------ testing $PTII/ptolemy/domains/de/test/auto/VariableDelay2.xml
auto.tcl: Setting watchdog for 200 seconds at Mon Dec 06 02:06:33 UTC 2021
1 ms. Memory: 55296K Free: 35677K (65%)
ptolemy.util.test.WatchDog.cancel(): canceling Mon Dec 06 02:06:33 UTC 2021
auto.tcl: Setting watchdog for 200 seconds at Mon Dec 06 02:06:33 UTC 2021
2 ms. Memory: 55296K Free: 34667K (63%)
ptolemy.util.test.WatchDog.cancel(): canceling Mon Dec 06 02:06:33 UTC 2021
------------------ testing $PTII/ptolemy/domains/de/test/auto/VariableDelayZeroDelay.xml
auto.tcl: Setting watchdog for 200 seconds at Mon Dec 06 02:06:33 UTC 2021
2 ms. Memory: 55296K Free: 36204K (65%)
ptolemy.util.test.WatchDog.cancel(): canceling Mon Dec 06 02:06:33 UTC 2021
auto.tcl: Setting watchdog for 200 seconds at Mon Dec 06 02:06:33 UTC 2021
2 ms. Memory: 55296K Free: 35660K (64%)
ptolemy.util.test.WatchDog.cancel(): canceling Mon Dec 06 02:06:33 UTC 2021
------------------ testing $PTII/ptolemy/domains/de/test/auto/VariableDelayZeroDelay2.xml
auto.tcl: Setting watchdog for 200 seconds at Mon Dec 06 02:06:33 UTC 2021
1 ms. Memory: 55296K Free: 36203K (65%)
ptolemy.util.test.WatchDog.cancel(): canceling Mon Dec 06 02:06:33 UTC 2021
auto.tcl: Setting watchdog for 200 seconds at Mon Dec 06 02:06:33 UTC 2021
2 ms. Memory: 55296K Free: 35179K (64%)
ptolemy.util.test.WatchDog.cancel(): canceling Mon Dec 06 02:06:33 UTC 2021
------------------ testing $PTII/ptolemy/domains/de/test/auto/deInCt.xml
auto.tcl: Setting watchdog for 200 seconds at Mon Dec 06 02:06:33 UTC 2021
0
1
1
1
0
0
0
0
0
0
1
1
1
0
0
1
1
1
0
0
0
1
1
1
0
0
0
0
1
1
1
0
0
0
1
1
1
1
11 ms. Memory: 55296K Free: 35177K (64%)
ptolemy.util.test.WatchDog.cancel(): canceling Mon Dec 06 02:06:33 UTC 2021
auto.tcl: Setting watchdog for 200 seconds at Mon Dec 06 02:06:33 UTC 2021
0
1
1
1
1
1
1
0
0
0
0
0
1
1
1
0
0
0
0
1
1
1
0
0
0
1
1
1
1
6 ms. Memory: 55296K Free: 33639K (61%)
ptolemy.util.test.WatchDog.cancel(): canceling Mon Dec 06 02:06:33 UTC 2021
------------------ testing $PTII/ptolemy/domains/de/test/auto/deInCt2.xml
auto.tcl: Setting watchdog for 200 seconds at Mon Dec 06 02:06:33 UTC 2021
0
1
1
1
0
0
1
1
1
0
0
1
1
1
0
0
1
1
1
0
0
1
1
1
0
0
1
1
1
0
0
1
1
1
0
0
1
1
1
0
0
0
6 ms. Memory: 55296K Free: 35177K (64%)
ptolemy.util.test.WatchDog.cancel(): canceling Mon Dec 06 02:06:33 UTC 2021
auto.tcl: Setting watchdog for 200 seconds at Mon Dec 06 02:06:33 UTC 2021
0
1
1
1
0
0
1
1
1
0
0
1
1
1
0
0
1
1
1
0
0
1
1
1
0
0
1
1
1
0
0
1
1
1
0
0
1
1
1
0
0
0
7 ms. Memory: 55296K Free: 33625K (61%)
ptolemy.util.test.WatchDog.cancel(): canceling Mon Dec 06 02:06:33 UTC 2021
------------------ testing $PTII/ptolemy/domains/de/test/auto/dynamicCausalityInterface1.xml
auto.tcl: Setting watchdog for 200 seconds at Mon Dec 06 02:06:33 UTC 2021
1 ms. Memory: 55296K Free: 30422K (55%)
ptolemy.util.test.WatchDog.cancel(): canceling Mon Dec 06 02:06:33 UTC 2021
auto.tcl: Setting watchdog for 200 seconds at Mon Dec 06 02:06:33 UTC 2021
1 ms. Memory: 55296K Free: 30051K (54%)
ptolemy.util.test.WatchDog.cancel(): canceling Mon Dec 06 02:06:33 UTC 2021
------------------ testing $PTII/ptolemy/domains/de/test/auto/fsm_de_test.xml
auto.tcl: Setting watchdog for 200 seconds at Mon Dec 06 02:06:33 UTC 2021
12 ms. Memory: 55296K Free: 30974K (56%)
ptolemy.util.test.WatchDog.cancel(): canceling Mon Dec 06 02:06:33 UTC 2021
auto.tcl: Setting watchdog for 200 seconds at Mon Dec 06 02:06:33 UTC 2021
5 ms. Memory: 55296K Free: 28926K (52%)
ptolemy.util.test.WatchDog.cancel(): canceling Mon Dec 06 02:06:33 UTC 2021
------------------ testing $PTII/ptolemy/domains/de/test/auto/functionDependencyReconstruction.xml
auto.tcl: Setting watchdog for 200 seconds at Mon Dec 06 02:06:33 UTC 2021
3 ms. Memory: 55296K Free: 24820K (45%)
ptolemy.util.test.WatchDog.cancel(): canceling Mon Dec 06 02:06:33 UTC 2021
auto.tcl: Setting watchdog for 200 seconds at Mon Dec 06 02:06:33 UTC 2021
2 ms. Memory: 55296K Free: 22772K (41%)
ptolemy.util.test.WatchDog.cancel(): canceling Mon Dec 06 02:06:33 UTC 2021
------------------ testing $PTII/ptolemy/domains/de/test/auto/multirate.xml
auto.tcl: Setting watchdog for 200 seconds at Mon Dec 06 02:06:33 UTC 2021
2 ms. Memory: 55296K Free: 33584K (61%)
ptolemy.util.test.WatchDog.cancel(): canceling Mon Dec 06 02:06:33 UTC 2021
auto.tcl: Setting watchdog for 200 seconds at Mon Dec 06 02:06:33 UTC 2021
2 ms. Memory: 55296K Free: 31869K (58%)
ptolemy.util.test.WatchDog.cancel(): canceling Mon Dec 06 02:06:33 UTC 2021
------------------ testing $PTII/ptolemy/domains/de/test/auto/multirate2.xml
auto.tcl: Setting watchdog for 200 seconds at Mon Dec 06 02:06:33 UTC 2021
6 ms. Memory: 55296K Free: 33571K (61%)
ptolemy.util.test.WatchDog.cancel(): canceling Mon Dec 06 02:06:33 UTC 2021
auto.tcl: Setting watchdog for 200 seconds at Mon Dec 06 02:06:33 UTC 2021
3 ms. Memory: 55296K Free: 32051K (58%)
ptolemy.util.test.WatchDog.cancel(): canceling Mon Dec 06 02:06:33 UTC 2021
------------------ testing $PTII/ptolemy/domains/de/test/auto/realtime.xml
auto.tcl: Setting watchdog for 200 seconds at Mon Dec 06 02:06:33 UTC 2021
10001 ms. Memory: 55296K Free: 35847K (65%)
ptolemy.util.test.WatchDog.cancel(): canceling Mon Dec 06 02:06:43 UTC 2021
auto.tcl: Setting watchdog for 200 seconds at Mon Dec 06 02:06:43 UTC 2021
10001 ms. Memory: 55296K Free: 35151K (64%)
ptolemy.util.test.WatchDog.cancel(): canceling Mon Dec 06 02:06:53 UTC 2021
------------------ testing $PTII/ptolemy/domains/de/test/auto/relationGroup.xml
auto.tcl: Setting watchdog for 200 seconds at Mon Dec 06 02:06:53 UTC 2021
1 ms. Memory: 55296K Free: 36905K (67%)
ptolemy.util.test.WatchDog.cancel(): canceling Mon Dec 06 02:06:53 UTC 2021
auto.tcl: Setting watchdog for 200 seconds at Mon Dec 06 02:06:53 UTC 2021
1 ms. Memory: 55296K Free: 36361K (66%)
ptolemy.util.test.WatchDog.cancel(): canceling Mon Dec 06 02:06:53 UTC 2021
------------------ testing $PTII/ptolemy/domains/de/test/auto/relationGroup2.xml
auto.tcl: Setting watchdog for 200 seconds at Mon Dec 06 02:06:53 UTC 2021
1 ms. Memory: 55296K Free: 36736K (66%)
ptolemy.util.test.WatchDog.cancel(): canceling Mon Dec 06 02:06:53 UTC 2021
auto.tcl: Setting watchdog for 200 seconds at Mon Dec 06 02:06:53 UTC 2021
1 ms. Memory: 55296K Free: 36226K (66%)
ptolemy.util.test.WatchDog.cancel(): canceling Mon Dec 06 02:06:53 UTC 2021
------------------ testing $PTII/ptolemy/domains/de/test/auto/sortWithOpaquePorts.xml
auto.tcl: Setting watchdog for 200 seconds at Mon Dec 06 02:06:53 UTC 2021
2 ms. Memory: 55296K Free: 35699K (65%)
ptolemy.util.test.WatchDog.cancel(): canceling Mon Dec 06 02:06:53 UTC 2021
auto.tcl: Setting watchdog for 200 seconds at Mon Dec 06 02:06:53 UTC 2021
2 ms. Memory: 55296K Free: 34675K (63%)
ptolemy.util.test.WatchDog.cancel(): canceling Mon Dec 06 02:06:53 UTC 2021
------------------ testing $PTII/ptolemy/domains/de/test/auto/transferInputsandOutputs.xml
auto.tcl: Setting watchdog for 200 seconds at Mon Dec 06 02:06:54 UTC 2021
1 ms. Memory: 55296K Free: 33142K (60%)
ptolemy.util.test.WatchDog.cancel(): canceling Mon Dec 06 02:06:54 UTC 2021
auto.tcl: Setting watchdog for 200 seconds at Mon Dec 06 02:06:54 UTC 2021
2 ms. Memory: 55296K Free: 32118K (58%)
ptolemy.util.test.WatchDog.cancel(): canceling Mon Dec 06 02:06:54 UTC 2021
------------------ testing $PTII/ptolemy/domains/de/test/auto/triggerType.xml
auto.tcl: Setting watchdog for 200 seconds at Mon Dec 06 02:06:54 UTC 2021
1 ms. Memory: 55296K Free: 36167K (65%)
ptolemy.util.test.WatchDog.cancel(): canceling Mon Dec 06 02:06:54 UTC 2021
auto.tcl: Setting watchdog for 200 seconds at Mon Dec 06 02:06:54 UTC 2021
2 ms. Memory: 55296K Free: 35143K (64%)
ptolemy.util.test.WatchDog.cancel(): canceling Mon Dec 06 02:06:54 UTC 2021
12/06/21 02:06:54
Failed: 0  Total Tests: 192  ((Passed: 187, Newly Passed: 1)  Known Failed: 5) /home/travis/build/icyphy/ptII/ptolemy/domains/de/test
12/06/21 02:06:54
Failed: 0  Total Tests: 192  ((Passed: 187, Newly Passed: 1)  Known Failed: 5) /home/travis/build/icyphy/ptII/ptolemy/domains/de/test
----------------- testing (KnownFailure) /home/travis/build/icyphy/ptII/ptolemy/domains/de/test/auto/knownFailedTests/DESDFClockTest.xml
2009 ms. Memory: 55296K Free: 29052K (53%)
Known Failure: java.lang.reflect.InvocationTargetException
----------------- testing (KnownFailure) /home/travis/build/icyphy/ptII/ptolemy/domains/de/test/auto/knownFailedTests/DirectFeedback.xml
2 ms. Memory: 55296K Free: 25466K (46%)
Known Failure: java.lang.reflect.InvocationTargetException
----------------- testing (KnownFailure) /home/travis/build/icyphy/ptII/ptolemy/domains/de/test/auto/knownFailedTests/FSMSource.xml
7 ms. Memory: 55296K Free: 17788K (32%)
----------------- testing (KnownFailure) /home/travis/build/icyphy/ptII/ptolemy/domains/de/test/auto/knownFailedTests/HierarchicalModel.xml
7 ms. Memory: 55296K Free: 32983K (60%)
Known Failure: java.lang.reflect.InvocationTargetException
----------------- testing (KnownFailure) /home/travis/build/icyphy/ptII/ptolemy/domains/de/test/auto/knownFailedTests/dependencyLoop.xml
2 ms. Memory: 55296K Free: 17639K (32%)
Known Failure: java.lang.reflect.InvocationTargetException
----------------- testing (KnownFailure) /home/travis/build/icyphy/ptII/ptolemy/domains/de/test/auto/knownFailedTests/dependencyLoop2.xml
2 ms. Memory: 55296K Free: 33662K (61%)
Known Failure: java.lang.reflect.InvocationTargetException
No auto/linux-amd64/*.xml tests in /home/travis/build/icyphy/ptII/ptolemy/domains/de/test
AutoTests.java: About to close Vertx.
AutoTests.java: Vertx closed.

===========================================================================================
----------------- testing Mon Dec 06 02:06:56 UTC 2021 /home/travis/build/icyphy/ptII/ptolemy/domains/de/test/auto/ActorDepthCalculation_actorWithoutPorts.xml
----------------- Instantiating /home/travis/build/icyphy/ptII/ptolemy/domains/de/test/auto/ActorDepthCalculation_actorWithoutPorts.xml
2 ms. Memory: 55296K Free: 26825K (49%)
----------------- Invoking toplevel() on ptolemy.moml.MoMLSimpleApplication@1e98a506
----------------- Done invoking toplevel() on ptolemy.moml.MoMLSimpleApplication@1e98a506
reloadAllAccessors: .ActorDepthCalculation_actorWithoutPorts

===========================================================================================
----------------- testing Mon Dec 06 02:06:56 UTC 2021 /home/travis/build/icyphy/ptII/ptolemy/domains/de/test/auto/AssemblyLine.xml
----------------- Instantiating /home/travis/build/icyphy/ptII/ptolemy/domains/de/test/auto/AssemblyLine.xml
3 ms. Memory: 55296K Free: 20019K (36%)
----------------- Invoking toplevel() on ptolemy.moml.MoMLSimpleApplication@7a0f9c50
----------------- Done invoking toplevel() on ptolemy.moml.MoMLSimpleApplication@7a0f9c50
reloadAllAccessors: .AssemblyLine

===========================================================================================
----------------- testing Mon Dec 06 02:06:56 UTC 2021 /home/travis/build/icyphy/ptII/ptolemy/domains/de/test/auto/CQBug1.xml
----------------- Instantiating /home/travis/build/icyphy/ptII/ptolemy/domains/de/test/auto/CQBug1.xml
1 ms. Memory: 55296K Free: 17272K (31%)
----------------- Invoking toplevel() on ptolemy.moml.MoMLSimpleApplication@2cbf3ab6
----------------- Done invoking toplevel() on ptolemy.moml.MoMLSimpleApplication@2cbf3ab6
reloadAllAccessors: .CQBug1

===========================================================================================
----------------- testing Mon Dec 06 02:06:56 UTC 2021 /home/travis/build/icyphy/ptII/ptolemy/domains/de/test/auto/CancelFireAt.xml
----------------- Instantiating /home/travis/build/icyphy/ptII/ptolemy/domains/de/test/auto/CancelFireAt.xml
1 ms. Memory: 55296K Free: 14608K (26%)
----------------- Invoking toplevel() on ptolemy.moml.MoMLSimpleApplication@b8fe14b
----------------- Done invoking toplevel() on ptolemy.moml.MoMLSimpleApplication@b8fe14b
reloadAllAccessors: .CancelFireAt

===========================================================================================
----------------- testing Mon Dec 06 02:06:56 UTC 2021 /home/travis/build/icyphy/ptII/ptolemy/domains/de/test/auto/CausalityAndComposabilityAnalysis.xml
----------------- Instantiating /home/travis/build/icyphy/ptII/ptolemy/domains/de/test/auto/CausalityAndComposabilityAnalysis.xml
1 ms. Memory: 55296K Free: 10442K (19%)
----------------- Invoking toplevel() on ptolemy.moml.MoMLSimpleApplication@74339b56
----------------- Done invoking toplevel() on ptolemy.moml.MoMLSimpleApplication@74339b56
reloadAllAccessors: .CausalityAndComposabilityAnalysis

===========================================================================================
----------------- testing Mon Dec 06 02:06:56 UTC 2021 /home/travis/build/icyphy/ptII/ptolemy/domains/de/test/auto/CausalityInterface1.xml
----------------- Instantiating /home/travis/build/icyphy/ptII/ptolemy/domains/de/test/auto/CausalityInterface1.xml
3 ms. Memory: 55296K Free: 36252K (66%)
----------------- Invoking toplevel() on ptolemy.moml.MoMLSimpleApplication@c434f4c
----------------- Done invoking toplevel() on ptolemy.moml.MoMLSimpleApplication@c434f4c
reloadAllAccessors: .CausalityInterface1

===========================================================================================
----------------- testing Mon Dec 06 02:06:56 UTC 2021 /home/travis/build/icyphy/ptII/ptolemy/domains/de/test/auto/CausalityInterface15.xml
----------------- Instantiating /home/travis/build/icyphy/ptII/ptolemy/domains/de/test/auto/CausalityInterface15.xml
2 ms. Memory: 55296K Free: 30815K (56%)
----------------- Invoking toplevel() on ptolemy.moml.MoMLSimpleApplication@29de1002
----------------- Done invoking toplevel() on ptolemy.moml.MoMLSimpleApplication@29de1002
reloadAllAccessors: .CausalityInterface15

===========================================================================================
----------------- testing Mon Dec 06 02:06:56 UTC 2021 /home/travis/build/icyphy/ptII/ptolemy/domains/de/test/auto/CausalityInterface2.xml
----------------- Instantiating /home/travis/build/icyphy/ptII/ptolemy/domains/de/test/auto/CausalityInterface2.xml
1 ms. Memory: 55296K Free: 26335K (48%)
----------------- Invoking toplevel() on ptolemy.moml.MoMLSimpleApplication@64efeef4
----------------- Done invoking toplevel() on ptolemy.moml.MoMLSimpleApplication@64efeef4
reloadAllAccessors: .CausalityInterface2

===========================================================================================
----------------- testing Mon Dec 06 02:06:56 UTC 2021 /home/travis/build/icyphy/ptII/ptolemy/domains/de/test/auto/CausalityInterface3.xml
----------------- Instantiating /home/travis/build/icyphy/ptII/ptolemy/domains/de/test/auto/CausalityInterface3.xml
2 ms. Memory: 55296K Free: 21175K (38%)
----------------- Invoking toplevel() on ptolemy.moml.MoMLSimpleApplication@4215f61d
----------------- Done invoking toplevel() on ptolemy.moml.MoMLSimpleApplication@4215f61d
reloadAllAccessors: .CausalityInterface3

===========================================================================================
----------------- testing Mon Dec 06 02:06:56 UTC 2021 /home/travis/build/icyphy/ptII/ptolemy/domains/de/test/auto/ClockDrift.xml
----------------- Instantiating /home/travis/build/icyphy/ptII/ptolemy/domains/de/test/auto/ClockDrift.xml
14 ms. Memory: 55296K Free: 39740K (72%)
----------------- Invoking toplevel() on ptolemy.moml.MoMLSimpleApplication@50e3774
----------------- Done invoking toplevel() on ptolemy.moml.MoMLSimpleApplication@50e3774
reloadAllAccessors: .ClockDrift

===========================================================================================
----------------- testing Mon Dec 06 02:06:56 UTC 2021 /home/travis/build/icyphy/ptII/ptolemy/domains/de/test/auto/ClockDriftAndValueChange.xml
----------------- Instantiating /home/travis/build/icyphy/ptII/ptolemy/domains/de/test/auto/ClockDriftAndValueChange.xml
9 ms. Memory: 55296K Free: 27859K (50%)
----------------- Invoking toplevel() on ptolemy.moml.MoMLSimpleApplication@48779524
----------------- Done invoking toplevel() on ptolemy.moml.MoMLSimpleApplication@48779524
reloadAllAccessors: .ClockDriftAndValueChange

===========================================================================================
----------------- testing Mon Dec 06 02:06:56 UTC 2021 /home/travis/build/icyphy/ptII/ptolemy/domains/de/test/auto/ClockDriftChange.xml
----------------- Instantiating /home/travis/build/icyphy/ptII/ptolemy/domains/de/test/auto/ClockDriftChange.xml
8 ms. Memory: 55296K Free: 18015K (33%)
----------------- Invoking toplevel() on ptolemy.moml.MoMLSimpleApplication@a8ca8e6
----------------- Done invoking toplevel() on ptolemy.moml.MoMLSimpleApplication@a8ca8e6
reloadAllAccessors: .ClockDriftChange

===========================================================================================
----------------- testing Mon Dec 06 02:06:56 UTC 2021 /home/travis/build/icyphy/ptII/ptolemy/domains/de/test/auto/ComposableCausalityAnalysis.xml
----------------- Instantiating /home/travis/build/icyphy/ptII/ptolemy/domains/de/test/auto/ComposableCausalityAnalysis.xml
0 ms. Memory: 55296K Free: 12378K (22%)
----------------- Invoking toplevel() on ptolemy.moml.MoMLSimpleApplication@33ac4156
----------------- Done invoking toplevel() on ptolemy.moml.MoMLSimpleApplication@33ac4156
reloadAllAccessors: .ComposableCausalityAnalysis

===========================================================================================
----------------- testing Mon Dec 06 02:06:56 UTC 2021 /home/travis/build/icyphy/ptII/ptolemy/domains/de/test/auto/DEFixedPointLimitation.xml
----------------- Instantiating /home/travis/build/icyphy/ptII/ptolemy/domains/de/test/auto/DEFixedPointLimitation.xml
1 ms. Memory: 55296K Free: 37425K (68%)
----------------- Invoking toplevel() on ptolemy.moml.MoMLSimpleApplication@7a8a7934
----------------- Done invoking toplevel() on ptolemy.moml.MoMLSimpleApplication@7a8a7934
reloadAllAccessors: .DEFixedPointLimitation

===========================================================================================
----------------- testing Mon Dec 06 02:06:56 UTC 2021 /home/travis/build/icyphy/ptII/ptolemy/domains/de/test/auto/DEScheduleTest.xml
----------------- Instantiating /home/travis/build/icyphy/ptII/ptolemy/domains/de/test/auto/DEScheduleTest.xml
2 ms. Memory: 55296K Free: 33297K (60%)
----------------- Invoking toplevel() on ptolemy.moml.MoMLSimpleApplication@44087ea7
----------------- Done invoking toplevel() on ptolemy.moml.MoMLSimpleApplication@44087ea7
reloadAllAccessors: .DEScheduleTest

===========================================================================================
----------------- testing Mon Dec 06 02:06:56 UTC 2021 /home/travis/build/icyphy/ptII/ptolemy/domains/de/test/auto/DEinDEwithStartTimes.xml
----------------- Instantiating /home/travis/build/icyphy/ptII/ptolemy/domains/de/test/auto/DEinDEwithStartTimes.xml
2 ms. Memory: 55296K Free: 27193K (49%)
----------------- Invoking toplevel() on ptolemy.moml.MoMLSimpleApplication@2a0c04ec
----------------- Done invoking toplevel() on ptolemy.moml.MoMLSimpleApplication@2a0c04ec
reloadAllAccessors: .DEinDEwithStartTimes

===========================================================================================
----------------- testing Mon Dec 06 02:06:56 UTC 2021 /home/travis/build/icyphy/ptII/ptolemy/domains/de/test/auto/DEinDEwithStartTimes2.xml
----------------- Instantiating /home/travis/build/icyphy/ptII/ptolemy/domains/de/test/auto/DEinDEwithStartTimes2.xml
3 ms. Memory: 55296K Free: 20819K (38%)
----------------- Invoking toplevel() on ptolemy.moml.MoMLSimpleApplication@31876a58
----------------- Done invoking toplevel() on ptolemy.moml.MoMLSimpleApplication@31876a58
reloadAllAccessors: .DEinDEwithStartTimes2

===========================================================================================
----------------- testing Mon Dec 06 02:06:56 UTC 2021 /home/travis/build/icyphy/ptII/ptolemy/domains/de/test/auto/DateDemo.xml
----------------- Instantiating /home/travis/build/icyphy/ptII/ptolemy/domains/de/test/auto/DateDemo.xml
13 ms. Memory: 55296K Free: 39271K (71%)
----------------- Invoking toplevel() on ptolemy.moml.MoMLSimpleApplication@4e4b7d90
----------------- Done invoking toplevel() on ptolemy.moml.MoMLSimpleApplication@4e4b7d90
reloadAllAccessors: .DateDemo

===========================================================================================
----------------- testing Mon Dec 06 02:06:56 UTC 2021 /home/travis/build/icyphy/ptII/ptolemy/domains/de/test/auto/DateToEvent.xml
----------------- Instantiating /home/travis/build/icyphy/ptII/ptolemy/domains/de/test/auto/DateToEvent.xml
2004 ms. Memory: 55296K Free: 23720K (43%)
----------------- Invoking toplevel() on ptolemy.moml.MoMLSimpleApplication@366e202e
----------------- Done invoking toplevel() on ptolemy.moml.MoMLSimpleApplication@366e202e
reloadAllAccessors: .DateToEvent

===========================================================================================
----------------- testing Mon Dec 06 02:06:58 UTC 2021 /home/travis/build/icyphy/ptII/ptolemy/domains/de/test/auto/DepthTest1.xml
----------------- Instantiating /home/travis/build/icyphy/ptII/ptolemy/domains/de/test/auto/DepthTest1.xml
1 ms. Memory: 55296K Free: 20614K (37%)
----------------- Invoking toplevel() on ptolemy.moml.MoMLSimpleApplication@41480223
----------------- Done invoking toplevel() on ptolemy.moml.MoMLSimpleApplication@41480223
reloadAllAccessors: .DepthTest1

===========================================================================================
----------------- testing Mon Dec 06 02:06:58 UTC 2021 /home/travis/build/icyphy/ptII/ptolemy/domains/de/test/auto/DepthTest2.xml
----------------- Instantiating /home/travis/build/icyphy/ptII/ptolemy/domains/de/test/auto/DepthTest2.xml
2 ms. Memory: 55296K Free: 14266K (26%)
----------------- Invoking toplevel() on ptolemy.moml.MoMLSimpleApplication@6a8595d9
----------------- Done invoking toplevel() on ptolemy.moml.MoMLSimpleApplication@6a8595d9
reloadAllAccessors: .DepthTest2

===========================================================================================
----------------- testing Mon Dec 06 02:06:58 UTC 2021 /home/travis/build/icyphy/ptII/ptolemy/domains/de/test/auto/DepthTest3.xml
----------------- Instantiating /home/travis/build/icyphy/ptII/ptolemy/domains/de/test/auto/DepthTest3.xml
1 ms. Memory: 55296K Free: 11154K (20%)
----------------- Invoking toplevel() on ptolemy.moml.MoMLSimpleApplication@1be731be
----------------- Done invoking toplevel() on ptolemy.moml.MoMLSimpleApplication@1be731be
reloadAllAccessors: .DepthTest3

===========================================================================================
----------------- testing Mon Dec 06 02:06:58 UTC 2021 /home/travis/build/icyphy/ptII/ptolemy/domains/de/test/auto/DepthTest4.xml
----------------- Instantiating /home/travis/build/icyphy/ptII/ptolemy/domains/de/test/auto/DepthTest4.xml
1 ms. Memory: 55296K Free: 36119K (65%)
----------------- Invoking toplevel() on ptolemy.moml.MoMLSimpleApplication@1b82d100
----------------- Done invoking toplevel() on ptolemy.moml.MoMLSimpleApplication@1b82d100
reloadAllAccessors: .DepthTest4

===========================================================================================
----------------- testing Mon Dec 06 02:06:58 UTC 2021 /home/travis/build/icyphy/ptII/ptolemy/domains/de/test/auto/DepthTest5.xml
----------------- Instantiating /home/travis/build/icyphy/ptII/ptolemy/domains/de/test/auto/DepthTest5.xml
1 ms. Memory: 55296K Free: 30633K (55%)
----------------- Invoking toplevel() on ptolemy.moml.MoMLSimpleApplication@19e80298
----------------- Done invoking toplevel() on ptolemy.moml.MoMLSimpleApplication@19e80298
reloadAllAccessors: .DepthTest5

===========================================================================================
----------------- testing Mon Dec 06 02:06:58 UTC 2021 /home/travis/build/icyphy/ptII/ptolemy/domains/de/test/auto/DepthTest6.xml
----------------- Instantiating /home/travis/build/icyphy/ptII/ptolemy/domains/de/test/auto/DepthTest6.xml
1 ms. Memory: 55296K Free: 25323K (46%)
----------------- Invoking toplevel() on ptolemy.moml.MoMLSimpleApplication@539e046f
----------------- Done invoking toplevel() on ptolemy.moml.MoMLSimpleApplication@539e046f
reloadAllAccessors: .DepthTest6

===========================================================================================
----------------- testing Mon Dec 06 02:06:58 UTC 2021 /home/travis/build/icyphy/ptII/ptolemy/domains/de/test/auto/DepthTest7.xml
----------------- Instantiating /home/travis/build/icyphy/ptII/ptolemy/domains/de/test/auto/DepthTest7.xml
9 ms. Memory: 55296K Free: 20591K (37%)
----------------- Invoking toplevel() on ptolemy.moml.MoMLSimpleApplication@2c48bc7b
----------------- Done invoking toplevel() on ptolemy.moml.MoMLSimpleApplication@2c48bc7b
reloadAllAccessors: .DepthTest7

===========================================================================================
----------------- testing Mon Dec 06 02:06:58 UTC 2021 /home/travis/build/icyphy/ptII/ptolemy/domains/de/test/auto/EventToDate.xml
----------------- Instantiating /home/travis/build/icyphy/ptII/ptolemy/domains/de/test/auto/EventToDate.xml
3003 ms. Memory: 55296K Free: 36660K (66%)
----------------- Invoking toplevel() on ptolemy.moml.MoMLSimpleApplication@5a3db81c
----------------- Done invoking toplevel() on ptolemy.moml.MoMLSimpleApplication@5a3db81c
reloadAllAccessors: .EventToDate

===========================================================================================
----------------- testing Mon Dec 06 02:07:01 UTC 2021 /home/travis/build/icyphy/ptII/ptolemy/domains/de/test/auto/FSM1.xml
----------------- Instantiating /home/travis/build/icyphy/ptII/ptolemy/domains/de/test/auto/FSM1.xml
13 ms. Memory: 55296K Free: 24752K (45%)
----------------- Invoking toplevel() on ptolemy.moml.MoMLSimpleApplication@6f3014b8
----------------- Done invoking toplevel() on ptolemy.moml.MoMLSimpleApplication@6f3014b8
reloadAllAccessors: .FSM1

===========================================================================================
----------------- testing Mon Dec 06 02:07:01 UTC 2021 /home/travis/build/icyphy/ptII/ptolemy/domains/de/test/auto/FSM7.xml
----------------- Instantiating /home/travis/build/icyphy/ptII/ptolemy/domains/de/test/auto/FSM7.xml
13 ms. Memory: 55296K Free: 12272K (22%)
----------------- Invoking toplevel() on ptolemy.moml.MoMLSimpleApplication@1e1b8468
----------------- Done invoking toplevel() on ptolemy.moml.MoMLSimpleApplication@1e1b8468
reloadAllAccessors: .FSM7

===========================================================================================
----------------- testing Mon Dec 06 02:07:01 UTC 2021 /home/travis/build/icyphy/ptII/ptolemy/domains/de/test/auto/Inspection.xml
----------------- Instantiating /home/travis/build/icyphy/ptII/ptolemy/domains/de/test/auto/Inspection.xml
14 ms. Memory: 55296K Free: 29811K (54%)
----------------- Invoking toplevel() on ptolemy.moml.MoMLSimpleApplication@2f0152df
----------------- Done invoking toplevel() on ptolemy.moml.MoMLSimpleApplication@2f0152df
reloadAllAccessors: .Inspection

===========================================================================================
----------------- testing Mon Dec 06 02:07:01 UTC 2021 /home/travis/build/icyphy/ptII/ptolemy/domains/de/test/auto/Iteration.xml
----------------- Instantiating /home/travis/build/icyphy/ptII/ptolemy/domains/de/test/auto/Iteration.xml
9 ms. Memory: 55296K Free: 22827K (41%)
----------------- Invoking toplevel() on ptolemy.moml.MoMLSimpleApplication@5e43d887
----------------- Done invoking toplevel() on ptolemy.moml.MoMLSimpleApplication@5e43d887
reloadAllAccessors: .Iteration

===========================================================================================
----------------- testing Mon Dec 06 02:07:02 UTC 2021 /home/travis/build/icyphy/ptII/ptolemy/domains/de/test/auto/LineFault.xml
----------------- Instantiating /home/travis/build/icyphy/ptII/ptolemy/domains/de/test/auto/LineFault.xml
398 ms. Memory: 55296K Free: 26461K (48%)
----------------- Invoking toplevel() on ptolemy.moml.MoMLSimpleApplication@fe2e018
----------------- Done invoking toplevel() on ptolemy.moml.MoMLSimpleApplication@fe2e018
reloadAllAccessors: .LineFault

===========================================================================================
----------------- testing Mon Dec 06 02:07:02 UTC 2021 /home/travis/build/icyphy/ptII/ptolemy/domains/de/test/auto/MergeModel1Add.xml
----------------- Instantiating /home/travis/build/icyphy/ptII/ptolemy/domains/de/test/auto/MergeModel1Add.xml
6 ms. Memory: 55296K Free: 35649K (64%)
----------------- Invoking toplevel() on ptolemy.moml.MoMLSimpleApplication@237989bb
----------------- Done invoking toplevel() on ptolemy.moml.MoMLSimpleApplication@237989bb
reloadAllAccessors: .MergeModel1Add

===========================================================================================
----------------- testing Mon Dec 06 02:07:02 UTC 2021 /home/travis/build/icyphy/ptII/ptolemy/domains/de/test/auto/MergeModel2Add.xml
----------------- Instantiating /home/travis/build/icyphy/ptII/ptolemy/domains/de/test/auto/MergeModel2Add.xml
6 ms. Memory: 55296K Free: 17954K (32%)
----------------- Invoking toplevel() on ptolemy.moml.MoMLSimpleApplication@4248596c
----------------- Done invoking toplevel() on ptolemy.moml.MoMLSimpleApplication@4248596c
reloadAllAccessors: .MergeModel2Add

===========================================================================================
----------------- testing Mon Dec 06 02:07:02 UTC 2021 /home/travis/build/icyphy/ptII/ptolemy/domains/de/test/auto/MergeModel3Add.xml
----------------- Instantiating /home/travis/build/icyphy/ptII/ptolemy/domains/de/test/auto/MergeModel3Add.xml
4 ms. Memory: 55296K Free: 29278K (53%)
----------------- Invoking toplevel() on ptolemy.moml.MoMLSimpleApplication@26d0b5f
----------------- Done invoking toplevel() on ptolemy.moml.MoMLSimpleApplication@26d0b5f
reloadAllAccessors: .MergeModel3Add

===========================================================================================
----------------- testing Mon Dec 06 02:07:02 UTC 2021 /home/travis/build/icyphy/ptII/ptolemy/domains/de/test/auto/MergeWithoutDiscard.xml
----------------- Instantiating /home/travis/build/icyphy/ptII/ptolemy/domains/de/test/auto/MergeWithoutDiscard.xml
1 ms. Memory: 55296K Free: 24787K (45%)
----------------- Invoking toplevel() on ptolemy.moml.MoMLSimpleApplication@4a0b77b7
----------------- Done invoking toplevel() on ptolemy.moml.MoMLSimpleApplication@4a0b77b7
reloadAllAccessors: .MergeWithoutDiscard

===========================================================================================
----------------- testing Mon Dec 06 02:07:02 UTC 2021 /home/travis/build/icyphy/ptII/ptolemy/domains/de/test/auto/Modal1.xml
----------------- Instantiating /home/travis/build/icyphy/ptII/ptolemy/domains/de/test/auto/Modal1.xml
7 ms. Memory: 55296K Free: 12788K (23%)
----------------- Invoking toplevel() on ptolemy.moml.MoMLSimpleApplication@6d3bb8bb
----------------- Done invoking toplevel() on ptolemy.moml.MoMLSimpleApplication@6d3bb8bb
reloadAllAccessors: .Modal1

===========================================================================================
----------------- testing Mon Dec 06 02:07:02 UTC 2021 /home/travis/build/icyphy/ptII/ptolemy/domains/de/test/auto/Modal2.xml
----------------- Instantiating /home/travis/build/icyphy/ptII/ptolemy/domains/de/test/auto/Modal2.xml
9 ms. Memory: 55296K Free: 29546K (53%)
----------------- Invoking toplevel() on ptolemy.moml.MoMLSimpleApplication@77f25c57
----------------- Done invoking toplevel() on ptolemy.moml.MoMLSimpleApplication@77f25c57
reloadAllAccessors: .Modal2

===========================================================================================
----------------- testing Mon Dec 06 02:07:02 UTC 2021 /home/travis/build/icyphy/ptII/ptolemy/domains/de/test/auto/Modal3.xml
----------------- Instantiating /home/travis/build/icyphy/ptII/ptolemy/domains/de/test/auto/Modal3.xml
8 ms. Memory: 55296K Free: 17258K (31%)
----------------- Invoking toplevel() on ptolemy.moml.MoMLSimpleApplication@4338f781
----------------- Done invoking toplevel() on ptolemy.moml.MoMLSimpleApplication@4338f781
reloadAllAccessors: .Modal3

===========================================================================================
----------------- testing Mon Dec 06 02:07:02 UTC 2021 /home/travis/build/icyphy/ptII/ptolemy/domains/de/test/auto/Modal4.xml
----------------- Instantiating /home/travis/build/icyphy/ptII/ptolemy/domains/de/test/auto/Modal4.xml
8 ms. Memory: 55296K Free: 31842K (58%)
----------------- Invoking toplevel() on ptolemy.moml.MoMLSimpleApplication@6a43a5a0
----------------- Done invoking toplevel() on ptolemy.moml.MoMLSimpleApplication@6a43a5a0
reloadAllAccessors: .Modal4

===========================================================================================
----------------- testing Mon Dec 06 02:07:02 UTC 2021 /home/travis/build/icyphy/ptII/ptolemy/domains/de/test/auto/Modal5.xml
----------------- Instantiating /home/travis/build/icyphy/ptII/ptolemy/domains/de/test/auto/Modal5.xml
8 ms. Memory: 55296K Free: 18855K (34%)
----------------- Invoking toplevel() on ptolemy.moml.MoMLSimpleApplication@541372e0
----------------- Done invoking toplevel() on ptolemy.moml.MoMLSimpleApplication@541372e0
reloadAllAccessors: .Modal5

===========================================================================================
----------------- testing Mon Dec 06 02:07:02 UTC 2021 /home/travis/build/icyphy/ptII/ptolemy/domains/de/test/auto/Modal6.xml
----------------- Instantiating /home/travis/build/icyphy/ptII/ptolemy/domains/de/test/auto/Modal6.xml
7 ms. Memory: 55296K Free: 34272K (62%)
----------------- Invoking toplevel() on ptolemy.moml.MoMLSimpleApplication@25dd4318
----------------- Done invoking toplevel() on ptolemy.moml.MoMLSimpleApplication@25dd4318
reloadAllAccessors: .Modal6

===========================================================================================
----------------- testing Mon Dec 06 02:07:02 UTC 2021 /home/travis/build/icyphy/ptII/ptolemy/domains/de/test/auto/Modal7.xml
----------------- Instantiating /home/travis/build/icyphy/ptII/ptolemy/domains/de/test/auto/Modal7.xml
6 ms. Memory: 55296K Free: 20974K (38%)
----------------- Invoking toplevel() on ptolemy.moml.MoMLSimpleApplication@6b8f4568
----------------- Done invoking toplevel() on ptolemy.moml.MoMLSimpleApplication@6b8f4568
reloadAllAccessors: .Modal7

===========================================================================================
----------------- testing Mon Dec 06 02:07:02 UTC 2021 /home/travis/build/icyphy/ptII/ptolemy/domains/de/test/auto/ModalModel.xml
----------------- Instantiating /home/travis/build/icyphy/ptII/ptolemy/domains/de/test/auto/ModalModel.xml
118 ms. Memory: 55296K Free: 36128K (65%)
----------------- Invoking toplevel() on ptolemy.moml.MoMLSimpleApplication@78cafc27
----------------- Done invoking toplevel() on ptolemy.moml.MoMLSimpleApplication@78cafc27
reloadAllAccessors: .ModalModel

===========================================================================================
----------------- testing Mon Dec 06 02:07:03 UTC 2021 /home/travis/build/icyphy/ptII/ptolemy/domains/de/test/auto/ModalSource.xml
----------------- Instantiating /home/travis/build/icyphy/ptII/ptolemy/domains/de/test/auto/ModalSource.xml
4 ms. Memory: 55296K Free: 27627K (50%)
----------------- Invoking toplevel() on ptolemy.moml.MoMLSimpleApplication@28ef5726
----------------- Done invoking toplevel() on ptolemy.moml.MoMLSimpleApplication@28ef5726
reloadAllAccessors: .ModalSource

===========================================================================================
----------------- testing Mon Dec 06 02:07:03 UTC 2021 /home/travis/build/icyphy/ptII/ptolemy/domains/de/test/auto/NonInterruptibleTimerZeroDelay.xml
----------------- Instantiating /home/travis/build/icyphy/ptII/ptolemy/domains/de/test/auto/NonInterruptibleTimerZeroDelay.xml
2 ms. Memory: 55296K Free: 23944K (43%)
----------------- Invoking toplevel() on ptolemy.moml.MoMLSimpleApplication@237686f2
----------------- Done invoking toplevel() on ptolemy.moml.MoMLSimpleApplication@237686f2
reloadAllAccessors: .NonInterruptibleTimerZeroDelay

===========================================================================================
----------------- testing Mon Dec 06 02:07:03 UTC 2021 /home/travis/build/icyphy/ptII/ptolemy/domains/de/test/auto/OpenQueueingNetwork.xml
----------------- Instantiating /home/travis/build/icyphy/ptII/ptolemy/domains/de/test/auto/OpenQueueingNetwork.xml
2081 ms. Memory: 171008K Free: 90927K (53%)
----------------- Invoking toplevel() on ptolemy.moml.MoMLSimpleApplication@554e5946
----------------- Done invoking toplevel() on ptolemy.moml.MoMLSimpleApplication@554e5946
reloadAllAccessors: .OpenQueueingNetwork

===========================================================================================
----------------- testing Mon Dec 06 02:07:05 UTC 2021 /home/travis/build/icyphy/ptII/ptolemy/domains/de/test/auto/OpenQueuingNetwork.xml
----------------- Instantiating /home/travis/build/icyphy/ptII/ptolemy/domains/de/test/auto/OpenQueuingNetwork.xml
202 ms. Memory: 171008K Free: 96665K (57%)
----------------- Invoking toplevel() on ptolemy.moml.MoMLSimpleApplication@349acbf4
----------------- Done invoking toplevel() on ptolemy.moml.MoMLSimpleApplication@349acbf4
reloadAllAccessors: .OpenQueuingNetwork

===========================================================================================
----------------- testing Mon Dec 06 02:07:05 UTC 2021 /home/travis/build/icyphy/ptII/ptolemy/domains/de/test/auto/PeriodicSampler.xml
----------------- Instantiating /home/travis/build/icyphy/ptII/ptolemy/domains/de/test/auto/PeriodicSampler.xml
1 ms. Memory: 171008K Free: 92569K (54%)
----------------- Invoking toplevel() on ptolemy.moml.MoMLSimpleApplication@6e7d9e5e
----------------- Done invoking toplevel() on ptolemy.moml.MoMLSimpleApplication@6e7d9e5e
reloadAllAccessors: .PeriodicSampler

===========================================================================================
----------------- testing Mon Dec 06 02:07:05 UTC 2021 /home/travis/build/icyphy/ptII/ptolemy/domains/de/test/auto/PersistentIO.xml
----------------- Instantiating /home/travis/build/icyphy/ptII/ptolemy/domains/de/test/auto/PersistentIO.xml
3 ms. Memory: 171008K Free: 82843K (48%)
----------------- Invoking toplevel() on ptolemy.moml.MoMLSimpleApplication@4572667
----------------- Done invoking toplevel() on ptolemy.moml.MoMLSimpleApplication@4572667
reloadAllAccessors: .PersistentIO

===========================================================================================
----------------- testing Mon Dec 06 02:07:05 UTC 2021 /home/travis/build/icyphy/ptII/ptolemy/domains/de/test/auto/PortParameterResetOnInitialize.xml
----------------- Instantiating /home/travis/build/icyphy/ptII/ptolemy/domains/de/test/auto/PortParameterResetOnInitialize.xml
2 ms. Memory: 171008K Free: 78233K (46%)
----------------- Invoking toplevel() on ptolemy.moml.MoMLSimpleApplication@58fbb553
----------------- Done invoking toplevel() on ptolemy.moml.MoMLSimpleApplication@58fbb553
reloadAllAccessors: .PortParameterResetOnInitialize

===========================================================================================
----------------- testing Mon Dec 06 02:07:05 UTC 2021 /home/travis/build/icyphy/ptII/ptolemy/domains/de/test/auto/PortParameterUpdates.xml
----------------- Instantiating /home/travis/build/icyphy/ptII/ptolemy/domains/de/test/auto/PortParameterUpdates.xml
3 ms. Memory: 171008K Free: 71579K (42%)
----------------- Invoking toplevel() on ptolemy.moml.MoMLSimpleApplication@91f9679
----------------- Done invoking toplevel() on ptolemy.moml.MoMLSimpleApplication@91f9679
reloadAllAccessors: .PortParameterUpdates

===========================================================================================
----------------- testing Mon Dec 06 02:07:05 UTC 2021 /home/travis/build/icyphy/ptII/ptolemy/domains/de/test/auto/QueueAndServer.xml
----------------- Instantiating /home/travis/build/icyphy/ptII/ptolemy/domains/de/test/auto/QueueAndServer.xml
4 ms. Memory: 171008K Free: 149472K (87%)
----------------- Invoking toplevel() on ptolemy.moml.MoMLSimpleApplication@4e2f724f
----------------- Done invoking toplevel() on ptolemy.moml.MoMLSimpleApplication@4e2f724f
reloadAllAccessors: .QueueAndServer

===========================================================================================
----------------- testing Mon Dec 06 02:07:05 UTC 2021 /home/travis/build/icyphy/ptII/ptolemy/domains/de/test/auto/Records.xml
----------------- Instantiating /home/travis/build/icyphy/ptII/ptolemy/domains/de/test/auto/Records.xml
3 ms. Memory: 171008K Free: 143842K (84%)
----------------- Invoking toplevel() on ptolemy.moml.MoMLSimpleApplication@14422c0e
----------------- Done invoking toplevel() on ptolemy.moml.MoMLSimpleApplication@14422c0e
reloadAllAccessors: .Records

===========================================================================================
----------------- testing Mon Dec 06 02:07:05 UTC 2021 /home/travis/build/icyphy/ptII/ptolemy/domains/de/test/auto/ResetTransitionWithStartTime1.xml
----------------- Instantiating /home/travis/build/icyphy/ptII/ptolemy/domains/de/test/auto/ResetTransitionWithStartTime1.xml
11 ms. Memory: 171008K Free: 135650K (79%)
----------------- Invoking toplevel() on ptolemy.moml.MoMLSimpleApplication@705cac18
----------------- Done invoking toplevel() on ptolemy.moml.MoMLSimpleApplication@705cac18
reloadAllAccessors: .ResetTransitionWithStartTime1

===========================================================================================
----------------- testing Mon Dec 06 02:07:05 UTC 2021 /home/travis/build/icyphy/ptII/ptolemy/domains/de/test/auto/ResetTransitionWithStartTime2.xml
----------------- Instantiating /home/travis/build/icyphy/ptII/ptolemy/domains/de/test/auto/ResetTransitionWithStartTime2.xml
4 ms. Memory: 171008K Free: 127458K (75%)
----------------- Invoking toplevel() on ptolemy.moml.MoMLSimpleApplication@d0aced2
----------------- Done invoking toplevel() on ptolemy.moml.MoMLSimpleApplication@d0aced2
reloadAllAccessors: .ResetTransitionWithStartTime2

===========================================================================================
----------------- testing Mon Dec 06 02:07:05 UTC 2021 /home/travis/build/icyphy/ptII/ptolemy/domains/de/test/auto/ResetTransitionWithStartTime3.xml
----------------- Instantiating /home/travis/build/icyphy/ptII/ptolemy/domains/de/test/auto/ResetTransitionWithStartTime3.xml
4 ms. Memory: 171008K Free: 119266K (70%)
----------------- Invoking toplevel() on ptolemy.moml.MoMLSimpleApplication@1a3183b1
----------------- Done invoking toplevel() on ptolemy.moml.MoMLSimpleApplication@1a3183b1
reloadAllAccessors: .ResetTransitionWithStartTime3

===========================================================================================
----------------- testing Mon Dec 06 02:07:05 UTC 2021 /home/travis/build/icyphy/ptII/ptolemy/domains/de/test/auto/ResetTransitionWithStartTime4.xml
----------------- Instantiating /home/travis/build/icyphy/ptII/ptolemy/domains/de/test/auto/ResetTransitionWithStartTime4.xml
3 ms. Memory: 171008K Free: 111578K (65%)
----------------- Invoking toplevel() on ptolemy.moml.MoMLSimpleApplication@6e0e452c
----------------- Done invoking toplevel() on ptolemy.moml.MoMLSimpleApplication@6e0e452c
reloadAllAccessors: .ResetTransitionWithStartTime4

===========================================================================================
----------------- testing Mon Dec 06 02:07:05 UTC 2021 /home/travis/build/icyphy/ptII/ptolemy/domains/de/test/auto/ResettableTimer1.xml
----------------- Instantiating /home/travis/build/icyphy/ptII/ptolemy/domains/de/test/auto/ResettableTimer1.xml
1 ms. Memory: 171008K Free: 107474K (63%)
----------------- Invoking toplevel() on ptolemy.moml.MoMLSimpleApplication@5c68c5c4
----------------- Done invoking toplevel() on ptolemy.moml.MoMLSimpleApplication@5c68c5c4
reloadAllAccessors: .ResettableTimer1

===========================================================================================
----------------- testing Mon Dec 06 02:07:05 UTC 2021 /home/travis/build/icyphy/ptII/ptolemy/domains/de/test/auto/ResettableTimer2.xml
----------------- Instantiating /home/travis/build/icyphy/ptII/ptolemy/domains/de/test/auto/ResettableTimer2.xml
4 ms. Memory: 171008K Free: 103378K (60%)
----------------- Invoking toplevel() on ptolemy.moml.MoMLSimpleApplication@3364701c
----------------- Done invoking toplevel() on ptolemy.moml.MoMLSimpleApplication@3364701c
reloadAllAccessors: .ResettableTimer2

===========================================================================================
----------------- testing Mon Dec 06 02:07:05 UTC 2021 /home/travis/build/icyphy/ptII/ptolemy/domains/de/test/auto/ResettableTimer3.xml
----------------- Instantiating /home/travis/build/icyphy/ptII/ptolemy/domains/de/test/auto/ResettableTimer3.xml
1 ms. Memory: 171008K Free: 99296K (58%)
----------------- Invoking toplevel() on ptolemy.moml.MoMLSimpleApplication@11aae123
----------------- Done invoking toplevel() on ptolemy.moml.MoMLSimpleApplication@11aae123
reloadAllAccessors: .ResettableTimer3

===========================================================================================
----------------- testing Mon Dec 06 02:07:05 UTC 2021 /home/travis/build/icyphy/ptII/ptolemy/domains/de/test/auto/ResettableTimer4.xml
----------------- Instantiating /home/travis/build/icyphy/ptII/ptolemy/domains/de/test/auto/ResettableTimer4.xml
1 ms. Memory: 171008K Free: 95200K (56%)
----------------- Invoking toplevel() on ptolemy.moml.MoMLSimpleApplication@2c9ca5f2
----------------- Done invoking toplevel() on ptolemy.moml.MoMLSimpleApplication@2c9ca5f2
reloadAllAccessors: .ResettableTimer4

===========================================================================================
----------------- testing Mon Dec 06 02:07:05 UTC 2021 /home/travis/build/icyphy/ptII/ptolemy/domains/de/test/auto/ResettableTimer5.xml
----------------- Instantiating /home/travis/build/icyphy/ptII/ptolemy/domains/de/test/auto/ResettableTimer5.xml
2 ms. Memory: 171008K Free: 91104K (53%)
----------------- Invoking toplevel() on ptolemy.moml.MoMLSimpleApplication@29ec6ea8
----------------- Done invoking toplevel() on ptolemy.moml.MoMLSimpleApplication@29ec6ea8
reloadAllAccessors: .ResettableTimer5

===========================================================================================
----------------- testing Mon Dec 06 02:07:05 UTC 2021 /home/travis/build/icyphy/ptII/ptolemy/domains/de/test/auto/ResettableTimer6.xml
----------------- Instantiating /home/travis/build/icyphy/ptII/ptolemy/domains/de/test/auto/ResettableTimer6.xml
6 ms. Memory: 171008K Free: 86498K (51%)
----------------- Invoking toplevel() on ptolemy.moml.MoMLSimpleApplication@54467f2c
----------------- Done invoking toplevel() on ptolemy.moml.MoMLSimpleApplication@54467f2c
reloadAllAccessors: .ResettableTimer6

===========================================================================================
----------------- testing Mon Dec 06 02:07:05 UTC 2021 /home/travis/build/icyphy/ptII/ptolemy/domains/de/test/auto/ServerZeroDelay.xml
----------------- Instantiating /home/travis/build/icyphy/ptII/ptolemy/domains/de/test/auto/ServerZeroDelay.xml
1 ms. Memory: 171008K Free: 82402K (48%)
----------------- Invoking toplevel() on ptolemy.moml.MoMLSimpleApplication@dbf6d9b
----------------- Done invoking toplevel() on ptolemy.moml.MoMLSimpleApplication@dbf6d9b
reloadAllAccessors: .ServerZeroDelay

===========================================================================================
----------------- testing Mon Dec 06 02:07:05 UTC 2021 /home/travis/build/icyphy/ptII/ptolemy/domains/de/test/auto/SmartSender.xml
----------------- Instantiating /home/travis/build/icyphy/ptII/ptolemy/domains/de/test/auto/SmartSender.xml
3001 ms. Memory: 171008K Free: 78306K (46%)
----------------- Invoking toplevel() on ptolemy.moml.MoMLSimpleApplication@1dcb12f9
----------------- Done invoking toplevel() on ptolemy.moml.MoMLSimpleApplication@1dcb12f9
reloadAllAccessors: .SmartSender

===========================================================================================
----------------- testing Mon Dec 06 02:07:08 UTC 2021 /home/travis/build/icyphy/ptII/ptolemy/domains/de/test/auto/ThreadedComposite.xml
----------------- Instantiating /home/travis/build/icyphy/ptII/ptolemy/domains/de/test/auto/ThreadedComposite.xml
106 ms. Memory: 171008K Free: 148388K (87%)
----------------- Invoking toplevel() on ptolemy.moml.MoMLSimpleApplication@35d25ca8
----------------- Done invoking toplevel() on ptolemy.moml.MoMLSimpleApplication@35d25ca8
reloadAllAccessors: .ThreadedComposite

===========================================================================================
----------------- testing Mon Dec 06 02:07:08 UTC 2021 /home/travis/build/icyphy/ptII/ptolemy/domains/de/test/auto/Time.xml
----------------- Instantiating /home/travis/build/icyphy/ptII/ptolemy/domains/de/test/auto/Time.xml
339 ms. Memory: 171008K Free: 96220K (56%)
----------------- Invoking toplevel() on ptolemy.moml.MoMLSimpleApplication@4852308a
----------------- Done invoking toplevel() on ptolemy.moml.MoMLSimpleApplication@4852308a
reloadAllAccessors: .Time

===========================================================================================
----------------- testing Mon Dec 06 02:07:09 UTC 2021 /home/travis/build/icyphy/ptII/ptolemy/domains/de/test/auto/TimeDelayZeroDelay.xml
----------------- Instantiating /home/travis/build/icyphy/ptII/ptolemy/domains/de/test/auto/TimeDelayZeroDelay.xml
2 ms. Memory: 171008K Free: 92110K (54%)
----------------- Invoking toplevel() on ptolemy.moml.MoMLSimpleApplication@3ef0e61a
----------------- Done invoking toplevel() on ptolemy.moml.MoMLSimpleApplication@3ef0e61a
reloadAllAccessors: .TimeDelayZeroDelay

===========================================================================================
----------------- testing Mon Dec 06 02:07:09 UTC 2021 /home/travis/build/icyphy/ptII/ptolemy/domains/de/test/auto/TimerZeroDelay.xml
----------------- Instantiating /home/travis/build/icyphy/ptII/ptolemy/domains/de/test/auto/TimerZeroDelay.xml
2 ms. Memory: 171008K Free: 88014K (51%)
----------------- Invoking toplevel() on ptolemy.moml.MoMLSimpleApplication@6c00506b
----------------- Done invoking toplevel() on ptolemy.moml.MoMLSimpleApplication@6c00506b
reloadAllAccessors: .TimerZeroDelay

===========================================================================================
----------------- testing Mon Dec 06 02:07:09 UTC 2021 /home/travis/build/icyphy/ptII/ptolemy/domains/de/test/auto/TimingParadox.xml
----------------- Instantiating /home/travis/build/icyphy/ptII/ptolemy/domains/de/test/auto/TimingParadox.xml
248 ms. Memory: 171008K Free: 115433K (68%)
----------------- Invoking toplevel() on ptolemy.moml.MoMLSimpleApplication@37884cbd
----------------- Done invoking toplevel() on ptolemy.moml.MoMLSimpleApplication@37884cbd
reloadAllAccessors: .TimingParadox

===========================================================================================
----------------- testing Mon Dec 06 02:07:09 UTC 2021 /home/travis/build/icyphy/ptII/ptolemy/domains/de/test/auto/TransferInputs.xml
----------------- Instantiating /home/travis/build/icyphy/ptII/ptolemy/domains/de/test/auto/TransferInputs.xml
1 ms. Memory: 171008K Free: 110809K (65%)
----------------- Invoking toplevel() on ptolemy.moml.MoMLSimpleApplication@2670714c
----------------- Done invoking toplevel() on ptolemy.moml.MoMLSimpleApplication@2670714c
reloadAllAccessors: .TransferInputs

===========================================================================================
----------------- testing Mon Dec 06 02:07:09 UTC 2021 /home/travis/build/icyphy/ptII/ptolemy/domains/de/test/auto/TransferOutputs2.xml
----------------- Instantiating /home/travis/build/icyphy/ptII/ptolemy/domains/de/test/auto/TransferOutputs2.xml
5 ms. Memory: 171008K Free: 102631K (60%)
----------------- Invoking toplevel() on ptolemy.moml.MoMLSimpleApplication@396e4862
----------------- Done invoking toplevel() on ptolemy.moml.MoMLSimpleApplication@396e4862
reloadAllAccessors: .TransferOutputs2

===========================================================================================
----------------- testing Mon Dec 06 02:07:09 UTC 2021 /home/travis/build/icyphy/ptII/ptolemy/domains/de/test/auto/Trilateration.xml
----------------- Instantiating /home/travis/build/icyphy/ptII/ptolemy/domains/de/test/auto/Trilateration.xml
9277 ms. Memory: 434176K Free: 280762K (65%)
----------------- Invoking toplevel() on ptolemy.moml.MoMLSimpleApplication@b58295c
----------------- Done invoking toplevel() on ptolemy.moml.MoMLSimpleApplication@b58295c
reloadAllAccessors: .Trilateration

===========================================================================================
----------------- testing Mon Dec 06 02:07:19 UTC 2021 /home/travis/build/icyphy/ptII/ptolemy/domains/de/test/auto/TwoSigmaDelta.xml
----------------- Instantiating /home/travis/build/icyphy/ptII/ptolemy/domains/de/test/auto/TwoSigmaDelta.xml
1599 ms. Memory: 434176K Free: 335512K (77%)
----------------- Invoking toplevel() on ptolemy.moml.MoMLSimpleApplication@79917a2b
----------------- Done invoking toplevel() on ptolemy.moml.MoMLSimpleApplication@79917a2b
reloadAllAccessors: .TwoSigmaDelta

===========================================================================================
----------------- testing Mon Dec 06 02:07:21 UTC 2021 /home/travis/build/icyphy/ptII/ptolemy/domains/de/test/auto/VariableDelay.xml
----------------- Instantiating /home/travis/build/icyphy/ptII/ptolemy/domains/de/test/auto/VariableDelay.xml
1 ms. Memory: 434176K Free: 330362K (76%)
----------------- Invoking toplevel() on ptolemy.moml.MoMLSimpleApplication@30554723
----------------- Done invoking toplevel() on ptolemy.moml.MoMLSimpleApplication@30554723
reloadAllAccessors: .VariableDelay

===========================================================================================
----------------- testing Mon Dec 06 02:07:21 UTC 2021 /home/travis/build/icyphy/ptII/ptolemy/domains/de/test/auto/VariableDelay2.xml
----------------- Instantiating /home/travis/build/icyphy/ptII/ptolemy/domains/de/test/auto/VariableDelay2.xml
1 ms. Memory: 434176K Free: 325786K (75%)
----------------- Invoking toplevel() on ptolemy.moml.MoMLSimpleApplication@474eb241
----------------- Done invoking toplevel() on ptolemy.moml.MoMLSimpleApplication@474eb241
reloadAllAccessors: .VariableDelay2

===========================================================================================
----------------- testing Mon Dec 06 02:07:21 UTC 2021 /home/travis/build/icyphy/ptII/ptolemy/domains/de/test/auto/VariableDelayZeroDelay.xml
----------------- Instantiating /home/travis/build/icyphy/ptII/ptolemy/domains/de/test/auto/VariableDelayZeroDelay.xml
3 ms. Memory: 434176K Free: 321690K (74%)
----------------- Invoking toplevel() on ptolemy.moml.MoMLSimpleApplication@5e43b3df
----------------- Done invoking toplevel() on ptolemy.moml.MoMLSimpleApplication@5e43b3df
reloadAllAccessors: .VariableDelayZeroDelay

===========================================================================================
----------------- testing Mon Dec 06 02:07:21 UTC 2021 /home/travis/build/icyphy/ptII/ptolemy/domains/de/test/auto/VariableDelayZeroDelay2.xml
----------------- Instantiating /home/travis/build/icyphy/ptII/ptolemy/domains/de/test/auto/VariableDelayZeroDelay2.xml
2 ms. Memory: 434176K Free: 317080K (73%)
----------------- Invoking toplevel() on ptolemy.moml.MoMLSimpleApplication@bc23276
----------------- Done invoking toplevel() on ptolemy.moml.MoMLSimpleApplication@bc23276
reloadAllAccessors: .VariableDelayZeroDelay2

===========================================================================================
----------------- testing Mon Dec 06 02:07:21 UTC 2021 /home/travis/build/icyphy/ptII/ptolemy/domains/de/test/auto/deInCt.xml
----------------- Instantiating /home/travis/build/icyphy/ptII/ptolemy/domains/de/test/auto/deInCt.xml
0
1
1
1
1
1
0
0
0
1
1
1
1
1
1
0
0
0
0
0
1
1
1
1
1
5 ms. Memory: 434176K Free: 311960K (72%)
----------------- Invoking toplevel() on ptolemy.moml.MoMLSimpleApplication@153622b1
----------------- Done invoking toplevel() on ptolemy.moml.MoMLSimpleApplication@153622b1
reloadAllAccessors: .deInCt

===========================================================================================
----------------- testing Mon Dec 06 02:07:21 UTC 2021 /home/travis/build/icyphy/ptII/ptolemy/domains/de/test/auto/deInCt2.xml
----------------- Instantiating /home/travis/build/icyphy/ptII/ptolemy/domains/de/test/auto/deInCt2.xml
0
1
1
1
0
0
1
1
1
0
0
1
1
1
0
0
1
1
1
0
0
1
1
1
0
0
1
1
1
0
0
1
1
1
0
0
1
1
1
0
0
0
5 ms. Memory: 434176K Free: 306834K (71%)
----------------- Invoking toplevel() on ptolemy.moml.MoMLSimpleApplication@148465ff
----------------- Done invoking toplevel() on ptolemy.moml.MoMLSimpleApplication@148465ff
reloadAllAccessors: .deInCt2

===========================================================================================
----------------- testing Mon Dec 06 02:07:21 UTC 2021 /home/travis/build/icyphy/ptII/ptolemy/domains/de/test/auto/dynamicCausalityInterface1.xml
----------------- Instantiating /home/travis/build/icyphy/ptII/ptolemy/domains/de/test/auto/dynamicCausalityInterface1.xml
0 ms. Memory: 434176K Free: 297624K (69%)
----------------- Invoking toplevel() on ptolemy.moml.MoMLSimpleApplication@eef56f
----------------- Done invoking toplevel() on ptolemy.moml.MoMLSimpleApplication@eef56f
reloadAllAccessors: .dynamicCausalityInterface1

===========================================================================================
----------------- testing Mon Dec 06 02:07:21 UTC 2021 /home/travis/build/icyphy/ptII/ptolemy/domains/de/test/auto/fsm_de_test.xml
----------------- Instantiating /home/travis/build/icyphy/ptII/ptolemy/domains/de/test/auto/fsm_de_test.xml
5 ms. Memory: 434176K Free: 288394K (66%)
----------------- Invoking toplevel() on ptolemy.moml.MoMLSimpleApplication@6f0559d4
----------------- Done invoking toplevel() on ptolemy.moml.MoMLSimpleApplication@6f0559d4
reloadAllAccessors: .fsm_de_test

===========================================================================================
----------------- testing Mon Dec 06 02:07:21 UTC 2021 /home/travis/build/icyphy/ptII/ptolemy/domains/de/test/auto/functionDependencyReconstruction.xml
----------------- Instantiating /home/travis/build/icyphy/ptII/ptolemy/domains/de/test/auto/functionDependencyReconstruction.xml
2 ms. Memory: 434176K Free: 273562K (63%)
----------------- Invoking toplevel() on ptolemy.moml.MoMLSimpleApplication@792745b
----------------- Done invoking toplevel() on ptolemy.moml.MoMLSimpleApplication@792745b
reloadAllAccessors: .functionDependencyReconstruction

===========================================================================================
----------------- testing Mon Dec 06 02:07:21 UTC 2021 /home/travis/build/icyphy/ptII/ptolemy/domains/de/test/auto/multirate.xml
----------------- Instantiating /home/travis/build/icyphy/ptII/ptolemy/domains/de/test/auto/multirate.xml
2 ms. Memory: 434176K Free: 266898K (61%)
----------------- Invoking toplevel() on ptolemy.moml.MoMLSimpleApplication@666d6e0c
----------------- Done invoking toplevel() on ptolemy.moml.MoMLSimpleApplication@666d6e0c
reloadAllAccessors: .multirate

===========================================================================================
----------------- testing Mon Dec 06 02:07:21 UTC 2021 /home/travis/build/icyphy/ptII/ptolemy/domains/de/test/auto/multirate2.xml
----------------- Instantiating /home/travis/build/icyphy/ptII/ptolemy/domains/de/test/auto/multirate2.xml
2 ms. Memory: 434176K Free: 260250K (60%)
----------------- Invoking toplevel() on ptolemy.moml.MoMLSimpleApplication@4c934a04
----------------- Done invoking toplevel() on ptolemy.moml.MoMLSimpleApplication@4c934a04
reloadAllAccessors: .multirate2

===========================================================================================
----------------- testing Mon Dec 06 02:07:21 UTC 2021 /home/travis/build/icyphy/ptII/ptolemy/domains/de/test/auto/realtime.xml
----------------- Instantiating /home/travis/build/icyphy/ptII/ptolemy/domains/de/test/auto/realtime.xml
10002 ms. Memory: 434176K Free: 255640K (59%)
----------------- Invoking toplevel() on ptolemy.moml.MoMLSimpleApplication@41ffea8a
----------------- Done invoking toplevel() on ptolemy.moml.MoMLSimpleApplication@41ffea8a
reloadAllAccessors: .realtime

===========================================================================================
----------------- testing Mon Dec 06 02:07:31 UTC 2021 /home/travis/build/icyphy/ptII/ptolemy/domains/de/test/auto/relationGroup.xml
----------------- Instantiating /home/travis/build/icyphy/ptII/ptolemy/domains/de/test/auto/relationGroup.xml
2 ms. Memory: 434176K Free: 252058K (58%)
----------------- Invoking toplevel() on ptolemy.moml.MoMLSimpleApplication@2d37ee0b
----------------- Done invoking toplevel() on ptolemy.moml.MoMLSimpleApplication@2d37ee0b
reloadAllAccessors: .relationGroup

===========================================================================================
----------------- testing Mon Dec 06 02:07:31 UTC 2021 /home/travis/build/icyphy/ptII/ptolemy/domains/de/test/auto/relationGroup2.xml
----------------- Instantiating /home/travis/build/icyphy/ptII/ptolemy/domains/de/test/auto/relationGroup2.xml
1 ms. Memory: 434176K Free: 248472K (57%)
----------------- Invoking toplevel() on ptolemy.moml.MoMLSimpleApplication@5de008b0
----------------- Done invoking toplevel() on ptolemy.moml.MoMLSimpleApplication@5de008b0
reloadAllAccessors: .relationGroup2

===========================================================================================
----------------- testing Mon Dec 06 02:07:31 UTC 2021 /home/travis/build/icyphy/ptII/ptolemy/domains/de/test/auto/sortWithOpaquePorts.xml
----------------- Instantiating /home/travis/build/icyphy/ptII/ptolemy/domains/de/test/auto/sortWithOpaquePorts.xml
1 ms. Memory: 434176K Free: 243866K (56%)
----------------- Invoking toplevel() on ptolemy.moml.MoMLSimpleApplication@54a098aa
----------------- Done invoking toplevel() on ptolemy.moml.MoMLSimpleApplication@54a098aa
reloadAllAccessors: .sortWithOpaquePorts

===========================================================================================
----------------- testing Mon Dec 06 02:07:31 UTC 2021 /home/travis/build/icyphy/ptII/ptolemy/domains/de/test/auto/transferInputsandOutputs.xml
----------------- Instantiating /home/travis/build/icyphy/ptII/ptolemy/domains/de/test/auto/transferInputsandOutputs.xml
1 ms. Memory: 434176K Free: 236698K (55%)
----------------- Invoking toplevel() on ptolemy.moml.MoMLSimpleApplication@6c867793
----------------- Done invoking toplevel() on ptolemy.moml.MoMLSimpleApplication@6c867793
reloadAllAccessors: .transferInputsandOutputs

===========================================================================================
----------------- testing Mon Dec 06 02:07:31 UTC 2021 /home/travis/build/icyphy/ptII/ptolemy/domains/de/test/auto/triggerType.xml
----------------- Instantiating /home/travis/build/icyphy/ptII/ptolemy/domains/de/test/auto/triggerType.xml
2 ms. Memory: 434176K Free: 232602K (54%)
----------------- Invoking toplevel() on ptolemy.moml.MoMLSimpleApplication@215b2cc8
----------------- Done invoking toplevel() on ptolemy.moml.MoMLSimpleApplication@215b2cc8
reloadAllAccessors: .triggerType
AutoTests.java: About to close Vertx.
AutoTests.java: Vertx closed.
]]></system-out>
  <system-err><![CDATA[java.lang.RuntimeException: Execution failed
	at ptolemy.moml.MoMLSimpleApplication$UnloadThread.run(MoMLSimpleApplication.java:402)
Caused by: ptolemy.kernel.util.IllegalActionException: Found a zero delay loop containing .dependencyLoop.original
  in .dependencyLoop and .dependencyLoop.original
	at ptolemy.actor.util.CausalityInterfaceForComposites._computeOutputPortDepth(CausalityInterfaceForComposites.java:759)
	at ptolemy.actor.util.CausalityInterfaceForComposites._computeInputDepth(CausalityInterfaceForComposites.java:696)
	at ptolemy.actor.util.CausalityInterfaceForComposites._computeOutputPortDepth(CausalityInterfaceForComposites.java:765)
	at ptolemy.actor.util.CausalityInterfaceForComposites._computeInputDepth(CausalityInterfaceForComposites.java:696)
	at ptolemy.actor.util.CausalityInterfaceForComposites._computeOutputPortDepth(CausalityInterfaceForComposites.java:765)
	at ptolemy.actor.util.CausalityInterfaceForComposites._computeInputDepth(CausalityInterfaceForComposites.java:696)
	at ptolemy.actor.util.CausalityInterfaceForComposites._computeActorDepth(CausalityInterfaceForComposites.java:532)
	at ptolemy.actor.util.CausalityInterfaceForComposites.checkForCycles(CausalityInterfaceForComposites.java:96)
	at ptolemy.domains.de.kernel.DEDirector.preinitialize(DEDirector.java:1338)
	at ptolemy.actor.CompositeActor.preinitialize(CompositeActor.java:1828)
	at ptolemy.actor.Manager.preinitializeAndResolveTypes(Manager.java:1040)
	at ptolemy.actor.Manager.initialize(Manager.java:710)
	at ptolemy.actor.Manager.execute(Manager.java:356)
	at ptolemy.actor.Manager.run(Manager.java:1263)
	at ptolemy.actor.Manager$PtolemyRunThread.run(Manager.java:1933)
java.lang.RuntimeException: Execution failed
	at ptolemy.moml.MoMLSimpleApplication$UnloadThread.run(MoMLSimpleApplication.java:402)
Caused by: ptolemy.kernel.util.IllegalActionException: Found a zero delay loop containing .dependencyLoop2.original
  in .dependencyLoop2 and .dependencyLoop2.original
	at ptolemy.actor.util.CausalityInterfaceForComposites._computeOutputPortDepth(CausalityInterfaceForComposites.java:759)
	at ptolemy.actor.util.CausalityInterfaceForComposites._computeInputDepth(CausalityInterfaceForComposites.java:696)
	at ptolemy.actor.util.CausalityInterfaceForComposites._computeOutputPortDepth(CausalityInterfaceForComposites.java:765)
	at ptolemy.actor.util.CausalityInterfaceForComposites._computeInputDepth(CausalityInterfaceForComposites.java:696)
	at ptolemy.actor.util.CausalityInterfaceForComposites._computeOutputPortDepth(CausalityInterfaceForComposites.java:765)
	at ptolemy.actor.util.CausalityInterfaceForComposites._computeInputDepth(CausalityInterfaceForComposites.java:696)
	at ptolemy.actor.util.CausalityInterfaceForComposites._computeActorDepth(CausalityInterfaceForComposites.java:532)
	at ptolemy.actor.util.CausalityInterfaceForComposites.checkForCycles(CausalityInterfaceForComposites.java:96)
	at ptolemy.domains.de.kernel.DEDirector.preinitialize(DEDirector.java:1338)
	at ptolemy.actor.CompositeActor.preinitialize(CompositeActor.java:1828)
	at ptolemy.actor.Manager.preinitializeAndResolveTypes(Manager.java:1040)
	at ptolemy.actor.Manager.initialize(Manager.java:710)
	at ptolemy.actor.Manager.execute(Manager.java:356)
	at ptolemy.actor.Manager.run(Manager.java:1263)
	at ptolemy.actor.Manager$PtolemyRunThread.run(Manager.java:1933)
java.lang.RuntimeException: Execution failed
	at ptolemy.moml.MoMLSimpleApplication$UnloadThread.run(MoMLSimpleApplication.java:402)
Caused by: ptolemy.kernel.util.IllegalActionException: Found a zero delay loop containing .dependencyLoop2.original
  in .dependencyLoop2 and .dependencyLoop2.original
	at ptolemy.actor.util.CausalityInterfaceForComposites._computeOutputPortDepth(CausalityInterfaceForComposites.java:759)
	at ptolemy.actor.util.CausalityInterfaceForComposites._computeInputDepth(CausalityInterfaceForComposites.java:696)
	at ptolemy.actor.util.CausalityInterfaceForComposites._computeOutputPortDepth(CausalityInterfaceForComposites.java:765)
	at ptolemy.actor.util.CausalityInterfaceForComposites._computeInputDepth(CausalityInterfaceForComposites.java:696)
	at ptolemy.actor.util.CausalityInterfaceForComposites._computeOutputPortDepth(CausalityInterfaceForComposites.java:765)
	at ptolemy.actor.util.CausalityInterfaceForComposites._computeInputDepth(CausalityInterfaceForComposites.java:696)
	at ptolemy.actor.util.CausalityInterfaceForComposites._computeActorDepth(CausalityInterfaceForComposites.java:532)
	at ptolemy.actor.util.CausalityInterfaceForComposites.checkForCycles(CausalityInterfaceForComposites.java:96)
	at ptolemy.domains.de.kernel.DEDirector.preinitialize(DEDirector.java:1338)
	at ptolemy.actor.CompositeActor.preinitialize(CompositeActor.java:1828)
	at ptolemy.actor.Manager.preinitializeAndResolveTypes(Manager.java:1040)
	at ptolemy.actor.Manager.initialize(Manager.java:710)
	at ptolemy.actor.Manager.execute(Manager.java:356)
	at ptolemy.actor.Manager.run(Manager.java:1263)
	at ptolemy.actor.Manager$PtolemyRunThread.run(Manager.java:1933)
java.lang.RuntimeException: Execution failed
	at ptolemy.moml.MoMLSimpleApplication$UnloadThread.run(MoMLSimpleApplication.java:402)
Caused by: ptolemy.kernel.util.IllegalActionException: Actor is not ready to fire.  Perhaps UpSample.prefire() returned false? Try debugging the actor by selecting "Listen to Actor".  Also, for SDF check moml for tokenConsumptionRate on input.
  in .DESDFClockTest.Play Bell.Copy1:SDF Director and .DESDFClockTest.Play Bell.UpSample
	at ptolemy.actor.sched.StaticSchedulingDirector.fire(StaticSchedulingDirector.java:227)
	at ptolemy.domains.sdf.kernel.SDFDirector.fire(SDFDirector.java:500)
	at ptolemy.actor.CompositeActor.fire(CompositeActor.java:455)
	at ptolemy.domains.de.kernel.DEDirector._fire(DEDirector.java:1949)
	at ptolemy.domains.de.kernel.DEDirector.fire(DEDirector.java:502)
	at ptolemy.actor.CompositeActor.fire(CompositeActor.java:455)
	at ptolemy.actor.Manager.iterate(Manager.java:851)
	at ptolemy.actor.Manager.execute(Manager.java:369)
	at ptolemy.actor.Manager.run(Manager.java:1263)
	at ptolemy.actor.Manager$PtolemyRunThread.run(Manager.java:1933)
java.lang.RuntimeException: Execution failed
	at ptolemy.moml.MoMLSimpleApplication$UnloadThread.run(MoMLSimpleApplication.java:402)
Caused by: ptolemy.kernel.util.IllegalActionException: Found a zero delay loop containing .HierarchicalModel.A
  in .HierarchicalModel and .HierarchicalModel.A
	at ptolemy.actor.util.CausalityInterfaceForComposites._computeOutputPortDepth(CausalityInterfaceForComposites.java:759)
	at ptolemy.actor.util.CausalityInterfaceForComposites._computeInputDepth(CausalityInterfaceForComposites.java:696)
	at ptolemy.actor.util.CausalityInterfaceForComposites._computeOutputPortDepth(CausalityInterfaceForComposites.java:765)
	at ptolemy.actor.util.CausalityInterfaceForComposites._computeInputDepth(CausalityInterfaceForComposites.java:696)
	at ptolemy.actor.util.CausalityInterfaceForComposites._computeOutputPortDepth(CausalityInterfaceForComposites.java:765)
	at ptolemy.actor.util.CausalityInterfaceForComposites._computeInputDepth(CausalityInterfaceForComposites.java:696)
	at ptolemy.actor.util.CausalityInterfaceForComposites._computeActorDepth(CausalityInterfaceForComposites.java:532)
	at ptolemy.actor.util.CausalityInterfaceForComposites.checkForCycles(CausalityInterfaceForComposites.java:96)
	at ptolemy.domains.de.kernel.DEDirector.preinitialize(DEDirector.java:1338)
	at ptolemy.actor.CompositeActor.preinitialize(CompositeActor.java:1828)
	at ptolemy.actor.Manager.preinitializeAndResolveTypes(Manager.java:1040)
	at ptolemy.actor.Manager.initialize(Manager.java:710)
	at ptolemy.actor.Manager.execute(Manager.java:356)
	at ptolemy.actor.Manager.run(Manager.java:1263)
	at ptolemy.actor.Manager$PtolemyRunThread.run(Manager.java:1933)
java.lang.RuntimeException: Execution failed
	at ptolemy.moml.MoMLSimpleApplication$UnloadThread.run(MoMLSimpleApplication.java:402)
Caused by: ptolemy.kernel.util.IllegalActionException: Test fails in iteration 1.
Value was: 1.0. Should have been: 2.0
  in .DirectFeedback.Test
	at ptolemy.actor.lib.Test.fire(Test.java:268)
	at ptolemy.domains.de.kernel.DEDirector._fire(DEDirector.java:1949)
	at ptolemy.domains.de.kernel.DEDirector.fire(DEDirector.java:502)
	at ptolemy.actor.CompositeActor.fire(CompositeActor.java:455)
	at ptolemy.actor.Manager.iterate(Manager.java:851)
	at ptolemy.actor.Manager.execute(Manager.java:369)
	at ptolemy.actor.Manager.run(Manager.java:1263)
	at ptolemy.actor.Manager$PtolemyRunThread.run(Manager.java:1933)
java.lang.RuntimeException: Execution failed
	at ptolemy.moml.MoMLSimpleApplication$UnloadThread.run(MoMLSimpleApplication.java:402)
Caused by: ptolemy.kernel.util.IllegalActionException: Found a zero delay loop containing .dependencyLoop.original
  in .dependencyLoop and .dependencyLoop.original
	at ptolemy.actor.util.CausalityInterfaceForComposites._computeOutputPortDepth(CausalityInterfaceForComposites.java:759)
	at ptolemy.actor.util.CausalityInterfaceForComposites._computeInputDepth(CausalityInterfaceForComposites.java:696)
	at ptolemy.actor.util.CausalityInterfaceForComposites._computeOutputPortDepth(CausalityInterfaceForComposites.java:765)
	at ptolemy.actor.util.CausalityInterfaceForComposites._computeInputDepth(CausalityInterfaceForComposites.java:696)
	at ptolemy.actor.util.CausalityInterfaceForComposites._computeOutputPortDepth(CausalityInterfaceForComposites.java:765)
	at ptolemy.actor.util.CausalityInterfaceForComposites._computeInputDepth(CausalityInterfaceForComposites.java:696)
	at ptolemy.actor.util.CausalityInterfaceForComposites._computeActorDepth(CausalityInterfaceForComposites.java:532)
	at ptolemy.actor.util.CausalityInterfaceForComposites.checkForCycles(CausalityInterfaceForComposites.java:96)
	at ptolemy.domains.de.kernel.DEDirector.preinitialize(DEDirector.java:1338)
	at ptolemy.actor.CompositeActor.preinitialize(CompositeActor.java:1828)
	at ptolemy.actor.Manager.preinitializeAndResolveTypes(Manager.java:1040)
	at ptolemy.actor.Manager.initialize(Manager.java:710)
	at ptolemy.actor.Manager.execute(Manager.java:356)
	at ptolemy.actor.Manager.run(Manager.java:1263)
	at ptolemy.actor.Manager$PtolemyRunThread.run(Manager.java:1933)
java.lang.RuntimeException: Execution failed
	at ptolemy.moml.MoMLSimpleApplication$UnloadThread.run(MoMLSimpleApplication.java:402)
Caused by: ptolemy.kernel.util.IllegalActionException: Actor is not ready to fire.  Perhaps UpSample.prefire() returned false? Try debugging the actor by selecting "Listen to Actor".  Also, for SDF check moml for tokenConsumptionRate on input.
  in .DESDFClockTest.Play Bell.Copy1:SDF Director and .DESDFClockTest.Play Bell.UpSample
	at ptolemy.actor.sched.StaticSchedulingDirector.fire(StaticSchedulingDirector.java:227)
	at ptolemy.domains.sdf.kernel.SDFDirector.fire(SDFDirector.java:500)
	at ptolemy.actor.CompositeActor.fire(CompositeActor.java:455)
	at ptolemy.domains.de.kernel.DEDirector._fire(DEDirector.java:1949)
	at ptolemy.domains.de.kernel.DEDirector.fire(DEDirector.java:502)
	at ptolemy.actor.CompositeActor.fire(CompositeActor.java:455)
	at ptolemy.actor.Manager.iterate(Manager.java:851)
	at ptolemy.actor.Manager.execute(Manager.java:369)
	at ptolemy.actor.Manager.run(Manager.java:1263)
	at ptolemy.actor.Manager$PtolemyRunThread.run(Manager.java:1933)
java.lang.reflect.InvocationTargetException
	at java.base/jdk.internal.reflect.NativeConstructorAccessorImpl.newInstance0(Native Method)
	at java.base/jdk.internal.reflect.NativeConstructorAccessorImpl.newInstance(NativeConstructorAccessorImpl.java:62)
	at java.base/jdk.internal.reflect.DelegatingConstructorAccessorImpl.newInstance(DelegatingConstructorAccessorImpl.java:45)
	at java.base/java.lang.reflect.Constructor.newInstance(Constructor.java:490)
	at ptolemy.util.test.junit.AutoKnownFailedTests.RunModel(AutoKnownFailedTests.java:105)
	at java.base/jdk.internal.reflect.NativeMethodAccessorImpl.invoke0(Native Method)
	at java.base/jdk.internal.reflect.NativeMethodAccessorImpl.invoke(NativeMethodAccessorImpl.java:62)
	at java.base/jdk.internal.reflect.DelegatingMethodAccessorImpl.invoke(DelegatingMethodAccessorImpl.java:43)
	at java.base/java.lang.reflect.Method.invoke(Method.java:566)
	at org.junit.runners.model.FrameworkMethod$1.runReflectiveCall(FrameworkMethod.java:44)
	at org.junit.internal.runners.model.ReflectiveCallable.run(ReflectiveCallable.java:15)
	at org.junit.runners.model.FrameworkMethod.invokeExplosively(FrameworkMethod.java:41)
	at junitparams.internal.InvokeParameterisedMethod.evaluate(InvokeParameterisedMethod.java:102)
	at org.junit.internal.runners.statements.FailOnTimeout$1.run(FailOnTimeout.java:28)
Caused by: ptolemy.kernel.util.IllegalActionException: Actor is not ready to fire.  Perhaps UpSample.prefire() returned false? Try debugging the actor by selecting "Listen to Actor".  Also, for SDF check moml for tokenConsumptionRate on input.
  in .DESDFClockTest.Play Bell.Copy1:SDF Director and .DESDFClockTest.Play Bell.UpSample
	at ptolemy.actor.sched.StaticSchedulingDirector.fire(StaticSchedulingDirector.java:227)
	at ptolemy.domains.sdf.kernel.SDFDirector.fire(SDFDirector.java:500)
	at ptolemy.actor.CompositeActor.fire(CompositeActor.java:455)
	at ptolemy.domains.de.kernel.DEDirector._fire(DEDirector.java:1949)
	at ptolemy.domains.de.kernel.DEDirector.fire(DEDirector.java:502)
	at ptolemy.actor.CompositeActor.fire(CompositeActor.java:455)
	at ptolemy.actor.Manager.iterate(Manager.java:851)
	at ptolemy.actor.Manager.execute(Manager.java:369)
	at ptolemy.actor.Manager.run(Manager.java:1263)
	at ptolemy.actor.Manager$PtolemyRunThread.run(Manager.java:1933)
java.lang.RuntimeException: Execution failed
	at ptolemy.moml.MoMLSimpleApplication$UnloadThread.run(MoMLSimpleApplication.java:402)
Caused by: ptolemy.kernel.util.IllegalActionException: Test fails in iteration 1.
Value was: 1.0. Should have been: 2.0
  in .DirectFeedback.Test
	at ptolemy.actor.lib.Test.fire(Test.java:268)
	at ptolemy.domains.de.kernel.DEDirector._fire(DEDirector.java:1949)
	at ptolemy.domains.de.kernel.DEDirector.fire(DEDirector.java:502)
	at ptolemy.actor.CompositeActor.fire(CompositeActor.java:455)
	at ptolemy.actor.Manager.iterate(Manager.java:851)
	at ptolemy.actor.Manager.execute(Manager.java:369)
	at ptolemy.actor.Manager.run(Manager.java:1263)
	at ptolemy.actor.Manager$PtolemyRunThread.run(Manager.java:1933)
java.lang.reflect.InvocationTargetException
	at java.base/jdk.internal.reflect.NativeConstructorAccessorImpl.newInstance0(Native Method)
	at java.base/jdk.internal.reflect.NativeConstructorAccessorImpl.newInstance(NativeConstructorAccessorImpl.java:62)
	at java.base/jdk.internal.reflect.DelegatingConstructorAccessorImpl.newInstance(DelegatingConstructorAccessorImpl.java:45)
	at java.base/java.lang.reflect.Constructor.newInstance(Constructor.java:490)
	at ptolemy.util.test.junit.AutoKnownFailedTests.RunModel(AutoKnownFailedTests.java:105)
	at java.base/jdk.internal.reflect.NativeMethodAccessorImpl.invoke0(Native Method)
	at java.base/jdk.internal.reflect.NativeMethodAccessorImpl.invoke(NativeMethodAccessorImpl.java:62)
	at java.base/jdk.internal.reflect.DelegatingMethodAccessorImpl.invoke(DelegatingMethodAccessorImpl.java:43)
	at java.base/java.lang.reflect.Method.invoke(Method.java:566)
	at org.junit.runners.model.FrameworkMethod$1.runReflectiveCall(FrameworkMethod.java:44)
	at org.junit.internal.runners.model.ReflectiveCallable.run(ReflectiveCallable.java:15)
	at org.junit.runners.model.FrameworkMethod.invokeExplosively(FrameworkMethod.java:41)
	at junitparams.internal.InvokeParameterisedMethod.evaluate(InvokeParameterisedMethod.java:102)
	at org.junit.internal.runners.statements.FailOnTimeout$1.run(FailOnTimeout.java:28)
Caused by: ptolemy.kernel.util.IllegalActionException: Test fails in iteration 1.
Value was: 1.0. Should have been: 2.0
  in .DirectFeedback.Test
	at ptolemy.actor.lib.Test.fire(Test.java:268)
	at ptolemy.domains.de.kernel.DEDirector._fire(DEDirector.java:1949)
	at ptolemy.domains.de.kernel.DEDirector.fire(DEDirector.java:502)
	at ptolemy.actor.CompositeActor.fire(CompositeActor.java:455)
	at ptolemy.actor.Manager.iterate(Manager.java:851)
	at ptolemy.actor.Manager.execute(Manager.java:369)
	at ptolemy.actor.Manager.run(Manager.java:1263)
	at ptolemy.actor.Manager$PtolemyRunThread.run(Manager.java:1933)
java.lang.RuntimeException: Execution failed
	at ptolemy.moml.MoMLSimpleApplication$UnloadThread.run(MoMLSimpleApplication.java:402)
Caused by: ptolemy.kernel.util.IllegalActionException: Found a zero delay loop containing .HierarchicalModel.A
  in .HierarchicalModel and .HierarchicalModel.A
	at ptolemy.actor.util.CausalityInterfaceForComposites._computeOutputPortDepth(CausalityInterfaceForComposites.java:759)
	at ptolemy.actor.util.CausalityInterfaceForComposites._computeInputDepth(CausalityInterfaceForComposites.java:696)
	at ptolemy.actor.util.CausalityInterfaceForComposites._computeOutputPortDepth(CausalityInterfaceForComposites.java:765)
	at ptolemy.actor.util.CausalityInterfaceForComposites._computeInputDepth(CausalityInterfaceForComposites.java:696)
	at ptolemy.actor.util.CausalityInterfaceForComposites._computeOutputPortDepth(CausalityInterfaceForComposites.java:765)
	at ptolemy.actor.util.CausalityInterfaceForComposites._computeInputDepth(CausalityInterfaceForComposites.java:696)
	at ptolemy.actor.util.CausalityInterfaceForComposites._computeActorDepth(CausalityInterfaceForComposites.java:532)
	at ptolemy.actor.util.CausalityInterfaceForComposites.checkForCycles(CausalityInterfaceForComposites.java:96)
	at ptolemy.domains.de.kernel.DEDirector.preinitialize(DEDirector.java:1338)
	at ptolemy.actor.CompositeActor.preinitialize(CompositeActor.java:1828)
	at ptolemy.actor.Manager.preinitializeAndResolveTypes(Manager.java:1040)
	at ptolemy.actor.Manager.initialize(Manager.java:710)
	at ptolemy.actor.Manager.execute(Manager.java:356)
	at ptolemy.actor.Manager.run(Manager.java:1263)
	at ptolemy.actor.Manager$PtolemyRunThread.run(Manager.java:1933)
java.lang.reflect.InvocationTargetException
	at java.base/jdk.internal.reflect.NativeConstructorAccessorImpl.newInstance0(Native Method)
	at java.base/jdk.internal.reflect.NativeConstructorAccessorImpl.newInstance(NativeConstructorAccessorImpl.java:62)
	at java.base/jdk.internal.reflect.DelegatingConstructorAccessorImpl.newInstance(DelegatingConstructorAccessorImpl.java:45)
	at java.base/java.lang.reflect.Constructor.newInstance(Constructor.java:490)
	at ptolemy.util.test.junit.AutoKnownFailedTests.RunModel(AutoKnownFailedTests.java:105)
	at java.base/jdk.internal.reflect.NativeMethodAccessorImpl.invoke0(Native Method)
	at java.base/jdk.internal.reflect.NativeMethodAccessorImpl.invoke(NativeMethodAccessorImpl.java:62)
	at java.base/jdk.internal.reflect.DelegatingMethodAccessorImpl.invoke(DelegatingMethodAccessorImpl.java:43)
	at java.base/java.lang.reflect.Method.invoke(Method.java:566)
	at org.junit.runners.model.FrameworkMethod$1.runReflectiveCall(FrameworkMethod.java:44)
	at org.junit.internal.runners.model.ReflectiveCallable.run(ReflectiveCallable.java:15)
	at org.junit.runners.model.FrameworkMethod.invokeExplosively(FrameworkMethod.java:41)
	at junitparams.internal.InvokeParameterisedMethod.evaluate(InvokeParameterisedMethod.java:102)
	at org.junit.internal.runners.statements.FailOnTimeout$1.run(FailOnTimeout.java:28)
Caused by: ptolemy.kernel.util.IllegalActionException: Found a zero delay loop containing .HierarchicalModel.A
  in .HierarchicalModel and .HierarchicalModel.A
	at ptolemy.actor.util.CausalityInterfaceForComposites._computeOutputPortDepth(CausalityInterfaceForComposites.java:759)
	at ptolemy.actor.util.CausalityInterfaceForComposites._computeInputDepth(CausalityInterfaceForComposites.java:696)
	at ptolemy.actor.util.CausalityInterfaceForComposites._computeOutputPortDepth(CausalityInterfaceForComposites.java:765)
	at ptolemy.actor.util.CausalityInterfaceForComposites._computeInputDepth(CausalityInterfaceForComposites.java:696)
	at ptolemy.actor.util.CausalityInterfaceForComposites._computeOutputPortDepth(CausalityInterfaceForComposites.java:765)
	at ptolemy.actor.util.CausalityInterfaceForComposites._computeInputDepth(CausalityInterfaceForComposites.java:696)
	at ptolemy.actor.util.CausalityInterfaceForComposites._computeActorDepth(CausalityInterfaceForComposites.java:532)
	at ptolemy.actor.util.CausalityInterfaceForComposites.checkForCycles(CausalityInterfaceForComposites.java:96)
	at ptolemy.domains.de.kernel.DEDirector.preinitialize(DEDirector.java:1338)
	at ptolemy.actor.CompositeActor.preinitialize(CompositeActor.java:1828)
	at ptolemy.actor.Manager.preinitializeAndResolveTypes(Manager.java:1040)
	at ptolemy.actor.Manager.initialize(Manager.java:710)
	at ptolemy.actor.Manager.execute(Manager.java:356)
	at ptolemy.actor.Manager.run(Manager.java:1263)
	at ptolemy.actor.Manager$PtolemyRunThread.run(Manager.java:1933)
java.lang.RuntimeException: Execution failed
	at ptolemy.moml.MoMLSimpleApplication$UnloadThread.run(MoMLSimpleApplication.java:402)
Caused by: ptolemy.kernel.util.IllegalActionException: Found a zero delay loop containing .dependencyLoop.original
  in .dependencyLoop and .dependencyLoop.original
	at ptolemy.actor.util.CausalityInterfaceForComposites._computeOutputPortDepth(CausalityInterfaceForComposites.java:759)
	at ptolemy.actor.util.CausalityInterfaceForComposites._computeInputDepth(CausalityInterfaceForComposites.java:696)
	at ptolemy.actor.util.CausalityInterfaceForComposites._computeOutputPortDepth(CausalityInterfaceForComposites.java:765)
	at ptolemy.actor.util.CausalityInterfaceForComposites._computeInputDepth(CausalityInterfaceForComposites.java:696)
	at ptolemy.actor.util.CausalityInterfaceForComposites._computeOutputPortDepth(CausalityInterfaceForComposites.java:765)
	at ptolemy.actor.util.CausalityInterfaceForComposites._computeInputDepth(CausalityInterfaceForComposites.java:696)
	at ptolemy.actor.util.CausalityInterfaceForComposites._computeActorDepth(CausalityInterfaceForComposites.java:532)
	at ptolemy.actor.util.CausalityInterfaceForComposites.checkForCycles(CausalityInterfaceForComposites.java:96)
	at ptolemy.domains.de.kernel.DEDirector.preinitialize(DEDirector.java:1338)
	at ptolemy.actor.CompositeActor.preinitialize(CompositeActor.java:1828)
	at ptolemy.actor.Manager.preinitializeAndResolveTypes(Manager.java:1040)
	at ptolemy.actor.Manager.initialize(Manager.java:710)
	at ptolemy.actor.Manager.execute(Manager.java:356)
	at ptolemy.actor.Manager.run(Manager.java:1263)
	at ptolemy.actor.Manager$PtolemyRunThread.run(Manager.java:1933)
java.lang.reflect.InvocationTargetException
	at java.base/jdk.internal.reflect.NativeConstructorAccessorImpl.newInstance0(Native Method)
	at java.base/jdk.internal.reflect.NativeConstructorAccessorImpl.newInstance(NativeConstructorAccessorImpl.java:62)
	at java.base/jdk.internal.reflect.DelegatingConstructorAccessorImpl.newInstance(DelegatingConstructorAccessorImpl.java:45)
	at java.base/java.lang.reflect.Constructor.newInstance(Constructor.java:490)
	at ptolemy.util.test.junit.AutoKnownFailedTests.RunModel(AutoKnownFailedTests.java:105)
	at java.base/jdk.internal.reflect.NativeMethodAccessorImpl.invoke0(Native Method)
	at java.base/jdk.internal.reflect.NativeMethodAccessorImpl.invoke(NativeMethodAccessorImpl.java:62)
	at java.base/jdk.internal.reflect.DelegatingMethodAccessorImpl.invoke(DelegatingMethodAccessorImpl.java:43)
	at java.base/java.lang.reflect.Method.invoke(Method.java:566)
	at org.junit.runners.model.FrameworkMethod$1.runReflectiveCall(FrameworkMethod.java:44)
	at org.junit.internal.runners.model.ReflectiveCallable.run(ReflectiveCallable.java:15)
	at org.junit.runners.model.FrameworkMethod.invokeExplosively(FrameworkMethod.java:41)
	at junitparams.internal.InvokeParameterisedMethod.evaluate(InvokeParameterisedMethod.java:102)
	at org.junit.internal.runners.statements.FailOnTimeout$1.run(FailOnTimeout.java:28)
Caused by: ptolemy.kernel.util.IllegalActionException: Found a zero delay loop containing .dependencyLoop.original
  in .dependencyLoop and .dependencyLoop.original
	at ptolemy.actor.util.CausalityInterfaceForComposites._computeOutputPortDepth(CausalityInterfaceForComposites.java:759)
	at ptolemy.actor.util.CausalityInterfaceForComposites._computeInputDepth(CausalityInterfaceForComposites.java:696)
	at ptolemy.actor.util.CausalityInterfaceForComposites._computeOutputPortDepth(CausalityInterfaceForComposites.java:765)
	at ptolemy.actor.util.CausalityInterfaceForComposites._computeInputDepth(CausalityInterfaceForComposites.java:696)
	at ptolemy.actor.util.CausalityInterfaceForComposites._computeOutputPortDepth(CausalityInterfaceForComposites.java:765)
	at ptolemy.actor.util.CausalityInterfaceForComposites._computeInputDepth(CausalityInterfaceForComposites.java:696)
	at ptolemy.actor.util.CausalityInterfaceForComposites._computeActorDepth(CausalityInterfaceForComposites.java:532)
	at ptolemy.actor.util.CausalityInterfaceForComposites.checkForCycles(CausalityInterfaceForComposites.java:96)
	at ptolemy.domains.de.kernel.DEDirector.preinitialize(DEDirector.java:1338)
	at ptolemy.actor.CompositeActor.preinitialize(CompositeActor.java:1828)
	at ptolemy.actor.Manager.preinitializeAndResolveTypes(Manager.java:1040)
	at ptolemy.actor.Manager.initialize(Manager.java:710)
	at ptolemy.actor.Manager.execute(Manager.java:356)
	at ptolemy.actor.Manager.run(Manager.java:1263)
	at ptolemy.actor.Manager$PtolemyRunThread.run(Manager.java:1933)
java.lang.RuntimeException: Execution failed
	at ptolemy.moml.MoMLSimpleApplication$UnloadThread.run(MoMLSimpleApplication.java:402)
Caused by: ptolemy.kernel.util.IllegalActionException: Found a zero delay loop containing .dependencyLoop2.original
  in .dependencyLoop2 and .dependencyLoop2.original
	at ptolemy.actor.util.CausalityInterfaceForComposites._computeOutputPortDepth(CausalityInterfaceForComposites.java:759)
	at ptolemy.actor.util.CausalityInterfaceForComposites._computeInputDepth(CausalityInterfaceForComposites.java:696)
	at ptolemy.actor.util.CausalityInterfaceForComposites._computeOutputPortDepth(CausalityInterfaceForComposites.java:765)
	at ptolemy.actor.util.CausalityInterfaceForComposites._computeInputDepth(CausalityInterfaceForComposites.java:696)
	at ptolemy.actor.util.CausalityInterfaceForComposites._computeOutputPortDepth(CausalityInterfaceForComposites.java:765)
	at ptolemy.actor.util.CausalityInterfaceForComposites._computeInputDepth(CausalityInterfaceForComposites.java:696)
	at ptolemy.actor.util.CausalityInterfaceForComposites._computeActorDepth(CausalityInterfaceForComposites.java:532)
	at ptolemy.actor.util.CausalityInterfaceForComposites.checkForCycles(CausalityInterfaceForComposites.java:96)
	at ptolemy.domains.de.kernel.DEDirector.preinitialize(DEDirector.java:1338)
	at ptolemy.actor.CompositeActor.preinitialize(CompositeActor.java:1828)
	at ptolemy.actor.Manager.preinitializeAndResolveTypes(Manager.java:1040)
	at ptolemy.actor.Manager.initialize(Manager.java:710)
	at ptolemy.actor.Manager.execute(Manager.java:356)
	at ptolemy.actor.Manager.run(Manager.java:1263)
	at ptolemy.actor.Manager$PtolemyRunThread.run(Manager.java:1933)
java.lang.reflect.InvocationTargetException
	at java.base/jdk.internal.reflect.NativeConstructorAccessorImpl.newInstance0(Native Method)
	at java.base/jdk.internal.reflect.NativeConstructorAccessorImpl.newInstance(NativeConstructorAccessorImpl.java:62)
	at java.base/jdk.internal.reflect.DelegatingConstructorAccessorImpl.newInstance(DelegatingConstructorAccessorImpl.java:45)
	at java.base/java.lang.reflect.Constructor.newInstance(Constructor.java:490)
	at ptolemy.util.test.junit.AutoKnownFailedTests.RunModel(AutoKnownFailedTests.java:105)
	at java.base/jdk.internal.reflect.NativeMethodAccessorImpl.invoke0(Native Method)
	at java.base/jdk.internal.reflect.NativeMethodAccessorImpl.invoke(NativeMethodAccessorImpl.java:62)
	at java.base/jdk.internal.reflect.DelegatingMethodAccessorImpl.invoke(DelegatingMethodAccessorImpl.java:43)
	at java.base/java.lang.reflect.Method.invoke(Method.java:566)
	at org.junit.runners.model.FrameworkMethod$1.runReflectiveCall(FrameworkMethod.java:44)
	at org.junit.internal.runners.model.ReflectiveCallable.run(ReflectiveCallable.java:15)
	at org.junit.runners.model.FrameworkMethod.invokeExplosively(FrameworkMethod.java:41)
	at junitparams.internal.InvokeParameterisedMethod.evaluate(InvokeParameterisedMethod.java:102)
	at org.junit.internal.runners.statements.FailOnTimeout$1.run(FailOnTimeout.java:28)
Caused by: ptolemy.kernel.util.IllegalActionException: Found a zero delay loop containing .dependencyLoop2.original
  in .dependencyLoop2 and .dependencyLoop2.original
	at ptolemy.actor.util.CausalityInterfaceForComposites._computeOutputPortDepth(CausalityInterfaceForComposites.java:759)
	at ptolemy.actor.util.CausalityInterfaceForComposites._computeInputDepth(CausalityInterfaceForComposites.java:696)
	at ptolemy.actor.util.CausalityInterfaceForComposites._computeOutputPortDepth(CausalityInterfaceForComposites.java:765)
	at ptolemy.actor.util.CausalityInterfaceForComposites._computeInputDepth(CausalityInterfaceForComposites.java:696)
	at ptolemy.actor.util.CausalityInterfaceForComposites._computeOutputPortDepth(CausalityInterfaceForComposites.java:765)
	at ptolemy.actor.util.CausalityInterfaceForComposites._computeInputDepth(CausalityInterfaceForComposites.java:696)
	at ptolemy.actor.util.CausalityInterfaceForComposites._computeActorDepth(CausalityInterfaceForComposites.java:532)
	at ptolemy.actor.util.CausalityInterfaceForComposites.checkForCycles(CausalityInterfaceForComposites.java:96)
	at ptolemy.domains.de.kernel.DEDirector.preinitialize(DEDirector.java:1338)
	at ptolemy.actor.CompositeActor.preinitialize(CompositeActor.java:1828)
	at ptolemy.actor.Manager.preinitializeAndResolveTypes(Manager.java:1040)
	at ptolemy.actor.Manager.initialize(Manager.java:710)
	at ptolemy.actor.Manager.execute(Manager.java:356)
	at ptolemy.actor.Manager.run(Manager.java:1263)
	at ptolemy.actor.Manager$PtolemyRunThread.run(Manager.java:1933)
]]></system-err>
</testsuite>
