<?xml version="1.0" encoding="UTF-8" ?>
<testsuite errors="0" failures="1" hostname="travis-job-3d839e75-93b7-47e1-a178-57181e9e7d9f" name="ptolemy.actor.lib.test.junit.JUnitTclTest" skipped="0" tests="517" time="63.102" timestamp="2019-12-03T06:16:26">
  <properties>
    <property name="npm.executable" value="npm" />
    <property name="env.TRAVIS_ROOT" value="/" />
    <property name="ptII.mk.exists" value="true" />
    <property name="env.TRAVIS_APP_HOST" value="build.travis-ci.org" />
    <property name="env.rvm_bin_path" value="/home/travis/.rvm/bin" />
    <property name="java.home" value="/usr/local/lib/jvm/openjdk11" />
    <property name="env.TRAVIS_JOB_NUMBER" value="1416.8" />
    <property name="env.TRAVIS_HOME" value="/home/travis" />
    <property name="env.DISPLAY" value=":99.0" />
    <property name="env.TRAVIS_INIT" value="systemd" />
    <property name="env.SSH_TTY" value="/dev/pts/0" />
    <property name="java.net.preferIPv4Stack" value="true" />
    <property name="env.RUN_TESTS" value="true" />
    <property name="timeout.short" value="1000000" />
    <property name="junit.formatter" value="xml" />
    <property name="env.TRAVIS_SUDO" value="true" />
    <property name="env.TRAVIS_JOB_NAME" value="" />
    <property name="env.TRAVIS_STACK_NODE_ATTRIBUTES" value="/.node-attributes.yml" />
    <property name="env.LOGNAME" value="travis" />
    <property name="env.PT_TRAVIS_TEST_CORE1_XML" value="true" />
    <property name="jsdoc.home" value="node_modules/@terraswarm/jsdoc" />
    <property name="debuglevel" value="source,lines,vars" />
    <property name="checkstyle.formatter" value="xml" />
    <property name="env._system_version" value="16.04" />
    <property name="bin.vergil.makeable" value="true" />
    <property name="sun.os.patch.level" value="unknown" />
    <property name="java.vendor.url" value="http://java.oracle.com/" />
    <property name="env.TRAVIS_BUILD_WEB_URL" value="https://travis-ci.org/icyphy/ptII/builds/619964410" />
    <property name="java.version" value="11.0.2" />
    <property name="env.TZ" value="UTC" />
    <property name="env.TRAVIS_PULL_REQUEST_SHA" value="" />
    <property name="env.PT_NO_NET" value="true" />
    <property name="env.TRAVIS_SECURE_ENV_VARS" value="true" />
    <property name="env._system_type" value="Linux" />
    <property name="java.vendor.url.bug" value="http://bugreport.java.com/bugreport/" />
    <property name="npmjs-org-is-up" value="true" />
    <property name="env.LANGUAGE" value="en_US.UTF-8" />
    <property name="env.SSH_CLIENT" value="10.16.5.5 43658 22" />
    <property name="env.GEM_HOME" value="/home/travis/.rvm/gems/ruby-2.5.3" />
    <property name="env.HAS_ANTARES_THREE_LITTLE_FRONZIES_BADGE" value="true" />
    <property name="java.version.date" value="2019-01-15" />
    <property name="env.PS4" value="+" />
    <property name="ant.project.invoked-targets" value="build,test.core1.xml" />
    <property name="env.TRAVIS_PULL_REQUEST_BRANCH" value="" />
    <property name="env.TRAVIS_REPO_SLUG" value="icyphy/ptII" />
    <property name="env.XDG_DATA_DIRS" value="/usr/local/share:/usr/share:/var/lib/snapd/desktop" />
    <property name="jdk.debug" value="release" />
    <property name="env.TRAVIS_APT_PROXY" value="http://apt.cache.travis-ci.com" />
    <property name="env.TRAVIS_CPU_ARCH" value="amd64" />
    <property name="node.in.path" value="true" />
    <property name="user.name" value="travis" />
    <property name="java.maxmemory" value="1400m" />
    <property name="env.RUBY_VERSION" value="ruby-2.5.3" />
    <property name="env.LANG" value="en_US.UTF-8" />
    <property name="sun.io.unicode.encoding" value="UnicodeLittle" />
    <property name="sun.jnu.encoding" value="UTF-8" />
    <property name="java.runtime.name" value="OpenJDK Runtime Environment" />
    <property name="usefile" value="false" />
    <property name="return.code" value="0" />
    <property name="junit.single.formatter" value="plain" />
    <property name="env.DYLD_LIBRARY_PATH" value="/home/travis/pthla/certi-tools/lib:" />
    <property name="env.DEBIAN_FRONTEND" value="noninteractive" />
    <property name="env.SSH_CONNECTION" value="10.16.5.5 43658 10.20.1.63 22" />
    <property name="env.MYSQL_UNIX_PORT" value="/var/run/mysqld/mysqld.sock" />
    <property name="env.LC_ALL" value="en_US.UTF-8" />
    <property name="env.TRAVIS_ALLOW_FAILURE" value="false" />
    <property name="env.TRAVIS_JOB_WEB_URL" value="https://travis-ci.org/icyphy/ptII/jobs/619964418" />
    <property name="java.specification.name" value="Java Platform API Specification" />
    <property name="node.works" value="true" />
    <property name="user.timezone" value="" />
    <property name="path.separator" value=":" />
    <property name="env.TRAVIS_ENABLE_INFRA_DETECTION" value="true" />
    <property name="env.PYTHON_CFLAGS" value="-g -fstack-protector --param=ssp-buffer-size=4 -Wformat -Werror=format-security" />
    <property name="timeout.long" value="4000000" />
    <property name="env.CERTI_HOME" value="/home/travis/pthla/certi-tools" />
    <property name="ant.file.ptII" value="/home/travis/build/icyphy/ptII/build.xml" />
    <property name="javadoc.packagenames" value="com.*,diva.*,lbnl.*,org.hlacerti.*,org.json.*,org.ptolemy.*,org.terraswarm.*,ptolemy.*,ptserver.*" />
    <property name="file.encoding" value="UTF-8" />
    <property name="env.TRAVIS_PULL_REQUEST_SLUG" value="" />
    <property name="ant.project.default-target" value="build" />
    <property name="env.GIT_ASKPASS" value="echo" />
    <property name="env.HOME" value="/home/travis" />
    <property name="sun.java.command" value="org.apache.tools.ant.taskdefs.optional.junit.JUnitTestRunner ptolemy.actor.lib.test.junit.JUnitTclTest skipNonTests=false filtertrace=true haltOnError=false haltOnFailure=false formatter=org.apache.tools.ant.taskdefs.optional.junit.OutErrSummaryJUnitResultFormatter showoutput=true outputtoformatters=true logfailedtests=true threadid=0 logtestlistenerevents=false formatter=org.apache.tools.ant.taskdefs.optional.junit.XMLJUnitResultFormatter,/home/travis/build/icyphy/ptII/reports/junit/TEST-ptolemy.actor.lib.test.junit.JUnitTclTest.xml crashfile=/home/travis/build/icyphy/ptII/junitvmwatcher1603516591842331238.properties propsfile=/home/travis/build/icyphy/ptII/junit8074567347765481338.properties" />
    <property name="env.COMPOSER_NO_INTERACTION" value="1" />
    <property name="env.MANPATH" value="/home/travis/.nvm/versions/node/v7.10.1/share/man:/home/travis/.rvm/rubies/ruby-2.5.3/share/man:/usr/local/cmake-3.12.4/man:/usr/local/clang-7.0.0/share/man:/usr/local/man:/usr/local/share/man:/usr/share/man:/home/travis/.rvm/man" />
    <property name="env.TRAVIS_TIMER_ID" value="34273a80" />
    <property name="ant.file" value="/home/travis/build/icyphy/ptII/build.xml" />
    <property name="env.TRAVIS_COMMIT_RANGE" value="45a1af74cde64810f1a740ff9bd66386be4e642c...11deb69804adb5926cd4863c8231df6048994796" />
    <property name="env._system_name" value="Ubuntu" />
    <property name="ptII.classpath.optional.property" value="/home/travis/build/icyphy/ptII/lib/bsh-2.0b4.jar:/home/travis/build/icyphy/ptII/lib/ptCal.jar:/home/travis/build/icyphy/ptII/lib/java_cup.jar:/home/travis/build/icyphy/ptII/lib/saxon8.jar:/home/travis/build/icyphy/ptII/lib/saxon8-dom.jar:/home/travis/build/icyphy/ptII/lib/chic.jar:/home/travis/build/icyphy/ptII/lib/ptcolt.jar:/home/travis/build/icyphy/ptII/vendors/misc/itext/iText.jar:/home/travis/build/icyphy/ptII/lib/g4ltl.jar:/home/travis/build/icyphy/ptII/lib/StructuralCoder.jar:/home/travis/build/icyphy/ptII/lib/jcerti.jar:/home/travis/build/icyphy/ptII/lib/javax.mail.jar:/home/travis/build/icyphy/ptII/vendors/JMF-2.1.1e/lib/jmf.jar:/home/travis/build/icyphy/ptII/lib/jna-4.0.0-variadic.jar:/home/travis/build/icyphy/ptII/vendors/misc/joystick/Joystick.jar:/home/travis/build/icyphy/ptII/lib/ptjacl.jar:/home/travis/build/icyphy/ptII/lib/jsoup-1.8.2.jar:/home/travis/build/icyphy/ptII/lib/junit-4.8.2.jar:/home/travis/build/icyphy/ptII/lib/JUnitParams-0.4.0.jar:/home/travis/build/icyphy/ptII/ptolemy/actor/lib/excel/jxl.jar:/home/travis/build/icyphy/ptII/lib/jython.jar:/home/travis/build/icyphy/ptII/lib/kieler.jar:/home/travis/build/icyphy/ptII/vendors/opencv/share/OpenCV/java/opencv-341.jar:/home/travis/build/icyphy/ptII/lib/oscP5.jar:/home/travis/build/icyphy/ptII/lib/nrjavaserial-3.11.0.devel.jar:/home/travis/build/icyphy/ptII/vendors/j3d/lib/Linux/j3dcore.jar:/home/travis/build/icyphy/ptII/vendors/j3d/lib/Linux/j3dutils.jar:/home/travis/build/icyphy/ptII/vendors/j3d/lib/Linux/vecmath.jar:/home/travis/build/icyphy/ptII/vendors/jogl/lib/Linux/gluegen-rt-natives-linux-amd64.jar:/home/travis/build/icyphy/ptII/vendors/jogl/lib/Linux/gluegen-rt.jar:/home/travis/build/icyphy/ptII/vendors/jogl/lib/Linux/jogl-all-natives-linux-amd64.jar:/home/travis/build/icyphy/ptII/vendors/jogl/lib/Linux/jogl-all.jar:/home/travis/build/icyphy/ptII/ptolemy/distributed/jini/jar/jini-core.jar:/home/travis/build/icyphy/ptII/ptolemy/distributed/jini/jar/jini-ext.jar:/home/travis/build/icyphy/ptII/ptolemy/distributed/jini/jar/sun-util.jar:/home/travis/build/icyphy/ptII/lib/protobuf-java-2.4.1.jar:/home/travis/build/icyphy/ptII/lib/org.eclipse.paho.client.mqttv3.jar:/home/travis/build/icyphy/ptII/lib/mapss.jar:/home/travis/build/icyphy/ptII/ptolemy/actor/ptalon/antlr/antlr.jar:/home/travis/build/icyphy/ptII/lib/JRI.jar:/home/travis/build/icyphy/ptII/lib/commons-lang-2.6.jar:/home/travis/build/icyphy/ptII/lib/commons-logging-1.1.1.jar:/home/travis/build/icyphy/ptII/lib/sootclasses.jar:/home/travis/build/icyphy/ptII/ptolemy/actor/lib/database/mysql-connector-java-5.1.6-bin.jar:/home/travis/build/icyphy/ptII/vendors/misc/sphinx4/sphinx4-data-5prealpha.jar:/home/travis/build/icyphy/ptII/vendors/misc/sphinx4/sphinx4-core-5prealpha.jar:/home/travis/build/icyphy/ptII/lib/PDFRenderer.jar:/home/travis/build/icyphy/ptII/lib/svgSalamander.jar:/home/travis/build/icyphy/ptII/lib/rsyntaxtextarea-2.6.0-SNAPSHOT.jar:/home/travis/build/icyphy/ptII/lib/hazelcast-3.8.2.jar:/home/travis/build/icyphy/ptII/lib/jackson-annotations-2.9.0.jar:/home/travis/build/icyphy/ptII/lib/jackson-core-2.9.3.jar:/home/travis/build/icyphy/ptII/lib/jackson-databind-2.9.3.jar:/home/travis/build/icyphy/ptII/lib/netty-buffer-4.1.19.Final.jar:/home/travis/build/icyphy/ptII/lib/netty-codec-4.1.19.Final.jar:/home/travis/build/icyphy/ptII/lib/netty-codec-dns-4.1.19.Final.jar:/home/travis/build/icyphy/ptII/lib/netty-codec-http-4.1.19.Final.jar:/home/travis/build/icyphy/ptII/lib/netty-codec-http2-4.1.19.Final.jar:/home/travis/build/icyphy/ptII/lib/netty-common-4.1.19.Final.jar:/home/travis/build/icyphy/ptII/lib/netty-handler-4.1.19.Final.jar:/home/travis/build/icyphy/ptII/lib/netty-resolver-4.1.19.Final.jar:/home/travis/build/icyphy/ptII/lib/netty-resolver-dns-4.1.19.Final.jar:/home/travis/build/icyphy/ptII/lib/netty-transport-4.1.19.Final.jar:/home/travis/build/icyphy/ptII/lib/vertx-codegen-3.5.1.jar:/home/travis/build/icyphy/ptII/lib/vertx-core-3.5.2-SNAPSHOT.jar:/home/travis/build/icyphy/ptII/lib/vertx-hazelcast-3.5.1.jar:/home/travis/build/icyphy/ptII/lib/vertx-lang-js-3.5.1.jar:/home/travis/build/icyphy/ptII/lib/vertx-service-proxy-3.5.1.jar:/home/travis/build/icyphy/ptII/lib/vertx-web-3.5.1.jar:/home/travis/build/icyphy/ptII/lib/slf4j-api-1.7.13.jar:/home/travis/build/icyphy/ptII/lib/slf4j-simple-1.7.13.jar:/home/travis/build/icyphy/ptII/lib/webcam-capture-0.3.12.jar:/home/travis/build/icyphy/ptII/lib/bridj-0.7.0.jar:/home/travis/build/icyphy/ptII/lib/xbjlib-1.1.0.nrjavaserial.jar" />
    <property name="timeout" value="2400000" />
    <property name="test.batch" value="**/junit/*.java" />
    <property name="env._" value="/usr/bin/timeout" />
    <property name="java.io.tmpdir" value="/tmp" />
    <property name="user.language" value="en" />
    <property name="env.TRAVIS_INTERNAL_RUBY_REGEX" value="^ruby-(2\.[0-4]\.[0-9]|1\.9\.3)" />
    <property name="env.HISTCONTROL" value="ignoredups:ignorespace" />
    <property name="env.GOROOT" value="/home/travis/.gimme/versions/go1.11.1.linux.amd64" />
    <property name="line.separator" value="&#xa;" />
    <property name="target" value="11" />
    <property name="env.TRAVIS_BUILD_DIR" value="/home/travis/build/icyphy/ptII" />
    <property name="env.ANT_OPTS" value="-Xmx2048m" />
    <property name="ant.file.type" value="file" />
    <property name="ptolemy.ptII.batchMode" value="true" />
    <property name="env.HISTSIZE" value="1000" />
    <property name="env.MERB_ENV" value="test" />
    <property name="java.vm.info" value="mixed mode" />
    <property name="source" value="11" />
    <property name="java.vm.specification.name" value="Java Virtual Machine Specification" />
    <property name="env.TRAVIS_TEST_RESULT" value="0" />
    <property name="jsdoc.command" value="node_modules/@terraswarm/jsdoc/jsdoc.js" />
    <property name="npm.works" value="true" />
    <property name="cobertura.dir" value="/home/travis/build/icyphy/ptII/vendors/cobertura-2.0.3" />
    <property name="jsdoc.command.exists" value="true" />
    <property name="env.rvm_path" value="/home/travis/.rvm" />
    <property name="env.GEM_PATH" value="/home/travis/.rvm/gems/ruby-2.5.3:/home/travis/.rvm/gems/ruby-2.5.3@global" />
    <property name="env.LC_CTYPE" value="en_US.UTF-8" />
    <property name="env.TRAVIS_CMD" value="$PTII/bin/ptIITravisBuild.sh $SECONDS" />
    <property name="java.awt.printerjob" value="sun.print.PSPrinterJob" />
    <property name="env.TRAVIS_STACK_NAME" value="sardonyx" />
    <property name="env.TRAVIS_TIMER_START_TIME" value="1575353143099109001" />
    <property name="ant.version" value="Apache Ant(TM) version 1.10.1 compiled on February 2 2017" />
    <property name="ptII.reports" value="/home/travis/build/icyphy/ptII/reports" />
    <property name="env.TRAVIS_STACK_TIMESTAMP" value="2019-03-25 16:16:56 UTC" />
    <property name="ant.file.type.ptII" value="file" />
    <property name="env.RBENV_SHELL" value="bash" />
    <property name="os.name" value="Linux" />
    <property name="java.specification.vendor" value="Oracle Corporation" />
    <property name="env.rvm_version" value="1.29.7 (latest)" />
    <property name="env.TRAVIS_INFRA" value="gce" />
    <property name="env.TERM" value="xterm" />
    <property name="java.vm.name" value="OpenJDK 64-Bit Server VM" />
    <property name="env.TRAVIS_BUILD_NUMBER" value="1416" />
    <property name="env.CI" value="true" />
    <property name="java.library.path" value="/home/travis/pthla/certi-tools/lib:/usr/lib/jni:/usr/local/share/OpenCV/java/:/usr/share/OpenCV/java::/usr/java/packages/lib:/usr/lib64:/lib64:/lib:/usr/lib" />
    <property name="jdk.module.path" value="/home/travis/build/icyphy/ptII/vendors/javafx/javafx-sdk-11.0.2/lib:" />
    <property name="env.rvm_prefix" value="/home/travis" />
    <property name="env.PATH" value="/home/travis/pthla/certi-tools/share/scripts:/home/travis/.rvm/gems/ruby-2.5.3/bin:/home/travis/.rvm/gems/ruby-2.5.3@global/bin:/home/travis/.rvm/rubies/ruby-2.5.3/bin:/home/travis/.rvm/bin:/home/travis/.nvm/versions/node/v7.10.1/bin:./node_modules/.bin:/home/travis/build/icyphy/ptII/bin:/home/travis/pthla/certi-tools/bin:/home/travis/bin:/home/travis/.local/bin:/usr/local/lib/jvm/openjdk11/bin:/opt/pyenv/shims:/home/travis/.phpenv/shims:/home/travis/perl5/perlbrew/bin:/home/travis/gopath/bin:/home/travis/.gimme/versions/go1.11.1.linux.amd64/bin:/usr/local/maven-3.6.0/bin:/usr/local/cmake-3.12.4/bin:/usr/local/clang-7.0.0/bin:/usr/local/sbin:/usr/local/bin:/usr/sbin:/usr/bin:/sbin:/bin:/snap/bin:/home/travis/.phpenv/bin:/opt/pyenv/bin:/home/travis/.yarn/bin" />
    <property name="env.TRAVIS_OS_NAME" value="linux" />
    <property name="ant.java.version" value="9" />
    <property name="basedir" value="/home/travis/build/icyphy/ptII" />
    <property name="java.class.version" value="55.0" />
    <property name="env.SHLVL" value="3" />
    <property name="env.LD_LIBRARY_PATH" value="/home/travis/pthla/certi-tools/lib:/usr/lib/jni:/usr/local/share/OpenCV/java/:/usr/share/OpenCV/java:" />
    <property name="env.RACK_ENV" value="test" />
    <property name="ant.home" value="/home/travis/build/icyphy/ptII/ant" />
    <property name="env.NVM_DIR" value="/home/travis/.nvm" />
    <property name="env.CERTI_FOM_PATH" value="/home/travis/pthla/certi-tools/share/federations" />
    <property name="env.TRAVIS_BUILD_ID" value="619964410" />
    <property name="env.PYENV_ROOT" value="/opt/pyenv" />
    <property name="env.TRAVIS_UID" value="2000" />
    <property name="prism.verbose" value="true" />
    <property name="env.NVM_BIN" value="/home/travis/.nvm/versions/node/v7.10.1/bin" />
    <property name="env.TRAVIS_COMMIT" value="11deb69804adb5926cd4863c8231df6048994796" />
    <property name="env._system_arch" value="x86_64" />
    <property name="node.executable" value="node" />
    <property name="sun.boot.library.path" value="/usr/local/lib/jvm/openjdk11/lib" />
    <property name="sun.management.compiler" value="HotSpot 64-Bit Tiered Compilers" />
    <property name="java.awt.graphicsenv" value="sun.awt.X11GraphicsEnvironment" />
    <property name="env.GOPATH" value="/home/travis/gopath" />
    <property name="ptolemy.ptII.dir" value="/home/travis/build/icyphy/ptII" />
    <property name="env.USER" value="travis" />
    <property name="env.HISTFILESIZE" value="2000" />
    <property name="timeout.longest" value="19000000" />
    <property name="env.PERLBREW_SHELLRC_VERSION" value="0.86" />
    <property name="env.TRAVIS_STACK_FEATURES" value="basic couchdb disabled-ipv6 docker docker-compose elasticsearch firefox go-toolchain google-chrome jdk memcached mongodb mysql nodejs_interpreter perl_interpreter perlbrew phantomjs postgresql python_interpreter redis ruby_interpreter sqlite xserver" />
    <property name="env.TRAVIS_PULL_REQUEST" value="false" />
    <property name="env.PYENV_SHELL" value="bash" />
    <property name="ant.project.name" value="ptII" />
    <property name="env.ANSI_RESET" value="\033[0m" />
    <property name="java.vm.specification.version" value="11" />
    <property name="env.TRAVIS_DIST" value="xenial" />
    <property name="env.CERTI_VERSION" value="4.0.0" />
    <property name="env.CERTI_HOST" value="localhost" />
    <property name="awt.toolkit" value="sun.awt.X11.XToolkit" />
    <property name="env.MY_RUBY_HOME" value="/home/travis/.rvm/rubies/ruby-2.5.3" />
    <property name="sun.cpu.isalist" value="" />
    <property name="env.TRAVIS_TMPDIR" value="/tmp/tmp.VZQ9vgy9Qm" />
    <property name="java.vm.compressedOopsMode" value="Zero based" />
    <property name="os.version" value="4.15.0-1028-gcp" />
    <property name="user.home" value="/home/travis" />
    <property name="java.vm.vendor" value="Oracle Corporation" />
    <property name="env.TRAVIS_TAG" value="nightly" />
    <property name="env.ANSI_YELLOW" value="\033[33;1m" />
    <property name="env.TRAVIS_FILTERED" value="redirect_io" />
    <property name="env.ANSI_GREEN" value="\033[32;1m" />
    <property name="env.JAVA_HOME" value="/usr/local/lib/jvm/openjdk11" />
    <property name="javadoc.excludepackagenames" value="adm.cvs2svn.*,build.*,config.*,doc.coding.templates.*,jni.test.jni.meaningOfLife.*,jni.test.jni.testDeux.*,jni.test.jni.testTrois.*,org.terraswarm.accessor.accessors.web.node_modules.*,org.terraswarm.accessor.accessors.web.hosts.cordova.demo.*,org.terraswarm.accessor.accessors.web.hosts.cordova.plugins.*,org.terraswarm.accessor.accessors-svn.*,pt-modules.*,ptolemy.apps.agilent.*,ptolemy.apps.anytimecontrol.*,ptolemy.apps.apes.*,ptolemy.apps.charon.*,ptolemy.apps.crazyboard.*,ptolemy.apps.eclipse.*,ptolemy.apps.etherealSting.*,ptolemy.apps.fullscreen.*,ptolemy.apps.giotto.*,ptolemy.apps.ia.*,ptolemy.apps.interfaces.*,ptolemy.apps.jmf.*,ptolemy.apps.kurt.*,ptolemy.apps.kvm.*,ptolemy.apps.lego.*,ptolemy.apps.lejos.*,ptolemy.apps.midp.*,ptolemy.apps.mobileCoding.*,ptolemy.apps.pendulum.*,ptolemy.apps.rijndael.*,ptolemy.apps.robot.*,ptolemy.apps.security.*,ptolemy.apps.sobel.*,ptolemy.apps.soot.*,ptolemy.apps.throttle.*,ptolemy.apps.tini.*,ptolemy.apps.transmission.*,ptolemy.apps.vergil.*,ptolemy.apps.waba.*,ptolemy.apps.websensor.*,ptolemy.apps.webstart.*,ptolemy.apps.xsl.*,ptolemy.apps.zaurus.*,ptolemy.codegen.c.actor.lib.oldJavaFiles.*,ptolemy.codegen.dsp.lib.*,ptolemy.codegen.kernel.newInterfaces.*,ptolemy.codegen.lib.*,ptolemy.copernicus.kernel.fragment.*,ptolemy.copernicus.shallow.cg.*,ptolemy.domains.giotto.demo.Hierarchy.Hierarchy.*,ptolemy.domains.giotto.demo.Multimode.Multimode.*,ptolemy.domains.giotto.demo.Simple.Simple.*,ptolemy.domains.gr.lib.experimental.*,ptolemy.domains.gro.*,ptolemy.domains.pdf.*,ptolemy.domains.ptinyos.demo.Surge.output.*,ptolemy.moml.test.NoPackageActor.java*,ptolemy.plot.adm.*,ptolemy.plot.servlet.*,reports.*,signed.*,src.*,target.*,vendors.*,ptolemy.copernicus.applet.*,ptolemy.media.viewer.*,ptolemy.actor.corba.*,doc.doclets.*,ptolemy.apps.eclipse.awt.*,ptolemy.backtrack.*,ptolemy.backtrack.ast.*,ptolemy.cg.adapter.generic.program.procedural.c.mbed*,ptolemy.homer.*,ptolemy.actor.lib.jai.*,org.ptolemy.scala.*,diva.util.java2d.svg.*,ptolemy.domains.ptinyos.*,ptolemy.actor.lib.fmi.fmipp.*,,org.terraswarm.accessor.accessors.web.node_modules.*,org.terraswarm.accessor.accessors-svn,ptolemy.apps.*,ptolemy.actor.ptalon.demo.ptinyos.SendAndReceiveCnt.output,ptolemy.actor.ptalon.demo.ptinyos.SenseToLeds.output,ptolemy.domains.ptinyos.demo.CntToLedsAndRfm.output,ptolemy.domains.ptinyos.demo.RfmToLeds.output,ptolemy.domains.ptinyos.demo.SendAndReceiveCnt.output,ptolemy.domains.ptinyos.demo.SenseToLeds.output,ptolemy.actor.lib.jjs.modules.udpSocket.*" />
    <property name="env.PTII" value="/home/travis/build/icyphy/ptII" />
    <property name="env.XDG_SESSION_ID" value="2" />
    <property name="keystore" value="ptKeystore" />
    <property name="env.TRAVIS_COMMIT_MESSAGE" value="Conform a model to new HlaManager design." />
    <property name="junit.output.dir" value="/home/travis/build/icyphy/ptII/reports/junit" />
    <property name="npm.return.code" value="0" />
    <property name="user.dir" value="/home/travis/build/icyphy/ptII/ptolemy/actor/lib/test" />
    <property name="env.TRAVIS_NODE_VERSION" value="7" />
    <property name="env.TRAVIS_EVENT_TYPE" value="cron" />
    <property name="env.MAIL" value="/var/mail/travis" />
    <property name="env.PERLBREW_ROOT" value="/home/travis/perl5/perlbrew" />
    <property name="env.PWD" value="/home/travis/build/icyphy/ptII" />
    <property name="timeout.npm" value="45000" />
    <property name="env.TRAVIS_ARCH" value="amd64" />
    <property name="sun.cpu.endian" value="little" />
    <property name="env.PAGER" value="cat" />
    <property name="env.TRAVIS_BUILD_STAGE_NAME" value="Test" />
    <property name="env.PERLBREW_HOME" value="/home/travis/.perlbrew" />
    <property name="java.vm.version" value="11.0.2+9" />
    <property name="env.RAILS_ENV" value="test" />
    <property name="java.class.path" value="/home/travis/.ptolemyII:/home/travis/.ptolemyII/*:/home/travis/build/icyphy/ptII:/home/travis/build/icyphy/ptII/lib/bsh-2.0b4.jar:/home/travis/build/icyphy/ptII/lib/ptCal.jar:/home/travis/build/icyphy/ptII/lib/java_cup.jar:/home/travis/build/icyphy/ptII/lib/saxon8.jar:/home/travis/build/icyphy/ptII/lib/saxon8-dom.jar:/home/travis/build/icyphy/ptII/lib/chic.jar:/home/travis/build/icyphy/ptII/lib/ptcolt.jar:/home/travis/build/icyphy/ptII/vendors/misc/itext/iText.jar:/home/travis/build/icyphy/ptII/lib/g4ltl.jar:/home/travis/build/icyphy/ptII/lib/StructuralCoder.jar:/home/travis/build/icyphy/ptII/lib/jcerti.jar:/home/travis/build/icyphy/ptII/lib/javax.mail.jar:/home/travis/build/icyphy/ptII/vendors/JMF-2.1.1e/lib/jmf.jar:/home/travis/build/icyphy/ptII/lib/jna-4.0.0-variadic.jar:/home/travis/build/icyphy/ptII/vendors/misc/joystick/Joystick.jar:/home/travis/build/icyphy/ptII/lib/ptjacl.jar:/home/travis/build/icyphy/ptII/lib/jsoup-1.8.2.jar:/home/travis/build/icyphy/ptII/lib/junit-4.8.2.jar:/home/travis/build/icyphy/ptII/lib/JUnitParams-0.4.0.jar:/home/travis/build/icyphy/ptII/ptolemy/actor/lib/excel/jxl.jar:/home/travis/build/icyphy/ptII/lib/jython.jar:/home/travis/build/icyphy/ptII/lib/kieler.jar:/home/travis/build/icyphy/ptII/vendors/opencv/share/OpenCV/java/opencv-341.jar:/home/travis/build/icyphy/ptII/lib/oscP5.jar:/home/travis/build/icyphy/ptII/lib/nrjavaserial-3.11.0.devel.jar:/home/travis/build/icyphy/ptII/vendors/j3d/lib/Linux/j3dcore.jar:/home/travis/build/icyphy/ptII/vendors/j3d/lib/Linux/j3dutils.jar:/home/travis/build/icyphy/ptII/vendors/j3d/lib/Linux/vecmath.jar:/home/travis/build/icyphy/ptII/vendors/jogl/lib/Linux/gluegen-rt-natives-linux-amd64.jar:/home/travis/build/icyphy/ptII/vendors/jogl/lib/Linux/gluegen-rt.jar:/home/travis/build/icyphy/ptII/vendors/jogl/lib/Linux/jogl-all-natives-linux-amd64.jar:/home/travis/build/icyphy/ptII/vendors/jogl/lib/Linux/jogl-all.jar:/home/travis/build/icyphy/ptII/ptolemy/distributed/jini/jar/jini-core.jar:/home/travis/build/icyphy/ptII/ptolemy/distributed/jini/jar/jini-ext.jar:/home/travis/build/icyphy/ptII/ptolemy/distributed/jini/jar/sun-util.jar:/home/travis/build/icyphy/ptII/lib/protobuf-java-2.4.1.jar:/home/travis/build/icyphy/ptII/lib/org.eclipse.paho.client.mqttv3.jar:/home/travis/build/icyphy/ptII/lib/mapss.jar:/home/travis/build/icyphy/ptII/ptolemy/actor/ptalon/antlr/antlr.jar:/home/travis/build/icyphy/ptII/lib/JRI.jar:/home/travis/build/icyphy/ptII/lib/commons-lang-2.6.jar:/home/travis/build/icyphy/ptII/lib/commons-logging-1.1.1.jar:/home/travis/build/icyphy/ptII/lib/sootclasses.jar:/home/travis/build/icyphy/ptII/ptolemy/actor/lib/database/mysql-connector-java-5.1.6-bin.jar:/home/travis/build/icyphy/ptII/vendors/misc/sphinx4/sphinx4-data-5prealpha.jar:/home/travis/build/icyphy/ptII/vendors/misc/sphinx4/sphinx4-core-5prealpha.jar:/home/travis/build/icyphy/ptII/lib/PDFRenderer.jar:/home/travis/build/icyphy/ptII/lib/svgSalamander.jar:/home/travis/build/icyphy/ptII/lib/rsyntaxtextarea-2.6.0-SNAPSHOT.jar:/home/travis/build/icyphy/ptII/lib/hazelcast-3.8.2.jar:/home/travis/build/icyphy/ptII/lib/jackson-annotations-2.9.0.jar:/home/travis/build/icyphy/ptII/lib/jackson-core-2.9.3.jar:/home/travis/build/icyphy/ptII/lib/jackson-databind-2.9.3.jar:/home/travis/build/icyphy/ptII/lib/netty-buffer-4.1.19.Final.jar:/home/travis/build/icyphy/ptII/lib/netty-codec-4.1.19.Final.jar:/home/travis/build/icyphy/ptII/lib/netty-codec-dns-4.1.19.Final.jar:/home/travis/build/icyphy/ptII/lib/netty-codec-http-4.1.19.Final.jar:/home/travis/build/icyphy/ptII/lib/netty-codec-http2-4.1.19.Final.jar:/home/travis/build/icyphy/ptII/lib/netty-common-4.1.19.Final.jar:/home/travis/build/icyphy/ptII/lib/netty-handler-4.1.19.Final.jar:/home/travis/build/icyphy/ptII/lib/netty-resolver-4.1.19.Final.jar:/home/travis/build/icyphy/ptII/lib/netty-resolver-dns-4.1.19.Final.jar:/home/travis/build/icyphy/ptII/lib/netty-transport-4.1.19.Final.jar:/home/travis/build/icyphy/ptII/lib/vertx-codegen-3.5.1.jar:/home/travis/build/icyphy/ptII/lib/vertx-core-3.5.2-SNAPSHOT.jar:/home/travis/build/icyphy/ptII/lib/vertx-hazelcast-3.5.1.jar:/home/travis/build/icyphy/ptII/lib/vertx-lang-js-3.5.1.jar:/home/travis/build/icyphy/ptII/lib/vertx-service-proxy-3.5.1.jar:/home/travis/build/icyphy/ptII/lib/vertx-web-3.5.1.jar:/home/travis/build/icyphy/ptII/lib/slf4j-api-1.7.13.jar:/home/travis/build/icyphy/ptII/lib/slf4j-simple-1.7.13.jar:/home/travis/build/icyphy/ptII/lib/webcam-capture-0.3.12.jar:/home/travis/build/icyphy/ptII/lib/bridj-0.7.0.jar:/home/travis/build/icyphy/ptII/lib/xbjlib-1.1.0.nrjavaserial.jar:/home/travis/build/icyphy/ptII/ptolemy/moml/test:/home/travis/build/icyphy/ptII/ant/lib/ant-launcher.jar:/home/travis/build/icyphy/ptII/ant/lib/ant.jar:/home/travis/build/icyphy/ptII/ant/lib/ant-junit.jar:/home/travis/build/icyphy/ptII/ant/lib/ant-junit4.jar" />
    <property name="ant.library.dir" value="/home/travis/build/icyphy/ptII/ant/lib" />
    <property name="os.arch" value="amd64" />
    <property name="env.CONTINUOUS_INTEGRATION" value="true" />
    <property name="env.TRAVIS_LANGUAGE" value="node_js" />
    <property name="env.TRAVIS_STACK_LANGUAGES" value="__sardonyx__ c c++ clojure cplusplus cpp default generic go groovy java node_js php pure_java python ruby scala" />
    <property name="test.name" value="ptolemy.actor.lib.test.junit.JUnitTclTest" />
    <property name="env.APT_KEY_DONT_WARN_ON_DANGEROUS_USAGE" value="1" />
    <property name="sun.java.launcher" value="SUN_STANDARD" />
    <property name="env.PYTHON_CONFIGURE_OPTS" value="--enable-unicode=ucs4 --with-wide-unicode --enable-shared --enable-ipv6 --enable-loadable-sqlite-extensions --with-computed-gotos" />
    <property name="ant.core.lib" value="/home/travis/build/icyphy/ptII/ant/lib/ant.jar" />
    <property name="java.vm.specification.vendor" value="Oracle Corporation" />
    <property name="env.BCVTB_HOME" value="/home/travis/build/icyphy/ptII/lbnl" />
    <property name="file.separator" value="/" />
    <property name="spotbugs.home" value="/home/travis/build/icyphy/ptII/vendors/spotbugs-3.1.1" />
    <property name="java.runtime.version" value="11.0.2+9" />
    <property name="env.ANSI_CLEAR" value="\033[0K" />
    <property name="javafx.verbose" value="true" />
    <property name="env.HAS_JOSH_K_SEAL_OF_APPROVAL" value="true" />
    <property name="env.XDG_RUNTIME_DIR" value="/run/user/2000" />
    <property name="env.TRAVIS_OSX_IMAGE" value="" />
    <property name="env.TRAVIS_JOB_ID" value="619964418" />
    <property name="env.TRAVIS_BRANCH" value="master" />
    <property name="user.country" value="US" />
    <property name="env.CERTI_HOME_TRAVIS" value="/home/travis/pthla/certi-tools" />
    <property name="env.SHELL" value="/bin/bash" />
    <property name="java.maxmemory.large" value="3200m" />
    <property name="model" value="" />
    <property name="env.CASHER_DIR" value="/home/travis/.casher" />
    <property name="env.NVM_CD_FLAGS" value="" />
    <property name="java.vendor.version" value="18.9" />
    <property name="jshint.executable" value="/home/travis/node_modules/jshint/bin/jshint" />
    <property name="env.JRUBY_OPTS" value=" --client -J-XX:+TieredCompilation -J-XX:TieredStopAtLevel=1 -J-Xss2m -Xcompile.invokedynamic=false" />
    <property name="java.vendor" value="Oracle Corporation" />
    <property name="env.TRAVIS_PRE_CHEF_BOOTSTRAP_TIME" value="2019-03-25T16:16:42" />
    <property name="env.TRAVIS_STACK_JOB_BOARD_REGISTER" value="/.job-board-register.yml" />
    <property name="env.ANSI_RED" value="\033[31;1m" />
    <property name="java.specification.version" value="11" />
    <property name="env.IRBRC" value="/home/travis/.rvm/rubies/ruby-2.5.3/.irbrc" />
    <property name="env.TRAVIS" value="true" />
    <property name="sun.arch.data.model" value="64" />
  </properties>
  <testcase classname="ptolemy.util.test.junit.TclTests" name="[0] /home/travis/build/icyphy/ptII/ptolemy/actor/lib/test/AbsoluteValue.tcl (RunTclFile)" time="0.559" />
  <testcase classname="ptolemy.util.test.junit.TclTests" name="[1] /home/travis/build/icyphy/ptII/ptolemy/actor/lib/test/AddSubtract.tcl (RunTclFile)" time="0.162" />
  <testcase classname="ptolemy.util.test.junit.TclTests" name="[2] /home/travis/build/icyphy/ptII/ptolemy/actor/lib/test/Average.tcl (RunTclFile)" time="0.035" />
  <testcase classname="ptolemy.util.test.junit.TclTests" name="[3] /home/travis/build/icyphy/ptII/ptolemy/actor/lib/test/Bernoulli.tcl (RunTclFile)" time="0.031" />
  <testcase classname="ptolemy.util.test.junit.TclTests" name="[4] /home/travis/build/icyphy/ptII/ptolemy/actor/lib/test/Clock.tcl (RunTclFile)" time="0.107" />
  <testcase classname="ptolemy.util.test.junit.TclTests" name="[5] /home/travis/build/icyphy/ptII/ptolemy/actor/lib/test/Commutator.tcl (RunTclFile)" time="0.181" />
  <testcase classname="ptolemy.util.test.junit.TclTests" name="[6] /home/travis/build/icyphy/ptII/ptolemy/actor/lib/test/Const.tcl (RunTclFile)" time="0.082" />
  <testcase classname="ptolemy.util.test.junit.TclTests" name="[7] /home/travis/build/icyphy/ptII/ptolemy/actor/lib/test/CurrentTime.tcl (RunTclFile)" time="0.022" />
  <testcase classname="ptolemy.util.test.junit.TclTests" name="[8] /home/travis/build/icyphy/ptII/ptolemy/actor/lib/test/DB.tcl (RunTclFile)" time="0.06" />
  <testcase classname="ptolemy.util.test.junit.TclTests" name="[9] /home/travis/build/icyphy/ptII/ptolemy/actor/lib/test/DiscreteRandomSource.tcl (RunTclFile)" time="0.023" />
  <testcase classname="ptolemy.util.test.junit.TclTests" name="[10] /home/travis/build/icyphy/ptII/ptolemy/actor/lib/test/Distributor.tcl (RunTclFile)" time="0.072" />
  <testcase classname="ptolemy.util.test.junit.TclTests" name="[11] /home/travis/build/icyphy/ptII/ptolemy/actor/lib/test/Exit.tcl (RunTclFile)" time="0.133" />
  <testcase classname="ptolemy.util.test.junit.TclTests" name="[12] /home/travis/build/icyphy/ptII/ptolemy/actor/lib/test/Expression.tcl (RunTclFile)" time="0.141" />
  <testcase classname="ptolemy.util.test.junit.TclTests" name="[13] /home/travis/build/icyphy/ptII/ptolemy/actor/lib/test/Gaussian.tcl (RunTclFile)" time="0.669" />
  <testcase classname="ptolemy.util.test.junit.TclTests" name="[14] /home/travis/build/icyphy/ptII/ptolemy/actor/lib/test/IIR.tcl (RunTclFile)" time="0.053" />
  <testcase classname="ptolemy.util.test.junit.TclTests" name="[15] /home/travis/build/icyphy/ptII/ptolemy/actor/lib/test/Interpolator.tcl (RunTclFile)" time="0.071" />
  <testcase classname="ptolemy.util.test.junit.TclTests" name="[16] /home/travis/build/icyphy/ptII/ptolemy/actor/lib/test/MathFunction.tcl (RunTclFile)" time="0.084" />
  <testcase classname="ptolemy.util.test.junit.TclTests" name="[17] /home/travis/build/icyphy/ptII/ptolemy/actor/lib/test/Maximum.tcl (RunTclFile)" time="0.044" />
  <testcase classname="ptolemy.util.test.junit.TclTests" name="[18] /home/travis/build/icyphy/ptII/ptolemy/actor/lib/test/Minimum.tcl (RunTclFile)" time="0.035" />
  <testcase classname="ptolemy.util.test.junit.TclTests" name="[19] /home/travis/build/icyphy/ptII/ptolemy/actor/lib/test/MultiplyDivide.tcl (RunTclFile)" time="0.037" />
  <testcase classname="ptolemy.util.test.junit.TclTests" name="[20] /home/travis/build/icyphy/ptII/ptolemy/actor/lib/test/OrderedMerge.tcl (RunTclFile)" time="0.13" />
  <testcase classname="ptolemy.util.test.junit.TclTests" name="[21] /home/travis/build/icyphy/ptII/ptolemy/actor/lib/test/Publisher.tcl (RunTclFile)" time="0.784" />
  <testcase classname="ptolemy.util.test.junit.TclTests" name="[22] /home/travis/build/icyphy/ptII/ptolemy/actor/lib/test/Pulse.tcl (RunTclFile)" time="0.067" />
  <testcase classname="ptolemy.util.test.junit.TclTests" name="[23] /home/travis/build/icyphy/ptII/ptolemy/actor/lib/test/Ramp.tcl (RunTclFile)" time="2.219" />
  <testcase classname="ptolemy.util.test.junit.TclTests" name="[24] /home/travis/build/icyphy/ptII/ptolemy/actor/lib/test/RampContinuous.tcl (RunTclFile)" time="0.016" />
  <testcase classname="ptolemy.util.test.junit.TclTests" name="[25] /home/travis/build/icyphy/ptII/ptolemy/actor/lib/test/RecordAssembler.tcl (RunTclFile)" time="0.017" />
  <testcase classname="ptolemy.util.test.junit.TclTests" name="[26] /home/travis/build/icyphy/ptII/ptolemy/actor/lib/test/RecordDisassembler.tcl (RunTclFile)" time="0.022" />
  <testcase classname="ptolemy.util.test.junit.TclTests" name="[27] /home/travis/build/icyphy/ptII/ptolemy/actor/lib/test/Scale.tcl (RunTclFile)" time="0.018" />
  <testcase classname="ptolemy.util.test.junit.TclTests" name="[28] /home/travis/build/icyphy/ptII/ptolemy/actor/lib/test/SequentialClock.tcl (RunTclFile)" time="0.013" />
  <testcase classname="ptolemy.util.test.junit.TclTests" name="[29] /home/travis/build/icyphy/ptII/ptolemy/actor/lib/test/SetVariable.tcl (RunTclFile)" time="0.024">
    <failure message="Number of failed tests is has increased. expected:&lt;0&gt; but was:&lt;1&gt;" type="junit.framework.AssertionFailedError">junit.framework.AssertionFailedError: Number of failed tests is has increased. expected:&lt;0&gt; but was:&lt;1&gt;
	at ptolemy.util.test.junit.TclTests.RunTclFile(TclTests.java:286)
	at jdk.internal.reflect.GeneratedMethodAccessor19.invoke(Unknown Source)
	at java.base/jdk.internal.reflect.DelegatingMethodAccessorImpl.invoke(DelegatingMethodAccessorImpl.java:43)
	at junitparams.internal.InvokeParameterisedMethod.evaluate(InvokeParameterisedMethod.java:102)
	at junitparams.internal.ParameterisedTestMethodRunner.runMethodInvoker(ParameterisedTestMethodRunner.java:47)
	at junitparams.internal.ParameterisedTestMethodRunner.runTestMethod(ParameterisedTestMethodRunner.java:41)
	at junitparams.internal.ParameterisedTestClassRunner.runParameterisedTest(ParameterisedTestClassRunner.java:143)
	at junitparams.JUnitParamsRunner.runChild(JUnitParamsRunner.java:237)
	at junitparams.JUnitParamsRunner.runChild(JUnitParamsRunner.java:215)
</failure>
  </testcase>
  <testcase classname="ptolemy.util.test.junit.TclTests" name="[30] /home/travis/build/icyphy/ptII/ptolemy/actor/lib/test/Sinewave.tcl (RunTclFile)" time="0.037" />
  <testcase classname="ptolemy.util.test.junit.TclTests" name="[31] /home/travis/build/icyphy/ptII/ptolemy/actor/lib/test/SubscriptionAggregator.tcl (RunTclFile)" time="2.283" />
  <testcase classname="ptolemy.util.test.junit.TclTests" name="[32] /home/travis/build/icyphy/ptII/ptolemy/actor/lib/test/Test.tcl (RunTclFile)" time="0.071" />
  <testcase classname="ptolemy.util.test.junit.TclTests" name="[33] /home/travis/build/icyphy/ptII/ptolemy/actor/lib/test/TestExceptionHandler.tcl (RunTclFile)" time="0.01" />
  <testcase classname="ptolemy.util.test.junit.TclTests" name="[34] /home/travis/build/icyphy/ptII/ptolemy/actor/lib/test/UnionDisassembler.tcl (RunTclFile)" time="0.044" />
  <testcase classname="ptolemy.util.test.junit.TclTests" name="[35] /home/travis/build/icyphy/ptII/ptolemy/actor/lib/test/VariableClock.tcl (RunTclFile)" time="0.014" />
  <testcase classname="ptolemy.util.test.junit.AutoKnownFailedTests" name="[0] /home/travis/build/icyphy/ptII/ptolemy/actor/lib/test/auto/knownFailedTests/PublisherPortToplevelSubscriber.xml (RunModel)" time="0.026" />
  <testcase classname="ptolemy.util.test.junit.AutoKnownFailedTests" name="[1] /home/travis/build/icyphy/ptII/ptolemy/actor/lib/test/auto/knownFailedTests/PublisherSubscriberPortToplevel.xml (RunModel)" time="0.021" />
  <testcase classname="ptolemy.util.test.junit.AutoKnownFailedTests" name="[2] /home/travis/build/icyphy/ptII/ptolemy/actor/lib/test/auto/knownFailedTests/PublisherSubscriptionAggregatorPort.xml (RunModel)" time="0.022" />
  <testcase classname="ptolemy.util.test.junit.AutoKnownFailedTests" name="[3] /home/travis/build/icyphy/ptII/ptolemy/actor/lib/test/auto/knownFailedTests/sizedarray3.xml (RunModel)" time="0.025" />
  <testcase classname="ptolemy.util.test.junit.AutoNameArchTests" name="[0] ThereAreNoAutoArchTests (RunModel)" time="0.005" />
  <testcase classname="ptolemy.util.test.junit.AutoTests" name="[0] /home/travis/build/icyphy/ptII/ptolemy/actor/lib/test/auto/AbsoluteValue.xml (RunModel)" time="0.103" />
  <testcase classname="ptolemy.util.test.junit.AutoTests" name="[1] /home/travis/build/icyphy/ptII/ptolemy/actor/lib/test/auto/AbsoluteValue2.xml (RunModel)" time="0.048" />
  <testcase classname="ptolemy.util.test.junit.AutoTests" name="[2] /home/travis/build/icyphy/ptII/ptolemy/actor/lib/test/auto/Accumulator.xml (RunModel)" time="0.05" />
  <testcase classname="ptolemy.util.test.junit.AutoTests" name="[3] /home/travis/build/icyphy/ptII/ptolemy/actor/lib/test/auto/Accumulator2.xml (RunModel)" time="0.059" />
  <testcase classname="ptolemy.util.test.junit.AutoTests" name="[4] /home/travis/build/icyphy/ptII/ptolemy/actor/lib/test/auto/Accumulator3.xml (RunModel)" time="0.028" />
  <testcase classname="ptolemy.util.test.junit.AutoTests" name="[5] /home/travis/build/icyphy/ptII/ptolemy/actor/lib/test/auto/ArrayAppend.xml (RunModel)" time="0.023" />
  <testcase classname="ptolemy.util.test.junit.AutoTests" name="[6] /home/travis/build/icyphy/ptII/ptolemy/actor/lib/test/auto/ArrayAppend2.xml (RunModel)" time="0.508" />
  <testcase classname="ptolemy.util.test.junit.AutoTests" name="[7] /home/travis/build/icyphy/ptII/ptolemy/actor/lib/test/auto/ArrayAppend3.xml (RunModel)" time="0.041" />
  <testcase classname="ptolemy.util.test.junit.AutoTests" name="[8] /home/travis/build/icyphy/ptII/ptolemy/actor/lib/test/auto/ArrayAppend4.xml (RunModel)" time="0.015" />
  <testcase classname="ptolemy.util.test.junit.AutoTests" name="[9] /home/travis/build/icyphy/ptII/ptolemy/actor/lib/test/auto/ArrayAppend5.xml (RunModel)" time="0.017" />
  <testcase classname="ptolemy.util.test.junit.AutoTests" name="[10] /home/travis/build/icyphy/ptII/ptolemy/actor/lib/test/auto/ArrayAppend6.xml (RunModel)" time="0.024" />
  <testcase classname="ptolemy.util.test.junit.AutoTests" name="[11] /home/travis/build/icyphy/ptII/ptolemy/actor/lib/test/auto/ArrayAppendPerformanceTest.xml (RunModel)" time="0.062" />
  <testcase classname="ptolemy.util.test.junit.AutoTests" name="[12] /home/travis/build/icyphy/ptII/ptolemy/actor/lib/test/auto/ArrayAppendWithEmptyInput.xml (RunModel)" time="0.031" />
  <testcase classname="ptolemy.util.test.junit.AutoTests" name="[13] /home/travis/build/icyphy/ptII/ptolemy/actor/lib/test/auto/ArrayAverage.xml (RunModel)" time="0.052" />
  <testcase classname="ptolemy.util.test.junit.AutoTests" name="[14] /home/travis/build/icyphy/ptII/ptolemy/actor/lib/test/auto/ArrayContains.xml (RunModel)" time="0.045" />
  <testcase classname="ptolemy.util.test.junit.AutoTests" name="[15] /home/travis/build/icyphy/ptII/ptolemy/actor/lib/test/auto/ArrayElement.xml (RunModel)" time="0.032" />
  <testcase classname="ptolemy.util.test.junit.AutoTests" name="[16] /home/travis/build/icyphy/ptII/ptolemy/actor/lib/test/auto/ArrayElementAsMatrix.xml (RunModel)" time="0.061" />
  <testcase classname="ptolemy.util.test.junit.AutoTests" name="[17] /home/travis/build/icyphy/ptII/ptolemy/actor/lib/test/auto/ArrayElementI.xml (RunModel)" time="0.04" />
  <testcase classname="ptolemy.util.test.junit.AutoTests" name="[18] /home/travis/build/icyphy/ptII/ptolemy/actor/lib/test/auto/ArrayExtract.xml (RunModel)" time="0.019" />
  <testcase classname="ptolemy.util.test.junit.AutoTests" name="[19] /home/travis/build/icyphy/ptII/ptolemy/actor/lib/test/auto/ArrayExtract2.xml (RunModel)" time="0.016" />
  <testcase classname="ptolemy.util.test.junit.AutoTests" name="[20] /home/travis/build/icyphy/ptII/ptolemy/actor/lib/test/auto/ArrayLength.xml (RunModel)" time="0.017" />
  <testcase classname="ptolemy.util.test.junit.AutoTests" name="[21] /home/travis/build/icyphy/ptII/ptolemy/actor/lib/test/auto/ArrayLevelCrossing.xml (RunModel)" time="0.034" />
  <testcase classname="ptolemy.util.test.junit.AutoTests" name="[22] /home/travis/build/icyphy/ptII/ptolemy/actor/lib/test/auto/ArrayLevelCrossing2.xml (RunModel)" time="0.043" />
  <testcase classname="ptolemy.util.test.junit.AutoTests" name="[23] /home/travis/build/icyphy/ptII/ptolemy/actor/lib/test/auto/ArrayPeakSearch.xml (RunModel)" time="0.039" />
  <testcase classname="ptolemy.util.test.junit.AutoTests" name="[24] /home/travis/build/icyphy/ptII/ptolemy/actor/lib/test/auto/ArrayPeakSearch2.xml (RunModel)" time="0.037" />
  <testcase classname="ptolemy.util.test.junit.AutoTests" name="[25] /home/travis/build/icyphy/ptII/ptolemy/actor/lib/test/auto/ArrayPeakSearch3.xml (RunModel)" time="0.035" />
  <testcase classname="ptolemy.util.test.junit.AutoTests" name="[26] /home/travis/build/icyphy/ptII/ptolemy/actor/lib/test/auto/ArrayRemoveElement.xml (RunModel)" time="0.029" />
  <testcase classname="ptolemy.util.test.junit.AutoTests" name="[27] /home/travis/build/icyphy/ptII/ptolemy/actor/lib/test/auto/ArraySort.xml (RunModel)" time="0.033" />
  <testcase classname="ptolemy.util.test.junit.AutoTests" name="[28] /home/travis/build/icyphy/ptII/ptolemy/actor/lib/test/auto/ArraySum.xml (RunModel)" time="0.024" />
  <testcase classname="ptolemy.util.test.junit.AutoTests" name="[29] /home/travis/build/icyphy/ptII/ptolemy/actor/lib/test/auto/ArrayToElements.xml (RunModel)" time="0.014" />
  <testcase classname="ptolemy.util.test.junit.AutoTests" name="[30] /home/travis/build/icyphy/ptII/ptolemy/actor/lib/test/auto/ArrayToMatrix.xml (RunModel)" time="0.045" />
  <testcase classname="ptolemy.util.test.junit.AutoTests" name="[31] /home/travis/build/icyphy/ptII/ptolemy/actor/lib/test/auto/ArrayUpdate1.xml (RunModel)" time="0.015" />
  <testcase classname="ptolemy.util.test.junit.AutoTests" name="[32] /home/travis/build/icyphy/ptII/ptolemy/actor/lib/test/auto/ArrayUpdate2.xml (RunModel)" time="0.016" />
  <testcase classname="ptolemy.util.test.junit.AutoTests" name="[33] /home/travis/build/icyphy/ptII/ptolemy/actor/lib/test/auto/ArrayUpdate3.xml (RunModel)" time="0.019" />
  <testcase classname="ptolemy.util.test.junit.AutoTests" name="[34] /home/travis/build/icyphy/ptII/ptolemy/actor/lib/test/auto/Assert1.xml (RunModel)" time="0.025" />
  <testcase classname="ptolemy.util.test.junit.AutoTests" name="[35] /home/travis/build/icyphy/ptII/ptolemy/actor/lib/test/auto/Assert2.xml (RunModel)" time="0.016" />
  <testcase classname="ptolemy.util.test.junit.AutoTests" name="[36] /home/travis/build/icyphy/ptII/ptolemy/actor/lib/test/auto/BooleanMultiplexor.xml (RunModel)" time="0.015" />
  <testcase classname="ptolemy.util.test.junit.AutoTests" name="[37] /home/travis/build/icyphy/ptII/ptolemy/actor/lib/test/auto/BooleanMultiplexor2.xml (RunModel)" time="0.026" />
  <testcase classname="ptolemy.util.test.junit.AutoTests" name="[38] /home/travis/build/icyphy/ptII/ptolemy/actor/lib/test/auto/BooleanMultiplexor3.xml (RunModel)" time="0.024" />
  <testcase classname="ptolemy.util.test.junit.AutoTests" name="[39] /home/travis/build/icyphy/ptII/ptolemy/actor/lib/test/auto/BooleanSelect.xml (RunModel)" time="0.027" />
  <testcase classname="ptolemy.util.test.junit.AutoTests" name="[40] /home/travis/build/icyphy/ptII/ptolemy/actor/lib/test/auto/BooleanSelect2.xml (RunModel)" time="0.013" />
  <testcase classname="ptolemy.util.test.junit.AutoTests" name="[41] /home/travis/build/icyphy/ptII/ptolemy/actor/lib/test/auto/BooleanSwitch.xml (RunModel)" time="0.029" />
  <testcase classname="ptolemy.util.test.junit.AutoTests" name="[42] /home/travis/build/icyphy/ptII/ptolemy/actor/lib/test/auto/BooleanSwitch2.xml (RunModel)" time="0.014" />
  <testcase classname="ptolemy.util.test.junit.AutoTests" name="[43] /home/travis/build/icyphy/ptII/ptolemy/actor/lib/test/auto/BooleanSwitchCloningBugWithClassRelationGroup.xml (RunModel)" time="0.028" />
  <testcase classname="ptolemy.util.test.junit.AutoTests" name="[44] /home/travis/build/icyphy/ptII/ptolemy/actor/lib/test/auto/BusActors.xml (RunModel)" time="0.037" />
  <testcase classname="ptolemy.util.test.junit.AutoTests" name="[45] /home/travis/build/icyphy/ptII/ptolemy/actor/lib/test/auto/ClassWrapper.xml (RunModel)" time="0.011" />
  <testcase classname="ptolemy.util.test.junit.AutoTests" name="[46] /home/travis/build/icyphy/ptII/ptolemy/actor/lib/test/auto/Clock.xml (RunModel)" time="0.009" />
  <testcase classname="ptolemy.util.test.junit.AutoTests" name="[47] /home/travis/build/icyphy/ptII/ptolemy/actor/lib/test/auto/Clock10.xml (RunModel)" time="0.054" />
  <testcase classname="ptolemy.util.test.junit.AutoTests" name="[48] /home/travis/build/icyphy/ptII/ptolemy/actor/lib/test/auto/Clock11.xml (RunModel)" time="0.023" />
  <testcase classname="ptolemy.util.test.junit.AutoTests" name="[49] /home/travis/build/icyphy/ptII/ptolemy/actor/lib/test/auto/Clock12.xml (RunModel)" time="0.02" />
  <testcase classname="ptolemy.util.test.junit.AutoTests" name="[50] /home/travis/build/icyphy/ptII/ptolemy/actor/lib/test/auto/Clock13.xml (RunModel)" time="0.018" />
  <testcase classname="ptolemy.util.test.junit.AutoTests" name="[51] /home/travis/build/icyphy/ptII/ptolemy/actor/lib/test/auto/Clock14.xml (RunModel)" time="0.027" />
  <testcase classname="ptolemy.util.test.junit.AutoTests" name="[52] /home/travis/build/icyphy/ptII/ptolemy/actor/lib/test/auto/Clock15.xml (RunModel)" time="0.03" />
  <testcase classname="ptolemy.util.test.junit.AutoTests" name="[53] /home/travis/build/icyphy/ptII/ptolemy/actor/lib/test/auto/Clock16.xml (RunModel)" time="0.104" />
  <testcase classname="ptolemy.util.test.junit.AutoTests" name="[54] /home/travis/build/icyphy/ptII/ptolemy/actor/lib/test/auto/Clock17.xml (RunModel)" time="0.062" />
  <testcase classname="ptolemy.util.test.junit.AutoTests" name="[55] /home/travis/build/icyphy/ptII/ptolemy/actor/lib/test/auto/Clock18.xml (RunModel)" time="0.047" />
  <testcase classname="ptolemy.util.test.junit.AutoTests" name="[56] /home/travis/build/icyphy/ptII/ptolemy/actor/lib/test/auto/Clock19.xml (RunModel)" time="0.046" />
  <testcase classname="ptolemy.util.test.junit.AutoTests" name="[57] /home/travis/build/icyphy/ptII/ptolemy/actor/lib/test/auto/Clock2.xml (RunModel)" time="0.015" />
  <testcase classname="ptolemy.util.test.junit.AutoTests" name="[58] /home/travis/build/icyphy/ptII/ptolemy/actor/lib/test/auto/Clock20.xml (RunModel)" time="0.018" />
  <testcase classname="ptolemy.util.test.junit.AutoTests" name="[59] /home/travis/build/icyphy/ptII/ptolemy/actor/lib/test/auto/Clock21.xml (RunModel)" time="0.016" />
  <testcase classname="ptolemy.util.test.junit.AutoTests" name="[60] /home/travis/build/icyphy/ptII/ptolemy/actor/lib/test/auto/Clock22.xml (RunModel)" time="0.017" />
  <testcase classname="ptolemy.util.test.junit.AutoTests" name="[61] /home/travis/build/icyphy/ptII/ptolemy/actor/lib/test/auto/Clock23.xml (RunModel)" time="0.018" />
  <testcase classname="ptolemy.util.test.junit.AutoTests" name="[62] /home/travis/build/icyphy/ptII/ptolemy/actor/lib/test/auto/Clock24.xml (RunModel)" time="0.021" />
  <testcase classname="ptolemy.util.test.junit.AutoTests" name="[63] /home/travis/build/icyphy/ptII/ptolemy/actor/lib/test/auto/Clock4.xml (RunModel)" time="0.014" />
  <testcase classname="ptolemy.util.test.junit.AutoTests" name="[64] /home/travis/build/icyphy/ptII/ptolemy/actor/lib/test/auto/Clock5.xml (RunModel)" time="0.012" />
  <testcase classname="ptolemy.util.test.junit.AutoTests" name="[65] /home/travis/build/icyphy/ptII/ptolemy/actor/lib/test/auto/Clock6.xml (RunModel)" time="0.017" />
  <testcase classname="ptolemy.util.test.junit.AutoTests" name="[66] /home/travis/build/icyphy/ptII/ptolemy/actor/lib/test/auto/Clock7.xml (RunModel)" time="0.01" />
  <testcase classname="ptolemy.util.test.junit.AutoTests" name="[67] /home/travis/build/icyphy/ptII/ptolemy/actor/lib/test/auto/Clock8.xml (RunModel)" time="0.017" />
  <testcase classname="ptolemy.util.test.junit.AutoTests" name="[68] /home/travis/build/icyphy/ptII/ptolemy/actor/lib/test/auto/Clock9.xml (RunModel)" time="0.017" />
  <testcase classname="ptolemy.util.test.junit.AutoTests" name="[69] /home/travis/build/icyphy/ptII/ptolemy/actor/lib/test/auto/CommDistDiscard.xml (RunModel)" time="0.025" />
  <testcase classname="ptolemy.util.test.junit.AutoTests" name="[70] /home/travis/build/icyphy/ptII/ptolemy/actor/lib/test/auto/Commutator.xml (RunModel)" time="0.017" />
  <testcase classname="ptolemy.util.test.junit.AutoTests" name="[71] /home/travis/build/icyphy/ptII/ptolemy/actor/lib/test/auto/Commutator2.xml (RunModel)" time="0.011" />
  <testcase classname="ptolemy.util.test.junit.AutoTests" name="[72] /home/travis/build/icyphy/ptII/ptolemy/actor/lib/test/auto/Commutator3.xml (RunModel)" time="0.013" />
  <testcase classname="ptolemy.util.test.junit.AutoTests" name="[73] /home/travis/build/icyphy/ptII/ptolemy/actor/lib/test/auto/Compare.xml (RunModel)" time="0.022" />
  <testcase classname="ptolemy.util.test.junit.AutoTests" name="[74] /home/travis/build/icyphy/ptII/ptolemy/actor/lib/test/auto/CompareDE.xml (RunModel)" time="0.021" />
  <testcase classname="ptolemy.util.test.junit.AutoTests" name="[75] /home/travis/build/icyphy/ptII/ptolemy/actor/lib/test/auto/ComplexDivide.xml (RunModel)" time="0.009" />
  <testcase classname="ptolemy.util.test.junit.AutoTests" name="[76] /home/travis/build/icyphy/ptII/ptolemy/actor/lib/test/auto/ComputeHistogram.xml (RunModel)" time="0.077" />
  <testcase classname="ptolemy.util.test.junit.AutoTests" name="[77] /home/travis/build/icyphy/ptII/ptolemy/actor/lib/test/auto/ConfigurationSelect.xml (RunModel)" time="0.023" />
  <testcase classname="ptolemy.util.test.junit.AutoTests" name="[78] /home/travis/build/icyphy/ptII/ptolemy/actor/lib/test/auto/ConfigurationSelect2.xml (RunModel)" time="0.017" />
  <testcase classname="ptolemy.util.test.junit.AutoTests" name="[79] /home/travis/build/icyphy/ptII/ptolemy/actor/lib/test/auto/ConfigurationSwitch.xml (RunModel)" time="0.025" />
  <testcase classname="ptolemy.util.test.junit.AutoTests" name="[80] /home/travis/build/icyphy/ptII/ptolemy/actor/lib/test/auto/ConfigurationSwitch2.xml (RunModel)" time="0.047" />
  <testcase classname="ptolemy.util.test.junit.AutoTests" name="[81] /home/travis/build/icyphy/ptII/ptolemy/actor/lib/test/auto/ConfigurationSwitchCloningBugWithClassRelationGroup.xml (RunModel)" time="0.02" />
  <testcase classname="ptolemy.util.test.junit.AutoTests" name="[82] /home/travis/build/icyphy/ptII/ptolemy/actor/lib/test/auto/ConfigurationSwitchSelectSDF.xml (RunModel)" time="0.017" />
  <testcase classname="ptolemy.util.test.junit.AutoTests" name="[83] /home/travis/build/icyphy/ptII/ptolemy/actor/lib/test/auto/ConfigurationSwitchSelectSDF2.xml (RunModel)" time="0.016" />
  <testcase classname="ptolemy.util.test.junit.AutoTests" name="[84] /home/travis/build/icyphy/ptII/ptolemy/actor/lib/test/auto/Const.xml (RunModel)" time="0.008" />
  <testcase classname="ptolemy.util.test.junit.AutoTests" name="[85] /home/travis/build/icyphy/ptII/ptolemy/actor/lib/test/auto/Const2.xml (RunModel)" time="0.009" />
  <testcase classname="ptolemy.util.test.junit.AutoTests" name="[86] /home/travis/build/icyphy/ptII/ptolemy/actor/lib/test/auto/Const3.xml (RunModel)" time="0.014" />
  <testcase classname="ptolemy.util.test.junit.AutoTests" name="[87] /home/travis/build/icyphy/ptII/ptolemy/actor/lib/test/auto/ConstantPublisherPort1.xml (RunModel)" time="0.022" />
  <testcase classname="ptolemy.util.test.junit.AutoTests" name="[88] /home/travis/build/icyphy/ptII/ptolemy/actor/lib/test/auto/ConstantPublisherPort2.xml (RunModel)" time="0.023" />
  <testcase classname="ptolemy.util.test.junit.AutoTests" name="[89] /home/travis/build/icyphy/ptII/ptolemy/actor/lib/test/auto/ConstantPublisherPort3.xml (RunModel)" time="0.018" />
  <testcase classname="ptolemy.util.test.junit.AutoTests" name="[90] /home/travis/build/icyphy/ptII/ptolemy/actor/lib/test/auto/ConstantPublisherPort4.xml (RunModel)" time="0.015" />
  <testcase classname="ptolemy.util.test.junit.AutoTests" name="[91] /home/travis/build/icyphy/ptII/ptolemy/actor/lib/test/auto/ConstantPublisherPort5.xml (RunModel)" time="0.046" />
  <testcase classname="ptolemy.util.test.junit.AutoTests" name="[92] /home/travis/build/icyphy/ptII/ptolemy/actor/lib/test/auto/ConstantPublisherPort6.xml (RunModel)" time="0.034" />
  <testcase classname="ptolemy.util.test.junit.AutoTests" name="[93] /home/travis/build/icyphy/ptII/ptolemy/actor/lib/test/auto/ConstantPublisherPort7.xml (RunModel)" time="0.04" />
  <testcase classname="ptolemy.util.test.junit.AutoTests" name="[94] /home/travis/build/icyphy/ptII/ptolemy/actor/lib/test/auto/ConstraintMonitor1.xml (RunModel)" time="0.039" />
  <testcase classname="ptolemy.util.test.junit.AutoTests" name="[95] /home/travis/build/icyphy/ptII/ptolemy/actor/lib/test/auto/ConstraintMonitor2.xml (RunModel)" time="0.017" />
  <testcase classname="ptolemy.util.test.junit.AutoTests" name="[96] /home/travis/build/icyphy/ptII/ptolemy/actor/lib/test/auto/ConstraintMonitor3.xml (RunModel)" time="0.014" />
  <testcase classname="ptolemy.util.test.junit.AutoTests" name="[97] /home/travis/build/icyphy/ptII/ptolemy/actor/lib/test/auto/ConstraintMonitor4.xml (RunModel)" time="0.015" />
  <testcase classname="ptolemy.util.test.junit.AutoTests" name="[98] /home/travis/build/icyphy/ptII/ptolemy/actor/lib/test/auto/ConstraintMonitor5.xml (RunModel)" time="0.018" />
  <testcase classname="ptolemy.util.test.junit.AutoTests" name="[99] /home/travis/build/icyphy/ptII/ptolemy/actor/lib/test/auto/ConstraintMonitor6.xml (RunModel)" time="0.015" />
  <testcase classname="ptolemy.util.test.junit.AutoTests" name="[100] /home/travis/build/icyphy/ptII/ptolemy/actor/lib/test/auto/ConstraintMonitor7.xml (RunModel)" time="0.023" />
  <testcase classname="ptolemy.util.test.junit.AutoTests" name="[101] /home/travis/build/icyphy/ptII/ptolemy/actor/lib/test/auto/ConstraintMonitor8.xml (RunModel)" time="0.018" />
  <testcase classname="ptolemy.util.test.junit.AutoTests" name="[102] /home/travis/build/icyphy/ptII/ptolemy/actor/lib/test/auto/Counter.xml (RunModel)" time="0.012" />
  <testcase classname="ptolemy.util.test.junit.AutoTests" name="[103] /home/travis/build/icyphy/ptII/ptolemy/actor/lib/test/auto/CurrentTimeSDF.xml (RunModel)" time="0.009" />
  <testcase classname="ptolemy.util.test.junit.AutoTests" name="[104] /home/travis/build/icyphy/ptII/ptolemy/actor/lib/test/auto/DB.xml (RunModel)" time="0.012" />
  <testcase classname="ptolemy.util.test.junit.AutoTests" name="[105] /home/travis/build/icyphy/ptII/ptolemy/actor/lib/test/auto/DBDE.xml (RunModel)" time="0.016" />
  <testcase classname="ptolemy.util.test.junit.AutoTests" name="[106] /home/travis/build/icyphy/ptII/ptolemy/actor/lib/test/auto/DateConstructor.xml (RunModel)" time="0.074" />
  <testcase classname="ptolemy.util.test.junit.AutoTests" name="[107] /home/travis/build/icyphy/ptII/ptolemy/actor/lib/test/auto/DelayTime.xml (RunModel)" time="0.021" />
  <testcase classname="ptolemy.util.test.junit.AutoTests" name="[108] /home/travis/build/icyphy/ptII/ptolemy/actor/lib/test/auto/Dictionary1.xml (RunModel)" time="0.016" />
  <testcase classname="ptolemy.util.test.junit.AutoTests" name="[109] /home/travis/build/icyphy/ptII/ptolemy/actor/lib/test/auto/Dictionary2.xml (RunModel)" time="0.013" />
  <testcase classname="ptolemy.util.test.junit.AutoTests" name="[110] /home/travis/build/icyphy/ptII/ptolemy/actor/lib/test/auto/Dictionary3.xml (RunModel)" time="0.012" />
  <testcase classname="ptolemy.util.test.junit.AutoTests" name="[111] /home/travis/build/icyphy/ptII/ptolemy/actor/lib/test/auto/Dictionary4.xml (RunModel)" time="0.017" />
  <testcase classname="ptolemy.util.test.junit.AutoTests" name="[112] /home/travis/build/icyphy/ptII/ptolemy/actor/lib/test/auto/Differential.xml (RunModel)" time="0.014" />
  <testcase classname="ptolemy.util.test.junit.AutoTests" name="[113] /home/travis/build/icyphy/ptII/ptolemy/actor/lib/test/auto/Director.xml (RunModel)" time="0.011" />
  <testcase classname="ptolemy.util.test.junit.AutoTests" name="[114] /home/travis/build/icyphy/ptII/ptolemy/actor/lib/test/auto/DiscreteClock.xml (RunModel)" time="0.01" />
  <testcase classname="ptolemy.util.test.junit.AutoTests" name="[115] /home/travis/build/icyphy/ptII/ptolemy/actor/lib/test/auto/DiscreteClock10.xml (RunModel)" time="0.011" />
  <testcase classname="ptolemy.util.test.junit.AutoTests" name="[116] /home/travis/build/icyphy/ptII/ptolemy/actor/lib/test/auto/DiscreteClock11.xml (RunModel)" time="0.013" />
  <testcase classname="ptolemy.util.test.junit.AutoTests" name="[117] /home/travis/build/icyphy/ptII/ptolemy/actor/lib/test/auto/DiscreteClock12.xml (RunModel)" time="0.015" />
  <testcase classname="ptolemy.util.test.junit.AutoTests" name="[118] /home/travis/build/icyphy/ptII/ptolemy/actor/lib/test/auto/DiscreteClock13.xml (RunModel)" time="0.014" />
  <testcase classname="ptolemy.util.test.junit.AutoTests" name="[119] /home/travis/build/icyphy/ptII/ptolemy/actor/lib/test/auto/DiscreteClock14.xml (RunModel)" time="0.015" />
  <testcase classname="ptolemy.util.test.junit.AutoTests" name="[120] /home/travis/build/icyphy/ptII/ptolemy/actor/lib/test/auto/DiscreteClock15.xml (RunModel)" time="0.013" />
  <testcase classname="ptolemy.util.test.junit.AutoTests" name="[121] /home/travis/build/icyphy/ptII/ptolemy/actor/lib/test/auto/DiscreteClock16.xml (RunModel)" time="0.059" />
  <testcase classname="ptolemy.util.test.junit.AutoTests" name="[122] /home/travis/build/icyphy/ptII/ptolemy/actor/lib/test/auto/DiscreteClock17.xml (RunModel)" time="0.065" />
  <testcase classname="ptolemy.util.test.junit.AutoTests" name="[123] /home/travis/build/icyphy/ptII/ptolemy/actor/lib/test/auto/DiscreteClock18.xml (RunModel)" time="0.065" />
  <testcase classname="ptolemy.util.test.junit.AutoTests" name="[124] /home/travis/build/icyphy/ptII/ptolemy/actor/lib/test/auto/DiscreteClock19.xml (RunModel)" time="0.047" />
  <testcase classname="ptolemy.util.test.junit.AutoTests" name="[125] /home/travis/build/icyphy/ptII/ptolemy/actor/lib/test/auto/DiscreteClock2.xml (RunModel)" time="0.039" />
  <testcase classname="ptolemy.util.test.junit.AutoTests" name="[126] /home/travis/build/icyphy/ptII/ptolemy/actor/lib/test/auto/DiscreteClock20.xml (RunModel)" time="0.012" />
  <testcase classname="ptolemy.util.test.junit.AutoTests" name="[127] /home/travis/build/icyphy/ptII/ptolemy/actor/lib/test/auto/DiscreteClock21.xml (RunModel)" time="0.015" />
  <testcase classname="ptolemy.util.test.junit.AutoTests" name="[128] /home/travis/build/icyphy/ptII/ptolemy/actor/lib/test/auto/DiscreteClock22.xml (RunModel)" time="0.01" />
  <testcase classname="ptolemy.util.test.junit.AutoTests" name="[129] /home/travis/build/icyphy/ptII/ptolemy/actor/lib/test/auto/DiscreteClock23.xml (RunModel)" time="0.014" />
  <testcase classname="ptolemy.util.test.junit.AutoTests" name="[130] /home/travis/build/icyphy/ptII/ptolemy/actor/lib/test/auto/DiscreteClock24.xml (RunModel)" time="0.01" />
  <testcase classname="ptolemy.util.test.junit.AutoTests" name="[131] /home/travis/build/icyphy/ptII/ptolemy/actor/lib/test/auto/DiscreteClock4.xml (RunModel)" time="0.013" />
  <testcase classname="ptolemy.util.test.junit.AutoTests" name="[132] /home/travis/build/icyphy/ptII/ptolemy/actor/lib/test/auto/DiscreteClock5.xml (RunModel)" time="0.009" />
  <testcase classname="ptolemy.util.test.junit.AutoTests" name="[133] /home/travis/build/icyphy/ptII/ptolemy/actor/lib/test/auto/DiscreteClock6.xml (RunModel)" time="0.008" />
  <testcase classname="ptolemy.util.test.junit.AutoTests" name="[134] /home/travis/build/icyphy/ptII/ptolemy/actor/lib/test/auto/DiscreteClock7.xml (RunModel)" time="0.008" />
  <testcase classname="ptolemy.util.test.junit.AutoTests" name="[135] /home/travis/build/icyphy/ptII/ptolemy/actor/lib/test/auto/DiscreteClock8.xml (RunModel)" time="0.018" />
  <testcase classname="ptolemy.util.test.junit.AutoTests" name="[136] /home/travis/build/icyphy/ptII/ptolemy/actor/lib/test/auto/DiscreteClock9.xml (RunModel)" time="0.012" />
  <testcase classname="ptolemy.util.test.junit.AutoTests" name="[137] /home/travis/build/icyphy/ptII/ptolemy/actor/lib/test/auto/DisplayArray.xml (RunModel)" time="0.012" />
  <testcase classname="ptolemy.util.test.junit.AutoTests" name="[138] /home/travis/build/icyphy/ptII/ptolemy/actor/lib/test/auto/Distributor.xml (RunModel)" time="0.01" />
  <testcase classname="ptolemy.util.test.junit.AutoTests" name="[139] /home/travis/build/icyphy/ptII/ptolemy/actor/lib/test/auto/Distributor2.xml (RunModel)" time="0.009" />
  <testcase classname="ptolemy.util.test.junit.AutoTests" name="[140] /home/travis/build/icyphy/ptII/ptolemy/actor/lib/test/auto/DownSample.xml (RunModel)" time="0.009" />
  <testcase classname="ptolemy.util.test.junit.AutoTests" name="[141] /home/travis/build/icyphy/ptII/ptolemy/actor/lib/test/auto/ElectronicUnitBase1.xml (RunModel)" time="0.053" />
  <testcase classname="ptolemy.util.test.junit.AutoTests" name="[142] /home/travis/build/icyphy/ptII/ptolemy/actor/lib/test/auto/ElementsToArray.xml (RunModel)" time="0.01" />
  <testcase classname="ptolemy.util.test.junit.AutoTests" name="[143] /home/travis/build/icyphy/ptII/ptolemy/actor/lib/test/auto/Equals.xml (RunModel)" time="0.011" />
  <testcase classname="ptolemy.util.test.junit.AutoTests" name="[144] /home/travis/build/icyphy/ptII/ptolemy/actor/lib/test/auto/Exec.xml (RunModel)" time="0.034" />
  <testcase classname="ptolemy.util.test.junit.AutoTests" name="[145] /home/travis/build/icyphy/ptII/ptolemy/actor/lib/test/auto/ExecEnvironment.xml (RunModel)" time="0.039" />
  <testcase classname="ptolemy.util.test.junit.AutoTests" name="[146] /home/travis/build/icyphy/ptII/ptolemy/actor/lib/test/auto/ExecNonZeroReturnOutput.xml (RunModel)" time="0.201" />
  <testcase classname="ptolemy.util.test.junit.AutoTests" name="[147] /home/travis/build/icyphy/ptII/ptolemy/actor/lib/test/auto/ExecRunDemos.xml (RunModel)" time="10.744" />
  <testcase classname="ptolemy.util.test.junit.AutoTests" name="[148] /home/travis/build/icyphy/ptII/ptolemy/actor/lib/test/auto/ExecStop.xml (RunModel)" time="5.045" />
  <testcase classname="ptolemy.util.test.junit.AutoTests" name="[149] /home/travis/build/icyphy/ptII/ptolemy/actor/lib/test/auto/ExecutionTimeSDF.xml (RunModel)" time="6.039" />
  <testcase classname="ptolemy.util.test.junit.AutoTests" name="[150] /home/travis/build/icyphy/ptII/ptolemy/actor/lib/test/auto/Expression1.xml (RunModel)" time="0.025" />
  <testcase classname="ptolemy.util.test.junit.AutoTests" name="[151] /home/travis/build/icyphy/ptII/ptolemy/actor/lib/test/auto/Expression10.xml (RunModel)" time="0.028" />
  <testcase classname="ptolemy.util.test.junit.AutoTests" name="[152] /home/travis/build/icyphy/ptII/ptolemy/actor/lib/test/auto/Expression11.xml (RunModel)" time="0.011" />
  <testcase classname="ptolemy.util.test.junit.AutoTests" name="[153] /home/travis/build/icyphy/ptII/ptolemy/actor/lib/test/auto/Expression12.xml (RunModel)" time="0.019" />
  <testcase classname="ptolemy.util.test.junit.AutoTests" name="[154] /home/travis/build/icyphy/ptII/ptolemy/actor/lib/test/auto/Expression13.xml (RunModel)" time="0.015" />
  <testcase classname="ptolemy.util.test.junit.AutoTests" name="[155] /home/travis/build/icyphy/ptII/ptolemy/actor/lib/test/auto/Expression14.xml (RunModel)" time="0.017" />
  <testcase classname="ptolemy.util.test.junit.AutoTests" name="[156] /home/travis/build/icyphy/ptII/ptolemy/actor/lib/test/auto/Expression15.xml (RunModel)" time="0.015" />
  <testcase classname="ptolemy.util.test.junit.AutoTests" name="[157] /home/travis/build/icyphy/ptII/ptolemy/actor/lib/test/auto/Expression16.xml (RunModel)" time="0.015" />
  <testcase classname="ptolemy.util.test.junit.AutoTests" name="[158] /home/travis/build/icyphy/ptII/ptolemy/actor/lib/test/auto/Expression17.xml (RunModel)" time="0.013" />
  <testcase classname="ptolemy.util.test.junit.AutoTests" name="[159] /home/travis/build/icyphy/ptII/ptolemy/actor/lib/test/auto/Expression18.xml (RunModel)" time="0.014" />
  <testcase classname="ptolemy.util.test.junit.AutoTests" name="[160] /home/travis/build/icyphy/ptII/ptolemy/actor/lib/test/auto/Expression2.xml (RunModel)" time="0.011" />
  <testcase classname="ptolemy.util.test.junit.AutoTests" name="[161] /home/travis/build/icyphy/ptII/ptolemy/actor/lib/test/auto/Expression3.xml (RunModel)" time="0.013" />
  <testcase classname="ptolemy.util.test.junit.AutoTests" name="[162] /home/travis/build/icyphy/ptII/ptolemy/actor/lib/test/auto/Expression4.xml (RunModel)" time="0.016" />
  <testcase classname="ptolemy.util.test.junit.AutoTests" name="[163] /home/travis/build/icyphy/ptII/ptolemy/actor/lib/test/auto/Expression5.xml (RunModel)" time="0.013" />
  <testcase classname="ptolemy.util.test.junit.AutoTests" name="[164] /home/travis/build/icyphy/ptII/ptolemy/actor/lib/test/auto/Expression6.xml (RunModel)" time="0.009" />
  <testcase classname="ptolemy.util.test.junit.AutoTests" name="[165] /home/travis/build/icyphy/ptII/ptolemy/actor/lib/test/auto/Expression7.xml (RunModel)" time="0.012" />
  <testcase classname="ptolemy.util.test.junit.AutoTests" name="[166] /home/travis/build/icyphy/ptII/ptolemy/actor/lib/test/auto/Expression8.xml (RunModel)" time="0.014" />
  <testcase classname="ptolemy.util.test.junit.AutoTests" name="[167] /home/travis/build/icyphy/ptII/ptolemy/actor/lib/test/auto/Expression9.xml (RunModel)" time="0.008" />
  <testcase classname="ptolemy.util.test.junit.AutoTests" name="[168] /home/travis/build/icyphy/ptII/ptolemy/actor/lib/test/auto/ExpressionConcatenateArrayType.xml (RunModel)" time="0.03" />
  <testcase classname="ptolemy.util.test.junit.AutoTests" name="[169] /home/travis/build/icyphy/ptII/ptolemy/actor/lib/test/auto/ExpressionConcatenateArrayType2.xml (RunModel)" time="0.021" />
  <testcase classname="ptolemy.util.test.junit.AutoTests" name="[170] /home/travis/build/icyphy/ptII/ptolemy/actor/lib/test/auto/ExpressionFix.xml (RunModel)" time="0.046" />
  <testcase classname="ptolemy.util.test.junit.AutoTests" name="[171] /home/travis/build/icyphy/ptII/ptolemy/actor/lib/test/auto/ExpressionFix2.xml (RunModel)" time="0.012" />
  <testcase classname="ptolemy.util.test.junit.AutoTests" name="[172] /home/travis/build/icyphy/ptII/ptolemy/actor/lib/test/auto/ExpressionFix3.xml (RunModel)" time="0.011" />
  <testcase classname="ptolemy.util.test.junit.AutoTests" name="[173] /home/travis/build/icyphy/ptII/ptolemy/actor/lib/test/auto/FileWriter1.xml (RunModel)" time="0.009" />
  <testcase classname="ptolemy.util.test.junit.AutoTests" name="[174] /home/travis/build/icyphy/ptII/ptolemy/actor/lib/test/auto/FileWriter2.xml (RunModel)" time="0.011" />
  <testcase classname="ptolemy.util.test.junit.AutoTests" name="[175] /home/travis/build/icyphy/ptII/ptolemy/actor/lib/test/auto/FileWriter3.xml (RunModel)" time="0.014" />
  <testcase classname="ptolemy.util.test.junit.AutoTests" name="[176] /home/travis/build/icyphy/ptII/ptolemy/actor/lib/test/auto/Gaussian.xml (RunModel)" time="0.016" />
  <testcase classname="ptolemy.util.test.junit.AutoTests" name="[177] /home/travis/build/icyphy/ptII/ptolemy/actor/lib/test/auto/Gaussian1.xml (RunModel)" time="0.015" />
  <testcase classname="ptolemy.util.test.junit.AutoTests" name="[178] /home/travis/build/icyphy/ptII/ptolemy/actor/lib/test/auto/Gaussian2.xml (RunModel)" time="0.027" />
  <testcase classname="ptolemy.util.test.junit.AutoTests" name="[179] /home/travis/build/icyphy/ptII/ptolemy/actor/lib/test/auto/GradientAdaptiveLattice.xml (RunModel)" time="0.016" />
  <testcase classname="ptolemy.util.test.junit.AutoTests" name="[180] /home/travis/build/icyphy/ptII/ptolemy/actor/lib/test/auto/IIR.xml (RunModel)" time="0.009" />
  <testcase classname="ptolemy.util.test.junit.AutoTests" name="[181] /home/travis/build/icyphy/ptII/ptolemy/actor/lib/test/auto/InputOutputTransparentPorts.xml (RunModel)" time="0.019" />
  <testcase classname="ptolemy.util.test.junit.AutoTests" name="[182] /home/travis/build/icyphy/ptII/ptolemy/actor/lib/test/auto/Interpolator.xml (RunModel)" time="0.013" />
  <testcase classname="ptolemy.util.test.junit.AutoTests" name="[183] /home/travis/build/icyphy/ptII/ptolemy/actor/lib/test/auto/InterpolatorFiringLimitDE.xml (RunModel)" time="0.012" />
  <testcase classname="ptolemy.util.test.junit.AutoTests" name="[184] /home/travis/build/icyphy/ptII/ptolemy/actor/lib/test/auto/Lattice.xml (RunModel)" time="0.01" />
  <testcase classname="ptolemy.util.test.junit.AutoTests" name="[185] /home/travis/build/icyphy/ptII/ptolemy/actor/lib/test/auto/LazyAOCTestLazy.xml (RunModel)" time="0.031" />
  <testcase classname="ptolemy.util.test.junit.AutoTests" name="[186] /home/travis/build/icyphy/ptII/ptolemy/actor/lib/test/auto/LazyAOCTestNonLazy.xml (RunModel)" time="0.054" />
  <testcase classname="ptolemy.util.test.junit.AutoTests" name="[187] /home/travis/build/icyphy/ptII/ptolemy/actor/lib/test/auto/LazyInnerClass.xml (RunModel)" time="0.046" />
  <testcase classname="ptolemy.util.test.junit.AutoTests" name="[188] /home/travis/build/icyphy/ptII/ptolemy/actor/lib/test/auto/LazyPubSub.xml (RunModel)" time="0.071" />
  <testcase classname="ptolemy.util.test.junit.AutoTests" name="[189] /home/travis/build/icyphy/ptII/ptolemy/actor/lib/test/auto/LazyPubSub2.xml (RunModel)" time="0.042" />
  <testcase classname="ptolemy.util.test.junit.AutoTests" name="[190] /home/travis/build/icyphy/ptII/ptolemy/actor/lib/test/auto/LazyPubSub3.xml (RunModel)" time="0.027" />
  <testcase classname="ptolemy.util.test.junit.AutoTests" name="[191] /home/travis/build/icyphy/ptII/ptolemy/actor/lib/test/auto/LazySubClassModel.xml (RunModel)" time="0.023" />
  <testcase classname="ptolemy.util.test.junit.AutoTests" name="[192] /home/travis/build/icyphy/ptII/ptolemy/actor/lib/test/auto/LevelCrossTest1.xml (RunModel)" time="0.01" />
  <testcase classname="ptolemy.util.test.junit.AutoTests" name="[193] /home/travis/build/icyphy/ptII/ptolemy/actor/lib/test/auto/LevelCrossTest10.xml (RunModel)" time="0.016" />
  <testcase classname="ptolemy.util.test.junit.AutoTests" name="[194] /home/travis/build/icyphy/ptII/ptolemy/actor/lib/test/auto/LevelCrossTest11.xml (RunModel)" time="0.016" />
  <testcase classname="ptolemy.util.test.junit.AutoTests" name="[195] /home/travis/build/icyphy/ptII/ptolemy/actor/lib/test/auto/LevelCrossTest12.xml (RunModel)" time="0.018" />
  <testcase classname="ptolemy.util.test.junit.AutoTests" name="[196] /home/travis/build/icyphy/ptII/ptolemy/actor/lib/test/auto/LevelCrossTest13.xml (RunModel)" time="0.015" />
  <testcase classname="ptolemy.util.test.junit.AutoTests" name="[197] /home/travis/build/icyphy/ptII/ptolemy/actor/lib/test/auto/LevelCrossTest2.xml (RunModel)" time="0.01" />
  <testcase classname="ptolemy.util.test.junit.AutoTests" name="[198] /home/travis/build/icyphy/ptII/ptolemy/actor/lib/test/auto/LevelCrossTest3.xml (RunModel)" time="0.011" />
  <testcase classname="ptolemy.util.test.junit.AutoTests" name="[199] /home/travis/build/icyphy/ptII/ptolemy/actor/lib/test/auto/LevelCrossTest4.xml (RunModel)" time="0.012" />
  <testcase classname="ptolemy.util.test.junit.AutoTests" name="[200] /home/travis/build/icyphy/ptII/ptolemy/actor/lib/test/auto/LevelCrossTest5.xml (RunModel)" time="0.017" />
  <testcase classname="ptolemy.util.test.junit.AutoTests" name="[201] /home/travis/build/icyphy/ptII/ptolemy/actor/lib/test/auto/LevelCrossTest6.xml (RunModel)" time="0.019" />
  <testcase classname="ptolemy.util.test.junit.AutoTests" name="[202] /home/travis/build/icyphy/ptII/ptolemy/actor/lib/test/auto/LevelCrossTest7.xml (RunModel)" time="0.015" />
  <testcase classname="ptolemy.util.test.junit.AutoTests" name="[203] /home/travis/build/icyphy/ptII/ptolemy/actor/lib/test/auto/LevelCrossTest8.xml (RunModel)" time="0.014" />
  <testcase classname="ptolemy.util.test.junit.AutoTests" name="[204] /home/travis/build/icyphy/ptII/ptolemy/actor/lib/test/auto/LevelCrossTest9.xml (RunModel)" time="0.014" />
  <testcase classname="ptolemy.util.test.junit.AutoTests" name="[205] /home/travis/build/icyphy/ptII/ptolemy/actor/lib/test/auto/LevinsonDurbin.xml (RunModel)" time="0.011" />
  <testcase classname="ptolemy.util.test.junit.AutoTests" name="[206] /home/travis/build/icyphy/ptII/ptolemy/actor/lib/test/auto/LevinsonDurbin2.xml (RunModel)" time="0.011" />
  <testcase classname="ptolemy.util.test.junit.AutoTests" name="[207] /home/travis/build/icyphy/ptII/ptolemy/actor/lib/test/auto/LevinsonDurbin3.xml (RunModel)" time="0.038" />
  <testcase classname="ptolemy.util.test.junit.AutoTests" name="[208] /home/travis/build/icyphy/ptII/ptolemy/actor/lib/test/auto/Limiter.xml (RunModel)" time="0.049" />
  <testcase classname="ptolemy.util.test.junit.AutoTests" name="[209] /home/travis/build/icyphy/ptII/ptolemy/actor/lib/test/auto/LinearDifferenceEquationSystem.xml (RunModel)" time="0.032" />
  <testcase classname="ptolemy.util.test.junit.AutoTests" name="[210] /home/travis/build/icyphy/ptII/ptolemy/actor/lib/test/auto/LookupTable.xml (RunModel)" time="0.01" />
  <testcase classname="ptolemy.util.test.junit.AutoTests" name="[211] /home/travis/build/icyphy/ptII/ptolemy/actor/lib/test/auto/MathFunction.xml (RunModel)" time="0.018" />
  <testcase classname="ptolemy.util.test.junit.AutoTests" name="[212] /home/travis/build/icyphy/ptII/ptolemy/actor/lib/test/auto/MathFunction2.xml (RunModel)" time="0.008" />
  <testcase classname="ptolemy.util.test.junit.AutoTests" name="[213] /home/travis/build/icyphy/ptII/ptolemy/actor/lib/test/auto/MathFunction3.xml (RunModel)" time="0.017" />
  <testcase classname="ptolemy.util.test.junit.AutoTests" name="[214] /home/travis/build/icyphy/ptII/ptolemy/actor/lib/test/auto/MatrixCropBoolean.xml (RunModel)" time="0.011" />
  <testcase classname="ptolemy.util.test.junit.AutoTests" name="[215] /home/travis/build/icyphy/ptII/ptolemy/actor/lib/test/auto/MatrixCropComplex.xml (RunModel)" time="0.009" />
  <testcase classname="ptolemy.util.test.junit.AutoTests" name="[216] /home/travis/build/icyphy/ptII/ptolemy/actor/lib/test/auto/MatrixCropDouble.xml (RunModel)" time="0.009" />
  <testcase classname="ptolemy.util.test.junit.AutoTests" name="[217] /home/travis/build/icyphy/ptII/ptolemy/actor/lib/test/auto/MatrixCropFix.xml (RunModel)" time="0.015" />
  <testcase classname="ptolemy.util.test.junit.AutoTests" name="[218] /home/travis/build/icyphy/ptII/ptolemy/actor/lib/test/auto/MatrixCropInt.xml (RunModel)" time="0.01" />
  <testcase classname="ptolemy.util.test.junit.AutoTests" name="[219] /home/travis/build/icyphy/ptII/ptolemy/actor/lib/test/auto/MatrixCropLong.xml (RunModel)" time="0.01" />
  <testcase classname="ptolemy.util.test.junit.AutoTests" name="[220] /home/travis/build/icyphy/ptII/ptolemy/actor/lib/test/auto/MatrixToArray.xml (RunModel)" time="0.055" />
  <testcase classname="ptolemy.util.test.junit.AutoTests" name="[221] /home/travis/build/icyphy/ptII/ptolemy/actor/lib/test/auto/MaxIndex.xml (RunModel)" time="0.011" />
  <testcase classname="ptolemy.util.test.junit.AutoTests" name="[222] /home/travis/build/icyphy/ptII/ptolemy/actor/lib/test/auto/Maximum.xml (RunModel)" time="0.018" />
  <testcase classname="ptolemy.util.test.junit.AutoTests" name="[223] /home/travis/build/icyphy/ptII/ptolemy/actor/lib/test/auto/MaximumComplex.xml (RunModel)" time="0.017" />
  <testcase classname="ptolemy.util.test.junit.AutoTests" name="[224] /home/travis/build/icyphy/ptII/ptolemy/actor/lib/test/auto/MethodCallTest.xml (RunModel)" time="0.027" />
  <testcase classname="ptolemy.util.test.junit.AutoTests" name="[225] /home/travis/build/icyphy/ptII/ptolemy/actor/lib/test/auto/Minimum.xml (RunModel)" time="0.016" />
  <testcase classname="ptolemy.util.test.junit.AutoTests" name="[226] /home/travis/build/icyphy/ptII/ptolemy/actor/lib/test/auto/MinimumComplex.xml (RunModel)" time="0.027" />
  <testcase classname="ptolemy.util.test.junit.AutoTests" name="[227] /home/travis/build/icyphy/ptII/ptolemy/actor/lib/test/auto/MinimumMultiports.xml (RunModel)" time="0.021" />
  <testcase classname="ptolemy.util.test.junit.AutoTests" name="[228] /home/travis/build/icyphy/ptII/ptolemy/actor/lib/test/auto/ModifyDate.xml (RunModel)" time="0.046" />
  <testcase classname="ptolemy.util.test.junit.AutoTests" name="[229] /home/travis/build/icyphy/ptII/ptolemy/actor/lib/test/auto/ModifyDate2.xml (RunModel)" time="0.026" />
  <testcase classname="ptolemy.util.test.junit.AutoTests" name="[230] /home/travis/build/icyphy/ptII/ptolemy/actor/lib/test/auto/MovingAverage.xml (RunModel)" time="0.011" />
  <testcase classname="ptolemy.util.test.junit.AutoTests" name="[231] /home/travis/build/icyphy/ptII/ptolemy/actor/lib/test/auto/MovingMaximum.xml (RunModel)" time="0.011" />
  <testcase classname="ptolemy.util.test.junit.AutoTests" name="[232] /home/travis/build/icyphy/ptII/ptolemy/actor/lib/test/auto/MultipleLinksToSameRelation.xml (RunModel)" time="0.007" />
  <testcase classname="ptolemy.util.test.junit.AutoTests" name="[233] /home/travis/build/icyphy/ptII/ptolemy/actor/lib/test/auto/MultipleLinksToSameRelationDE.xml (RunModel)" time="0.016" />
  <testcase classname="ptolemy.util.test.junit.AutoTests" name="[234] /home/travis/build/icyphy/ptII/ptolemy/actor/lib/test/auto/Multiplexor.xml (RunModel)" time="0.015" />
  <testcase classname="ptolemy.util.test.junit.AutoTests" name="[235] /home/travis/build/icyphy/ptII/ptolemy/actor/lib/test/auto/Multiplexor1.xml (RunModel)" time="0.011" />
  <testcase classname="ptolemy.util.test.junit.AutoTests" name="[236] /home/travis/build/icyphy/ptII/ptolemy/actor/lib/test/auto/Multiplexor2.xml (RunModel)" time="0.017" />
  <testcase classname="ptolemy.util.test.junit.AutoTests" name="[237] /home/travis/build/icyphy/ptII/ptolemy/actor/lib/test/auto/Multiplexor3.xml (RunModel)" time="0.009" />
  <testcase classname="ptolemy.util.test.junit.AutoTests" name="[238] /home/travis/build/icyphy/ptII/ptolemy/actor/lib/test/auto/MultiplexorDE.xml (RunModel)" time="0.018" />
  <testcase classname="ptolemy.util.test.junit.AutoTests" name="[239] /home/travis/build/icyphy/ptII/ptolemy/actor/lib/test/auto/MultiportBroadcastTest.xml (RunModel)" time="0.106" />
  <testcase classname="ptolemy.util.test.junit.AutoTests" name="[240] /home/travis/build/icyphy/ptII/ptolemy/actor/lib/test/auto/MultiportOutHangDuringGetWidth.xml (RunModel)" time="0.039" />
  <testcase classname="ptolemy.util.test.junit.AutoTests" name="[241] /home/travis/build/icyphy/ptII/ptolemy/actor/lib/test/auto/NilToken.xml (RunModel)" time="0.01" />
  <testcase classname="ptolemy.util.test.junit.AutoTests" name="[242] /home/travis/build/icyphy/ptII/ptolemy/actor/lib/test/auto/NilTokenNonStrictTest.xml (RunModel)" time="0.01" />
  <testcase classname="ptolemy.util.test.junit.AutoTests" name="[243] /home/travis/build/icyphy/ptII/ptolemy/actor/lib/test/auto/NilTokenRecord.xml (RunModel)" time="0.028" />
  <testcase classname="ptolemy.util.test.junit.AutoTests" name="[244] /home/travis/build/icyphy/ptII/ptolemy/actor/lib/test/auto/NilTokenTypeTest.xml (RunModel)" time="0.031" />
  <testcase classname="ptolemy.util.test.junit.AutoTests" name="[245] /home/travis/build/icyphy/ptII/ptolemy/actor/lib/test/auto/ObjectToken1.xml (RunModel)" time="0.009" />
  <testcase classname="ptolemy.util.test.junit.AutoTests" name="[246] /home/travis/build/icyphy/ptII/ptolemy/actor/lib/test/auto/OrderedMerge.xml (RunModel)" time="0.022" />
  <testcase classname="ptolemy.util.test.junit.AutoTests" name="[247] /home/travis/build/icyphy/ptII/ptolemy/actor/lib/test/auto/OrderedRecordDisassembler.xml (RunModel)" time="0.023" />
  <testcase classname="ptolemy.util.test.junit.AutoTests" name="[248] /home/travis/build/icyphy/ptII/ptolemy/actor/lib/test/auto/OrderedRecordDisassembler2.xml (RunModel)" time="0.018" />
  <testcase classname="ptolemy.util.test.junit.AutoTests" name="[249] /home/travis/build/icyphy/ptII/ptolemy/actor/lib/test/auto/OrderedRecordUpdater.xml (RunModel)" time="0.012" />
  <testcase classname="ptolemy.util.test.junit.AutoTests" name="[250] /home/travis/build/icyphy/ptII/ptolemy/actor/lib/test/auto/OrderedRecordUpdater2.xml (RunModel)" time="0.018" />
  <testcase classname="ptolemy.util.test.junit.AutoTests" name="[251] /home/travis/build/icyphy/ptII/ptolemy/actor/lib/test/auto/PhaseUnwrap.xml (RunModel)" time="0.014" />
  <testcase classname="ptolemy.util.test.junit.AutoTests" name="[252] /home/travis/build/icyphy/ptII/ptolemy/actor/lib/test/auto/PoissonClock.xml (RunModel)" time="0.01" />
  <testcase classname="ptolemy.util.test.junit.AutoTests" name="[253] /home/travis/build/icyphy/ptII/ptolemy/actor/lib/test/auto/PoissonClock2.xml (RunModel)" time="0.008" />
  <testcase classname="ptolemy.util.test.junit.AutoTests" name="[254] /home/travis/build/icyphy/ptII/ptolemy/actor/lib/test/auto/PoissonClock3.xml (RunModel)" time="0.027" />
  <testcase classname="ptolemy.util.test.junit.AutoTests" name="[255] /home/travis/build/icyphy/ptII/ptolemy/actor/lib/test/auto/PubSubWithInitialTokens.xml (RunModel)" time="0.011" />
  <testcase classname="ptolemy.util.test.junit.AutoTests" name="[256] /home/travis/build/icyphy/ptII/ptolemy/actor/lib/test/auto/PubSubWithInitialTokens2.xml (RunModel)" time="0.045" />
  <testcase classname="ptolemy.util.test.junit.AutoTests" name="[257] /home/travis/build/icyphy/ptII/ptolemy/actor/lib/test/auto/PublisherClassNoParameter.xml (RunModel)" time="0.03" />
  <testcase classname="ptolemy.util.test.junit.AutoTests" name="[258] /home/travis/build/icyphy/ptII/ptolemy/actor/lib/test/auto/PublisherClassParameter.xml (RunModel)" time="0.019" />
  <testcase classname="ptolemy.util.test.junit.AutoTests" name="[259] /home/travis/build/icyphy/ptII/ptolemy/actor/lib/test/auto/PublisherNonStrictTest.xml (RunModel)" time="0.015" />
  <testcase classname="ptolemy.util.test.junit.AutoTests" name="[260] /home/travis/build/icyphy/ptII/ptolemy/actor/lib/test/auto/PublisherPort1.xml (RunModel)" time="0.01" />
  <testcase classname="ptolemy.util.test.junit.AutoTests" name="[261] /home/travis/build/icyphy/ptII/ptolemy/actor/lib/test/auto/PublisherPort2.xml (RunModel)" time="0.008" />
  <testcase classname="ptolemy.util.test.junit.AutoTests" name="[262] /home/travis/build/icyphy/ptII/ptolemy/actor/lib/test/auto/PublisherPort3.xml (RunModel)" time="0.021" />
  <testcase classname="ptolemy.util.test.junit.AutoTests" name="[263] /home/travis/build/icyphy/ptII/ptolemy/actor/lib/test/auto/PublisherPort4.xml (RunModel)" time="0.017" />
  <testcase classname="ptolemy.util.test.junit.AutoTests" name="[264] /home/travis/build/icyphy/ptII/ptolemy/actor/lib/test/auto/PublisherPort5.xml (RunModel)" time="0.014" />
  <testcase classname="ptolemy.util.test.junit.AutoTests" name="[265] /home/travis/build/icyphy/ptII/ptolemy/actor/lib/test/auto/PublisherPort5LookAlike.xml (RunModel)" time="0.018" />
  <testcase classname="ptolemy.util.test.junit.AutoTests" name="[266] /home/travis/build/icyphy/ptII/ptolemy/actor/lib/test/auto/PublisherPort6.xml (RunModel)" time="0.012" />
  <testcase classname="ptolemy.util.test.junit.AutoTests" name="[267] /home/travis/build/icyphy/ptII/ptolemy/actor/lib/test/auto/PublisherPort7.xml (RunModel)" time="0.014" />
  <testcase classname="ptolemy.util.test.junit.AutoTests" name="[268] /home/travis/build/icyphy/ptII/ptolemy/actor/lib/test/auto/PublisherPort8.xml (RunModel)" time="0.025" />
  <testcase classname="ptolemy.util.test.junit.AutoTests" name="[269] /home/travis/build/icyphy/ptII/ptolemy/actor/lib/test/auto/PublisherPortSubscriberChannelVariablesAOC2.xml (RunModel)" time="0.031" />
  <testcase classname="ptolemy.util.test.junit.AutoTests" name="[270] /home/travis/build/icyphy/ptII/ptolemy/actor/lib/test/auto/PublisherPortSubscriberOpaqueWidthInference.xml (RunModel)" time="0.014" />
  <testcase classname="ptolemy.util.test.junit.AutoTests" name="[271] /home/travis/build/icyphy/ptII/ptolemy/actor/lib/test/auto/PublisherPortSubscriberPortAdjacent.xml (RunModel)" time="0.02" />
  <testcase classname="ptolemy.util.test.junit.AutoTests" name="[272] /home/travis/build/icyphy/ptII/ptolemy/actor/lib/test/auto/PublisherPortSubscriberPortExpression.xml (RunModel)" time="0.018" />
  <testcase classname="ptolemy.util.test.junit.AutoTests" name="[273] /home/travis/build/icyphy/ptII/ptolemy/actor/lib/test/auto/PublisherPortSubscriberPortOpaqueD3Reverse.xml (RunModel)" time="0.032" />
  <testcase classname="ptolemy.util.test.junit.AutoTests" name="[274] /home/travis/build/icyphy/ptII/ptolemy/actor/lib/test/auto/PublisherPortSubscriberPortOpaqueWidthInference.xml (RunModel)" time="0.016" />
  <testcase classname="ptolemy.util.test.junit.AutoTests" name="[275] /home/travis/build/icyphy/ptII/ptolemy/actor/lib/test/auto/PublisherPortToplevelSubscriberPortAOC.xml (RunModel)" time="0.01" />
  <testcase classname="ptolemy.util.test.junit.AutoTests" name="[276] /home/travis/build/icyphy/ptII/ptolemy/actor/lib/test/auto/PublisherSubscriber.xml (RunModel)" time="0.013" />
  <testcase classname="ptolemy.util.test.junit.AutoTests" name="[277] /home/travis/build/icyphy/ptII/ptolemy/actor/lib/test/auto/PublisherSubscriber10.xml (RunModel)" time="0.028" />
  <testcase classname="ptolemy.util.test.junit.AutoTests" name="[278] /home/travis/build/icyphy/ptII/ptolemy/actor/lib/test/auto/PublisherSubscriber10InitialOutputs.xml (RunModel)" time="0.031" />
  <testcase classname="ptolemy.util.test.junit.AutoTests" name="[279] /home/travis/build/icyphy/ptII/ptolemy/actor/lib/test/auto/PublisherSubscriber11.xml (RunModel)" time="0.014" />
  <testcase classname="ptolemy.util.test.junit.AutoTests" name="[280] /home/travis/build/icyphy/ptII/ptolemy/actor/lib/test/auto/PublisherSubscriber12.xml (RunModel)" time="0.022" />
  <testcase classname="ptolemy.util.test.junit.AutoTests" name="[281] /home/travis/build/icyphy/ptII/ptolemy/actor/lib/test/auto/PublisherSubscriber13.xml (RunModel)" time="0.009" />
  <testcase classname="ptolemy.util.test.junit.AutoTests" name="[282] /home/travis/build/icyphy/ptII/ptolemy/actor/lib/test/auto/PublisherSubscriber14.xml (RunModel)" time="0.018" />
  <testcase classname="ptolemy.util.test.junit.AutoTests" name="[283] /home/travis/build/icyphy/ptII/ptolemy/actor/lib/test/auto/PublisherSubscriber2.xml (RunModel)" time="0.01" />
  <testcase classname="ptolemy.util.test.junit.AutoTests" name="[284] /home/travis/build/icyphy/ptII/ptolemy/actor/lib/test/auto/PublisherSubscriber3.xml (RunModel)" time="0.008" />
  <testcase classname="ptolemy.util.test.junit.AutoTests" name="[285] /home/travis/build/icyphy/ptII/ptolemy/actor/lib/test/auto/PublisherSubscriber4.xml (RunModel)" time="0.008" />
  <testcase classname="ptolemy.util.test.junit.AutoTests" name="[286] /home/travis/build/icyphy/ptII/ptolemy/actor/lib/test/auto/PublisherSubscriber5.xml (RunModel)" time="0.011" />
  <testcase classname="ptolemy.util.test.junit.AutoTests" name="[287] /home/travis/build/icyphy/ptII/ptolemy/actor/lib/test/auto/PublisherSubscriber6.xml (RunModel)" time="0.014" />
  <testcase classname="ptolemy.util.test.junit.AutoTests" name="[288] /home/travis/build/icyphy/ptII/ptolemy/actor/lib/test/auto/PublisherSubscriber7.xml (RunModel)" time="0.018" />
  <testcase classname="ptolemy.util.test.junit.AutoTests" name="[289] /home/travis/build/icyphy/ptII/ptolemy/actor/lib/test/auto/PublisherSubscriber8.xml (RunModel)" time="0.038" />
  <testcase classname="ptolemy.util.test.junit.AutoTests" name="[290] /home/travis/build/icyphy/ptII/ptolemy/actor/lib/test/auto/PublisherSubscriber9.xml (RunModel)" time="0.018" />
  <testcase classname="ptolemy.util.test.junit.AutoTests" name="[291] /home/travis/build/icyphy/ptII/ptolemy/actor/lib/test/auto/PublisherSubscriberAdjacent.xml (RunModel)" time="0.015" />
  <testcase classname="ptolemy.util.test.junit.AutoTests" name="[292] /home/travis/build/icyphy/ptII/ptolemy/actor/lib/test/auto/PublisherSubscriberChannelVariablesAOC2.xml (RunModel)" time="0.026" />
  <testcase classname="ptolemy.util.test.junit.AutoTests" name="[293] /home/travis/build/icyphy/ptII/ptolemy/actor/lib/test/auto/PublisherSubscriberD3.xml (RunModel)" time="0.012" />
  <testcase classname="ptolemy.util.test.junit.AutoTests" name="[294] /home/travis/build/icyphy/ptII/ptolemy/actor/lib/test/auto/PublisherSubscriberD3Reverse.xml (RunModel)" time="0.013" />
  <testcase classname="ptolemy.util.test.junit.AutoTests" name="[295] /home/travis/build/icyphy/ptII/ptolemy/actor/lib/test/auto/PublisherSubscriberExpression.xml (RunModel)" time="0.018" />
  <testcase classname="ptolemy.util.test.junit.AutoTests" name="[296] /home/travis/build/icyphy/ptII/ptolemy/actor/lib/test/auto/PublisherSubscriberOpaque.xml (RunModel)" time="0.014" />
  <testcase classname="ptolemy.util.test.junit.AutoTests" name="[297] /home/travis/build/icyphy/ptII/ptolemy/actor/lib/test/auto/PublisherSubscriberOpaqueD3.xml (RunModel)" time="0.023" />
  <testcase classname="ptolemy.util.test.junit.AutoTests" name="[298] /home/travis/build/icyphy/ptII/ptolemy/actor/lib/test/auto/PublisherSubscriberOpaqueD3Reverse.xml (RunModel)" time="0.021" />
  <testcase classname="ptolemy.util.test.junit.AutoTests" name="[299] /home/travis/build/icyphy/ptII/ptolemy/actor/lib/test/auto/PublisherSubscriberOpaqueWidthInference.xml (RunModel)" time="0.016" />
  <testcase classname="ptolemy.util.test.junit.AutoTests" name="[300] /home/travis/build/icyphy/ptII/ptolemy/actor/lib/test/auto/PublisherTestSubscriber.xml (RunModel)" time="0.013" />
  <testcase classname="ptolemy.util.test.junit.AutoTests" name="[301] /home/travis/build/icyphy/ptII/ptolemy/actor/lib/test/auto/PublisherToplevelSubscriberPortAOC.xml (RunModel)" time="0.01" />
  <testcase classname="ptolemy.util.test.junit.AutoTests" name="[302] /home/travis/build/icyphy/ptII/ptolemy/actor/lib/test/auto/PulseFiringLimitDE.xml (RunModel)" time="0.013" />
  <testcase classname="ptolemy.util.test.junit.AutoTests" name="[303] /home/travis/build/icyphy/ptII/ptolemy/actor/lib/test/auto/Ramp1.xml (RunModel)" time="0.007" />
  <testcase classname="ptolemy.util.test.junit.AutoTests" name="[304] /home/travis/build/icyphy/ptII/ptolemy/actor/lib/test/auto/RampFiringLimitDE.xml (RunModel)" time="0.011" />
  <testcase classname="ptolemy.util.test.junit.AutoTests" name="[305] /home/travis/build/icyphy/ptII/ptolemy/actor/lib/test/auto/RampFiringLimitSDF.xml (RunModel)" time="0.009" />
  <testcase classname="ptolemy.util.test.junit.AutoTests" name="[306] /home/travis/build/icyphy/ptII/ptolemy/actor/lib/test/auto/RandomInteger.xml (RunModel)" time="0.008" />
  <testcase classname="ptolemy.util.test.junit.AutoTests" name="[307] /home/travis/build/icyphy/ptII/ptolemy/actor/lib/test/auto/ReadFile1.xml (RunModel)" time="0.008" />
  <testcase classname="ptolemy.util.test.junit.AutoTests" name="[308] /home/travis/build/icyphy/ptII/ptolemy/actor/lib/test/auto/ReadFile2.xml (RunModel)" time="0.006" />
  <testcase classname="ptolemy.util.test.junit.AutoTests" name="[309] /home/travis/build/icyphy/ptII/ptolemy/actor/lib/test/auto/Reader.xml (RunModel)" time="0.011" />
  <testcase classname="ptolemy.util.test.junit.AutoTests" name="[310] /home/travis/build/icyphy/ptII/ptolemy/actor/lib/test/auto/RecordAssemblerDisplayNameTest.xml (RunModel)" time="3.814" />
  <testcase classname="ptolemy.util.test.junit.AutoTests" name="[311] /home/travis/build/icyphy/ptII/ptolemy/actor/lib/test/auto/RecordAssemblerTypeError.xml (RunModel)" time="0.04" />
  <testcase classname="ptolemy.util.test.junit.AutoTests" name="[312] /home/travis/build/icyphy/ptII/ptolemy/actor/lib/test/auto/RecordDisassember.xml (RunModel)" time="0.015" />
  <testcase classname="ptolemy.util.test.junit.AutoTests" name="[313] /home/travis/build/icyphy/ptII/ptolemy/actor/lib/test/auto/RecordDisassemberDisplayNameTest.xml (RunModel)" time="0.018" />
  <testcase classname="ptolemy.util.test.junit.AutoTests" name="[314] /home/travis/build/icyphy/ptII/ptolemy/actor/lib/test/auto/RecordDisassembler.xml (RunModel)" time="0.013" />
  <testcase classname="ptolemy.util.test.junit.AutoTests" name="[315] /home/travis/build/icyphy/ptII/ptolemy/actor/lib/test/auto/RecordDisassembler2.xml (RunModel)" time="0.01" />
  <testcase classname="ptolemy.util.test.junit.AutoTests" name="[316] /home/travis/build/icyphy/ptII/ptolemy/actor/lib/test/auto/RecordUpdater.xml (RunModel)" time="0.009" />
  <testcase classname="ptolemy.util.test.junit.AutoTests" name="[317] /home/travis/build/icyphy/ptII/ptolemy/actor/lib/test/auto/RecordUpdater2.xml (RunModel)" time="0.009" />
  <testcase classname="ptolemy.util.test.junit.AutoTests" name="[318] /home/travis/build/icyphy/ptII/ptolemy/actor/lib/test/auto/RecursiveLattice.xml (RunModel)" time="0.008" />
  <testcase classname="ptolemy.util.test.junit.AutoTests" name="[319] /home/travis/build/icyphy/ptII/ptolemy/actor/lib/test/auto/Router.xml (RunModel)" time="3.025" />
  <testcase classname="ptolemy.util.test.junit.AutoTests" name="[320] /home/travis/build/icyphy/ptII/ptolemy/actor/lib/test/auto/Router2.xml (RunModel)" time="3.027" />
  <testcase classname="ptolemy.util.test.junit.AutoTests" name="[321] /home/travis/build/icyphy/ptII/ptolemy/actor/lib/test/auto/RunningMaximum.xml (RunModel)" time="0.016" />
  <testcase classname="ptolemy.util.test.junit.AutoTests" name="[322] /home/travis/build/icyphy/ptII/ptolemy/actor/lib/test/auto/RunningMinimum.xml (RunModel)" time="0.028" />
  <testcase classname="ptolemy.util.test.junit.AutoTests" name="[323] /home/travis/build/icyphy/ptII/ptolemy/actor/lib/test/auto/Scale.xml (RunModel)" time="0.007" />
  <testcase classname="ptolemy.util.test.junit.AutoTests" name="[324] /home/travis/build/icyphy/ptII/ptolemy/actor/lib/test/auto/Scale2.xml (RunModel)" time="0.013" />
  <testcase classname="ptolemy.util.test.junit.AutoTests" name="[325] /home/travis/build/icyphy/ptII/ptolemy/actor/lib/test/auto/Scale3.xml (RunModel)" time="0.018" />
  <testcase classname="ptolemy.util.test.junit.AutoTests" name="[326] /home/travis/build/icyphy/ptII/ptolemy/actor/lib/test/auto/ScaleArray.xml (RunModel)" time="0.007" />
  <testcase classname="ptolemy.util.test.junit.AutoTests" name="[327] /home/travis/build/icyphy/ptII/ptolemy/actor/lib/test/auto/ScaleArray2.xml (RunModel)" time="0.006" />
  <testcase classname="ptolemy.util.test.junit.AutoTests" name="[328] /home/travis/build/icyphy/ptII/ptolemy/actor/lib/test/auto/ScaleMatrix.xml (RunModel)" time="0.183" />
  <testcase classname="ptolemy.util.test.junit.AutoTests" name="[329] /home/travis/build/icyphy/ptII/ptolemy/actor/lib/test/auto/Select.xml (RunModel)" time="0.013" />
  <testcase classname="ptolemy.util.test.junit.AutoTests" name="[330] /home/travis/build/icyphy/ptII/ptolemy/actor/lib/test/auto/Select2.xml (RunModel)" time="0.008" />
  <testcase classname="ptolemy.util.test.junit.AutoTests" name="[331] /home/travis/build/icyphy/ptII/ptolemy/actor/lib/test/auto/SequenceToArray2.xml (RunModel)" time="0.131" />
  <testcase classname="ptolemy.util.test.junit.AutoTests" name="[332] /home/travis/build/icyphy/ptII/ptolemy/actor/lib/test/auto/SequentialClock.xml (RunModel)" time="0.007" />
  <testcase classname="ptolemy.util.test.junit.AutoTests" name="[333] /home/travis/build/icyphy/ptII/ptolemy/actor/lib/test/auto/SetVariable.xml (RunModel)" time="0.009" />
  <testcase classname="ptolemy.util.test.junit.AutoTests" name="[334] /home/travis/build/icyphy/ptII/ptolemy/actor/lib/test/auto/SetVariable2.xml (RunModel)" time="0.012" />
  <testcase classname="ptolemy.util.test.junit.AutoTests" name="[335] /home/travis/build/icyphy/ptII/ptolemy/actor/lib/test/auto/SetVariable3.xml (RunModel)" time="0.015" />
  <testcase classname="ptolemy.util.test.junit.AutoTests" name="[336] /home/travis/build/icyphy/ptII/ptolemy/actor/lib/test/auto/SetVariable4.xml (RunModel)" time="0.023" />
  <testcase classname="ptolemy.util.test.junit.AutoTests" name="[337] /home/travis/build/icyphy/ptII/ptolemy/actor/lib/test/auto/SetVariable5.xml (RunModel)" time="0.036" />
  <testcase classname="ptolemy.util.test.junit.AutoTests" name="[338] /home/travis/build/icyphy/ptII/ptolemy/actor/lib/test/auto/Sinewave.xml (RunModel)" time="0.055" />
  <testcase classname="ptolemy.util.test.junit.AutoTests" name="[339] /home/travis/build/icyphy/ptII/ptolemy/actor/lib/test/auto/Sinewave2.xml (RunModel)" time="0.017" />
  <testcase classname="ptolemy.util.test.junit.AutoTests" name="[340] /home/travis/build/icyphy/ptII/ptolemy/actor/lib/test/auto/Sinewave3.xml (RunModel)" time="0.022" />
  <testcase classname="ptolemy.util.test.junit.AutoTests" name="[341] /home/travis/build/icyphy/ptII/ptolemy/actor/lib/test/auto/SingleEvent.xml (RunModel)" time="0.007" />
  <testcase classname="ptolemy.util.test.junit.AutoTests" name="[342] /home/travis/build/icyphy/ptII/ptolemy/actor/lib/test/auto/Sleep.xml (RunModel)" time="6.022" />
  <testcase classname="ptolemy.util.test.junit.AutoTests" name="[343] /home/travis/build/icyphy/ptII/ptolemy/actor/lib/test/auto/SleepMultipleFire.xml (RunModel)" time="1.017" />
  <testcase classname="ptolemy.util.test.junit.AutoTests" name="[344] /home/travis/build/icyphy/ptII/ptolemy/actor/lib/test/auto/StopDE.xml (RunModel)" time="0.01" />
  <testcase classname="ptolemy.util.test.junit.AutoTests" name="[345] /home/travis/build/icyphy/ptII/ptolemy/actor/lib/test/auto/StopSDF.xml (RunModel)" time="0.018" />
  <testcase classname="ptolemy.util.test.junit.AutoTests" name="[346] /home/travis/build/icyphy/ptII/ptolemy/actor/lib/test/auto/StringConstant.xml (RunModel)" time="0.018" />
  <testcase classname="ptolemy.util.test.junit.AutoTests" name="[347] /home/travis/build/icyphy/ptII/ptolemy/actor/lib/test/auto/SubscriberPortInitialValues1.xml (RunModel)" time="0.02" />
  <testcase classname="ptolemy.util.test.junit.AutoTests" name="[348] /home/travis/build/icyphy/ptII/ptolemy/actor/lib/test/auto/SubscriberPortInitialValues13.xml (RunModel)" time="0.032" />
  <testcase classname="ptolemy.util.test.junit.AutoTests" name="[349] /home/travis/build/icyphy/ptII/ptolemy/actor/lib/test/auto/SubscriberPortInitialValues14.xml (RunModel)" time="0.013" />
  <testcase classname="ptolemy.util.test.junit.AutoTests" name="[350] /home/travis/build/icyphy/ptII/ptolemy/actor/lib/test/auto/SubscriberPortInitialValues2.xml (RunModel)" time="0.015" />
  <testcase classname="ptolemy.util.test.junit.AutoTests" name="[351] /home/travis/build/icyphy/ptII/ptolemy/actor/lib/test/auto/SubscriberPortInitialValues3.xml (RunModel)" time="0.018" />
  <testcase classname="ptolemy.util.test.junit.AutoTests" name="[352] /home/travis/build/icyphy/ptII/ptolemy/actor/lib/test/auto/SubscriptionAggregator.xml (RunModel)" time="0.011" />
  <testcase classname="ptolemy.util.test.junit.AutoTests" name="[353] /home/travis/build/icyphy/ptII/ptolemy/actor/lib/test/auto/SubscriptionAggregator2.xml (RunModel)" time="0.011" />
  <testcase classname="ptolemy.util.test.junit.AutoTests" name="[354] /home/travis/build/icyphy/ptII/ptolemy/actor/lib/test/auto/SubscriptionAggregator3.xml (RunModel)" time="0.015" />
  <testcase classname="ptolemy.util.test.junit.AutoTests" name="[355] /home/travis/build/icyphy/ptII/ptolemy/actor/lib/test/auto/SubscriptionAggregatorMultiply.xml (RunModel)" time="0.013" />
  <testcase classname="ptolemy.util.test.junit.AutoTests" name="[356] /home/travis/build/icyphy/ptII/ptolemy/actor/lib/test/auto/SubscriptionAggregatorPortMultiply1.xml (RunModel)" time="0.013" />
  <testcase classname="ptolemy.util.test.junit.AutoTests" name="[357] /home/travis/build/icyphy/ptII/ptolemy/actor/lib/test/auto/Switch.xml (RunModel)" time="0.019" />
  <testcase classname="ptolemy.util.test.junit.AutoTests" name="[358] /home/travis/build/icyphy/ptII/ptolemy/actor/lib/test/auto/Switch2.xml (RunModel)" time="0.01" />
  <testcase classname="ptolemy.util.test.junit.AutoTests" name="[359] /home/travis/build/icyphy/ptII/ptolemy/actor/lib/test/auto/SwitchDE.xml (RunModel)" time="0.011" />
  <testcase classname="ptolemy.util.test.junit.AutoTests" name="[360] /home/travis/build/icyphy/ptII/ptolemy/actor/lib/test/auto/SynchronizerDE.xml (RunModel)" time="0.02" />
  <testcase classname="ptolemy.util.test.junit.AutoTests" name="[361] /home/travis/build/icyphy/ptII/ptolemy/actor/lib/test/auto/Test.xml (RunModel)" time="0.008" />
  <testcase classname="ptolemy.util.test.junit.AutoTests" name="[362] /home/travis/build/icyphy/ptII/ptolemy/actor/lib/test/auto/TestExceptionAttribute1.xml (RunModel)" time="0.006" />
  <testcase classname="ptolemy.util.test.junit.AutoTests" name="[363] /home/travis/build/icyphy/ptII/ptolemy/actor/lib/test/auto/TestExceptionAttribute2.xml (RunModel)" time="0.008" />
  <testcase classname="ptolemy.util.test.junit.AutoTests" name="[364] /home/travis/build/icyphy/ptII/ptolemy/actor/lib/test/auto/TestExceptionAttribute3.xml (RunModel)" time="0.011" />
  <testcase classname="ptolemy.util.test.junit.AutoTests" name="[365] /home/travis/build/icyphy/ptII/ptolemy/actor/lib/test/auto/TestExceptionAttribute4.xml (RunModel)" time="0.005" />
  <testcase classname="ptolemy.util.test.junit.AutoTests" name="[366] /home/travis/build/icyphy/ptII/ptolemy/actor/lib/test/auto/TestExceptionHandler1.xml (RunModel)" time="0.007" />
  <testcase classname="ptolemy.util.test.junit.AutoTests" name="[367] /home/travis/build/icyphy/ptII/ptolemy/actor/lib/test/auto/TestExceptionHandler2.xml (RunModel)" time="0.011" />
  <testcase classname="ptolemy.util.test.junit.AutoTests" name="[368] /home/travis/build/icyphy/ptII/ptolemy/actor/lib/test/auto/TestExceptionHandler3.xml (RunModel)" time="0.005" />
  <testcase classname="ptolemy.util.test.junit.AutoTests" name="[369] /home/travis/build/icyphy/ptII/ptolemy/actor/lib/test/auto/TestExceptionHandler4.xml (RunModel)" time="0.005" />
  <testcase classname="ptolemy.util.test.junit.AutoTests" name="[370] /home/travis/build/icyphy/ptII/ptolemy/actor/lib/test/auto/TestRequireCorrectOrder.xml (RunModel)" time="0.017" />
  <testcase classname="ptolemy.util.test.junit.AutoTests" name="[371] /home/travis/build/icyphy/ptII/ptolemy/actor/lib/test/auto/TestSimple.xml (RunModel)" time="0.009" />
  <testcase classname="ptolemy.util.test.junit.AutoTests" name="[372] /home/travis/build/icyphy/ptII/ptolemy/actor/lib/test/auto/ThrowModelError.xml (RunModel)" time="0.011" />
  <testcase classname="ptolemy.util.test.junit.AutoTests" name="[373] /home/travis/build/icyphy/ptII/ptolemy/actor/lib/test/auto/TimeDelayMicrosteps.xml (RunModel)" time="0.013" />
  <testcase classname="ptolemy.util.test.junit.AutoTests" name="[374] /home/travis/build/icyphy/ptII/ptolemy/actor/lib/test/auto/TimeDelayMicrosteps2.xml (RunModel)" time="0.014" />
  <testcase classname="ptolemy.util.test.junit.AutoTests" name="[375] /home/travis/build/icyphy/ptII/ptolemy/actor/lib/test/auto/TimeDelayMicrosteps3.xml (RunModel)" time="0.01" />
  <testcase classname="ptolemy.util.test.junit.AutoTests" name="[376] /home/travis/build/icyphy/ptII/ptolemy/actor/lib/test/auto/TimeDelayVariableMicrosteps.xml (RunModel)" time="0.011" />
  <testcase classname="ptolemy.util.test.junit.AutoTests" name="[377] /home/travis/build/icyphy/ptII/ptolemy/actor/lib/test/auto/TimeGap.xml (RunModel)" time="0.031" />
  <testcase classname="ptolemy.util.test.junit.AutoTests" name="[378] /home/travis/build/icyphy/ptII/ptolemy/actor/lib/test/auto/TimeGap2.xml (RunModel)" time="0.013" />
  <testcase classname="ptolemy.util.test.junit.AutoTests" name="[379] /home/travis/build/icyphy/ptII/ptolemy/actor/lib/test/auto/TimedSinewave.xml (RunModel)" time="0.048" />
  <testcase classname="ptolemy.util.test.junit.AutoTests" name="[380] /home/travis/build/icyphy/ptII/ptolemy/actor/lib/test/auto/TimedSinewavePhase.xml (RunModel)" time="0.037" />
  <testcase classname="ptolemy.util.test.junit.AutoTests" name="[381] /home/travis/build/icyphy/ptII/ptolemy/actor/lib/test/auto/Timer.xml (RunModel)" time="0.012" />
  <testcase classname="ptolemy.util.test.junit.AutoTests" name="[382] /home/travis/build/icyphy/ptII/ptolemy/actor/lib/test/auto/TriangularDistTestModel.xml (RunModel)" time="0.017" />
  <testcase classname="ptolemy.util.test.junit.AutoTests" name="[383] /home/travis/build/icyphy/ptII/ptolemy/actor/lib/test/auto/TrigFunction.xml (RunModel)" time="0.01" />
  <testcase classname="ptolemy.util.test.junit.AutoTests" name="[384] /home/travis/build/icyphy/ptII/ptolemy/actor/lib/test/auto/TrigFunctionDE.xml (RunModel)" time="0.049" />
  <testcase classname="ptolemy.util.test.junit.AutoTests" name="[385] /home/travis/build/icyphy/ptII/ptolemy/actor/lib/test/auto/TrigFunctionInverse.xml (RunModel)" time="0.012" />
  <testcase classname="ptolemy.util.test.junit.AutoTests" name="[386] /home/travis/build/icyphy/ptII/ptolemy/actor/lib/test/auto/TrigFunctionTan.xml (RunModel)" time="0.006" />
  <testcase classname="ptolemy.util.test.junit.AutoTests" name="[387] /home/travis/build/icyphy/ptII/ptolemy/actor/lib/test/auto/TriggeredClock.xml (RunModel)" time="0.007" />
  <testcase classname="ptolemy.util.test.junit.AutoTests" name="[388] /home/travis/build/icyphy/ptII/ptolemy/actor/lib/test/auto/URLDirectoryReader.xml (RunModel)" time="0.122" />
  <testcase classname="ptolemy.util.test.junit.AutoTests" name="[389] /home/travis/build/icyphy/ptII/ptolemy/actor/lib/test/auto/URLDirectoryReader3.xml (RunModel)" time="1.344" />
  <testcase classname="ptolemy.util.test.junit.AutoTests" name="[390] /home/travis/build/icyphy/ptII/ptolemy/actor/lib/test/auto/UnaryMathFunction.xml (RunModel)" time="0.035" />
  <testcase classname="ptolemy.util.test.junit.AutoTests" name="[391] /home/travis/build/icyphy/ptII/ptolemy/actor/lib/test/auto/Uniform.xml (RunModel)" time="0.018" />
  <testcase classname="ptolemy.util.test.junit.AutoTests" name="[392] /home/travis/build/icyphy/ptII/ptolemy/actor/lib/test/auto/UnionDisassemblerTest.xml (RunModel)" time="0.009" />
  <testcase classname="ptolemy.util.test.junit.AutoTests" name="[393] /home/travis/build/icyphy/ptII/ptolemy/actor/lib/test/auto/UtilityFunctions.xml (RunModel)" time="0.007" />
  <testcase classname="ptolemy.util.test.junit.AutoTests" name="[394] /home/travis/build/icyphy/ptII/ptolemy/actor/lib/test/auto/VariableSleep.xml (RunModel)" time="0.512" />
  <testcase classname="ptolemy.util.test.junit.AutoTests" name="[395] /home/travis/build/icyphy/ptII/ptolemy/actor/lib/test/auto/VectorAssemblerDisassemblerCT.xml (RunModel)" time="0.123" />
  <testcase classname="ptolemy.util.test.junit.AutoTests" name="[396] /home/travis/build/icyphy/ptII/ptolemy/actor/lib/test/auto/VectorAssemblerDisassemblerDE.xml (RunModel)" time="0.023" />
  <testcase classname="ptolemy.util.test.junit.AutoTests" name="[397] /home/travis/build/icyphy/ptII/ptolemy/actor/lib/test/auto/VectorAssemblerDisassemblerSDF.xml (RunModel)" time="0.02" />
  <testcase classname="ptolemy.util.test.junit.AutoTests" name="[398] /home/travis/build/icyphy/ptII/ptolemy/actor/lib/test/auto/WallClockTime.xml (RunModel)" time="1.014" />
  <testcase classname="ptolemy.util.test.junit.AutoTests" name="[399] /home/travis/build/icyphy/ptII/ptolemy/actor/lib/test/auto/WidthTestWithSubscriberPublisher.xml (RunModel)" time="0.041" />
  <testcase classname="ptolemy.util.test.junit.AutoTests" name="[400] /home/travis/build/icyphy/ptII/ptolemy/actor/lib/test/auto/WidthTestWithSubscriberPublisher2.xml (RunModel)" time="0.013" />
  <testcase classname="ptolemy.util.test.junit.AutoTests" name="[401] /home/travis/build/icyphy/ptII/ptolemy/actor/lib/test/auto/WidthTestWithSubscriberPublisher3.xml (RunModel)" time="0.013" />
  <testcase classname="ptolemy.util.test.junit.AutoTests" name="[402] /home/travis/build/icyphy/ptII/ptolemy/actor/lib/test/auto/Writer.xml (RunModel)" time="0.006" />
  <testcase classname="ptolemy.util.test.junit.AutoTests" name="[403] /home/travis/build/icyphy/ptII/ptolemy/actor/lib/test/auto/array.xml (RunModel)" time="0.018" />
  <testcase classname="ptolemy.util.test.junit.AutoTests" name="[404] /home/travis/build/icyphy/ptII/ptolemy/actor/lib/test/auto/array2.xml (RunModel)" time="0.011" />
  <testcase classname="ptolemy.util.test.junit.AutoTests" name="[405] /home/travis/build/icyphy/ptII/ptolemy/actor/lib/test/auto/arrayType.xml (RunModel)" time="0.013" />
  <testcase classname="ptolemy.util.test.junit.AutoTests" name="[406] /home/travis/build/icyphy/ptII/ptolemy/actor/lib/test/auto/arrayType10.xml (RunModel)" time="0.008" />
  <testcase classname="ptolemy.util.test.junit.AutoTests" name="[407] /home/travis/build/icyphy/ptII/ptolemy/actor/lib/test/auto/arrayType11.xml (RunModel)" time="0.008" />
  <testcase classname="ptolemy.util.test.junit.AutoTests" name="[408] /home/travis/build/icyphy/ptII/ptolemy/actor/lib/test/auto/arrayType12.xml (RunModel)" time="0.009" />
  <testcase classname="ptolemy.util.test.junit.AutoTests" name="[409] /home/travis/build/icyphy/ptII/ptolemy/actor/lib/test/auto/arrayType13.xml (RunModel)" time="0.008" />
  <testcase classname="ptolemy.util.test.junit.AutoTests" name="[410] /home/travis/build/icyphy/ptII/ptolemy/actor/lib/test/auto/arrayType14.xml (RunModel)" time="0.008" />
  <testcase classname="ptolemy.util.test.junit.AutoTests" name="[411] /home/travis/build/icyphy/ptII/ptolemy/actor/lib/test/auto/arrayType15.xml (RunModel)" time="0.008" />
  <testcase classname="ptolemy.util.test.junit.AutoTests" name="[412] /home/travis/build/icyphy/ptII/ptolemy/actor/lib/test/auto/arrayType16.xml (RunModel)" time="0.008" />
  <testcase classname="ptolemy.util.test.junit.AutoTests" name="[413] /home/travis/build/icyphy/ptII/ptolemy/actor/lib/test/auto/arrayType17.xml (RunModel)" time="0.008" />
  <testcase classname="ptolemy.util.test.junit.AutoTests" name="[414] /home/travis/build/icyphy/ptII/ptolemy/actor/lib/test/auto/arrayType18.xml (RunModel)" time="0.007" />
  <testcase classname="ptolemy.util.test.junit.AutoTests" name="[415] /home/travis/build/icyphy/ptII/ptolemy/actor/lib/test/auto/arrayType19.xml (RunModel)" time="0.007" />
  <testcase classname="ptolemy.util.test.junit.AutoTests" name="[416] /home/travis/build/icyphy/ptII/ptolemy/actor/lib/test/auto/arrayType2.xml (RunModel)" time="0.009" />
  <testcase classname="ptolemy.util.test.junit.AutoTests" name="[417] /home/travis/build/icyphy/ptII/ptolemy/actor/lib/test/auto/arrayType20.xml (RunModel)" time="0.008" />
  <testcase classname="ptolemy.util.test.junit.AutoTests" name="[418] /home/travis/build/icyphy/ptII/ptolemy/actor/lib/test/auto/arrayType21.xml (RunModel)" time="0.007" />
  <testcase classname="ptolemy.util.test.junit.AutoTests" name="[419] /home/travis/build/icyphy/ptII/ptolemy/actor/lib/test/auto/arrayType22.xml (RunModel)" time="0.007" />
  <testcase classname="ptolemy.util.test.junit.AutoTests" name="[420] /home/travis/build/icyphy/ptII/ptolemy/actor/lib/test/auto/arrayType23.xml (RunModel)" time="0.008" />
  <testcase classname="ptolemy.util.test.junit.AutoTests" name="[421] /home/travis/build/icyphy/ptII/ptolemy/actor/lib/test/auto/arrayType24.xml (RunModel)" time="0.008" />
  <testcase classname="ptolemy.util.test.junit.AutoTests" name="[422] /home/travis/build/icyphy/ptII/ptolemy/actor/lib/test/auto/arrayType25.xml (RunModel)" time="0.007" />
  <testcase classname="ptolemy.util.test.junit.AutoTests" name="[423] /home/travis/build/icyphy/ptII/ptolemy/actor/lib/test/auto/arrayType26.xml (RunModel)" time="0.008" />
  <testcase classname="ptolemy.util.test.junit.AutoTests" name="[424] /home/travis/build/icyphy/ptII/ptolemy/actor/lib/test/auto/arrayType27.xml (RunModel)" time="0.007" />
  <testcase classname="ptolemy.util.test.junit.AutoTests" name="[425] /home/travis/build/icyphy/ptII/ptolemy/actor/lib/test/auto/arrayType28.xml (RunModel)" time="0.008" />
  <testcase classname="ptolemy.util.test.junit.AutoTests" name="[426] /home/travis/build/icyphy/ptII/ptolemy/actor/lib/test/auto/arrayType3.xml (RunModel)" time="0.011" />
  <testcase classname="ptolemy.util.test.junit.AutoTests" name="[427] /home/travis/build/icyphy/ptII/ptolemy/actor/lib/test/auto/arrayType4.xml (RunModel)" time="0.007" />
  <testcase classname="ptolemy.util.test.junit.AutoTests" name="[428] /home/travis/build/icyphy/ptII/ptolemy/actor/lib/test/auto/arrayType5.xml (RunModel)" time="0.008" />
  <testcase classname="ptolemy.util.test.junit.AutoTests" name="[429] /home/travis/build/icyphy/ptII/ptolemy/actor/lib/test/auto/arrayType6.xml (RunModel)" time="0.007" />
  <testcase classname="ptolemy.util.test.junit.AutoTests" name="[430] /home/travis/build/icyphy/ptII/ptolemy/actor/lib/test/auto/arrayType7.xml (RunModel)" time="0.019" />
  <testcase classname="ptolemy.util.test.junit.AutoTests" name="[431] /home/travis/build/icyphy/ptII/ptolemy/actor/lib/test/auto/arrayType8.xml (RunModel)" time="0.045" />
  <testcase classname="ptolemy.util.test.junit.AutoTests" name="[432] /home/travis/build/icyphy/ptII/ptolemy/actor/lib/test/auto/arrayType9.xml (RunModel)" time="0.03" />
  <testcase classname="ptolemy.util.test.junit.AutoTests" name="[433] /home/travis/build/icyphy/ptII/ptolemy/actor/lib/test/auto/cast.xml (RunModel)" time="0.036" />
  <testcase classname="ptolemy.util.test.junit.AutoTests" name="[434] /home/travis/build/icyphy/ptII/ptolemy/actor/lib/test/auto/compositeMultiPort.xml (RunModel)" time="0.042" />
  <testcase classname="ptolemy.util.test.junit.AutoTests" name="[435] /home/travis/build/icyphy/ptII/ptolemy/actor/lib/test/auto/expressionCastInference.xml (RunModel)" time="0.054" />
  <testcase classname="ptolemy.util.test.junit.AutoTests" name="[436] /home/travis/build/icyphy/ptII/ptolemy/actor/lib/test/auto/expressionCastInference2.xml (RunModel)" time="0.028" />
  <testcase classname="ptolemy.util.test.junit.AutoTests" name="[437] /home/travis/build/icyphy/ptII/ptolemy/actor/lib/test/auto/expressionInference.xml (RunModel)" time="0.028" />
  <testcase classname="ptolemy.util.test.junit.AutoTests" name="[438] /home/travis/build/icyphy/ptII/ptolemy/actor/lib/test/auto/expression_bug.xml (RunModel)" time="0.021" />
  <testcase classname="ptolemy.util.test.junit.AutoTests" name="[439] /home/travis/build/icyphy/ptII/ptolemy/actor/lib/test/auto/factorial.xml (RunModel)" time="0.055" />
  <testcase classname="ptolemy.util.test.junit.AutoTests" name="[440] /home/travis/build/icyphy/ptII/ptolemy/actor/lib/test/auto/filterTest1.xml (RunModel)" time="0.012" />
  <testcase classname="ptolemy.util.test.junit.AutoTests" name="[441] /home/travis/build/icyphy/ptII/ptolemy/actor/lib/test/auto/funcApplyInConst.xml (RunModel)" time="0.006" />
  <testcase classname="ptolemy.util.test.junit.AutoTests" name="[442] /home/travis/build/icyphy/ptII/ptolemy/actor/lib/test/auto/funcApplyInExpr.xml (RunModel)" time="0.005" />
  <testcase classname="ptolemy.util.test.junit.AutoTests" name="[443] /home/travis/build/icyphy/ptII/ptolemy/actor/lib/test/auto/function.xml (RunModel)" time="0.011" />
  <testcase classname="ptolemy.util.test.junit.AutoTests" name="[444] /home/travis/build/icyphy/ptII/ptolemy/actor/lib/test/auto/function2.xml (RunModel)" time="0.01" />
  <testcase classname="ptolemy.util.test.junit.AutoTests" name="[445] /home/travis/build/icyphy/ptII/ptolemy/actor/lib/test/auto/function3.xml (RunModel)" time="0.006" />
  <testcase classname="ptolemy.util.test.junit.AutoTests" name="[446] /home/travis/build/icyphy/ptII/ptolemy/actor/lib/test/auto/functionClosureTest1.xml (RunModel)" time="0.01" />
  <testcase classname="ptolemy.util.test.junit.AutoTests" name="[447] /home/travis/build/icyphy/ptII/ptolemy/actor/lib/test/auto/functionClosureTest2.xml (RunModel)" time="0.006" />
  <testcase classname="ptolemy.util.test.junit.AutoTests" name="[448] /home/travis/build/icyphy/ptII/ptolemy/actor/lib/test/auto/functionClosureTest3.xml (RunModel)" time="0.008" />
  <testcase classname="ptolemy.util.test.junit.AutoTests" name="[449] /home/travis/build/icyphy/ptII/ptolemy/actor/lib/test/auto/functionClosureTest4.xml (RunModel)" time="0.014" />
  <testcase classname="ptolemy.util.test.junit.AutoTests" name="[450] /home/travis/build/icyphy/ptII/ptolemy/actor/lib/test/auto/functionClosureTest5.xml (RunModel)" time="0.01" />
  <testcase classname="ptolemy.util.test.junit.AutoTests" name="[451] /home/travis/build/icyphy/ptII/ptolemy/actor/lib/test/auto/functionClosureTest6.xml (RunModel)" time="0.006" />
  <testcase classname="ptolemy.util.test.junit.AutoTests" name="[452] /home/travis/build/icyphy/ptII/ptolemy/actor/lib/test/auto/functionsOnArcs.xml (RunModel)" time="0.008" />
  <testcase classname="ptolemy.util.test.junit.AutoTests" name="[453] /home/travis/build/icyphy/ptII/ptolemy/actor/lib/test/auto/functionsOnArcsHOF.xml (RunModel)" time="0.011" />
  <testcase classname="ptolemy.util.test.junit.AutoTests" name="[454] /home/travis/build/icyphy/ptII/ptolemy/actor/lib/test/auto/logic.xml (RunModel)" time="0.016" />
  <testcase classname="ptolemy.util.test.junit.AutoTests" name="[455] /home/travis/build/icyphy/ptII/ptolemy/actor/lib/test/auto/matrixType.xml (RunModel)" time="0.008" />
  <testcase classname="ptolemy.util.test.junit.AutoTests" name="[456] /home/travis/build/icyphy/ptII/ptolemy/actor/lib/test/auto/matrixType10.xml (RunModel)" time="0.008" />
  <testcase classname="ptolemy.util.test.junit.AutoTests" name="[457] /home/travis/build/icyphy/ptII/ptolemy/actor/lib/test/auto/matrixType11.xml (RunModel)" time="0.01" />
  <testcase classname="ptolemy.util.test.junit.AutoTests" name="[458] /home/travis/build/icyphy/ptII/ptolemy/actor/lib/test/auto/matrixType12.xml (RunModel)" time="0.009" />
  <testcase classname="ptolemy.util.test.junit.AutoTests" name="[459] /home/travis/build/icyphy/ptII/ptolemy/actor/lib/test/auto/matrixType13.xml (RunModel)" time="0.008" />
  <testcase classname="ptolemy.util.test.junit.AutoTests" name="[460] /home/travis/build/icyphy/ptII/ptolemy/actor/lib/test/auto/matrixType14.xml (RunModel)" time="0.009" />
  <testcase classname="ptolemy.util.test.junit.AutoTests" name="[461] /home/travis/build/icyphy/ptII/ptolemy/actor/lib/test/auto/matrixType2.xml (RunModel)" time="0.007" />
  <testcase classname="ptolemy.util.test.junit.AutoTests" name="[462] /home/travis/build/icyphy/ptII/ptolemy/actor/lib/test/auto/matrixType3.xml (RunModel)" time="0.01" />
  <testcase classname="ptolemy.util.test.junit.AutoTests" name="[463] /home/travis/build/icyphy/ptII/ptolemy/actor/lib/test/auto/matrixType4.xml (RunModel)" time="0.007" />
  <testcase classname="ptolemy.util.test.junit.AutoTests" name="[464] /home/travis/build/icyphy/ptII/ptolemy/actor/lib/test/auto/matrixType5.xml (RunModel)" time="0.007" />
  <testcase classname="ptolemy.util.test.junit.AutoTests" name="[465] /home/travis/build/icyphy/ptII/ptolemy/actor/lib/test/auto/matrixType6.xml (RunModel)" time="0.007" />
  <testcase classname="ptolemy.util.test.junit.AutoTests" name="[466] /home/travis/build/icyphy/ptII/ptolemy/actor/lib/test/auto/matrixType7.xml (RunModel)" time="0.007" />
  <testcase classname="ptolemy.util.test.junit.AutoTests" name="[467] /home/travis/build/icyphy/ptII/ptolemy/actor/lib/test/auto/matrixType8.xml (RunModel)" time="0.008" />
  <testcase classname="ptolemy.util.test.junit.AutoTests" name="[468] /home/travis/build/icyphy/ptII/ptolemy/actor/lib/test/auto/matrixType9.xml (RunModel)" time="0.007" />
  <testcase classname="ptolemy.util.test.junit.AutoTests" name="[469] /home/travis/build/icyphy/ptII/ptolemy/actor/lib/test/auto/paraFunctest.xml (RunModel)" time="0.006" />
  <testcase classname="ptolemy.util.test.junit.AutoTests" name="[470] /home/travis/build/icyphy/ptII/ptolemy/actor/lib/test/auto/paraFunctest2.xml (RunModel)" time="0.01" />
  <testcase classname="ptolemy.util.test.junit.AutoTests" name="[471] /home/travis/build/icyphy/ptII/ptolemy/actor/lib/test/auto/parameterPassing.xml (RunModel)" time="0.009" />
  <testcase classname="ptolemy.util.test.junit.AutoTests" name="[472] /home/travis/build/icyphy/ptII/ptolemy/actor/lib/test/auto/record.xml (RunModel)" time="0.007" />
  <testcase classname="ptolemy.util.test.junit.AutoTests" name="[473] /home/travis/build/icyphy/ptII/ptolemy/actor/lib/test/auto/sizedarray1.xml (RunModel)" time="0.008" />
  <testcase classname="ptolemy.util.test.junit.AutoTests" name="[474] /home/travis/build/icyphy/ptII/ptolemy/actor/lib/test/auto/sizedarray2.xml (RunModel)" time="0.009" />
  <testcase classname="ptolemy.util.test.junit.AutoTests" name="[475] /home/travis/build/icyphy/ptII/ptolemy/actor/lib/test/auto/twoPublishers.xml (RunModel)" time="0.025" />
  <system-out><![CDATA[/home/travis/build/icyphy/ptII/ptolemy/actor/lib/test/AbsoluteValue.tcl
testDefs.tcl: setting time out to 9000 seconds at Tue Dec 03 06:16:26 UTC 2019
98 ms. Memory: 120832K Free: 85956K (71%)
5 ms. Memory: 120832K Free: 84411K (70%)
5 ms. Memory: 120832K Free: 83379K (69%)
8 ms. Memory: 120832K Free: 82884K (69%)
/home/travis/build/icyphy/ptII/ptolemy/actor/lib/test/AddSubtract.tcl
19 ms. Memory: 120832K Free: 80836K (67%)
12 ms. Memory: 120832K Free: 80315K (66%)
14 ms. Memory: 120832K Free: 79298K (66%)
22 ms. Memory: 120832K Free: 78274K (65%)
50 ms. Memory: 120832K Free: 75716K (63%)
6 ms. Memory: 120832K Free: 74692K (62%)
/home/travis/build/icyphy/ptII/ptolemy/actor/lib/test/Average.tcl
6 ms. Memory: 120832K Free: 73154K (61%)
10 ms. Memory: 120832K Free: 72115K (60%)
/home/travis/build/icyphy/ptII/ptolemy/actor/lib/test/Bernoulli.tcl
4 ms. Memory: 120832K Free: 70596K (58%)
2 ms. Memory: 120832K Free: 70082K (58%)
/home/travis/build/icyphy/ptII/ptolemy/actor/lib/test/Clock.tcl
preinitializing
resolving types
initializing
executing number 1
wrapping up
idle
36 ms. Memory: 120832K Free: 67524K (56%)
Completed execution with 5 iterations
preinitializing
resolving types
initializing
executing number 1
wrapping up
idle
13 ms. Memory: 120832K Free: 66500K (55%)
Completed execution with 5 iterations
preinitializing
resolving types
initializing
executing number 1
wrapping up
idle
11 ms. Memory: 120832K Free: 65979K (55%)
Completed execution with 5 iterations
/home/travis/build/icyphy/ptII/ptolemy/actor/lib/test/Commutator.tcl
6 ms. Memory: 120832K Free: 63923K (53%)
15 ms. Memory: 120832K Free: 62914K (52%)
13 ms. Memory: 120832K Free: 57284K (47%)
/home/travis/build/icyphy/ptII/ptolemy/actor/lib/test/Const.tcl
5 ms. Memory: 120832K Free: 55715K (46%)
2 ms. Memory: 120832K Free: 55236K (46%)
2 ms. Memory: 120832K Free: 54722K (45%)
2 ms. Memory: 120832K Free: 54212K (45%)
2 ms. Memory: 120832K Free: 53188K (44%)
13 ms. Memory: 120832K Free: 51650K (43%)
5 ms. Memory: 120832K Free: 50626K (42%)
3 ms. Memory: 120832K Free: 50116K (41%)
/home/travis/build/icyphy/ptII/ptolemy/actor/lib/test/CurrentTime.tcl
preinitializing
resolving types
initializing
executing number 1
wrapping up
idle
8 ms. Memory: 120832K Free: 48068K (40%)
Completed execution with 11 iterations
/home/travis/build/icyphy/ptII/ptolemy/actor/lib/test/DB.tcl
6 ms. Memory: 120832K Free: 46020K (38%)
29 ms. Memory: 120832K Free: 107072K (89%)
7 ms. Memory: 120832K Free: 107072K (89%)
/home/travis/build/icyphy/ptII/ptolemy/actor/lib/test/DiscreteRandomSource.tcl
preinitializing
resolving types
initializing
executing number 1
wrapping up
idle
4 ms. Memory: 120832K Free: 105217K (87%)
Completed execution with 4 iterations
preinitializing
resolving types
initializing
executing number 1
wrapping up
idle
2 ms. Memory: 120832K Free: 104721K (87%)
Completed execution with 4 iterations
preinitializing
resolving types
initializing
executing number 1
wrapping up
idle
2 ms. Memory: 120832K Free: 104721K (87%)
Completed execution with 4 iterations
preinitializing
resolving types
initializing
executing number 1
wrapping up
idle
2 ms. Memory: 120832K Free: 104207K (86%)
Completed execution with 4 iterations
preinitializing
resolving types
initializing
executing number 1
wrapping up
idle
3 ms. Memory: 120832K Free: 103697K (86%)
Completed execution with 4 iterations
/home/travis/build/icyphy/ptII/ptolemy/actor/lib/test/Distributor.tcl
10 ms. Memory: 120832K Free: 102145K (85%)
13 ms. Memory: 120832K Free: 101135K (84%)
StreamChangeRequest.changeExecuted(): <deleteEntity name="rec2"/> succeeded
StreamChangeRequest.changeExecuted(): <deleteRelation name="r2"/> succeeded
StreamChangeRequest.changeExecuted(): Record firings per iteration succeeded
14 ms. Memory: 120832K Free: 98577K (82%)
/home/travis/build/icyphy/ptII/ptolemy/actor/lib/test/Exit.tcl
Exit.tcl: this will print a message about Manager.exitAfterWrapup, which can be ignored.
12 ms. Memory: 120832K Free: 103664K (86%)
/home/travis/build/icyphy/ptII/ptolemy/actor/lib/test/Expression.tcl
17 ms. Memory: 120832K Free: 100597K (83%)
11 ms. Memory: 120832K Free: 99543K (82%)
3 ms. Memory: 120832K Free: 98993K (82%)
preinitializing
resolving types
initializing
executing number 1
wrapping up
idle
18 ms. Memory: 120832K Free: 97455K (81%)
Completed execution with 6 iterations
4 ms. Memory: 120832K Free: 96468K (80%)
8 ms. Memory: 120832K Free: 95921K (79%)
5 ms. Memory: 120832K Free: 94905K (79%)
11 ms. Memory: 120832K Free: 93397K (77%)
9 ms. Memory: 120832K Free: 91833K (76%)
/home/travis/build/icyphy/ptII/ptolemy/actor/lib/test/Gaussian.tcl
17 ms. Memory: 120832K Free: 89769K (74%)
sleeping 1 seconds: ....................................................................................................................................................................................................................................................................................................................................................................................................................................................................................................................................................................................................................................................................................................................................................................................................................................................................................................................................................................................................................................................................................................................................................................................................................................................................................................................................................................................................................................................................................................................................................................................................................................................................................................................................................................................................................................................................................................................................................................................................................................................................................................................................................................................................................................................................................................................................................................................................................................................................................................................................................................................................................................................................................................................................................................................................................................................................................................................................................................................................................................................................................................................................................................................................................................................................................................................................................................................................................................................................................................................................................................................................................................................................................................................................................................................................................................................................................................................................................................................................................................................................................................................................................................................................................................................................................................................................................................................................................................................................................................................................................................................................................................................................................................................................................................................................................................................................................................................................................................................................................................................................................................................................................................................................................................................................................................................................................................................................................................................................................................................................................................................................................................................................................................................................................................................................................................................................................................................................................................................................................................................................................................................................................................................................................................................................................................................................................................................................................................................................................................................................................................................................................................................................................................................................................................................................................................................................................................................................................................................................................................................................................................................................................................................................................................................................................................................................................................................................................................................................................................................................................................................................................................................................................................................................................................................................................................................................................................................................................................................................................................................................................................................................................................................................................................................................................................................................................................................................................................................................................................................................................................................................................................................................................................................................................................................................................................................................................................................................................................................................................................................................................................................................................................................................................................................................................................................................................................................................................................................................................................................................................................................................................................................................................................................................................................................................................................................................................................................................................................................................................................................................................................................................................................................................................................................................................................................................................................................................................................................................................................................................................................................................................................................................................................................................................................................................................................................................................................................................................................................................................................................................................................................................................................................................................................................................................................................................................................................................................................................................................................................................................................................................................................................................................................................................................................................................................................................................................................................................................................................................................................................................................................................................................................................................................................................................................................................................................................................................................................................................................................................................................................................................................................................................................................................................................................................................................................................................................................................................................................................................................................................................................................................................................................................................................................................................................................................................................................................................................................................................................................................................................................................................................................................................................................................................................................................................................................................................................................................................................................................................................................................................................................................................................................................................................................................................................................................................................................................................................................................................................................................................................................................................................................................................................................................................................................................................................................................................................................................................................................................................................................................................................................................................................................................................................................................................................................................................................................................................................................................................................................................................................................................................................................................................................................................................................................................................................................................................................................................................................................................................................................................................................................................................................................................................................................................................................................................................................................................................................................................................................................................................................................................................................................................................................................................................................................................................................................................................................................................................................................................................................................................................................................................................................................................................................................................................................................................................................................................................................................................................................................................................................................................................................................................................................................................................................................................................................................................................................................................................................................................................................................................................................................................................................................................................................................................................................................................................................................................................................................................................................................................................................................................................................................................................................................................................................................................................................................................................................................................................................................................................................................................................................................................................................................................................................................................................................................................................................................................................................................................................................................................................................................................................................................................................................................................................................................................................................................................................................................................................................................................................................................................................................................................................................................................................................................................................................................................................................................................................................................................................................................................................................................................................................................................................................................................................................................................................................................................................................................................................................................................................................................................................................................................................................................................................................................................................................................................................................................................................................................................................................................................................................................................................................................................................................................................................................................................................................................................................................................................................................................................................................................................................................................................................................................................................................................................................................................................................................................................................................................................................................................................................................................................................................................................................................................................................................................................................................................................................................................................................................................................................................................................................................................................................................................................................................................................................................................................................................................................................................................................................................................................................................................................................................................................................................................................................................................................................................................................................................................................................................................................................................................................................................................................................................................................................................................................................................................................................................................................................................................................................................................................................................................................................................................................................................................................................................................................................................................................................................................................................................................................................................................................................................................................................................................................................................................................................................................................................................................................................................................................................................................................................................................................................................................................................................................................................................................................................................................................................................................................................................................................................................................................................................................................................................................................................................................................................................................................................................................................................................................................................................................................................................................................................................................................................................................................................................................................................................................................................................................................................................................................................................................................................................................................................................................................................................................................................................................................................................................................................................................................................................................................................................................................................................................................................................................................................................................................................................................................................................................................................................................................................................................................................................................................................................................................................................................................................................................................................................................................................................................................................................................................................................................................................................................................................................................................................................................................................................................................................................................................................................................................................................................................................................................................................................................................................................................................................................................................................................................................................................................................................................................................................................................................................................................................................................................................................................................................................................................................................................................................................................................................................................................................................................................................................................................................................................................................................................................................................................................................................................................................................................................................................................................................................................................................................................................................................................................................................................................................................................................................................................................................................................................................................................................................................................................................................................................................................................................................................................................................................................................................................................................................................................................................................................................................................................................................................................................................................................................................................................................................................................................................................................................................................................................................................................................................................................................................................................................................................................................................................................................................................................................................................................................................................................................................................................................................................................................................................................................................................................................................................................................................................................................................................................................................................................................................................................................................................................................................................................................................................................................................................................................................................................................................................................................................................................................................................................................................................................................................................................................................................................................................................................................................................................................................................................................................................................................................................................................................................................................................................................................................................................................................................................................................................................................................................................................................................................................................................................................................................................................................................................................................................................................................................................................................................................................................................................................................................................................................................................................................................................................................................................................................................................................................................................................................................................................................................................................................................................................................................................................................................................................................................................................................................................................................................................................................................3 ms. Memory: 145408K Free: 76990K (53%)
2 ms. Memory: 145408K Free: 76476K (53%)
1 ms. Memory: 145408K Free: 75966K (52%)
8 ms. Memory: 145408K Free: 74940K (52%)
2 ms. Memory: 145408K Free: 74428K (51%)
/home/travis/build/icyphy/ptII/ptolemy/actor/lib/test/IIR.tcl
/home/travis/build/icyphy/ptII/ptolemy/actor/lib/test/Interpolator.tcl
3 ms. Memory: 145408K Free: 130030K (89%)
1 ms. Memory: 145408K Free: 129516K (89%)
1 ms. Memory: 145408K Free: 128462K (88%)
2 ms. Memory: 145408K Free: 127982K (88%)
2 ms. Memory: 145408K Free: 127454K (88%)
1 ms. Memory: 145408K Free: 126430K (87%)
3 ms. Memory: 145408K Free: 125420K (86%)
2 ms. Memory: 145408K Free: 124382K (86%)
1 ms. Memory: 145408K Free: 123886K (85%)
2 ms. Memory: 145408K Free: 122862K (84%)
/home/travis/build/icyphy/ptII/ptolemy/actor/lib/test/MathFunction.tcl
13 ms. Memory: 145408K Free: 120814K (83%)
10 ms. Memory: 145408K Free: 119790K (82%)
2 ms. Memory: 145408K Free: 118766K (82%)
6 ms. Memory: 145408K Free: 117742K (81%)
4 ms. Memory: 145408K Free: 116718K (80%)
12 ms. Memory: 145408K Free: 114670K (79%)
/home/travis/build/icyphy/ptII/ptolemy/actor/lib/test/Maximum.tcl
6 ms. Memory: 145408K Free: 112622K (77%)
5 ms. Memory: 145408K Free: 112094K (77%)
6 ms. Memory: 145408K Free: 111598K (77%)
4 ms. Memory: 145408K Free: 110574K (76%)
/home/travis/build/icyphy/ptII/ptolemy/actor/lib/test/Minimum.tcl
8 ms. Memory: 145408K Free: 109022K (75%)
4 ms. Memory: 145408K Free: 108526K (75%)
7 ms. Memory: 145408K Free: 107502K (74%)
2 ms. Memory: 145408K Free: 106974K (74%)
/home/travis/build/icyphy/ptII/ptolemy/actor/lib/test/MultiplyDivide.tcl
10 ms. Memory: 145408K Free: 104940K (72%)
3 ms. Memory: 145408K Free: 104430K (72%)
5 ms. Memory: 145408K Free: 103902K (71%)
3 ms. Memory: 145408K Free: 102892K (71%)
4 ms. Memory: 145408K Free: 102382K (70%)
/home/travis/build/icyphy/ptII/ptolemy/actor/lib/test/OrderedMerge.tcl
Connections changed on port: inputA
Connections changed on port: inputB
Connections changed on port: output
Connections changed on port: output
Connections changed on port: output
Connections changed on port: input
.top. Preinitializing ...
Invoking preinitialize():  .top.OrderedMerge
Called preinitialize()
Invoking preinitialize():  .top.Ramp
Called preinitialize()
Invoking preinitialize():  .top.Ramp2
Called preinitialize()
Invoking preinitialize():  .top.Test
Called preinitialize()
Connections changed on port: inputA
Connections changed on port: output
Connections changed on port: output
Connections changed on port: input
Connections changed on port: inputB
Connections changed on port: output
.top. Finished preinitialize().
Called initialize().
Invoking initialize():  .top.OrderedMerge
Initializing actor: .top.OrderedMerge
Adding a thread: .top.OrderedMerge
Invoking initialize():  .top.Ramp
Initializing actor: .top.Ramp
Adding a thread: .top.Ramp
Invoking initialize():  .top.Ramp2
Initializing actor: .top.Ramp2
Adding a thread: .top.Ramp2
Invoking initialize():  .top.Test
Initializing actor: .top.Test
Adding a thread: .top.Test
Called fire().
Checking for deadlock:
-- Starting thread.
Called initialize()
Called prefire()
Called fire()
-- Starting thread.
-- Starting thread.
Called initialize()
Called prefire()
Called fire()
Called initialize()
Called prefire()
Called fire()
-- Starting thread.
Called initialize()
Called prefire()
Called fire()
There are 0 Blocked actors, 0 Stopped actors, and 4 active threads.
Waiting for actors to stop.
Called postfire()
Called prefire()
Called fire()
Called postfire()
Called prefire()
Called fire()
Checking for deadlock:
There are 2 Blocked actors, 0 Stopped actors, and 4 active threads.
Waiting for actors to stop.
Called postfire()
Called prefire()
Called fire()
Checking for deadlock:
There are 3 Blocked actors, 0 Stopped actors, and 4 active threads.
Waiting for actors to stop.
Read input token from inputA with value 0.0
Next port to read input from is inputB
Called postfire()
Called prefire()
Called fire()
Called postfire()
Called prefire()
Called fire()
Checking for deadlock:
There are 3 Blocked actors, 0 Stopped actors, and 4 active threads.
Waiting for actors to stop.
Read input token from inputB with value 0.0
Checking for deadlock:
There are 2 Blocked actors, 0 Stopped actors, and 4 active threads.
Waiting for actors to stop.
-- Read input: 0.0, which is expected to match: 0.0
Called prefire()
Called fire()
Checking for deadlock:
There are 3 Blocked actors, 0 Stopped actors, and 4 active threads.
Waiting for actors to stop.
Sent output token with value 0.0
Next port to read input from is inputA
Called postfire()
Called prefire()
Called fire()
Checking for deadlock:
There are 2 Blocked actors, 0 Stopped actors, and 4 active threads.
Waiting for actors to stop.
Called postfire()
Called prefire()
Called fire()
Checking for deadlock:
There are 3 Blocked actors, 0 Stopped actors, and 4 active threads.
Waiting for actors to stop.
Read input token from inputA with value 1.0
-- Read input: 0.0, which is expected to match: 0.0
Called prefire()
Called fire()
Sent output token with value 0.0
Next port to read input from is inputB
Called postfire()
Called prefire()
Called fire()
Read input token from inputB with value 1.5
Sent output token with value 1.0
Next port to read input from is inputA
Called postfire()
Called prefire()
Called fire()
Read input token from inputA with value 2.0
Checking for deadlock:
There are 1 Blocked actors, 0 Stopped actors, and 4 active threads.
Waiting for actors to stop.
Called postfire()
Called prefire()
Called fire()
-- Read input: 1.0, which is expected to match: 1.0
Called prefire()
Called fire()
Called postfire()
Called prefire()
Called fire()
Checking for deadlock:
There are 3 Blocked actors, 0 Stopped actors, and 4 active threads.
Waiting for actors to stop.
-- Read input: 1.5, which is expected to match: 1.5
Called prefire()
Called fire()
Checking for deadlock:
There are 3 Blocked actors, 0 Stopped actors, and 4 active threads.
Waiting for actors to stop.
Sent output token with value 1.5
Next port to read input from is inputB
Called postfire()
Called prefire()
Called fire()
Checking for deadlock:
There are 2 Blocked actors, 0 Stopped actors, and 4 active threads.
Waiting for actors to stop.
Called postfire()
Called prefire()
Called fire()
Checking for deadlock:
Read input token from inputB with value 3.0
There are 3 Blocked actors, 0 Stopped actors, and 4 active threads.
Waiting for actors to stop.
Checking for deadlock:
There are 2 Blocked actors, 0 Stopped actors, and 4 active threads.
Waiting for actors to stop.
-- Read input: 2.0, which is expected to match: 2.0
Called prefire()
Called fire()
Checking for deadlock:
Sent output token with value 2.0
There are 3 Blocked actors, 0 Stopped actors, and 4 active threads.
Waiting for actors to stop.
Next port to read input from is inputA
Called postfire()
Called prefire()
Called fire()
Checking for deadlock:
There are 2 Blocked actors, 0 Stopped actors, and 4 active threads.
Waiting for actors to stop.
Called postfire()
Called prefire()
Called fire()
Checking for deadlock:
There are 3 Blocked actors, 0 Stopped actors, and 4 active threads.
Waiting for actors to stop.
Read input token from inputA with value 3.0
Checking for deadlock:
There are 2 Blocked actors, 0 Stopped actors, and 4 active threads.
Waiting for actors to stop.
-- Read input: 3.0, which is expected to match: 3.0
Called prefire()
Called fire()
Checking for deadlock:
Sent output token with value 3.0
There are 3 Blocked actors, 0 Stopped actors, and 4 active threads.
Waiting for actors to stop.
Next port to read input from is inputB
Called postfire()
Called prefire()
Called fire()
Checking for deadlock:
There are 2 Blocked actors, 0 Stopped actors, and 4 active threads.
Waiting for actors to stop.
Called postfire()
Called prefire()
Called fire()
Checking for deadlock:
There are 3 Blocked actors, 0 Stopped actors, and 4 active threads.
Waiting for actors to stop.
Read input token from inputB with value 4.5
Checking for deadlock:
There are 2 Blocked actors, 0 Stopped actors, and 4 active threads.
Sent output token with value 3.0
Waiting for actors to stop.
-- Read input: 3.0, which is expected to match: 3.0
Called prefire()
Called fire()
Checking for deadlock:
There are 3 Blocked actors, 0 Stopped actors, and 4 active threads.
Next port to read input from is inputA
Called postfire()
Waiting for actors to stop.
Called prefire()
Called fire()
Checking for deadlock:
There are 2 Blocked actors, 0 Stopped actors, and 4 active threads.
Waiting for actors to stop.
Called postfire()
Called prefire()
Called fire()
Checking for deadlock:
Read input token from inputA with value 4.0
There are 3 Blocked actors, 0 Stopped actors, and 4 active threads.
Waiting for actors to stop.
Checking for deadlock:
There are 2 Blocked actors, 0 Stopped actors, and 4 active threads.
Waiting for actors to stop.
-- Read input: 4.0, which is expected to match: 4.0
Called prefire()
Called fire()
Past the end of training data. Read and discard all inputs.
Checking for deadlock:
There are 3 Blocked actors, 0 Stopped actors, and 4 active threads.
Waiting for actors to stop.
Sent output token with value 4.0
Next port to read input from is inputA
Called postfire()
Called prefire()
Called fire()
Checking for deadlock:
There are 2 Blocked actors, 0 Stopped actors, and 4 active threads.
Waiting for actors to stop.
Called postfire()
Called prefire()
Called fire()
Checking for deadlock:
There are 3 Blocked actors, 0 Stopped actors, and 4 active threads.
Waiting for actors to stop.
Read input token from inputA with value 5.0
Checking for deadlock:
There are 2 Blocked actors, 0 Stopped actors, and 4 active threads.
Waiting for actors to stop.
Called prefire()
Called fire()
Past the end of training data. Read and discard all inputs.
Checking for deadlock:
There are 3 Blocked actors, 0 Stopped actors, and 4 active threads.
Waiting for actors to stop.
Sent output token with value 4.5
Next port to read input from is inputB
Called postfire()
Called prefire()
Called fire()
Checking for deadlock:
There are 2 Blocked actors, 0 Stopped actors, and 4 active threads.
Waiting for actors to stop.
Called postfire()
Called prefire()
Called fire()
Checking for deadlock:
There are 3 Blocked actors, 0 Stopped actors, and 4 active threads.
Waiting for actors to stop.
Read input token from inputB with value 6.0
Checking for deadlock:
Called prefire()
Called fire()
There are 2 Blocked actors, 0 Stopped actors, and 4 active threads.
Past the end of training data. Read and discard all inputs.
Waiting for actors to stop.
Checking for deadlock:
There are 3 Blocked actors, 0 Stopped actors, and 4 active threads.
Waiting for actors to stop.
Sent output token with value 5.0
Next port to read input from is inputA
Called postfire()
Called prefire()
Called fire()
Checking for deadlock:
There are 2 Blocked actors, 0 Stopped actors, and 4 active threads.
Waiting for actors to stop.
Called postfire()
Called prefire()
Called fire()
Checking for deadlock:
Read input token from inputA with value 6.0
There are 3 Blocked actors, 0 Stopped actors, and 4 active threads.
Waiting for actors to stop.
Checking for deadlock:
Sent output token with value 6.0
There are 2 Blocked actors, 0 Stopped actors, and 4 active threads.
Waiting for actors to stop.
Called prefire()
Called fire()
Past the end of training data. Read and discard all inputs.
Checking for deadlock:
There are 3 Blocked actors, 0 Stopped actors, and 4 active threads.
Waiting for actors to stop.
Next port to read input from is inputB
Called postfire()
Called prefire()
Called fire()
Checking for deadlock:
There are 2 Blocked actors, 0 Stopped actors, and 4 active threads.
Waiting for actors to stop.
Called postfire()
Called prefire()
Called fire()
Checking for deadlock:
Read input token from inputB with value 7.5
There are 3 Blocked actors, 0 Stopped actors, and 4 active threads.
Waiting for actors to stop.
Checking for deadlock:
There are 2 Blocked actors, 0 Stopped actors, and 4 active threads.
Waiting for actors to stop.
Called prefire()
Called fire()
Past the end of training data. Read and discard all inputs.
Checking for deadlock:
There are 3 Blocked actors, 0 Stopped actors, and 4 active threads.
Sent output token with value 6.0
Waiting for actors to stop.
Next port to read input from is inputA
Called postfire()
Called prefire()
Called fire()
Checking for deadlock:
There are 2 Blocked actors, 0 Stopped actors, and 4 active threads.
Waiting for actors to stop.
Called postfire()
Called prefire()
Called fire()
Checking for deadlock:
There are 3 Blocked actors, 0 Stopped actors, and 4 active threads.
Waiting for actors to stop.
Read input token from inputA with value 7.0
Checking for deadlock:
There are 2 Blocked actors, 0 Stopped actors, and 4 active threads.
Waiting for actors to stop.
Called prefire()
Called fire()
Past the end of training data. Read and discard all inputs.
Sent output token with value 7.0
Checking for deadlock:
Next port to read input from is inputA
There are 3 Blocked actors, 0 Stopped actors, and 4 active threads.
Waiting for actors to stop.
Called postfire()
Called prefire()
Called fire()
Checking for deadlock:
There are 2 Blocked actors, 0 Stopped actors, and 4 active threads.
Waiting for actors to stop.
-- Thread wrapup() called.
Called wrapup()
Thread .top.Ramp is exiting.
-- Thread stopped.
Checking for deadlock:
There are 2 Blocked actors, 0 Stopped actors, and 3 active threads.
Waiting for actors to stop.
Read input token from inputA with value 8.0
Called prefire()
Called fire()
Past the end of training data. Read and discard all inputs.
Checking for deadlock:
There are 2 Blocked actors, 0 Stopped actors, and 3 active threads.
Waiting for actors to stop.
Sent output token with value 7.5
Next port to read input from is inputB
Called postfire()
Called prefire()
Called fire()
Checking for deadlock:
Read input token from inputB with value 9.0
There are 1 Blocked actors, 0 Stopped actors, and 3 active threads.
Waiting for actors to stop.
Called postfire()
Called prefire()
Called fire()
Checking for deadlock:
There are 1 Blocked actors, 0 Stopped actors, and 3 active threads.
Waiting for actors to stop.
Sent output token with value 8.0
Called prefire()
Called fire()
Past the end of training data. Read and discard all inputs.
Checking for deadlock:
There are 2 Blocked actors, 0 Stopped actors, and 3 active threads.
Waiting for actors to stop.
Next port to read input from is inputA
Called postfire()
Called prefire()
Called fire()
Read input token from inputA with value 9.0
Called prefire()
Called fire()
Past the end of training data. Read and discard all inputs.
Checking for deadlock:
There are 2 Blocked actors, 0 Stopped actors, and 3 active threads.
Waiting for actors to stop.
Sent output token with value 9.0
Next port to read input from is inputB
Called postfire()
Called prefire()
Called fire()
Checking for deadlock:
There are 1 Blocked actors, 0 Stopped actors, and 3 active threads.
Waiting for actors to stop.
Called postfire()
Called prefire()
Called fire()
Checking for deadlock:
Read input token from inputB with value 10.5
There are 2 Blocked actors, 0 Stopped actors, and 3 active threads.
Waiting for actors to stop.
Checking for deadlock:
There are 1 Blocked actors, 0 Stopped actors, and 3 active threads.
Waiting for actors to stop.
Called prefire()
Called fire()
Past the end of training data. Read and discard all inputs.
Checking for deadlock:
Sent output token with value 9.0
There are 2 Blocked actors, 0 Stopped actors, and 3 active threads.
Waiting for actors to stop.
Next port to read input from is inputA
Called postfire()
Called prefire()
Called fire()
Checking for deadlock:
There are 3 Blocked actors, 0 Stopped actors, and 3 active threads.
Actors have stopped.
Checking for deadlock:
There are 3 Blocked actors, 0 Stopped actors, and 3 active threads.
Deadlock detected.
Resolving Deadlock
Checking for deadlock:
There are 3 Blocked actors, 0 Stopped actors, and 3 active threads.
Artificial Deadlock - increasing queue capacity.
increasing the capacity of receiver ptolemy.actor.TypedIOPort {.top.OrderedMerge.inputB} to 2
-- Thread wrapup() called.
Called wrapup()
Director: Called postfire().
Thread .top.Ramp2 is exiting.
-- Thread stopped.
Called postfire().
_stopRequested = false
_stopFireRequested = false
Returning from postfire(): true
Called fire().
Checking for deadlock:
There are 2 Blocked actors, 0 Stopped actors, and 2 active threads.
Actors have stopped.
Checking for deadlock:
There are 2 Blocked actors, 0 Stopped actors, and 2 active threads.
Deadlock detected.
Resolving Deadlock
Checking for deadlock:
There are 2 Blocked actors, 0 Stopped actors, and 2 active threads.
Deadlock detected: no processes blocked on write, but some are blocked on read.
Called postfire().
_stopRequested = false
_stopFireRequested = false
Returning from postfire(): false
Finished deactivating branches.
Called wrapup().
-- Thread wrapup() called.
Called wrapup()
Thread .top.Test is exiting.
-- Thread stopped.
-- Blocked Receiver call threw TerminateProcessException.
-- Thread wrapup() called.
Called wrapup()
Thread .top.OrderedMerge is exiting.
-- Thread stopped.
-- Blocked Receiver call threw TerminateProcessException.
75 ms. Memory: 145408K Free: 97262K (67%)
.top. Preinitializing ...
Invoking preinitialize():  .top.OrderedMerge
Called preinitialize()
Invoking preinitialize():  .top.Ramp
Called preinitialize()
Invoking preinitialize():  .top.Ramp2
Called preinitialize()
Invoking preinitialize():  .top.Test
Called preinitialize()
.top. Finished preinitialize().
Called initialize().
Invoking initialize():  .top.OrderedMerge
Initializing actor: .top.OrderedMerge
Adding a thread: .top.OrderedMerge
Invoking initialize():  .top.Ramp
Initializing actor: .top.Ramp
Adding a thread: .top.Ramp
Invoking initialize():  .top.Ramp2
Initializing actor: .top.Ramp2
Adding a thread: .top.Ramp2
Invoking initialize():  .top.Test
Initializing actor: .top.Test
Adding a thread: .top.Test
-- Starting thread.
Called initialize()
Called prefire()
Called fire()
-- Starting thread.
Called initialize()
Called prefire()
Called fire()
Called postfire()
Called prefire()
Called fire()
-- Starting thread.
Called initialize()
Called prefire()
Called fire()
Called postfire()
Called prefire()
Called fire()
Called fire().
Checking for deadlock:
There are 3 Blocked actors, 0 Stopped actors, and 4 active threads.
Waiting for actors to stop.
-- Starting thread.
Called initialize()
Called prefire()
Called fire()
Checking for deadlock:
There are 2 Blocked actors, 0 Stopped actors, and 4 active threads.
Waiting for actors to stop.
Called postfire()
Called prefire()
Called fire()
Checking for deadlock:
There are 3 Blocked actors, 0 Stopped actors, and 4 active threads.
Waiting for actors to stop.
Read input token from inputA with value 0.0
Next port to read input from is inputB
Called postfire()
Called prefire()
Called fire()
Checking for deadlock:
There are 2 Blocked actors, 0 Stopped actors, and 4 active threads.
Waiting for actors to stop.
Called postfire()
Called prefire()
Called fire()
Checking for deadlock:
There are 3 Blocked actors, 0 Stopped actors, and 4 active threads.
Waiting for actors to stop.
Read input token from inputB with value 0.0
Checking for deadlock:
There are 2 Blocked actors, 0 Stopped actors, and 4 active threads.
Waiting for actors to stop.
Sent output token with value 0.0
-- Read input: 0.0, which is expected to match: 0.0
Called prefire()
Called fire()
Checking for deadlock:
There are 3 Blocked actors, 0 Stopped actors, and 4 active threads.
Waiting for actors to stop.
Next port to read input from is inputA
Called postfire()
Called prefire()
Called fire()
Checking for deadlock:
Called postfire()
There are 2 Blocked actors, 0 Stopped actors, and 4 active threads.
Called prefire()
Waiting for actors to stop.
Called fire()
Checking for deadlock:
There are 3 Blocked actors, 0 Stopped actors, and 4 active threads.
Waiting for actors to stop.
Read input token from inputA with value 1.0
Checking for deadlock:
There are 2 Blocked actors, 0 Stopped actors, and 4 active threads.
Waiting for actors to stop.
-- Read input: 0.0, which is expected to match: 0.0
Called prefire()
Called fire()
Checking for deadlock:
There are 3 Blocked actors, 0 Stopped actors, and 4 active threads.
Waiting for actors to stop.
Sent output token with value 0.0
Next port to read input from is inputB
Called postfire()
Called prefire()
Called fire()
Checking for deadlock:
There are 2 Blocked actors, 0 Stopped actors, and 4 active threads.
Waiting for actors to stop.
Called postfire()
Called prefire()
Called fire()
Checking for deadlock:
Read input token from inputB with value 1.5
There are 3 Blocked actors, 0 Stopped actors, and 4 active threads.
Waiting for actors to stop.
Checking for deadlock:
There are 2 Blocked actors, 0 Stopped actors, and 4 active threads.
Waiting for actors to stop.
-- Read input: 1.0, which is expected to match: 1.0
Called prefire()
Called fire()
Checking for deadlock:
There are 3 Blocked actors, 0 Stopped actors, and 4 active threads.
Waiting for actors to stop.
Sent output token with value 1.0
Next port to read input from is inputA
Called postfire()
Called prefire()
Called fire()
Called postfire()
Called prefire()
Called fire()
Checking for deadlock:
There are 3 Blocked actors, 0 Stopped actors, and 4 active threads.
Waiting for actors to stop.
Read input token from inputA with value 2.0
-- Read input: 1.5, which is expected to match: 1.5
Called prefire()
Called fire()
Checking for deadlock:
There are 3 Blocked actors, 0 Stopped actors, and 4 active threads.
Waiting for actors to stop.
Sent output token with value 1.5
Next port to read input from is inputB
Called postfire()
Called prefire()
Called fire()
Checking for deadlock:
There are 2 Blocked actors, 0 Stopped actors, and 4 active threads.
Waiting for actors to stop.
Called postfire()
Called prefire()
Called fire()
Checking for deadlock:
Read input token from inputB with value 3.0
There are 3 Blocked actors, 0 Stopped actors, and 4 active threads.
Waiting for actors to stop.
Checking for deadlock:
There are 2 Blocked actors, 0 Stopped actors, and 4 active threads.
Waiting for actors to stop.
-- Read input: 2.0, which is expected to match: 2.0
Called prefire()
Called fire()
Checking for deadlock:
There are 3 Blocked actors, 0 Stopped actors, and 4 active threads.
Waiting for actors to stop.
Sent output token with value 2.0
Next port to read input from is inputA
Called postfire()
Called prefire()
Called fire()
Checking for deadlock:
Called postfire()
There are 2 Blocked actors, 0 Stopped actors, and 4 active threads.
Waiting for actors to stop.
Called prefire()
Called fire()
Checking for deadlock:
There are 3 Blocked actors, 0 Stopped actors, and 4 active threads.
Waiting for actors to stop.
Read input token from inputA with value 3.0
Checking for deadlock:
There are 2 Blocked actors, 0 Stopped actors, and 4 active threads.
Waiting for actors to stop.
-- Read input: 3.0, which is expected to match: 3.0
Called prefire()
Called fire()
Checking for deadlock:
There are 3 Blocked actors, 0 Stopped actors, and 4 active threads.
Waiting for actors to stop.
Sent output token with value 3.0
Next port to read input from is inputB
Called postfire()
Called prefire()
Called fire()
Checking for deadlock:
There are 2 Blocked actors, 0 Stopped actors, and 4 active threads.
Waiting for actors to stop.
Called postfire()
Called prefire()
Called fire()
Checking for deadlock:
There are 3 Blocked actors, 0 Stopped actors, and 4 active threads.
Waiting for actors to stop.
Read input token from inputB with value 4.5
Checking for deadlock:
There are 2 Blocked actors, 0 Stopped actors, and 4 active threads.
Waiting for actors to stop.
-- Read input: 3.0, which is expected to match: 3.0
Called prefire()
Called fire()
Checking for deadlock:
There are 3 Blocked actors, 0 Stopped actors, and 4 active threads.
Waiting for actors to stop.
Sent output token with value 3.0
Next port to read input from is inputA
Called postfire()
Called prefire()
Called fire()
Called postfire()
Called prefire()
Called fire()
Checking for deadlock:
There are 3 Blocked actors, 0 Stopped actors, and 4 active threads.
Waiting for actors to stop.
Read input token from inputA with value 4.0
-- Read input: 4.0, which is expected to match: 4.0
Called prefire()
Called fire()
Past the end of training data. Read and discard all inputs.
Checking for deadlock:
There are 3 Blocked actors, 0 Stopped actors, and 4 active threads.
Waiting for actors to stop.
Sent output token with value 4.0
Next port to read input from is inputA
Called postfire()
Called prefire()
Called fire()
Checking for deadlock:
There are 2 Blocked actors, 0 Stopped actors, and 4 active threads.
Waiting for actors to stop.
Read input token from inputA with value 5.0
Called postfire()
Called prefire()
Called fire()
Checking for deadlock:
There are 3 Blocked actors, 0 Stopped actors, and 4 active threads.
Waiting for actors to stop.
Checking for deadlock:
There are 2 Blocked actors, 0 Stopped actors, and 4 active threads.
Waiting for actors to stop.
Called prefire()
Called fire()
Past the end of training data. Read and discard all inputs.
Checking for deadlock:
There are 3 Blocked actors, 0 Stopped actors, and 4 active threads.
Waiting for actors to stop.
Sent output token with value 4.5
Next port to read input from is inputB
Called postfire()
Called prefire()
Called fire()
Checking for deadlock:
There are 2 Blocked actors, 0 Stopped actors, and 4 active threads.
Waiting for actors to stop.
Called postfire()
Called prefire()
Called fire()
Checking for deadlock:
There are 3 Blocked actors, 0 Stopped actors, and 4 active threads.
Waiting for actors to stop.
Read input token from inputB with value 6.0
Checking for deadlock:
There are 2 Blocked actors, 0 Stopped actors, and 4 active threads.
Waiting for actors to stop.
Called prefire()
Called fire()
Past the end of training data. Read and discard all inputs.
Checking for deadlock:
There are 3 Blocked actors, 0 Stopped actors, and 4 active threads.
Waiting for actors to stop.
Sent output token with value 5.0
Next port to read input from is inputA
Called postfire()
Called prefire()
Called fire()
Checking for deadlock:
There are 2 Blocked actors, 0 Stopped actors, and 4 active threads.
Waiting for actors to stop.
Called postfire()
Called prefire()
Called fire()
Checking for deadlock:
Read input token from inputA with value 6.0
There are 3 Blocked actors, 0 Stopped actors, and 4 active threads.
Waiting for actors to stop.
Checking for deadlock:
Called prefire()
There are 2 Blocked actors, 0 Stopped actors, and 4 active threads.
Waiting for actors to stop.
Called fire()
Past the end of training data. Read and discard all inputs.
Checking for deadlock:
There are 3 Blocked actors, 0 Stopped actors, and 4 active threads.
Waiting for actors to stop.
Sent output token with value 6.0
Next port to read input from is inputB
Called postfire()
Called prefire()
Called fire()
Checking for deadlock:
There are 2 Blocked actors, 0 Stopped actors, and 4 active threads.
Read input token from inputB with value 7.5
Waiting for actors to stop.
Called postfire()
Called prefire()
Called fire()
Checking for deadlock:
There are 2 Blocked actors, 0 Stopped actors, and 4 active threads.
Waiting for actors to stop.
Sent output token with value 6.0
Called prefire()
Called fire()
Past the end of training data. Read and discard all inputs.
Checking for deadlock:
There are 3 Blocked actors, 0 Stopped actors, and 4 active threads.
Waiting for actors to stop.
Next port to read input from is inputA
Called postfire()
Called prefire()
Called fire()
Checking for deadlock:
There are 2 Blocked actors, 0 Stopped actors, and 4 active threads.
Waiting for actors to stop.
Called postfire()
Called prefire()
Called fire()
Checking for deadlock:
Read input token from inputA with value 7.0
There are 3 Blocked actors, 0 Stopped actors, and 4 active threads.
Waiting for actors to stop.
Checking for deadlock:
Called prefire()
There are 2 Blocked actors, 0 Stopped actors, and 4 active threads.
Waiting for actors to stop.
Called fire()
Past the end of training data. Read and discard all inputs.
Checking for deadlock:
There are 3 Blocked actors, 0 Stopped actors, and 4 active threads.
Waiting for actors to stop.
Sent output token with value 7.0
Next port to read input from is inputA
Called postfire()
Called prefire()
Called fire()
-- Thread wrapup() called.
Called wrapup()
Thread .top.Ramp is exiting.
-- Thread stopped.
Checking for deadlock:
There are 2 Blocked actors, 0 Stopped actors, and 3 active threads.
Waiting for actors to stop.
Read input token from inputA with value 8.0
Checking for deadlock:
There are 1 Blocked actors, 0 Stopped actors, and 3 active threads.
Sent output token with value 7.5
Waiting for actors to stop.
Called prefire()
Called fire()
Past the end of training data. Read and discard all inputs.
Checking for deadlock:
There are 2 Blocked actors, 0 Stopped actors, and 3 active threads.
Waiting for actors to stop.
Next port to read input from is inputB
Called postfire()
Called prefire()
Called fire()
Checking for deadlock:
Called postfire()
Called prefire()
Called fire()
There are 1 Blocked actors, 0 Stopped actors, and 3 active threads.
Waiting for actors to stop.
Checking for deadlock:
There are 2 Blocked actors, 0 Stopped actors, and 3 active threads.
Waiting for actors to stop.
Read input token from inputB with value 9.0
Checking for deadlock:
There are 1 Blocked actors, 0 Stopped actors, and 3 active threads.
Waiting for actors to stop.
Sent output token with value 8.0
Called prefire()
Called fire()
Past the end of training data. Read and discard all inputs.
Checking for deadlock:
There are 2 Blocked actors, 0 Stopped actors, and 3 active threads.
Waiting for actors to stop.
Next port to read input from is inputA
Called postfire()
Called prefire()
Called fire()
Read input token from inputA with value 9.0
Checking for deadlock:
Called prefire()
Called fire()
There are 1 Blocked actors, 0 Stopped actors, and 3 active threads.
Past the end of training data. Read and discard all inputs.
Waiting for actors to stop.
Checking for deadlock:
There are 2 Blocked actors, 0 Stopped actors, and 3 active threads.
Waiting for actors to stop.
Sent output token with value 9.0
Next port to read input from is inputB
Called postfire()
Called prefire()
Called fire()
Checking for deadlock:
There are 1 Blocked actors, 0 Stopped actors, and 3 active threads.
Waiting for actors to stop.
Called postfire()
Called prefire()
Called fire()
Checking for deadlock:
Read input token from inputB with value 10.5
There are 2 Blocked actors, 0 Stopped actors, and 3 active threads.
Waiting for actors to stop.
Checking for deadlock:
There are 1 Blocked actors, 0 Stopped actors, and 3 active threads.
Waiting for actors to stop.
Sent output token with value 9.0
Called prefire()
Called fire()
Past the end of training data. Read and discard all inputs.
Checking for deadlock:
There are 2 Blocked actors, 0 Stopped actors, and 3 active threads.
Waiting for actors to stop.
Next port to read input from is inputA
Called postfire()
Called prefire()
Called fire()
Checking for deadlock:
There are 3 Blocked actors, 0 Stopped actors, and 3 active threads.
Actors have stopped.
Checking for deadlock:
There are 3 Blocked actors, 0 Stopped actors, and 3 active threads.
Deadlock detected.
Resolving Deadlock
Checking for deadlock:
There are 3 Blocked actors, 0 Stopped actors, and 3 active threads.
Artificial Deadlock - increasing queue capacity.
increasing the capacity of receiver ptolemy.actor.TypedIOPort {.top.OrderedMerge.inputB} to 2
Director: Called postfire().
Called postfire().
-- Thread wrapup() called.
_stopRequested = false
Called wrapup()
_stopFireRequested = false
Returning from postfire(): true
Thread .top.Ramp2 is exiting.
-- Thread stopped.
Called fire().
Checking for deadlock:
There are 2 Blocked actors, 0 Stopped actors, and 2 active threads.
Actors have stopped.
Checking for deadlock:
There are 2 Blocked actors, 0 Stopped actors, and 2 active threads.
Deadlock detected.
Resolving Deadlock
Checking for deadlock:
There are 2 Blocked actors, 0 Stopped actors, and 2 active threads.
Deadlock detected: no processes blocked on write, but some are blocked on read.
Called postfire().
_stopRequested = false
_stopFireRequested = false
Returning from postfire(): false
Finished deactivating branches.
Called wrapup().
-- Thread wrapup() called.
Called wrapup()
Thread .top.OrderedMerge is exiting.
-- Thread stopped.
-- Blocked Receiver call threw TerminateProcessException.
-- Thread wrapup() called.
Called wrapup()
Thread .top.Test is exiting.
-- Thread stopped.
-- Blocked Receiver call threw TerminateProcessException.
31 ms. Memory: 145408K Free: 94700K (65%)
/home/travis/build/icyphy/ptII/ptolemy/actor/lib/test/Publisher.tcl
15 ms. Memory: 145408K Free: 88526K (61%)
6 ms. Memory: 145408K Free: 83422K (57%)
6 ms. Memory: 145408K Free: 79854K (55%)
5 ms. Memory: 145408K Free: 78830K (54%)
4 ms. Memory: 145408K Free: 77806K (54%)
10 ms. Memory: 145408K Free: 77286K (53%)
3 ms. Memory: 145408K Free: 76254K (52%)
49 ms. Memory: 145408K Free: 129506K (89%)
16 ms. Memory: 145408K Free: 119778K (82%)
3 ms. Memory: 145408K Free: 115682K (80%)
2 ms. Memory: 145408K Free: 115138K (79%)
4 ms. Memory: 145408K Free: 113120K (78%)
6 ms. Memory: 145408K Free: 105442K (73%)
5 ms. Memory: 145408K Free: 95712K (66%)
7 ms. Memory: 145408K Free: 84448K (58%)
/home/travis/build/icyphy/ptII/ptolemy/actor/lib/test/Pulse.tcl
4 ms. Memory: 145408K Free: 115835K (80%)
10 ms. Memory: 145408K Free: 115321K (79%)
1 ms. Memory: 145408K Free: 114811K (79%)
2 ms. Memory: 145408K Free: 114297K (79%)
4 ms. Memory: 145408K Free: 113787K (78%)
10 ms. Memory: 145408K Free: 112249K (77%)
4 ms. Memory: 145408K Free: 111211K (76%)
5 ms. Memory: 145408K Free: 110715K (76%)
2 ms. Memory: 145408K Free: 110201K (76%)
/home/travis/build/icyphy/ptII/ptolemy/actor/lib/test/Ramp.tcl
7 ms. Memory: 145408K Free: 108139K (74%)
3 ms. Memory: 145408K Free: 107129K (74%)
2 ms. Memory: 145408K Free: 106619K (73%)
1 ms. Memory: 145408K Free: 105595K (73%)
8 ms. Memory: 145408K Free: 105067K (72%)
8 ms. Memory: 145408K Free: 104057K (72%)
9 ms. Memory: 145408K Free: 103019K (71%)
5 actors
13000 microseconds per iteration to create
10 ms. Memory: 145408K Free: 100475K (69%)
2 ms. Memory: 145408K Free: 99947K (69%)
2 ms. Memory: 145408K Free: 99451K (68%)
2 ms. Memory: 145408K Free: 98427K (68%)
50 actors
48000 microseconds per iteration to create
50 ms. Memory: 145408K Free: 83067K (57%)
5 ms. Memory: 145408K Free: 82043K (56%)
18 ms. Memory: 145408K Free: 81019K (56%)
8 ms. Memory: 145408K Free: 79995K (55%)
500 actors
1616000 microseconds per iteration to create
226 ms. Memory: 145408K Free: 58247K (40%)
38 ms. Memory: 145408K Free: 52613K (36%)
63 ms. Memory: 175104K Free: 152858K (87%)
34 ms. Memory: 175104K Free: 147752K (84%)
/home/travis/build/icyphy/ptII/ptolemy/actor/lib/test/RampContinuous.tcl
7 ms. Memory: 175104K Free: 146218K (84%)
/home/travis/build/icyphy/ptII/ptolemy/actor/lib/test/RecordAssembler.tcl
5 ms. Memory: 175104K Free: 144666K (83%)
3 ms. Memory: 175104K Free: 143642K (82%)
/home/travis/build/icyphy/ptII/ptolemy/actor/lib/test/RecordDisassembler.tcl
6 ms. Memory: 175104K Free: 141608K (81%)
2 ms. Memory: 175104K Free: 141098K (81%)
4 ms. Memory: 175104K Free: 140074K (80%)
/home/travis/build/icyphy/ptII/ptolemy/actor/lib/test/Scale.tcl
3 ms. Memory: 175104K Free: 138026K (79%)
2 ms. Memory: 175104K Free: 137482K (79%)
2 ms. Memory: 175104K Free: 136488K (78%)
2 ms. Memory: 175104K Free: 135434K (77%)
3 ms. Memory: 175104K Free: 134954K (77%)
/home/travis/build/icyphy/ptII/ptolemy/actor/lib/test/SequentialClock.tcl
preinitializing
resolving types
initializing
executing number 1
wrapping up
idle
3 ms. Memory: 175104K Free: 133410K (76%)
Completed execution with 5 iterations
preinitializing
resolving types
initializing
executing number 1
wrapping up
idle
2 ms. Memory: 175104K Free: 132906K (76%)
Completed execution with 5 iterations
preinitializing
resolving types
initializing
executing number 1
wrapping up
idle
1 ms. Memory: 175104K Free: 132378K (76%)
Completed execution with 5 iterations
/home/travis/build/icyphy/ptII/ptolemy/actor/lib/test/SetVariable.tcl
5 ms. Memory: 175104K Free: 130858K (75%)


==== $PTII/ptolemy/actor/lib/test/SetVariable.tcl: SetVariable-3.1 changeFailed
==== Contents of test case:

    #Uses 2.1 above
    jdkCaptureErr {
        # This test was failing if we ran Exit.tcl and then this test.
        # MessageHandler.error() now actually throws the Exception.
	catch {$setVariable changeFailed [java::null]  [java::new Exception {Test exception for SetVariable.changeFailed()}]} errMsg
    } results
    list [string range $results 0 89] "\n" $errMsg

==== Result was:
{java.lang.Exception: Test exception for SetVariable.changeFailed()
	at java.base/jdk.inter} {
} {java.lang.RuntimeException: java.lang.Exception: Test exception for SetVariable.changeFailed()}
---- Result should have been:
{Failed to set variable.
java.lang.Exception: Test exception for SetVariable.changeFailed()} {
} {java.lang.RuntimeException: java.lang.Exception: Test exception for SetVariable.changeFailed()}
---- SetVariable-3.1 FAILED
/home/travis/build/icyphy/ptII/ptolemy/actor/lib/test/Sinewave.tcl
/home/travis/build/icyphy/ptII/ptolemy/actor/lib/test/SubscriptionAggregator.tcl
4 ms. Memory: 175104K Free: 118570K (68%)
2 ms. Memory: 175104K Free: 118050K (67%)
0 ms. Memory: 175104K Free: 117546K (67%)
1 ms. Memory: 175104K Free: 117018K (67%)
3 ms. Memory: 175104K Free: 113450K (65%)
10 ms. Memory: 175104K Free: 111402K (64%)
...............................................................1077 ms. Memory: 277504K Free: 211159K (76%)
/home/travis/build/icyphy/ptII/ptolemy/actor/lib/test/Test.tcl
 The next command will produce a warning about training mode,
   which may be ignored.
4 ms. Memory: 277504K Free: 209106K (75%)
2 ms. Memory: 277504K Free: 208113K (75%)
2 ms. Memory: 277504K Free: 207603K (75%)
1 ms. Memory: 277504K Free: 207082K (75%)
1 ms. Memory: 277504K Free: 206579K (74%)
2 ms. Memory: 277504K Free: 205041K (74%)
2 ms. Memory: 277504K Free: 204017K (74%)
 The next command will produce a warning about training mode,
   which may be ignored.
3 ms. Memory: 277504K Free: 201459K (73%)
 The next command will produce a warning about training mode,
   which may be ignored.
2 ms. Memory: 277504K Free: 200435K (72%)
1 ms. Memory: 277504K Free: 199914K (72%)
1 ms. Memory: 277504K Free: 199411K (72%)
2 ms. Memory: 277504K Free: 198890K (72%)
5 ms. Memory: 277504K Free: 197873K (71%)
4 ms. Memory: 277504K Free: 194291K (70%)
/home/travis/build/icyphy/ptII/ptolemy/actor/lib/test/TestExceptionHandler.tcl
 The next command will produce a warning about training mode,
   which may be ignored.
3 ms. Memory: 277504K Free: 192753K (69%)
1 ms. Memory: 277504K Free: 192243K (69%)
1 ms. Memory: 277504K Free: 191729K (69%)
/home/travis/build/icyphy/ptII/ptolemy/actor/lib/test/UnionDisassembler.tcl
12 ms. Memory: 277504K Free: 184561K (67%)
/home/travis/build/icyphy/ptII/ptolemy/actor/lib/test/VariableClock.tcl
preinitializing
resolving types
initializing
executing number 1
wrapping up
idle
2 ms. Memory: 277504K Free: 182513K (66%)
Completed execution with 11 iterations
preinitializing
resolving types
initializing
executing number 1
wrapping up
idle
2 ms. Memory: 277504K Free: 180979K (65%)
Completed execution with 10 iterations
12/03/19 06:16:35
Failed: 1  Total Tests: 234  ((Passed: 233, Newly Passed: 0)  Known Failed: 0) /home/travis/build/icyphy/ptII/ptolemy/actor/lib/test
----------------- testing (KnownFailure) /home/travis/build/icyphy/ptII/ptolemy/actor/lib/test/auto/knownFailedTests/PublisherPortToplevelSubscriber.xml
1 ms. Memory: 277504K Free: 177907K (64%)
Known Failure: java.lang.reflect.InvocationTargetException
----------------- testing (KnownFailure) /home/travis/build/icyphy/ptII/ptolemy/actor/lib/test/auto/knownFailedTests/PublisherSubscriberPortToplevel.xml
0 ms. Memory: 277504K Free: 174321K (63%)
Known Failure: java.lang.reflect.InvocationTargetException
----------------- testing (KnownFailure) /home/travis/build/icyphy/ptII/ptolemy/actor/lib/test/auto/knownFailedTests/PublisherSubscriptionAggregatorPort.xml
0 ms. Memory: 277504K Free: 169715K (61%)
Known Failure: java.lang.reflect.InvocationTargetException
----------------- testing (KnownFailure) /home/travis/build/icyphy/ptII/ptolemy/actor/lib/test/auto/knownFailedTests/sizedarray3.xml
4 ms. Memory: 277504K Free: 165619K (60%)
Known Failure: java.lang.reflect.InvocationTargetException
No auto/linux-amd64/*.xml tests in /home/travis/build/icyphy/ptII/ptolemy/actor/lib/test
AutoTests.java: About to close Vertx.
AutoTests.java: Vertx closed.

===========================================================================================
----------------- testing Tue Dec 03 06:16:35 UTC 2019 /home/travis/build/icyphy/ptII/ptolemy/actor/lib/test/auto/AbsoluteValue.xml
----------------- Instantiating /home/travis/build/icyphy/ptII/ptolemy/actor/lib/test/auto/AbsoluteValue.xml
10 ms. Memory: 277504K Free: 142067K (51%)
----------------- Invoking toplevel() on ptolemy.moml.MoMLSimpleApplication@3bb12a95
----------------- Done invoking toplevel() on ptolemy.moml.MoMLSimpleApplication@3bb12a95
reloadAllAccessors: .AbsoluteValue

===========================================================================================
----------------- testing Tue Dec 03 06:16:35 UTC 2019 /home/travis/build/icyphy/ptII/ptolemy/actor/lib/test/auto/AbsoluteValue2.xml
----------------- Instantiating /home/travis/build/icyphy/ptII/ptolemy/actor/lib/test/auto/AbsoluteValue2.xml
5 ms. Memory: 277504K Free: 135409K (49%)
----------------- Invoking toplevel() on ptolemy.moml.MoMLSimpleApplication@3733d9d8
----------------- Done invoking toplevel() on ptolemy.moml.MoMLSimpleApplication@3733d9d8
reloadAllAccessors: .AbsoluteValue2

===========================================================================================
----------------- testing Tue Dec 03 06:16:35 UTC 2019 /home/travis/build/icyphy/ptII/ptolemy/actor/lib/test/auto/Accumulator.xml
----------------- Instantiating /home/travis/build/icyphy/ptII/ptolemy/actor/lib/test/auto/Accumulator.xml
14 ms. Memory: 277504K Free: 128755K (46%)
----------------- Invoking toplevel() on ptolemy.moml.MoMLSimpleApplication@765529f3
----------------- Done invoking toplevel() on ptolemy.moml.MoMLSimpleApplication@765529f3
reloadAllAccessors: .Accumulator

===========================================================================================
----------------- testing Tue Dec 03 06:16:35 UTC 2019 /home/travis/build/icyphy/ptII/ptolemy/actor/lib/test/auto/Accumulator2.xml
----------------- Instantiating /home/travis/build/icyphy/ptII/ptolemy/actor/lib/test/auto/Accumulator2.xml
3 ms. Memory: 277504K Free: 123635K (45%)
----------------- Invoking toplevel() on ptolemy.moml.MoMLSimpleApplication@4e79415b
----------------- Done invoking toplevel() on ptolemy.moml.MoMLSimpleApplication@4e79415b
reloadAllAccessors: .Accumulator2

===========================================================================================
----------------- testing Tue Dec 03 06:16:35 UTC 2019 /home/travis/build/icyphy/ptII/ptolemy/actor/lib/test/auto/Accumulator3.xml
----------------- Instantiating /home/travis/build/icyphy/ptII/ptolemy/actor/lib/test/auto/Accumulator3.xml
2 ms. Memory: 277504K Free: 119539K (43%)
----------------- Invoking toplevel() on ptolemy.moml.MoMLSimpleApplication@2d2483fe
----------------- Done invoking toplevel() on ptolemy.moml.MoMLSimpleApplication@2d2483fe
reloadAllAccessors: .Accumulator3

===========================================================================================
----------------- testing Tue Dec 03 06:16:35 UTC 2019 /home/travis/build/icyphy/ptII/ptolemy/actor/lib/test/auto/ArrayAppend.xml
----------------- Instantiating /home/travis/build/icyphy/ptII/ptolemy/actor/lib/test/auto/ArrayAppend.xml
3 ms. Memory: 277504K Free: 112866K (41%)
----------------- Invoking toplevel() on ptolemy.moml.MoMLSimpleApplication@5c858ad9
----------------- Done invoking toplevel() on ptolemy.moml.MoMLSimpleApplication@5c858ad9
reloadAllAccessors: .ArrayAppend

===========================================================================================
----------------- testing Tue Dec 03 06:16:35 UTC 2019 /home/travis/build/icyphy/ptII/ptolemy/actor/lib/test/auto/ArrayAppend2.xml
----------------- Instantiating /home/travis/build/icyphy/ptII/ptolemy/actor/lib/test/auto/ArrayAppend2.xml
491 ms. Memory: 277504K Free: 174364K (63%)
----------------- Invoking toplevel() on ptolemy.moml.MoMLSimpleApplication@2f9aeddd
----------------- Done invoking toplevel() on ptolemy.moml.MoMLSimpleApplication@2f9aeddd
reloadAllAccessors: .ArrayAppend2

===========================================================================================
----------------- testing Tue Dec 03 06:16:36 UTC 2019 /home/travis/build/icyphy/ptII/ptolemy/actor/lib/test/auto/ArrayAppend3.xml
----------------- Instantiating /home/travis/build/icyphy/ptII/ptolemy/actor/lib/test/auto/ArrayAppend3.xml
5 ms. Memory: 277504K Free: 168220K (61%)
----------------- Invoking toplevel() on ptolemy.moml.MoMLSimpleApplication@70742143
----------------- Done invoking toplevel() on ptolemy.moml.MoMLSimpleApplication@70742143
reloadAllAccessors: .ArrayAppend3

===========================================================================================
----------------- testing Tue Dec 03 06:16:36 UTC 2019 /home/travis/build/icyphy/ptII/ptolemy/actor/lib/test/auto/ArrayAppend4.xml
----------------- Instantiating /home/travis/build/icyphy/ptII/ptolemy/actor/lib/test/auto/ArrayAppend4.xml
4 ms. Memory: 277504K Free: 163100K (59%)
----------------- Invoking toplevel() on ptolemy.moml.MoMLSimpleApplication@105bc15f
----------------- Done invoking toplevel() on ptolemy.moml.MoMLSimpleApplication@105bc15f
reloadAllAccessors: .ArrayAppend4

===========================================================================================
----------------- testing Tue Dec 03 06:16:36 UTC 2019 /home/travis/build/icyphy/ptII/ptolemy/actor/lib/test/auto/ArrayAppend5.xml
----------------- Instantiating /home/travis/build/icyphy/ptII/ptolemy/actor/lib/test/auto/ArrayAppend5.xml
2 ms. Memory: 277504K Free: 157980K (57%)
----------------- Invoking toplevel() on ptolemy.moml.MoMLSimpleApplication@59c82a3d
----------------- Done invoking toplevel() on ptolemy.moml.MoMLSimpleApplication@59c82a3d
reloadAllAccessors: .ArrayAppend5

===========================================================================================
----------------- testing Tue Dec 03 06:16:36 UTC 2019 /home/travis/build/icyphy/ptII/ptolemy/actor/lib/test/auto/ArrayAppend6.xml
----------------- Instantiating /home/travis/build/icyphy/ptII/ptolemy/actor/lib/test/auto/ArrayAppend6.xml
4 ms. Memory: 277504K Free: 152860K (55%)
----------------- Invoking toplevel() on ptolemy.moml.MoMLSimpleApplication@15fbe14e
----------------- Done invoking toplevel() on ptolemy.moml.MoMLSimpleApplication@15fbe14e
reloadAllAccessors: .ArrayAppend6

===========================================================================================
----------------- testing Tue Dec 03 06:16:36 UTC 2019 /home/travis/build/icyphy/ptII/ptolemy/actor/lib/test/auto/ArrayAppendPerformanceTest.xml
----------------- Instantiating /home/travis/build/icyphy/ptII/ptolemy/actor/lib/test/auto/ArrayAppendPerformanceTest.xml
36 ms. Memory: 277504K Free: 142110K (51%)
----------------- Invoking toplevel() on ptolemy.moml.MoMLSimpleApplication@75f6378c
----------------- Done invoking toplevel() on ptolemy.moml.MoMLSimpleApplication@75f6378c
reloadAllAccessors: .ArrayAppendPerformanceTest

===========================================================================================
----------------- testing Tue Dec 03 06:16:36 UTC 2019 /home/travis/build/icyphy/ptII/ptolemy/actor/lib/test/auto/ArrayAppendWithEmptyInput.xml
----------------- Instantiating /home/travis/build/icyphy/ptII/ptolemy/actor/lib/test/auto/ArrayAppendWithEmptyInput.xml
7 ms. Memory: 277504K Free: 133918K (48%)
----------------- Invoking toplevel() on ptolemy.moml.MoMLSimpleApplication@6cebf844
----------------- Done invoking toplevel() on ptolemy.moml.MoMLSimpleApplication@6cebf844
reloadAllAccessors: .ArrayAppendWithEmptyInput

===========================================================================================
----------------- testing Tue Dec 03 06:16:36 UTC 2019 /home/travis/build/icyphy/ptII/ptolemy/actor/lib/test/auto/ArrayAverage.xml
----------------- Instantiating /home/travis/build/icyphy/ptII/ptolemy/actor/lib/test/auto/ArrayAverage.xml
20 ms. Memory: 277504K Free: 126236K (45%)
----------------- Invoking toplevel() on ptolemy.moml.MoMLSimpleApplication@202593d6
----------------- Done invoking toplevel() on ptolemy.moml.MoMLSimpleApplication@202593d6
reloadAllAccessors: .ArrayAverage

===========================================================================================
----------------- testing Tue Dec 03 06:16:36 UTC 2019 /home/travis/build/icyphy/ptII/ptolemy/actor/lib/test/auto/ArrayContains.xml
----------------- Instantiating /home/travis/build/icyphy/ptII/ptolemy/actor/lib/test/auto/ArrayContains.xml
7 ms. Memory: 277504K Free: 120092K (43%)
----------------- Invoking toplevel() on ptolemy.moml.MoMLSimpleApplication@176c112c
----------------- Done invoking toplevel() on ptolemy.moml.MoMLSimpleApplication@176c112c
reloadAllAccessors: .ArrayContains

===========================================================================================
----------------- testing Tue Dec 03 06:16:36 UTC 2019 /home/travis/build/icyphy/ptII/ptolemy/actor/lib/test/auto/ArrayElement.xml
----------------- Instantiating /home/travis/build/icyphy/ptII/ptolemy/actor/lib/test/auto/ArrayElement.xml
5 ms. Memory: 277504K Free: 114462K (41%)
----------------- Invoking toplevel() on ptolemy.moml.MoMLSimpleApplication@71befec9
----------------- Done invoking toplevel() on ptolemy.moml.MoMLSimpleApplication@71befec9
reloadAllAccessors: .ArrayElement

===========================================================================================
----------------- testing Tue Dec 03 06:16:36 UTC 2019 /home/travis/build/icyphy/ptII/ptolemy/actor/lib/test/auto/ArrayElementAsMatrix.xml
----------------- Instantiating /home/travis/build/icyphy/ptII/ptolemy/actor/lib/test/auto/ArrayElementAsMatrix.xml
11 ms. Memory: 277504K Free: 104732K (38%)
----------------- Invoking toplevel() on ptolemy.moml.MoMLSimpleApplication@5f37597d
----------------- Done invoking toplevel() on ptolemy.moml.MoMLSimpleApplication@5f37597d
reloadAllAccessors: .ArrayElementAsMatrix

===========================================================================================
----------------- testing Tue Dec 03 06:16:36 UTC 2019 /home/travis/build/icyphy/ptII/ptolemy/actor/lib/test/auto/ArrayElementI.xml
----------------- Instantiating /home/travis/build/icyphy/ptII/ptolemy/actor/lib/test/auto/ArrayElementI.xml
3 ms. Memory: 277504K Free: 99102K (36%)
----------------- Invoking toplevel() on ptolemy.moml.MoMLSimpleApplication@289b6581
----------------- Done invoking toplevel() on ptolemy.moml.MoMLSimpleApplication@289b6581
reloadAllAccessors: .ArrayElementI

===========================================================================================
----------------- testing Tue Dec 03 06:16:36 UTC 2019 /home/travis/build/icyphy/ptII/ptolemy/actor/lib/test/auto/ArrayExtract.xml
----------------- Instantiating /home/travis/build/icyphy/ptII/ptolemy/actor/lib/test/auto/ArrayExtract.xml
3 ms. Memory: 277504K Free: 90910K (33%)
----------------- Invoking toplevel() on ptolemy.moml.MoMLSimpleApplication@3dc65278
----------------- Done invoking toplevel() on ptolemy.moml.MoMLSimpleApplication@3dc65278
reloadAllAccessors: .ArrayExtract

===========================================================================================
----------------- testing Tue Dec 03 06:16:36 UTC 2019 /home/travis/build/icyphy/ptII/ptolemy/actor/lib/test/auto/ArrayExtract2.xml
----------------- Instantiating /home/travis/build/icyphy/ptII/ptolemy/actor/lib/test/auto/ArrayExtract2.xml
5 ms. Memory: 277504K Free: 85261K (31%)
----------------- Invoking toplevel() on ptolemy.moml.MoMLSimpleApplication@1e89511a
----------------- Done invoking toplevel() on ptolemy.moml.MoMLSimpleApplication@1e89511a
reloadAllAccessors: .ArrayExtract2

===========================================================================================
----------------- testing Tue Dec 03 06:16:36 UTC 2019 /home/travis/build/icyphy/ptII/ptolemy/actor/lib/test/auto/ArrayLength.xml
----------------- Instantiating /home/travis/build/icyphy/ptII/ptolemy/actor/lib/test/auto/ArrayLength.xml
2 ms. Memory: 277504K Free: 81694K (29%)
----------------- Invoking toplevel() on ptolemy.moml.MoMLSimpleApplication@6871ee98
----------------- Done invoking toplevel() on ptolemy.moml.MoMLSimpleApplication@6871ee98
reloadAllAccessors: .ArrayLength

===========================================================================================
----------------- testing Tue Dec 03 06:16:36 UTC 2019 /home/travis/build/icyphy/ptII/ptolemy/actor/lib/test/auto/ArrayLevelCrossing.xml
----------------- Instantiating /home/travis/build/icyphy/ptII/ptolemy/actor/lib/test/auto/ArrayLevelCrossing.xml
4 ms. Memory: 277504K Free: 73502K (26%)
----------------- Invoking toplevel() on ptolemy.moml.MoMLSimpleApplication@72201e3a
----------------- Done invoking toplevel() on ptolemy.moml.MoMLSimpleApplication@72201e3a
reloadAllAccessors: .ArrayLevelCrossing

===========================================================================================
----------------- testing Tue Dec 03 06:16:37 UTC 2019 /home/travis/build/icyphy/ptII/ptolemy/actor/lib/test/auto/ArrayLevelCrossing2.xml
----------------- Instantiating /home/travis/build/icyphy/ptII/ptolemy/actor/lib/test/auto/ArrayLevelCrossing2.xml
5 ms. Memory: 277504K Free: 227614K (82%)
----------------- Invoking toplevel() on ptolemy.moml.MoMLSimpleApplication@511b901b
----------------- Done invoking toplevel() on ptolemy.moml.MoMLSimpleApplication@511b901b
reloadAllAccessors: .ArrayLevelCrossing2

===========================================================================================
----------------- testing Tue Dec 03 06:16:37 UTC 2019 /home/travis/build/icyphy/ptII/ptolemy/actor/lib/test/auto/ArrayPeakSearch.xml
----------------- Instantiating /home/travis/build/icyphy/ptII/ptolemy/actor/lib/test/auto/ArrayPeakSearch.xml
7 ms. Memory: 277504K Free: 218398K (79%)
----------------- Invoking toplevel() on ptolemy.moml.MoMLSimpleApplication@f4603ed
----------------- Done invoking toplevel() on ptolemy.moml.MoMLSimpleApplication@f4603ed
reloadAllAccessors: .ArrayPeakSearch

===========================================================================================
----------------- testing Tue Dec 03 06:16:37 UTC 2019 /home/travis/build/icyphy/ptII/ptolemy/actor/lib/test/auto/ArrayPeakSearch2.xml
----------------- Instantiating /home/travis/build/icyphy/ptII/ptolemy/actor/lib/test/auto/ArrayPeakSearch2.xml
7 ms. Memory: 277504K Free: 208158K (75%)
----------------- Invoking toplevel() on ptolemy.moml.MoMLSimpleApplication@5fe268a6
----------------- Done invoking toplevel() on ptolemy.moml.MoMLSimpleApplication@5fe268a6
reloadAllAccessors: .ArrayPeakSearch2

===========================================================================================
----------------- testing Tue Dec 03 06:16:37 UTC 2019 /home/travis/build/icyphy/ptII/ptolemy/actor/lib/test/auto/ArrayPeakSearch3.xml
----------------- Instantiating /home/travis/build/icyphy/ptII/ptolemy/actor/lib/test/auto/ArrayPeakSearch3.xml
5 ms. Memory: 277504K Free: 198942K (72%)
----------------- Invoking toplevel() on ptolemy.moml.MoMLSimpleApplication@a6cbecf
----------------- Done invoking toplevel() on ptolemy.moml.MoMLSimpleApplication@a6cbecf
reloadAllAccessors: .ArrayPeakSearch3

===========================================================================================
----------------- testing Tue Dec 03 06:16:37 UTC 2019 /home/travis/build/icyphy/ptII/ptolemy/actor/lib/test/auto/ArrayRemoveElement.xml
----------------- Instantiating /home/travis/build/icyphy/ptII/ptolemy/actor/lib/test/auto/ArrayRemoveElement.xml
4 ms. Memory: 277504K Free: 191260K (69%)
----------------- Invoking toplevel() on ptolemy.moml.MoMLSimpleApplication@4406c895
----------------- Done invoking toplevel() on ptolemy.moml.MoMLSimpleApplication@4406c895
reloadAllAccessors: .ArrayRemoveElement

===========================================================================================
----------------- testing Tue Dec 03 06:16:37 UTC 2019 /home/travis/build/icyphy/ptII/ptolemy/actor/lib/test/auto/ArraySort.xml
----------------- Instantiating /home/travis/build/icyphy/ptII/ptolemy/actor/lib/test/auto/ArraySort.xml
7 ms. Memory: 277504K Free: 182044K (66%)
----------------- Invoking toplevel() on ptolemy.moml.MoMLSimpleApplication@3e7021cf
----------------- Done invoking toplevel() on ptolemy.moml.MoMLSimpleApplication@3e7021cf
reloadAllAccessors: .ArraySort

===========================================================================================
----------------- testing Tue Dec 03 06:16:37 UTC 2019 /home/travis/build/icyphy/ptII/ptolemy/actor/lib/test/auto/ArraySum.xml
----------------- Instantiating /home/travis/build/icyphy/ptII/ptolemy/actor/lib/test/auto/ArraySum.xml
5 ms. Memory: 277504K Free: 176924K (64%)
----------------- Invoking toplevel() on ptolemy.moml.MoMLSimpleApplication@584665b4
----------------- Done invoking toplevel() on ptolemy.moml.MoMLSimpleApplication@584665b4
reloadAllAccessors: .ArraySum

===========================================================================================
----------------- testing Tue Dec 03 06:16:37 UTC 2019 /home/travis/build/icyphy/ptII/ptolemy/actor/lib/test/auto/ArrayToElements.xml
----------------- Instantiating /home/travis/build/icyphy/ptII/ptolemy/actor/lib/test/auto/ArrayToElements.xml
3 ms. Memory: 277504K Free: 171294K (62%)
----------------- Invoking toplevel() on ptolemy.moml.MoMLSimpleApplication@40249ea8
----------------- Done invoking toplevel() on ptolemy.moml.MoMLSimpleApplication@40249ea8
reloadAllAccessors: .ArrayToElements

===========================================================================================
----------------- testing Tue Dec 03 06:16:37 UTC 2019 /home/travis/build/icyphy/ptII/ptolemy/actor/lib/test/auto/ArrayToMatrix.xml
----------------- Instantiating /home/travis/build/icyphy/ptII/ptolemy/actor/lib/test/auto/ArrayToMatrix.xml
9 ms. Memory: 277504K Free: 157468K (57%)
----------------- Invoking toplevel() on ptolemy.moml.MoMLSimpleApplication@3e0912da
----------------- Done invoking toplevel() on ptolemy.moml.MoMLSimpleApplication@3e0912da
reloadAllAccessors: .ArrayToMatrix

===========================================================================================
----------------- testing Tue Dec 03 06:16:37 UTC 2019 /home/travis/build/icyphy/ptII/ptolemy/actor/lib/test/auto/ArrayUpdate1.xml
----------------- Instantiating /home/travis/build/icyphy/ptII/ptolemy/actor/lib/test/auto/ArrayUpdate1.xml
4 ms. Memory: 277504K Free: 152348K (55%)
----------------- Invoking toplevel() on ptolemy.moml.MoMLSimpleApplication@323a5c8b
----------------- Done invoking toplevel() on ptolemy.moml.MoMLSimpleApplication@323a5c8b
reloadAllAccessors: .ArrayUpdate1

===========================================================================================
----------------- testing Tue Dec 03 06:16:37 UTC 2019 /home/travis/build/icyphy/ptII/ptolemy/actor/lib/test/auto/ArrayUpdate2.xml
----------------- Instantiating /home/travis/build/icyphy/ptII/ptolemy/actor/lib/test/auto/ArrayUpdate2.xml
5 ms. Memory: 277504K Free: 146189K (53%)
----------------- Invoking toplevel() on ptolemy.moml.MoMLSimpleApplication@5f0f72f0
----------------- Done invoking toplevel() on ptolemy.moml.MoMLSimpleApplication@5f0f72f0
reloadAllAccessors: .ArrayUpdate2

===========================================================================================
----------------- testing Tue Dec 03 06:16:37 UTC 2019 /home/travis/build/icyphy/ptII/ptolemy/actor/lib/test/auto/ArrayUpdate3.xml
----------------- Instantiating /home/travis/build/icyphy/ptII/ptolemy/actor/lib/test/auto/ArrayUpdate3.xml
5 ms. Memory: 277504K Free: 141084K (51%)
----------------- Invoking toplevel() on ptolemy.moml.MoMLSimpleApplication@64be6cab
----------------- Done invoking toplevel() on ptolemy.moml.MoMLSimpleApplication@64be6cab
reloadAllAccessors: .ArrayUpdate3

===========================================================================================
----------------- testing Tue Dec 03 06:16:37 UTC 2019 /home/travis/build/icyphy/ptII/ptolemy/actor/lib/test/auto/Assert1.xml
----------------- Instantiating /home/travis/build/icyphy/ptII/ptolemy/actor/lib/test/auto/Assert1.xml
9 ms. Memory: 277504K Free: 136988K (49%)
----------------- Invoking toplevel() on ptolemy.moml.MoMLSimpleApplication@2a4413c5
----------------- Done invoking toplevel() on ptolemy.moml.MoMLSimpleApplication@2a4413c5
reloadAllAccessors: .Assert1

===========================================================================================
----------------- testing Tue Dec 03 06:16:37 UTC 2019 /home/travis/build/icyphy/ptII/ptolemy/actor/lib/test/auto/Assert2.xml
----------------- Instantiating /home/travis/build/icyphy/ptII/ptolemy/actor/lib/test/auto/Assert2.xml
2 ms. Memory: 277504K Free: 131358K (47%)
----------------- Invoking toplevel() on ptolemy.moml.MoMLSimpleApplication@91b3c67
----------------- Done invoking toplevel() on ptolemy.moml.MoMLSimpleApplication@91b3c67
reloadAllAccessors: .Assert2

===========================================================================================
----------------- testing Tue Dec 03 06:16:37 UTC 2019 /home/travis/build/icyphy/ptII/ptolemy/actor/lib/test/auto/BooleanMultiplexor.xml
----------------- Instantiating /home/travis/build/icyphy/ptII/ptolemy/actor/lib/test/auto/BooleanMultiplexor.xml
2 ms. Memory: 277504K Free: 126238K (45%)
----------------- Invoking toplevel() on ptolemy.moml.MoMLSimpleApplication@b049a40
----------------- Done invoking toplevel() on ptolemy.moml.MoMLSimpleApplication@b049a40
reloadAllAccessors: .BooleanMultiplexor

===========================================================================================
----------------- testing Tue Dec 03 06:16:37 UTC 2019 /home/travis/build/icyphy/ptII/ptolemy/actor/lib/test/auto/BooleanMultiplexor2.xml
----------------- Instantiating /home/travis/build/icyphy/ptII/ptolemy/actor/lib/test/auto/BooleanMultiplexor2.xml
12 ms. Memory: 277504K Free: 119580K (43%)
----------------- Invoking toplevel() on ptolemy.moml.MoMLSimpleApplication@173aea01
----------------- Done invoking toplevel() on ptolemy.moml.MoMLSimpleApplication@173aea01
reloadAllAccessors: .BooleanMultiplexor2

===========================================================================================
----------------- testing Tue Dec 03 06:16:37 UTC 2019 /home/travis/build/icyphy/ptII/ptolemy/actor/lib/test/auto/BooleanMultiplexor3.xml
----------------- Instantiating /home/travis/build/icyphy/ptII/ptolemy/actor/lib/test/auto/BooleanMultiplexor3.xml
8 ms. Memory: 277504K Free: 115996K (42%)
----------------- Invoking toplevel() on ptolemy.moml.MoMLSimpleApplication@4de8d2b4
----------------- Done invoking toplevel() on ptolemy.moml.MoMLSimpleApplication@4de8d2b4
reloadAllAccessors: .BooleanMultiplexor3

===========================================================================================
----------------- testing Tue Dec 03 06:16:37 UTC 2019 /home/travis/build/icyphy/ptII/ptolemy/actor/lib/test/auto/BooleanSelect.xml
----------------- Instantiating /home/travis/build/icyphy/ptII/ptolemy/actor/lib/test/auto/BooleanSelect.xml
8 ms. Memory: 277504K Free: 109854K (40%)
----------------- Invoking toplevel() on ptolemy.moml.MoMLSimpleApplication@110f06f4
----------------- Done invoking toplevel() on ptolemy.moml.MoMLSimpleApplication@110f06f4
reloadAllAccessors: .BooleanSelect

===========================================================================================
----------------- testing Tue Dec 03 06:16:37 UTC 2019 /home/travis/build/icyphy/ptII/ptolemy/actor/lib/test/auto/BooleanSelect2.xml
----------------- Instantiating /home/travis/build/icyphy/ptII/ptolemy/actor/lib/test/auto/BooleanSelect2.xml
1 ms. Memory: 277504K Free: 105758K (38%)
----------------- Invoking toplevel() on ptolemy.moml.MoMLSimpleApplication@788c5871
----------------- Done invoking toplevel() on ptolemy.moml.MoMLSimpleApplication@788c5871
reloadAllAccessors: .BooleanSelect2

===========================================================================================
----------------- testing Tue Dec 03 06:16:37 UTC 2019 /home/travis/build/icyphy/ptII/ptolemy/actor/lib/test/auto/BooleanSwitch.xml
----------------- Instantiating /home/travis/build/icyphy/ptII/ptolemy/actor/lib/test/auto/BooleanSwitch.xml
15 ms. Memory: 277504K Free: 99090K (36%)
----------------- Invoking toplevel() on ptolemy.moml.MoMLSimpleApplication@6bfa1711
----------------- Done invoking toplevel() on ptolemy.moml.MoMLSimpleApplication@6bfa1711
reloadAllAccessors: .BooleanSwitch

===========================================================================================
----------------- testing Tue Dec 03 06:16:37 UTC 2019 /home/travis/build/icyphy/ptII/ptolemy/actor/lib/test/auto/BooleanSwitch2.xml
----------------- Instantiating /home/travis/build/icyphy/ptII/ptolemy/actor/lib/test/auto/BooleanSwitch2.xml
3 ms. Memory: 277504K Free: 95004K (34%)
----------------- Invoking toplevel() on ptolemy.moml.MoMLSimpleApplication@5350e904
----------------- Done invoking toplevel() on ptolemy.moml.MoMLSimpleApplication@5350e904
reloadAllAccessors: .BooleanSwitch2

===========================================================================================
----------------- testing Tue Dec 03 06:16:37 UTC 2019 /home/travis/build/icyphy/ptII/ptolemy/actor/lib/test/auto/BooleanSwitchCloningBugWithClassRelationGroup.xml
----------------- Instantiating /home/travis/build/icyphy/ptII/ptolemy/actor/lib/test/auto/BooleanSwitchCloningBugWithClassRelationGroup.xml
2 ms. Memory: 277504K Free: 88350K (32%)
----------------- Invoking toplevel() on ptolemy.moml.MoMLSimpleApplication@23892781
----------------- Done invoking toplevel() on ptolemy.moml.MoMLSimpleApplication@23892781
reloadAllAccessors: .BooleanSwitchCloningBugWithClassRelationGroup

===========================================================================================
----------------- testing Tue Dec 03 06:16:37 UTC 2019 /home/travis/build/icyphy/ptII/ptolemy/actor/lib/test/auto/BusActors.xml
----------------- Instantiating /home/travis/build/icyphy/ptII/ptolemy/actor/lib/test/auto/BusActors.xml
9 ms. Memory: 277504K Free: 80668K (29%)
----------------- Invoking toplevel() on ptolemy.moml.MoMLSimpleApplication@1a9f63b3
----------------- Done invoking toplevel() on ptolemy.moml.MoMLSimpleApplication@1a9f63b3
reloadAllAccessors: .BusActors

===========================================================================================
----------------- testing Tue Dec 03 06:16:37 UTC 2019 /home/travis/build/icyphy/ptII/ptolemy/actor/lib/test/auto/ClassWrapper.xml
----------------- Instantiating /home/travis/build/icyphy/ptII/ptolemy/actor/lib/test/auto/ClassWrapper.xml
2 ms. Memory: 277504K Free: 76062K (27%)
----------------- Invoking toplevel() on ptolemy.moml.MoMLSimpleApplication@6f678809
----------------- Done invoking toplevel() on ptolemy.moml.MoMLSimpleApplication@6f678809
reloadAllAccessors: .ClassWrapper

===========================================================================================
----------------- testing Tue Dec 03 06:16:37 UTC 2019 /home/travis/build/icyphy/ptII/ptolemy/actor/lib/test/auto/Clock.xml
----------------- Instantiating /home/travis/build/icyphy/ptII/ptolemy/actor/lib/test/auto/Clock.xml
2 ms. Memory: 277504K Free: 72476K (26%)
----------------- Invoking toplevel() on ptolemy.moml.MoMLSimpleApplication@553b6379
----------------- Done invoking toplevel() on ptolemy.moml.MoMLSimpleApplication@553b6379
reloadAllAccessors: .Clock

===========================================================================================
----------------- testing Tue Dec 03 06:16:37 UTC 2019 /home/travis/build/icyphy/ptII/ptolemy/actor/lib/test/auto/Clock10.xml
----------------- Instantiating /home/travis/build/icyphy/ptII/ptolemy/actor/lib/test/auto/Clock10.xml
5 ms. Memory: 521216K Free: 470837K (90%)
----------------- Invoking toplevel() on ptolemy.moml.MoMLSimpleApplication@5258965a
----------------- Done invoking toplevel() on ptolemy.moml.MoMLSimpleApplication@5258965a
reloadAllAccessors: .Clock10

===========================================================================================
----------------- testing Tue Dec 03 06:16:37 UTC 2019 /home/travis/build/icyphy/ptII/ptolemy/actor/lib/test/auto/Clock11.xml
----------------- Instantiating /home/travis/build/icyphy/ptII/ptolemy/actor/lib/test/auto/Clock11.xml
8 ms. Memory: 521216K Free: 464684K (89%)
----------------- Invoking toplevel() on ptolemy.moml.MoMLSimpleApplication@150d43e6
----------------- Done invoking toplevel() on ptolemy.moml.MoMLSimpleApplication@150d43e6
reloadAllAccessors: .Clock11

===========================================================================================
----------------- testing Tue Dec 03 06:16:37 UTC 2019 /home/travis/build/icyphy/ptII/ptolemy/actor/lib/test/auto/Clock12.xml
----------------- Instantiating /home/travis/build/icyphy/ptII/ptolemy/actor/lib/test/auto/Clock12.xml
5 ms. Memory: 521216K Free: 458549K (88%)
----------------- Invoking toplevel() on ptolemy.moml.MoMLSimpleApplication@3310083b
----------------- Done invoking toplevel() on ptolemy.moml.MoMLSimpleApplication@3310083b
reloadAllAccessors: .Clock12

===========================================================================================
----------------- testing Tue Dec 03 06:16:37 UTC 2019 /home/travis/build/icyphy/ptII/ptolemy/actor/lib/test/auto/Clock13.xml
----------------- Instantiating /home/travis/build/icyphy/ptII/ptolemy/actor/lib/test/auto/Clock13.xml
4 ms. Memory: 521216K Free: 452919K (87%)
----------------- Invoking toplevel() on ptolemy.moml.MoMLSimpleApplication@53efd7f1
----------------- Done invoking toplevel() on ptolemy.moml.MoMLSimpleApplication@53efd7f1
reloadAllAccessors: .Clock13

===========================================================================================
----------------- testing Tue Dec 03 06:16:37 UTC 2019 /home/travis/build/icyphy/ptII/ptolemy/actor/lib/test/auto/Clock14.xml
----------------- Instantiating /home/travis/build/icyphy/ptII/ptolemy/actor/lib/test/auto/Clock14.xml
6 ms. Memory: 521216K Free: 446775K (86%)
----------------- Invoking toplevel() on ptolemy.moml.MoMLSimpleApplication@23879281
----------------- Done invoking toplevel() on ptolemy.moml.MoMLSimpleApplication@23879281
reloadAllAccessors: .Clock14

===========================================================================================
----------------- testing Tue Dec 03 06:16:37 UTC 2019 /home/travis/build/icyphy/ptII/ptolemy/actor/lib/test/auto/Clock15.xml
----------------- Instantiating /home/travis/build/icyphy/ptII/ptolemy/actor/lib/test/auto/Clock15.xml
6 ms. Memory: 521216K Free: 441135K (85%)
----------------- Invoking toplevel() on ptolemy.moml.MoMLSimpleApplication@62a28d87
----------------- Done invoking toplevel() on ptolemy.moml.MoMLSimpleApplication@62a28d87
reloadAllAccessors: .Clock15

===========================================================================================
----------------- testing Tue Dec 03 06:16:38 UTC 2019 /home/travis/build/icyphy/ptII/ptolemy/actor/lib/test/auto/Clock16.xml
----------------- Instantiating /home/travis/build/icyphy/ptII/ptolemy/actor/lib/test/auto/Clock16.xml
40 ms. Memory: 521216K Free: 425781K (82%)
----------------- Invoking toplevel() on ptolemy.moml.MoMLSimpleApplication@4d2c8106
----------------- Done invoking toplevel() on ptolemy.moml.MoMLSimpleApplication@4d2c8106
reloadAllAccessors: .Clock16

===========================================================================================
----------------- testing Tue Dec 03 06:16:38 UTC 2019 /home/travis/build/icyphy/ptII/ptolemy/actor/lib/test/auto/Clock17.xml
----------------- Instantiating /home/travis/build/icyphy/ptII/ptolemy/actor/lib/test/auto/Clock17.xml
14 ms. Memory: 521216K Free: 411959K (79%)
----------------- Invoking toplevel() on ptolemy.moml.MoMLSimpleApplication@1fcab69a
----------------- Done invoking toplevel() on ptolemy.moml.MoMLSimpleApplication@1fcab69a
reloadAllAccessors: .Clock17

===========================================================================================
----------------- testing Tue Dec 03 06:16:38 UTC 2019 /home/travis/build/icyphy/ptII/ptolemy/actor/lib/test/auto/Clock18.xml
----------------- Instantiating /home/travis/build/icyphy/ptII/ptolemy/actor/lib/test/auto/Clock18.xml
15 ms. Memory: 521216K Free: 398119K (76%)
----------------- Invoking toplevel() on ptolemy.moml.MoMLSimpleApplication@3bdbbf02
----------------- Done invoking toplevel() on ptolemy.moml.MoMLSimpleApplication@3bdbbf02
reloadAllAccessors: .Clock18

===========================================================================================
----------------- testing Tue Dec 03 06:16:38 UTC 2019 /home/travis/build/icyphy/ptII/ptolemy/actor/lib/test/auto/Clock19.xml
----------------- Instantiating /home/travis/build/icyphy/ptII/ptolemy/actor/lib/test/auto/Clock19.xml
15 ms. Memory: 521216K Free: 385335K (74%)
----------------- Invoking toplevel() on ptolemy.moml.MoMLSimpleApplication@2c427262
----------------- Done invoking toplevel() on ptolemy.moml.MoMLSimpleApplication@2c427262
reloadAllAccessors: .Clock19

===========================================================================================
----------------- testing Tue Dec 03 06:16:38 UTC 2019 /home/travis/build/icyphy/ptII/ptolemy/actor/lib/test/auto/Clock2.xml
----------------- Instantiating /home/travis/build/icyphy/ptII/ptolemy/actor/lib/test/auto/Clock2.xml
5 ms. Memory: 521216K Free: 380215K (73%)
----------------- Invoking toplevel() on ptolemy.moml.MoMLSimpleApplication@70796fe0
----------------- Done invoking toplevel() on ptolemy.moml.MoMLSimpleApplication@70796fe0
reloadAllAccessors: .Clock2

===========================================================================================
----------------- testing Tue Dec 03 06:16:38 UTC 2019 /home/travis/build/icyphy/ptII/ptolemy/actor/lib/test/auto/Clock20.xml
----------------- Instantiating /home/travis/build/icyphy/ptII/ptolemy/actor/lib/test/auto/Clock20.xml
7 ms. Memory: 521216K Free: 374581K (72%)
----------------- Invoking toplevel() on ptolemy.moml.MoMLSimpleApplication@543b9a9d
----------------- Done invoking toplevel() on ptolemy.moml.MoMLSimpleApplication@543b9a9d
reloadAllAccessors: .Clock20

===========================================================================================
----------------- testing Tue Dec 03 06:16:38 UTC 2019 /home/travis/build/icyphy/ptII/ptolemy/actor/lib/test/auto/Clock21.xml
----------------- Instantiating /home/travis/build/icyphy/ptII/ptolemy/actor/lib/test/auto/Clock21.xml
5 ms. Memory: 521216K Free: 369461K (71%)
----------------- Invoking toplevel() on ptolemy.moml.MoMLSimpleApplication@65ed81bd
----------------- Done invoking toplevel() on ptolemy.moml.MoMLSimpleApplication@65ed81bd
reloadAllAccessors: .Clock21

===========================================================================================
----------------- testing Tue Dec 03 06:16:38 UTC 2019 /home/travis/build/icyphy/ptII/ptolemy/actor/lib/test/auto/Clock22.xml
----------------- Instantiating /home/travis/build/icyphy/ptII/ptolemy/actor/lib/test/auto/Clock22.xml
5 ms. Memory: 521216K Free: 363831K (70%)
----------------- Invoking toplevel() on ptolemy.moml.MoMLSimpleApplication@a280494
----------------- Done invoking toplevel() on ptolemy.moml.MoMLSimpleApplication@a280494
reloadAllAccessors: .Clock22

===========================================================================================
----------------- testing Tue Dec 03 06:16:38 UTC 2019 /home/travis/build/icyphy/ptII/ptolemy/actor/lib/test/auto/Clock23.xml
----------------- Instantiating /home/travis/build/icyphy/ptII/ptolemy/actor/lib/test/auto/Clock23.xml
3 ms. Memory: 521216K Free: 358711K (69%)
----------------- Invoking toplevel() on ptolemy.moml.MoMLSimpleApplication@7476b8da
----------------- Done invoking toplevel() on ptolemy.moml.MoMLSimpleApplication@7476b8da
reloadAllAccessors: .Clock23

===========================================================================================
----------------- testing Tue Dec 03 06:16:38 UTC 2019 /home/travis/build/icyphy/ptII/ptolemy/actor/lib/test/auto/Clock24.xml
----------------- Instantiating /home/travis/build/icyphy/ptII/ptolemy/actor/lib/test/auto/Clock24.xml
7 ms. Memory: 521216K Free: 353077K (68%)
----------------- Invoking toplevel() on ptolemy.moml.MoMLSimpleApplication@1a271bbd
----------------- Done invoking toplevel() on ptolemy.moml.MoMLSimpleApplication@1a271bbd
reloadAllAccessors: .Clock24

===========================================================================================
----------------- testing Tue Dec 03 06:16:38 UTC 2019 /home/travis/build/icyphy/ptII/ptolemy/actor/lib/test/auto/Clock4.xml
----------------- Instantiating /home/travis/build/icyphy/ptII/ptolemy/actor/lib/test/auto/Clock4.xml
2 ms. Memory: 521216K Free: 348471K (67%)
----------------- Invoking toplevel() on ptolemy.moml.MoMLSimpleApplication@4b0cc901
----------------- Done invoking toplevel() on ptolemy.moml.MoMLSimpleApplication@4b0cc901
reloadAllAccessors: .Clock4

===========================================================================================
----------------- testing Tue Dec 03 06:16:38 UTC 2019 /home/travis/build/icyphy/ptII/ptolemy/actor/lib/test/auto/Clock5.xml
----------------- Instantiating /home/travis/build/icyphy/ptII/ptolemy/actor/lib/test/auto/Clock5.xml
2 ms. Memory: 521216K Free: 342837K (66%)
----------------- Invoking toplevel() on ptolemy.moml.MoMLSimpleApplication@5e645f13
----------------- Done invoking toplevel() on ptolemy.moml.MoMLSimpleApplication@5e645f13
reloadAllAccessors: .Clock5

===========================================================================================
----------------- testing Tue Dec 03 06:16:38 UTC 2019 /home/travis/build/icyphy/ptII/ptolemy/actor/lib/test/auto/Clock6.xml
----------------- Instantiating /home/travis/build/icyphy/ptII/ptolemy/actor/lib/test/auto/Clock6.xml
3 ms. Memory: 521216K Free: 338231K (65%)
----------------- Invoking toplevel() on ptolemy.moml.MoMLSimpleApplication@7ab7e1bd
----------------- Done invoking toplevel() on ptolemy.moml.MoMLSimpleApplication@7ab7e1bd
reloadAllAccessors: .Clock6

===========================================================================================
----------------- testing Tue Dec 03 06:16:38 UTC 2019 /home/travis/build/icyphy/ptII/ptolemy/actor/lib/test/auto/Clock7.xml
----------------- Instantiating /home/travis/build/icyphy/ptII/ptolemy/actor/lib/test/auto/Clock7.xml
1 ms. Memory: 521216K Free: 333621K (64%)
----------------- Invoking toplevel() on ptolemy.moml.MoMLSimpleApplication@4174f426
----------------- Done invoking toplevel() on ptolemy.moml.MoMLSimpleApplication@4174f426
reloadAllAccessors: .Clock7

===========================================================================================
----------------- testing Tue Dec 03 06:16:38 UTC 2019 /home/travis/build/icyphy/ptII/ptolemy/actor/lib/test/auto/Clock8.xml
----------------- Instantiating /home/travis/build/icyphy/ptII/ptolemy/actor/lib/test/auto/Clock8.xml
6 ms. Memory: 521216K Free: 327991K (63%)
----------------- Invoking toplevel() on ptolemy.moml.MoMLSimpleApplication@54c40d24
----------------- Done invoking toplevel() on ptolemy.moml.MoMLSimpleApplication@54c40d24
reloadAllAccessors: .Clock8

===========================================================================================
----------------- testing Tue Dec 03 06:16:38 UTC 2019 /home/travis/build/icyphy/ptII/ptolemy/actor/lib/test/auto/Clock9.xml
----------------- Instantiating /home/travis/build/icyphy/ptII/ptolemy/actor/lib/test/auto/Clock9.xml
7 ms. Memory: 521216K Free: 322871K (62%)
----------------- Invoking toplevel() on ptolemy.moml.MoMLSimpleApplication@487367cd
----------------- Done invoking toplevel() on ptolemy.moml.MoMLSimpleApplication@487367cd
reloadAllAccessors: .Clock9

===========================================================================================
----------------- testing Tue Dec 03 06:16:38 UTC 2019 /home/travis/build/icyphy/ptII/ptolemy/actor/lib/test/auto/CommDistDiscard.xml
----------------- Instantiating /home/travis/build/icyphy/ptII/ptolemy/actor/lib/test/auto/CommDistDiscard.xml
4 ms. Memory: 521216K Free: 317237K (61%)
----------------- Invoking toplevel() on ptolemy.moml.MoMLSimpleApplication@9671b1f
----------------- Done invoking toplevel() on ptolemy.moml.MoMLSimpleApplication@9671b1f
reloadAllAccessors: .CommDistDiscard

===========================================================================================
----------------- testing Tue Dec 03 06:16:38 UTC 2019 /home/travis/build/icyphy/ptII/ptolemy/actor/lib/test/auto/Commutator.xml
----------------- Instantiating /home/travis/build/icyphy/ptII/ptolemy/actor/lib/test/auto/Commutator.xml
2 ms. Memory: 521216K Free: 313141K (60%)
----------------- Invoking toplevel() on ptolemy.moml.MoMLSimpleApplication@183beebb
----------------- Done invoking toplevel() on ptolemy.moml.MoMLSimpleApplication@183beebb
reloadAllAccessors: .Commutator

===========================================================================================
----------------- testing Tue Dec 03 06:16:38 UTC 2019 /home/travis/build/icyphy/ptII/ptolemy/actor/lib/test/auto/Commutator2.xml
----------------- Instantiating /home/travis/build/icyphy/ptII/ptolemy/actor/lib/test/auto/Commutator2.xml
1 ms. Memory: 521216K Free: 308535K (59%)
----------------- Invoking toplevel() on ptolemy.moml.MoMLSimpleApplication@2e390433
----------------- Done invoking toplevel() on ptolemy.moml.MoMLSimpleApplication@2e390433
reloadAllAccessors: .Commutator2

===========================================================================================
----------------- testing Tue Dec 03 06:16:38 UTC 2019 /home/travis/build/icyphy/ptII/ptolemy/actor/lib/test/auto/Commutator3.xml
----------------- Instantiating /home/travis/build/icyphy/ptII/ptolemy/actor/lib/test/auto/Commutator3.xml
2 ms. Memory: 521216K Free: 303925K (58%)
----------------- Invoking toplevel() on ptolemy.moml.MoMLSimpleApplication@66022fbe
----------------- Done invoking toplevel() on ptolemy.moml.MoMLSimpleApplication@66022fbe
reloadAllAccessors: .Commutator3

===========================================================================================
----------------- testing Tue Dec 03 06:16:38 UTC 2019 /home/travis/build/icyphy/ptII/ptolemy/actor/lib/test/auto/Compare.xml
----------------- Instantiating /home/travis/build/icyphy/ptII/ptolemy/actor/lib/test/auto/Compare.xml
2 ms. Memory: 521216K Free: 297781K (57%)
----------------- Invoking toplevel() on ptolemy.moml.MoMLSimpleApplication@44a9e1fe
----------------- Done invoking toplevel() on ptolemy.moml.MoMLSimpleApplication@44a9e1fe
reloadAllAccessors: .Compare

===========================================================================================
----------------- testing Tue Dec 03 06:16:38 UTC 2019 /home/travis/build/icyphy/ptII/ptolemy/actor/lib/test/auto/CompareDE.xml
----------------- Instantiating /home/travis/build/icyphy/ptII/ptolemy/actor/lib/test/auto/CompareDE.xml
4 ms. Memory: 521216K Free: 290599K (56%)
----------------- Invoking toplevel() on ptolemy.moml.MoMLSimpleApplication@6b4bb0f4
----------------- Done invoking toplevel() on ptolemy.moml.MoMLSimpleApplication@6b4bb0f4
reloadAllAccessors: .CompareDE

===========================================================================================
----------------- testing Tue Dec 03 06:16:38 UTC 2019 /home/travis/build/icyphy/ptII/ptolemy/actor/lib/test/auto/ComplexDivide.xml
----------------- Instantiating /home/travis/build/icyphy/ptII/ptolemy/actor/lib/test/auto/ComplexDivide.xml
2 ms. Memory: 521216K Free: 286517K (55%)
----------------- Invoking toplevel() on ptolemy.moml.MoMLSimpleApplication@6ffdfe7e
----------------- Done invoking toplevel() on ptolemy.moml.MoMLSimpleApplication@6ffdfe7e
reloadAllAccessors: .ComplexDivide

===========================================================================================
----------------- testing Tue Dec 03 06:16:38 UTC 2019 /home/travis/build/icyphy/ptII/ptolemy/actor/lib/test/auto/ComputeHistogram.xml
----------------- Instantiating /home/travis/build/icyphy/ptII/ptolemy/actor/lib/test/auto/ComputeHistogram.xml
37 ms. Memory: 521216K Free: 274229K (53%)
----------------- Invoking toplevel() on ptolemy.moml.MoMLSimpleApplication@7f9a52f6
----------------- Done invoking toplevel() on ptolemy.moml.MoMLSimpleApplication@7f9a52f6
reloadAllAccessors: .ComputeHistogram

===========================================================================================
----------------- testing Tue Dec 03 06:16:38 UTC 2019 /home/travis/build/icyphy/ptII/ptolemy/actor/lib/test/auto/ConfigurationSelect.xml
----------------- Instantiating /home/travis/build/icyphy/ptII/ptolemy/actor/lib/test/auto/ConfigurationSelect.xml
10 ms. Memory: 521216K Free: 268599K (52%)
----------------- Invoking toplevel() on ptolemy.moml.MoMLSimpleApplication@226b4341
----------------- Done invoking toplevel() on ptolemy.moml.MoMLSimpleApplication@226b4341
reloadAllAccessors: .ConfigurationSelect

===========================================================================================
----------------- testing Tue Dec 03 06:16:38 UTC 2019 /home/travis/build/icyphy/ptII/ptolemy/actor/lib/test/auto/ConfigurationSelect2.xml
----------------- Instantiating /home/travis/build/icyphy/ptII/ptolemy/actor/lib/test/auto/ConfigurationSelect2.xml
2 ms. Memory: 521216K Free: 264503K (51%)
----------------- Invoking toplevel() on ptolemy.moml.MoMLSimpleApplication@e4ac579
----------------- Done invoking toplevel() on ptolemy.moml.MoMLSimpleApplication@e4ac579
reloadAllAccessors: .ConfigurationSelect2

===========================================================================================
----------------- testing Tue Dec 03 06:16:38 UTC 2019 /home/travis/build/icyphy/ptII/ptolemy/actor/lib/test/auto/ConfigurationSwitch.xml
----------------- Instantiating /home/travis/build/icyphy/ptII/ptolemy/actor/lib/test/auto/ConfigurationSwitch.xml
2 ms. Memory: 521216K Free: 258869K (50%)
----------------- Invoking toplevel() on ptolemy.moml.MoMLSimpleApplication@33aaf57f
----------------- Done invoking toplevel() on ptolemy.moml.MoMLSimpleApplication@33aaf57f
reloadAllAccessors: .ConfigurationSwitch

===========================================================================================
----------------- testing Tue Dec 03 06:16:38 UTC 2019 /home/travis/build/icyphy/ptII/ptolemy/actor/lib/test/auto/ConfigurationSwitch2.xml
----------------- Instantiating /home/travis/build/icyphy/ptII/ptolemy/actor/lib/test/auto/ConfigurationSwitch2.xml
3 ms. Memory: 521216K Free: 472482K (91%)
----------------- Invoking toplevel() on ptolemy.moml.MoMLSimpleApplication@71096522
----------------- Done invoking toplevel() on ptolemy.moml.MoMLSimpleApplication@71096522
reloadAllAccessors: .ConfigurationSwitch2

===========================================================================================
----------------- testing Tue Dec 03 06:16:38 UTC 2019 /home/travis/build/icyphy/ptII/ptolemy/actor/lib/test/auto/ConfigurationSwitchCloningBugWithClassRelationGroup.xml
----------------- Instantiating /home/travis/build/icyphy/ptII/ptolemy/actor/lib/test/auto/ConfigurationSwitchCloningBugWithClassRelationGroup.xml
1 ms. Memory: 521216K Free: 465842K (89%)
----------------- Invoking toplevel() on ptolemy.moml.MoMLSimpleApplication@779fd4c2
----------------- Done invoking toplevel() on ptolemy.moml.MoMLSimpleApplication@779fd4c2
reloadAllAccessors: .ConfigurationSwitchCloningBugWithClassRelationGroup

===========================================================================================
----------------- testing Tue Dec 03 06:16:38 UTC 2019 /home/travis/build/icyphy/ptII/ptolemy/actor/lib/test/auto/ConfigurationSwitchSelectSDF.xml
----------------- Instantiating /home/travis/build/icyphy/ptII/ptolemy/actor/lib/test/auto/ConfigurationSwitchSelectSDF.xml
2 ms. Memory: 521216K Free: 460208K (88%)
----------------- Invoking toplevel() on ptolemy.moml.MoMLSimpleApplication@586446e0
----------------- Done invoking toplevel() on ptolemy.moml.MoMLSimpleApplication@586446e0
reloadAllAccessors: .ConfigurationSwitchSelectSDF

===========================================================================================
----------------- testing Tue Dec 03 06:16:39 UTC 2019 /home/travis/build/icyphy/ptII/ptolemy/actor/lib/test/auto/ConfigurationSwitchSelectSDF2.xml
----------------- Instantiating /home/travis/build/icyphy/ptII/ptolemy/actor/lib/test/auto/ConfigurationSwitchSelectSDF2.xml
2 ms. Memory: 521216K Free: 454578K (87%)
----------------- Invoking toplevel() on ptolemy.moml.MoMLSimpleApplication@7a7c35b5
----------------- Done invoking toplevel() on ptolemy.moml.MoMLSimpleApplication@7a7c35b5
reloadAllAccessors: .ConfigurationSwitchSelectSDF2

===========================================================================================
----------------- testing Tue Dec 03 06:16:39 UTC 2019 /home/travis/build/icyphy/ptII/ptolemy/actor/lib/test/auto/Const.xml
----------------- Instantiating /home/travis/build/icyphy/ptII/ptolemy/actor/lib/test/auto/Const.xml
1 ms. Memory: 521216K Free: 450992K (87%)
----------------- Invoking toplevel() on ptolemy.moml.MoMLSimpleApplication@1cb193bb
----------------- Done invoking toplevel() on ptolemy.moml.MoMLSimpleApplication@1cb193bb
reloadAllAccessors: .Const

===========================================================================================
----------------- testing Tue Dec 03 06:16:39 UTC 2019 /home/travis/build/icyphy/ptII/ptolemy/actor/lib/test/auto/Const2.xml
----------------- Instantiating /home/travis/build/icyphy/ptII/ptolemy/actor/lib/test/auto/Const2.xml
1 ms. Memory: 521216K Free: 446896K (86%)
----------------- Invoking toplevel() on ptolemy.moml.MoMLSimpleApplication@a9ae187
----------------- Done invoking toplevel() on ptolemy.moml.MoMLSimpleApplication@a9ae187
reloadAllAccessors: .Const2

===========================================================================================
----------------- testing Tue Dec 03 06:16:39 UTC 2019 /home/travis/build/icyphy/ptII/ptolemy/actor/lib/test/auto/Const3.xml
----------------- Instantiating /home/travis/build/icyphy/ptII/ptolemy/actor/lib/test/auto/Const3.xml
6 ms. Memory: 521216K Free: 444338K (85%)
----------------- Invoking toplevel() on ptolemy.moml.MoMLSimpleApplication@2025eeae
----------------- Done invoking toplevel() on ptolemy.moml.MoMLSimpleApplication@2025eeae
reloadAllAccessors: .Const3

===========================================================================================
----------------- testing Tue Dec 03 06:16:39 UTC 2019 /home/travis/build/icyphy/ptII/ptolemy/actor/lib/test/auto/ConstantPublisherPort1.xml
----------------- Instantiating /home/travis/build/icyphy/ptII/ptolemy/actor/lib/test/auto/ConstantPublisherPort1.xml
9 ms. Memory: 521216K Free: 435122K (83%)
----------------- Invoking toplevel() on ptolemy.moml.MoMLSimpleApplication@89b26a7
----------------- Done invoking toplevel() on ptolemy.moml.MoMLSimpleApplication@89b26a7
reloadAllAccessors: .ConstantPublisherPort1

===========================================================================================
----------------- testing Tue Dec 03 06:16:39 UTC 2019 /home/travis/build/icyphy/ptII/ptolemy/actor/lib/test/auto/ConstantPublisherPort2.xml
----------------- Instantiating /home/travis/build/icyphy/ptII/ptolemy/actor/lib/test/auto/ConstantPublisherPort2.xml
11 ms. Memory: 521216K Free: 427440K (82%)
----------------- Invoking toplevel() on ptolemy.moml.MoMLSimpleApplication@12e11caf
----------------- Done invoking toplevel() on ptolemy.moml.MoMLSimpleApplication@12e11caf
reloadAllAccessors: .ConstantPublisherPort2

===========================================================================================
----------------- testing Tue Dec 03 06:16:39 UTC 2019 /home/travis/build/icyphy/ptII/ptolemy/actor/lib/test/auto/ConstantPublisherPort3.xml
----------------- Instantiating /home/travis/build/icyphy/ptII/ptolemy/actor/lib/test/auto/ConstantPublisherPort3.xml
5 ms. Memory: 521216K Free: 420272K (81%)
----------------- Invoking toplevel() on ptolemy.moml.MoMLSimpleApplication@661a79f1
----------------- Done invoking toplevel() on ptolemy.moml.MoMLSimpleApplication@661a79f1
reloadAllAccessors: .ConstantPublisherPort3

===========================================================================================
----------------- testing Tue Dec 03 06:16:39 UTC 2019 /home/travis/build/icyphy/ptII/ptolemy/actor/lib/test/auto/ConstantPublisherPort4.xml
----------------- Instantiating /home/travis/build/icyphy/ptII/ptolemy/actor/lib/test/auto/ConstantPublisherPort4.xml
2 ms. Memory: 521216K Free: 413104K (79%)
----------------- Invoking toplevel() on ptolemy.moml.MoMLSimpleApplication@454a4618
----------------- Done invoking toplevel() on ptolemy.moml.MoMLSimpleApplication@454a4618
reloadAllAccessors: .ConstantPublisherPort4

===========================================================================================
----------------- testing Tue Dec 03 06:16:39 UTC 2019 /home/travis/build/icyphy/ptII/ptolemy/actor/lib/test/auto/ConstantPublisherPort5.xml
----------------- Instantiating /home/travis/build/icyphy/ptII/ptolemy/actor/lib/test/auto/ConstantPublisherPort5.xml
32 ms. Memory: 521216K Free: 403378K (77%)
----------------- Invoking toplevel() on ptolemy.moml.MoMLSimpleApplication@1bd77edd
----------------- Done invoking toplevel() on ptolemy.moml.MoMLSimpleApplication@1bd77edd
reloadAllAccessors: .ConstantPublisherPort5

===========================================================================================
----------------- testing Tue Dec 03 06:16:39 UTC 2019 /home/travis/build/icyphy/ptII/ptolemy/actor/lib/test/auto/ConstantPublisherPort6.xml
----------------- Instantiating /home/travis/build/icyphy/ptII/ptolemy/actor/lib/test/auto/ConstantPublisherPort6.xml
19 ms. Memory: 521216K Free: 394162K (76%)
----------------- Invoking toplevel() on ptolemy.moml.MoMLSimpleApplication@2ad7c6b4
----------------- Done invoking toplevel() on ptolemy.moml.MoMLSimpleApplication@2ad7c6b4
reloadAllAccessors: .ConstantPublisherPort6

===========================================================================================
----------------- testing Tue Dec 03 06:16:39 UTC 2019 /home/travis/build/icyphy/ptII/ptolemy/actor/lib/test/auto/ConstantPublisherPort7.xml
----------------- Instantiating /home/travis/build/icyphy/ptII/ptolemy/actor/lib/test/auto/ConstantPublisherPort7.xml
23 ms. Memory: 521216K Free: 384432K (74%)
----------------- Invoking toplevel() on ptolemy.moml.MoMLSimpleApplication@61d38f10
----------------- Done invoking toplevel() on ptolemy.moml.MoMLSimpleApplication@61d38f10
reloadAllAccessors: .ConstantPublisherPort7

===========================================================================================
----------------- testing Tue Dec 03 06:16:39 UTC 2019 /home/travis/build/icyphy/ptII/ptolemy/actor/lib/test/auto/ConstraintMonitor1.xml
----------------- Instantiating /home/travis/build/icyphy/ptII/ptolemy/actor/lib/test/auto/ConstraintMonitor1.xml
8 ms. Memory: 521216K Free: 379312K (73%)
----------------- Invoking toplevel() on ptolemy.moml.MoMLSimpleApplication@587866ad
----------------- Done invoking toplevel() on ptolemy.moml.MoMLSimpleApplication@587866ad
reloadAllAccessors: .ConstraintMonitor1

===========================================================================================
----------------- testing Tue Dec 03 06:16:39 UTC 2019 /home/travis/build/icyphy/ptII/ptolemy/actor/lib/test/auto/ConstraintMonitor2.xml
----------------- Instantiating /home/travis/build/icyphy/ptII/ptolemy/actor/lib/test/auto/ConstraintMonitor2.xml
2 ms. Memory: 521216K Free: 375216K (72%)
----------------- Invoking toplevel() on ptolemy.moml.MoMLSimpleApplication@6ab1af66
----------------- Done invoking toplevel() on ptolemy.moml.MoMLSimpleApplication@6ab1af66
reloadAllAccessors: .ConstraintMonitor2

===========================================================================================
----------------- testing Tue Dec 03 06:16:39 UTC 2019 /home/travis/build/icyphy/ptII/ptolemy/actor/lib/test/auto/ConstraintMonitor3.xml
----------------- Instantiating /home/travis/build/icyphy/ptII/ptolemy/actor/lib/test/auto/ConstraintMonitor3.xml
2 ms. Memory: 521216K Free: 370610K (71%)
----------------- Invoking toplevel() on ptolemy.moml.MoMLSimpleApplication@240cf627
----------------- Done invoking toplevel() on ptolemy.moml.MoMLSimpleApplication@240cf627
reloadAllAccessors: .ConstraintMonitor3

===========================================================================================
----------------- testing Tue Dec 03 06:16:39 UTC 2019 /home/travis/build/icyphy/ptII/ptolemy/actor/lib/test/auto/ConstraintMonitor4.xml
----------------- Instantiating /home/travis/build/icyphy/ptII/ptolemy/actor/lib/test/auto/ConstraintMonitor4.xml
2 ms. Memory: 521216K Free: 365490K (70%)
----------------- Invoking toplevel() on ptolemy.moml.MoMLSimpleApplication@5074d960
----------------- Done invoking toplevel() on ptolemy.moml.MoMLSimpleApplication@5074d960
reloadAllAccessors: .ConstraintMonitor4

===========================================================================================
----------------- testing Tue Dec 03 06:16:39 UTC 2019 /home/travis/build/icyphy/ptII/ptolemy/actor/lib/test/auto/ConstraintMonitor5.xml
----------------- Instantiating /home/travis/build/icyphy/ptII/ptolemy/actor/lib/test/auto/ConstraintMonitor5.xml
4 ms. Memory: 521216K Free: 360370K (69%)
----------------- Invoking toplevel() on ptolemy.moml.MoMLSimpleApplication@4fa8da9d
----------------- Done invoking toplevel() on ptolemy.moml.MoMLSimpleApplication@4fa8da9d
reloadAllAccessors: .ConstraintMonitor5

===========================================================================================
----------------- testing Tue Dec 03 06:16:39 UTC 2019 /home/travis/build/icyphy/ptII/ptolemy/actor/lib/test/auto/ConstraintMonitor6.xml
----------------- Instantiating /home/travis/build/icyphy/ptII/ptolemy/actor/lib/test/auto/ConstraintMonitor6.xml
3 ms. Memory: 521216K Free: 353706K (68%)
----------------- Invoking toplevel() on ptolemy.moml.MoMLSimpleApplication@7dabe067
----------------- Done invoking toplevel() on ptolemy.moml.MoMLSimpleApplication@7dabe067
reloadAllAccessors: .ConstraintMonitor6

===========================================================================================
----------------- testing Tue Dec 03 06:16:39 UTC 2019 /home/travis/build/icyphy/ptII/ptolemy/actor/lib/test/auto/ConstraintMonitor7.xml
----------------- Instantiating /home/travis/build/icyphy/ptII/ptolemy/actor/lib/test/auto/ConstraintMonitor7.xml
9 ms. Memory: 521216K Free: 347554K (67%)
----------------- Invoking toplevel() on ptolemy.moml.MoMLSimpleApplication@b0a20b
----------------- Done invoking toplevel() on ptolemy.moml.MoMLSimpleApplication@b0a20b
reloadAllAccessors: .ConstraintMonitor7

===========================================================================================
----------------- testing Tue Dec 03 06:16:39 UTC 2019 /home/travis/build/icyphy/ptII/ptolemy/actor/lib/test/auto/ConstraintMonitor8.xml
----------------- Instantiating /home/travis/build/icyphy/ptII/ptolemy/actor/lib/test/auto/ConstraintMonitor8.xml
6 ms. Memory: 521216K Free: 340400K (65%)
----------------- Invoking toplevel() on ptolemy.moml.MoMLSimpleApplication@29311557
----------------- Done invoking toplevel() on ptolemy.moml.MoMLSimpleApplication@29311557
reloadAllAccessors: .ConstraintMonitor8

===========================================================================================
----------------- testing Tue Dec 03 06:16:39 UTC 2019 /home/travis/build/icyphy/ptII/ptolemy/actor/lib/test/auto/Counter.xml
----------------- Instantiating /home/travis/build/icyphy/ptII/ptolemy/actor/lib/test/auto/Counter.xml
2 ms. Memory: 521216K Free: 335280K (64%)
----------------- Invoking toplevel() on ptolemy.moml.MoMLSimpleApplication@9fc5209
----------------- Done invoking toplevel() on ptolemy.moml.MoMLSimpleApplication@9fc5209
reloadAllAccessors: .Counter

===========================================================================================
----------------- testing Tue Dec 03 06:16:39 UTC 2019 /home/travis/build/icyphy/ptII/ptolemy/actor/lib/test/auto/CurrentTimeSDF.xml
----------------- Instantiating /home/travis/build/icyphy/ptII/ptolemy/actor/lib/test/auto/CurrentTimeSDF.xml
1 ms. Memory: 521216K Free: 331184K (64%)
----------------- Invoking toplevel() on ptolemy.moml.MoMLSimpleApplication@1d77e14
----------------- Done invoking toplevel() on ptolemy.moml.MoMLSimpleApplication@1d77e14
reloadAllAccessors: .CurrentTimeSDF

===========================================================================================
----------------- testing Tue Dec 03 06:16:39 UTC 2019 /home/travis/build/icyphy/ptII/ptolemy/actor/lib/test/auto/DB.xml
----------------- Instantiating /home/travis/build/icyphy/ptII/ptolemy/actor/lib/test/auto/DB.xml
1 ms. Memory: 521216K Free: 326578K (63%)
----------------- Invoking toplevel() on ptolemy.moml.MoMLSimpleApplication@1f9bbec6
----------------- Done invoking toplevel() on ptolemy.moml.MoMLSimpleApplication@1f9bbec6
reloadAllAccessors: .DB

===========================================================================================
----------------- testing Tue Dec 03 06:16:39 UTC 2019 /home/travis/build/icyphy/ptII/ptolemy/actor/lib/test/auto/DBDE.xml
----------------- Instantiating /home/travis/build/icyphy/ptII/ptolemy/actor/lib/test/auto/DBDE.xml
2 ms. Memory: 521216K Free: 320434K (61%)
----------------- Invoking toplevel() on ptolemy.moml.MoMLSimpleApplication@70e71358
----------------- Done invoking toplevel() on ptolemy.moml.MoMLSimpleApplication@70e71358
reloadAllAccessors: .DBDE

===========================================================================================
----------------- testing Tue Dec 03 06:16:39 UTC 2019 /home/travis/build/icyphy/ptII/ptolemy/actor/lib/test/auto/DateConstructor.xml
----------------- Instantiating /home/travis/build/icyphy/ptII/ptolemy/actor/lib/test/auto/DateConstructor.xml
25 ms. Memory: 521216K Free: 302512K (58%)
----------------- Invoking toplevel() on ptolemy.moml.MoMLSimpleApplication@43f23388
----------------- Done invoking toplevel() on ptolemy.moml.MoMLSimpleApplication@43f23388
reloadAllAccessors: .DateConstructor

===========================================================================================
----------------- testing Tue Dec 03 06:16:39 UTC 2019 /home/travis/build/icyphy/ptII/ptolemy/actor/lib/test/auto/DelayTime.xml
----------------- Instantiating /home/travis/build/icyphy/ptII/ptolemy/actor/lib/test/auto/DelayTime.xml
4 ms. Memory: 521216K Free: 297906K (57%)
----------------- Invoking toplevel() on ptolemy.moml.MoMLSimpleApplication@28ae6dc2
----------------- Done invoking toplevel() on ptolemy.moml.MoMLSimpleApplication@28ae6dc2
reloadAllAccessors: .DelayTime

===========================================================================================
----------------- testing Tue Dec 03 06:16:39 UTC 2019 /home/travis/build/icyphy/ptII/ptolemy/actor/lib/test/auto/Dictionary1.xml
----------------- Instantiating /home/travis/build/icyphy/ptII/ptolemy/actor/lib/test/auto/Dictionary1.xml
1 ms. Memory: 521216K Free: 292272K (56%)
----------------- Invoking toplevel() on ptolemy.moml.MoMLSimpleApplication@38942751
----------------- Done invoking toplevel() on ptolemy.moml.MoMLSimpleApplication@38942751
reloadAllAccessors: .Dictionary1

===========================================================================================
----------------- testing Tue Dec 03 06:16:39 UTC 2019 /home/travis/build/icyphy/ptII/ptolemy/actor/lib/test/auto/Dictionary2.xml
----------------- Instantiating /home/travis/build/icyphy/ptII/ptolemy/actor/lib/test/auto/Dictionary2.xml
1 ms. Memory: 521216K Free: 286642K (55%)
----------------- Invoking toplevel() on ptolemy.moml.MoMLSimpleApplication@186265cc
----------------- Done invoking toplevel() on ptolemy.moml.MoMLSimpleApplication@186265cc
reloadAllAccessors: .Dictionary2

===========================================================================================
----------------- testing Tue Dec 03 06:16:39 UTC 2019 /home/travis/build/icyphy/ptII/ptolemy/actor/lib/test/auto/Dictionary3.xml
----------------- Instantiating /home/travis/build/icyphy/ptII/ptolemy/actor/lib/test/auto/Dictionary3.xml
2 ms. Memory: 521216K Free: 281522K (54%)
----------------- Invoking toplevel() on ptolemy.moml.MoMLSimpleApplication@1b2769bc
----------------- Done invoking toplevel() on ptolemy.moml.MoMLSimpleApplication@1b2769bc
reloadAllAccessors: .Dictionary3

===========================================================================================
----------------- testing Tue Dec 03 06:16:39 UTC 2019 /home/travis/build/icyphy/ptII/ptolemy/actor/lib/test/auto/Dictionary4.xml
----------------- Instantiating /home/travis/build/icyphy/ptII/ptolemy/actor/lib/test/auto/Dictionary4.xml
2 ms. Memory: 521216K Free: 273840K (53%)
----------------- Invoking toplevel() on ptolemy.moml.MoMLSimpleApplication@1b0a8924
----------------- Done invoking toplevel() on ptolemy.moml.MoMLSimpleApplication@1b0a8924
reloadAllAccessors: .Dictionary4

===========================================================================================
----------------- testing Tue Dec 03 06:16:39 UTC 2019 /home/travis/build/icyphy/ptII/ptolemy/actor/lib/test/auto/Differential.xml
----------------- Instantiating /home/travis/build/icyphy/ptII/ptolemy/actor/lib/test/auto/Differential.xml
3 ms. Memory: 521216K Free: 269744K (52%)
----------------- Invoking toplevel() on ptolemy.moml.MoMLSimpleApplication@39a0719a
----------------- Done invoking toplevel() on ptolemy.moml.MoMLSimpleApplication@39a0719a
reloadAllAccessors: .Differential

===========================================================================================
----------------- testing Tue Dec 03 06:16:39 UTC 2019 /home/travis/build/icyphy/ptII/ptolemy/actor/lib/test/auto/Director.xml
----------------- Instantiating /home/travis/build/icyphy/ptII/ptolemy/actor/lib/test/auto/Director.xml
1 ms. Memory: 521216K Free: 266162K (51%)
----------------- Invoking toplevel() on ptolemy.moml.MoMLSimpleApplication@3620786b
----------------- Done invoking toplevel() on ptolemy.moml.MoMLSimpleApplication@3620786b
reloadAllAccessors: .Director

===========================================================================================
----------------- testing Tue Dec 03 06:16:39 UTC 2019 /home/travis/build/icyphy/ptII/ptolemy/actor/lib/test/auto/DiscreteClock.xml
----------------- Instantiating /home/travis/build/icyphy/ptII/ptolemy/actor/lib/test/auto/DiscreteClock.xml
3 ms. Memory: 521216K Free: 262066K (50%)
----------------- Invoking toplevel() on ptolemy.moml.MoMLSimpleApplication@21729809
----------------- Done invoking toplevel() on ptolemy.moml.MoMLSimpleApplication@21729809
reloadAllAccessors: .DiscreteClock

===========================================================================================
----------------- testing Tue Dec 03 06:16:39 UTC 2019 /home/travis/build/icyphy/ptII/ptolemy/actor/lib/test/auto/DiscreteClock10.xml
----------------- Instantiating /home/travis/build/icyphy/ptII/ptolemy/actor/lib/test/auto/DiscreteClock10.xml
2 ms. Memory: 521216K Free: 255922K (49%)
----------------- Invoking toplevel() on ptolemy.moml.MoMLSimpleApplication@34e26c98
----------------- Done invoking toplevel() on ptolemy.moml.MoMLSimpleApplication@34e26c98
reloadAllAccessors: .DiscreteClock10

===========================================================================================
----------------- testing Tue Dec 03 06:16:39 UTC 2019 /home/travis/build/icyphy/ptII/ptolemy/actor/lib/test/auto/DiscreteClock11.xml
----------------- Instantiating /home/travis/build/icyphy/ptII/ptolemy/actor/lib/test/auto/DiscreteClock11.xml
3 ms. Memory: 521216K Free: 250288K (48%)
----------------- Invoking toplevel() on ptolemy.moml.MoMLSimpleApplication@2fb460e4
----------------- Done invoking toplevel() on ptolemy.moml.MoMLSimpleApplication@2fb460e4
reloadAllAccessors: .DiscreteClock11

===========================================================================================
----------------- testing Tue Dec 03 06:16:39 UTC 2019 /home/travis/build/icyphy/ptII/ptolemy/actor/lib/test/auto/DiscreteClock12.xml
----------------- Instantiating /home/travis/build/icyphy/ptII/ptolemy/actor/lib/test/auto/DiscreteClock12.xml
3 ms. Memory: 521216K Free: 244144K (47%)
----------------- Invoking toplevel() on ptolemy.moml.MoMLSimpleApplication@2c17f275
----------------- Done invoking toplevel() on ptolemy.moml.MoMLSimpleApplication@2c17f275
reloadAllAccessors: .DiscreteClock12

===========================================================================================
----------------- testing Tue Dec 03 06:16:39 UTC 2019 /home/travis/build/icyphy/ptII/ptolemy/actor/lib/test/auto/DiscreteClock13.xml
----------------- Instantiating /home/travis/build/icyphy/ptII/ptolemy/actor/lib/test/auto/DiscreteClock13.xml
3 ms. Memory: 521216K Free: 237970K (46%)
----------------- Invoking toplevel() on ptolemy.moml.MoMLSimpleApplication@2d271be6
----------------- Done invoking toplevel() on ptolemy.moml.MoMLSimpleApplication@2d271be6
reloadAllAccessors: .DiscreteClock13

===========================================================================================
----------------- testing Tue Dec 03 06:16:39 UTC 2019 /home/travis/build/icyphy/ptII/ptolemy/actor/lib/test/auto/DiscreteClock14.xml
----------------- Instantiating /home/travis/build/icyphy/ptII/ptolemy/actor/lib/test/auto/DiscreteClock14.xml
5 ms. Memory: 521216K Free: 231826K (44%)
----------------- Invoking toplevel() on ptolemy.moml.MoMLSimpleApplication@3ad8e4a3
----------------- Done invoking toplevel() on ptolemy.moml.MoMLSimpleApplication@3ad8e4a3
reloadAllAccessors: .DiscreteClock14

===========================================================================================
----------------- testing Tue Dec 03 06:16:39 UTC 2019 /home/travis/build/icyphy/ptII/ptolemy/actor/lib/test/auto/DiscreteClock15.xml
----------------- Instantiating /home/travis/build/icyphy/ptII/ptolemy/actor/lib/test/auto/DiscreteClock15.xml
3 ms. Memory: 521216K Free: 226226K (43%)
----------------- Invoking toplevel() on ptolemy.moml.MoMLSimpleApplication@13077d80
----------------- Done invoking toplevel() on ptolemy.moml.MoMLSimpleApplication@13077d80
reloadAllAccessors: .DiscreteClock15

===========================================================================================
----------------- testing Tue Dec 03 06:16:39 UTC 2019 /home/travis/build/icyphy/ptII/ptolemy/actor/lib/test/auto/DiscreteClock16.xml
----------------- Instantiating /home/travis/build/icyphy/ptII/ptolemy/actor/lib/test/auto/DiscreteClock16.xml
14 ms. Memory: 521216K Free: 212400K (41%)
----------------- Invoking toplevel() on ptolemy.moml.MoMLSimpleApplication@5677a993
----------------- Done invoking toplevel() on ptolemy.moml.MoMLSimpleApplication@5677a993
reloadAllAccessors: .DiscreteClock16

===========================================================================================
----------------- testing Tue Dec 03 06:16:40 UTC 2019 /home/travis/build/icyphy/ptII/ptolemy/actor/lib/test/auto/DiscreteClock17.xml
----------------- Instantiating /home/travis/build/icyphy/ptII/ptolemy/actor/lib/test/auto/DiscreteClock17.xml
18 ms. Memory: 521216K Free: 197554K (38%)
----------------- Invoking toplevel() on ptolemy.moml.MoMLSimpleApplication@6ec1421
----------------- Done invoking toplevel() on ptolemy.moml.MoMLSimpleApplication@6ec1421
reloadAllAccessors: .DiscreteClock17

===========================================================================================
----------------- testing Tue Dec 03 06:16:40 UTC 2019 /home/travis/build/icyphy/ptII/ptolemy/actor/lib/test/auto/DiscreteClock18.xml
----------------- Instantiating /home/travis/build/icyphy/ptII/ptolemy/actor/lib/test/auto/DiscreteClock18.xml
21 ms. Memory: 521216K Free: 183728K (35%)
----------------- Invoking toplevel() on ptolemy.moml.MoMLSimpleApplication@4f652a16
----------------- Done invoking toplevel() on ptolemy.moml.MoMLSimpleApplication@4f652a16
reloadAllAccessors: .DiscreteClock18

===========================================================================================
----------------- testing Tue Dec 03 06:16:40 UTC 2019 /home/travis/build/icyphy/ptII/ptolemy/actor/lib/test/auto/DiscreteClock19.xml
----------------- Instantiating /home/travis/build/icyphy/ptII/ptolemy/actor/lib/test/auto/DiscreteClock19.xml
18 ms. Memory: 521216K Free: 170402K (33%)
----------------- Invoking toplevel() on ptolemy.moml.MoMLSimpleApplication@43e6fedd
----------------- Done invoking toplevel() on ptolemy.moml.MoMLSimpleApplication@43e6fedd
reloadAllAccessors: .DiscreteClock19

===========================================================================================
----------------- testing Tue Dec 03 06:16:40 UTC 2019 /home/travis/build/icyphy/ptII/ptolemy/actor/lib/test/auto/DiscreteClock2.xml
----------------- Instantiating /home/travis/build/icyphy/ptII/ptolemy/actor/lib/test/auto/DiscreteClock2.xml
4 ms. Memory: 521216K Free: 472862K (91%)
----------------- Invoking toplevel() on ptolemy.moml.MoMLSimpleApplication@78d2b721
----------------- Done invoking toplevel() on ptolemy.moml.MoMLSimpleApplication@78d2b721
reloadAllAccessors: .DiscreteClock2

===========================================================================================
----------------- testing Tue Dec 03 06:16:40 UTC 2019 /home/travis/build/icyphy/ptII/ptolemy/actor/lib/test/auto/DiscreteClock20.xml
----------------- Instantiating /home/travis/build/icyphy/ptII/ptolemy/actor/lib/test/auto/DiscreteClock20.xml
2 ms. Memory: 521216K Free: 467228K (90%)
----------------- Invoking toplevel() on ptolemy.moml.MoMLSimpleApplication@5e00f90
----------------- Done invoking toplevel() on ptolemy.moml.MoMLSimpleApplication@5e00f90
reloadAllAccessors: .DiscreteClock20

===========================================================================================
----------------- testing Tue Dec 03 06:16:40 UTC 2019 /home/travis/build/icyphy/ptII/ptolemy/actor/lib/test/auto/DiscreteClock21.xml
----------------- Instantiating /home/travis/build/icyphy/ptII/ptolemy/actor/lib/test/auto/DiscreteClock21.xml
5 ms. Memory: 521216K Free: 461598K (89%)
----------------- Invoking toplevel() on ptolemy.moml.MoMLSimpleApplication@599326b6
----------------- Done invoking toplevel() on ptolemy.moml.MoMLSimpleApplication@599326b6
reloadAllAccessors: .DiscreteClock21

===========================================================================================
----------------- testing Tue Dec 03 06:16:40 UTC 2019 /home/travis/build/icyphy/ptII/ptolemy/actor/lib/test/auto/DiscreteClock22.xml
----------------- Instantiating /home/travis/build/icyphy/ptII/ptolemy/actor/lib/test/auto/DiscreteClock22.xml
2 ms. Memory: 521216K Free: 455964K (87%)
----------------- Invoking toplevel() on ptolemy.moml.MoMLSimpleApplication@130fdadf
----------------- Done invoking toplevel() on ptolemy.moml.MoMLSimpleApplication@130fdadf
reloadAllAccessors: .DiscreteClock22

===========================================================================================
----------------- testing Tue Dec 03 06:16:40 UTC 2019 /home/travis/build/icyphy/ptII/ptolemy/actor/lib/test/auto/DiscreteClock23.xml
----------------- Instantiating /home/travis/build/icyphy/ptII/ptolemy/actor/lib/test/auto/DiscreteClock23.xml
2 ms. Memory: 521216K Free: 450844K (86%)
----------------- Invoking toplevel() on ptolemy.moml.MoMLSimpleApplication@713d3eba
----------------- Done invoking toplevel() on ptolemy.moml.MoMLSimpleApplication@713d3eba
reloadAllAccessors: .DiscreteClock23

===========================================================================================
----------------- testing Tue Dec 03 06:16:40 UTC 2019 /home/travis/build/icyphy/ptII/ptolemy/actor/lib/test/auto/DiscreteClock24.xml
----------------- Instantiating /home/travis/build/icyphy/ptII/ptolemy/actor/lib/test/auto/DiscreteClock24.xml
2 ms. Memory: 521216K Free: 445214K (85%)
----------------- Invoking toplevel() on ptolemy.moml.MoMLSimpleApplication@f028d16
----------------- Done invoking toplevel() on ptolemy.moml.MoMLSimpleApplication@f028d16
reloadAllAccessors: .DiscreteClock24

===========================================================================================
----------------- testing Tue Dec 03 06:16:40 UTC 2019 /home/travis/build/icyphy/ptII/ptolemy/actor/lib/test/auto/DiscreteClock4.xml
----------------- Instantiating /home/travis/build/icyphy/ptII/ptolemy/actor/lib/test/auto/DiscreteClock4.xml
1 ms. Memory: 521216K Free: 439565K (84%)
----------------- Invoking toplevel() on ptolemy.moml.MoMLSimpleApplication@793523cd
----------------- Done invoking toplevel() on ptolemy.moml.MoMLSimpleApplication@793523cd
reloadAllAccessors: .DiscreteClock4

===========================================================================================
----------------- testing Tue Dec 03 06:16:40 UTC 2019 /home/travis/build/icyphy/ptII/ptolemy/actor/lib/test/auto/DiscreteClock5.xml
----------------- Instantiating /home/travis/build/icyphy/ptII/ptolemy/actor/lib/test/auto/DiscreteClock5.xml
2 ms. Memory: 521216K Free: 434460K (83%)
----------------- Invoking toplevel() on ptolemy.moml.MoMLSimpleApplication@5e623a7b
----------------- Done invoking toplevel() on ptolemy.moml.MoMLSimpleApplication@5e623a7b
reloadAllAccessors: .DiscreteClock5

===========================================================================================
----------------- testing Tue Dec 03 06:16:40 UTC 2019 /home/travis/build/icyphy/ptII/ptolemy/actor/lib/test/auto/DiscreteClock6.xml
----------------- Instantiating /home/travis/build/icyphy/ptII/ptolemy/actor/lib/test/auto/DiscreteClock6.xml
1 ms. Memory: 521216K Free: 430349K (83%)
----------------- Invoking toplevel() on ptolemy.moml.MoMLSimpleApplication@50007e5d
----------------- Done invoking toplevel() on ptolemy.moml.MoMLSimpleApplication@50007e5d
reloadAllAccessors: .DiscreteClock6

===========================================================================================
----------------- testing Tue Dec 03 06:16:40 UTC 2019 /home/travis/build/icyphy/ptII/ptolemy/actor/lib/test/auto/DiscreteClock7.xml
----------------- Instantiating /home/travis/build/icyphy/ptII/ptolemy/actor/lib/test/auto/DiscreteClock7.xml
2 ms. Memory: 521216K Free: 425244K (82%)
----------------- Invoking toplevel() on ptolemy.moml.MoMLSimpleApplication@1ce29e2b
----------------- Done invoking toplevel() on ptolemy.moml.MoMLSimpleApplication@1ce29e2b
reloadAllAccessors: .DiscreteClock7

===========================================================================================
----------------- testing Tue Dec 03 06:16:40 UTC 2019 /home/travis/build/icyphy/ptII/ptolemy/actor/lib/test/auto/DiscreteClock8.xml
----------------- Instantiating /home/travis/build/icyphy/ptII/ptolemy/actor/lib/test/auto/DiscreteClock8.xml
10 ms. Memory: 521216K Free: 419614K (81%)
----------------- Invoking toplevel() on ptolemy.moml.MoMLSimpleApplication@7c4d68f4
----------------- Done invoking toplevel() on ptolemy.moml.MoMLSimpleApplication@7c4d68f4
reloadAllAccessors: .DiscreteClock8

===========================================================================================
----------------- testing Tue Dec 03 06:16:40 UTC 2019 /home/travis/build/icyphy/ptII/ptolemy/actor/lib/test/auto/DiscreteClock9.xml
----------------- Instantiating /home/travis/build/icyphy/ptII/ptolemy/actor/lib/test/auto/DiscreteClock9.xml
3 ms. Memory: 521216K Free: 413965K (79%)
----------------- Invoking toplevel() on ptolemy.moml.MoMLSimpleApplication@5b1b5a05
----------------- Done invoking toplevel() on ptolemy.moml.MoMLSimpleApplication@5b1b5a05
reloadAllAccessors: .DiscreteClock9

===========================================================================================
----------------- testing Tue Dec 03 06:16:40 UTC 2019 /home/travis/build/icyphy/ptII/ptolemy/actor/lib/test/auto/DisplayArray.xml
----------------- Instantiating /home/travis/build/icyphy/ptII/ptolemy/actor/lib/test/auto/DisplayArray.xml
1 ms. Memory: 521216K Free: 410398K (79%)
----------------- Invoking toplevel() on ptolemy.moml.MoMLSimpleApplication@59660ee
----------------- Done invoking toplevel() on ptolemy.moml.MoMLSimpleApplication@59660ee
reloadAllAccessors: .DisplayArray

===========================================================================================
----------------- testing Tue Dec 03 06:16:40 UTC 2019 /home/travis/build/icyphy/ptII/ptolemy/actor/lib/test/auto/Distributor.xml
----------------- Instantiating /home/travis/build/icyphy/ptII/ptolemy/actor/lib/test/auto/Distributor.xml
1 ms. Memory: 521216K Free: 405278K (78%)
----------------- Invoking toplevel() on ptolemy.moml.MoMLSimpleApplication@59b38cd5
----------------- Done invoking toplevel() on ptolemy.moml.MoMLSimpleApplication@59b38cd5
reloadAllAccessors: .Distributor

===========================================================================================
----------------- testing Tue Dec 03 06:16:40 UTC 2019 /home/travis/build/icyphy/ptII/ptolemy/actor/lib/test/auto/Distributor2.xml
----------------- Instantiating /home/travis/build/icyphy/ptII/ptolemy/actor/lib/test/auto/Distributor2.xml
1 ms. Memory: 521216K Free: 400668K (77%)
----------------- Invoking toplevel() on ptolemy.moml.MoMLSimpleApplication@5ccd03d0
----------------- Done invoking toplevel() on ptolemy.moml.MoMLSimpleApplication@5ccd03d0
reloadAllAccessors: .Distributor2

===========================================================================================
----------------- testing Tue Dec 03 06:16:40 UTC 2019 /home/travis/build/icyphy/ptII/ptolemy/actor/lib/test/auto/DownSample.xml
----------------- Instantiating /home/travis/build/icyphy/ptII/ptolemy/actor/lib/test/auto/DownSample.xml
2 ms. Memory: 521216K Free: 396572K (76%)
----------------- Invoking toplevel() on ptolemy.moml.MoMLSimpleApplication@2a186a00
----------------- Done invoking toplevel() on ptolemy.moml.MoMLSimpleApplication@2a186a00
reloadAllAccessors: .DownSample

===========================================================================================
----------------- testing Tue Dec 03 06:16:40 UTC 2019 /home/travis/build/icyphy/ptII/ptolemy/actor/lib/test/auto/ElectronicUnitBase1.xml
----------------- Instantiating /home/travis/build/icyphy/ptII/ptolemy/actor/lib/test/auto/ElectronicUnitBase1.xml
16 ms. Memory: 521216K Free: 380188K (73%)
----------------- Invoking toplevel() on ptolemy.moml.MoMLSimpleApplication@59df41a4
----------------- Done invoking toplevel() on ptolemy.moml.MoMLSimpleApplication@59df41a4
reloadAllAccessors: .ElectronicUnitBase1

===========================================================================================
----------------- testing Tue Dec 03 06:16:40 UTC 2019 /home/travis/build/icyphy/ptII/ptolemy/actor/lib/test/auto/ElementsToArray.xml
----------------- Instantiating /home/travis/build/icyphy/ptII/ptolemy/actor/lib/test/auto/ElementsToArray.xml
2 ms. Memory: 521216K Free: 375068K (72%)
----------------- Invoking toplevel() on ptolemy.moml.MoMLSimpleApplication@46bee329
----------------- Done invoking toplevel() on ptolemy.moml.MoMLSimpleApplication@46bee329
reloadAllAccessors: .ElementsToArray

===========================================================================================
----------------- testing Tue Dec 03 06:16:40 UTC 2019 /home/travis/build/icyphy/ptII/ptolemy/actor/lib/test/auto/Equals.xml
----------------- Instantiating /home/travis/build/icyphy/ptII/ptolemy/actor/lib/test/auto/Equals.xml
1 ms. Memory: 521216K Free: 370972K (71%)
----------------- Invoking toplevel() on ptolemy.moml.MoMLSimpleApplication@354beb3e
----------------- Done invoking toplevel() on ptolemy.moml.MoMLSimpleApplication@354beb3e
reloadAllAccessors: .Equals

===========================================================================================
----------------- testing Tue Dec 03 06:16:40 UTC 2019 /home/travis/build/icyphy/ptII/ptolemy/actor/lib/test/auto/Exec.xml
----------------- Instantiating /home/travis/build/icyphy/ptII/ptolemy/actor/lib/test/auto/Exec.xml
23 ms. Memory: 521216K Free: 364828K (70%)
----------------- Invoking toplevel() on ptolemy.moml.MoMLSimpleApplication@7a9d1276
----------------- Done invoking toplevel() on ptolemy.moml.MoMLSimpleApplication@7a9d1276
reloadAllAccessors: .Exec

===========================================================================================
----------------- testing Tue Dec 03 06:16:40 UTC 2019 /home/travis/build/icyphy/ptII/ptolemy/actor/lib/test/auto/ExecEnvironment.xml
----------------- Instantiating /home/travis/build/icyphy/ptII/ptolemy/actor/lib/test/auto/ExecEnvironment.xml
25 ms. Memory: 521216K Free: 359693K (69%)
----------------- Invoking toplevel() on ptolemy.moml.MoMLSimpleApplication@7df85e08
----------------- Done invoking toplevel() on ptolemy.moml.MoMLSimpleApplication@7df85e08
reloadAllAccessors: .ExecEnvironment

===========================================================================================
----------------- testing Tue Dec 03 06:16:40 UTC 2019 /home/travis/build/icyphy/ptII/ptolemy/actor/lib/test/auto/ExecNonZeroReturnOutput.xml
----------------- Instantiating /home/travis/build/icyphy/ptII/ptolemy/actor/lib/test/auto/ExecNonZeroReturnOutput.xml
182 ms. Memory: 521216K Free: 348444K (67%)
----------------- Invoking toplevel() on ptolemy.moml.MoMLSimpleApplication@1fefa614
----------------- Done invoking toplevel() on ptolemy.moml.MoMLSimpleApplication@1fefa614
reloadAllAccessors: .ExecNonZeroReturnOutput

===========================================================================================
----------------- testing Tue Dec 03 06:16:40 UTC 2019 /home/travis/build/icyphy/ptII/ptolemy/actor/lib/test/auto/ExecRunDemos.xml
----------------- Instantiating /home/travis/build/icyphy/ptII/ptolemy/actor/lib/test/auto/ExecRunDemos.xml
Finished: 78 ms. Memory: 120832K Free: 111496K (92%)

Finished: 90 ms. Memory: 120832K Free: 110766K (92%)

Finished: 103 ms. Memory: 120832K Free: 109848K (91%)

Finished: 112 ms. Memory: 120832K Free: 103207K (85%)

Finished: 96 ms. Memory: 120832K Free: 104087K (86%)

10702 ms. Memory: 521216K Free: 326940K (63%)
----------------- Invoking toplevel() on ptolemy.moml.MoMLSimpleApplication@356bd42b
----------------- Done invoking toplevel() on ptolemy.moml.MoMLSimpleApplication@356bd42b
reloadAllAccessors: .ExecRunDemos

===========================================================================================
----------------- testing Tue Dec 03 06:16:51 UTC 2019 /home/travis/build/icyphy/ptII/ptolemy/actor/lib/test/auto/ExecStop.xml
----------------- Instantiating /home/travis/build/icyphy/ptII/ptolemy/actor/lib/test/auto/ExecStop.xml
5024 ms. Memory: 521216K Free: 211228K (41%)
----------------- Invoking toplevel() on ptolemy.moml.MoMLSimpleApplication@726adad0
----------------- Done invoking toplevel() on ptolemy.moml.MoMLSimpleApplication@726adad0
reloadAllAccessors: .ExecStop

===========================================================================================
----------------- testing Tue Dec 03 06:16:56 UTC 2019 /home/travis/build/icyphy/ptII/ptolemy/actor/lib/test/auto/ExecutionTimeSDF.xml
----------------- Instantiating /home/travis/build/icyphy/ptII/ptolemy/actor/lib/test/auto/ExecutionTimeSDF.xml
Fired ExecutionTime: -1948567296
Fired ExecutionTime: 1063600000
Fired ExecutionTime: -1092967296
6011 ms. Memory: 521216K Free: 198430K (38%)
----------------- Invoking toplevel() on ptolemy.moml.MoMLSimpleApplication@7e68a24a
----------------- Done invoking toplevel() on ptolemy.moml.MoMLSimpleApplication@7e68a24a
reloadAllAccessors: .ExecutionTimeSDF

===========================================================================================
----------------- testing Tue Dec 03 06:17:02 UTC 2019 /home/travis/build/icyphy/ptII/ptolemy/actor/lib/test/auto/Expression1.xml
----------------- Instantiating /home/travis/build/icyphy/ptII/ptolemy/actor/lib/test/auto/Expression1.xml
4 ms. Memory: 521216K Free: 194844K (37%)
----------------- Invoking toplevel() on ptolemy.moml.MoMLSimpleApplication@449dc99f
----------------- Done invoking toplevel() on ptolemy.moml.MoMLSimpleApplication@449dc99f
reloadAllAccessors: .Expression1

===========================================================================================
----------------- testing Tue Dec 03 06:17:02 UTC 2019 /home/travis/build/icyphy/ptII/ptolemy/actor/lib/test/auto/Expression10.xml
----------------- Instantiating /home/travis/build/icyphy/ptII/ptolemy/actor/lib/test/auto/Expression10.xml
7 ms. Memory: 521216K Free: 189214K (36%)
----------------- Invoking toplevel() on ptolemy.moml.MoMLSimpleApplication@740659c5
----------------- Done invoking toplevel() on ptolemy.moml.MoMLSimpleApplication@740659c5
reloadAllAccessors: .Expression10

===========================================================================================
----------------- testing Tue Dec 03 06:17:02 UTC 2019 /home/travis/build/icyphy/ptII/ptolemy/actor/lib/test/auto/Expression11.xml
----------------- Instantiating /home/travis/build/icyphy/ptII/ptolemy/actor/lib/test/auto/Expression11.xml
2 ms. Memory: 521216K Free: 184604K (35%)
----------------- Invoking toplevel() on ptolemy.moml.MoMLSimpleApplication@7637f2e
----------------- Done invoking toplevel() on ptolemy.moml.MoMLSimpleApplication@7637f2e
reloadAllAccessors: .Expression11

===========================================================================================
----------------- testing Tue Dec 03 06:17:02 UTC 2019 /home/travis/build/icyphy/ptII/ptolemy/actor/lib/test/auto/Expression12.xml
----------------- Instantiating /home/travis/build/icyphy/ptII/ptolemy/actor/lib/test/auto/Expression12.xml
7 ms. Memory: 521216K Free: 178974K (34%)
----------------- Invoking toplevel() on ptolemy.moml.MoMLSimpleApplication@5979f550
----------------- Done invoking toplevel() on ptolemy.moml.MoMLSimpleApplication@5979f550
reloadAllAccessors: .Expression12

===========================================================================================
----------------- testing Tue Dec 03 06:17:02 UTC 2019 /home/travis/build/icyphy/ptII/ptolemy/actor/lib/test/auto/Expression13.xml
----------------- Instantiating /home/travis/build/icyphy/ptII/ptolemy/actor/lib/test/auto/Expression13.xml
4 ms. Memory: 521216K Free: 173854K (33%)
----------------- Invoking toplevel() on ptolemy.moml.MoMLSimpleApplication@3f3fea4b
----------------- Done invoking toplevel() on ptolemy.moml.MoMLSimpleApplication@3f3fea4b
reloadAllAccessors: .Expression13

===========================================================================================
----------------- testing Tue Dec 03 06:17:02 UTC 2019 /home/travis/build/icyphy/ptII/ptolemy/actor/lib/test/auto/Expression14.xml
----------------- Instantiating /home/travis/build/icyphy/ptII/ptolemy/actor/lib/test/auto/Expression14.xml
7 ms. Memory: 521216K Free: 167710K (32%)
----------------- Invoking toplevel() on ptolemy.moml.MoMLSimpleApplication@e2f0b85
----------------- Done invoking toplevel() on ptolemy.moml.MoMLSimpleApplication@e2f0b85
reloadAllAccessors: .Expression14

===========================================================================================
----------------- testing Tue Dec 03 06:17:02 UTC 2019 /home/travis/build/icyphy/ptII/ptolemy/actor/lib/test/auto/Expression15.xml
----------------- Instantiating /home/travis/build/icyphy/ptII/ptolemy/actor/lib/test/auto/Expression15.xml
2 ms. Memory: 521216K Free: 470354K (90%)
----------------- Invoking toplevel() on ptolemy.moml.MoMLSimpleApplication@7de929e9
----------------- Done invoking toplevel() on ptolemy.moml.MoMLSimpleApplication@7de929e9
reloadAllAccessors: .Expression15

===========================================================================================
----------------- testing Tue Dec 03 06:17:02 UTC 2019 /home/travis/build/icyphy/ptII/ptolemy/actor/lib/test/auto/Expression16.xml
----------------- Instantiating /home/travis/build/icyphy/ptII/ptolemy/actor/lib/test/auto/Expression16.xml
4 ms. Memory: 521216K Free: 465744K (89%)
----------------- Invoking toplevel() on ptolemy.moml.MoMLSimpleApplication@490c0cf3
----------------- Done invoking toplevel() on ptolemy.moml.MoMLSimpleApplication@490c0cf3
reloadAllAccessors: .Expression16

===========================================================================================
----------------- testing Tue Dec 03 06:17:02 UTC 2019 /home/travis/build/icyphy/ptII/ptolemy/actor/lib/test/auto/Expression17.xml
----------------- Instantiating /home/travis/build/icyphy/ptII/ptolemy/actor/lib/test/auto/Expression17.xml
3 ms. Memory: 521216K Free: 460624K (88%)
----------------- Invoking toplevel() on ptolemy.moml.MoMLSimpleApplication@e0dc39
----------------- Done invoking toplevel() on ptolemy.moml.MoMLSimpleApplication@e0dc39
reloadAllAccessors: .Expression17

===========================================================================================
----------------- testing Tue Dec 03 06:17:02 UTC 2019 /home/travis/build/icyphy/ptII/ptolemy/actor/lib/test/auto/Expression18.xml
----------------- Instantiating /home/travis/build/icyphy/ptII/ptolemy/actor/lib/test/auto/Expression18.xml
3 ms. Memory: 521216K Free: 455504K (87%)
----------------- Invoking toplevel() on ptolemy.moml.MoMLSimpleApplication@687b5e4a
----------------- Done invoking toplevel() on ptolemy.moml.MoMLSimpleApplication@687b5e4a
reloadAllAccessors: .Expression18

===========================================================================================
----------------- testing Tue Dec 03 06:17:02 UTC 2019 /home/travis/build/icyphy/ptII/ptolemy/actor/lib/test/auto/Expression2.xml
----------------- Instantiating /home/travis/build/icyphy/ptII/ptolemy/actor/lib/test/auto/Expression2.xml
3 ms. Memory: 521216K Free: 449874K (86%)
----------------- Invoking toplevel() on ptolemy.moml.MoMLSimpleApplication@7b2488c8
----------------- Done invoking toplevel() on ptolemy.moml.MoMLSimpleApplication@7b2488c8
reloadAllAccessors: .Expression2

===========================================================================================
----------------- testing Tue Dec 03 06:17:02 UTC 2019 /home/travis/build/icyphy/ptII/ptolemy/actor/lib/test/auto/Expression3.xml
----------------- Instantiating /home/travis/build/icyphy/ptII/ptolemy/actor/lib/test/auto/Expression3.xml
6 ms. Memory: 521216K Free: 445264K (85%)
----------------- Invoking toplevel() on ptolemy.moml.MoMLSimpleApplication@479b3999
----------------- Done invoking toplevel() on ptolemy.moml.MoMLSimpleApplication@479b3999
reloadAllAccessors: .Expression3

===========================================================================================
----------------- testing Tue Dec 03 06:17:02 UTC 2019 /home/travis/build/icyphy/ptII/ptolemy/actor/lib/test/auto/Expression4.xml
----------------- Instantiating /home/travis/build/icyphy/ptII/ptolemy/actor/lib/test/auto/Expression4.xml
3 ms. Memory: 521216K Free: 437586K (84%)
----------------- Invoking toplevel() on ptolemy.moml.MoMLSimpleApplication@1c780ea4
----------------- Done invoking toplevel() on ptolemy.moml.MoMLSimpleApplication@1c780ea4
reloadAllAccessors: .Expression4

===========================================================================================
----------------- testing Tue Dec 03 06:17:02 UTC 2019 /home/travis/build/icyphy/ptII/ptolemy/actor/lib/test/auto/Expression5.xml
----------------- Instantiating /home/travis/build/icyphy/ptII/ptolemy/actor/lib/test/auto/Expression5.xml
5 ms. Memory: 521216K Free: 432466K (83%)
----------------- Invoking toplevel() on ptolemy.moml.MoMLSimpleApplication@2d220709
----------------- Done invoking toplevel() on ptolemy.moml.MoMLSimpleApplication@2d220709
reloadAllAccessors: .Expression5

===========================================================================================
----------------- testing Tue Dec 03 06:17:02 UTC 2019 /home/travis/build/icyphy/ptII/ptolemy/actor/lib/test/auto/Expression6.xml
----------------- Instantiating /home/travis/build/icyphy/ptII/ptolemy/actor/lib/test/auto/Expression6.xml
2 ms. Memory: 521216K Free: 427856K (82%)
----------------- Invoking toplevel() on ptolemy.moml.MoMLSimpleApplication@36a9cfdc
----------------- Done invoking toplevel() on ptolemy.moml.MoMLSimpleApplication@36a9cfdc
reloadAllAccessors: .Expression6

===========================================================================================
----------------- testing Tue Dec 03 06:17:02 UTC 2019 /home/travis/build/icyphy/ptII/ptolemy/actor/lib/test/auto/Expression7.xml
----------------- Instantiating /home/travis/build/icyphy/ptII/ptolemy/actor/lib/test/auto/Expression7.xml
2 ms. Memory: 521216K Free: 422736K (81%)
----------------- Invoking toplevel() on ptolemy.moml.MoMLSimpleApplication@298a139f
----------------- Done invoking toplevel() on ptolemy.moml.MoMLSimpleApplication@298a139f
reloadAllAccessors: .Expression7

===========================================================================================
----------------- testing Tue Dec 03 06:17:03 UTC 2019 /home/travis/build/icyphy/ptII/ptolemy/actor/lib/test/auto/Expression8.xml
----------------- Instantiating /home/travis/build/icyphy/ptII/ptolemy/actor/lib/test/auto/Expression8.xml
8 ms. Memory: 521216K Free: 417616K (80%)
----------------- Invoking toplevel() on ptolemy.moml.MoMLSimpleApplication@be40ac
----------------- Done invoking toplevel() on ptolemy.moml.MoMLSimpleApplication@be40ac
reloadAllAccessors: .Expression8

===========================================================================================
----------------- testing Tue Dec 03 06:17:03 UTC 2019 /home/travis/build/icyphy/ptII/ptolemy/actor/lib/test/auto/Expression9.xml
----------------- Instantiating /home/travis/build/icyphy/ptII/ptolemy/actor/lib/test/auto/Expression9.xml
1 ms. Memory: 521216K Free: 414034K (79%)
----------------- Invoking toplevel() on ptolemy.moml.MoMLSimpleApplication@62b98e26
----------------- Done invoking toplevel() on ptolemy.moml.MoMLSimpleApplication@62b98e26
reloadAllAccessors: .Expression9

===========================================================================================
----------------- testing Tue Dec 03 06:17:03 UTC 2019 /home/travis/build/icyphy/ptII/ptolemy/actor/lib/test/auto/ExpressionConcatenateArrayType.xml
----------------- Instantiating /home/travis/build/icyphy/ptII/ptolemy/actor/lib/test/auto/ExpressionConcatenateArrayType.xml
3 ms. Memory: 521216K Free: 407376K (78%)
----------------- Invoking toplevel() on ptolemy.moml.MoMLSimpleApplication@29a0d836
----------------- Done invoking toplevel() on ptolemy.moml.MoMLSimpleApplication@29a0d836
reloadAllAccessors: .ExpressionConcatenateArrayType

===========================================================================================
----------------- testing Tue Dec 03 06:17:03 UTC 2019 /home/travis/build/icyphy/ptII/ptolemy/actor/lib/test/auto/ExpressionConcatenateArrayType2.xml
----------------- Instantiating /home/travis/build/icyphy/ptII/ptolemy/actor/lib/test/auto/ExpressionConcatenateArrayType2.xml
2 ms. Memory: 521216K Free: 401232K (77%)
----------------- Invoking toplevel() on ptolemy.moml.MoMLSimpleApplication@50c6c51a
----------------- Done invoking toplevel() on ptolemy.moml.MoMLSimpleApplication@50c6c51a
reloadAllAccessors: .ExpressionConcatenateArrayType2

===========================================================================================
----------------- testing Tue Dec 03 06:17:03 UTC 2019 /home/travis/build/icyphy/ptII/ptolemy/actor/lib/test/auto/ExpressionFix.xml
----------------- Instantiating /home/travis/build/icyphy/ptII/ptolemy/actor/lib/test/auto/ExpressionFix.xml
23 ms. Memory: 521216K Free: 394578K (76%)
----------------- Invoking toplevel() on ptolemy.moml.MoMLSimpleApplication@327dc1ab
----------------- Done invoking toplevel() on ptolemy.moml.MoMLSimpleApplication@327dc1ab
reloadAllAccessors: .ExpressionFix

===========================================================================================
----------------- testing Tue Dec 03 06:17:03 UTC 2019 /home/travis/build/icyphy/ptII/ptolemy/actor/lib/test/auto/ExpressionFix2.xml
----------------- Instantiating /home/travis/build/icyphy/ptII/ptolemy/actor/lib/test/auto/ExpressionFix2.xml
3 ms. Memory: 521216K Free: 389968K (75%)
----------------- Invoking toplevel() on ptolemy.moml.MoMLSimpleApplication@27099eef
----------------- Done invoking toplevel() on ptolemy.moml.MoMLSimpleApplication@27099eef
reloadAllAccessors: .ExpressionFix2

===========================================================================================
----------------- testing Tue Dec 03 06:17:03 UTC 2019 /home/travis/build/icyphy/ptII/ptolemy/actor/lib/test/auto/ExpressionFix3.xml
----------------- Instantiating /home/travis/build/icyphy/ptII/ptolemy/actor/lib/test/auto/ExpressionFix3.xml
3 ms. Memory: 521216K Free: 385872K (74%)
----------------- Invoking toplevel() on ptolemy.moml.MoMLSimpleApplication@1ae480bd
----------------- Done invoking toplevel() on ptolemy.moml.MoMLSimpleApplication@1ae480bd
reloadAllAccessors: .ExpressionFix3

===========================================================================================
----------------- testing Tue Dec 03 06:17:03 UTC 2019 /home/travis/build/icyphy/ptII/ptolemy/actor/lib/test/auto/FileWriter1.xml
----------------- Instantiating /home/travis/build/icyphy/ptII/ptolemy/actor/lib/test/auto/FileWriter1.xml
1 ms. Memory: 521216K Free: 381776K (73%)
----------------- Invoking toplevel() on ptolemy.moml.MoMLSimpleApplication@57106a00
----------------- Done invoking toplevel() on ptolemy.moml.MoMLSimpleApplication@57106a00
reloadAllAccessors: .FileWriter1

===========================================================================================
----------------- testing Tue Dec 03 06:17:03 UTC 2019 /home/travis/build/icyphy/ptII/ptolemy/actor/lib/test/auto/FileWriter2.xml
----------------- Instantiating /home/travis/build/icyphy/ptII/ptolemy/actor/lib/test/auto/FileWriter2.xml
3 ms. Memory: 521216K Free: 377170K (72%)
----------------- Invoking toplevel() on ptolemy.moml.MoMLSimpleApplication@5c8b8e32
----------------- Done invoking toplevel() on ptolemy.moml.MoMLSimpleApplication@5c8b8e32
reloadAllAccessors: .FileWriter2

===========================================================================================
----------------- testing Tue Dec 03 06:17:03 UTC 2019 /home/travis/build/icyphy/ptII/ptolemy/actor/lib/test/auto/FileWriter3.xml
----------------- Instantiating /home/travis/build/icyphy/ptII/ptolemy/actor/lib/test/auto/FileWriter3.xml
4 ms. Memory: 521216K Free: 373074K (72%)
----------------- Invoking toplevel() on ptolemy.moml.MoMLSimpleApplication@23b2bdfd
----------------- Done invoking toplevel() on ptolemy.moml.MoMLSimpleApplication@23b2bdfd
reloadAllAccessors: .FileWriter3

===========================================================================================
----------------- testing Tue Dec 03 06:17:03 UTC 2019 /home/travis/build/icyphy/ptII/ptolemy/actor/lib/test/auto/Gaussian.xml
----------------- Instantiating /home/travis/build/icyphy/ptII/ptolemy/actor/lib/test/auto/Gaussian.xml
2 ms. Memory: 521216K Free: 368464K (71%)
----------------- Invoking toplevel() on ptolemy.moml.MoMLSimpleApplication@48c8605
----------------- Done invoking toplevel() on ptolemy.moml.MoMLSimpleApplication@48c8605
reloadAllAccessors: .Gaussian

===========================================================================================
----------------- testing Tue Dec 03 06:17:03 UTC 2019 /home/travis/build/icyphy/ptII/ptolemy/actor/lib/test/auto/Gaussian1.xml
----------------- Instantiating /home/travis/build/icyphy/ptII/ptolemy/actor/lib/test/auto/Gaussian1.xml
2 ms. Memory: 521216K Free: 363330K (70%)
----------------- Invoking toplevel() on ptolemy.moml.MoMLSimpleApplication@167853e2
----------------- Done invoking toplevel() on ptolemy.moml.MoMLSimpleApplication@167853e2
reloadAllAccessors: .Gaussian1

===========================================================================================
----------------- testing Tue Dec 03 06:17:03 UTC 2019 /home/travis/build/icyphy/ptII/ptolemy/actor/lib/test/auto/Gaussian2.xml
----------------- Instantiating /home/travis/build/icyphy/ptII/ptolemy/actor/lib/test/auto/Gaussian2.xml
10 ms. Memory: 521216K Free: 357714K (69%)
----------------- Invoking toplevel() on ptolemy.moml.MoMLSimpleApplication@4ef5e220
----------------- Done invoking toplevel() on ptolemy.moml.MoMLSimpleApplication@4ef5e220
reloadAllAccessors: .Gaussian2

===========================================================================================
----------------- testing Tue Dec 03 06:17:03 UTC 2019 /home/travis/build/icyphy/ptII/ptolemy/actor/lib/test/auto/GradientAdaptiveLattice.xml
----------------- Instantiating /home/travis/build/icyphy/ptII/ptolemy/actor/lib/test/auto/GradientAdaptiveLattice.xml
3 ms. Memory: 521216K Free: 353104K (68%)
----------------- Invoking toplevel() on ptolemy.moml.MoMLSimpleApplication@609845a4
----------------- Done invoking toplevel() on ptolemy.moml.MoMLSimpleApplication@609845a4
reloadAllAccessors: .GradientAdaptiveLattice

===========================================================================================
----------------- testing Tue Dec 03 06:17:03 UTC 2019 /home/travis/build/icyphy/ptII/ptolemy/actor/lib/test/auto/IIR.xml
----------------- Instantiating /home/travis/build/icyphy/ptII/ptolemy/actor/lib/test/auto/IIR.xml
1 ms. Memory: 521216K Free: 348498K (67%)
----------------- Invoking toplevel() on ptolemy.moml.MoMLSimpleApplication@725fa4de
----------------- Done invoking toplevel() on ptolemy.moml.MoMLSimpleApplication@725fa4de
reloadAllAccessors: .IIR

===========================================================================================
----------------- testing Tue Dec 03 06:17:03 UTC 2019 /home/travis/build/icyphy/ptII/ptolemy/actor/lib/test/auto/InputOutputTransparentPorts.xml
----------------- Instantiating /home/travis/build/icyphy/ptII/ptolemy/actor/lib/test/auto/InputOutputTransparentPorts.xml
3 ms. Memory: 521216K Free: 340816K (65%)
----------------- Invoking toplevel() on ptolemy.moml.MoMLSimpleApplication@141b2ff1
----------------- Done invoking toplevel() on ptolemy.moml.MoMLSimpleApplication@141b2ff1
reloadAllAccessors: .InputOutputTransparentPorts

===========================================================================================
----------------- testing Tue Dec 03 06:17:03 UTC 2019 /home/travis/build/icyphy/ptII/ptolemy/actor/lib/test/auto/Interpolator.xml
----------------- Instantiating /home/travis/build/icyphy/ptII/ptolemy/actor/lib/test/auto/Interpolator.xml
5 ms. Memory: 521216K Free: 336720K (65%)
----------------- Invoking toplevel() on ptolemy.moml.MoMLSimpleApplication@7833d45e
----------------- Done invoking toplevel() on ptolemy.moml.MoMLSimpleApplication@7833d45e
reloadAllAccessors: .Interpolator

===========================================================================================
----------------- testing Tue Dec 03 06:17:03 UTC 2019 /home/travis/build/icyphy/ptII/ptolemy/actor/lib/test/auto/InterpolatorFiringLimitDE.xml
----------------- Instantiating /home/travis/build/icyphy/ptII/ptolemy/actor/lib/test/auto/InterpolatorFiringLimitDE.xml
2 ms. Memory: 521216K Free: 330576K (63%)
----------------- Invoking toplevel() on ptolemy.moml.MoMLSimpleApplication@67932b25
----------------- Done invoking toplevel() on ptolemy.moml.MoMLSimpleApplication@67932b25
reloadAllAccessors: .InterpolatorFiringLimitDE

===========================================================================================
----------------- testing Tue Dec 03 06:17:03 UTC 2019 /home/travis/build/icyphy/ptII/ptolemy/actor/lib/test/auto/Lattice.xml
----------------- Instantiating /home/travis/build/icyphy/ptII/ptolemy/actor/lib/test/auto/Lattice.xml
1 ms. Memory: 521216K Free: 325970K (63%)
----------------- Invoking toplevel() on ptolemy.moml.MoMLSimpleApplication@4f74adc
----------------- Done invoking toplevel() on ptolemy.moml.MoMLSimpleApplication@4f74adc
reloadAllAccessors: .Lattice

===========================================================================================
----------------- testing Tue Dec 03 06:17:03 UTC 2019 /home/travis/build/icyphy/ptII/ptolemy/actor/lib/test/auto/LazyAOCTestLazy.xml
----------------- Instantiating /home/travis/build/icyphy/ptII/ptolemy/actor/lib/test/auto/LazyAOCTestLazy.xml
18 ms. Memory: 521216K Free: 319826K (61%)
----------------- Invoking toplevel() on ptolemy.moml.MoMLSimpleApplication@46c70666
----------------- Done invoking toplevel() on ptolemy.moml.MoMLSimpleApplication@46c70666
reloadAllAccessors: .LazyAOCTestLazy

===========================================================================================
----------------- testing Tue Dec 03 06:17:03 UTC 2019 /home/travis/build/icyphy/ptII/ptolemy/actor/lib/test/auto/LazyAOCTestNonLazy.xml
----------------- Instantiating /home/travis/build/icyphy/ptII/ptolemy/actor/lib/test/auto/LazyAOCTestNonLazy.xml
2 ms. Memory: 521216K Free: 313682K (60%)
----------------- Invoking toplevel() on ptolemy.moml.MoMLSimpleApplication@ecfba99
----------------- Done invoking toplevel() on ptolemy.moml.MoMLSimpleApplication@ecfba99
reloadAllAccessors: .LazyAOCTestNonLazy

===========================================================================================
----------------- testing Tue Dec 03 06:17:03 UTC 2019 /home/travis/build/icyphy/ptII/ptolemy/actor/lib/test/auto/LazyInnerClass.xml
----------------- Instantiating /home/travis/build/icyphy/ptII/ptolemy/actor/lib/test/auto/LazyInnerClass.xml
20 ms. Memory: 521216K Free: 304962K (59%)
----------------- Invoking toplevel() on ptolemy.moml.MoMLSimpleApplication@dc89ac0
----------------- Done invoking toplevel() on ptolemy.moml.MoMLSimpleApplication@dc89ac0
reloadAllAccessors: .LazyInnerClass

===========================================================================================
----------------- testing Tue Dec 03 06:17:03 UTC 2019 /home/travis/build/icyphy/ptII/ptolemy/actor/lib/test/auto/LazyPubSub.xml
----------------- Instantiating /home/travis/build/icyphy/ptII/ptolemy/actor/lib/test/auto/LazyPubSub.xml
27 ms. Memory: 521216K Free: 294736K (57%)
----------------- Invoking toplevel() on ptolemy.moml.MoMLSimpleApplication@7a03c218
----------------- Done invoking toplevel() on ptolemy.moml.MoMLSimpleApplication@7a03c218
reloadAllAccessors: .LazyPubSub

===========================================================================================
----------------- testing Tue Dec 03 06:17:03 UTC 2019 /home/travis/build/icyphy/ptII/ptolemy/actor/lib/test/auto/LazyPubSub2.xml
----------------- Instantiating /home/travis/build/icyphy/ptII/ptolemy/actor/lib/test/auto/LazyPubSub2.xml
22 ms. Memory: 521216K Free: 284482K (55%)
----------------- Invoking toplevel() on ptolemy.moml.MoMLSimpleApplication@ecb1062
----------------- Done invoking toplevel() on ptolemy.moml.MoMLSimpleApplication@ecb1062
reloadAllAccessors: .LazyPubSub2

===========================================================================================
----------------- testing Tue Dec 03 06:17:03 UTC 2019 /home/travis/build/icyphy/ptII/ptolemy/actor/lib/test/auto/LazyPubSub3.xml
----------------- Instantiating /home/travis/build/icyphy/ptII/ptolemy/actor/lib/test/auto/LazyPubSub3.xml
14 ms. Memory: 521216K Free: 274256K (53%)
----------------- Invoking toplevel() on ptolemy.moml.MoMLSimpleApplication@14801e47
----------------- Done invoking toplevel() on ptolemy.moml.MoMLSimpleApplication@14801e47
reloadAllAccessors: .LazyPubSub3

===========================================================================================
----------------- testing Tue Dec 03 06:17:03 UTC 2019 /home/travis/build/icyphy/ptII/ptolemy/actor/lib/test/auto/LazySubClassModel.xml
----------------- Instantiating /home/travis/build/icyphy/ptII/ptolemy/actor/lib/test/auto/LazySubClassModel.xml
2 ms. Memory: 521216K Free: 265040K (51%)
----------------- Invoking toplevel() on ptolemy.moml.MoMLSimpleApplication@46cc01ed
----------------- Done invoking toplevel() on ptolemy.moml.MoMLSimpleApplication@46cc01ed
reloadAllAccessors: .LazySubClassModel

===========================================================================================
----------------- testing Tue Dec 03 06:17:03 UTC 2019 /home/travis/build/icyphy/ptII/ptolemy/actor/lib/test/auto/LevelCrossTest1.xml
----------------- Instantiating /home/travis/build/icyphy/ptII/ptolemy/actor/lib/test/auto/LevelCrossTest1.xml
2 ms. Memory: 521216K Free: 259410K (50%)
----------------- Invoking toplevel() on ptolemy.moml.MoMLSimpleApplication@30b3402e
----------------- Done invoking toplevel() on ptolemy.moml.MoMLSimpleApplication@30b3402e
reloadAllAccessors: .broken

===========================================================================================
----------------- testing Tue Dec 03 06:17:03 UTC 2019 /home/travis/build/icyphy/ptII/ptolemy/actor/lib/test/auto/LevelCrossTest10.xml
----------------- Instantiating /home/travis/build/icyphy/ptII/ptolemy/actor/lib/test/auto/LevelCrossTest10.xml
1 ms. Memory: 521216K Free: 251728K (48%)
----------------- Invoking toplevel() on ptolemy.moml.MoMLSimpleApplication@5e0ffeca
----------------- Done invoking toplevel() on ptolemy.moml.MoMLSimpleApplication@5e0ffeca
reloadAllAccessors: .LevelCrossTest10

===========================================================================================
----------------- testing Tue Dec 03 06:17:03 UTC 2019 /home/travis/build/icyphy/ptII/ptolemy/actor/lib/test/auto/LevelCrossTest11.xml
----------------- Instantiating /home/travis/build/icyphy/ptII/ptolemy/actor/lib/test/auto/LevelCrossTest11.xml
1 ms. Memory: 521216K Free: 245074K (47%)
----------------- Invoking toplevel() on ptolemy.moml.MoMLSimpleApplication@3bc7a39a
----------------- Done invoking toplevel() on ptolemy.moml.MoMLSimpleApplication@3bc7a39a
reloadAllAccessors: .LevelCrossTest11

===========================================================================================
----------------- testing Tue Dec 03 06:17:03 UTC 2019 /home/travis/build/icyphy/ptII/ptolemy/actor/lib/test/auto/LevelCrossTest12.xml
----------------- Instantiating /home/travis/build/icyphy/ptII/ptolemy/actor/lib/test/auto/LevelCrossTest12.xml
1 ms. Memory: 521216K Free: 237906K (46%)
----------------- Invoking toplevel() on ptolemy.moml.MoMLSimpleApplication@1b087b24
----------------- Done invoking toplevel() on ptolemy.moml.MoMLSimpleApplication@1b087b24
reloadAllAccessors: .LevelCrossTest12

===========================================================================================
----------------- testing Tue Dec 03 06:17:03 UTC 2019 /home/travis/build/icyphy/ptII/ptolemy/actor/lib/test/auto/LevelCrossTest13.xml
----------------- Instantiating /home/travis/build/icyphy/ptII/ptolemy/actor/lib/test/auto/LevelCrossTest13.xml
1 ms. Memory: 521216K Free: 230224K (44%)
----------------- Invoking toplevel() on ptolemy.moml.MoMLSimpleApplication@2cc747b2
----------------- Done invoking toplevel() on ptolemy.moml.MoMLSimpleApplication@2cc747b2
reloadAllAccessors: .LevelCrossTest13

===========================================================================================
----------------- testing Tue Dec 03 06:17:03 UTC 2019 /home/travis/build/icyphy/ptII/ptolemy/actor/lib/test/auto/LevelCrossTest2.xml
----------------- Instantiating /home/travis/build/icyphy/ptII/ptolemy/actor/lib/test/auto/LevelCrossTest2.xml
1 ms. Memory: 521216K Free: 224594K (43%)
----------------- Invoking toplevel() on ptolemy.moml.MoMLSimpleApplication@3e54e18d
----------------- Done invoking toplevel() on ptolemy.moml.MoMLSimpleApplication@3e54e18d
reloadAllAccessors: .broken

===========================================================================================
----------------- testing Tue Dec 03 06:17:03 UTC 2019 /home/travis/build/icyphy/ptII/ptolemy/actor/lib/test/auto/LevelCrossTest3.xml
----------------- Instantiating /home/travis/build/icyphy/ptII/ptolemy/actor/lib/test/auto/LevelCrossTest3.xml
1 ms. Memory: 521216K Free: 218450K (42%)
----------------- Invoking toplevel() on ptolemy.moml.MoMLSimpleApplication@73d2c7ba
----------------- Done invoking toplevel() on ptolemy.moml.MoMLSimpleApplication@73d2c7ba
reloadAllAccessors: .LevelCrossTest3

===========================================================================================
----------------- testing Tue Dec 03 06:17:03 UTC 2019 /home/travis/build/icyphy/ptII/ptolemy/actor/lib/test/auto/LevelCrossTest4.xml
----------------- Instantiating /home/travis/build/icyphy/ptII/ptolemy/actor/lib/test/auto/LevelCrossTest4.xml
2 ms. Memory: 521216K Free: 212816K (41%)
----------------- Invoking toplevel() on ptolemy.moml.MoMLSimpleApplication@6f25eb66
----------------- Done invoking toplevel() on ptolemy.moml.MoMLSimpleApplication@6f25eb66
reloadAllAccessors: .broken

===========================================================================================
----------------- testing Tue Dec 03 06:17:03 UTC 2019 /home/travis/build/icyphy/ptII/ptolemy/actor/lib/test/auto/LevelCrossTest5.xml
----------------- Instantiating /home/travis/build/icyphy/ptII/ptolemy/actor/lib/test/auto/LevelCrossTest5.xml
5 ms. Memory: 521216K Free: 206672K (40%)
----------------- Invoking toplevel() on ptolemy.moml.MoMLSimpleApplication@1947981b
----------------- Done invoking toplevel() on ptolemy.moml.MoMLSimpleApplication@1947981b
reloadAllAccessors: .LevelCrossTest5

===========================================================================================
----------------- testing Tue Dec 03 06:17:03 UTC 2019 /home/travis/build/icyphy/ptII/ptolemy/actor/lib/test/auto/LevelCrossTest6.xml
----------------- Instantiating /home/travis/build/icyphy/ptII/ptolemy/actor/lib/test/auto/LevelCrossTest6.xml
1 ms. Memory: 521216K Free: 199504K (38%)
----------------- Invoking toplevel() on ptolemy.moml.MoMLSimpleApplication@7f9f7b0e
----------------- Done invoking toplevel() on ptolemy.moml.MoMLSimpleApplication@7f9f7b0e
reloadAllAccessors: .LevelCrossTest6

===========================================================================================
----------------- testing Tue Dec 03 06:17:03 UTC 2019 /home/travis/build/icyphy/ptII/ptolemy/actor/lib/test/auto/LevelCrossTest7.xml
----------------- Instantiating /home/travis/build/icyphy/ptII/ptolemy/actor/lib/test/auto/LevelCrossTest7.xml
1 ms. Memory: 521216K Free: 192336K (37%)
----------------- Invoking toplevel() on ptolemy.moml.MoMLSimpleApplication@41c906d1
----------------- Done invoking toplevel() on ptolemy.moml.MoMLSimpleApplication@41c906d1
reloadAllAccessors: .LevelCrossTest7

===========================================================================================
----------------- testing Tue Dec 03 06:17:03 UTC 2019 /home/travis/build/icyphy/ptII/ptolemy/actor/lib/test/auto/LevelCrossTest8.xml
----------------- Instantiating /home/travis/build/icyphy/ptII/ptolemy/actor/lib/test/auto/LevelCrossTest8.xml
1 ms. Memory: 521216K Free: 185168K (36%)
----------------- Invoking toplevel() on ptolemy.moml.MoMLSimpleApplication@7aa721f8
----------------- Done invoking toplevel() on ptolemy.moml.MoMLSimpleApplication@7aa721f8
reloadAllAccessors: .LevelCrossTest8

===========================================================================================
----------------- testing Tue Dec 03 06:17:03 UTC 2019 /home/travis/build/icyphy/ptII/ptolemy/actor/lib/test/auto/LevelCrossTest9.xml
----------------- Instantiating /home/travis/build/icyphy/ptII/ptolemy/actor/lib/test/auto/LevelCrossTest9.xml
2 ms. Memory: 521216K Free: 178000K (34%)
----------------- Invoking toplevel() on ptolemy.moml.MoMLSimpleApplication@203d18ba
----------------- Done invoking toplevel() on ptolemy.moml.MoMLSimpleApplication@203d18ba
reloadAllAccessors: .LevelCrossTest9

===========================================================================================
----------------- testing Tue Dec 03 06:17:03 UTC 2019 /home/travis/build/icyphy/ptII/ptolemy/actor/lib/test/auto/LevinsonDurbin.xml
----------------- Instantiating /home/travis/build/icyphy/ptII/ptolemy/actor/lib/test/auto/LevinsonDurbin.xml
1 ms. Memory: 521216K Free: 173904K (33%)
----------------- Invoking toplevel() on ptolemy.moml.MoMLSimpleApplication@1bf0adb
----------------- Done invoking toplevel() on ptolemy.moml.MoMLSimpleApplication@1bf0adb
reloadAllAccessors: .LevinsonDurbin

===========================================================================================
----------------- testing Tue Dec 03 06:17:03 UTC 2019 /home/travis/build/icyphy/ptII/ptolemy/actor/lib/test/auto/LevinsonDurbin2.xml
----------------- Instantiating /home/travis/build/icyphy/ptII/ptolemy/actor/lib/test/auto/LevinsonDurbin2.xml
1 ms. Memory: 521216K Free: 170322K (33%)
----------------- Invoking toplevel() on ptolemy.moml.MoMLSimpleApplication@2ccf10d0
----------------- Done invoking toplevel() on ptolemy.moml.MoMLSimpleApplication@2ccf10d0
reloadAllAccessors: .LevinsonDurbin2

===========================================================================================
----------------- testing Tue Dec 03 06:17:03 UTC 2019 /home/travis/build/icyphy/ptII/ptolemy/actor/lib/test/auto/LevinsonDurbin3.xml
----------------- Instantiating /home/travis/build/icyphy/ptII/ptolemy/actor/lib/test/auto/LevinsonDurbin3.xml
3 ms. Memory: 521216K Free: 472595K (91%)
----------------- Invoking toplevel() on ptolemy.moml.MoMLSimpleApplication@389c365
----------------- Done invoking toplevel() on ptolemy.moml.MoMLSimpleApplication@389c365
reloadAllAccessors: .LevinsonDurbin3

===========================================================================================
----------------- testing Tue Dec 03 06:17:04 UTC 2019 /home/travis/build/icyphy/ptII/ptolemy/actor/lib/test/auto/Limiter.xml
----------------- Instantiating /home/travis/build/icyphy/ptII/ptolemy/actor/lib/test/auto/Limiter.xml
13 ms. Memory: 521216K Free: 463149K (89%)
----------------- Invoking toplevel() on ptolemy.moml.MoMLSimpleApplication@cafe50f
----------------- Done invoking toplevel() on ptolemy.moml.MoMLSimpleApplication@cafe50f
reloadAllAccessors: .Limiter

===========================================================================================
----------------- testing Tue Dec 03 06:17:04 UTC 2019 /home/travis/build/icyphy/ptII/ptolemy/actor/lib/test/auto/LinearDifferenceEquationSystem.xml
----------------- Instantiating /home/travis/build/icyphy/ptII/ptolemy/actor/lib/test/auto/LinearDifferenceEquationSystem.xml
3 ms. Memory: 521216K Free: 455467K (87%)
----------------- Invoking toplevel() on ptolemy.moml.MoMLSimpleApplication@403f16e0
----------------- Done invoking toplevel() on ptolemy.moml.MoMLSimpleApplication@403f16e0
reloadAllAccessors: .LinearDifferenceEquationSystem

===========================================================================================
----------------- testing Tue Dec 03 06:17:04 UTC 2019 /home/travis/build/icyphy/ptII/ptolemy/actor/lib/test/auto/LookupTable.xml
----------------- Instantiating /home/travis/build/icyphy/ptII/ptolemy/actor/lib/test/auto/LookupTable.xml
2 ms. Memory: 521216K Free: 450861K (87%)
----------------- Invoking toplevel() on ptolemy.moml.MoMLSimpleApplication@77fe5445
----------------- Done invoking toplevel() on ptolemy.moml.MoMLSimpleApplication@77fe5445
reloadAllAccessors: .LookupTable

===========================================================================================
----------------- testing Tue Dec 03 06:17:04 UTC 2019 /home/travis/build/icyphy/ptII/ptolemy/actor/lib/test/auto/MathFunction.xml
----------------- Instantiating /home/travis/build/icyphy/ptII/ptolemy/actor/lib/test/auto/MathFunction.xml
2 ms. Memory: 521216K Free: 442669K (85%)
----------------- Invoking toplevel() on ptolemy.moml.MoMLSimpleApplication@271356a6
----------------- Done invoking toplevel() on ptolemy.moml.MoMLSimpleApplication@271356a6
reloadAllAccessors: .MathFunction

===========================================================================================
----------------- testing Tue Dec 03 06:17:04 UTC 2019 /home/travis/build/icyphy/ptII/ptolemy/actor/lib/test/auto/MathFunction2.xml
----------------- Instantiating /home/travis/build/icyphy/ptII/ptolemy/actor/lib/test/auto/MathFunction2.xml
1 ms. Memory: 521216K Free: 438573K (84%)
----------------- Invoking toplevel() on ptolemy.moml.MoMLSimpleApplication@6da8bbbe
----------------- Done invoking toplevel() on ptolemy.moml.MoMLSimpleApplication@6da8bbbe
reloadAllAccessors: .MathFunction2

===========================================================================================
----------------- testing Tue Dec 03 06:17:04 UTC 2019 /home/travis/build/icyphy/ptII/ptolemy/actor/lib/test/auto/MathFunction3.xml
----------------- Instantiating /home/travis/build/icyphy/ptII/ptolemy/actor/lib/test/auto/MathFunction3.xml
2 ms. Memory: 521216K Free: 431405K (83%)
----------------- Invoking toplevel() on ptolemy.moml.MoMLSimpleApplication@4f275795
----------------- Done invoking toplevel() on ptolemy.moml.MoMLSimpleApplication@4f275795
reloadAllAccessors: .MathFunction3

===========================================================================================
----------------- testing Tue Dec 03 06:17:04 UTC 2019 /home/travis/build/icyphy/ptII/ptolemy/actor/lib/test/auto/MatrixCropBoolean.xml
----------------- Instantiating /home/travis/build/icyphy/ptII/ptolemy/actor/lib/test/auto/MatrixCropBoolean.xml
1 ms. Memory: 521216K Free: 426285K (82%)
----------------- Invoking toplevel() on ptolemy.moml.MoMLSimpleApplication@40cce8a1
----------------- Done invoking toplevel() on ptolemy.moml.MoMLSimpleApplication@40cce8a1
reloadAllAccessors: .MatrixCropBoolean

===========================================================================================
----------------- testing Tue Dec 03 06:17:04 UTC 2019 /home/travis/build/icyphy/ptII/ptolemy/actor/lib/test/auto/MatrixCropComplex.xml
----------------- Instantiating /home/travis/build/icyphy/ptII/ptolemy/actor/lib/test/auto/MatrixCropComplex.xml
2 ms. Memory: 521216K Free: 421165K (81%)
----------------- Invoking toplevel() on ptolemy.moml.MoMLSimpleApplication@5cff2439
----------------- Done invoking toplevel() on ptolemy.moml.MoMLSimpleApplication@5cff2439
reloadAllAccessors: .MatrixCropComplex

===========================================================================================
----------------- testing Tue Dec 03 06:17:04 UTC 2019 /home/travis/build/icyphy/ptII/ptolemy/actor/lib/test/auto/MatrixCropDouble.xml
----------------- Instantiating /home/travis/build/icyphy/ptII/ptolemy/actor/lib/test/auto/MatrixCropDouble.xml
2 ms. Memory: 521216K Free: 416045K (80%)
----------------- Invoking toplevel() on ptolemy.moml.MoMLSimpleApplication@7d40888
----------------- Done invoking toplevel() on ptolemy.moml.MoMLSimpleApplication@7d40888
reloadAllAccessors: .MatrixCropDouble

===========================================================================================
----------------- testing Tue Dec 03 06:17:04 UTC 2019 /home/travis/build/icyphy/ptII/ptolemy/actor/lib/test/auto/MatrixCropFix.xml
----------------- Instantiating /home/travis/build/icyphy/ptII/ptolemy/actor/lib/test/auto/MatrixCropFix.xml
2 ms. Memory: 521216K Free: 411429K (79%)
----------------- Invoking toplevel() on ptolemy.moml.MoMLSimpleApplication@399c1abe
----------------- Done invoking toplevel() on ptolemy.moml.MoMLSimpleApplication@399c1abe
reloadAllAccessors: .MatrixCropFix

===========================================================================================
----------------- testing Tue Dec 03 06:17:04 UTC 2019 /home/travis/build/icyphy/ptII/ptolemy/actor/lib/test/auto/MatrixCropInt.xml
----------------- Instantiating /home/travis/build/icyphy/ptII/ptolemy/actor/lib/test/auto/MatrixCropInt.xml
2 ms. Memory: 521216K Free: 406285K (78%)
----------------- Invoking toplevel() on ptolemy.moml.MoMLSimpleApplication@5c44af41
----------------- Done invoking toplevel() on ptolemy.moml.MoMLSimpleApplication@5c44af41
reloadAllAccessors: .MatrixCropInt

===========================================================================================
----------------- testing Tue Dec 03 06:17:04 UTC 2019 /home/travis/build/icyphy/ptII/ptolemy/actor/lib/test/auto/MatrixCropLong.xml
----------------- Instantiating /home/travis/build/icyphy/ptII/ptolemy/actor/lib/test/auto/MatrixCropLong.xml
3 ms. Memory: 521216K Free: 401709K (77%)
----------------- Invoking toplevel() on ptolemy.moml.MoMLSimpleApplication@1d818d5
----------------- Done invoking toplevel() on ptolemy.moml.MoMLSimpleApplication@1d818d5
reloadAllAccessors: .MatrixCropLong

===========================================================================================
----------------- testing Tue Dec 03 06:17:04 UTC 2019 /home/travis/build/icyphy/ptII/ptolemy/actor/lib/test/auto/MatrixToArray.xml
----------------- Instantiating /home/travis/build/icyphy/ptII/ptolemy/actor/lib/test/auto/MatrixToArray.xml
11 ms. Memory: 521216K Free: 386349K (74%)
----------------- Invoking toplevel() on ptolemy.moml.MoMLSimpleApplication@3daf1035
----------------- Done invoking toplevel() on ptolemy.moml.MoMLSimpleApplication@3daf1035
reloadAllAccessors: .MatrixToArray

===========================================================================================
----------------- testing Tue Dec 03 06:17:04 UTC 2019 /home/travis/build/icyphy/ptII/ptolemy/actor/lib/test/auto/MaxIndex.xml
----------------- Instantiating /home/travis/build/icyphy/ptII/ptolemy/actor/lib/test/auto/MaxIndex.xml
2 ms. Memory: 521216K Free: 381229K (73%)
----------------- Invoking toplevel() on ptolemy.moml.MoMLSimpleApplication@7f37a26d
----------------- Done invoking toplevel() on ptolemy.moml.MoMLSimpleApplication@7f37a26d
reloadAllAccessors: .MaxIndex

===========================================================================================
----------------- testing Tue Dec 03 06:17:04 UTC 2019 /home/travis/build/icyphy/ptII/ptolemy/actor/lib/test/auto/Maximum.xml
----------------- Instantiating /home/travis/build/icyphy/ptII/ptolemy/actor/lib/test/auto/Maximum.xml
5 ms. Memory: 521216K Free: 374541K (72%)
----------------- Invoking toplevel() on ptolemy.moml.MoMLSimpleApplication@43e7758f
----------------- Done invoking toplevel() on ptolemy.moml.MoMLSimpleApplication@43e7758f
reloadAllAccessors: .Maximum

===========================================================================================
----------------- testing Tue Dec 03 06:17:04 UTC 2019 /home/travis/build/icyphy/ptII/ptolemy/actor/lib/test/auto/MaximumComplex.xml
----------------- Instantiating /home/travis/build/icyphy/ptII/ptolemy/actor/lib/test/auto/MaximumComplex.xml
5 ms. Memory: 521216K Free: 368427K (71%)
----------------- Invoking toplevel() on ptolemy.moml.MoMLSimpleApplication@425133df
----------------- Done invoking toplevel() on ptolemy.moml.MoMLSimpleApplication@425133df
reloadAllAccessors: .MaximumComplex

===========================================================================================
----------------- testing Tue Dec 03 06:17:04 UTC 2019 /home/travis/build/icyphy/ptII/ptolemy/actor/lib/test/auto/MethodCallTest.xml
----------------- Instantiating /home/travis/build/icyphy/ptII/ptolemy/actor/lib/test/auto/MethodCallTest.xml
3 ms. Memory: 521216K Free: 361773K (69%)
----------------- Invoking toplevel() on ptolemy.moml.MoMLSimpleApplication@503d1275
----------------- Done invoking toplevel() on ptolemy.moml.MoMLSimpleApplication@503d1275
reloadAllAccessors: .MethodCallTest

===========================================================================================
----------------- testing Tue Dec 03 06:17:04 UTC 2019 /home/travis/build/icyphy/ptII/ptolemy/actor/lib/test/auto/Minimum.xml
----------------- Instantiating /home/travis/build/icyphy/ptII/ptolemy/actor/lib/test/auto/Minimum.xml
3 ms. Memory: 521216K Free: 355629K (68%)
----------------- Invoking toplevel() on ptolemy.moml.MoMLSimpleApplication@51f49e4a
----------------- Done invoking toplevel() on ptolemy.moml.MoMLSimpleApplication@51f49e4a
reloadAllAccessors: .Minimum

===========================================================================================
----------------- testing Tue Dec 03 06:17:04 UTC 2019 /home/travis/build/icyphy/ptII/ptolemy/actor/lib/test/auto/MinimumComplex.xml
----------------- Instantiating /home/travis/build/icyphy/ptII/ptolemy/actor/lib/test/auto/MinimumComplex.xml
4 ms. Memory: 521216K Free: 349485K (67%)
----------------- Invoking toplevel() on ptolemy.moml.MoMLSimpleApplication@4b9bcd4a
----------------- Done invoking toplevel() on ptolemy.moml.MoMLSimpleApplication@4b9bcd4a
reloadAllAccessors: .MinimumComplex

===========================================================================================
----------------- testing Tue Dec 03 06:17:04 UTC 2019 /home/travis/build/icyphy/ptII/ptolemy/actor/lib/test/auto/MinimumMultiports.xml
----------------- Instantiating /home/travis/build/icyphy/ptII/ptolemy/actor/lib/test/auto/MinimumMultiports.xml
4 ms. Memory: 521216K Free: 340773K (65%)
----------------- Invoking toplevel() on ptolemy.moml.MoMLSimpleApplication@2206eeb3
----------------- Done invoking toplevel() on ptolemy.moml.MoMLSimpleApplication@2206eeb3
reloadAllAccessors: .MinimumMultiports

===========================================================================================
----------------- testing Tue Dec 03 06:17:04 UTC 2019 /home/travis/build/icyphy/ptII/ptolemy/actor/lib/test/auto/ModifyDate.xml
----------------- Instantiating /home/travis/build/icyphy/ptII/ptolemy/actor/lib/test/auto/ModifyDate.xml
9 ms. Memory: 521216K Free: 327981K (63%)
----------------- Invoking toplevel() on ptolemy.moml.MoMLSimpleApplication@46795e38
----------------- Done invoking toplevel() on ptolemy.moml.MoMLSimpleApplication@46795e38
reloadAllAccessors: .ModifyDate

===========================================================================================
----------------- testing Tue Dec 03 06:17:04 UTC 2019 /home/travis/build/icyphy/ptII/ptolemy/actor/lib/test/auto/ModifyDate2.xml
----------------- Instantiating /home/travis/build/icyphy/ptII/ptolemy/actor/lib/test/auto/ModifyDate2.xml
3 ms. Memory: 521216K Free: 319275K (61%)
----------------- Invoking toplevel() on ptolemy.moml.MoMLSimpleApplication@79eb5c7a
----------------- Done invoking toplevel() on ptolemy.moml.MoMLSimpleApplication@79eb5c7a
reloadAllAccessors: .ModifyDate2

===========================================================================================
----------------- testing Tue Dec 03 06:17:04 UTC 2019 /home/travis/build/icyphy/ptII/ptolemy/actor/lib/test/auto/MovingAverage.xml
----------------- Instantiating /home/travis/build/icyphy/ptII/ptolemy/actor/lib/test/auto/MovingAverage.xml
2 ms. Memory: 521216K Free: 314155K (60%)
----------------- Invoking toplevel() on ptolemy.moml.MoMLSimpleApplication@3f84df9d
----------------- Done invoking toplevel() on ptolemy.moml.MoMLSimpleApplication@3f84df9d
reloadAllAccessors: .MovingAverage

===========================================================================================
----------------- testing Tue Dec 03 06:17:04 UTC 2019 /home/travis/build/icyphy/ptII/ptolemy/actor/lib/test/auto/MovingMaximum.xml
----------------- Instantiating /home/travis/build/icyphy/ptII/ptolemy/actor/lib/test/auto/MovingMaximum.xml
1 ms. Memory: 521216K Free: 309549K (59%)
----------------- Invoking toplevel() on ptolemy.moml.MoMLSimpleApplication@6238764a
----------------- Done invoking toplevel() on ptolemy.moml.MoMLSimpleApplication@6238764a
reloadAllAccessors: .MovingMaximum

===========================================================================================
----------------- testing Tue Dec 03 06:17:04 UTC 2019 /home/travis/build/icyphy/ptII/ptolemy/actor/lib/test/auto/MultipleLinksToSameRelation.xml
----------------- Instantiating /home/travis/build/icyphy/ptII/ptolemy/actor/lib/test/auto/MultipleLinksToSameRelation.xml
2 ms. Memory: 521216K Free: 305453K (59%)
----------------- Invoking toplevel() on ptolemy.moml.MoMLSimpleApplication@6eb97aca
----------------- Done invoking toplevel() on ptolemy.moml.MoMLSimpleApplication@6eb97aca
reloadAllAccessors: .MultipleLinksToSameRelation

===========================================================================================
----------------- testing Tue Dec 03 06:17:04 UTC 2019 /home/travis/build/icyphy/ptII/ptolemy/actor/lib/test/auto/MultipleLinksToSameRelationDE.xml
----------------- Instantiating /home/travis/build/icyphy/ptII/ptolemy/actor/lib/test/auto/MultipleLinksToSameRelationDE.xml
9 ms. Memory: 521216K Free: 300829K (58%)
----------------- Invoking toplevel() on ptolemy.moml.MoMLSimpleApplication@6c0ddf19
----------------- Done invoking toplevel() on ptolemy.moml.MoMLSimpleApplication@6c0ddf19
reloadAllAccessors: .MultipleLinksToSameRelationDE

===========================================================================================
----------------- testing Tue Dec 03 06:17:04 UTC 2019 /home/travis/build/icyphy/ptII/ptolemy/actor/lib/test/auto/Multiplexor.xml
----------------- Instantiating /home/travis/build/icyphy/ptII/ptolemy/actor/lib/test/auto/Multiplexor.xml
2 ms. Memory: 521216K Free: 295723K (57%)
----------------- Invoking toplevel() on ptolemy.moml.MoMLSimpleApplication@5da0989d
----------------- Done invoking toplevel() on ptolemy.moml.MoMLSimpleApplication@5da0989d
reloadAllAccessors: .Multiplexor

===========================================================================================
----------------- testing Tue Dec 03 06:17:04 UTC 2019 /home/travis/build/icyphy/ptII/ptolemy/actor/lib/test/auto/Multiplexor1.xml
----------------- Instantiating /home/travis/build/icyphy/ptII/ptolemy/actor/lib/test/auto/Multiplexor1.xml
2 ms. Memory: 521216K Free: 289549K (56%)
----------------- Invoking toplevel() on ptolemy.moml.MoMLSimpleApplication@6cdd4582
----------------- Done invoking toplevel() on ptolemy.moml.MoMLSimpleApplication@6cdd4582
reloadAllAccessors: .Multiplexor1

===========================================================================================
----------------- testing Tue Dec 03 06:17:04 UTC 2019 /home/travis/build/icyphy/ptII/ptolemy/actor/lib/test/auto/Multiplexor2.xml
----------------- Instantiating /home/travis/build/icyphy/ptII/ptolemy/actor/lib/test/auto/Multiplexor2.xml
6 ms. Memory: 521216K Free: 282925K (54%)
----------------- Invoking toplevel() on ptolemy.moml.MoMLSimpleApplication@7f130c4f
----------------- Done invoking toplevel() on ptolemy.moml.MoMLSimpleApplication@7f130c4f
reloadAllAccessors: .Multiplexor2

===========================================================================================
----------------- testing Tue Dec 03 06:17:04 UTC 2019 /home/travis/build/icyphy/ptII/ptolemy/actor/lib/test/auto/Multiplexor3.xml
----------------- Instantiating /home/travis/build/icyphy/ptII/ptolemy/actor/lib/test/auto/Multiplexor3.xml
1 ms. Memory: 521216K Free: 278829K (53%)
----------------- Invoking toplevel() on ptolemy.moml.MoMLSimpleApplication@16f002e3
----------------- Done invoking toplevel() on ptolemy.moml.MoMLSimpleApplication@16f002e3
reloadAllAccessors: .Multiplexor3

===========================================================================================
----------------- testing Tue Dec 03 06:17:04 UTC 2019 /home/travis/build/icyphy/ptII/ptolemy/actor/lib/test/auto/MultiplexorDE.xml
----------------- Instantiating /home/travis/build/icyphy/ptII/ptolemy/actor/lib/test/auto/MultiplexorDE.xml
4 ms. Memory: 521216K Free: 271117K (52%)
----------------- Invoking toplevel() on ptolemy.moml.MoMLSimpleApplication@2a15c660
----------------- Done invoking toplevel() on ptolemy.moml.MoMLSimpleApplication@2a15c660
reloadAllAccessors: .MultiplexorDE

===========================================================================================
----------------- testing Tue Dec 03 06:17:04 UTC 2019 /home/travis/build/icyphy/ptII/ptolemy/actor/lib/test/auto/MultiportBroadcastTest.xml
----------------- Instantiating /home/travis/build/icyphy/ptII/ptolemy/actor/lib/test/auto/MultiportBroadcastTest.xml
98 ms. Memory: 521216K Free: 264493K (51%)
----------------- Invoking toplevel() on ptolemy.moml.MoMLSimpleApplication@33544206
----------------- Done invoking toplevel() on ptolemy.moml.MoMLSimpleApplication@33544206
reloadAllAccessors: .MultiportBroadcastTest

===========================================================================================
----------------- testing Tue Dec 03 06:17:04 UTC 2019 /home/travis/build/icyphy/ptII/ptolemy/actor/lib/test/auto/MultiportOutHangDuringGetWidth.xml
----------------- Instantiating /home/travis/build/icyphy/ptII/ptolemy/actor/lib/test/auto/MultiportOutHangDuringGetWidth.xml
5 ms. Memory: 521216K Free: 252205K (48%)
----------------- Invoking toplevel() on ptolemy.moml.MoMLSimpleApplication@617f248c
----------------- Done invoking toplevel() on ptolemy.moml.MoMLSimpleApplication@617f248c
reloadAllAccessors: .MultiportOutHangDuringGetWidth

===========================================================================================
----------------- testing Tue Dec 03 06:17:04 UTC 2019 /home/travis/build/icyphy/ptII/ptolemy/actor/lib/test/auto/NilToken.xml
----------------- Instantiating /home/travis/build/icyphy/ptII/ptolemy/actor/lib/test/auto/NilToken.xml
1 ms. Memory: 521216K Free: 247595K (48%)
----------------- Invoking toplevel() on ptolemy.moml.MoMLSimpleApplication@7378f62
----------------- Done invoking toplevel() on ptolemy.moml.MoMLSimpleApplication@7378f62
reloadAllAccessors: .NilToken

===========================================================================================
----------------- testing Tue Dec 03 06:17:04 UTC 2019 /home/travis/build/icyphy/ptII/ptolemy/actor/lib/test/auto/NilTokenNonStrictTest.xml
----------------- Instantiating /home/travis/build/icyphy/ptII/ptolemy/actor/lib/test/auto/NilTokenNonStrictTest.xml
2 ms. Memory: 521216K Free: 242989K (47%)
----------------- Invoking toplevel() on ptolemy.moml.MoMLSimpleApplication@61f6faf6
----------------- Done invoking toplevel() on ptolemy.moml.MoMLSimpleApplication@61f6faf6
reloadAllAccessors: .NilTokenNonStrictTest

===========================================================================================
----------------- testing Tue Dec 03 06:17:04 UTC 2019 /home/travis/build/icyphy/ptII/ptolemy/actor/lib/test/auto/NilTokenRecord.xml
----------------- Instantiating /home/travis/build/icyphy/ptII/ptolemy/actor/lib/test/auto/NilTokenRecord.xml
11 ms. Memory: 521216K Free: 236331K (45%)
----------------- Invoking toplevel() on ptolemy.moml.MoMLSimpleApplication@3f738c98
----------------- Done invoking toplevel() on ptolemy.moml.MoMLSimpleApplication@3f738c98
reloadAllAccessors: .NilTokenRecord

===========================================================================================
----------------- testing Tue Dec 03 06:17:04 UTC 2019 /home/travis/build/icyphy/ptII/ptolemy/actor/lib/test/auto/NilTokenTypeTest.xml
----------------- Instantiating /home/travis/build/icyphy/ptII/ptolemy/actor/lib/test/auto/NilTokenTypeTest.xml
7 ms. Memory: 521216K Free: 226605K (43%)
----------------- Invoking toplevel() on ptolemy.moml.MoMLSimpleApplication@7ceac004
----------------- Done invoking toplevel() on ptolemy.moml.MoMLSimpleApplication@7ceac004
reloadAllAccessors: .NilTokenTypeTest

===========================================================================================
----------------- testing Tue Dec 03 06:17:04 UTC 2019 /home/travis/build/icyphy/ptII/ptolemy/actor/lib/test/auto/ObjectToken1.xml
----------------- Instantiating /home/travis/build/icyphy/ptII/ptolemy/actor/lib/test/auto/ObjectToken1.xml
2 ms. Memory: 521216K Free: 222509K (43%)
----------------- Invoking toplevel() on ptolemy.moml.MoMLSimpleApplication@7affb66d
----------------- Done invoking toplevel() on ptolemy.moml.MoMLSimpleApplication@7affb66d
reloadAllAccessors: .ObjectToken1

===========================================================================================
----------------- testing Tue Dec 03 06:17:04 UTC 2019 /home/travis/build/icyphy/ptII/ptolemy/actor/lib/test/auto/OrderedMerge.xml
----------------- Instantiating /home/travis/build/icyphy/ptII/ptolemy/actor/lib/test/auto/OrderedMerge.xml
11 ms. Memory: 521216K Free: 216875K (42%)
----------------- Invoking toplevel() on ptolemy.moml.MoMLSimpleApplication@1ceb1d90
----------------- Done invoking toplevel() on ptolemy.moml.MoMLSimpleApplication@1ceb1d90
reloadAllAccessors: .OrderedMerge

===========================================================================================
----------------- testing Tue Dec 03 06:17:05 UTC 2019 /home/travis/build/icyphy/ptII/ptolemy/actor/lib/test/auto/OrderedRecordDisassembler.xml
----------------- Instantiating /home/travis/build/icyphy/ptII/ptolemy/actor/lib/test/auto/OrderedRecordDisassembler.xml
7 ms. Memory: 521216K Free: 211749K (41%)
----------------- Invoking toplevel() on ptolemy.moml.MoMLSimpleApplication@622d5802
----------------- Done invoking toplevel() on ptolemy.moml.MoMLSimpleApplication@622d5802
reloadAllAccessors: .OrderedRecordDisassembler

===========================================================================================
----------------- testing Tue Dec 03 06:17:05 UTC 2019 /home/travis/build/icyphy/ptII/ptolemy/actor/lib/test/auto/OrderedRecordDisassembler2.xml
----------------- Instantiating /home/travis/build/icyphy/ptII/ptolemy/actor/lib/test/auto/OrderedRecordDisassembler2.xml
4 ms. Memory: 521216K Free: 204077K (39%)
----------------- Invoking toplevel() on ptolemy.moml.MoMLSimpleApplication@587639bd
----------------- Done invoking toplevel() on ptolemy.moml.MoMLSimpleApplication@587639bd
reloadAllAccessors: .OrderedRecordDisassembler2

===========================================================================================
----------------- testing Tue Dec 03 06:17:05 UTC 2019 /home/travis/build/icyphy/ptII/ptolemy/actor/lib/test/auto/OrderedRecordUpdater.xml
----------------- Instantiating /home/travis/build/icyphy/ptII/ptolemy/actor/lib/test/auto/OrderedRecordUpdater.xml
2 ms. Memory: 521216K Free: 198957K (38%)
----------------- Invoking toplevel() on ptolemy.moml.MoMLSimpleApplication@3e6ad525
----------------- Done invoking toplevel() on ptolemy.moml.MoMLSimpleApplication@3e6ad525
reloadAllAccessors: .RecordUpdater

===========================================================================================
----------------- testing Tue Dec 03 06:17:05 UTC 2019 /home/travis/build/icyphy/ptII/ptolemy/actor/lib/test/auto/OrderedRecordUpdater2.xml
----------------- Instantiating /home/travis/build/icyphy/ptII/ptolemy/actor/lib/test/auto/OrderedRecordUpdater2.xml
2 ms. Memory: 521216K Free: 194347K (37%)
----------------- Invoking toplevel() on ptolemy.moml.MoMLSimpleApplication@47ee358b
----------------- Done invoking toplevel() on ptolemy.moml.MoMLSimpleApplication@47ee358b
reloadAllAccessors: .RecordUpdater2

===========================================================================================
----------------- testing Tue Dec 03 06:17:05 UTC 2019 /home/travis/build/icyphy/ptII/ptolemy/actor/lib/test/auto/PhaseUnwrap.xml
----------------- Instantiating /home/travis/build/icyphy/ptII/ptolemy/actor/lib/test/auto/PhaseUnwrap.xml
2 ms. Memory: 521216K Free: 189741K (36%)
----------------- Invoking toplevel() on ptolemy.moml.MoMLSimpleApplication@130c7882
----------------- Done invoking toplevel() on ptolemy.moml.MoMLSimpleApplication@130c7882
reloadAllAccessors: .PhaseUnwrap

===========================================================================================
----------------- testing Tue Dec 03 06:17:05 UTC 2019 /home/travis/build/icyphy/ptII/ptolemy/actor/lib/test/auto/PoissonClock.xml
----------------- Instantiating /home/travis/build/icyphy/ptII/ptolemy/actor/lib/test/auto/PoissonClock.xml
2 ms. Memory: 521216K Free: 185645K (36%)
----------------- Invoking toplevel() on ptolemy.moml.MoMLSimpleApplication@1e7216ba
----------------- Done invoking toplevel() on ptolemy.moml.MoMLSimpleApplication@1e7216ba
reloadAllAccessors: .PoissonClock

===========================================================================================
----------------- testing Tue Dec 03 06:17:05 UTC 2019 /home/travis/build/icyphy/ptII/ptolemy/actor/lib/test/auto/PoissonClock2.xml
----------------- Instantiating /home/travis/build/icyphy/ptII/ptolemy/actor/lib/test/auto/PoissonClock2.xml
1 ms. Memory: 521216K Free: 181035K (35%)
----------------- Invoking toplevel() on ptolemy.moml.MoMLSimpleApplication@69b655b8
----------------- Done invoking toplevel() on ptolemy.moml.MoMLSimpleApplication@69b655b8
reloadAllAccessors: .PoissonClock2

===========================================================================================
----------------- testing Tue Dec 03 06:17:05 UTC 2019 /home/travis/build/icyphy/ptII/ptolemy/actor/lib/test/auto/PoissonClock3.xml
----------------- Instantiating /home/travis/build/icyphy/ptII/ptolemy/actor/lib/test/auto/PoissonClock3.xml
1 ms. Memory: 521216K Free: 176429K (34%)
----------------- Invoking toplevel() on ptolemy.moml.MoMLSimpleApplication@6e77beb3
----------------- Done invoking toplevel() on ptolemy.moml.MoMLSimpleApplication@6e77beb3
reloadAllAccessors: .PoissonClock3

===========================================================================================
----------------- testing Tue Dec 03 06:17:05 UTC 2019 /home/travis/build/icyphy/ptII/ptolemy/actor/lib/test/auto/PubSubWithInitialTokens.xml
----------------- Instantiating /home/travis/build/icyphy/ptII/ptolemy/actor/lib/test/auto/PubSubWithInitialTokens.xml
2 ms. Memory: 521216K Free: 170765K (33%)
----------------- Invoking toplevel() on ptolemy.moml.MoMLSimpleApplication@10bb51ea
----------------- Done invoking toplevel() on ptolemy.moml.MoMLSimpleApplication@10bb51ea
reloadAllAccessors: .PubSubWithInitialTokens

===========================================================================================
----------------- testing Tue Dec 03 06:17:05 UTC 2019 /home/travis/build/icyphy/ptII/ptolemy/actor/lib/test/auto/PubSubWithInitialTokens2.xml
----------------- Instantiating /home/travis/build/icyphy/ptII/ptolemy/actor/lib/test/auto/PubSubWithInitialTokens2.xml
2 ms. Memory: 521216K Free: 470543K (90%)
----------------- Invoking toplevel() on ptolemy.moml.MoMLSimpleApplication@2193afd4
----------------- Done invoking toplevel() on ptolemy.moml.MoMLSimpleApplication@2193afd4
reloadAllAccessors: .PubSubWithInitialTokens2

===========================================================================================
----------------- testing Tue Dec 03 06:17:05 UTC 2019 /home/travis/build/icyphy/ptII/ptolemy/actor/lib/test/auto/PublisherClassNoParameter.xml
----------------- Instantiating /home/travis/build/icyphy/ptII/ptolemy/actor/lib/test/auto/PublisherClassNoParameter.xml
2 ms. Memory: 521216K Free: 460303K (88%)
----------------- Invoking toplevel() on ptolemy.moml.MoMLSimpleApplication@1c4561dd
----------------- Done invoking toplevel() on ptolemy.moml.MoMLSimpleApplication@1c4561dd
reloadAllAccessors: .PublisherClassNoParameter

===========================================================================================
----------------- testing Tue Dec 03 06:17:05 UTC 2019 /home/travis/build/icyphy/ptII/ptolemy/actor/lib/test/auto/PublisherClassParameter.xml
----------------- Instantiating /home/travis/build/icyphy/ptII/ptolemy/actor/lib/test/auto/PublisherClassParameter.xml
2 ms. Memory: 521216K Free: 450057K (86%)
----------------- Invoking toplevel() on ptolemy.moml.MoMLSimpleApplication@704f594f
----------------- Done invoking toplevel() on ptolemy.moml.MoMLSimpleApplication@704f594f
reloadAllAccessors: .PublisherClassParameter

===========================================================================================
----------------- testing Tue Dec 03 06:17:05 UTC 2019 /home/travis/build/icyphy/ptII/ptolemy/actor/lib/test/auto/PublisherNonStrictTest.xml
----------------- Instantiating /home/travis/build/icyphy/ptII/ptolemy/actor/lib/test/auto/PublisherNonStrictTest.xml
4 ms. Memory: 521216K Free: 442385K (85%)
----------------- Invoking toplevel() on ptolemy.moml.MoMLSimpleApplication@370b5739
----------------- Done invoking toplevel() on ptolemy.moml.MoMLSimpleApplication@370b5739
reloadAllAccessors: .PublisherNonStrictTest

===========================================================================================
----------------- testing Tue Dec 03 06:17:05 UTC 2019 /home/travis/build/icyphy/ptII/ptolemy/actor/lib/test/auto/PublisherPort1.xml
----------------- Instantiating /home/travis/build/icyphy/ptII/ptolemy/actor/lib/test/auto/PublisherPort1.xml
2 ms. Memory: 521216K Free: 436721K (84%)
----------------- Invoking toplevel() on ptolemy.moml.MoMLSimpleApplication@101d24c3
----------------- Done invoking toplevel() on ptolemy.moml.MoMLSimpleApplication@101d24c3
reloadAllAccessors: .PublisherPort1

===========================================================================================
----------------- testing Tue Dec 03 06:17:05 UTC 2019 /home/travis/build/icyphy/ptII/ptolemy/actor/lib/test/auto/PublisherPort2.xml
----------------- Instantiating /home/travis/build/icyphy/ptII/ptolemy/actor/lib/test/auto/PublisherPort2.xml
1 ms. Memory: 521216K Free: 431631K (83%)
----------------- Invoking toplevel() on ptolemy.moml.MoMLSimpleApplication@2b0a5559
----------------- Done invoking toplevel() on ptolemy.moml.MoMLSimpleApplication@2b0a5559
reloadAllAccessors: .PublisherPort2

===========================================================================================
----------------- testing Tue Dec 03 06:17:05 UTC 2019 /home/travis/build/icyphy/ptII/ptolemy/actor/lib/test/auto/PublisherPort3.xml
----------------- Instantiating /home/travis/build/icyphy/ptII/ptolemy/actor/lib/test/auto/PublisherPort3.xml
13 ms. Memory: 521216K Free: 424977K (82%)
----------------- Invoking toplevel() on ptolemy.moml.MoMLSimpleApplication@59699e85
----------------- Done invoking toplevel() on ptolemy.moml.MoMLSimpleApplication@59699e85
reloadAllAccessors: .PublisherPort3

===========================================================================================
----------------- testing Tue Dec 03 06:17:05 UTC 2019 /home/travis/build/icyphy/ptII/ptolemy/actor/lib/test/auto/PublisherPort4.xml
----------------- Instantiating /home/travis/build/icyphy/ptII/ptolemy/actor/lib/test/auto/PublisherPort4.xml
2 ms. Memory: 521216K Free: 419337K (80%)
----------------- Invoking toplevel() on ptolemy.moml.MoMLSimpleApplication@2d5f0112
----------------- Done invoking toplevel() on ptolemy.moml.MoMLSimpleApplication@2d5f0112
reloadAllAccessors: .PublisherPort4

===========================================================================================
----------------- testing Tue Dec 03 06:17:05 UTC 2019 /home/travis/build/icyphy/ptII/ptolemy/actor/lib/test/auto/PublisherPort5.xml
----------------- Instantiating /home/travis/build/icyphy/ptII/ptolemy/actor/lib/test/auto/PublisherPort5.xml
4 ms. Memory: 521216K Free: 411665K (79%)
----------------- Invoking toplevel() on ptolemy.moml.MoMLSimpleApplication@70f01dee
----------------- Done invoking toplevel() on ptolemy.moml.MoMLSimpleApplication@70f01dee
reloadAllAccessors: .PublisherPort5

===========================================================================================
----------------- testing Tue Dec 03 06:17:05 UTC 2019 /home/travis/build/icyphy/ptII/ptolemy/actor/lib/test/auto/PublisherPort5LookAlike.xml
----------------- Instantiating /home/travis/build/icyphy/ptII/ptolemy/actor/lib/test/auto/PublisherPort5LookAlike.xml
8 ms. Memory: 521216K Free: 403983K (78%)
----------------- Invoking toplevel() on ptolemy.moml.MoMLSimpleApplication@68cb75a2
----------------- Done invoking toplevel() on ptolemy.moml.MoMLSimpleApplication@68cb75a2
reloadAllAccessors: .PublisherPort5LookAlike

===========================================================================================
----------------- testing Tue Dec 03 06:17:05 UTC 2019 /home/travis/build/icyphy/ptII/ptolemy/actor/lib/test/auto/PublisherPort6.xml
----------------- Instantiating /home/travis/build/icyphy/ptII/ptolemy/actor/lib/test/auto/PublisherPort6.xml
2 ms. Memory: 521216K Free: 397329K (76%)
----------------- Invoking toplevel() on ptolemy.moml.MoMLSimpleApplication@67d7c409
----------------- Done invoking toplevel() on ptolemy.moml.MoMLSimpleApplication@67d7c409
reloadAllAccessors: .PublisherPort6

===========================================================================================
----------------- testing Tue Dec 03 06:17:05 UTC 2019 /home/travis/build/icyphy/ptII/ptolemy/actor/lib/test/auto/PublisherPort7.xml
----------------- Instantiating /home/travis/build/icyphy/ptII/ptolemy/actor/lib/test/auto/PublisherPort7.xml
3 ms. Memory: 521216K Free: 389647K (75%)
----------------- Invoking toplevel() on ptolemy.moml.MoMLSimpleApplication@23501cf0
----------------- Done invoking toplevel() on ptolemy.moml.MoMLSimpleApplication@23501cf0
reloadAllAccessors: .PublisherPort7

===========================================================================================
----------------- testing Tue Dec 03 06:17:05 UTC 2019 /home/travis/build/icyphy/ptII/ptolemy/actor/lib/test/auto/PublisherPort8.xml
----------------- Instantiating /home/travis/build/icyphy/ptII/ptolemy/actor/lib/test/auto/PublisherPort8.xml
12 ms. Memory: 521216K Free: 380431K (73%)
----------------- Invoking toplevel() on ptolemy.moml.MoMLSimpleApplication@192ee6f1
----------------- Done invoking toplevel() on ptolemy.moml.MoMLSimpleApplication@192ee6f1
reloadAllAccessors: .PublisherPort8

===========================================================================================
----------------- testing Tue Dec 03 06:17:05 UTC 2019 /home/travis/build/icyphy/ptII/ptolemy/actor/lib/test/auto/PublisherPortSubscriberChannelVariablesAOC2.xml
----------------- Instantiating /home/travis/build/icyphy/ptII/ptolemy/actor/lib/test/auto/PublisherPortSubscriberChannelVariablesAOC2.xml
3 ms. Memory: 521216K Free: 363023K (70%)
----------------- Invoking toplevel() on ptolemy.moml.MoMLSimpleApplication@9f7b372
----------------- Done invoking toplevel() on ptolemy.moml.MoMLSimpleApplication@9f7b372
reloadAllAccessors: .PublisherPortSubscriberChannelVariablesAOC2

===========================================================================================
----------------- testing Tue Dec 03 06:17:05 UTC 2019 /home/travis/build/icyphy/ptII/ptolemy/actor/lib/test/auto/PublisherPortSubscriberOpaqueWidthInference.xml
----------------- Instantiating /home/travis/build/icyphy/ptII/ptolemy/actor/lib/test/auto/PublisherPortSubscriberOpaqueWidthInference.xml
3 ms. Memory: 521216K Free: 355345K (68%)
----------------- Invoking toplevel() on ptolemy.moml.MoMLSimpleApplication@6768958c
----------------- Done invoking toplevel() on ptolemy.moml.MoMLSimpleApplication@6768958c
reloadAllAccessors: .PublisherPortSubscriberOpaqueWidthInference

===========================================================================================
----------------- testing Tue Dec 03 06:17:05 UTC 2019 /home/travis/build/icyphy/ptII/ptolemy/actor/lib/test/auto/PublisherPortSubscriberPortAdjacent.xml
----------------- Instantiating /home/travis/build/icyphy/ptII/ptolemy/actor/lib/test/auto/PublisherPortSubscriberPortAdjacent.xml
1 ms. Memory: 521216K Free: 347153K (67%)
----------------- Invoking toplevel() on ptolemy.moml.MoMLSimpleApplication@24e78dd3
----------------- Done invoking toplevel() on ptolemy.moml.MoMLSimpleApplication@24e78dd3
reloadAllAccessors: .PublisherPortSubscriberPortAdjacent

===========================================================================================
----------------- testing Tue Dec 03 06:17:05 UTC 2019 /home/travis/build/icyphy/ptII/ptolemy/actor/lib/test/auto/PublisherPortSubscriberPortExpression.xml
----------------- Instantiating /home/travis/build/icyphy/ptII/ptolemy/actor/lib/test/auto/PublisherPortSubscriberPortExpression.xml
4 ms. Memory: 521216K Free: 338961K (65%)
----------------- Invoking toplevel() on ptolemy.moml.MoMLSimpleApplication@db1d306
----------------- Done invoking toplevel() on ptolemy.moml.MoMLSimpleApplication@db1d306
reloadAllAccessors: .PublisherPortSubscriberPortExpression

===========================================================================================
----------------- testing Tue Dec 03 06:17:05 UTC 2019 /home/travis/build/icyphy/ptII/ptolemy/actor/lib/test/auto/PublisherPortSubscriberPortOpaqueD3Reverse.xml
----------------- Instantiating /home/travis/build/icyphy/ptII/ptolemy/actor/lib/test/auto/PublisherPortSubscriberPortOpaqueD3Reverse.xml
5 ms. Memory: 521216K Free: 328721K (63%)
----------------- Invoking toplevel() on ptolemy.moml.MoMLSimpleApplication@607f9561
----------------- Done invoking toplevel() on ptolemy.moml.MoMLSimpleApplication@607f9561
reloadAllAccessors: .PublisherPortSubscriberPortOpaqueD3Reverse

===========================================================================================
----------------- testing Tue Dec 03 06:17:05 UTC 2019 /home/travis/build/icyphy/ptII/ptolemy/actor/lib/test/auto/PublisherPortSubscriberPortOpaqueWidthInference.xml
----------------- Instantiating /home/travis/build/icyphy/ptII/ptolemy/actor/lib/test/auto/PublisherPortSubscriberPortOpaqueWidthInference.xml
3 ms. Memory: 521216K Free: 321025K (62%)
----------------- Invoking toplevel() on ptolemy.moml.MoMLSimpleApplication@31c64c51
----------------- Done invoking toplevel() on ptolemy.moml.MoMLSimpleApplication@31c64c51
reloadAllAccessors: .PublisherPortSubscriberPortOpaqueWidthInference

===========================================================================================
----------------- testing Tue Dec 03 06:17:05 UTC 2019 /home/travis/build/icyphy/ptII/ptolemy/actor/lib/test/auto/PublisherPortToplevelSubscriberPortAOC.xml
----------------- Instantiating /home/travis/build/icyphy/ptII/ptolemy/actor/lib/test/auto/PublisherPortToplevelSubscriberPortAOC.xml
.PublisherPortToplevelSubscriberPortAOC.TestExceptionAttribute: initialize() was not invoked, but wrapup() was.  This is unusual, but not always a problem.  For example, exporting JNLP will do this.
1 ms. Memory: 521216K Free: 315409K (61%)
----------------- Invoking toplevel() on ptolemy.moml.MoMLSimpleApplication@1ff7692
----------------- Done invoking toplevel() on ptolemy.moml.MoMLSimpleApplication@1ff7692
reloadAllAccessors: .PublisherPortToplevelSubscriberPortAOC

===========================================================================================
----------------- testing Tue Dec 03 06:17:05 UTC 2019 /home/travis/build/icyphy/ptII/ptolemy/actor/lib/test/auto/PublisherSubscriber.xml
----------------- Instantiating /home/travis/build/icyphy/ptII/ptolemy/actor/lib/test/auto/PublisherSubscriber.xml
2 ms. Memory: 521216K Free: 306673K (59%)
----------------- Invoking toplevel() on ptolemy.moml.MoMLSimpleApplication@567c747c
----------------- Done invoking toplevel() on ptolemy.moml.MoMLSimpleApplication@567c747c
reloadAllAccessors: .PublisherSubscriber

===========================================================================================
----------------- testing Tue Dec 03 06:17:05 UTC 2019 /home/travis/build/icyphy/ptII/ptolemy/actor/lib/test/auto/PublisherSubscriber10.xml
----------------- Instantiating /home/travis/build/icyphy/ptII/ptolemy/actor/lib/test/auto/PublisherSubscriber10.xml
6 ms. Memory: 521216K Free: 296977K (57%)
----------------- Invoking toplevel() on ptolemy.moml.MoMLSimpleApplication@4a494c3e
----------------- Done invoking toplevel() on ptolemy.moml.MoMLSimpleApplication@4a494c3e
reloadAllAccessors: .PublisherSubscriber10

===========================================================================================
----------------- testing Tue Dec 03 06:17:05 UTC 2019 /home/travis/build/icyphy/ptII/ptolemy/actor/lib/test/auto/PublisherSubscriber10InitialOutputs.xml
----------------- Instantiating /home/travis/build/icyphy/ptII/ptolemy/actor/lib/test/auto/PublisherSubscriber10InitialOutputs.xml
17 ms. Memory: 521216K Free: 287761K (55%)
----------------- Invoking toplevel() on ptolemy.moml.MoMLSimpleApplication@2582f6c9
----------------- Done invoking toplevel() on ptolemy.moml.MoMLSimpleApplication@2582f6c9
reloadAllAccessors: .PublisherSubscriber10InitialOutputs

===========================================================================================
----------------- testing Tue Dec 03 06:17:05 UTC 2019 /home/travis/build/icyphy/ptII/ptolemy/actor/lib/test/auto/PublisherSubscriber11.xml
----------------- Instantiating /home/travis/build/icyphy/ptII/ptolemy/actor/lib/test/auto/PublisherSubscriber11.xml
3 ms. Memory: 521216K Free: 281617K (54%)
----------------- Invoking toplevel() on ptolemy.moml.MoMLSimpleApplication@70d78bde
----------------- Done invoking toplevel() on ptolemy.moml.MoMLSimpleApplication@70d78bde
reloadAllAccessors: .PublisherSubscriber11

===========================================================================================
----------------- testing Tue Dec 03 06:17:05 UTC 2019 /home/travis/build/icyphy/ptII/ptolemy/actor/lib/test/auto/PublisherSubscriber12.xml
----------------- Instantiating /home/travis/build/icyphy/ptII/ptolemy/actor/lib/test/auto/PublisherSubscriber12.xml
5 ms. Memory: 521216K Free: 274449K (53%)
----------------- Invoking toplevel() on ptolemy.moml.MoMLSimpleApplication@55c5c770
----------------- Done invoking toplevel() on ptolemy.moml.MoMLSimpleApplication@55c5c770
reloadAllAccessors: .PublisherSubscriber12

===========================================================================================
----------------- testing Tue Dec 03 06:17:05 UTC 2019 /home/travis/build/icyphy/ptII/ptolemy/actor/lib/test/auto/PublisherSubscriber13.xml
----------------- Instantiating /home/travis/build/icyphy/ptII/ptolemy/actor/lib/test/auto/PublisherSubscriber13.xml
2 ms. Memory: 521216K Free: 268785K (52%)
----------------- Invoking toplevel() on ptolemy.moml.MoMLSimpleApplication@2335f99d
----------------- Done invoking toplevel() on ptolemy.moml.MoMLSimpleApplication@2335f99d
reloadAllAccessors: .PublisherSubscriber13

===========================================================================================
----------------- testing Tue Dec 03 06:17:05 UTC 2019 /home/travis/build/icyphy/ptII/ptolemy/actor/lib/test/auto/PublisherSubscriber14.xml
----------------- Instantiating /home/travis/build/icyphy/ptII/ptolemy/actor/lib/test/auto/PublisherSubscriber14.xml
1 ms. Memory: 521216K Free: 260113K (50%)
----------------- Invoking toplevel() on ptolemy.moml.MoMLSimpleApplication@1bd42f91
----------------- Done invoking toplevel() on ptolemy.moml.MoMLSimpleApplication@1bd42f91
reloadAllAccessors: .PublisherSubscriber14

===========================================================================================
----------------- testing Tue Dec 03 06:17:05 UTC 2019 /home/travis/build/icyphy/ptII/ptolemy/actor/lib/test/auto/PublisherSubscriber2.xml
----------------- Instantiating /home/travis/build/icyphy/ptII/ptolemy/actor/lib/test/auto/PublisherSubscriber2.xml
3 ms. Memory: 521216K Free: 253969K (49%)
----------------- Invoking toplevel() on ptolemy.moml.MoMLSimpleApplication@5dd12fb
----------------- Done invoking toplevel() on ptolemy.moml.MoMLSimpleApplication@5dd12fb
reloadAllAccessors: .PublisherSubscriber2

===========================================================================================
----------------- testing Tue Dec 03 06:17:05 UTC 2019 /home/travis/build/icyphy/ptII/ptolemy/actor/lib/test/auto/PublisherSubscriber3.xml
----------------- Instantiating /home/travis/build/icyphy/ptII/ptolemy/actor/lib/test/auto/PublisherSubscriber3.xml
2 ms. Memory: 521216K Free: 248305K (48%)
----------------- Invoking toplevel() on ptolemy.moml.MoMLSimpleApplication@7ea4236
----------------- Done invoking toplevel() on ptolemy.moml.MoMLSimpleApplication@7ea4236
reloadAllAccessors: .PublisherSubscriber3

===========================================================================================
----------------- testing Tue Dec 03 06:17:05 UTC 2019 /home/travis/build/icyphy/ptII/ptolemy/actor/lib/test/auto/PublisherSubscriber4.xml
----------------- Instantiating /home/travis/build/icyphy/ptII/ptolemy/actor/lib/test/auto/PublisherSubscriber4.xml
1 ms. Memory: 521216K Free: 243185K (47%)
----------------- Invoking toplevel() on ptolemy.moml.MoMLSimpleApplication@47fc7632
----------------- Done invoking toplevel() on ptolemy.moml.MoMLSimpleApplication@47fc7632
reloadAllAccessors: .PublisherSubscriber4

===========================================================================================
----------------- testing Tue Dec 03 06:17:05 UTC 2019 /home/travis/build/icyphy/ptII/ptolemy/actor/lib/test/auto/PublisherSubscriber5.xml
----------------- Instantiating /home/travis/build/icyphy/ptII/ptolemy/actor/lib/test/auto/PublisherSubscriber5.xml
2 ms. Memory: 521216K Free: 236561K (45%)
----------------- Invoking toplevel() on ptolemy.moml.MoMLSimpleApplication@522acdfc
----------------- Done invoking toplevel() on ptolemy.moml.MoMLSimpleApplication@522acdfc
reloadAllAccessors: .PublisherSubscriber5

===========================================================================================
----------------- testing Tue Dec 03 06:17:05 UTC 2019 /home/travis/build/icyphy/ptII/ptolemy/actor/lib/test/auto/PublisherSubscriber6.xml
----------------- Instantiating /home/travis/build/icyphy/ptII/ptolemy/actor/lib/test/auto/PublisherSubscriber6.xml
4 ms. Memory: 521216K Free: 229897K (44%)
----------------- Invoking toplevel() on ptolemy.moml.MoMLSimpleApplication@70f8510b
----------------- Done invoking toplevel() on ptolemy.moml.MoMLSimpleApplication@70f8510b
reloadAllAccessors: .PublisherSubscriber6

===========================================================================================
----------------- testing Tue Dec 03 06:17:05 UTC 2019 /home/travis/build/icyphy/ptII/ptolemy/actor/lib/test/auto/PublisherSubscriber7.xml
----------------- Instantiating /home/travis/build/icyphy/ptII/ptolemy/actor/lib/test/auto/PublisherSubscriber7.xml
7 ms. Memory: 521216K Free: 222735K (43%)
----------------- Invoking toplevel() on ptolemy.moml.MoMLSimpleApplication@a9ac2b0
----------------- Done invoking toplevel() on ptolemy.moml.MoMLSimpleApplication@a9ac2b0
reloadAllAccessors: .PublisherSubscriber7

===========================================================================================
----------------- testing Tue Dec 03 06:17:05 UTC 2019 /home/travis/build/icyphy/ptII/ptolemy/actor/lib/test/auto/PublisherSubscriber8.xml
----------------- Instantiating /home/travis/build/icyphy/ptII/ptolemy/actor/lib/test/auto/PublisherSubscriber8.xml
22 ms. Memory: 521216K Free: 210447K (40%)
----------------- Invoking toplevel() on ptolemy.moml.MoMLSimpleApplication@9b25737
----------------- Done invoking toplevel() on ptolemy.moml.MoMLSimpleApplication@9b25737
reloadAllAccessors: .PublisherSubscriber8

===========================================================================================
----------------- testing Tue Dec 03 06:17:05 UTC 2019 /home/travis/build/icyphy/ptII/ptolemy/actor/lib/test/auto/PublisherSubscriber9.xml
----------------- Instantiating /home/travis/build/icyphy/ptII/ptolemy/actor/lib/test/auto/PublisherSubscriber9.xml
3 ms. Memory: 521216K Free: 203273K (39%)
----------------- Invoking toplevel() on ptolemy.moml.MoMLSimpleApplication@27c024bd
----------------- Done invoking toplevel() on ptolemy.moml.MoMLSimpleApplication@27c024bd
reloadAllAccessors: .PublisherSubscriber9

===========================================================================================
----------------- testing Tue Dec 03 06:17:05 UTC 2019 /home/travis/build/icyphy/ptII/ptolemy/actor/lib/test/auto/PublisherSubscriberAdjacent.xml
----------------- Instantiating /home/travis/build/icyphy/ptII/ptolemy/actor/lib/test/auto/PublisherSubscriberAdjacent.xml
2 ms. Memory: 521216K Free: 195087K (37%)
----------------- Invoking toplevel() on ptolemy.moml.MoMLSimpleApplication@37d2dc81
----------------- Done invoking toplevel() on ptolemy.moml.MoMLSimpleApplication@37d2dc81
reloadAllAccessors: .PublisherSubscriberAdjacent

===========================================================================================
----------------- testing Tue Dec 03 06:17:05 UTC 2019 /home/travis/build/icyphy/ptII/ptolemy/actor/lib/test/auto/PublisherSubscriberChannelVariablesAOC2.xml
----------------- Instantiating /home/travis/build/icyphy/ptII/ptolemy/actor/lib/test/auto/PublisherSubscriberChannelVariablesAOC2.xml
3 ms. Memory: 521216K Free: 180737K (35%)
----------------- Invoking toplevel() on ptolemy.moml.MoMLSimpleApplication@567f871c
----------------- Done invoking toplevel() on ptolemy.moml.MoMLSimpleApplication@567f871c
reloadAllAccessors: .PublisherSubscriberChannelVariablesAOC2

===========================================================================================
----------------- testing Tue Dec 03 06:17:06 UTC 2019 /home/travis/build/icyphy/ptII/ptolemy/actor/lib/test/auto/PublisherSubscriberD3.xml
----------------- Instantiating /home/travis/build/icyphy/ptII/ptolemy/actor/lib/test/auto/PublisherSubscriberD3.xml
2 ms. Memory: 521216K Free: 173583K (33%)
----------------- Invoking toplevel() on ptolemy.moml.MoMLSimpleApplication@34243788
----------------- Done invoking toplevel() on ptolemy.moml.MoMLSimpleApplication@34243788
reloadAllAccessors: .PublisherSubscriberD3

===========================================================================================
----------------- testing Tue Dec 03 06:17:06 UTC 2019 /home/travis/build/icyphy/ptII/ptolemy/actor/lib/test/auto/PublisherSubscriberD3Reverse.xml
----------------- Instantiating /home/travis/build/icyphy/ptII/ptolemy/actor/lib/test/auto/PublisherSubscriberD3Reverse.xml
1 ms. Memory: 521216K Free: 167439K (32%)
----------------- Invoking toplevel() on ptolemy.moml.MoMLSimpleApplication@71154a19
----------------- Done invoking toplevel() on ptolemy.moml.MoMLSimpleApplication@71154a19
reloadAllAccessors: .PublisherSubscriberD3Reverse

===========================================================================================
----------------- testing Tue Dec 03 06:17:06 UTC 2019 /home/travis/build/icyphy/ptII/ptolemy/actor/lib/test/auto/PublisherSubscriberExpression.xml
----------------- Instantiating /home/travis/build/icyphy/ptII/ptolemy/actor/lib/test/auto/PublisherSubscriberExpression.xml
4 ms. Memory: 521216K Free: 464670K (89%)
----------------- Invoking toplevel() on ptolemy.moml.MoMLSimpleApplication@375a758e
----------------- Done invoking toplevel() on ptolemy.moml.MoMLSimpleApplication@375a758e
reloadAllAccessors: .PublisherSubscriberExpression

===========================================================================================
----------------- testing Tue Dec 03 06:17:06 UTC 2019 /home/travis/build/icyphy/ptII/ptolemy/actor/lib/test/auto/PublisherSubscriberOpaque.xml
----------------- Instantiating /home/travis/build/icyphy/ptII/ptolemy/actor/lib/test/auto/PublisherSubscriberOpaque.xml
3 ms. Memory: 521216K Free: 456478K (88%)
----------------- Invoking toplevel() on ptolemy.moml.MoMLSimpleApplication@2f8b1823
----------------- Done invoking toplevel() on ptolemy.moml.MoMLSimpleApplication@2f8b1823
reloadAllAccessors: .PublisherSubscriberOpaque

===========================================================================================
----------------- testing Tue Dec 03 06:17:06 UTC 2019 /home/travis/build/icyphy/ptII/ptolemy/actor/lib/test/auto/PublisherSubscriberOpaqueD3.xml
----------------- Instantiating /home/travis/build/icyphy/ptII/ptolemy/actor/lib/test/auto/PublisherSubscriberOpaqueD3.xml
5 ms. Memory: 521216K Free: 445214K (85%)
----------------- Invoking toplevel() on ptolemy.moml.MoMLSimpleApplication@4b6c7e8e
----------------- Done invoking toplevel() on ptolemy.moml.MoMLSimpleApplication@4b6c7e8e
reloadAllAccessors: .PublisherSubscriberOpaqueD3

===========================================================================================
----------------- testing Tue Dec 03 06:17:06 UTC 2019 /home/travis/build/icyphy/ptII/ptolemy/actor/lib/test/auto/PublisherSubscriberOpaqueD3Reverse.xml
----------------- Instantiating /home/travis/build/icyphy/ptII/ptolemy/actor/lib/test/auto/PublisherSubscriberOpaqueD3Reverse.xml
8 ms. Memory: 521216K Free: 434460K (83%)
----------------- Invoking toplevel() on ptolemy.moml.MoMLSimpleApplication@70905f9f
----------------- Done invoking toplevel() on ptolemy.moml.MoMLSimpleApplication@70905f9f
reloadAllAccessors: .PublisherSubscriberOpaqueD3Reverse

===========================================================================================
----------------- testing Tue Dec 03 06:17:06 UTC 2019 /home/travis/build/icyphy/ptII/ptolemy/actor/lib/test/auto/PublisherSubscriberOpaqueWidthInference.xml
----------------- Instantiating /home/travis/build/icyphy/ptII/ptolemy/actor/lib/test/auto/PublisherSubscriberOpaqueWidthInference.xml
4 ms. Memory: 521216K Free: 426253K (82%)
----------------- Invoking toplevel() on ptolemy.moml.MoMLSimpleApplication@5da020f3
----------------- Done invoking toplevel() on ptolemy.moml.MoMLSimpleApplication@5da020f3
reloadAllAccessors: .PublisherSubscriberOpaqueWidthInference

===========================================================================================
----------------- testing Tue Dec 03 06:17:06 UTC 2019 /home/travis/build/icyphy/ptII/ptolemy/actor/lib/test/auto/PublisherTestSubscriber.xml
----------------- Instantiating /home/travis/build/icyphy/ptII/ptolemy/actor/lib/test/auto/PublisherTestSubscriber.xml
3 ms. Memory: 521216K Free: 418069K (80%)
----------------- Invoking toplevel() on ptolemy.moml.MoMLSimpleApplication@666106dc
----------------- Done invoking toplevel() on ptolemy.moml.MoMLSimpleApplication@666106dc
reloadAllAccessors: .PublisherTestSubscriber

===========================================================================================
----------------- testing Tue Dec 03 06:17:06 UTC 2019 /home/travis/build/icyphy/ptII/ptolemy/actor/lib/test/auto/PublisherToplevelSubscriberPortAOC.xml
----------------- Instantiating /home/travis/build/icyphy/ptII/ptolemy/actor/lib/test/auto/PublisherToplevelSubscriberPortAOC.xml
2 ms. Memory: 521216K Free: 411422K (79%)
----------------- Invoking toplevel() on ptolemy.moml.MoMLSimpleApplication@7f409366
----------------- Done invoking toplevel() on ptolemy.moml.MoMLSimpleApplication@7f409366
reloadAllAccessors: .PublisherToplevelSubscriberPortAOC

===========================================================================================
----------------- testing Tue Dec 03 06:17:06 UTC 2019 /home/travis/build/icyphy/ptII/ptolemy/actor/lib/test/auto/PulseFiringLimitDE.xml
----------------- Instantiating /home/travis/build/icyphy/ptII/ptolemy/actor/lib/test/auto/PulseFiringLimitDE.xml
2 ms. Memory: 521216K Free: 405278K (78%)
----------------- Invoking toplevel() on ptolemy.moml.MoMLSimpleApplication@2f7e6b5b
----------------- Done invoking toplevel() on ptolemy.moml.MoMLSimpleApplication@2f7e6b5b
reloadAllAccessors: .PulseFiringLimitDE

===========================================================================================
----------------- testing Tue Dec 03 06:17:06 UTC 2019 /home/travis/build/icyphy/ptII/ptolemy/actor/lib/test/auto/Ramp1.xml
----------------- Instantiating /home/travis/build/icyphy/ptII/ptolemy/actor/lib/test/auto/Ramp1.xml
2 ms. Memory: 521216K Free: 401182K (77%)
----------------- Invoking toplevel() on ptolemy.moml.MoMLSimpleApplication@668da0c5
----------------- Done invoking toplevel() on ptolemy.moml.MoMLSimpleApplication@668da0c5
reloadAllAccessors: .Ramp1

===========================================================================================
----------------- testing Tue Dec 03 06:17:06 UTC 2019 /home/travis/build/icyphy/ptII/ptolemy/actor/lib/test/auto/RampFiringLimitDE.xml
----------------- Instantiating /home/travis/build/icyphy/ptII/ptolemy/actor/lib/test/auto/RampFiringLimitDE.xml
3 ms. Memory: 521216K Free: 395038K (76%)
----------------- Invoking toplevel() on ptolemy.moml.MoMLSimpleApplication@3be9aa94
----------------- Done invoking toplevel() on ptolemy.moml.MoMLSimpleApplication@3be9aa94
reloadAllAccessors: .RampFiringLimitDE

===========================================================================================
----------------- testing Tue Dec 03 06:17:06 UTC 2019 /home/travis/build/icyphy/ptII/ptolemy/actor/lib/test/auto/RampFiringLimitSDF.xml
----------------- Instantiating /home/travis/build/icyphy/ptII/ptolemy/actor/lib/test/auto/RampFiringLimitSDF.xml
1 ms. Memory: 521216K Free: 389918K (75%)
----------------- Invoking toplevel() on ptolemy.moml.MoMLSimpleApplication@59f49965
----------------- Done invoking toplevel() on ptolemy.moml.MoMLSimpleApplication@59f49965
reloadAllAccessors: .RampFiringLimitSDF

===========================================================================================
----------------- testing Tue Dec 03 06:17:06 UTC 2019 /home/travis/build/icyphy/ptII/ptolemy/actor/lib/test/auto/RandomInteger.xml
----------------- Instantiating /home/travis/build/icyphy/ptII/ptolemy/actor/lib/test/auto/RandomInteger.xml
1 ms. Memory: 521216K Free: 385822K (74%)
----------------- Invoking toplevel() on ptolemy.moml.MoMLSimpleApplication@11f4e54
----------------- Done invoking toplevel() on ptolemy.moml.MoMLSimpleApplication@11f4e54
reloadAllAccessors: .RandomInteger

===========================================================================================
----------------- testing Tue Dec 03 06:17:06 UTC 2019 /home/travis/build/icyphy/ptII/ptolemy/actor/lib/test/auto/ReadFile1.xml
----------------- Instantiating /home/travis/build/icyphy/ptII/ptolemy/actor/lib/test/auto/ReadFile1.xml
1 ms. Memory: 521216K Free: 381205K (73%)
----------------- Invoking toplevel() on ptolemy.moml.MoMLSimpleApplication@d26a964
----------------- Done invoking toplevel() on ptolemy.moml.MoMLSimpleApplication@d26a964
reloadAllAccessors: .ReadFile1

===========================================================================================
----------------- testing Tue Dec 03 06:17:06 UTC 2019 /home/travis/build/icyphy/ptII/ptolemy/actor/lib/test/auto/ReadFile2.xml
----------------- Instantiating /home/travis/build/icyphy/ptII/ptolemy/actor/lib/test/auto/ReadFile2.xml
1 ms. Memory: 521216K Free: 376606K (72%)
----------------- Invoking toplevel() on ptolemy.moml.MoMLSimpleApplication@1672f3b4
----------------- Done invoking toplevel() on ptolemy.moml.MoMLSimpleApplication@1672f3b4
reloadAllAccessors: .ReadFile2

===========================================================================================
----------------- testing Tue Dec 03 06:17:06 UTC 2019 /home/travis/build/icyphy/ptII/ptolemy/actor/lib/test/auto/Reader.xml
----------------- Instantiating /home/travis/build/icyphy/ptII/ptolemy/actor/lib/test/auto/Reader.xml
actor.lib.Reader is obsolete, use actor.lib.io.ExpressionReader instead
4 ms. Memory: 521216K Free: 372510K (71%)
----------------- Invoking toplevel() on ptolemy.moml.MoMLSimpleApplication@c4b8238
----------------- Done invoking toplevel() on ptolemy.moml.MoMLSimpleApplication@c4b8238
reloadAllAccessors: .Reader

===========================================================================================
----------------- testing Tue Dec 03 06:17:06 UTC 2019 /home/travis/build/icyphy/ptII/ptolemy/actor/lib/test/auto/RecordAssemblerDisplayNameTest.xml
----------------- Instantiating /home/travis/build/icyphy/ptII/ptolemy/actor/lib/test/auto/RecordAssemblerDisplayNameTest.xml
3805 ms. Memory: 521216K Free: 360222K (69%)
----------------- Invoking toplevel() on ptolemy.moml.MoMLSimpleApplication@1798553f
----------------- Done invoking toplevel() on ptolemy.moml.MoMLSimpleApplication@1798553f
reloadAllAccessors: .RecordAssemblerDisplayNameTest

===========================================================================================
----------------- testing Tue Dec 03 06:17:10 UTC 2019 /home/travis/build/icyphy/ptII/ptolemy/actor/lib/test/auto/RecordAssemblerTypeError.xml
----------------- Instantiating /home/travis/build/icyphy/ptII/ptolemy/actor/lib/test/auto/RecordAssemblerTypeError.xml
18 ms. Memory: 521216K Free: 350492K (67%)
----------------- Invoking toplevel() on ptolemy.moml.MoMLSimpleApplication@1a08a1b4
----------------- Done invoking toplevel() on ptolemy.moml.MoMLSimpleApplication@1a08a1b4
reloadAllAccessors: .RecordAssemblerTypeError

===========================================================================================
----------------- testing Tue Dec 03 06:17:10 UTC 2019 /home/travis/build/icyphy/ptII/ptolemy/actor/lib/test/auto/RecordDisassember.xml
----------------- Instantiating /home/travis/build/icyphy/ptII/ptolemy/actor/lib/test/auto/RecordDisassember.xml
3 ms. Memory: 521216K Free: 345886K (66%)
----------------- Invoking toplevel() on ptolemy.moml.MoMLSimpleApplication@ec3a9f
----------------- Done invoking toplevel() on ptolemy.moml.MoMLSimpleApplication@ec3a9f
reloadAllAccessors: .RecordDisassember

===========================================================================================
----------------- testing Tue Dec 03 06:17:10 UTC 2019 /home/travis/build/icyphy/ptII/ptolemy/actor/lib/test/auto/RecordDisassemberDisplayNameTest.xml
----------------- Instantiating /home/travis/build/icyphy/ptII/ptolemy/actor/lib/test/auto/RecordDisassemberDisplayNameTest.xml
7 ms. Memory: 521216K Free: 338204K (65%)
----------------- Invoking toplevel() on ptolemy.moml.MoMLSimpleApplication@4c2afca1
----------------- Done invoking toplevel() on ptolemy.moml.MoMLSimpleApplication@4c2afca1
reloadAllAccessors: .RecordDisassemberDisplayNameTest

===========================================================================================
----------------- testing Tue Dec 03 06:17:10 UTC 2019 /home/travis/build/icyphy/ptII/ptolemy/actor/lib/test/auto/RecordDisassembler.xml
----------------- Instantiating /home/travis/build/icyphy/ptII/ptolemy/actor/lib/test/auto/RecordDisassembler.xml
4 ms. Memory: 521216K Free: 332574K (64%)
----------------- Invoking toplevel() on ptolemy.moml.MoMLSimpleApplication@429fb45c
----------------- Done invoking toplevel() on ptolemy.moml.MoMLSimpleApplication@429fb45c
reloadAllAccessors: .RecordDisassembler

===========================================================================================
----------------- testing Tue Dec 03 06:17:10 UTC 2019 /home/travis/build/icyphy/ptII/ptolemy/actor/lib/test/auto/RecordDisassembler2.xml
----------------- Instantiating /home/travis/build/icyphy/ptII/ptolemy/actor/lib/test/auto/RecordDisassembler2.xml
3 ms. Memory: 521216K Free: 327454K (63%)
----------------- Invoking toplevel() on ptolemy.moml.MoMLSimpleApplication@77d39ec5
----------------- Done invoking toplevel() on ptolemy.moml.MoMLSimpleApplication@77d39ec5
reloadAllAccessors: .RecordDisassembler2

===========================================================================================
----------------- testing Tue Dec 03 06:17:10 UTC 2019 /home/travis/build/icyphy/ptII/ptolemy/actor/lib/test/auto/RecordUpdater.xml
----------------- Instantiating /home/travis/build/icyphy/ptII/ptolemy/actor/lib/test/auto/RecordUpdater.xml
2 ms. Memory: 521216K Free: 322844K (62%)
----------------- Invoking toplevel() on ptolemy.moml.MoMLSimpleApplication@287bca6a
----------------- Done invoking toplevel() on ptolemy.moml.MoMLSimpleApplication@287bca6a
reloadAllAccessors: .RecordUpdater

===========================================================================================
----------------- testing Tue Dec 03 06:17:10 UTC 2019 /home/travis/build/icyphy/ptII/ptolemy/actor/lib/test/auto/RecordUpdater2.xml
----------------- Instantiating /home/travis/build/icyphy/ptII/ptolemy/actor/lib/test/auto/RecordUpdater2.xml
2 ms. Memory: 521216K Free: 317724K (61%)
----------------- Invoking toplevel() on ptolemy.moml.MoMLSimpleApplication@34514a0d
----------------- Done invoking toplevel() on ptolemy.moml.MoMLSimpleApplication@34514a0d
reloadAllAccessors: .RecordUpdater2

===========================================================================================
----------------- testing Tue Dec 03 06:17:10 UTC 2019 /home/travis/build/icyphy/ptII/ptolemy/actor/lib/test/auto/RecursiveLattice.xml
----------------- Instantiating /home/travis/build/icyphy/ptII/ptolemy/actor/lib/test/auto/RecursiveLattice.xml
2 ms. Memory: 521216K Free: 313118K (60%)
----------------- Invoking toplevel() on ptolemy.moml.MoMLSimpleApplication@3797c51b
----------------- Done invoking toplevel() on ptolemy.moml.MoMLSimpleApplication@3797c51b
reloadAllAccessors: .RecursiveLattice

===========================================================================================
----------------- testing Tue Dec 03 06:17:10 UTC 2019 /home/travis/build/icyphy/ptII/ptolemy/actor/lib/test/auto/Router.xml
----------------- Instantiating /home/travis/build/icyphy/ptII/ptolemy/actor/lib/test/auto/Router.xml
3005 ms. Memory: 521216K Free: 302364K (58%)
----------------- Invoking toplevel() on ptolemy.moml.MoMLSimpleApplication@71664f87
----------------- Done invoking toplevel() on ptolemy.moml.MoMLSimpleApplication@71664f87
reloadAllAccessors: .Router

===========================================================================================
----------------- testing Tue Dec 03 06:17:13 UTC 2019 /home/travis/build/icyphy/ptII/ptolemy/actor/lib/test/auto/Router2.xml
----------------- Instantiating /home/travis/build/icyphy/ptII/ptolemy/actor/lib/test/auto/Router2.xml
3004 ms. Memory: 521216K Free: 292124K (56%)
----------------- Invoking toplevel() on ptolemy.moml.MoMLSimpleApplication@4db8f326
----------------- Done invoking toplevel() on ptolemy.moml.MoMLSimpleApplication@4db8f326
reloadAllAccessors: .Router2

===========================================================================================
----------------- testing Tue Dec 03 06:17:16 UTC 2019 /home/travis/build/icyphy/ptII/ptolemy/actor/lib/test/auto/RunningMaximum.xml
----------------- Instantiating /home/travis/build/icyphy/ptII/ptolemy/actor/lib/test/auto/RunningMaximum.xml
1 ms. Memory: 521216K Free: 287004K (55%)
----------------- Invoking toplevel() on ptolemy.moml.MoMLSimpleApplication@585a83c5
----------------- Done invoking toplevel() on ptolemy.moml.MoMLSimpleApplication@585a83c5
reloadAllAccessors: .RunningMaximum

===========================================================================================
----------------- testing Tue Dec 03 06:17:16 UTC 2019 /home/travis/build/icyphy/ptII/ptolemy/actor/lib/test/auto/RunningMinimum.xml
----------------- Instantiating /home/travis/build/icyphy/ptII/ptolemy/actor/lib/test/auto/RunningMinimum.xml
16 ms. Memory: 521216K Free: 282398K (54%)
----------------- Invoking toplevel() on ptolemy.moml.MoMLSimpleApplication@6ca34bcc
----------------- Done invoking toplevel() on ptolemy.moml.MoMLSimpleApplication@6ca34bcc
reloadAllAccessors: .RunningMinimum

===========================================================================================
----------------- testing Tue Dec 03 06:17:16 UTC 2019 /home/travis/build/icyphy/ptII/ptolemy/actor/lib/test/auto/Scale.xml
----------------- Instantiating /home/travis/build/icyphy/ptII/ptolemy/actor/lib/test/auto/Scale.xml
2 ms. Memory: 521216K Free: 277788K (53%)
----------------- Invoking toplevel() on ptolemy.moml.MoMLSimpleApplication@6ef7af92
----------------- Done invoking toplevel() on ptolemy.moml.MoMLSimpleApplication@6ef7af92
reloadAllAccessors: .Scale

===========================================================================================
----------------- testing Tue Dec 03 06:17:16 UTC 2019 /home/travis/build/icyphy/ptII/ptolemy/actor/lib/test/auto/Scale2.xml
----------------- Instantiating /home/travis/build/icyphy/ptII/ptolemy/actor/lib/test/auto/Scale2.xml
6 ms. Memory: 521216K Free: 273182K (52%)
----------------- Invoking toplevel() on ptolemy.moml.MoMLSimpleApplication@3c67a427
----------------- Done invoking toplevel() on ptolemy.moml.MoMLSimpleApplication@3c67a427
reloadAllAccessors: .Scale2

===========================================================================================
----------------- testing Tue Dec 03 06:17:16 UTC 2019 /home/travis/build/icyphy/ptII/ptolemy/actor/lib/test/auto/Scale3.xml
----------------- Instantiating /home/travis/build/icyphy/ptII/ptolemy/actor/lib/test/auto/Scale3.xml
9 ms. Memory: 521216K Free: 267038K (51%)
----------------- Invoking toplevel() on ptolemy.moml.MoMLSimpleApplication@4a97989c
----------------- Done invoking toplevel() on ptolemy.moml.MoMLSimpleApplication@4a97989c
reloadAllAccessors: .Scale3

===========================================================================================
----------------- testing Tue Dec 03 06:17:16 UTC 2019 /home/travis/build/icyphy/ptII/ptolemy/actor/lib/test/auto/ScaleArray.xml
----------------- Instantiating /home/travis/build/icyphy/ptII/ptolemy/actor/lib/test/auto/ScaleArray.xml
1 ms. Memory: 521216K Free: 262428K (50%)
----------------- Invoking toplevel() on ptolemy.moml.MoMLSimpleApplication@4cf8448c
----------------- Done invoking toplevel() on ptolemy.moml.MoMLSimpleApplication@4cf8448c
reloadAllAccessors: .ScaleArray

===========================================================================================
----------------- testing Tue Dec 03 06:17:16 UTC 2019 /home/travis/build/icyphy/ptII/ptolemy/actor/lib/test/auto/ScaleArray2.xml
----------------- Instantiating /home/travis/build/icyphy/ptII/ptolemy/actor/lib/test/auto/ScaleArray2.xml
1 ms. Memory: 521216K Free: 257308K (49%)
----------------- Invoking toplevel() on ptolemy.moml.MoMLSimpleApplication@78eb63e6
----------------- Done invoking toplevel() on ptolemy.moml.MoMLSimpleApplication@78eb63e6
reloadAllAccessors: .ScaleArray2

===========================================================================================
----------------- testing Tue Dec 03 06:17:16 UTC 2019 /home/travis/build/icyphy/ptII/ptolemy/actor/lib/test/auto/ScaleMatrix.xml
----------------- Instantiating /home/travis/build/icyphy/ptII/ptolemy/actor/lib/test/auto/ScaleMatrix.xml
177 ms. Memory: 521216K Free: 241948K (46%)
----------------- Invoking toplevel() on ptolemy.moml.MoMLSimpleApplication@6c59ccf6
----------------- Done invoking toplevel() on ptolemy.moml.MoMLSimpleApplication@6c59ccf6
reloadAllAccessors: .ScaleMatrix

===========================================================================================
----------------- testing Tue Dec 03 06:17:16 UTC 2019 /home/travis/build/icyphy/ptII/ptolemy/actor/lib/test/auto/Select.xml
----------------- Instantiating /home/travis/build/icyphy/ptII/ptolemy/actor/lib/test/auto/Select.xml
2 ms. Memory: 521216K Free: 235789K (45%)
----------------- Invoking toplevel() on ptolemy.moml.MoMLSimpleApplication@4d5d186b
----------------- Done invoking toplevel() on ptolemy.moml.MoMLSimpleApplication@4d5d186b
reloadAllAccessors: .Select

===========================================================================================
----------------- testing Tue Dec 03 06:17:16 UTC 2019 /home/travis/build/icyphy/ptII/ptolemy/actor/lib/test/auto/Select2.xml
----------------- Instantiating /home/travis/build/icyphy/ptII/ptolemy/actor/lib/test/auto/Select2.xml
1 ms. Memory: 521216K Free: 231198K (44%)
----------------- Invoking toplevel() on ptolemy.moml.MoMLSimpleApplication@78cba1b7
----------------- Done invoking toplevel() on ptolemy.moml.MoMLSimpleApplication@78cba1b7
reloadAllAccessors: .Select2

===========================================================================================
----------------- testing Tue Dec 03 06:17:16 UTC 2019 /home/travis/build/icyphy/ptII/ptolemy/actor/lib/test/auto/SequenceToArray2.xml
----------------- Instantiating /home/travis/build/icyphy/ptII/ptolemy/actor/lib/test/auto/SequenceToArray2.xml
97 ms. Memory: 521216K Free: 207132K (40%)
----------------- Invoking toplevel() on ptolemy.moml.MoMLSimpleApplication@730612ba
----------------- Done invoking toplevel() on ptolemy.moml.MoMLSimpleApplication@730612ba
reloadAllAccessors: .SequenceToArray2

===========================================================================================
----------------- testing Tue Dec 03 06:17:16 UTC 2019 /home/travis/build/icyphy/ptII/ptolemy/actor/lib/test/auto/SequentialClock.xml
----------------- Instantiating /home/travis/build/icyphy/ptII/ptolemy/actor/lib/test/auto/SequentialClock.xml
1 ms. Memory: 521216K Free: 203036K (39%)
----------------- Invoking toplevel() on ptolemy.moml.MoMLSimpleApplication@5eebd215
----------------- Done invoking toplevel() on ptolemy.moml.MoMLSimpleApplication@5eebd215
reloadAllAccessors: .SequentialClock

===========================================================================================
----------------- testing Tue Dec 03 06:17:16 UTC 2019 /home/travis/build/icyphy/ptII/ptolemy/actor/lib/test/auto/SetVariable.xml
----------------- Instantiating /home/travis/build/icyphy/ptII/ptolemy/actor/lib/test/auto/SetVariable.xml
2 ms. Memory: 521216K Free: 197916K (38%)
----------------- Invoking toplevel() on ptolemy.moml.MoMLSimpleApplication@386034cc
----------------- Done invoking toplevel() on ptolemy.moml.MoMLSimpleApplication@386034cc
reloadAllAccessors: .SetVariable

===========================================================================================
----------------- testing Tue Dec 03 06:17:16 UTC 2019 /home/travis/build/icyphy/ptII/ptolemy/actor/lib/test/auto/SetVariable2.xml
----------------- Instantiating /home/travis/build/icyphy/ptII/ptolemy/actor/lib/test/auto/SetVariable2.xml
5 ms. Memory: 521216K Free: 192796K (37%)
----------------- Invoking toplevel() on ptolemy.moml.MoMLSimpleApplication@7efb1a17
----------------- Done invoking toplevel() on ptolemy.moml.MoMLSimpleApplication@7efb1a17
reloadAllAccessors: .SetVariable2

===========================================================================================
----------------- testing Tue Dec 03 06:17:16 UTC 2019 /home/travis/build/icyphy/ptII/ptolemy/actor/lib/test/auto/SetVariable3.xml
----------------- Instantiating /home/travis/build/icyphy/ptII/ptolemy/actor/lib/test/auto/SetVariable3.xml
6 ms. Memory: 521216K Free: 187676K (36%)
----------------- Invoking toplevel() on ptolemy.moml.MoMLSimpleApplication@67c0c7f5
----------------- Done invoking toplevel() on ptolemy.moml.MoMLSimpleApplication@67c0c7f5
reloadAllAccessors: .SetVariable3

===========================================================================================
----------------- testing Tue Dec 03 06:17:16 UTC 2019 /home/travis/build/icyphy/ptII/ptolemy/actor/lib/test/auto/SetVariable4.xml
----------------- Instantiating /home/travis/build/icyphy/ptII/ptolemy/actor/lib/test/auto/SetVariable4.xml
13 ms. Memory: 521216K Free: 177950K (34%)
----------------- Invoking toplevel() on ptolemy.moml.MoMLSimpleApplication@39d9db37
----------------- Done invoking toplevel() on ptolemy.moml.MoMLSimpleApplication@39d9db37
reloadAllAccessors: .SetVariable4

===========================================================================================
----------------- testing Tue Dec 03 06:17:16 UTC 2019 /home/travis/build/icyphy/ptII/ptolemy/actor/lib/test/auto/SetVariable5.xml
----------------- Instantiating /home/travis/build/icyphy/ptII/ptolemy/actor/lib/test/auto/SetVariable5.xml
17 ms. Memory: 521216K Free: 168734K (32%)
----------------- Invoking toplevel() on ptolemy.moml.MoMLSimpleApplication@11a19bad
----------------- Done invoking toplevel() on ptolemy.moml.MoMLSimpleApplication@11a19bad
reloadAllAccessors: .SetVariable5

===========================================================================================
----------------- testing Tue Dec 03 06:17:16 UTC 2019 /home/travis/build/icyphy/ptII/ptolemy/actor/lib/test/auto/Sinewave.xml
----------------- Instantiating /home/travis/build/icyphy/ptII/ptolemy/actor/lib/test/auto/Sinewave.xml
4 ms. Memory: 521216K Free: 464156K (89%)
----------------- Invoking toplevel() on ptolemy.moml.MoMLSimpleApplication@3c5cea85
----------------- Done invoking toplevel() on ptolemy.moml.MoMLSimpleApplication@3c5cea85
reloadAllAccessors: .Sinewave

===========================================================================================
----------------- testing Tue Dec 03 06:17:17 UTC 2019 /home/travis/build/icyphy/ptII/ptolemy/actor/lib/test/auto/Sinewave2.xml
----------------- Instantiating /home/travis/build/icyphy/ptII/ptolemy/actor/lib/test/auto/Sinewave2.xml
4 ms. Memory: 521216K Free: 455454K (87%)
----------------- Invoking toplevel() on ptolemy.moml.MoMLSimpleApplication@112d26ad
----------------- Done invoking toplevel() on ptolemy.moml.MoMLSimpleApplication@112d26ad
reloadAllAccessors: .Sinewave2

===========================================================================================
----------------- testing Tue Dec 03 06:17:17 UTC 2019 /home/travis/build/icyphy/ptII/ptolemy/actor/lib/test/auto/Sinewave3.xml
----------------- Instantiating /home/travis/build/icyphy/ptII/ptolemy/actor/lib/test/auto/Sinewave3.xml
9 ms. Memory: 521216K Free: 447260K (86%)
----------------- Invoking toplevel() on ptolemy.moml.MoMLSimpleApplication@65e91c32
----------------- Done invoking toplevel() on ptolemy.moml.MoMLSimpleApplication@65e91c32
reloadAllAccessors: .Sinewave3

===========================================================================================
----------------- testing Tue Dec 03 06:17:17 UTC 2019 /home/travis/build/icyphy/ptII/ptolemy/actor/lib/test/auto/SingleEvent.xml
----------------- Instantiating /home/travis/build/icyphy/ptII/ptolemy/actor/lib/test/auto/SingleEvent.xml
1 ms. Memory: 521216K Free: 443166K (85%)
----------------- Invoking toplevel() on ptolemy.moml.MoMLSimpleApplication@7f9b6462
----------------- Done invoking toplevel() on ptolemy.moml.MoMLSimpleApplication@7f9b6462
reloadAllAccessors: .SingleEvent

===========================================================================================
----------------- testing Tue Dec 03 06:17:17 UTC 2019 /home/travis/build/icyphy/ptII/ptolemy/actor/lib/test/auto/Sleep.xml
----------------- Instantiating /home/travis/build/icyphy/ptII/ptolemy/actor/lib/test/auto/Sleep.xml
6003 ms. Memory: 521216K Free: 437501K (84%)
----------------- Invoking toplevel() on ptolemy.moml.MoMLSimpleApplication@79030986
----------------- Done invoking toplevel() on ptolemy.moml.MoMLSimpleApplication@79030986
reloadAllAccessors: .Sleep

===========================================================================================
----------------- testing Tue Dec 03 06:17:23 UTC 2019 /home/travis/build/icyphy/ptII/ptolemy/actor/lib/test/auto/SleepMultipleFire.xml
----------------- Instantiating /home/travis/build/icyphy/ptII/ptolemy/actor/lib/test/auto/SleepMultipleFire.xml
1006 ms. Memory: 521216K Free: 431388K (83%)
----------------- Invoking toplevel() on ptolemy.moml.MoMLSimpleApplication@248863ab
----------------- Done invoking toplevel() on ptolemy.moml.MoMLSimpleApplication@248863ab
reloadAllAccessors: .SleepMultipleFire

===========================================================================================
----------------- testing Tue Dec 03 06:17:24 UTC 2019 /home/travis/build/icyphy/ptII/ptolemy/actor/lib/test/auto/StopDE.xml
----------------- Instantiating /home/travis/build/icyphy/ptII/ptolemy/actor/lib/test/auto/StopDE.xml
2 ms. Memory: 521216K Free: 425758K (82%)
----------------- Invoking toplevel() on ptolemy.moml.MoMLSimpleApplication@622a8c80
----------------- Done invoking toplevel() on ptolemy.moml.MoMLSimpleApplication@622a8c80
reloadAllAccessors: .StopDE

===========================================================================================
----------------- testing Tue Dec 03 06:17:24 UTC 2019 /home/travis/build/icyphy/ptII/ptolemy/actor/lib/test/auto/StopSDF.xml
----------------- Instantiating /home/travis/build/icyphy/ptII/ptolemy/actor/lib/test/auto/StopSDF.xml
3 ms. Memory: 521216K Free: 420638K (81%)
----------------- Invoking toplevel() on ptolemy.moml.MoMLSimpleApplication@dd6b062
----------------- Done invoking toplevel() on ptolemy.moml.MoMLSimpleApplication@dd6b062
reloadAllAccessors: .StopSDF

===========================================================================================
----------------- testing Tue Dec 03 06:17:24 UTC 2019 /home/travis/build/icyphy/ptII/ptolemy/actor/lib/test/auto/StringConstant.xml
----------------- Instantiating /home/travis/build/icyphy/ptII/ptolemy/actor/lib/test/auto/StringConstant.xml
10 ms. Memory: 521216K Free: 416542K (80%)
----------------- Invoking toplevel() on ptolemy.moml.MoMLSimpleApplication@68ac4ee6
----------------- Done invoking toplevel() on ptolemy.moml.MoMLSimpleApplication@68ac4ee6
reloadAllAccessors: .StringConstant

===========================================================================================
----------------- testing Tue Dec 03 06:17:24 UTC 2019 /home/travis/build/icyphy/ptII/ptolemy/actor/lib/test/auto/SubscriberPortInitialValues1.xml
----------------- Instantiating /home/travis/build/icyphy/ptII/ptolemy/actor/lib/test/auto/SubscriberPortInitialValues1.xml
10 ms. Memory: 521216K Free: 407836K (78%)
----------------- Invoking toplevel() on ptolemy.moml.MoMLSimpleApplication@48c42217
----------------- Done invoking toplevel() on ptolemy.moml.MoMLSimpleApplication@48c42217
reloadAllAccessors: .SubscriberPortInitialValues1

===========================================================================================
----------------- testing Tue Dec 03 06:17:24 UTC 2019 /home/travis/build/icyphy/ptII/ptolemy/actor/lib/test/auto/SubscriberPortInitialValues13.xml
----------------- Instantiating /home/travis/build/icyphy/ptII/ptolemy/actor/lib/test/auto/SubscriberPortInitialValues13.xml
6 ms. Memory: 521216K Free: 394014K (76%)
----------------- Invoking toplevel() on ptolemy.moml.MoMLSimpleApplication@6d673391
----------------- Done invoking toplevel() on ptolemy.moml.MoMLSimpleApplication@6d673391
reloadAllAccessors: .SubscriberPortInitialValues13

===========================================================================================
----------------- testing Tue Dec 03 06:17:24 UTC 2019 /home/travis/build/icyphy/ptII/ptolemy/actor/lib/test/auto/SubscriberPortInitialValues14.xml
----------------- Instantiating /home/travis/build/icyphy/ptII/ptolemy/actor/lib/test/auto/SubscriberPortInitialValues14.xml
4 ms. Memory: 521216K Free: 386332K (74%)
----------------- Invoking toplevel() on ptolemy.moml.MoMLSimpleApplication@157ef84f
----------------- Done invoking toplevel() on ptolemy.moml.MoMLSimpleApplication@157ef84f
reloadAllAccessors: .SubscriberPortInitialValues14

===========================================================================================
----------------- testing Tue Dec 03 06:17:24 UTC 2019 /home/travis/build/icyphy/ptII/ptolemy/actor/lib/test/auto/SubscriberPortInitialValues2.xml
----------------- Instantiating /home/travis/build/icyphy/ptII/ptolemy/actor/lib/test/auto/SubscriberPortInitialValues2.xml
4 ms. Memory: 521216K Free: 378654K (73%)
----------------- Invoking toplevel() on ptolemy.moml.MoMLSimpleApplication@74e99602
----------------- Done invoking toplevel() on ptolemy.moml.MoMLSimpleApplication@74e99602
reloadAllAccessors: .SubscriberPortInitialValues2

===========================================================================================
----------------- testing Tue Dec 03 06:17:24 UTC 2019 /home/travis/build/icyphy/ptII/ptolemy/actor/lib/test/auto/SubscriberPortInitialValues3.xml
----------------- Instantiating /home/travis/build/icyphy/ptII/ptolemy/actor/lib/test/auto/SubscriberPortInitialValues3.xml
4 ms. Memory: 521216K Free: 367900K (71%)
----------------- Invoking toplevel() on ptolemy.moml.MoMLSimpleApplication@8e59d3d
----------------- Done invoking toplevel() on ptolemy.moml.MoMLSimpleApplication@8e59d3d
reloadAllAccessors: .SubscriberPortInitialValues3

===========================================================================================
----------------- testing Tue Dec 03 06:17:24 UTC 2019 /home/travis/build/icyphy/ptII/ptolemy/actor/lib/test/auto/SubscriptionAggregator.xml
----------------- Instantiating /home/travis/build/icyphy/ptII/ptolemy/actor/lib/test/auto/SubscriptionAggregator.xml
2 ms. Memory: 521216K Free: 360717K (69%)
----------------- Invoking toplevel() on ptolemy.moml.MoMLSimpleApplication@4f6f1822
----------------- Done invoking toplevel() on ptolemy.moml.MoMLSimpleApplication@4f6f1822
reloadAllAccessors: .SubscriptionAggregator

===========================================================================================
----------------- testing Tue Dec 03 06:17:24 UTC 2019 /home/travis/build/icyphy/ptII/ptolemy/actor/lib/test/auto/SubscriptionAggregator2.xml
----------------- Instantiating /home/travis/build/icyphy/ptII/ptolemy/actor/lib/test/auto/SubscriptionAggregator2.xml
3 ms. Memory: 521216K Free: 354078K (68%)
----------------- Invoking toplevel() on ptolemy.moml.MoMLSimpleApplication@5a1fa741
----------------- Done invoking toplevel() on ptolemy.moml.MoMLSimpleApplication@5a1fa741
reloadAllAccessors: .SubscriptionAggregator2

===========================================================================================
----------------- testing Tue Dec 03 06:17:24 UTC 2019 /home/travis/build/icyphy/ptII/ptolemy/actor/lib/test/auto/SubscriptionAggregator3.xml
----------------- Instantiating /home/travis/build/icyphy/ptII/ptolemy/actor/lib/test/auto/SubscriptionAggregator3.xml
4 ms. Memory: 521216K Free: 344862K (66%)
----------------- Invoking toplevel() on ptolemy.moml.MoMLSimpleApplication@2fd69536
----------------- Done invoking toplevel() on ptolemy.moml.MoMLSimpleApplication@2fd69536
reloadAllAccessors: .SubscriptionAggregator3

===========================================================================================
----------------- testing Tue Dec 03 06:17:24 UTC 2019 /home/travis/build/icyphy/ptII/ptolemy/actor/lib/test/auto/SubscriptionAggregatorMultiply.xml
----------------- Instantiating /home/travis/build/icyphy/ptII/ptolemy/actor/lib/test/auto/SubscriptionAggregatorMultiply.xml
3 ms. Memory: 521216K Free: 336149K (64%)
----------------- Invoking toplevel() on ptolemy.moml.MoMLSimpleApplication@31f6ef52
----------------- Done invoking toplevel() on ptolemy.moml.MoMLSimpleApplication@31f6ef52
reloadAllAccessors: .SubscriptionAggregatorMultiply

===========================================================================================
----------------- testing Tue Dec 03 06:17:24 UTC 2019 /home/travis/build/icyphy/ptII/ptolemy/actor/lib/test/auto/SubscriptionAggregatorPortMultiply1.xml
----------------- Instantiating /home/travis/build/icyphy/ptII/ptolemy/actor/lib/test/auto/SubscriptionAggregatorPortMultiply1.xml
4 ms. Memory: 521216K Free: 327964K (63%)
----------------- Invoking toplevel() on ptolemy.moml.MoMLSimpleApplication@46ffd34d
----------------- Done invoking toplevel() on ptolemy.moml.MoMLSimpleApplication@46ffd34d
reloadAllAccessors: .SubscriptionAggregatorPortMultiply1

===========================================================================================
----------------- testing Tue Dec 03 06:17:24 UTC 2019 /home/travis/build/icyphy/ptII/ptolemy/actor/lib/test/auto/Switch.xml
----------------- Instantiating /home/travis/build/icyphy/ptII/ptolemy/actor/lib/test/auto/Switch.xml
9 ms. Memory: 521216K Free: 319772K (61%)
----------------- Invoking toplevel() on ptolemy.moml.MoMLSimpleApplication@524fc00d
----------------- Done invoking toplevel() on ptolemy.moml.MoMLSimpleApplication@524fc00d
reloadAllAccessors: .Switch

===========================================================================================
----------------- testing Tue Dec 03 06:17:24 UTC 2019 /home/travis/build/icyphy/ptII/ptolemy/actor/lib/test/auto/Switch2.xml
----------------- Instantiating /home/travis/build/icyphy/ptII/ptolemy/actor/lib/test/auto/Switch2.xml
1 ms. Memory: 521216K Free: 315166K (60%)
----------------- Invoking toplevel() on ptolemy.moml.MoMLSimpleApplication@66ab7fab
----------------- Done invoking toplevel() on ptolemy.moml.MoMLSimpleApplication@66ab7fab
reloadAllAccessors: .Switch2

===========================================================================================
----------------- testing Tue Dec 03 06:17:24 UTC 2019 /home/travis/build/icyphy/ptII/ptolemy/actor/lib/test/auto/SwitchDE.xml
----------------- Instantiating /home/travis/build/icyphy/ptII/ptolemy/actor/lib/test/auto/SwitchDE.xml
3 ms. Memory: 521216K Free: 309022K (59%)
----------------- Invoking toplevel() on ptolemy.moml.MoMLSimpleApplication@48f80b15
----------------- Done invoking toplevel() on ptolemy.moml.MoMLSimpleApplication@48f80b15
reloadAllAccessors: .SwitchDE

===========================================================================================
----------------- testing Tue Dec 03 06:17:24 UTC 2019 /home/travis/build/icyphy/ptII/ptolemy/actor/lib/test/auto/SynchronizerDE.xml
----------------- Instantiating /home/travis/build/icyphy/ptII/ptolemy/actor/lib/test/auto/SynchronizerDE.xml
8 ms. Memory: 521216K Free: 300285K (58%)
----------------- Invoking toplevel() on ptolemy.moml.MoMLSimpleApplication@6b817279
----------------- Done invoking toplevel() on ptolemy.moml.MoMLSimpleApplication@6b817279
reloadAllAccessors: .SynchronizerDE

===========================================================================================
----------------- testing Tue Dec 03 06:17:24 UTC 2019 /home/travis/build/icyphy/ptII/ptolemy/actor/lib/test/auto/Test.xml
----------------- Instantiating /home/travis/build/icyphy/ptII/ptolemy/actor/lib/test/auto/Test.xml
1 ms. Memory: 521216K Free: 295181K (57%)
----------------- Invoking toplevel() on ptolemy.moml.MoMLSimpleApplication@7b5d20e5
----------------- Done invoking toplevel() on ptolemy.moml.MoMLSimpleApplication@7b5d20e5
reloadAllAccessors: .Test

===========================================================================================
----------------- testing Tue Dec 03 06:17:24 UTC 2019 /home/travis/build/icyphy/ptII/ptolemy/actor/lib/test/auto/TestExceptionAttribute1.xml
----------------- Instantiating /home/travis/build/icyphy/ptII/ptolemy/actor/lib/test/auto/TestExceptionAttribute1.xml
1 ms. Memory: 521216K Free: 291614K (56%)
----------------- Invoking toplevel() on ptolemy.moml.MoMLSimpleApplication@30900bb3
----------------- Done invoking toplevel() on ptolemy.moml.MoMLSimpleApplication@30900bb3
reloadAllAccessors: .TestExceptionAttribute1

===========================================================================================
----------------- testing Tue Dec 03 06:17:24 UTC 2019 /home/travis/build/icyphy/ptII/ptolemy/actor/lib/test/auto/TestExceptionAttribute2.xml
----------------- Instantiating /home/travis/build/icyphy/ptII/ptolemy/actor/lib/test/auto/TestExceptionAttribute2.xml
1 ms. Memory: 521216K Free: 287518K (55%)
----------------- Invoking toplevel() on ptolemy.moml.MoMLSimpleApplication@2ca693b9
----------------- Done invoking toplevel() on ptolemy.moml.MoMLSimpleApplication@2ca693b9
reloadAllAccessors: .TestExceptionAttribute2

===========================================================================================
----------------- testing Tue Dec 03 06:17:24 UTC 2019 /home/travis/build/icyphy/ptII/ptolemy/actor/lib/test/auto/TestExceptionAttribute3.xml
----------------- Instantiating /home/travis/build/icyphy/ptII/ptolemy/actor/lib/test/auto/TestExceptionAttribute3.xml
.TestExceptionAttribute3.TestExceptionAttribute: initialize() was not invoked, but wrapup() was.  This is unusual, but not always a problem.  For example, exporting JNLP will do this.
1 ms. Memory: 521216K Free: 283932K (54%)
----------------- Invoking toplevel() on ptolemy.moml.MoMLSimpleApplication@5ce11799
----------------- Done invoking toplevel() on ptolemy.moml.MoMLSimpleApplication@5ce11799
reloadAllAccessors: .TestExceptionAttribute3

===========================================================================================
----------------- testing Tue Dec 03 06:17:24 UTC 2019 /home/travis/build/icyphy/ptII/ptolemy/actor/lib/test/auto/TestExceptionAttribute4.xml
----------------- Instantiating /home/travis/build/icyphy/ptII/ptolemy/actor/lib/test/auto/TestExceptionAttribute4.xml
.TestExceptionAttribute4.TestExceptionAttribute: initialize() was not invoked, but wrapup() was.  This is unusual, but not always a problem.  For example, exporting JNLP will do this.
.TestExceptionAttribute4.TestExceptionAttribute2: initialize() was not invoked, but wrapup() was.  This is unusual, but not always a problem.  For example, exporting JNLP will do this.
1 ms. Memory: 521216K Free: 279836K (54%)
----------------- Invoking toplevel() on ptolemy.moml.MoMLSimpleApplication@ca32bd4
----------------- Done invoking toplevel() on ptolemy.moml.MoMLSimpleApplication@ca32bd4
reloadAllAccessors: .TestExceptionAttribute4

===========================================================================================
----------------- testing Tue Dec 03 06:17:24 UTC 2019 /home/travis/build/icyphy/ptII/ptolemy/actor/lib/test/auto/TestExceptionHandler1.xml
----------------- Instantiating /home/travis/build/icyphy/ptII/ptolemy/actor/lib/test/auto/TestExceptionHandler1.xml
1 ms. Memory: 521216K Free: 276254K (53%)
----------------- Invoking toplevel() on ptolemy.moml.MoMLSimpleApplication@67044b10
----------------- Done invoking toplevel() on ptolemy.moml.MoMLSimpleApplication@67044b10
reloadAllAccessors: .TestExceptionHandler1

===========================================================================================
----------------- testing Tue Dec 03 06:17:24 UTC 2019 /home/travis/build/icyphy/ptII/ptolemy/actor/lib/test/auto/TestExceptionHandler2.xml
----------------- Instantiating /home/travis/build/icyphy/ptII/ptolemy/actor/lib/test/auto/TestExceptionHandler2.xml
1 ms. Memory: 521216K Free: 272158K (52%)
----------------- Invoking toplevel() on ptolemy.moml.MoMLSimpleApplication@13ce5502
----------------- Done invoking toplevel() on ptolemy.moml.MoMLSimpleApplication@13ce5502
reloadAllAccessors: .TestExceptionHandler2

===========================================================================================
----------------- testing Tue Dec 03 06:17:24 UTC 2019 /home/travis/build/icyphy/ptII/ptolemy/actor/lib/test/auto/TestExceptionHandler3.xml
----------------- Instantiating /home/travis/build/icyphy/ptII/ptolemy/actor/lib/test/auto/TestExceptionHandler3.xml
1 ms. Memory: 521216K Free: 268572K (52%)
----------------- Invoking toplevel() on ptolemy.moml.MoMLSimpleApplication@1c8e60f5
----------------- Done invoking toplevel() on ptolemy.moml.MoMLSimpleApplication@1c8e60f5
reloadAllAccessors: .TestExceptionHandler3

===========================================================================================
----------------- testing Tue Dec 03 06:17:24 UTC 2019 /home/travis/build/icyphy/ptII/ptolemy/actor/lib/test/auto/TestExceptionHandler4.xml
----------------- Instantiating /home/travis/build/icyphy/ptII/ptolemy/actor/lib/test/auto/TestExceptionHandler4.xml
1 ms. Memory: 521216K Free: 264476K (51%)
----------------- Invoking toplevel() on ptolemy.moml.MoMLSimpleApplication@3bbe6708
----------------- Done invoking toplevel() on ptolemy.moml.MoMLSimpleApplication@3bbe6708
reloadAllAccessors: .TestExceptionHandler4

===========================================================================================
----------------- testing Tue Dec 03 06:17:24 UTC 2019 /home/travis/build/icyphy/ptII/ptolemy/actor/lib/test/auto/TestRequireCorrectOrder.xml
----------------- Instantiating /home/travis/build/icyphy/ptII/ptolemy/actor/lib/test/auto/TestRequireCorrectOrder.xml
11 ms. Memory: 521216K Free: 258846K (50%)
----------------- Invoking toplevel() on ptolemy.moml.MoMLSimpleApplication@270a6c0b
----------------- Done invoking toplevel() on ptolemy.moml.MoMLSimpleApplication@270a6c0b
reloadAllAccessors: .TestRequireCorrectOrder

===========================================================================================
----------------- testing Tue Dec 03 06:17:24 UTC 2019 /home/travis/build/icyphy/ptII/ptolemy/actor/lib/test/auto/TestSimple.xml
----------------- Instantiating /home/travis/build/icyphy/ptII/ptolemy/actor/lib/test/auto/TestSimple.xml
4 ms. Memory: 521216K Free: 254750K (49%)
----------------- Invoking toplevel() on ptolemy.moml.MoMLSimpleApplication@36a6efe9
----------------- Done invoking toplevel() on ptolemy.moml.MoMLSimpleApplication@36a6efe9
reloadAllAccessors: .TestSimple

===========================================================================================
----------------- testing Tue Dec 03 06:17:24 UTC 2019 /home/travis/build/icyphy/ptII/ptolemy/actor/lib/test/auto/ThrowModelError.xml
----------------- Instantiating /home/travis/build/icyphy/ptII/ptolemy/actor/lib/test/auto/ThrowModelError.xml
1 ms. Memory: 521216K Free: 250140K (48%)
----------------- Invoking toplevel() on ptolemy.moml.MoMLSimpleApplication@31c27081
----------------- Done invoking toplevel() on ptolemy.moml.MoMLSimpleApplication@31c27081
reloadAllAccessors: .ThrowModelError

===========================================================================================
----------------- testing Tue Dec 03 06:17:24 UTC 2019 /home/travis/build/icyphy/ptII/ptolemy/actor/lib/test/auto/TimeDelayMicrosteps.xml
----------------- Instantiating /home/travis/build/icyphy/ptII/ptolemy/actor/lib/test/auto/TimeDelayMicrosteps.xml
3 ms. Memory: 521216K Free: 243486K (47%)
----------------- Invoking toplevel() on ptolemy.moml.MoMLSimpleApplication@a8ca12d
----------------- Done invoking toplevel() on ptolemy.moml.MoMLSimpleApplication@a8ca12d
reloadAllAccessors: .TimeDelayMicrosteps

===========================================================================================
----------------- testing Tue Dec 03 06:17:24 UTC 2019 /home/travis/build/icyphy/ptII/ptolemy/actor/lib/test/auto/TimeDelayMicrosteps2.xml
----------------- Instantiating /home/travis/build/icyphy/ptII/ptolemy/actor/lib/test/auto/TimeDelayMicrosteps2.xml
4 ms. Memory: 521216K Free: 235773K (45%)
----------------- Invoking toplevel() on ptolemy.moml.MoMLSimpleApplication@3aa87595
----------------- Done invoking toplevel() on ptolemy.moml.MoMLSimpleApplication@3aa87595
reloadAllAccessors: .TimeDelayMicrosteps2

===========================================================================================
----------------- testing Tue Dec 03 06:17:24 UTC 2019 /home/travis/build/icyphy/ptII/ptolemy/actor/lib/test/auto/TimeDelayMicrosteps3.xml
----------------- Instantiating /home/travis/build/icyphy/ptII/ptolemy/actor/lib/test/auto/TimeDelayMicrosteps3.xml
2 ms. Memory: 521216K Free: 229150K (44%)
----------------- Invoking toplevel() on ptolemy.moml.MoMLSimpleApplication@1382e4ea
----------------- Done invoking toplevel() on ptolemy.moml.MoMLSimpleApplication@1382e4ea
reloadAllAccessors: .TimeDelayMicrosteps3

===========================================================================================
----------------- testing Tue Dec 03 06:17:24 UTC 2019 /home/travis/build/icyphy/ptII/ptolemy/actor/lib/test/auto/TimeDelayVariableMicrosteps.xml
----------------- Instantiating /home/travis/build/icyphy/ptII/ptolemy/actor/lib/test/auto/TimeDelayVariableMicrosteps.xml
3 ms. Memory: 521216K Free: 222492K (43%)
----------------- Invoking toplevel() on ptolemy.moml.MoMLSimpleApplication@683e790a
----------------- Done invoking toplevel() on ptolemy.moml.MoMLSimpleApplication@683e790a
reloadAllAccessors: .TimeDelayVariableMicrosteps

===========================================================================================
----------------- testing Tue Dec 03 06:17:24 UTC 2019 /home/travis/build/icyphy/ptII/ptolemy/actor/lib/test/auto/TimeGap.xml
----------------- Instantiating /home/travis/build/icyphy/ptII/ptolemy/actor/lib/test/auto/TimeGap.xml
2 ms. Memory: 521216K Free: 216862K (42%)
----------------- Invoking toplevel() on ptolemy.moml.MoMLSimpleApplication@317638b1
----------------- Done invoking toplevel() on ptolemy.moml.MoMLSimpleApplication@317638b1
reloadAllAccessors: .TimeGap

===========================================================================================
----------------- testing Tue Dec 03 06:17:24 UTC 2019 /home/travis/build/icyphy/ptII/ptolemy/actor/lib/test/auto/TimeGap2.xml
----------------- Instantiating /home/travis/build/icyphy/ptII/ptolemy/actor/lib/test/auto/TimeGap2.xml
2 ms. Memory: 521216K Free: 211197K (41%)
----------------- Invoking toplevel() on ptolemy.moml.MoMLSimpleApplication@55c6f8f9
----------------- Done invoking toplevel() on ptolemy.moml.MoMLSimpleApplication@55c6f8f9
reloadAllAccessors: .TimeGap2

===========================================================================================
----------------- testing Tue Dec 03 06:17:24 UTC 2019 /home/travis/build/icyphy/ptII/ptolemy/actor/lib/test/auto/TimedSinewave.xml
----------------- Instantiating /home/travis/build/icyphy/ptII/ptolemy/actor/lib/test/auto/TimedSinewave.xml
20 ms. Memory: 521216K Free: 197406K (38%)
----------------- Invoking toplevel() on ptolemy.moml.MoMLSimpleApplication@5ed48996
----------------- Done invoking toplevel() on ptolemy.moml.MoMLSimpleApplication@5ed48996
reloadAllAccessors: .TimedSinewave

===========================================================================================
----------------- testing Tue Dec 03 06:17:24 UTC 2019 /home/travis/build/icyphy/ptII/ptolemy/actor/lib/test/auto/TimedSinewavePhase.xml
----------------- Instantiating /home/travis/build/icyphy/ptII/ptolemy/actor/lib/test/auto/TimedSinewavePhase.xml
10 ms. Memory: 521216K Free: 187166K (36%)
----------------- Invoking toplevel() on ptolemy.moml.MoMLSimpleApplication@64c5fea4
----------------- Done invoking toplevel() on ptolemy.moml.MoMLSimpleApplication@64c5fea4
reloadAllAccessors: .TimedSinewavePhase

===========================================================================================
----------------- testing Tue Dec 03 06:17:24 UTC 2019 /home/travis/build/icyphy/ptII/ptolemy/actor/lib/test/auto/Timer.xml
----------------- Instantiating /home/travis/build/icyphy/ptII/ptolemy/actor/lib/test/auto/Timer.xml
2 ms. Memory: 521216K Free: 181525K (35%)
----------------- Invoking toplevel() on ptolemy.moml.MoMLSimpleApplication@194a8d5f
----------------- Done invoking toplevel() on ptolemy.moml.MoMLSimpleApplication@194a8d5f
reloadAllAccessors: .Timer

===========================================================================================
----------------- testing Tue Dec 03 06:17:24 UTC 2019 /home/travis/build/icyphy/ptII/ptolemy/actor/lib/test/auto/TriangularDistTestModel.xml
----------------- Instantiating /home/travis/build/icyphy/ptII/ptolemy/actor/lib/test/auto/TriangularDistTestModel.xml
2 ms. Memory: 521216K Free: 175902K (34%)
----------------- Invoking toplevel() on ptolemy.moml.MoMLSimpleApplication@4a5a179e
----------------- Done invoking toplevel() on ptolemy.moml.MoMLSimpleApplication@4a5a179e
reloadAllAccessors: .TriangularDistTestModel

===========================================================================================
----------------- testing Tue Dec 03 06:17:24 UTC 2019 /home/travis/build/icyphy/ptII/ptolemy/actor/lib/test/auto/TrigFunction.xml
----------------- Instantiating /home/travis/build/icyphy/ptII/ptolemy/actor/lib/test/auto/TrigFunction.xml
1 ms. Memory: 521216K Free: 170268K (33%)
----------------- Invoking toplevel() on ptolemy.moml.MoMLSimpleApplication@89d2eab
----------------- Done invoking toplevel() on ptolemy.moml.MoMLSimpleApplication@89d2eab
reloadAllAccessors: .TrigFunction

===========================================================================================
----------------- testing Tue Dec 03 06:17:24 UTC 2019 /home/travis/build/icyphy/ptII/ptolemy/actor/lib/test/auto/TrigFunctionDE.xml
----------------- Instantiating /home/travis/build/icyphy/ptII/ptolemy/actor/lib/test/auto/TrigFunctionDE.xml
40 ms. Memory: 521216K Free: 470814K (90%)
----------------- Invoking toplevel() on ptolemy.moml.MoMLSimpleApplication@564d890b
----------------- Done invoking toplevel() on ptolemy.moml.MoMLSimpleApplication@564d890b
reloadAllAccessors: .TrigFunctionDE

===========================================================================================
----------------- testing Tue Dec 03 06:17:24 UTC 2019 /home/travis/build/icyphy/ptII/ptolemy/actor/lib/test/auto/TrigFunctionInverse.xml
----------------- Instantiating /home/travis/build/icyphy/ptII/ptolemy/actor/lib/test/auto/TrigFunctionInverse.xml
2 ms. Memory: 521216K Free: 465180K (89%)
----------------- Invoking toplevel() on ptolemy.moml.MoMLSimpleApplication@7cabea49
----------------- Done invoking toplevel() on ptolemy.moml.MoMLSimpleApplication@7cabea49
reloadAllAccessors: .TrigFunctionInverse

===========================================================================================
----------------- testing Tue Dec 03 06:17:24 UTC 2019 /home/travis/build/icyphy/ptII/ptolemy/actor/lib/test/auto/TrigFunctionTan.xml
----------------- Instantiating /home/travis/build/icyphy/ptII/ptolemy/actor/lib/test/auto/TrigFunctionTan.xml
1 ms. Memory: 521216K Free: 460060K (88%)
----------------- Invoking toplevel() on ptolemy.moml.MoMLSimpleApplication@2e923092
----------------- Done invoking toplevel() on ptolemy.moml.MoMLSimpleApplication@2e923092
reloadAllAccessors: .TrigFunctionTan

===========================================================================================
----------------- testing Tue Dec 03 06:17:24 UTC 2019 /home/travis/build/icyphy/ptII/ptolemy/actor/lib/test/auto/TriggeredClock.xml
----------------- Instantiating /home/travis/build/icyphy/ptII/ptolemy/actor/lib/test/auto/TriggeredClock.xml
1 ms. Memory: 521216K Free: 455421K (87%)
----------------- Invoking toplevel() on ptolemy.moml.MoMLSimpleApplication@6b453aea
----------------- Done invoking toplevel() on ptolemy.moml.MoMLSimpleApplication@6b453aea
reloadAllAccessors: .TriggeredClock

===========================================================================================
----------------- testing Tue Dec 03 06:17:24 UTC 2019 /home/travis/build/icyphy/ptII/ptolemy/actor/lib/test/auto/URLDirectoryReader.xml
----------------- Instantiating /home/travis/build/icyphy/ptII/ptolemy/actor/lib/test/auto/URLDirectoryReader.xml
40 ms. Memory: 521216K Free: 446238K (86%)
----------------- Invoking toplevel() on ptolemy.moml.MoMLSimpleApplication@5e1289ab
----------------- Done invoking toplevel() on ptolemy.moml.MoMLSimpleApplication@5e1289ab
reloadAllAccessors: .URLDirectoryReader

===========================================================================================
----------------- testing Tue Dec 03 06:17:25 UTC 2019 /home/travis/build/icyphy/ptII/ptolemy/actor/lib/test/auto/URLDirectoryReader3.xml
----------------- Instantiating /home/travis/build/icyphy/ptII/ptolemy/actor/lib/test/auto/URLDirectoryReader3.xml
1122 ms. Memory: 521216K Free: 462633K (89%)
----------------- Invoking toplevel() on ptolemy.moml.MoMLSimpleApplication@6eaee4cb
----------------- Done invoking toplevel() on ptolemy.moml.MoMLSimpleApplication@6eaee4cb
reloadAllAccessors: .URLDirectoryReader3

===========================================================================================
----------------- testing Tue Dec 03 06:17:26 UTC 2019 /home/travis/build/icyphy/ptII/ptolemy/actor/lib/test/auto/UnaryMathFunction.xml
----------------- Instantiating /home/travis/build/icyphy/ptII/ptolemy/actor/lib/test/auto/UnaryMathFunction.xml
3 ms. Memory: 521216K Free: 454441K (87%)
----------------- Invoking toplevel() on ptolemy.moml.MoMLSimpleApplication@3f2d1bec
----------------- Done invoking toplevel() on ptolemy.moml.MoMLSimpleApplication@3f2d1bec
reloadAllAccessors: .UnaryMathFunction

===========================================================================================
----------------- testing Tue Dec 03 06:17:26 UTC 2019 /home/travis/build/icyphy/ptII/ptolemy/actor/lib/test/auto/Uniform.xml
----------------- Instantiating /home/travis/build/icyphy/ptII/ptolemy/actor/lib/test/auto/Uniform.xml
1 ms. Memory: 521216K Free: 449321K (86%)
----------------- Invoking toplevel() on ptolemy.moml.MoMLSimpleApplication@8f661ab
----------------- Done invoking toplevel() on ptolemy.moml.MoMLSimpleApplication@8f661ab
reloadAllAccessors: .Uniform

===========================================================================================
----------------- testing Tue Dec 03 06:17:26 UTC 2019 /home/travis/build/icyphy/ptII/ptolemy/actor/lib/test/auto/UnionDisassemblerTest.xml
----------------- Instantiating /home/travis/build/icyphy/ptII/ptolemy/actor/lib/test/auto/UnionDisassemblerTest.xml
9 ms. Memory: 521216K Free: 445225K (85%)
----------------- Invoking toplevel() on ptolemy.moml.MoMLSimpleApplication@ee16f8c
----------------- Done invoking toplevel() on ptolemy.moml.MoMLSimpleApplication@ee16f8c
reloadAllAccessors: .UnionDisassemblerTest

===========================================================================================
----------------- testing Tue Dec 03 06:17:26 UTC 2019 /home/travis/build/icyphy/ptII/ptolemy/actor/lib/test/auto/UtilityFunctions.xml
----------------- Instantiating /home/travis/build/icyphy/ptII/ptolemy/actor/lib/test/auto/UtilityFunctions.xml
1 ms. Memory: 521216K Free: 441129K (85%)
----------------- Invoking toplevel() on ptolemy.moml.MoMLSimpleApplication@577df020
----------------- Done invoking toplevel() on ptolemy.moml.MoMLSimpleApplication@577df020
reloadAllAccessors: .UtilityFunctions

===========================================================================================
----------------- testing Tue Dec 03 06:17:26 UTC 2019 /home/travis/build/icyphy/ptII/ptolemy/actor/lib/test/auto/VariableSleep.xml
----------------- Instantiating /home/travis/build/icyphy/ptII/ptolemy/actor/lib/test/auto/VariableSleep.xml
503 ms. Memory: 521216K Free: 436009K (84%)
----------------- Invoking toplevel() on ptolemy.moml.MoMLSimpleApplication@cb39254
----------------- Done invoking toplevel() on ptolemy.moml.MoMLSimpleApplication@cb39254
reloadAllAccessors: .VariableSleep

===========================================================================================
----------------- testing Tue Dec 03 06:17:27 UTC 2019 /home/travis/build/icyphy/ptII/ptolemy/actor/lib/test/auto/VectorAssemblerDisassemblerCT.xml
----------------- Instantiating /home/travis/build/icyphy/ptII/ptolemy/actor/lib/test/auto/VectorAssemblerDisassemblerCT.xml
81 ms. Memory: 521216K Free: 416039K (80%)
----------------- Invoking toplevel() on ptolemy.moml.MoMLSimpleApplication@1b6407dc
----------------- Done invoking toplevel() on ptolemy.moml.MoMLSimpleApplication@1b6407dc
reloadAllAccessors: .VectorAssemblerDisassemblerCT

===========================================================================================
----------------- testing Tue Dec 03 06:17:27 UTC 2019 /home/travis/build/icyphy/ptII/ptolemy/actor/lib/test/auto/VectorAssemblerDisassemblerDE.xml
----------------- Instantiating /home/travis/build/icyphy/ptII/ptolemy/actor/lib/test/auto/VectorAssemblerDisassemblerDE.xml
9 ms. Memory: 521216K Free: 408361K (78%)
----------------- Invoking toplevel() on ptolemy.moml.MoMLSimpleApplication@4e3daf3
----------------- Done invoking toplevel() on ptolemy.moml.MoMLSimpleApplication@4e3daf3
reloadAllAccessors: .VectorAssemblerDisassemblerDE

===========================================================================================
----------------- testing Tue Dec 03 06:17:27 UTC 2019 /home/travis/build/icyphy/ptII/ptolemy/actor/lib/test/auto/VectorAssemblerDisassemblerSDF.xml
----------------- Instantiating /home/travis/build/icyphy/ptII/ptolemy/actor/lib/test/auto/VectorAssemblerDisassemblerSDF.xml
9 ms. Memory: 521216K Free: 402217K (77%)
----------------- Invoking toplevel() on ptolemy.moml.MoMLSimpleApplication@4f9e8a4e
----------------- Done invoking toplevel() on ptolemy.moml.MoMLSimpleApplication@4f9e8a4e
reloadAllAccessors: .VectorAssemblerDisassemblerSDF

===========================================================================================
----------------- testing Tue Dec 03 06:17:27 UTC 2019 /home/travis/build/icyphy/ptII/ptolemy/actor/lib/test/auto/WallClockTime.xml
----------------- Instantiating /home/travis/build/icyphy/ptII/ptolemy/actor/lib/test/auto/WallClockTime.xml
1006 ms. Memory: 521216K Free: 396583K (76%)
----------------- Invoking toplevel() on ptolemy.moml.MoMLSimpleApplication@68bbdda9
----------------- Done invoking toplevel() on ptolemy.moml.MoMLSimpleApplication@68bbdda9
reloadAllAccessors: .WallClockTime

===========================================================================================
----------------- testing Tue Dec 03 06:17:28 UTC 2019 /home/travis/build/icyphy/ptII/ptolemy/actor/lib/test/auto/WidthTestWithSubscriberPublisher.xml
----------------- Instantiating /home/travis/build/icyphy/ptII/ptolemy/actor/lib/test/auto/WidthTestWithSubscriberPublisher.xml
7 ms. Memory: 521216K Free: 378665K (73%)
----------------- Invoking toplevel() on ptolemy.moml.MoMLSimpleApplication@2f0e3c7
----------------- Done invoking toplevel() on ptolemy.moml.MoMLSimpleApplication@2f0e3c7
reloadAllAccessors: .WidthTestWithSubscriberPublisher

===========================================================================================
----------------- testing Tue Dec 03 06:17:28 UTC 2019 /home/travis/build/icyphy/ptII/ptolemy/actor/lib/test/auto/WidthTestWithSubscriberPublisher2.xml
----------------- Instantiating /home/travis/build/icyphy/ptII/ptolemy/actor/lib/test/auto/WidthTestWithSubscriberPublisher2.xml
2 ms. Memory: 521216K Free: 372521K (71%)
----------------- Invoking toplevel() on ptolemy.moml.MoMLSimpleApplication@7098dfc8
----------------- Done invoking toplevel() on ptolemy.moml.MoMLSimpleApplication@7098dfc8
reloadAllAccessors: .WidthTestWithSubscriberPublisher2

===========================================================================================
----------------- testing Tue Dec 03 06:17:28 UTC 2019 /home/travis/build/icyphy/ptII/ptolemy/actor/lib/test/auto/WidthTestWithSubscriberPublisher3.xml
----------------- Instantiating /home/travis/build/icyphy/ptII/ptolemy/actor/lib/test/auto/WidthTestWithSubscriberPublisher3.xml
1 ms. Memory: 521216K Free: 365863K (70%)
----------------- Invoking toplevel() on ptolemy.moml.MoMLSimpleApplication@3cf30e9c
----------------- Done invoking toplevel() on ptolemy.moml.MoMLSimpleApplication@3cf30e9c
reloadAllAccessors: .WidthTestWithSubscriberPublisher3

===========================================================================================
----------------- testing Tue Dec 03 06:17:28 UTC 2019 /home/travis/build/icyphy/ptII/ptolemy/actor/lib/test/auto/Writer.xml
----------------- Instantiating /home/travis/build/icyphy/ptII/ptolemy/actor/lib/test/auto/Writer.xml
0
1
2
3
4
1 ms. Memory: 521216K Free: 361737K (69%)
----------------- Invoking toplevel() on ptolemy.moml.MoMLSimpleApplication@21e4867a
----------------- Done invoking toplevel() on ptolemy.moml.MoMLSimpleApplication@21e4867a
reloadAllAccessors: .Writer

===========================================================================================
----------------- testing Tue Dec 03 06:17:28 UTC 2019 /home/travis/build/icyphy/ptII/ptolemy/actor/lib/test/auto/array.xml
----------------- Instantiating /home/travis/build/icyphy/ptII/ptolemy/actor/lib/test/auto/array.xml
3 ms. Memory: 521216K Free: 357161K (69%)
----------------- Invoking toplevel() on ptolemy.moml.MoMLSimpleApplication@52303e93
----------------- Done invoking toplevel() on ptolemy.moml.MoMLSimpleApplication@52303e93
reloadAllAccessors: .array

===========================================================================================
----------------- testing Tue Dec 03 06:17:28 UTC 2019 /home/travis/build/icyphy/ptII/ptolemy/actor/lib/test/auto/array2.xml
----------------- Instantiating /home/travis/build/icyphy/ptII/ptolemy/actor/lib/test/auto/array2.xml
5 ms. Memory: 521216K Free: 352041K (68%)
----------------- Invoking toplevel() on ptolemy.moml.MoMLSimpleApplication@143327f1
----------------- Done invoking toplevel() on ptolemy.moml.MoMLSimpleApplication@143327f1
reloadAllAccessors: .array2

===========================================================================================
----------------- testing Tue Dec 03 06:17:28 UTC 2019 /home/travis/build/icyphy/ptII/ptolemy/actor/lib/test/auto/arrayType.xml
----------------- Instantiating /home/travis/build/icyphy/ptII/ptolemy/actor/lib/test/auto/arrayType.xml
6 ms. Memory: 521216K Free: 346921K (67%)
----------------- Invoking toplevel() on ptolemy.moml.MoMLSimpleApplication@4febd458
----------------- Done invoking toplevel() on ptolemy.moml.MoMLSimpleApplication@4febd458
reloadAllAccessors: .arrayType

===========================================================================================
----------------- testing Tue Dec 03 06:17:28 UTC 2019 /home/travis/build/icyphy/ptII/ptolemy/actor/lib/test/auto/arrayType10.xml
----------------- Instantiating /home/travis/build/icyphy/ptII/ptolemy/actor/lib/test/auto/arrayType10.xml
1 ms. Memory: 521216K Free: 341801K (66%)
----------------- Invoking toplevel() on ptolemy.moml.MoMLSimpleApplication@3a2c4012
----------------- Done invoking toplevel() on ptolemy.moml.MoMLSimpleApplication@3a2c4012
reloadAllAccessors: .arrayType10

===========================================================================================
----------------- testing Tue Dec 03 06:17:28 UTC 2019 /home/travis/build/icyphy/ptII/ptolemy/actor/lib/test/auto/arrayType11.xml
----------------- Instantiating /home/travis/build/icyphy/ptII/ptolemy/actor/lib/test/auto/arrayType11.xml
1 ms. Memory: 521216K Free: 337191K (65%)
----------------- Invoking toplevel() on ptolemy.moml.MoMLSimpleApplication@2d130ced
----------------- Done invoking toplevel() on ptolemy.moml.MoMLSimpleApplication@2d130ced
reloadAllAccessors: .arrayType11

===========================================================================================
----------------- testing Tue Dec 03 06:17:28 UTC 2019 /home/travis/build/icyphy/ptII/ptolemy/actor/lib/test/auto/arrayType12.xml
----------------- Instantiating /home/travis/build/icyphy/ptII/ptolemy/actor/lib/test/auto/arrayType12.xml
1 ms. Memory: 521216K Free: 332585K (64%)
----------------- Invoking toplevel() on ptolemy.moml.MoMLSimpleApplication@2963d12d
----------------- Done invoking toplevel() on ptolemy.moml.MoMLSimpleApplication@2963d12d
reloadAllAccessors: .arrayType12

===========================================================================================
----------------- testing Tue Dec 03 06:17:28 UTC 2019 /home/travis/build/icyphy/ptII/ptolemy/actor/lib/test/auto/arrayType13.xml
----------------- Instantiating /home/travis/build/icyphy/ptII/ptolemy/actor/lib/test/auto/arrayType13.xml
1 ms. Memory: 521216K Free: 326951K (63%)
----------------- Invoking toplevel() on ptolemy.moml.MoMLSimpleApplication@5312749a
----------------- Done invoking toplevel() on ptolemy.moml.MoMLSimpleApplication@5312749a
reloadAllAccessors: .arrayType13

===========================================================================================
----------------- testing Tue Dec 03 06:17:28 UTC 2019 /home/travis/build/icyphy/ptII/ptolemy/actor/lib/test/auto/arrayType14.xml
----------------- Instantiating /home/travis/build/icyphy/ptII/ptolemy/actor/lib/test/auto/arrayType14.xml
1 ms. Memory: 521216K Free: 321831K (62%)
----------------- Invoking toplevel() on ptolemy.moml.MoMLSimpleApplication@4d5be002
----------------- Done invoking toplevel() on ptolemy.moml.MoMLSimpleApplication@4d5be002
reloadAllAccessors: .arrayType14

===========================================================================================
----------------- testing Tue Dec 03 06:17:28 UTC 2019 /home/travis/build/icyphy/ptII/ptolemy/actor/lib/test/auto/arrayType15.xml
----------------- Instantiating /home/travis/build/icyphy/ptII/ptolemy/actor/lib/test/auto/arrayType15.xml
2 ms. Memory: 521216K Free: 316201K (61%)
----------------- Invoking toplevel() on ptolemy.moml.MoMLSimpleApplication@55cfae3e
----------------- Done invoking toplevel() on ptolemy.moml.MoMLSimpleApplication@55cfae3e
reloadAllAccessors: .arrayType15

===========================================================================================
----------------- testing Tue Dec 03 06:17:28 UTC 2019 /home/travis/build/icyphy/ptII/ptolemy/actor/lib/test/auto/arrayType16.xml
----------------- Instantiating /home/travis/build/icyphy/ptII/ptolemy/actor/lib/test/auto/arrayType16.xml
2 ms. Memory: 521216K Free: 311081K (60%)
----------------- Invoking toplevel() on ptolemy.moml.MoMLSimpleApplication@5e766eba
----------------- Done invoking toplevel() on ptolemy.moml.MoMLSimpleApplication@5e766eba
reloadAllAccessors: .arrayType16

===========================================================================================
----------------- testing Tue Dec 03 06:17:28 UTC 2019 /home/travis/build/icyphy/ptII/ptolemy/actor/lib/test/auto/arrayType17.xml
----------------- Instantiating /home/travis/build/icyphy/ptII/ptolemy/actor/lib/test/auto/arrayType17.xml
2 ms. Memory: 521216K Free: 305961K (59%)
----------------- Invoking toplevel() on ptolemy.moml.MoMLSimpleApplication@3ac2c293
----------------- Done invoking toplevel() on ptolemy.moml.MoMLSimpleApplication@3ac2c293
reloadAllAccessors: .arrayType17

===========================================================================================
----------------- testing Tue Dec 03 06:17:28 UTC 2019 /home/travis/build/icyphy/ptII/ptolemy/actor/lib/test/auto/arrayType18.xml
----------------- Instantiating /home/travis/build/icyphy/ptII/ptolemy/actor/lib/test/auto/arrayType18.xml
1 ms. Memory: 521216K Free: 300841K (58%)
----------------- Invoking toplevel() on ptolemy.moml.MoMLSimpleApplication@5b62dff8
----------------- Done invoking toplevel() on ptolemy.moml.MoMLSimpleApplication@5b62dff8
reloadAllAccessors: .arrayType18

===========================================================================================
----------------- testing Tue Dec 03 06:17:28 UTC 2019 /home/travis/build/icyphy/ptII/ptolemy/actor/lib/test/auto/arrayType19.xml
----------------- Instantiating /home/travis/build/icyphy/ptII/ptolemy/actor/lib/test/auto/arrayType19.xml
2 ms. Memory: 521216K Free: 296231K (57%)
----------------- Invoking toplevel() on ptolemy.moml.MoMLSimpleApplication@6641d647
----------------- Done invoking toplevel() on ptolemy.moml.MoMLSimpleApplication@6641d647
reloadAllAccessors: .arrayType19

===========================================================================================
----------------- testing Tue Dec 03 06:17:28 UTC 2019 /home/travis/build/icyphy/ptII/ptolemy/actor/lib/test/auto/arrayType2.xml
----------------- Instantiating /home/travis/build/icyphy/ptII/ptolemy/actor/lib/test/auto/arrayType2.xml
1 ms. Memory: 521216K Free: 290601K (56%)
----------------- Invoking toplevel() on ptolemy.moml.MoMLSimpleApplication@548d87a
----------------- Done invoking toplevel() on ptolemy.moml.MoMLSimpleApplication@548d87a
reloadAllAccessors: .arrayType2

===========================================================================================
----------------- testing Tue Dec 03 06:17:28 UTC 2019 /home/travis/build/icyphy/ptII/ptolemy/actor/lib/test/auto/arrayType20.xml
----------------- Instantiating /home/travis/build/icyphy/ptII/ptolemy/actor/lib/test/auto/arrayType20.xml
1 ms. Memory: 521216K Free: 285481K (55%)
----------------- Invoking toplevel() on ptolemy.moml.MoMLSimpleApplication@1050feb9
----------------- Done invoking toplevel() on ptolemy.moml.MoMLSimpleApplication@1050feb9
reloadAllAccessors: .arrayType20

===========================================================================================
----------------- testing Tue Dec 03 06:17:28 UTC 2019 /home/travis/build/icyphy/ptII/ptolemy/actor/lib/test/auto/arrayType21.xml
----------------- Instantiating /home/travis/build/icyphy/ptII/ptolemy/actor/lib/test/auto/arrayType21.xml
1 ms. Memory: 521216K Free: 280871K (54%)
----------------- Invoking toplevel() on ptolemy.moml.MoMLSimpleApplication@648576e9
----------------- Done invoking toplevel() on ptolemy.moml.MoMLSimpleApplication@648576e9
reloadAllAccessors: .arrayType21

===========================================================================================
----------------- testing Tue Dec 03 06:17:28 UTC 2019 /home/travis/build/icyphy/ptII/ptolemy/actor/lib/test/auto/arrayType22.xml
----------------- Instantiating /home/travis/build/icyphy/ptII/ptolemy/actor/lib/test/auto/arrayType22.xml
2 ms. Memory: 521216K Free: 275751K (53%)
----------------- Invoking toplevel() on ptolemy.moml.MoMLSimpleApplication@2221842c
----------------- Done invoking toplevel() on ptolemy.moml.MoMLSimpleApplication@2221842c
reloadAllAccessors: .arrayType22

===========================================================================================
----------------- testing Tue Dec 03 06:17:28 UTC 2019 /home/travis/build/icyphy/ptII/ptolemy/actor/lib/test/auto/arrayType23.xml
----------------- Instantiating /home/travis/build/icyphy/ptII/ptolemy/actor/lib/test/auto/arrayType23.xml
1 ms. Memory: 521216K Free: 271145K (52%)
----------------- Invoking toplevel() on ptolemy.moml.MoMLSimpleApplication@5d7e81a8
----------------- Done invoking toplevel() on ptolemy.moml.MoMLSimpleApplication@5d7e81a8
reloadAllAccessors: .arrayType23

===========================================================================================
----------------- testing Tue Dec 03 06:17:28 UTC 2019 /home/travis/build/icyphy/ptII/ptolemy/actor/lib/test/auto/arrayType24.xml
----------------- Instantiating /home/travis/build/icyphy/ptII/ptolemy/actor/lib/test/auto/arrayType24.xml
1 ms. Memory: 521216K Free: 266025K (51%)
----------------- Invoking toplevel() on ptolemy.moml.MoMLSimpleApplication@3135e285
----------------- Done invoking toplevel() on ptolemy.moml.MoMLSimpleApplication@3135e285
reloadAllAccessors: .arrayType24

===========================================================================================
----------------- testing Tue Dec 03 06:17:28 UTC 2019 /home/travis/build/icyphy/ptII/ptolemy/actor/lib/test/auto/arrayType25.xml
----------------- Instantiating /home/travis/build/icyphy/ptII/ptolemy/actor/lib/test/auto/arrayType25.xml
2 ms. Memory: 521216K Free: 260905K (50%)
----------------- Invoking toplevel() on ptolemy.moml.MoMLSimpleApplication@6f264dc4
----------------- Done invoking toplevel() on ptolemy.moml.MoMLSimpleApplication@6f264dc4
reloadAllAccessors: .arrayType25

===========================================================================================
----------------- testing Tue Dec 03 06:17:28 UTC 2019 /home/travis/build/icyphy/ptII/ptolemy/actor/lib/test/auto/arrayType26.xml
----------------- Instantiating /home/travis/build/icyphy/ptII/ptolemy/actor/lib/test/auto/arrayType26.xml
1 ms. Memory: 521216K Free: 255271K (49%)
----------------- Invoking toplevel() on ptolemy.moml.MoMLSimpleApplication@7231b342
----------------- Done invoking toplevel() on ptolemy.moml.MoMLSimpleApplication@7231b342
reloadAllAccessors: .arrayType26

===========================================================================================
----------------- testing Tue Dec 03 06:17:28 UTC 2019 /home/travis/build/icyphy/ptII/ptolemy/actor/lib/test/auto/arrayType27.xml
----------------- Instantiating /home/travis/build/icyphy/ptII/ptolemy/actor/lib/test/auto/arrayType27.xml
1 ms. Memory: 521216K Free: 250151K (48%)
----------------- Invoking toplevel() on ptolemy.moml.MoMLSimpleApplication@1edcd49e
----------------- Done invoking toplevel() on ptolemy.moml.MoMLSimpleApplication@1edcd49e
reloadAllAccessors: .arrayType27

===========================================================================================
----------------- testing Tue Dec 03 06:17:28 UTC 2019 /home/travis/build/icyphy/ptII/ptolemy/actor/lib/test/auto/arrayType28.xml
----------------- Instantiating /home/travis/build/icyphy/ptII/ptolemy/actor/lib/test/auto/arrayType28.xml
1 ms. Memory: 521216K Free: 244521K (47%)
----------------- Invoking toplevel() on ptolemy.moml.MoMLSimpleApplication@4af2e287
----------------- Done invoking toplevel() on ptolemy.moml.MoMLSimpleApplication@4af2e287
reloadAllAccessors: .arrayType28

===========================================================================================
----------------- testing Tue Dec 03 06:17:28 UTC 2019 /home/travis/build/icyphy/ptII/ptolemy/actor/lib/test/auto/arrayType3.xml
----------------- Instantiating /home/travis/build/icyphy/ptII/ptolemy/actor/lib/test/auto/arrayType3.xml
5 ms. Memory: 521216K Free: 239401K (46%)
----------------- Invoking toplevel() on ptolemy.moml.MoMLSimpleApplication@6a405f06
----------------- Done invoking toplevel() on ptolemy.moml.MoMLSimpleApplication@6a405f06
reloadAllAccessors: .arrayType3

===========================================================================================
----------------- testing Tue Dec 03 06:17:28 UTC 2019 /home/travis/build/icyphy/ptII/ptolemy/actor/lib/test/auto/arrayType4.xml
----------------- Instantiating /home/travis/build/icyphy/ptII/ptolemy/actor/lib/test/auto/arrayType4.xml
2 ms. Memory: 521216K Free: 234281K (45%)
----------------- Invoking toplevel() on ptolemy.moml.MoMLSimpleApplication@54ea0357
----------------- Done invoking toplevel() on ptolemy.moml.MoMLSimpleApplication@54ea0357
reloadAllAccessors: .arrayType4

===========================================================================================
----------------- testing Tue Dec 03 06:17:28 UTC 2019 /home/travis/build/icyphy/ptII/ptolemy/actor/lib/test/auto/arrayType5.xml
----------------- Instantiating /home/travis/build/icyphy/ptII/ptolemy/actor/lib/test/auto/arrayType5.xml
1 ms. Memory: 521216K Free: 228647K (44%)
----------------- Invoking toplevel() on ptolemy.moml.MoMLSimpleApplication@4f63fcc1
----------------- Done invoking toplevel() on ptolemy.moml.MoMLSimpleApplication@4f63fcc1
reloadAllAccessors: .arrayType5

===========================================================================================
----------------- testing Tue Dec 03 06:17:28 UTC 2019 /home/travis/build/icyphy/ptII/ptolemy/actor/lib/test/auto/arrayType6.xml
----------------- Instantiating /home/travis/build/icyphy/ptII/ptolemy/actor/lib/test/auto/arrayType6.xml
1 ms. Memory: 521216K Free: 224041K (43%)
----------------- Invoking toplevel() on ptolemy.moml.MoMLSimpleApplication@5085a710
----------------- Done invoking toplevel() on ptolemy.moml.MoMLSimpleApplication@5085a710
reloadAllAccessors: .arrayType6

===========================================================================================
----------------- testing Tue Dec 03 06:17:28 UTC 2019 /home/travis/build/icyphy/ptII/ptolemy/actor/lib/test/auto/arrayType7.xml
----------------- Instantiating /home/travis/build/icyphy/ptII/ptolemy/actor/lib/test/auto/arrayType7.xml
1 ms. Memory: 521216K Free: 218921K (42%)
----------------- Invoking toplevel() on ptolemy.moml.MoMLSimpleApplication@1c891512
----------------- Done invoking toplevel() on ptolemy.moml.MoMLSimpleApplication@1c891512
reloadAllAccessors: .arrayType7

===========================================================================================
----------------- testing Tue Dec 03 06:17:28 UTC 2019 /home/travis/build/icyphy/ptII/ptolemy/actor/lib/test/auto/arrayType8.xml
----------------- Instantiating /home/travis/build/icyphy/ptII/ptolemy/actor/lib/test/auto/arrayType8.xml
2 ms. Memory: 521216K Free: 466430K (89%)
----------------- Invoking toplevel() on ptolemy.moml.MoMLSimpleApplication@4b553afd
----------------- Done invoking toplevel() on ptolemy.moml.MoMLSimpleApplication@4b553afd
reloadAllAccessors: .arrayType8

===========================================================================================
----------------- testing Tue Dec 03 06:17:28 UTC 2019 /home/travis/build/icyphy/ptII/ptolemy/actor/lib/test/auto/arrayType9.xml
----------------- Instantiating /home/travis/build/icyphy/ptII/ptolemy/actor/lib/test/auto/arrayType9.xml
1 ms. Memory: 521216K Free: 461310K (89%)
----------------- Invoking toplevel() on ptolemy.moml.MoMLSimpleApplication@a082b69
----------------- Done invoking toplevel() on ptolemy.moml.MoMLSimpleApplication@a082b69
reloadAllAccessors: .arrayType9

===========================================================================================
----------------- testing Tue Dec 03 06:17:28 UTC 2019 /home/travis/build/icyphy/ptII/ptolemy/actor/lib/test/auto/cast.xml
----------------- Instantiating /home/travis/build/icyphy/ptII/ptolemy/actor/lib/test/auto/cast.xml
2 ms. Memory: 521216K Free: 456704K (88%)
----------------- Invoking toplevel() on ptolemy.moml.MoMLSimpleApplication@35f1e00d
----------------- Done invoking toplevel() on ptolemy.moml.MoMLSimpleApplication@35f1e00d
reloadAllAccessors: .cast

===========================================================================================
----------------- testing Tue Dec 03 06:17:28 UTC 2019 /home/travis/build/icyphy/ptII/ptolemy/actor/lib/test/auto/compositeMultiPort.xml
----------------- Instantiating /home/travis/build/icyphy/ptII/ptolemy/actor/lib/test/auto/compositeMultiPort.xml
3 ms. Memory: 521216K Free: 447488K (86%)
----------------- Invoking toplevel() on ptolemy.moml.MoMLSimpleApplication@a146b8a
----------------- Done invoking toplevel() on ptolemy.moml.MoMLSimpleApplication@a146b8a
reloadAllAccessors: .compositeMultiPort

===========================================================================================
----------------- testing Tue Dec 03 06:17:28 UTC 2019 /home/travis/build/icyphy/ptII/ptolemy/actor/lib/test/auto/expressionCastInference.xml
----------------- Instantiating /home/travis/build/icyphy/ptII/ptolemy/actor/lib/test/auto/expressionCastInference.xml
3 ms. Memory: 521216K Free: 442878K (85%)
----------------- Invoking toplevel() on ptolemy.moml.MoMLSimpleApplication@5dbd6b66
----------------- Done invoking toplevel() on ptolemy.moml.MoMLSimpleApplication@5dbd6b66
reloadAllAccessors: .expressionCastInference

===========================================================================================
----------------- testing Tue Dec 03 06:17:28 UTC 2019 /home/travis/build/icyphy/ptII/ptolemy/actor/lib/test/auto/expressionCastInference2.xml
----------------- Instantiating /home/travis/build/icyphy/ptII/ptolemy/actor/lib/test/auto/expressionCastInference2.xml
2 ms. Memory: 521216K Free: 437758K (84%)
----------------- Invoking toplevel() on ptolemy.moml.MoMLSimpleApplication@3209f4e5
----------------- Done invoking toplevel() on ptolemy.moml.MoMLSimpleApplication@3209f4e5
reloadAllAccessors: .expressionCastInference2

===========================================================================================
----------------- testing Tue Dec 03 06:17:28 UTC 2019 /home/travis/build/icyphy/ptII/ptolemy/actor/lib/test/auto/expressionInference.xml
----------------- Instantiating /home/travis/build/icyphy/ptII/ptolemy/actor/lib/test/auto/expressionInference.xml
2 ms. Memory: 521216K Free: 433662K (83%)
----------------- Invoking toplevel() on ptolemy.moml.MoMLSimpleApplication@3644e473
----------------- Done invoking toplevel() on ptolemy.moml.MoMLSimpleApplication@3644e473
reloadAllAccessors: .expressionInference

===========================================================================================
----------------- testing Tue Dec 03 06:17:29 UTC 2019 /home/travis/build/icyphy/ptII/ptolemy/actor/lib/test/auto/expression_bug.xml
----------------- Instantiating /home/travis/build/icyphy/ptII/ptolemy/actor/lib/test/auto/expression_bug.xml
6 ms. Memory: 521216K Free: 429056K (82%)
----------------- Invoking toplevel() on ptolemy.moml.MoMLSimpleApplication@234e72d0
----------------- Done invoking toplevel() on ptolemy.moml.MoMLSimpleApplication@234e72d0
reloadAllAccessors: .expression_bug

===========================================================================================
----------------- testing Tue Dec 03 06:17:29 UTC 2019 /home/travis/build/icyphy/ptII/ptolemy/actor/lib/test/auto/factorial.xml
----------------- Instantiating /home/travis/build/icyphy/ptII/ptolemy/actor/lib/test/auto/factorial.xml
42 ms. Memory: 521216K Free: 420864K (81%)
----------------- Invoking toplevel() on ptolemy.moml.MoMLSimpleApplication@1097e3d4
----------------- Done invoking toplevel() on ptolemy.moml.MoMLSimpleApplication@1097e3d4
reloadAllAccessors: .factorial

===========================================================================================
----------------- testing Tue Dec 03 06:17:29 UTC 2019 /home/travis/build/icyphy/ptII/ptolemy/actor/lib/test/auto/filterTest1.xml
----------------- Instantiating /home/travis/build/icyphy/ptII/ptolemy/actor/lib/test/auto/filterTest1.xml
3 ms. Memory: 521216K Free: 414720K (80%)
----------------- Invoking toplevel() on ptolemy.moml.MoMLSimpleApplication@633e4286
----------------- Done invoking toplevel() on ptolemy.moml.MoMLSimpleApplication@633e4286
reloadAllAccessors: .filterTest1

===========================================================================================
----------------- testing Tue Dec 03 06:17:29 UTC 2019 /home/travis/build/icyphy/ptII/ptolemy/actor/lib/test/auto/funcApplyInConst.xml
----------------- Instantiating /home/travis/build/icyphy/ptII/ptolemy/actor/lib/test/auto/funcApplyInConst.xml
1 ms. Memory: 521216K Free: 411134K (79%)
----------------- Invoking toplevel() on ptolemy.moml.MoMLSimpleApplication@346d00f0
----------------- Done invoking toplevel() on ptolemy.moml.MoMLSimpleApplication@346d00f0
reloadAllAccessors: .funcApplyInConst

===========================================================================================
----------------- testing Tue Dec 03 06:17:29 UTC 2019 /home/travis/build/icyphy/ptII/ptolemy/actor/lib/test/auto/funcApplyInExpr.xml
----------------- Instantiating /home/travis/build/icyphy/ptII/ptolemy/actor/lib/test/auto/funcApplyInExpr.xml
1 ms. Memory: 521216K Free: 407038K (78%)
----------------- Invoking toplevel() on ptolemy.moml.MoMLSimpleApplication@74527cef
----------------- Done invoking toplevel() on ptolemy.moml.MoMLSimpleApplication@74527cef
reloadAllAccessors: .funcApplyInExpr

===========================================================================================
----------------- testing Tue Dec 03 06:17:29 UTC 2019 /home/travis/build/icyphy/ptII/ptolemy/actor/lib/test/auto/function.xml
----------------- Instantiating /home/travis/build/icyphy/ptII/ptolemy/actor/lib/test/auto/function.xml
2 ms. Memory: 521216K Free: 402432K (77%)
----------------- Invoking toplevel() on ptolemy.moml.MoMLSimpleApplication@2304ecee
----------------- Done invoking toplevel() on ptolemy.moml.MoMLSimpleApplication@2304ecee
reloadAllAccessors: .function

===========================================================================================
----------------- testing Tue Dec 03 06:17:29 UTC 2019 /home/travis/build/icyphy/ptII/ptolemy/actor/lib/test/auto/function2.xml
----------------- Instantiating /home/travis/build/icyphy/ptII/ptolemy/actor/lib/test/auto/function2.xml
2 ms. Memory: 521216K Free: 397312K (76%)
----------------- Invoking toplevel() on ptolemy.moml.MoMLSimpleApplication@3c4396f1
----------------- Done invoking toplevel() on ptolemy.moml.MoMLSimpleApplication@3c4396f1
reloadAllAccessors: .function2

===========================================================================================
----------------- testing Tue Dec 03 06:17:29 UTC 2019 /home/travis/build/icyphy/ptII/ptolemy/actor/lib/test/auto/function3.xml
----------------- Instantiating /home/travis/build/icyphy/ptII/ptolemy/actor/lib/test/auto/function3.xml
1 ms. Memory: 521216K Free: 393726K (76%)
----------------- Invoking toplevel() on ptolemy.moml.MoMLSimpleApplication@ccffa17
----------------- Done invoking toplevel() on ptolemy.moml.MoMLSimpleApplication@ccffa17
reloadAllAccessors: .function3

===========================================================================================
----------------- testing Tue Dec 03 06:17:29 UTC 2019 /home/travis/build/icyphy/ptII/ptolemy/actor/lib/test/auto/functionClosureTest1.xml
----------------- Instantiating /home/travis/build/icyphy/ptII/ptolemy/actor/lib/test/auto/functionClosureTest1.xml
2 ms. Memory: 521216K Free: 387582K (74%)
----------------- Invoking toplevel() on ptolemy.moml.MoMLSimpleApplication@5c53c76f
----------------- Done invoking toplevel() on ptolemy.moml.MoMLSimpleApplication@5c53c76f
reloadAllAccessors: .functionClosureTest1

===========================================================================================
----------------- testing Tue Dec 03 06:17:29 UTC 2019 /home/travis/build/icyphy/ptII/ptolemy/actor/lib/test/auto/functionClosureTest2.xml
----------------- Instantiating /home/travis/build/icyphy/ptII/ptolemy/actor/lib/test/auto/functionClosureTest2.xml
1 ms. Memory: 521216K Free: 384000K (74%)
----------------- Invoking toplevel() on ptolemy.moml.MoMLSimpleApplication@30e6b704
----------------- Done invoking toplevel() on ptolemy.moml.MoMLSimpleApplication@30e6b704
reloadAllAccessors: .functionClosureTest2

===========================================================================================
----------------- testing Tue Dec 03 06:17:29 UTC 2019 /home/travis/build/icyphy/ptII/ptolemy/actor/lib/test/auto/functionClosureTest3.xml
----------------- Instantiating /home/travis/build/icyphy/ptII/ptolemy/actor/lib/test/auto/functionClosureTest3.xml
2 ms. Memory: 521216K Free: 378366K (73%)
----------------- Invoking toplevel() on ptolemy.moml.MoMLSimpleApplication@5aa0d10b
----------------- Done invoking toplevel() on ptolemy.moml.MoMLSimpleApplication@5aa0d10b
reloadAllAccessors: .functionClosureTest3

===========================================================================================
----------------- testing Tue Dec 03 06:17:29 UTC 2019 /home/travis/build/icyphy/ptII/ptolemy/actor/lib/test/auto/functionClosureTest4.xml
----------------- Instantiating /home/travis/build/icyphy/ptII/ptolemy/actor/lib/test/auto/functionClosureTest4.xml
3 ms. Memory: 521216K Free: 372222K (71%)
----------------- Invoking toplevel() on ptolemy.moml.MoMLSimpleApplication@23f82f39
----------------- Done invoking toplevel() on ptolemy.moml.MoMLSimpleApplication@23f82f39
reloadAllAccessors: .functionClosureTest4

===========================================================================================
----------------- testing Tue Dec 03 06:17:29 UTC 2019 /home/travis/build/icyphy/ptII/ptolemy/actor/lib/test/auto/functionClosureTest5.xml
----------------- Instantiating /home/travis/build/icyphy/ptII/ptolemy/actor/lib/test/auto/functionClosureTest5.xml
2 ms. Memory: 521216K Free: 366592K (70%)
----------------- Invoking toplevel() on ptolemy.moml.MoMLSimpleApplication@50d953bf
----------------- Done invoking toplevel() on ptolemy.moml.MoMLSimpleApplication@50d953bf
reloadAllAccessors: .functionClosureTest5

===========================================================================================
----------------- testing Tue Dec 03 06:17:29 UTC 2019 /home/travis/build/icyphy/ptII/ptolemy/actor/lib/test/auto/functionClosureTest6.xml
----------------- Instantiating /home/travis/build/icyphy/ptII/ptolemy/actor/lib/test/auto/functionClosureTest6.xml
1 ms. Memory: 521216K Free: 361967K (69%)
----------------- Invoking toplevel() on ptolemy.moml.MoMLSimpleApplication@49b1c2f
----------------- Done invoking toplevel() on ptolemy.moml.MoMLSimpleApplication@49b1c2f
reloadAllAccessors: .functionClosureTest6

===========================================================================================
----------------- testing Tue Dec 03 06:17:29 UTC 2019 /home/travis/build/icyphy/ptII/ptolemy/actor/lib/test/auto/functionsOnArcs.xml
----------------- Instantiating /home/travis/build/icyphy/ptII/ptolemy/actor/lib/test/auto/functionsOnArcs.xml
2 ms. Memory: 521216K Free: 356352K (68%)
----------------- Invoking toplevel() on ptolemy.moml.MoMLSimpleApplication@4b0bb15
----------------- Done invoking toplevel() on ptolemy.moml.MoMLSimpleApplication@4b0bb15
reloadAllAccessors: .functionsOnArcs

===========================================================================================
----------------- testing Tue Dec 03 06:17:29 UTC 2019 /home/travis/build/icyphy/ptII/ptolemy/actor/lib/test/auto/functionsOnArcsHOF.xml
----------------- Instantiating /home/travis/build/icyphy/ptII/ptolemy/actor/lib/test/auto/functionsOnArcsHOF.xml
3 ms. Memory: 521216K Free: 350718K (67%)
----------------- Invoking toplevel() on ptolemy.moml.MoMLSimpleApplication@57d7756f
----------------- Done invoking toplevel() on ptolemy.moml.MoMLSimpleApplication@57d7756f
reloadAllAccessors: .functionsOnArcsHOF

===========================================================================================
----------------- testing Tue Dec 03 06:17:29 UTC 2019 /home/travis/build/icyphy/ptII/ptolemy/actor/lib/test/auto/logic.xml
----------------- Instantiating /home/travis/build/icyphy/ptII/ptolemy/actor/lib/test/auto/logic.xml
2 ms. Memory: 521216K Free: 343040K (66%)
----------------- Invoking toplevel() on ptolemy.moml.MoMLSimpleApplication@550f5d8e
----------------- Done invoking toplevel() on ptolemy.moml.MoMLSimpleApplication@550f5d8e
reloadAllAccessors: .logic

===========================================================================================
----------------- testing Tue Dec 03 06:17:29 UTC 2019 /home/travis/build/icyphy/ptII/ptolemy/actor/lib/test/auto/matrixType.xml
----------------- Instantiating /home/travis/build/icyphy/ptII/ptolemy/actor/lib/test/auto/matrixType.xml
1 ms. Memory: 521216K Free: 337391K (65%)
----------------- Invoking toplevel() on ptolemy.moml.MoMLSimpleApplication@1397e499
----------------- Done invoking toplevel() on ptolemy.moml.MoMLSimpleApplication@1397e499
reloadAllAccessors: .matrixType

===========================================================================================
----------------- testing Tue Dec 03 06:17:29 UTC 2019 /home/travis/build/icyphy/ptII/ptolemy/actor/lib/test/auto/matrixType10.xml
----------------- Instantiating /home/travis/build/icyphy/ptII/ptolemy/actor/lib/test/auto/matrixType10.xml
1 ms. Memory: 521216K Free: 332286K (64%)
----------------- Invoking toplevel() on ptolemy.moml.MoMLSimpleApplication@5181ebf2
----------------- Done invoking toplevel() on ptolemy.moml.MoMLSimpleApplication@5181ebf2
reloadAllAccessors: .matrixType10

===========================================================================================
----------------- testing Tue Dec 03 06:17:29 UTC 2019 /home/travis/build/icyphy/ptII/ptolemy/actor/lib/test/auto/matrixType11.xml
----------------- Instantiating /home/travis/build/icyphy/ptII/ptolemy/actor/lib/test/auto/matrixType11.xml
1 ms. Memory: 521216K Free: 327680K (63%)
----------------- Invoking toplevel() on ptolemy.moml.MoMLSimpleApplication@3b0cc07e
----------------- Done invoking toplevel() on ptolemy.moml.MoMLSimpleApplication@3b0cc07e
reloadAllAccessors: .matrixType11

===========================================================================================
----------------- testing Tue Dec 03 06:17:29 UTC 2019 /home/travis/build/icyphy/ptII/ptolemy/actor/lib/test/auto/matrixType12.xml
----------------- Instantiating /home/travis/build/icyphy/ptII/ptolemy/actor/lib/test/auto/matrixType12.xml
1 ms. Memory: 521216K Free: 322560K (62%)
----------------- Invoking toplevel() on ptolemy.moml.MoMLSimpleApplication@69a4e136
----------------- Done invoking toplevel() on ptolemy.moml.MoMLSimpleApplication@69a4e136
reloadAllAccessors: .matrixType12

===========================================================================================
----------------- testing Tue Dec 03 06:17:29 UTC 2019 /home/travis/build/icyphy/ptII/ptolemy/actor/lib/test/auto/matrixType13.xml
----------------- Instantiating /home/travis/build/icyphy/ptII/ptolemy/actor/lib/test/auto/matrixType13.xml
2 ms. Memory: 521216K Free: 317440K (61%)
----------------- Invoking toplevel() on ptolemy.moml.MoMLSimpleApplication@1e807b84
----------------- Done invoking toplevel() on ptolemy.moml.MoMLSimpleApplication@1e807b84
reloadAllAccessors: .matrixType13

===========================================================================================
----------------- testing Tue Dec 03 06:17:29 UTC 2019 /home/travis/build/icyphy/ptII/ptolemy/actor/lib/test/auto/matrixType14.xml
----------------- Instantiating /home/travis/build/icyphy/ptII/ptolemy/actor/lib/test/auto/matrixType14.xml
1 ms. Memory: 521216K Free: 312830K (60%)
----------------- Invoking toplevel() on ptolemy.moml.MoMLSimpleApplication@2c4fde30
----------------- Done invoking toplevel() on ptolemy.moml.MoMLSimpleApplication@2c4fde30
reloadAllAccessors: .matrixType14

===========================================================================================
----------------- testing Tue Dec 03 06:17:29 UTC 2019 /home/travis/build/icyphy/ptII/ptolemy/actor/lib/test/auto/matrixType2.xml
----------------- Instantiating /home/travis/build/icyphy/ptII/ptolemy/actor/lib/test/auto/matrixType2.xml
1 ms. Memory: 521216K Free: 307710K (59%)
----------------- Invoking toplevel() on ptolemy.moml.MoMLSimpleApplication@5028bfca
----------------- Done invoking toplevel() on ptolemy.moml.MoMLSimpleApplication@5028bfca
reloadAllAccessors: .matrixType2

===========================================================================================
----------------- testing Tue Dec 03 06:17:29 UTC 2019 /home/travis/build/icyphy/ptII/ptolemy/actor/lib/test/auto/matrixType3.xml
----------------- Instantiating /home/travis/build/icyphy/ptII/ptolemy/actor/lib/test/auto/matrixType3.xml
3 ms. Memory: 521216K Free: 303104K (58%)
----------------- Invoking toplevel() on ptolemy.moml.MoMLSimpleApplication@37cc48ae
----------------- Done invoking toplevel() on ptolemy.moml.MoMLSimpleApplication@37cc48ae
reloadAllAccessors: .matrixType3

===========================================================================================
----------------- testing Tue Dec 03 06:17:29 UTC 2019 /home/travis/build/icyphy/ptII/ptolemy/actor/lib/test/auto/matrixType4.xml
----------------- Instantiating /home/travis/build/icyphy/ptII/ptolemy/actor/lib/test/auto/matrixType4.xml
2 ms. Memory: 521216K Free: 297984K (57%)
----------------- Invoking toplevel() on ptolemy.moml.MoMLSimpleApplication@6f87adeb
----------------- Done invoking toplevel() on ptolemy.moml.MoMLSimpleApplication@6f87adeb
reloadAllAccessors: .matrixType4

===========================================================================================
----------------- testing Tue Dec 03 06:17:29 UTC 2019 /home/travis/build/icyphy/ptII/ptolemy/actor/lib/test/auto/matrixType5.xml
----------------- Instantiating /home/travis/build/icyphy/ptII/ptolemy/actor/lib/test/auto/matrixType5.xml
2 ms. Memory: 521216K Free: 293374K (56%)
----------------- Invoking toplevel() on ptolemy.moml.MoMLSimpleApplication@16a110d0
----------------- Done invoking toplevel() on ptolemy.moml.MoMLSimpleApplication@16a110d0
reloadAllAccessors: .matrixType5

===========================================================================================
----------------- testing Tue Dec 03 06:17:29 UTC 2019 /home/travis/build/icyphy/ptII/ptolemy/actor/lib/test/auto/matrixType6.xml
----------------- Instantiating /home/travis/build/icyphy/ptII/ptolemy/actor/lib/test/auto/matrixType6.xml
2 ms. Memory: 521216K Free: 288254K (55%)
----------------- Invoking toplevel() on ptolemy.moml.MoMLSimpleApplication@225e439
----------------- Done invoking toplevel() on ptolemy.moml.MoMLSimpleApplication@225e439
reloadAllAccessors: .matrixType6

===========================================================================================
----------------- testing Tue Dec 03 06:17:29 UTC 2019 /home/travis/build/icyphy/ptII/ptolemy/actor/lib/test/auto/matrixType7.xml
----------------- Instantiating /home/travis/build/icyphy/ptII/ptolemy/actor/lib/test/auto/matrixType7.xml
2 ms. Memory: 521216K Free: 283648K (54%)
----------------- Invoking toplevel() on ptolemy.moml.MoMLSimpleApplication@520ab0f0
----------------- Done invoking toplevel() on ptolemy.moml.MoMLSimpleApplication@520ab0f0
reloadAllAccessors: .matrixType7

===========================================================================================
----------------- testing Tue Dec 03 06:17:29 UTC 2019 /home/travis/build/icyphy/ptII/ptolemy/actor/lib/test/auto/matrixType8.xml
----------------- Instantiating /home/travis/build/icyphy/ptII/ptolemy/actor/lib/test/auto/matrixType8.xml
1 ms. Memory: 521216K Free: 278528K (53%)
----------------- Invoking toplevel() on ptolemy.moml.MoMLSimpleApplication@7e396ffb
----------------- Done invoking toplevel() on ptolemy.moml.MoMLSimpleApplication@7e396ffb
reloadAllAccessors: .matrixType8

===========================================================================================
----------------- testing Tue Dec 03 06:17:29 UTC 2019 /home/travis/build/icyphy/ptII/ptolemy/actor/lib/test/auto/matrixType9.xml
----------------- Instantiating /home/travis/build/icyphy/ptII/ptolemy/actor/lib/test/auto/matrixType9.xml
2 ms. Memory: 521216K Free: 273918K (53%)
----------------- Invoking toplevel() on ptolemy.moml.MoMLSimpleApplication@4a2897f2
----------------- Done invoking toplevel() on ptolemy.moml.MoMLSimpleApplication@4a2897f2
reloadAllAccessors: .matrixType9

===========================================================================================
----------------- testing Tue Dec 03 06:17:29 UTC 2019 /home/travis/build/icyphy/ptII/ptolemy/actor/lib/test/auto/paraFunctest.xml
----------------- Instantiating /home/travis/build/icyphy/ptII/ptolemy/actor/lib/test/auto/paraFunctest.xml
2 ms. Memory: 521216K Free: 269312K (52%)
----------------- Invoking toplevel() on ptolemy.moml.MoMLSimpleApplication@140a8473
----------------- Done invoking toplevel() on ptolemy.moml.MoMLSimpleApplication@140a8473
reloadAllAccessors: .paraFunctest

===========================================================================================
----------------- testing Tue Dec 03 06:17:29 UTC 2019 /home/travis/build/icyphy/ptII/ptolemy/actor/lib/test/auto/paraFunctest2.xml
----------------- Instantiating /home/travis/build/icyphy/ptII/ptolemy/actor/lib/test/auto/paraFunctest2.xml
1 ms. Memory: 521216K Free: 264702K (51%)
----------------- Invoking toplevel() on ptolemy.moml.MoMLSimpleApplication@6d8d69ec
----------------- Done invoking toplevel() on ptolemy.moml.MoMLSimpleApplication@6d8d69ec
reloadAllAccessors: .paraFunctest2

===========================================================================================
----------------- testing Tue Dec 03 06:17:29 UTC 2019 /home/travis/build/icyphy/ptII/ptolemy/actor/lib/test/auto/parameterPassing.xml
----------------- Instantiating /home/travis/build/icyphy/ptII/ptolemy/actor/lib/test/auto/parameterPassing.xml
1 ms. Memory: 521216K Free: 260096K (50%)
----------------- Invoking toplevel() on ptolemy.moml.MoMLSimpleApplication@53eebd43
----------------- Done invoking toplevel() on ptolemy.moml.MoMLSimpleApplication@53eebd43
reloadAllAccessors: .parameterPassing

===========================================================================================
----------------- testing Tue Dec 03 06:17:29 UTC 2019 /home/travis/build/icyphy/ptII/ptolemy/actor/lib/test/auto/record.xml
----------------- Instantiating /home/travis/build/icyphy/ptII/ptolemy/actor/lib/test/auto/record.xml
2 ms. Memory: 521216K Free: 254976K (49%)
----------------- Invoking toplevel() on ptolemy.moml.MoMLSimpleApplication@8b4af91
----------------- Done invoking toplevel() on ptolemy.moml.MoMLSimpleApplication@8b4af91
reloadAllAccessors: .record

===========================================================================================
----------------- testing Tue Dec 03 06:17:29 UTC 2019 /home/travis/build/icyphy/ptII/ptolemy/actor/lib/test/auto/sizedarray1.xml
----------------- Instantiating /home/travis/build/icyphy/ptII/ptolemy/actor/lib/test/auto/sizedarray1.xml
2 ms. Memory: 521216K Free: 249856K (48%)
----------------- Invoking toplevel() on ptolemy.moml.MoMLSimpleApplication@25f472f9
----------------- Done invoking toplevel() on ptolemy.moml.MoMLSimpleApplication@25f472f9
reloadAllAccessors: .sizedarray1

===========================================================================================
----------------- testing Tue Dec 03 06:17:29 UTC 2019 /home/travis/build/icyphy/ptII/ptolemy/actor/lib/test/auto/sizedarray2.xml
----------------- Instantiating /home/travis/build/icyphy/ptII/ptolemy/actor/lib/test/auto/sizedarray2.xml
2 ms. Memory: 521216K Free: 244222K (47%)
----------------- Invoking toplevel() on ptolemy.moml.MoMLSimpleApplication@6d83eddd
----------------- Done invoking toplevel() on ptolemy.moml.MoMLSimpleApplication@6d83eddd
reloadAllAccessors: .sizedarray2

===========================================================================================
----------------- testing Tue Dec 03 06:17:29 UTC 2019 /home/travis/build/icyphy/ptII/ptolemy/actor/lib/test/auto/twoPublishers.xml
----------------- Instantiating /home/travis/build/icyphy/ptII/ptolemy/actor/lib/test/auto/twoPublishers.xml
6 ms. Memory: 521216K Free: 233472K (45%)
----------------- Invoking toplevel() on ptolemy.moml.MoMLSimpleApplication@55dcf4ad
----------------- Done invoking toplevel() on ptolemy.moml.MoMLSimpleApplication@55dcf4ad
reloadAllAccessors: .twoPublishers
AutoTests.java: About to close Vertx.
AutoTests.java: Vertx closed.
]]></system-out>
  <system-err><![CDATA[java.lang.RuntimeException: Execution failed
	at ptolemy.moml.MoMLSimpleApplication$UnloadThread.run(MoMLSimpleApplication.java:402)
Caused by: java.lang.RuntimeException: StringUtilities.exit() was called. Normally, we would exit here because Manager.exitAfterWrapup() was called.  However, because the ptolemy.ptII.exitAfterWrapup property is set, we throw this exception instead.
	at ptolemy.util.StringUtilities.exit(StringUtilities.java:365)
	at ptolemy.actor.Manager.wrapup(Manager.java:1549)
	at ptolemy.actor.Manager.execute(Manager.java:407)
	at ptolemy.actor.Manager.run(Manager.java:1263)
	at ptolemy.actor.Manager$PtolemyRunThread.run(Manager.java:1933)
Warning: '.top.test' is in training mode, set the trainingMode parameter to false before checking in
Warning: '.top.test' is in training mode, set the trainingMode parameter to false before checking in
Warning: '.top.test' is in training mode, set the trainingMode parameter to false before checking in
Warning: '.BooleanSwitch_RegressionTest_WrongTrainingValues.Test' is in training mode, set the trainingMode parameter to false before checking in
Warning: '.BooleanSwitch_RegressionTest_WrongTrainingValues.Test2' is in training mode, set the trainingMode parameter to false before checking in
Warning: '.BooleanSwitch_RegressionTest_WrongTrainingValues.Test2' The test produced 0 tokens.
Warning: '.top.testExceptionHandler' is in training mode, set the trainingMode parameter to false before checking in
java.lang.RuntimeException: Execution failed
	at ptolemy.moml.MoMLSimpleApplication$UnloadThread.run(MoMLSimpleApplication.java:402)
Caused by: ptolemy.kernel.util.IllegalActionException: PublisherPorts cannot be used at the top level, use a Publisher actor instead.
  in .PublisherPortToplevelSubscriber.PublisherPort
	at ptolemy.actor.PublisherPort.preinitialize(PublisherPort.java:403)
	at ptolemy.actor.CompositeActor.preinitialize(CompositeActor.java:1769)
	at ptolemy.actor.Manager.preinitializeAndResolveTypes(Manager.java:1040)
	at ptolemy.actor.Manager.initialize(Manager.java:710)
	at ptolemy.actor.Manager.execute(Manager.java:356)
	at ptolemy.actor.Manager.run(Manager.java:1263)
	at ptolemy.actor.Manager$PtolemyRunThread.run(Manager.java:1933)
java.lang.reflect.InvocationTargetException
	at java.base/jdk.internal.reflect.NativeConstructorAccessorImpl.newInstance0(Native Method)
	at java.base/jdk.internal.reflect.NativeConstructorAccessorImpl.newInstance(NativeConstructorAccessorImpl.java:62)
	at java.base/jdk.internal.reflect.DelegatingConstructorAccessorImpl.newInstance(DelegatingConstructorAccessorImpl.java:45)
	at java.base/java.lang.reflect.Constructor.newInstance(Constructor.java:490)
	at ptolemy.util.test.junit.AutoKnownFailedTests.RunModel(AutoKnownFailedTests.java:105)
	at java.base/jdk.internal.reflect.NativeMethodAccessorImpl.invoke0(Native Method)
	at java.base/jdk.internal.reflect.NativeMethodAccessorImpl.invoke(NativeMethodAccessorImpl.java:62)
	at java.base/jdk.internal.reflect.DelegatingMethodAccessorImpl.invoke(DelegatingMethodAccessorImpl.java:43)
	at java.base/java.lang.reflect.Method.invoke(Method.java:566)
	at org.junit.runners.model.FrameworkMethod$1.runReflectiveCall(FrameworkMethod.java:44)
	at org.junit.internal.runners.model.ReflectiveCallable.run(ReflectiveCallable.java:15)
	at org.junit.runners.model.FrameworkMethod.invokeExplosively(FrameworkMethod.java:41)
	at junitparams.internal.InvokeParameterisedMethod.evaluate(InvokeParameterisedMethod.java:102)
	at org.junit.internal.runners.statements.FailOnTimeout$1.run(FailOnTimeout.java:28)
Caused by: ptolemy.kernel.util.IllegalActionException: PublisherPorts cannot be used at the top level, use a Publisher actor instead.
  in .PublisherPortToplevelSubscriber.PublisherPort
	at ptolemy.actor.PublisherPort.preinitialize(PublisherPort.java:403)
	at ptolemy.actor.CompositeActor.preinitialize(CompositeActor.java:1769)
	at ptolemy.actor.Manager.preinitializeAndResolveTypes(Manager.java:1040)
	at ptolemy.actor.Manager.initialize(Manager.java:710)
	at ptolemy.actor.Manager.execute(Manager.java:356)
	at ptolemy.actor.Manager.run(Manager.java:1263)
	at ptolemy.actor.Manager$PtolemyRunThread.run(Manager.java:1933)
java.lang.RuntimeException: Execution failed
	at ptolemy.moml.MoMLSimpleApplication$UnloadThread.run(MoMLSimpleApplication.java:402)
Caused by: ptolemy.kernel.util.IllegalActionException: SubscriberPorts cannot be used at the top level, use a Subscriber actor instead.
  in .PublisherSubscriberPortToplevel.SubscriberPort
	at ptolemy.actor.SubscriberPort.preinitialize(SubscriberPort.java:328)
	at ptolemy.actor.CompositeActor.preinitialize(CompositeActor.java:1769)
	at ptolemy.actor.Manager.preinitializeAndResolveTypes(Manager.java:1040)
	at ptolemy.actor.Manager.initialize(Manager.java:710)
	at ptolemy.actor.Manager.execute(Manager.java:356)
	at ptolemy.actor.Manager.run(Manager.java:1263)
	at ptolemy.actor.Manager$PtolemyRunThread.run(Manager.java:1933)
java.lang.reflect.InvocationTargetException
	at java.base/jdk.internal.reflect.NativeConstructorAccessorImpl.newInstance0(Native Method)
	at java.base/jdk.internal.reflect.NativeConstructorAccessorImpl.newInstance(NativeConstructorAccessorImpl.java:62)
	at java.base/jdk.internal.reflect.DelegatingConstructorAccessorImpl.newInstance(DelegatingConstructorAccessorImpl.java:45)
	at java.base/java.lang.reflect.Constructor.newInstance(Constructor.java:490)
	at ptolemy.util.test.junit.AutoKnownFailedTests.RunModel(AutoKnownFailedTests.java:105)
	at java.base/jdk.internal.reflect.NativeMethodAccessorImpl.invoke0(Native Method)
	at java.base/jdk.internal.reflect.NativeMethodAccessorImpl.invoke(NativeMethodAccessorImpl.java:62)
	at java.base/jdk.internal.reflect.DelegatingMethodAccessorImpl.invoke(DelegatingMethodAccessorImpl.java:43)
	at java.base/java.lang.reflect.Method.invoke(Method.java:566)
	at org.junit.runners.model.FrameworkMethod$1.runReflectiveCall(FrameworkMethod.java:44)
	at org.junit.internal.runners.model.ReflectiveCallable.run(ReflectiveCallable.java:15)
	at org.junit.runners.model.FrameworkMethod.invokeExplosively(FrameworkMethod.java:41)
	at junitparams.internal.InvokeParameterisedMethod.evaluate(InvokeParameterisedMethod.java:102)
	at org.junit.internal.runners.statements.FailOnTimeout$1.run(FailOnTimeout.java:28)
Caused by: ptolemy.kernel.util.IllegalActionException: SubscriberPorts cannot be used at the top level, use a Subscriber actor instead.
  in .PublisherSubscriberPortToplevel.SubscriberPort
	at ptolemy.actor.SubscriberPort.preinitialize(SubscriberPort.java:328)
	at ptolemy.actor.CompositeActor.preinitialize(CompositeActor.java:1769)
	at ptolemy.actor.Manager.preinitializeAndResolveTypes(Manager.java:1040)
	at ptolemy.actor.Manager.initialize(Manager.java:710)
	at ptolemy.actor.Manager.execute(Manager.java:356)
	at ptolemy.actor.Manager.run(Manager.java:1263)
	at ptolemy.actor.Manager$PtolemyRunThread.run(Manager.java:1933)
java.lang.RuntimeException: Execution failed
	at ptolemy.moml.MoMLSimpleApplication$UnloadThread.run(MoMLSimpleApplication.java:402)
Caused by: ptolemy.kernel.util.IllegalActionException: SubscriptionAggregatorPorts cannot be used at the top level, use a SubscriptionAggregator actor instead.
  in .PublisherSubscriptionAggregatorPort.SubscriptionAggregatorPort
	at ptolemy.actor.SubscriptionAggregatorPort.preinitialize(SubscriptionAggregatorPort.java:353)
	at ptolemy.actor.CompositeActor.preinitialize(CompositeActor.java:1769)
	at ptolemy.actor.Manager.preinitializeAndResolveTypes(Manager.java:1040)
	at ptolemy.actor.Manager.initialize(Manager.java:710)
	at ptolemy.actor.Manager.execute(Manager.java:356)
	at ptolemy.actor.Manager.run(Manager.java:1263)
	at ptolemy.actor.Manager$PtolemyRunThread.run(Manager.java:1933)
java.lang.reflect.InvocationTargetException
	at java.base/jdk.internal.reflect.NativeConstructorAccessorImpl.newInstance0(Native Method)
	at java.base/jdk.internal.reflect.NativeConstructorAccessorImpl.newInstance(NativeConstructorAccessorImpl.java:62)
	at java.base/jdk.internal.reflect.DelegatingConstructorAccessorImpl.newInstance(DelegatingConstructorAccessorImpl.java:45)
	at java.base/java.lang.reflect.Constructor.newInstance(Constructor.java:490)
	at ptolemy.util.test.junit.AutoKnownFailedTests.RunModel(AutoKnownFailedTests.java:105)
	at java.base/jdk.internal.reflect.NativeMethodAccessorImpl.invoke0(Native Method)
	at java.base/jdk.internal.reflect.NativeMethodAccessorImpl.invoke(NativeMethodAccessorImpl.java:62)
	at java.base/jdk.internal.reflect.DelegatingMethodAccessorImpl.invoke(DelegatingMethodAccessorImpl.java:43)
	at java.base/java.lang.reflect.Method.invoke(Method.java:566)
	at org.junit.runners.model.FrameworkMethod$1.runReflectiveCall(FrameworkMethod.java:44)
	at org.junit.internal.runners.model.ReflectiveCallable.run(ReflectiveCallable.java:15)
	at org.junit.runners.model.FrameworkMethod.invokeExplosively(FrameworkMethod.java:41)
	at junitparams.internal.InvokeParameterisedMethod.evaluate(InvokeParameterisedMethod.java:102)
	at org.junit.internal.runners.statements.FailOnTimeout$1.run(FailOnTimeout.java:28)
Caused by: ptolemy.kernel.util.IllegalActionException: SubscriptionAggregatorPorts cannot be used at the top level, use a SubscriptionAggregator actor instead.
  in .PublisherSubscriptionAggregatorPort.SubscriptionAggregatorPort
	at ptolemy.actor.SubscriptionAggregatorPort.preinitialize(SubscriptionAggregatorPort.java:353)
	at ptolemy.actor.CompositeActor.preinitialize(CompositeActor.java:1769)
	at ptolemy.actor.Manager.preinitializeAndResolveTypes(Manager.java:1040)
	at ptolemy.actor.Manager.initialize(Manager.java:710)
	at ptolemy.actor.Manager.execute(Manager.java:356)
	at ptolemy.actor.Manager.run(Manager.java:1263)
	at ptolemy.actor.Manager$PtolemyRunThread.run(Manager.java:1933)
java.lang.RuntimeException: Execution failed
	at ptolemy.moml.MoMLSimpleApplication$UnloadThread.run(MoMLSimpleApplication.java:402)
Caused by: ptolemy.kernel.util.IllegalActionException: TypeTest actor has no training data.
  in .sizedarray3.TypeTest
	at ptolemy.actor.lib.TypeTest.initialize(TypeTest.java:250)
	at ptolemy.actor.Director.initialize(Director.java:938)
	at ptolemy.actor.Director.initialize(Director.java:907)
	at ptolemy.actor.sched.StaticSchedulingDirector.initialize(StaticSchedulingDirector.java:159)
	at ptolemy.domains.sdf.kernel.SDFDirector.initialize(SDFDirector.java:544)
	at ptolemy.actor.CompositeActor.initialize(CompositeActor.java:935)
	at ptolemy.actor.Manager.initialize(Manager.java:724)
	at ptolemy.actor.Manager.execute(Manager.java:356)
	at ptolemy.actor.Manager.run(Manager.java:1263)
	at ptolemy.actor.Manager$PtolemyRunThread.run(Manager.java:1933)
java.lang.reflect.InvocationTargetException
	at java.base/jdk.internal.reflect.NativeConstructorAccessorImpl.newInstance0(Native Method)
	at java.base/jdk.internal.reflect.NativeConstructorAccessorImpl.newInstance(NativeConstructorAccessorImpl.java:62)
	at java.base/jdk.internal.reflect.DelegatingConstructorAccessorImpl.newInstance(DelegatingConstructorAccessorImpl.java:45)
	at java.base/java.lang.reflect.Constructor.newInstance(Constructor.java:490)
	at ptolemy.util.test.junit.AutoKnownFailedTests.RunModel(AutoKnownFailedTests.java:105)
	at java.base/jdk.internal.reflect.NativeMethodAccessorImpl.invoke0(Native Method)
	at java.base/jdk.internal.reflect.NativeMethodAccessorImpl.invoke(NativeMethodAccessorImpl.java:62)
	at java.base/jdk.internal.reflect.DelegatingMethodAccessorImpl.invoke(DelegatingMethodAccessorImpl.java:43)
	at java.base/java.lang.reflect.Method.invoke(Method.java:566)
	at org.junit.runners.model.FrameworkMethod$1.runReflectiveCall(FrameworkMethod.java:44)
	at org.junit.internal.runners.model.ReflectiveCallable.run(ReflectiveCallable.java:15)
	at org.junit.runners.model.FrameworkMethod.invokeExplosively(FrameworkMethod.java:41)
	at junitparams.internal.InvokeParameterisedMethod.evaluate(InvokeParameterisedMethod.java:102)
	at org.junit.internal.runners.statements.FailOnTimeout$1.run(FailOnTimeout.java:28)
Caused by: ptolemy.kernel.util.IllegalActionException: TypeTest actor has no training data.
  in .sizedarray3.TypeTest
	at ptolemy.actor.lib.TypeTest.initialize(TypeTest.java:250)
	at ptolemy.actor.Director.initialize(Director.java:938)
	at ptolemy.actor.Director.initialize(Director.java:907)
	at ptolemy.actor.sched.StaticSchedulingDirector.initialize(StaticSchedulingDirector.java:159)
	at ptolemy.domains.sdf.kernel.SDFDirector.initialize(SDFDirector.java:544)
	at ptolemy.actor.CompositeActor.initialize(CompositeActor.java:935)
	at ptolemy.actor.Manager.initialize(Manager.java:724)
	at ptolemy.actor.Manager.execute(Manager.java:356)
	at ptolemy.actor.Manager.run(Manager.java:1263)
	at ptolemy.actor.Manager$PtolemyRunThread.run(Manager.java:1933)
]]></system-err>
</testsuite>
