<?xml version="1.0" encoding="UTF-8" ?>
<testsuite errors="0" failures="0" hostname="travis-job-556553a8-a5cd-4f6f-84f2-86f8cc27f563" name="ptolemy.domains.de.test.junit.JUnitTclTest" skipped="0" tests="101" time="130.322" timestamp="2018-06-22T01:25:11">
  <properties>
    <property name="npm.executable" value="npm" />
    <property name="file.encoding.pkg" value="sun.io" />
    <property name="ptII.mk.exists" value="true" />
    <property name="env.rvm_bin_path" value="/home/travis/.rvm/bin" />
    <property name="java.home" value="/usr/lib/jvm/java-8-oracle/jre" />
    <property name="env.TRAVIS_JOB_NUMBER" value="626.9" />
    <property name="env.DISPLAY" value=":99.0" />
    <property name="java.net.preferIPv4Stack" value="true" />
    <property name="env.SSH_TTY" value="/dev/pts/0" />
    <property name="env.RUN_TESTS" value="false" />
    <property name="timeout.short" value="1000000" />
    <property name="env.TRAVIS_STACK_NODE_ATTRIBUTES" value="/.node-attributes.yml" />
    <property name="junit.formatter" value="xml" />
    <property name="java.endorsed.dirs" value="/usr/lib/jvm/java-8-oracle/jre/lib/endorsed" />
    <property name="env.TRAVIS_SUDO" value="true" />
    <property name="env.LOGNAME" value="travis" />
    <property name="jsdoc.home" value="node_modules/@terraswarm/jsdoc" />
    <property name="debuglevel" value="source,lines,vars" />
    <property name="checkstyle.formatter" value="xml" />
    <property name="bin.vergil.makeable" value="true" />
    <property name="env._system_version" value="14.04" />
    <property name="sun.os.patch.level" value="unknown" />
    <property name="java.vendor.url" value="http://java.oracle.com/" />
    <property name="java.version" value="1.8.0_151" />
    <property name="env.TZ" value="UTC" />
    <property name="env.PT_NO_NET" value="true" />
    <property name="env.TRAVIS_PULL_REQUEST_SHA" value="" />
    <property name="env.TRAVIS_SECURE_ENV_VARS" value="true" />
    <property name="env._system_type" value="Linux" />
    <property name="java.vendor.url.bug" value="http://bugreport.sun.com/bugreport/" />
    <property name="env.SSH_CLIENT" value="10.10.16.8 45840 22" />
    <property name="npmjs-org-is-up" value="true" />
    <property name="env.GEM_HOME" value="/home/travis/.rvm/gems/ruby-2.4.1" />
    <property name="env.HAS_ANTARES_THREE_LITTLE_FRONZIES_BADGE" value="true" />
    <property name="env.PS4" value="+" />
    <property name="ant.project.invoked-targets" value="build,test.core2.xml" />
    <property name="env.TRAVIS_PULL_REQUEST_BRANCH" value="" />
    <property name="env.TRAVIS_REPO_SLUG" value="icyphy/ptII" />
    <property name="node.in.path" value="true" />
    <property name="java.maxmemory" value="1400m" />
    <property name="env.RUBY_VERSION" value="ruby-2.4.1" />
    <property name="user.name" value="travis" />
    <property name="env.LANG" value="en_US.UTF-8" />
    <property name="sun.io.unicode.encoding" value="UnicodeLittle" />
    <property name="sun.jnu.encoding" value="UTF-8" />
    <property name="java.runtime.name" value="Java(TM) SE Runtime Environment" />
    <property name="usefile" value="false" />
    <property name="return.code" value="0" />
    <property name="junit.single.formatter" value="plain" />
    <property name="env.DYLD_LIBRARY_PATH" value="/home/travis/pthla/certi-tools/lib:" />
    <property name="env.DEBIAN_FRONTEND" value="noninteractive" />
    <property name="env.SSH_CONNECTION" value="10.10.16.8 45840 10.20.0.3 22" />
    <property name="env.MYSQL_UNIX_PORT" value="/var/run/mysqld/mysqld.sock" />
    <property name="env.TRAVIS_ALLOW_FAILURE" value="false" />
    <property name="env.LC_ALL" value="en_US.UTF-8" />
    <property name="java.specification.name" value="Java Platform API Specification" />
    <property name="node.works" value="true" />
    <property name="user.timezone" value="" />
    <property name="path.separator" value=":" />
    <property name="env.PYTHON_CFLAGS" value="-g -fstack-protector --param=ssp-buffer-size=4 -Wformat -Werror=format-security" />
    <property name="timeout.long" value="4000000" />
    <property name="env.CERTI_HOME" value="/home/travis/pthla/certi-tools" />
    <property name="file.encoding" value="UTF-8" />
    <property name="ant.file.ptII" value="/home/travis/build/icyphy/ptII/build.xml" />
    <property name="javadoc.packagenames" value="com.*,diva.*,lbnl.*,org.hlacerti.*,org.json.*,org.ptolemy.*,org.terraswarm.*,ptolemy.*,ptserver.*" />
    <property name="env.TRAVIS_PULL_REQUEST_SLUG" value="" />
    <property name="ant.project.default-target" value="build" />
    <property name="env.GIT_ASKPASS" value="echo" />
    <property name="env.HOME" value="/home/travis" />
    <property name="sun.java.command" value="org.apache.tools.ant.taskdefs.optional.junit.JUnitTestRunner ptolemy.domains.de.test.junit.JUnitTclTest skipNonTests=false filtertrace=true haltOnError=false haltOnFailure=false formatter=org.apache.tools.ant.taskdefs.optional.junit.OutErrSummaryJUnitResultFormatter showoutput=true outputtoformatters=true logfailedtests=true threadid=0 logtestlistenerevents=false formatter=org.apache.tools.ant.taskdefs.optional.junit.XMLJUnitResultFormatter,/home/travis/build/icyphy/ptII/reports/junit/TEST-ptolemy.domains.de.test.junit.JUnitTclTest.xml crashfile=/home/travis/build/icyphy/ptII/junitvmwatcher8281526432395211258.properties propsfile=/home/travis/build/icyphy/ptII/junit2973547967089488654.properties" />
    <property name="env.MANPATH" value="/home/travis/.nvm/versions/node/v7.10.1/share/man:/home/travis/.kiex/elixirs/elixir-1.4.5/man:/home/travis/.rvm/rubies/ruby-2.4.1/share/man:/usr/local/man:/usr/local/cmake-3.9.2/man:/usr/local/clang-5.0.0/share/man:/usr/local/share/man:/usr/share/man:/home/travis/.rvm/man" />
    <property name="env.COMPOSER_NO_INTERACTION" value="1" />
    <property name="env.JDK_SWITCHER_DEFAULT" value="oraclejdk8" />
    <property name="ant.file" value="/home/travis/build/icyphy/ptII/build.xml" />
    <property name="env.TRAVIS_COMMIT_RANGE" value="eb8bce35f002558a371533bbbe9cddaf9cff2be5...891c8a9ef3b6f14566ca1fee895230178d9f4de7" />
    <property name="env._system_name" value="Ubuntu" />
    <property name="timeout" value="2400000" />
    <property name="ptII.classpath.optional.property" value="/home/travis/build/icyphy/ptII/lib/bsh-2.0b4.jar:/home/travis/build/icyphy/ptII/lib/ptCal.jar:/home/travis/build/icyphy/ptII/lib/java_cup.jar:/home/travis/build/icyphy/ptII/lib/saxon8.jar:/home/travis/build/icyphy/ptII/lib/saxon8-dom.jar:/home/travis/build/icyphy/ptII/lib/chic.jar:/home/travis/build/icyphy/ptII/lib/ptcolt.jar:/usr/lib/jvm/java-8-oracle/lib/tools.jar:/usr/lib/eclipse/plugins/org.eclipse.jdt.core_3.8.2.dist.jar:/usr/lib/eclipse/plugins/org.eclipse.core.runtime_3.8.0.dist.jar:/usr/lib/eclipse/plugins/org.eclipse.osgi_3.8.1.dist.jar:/usr/lib/eclipse/plugins/org.eclipse.core.resources_3.8.1.dist.jar:/usr/lib/eclipse/plugins/org.eclipse.equinox.common_3.6.100.dist.jar:/usr/lib/eclipse/plugins/org.eclipse.core.jobs_3.5.200.dist.jar:/usr/lib/eclipse/plugins/org.eclipse.core.contenttype_3.4.200.dist.jar:/usr/lib/eclipse/plugins/org.eclipse.equinox.preferences_3.5.0.dist.jar:/usr/lib/eclipse/plugins/org.eclipse.text_3.5.200.dist.jar:/usr/lib/eclipse/plugins/org.eclipse.ui.workbench_3.8.1.dist.jar:/usr/lib/eclipse/plugins/org.eclipse.jface_3.8.0.dist.jar:/usr/lib/eclipse/plugins/org.eclipse.swt_3.8.2.jar:/usr/lib/eclipse/plugins/org.eclipse.jface.text_3.8.1.dist.jar:/usr/lib/eclipse/plugins/org.eclipse.ui.workbench.texteditor_3.8.0.dist.jar:/usr/lib/eclipse/plugins/org.eclipse.ui.editors_3.8.0.dist.jar:/usr/lib/eclipse/plugins/org.eclipse.core.commands_3.6.1.dist.jar:/usr/lib/eclipse/plugins/org.eclipse.equinox.registry_3.5.200.dist.jar:/usr/lib/eclipse/plugins/org.eclipse.ui.console_3.5.100.dist.jar:/usr/lib/eclipse/plugins/org.eclipse.ui.forms_3.5.200.dist.jar:/usr/lib/eclipse/plugins/org.eclipse.ui.ide_3.8.1.dist.jar:/home/travis/build/icyphy/ptII/vendors/oracle/dbxml.jar:/home/travis/build/icyphy/ptII/vendors/oracle/db.jar:/home/travis/build/icyphy/ptII/vendors/misc/itext/iText.jar:/home/travis/build/icyphy/ptII/lib/g4ltl.jar:/home/travis/build/icyphy/ptII/lib/StructuralCoder.jar:/home/travis/build/icyphy/ptII/lib/org-openide-util.jar:/home/travis/build/icyphy/ptII/lib/org-openide-util-lookup.jar:/home/travis/build/icyphy/ptII/lib/org-netbeans-api-visual.jar:/home/travis/build/icyphy/ptII/vendors/jai-1_1_2_01/lib/jai_core.jar:/home/travis/build/icyphy/ptII/vendors/jai-1_1_2_01/lib/jai_codec.jar:/home/travis/build/icyphy/ptII/lib/jcerti.jar:/home/travis/build/icyphy/ptII/lib/smack.jar:/home/travis/build/icyphy/ptII/lib/smackx.jar:/home/travis/build/icyphy/ptII/lib/jetty-all-8.1.5-v20120716.jar:/home/travis/build/icyphy/ptII/lib/javax.servlet-api-3.0.1.jar:/home/travis/build/icyphy/ptII/lib/javax.mail.jar:/home/travis/build/icyphy/ptII/vendors/JMF-2.1.1e/lib/jmf.jar:/home/travis/build/icyphy/ptII/lib/jna-4.0.0-variadic.jar:/home/travis/build/icyphy/ptII/vendors/misc/joystick/Joystick.jar:/home/travis/build/icyphy/ptII/lib/ptjacl.jar:/home/travis/build/icyphy/ptII/lib/jsoup-1.8.2.jar:/home/travis/build/icyphy/ptII/lib/junit-4.8.2.jar:/home/travis/build/icyphy/ptII/lib/JUnitParams-0.4.0.jar:/home/travis/build/icyphy/ptII/ptolemy/actor/lib/excel/jxl.jar:/home/travis/build/icyphy/ptII/lib/jython.jar:/home/travis/build/icyphy/ptII/lib/kieler.jar:/home/travis/build/icyphy/ptII/vendors/opencv/share/OpenCV/java/opencv-341.jar:/home/travis/build/icyphy/ptII/lib/oscP5.jar:/home/travis/build/icyphy/ptII/lib/nrjavaserial-3.11.0.devel.jar:/home/travis/build/icyphy/ptII/vendors/j3d/lib/j3dcore.jar:/home/travis/build/icyphy/ptII/vendors/j3d/lib/j3dutils.jar:/home/travis/build/icyphy/ptII/vendors/j3d/lib/vecmath.jar:/home/travis/build/icyphy/ptII/ptolemy/distributed/jini/jar/jini-core.jar:/home/travis/build/icyphy/ptII/ptolemy/distributed/jini/jar/jini-ext.jar:/home/travis/build/icyphy/ptII/ptolemy/distributed/jini/jar/sun-util.jar:/home/travis/build/icyphy/ptII/lib/protobuf-java-2.4.1.jar:/home/travis/build/icyphy/ptII/lib/org.eclipse.paho.client.mqttv3.jar:/home/travis/build/icyphy/ptII/ptserver/lib/hessian-4.0.7.jar:/home/travis/build/icyphy/ptII/ptserver/lib/wmqtt.jar:/home/travis/build/icyphy/ptII/lib/mapss.jar:/home/travis/build/icyphy/ptII/ptolemy/actor/ptalon/antlr/antlr.jar:/home/travis/build/icyphy/ptII/lib/JRI.jar:/home/travis/build/icyphy/ptII/lib/commons-lang-2.6.jar:/home/travis/build/icyphy/ptII/lib/commons-logging-1.1.1.jar:/home/travis/build/icyphy/ptII/lib/sootclasses.jar:/home/travis/build/icyphy/ptII/ptolemy/actor/lib/database/mysql-connector-java-5.1.6-bin.jar:/home/travis/build/icyphy/ptII/vendors/misc/sphinx4/sphinx4-data-5prealpha.jar:/home/travis/build/icyphy/ptII/vendors/misc/sphinx4/sphinx4-core-5prealpha.jar:/home/travis/build/icyphy/ptII/lib/PDFRenderer.jar:/home/travis/build/icyphy/ptII/lib/svgSalamander.jar:/home/travis/build/icyphy/ptII/lib/rsyntaxtextarea-2.6.0-SNAPSHOT.jar:/home/travis/build/icyphy/ptII/lib/hazelcast-3.8.2.jar:/home/travis/build/icyphy/ptII/lib/jackson-annotations-2.9.0.jar:/home/travis/build/icyphy/ptII/lib/jackson-core-2.9.3.jar:/home/travis/build/icyphy/ptII/lib/jackson-databind-2.9.3.jar:/home/travis/build/icyphy/ptII/lib/netty-buffer-4.1.19.Final.jar:/home/travis/build/icyphy/ptII/lib/netty-codec-4.1.19.Final.jar:/home/travis/build/icyphy/ptII/lib/netty-codec-dns-4.1.19.Final.jar:/home/travis/build/icyphy/ptII/lib/netty-codec-http-4.1.19.Final.jar:/home/travis/build/icyphy/ptII/lib/netty-codec-http2-4.1.19.Final.jar:/home/travis/build/icyphy/ptII/lib/netty-common-4.1.19.Final.jar:/home/travis/build/icyphy/ptII/lib/netty-handler-4.1.19.Final.jar:/home/travis/build/icyphy/ptII/lib/netty-resolver-4.1.19.Final.jar:/home/travis/build/icyphy/ptII/lib/netty-resolver-dns-4.1.19.Final.jar:/home/travis/build/icyphy/ptII/lib/netty-transport-4.1.19.Final.jar:/home/travis/build/icyphy/ptII/lib/vertx-codegen-3.5.1.jar:/home/travis/build/icyphy/ptII/lib/vertx-core-3.5.2-SNAPSHOT.jar:/home/travis/build/icyphy/ptII/lib/vertx-hazelcast-3.5.1.jar:/home/travis/build/icyphy/ptII/lib/vertx-lang-js-3.5.1.jar:/home/travis/build/icyphy/ptII/lib/vertx-service-proxy-3.5.1.jar:/home/travis/build/icyphy/ptII/lib/vertx-web-3.5.1.jar:/home/travis/build/icyphy/ptII/lib/slf4j-api-1.7.13.jar:/home/travis/build/icyphy/ptII/lib/slf4j-simple-1.7.13.jar:/home/travis/build/icyphy/ptII/lib/webcam-capture-0.3.12.jar:/home/travis/build/icyphy/ptII/lib/bridj-0.7.0.jar:/home/travis/build/icyphy/ptII/lib/xbjlib-1.1.0.nrjavaserial.jar" />
    <property name="test.batch" value="**/junit/*.java" />
    <property name="env._" value="/usr/bin/timeout" />
    <property name="java.io.tmpdir" value="/tmp" />
    <property name="user.language" value="en" />
    <property name="env.HISTCONTROL" value="ignoredups:ignorespace" />
    <property name="env.GOROOT" value="/home/travis/.gimme/versions/go1.7.4.linux.amd64" />
    <property name="line.separator" value="&#xa;" />
    <property name="target" value="1.8" />
    <property name="env.TRAVIS_BUILD_DIR" value="/home/travis/build/icyphy/ptII" />
    <property name="env.ANT_OPTS" value="-Xmx2048m" />
    <property name="ant.file.type" value="file" />
    <property name="ptolemy.ptII.batchMode" value="true" />
    <property name="env.HISTSIZE" value="1000" />
    <property name="env.MERB_ENV" value="test" />
    <property name="java.vm.info" value="mixed mode" />
    <property name="source" value="1.8" />
    <property name="java.vm.specification.name" value="Java Virtual Machine Specification" />
    <property name="env.TRAVIS_TEST_RESULT" value="0" />
    <property name="jsdoc.command" value="node_modules/@terraswarm/jsdoc/jsdoc.js" />
    <property name="npm.works" value="true" />
    <property name="cobertura.dir" value="/home/travis/build/icyphy/ptII/vendors/cobertura-2.0.3" />
    <property name="env.rvm_path" value="/home/travis/.rvm" />
    <property name="env.GEM_PATH" value="/home/travis/.rvm/gems/ruby-2.4.1:/home/travis/.rvm/gems/ruby-2.4.1@global" />
    <property name="env.LC_CTYPE" value="en_US.UTF-8" />
    <property name="java.awt.printerjob" value="sun.print.PSPrinterJob" />
    <property name="env.TRAVIS_STACK_NAME" value="garnet" />
    <property name="ant.version" value="Apache Ant(TM) version 1.10.1 compiled on February 2 2017" />
    <property name="ptII.reports" value="/home/travis/build/icyphy/ptII/reports" />
    <property name="env.TRAVIS_STACK_TIMESTAMP" value="2017-12-05 19:33:09 UTC" />
    <property name="ant.file.type.ptII" value="file" />
    <property name="env.RBENV_SHELL" value="bash" />
    <property name="os.name" value="Linux" />
    <property name="java.specification.vendor" value="Oracle Corporation" />
    <property name="env.rvm_version" value="1.29.3 (latest)" />
    <property name="env.TERM" value="xterm" />
    <property name="java.vm.name" value="Java HotSpot(TM) 64-Bit Server VM" />
    <property name="env.TRAVIS_BUILD_NUMBER" value="626" />
    <property name="env.CI" value="true" />
    <property name="java.library.path" value="/home/travis/pthla/certi-tools/lib:/usr/lib/jni:/usr/local/share/OpenCV/java/:/usr/share/OpenCV/java::/usr/java/packages/lib/amd64:/usr/lib64:/lib64:/lib:/usr/lib" />
    <property name="env.rvm_prefix" value="/home/travis" />
    <property name="env.PATH" value="/home/travis/pthla/certi-tools/share/scripts:/home/travis/.rvm/gems/ruby-2.4.1/bin:/home/travis/.rvm/gems/ruby-2.4.1@global/bin:/home/travis/.rvm/rubies/ruby-2.4.1/bin:/home/travis/.rvm/bin:/home/travis/.nvm/versions/node/v7.10.1/bin:./node_modules/.bin:/home/travis/build/icyphy/ptII/bin:/home/travis/pthla/certi-tools/bin:/home/travis/bin:/home/travis/.local/bin:/opt/pyenv/shims:/home/travis/.phpenv/shims:/home/travis/perl5/perlbrew/bin:/home/travis/.kiex/elixirs/elixir-1.4.5/bin:/home/travis/.kiex/bin:/home/travis/gopath/bin:/home/travis/.gimme/versions/go1.7.4.linux.amd64/bin:/usr/local/phantomjs/bin:/usr/local/phantomjs:/usr/local/neo4j-3.2.7/bin:/usr/local/maven-3.5.2/bin:/usr/local/cmake-3.9.2/bin:/usr/local/clang-5.0.0/bin:/usr/local/sbin:/usr/local/bin:/usr/sbin:/usr/bin:/sbin:/bin:/home/travis/.phpenv/bin:/opt/pyenv/bin:/home/travis/.yarn/bin" />
    <property name="env.TRAVIS_OS_NAME" value="linux" />
    <property name="ant.java.version" value="1.8" />
    <property name="basedir" value="/home/travis/build/icyphy/ptII" />
    <property name="java.class.version" value="52.0" />
    <property name="env.SHLVL" value="3" />
    <property name="env.LD_LIBRARY_PATH" value="/home/travis/pthla/certi-tools/lib:/usr/lib/jni:/usr/local/share/OpenCV/java/:/usr/share/OpenCV/java:" />
    <property name="env.RACK_ENV" value="test" />
    <property name="ant.home" value="/home/travis/build/icyphy/ptII/ant" />
    <property name="env.NVM_DIR" value="/home/travis/.nvm" />
    <property name="env.PERLBREW_BASHRC_VERSION" value="0.80" />
    <property name="env.CERTI_FOM_PATH" value="/home/travis/pthla/certi-tools/share/federations" />
    <property name="env.TRAVIS_BUILD_ID" value="395283631" />
    <property name="env.PYENV_ROOT" value="/opt/pyenv" />
    <property name="env.TRAVIS_UID" value="2000" />
    <property name="env.rvm_pretty_print_flag" value="auto" />
    <property name="env.NVM_BIN" value="/home/travis/.nvm/versions/node/v7.10.1/bin" />
    <property name="env.TRAVIS_COMMIT" value="891c8a9ef3b6f14566ca1fee895230178d9f4de7" />
    <property name="env._system_arch" value="x86_64" />
    <property name="node.executable" value="node" />
    <property name="sun.boot.library.path" value="/usr/lib/jvm/java-8-oracle/jre/lib/amd64" />
    <property name="sun.management.compiler" value="HotSpot 64-Bit Tiered Compilers" />
    <property name="env.GOPATH" value="/home/travis/gopath" />
    <property name="java.awt.graphicsenv" value="sun.awt.X11GraphicsEnvironment" />
    <property name="ptolemy.ptII.dir" value="/home/travis/build/icyphy/ptII" />
    <property name="env.USER" value="travis" />
    <property name="env.HISTFILESIZE" value="2000" />
    <property name="timeout.longest" value="19000000" />
    <property name="env.TRAVIS_STACK_FEATURES" value="basic cassandra chromium couchdb disabled-ipv6 docker docker-compose elasticsearch firefox go-toolchain google-chrome jdk memcached mongodb mysql neo4j nodejs_interpreter perl_interpreter perlbrew phantomjs postgresql python_interpreter rabbitmq redis riak ruby_interpreter sqlite xserver" />
    <property name="env.TRAVIS_PULL_REQUEST" value="false" />
    <property name="env.PYENV_SHELL" value="bash" />
    <property name="ant.project.name" value="ptII" />
    <property name="java.vm.specification.version" value="1.8" />
    <property name="env.CERTI_VERSION" value="4.0.0" />
    <property name="env.NLSPATH" value="/usr/dt/lib/nls/msg/%L/%N.cat" />
    <property name="awt.toolkit" value="sun.awt.X11.XToolkit" />
    <property name="env.CERTI_HOST" value="localhost" />
    <property name="env.MY_RUBY_HOME" value="/home/travis/.rvm/rubies/ruby-2.4.1" />
    <property name="sun.cpu.isalist" value="" />
    <property name="java.ext.dirs" value="/usr/lib/jvm/java-8-oracle/jre/lib/ext:/usr/java/packages/lib/ext" />
    <property name="os.version" value="4.4.0-101-generic" />
    <property name="user.home" value="/home/travis" />
    <property name="env.MIX_ARCHIVES" value="/home/travis/.kiex/mix/elixir-1.4.5" />
    <property name="java.vm.vendor" value="Oracle Corporation" />
    <property name="env.TRAVIS_TAG" value="nightly" />
    <property name="env.TRAVIS_FILTERED" value="redirect_io" />
    <property name="javadoc.excludepackagenames" value="adm.cvs2svn.*,build.*,config.*,doc.coding.templates.*,jni.test.jni.meaningOfLife.*,jni.test.jni.testDeux.*,jni.test.jni.testTrois.*,org.terraswarm.accessor.accessors.web.node_modules.*,org.terraswarm.accessor.accessors.web.hosts.cordova.demo.*,org.terraswarm.accessor.accessors.web.hosts.cordova.plugins.*,org.terraswarm.accessor.accessors-svn.*,pt-modules.*,ptolemy.apps.agilent.*,ptolemy.apps.anytimecontrol.*,ptolemy.apps.apes.*,ptolemy.apps.charon.*,ptolemy.apps.crazyboard.*,ptolemy.apps.eclipse.*,ptolemy.apps.etherealSting.*,ptolemy.apps.fullscreen.*,ptolemy.apps.giotto.*,ptolemy.apps.ia.*,ptolemy.apps.interfaces.*,ptolemy.apps.jmf.*,ptolemy.apps.kurt.*,ptolemy.apps.kvm.*,ptolemy.apps.lego.*,ptolemy.apps.lejos.*,ptolemy.apps.midp.*,ptolemy.apps.mobileCoding.*,ptolemy.apps.pendulum.*,ptolemy.apps.rijndael.*,ptolemy.apps.robot.*,ptolemy.apps.security.*,ptolemy.apps.sobel.*,ptolemy.apps.soot.*,ptolemy.apps.throttle.*,ptolemy.apps.tini.*,ptolemy.apps.transmission.*,ptolemy.apps.vergil.*,ptolemy.apps.waba.*,ptolemy.apps.websensor.*,ptolemy.apps.webstart.*,ptolemy.apps.xsl.*,ptolemy.apps.zaurus.*,ptolemy.backtrack.eclipse.plugin.*,ptolemy.backtrack.test.*,ptolemy.codegen.c.actor.lib.oldJavaFiles.*,ptolemy.codegen.dsp.lib.*,ptolemy.codegen.kernel.newInterfaces.*,ptolemy.codegen.lib.*,ptolemy.copernicus.kernel.fragment.*,ptolemy.copernicus.shallow.cg.*,ptolemy.domains.giotto.demo.Hierarchy.Hierarchy.*,ptolemy.domains.giotto.demo.Multimode.Multimode.*,ptolemy.domains.giotto.demo.Simple.Simple.*,ptolemy.domains.gr.lib.experimental.*,ptolemy.domains.gro.*,ptolemy.domains.pdf.*,ptolemy.domains.ptinyos.demo.Surge.output.*,ptolemy.moml.test.NoPackageActor.java*,ptolemy.plot.adm.*,ptolemy.plot.servlet.*,reports.*,signed.*,src.*,target.*,vendors.*,ptolemy.cg.adapter.generic.program.procedural.c.mbed*,ptolemy.actor.lib.fmi.fmus.omc*,ptolemy.domains.openmodelica*,ptdb.kernel.bl.save.test.*,ptdb.kernel.bl.load.test.*,ptdb.kernel.bl.search.test.*,ptdb.kernel.bl.migration.test.*,ptdb.kernel.database.test.*,ptdb.test.*,ptdb.gui.test.*,org.ptolemy.scala.*,diva.util.java2d.svg.*,ptolemy.domains.ptinyos.*,ptolemy.actor.lib.fmi.fmipp.*,,org.terraswarm.accessor.accessors.web.node_modules.*,org.terraswarm.accessor.accessors-svn,ptolemy.apps.*,ptolemy.actor.ptalon.demo.ptinyos.SendAndReceiveCnt.output,ptolemy.actor.ptalon.demo.ptinyos.SenseToLeds.output,ptolemy.domains.ptinyos.demo.CntToLedsAndRfm.output,ptolemy.domains.ptinyos.demo.RfmToLeds.output,ptolemy.domains.ptinyos.demo.SendAndReceiveCnt.output,ptolemy.domains.ptinyos.demo.SenseToLeds.output,ptolemy.actor.lib.jjs.modules.udpSocket.*" />
    <property name="env.JAVA_HOME" value="/usr/lib/jvm/java-8-oracle" />
    <property name="env.PTII" value="/home/travis/build/icyphy/ptII" />
    <property name="env.TRAVIS_COMMIT_MESSAGE" value="Updated demo for SemanticRepositoryUpdate to match the new interface" />
    <property name="keystore" value="ptKeystore" />
    <property name="env.XDG_SESSION_ID" value="2" />
    <property name="junit.output.dir" value="/home/travis/build/icyphy/ptII/reports/junit" />
    <property name="npm.return.code" value="0" />
    <property name="user.dir" value="/home/travis/build/icyphy/ptII/ptolemy/domains/de/test" />
    <property name="env.TRAVIS_NODE_VERSION" value="7" />
    <property name="env.XFILESEARCHPATH" value="/usr/dt/app-defaults/%L/Dt" />
    <property name="env.TRAVIS_EVENT_TYPE" value="cron" />
    <property name="env.MAIL" value="/var/mail/travis" />
    <property name="env.PWD" value="/home/travis/build/icyphy/ptII" />
    <property name="env.PERLBREW_ROOT" value="/home/travis/perl5/perlbrew" />
    <property name="timeout.npm" value="45000" />
    <property name="env.PT_TRAVIS_TEST_CORE2_XML" value="true" />
    <property name="env.PAGER" value="cat" />
    <property name="sun.cpu.endian" value="little" />
    <property name="env.TRAVIS_BUILD_STAGE_NAME" value="Test" />
    <property name="env.PERLBREW_HOME" value="/home/travis/.perlbrew" />
    <property name="env.RAILS_ENV" value="test" />
    <property name="java.vm.version" value="25.151-b12" />
    <property name="java.class.path" value="/home/travis/build/icyphy/ptII:/home/travis/build/icyphy/ptII/lib/bsh-2.0b4.jar:/home/travis/build/icyphy/ptII/lib/ptCal.jar:/home/travis/build/icyphy/ptII/lib/java_cup.jar:/home/travis/build/icyphy/ptII/lib/saxon8.jar:/home/travis/build/icyphy/ptII/lib/saxon8-dom.jar:/home/travis/build/icyphy/ptII/lib/chic.jar:/home/travis/build/icyphy/ptII/lib/ptcolt.jar:/usr/lib/jvm/java-8-oracle/lib/tools.jar:/usr/lib/eclipse/plugins/org.eclipse.jdt.core_3.8.2.dist.jar:/usr/lib/eclipse/plugins/org.eclipse.core.runtime_3.8.0.dist.jar:/usr/lib/eclipse/plugins/org.eclipse.osgi_3.8.1.dist.jar:/usr/lib/eclipse/plugins/org.eclipse.core.resources_3.8.1.dist.jar:/usr/lib/eclipse/plugins/org.eclipse.equinox.common_3.6.100.dist.jar:/usr/lib/eclipse/plugins/org.eclipse.core.jobs_3.5.200.dist.jar:/usr/lib/eclipse/plugins/org.eclipse.core.contenttype_3.4.200.dist.jar:/usr/lib/eclipse/plugins/org.eclipse.equinox.preferences_3.5.0.dist.jar:/usr/lib/eclipse/plugins/org.eclipse.text_3.5.200.dist.jar:/usr/lib/eclipse/plugins/org.eclipse.ui.workbench_3.8.1.dist.jar:/usr/lib/eclipse/plugins/org.eclipse.jface_3.8.0.dist.jar:/usr/lib/eclipse/plugins/org.eclipse.swt_3.8.2.jar:/usr/lib/eclipse/plugins/org.eclipse.jface.text_3.8.1.dist.jar:/usr/lib/eclipse/plugins/org.eclipse.ui.workbench.texteditor_3.8.0.dist.jar:/usr/lib/eclipse/plugins/org.eclipse.ui.editors_3.8.0.dist.jar:/usr/lib/eclipse/plugins/org.eclipse.core.commands_3.6.1.dist.jar:/usr/lib/eclipse/plugins/org.eclipse.equinox.registry_3.5.200.dist.jar:/usr/lib/eclipse/plugins/org.eclipse.ui.console_3.5.100.dist.jar:/usr/lib/eclipse/plugins/org.eclipse.ui.forms_3.5.200.dist.jar:/usr/lib/eclipse/plugins/org.eclipse.ui.ide_3.8.1.dist.jar:/home/travis/build/icyphy/ptII/vendors/oracle/dbxml.jar:/home/travis/build/icyphy/ptII/vendors/oracle/db.jar:/home/travis/build/icyphy/ptII/vendors/misc/itext/iText.jar:/home/travis/build/icyphy/ptII/lib/g4ltl.jar:/home/travis/build/icyphy/ptII/lib/StructuralCoder.jar:/home/travis/build/icyphy/ptII/lib/org-openide-util.jar:/home/travis/build/icyphy/ptII/lib/org-openide-util-lookup.jar:/home/travis/build/icyphy/ptII/lib/org-netbeans-api-visual.jar:/home/travis/build/icyphy/ptII/vendors/jai-1_1_2_01/lib/jai_core.jar:/home/travis/build/icyphy/ptII/vendors/jai-1_1_2_01/lib/jai_codec.jar:/home/travis/build/icyphy/ptII/lib/jcerti.jar:/home/travis/build/icyphy/ptII/lib/smack.jar:/home/travis/build/icyphy/ptII/lib/smackx.jar:/home/travis/build/icyphy/ptII/lib/jetty-all-8.1.5-v20120716.jar:/home/travis/build/icyphy/ptII/lib/javax.servlet-api-3.0.1.jar:/home/travis/build/icyphy/ptII/lib/javax.mail.jar:/home/travis/build/icyphy/ptII/vendors/JMF-2.1.1e/lib/jmf.jar:/home/travis/build/icyphy/ptII/lib/jna-4.0.0-variadic.jar:/home/travis/build/icyphy/ptII/vendors/misc/joystick/Joystick.jar:/home/travis/build/icyphy/ptII/lib/ptjacl.jar:/home/travis/build/icyphy/ptII/lib/jsoup-1.8.2.jar:/home/travis/build/icyphy/ptII/lib/junit-4.8.2.jar:/home/travis/build/icyphy/ptII/lib/JUnitParams-0.4.0.jar:/home/travis/build/icyphy/ptII/ptolemy/actor/lib/excel/jxl.jar:/home/travis/build/icyphy/ptII/lib/jython.jar:/home/travis/build/icyphy/ptII/lib/kieler.jar:/home/travis/build/icyphy/ptII/vendors/opencv/share/OpenCV/java/opencv-341.jar:/home/travis/build/icyphy/ptII/lib/oscP5.jar:/home/travis/build/icyphy/ptII/lib/nrjavaserial-3.11.0.devel.jar:/home/travis/build/icyphy/ptII/vendors/j3d/lib/j3dcore.jar:/home/travis/build/icyphy/ptII/vendors/j3d/lib/j3dutils.jar:/home/travis/build/icyphy/ptII/vendors/j3d/lib/vecmath.jar:/home/travis/build/icyphy/ptII/ptolemy/distributed/jini/jar/jini-core.jar:/home/travis/build/icyphy/ptII/ptolemy/distributed/jini/jar/jini-ext.jar:/home/travis/build/icyphy/ptII/ptolemy/distributed/jini/jar/sun-util.jar:/home/travis/build/icyphy/ptII/lib/protobuf-java-2.4.1.jar:/home/travis/build/icyphy/ptII/lib/org.eclipse.paho.client.mqttv3.jar:/home/travis/build/icyphy/ptII/ptserver/lib/hessian-4.0.7.jar:/home/travis/build/icyphy/ptII/ptserver/lib/wmqtt.jar:/home/travis/build/icyphy/ptII/lib/mapss.jar:/home/travis/build/icyphy/ptII/ptolemy/actor/ptalon/antlr/antlr.jar:/home/travis/build/icyphy/ptII/lib/JRI.jar:/home/travis/build/icyphy/ptII/lib/commons-lang-2.6.jar:/home/travis/build/icyphy/ptII/lib/commons-logging-1.1.1.jar:/home/travis/build/icyphy/ptII/lib/sootclasses.jar:/home/travis/build/icyphy/ptII/ptolemy/actor/lib/database/mysql-connector-java-5.1.6-bin.jar:/home/travis/build/icyphy/ptII/vendors/misc/sphinx4/sphinx4-data-5prealpha.jar:/home/travis/build/icyphy/ptII/vendors/misc/sphinx4/sphinx4-core-5prealpha.jar:/home/travis/build/icyphy/ptII/lib/PDFRenderer.jar:/home/travis/build/icyphy/ptII/lib/svgSalamander.jar:/home/travis/build/icyphy/ptII/lib/rsyntaxtextarea-2.6.0-SNAPSHOT.jar:/home/travis/build/icyphy/ptII/lib/hazelcast-3.8.2.jar:/home/travis/build/icyphy/ptII/lib/jackson-annotations-2.9.0.jar:/home/travis/build/icyphy/ptII/lib/jackson-core-2.9.3.jar:/home/travis/build/icyphy/ptII/lib/jackson-databind-2.9.3.jar:/home/travis/build/icyphy/ptII/lib/netty-buffer-4.1.19.Final.jar:/home/travis/build/icyphy/ptII/lib/netty-codec-4.1.19.Final.jar:/home/travis/build/icyphy/ptII/lib/netty-codec-dns-4.1.19.Final.jar:/home/travis/build/icyphy/ptII/lib/netty-codec-http-4.1.19.Final.jar:/home/travis/build/icyphy/ptII/lib/netty-codec-http2-4.1.19.Final.jar:/home/travis/build/icyphy/ptII/lib/netty-common-4.1.19.Final.jar:/home/travis/build/icyphy/ptII/lib/netty-handler-4.1.19.Final.jar:/home/travis/build/icyphy/ptII/lib/netty-resolver-4.1.19.Final.jar:/home/travis/build/icyphy/ptII/lib/netty-resolver-dns-4.1.19.Final.jar:/home/travis/build/icyphy/ptII/lib/netty-transport-4.1.19.Final.jar:/home/travis/build/icyphy/ptII/lib/vertx-codegen-3.5.1.jar:/home/travis/build/icyphy/ptII/lib/vertx-core-3.5.2-SNAPSHOT.jar:/home/travis/build/icyphy/ptII/lib/vertx-hazelcast-3.5.1.jar:/home/travis/build/icyphy/ptII/lib/vertx-lang-js-3.5.1.jar:/home/travis/build/icyphy/ptII/lib/vertx-service-proxy-3.5.1.jar:/home/travis/build/icyphy/ptII/lib/vertx-web-3.5.1.jar:/home/travis/build/icyphy/ptII/lib/slf4j-api-1.7.13.jar:/home/travis/build/icyphy/ptII/lib/slf4j-simple-1.7.13.jar:/home/travis/build/icyphy/ptII/lib/webcam-capture-0.3.12.jar:/home/travis/build/icyphy/ptII/lib/bridj-0.7.0.jar:/home/travis/build/icyphy/ptII/lib/xbjlib-1.1.0.nrjavaserial.jar:/home/travis/build/icyphy/ptII/ptolemy/moml/test:/home/travis/build/icyphy/ptII/ant/lib/ant-launcher.jar:/home/travis/build/icyphy/ptII/ant/lib/ant.jar:/home/travis/build/icyphy/ptII/ant/lib/ant-junit.jar:/home/travis/build/icyphy/ptII/ant/lib/ant-junit4.jar" />
    <property name="ant.library.dir" value="/home/travis/build/icyphy/ptII/ant/lib" />
    <property name="os.arch" value="amd64" />
    <property name="env.TRAVIS_LANGUAGE" value="node_js" />
    <property name="env.CONTINUOUS_INTEGRATION" value="true" />
    <property name="env.TRAVIS_STACK_LANGUAGES" value="__garnet__ c c++ clojure cplusplus cpp default go groovy java node_js php pure_java python ruby scala" />
    <property name="test.name" value="ptolemy.actor.lib.test.junit.JUnitTclTest" />
    <property name="sun.java.launcher" value="SUN_STANDARD" />
    <property name="env.PYTHON_CONFIGURE_OPTS" value="--enable-unicode=ucs4 --with-wide-unicode --enable-shared --enable-ipv6 --enable-loadable-sqlite-extensions --with-computed-gotos" />
    <property name="ant.core.lib" value="/home/travis/build/icyphy/ptII/ant/lib/ant.jar" />
    <property name="java.vm.specification.vendor" value="Oracle Corporation" />
    <property name="env.BCVTB_HOME" value="/home/travis/build/icyphy/ptII/lbnl" />
    <property name="file.separator" value="/" />
    <property name="java.runtime.version" value="1.8.0_151-b12" />
    <property name="spotbugs.home" value="/home/travis/build/icyphy/ptII/vendors/spotbugs-3.1.1" />
    <property name="sun.boot.class.path" value="/usr/lib/jvm/java-8-oracle/jre/lib/resources.jar:/usr/lib/jvm/java-8-oracle/jre/lib/rt.jar:/usr/lib/jvm/java-8-oracle/jre/lib/sunrsasign.jar:/usr/lib/jvm/java-8-oracle/jre/lib/jsse.jar:/usr/lib/jvm/java-8-oracle/jre/lib/jce.jar:/usr/lib/jvm/java-8-oracle/jre/lib/charsets.jar:/usr/lib/jvm/java-8-oracle/jre/lib/jfr.jar:/usr/lib/jvm/java-8-oracle/jre/classes" />
    <property name="env.HAS_JOSH_K_SEAL_OF_APPROVAL" value="true" />
    <property name="env.TRAVIS_OSX_IMAGE" value="" />
    <property name="env.XDG_RUNTIME_DIR" value="/run/user/2000" />
    <property name="env.TRAVIS_BRANCH" value="master" />
    <property name="env.TRAVIS_JOB_ID" value="395283640" />
    <property name="env.CERTI_HOME_TRAVIS" value="/home/travis/pthla/certi-tools" />
    <property name="user.country" value="US" />
    <property name="env.SHELL" value="/bin/bash" />
    <property name="java.maxmemory.large" value="5000m" />
    <property name="model" value="" />
    <property name="env.CASHER_DIR" value="/home/travis/.casher" />
    <property name="env.NVM_CD_FLAGS" value="" />
    <property name="jshint.executable" value="/home/travis/node_modules/jshint/bin/jshint" />
    <property name="java.vendor" value="Oracle Corporation" />
    <property name="env.JRUBY_OPTS" value=" --client -J-XX:+TieredCompilation -J-XX:TieredStopAtLevel=1 -J-Xss2m -Xcompile.invokedynamic=false" />
    <property name="env.TRAVIS_PRE_CHEF_BOOTSTRAP_TIME" value="2017-12-05T19:32:55" />
    <property name="env.TRAVIS_STACK_JOB_BOARD_REGISTER" value="/.job-board-register.yml" />
    <property name="env.ELIXIR_VERSION" value="1.4.5" />
    <property name="java.specification.version" value="1.8" />
    <property name="env.IRBRC" value="/home/travis/.rvm/rubies/ruby-2.4.1/.irbrc" />
    <property name="env.TRAVIS" value="true" />
    <property name="sun.arch.data.model" value="64" />
  </properties>
  <testcase classname="ptolemy.util.test.junit.TclTests" name="[0] /home/travis/build/icyphy/ptII/ptolemy/domains/de/test/DependencyLoop.tcl (RunTclFile)" time="0.819" />
  <testcase classname="ptolemy.util.test.junit.TclTests" name="[1] /home/travis/build/icyphy/ptII/ptolemy/domains/de/test/RunDETestsAsQSS.tcl (RunTclFile)" time="90.508" />
  <testcase classname="ptolemy.util.test.junit.AutoKnownFailedTests" name="[0] /home/travis/build/icyphy/ptII/ptolemy/domains/de/test/auto/knownFailedTests/DESDFClockTest.xml (RunModel)" time="2.031" />
  <testcase classname="ptolemy.util.test.junit.AutoKnownFailedTests" name="[1] /home/travis/build/icyphy/ptII/ptolemy/domains/de/test/auto/knownFailedTests/DirectFeedback.xml (RunModel)" time="0.008" />
  <testcase classname="ptolemy.util.test.junit.AutoKnownFailedTests" name="[2] /home/travis/build/icyphy/ptII/ptolemy/domains/de/test/auto/knownFailedTests/FSMSource.xml (RunModel)" time="0.017" />
  <testcase classname="ptolemy.util.test.junit.AutoKnownFailedTests" name="[3] /home/travis/build/icyphy/ptII/ptolemy/domains/de/test/auto/knownFailedTests/HierarchicalModel.xml (RunModel)" time="0.034" />
  <testcase classname="ptolemy.util.test.junit.AutoKnownFailedTests" name="[4] /home/travis/build/icyphy/ptII/ptolemy/domains/de/test/auto/knownFailedTests/dependencyLoop.xml (RunModel)" time="0.028" />
  <testcase classname="ptolemy.util.test.junit.AutoKnownFailedTests" name="[5] /home/travis/build/icyphy/ptII/ptolemy/domains/de/test/auto/knownFailedTests/dependencyLoop2.xml (RunModel)" time="0.033" />
  <testcase classname="ptolemy.util.test.junit.AutoNameArchTests" name="[0] ThereAreNoAutoArchTests (RunModel)" time="0.004" />
  <testcase classname="ptolemy.util.test.junit.AutoTests" name="[0] /home/travis/build/icyphy/ptII/ptolemy/domains/de/test/auto/ActorDepthCalculation_actorWithoutPorts.xml (RunModel)" time="0.014" />
  <testcase classname="ptolemy.util.test.junit.AutoTests" name="[1] /home/travis/build/icyphy/ptII/ptolemy/domains/de/test/auto/AssemblyLine.xml (RunModel)" time="0.017" />
  <testcase classname="ptolemy.util.test.junit.AutoTests" name="[2] /home/travis/build/icyphy/ptII/ptolemy/domains/de/test/auto/CQBug1.xml (RunModel)" time="0.007" />
  <testcase classname="ptolemy.util.test.junit.AutoTests" name="[3] /home/travis/build/icyphy/ptII/ptolemy/domains/de/test/auto/CancelFireAt.xml (RunModel)" time="0.006" />
  <testcase classname="ptolemy.util.test.junit.AutoTests" name="[4] /home/travis/build/icyphy/ptII/ptolemy/domains/de/test/auto/CausalityAndComposabilityAnalysis.xml (RunModel)" time="0.011" />
  <testcase classname="ptolemy.util.test.junit.AutoTests" name="[5] /home/travis/build/icyphy/ptII/ptolemy/domains/de/test/auto/CausalityInterface1.xml (RunModel)" time="0.012" />
  <testcase classname="ptolemy.util.test.junit.AutoTests" name="[6] /home/travis/build/icyphy/ptII/ptolemy/domains/de/test/auto/CausalityInterface15.xml (RunModel)" time="0.013" />
  <testcase classname="ptolemy.util.test.junit.AutoTests" name="[7] /home/travis/build/icyphy/ptII/ptolemy/domains/de/test/auto/CausalityInterface2.xml (RunModel)" time="0.011" />
  <testcase classname="ptolemy.util.test.junit.AutoTests" name="[8] /home/travis/build/icyphy/ptII/ptolemy/domains/de/test/auto/CausalityInterface3.xml (RunModel)" time="0.012" />
  <testcase classname="ptolemy.util.test.junit.AutoTests" name="[9] /home/travis/build/icyphy/ptII/ptolemy/domains/de/test/auto/ClockDrift.xml (RunModel)" time="0.027" />
  <testcase classname="ptolemy.util.test.junit.AutoTests" name="[10] /home/travis/build/icyphy/ptII/ptolemy/domains/de/test/auto/ClockDriftAndValueChange.xml (RunModel)" time="0.029" />
  <testcase classname="ptolemy.util.test.junit.AutoTests" name="[11] /home/travis/build/icyphy/ptII/ptolemy/domains/de/test/auto/ClockDriftChange.xml (RunModel)" time="0.022" />
  <testcase classname="ptolemy.util.test.junit.AutoTests" name="[12] /home/travis/build/icyphy/ptII/ptolemy/domains/de/test/auto/ComposableCausalityAnalysis.xml (RunModel)" time="0.015" />
  <testcase classname="ptolemy.util.test.junit.AutoTests" name="[13] /home/travis/build/icyphy/ptII/ptolemy/domains/de/test/auto/DEFixedPointLimitation.xml (RunModel)" time="0.01" />
  <testcase classname="ptolemy.util.test.junit.AutoTests" name="[14] /home/travis/build/icyphy/ptII/ptolemy/domains/de/test/auto/DEScheduleTest.xml (RunModel)" time="0.007" />
  <testcase classname="ptolemy.util.test.junit.AutoTests" name="[15] /home/travis/build/icyphy/ptII/ptolemy/domains/de/test/auto/DEinDEwithStartTimes.xml (RunModel)" time="0.009" />
  <testcase classname="ptolemy.util.test.junit.AutoTests" name="[16] /home/travis/build/icyphy/ptII/ptolemy/domains/de/test/auto/DEinDEwithStartTimes2.xml (RunModel)" time="0.009" />
  <testcase classname="ptolemy.util.test.junit.AutoTests" name="[17] /home/travis/build/icyphy/ptII/ptolemy/domains/de/test/auto/DateDemo.xml (RunModel)" time="0.019" />
  <testcase classname="ptolemy.util.test.junit.AutoTests" name="[18] /home/travis/build/icyphy/ptII/ptolemy/domains/de/test/auto/DateToEvent.xml (RunModel)" time="2.028" />
  <testcase classname="ptolemy.util.test.junit.AutoTests" name="[19] /home/travis/build/icyphy/ptII/ptolemy/domains/de/test/auto/DepthTest1.xml (RunModel)" time="0.013" />
  <testcase classname="ptolemy.util.test.junit.AutoTests" name="[20] /home/travis/build/icyphy/ptII/ptolemy/domains/de/test/auto/DepthTest2.xml (RunModel)" time="0.014" />
  <testcase classname="ptolemy.util.test.junit.AutoTests" name="[21] /home/travis/build/icyphy/ptII/ptolemy/domains/de/test/auto/DepthTest3.xml (RunModel)" time="0.014" />
  <testcase classname="ptolemy.util.test.junit.AutoTests" name="[22] /home/travis/build/icyphy/ptII/ptolemy/domains/de/test/auto/DepthTest4.xml (RunModel)" time="0.009" />
  <testcase classname="ptolemy.util.test.junit.AutoTests" name="[23] /home/travis/build/icyphy/ptII/ptolemy/domains/de/test/auto/DepthTest5.xml (RunModel)" time="0.01" />
  <testcase classname="ptolemy.util.test.junit.AutoTests" name="[24] /home/travis/build/icyphy/ptII/ptolemy/domains/de/test/auto/DepthTest6.xml (RunModel)" time="0.009" />
  <testcase classname="ptolemy.util.test.junit.AutoTests" name="[25] /home/travis/build/icyphy/ptII/ptolemy/domains/de/test/auto/DepthTest7.xml (RunModel)" time="0.011" />
  <testcase classname="ptolemy.util.test.junit.AutoTests" name="[26] /home/travis/build/icyphy/ptII/ptolemy/domains/de/test/auto/EventToDate.xml (RunModel)" time="3.024" />
  <testcase classname="ptolemy.util.test.junit.AutoTests" name="[27] /home/travis/build/icyphy/ptII/ptolemy/domains/de/test/auto/FSM1.xml (RunModel)" time="0.022" />
  <testcase classname="ptolemy.util.test.junit.AutoTests" name="[28] /home/travis/build/icyphy/ptII/ptolemy/domains/de/test/auto/FSM7.xml (RunModel)" time="0.021" />
  <testcase classname="ptolemy.util.test.junit.AutoTests" name="[29] /home/travis/build/icyphy/ptII/ptolemy/domains/de/test/auto/Inspection.xml (RunModel)" time="0.025" />
  <testcase classname="ptolemy.util.test.junit.AutoTests" name="[30] /home/travis/build/icyphy/ptII/ptolemy/domains/de/test/auto/Iteration.xml (RunModel)" time="0.013" />
  <testcase classname="ptolemy.util.test.junit.AutoTests" name="[31] /home/travis/build/icyphy/ptII/ptolemy/domains/de/test/auto/LineFault.xml (RunModel)" time="0.424" />
  <testcase classname="ptolemy.util.test.junit.AutoTests" name="[32] /home/travis/build/icyphy/ptII/ptolemy/domains/de/test/auto/MergeModel1Add.xml (RunModel)" time="0.034" />
  <testcase classname="ptolemy.util.test.junit.AutoTests" name="[33] /home/travis/build/icyphy/ptII/ptolemy/domains/de/test/auto/MergeModel2Add.xml (RunModel)" time="0.031" />
  <testcase classname="ptolemy.util.test.junit.AutoTests" name="[34] /home/travis/build/icyphy/ptII/ptolemy/domains/de/test/auto/MergeModel3Add.xml (RunModel)" time="0.033" />
  <testcase classname="ptolemy.util.test.junit.AutoTests" name="[35] /home/travis/build/icyphy/ptII/ptolemy/domains/de/test/auto/MergeWithoutDiscard.xml (RunModel)" time="0.009" />
  <testcase classname="ptolemy.util.test.junit.AutoTests" name="[36] /home/travis/build/icyphy/ptII/ptolemy/domains/de/test/auto/Modal1.xml (RunModel)" time="0.024" />
  <testcase classname="ptolemy.util.test.junit.AutoTests" name="[37] /home/travis/build/icyphy/ptII/ptolemy/domains/de/test/auto/Modal2.xml (RunModel)" time="0.023" />
  <testcase classname="ptolemy.util.test.junit.AutoTests" name="[38] /home/travis/build/icyphy/ptII/ptolemy/domains/de/test/auto/Modal3.xml (RunModel)" time="0.022" />
  <testcase classname="ptolemy.util.test.junit.AutoTests" name="[39] /home/travis/build/icyphy/ptII/ptolemy/domains/de/test/auto/Modal4.xml (RunModel)" time="0.026" />
  <testcase classname="ptolemy.util.test.junit.AutoTests" name="[40] /home/travis/build/icyphy/ptII/ptolemy/domains/de/test/auto/Modal5.xml (RunModel)" time="0.024" />
  <testcase classname="ptolemy.util.test.junit.AutoTests" name="[41] /home/travis/build/icyphy/ptII/ptolemy/domains/de/test/auto/Modal6.xml (RunModel)" time="0.021" />
  <testcase classname="ptolemy.util.test.junit.AutoTests" name="[42] /home/travis/build/icyphy/ptII/ptolemy/domains/de/test/auto/Modal7.xml (RunModel)" time="0.022" />
  <testcase classname="ptolemy.util.test.junit.AutoTests" name="[43] /home/travis/build/icyphy/ptII/ptolemy/domains/de/test/auto/ModalModel.xml (RunModel)" time="0.131" />
  <testcase classname="ptolemy.util.test.junit.AutoTests" name="[44] /home/travis/build/icyphy/ptII/ptolemy/domains/de/test/auto/ModalSource.xml (RunModel)" time="0.014" />
  <testcase classname="ptolemy.util.test.junit.AutoTests" name="[45] /home/travis/build/icyphy/ptII/ptolemy/domains/de/test/auto/NonInterruptibleTimerZeroDelay.xml (RunModel)" time="0.008" />
  <testcase classname="ptolemy.util.test.junit.AutoTests" name="[46] /home/travis/build/icyphy/ptII/ptolemy/domains/de/test/auto/OpenQueueingNetwork.xml (RunModel)" time="1.847" />
  <testcase classname="ptolemy.util.test.junit.AutoTests" name="[47] /home/travis/build/icyphy/ptII/ptolemy/domains/de/test/auto/OpenQueuingNetwork.xml (RunModel)" time="0.227" />
  <testcase classname="ptolemy.util.test.junit.AutoTests" name="[48] /home/travis/build/icyphy/ptII/ptolemy/domains/de/test/auto/PeriodicSampler.xml (RunModel)" time="0.015" />
  <testcase classname="ptolemy.util.test.junit.AutoTests" name="[49] /home/travis/build/icyphy/ptII/ptolemy/domains/de/test/auto/PersistentIO.xml (RunModel)" time="0.022" />
  <testcase classname="ptolemy.util.test.junit.AutoTests" name="[50] /home/travis/build/icyphy/ptII/ptolemy/domains/de/test/auto/PortParameterResetOnInitialize.xml (RunModel)" time="0.01" />
  <testcase classname="ptolemy.util.test.junit.AutoTests" name="[51] /home/travis/build/icyphy/ptII/ptolemy/domains/de/test/auto/PortParameterUpdates.xml (RunModel)" time="0.014" />
  <testcase classname="ptolemy.util.test.junit.AutoTests" name="[52] /home/travis/build/icyphy/ptII/ptolemy/domains/de/test/auto/QueueAndServer.xml (RunModel)" time="0.019" />
  <testcase classname="ptolemy.util.test.junit.AutoTests" name="[53] /home/travis/build/icyphy/ptII/ptolemy/domains/de/test/auto/Records.xml (RunModel)" time="0.015" />
  <testcase classname="ptolemy.util.test.junit.AutoTests" name="[54] /home/travis/build/icyphy/ptII/ptolemy/domains/de/test/auto/ResetTransitionWithStartTime1.xml (RunModel)" time="0.019" />
  <testcase classname="ptolemy.util.test.junit.AutoTests" name="[55] /home/travis/build/icyphy/ptII/ptolemy/domains/de/test/auto/ResetTransitionWithStartTime2.xml (RunModel)" time="0.019" />
  <testcase classname="ptolemy.util.test.junit.AutoTests" name="[56] /home/travis/build/icyphy/ptII/ptolemy/domains/de/test/auto/ResetTransitionWithStartTime3.xml (RunModel)" time="0.018" />
  <testcase classname="ptolemy.util.test.junit.AutoTests" name="[57] /home/travis/build/icyphy/ptII/ptolemy/domains/de/test/auto/ResetTransitionWithStartTime4.xml (RunModel)" time="0.018" />
  <testcase classname="ptolemy.util.test.junit.AutoTests" name="[58] /home/travis/build/icyphy/ptII/ptolemy/domains/de/test/auto/ResettableTimer1.xml (RunModel)" time="0.01" />
  <testcase classname="ptolemy.util.test.junit.AutoTests" name="[59] /home/travis/build/icyphy/ptII/ptolemy/domains/de/test/auto/ResettableTimer2.xml (RunModel)" time="0.01" />
  <testcase classname="ptolemy.util.test.junit.AutoTests" name="[60] /home/travis/build/icyphy/ptII/ptolemy/domains/de/test/auto/ResettableTimer3.xml (RunModel)" time="0.009" />
  <testcase classname="ptolemy.util.test.junit.AutoTests" name="[61] /home/travis/build/icyphy/ptII/ptolemy/domains/de/test/auto/ResettableTimer4.xml (RunModel)" time="0.01" />
  <testcase classname="ptolemy.util.test.junit.AutoTests" name="[62] /home/travis/build/icyphy/ptII/ptolemy/domains/de/test/auto/ResettableTimer5.xml (RunModel)" time="0.011" />
  <testcase classname="ptolemy.util.test.junit.AutoTests" name="[63] /home/travis/build/icyphy/ptII/ptolemy/domains/de/test/auto/ResettableTimer6.xml (RunModel)" time="0.01" />
  <testcase classname="ptolemy.util.test.junit.AutoTests" name="[64] /home/travis/build/icyphy/ptII/ptolemy/domains/de/test/auto/ServerZeroDelay.xml (RunModel)" time="0.01" />
  <testcase classname="ptolemy.util.test.junit.AutoTests" name="[65] /home/travis/build/icyphy/ptII/ptolemy/domains/de/test/auto/SmartSender.xml (RunModel)" time="3.01" />
  <testcase classname="ptolemy.util.test.junit.AutoTests" name="[66] /home/travis/build/icyphy/ptII/ptolemy/domains/de/test/auto/ThreadedComposite.xml (RunModel)" time="0.246" />
  <testcase classname="ptolemy.util.test.junit.AutoTests" name="[67] /home/travis/build/icyphy/ptII/ptolemy/domains/de/test/auto/Time.xml (RunModel)" time="0.464" />
  <testcase classname="ptolemy.util.test.junit.AutoTests" name="[68] /home/travis/build/icyphy/ptII/ptolemy/domains/de/test/auto/TimeDelayZeroDelay.xml (RunModel)" time="0.016" />
  <testcase classname="ptolemy.util.test.junit.AutoTests" name="[69] /home/travis/build/icyphy/ptII/ptolemy/domains/de/test/auto/TimerZeroDelay.xml (RunModel)" time="0.012" />
  <testcase classname="ptolemy.util.test.junit.AutoTests" name="[70] /home/travis/build/icyphy/ptII/ptolemy/domains/de/test/auto/TimingParadox.xml (RunModel)" time="0.382" />
  <testcase classname="ptolemy.util.test.junit.AutoTests" name="[71] /home/travis/build/icyphy/ptII/ptolemy/domains/de/test/auto/TransferInputs.xml (RunModel)" time="0.013" />
  <testcase classname="ptolemy.util.test.junit.AutoTests" name="[72] /home/travis/build/icyphy/ptII/ptolemy/domains/de/test/auto/TransferOutputs2.xml (RunModel)" time="0.015" />
  <testcase classname="ptolemy.util.test.junit.AutoTests" name="[73] /home/travis/build/icyphy/ptII/ptolemy/domains/de/test/auto/Trilateration.xml (RunModel)" time="11.434" />
  <testcase classname="ptolemy.util.test.junit.AutoTests" name="[74] /home/travis/build/icyphy/ptII/ptolemy/domains/de/test/auto/TwoSigmaDelta.xml (RunModel)" time="2.11" />
  <testcase classname="ptolemy.util.test.junit.AutoTests" name="[75] /home/travis/build/icyphy/ptII/ptolemy/domains/de/test/auto/VariableDelay.xml (RunModel)" time="0.024" />
  <testcase classname="ptolemy.util.test.junit.AutoTests" name="[76] /home/travis/build/icyphy/ptII/ptolemy/domains/de/test/auto/VariableDelay2.xml (RunModel)" time="0.009" />
  <testcase classname="ptolemy.util.test.junit.AutoTests" name="[77] /home/travis/build/icyphy/ptII/ptolemy/domains/de/test/auto/VariableDelayZeroDelay.xml (RunModel)" time="0.012" />
  <testcase classname="ptolemy.util.test.junit.AutoTests" name="[78] /home/travis/build/icyphy/ptII/ptolemy/domains/de/test/auto/VariableDelayZeroDelay2.xml (RunModel)" time="0.01" />
  <testcase classname="ptolemy.util.test.junit.AutoTests" name="[79] /home/travis/build/icyphy/ptII/ptolemy/domains/de/test/auto/deInCt.xml (RunModel)" time="0.018" />
  <testcase classname="ptolemy.util.test.junit.AutoTests" name="[80] /home/travis/build/icyphy/ptII/ptolemy/domains/de/test/auto/deInCt2.xml (RunModel)" time="0.015" />
  <testcase classname="ptolemy.util.test.junit.AutoTests" name="[81] /home/travis/build/icyphy/ptII/ptolemy/domains/de/test/auto/dynamicCausalityInterface1.xml (RunModel)" time="0.022" />
  <testcase classname="ptolemy.util.test.junit.AutoTests" name="[82] /home/travis/build/icyphy/ptII/ptolemy/domains/de/test/auto/fsm_de_test.xml (RunModel)" time="0.023" />
  <testcase classname="ptolemy.util.test.junit.AutoTests" name="[83] /home/travis/build/icyphy/ptII/ptolemy/domains/de/test/auto/functionDependencyReconstruction.xml (RunModel)" time="0.033" />
  <testcase classname="ptolemy.util.test.junit.AutoTests" name="[84] /home/travis/build/icyphy/ptII/ptolemy/domains/de/test/auto/multirate.xml (RunModel)" time="0.016" />
  <testcase classname="ptolemy.util.test.junit.AutoTests" name="[85] /home/travis/build/icyphy/ptII/ptolemy/domains/de/test/auto/multirate2.xml (RunModel)" time="0.014" />
  <testcase classname="ptolemy.util.test.junit.AutoTests" name="[86] /home/travis/build/icyphy/ptII/ptolemy/domains/de/test/auto/realtime.xml (RunModel)" time="10.011" />
  <testcase classname="ptolemy.util.test.junit.AutoTests" name="[87] /home/travis/build/icyphy/ptII/ptolemy/domains/de/test/auto/relationGroup.xml (RunModel)" time="0.006" />
  <testcase classname="ptolemy.util.test.junit.AutoTests" name="[88] /home/travis/build/icyphy/ptII/ptolemy/domains/de/test/auto/relationGroup2.xml (RunModel)" time="0.006" />
  <testcase classname="ptolemy.util.test.junit.AutoTests" name="[89] /home/travis/build/icyphy/ptII/ptolemy/domains/de/test/auto/sortWithOpaquePorts.xml (RunModel)" time="0.007" />
  <testcase classname="ptolemy.util.test.junit.AutoTests" name="[90] /home/travis/build/icyphy/ptII/ptolemy/domains/de/test/auto/transferInputsandOutputs.xml (RunModel)" time="0.022" />
  <testcase classname="ptolemy.util.test.junit.AutoTests" name="[91] /home/travis/build/icyphy/ptII/ptolemy/domains/de/test/auto/triggerType.xml (RunModel)" time="0.006" />
  <system-out><![CDATA[/home/travis/build/icyphy/ptII/ptolemy/domains/de/test/DependencyLoop.tcl
testDefs.tcl: setting time out to 9000 seconds at Fri Jun 22 01:25:11 UTC 2018
16 ms. Memory: 116224K Free: 93484K (80%)
6 ms. Memory: 146944K Free: 135498K (92%)
/home/travis/build/icyphy/ptII/ptolemy/domains/de/test/RunDETestsAsQSS.tcl
Run the DE tests using ptolemy.domains.qss.test.QSSDirectorTest, which extends QSSDirector and prints a message in the constructors.
------------------ testing $PTII/ptolemy/domains/de/test/auto/knownFailedTests/dependencyLoop.xml (Known Failure) 
5 ms. Memory: 146944K Free: 132386K (90%)


==== $PTIIhome/travis/build/icyphy/ptII/ptolemy/domains/de/test/../../../../: Auto Automatic test in file $PTII/ptolemy/domains/de/test/auto/knownFailedTests/dependencyLoop.xml
==== Contents of test case:

	    # FIXME: we should use $relativeFilename here, but it
	    # might have backslashes under Windows, which causes no end
	    # of trouble.
	    createAndExecute $file
	    list {}
	
.... Test generated KNOWN error:
    while executing
ptolemy.kernel.util.IllegalActionException: Found a zero delay loop containing .dependencyLoop.original
  in .dependencyLoop and .dependencyLoop.original
	at ptolemy.actor.util.CausalityInterfaceForComposites._computeOutputPortDepth(CausalityInterfaceForComposites.java:759)
	at ptolemy.actor.util.CausalityInterfaceForComposites._computeInputDepth(CausalityInterfaceForComposites.java:696)
	at ptolemy.actor.util.CausalityInterfaceForComposites._computeOutputPortDepth(CausalityInterfaceForComposites.java:765)
	at ptolemy.actor.util.CausalityInterfaceForComposites._computeInputDepth(CausalityInterfaceForComposites.java:696)
	at ptolemy.actor.util.CausalityInterfaceForComposites._computeOutputPortDepth(CausalityInterfaceForComposites.java:765)
	at ptolemy.actor.util.CausalityInterfaceForComposites._computeInputDepth(CausalityInterfaceForComposites.java:696)
	at ptolemy.actor.util.CausalityInterfaceForComposites._computeActorDepth(CausalityInterfaceForComposites.java:532)
	at ptolemy.actor.util.CausalityInterfaceForComposites.checkForCycles(CausalityInterfaceForComposites.java:96)
	at ptolemy.domains.de.kernel.DEDirector.preinitialize(DEDirector.java:1338)
	at ptolemy.actor.CompositeActor.preinitialize(CompositeActor.java:1828)
	at ptolemy.actor.Manager.preinitializeAndResolveTypes(Manager.java:1040)
	at ptolemy.actor.Manager.initialize(Manager.java:710)
	at ptolemy.actor.Manager.execute(Manager.java:356)
	at ptolemy.actor.Manager.run(Manager.java:1263)
	at ptolemy.actor.Manager$PtolemyRunThread.run(Manager.java:1915)

    while executing
ptolemy.kernel.util.IllegalActionException: Found a zero delay loop containing .dependencyLoop.original
  in .dependencyLoop and .dependencyLoop.original
    while executing
"java::new ptolemy.moml.MoMLSimpleApplication $file
"
    (procedure "createAndExecute" line 2)
    invoked from within
"createAndExecute $file"
    ("uplevel" body line 5)
    invoked from within
"uplevel $contents_of_test"
------------------ testing $PTII/ptolemy/domains/de/test/auto/knownFailedTests/DESDFClockTest.xml (Known Failure) 
2058 ms. Memory: 146944K Free: 116655K (79%)


==== $PTIIhome/travis/build/icyphy/ptII/ptolemy/domains/de/test/../../../../: Auto Automatic test in file $PTII/ptolemy/domains/de/test/auto/knownFailedTests/DESDFClockTest.xml
==== Contents of test case:

	    # FIXME: we should use $relativeFilename here, but it
	    # might have backslashes under Windows, which causes no end
	    # of trouble.
	    createAndExecute $file
	    list {}
	
.... Test generated KNOWN error:
    while executing
ptolemy.kernel.util.IllegalActionException: Actor is not ready to fire.  Perhaps UpSample.prefire() returned false? Try debugging the actor by selecting "Listen to Actor".  Also, for SDF check moml for tokenConsumptionRate on input.
  in .DESDFClockTest.Play Bell.Copy1:SDF Director and .DESDFClockTest.Play Bell.UpSample
	at ptolemy.actor.sched.StaticSchedulingDirector.fire(StaticSchedulingDirector.java:227)
	at ptolemy.domains.sdf.kernel.SDFDirector.fire(SDFDirector.java:500)
	at ptolemy.actor.CompositeActor.fire(CompositeActor.java:455)
	at ptolemy.domains.de.kernel.DEDirector._fire(DEDirector.java:1949)
	at ptolemy.domains.de.kernel.DEDirector.fire(DEDirector.java:502)
	at ptolemy.actor.CompositeActor.fire(CompositeActor.java:455)
	at ptolemy.actor.Manager.iterate(Manager.java:851)
	at ptolemy.actor.Manager.execute(Manager.java:369)
	at ptolemy.actor.Manager.run(Manager.java:1263)
	at ptolemy.actor.Manager$PtolemyRunThread.run(Manager.java:1915)

    while executing
ptolemy.kernel.util.IllegalActionException: Actor is not ready to fire.  Perhaps UpSample.prefire() returned false? Try debugging the actor by selecting "Listen to Actor".  Also, for SDF check moml for tokenConsumptionRate on input.
  in .DESDFClockTest.Play Bell.Copy1:SDF Director and .DESDFClockTest.Play Bell.UpSample
    while executing
"java::new ptolemy.moml.MoMLSimpleApplication $file
"
    (procedure "createAndExecute" line 2)
    invoked from within
"createAndExecute $file"
    ("uplevel" body line 5)
    invoked from within
"uplevel $contents_of_test"
------------------ testing $PTII/ptolemy/domains/de/test/auto/knownFailedTests/FSMSource.xml (Known Failure) 
26 ms. Memory: 146944K Free: 107734K (73%)
!!!! Auto was marked as failing, but now passes
------------------ testing $PTII/ptolemy/domains/de/test/auto/knownFailedTests/dependencyLoop2.xml (Known Failure) 
7 ms. Memory: 146944K Free: 105850K (72%)


==== $PTIIhome/travis/build/icyphy/ptII/ptolemy/domains/de/test/../../../../: Auto Automatic test in file $PTII/ptolemy/domains/de/test/auto/knownFailedTests/dependencyLoop2.xml
==== Contents of test case:

	    # FIXME: we should use $relativeFilename here, but it
	    # might have backslashes under Windows, which causes no end
	    # of trouble.
	    createAndExecute $file
	    list {}
	
.... Test generated KNOWN error:
    while executing
ptolemy.kernel.util.IllegalActionException: Found a zero delay loop containing .dependencyLoop2.original
  in .dependencyLoop2 and .dependencyLoop2.original
	at ptolemy.actor.util.CausalityInterfaceForComposites._computeOutputPortDepth(CausalityInterfaceForComposites.java:759)
	at ptolemy.actor.util.CausalityInterfaceForComposites._computeInputDepth(CausalityInterfaceForComposites.java:696)
	at ptolemy.actor.util.CausalityInterfaceForComposites._computeOutputPortDepth(CausalityInterfaceForComposites.java:765)
	at ptolemy.actor.util.CausalityInterfaceForComposites._computeInputDepth(CausalityInterfaceForComposites.java:696)
	at ptolemy.actor.util.CausalityInterfaceForComposites._computeOutputPortDepth(CausalityInterfaceForComposites.java:765)
	at ptolemy.actor.util.CausalityInterfaceForComposites._computeInputDepth(CausalityInterfaceForComposites.java:696)
	at ptolemy.actor.util.CausalityInterfaceForComposites._computeActorDepth(CausalityInterfaceForComposites.java:532)
	at ptolemy.actor.util.CausalityInterfaceForComposites.checkForCycles(CausalityInterfaceForComposites.java:96)
	at ptolemy.domains.de.kernel.DEDirector.preinitialize(DEDirector.java:1338)
	at ptolemy.actor.CompositeActor.preinitialize(CompositeActor.java:1828)
	at ptolemy.actor.Manager.preinitializeAndResolveTypes(Manager.java:1040)
	at ptolemy.actor.Manager.initialize(Manager.java:710)
	at ptolemy.actor.Manager.execute(Manager.java:356)
	at ptolemy.actor.Manager.run(Manager.java:1263)
	at ptolemy.actor.Manager$PtolemyRunThread.run(Manager.java:1915)

    while executing
ptolemy.kernel.util.IllegalActionException: Found a zero delay loop containing .dependencyLoop2.original
  in .dependencyLoop2 and .dependencyLoop2.original
    while executing
"java::new ptolemy.moml.MoMLSimpleApplication $file
"
    (procedure "createAndExecute" line 2)
    invoked from within
"createAndExecute $file"
    ("uplevel" body line 5)
    invoked from within
"uplevel $contents_of_test"
------------------ testing $PTII/ptolemy/domains/de/test/auto/knownFailedTests/HierarchicalModel.xml (Known Failure) 
6 ms. Memory: 146944K Free: 84187K (57%)


==== $PTIIhome/travis/build/icyphy/ptII/ptolemy/domains/de/test/../../../../: Auto Automatic test in file $PTII/ptolemy/domains/de/test/auto/knownFailedTests/HierarchicalModel.xml
==== Contents of test case:

	    # FIXME: we should use $relativeFilename here, but it
	    # might have backslashes under Windows, which causes no end
	    # of trouble.
	    createAndExecute $file
	    list {}
	
.... Test generated KNOWN error:
    while executing
ptolemy.kernel.util.IllegalActionException: Found a zero delay loop containing .HierarchicalModel.A
  in .HierarchicalModel and .HierarchicalModel.A
	at ptolemy.actor.util.CausalityInterfaceForComposites._computeOutputPortDepth(CausalityInterfaceForComposites.java:759)
	at ptolemy.actor.util.CausalityInterfaceForComposites._computeInputDepth(CausalityInterfaceForComposites.java:696)
	at ptolemy.actor.util.CausalityInterfaceForComposites._computeOutputPortDepth(CausalityInterfaceForComposites.java:765)
	at ptolemy.actor.util.CausalityInterfaceForComposites._computeInputDepth(CausalityInterfaceForComposites.java:696)
	at ptolemy.actor.util.CausalityInterfaceForComposites._computeOutputPortDepth(CausalityInterfaceForComposites.java:765)
	at ptolemy.actor.util.CausalityInterfaceForComposites._computeInputDepth(CausalityInterfaceForComposites.java:696)
	at ptolemy.actor.util.CausalityInterfaceForComposites._computeActorDepth(CausalityInterfaceForComposites.java:532)
	at ptolemy.actor.util.CausalityInterfaceForComposites.checkForCycles(CausalityInterfaceForComposites.java:96)
	at ptolemy.domains.de.kernel.DEDirector.preinitialize(DEDirector.java:1338)
	at ptolemy.actor.CompositeActor.preinitialize(CompositeActor.java:1828)
	at ptolemy.actor.Manager.preinitializeAndResolveTypes(Manager.java:1040)
	at ptolemy.actor.Manager.initialize(Manager.java:710)
	at ptolemy.actor.Manager.execute(Manager.java:356)
	at ptolemy.actor.Manager.run(Manager.java:1263)
	at ptolemy.actor.Manager$PtolemyRunThread.run(Manager.java:1915)

    while executing
ptolemy.kernel.util.IllegalActionException: Found a zero delay loop containing .HierarchicalModel.A
  in .HierarchicalModel and .HierarchicalModel.A
    while executing
"java::new ptolemy.moml.MoMLSimpleApplication $file
"
    (procedure "createAndExecute" line 2)
    invoked from within
"createAndExecute $file"
    ("uplevel" body line 5)
    invoked from within
"uplevel $contents_of_test"
------------------ testing $PTII/ptolemy/domains/de/test/auto/knownFailedTests/DirectFeedback.xml (Known Failure) 
4 ms. Memory: 146944K Free: 141441K (96%)


==== $PTIIhome/travis/build/icyphy/ptII/ptolemy/domains/de/test/../../../../: Auto Automatic test in file $PTII/ptolemy/domains/de/test/auto/knownFailedTests/DirectFeedback.xml
==== Contents of test case:

	    # FIXME: we should use $relativeFilename here, but it
	    # might have backslashes under Windows, which causes no end
	    # of trouble.
	    createAndExecute $file
	    list {}
	
.... Test generated KNOWN error:
    while executing
ptolemy.kernel.util.IllegalActionException: Test fails in iteration 1.
Value was: 1.0. Should have been: 2.0
  in .DirectFeedback.Test
	at ptolemy.actor.lib.Test.fire(Test.java:268)
	at ptolemy.domains.de.kernel.DEDirector._fire(DEDirector.java:1949)
	at ptolemy.domains.de.kernel.DEDirector.fire(DEDirector.java:502)
	at ptolemy.actor.CompositeActor.fire(CompositeActor.java:455)
	at ptolemy.actor.Manager.iterate(Manager.java:851)
	at ptolemy.actor.Manager.execute(Manager.java:369)
	at ptolemy.actor.Manager.run(Manager.java:1263)
	at ptolemy.actor.Manager$PtolemyRunThread.run(Manager.java:1915)

    while executing
ptolemy.kernel.util.IllegalActionException: Test fails in iteration 1.
Value was: 1.0. Should have been: 2.0
  in .DirectFeedback.Test
    while executing
"java::new ptolemy.moml.MoMLSimpleApplication $file
"
    (procedure "createAndExecute" line 2)
    invoked from within
"createAndExecute $file"
    ("uplevel" body line 5)
    invoked from within
"uplevel $contents_of_test"
------------------ testing $PTII/ptolemy/domains/de/test/auto/ActorDepthCalculation_actorWithoutPorts.xml
auto.tcl: Setting watchdog for 200 seconds at Fri Jun 22 01:25:15 UTC 2018
4 ms. Memory: 146944K Free: 132526K (90%)
ptolemy.util.test.WatchDog.cancel(): canceling Fri Jun 22 01:25:15 UTC 2018
auto.tcl: Setting watchdog for 200 seconds at Fri Jun 22 01:25:15 UTC 2018
6 ms. Memory: 146944K Free: 131494K (89%)
ptolemy.util.test.WatchDog.cancel(): canceling Fri Jun 22 01:25:15 UTC 2018
------------------ testing $PTII/ptolemy/domains/de/test/auto/AssemblyLine.xml
auto.tcl: Setting watchdog for 200 seconds at Fri Jun 22 01:25:15 UTC 2018
22 ms. Memory: 208384K Free: 182879K (88%)
ptolemy.util.test.WatchDog.cancel(): canceling Fri Jun 22 01:25:15 UTC 2018
auto.tcl: Setting watchdog for 200 seconds at Fri Jun 22 01:25:15 UTC 2018
9 ms. Memory: 208384K Free: 182879K (88%)
ptolemy.util.test.WatchDog.cancel(): canceling Fri Jun 22 01:25:15 UTC 2018
------------------ testing $PTII/ptolemy/domains/de/test/auto/CQBug1.xml
auto.tcl: Setting watchdog for 200 seconds at Fri Jun 22 01:25:15 UTC 2018
4 ms. Memory: 208384K Free: 197737K (95%)
ptolemy.util.test.WatchDog.cancel(): canceling Fri Jun 22 01:25:15 UTC 2018
auto.tcl: Setting watchdog for 200 seconds at Fri Jun 22 01:25:15 UTC 2018
3 ms. Memory: 208384K Free: 197737K (95%)
ptolemy.util.test.WatchDog.cancel(): canceling Fri Jun 22 01:25:15 UTC 2018
------------------ testing $PTII/ptolemy/domains/de/test/auto/CancelFireAt.xml
auto.tcl: Setting watchdog for 200 seconds at Fri Jun 22 01:25:16 UTC 2018
5 ms. Memory: 208384K Free: 201449K (97%)
ptolemy.util.test.WatchDog.cancel(): canceling Fri Jun 22 01:25:16 UTC 2018
auto.tcl: Setting watchdog for 200 seconds at Fri Jun 22 01:25:16 UTC 2018
3 ms. Memory: 208384K Free: 199020K (96%)
ptolemy.util.test.WatchDog.cancel(): canceling Fri Jun 22 01:25:16 UTC 2018
------------------ testing $PTII/ptolemy/domains/de/test/auto/CausalityAndComposabilityAnalysis.xml
auto.tcl: Setting watchdog for 200 seconds at Fri Jun 22 01:25:16 UTC 2018
14 ms. Memory: 208384K Free: 196525K (94%)
ptolemy.util.test.WatchDog.cancel(): canceling Fri Jun 22 01:25:16 UTC 2018
auto.tcl: Setting watchdog for 200 seconds at Fri Jun 22 01:25:16 UTC 2018
7 ms. Memory: 208384K Free: 196525K (94%)
ptolemy.util.test.WatchDog.cancel(): canceling Fri Jun 22 01:25:16 UTC 2018
------------------ testing $PTII/ptolemy/domains/de/test/auto/CausalityInterface1.xml
auto.tcl: Setting watchdog for 200 seconds at Fri Jun 22 01:25:16 UTC 2018
10 ms. Memory: 208384K Free: 196462K (94%)
ptolemy.util.test.WatchDog.cancel(): canceling Fri Jun 22 01:25:16 UTC 2018
auto.tcl: Setting watchdog for 200 seconds at Fri Jun 22 01:25:16 UTC 2018
9 ms. Memory: 208384K Free: 196462K (94%)
ptolemy.util.test.WatchDog.cancel(): canceling Fri Jun 22 01:25:16 UTC 2018
------------------ testing $PTII/ptolemy/domains/de/test/auto/CausalityInterface15.xml
auto.tcl: Setting watchdog for 200 seconds at Fri Jun 22 01:25:16 UTC 2018
24 ms. Memory: 208384K Free: 196453K (94%)
ptolemy.util.test.WatchDog.cancel(): canceling Fri Jun 22 01:25:16 UTC 2018
auto.tcl: Setting watchdog for 200 seconds at Fri Jun 22 01:25:16 UTC 2018
3 ms. Memory: 208384K Free: 196453K (94%)
ptolemy.util.test.WatchDog.cancel(): canceling Fri Jun 22 01:25:16 UTC 2018
------------------ testing $PTII/ptolemy/domains/de/test/auto/CausalityInterface2.xml
auto.tcl: Setting watchdog for 200 seconds at Fri Jun 22 01:25:16 UTC 2018
9 ms. Memory: 208384K Free: 196436K (94%)
ptolemy.util.test.WatchDog.cancel(): canceling Fri Jun 22 01:25:16 UTC 2018
auto.tcl: Setting watchdog for 200 seconds at Fri Jun 22 01:25:16 UTC 2018
6 ms. Memory: 208384K Free: 196436K (94%)
ptolemy.util.test.WatchDog.cancel(): canceling Fri Jun 22 01:25:16 UTC 2018
------------------ testing $PTII/ptolemy/domains/de/test/auto/CausalityInterface3.xml
auto.tcl: Setting watchdog for 200 seconds at Fri Jun 22 01:25:16 UTC 2018
6 ms. Memory: 208384K Free: 196449K (94%)
ptolemy.util.test.WatchDog.cancel(): canceling Fri Jun 22 01:25:16 UTC 2018
auto.tcl: Setting watchdog for 200 seconds at Fri Jun 22 01:25:16 UTC 2018
7 ms. Memory: 208384K Free: 196449K (94%)
ptolemy.util.test.WatchDog.cancel(): canceling Fri Jun 22 01:25:16 UTC 2018
------------------ testing $PTII/ptolemy/domains/de/test/auto/ClockDrift.xml
auto.tcl: Setting watchdog for 200 seconds at Fri Jun 22 01:25:16 UTC 2018
98 ms. Memory: 208384K Free: 187704K (90%)
ptolemy.util.test.WatchDog.cancel(): canceling Fri Jun 22 01:25:16 UTC 2018
auto.tcl: Setting watchdog for 200 seconds at Fri Jun 22 01:25:16 UTC 2018
78 ms. Memory: 208384K Free: 185612K (89%)
ptolemy.util.test.WatchDog.cancel(): canceling Fri Jun 22 01:25:16 UTC 2018
------------------ testing $PTII/ptolemy/domains/de/test/auto/ClockDriftAndValueChange.xml
auto.tcl: Setting watchdog for 200 seconds at Fri Jun 22 01:25:17 UTC 2018
53 ms. Memory: 208384K Free: 187536K (90%)
ptolemy.util.test.WatchDog.cancel(): canceling Fri Jun 22 01:25:17 UTC 2018
auto.tcl: Setting watchdog for 200 seconds at Fri Jun 22 01:25:17 UTC 2018
49 ms. Memory: 208384K Free: 185444K (89%)
ptolemy.util.test.WatchDog.cancel(): canceling Fri Jun 22 01:25:17 UTC 2018
------------------ testing $PTII/ptolemy/domains/de/test/auto/ClockDriftChange.xml
auto.tcl: Setting watchdog for 200 seconds at Fri Jun 22 01:25:17 UTC 2018
43 ms. Memory: 208384K Free: 190599K (91%)
ptolemy.util.test.WatchDog.cancel(): canceling Fri Jun 22 01:25:17 UTC 2018
auto.tcl: Setting watchdog for 200 seconds at Fri Jun 22 01:25:17 UTC 2018
26 ms. Memory: 208384K Free: 188507K (90%)
ptolemy.util.test.WatchDog.cancel(): canceling Fri Jun 22 01:25:17 UTC 2018
------------------ testing $PTII/ptolemy/domains/de/test/auto/ComposableCausalityAnalysis.xml
auto.tcl: Setting watchdog for 200 seconds at Fri Jun 22 01:25:17 UTC 2018
3 ms. Memory: 208384K Free: 196050K (94%)
ptolemy.util.test.WatchDog.cancel(): canceling Fri Jun 22 01:25:17 UTC 2018
auto.tcl: Setting watchdog for 200 seconds at Fri Jun 22 01:25:17 UTC 2018
3 ms. Memory: 208384K Free: 193958K (93%)
ptolemy.util.test.WatchDog.cancel(): canceling Fri Jun 22 01:25:17 UTC 2018
------------------ testing $PTII/ptolemy/domains/de/test/auto/DEFixedPointLimitation.xml
auto.tcl: Setting watchdog for 200 seconds at Fri Jun 22 01:25:17 UTC 2018
2 ms. Memory: 208384K Free: 196130K (94%)
ptolemy.util.test.WatchDog.cancel(): canceling Fri Jun 22 01:25:17 UTC 2018
auto.tcl: Setting watchdog for 200 seconds at Fri Jun 22 01:25:17 UTC 2018
5 ms. Memory: 208384K Free: 196130K (94%)
ptolemy.util.test.WatchDog.cancel(): canceling Fri Jun 22 01:25:17 UTC 2018
------------------ testing $PTII/ptolemy/domains/de/test/auto/DEScheduleTest.xml
auto.tcl: Setting watchdog for 200 seconds at Fri Jun 22 01:25:17 UTC 2018
5 ms. Memory: 208384K Free: 198258K (95%)
ptolemy.util.test.WatchDog.cancel(): canceling Fri Jun 22 01:25:17 UTC 2018
auto.tcl: Setting watchdog for 200 seconds at Fri Jun 22 01:25:17 UTC 2018
9 ms. Memory: 208384K Free: 196166K (94%)
ptolemy.util.test.WatchDog.cancel(): canceling Fri Jun 22 01:25:17 UTC 2018
------------------ testing $PTII/ptolemy/domains/de/test/auto/DEinDEwithStartTimes.xml
auto.tcl: Setting watchdog for 200 seconds at Fri Jun 22 01:25:17 UTC 2018
6 ms. Memory: 208384K Free: 196136K (94%)
ptolemy.util.test.WatchDog.cancel(): canceling Fri Jun 22 01:25:17 UTC 2018
auto.tcl: Setting watchdog for 200 seconds at Fri Jun 22 01:25:17 UTC 2018
9 ms. Memory: 208384K Free: 194044K (93%)
ptolemy.util.test.WatchDog.cancel(): canceling Fri Jun 22 01:25:17 UTC 2018
------------------ testing $PTII/ptolemy/domains/de/test/auto/DEinDEwithStartTimes2.xml
auto.tcl: Setting watchdog for 200 seconds at Fri Jun 22 01:25:17 UTC 2018
9 ms. Memory: 208384K Free: 196453K (94%)
ptolemy.util.test.WatchDog.cancel(): canceling Fri Jun 22 01:25:17 UTC 2018
auto.tcl: Setting watchdog for 200 seconds at Fri Jun 22 01:25:17 UTC 2018
9 ms. Memory: 208384K Free: 194023K (93%)
ptolemy.util.test.WatchDog.cancel(): canceling Fri Jun 22 01:25:17 UTC 2018
------------------ testing $PTII/ptolemy/domains/de/test/auto/DateDemo.xml
auto.tcl: Setting watchdog for 200 seconds at Fri Jun 22 01:25:17 UTC 2018
12 ms. Memory: 208384K Free: 188577K (90%)
ptolemy.util.test.WatchDog.cancel(): canceling Fri Jun 22 01:25:18 UTC 2018
auto.tcl: Setting watchdog for 200 seconds at Fri Jun 22 01:25:18 UTC 2018
14 ms. Memory: 208384K Free: 186485K (89%)
ptolemy.util.test.WatchDog.cancel(): canceling Fri Jun 22 01:25:18 UTC 2018
------------------ testing $PTII/ptolemy/domains/de/test/auto/DateToEvent.xml
auto.tcl: Setting watchdog for 200 seconds at Fri Jun 22 01:25:18 UTC 2018
2016 ms. Memory: 208384K Free: 183323K (88%)
ptolemy.util.test.WatchDog.cancel(): canceling Fri Jun 22 01:25:20 UTC 2018
auto.tcl: Setting watchdog for 200 seconds at Fri Jun 22 01:25:20 UTC 2018
2007 ms. Memory: 208384K Free: 183323K (88%)
ptolemy.util.test.WatchDog.cancel(): canceling Fri Jun 22 01:25:22 UTC 2018
------------------ testing $PTII/ptolemy/domains/de/test/auto/DepthTest1.xml
auto.tcl: Setting watchdog for 200 seconds at Fri Jun 22 01:25:22 UTC 2018
8 ms. Memory: 208384K Free: 195665K (94%)
ptolemy.util.test.WatchDog.cancel(): canceling Fri Jun 22 01:25:22 UTC 2018
auto.tcl: Setting watchdog for 200 seconds at Fri Jun 22 01:25:22 UTC 2018
1 ms. Memory: 208384K Free: 195665K (94%)
ptolemy.util.test.WatchDog.cancel(): canceling Fri Jun 22 01:25:22 UTC 2018
------------------ testing $PTII/ptolemy/domains/de/test/auto/DepthTest2.xml
auto.tcl: Setting watchdog for 200 seconds at Fri Jun 22 01:25:22 UTC 2018
3 ms. Memory: 208384K Free: 193521K (93%)
ptolemy.util.test.WatchDog.cancel(): canceling Fri Jun 22 01:25:22 UTC 2018
auto.tcl: Setting watchdog for 200 seconds at Fri Jun 22 01:25:22 UTC 2018
7 ms. Memory: 208384K Free: 193521K (93%)
ptolemy.util.test.WatchDog.cancel(): canceling Fri Jun 22 01:25:22 UTC 2018
------------------ testing $PTII/ptolemy/domains/de/test/auto/DepthTest3.xml
auto.tcl: Setting watchdog for 200 seconds at Fri Jun 22 01:25:22 UTC 2018
3 ms. Memory: 208384K Free: 197974K (95%)
ptolemy.util.test.WatchDog.cancel(): canceling Fri Jun 22 01:25:22 UTC 2018
auto.tcl: Setting watchdog for 200 seconds at Fri Jun 22 01:25:22 UTC 2018
2 ms. Memory: 208384K Free: 197974K (95%)
ptolemy.util.test.WatchDog.cancel(): canceling Fri Jun 22 01:25:22 UTC 2018
------------------ testing $PTII/ptolemy/domains/de/test/auto/DepthTest4.xml
auto.tcl: Setting watchdog for 200 seconds at Fri Jun 22 01:25:22 UTC 2018
7 ms. Memory: 208384K Free: 195632K (94%)
ptolemy.util.test.WatchDog.cancel(): canceling Fri Jun 22 01:25:22 UTC 2018
auto.tcl: Setting watchdog for 200 seconds at Fri Jun 22 01:25:22 UTC 2018
3 ms. Memory: 208384K Free: 195632K (94%)
ptolemy.util.test.WatchDog.cancel(): canceling Fri Jun 22 01:25:22 UTC 2018
------------------ testing $PTII/ptolemy/domains/de/test/auto/DepthTest5.xml
auto.tcl: Setting watchdog for 200 seconds at Fri Jun 22 01:25:22 UTC 2018
5 ms. Memory: 208384K Free: 195917K (94%)
ptolemy.util.test.WatchDog.cancel(): canceling Fri Jun 22 01:25:22 UTC 2018
auto.tcl: Setting watchdog for 200 seconds at Fri Jun 22 01:25:22 UTC 2018
3 ms. Memory: 208384K Free: 195917K (94%)
ptolemy.util.test.WatchDog.cancel(): canceling Fri Jun 22 01:25:22 UTC 2018
------------------ testing $PTII/ptolemy/domains/de/test/auto/DepthTest6.xml
auto.tcl: Setting watchdog for 200 seconds at Fri Jun 22 01:25:22 UTC 2018
13 ms. Memory: 208384K Free: 195885K (94%)
ptolemy.util.test.WatchDog.cancel(): canceling Fri Jun 22 01:25:22 UTC 2018
auto.tcl: Setting watchdog for 200 seconds at Fri Jun 22 01:25:22 UTC 2018
3 ms. Memory: 208384K Free: 195885K (94%)
ptolemy.util.test.WatchDog.cancel(): canceling Fri Jun 22 01:25:22 UTC 2018
------------------ testing $PTII/ptolemy/domains/de/test/auto/DepthTest7.xml
auto.tcl: Setting watchdog for 200 seconds at Fri Jun 22 01:25:22 UTC 2018
3 ms. Memory: 208384K Free: 195537K (94%)
ptolemy.util.test.WatchDog.cancel(): canceling Fri Jun 22 01:25:22 UTC 2018
auto.tcl: Setting watchdog for 200 seconds at Fri Jun 22 01:25:22 UTC 2018
2 ms. Memory: 208384K Free: 195537K (94%)
ptolemy.util.test.WatchDog.cancel(): canceling Fri Jun 22 01:25:22 UTC 2018
------------------ testing $PTII/ptolemy/domains/de/test/auto/EventToDate.xml
auto.tcl: Setting watchdog for 200 seconds at Fri Jun 22 01:25:22 UTC 2018
3010 ms. Memory: 208384K Free: 185097K (89%)
ptolemy.util.test.WatchDog.cancel(): canceling Fri Jun 22 01:25:25 UTC 2018
auto.tcl: Setting watchdog for 200 seconds at Fri Jun 22 01:25:25 UTC 2018
3004 ms. Memory: 208384K Free: 185097K (89%)
ptolemy.util.test.WatchDog.cancel(): canceling Fri Jun 22 01:25:29 UTC 2018
------------------ testing $PTII/ptolemy/domains/de/test/auto/FSM1.xml
auto.tcl: Setting watchdog for 200 seconds at Fri Jun 22 01:25:29 UTC 2018
21 ms. Memory: 208384K Free: 188604K (91%)
ptolemy.util.test.WatchDog.cancel(): canceling Fri Jun 22 01:25:29 UTC 2018
auto.tcl: Setting watchdog for 200 seconds at Fri Jun 22 01:25:29 UTC 2018
15 ms. Memory: 208384K Free: 184420K (89%)
ptolemy.util.test.WatchDog.cancel(): canceling Fri Jun 22 01:25:29 UTC 2018
------------------ testing $PTII/ptolemy/domains/de/test/auto/FSM7.xml
auto.tcl: Setting watchdog for 200 seconds at Fri Jun 22 01:25:29 UTC 2018
22 ms. Memory: 208384K Free: 186715K (90%)
ptolemy.util.test.WatchDog.cancel(): canceling Fri Jun 22 01:25:29 UTC 2018
auto.tcl: Setting watchdog for 200 seconds at Fri Jun 22 01:25:29 UTC 2018
15 ms. Memory: 208384K Free: 184623K (89%)
ptolemy.util.test.WatchDog.cancel(): canceling Fri Jun 22 01:25:29 UTC 2018
------------------ testing $PTII/ptolemy/domains/de/test/auto/Inspection.xml
auto.tcl: Setting watchdog for 200 seconds at Fri Jun 22 01:25:29 UTC 2018
42 ms. Memory: 208384K Free: 188268K (90%)
ptolemy.util.test.WatchDog.cancel(): canceling Fri Jun 22 01:25:29 UTC 2018
auto.tcl: Setting watchdog for 200 seconds at Fri Jun 22 01:25:29 UTC 2018
41 ms. Memory: 208384K Free: 186176K (89%)
ptolemy.util.test.WatchDog.cancel(): canceling Fri Jun 22 01:25:29 UTC 2018
------------------ testing $PTII/ptolemy/domains/de/test/auto/Iteration.xml
auto.tcl: Setting watchdog for 200 seconds at Fri Jun 22 01:25:29 UTC 2018
9 ms. Memory: 208384K Free: 195344K (94%)
ptolemy.util.test.WatchDog.cancel(): canceling Fri Jun 22 01:25:29 UTC 2018
auto.tcl: Setting watchdog for 200 seconds at Fri Jun 22 01:25:29 UTC 2018
7 ms. Memory: 208384K Free: 193252K (93%)
ptolemy.util.test.WatchDog.cancel(): canceling Fri Jun 22 01:25:29 UTC 2018
------------------ testing $PTII/ptolemy/domains/de/test/auto/LineFault.xml
auto.tcl: Setting watchdog for 200 seconds at Fri Jun 22 01:25:29 UTC 2018
752 ms. Memory: 208384K Free: 195547K (94%)
ptolemy.util.test.WatchDog.cancel(): canceling Fri Jun 22 01:25:30 UTC 2018
auto.tcl: Setting watchdog for 200 seconds at Fri Jun 22 01:25:30 UTC 2018
578 ms. Memory: 208384K Free: 138400K (66%)
ptolemy.util.test.WatchDog.cancel(): canceling Fri Jun 22 01:25:31 UTC 2018
------------------ testing $PTII/ptolemy/domains/de/test/auto/MergeModel1Add.xml
auto.tcl: Setting watchdog for 200 seconds at Fri Jun 22 01:25:31 UTC 2018
29 ms. Memory: 331264K Free: 298104K (90%)
ptolemy.util.test.WatchDog.cancel(): canceling Fri Jun 22 01:25:31 UTC 2018
auto.tcl: Setting watchdog for 200 seconds at Fri Jun 22 01:25:31 UTC 2018
14 ms. Memory: 331264K Free: 298104K (90%)
ptolemy.util.test.WatchDog.cancel(): canceling Fri Jun 22 01:25:31 UTC 2018
------------------ testing $PTII/ptolemy/domains/de/test/auto/MergeModel2Add.xml
auto.tcl: Setting watchdog for 200 seconds at Fri Jun 22 01:25:31 UTC 2018
11 ms. Memory: 331264K Free: 303402K (92%)
ptolemy.util.test.WatchDog.cancel(): canceling Fri Jun 22 01:25:31 UTC 2018
auto.tcl: Setting watchdog for 200 seconds at Fri Jun 22 01:25:31 UTC 2018
12 ms. Memory: 331264K Free: 299457K (90%)
ptolemy.util.test.WatchDog.cancel(): canceling Fri Jun 22 01:25:31 UTC 2018
------------------ testing $PTII/ptolemy/domains/de/test/auto/MergeModel3Add.xml
auto.tcl: Setting watchdog for 200 seconds at Fri Jun 22 01:25:31 UTC 2018
10 ms. Memory: 331264K Free: 303404K (92%)
ptolemy.util.test.WatchDog.cancel(): canceling Fri Jun 22 01:25:31 UTC 2018
auto.tcl: Setting watchdog for 200 seconds at Fri Jun 22 01:25:31 UTC 2018
7 ms. Memory: 331264K Free: 299460K (90%)
ptolemy.util.test.WatchDog.cancel(): canceling Fri Jun 22 01:25:31 UTC 2018
------------------ testing $PTII/ptolemy/domains/de/test/auto/MergeWithoutDiscard.xml
auto.tcl: Setting watchdog for 200 seconds at Fri Jun 22 01:25:31 UTC 2018
2 ms. Memory: 331264K Free: 319499K (96%)
ptolemy.util.test.WatchDog.cancel(): canceling Fri Jun 22 01:25:31 UTC 2018
auto.tcl: Setting watchdog for 200 seconds at Fri Jun 22 01:25:31 UTC 2018
2 ms. Memory: 331264K Free: 315554K (95%)
ptolemy.util.test.WatchDog.cancel(): canceling Fri Jun 22 01:25:31 UTC 2018
------------------ testing $PTII/ptolemy/domains/de/test/auto/Modal1.xml
auto.tcl: Setting watchdog for 200 seconds at Fri Jun 22 01:25:31 UTC 2018
26 ms. Memory: 331264K Free: 309164K (93%)
ptolemy.util.test.WatchDog.cancel(): canceling Fri Jun 22 01:25:31 UTC 2018
auto.tcl: Setting watchdog for 200 seconds at Fri Jun 22 01:25:31 UTC 2018
17 ms. Memory: 331264K Free: 305219K (92%)
ptolemy.util.test.WatchDog.cancel(): canceling Fri Jun 22 01:25:31 UTC 2018
------------------ testing $PTII/ptolemy/domains/de/test/auto/Modal2.xml
auto.tcl: Setting watchdog for 200 seconds at Fri Jun 22 01:25:31 UTC 2018
18 ms. Memory: 331264K Free: 304091K (92%)
ptolemy.util.test.WatchDog.cancel(): canceling Fri Jun 22 01:25:31 UTC 2018
auto.tcl: Setting watchdog for 200 seconds at Fri Jun 22 01:25:31 UTC 2018
22 ms. Memory: 331264K Free: 300146K (91%)
ptolemy.util.test.WatchDog.cancel(): canceling Fri Jun 22 01:25:32 UTC 2018
------------------ testing $PTII/ptolemy/domains/de/test/auto/Modal3.xml
auto.tcl: Setting watchdog for 200 seconds at Fri Jun 22 01:25:32 UTC 2018
14 ms. Memory: 331264K Free: 309020K (93%)
ptolemy.util.test.WatchDog.cancel(): canceling Fri Jun 22 01:25:32 UTC 2018
auto.tcl: Setting watchdog for 200 seconds at Fri Jun 22 01:25:32 UTC 2018
16 ms. Memory: 331264K Free: 305068K (92%)
ptolemy.util.test.WatchDog.cancel(): canceling Fri Jun 22 01:25:32 UTC 2018
------------------ testing $PTII/ptolemy/domains/de/test/auto/Modal4.xml
auto.tcl: Setting watchdog for 200 seconds at Fri Jun 22 01:25:32 UTC 2018
15 ms. Memory: 331264K Free: 309311K (93%)
ptolemy.util.test.WatchDog.cancel(): canceling Fri Jun 22 01:25:32 UTC 2018
auto.tcl: Setting watchdog for 200 seconds at Fri Jun 22 01:25:32 UTC 2018
29 ms. Memory: 331264K Free: 305350K (92%)
ptolemy.util.test.WatchDog.cancel(): canceling Fri Jun 22 01:25:32 UTC 2018
------------------ testing $PTII/ptolemy/domains/de/test/auto/Modal5.xml
auto.tcl: Setting watchdog for 200 seconds at Fri Jun 22 01:25:32 UTC 2018
24 ms. Memory: 331264K Free: 309015K (93%)
ptolemy.util.test.WatchDog.cancel(): canceling Fri Jun 22 01:25:32 UTC 2018
auto.tcl: Setting watchdog for 200 seconds at Fri Jun 22 01:25:32 UTC 2018
17 ms. Memory: 331264K Free: 305054K (92%)
ptolemy.util.test.WatchDog.cancel(): canceling Fri Jun 22 01:25:32 UTC 2018
------------------ testing $PTII/ptolemy/domains/de/test/auto/Modal6.xml
auto.tcl: Setting watchdog for 200 seconds at Fri Jun 22 01:25:32 UTC 2018
13 ms. Memory: 331264K Free: 309028K (93%)
ptolemy.util.test.WatchDog.cancel(): canceling Fri Jun 22 01:25:32 UTC 2018
auto.tcl: Setting watchdog for 200 seconds at Fri Jun 22 01:25:32 UTC 2018
15 ms. Memory: 331264K Free: 305076K (92%)
ptolemy.util.test.WatchDog.cancel(): canceling Fri Jun 22 01:25:32 UTC 2018
------------------ testing $PTII/ptolemy/domains/de/test/auto/Modal7.xml
auto.tcl: Setting watchdog for 200 seconds at Fri Jun 22 01:25:32 UTC 2018
21 ms. Memory: 331264K Free: 309010K (93%)
ptolemy.util.test.WatchDog.cancel(): canceling Fri Jun 22 01:25:32 UTC 2018
auto.tcl: Setting watchdog for 200 seconds at Fri Jun 22 01:25:32 UTC 2018
11 ms. Memory: 331264K Free: 305050K (92%)
ptolemy.util.test.WatchDog.cancel(): canceling Fri Jun 22 01:25:32 UTC 2018
------------------ testing $PTII/ptolemy/domains/de/test/auto/ModalModel.xml
auto.tcl: Setting watchdog for 200 seconds at Fri Jun 22 01:25:32 UTC 2018
231 ms. Memory: 331264K Free: 247806K (75%)
ptolemy.util.test.WatchDog.cancel(): canceling Fri Jun 22 01:25:32 UTC 2018
auto.tcl: Setting watchdog for 200 seconds at Fri Jun 22 01:25:32 UTC 2018
218 ms. Memory: 331264K Free: 192433K (58%)
ptolemy.util.test.WatchDog.cancel(): canceling Fri Jun 22 01:25:33 UTC 2018
------------------ testing $PTII/ptolemy/domains/de/test/auto/ModalSource.xml
auto.tcl: Setting watchdog for 200 seconds at Fri Jun 22 01:25:33 UTC 2018
6 ms. Memory: 331264K Free: 315765K (95%)
ptolemy.util.test.WatchDog.cancel(): canceling Fri Jun 22 01:25:33 UTC 2018
auto.tcl: Setting watchdog for 200 seconds at Fri Jun 22 01:25:33 UTC 2018
6 ms. Memory: 331264K Free: 312235K (94%)
ptolemy.util.test.WatchDog.cancel(): canceling Fri Jun 22 01:25:33 UTC 2018
------------------ testing $PTII/ptolemy/domains/de/test/auto/NonInterruptibleTimerZeroDelay.xml
auto.tcl: Setting watchdog for 200 seconds at Fri Jun 22 01:25:33 UTC 2018
3 ms. Memory: 331264K Free: 320150K (97%)
ptolemy.util.test.WatchDog.cancel(): canceling Fri Jun 22 01:25:33 UTC 2018
auto.tcl: Setting watchdog for 200 seconds at Fri Jun 22 01:25:33 UTC 2018
2 ms. Memory: 331264K Free: 316619K (96%)
ptolemy.util.test.WatchDog.cancel(): canceling Fri Jun 22 01:25:33 UTC 2018
------------------ testing $PTII/ptolemy/domains/de/test/auto/OpenQueueingNetwork.xml
auto.tcl: Setting watchdog for 200 seconds at Fri Jun 22 01:25:33 UTC 2018
3158 ms. Memory: 317952K Free: 167886K (53%)
ptolemy.util.test.WatchDog.cancel(): canceling Fri Jun 22 01:25:36 UTC 2018
auto.tcl: Setting watchdog for 200 seconds at Fri Jun 22 01:25:36 UTC 2018
2632 ms. Memory: 287232K Free: 248129K (86%)
ptolemy.util.test.WatchDog.cancel(): canceling Fri Jun 22 01:25:39 UTC 2018
------------------ testing $PTII/ptolemy/domains/de/test/auto/OpenQueuingNetwork.xml
auto.tcl: Setting watchdog for 200 seconds at Fri Jun 22 01:25:39 UTC 2018
287 ms. Memory: 287232K Free: 189716K (66%)
ptolemy.util.test.WatchDog.cancel(): canceling Fri Jun 22 01:25:39 UTC 2018
auto.tcl: Setting watchdog for 200 seconds at Fri Jun 22 01:25:39 UTC 2018
249 ms. Memory: 287232K Free: 128669K (45%)
ptolemy.util.test.WatchDog.cancel(): canceling Fri Jun 22 01:25:40 UTC 2018
------------------ testing $PTII/ptolemy/domains/de/test/auto/PeriodicSampler.xml
auto.tcl: Setting watchdog for 200 seconds at Fri Jun 22 01:25:40 UTC 2018
4 ms. Memory: 289792K Free: 274092K (95%)
ptolemy.util.test.WatchDog.cancel(): canceling Fri Jun 22 01:25:40 UTC 2018
auto.tcl: Setting watchdog for 200 seconds at Fri Jun 22 01:25:40 UTC 2018
1 ms. Memory: 289792K Free: 274092K (95%)
ptolemy.util.test.WatchDog.cancel(): canceling Fri Jun 22 01:25:40 UTC 2018
------------------ testing $PTII/ptolemy/domains/de/test/auto/PersistentIO.xml
auto.tcl: Setting watchdog for 200 seconds at Fri Jun 22 01:25:40 UTC 2018
14 ms. Memory: 287232K Free: 266300K (93%)
ptolemy.util.test.WatchDog.cancel(): canceling Fri Jun 22 01:25:40 UTC 2018
auto.tcl: Setting watchdog for 200 seconds at Fri Jun 22 01:25:40 UTC 2018
6 ms. Memory: 287232K Free: 266300K (93%)
ptolemy.util.test.WatchDog.cancel(): canceling Fri Jun 22 01:25:40 UTC 2018
------------------ testing $PTII/ptolemy/domains/de/test/auto/PortParameterResetOnInitialize.xml
auto.tcl: Setting watchdog for 200 seconds at Fri Jun 22 01:25:40 UTC 2018
3 ms. Memory: 289280K Free: 273947K (95%)
ptolemy.util.test.WatchDog.cancel(): canceling Fri Jun 22 01:25:40 UTC 2018
auto.tcl: Setting watchdog for 200 seconds at Fri Jun 22 01:25:40 UTC 2018
2 ms. Memory: 289280K Free: 273947K (95%)
ptolemy.util.test.WatchDog.cancel(): canceling Fri Jun 22 01:25:40 UTC 2018
------------------ testing $PTII/ptolemy/domains/de/test/auto/PortParameterUpdates.xml
auto.tcl: Setting watchdog for 200 seconds at Fri Jun 22 01:25:40 UTC 2018
9 ms. Memory: 287232K Free: 272024K (95%)
ptolemy.util.test.WatchDog.cancel(): canceling Fri Jun 22 01:25:40 UTC 2018
auto.tcl: Setting watchdog for 200 seconds at Fri Jun 22 01:25:40 UTC 2018
4 ms. Memory: 287232K Free: 269096K (94%)
ptolemy.util.test.WatchDog.cancel(): canceling Fri Jun 22 01:25:40 UTC 2018
------------------ testing $PTII/ptolemy/domains/de/test/auto/QueueAndServer.xml
auto.tcl: Setting watchdog for 200 seconds at Fri Jun 22 01:25:40 UTC 2018
16 ms. Memory: 289280K Free: 273283K (94%)
ptolemy.util.test.WatchDog.cancel(): canceling Fri Jun 22 01:25:40 UTC 2018
auto.tcl: Setting watchdog for 200 seconds at Fri Jun 22 01:25:40 UTC 2018
7 ms. Memory: 289280K Free: 273283K (94%)
ptolemy.util.test.WatchDog.cancel(): canceling Fri Jun 22 01:25:40 UTC 2018
------------------ testing $PTII/ptolemy/domains/de/test/auto/Records.xml
auto.tcl: Setting watchdog for 200 seconds at Fri Jun 22 01:25:40 UTC 2018
5 ms. Memory: 287232K Free: 271939K (95%)
ptolemy.util.test.WatchDog.cancel(): canceling Fri Jun 22 01:25:40 UTC 2018
auto.tcl: Setting watchdog for 200 seconds at Fri Jun 22 01:25:40 UTC 2018
2 ms. Memory: 287232K Free: 271939K (95%)
ptolemy.util.test.WatchDog.cancel(): canceling Fri Jun 22 01:25:40 UTC 2018
------------------ testing $PTII/ptolemy/domains/de/test/auto/ResetTransitionWithStartTime1.xml
auto.tcl: Setting watchdog for 200 seconds at Fri Jun 22 01:25:40 UTC 2018
17 ms. Memory: 288768K Free: 272631K (94%)
ptolemy.util.test.WatchDog.cancel(): canceling Fri Jun 22 01:25:40 UTC 2018
auto.tcl: Setting watchdog for 200 seconds at Fri Jun 22 01:25:40 UTC 2018
9 ms. Memory: 288768K Free: 269704K (93%)
ptolemy.util.test.WatchDog.cancel(): canceling Fri Jun 22 01:25:40 UTC 2018
------------------ testing $PTII/ptolemy/domains/de/test/auto/ResetTransitionWithStartTime2.xml
auto.tcl: Setting watchdog for 200 seconds at Fri Jun 22 01:25:40 UTC 2018
12 ms. Memory: 287232K Free: 271180K (94%)
ptolemy.util.test.WatchDog.cancel(): canceling Fri Jun 22 01:25:40 UTC 2018
auto.tcl: Setting watchdog for 200 seconds at Fri Jun 22 01:25:40 UTC 2018
5 ms. Memory: 287232K Free: 268252K (93%)
ptolemy.util.test.WatchDog.cancel(): canceling Fri Jun 22 01:25:40 UTC 2018
------------------ testing $PTII/ptolemy/domains/de/test/auto/ResetTransitionWithStartTime3.xml
auto.tcl: Setting watchdog for 200 seconds at Fri Jun 22 01:25:40 UTC 2018
8 ms. Memory: 288768K Free: 270563K (94%)
ptolemy.util.test.WatchDog.cancel(): canceling Fri Jun 22 01:25:40 UTC 2018
auto.tcl: Setting watchdog for 200 seconds at Fri Jun 22 01:25:40 UTC 2018
10 ms. Memory: 288768K Free: 267635K (93%)
ptolemy.util.test.WatchDog.cancel(): canceling Fri Jun 22 01:25:40 UTC 2018
------------------ testing $PTII/ptolemy/domains/de/test/auto/ResetTransitionWithStartTime4.xml
auto.tcl: Setting watchdog for 200 seconds at Fri Jun 22 01:25:40 UTC 2018
4 ms. Memory: 287232K Free: 271192K (94%)
ptolemy.util.test.WatchDog.cancel(): canceling Fri Jun 22 01:25:40 UTC 2018
auto.tcl: Setting watchdog for 200 seconds at Fri Jun 22 01:25:40 UTC 2018
5 ms. Memory: 287232K Free: 271192K (94%)
ptolemy.util.test.WatchDog.cancel(): canceling Fri Jun 22 01:25:40 UTC 2018
------------------ testing $PTII/ptolemy/domains/de/test/auto/ResettableTimer1.xml
auto.tcl: Setting watchdog for 200 seconds at Fri Jun 22 01:25:40 UTC 2018
4 ms. Memory: 288768K Free: 273476K (95%)
ptolemy.util.test.WatchDog.cancel(): canceling Fri Jun 22 01:25:40 UTC 2018
auto.tcl: Setting watchdog for 200 seconds at Fri Jun 22 01:25:40 UTC 2018
2 ms. Memory: 288768K Free: 273476K (95%)
ptolemy.util.test.WatchDog.cancel(): canceling Fri Jun 22 01:25:40 UTC 2018
------------------ testing $PTII/ptolemy/domains/de/test/auto/ResettableTimer2.xml
auto.tcl: Setting watchdog for 200 seconds at Fri Jun 22 01:25:40 UTC 2018
2 ms. Memory: 287232K Free: 274158K (95%)
ptolemy.util.test.WatchDog.cancel(): canceling Fri Jun 22 01:25:40 UTC 2018
auto.tcl: Setting watchdog for 200 seconds at Fri Jun 22 01:25:40 UTC 2018
3 ms. Memory: 287232K Free: 274158K (95%)
ptolemy.util.test.WatchDog.cancel(): canceling Fri Jun 22 01:25:40 UTC 2018
------------------ testing $PTII/ptolemy/domains/de/test/auto/ResettableTimer3.xml
auto.tcl: Setting watchdog for 200 seconds at Fri Jun 22 01:25:41 UTC 2018
1 ms. Memory: 288256K Free: 273022K (95%)
ptolemy.util.test.WatchDog.cancel(): canceling Fri Jun 22 01:25:41 UTC 2018
auto.tcl: Setting watchdog for 200 seconds at Fri Jun 22 01:25:41 UTC 2018
1 ms. Memory: 288256K Free: 273022K (95%)
ptolemy.util.test.WatchDog.cancel(): canceling Fri Jun 22 01:25:41 UTC 2018
------------------ testing $PTII/ptolemy/domains/de/test/auto/ResettableTimer4.xml
auto.tcl: Setting watchdog for 200 seconds at Fri Jun 22 01:25:41 UTC 2018
1 ms. Memory: 287232K Free: 274186K (95%)
ptolemy.util.test.WatchDog.cancel(): canceling Fri Jun 22 01:25:41 UTC 2018
auto.tcl: Setting watchdog for 200 seconds at Fri Jun 22 01:25:41 UTC 2018
1 ms. Memory: 287232K Free: 274186K (95%)
ptolemy.util.test.WatchDog.cancel(): canceling Fri Jun 22 01:25:41 UTC 2018
------------------ testing $PTII/ptolemy/domains/de/test/auto/ResettableTimer5.xml
auto.tcl: Setting watchdog for 200 seconds at Fri Jun 22 01:25:41 UTC 2018
1 ms. Memory: 288256K Free: 273143K (95%)
ptolemy.util.test.WatchDog.cancel(): canceling Fri Jun 22 01:25:41 UTC 2018
auto.tcl: Setting watchdog for 200 seconds at Fri Jun 22 01:25:41 UTC 2018
1 ms. Memory: 288256K Free: 273143K (95%)
ptolemy.util.test.WatchDog.cancel(): canceling Fri Jun 22 01:25:41 UTC 2018
------------------ testing $PTII/ptolemy/domains/de/test/auto/ResettableTimer6.xml
auto.tcl: Setting watchdog for 200 seconds at Fri Jun 22 01:25:41 UTC 2018
1 ms. Memory: 287232K Free: 271958K (95%)
ptolemy.util.test.WatchDog.cancel(): canceling Fri Jun 22 01:25:41 UTC 2018
auto.tcl: Setting watchdog for 200 seconds at Fri Jun 22 01:25:41 UTC 2018
2 ms. Memory: 287232K Free: 271958K (95%)
ptolemy.util.test.WatchDog.cancel(): canceling Fri Jun 22 01:25:41 UTC 2018
------------------ testing $PTII/ptolemy/domains/de/test/auto/ServerZeroDelay.xml
auto.tcl: Setting watchdog for 200 seconds at Fri Jun 22 01:25:41 UTC 2018
4 ms. Memory: 288256K Free: 275133K (95%)
ptolemy.util.test.WatchDog.cancel(): canceling Fri Jun 22 01:25:41 UTC 2018
auto.tcl: Setting watchdog for 200 seconds at Fri Jun 22 01:25:41 UTC 2018
4 ms. Memory: 288256K Free: 275133K (95%)
ptolemy.util.test.WatchDog.cancel(): canceling Fri Jun 22 01:25:41 UTC 2018
------------------ testing $PTII/ptolemy/domains/de/test/auto/SmartSender.xml
auto.tcl: Setting watchdog for 200 seconds at Fri Jun 22 01:25:41 UTC 2018
3001 ms. Memory: 287232K Free: 272054K (95%)
ptolemy.util.test.WatchDog.cancel(): canceling Fri Jun 22 01:25:44 UTC 2018
auto.tcl: Setting watchdog for 200 seconds at Fri Jun 22 01:25:44 UTC 2018
3001 ms. Memory: 287232K Free: 272054K (95%)
ptolemy.util.test.WatchDog.cancel(): canceling Fri Jun 22 01:25:47 UTC 2018
------------------ testing $PTII/ptolemy/domains/de/test/auto/ThreadedComposite.xml
auto.tcl: Setting watchdog for 200 seconds at Fri Jun 22 01:25:47 UTC 2018
248 ms. Memory: 288256K Free: 251897K (87%)
ptolemy.util.test.WatchDog.cancel(): canceling Fri Jun 22 01:25:47 UTC 2018
auto.tcl: Setting watchdog for 200 seconds at Fri Jun 22 01:25:47 UTC 2018
198 ms. Memory: 288256K Free: 233723K (81%)
ptolemy.util.test.WatchDog.cancel(): canceling Fri Jun 22 01:25:47 UTC 2018
------------------ testing $PTII/ptolemy/domains/de/test/auto/Time.xml
auto.tcl: Setting watchdog for 200 seconds at Fri Jun 22 01:25:47 UTC 2018
625 ms. Memory: 287232K Free: 218155K (76%)
ptolemy.util.test.WatchDog.cancel(): canceling Fri Jun 22 01:25:48 UTC 2018
auto.tcl: Setting watchdog for 200 seconds at Fri Jun 22 01:25:48 UTC 2018
542 ms. Memory: 287232K Free: 165742K (58%)
ptolemy.util.test.WatchDog.cancel(): canceling Fri Jun 22 01:25:49 UTC 2018
------------------ testing $PTII/ptolemy/domains/de/test/auto/TimeDelayZeroDelay.xml
auto.tcl: Setting watchdog for 200 seconds at Fri Jun 22 01:25:49 UTC 2018
3 ms. Memory: 287744K Free: 275116K (96%)
ptolemy.util.test.WatchDog.cancel(): canceling Fri Jun 22 01:25:49 UTC 2018
auto.tcl: Setting watchdog for 200 seconds at Fri Jun 22 01:25:49 UTC 2018
2 ms. Memory: 287744K Free: 275116K (96%)
ptolemy.util.test.WatchDog.cancel(): canceling Fri Jun 22 01:25:49 UTC 2018
------------------ testing $PTII/ptolemy/domains/de/test/auto/TimerZeroDelay.xml
auto.tcl: Setting watchdog for 200 seconds at Fri Jun 22 01:25:49 UTC 2018
2 ms. Memory: 287232K Free: 274714K (96%)
ptolemy.util.test.WatchDog.cancel(): canceling Fri Jun 22 01:25:49 UTC 2018
auto.tcl: Setting watchdog for 200 seconds at Fri Jun 22 01:25:49 UTC 2018
3 ms. Memory: 287232K Free: 274714K (96%)
ptolemy.util.test.WatchDog.cancel(): canceling Fri Jun 22 01:25:49 UTC 2018
------------------ testing $PTII/ptolemy/domains/de/test/auto/TimingParadox.xml
auto.tcl: Setting watchdog for 200 seconds at Fri Jun 22 01:25:49 UTC 2018
389 ms. Memory: 287744K Free: 208916K (73%)
ptolemy.util.test.WatchDog.cancel(): canceling Fri Jun 22 01:25:49 UTC 2018
auto.tcl: Setting watchdog for 200 seconds at Fri Jun 22 01:25:49 UTC 2018
369 ms. Memory: 287744K Free: 172539K (60%)
ptolemy.util.test.WatchDog.cancel(): canceling Fri Jun 22 01:25:50 UTC 2018
------------------ testing $PTII/ptolemy/domains/de/test/auto/TransferInputs.xml
auto.tcl: Setting watchdog for 200 seconds at Fri Jun 22 01:25:50 UTC 2018
3 ms. Memory: 287744K Free: 274093K (95%)
ptolemy.util.test.WatchDog.cancel(): canceling Fri Jun 22 01:25:50 UTC 2018
auto.tcl: Setting watchdog for 200 seconds at Fri Jun 22 01:25:50 UTC 2018
2 ms. Memory: 287744K Free: 274093K (95%)
ptolemy.util.test.WatchDog.cancel(): canceling Fri Jun 22 01:25:50 UTC 2018
------------------ testing $PTII/ptolemy/domains/de/test/auto/TransferOutputs2.xml
auto.tcl: Setting watchdog for 200 seconds at Fri Jun 22 01:25:50 UTC 2018
3 ms. Memory: 287232K Free: 270016K (94%)
ptolemy.util.test.WatchDog.cancel(): canceling Fri Jun 22 01:25:50 UTC 2018
auto.tcl: Setting watchdog for 200 seconds at Fri Jun 22 01:25:50 UTC 2018
3 ms. Memory: 287232K Free: 267407K (93%)
ptolemy.util.test.WatchDog.cancel(): canceling Fri Jun 22 01:25:50 UTC 2018
------------------ testing $PTII/ptolemy/domains/de/test/auto/Trilateration.xml
auto.tcl: Setting watchdog for 200 seconds at Fri Jun 22 01:25:50 UTC 2018
13906 ms. Memory: 793088K Free: 82198K (10%)
ptolemy.util.test.WatchDog.cancel(): canceling Fri Jun 22 01:26:05 UTC 2018
auto.tcl: Setting watchdog for 200 seconds at Fri Jun 22 01:26:05 UTC 2018
10889 ms. Memory: 639488K Free: 600952K (94%)
ptolemy.util.test.WatchDog.cancel(): canceling Fri Jun 22 01:26:16 UTC 2018
------------------ testing $PTII/ptolemy/domains/de/test/auto/TwoSigmaDelta.xml
auto.tcl: Setting watchdog for 200 seconds at Fri Jun 22 01:26:16 UTC 2018
3071 ms. Memory: 643072K Free: 338778K (53%)
ptolemy.util.test.WatchDog.cancel(): canceling Fri Jun 22 01:26:19 UTC 2018
auto.tcl: Setting watchdog for 200 seconds at Fri Jun 22 01:26:19 UTC 2018
2022 ms. Memory: 643072K Free: 117112K (18%)
ptolemy.util.test.WatchDog.cancel(): canceling Fri Jun 22 01:26:21 UTC 2018
------------------ testing $PTII/ptolemy/domains/de/test/auto/VariableDelay.xml
auto.tcl: Setting watchdog for 200 seconds at Fri Jun 22 01:26:21 UTC 2018
2 ms. Memory: 640000K Free: 614616K (96%)
ptolemy.util.test.WatchDog.cancel(): canceling Fri Jun 22 01:26:21 UTC 2018
auto.tcl: Setting watchdog for 200 seconds at Fri Jun 22 01:26:21 UTC 2018
2 ms. Memory: 640000K Free: 614616K (96%)
ptolemy.util.test.WatchDog.cancel(): canceling Fri Jun 22 01:26:21 UTC 2018
------------------ testing $PTII/ptolemy/domains/de/test/auto/VariableDelay2.xml
auto.tcl: Setting watchdog for 200 seconds at Fri Jun 22 01:26:21 UTC 2018
2 ms. Memory: 639488K Free: 620112K (97%)
ptolemy.util.test.WatchDog.cancel(): canceling Fri Jun 22 01:26:22 UTC 2018
auto.tcl: Setting watchdog for 200 seconds at Fri Jun 22 01:26:22 UTC 2018
2 ms. Memory: 639488K Free: 620112K (97%)
ptolemy.util.test.WatchDog.cancel(): canceling Fri Jun 22 01:26:22 UTC 2018
------------------ testing $PTII/ptolemy/domains/de/test/auto/VariableDelayZeroDelay.xml
auto.tcl: Setting watchdog for 200 seconds at Fri Jun 22 01:26:22 UTC 2018
2 ms. Memory: 639488K Free: 614529K (96%)
ptolemy.util.test.WatchDog.cancel(): canceling Fri Jun 22 01:26:22 UTC 2018
auto.tcl: Setting watchdog for 200 seconds at Fri Jun 22 01:26:22 UTC 2018
2 ms. Memory: 639488K Free: 614529K (96%)
ptolemy.util.test.WatchDog.cancel(): canceling Fri Jun 22 01:26:22 UTC 2018
------------------ testing $PTII/ptolemy/domains/de/test/auto/VariableDelayZeroDelay2.xml
auto.tcl: Setting watchdog for 200 seconds at Fri Jun 22 01:26:22 UTC 2018
2 ms. Memory: 642048K Free: 617088K (96%)
ptolemy.util.test.WatchDog.cancel(): canceling Fri Jun 22 01:26:22 UTC 2018
auto.tcl: Setting watchdog for 200 seconds at Fri Jun 22 01:26:22 UTC 2018
2 ms. Memory: 642048K Free: 617088K (96%)
ptolemy.util.test.WatchDog.cancel(): canceling Fri Jun 22 01:26:22 UTC 2018
------------------ testing $PTII/ptolemy/domains/de/test/auto/deInCt.xml
auto.tcl: Setting watchdog for 200 seconds at Fri Jun 22 01:26:22 UTC 2018
0
1
1
1
1
0
0
0
0
1
1
1
1
1
0
0
0
1
1
1
1
1
0
0
1
1
1
1
1
6 ms. Memory: 639488K Free: 614511K (96%)
ptolemy.util.test.WatchDog.cancel(): canceling Fri Jun 22 01:26:22 UTC 2018
auto.tcl: Setting watchdog for 200 seconds at Fri Jun 22 01:26:22 UTC 2018
0
1
1
1
0
0
0
1
1
1
0
0
1
1
1
0
0
0
1
1
1
1
0
0
0
1
1
1
0
0
0
1
1
1
0
0
0
1
1
1
0
0
0
0
1
1
1
0
0
0
1
1
1
10 ms. Memory: 639488K Free: 614511K (96%)
ptolemy.util.test.WatchDog.cancel(): canceling Fri Jun 22 01:26:22 UTC 2018
------------------ testing $PTII/ptolemy/domains/de/test/auto/deInCt2.xml
auto.tcl: Setting watchdog for 200 seconds at Fri Jun 22 01:26:22 UTC 2018
0
1
1
1
0
0
1
1
1
0
0
1
1
1
0
0
1
1
1
0
0
1
1
1
0
0
1
1
1
0
0
1
1
1
0
0
1
1
1
0
0
0
10 ms. Memory: 642048K Free: 617072K (96%)
ptolemy.util.test.WatchDog.cancel(): canceling Fri Jun 22 01:26:22 UTC 2018
auto.tcl: Setting watchdog for 200 seconds at Fri Jun 22 01:26:22 UTC 2018
0
1
1
1
0
0
1
1
1
0
0
1
1
1
0
0
1
1
1
0
0
1
1
1
0
0
1
1
1
0
0
1
1
1
0
0
1
1
1
0
0
0
8 ms. Memory: 642048K Free: 617072K (96%)
ptolemy.util.test.WatchDog.cancel(): canceling Fri Jun 22 01:26:22 UTC 2018
------------------ testing $PTII/ptolemy/domains/de/test/auto/dynamicCausalityInterface1.xml
auto.tcl: Setting watchdog for 200 seconds at Fri Jun 22 01:26:22 UTC 2018
2 ms. Memory: 639488K Free: 611686K (96%)
ptolemy.util.test.WatchDog.cancel(): canceling Fri Jun 22 01:26:22 UTC 2018
auto.tcl: Setting watchdog for 200 seconds at Fri Jun 22 01:26:22 UTC 2018
1 ms. Memory: 639488K Free: 611686K (96%)
ptolemy.util.test.WatchDog.cancel(): canceling Fri Jun 22 01:26:22 UTC 2018
------------------ testing $PTII/ptolemy/domains/de/test/auto/fsm_de_test.xml
auto.tcl: Setting watchdog for 200 seconds at Fri Jun 22 01:26:22 UTC 2018
7 ms. Memory: 641536K Free: 616463K (96%)
ptolemy.util.test.WatchDog.cancel(): canceling Fri Jun 22 01:26:22 UTC 2018
auto.tcl: Setting watchdog for 200 seconds at Fri Jun 22 01:26:22 UTC 2018
5 ms. Memory: 641536K Free: 608041K (95%)
ptolemy.util.test.WatchDog.cancel(): canceling Fri Jun 22 01:26:22 UTC 2018
------------------ testing $PTII/ptolemy/domains/de/test/auto/functionDependencyReconstruction.xml
auto.tcl: Setting watchdog for 200 seconds at Fri Jun 22 01:26:22 UTC 2018
3 ms. Memory: 639488K Free: 605984K (95%)
ptolemy.util.test.WatchDog.cancel(): canceling Fri Jun 22 01:26:22 UTC 2018
auto.tcl: Setting watchdog for 200 seconds at Fri Jun 22 01:26:22 UTC 2018
3 ms. Memory: 639488K Free: 597561K (93%)
ptolemy.util.test.WatchDog.cancel(): canceling Fri Jun 22 01:26:22 UTC 2018
------------------ testing $PTII/ptolemy/domains/de/test/auto/multirate.xml
auto.tcl: Setting watchdog for 200 seconds at Fri Jun 22 01:26:22 UTC 2018
2 ms. Memory: 641536K Free: 621909K (97%)
ptolemy.util.test.WatchDog.cancel(): canceling Fri Jun 22 01:26:22 UTC 2018
auto.tcl: Setting watchdog for 200 seconds at Fri Jun 22 01:26:22 UTC 2018
3 ms. Memory: 641536K Free: 621909K (97%)
ptolemy.util.test.WatchDog.cancel(): canceling Fri Jun 22 01:26:22 UTC 2018
------------------ testing $PTII/ptolemy/domains/de/test/auto/multirate2.xml
auto.tcl: Setting watchdog for 200 seconds at Fri Jun 22 01:26:22 UTC 2018
3 ms. Memory: 639488K Free: 614469K (96%)
ptolemy.util.test.WatchDog.cancel(): canceling Fri Jun 22 01:26:22 UTC 2018
auto.tcl: Setting watchdog for 200 seconds at Fri Jun 22 01:26:22 UTC 2018
3 ms. Memory: 639488K Free: 614469K (96%)
ptolemy.util.test.WatchDog.cancel(): canceling Fri Jun 22 01:26:22 UTC 2018
------------------ testing $PTII/ptolemy/domains/de/test/auto/realtime.xml
auto.tcl: Setting watchdog for 200 seconds at Fri Jun 22 01:26:22 UTC 2018
10002 ms. Memory: 641024K Free: 615991K (96%)
ptolemy.util.test.WatchDog.cancel(): canceling Fri Jun 22 01:26:32 UTC 2018
auto.tcl: Setting watchdog for 200 seconds at Fri Jun 22 01:26:32 UTC 2018
10002 ms. Memory: 641024K Free: 615991K (96%)
ptolemy.util.test.WatchDog.cancel(): canceling Fri Jun 22 01:26:42 UTC 2018
------------------ testing $PTII/ptolemy/domains/de/test/auto/relationGroup.xml
auto.tcl: Setting watchdog for 200 seconds at Fri Jun 22 01:26:42 UTC 2018
2 ms. Memory: 639488K Free: 614494K (96%)
ptolemy.util.test.WatchDog.cancel(): canceling Fri Jun 22 01:26:42 UTC 2018
auto.tcl: Setting watchdog for 200 seconds at Fri Jun 22 01:26:42 UTC 2018
1 ms. Memory: 639488K Free: 614494K (96%)
ptolemy.util.test.WatchDog.cancel(): canceling Fri Jun 22 01:26:42 UTC 2018
------------------ testing $PTII/ptolemy/domains/de/test/auto/relationGroup2.xml
auto.tcl: Setting watchdog for 200 seconds at Fri Jun 22 01:26:42 UTC 2018
1 ms. Memory: 641024K Free: 616057K (96%)
ptolemy.util.test.WatchDog.cancel(): canceling Fri Jun 22 01:26:42 UTC 2018
auto.tcl: Setting watchdog for 200 seconds at Fri Jun 22 01:26:42 UTC 2018
1 ms. Memory: 641024K Free: 616057K (96%)
ptolemy.util.test.WatchDog.cancel(): canceling Fri Jun 22 01:26:42 UTC 2018
------------------ testing $PTII/ptolemy/domains/de/test/auto/sortWithOpaquePorts.xml
auto.tcl: Setting watchdog for 200 seconds at Fri Jun 22 01:26:43 UTC 2018
1 ms. Memory: 639488K Free: 614522K (96%)
ptolemy.util.test.WatchDog.cancel(): canceling Fri Jun 22 01:26:43 UTC 2018
auto.tcl: Setting watchdog for 200 seconds at Fri Jun 22 01:26:43 UTC 2018
1 ms. Memory: 639488K Free: 614522K (96%)
ptolemy.util.test.WatchDog.cancel(): canceling Fri Jun 22 01:26:43 UTC 2018
------------------ testing $PTII/ptolemy/domains/de/test/auto/transferInputsandOutputs.xml
auto.tcl: Setting watchdog for 200 seconds at Fri Jun 22 01:26:43 UTC 2018
1 ms. Memory: 640512K Free: 615533K (96%)
ptolemy.util.test.WatchDog.cancel(): canceling Fri Jun 22 01:26:43 UTC 2018
auto.tcl: Setting watchdog for 200 seconds at Fri Jun 22 01:26:43 UTC 2018
1 ms. Memory: 640512K Free: 615533K (96%)
ptolemy.util.test.WatchDog.cancel(): canceling Fri Jun 22 01:26:43 UTC 2018
------------------ testing $PTII/ptolemy/domains/de/test/auto/triggerType.xml
auto.tcl: Setting watchdog for 200 seconds at Fri Jun 22 01:26:43 UTC 2018
1 ms. Memory: 639488K Free: 614460K (96%)
ptolemy.util.test.WatchDog.cancel(): canceling Fri Jun 22 01:26:43 UTC 2018
auto.tcl: Setting watchdog for 200 seconds at Fri Jun 22 01:26:43 UTC 2018
1 ms. Memory: 639488K Free: 614460K (96%)
ptolemy.util.test.WatchDog.cancel(): canceling Fri Jun 22 01:26:43 UTC 2018
06/22/18 01:26:43
Failed: 0  Total Tests: 192  ((Passed: 187, Newly Passed: 1)  Known Failed: 5) /home/travis/build/icyphy/ptII/ptolemy/domains/de/test
06/22/18 01:26:43
Failed: 0  Total Tests: 192  ((Passed: 187, Newly Passed: 1)  Known Failed: 5) /home/travis/build/icyphy/ptII/ptolemy/domains/de/test
----------------- testing (KnownFailure) /home/travis/build/icyphy/ptII/ptolemy/domains/de/test/auto/knownFailedTests/DESDFClockTest.xml
2014 ms. Memory: 640512K Free: 604362K (94%)
Known Failure: java.lang.reflect.InvocationTargetException
----------------- testing (KnownFailure) /home/travis/build/icyphy/ptII/ptolemy/domains/de/test/auto/knownFailedTests/DirectFeedback.xml
1 ms. Memory: 640512K Free: 559716K (87%)
Known Failure: java.lang.reflect.InvocationTargetException
----------------- testing (KnownFailure) /home/travis/build/icyphy/ptII/ptolemy/domains/de/test/auto/knownFailedTests/FSMSource.xml
6 ms. Memory: 640512K Free: 515069K (80%)
----------------- testing (KnownFailure) /home/travis/build/icyphy/ptII/ptolemy/domains/de/test/auto/knownFailedTests/HierarchicalModel.xml
3 ms. Memory: 640512K Free: 481568K (75%)
Known Failure: java.lang.reflect.InvocationTargetException
----------------- testing (KnownFailure) /home/travis/build/icyphy/ptII/ptolemy/domains/de/test/auto/knownFailedTests/dependencyLoop.xml
2 ms. Memory: 640512K Free: 425744K (66%)
Known Failure: java.lang.reflect.InvocationTargetException
----------------- testing (KnownFailure) /home/travis/build/icyphy/ptII/ptolemy/domains/de/test/auto/knownFailedTests/dependencyLoop2.xml
2 ms. Memory: 640512K Free: 369936K (58%)
Known Failure: java.lang.reflect.InvocationTargetException
No auto/linux-amd64/*.xml tests in /home/travis/build/icyphy/ptII/ptolemy/domains/de/test
AutoTests.java: About to close Vertx.
AutoTests.java: Vertx closed.

===========================================================================================
----------------- testing Fri Jun 22 01:26:45 UTC 2018 /home/travis/build/icyphy/ptII/ptolemy/domains/de/test/auto/ActorDepthCalculation_actorWithoutPorts.xml
----------------- Instantiating /home/travis/build/icyphy/ptII/ptolemy/domains/de/test/auto/ActorDepthCalculation_actorWithoutPorts.xml
1 ms. Memory: 640512K Free: 314127K (49%)
----------------- Invoking toplevel() on ptolemy.moml.MoMLSimpleApplication@28bdddef
----------------- Done invoking toplevel() on ptolemy.moml.MoMLSimpleApplication@28bdddef
reloadAllAccessors: .ActorDepthCalculation_actorWithoutPorts

===========================================================================================
----------------- testing Fri Jun 22 01:26:45 UTC 2018 /home/travis/build/icyphy/ptII/ptolemy/domains/de/test/auto/AssemblyLine.xml
----------------- Instantiating /home/travis/build/icyphy/ptII/ptolemy/domains/de/test/auto/AssemblyLine.xml
2 ms. Memory: 640512K Free: 291804K (46%)
----------------- Invoking toplevel() on ptolemy.moml.MoMLSimpleApplication@6071ebf3
----------------- Done invoking toplevel() on ptolemy.moml.MoMLSimpleApplication@6071ebf3
reloadAllAccessors: .AssemblyLine

===========================================================================================
----------------- testing Fri Jun 22 01:26:45 UTC 2018 /home/travis/build/icyphy/ptII/ptolemy/domains/de/test/auto/CQBug1.xml
----------------- Instantiating /home/travis/build/icyphy/ptII/ptolemy/domains/de/test/auto/CQBug1.xml
1 ms. Memory: 640512K Free: 269481K (42%)
----------------- Invoking toplevel() on ptolemy.moml.MoMLSimpleApplication@2a84e63a
----------------- Done invoking toplevel() on ptolemy.moml.MoMLSimpleApplication@2a84e63a
reloadAllAccessors: .CQBug1

===========================================================================================
----------------- testing Fri Jun 22 01:26:45 UTC 2018 /home/travis/build/icyphy/ptII/ptolemy/domains/de/test/auto/CancelFireAt.xml
----------------- Instantiating /home/travis/build/icyphy/ptII/ptolemy/domains/de/test/auto/CancelFireAt.xml
1 ms. Memory: 640512K Free: 247158K (39%)
----------------- Invoking toplevel() on ptolemy.moml.MoMLSimpleApplication@6bbb0d05
----------------- Done invoking toplevel() on ptolemy.moml.MoMLSimpleApplication@6bbb0d05
reloadAllAccessors: .CancelFireAt

===========================================================================================
----------------- testing Fri Jun 22 01:26:45 UTC 2018 /home/travis/build/icyphy/ptII/ptolemy/domains/de/test/auto/CausalityAndComposabilityAnalysis.xml
----------------- Instantiating /home/travis/build/icyphy/ptII/ptolemy/domains/de/test/auto/CausalityAndComposabilityAnalysis.xml
2 ms. Memory: 640512K Free: 224834K (35%)
----------------- Invoking toplevel() on ptolemy.moml.MoMLSimpleApplication@3de4a4d8
----------------- Done invoking toplevel() on ptolemy.moml.MoMLSimpleApplication@3de4a4d8
reloadAllAccessors: .CausalityAndComposabilityAnalysis

===========================================================================================
----------------- testing Fri Jun 22 01:26:45 UTC 2018 /home/travis/build/icyphy/ptII/ptolemy/domains/de/test/auto/CausalityInterface1.xml
----------------- Instantiating /home/travis/build/icyphy/ptII/ptolemy/domains/de/test/auto/CausalityInterface1.xml
3 ms. Memory: 640512K Free: 202511K (32%)
----------------- Invoking toplevel() on ptolemy.moml.MoMLSimpleApplication@64538e25
----------------- Done invoking toplevel() on ptolemy.moml.MoMLSimpleApplication@64538e25
reloadAllAccessors: .CausalityInterface1

===========================================================================================
----------------- testing Fri Jun 22 01:26:45 UTC 2018 /home/travis/build/icyphy/ptII/ptolemy/domains/de/test/auto/CausalityInterface15.xml
----------------- Instantiating /home/travis/build/icyphy/ptII/ptolemy/domains/de/test/auto/CausalityInterface15.xml
2 ms. Memory: 640512K Free: 180188K (28%)
----------------- Invoking toplevel() on ptolemy.moml.MoMLSimpleApplication@36bd431d
----------------- Done invoking toplevel() on ptolemy.moml.MoMLSimpleApplication@36bd431d
reloadAllAccessors: .CausalityInterface15

===========================================================================================
----------------- testing Fri Jun 22 01:26:45 UTC 2018 /home/travis/build/icyphy/ptII/ptolemy/domains/de/test/auto/CausalityInterface2.xml
----------------- Instantiating /home/travis/build/icyphy/ptII/ptolemy/domains/de/test/auto/CausalityInterface2.xml
1 ms. Memory: 640512K Free: 157865K (25%)
----------------- Invoking toplevel() on ptolemy.moml.MoMLSimpleApplication@5bdcb49e
----------------- Done invoking toplevel() on ptolemy.moml.MoMLSimpleApplication@5bdcb49e
reloadAllAccessors: .CausalityInterface2

===========================================================================================
----------------- testing Fri Jun 22 01:26:45 UTC 2018 /home/travis/build/icyphy/ptII/ptolemy/domains/de/test/auto/CausalityInterface3.xml
----------------- Instantiating /home/travis/build/icyphy/ptII/ptolemy/domains/de/test/auto/CausalityInterface3.xml
2 ms. Memory: 640512K Free: 135542K (21%)
----------------- Invoking toplevel() on ptolemy.moml.MoMLSimpleApplication@49e823af
----------------- Done invoking toplevel() on ptolemy.moml.MoMLSimpleApplication@49e823af
reloadAllAccessors: .CausalityInterface3

===========================================================================================
----------------- testing Fri Jun 22 01:26:45 UTC 2018 /home/travis/build/icyphy/ptII/ptolemy/domains/de/test/auto/ClockDrift.xml
----------------- Instantiating /home/travis/build/icyphy/ptII/ptolemy/domains/de/test/auto/ClockDrift.xml
8 ms. Memory: 640512K Free: 113218K (18%)
----------------- Invoking toplevel() on ptolemy.moml.MoMLSimpleApplication@30cda96f
----------------- Done invoking toplevel() on ptolemy.moml.MoMLSimpleApplication@30cda96f
reloadAllAccessors: .ClockDrift

===========================================================================================
----------------- testing Fri Jun 22 01:26:45 UTC 2018 /home/travis/build/icyphy/ptII/ptolemy/domains/de/test/auto/ClockDriftAndValueChange.xml
----------------- Instantiating /home/travis/build/icyphy/ptII/ptolemy/domains/de/test/auto/ClockDriftAndValueChange.xml
8 ms. Memory: 640512K Free: 90895K (14%)
----------------- Invoking toplevel() on ptolemy.moml.MoMLSimpleApplication@751b7dec
----------------- Done invoking toplevel() on ptolemy.moml.MoMLSimpleApplication@751b7dec
reloadAllAccessors: .ClockDriftAndValueChange

===========================================================================================
----------------- testing Fri Jun 22 01:26:45 UTC 2018 /home/travis/build/icyphy/ptII/ptolemy/domains/de/test/auto/ClockDriftChange.xml
----------------- Instantiating /home/travis/build/icyphy/ptII/ptolemy/domains/de/test/auto/ClockDriftChange.xml
7 ms. Memory: 640512K Free: 77026K (12%)
----------------- Invoking toplevel() on ptolemy.moml.MoMLSimpleApplication@5abbe281
----------------- Done invoking toplevel() on ptolemy.moml.MoMLSimpleApplication@5abbe281
reloadAllAccessors: .ClockDriftChange

===========================================================================================
----------------- testing Fri Jun 22 01:26:45 UTC 2018 /home/travis/build/icyphy/ptII/ptolemy/domains/de/test/auto/ComposableCausalityAnalysis.xml
----------------- Instantiating /home/travis/build/icyphy/ptII/ptolemy/domains/de/test/auto/ComposableCausalityAnalysis.xml
1 ms. Memory: 613376K Free: 586434K (96%)
----------------- Invoking toplevel() on ptolemy.moml.MoMLSimpleApplication@73face36
----------------- Done invoking toplevel() on ptolemy.moml.MoMLSimpleApplication@73face36
reloadAllAccessors: .ComposableCausalityAnalysis

===========================================================================================
----------------- testing Fri Jun 22 01:26:45 UTC 2018 /home/travis/build/icyphy/ptII/ptolemy/domains/de/test/auto/DEFixedPointLimitation.xml
----------------- Instantiating /home/travis/build/icyphy/ptII/ptolemy/domains/de/test/auto/DEFixedPointLimitation.xml
0 ms. Memory: 613376K Free: 559946K (91%)
----------------- Invoking toplevel() on ptolemy.moml.MoMLSimpleApplication@1201386e
----------------- Done invoking toplevel() on ptolemy.moml.MoMLSimpleApplication@1201386e
reloadAllAccessors: .DEFixedPointLimitation

===========================================================================================
----------------- testing Fri Jun 22 01:26:45 UTC 2018 /home/travis/build/icyphy/ptII/ptolemy/domains/de/test/auto/DEScheduleTest.xml
----------------- Instantiating /home/travis/build/icyphy/ptII/ptolemy/domains/de/test/auto/DEScheduleTest.xml
1 ms. Memory: 613376K Free: 538668K (88%)
----------------- Invoking toplevel() on ptolemy.moml.MoMLSimpleApplication@971a14
----------------- Done invoking toplevel() on ptolemy.moml.MoMLSimpleApplication@971a14
reloadAllAccessors: .DEScheduleTest

===========================================================================================
----------------- testing Fri Jun 22 01:26:45 UTC 2018 /home/travis/build/icyphy/ptII/ptolemy/domains/de/test/auto/DEinDEwithStartTimes.xml
----------------- Instantiating /home/travis/build/icyphy/ptII/ptolemy/domains/de/test/auto/DEinDEwithStartTimes.xml
1 ms. Memory: 613376K Free: 517389K (84%)
----------------- Invoking toplevel() on ptolemy.moml.MoMLSimpleApplication@51f3dbc5
----------------- Done invoking toplevel() on ptolemy.moml.MoMLSimpleApplication@51f3dbc5
reloadAllAccessors: .DEinDEwithStartTimes

===========================================================================================
----------------- testing Fri Jun 22 01:26:45 UTC 2018 /home/travis/build/icyphy/ptII/ptolemy/domains/de/test/auto/DEinDEwithStartTimes2.xml
----------------- Instantiating /home/travis/build/icyphy/ptII/ptolemy/domains/de/test/auto/DEinDEwithStartTimes2.xml
2 ms. Memory: 613376K Free: 496102K (81%)
----------------- Invoking toplevel() on ptolemy.moml.MoMLSimpleApplication@30aa533a
----------------- Done invoking toplevel() on ptolemy.moml.MoMLSimpleApplication@30aa533a
reloadAllAccessors: .DEinDEwithStartTimes2

===========================================================================================
----------------- testing Fri Jun 22 01:26:45 UTC 2018 /home/travis/build/icyphy/ptII/ptolemy/domains/de/test/auto/DateDemo.xml
----------------- Instantiating /home/travis/build/icyphy/ptII/ptolemy/domains/de/test/auto/DateDemo.xml
2 ms. Memory: 613376K Free: 474823K (77%)
----------------- Invoking toplevel() on ptolemy.moml.MoMLSimpleApplication@1cedc9f7
----------------- Done invoking toplevel() on ptolemy.moml.MoMLSimpleApplication@1cedc9f7
reloadAllAccessors: .DateDemo

===========================================================================================
----------------- testing Fri Jun 22 01:26:45 UTC 2018 /home/travis/build/icyphy/ptII/ptolemy/domains/de/test/auto/DateToEvent.xml
----------------- Instantiating /home/travis/build/icyphy/ptII/ptolemy/domains/de/test/auto/DateToEvent.xml
2003 ms. Memory: 613376K Free: 442889K (72%)
----------------- Invoking toplevel() on ptolemy.moml.MoMLSimpleApplication@1df3cd19
----------------- Done invoking toplevel() on ptolemy.moml.MoMLSimpleApplication@1df3cd19
reloadAllAccessors: .DateToEvent

===========================================================================================
----------------- testing Fri Jun 22 01:26:47 UTC 2018 /home/travis/build/icyphy/ptII/ptolemy/domains/de/test/auto/DepthTest1.xml
----------------- Instantiating /home/travis/build/icyphy/ptII/ptolemy/domains/de/test/auto/DepthTest1.xml
0 ms. Memory: 613376K Free: 421610K (69%)
----------------- Invoking toplevel() on ptolemy.moml.MoMLSimpleApplication@342d651
----------------- Done invoking toplevel() on ptolemy.moml.MoMLSimpleApplication@342d651
reloadAllAccessors: .DepthTest1

===========================================================================================
----------------- testing Fri Jun 22 01:26:47 UTC 2018 /home/travis/build/icyphy/ptII/ptolemy/domains/de/test/auto/DepthTest2.xml
----------------- Instantiating /home/travis/build/icyphy/ptII/ptolemy/domains/de/test/auto/DepthTest2.xml
1 ms. Memory: 613376K Free: 400331K (65%)
----------------- Invoking toplevel() on ptolemy.moml.MoMLSimpleApplication@79759af5
----------------- Done invoking toplevel() on ptolemy.moml.MoMLSimpleApplication@79759af5
reloadAllAccessors: .DepthTest2

===========================================================================================
----------------- testing Fri Jun 22 01:26:47 UTC 2018 /home/travis/build/icyphy/ptII/ptolemy/domains/de/test/auto/DepthTest3.xml
----------------- Instantiating /home/travis/build/icyphy/ptII/ptolemy/domains/de/test/auto/DepthTest3.xml
4 ms. Memory: 613376K Free: 379052K (62%)
----------------- Invoking toplevel() on ptolemy.moml.MoMLSimpleApplication@588ebb64
----------------- Done invoking toplevel() on ptolemy.moml.MoMLSimpleApplication@588ebb64
reloadAllAccessors: .DepthTest3

===========================================================================================
----------------- testing Fri Jun 22 01:26:47 UTC 2018 /home/travis/build/icyphy/ptII/ptolemy/domains/de/test/auto/DepthTest4.xml
----------------- Instantiating /home/travis/build/icyphy/ptII/ptolemy/domains/de/test/auto/DepthTest4.xml
1 ms. Memory: 613376K Free: 357774K (58%)
----------------- Invoking toplevel() on ptolemy.moml.MoMLSimpleApplication@5a3459b5
----------------- Done invoking toplevel() on ptolemy.moml.MoMLSimpleApplication@5a3459b5
reloadAllAccessors: .DepthTest4

===========================================================================================
----------------- testing Fri Jun 22 01:26:47 UTC 2018 /home/travis/build/icyphy/ptII/ptolemy/domains/de/test/auto/DepthTest5.xml
----------------- Instantiating /home/travis/build/icyphy/ptII/ptolemy/domains/de/test/auto/DepthTest5.xml
1 ms. Memory: 613376K Free: 336495K (55%)
----------------- Invoking toplevel() on ptolemy.moml.MoMLSimpleApplication@5a78a6d2
----------------- Done invoking toplevel() on ptolemy.moml.MoMLSimpleApplication@5a78a6d2
reloadAllAccessors: .DepthTest5

===========================================================================================
----------------- testing Fri Jun 22 01:26:47 UTC 2018 /home/travis/build/icyphy/ptII/ptolemy/domains/de/test/auto/DepthTest6.xml
----------------- Instantiating /home/travis/build/icyphy/ptII/ptolemy/domains/de/test/auto/DepthTest6.xml
1 ms. Memory: 613376K Free: 310008K (51%)
----------------- Invoking toplevel() on ptolemy.moml.MoMLSimpleApplication@20c0fad5
----------------- Done invoking toplevel() on ptolemy.moml.MoMLSimpleApplication@20c0fad5
reloadAllAccessors: .DepthTest6

===========================================================================================
----------------- testing Fri Jun 22 01:26:47 UTC 2018 /home/travis/build/icyphy/ptII/ptolemy/domains/de/test/auto/DepthTest7.xml
----------------- Instantiating /home/travis/build/icyphy/ptII/ptolemy/domains/de/test/auto/DepthTest7.xml
1 ms. Memory: 613376K Free: 288729K (47%)
----------------- Invoking toplevel() on ptolemy.moml.MoMLSimpleApplication@6f74e919
----------------- Done invoking toplevel() on ptolemy.moml.MoMLSimpleApplication@6f74e919
reloadAllAccessors: .DepthTest7

===========================================================================================
----------------- testing Fri Jun 22 01:26:47 UTC 2018 /home/travis/build/icyphy/ptII/ptolemy/domains/de/test/auto/EventToDate.xml
----------------- Instantiating /home/travis/build/icyphy/ptII/ptolemy/domains/de/test/auto/EventToDate.xml
3003 ms. Memory: 613376K Free: 256795K (42%)
----------------- Invoking toplevel() on ptolemy.moml.MoMLSimpleApplication@4a151c55
----------------- Done invoking toplevel() on ptolemy.moml.MoMLSimpleApplication@4a151c55
reloadAllAccessors: .EventToDate

===========================================================================================
----------------- testing Fri Jun 22 01:26:50 UTC 2018 /home/travis/build/icyphy/ptII/ptolemy/domains/de/test/auto/FSM1.xml
----------------- Instantiating /home/travis/build/icyphy/ptII/ptolemy/domains/de/test/auto/FSM1.xml
6 ms. Memory: 613376K Free: 235516K (38%)
----------------- Invoking toplevel() on ptolemy.moml.MoMLSimpleApplication@5eaadc4
----------------- Done invoking toplevel() on ptolemy.moml.MoMLSimpleApplication@5eaadc4
reloadAllAccessors: .FSM1

===========================================================================================
----------------- testing Fri Jun 22 01:26:50 UTC 2018 /home/travis/build/icyphy/ptII/ptolemy/domains/de/test/auto/FSM7.xml
----------------- Instantiating /home/travis/build/icyphy/ptII/ptolemy/domains/de/test/auto/FSM7.xml
6 ms. Memory: 613376K Free: 214237K (35%)
----------------- Invoking toplevel() on ptolemy.moml.MoMLSimpleApplication@5baf17ec
----------------- Done invoking toplevel() on ptolemy.moml.MoMLSimpleApplication@5baf17ec
reloadAllAccessors: .FSM7

===========================================================================================
----------------- testing Fri Jun 22 01:26:50 UTC 2018 /home/travis/build/icyphy/ptII/ptolemy/domains/de/test/auto/Inspection.xml
----------------- Instantiating /home/travis/build/icyphy/ptII/ptolemy/domains/de/test/auto/Inspection.xml
8 ms. Memory: 613376K Free: 182303K (30%)
----------------- Invoking toplevel() on ptolemy.moml.MoMLSimpleApplication@59a8f9bd
----------------- Done invoking toplevel() on ptolemy.moml.MoMLSimpleApplication@59a8f9bd
reloadAllAccessors: .Inspection

===========================================================================================
----------------- testing Fri Jun 22 01:26:50 UTC 2018 /home/travis/build/icyphy/ptII/ptolemy/domains/de/test/auto/Iteration.xml
----------------- Instantiating /home/travis/build/icyphy/ptII/ptolemy/domains/de/test/auto/Iteration.xml
3 ms. Memory: 613376K Free: 161024K (26%)
----------------- Invoking toplevel() on ptolemy.moml.MoMLSimpleApplication@60ff5b3d
----------------- Done invoking toplevel() on ptolemy.moml.MoMLSimpleApplication@60ff5b3d
reloadAllAccessors: .Iteration

===========================================================================================
----------------- testing Fri Jun 22 01:26:50 UTC 2018 /home/travis/build/icyphy/ptII/ptolemy/domains/de/test/auto/LineFault.xml
----------------- Instantiating /home/travis/build/icyphy/ptII/ptolemy/domains/de/test/auto/LineFault.xml
333 ms. Memory: 589312K Free: 540370K (92%)
----------------- Invoking toplevel() on ptolemy.moml.MoMLSimpleApplication@23bc5099
----------------- Done invoking toplevel() on ptolemy.moml.MoMLSimpleApplication@23bc5099
reloadAllAccessors: .LineFault

===========================================================================================
----------------- testing Fri Jun 22 01:26:51 UTC 2018 /home/travis/build/icyphy/ptII/ptolemy/domains/de/test/auto/MergeModel1Add.xml
----------------- Instantiating /home/travis/build/icyphy/ptII/ptolemy/domains/de/test/auto/MergeModel1Add.xml
3 ms. Memory: 589312K Free: 506010K (86%)
----------------- Invoking toplevel() on ptolemy.moml.MoMLSimpleApplication@4e842881
----------------- Done invoking toplevel() on ptolemy.moml.MoMLSimpleApplication@4e842881
reloadAllAccessors: .MergeModel1Add

===========================================================================================
----------------- testing Fri Jun 22 01:26:51 UTC 2018 /home/travis/build/icyphy/ptII/ptolemy/domains/de/test/auto/MergeModel2Add.xml
----------------- Instantiating /home/travis/build/icyphy/ptII/ptolemy/domains/de/test/auto/MergeModel2Add.xml
4 ms. Memory: 589312K Free: 480634K (82%)
----------------- Invoking toplevel() on ptolemy.moml.MoMLSimpleApplication@24f6f4d9
----------------- Done invoking toplevel() on ptolemy.moml.MoMLSimpleApplication@24f6f4d9
reloadAllAccessors: .MergeModel2Add

===========================================================================================
----------------- testing Fri Jun 22 01:26:51 UTC 2018 /home/travis/build/icyphy/ptII/ptolemy/domains/de/test/auto/MergeModel3Add.xml
----------------- Instantiating /home/travis/build/icyphy/ptII/ptolemy/domains/de/test/auto/MergeModel3Add.xml
5 ms. Memory: 589312K Free: 455253K (77%)
----------------- Invoking toplevel() on ptolemy.moml.MoMLSimpleApplication@4757d8f9
----------------- Done invoking toplevel() on ptolemy.moml.MoMLSimpleApplication@4757d8f9
reloadAllAccessors: .MergeModel3Add

===========================================================================================
----------------- testing Fri Jun 22 01:26:51 UTC 2018 /home/travis/build/icyphy/ptII/ptolemy/domains/de/test/auto/MergeWithoutDiscard.xml
----------------- Instantiating /home/travis/build/icyphy/ptII/ptolemy/domains/de/test/auto/MergeWithoutDiscard.xml
1 ms. Memory: 589312K Free: 445115K (76%)
----------------- Invoking toplevel() on ptolemy.moml.MoMLSimpleApplication@1ea5a39c
----------------- Done invoking toplevel() on ptolemy.moml.MoMLSimpleApplication@1ea5a39c
reloadAllAccessors: .MergeWithoutDiscard

===========================================================================================
----------------- testing Fri Jun 22 01:26:51 UTC 2018 /home/travis/build/icyphy/ptII/ptolemy/domains/de/test/auto/Modal1.xml
----------------- Instantiating /home/travis/build/icyphy/ptII/ptolemy/domains/de/test/auto/Modal1.xml
10 ms. Memory: 589312K Free: 429901K (73%)
----------------- Invoking toplevel() on ptolemy.moml.MoMLSimpleApplication@24fb0b10
----------------- Done invoking toplevel() on ptolemy.moml.MoMLSimpleApplication@24fb0b10
reloadAllAccessors: .Modal1

===========================================================================================
----------------- testing Fri Jun 22 01:26:51 UTC 2018 /home/travis/build/icyphy/ptII/ptolemy/domains/de/test/auto/Modal2.xml
----------------- Instantiating /home/travis/build/icyphy/ptII/ptolemy/domains/de/test/auto/Modal2.xml
6 ms. Memory: 589312K Free: 414686K (70%)
----------------- Invoking toplevel() on ptolemy.moml.MoMLSimpleApplication@7ff441e
----------------- Done invoking toplevel() on ptolemy.moml.MoMLSimpleApplication@7ff441e
reloadAllAccessors: .Modal2

===========================================================================================
----------------- testing Fri Jun 22 01:26:51 UTC 2018 /home/travis/build/icyphy/ptII/ptolemy/domains/de/test/auto/Modal3.xml
----------------- Instantiating /home/travis/build/icyphy/ptII/ptolemy/domains/de/test/auto/Modal3.xml
6 ms. Memory: 589312K Free: 396166K (67%)
----------------- Invoking toplevel() on ptolemy.moml.MoMLSimpleApplication@6be92a0d
----------------- Done invoking toplevel() on ptolemy.moml.MoMLSimpleApplication@6be92a0d
reloadAllAccessors: .Modal3

===========================================================================================
----------------- testing Fri Jun 22 01:26:51 UTC 2018 /home/travis/build/icyphy/ptII/ptolemy/domains/de/test/auto/Modal4.xml
----------------- Instantiating /home/travis/build/icyphy/ptII/ptolemy/domains/de/test/auto/Modal4.xml
9 ms. Memory: 589312K Free: 380943K (65%)
----------------- Invoking toplevel() on ptolemy.moml.MoMLSimpleApplication@68d1ff34
----------------- Done invoking toplevel() on ptolemy.moml.MoMLSimpleApplication@68d1ff34
reloadAllAccessors: .Modal4

===========================================================================================
----------------- testing Fri Jun 22 01:26:51 UTC 2018 /home/travis/build/icyphy/ptII/ptolemy/domains/de/test/auto/Modal5.xml
----------------- Instantiating /home/travis/build/icyphy/ptII/ptolemy/domains/de/test/auto/Modal5.xml
9 ms. Memory: 589312K Free: 360652K (61%)
----------------- Invoking toplevel() on ptolemy.moml.MoMLSimpleApplication@7ff827b6
----------------- Done invoking toplevel() on ptolemy.moml.MoMLSimpleApplication@7ff827b6
reloadAllAccessors: .Modal5

===========================================================================================
----------------- testing Fri Jun 22 01:26:51 UTC 2018 /home/travis/build/icyphy/ptII/ptolemy/domains/de/test/auto/Modal6.xml
----------------- Instantiating /home/travis/build/icyphy/ptII/ptolemy/domains/de/test/auto/Modal6.xml
7 ms. Memory: 589312K Free: 345430K (59%)
----------------- Invoking toplevel() on ptolemy.moml.MoMLSimpleApplication@28314518
----------------- Done invoking toplevel() on ptolemy.moml.MoMLSimpleApplication@28314518
reloadAllAccessors: .Modal6

===========================================================================================
----------------- testing Fri Jun 22 01:26:51 UTC 2018 /home/travis/build/icyphy/ptII/ptolemy/domains/de/test/auto/Modal7.xml
----------------- Instantiating /home/travis/build/icyphy/ptII/ptolemy/domains/de/test/auto/Modal7.xml
6 ms. Memory: 589312K Free: 325138K (55%)
----------------- Invoking toplevel() on ptolemy.moml.MoMLSimpleApplication@73d8781a
----------------- Done invoking toplevel() on ptolemy.moml.MoMLSimpleApplication@73d8781a
reloadAllAccessors: .Modal7

===========================================================================================
----------------- testing Fri Jun 22 01:26:51 UTC 2018 /home/travis/build/icyphy/ptII/ptolemy/domains/de/test/auto/ModalModel.xml
----------------- Instantiating /home/travis/build/icyphy/ptII/ptolemy/domains/de/test/auto/ModalModel.xml
98 ms. Memory: 589312K Free: 254071K (43%)
----------------- Invoking toplevel() on ptolemy.moml.MoMLSimpleApplication@769f31e3
----------------- Done invoking toplevel() on ptolemy.moml.MoMLSimpleApplication@769f31e3
reloadAllAccessors: .ModalModel

===========================================================================================
----------------- testing Fri Jun 22 01:26:51 UTC 2018 /home/travis/build/icyphy/ptII/ptolemy/domains/de/test/auto/ModalSource.xml
----------------- Instantiating /home/travis/build/icyphy/ptII/ptolemy/domains/de/test/auto/ModalSource.xml
4 ms. Memory: 589312K Free: 238856K (41%)
----------------- Invoking toplevel() on ptolemy.moml.MoMLSimpleApplication@d8db8d1
----------------- Done invoking toplevel() on ptolemy.moml.MoMLSimpleApplication@d8db8d1
reloadAllAccessors: .ModalSource

===========================================================================================
----------------- testing Fri Jun 22 01:26:51 UTC 2018 /home/travis/build/icyphy/ptII/ptolemy/domains/de/test/auto/NonInterruptibleTimerZeroDelay.xml
----------------- Instantiating /home/travis/build/icyphy/ptII/ptolemy/domains/de/test/auto/NonInterruptibleTimerZeroDelay.xml
2 ms. Memory: 589312K Free: 225412K (38%)
----------------- Invoking toplevel() on ptolemy.moml.MoMLSimpleApplication@5eb081ce
----------------- Done invoking toplevel() on ptolemy.moml.MoMLSimpleApplication@5eb081ce
reloadAllAccessors: .NonInterruptibleTimerZeroDelay

===========================================================================================
----------------- testing Fri Jun 22 01:26:51 UTC 2018 /home/travis/build/icyphy/ptII/ptolemy/domains/de/test/auto/OpenQueueingNetwork.xml
----------------- Instantiating /home/travis/build/icyphy/ptII/ptolemy/domains/de/test/auto/OpenQueueingNetwork.xml
1788 ms. Memory: 565760K Free: 115327K (20%)
----------------- Invoking toplevel() on ptolemy.moml.MoMLSimpleApplication@643d575d
----------------- Done invoking toplevel() on ptolemy.moml.MoMLSimpleApplication@643d575d
reloadAllAccessors: .OpenQueueingNetwork

===========================================================================================
----------------- testing Fri Jun 22 01:26:53 UTC 2018 /home/travis/build/icyphy/ptII/ptolemy/domains/de/test/auto/OpenQueuingNetwork.xml
----------------- Instantiating /home/travis/build/icyphy/ptII/ptolemy/domains/de/test/auto/OpenQueuingNetwork.xml
174 ms. Memory: 542720K Free: 481712K (89%)
----------------- Invoking toplevel() on ptolemy.moml.MoMLSimpleApplication@180a5a27
----------------- Done invoking toplevel() on ptolemy.moml.MoMLSimpleApplication@180a5a27
reloadAllAccessors: .OpenQueuingNetwork

===========================================================================================
----------------- testing Fri Jun 22 01:26:53 UTC 2018 /home/travis/build/icyphy/ptII/ptolemy/domains/de/test/auto/PeriodicSampler.xml
----------------- Instantiating /home/travis/build/icyphy/ptII/ptolemy/domains/de/test/auto/PeriodicSampler.xml
1 ms. Memory: 542720K Free: 472468K (87%)
----------------- Invoking toplevel() on ptolemy.moml.MoMLSimpleApplication@1d50a224
----------------- Done invoking toplevel() on ptolemy.moml.MoMLSimpleApplication@1d50a224
reloadAllAccessors: .PeriodicSampler

===========================================================================================
----------------- testing Fri Jun 22 01:26:53 UTC 2018 /home/travis/build/icyphy/ptII/ptolemy/domains/de/test/auto/PersistentIO.xml
----------------- Instantiating /home/travis/build/icyphy/ptII/ptolemy/domains/de/test/auto/PersistentIO.xml
4 ms. Memory: 542720K Free: 460164K (85%)
----------------- Invoking toplevel() on ptolemy.moml.MoMLSimpleApplication@6f804f16
----------------- Done invoking toplevel() on ptolemy.moml.MoMLSimpleApplication@6f804f16
reloadAllAccessors: .PersistentIO

===========================================================================================
----------------- testing Fri Jun 22 01:26:53 UTC 2018 /home/travis/build/icyphy/ptII/ptolemy/domains/de/test/auto/PortParameterResetOnInitialize.xml
----------------- Instantiating /home/travis/build/icyphy/ptII/ptolemy/domains/de/test/auto/PortParameterResetOnInitialize.xml
1 ms. Memory: 542720K Free: 449614K (83%)
----------------- Invoking toplevel() on ptolemy.moml.MoMLSimpleApplication@7284d27a
----------------- Done invoking toplevel() on ptolemy.moml.MoMLSimpleApplication@7284d27a
reloadAllAccessors: .PortParameterResetOnInitialize

===========================================================================================
----------------- testing Fri Jun 22 01:26:53 UTC 2018 /home/travis/build/icyphy/ptII/ptolemy/domains/de/test/auto/PortParameterUpdates.xml
----------------- Instantiating /home/travis/build/icyphy/ptII/ptolemy/domains/de/test/auto/PortParameterUpdates.xml
3 ms. Memory: 542720K Free: 440390K (81%)
----------------- Invoking toplevel() on ptolemy.moml.MoMLSimpleApplication@7790de78
----------------- Done invoking toplevel() on ptolemy.moml.MoMLSimpleApplication@7790de78
reloadAllAccessors: .PortParameterUpdates

===========================================================================================
----------------- testing Fri Jun 22 01:26:53 UTC 2018 /home/travis/build/icyphy/ptII/ptolemy/domains/de/test/auto/QueueAndServer.xml
----------------- Instantiating /home/travis/build/icyphy/ptII/ptolemy/domains/de/test/auto/QueueAndServer.xml
6 ms. Memory: 542720K Free: 431174K (79%)
----------------- Invoking toplevel() on ptolemy.moml.MoMLSimpleApplication@19245455
----------------- Done invoking toplevel() on ptolemy.moml.MoMLSimpleApplication@19245455
reloadAllAccessors: .QueueAndServer

===========================================================================================
----------------- testing Fri Jun 22 01:26:53 UTC 2018 /home/travis/build/icyphy/ptII/ptolemy/domains/de/test/auto/Records.xml
----------------- Instantiating /home/travis/build/icyphy/ptII/ptolemy/domains/de/test/auto/Records.xml
2 ms. Memory: 542720K Free: 420633K (78%)
----------------- Invoking toplevel() on ptolemy.moml.MoMLSimpleApplication@72b04e46
----------------- Done invoking toplevel() on ptolemy.moml.MoMLSimpleApplication@72b04e46
reloadAllAccessors: .Records

===========================================================================================
----------------- testing Fri Jun 22 01:26:53 UTC 2018 /home/travis/build/icyphy/ptII/ptolemy/domains/de/test/auto/ResetTransitionWithStartTime1.xml
----------------- Instantiating /home/travis/build/icyphy/ptII/ptolemy/domains/de/test/auto/ResetTransitionWithStartTime1.xml
4 ms. Memory: 542720K Free: 408313K (75%)
----------------- Invoking toplevel() on ptolemy.moml.MoMLSimpleApplication@773a9d30
----------------- Done invoking toplevel() on ptolemy.moml.MoMLSimpleApplication@773a9d30
reloadAllAccessors: .ResetTransitionWithStartTime1

===========================================================================================
----------------- testing Fri Jun 22 01:26:53 UTC 2018 /home/travis/build/icyphy/ptII/ptolemy/domains/de/test/auto/ResetTransitionWithStartTime2.xml
----------------- Instantiating /home/travis/build/icyphy/ptII/ptolemy/domains/de/test/auto/ResetTransitionWithStartTime2.xml
4 ms. Memory: 542720K Free: 394699K (73%)
----------------- Invoking toplevel() on ptolemy.moml.MoMLSimpleApplication@33b523b2
----------------- Done invoking toplevel() on ptolemy.moml.MoMLSimpleApplication@33b523b2
reloadAllAccessors: .ResetTransitionWithStartTime2

===========================================================================================
----------------- testing Fri Jun 22 01:26:53 UTC 2018 /home/travis/build/icyphy/ptII/ptolemy/domains/de/test/auto/ResetTransitionWithStartTime3.xml
----------------- Instantiating /home/travis/build/icyphy/ptII/ptolemy/domains/de/test/auto/ResetTransitionWithStartTime3.xml
5 ms. Memory: 542720K Free: 382403K (70%)
----------------- Invoking toplevel() on ptolemy.moml.MoMLSimpleApplication@7de50248
----------------- Done invoking toplevel() on ptolemy.moml.MoMLSimpleApplication@7de50248
reloadAllAccessors: .ResetTransitionWithStartTime3

===========================================================================================
----------------- testing Fri Jun 22 01:26:53 UTC 2018 /home/travis/build/icyphy/ptII/ptolemy/domains/de/test/auto/ResetTransitionWithStartTime4.xml
----------------- Instantiating /home/travis/build/icyphy/ptII/ptolemy/domains/de/test/auto/ResetTransitionWithStartTime4.xml
3 ms. Memory: 542720K Free: 370091K (68%)
----------------- Invoking toplevel() on ptolemy.moml.MoMLSimpleApplication@3211e309
----------------- Done invoking toplevel() on ptolemy.moml.MoMLSimpleApplication@3211e309
reloadAllAccessors: .ResetTransitionWithStartTime4

===========================================================================================
----------------- testing Fri Jun 22 01:26:53 UTC 2018 /home/travis/build/icyphy/ptII/ptolemy/domains/de/test/auto/ResettableTimer1.xml
----------------- Instantiating /home/travis/build/icyphy/ptII/ptolemy/domains/de/test/auto/ResettableTimer1.xml
2 ms. Memory: 542720K Free: 359541K (66%)
----------------- Invoking toplevel() on ptolemy.moml.MoMLSimpleApplication@245b8389
----------------- Done invoking toplevel() on ptolemy.moml.MoMLSimpleApplication@245b8389
reloadAllAccessors: .ResettableTimer1

===========================================================================================
----------------- testing Fri Jun 22 01:26:53 UTC 2018 /home/travis/build/icyphy/ptII/ptolemy/domains/de/test/auto/ResettableTimer2.xml
----------------- Instantiating /home/travis/build/icyphy/ptII/ptolemy/domains/de/test/auto/ResettableTimer2.xml
2 ms. Memory: 542720K Free: 350325K (65%)
----------------- Invoking toplevel() on ptolemy.moml.MoMLSimpleApplication@3fd81384
----------------- Done invoking toplevel() on ptolemy.moml.MoMLSimpleApplication@3fd81384
reloadAllAccessors: .ResettableTimer2

===========================================================================================
----------------- testing Fri Jun 22 01:26:53 UTC 2018 /home/travis/build/icyphy/ptII/ptolemy/domains/de/test/auto/ResettableTimer3.xml
----------------- Instantiating /home/travis/build/icyphy/ptII/ptolemy/domains/de/test/auto/ResettableTimer3.xml
1 ms. Memory: 542720K Free: 339791K (63%)
----------------- Invoking toplevel() on ptolemy.moml.MoMLSimpleApplication@74c28ff
----------------- Done invoking toplevel() on ptolemy.moml.MoMLSimpleApplication@74c28ff
reloadAllAccessors: .ResettableTimer3

===========================================================================================
----------------- testing Fri Jun 22 01:26:53 UTC 2018 /home/travis/build/icyphy/ptII/ptolemy/domains/de/test/auto/ResettableTimer4.xml
----------------- Instantiating /home/travis/build/icyphy/ptII/ptolemy/domains/de/test/auto/ResettableTimer4.xml
1 ms. Memory: 542720K Free: 330575K (61%)
----------------- Invoking toplevel() on ptolemy.moml.MoMLSimpleApplication@1b2281e2
----------------- Done invoking toplevel() on ptolemy.moml.MoMLSimpleApplication@1b2281e2
reloadAllAccessors: .ResettableTimer4

===========================================================================================
----------------- testing Fri Jun 22 01:26:54 UTC 2018 /home/travis/build/icyphy/ptII/ptolemy/domains/de/test/auto/ResettableTimer5.xml
----------------- Instantiating /home/travis/build/icyphy/ptII/ptolemy/domains/de/test/auto/ResettableTimer5.xml
1 ms. Memory: 542720K Free: 321343K (59%)
----------------- Invoking toplevel() on ptolemy.moml.MoMLSimpleApplication@1a7abd25
----------------- Done invoking toplevel() on ptolemy.moml.MoMLSimpleApplication@1a7abd25
reloadAllAccessors: .ResettableTimer5

===========================================================================================
----------------- testing Fri Jun 22 01:26:54 UTC 2018 /home/travis/build/icyphy/ptII/ptolemy/domains/de/test/auto/ResettableTimer6.xml
----------------- Instantiating /home/travis/build/icyphy/ptII/ptolemy/domains/de/test/auto/ResettableTimer6.xml
1 ms. Memory: 542720K Free: 310793K (57%)
----------------- Invoking toplevel() on ptolemy.moml.MoMLSimpleApplication@5886c174
----------------- Done invoking toplevel() on ptolemy.moml.MoMLSimpleApplication@5886c174
reloadAllAccessors: .ResettableTimer6

===========================================================================================
----------------- testing Fri Jun 22 01:26:54 UTC 2018 /home/travis/build/icyphy/ptII/ptolemy/domains/de/test/auto/ServerZeroDelay.xml
----------------- Instantiating /home/travis/build/icyphy/ptII/ptolemy/domains/de/test/auto/ServerZeroDelay.xml
2 ms. Memory: 542720K Free: 304646K (56%)
----------------- Invoking toplevel() on ptolemy.moml.MoMLSimpleApplication@20a1a611
----------------- Done invoking toplevel() on ptolemy.moml.MoMLSimpleApplication@20a1a611
reloadAllAccessors: .ServerZeroDelay

===========================================================================================
----------------- testing Fri Jun 22 01:26:54 UTC 2018 /home/travis/build/icyphy/ptII/ptolemy/domains/de/test/auto/SmartSender.xml
----------------- Instantiating /home/travis/build/icyphy/ptII/ptolemy/domains/de/test/auto/SmartSender.xml
3001 ms. Memory: 542720K Free: 294096K (54%)
----------------- Invoking toplevel() on ptolemy.moml.MoMLSimpleApplication@4063a193
----------------- Done invoking toplevel() on ptolemy.moml.MoMLSimpleApplication@4063a193
reloadAllAccessors: .SmartSender

===========================================================================================
----------------- testing Fri Jun 22 01:26:57 UTC 2018 /home/travis/build/icyphy/ptII/ptolemy/domains/de/test/auto/ThreadedComposite.xml
----------------- Instantiating /home/travis/build/icyphy/ptII/ptolemy/domains/de/test/auto/ThreadedComposite.xml
218 ms. Memory: 542720K Free: 266432K (49%)
----------------- Invoking toplevel() on ptolemy.moml.MoMLSimpleApplication@c7a53bb
----------------- Done invoking toplevel() on ptolemy.moml.MoMLSimpleApplication@c7a53bb
reloadAllAccessors: .ThreadedComposite

===========================================================================================
----------------- testing Fri Jun 22 01:26:57 UTC 2018 /home/travis/build/icyphy/ptII/ptolemy/domains/de/test/auto/Time.xml
----------------- Instantiating /home/travis/build/icyphy/ptII/ptolemy/domains/de/test/auto/Time.xml
450 ms. Memory: 542720K Free: 211127K (39%)
----------------- Invoking toplevel() on ptolemy.moml.MoMLSimpleApplication@782187d8
----------------- Done invoking toplevel() on ptolemy.moml.MoMLSimpleApplication@782187d8
reloadAllAccessors: .Time

===========================================================================================
----------------- testing Fri Jun 22 01:26:57 UTC 2018 /home/travis/build/icyphy/ptII/ptolemy/domains/de/test/auto/TimeDelayZeroDelay.xml
----------------- Instantiating /home/travis/build/icyphy/ptII/ptolemy/domains/de/test/auto/TimeDelayZeroDelay.xml
3 ms. Memory: 542720K Free: 203666K (38%)
----------------- Invoking toplevel() on ptolemy.moml.MoMLSimpleApplication@7a85f686
----------------- Done invoking toplevel() on ptolemy.moml.MoMLSimpleApplication@7a85f686
reloadAllAccessors: .TimeDelayZeroDelay

===========================================================================================
----------------- testing Fri Jun 22 01:26:57 UTC 2018 /home/travis/build/icyphy/ptII/ptolemy/domains/de/test/auto/TimerZeroDelay.xml
----------------- Instantiating /home/travis/build/icyphy/ptII/ptolemy/domains/de/test/auto/TimerZeroDelay.xml
3 ms. Memory: 542720K Free: 197522K (36%)
----------------- Invoking toplevel() on ptolemy.moml.MoMLSimpleApplication@6e292efd
----------------- Done invoking toplevel() on ptolemy.moml.MoMLSimpleApplication@6e292efd
reloadAllAccessors: .TimerZeroDelay

===========================================================================================
----------------- testing Fri Jun 22 01:26:57 UTC 2018 /home/travis/build/icyphy/ptII/ptolemy/domains/de/test/auto/TimingParadox.xml
----------------- Instantiating /home/travis/build/icyphy/ptII/ptolemy/domains/de/test/auto/TimingParadox.xml
303 ms. Memory: 542720K Free: 128548K (24%)
----------------- Invoking toplevel() on ptolemy.moml.MoMLSimpleApplication@6428f213
----------------- Done invoking toplevel() on ptolemy.moml.MoMLSimpleApplication@6428f213
reloadAllAccessors: .TimingParadox

===========================================================================================
----------------- testing Fri Jun 22 01:26:58 UTC 2018 /home/travis/build/icyphy/ptII/ptolemy/domains/de/test/auto/TransferInputs.xml
----------------- Instantiating /home/travis/build/icyphy/ptII/ptolemy/domains/de/test/auto/TransferInputs.xml
1 ms. Memory: 542720K Free: 119316K (22%)
----------------- Invoking toplevel() on ptolemy.moml.MoMLSimpleApplication@54971338
----------------- Done invoking toplevel() on ptolemy.moml.MoMLSimpleApplication@54971338
reloadAllAccessors: .TransferInputs

===========================================================================================
----------------- testing Fri Jun 22 01:26:58 UTC 2018 /home/travis/build/icyphy/ptII/ptolemy/domains/de/test/auto/TransferOutputs2.xml
----------------- Instantiating /home/travis/build/icyphy/ptII/ptolemy/domains/de/test/auto/TransferOutputs2.xml
2 ms. Memory: 542720K Free: 106996K (20%)
----------------- Invoking toplevel() on ptolemy.moml.MoMLSimpleApplication@d2d8690
----------------- Done invoking toplevel() on ptolemy.moml.MoMLSimpleApplication@d2d8690
reloadAllAccessors: .TransferOutputs2

===========================================================================================
----------------- testing Fri Jun 22 01:26:58 UTC 2018 /home/travis/build/icyphy/ptII/ptolemy/domains/de/test/auto/Trilateration.xml
----------------- Instantiating /home/travis/build/icyphy/ptII/ptolemy/domains/de/test/auto/Trilateration.xml
10599 ms. Memory: 561152K Free: 270885K (48%)
----------------- Invoking toplevel() on ptolemy.moml.MoMLSimpleApplication@1169d4f2
----------------- Done invoking toplevel() on ptolemy.moml.MoMLSimpleApplication@1169d4f2
reloadAllAccessors: .Trilateration

===========================================================================================
----------------- testing Fri Jun 22 01:27:09 UTC 2018 /home/travis/build/icyphy/ptII/ptolemy/domains/de/test/auto/TwoSigmaDelta.xml
----------------- Instantiating /home/travis/build/icyphy/ptII/ptolemy/domains/de/test/auto/TwoSigmaDelta.xml
2060 ms. Memory: 531968K Free: 417988K (79%)
----------------- Invoking toplevel() on ptolemy.moml.MoMLSimpleApplication@42b38e47
----------------- Done invoking toplevel() on ptolemy.moml.MoMLSimpleApplication@42b38e47
reloadAllAccessors: .TwoSigmaDelta

===========================================================================================
----------------- testing Fri Jun 22 01:27:11 UTC 2018 /home/travis/build/icyphy/ptII/ptolemy/domains/de/test/auto/VariableDelay.xml
----------------- Instantiating /home/travis/build/icyphy/ptII/ptolemy/domains/de/test/auto/VariableDelay.xml
4 ms. Memory: 531968K Free: 403702K (76%)
----------------- Invoking toplevel() on ptolemy.moml.MoMLSimpleApplication@3596c568
----------------- Done invoking toplevel() on ptolemy.moml.MoMLSimpleApplication@3596c568
reloadAllAccessors: .VariableDelay

===========================================================================================
----------------- testing Fri Jun 22 01:27:11 UTC 2018 /home/travis/build/icyphy/ptII/ptolemy/domains/de/test/auto/VariableDelay2.xml
----------------- Instantiating /home/travis/build/icyphy/ptII/ptolemy/domains/de/test/auto/VariableDelay2.xml
2 ms. Memory: 531968K Free: 394097K (74%)
----------------- Invoking toplevel() on ptolemy.moml.MoMLSimpleApplication@43f9d083
----------------- Done invoking toplevel() on ptolemy.moml.MoMLSimpleApplication@43f9d083
reloadAllAccessors: .VariableDelay2

===========================================================================================
----------------- testing Fri Jun 22 01:27:11 UTC 2018 /home/travis/build/icyphy/ptII/ptolemy/domains/de/test/auto/VariableDelayZeroDelay.xml
----------------- Instantiating /home/travis/build/icyphy/ptII/ptolemy/domains/de/test/auto/VariableDelayZeroDelay.xml
2 ms. Memory: 531968K Free: 384491K (72%)
----------------- Invoking toplevel() on ptolemy.moml.MoMLSimpleApplication@5a783b2c
----------------- Done invoking toplevel() on ptolemy.moml.MoMLSimpleApplication@5a783b2c
reloadAllAccessors: .VariableDelayZeroDelay

===========================================================================================
----------------- testing Fri Jun 22 01:27:11 UTC 2018 /home/travis/build/icyphy/ptII/ptolemy/domains/de/test/auto/VariableDelayZeroDelay2.xml
----------------- Instantiating /home/travis/build/icyphy/ptII/ptolemy/domains/de/test/auto/VariableDelayZeroDelay2.xml
2 ms. Memory: 531968K Free: 374885K (70%)
----------------- Invoking toplevel() on ptolemy.moml.MoMLSimpleApplication@427cdb88
----------------- Done invoking toplevel() on ptolemy.moml.MoMLSimpleApplication@427cdb88
reloadAllAccessors: .VariableDelayZeroDelay2

===========================================================================================
----------------- testing Fri Jun 22 01:27:11 UTC 2018 /home/travis/build/icyphy/ptII/ptolemy/domains/de/test/auto/deInCt.xml
----------------- Instantiating /home/travis/build/icyphy/ptII/ptolemy/domains/de/test/auto/deInCt.xml
0
1
1
1
1
0
0
0
0
0
1
1
1
0
0
0
1
1
1
0
0
0
1
1
1
0
0
0
0
1
1
1
1
0
0
0
1
1
0
0
0
0
4 ms. Memory: 531968K Free: 365280K (69%)
----------------- Invoking toplevel() on ptolemy.moml.MoMLSimpleApplication@7aa1ab75
----------------- Done invoking toplevel() on ptolemy.moml.MoMLSimpleApplication@7aa1ab75
reloadAllAccessors: .deInCt

===========================================================================================
----------------- testing Fri Jun 22 01:27:11 UTC 2018 /home/travis/build/icyphy/ptII/ptolemy/domains/de/test/auto/deInCt2.xml
----------------- Instantiating /home/travis/build/icyphy/ptII/ptolemy/domains/de/test/auto/deInCt2.xml
0
1
1
1
0
0
1
1
1
0
0
1
1
1
0
0
1
1
1
0
0
1
1
1
0
0
1
1
1
0
0
1
1
1
0
0
1
1
1
0
0
0
5 ms. Memory: 531968K Free: 355674K (67%)
----------------- Invoking toplevel() on ptolemy.moml.MoMLSimpleApplication@4238f109
----------------- Done invoking toplevel() on ptolemy.moml.MoMLSimpleApplication@4238f109
reloadAllAccessors: .deInCt2

===========================================================================================
----------------- testing Fri Jun 22 01:27:11 UTC 2018 /home/travis/build/icyphy/ptII/ptolemy/domains/de/test/auto/dynamicCausalityInterface1.xml
----------------- Instantiating /home/travis/build/icyphy/ptII/ptolemy/domains/de/test/auto/dynamicCausalityInterface1.xml
0 ms. Memory: 531968K Free: 337050K (63%)
----------------- Invoking toplevel() on ptolemy.moml.MoMLSimpleApplication@53e5a38f
----------------- Done invoking toplevel() on ptolemy.moml.MoMLSimpleApplication@53e5a38f
reloadAllAccessors: .dynamicCausalityInterface1

===========================================================================================
----------------- testing Fri Jun 22 01:27:11 UTC 2018 /home/travis/build/icyphy/ptII/ptolemy/domains/de/test/auto/fsm_de_test.xml
----------------- Instantiating /home/travis/build/icyphy/ptII/ptolemy/domains/de/test/auto/fsm_de_test.xml
4 ms. Memory: 531968K Free: 322928K (61%)
----------------- Invoking toplevel() on ptolemy.moml.MoMLSimpleApplication@705f039d
----------------- Done invoking toplevel() on ptolemy.moml.MoMLSimpleApplication@705f039d
reloadAllAccessors: .fsm_de_test

===========================================================================================
----------------- testing Fri Jun 22 01:27:11 UTC 2018 /home/travis/build/icyphy/ptII/ptolemy/domains/de/test/auto/functionDependencyReconstruction.xml
----------------- Instantiating /home/travis/build/icyphy/ptII/ptolemy/domains/de/test/auto/functionDependencyReconstruction.xml
2 ms. Memory: 531968K Free: 299813K (56%)
----------------- Invoking toplevel() on ptolemy.moml.MoMLSimpleApplication@62e00fd0
----------------- Done invoking toplevel() on ptolemy.moml.MoMLSimpleApplication@62e00fd0
reloadAllAccessors: .functionDependencyReconstruction

===========================================================================================
----------------- testing Fri Jun 22 01:27:11 UTC 2018 /home/travis/build/icyphy/ptII/ptolemy/domains/de/test/auto/multirate.xml
----------------- Instantiating /home/travis/build/icyphy/ptII/ptolemy/domains/de/test/auto/multirate.xml
2 ms. Memory: 531968K Free: 285691K (54%)
----------------- Invoking toplevel() on ptolemy.moml.MoMLSimpleApplication@33e2c90b
----------------- Done invoking toplevel() on ptolemy.moml.MoMLSimpleApplication@33e2c90b
reloadAllAccessors: .multirate

===========================================================================================
----------------- testing Fri Jun 22 01:27:11 UTC 2018 /home/travis/build/icyphy/ptII/ptolemy/domains/de/test/auto/multirate2.xml
----------------- Instantiating /home/travis/build/icyphy/ptII/ptolemy/domains/de/test/auto/multirate2.xml
3 ms. Memory: 531968K Free: 272173K (51%)
----------------- Invoking toplevel() on ptolemy.moml.MoMLSimpleApplication@2bda14ac
----------------- Done invoking toplevel() on ptolemy.moml.MoMLSimpleApplication@2bda14ac
reloadAllAccessors: .multirate2

===========================================================================================
----------------- testing Fri Jun 22 01:27:11 UTC 2018 /home/travis/build/icyphy/ptII/ptolemy/domains/de/test/auto/realtime.xml
----------------- Instantiating /home/travis/build/icyphy/ptII/ptolemy/domains/de/test/auto/realtime.xml
10002 ms. Memory: 531968K Free: 262568K (49%)
----------------- Invoking toplevel() on ptolemy.moml.MoMLSimpleApplication@364d67a3
----------------- Done invoking toplevel() on ptolemy.moml.MoMLSimpleApplication@364d67a3
reloadAllAccessors: .realtime

===========================================================================================
----------------- testing Fri Jun 22 01:27:21 UTC 2018 /home/travis/build/icyphy/ptII/ptolemy/domains/de/test/auto/relationGroup.xml
----------------- Instantiating /home/travis/build/icyphy/ptII/ptolemy/domains/de/test/auto/relationGroup.xml
2 ms. Memory: 531968K Free: 252962K (48%)
----------------- Invoking toplevel() on ptolemy.moml.MoMLSimpleApplication@e1e1cb9
----------------- Done invoking toplevel() on ptolemy.moml.MoMLSimpleApplication@e1e1cb9
reloadAllAccessors: .relationGroup

===========================================================================================
----------------- testing Fri Jun 22 01:27:22 UTC 2018 /home/travis/build/icyphy/ptII/ptolemy/domains/de/test/auto/relationGroup2.xml
----------------- Instantiating /home/travis/build/icyphy/ptII/ptolemy/domains/de/test/auto/relationGroup2.xml
1 ms. Memory: 531968K Free: 243357K (46%)
----------------- Invoking toplevel() on ptolemy.moml.MoMLSimpleApplication@85a14ac
----------------- Done invoking toplevel() on ptolemy.moml.MoMLSimpleApplication@85a14ac
reloadAllAccessors: .relationGroup2

===========================================================================================
----------------- testing Fri Jun 22 01:27:22 UTC 2018 /home/travis/build/icyphy/ptII/ptolemy/domains/de/test/auto/sortWithOpaquePorts.xml
----------------- Instantiating /home/travis/build/icyphy/ptII/ptolemy/domains/de/test/auto/sortWithOpaquePorts.xml
1 ms. Memory: 531968K Free: 233751K (44%)
----------------- Invoking toplevel() on ptolemy.moml.MoMLSimpleApplication@6648b03f
----------------- Done invoking toplevel() on ptolemy.moml.MoMLSimpleApplication@6648b03f
reloadAllAccessors: .sortWithOpaquePorts

===========================================================================================
----------------- testing Fri Jun 22 01:27:22 UTC 2018 /home/travis/build/icyphy/ptII/ptolemy/domains/de/test/auto/transferInputsandOutputs.xml
----------------- Instantiating /home/travis/build/icyphy/ptII/ptolemy/domains/de/test/auto/transferInputsandOutputs.xml
1 ms. Memory: 531968K Free: 219629K (41%)
----------------- Invoking toplevel() on ptolemy.moml.MoMLSimpleApplication@3a311794
----------------- Done invoking toplevel() on ptolemy.moml.MoMLSimpleApplication@3a311794
reloadAllAccessors: .transferInputsandOutputs

===========================================================================================
----------------- testing Fri Jun 22 01:27:22 UTC 2018 /home/travis/build/icyphy/ptII/ptolemy/domains/de/test/auto/triggerType.xml
----------------- Instantiating /home/travis/build/icyphy/ptII/ptolemy/domains/de/test/auto/triggerType.xml
1 ms. Memory: 531968K Free: 210024K (39%)
----------------- Invoking toplevel() on ptolemy.moml.MoMLSimpleApplication@2465ae0e
----------------- Done invoking toplevel() on ptolemy.moml.MoMLSimpleApplication@2465ae0e
reloadAllAccessors: .triggerType
AutoTests.java: About to close Vertx.
AutoTests.java: Vertx closed.
]]></system-out>
  <system-err><![CDATA[java.lang.RuntimeException: Execution failed
	at ptolemy.moml.MoMLSimpleApplication$UnloadThread.run(MoMLSimpleApplication.java:402)
Caused by: ptolemy.kernel.util.IllegalActionException: Found a zero delay loop containing .dependencyLoop.original
  in .dependencyLoop and .dependencyLoop.original
	at ptolemy.actor.util.CausalityInterfaceForComposites._computeOutputPortDepth(CausalityInterfaceForComposites.java:759)
	at ptolemy.actor.util.CausalityInterfaceForComposites._computeInputDepth(CausalityInterfaceForComposites.java:696)
	at ptolemy.actor.util.CausalityInterfaceForComposites._computeOutputPortDepth(CausalityInterfaceForComposites.java:765)
	at ptolemy.actor.util.CausalityInterfaceForComposites._computeInputDepth(CausalityInterfaceForComposites.java:696)
	at ptolemy.actor.util.CausalityInterfaceForComposites._computeOutputPortDepth(CausalityInterfaceForComposites.java:765)
	at ptolemy.actor.util.CausalityInterfaceForComposites._computeInputDepth(CausalityInterfaceForComposites.java:696)
	at ptolemy.actor.util.CausalityInterfaceForComposites._computeActorDepth(CausalityInterfaceForComposites.java:532)
	at ptolemy.actor.util.CausalityInterfaceForComposites.checkForCycles(CausalityInterfaceForComposites.java:96)
	at ptolemy.domains.de.kernel.DEDirector.preinitialize(DEDirector.java:1338)
	at ptolemy.actor.CompositeActor.preinitialize(CompositeActor.java:1828)
	at ptolemy.actor.Manager.preinitializeAndResolveTypes(Manager.java:1040)
	at ptolemy.actor.Manager.initialize(Manager.java:710)
	at ptolemy.actor.Manager.execute(Manager.java:356)
	at ptolemy.actor.Manager.run(Manager.java:1263)
	at ptolemy.actor.Manager$PtolemyRunThread.run(Manager.java:1915)
java.lang.RuntimeException: Execution failed
	at ptolemy.moml.MoMLSimpleApplication$UnloadThread.run(MoMLSimpleApplication.java:402)
Caused by: ptolemy.kernel.util.IllegalActionException: Found a zero delay loop containing .dependencyLoop2.original
  in .dependencyLoop2 and .dependencyLoop2.original
	at ptolemy.actor.util.CausalityInterfaceForComposites._computeOutputPortDepth(CausalityInterfaceForComposites.java:759)
	at ptolemy.actor.util.CausalityInterfaceForComposites._computeInputDepth(CausalityInterfaceForComposites.java:696)
	at ptolemy.actor.util.CausalityInterfaceForComposites._computeOutputPortDepth(CausalityInterfaceForComposites.java:765)
	at ptolemy.actor.util.CausalityInterfaceForComposites._computeInputDepth(CausalityInterfaceForComposites.java:696)
	at ptolemy.actor.util.CausalityInterfaceForComposites._computeOutputPortDepth(CausalityInterfaceForComposites.java:765)
	at ptolemy.actor.util.CausalityInterfaceForComposites._computeInputDepth(CausalityInterfaceForComposites.java:696)
	at ptolemy.actor.util.CausalityInterfaceForComposites._computeActorDepth(CausalityInterfaceForComposites.java:532)
	at ptolemy.actor.util.CausalityInterfaceForComposites.checkForCycles(CausalityInterfaceForComposites.java:96)
	at ptolemy.domains.de.kernel.DEDirector.preinitialize(DEDirector.java:1338)
	at ptolemy.actor.CompositeActor.preinitialize(CompositeActor.java:1828)
	at ptolemy.actor.Manager.preinitializeAndResolveTypes(Manager.java:1040)
	at ptolemy.actor.Manager.initialize(Manager.java:710)
	at ptolemy.actor.Manager.execute(Manager.java:356)
	at ptolemy.actor.Manager.run(Manager.java:1263)
	at ptolemy.actor.Manager$PtolemyRunThread.run(Manager.java:1915)
java.lang.RuntimeException: Execution failed
	at ptolemy.moml.MoMLSimpleApplication$UnloadThread.run(MoMLSimpleApplication.java:402)
Caused by: ptolemy.kernel.util.IllegalActionException: Found a zero delay loop containing .dependencyLoop.original
  in .dependencyLoop and .dependencyLoop.original
	at ptolemy.actor.util.CausalityInterfaceForComposites._computeOutputPortDepth(CausalityInterfaceForComposites.java:759)
	at ptolemy.actor.util.CausalityInterfaceForComposites._computeInputDepth(CausalityInterfaceForComposites.java:696)
	at ptolemy.actor.util.CausalityInterfaceForComposites._computeOutputPortDepth(CausalityInterfaceForComposites.java:765)
	at ptolemy.actor.util.CausalityInterfaceForComposites._computeInputDepth(CausalityInterfaceForComposites.java:696)
	at ptolemy.actor.util.CausalityInterfaceForComposites._computeOutputPortDepth(CausalityInterfaceForComposites.java:765)
	at ptolemy.actor.util.CausalityInterfaceForComposites._computeInputDepth(CausalityInterfaceForComposites.java:696)
	at ptolemy.actor.util.CausalityInterfaceForComposites._computeActorDepth(CausalityInterfaceForComposites.java:532)
	at ptolemy.actor.util.CausalityInterfaceForComposites.checkForCycles(CausalityInterfaceForComposites.java:96)
	at ptolemy.domains.de.kernel.DEDirector.preinitialize(DEDirector.java:1338)
	at ptolemy.actor.CompositeActor.preinitialize(CompositeActor.java:1828)
	at ptolemy.actor.Manager.preinitializeAndResolveTypes(Manager.java:1040)
	at ptolemy.actor.Manager.initialize(Manager.java:710)
	at ptolemy.actor.Manager.execute(Manager.java:356)
	at ptolemy.actor.Manager.run(Manager.java:1263)
	at ptolemy.actor.Manager$PtolemyRunThread.run(Manager.java:1915)
java.lang.RuntimeException: Execution failed
	at ptolemy.moml.MoMLSimpleApplication$UnloadThread.run(MoMLSimpleApplication.java:402)
Caused by: ptolemy.kernel.util.IllegalActionException: Actor is not ready to fire.  Perhaps UpSample.prefire() returned false? Try debugging the actor by selecting "Listen to Actor".  Also, for SDF check moml for tokenConsumptionRate on input.
  in .DESDFClockTest.Play Bell.Copy1:SDF Director and .DESDFClockTest.Play Bell.UpSample
	at ptolemy.actor.sched.StaticSchedulingDirector.fire(StaticSchedulingDirector.java:227)
	at ptolemy.domains.sdf.kernel.SDFDirector.fire(SDFDirector.java:500)
	at ptolemy.actor.CompositeActor.fire(CompositeActor.java:455)
	at ptolemy.domains.de.kernel.DEDirector._fire(DEDirector.java:1949)
	at ptolemy.domains.de.kernel.DEDirector.fire(DEDirector.java:502)
	at ptolemy.actor.CompositeActor.fire(CompositeActor.java:455)
	at ptolemy.actor.Manager.iterate(Manager.java:851)
	at ptolemy.actor.Manager.execute(Manager.java:369)
	at ptolemy.actor.Manager.run(Manager.java:1263)
	at ptolemy.actor.Manager$PtolemyRunThread.run(Manager.java:1915)
java.lang.RuntimeException: Execution failed
	at ptolemy.moml.MoMLSimpleApplication$UnloadThread.run(MoMLSimpleApplication.java:402)
Caused by: ptolemy.kernel.util.IllegalActionException: Found a zero delay loop containing .dependencyLoop2.original
  in .dependencyLoop2 and .dependencyLoop2.original
	at ptolemy.actor.util.CausalityInterfaceForComposites._computeOutputPortDepth(CausalityInterfaceForComposites.java:759)
	at ptolemy.actor.util.CausalityInterfaceForComposites._computeInputDepth(CausalityInterfaceForComposites.java:696)
	at ptolemy.actor.util.CausalityInterfaceForComposites._computeOutputPortDepth(CausalityInterfaceForComposites.java:765)
	at ptolemy.actor.util.CausalityInterfaceForComposites._computeInputDepth(CausalityInterfaceForComposites.java:696)
	at ptolemy.actor.util.CausalityInterfaceForComposites._computeOutputPortDepth(CausalityInterfaceForComposites.java:765)
	at ptolemy.actor.util.CausalityInterfaceForComposites._computeInputDepth(CausalityInterfaceForComposites.java:696)
	at ptolemy.actor.util.CausalityInterfaceForComposites._computeActorDepth(CausalityInterfaceForComposites.java:532)
	at ptolemy.actor.util.CausalityInterfaceForComposites.checkForCycles(CausalityInterfaceForComposites.java:96)
	at ptolemy.domains.de.kernel.DEDirector.preinitialize(DEDirector.java:1338)
	at ptolemy.actor.CompositeActor.preinitialize(CompositeActor.java:1828)
	at ptolemy.actor.Manager.preinitializeAndResolveTypes(Manager.java:1040)
	at ptolemy.actor.Manager.initialize(Manager.java:710)
	at ptolemy.actor.Manager.execute(Manager.java:356)
	at ptolemy.actor.Manager.run(Manager.java:1263)
	at ptolemy.actor.Manager$PtolemyRunThread.run(Manager.java:1915)
java.lang.RuntimeException: Execution failed
	at ptolemy.moml.MoMLSimpleApplication$UnloadThread.run(MoMLSimpleApplication.java:402)
Caused by: ptolemy.kernel.util.IllegalActionException: Found a zero delay loop containing .HierarchicalModel.A
  in .HierarchicalModel and .HierarchicalModel.A
	at ptolemy.actor.util.CausalityInterfaceForComposites._computeOutputPortDepth(CausalityInterfaceForComposites.java:759)
	at ptolemy.actor.util.CausalityInterfaceForComposites._computeInputDepth(CausalityInterfaceForComposites.java:696)
	at ptolemy.actor.util.CausalityInterfaceForComposites._computeOutputPortDepth(CausalityInterfaceForComposites.java:765)
	at ptolemy.actor.util.CausalityInterfaceForComposites._computeInputDepth(CausalityInterfaceForComposites.java:696)
	at ptolemy.actor.util.CausalityInterfaceForComposites._computeOutputPortDepth(CausalityInterfaceForComposites.java:765)
	at ptolemy.actor.util.CausalityInterfaceForComposites._computeInputDepth(CausalityInterfaceForComposites.java:696)
	at ptolemy.actor.util.CausalityInterfaceForComposites._computeActorDepth(CausalityInterfaceForComposites.java:532)
	at ptolemy.actor.util.CausalityInterfaceForComposites.checkForCycles(CausalityInterfaceForComposites.java:96)
	at ptolemy.domains.de.kernel.DEDirector.preinitialize(DEDirector.java:1338)
	at ptolemy.actor.CompositeActor.preinitialize(CompositeActor.java:1828)
	at ptolemy.actor.Manager.preinitializeAndResolveTypes(Manager.java:1040)
	at ptolemy.actor.Manager.initialize(Manager.java:710)
	at ptolemy.actor.Manager.execute(Manager.java:356)
	at ptolemy.actor.Manager.run(Manager.java:1263)
	at ptolemy.actor.Manager$PtolemyRunThread.run(Manager.java:1915)
java.lang.RuntimeException: Execution failed
	at ptolemy.moml.MoMLSimpleApplication$UnloadThread.run(MoMLSimpleApplication.java:402)
Caused by: ptolemy.kernel.util.IllegalActionException: Test fails in iteration 1.
Value was: 1.0. Should have been: 2.0
  in .DirectFeedback.Test
	at ptolemy.actor.lib.Test.fire(Test.java:268)
	at ptolemy.domains.de.kernel.DEDirector._fire(DEDirector.java:1949)
	at ptolemy.domains.de.kernel.DEDirector.fire(DEDirector.java:502)
	at ptolemy.actor.CompositeActor.fire(CompositeActor.java:455)
	at ptolemy.actor.Manager.iterate(Manager.java:851)
	at ptolemy.actor.Manager.execute(Manager.java:369)
	at ptolemy.actor.Manager.run(Manager.java:1263)
	at ptolemy.actor.Manager$PtolemyRunThread.run(Manager.java:1915)
java.lang.RuntimeException: Execution failed
	at ptolemy.moml.MoMLSimpleApplication$UnloadThread.run(MoMLSimpleApplication.java:402)
Caused by: ptolemy.kernel.util.IllegalActionException: Actor is not ready to fire.  Perhaps UpSample.prefire() returned false? Try debugging the actor by selecting "Listen to Actor".  Also, for SDF check moml for tokenConsumptionRate on input.
  in .DESDFClockTest.Play Bell.Copy1:SDF Director and .DESDFClockTest.Play Bell.UpSample
	at ptolemy.actor.sched.StaticSchedulingDirector.fire(StaticSchedulingDirector.java:227)
	at ptolemy.domains.sdf.kernel.SDFDirector.fire(SDFDirector.java:500)
	at ptolemy.actor.CompositeActor.fire(CompositeActor.java:455)
	at ptolemy.domains.de.kernel.DEDirector._fire(DEDirector.java:1949)
	at ptolemy.domains.de.kernel.DEDirector.fire(DEDirector.java:502)
	at ptolemy.actor.CompositeActor.fire(CompositeActor.java:455)
	at ptolemy.actor.Manager.iterate(Manager.java:851)
	at ptolemy.actor.Manager.execute(Manager.java:369)
	at ptolemy.actor.Manager.run(Manager.java:1263)
	at ptolemy.actor.Manager$PtolemyRunThread.run(Manager.java:1915)
java.lang.reflect.InvocationTargetException
	at sun.reflect.NativeConstructorAccessorImpl.newInstance0(Native Method)
	at sun.reflect.NativeConstructorAccessorImpl.newInstance(NativeConstructorAccessorImpl.java:62)
	at sun.reflect.DelegatingConstructorAccessorImpl.newInstance(DelegatingConstructorAccessorImpl.java:45)
	at java.lang.reflect.Constructor.newInstance(Constructor.java:423)
	at ptolemy.util.test.junit.AutoKnownFailedTests.RunModel(AutoKnownFailedTests.java:107)
	at sun.reflect.NativeMethodAccessorImpl.invoke0(Native Method)
	at sun.reflect.NativeMethodAccessorImpl.invoke(NativeMethodAccessorImpl.java:62)
	at sun.reflect.DelegatingMethodAccessorImpl.invoke(DelegatingMethodAccessorImpl.java:43)
	at java.lang.reflect.Method.invoke(Method.java:498)
	at org.junit.runners.model.FrameworkMethod$1.runReflectiveCall(FrameworkMethod.java:44)
	at org.junit.internal.runners.model.ReflectiveCallable.run(ReflectiveCallable.java:15)
	at org.junit.runners.model.FrameworkMethod.invokeExplosively(FrameworkMethod.java:41)
	at junitparams.internal.InvokeParameterisedMethod.evaluate(InvokeParameterisedMethod.java:102)
	at org.junit.internal.runners.statements.FailOnTimeout$1.run(FailOnTimeout.java:28)
Caused by: ptolemy.kernel.util.IllegalActionException: Actor is not ready to fire.  Perhaps UpSample.prefire() returned false? Try debugging the actor by selecting "Listen to Actor".  Also, for SDF check moml for tokenConsumptionRate on input.
  in .DESDFClockTest.Play Bell.Copy1:SDF Director and .DESDFClockTest.Play Bell.UpSample
	at ptolemy.actor.sched.StaticSchedulingDirector.fire(StaticSchedulingDirector.java:227)
	at ptolemy.domains.sdf.kernel.SDFDirector.fire(SDFDirector.java:500)
	at ptolemy.actor.CompositeActor.fire(CompositeActor.java:455)
	at ptolemy.domains.de.kernel.DEDirector._fire(DEDirector.java:1949)
	at ptolemy.domains.de.kernel.DEDirector.fire(DEDirector.java:502)
	at ptolemy.actor.CompositeActor.fire(CompositeActor.java:455)
	at ptolemy.actor.Manager.iterate(Manager.java:851)
	at ptolemy.actor.Manager.execute(Manager.java:369)
	at ptolemy.actor.Manager.run(Manager.java:1263)
	at ptolemy.actor.Manager$PtolemyRunThread.run(Manager.java:1915)
java.lang.RuntimeException: Execution failed
	at ptolemy.moml.MoMLSimpleApplication$UnloadThread.run(MoMLSimpleApplication.java:402)
Caused by: ptolemy.kernel.util.IllegalActionException: Test fails in iteration 1.
Value was: 1.0. Should have been: 2.0
  in .DirectFeedback.Test
	at ptolemy.actor.lib.Test.fire(Test.java:268)
	at ptolemy.domains.de.kernel.DEDirector._fire(DEDirector.java:1949)
	at ptolemy.domains.de.kernel.DEDirector.fire(DEDirector.java:502)
	at ptolemy.actor.CompositeActor.fire(CompositeActor.java:455)
	at ptolemy.actor.Manager.iterate(Manager.java:851)
	at ptolemy.actor.Manager.execute(Manager.java:369)
	at ptolemy.actor.Manager.run(Manager.java:1263)
	at ptolemy.actor.Manager$PtolemyRunThread.run(Manager.java:1915)
java.lang.reflect.InvocationTargetException
	at sun.reflect.NativeConstructorAccessorImpl.newInstance0(Native Method)
	at sun.reflect.NativeConstructorAccessorImpl.newInstance(NativeConstructorAccessorImpl.java:62)
	at sun.reflect.DelegatingConstructorAccessorImpl.newInstance(DelegatingConstructorAccessorImpl.java:45)
	at java.lang.reflect.Constructor.newInstance(Constructor.java:423)
	at ptolemy.util.test.junit.AutoKnownFailedTests.RunModel(AutoKnownFailedTests.java:107)
	at sun.reflect.NativeMethodAccessorImpl.invoke0(Native Method)
	at sun.reflect.NativeMethodAccessorImpl.invoke(NativeMethodAccessorImpl.java:62)
	at sun.reflect.DelegatingMethodAccessorImpl.invoke(DelegatingMethodAccessorImpl.java:43)
	at java.lang.reflect.Method.invoke(Method.java:498)
	at org.junit.runners.model.FrameworkMethod$1.runReflectiveCall(FrameworkMethod.java:44)
	at org.junit.internal.runners.model.ReflectiveCallable.run(ReflectiveCallable.java:15)
	at org.junit.runners.model.FrameworkMethod.invokeExplosively(FrameworkMethod.java:41)
	at junitparams.internal.InvokeParameterisedMethod.evaluate(InvokeParameterisedMethod.java:102)
	at org.junit.internal.runners.statements.FailOnTimeout$1.run(FailOnTimeout.java:28)
Caused by: ptolemy.kernel.util.IllegalActionException: Test fails in iteration 1.
Value was: 1.0. Should have been: 2.0
  in .DirectFeedback.Test
	at ptolemy.actor.lib.Test.fire(Test.java:268)
	at ptolemy.domains.de.kernel.DEDirector._fire(DEDirector.java:1949)
	at ptolemy.domains.de.kernel.DEDirector.fire(DEDirector.java:502)
	at ptolemy.actor.CompositeActor.fire(CompositeActor.java:455)
	at ptolemy.actor.Manager.iterate(Manager.java:851)
	at ptolemy.actor.Manager.execute(Manager.java:369)
	at ptolemy.actor.Manager.run(Manager.java:1263)
	at ptolemy.actor.Manager$PtolemyRunThread.run(Manager.java:1915)
java.lang.RuntimeException: Execution failed
	at ptolemy.moml.MoMLSimpleApplication$UnloadThread.run(MoMLSimpleApplication.java:402)
Caused by: ptolemy.kernel.util.IllegalActionException: Found a zero delay loop containing .HierarchicalModel.A
  in .HierarchicalModel and .HierarchicalModel.A
	at ptolemy.actor.util.CausalityInterfaceForComposites._computeOutputPortDepth(CausalityInterfaceForComposites.java:759)
	at ptolemy.actor.util.CausalityInterfaceForComposites._computeInputDepth(CausalityInterfaceForComposites.java:696)
	at ptolemy.actor.util.CausalityInterfaceForComposites._computeOutputPortDepth(CausalityInterfaceForComposites.java:765)
	at ptolemy.actor.util.CausalityInterfaceForComposites._computeInputDepth(CausalityInterfaceForComposites.java:696)
	at ptolemy.actor.util.CausalityInterfaceForComposites._computeOutputPortDepth(CausalityInterfaceForComposites.java:765)
	at ptolemy.actor.util.CausalityInterfaceForComposites._computeInputDepth(CausalityInterfaceForComposites.java:696)
	at ptolemy.actor.util.CausalityInterfaceForComposites._computeActorDepth(CausalityInterfaceForComposites.java:532)
	at ptolemy.actor.util.CausalityInterfaceForComposites.checkForCycles(CausalityInterfaceForComposites.java:96)
	at ptolemy.domains.de.kernel.DEDirector.preinitialize(DEDirector.java:1338)
	at ptolemy.actor.CompositeActor.preinitialize(CompositeActor.java:1828)
	at ptolemy.actor.Manager.preinitializeAndResolveTypes(Manager.java:1040)
	at ptolemy.actor.Manager.initialize(Manager.java:710)
	at ptolemy.actor.Manager.execute(Manager.java:356)
	at ptolemy.actor.Manager.run(Manager.java:1263)
	at ptolemy.actor.Manager$PtolemyRunThread.run(Manager.java:1915)
java.lang.reflect.InvocationTargetException
	at sun.reflect.NativeConstructorAccessorImpl.newInstance0(Native Method)
	at sun.reflect.NativeConstructorAccessorImpl.newInstance(NativeConstructorAccessorImpl.java:62)
	at sun.reflect.DelegatingConstructorAccessorImpl.newInstance(DelegatingConstructorAccessorImpl.java:45)
	at java.lang.reflect.Constructor.newInstance(Constructor.java:423)
	at ptolemy.util.test.junit.AutoKnownFailedTests.RunModel(AutoKnownFailedTests.java:107)
	at sun.reflect.NativeMethodAccessorImpl.invoke0(Native Method)
	at sun.reflect.NativeMethodAccessorImpl.invoke(NativeMethodAccessorImpl.java:62)
	at sun.reflect.DelegatingMethodAccessorImpl.invoke(DelegatingMethodAccessorImpl.java:43)
	at java.lang.reflect.Method.invoke(Method.java:498)
	at org.junit.runners.model.FrameworkMethod$1.runReflectiveCall(FrameworkMethod.java:44)
	at org.junit.internal.runners.model.ReflectiveCallable.run(ReflectiveCallable.java:15)
	at org.junit.runners.model.FrameworkMethod.invokeExplosively(FrameworkMethod.java:41)
	at junitparams.internal.InvokeParameterisedMethod.evaluate(InvokeParameterisedMethod.java:102)
	at org.junit.internal.runners.statements.FailOnTimeout$1.run(FailOnTimeout.java:28)
Caused by: ptolemy.kernel.util.IllegalActionException: Found a zero delay loop containing .HierarchicalModel.A
  in .HierarchicalModel and .HierarchicalModel.A
	at ptolemy.actor.util.CausalityInterfaceForComposites._computeOutputPortDepth(CausalityInterfaceForComposites.java:759)
	at ptolemy.actor.util.CausalityInterfaceForComposites._computeInputDepth(CausalityInterfaceForComposites.java:696)
	at ptolemy.actor.util.CausalityInterfaceForComposites._computeOutputPortDepth(CausalityInterfaceForComposites.java:765)
	at ptolemy.actor.util.CausalityInterfaceForComposites._computeInputDepth(CausalityInterfaceForComposites.java:696)
	at ptolemy.actor.util.CausalityInterfaceForComposites._computeOutputPortDepth(CausalityInterfaceForComposites.java:765)
	at ptolemy.actor.util.CausalityInterfaceForComposites._computeInputDepth(CausalityInterfaceForComposites.java:696)
	at ptolemy.actor.util.CausalityInterfaceForComposites._computeActorDepth(CausalityInterfaceForComposites.java:532)
	at ptolemy.actor.util.CausalityInterfaceForComposites.checkForCycles(CausalityInterfaceForComposites.java:96)
	at ptolemy.domains.de.kernel.DEDirector.preinitialize(DEDirector.java:1338)
	at ptolemy.actor.CompositeActor.preinitialize(CompositeActor.java:1828)
	at ptolemy.actor.Manager.preinitializeAndResolveTypes(Manager.java:1040)
	at ptolemy.actor.Manager.initialize(Manager.java:710)
	at ptolemy.actor.Manager.execute(Manager.java:356)
	at ptolemy.actor.Manager.run(Manager.java:1263)
	at ptolemy.actor.Manager$PtolemyRunThread.run(Manager.java:1915)
java.lang.RuntimeException: Execution failed
	at ptolemy.moml.MoMLSimpleApplication$UnloadThread.run(MoMLSimpleApplication.java:402)
Caused by: ptolemy.kernel.util.IllegalActionException: Found a zero delay loop containing .dependencyLoop.original
  in .dependencyLoop and .dependencyLoop.original
	at ptolemy.actor.util.CausalityInterfaceForComposites._computeOutputPortDepth(CausalityInterfaceForComposites.java:759)
	at ptolemy.actor.util.CausalityInterfaceForComposites._computeInputDepth(CausalityInterfaceForComposites.java:696)
	at ptolemy.actor.util.CausalityInterfaceForComposites._computeOutputPortDepth(CausalityInterfaceForComposites.java:765)
	at ptolemy.actor.util.CausalityInterfaceForComposites._computeInputDepth(CausalityInterfaceForComposites.java:696)
	at ptolemy.actor.util.CausalityInterfaceForComposites._computeOutputPortDepth(CausalityInterfaceForComposites.java:765)
	at ptolemy.actor.util.CausalityInterfaceForComposites._computeInputDepth(CausalityInterfaceForComposites.java:696)
	at ptolemy.actor.util.CausalityInterfaceForComposites._computeActorDepth(CausalityInterfaceForComposites.java:532)
	at ptolemy.actor.util.CausalityInterfaceForComposites.checkForCycles(CausalityInterfaceForComposites.java:96)
	at ptolemy.domains.de.kernel.DEDirector.preinitialize(DEDirector.java:1338)
	at ptolemy.actor.CompositeActor.preinitialize(CompositeActor.java:1828)
	at ptolemy.actor.Manager.preinitializeAndResolveTypes(Manager.java:1040)
	at ptolemy.actor.Manager.initialize(Manager.java:710)
	at ptolemy.actor.Manager.execute(Manager.java:356)
	at ptolemy.actor.Manager.run(Manager.java:1263)
	at ptolemy.actor.Manager$PtolemyRunThread.run(Manager.java:1915)
java.lang.reflect.InvocationTargetException
	at sun.reflect.NativeConstructorAccessorImpl.newInstance0(Native Method)
	at sun.reflect.NativeConstructorAccessorImpl.newInstance(NativeConstructorAccessorImpl.java:62)
	at sun.reflect.DelegatingConstructorAccessorImpl.newInstance(DelegatingConstructorAccessorImpl.java:45)
	at java.lang.reflect.Constructor.newInstance(Constructor.java:423)
	at ptolemy.util.test.junit.AutoKnownFailedTests.RunModel(AutoKnownFailedTests.java:107)
	at sun.reflect.NativeMethodAccessorImpl.invoke0(Native Method)
	at sun.reflect.NativeMethodAccessorImpl.invoke(NativeMethodAccessorImpl.java:62)
	at sun.reflect.DelegatingMethodAccessorImpl.invoke(DelegatingMethodAccessorImpl.java:43)
	at java.lang.reflect.Method.invoke(Method.java:498)
	at org.junit.runners.model.FrameworkMethod$1.runReflectiveCall(FrameworkMethod.java:44)
	at org.junit.internal.runners.model.ReflectiveCallable.run(ReflectiveCallable.java:15)
	at org.junit.runners.model.FrameworkMethod.invokeExplosively(FrameworkMethod.java:41)
	at junitparams.internal.InvokeParameterisedMethod.evaluate(InvokeParameterisedMethod.java:102)
	at org.junit.internal.runners.statements.FailOnTimeout$1.run(FailOnTimeout.java:28)
Caused by: ptolemy.kernel.util.IllegalActionException: Found a zero delay loop containing .dependencyLoop.original
  in .dependencyLoop and .dependencyLoop.original
	at ptolemy.actor.util.CausalityInterfaceForComposites._computeOutputPortDepth(CausalityInterfaceForComposites.java:759)
	at ptolemy.actor.util.CausalityInterfaceForComposites._computeInputDepth(CausalityInterfaceForComposites.java:696)
	at ptolemy.actor.util.CausalityInterfaceForComposites._computeOutputPortDepth(CausalityInterfaceForComposites.java:765)
	at ptolemy.actor.util.CausalityInterfaceForComposites._computeInputDepth(CausalityInterfaceForComposites.java:696)
	at ptolemy.actor.util.CausalityInterfaceForComposites._computeOutputPortDepth(CausalityInterfaceForComposites.java:765)
	at ptolemy.actor.util.CausalityInterfaceForComposites._computeInputDepth(CausalityInterfaceForComposites.java:696)
	at ptolemy.actor.util.CausalityInterfaceForComposites._computeActorDepth(CausalityInterfaceForComposites.java:532)
	at ptolemy.actor.util.CausalityInterfaceForComposites.checkForCycles(CausalityInterfaceForComposites.java:96)
	at ptolemy.domains.de.kernel.DEDirector.preinitialize(DEDirector.java:1338)
	at ptolemy.actor.CompositeActor.preinitialize(CompositeActor.java:1828)
	at ptolemy.actor.Manager.preinitializeAndResolveTypes(Manager.java:1040)
	at ptolemy.actor.Manager.initialize(Manager.java:710)
	at ptolemy.actor.Manager.execute(Manager.java:356)
	at ptolemy.actor.Manager.run(Manager.java:1263)
	at ptolemy.actor.Manager$PtolemyRunThread.run(Manager.java:1915)
java.lang.RuntimeException: Execution failed
	at ptolemy.moml.MoMLSimpleApplication$UnloadThread.run(MoMLSimpleApplication.java:402)
Caused by: ptolemy.kernel.util.IllegalActionException: Found a zero delay loop containing .dependencyLoop2.original
  in .dependencyLoop2 and .dependencyLoop2.original
	at ptolemy.actor.util.CausalityInterfaceForComposites._computeOutputPortDepth(CausalityInterfaceForComposites.java:759)
	at ptolemy.actor.util.CausalityInterfaceForComposites._computeInputDepth(CausalityInterfaceForComposites.java:696)
	at ptolemy.actor.util.CausalityInterfaceForComposites._computeOutputPortDepth(CausalityInterfaceForComposites.java:765)
	at ptolemy.actor.util.CausalityInterfaceForComposites._computeInputDepth(CausalityInterfaceForComposites.java:696)
	at ptolemy.actor.util.CausalityInterfaceForComposites._computeOutputPortDepth(CausalityInterfaceForComposites.java:765)
	at ptolemy.actor.util.CausalityInterfaceForComposites._computeInputDepth(CausalityInterfaceForComposites.java:696)
	at ptolemy.actor.util.CausalityInterfaceForComposites._computeActorDepth(CausalityInterfaceForComposites.java:532)
	at ptolemy.actor.util.CausalityInterfaceForComposites.checkForCycles(CausalityInterfaceForComposites.java:96)
	at ptolemy.domains.de.kernel.DEDirector.preinitialize(DEDirector.java:1338)
	at ptolemy.actor.CompositeActor.preinitialize(CompositeActor.java:1828)
	at ptolemy.actor.Manager.preinitializeAndResolveTypes(Manager.java:1040)
	at ptolemy.actor.Manager.initialize(Manager.java:710)
	at ptolemy.actor.Manager.execute(Manager.java:356)
	at ptolemy.actor.Manager.run(Manager.java:1263)
	at ptolemy.actor.Manager$PtolemyRunThread.run(Manager.java:1915)
java.lang.reflect.InvocationTargetException
	at sun.reflect.NativeConstructorAccessorImpl.newInstance0(Native Method)
	at sun.reflect.NativeConstructorAccessorImpl.newInstance(NativeConstructorAccessorImpl.java:62)
	at sun.reflect.DelegatingConstructorAccessorImpl.newInstance(DelegatingConstructorAccessorImpl.java:45)
	at java.lang.reflect.Constructor.newInstance(Constructor.java:423)
	at ptolemy.util.test.junit.AutoKnownFailedTests.RunModel(AutoKnownFailedTests.java:107)
	at sun.reflect.NativeMethodAccessorImpl.invoke0(Native Method)
	at sun.reflect.NativeMethodAccessorImpl.invoke(NativeMethodAccessorImpl.java:62)
	at sun.reflect.DelegatingMethodAccessorImpl.invoke(DelegatingMethodAccessorImpl.java:43)
	at java.lang.reflect.Method.invoke(Method.java:498)
	at org.junit.runners.model.FrameworkMethod$1.runReflectiveCall(FrameworkMethod.java:44)
	at org.junit.internal.runners.model.ReflectiveCallable.run(ReflectiveCallable.java:15)
	at org.junit.runners.model.FrameworkMethod.invokeExplosively(FrameworkMethod.java:41)
	at junitparams.internal.InvokeParameterisedMethod.evaluate(InvokeParameterisedMethod.java:102)
	at org.junit.internal.runners.statements.FailOnTimeout$1.run(FailOnTimeout.java:28)
Caused by: ptolemy.kernel.util.IllegalActionException: Found a zero delay loop containing .dependencyLoop2.original
  in .dependencyLoop2 and .dependencyLoop2.original
	at ptolemy.actor.util.CausalityInterfaceForComposites._computeOutputPortDepth(CausalityInterfaceForComposites.java:759)
	at ptolemy.actor.util.CausalityInterfaceForComposites._computeInputDepth(CausalityInterfaceForComposites.java:696)
	at ptolemy.actor.util.CausalityInterfaceForComposites._computeOutputPortDepth(CausalityInterfaceForComposites.java:765)
	at ptolemy.actor.util.CausalityInterfaceForComposites._computeInputDepth(CausalityInterfaceForComposites.java:696)
	at ptolemy.actor.util.CausalityInterfaceForComposites._computeOutputPortDepth(CausalityInterfaceForComposites.java:765)
	at ptolemy.actor.util.CausalityInterfaceForComposites._computeInputDepth(CausalityInterfaceForComposites.java:696)
	at ptolemy.actor.util.CausalityInterfaceForComposites._computeActorDepth(CausalityInterfaceForComposites.java:532)
	at ptolemy.actor.util.CausalityInterfaceForComposites.checkForCycles(CausalityInterfaceForComposites.java:96)
	at ptolemy.domains.de.kernel.DEDirector.preinitialize(DEDirector.java:1338)
	at ptolemy.actor.CompositeActor.preinitialize(CompositeActor.java:1828)
	at ptolemy.actor.Manager.preinitializeAndResolveTypes(Manager.java:1040)
	at ptolemy.actor.Manager.initialize(Manager.java:710)
	at ptolemy.actor.Manager.execute(Manager.java:356)
	at ptolemy.actor.Manager.run(Manager.java:1263)
	at ptolemy.actor.Manager$PtolemyRunThread.run(Manager.java:1915)
]]></system-err>
</testsuite>
