<?xml version="1.0" encoding="UTF-8" ?>
<testsuite errors="0" failures="0" hostname="travis-job-d244dd70-e9b6-4ef6-b219-eab3c1beb97e" name="ptolemy.actor.lib.test.junit.JUnitTclTest" skipped="0" tests="517" time="58.622" timestamp="2019-02-22T18:49:06">
  <properties>
    <property name="npm.executable" value="npm" />
    <property name="file.encoding.pkg" value="sun.io" />
    <property name="env.TRAVIS_ROOT" value="/" />
    <property name="ptII.mk.exists" value="true" />
    <property name="env.TRAVIS_APP_HOST" value="build.travis-ci.org" />
    <property name="env.rvm_bin_path" value="/home/travis/.rvm/bin" />
    <property name="java.home" value="/usr/lib/jvm/java-8-oracle/jre" />
    <property name="env.TRAVIS_JOB_NUMBER" value="1012.8" />
    <property name="env.TRAVIS_HOME" value="/home/travis" />
    <property name="env.DISPLAY" value=":99.0" />
    <property name="java.net.preferIPv4Stack" value="true" />
    <property name="env.TRAVIS_INIT" value="upstart" />
    <property name="env.SSH_TTY" value="/dev/pts/0" />
    <property name="env.RUN_TESTS" value="true" />
    <property name="timeout.short" value="1000000" />
    <property name="env.TRAVIS_JOB_NAME" value="" />
    <property name="env.TRAVIS_STACK_NODE_ATTRIBUTES" value="/.node-attributes.yml" />
    <property name="junit.formatter" value="xml" />
    <property name="java.endorsed.dirs" value="/usr/lib/jvm/java-8-oracle/jre/lib/endorsed" />
    <property name="env.TRAVIS_SUDO" value="true" />
    <property name="env.LOGNAME" value="travis" />
    <property name="env.PT_TRAVIS_TEST_CORE1_XML" value="true" />
    <property name="jsdoc.home" value="node_modules/@terraswarm/jsdoc" />
    <property name="debuglevel" value="source,lines,vars" />
    <property name="checkstyle.formatter" value="xml" />
    <property name="bin.vergil.makeable" value="true" />
    <property name="env._system_version" value="14.04" />
    <property name="sun.os.patch.level" value="unknown" />
    <property name="java.vendor.url" value="http://java.oracle.com/" />
    <property name="env.TRAVIS_BUILD_WEB_URL" value="https://travis-ci.org/icyphy/ptII/builds/497168913" />
    <property name="java.version" value="1.8.0_151" />
    <property name="env.TZ" value="UTC" />
    <property name="env.PT_NO_NET" value="true" />
    <property name="env.TRAVIS_PULL_REQUEST_SHA" value="" />
    <property name="env.TRAVIS_SECURE_ENV_VARS" value="true" />
    <property name="env._system_type" value="Linux" />
    <property name="java.vendor.url.bug" value="http://bugreport.sun.com/bugreport/" />
    <property name="env.SSH_CLIENT" value="10.10.4.92 59392 22" />
    <property name="npmjs-org-is-up" value="true" />
    <property name="env.GEM_HOME" value="/home/travis/.rvm/gems/ruby-2.4.1" />
    <property name="env.HAS_ANTARES_THREE_LITTLE_FRONZIES_BADGE" value="true" />
    <property name="env.PS4" value="+" />
    <property name="ant.project.invoked-targets" value="build,test.core1.xml" />
    <property name="env.TRAVIS_PULL_REQUEST_BRANCH" value="" />
    <property name="env.TRAVIS_REPO_SLUG" value="icyphy/ptII" />
    <property name="env.TRAVIS_APT_PROXY" value="http://build-cache.travisci.net" />
    <property name="node.in.path" value="true" />
    <property name="java.maxmemory" value="1400m" />
    <property name="env.RUBY_VERSION" value="ruby-2.4.1" />
    <property name="user.name" value="travis" />
    <property name="env.LANG" value="en_US.UTF-8" />
    <property name="sun.io.unicode.encoding" value="UnicodeLittle" />
    <property name="sun.jnu.encoding" value="UTF-8" />
    <property name="java.runtime.name" value="Java(TM) SE Runtime Environment" />
    <property name="usefile" value="false" />
    <property name="return.code" value="0" />
    <property name="junit.single.formatter" value="plain" />
    <property name="env.DYLD_LIBRARY_PATH" value="/home/travis/pthla/certi-tools/lib:" />
    <property name="env.DEBIAN_FRONTEND" value="noninteractive" />
    <property name="env.SSH_CONNECTION" value="10.10.4.92 59392 10.20.7.239 22" />
    <property name="env.MYSQL_UNIX_PORT" value="/var/run/mysqld/mysqld.sock" />
    <property name="env.TRAVIS_ALLOW_FAILURE" value="false" />
    <property name="env.LC_ALL" value="en_US.UTF-8" />
    <property name="env.TRAVIS_JOB_WEB_URL" value="https://travis-ci.org/icyphy/ptII/jobs/497168921" />
    <property name="java.specification.name" value="Java Platform API Specification" />
    <property name="node.works" value="true" />
    <property name="user.timezone" value="" />
    <property name="path.separator" value=":" />
    <property name="env.TRAVIS_ENABLE_INFRA_DETECTION" value="true" />
    <property name="env.PYTHON_CFLAGS" value="-g -fstack-protector --param=ssp-buffer-size=4 -Wformat -Werror=format-security" />
    <property name="timeout.long" value="4000000" />
    <property name="env.CERTI_HOME" value="/home/travis/pthla/certi-tools" />
    <property name="file.encoding" value="UTF-8" />
    <property name="ant.file.ptII" value="/home/travis/build/icyphy/ptII/build.xml" />
    <property name="javadoc.packagenames" value="com.*,diva.*,lbnl.*,org.hlacerti.*,org.json.*,org.ptolemy.*,org.terraswarm.*,ptolemy.*,ptserver.*" />
    <property name="env.TRAVIS_PULL_REQUEST_SLUG" value="" />
    <property name="ant.project.default-target" value="build" />
    <property name="env.GIT_ASKPASS" value="echo" />
    <property name="env.HOME" value="/home/travis" />
    <property name="sun.java.command" value="org.apache.tools.ant.taskdefs.optional.junit.JUnitTestRunner ptolemy.actor.lib.test.junit.JUnitTclTest skipNonTests=false filtertrace=true haltOnError=false haltOnFailure=false formatter=org.apache.tools.ant.taskdefs.optional.junit.OutErrSummaryJUnitResultFormatter showoutput=true outputtoformatters=true logfailedtests=true threadid=0 logtestlistenerevents=false formatter=org.apache.tools.ant.taskdefs.optional.junit.XMLJUnitResultFormatter,/home/travis/build/icyphy/ptII/reports/junit/TEST-ptolemy.actor.lib.test.junit.JUnitTclTest.xml crashfile=/home/travis/build/icyphy/ptII/junitvmwatcher1056663208773510190.properties propsfile=/home/travis/build/icyphy/ptII/junit4899881568795426809.properties" />
    <property name="env.MANPATH" value="/home/travis/.nvm/versions/node/v7.10.1/share/man:/home/travis/.kiex/elixirs/elixir-1.4.5/man:/home/travis/.rvm/rubies/ruby-2.4.1/share/man:/usr/local/man:/usr/local/cmake-3.9.2/man:/usr/local/clang-5.0.0/share/man:/usr/local/share/man:/usr/share/man:/home/travis/.rvm/man" />
    <property name="env.COMPOSER_NO_INTERACTION" value="1" />
    <property name="env.JDK_SWITCHER_DEFAULT" value="oraclejdk8" />
    <property name="env.TRAVIS_TIMER_ID" value="137a36e4" />
    <property name="ant.file" value="/home/travis/build/icyphy/ptII/build.xml" />
    <property name="env.TRAVIS_COMMIT_RANGE" value="c32ec7872967...87bfa9e67fc9" />
    <property name="env._system_name" value="Ubuntu" />
    <property name="timeout" value="2400000" />
    <property name="ptII.classpath.optional.property" value="/home/travis/build/icyphy/ptII/lib/bsh-2.0b4.jar:/home/travis/build/icyphy/ptII/lib/ptCal.jar:/home/travis/build/icyphy/ptII/lib/java_cup.jar:/home/travis/build/icyphy/ptII/lib/saxon8.jar:/home/travis/build/icyphy/ptII/lib/saxon8-dom.jar:/home/travis/build/icyphy/ptII/lib/chic.jar:/home/travis/build/icyphy/ptII/lib/ptcolt.jar:/usr/lib/jvm/java-8-oracle/lib/tools.jar:/home/travis/build/icyphy/ptII/vendors/misc/itext/iText.jar:/home/travis/build/icyphy/ptII/lib/g4ltl.jar:/home/travis/build/icyphy/ptII/lib/StructuralCoder.jar:/home/travis/build/icyphy/ptII/vendors/jai-1_1_2_01/lib/jai_core.jar:/home/travis/build/icyphy/ptII/vendors/jai-1_1_2_01/lib/jai_codec.jar:/home/travis/build/icyphy/ptII/lib/jcerti.jar:/home/travis/build/icyphy/ptII/lib/javax.mail.jar:/home/travis/build/icyphy/ptII/vendors/JMF-2.1.1e/lib/jmf.jar:/home/travis/build/icyphy/ptII/lib/jna-4.0.0-variadic.jar:/home/travis/build/icyphy/ptII/vendors/misc/joystick/Joystick.jar:/home/travis/build/icyphy/ptII/lib/ptjacl.jar:/home/travis/build/icyphy/ptII/lib/jsoup-1.8.2.jar:/home/travis/build/icyphy/ptII/lib/junit-4.8.2.jar:/home/travis/build/icyphy/ptII/lib/JUnitParams-0.4.0.jar:/home/travis/build/icyphy/ptII/ptolemy/actor/lib/excel/jxl.jar:/home/travis/build/icyphy/ptII/lib/jython.jar:/home/travis/build/icyphy/ptII/lib/kieler.jar:/home/travis/build/icyphy/ptII/vendors/opencv/share/OpenCV/java/opencv-341.jar:/home/travis/build/icyphy/ptII/lib/oscP5.jar:/home/travis/build/icyphy/ptII/lib/nrjavaserial-3.11.0.devel.jar:/home/travis/build/icyphy/ptII/vendors/j3d/lib/j3dcore.jar:/home/travis/build/icyphy/ptII/vendors/j3d/lib/j3dutils.jar:/home/travis/build/icyphy/ptII/vendors/j3d/lib/vecmath.jar:/home/travis/build/icyphy/ptII/ptolemy/distributed/jini/jar/jini-core.jar:/home/travis/build/icyphy/ptII/ptolemy/distributed/jini/jar/jini-ext.jar:/home/travis/build/icyphy/ptII/ptolemy/distributed/jini/jar/sun-util.jar:/home/travis/build/icyphy/ptII/lib/protobuf-java-2.4.1.jar:/home/travis/build/icyphy/ptII/lib/org.eclipse.paho.client.mqttv3.jar:/home/travis/build/icyphy/ptII/lib/mapss.jar:/home/travis/build/icyphy/ptII/ptolemy/actor/ptalon/antlr/antlr.jar:/home/travis/build/icyphy/ptII/lib/JRI.jar:/home/travis/build/icyphy/ptII/lib/commons-lang-2.6.jar:/home/travis/build/icyphy/ptII/lib/commons-logging-1.1.1.jar:/home/travis/build/icyphy/ptII/lib/sootclasses.jar:/home/travis/build/icyphy/ptII/ptolemy/actor/lib/database/mysql-connector-java-5.1.6-bin.jar:/home/travis/build/icyphy/ptII/vendors/misc/sphinx4/sphinx4-data-5prealpha.jar:/home/travis/build/icyphy/ptII/vendors/misc/sphinx4/sphinx4-core-5prealpha.jar:/home/travis/build/icyphy/ptII/lib/PDFRenderer.jar:/home/travis/build/icyphy/ptII/lib/svgSalamander.jar:/home/travis/build/icyphy/ptII/lib/rsyntaxtextarea-2.6.0-SNAPSHOT.jar:/home/travis/build/icyphy/ptII/lib/hazelcast-3.8.2.jar:/home/travis/build/icyphy/ptII/lib/jackson-annotations-2.9.0.jar:/home/travis/build/icyphy/ptII/lib/jackson-core-2.9.3.jar:/home/travis/build/icyphy/ptII/lib/jackson-databind-2.9.3.jar:/home/travis/build/icyphy/ptII/lib/netty-buffer-4.1.19.Final.jar:/home/travis/build/icyphy/ptII/lib/netty-codec-4.1.19.Final.jar:/home/travis/build/icyphy/ptII/lib/netty-codec-dns-4.1.19.Final.jar:/home/travis/build/icyphy/ptII/lib/netty-codec-http-4.1.19.Final.jar:/home/travis/build/icyphy/ptII/lib/netty-codec-http2-4.1.19.Final.jar:/home/travis/build/icyphy/ptII/lib/netty-common-4.1.19.Final.jar:/home/travis/build/icyphy/ptII/lib/netty-handler-4.1.19.Final.jar:/home/travis/build/icyphy/ptII/lib/netty-resolver-4.1.19.Final.jar:/home/travis/build/icyphy/ptII/lib/netty-resolver-dns-4.1.19.Final.jar:/home/travis/build/icyphy/ptII/lib/netty-transport-4.1.19.Final.jar:/home/travis/build/icyphy/ptII/lib/vertx-codegen-3.5.1.jar:/home/travis/build/icyphy/ptII/lib/vertx-core-3.5.2-SNAPSHOT.jar:/home/travis/build/icyphy/ptII/lib/vertx-hazelcast-3.5.1.jar:/home/travis/build/icyphy/ptII/lib/vertx-lang-js-3.5.1.jar:/home/travis/build/icyphy/ptII/lib/vertx-service-proxy-3.5.1.jar:/home/travis/build/icyphy/ptII/lib/vertx-web-3.5.1.jar:/home/travis/build/icyphy/ptII/lib/slf4j-api-1.7.13.jar:/home/travis/build/icyphy/ptII/lib/slf4j-simple-1.7.13.jar:/home/travis/build/icyphy/ptII/lib/webcam-capture-0.3.12.jar:/home/travis/build/icyphy/ptII/lib/bridj-0.7.0.jar:/home/travis/build/icyphy/ptII/lib/xbjlib-1.1.0.nrjavaserial.jar" />
    <property name="test.batch" value="**/junit/*.java" />
    <property name="env._" value="/usr/bin/timeout" />
    <property name="java.io.tmpdir" value="/tmp" />
    <property name="env.TRAVIS_INTERNAL_RUBY_REGEX" value="^ruby-(2\.[0-4]\.[0-9]|1\.9\.3)" />
    <property name="user.language" value="en" />
    <property name="env.HISTCONTROL" value="ignoredups:ignorespace" />
    <property name="env.GOROOT" value="/home/travis/.gimme/versions/go1.7.4.linux.amd64" />
    <property name="line.separator" value="&#xa;" />
    <property name="target" value="1.8" />
    <property name="env.TRAVIS_BUILD_DIR" value="/home/travis/build/icyphy/ptII" />
    <property name="env.ANT_OPTS" value="-Xmx2048m" />
    <property name="ant.file.type" value="file" />
    <property name="ptolemy.ptII.batchMode" value="true" />
    <property name="env.HISTSIZE" value="1000" />
    <property name="env.MERB_ENV" value="test" />
    <property name="java.vm.info" value="mixed mode" />
    <property name="source" value="1.8" />
    <property name="java.vm.specification.name" value="Java Virtual Machine Specification" />
    <property name="env.TRAVIS_TEST_RESULT" value="0" />
    <property name="jsdoc.command" value="node_modules/@terraswarm/jsdoc/jsdoc.js" />
    <property name="npm.works" value="true" />
    <property name="cobertura.dir" value="/home/travis/build/icyphy/ptII/vendors/cobertura-2.0.3" />
    <property name="env.rvm_path" value="/home/travis/.rvm" />
    <property name="env.GEM_PATH" value="/home/travis/.rvm/gems/ruby-2.4.1:/home/travis/.rvm/gems/ruby-2.4.1@global" />
    <property name="env.LC_CTYPE" value="en_US.UTF-8" />
    <property name="java.awt.printerjob" value="sun.print.PSPrinterJob" />
    <property name="env.TRAVIS_CMD" value="$PTII/bin/ptIITravisBuild.sh $SECONDS" />
    <property name="env.TRAVIS_STACK_NAME" value="garnet" />
    <property name="env.TRAVIS_TIMER_START_TIME" value="1550860984989120274" />
    <property name="ant.version" value="Apache Ant(TM) version 1.10.1 compiled on February 2 2017" />
    <property name="ptII.reports" value="/home/travis/build/icyphy/ptII/reports" />
    <property name="env.TRAVIS_STACK_TIMESTAMP" value="2017-12-05 19:33:09 UTC" />
    <property name="ant.file.type.ptII" value="file" />
    <property name="env.RBENV_SHELL" value="bash" />
    <property name="os.name" value="Linux" />
    <property name="java.specification.vendor" value="Oracle Corporation" />
    <property name="env.rvm_version" value="1.29.3 (latest)" />
    <property name="env.TRAVIS_INFRA" value="gce" />
    <property name="env.TERM" value="xterm" />
    <property name="java.vm.name" value="Java HotSpot(TM) 64-Bit Server VM" />
    <property name="env.TRAVIS_BUILD_NUMBER" value="1012" />
    <property name="env.CI" value="true" />
    <property name="java.library.path" value="/home/travis/pthla/certi-tools/lib:/usr/lib/jni:/usr/local/share/OpenCV/java/:/usr/share/OpenCV/java::/usr/java/packages/lib/amd64:/usr/lib64:/lib64:/lib:/usr/lib" />
    <property name="env.rvm_prefix" value="/home/travis" />
    <property name="env.PATH" value="/home/travis/pthla/certi-tools/share/scripts:/home/travis/.rvm/gems/ruby-2.4.1/bin:/home/travis/.rvm/gems/ruby-2.4.1@global/bin:/home/travis/.rvm/rubies/ruby-2.4.1/bin:/home/travis/.rvm/bin:/home/travis/.nvm/versions/node/v7.10.1/bin:./node_modules/.bin:/home/travis/build/icyphy/ptII/bin:/home/travis/pthla/certi-tools/bin:/home/travis/bin:/home/travis/.local/bin:/opt/pyenv/shims:/home/travis/.phpenv/shims:/home/travis/perl5/perlbrew/bin:/home/travis/.kiex/elixirs/elixir-1.4.5/bin:/home/travis/.kiex/bin:/home/travis/gopath/bin:/home/travis/.gimme/versions/go1.7.4.linux.amd64/bin:/usr/local/phantomjs/bin:/usr/local/phantomjs:/usr/local/neo4j-3.2.7/bin:/usr/local/maven-3.5.2/bin:/usr/local/cmake-3.9.2/bin:/usr/local/clang-5.0.0/bin:/usr/local/sbin:/usr/local/bin:/usr/sbin:/usr/bin:/sbin:/bin:/home/travis/.phpenv/bin:/opt/pyenv/bin:/home/travis/.yarn/bin" />
    <property name="env.TRAVIS_OS_NAME" value="linux" />
    <property name="ant.java.version" value="1.8" />
    <property name="basedir" value="/home/travis/build/icyphy/ptII" />
    <property name="java.class.version" value="52.0" />
    <property name="env.SHLVL" value="3" />
    <property name="env.LD_LIBRARY_PATH" value="/home/travis/pthla/certi-tools/lib:/usr/lib/jni:/usr/local/share/OpenCV/java/:/usr/share/OpenCV/java:" />
    <property name="env.RACK_ENV" value="test" />
    <property name="ant.home" value="/home/travis/build/icyphy/ptII/ant" />
    <property name="env.PERLBREW_BASHRC_VERSION" value="0.80" />
    <property name="env.NVM_DIR" value="/home/travis/.nvm" />
    <property name="env.TRAVIS_BUILD_ID" value="497168913" />
    <property name="env.CERTI_FOM_PATH" value="/home/travis/pthla/certi-tools/share/federations" />
    <property name="env.PYENV_ROOT" value="/opt/pyenv" />
    <property name="env.TRAVIS_UID" value="2000" />
    <property name="env.rvm_pretty_print_flag" value="auto" />
    <property name="env.NVM_BIN" value="/home/travis/.nvm/versions/node/v7.10.1/bin" />
    <property name="env.TRAVIS_COMMIT" value="87bfa9e67fc9e77503a72e3778c9c7021be2a8aa" />
    <property name="env._system_arch" value="x86_64" />
    <property name="node.executable" value="node" />
    <property name="sun.boot.library.path" value="/usr/lib/jvm/java-8-oracle/jre/lib/amd64" />
    <property name="sun.management.compiler" value="HotSpot 64-Bit Tiered Compilers" />
    <property name="env.GOPATH" value="/home/travis/gopath" />
    <property name="java.awt.graphicsenv" value="sun.awt.X11GraphicsEnvironment" />
    <property name="ptolemy.ptII.dir" value="/home/travis/build/icyphy/ptII" />
    <property name="env.USER" value="travis" />
    <property name="env.HISTFILESIZE" value="2000" />
    <property name="timeout.longest" value="19000000" />
    <property name="env.TRAVIS_STACK_FEATURES" value="basic cassandra chromium couchdb disabled-ipv6 docker docker-compose elasticsearch firefox go-toolchain google-chrome jdk memcached mongodb mysql neo4j nodejs_interpreter perl_interpreter perlbrew phantomjs postgresql python_interpreter rabbitmq redis riak ruby_interpreter sqlite xserver" />
    <property name="env.TRAVIS_PULL_REQUEST" value="false" />
    <property name="env.PYENV_SHELL" value="bash" />
    <property name="ant.project.name" value="ptII" />
    <property name="java.vm.specification.version" value="1.8" />
    <property name="env.ANSI_RESET" value="\033[0m" />
    <property name="env.TRAVIS_DIST" value="trusty" />
    <property name="env.CERTI_VERSION" value="4.0.0" />
    <property name="env.NLSPATH" value="/usr/dt/lib/nls/msg/%L/%N.cat" />
    <property name="awt.toolkit" value="sun.awt.X11.XToolkit" />
    <property name="env.CERTI_HOST" value="localhost" />
    <property name="env.MY_RUBY_HOME" value="/home/travis/.rvm/rubies/ruby-2.4.1" />
    <property name="sun.cpu.isalist" value="" />
    <property name="env.TRAVIS_TMPDIR" value="/tmp/tmp.Mi2dwYA07Q" />
    <property name="java.ext.dirs" value="/usr/lib/jvm/java-8-oracle/jre/lib/ext:/usr/java/packages/lib/ext" />
    <property name="os.version" value="4.4.0-101-generic" />
    <property name="user.home" value="/home/travis" />
    <property name="env.MIX_ARCHIVES" value="/home/travis/.kiex/mix/elixir-1.4.5" />
    <property name="java.vm.vendor" value="Oracle Corporation" />
    <property name="env.TRAVIS_TAG" value="nightly" />
    <property name="env.ANSI_YELLOW" value="\033[33;1m" />
    <property name="env.TRAVIS_FILTERED" value="redirect_io" />
    <property name="env.ANSI_GREEN" value="\033[32;1m" />
    <property name="env.JAVA_HOME" value="/usr/lib/jvm/java-8-oracle" />
    <property name="env.PTII" value="/home/travis/build/icyphy/ptII" />
    <property name="javadoc.excludepackagenames" value="adm.cvs2svn.*,build.*,config.*,doc.coding.templates.*,jni.test.jni.meaningOfLife.*,jni.test.jni.testDeux.*,jni.test.jni.testTrois.*,org.terraswarm.accessor.accessors.web.node_modules.*,org.terraswarm.accessor.accessors.web.hosts.cordova.demo.*,org.terraswarm.accessor.accessors.web.hosts.cordova.plugins.*,org.terraswarm.accessor.accessors-svn.*,pt-modules.*,ptolemy.apps.agilent.*,ptolemy.apps.anytimecontrol.*,ptolemy.apps.apes.*,ptolemy.apps.charon.*,ptolemy.apps.crazyboard.*,ptolemy.apps.eclipse.*,ptolemy.apps.etherealSting.*,ptolemy.apps.fullscreen.*,ptolemy.apps.giotto.*,ptolemy.apps.ia.*,ptolemy.apps.interfaces.*,ptolemy.apps.jmf.*,ptolemy.apps.kurt.*,ptolemy.apps.kvm.*,ptolemy.apps.lego.*,ptolemy.apps.lejos.*,ptolemy.apps.midp.*,ptolemy.apps.mobileCoding.*,ptolemy.apps.pendulum.*,ptolemy.apps.rijndael.*,ptolemy.apps.robot.*,ptolemy.apps.security.*,ptolemy.apps.sobel.*,ptolemy.apps.soot.*,ptolemy.apps.throttle.*,ptolemy.apps.tini.*,ptolemy.apps.transmission.*,ptolemy.apps.vergil.*,ptolemy.apps.waba.*,ptolemy.apps.websensor.*,ptolemy.apps.webstart.*,ptolemy.apps.xsl.*,ptolemy.apps.zaurus.*,ptolemy.codegen.c.actor.lib.oldJavaFiles.*,ptolemy.codegen.dsp.lib.*,ptolemy.codegen.kernel.newInterfaces.*,ptolemy.codegen.lib.*,ptolemy.copernicus.kernel.fragment.*,ptolemy.copernicus.shallow.cg.*,ptolemy.domains.giotto.demo.Hierarchy.Hierarchy.*,ptolemy.domains.giotto.demo.Multimode.Multimode.*,ptolemy.domains.giotto.demo.Simple.Simple.*,ptolemy.domains.gr.lib.experimental.*,ptolemy.domains.gro.*,ptolemy.domains.pdf.*,ptolemy.domains.ptinyos.demo.Surge.output.*,ptolemy.moml.test.NoPackageActor.java*,ptolemy.plot.adm.*,ptolemy.plot.servlet.*,reports.*,signed.*,src.*,target.*,vendors.*,ptolemy.apps.eclipse.awt.*,ptolemy.backtrack.*,ptolemy.backtrack.ast.*,ptolemy.cg.adapter.generic.program.procedural.c.mbed*,ptolemy.homer.*,org.ptolemy.scala.*,diva.util.java2d.svg.*,ptolemy.domains.ptinyos.*,ptolemy.actor.lib.fmi.fmipp.*,,org.terraswarm.accessor.accessors.web.node_modules.*,org.terraswarm.accessor.accessors-svn,ptolemy.apps.*,ptolemy.actor.ptalon.demo.ptinyos.SendAndReceiveCnt.output,ptolemy.actor.ptalon.demo.ptinyos.SenseToLeds.output,ptolemy.domains.ptinyos.demo.CntToLedsAndRfm.output,ptolemy.domains.ptinyos.demo.RfmToLeds.output,ptolemy.domains.ptinyos.demo.SendAndReceiveCnt.output,ptolemy.domains.ptinyos.demo.SenseToLeds.output,ptolemy.actor.lib.jjs.modules.udpSocket.*" />
    <property name="env.TRAVIS_COMMIT_MESSAGE" value="Fixed parameter name" />
    <property name="keystore" value="ptKeystore" />
    <property name="env.XDG_SESSION_ID" value="2" />
    <property name="junit.output.dir" value="/home/travis/build/icyphy/ptII/reports/junit" />
    <property name="npm.return.code" value="0" />
    <property name="user.dir" value="/home/travis/build/icyphy/ptII/ptolemy/actor/lib/test" />
    <property name="env.TRAVIS_NODE_VERSION" value="7" />
    <property name="env.XFILESEARCHPATH" value="/usr/dt/app-defaults/%L/Dt" />
    <property name="env.TRAVIS_EVENT_TYPE" value="push" />
    <property name="env.MAIL" value="/var/mail/travis" />
    <property name="env.PWD" value="/home/travis/build/icyphy/ptII" />
    <property name="env.PERLBREW_ROOT" value="/home/travis/perl5/perlbrew" />
    <property name="timeout.npm" value="45000" />
    <property name="env.TRAVIS_ARCH" value="amd64" />
    <property name="env.PAGER" value="cat" />
    <property name="sun.cpu.endian" value="little" />
    <property name="env.TRAVIS_BUILD_STAGE_NAME" value="Test" />
    <property name="env.PERLBREW_HOME" value="/home/travis/.perlbrew" />
    <property name="env.RAILS_ENV" value="test" />
    <property name="java.vm.version" value="25.151-b12" />
    <property name="java.class.path" value="/home/travis/.ptolemyII:/home/travis/.ptolemyII/*:/home/travis/build/icyphy/ptII:/home/travis/build/icyphy/ptII/lib/bsh-2.0b4.jar:/home/travis/build/icyphy/ptII/lib/ptCal.jar:/home/travis/build/icyphy/ptII/lib/java_cup.jar:/home/travis/build/icyphy/ptII/lib/saxon8.jar:/home/travis/build/icyphy/ptII/lib/saxon8-dom.jar:/home/travis/build/icyphy/ptII/lib/chic.jar:/home/travis/build/icyphy/ptII/lib/ptcolt.jar:/usr/lib/jvm/java-8-oracle/lib/tools.jar:/home/travis/build/icyphy/ptII/vendors/misc/itext/iText.jar:/home/travis/build/icyphy/ptII/lib/g4ltl.jar:/home/travis/build/icyphy/ptII/lib/StructuralCoder.jar:/home/travis/build/icyphy/ptII/vendors/jai-1_1_2_01/lib/jai_core.jar:/home/travis/build/icyphy/ptII/vendors/jai-1_1_2_01/lib/jai_codec.jar:/home/travis/build/icyphy/ptII/lib/jcerti.jar:/home/travis/build/icyphy/ptII/lib/javax.mail.jar:/home/travis/build/icyphy/ptII/vendors/JMF-2.1.1e/lib/jmf.jar:/home/travis/build/icyphy/ptII/lib/jna-4.0.0-variadic.jar:/home/travis/build/icyphy/ptII/vendors/misc/joystick/Joystick.jar:/home/travis/build/icyphy/ptII/lib/ptjacl.jar:/home/travis/build/icyphy/ptII/lib/jsoup-1.8.2.jar:/home/travis/build/icyphy/ptII/lib/junit-4.8.2.jar:/home/travis/build/icyphy/ptII/lib/JUnitParams-0.4.0.jar:/home/travis/build/icyphy/ptII/ptolemy/actor/lib/excel/jxl.jar:/home/travis/build/icyphy/ptII/lib/jython.jar:/home/travis/build/icyphy/ptII/lib/kieler.jar:/home/travis/build/icyphy/ptII/vendors/opencv/share/OpenCV/java/opencv-341.jar:/home/travis/build/icyphy/ptII/lib/oscP5.jar:/home/travis/build/icyphy/ptII/lib/nrjavaserial-3.11.0.devel.jar:/home/travis/build/icyphy/ptII/vendors/j3d/lib/j3dcore.jar:/home/travis/build/icyphy/ptII/vendors/j3d/lib/j3dutils.jar:/home/travis/build/icyphy/ptII/vendors/j3d/lib/vecmath.jar:/home/travis/build/icyphy/ptII/ptolemy/distributed/jini/jar/jini-core.jar:/home/travis/build/icyphy/ptII/ptolemy/distributed/jini/jar/jini-ext.jar:/home/travis/build/icyphy/ptII/ptolemy/distributed/jini/jar/sun-util.jar:/home/travis/build/icyphy/ptII/lib/protobuf-java-2.4.1.jar:/home/travis/build/icyphy/ptII/lib/org.eclipse.paho.client.mqttv3.jar:/home/travis/build/icyphy/ptII/lib/mapss.jar:/home/travis/build/icyphy/ptII/ptolemy/actor/ptalon/antlr/antlr.jar:/home/travis/build/icyphy/ptII/lib/JRI.jar:/home/travis/build/icyphy/ptII/lib/commons-lang-2.6.jar:/home/travis/build/icyphy/ptII/lib/commons-logging-1.1.1.jar:/home/travis/build/icyphy/ptII/lib/sootclasses.jar:/home/travis/build/icyphy/ptII/ptolemy/actor/lib/database/mysql-connector-java-5.1.6-bin.jar:/home/travis/build/icyphy/ptII/vendors/misc/sphinx4/sphinx4-data-5prealpha.jar:/home/travis/build/icyphy/ptII/vendors/misc/sphinx4/sphinx4-core-5prealpha.jar:/home/travis/build/icyphy/ptII/lib/PDFRenderer.jar:/home/travis/build/icyphy/ptII/lib/svgSalamander.jar:/home/travis/build/icyphy/ptII/lib/rsyntaxtextarea-2.6.0-SNAPSHOT.jar:/home/travis/build/icyphy/ptII/lib/hazelcast-3.8.2.jar:/home/travis/build/icyphy/ptII/lib/jackson-annotations-2.9.0.jar:/home/travis/build/icyphy/ptII/lib/jackson-core-2.9.3.jar:/home/travis/build/icyphy/ptII/lib/jackson-databind-2.9.3.jar:/home/travis/build/icyphy/ptII/lib/netty-buffer-4.1.19.Final.jar:/home/travis/build/icyphy/ptII/lib/netty-codec-4.1.19.Final.jar:/home/travis/build/icyphy/ptII/lib/netty-codec-dns-4.1.19.Final.jar:/home/travis/build/icyphy/ptII/lib/netty-codec-http-4.1.19.Final.jar:/home/travis/build/icyphy/ptII/lib/netty-codec-http2-4.1.19.Final.jar:/home/travis/build/icyphy/ptII/lib/netty-common-4.1.19.Final.jar:/home/travis/build/icyphy/ptII/lib/netty-handler-4.1.19.Final.jar:/home/travis/build/icyphy/ptII/lib/netty-resolver-4.1.19.Final.jar:/home/travis/build/icyphy/ptII/lib/netty-resolver-dns-4.1.19.Final.jar:/home/travis/build/icyphy/ptII/lib/netty-transport-4.1.19.Final.jar:/home/travis/build/icyphy/ptII/lib/vertx-codegen-3.5.1.jar:/home/travis/build/icyphy/ptII/lib/vertx-core-3.5.2-SNAPSHOT.jar:/home/travis/build/icyphy/ptII/lib/vertx-hazelcast-3.5.1.jar:/home/travis/build/icyphy/ptII/lib/vertx-lang-js-3.5.1.jar:/home/travis/build/icyphy/ptII/lib/vertx-service-proxy-3.5.1.jar:/home/travis/build/icyphy/ptII/lib/vertx-web-3.5.1.jar:/home/travis/build/icyphy/ptII/lib/slf4j-api-1.7.13.jar:/home/travis/build/icyphy/ptII/lib/slf4j-simple-1.7.13.jar:/home/travis/build/icyphy/ptII/lib/webcam-capture-0.3.12.jar:/home/travis/build/icyphy/ptII/lib/bridj-0.7.0.jar:/home/travis/build/icyphy/ptII/lib/xbjlib-1.1.0.nrjavaserial.jar:/home/travis/build/icyphy/ptII/ptolemy/moml/test:/home/travis/build/icyphy/ptII/ant/lib/ant-launcher.jar:/home/travis/build/icyphy/ptII/ant/lib/ant.jar:/home/travis/build/icyphy/ptII/ant/lib/ant-junit.jar:/home/travis/build/icyphy/ptII/ant/lib/ant-junit4.jar" />
    <property name="ant.library.dir" value="/home/travis/build/icyphy/ptII/ant/lib" />
    <property name="os.arch" value="amd64" />
    <property name="env.TRAVIS_LANGUAGE" value="node_js" />
    <property name="env.CONTINUOUS_INTEGRATION" value="true" />
    <property name="env.TRAVIS_STACK_LANGUAGES" value="__garnet__ c c++ clojure cplusplus cpp default go groovy java node_js php pure_java python ruby scala" />
    <property name="test.name" value="ptolemy.actor.lib.test.junit.JUnitTclTest" />
    <property name="sun.java.launcher" value="SUN_STANDARD" />
    <property name="env.PYTHON_CONFIGURE_OPTS" value="--enable-unicode=ucs4 --with-wide-unicode --enable-shared --enable-ipv6 --enable-loadable-sqlite-extensions --with-computed-gotos" />
    <property name="ant.core.lib" value="/home/travis/build/icyphy/ptII/ant/lib/ant.jar" />
    <property name="java.vm.specification.vendor" value="Oracle Corporation" />
    <property name="env.BCVTB_HOME" value="/home/travis/build/icyphy/ptII/lbnl" />
    <property name="file.separator" value="/" />
    <property name="spotbugs.home" value="/home/travis/build/icyphy/ptII/vendors/spotbugs-3.1.1" />
    <property name="java.runtime.version" value="1.8.0_151-b12" />
    <property name="sun.boot.class.path" value="/usr/lib/jvm/java-8-oracle/jre/lib/resources.jar:/usr/lib/jvm/java-8-oracle/jre/lib/rt.jar:/usr/lib/jvm/java-8-oracle/jre/lib/sunrsasign.jar:/usr/lib/jvm/java-8-oracle/jre/lib/jsse.jar:/usr/lib/jvm/java-8-oracle/jre/lib/jce.jar:/usr/lib/jvm/java-8-oracle/jre/lib/charsets.jar:/usr/lib/jvm/java-8-oracle/jre/lib/jfr.jar:/usr/lib/jvm/java-8-oracle/jre/classes" />
    <property name="env.ANSI_CLEAR" value="\033[0K" />
    <property name="env.HAS_JOSH_K_SEAL_OF_APPROVAL" value="true" />
    <property name="env.XDG_RUNTIME_DIR" value="/run/user/2000" />
    <property name="env.TRAVIS_OSX_IMAGE" value="" />
    <property name="env.TRAVIS_BRANCH" value="master" />
    <property name="env.TRAVIS_JOB_ID" value="497168921" />
    <property name="user.country" value="US" />
    <property name="env.CERTI_HOME_TRAVIS" value="/home/travis/pthla/certi-tools" />
    <property name="env.SHELL" value="/bin/bash" />
    <property name="java.maxmemory.large" value="5000m" />
    <property name="model" value="" />
    <property name="env.CASHER_DIR" value="/home/travis/.casher" />
    <property name="env.NVM_CD_FLAGS" value="" />
    <property name="jshint.executable" value="/home/travis/node_modules/jshint/bin/jshint" />
    <property name="java.vendor" value="Oracle Corporation" />
    <property name="env.JRUBY_OPTS" value=" --client -J-XX:+TieredCompilation -J-XX:TieredStopAtLevel=1 -J-Xss2m -Xcompile.invokedynamic=false" />
    <property name="env.TRAVIS_PRE_CHEF_BOOTSTRAP_TIME" value="2017-12-05T19:32:55" />
    <property name="env.TRAVIS_STACK_JOB_BOARD_REGISTER" value="/.job-board-register.yml" />
    <property name="env.ELIXIR_VERSION" value="1.4.5" />
    <property name="env.ANSI_RED" value="\033[31;1m" />
    <property name="java.specification.version" value="1.8" />
    <property name="env.TRAVIS" value="true" />
    <property name="env.IRBRC" value="/home/travis/.rvm/rubies/ruby-2.4.1/.irbrc" />
    <property name="sun.arch.data.model" value="64" />
  </properties>
  <testcase classname="ptolemy.util.test.junit.TclTests" name="[0] /home/travis/build/icyphy/ptII/ptolemy/actor/lib/test/AbsoluteValue.tcl (RunTclFile)" time="0.439" />
  <testcase classname="ptolemy.util.test.junit.TclTests" name="[1] /home/travis/build/icyphy/ptII/ptolemy/actor/lib/test/AddSubtract.tcl (RunTclFile)" time="0.068" />
  <testcase classname="ptolemy.util.test.junit.TclTests" name="[2] /home/travis/build/icyphy/ptII/ptolemy/actor/lib/test/Average.tcl (RunTclFile)" time="0.053" />
  <testcase classname="ptolemy.util.test.junit.TclTests" name="[3] /home/travis/build/icyphy/ptII/ptolemy/actor/lib/test/Bernoulli.tcl (RunTclFile)" time="0.017" />
  <testcase classname="ptolemy.util.test.junit.TclTests" name="[4] /home/travis/build/icyphy/ptII/ptolemy/actor/lib/test/Clock.tcl (RunTclFile)" time="0.05" />
  <testcase classname="ptolemy.util.test.junit.TclTests" name="[5] /home/travis/build/icyphy/ptII/ptolemy/actor/lib/test/Commutator.tcl (RunTclFile)" time="0.087" />
  <testcase classname="ptolemy.util.test.junit.TclTests" name="[6] /home/travis/build/icyphy/ptII/ptolemy/actor/lib/test/Const.tcl (RunTclFile)" time="0.124" />
  <testcase classname="ptolemy.util.test.junit.TclTests" name="[7] /home/travis/build/icyphy/ptII/ptolemy/actor/lib/test/CurrentTime.tcl (RunTclFile)" time="0.035" />
  <testcase classname="ptolemy.util.test.junit.TclTests" name="[8] /home/travis/build/icyphy/ptII/ptolemy/actor/lib/test/DB.tcl (RunTclFile)" time="0.023" />
  <testcase classname="ptolemy.util.test.junit.TclTests" name="[9] /home/travis/build/icyphy/ptII/ptolemy/actor/lib/test/DiscreteRandomSource.tcl (RunTclFile)" time="0.054" />
  <testcase classname="ptolemy.util.test.junit.TclTests" name="[10] /home/travis/build/icyphy/ptII/ptolemy/actor/lib/test/Distributor.tcl (RunTclFile)" time="0.058" />
  <testcase classname="ptolemy.util.test.junit.TclTests" name="[11] /home/travis/build/icyphy/ptII/ptolemy/actor/lib/test/Exit.tcl (RunTclFile)" time="0.061" />
  <testcase classname="ptolemy.util.test.junit.TclTests" name="[12] /home/travis/build/icyphy/ptII/ptolemy/actor/lib/test/Expression.tcl (RunTclFile)" time="0.085" />
  <testcase classname="ptolemy.util.test.junit.TclTests" name="[13] /home/travis/build/icyphy/ptII/ptolemy/actor/lib/test/Gaussian.tcl (RunTclFile)" time="0.685" />
  <testcase classname="ptolemy.util.test.junit.TclTests" name="[14] /home/travis/build/icyphy/ptII/ptolemy/actor/lib/test/IIR.tcl (RunTclFile)" time="0.039" />
  <testcase classname="ptolemy.util.test.junit.TclTests" name="[15] /home/travis/build/icyphy/ptII/ptolemy/actor/lib/test/Interpolator.tcl (RunTclFile)" time="0.097" />
  <testcase classname="ptolemy.util.test.junit.TclTests" name="[16] /home/travis/build/icyphy/ptII/ptolemy/actor/lib/test/MathFunction.tcl (RunTclFile)" time="0.041" />
  <testcase classname="ptolemy.util.test.junit.TclTests" name="[17] /home/travis/build/icyphy/ptII/ptolemy/actor/lib/test/Maximum.tcl (RunTclFile)" time="0.024" />
  <testcase classname="ptolemy.util.test.junit.TclTests" name="[18] /home/travis/build/icyphy/ptII/ptolemy/actor/lib/test/Minimum.tcl (RunTclFile)" time="0.019" />
  <testcase classname="ptolemy.util.test.junit.TclTests" name="[19] /home/travis/build/icyphy/ptII/ptolemy/actor/lib/test/MultiplyDivide.tcl (RunTclFile)" time="0.058" />
  <testcase classname="ptolemy.util.test.junit.TclTests" name="[20] /home/travis/build/icyphy/ptII/ptolemy/actor/lib/test/OrderedMerge.tcl (RunTclFile)" time="0.061" />
  <testcase classname="ptolemy.util.test.junit.TclTests" name="[21] /home/travis/build/icyphy/ptII/ptolemy/actor/lib/test/Publisher.tcl (RunTclFile)" time="0.686" />
  <testcase classname="ptolemy.util.test.junit.TclTests" name="[22] /home/travis/build/icyphy/ptII/ptolemy/actor/lib/test/Pulse.tcl (RunTclFile)" time="0.073" />
  <testcase classname="ptolemy.util.test.junit.TclTests" name="[23] /home/travis/build/icyphy/ptII/ptolemy/actor/lib/test/Ramp.tcl (RunTclFile)" time="1.74" />
  <testcase classname="ptolemy.util.test.junit.TclTests" name="[24] /home/travis/build/icyphy/ptII/ptolemy/actor/lib/test/RampContinuous.tcl (RunTclFile)" time="0.017" />
  <testcase classname="ptolemy.util.test.junit.TclTests" name="[25] /home/travis/build/icyphy/ptII/ptolemy/actor/lib/test/RecordAssembler.tcl (RunTclFile)" time="0.014" />
  <testcase classname="ptolemy.util.test.junit.TclTests" name="[26] /home/travis/build/icyphy/ptII/ptolemy/actor/lib/test/RecordDisassembler.tcl (RunTclFile)" time="0.017" />
  <testcase classname="ptolemy.util.test.junit.TclTests" name="[27] /home/travis/build/icyphy/ptII/ptolemy/actor/lib/test/Scale.tcl (RunTclFile)" time="0.015" />
  <testcase classname="ptolemy.util.test.junit.TclTests" name="[28] /home/travis/build/icyphy/ptII/ptolemy/actor/lib/test/SequentialClock.tcl (RunTclFile)" time="0.011" />
  <testcase classname="ptolemy.util.test.junit.TclTests" name="[29] /home/travis/build/icyphy/ptII/ptolemy/actor/lib/test/SetVariable.tcl (RunTclFile)" time="0.018" />
  <testcase classname="ptolemy.util.test.junit.TclTests" name="[30] /home/travis/build/icyphy/ptII/ptolemy/actor/lib/test/Sinewave.tcl (RunTclFile)" time="0.075" />
  <testcase classname="ptolemy.util.test.junit.TclTests" name="[31] /home/travis/build/icyphy/ptII/ptolemy/actor/lib/test/SubscriptionAggregator.tcl (RunTclFile)" time="1.806" />
  <testcase classname="ptolemy.util.test.junit.TclTests" name="[32] /home/travis/build/icyphy/ptII/ptolemy/actor/lib/test/Test.tcl (RunTclFile)" time="0.095" />
  <testcase classname="ptolemy.util.test.junit.TclTests" name="[33] /home/travis/build/icyphy/ptII/ptolemy/actor/lib/test/TestExceptionHandler.tcl (RunTclFile)" time="0.01" />
  <testcase classname="ptolemy.util.test.junit.TclTests" name="[34] /home/travis/build/icyphy/ptII/ptolemy/actor/lib/test/UnionDisassembler.tcl (RunTclFile)" time="0.04" />
  <testcase classname="ptolemy.util.test.junit.TclTests" name="[35] /home/travis/build/icyphy/ptII/ptolemy/actor/lib/test/VariableClock.tcl (RunTclFile)" time="0.03" />
  <testcase classname="ptolemy.util.test.junit.AutoKnownFailedTests" name="[0] /home/travis/build/icyphy/ptII/ptolemy/actor/lib/test/auto/knownFailedTests/PublisherPortToplevelSubscriber.xml (RunModel)" time="0.017" />
  <testcase classname="ptolemy.util.test.junit.AutoKnownFailedTests" name="[1] /home/travis/build/icyphy/ptII/ptolemy/actor/lib/test/auto/knownFailedTests/PublisherSubscriberPortToplevel.xml (RunModel)" time="0.021" />
  <testcase classname="ptolemy.util.test.junit.AutoKnownFailedTests" name="[2] /home/travis/build/icyphy/ptII/ptolemy/actor/lib/test/auto/knownFailedTests/PublisherSubscriptionAggregatorPort.xml (RunModel)" time="0.021" />
  <testcase classname="ptolemy.util.test.junit.AutoKnownFailedTests" name="[3] /home/travis/build/icyphy/ptII/ptolemy/actor/lib/test/auto/knownFailedTests/sizedarray3.xml (RunModel)" time="0.02" />
  <testcase classname="ptolemy.util.test.junit.AutoNameArchTests" name="[0] ThereAreNoAutoArchTests (RunModel)" time="0.001" />
  <testcase classname="ptolemy.util.test.junit.AutoTests" name="[0] /home/travis/build/icyphy/ptII/ptolemy/actor/lib/test/auto/AbsoluteValue.xml (RunModel)" time="0.089" />
  <testcase classname="ptolemy.util.test.junit.AutoTests" name="[1] /home/travis/build/icyphy/ptII/ptolemy/actor/lib/test/auto/AbsoluteValue2.xml (RunModel)" time="0.05" />
  <testcase classname="ptolemy.util.test.junit.AutoTests" name="[2] /home/travis/build/icyphy/ptII/ptolemy/actor/lib/test/auto/Accumulator.xml (RunModel)" time="0.069" />
  <testcase classname="ptolemy.util.test.junit.AutoTests" name="[3] /home/travis/build/icyphy/ptII/ptolemy/actor/lib/test/auto/Accumulator2.xml (RunModel)" time="0.021" />
  <testcase classname="ptolemy.util.test.junit.AutoTests" name="[4] /home/travis/build/icyphy/ptII/ptolemy/actor/lib/test/auto/Accumulator3.xml (RunModel)" time="0.02" />
  <testcase classname="ptolemy.util.test.junit.AutoTests" name="[5] /home/travis/build/icyphy/ptII/ptolemy/actor/lib/test/auto/ArrayAppend.xml (RunModel)" time="0.053" />
  <testcase classname="ptolemy.util.test.junit.AutoTests" name="[6] /home/travis/build/icyphy/ptII/ptolemy/actor/lib/test/auto/ArrayAppend2.xml (RunModel)" time="0.378" />
  <testcase classname="ptolemy.util.test.junit.AutoTests" name="[7] /home/travis/build/icyphy/ptII/ptolemy/actor/lib/test/auto/ArrayAppend3.xml (RunModel)" time="0.018" />
  <testcase classname="ptolemy.util.test.junit.AutoTests" name="[8] /home/travis/build/icyphy/ptII/ptolemy/actor/lib/test/auto/ArrayAppend4.xml (RunModel)" time="0.019" />
  <testcase classname="ptolemy.util.test.junit.AutoTests" name="[9] /home/travis/build/icyphy/ptII/ptolemy/actor/lib/test/auto/ArrayAppend5.xml (RunModel)" time="0.024" />
  <testcase classname="ptolemy.util.test.junit.AutoTests" name="[10] /home/travis/build/icyphy/ptII/ptolemy/actor/lib/test/auto/ArrayAppend6.xml (RunModel)" time="0.018" />
  <testcase classname="ptolemy.util.test.junit.AutoTests" name="[11] /home/travis/build/icyphy/ptII/ptolemy/actor/lib/test/auto/ArrayAppendPerformanceTest.xml (RunModel)" time="0.056" />
  <testcase classname="ptolemy.util.test.junit.AutoTests" name="[12] /home/travis/build/icyphy/ptII/ptolemy/actor/lib/test/auto/ArrayAppendWithEmptyInput.xml (RunModel)" time="0.051" />
  <testcase classname="ptolemy.util.test.junit.AutoTests" name="[13] /home/travis/build/icyphy/ptII/ptolemy/actor/lib/test/auto/ArrayAverage.xml (RunModel)" time="0.035" />
  <testcase classname="ptolemy.util.test.junit.AutoTests" name="[14] /home/travis/build/icyphy/ptII/ptolemy/actor/lib/test/auto/ArrayContains.xml (RunModel)" time="0.034" />
  <testcase classname="ptolemy.util.test.junit.AutoTests" name="[15] /home/travis/build/icyphy/ptII/ptolemy/actor/lib/test/auto/ArrayElement.xml (RunModel)" time="0.025" />
  <testcase classname="ptolemy.util.test.junit.AutoTests" name="[16] /home/travis/build/icyphy/ptII/ptolemy/actor/lib/test/auto/ArrayElementAsMatrix.xml (RunModel)" time="0.048" />
  <testcase classname="ptolemy.util.test.junit.AutoTests" name="[17] /home/travis/build/icyphy/ptII/ptolemy/actor/lib/test/auto/ArrayElementI.xml (RunModel)" time="0.019" />
  <testcase classname="ptolemy.util.test.junit.AutoTests" name="[18] /home/travis/build/icyphy/ptII/ptolemy/actor/lib/test/auto/ArrayExtract.xml (RunModel)" time="0.033" />
  <testcase classname="ptolemy.util.test.junit.AutoTests" name="[19] /home/travis/build/icyphy/ptII/ptolemy/actor/lib/test/auto/ArrayExtract2.xml (RunModel)" time="0.034" />
  <testcase classname="ptolemy.util.test.junit.AutoTests" name="[20] /home/travis/build/icyphy/ptII/ptolemy/actor/lib/test/auto/ArrayLength.xml (RunModel)" time="0.022" />
  <testcase classname="ptolemy.util.test.junit.AutoTests" name="[21] /home/travis/build/icyphy/ptII/ptolemy/actor/lib/test/auto/ArrayLevelCrossing.xml (RunModel)" time="0.037" />
  <testcase classname="ptolemy.util.test.junit.AutoTests" name="[22] /home/travis/build/icyphy/ptII/ptolemy/actor/lib/test/auto/ArrayLevelCrossing2.xml (RunModel)" time="0.023" />
  <testcase classname="ptolemy.util.test.junit.AutoTests" name="[23] /home/travis/build/icyphy/ptII/ptolemy/actor/lib/test/auto/ArrayPeakSearch.xml (RunModel)" time="0.059" />
  <testcase classname="ptolemy.util.test.junit.AutoTests" name="[24] /home/travis/build/icyphy/ptII/ptolemy/actor/lib/test/auto/ArrayPeakSearch2.xml (RunModel)" time="0.039" />
  <testcase classname="ptolemy.util.test.junit.AutoTests" name="[25] /home/travis/build/icyphy/ptII/ptolemy/actor/lib/test/auto/ArrayPeakSearch3.xml (RunModel)" time="0.03" />
  <testcase classname="ptolemy.util.test.junit.AutoTests" name="[26] /home/travis/build/icyphy/ptII/ptolemy/actor/lib/test/auto/ArrayRemoveElement.xml (RunModel)" time="0.025" />
  <testcase classname="ptolemy.util.test.junit.AutoTests" name="[27] /home/travis/build/icyphy/ptII/ptolemy/actor/lib/test/auto/ArraySort.xml (RunModel)" time="0.079" />
  <testcase classname="ptolemy.util.test.junit.AutoTests" name="[28] /home/travis/build/icyphy/ptII/ptolemy/actor/lib/test/auto/ArraySum.xml (RunModel)" time="0.02" />
  <testcase classname="ptolemy.util.test.junit.AutoTests" name="[29] /home/travis/build/icyphy/ptII/ptolemy/actor/lib/test/auto/ArrayToElements.xml (RunModel)" time="0.02" />
  <testcase classname="ptolemy.util.test.junit.AutoTests" name="[30] /home/travis/build/icyphy/ptII/ptolemy/actor/lib/test/auto/ArrayToMatrix.xml (RunModel)" time="0.054" />
  <testcase classname="ptolemy.util.test.junit.AutoTests" name="[31] /home/travis/build/icyphy/ptII/ptolemy/actor/lib/test/auto/ArrayUpdate1.xml (RunModel)" time="0.017" />
  <testcase classname="ptolemy.util.test.junit.AutoTests" name="[32] /home/travis/build/icyphy/ptII/ptolemy/actor/lib/test/auto/ArrayUpdate2.xml (RunModel)" time="0.021" />
  <testcase classname="ptolemy.util.test.junit.AutoTests" name="[33] /home/travis/build/icyphy/ptII/ptolemy/actor/lib/test/auto/ArrayUpdate3.xml (RunModel)" time="0.019" />
  <testcase classname="ptolemy.util.test.junit.AutoTests" name="[34] /home/travis/build/icyphy/ptII/ptolemy/actor/lib/test/auto/Assert1.xml (RunModel)" time="0.025" />
  <testcase classname="ptolemy.util.test.junit.AutoTests" name="[35] /home/travis/build/icyphy/ptII/ptolemy/actor/lib/test/auto/Assert2.xml (RunModel)" time="0.021" />
  <testcase classname="ptolemy.util.test.junit.AutoTests" name="[36] /home/travis/build/icyphy/ptII/ptolemy/actor/lib/test/auto/BooleanMultiplexor.xml (RunModel)" time="0.023" />
  <testcase classname="ptolemy.util.test.junit.AutoTests" name="[37] /home/travis/build/icyphy/ptII/ptolemy/actor/lib/test/auto/BooleanMultiplexor2.xml (RunModel)" time="0.025" />
  <testcase classname="ptolemy.util.test.junit.AutoTests" name="[38] /home/travis/build/icyphy/ptII/ptolemy/actor/lib/test/auto/BooleanMultiplexor3.xml (RunModel)" time="0.024" />
  <testcase classname="ptolemy.util.test.junit.AutoTests" name="[39] /home/travis/build/icyphy/ptII/ptolemy/actor/lib/test/auto/BooleanSelect.xml (RunModel)" time="0.021" />
  <testcase classname="ptolemy.util.test.junit.AutoTests" name="[40] /home/travis/build/icyphy/ptII/ptolemy/actor/lib/test/auto/BooleanSelect2.xml (RunModel)" time="0.012" />
  <testcase classname="ptolemy.util.test.junit.AutoTests" name="[41] /home/travis/build/icyphy/ptII/ptolemy/actor/lib/test/auto/BooleanSwitch.xml (RunModel)" time="0.016" />
  <testcase classname="ptolemy.util.test.junit.AutoTests" name="[42] /home/travis/build/icyphy/ptII/ptolemy/actor/lib/test/auto/BooleanSwitch2.xml (RunModel)" time="0.014" />
  <testcase classname="ptolemy.util.test.junit.AutoTests" name="[43] /home/travis/build/icyphy/ptII/ptolemy/actor/lib/test/auto/BooleanSwitchCloningBugWithClassRelationGroup.xml (RunModel)" time="0.021" />
  <testcase classname="ptolemy.util.test.junit.AutoTests" name="[44] /home/travis/build/icyphy/ptII/ptolemy/actor/lib/test/auto/BusActors.xml (RunModel)" time="0.027" />
  <testcase classname="ptolemy.util.test.junit.AutoTests" name="[45] /home/travis/build/icyphy/ptII/ptolemy/actor/lib/test/auto/ClassWrapper.xml (RunModel)" time="0.009" />
  <testcase classname="ptolemy.util.test.junit.AutoTests" name="[46] /home/travis/build/icyphy/ptII/ptolemy/actor/lib/test/auto/Clock.xml (RunModel)" time="0.007" />
  <testcase classname="ptolemy.util.test.junit.AutoTests" name="[47] /home/travis/build/icyphy/ptII/ptolemy/actor/lib/test/auto/Clock10.xml (RunModel)" time="0.016" />
  <testcase classname="ptolemy.util.test.junit.AutoTests" name="[48] /home/travis/build/icyphy/ptII/ptolemy/actor/lib/test/auto/Clock11.xml (RunModel)" time="0.023" />
  <testcase classname="ptolemy.util.test.junit.AutoTests" name="[49] /home/travis/build/icyphy/ptII/ptolemy/actor/lib/test/auto/Clock12.xml (RunModel)" time="0.012" />
  <testcase classname="ptolemy.util.test.junit.AutoTests" name="[50] /home/travis/build/icyphy/ptII/ptolemy/actor/lib/test/auto/Clock13.xml (RunModel)" time="0.013" />
  <testcase classname="ptolemy.util.test.junit.AutoTests" name="[51] /home/travis/build/icyphy/ptII/ptolemy/actor/lib/test/auto/Clock14.xml (RunModel)" time="0.015" />
  <testcase classname="ptolemy.util.test.junit.AutoTests" name="[52] /home/travis/build/icyphy/ptII/ptolemy/actor/lib/test/auto/Clock15.xml (RunModel)" time="0.016" />
  <testcase classname="ptolemy.util.test.junit.AutoTests" name="[53] /home/travis/build/icyphy/ptII/ptolemy/actor/lib/test/auto/Clock16.xml (RunModel)" time="0.09" />
  <testcase classname="ptolemy.util.test.junit.AutoTests" name="[54] /home/travis/build/icyphy/ptII/ptolemy/actor/lib/test/auto/Clock17.xml (RunModel)" time="0.033" />
  <testcase classname="ptolemy.util.test.junit.AutoTests" name="[55] /home/travis/build/icyphy/ptII/ptolemy/actor/lib/test/auto/Clock18.xml (RunModel)" time="0.067" />
  <testcase classname="ptolemy.util.test.junit.AutoTests" name="[56] /home/travis/build/icyphy/ptII/ptolemy/actor/lib/test/auto/Clock19.xml (RunModel)" time="0.042" />
  <testcase classname="ptolemy.util.test.junit.AutoTests" name="[57] /home/travis/build/icyphy/ptII/ptolemy/actor/lib/test/auto/Clock2.xml (RunModel)" time="0.012" />
  <testcase classname="ptolemy.util.test.junit.AutoTests" name="[58] /home/travis/build/icyphy/ptII/ptolemy/actor/lib/test/auto/Clock20.xml (RunModel)" time="0.024" />
  <testcase classname="ptolemy.util.test.junit.AutoTests" name="[59] /home/travis/build/icyphy/ptII/ptolemy/actor/lib/test/auto/Clock21.xml (RunModel)" time="0.013" />
  <testcase classname="ptolemy.util.test.junit.AutoTests" name="[60] /home/travis/build/icyphy/ptII/ptolemy/actor/lib/test/auto/Clock22.xml (RunModel)" time="0.018" />
  <testcase classname="ptolemy.util.test.junit.AutoTests" name="[61] /home/travis/build/icyphy/ptII/ptolemy/actor/lib/test/auto/Clock23.xml (RunModel)" time="0.012" />
  <testcase classname="ptolemy.util.test.junit.AutoTests" name="[62] /home/travis/build/icyphy/ptII/ptolemy/actor/lib/test/auto/Clock24.xml (RunModel)" time="0.019" />
  <testcase classname="ptolemy.util.test.junit.AutoTests" name="[63] /home/travis/build/icyphy/ptII/ptolemy/actor/lib/test/auto/Clock4.xml (RunModel)" time="0.014" />
  <testcase classname="ptolemy.util.test.junit.AutoTests" name="[64] /home/travis/build/icyphy/ptII/ptolemy/actor/lib/test/auto/Clock5.xml (RunModel)" time="0.012" />
  <testcase classname="ptolemy.util.test.junit.AutoTests" name="[65] /home/travis/build/icyphy/ptII/ptolemy/actor/lib/test/auto/Clock6.xml (RunModel)" time="0.01" />
  <testcase classname="ptolemy.util.test.junit.AutoTests" name="[66] /home/travis/build/icyphy/ptII/ptolemy/actor/lib/test/auto/Clock7.xml (RunModel)" time="0.009" />
  <testcase classname="ptolemy.util.test.junit.AutoTests" name="[67] /home/travis/build/icyphy/ptII/ptolemy/actor/lib/test/auto/Clock8.xml (RunModel)" time="0.019" />
  <testcase classname="ptolemy.util.test.junit.AutoTests" name="[68] /home/travis/build/icyphy/ptII/ptolemy/actor/lib/test/auto/Clock9.xml (RunModel)" time="0.016" />
  <testcase classname="ptolemy.util.test.junit.AutoTests" name="[69] /home/travis/build/icyphy/ptII/ptolemy/actor/lib/test/auto/CommDistDiscard.xml (RunModel)" time="0.021" />
  <testcase classname="ptolemy.util.test.junit.AutoTests" name="[70] /home/travis/build/icyphy/ptII/ptolemy/actor/lib/test/auto/Commutator.xml (RunModel)" time="0.016" />
  <testcase classname="ptolemy.util.test.junit.AutoTests" name="[71] /home/travis/build/icyphy/ptII/ptolemy/actor/lib/test/auto/Commutator2.xml (RunModel)" time="0.014" />
  <testcase classname="ptolemy.util.test.junit.AutoTests" name="[72] /home/travis/build/icyphy/ptII/ptolemy/actor/lib/test/auto/Commutator3.xml (RunModel)" time="0.013" />
  <testcase classname="ptolemy.util.test.junit.AutoTests" name="[73] /home/travis/build/icyphy/ptII/ptolemy/actor/lib/test/auto/Compare.xml (RunModel)" time="0.018" />
  <testcase classname="ptolemy.util.test.junit.AutoTests" name="[74] /home/travis/build/icyphy/ptII/ptolemy/actor/lib/test/auto/CompareDE.xml (RunModel)" time="0.017" />
  <testcase classname="ptolemy.util.test.junit.AutoTests" name="[75] /home/travis/build/icyphy/ptII/ptolemy/actor/lib/test/auto/ComplexDivide.xml (RunModel)" time="0.009" />
  <testcase classname="ptolemy.util.test.junit.AutoTests" name="[76] /home/travis/build/icyphy/ptII/ptolemy/actor/lib/test/auto/ComputeHistogram.xml (RunModel)" time="0.076" />
  <testcase classname="ptolemy.util.test.junit.AutoTests" name="[77] /home/travis/build/icyphy/ptII/ptolemy/actor/lib/test/auto/ConfigurationSelect.xml (RunModel)" time="0.015" />
  <testcase classname="ptolemy.util.test.junit.AutoTests" name="[78] /home/travis/build/icyphy/ptII/ptolemy/actor/lib/test/auto/ConfigurationSelect2.xml (RunModel)" time="0.012" />
  <testcase classname="ptolemy.util.test.junit.AutoTests" name="[79] /home/travis/build/icyphy/ptII/ptolemy/actor/lib/test/auto/ConfigurationSwitch.xml (RunModel)" time="0.013" />
  <testcase classname="ptolemy.util.test.junit.AutoTests" name="[80] /home/travis/build/icyphy/ptII/ptolemy/actor/lib/test/auto/ConfigurationSwitch2.xml (RunModel)" time="0.013" />
  <testcase classname="ptolemy.util.test.junit.AutoTests" name="[81] /home/travis/build/icyphy/ptII/ptolemy/actor/lib/test/auto/ConfigurationSwitchCloningBugWithClassRelationGroup.xml (RunModel)" time="0.017" />
  <testcase classname="ptolemy.util.test.junit.AutoTests" name="[82] /home/travis/build/icyphy/ptII/ptolemy/actor/lib/test/auto/ConfigurationSwitchSelectSDF.xml (RunModel)" time="0.014" />
  <testcase classname="ptolemy.util.test.junit.AutoTests" name="[83] /home/travis/build/icyphy/ptII/ptolemy/actor/lib/test/auto/ConfigurationSwitchSelectSDF2.xml (RunModel)" time="0.013" />
  <testcase classname="ptolemy.util.test.junit.AutoTests" name="[84] /home/travis/build/icyphy/ptII/ptolemy/actor/lib/test/auto/Const.xml (RunModel)" time="0.007" />
  <testcase classname="ptolemy.util.test.junit.AutoTests" name="[85] /home/travis/build/icyphy/ptII/ptolemy/actor/lib/test/auto/Const2.xml (RunModel)" time="0.035" />
  <testcase classname="ptolemy.util.test.junit.AutoTests" name="[86] /home/travis/build/icyphy/ptII/ptolemy/actor/lib/test/auto/Const3.xml (RunModel)" time="0.006" />
  <testcase classname="ptolemy.util.test.junit.AutoTests" name="[87] /home/travis/build/icyphy/ptII/ptolemy/actor/lib/test/auto/ConstantPublisherPort1.xml (RunModel)" time="0.022" />
  <testcase classname="ptolemy.util.test.junit.AutoTests" name="[88] /home/travis/build/icyphy/ptII/ptolemy/actor/lib/test/auto/ConstantPublisherPort2.xml (RunModel)" time="0.025" />
  <testcase classname="ptolemy.util.test.junit.AutoTests" name="[89] /home/travis/build/icyphy/ptII/ptolemy/actor/lib/test/auto/ConstantPublisherPort3.xml (RunModel)" time="0.022" />
  <testcase classname="ptolemy.util.test.junit.AutoTests" name="[90] /home/travis/build/icyphy/ptII/ptolemy/actor/lib/test/auto/ConstantPublisherPort4.xml (RunModel)" time="0.018" />
  <testcase classname="ptolemy.util.test.junit.AutoTests" name="[91] /home/travis/build/icyphy/ptII/ptolemy/actor/lib/test/auto/ConstantPublisherPort5.xml (RunModel)" time="0.035" />
  <testcase classname="ptolemy.util.test.junit.AutoTests" name="[92] /home/travis/build/icyphy/ptII/ptolemy/actor/lib/test/auto/ConstantPublisherPort6.xml (RunModel)" time="0.027" />
  <testcase classname="ptolemy.util.test.junit.AutoTests" name="[93] /home/travis/build/icyphy/ptII/ptolemy/actor/lib/test/auto/ConstantPublisherPort7.xml (RunModel)" time="0.026" />
  <testcase classname="ptolemy.util.test.junit.AutoTests" name="[94] /home/travis/build/icyphy/ptII/ptolemy/actor/lib/test/auto/ConstraintMonitor1.xml (RunModel)" time="0.026" />
  <testcase classname="ptolemy.util.test.junit.AutoTests" name="[95] /home/travis/build/icyphy/ptII/ptolemy/actor/lib/test/auto/ConstraintMonitor2.xml (RunModel)" time="0.016" />
  <testcase classname="ptolemy.util.test.junit.AutoTests" name="[96] /home/travis/build/icyphy/ptII/ptolemy/actor/lib/test/auto/ConstraintMonitor3.xml (RunModel)" time="0.021" />
  <testcase classname="ptolemy.util.test.junit.AutoTests" name="[97] /home/travis/build/icyphy/ptII/ptolemy/actor/lib/test/auto/ConstraintMonitor4.xml (RunModel)" time="0.01" />
  <testcase classname="ptolemy.util.test.junit.AutoTests" name="[98] /home/travis/build/icyphy/ptII/ptolemy/actor/lib/test/auto/ConstraintMonitor5.xml (RunModel)" time="0.015" />
  <testcase classname="ptolemy.util.test.junit.AutoTests" name="[99] /home/travis/build/icyphy/ptII/ptolemy/actor/lib/test/auto/ConstraintMonitor6.xml (RunModel)" time="0.017" />
  <testcase classname="ptolemy.util.test.junit.AutoTests" name="[100] /home/travis/build/icyphy/ptII/ptolemy/actor/lib/test/auto/ConstraintMonitor7.xml (RunModel)" time="0.019" />
  <testcase classname="ptolemy.util.test.junit.AutoTests" name="[101] /home/travis/build/icyphy/ptII/ptolemy/actor/lib/test/auto/ConstraintMonitor8.xml (RunModel)" time="0.019" />
  <testcase classname="ptolemy.util.test.junit.AutoTests" name="[102] /home/travis/build/icyphy/ptII/ptolemy/actor/lib/test/auto/Counter.xml (RunModel)" time="0.011" />
  <testcase classname="ptolemy.util.test.junit.AutoTests" name="[103] /home/travis/build/icyphy/ptII/ptolemy/actor/lib/test/auto/CurrentTimeSDF.xml (RunModel)" time="0.015" />
  <testcase classname="ptolemy.util.test.junit.AutoTests" name="[104] /home/travis/build/icyphy/ptII/ptolemy/actor/lib/test/auto/DB.xml (RunModel)" time="0.011" />
  <testcase classname="ptolemy.util.test.junit.AutoTests" name="[105] /home/travis/build/icyphy/ptII/ptolemy/actor/lib/test/auto/DBDE.xml (RunModel)" time="0.011" />
  <testcase classname="ptolemy.util.test.junit.AutoTests" name="[106] /home/travis/build/icyphy/ptII/ptolemy/actor/lib/test/auto/DateConstructor.xml (RunModel)" time="0.051" />
  <testcase classname="ptolemy.util.test.junit.AutoTests" name="[107] /home/travis/build/icyphy/ptII/ptolemy/actor/lib/test/auto/DelayTime.xml (RunModel)" time="0.014" />
  <testcase classname="ptolemy.util.test.junit.AutoTests" name="[108] /home/travis/build/icyphy/ptII/ptolemy/actor/lib/test/auto/Dictionary1.xml (RunModel)" time="0.015" />
  <testcase classname="ptolemy.util.test.junit.AutoTests" name="[109] /home/travis/build/icyphy/ptII/ptolemy/actor/lib/test/auto/Dictionary2.xml (RunModel)" time="0.015" />
  <testcase classname="ptolemy.util.test.junit.AutoTests" name="[110] /home/travis/build/icyphy/ptII/ptolemy/actor/lib/test/auto/Dictionary3.xml (RunModel)" time="0.014" />
  <testcase classname="ptolemy.util.test.junit.AutoTests" name="[111] /home/travis/build/icyphy/ptII/ptolemy/actor/lib/test/auto/Dictionary4.xml (RunModel)" time="0.019" />
  <testcase classname="ptolemy.util.test.junit.AutoTests" name="[112] /home/travis/build/icyphy/ptII/ptolemy/actor/lib/test/auto/Differential.xml (RunModel)" time="0.01" />
  <testcase classname="ptolemy.util.test.junit.AutoTests" name="[113] /home/travis/build/icyphy/ptII/ptolemy/actor/lib/test/auto/Director.xml (RunModel)" time="0.009" />
  <testcase classname="ptolemy.util.test.junit.AutoTests" name="[114] /home/travis/build/icyphy/ptII/ptolemy/actor/lib/test/auto/DiscreteClock.xml (RunModel)" time="0.007" />
  <testcase classname="ptolemy.util.test.junit.AutoTests" name="[115] /home/travis/build/icyphy/ptII/ptolemy/actor/lib/test/auto/DiscreteClock10.xml (RunModel)" time="0.012" />
  <testcase classname="ptolemy.util.test.junit.AutoTests" name="[116] /home/travis/build/icyphy/ptII/ptolemy/actor/lib/test/auto/DiscreteClock11.xml (RunModel)" time="0.012" />
  <testcase classname="ptolemy.util.test.junit.AutoTests" name="[117] /home/travis/build/icyphy/ptII/ptolemy/actor/lib/test/auto/DiscreteClock12.xml (RunModel)" time="0.011" />
  <testcase classname="ptolemy.util.test.junit.AutoTests" name="[118] /home/travis/build/icyphy/ptII/ptolemy/actor/lib/test/auto/DiscreteClock13.xml (RunModel)" time="0.017" />
  <testcase classname="ptolemy.util.test.junit.AutoTests" name="[119] /home/travis/build/icyphy/ptII/ptolemy/actor/lib/test/auto/DiscreteClock14.xml (RunModel)" time="0.015" />
  <testcase classname="ptolemy.util.test.junit.AutoTests" name="[120] /home/travis/build/icyphy/ptII/ptolemy/actor/lib/test/auto/DiscreteClock15.xml (RunModel)" time="0.016" />
  <testcase classname="ptolemy.util.test.junit.AutoTests" name="[121] /home/travis/build/icyphy/ptII/ptolemy/actor/lib/test/auto/DiscreteClock16.xml (RunModel)" time="0.042" />
  <testcase classname="ptolemy.util.test.junit.AutoTests" name="[122] /home/travis/build/icyphy/ptII/ptolemy/actor/lib/test/auto/DiscreteClock17.xml (RunModel)" time="0.032" />
  <testcase classname="ptolemy.util.test.junit.AutoTests" name="[123] /home/travis/build/icyphy/ptII/ptolemy/actor/lib/test/auto/DiscreteClock18.xml (RunModel)" time="0.029" />
  <testcase classname="ptolemy.util.test.junit.AutoTests" name="[124] /home/travis/build/icyphy/ptII/ptolemy/actor/lib/test/auto/DiscreteClock19.xml (RunModel)" time="0.03" />
  <testcase classname="ptolemy.util.test.junit.AutoTests" name="[125] /home/travis/build/icyphy/ptII/ptolemy/actor/lib/test/auto/DiscreteClock2.xml (RunModel)" time="0.015" />
  <testcase classname="ptolemy.util.test.junit.AutoTests" name="[126] /home/travis/build/icyphy/ptII/ptolemy/actor/lib/test/auto/DiscreteClock20.xml (RunModel)" time="0.016" />
  <testcase classname="ptolemy.util.test.junit.AutoTests" name="[127] /home/travis/build/icyphy/ptII/ptolemy/actor/lib/test/auto/DiscreteClock21.xml (RunModel)" time="0.018" />
  <testcase classname="ptolemy.util.test.junit.AutoTests" name="[128] /home/travis/build/icyphy/ptII/ptolemy/actor/lib/test/auto/DiscreteClock22.xml (RunModel)" time="0.019" />
  <testcase classname="ptolemy.util.test.junit.AutoTests" name="[129] /home/travis/build/icyphy/ptII/ptolemy/actor/lib/test/auto/DiscreteClock23.xml (RunModel)" time="0.017" />
  <testcase classname="ptolemy.util.test.junit.AutoTests" name="[130] /home/travis/build/icyphy/ptII/ptolemy/actor/lib/test/auto/DiscreteClock24.xml (RunModel)" time="0.472" />
  <testcase classname="ptolemy.util.test.junit.AutoTests" name="[131] /home/travis/build/icyphy/ptII/ptolemy/actor/lib/test/auto/DiscreteClock4.xml (RunModel)" time="0.013" />
  <testcase classname="ptolemy.util.test.junit.AutoTests" name="[132] /home/travis/build/icyphy/ptII/ptolemy/actor/lib/test/auto/DiscreteClock5.xml (RunModel)" time="0.009" />
  <testcase classname="ptolemy.util.test.junit.AutoTests" name="[133] /home/travis/build/icyphy/ptII/ptolemy/actor/lib/test/auto/DiscreteClock6.xml (RunModel)" time="0.007" />
  <testcase classname="ptolemy.util.test.junit.AutoTests" name="[134] /home/travis/build/icyphy/ptII/ptolemy/actor/lib/test/auto/DiscreteClock7.xml (RunModel)" time="0.008" />
  <testcase classname="ptolemy.util.test.junit.AutoTests" name="[135] /home/travis/build/icyphy/ptII/ptolemy/actor/lib/test/auto/DiscreteClock8.xml (RunModel)" time="0.018" />
  <testcase classname="ptolemy.util.test.junit.AutoTests" name="[136] /home/travis/build/icyphy/ptII/ptolemy/actor/lib/test/auto/DiscreteClock9.xml (RunModel)" time="0.013" />
  <testcase classname="ptolemy.util.test.junit.AutoTests" name="[137] /home/travis/build/icyphy/ptII/ptolemy/actor/lib/test/auto/DisplayArray.xml (RunModel)" time="0.03" />
  <testcase classname="ptolemy.util.test.junit.AutoTests" name="[138] /home/travis/build/icyphy/ptII/ptolemy/actor/lib/test/auto/Distributor.xml (RunModel)" time="0.01" />
  <testcase classname="ptolemy.util.test.junit.AutoTests" name="[139] /home/travis/build/icyphy/ptII/ptolemy/actor/lib/test/auto/Distributor2.xml (RunModel)" time="0.011" />
  <testcase classname="ptolemy.util.test.junit.AutoTests" name="[140] /home/travis/build/icyphy/ptII/ptolemy/actor/lib/test/auto/DownSample.xml (RunModel)" time="0.009" />
  <testcase classname="ptolemy.util.test.junit.AutoTests" name="[141] /home/travis/build/icyphy/ptII/ptolemy/actor/lib/test/auto/ElectronicUnitBase1.xml (RunModel)" time="0.062" />
  <testcase classname="ptolemy.util.test.junit.AutoTests" name="[142] /home/travis/build/icyphy/ptII/ptolemy/actor/lib/test/auto/ElementsToArray.xml (RunModel)" time="0.01" />
  <testcase classname="ptolemy.util.test.junit.AutoTests" name="[143] /home/travis/build/icyphy/ptII/ptolemy/actor/lib/test/auto/Equals.xml (RunModel)" time="0.016" />
  <testcase classname="ptolemy.util.test.junit.AutoTests" name="[144] /home/travis/build/icyphy/ptII/ptolemy/actor/lib/test/auto/Exec.xml (RunModel)" time="0.025" />
  <testcase classname="ptolemy.util.test.junit.AutoTests" name="[145] /home/travis/build/icyphy/ptII/ptolemy/actor/lib/test/auto/ExecEnvironment.xml (RunModel)" time="0.028" />
  <testcase classname="ptolemy.util.test.junit.AutoTests" name="[146] /home/travis/build/icyphy/ptII/ptolemy/actor/lib/test/auto/ExecNonZeroReturnOutput.xml (RunModel)" time="0.135" />
  <testcase classname="ptolemy.util.test.junit.AutoTests" name="[147] /home/travis/build/icyphy/ptII/ptolemy/actor/lib/test/auto/ExecRunDemos.xml (RunModel)" time="9.154" />
  <testcase classname="ptolemy.util.test.junit.AutoTests" name="[148] /home/travis/build/icyphy/ptII/ptolemy/actor/lib/test/auto/ExecStop.xml (RunModel)" time="5.029" />
  <testcase classname="ptolemy.util.test.junit.AutoTests" name="[149] /home/travis/build/icyphy/ptII/ptolemy/actor/lib/test/auto/ExecutionTimeSDF.xml (RunModel)" time="6.025" />
  <testcase classname="ptolemy.util.test.junit.AutoTests" name="[150] /home/travis/build/icyphy/ptII/ptolemy/actor/lib/test/auto/Expression1.xml (RunModel)" time="0.012" />
  <testcase classname="ptolemy.util.test.junit.AutoTests" name="[151] /home/travis/build/icyphy/ptII/ptolemy/actor/lib/test/auto/Expression10.xml (RunModel)" time="0.028" />
  <testcase classname="ptolemy.util.test.junit.AutoTests" name="[152] /home/travis/build/icyphy/ptII/ptolemy/actor/lib/test/auto/Expression11.xml (RunModel)" time="0.013" />
  <testcase classname="ptolemy.util.test.junit.AutoTests" name="[153] /home/travis/build/icyphy/ptII/ptolemy/actor/lib/test/auto/Expression12.xml (RunModel)" time="0.013" />
  <testcase classname="ptolemy.util.test.junit.AutoTests" name="[154] /home/travis/build/icyphy/ptII/ptolemy/actor/lib/test/auto/Expression13.xml (RunModel)" time="0.012" />
  <testcase classname="ptolemy.util.test.junit.AutoTests" name="[155] /home/travis/build/icyphy/ptII/ptolemy/actor/lib/test/auto/Expression14.xml (RunModel)" time="0.041" />
  <testcase classname="ptolemy.util.test.junit.AutoTests" name="[156] /home/travis/build/icyphy/ptII/ptolemy/actor/lib/test/auto/Expression15.xml (RunModel)" time="0.008" />
  <testcase classname="ptolemy.util.test.junit.AutoTests" name="[157] /home/travis/build/icyphy/ptII/ptolemy/actor/lib/test/auto/Expression16.xml (RunModel)" time="0.011" />
  <testcase classname="ptolemy.util.test.junit.AutoTests" name="[158] /home/travis/build/icyphy/ptII/ptolemy/actor/lib/test/auto/Expression17.xml (RunModel)" time="0.01" />
  <testcase classname="ptolemy.util.test.junit.AutoTests" name="[159] /home/travis/build/icyphy/ptII/ptolemy/actor/lib/test/auto/Expression18.xml (RunModel)" time="0.012" />
  <testcase classname="ptolemy.util.test.junit.AutoTests" name="[160] /home/travis/build/icyphy/ptII/ptolemy/actor/lib/test/auto/Expression2.xml (RunModel)" time="0.011" />
  <testcase classname="ptolemy.util.test.junit.AutoTests" name="[161] /home/travis/build/icyphy/ptII/ptolemy/actor/lib/test/auto/Expression3.xml (RunModel)" time="0.014" />
  <testcase classname="ptolemy.util.test.junit.AutoTests" name="[162] /home/travis/build/icyphy/ptII/ptolemy/actor/lib/test/auto/Expression4.xml (RunModel)" time="0.017" />
  <testcase classname="ptolemy.util.test.junit.AutoTests" name="[163] /home/travis/build/icyphy/ptII/ptolemy/actor/lib/test/auto/Expression5.xml (RunModel)" time="0.013" />
  <testcase classname="ptolemy.util.test.junit.AutoTests" name="[164] /home/travis/build/icyphy/ptII/ptolemy/actor/lib/test/auto/Expression6.xml (RunModel)" time="0.01" />
  <testcase classname="ptolemy.util.test.junit.AutoTests" name="[165] /home/travis/build/icyphy/ptII/ptolemy/actor/lib/test/auto/Expression7.xml (RunModel)" time="0.012" />
  <testcase classname="ptolemy.util.test.junit.AutoTests" name="[166] /home/travis/build/icyphy/ptII/ptolemy/actor/lib/test/auto/Expression8.xml (RunModel)" time="0.011" />
  <testcase classname="ptolemy.util.test.junit.AutoTests" name="[167] /home/travis/build/icyphy/ptII/ptolemy/actor/lib/test/auto/Expression9.xml (RunModel)" time="0.008" />
  <testcase classname="ptolemy.util.test.junit.AutoTests" name="[168] /home/travis/build/icyphy/ptII/ptolemy/actor/lib/test/auto/ExpressionConcatenateArrayType.xml (RunModel)" time="0.029" />
  <testcase classname="ptolemy.util.test.junit.AutoTests" name="[169] /home/travis/build/icyphy/ptII/ptolemy/actor/lib/test/auto/ExpressionConcatenateArrayType2.xml (RunModel)" time="0.014" />
  <testcase classname="ptolemy.util.test.junit.AutoTests" name="[170] /home/travis/build/icyphy/ptII/ptolemy/actor/lib/test/auto/ExpressionFix.xml (RunModel)" time="0.023" />
  <testcase classname="ptolemy.util.test.junit.AutoTests" name="[171] /home/travis/build/icyphy/ptII/ptolemy/actor/lib/test/auto/ExpressionFix2.xml (RunModel)" time="0.014" />
  <testcase classname="ptolemy.util.test.junit.AutoTests" name="[172] /home/travis/build/icyphy/ptII/ptolemy/actor/lib/test/auto/ExpressionFix3.xml (RunModel)" time="0.01" />
  <testcase classname="ptolemy.util.test.junit.AutoTests" name="[173] /home/travis/build/icyphy/ptII/ptolemy/actor/lib/test/auto/FileWriter1.xml (RunModel)" time="0.013" />
  <testcase classname="ptolemy.util.test.junit.AutoTests" name="[174] /home/travis/build/icyphy/ptII/ptolemy/actor/lib/test/auto/FileWriter2.xml (RunModel)" time="0.009" />
  <testcase classname="ptolemy.util.test.junit.AutoTests" name="[175] /home/travis/build/icyphy/ptII/ptolemy/actor/lib/test/auto/FileWriter3.xml (RunModel)" time="0.01" />
  <testcase classname="ptolemy.util.test.junit.AutoTests" name="[176] /home/travis/build/icyphy/ptII/ptolemy/actor/lib/test/auto/Gaussian.xml (RunModel)" time="0.01" />
  <testcase classname="ptolemy.util.test.junit.AutoTests" name="[177] /home/travis/build/icyphy/ptII/ptolemy/actor/lib/test/auto/Gaussian1.xml (RunModel)" time="0.012" />
  <testcase classname="ptolemy.util.test.junit.AutoTests" name="[178] /home/travis/build/icyphy/ptII/ptolemy/actor/lib/test/auto/Gaussian2.xml (RunModel)" time="0.016" />
  <testcase classname="ptolemy.util.test.junit.AutoTests" name="[179] /home/travis/build/icyphy/ptII/ptolemy/actor/lib/test/auto/GradientAdaptiveLattice.xml (RunModel)" time="0.015" />
  <testcase classname="ptolemy.util.test.junit.AutoTests" name="[180] /home/travis/build/icyphy/ptII/ptolemy/actor/lib/test/auto/IIR.xml (RunModel)" time="0.009" />
  <testcase classname="ptolemy.util.test.junit.AutoTests" name="[181] /home/travis/build/icyphy/ptII/ptolemy/actor/lib/test/auto/InputOutputTransparentPorts.xml (RunModel)" time="0.017" />
  <testcase classname="ptolemy.util.test.junit.AutoTests" name="[182] /home/travis/build/icyphy/ptII/ptolemy/actor/lib/test/auto/Interpolator.xml (RunModel)" time="0.01" />
  <testcase classname="ptolemy.util.test.junit.AutoTests" name="[183] /home/travis/build/icyphy/ptII/ptolemy/actor/lib/test/auto/InterpolatorFiringLimitDE.xml (RunModel)" time="0.013" />
  <testcase classname="ptolemy.util.test.junit.AutoTests" name="[184] /home/travis/build/icyphy/ptII/ptolemy/actor/lib/test/auto/Lattice.xml (RunModel)" time="0.007" />
  <testcase classname="ptolemy.util.test.junit.AutoTests" name="[185] /home/travis/build/icyphy/ptII/ptolemy/actor/lib/test/auto/LazyAOCTestLazy.xml (RunModel)" time="0.018" />
  <testcase classname="ptolemy.util.test.junit.AutoTests" name="[186] /home/travis/build/icyphy/ptII/ptolemy/actor/lib/test/auto/LazyAOCTestNonLazy.xml (RunModel)" time="0.014" />
  <testcase classname="ptolemy.util.test.junit.AutoTests" name="[187] /home/travis/build/icyphy/ptII/ptolemy/actor/lib/test/auto/LazyInnerClass.xml (RunModel)" time="0.017" />
  <testcase classname="ptolemy.util.test.junit.AutoTests" name="[188] /home/travis/build/icyphy/ptII/ptolemy/actor/lib/test/auto/LazyPubSub.xml (RunModel)" time="0.026" />
  <testcase classname="ptolemy.util.test.junit.AutoTests" name="[189] /home/travis/build/icyphy/ptII/ptolemy/actor/lib/test/auto/LazyPubSub2.xml (RunModel)" time="0.052" />
  <testcase classname="ptolemy.util.test.junit.AutoTests" name="[190] /home/travis/build/icyphy/ptII/ptolemy/actor/lib/test/auto/LazyPubSub3.xml (RunModel)" time="0.05" />
  <testcase classname="ptolemy.util.test.junit.AutoTests" name="[191] /home/travis/build/icyphy/ptII/ptolemy/actor/lib/test/auto/LazySubClassModel.xml (RunModel)" time="0.054" />
  <testcase classname="ptolemy.util.test.junit.AutoTests" name="[192] /home/travis/build/icyphy/ptII/ptolemy/actor/lib/test/auto/LevelCrossTest1.xml (RunModel)" time="0.02" />
  <testcase classname="ptolemy.util.test.junit.AutoTests" name="[193] /home/travis/build/icyphy/ptII/ptolemy/actor/lib/test/auto/LevelCrossTest10.xml (RunModel)" time="0.018" />
  <testcase classname="ptolemy.util.test.junit.AutoTests" name="[194] /home/travis/build/icyphy/ptII/ptolemy/actor/lib/test/auto/LevelCrossTest11.xml (RunModel)" time="0.012" />
  <testcase classname="ptolemy.util.test.junit.AutoTests" name="[195] /home/travis/build/icyphy/ptII/ptolemy/actor/lib/test/auto/LevelCrossTest12.xml (RunModel)" time="0.015" />
  <testcase classname="ptolemy.util.test.junit.AutoTests" name="[196] /home/travis/build/icyphy/ptII/ptolemy/actor/lib/test/auto/LevelCrossTest13.xml (RunModel)" time="0.012" />
  <testcase classname="ptolemy.util.test.junit.AutoTests" name="[197] /home/travis/build/icyphy/ptII/ptolemy/actor/lib/test/auto/LevelCrossTest2.xml (RunModel)" time="0.01" />
  <testcase classname="ptolemy.util.test.junit.AutoTests" name="[198] /home/travis/build/icyphy/ptII/ptolemy/actor/lib/test/auto/LevelCrossTest3.xml (RunModel)" time="0.011" />
  <testcase classname="ptolemy.util.test.junit.AutoTests" name="[199] /home/travis/build/icyphy/ptII/ptolemy/actor/lib/test/auto/LevelCrossTest4.xml (RunModel)" time="0.01" />
  <testcase classname="ptolemy.util.test.junit.AutoTests" name="[200] /home/travis/build/icyphy/ptII/ptolemy/actor/lib/test/auto/LevelCrossTest5.xml (RunModel)" time="0.015" />
  <testcase classname="ptolemy.util.test.junit.AutoTests" name="[201] /home/travis/build/icyphy/ptII/ptolemy/actor/lib/test/auto/LevelCrossTest6.xml (RunModel)" time="0.014" />
  <testcase classname="ptolemy.util.test.junit.AutoTests" name="[202] /home/travis/build/icyphy/ptII/ptolemy/actor/lib/test/auto/LevelCrossTest7.xml (RunModel)" time="0.02" />
  <testcase classname="ptolemy.util.test.junit.AutoTests" name="[203] /home/travis/build/icyphy/ptII/ptolemy/actor/lib/test/auto/LevelCrossTest8.xml (RunModel)" time="0.014" />
  <testcase classname="ptolemy.util.test.junit.AutoTests" name="[204] /home/travis/build/icyphy/ptII/ptolemy/actor/lib/test/auto/LevelCrossTest9.xml (RunModel)" time="0.012" />
  <testcase classname="ptolemy.util.test.junit.AutoTests" name="[205] /home/travis/build/icyphy/ptII/ptolemy/actor/lib/test/auto/LevinsonDurbin.xml (RunModel)" time="0.013" />
  <testcase classname="ptolemy.util.test.junit.AutoTests" name="[206] /home/travis/build/icyphy/ptII/ptolemy/actor/lib/test/auto/LevinsonDurbin2.xml (RunModel)" time="0.014" />
  <testcase classname="ptolemy.util.test.junit.AutoTests" name="[207] /home/travis/build/icyphy/ptII/ptolemy/actor/lib/test/auto/LevinsonDurbin3.xml (RunModel)" time="0.011" />
  <testcase classname="ptolemy.util.test.junit.AutoTests" name="[208] /home/travis/build/icyphy/ptII/ptolemy/actor/lib/test/auto/Limiter.xml (RunModel)" time="0.031" />
  <testcase classname="ptolemy.util.test.junit.AutoTests" name="[209] /home/travis/build/icyphy/ptII/ptolemy/actor/lib/test/auto/LinearDifferenceEquationSystem.xml (RunModel)" time="0.022" />
  <testcase classname="ptolemy.util.test.junit.AutoTests" name="[210] /home/travis/build/icyphy/ptII/ptolemy/actor/lib/test/auto/LookupTable.xml (RunModel)" time="0.011" />
  <testcase classname="ptolemy.util.test.junit.AutoTests" name="[211] /home/travis/build/icyphy/ptII/ptolemy/actor/lib/test/auto/MathFunction.xml (RunModel)" time="0.016" />
  <testcase classname="ptolemy.util.test.junit.AutoTests" name="[212] /home/travis/build/icyphy/ptII/ptolemy/actor/lib/test/auto/MathFunction2.xml (RunModel)" time="0.009" />
  <testcase classname="ptolemy.util.test.junit.AutoTests" name="[213] /home/travis/build/icyphy/ptII/ptolemy/actor/lib/test/auto/MathFunction3.xml (RunModel)" time="0.023" />
  <testcase classname="ptolemy.util.test.junit.AutoTests" name="[214] /home/travis/build/icyphy/ptII/ptolemy/actor/lib/test/auto/MatrixCropBoolean.xml (RunModel)" time="0.021" />
  <testcase classname="ptolemy.util.test.junit.AutoTests" name="[215] /home/travis/build/icyphy/ptII/ptolemy/actor/lib/test/auto/MatrixCropComplex.xml (RunModel)" time="0.008" />
  <testcase classname="ptolemy.util.test.junit.AutoTests" name="[216] /home/travis/build/icyphy/ptII/ptolemy/actor/lib/test/auto/MatrixCropDouble.xml (RunModel)" time="0.011" />
  <testcase classname="ptolemy.util.test.junit.AutoTests" name="[217] /home/travis/build/icyphy/ptII/ptolemy/actor/lib/test/auto/MatrixCropFix.xml (RunModel)" time="0.009" />
  <testcase classname="ptolemy.util.test.junit.AutoTests" name="[218] /home/travis/build/icyphy/ptII/ptolemy/actor/lib/test/auto/MatrixCropInt.xml (RunModel)" time="0.011" />
  <testcase classname="ptolemy.util.test.junit.AutoTests" name="[219] /home/travis/build/icyphy/ptII/ptolemy/actor/lib/test/auto/MatrixCropLong.xml (RunModel)" time="0.008" />
  <testcase classname="ptolemy.util.test.junit.AutoTests" name="[220] /home/travis/build/icyphy/ptII/ptolemy/actor/lib/test/auto/MatrixToArray.xml (RunModel)" time="0.037" />
  <testcase classname="ptolemy.util.test.junit.AutoTests" name="[221] /home/travis/build/icyphy/ptII/ptolemy/actor/lib/test/auto/MaxIndex.xml (RunModel)" time="0.01" />
  <testcase classname="ptolemy.util.test.junit.AutoTests" name="[222] /home/travis/build/icyphy/ptII/ptolemy/actor/lib/test/auto/Maximum.xml (RunModel)" time="0.015" />
  <testcase classname="ptolemy.util.test.junit.AutoTests" name="[223] /home/travis/build/icyphy/ptII/ptolemy/actor/lib/test/auto/MaximumComplex.xml (RunModel)" time="0.016" />
  <testcase classname="ptolemy.util.test.junit.AutoTests" name="[224] /home/travis/build/icyphy/ptII/ptolemy/actor/lib/test/auto/MethodCallTest.xml (RunModel)" time="0.017" />
  <testcase classname="ptolemy.util.test.junit.AutoTests" name="[225] /home/travis/build/icyphy/ptII/ptolemy/actor/lib/test/auto/Minimum.xml (RunModel)" time="0.012" />
  <testcase classname="ptolemy.util.test.junit.AutoTests" name="[226] /home/travis/build/icyphy/ptII/ptolemy/actor/lib/test/auto/MinimumComplex.xml (RunModel)" time="0.014" />
  <testcase classname="ptolemy.util.test.junit.AutoTests" name="[227] /home/travis/build/icyphy/ptII/ptolemy/actor/lib/test/auto/MinimumMultiports.xml (RunModel)" time="0.016" />
  <testcase classname="ptolemy.util.test.junit.AutoTests" name="[228] /home/travis/build/icyphy/ptII/ptolemy/actor/lib/test/auto/ModifyDate.xml (RunModel)" time="0.036" />
  <testcase classname="ptolemy.util.test.junit.AutoTests" name="[229] /home/travis/build/icyphy/ptII/ptolemy/actor/lib/test/auto/ModifyDate2.xml (RunModel)" time="0.023" />
  <testcase classname="ptolemy.util.test.junit.AutoTests" name="[230] /home/travis/build/icyphy/ptII/ptolemy/actor/lib/test/auto/MovingAverage.xml (RunModel)" time="0.01" />
  <testcase classname="ptolemy.util.test.junit.AutoTests" name="[231] /home/travis/build/icyphy/ptII/ptolemy/actor/lib/test/auto/MovingMaximum.xml (RunModel)" time="0.008" />
  <testcase classname="ptolemy.util.test.junit.AutoTests" name="[232] /home/travis/build/icyphy/ptII/ptolemy/actor/lib/test/auto/MultipleLinksToSameRelation.xml (RunModel)" time="0.007" />
  <testcase classname="ptolemy.util.test.junit.AutoTests" name="[233] /home/travis/build/icyphy/ptII/ptolemy/actor/lib/test/auto/MultipleLinksToSameRelationDE.xml (RunModel)" time="0.014" />
  <testcase classname="ptolemy.util.test.junit.AutoTests" name="[234] /home/travis/build/icyphy/ptII/ptolemy/actor/lib/test/auto/Multiplexor.xml (RunModel)" time="0.011" />
  <testcase classname="ptolemy.util.test.junit.AutoTests" name="[235] /home/travis/build/icyphy/ptII/ptolemy/actor/lib/test/auto/Multiplexor1.xml (RunModel)" time="0.009" />
  <testcase classname="ptolemy.util.test.junit.AutoTests" name="[236] /home/travis/build/icyphy/ptII/ptolemy/actor/lib/test/auto/Multiplexor2.xml (RunModel)" time="0.02" />
  <testcase classname="ptolemy.util.test.junit.AutoTests" name="[237] /home/travis/build/icyphy/ptII/ptolemy/actor/lib/test/auto/Multiplexor3.xml (RunModel)" time="0.008" />
  <testcase classname="ptolemy.util.test.junit.AutoTests" name="[238] /home/travis/build/icyphy/ptII/ptolemy/actor/lib/test/auto/MultiplexorDE.xml (RunModel)" time="0.017" />
  <testcase classname="ptolemy.util.test.junit.AutoTests" name="[239] /home/travis/build/icyphy/ptII/ptolemy/actor/lib/test/auto/MultiportBroadcastTest.xml (RunModel)" time="0.083" />
  <testcase classname="ptolemy.util.test.junit.AutoTests" name="[240] /home/travis/build/icyphy/ptII/ptolemy/actor/lib/test/auto/MultiportOutHangDuringGetWidth.xml (RunModel)" time="0.026" />
  <testcase classname="ptolemy.util.test.junit.AutoTests" name="[241] /home/travis/build/icyphy/ptII/ptolemy/actor/lib/test/auto/NilToken.xml (RunModel)" time="0.013" />
  <testcase classname="ptolemy.util.test.junit.AutoTests" name="[242] /home/travis/build/icyphy/ptII/ptolemy/actor/lib/test/auto/NilTokenNonStrictTest.xml (RunModel)" time="0.012" />
  <testcase classname="ptolemy.util.test.junit.AutoTests" name="[243] /home/travis/build/icyphy/ptII/ptolemy/actor/lib/test/auto/NilTokenRecord.xml (RunModel)" time="0.029" />
  <testcase classname="ptolemy.util.test.junit.AutoTests" name="[244] /home/travis/build/icyphy/ptII/ptolemy/actor/lib/test/auto/NilTokenTypeTest.xml (RunModel)" time="0.038" />
  <testcase classname="ptolemy.util.test.junit.AutoTests" name="[245] /home/travis/build/icyphy/ptII/ptolemy/actor/lib/test/auto/ObjectToken1.xml (RunModel)" time="0.007" />
  <testcase classname="ptolemy.util.test.junit.AutoTests" name="[246] /home/travis/build/icyphy/ptII/ptolemy/actor/lib/test/auto/OrderedMerge.xml (RunModel)" time="0.017" />
  <testcase classname="ptolemy.util.test.junit.AutoTests" name="[247] /home/travis/build/icyphy/ptII/ptolemy/actor/lib/test/auto/OrderedRecordDisassembler.xml (RunModel)" time="0.017" />
  <testcase classname="ptolemy.util.test.junit.AutoTests" name="[248] /home/travis/build/icyphy/ptII/ptolemy/actor/lib/test/auto/OrderedRecordDisassembler2.xml (RunModel)" time="0.016" />
  <testcase classname="ptolemy.util.test.junit.AutoTests" name="[249] /home/travis/build/icyphy/ptII/ptolemy/actor/lib/test/auto/OrderedRecordUpdater.xml (RunModel)" time="0.01" />
  <testcase classname="ptolemy.util.test.junit.AutoTests" name="[250] /home/travis/build/icyphy/ptII/ptolemy/actor/lib/test/auto/OrderedRecordUpdater2.xml (RunModel)" time="0.017" />
  <testcase classname="ptolemy.util.test.junit.AutoTests" name="[251] /home/travis/build/icyphy/ptII/ptolemy/actor/lib/test/auto/PhaseUnwrap.xml (RunModel)" time="0.01" />
  <testcase classname="ptolemy.util.test.junit.AutoTests" name="[252] /home/travis/build/icyphy/ptII/ptolemy/actor/lib/test/auto/PoissonClock.xml (RunModel)" time="0.01" />
  <testcase classname="ptolemy.util.test.junit.AutoTests" name="[253] /home/travis/build/icyphy/ptII/ptolemy/actor/lib/test/auto/PoissonClock2.xml (RunModel)" time="0.006" />
  <testcase classname="ptolemy.util.test.junit.AutoTests" name="[254] /home/travis/build/icyphy/ptII/ptolemy/actor/lib/test/auto/PoissonClock3.xml (RunModel)" time="0.016" />
  <testcase classname="ptolemy.util.test.junit.AutoTests" name="[255] /home/travis/build/icyphy/ptII/ptolemy/actor/lib/test/auto/PubSubWithInitialTokens.xml (RunModel)" time="0.013" />
  <testcase classname="ptolemy.util.test.junit.AutoTests" name="[256] /home/travis/build/icyphy/ptII/ptolemy/actor/lib/test/auto/PubSubWithInitialTokens2.xml (RunModel)" time="0.01" />
  <testcase classname="ptolemy.util.test.junit.AutoTests" name="[257] /home/travis/build/icyphy/ptII/ptolemy/actor/lib/test/auto/PublisherClassNoParameter.xml (RunModel)" time="0.019" />
  <testcase classname="ptolemy.util.test.junit.AutoTests" name="[258] /home/travis/build/icyphy/ptII/ptolemy/actor/lib/test/auto/PublisherClassParameter.xml (RunModel)" time="0.021" />
  <testcase classname="ptolemy.util.test.junit.AutoTests" name="[259] /home/travis/build/icyphy/ptII/ptolemy/actor/lib/test/auto/PublisherNonStrictTest.xml (RunModel)" time="0.013" />
  <testcase classname="ptolemy.util.test.junit.AutoTests" name="[260] /home/travis/build/icyphy/ptII/ptolemy/actor/lib/test/auto/PublisherPort1.xml (RunModel)" time="0.013" />
  <testcase classname="ptolemy.util.test.junit.AutoTests" name="[261] /home/travis/build/icyphy/ptII/ptolemy/actor/lib/test/auto/PublisherPort2.xml (RunModel)" time="0.007" />
  <testcase classname="ptolemy.util.test.junit.AutoTests" name="[262] /home/travis/build/icyphy/ptII/ptolemy/actor/lib/test/auto/PublisherPort3.xml (RunModel)" time="0.016" />
  <testcase classname="ptolemy.util.test.junit.AutoTests" name="[263] /home/travis/build/icyphy/ptII/ptolemy/actor/lib/test/auto/PublisherPort4.xml (RunModel)" time="0.018" />
  <testcase classname="ptolemy.util.test.junit.AutoTests" name="[264] /home/travis/build/icyphy/ptII/ptolemy/actor/lib/test/auto/PublisherPort5.xml (RunModel)" time="0.012" />
  <testcase classname="ptolemy.util.test.junit.AutoTests" name="[265] /home/travis/build/icyphy/ptII/ptolemy/actor/lib/test/auto/PublisherPort5LookAlike.xml (RunModel)" time="0.016" />
  <testcase classname="ptolemy.util.test.junit.AutoTests" name="[266] /home/travis/build/icyphy/ptII/ptolemy/actor/lib/test/auto/PublisherPort6.xml (RunModel)" time="0.012" />
  <testcase classname="ptolemy.util.test.junit.AutoTests" name="[267] /home/travis/build/icyphy/ptII/ptolemy/actor/lib/test/auto/PublisherPort7.xml (RunModel)" time="0.014" />
  <testcase classname="ptolemy.util.test.junit.AutoTests" name="[268] /home/travis/build/icyphy/ptII/ptolemy/actor/lib/test/auto/PublisherPort8.xml (RunModel)" time="0.014" />
  <testcase classname="ptolemy.util.test.junit.AutoTests" name="[269] /home/travis/build/icyphy/ptII/ptolemy/actor/lib/test/auto/PublisherPortSubscriberChannelVariablesAOC2.xml (RunModel)" time="0.034" />
  <testcase classname="ptolemy.util.test.junit.AutoTests" name="[270] /home/travis/build/icyphy/ptII/ptolemy/actor/lib/test/auto/PublisherPortSubscriberOpaqueWidthInference.xml (RunModel)" time="0.014" />
  <testcase classname="ptolemy.util.test.junit.AutoTests" name="[271] /home/travis/build/icyphy/ptII/ptolemy/actor/lib/test/auto/PublisherPortSubscriberPortAdjacent.xml (RunModel)" time="0.016" />
  <testcase classname="ptolemy.util.test.junit.AutoTests" name="[272] /home/travis/build/icyphy/ptII/ptolemy/actor/lib/test/auto/PublisherPortSubscriberPortExpression.xml (RunModel)" time="0.017" />
  <testcase classname="ptolemy.util.test.junit.AutoTests" name="[273] /home/travis/build/icyphy/ptII/ptolemy/actor/lib/test/auto/PublisherPortSubscriberPortOpaqueD3Reverse.xml (RunModel)" time="0.033" />
  <testcase classname="ptolemy.util.test.junit.AutoTests" name="[274] /home/travis/build/icyphy/ptII/ptolemy/actor/lib/test/auto/PublisherPortSubscriberPortOpaqueWidthInference.xml (RunModel)" time="0.015" />
  <testcase classname="ptolemy.util.test.junit.AutoTests" name="[275] /home/travis/build/icyphy/ptII/ptolemy/actor/lib/test/auto/PublisherPortToplevelSubscriberPortAOC.xml (RunModel)" time="0.009" />
  <testcase classname="ptolemy.util.test.junit.AutoTests" name="[276] /home/travis/build/icyphy/ptII/ptolemy/actor/lib/test/auto/PublisherSubscriber.xml (RunModel)" time="0.016" />
  <testcase classname="ptolemy.util.test.junit.AutoTests" name="[277] /home/travis/build/icyphy/ptII/ptolemy/actor/lib/test/auto/PublisherSubscriber10.xml (RunModel)" time="0.017" />
  <testcase classname="ptolemy.util.test.junit.AutoTests" name="[278] /home/travis/build/icyphy/ptII/ptolemy/actor/lib/test/auto/PublisherSubscriber10InitialOutputs.xml (RunModel)" time="0.017" />
  <testcase classname="ptolemy.util.test.junit.AutoTests" name="[279] /home/travis/build/icyphy/ptII/ptolemy/actor/lib/test/auto/PublisherSubscriber11.xml (RunModel)" time="0.017" />
  <testcase classname="ptolemy.util.test.junit.AutoTests" name="[280] /home/travis/build/icyphy/ptII/ptolemy/actor/lib/test/auto/PublisherSubscriber12.xml (RunModel)" time="0.012" />
  <testcase classname="ptolemy.util.test.junit.AutoTests" name="[281] /home/travis/build/icyphy/ptII/ptolemy/actor/lib/test/auto/PublisherSubscriber13.xml (RunModel)" time="0.008" />
  <testcase classname="ptolemy.util.test.junit.AutoTests" name="[282] /home/travis/build/icyphy/ptII/ptolemy/actor/lib/test/auto/PublisherSubscriber14.xml (RunModel)" time="0.018" />
  <testcase classname="ptolemy.util.test.junit.AutoTests" name="[283] /home/travis/build/icyphy/ptII/ptolemy/actor/lib/test/auto/PublisherSubscriber2.xml (RunModel)" time="0.01" />
  <testcase classname="ptolemy.util.test.junit.AutoTests" name="[284] /home/travis/build/icyphy/ptII/ptolemy/actor/lib/test/auto/PublisherSubscriber3.xml (RunModel)" time="0.012" />
  <testcase classname="ptolemy.util.test.junit.AutoTests" name="[285] /home/travis/build/icyphy/ptII/ptolemy/actor/lib/test/auto/PublisherSubscriber4.xml (RunModel)" time="0.008" />
  <testcase classname="ptolemy.util.test.junit.AutoTests" name="[286] /home/travis/build/icyphy/ptII/ptolemy/actor/lib/test/auto/PublisherSubscriber5.xml (RunModel)" time="0.015" />
  <testcase classname="ptolemy.util.test.junit.AutoTests" name="[287] /home/travis/build/icyphy/ptII/ptolemy/actor/lib/test/auto/PublisherSubscriber6.xml (RunModel)" time="0.014" />
  <testcase classname="ptolemy.util.test.junit.AutoTests" name="[288] /home/travis/build/icyphy/ptII/ptolemy/actor/lib/test/auto/PublisherSubscriber7.xml (RunModel)" time="0.016" />
  <testcase classname="ptolemy.util.test.junit.AutoTests" name="[289] /home/travis/build/icyphy/ptII/ptolemy/actor/lib/test/auto/PublisherSubscriber8.xml (RunModel)" time="0.027" />
  <testcase classname="ptolemy.util.test.junit.AutoTests" name="[290] /home/travis/build/icyphy/ptII/ptolemy/actor/lib/test/auto/PublisherSubscriber9.xml (RunModel)" time="0.017" />
  <testcase classname="ptolemy.util.test.junit.AutoTests" name="[291] /home/travis/build/icyphy/ptII/ptolemy/actor/lib/test/auto/PublisherSubscriberAdjacent.xml (RunModel)" time="0.015" />
  <testcase classname="ptolemy.util.test.junit.AutoTests" name="[292] /home/travis/build/icyphy/ptII/ptolemy/actor/lib/test/auto/PublisherSubscriberChannelVariablesAOC2.xml (RunModel)" time="0.027" />
  <testcase classname="ptolemy.util.test.junit.AutoTests" name="[293] /home/travis/build/icyphy/ptII/ptolemy/actor/lib/test/auto/PublisherSubscriberD3.xml (RunModel)" time="0.014" />
  <testcase classname="ptolemy.util.test.junit.AutoTests" name="[294] /home/travis/build/icyphy/ptII/ptolemy/actor/lib/test/auto/PublisherSubscriberD3Reverse.xml (RunModel)" time="0.013" />
  <testcase classname="ptolemy.util.test.junit.AutoTests" name="[295] /home/travis/build/icyphy/ptII/ptolemy/actor/lib/test/auto/PublisherSubscriberExpression.xml (RunModel)" time="0.024" />
  <testcase classname="ptolemy.util.test.junit.AutoTests" name="[296] /home/travis/build/icyphy/ptII/ptolemy/actor/lib/test/auto/PublisherSubscriberOpaque.xml (RunModel)" time="0.012" />
  <testcase classname="ptolemy.util.test.junit.AutoTests" name="[297] /home/travis/build/icyphy/ptII/ptolemy/actor/lib/test/auto/PublisherSubscriberOpaqueD3.xml (RunModel)" time="0.019" />
  <testcase classname="ptolemy.util.test.junit.AutoTests" name="[298] /home/travis/build/icyphy/ptII/ptolemy/actor/lib/test/auto/PublisherSubscriberOpaqueD3Reverse.xml (RunModel)" time="0.018" />
  <testcase classname="ptolemy.util.test.junit.AutoTests" name="[299] /home/travis/build/icyphy/ptII/ptolemy/actor/lib/test/auto/PublisherSubscriberOpaqueWidthInference.xml (RunModel)" time="0.019" />
  <testcase classname="ptolemy.util.test.junit.AutoTests" name="[300] /home/travis/build/icyphy/ptII/ptolemy/actor/lib/test/auto/PublisherTestSubscriber.xml (RunModel)" time="0.012" />
  <testcase classname="ptolemy.util.test.junit.AutoTests" name="[301] /home/travis/build/icyphy/ptII/ptolemy/actor/lib/test/auto/PublisherToplevelSubscriberPortAOC.xml (RunModel)" time="0.014" />
  <testcase classname="ptolemy.util.test.junit.AutoTests" name="[302] /home/travis/build/icyphy/ptII/ptolemy/actor/lib/test/auto/PulseFiringLimitDE.xml (RunModel)" time="0.013" />
  <testcase classname="ptolemy.util.test.junit.AutoTests" name="[303] /home/travis/build/icyphy/ptII/ptolemy/actor/lib/test/auto/Ramp1.xml (RunModel)" time="0.006" />
  <testcase classname="ptolemy.util.test.junit.AutoTests" name="[304] /home/travis/build/icyphy/ptII/ptolemy/actor/lib/test/auto/RampFiringLimitDE.xml (RunModel)" time="0.012" />
  <testcase classname="ptolemy.util.test.junit.AutoTests" name="[305] /home/travis/build/icyphy/ptII/ptolemy/actor/lib/test/auto/RampFiringLimitSDF.xml (RunModel)" time="0.01" />
  <testcase classname="ptolemy.util.test.junit.AutoTests" name="[306] /home/travis/build/icyphy/ptII/ptolemy/actor/lib/test/auto/RandomInteger.xml (RunModel)" time="0.006" />
  <testcase classname="ptolemy.util.test.junit.AutoTests" name="[307] /home/travis/build/icyphy/ptII/ptolemy/actor/lib/test/auto/ReadFile1.xml (RunModel)" time="0.007" />
  <testcase classname="ptolemy.util.test.junit.AutoTests" name="[308] /home/travis/build/icyphy/ptII/ptolemy/actor/lib/test/auto/ReadFile2.xml (RunModel)" time="0.006" />
  <testcase classname="ptolemy.util.test.junit.AutoTests" name="[309] /home/travis/build/icyphy/ptII/ptolemy/actor/lib/test/auto/Reader.xml (RunModel)" time="0.009" />
  <testcase classname="ptolemy.util.test.junit.AutoTests" name="[310] /home/travis/build/icyphy/ptII/ptolemy/actor/lib/test/auto/RecordAssemblerDisplayNameTest.xml (RunModel)" time="2.96" />
  <testcase classname="ptolemy.util.test.junit.AutoTests" name="[311] /home/travis/build/icyphy/ptII/ptolemy/actor/lib/test/auto/RecordAssemblerTypeError.xml (RunModel)" time="0.026" />
  <testcase classname="ptolemy.util.test.junit.AutoTests" name="[312] /home/travis/build/icyphy/ptII/ptolemy/actor/lib/test/auto/RecordDisassember.xml (RunModel)" time="0.008" />
  <testcase classname="ptolemy.util.test.junit.AutoTests" name="[313] /home/travis/build/icyphy/ptII/ptolemy/actor/lib/test/auto/RecordDisassemberDisplayNameTest.xml (RunModel)" time="0.018" />
  <testcase classname="ptolemy.util.test.junit.AutoTests" name="[314] /home/travis/build/icyphy/ptII/ptolemy/actor/lib/test/auto/RecordDisassembler.xml (RunModel)" time="0.007" />
  <testcase classname="ptolemy.util.test.junit.AutoTests" name="[315] /home/travis/build/icyphy/ptII/ptolemy/actor/lib/test/auto/RecordDisassembler2.xml (RunModel)" time="0.009" />
  <testcase classname="ptolemy.util.test.junit.AutoTests" name="[316] /home/travis/build/icyphy/ptII/ptolemy/actor/lib/test/auto/RecordUpdater.xml (RunModel)" time="0.007" />
  <testcase classname="ptolemy.util.test.junit.AutoTests" name="[317] /home/travis/build/icyphy/ptII/ptolemy/actor/lib/test/auto/RecordUpdater2.xml (RunModel)" time="0.008" />
  <testcase classname="ptolemy.util.test.junit.AutoTests" name="[318] /home/travis/build/icyphy/ptII/ptolemy/actor/lib/test/auto/RecursiveLattice.xml (RunModel)" time="0.011" />
  <testcase classname="ptolemy.util.test.junit.AutoTests" name="[319] /home/travis/build/icyphy/ptII/ptolemy/actor/lib/test/auto/Router.xml (RunModel)" time="3.021" />
  <testcase classname="ptolemy.util.test.junit.AutoTests" name="[320] /home/travis/build/icyphy/ptII/ptolemy/actor/lib/test/auto/Router2.xml (RunModel)" time="3.028" />
  <testcase classname="ptolemy.util.test.junit.AutoTests" name="[321] /home/travis/build/icyphy/ptII/ptolemy/actor/lib/test/auto/RunningMaximum.xml (RunModel)" time="0.024" />
  <testcase classname="ptolemy.util.test.junit.AutoTests" name="[322] /home/travis/build/icyphy/ptII/ptolemy/actor/lib/test/auto/RunningMinimum.xml (RunModel)" time="0.018" />
  <testcase classname="ptolemy.util.test.junit.AutoTests" name="[323] /home/travis/build/icyphy/ptII/ptolemy/actor/lib/test/auto/Scale.xml (RunModel)" time="0.007" />
  <testcase classname="ptolemy.util.test.junit.AutoTests" name="[324] /home/travis/build/icyphy/ptII/ptolemy/actor/lib/test/auto/Scale2.xml (RunModel)" time="0.008" />
  <testcase classname="ptolemy.util.test.junit.AutoTests" name="[325] /home/travis/build/icyphy/ptII/ptolemy/actor/lib/test/auto/Scale3.xml (RunModel)" time="0.013" />
  <testcase classname="ptolemy.util.test.junit.AutoTests" name="[326] /home/travis/build/icyphy/ptII/ptolemy/actor/lib/test/auto/ScaleArray.xml (RunModel)" time="0.008" />
  <testcase classname="ptolemy.util.test.junit.AutoTests" name="[327] /home/travis/build/icyphy/ptII/ptolemy/actor/lib/test/auto/ScaleArray2.xml (RunModel)" time="0.008" />
  <testcase classname="ptolemy.util.test.junit.AutoTests" name="[328] /home/travis/build/icyphy/ptII/ptolemy/actor/lib/test/auto/ScaleMatrix.xml (RunModel)" time="0.116" />
  <testcase classname="ptolemy.util.test.junit.AutoTests" name="[329] /home/travis/build/icyphy/ptII/ptolemy/actor/lib/test/auto/Select.xml (RunModel)" time="0.012" />
  <testcase classname="ptolemy.util.test.junit.AutoTests" name="[330] /home/travis/build/icyphy/ptII/ptolemy/actor/lib/test/auto/Select2.xml (RunModel)" time="0.008" />
  <testcase classname="ptolemy.util.test.junit.AutoTests" name="[331] /home/travis/build/icyphy/ptII/ptolemy/actor/lib/test/auto/SequenceToArray2.xml (RunModel)" time="0.127" />
  <testcase classname="ptolemy.util.test.junit.AutoTests" name="[332] /home/travis/build/icyphy/ptII/ptolemy/actor/lib/test/auto/SequentialClock.xml (RunModel)" time="0.008" />
  <testcase classname="ptolemy.util.test.junit.AutoTests" name="[333] /home/travis/build/icyphy/ptII/ptolemy/actor/lib/test/auto/SetVariable.xml (RunModel)" time="0.01" />
  <testcase classname="ptolemy.util.test.junit.AutoTests" name="[334] /home/travis/build/icyphy/ptII/ptolemy/actor/lib/test/auto/SetVariable2.xml (RunModel)" time="0.008" />
  <testcase classname="ptolemy.util.test.junit.AutoTests" name="[335] /home/travis/build/icyphy/ptII/ptolemy/actor/lib/test/auto/SetVariable3.xml (RunModel)" time="0.009" />
  <testcase classname="ptolemy.util.test.junit.AutoTests" name="[336] /home/travis/build/icyphy/ptII/ptolemy/actor/lib/test/auto/SetVariable4.xml (RunModel)" time="0.025" />
  <testcase classname="ptolemy.util.test.junit.AutoTests" name="[337] /home/travis/build/icyphy/ptII/ptolemy/actor/lib/test/auto/SetVariable5.xml (RunModel)" time="0.04" />
  <testcase classname="ptolemy.util.test.junit.AutoTests" name="[338] /home/travis/build/icyphy/ptII/ptolemy/actor/lib/test/auto/Sinewave.xml (RunModel)" time="0.022" />
  <testcase classname="ptolemy.util.test.junit.AutoTests" name="[339] /home/travis/build/icyphy/ptII/ptolemy/actor/lib/test/auto/Sinewave2.xml (RunModel)" time="0.013" />
  <testcase classname="ptolemy.util.test.junit.AutoTests" name="[340] /home/travis/build/icyphy/ptII/ptolemy/actor/lib/test/auto/Sinewave3.xml (RunModel)" time="0.015" />
  <testcase classname="ptolemy.util.test.junit.AutoTests" name="[341] /home/travis/build/icyphy/ptII/ptolemy/actor/lib/test/auto/SingleEvent.xml (RunModel)" time="0.006" />
  <testcase classname="ptolemy.util.test.junit.AutoTests" name="[342] /home/travis/build/icyphy/ptII/ptolemy/actor/lib/test/auto/Sleep.xml (RunModel)" time="6.011" />
  <testcase classname="ptolemy.util.test.junit.AutoTests" name="[343] /home/travis/build/icyphy/ptII/ptolemy/actor/lib/test/auto/SleepMultipleFire.xml (RunModel)" time="1.019" />
  <testcase classname="ptolemy.util.test.junit.AutoTests" name="[344] /home/travis/build/icyphy/ptII/ptolemy/actor/lib/test/auto/StopDE.xml (RunModel)" time="0.011" />
  <testcase classname="ptolemy.util.test.junit.AutoTests" name="[345] /home/travis/build/icyphy/ptII/ptolemy/actor/lib/test/auto/StopSDF.xml (RunModel)" time="0.01" />
  <testcase classname="ptolemy.util.test.junit.AutoTests" name="[346] /home/travis/build/icyphy/ptII/ptolemy/actor/lib/test/auto/StringConstant.xml (RunModel)" time="0.008" />
  <testcase classname="ptolemy.util.test.junit.AutoTests" name="[347] /home/travis/build/icyphy/ptII/ptolemy/actor/lib/test/auto/SubscriberPortInitialValues1.xml (RunModel)" time="0.015" />
  <testcase classname="ptolemy.util.test.junit.AutoTests" name="[348] /home/travis/build/icyphy/ptII/ptolemy/actor/lib/test/auto/SubscriberPortInitialValues13.xml (RunModel)" time="0.02" />
  <testcase classname="ptolemy.util.test.junit.AutoTests" name="[349] /home/travis/build/icyphy/ptII/ptolemy/actor/lib/test/auto/SubscriberPortInitialValues14.xml (RunModel)" time="0.013" />
  <testcase classname="ptolemy.util.test.junit.AutoTests" name="[350] /home/travis/build/icyphy/ptII/ptolemy/actor/lib/test/auto/SubscriberPortInitialValues2.xml (RunModel)" time="0.014" />
  <testcase classname="ptolemy.util.test.junit.AutoTests" name="[351] /home/travis/build/icyphy/ptII/ptolemy/actor/lib/test/auto/SubscriberPortInitialValues3.xml (RunModel)" time="0.016" />
  <testcase classname="ptolemy.util.test.junit.AutoTests" name="[352] /home/travis/build/icyphy/ptII/ptolemy/actor/lib/test/auto/SubscriptionAggregator.xml (RunModel)" time="0.01" />
  <testcase classname="ptolemy.util.test.junit.AutoTests" name="[353] /home/travis/build/icyphy/ptII/ptolemy/actor/lib/test/auto/SubscriptionAggregator2.xml (RunModel)" time="0.011" />
  <testcase classname="ptolemy.util.test.junit.AutoTests" name="[354] /home/travis/build/icyphy/ptII/ptolemy/actor/lib/test/auto/SubscriptionAggregator3.xml (RunModel)" time="0.014" />
  <testcase classname="ptolemy.util.test.junit.AutoTests" name="[355] /home/travis/build/icyphy/ptII/ptolemy/actor/lib/test/auto/SubscriptionAggregatorMultiply.xml (RunModel)" time="0.014" />
  <testcase classname="ptolemy.util.test.junit.AutoTests" name="[356] /home/travis/build/icyphy/ptII/ptolemy/actor/lib/test/auto/SubscriptionAggregatorPortMultiply1.xml (RunModel)" time="0.013" />
  <testcase classname="ptolemy.util.test.junit.AutoTests" name="[357] /home/travis/build/icyphy/ptII/ptolemy/actor/lib/test/auto/Switch.xml (RunModel)" time="0.015" />
  <testcase classname="ptolemy.util.test.junit.AutoTests" name="[358] /home/travis/build/icyphy/ptII/ptolemy/actor/lib/test/auto/Switch2.xml (RunModel)" time="0.012" />
  <testcase classname="ptolemy.util.test.junit.AutoTests" name="[359] /home/travis/build/icyphy/ptII/ptolemy/actor/lib/test/auto/SwitchDE.xml (RunModel)" time="0.023" />
  <testcase classname="ptolemy.util.test.junit.AutoTests" name="[360] /home/travis/build/icyphy/ptII/ptolemy/actor/lib/test/auto/SynchronizerDE.xml (RunModel)" time="0.023" />
  <testcase classname="ptolemy.util.test.junit.AutoTests" name="[361] /home/travis/build/icyphy/ptII/ptolemy/actor/lib/test/auto/Test.xml (RunModel)" time="0.019" />
  <testcase classname="ptolemy.util.test.junit.AutoTests" name="[362] /home/travis/build/icyphy/ptII/ptolemy/actor/lib/test/auto/TestExceptionAttribute1.xml (RunModel)" time="0.03" />
  <testcase classname="ptolemy.util.test.junit.AutoTests" name="[363] /home/travis/build/icyphy/ptII/ptolemy/actor/lib/test/auto/TestExceptionAttribute2.xml (RunModel)" time="0.008" />
  <testcase classname="ptolemy.util.test.junit.AutoTests" name="[364] /home/travis/build/icyphy/ptII/ptolemy/actor/lib/test/auto/TestExceptionAttribute3.xml (RunModel)" time="0.005" />
  <testcase classname="ptolemy.util.test.junit.AutoTests" name="[365] /home/travis/build/icyphy/ptII/ptolemy/actor/lib/test/auto/TestExceptionAttribute4.xml (RunModel)" time="0.005" />
  <testcase classname="ptolemy.util.test.junit.AutoTests" name="[366] /home/travis/build/icyphy/ptII/ptolemy/actor/lib/test/auto/TestExceptionHandler1.xml (RunModel)" time="0.006" />
  <testcase classname="ptolemy.util.test.junit.AutoTests" name="[367] /home/travis/build/icyphy/ptII/ptolemy/actor/lib/test/auto/TestExceptionHandler2.xml (RunModel)" time="0.008" />
  <testcase classname="ptolemy.util.test.junit.AutoTests" name="[368] /home/travis/build/icyphy/ptII/ptolemy/actor/lib/test/auto/TestExceptionHandler3.xml (RunModel)" time="0.008" />
  <testcase classname="ptolemy.util.test.junit.AutoTests" name="[369] /home/travis/build/icyphy/ptII/ptolemy/actor/lib/test/auto/TestExceptionHandler4.xml (RunModel)" time="0.006" />
  <testcase classname="ptolemy.util.test.junit.AutoTests" name="[370] /home/travis/build/icyphy/ptII/ptolemy/actor/lib/test/auto/TestRequireCorrectOrder.xml (RunModel)" time="0.008" />
  <testcase classname="ptolemy.util.test.junit.AutoTests" name="[371] /home/travis/build/icyphy/ptII/ptolemy/actor/lib/test/auto/TestSimple.xml (RunModel)" time="0.005" />
  <testcase classname="ptolemy.util.test.junit.AutoTests" name="[372] /home/travis/build/icyphy/ptII/ptolemy/actor/lib/test/auto/ThrowModelError.xml (RunModel)" time="0.008" />
  <testcase classname="ptolemy.util.test.junit.AutoTests" name="[373] /home/travis/build/icyphy/ptII/ptolemy/actor/lib/test/auto/TimeDelayMicrosteps.xml (RunModel)" time="0.011" />
  <testcase classname="ptolemy.util.test.junit.AutoTests" name="[374] /home/travis/build/icyphy/ptII/ptolemy/actor/lib/test/auto/TimeDelayMicrosteps2.xml (RunModel)" time="0.014" />
  <testcase classname="ptolemy.util.test.junit.AutoTests" name="[375] /home/travis/build/icyphy/ptII/ptolemy/actor/lib/test/auto/TimeDelayMicrosteps3.xml (RunModel)" time="0.011" />
  <testcase classname="ptolemy.util.test.junit.AutoTests" name="[376] /home/travis/build/icyphy/ptII/ptolemy/actor/lib/test/auto/TimeDelayVariableMicrosteps.xml (RunModel)" time="0.012" />
  <testcase classname="ptolemy.util.test.junit.AutoTests" name="[377] /home/travis/build/icyphy/ptII/ptolemy/actor/lib/test/auto/TimeGap.xml (RunModel)" time="0.032" />
  <testcase classname="ptolemy.util.test.junit.AutoTests" name="[378] /home/travis/build/icyphy/ptII/ptolemy/actor/lib/test/auto/TimeGap2.xml (RunModel)" time="0.01" />
  <testcase classname="ptolemy.util.test.junit.AutoTests" name="[379] /home/travis/build/icyphy/ptII/ptolemy/actor/lib/test/auto/TimedSinewave.xml (RunModel)" time="0.036" />
  <testcase classname="ptolemy.util.test.junit.AutoTests" name="[380] /home/travis/build/icyphy/ptII/ptolemy/actor/lib/test/auto/TimedSinewavePhase.xml (RunModel)" time="0.02" />
  <testcase classname="ptolemy.util.test.junit.AutoTests" name="[381] /home/travis/build/icyphy/ptII/ptolemy/actor/lib/test/auto/Timer.xml (RunModel)" time="0.016" />
  <testcase classname="ptolemy.util.test.junit.AutoTests" name="[382] /home/travis/build/icyphy/ptII/ptolemy/actor/lib/test/auto/TriangularDistTestModel.xml (RunModel)" time="0.013" />
  <testcase classname="ptolemy.util.test.junit.AutoTests" name="[383] /home/travis/build/icyphy/ptII/ptolemy/actor/lib/test/auto/TrigFunction.xml (RunModel)" time="0.008" />
  <testcase classname="ptolemy.util.test.junit.AutoTests" name="[384] /home/travis/build/icyphy/ptII/ptolemy/actor/lib/test/auto/TrigFunctionDE.xml (RunModel)" time="0.01" />
  <testcase classname="ptolemy.util.test.junit.AutoTests" name="[385] /home/travis/build/icyphy/ptII/ptolemy/actor/lib/test/auto/TrigFunctionInverse.xml (RunModel)" time="0.009" />
  <testcase classname="ptolemy.util.test.junit.AutoTests" name="[386] /home/travis/build/icyphy/ptII/ptolemy/actor/lib/test/auto/TrigFunctionTan.xml (RunModel)" time="0.007" />
  <testcase classname="ptolemy.util.test.junit.AutoTests" name="[387] /home/travis/build/icyphy/ptII/ptolemy/actor/lib/test/auto/TriggeredClock.xml (RunModel)" time="0.007" />
  <testcase classname="ptolemy.util.test.junit.AutoTests" name="[388] /home/travis/build/icyphy/ptII/ptolemy/actor/lib/test/auto/URLDirectoryReader.xml (RunModel)" time="0.086" />
  <testcase classname="ptolemy.util.test.junit.AutoTests" name="[389] /home/travis/build/icyphy/ptII/ptolemy/actor/lib/test/auto/URLDirectoryReader3.xml (RunModel)" time="1.618" />
  <testcase classname="ptolemy.util.test.junit.AutoTests" name="[390] /home/travis/build/icyphy/ptII/ptolemy/actor/lib/test/auto/UnaryMathFunction.xml (RunModel)" time="0.018" />
  <testcase classname="ptolemy.util.test.junit.AutoTests" name="[391] /home/travis/build/icyphy/ptII/ptolemy/actor/lib/test/auto/Uniform.xml (RunModel)" time="0.032" />
  <testcase classname="ptolemy.util.test.junit.AutoTests" name="[392] /home/travis/build/icyphy/ptII/ptolemy/actor/lib/test/auto/UnionDisassemblerTest.xml (RunModel)" time="0.015" />
  <testcase classname="ptolemy.util.test.junit.AutoTests" name="[393] /home/travis/build/icyphy/ptII/ptolemy/actor/lib/test/auto/UtilityFunctions.xml (RunModel)" time="0.028" />
  <testcase classname="ptolemy.util.test.junit.AutoTests" name="[394] /home/travis/build/icyphy/ptII/ptolemy/actor/lib/test/auto/VariableSleep.xml (RunModel)" time="0.535" />
  <testcase classname="ptolemy.util.test.junit.AutoTests" name="[395] /home/travis/build/icyphy/ptII/ptolemy/actor/lib/test/auto/VectorAssemblerDisassemblerCT.xml (RunModel)" time="0.093" />
  <testcase classname="ptolemy.util.test.junit.AutoTests" name="[396] /home/travis/build/icyphy/ptII/ptolemy/actor/lib/test/auto/VectorAssemblerDisassemblerDE.xml (RunModel)" time="0.015" />
  <testcase classname="ptolemy.util.test.junit.AutoTests" name="[397] /home/travis/build/icyphy/ptII/ptolemy/actor/lib/test/auto/VectorAssemblerDisassemblerSDF.xml (RunModel)" time="0.012" />
  <testcase classname="ptolemy.util.test.junit.AutoTests" name="[398] /home/travis/build/icyphy/ptII/ptolemy/actor/lib/test/auto/WallClockTime.xml (RunModel)" time="1.013" />
  <testcase classname="ptolemy.util.test.junit.AutoTests" name="[399] /home/travis/build/icyphy/ptII/ptolemy/actor/lib/test/auto/WidthTestWithSubscriberPublisher.xml (RunModel)" time="0.056" />
  <testcase classname="ptolemy.util.test.junit.AutoTests" name="[400] /home/travis/build/icyphy/ptII/ptolemy/actor/lib/test/auto/WidthTestWithSubscriberPublisher2.xml (RunModel)" time="0.015" />
  <testcase classname="ptolemy.util.test.junit.AutoTests" name="[401] /home/travis/build/icyphy/ptII/ptolemy/actor/lib/test/auto/WidthTestWithSubscriberPublisher3.xml (RunModel)" time="0.028" />
  <testcase classname="ptolemy.util.test.junit.AutoTests" name="[402] /home/travis/build/icyphy/ptII/ptolemy/actor/lib/test/auto/Writer.xml (RunModel)" time="0.01" />
  <testcase classname="ptolemy.util.test.junit.AutoTests" name="[403] /home/travis/build/icyphy/ptII/ptolemy/actor/lib/test/auto/array.xml (RunModel)" time="0.012" />
  <testcase classname="ptolemy.util.test.junit.AutoTests" name="[404] /home/travis/build/icyphy/ptII/ptolemy/actor/lib/test/auto/array2.xml (RunModel)" time="0.008" />
  <testcase classname="ptolemy.util.test.junit.AutoTests" name="[405] /home/travis/build/icyphy/ptII/ptolemy/actor/lib/test/auto/arrayType.xml (RunModel)" time="0.014" />
  <testcase classname="ptolemy.util.test.junit.AutoTests" name="[406] /home/travis/build/icyphy/ptII/ptolemy/actor/lib/test/auto/arrayType10.xml (RunModel)" time="0.011" />
  <testcase classname="ptolemy.util.test.junit.AutoTests" name="[407] /home/travis/build/icyphy/ptII/ptolemy/actor/lib/test/auto/arrayType11.xml (RunModel)" time="0.008" />
  <testcase classname="ptolemy.util.test.junit.AutoTests" name="[408] /home/travis/build/icyphy/ptII/ptolemy/actor/lib/test/auto/arrayType12.xml (RunModel)" time="0.009" />
  <testcase classname="ptolemy.util.test.junit.AutoTests" name="[409] /home/travis/build/icyphy/ptII/ptolemy/actor/lib/test/auto/arrayType13.xml (RunModel)" time="0.009" />
  <testcase classname="ptolemy.util.test.junit.AutoTests" name="[410] /home/travis/build/icyphy/ptII/ptolemy/actor/lib/test/auto/arrayType14.xml (RunModel)" time="0.009" />
  <testcase classname="ptolemy.util.test.junit.AutoTests" name="[411] /home/travis/build/icyphy/ptII/ptolemy/actor/lib/test/auto/arrayType15.xml (RunModel)" time="0.009" />
  <testcase classname="ptolemy.util.test.junit.AutoTests" name="[412] /home/travis/build/icyphy/ptII/ptolemy/actor/lib/test/auto/arrayType16.xml (RunModel)" time="0.008" />
  <testcase classname="ptolemy.util.test.junit.AutoTests" name="[413] /home/travis/build/icyphy/ptII/ptolemy/actor/lib/test/auto/arrayType17.xml (RunModel)" time="0.009" />
  <testcase classname="ptolemy.util.test.junit.AutoTests" name="[414] /home/travis/build/icyphy/ptII/ptolemy/actor/lib/test/auto/arrayType18.xml (RunModel)" time="0.009" />
  <testcase classname="ptolemy.util.test.junit.AutoTests" name="[415] /home/travis/build/icyphy/ptII/ptolemy/actor/lib/test/auto/arrayType19.xml (RunModel)" time="0.008" />
  <testcase classname="ptolemy.util.test.junit.AutoTests" name="[416] /home/travis/build/icyphy/ptII/ptolemy/actor/lib/test/auto/arrayType2.xml (RunModel)" time="0.011" />
  <testcase classname="ptolemy.util.test.junit.AutoTests" name="[417] /home/travis/build/icyphy/ptII/ptolemy/actor/lib/test/auto/arrayType20.xml (RunModel)" time="0.01" />
  <testcase classname="ptolemy.util.test.junit.AutoTests" name="[418] /home/travis/build/icyphy/ptII/ptolemy/actor/lib/test/auto/arrayType21.xml (RunModel)" time="0.008" />
  <testcase classname="ptolemy.util.test.junit.AutoTests" name="[419] /home/travis/build/icyphy/ptII/ptolemy/actor/lib/test/auto/arrayType22.xml (RunModel)" time="0.007" />
  <testcase classname="ptolemy.util.test.junit.AutoTests" name="[420] /home/travis/build/icyphy/ptII/ptolemy/actor/lib/test/auto/arrayType23.xml (RunModel)" time="0.01" />
  <testcase classname="ptolemy.util.test.junit.AutoTests" name="[421] /home/travis/build/icyphy/ptII/ptolemy/actor/lib/test/auto/arrayType24.xml (RunModel)" time="0.017" />
  <testcase classname="ptolemy.util.test.junit.AutoTests" name="[422] /home/travis/build/icyphy/ptII/ptolemy/actor/lib/test/auto/arrayType25.xml (RunModel)" time="0.017" />
  <testcase classname="ptolemy.util.test.junit.AutoTests" name="[423] /home/travis/build/icyphy/ptII/ptolemy/actor/lib/test/auto/arrayType26.xml (RunModel)" time="0.009" />
  <testcase classname="ptolemy.util.test.junit.AutoTests" name="[424] /home/travis/build/icyphy/ptII/ptolemy/actor/lib/test/auto/arrayType27.xml (RunModel)" time="0.012" />
  <testcase classname="ptolemy.util.test.junit.AutoTests" name="[425] /home/travis/build/icyphy/ptII/ptolemy/actor/lib/test/auto/arrayType28.xml (RunModel)" time="0.009" />
  <testcase classname="ptolemy.util.test.junit.AutoTests" name="[426] /home/travis/build/icyphy/ptII/ptolemy/actor/lib/test/auto/arrayType3.xml (RunModel)" time="0.029" />
  <testcase classname="ptolemy.util.test.junit.AutoTests" name="[427] /home/travis/build/icyphy/ptII/ptolemy/actor/lib/test/auto/arrayType4.xml (RunModel)" time="0.016" />
  <testcase classname="ptolemy.util.test.junit.AutoTests" name="[428] /home/travis/build/icyphy/ptII/ptolemy/actor/lib/test/auto/arrayType5.xml (RunModel)" time="0.009" />
  <testcase classname="ptolemy.util.test.junit.AutoTests" name="[429] /home/travis/build/icyphy/ptII/ptolemy/actor/lib/test/auto/arrayType6.xml (RunModel)" time="0.02" />
  <testcase classname="ptolemy.util.test.junit.AutoTests" name="[430] /home/travis/build/icyphy/ptII/ptolemy/actor/lib/test/auto/arrayType7.xml (RunModel)" time="0.01" />
  <testcase classname="ptolemy.util.test.junit.AutoTests" name="[431] /home/travis/build/icyphy/ptII/ptolemy/actor/lib/test/auto/arrayType8.xml (RunModel)" time="0.009" />
  <testcase classname="ptolemy.util.test.junit.AutoTests" name="[432] /home/travis/build/icyphy/ptII/ptolemy/actor/lib/test/auto/arrayType9.xml (RunModel)" time="0.008" />
  <testcase classname="ptolemy.util.test.junit.AutoTests" name="[433] /home/travis/build/icyphy/ptII/ptolemy/actor/lib/test/auto/cast.xml (RunModel)" time="0.009" />
  <testcase classname="ptolemy.util.test.junit.AutoTests" name="[434] /home/travis/build/icyphy/ptII/ptolemy/actor/lib/test/auto/compositeMultiPort.xml (RunModel)" time="0.019" />
  <testcase classname="ptolemy.util.test.junit.AutoTests" name="[435] /home/travis/build/icyphy/ptII/ptolemy/actor/lib/test/auto/expressionCastInference.xml (RunModel)" time="0.009" />
  <testcase classname="ptolemy.util.test.junit.AutoTests" name="[436] /home/travis/build/icyphy/ptII/ptolemy/actor/lib/test/auto/expressionCastInference2.xml (RunModel)" time="0.008" />
  <testcase classname="ptolemy.util.test.junit.AutoTests" name="[437] /home/travis/build/icyphy/ptII/ptolemy/actor/lib/test/auto/expressionInference.xml (RunModel)" time="0.007" />
  <testcase classname="ptolemy.util.test.junit.AutoTests" name="[438] /home/travis/build/icyphy/ptII/ptolemy/actor/lib/test/auto/expression_bug.xml (RunModel)" time="0.007" />
  <testcase classname="ptolemy.util.test.junit.AutoTests" name="[439] /home/travis/build/icyphy/ptII/ptolemy/actor/lib/test/auto/factorial.xml (RunModel)" time="0.046" />
  <testcase classname="ptolemy.util.test.junit.AutoTests" name="[440] /home/travis/build/icyphy/ptII/ptolemy/actor/lib/test/auto/filterTest1.xml (RunModel)" time="0.012" />
  <testcase classname="ptolemy.util.test.junit.AutoTests" name="[441] /home/travis/build/icyphy/ptII/ptolemy/actor/lib/test/auto/funcApplyInConst.xml (RunModel)" time="0.007" />
  <testcase classname="ptolemy.util.test.junit.AutoTests" name="[442] /home/travis/build/icyphy/ptII/ptolemy/actor/lib/test/auto/funcApplyInExpr.xml (RunModel)" time="0.006" />
  <testcase classname="ptolemy.util.test.junit.AutoTests" name="[443] /home/travis/build/icyphy/ptII/ptolemy/actor/lib/test/auto/function.xml (RunModel)" time="0.01" />
  <testcase classname="ptolemy.util.test.junit.AutoTests" name="[444] /home/travis/build/icyphy/ptII/ptolemy/actor/lib/test/auto/function2.xml (RunModel)" time="0.009" />
  <testcase classname="ptolemy.util.test.junit.AutoTests" name="[445] /home/travis/build/icyphy/ptII/ptolemy/actor/lib/test/auto/function3.xml (RunModel)" time="0.007" />
  <testcase classname="ptolemy.util.test.junit.AutoTests" name="[446] /home/travis/build/icyphy/ptII/ptolemy/actor/lib/test/auto/functionClosureTest1.xml (RunModel)" time="0.011" />
  <testcase classname="ptolemy.util.test.junit.AutoTests" name="[447] /home/travis/build/icyphy/ptII/ptolemy/actor/lib/test/auto/functionClosureTest2.xml (RunModel)" time="0.007" />
  <testcase classname="ptolemy.util.test.junit.AutoTests" name="[448] /home/travis/build/icyphy/ptII/ptolemy/actor/lib/test/auto/functionClosureTest3.xml (RunModel)" time="0.01" />
  <testcase classname="ptolemy.util.test.junit.AutoTests" name="[449] /home/travis/build/icyphy/ptII/ptolemy/actor/lib/test/auto/functionClosureTest4.xml (RunModel)" time="0.015" />
  <testcase classname="ptolemy.util.test.junit.AutoTests" name="[450] /home/travis/build/icyphy/ptII/ptolemy/actor/lib/test/auto/functionClosureTest5.xml (RunModel)" time="0.012" />
  <testcase classname="ptolemy.util.test.junit.AutoTests" name="[451] /home/travis/build/icyphy/ptII/ptolemy/actor/lib/test/auto/functionClosureTest6.xml (RunModel)" time="0.008" />
  <testcase classname="ptolemy.util.test.junit.AutoTests" name="[452] /home/travis/build/icyphy/ptII/ptolemy/actor/lib/test/auto/functionsOnArcs.xml (RunModel)" time="0.01" />
  <testcase classname="ptolemy.util.test.junit.AutoTests" name="[453] /home/travis/build/icyphy/ptII/ptolemy/actor/lib/test/auto/functionsOnArcsHOF.xml (RunModel)" time="0.012" />
  <testcase classname="ptolemy.util.test.junit.AutoTests" name="[454] /home/travis/build/icyphy/ptII/ptolemy/actor/lib/test/auto/logic.xml (RunModel)" time="0.017" />
  <testcase classname="ptolemy.util.test.junit.AutoTests" name="[455] /home/travis/build/icyphy/ptII/ptolemy/actor/lib/test/auto/matrixType.xml (RunModel)" time="0.009" />
  <testcase classname="ptolemy.util.test.junit.AutoTests" name="[456] /home/travis/build/icyphy/ptII/ptolemy/actor/lib/test/auto/matrixType10.xml (RunModel)" time="0.009" />
  <testcase classname="ptolemy.util.test.junit.AutoTests" name="[457] /home/travis/build/icyphy/ptII/ptolemy/actor/lib/test/auto/matrixType11.xml (RunModel)" time="0.009" />
  <testcase classname="ptolemy.util.test.junit.AutoTests" name="[458] /home/travis/build/icyphy/ptII/ptolemy/actor/lib/test/auto/matrixType12.xml (RunModel)" time="0.009" />
  <testcase classname="ptolemy.util.test.junit.AutoTests" name="[459] /home/travis/build/icyphy/ptII/ptolemy/actor/lib/test/auto/matrixType13.xml (RunModel)" time="0.008" />
  <testcase classname="ptolemy.util.test.junit.AutoTests" name="[460] /home/travis/build/icyphy/ptII/ptolemy/actor/lib/test/auto/matrixType14.xml (RunModel)" time="0.01" />
  <testcase classname="ptolemy.util.test.junit.AutoTests" name="[461] /home/travis/build/icyphy/ptII/ptolemy/actor/lib/test/auto/matrixType2.xml (RunModel)" time="0.009" />
  <testcase classname="ptolemy.util.test.junit.AutoTests" name="[462] /home/travis/build/icyphy/ptII/ptolemy/actor/lib/test/auto/matrixType3.xml (RunModel)" time="0.01" />
  <testcase classname="ptolemy.util.test.junit.AutoTests" name="[463] /home/travis/build/icyphy/ptII/ptolemy/actor/lib/test/auto/matrixType4.xml (RunModel)" time="0.008" />
  <testcase classname="ptolemy.util.test.junit.AutoTests" name="[464] /home/travis/build/icyphy/ptII/ptolemy/actor/lib/test/auto/matrixType5.xml (RunModel)" time="0.008" />
  <testcase classname="ptolemy.util.test.junit.AutoTests" name="[465] /home/travis/build/icyphy/ptII/ptolemy/actor/lib/test/auto/matrixType6.xml (RunModel)" time="0.008" />
  <testcase classname="ptolemy.util.test.junit.AutoTests" name="[466] /home/travis/build/icyphy/ptII/ptolemy/actor/lib/test/auto/matrixType7.xml (RunModel)" time="0.008" />
  <testcase classname="ptolemy.util.test.junit.AutoTests" name="[467] /home/travis/build/icyphy/ptII/ptolemy/actor/lib/test/auto/matrixType8.xml (RunModel)" time="0.009" />
  <testcase classname="ptolemy.util.test.junit.AutoTests" name="[468] /home/travis/build/icyphy/ptII/ptolemy/actor/lib/test/auto/matrixType9.xml (RunModel)" time="0.009" />
  <testcase classname="ptolemy.util.test.junit.AutoTests" name="[469] /home/travis/build/icyphy/ptII/ptolemy/actor/lib/test/auto/paraFunctest.xml (RunModel)" time="0.007" />
  <testcase classname="ptolemy.util.test.junit.AutoTests" name="[470] /home/travis/build/icyphy/ptII/ptolemy/actor/lib/test/auto/paraFunctest2.xml (RunModel)" time="0.009" />
  <testcase classname="ptolemy.util.test.junit.AutoTests" name="[471] /home/travis/build/icyphy/ptII/ptolemy/actor/lib/test/auto/parameterPassing.xml (RunModel)" time="0.008" />
  <testcase classname="ptolemy.util.test.junit.AutoTests" name="[472] /home/travis/build/icyphy/ptII/ptolemy/actor/lib/test/auto/record.xml (RunModel)" time="0.009" />
  <testcase classname="ptolemy.util.test.junit.AutoTests" name="[473] /home/travis/build/icyphy/ptII/ptolemy/actor/lib/test/auto/sizedarray1.xml (RunModel)" time="0.009" />
  <testcase classname="ptolemy.util.test.junit.AutoTests" name="[474] /home/travis/build/icyphy/ptII/ptolemy/actor/lib/test/auto/sizedarray2.xml (RunModel)" time="0.011" />
  <testcase classname="ptolemy.util.test.junit.AutoTests" name="[475] /home/travis/build/icyphy/ptII/ptolemy/actor/lib/test/auto/twoPublishers.xml (RunModel)" time="0.02" />
  <system-out><![CDATA[/home/travis/build/icyphy/ptII/ptolemy/actor/lib/test/AbsoluteValue.tcl
testDefs.tcl: setting time out to 9000 seconds at Fri Feb 22 18:49:06 UTC 2019
77 ms. Memory: 116224K Free: 109605K (94%)
4 ms. Memory: 116224K Free: 108417K (93%)
4 ms. Memory: 116224K Free: 107816K (93%)
4 ms. Memory: 116224K Free: 106621K (92%)
/home/travis/build/icyphy/ptII/ptolemy/actor/lib/test/AddSubtract.tcl
7 ms. Memory: 116224K Free: 104800K (90%)
5 ms. Memory: 116224K Free: 104167K (90%)
4 ms. Memory: 116224K Free: 102980K (89%)
5 ms. Memory: 116224K Free: 102386K (88%)
16 ms. Memory: 116224K Free: 101785K (88%)
8 ms. Memory: 116224K Free: 101151K (87%)
/home/travis/build/icyphy/ptII/ptolemy/actor/lib/test/Average.tcl
10 ms. Memory: 116224K Free: 99331K (85%)
13 ms. Memory: 116224K Free: 98104K (84%)
/home/travis/build/icyphy/ptII/ptolemy/actor/lib/test/Bernoulli.tcl
4 ms. Memory: 116224K Free: 96307K (83%)
2 ms. Memory: 116224K Free: 95714K (82%)
/home/travis/build/icyphy/ptII/ptolemy/actor/lib/test/Clock.tcl
preinitializing
resolving types
initializing
executing number 1
wrapping up
idle
10 ms. Memory: 116224K Free: 93901K (81%)
Completed execution with 5 iterations
preinitializing
resolving types
initializing
executing number 1
wrapping up
idle
4 ms. Memory: 116224K Free: 92698K (80%)
Completed execution with 5 iterations
preinitializing
resolving types
initializing
executing number 1
wrapping up
idle
3 ms. Memory: 116224K Free: 92089K (79%)
Completed execution with 5 iterations
/home/travis/build/icyphy/ptII/ptolemy/actor/lib/test/Commutator.tcl
5 ms. Memory: 116224K Free: 90292K (78%)
5 ms. Memory: 116224K Free: 89089K (77%)
8 ms. Memory: 116224K Free: 84879K (73%)
/home/travis/build/icyphy/ptII/ptolemy/actor/lib/test/Const.tcl
8 ms. Memory: 116224K Free: 83063K (71%)
2 ms. Memory: 116224K Free: 82470K (71%)
6 ms. Memory: 116224K Free: 81876K (70%)
6 ms. Memory: 116224K Free: 81283K (70%)
11 ms. Memory: 146944K Free: 140456K (96%)
26 ms. Memory: 146944K Free: 138856K (94%)
4 ms. Memory: 146944K Free: 137640K (94%)
3 ms. Memory: 146944K Free: 136424K (93%)
/home/travis/build/icyphy/ptII/ptolemy/actor/lib/test/CurrentTime.tcl
preinitializing
resolving types
initializing
executing number 1
wrapping up
idle
15 ms. Memory: 146944K Free: 135207K (92%)
Completed execution with 11 iterations
/home/travis/build/icyphy/ptII/ptolemy/actor/lib/test/DB.tcl
3 ms. Memory: 146944K Free: 132791K (90%)
5 ms. Memory: 146944K Free: 132791K (90%)
1 ms. Memory: 146944K Free: 132791K (90%)
/home/travis/build/icyphy/ptII/ptolemy/actor/lib/test/DiscreteRandomSource.tcl
preinitializing
resolving types
initializing
executing number 1
wrapping up
idle
10 ms. Memory: 146944K Free: 130374K (89%)
Completed execution with 4 iterations
preinitializing
resolving types
initializing
executing number 1
wrapping up
idle
10 ms. Memory: 146944K Free: 130374K (89%)
Completed execution with 4 iterations
preinitializing
resolving types
initializing
executing number 1
wrapping up
idle
3 ms. Memory: 146944K Free: 129174K (88%)
Completed execution with 4 iterations
preinitializing
resolving types
initializing
executing number 1
wrapping up
idle
3 ms. Memory: 146944K Free: 129174K (88%)
Completed execution with 4 iterations
preinitializing
resolving types
initializing
executing number 1
wrapping up
idle
11 ms. Memory: 146944K Free: 129174K (88%)
Completed execution with 4 iterations
/home/travis/build/icyphy/ptII/ptolemy/actor/lib/test/Distributor.tcl
6 ms. Memory: 146944K Free: 126773K (86%)
8 ms. Memory: 146944K Free: 126773K (86%)
StreamChangeRequest.changeExecuted(): <deleteEntity name="rec2"/> succeeded
StreamChangeRequest.changeExecuted(): <deleteRelation name="r2"/> succeeded
StreamChangeRequest.changeExecuted(): Record firings per iteration succeeded
5 ms. Memory: 146944K Free: 124373K (85%)
/home/travis/build/icyphy/ptII/ptolemy/actor/lib/test/Exit.tcl
Exit.tcl: this will print a message about Manager.exitAfterWrapup, which can be ignored.
13 ms. Memory: 146944K Free: 120129K (82%)
/home/travis/build/icyphy/ptII/ptolemy/actor/lib/test/Expression.tcl
7 ms. Memory: 146944K Free: 116499K (79%)
12 ms. Memory: 146944K Free: 115299K (78%)
7 ms. Memory: 146944K Free: 115299K (78%)
preinitializing
resolving types
initializing
executing number 1
wrapping up
idle
9 ms. Memory: 146944K Free: 114099K (78%)
Completed execution with 6 iterations
4 ms. Memory: 146944K Free: 112898K (77%)
2 ms. Memory: 146944K Free: 111698K (76%)
4 ms. Memory: 146944K Free: 110498K (75%)
3 ms. Memory: 146944K Free: 109298K (74%)
3 ms. Memory: 146944K Free: 108097K (74%)
/home/travis/build/icyphy/ptII/ptolemy/actor/lib/test/Gaussian.tcl
4 ms. Memory: 146944K Free: 106897K (73%)
sleeping 1 seconds: ............................................................................................................................................................................................................................................................................................................................................................................................................................................................................................................................................................................................................................................................................................................................................................................................................................................................................................................................................................................................................................................................................................................................................................................................................................................................................................................................................................................................................................................................................................................................................................................................................................................................................................................................................................................................................................................................................................................................................................................................................................................................................................................................................................................................................................................................................................................................................................................................................................................................................................................................................................................................................................................................................................................................................................................................................................................................................................................................................................................................................................................................................................................................................................................................................................................................................................................................................................................................................................................................................................................................................................................................................................................................................................................................................................................................................................................................................................................................................................................................................................................................................................................................................................................................................................................................................................................................................................................................................................................................................................................................................................................................................................................................................................................................................................................................................................................................................................................................................................................................................................................................................................................................................................................................................................................................................................................................................................................................................................................................................................................................................................................................................................................................................................................................................................................................................................................................................................................................................................................................................................................................................................................................................................................................................................................................................................................................................................................................................................................................................................................................................................................................................................................................................................................................................................................................................................................................................................................................................................................................................................................................................................................................................................................................................................................................................................................................................................................................................................................................................................................................................................................................................................................................................................................................................................................................................................................................................................................................................................................................................................................................................................................................................................................................................................................................................................................................................................................................................................................................................................................................................................................................................................................................................................................................................................................................................................................................................................................................................................................................................................................................................................................................................................................................................................................................................................................................................................................................................................................................................................................................................................................................................................................................................................................................................................................................................................................................................................................................................................................................................................................................................................................................................................................................................................................................................................................................................................................................................................................................................................................................................................................................................................................................................................................................................................................................................................................................................................................................................................................................................................................................................................................................................................................................................................................................................................................................................................................................................................................................................................................................................................................................................................................................................................................................................................................................................................................................................................................................................................................................................................................................................................................................................................................................................................................................................................................................................................................................................................................................................................................................................................................................................................................................................................................................................................................................................................................................................................................................................................................................................................................................................................................................................................................................................................................................................................................................................................................................................................................................................................................................................................................................................................................................................................................................................................................................................................................................................................................................................................................................................................................................................................................................................................................................................................................................................................................................................................................................................................................................................................................................................................................................................................................................................................................................................................................................................................................................................................................................................................................................................................................................................................................................................................................................................................................................................................................................................................................................................................................................................................................................................................................................................................................................................................................................................................................................................................................................................................................................................................................................................................................................................................................................................................................................................................................................................................................................................................................................................................................................................................................................................................................................................................................................................................................................................................................................................................................................................................................................................................................................................................................................................................................................................................................................................................................................................................................................................................................................................................................................................................................................................................................................................................................................................................................................................................................................................................................................................................................................................................................................................................................................................................................................................................................................................................................................................................................................................................................................................................................................................................................................................................................................................................................................................................................................................................................................................................................................................................................................................................................................................................................................................................................................................................................................................................................................................................................................................................................................................................................................................................................................................................................................................................................................................................................................................................................................................................................................................................................................................................................................................................................................................................................................................................................................................................................................................................................................................................................................................................................................................................................................................................................................................................................................................................................................................................................................................................................................................................................................................................................................................................................................................................................................................................................................................................................................................................................................................................................................................................................................................................................................................................................................................................................................................................................................................................................................................................................................................................................................................................................................................................................................................................................................................................................................................................................................................................................................................................................................................................................................................................................................................................................................................................................................................................................................................................................................................................................................................................................................................................................................................................................................................................................................................................................................................................................................................................................................................................................................................................................................................................................................................................................................................................................................................................................................................................................................................................................................................................................................................................................................................................................................................................................................................................................................................................................................................................................................................................................................................................................................................................................................................................................................................................................................................................................................................................................................................................................................................................................................................................................................................................................................................................................................................................................................................................................................................................................................................................................................................................................................................................................................................................................................................................................................................................................................................................................................................................................................................................................................................................................................................................................................................................................................................................................................................................................................................................................................................................................................................................................................................................................................................................................................................................................................................................................................................................................................................................................................................................................................................................................................................................................................................................................................................................................................................................................................................................................................................................................................................................................................................................................................................................................................................................................................................................................................................................................................................................................................................................................................................................................................................................................................................................................................................................................................................................................................................................................................................................................................................................................................................................................................................................................................................................................................................................................................................................................................................................................................................................................................................................................................................................................................................................................................................................................................................................................................................................................................................................................................................................................................................................................................................................................................................................................................................................................................................................................................................................................................................................................................................................................................................................................................................................................................................................................................................................................................................................................................................................................................................................................................................................................................................................................................................................................................................................................................................................................................................................................................................................................................................................................................................................................................................................................................................................................................................................................................................................................................................................................................................................................................................................................................................................................................................................................................................................................................................................................................................................................................................................................................................................................................................................................................................................................................................................................................................................................................................................................................................................................................................................................................................................................................................................................................................................................................................................................................................................................................................................................................................................................................................................................................................................................................................................................................................................................................................................................................................................................................................................................................................................................................................................................................................................................................................................................................................................................................................................................................................................................................................................................................................................................................................................................................................................................................................................................................................................................................................................................................................................................................................................................................................................................................................................................................................................................................................................................................................................................................................................................................................................................................................................................................................................................................................................................................................................................................................................................................................................................................................................................................................................................................................................................................................................................................................................................................................................................................................................................................................................................................................................................................................................................................................................................................................................................................................................................................................................................................................................................................................................................................................................................................................................................................................................................................................................................................................................................................................................................................................................................................................................................................................................................................................................................................................................................................................................................................................................................................................................................................................................................................................................................................................................................................................................................................................................................................................................................................................................................................................................................................................................................................................................................................................................................................................................................................................................................................................................................................................................................................................................................................................................................................................................................................................................................................................................................................................................................................................................................................................................................................................................................................................................................................................................................................................................................................................................................................................................................................................................................................................................................................................................................................................................................................................................................................................................................................................................................................................................................................................................................................................................................................................................................................................................................................................................................................................................................................................................................................................................................................................................................................................................................................................................................................................................................................................................................................................................................................................................................................................................................................................................................................................................................................................................................................................................................................................................................................................................................................................................................................................................................................................................................................................................................................................................................................................................................................................................................................................................................................................................................................................................................................................................................................................................................................................................................................................................................................................................................................................................................................................................................................................................................................................................................................................................................................................................................................................................................................................................................................................................................................................................................................................................................................................................................................................................................................................................................................................................................................................................................................................................................................................................................................................................................................................................................................................................................................................................................................................................................................................................................................................................................................................................................................................................................................................................................................................................................................5 ms. Memory: 208384K Free: 110177K (53%)
4 ms. Memory: 208384K Free: 110177K (53%)
2 ms. Memory: 208384K Free: 110177K (53%)
5 ms. Memory: 208384K Free: 107267K (51%)
3 ms. Memory: 208384K Free: 107267K (51%)
/home/travis/build/icyphy/ptII/ptolemy/actor/lib/test/IIR.tcl
/home/travis/build/icyphy/ptII/ptolemy/actor/lib/test/Interpolator.tcl
4 ms. Memory: 208384K Free: 102488K (49%)
3 ms. Memory: 208384K Free: 102488K (49%)
3 ms. Memory: 208384K Free: 102488K (49%)
2 ms. Memory: 208384K Free: 102488K (49%)
2 ms. Memory: 208384K Free: 100098K (48%)
4 ms. Memory: 208384K Free: 100098K (48%)
3 ms. Memory: 208384K Free: 100098K (48%)
2 ms. Memory: 208384K Free: 97708K (47%)
9 ms. Memory: 208384K Free: 97708K (47%)
2 ms. Memory: 208384K Free: 95318K (46%)
/home/travis/build/icyphy/ptII/ptolemy/actor/lib/test/MathFunction.tcl
4 ms. Memory: 208384K Free: 95318K (46%)
3 ms. Memory: 208384K Free: 92928K (45%)
1 ms. Memory: 208384K Free: 92928K (45%)
3 ms. Memory: 208384K Free: 90538K (43%)
3 ms. Memory: 208384K Free: 90538K (43%)
5 ms. Memory: 208384K Free: 88148K (42%)
/home/travis/build/icyphy/ptII/ptolemy/actor/lib/test/Maximum.tcl
3 ms. Memory: 208384K Free: 85758K (41%)
2 ms. Memory: 208384K Free: 85758K (41%)
2 ms. Memory: 208384K Free: 85758K (41%)
2 ms. Memory: 208384K Free: 83369K (40%)
/home/travis/build/icyphy/ptII/ptolemy/actor/lib/test/Minimum.tcl
3 ms. Memory: 208384K Free: 80979K (39%)
2 ms. Memory: 208384K Free: 80979K (39%)
2 ms. Memory: 208384K Free: 80979K (39%)
2 ms. Memory: 208384K Free: 80979K (39%)
/home/travis/build/icyphy/ptII/ptolemy/actor/lib/test/MultiplyDivide.tcl
22 ms. Memory: 208384K Free: 200285K (96%)
8 ms. Memory: 208384K Free: 199947K (96%)
3 ms. Memory: 208384K Free: 197534K (95%)
5 ms. Memory: 208384K Free: 197534K (95%)
4 ms. Memory: 208384K Free: 197534K (95%)
/home/travis/build/icyphy/ptII/ptolemy/actor/lib/test/OrderedMerge.tcl
Connections changed on port: inputA
Connections changed on port: inputB
Connections changed on port: output
Connections changed on port: output
Connections changed on port: output
Connections changed on port: input
.top. Preinitializing ...
Invoking preinitialize():  .top.OrderedMerge
Called preinitialize()
Invoking preinitialize():  .top.Ramp
Called preinitialize()
Invoking preinitialize():  .top.Ramp2
Called preinitialize()
Invoking preinitialize():  .top.Test
Called preinitialize()
Connections changed on port: inputA
Connections changed on port: output
Connections changed on port: inputB
Connections changed on port: output
Connections changed on port: output
Connections changed on port: input
.top. Finished preinitialize().
Called initialize().
Invoking initialize():  .top.OrderedMerge
Initializing actor: .top.OrderedMerge
Adding a thread: .top.OrderedMerge
Invoking initialize():  .top.Ramp
Initializing actor: .top.Ramp
Adding a thread: .top.Ramp
Invoking initialize():  .top.Ramp2
Initializing actor: .top.Ramp2
Adding a thread: .top.Ramp2
Invoking initialize():  .top.Test
Initializing actor: .top.Test
Adding a thread: .top.Test
-- Starting thread.
Called initialize()
Called prefire()
Called fire()
-- Starting thread.
Called initialize()
Called prefire()
Called fire()
Called postfire()
Called prefire()
Called fire()
-- Starting thread.
Called initialize()
Called prefire()
Called fire()
Called postfire()
Called prefire()
Called fire()
Called fire().
Checking for deadlock:
There are 3 Blocked actors, 0 Stopped actors, and 4 active threads.
Waiting for actors to stop.
-- Starting thread.
Called initialize()
Called prefire()
Called fire()
Checking for deadlock:
There are 2 Blocked actors, 0 Stopped actors, and 4 active threads.
Waiting for actors to stop.
Called postfire()
Called prefire()
Called fire()
Checking for deadlock:
There are 3 Blocked actors, 0 Stopped actors, and 4 active threads.
Waiting for actors to stop.
Read input token from inputA with value 0.0
Next port to read input from is inputB
Called postfire()
Called prefire()
Called fire()
Checking for deadlock:
There are 2 Blocked actors, 0 Stopped actors, and 4 active threads.
Waiting for actors to stop.
Called postfire()
Called prefire()
Called fire()
Checking for deadlock:
There are 3 Blocked actors, 0 Stopped actors, and 4 active threads.
Waiting for actors to stop.
Read input token from inputB with value 0.0
Checking for deadlock:
There are 2 Blocked actors, 0 Stopped actors, and 4 active threads.
Waiting for actors to stop.
-- Read input: 0.0, which is expected to match: 0.0
Called prefire()
Called fire()
Checking for deadlock:
There are 3 Blocked actors, 0 Stopped actors, and 4 active threads.
Waiting for actors to stop.
Sent output token with value 0.0
Next port to read input from is inputA
Called postfire()
Called prefire()
Called fire()
Called postfire()
Called prefire()
Called fire()
Checking for deadlock:
There are 3 Blocked actors, 0 Stopped actors, and 4 active threads.
Waiting for actors to stop.
Read input token from inputA with value 1.0
-- Read input: 0.0, which is expected to match: 0.0
Called prefire()
Called fire()
Checking for deadlock:
There are 3 Blocked actors, 0 Stopped actors, and 4 active threads.
Waiting for actors to stop.
Sent output token with value 0.0
Next port to read input from is inputB
Called postfire()
Called prefire()
Called fire()
Checking for deadlock:
There are 2 Blocked actors, 0 Stopped actors, and 4 active threads.
Waiting for actors to stop.
Called postfire()
Called prefire()
Called fire()
Checking for deadlock:
There are 3 Blocked actors, 0 Stopped actors, and 4 active threads.
Waiting for actors to stop.
Read input token from inputB with value 1.5
Checking for deadlock:
There are 2 Blocked actors, 0 Stopped actors, and 4 active threads.
Waiting for actors to stop.
-- Read input: 1.0, which is expected to match: 1.0
Called prefire()
Called fire()
Checking for deadlock:
There are 3 Blocked actors, 0 Stopped actors, and 4 active threads.
Waiting for actors to stop.
Sent output token with value 1.0
Next port to read input from is inputA
Called postfire()
Called prefire()
Called fire()
Called postfire()
Called prefire()
Called fire()
Checking for deadlock:
There are 3 Blocked actors, 0 Stopped actors, and 4 active threads.
Waiting for actors to stop.
Read input token from inputA with value 2.0
-- Read input: 1.5, which is expected to match: 1.5
Called prefire()
Called fire()
Checking for deadlock:
There are 3 Blocked actors, 0 Stopped actors, and 4 active threads.
Waiting for actors to stop.
Sent output token with value 1.5
Next port to read input from is inputB
Called postfire()
Called prefire()
Called fire()
Checking for deadlock:
There are 2 Blocked actors, 0 Stopped actors, and 4 active threads.
Waiting for actors to stop.
Called postfire()
Called prefire()
Called fire()
Checking for deadlock:
There are 3 Blocked actors, 0 Stopped actors, and 4 active threads.
Waiting for actors to stop.
Read input token from inputB with value 3.0
Checking for deadlock:
There are 2 Blocked actors, 0 Stopped actors, and 4 active threads.
Waiting for actors to stop.
-- Read input: 2.0, which is expected to match: 2.0
Called prefire()
Called fire()
Checking for deadlock:
There are 3 Blocked actors, 0 Stopped actors, and 4 active threads.
Waiting for actors to stop.
Sent output token with value 2.0
Next port to read input from is inputA
Called postfire()
Called prefire()
Called fire()
Called postfire()
Called prefire()
Called fire()
Checking for deadlock:
There are 3 Blocked actors, 0 Stopped actors, and 4 active threads.
Waiting for actors to stop.
Read input token from inputA with value 3.0
-- Read input: 3.0, which is expected to match: 3.0
Called prefire()
Called fire()
Checking for deadlock:
There are 3 Blocked actors, 0 Stopped actors, and 4 active threads.
Waiting for actors to stop.
Sent output token with value 3.0
Next port to read input from is inputB
Called postfire()
Called prefire()
Called fire()
Checking for deadlock:
There are 2 Blocked actors, 0 Stopped actors, and 4 active threads.
Waiting for actors to stop.
Called postfire()
Called prefire()
Called fire()
Checking for deadlock:
There are 3 Blocked actors, 0 Stopped actors, and 4 active threads.
Waiting for actors to stop.
Read input token from inputB with value 4.5
Checking for deadlock:
There are 2 Blocked actors, 0 Stopped actors, and 4 active threads.
Waiting for actors to stop.
-- Read input: 3.0, which is expected to match: 3.0
Called prefire()
Called fire()
Checking for deadlock:
There are 3 Blocked actors, 0 Stopped actors, and 4 active threads.
Waiting for actors to stop.
Sent output token with value 3.0
Next port to read input from is inputA
Called postfire()
Called prefire()
Called fire()
Called postfire()
Called prefire()
Called fire()
Checking for deadlock:
There are 3 Blocked actors, 0 Stopped actors, and 4 active threads.
Waiting for actors to stop.
Read input token from inputA with value 4.0
-- Read input: 4.0, which is expected to match: 4.0
Called prefire()
Called fire()
Past the end of training data. Read and discard all inputs.
Checking for deadlock:
There are 3 Blocked actors, 0 Stopped actors, and 4 active threads.
Waiting for actors to stop.
Sent output token with value 4.0
Next port to read input from is inputA
Called postfire()
Called prefire()
Called fire()
Called postfire()
Called prefire()
Called fire()
Checking for deadlock:
There are 3 Blocked actors, 0 Stopped actors, and 4 active threads.
Waiting for actors to stop.
Read input token from inputA with value 5.0
Called prefire()
Called fire()
Past the end of training data. Read and discard all inputs.
Checking for deadlock:
There are 3 Blocked actors, 0 Stopped actors, and 4 active threads.
Waiting for actors to stop.
Sent output token with value 4.5
Next port to read input from is inputB
Called postfire()
Called prefire()
Called fire()
Checking for deadlock:
There are 2 Blocked actors, 0 Stopped actors, and 4 active threads.
Waiting for actors to stop.
Called postfire()
Called prefire()
Called fire()
Checking for deadlock:
There are 3 Blocked actors, 0 Stopped actors, and 4 active threads.
Waiting for actors to stop.
Read input token from inputB with value 6.0
Checking for deadlock:
There are 2 Blocked actors, 0 Stopped actors, and 4 active threads.
Waiting for actors to stop.
Called prefire()
Called fire()
Past the end of training data. Read and discard all inputs.
Checking for deadlock:
There are 3 Blocked actors, 0 Stopped actors, and 4 active threads.
Waiting for actors to stop.
Sent output token with value 5.0
Next port to read input from is inputA
Called postfire()
Called prefire()
Called fire()
Called postfire()
Called prefire()
Called fire()
Checking for deadlock:
There are 3 Blocked actors, 0 Stopped actors, and 4 active threads.
Waiting for actors to stop.
Read input token from inputA with value 6.0
Called prefire()
Called fire()
Past the end of training data. Read and discard all inputs.
Checking for deadlock:
There are 3 Blocked actors, 0 Stopped actors, and 4 active threads.
Waiting for actors to stop.
Sent output token with value 6.0
Next port to read input from is inputB
Called postfire()
Called prefire()
Called fire()
Checking for deadlock:
There are 2 Blocked actors, 0 Stopped actors, and 4 active threads.
Waiting for actors to stop.
Called postfire()
Called prefire()
Called fire()
Checking for deadlock:
There are 3 Blocked actors, 0 Stopped actors, and 4 active threads.
Waiting for actors to stop.
Read input token from inputB with value 7.5
Checking for deadlock:
There are 2 Blocked actors, 0 Stopped actors, and 4 active threads.
Waiting for actors to stop.
Called prefire()
Called fire()
Past the end of training data. Read and discard all inputs.
Checking for deadlock:
There are 3 Blocked actors, 0 Stopped actors, and 4 active threads.
Waiting for actors to stop.
Sent output token with value 6.0
Next port to read input from is inputA
Called postfire()
Called prefire()
Called fire()
Called postfire()
Called prefire()
Called fire()
Checking for deadlock:
There are 3 Blocked actors, 0 Stopped actors, and 4 active threads.
Waiting for actors to stop.
Read input token from inputA with value 7.0
Called prefire()
Called fire()
Past the end of training data. Read and discard all inputs.
Checking for deadlock:
There are 3 Blocked actors, 0 Stopped actors, and 4 active threads.
Waiting for actors to stop.
Sent output token with value 7.0
Next port to read input from is inputA
Called postfire()
Called prefire()
Called fire()
-- Thread wrapup() called.
Called wrapup()
Thread .top.Ramp is exiting.
-- Thread stopped.
Checking for deadlock:
There are 2 Blocked actors, 0 Stopped actors, and 3 active threads.
Waiting for actors to stop.
Read input token from inputA with value 8.0
Called prefire()
Called fire()
Past the end of training data. Read and discard all inputs.
Checking for deadlock:
There are 2 Blocked actors, 0 Stopped actors, and 3 active threads.
Waiting for actors to stop.
Sent output token with value 7.5
Next port to read input from is inputB
Called postfire()
Called prefire()
Called fire()
Checking for deadlock:
There are 1 Blocked actors, 0 Stopped actors, and 3 active threads.
Waiting for actors to stop.
Called postfire()
Called prefire()
Called fire()
Checking for deadlock:
There are 2 Blocked actors, 0 Stopped actors, and 3 active threads.
Waiting for actors to stop.
Read input token from inputB with value 9.0
Checking for deadlock:
There are 1 Blocked actors, 0 Stopped actors, and 3 active threads.
Waiting for actors to stop.
Called prefire()
Called fire()
Past the end of training data. Read and discard all inputs.
Checking for deadlock:
There are 2 Blocked actors, 0 Stopped actors, and 3 active threads.
Waiting for actors to stop.
Sent output token with value 8.0
Next port to read input from is inputA
Called postfire()
Called prefire()
Called fire()
Read input token from inputA with value 9.0
Checking for deadlock:
There are 1 Blocked actors, 0 Stopped actors, and 3 active threads.
Waiting for actors to stop.
Called prefire()
Called fire()
Past the end of training data. Read and discard all inputs.
Checking for deadlock:
There are 2 Blocked actors, 0 Stopped actors, and 3 active threads.
Waiting for actors to stop.
Sent output token with value 9.0
Next port to read input from is inputB
Called postfire()
Called prefire()
Called fire()
Checking for deadlock:
There are 1 Blocked actors, 0 Stopped actors, and 3 active threads.
Waiting for actors to stop.
Called postfire()
Called prefire()
Called fire()
Checking for deadlock:
There are 2 Blocked actors, 0 Stopped actors, and 3 active threads.
Waiting for actors to stop.
Read input token from inputB with value 10.5
Checking for deadlock:
There are 1 Blocked actors, 0 Stopped actors, and 3 active threads.
Waiting for actors to stop.
Called prefire()
Called fire()
Past the end of training data. Read and discard all inputs.
Checking for deadlock:
There are 2 Blocked actors, 0 Stopped actors, and 3 active threads.
Waiting for actors to stop.
Sent output token with value 9.0
Next port to read input from is inputA
Called postfire()
Called prefire()
Called fire()
Checking for deadlock:
There are 3 Blocked actors, 0 Stopped actors, and 3 active threads.
Actors have stopped.
Checking for deadlock:
There are 3 Blocked actors, 0 Stopped actors, and 3 active threads.
Deadlock detected.
Resolving Deadlock
Checking for deadlock:
There are 3 Blocked actors, 0 Stopped actors, and 3 active threads.
Artificial Deadlock - increasing queue capacity.
increasing the capacity of receiver ptolemy.actor.TypedIOPort {.top.OrderedMerge.inputB} to 2
Director: Called postfire().
Called postfire().
_stopRequested = false
_stopFireRequested = false
Returning from postfire(): true
Called fire().
Checking for deadlock:
There are 2 Blocked actors, 0 Stopped actors, and 3 active threads.
Waiting for actors to stop.
-- Thread wrapup() called.
Called wrapup()
Thread .top.Ramp2 is exiting.
-- Thread stopped.
Checking for deadlock:
There are 2 Blocked actors, 0 Stopped actors, and 2 active threads.
Actors have stopped.
Checking for deadlock:
There are 2 Blocked actors, 0 Stopped actors, and 2 active threads.
Deadlock detected.
Resolving Deadlock
Checking for deadlock:
There are 2 Blocked actors, 0 Stopped actors, and 2 active threads.
Deadlock detected: no processes blocked on write, but some are blocked on read.
Called postfire().
_stopRequested = false
_stopFireRequested = false
Returning from postfire(): false
Finished deactivating branches.
Called wrapup().
-- Thread wrapup() called.
Called wrapup()
Thread .top.OrderedMerge is exiting.
-- Thread stopped.
-- Blocked Receiver call threw TerminateProcessException.
-- Thread wrapup() called.
Called wrapup()
Thread .top.Test is exiting.
-- Thread stopped.
-- Blocked Receiver call threw TerminateProcessException.
21 ms. Memory: 208384K Free: 190205K (91%)
.top. Preinitializing ...
Invoking preinitialize():  .top.OrderedMerge
Called preinitialize()
Invoking preinitialize():  .top.Ramp
Called preinitialize()
Invoking preinitialize():  .top.Ramp2
Called preinitialize()
Invoking preinitialize():  .top.Test
Called preinitialize()
.top. Finished preinitialize().
Called initialize().
Invoking initialize():  .top.OrderedMerge
Initializing actor: .top.OrderedMerge
Adding a thread: .top.OrderedMerge
Invoking initialize():  .top.Ramp
Initializing actor: .top.Ramp
Adding a thread: .top.Ramp
Invoking initialize():  .top.Ramp2
Initializing actor: .top.Ramp2
Adding a thread: .top.Ramp2
Invoking initialize():  .top.Test
Initializing actor: .top.Test
Adding a thread: .top.Test
-- Starting thread.
Called initialize()
Called prefire()
Called fire()
-- Starting thread.
Called initialize()
Called prefire()
Called fire()
Called postfire()
Called prefire()
Called fire()
-- Starting thread.
Called initialize()
Called prefire()
Called fire()
Called postfire()
Called prefire()
Called fire()
Called fire().
Checking for deadlock:
There are 3 Blocked actors, 0 Stopped actors, and 4 active threads.
Waiting for actors to stop.
-- Starting thread.
Called initialize()
Called prefire()
Called fire()
Checking for deadlock:
There are 2 Blocked actors, 0 Stopped actors, and 4 active threads.
Waiting for actors to stop.
Called postfire()
Called prefire()
Called fire()
Checking for deadlock:
There are 3 Blocked actors, 0 Stopped actors, and 4 active threads.
Waiting for actors to stop.
Read input token from inputA with value 0.0
Next port to read input from is inputB
Called postfire()
Called prefire()
Called fire()
Checking for deadlock:
There are 2 Blocked actors, 0 Stopped actors, and 4 active threads.
Waiting for actors to stop.
Called postfire()
Called prefire()
Called fire()
Checking for deadlock:
There are 3 Blocked actors, 0 Stopped actors, and 4 active threads.
Waiting for actors to stop.
Read input token from inputB with value 0.0
Checking for deadlock:
There are 2 Blocked actors, 0 Stopped actors, and 4 active threads.
Waiting for actors to stop.
-- Read input: 0.0, which is expected to match: 0.0
Called prefire()
Called fire()
Checking for deadlock:
There are 3 Blocked actors, 0 Stopped actors, and 4 active threads.
Waiting for actors to stop.
Sent output token with value 0.0
Next port to read input from is inputA
Called postfire()
Called prefire()
Called fire()
Checking for deadlock:
There are 2 Blocked actors, 0 Stopped actors, and 4 active threads.
Waiting for actors to stop.
Called postfire()
Called prefire()
Called fire()
Checking for deadlock:
There are 3 Blocked actors, 0 Stopped actors, and 4 active threads.
Waiting for actors to stop.
Read input token from inputA with value 1.0
Checking for deadlock:
There are 2 Blocked actors, 0 Stopped actors, and 4 active threads.
Waiting for actors to stop.
-- Read input: 0.0, which is expected to match: 0.0
Called prefire()
Called fire()
Checking for deadlock:
There are 3 Blocked actors, 0 Stopped actors, and 4 active threads.
Waiting for actors to stop.
Sent output token with value 0.0
Next port to read input from is inputB
Called postfire()
Called prefire()
Called fire()
Checking for deadlock:
There are 2 Blocked actors, 0 Stopped actors, and 4 active threads.
Waiting for actors to stop.
Called postfire()
Called prefire()
Called fire()
Checking for deadlock:
There are 3 Blocked actors, 0 Stopped actors, and 4 active threads.
Waiting for actors to stop.
Read input token from inputB with value 1.5
Checking for deadlock:
There are 2 Blocked actors, 0 Stopped actors, and 4 active threads.
Waiting for actors to stop.
-- Read input: 1.0, which is expected to match: 1.0
Called prefire()
Called fire()
Checking for deadlock:
There are 3 Blocked actors, 0 Stopped actors, and 4 active threads.
Waiting for actors to stop.
Sent output token with value 1.0
Next port to read input from is inputA
Called postfire()
Called prefire()
Called fire()
Checking for deadlock:
There are 2 Blocked actors, 0 Stopped actors, and 4 active threads.
Waiting for actors to stop.
Called postfire()
Called prefire()
Called fire()
Checking for deadlock:
There are 3 Blocked actors, 0 Stopped actors, and 4 active threads.
Waiting for actors to stop.
Read input token from inputA with value 2.0
Checking for deadlock:
There are 2 Blocked actors, 0 Stopped actors, and 4 active threads.
Waiting for actors to stop.
-- Read input: 1.5, which is expected to match: 1.5
Called prefire()
Called fire()
Checking for deadlock:
There are 3 Blocked actors, 0 Stopped actors, and 4 active threads.
Waiting for actors to stop.
Sent output token with value 1.5
Next port to read input from is inputB
Called postfire()
Called prefire()
Called fire()
Checking for deadlock:
There are 2 Blocked actors, 0 Stopped actors, and 4 active threads.
Waiting for actors to stop.
Called postfire()
Called prefire()
Called fire()
Checking for deadlock:
There are 3 Blocked actors, 0 Stopped actors, and 4 active threads.
Waiting for actors to stop.
Read input token from inputB with value 3.0
Checking for deadlock:
There are 2 Blocked actors, 0 Stopped actors, and 4 active threads.
Waiting for actors to stop.
-- Read input: 2.0, which is expected to match: 2.0
Called prefire()
Called fire()
Checking for deadlock:
There are 3 Blocked actors, 0 Stopped actors, and 4 active threads.
Waiting for actors to stop.
Sent output token with value 2.0
Next port to read input from is inputA
Called postfire()
Called prefire()
Called fire()
Checking for deadlock:
There are 2 Blocked actors, 0 Stopped actors, and 4 active threads.
Waiting for actors to stop.
Called postfire()
Called prefire()
Called fire()
Checking for deadlock:
There are 3 Blocked actors, 0 Stopped actors, and 4 active threads.
Waiting for actors to stop.
Read input token from inputA with value 3.0
Checking for deadlock:
There are 2 Blocked actors, 0 Stopped actors, and 4 active threads.
Waiting for actors to stop.
-- Read input: 3.0, which is expected to match: 3.0
Called prefire()
Called fire()
Checking for deadlock:
There are 3 Blocked actors, 0 Stopped actors, and 4 active threads.
Waiting for actors to stop.
Sent output token with value 3.0
Next port to read input from is inputB
Called postfire()
Called prefire()
Called fire()
Checking for deadlock:
There are 2 Blocked actors, 0 Stopped actors, and 4 active threads.
Waiting for actors to stop.
Called postfire()
Called prefire()
Called fire()
Checking for deadlock:
There are 3 Blocked actors, 0 Stopped actors, and 4 active threads.
Waiting for actors to stop.
Read input token from inputB with value 4.5
Checking for deadlock:
There are 2 Blocked actors, 0 Stopped actors, and 4 active threads.
Waiting for actors to stop.
-- Read input: 3.0, which is expected to match: 3.0
Called prefire()
Called fire()
Checking for deadlock:
There are 3 Blocked actors, 0 Stopped actors, and 4 active threads.
Waiting for actors to stop.
Sent output token with value 3.0
Next port to read input from is inputA
Called postfire()
Called prefire()
Called fire()
Checking for deadlock:
There are 2 Blocked actors, 0 Stopped actors, and 4 active threads.
Waiting for actors to stop.
Called postfire()
Called prefire()
Called fire()
Checking for deadlock:
There are 3 Blocked actors, 0 Stopped actors, and 4 active threads.
Waiting for actors to stop.
Read input token from inputA with value 4.0
Checking for deadlock:
There are 2 Blocked actors, 0 Stopped actors, and 4 active threads.
Waiting for actors to stop.
-- Read input: 4.0, which is expected to match: 4.0
Called prefire()
Called fire()
Past the end of training data. Read and discard all inputs.
Checking for deadlock:
There are 3 Blocked actors, 0 Stopped actors, and 4 active threads.
Waiting for actors to stop.
Sent output token with value 4.0
Next port to read input from is inputA
Called postfire()
Called prefire()
Called fire()
Checking for deadlock:
There are 2 Blocked actors, 0 Stopped actors, and 4 active threads.
Waiting for actors to stop.
Called postfire()
Called prefire()
Called fire()
Checking for deadlock:
There are 3 Blocked actors, 0 Stopped actors, and 4 active threads.
Waiting for actors to stop.
Read input token from inputA with value 5.0
Checking for deadlock:
There are 2 Blocked actors, 0 Stopped actors, and 4 active threads.
Waiting for actors to stop.
Called prefire()
Called fire()
Past the end of training data. Read and discard all inputs.
Checking for deadlock:
There are 3 Blocked actors, 0 Stopped actors, and 4 active threads.
Waiting for actors to stop.
Sent output token with value 4.5
Next port to read input from is inputB
Called postfire()
Called prefire()
Called fire()
Checking for deadlock:
There are 2 Blocked actors, 0 Stopped actors, and 4 active threads.
Waiting for actors to stop.
Called postfire()
Called prefire()
Called fire()
Checking for deadlock:
There are 3 Blocked actors, 0 Stopped actors, and 4 active threads.
Waiting for actors to stop.
Read input token from inputB with value 6.0
Checking for deadlock:
There are 2 Blocked actors, 0 Stopped actors, and 4 active threads.
Waiting for actors to stop.
Called prefire()
Called fire()
Past the end of training data. Read and discard all inputs.
Checking for deadlock:
There are 3 Blocked actors, 0 Stopped actors, and 4 active threads.
Waiting for actors to stop.
Sent output token with value 5.0
Next port to read input from is inputA
Called postfire()
Called prefire()
Called fire()
Checking for deadlock:
There are 2 Blocked actors, 0 Stopped actors, and 4 active threads.
Waiting for actors to stop.
Called postfire()
Called prefire()
Called fire()
Checking for deadlock:
There are 3 Blocked actors, 0 Stopped actors, and 4 active threads.
Waiting for actors to stop.
Read input token from inputA with value 6.0
Checking for deadlock:
There are 2 Blocked actors, 0 Stopped actors, and 4 active threads.
Waiting for actors to stop.
Called prefire()
Called fire()
Past the end of training data. Read and discard all inputs.
Checking for deadlock:
There are 3 Blocked actors, 0 Stopped actors, and 4 active threads.
Waiting for actors to stop.
Sent output token with value 6.0
Next port to read input from is inputB
Called postfire()
Called prefire()
Called fire()
Checking for deadlock:
There are 2 Blocked actors, 0 Stopped actors, and 4 active threads.
Waiting for actors to stop.
Called postfire()
Called prefire()
Called fire()
Checking for deadlock:
There are 3 Blocked actors, 0 Stopped actors, and 4 active threads.
Waiting for actors to stop.
Read input token from inputB with value 7.5
Checking for deadlock:
There are 2 Blocked actors, 0 Stopped actors, and 4 active threads.
Waiting for actors to stop.
Called prefire()
Called fire()
Past the end of training data. Read and discard all inputs.
Checking for deadlock:
There are 3 Blocked actors, 0 Stopped actors, and 4 active threads.
Waiting for actors to stop.
Sent output token with value 6.0
Next port to read input from is inputA
Called postfire()
Called prefire()
Called fire()
Checking for deadlock:
There are 2 Blocked actors, 0 Stopped actors, and 4 active threads.
Waiting for actors to stop.
Called postfire()
Called prefire()
Called fire()
Checking for deadlock:
There are 3 Blocked actors, 0 Stopped actors, and 4 active threads.
Waiting for actors to stop.
Read input token from inputA with value 7.0
Checking for deadlock:
There are 2 Blocked actors, 0 Stopped actors, and 4 active threads.
Waiting for actors to stop.
Called prefire()
Called fire()
Past the end of training data. Read and discard all inputs.
Checking for deadlock:
There are 3 Blocked actors, 0 Stopped actors, and 4 active threads.
Waiting for actors to stop.
Sent output token with value 7.0
Next port to read input from is inputA
Called postfire()
Called prefire()
Called fire()
Checking for deadlock:
There are 2 Blocked actors, 0 Stopped actors, and 4 active threads.
Waiting for actors to stop.
-- Thread wrapup() called.
Called wrapup()
Thread .top.Ramp is exiting.
Checking for deadlock:
There are 2 Blocked actors, 0 Stopped actors, and 3 active threads.
Waiting for actors to stop.
-- Thread stopped.
Read input token from inputA with value 8.0
Checking for deadlock:
There are 1 Blocked actors, 0 Stopped actors, and 3 active threads.
Waiting for actors to stop.
Called prefire()
Called fire()
Past the end of training data. Read and discard all inputs.
Checking for deadlock:
There are 2 Blocked actors, 0 Stopped actors, and 3 active threads.
Waiting for actors to stop.
Sent output token with value 7.5
Next port to read input from is inputB
Called postfire()
Called prefire()
Called fire()
Checking for deadlock:
There are 1 Blocked actors, 0 Stopped actors, and 3 active threads.
Waiting for actors to stop.
Called postfire()
Called prefire()
Called fire()
Checking for deadlock:
There are 2 Blocked actors, 0 Stopped actors, and 3 active threads.
Waiting for actors to stop.
Read input token from inputB with value 9.0
Checking for deadlock:
There are 1 Blocked actors, 0 Stopped actors, and 3 active threads.
Waiting for actors to stop.
Called prefire()
Called fire()
Past the end of training data. Read and discard all inputs.
Checking for deadlock:
There are 2 Blocked actors, 0 Stopped actors, and 3 active threads.
Waiting for actors to stop.
Sent output token with value 8.0
Next port to read input from is inputA
Called postfire()
Called prefire()
Called fire()
Read input token from inputA with value 9.0
Checking for deadlock:
There are 1 Blocked actors, 0 Stopped actors, and 3 active threads.
Waiting for actors to stop.
Called prefire()
Called fire()
Past the end of training data. Read and discard all inputs.
Checking for deadlock:
There are 2 Blocked actors, 0 Stopped actors, and 3 active threads.
Waiting for actors to stop.
Sent output token with value 9.0
Next port to read input from is inputB
Called postfire()
Called prefire()
Called fire()
Checking for deadlock:
There are 1 Blocked actors, 0 Stopped actors, and 3 active threads.
Waiting for actors to stop.
Called postfire()
Called prefire()
Called fire()
Checking for deadlock:
There are 2 Blocked actors, 0 Stopped actors, and 3 active threads.
Waiting for actors to stop.
Read input token from inputB with value 10.5
Checking for deadlock:
There are 1 Blocked actors, 0 Stopped actors, and 3 active threads.
Waiting for actors to stop.
Called prefire()
Called fire()
Past the end of training data. Read and discard all inputs.
Checking for deadlock:
There are 2 Blocked actors, 0 Stopped actors, and 3 active threads.
Waiting for actors to stop.
Sent output token with value 9.0
Next port to read input from is inputA
Called postfire()
Called prefire()
Called fire()
Checking for deadlock:
There are 3 Blocked actors, 0 Stopped actors, and 3 active threads.
Actors have stopped.
Checking for deadlock:
There are 3 Blocked actors, 0 Stopped actors, and 3 active threads.
Deadlock detected.
Resolving Deadlock
Checking for deadlock:
There are 3 Blocked actors, 0 Stopped actors, and 3 active threads.
Artificial Deadlock - increasing queue capacity.
increasing the capacity of receiver ptolemy.actor.TypedIOPort {.top.OrderedMerge.inputB} to 2
Director: Called postfire().
Called postfire().
_stopRequested = false
_stopFireRequested = false
Returning from postfire(): true
Called fire().
Checking for deadlock:
There are 2 Blocked actors, 0 Stopped actors, and 3 active threads.
Waiting for actors to stop.
-- Thread wrapup() called.
Called wrapup()
Thread .top.Ramp2 is exiting.
-- Thread stopped.
Checking for deadlock:
There are 2 Blocked actors, 0 Stopped actors, and 2 active threads.
Actors have stopped.
Checking for deadlock:
There are 2 Blocked actors, 0 Stopped actors, and 2 active threads.
Deadlock detected.
Resolving Deadlock
Checking for deadlock:
There are 2 Blocked actors, 0 Stopped actors, and 2 active threads.
Deadlock detected: no processes blocked on write, but some are blocked on read.
Called postfire().
_stopRequested = false
_stopFireRequested = false
Returning from postfire(): false
Finished deactivating branches.
Called wrapup().
-- Thread wrapup() called.
Called wrapup()
Thread .top.OrderedMerge is exiting.
-- Thread stopped.
-- Blocked Receiver call threw TerminateProcessException.
-- Thread wrapup() called.
Called wrapup()
Thread .top.Test is exiting.
-- Thread stopped.
-- Blocked Receiver call threw TerminateProcessException.
16 ms. Memory: 208384K Free: 185290K (89%)
/home/travis/build/icyphy/ptII/ptolemy/actor/lib/test/Publisher.tcl
13 ms. Memory: 208384K Free: 178049K (85%)
5 ms. Memory: 208384K Free: 173222K (83%)
7 ms. Memory: 208384K Free: 168394K (81%)
5 ms. Memory: 208384K Free: 168394K (81%)
4 ms. Memory: 208384K Free: 165965K (80%)
10 ms. Memory: 208384K Free: 165965K (80%)
2 ms. Memory: 208384K Free: 165965K (80%)
2 ms. Memory: 208384K Free: 163543K (78%)
1 ms. Memory: 208384K Free: 156270K (75%)
4 ms. Memory: 208384K Free: 151427K (73%)
2 ms. Memory: 208384K Free: 151427K (73%)
3 ms. Memory: 208384K Free: 149006K (72%)
5 ms. Memory: 208384K Free: 141748K (68%)
5 ms. Memory: 208384K Free: 132062K (63%)
5 ms. Memory: 208384K Free: 119961K (58%)
/home/travis/build/icyphy/ptII/ptolemy/actor/lib/test/Pulse.tcl
2 ms. Memory: 208384K Free: 79835K (38%)
1 ms. Memory: 331264K Free: 319297K (96%)
1 ms. Memory: 331264K Free: 319297K (96%)
4 ms. Memory: 331264K Free: 318860K (96%)
5 ms. Memory: 331264K Free: 318860K (96%)
2 ms. Memory: 331264K Free: 318860K (96%)
7 ms. Memory: 331264K Free: 318860K (96%)
4 ms. Memory: 331264K Free: 318860K (96%)
1 ms. Memory: 331264K Free: 314167K (95%)
/home/travis/build/icyphy/ptII/ptolemy/actor/lib/test/Ramp.tcl
8 ms. Memory: 331264K Free: 314167K (95%)
1 ms. Memory: 331264K Free: 314167K (95%)
2 ms. Memory: 331264K Free: 314167K (95%)
2 ms. Memory: 331264K Free: 309466K (93%)
3 ms. Memory: 331264K Free: 309466K (93%)
3 ms. Memory: 331264K Free: 309466K (93%)
3 ms. Memory: 331264K Free: 309466K (93%)
5 actors
5000 microseconds per iteration to create
5 ms. Memory: 331264K Free: 304773K (92%)
2 ms. Memory: 331264K Free: 304773K (92%)
2 ms. Memory: 331264K Free: 304773K (92%)
2 ms. Memory: 331264K Free: 304773K (92%)
50 actors
23000 microseconds per iteration to create
23 ms. Memory: 331264K Free: 290663K (88%)
5 ms. Memory: 331264K Free: 285970K (86%)
5 ms. Memory: 331264K Free: 285970K (86%)
6 ms. Memory: 331264K Free: 285970K (86%)
500 actors
1288000 microseconds per iteration to create
206 ms. Memory: 331264K Free: 112126K (34%)
45 ms. Memory: 331264K Free: 107433K (32%)
37 ms. Memory: 331264K Free: 102740K (31%)
41 ms. Memory: 331264K Free: 98047K (30%)
/home/travis/build/icyphy/ptII/ptolemy/actor/lib/test/RampContinuous.tcl
7 ms. Memory: 331264K Free: 93354K (28%)
/home/travis/build/icyphy/ptII/ptolemy/actor/lib/test/RecordAssembler.tcl
4 ms. Memory: 331264K Free: 93354K (28%)
2 ms. Memory: 331264K Free: 93354K (28%)
/home/travis/build/icyphy/ptII/ptolemy/actor/lib/test/RecordDisassembler.tcl
4 ms. Memory: 331264K Free: 88662K (27%)
3 ms. Memory: 331264K Free: 88662K (27%)
3 ms. Memory: 331264K Free: 88662K (27%)
/home/travis/build/icyphy/ptII/ptolemy/actor/lib/test/Scale.tcl
3 ms. Memory: 331264K Free: 88662K (27%)
1 ms. Memory: 331264K Free: 83961K (25%)
2 ms. Memory: 331264K Free: 83961K (25%)
1 ms. Memory: 331264K Free: 83961K (25%)
2 ms. Memory: 331264K Free: 83961K (25%)
/home/travis/build/icyphy/ptII/ptolemy/actor/lib/test/SequentialClock.tcl
preinitializing
resolving types
initializing
executing number 1
wrapping up
idle
2 ms. Memory: 331264K Free: 83961K (25%)
Completed execution with 5 iterations
preinitializing
resolving types
initializing
executing number 1
wrapping up
idle
1 ms. Memory: 331264K Free: 83961K (25%)
Completed execution with 5 iterations
preinitializing
resolving types
initializing
executing number 1
wrapping up
idle
1 ms. Memory: 331264K Free: 79268K (24%)
Completed execution with 5 iterations
/home/travis/build/icyphy/ptII/ptolemy/actor/lib/test/SetVariable.tcl
5 ms. Memory: 331264K Free: 79268K (24%)
/home/travis/build/icyphy/ptII/ptolemy/actor/lib/test/Sinewave.tcl
/home/travis/build/icyphy/ptII/ptolemy/actor/lib/test/SubscriptionAggregator.tcl
5 ms. Memory: 332288K Free: 305100K (92%)
3 ms. Memory: 332288K Free: 305100K (92%)
0 ms. Memory: 332288K Free: 305100K (92%)
0 ms. Memory: 332288K Free: 305100K (92%)
1 ms. Memory: 332288K Free: 300340K (90%)
4 ms. Memory: 332288K Free: 300340K (90%)
...............................................................873 ms. Memory: 576000K Free: 182950K (32%)
/home/travis/build/icyphy/ptII/ptolemy/actor/lib/test/Test.tcl
 The next command will produce a warning about training mode,
   which may be ignored.
5 ms. Memory: 576000K Free: 182950K (32%)
1 ms. Memory: 576000K Free: 182950K (32%)
1 ms. Memory: 576000K Free: 182950K (32%)
1 ms. Memory: 576000K Free: 182950K (32%)
3 ms. Memory: 576000K Free: 182950K (32%)
2 ms. Memory: 576000K Free: 173405K (30%)
3 ms. Memory: 576000K Free: 173405K (30%)
 The next command will produce a warning about training mode,
   which may be ignored.
3 ms. Memory: 576000K Free: 173405K (30%)
 The next command will produce a warning about training mode,
   which may be ignored.
2 ms. Memory: 576000K Free: 173405K (30%)
1 ms. Memory: 576000K Free: 173405K (30%)
1 ms. Memory: 576000K Free: 173405K (30%)
2 ms. Memory: 576000K Free: 173405K (30%)
4 ms. Memory: 576000K Free: 173405K (30%)
3 ms. Memory: 576000K Free: 163869K (28%)
/home/travis/build/icyphy/ptII/ptolemy/actor/lib/test/TestExceptionHandler.tcl
 The next command will produce a warning about training mode,
   which may be ignored.
2 ms. Memory: 576000K Free: 163869K (28%)
0 ms. Memory: 576000K Free: 163869K (28%)
0 ms. Memory: 576000K Free: 163869K (28%)
/home/travis/build/icyphy/ptII/ptolemy/actor/lib/test/UnionDisassembler.tcl
12 ms. Memory: 576000K Free: 154317K (27%)
/home/travis/build/icyphy/ptII/ptolemy/actor/lib/test/VariableClock.tcl
preinitializing
resolving types
initializing
executing number 1
wrapping up
idle
8 ms. Memory: 576000K Free: 154317K (27%)
Completed execution with 11 iterations
preinitializing
resolving types
initializing
executing number 1
wrapping up
idle
6 ms. Memory: 576000K Free: 154317K (27%)
Completed execution with 10 iterations
02/22/19 06:49:13
Failed: 0  Total Tests: 234  ((Passed: 234, Newly Passed: 0)  Known Failed: 0) /home/travis/build/icyphy/ptII/ptolemy/actor/lib/test
----------------- testing (KnownFailure) /home/travis/build/icyphy/ptII/ptolemy/actor/lib/test/auto/knownFailedTests/PublisherPortToplevelSubscriber.xml
1 ms. Memory: 576000K Free: 144599K (25%)
Known Failure: java.lang.reflect.InvocationTargetException
----------------- testing (KnownFailure) /home/travis/build/icyphy/ptII/ptolemy/actor/lib/test/auto/knownFailedTests/PublisherSubscriberPortToplevel.xml
1 ms. Memory: 576000K Free: 125163K (22%)
Known Failure: java.lang.reflect.InvocationTargetException
----------------- testing (KnownFailure) /home/travis/build/icyphy/ptII/ptolemy/actor/lib/test/auto/knownFailedTests/PublisherSubscriptionAggregatorPort.xml
2 ms. Memory: 576000K Free: 105728K (18%)
Known Failure: java.lang.reflect.InvocationTargetException
----------------- testing (KnownFailure) /home/travis/build/icyphy/ptII/ptolemy/actor/lib/test/auto/knownFailedTests/sizedarray3.xml
4 ms. Memory: 576000K Free: 86292K (15%)
Known Failure: java.lang.reflect.InvocationTargetException
No auto/linux-amd64/*.xml tests in /home/travis/build/icyphy/ptII/ptolemy/actor/lib/test
AutoTests.java: About to close Vertx.
AutoTests.java: Vertx closed.

===========================================================================================
----------------- testing Fri Feb 22 18:49:13 UTC 2019 /home/travis/build/icyphy/ptII/ptolemy/actor/lib/test/auto/AbsoluteValue.xml
----------------- Instantiating /home/travis/build/icyphy/ptII/ptolemy/actor/lib/test/auto/AbsoluteValue.xml
14 ms. Memory: 579584K Free: 480947K (83%)
----------------- Invoking toplevel() on ptolemy.moml.MoMLSimpleApplication@37a90ab4
----------------- Done invoking toplevel() on ptolemy.moml.MoMLSimpleApplication@37a90ab4
reloadAllAccessors: .AbsoluteValue

===========================================================================================
----------------- testing Fri Feb 22 18:49:13 UTC 2019 /home/travis/build/icyphy/ptII/ptolemy/actor/lib/test/auto/AbsoluteValue2.xml
----------------- Instantiating /home/travis/build/icyphy/ptII/ptolemy/actor/lib/test/auto/AbsoluteValue2.xml
13 ms. Memory: 579584K Free: 462211K (80%)
----------------- Invoking toplevel() on ptolemy.moml.MoMLSimpleApplication@476b4601
----------------- Done invoking toplevel() on ptolemy.moml.MoMLSimpleApplication@476b4601
reloadAllAccessors: .AbsoluteValue2

===========================================================================================
----------------- testing Fri Feb 22 18:49:13 UTC 2019 /home/travis/build/icyphy/ptII/ptolemy/actor/lib/test/auto/Accumulator.xml
----------------- Instantiating /home/travis/build/icyphy/ptII/ptolemy/actor/lib/test/auto/Accumulator.xml
17 ms. Memory: 579584K Free: 452493K (78%)
----------------- Invoking toplevel() on ptolemy.moml.MoMLSimpleApplication@68b2019c
----------------- Done invoking toplevel() on ptolemy.moml.MoMLSimpleApplication@68b2019c
reloadAllAccessors: .Accumulator

===========================================================================================
----------------- testing Fri Feb 22 18:49:13 UTC 2019 /home/travis/build/icyphy/ptII/ptolemy/actor/lib/test/auto/Accumulator2.xml
----------------- Instantiating /home/travis/build/icyphy/ptII/ptolemy/actor/lib/test/auto/Accumulator2.xml
3 ms. Memory: 579584K Free: 442775K (76%)
----------------- Invoking toplevel() on ptolemy.moml.MoMLSimpleApplication@56dd00fb
----------------- Done invoking toplevel() on ptolemy.moml.MoMLSimpleApplication@56dd00fb
reloadAllAccessors: .Accumulator2

===========================================================================================
----------------- testing Fri Feb 22 18:49:13 UTC 2019 /home/travis/build/icyphy/ptII/ptolemy/actor/lib/test/auto/Accumulator3.xml
----------------- Instantiating /home/travis/build/icyphy/ptII/ptolemy/actor/lib/test/auto/Accumulator3.xml
9 ms. Memory: 579584K Free: 433057K (75%)
----------------- Invoking toplevel() on ptolemy.moml.MoMLSimpleApplication@3bc578c8
----------------- Done invoking toplevel() on ptolemy.moml.MoMLSimpleApplication@3bc578c8
reloadAllAccessors: .Accumulator3

===========================================================================================
----------------- testing Fri Feb 22 18:49:13 UTC 2019 /home/travis/build/icyphy/ptII/ptolemy/actor/lib/test/auto/ArrayAppend.xml
----------------- Instantiating /home/travis/build/icyphy/ptII/ptolemy/actor/lib/test/auto/ArrayAppend.xml
5 ms. Memory: 579584K Free: 414322K (71%)
----------------- Invoking toplevel() on ptolemy.moml.MoMLSimpleApplication@9a1c20a
----------------- Done invoking toplevel() on ptolemy.moml.MoMLSimpleApplication@9a1c20a
reloadAllAccessors: .ArrayAppend

===========================================================================================
----------------- testing Fri Feb 22 18:49:13 UTC 2019 /home/travis/build/icyphy/ptII/ptolemy/actor/lib/test/auto/ArrayAppend2.xml
----------------- Instantiating /home/travis/build/icyphy/ptII/ptolemy/actor/lib/test/auto/ArrayAppend2.xml
340 ms. Memory: 579584K Free: 351156K (61%)
----------------- Invoking toplevel() on ptolemy.moml.MoMLSimpleApplication@4de78ee7
----------------- Done invoking toplevel() on ptolemy.moml.MoMLSimpleApplication@4de78ee7
reloadAllAccessors: .ArrayAppend2

===========================================================================================
----------------- testing Fri Feb 22 18:49:14 UTC 2019 /home/travis/build/icyphy/ptII/ptolemy/actor/lib/test/auto/ArrayAppend3.xml
----------------- Instantiating /home/travis/build/icyphy/ptII/ptolemy/actor/lib/test/auto/ArrayAppend3.xml
8 ms. Memory: 579584K Free: 341438K (59%)
----------------- Invoking toplevel() on ptolemy.moml.MoMLSimpleApplication@4e2ba5da
----------------- Done invoking toplevel() on ptolemy.moml.MoMLSimpleApplication@4e2ba5da
reloadAllAccessors: .ArrayAppend3

===========================================================================================
----------------- testing Fri Feb 22 18:49:14 UTC 2019 /home/travis/build/icyphy/ptII/ptolemy/actor/lib/test/auto/ArrayAppend4.xml
----------------- Instantiating /home/travis/build/icyphy/ptII/ptolemy/actor/lib/test/auto/ArrayAppend4.xml
2 ms. Memory: 579584K Free: 331720K (57%)
----------------- Invoking toplevel() on ptolemy.moml.MoMLSimpleApplication@c6fa65b
----------------- Done invoking toplevel() on ptolemy.moml.MoMLSimpleApplication@c6fa65b
reloadAllAccessors: .ArrayAppend4

===========================================================================================
----------------- testing Fri Feb 22 18:49:14 UTC 2019 /home/travis/build/icyphy/ptII/ptolemy/actor/lib/test/auto/ArrayAppend5.xml
----------------- Instantiating /home/travis/build/icyphy/ptII/ptolemy/actor/lib/test/auto/ArrayAppend5.xml
5 ms. Memory: 579584K Free: 312984K (54%)
----------------- Invoking toplevel() on ptolemy.moml.MoMLSimpleApplication@57a8924a
----------------- Done invoking toplevel() on ptolemy.moml.MoMLSimpleApplication@57a8924a
reloadAllAccessors: .ArrayAppend5

===========================================================================================
----------------- testing Fri Feb 22 18:49:14 UTC 2019 /home/travis/build/icyphy/ptII/ptolemy/actor/lib/test/auto/ArrayAppend6.xml
----------------- Instantiating /home/travis/build/icyphy/ptII/ptolemy/actor/lib/test/auto/ArrayAppend6.xml
1 ms. Memory: 579584K Free: 303266K (52%)
----------------- Invoking toplevel() on ptolemy.moml.MoMLSimpleApplication@6c7a6470
----------------- Done invoking toplevel() on ptolemy.moml.MoMLSimpleApplication@6c7a6470
reloadAllAccessors: .ArrayAppend6

===========================================================================================
----------------- testing Fri Feb 22 18:49:14 UTC 2019 /home/travis/build/icyphy/ptII/ptolemy/actor/lib/test/auto/ArrayAppendPerformanceTest.xml
----------------- Instantiating /home/travis/build/icyphy/ptII/ptolemy/actor/lib/test/auto/ArrayAppendPerformanceTest.xml
20 ms. Memory: 579584K Free: 288674K (50%)
----------------- Invoking toplevel() on ptolemy.moml.MoMLSimpleApplication@82e91c
----------------- Done invoking toplevel() on ptolemy.moml.MoMLSimpleApplication@82e91c
reloadAllAccessors: .ArrayAppendPerformanceTest

===========================================================================================
----------------- testing Fri Feb 22 18:49:14 UTC 2019 /home/travis/build/icyphy/ptII/ptolemy/actor/lib/test/auto/ArrayAppendWithEmptyInput.xml
----------------- Instantiating /home/travis/build/icyphy/ptII/ptolemy/actor/lib/test/auto/ArrayAppendWithEmptyInput.xml
10 ms. Memory: 579584K Free: 274081K (47%)
----------------- Invoking toplevel() on ptolemy.moml.MoMLSimpleApplication@41b8d0f5
----------------- Done invoking toplevel() on ptolemy.moml.MoMLSimpleApplication@41b8d0f5
reloadAllAccessors: .ArrayAppendWithEmptyInput

===========================================================================================
----------------- testing Fri Feb 22 18:49:14 UTC 2019 /home/travis/build/icyphy/ptII/ptolemy/actor/lib/test/auto/ArrayAverage.xml
----------------- Instantiating /home/travis/build/icyphy/ptII/ptolemy/actor/lib/test/auto/ArrayAverage.xml
8 ms. Memory: 579584K Free: 250470K (43%)
----------------- Invoking toplevel() on ptolemy.moml.MoMLSimpleApplication@3d7df755
----------------- Done invoking toplevel() on ptolemy.moml.MoMLSimpleApplication@3d7df755
reloadAllAccessors: .ArrayAverage

===========================================================================================
----------------- testing Fri Feb 22 18:49:14 UTC 2019 /home/travis/build/icyphy/ptII/ptolemy/actor/lib/test/auto/ArrayContains.xml
----------------- Instantiating /home/travis/build/icyphy/ptII/ptolemy/actor/lib/test/auto/ArrayContains.xml
10 ms. Memory: 579584K Free: 240752K (42%)
----------------- Invoking toplevel() on ptolemy.moml.MoMLSimpleApplication@81f4acc
----------------- Done invoking toplevel() on ptolemy.moml.MoMLSimpleApplication@81f4acc
reloadAllAccessors: .ArrayContains

===========================================================================================
----------------- testing Fri Feb 22 18:49:14 UTC 2019 /home/travis/build/icyphy/ptII/ptolemy/actor/lib/test/auto/ArrayElement.xml
----------------- Instantiating /home/travis/build/icyphy/ptII/ptolemy/actor/lib/test/auto/ArrayElement.xml
7 ms. Memory: 579584K Free: 231035K (40%)
----------------- Invoking toplevel() on ptolemy.moml.MoMLSimpleApplication@7cd29c4
----------------- Done invoking toplevel() on ptolemy.moml.MoMLSimpleApplication@7cd29c4
reloadAllAccessors: .ArrayElement

===========================================================================================
----------------- testing Fri Feb 22 18:49:14 UTC 2019 /home/travis/build/icyphy/ptII/ptolemy/actor/lib/test/auto/ArrayElementAsMatrix.xml
----------------- Instantiating /home/travis/build/icyphy/ptII/ptolemy/actor/lib/test/auto/ArrayElementAsMatrix.xml
15 ms. Memory: 579584K Free: 216442K (37%)
----------------- Invoking toplevel() on ptolemy.moml.MoMLSimpleApplication@dfd0c5d
----------------- Done invoking toplevel() on ptolemy.moml.MoMLSimpleApplication@dfd0c5d
reloadAllAccessors: .ArrayElementAsMatrix

===========================================================================================
----------------- testing Fri Feb 22 18:49:14 UTC 2019 /home/travis/build/icyphy/ptII/ptolemy/actor/lib/test/auto/ArrayElementI.xml
----------------- Instantiating /home/travis/build/icyphy/ptII/ptolemy/actor/lib/test/auto/ArrayElementI.xml
4 ms. Memory: 579584K Free: 197706K (34%)
----------------- Invoking toplevel() on ptolemy.moml.MoMLSimpleApplication@48dc6c22
----------------- Done invoking toplevel() on ptolemy.moml.MoMLSimpleApplication@48dc6c22
reloadAllAccessors: .ArrayElementI

===========================================================================================
----------------- testing Fri Feb 22 18:49:14 UTC 2019 /home/travis/build/icyphy/ptII/ptolemy/actor/lib/test/auto/ArrayExtract.xml
----------------- Instantiating /home/travis/build/icyphy/ptII/ptolemy/actor/lib/test/auto/ArrayExtract.xml
7 ms. Memory: 579584K Free: 187988K (32%)
----------------- Invoking toplevel() on ptolemy.moml.MoMLSimpleApplication@65be1cd8
----------------- Done invoking toplevel() on ptolemy.moml.MoMLSimpleApplication@65be1cd8
reloadAllAccessors: .ArrayExtract

===========================================================================================
----------------- testing Fri Feb 22 18:49:14 UTC 2019 /home/travis/build/icyphy/ptII/ptolemy/actor/lib/test/auto/ArrayExtract2.xml
----------------- Instantiating /home/travis/build/icyphy/ptII/ptolemy/actor/lib/test/auto/ArrayExtract2.xml
5 ms. Memory: 579584K Free: 178271K (31%)
----------------- Invoking toplevel() on ptolemy.moml.MoMLSimpleApplication@37a92036
----------------- Done invoking toplevel() on ptolemy.moml.MoMLSimpleApplication@37a92036
reloadAllAccessors: .ArrayExtract2

===========================================================================================
----------------- testing Fri Feb 22 18:49:14 UTC 2019 /home/travis/build/icyphy/ptII/ptolemy/actor/lib/test/auto/ArrayLength.xml
----------------- Instantiating /home/travis/build/icyphy/ptII/ptolemy/actor/lib/test/auto/ArrayLength.xml
4 ms. Memory: 579584K Free: 168553K (29%)
----------------- Invoking toplevel() on ptolemy.moml.MoMLSimpleApplication@169d09ed
----------------- Done invoking toplevel() on ptolemy.moml.MoMLSimpleApplication@169d09ed
reloadAllAccessors: .ArrayLength

===========================================================================================
----------------- testing Fri Feb 22 18:49:14 UTC 2019 /home/travis/build/icyphy/ptII/ptolemy/actor/lib/test/auto/ArrayLevelCrossing.xml
----------------- Instantiating /home/travis/build/icyphy/ptII/ptolemy/actor/lib/test/auto/ArrayLevelCrossing.xml
8 ms. Memory: 579584K Free: 144942K (25%)
----------------- Invoking toplevel() on ptolemy.moml.MoMLSimpleApplication@2d28f7de
----------------- Done invoking toplevel() on ptolemy.moml.MoMLSimpleApplication@2d28f7de
reloadAllAccessors: .ArrayLevelCrossing

===========================================================================================
----------------- testing Fri Feb 22 18:49:14 UTC 2019 /home/travis/build/icyphy/ptII/ptolemy/actor/lib/test/auto/ArrayLevelCrossing2.xml
----------------- Instantiating /home/travis/build/icyphy/ptII/ptolemy/actor/lib/test/auto/ArrayLevelCrossing2.xml
2 ms. Memory: 579584K Free: 135224K (23%)
----------------- Invoking toplevel() on ptolemy.moml.MoMLSimpleApplication@61254679
----------------- Done invoking toplevel() on ptolemy.moml.MoMLSimpleApplication@61254679
reloadAllAccessors: .ArrayLevelCrossing2

===========================================================================================
----------------- testing Fri Feb 22 18:49:14 UTC 2019 /home/travis/build/icyphy/ptII/ptolemy/actor/lib/test/auto/ArrayPeakSearch.xml
----------------- Instantiating /home/travis/build/icyphy/ptII/ptolemy/actor/lib/test/auto/ArrayPeakSearch.xml
14 ms. Memory: 579584K Free: 120632K (21%)
----------------- Invoking toplevel() on ptolemy.moml.MoMLSimpleApplication@30f3d5c2
----------------- Done invoking toplevel() on ptolemy.moml.MoMLSimpleApplication@30f3d5c2
reloadAllAccessors: .ArrayPeakSearch

===========================================================================================
----------------- testing Fri Feb 22 18:49:14 UTC 2019 /home/travis/build/icyphy/ptII/ptolemy/actor/lib/test/auto/ArrayPeakSearch2.xml
----------------- Instantiating /home/travis/build/icyphy/ptII/ptolemy/actor/lib/test/auto/ArrayPeakSearch2.xml
9 ms. Memory: 579584K Free: 106039K (18%)
----------------- Invoking toplevel() on ptolemy.moml.MoMLSimpleApplication@d0b314d
----------------- Done invoking toplevel() on ptolemy.moml.MoMLSimpleApplication@d0b314d
reloadAllAccessors: .ArrayPeakSearch2

===========================================================================================
----------------- testing Fri Feb 22 18:49:14 UTC 2019 /home/travis/build/icyphy/ptII/ptolemy/actor/lib/test/auto/ArrayPeakSearch3.xml
----------------- Instantiating /home/travis/build/icyphy/ptII/ptolemy/actor/lib/test/auto/ArrayPeakSearch3.xml
6 ms. Memory: 579584K Free: 77569K (13%)
----------------- Invoking toplevel() on ptolemy.moml.MoMLSimpleApplication@778dc7a5
----------------- Done invoking toplevel() on ptolemy.moml.MoMLSimpleApplication@778dc7a5
reloadAllAccessors: .ArrayPeakSearch3

===========================================================================================
----------------- testing Fri Feb 22 18:49:14 UTC 2019 /home/travis/build/icyphy/ptII/ptolemy/actor/lib/test/auto/ArrayRemoveElement.xml
----------------- Instantiating /home/travis/build/icyphy/ptII/ptolemy/actor/lib/test/auto/ArrayRemoveElement.xml
5 ms. Memory: 579584K Free: 62985K (11%)
----------------- Invoking toplevel() on ptolemy.moml.MoMLSimpleApplication@3f3d63ba
----------------- Done invoking toplevel() on ptolemy.moml.MoMLSimpleApplication@3f3d63ba
reloadAllAccessors: .ArrayRemoveElement

===========================================================================================
----------------- testing Fri Feb 22 18:49:15 UTC 2019 /home/travis/build/icyphy/ptII/ptolemy/actor/lib/test/auto/ArraySort.xml
----------------- Instantiating /home/travis/build/icyphy/ptII/ptolemy/actor/lib/test/auto/ArraySort.xml
7 ms. Memory: 877056K Free: 820613K (94%)
----------------- Invoking toplevel() on ptolemy.moml.MoMLSimpleApplication@65713d19
----------------- Done invoking toplevel() on ptolemy.moml.MoMLSimpleApplication@65713d19
reloadAllAccessors: .ArraySort

===========================================================================================
----------------- testing Fri Feb 22 18:49:15 UTC 2019 /home/travis/build/icyphy/ptII/ptolemy/actor/lib/test/auto/ArraySum.xml
----------------- Instantiating /home/travis/build/icyphy/ptII/ptolemy/actor/lib/test/auto/ArraySum.xml
6 ms. Memory: 877056K Free: 800052K (91%)
----------------- Invoking toplevel() on ptolemy.moml.MoMLSimpleApplication@4a11e1e2
----------------- Done invoking toplevel() on ptolemy.moml.MoMLSimpleApplication@4a11e1e2
reloadAllAccessors: .ArraySum

===========================================================================================
----------------- testing Fri Feb 22 18:49:15 UTC 2019 /home/travis/build/icyphy/ptII/ptolemy/actor/lib/test/auto/ArrayToElements.xml
----------------- Instantiating /home/travis/build/icyphy/ptII/ptolemy/actor/lib/test/auto/ArrayToElements.xml
4 ms. Memory: 877056K Free: 789682K (90%)
----------------- Invoking toplevel() on ptolemy.moml.MoMLSimpleApplication@6e100982
----------------- Done invoking toplevel() on ptolemy.moml.MoMLSimpleApplication@6e100982
reloadAllAccessors: .ArrayToElements

===========================================================================================
----------------- testing Fri Feb 22 18:49:15 UTC 2019 /home/travis/build/icyphy/ptII/ptolemy/actor/lib/test/auto/ArrayToMatrix.xml
----------------- Instantiating /home/travis/build/icyphy/ptII/ptolemy/actor/lib/test/auto/ArrayToMatrix.xml
10 ms. Memory: 877056K Free: 768679K (88%)
----------------- Invoking toplevel() on ptolemy.moml.MoMLSimpleApplication@46a4b61
----------------- Done invoking toplevel() on ptolemy.moml.MoMLSimpleApplication@46a4b61
reloadAllAccessors: .ArrayToMatrix

===========================================================================================
----------------- testing Fri Feb 22 18:49:15 UTC 2019 /home/travis/build/icyphy/ptII/ptolemy/actor/lib/test/auto/ArrayUpdate1.xml
----------------- Instantiating /home/travis/build/icyphy/ptII/ptolemy/actor/lib/test/auto/ArrayUpdate1.xml
2 ms. Memory: 877056K Free: 758309K (86%)
----------------- Invoking toplevel() on ptolemy.moml.MoMLSimpleApplication@4d50560d
----------------- Done invoking toplevel() on ptolemy.moml.MoMLSimpleApplication@4d50560d
reloadAllAccessors: .ArrayUpdate1

===========================================================================================
----------------- testing Fri Feb 22 18:49:15 UTC 2019 /home/travis/build/icyphy/ptII/ptolemy/actor/lib/test/auto/ArrayUpdate2.xml
----------------- Instantiating /home/travis/build/icyphy/ptII/ptolemy/actor/lib/test/auto/ArrayUpdate2.xml
4 ms. Memory: 877056K Free: 737748K (84%)
----------------- Invoking toplevel() on ptolemy.moml.MoMLSimpleApplication@ef4fe5
----------------- Done invoking toplevel() on ptolemy.moml.MoMLSimpleApplication@ef4fe5
reloadAllAccessors: .ArrayUpdate2

===========================================================================================
----------------- testing Fri Feb 22 18:49:15 UTC 2019 /home/travis/build/icyphy/ptII/ptolemy/actor/lib/test/auto/ArrayUpdate3.xml
----------------- Instantiating /home/travis/build/icyphy/ptII/ptolemy/actor/lib/test/auto/ArrayUpdate3.xml
6 ms. Memory: 877056K Free: 727379K (83%)
----------------- Invoking toplevel() on ptolemy.moml.MoMLSimpleApplication@33db4669
----------------- Done invoking toplevel() on ptolemy.moml.MoMLSimpleApplication@33db4669
reloadAllAccessors: .ArrayUpdate3

===========================================================================================
----------------- testing Fri Feb 22 18:49:15 UTC 2019 /home/travis/build/icyphy/ptII/ptolemy/actor/lib/test/auto/Assert1.xml
----------------- Instantiating /home/travis/build/icyphy/ptII/ptolemy/actor/lib/test/auto/Assert1.xml
2 ms. Memory: 877056K Free: 717009K (82%)
----------------- Invoking toplevel() on ptolemy.moml.MoMLSimpleApplication@58213d32
----------------- Done invoking toplevel() on ptolemy.moml.MoMLSimpleApplication@58213d32
reloadAllAccessors: .Assert1

===========================================================================================
----------------- testing Fri Feb 22 18:49:15 UTC 2019 /home/travis/build/icyphy/ptII/ptolemy/actor/lib/test/auto/Assert2.xml
----------------- Instantiating /home/travis/build/icyphy/ptII/ptolemy/actor/lib/test/auto/Assert2.xml
10 ms. Memory: 877056K Free: 706639K (81%)
----------------- Invoking toplevel() on ptolemy.moml.MoMLSimpleApplication@75475483
----------------- Done invoking toplevel() on ptolemy.moml.MoMLSimpleApplication@75475483
reloadAllAccessors: .Assert2

===========================================================================================
----------------- testing Fri Feb 22 18:49:15 UTC 2019 /home/travis/build/icyphy/ptII/ptolemy/actor/lib/test/auto/BooleanMultiplexor.xml
----------------- Instantiating /home/travis/build/icyphy/ptII/ptolemy/actor/lib/test/auto/BooleanMultiplexor.xml
2 ms. Memory: 877056K Free: 696269K (79%)
----------------- Invoking toplevel() on ptolemy.moml.MoMLSimpleApplication@35af4ef3
----------------- Done invoking toplevel() on ptolemy.moml.MoMLSimpleApplication@35af4ef3
reloadAllAccessors: .BooleanMultiplexor

===========================================================================================
----------------- testing Fri Feb 22 18:49:15 UTC 2019 /home/travis/build/icyphy/ptII/ptolemy/actor/lib/test/auto/BooleanMultiplexor2.xml
----------------- Instantiating /home/travis/build/icyphy/ptII/ptolemy/actor/lib/test/auto/BooleanMultiplexor2.xml
8 ms. Memory: 877056K Free: 675709K (77%)
----------------- Invoking toplevel() on ptolemy.moml.MoMLSimpleApplication@61ac56bb
----------------- Done invoking toplevel() on ptolemy.moml.MoMLSimpleApplication@61ac56bb
reloadAllAccessors: .BooleanMultiplexor2

===========================================================================================
----------------- testing Fri Feb 22 18:49:15 UTC 2019 /home/travis/build/icyphy/ptII/ptolemy/actor/lib/test/auto/BooleanMultiplexor3.xml
----------------- Instantiating /home/travis/build/icyphy/ptII/ptolemy/actor/lib/test/auto/BooleanMultiplexor3.xml
5 ms. Memory: 877056K Free: 665339K (76%)
----------------- Invoking toplevel() on ptolemy.moml.MoMLSimpleApplication@3d7d1653
----------------- Done invoking toplevel() on ptolemy.moml.MoMLSimpleApplication@3d7d1653
reloadAllAccessors: .BooleanMultiplexor3

===========================================================================================
----------------- testing Fri Feb 22 18:49:15 UTC 2019 /home/travis/build/icyphy/ptII/ptolemy/actor/lib/test/auto/BooleanSelect.xml
----------------- Instantiating /home/travis/build/icyphy/ptII/ptolemy/actor/lib/test/auto/BooleanSelect.xml
6 ms. Memory: 877056K Free: 654969K (75%)
----------------- Invoking toplevel() on ptolemy.moml.MoMLSimpleApplication@3eabb07b
----------------- Done invoking toplevel() on ptolemy.moml.MoMLSimpleApplication@3eabb07b
reloadAllAccessors: .BooleanSelect

===========================================================================================
----------------- testing Fri Feb 22 18:49:15 UTC 2019 /home/travis/build/icyphy/ptII/ptolemy/actor/lib/test/auto/BooleanSelect2.xml
----------------- Instantiating /home/travis/build/icyphy/ptII/ptolemy/actor/lib/test/auto/BooleanSelect2.xml
1 ms. Memory: 877056K Free: 644599K (73%)
----------------- Invoking toplevel() on ptolemy.moml.MoMLSimpleApplication@3e3a4ce9
----------------- Done invoking toplevel() on ptolemy.moml.MoMLSimpleApplication@3e3a4ce9
reloadAllAccessors: .BooleanSelect2

===========================================================================================
----------------- testing Fri Feb 22 18:49:15 UTC 2019 /home/travis/build/icyphy/ptII/ptolemy/actor/lib/test/auto/BooleanSwitch.xml
----------------- Instantiating /home/travis/build/icyphy/ptII/ptolemy/actor/lib/test/auto/BooleanSwitch.xml
5 ms. Memory: 877056K Free: 624039K (71%)
----------------- Invoking toplevel() on ptolemy.moml.MoMLSimpleApplication@3a1700f6
----------------- Done invoking toplevel() on ptolemy.moml.MoMLSimpleApplication@3a1700f6
reloadAllAccessors: .BooleanSwitch

===========================================================================================
----------------- testing Fri Feb 22 18:49:15 UTC 2019 /home/travis/build/icyphy/ptII/ptolemy/actor/lib/test/auto/BooleanSwitch2.xml
----------------- Instantiating /home/travis/build/icyphy/ptII/ptolemy/actor/lib/test/auto/BooleanSwitch2.xml
1 ms. Memory: 877056K Free: 613669K (70%)
----------------- Invoking toplevel() on ptolemy.moml.MoMLSimpleApplication@2bad28b6
----------------- Done invoking toplevel() on ptolemy.moml.MoMLSimpleApplication@2bad28b6
reloadAllAccessors: .BooleanSwitch2

===========================================================================================
----------------- testing Fri Feb 22 18:49:15 UTC 2019 /home/travis/build/icyphy/ptII/ptolemy/actor/lib/test/auto/BooleanSwitchCloningBugWithClassRelationGroup.xml
----------------- Instantiating /home/travis/build/icyphy/ptII/ptolemy/actor/lib/test/auto/BooleanSwitchCloningBugWithClassRelationGroup.xml
2 ms. Memory: 877056K Free: 603299K (69%)
----------------- Invoking toplevel() on ptolemy.moml.MoMLSimpleApplication@13f2c164
----------------- Done invoking toplevel() on ptolemy.moml.MoMLSimpleApplication@13f2c164
reloadAllAccessors: .BooleanSwitchCloningBugWithClassRelationGroup

===========================================================================================
----------------- testing Fri Feb 22 18:49:15 UTC 2019 /home/travis/build/icyphy/ptII/ptolemy/actor/lib/test/auto/BusActors.xml
----------------- Instantiating /home/travis/build/icyphy/ptII/ptolemy/actor/lib/test/auto/BusActors.xml
3 ms. Memory: 877056K Free: 587728K (67%)
----------------- Invoking toplevel() on ptolemy.moml.MoMLSimpleApplication@537e3e4c
----------------- Done invoking toplevel() on ptolemy.moml.MoMLSimpleApplication@537e3e4c
reloadAllAccessors: .BusActors

===========================================================================================
----------------- testing Fri Feb 22 18:49:15 UTC 2019 /home/travis/build/icyphy/ptII/ptolemy/actor/lib/test/auto/ClassWrapper.xml
----------------- Instantiating /home/travis/build/icyphy/ptII/ptolemy/actor/lib/test/auto/ClassWrapper.xml
1 ms. Memory: 877056K Free: 577359K (66%)
----------------- Invoking toplevel() on ptolemy.moml.MoMLSimpleApplication@21f330a1
----------------- Done invoking toplevel() on ptolemy.moml.MoMLSimpleApplication@21f330a1
reloadAllAccessors: .ClassWrapper

===========================================================================================
----------------- testing Fri Feb 22 18:49:15 UTC 2019 /home/travis/build/icyphy/ptII/ptolemy/actor/lib/test/auto/Clock.xml
----------------- Instantiating /home/travis/build/icyphy/ptII/ptolemy/actor/lib/test/auto/Clock.xml
1 ms. Memory: 877056K Free: 556798K (63%)
----------------- Invoking toplevel() on ptolemy.moml.MoMLSimpleApplication@4362235c
----------------- Done invoking toplevel() on ptolemy.moml.MoMLSimpleApplication@4362235c
reloadAllAccessors: .Clock

===========================================================================================
----------------- testing Fri Feb 22 18:49:15 UTC 2019 /home/travis/build/icyphy/ptII/ptolemy/actor/lib/test/auto/Clock10.xml
----------------- Instantiating /home/travis/build/icyphy/ptII/ptolemy/actor/lib/test/auto/Clock10.xml
2 ms. Memory: 877056K Free: 546428K (62%)
----------------- Invoking toplevel() on ptolemy.moml.MoMLSimpleApplication@747852a4
----------------- Done invoking toplevel() on ptolemy.moml.MoMLSimpleApplication@747852a4
reloadAllAccessors: .Clock10

===========================================================================================
----------------- testing Fri Feb 22 18:49:15 UTC 2019 /home/travis/build/icyphy/ptII/ptolemy/actor/lib/test/auto/Clock11.xml
----------------- Instantiating /home/travis/build/icyphy/ptII/ptolemy/actor/lib/test/auto/Clock11.xml
5 ms. Memory: 877056K Free: 536058K (61%)
----------------- Invoking toplevel() on ptolemy.moml.MoMLSimpleApplication@11befc2c
----------------- Done invoking toplevel() on ptolemy.moml.MoMLSimpleApplication@11befc2c
reloadAllAccessors: .Clock11

===========================================================================================
----------------- testing Fri Feb 22 18:49:15 UTC 2019 /home/travis/build/icyphy/ptII/ptolemy/actor/lib/test/auto/Clock12.xml
----------------- Instantiating /home/travis/build/icyphy/ptII/ptolemy/actor/lib/test/auto/Clock12.xml
2 ms. Memory: 877056K Free: 525689K (60%)
----------------- Invoking toplevel() on ptolemy.moml.MoMLSimpleApplication@62e25cf6
----------------- Done invoking toplevel() on ptolemy.moml.MoMLSimpleApplication@62e25cf6
reloadAllAccessors: .Clock12

===========================================================================================
----------------- testing Fri Feb 22 18:49:15 UTC 2019 /home/travis/build/icyphy/ptII/ptolemy/actor/lib/test/auto/Clock13.xml
----------------- Instantiating /home/travis/build/icyphy/ptII/ptolemy/actor/lib/test/auto/Clock13.xml
4 ms. Memory: 877056K Free: 505128K (58%)
----------------- Invoking toplevel() on ptolemy.moml.MoMLSimpleApplication@60a68e3a
----------------- Done invoking toplevel() on ptolemy.moml.MoMLSimpleApplication@60a68e3a
reloadAllAccessors: .Clock13

===========================================================================================
----------------- testing Fri Feb 22 18:49:15 UTC 2019 /home/travis/build/icyphy/ptII/ptolemy/actor/lib/test/auto/Clock14.xml
----------------- Instantiating /home/travis/build/icyphy/ptII/ptolemy/actor/lib/test/auto/Clock14.xml
6 ms. Memory: 877056K Free: 494758K (56%)
----------------- Invoking toplevel() on ptolemy.moml.MoMLSimpleApplication@5a5538c0
----------------- Done invoking toplevel() on ptolemy.moml.MoMLSimpleApplication@5a5538c0
reloadAllAccessors: .Clock14

===========================================================================================
----------------- testing Fri Feb 22 18:49:15 UTC 2019 /home/travis/build/icyphy/ptII/ptolemy/actor/lib/test/auto/Clock15.xml
----------------- Instantiating /home/travis/build/icyphy/ptII/ptolemy/actor/lib/test/auto/Clock15.xml
6 ms. Memory: 877056K Free: 484389K (55%)
----------------- Invoking toplevel() on ptolemy.moml.MoMLSimpleApplication@169dd946
----------------- Done invoking toplevel() on ptolemy.moml.MoMLSimpleApplication@169dd946
reloadAllAccessors: .Clock15

===========================================================================================
----------------- testing Fri Feb 22 18:49:15 UTC 2019 /home/travis/build/icyphy/ptII/ptolemy/actor/lib/test/auto/Clock16.xml
----------------- Instantiating /home/travis/build/icyphy/ptII/ptolemy/actor/lib/test/auto/Clock16.xml
24 ms. Memory: 877056K Free: 468826K (53%)
----------------- Invoking toplevel() on ptolemy.moml.MoMLSimpleApplication@24db8f85
----------------- Done invoking toplevel() on ptolemy.moml.MoMLSimpleApplication@24db8f85
reloadAllAccessors: .Clock16

===========================================================================================
----------------- testing Fri Feb 22 18:49:15 UTC 2019 /home/travis/build/icyphy/ptII/ptolemy/actor/lib/test/auto/Clock17.xml
----------------- Instantiating /home/travis/build/icyphy/ptII/ptolemy/actor/lib/test/auto/Clock17.xml
10 ms. Memory: 877056K Free: 453255K (52%)
----------------- Invoking toplevel() on ptolemy.moml.MoMLSimpleApplication@4e57049f
----------------- Done invoking toplevel() on ptolemy.moml.MoMLSimpleApplication@4e57049f
reloadAllAccessors: .Clock17

===========================================================================================
----------------- testing Fri Feb 22 18:49:15 UTC 2019 /home/travis/build/icyphy/ptII/ptolemy/actor/lib/test/auto/Clock18.xml
----------------- Instantiating /home/travis/build/icyphy/ptII/ptolemy/actor/lib/test/auto/Clock18.xml
20 ms. Memory: 877056K Free: 427494K (49%)
----------------- Invoking toplevel() on ptolemy.moml.MoMLSimpleApplication@17b09202
----------------- Done invoking toplevel() on ptolemy.moml.MoMLSimpleApplication@17b09202
reloadAllAccessors: .Clock18

===========================================================================================
----------------- testing Fri Feb 22 18:49:15 UTC 2019 /home/travis/build/icyphy/ptII/ptolemy/actor/lib/test/auto/Clock19.xml
----------------- Instantiating /home/travis/build/icyphy/ptII/ptolemy/actor/lib/test/auto/Clock19.xml
15 ms. Memory: 877056K Free: 411923K (47%)
----------------- Invoking toplevel() on ptolemy.moml.MoMLSimpleApplication@c1cf797
----------------- Done invoking toplevel() on ptolemy.moml.MoMLSimpleApplication@c1cf797
reloadAllAccessors: .Clock19

===========================================================================================
----------------- testing Fri Feb 22 18:49:16 UTC 2019 /home/travis/build/icyphy/ptII/ptolemy/actor/lib/test/auto/Clock2.xml
----------------- Instantiating /home/travis/build/icyphy/ptII/ptolemy/actor/lib/test/auto/Clock2.xml
5 ms. Memory: 877056K Free: 401554K (46%)
----------------- Invoking toplevel() on ptolemy.moml.MoMLSimpleApplication@54f20fff
----------------- Done invoking toplevel() on ptolemy.moml.MoMLSimpleApplication@54f20fff
reloadAllAccessors: .Clock2

===========================================================================================
----------------- testing Fri Feb 22 18:49:16 UTC 2019 /home/travis/build/icyphy/ptII/ptolemy/actor/lib/test/auto/Clock20.xml
----------------- Instantiating /home/travis/build/icyphy/ptII/ptolemy/actor/lib/test/auto/Clock20.xml
12 ms. Memory: 877056K Free: 391184K (45%)
----------------- Invoking toplevel() on ptolemy.moml.MoMLSimpleApplication@4cd4c2a0
----------------- Done invoking toplevel() on ptolemy.moml.MoMLSimpleApplication@4cd4c2a0
reloadAllAccessors: .Clock20

===========================================================================================
----------------- testing Fri Feb 22 18:49:16 UTC 2019 /home/travis/build/icyphy/ptII/ptolemy/actor/lib/test/auto/Clock21.xml
----------------- Instantiating /home/travis/build/icyphy/ptII/ptolemy/actor/lib/test/auto/Clock21.xml
4 ms. Memory: 877056K Free: 370623K (42%)
----------------- Invoking toplevel() on ptolemy.moml.MoMLSimpleApplication@530e350
----------------- Done invoking toplevel() on ptolemy.moml.MoMLSimpleApplication@530e350
reloadAllAccessors: .Clock21

===========================================================================================
----------------- testing Fri Feb 22 18:49:16 UTC 2019 /home/travis/build/icyphy/ptII/ptolemy/actor/lib/test/auto/Clock22.xml
----------------- Instantiating /home/travis/build/icyphy/ptII/ptolemy/actor/lib/test/auto/Clock22.xml
6 ms. Memory: 877056K Free: 360253K (41%)
----------------- Invoking toplevel() on ptolemy.moml.MoMLSimpleApplication@18326478
----------------- Done invoking toplevel() on ptolemy.moml.MoMLSimpleApplication@18326478
reloadAllAccessors: .Clock22

===========================================================================================
----------------- testing Fri Feb 22 18:49:16 UTC 2019 /home/travis/build/icyphy/ptII/ptolemy/actor/lib/test/auto/Clock23.xml
----------------- Instantiating /home/travis/build/icyphy/ptII/ptolemy/actor/lib/test/auto/Clock23.xml
2 ms. Memory: 877056K Free: 349884K (40%)
----------------- Invoking toplevel() on ptolemy.moml.MoMLSimpleApplication@4d5bb2f0
----------------- Done invoking toplevel() on ptolemy.moml.MoMLSimpleApplication@4d5bb2f0
reloadAllAccessors: .Clock23

===========================================================================================
----------------- testing Fri Feb 22 18:49:16 UTC 2019 /home/travis/build/icyphy/ptII/ptolemy/actor/lib/test/auto/Clock24.xml
----------------- Instantiating /home/travis/build/icyphy/ptII/ptolemy/actor/lib/test/auto/Clock24.xml
3 ms. Memory: 877056K Free: 339514K (39%)
----------------- Invoking toplevel() on ptolemy.moml.MoMLSimpleApplication@433e9658
----------------- Done invoking toplevel() on ptolemy.moml.MoMLSimpleApplication@433e9658
reloadAllAccessors: .Clock24

===========================================================================================
----------------- testing Fri Feb 22 18:49:16 UTC 2019 /home/travis/build/icyphy/ptII/ptolemy/actor/lib/test/auto/Clock4.xml
----------------- Instantiating /home/travis/build/icyphy/ptII/ptolemy/actor/lib/test/auto/Clock4.xml
2 ms. Memory: 877056K Free: 329144K (38%)
----------------- Invoking toplevel() on ptolemy.moml.MoMLSimpleApplication@3afaf8bc
----------------- Done invoking toplevel() on ptolemy.moml.MoMLSimpleApplication@3afaf8bc
reloadAllAccessors: .Clock4

===========================================================================================
----------------- testing Fri Feb 22 18:49:16 UTC 2019 /home/travis/build/icyphy/ptII/ptolemy/actor/lib/test/auto/Clock5.xml
----------------- Instantiating /home/travis/build/icyphy/ptII/ptolemy/actor/lib/test/auto/Clock5.xml
1 ms. Memory: 877056K Free: 308584K (35%)
----------------- Invoking toplevel() on ptolemy.moml.MoMLSimpleApplication@156ce9a1
----------------- Done invoking toplevel() on ptolemy.moml.MoMLSimpleApplication@156ce9a1
reloadAllAccessors: .Clock5

===========================================================================================
----------------- testing Fri Feb 22 18:49:16 UTC 2019 /home/travis/build/icyphy/ptII/ptolemy/actor/lib/test/auto/Clock6.xml
----------------- Instantiating /home/travis/build/icyphy/ptII/ptolemy/actor/lib/test/auto/Clock6.xml
2 ms. Memory: 877056K Free: 298214K (34%)
----------------- Invoking toplevel() on ptolemy.moml.MoMLSimpleApplication@26aea2f6
----------------- Done invoking toplevel() on ptolemy.moml.MoMLSimpleApplication@26aea2f6
reloadAllAccessors: .Clock6

===========================================================================================
----------------- testing Fri Feb 22 18:49:16 UTC 2019 /home/travis/build/icyphy/ptII/ptolemy/actor/lib/test/auto/Clock7.xml
----------------- Instantiating /home/travis/build/icyphy/ptII/ptolemy/actor/lib/test/auto/Clock7.xml
2 ms. Memory: 877056K Free: 287844K (33%)
----------------- Invoking toplevel() on ptolemy.moml.MoMLSimpleApplication@3f100342
----------------- Done invoking toplevel() on ptolemy.moml.MoMLSimpleApplication@3f100342
reloadAllAccessors: .Clock7

===========================================================================================
----------------- testing Fri Feb 22 18:49:16 UTC 2019 /home/travis/build/icyphy/ptII/ptolemy/actor/lib/test/auto/Clock8.xml
----------------- Instantiating /home/travis/build/icyphy/ptII/ptolemy/actor/lib/test/auto/Clock8.xml
7 ms. Memory: 877056K Free: 277474K (32%)
----------------- Invoking toplevel() on ptolemy.moml.MoMLSimpleApplication@19d615a8
----------------- Done invoking toplevel() on ptolemy.moml.MoMLSimpleApplication@19d615a8
reloadAllAccessors: .Clock8

===========================================================================================
----------------- testing Fri Feb 22 18:49:16 UTC 2019 /home/travis/build/icyphy/ptII/ptolemy/actor/lib/test/auto/Clock9.xml
----------------- Instantiating /home/travis/build/icyphy/ptII/ptolemy/actor/lib/test/auto/Clock9.xml
7 ms. Memory: 877056K Free: 267105K (30%)
----------------- Invoking toplevel() on ptolemy.moml.MoMLSimpleApplication@64112c2a
----------------- Done invoking toplevel() on ptolemy.moml.MoMLSimpleApplication@64112c2a
reloadAllAccessors: .Clock9

===========================================================================================
----------------- testing Fri Feb 22 18:49:16 UTC 2019 /home/travis/build/icyphy/ptII/ptolemy/actor/lib/test/auto/CommDistDiscard.xml
----------------- Instantiating /home/travis/build/icyphy/ptII/ptolemy/actor/lib/test/auto/CommDistDiscard.xml
4 ms. Memory: 877056K Free: 246543K (28%)
----------------- Invoking toplevel() on ptolemy.moml.MoMLSimpleApplication@3a0c2059
----------------- Done invoking toplevel() on ptolemy.moml.MoMLSimpleApplication@3a0c2059
reloadAllAccessors: .CommDistDiscard

===========================================================================================
----------------- testing Fri Feb 22 18:49:16 UTC 2019 /home/travis/build/icyphy/ptII/ptolemy/actor/lib/test/auto/Commutator.xml
----------------- Instantiating /home/travis/build/icyphy/ptII/ptolemy/actor/lib/test/auto/Commutator.xml
2 ms. Memory: 877056K Free: 236174K (27%)
----------------- Invoking toplevel() on ptolemy.moml.MoMLSimpleApplication@a51bae3
----------------- Done invoking toplevel() on ptolemy.moml.MoMLSimpleApplication@a51bae3
reloadAllAccessors: .Commutator

===========================================================================================
----------------- testing Fri Feb 22 18:49:16 UTC 2019 /home/travis/build/icyphy/ptII/ptolemy/actor/lib/test/auto/Commutator2.xml
----------------- Instantiating /home/travis/build/icyphy/ptII/ptolemy/actor/lib/test/auto/Commutator2.xml
2 ms. Memory: 877056K Free: 225804K (26%)
----------------- Invoking toplevel() on ptolemy.moml.MoMLSimpleApplication@7237f49d
----------------- Done invoking toplevel() on ptolemy.moml.MoMLSimpleApplication@7237f49d
reloadAllAccessors: .Commutator2

===========================================================================================
----------------- testing Fri Feb 22 18:49:16 UTC 2019 /home/travis/build/icyphy/ptII/ptolemy/actor/lib/test/auto/Commutator3.xml
----------------- Instantiating /home/travis/build/icyphy/ptII/ptolemy/actor/lib/test/auto/Commutator3.xml
3 ms. Memory: 877056K Free: 215434K (25%)
----------------- Invoking toplevel() on ptolemy.moml.MoMLSimpleApplication@373e2b64
----------------- Done invoking toplevel() on ptolemy.moml.MoMLSimpleApplication@373e2b64
reloadAllAccessors: .Commutator3

===========================================================================================
----------------- testing Fri Feb 22 18:49:16 UTC 2019 /home/travis/build/icyphy/ptII/ptolemy/actor/lib/test/auto/Compare.xml
----------------- Instantiating /home/travis/build/icyphy/ptII/ptolemy/actor/lib/test/auto/Compare.xml
2 ms. Memory: 877056K Free: 194874K (22%)
----------------- Invoking toplevel() on ptolemy.moml.MoMLSimpleApplication@262908ed
----------------- Done invoking toplevel() on ptolemy.moml.MoMLSimpleApplication@262908ed
reloadAllAccessors: .Compare

===========================================================================================
----------------- testing Fri Feb 22 18:49:16 UTC 2019 /home/travis/build/icyphy/ptII/ptolemy/actor/lib/test/auto/CompareDE.xml
----------------- Instantiating /home/travis/build/icyphy/ptII/ptolemy/actor/lib/test/auto/CompareDE.xml
4 ms. Memory: 877056K Free: 184504K (21%)
----------------- Invoking toplevel() on ptolemy.moml.MoMLSimpleApplication@13b97bba
----------------- Done invoking toplevel() on ptolemy.moml.MoMLSimpleApplication@13b97bba
reloadAllAccessors: .CompareDE

===========================================================================================
----------------- testing Fri Feb 22 18:49:16 UTC 2019 /home/travis/build/icyphy/ptII/ptolemy/actor/lib/test/auto/ComplexDivide.xml
----------------- Instantiating /home/travis/build/icyphy/ptII/ptolemy/actor/lib/test/auto/ComplexDivide.xml
2 ms. Memory: 877056K Free: 174134K (20%)
----------------- Invoking toplevel() on ptolemy.moml.MoMLSimpleApplication@32f2e8c4
----------------- Done invoking toplevel() on ptolemy.moml.MoMLSimpleApplication@32f2e8c4
reloadAllAccessors: .ComplexDivide

===========================================================================================
----------------- testing Fri Feb 22 18:49:16 UTC 2019 /home/travis/build/icyphy/ptII/ptolemy/actor/lib/test/auto/ComputeHistogram.xml
----------------- Instantiating /home/travis/build/icyphy/ptII/ptolemy/actor/lib/test/auto/ComputeHistogram.xml
49 ms. Memory: 877056K Free: 158579K (18%)
----------------- Invoking toplevel() on ptolemy.moml.MoMLSimpleApplication@2195a5af
----------------- Done invoking toplevel() on ptolemy.moml.MoMLSimpleApplication@2195a5af
reloadAllAccessors: .ComputeHistogram

===========================================================================================
----------------- testing Fri Feb 22 18:49:16 UTC 2019 /home/travis/build/icyphy/ptII/ptolemy/actor/lib/test/auto/ConfigurationSelect.xml
----------------- Instantiating /home/travis/build/icyphy/ptII/ptolemy/actor/lib/test/auto/ConfigurationSelect.xml
3 ms. Memory: 877056K Free: 148210K (17%)
----------------- Invoking toplevel() on ptolemy.moml.MoMLSimpleApplication@131a67e
----------------- Done invoking toplevel() on ptolemy.moml.MoMLSimpleApplication@131a67e
reloadAllAccessors: .ConfigurationSelect

===========================================================================================
----------------- testing Fri Feb 22 18:49:16 UTC 2019 /home/travis/build/icyphy/ptII/ptolemy/actor/lib/test/auto/ConfigurationSelect2.xml
----------------- Instantiating /home/travis/build/icyphy/ptII/ptolemy/actor/lib/test/auto/ConfigurationSelect2.xml
2 ms. Memory: 877056K Free: 127649K (15%)
----------------- Invoking toplevel() on ptolemy.moml.MoMLSimpleApplication@1e5b8090
----------------- Done invoking toplevel() on ptolemy.moml.MoMLSimpleApplication@1e5b8090
reloadAllAccessors: .ConfigurationSelect2

===========================================================================================
----------------- testing Fri Feb 22 18:49:16 UTC 2019 /home/travis/build/icyphy/ptII/ptolemy/actor/lib/test/auto/ConfigurationSwitch.xml
----------------- Instantiating /home/travis/build/icyphy/ptII/ptolemy/actor/lib/test/auto/ConfigurationSwitch.xml
2 ms. Memory: 877056K Free: 117279K (13%)
----------------- Invoking toplevel() on ptolemy.moml.MoMLSimpleApplication@630f0e4
----------------- Done invoking toplevel() on ptolemy.moml.MoMLSimpleApplication@630f0e4
reloadAllAccessors: .ConfigurationSwitch

===========================================================================================
----------------- testing Fri Feb 22 18:49:16 UTC 2019 /home/travis/build/icyphy/ptII/ptolemy/actor/lib/test/auto/ConfigurationSwitch2.xml
----------------- Instantiating /home/travis/build/icyphy/ptII/ptolemy/actor/lib/test/auto/ConfigurationSwitch2.xml
2 ms. Memory: 877056K Free: 106910K (12%)
----------------- Invoking toplevel() on ptolemy.moml.MoMLSimpleApplication@287cb5fd
----------------- Done invoking toplevel() on ptolemy.moml.MoMLSimpleApplication@287cb5fd
reloadAllAccessors: .ConfigurationSwitch2

===========================================================================================
----------------- testing Fri Feb 22 18:49:16 UTC 2019 /home/travis/build/icyphy/ptII/ptolemy/actor/lib/test/auto/ConfigurationSwitchCloningBugWithClassRelationGroup.xml
----------------- Instantiating /home/travis/build/icyphy/ptII/ptolemy/actor/lib/test/auto/ConfigurationSwitchCloningBugWithClassRelationGroup.xml
1 ms. Memory: 877056K Free: 96540K (11%)
----------------- Invoking toplevel() on ptolemy.moml.MoMLSimpleApplication@4858168f
----------------- Done invoking toplevel() on ptolemy.moml.MoMLSimpleApplication@4858168f
reloadAllAccessors: .ConfigurationSwitchCloningBugWithClassRelationGroup

===========================================================================================
----------------- testing Fri Feb 22 18:49:16 UTC 2019 /home/travis/build/icyphy/ptII/ptolemy/actor/lib/test/auto/ConfigurationSwitchSelectSDF.xml
----------------- Instantiating /home/travis/build/icyphy/ptII/ptolemy/actor/lib/test/auto/ConfigurationSwitchSelectSDF.xml
2 ms. Memory: 877056K Free: 75979K (9%)
----------------- Invoking toplevel() on ptolemy.moml.MoMLSimpleApplication@64d9e829
----------------- Done invoking toplevel() on ptolemy.moml.MoMLSimpleApplication@64d9e829
reloadAllAccessors: .ConfigurationSwitchSelectSDF

===========================================================================================
----------------- testing Fri Feb 22 18:49:16 UTC 2019 /home/travis/build/icyphy/ptII/ptolemy/actor/lib/test/auto/ConfigurationSwitchSelectSDF2.xml
----------------- Instantiating /home/travis/build/icyphy/ptII/ptolemy/actor/lib/test/auto/ConfigurationSwitchSelectSDF2.xml
2 ms. Memory: 877056K Free: 65609K (7%)
----------------- Invoking toplevel() on ptolemy.moml.MoMLSimpleApplication@13f3f904
----------------- Done invoking toplevel() on ptolemy.moml.MoMLSimpleApplication@13f3f904
reloadAllAccessors: .ConfigurationSwitchSelectSDF2

===========================================================================================
----------------- testing Fri Feb 22 18:49:16 UTC 2019 /home/travis/build/icyphy/ptII/ptolemy/actor/lib/test/auto/Const.xml
----------------- Instantiating /home/travis/build/icyphy/ptII/ptolemy/actor/lib/test/auto/Const.xml
1 ms. Memory: 877056K Free: 59846K (7%)
----------------- Invoking toplevel() on ptolemy.moml.MoMLSimpleApplication@3ad7265b
----------------- Done invoking toplevel() on ptolemy.moml.MoMLSimpleApplication@3ad7265b
reloadAllAccessors: .Const

===========================================================================================
----------------- testing Fri Feb 22 18:49:16 UTC 2019 /home/travis/build/icyphy/ptII/ptolemy/actor/lib/test/auto/Const2.xml
----------------- Instantiating /home/travis/build/icyphy/ptII/ptolemy/actor/lib/test/auto/Const2.xml
1 ms. Memory: 877568K Free: 828530K (94%)
----------------- Invoking toplevel() on ptolemy.moml.MoMLSimpleApplication@34251353
----------------- Done invoking toplevel() on ptolemy.moml.MoMLSimpleApplication@34251353
reloadAllAccessors: .Const2

===========================================================================================
----------------- testing Fri Feb 22 18:49:16 UTC 2019 /home/travis/build/icyphy/ptII/ptolemy/actor/lib/test/auto/Const3.xml
----------------- Instantiating /home/travis/build/icyphy/ptII/ptolemy/actor/lib/test/auto/Const3.xml
1 ms. Memory: 877568K Free: 805431K (92%)
----------------- Invoking toplevel() on ptolemy.moml.MoMLSimpleApplication@c6b6730
----------------- Done invoking toplevel() on ptolemy.moml.MoMLSimpleApplication@c6b6730
reloadAllAccessors: .Const3

===========================================================================================
----------------- testing Fri Feb 22 18:49:16 UTC 2019 /home/travis/build/icyphy/ptII/ptolemy/actor/lib/test/auto/ConstantPublisherPort1.xml
----------------- Instantiating /home/travis/build/icyphy/ptII/ptolemy/actor/lib/test/auto/ConstantPublisherPort1.xml
7 ms. Memory: 877568K Free: 789860K (90%)
----------------- Invoking toplevel() on ptolemy.moml.MoMLSimpleApplication@c5e42c5
----------------- Done invoking toplevel() on ptolemy.moml.MoMLSimpleApplication@c5e42c5
reloadAllAccessors: .ConstantPublisherPort1

===========================================================================================
----------------- testing Fri Feb 22 18:49:16 UTC 2019 /home/travis/build/icyphy/ptII/ptolemy/actor/lib/test/auto/ConstantPublisherPort2.xml
----------------- Instantiating /home/travis/build/icyphy/ptII/ptolemy/actor/lib/test/auto/ConstantPublisherPort2.xml
9 ms. Memory: 877568K Free: 779490K (89%)
----------------- Invoking toplevel() on ptolemy.moml.MoMLSimpleApplication@4df3dc2c
----------------- Done invoking toplevel() on ptolemy.moml.MoMLSimpleApplication@4df3dc2c
reloadAllAccessors: .ConstantPublisherPort2

===========================================================================================
----------------- testing Fri Feb 22 18:49:16 UTC 2019 /home/travis/build/icyphy/ptII/ptolemy/actor/lib/test/auto/ConstantPublisherPort3.xml
----------------- Instantiating /home/travis/build/icyphy/ptII/ptolemy/actor/lib/test/auto/ConstantPublisherPort3.xml
5 ms. Memory: 877568K Free: 761608K (87%)
----------------- Invoking toplevel() on ptolemy.moml.MoMLSimpleApplication@58ef9fe4
----------------- Done invoking toplevel() on ptolemy.moml.MoMLSimpleApplication@58ef9fe4
reloadAllAccessors: .ConstantPublisherPort3

===========================================================================================
----------------- testing Fri Feb 22 18:49:16 UTC 2019 /home/travis/build/icyphy/ptII/ptolemy/actor/lib/test/auto/ConstantPublisherPort4.xml
----------------- Instantiating /home/travis/build/icyphy/ptII/ptolemy/actor/lib/test/auto/ConstantPublisherPort4.xml
2 ms. Memory: 877568K Free: 751238K (86%)
----------------- Invoking toplevel() on ptolemy.moml.MoMLSimpleApplication@447ddc34
----------------- Done invoking toplevel() on ptolemy.moml.MoMLSimpleApplication@447ddc34
reloadAllAccessors: .ConstantPublisherPort4

===========================================================================================
----------------- testing Fri Feb 22 18:49:16 UTC 2019 /home/travis/build/icyphy/ptII/ptolemy/actor/lib/test/auto/ConstantPublisherPort5.xml
----------------- Instantiating /home/travis/build/icyphy/ptII/ptolemy/actor/lib/test/auto/ConstantPublisherPort5.xml
23 ms. Memory: 877568K Free: 725298K (83%)
----------------- Invoking toplevel() on ptolemy.moml.MoMLSimpleApplication@117c94a8
----------------- Done invoking toplevel() on ptolemy.moml.MoMLSimpleApplication@117c94a8
reloadAllAccessors: .ConstantPublisherPort5

===========================================================================================
----------------- testing Fri Feb 22 18:49:16 UTC 2019 /home/travis/build/icyphy/ptII/ptolemy/actor/lib/test/auto/ConstantPublisherPort6.xml
----------------- Instantiating /home/travis/build/icyphy/ptII/ptolemy/actor/lib/test/auto/ConstantPublisherPort6.xml
13 ms. Memory: 877568K Free: 691861K (79%)
----------------- Invoking toplevel() on ptolemy.moml.MoMLSimpleApplication@11ec85b4
----------------- Done invoking toplevel() on ptolemy.moml.MoMLSimpleApplication@11ec85b4
reloadAllAccessors: .ConstantPublisherPort6

===========================================================================================
----------------- testing Fri Feb 22 18:49:16 UTC 2019 /home/travis/build/icyphy/ptII/ptolemy/actor/lib/test/auto/ConstantPublisherPort7.xml
----------------- Instantiating /home/travis/build/icyphy/ptII/ptolemy/actor/lib/test/auto/ConstantPublisherPort7.xml
14 ms. Memory: 877568K Free: 665936K (76%)
----------------- Invoking toplevel() on ptolemy.moml.MoMLSimpleApplication@5e338e15
----------------- Done invoking toplevel() on ptolemy.moml.MoMLSimpleApplication@5e338e15
reloadAllAccessors: .ConstantPublisherPort7

===========================================================================================
----------------- testing Fri Feb 22 18:49:16 UTC 2019 /home/travis/build/icyphy/ptII/ptolemy/actor/lib/test/auto/ConstraintMonitor1.xml
----------------- Instantiating /home/travis/build/icyphy/ptII/ptolemy/actor/lib/test/auto/ConstraintMonitor1.xml
2 ms. Memory: 877568K Free: 655566K (75%)
----------------- Invoking toplevel() on ptolemy.moml.MoMLSimpleApplication@3c92bdcf
----------------- Done invoking toplevel() on ptolemy.moml.MoMLSimpleApplication@3c92bdcf
reloadAllAccessors: .ConstraintMonitor1

===========================================================================================
----------------- testing Fri Feb 22 18:49:16 UTC 2019 /home/travis/build/icyphy/ptII/ptolemy/actor/lib/test/auto/ConstraintMonitor2.xml
----------------- Instantiating /home/travis/build/icyphy/ptII/ptolemy/actor/lib/test/auto/ConstraintMonitor2.xml
2 ms. Memory: 877568K Free: 637684K (73%)
----------------- Invoking toplevel() on ptolemy.moml.MoMLSimpleApplication@62c1c15e
----------------- Done invoking toplevel() on ptolemy.moml.MoMLSimpleApplication@62c1c15e
reloadAllAccessors: .ConstraintMonitor2

===========================================================================================
----------------- testing Fri Feb 22 18:49:16 UTC 2019 /home/travis/build/icyphy/ptII/ptolemy/actor/lib/test/auto/ConstraintMonitor3.xml
----------------- Instantiating /home/travis/build/icyphy/ptII/ptolemy/actor/lib/test/auto/ConstraintMonitor3.xml
6 ms. Memory: 877568K Free: 627314K (71%)
----------------- Invoking toplevel() on ptolemy.moml.MoMLSimpleApplication@46fee6ff
----------------- Done invoking toplevel() on ptolemy.moml.MoMLSimpleApplication@46fee6ff
reloadAllAccessors: .ConstraintMonitor3

===========================================================================================
----------------- testing Fri Feb 22 18:49:17 UTC 2019 /home/travis/build/icyphy/ptII/ptolemy/actor/lib/test/auto/ConstraintMonitor4.xml
----------------- Instantiating /home/travis/build/icyphy/ptII/ptolemy/actor/lib/test/auto/ConstraintMonitor4.xml
3 ms. Memory: 877568K Free: 616944K (70%)
----------------- Invoking toplevel() on ptolemy.moml.MoMLSimpleApplication@541335ca
----------------- Done invoking toplevel() on ptolemy.moml.MoMLSimpleApplication@541335ca
reloadAllAccessors: .ConstraintMonitor4

===========================================================================================
----------------- testing Fri Feb 22 18:49:17 UTC 2019 /home/travis/build/icyphy/ptII/ptolemy/actor/lib/test/auto/ConstraintMonitor5.xml
----------------- Instantiating /home/travis/build/icyphy/ptII/ptolemy/actor/lib/test/auto/ConstraintMonitor5.xml
6 ms. Memory: 877568K Free: 606575K (69%)
----------------- Invoking toplevel() on ptolemy.moml.MoMLSimpleApplication@1bc32ed9
----------------- Done invoking toplevel() on ptolemy.moml.MoMLSimpleApplication@1bc32ed9
reloadAllAccessors: .ConstraintMonitor5

===========================================================================================
----------------- testing Fri Feb 22 18:49:17 UTC 2019 /home/travis/build/icyphy/ptII/ptolemy/actor/lib/test/auto/ConstraintMonitor6.xml
----------------- Instantiating /home/travis/build/icyphy/ptII/ptolemy/actor/lib/test/auto/ConstraintMonitor6.xml
6 ms. Memory: 877568K Free: 588692K (67%)
----------------- Invoking toplevel() on ptolemy.moml.MoMLSimpleApplication@5041057f
----------------- Done invoking toplevel() on ptolemy.moml.MoMLSimpleApplication@5041057f
reloadAllAccessors: .ConstraintMonitor6

===========================================================================================
----------------- testing Fri Feb 22 18:49:17 UTC 2019 /home/travis/build/icyphy/ptII/ptolemy/actor/lib/test/auto/ConstraintMonitor7.xml
----------------- Instantiating /home/travis/build/icyphy/ptII/ptolemy/actor/lib/test/auto/ConstraintMonitor7.xml
6 ms. Memory: 877568K Free: 578322K (66%)
----------------- Invoking toplevel() on ptolemy.moml.MoMLSimpleApplication@215f96d7
----------------- Done invoking toplevel() on ptolemy.moml.MoMLSimpleApplication@215f96d7
reloadAllAccessors: .ConstraintMonitor7

===========================================================================================
----------------- testing Fri Feb 22 18:49:17 UTC 2019 /home/travis/build/icyphy/ptII/ptolemy/actor/lib/test/auto/ConstraintMonitor8.xml
----------------- Instantiating /home/travis/build/icyphy/ptII/ptolemy/actor/lib/test/auto/ConstraintMonitor8.xml
7 ms. Memory: 877568K Free: 567953K (65%)
----------------- Invoking toplevel() on ptolemy.moml.MoMLSimpleApplication@614113cc
----------------- Done invoking toplevel() on ptolemy.moml.MoMLSimpleApplication@614113cc
reloadAllAccessors: .ConstraintMonitor8

===========================================================================================
----------------- testing Fri Feb 22 18:49:17 UTC 2019 /home/travis/build/icyphy/ptII/ptolemy/actor/lib/test/auto/Counter.xml
----------------- Instantiating /home/travis/build/icyphy/ptII/ptolemy/actor/lib/test/auto/Counter.xml
2 ms. Memory: 877568K Free: 550070K (63%)
----------------- Invoking toplevel() on ptolemy.moml.MoMLSimpleApplication@7476b5ab
----------------- Done invoking toplevel() on ptolemy.moml.MoMLSimpleApplication@7476b5ab
reloadAllAccessors: .Counter

===========================================================================================
----------------- testing Fri Feb 22 18:49:17 UTC 2019 /home/travis/build/icyphy/ptII/ptolemy/actor/lib/test/auto/CurrentTimeSDF.xml
----------------- Instantiating /home/travis/build/icyphy/ptII/ptolemy/actor/lib/test/auto/CurrentTimeSDF.xml
1 ms. Memory: 877568K Free: 539701K (61%)
----------------- Invoking toplevel() on ptolemy.moml.MoMLSimpleApplication@54d9ae27
----------------- Done invoking toplevel() on ptolemy.moml.MoMLSimpleApplication@54d9ae27
reloadAllAccessors: .CurrentTimeSDF

===========================================================================================
----------------- testing Fri Feb 22 18:49:17 UTC 2019 /home/travis/build/icyphy/ptII/ptolemy/actor/lib/test/auto/DB.xml
----------------- Instantiating /home/travis/build/icyphy/ptII/ptolemy/actor/lib/test/auto/DB.xml
2 ms. Memory: 877568K Free: 529331K (60%)
----------------- Invoking toplevel() on ptolemy.moml.MoMLSimpleApplication@37616424
----------------- Done invoking toplevel() on ptolemy.moml.MoMLSimpleApplication@37616424
reloadAllAccessors: .DB

===========================================================================================
----------------- testing Fri Feb 22 18:49:17 UTC 2019 /home/travis/build/icyphy/ptII/ptolemy/actor/lib/test/auto/DBDE.xml
----------------- Instantiating /home/travis/build/icyphy/ptII/ptolemy/actor/lib/test/auto/DBDE.xml
2 ms. Memory: 877568K Free: 511449K (58%)
----------------- Invoking toplevel() on ptolemy.moml.MoMLSimpleApplication@246ea3d6
----------------- Done invoking toplevel() on ptolemy.moml.MoMLSimpleApplication@246ea3d6
reloadAllAccessors: .DBDE

===========================================================================================
----------------- testing Fri Feb 22 18:49:17 UTC 2019 /home/travis/build/icyphy/ptII/ptolemy/actor/lib/test/auto/DateConstructor.xml
----------------- Instantiating /home/travis/build/icyphy/ptII/ptolemy/actor/lib/test/auto/DateConstructor.xml
13 ms. Memory: 877568K Free: 490701K (56%)
----------------- Invoking toplevel() on ptolemy.moml.MoMLSimpleApplication@5aff483f
----------------- Done invoking toplevel() on ptolemy.moml.MoMLSimpleApplication@5aff483f
reloadAllAccessors: .DateConstructor

===========================================================================================
----------------- testing Fri Feb 22 18:49:17 UTC 2019 /home/travis/build/icyphy/ptII/ptolemy/actor/lib/test/auto/DelayTime.xml
----------------- Instantiating /home/travis/build/icyphy/ptII/ptolemy/actor/lib/test/auto/DelayTime.xml
2 ms. Memory: 877568K Free: 480331K (55%)
----------------- Invoking toplevel() on ptolemy.moml.MoMLSimpleApplication@9f94864
----------------- Done invoking toplevel() on ptolemy.moml.MoMLSimpleApplication@9f94864
reloadAllAccessors: .DelayTime

===========================================================================================
----------------- testing Fri Feb 22 18:49:17 UTC 2019 /home/travis/build/icyphy/ptII/ptolemy/actor/lib/test/auto/Dictionary1.xml
----------------- Instantiating /home/travis/build/icyphy/ptII/ptolemy/actor/lib/test/auto/Dictionary1.xml
1 ms. Memory: 877568K Free: 462449K (53%)
----------------- Invoking toplevel() on ptolemy.moml.MoMLSimpleApplication@608612fa
----------------- Done invoking toplevel() on ptolemy.moml.MoMLSimpleApplication@608612fa
reloadAllAccessors: .Dictionary1

===========================================================================================
----------------- testing Fri Feb 22 18:49:17 UTC 2019 /home/travis/build/icyphy/ptII/ptolemy/actor/lib/test/auto/Dictionary2.xml
----------------- Instantiating /home/travis/build/icyphy/ptII/ptolemy/actor/lib/test/auto/Dictionary2.xml
3 ms. Memory: 877568K Free: 452079K (52%)
----------------- Invoking toplevel() on ptolemy.moml.MoMLSimpleApplication@5e1c8126
----------------- Done invoking toplevel() on ptolemy.moml.MoMLSimpleApplication@5e1c8126
reloadAllAccessors: .Dictionary2

===========================================================================================
----------------- testing Fri Feb 22 18:49:17 UTC 2019 /home/travis/build/icyphy/ptII/ptolemy/actor/lib/test/auto/Dictionary3.xml
----------------- Instantiating /home/travis/build/icyphy/ptII/ptolemy/actor/lib/test/auto/Dictionary3.xml
1 ms. Memory: 877568K Free: 441709K (50%)
----------------- Invoking toplevel() on ptolemy.moml.MoMLSimpleApplication@a4748aa
----------------- Done invoking toplevel() on ptolemy.moml.MoMLSimpleApplication@a4748aa
reloadAllAccessors: .Dictionary3

===========================================================================================
----------------- testing Fri Feb 22 18:49:17 UTC 2019 /home/travis/build/icyphy/ptII/ptolemy/actor/lib/test/auto/Dictionary4.xml
----------------- Instantiating /home/travis/build/icyphy/ptII/ptolemy/actor/lib/test/auto/Dictionary4.xml
3 ms. Memory: 877568K Free: 431340K (49%)
----------------- Invoking toplevel() on ptolemy.moml.MoMLSimpleApplication@993c51b
----------------- Done invoking toplevel() on ptolemy.moml.MoMLSimpleApplication@993c51b
reloadAllAccessors: .Dictionary4

===========================================================================================
----------------- testing Fri Feb 22 18:49:17 UTC 2019 /home/travis/build/icyphy/ptII/ptolemy/actor/lib/test/auto/Differential.xml
----------------- Instantiating /home/travis/build/icyphy/ptII/ptolemy/actor/lib/test/auto/Differential.xml
3 ms. Memory: 877568K Free: 413457K (47%)
----------------- Invoking toplevel() on ptolemy.moml.MoMLSimpleApplication@667dc133
----------------- Done invoking toplevel() on ptolemy.moml.MoMLSimpleApplication@667dc133
reloadAllAccessors: .Differential

===========================================================================================
----------------- testing Fri Feb 22 18:49:17 UTC 2019 /home/travis/build/icyphy/ptII/ptolemy/actor/lib/test/auto/Director.xml
----------------- Instantiating /home/travis/build/icyphy/ptII/ptolemy/actor/lib/test/auto/Director.xml
1 ms. Memory: 877568K Free: 403087K (46%)
----------------- Invoking toplevel() on ptolemy.moml.MoMLSimpleApplication@7fca2849
----------------- Done invoking toplevel() on ptolemy.moml.MoMLSimpleApplication@7fca2849
reloadAllAccessors: .Director

===========================================================================================
----------------- testing Fri Feb 22 18:49:17 UTC 2019 /home/travis/build/icyphy/ptII/ptolemy/actor/lib/test/auto/DiscreteClock.xml
----------------- Instantiating /home/travis/build/icyphy/ptII/ptolemy/actor/lib/test/auto/DiscreteClock.xml
1 ms. Memory: 877568K Free: 392718K (45%)
----------------- Invoking toplevel() on ptolemy.moml.MoMLSimpleApplication@3730c225
----------------- Done invoking toplevel() on ptolemy.moml.MoMLSimpleApplication@3730c225
reloadAllAccessors: .DiscreteClock

===========================================================================================
----------------- testing Fri Feb 22 18:49:17 UTC 2019 /home/travis/build/icyphy/ptII/ptolemy/actor/lib/test/auto/DiscreteClock10.xml
----------------- Instantiating /home/travis/build/icyphy/ptII/ptolemy/actor/lib/test/auto/DiscreteClock10.xml
3 ms. Memory: 877568K Free: 374835K (43%)
----------------- Invoking toplevel() on ptolemy.moml.MoMLSimpleApplication@49a994dc
----------------- Done invoking toplevel() on ptolemy.moml.MoMLSimpleApplication@49a994dc
reloadAllAccessors: .DiscreteClock10

===========================================================================================
----------------- testing Fri Feb 22 18:49:17 UTC 2019 /home/travis/build/icyphy/ptII/ptolemy/actor/lib/test/auto/DiscreteClock11.xml
----------------- Instantiating /home/travis/build/icyphy/ptII/ptolemy/actor/lib/test/auto/DiscreteClock11.xml
2 ms. Memory: 877568K Free: 364465K (42%)
----------------- Invoking toplevel() on ptolemy.moml.MoMLSimpleApplication@6c76aa8b
----------------- Done invoking toplevel() on ptolemy.moml.MoMLSimpleApplication@6c76aa8b
reloadAllAccessors: .DiscreteClock11

===========================================================================================
----------------- testing Fri Feb 22 18:49:17 UTC 2019 /home/travis/build/icyphy/ptII/ptolemy/actor/lib/test/auto/DiscreteClock12.xml
----------------- Instantiating /home/travis/build/icyphy/ptII/ptolemy/actor/lib/test/auto/DiscreteClock12.xml
3 ms. Memory: 877568K Free: 354096K (40%)
----------------- Invoking toplevel() on ptolemy.moml.MoMLSimpleApplication@3a7b4a4d
----------------- Done invoking toplevel() on ptolemy.moml.MoMLSimpleApplication@3a7b4a4d
reloadAllAccessors: .DiscreteClock12

===========================================================================================
----------------- testing Fri Feb 22 18:49:17 UTC 2019 /home/travis/build/icyphy/ptII/ptolemy/actor/lib/test/auto/DiscreteClock13.xml
----------------- Instantiating /home/travis/build/icyphy/ptII/ptolemy/actor/lib/test/auto/DiscreteClock13.xml
7 ms. Memory: 877568K Free: 336213K (38%)
----------------- Invoking toplevel() on ptolemy.moml.MoMLSimpleApplication@1e0801c9
----------------- Done invoking toplevel() on ptolemy.moml.MoMLSimpleApplication@1e0801c9
reloadAllAccessors: .DiscreteClock13

===========================================================================================
----------------- testing Fri Feb 22 18:49:17 UTC 2019 /home/travis/build/icyphy/ptII/ptolemy/actor/lib/test/auto/DiscreteClock14.xml
----------------- Instantiating /home/travis/build/icyphy/ptII/ptolemy/actor/lib/test/auto/DiscreteClock14.xml
7 ms. Memory: 877568K Free: 325844K (37%)
----------------- Invoking toplevel() on ptolemy.moml.MoMLSimpleApplication@707939a4
----------------- Done invoking toplevel() on ptolemy.moml.MoMLSimpleApplication@707939a4
reloadAllAccessors: .DiscreteClock14

===========================================================================================
----------------- testing Fri Feb 22 18:49:17 UTC 2019 /home/travis/build/icyphy/ptII/ptolemy/actor/lib/test/auto/DiscreteClock15.xml
----------------- Instantiating /home/travis/build/icyphy/ptII/ptolemy/actor/lib/test/auto/DiscreteClock15.xml
6 ms. Memory: 877568K Free: 315474K (36%)
----------------- Invoking toplevel() on ptolemy.moml.MoMLSimpleApplication@bd45ad5
----------------- Done invoking toplevel() on ptolemy.moml.MoMLSimpleApplication@bd45ad5
reloadAllAccessors: .DiscreteClock15

===========================================================================================
----------------- testing Fri Feb 22 18:49:17 UTC 2019 /home/travis/build/icyphy/ptII/ptolemy/actor/lib/test/auto/DiscreteClock16.xml
----------------- Instantiating /home/travis/build/icyphy/ptII/ptolemy/actor/lib/test/auto/DiscreteClock16.xml
14 ms. Memory: 877568K Free: 292406K (33%)
----------------- Invoking toplevel() on ptolemy.moml.MoMLSimpleApplication@4916ba67
----------------- Done invoking toplevel() on ptolemy.moml.MoMLSimpleApplication@4916ba67
reloadAllAccessors: .DiscreteClock16

===========================================================================================
----------------- testing Fri Feb 22 18:49:17 UTC 2019 /home/travis/build/icyphy/ptII/ptolemy/actor/lib/test/auto/DiscreteClock17.xml
----------------- Instantiating /home/travis/build/icyphy/ptII/ptolemy/actor/lib/test/auto/DiscreteClock17.xml
10 ms. Memory: 877568K Free: 276836K (32%)
----------------- Invoking toplevel() on ptolemy.moml.MoMLSimpleApplication@b4474dd
----------------- Done invoking toplevel() on ptolemy.moml.MoMLSimpleApplication@b4474dd
reloadAllAccessors: .DiscreteClock17

===========================================================================================
----------------- testing Fri Feb 22 18:49:17 UTC 2019 /home/travis/build/icyphy/ptII/ptolemy/actor/lib/test/auto/DiscreteClock18.xml
----------------- Instantiating /home/travis/build/icyphy/ptII/ptolemy/actor/lib/test/auto/DiscreteClock18.xml
9 ms. Memory: 877568K Free: 261281K (30%)
----------------- Invoking toplevel() on ptolemy.moml.MoMLSimpleApplication@e0a8197
----------------- Done invoking toplevel() on ptolemy.moml.MoMLSimpleApplication@e0a8197
reloadAllAccessors: .DiscreteClock18

===========================================================================================
----------------- testing Fri Feb 22 18:49:17 UTC 2019 /home/travis/build/icyphy/ptII/ptolemy/actor/lib/test/auto/DiscreteClock19.xml
----------------- Instantiating /home/travis/build/icyphy/ptII/ptolemy/actor/lib/test/auto/DiscreteClock19.xml
8 ms. Memory: 877568K Free: 245710K (28%)
----------------- Invoking toplevel() on ptolemy.moml.MoMLSimpleApplication@66051807
----------------- Done invoking toplevel() on ptolemy.moml.MoMLSimpleApplication@66051807
reloadAllAccessors: .DiscreteClock19

===========================================================================================
----------------- testing Fri Feb 22 18:49:17 UTC 2019 /home/travis/build/icyphy/ptII/ptolemy/actor/lib/test/auto/DiscreteClock2.xml
----------------- Instantiating /home/travis/build/icyphy/ptII/ptolemy/actor/lib/test/auto/DiscreteClock2.xml
6 ms. Memory: 877568K Free: 227828K (26%)
----------------- Invoking toplevel() on ptolemy.moml.MoMLSimpleApplication@36612ffd
----------------- Done invoking toplevel() on ptolemy.moml.MoMLSimpleApplication@36612ffd
reloadAllAccessors: .DiscreteClock2

===========================================================================================
----------------- testing Fri Feb 22 18:49:17 UTC 2019 /home/travis/build/icyphy/ptII/ptolemy/actor/lib/test/auto/DiscreteClock20.xml
----------------- Instantiating /home/travis/build/icyphy/ptII/ptolemy/actor/lib/test/auto/DiscreteClock20.xml
6 ms. Memory: 877568K Free: 217458K (25%)
----------------- Invoking toplevel() on ptolemy.moml.MoMLSimpleApplication@7c2182c2
----------------- Done invoking toplevel() on ptolemy.moml.MoMLSimpleApplication@7c2182c2
reloadAllAccessors: .DiscreteClock20

===========================================================================================
----------------- testing Fri Feb 22 18:49:17 UTC 2019 /home/travis/build/icyphy/ptII/ptolemy/actor/lib/test/auto/DiscreteClock21.xml
----------------- Instantiating /home/travis/build/icyphy/ptII/ptolemy/actor/lib/test/auto/DiscreteClock21.xml
7 ms. Memory: 877568K Free: 207089K (24%)
----------------- Invoking toplevel() on ptolemy.moml.MoMLSimpleApplication@78888b73
----------------- Done invoking toplevel() on ptolemy.moml.MoMLSimpleApplication@78888b73
reloadAllAccessors: .DiscreteClock21

===========================================================================================
----------------- testing Fri Feb 22 18:49:17 UTC 2019 /home/travis/build/icyphy/ptII/ptolemy/actor/lib/test/auto/DiscreteClock22.xml
----------------- Instantiating /home/travis/build/icyphy/ptII/ptolemy/actor/lib/test/auto/DiscreteClock22.xml
7 ms. Memory: 877568K Free: 189206K (22%)
----------------- Invoking toplevel() on ptolemy.moml.MoMLSimpleApplication@44d68ff2
----------------- Done invoking toplevel() on ptolemy.moml.MoMLSimpleApplication@44d68ff2
reloadAllAccessors: .DiscreteClock22

===========================================================================================
----------------- testing Fri Feb 22 18:49:17 UTC 2019 /home/travis/build/icyphy/ptII/ptolemy/actor/lib/test/auto/DiscreteClock23.xml
----------------- Instantiating /home/travis/build/icyphy/ptII/ptolemy/actor/lib/test/auto/DiscreteClock23.xml
8 ms. Memory: 877568K Free: 178837K (20%)
----------------- Invoking toplevel() on ptolemy.moml.MoMLSimpleApplication@1bb13fa8
----------------- Done invoking toplevel() on ptolemy.moml.MoMLSimpleApplication@1bb13fa8
reloadAllAccessors: .DiscreteClock23

===========================================================================================
----------------- testing Fri Feb 22 18:49:18 UTC 2019 /home/travis/build/icyphy/ptII/ptolemy/actor/lib/test/auto/DiscreteClock24.xml
----------------- Instantiating /home/travis/build/icyphy/ptII/ptolemy/actor/lib/test/auto/DiscreteClock24.xml
6 ms. Memory: 1362944K Free: 1304792K (96%)
----------------- Invoking toplevel() on ptolemy.moml.MoMLSimpleApplication@4c24c4d9
----------------- Done invoking toplevel() on ptolemy.moml.MoMLSimpleApplication@4c24c4d9
reloadAllAccessors: .DiscreteClock24

===========================================================================================
----------------- testing Fri Feb 22 18:49:18 UTC 2019 /home/travis/build/icyphy/ptII/ptolemy/actor/lib/test/auto/DiscreteClock4.xml
----------------- Instantiating /home/travis/build/icyphy/ptII/ptolemy/actor/lib/test/auto/DiscreteClock4.xml
1 ms. Memory: 1362944K Free: 1278829K (94%)
----------------- Invoking toplevel() on ptolemy.moml.MoMLSimpleApplication@787b621
----------------- Done invoking toplevel() on ptolemy.moml.MoMLSimpleApplication@787b621
reloadAllAccessors: .DiscreteClock4

===========================================================================================
----------------- testing Fri Feb 22 18:49:18 UTC 2019 /home/travis/build/icyphy/ptII/ptolemy/actor/lib/test/auto/DiscreteClock5.xml
----------------- Instantiating /home/travis/build/icyphy/ptII/ptolemy/actor/lib/test/auto/DiscreteClock5.xml
1 ms. Memory: 1362944K Free: 1262234K (93%)
----------------- Invoking toplevel() on ptolemy.moml.MoMLSimpleApplication@3bbeb302
----------------- Done invoking toplevel() on ptolemy.moml.MoMLSimpleApplication@3bbeb302
reloadAllAccessors: .DiscreteClock5

===========================================================================================
----------------- testing Fri Feb 22 18:49:18 UTC 2019 /home/travis/build/icyphy/ptII/ptolemy/actor/lib/test/auto/DiscreteClock6.xml
----------------- Instantiating /home/travis/build/icyphy/ptII/ptolemy/actor/lib/test/auto/DiscreteClock6.xml
1 ms. Memory: 1362944K Free: 1245638K (91%)
----------------- Invoking toplevel() on ptolemy.moml.MoMLSimpleApplication@7dd74fad
----------------- Done invoking toplevel() on ptolemy.moml.MoMLSimpleApplication@7dd74fad
reloadAllAccessors: .DiscreteClock6

===========================================================================================
----------------- testing Fri Feb 22 18:49:18 UTC 2019 /home/travis/build/icyphy/ptII/ptolemy/actor/lib/test/auto/DiscreteClock7.xml
----------------- Instantiating /home/travis/build/icyphy/ptII/ptolemy/actor/lib/test/auto/DiscreteClock7.xml
2 ms. Memory: 1362944K Free: 1219843K (90%)
----------------- Invoking toplevel() on ptolemy.moml.MoMLSimpleApplication@2bdc9abd
----------------- Done invoking toplevel() on ptolemy.moml.MoMLSimpleApplication@2bdc9abd
reloadAllAccessors: .DiscreteClock7

===========================================================================================
----------------- testing Fri Feb 22 18:49:18 UTC 2019 /home/travis/build/icyphy/ptII/ptolemy/actor/lib/test/auto/DiscreteClock8.xml
----------------- Instantiating /home/travis/build/icyphy/ptII/ptolemy/actor/lib/test/auto/DiscreteClock8.xml
3 ms. Memory: 1362944K Free: 1203248K (88%)
----------------- Invoking toplevel() on ptolemy.moml.MoMLSimpleApplication@4cf95f51
----------------- Done invoking toplevel() on ptolemy.moml.MoMLSimpleApplication@4cf95f51
reloadAllAccessors: .DiscreteClock8

===========================================================================================
----------------- testing Fri Feb 22 18:49:18 UTC 2019 /home/travis/build/icyphy/ptII/ptolemy/actor/lib/test/auto/DiscreteClock9.xml
----------------- Instantiating /home/travis/build/icyphy/ptII/ptolemy/actor/lib/test/auto/DiscreteClock9.xml
6 ms. Memory: 1362944K Free: 1186652K (87%)
----------------- Invoking toplevel() on ptolemy.moml.MoMLSimpleApplication@1d2c0ba7
----------------- Done invoking toplevel() on ptolemy.moml.MoMLSimpleApplication@1d2c0ba7
reloadAllAccessors: .DiscreteClock9

===========================================================================================
----------------- testing Fri Feb 22 18:49:18 UTC 2019 /home/travis/build/icyphy/ptII/ptolemy/actor/lib/test/auto/DisplayArray.xml
----------------- Instantiating /home/travis/build/icyphy/ptII/ptolemy/actor/lib/test/auto/DisplayArray.xml
5 ms. Memory: 1362944K Free: 1170056K (86%)
----------------- Invoking toplevel() on ptolemy.moml.MoMLSimpleApplication@9ee5dca
----------------- Done invoking toplevel() on ptolemy.moml.MoMLSimpleApplication@9ee5dca
reloadAllAccessors: .DisplayArray

===========================================================================================
----------------- testing Fri Feb 22 18:49:18 UTC 2019 /home/travis/build/icyphy/ptII/ptolemy/actor/lib/test/auto/Distributor.xml
----------------- Instantiating /home/travis/build/icyphy/ptII/ptolemy/actor/lib/test/auto/Distributor.xml
1 ms. Memory: 1362944K Free: 1144261K (84%)
----------------- Invoking toplevel() on ptolemy.moml.MoMLSimpleApplication@6450abc2
----------------- Done invoking toplevel() on ptolemy.moml.MoMLSimpleApplication@6450abc2
reloadAllAccessors: .Distributor

===========================================================================================
----------------- testing Fri Feb 22 18:49:18 UTC 2019 /home/travis/build/icyphy/ptII/ptolemy/actor/lib/test/auto/Distributor2.xml
----------------- Instantiating /home/travis/build/icyphy/ptII/ptolemy/actor/lib/test/auto/Distributor2.xml
1 ms. Memory: 1362944K Free: 1127666K (83%)
----------------- Invoking toplevel() on ptolemy.moml.MoMLSimpleApplication@2aabd2c8
----------------- Done invoking toplevel() on ptolemy.moml.MoMLSimpleApplication@2aabd2c8
reloadAllAccessors: .Distributor2

===========================================================================================
----------------- testing Fri Feb 22 18:49:18 UTC 2019 /home/travis/build/icyphy/ptII/ptolemy/actor/lib/test/auto/DownSample.xml
----------------- Instantiating /home/travis/build/icyphy/ptII/ptolemy/actor/lib/test/auto/DownSample.xml
1 ms. Memory: 1362944K Free: 1111070K (82%)
----------------- Invoking toplevel() on ptolemy.moml.MoMLSimpleApplication@4b4caed0
----------------- Done invoking toplevel() on ptolemy.moml.MoMLSimpleApplication@4b4caed0
reloadAllAccessors: .DownSample

===========================================================================================
----------------- testing Fri Feb 22 18:49:18 UTC 2019 /home/travis/build/icyphy/ptII/ptolemy/actor/lib/test/auto/ElectronicUnitBase1.xml
----------------- Instantiating /home/travis/build/icyphy/ptII/ptolemy/actor/lib/test/auto/ElectronicUnitBase1.xml
19 ms. Memory: 1362944K Free: 1086160K (80%)
----------------- Invoking toplevel() on ptolemy.moml.MoMLSimpleApplication@13a04d9e
----------------- Done invoking toplevel() on ptolemy.moml.MoMLSimpleApplication@13a04d9e
reloadAllAccessors: .ElectronicUnitBase1

===========================================================================================
----------------- testing Fri Feb 22 18:49:18 UTC 2019 /home/travis/build/icyphy/ptII/ptolemy/actor/lib/test/auto/ElementsToArray.xml
----------------- Instantiating /home/travis/build/icyphy/ptII/ptolemy/actor/lib/test/auto/ElementsToArray.xml
2 ms. Memory: 1362944K Free: 1060365K (78%)
----------------- Invoking toplevel() on ptolemy.moml.MoMLSimpleApplication@5516643b
----------------- Done invoking toplevel() on ptolemy.moml.MoMLSimpleApplication@5516643b
reloadAllAccessors: .ElementsToArray

===========================================================================================
----------------- testing Fri Feb 22 18:49:18 UTC 2019 /home/travis/build/icyphy/ptII/ptolemy/actor/lib/test/auto/Equals.xml
----------------- Instantiating /home/travis/build/icyphy/ptII/ptolemy/actor/lib/test/auto/Equals.xml
3 ms. Memory: 1362944K Free: 1043770K (77%)
----------------- Invoking toplevel() on ptolemy.moml.MoMLSimpleApplication@326aae59
----------------- Done invoking toplevel() on ptolemy.moml.MoMLSimpleApplication@326aae59
reloadAllAccessors: .Equals

===========================================================================================
----------------- testing Fri Feb 22 18:49:18 UTC 2019 /home/travis/build/icyphy/ptII/ptolemy/actor/lib/test/auto/Exec.xml
----------------- Instantiating /home/travis/build/icyphy/ptII/ptolemy/actor/lib/test/auto/Exec.xml
14 ms. Memory: 1362944K Free: 1006429K (74%)
----------------- Invoking toplevel() on ptolemy.moml.MoMLSimpleApplication@1f852ebd
----------------- Done invoking toplevel() on ptolemy.moml.MoMLSimpleApplication@1f852ebd
reloadAllAccessors: .Exec

===========================================================================================
----------------- testing Fri Feb 22 18:49:18 UTC 2019 /home/travis/build/icyphy/ptII/ptolemy/actor/lib/test/auto/ExecEnvironment.xml
----------------- Instantiating /home/travis/build/icyphy/ptII/ptolemy/actor/lib/test/auto/ExecEnvironment.xml
19 ms. Memory: 1362944K Free: 964940K (71%)
----------------- Invoking toplevel() on ptolemy.moml.MoMLSimpleApplication@562799f5
----------------- Done invoking toplevel() on ptolemy.moml.MoMLSimpleApplication@562799f5
reloadAllAccessors: .ExecEnvironment

===========================================================================================
----------------- testing Fri Feb 22 18:49:18 UTC 2019 /home/travis/build/icyphy/ptII/ptolemy/actor/lib/test/auto/ExecNonZeroReturnOutput.xml
----------------- Instantiating /home/travis/build/icyphy/ptII/ptolemy/actor/lib/test/auto/ExecNonZeroReturnOutput.xml
116 ms. Memory: 1362944K Free: 831272K (61%)
----------------- Invoking toplevel() on ptolemy.moml.MoMLSimpleApplication@776703ce
----------------- Done invoking toplevel() on ptolemy.moml.MoMLSimpleApplication@776703ce
reloadAllAccessors: .ExecNonZeroReturnOutput

===========================================================================================
----------------- testing Fri Feb 22 18:49:18 UTC 2019 /home/travis/build/icyphy/ptII/ptolemy/actor/lib/test/auto/ExecRunDemos.xml
----------------- Instantiating /home/travis/build/icyphy/ptII/ptolemy/actor/lib/test/auto/ExecRunDemos.xml
Finished: 45 ms. Memory: 116224K Free: 100720K (87%)

Finished: 60 ms. Memory: 116224K Free: 97676K (84%)

Finished: 41 ms. Memory: 116224K Free: 98219K (85%)

Finished: 64 ms. Memory: 116224K Free: 99544K (86%)

Finished: 37 ms. Memory: 116224K Free: 100658K (87%)

9114 ms. Memory: 1362944K Free: 723391K (53%)
----------------- Invoking toplevel() on ptolemy.moml.MoMLSimpleApplication@4920f921
----------------- Done invoking toplevel() on ptolemy.moml.MoMLSimpleApplication@4920f921
reloadAllAccessors: .ExecRunDemos

===========================================================================================
----------------- testing Fri Feb 22 18:49:27 UTC 2019 /home/travis/build/icyphy/ptII/ptolemy/actor/lib/test/auto/ExecStop.xml
----------------- Instantiating /home/travis/build/icyphy/ptII/ptolemy/actor/lib/test/auto/ExecStop.xml
5010 ms. Memory: 1362944K Free: 507647K (37%)
----------------- Invoking toplevel() on ptolemy.moml.MoMLSimpleApplication@4fb91477
----------------- Done invoking toplevel() on ptolemy.moml.MoMLSimpleApplication@4fb91477
reloadAllAccessors: .ExecStop

===========================================================================================
----------------- testing Fri Feb 22 18:49:32 UTC 2019 /home/travis/build/icyphy/ptII/ptolemy/actor/lib/test/auto/ExecutionTimeSDF.xml
----------------- Instantiating /home/travis/build/icyphy/ptII/ptolemy/actor/lib/test/auto/ExecutionTimeSDF.xml
Fired ExecutionTime: -930167296
Fired ExecutionTime: 993200000
Fired ExecutionTime: -1664567296
6004 ms. Memory: 1362944K Free: 482737K (35%)
----------------- Invoking toplevel() on ptolemy.moml.MoMLSimpleApplication@12a23e14
----------------- Done invoking toplevel() on ptolemy.moml.MoMLSimpleApplication@12a23e14
reloadAllAccessors: .ExecutionTimeSDF

===========================================================================================
----------------- testing Fri Feb 22 18:49:38 UTC 2019 /home/travis/build/icyphy/ptII/ptolemy/actor/lib/test/auto/Expression1.xml
----------------- Instantiating /home/travis/build/icyphy/ptII/ptolemy/actor/lib/test/auto/Expression1.xml
2 ms. Memory: 1362944K Free: 456942K (34%)
----------------- Invoking toplevel() on ptolemy.moml.MoMLSimpleApplication@55eea9b1
----------------- Done invoking toplevel() on ptolemy.moml.MoMLSimpleApplication@55eea9b1
reloadAllAccessors: .Expression1

===========================================================================================
----------------- testing Fri Feb 22 18:49:38 UTC 2019 /home/travis/build/icyphy/ptII/ptolemy/actor/lib/test/auto/Expression10.xml
----------------- Instantiating /home/travis/build/icyphy/ptII/ptolemy/actor/lib/test/auto/Expression10.xml
5 ms. Memory: 1362944K Free: 440346K (32%)
----------------- Invoking toplevel() on ptolemy.moml.MoMLSimpleApplication@12ded3bd
----------------- Done invoking toplevel() on ptolemy.moml.MoMLSimpleApplication@12ded3bd
reloadAllAccessors: .Expression10

===========================================================================================
----------------- testing Fri Feb 22 18:49:39 UTC 2019 /home/travis/build/icyphy/ptII/ptolemy/actor/lib/test/auto/Expression11.xml
----------------- Instantiating /home/travis/build/icyphy/ptII/ptolemy/actor/lib/test/auto/Expression11.xml
3 ms. Memory: 1362944K Free: 423751K (31%)
----------------- Invoking toplevel() on ptolemy.moml.MoMLSimpleApplication@572831ec
----------------- Done invoking toplevel() on ptolemy.moml.MoMLSimpleApplication@572831ec
reloadAllAccessors: .Expression11

===========================================================================================
----------------- testing Fri Feb 22 18:49:39 UTC 2019 /home/travis/build/icyphy/ptII/ptolemy/actor/lib/test/auto/Expression12.xml
----------------- Instantiating /home/travis/build/icyphy/ptII/ptolemy/actor/lib/test/auto/Expression12.xml
3 ms. Memory: 1362944K Free: 407155K (30%)
----------------- Invoking toplevel() on ptolemy.moml.MoMLSimpleApplication@7d4f860f
----------------- Done invoking toplevel() on ptolemy.moml.MoMLSimpleApplication@7d4f860f
reloadAllAccessors: .Expression12

===========================================================================================
----------------- testing Fri Feb 22 18:49:39 UTC 2019 /home/travis/build/icyphy/ptII/ptolemy/actor/lib/test/auto/Expression13.xml
----------------- Instantiating /home/travis/build/icyphy/ptII/ptolemy/actor/lib/test/auto/Expression13.xml
3 ms. Memory: 1362944K Free: 381360K (28%)
----------------- Invoking toplevel() on ptolemy.moml.MoMLSimpleApplication@150af369
----------------- Done invoking toplevel() on ptolemy.moml.MoMLSimpleApplication@150af369
reloadAllAccessors: .Expression13

===========================================================================================
----------------- testing Fri Feb 22 18:49:39 UTC 2019 /home/travis/build/icyphy/ptII/ptolemy/actor/lib/test/auto/Expression14.xml
----------------- Instantiating /home/travis/build/icyphy/ptII/ptolemy/actor/lib/test/auto/Expression14.xml
6 ms. Memory: 1362944K Free: 364765K (27%)
----------------- Invoking toplevel() on ptolemy.moml.MoMLSimpleApplication@48d8c2f0
----------------- Done invoking toplevel() on ptolemy.moml.MoMLSimpleApplication@48d8c2f0
reloadAllAccessors: .Expression14

===========================================================================================
----------------- testing Fri Feb 22 18:49:39 UTC 2019 /home/travis/build/icyphy/ptII/ptolemy/actor/lib/test/auto/Expression15.xml
----------------- Instantiating /home/travis/build/icyphy/ptII/ptolemy/actor/lib/test/auto/Expression15.xml
2 ms. Memory: 1362944K Free: 348169K (26%)
----------------- Invoking toplevel() on ptolemy.moml.MoMLSimpleApplication@4c125f12
----------------- Done invoking toplevel() on ptolemy.moml.MoMLSimpleApplication@4c125f12
reloadAllAccessors: .Expression15

===========================================================================================
----------------- testing Fri Feb 22 18:49:39 UTC 2019 /home/travis/build/icyphy/ptII/ptolemy/actor/lib/test/auto/Expression16.xml
----------------- Instantiating /home/travis/build/icyphy/ptII/ptolemy/actor/lib/test/auto/Expression16.xml
3 ms. Memory: 1362944K Free: 331573K (24%)
----------------- Invoking toplevel() on ptolemy.moml.MoMLSimpleApplication@39e64dc
----------------- Done invoking toplevel() on ptolemy.moml.MoMLSimpleApplication@39e64dc
reloadAllAccessors: .Expression16

===========================================================================================
----------------- testing Fri Feb 22 18:49:39 UTC 2019 /home/travis/build/icyphy/ptII/ptolemy/actor/lib/test/auto/Expression17.xml
----------------- Instantiating /home/travis/build/icyphy/ptII/ptolemy/actor/lib/test/auto/Expression17.xml
2 ms. Memory: 1362944K Free: 305778K (22%)
----------------- Invoking toplevel() on ptolemy.moml.MoMLSimpleApplication@379b4ef4
----------------- Done invoking toplevel() on ptolemy.moml.MoMLSimpleApplication@379b4ef4
reloadAllAccessors: .Expression17

===========================================================================================
----------------- testing Fri Feb 22 18:49:39 UTC 2019 /home/travis/build/icyphy/ptII/ptolemy/actor/lib/test/auto/Expression18.xml
----------------- Instantiating /home/travis/build/icyphy/ptII/ptolemy/actor/lib/test/auto/Expression18.xml
2 ms. Memory: 1362944K Free: 289183K (21%)
----------------- Invoking toplevel() on ptolemy.moml.MoMLSimpleApplication@44344f8a
----------------- Done invoking toplevel() on ptolemy.moml.MoMLSimpleApplication@44344f8a
reloadAllAccessors: .Expression18

===========================================================================================
----------------- testing Fri Feb 22 18:49:39 UTC 2019 /home/travis/build/icyphy/ptII/ptolemy/actor/lib/test/auto/Expression2.xml
----------------- Instantiating /home/travis/build/icyphy/ptII/ptolemy/actor/lib/test/auto/Expression2.xml
3 ms. Memory: 1362944K Free: 272587K (20%)
----------------- Invoking toplevel() on ptolemy.moml.MoMLSimpleApplication@3cfd9d02
----------------- Done invoking toplevel() on ptolemy.moml.MoMLSimpleApplication@3cfd9d02
reloadAllAccessors: .Expression2

===========================================================================================
----------------- testing Fri Feb 22 18:49:39 UTC 2019 /home/travis/build/icyphy/ptII/ptolemy/actor/lib/test/auto/Expression3.xml
----------------- Instantiating /home/travis/build/icyphy/ptII/ptolemy/actor/lib/test/auto/Expression3.xml
2 ms. Memory: 1362944K Free: 255991K (19%)
----------------- Invoking toplevel() on ptolemy.moml.MoMLSimpleApplication@890d2af
----------------- Done invoking toplevel() on ptolemy.moml.MoMLSimpleApplication@890d2af
reloadAllAccessors: .Expression3

===========================================================================================
----------------- testing Fri Feb 22 18:49:39 UTC 2019 /home/travis/build/icyphy/ptII/ptolemy/actor/lib/test/auto/Expression4.xml
----------------- Instantiating /home/travis/build/icyphy/ptII/ptolemy/actor/lib/test/auto/Expression4.xml
4 ms. Memory: 1362944K Free: 230196K (17%)
----------------- Invoking toplevel() on ptolemy.moml.MoMLSimpleApplication@5d204d02
----------------- Done invoking toplevel() on ptolemy.moml.MoMLSimpleApplication@5d204d02
reloadAllAccessors: .Expression4

===========================================================================================
----------------- testing Fri Feb 22 18:49:39 UTC 2019 /home/travis/build/icyphy/ptII/ptolemy/actor/lib/test/auto/Expression5.xml
----------------- Instantiating /home/travis/build/icyphy/ptII/ptolemy/actor/lib/test/auto/Expression5.xml
3 ms. Memory: 1362944K Free: 213600K (16%)
----------------- Invoking toplevel() on ptolemy.moml.MoMLSimpleApplication@2c2f063a
----------------- Done invoking toplevel() on ptolemy.moml.MoMLSimpleApplication@2c2f063a
reloadAllAccessors: .Expression5

===========================================================================================
----------------- testing Fri Feb 22 18:49:39 UTC 2019 /home/travis/build/icyphy/ptII/ptolemy/actor/lib/test/auto/Expression6.xml
----------------- Instantiating /home/travis/build/icyphy/ptII/ptolemy/actor/lib/test/auto/Expression6.xml
2 ms. Memory: 1362944K Free: 197005K (14%)
----------------- Invoking toplevel() on ptolemy.moml.MoMLSimpleApplication@5c8a7e39
----------------- Done invoking toplevel() on ptolemy.moml.MoMLSimpleApplication@5c8a7e39
reloadAllAccessors: .Expression6

===========================================================================================
----------------- testing Fri Feb 22 18:49:39 UTC 2019 /home/travis/build/icyphy/ptII/ptolemy/actor/lib/test/auto/Expression7.xml
----------------- Instantiating /home/travis/build/icyphy/ptII/ptolemy/actor/lib/test/auto/Expression7.xml
2 ms. Memory: 1362944K Free: 180409K (13%)
----------------- Invoking toplevel() on ptolemy.moml.MoMLSimpleApplication@4ce4979f
----------------- Done invoking toplevel() on ptolemy.moml.MoMLSimpleApplication@4ce4979f
reloadAllAccessors: .Expression7

===========================================================================================
----------------- testing Fri Feb 22 18:49:39 UTC 2019 /home/travis/build/icyphy/ptII/ptolemy/actor/lib/test/auto/Expression8.xml
----------------- Instantiating /home/travis/build/icyphy/ptII/ptolemy/actor/lib/test/auto/Expression8.xml
3 ms. Memory: 1362944K Free: 154614K (11%)
----------------- Invoking toplevel() on ptolemy.moml.MoMLSimpleApplication@4cdd1a6f
----------------- Done invoking toplevel() on ptolemy.moml.MoMLSimpleApplication@4cdd1a6f
reloadAllAccessors: .Expression8

===========================================================================================
----------------- testing Fri Feb 22 18:49:39 UTC 2019 /home/travis/build/icyphy/ptII/ptolemy/actor/lib/test/auto/Expression9.xml
----------------- Instantiating /home/travis/build/icyphy/ptII/ptolemy/actor/lib/test/auto/Expression9.xml
1 ms. Memory: 1362944K Free: 138019K (10%)
----------------- Invoking toplevel() on ptolemy.moml.MoMLSimpleApplication@23914e44
----------------- Done invoking toplevel() on ptolemy.moml.MoMLSimpleApplication@23914e44
reloadAllAccessors: .Expression9

===========================================================================================
----------------- testing Fri Feb 22 18:49:39 UTC 2019 /home/travis/build/icyphy/ptII/ptolemy/actor/lib/test/auto/ExpressionConcatenateArrayType.xml
----------------- Instantiating /home/travis/build/icyphy/ptII/ptolemy/actor/lib/test/auto/ExpressionConcatenateArrayType.xml
2 ms. Memory: 1362944K Free: 121423K (9%)
----------------- Invoking toplevel() on ptolemy.moml.MoMLSimpleApplication@10f30565
----------------- Done invoking toplevel() on ptolemy.moml.MoMLSimpleApplication@10f30565
reloadAllAccessors: .ExpressionConcatenateArrayType

===========================================================================================
----------------- testing Fri Feb 22 18:49:39 UTC 2019 /home/travis/build/icyphy/ptII/ptolemy/actor/lib/test/auto/ExpressionConcatenateArrayType2.xml
----------------- Instantiating /home/travis/build/icyphy/ptII/ptolemy/actor/lib/test/auto/ExpressionConcatenateArrayType2.xml
3 ms. Memory: 1362944K Free: 104827K (8%)
----------------- Invoking toplevel() on ptolemy.moml.MoMLSimpleApplication@3b078f24
----------------- Done invoking toplevel() on ptolemy.moml.MoMLSimpleApplication@3b078f24
reloadAllAccessors: .ExpressionConcatenateArrayType2

===========================================================================================
----------------- testing Fri Feb 22 18:49:39 UTC 2019 /home/travis/build/icyphy/ptII/ptolemy/actor/lib/test/auto/ExpressionFix.xml
----------------- Instantiating /home/travis/build/icyphy/ptII/ptolemy/actor/lib/test/auto/ExpressionFix.xml
8 ms. Memory: 1362944K Free: 80657K (6%)
----------------- Invoking toplevel() on ptolemy.moml.MoMLSimpleApplication@ad62b32
----------------- Done invoking toplevel() on ptolemy.moml.MoMLSimpleApplication@ad62b32
reloadAllAccessors: .ExpressionFix

===========================================================================================
----------------- testing Fri Feb 22 18:49:39 UTC 2019 /home/travis/build/icyphy/ptII/ptolemy/actor/lib/test/auto/ExpressionFix2.xml
----------------- Instantiating /home/travis/build/icyphy/ptII/ptolemy/actor/lib/test/auto/ExpressionFix2.xml
1 ms. Memory: 1362944K Free: 1307929K (96%)
----------------- Invoking toplevel() on ptolemy.moml.MoMLSimpleApplication@25c4c1c7
----------------- Done invoking toplevel() on ptolemy.moml.MoMLSimpleApplication@25c4c1c7
reloadAllAccessors: .ExpressionFix2

===========================================================================================
----------------- testing Fri Feb 22 18:49:39 UTC 2019 /home/travis/build/icyphy/ptII/ptolemy/actor/lib/test/auto/ExpressionFix3.xml
----------------- Instantiating /home/travis/build/icyphy/ptII/ptolemy/actor/lib/test/auto/ExpressionFix3.xml
1 ms. Memory: 1362944K Free: 1284709K (94%)
----------------- Invoking toplevel() on ptolemy.moml.MoMLSimpleApplication@5d020f63
----------------- Done invoking toplevel() on ptolemy.moml.MoMLSimpleApplication@5d020f63
reloadAllAccessors: .ExpressionFix3

===========================================================================================
----------------- testing Fri Feb 22 18:49:39 UTC 2019 /home/travis/build/icyphy/ptII/ptolemy/actor/lib/test/auto/FileWriter1.xml
----------------- Instantiating /home/travis/build/icyphy/ptII/ptolemy/actor/lib/test/auto/FileWriter1.xml
2 ms. Memory: 1362944K Free: 1268114K (93%)
----------------- Invoking toplevel() on ptolemy.moml.MoMLSimpleApplication@6216b237
----------------- Done invoking toplevel() on ptolemy.moml.MoMLSimpleApplication@6216b237
reloadAllAccessors: .FileWriter1

===========================================================================================
----------------- testing Fri Feb 22 18:49:39 UTC 2019 /home/travis/build/icyphy/ptII/ptolemy/actor/lib/test/auto/FileWriter2.xml
----------------- Instantiating /home/travis/build/icyphy/ptII/ptolemy/actor/lib/test/auto/FileWriter2.xml
2 ms. Memory: 1362944K Free: 1244895K (91%)
----------------- Invoking toplevel() on ptolemy.moml.MoMLSimpleApplication@3b73dbc4
----------------- Done invoking toplevel() on ptolemy.moml.MoMLSimpleApplication@3b73dbc4
reloadAllAccessors: .FileWriter2

===========================================================================================
----------------- testing Fri Feb 22 18:49:39 UTC 2019 /home/travis/build/icyphy/ptII/ptolemy/actor/lib/test/auto/FileWriter3.xml
----------------- Instantiating /home/travis/build/icyphy/ptII/ptolemy/actor/lib/test/auto/FileWriter3.xml
2 ms. Memory: 1362944K Free: 1228299K (90%)
----------------- Invoking toplevel() on ptolemy.moml.MoMLSimpleApplication@7a5804e6
----------------- Done invoking toplevel() on ptolemy.moml.MoMLSimpleApplication@7a5804e6
reloadAllAccessors: .FileWriter3

===========================================================================================
----------------- testing Fri Feb 22 18:49:39 UTC 2019 /home/travis/build/icyphy/ptII/ptolemy/actor/lib/test/auto/Gaussian.xml
----------------- Instantiating /home/travis/build/icyphy/ptII/ptolemy/actor/lib/test/auto/Gaussian.xml
2 ms. Memory: 1362944K Free: 1211703K (89%)
----------------- Invoking toplevel() on ptolemy.moml.MoMLSimpleApplication@692f10ba
----------------- Done invoking toplevel() on ptolemy.moml.MoMLSimpleApplication@692f10ba
reloadAllAccessors: .Gaussian

===========================================================================================
----------------- testing Fri Feb 22 18:49:39 UTC 2019 /home/travis/build/icyphy/ptII/ptolemy/actor/lib/test/auto/Gaussian1.xml
----------------- Instantiating /home/travis/build/icyphy/ptII/ptolemy/actor/lib/test/auto/Gaussian1.xml
2 ms. Memory: 1362944K Free: 1188484K (87%)
----------------- Invoking toplevel() on ptolemy.moml.MoMLSimpleApplication@4690fd47
----------------- Done invoking toplevel() on ptolemy.moml.MoMLSimpleApplication@4690fd47
reloadAllAccessors: .Gaussian1

===========================================================================================
----------------- testing Fri Feb 22 18:49:39 UTC 2019 /home/travis/build/icyphy/ptII/ptolemy/actor/lib/test/auto/Gaussian2.xml
----------------- Instantiating /home/travis/build/icyphy/ptII/ptolemy/actor/lib/test/auto/Gaussian2.xml
2 ms. Memory: 1362944K Free: 1171888K (86%)
----------------- Invoking toplevel() on ptolemy.moml.MoMLSimpleApplication@7e127bc7
----------------- Done invoking toplevel() on ptolemy.moml.MoMLSimpleApplication@7e127bc7
reloadAllAccessors: .Gaussian2

===========================================================================================
----------------- testing Fri Feb 22 18:49:39 UTC 2019 /home/travis/build/icyphy/ptII/ptolemy/actor/lib/test/auto/GradientAdaptiveLattice.xml
----------------- Instantiating /home/travis/build/icyphy/ptII/ptolemy/actor/lib/test/auto/GradientAdaptiveLattice.xml
2 ms. Memory: 1362944K Free: 1155293K (85%)
----------------- Invoking toplevel() on ptolemy.moml.MoMLSimpleApplication@4815b9a0
----------------- Done invoking toplevel() on ptolemy.moml.MoMLSimpleApplication@4815b9a0
reloadAllAccessors: .GradientAdaptiveLattice

===========================================================================================
----------------- testing Fri Feb 22 18:49:39 UTC 2019 /home/travis/build/icyphy/ptII/ptolemy/actor/lib/test/auto/IIR.xml
----------------- Instantiating /home/travis/build/icyphy/ptII/ptolemy/actor/lib/test/auto/IIR.xml
1 ms. Memory: 1362944K Free: 1132073K (83%)
----------------- Invoking toplevel() on ptolemy.moml.MoMLSimpleApplication@5e640aac
----------------- Done invoking toplevel() on ptolemy.moml.MoMLSimpleApplication@5e640aac
reloadAllAccessors: .IIR

===========================================================================================
----------------- testing Fri Feb 22 18:49:39 UTC 2019 /home/travis/build/icyphy/ptII/ptolemy/actor/lib/test/auto/InputOutputTransparentPorts.xml
----------------- Instantiating /home/travis/build/icyphy/ptII/ptolemy/actor/lib/test/auto/InputOutputTransparentPorts.xml
2 ms. Memory: 1362944K Free: 1115478K (82%)
----------------- Invoking toplevel() on ptolemy.moml.MoMLSimpleApplication@30c45728
----------------- Done invoking toplevel() on ptolemy.moml.MoMLSimpleApplication@30c45728
reloadAllAccessors: .InputOutputTransparentPorts

===========================================================================================
----------------- testing Fri Feb 22 18:49:39 UTC 2019 /home/travis/build/icyphy/ptII/ptolemy/actor/lib/test/auto/Interpolator.xml
----------------- Instantiating /home/travis/build/icyphy/ptII/ptolemy/actor/lib/test/auto/Interpolator.xml
2 ms. Memory: 1362944K Free: 1098882K (81%)
----------------- Invoking toplevel() on ptolemy.moml.MoMLSimpleApplication@4c79d715
----------------- Done invoking toplevel() on ptolemy.moml.MoMLSimpleApplication@4c79d715
reloadAllAccessors: .Interpolator

===========================================================================================
----------------- testing Fri Feb 22 18:49:39 UTC 2019 /home/travis/build/icyphy/ptII/ptolemy/actor/lib/test/auto/InterpolatorFiringLimitDE.xml
----------------- Instantiating /home/travis/build/icyphy/ptII/ptolemy/actor/lib/test/auto/InterpolatorFiringLimitDE.xml
1 ms. Memory: 1362944K Free: 1075663K (79%)
----------------- Invoking toplevel() on ptolemy.moml.MoMLSimpleApplication@15beb36a
----------------- Done invoking toplevel() on ptolemy.moml.MoMLSimpleApplication@15beb36a
reloadAllAccessors: .InterpolatorFiringLimitDE

===========================================================================================
----------------- testing Fri Feb 22 18:49:39 UTC 2019 /home/travis/build/icyphy/ptII/ptolemy/actor/lib/test/auto/Lattice.xml
----------------- Instantiating /home/travis/build/icyphy/ptII/ptolemy/actor/lib/test/auto/Lattice.xml
1 ms. Memory: 1362944K Free: 1059067K (78%)
----------------- Invoking toplevel() on ptolemy.moml.MoMLSimpleApplication@28f9c51d
----------------- Done invoking toplevel() on ptolemy.moml.MoMLSimpleApplication@28f9c51d
reloadAllAccessors: .Lattice

===========================================================================================
----------------- testing Fri Feb 22 18:49:39 UTC 2019 /home/travis/build/icyphy/ptII/ptolemy/actor/lib/test/auto/LazyAOCTestLazy.xml
----------------- Instantiating /home/travis/build/icyphy/ptII/ptolemy/actor/lib/test/auto/LazyAOCTestLazy.xml
6 ms. Memory: 1362944K Free: 1042472K (76%)
----------------- Invoking toplevel() on ptolemy.moml.MoMLSimpleApplication@4da12767
----------------- Done invoking toplevel() on ptolemy.moml.MoMLSimpleApplication@4da12767
reloadAllAccessors: .LazyAOCTestLazy

===========================================================================================
----------------- testing Fri Feb 22 18:49:39 UTC 2019 /home/travis/build/icyphy/ptII/ptolemy/actor/lib/test/auto/LazyAOCTestNonLazy.xml
----------------- Instantiating /home/travis/build/icyphy/ptII/ptolemy/actor/lib/test/auto/LazyAOCTestNonLazy.xml
1 ms. Memory: 1362944K Free: 1019253K (75%)
----------------- Invoking toplevel() on ptolemy.moml.MoMLSimpleApplication@189a84f9
----------------- Done invoking toplevel() on ptolemy.moml.MoMLSimpleApplication@189a84f9
reloadAllAccessors: .LazyAOCTestNonLazy

===========================================================================================
----------------- testing Fri Feb 22 18:49:39 UTC 2019 /home/travis/build/icyphy/ptII/ptolemy/actor/lib/test/auto/LazyInnerClass.xml
----------------- Instantiating /home/travis/build/icyphy/ptII/ptolemy/actor/lib/test/auto/LazyInnerClass.xml
8 ms. Memory: 1362944K Free: 1002657K (74%)
----------------- Invoking toplevel() on ptolemy.moml.MoMLSimpleApplication@4f6e1c05
----------------- Done invoking toplevel() on ptolemy.moml.MoMLSimpleApplication@4f6e1c05
reloadAllAccessors: .LazyInnerClass

===========================================================================================
----------------- testing Fri Feb 22 18:49:39 UTC 2019 /home/travis/build/icyphy/ptII/ptolemy/actor/lib/test/auto/LazyPubSub.xml
----------------- Instantiating /home/travis/build/icyphy/ptII/ptolemy/actor/lib/test/auto/LazyPubSub.xml
14 ms. Memory: 1362944K Free: 986061K (72%)
----------------- Invoking toplevel() on ptolemy.moml.MoMLSimpleApplication@27a63871
----------------- Done invoking toplevel() on ptolemy.moml.MoMLSimpleApplication@27a63871
reloadAllAccessors: .LazyPubSub

===========================================================================================
----------------- testing Fri Feb 22 18:49:39 UTC 2019 /home/travis/build/icyphy/ptII/ptolemy/actor/lib/test/auto/LazyPubSub2.xml
----------------- Instantiating /home/travis/build/icyphy/ptII/ptolemy/actor/lib/test/auto/LazyPubSub2.xml
21 ms. Memory: 1362944K Free: 962842K (71%)
----------------- Invoking toplevel() on ptolemy.moml.MoMLSimpleApplication@6ab7e6a8
----------------- Done invoking toplevel() on ptolemy.moml.MoMLSimpleApplication@6ab7e6a8
reloadAllAccessors: .LazyPubSub2

===========================================================================================
----------------- testing Fri Feb 22 18:49:39 UTC 2019 /home/travis/build/icyphy/ptII/ptolemy/actor/lib/test/auto/LazyPubSub3.xml
----------------- Instantiating /home/travis/build/icyphy/ptII/ptolemy/actor/lib/test/auto/LazyPubSub3.xml
20 ms. Memory: 1362944K Free: 946246K (69%)
----------------- Invoking toplevel() on ptolemy.moml.MoMLSimpleApplication@36bba0d6
----------------- Done invoking toplevel() on ptolemy.moml.MoMLSimpleApplication@36bba0d6
reloadAllAccessors: .LazyPubSub3

===========================================================================================
----------------- testing Fri Feb 22 18:49:39 UTC 2019 /home/travis/build/icyphy/ptII/ptolemy/actor/lib/test/auto/LazySubClassModel.xml
----------------- Instantiating /home/travis/build/icyphy/ptII/ptolemy/actor/lib/test/auto/LazySubClassModel.xml
11 ms. Memory: 1362944K Free: 929651K (68%)
----------------- Invoking toplevel() on ptolemy.moml.MoMLSimpleApplication@44080f1
----------------- Done invoking toplevel() on ptolemy.moml.MoMLSimpleApplication@44080f1
reloadAllAccessors: .LazySubClassModel

===========================================================================================
----------------- testing Fri Feb 22 18:49:39 UTC 2019 /home/travis/build/icyphy/ptII/ptolemy/actor/lib/test/auto/LevelCrossTest1.xml
----------------- Instantiating /home/travis/build/icyphy/ptII/ptolemy/actor/lib/test/auto/LevelCrossTest1.xml
1 ms. Memory: 1362944K Free: 906431K (67%)
----------------- Invoking toplevel() on ptolemy.moml.MoMLSimpleApplication@42ce3eee
----------------- Done invoking toplevel() on ptolemy.moml.MoMLSimpleApplication@42ce3eee
reloadAllAccessors: .broken

===========================================================================================
----------------- testing Fri Feb 22 18:49:39 UTC 2019 /home/travis/build/icyphy/ptII/ptolemy/actor/lib/test/auto/LevelCrossTest10.xml
----------------- Instantiating /home/travis/build/icyphy/ptII/ptolemy/actor/lib/test/auto/LevelCrossTest10.xml
1 ms. Memory: 1362944K Free: 889836K (65%)
----------------- Invoking toplevel() on ptolemy.moml.MoMLSimpleApplication@5494a471
----------------- Done invoking toplevel() on ptolemy.moml.MoMLSimpleApplication@5494a471
reloadAllAccessors: .LevelCrossTest10

===========================================================================================
----------------- testing Fri Feb 22 18:49:39 UTC 2019 /home/travis/build/icyphy/ptII/ptolemy/actor/lib/test/auto/LevelCrossTest11.xml
----------------- Instantiating /home/travis/build/icyphy/ptII/ptolemy/actor/lib/test/auto/LevelCrossTest11.xml
1 ms. Memory: 1362944K Free: 873240K (64%)
----------------- Invoking toplevel() on ptolemy.moml.MoMLSimpleApplication@32ee231d
----------------- Done invoking toplevel() on ptolemy.moml.MoMLSimpleApplication@32ee231d
reloadAllAccessors: .LevelCrossTest11

===========================================================================================
----------------- testing Fri Feb 22 18:49:39 UTC 2019 /home/travis/build/icyphy/ptII/ptolemy/actor/lib/test/auto/LevelCrossTest12.xml
----------------- Instantiating /home/travis/build/icyphy/ptII/ptolemy/actor/lib/test/auto/LevelCrossTest12.xml
0 ms. Memory: 1362944K Free: 850021K (62%)
----------------- Invoking toplevel() on ptolemy.moml.MoMLSimpleApplication@2db1e0e7
----------------- Done invoking toplevel() on ptolemy.moml.MoMLSimpleApplication@2db1e0e7
reloadAllAccessors: .LevelCrossTest12

===========================================================================================
----------------- testing Fri Feb 22 18:49:39 UTC 2019 /home/travis/build/icyphy/ptII/ptolemy/actor/lib/test/auto/LevelCrossTest13.xml
----------------- Instantiating /home/travis/build/icyphy/ptII/ptolemy/actor/lib/test/auto/LevelCrossTest13.xml
1 ms. Memory: 1362944K Free: 833425K (61%)
----------------- Invoking toplevel() on ptolemy.moml.MoMLSimpleApplication@2b1d55c7
----------------- Done invoking toplevel() on ptolemy.moml.MoMLSimpleApplication@2b1d55c7
reloadAllAccessors: .LevelCrossTest13

===========================================================================================
----------------- testing Fri Feb 22 18:49:39 UTC 2019 /home/travis/build/icyphy/ptII/ptolemy/actor/lib/test/auto/LevelCrossTest2.xml
----------------- Instantiating /home/travis/build/icyphy/ptII/ptolemy/actor/lib/test/auto/LevelCrossTest2.xml
1 ms. Memory: 1362944K Free: 816830K (60%)
----------------- Invoking toplevel() on ptolemy.moml.MoMLSimpleApplication@56f6947d
----------------- Done invoking toplevel() on ptolemy.moml.MoMLSimpleApplication@56f6947d
reloadAllAccessors: .broken

===========================================================================================
----------------- testing Fri Feb 22 18:49:39 UTC 2019 /home/travis/build/icyphy/ptII/ptolemy/actor/lib/test/auto/LevelCrossTest3.xml
----------------- Instantiating /home/travis/build/icyphy/ptII/ptolemy/actor/lib/test/auto/LevelCrossTest3.xml
1 ms. Memory: 1362944K Free: 793610K (58%)
----------------- Invoking toplevel() on ptolemy.moml.MoMLSimpleApplication@f7e08c3
----------------- Done invoking toplevel() on ptolemy.moml.MoMLSimpleApplication@f7e08c3
reloadAllAccessors: .LevelCrossTest3

===========================================================================================
----------------- testing Fri Feb 22 18:49:39 UTC 2019 /home/travis/build/icyphy/ptII/ptolemy/actor/lib/test/auto/LevelCrossTest4.xml
----------------- Instantiating /home/travis/build/icyphy/ptII/ptolemy/actor/lib/test/auto/LevelCrossTest4.xml
1 ms. Memory: 1362944K Free: 777015K (57%)
----------------- Invoking toplevel() on ptolemy.moml.MoMLSimpleApplication@51ec6f8
----------------- Done invoking toplevel() on ptolemy.moml.MoMLSimpleApplication@51ec6f8
reloadAllAccessors: .broken

===========================================================================================
----------------- testing Fri Feb 22 18:49:40 UTC 2019 /home/travis/build/icyphy/ptII/ptolemy/actor/lib/test/auto/LevelCrossTest5.xml
----------------- Instantiating /home/travis/build/icyphy/ptII/ptolemy/actor/lib/test/auto/LevelCrossTest5.xml
4 ms. Memory: 1362944K Free: 753796K (55%)
----------------- Invoking toplevel() on ptolemy.moml.MoMLSimpleApplication@27bc612
----------------- Done invoking toplevel() on ptolemy.moml.MoMLSimpleApplication@27bc612
reloadAllAccessors: .LevelCrossTest5

===========================================================================================
----------------- testing Fri Feb 22 18:49:40 UTC 2019 /home/travis/build/icyphy/ptII/ptolemy/actor/lib/test/auto/LevelCrossTest6.xml
----------------- Instantiating /home/travis/build/icyphy/ptII/ptolemy/actor/lib/test/auto/LevelCrossTest6.xml
1 ms. Memory: 1362944K Free: 737200K (54%)
----------------- Invoking toplevel() on ptolemy.moml.MoMLSimpleApplication@3e66dc8a
----------------- Done invoking toplevel() on ptolemy.moml.MoMLSimpleApplication@3e66dc8a
reloadAllAccessors: .LevelCrossTest6

===========================================================================================
----------------- testing Fri Feb 22 18:49:40 UTC 2019 /home/travis/build/icyphy/ptII/ptolemy/actor/lib/test/auto/LevelCrossTest7.xml
----------------- Instantiating /home/travis/build/icyphy/ptII/ptolemy/actor/lib/test/auto/LevelCrossTest7.xml
1 ms. Memory: 1362944K Free: 720604K (53%)
----------------- Invoking toplevel() on ptolemy.moml.MoMLSimpleApplication@53849411
----------------- Done invoking toplevel() on ptolemy.moml.MoMLSimpleApplication@53849411
reloadAllAccessors: .LevelCrossTest7

===========================================================================================
----------------- testing Fri Feb 22 18:49:40 UTC 2019 /home/travis/build/icyphy/ptII/ptolemy/actor/lib/test/auto/LevelCrossTest8.xml
----------------- Instantiating /home/travis/build/icyphy/ptII/ptolemy/actor/lib/test/auto/LevelCrossTest8.xml
1 ms. Memory: 1362944K Free: 697385K (51%)
----------------- Invoking toplevel() on ptolemy.moml.MoMLSimpleApplication@6da484ab
----------------- Done invoking toplevel() on ptolemy.moml.MoMLSimpleApplication@6da484ab
reloadAllAccessors: .LevelCrossTest8

===========================================================================================
----------------- testing Fri Feb 22 18:49:40 UTC 2019 /home/travis/build/icyphy/ptII/ptolemy/actor/lib/test/auto/LevelCrossTest9.xml
----------------- Instantiating /home/travis/build/icyphy/ptII/ptolemy/actor/lib/test/auto/LevelCrossTest9.xml
1 ms. Memory: 1362944K Free: 680789K (50%)
----------------- Invoking toplevel() on ptolemy.moml.MoMLSimpleApplication@419876f0
----------------- Done invoking toplevel() on ptolemy.moml.MoMLSimpleApplication@419876f0
reloadAllAccessors: .LevelCrossTest9

===========================================================================================
----------------- testing Fri Feb 22 18:49:40 UTC 2019 /home/travis/build/icyphy/ptII/ptolemy/actor/lib/test/auto/LevinsonDurbin.xml
----------------- Instantiating /home/travis/build/icyphy/ptII/ptolemy/actor/lib/test/auto/LevinsonDurbin.xml
6 ms. Memory: 1362944K Free: 664194K (49%)
----------------- Invoking toplevel() on ptolemy.moml.MoMLSimpleApplication@5a9372f7
----------------- Done invoking toplevel() on ptolemy.moml.MoMLSimpleApplication@5a9372f7
reloadAllAccessors: .LevinsonDurbin

===========================================================================================
----------------- testing Fri Feb 22 18:49:40 UTC 2019 /home/travis/build/icyphy/ptII/ptolemy/actor/lib/test/auto/LevinsonDurbin2.xml
----------------- Instantiating /home/travis/build/icyphy/ptII/ptolemy/actor/lib/test/auto/LevinsonDurbin2.xml
1 ms. Memory: 1362944K Free: 640975K (47%)
----------------- Invoking toplevel() on ptolemy.moml.MoMLSimpleApplication@1826d117
----------------- Done invoking toplevel() on ptolemy.moml.MoMLSimpleApplication@1826d117
reloadAllAccessors: .LevinsonDurbin2

===========================================================================================
----------------- testing Fri Feb 22 18:49:40 UTC 2019 /home/travis/build/icyphy/ptII/ptolemy/actor/lib/test/auto/LevinsonDurbin3.xml
----------------- Instantiating /home/travis/build/icyphy/ptII/ptolemy/actor/lib/test/auto/LevinsonDurbin3.xml
4 ms. Memory: 1362944K Free: 624379K (46%)
----------------- Invoking toplevel() on ptolemy.moml.MoMLSimpleApplication@10b895b5
----------------- Done invoking toplevel() on ptolemy.moml.MoMLSimpleApplication@10b895b5
reloadAllAccessors: .LevinsonDurbin3

===========================================================================================
----------------- testing Fri Feb 22 18:49:40 UTC 2019 /home/travis/build/icyphy/ptII/ptolemy/actor/lib/test/auto/Limiter.xml
----------------- Instantiating /home/travis/build/icyphy/ptII/ptolemy/actor/lib/test/auto/Limiter.xml
4 ms. Memory: 1362944K Free: 607783K (45%)
----------------- Invoking toplevel() on ptolemy.moml.MoMLSimpleApplication@3344e7b1
----------------- Done invoking toplevel() on ptolemy.moml.MoMLSimpleApplication@3344e7b1
reloadAllAccessors: .Limiter

===========================================================================================
----------------- testing Fri Feb 22 18:49:40 UTC 2019 /home/travis/build/icyphy/ptII/ptolemy/actor/lib/test/auto/LinearDifferenceEquationSystem.xml
----------------- Instantiating /home/travis/build/icyphy/ptII/ptolemy/actor/lib/test/auto/LinearDifferenceEquationSystem.xml
4 ms. Memory: 1362944K Free: 584564K (43%)
----------------- Invoking toplevel() on ptolemy.moml.MoMLSimpleApplication@6695ff60
----------------- Done invoking toplevel() on ptolemy.moml.MoMLSimpleApplication@6695ff60
reloadAllAccessors: .LinearDifferenceEquationSystem

===========================================================================================
----------------- testing Fri Feb 22 18:49:40 UTC 2019 /home/travis/build/icyphy/ptII/ptolemy/actor/lib/test/auto/LookupTable.xml
----------------- Instantiating /home/travis/build/icyphy/ptII/ptolemy/actor/lib/test/auto/LookupTable.xml
3 ms. Memory: 1362944K Free: 567968K (42%)
----------------- Invoking toplevel() on ptolemy.moml.MoMLSimpleApplication@3db56bde
----------------- Done invoking toplevel() on ptolemy.moml.MoMLSimpleApplication@3db56bde
reloadAllAccessors: .LookupTable

===========================================================================================
----------------- testing Fri Feb 22 18:49:40 UTC 2019 /home/travis/build/icyphy/ptII/ptolemy/actor/lib/test/auto/MathFunction.xml
----------------- Instantiating /home/travis/build/icyphy/ptII/ptolemy/actor/lib/test/auto/MathFunction.xml
1 ms. Memory: 1362944K Free: 551373K (40%)
----------------- Invoking toplevel() on ptolemy.moml.MoMLSimpleApplication@bddaa33
----------------- Done invoking toplevel() on ptolemy.moml.MoMLSimpleApplication@bddaa33
reloadAllAccessors: .MathFunction

===========================================================================================
----------------- testing Fri Feb 22 18:49:40 UTC 2019 /home/travis/build/icyphy/ptII/ptolemy/actor/lib/test/auto/MathFunction2.xml
----------------- Instantiating /home/travis/build/icyphy/ptII/ptolemy/actor/lib/test/auto/MathFunction2.xml
1 ms. Memory: 1362944K Free: 528154K (39%)
----------------- Invoking toplevel() on ptolemy.moml.MoMLSimpleApplication@7ea50cc6
----------------- Done invoking toplevel() on ptolemy.moml.MoMLSimpleApplication@7ea50cc6
reloadAllAccessors: .MathFunction2

===========================================================================================
----------------- testing Fri Feb 22 18:49:40 UTC 2019 /home/travis/build/icyphy/ptII/ptolemy/actor/lib/test/auto/MathFunction3.xml
----------------- Instantiating /home/travis/build/icyphy/ptII/ptolemy/actor/lib/test/auto/MathFunction3.xml
10 ms. Memory: 1362944K Free: 511558K (38%)
----------------- Invoking toplevel() on ptolemy.moml.MoMLSimpleApplication@7101b7fa
----------------- Done invoking toplevel() on ptolemy.moml.MoMLSimpleApplication@7101b7fa
reloadAllAccessors: .MathFunction3

===========================================================================================
----------------- testing Fri Feb 22 18:49:40 UTC 2019 /home/travis/build/icyphy/ptII/ptolemy/actor/lib/test/auto/MatrixCropBoolean.xml
----------------- Instantiating /home/travis/build/icyphy/ptII/ptolemy/actor/lib/test/auto/MatrixCropBoolean.xml
1 ms. Memory: 1362944K Free: 494962K (36%)
----------------- Invoking toplevel() on ptolemy.moml.MoMLSimpleApplication@36cf1455
----------------- Done invoking toplevel() on ptolemy.moml.MoMLSimpleApplication@36cf1455
reloadAllAccessors: .MatrixCropBoolean

===========================================================================================
----------------- testing Fri Feb 22 18:49:40 UTC 2019 /home/travis/build/icyphy/ptII/ptolemy/actor/lib/test/auto/MatrixCropComplex.xml
----------------- Instantiating /home/travis/build/icyphy/ptII/ptolemy/actor/lib/test/auto/MatrixCropComplex.xml
2 ms. Memory: 1362944K Free: 471743K (35%)
----------------- Invoking toplevel() on ptolemy.moml.MoMLSimpleApplication@5908482a
----------------- Done invoking toplevel() on ptolemy.moml.MoMLSimpleApplication@5908482a
reloadAllAccessors: .MatrixCropComplex

===========================================================================================
----------------- testing Fri Feb 22 18:49:40 UTC 2019 /home/travis/build/icyphy/ptII/ptolemy/actor/lib/test/auto/MatrixCropDouble.xml
----------------- Instantiating /home/travis/build/icyphy/ptII/ptolemy/actor/lib/test/auto/MatrixCropDouble.xml
2 ms. Memory: 1362944K Free: 455147K (33%)
----------------- Invoking toplevel() on ptolemy.moml.MoMLSimpleApplication@208169d5
----------------- Done invoking toplevel() on ptolemy.moml.MoMLSimpleApplication@208169d5
reloadAllAccessors: .MatrixCropDouble

===========================================================================================
----------------- testing Fri Feb 22 18:49:40 UTC 2019 /home/travis/build/icyphy/ptII/ptolemy/actor/lib/test/auto/MatrixCropFix.xml
----------------- Instantiating /home/travis/build/icyphy/ptII/ptolemy/actor/lib/test/auto/MatrixCropFix.xml
1 ms. Memory: 1362944K Free: 431928K (32%)
----------------- Invoking toplevel() on ptolemy.moml.MoMLSimpleApplication@7e797027
----------------- Done invoking toplevel() on ptolemy.moml.MoMLSimpleApplication@7e797027
reloadAllAccessors: .MatrixCropFix

===========================================================================================
----------------- testing Fri Feb 22 18:49:40 UTC 2019 /home/travis/build/icyphy/ptII/ptolemy/actor/lib/test/auto/MatrixCropInt.xml
----------------- Instantiating /home/travis/build/icyphy/ptII/ptolemy/actor/lib/test/auto/MatrixCropInt.xml
1 ms. Memory: 1362944K Free: 415333K (30%)
----------------- Invoking toplevel() on ptolemy.moml.MoMLSimpleApplication@317afcdb
----------------- Done invoking toplevel() on ptolemy.moml.MoMLSimpleApplication@317afcdb
reloadAllAccessors: .MatrixCropInt

===========================================================================================
----------------- testing Fri Feb 22 18:49:40 UTC 2019 /home/travis/build/icyphy/ptII/ptolemy/actor/lib/test/auto/MatrixCropLong.xml
----------------- Instantiating /home/travis/build/icyphy/ptII/ptolemy/actor/lib/test/auto/MatrixCropLong.xml
2 ms. Memory: 1362944K Free: 398737K (29%)
----------------- Invoking toplevel() on ptolemy.moml.MoMLSimpleApplication@6b12ec82
----------------- Done invoking toplevel() on ptolemy.moml.MoMLSimpleApplication@6b12ec82
reloadAllAccessors: .MatrixCropLong

===========================================================================================
----------------- testing Fri Feb 22 18:49:40 UTC 2019 /home/travis/build/icyphy/ptII/ptolemy/actor/lib/test/auto/MatrixToArray.xml
----------------- Instantiating /home/travis/build/icyphy/ptII/ptolemy/actor/lib/test/auto/MatrixToArray.xml
5 ms. Memory: 1362944K Free: 367204K (27%)
----------------- Invoking toplevel() on ptolemy.moml.MoMLSimpleApplication@62c531e2
----------------- Done invoking toplevel() on ptolemy.moml.MoMLSimpleApplication@62c531e2
reloadAllAccessors: .MatrixToArray

===========================================================================================
----------------- testing Fri Feb 22 18:49:40 UTC 2019 /home/travis/build/icyphy/ptII/ptolemy/actor/lib/test/auto/MaxIndex.xml
----------------- Instantiating /home/travis/build/icyphy/ptII/ptolemy/actor/lib/test/auto/MaxIndex.xml
2 ms. Memory: 1362944K Free: 350608K (26%)
----------------- Invoking toplevel() on ptolemy.moml.MoMLSimpleApplication@77b52b69
----------------- Done invoking toplevel() on ptolemy.moml.MoMLSimpleApplication@77b52b69
reloadAllAccessors: .MaxIndex

===========================================================================================
----------------- testing Fri Feb 22 18:49:40 UTC 2019 /home/travis/build/icyphy/ptII/ptolemy/actor/lib/test/auto/Maximum.xml
----------------- Instantiating /home/travis/build/icyphy/ptII/ptolemy/actor/lib/test/auto/Maximum.xml
2 ms. Memory: 1362944K Free: 334013K (25%)
----------------- Invoking toplevel() on ptolemy.moml.MoMLSimpleApplication@5d95b61c
----------------- Done invoking toplevel() on ptolemy.moml.MoMLSimpleApplication@5d95b61c
reloadAllAccessors: .Maximum

===========================================================================================
----------------- testing Fri Feb 22 18:49:40 UTC 2019 /home/travis/build/icyphy/ptII/ptolemy/actor/lib/test/auto/MaximumComplex.xml
----------------- Instantiating /home/travis/build/icyphy/ptII/ptolemy/actor/lib/test/auto/MaximumComplex.xml
4 ms. Memory: 1362944K Free: 310793K (23%)
----------------- Invoking toplevel() on ptolemy.moml.MoMLSimpleApplication@7b91c1a7
----------------- Done invoking toplevel() on ptolemy.moml.MoMLSimpleApplication@7b91c1a7
reloadAllAccessors: .MaximumComplex

===========================================================================================
----------------- testing Fri Feb 22 18:49:40 UTC 2019 /home/travis/build/icyphy/ptII/ptolemy/actor/lib/test/auto/MethodCallTest.xml
----------------- Instantiating /home/travis/build/icyphy/ptII/ptolemy/actor/lib/test/auto/MethodCallTest.xml
2 ms. Memory: 1362944K Free: 294198K (22%)
----------------- Invoking toplevel() on ptolemy.moml.MoMLSimpleApplication@4100adc3
----------------- Done invoking toplevel() on ptolemy.moml.MoMLSimpleApplication@4100adc3
reloadAllAccessors: .MethodCallTest

===========================================================================================
----------------- testing Fri Feb 22 18:49:40 UTC 2019 /home/travis/build/icyphy/ptII/ptolemy/actor/lib/test/auto/Minimum.xml
----------------- Instantiating /home/travis/build/icyphy/ptII/ptolemy/actor/lib/test/auto/Minimum.xml
2 ms. Memory: 1362944K Free: 277602K (20%)
----------------- Invoking toplevel() on ptolemy.moml.MoMLSimpleApplication@26de5edc
----------------- Done invoking toplevel() on ptolemy.moml.MoMLSimpleApplication@26de5edc
reloadAllAccessors: .Minimum

===========================================================================================
----------------- testing Fri Feb 22 18:49:40 UTC 2019 /home/travis/build/icyphy/ptII/ptolemy/actor/lib/test/auto/MinimumComplex.xml
----------------- Instantiating /home/travis/build/icyphy/ptII/ptolemy/actor/lib/test/auto/MinimumComplex.xml
2 ms. Memory: 1362944K Free: 254383K (19%)
----------------- Invoking toplevel() on ptolemy.moml.MoMLSimpleApplication@22c57e8b
----------------- Done invoking toplevel() on ptolemy.moml.MoMLSimpleApplication@22c57e8b
reloadAllAccessors: .MinimumComplex

===========================================================================================
----------------- testing Fri Feb 22 18:49:40 UTC 2019 /home/travis/build/icyphy/ptII/ptolemy/actor/lib/test/auto/MinimumMultiports.xml
----------------- Instantiating /home/travis/build/icyphy/ptII/ptolemy/actor/lib/test/auto/MinimumMultiports.xml
3 ms. Memory: 1362944K Free: 237787K (17%)
----------------- Invoking toplevel() on ptolemy.moml.MoMLSimpleApplication@1e55b265
----------------- Done invoking toplevel() on ptolemy.moml.MoMLSimpleApplication@1e55b265
reloadAllAccessors: .MinimumMultiports

===========================================================================================
----------------- testing Fri Feb 22 18:49:40 UTC 2019 /home/travis/build/icyphy/ptII/ptolemy/actor/lib/test/auto/ModifyDate.xml
----------------- Instantiating /home/travis/build/icyphy/ptII/ptolemy/actor/lib/test/auto/ModifyDate.xml
4 ms. Memory: 1362944K Free: 212878K (16%)
----------------- Invoking toplevel() on ptolemy.moml.MoMLSimpleApplication@48a61c7f
----------------- Done invoking toplevel() on ptolemy.moml.MoMLSimpleApplication@48a61c7f
reloadAllAccessors: .ModifyDate

===========================================================================================
----------------- testing Fri Feb 22 18:49:40 UTC 2019 /home/travis/build/icyphy/ptII/ptolemy/actor/lib/test/auto/ModifyDate2.xml
----------------- Instantiating /home/travis/build/icyphy/ptII/ptolemy/actor/lib/test/auto/ModifyDate2.xml
2 ms. Memory: 1362944K Free: 189659K (14%)
----------------- Invoking toplevel() on ptolemy.moml.MoMLSimpleApplication@9646fe1
----------------- Done invoking toplevel() on ptolemy.moml.MoMLSimpleApplication@9646fe1
reloadAllAccessors: .ModifyDate2

===========================================================================================
----------------- testing Fri Feb 22 18:49:40 UTC 2019 /home/travis/build/icyphy/ptII/ptolemy/actor/lib/test/auto/MovingAverage.xml
----------------- Instantiating /home/travis/build/icyphy/ptII/ptolemy/actor/lib/test/auto/MovingAverage.xml
2 ms. Memory: 1362944K Free: 173063K (13%)
----------------- Invoking toplevel() on ptolemy.moml.MoMLSimpleApplication@62b00fa2
----------------- Done invoking toplevel() on ptolemy.moml.MoMLSimpleApplication@62b00fa2
reloadAllAccessors: .MovingAverage

===========================================================================================
----------------- testing Fri Feb 22 18:49:40 UTC 2019 /home/travis/build/icyphy/ptII/ptolemy/actor/lib/test/auto/MovingMaximum.xml
----------------- Instantiating /home/travis/build/icyphy/ptII/ptolemy/actor/lib/test/auto/MovingMaximum.xml
2 ms. Memory: 1362944K Free: 156467K (11%)
----------------- Invoking toplevel() on ptolemy.moml.MoMLSimpleApplication@6e07fe99
----------------- Done invoking toplevel() on ptolemy.moml.MoMLSimpleApplication@6e07fe99
reloadAllAccessors: .MovingMaximum

===========================================================================================
----------------- testing Fri Feb 22 18:49:40 UTC 2019 /home/travis/build/icyphy/ptII/ptolemy/actor/lib/test/auto/MultipleLinksToSameRelation.xml
----------------- Instantiating /home/travis/build/icyphy/ptII/ptolemy/actor/lib/test/auto/MultipleLinksToSameRelation.xml
2 ms. Memory: 1362944K Free: 133248K (10%)
----------------- Invoking toplevel() on ptolemy.moml.MoMLSimpleApplication@6fa42834
----------------- Done invoking toplevel() on ptolemy.moml.MoMLSimpleApplication@6fa42834
reloadAllAccessors: .MultipleLinksToSameRelation

===========================================================================================
----------------- testing Fri Feb 22 18:49:40 UTC 2019 /home/travis/build/icyphy/ptII/ptolemy/actor/lib/test/auto/MultipleLinksToSameRelationDE.xml
----------------- Instantiating /home/travis/build/icyphy/ptII/ptolemy/actor/lib/test/auto/MultipleLinksToSameRelationDE.xml
1 ms. Memory: 1362944K Free: 116653K (9%)
----------------- Invoking toplevel() on ptolemy.moml.MoMLSimpleApplication@64bca2e1
----------------- Done invoking toplevel() on ptolemy.moml.MoMLSimpleApplication@64bca2e1
reloadAllAccessors: .MultipleLinksToSameRelationDE

===========================================================================================
----------------- testing Fri Feb 22 18:49:40 UTC 2019 /home/travis/build/icyphy/ptII/ptolemy/actor/lib/test/auto/Multiplexor.xml
----------------- Instantiating /home/travis/build/icyphy/ptII/ptolemy/actor/lib/test/auto/Multiplexor.xml
2 ms. Memory: 1362944K Free: 93433K (7%)
----------------- Invoking toplevel() on ptolemy.moml.MoMLSimpleApplication@1428a39b
----------------- Done invoking toplevel() on ptolemy.moml.MoMLSimpleApplication@1428a39b
reloadAllAccessors: .Multiplexor

===========================================================================================
----------------- testing Fri Feb 22 18:49:40 UTC 2019 /home/travis/build/icyphy/ptII/ptolemy/actor/lib/test/auto/Multiplexor1.xml
----------------- Instantiating /home/travis/build/icyphy/ptII/ptolemy/actor/lib/test/auto/Multiplexor1.xml
2 ms. Memory: 1362944K Free: 79961K (6%)
----------------- Invoking toplevel() on ptolemy.moml.MoMLSimpleApplication@67189409
----------------- Done invoking toplevel() on ptolemy.moml.MoMLSimpleApplication@67189409
reloadAllAccessors: .Multiplexor1

===========================================================================================
----------------- testing Fri Feb 22 18:49:40 UTC 2019 /home/travis/build/icyphy/ptII/ptolemy/actor/lib/test/auto/Multiplexor2.xml
----------------- Instantiating /home/travis/build/icyphy/ptII/ptolemy/actor/lib/test/auto/Multiplexor2.xml
5 ms. Memory: 1527808K Free: 1474717K (97%)
----------------- Invoking toplevel() on ptolemy.moml.MoMLSimpleApplication@4c420607
----------------- Done invoking toplevel() on ptolemy.moml.MoMLSimpleApplication@4c420607
reloadAllAccessors: .Multiplexor2

===========================================================================================
----------------- testing Fri Feb 22 18:49:40 UTC 2019 /home/travis/build/icyphy/ptII/ptolemy/actor/lib/test/auto/Multiplexor3.xml
----------------- Instantiating /home/travis/build/icyphy/ptII/ptolemy/actor/lib/test/auto/Multiplexor3.xml
1 ms. Memory: 1527808K Free: 1449559K (95%)
----------------- Invoking toplevel() on ptolemy.moml.MoMLSimpleApplication@26c95e5c
----------------- Done invoking toplevel() on ptolemy.moml.MoMLSimpleApplication@26c95e5c
reloadAllAccessors: .Multiplexor3

===========================================================================================
----------------- testing Fri Feb 22 18:49:40 UTC 2019 /home/travis/build/icyphy/ptII/ptolemy/actor/lib/test/auto/MultiplexorDE.xml
----------------- Instantiating /home/travis/build/icyphy/ptII/ptolemy/actor/lib/test/auto/MultiplexorDE.xml
2 ms. Memory: 1527808K Free: 1430526K (94%)
----------------- Invoking toplevel() on ptolemy.moml.MoMLSimpleApplication@68f4922
----------------- Done invoking toplevel() on ptolemy.moml.MoMLSimpleApplication@68f4922
reloadAllAccessors: .MultiplexorDE

===========================================================================================
----------------- testing Fri Feb 22 18:49:40 UTC 2019 /home/travis/build/icyphy/ptII/ptolemy/actor/lib/test/auto/MultiportBroadcastTest.xml
----------------- Instantiating /home/travis/build/icyphy/ptII/ptolemy/actor/lib/test/auto/MultiportBroadcastTest.xml
75 ms. Memory: 1527808K Free: 1405367K (92%)
----------------- Invoking toplevel() on ptolemy.moml.MoMLSimpleApplication@49f95892
----------------- Done invoking toplevel() on ptolemy.moml.MoMLSimpleApplication@49f95892
reloadAllAccessors: .MultiportBroadcastTest

===========================================================================================
----------------- testing Fri Feb 22 18:49:40 UTC 2019 /home/travis/build/icyphy/ptII/ptolemy/actor/lib/test/auto/MultiportOutHangDuringGetWidth.xml
----------------- Instantiating /home/travis/build/icyphy/ptII/ptolemy/actor/lib/test/auto/MultiportOutHangDuringGetWidth.xml
4 ms. Memory: 1527808K Free: 1376802K (90%)
----------------- Invoking toplevel() on ptolemy.moml.MoMLSimpleApplication@18291325
----------------- Done invoking toplevel() on ptolemy.moml.MoMLSimpleApplication@18291325
reloadAllAccessors: .MultiportOutHangDuringGetWidth

===========================================================================================
----------------- testing Fri Feb 22 18:49:40 UTC 2019 /home/travis/build/icyphy/ptII/ptolemy/actor/lib/test/auto/NilToken.xml
----------------- Instantiating /home/travis/build/icyphy/ptII/ptolemy/actor/lib/test/auto/NilToken.xml
2 ms. Memory: 1527808K Free: 1357769K (89%)
----------------- Invoking toplevel() on ptolemy.moml.MoMLSimpleApplication@35872e92
----------------- Done invoking toplevel() on ptolemy.moml.MoMLSimpleApplication@35872e92
reloadAllAccessors: .NilToken

===========================================================================================
----------------- testing Fri Feb 22 18:49:40 UTC 2019 /home/travis/build/icyphy/ptII/ptolemy/actor/lib/test/auto/NilTokenNonStrictTest.xml
----------------- Instantiating /home/travis/build/icyphy/ptII/ptolemy/actor/lib/test/auto/NilTokenNonStrictTest.xml
3 ms. Memory: 1527808K Free: 1332611K (87%)
----------------- Invoking toplevel() on ptolemy.moml.MoMLSimpleApplication@4c5ba243
----------------- Done invoking toplevel() on ptolemy.moml.MoMLSimpleApplication@4c5ba243
reloadAllAccessors: .NilTokenNonStrictTest

===========================================================================================
----------------- testing Fri Feb 22 18:49:40 UTC 2019 /home/travis/build/icyphy/ptII/ptolemy/actor/lib/test/auto/NilTokenRecord.xml
----------------- Instantiating /home/travis/build/icyphy/ptII/ptolemy/actor/lib/test/auto/NilTokenRecord.xml
10 ms. Memory: 1527808K Free: 1313578K (86%)
----------------- Invoking toplevel() on ptolemy.moml.MoMLSimpleApplication@328cf3cb
----------------- Done invoking toplevel() on ptolemy.moml.MoMLSimpleApplication@328cf3cb
reloadAllAccessors: .NilTokenRecord

===========================================================================================
----------------- testing Fri Feb 22 18:49:40 UTC 2019 /home/travis/build/icyphy/ptII/ptolemy/actor/lib/test/auto/NilTokenTypeTest.xml
----------------- Instantiating /home/travis/build/icyphy/ptII/ptolemy/actor/lib/test/auto/NilTokenTypeTest.xml
7 ms. Memory: 1527808K Free: 1288420K (84%)
----------------- Invoking toplevel() on ptolemy.moml.MoMLSimpleApplication@5e17320
----------------- Done invoking toplevel() on ptolemy.moml.MoMLSimpleApplication@5e17320
reloadAllAccessors: .NilTokenTypeTest

===========================================================================================
----------------- testing Fri Feb 22 18:49:41 UTC 2019 /home/travis/build/icyphy/ptII/ptolemy/actor/lib/test/auto/ObjectToken1.xml
----------------- Instantiating /home/travis/build/icyphy/ptII/ptolemy/actor/lib/test/auto/ObjectToken1.xml
1 ms. Memory: 1527808K Free: 1269387K (83%)
----------------- Invoking toplevel() on ptolemy.moml.MoMLSimpleApplication@16b414f1
----------------- Done invoking toplevel() on ptolemy.moml.MoMLSimpleApplication@16b414f1
reloadAllAccessors: .ObjectToken1

===========================================================================================
----------------- testing Fri Feb 22 18:49:41 UTC 2019 /home/travis/build/icyphy/ptII/ptolemy/actor/lib/test/auto/OrderedMerge.xml
----------------- Instantiating /home/travis/build/icyphy/ptII/ptolemy/actor/lib/test/auto/OrderedMerge.xml
8 ms. Memory: 1527808K Free: 1212288K (79%)
----------------- Invoking toplevel() on ptolemy.moml.MoMLSimpleApplication@26fc7dc5
----------------- Done invoking toplevel() on ptolemy.moml.MoMLSimpleApplication@26fc7dc5
reloadAllAccessors: .OrderedMerge

===========================================================================================
----------------- testing Fri Feb 22 18:49:41 UTC 2019 /home/travis/build/icyphy/ptII/ptolemy/actor/lib/test/auto/OrderedRecordDisassembler.xml
----------------- Instantiating /home/travis/build/icyphy/ptII/ptolemy/actor/lib/test/auto/OrderedRecordDisassembler.xml
2 ms. Memory: 1527808K Free: 1187129K (78%)
----------------- Invoking toplevel() on ptolemy.moml.MoMLSimpleApplication@180099dc
----------------- Done invoking toplevel() on ptolemy.moml.MoMLSimpleApplication@180099dc
reloadAllAccessors: .OrderedRecordDisassembler

===========================================================================================
----------------- testing Fri Feb 22 18:49:41 UTC 2019 /home/travis/build/icyphy/ptII/ptolemy/actor/lib/test/auto/OrderedRecordDisassembler2.xml
----------------- Instantiating /home/travis/build/icyphy/ptII/ptolemy/actor/lib/test/auto/OrderedRecordDisassembler2.xml
4 ms. Memory: 1527808K Free: 1168097K (76%)
----------------- Invoking toplevel() on ptolemy.moml.MoMLSimpleApplication@15aae9ec
----------------- Done invoking toplevel() on ptolemy.moml.MoMLSimpleApplication@15aae9ec
reloadAllAccessors: .OrderedRecordDisassembler2

===========================================================================================
----------------- testing Fri Feb 22 18:49:41 UTC 2019 /home/travis/build/icyphy/ptII/ptolemy/actor/lib/test/auto/OrderedRecordUpdater.xml
----------------- Instantiating /home/travis/build/icyphy/ptII/ptolemy/actor/lib/test/auto/OrderedRecordUpdater.xml
1 ms. Memory: 1527808K Free: 1142938K (75%)
----------------- Invoking toplevel() on ptolemy.moml.MoMLSimpleApplication@49bdd90d
----------------- Done invoking toplevel() on ptolemy.moml.MoMLSimpleApplication@49bdd90d
reloadAllAccessors: .RecordUpdater

===========================================================================================
----------------- testing Fri Feb 22 18:49:41 UTC 2019 /home/travis/build/icyphy/ptII/ptolemy/actor/lib/test/auto/OrderedRecordUpdater2.xml
----------------- Instantiating /home/travis/build/icyphy/ptII/ptolemy/actor/lib/test/auto/OrderedRecordUpdater2.xml
3 ms. Memory: 1527808K Free: 1123905K (74%)
----------------- Invoking toplevel() on ptolemy.moml.MoMLSimpleApplication@4e27831f
----------------- Done invoking toplevel() on ptolemy.moml.MoMLSimpleApplication@4e27831f
reloadAllAccessors: .RecordUpdater2

===========================================================================================
----------------- testing Fri Feb 22 18:49:41 UTC 2019 /home/travis/build/icyphy/ptII/ptolemy/actor/lib/test/auto/PhaseUnwrap.xml
----------------- Instantiating /home/travis/build/icyphy/ptII/ptolemy/actor/lib/test/auto/PhaseUnwrap.xml
1 ms. Memory: 1527808K Free: 1104873K (72%)
----------------- Invoking toplevel() on ptolemy.moml.MoMLSimpleApplication@7f6aa71f
----------------- Done invoking toplevel() on ptolemy.moml.MoMLSimpleApplication@7f6aa71f
reloadAllAccessors: .PhaseUnwrap

===========================================================================================
----------------- testing Fri Feb 22 18:49:41 UTC 2019 /home/travis/build/icyphy/ptII/ptolemy/actor/lib/test/auto/PoissonClock.xml
----------------- Instantiating /home/travis/build/icyphy/ptII/ptolemy/actor/lib/test/auto/PoissonClock.xml
2 ms. Memory: 1527808K Free: 1079714K (71%)
----------------- Invoking toplevel() on ptolemy.moml.MoMLSimpleApplication@368184d4
----------------- Done invoking toplevel() on ptolemy.moml.MoMLSimpleApplication@368184d4
reloadAllAccessors: .PoissonClock

===========================================================================================
----------------- testing Fri Feb 22 18:49:41 UTC 2019 /home/travis/build/icyphy/ptII/ptolemy/actor/lib/test/auto/PoissonClock2.xml
----------------- Instantiating /home/travis/build/icyphy/ptII/ptolemy/actor/lib/test/auto/PoissonClock2.xml
1 ms. Memory: 1527808K Free: 1060681K (69%)
----------------- Invoking toplevel() on ptolemy.moml.MoMLSimpleApplication@a7ef04a
----------------- Done invoking toplevel() on ptolemy.moml.MoMLSimpleApplication@a7ef04a
reloadAllAccessors: .PoissonClock2

===========================================================================================
----------------- testing Fri Feb 22 18:49:41 UTC 2019 /home/travis/build/icyphy/ptII/ptolemy/actor/lib/test/auto/PoissonClock3.xml
----------------- Instantiating /home/travis/build/icyphy/ptII/ptolemy/actor/lib/test/auto/PoissonClock3.xml
1 ms. Memory: 1527808K Free: 1041648K (68%)
----------------- Invoking toplevel() on ptolemy.moml.MoMLSimpleApplication@23c640bf
----------------- Done invoking toplevel() on ptolemy.moml.MoMLSimpleApplication@23c640bf
reloadAllAccessors: .PoissonClock3

===========================================================================================
----------------- testing Fri Feb 22 18:49:41 UTC 2019 /home/travis/build/icyphy/ptII/ptolemy/actor/lib/test/auto/PubSubWithInitialTokens.xml
----------------- Instantiating /home/travis/build/icyphy/ptII/ptolemy/actor/lib/test/auto/PubSubWithInitialTokens.xml
2 ms. Memory: 1527808K Free: 1016490K (67%)
----------------- Invoking toplevel() on ptolemy.moml.MoMLSimpleApplication@1bc2ae3e
----------------- Done invoking toplevel() on ptolemy.moml.MoMLSimpleApplication@1bc2ae3e
reloadAllAccessors: .PubSubWithInitialTokens

===========================================================================================
----------------- testing Fri Feb 22 18:49:41 UTC 2019 /home/travis/build/icyphy/ptII/ptolemy/actor/lib/test/auto/PubSubWithInitialTokens2.xml
----------------- Instantiating /home/travis/build/icyphy/ptII/ptolemy/actor/lib/test/auto/PubSubWithInitialTokens2.xml
2 ms. Memory: 1527808K Free: 997457K (65%)
----------------- Invoking toplevel() on ptolemy.moml.MoMLSimpleApplication@eb48261
----------------- Done invoking toplevel() on ptolemy.moml.MoMLSimpleApplication@eb48261
reloadAllAccessors: .PubSubWithInitialTokens2

===========================================================================================
----------------- testing Fri Feb 22 18:49:41 UTC 2019 /home/travis/build/icyphy/ptII/ptolemy/actor/lib/test/auto/PublisherClassNoParameter.xml
----------------- Instantiating /home/travis/build/icyphy/ptII/ptolemy/actor/lib/test/auto/PublisherClassNoParameter.xml
2 ms. Memory: 1527808K Free: 972298K (64%)
----------------- Invoking toplevel() on ptolemy.moml.MoMLSimpleApplication@5ce871ad
----------------- Done invoking toplevel() on ptolemy.moml.MoMLSimpleApplication@5ce871ad
reloadAllAccessors: .PublisherClassNoParameter

===========================================================================================
----------------- testing Fri Feb 22 18:49:41 UTC 2019 /home/travis/build/icyphy/ptII/ptolemy/actor/lib/test/auto/PublisherClassParameter.xml
----------------- Instantiating /home/travis/build/icyphy/ptII/ptolemy/actor/lib/test/auto/PublisherClassParameter.xml
2 ms. Memory: 1527808K Free: 953265K (62%)
----------------- Invoking toplevel() on ptolemy.moml.MoMLSimpleApplication@78785ec8
----------------- Done invoking toplevel() on ptolemy.moml.MoMLSimpleApplication@78785ec8
reloadAllAccessors: .PublisherClassParameter

===========================================================================================
----------------- testing Fri Feb 22 18:49:41 UTC 2019 /home/travis/build/icyphy/ptII/ptolemy/actor/lib/test/auto/PublisherNonStrictTest.xml
----------------- Instantiating /home/travis/build/icyphy/ptII/ptolemy/actor/lib/test/auto/PublisherNonStrictTest.xml
2 ms. Memory: 1527808K Free: 934233K (61%)
----------------- Invoking toplevel() on ptolemy.moml.MoMLSimpleApplication@40a5d1a8
----------------- Done invoking toplevel() on ptolemy.moml.MoMLSimpleApplication@40a5d1a8
reloadAllAccessors: .PublisherNonStrictTest

===========================================================================================
----------------- testing Fri Feb 22 18:49:41 UTC 2019 /home/travis/build/icyphy/ptII/ptolemy/actor/lib/test/auto/PublisherPort1.xml
----------------- Instantiating /home/travis/build/icyphy/ptII/ptolemy/actor/lib/test/auto/PublisherPort1.xml
4 ms. Memory: 1527808K Free: 909074K (60%)
----------------- Invoking toplevel() on ptolemy.moml.MoMLSimpleApplication@76a57672
----------------- Done invoking toplevel() on ptolemy.moml.MoMLSimpleApplication@76a57672
reloadAllAccessors: .PublisherPort1

===========================================================================================
----------------- testing Fri Feb 22 18:49:41 UTC 2019 /home/travis/build/icyphy/ptII/ptolemy/actor/lib/test/auto/PublisherPort2.xml
----------------- Instantiating /home/travis/build/icyphy/ptII/ptolemy/actor/lib/test/auto/PublisherPort2.xml
1 ms. Memory: 1527808K Free: 890041K (58%)
----------------- Invoking toplevel() on ptolemy.moml.MoMLSimpleApplication@36ccd92
----------------- Done invoking toplevel() on ptolemy.moml.MoMLSimpleApplication@36ccd92
reloadAllAccessors: .PublisherPort2

===========================================================================================
----------------- testing Fri Feb 22 18:49:41 UTC 2019 /home/travis/build/icyphy/ptII/ptolemy/actor/lib/test/auto/PublisherPort3.xml
----------------- Instantiating /home/travis/build/icyphy/ptII/ptolemy/actor/lib/test/auto/PublisherPort3.xml
9 ms. Memory: 1527808K Free: 864882K (57%)
----------------- Invoking toplevel() on ptolemy.moml.MoMLSimpleApplication@22d95b89
----------------- Done invoking toplevel() on ptolemy.moml.MoMLSimpleApplication@22d95b89
reloadAllAccessors: .PublisherPort3

===========================================================================================
----------------- testing Fri Feb 22 18:49:41 UTC 2019 /home/travis/build/icyphy/ptII/ptolemy/actor/lib/test/auto/PublisherPort4.xml
----------------- Instantiating /home/travis/build/icyphy/ptII/ptolemy/actor/lib/test/auto/PublisherPort4.xml
2 ms. Memory: 1527808K Free: 845849K (55%)
----------------- Invoking toplevel() on ptolemy.moml.MoMLSimpleApplication@4f471cbd
----------------- Done invoking toplevel() on ptolemy.moml.MoMLSimpleApplication@4f471cbd
reloadAllAccessors: .PublisherPort4

===========================================================================================
----------------- testing Fri Feb 22 18:49:41 UTC 2019 /home/travis/build/icyphy/ptII/ptolemy/actor/lib/test/auto/PublisherPort5.xml
----------------- Instantiating /home/travis/build/icyphy/ptII/ptolemy/actor/lib/test/auto/PublisherPort5.xml
3 ms. Memory: 1527808K Free: 826817K (54%)
----------------- Invoking toplevel() on ptolemy.moml.MoMLSimpleApplication@50eeab91
----------------- Done invoking toplevel() on ptolemy.moml.MoMLSimpleApplication@50eeab91
reloadAllAccessors: .PublisherPort5

===========================================================================================
----------------- testing Fri Feb 22 18:49:41 UTC 2019 /home/travis/build/icyphy/ptII/ptolemy/actor/lib/test/auto/PublisherPort5LookAlike.xml
----------------- Instantiating /home/travis/build/icyphy/ptII/ptolemy/actor/lib/test/auto/PublisherPort5LookAlike.xml
5 ms. Memory: 1527808K Free: 801658K (52%)
----------------- Invoking toplevel() on ptolemy.moml.MoMLSimpleApplication@20718aa8
----------------- Done invoking toplevel() on ptolemy.moml.MoMLSimpleApplication@20718aa8
reloadAllAccessors: .PublisherPort5LookAlike

===========================================================================================
----------------- testing Fri Feb 22 18:49:41 UTC 2019 /home/travis/build/icyphy/ptII/ptolemy/actor/lib/test/auto/PublisherPort6.xml
----------------- Instantiating /home/travis/build/icyphy/ptII/ptolemy/actor/lib/test/auto/PublisherPort6.xml
2 ms. Memory: 1527808K Free: 782625K (51%)
----------------- Invoking toplevel() on ptolemy.moml.MoMLSimpleApplication@5abe43ca
----------------- Done invoking toplevel() on ptolemy.moml.MoMLSimpleApplication@5abe43ca
reloadAllAccessors: .PublisherPort6

===========================================================================================
----------------- testing Fri Feb 22 18:49:41 UTC 2019 /home/travis/build/icyphy/ptII/ptolemy/actor/lib/test/auto/PublisherPort7.xml
----------------- Instantiating /home/travis/build/icyphy/ptII/ptolemy/actor/lib/test/auto/PublisherPort7.xml
3 ms. Memory: 1527808K Free: 757467K (50%)
----------------- Invoking toplevel() on ptolemy.moml.MoMLSimpleApplication@1ecdf93d
----------------- Done invoking toplevel() on ptolemy.moml.MoMLSimpleApplication@1ecdf93d
reloadAllAccessors: .PublisherPort7

===========================================================================================
----------------- testing Fri Feb 22 18:49:41 UTC 2019 /home/travis/build/icyphy/ptII/ptolemy/actor/lib/test/auto/PublisherPort8.xml
----------------- Instantiating /home/travis/build/icyphy/ptII/ptolemy/actor/lib/test/auto/PublisherPort8.xml
4 ms. Memory: 1527808K Free: 738434K (48%)
----------------- Invoking toplevel() on ptolemy.moml.MoMLSimpleApplication@15a5da18
----------------- Done invoking toplevel() on ptolemy.moml.MoMLSimpleApplication@15a5da18
reloadAllAccessors: .PublisherPort8

===========================================================================================
----------------- testing Fri Feb 22 18:49:41 UTC 2019 /home/travis/build/icyphy/ptII/ptolemy/actor/lib/test/auto/PublisherPortSubscriberChannelVariablesAOC2.xml
----------------- Instantiating /home/travis/build/icyphy/ptII/ptolemy/actor/lib/test/auto/PublisherPortSubscriberChannelVariablesAOC2.xml
5 ms. Memory: 1527808K Free: 709877K (46%)
----------------- Invoking toplevel() on ptolemy.moml.MoMLSimpleApplication@58b09ba9
----------------- Done invoking toplevel() on ptolemy.moml.MoMLSimpleApplication@58b09ba9
reloadAllAccessors: .PublisherPortSubscriberChannelVariablesAOC2

===========================================================================================
----------------- testing Fri Feb 22 18:49:41 UTC 2019 /home/travis/build/icyphy/ptII/ptolemy/actor/lib/test/auto/PublisherPortSubscriberOpaqueWidthInference.xml
----------------- Instantiating /home/travis/build/icyphy/ptII/ptolemy/actor/lib/test/auto/PublisherPortSubscriberOpaqueWidthInference.xml
4 ms. Memory: 1527808K Free: 684718K (45%)
----------------- Invoking toplevel() on ptolemy.moml.MoMLSimpleApplication@45a37c50
----------------- Done invoking toplevel() on ptolemy.moml.MoMLSimpleApplication@45a37c50
reloadAllAccessors: .PublisherPortSubscriberOpaqueWidthInference

===========================================================================================
----------------- testing Fri Feb 22 18:49:41 UTC 2019 /home/travis/build/icyphy/ptII/ptolemy/actor/lib/test/auto/PublisherPortSubscriberPortAdjacent.xml
----------------- Instantiating /home/travis/build/icyphy/ptII/ptolemy/actor/lib/test/auto/PublisherPortSubscriberPortAdjacent.xml
1 ms. Memory: 1527808K Free: 665685K (44%)
----------------- Invoking toplevel() on ptolemy.moml.MoMLSimpleApplication@7c7fea9d
----------------- Done invoking toplevel() on ptolemy.moml.MoMLSimpleApplication@7c7fea9d
reloadAllAccessors: .PublisherPortSubscriberPortAdjacent

===========================================================================================
----------------- testing Fri Feb 22 18:49:41 UTC 2019 /home/travis/build/icyphy/ptII/ptolemy/actor/lib/test/auto/PublisherPortSubscriberPortExpression.xml
----------------- Instantiating /home/travis/build/icyphy/ptII/ptolemy/actor/lib/test/auto/PublisherPortSubscriberPortExpression.xml
4 ms. Memory: 1527808K Free: 640527K (42%)
----------------- Invoking toplevel() on ptolemy.moml.MoMLSimpleApplication@85549e
----------------- Done invoking toplevel() on ptolemy.moml.MoMLSimpleApplication@85549e
reloadAllAccessors: .PublisherPortSubscriberPortExpression

===========================================================================================
----------------- testing Fri Feb 22 18:49:41 UTC 2019 /home/travis/build/icyphy/ptII/ptolemy/actor/lib/test/auto/PublisherPortSubscriberPortOpaqueD3Reverse.xml
----------------- Instantiating /home/travis/build/icyphy/ptII/ptolemy/actor/lib/test/auto/PublisherPortSubscriberPortOpaqueD3Reverse.xml
6 ms. Memory: 1527808K Free: 621494K (41%)
----------------- Invoking toplevel() on ptolemy.moml.MoMLSimpleApplication@24209e2b
----------------- Done invoking toplevel() on ptolemy.moml.MoMLSimpleApplication@24209e2b
reloadAllAccessors: .PublisherPortSubscriberPortOpaqueD3Reverse

===========================================================================================
----------------- testing Fri Feb 22 18:49:41 UTC 2019 /home/travis/build/icyphy/ptII/ptolemy/actor/lib/test/auto/PublisherPortSubscriberPortOpaqueWidthInference.xml
----------------- Instantiating /home/travis/build/icyphy/ptII/ptolemy/actor/lib/test/auto/PublisherPortSubscriberPortOpaqueWidthInference.xml
3 ms. Memory: 1527808K Free: 602461K (39%)
----------------- Invoking toplevel() on ptolemy.moml.MoMLSimpleApplication@674b366d
----------------- Done invoking toplevel() on ptolemy.moml.MoMLSimpleApplication@674b366d
reloadAllAccessors: .PublisherPortSubscriberPortOpaqueWidthInference

===========================================================================================
----------------- testing Fri Feb 22 18:49:41 UTC 2019 /home/travis/build/icyphy/ptII/ptolemy/actor/lib/test/auto/PublisherPortToplevelSubscriberPortAOC.xml
----------------- Instantiating /home/travis/build/icyphy/ptII/ptolemy/actor/lib/test/auto/PublisherPortToplevelSubscriberPortAOC.xml
.PublisherPortToplevelSubscriberPortAOC.TestExceptionAttribute: initialize() was not invoked, but wrapup() was.  This is unusual, but not always a problem.  For example, exporting JNLP will do this.
1 ms. Memory: 1527808K Free: 577302K (38%)
----------------- Invoking toplevel() on ptolemy.moml.MoMLSimpleApplication@280bec03
----------------- Done invoking toplevel() on ptolemy.moml.MoMLSimpleApplication@280bec03
reloadAllAccessors: .PublisherPortToplevelSubscriberPortAOC

===========================================================================================
----------------- testing Fri Feb 22 18:49:41 UTC 2019 /home/travis/build/icyphy/ptII/ptolemy/actor/lib/test/auto/PublisherSubscriber.xml
----------------- Instantiating /home/travis/build/icyphy/ptII/ptolemy/actor/lib/test/auto/PublisherSubscriber.xml
4 ms. Memory: 1527808K Free: 558269K (37%)
----------------- Invoking toplevel() on ptolemy.moml.MoMLSimpleApplication@5e6f45ad
----------------- Done invoking toplevel() on ptolemy.moml.MoMLSimpleApplication@5e6f45ad
reloadAllAccessors: .PublisherSubscriber

===========================================================================================
----------------- testing Fri Feb 22 18:49:41 UTC 2019 /home/travis/build/icyphy/ptII/ptolemy/actor/lib/test/auto/PublisherSubscriber10.xml
----------------- Instantiating /home/travis/build/icyphy/ptII/ptolemy/actor/lib/test/auto/PublisherSubscriber10.xml
5 ms. Memory: 1527808K Free: 539237K (35%)
----------------- Invoking toplevel() on ptolemy.moml.MoMLSimpleApplication@334a8e54
----------------- Done invoking toplevel() on ptolemy.moml.MoMLSimpleApplication@334a8e54
reloadAllAccessors: .PublisherSubscriber10

===========================================================================================
----------------- testing Fri Feb 22 18:49:41 UTC 2019 /home/travis/build/icyphy/ptII/ptolemy/actor/lib/test/auto/PublisherSubscriber10InitialOutputs.xml
----------------- Instantiating /home/travis/build/icyphy/ptII/ptolemy/actor/lib/test/auto/PublisherSubscriber10InitialOutputs.xml
4 ms. Memory: 1527808K Free: 514078K (34%)
----------------- Invoking toplevel() on ptolemy.moml.MoMLSimpleApplication@78bc4550
----------------- Done invoking toplevel() on ptolemy.moml.MoMLSimpleApplication@78bc4550
reloadAllAccessors: .PublisherSubscriber10InitialOutputs

===========================================================================================
----------------- testing Fri Feb 22 18:49:41 UTC 2019 /home/travis/build/icyphy/ptII/ptolemy/actor/lib/test/auto/PublisherSubscriber11.xml
----------------- Instantiating /home/travis/build/icyphy/ptII/ptolemy/actor/lib/test/auto/PublisherSubscriber11.xml
3 ms. Memory: 1527808K Free: 495045K (32%)
----------------- Invoking toplevel() on ptolemy.moml.MoMLSimpleApplication@1efc345d
----------------- Done invoking toplevel() on ptolemy.moml.MoMLSimpleApplication@1efc345d
reloadAllAccessors: .PublisherSubscriber11

===========================================================================================
----------------- testing Fri Feb 22 18:49:41 UTC 2019 /home/travis/build/icyphy/ptII/ptolemy/actor/lib/test/auto/PublisherSubscriber12.xml
----------------- Instantiating /home/travis/build/icyphy/ptII/ptolemy/actor/lib/test/auto/PublisherSubscriber12.xml
3 ms. Memory: 1527808K Free: 469886K (31%)
----------------- Invoking toplevel() on ptolemy.moml.MoMLSimpleApplication@338b6156
----------------- Done invoking toplevel() on ptolemy.moml.MoMLSimpleApplication@338b6156
reloadAllAccessors: .PublisherSubscriber12

===========================================================================================
----------------- testing Fri Feb 22 18:49:41 UTC 2019 /home/travis/build/icyphy/ptII/ptolemy/actor/lib/test/auto/PublisherSubscriber13.xml
----------------- Instantiating /home/travis/build/icyphy/ptII/ptolemy/actor/lib/test/auto/PublisherSubscriber13.xml
2 ms. Memory: 1527808K Free: 450854K (30%)
----------------- Invoking toplevel() on ptolemy.moml.MoMLSimpleApplication@72894f09
----------------- Done invoking toplevel() on ptolemy.moml.MoMLSimpleApplication@72894f09
reloadAllAccessors: .PublisherSubscriber13

===========================================================================================
----------------- testing Fri Feb 22 18:49:41 UTC 2019 /home/travis/build/icyphy/ptII/ptolemy/actor/lib/test/auto/PublisherSubscriber14.xml
----------------- Instantiating /home/travis/build/icyphy/ptII/ptolemy/actor/lib/test/auto/PublisherSubscriber14.xml
1 ms. Memory: 1527808K Free: 431821K (28%)
----------------- Invoking toplevel() on ptolemy.moml.MoMLSimpleApplication@35a1ed81
----------------- Done invoking toplevel() on ptolemy.moml.MoMLSimpleApplication@35a1ed81
reloadAllAccessors: .PublisherSubscriber14

===========================================================================================
----------------- testing Fri Feb 22 18:49:41 UTC 2019 /home/travis/build/icyphy/ptII/ptolemy/actor/lib/test/auto/PublisherSubscriber2.xml
----------------- Instantiating /home/travis/build/icyphy/ptII/ptolemy/actor/lib/test/auto/PublisherSubscriber2.xml
3 ms. Memory: 1527808K Free: 406662K (27%)
----------------- Invoking toplevel() on ptolemy.moml.MoMLSimpleApplication@3acb3057
----------------- Done invoking toplevel() on ptolemy.moml.MoMLSimpleApplication@3acb3057
reloadAllAccessors: .PublisherSubscriber2

===========================================================================================
----------------- testing Fri Feb 22 18:49:41 UTC 2019 /home/travis/build/icyphy/ptII/ptolemy/actor/lib/test/auto/PublisherSubscriber3.xml
----------------- Instantiating /home/travis/build/icyphy/ptII/ptolemy/actor/lib/test/auto/PublisherSubscriber3.xml
1 ms. Memory: 1527808K Free: 387630K (25%)
----------------- Invoking toplevel() on ptolemy.moml.MoMLSimpleApplication@7d9e5dd7
----------------- Done invoking toplevel() on ptolemy.moml.MoMLSimpleApplication@7d9e5dd7
reloadAllAccessors: .PublisherSubscriber3

===========================================================================================
----------------- testing Fri Feb 22 18:49:41 UTC 2019 /home/travis/build/icyphy/ptII/ptolemy/actor/lib/test/auto/PublisherSubscriber4.xml
----------------- Instantiating /home/travis/build/icyphy/ptII/ptolemy/actor/lib/test/auto/PublisherSubscriber4.xml
2 ms. Memory: 1527808K Free: 362471K (24%)
----------------- Invoking toplevel() on ptolemy.moml.MoMLSimpleApplication@13bf0c34
----------------- Done invoking toplevel() on ptolemy.moml.MoMLSimpleApplication@13bf0c34
reloadAllAccessors: .PublisherSubscriber4

===========================================================================================
----------------- testing Fri Feb 22 18:49:41 UTC 2019 /home/travis/build/icyphy/ptII/ptolemy/actor/lib/test/auto/PublisherSubscriber5.xml
----------------- Instantiating /home/travis/build/icyphy/ptII/ptolemy/actor/lib/test/auto/PublisherSubscriber5.xml
2 ms. Memory: 1527808K Free: 343438K (22%)
----------------- Invoking toplevel() on ptolemy.moml.MoMLSimpleApplication@47cb8284
----------------- Done invoking toplevel() on ptolemy.moml.MoMLSimpleApplication@47cb8284
reloadAllAccessors: .PublisherSubscriber5

===========================================================================================
----------------- testing Fri Feb 22 18:49:41 UTC 2019 /home/travis/build/icyphy/ptII/ptolemy/actor/lib/test/auto/PublisherSubscriber6.xml
----------------- Instantiating /home/travis/build/icyphy/ptII/ptolemy/actor/lib/test/auto/PublisherSubscriber6.xml
4 ms. Memory: 1527808K Free: 324405K (21%)
----------------- Invoking toplevel() on ptolemy.moml.MoMLSimpleApplication@340b1c71
----------------- Done invoking toplevel() on ptolemy.moml.MoMLSimpleApplication@340b1c71
reloadAllAccessors: .PublisherSubscriber6

===========================================================================================
----------------- testing Fri Feb 22 18:49:41 UTC 2019 /home/travis/build/icyphy/ptII/ptolemy/actor/lib/test/auto/PublisherSubscriber7.xml
----------------- Instantiating /home/travis/build/icyphy/ptII/ptolemy/actor/lib/test/auto/PublisherSubscriber7.xml
6 ms. Memory: 1527808K Free: 299247K (20%)
----------------- Invoking toplevel() on ptolemy.moml.MoMLSimpleApplication@1d337c2
----------------- Done invoking toplevel() on ptolemy.moml.MoMLSimpleApplication@1d337c2
reloadAllAccessors: .PublisherSubscriber7

===========================================================================================
----------------- testing Fri Feb 22 18:49:41 UTC 2019 /home/travis/build/icyphy/ptII/ptolemy/actor/lib/test/auto/PublisherSubscriber8.xml
----------------- Instantiating /home/travis/build/icyphy/ptII/ptolemy/actor/lib/test/auto/PublisherSubscriber8.xml
15 ms. Memory: 1527808K Free: 185050K (12%)
----------------- Invoking toplevel() on ptolemy.moml.MoMLSimpleApplication@65b3686b
----------------- Done invoking toplevel() on ptolemy.moml.MoMLSimpleApplication@65b3686b
reloadAllAccessors: .PublisherSubscriber8

===========================================================================================
----------------- testing Fri Feb 22 18:49:41 UTC 2019 /home/travis/build/icyphy/ptII/ptolemy/actor/lib/test/auto/PublisherSubscriber9.xml
----------------- Instantiating /home/travis/build/icyphy/ptII/ptolemy/actor/lib/test/auto/PublisherSubscriber9.xml
3 ms. Memory: 1527808K Free: 159891K (10%)
----------------- Invoking toplevel() on ptolemy.moml.MoMLSimpleApplication@23a7cd07
----------------- Done invoking toplevel() on ptolemy.moml.MoMLSimpleApplication@23a7cd07
reloadAllAccessors: .PublisherSubscriber9

===========================================================================================
----------------- testing Fri Feb 22 18:49:41 UTC 2019 /home/travis/build/icyphy/ptII/ptolemy/actor/lib/test/auto/PublisherSubscriberAdjacent.xml
----------------- Instantiating /home/travis/build/icyphy/ptII/ptolemy/actor/lib/test/auto/PublisherSubscriberAdjacent.xml
2 ms. Memory: 1527808K Free: 140859K (9%)
----------------- Invoking toplevel() on ptolemy.moml.MoMLSimpleApplication@220f63d4
----------------- Done invoking toplevel() on ptolemy.moml.MoMLSimpleApplication@220f63d4
reloadAllAccessors: .PublisherSubscriberAdjacent

===========================================================================================
----------------- testing Fri Feb 22 18:49:41 UTC 2019 /home/travis/build/icyphy/ptII/ptolemy/actor/lib/test/auto/PublisherSubscriberChannelVariablesAOC2.xml
----------------- Instantiating /home/travis/build/icyphy/ptII/ptolemy/actor/lib/test/auto/PublisherSubscriberChannelVariablesAOC2.xml
3 ms. Memory: 1527808K Free: 112301K (7%)
----------------- Invoking toplevel() on ptolemy.moml.MoMLSimpleApplication@3eb549a5
----------------- Done invoking toplevel() on ptolemy.moml.MoMLSimpleApplication@3eb549a5
reloadAllAccessors: .PublisherSubscriberChannelVariablesAOC2

===========================================================================================
----------------- testing Fri Feb 22 18:49:41 UTC 2019 /home/travis/build/icyphy/ptII/ptolemy/actor/lib/test/auto/PublisherSubscriberD3.xml
----------------- Instantiating /home/travis/build/icyphy/ptII/ptolemy/actor/lib/test/auto/PublisherSubscriberD3.xml
2 ms. Memory: 1527808K Free: 87143K (6%)
----------------- Invoking toplevel() on ptolemy.moml.MoMLSimpleApplication@66c1950e
----------------- Done invoking toplevel() on ptolemy.moml.MoMLSimpleApplication@66c1950e
reloadAllAccessors: .PublisherSubscriberD3

===========================================================================================
----------------- testing Fri Feb 22 18:49:41 UTC 2019 /home/travis/build/icyphy/ptII/ptolemy/actor/lib/test/auto/PublisherSubscriberD3Reverse.xml
----------------- Instantiating /home/travis/build/icyphy/ptII/ptolemy/actor/lib/test/auto/PublisherSubscriberD3Reverse.xml
2 ms. Memory: 1527808K Free: 68110K (4%)
----------------- Invoking toplevel() on ptolemy.moml.MoMLSimpleApplication@5ec9b59a
----------------- Done invoking toplevel() on ptolemy.moml.MoMLSimpleApplication@5ec9b59a
reloadAllAccessors: .PublisherSubscriberD3Reverse

===========================================================================================
----------------- testing Fri Feb 22 18:49:42 UTC 2019 /home/travis/build/icyphy/ptII/ptolemy/actor/lib/test/auto/PublisherSubscriberExpression.xml
----------------- Instantiating /home/travis/build/icyphy/ptII/ptolemy/actor/lib/test/auto/PublisherSubscriberExpression.xml
3 ms. Memory: 1561600K Free: 1503231K (96%)
----------------- Invoking toplevel() on ptolemy.moml.MoMLSimpleApplication@7f6eee16
----------------- Done invoking toplevel() on ptolemy.moml.MoMLSimpleApplication@7f6eee16
reloadAllAccessors: .PublisherSubscriberExpression

===========================================================================================
----------------- testing Fri Feb 22 18:49:42 UTC 2019 /home/travis/build/icyphy/ptII/ptolemy/actor/lib/test/auto/PublisherSubscriberOpaque.xml
----------------- Instantiating /home/travis/build/icyphy/ptII/ptolemy/actor/lib/test/auto/PublisherSubscriberOpaque.xml
3 ms. Memory: 1561600K Free: 1478920K (95%)
----------------- Invoking toplevel() on ptolemy.moml.MoMLSimpleApplication@750cbda2
----------------- Done invoking toplevel() on ptolemy.moml.MoMLSimpleApplication@750cbda2
reloadAllAccessors: .PublisherSubscriberOpaque

===========================================================================================
----------------- testing Fri Feb 22 18:49:42 UTC 2019 /home/travis/build/icyphy/ptII/ptolemy/actor/lib/test/auto/PublisherSubscriberOpaqueD3.xml
----------------- Instantiating /home/travis/build/icyphy/ptII/ptolemy/actor/lib/test/auto/PublisherSubscriberOpaqueD3.xml
4 ms. Memory: 1561600K Free: 1459669K (93%)
----------------- Invoking toplevel() on ptolemy.moml.MoMLSimpleApplication@38a2b31f
----------------- Done invoking toplevel() on ptolemy.moml.MoMLSimpleApplication@38a2b31f
reloadAllAccessors: .PublisherSubscriberOpaqueD3

===========================================================================================
----------------- testing Fri Feb 22 18:49:42 UTC 2019 /home/travis/build/icyphy/ptII/ptolemy/actor/lib/test/auto/PublisherSubscriberOpaqueD3Reverse.xml
----------------- Instantiating /home/travis/build/icyphy/ptII/ptolemy/actor/lib/test/auto/PublisherSubscriberOpaqueD3Reverse.xml
5 ms. Memory: 1561600K Free: 1435304K (92%)
----------------- Invoking toplevel() on ptolemy.moml.MoMLSimpleApplication@109ab7b6
----------------- Done invoking toplevel() on ptolemy.moml.MoMLSimpleApplication@109ab7b6
reloadAllAccessors: .PublisherSubscriberOpaqueD3Reverse

===========================================================================================
----------------- testing Fri Feb 22 18:49:42 UTC 2019 /home/travis/build/icyphy/ptII/ptolemy/actor/lib/test/auto/PublisherSubscriberOpaqueWidthInference.xml
----------------- Instantiating /home/travis/build/icyphy/ptII/ptolemy/actor/lib/test/auto/PublisherSubscriberOpaqueWidthInference.xml
5 ms. Memory: 1561600K Free: 1416053K (91%)
----------------- Invoking toplevel() on ptolemy.moml.MoMLSimpleApplication@302f1968
----------------- Done invoking toplevel() on ptolemy.moml.MoMLSimpleApplication@302f1968
reloadAllAccessors: .PublisherSubscriberOpaqueWidthInference

===========================================================================================
----------------- testing Fri Feb 22 18:49:42 UTC 2019 /home/travis/build/icyphy/ptII/ptolemy/actor/lib/test/auto/PublisherTestSubscriber.xml
----------------- Instantiating /home/travis/build/icyphy/ptII/ptolemy/actor/lib/test/auto/PublisherTestSubscriber.xml
2 ms. Memory: 1561600K Free: 1391742K (89%)
----------------- Invoking toplevel() on ptolemy.moml.MoMLSimpleApplication@7782c984
----------------- Done invoking toplevel() on ptolemy.moml.MoMLSimpleApplication@7782c984
reloadAllAccessors: .PublisherTestSubscriber

===========================================================================================
----------------- testing Fri Feb 22 18:49:42 UTC 2019 /home/travis/build/icyphy/ptII/ptolemy/actor/lib/test/auto/PublisherToplevelSubscriberPortAOC.xml
----------------- Instantiating /home/travis/build/icyphy/ptII/ptolemy/actor/lib/test/auto/PublisherToplevelSubscriberPortAOC.xml
1 ms. Memory: 1561600K Free: 1372491K (88%)
----------------- Invoking toplevel() on ptolemy.moml.MoMLSimpleApplication@48c9ed8d
----------------- Done invoking toplevel() on ptolemy.moml.MoMLSimpleApplication@48c9ed8d
reloadAllAccessors: .PublisherToplevelSubscriberPortAOC

===========================================================================================
----------------- testing Fri Feb 22 18:49:42 UTC 2019 /home/travis/build/icyphy/ptII/ptolemy/actor/lib/test/auto/PulseFiringLimitDE.xml
----------------- Instantiating /home/travis/build/icyphy/ptII/ptolemy/actor/lib/test/auto/PulseFiringLimitDE.xml
2 ms. Memory: 1561600K Free: 1348180K (86%)
----------------- Invoking toplevel() on ptolemy.moml.MoMLSimpleApplication@6a4c9fa
----------------- Done invoking toplevel() on ptolemy.moml.MoMLSimpleApplication@6a4c9fa
reloadAllAccessors: .PulseFiringLimitDE

===========================================================================================
----------------- testing Fri Feb 22 18:49:42 UTC 2019 /home/travis/build/icyphy/ptII/ptolemy/actor/lib/test/auto/Ramp1.xml
----------------- Instantiating /home/travis/build/icyphy/ptII/ptolemy/actor/lib/test/auto/Ramp1.xml
1 ms. Memory: 1561600K Free: 1328929K (85%)
----------------- Invoking toplevel() on ptolemy.moml.MoMLSimpleApplication@308c35b3
----------------- Done invoking toplevel() on ptolemy.moml.MoMLSimpleApplication@308c35b3
reloadAllAccessors: .Ramp1

===========================================================================================
----------------- testing Fri Feb 22 18:49:42 UTC 2019 /home/travis/build/icyphy/ptII/ptolemy/actor/lib/test/auto/RampFiringLimitDE.xml
----------------- Instantiating /home/travis/build/icyphy/ptII/ptolemy/actor/lib/test/auto/RampFiringLimitDE.xml
2 ms. Memory: 1561600K Free: 1304618K (84%)
----------------- Invoking toplevel() on ptolemy.moml.MoMLSimpleApplication@6069cdec
----------------- Done invoking toplevel() on ptolemy.moml.MoMLSimpleApplication@6069cdec
reloadAllAccessors: .RampFiringLimitDE

===========================================================================================
----------------- testing Fri Feb 22 18:49:42 UTC 2019 /home/travis/build/icyphy/ptII/ptolemy/actor/lib/test/auto/RampFiringLimitSDF.xml
----------------- Instantiating /home/travis/build/icyphy/ptII/ptolemy/actor/lib/test/auto/RampFiringLimitSDF.xml
1 ms. Memory: 1561600K Free: 1285367K (82%)
----------------- Invoking toplevel() on ptolemy.moml.MoMLSimpleApplication@35f0b884
----------------- Done invoking toplevel() on ptolemy.moml.MoMLSimpleApplication@35f0b884
reloadAllAccessors: .RampFiringLimitSDF

===========================================================================================
----------------- testing Fri Feb 22 18:49:42 UTC 2019 /home/travis/build/icyphy/ptII/ptolemy/actor/lib/test/auto/RandomInteger.xml
----------------- Instantiating /home/travis/build/icyphy/ptII/ptolemy/actor/lib/test/auto/RandomInteger.xml
1 ms. Memory: 1561600K Free: 1261056K (81%)
----------------- Invoking toplevel() on ptolemy.moml.MoMLSimpleApplication@18fa704
----------------- Done invoking toplevel() on ptolemy.moml.MoMLSimpleApplication@18fa704
reloadAllAccessors: .RandomInteger

===========================================================================================
----------------- testing Fri Feb 22 18:49:42 UTC 2019 /home/travis/build/icyphy/ptII/ptolemy/actor/lib/test/auto/ReadFile1.xml
----------------- Instantiating /home/travis/build/icyphy/ptII/ptolemy/actor/lib/test/auto/ReadFile1.xml
1 ms. Memory: 1561600K Free: 1241805K (80%)
----------------- Invoking toplevel() on ptolemy.moml.MoMLSimpleApplication@1277a13a
----------------- Done invoking toplevel() on ptolemy.moml.MoMLSimpleApplication@1277a13a
reloadAllAccessors: .ReadFile1

===========================================================================================
----------------- testing Fri Feb 22 18:49:42 UTC 2019 /home/travis/build/icyphy/ptII/ptolemy/actor/lib/test/auto/ReadFile2.xml
----------------- Instantiating /home/travis/build/icyphy/ptII/ptolemy/actor/lib/test/auto/ReadFile2.xml
1 ms. Memory: 1561600K Free: 1217494K (78%)
----------------- Invoking toplevel() on ptolemy.moml.MoMLSimpleApplication@375f2328
----------------- Done invoking toplevel() on ptolemy.moml.MoMLSimpleApplication@375f2328
reloadAllAccessors: .ReadFile2

===========================================================================================
----------------- testing Fri Feb 22 18:49:42 UTC 2019 /home/travis/build/icyphy/ptII/ptolemy/actor/lib/test/auto/Reader.xml
----------------- Instantiating /home/travis/build/icyphy/ptII/ptolemy/actor/lib/test/auto/Reader.xml
actor.lib.Reader is obsolete, use actor.lib.io.ExpressionReader instead
1 ms. Memory: 1561600K Free: 1198242K (77%)
----------------- Invoking toplevel() on ptolemy.moml.MoMLSimpleApplication@5c00fe93
----------------- Done invoking toplevel() on ptolemy.moml.MoMLSimpleApplication@5c00fe93
reloadAllAccessors: .Reader

===========================================================================================
----------------- testing Fri Feb 22 18:49:42 UTC 2019 /home/travis/build/icyphy/ptII/ptolemy/actor/lib/test/auto/RecordAssemblerDisplayNameTest.xml
----------------- Instantiating /home/travis/build/icyphy/ptII/ptolemy/actor/lib/test/auto/RecordAssemblerDisplayNameTest.xml
2948 ms. Memory: 1707520K Free: 1527455K (89%)
----------------- Invoking toplevel() on ptolemy.moml.MoMLSimpleApplication@3c255bfa
----------------- Done invoking toplevel() on ptolemy.moml.MoMLSimpleApplication@3c255bfa
reloadAllAccessors: .RecordAssemblerDisplayNameTest

===========================================================================================
----------------- testing Fri Feb 22 18:49:45 UTC 2019 /home/travis/build/icyphy/ptII/ptolemy/actor/lib/test/auto/RecordAssemblerTypeError.xml
----------------- Instantiating /home/travis/build/icyphy/ptII/ptolemy/actor/lib/test/auto/RecordAssemblerTypeError.xml
3 ms. Memory: 1707520K Free: 1496746K (88%)
----------------- Invoking toplevel() on ptolemy.moml.MoMLSimpleApplication@1122eebd
----------------- Done invoking toplevel() on ptolemy.moml.MoMLSimpleApplication@1122eebd
reloadAllAccessors: .RecordAssemblerTypeError

===========================================================================================
----------------- testing Fri Feb 22 18:49:45 UTC 2019 /home/travis/build/icyphy/ptII/ptolemy/actor/lib/test/auto/RecordDisassember.xml
----------------- Instantiating /home/travis/build/icyphy/ptII/ptolemy/actor/lib/test/auto/RecordDisassember.xml
3 ms. Memory: 1707520K Free: 1471423K (86%)
----------------- Invoking toplevel() on ptolemy.moml.MoMLSimpleApplication@16c0ce77
----------------- Done invoking toplevel() on ptolemy.moml.MoMLSimpleApplication@16c0ce77
reloadAllAccessors: .RecordDisassember

===========================================================================================
----------------- testing Fri Feb 22 18:49:45 UTC 2019 /home/travis/build/icyphy/ptII/ptolemy/actor/lib/test/auto/RecordDisassemberDisplayNameTest.xml
----------------- Instantiating /home/travis/build/icyphy/ptII/ptolemy/actor/lib/test/auto/RecordDisassemberDisplayNameTest.xml
4 ms. Memory: 1707520K Free: 1450035K (85%)
----------------- Invoking toplevel() on ptolemy.moml.MoMLSimpleApplication@7eef8cbc
----------------- Done invoking toplevel() on ptolemy.moml.MoMLSimpleApplication@7eef8cbc
reloadAllAccessors: .RecordDisassemberDisplayNameTest

===========================================================================================
----------------- testing Fri Feb 22 18:49:45 UTC 2019 /home/travis/build/icyphy/ptII/ptolemy/actor/lib/test/auto/RecordDisassembler.xml
----------------- Instantiating /home/travis/build/icyphy/ptII/ptolemy/actor/lib/test/auto/RecordDisassembler.xml
2 ms. Memory: 1707520K Free: 1424712K (83%)
----------------- Invoking toplevel() on ptolemy.moml.MoMLSimpleApplication@6e8f1dff
----------------- Done invoking toplevel() on ptolemy.moml.MoMLSimpleApplication@6e8f1dff
reloadAllAccessors: .RecordDisassembler

===========================================================================================
----------------- testing Fri Feb 22 18:49:45 UTC 2019 /home/travis/build/icyphy/ptII/ptolemy/actor/lib/test/auto/RecordDisassembler2.xml
----------------- Instantiating /home/travis/build/icyphy/ptII/ptolemy/actor/lib/test/auto/RecordDisassembler2.xml
2 ms. Memory: 1707520K Free: 1399388K (82%)
----------------- Invoking toplevel() on ptolemy.moml.MoMLSimpleApplication@34ee8e17
----------------- Done invoking toplevel() on ptolemy.moml.MoMLSimpleApplication@34ee8e17
reloadAllAccessors: .RecordDisassembler2

===========================================================================================
----------------- testing Fri Feb 22 18:49:45 UTC 2019 /home/travis/build/icyphy/ptII/ptolemy/actor/lib/test/auto/RecordUpdater.xml
----------------- Instantiating /home/travis/build/icyphy/ptII/ptolemy/actor/lib/test/auto/RecordUpdater.xml
1 ms. Memory: 1707520K Free: 1378000K (81%)
----------------- Invoking toplevel() on ptolemy.moml.MoMLSimpleApplication@1bbd50c8
----------------- Done invoking toplevel() on ptolemy.moml.MoMLSimpleApplication@1bbd50c8
reloadAllAccessors: .RecordUpdater

===========================================================================================
----------------- testing Fri Feb 22 18:49:45 UTC 2019 /home/travis/build/icyphy/ptII/ptolemy/actor/lib/test/auto/RecordUpdater2.xml
----------------- Instantiating /home/travis/build/icyphy/ptII/ptolemy/actor/lib/test/auto/RecordUpdater2.xml
1 ms. Memory: 1707520K Free: 1352677K (79%)
----------------- Invoking toplevel() on ptolemy.moml.MoMLSimpleApplication@4d4b9c31
----------------- Done invoking toplevel() on ptolemy.moml.MoMLSimpleApplication@4d4b9c31
reloadAllAccessors: .RecordUpdater2

===========================================================================================
----------------- testing Fri Feb 22 18:49:45 UTC 2019 /home/travis/build/icyphy/ptII/ptolemy/actor/lib/test/auto/RecursiveLattice.xml
----------------- Instantiating /home/travis/build/icyphy/ptII/ptolemy/actor/lib/test/auto/RecursiveLattice.xml
1 ms. Memory: 1707520K Free: 1327354K (78%)
----------------- Invoking toplevel() on ptolemy.moml.MoMLSimpleApplication@42f9ce0f
----------------- Done invoking toplevel() on ptolemy.moml.MoMLSimpleApplication@42f9ce0f
reloadAllAccessors: .RecursiveLattice

===========================================================================================
----------------- testing Fri Feb 22 18:49:45 UTC 2019 /home/travis/build/icyphy/ptII/ptolemy/actor/lib/test/auto/Router.xml
----------------- Instantiating /home/travis/build/icyphy/ptII/ptolemy/actor/lib/test/auto/Router.xml
3004 ms. Memory: 1707520K Free: 1305966K (76%)
----------------- Invoking toplevel() on ptolemy.moml.MoMLSimpleApplication@47087e34
----------------- Done invoking toplevel() on ptolemy.moml.MoMLSimpleApplication@47087e34
reloadAllAccessors: .Router

===========================================================================================
----------------- testing Fri Feb 22 18:49:48 UTC 2019 /home/travis/build/icyphy/ptII/ptolemy/actor/lib/test/auto/Router2.xml
----------------- Instantiating /home/travis/build/icyphy/ptII/ptolemy/actor/lib/test/auto/Router2.xml
3004 ms. Memory: 1707520K Free: 1280642K (75%)
----------------- Invoking toplevel() on ptolemy.moml.MoMLSimpleApplication@b35d63f
----------------- Done invoking toplevel() on ptolemy.moml.MoMLSimpleApplication@b35d63f
reloadAllAccessors: .Router2

===========================================================================================
----------------- testing Fri Feb 22 18:49:51 UTC 2019 /home/travis/build/icyphy/ptII/ptolemy/actor/lib/test/auto/RunningMaximum.xml
----------------- Instantiating /home/travis/build/icyphy/ptII/ptolemy/actor/lib/test/auto/RunningMaximum.xml
2 ms. Memory: 1707520K Free: 1259254K (74%)
----------------- Invoking toplevel() on ptolemy.moml.MoMLSimpleApplication@3d897ce2
----------------- Done invoking toplevel() on ptolemy.moml.MoMLSimpleApplication@3d897ce2
reloadAllAccessors: .RunningMaximum

===========================================================================================
----------------- testing Fri Feb 22 18:49:51 UTC 2019 /home/travis/build/icyphy/ptII/ptolemy/actor/lib/test/auto/RunningMinimum.xml
----------------- Instantiating /home/travis/build/icyphy/ptII/ptolemy/actor/lib/test/auto/RunningMinimum.xml
2 ms. Memory: 1707520K Free: 1233931K (72%)
----------------- Invoking toplevel() on ptolemy.moml.MoMLSimpleApplication@303d683c
----------------- Done invoking toplevel() on ptolemy.moml.MoMLSimpleApplication@303d683c
reloadAllAccessors: .RunningMinimum

===========================================================================================
----------------- testing Fri Feb 22 18:49:51 UTC 2019 /home/travis/build/icyphy/ptII/ptolemy/actor/lib/test/auto/Scale.xml
----------------- Instantiating /home/travis/build/icyphy/ptII/ptolemy/actor/lib/test/auto/Scale.xml
2 ms. Memory: 1707520K Free: 1208608K (71%)
----------------- Invoking toplevel() on ptolemy.moml.MoMLSimpleApplication@17567845
----------------- Done invoking toplevel() on ptolemy.moml.MoMLSimpleApplication@17567845
reloadAllAccessors: .Scale

===========================================================================================
----------------- testing Fri Feb 22 18:49:51 UTC 2019 /home/travis/build/icyphy/ptII/ptolemy/actor/lib/test/auto/Scale2.xml
----------------- Instantiating /home/travis/build/icyphy/ptII/ptolemy/actor/lib/test/auto/Scale2.xml
2 ms. Memory: 1707520K Free: 1187220K (70%)
----------------- Invoking toplevel() on ptolemy.moml.MoMLSimpleApplication@74be4f98
----------------- Done invoking toplevel() on ptolemy.moml.MoMLSimpleApplication@74be4f98
reloadAllAccessors: .Scale2

===========================================================================================
----------------- testing Fri Feb 22 18:49:51 UTC 2019 /home/travis/build/icyphy/ptII/ptolemy/actor/lib/test/auto/Scale3.xml
----------------- Instantiating /home/travis/build/icyphy/ptII/ptolemy/actor/lib/test/auto/Scale3.xml
2 ms. Memory: 1707520K Free: 1161896K (68%)
----------------- Invoking toplevel() on ptolemy.moml.MoMLSimpleApplication@ffff845
----------------- Done invoking toplevel() on ptolemy.moml.MoMLSimpleApplication@ffff845
reloadAllAccessors: .Scale3

===========================================================================================
----------------- testing Fri Feb 22 18:49:51 UTC 2019 /home/travis/build/icyphy/ptII/ptolemy/actor/lib/test/auto/ScaleArray.xml
----------------- Instantiating /home/travis/build/icyphy/ptII/ptolemy/actor/lib/test/auto/ScaleArray.xml
1 ms. Memory: 1707520K Free: 1136573K (67%)
----------------- Invoking toplevel() on ptolemy.moml.MoMLSimpleApplication@3f957949
----------------- Done invoking toplevel() on ptolemy.moml.MoMLSimpleApplication@3f957949
reloadAllAccessors: .ScaleArray

===========================================================================================
----------------- testing Fri Feb 22 18:49:51 UTC 2019 /home/travis/build/icyphy/ptII/ptolemy/actor/lib/test/auto/ScaleArray2.xml
----------------- Instantiating /home/travis/build/icyphy/ptII/ptolemy/actor/lib/test/auto/ScaleArray2.xml
1 ms. Memory: 1707520K Free: 1115185K (65%)
----------------- Invoking toplevel() on ptolemy.moml.MoMLSimpleApplication@298b9f92
----------------- Done invoking toplevel() on ptolemy.moml.MoMLSimpleApplication@298b9f92
reloadAllAccessors: .ScaleArray2

===========================================================================================
----------------- testing Fri Feb 22 18:49:51 UTC 2019 /home/travis/build/icyphy/ptII/ptolemy/actor/lib/test/auto/ScaleMatrix.xml
----------------- Instantiating /home/travis/build/icyphy/ptII/ptolemy/actor/lib/test/auto/ScaleMatrix.xml
109 ms. Memory: 1707520K Free: 1089862K (64%)
----------------- Invoking toplevel() on ptolemy.moml.MoMLSimpleApplication@1fcded33
----------------- Done invoking toplevel() on ptolemy.moml.MoMLSimpleApplication@1fcded33
reloadAllAccessors: .ScaleMatrix

===========================================================================================
----------------- testing Fri Feb 22 18:49:51 UTC 2019 /home/travis/build/icyphy/ptII/ptolemy/actor/lib/test/auto/Select.xml
----------------- Instantiating /home/travis/build/icyphy/ptII/ptolemy/actor/lib/test/auto/Select.xml
2 ms. Memory: 1707520K Free: 1068474K (63%)
----------------- Invoking toplevel() on ptolemy.moml.MoMLSimpleApplication@3d8e6c25
----------------- Done invoking toplevel() on ptolemy.moml.MoMLSimpleApplication@3d8e6c25
reloadAllAccessors: .Select

===========================================================================================
----------------- testing Fri Feb 22 18:49:51 UTC 2019 /home/travis/build/icyphy/ptII/ptolemy/actor/lib/test/auto/Select2.xml
----------------- Instantiating /home/travis/build/icyphy/ptII/ptolemy/actor/lib/test/auto/Select2.xml
0 ms. Memory: 1707520K Free: 1043150K (61%)
----------------- Invoking toplevel() on ptolemy.moml.MoMLSimpleApplication@59ade78a
----------------- Done invoking toplevel() on ptolemy.moml.MoMLSimpleApplication@59ade78a
reloadAllAccessors: .Select2

===========================================================================================
----------------- testing Fri Feb 22 18:49:51 UTC 2019 /home/travis/build/icyphy/ptII/ptolemy/actor/lib/test/auto/SequenceToArray2.xml
----------------- Instantiating /home/travis/build/icyphy/ptII/ptolemy/actor/lib/test/auto/SequenceToArray2.xml
95 ms. Memory: 1707520K Free: 910871K (53%)
----------------- Invoking toplevel() on ptolemy.moml.MoMLSimpleApplication@1ce6c0f7
----------------- Done invoking toplevel() on ptolemy.moml.MoMLSimpleApplication@1ce6c0f7
reloadAllAccessors: .SequenceToArray2

===========================================================================================
----------------- testing Fri Feb 22 18:49:51 UTC 2019 /home/travis/build/icyphy/ptII/ptolemy/actor/lib/test/auto/SequentialClock.xml
----------------- Instantiating /home/travis/build/icyphy/ptII/ptolemy/actor/lib/test/auto/SequentialClock.xml
1 ms. Memory: 1707520K Free: 889483K (52%)
----------------- Invoking toplevel() on ptolemy.moml.MoMLSimpleApplication@154af864
----------------- Done invoking toplevel() on ptolemy.moml.MoMLSimpleApplication@154af864
reloadAllAccessors: .SequentialClock

===========================================================================================
----------------- testing Fri Feb 22 18:49:51 UTC 2019 /home/travis/build/icyphy/ptII/ptolemy/actor/lib/test/auto/SetVariable.xml
----------------- Instantiating /home/travis/build/icyphy/ptII/ptolemy/actor/lib/test/auto/SetVariable.xml
2 ms. Memory: 1707520K Free: 864159K (51%)
----------------- Invoking toplevel() on ptolemy.moml.MoMLSimpleApplication@1d5f6cad
----------------- Done invoking toplevel() on ptolemy.moml.MoMLSimpleApplication@1d5f6cad
reloadAllAccessors: .SetVariable

===========================================================================================
----------------- testing Fri Feb 22 18:49:51 UTC 2019 /home/travis/build/icyphy/ptII/ptolemy/actor/lib/test/auto/SetVariable2.xml
----------------- Instantiating /home/travis/build/icyphy/ptII/ptolemy/actor/lib/test/auto/SetVariable2.xml
2 ms. Memory: 1707520K Free: 838836K (49%)
----------------- Invoking toplevel() on ptolemy.moml.MoMLSimpleApplication@4d035b9e
----------------- Done invoking toplevel() on ptolemy.moml.MoMLSimpleApplication@4d035b9e
reloadAllAccessors: .SetVariable2

===========================================================================================
----------------- testing Fri Feb 22 18:49:51 UTC 2019 /home/travis/build/icyphy/ptII/ptolemy/actor/lib/test/auto/SetVariable3.xml
----------------- Instantiating /home/travis/build/icyphy/ptII/ptolemy/actor/lib/test/auto/SetVariable3.xml
2 ms. Memory: 1707520K Free: 817448K (48%)
----------------- Invoking toplevel() on ptolemy.moml.MoMLSimpleApplication@68d228ae
----------------- Done invoking toplevel() on ptolemy.moml.MoMLSimpleApplication@68d228ae
reloadAllAccessors: .SetVariable3

===========================================================================================
----------------- testing Fri Feb 22 18:49:51 UTC 2019 /home/travis/build/icyphy/ptII/ptolemy/actor/lib/test/auto/SetVariable4.xml
----------------- Instantiating /home/travis/build/icyphy/ptII/ptolemy/actor/lib/test/auto/SetVariable4.xml
15 ms. Memory: 1707520K Free: 717267K (42%)
----------------- Invoking toplevel() on ptolemy.moml.MoMLSimpleApplication@1b5fd5a8
----------------- Done invoking toplevel() on ptolemy.moml.MoMLSimpleApplication@1b5fd5a8
reloadAllAccessors: .SetVariable4

===========================================================================================
----------------- testing Fri Feb 22 18:49:51 UTC 2019 /home/travis/build/icyphy/ptII/ptolemy/actor/lib/test/auto/SetVariable5.xml
----------------- Instantiating /home/travis/build/icyphy/ptII/ptolemy/actor/lib/test/auto/SetVariable5.xml
14 ms. Memory: 1707520K Free: 691944K (41%)
----------------- Invoking toplevel() on ptolemy.moml.MoMLSimpleApplication@5fc1bc31
----------------- Done invoking toplevel() on ptolemy.moml.MoMLSimpleApplication@5fc1bc31
reloadAllAccessors: .SetVariable5

===========================================================================================
----------------- testing Fri Feb 22 18:49:51 UTC 2019 /home/travis/build/icyphy/ptII/ptolemy/actor/lib/test/auto/Sinewave.xml
----------------- Instantiating /home/travis/build/icyphy/ptII/ptolemy/actor/lib/test/auto/Sinewave.xml
3 ms. Memory: 1707520K Free: 670556K (39%)
----------------- Invoking toplevel() on ptolemy.moml.MoMLSimpleApplication@16d24413
----------------- Done invoking toplevel() on ptolemy.moml.MoMLSimpleApplication@16d24413
reloadAllAccessors: .Sinewave

===========================================================================================
----------------- testing Fri Feb 22 18:49:51 UTC 2019 /home/travis/build/icyphy/ptII/ptolemy/actor/lib/test/auto/Sinewave2.xml
----------------- Instantiating /home/travis/build/icyphy/ptII/ptolemy/actor/lib/test/auto/Sinewave2.xml
4 ms. Memory: 1707520K Free: 645232K (38%)
----------------- Invoking toplevel() on ptolemy.moml.MoMLSimpleApplication@3e7ab90c
----------------- Done invoking toplevel() on ptolemy.moml.MoMLSimpleApplication@3e7ab90c
reloadAllAccessors: .Sinewave2

===========================================================================================
----------------- testing Fri Feb 22 18:49:52 UTC 2019 /home/travis/build/icyphy/ptII/ptolemy/actor/lib/test/auto/Sinewave3.xml
----------------- Instantiating /home/travis/build/icyphy/ptII/ptolemy/actor/lib/test/auto/Sinewave3.xml
5 ms. Memory: 1707520K Free: 623844K (37%)
----------------- Invoking toplevel() on ptolemy.moml.MoMLSimpleApplication@78a73471
----------------- Done invoking toplevel() on ptolemy.moml.MoMLSimpleApplication@78a73471
reloadAllAccessors: .Sinewave3

===========================================================================================
----------------- testing Fri Feb 22 18:49:52 UTC 2019 /home/travis/build/icyphy/ptII/ptolemy/actor/lib/test/auto/SingleEvent.xml
----------------- Instantiating /home/travis/build/icyphy/ptII/ptolemy/actor/lib/test/auto/SingleEvent.xml
1 ms. Memory: 1707520K Free: 598521K (35%)
----------------- Invoking toplevel() on ptolemy.moml.MoMLSimpleApplication@13fff0ad
----------------- Done invoking toplevel() on ptolemy.moml.MoMLSimpleApplication@13fff0ad
reloadAllAccessors: .SingleEvent

===========================================================================================
----------------- testing Fri Feb 22 18:49:52 UTC 2019 /home/travis/build/icyphy/ptII/ptolemy/actor/lib/test/auto/Sleep.xml
----------------- Instantiating /home/travis/build/icyphy/ptII/ptolemy/actor/lib/test/auto/Sleep.xml
6003 ms. Memory: 1707520K Free: 573198K (34%)
----------------- Invoking toplevel() on ptolemy.moml.MoMLSimpleApplication@33d59866
----------------- Done invoking toplevel() on ptolemy.moml.MoMLSimpleApplication@33d59866
reloadAllAccessors: .Sleep

===========================================================================================
----------------- testing Fri Feb 22 18:49:58 UTC 2019 /home/travis/build/icyphy/ptII/ptolemy/actor/lib/test/auto/SleepMultipleFire.xml
----------------- Instantiating /home/travis/build/icyphy/ptII/ptolemy/actor/lib/test/auto/SleepMultipleFire.xml
1004 ms. Memory: 1707520K Free: 551810K (32%)
----------------- Invoking toplevel() on ptolemy.moml.MoMLSimpleApplication@5a4684aa
----------------- Done invoking toplevel() on ptolemy.moml.MoMLSimpleApplication@5a4684aa
reloadAllAccessors: .SleepMultipleFire

===========================================================================================
----------------- testing Fri Feb 22 18:49:59 UTC 2019 /home/travis/build/icyphy/ptII/ptolemy/actor/lib/test/auto/StopDE.xml
----------------- Instantiating /home/travis/build/icyphy/ptII/ptolemy/actor/lib/test/auto/StopDE.xml
2 ms. Memory: 1707520K Free: 526486K (31%)
----------------- Invoking toplevel() on ptolemy.moml.MoMLSimpleApplication@308b2805
----------------- Done invoking toplevel() on ptolemy.moml.MoMLSimpleApplication@308b2805
reloadAllAccessors: .StopDE

===========================================================================================
----------------- testing Fri Feb 22 18:49:59 UTC 2019 /home/travis/build/icyphy/ptII/ptolemy/actor/lib/test/auto/StopSDF.xml
----------------- Instantiating /home/travis/build/icyphy/ptII/ptolemy/actor/lib/test/auto/StopSDF.xml
2 ms. Memory: 1707520K Free: 501163K (29%)
----------------- Invoking toplevel() on ptolemy.moml.MoMLSimpleApplication@6ea974fb
----------------- Done invoking toplevel() on ptolemy.moml.MoMLSimpleApplication@6ea974fb
reloadAllAccessors: .StopSDF

===========================================================================================
----------------- testing Fri Feb 22 18:49:59 UTC 2019 /home/travis/build/icyphy/ptII/ptolemy/actor/lib/test/auto/StringConstant.xml
----------------- Instantiating /home/travis/build/icyphy/ptII/ptolemy/actor/lib/test/auto/StringConstant.xml
2 ms. Memory: 1707520K Free: 479775K (28%)
----------------- Invoking toplevel() on ptolemy.moml.MoMLSimpleApplication@7f8e483e
----------------- Done invoking toplevel() on ptolemy.moml.MoMLSimpleApplication@7f8e483e
reloadAllAccessors: .StringConstant

===========================================================================================
----------------- testing Fri Feb 22 18:49:59 UTC 2019 /home/travis/build/icyphy/ptII/ptolemy/actor/lib/test/auto/SubscriberPortInitialValues1.xml
----------------- Instantiating /home/travis/build/icyphy/ptII/ptolemy/actor/lib/test/auto/SubscriberPortInitialValues1.xml
4 ms. Memory: 1707520K Free: 454452K (27%)
----------------- Invoking toplevel() on ptolemy.moml.MoMLSimpleApplication@4ff7bb0d
----------------- Done invoking toplevel() on ptolemy.moml.MoMLSimpleApplication@4ff7bb0d
reloadAllAccessors: .SubscriberPortInitialValues1

===========================================================================================
----------------- testing Fri Feb 22 18:49:59 UTC 2019 /home/travis/build/icyphy/ptII/ptolemy/actor/lib/test/auto/SubscriberPortInitialValues13.xml
----------------- Instantiating /home/travis/build/icyphy/ptII/ptolemy/actor/lib/test/auto/SubscriberPortInitialValues13.xml
4 ms. Memory: 1707520K Free: 429129K (25%)
----------------- Invoking toplevel() on ptolemy.moml.MoMLSimpleApplication@43d4b2df
----------------- Done invoking toplevel() on ptolemy.moml.MoMLSimpleApplication@43d4b2df
reloadAllAccessors: .SubscriberPortInitialValues13

===========================================================================================
----------------- testing Fri Feb 22 18:49:59 UTC 2019 /home/travis/build/icyphy/ptII/ptolemy/actor/lib/test/auto/SubscriberPortInitialValues14.xml
----------------- Instantiating /home/travis/build/icyphy/ptII/ptolemy/actor/lib/test/auto/SubscriberPortInitialValues14.xml
3 ms. Memory: 1707520K Free: 407741K (24%)
----------------- Invoking toplevel() on ptolemy.moml.MoMLSimpleApplication@629db914
----------------- Done invoking toplevel() on ptolemy.moml.MoMLSimpleApplication@629db914
reloadAllAccessors: .SubscriberPortInitialValues14

===========================================================================================
----------------- testing Fri Feb 22 18:49:59 UTC 2019 /home/travis/build/icyphy/ptII/ptolemy/actor/lib/test/auto/SubscriberPortInitialValues2.xml
----------------- Instantiating /home/travis/build/icyphy/ptII/ptolemy/actor/lib/test/auto/SubscriberPortInitialValues2.xml
4 ms. Memory: 1707520K Free: 382417K (22%)
----------------- Invoking toplevel() on ptolemy.moml.MoMLSimpleApplication@17f9c70e
----------------- Done invoking toplevel() on ptolemy.moml.MoMLSimpleApplication@17f9c70e
reloadAllAccessors: .SubscriberPortInitialValues2

===========================================================================================
----------------- testing Fri Feb 22 18:49:59 UTC 2019 /home/travis/build/icyphy/ptII/ptolemy/actor/lib/test/auto/SubscriberPortInitialValues3.xml
----------------- Instantiating /home/travis/build/icyphy/ptII/ptolemy/actor/lib/test/auto/SubscriberPortInitialValues3.xml
3 ms. Memory: 1707520K Free: 361029K (21%)
----------------- Invoking toplevel() on ptolemy.moml.MoMLSimpleApplication@2ca9524b
----------------- Done invoking toplevel() on ptolemy.moml.MoMLSimpleApplication@2ca9524b
reloadAllAccessors: .SubscriberPortInitialValues3

===========================================================================================
----------------- testing Fri Feb 22 18:49:59 UTC 2019 /home/travis/build/icyphy/ptII/ptolemy/actor/lib/test/auto/SubscriptionAggregator.xml
----------------- Instantiating /home/travis/build/icyphy/ptII/ptolemy/actor/lib/test/auto/SubscriptionAggregator.xml
2 ms. Memory: 1707520K Free: 335706K (20%)
----------------- Invoking toplevel() on ptolemy.moml.MoMLSimpleApplication@183823b8
----------------- Done invoking toplevel() on ptolemy.moml.MoMLSimpleApplication@183823b8
reloadAllAccessors: .SubscriptionAggregator

===========================================================================================
----------------- testing Fri Feb 22 18:49:59 UTC 2019 /home/travis/build/icyphy/ptII/ptolemy/actor/lib/test/auto/SubscriptionAggregator2.xml
----------------- Instantiating /home/travis/build/icyphy/ptII/ptolemy/actor/lib/test/auto/SubscriptionAggregator2.xml
2 ms. Memory: 1707520K Free: 310383K (18%)
----------------- Invoking toplevel() on ptolemy.moml.MoMLSimpleApplication@f2f1169
----------------- Done invoking toplevel() on ptolemy.moml.MoMLSimpleApplication@f2f1169
reloadAllAccessors: .SubscriptionAggregator2

===========================================================================================
----------------- testing Fri Feb 22 18:49:59 UTC 2019 /home/travis/build/icyphy/ptII/ptolemy/actor/lib/test/auto/SubscriptionAggregator3.xml
----------------- Instantiating /home/travis/build/icyphy/ptII/ptolemy/actor/lib/test/auto/SubscriptionAggregator3.xml
2 ms. Memory: 1707520K Free: 288995K (17%)
----------------- Invoking toplevel() on ptolemy.moml.MoMLSimpleApplication@4fc18aad
----------------- Done invoking toplevel() on ptolemy.moml.MoMLSimpleApplication@4fc18aad
reloadAllAccessors: .SubscriptionAggregator3

===========================================================================================
----------------- testing Fri Feb 22 18:49:59 UTC 2019 /home/travis/build/icyphy/ptII/ptolemy/actor/lib/test/auto/SubscriptionAggregatorMultiply.xml
----------------- Instantiating /home/travis/build/icyphy/ptII/ptolemy/actor/lib/test/auto/SubscriptionAggregatorMultiply.xml
2 ms. Memory: 1707520K Free: 263671K (15%)
----------------- Invoking toplevel() on ptolemy.moml.MoMLSimpleApplication@33634b98
----------------- Done invoking toplevel() on ptolemy.moml.MoMLSimpleApplication@33634b98
reloadAllAccessors: .SubscriptionAggregatorMultiply

===========================================================================================
----------------- testing Fri Feb 22 18:49:59 UTC 2019 /home/travis/build/icyphy/ptII/ptolemy/actor/lib/test/auto/SubscriptionAggregatorPortMultiply1.xml
----------------- Instantiating /home/travis/build/icyphy/ptII/ptolemy/actor/lib/test/auto/SubscriptionAggregatorPortMultiply1.xml
4 ms. Memory: 1707520K Free: 238348K (14%)
----------------- Invoking toplevel() on ptolemy.moml.MoMLSimpleApplication@40c8ec29
----------------- Done invoking toplevel() on ptolemy.moml.MoMLSimpleApplication@40c8ec29
reloadAllAccessors: .SubscriptionAggregatorPortMultiply1

===========================================================================================
----------------- testing Fri Feb 22 18:49:59 UTC 2019 /home/travis/build/icyphy/ptII/ptolemy/actor/lib/test/auto/Switch.xml
----------------- Instantiating /home/travis/build/icyphy/ptII/ptolemy/actor/lib/test/auto/Switch.xml
6 ms. Memory: 1707520K Free: 152796K (9%)
----------------- Invoking toplevel() on ptolemy.moml.MoMLSimpleApplication@4a9d6f80
----------------- Done invoking toplevel() on ptolemy.moml.MoMLSimpleApplication@4a9d6f80
reloadAllAccessors: .Switch

===========================================================================================
----------------- testing Fri Feb 22 18:49:59 UTC 2019 /home/travis/build/icyphy/ptII/ptolemy/actor/lib/test/auto/Switch2.xml
----------------- Instantiating /home/travis/build/icyphy/ptII/ptolemy/actor/lib/test/auto/Switch2.xml
2 ms. Memory: 1707520K Free: 127473K (7%)
----------------- Invoking toplevel() on ptolemy.moml.MoMLSimpleApplication@3b872d6a
----------------- Done invoking toplevel() on ptolemy.moml.MoMLSimpleApplication@3b872d6a
reloadAllAccessors: .Switch2

===========================================================================================
----------------- testing Fri Feb 22 18:49:59 UTC 2019 /home/travis/build/icyphy/ptII/ptolemy/actor/lib/test/auto/SwitchDE.xml
----------------- Instantiating /home/travis/build/icyphy/ptII/ptolemy/actor/lib/test/auto/SwitchDE.xml
7 ms. Memory: 1707520K Free: 106085K (6%)
----------------- Invoking toplevel() on ptolemy.moml.MoMLSimpleApplication@6c7355a0
----------------- Done invoking toplevel() on ptolemy.moml.MoMLSimpleApplication@6c7355a0
reloadAllAccessors: .SwitchDE

===========================================================================================
----------------- testing Fri Feb 22 18:49:59 UTC 2019 /home/travis/build/icyphy/ptII/ptolemy/actor/lib/test/auto/SynchronizerDE.xml
----------------- Instantiating /home/travis/build/icyphy/ptII/ptolemy/actor/lib/test/auto/SynchronizerDE.xml
7 ms. Memory: 1707520K Free: 80762K (5%)
----------------- Invoking toplevel() on ptolemy.moml.MoMLSimpleApplication@3b1cec8e
----------------- Done invoking toplevel() on ptolemy.moml.MoMLSimpleApplication@3b1cec8e
reloadAllAccessors: .SynchronizerDE

===========================================================================================
----------------- testing Fri Feb 22 18:49:59 UTC 2019 /home/travis/build/icyphy/ptII/ptolemy/actor/lib/test/auto/Test.xml
----------------- Instantiating /home/travis/build/icyphy/ptII/ptolemy/actor/lib/test/auto/Test.xml
7 ms. Memory: 1707520K Free: 64337K (4%)
----------------- Invoking toplevel() on ptolemy.moml.MoMLSimpleApplication@7d5932d5
----------------- Done invoking toplevel() on ptolemy.moml.MoMLSimpleApplication@7d5932d5
reloadAllAccessors: .Test

===========================================================================================
----------------- testing Fri Feb 22 18:49:59 UTC 2019 /home/travis/build/icyphy/ptII/ptolemy/actor/lib/test/auto/TestExceptionAttribute1.xml
----------------- Instantiating /home/travis/build/icyphy/ptII/ptolemy/actor/lib/test/auto/TestExceptionAttribute1.xml
1 ms. Memory: 1720832K Free: 1664706K (97%)
----------------- Invoking toplevel() on ptolemy.moml.MoMLSimpleApplication@55af47b5
----------------- Done invoking toplevel() on ptolemy.moml.MoMLSimpleApplication@55af47b5
reloadAllAccessors: .TestExceptionAttribute1

===========================================================================================
----------------- testing Fri Feb 22 18:49:59 UTC 2019 /home/travis/build/icyphy/ptII/ptolemy/actor/lib/test/auto/TestExceptionAttribute2.xml
----------------- Instantiating /home/travis/build/icyphy/ptII/ptolemy/actor/lib/test/auto/TestExceptionAttribute2.xml
1 ms. Memory: 1720832K Free: 1639870K (95%)
----------------- Invoking toplevel() on ptolemy.moml.MoMLSimpleApplication@2db3c270
----------------- Done invoking toplevel() on ptolemy.moml.MoMLSimpleApplication@2db3c270
reloadAllAccessors: .TestExceptionAttribute2

===========================================================================================
----------------- testing Fri Feb 22 18:49:59 UTC 2019 /home/travis/build/icyphy/ptII/ptolemy/actor/lib/test/auto/TestExceptionAttribute3.xml
----------------- Instantiating /home/travis/build/icyphy/ptII/ptolemy/actor/lib/test/auto/TestExceptionAttribute3.xml
.TestExceptionAttribute3.TestExceptionAttribute: initialize() was not invoked, but wrapup() was.  This is unusual, but not always a problem.  For example, exporting JNLP will do this.
1 ms. Memory: 1720832K Free: 1615033K (94%)
----------------- Invoking toplevel() on ptolemy.moml.MoMLSimpleApplication@7ecafbc
----------------- Done invoking toplevel() on ptolemy.moml.MoMLSimpleApplication@7ecafbc
reloadAllAccessors: .TestExceptionAttribute3

===========================================================================================
----------------- testing Fri Feb 22 18:49:59 UTC 2019 /home/travis/build/icyphy/ptII/ptolemy/actor/lib/test/auto/TestExceptionAttribute4.xml
----------------- Instantiating /home/travis/build/icyphy/ptII/ptolemy/actor/lib/test/auto/TestExceptionAttribute4.xml
.TestExceptionAttribute4.TestExceptionAttribute: initialize() was not invoked, but wrapup() was.  This is unusual, but not always a problem.  For example, exporting JNLP will do this.
.TestExceptionAttribute4.TestExceptionAttribute2: initialize() was not invoked, but wrapup() was.  This is unusual, but not always a problem.  For example, exporting JNLP will do this.
1 ms. Memory: 1720832K Free: 1590196K (92%)
----------------- Invoking toplevel() on ptolemy.moml.MoMLSimpleApplication@7efd11d8
----------------- Done invoking toplevel() on ptolemy.moml.MoMLSimpleApplication@7efd11d8
reloadAllAccessors: .TestExceptionAttribute4

===========================================================================================
----------------- testing Fri Feb 22 18:49:59 UTC 2019 /home/travis/build/icyphy/ptII/ptolemy/actor/lib/test/auto/TestExceptionHandler1.xml
----------------- Instantiating /home/travis/build/icyphy/ptII/ptolemy/actor/lib/test/auto/TestExceptionHandler1.xml
0 ms. Memory: 1720832K Free: 1568808K (91%)
----------------- Invoking toplevel() on ptolemy.moml.MoMLSimpleApplication@419af4a
----------------- Done invoking toplevel() on ptolemy.moml.MoMLSimpleApplication@419af4a
reloadAllAccessors: .TestExceptionHandler1

===========================================================================================
----------------- testing Fri Feb 22 18:49:59 UTC 2019 /home/travis/build/icyphy/ptII/ptolemy/actor/lib/test/auto/TestExceptionHandler2.xml
----------------- Instantiating /home/travis/build/icyphy/ptII/ptolemy/actor/lib/test/auto/TestExceptionHandler2.xml
2 ms. Memory: 1720832K Free: 1543971K (90%)
----------------- Invoking toplevel() on ptolemy.moml.MoMLSimpleApplication@23867b7b
----------------- Done invoking toplevel() on ptolemy.moml.MoMLSimpleApplication@23867b7b
reloadAllAccessors: .TestExceptionHandler2

===========================================================================================
----------------- testing Fri Feb 22 18:49:59 UTC 2019 /home/travis/build/icyphy/ptII/ptolemy/actor/lib/test/auto/TestExceptionHandler3.xml
----------------- Instantiating /home/travis/build/icyphy/ptII/ptolemy/actor/lib/test/auto/TestExceptionHandler3.xml
0 ms. Memory: 1720832K Free: 1519134K (88%)
----------------- Invoking toplevel() on ptolemy.moml.MoMLSimpleApplication@63af829a
----------------- Done invoking toplevel() on ptolemy.moml.MoMLSimpleApplication@63af829a
reloadAllAccessors: .TestExceptionHandler3

===========================================================================================
----------------- testing Fri Feb 22 18:49:59 UTC 2019 /home/travis/build/icyphy/ptII/ptolemy/actor/lib/test/auto/TestExceptionHandler4.xml
----------------- Instantiating /home/travis/build/icyphy/ptII/ptolemy/actor/lib/test/auto/TestExceptionHandler4.xml
1 ms. Memory: 1720832K Free: 1494297K (87%)
----------------- Invoking toplevel() on ptolemy.moml.MoMLSimpleApplication@6ea220be
----------------- Done invoking toplevel() on ptolemy.moml.MoMLSimpleApplication@6ea220be
reloadAllAccessors: .TestExceptionHandler4

===========================================================================================
----------------- testing Fri Feb 22 18:49:59 UTC 2019 /home/travis/build/icyphy/ptII/ptolemy/actor/lib/test/auto/TestRequireCorrectOrder.xml
----------------- Instantiating /home/travis/build/icyphy/ptII/ptolemy/actor/lib/test/auto/TestRequireCorrectOrder.xml
2 ms. Memory: 1720832K Free: 1472909K (86%)
----------------- Invoking toplevel() on ptolemy.moml.MoMLSimpleApplication@5b9e2fee
----------------- Done invoking toplevel() on ptolemy.moml.MoMLSimpleApplication@5b9e2fee
reloadAllAccessors: .TestRequireCorrectOrder

===========================================================================================
----------------- testing Fri Feb 22 18:49:59 UTC 2019 /home/travis/build/icyphy/ptII/ptolemy/actor/lib/test/auto/TestSimple.xml
----------------- Instantiating /home/travis/build/icyphy/ptII/ptolemy/actor/lib/test/auto/TestSimple.xml
1 ms. Memory: 1720832K Free: 1448073K (84%)
----------------- Invoking toplevel() on ptolemy.moml.MoMLSimpleApplication@584ec26f
----------------- Done invoking toplevel() on ptolemy.moml.MoMLSimpleApplication@584ec26f
reloadAllAccessors: .TestSimple

===========================================================================================
----------------- testing Fri Feb 22 18:49:59 UTC 2019 /home/travis/build/icyphy/ptII/ptolemy/actor/lib/test/auto/ThrowModelError.xml
----------------- Instantiating /home/travis/build/icyphy/ptII/ptolemy/actor/lib/test/auto/ThrowModelError.xml
1 ms. Memory: 1720832K Free: 1423236K (83%)
----------------- Invoking toplevel() on ptolemy.moml.MoMLSimpleApplication@798e776b
----------------- Done invoking toplevel() on ptolemy.moml.MoMLSimpleApplication@798e776b
reloadAllAccessors: .ThrowModelError

===========================================================================================
----------------- testing Fri Feb 22 18:49:59 UTC 2019 /home/travis/build/icyphy/ptII/ptolemy/actor/lib/test/auto/TimeDelayMicrosteps.xml
----------------- Instantiating /home/travis/build/icyphy/ptII/ptolemy/actor/lib/test/auto/TimeDelayMicrosteps.xml
3 ms. Memory: 1720832K Free: 1401848K (81%)
----------------- Invoking toplevel() on ptolemy.moml.MoMLSimpleApplication@34f92aa8
----------------- Done invoking toplevel() on ptolemy.moml.MoMLSimpleApplication@34f92aa8
reloadAllAccessors: .TimeDelayMicrosteps

===========================================================================================
----------------- testing Fri Feb 22 18:49:59 UTC 2019 /home/travis/build/icyphy/ptII/ptolemy/actor/lib/test/auto/TimeDelayMicrosteps2.xml
----------------- Instantiating /home/travis/build/icyphy/ptII/ptolemy/actor/lib/test/auto/TimeDelayMicrosteps2.xml
2 ms. Memory: 1720832K Free: 1377011K (80%)
----------------- Invoking toplevel() on ptolemy.moml.MoMLSimpleApplication@12ec1987
----------------- Done invoking toplevel() on ptolemy.moml.MoMLSimpleApplication@12ec1987
reloadAllAccessors: .TimeDelayMicrosteps2

===========================================================================================
----------------- testing Fri Feb 22 18:49:59 UTC 2019 /home/travis/build/icyphy/ptII/ptolemy/actor/lib/test/auto/TimeDelayMicrosteps3.xml
----------------- Instantiating /home/travis/build/icyphy/ptII/ptolemy/actor/lib/test/auto/TimeDelayMicrosteps3.xml
2 ms. Memory: 1720832K Free: 1352174K (79%)
----------------- Invoking toplevel() on ptolemy.moml.MoMLSimpleApplication@4659db2
----------------- Done invoking toplevel() on ptolemy.moml.MoMLSimpleApplication@4659db2
reloadAllAccessors: .TimeDelayMicrosteps3

===========================================================================================
----------------- testing Fri Feb 22 18:49:59 UTC 2019 /home/travis/build/icyphy/ptII/ptolemy/actor/lib/test/auto/TimeDelayVariableMicrosteps.xml
----------------- Instantiating /home/travis/build/icyphy/ptII/ptolemy/actor/lib/test/auto/TimeDelayVariableMicrosteps.xml
2 ms. Memory: 1720832K Free: 1327337K (77%)
----------------- Invoking toplevel() on ptolemy.moml.MoMLSimpleApplication@1125dd81
----------------- Done invoking toplevel() on ptolemy.moml.MoMLSimpleApplication@1125dd81
reloadAllAccessors: .TimeDelayVariableMicrosteps

===========================================================================================
----------------- testing Fri Feb 22 18:49:59 UTC 2019 /home/travis/build/icyphy/ptII/ptolemy/actor/lib/test/auto/TimeGap.xml
----------------- Instantiating /home/travis/build/icyphy/ptII/ptolemy/actor/lib/test/auto/TimeGap.xml
9 ms. Memory: 1720832K Free: 1305949K (76%)
----------------- Invoking toplevel() on ptolemy.moml.MoMLSimpleApplication@41d2c1b
----------------- Done invoking toplevel() on ptolemy.moml.MoMLSimpleApplication@41d2c1b
reloadAllAccessors: .TimeGap

===========================================================================================
----------------- testing Fri Feb 22 18:49:59 UTC 2019 /home/travis/build/icyphy/ptII/ptolemy/actor/lib/test/auto/TimeGap2.xml
----------------- Instantiating /home/travis/build/icyphy/ptII/ptolemy/actor/lib/test/auto/TimeGap2.xml
2 ms. Memory: 1720832K Free: 1281112K (74%)
----------------- Invoking toplevel() on ptolemy.moml.MoMLSimpleApplication@1a454d99
----------------- Done invoking toplevel() on ptolemy.moml.MoMLSimpleApplication@1a454d99
reloadAllAccessors: .TimeGap2

===========================================================================================
----------------- testing Fri Feb 22 18:49:59 UTC 2019 /home/travis/build/icyphy/ptII/ptolemy/actor/lib/test/auto/TimedSinewave.xml
----------------- Instantiating /home/travis/build/icyphy/ptII/ptolemy/actor/lib/test/auto/TimedSinewave.xml
12 ms. Memory: 1720832K Free: 1245565K (72%)
----------------- Invoking toplevel() on ptolemy.moml.MoMLSimpleApplication@3bf0b65d
----------------- Done invoking toplevel() on ptolemy.moml.MoMLSimpleApplication@3bf0b65d
reloadAllAccessors: .TimedSinewave

===========================================================================================
----------------- testing Fri Feb 22 18:49:59 UTC 2019 /home/travis/build/icyphy/ptII/ptolemy/actor/lib/test/auto/TimedSinewavePhase.xml
----------------- Instantiating /home/travis/build/icyphy/ptII/ptolemy/actor/lib/test/auto/TimedSinewavePhase.xml
8 ms. Memory: 1720832K Free: 1220728K (71%)
----------------- Invoking toplevel() on ptolemy.moml.MoMLSimpleApplication@61f13fb3
----------------- Done invoking toplevel() on ptolemy.moml.MoMLSimpleApplication@61f13fb3
reloadAllAccessors: .TimedSinewavePhase

===========================================================================================
----------------- testing Fri Feb 22 18:49:59 UTC 2019 /home/travis/build/icyphy/ptII/ptolemy/actor/lib/test/auto/Timer.xml
----------------- Instantiating /home/travis/build/icyphy/ptII/ptolemy/actor/lib/test/auto/Timer.xml
1 ms. Memory: 1720832K Free: 1199315K (70%)
----------------- Invoking toplevel() on ptolemy.moml.MoMLSimpleApplication@6f6a75c1
----------------- Done invoking toplevel() on ptolemy.moml.MoMLSimpleApplication@6f6a75c1
reloadAllAccessors: .Timer

===========================================================================================
----------------- testing Fri Feb 22 18:49:59 UTC 2019 /home/travis/build/icyphy/ptII/ptolemy/actor/lib/test/auto/TriangularDistTestModel.xml
----------------- Instantiating /home/travis/build/icyphy/ptII/ptolemy/actor/lib/test/auto/TriangularDistTestModel.xml
2 ms. Memory: 1720832K Free: 1174478K (68%)
----------------- Invoking toplevel() on ptolemy.moml.MoMLSimpleApplication@d3504b9
----------------- Done invoking toplevel() on ptolemy.moml.MoMLSimpleApplication@d3504b9
reloadAllAccessors: .TriangularDistTestModel

===========================================================================================
----------------- testing Fri Feb 22 18:49:59 UTC 2019 /home/travis/build/icyphy/ptII/ptolemy/actor/lib/test/auto/TrigFunction.xml
----------------- Instantiating /home/travis/build/icyphy/ptII/ptolemy/actor/lib/test/auto/TrigFunction.xml
2 ms. Memory: 1720832K Free: 1149641K (67%)
----------------- Invoking toplevel() on ptolemy.moml.MoMLSimpleApplication@4db36732
----------------- Done invoking toplevel() on ptolemy.moml.MoMLSimpleApplication@4db36732
reloadAllAccessors: .TrigFunction

===========================================================================================
----------------- testing Fri Feb 22 18:49:59 UTC 2019 /home/travis/build/icyphy/ptII/ptolemy/actor/lib/test/auto/TrigFunctionDE.xml
----------------- Instantiating /home/travis/build/icyphy/ptII/ptolemy/actor/lib/test/auto/TrigFunctionDE.xml
1 ms. Memory: 1720832K Free: 1128253K (66%)
----------------- Invoking toplevel() on ptolemy.moml.MoMLSimpleApplication@6af60927
----------------- Done invoking toplevel() on ptolemy.moml.MoMLSimpleApplication@6af60927
reloadAllAccessors: .TrigFunctionDE

===========================================================================================
----------------- testing Fri Feb 22 18:49:59 UTC 2019 /home/travis/build/icyphy/ptII/ptolemy/actor/lib/test/auto/TrigFunctionInverse.xml
----------------- Instantiating /home/travis/build/icyphy/ptII/ptolemy/actor/lib/test/auto/TrigFunctionInverse.xml
2 ms. Memory: 1720832K Free: 1103416K (64%)
----------------- Invoking toplevel() on ptolemy.moml.MoMLSimpleApplication@f1bfd0c
----------------- Done invoking toplevel() on ptolemy.moml.MoMLSimpleApplication@f1bfd0c
reloadAllAccessors: .TrigFunctionInverse

===========================================================================================
----------------- testing Fri Feb 22 18:49:59 UTC 2019 /home/travis/build/icyphy/ptII/ptolemy/actor/lib/test/auto/TrigFunctionTan.xml
----------------- Instantiating /home/travis/build/icyphy/ptII/ptolemy/actor/lib/test/auto/TrigFunctionTan.xml
2 ms. Memory: 1720832K Free: 1078579K (63%)
----------------- Invoking toplevel() on ptolemy.moml.MoMLSimpleApplication@59c2e5de
----------------- Done invoking toplevel() on ptolemy.moml.MoMLSimpleApplication@59c2e5de
reloadAllAccessors: .TrigFunctionTan

===========================================================================================
----------------- testing Fri Feb 22 18:49:59 UTC 2019 /home/travis/build/icyphy/ptII/ptolemy/actor/lib/test/auto/TriggeredClock.xml
----------------- Instantiating /home/travis/build/icyphy/ptII/ptolemy/actor/lib/test/auto/TriggeredClock.xml
1 ms. Memory: 1720832K Free: 1053742K (61%)
----------------- Invoking toplevel() on ptolemy.moml.MoMLSimpleApplication@4abe1ca4
----------------- Done invoking toplevel() on ptolemy.moml.MoMLSimpleApplication@4abe1ca4
reloadAllAccessors: .TriggeredClock

===========================================================================================
----------------- testing Fri Feb 22 18:49:59 UTC 2019 /home/travis/build/icyphy/ptII/ptolemy/actor/lib/test/auto/URLDirectoryReader.xml
----------------- Instantiating /home/travis/build/icyphy/ptII/ptolemy/actor/lib/test/auto/URLDirectoryReader.xml
36 ms. Memory: 1720832K Free: 1032354K (60%)
----------------- Invoking toplevel() on ptolemy.moml.MoMLSimpleApplication@4192688b
----------------- Done invoking toplevel() on ptolemy.moml.MoMLSimpleApplication@4192688b
reloadAllAccessors: .URLDirectoryReader

===========================================================================================
----------------- testing Fri Feb 22 18:49:59 UTC 2019 /home/travis/build/icyphy/ptII/ptolemy/actor/lib/test/auto/URLDirectoryReader3.xml
----------------- Instantiating /home/travis/build/icyphy/ptII/ptolemy/actor/lib/test/auto/URLDirectoryReader3.xml
1344 ms. Memory: 1720832K Free: 964741K (56%)
----------------- Invoking toplevel() on ptolemy.moml.MoMLSimpleApplication@5b9bc0fb
----------------- Done invoking toplevel() on ptolemy.moml.MoMLSimpleApplication@5b9bc0fb
reloadAllAccessors: .URLDirectoryReader3

===========================================================================================
----------------- testing Fri Feb 22 18:50:01 UTC 2019 /home/travis/build/icyphy/ptII/ptolemy/actor/lib/test/auto/UnaryMathFunction.xml
----------------- Instantiating /home/travis/build/icyphy/ptII/ptolemy/actor/lib/test/auto/UnaryMathFunction.xml
2 ms. Memory: 1720832K Free: 939904K (55%)
----------------- Invoking toplevel() on ptolemy.moml.MoMLSimpleApplication@3f2a2a8f
----------------- Done invoking toplevel() on ptolemy.moml.MoMLSimpleApplication@3f2a2a8f
reloadAllAccessors: .UnaryMathFunction

===========================================================================================
----------------- testing Fri Feb 22 18:50:01 UTC 2019 /home/travis/build/icyphy/ptII/ptolemy/actor/lib/test/auto/Uniform.xml
----------------- Instantiating /home/travis/build/icyphy/ptII/ptolemy/actor/lib/test/auto/Uniform.xml
1 ms. Memory: 1720832K Free: 915067K (53%)
----------------- Invoking toplevel() on ptolemy.moml.MoMLSimpleApplication@7a9c1d58
----------------- Done invoking toplevel() on ptolemy.moml.MoMLSimpleApplication@7a9c1d58
reloadAllAccessors: .Uniform

===========================================================================================
----------------- testing Fri Feb 22 18:50:01 UTC 2019 /home/travis/build/icyphy/ptII/ptolemy/actor/lib/test/auto/UnionDisassemblerTest.xml
----------------- Instantiating /home/travis/build/icyphy/ptII/ptolemy/actor/lib/test/auto/UnionDisassemblerTest.xml
6 ms. Memory: 1720832K Free: 893679K (52%)
----------------- Invoking toplevel() on ptolemy.moml.MoMLSimpleApplication@44142407
----------------- Done invoking toplevel() on ptolemy.moml.MoMLSimpleApplication@44142407
reloadAllAccessors: .UnionDisassemblerTest

===========================================================================================
----------------- testing Fri Feb 22 18:50:01 UTC 2019 /home/travis/build/icyphy/ptII/ptolemy/actor/lib/test/auto/UtilityFunctions.xml
----------------- Instantiating /home/travis/build/icyphy/ptII/ptolemy/actor/lib/test/auto/UtilityFunctions.xml
9 ms. Memory: 1720832K Free: 868842K (50%)
----------------- Invoking toplevel() on ptolemy.moml.MoMLSimpleApplication@6b439538
----------------- Done invoking toplevel() on ptolemy.moml.MoMLSimpleApplication@6b439538
reloadAllAccessors: .UtilityFunctions

===========================================================================================
----------------- testing Fri Feb 22 18:50:01 UTC 2019 /home/travis/build/icyphy/ptII/ptolemy/actor/lib/test/auto/VariableSleep.xml
----------------- Instantiating /home/travis/build/icyphy/ptII/ptolemy/actor/lib/test/auto/VariableSleep.xml
510 ms. Memory: 1720832K Free: 844005K (49%)
----------------- Invoking toplevel() on ptolemy.moml.MoMLSimpleApplication@67917cc8
----------------- Done invoking toplevel() on ptolemy.moml.MoMLSimpleApplication@67917cc8
reloadAllAccessors: .VariableSleep

===========================================================================================
----------------- testing Fri Feb 22 18:50:02 UTC 2019 /home/travis/build/icyphy/ptII/ptolemy/actor/lib/test/auto/VectorAssemblerDisassemblerCT.xml
----------------- Instantiating /home/travis/build/icyphy/ptII/ptolemy/actor/lib/test/auto/VectorAssemblerDisassemblerCT.xml
53 ms. Memory: 1720832K Free: 808466K (47%)
----------------- Invoking toplevel() on ptolemy.moml.MoMLSimpleApplication@7121be73
----------------- Done invoking toplevel() on ptolemy.moml.MoMLSimpleApplication@7121be73
reloadAllAccessors: .VectorAssemblerDisassemblerCT

===========================================================================================
----------------- testing Fri Feb 22 18:50:02 UTC 2019 /home/travis/build/icyphy/ptII/ptolemy/actor/lib/test/auto/VectorAssemblerDisassemblerDE.xml
----------------- Instantiating /home/travis/build/icyphy/ptII/ptolemy/actor/lib/test/auto/VectorAssemblerDisassemblerDE.xml
2 ms. Memory: 1720832K Free: 787078K (46%)
----------------- Invoking toplevel() on ptolemy.moml.MoMLSimpleApplication@2884c4eb
----------------- Done invoking toplevel() on ptolemy.moml.MoMLSimpleApplication@2884c4eb
reloadAllAccessors: .VectorAssemblerDisassemblerDE

===========================================================================================
----------------- testing Fri Feb 22 18:50:02 UTC 2019 /home/travis/build/icyphy/ptII/ptolemy/actor/lib/test/auto/VectorAssemblerDisassemblerSDF.xml
----------------- Instantiating /home/travis/build/icyphy/ptII/ptolemy/actor/lib/test/auto/VectorAssemblerDisassemblerSDF.xml
3 ms. Memory: 1720832K Free: 762242K (44%)
----------------- Invoking toplevel() on ptolemy.moml.MoMLSimpleApplication@381cab5d
----------------- Done invoking toplevel() on ptolemy.moml.MoMLSimpleApplication@381cab5d
reloadAllAccessors: .VectorAssemblerDisassemblerSDF

===========================================================================================
----------------- testing Fri Feb 22 18:50:02 UTC 2019 /home/travis/build/icyphy/ptII/ptolemy/actor/lib/test/auto/WallClockTime.xml
----------------- Instantiating /home/travis/build/icyphy/ptII/ptolemy/actor/lib/test/auto/WallClockTime.xml
1005 ms. Memory: 1720832K Free: 737405K (43%)
----------------- Invoking toplevel() on ptolemy.moml.MoMLSimpleApplication@7454dd08
----------------- Done invoking toplevel() on ptolemy.moml.MoMLSimpleApplication@7454dd08
reloadAllAccessors: .WallClockTime

===========================================================================================
----------------- testing Fri Feb 22 18:50:03 UTC 2019 /home/travis/build/icyphy/ptII/ptolemy/actor/lib/test/auto/WidthTestWithSubscriberPublisher.xml
----------------- Instantiating /home/travis/build/icyphy/ptII/ptolemy/actor/lib/test/auto/WidthTestWithSubscriberPublisher.xml
6 ms. Memory: 1720832K Free: 705307K (41%)
----------------- Invoking toplevel() on ptolemy.moml.MoMLSimpleApplication@4d272dcd
----------------- Done invoking toplevel() on ptolemy.moml.MoMLSimpleApplication@4d272dcd
reloadAllAccessors: .WidthTestWithSubscriberPublisher

===========================================================================================
----------------- testing Fri Feb 22 18:50:03 UTC 2019 /home/travis/build/icyphy/ptII/ptolemy/actor/lib/test/auto/WidthTestWithSubscriberPublisher2.xml
----------------- Instantiating /home/travis/build/icyphy/ptII/ptolemy/actor/lib/test/auto/WidthTestWithSubscriberPublisher2.xml
2 ms. Memory: 1720832K Free: 680470K (40%)
----------------- Invoking toplevel() on ptolemy.moml.MoMLSimpleApplication@7975ae38
----------------- Done invoking toplevel() on ptolemy.moml.MoMLSimpleApplication@7975ae38
reloadAllAccessors: .WidthTestWithSubscriberPublisher2

===========================================================================================
----------------- testing Fri Feb 22 18:50:03 UTC 2019 /home/travis/build/icyphy/ptII/ptolemy/actor/lib/test/auto/WidthTestWithSubscriberPublisher3.xml
----------------- Instantiating /home/travis/build/icyphy/ptII/ptolemy/actor/lib/test/auto/WidthTestWithSubscriberPublisher3.xml
2 ms. Memory: 1720832K Free: 655633K (38%)
----------------- Invoking toplevel() on ptolemy.moml.MoMLSimpleApplication@5cbfb584
----------------- Done invoking toplevel() on ptolemy.moml.MoMLSimpleApplication@5cbfb584
reloadAllAccessors: .WidthTestWithSubscriberPublisher3

===========================================================================================
----------------- testing Fri Feb 22 18:50:03 UTC 2019 /home/travis/build/icyphy/ptII/ptolemy/actor/lib/test/auto/Writer.xml
----------------- Instantiating /home/travis/build/icyphy/ptII/ptolemy/actor/lib/test/auto/Writer.xml
0
1
2
3
4
1 ms. Memory: 1720832K Free: 630796K (37%)
----------------- Invoking toplevel() on ptolemy.moml.MoMLSimpleApplication@1aeecc1e
----------------- Done invoking toplevel() on ptolemy.moml.MoMLSimpleApplication@1aeecc1e
reloadAllAccessors: .Writer

===========================================================================================
----------------- testing Fri Feb 22 18:50:03 UTC 2019 /home/travis/build/icyphy/ptII/ptolemy/actor/lib/test/auto/array.xml
----------------- Instantiating /home/travis/build/icyphy/ptII/ptolemy/actor/lib/test/auto/array.xml
4 ms. Memory: 1720832K Free: 609408K (35%)
----------------- Invoking toplevel() on ptolemy.moml.MoMLSimpleApplication@1de11442
----------------- Done invoking toplevel() on ptolemy.moml.MoMLSimpleApplication@1de11442
reloadAllAccessors: .array

===========================================================================================
----------------- testing Fri Feb 22 18:50:03 UTC 2019 /home/travis/build/icyphy/ptII/ptolemy/actor/lib/test/auto/array2.xml
----------------- Instantiating /home/travis/build/icyphy/ptII/ptolemy/actor/lib/test/auto/array2.xml
2 ms. Memory: 1720832K Free: 584571K (34%)
----------------- Invoking toplevel() on ptolemy.moml.MoMLSimpleApplication@101d5aa8
----------------- Done invoking toplevel() on ptolemy.moml.MoMLSimpleApplication@101d5aa8
reloadAllAccessors: .array2

===========================================================================================
----------------- testing Fri Feb 22 18:50:03 UTC 2019 /home/travis/build/icyphy/ptII/ptolemy/actor/lib/test/auto/arrayType.xml
----------------- Instantiating /home/travis/build/icyphy/ptII/ptolemy/actor/lib/test/auto/arrayType.xml
6 ms. Memory: 1720832K Free: 559734K (33%)
----------------- Invoking toplevel() on ptolemy.moml.MoMLSimpleApplication@21ec219e
----------------- Done invoking toplevel() on ptolemy.moml.MoMLSimpleApplication@21ec219e
reloadAllAccessors: .arrayType

===========================================================================================
----------------- testing Fri Feb 22 18:50:03 UTC 2019 /home/travis/build/icyphy/ptII/ptolemy/actor/lib/test/auto/arrayType10.xml
----------------- Instantiating /home/travis/build/icyphy/ptII/ptolemy/actor/lib/test/auto/arrayType10.xml
1 ms. Memory: 1720832K Free: 534897K (31%)
----------------- Invoking toplevel() on ptolemy.moml.MoMLSimpleApplication@11a8c5f8
----------------- Done invoking toplevel() on ptolemy.moml.MoMLSimpleApplication@11a8c5f8
reloadAllAccessors: .arrayType10

===========================================================================================
----------------- testing Fri Feb 22 18:50:03 UTC 2019 /home/travis/build/icyphy/ptII/ptolemy/actor/lib/test/auto/arrayType11.xml
----------------- Instantiating /home/travis/build/icyphy/ptII/ptolemy/actor/lib/test/auto/arrayType11.xml
1 ms. Memory: 1720832K Free: 513509K (30%)
----------------- Invoking toplevel() on ptolemy.moml.MoMLSimpleApplication@6baab0ee
----------------- Done invoking toplevel() on ptolemy.moml.MoMLSimpleApplication@6baab0ee
reloadAllAccessors: .arrayType11

===========================================================================================
----------------- testing Fri Feb 22 18:50:03 UTC 2019 /home/travis/build/icyphy/ptII/ptolemy/actor/lib/test/auto/arrayType12.xml
----------------- Instantiating /home/travis/build/icyphy/ptII/ptolemy/actor/lib/test/auto/arrayType12.xml
2 ms. Memory: 1720832K Free: 488672K (28%)
----------------- Invoking toplevel() on ptolemy.moml.MoMLSimpleApplication@1724665a
----------------- Done invoking toplevel() on ptolemy.moml.MoMLSimpleApplication@1724665a
reloadAllAccessors: .arrayType12

===========================================================================================
----------------- testing Fri Feb 22 18:50:03 UTC 2019 /home/travis/build/icyphy/ptII/ptolemy/actor/lib/test/auto/arrayType13.xml
----------------- Instantiating /home/travis/build/icyphy/ptII/ptolemy/actor/lib/test/auto/arrayType13.xml
1 ms. Memory: 1720832K Free: 463835K (27%)
----------------- Invoking toplevel() on ptolemy.moml.MoMLSimpleApplication@5873a2e4
----------------- Done invoking toplevel() on ptolemy.moml.MoMLSimpleApplication@5873a2e4
reloadAllAccessors: .arrayType13

===========================================================================================
----------------- testing Fri Feb 22 18:50:03 UTC 2019 /home/travis/build/icyphy/ptII/ptolemy/actor/lib/test/auto/arrayType14.xml
----------------- Instantiating /home/travis/build/icyphy/ptII/ptolemy/actor/lib/test/auto/arrayType14.xml
2 ms. Memory: 1720832K Free: 438998K (26%)
----------------- Invoking toplevel() on ptolemy.moml.MoMLSimpleApplication@7e378e9e
----------------- Done invoking toplevel() on ptolemy.moml.MoMLSimpleApplication@7e378e9e
reloadAllAccessors: .arrayType14

===========================================================================================
----------------- testing Fri Feb 22 18:50:03 UTC 2019 /home/travis/build/icyphy/ptII/ptolemy/actor/lib/test/auto/arrayType15.xml
----------------- Instantiating /home/travis/build/icyphy/ptII/ptolemy/actor/lib/test/auto/arrayType15.xml
1 ms. Memory: 1720832K Free: 417610K (24%)
----------------- Invoking toplevel() on ptolemy.moml.MoMLSimpleApplication@321f5fd2
----------------- Done invoking toplevel() on ptolemy.moml.MoMLSimpleApplication@321f5fd2
reloadAllAccessors: .arrayType15

===========================================================================================
----------------- testing Fri Feb 22 18:50:03 UTC 2019 /home/travis/build/icyphy/ptII/ptolemy/actor/lib/test/auto/arrayType16.xml
----------------- Instantiating /home/travis/build/icyphy/ptII/ptolemy/actor/lib/test/auto/arrayType16.xml
1 ms. Memory: 1720832K Free: 392773K (23%)
----------------- Invoking toplevel() on ptolemy.moml.MoMLSimpleApplication@7f9f7133
----------------- Done invoking toplevel() on ptolemy.moml.MoMLSimpleApplication@7f9f7133
reloadAllAccessors: .arrayType16

===========================================================================================
----------------- testing Fri Feb 22 18:50:03 UTC 2019 /home/travis/build/icyphy/ptII/ptolemy/actor/lib/test/auto/arrayType17.xml
----------------- Instantiating /home/travis/build/icyphy/ptII/ptolemy/actor/lib/test/auto/arrayType17.xml
1 ms. Memory: 1720832K Free: 367936K (21%)
----------------- Invoking toplevel() on ptolemy.moml.MoMLSimpleApplication@65fd9244
----------------- Done invoking toplevel() on ptolemy.moml.MoMLSimpleApplication@65fd9244
reloadAllAccessors: .arrayType17

===========================================================================================
----------------- testing Fri Feb 22 18:50:03 UTC 2019 /home/travis/build/icyphy/ptII/ptolemy/actor/lib/test/auto/arrayType18.xml
----------------- Instantiating /home/travis/build/icyphy/ptII/ptolemy/actor/lib/test/auto/arrayType18.xml
1 ms. Memory: 1720832K Free: 343099K (20%)
----------------- Invoking toplevel() on ptolemy.moml.MoMLSimpleApplication@1659de56
----------------- Done invoking toplevel() on ptolemy.moml.MoMLSimpleApplication@1659de56
reloadAllAccessors: .arrayType18

===========================================================================================
----------------- testing Fri Feb 22 18:50:03 UTC 2019 /home/travis/build/icyphy/ptII/ptolemy/actor/lib/test/auto/arrayType19.xml
----------------- Instantiating /home/travis/build/icyphy/ptII/ptolemy/actor/lib/test/auto/arrayType19.xml
1 ms. Memory: 1720832K Free: 321711K (19%)
----------------- Invoking toplevel() on ptolemy.moml.MoMLSimpleApplication@22e60cd3
----------------- Done invoking toplevel() on ptolemy.moml.MoMLSimpleApplication@22e60cd3
reloadAllAccessors: .arrayType19

===========================================================================================
----------------- testing Fri Feb 22 18:50:03 UTC 2019 /home/travis/build/icyphy/ptII/ptolemy/actor/lib/test/auto/arrayType2.xml
----------------- Instantiating /home/travis/build/icyphy/ptII/ptolemy/actor/lib/test/auto/arrayType2.xml
1 ms. Memory: 1720832K Free: 296874K (17%)
----------------- Invoking toplevel() on ptolemy.moml.MoMLSimpleApplication@2eee9b42
----------------- Done invoking toplevel() on ptolemy.moml.MoMLSimpleApplication@2eee9b42
reloadAllAccessors: .arrayType2

===========================================================================================
----------------- testing Fri Feb 22 18:50:03 UTC 2019 /home/travis/build/icyphy/ptII/ptolemy/actor/lib/test/auto/arrayType20.xml
----------------- Instantiating /home/travis/build/icyphy/ptII/ptolemy/actor/lib/test/auto/arrayType20.xml
1 ms. Memory: 1720832K Free: 272037K (16%)
----------------- Invoking toplevel() on ptolemy.moml.MoMLSimpleApplication@5eca8a15
----------------- Done invoking toplevel() on ptolemy.moml.MoMLSimpleApplication@5eca8a15
reloadAllAccessors: .arrayType20

===========================================================================================
----------------- testing Fri Feb 22 18:50:03 UTC 2019 /home/travis/build/icyphy/ptII/ptolemy/actor/lib/test/auto/arrayType21.xml
----------------- Instantiating /home/travis/build/icyphy/ptII/ptolemy/actor/lib/test/auto/arrayType21.xml
1 ms. Memory: 1720832K Free: 250649K (15%)
----------------- Invoking toplevel() on ptolemy.moml.MoMLSimpleApplication@39c7cdf3
----------------- Done invoking toplevel() on ptolemy.moml.MoMLSimpleApplication@39c7cdf3
reloadAllAccessors: .arrayType21

===========================================================================================
----------------- testing Fri Feb 22 18:50:03 UTC 2019 /home/travis/build/icyphy/ptII/ptolemy/actor/lib/test/auto/arrayType22.xml
----------------- Instantiating /home/travis/build/icyphy/ptII/ptolemy/actor/lib/test/auto/arrayType22.xml
1 ms. Memory: 1720832K Free: 225812K (13%)
----------------- Invoking toplevel() on ptolemy.moml.MoMLSimpleApplication@687080fc
----------------- Done invoking toplevel() on ptolemy.moml.MoMLSimpleApplication@687080fc
reloadAllAccessors: .arrayType22

===========================================================================================
----------------- testing Fri Feb 22 18:50:03 UTC 2019 /home/travis/build/icyphy/ptII/ptolemy/actor/lib/test/auto/arrayType23.xml
----------------- Instantiating /home/travis/build/icyphy/ptII/ptolemy/actor/lib/test/auto/arrayType23.xml
1 ms. Memory: 1720832K Free: 200975K (12%)
----------------- Invoking toplevel() on ptolemy.moml.MoMLSimpleApplication@18cbad49
----------------- Done invoking toplevel() on ptolemy.moml.MoMLSimpleApplication@18cbad49
reloadAllAccessors: .arrayType23

===========================================================================================
----------------- testing Fri Feb 22 18:50:03 UTC 2019 /home/travis/build/icyphy/ptII/ptolemy/actor/lib/test/auto/arrayType24.xml
----------------- Instantiating /home/travis/build/icyphy/ptII/ptolemy/actor/lib/test/auto/arrayType24.xml
1 ms. Memory: 1720832K Free: 176138K (10%)
----------------- Invoking toplevel() on ptolemy.moml.MoMLSimpleApplication@49e62baf
----------------- Done invoking toplevel() on ptolemy.moml.MoMLSimpleApplication@49e62baf
reloadAllAccessors: .arrayType24

===========================================================================================
----------------- testing Fri Feb 22 18:50:03 UTC 2019 /home/travis/build/icyphy/ptII/ptolemy/actor/lib/test/auto/arrayType25.xml
----------------- Instantiating /home/travis/build/icyphy/ptII/ptolemy/actor/lib/test/auto/arrayType25.xml
1 ms. Memory: 1720832K Free: 154750K (9%)
----------------- Invoking toplevel() on ptolemy.moml.MoMLSimpleApplication@4567479b
----------------- Done invoking toplevel() on ptolemy.moml.MoMLSimpleApplication@4567479b
reloadAllAccessors: .arrayType25

===========================================================================================
----------------- testing Fri Feb 22 18:50:03 UTC 2019 /home/travis/build/icyphy/ptII/ptolemy/actor/lib/test/auto/arrayType26.xml
----------------- Instantiating /home/travis/build/icyphy/ptII/ptolemy/actor/lib/test/auto/arrayType26.xml
2 ms. Memory: 1720832K Free: 129913K (8%)
----------------- Invoking toplevel() on ptolemy.moml.MoMLSimpleApplication@dbd44b7
----------------- Done invoking toplevel() on ptolemy.moml.MoMLSimpleApplication@dbd44b7
reloadAllAccessors: .arrayType26

===========================================================================================
----------------- testing Fri Feb 22 18:50:03 UTC 2019 /home/travis/build/icyphy/ptII/ptolemy/actor/lib/test/auto/arrayType27.xml
----------------- Instantiating /home/travis/build/icyphy/ptII/ptolemy/actor/lib/test/auto/arrayType27.xml
3 ms. Memory: 1720832K Free: 105076K (6%)
----------------- Invoking toplevel() on ptolemy.moml.MoMLSimpleApplication@401ff0dc
----------------- Done invoking toplevel() on ptolemy.moml.MoMLSimpleApplication@401ff0dc
reloadAllAccessors: .arrayType27

===========================================================================================
----------------- testing Fri Feb 22 18:50:03 UTC 2019 /home/travis/build/icyphy/ptII/ptolemy/actor/lib/test/auto/arrayType28.xml
----------------- Instantiating /home/travis/build/icyphy/ptII/ptolemy/actor/lib/test/auto/arrayType28.xml
1 ms. Memory: 1720832K Free: 80239K (5%)
----------------- Invoking toplevel() on ptolemy.moml.MoMLSimpleApplication@2730014a
----------------- Done invoking toplevel() on ptolemy.moml.MoMLSimpleApplication@2730014a
reloadAllAccessors: .arrayType28

===========================================================================================
----------------- testing Fri Feb 22 18:50:03 UTC 2019 /home/travis/build/icyphy/ptII/ptolemy/actor/lib/test/auto/arrayType3.xml
----------------- Instantiating /home/travis/build/icyphy/ptII/ptolemy/actor/lib/test/auto/arrayType3.xml
22 ms. Memory: 1785856K Free: 1730475K (97%)
----------------- Invoking toplevel() on ptolemy.moml.MoMLSimpleApplication@66561f32
----------------- Done invoking toplevel() on ptolemy.moml.MoMLSimpleApplication@66561f32
reloadAllAccessors: .arrayType3

===========================================================================================
----------------- testing Fri Feb 22 18:50:03 UTC 2019 /home/travis/build/icyphy/ptII/ptolemy/actor/lib/test/auto/arrayType4.xml
----------------- Instantiating /home/travis/build/icyphy/ptII/ptolemy/actor/lib/test/auto/arrayType4.xml
1 ms. Memory: 1785856K Free: 1697616K (95%)
----------------- Invoking toplevel() on ptolemy.moml.MoMLSimpleApplication@69732f6c
----------------- Done invoking toplevel() on ptolemy.moml.MoMLSimpleApplication@69732f6c
reloadAllAccessors: .arrayType4

===========================================================================================
----------------- testing Fri Feb 22 18:50:03 UTC 2019 /home/travis/build/icyphy/ptII/ptolemy/actor/lib/test/auto/arrayType5.xml
----------------- Instantiating /home/travis/build/icyphy/ptII/ptolemy/actor/lib/test/auto/arrayType5.xml
2 ms. Memory: 1785856K Free: 1677387K (94%)
----------------- Invoking toplevel() on ptolemy.moml.MoMLSimpleApplication@3569e6c9
----------------- Done invoking toplevel() on ptolemy.moml.MoMLSimpleApplication@3569e6c9
reloadAllAccessors: .arrayType5

===========================================================================================
----------------- testing Fri Feb 22 18:50:03 UTC 2019 /home/travis/build/icyphy/ptII/ptolemy/actor/lib/test/auto/arrayType6.xml
----------------- Instantiating /home/travis/build/icyphy/ptII/ptolemy/actor/lib/test/auto/arrayType6.xml
1 ms. Memory: 1785856K Free: 1657160K (93%)
----------------- Invoking toplevel() on ptolemy.moml.MoMLSimpleApplication@2c0f062b
----------------- Done invoking toplevel() on ptolemy.moml.MoMLSimpleApplication@2c0f062b
reloadAllAccessors: .arrayType6

===========================================================================================
----------------- testing Fri Feb 22 18:50:03 UTC 2019 /home/travis/build/icyphy/ptII/ptolemy/actor/lib/test/auto/arrayType7.xml
----------------- Instantiating /home/travis/build/icyphy/ptII/ptolemy/actor/lib/test/auto/arrayType7.xml
2 ms. Memory: 1785856K Free: 1640448K (92%)
----------------- Invoking toplevel() on ptolemy.moml.MoMLSimpleApplication@a8f513f
----------------- Done invoking toplevel() on ptolemy.moml.MoMLSimpleApplication@a8f513f
reloadAllAccessors: .arrayType7

===========================================================================================
----------------- testing Fri Feb 22 18:50:03 UTC 2019 /home/travis/build/icyphy/ptII/ptolemy/actor/lib/test/auto/arrayType8.xml
----------------- Instantiating /home/travis/build/icyphy/ptII/ptolemy/actor/lib/test/auto/arrayType8.xml
2 ms. Memory: 1785856K Free: 1620220K (91%)
----------------- Invoking toplevel() on ptolemy.moml.MoMLSimpleApplication@223860ec
----------------- Done invoking toplevel() on ptolemy.moml.MoMLSimpleApplication@223860ec
reloadAllAccessors: .arrayType8

===========================================================================================
----------------- testing Fri Feb 22 18:50:03 UTC 2019 /home/travis/build/icyphy/ptII/ptolemy/actor/lib/test/auto/arrayType9.xml
----------------- Instantiating /home/travis/build/icyphy/ptII/ptolemy/actor/lib/test/auto/arrayType9.xml
1 ms. Memory: 1785856K Free: 1599992K (90%)
----------------- Invoking toplevel() on ptolemy.moml.MoMLSimpleApplication@7d609a4
----------------- Done invoking toplevel() on ptolemy.moml.MoMLSimpleApplication@7d609a4
reloadAllAccessors: .arrayType9

===========================================================================================
----------------- testing Fri Feb 22 18:50:04 UTC 2019 /home/travis/build/icyphy/ptII/ptolemy/actor/lib/test/auto/cast.xml
----------------- Instantiating /home/travis/build/icyphy/ptII/ptolemy/actor/lib/test/auto/cast.xml
1 ms. Memory: 1785856K Free: 1579764K (88%)
----------------- Invoking toplevel() on ptolemy.moml.MoMLSimpleApplication@787a27e3
----------------- Done invoking toplevel() on ptolemy.moml.MoMLSimpleApplication@787a27e3
reloadAllAccessors: .cast

===========================================================================================
----------------- testing Fri Feb 22 18:50:04 UTC 2019 /home/travis/build/icyphy/ptII/ptolemy/actor/lib/test/auto/compositeMultiPort.xml
----------------- Instantiating /home/travis/build/icyphy/ptII/ptolemy/actor/lib/test/auto/compositeMultiPort.xml
5 ms. Memory: 1785856K Free: 1563052K (88%)
----------------- Invoking toplevel() on ptolemy.moml.MoMLSimpleApplication@7aa98cc5
----------------- Done invoking toplevel() on ptolemy.moml.MoMLSimpleApplication@7aa98cc5
reloadAllAccessors: .compositeMultiPort

===========================================================================================
----------------- testing Fri Feb 22 18:50:04 UTC 2019 /home/travis/build/icyphy/ptII/ptolemy/actor/lib/test/auto/expressionCastInference.xml
----------------- Instantiating /home/travis/build/icyphy/ptII/ptolemy/actor/lib/test/auto/expressionCastInference.xml
2 ms. Memory: 1785856K Free: 1542824K (86%)
----------------- Invoking toplevel() on ptolemy.moml.MoMLSimpleApplication@3d6c6e02
----------------- Done invoking toplevel() on ptolemy.moml.MoMLSimpleApplication@3d6c6e02
reloadAllAccessors: .expressionCastInference

===========================================================================================
----------------- testing Fri Feb 22 18:50:04 UTC 2019 /home/travis/build/icyphy/ptII/ptolemy/actor/lib/test/auto/expressionCastInference2.xml
----------------- Instantiating /home/travis/build/icyphy/ptII/ptolemy/actor/lib/test/auto/expressionCastInference2.xml
1 ms. Memory: 1785856K Free: 1522596K (85%)
----------------- Invoking toplevel() on ptolemy.moml.MoMLSimpleApplication@394e0b99
----------------- Done invoking toplevel() on ptolemy.moml.MoMLSimpleApplication@394e0b99
reloadAllAccessors: .expressionCastInference2

===========================================================================================
----------------- testing Fri Feb 22 18:50:04 UTC 2019 /home/travis/build/icyphy/ptII/ptolemy/actor/lib/test/auto/expressionInference.xml
----------------- Instantiating /home/travis/build/icyphy/ptII/ptolemy/actor/lib/test/auto/expressionInference.xml
1 ms. Memory: 1785856K Free: 1502368K (84%)
----------------- Invoking toplevel() on ptolemy.moml.MoMLSimpleApplication@5e6f71a4
----------------- Done invoking toplevel() on ptolemy.moml.MoMLSimpleApplication@5e6f71a4
reloadAllAccessors: .expressionInference

===========================================================================================
----------------- testing Fri Feb 22 18:50:04 UTC 2019 /home/travis/build/icyphy/ptII/ptolemy/actor/lib/test/auto/expression_bug.xml
----------------- Instantiating /home/travis/build/icyphy/ptII/ptolemy/actor/lib/test/auto/expression_bug.xml
1 ms. Memory: 1785856K Free: 1485657K (83%)
----------------- Invoking toplevel() on ptolemy.moml.MoMLSimpleApplication@5461c259
----------------- Done invoking toplevel() on ptolemy.moml.MoMLSimpleApplication@5461c259
reloadAllAccessors: .expression_bug

===========================================================================================
----------------- testing Fri Feb 22 18:50:04 UTC 2019 /home/travis/build/icyphy/ptII/ptolemy/actor/lib/test/auto/factorial.xml
----------------- Instantiating /home/travis/build/icyphy/ptII/ptolemy/actor/lib/test/auto/factorial.xml
34 ms. Memory: 1785856K Free: 1465411K (82%)
----------------- Invoking toplevel() on ptolemy.moml.MoMLSimpleApplication@4c7d6406
----------------- Done invoking toplevel() on ptolemy.moml.MoMLSimpleApplication@4c7d6406
reloadAllAccessors: .factorial

===========================================================================================
----------------- testing Fri Feb 22 18:50:04 UTC 2019 /home/travis/build/icyphy/ptII/ptolemy/actor/lib/test/auto/filterTest1.xml
----------------- Instantiating /home/travis/build/icyphy/ptII/ptolemy/actor/lib/test/auto/filterTest1.xml
3 ms. Memory: 1785856K Free: 1445183K (81%)
----------------- Invoking toplevel() on ptolemy.moml.MoMLSimpleApplication@2244e243
----------------- Done invoking toplevel() on ptolemy.moml.MoMLSimpleApplication@2244e243
reloadAllAccessors: .filterTest1

===========================================================================================
----------------- testing Fri Feb 22 18:50:04 UTC 2019 /home/travis/build/icyphy/ptII/ptolemy/actor/lib/test/auto/funcApplyInConst.xml
----------------- Instantiating /home/travis/build/icyphy/ptII/ptolemy/actor/lib/test/auto/funcApplyInConst.xml
1 ms. Memory: 1785856K Free: 1424956K (80%)
----------------- Invoking toplevel() on ptolemy.moml.MoMLSimpleApplication@640ffb24
----------------- Done invoking toplevel() on ptolemy.moml.MoMLSimpleApplication@640ffb24
reloadAllAccessors: .funcApplyInConst

===========================================================================================
----------------- testing Fri Feb 22 18:50:04 UTC 2019 /home/travis/build/icyphy/ptII/ptolemy/actor/lib/test/auto/funcApplyInExpr.xml
----------------- Instantiating /home/travis/build/icyphy/ptII/ptolemy/actor/lib/test/auto/funcApplyInExpr.xml
1 ms. Memory: 1785856K Free: 1408244K (79%)
----------------- Invoking toplevel() on ptolemy.moml.MoMLSimpleApplication@7a571360
----------------- Done invoking toplevel() on ptolemy.moml.MoMLSimpleApplication@7a571360
reloadAllAccessors: .funcApplyInExpr

===========================================================================================
----------------- testing Fri Feb 22 18:50:04 UTC 2019 /home/travis/build/icyphy/ptII/ptolemy/actor/lib/test/auto/function.xml
----------------- Instantiating /home/travis/build/icyphy/ptII/ptolemy/actor/lib/test/auto/function.xml
2 ms. Memory: 1785856K Free: 1388016K (78%)
----------------- Invoking toplevel() on ptolemy.moml.MoMLSimpleApplication@6d4cedea
----------------- Done invoking toplevel() on ptolemy.moml.MoMLSimpleApplication@6d4cedea
reloadAllAccessors: .function

===========================================================================================
----------------- testing Fri Feb 22 18:50:04 UTC 2019 /home/travis/build/icyphy/ptII/ptolemy/actor/lib/test/auto/function2.xml
----------------- Instantiating /home/travis/build/icyphy/ptII/ptolemy/actor/lib/test/auto/function2.xml
2 ms. Memory: 1785856K Free: 1367788K (77%)
----------------- Invoking toplevel() on ptolemy.moml.MoMLSimpleApplication@fc12271
----------------- Done invoking toplevel() on ptolemy.moml.MoMLSimpleApplication@fc12271
reloadAllAccessors: .function2

===========================================================================================
----------------- testing Fri Feb 22 18:50:04 UTC 2019 /home/travis/build/icyphy/ptII/ptolemy/actor/lib/test/auto/function3.xml
----------------- Instantiating /home/travis/build/icyphy/ptII/ptolemy/actor/lib/test/auto/function3.xml
1 ms. Memory: 1785856K Free: 1351076K (76%)
----------------- Invoking toplevel() on ptolemy.moml.MoMLSimpleApplication@3fec600a
----------------- Done invoking toplevel() on ptolemy.moml.MoMLSimpleApplication@3fec600a
reloadAllAccessors: .function3

===========================================================================================
----------------- testing Fri Feb 22 18:50:04 UTC 2019 /home/travis/build/icyphy/ptII/ptolemy/actor/lib/test/auto/functionClosureTest1.xml
----------------- Instantiating /home/travis/build/icyphy/ptII/ptolemy/actor/lib/test/auto/functionClosureTest1.xml
1 ms. Memory: 1785856K Free: 1330848K (75%)
----------------- Invoking toplevel() on ptolemy.moml.MoMLSimpleApplication@d1ac3a7
----------------- Done invoking toplevel() on ptolemy.moml.MoMLSimpleApplication@d1ac3a7
reloadAllAccessors: .functionClosureTest1

===========================================================================================
----------------- testing Fri Feb 22 18:50:04 UTC 2019 /home/travis/build/icyphy/ptII/ptolemy/actor/lib/test/auto/functionClosureTest2.xml
----------------- Instantiating /home/travis/build/icyphy/ptII/ptolemy/actor/lib/test/auto/functionClosureTest2.xml
1 ms. Memory: 1785856K Free: 1310620K (73%)
----------------- Invoking toplevel() on ptolemy.moml.MoMLSimpleApplication@44fad8d4
----------------- Done invoking toplevel() on ptolemy.moml.MoMLSimpleApplication@44fad8d4
reloadAllAccessors: .functionClosureTest2

===========================================================================================
----------------- testing Fri Feb 22 18:50:04 UTC 2019 /home/travis/build/icyphy/ptII/ptolemy/actor/lib/test/auto/functionClosureTest3.xml
----------------- Instantiating /home/travis/build/icyphy/ptII/ptolemy/actor/lib/test/auto/functionClosureTest3.xml
2 ms. Memory: 1785856K Free: 1290392K (72%)
----------------- Invoking toplevel() on ptolemy.moml.MoMLSimpleApplication@4602f202
----------------- Done invoking toplevel() on ptolemy.moml.MoMLSimpleApplication@4602f202
reloadAllAccessors: .functionClosureTest3

===========================================================================================
----------------- testing Fri Feb 22 18:50:04 UTC 2019 /home/travis/build/icyphy/ptII/ptolemy/actor/lib/test/auto/functionClosureTest4.xml
----------------- Instantiating /home/travis/build/icyphy/ptII/ptolemy/actor/lib/test/auto/functionClosureTest4.xml
3 ms. Memory: 1785856K Free: 1273681K (71%)
----------------- Invoking toplevel() on ptolemy.moml.MoMLSimpleApplication@6d860f7a
----------------- Done invoking toplevel() on ptolemy.moml.MoMLSimpleApplication@6d860f7a
reloadAllAccessors: .functionClosureTest4

===========================================================================================
----------------- testing Fri Feb 22 18:50:04 UTC 2019 /home/travis/build/icyphy/ptII/ptolemy/actor/lib/test/auto/functionClosureTest5.xml
----------------- Instantiating /home/travis/build/icyphy/ptII/ptolemy/actor/lib/test/auto/functionClosureTest5.xml
3 ms. Memory: 1785856K Free: 1253453K (70%)
----------------- Invoking toplevel() on ptolemy.moml.MoMLSimpleApplication@7b94025f
----------------- Done invoking toplevel() on ptolemy.moml.MoMLSimpleApplication@7b94025f
reloadAllAccessors: .functionClosureTest5

===========================================================================================
----------------- testing Fri Feb 22 18:50:04 UTC 2019 /home/travis/build/icyphy/ptII/ptolemy/actor/lib/test/auto/functionClosureTest6.xml
----------------- Instantiating /home/travis/build/icyphy/ptII/ptolemy/actor/lib/test/auto/functionClosureTest6.xml
2 ms. Memory: 1785856K Free: 1233225K (69%)
----------------- Invoking toplevel() on ptolemy.moml.MoMLSimpleApplication@1e126146
----------------- Done invoking toplevel() on ptolemy.moml.MoMLSimpleApplication@1e126146
reloadAllAccessors: .functionClosureTest6

===========================================================================================
----------------- testing Fri Feb 22 18:50:04 UTC 2019 /home/travis/build/icyphy/ptII/ptolemy/actor/lib/test/auto/functionsOnArcs.xml
----------------- Instantiating /home/travis/build/icyphy/ptII/ptolemy/actor/lib/test/auto/functionsOnArcs.xml
2 ms. Memory: 1785856K Free: 1212997K (68%)
----------------- Invoking toplevel() on ptolemy.moml.MoMLSimpleApplication@47376884
----------------- Done invoking toplevel() on ptolemy.moml.MoMLSimpleApplication@47376884
reloadAllAccessors: .functionsOnArcs

===========================================================================================
----------------- testing Fri Feb 22 18:50:04 UTC 2019 /home/travis/build/icyphy/ptII/ptolemy/actor/lib/test/auto/functionsOnArcsHOF.xml
----------------- Instantiating /home/travis/build/icyphy/ptII/ptolemy/actor/lib/test/auto/functionsOnArcsHOF.xml
3 ms. Memory: 1785856K Free: 1196285K (67%)
----------------- Invoking toplevel() on ptolemy.moml.MoMLSimpleApplication@331723e2
----------------- Done invoking toplevel() on ptolemy.moml.MoMLSimpleApplication@331723e2
reloadAllAccessors: .functionsOnArcsHOF

===========================================================================================
----------------- testing Fri Feb 22 18:50:04 UTC 2019 /home/travis/build/icyphy/ptII/ptolemy/actor/lib/test/auto/logic.xml
----------------- Instantiating /home/travis/build/icyphy/ptII/ptolemy/actor/lib/test/auto/logic.xml
2 ms. Memory: 1785856K Free: 1176057K (66%)
----------------- Invoking toplevel() on ptolemy.moml.MoMLSimpleApplication@6f959031
----------------- Done invoking toplevel() on ptolemy.moml.MoMLSimpleApplication@6f959031
reloadAllAccessors: .logic

===========================================================================================
----------------- testing Fri Feb 22 18:50:04 UTC 2019 /home/travis/build/icyphy/ptII/ptolemy/actor/lib/test/auto/matrixType.xml
----------------- Instantiating /home/travis/build/icyphy/ptII/ptolemy/actor/lib/test/auto/matrixType.xml
1 ms. Memory: 1785856K Free: 1155829K (65%)
----------------- Invoking toplevel() on ptolemy.moml.MoMLSimpleApplication@6e3a1c1d
----------------- Done invoking toplevel() on ptolemy.moml.MoMLSimpleApplication@6e3a1c1d
reloadAllAccessors: .matrixType

===========================================================================================
----------------- testing Fri Feb 22 18:50:04 UTC 2019 /home/travis/build/icyphy/ptII/ptolemy/actor/lib/test/auto/matrixType10.xml
----------------- Instantiating /home/travis/build/icyphy/ptII/ptolemy/actor/lib/test/auto/matrixType10.xml
2 ms. Memory: 1785856K Free: 1135601K (64%)
----------------- Invoking toplevel() on ptolemy.moml.MoMLSimpleApplication@95c853b
----------------- Done invoking toplevel() on ptolemy.moml.MoMLSimpleApplication@95c853b
reloadAllAccessors: .matrixType10

===========================================================================================
----------------- testing Fri Feb 22 18:50:04 UTC 2019 /home/travis/build/icyphy/ptII/ptolemy/actor/lib/test/auto/matrixType11.xml
----------------- Instantiating /home/travis/build/icyphy/ptII/ptolemy/actor/lib/test/auto/matrixType11.xml
2 ms. Memory: 1785856K Free: 1118890K (63%)
----------------- Invoking toplevel() on ptolemy.moml.MoMLSimpleApplication@74d07f08
----------------- Done invoking toplevel() on ptolemy.moml.MoMLSimpleApplication@74d07f08
reloadAllAccessors: .matrixType11

===========================================================================================
----------------- testing Fri Feb 22 18:50:04 UTC 2019 /home/travis/build/icyphy/ptII/ptolemy/actor/lib/test/auto/matrixType12.xml
----------------- Instantiating /home/travis/build/icyphy/ptII/ptolemy/actor/lib/test/auto/matrixType12.xml
1 ms. Memory: 1785856K Free: 1098662K (62%)
----------------- Invoking toplevel() on ptolemy.moml.MoMLSimpleApplication@4d3a4b52
----------------- Done invoking toplevel() on ptolemy.moml.MoMLSimpleApplication@4d3a4b52
reloadAllAccessors: .matrixType12

===========================================================================================
----------------- testing Fri Feb 22 18:50:04 UTC 2019 /home/travis/build/icyphy/ptII/ptolemy/actor/lib/test/auto/matrixType13.xml
----------------- Instantiating /home/travis/build/icyphy/ptII/ptolemy/actor/lib/test/auto/matrixType13.xml
2 ms. Memory: 1785856K Free: 1078434K (60%)
----------------- Invoking toplevel() on ptolemy.moml.MoMLSimpleApplication@5b7c7688
----------------- Done invoking toplevel() on ptolemy.moml.MoMLSimpleApplication@5b7c7688
reloadAllAccessors: .matrixType13

===========================================================================================
----------------- testing Fri Feb 22 18:50:04 UTC 2019 /home/travis/build/icyphy/ptII/ptolemy/actor/lib/test/auto/matrixType14.xml
----------------- Instantiating /home/travis/build/icyphy/ptII/ptolemy/actor/lib/test/auto/matrixType14.xml
2 ms. Memory: 1785856K Free: 1058206K (59%)
----------------- Invoking toplevel() on ptolemy.moml.MoMLSimpleApplication@33a26eb0
----------------- Done invoking toplevel() on ptolemy.moml.MoMLSimpleApplication@33a26eb0
reloadAllAccessors: .matrixType14

===========================================================================================
----------------- testing Fri Feb 22 18:50:04 UTC 2019 /home/travis/build/icyphy/ptII/ptolemy/actor/lib/test/auto/matrixType2.xml
----------------- Instantiating /home/travis/build/icyphy/ptII/ptolemy/actor/lib/test/auto/matrixType2.xml
1 ms. Memory: 1785856K Free: 1041494K (58%)
----------------- Invoking toplevel() on ptolemy.moml.MoMLSimpleApplication@231849c1
----------------- Done invoking toplevel() on ptolemy.moml.MoMLSimpleApplication@231849c1
reloadAllAccessors: .matrixType2

===========================================================================================
----------------- testing Fri Feb 22 18:50:04 UTC 2019 /home/travis/build/icyphy/ptII/ptolemy/actor/lib/test/auto/matrixType3.xml
----------------- Instantiating /home/travis/build/icyphy/ptII/ptolemy/actor/lib/test/auto/matrixType3.xml
4 ms. Memory: 1785856K Free: 1021266K (57%)
----------------- Invoking toplevel() on ptolemy.moml.MoMLSimpleApplication@299f501d
----------------- Done invoking toplevel() on ptolemy.moml.MoMLSimpleApplication@299f501d
reloadAllAccessors: .matrixType3

===========================================================================================
----------------- testing Fri Feb 22 18:50:04 UTC 2019 /home/travis/build/icyphy/ptII/ptolemy/actor/lib/test/auto/matrixType4.xml
----------------- Instantiating /home/travis/build/icyphy/ptII/ptolemy/actor/lib/test/auto/matrixType4.xml
2 ms. Memory: 1785856K Free: 1001038K (56%)
----------------- Invoking toplevel() on ptolemy.moml.MoMLSimpleApplication@70f72cf6
----------------- Done invoking toplevel() on ptolemy.moml.MoMLSimpleApplication@70f72cf6
reloadAllAccessors: .matrixType4

===========================================================================================
----------------- testing Fri Feb 22 18:50:04 UTC 2019 /home/travis/build/icyphy/ptII/ptolemy/actor/lib/test/auto/matrixType5.xml
----------------- Instantiating /home/travis/build/icyphy/ptII/ptolemy/actor/lib/test/auto/matrixType5.xml
1 ms. Memory: 1785856K Free: 980810K (55%)
----------------- Invoking toplevel() on ptolemy.moml.MoMLSimpleApplication@743ae91d
----------------- Done invoking toplevel() on ptolemy.moml.MoMLSimpleApplication@743ae91d
reloadAllAccessors: .matrixType5

===========================================================================================
----------------- testing Fri Feb 22 18:50:04 UTC 2019 /home/travis/build/icyphy/ptII/ptolemy/actor/lib/test/auto/matrixType6.xml
----------------- Instantiating /home/travis/build/icyphy/ptII/ptolemy/actor/lib/test/auto/matrixType6.xml
1 ms. Memory: 1785856K Free: 964098K (54%)
----------------- Invoking toplevel() on ptolemy.moml.MoMLSimpleApplication@fd930d8
----------------- Done invoking toplevel() on ptolemy.moml.MoMLSimpleApplication@fd930d8
reloadAllAccessors: .matrixType6

===========================================================================================
----------------- testing Fri Feb 22 18:50:04 UTC 2019 /home/travis/build/icyphy/ptII/ptolemy/actor/lib/test/auto/matrixType7.xml
----------------- Instantiating /home/travis/build/icyphy/ptII/ptolemy/actor/lib/test/auto/matrixType7.xml
2 ms. Memory: 1785856K Free: 943870K (53%)
----------------- Invoking toplevel() on ptolemy.moml.MoMLSimpleApplication@4b2f4e4c
----------------- Done invoking toplevel() on ptolemy.moml.MoMLSimpleApplication@4b2f4e4c
reloadAllAccessors: .matrixType7

===========================================================================================
----------------- testing Fri Feb 22 18:50:04 UTC 2019 /home/travis/build/icyphy/ptII/ptolemy/actor/lib/test/auto/matrixType8.xml
----------------- Instantiating /home/travis/build/icyphy/ptII/ptolemy/actor/lib/test/auto/matrixType8.xml
1 ms. Memory: 1785856K Free: 923642K (52%)
----------------- Invoking toplevel() on ptolemy.moml.MoMLSimpleApplication@49be8c29
----------------- Done invoking toplevel() on ptolemy.moml.MoMLSimpleApplication@49be8c29
reloadAllAccessors: .matrixType8

===========================================================================================
----------------- testing Fri Feb 22 18:50:04 UTC 2019 /home/travis/build/icyphy/ptII/ptolemy/actor/lib/test/auto/matrixType9.xml
----------------- Instantiating /home/travis/build/icyphy/ptII/ptolemy/actor/lib/test/auto/matrixType9.xml
1 ms. Memory: 1785856K Free: 903415K (51%)
----------------- Invoking toplevel() on ptolemy.moml.MoMLSimpleApplication@3dbb7642
----------------- Done invoking toplevel() on ptolemy.moml.MoMLSimpleApplication@3dbb7642
reloadAllAccessors: .matrixType9

===========================================================================================
----------------- testing Fri Feb 22 18:50:04 UTC 2019 /home/travis/build/icyphy/ptII/ptolemy/actor/lib/test/auto/paraFunctest.xml
----------------- Instantiating /home/travis/build/icyphy/ptII/ptolemy/actor/lib/test/auto/paraFunctest.xml
2 ms. Memory: 1785856K Free: 886703K (50%)
----------------- Invoking toplevel() on ptolemy.moml.MoMLSimpleApplication@35c8a6d6
----------------- Done invoking toplevel() on ptolemy.moml.MoMLSimpleApplication@35c8a6d6
reloadAllAccessors: .paraFunctest

===========================================================================================
----------------- testing Fri Feb 22 18:50:04 UTC 2019 /home/travis/build/icyphy/ptII/ptolemy/actor/lib/test/auto/paraFunctest2.xml
----------------- Instantiating /home/travis/build/icyphy/ptII/ptolemy/actor/lib/test/auto/paraFunctest2.xml
2 ms. Memory: 1785856K Free: 866475K (49%)
----------------- Invoking toplevel() on ptolemy.moml.MoMLSimpleApplication@604cc640
----------------- Done invoking toplevel() on ptolemy.moml.MoMLSimpleApplication@604cc640
reloadAllAccessors: .paraFunctest2

===========================================================================================
----------------- testing Fri Feb 22 18:50:04 UTC 2019 /home/travis/build/icyphy/ptII/ptolemy/actor/lib/test/auto/parameterPassing.xml
----------------- Instantiating /home/travis/build/icyphy/ptII/ptolemy/actor/lib/test/auto/parameterPassing.xml
1 ms. Memory: 1785856K Free: 846247K (47%)
----------------- Invoking toplevel() on ptolemy.moml.MoMLSimpleApplication@6f2a00ef
----------------- Done invoking toplevel() on ptolemy.moml.MoMLSimpleApplication@6f2a00ef
reloadAllAccessors: .parameterPassing

===========================================================================================
----------------- testing Fri Feb 22 18:50:04 UTC 2019 /home/travis/build/icyphy/ptII/ptolemy/actor/lib/test/auto/record.xml
----------------- Instantiating /home/travis/build/icyphy/ptII/ptolemy/actor/lib/test/auto/record.xml
2 ms. Memory: 1785856K Free: 826019K (46%)
----------------- Invoking toplevel() on ptolemy.moml.MoMLSimpleApplication@f72b6bd
----------------- Done invoking toplevel() on ptolemy.moml.MoMLSimpleApplication@f72b6bd
reloadAllAccessors: .record

===========================================================================================
----------------- testing Fri Feb 22 18:50:04 UTC 2019 /home/travis/build/icyphy/ptII/ptolemy/actor/lib/test/auto/sizedarray1.xml
----------------- Instantiating /home/travis/build/icyphy/ptII/ptolemy/actor/lib/test/auto/sizedarray1.xml
1 ms. Memory: 1785856K Free: 809307K (45%)
----------------- Invoking toplevel() on ptolemy.moml.MoMLSimpleApplication@209cfc7d
----------------- Done invoking toplevel() on ptolemy.moml.MoMLSimpleApplication@209cfc7d
reloadAllAccessors: .sizedarray1

===========================================================================================
----------------- testing Fri Feb 22 18:50:04 UTC 2019 /home/travis/build/icyphy/ptII/ptolemy/actor/lib/test/auto/sizedarray2.xml
----------------- Instantiating /home/travis/build/icyphy/ptII/ptolemy/actor/lib/test/auto/sizedarray2.xml
2 ms. Memory: 1785856K Free: 789079K (44%)
----------------- Invoking toplevel() on ptolemy.moml.MoMLSimpleApplication@39252f5d
----------------- Done invoking toplevel() on ptolemy.moml.MoMLSimpleApplication@39252f5d
reloadAllAccessors: .sizedarray2

===========================================================================================
----------------- testing Fri Feb 22 18:50:04 UTC 2019 /home/travis/build/icyphy/ptII/ptolemy/actor/lib/test/auto/twoPublishers.xml
----------------- Instantiating /home/travis/build/icyphy/ptII/ptolemy/actor/lib/test/auto/twoPublishers.xml
5 ms. Memory: 1785856K Free: 768851K (43%)
----------------- Invoking toplevel() on ptolemy.moml.MoMLSimpleApplication@296b8bae
----------------- Done invoking toplevel() on ptolemy.moml.MoMLSimpleApplication@296b8bae
reloadAllAccessors: .twoPublishers
AutoTests.java: About to close Vertx.
AutoTests.java: Vertx closed.
]]></system-out>
  <system-err><![CDATA[java.lang.RuntimeException: Execution failed
	at ptolemy.moml.MoMLSimpleApplication$UnloadThread.run(MoMLSimpleApplication.java:402)
Caused by: java.lang.RuntimeException: StringUtilities.exit() was called. Normally, we would exit here because Manager.exitAfterWrapup() was called.  However, because the ptolemy.ptII.exitAfterWrapup property is set, we throw this exception instead.
	at ptolemy.util.StringUtilities.exit(StringUtilities.java:363)
	at ptolemy.actor.Manager.wrapup(Manager.java:1531)
	at ptolemy.actor.Manager.execute(Manager.java:407)
	at ptolemy.actor.Manager.run(Manager.java:1263)
	at ptolemy.actor.Manager$PtolemyRunThread.run(Manager.java:1915)
Warning: '.top.test' is in training mode, set the trainingMode parameter to false before checking in
Warning: '.top.test' is in training mode, set the trainingMode parameter to false before checking in
Warning: '.top.test' is in training mode, set the trainingMode parameter to false before checking in
Warning: '.BooleanSwitch_RegressionTest_WrongTrainingValues.Test' is in training mode, set the trainingMode parameter to false before checking in
Warning: '.BooleanSwitch_RegressionTest_WrongTrainingValues.Test2' is in training mode, set the trainingMode parameter to false before checking in
Warning: '.BooleanSwitch_RegressionTest_WrongTrainingValues.Test2' The test produced 0 tokens.
Warning: '.top.testExceptionHandler' is in training mode, set the trainingMode parameter to false before checking in
java.lang.RuntimeException: Execution failed
	at ptolemy.moml.MoMLSimpleApplication$UnloadThread.run(MoMLSimpleApplication.java:402)
Caused by: ptolemy.kernel.util.IllegalActionException: PublisherPorts cannot be used at the top level, use a Publisher actor instead.
  in .PublisherPortToplevelSubscriber.PublisherPort
	at ptolemy.actor.PublisherPort.preinitialize(PublisherPort.java:403)
	at ptolemy.actor.CompositeActor.preinitialize(CompositeActor.java:1769)
	at ptolemy.actor.Manager.preinitializeAndResolveTypes(Manager.java:1040)
	at ptolemy.actor.Manager.initialize(Manager.java:710)
	at ptolemy.actor.Manager.execute(Manager.java:356)
	at ptolemy.actor.Manager.run(Manager.java:1263)
	at ptolemy.actor.Manager$PtolemyRunThread.run(Manager.java:1915)
java.lang.reflect.InvocationTargetException
	at sun.reflect.NativeConstructorAccessorImpl.newInstance0(Native Method)
	at sun.reflect.NativeConstructorAccessorImpl.newInstance(NativeConstructorAccessorImpl.java:62)
	at sun.reflect.DelegatingConstructorAccessorImpl.newInstance(DelegatingConstructorAccessorImpl.java:45)
	at java.lang.reflect.Constructor.newInstance(Constructor.java:423)
	at ptolemy.util.test.junit.AutoKnownFailedTests.RunModel(AutoKnownFailedTests.java:105)
	at sun.reflect.NativeMethodAccessorImpl.invoke0(Native Method)
	at sun.reflect.NativeMethodAccessorImpl.invoke(NativeMethodAccessorImpl.java:62)
	at sun.reflect.DelegatingMethodAccessorImpl.invoke(DelegatingMethodAccessorImpl.java:43)
	at java.lang.reflect.Method.invoke(Method.java:498)
	at org.junit.runners.model.FrameworkMethod$1.runReflectiveCall(FrameworkMethod.java:44)
	at org.junit.internal.runners.model.ReflectiveCallable.run(ReflectiveCallable.java:15)
	at org.junit.runners.model.FrameworkMethod.invokeExplosively(FrameworkMethod.java:41)
	at junitparams.internal.InvokeParameterisedMethod.evaluate(InvokeParameterisedMethod.java:102)
	at org.junit.internal.runners.statements.FailOnTimeout$1.run(FailOnTimeout.java:28)
Caused by: ptolemy.kernel.util.IllegalActionException: PublisherPorts cannot be used at the top level, use a Publisher actor instead.
  in .PublisherPortToplevelSubscriber.PublisherPort
	at ptolemy.actor.PublisherPort.preinitialize(PublisherPort.java:403)
	at ptolemy.actor.CompositeActor.preinitialize(CompositeActor.java:1769)
	at ptolemy.actor.Manager.preinitializeAndResolveTypes(Manager.java:1040)
	at ptolemy.actor.Manager.initialize(Manager.java:710)
	at ptolemy.actor.Manager.execute(Manager.java:356)
	at ptolemy.actor.Manager.run(Manager.java:1263)
	at ptolemy.actor.Manager$PtolemyRunThread.run(Manager.java:1915)
java.lang.RuntimeException: Execution failed
	at ptolemy.moml.MoMLSimpleApplication$UnloadThread.run(MoMLSimpleApplication.java:402)
Caused by: ptolemy.kernel.util.IllegalActionException: SubscriberPorts cannot be used at the top level, use a Subscriber actor instead.
  in .PublisherSubscriberPortToplevel.SubscriberPort
	at ptolemy.actor.SubscriberPort.preinitialize(SubscriberPort.java:328)
	at ptolemy.actor.CompositeActor.preinitialize(CompositeActor.java:1769)
	at ptolemy.actor.Manager.preinitializeAndResolveTypes(Manager.java:1040)
	at ptolemy.actor.Manager.initialize(Manager.java:710)
	at ptolemy.actor.Manager.execute(Manager.java:356)
	at ptolemy.actor.Manager.run(Manager.java:1263)
	at ptolemy.actor.Manager$PtolemyRunThread.run(Manager.java:1915)
java.lang.reflect.InvocationTargetException
	at sun.reflect.NativeConstructorAccessorImpl.newInstance0(Native Method)
	at sun.reflect.NativeConstructorAccessorImpl.newInstance(NativeConstructorAccessorImpl.java:62)
	at sun.reflect.DelegatingConstructorAccessorImpl.newInstance(DelegatingConstructorAccessorImpl.java:45)
	at java.lang.reflect.Constructor.newInstance(Constructor.java:423)
	at ptolemy.util.test.junit.AutoKnownFailedTests.RunModel(AutoKnownFailedTests.java:105)
	at sun.reflect.NativeMethodAccessorImpl.invoke0(Native Method)
	at sun.reflect.NativeMethodAccessorImpl.invoke(NativeMethodAccessorImpl.java:62)
	at sun.reflect.DelegatingMethodAccessorImpl.invoke(DelegatingMethodAccessorImpl.java:43)
	at java.lang.reflect.Method.invoke(Method.java:498)
	at org.junit.runners.model.FrameworkMethod$1.runReflectiveCall(FrameworkMethod.java:44)
	at org.junit.internal.runners.model.ReflectiveCallable.run(ReflectiveCallable.java:15)
	at org.junit.runners.model.FrameworkMethod.invokeExplosively(FrameworkMethod.java:41)
	at junitparams.internal.InvokeParameterisedMethod.evaluate(InvokeParameterisedMethod.java:102)
	at org.junit.internal.runners.statements.FailOnTimeout$1.run(FailOnTimeout.java:28)
Caused by: ptolemy.kernel.util.IllegalActionException: SubscriberPorts cannot be used at the top level, use a Subscriber actor instead.
  in .PublisherSubscriberPortToplevel.SubscriberPort
	at ptolemy.actor.SubscriberPort.preinitialize(SubscriberPort.java:328)
	at ptolemy.actor.CompositeActor.preinitialize(CompositeActor.java:1769)
	at ptolemy.actor.Manager.preinitializeAndResolveTypes(Manager.java:1040)
	at ptolemy.actor.Manager.initialize(Manager.java:710)
	at ptolemy.actor.Manager.execute(Manager.java:356)
	at ptolemy.actor.Manager.run(Manager.java:1263)
	at ptolemy.actor.Manager$PtolemyRunThread.run(Manager.java:1915)
java.lang.RuntimeException: Execution failed
	at ptolemy.moml.MoMLSimpleApplication$UnloadThread.run(MoMLSimpleApplication.java:402)
Caused by: ptolemy.kernel.util.IllegalActionException: SubscriptionAggregatorPorts cannot be used at the top level, use a SubscriptionAggregator actor instead.
  in .PublisherSubscriptionAggregatorPort.SubscriptionAggregatorPort
	at ptolemy.actor.SubscriptionAggregatorPort.preinitialize(SubscriptionAggregatorPort.java:353)
	at ptolemy.actor.CompositeActor.preinitialize(CompositeActor.java:1769)
	at ptolemy.actor.Manager.preinitializeAndResolveTypes(Manager.java:1040)
	at ptolemy.actor.Manager.initialize(Manager.java:710)
	at ptolemy.actor.Manager.execute(Manager.java:356)
	at ptolemy.actor.Manager.run(Manager.java:1263)
	at ptolemy.actor.Manager$PtolemyRunThread.run(Manager.java:1915)
java.lang.reflect.InvocationTargetException
	at sun.reflect.NativeConstructorAccessorImpl.newInstance0(Native Method)
	at sun.reflect.NativeConstructorAccessorImpl.newInstance(NativeConstructorAccessorImpl.java:62)
	at sun.reflect.DelegatingConstructorAccessorImpl.newInstance(DelegatingConstructorAccessorImpl.java:45)
	at java.lang.reflect.Constructor.newInstance(Constructor.java:423)
	at ptolemy.util.test.junit.AutoKnownFailedTests.RunModel(AutoKnownFailedTests.java:105)
	at sun.reflect.NativeMethodAccessorImpl.invoke0(Native Method)
	at sun.reflect.NativeMethodAccessorImpl.invoke(NativeMethodAccessorImpl.java:62)
	at sun.reflect.DelegatingMethodAccessorImpl.invoke(DelegatingMethodAccessorImpl.java:43)
	at java.lang.reflect.Method.invoke(Method.java:498)
	at org.junit.runners.model.FrameworkMethod$1.runReflectiveCall(FrameworkMethod.java:44)
	at org.junit.internal.runners.model.ReflectiveCallable.run(ReflectiveCallable.java:15)
	at org.junit.runners.model.FrameworkMethod.invokeExplosively(FrameworkMethod.java:41)
	at junitparams.internal.InvokeParameterisedMethod.evaluate(InvokeParameterisedMethod.java:102)
	at org.junit.internal.runners.statements.FailOnTimeout$1.run(FailOnTimeout.java:28)
Caused by: ptolemy.kernel.util.IllegalActionException: SubscriptionAggregatorPorts cannot be used at the top level, use a SubscriptionAggregator actor instead.
  in .PublisherSubscriptionAggregatorPort.SubscriptionAggregatorPort
	at ptolemy.actor.SubscriptionAggregatorPort.preinitialize(SubscriptionAggregatorPort.java:353)
	at ptolemy.actor.CompositeActor.preinitialize(CompositeActor.java:1769)
	at ptolemy.actor.Manager.preinitializeAndResolveTypes(Manager.java:1040)
	at ptolemy.actor.Manager.initialize(Manager.java:710)
	at ptolemy.actor.Manager.execute(Manager.java:356)
	at ptolemy.actor.Manager.run(Manager.java:1263)
	at ptolemy.actor.Manager$PtolemyRunThread.run(Manager.java:1915)
java.lang.RuntimeException: Execution failed
	at ptolemy.moml.MoMLSimpleApplication$UnloadThread.run(MoMLSimpleApplication.java:402)
Caused by: ptolemy.kernel.util.IllegalActionException: TypeTest actor has no training data.
  in .sizedarray3.TypeTest
	at ptolemy.actor.lib.TypeTest.initialize(TypeTest.java:250)
	at ptolemy.actor.Director.initialize(Director.java:938)
	at ptolemy.actor.Director.initialize(Director.java:907)
	at ptolemy.actor.sched.StaticSchedulingDirector.initialize(StaticSchedulingDirector.java:159)
	at ptolemy.domains.sdf.kernel.SDFDirector.initialize(SDFDirector.java:544)
	at ptolemy.actor.CompositeActor.initialize(CompositeActor.java:935)
	at ptolemy.actor.Manager.initialize(Manager.java:724)
	at ptolemy.actor.Manager.execute(Manager.java:356)
	at ptolemy.actor.Manager.run(Manager.java:1263)
	at ptolemy.actor.Manager$PtolemyRunThread.run(Manager.java:1915)
java.lang.reflect.InvocationTargetException
	at sun.reflect.NativeConstructorAccessorImpl.newInstance0(Native Method)
	at sun.reflect.NativeConstructorAccessorImpl.newInstance(NativeConstructorAccessorImpl.java:62)
	at sun.reflect.DelegatingConstructorAccessorImpl.newInstance(DelegatingConstructorAccessorImpl.java:45)
	at java.lang.reflect.Constructor.newInstance(Constructor.java:423)
	at ptolemy.util.test.junit.AutoKnownFailedTests.RunModel(AutoKnownFailedTests.java:105)
	at sun.reflect.NativeMethodAccessorImpl.invoke0(Native Method)
	at sun.reflect.NativeMethodAccessorImpl.invoke(NativeMethodAccessorImpl.java:62)
	at sun.reflect.DelegatingMethodAccessorImpl.invoke(DelegatingMethodAccessorImpl.java:43)
	at java.lang.reflect.Method.invoke(Method.java:498)
	at org.junit.runners.model.FrameworkMethod$1.runReflectiveCall(FrameworkMethod.java:44)
	at org.junit.internal.runners.model.ReflectiveCallable.run(ReflectiveCallable.java:15)
	at org.junit.runners.model.FrameworkMethod.invokeExplosively(FrameworkMethod.java:41)
	at junitparams.internal.InvokeParameterisedMethod.evaluate(InvokeParameterisedMethod.java:102)
	at org.junit.internal.runners.statements.FailOnTimeout$1.run(FailOnTimeout.java:28)
Caused by: ptolemy.kernel.util.IllegalActionException: TypeTest actor has no training data.
  in .sizedarray3.TypeTest
	at ptolemy.actor.lib.TypeTest.initialize(TypeTest.java:250)
	at ptolemy.actor.Director.initialize(Director.java:938)
	at ptolemy.actor.Director.initialize(Director.java:907)
	at ptolemy.actor.sched.StaticSchedulingDirector.initialize(StaticSchedulingDirector.java:159)
	at ptolemy.domains.sdf.kernel.SDFDirector.initialize(SDFDirector.java:544)
	at ptolemy.actor.CompositeActor.initialize(CompositeActor.java:935)
	at ptolemy.actor.Manager.initialize(Manager.java:724)
	at ptolemy.actor.Manager.execute(Manager.java:356)
	at ptolemy.actor.Manager.run(Manager.java:1263)
	at ptolemy.actor.Manager$PtolemyRunThread.run(Manager.java:1915)
ptolemy.kernel.util.InternalErrorException: Exec Stdout Gobbler-4: Failed while reading from java.lang.UNIXProcess$ProcessPipeInputStream@24b84e74. To avoid this, try setting the ignoreIOExceptionReadErrors parameter to true.null
  in .ExecEnvironment.Exec
Because:
Stream closed
	at ptolemy.actor.lib.Exec$_StreamReaderThread._read(Exec.java:762)
	at ptolemy.actor.lib.Exec$_StreamReaderThread.run(Exec.java:706)
Caused by: java.io.IOException: Stream closed
	at sun.nio.cs.StreamDecoder.ensureOpen(StreamDecoder.java:46)
	at sun.nio.cs.StreamDecoder.read(StreamDecoder.java:148)
	at java.io.InputStreamReader.read(InputStreamReader.java:184)
	at ptolemy.actor.lib.Exec$_StreamReaderThread._read(Exec.java:724)
	... 1 more
Caused by: java.io.IOException: Stream closed
	at sun.nio.cs.StreamDecoder.ensureOpen(StreamDecoder.java:46)
	at sun.nio.cs.StreamDecoder.read(StreamDecoder.java:148)
	at java.io.InputStreamReader.read(InputStreamReader.java:184)
	at ptolemy.actor.lib.Exec$_StreamReaderThread._read(Exec.java:724)
	at ptolemy.actor.lib.Exec$_StreamReaderThread.run(Exec.java:706)
]]></system-err>
</testsuite>
