<?xml version="1.0" encoding="UTF-8" ?>
<testsuite errors="0" failures="0" hostname="travis-job-5307bb85-ea12-4318-8960-fb8586a36337" name="ptolemy.domains.de.test.junit.JUnitTclTest" skipped="0" tests="101" time="125.374" timestamp="2018-09-28T02:21:04">
  <properties>
    <property name="npm.executable" value="npm" />
    <property name="file.encoding.pkg" value="sun.io" />
    <property name="env.TRAVIS_ROOT" value="/" />
    <property name="ptII.mk.exists" value="true" />
    <property name="env.TRAVIS_APP_HOST" value="build.travis-ci.org" />
    <property name="env.rvm_bin_path" value="/home/travis/.rvm/bin" />
    <property name="java.home" value="/usr/lib/jvm/java-8-oracle/jre" />
    <property name="env.TRAVIS_JOB_NUMBER" value="754.9" />
    <property name="env.TRAVIS_HOME" value="/home/travis" />
    <property name="env.DISPLAY" value=":99.0" />
    <property name="java.net.preferIPv4Stack" value="true" />
    <property name="env.TRAVIS_INIT" value="upstart" />
    <property name="env.SSH_TTY" value="/dev/pts/0" />
    <property name="env.RUN_TESTS" value="false" />
    <property name="timeout.short" value="1000000" />
    <property name="env.TRAVIS_STACK_NODE_ATTRIBUTES" value="/.node-attributes.yml" />
    <property name="junit.formatter" value="xml" />
    <property name="java.endorsed.dirs" value="/usr/lib/jvm/java-8-oracle/jre/lib/endorsed" />
    <property name="env.TRAVIS_SUDO" value="true" />
    <property name="env.LOGNAME" value="travis" />
    <property name="jsdoc.home" value="node_modules/@terraswarm/jsdoc" />
    <property name="debuglevel" value="source,lines,vars" />
    <property name="checkstyle.formatter" value="xml" />
    <property name="bin.vergil.makeable" value="true" />
    <property name="env._system_version" value="14.04" />
    <property name="sun.os.patch.level" value="unknown" />
    <property name="java.vendor.url" value="http://java.oracle.com/" />
    <property name="env.TRAVIS_BUILD_WEB_URL" value="https://travis-ci.org/icyphy/ptII/builds/434413707" />
    <property name="java.version" value="1.8.0_151" />
    <property name="env.TZ" value="UTC" />
    <property name="env.PT_NO_NET" value="true" />
    <property name="env.TRAVIS_PULL_REQUEST_SHA" value="" />
    <property name="env.TRAVIS_SECURE_ENV_VARS" value="true" />
    <property name="env._system_type" value="Linux" />
    <property name="java.vendor.url.bug" value="http://bugreport.sun.com/bugreport/" />
    <property name="env.SSH_CLIENT" value="10.10.16.29 35194 22" />
    <property name="npmjs-org-is-up" value="true" />
    <property name="env.GEM_HOME" value="/home/travis/.rvm/gems/ruby-2.4.1" />
    <property name="env.HAS_ANTARES_THREE_LITTLE_FRONZIES_BADGE" value="true" />
    <property name="env.PS4" value="+" />
    <property name="ant.project.invoked-targets" value="build,test.core2.xml" />
    <property name="env.TRAVIS_PULL_REQUEST_BRANCH" value="" />
    <property name="env.TRAVIS_REPO_SLUG" value="icyphy/ptII" />
    <property name="node.in.path" value="true" />
    <property name="java.maxmemory" value="1400m" />
    <property name="env.RUBY_VERSION" value="ruby-2.4.1" />
    <property name="user.name" value="travis" />
    <property name="env.LANG" value="en_US.UTF-8" />
    <property name="sun.io.unicode.encoding" value="UnicodeLittle" />
    <property name="sun.jnu.encoding" value="UTF-8" />
    <property name="java.runtime.name" value="Java(TM) SE Runtime Environment" />
    <property name="usefile" value="false" />
    <property name="return.code" value="0" />
    <property name="junit.single.formatter" value="plain" />
    <property name="env.DYLD_LIBRARY_PATH" value="/home/travis/pthla/certi-tools/lib:" />
    <property name="env.DEBIAN_FRONTEND" value="noninteractive" />
    <property name="env.SSH_CONNECTION" value="10.10.16.29 35194 10.20.1.45 22" />
    <property name="env.MYSQL_UNIX_PORT" value="/var/run/mysqld/mysqld.sock" />
    <property name="env.TRAVIS_ALLOW_FAILURE" value="false" />
    <property name="env.LC_ALL" value="en_US.UTF-8" />
    <property name="env.TRAVIS_JOB_WEB_URL" value="https://travis-ci.org/icyphy/ptII/jobs/434413716" />
    <property name="java.specification.name" value="Java Platform API Specification" />
    <property name="node.works" value="true" />
    <property name="user.timezone" value="" />
    <property name="path.separator" value=":" />
    <property name="env.TRAVIS_ENABLE_INFRA_DETECTION" value="true" />
    <property name="env.PYTHON_CFLAGS" value="-g -fstack-protector --param=ssp-buffer-size=4 -Wformat -Werror=format-security" />
    <property name="timeout.long" value="4000000" />
    <property name="env.CERTI_HOME" value="/home/travis/pthla/certi-tools" />
    <property name="file.encoding" value="UTF-8" />
    <property name="ant.file.ptII" value="/home/travis/build/icyphy/ptII/build.xml" />
    <property name="javadoc.packagenames" value="com.*,diva.*,lbnl.*,org.hlacerti.*,org.json.*,org.ptolemy.*,org.terraswarm.*,ptolemy.*,ptserver.*" />
    <property name="env.TRAVIS_PULL_REQUEST_SLUG" value="" />
    <property name="ant.project.default-target" value="build" />
    <property name="env.GIT_ASKPASS" value="echo" />
    <property name="env.HOME" value="/home/travis" />
    <property name="sun.java.command" value="org.apache.tools.ant.taskdefs.optional.junit.JUnitTestRunner ptolemy.domains.de.test.junit.JUnitTclTest skipNonTests=false filtertrace=true haltOnError=false haltOnFailure=false formatter=org.apache.tools.ant.taskdefs.optional.junit.OutErrSummaryJUnitResultFormatter showoutput=true outputtoformatters=true logfailedtests=true threadid=0 logtestlistenerevents=false formatter=org.apache.tools.ant.taskdefs.optional.junit.XMLJUnitResultFormatter,/home/travis/build/icyphy/ptII/reports/junit/TEST-ptolemy.domains.de.test.junit.JUnitTclTest.xml crashfile=/home/travis/build/icyphy/ptII/junitvmwatcher2128847360562153708.properties propsfile=/home/travis/build/icyphy/ptII/junit3835895841168167623.properties" />
    <property name="env.MANPATH" value="/home/travis/.nvm/versions/node/v7.10.1/share/man:/home/travis/.kiex/elixirs/elixir-1.4.5/man:/home/travis/.rvm/rubies/ruby-2.4.1/share/man:/usr/local/man:/usr/local/cmake-3.9.2/man:/usr/local/clang-5.0.0/share/man:/usr/local/share/man:/usr/share/man:/home/travis/.rvm/man" />
    <property name="env.COMPOSER_NO_INTERACTION" value="1" />
    <property name="env.JDK_SWITCHER_DEFAULT" value="oraclejdk8" />
    <property name="env.TRAVIS_TIMER_ID" value="1b764c70" />
    <property name="ant.file" value="/home/travis/build/icyphy/ptII/build.xml" />
    <property name="env.TRAVIS_COMMIT_RANGE" value="9be737155583fca22700f698a9526fe02b70cf08...ebc38096e3a8bf65f6a0e1e51ae9dcedc14088f0" />
    <property name="env._system_name" value="Ubuntu" />
    <property name="timeout" value="2400000" />
    <property name="ptII.classpath.optional.property" value="/home/travis/build/icyphy/ptII/lib/bsh-2.0b4.jar:/home/travis/build/icyphy/ptII/lib/ptCal.jar:/home/travis/build/icyphy/ptII/lib/java_cup.jar:/home/travis/build/icyphy/ptII/lib/saxon8.jar:/home/travis/build/icyphy/ptII/lib/saxon8-dom.jar:/home/travis/build/icyphy/ptII/lib/chic.jar:/home/travis/build/icyphy/ptII/lib/ptcolt.jar:/usr/lib/jvm/java-8-oracle/lib/tools.jar:/usr/lib/eclipse/plugins/org.eclipse.jdt.core_3.8.2.dist.jar:/usr/lib/eclipse/plugins/org.eclipse.core.runtime_3.8.0.dist.jar:/usr/lib/eclipse/plugins/org.eclipse.osgi_3.8.1.dist.jar:/usr/lib/eclipse/plugins/org.eclipse.core.resources_3.8.1.dist.jar:/usr/lib/eclipse/plugins/org.eclipse.equinox.common_3.6.100.dist.jar:/usr/lib/eclipse/plugins/org.eclipse.core.jobs_3.5.200.dist.jar:/usr/lib/eclipse/plugins/org.eclipse.core.contenttype_3.4.200.dist.jar:/usr/lib/eclipse/plugins/org.eclipse.equinox.preferences_3.5.0.dist.jar:/usr/lib/eclipse/plugins/org.eclipse.text_3.5.200.dist.jar:/usr/lib/eclipse/plugins/org.eclipse.ui.workbench_3.8.1.dist.jar:/usr/lib/eclipse/plugins/org.eclipse.jface_3.8.0.dist.jar:/usr/lib/eclipse/plugins/org.eclipse.swt_3.8.2.jar:/usr/lib/eclipse/plugins/org.eclipse.jface.text_3.8.1.dist.jar:/usr/lib/eclipse/plugins/org.eclipse.ui.workbench.texteditor_3.8.0.dist.jar:/usr/lib/eclipse/plugins/org.eclipse.ui.editors_3.8.0.dist.jar:/usr/lib/eclipse/plugins/org.eclipse.core.commands_3.6.1.dist.jar:/usr/lib/eclipse/plugins/org.eclipse.equinox.registry_3.5.200.dist.jar:/usr/lib/eclipse/plugins/org.eclipse.ui.console_3.5.100.dist.jar:/usr/lib/eclipse/plugins/org.eclipse.ui.forms_3.5.200.dist.jar:/usr/lib/eclipse/plugins/org.eclipse.ui.ide_3.8.1.dist.jar:/home/travis/build/icyphy/ptII/vendors/oracle/dbxml.jar:/home/travis/build/icyphy/ptII/vendors/oracle/db.jar:/home/travis/build/icyphy/ptII/vendors/misc/itext/iText.jar:/home/travis/build/icyphy/ptII/lib/g4ltl.jar:/home/travis/build/icyphy/ptII/lib/StructuralCoder.jar:/home/travis/build/icyphy/ptII/lib/org-openide-util.jar:/home/travis/build/icyphy/ptII/lib/org-openide-util-lookup.jar:/home/travis/build/icyphy/ptII/lib/org-netbeans-api-visual.jar:/home/travis/build/icyphy/ptII/vendors/jai-1_1_2_01/lib/jai_core.jar:/home/travis/build/icyphy/ptII/vendors/jai-1_1_2_01/lib/jai_codec.jar:/home/travis/build/icyphy/ptII/lib/jcerti.jar:/home/travis/build/icyphy/ptII/lib/smack.jar:/home/travis/build/icyphy/ptII/lib/smackx.jar:/home/travis/build/icyphy/ptII/lib/jetty-all-8.1.5-v20120716.jar:/home/travis/build/icyphy/ptII/lib/javax.servlet-api-3.0.1.jar:/home/travis/build/icyphy/ptII/lib/javax.mail.jar:/home/travis/build/icyphy/ptII/vendors/JMF-2.1.1e/lib/jmf.jar:/home/travis/build/icyphy/ptII/lib/jna-4.0.0-variadic.jar:/home/travis/build/icyphy/ptII/vendors/misc/joystick/Joystick.jar:/home/travis/build/icyphy/ptII/lib/ptjacl.jar:/home/travis/build/icyphy/ptII/lib/jsoup-1.8.2.jar:/home/travis/build/icyphy/ptII/lib/junit-4.8.2.jar:/home/travis/build/icyphy/ptII/lib/JUnitParams-0.4.0.jar:/home/travis/build/icyphy/ptII/ptolemy/actor/lib/excel/jxl.jar:/home/travis/build/icyphy/ptII/lib/jython.jar:/home/travis/build/icyphy/ptII/lib/kieler.jar:/home/travis/build/icyphy/ptII/vendors/opencv/share/OpenCV/java/opencv-341.jar:/home/travis/build/icyphy/ptII/lib/oscP5.jar:/home/travis/build/icyphy/ptII/lib/nrjavaserial-3.11.0.devel.jar:/home/travis/build/icyphy/ptII/vendors/j3d/lib/j3dcore.jar:/home/travis/build/icyphy/ptII/vendors/j3d/lib/j3dutils.jar:/home/travis/build/icyphy/ptII/vendors/j3d/lib/vecmath.jar:/home/travis/build/icyphy/ptII/ptolemy/distributed/jini/jar/jini-core.jar:/home/travis/build/icyphy/ptII/ptolemy/distributed/jini/jar/jini-ext.jar:/home/travis/build/icyphy/ptII/ptolemy/distributed/jini/jar/sun-util.jar:/home/travis/build/icyphy/ptII/lib/protobuf-java-2.4.1.jar:/home/travis/build/icyphy/ptII/lib/org.eclipse.paho.client.mqttv3.jar:/home/travis/build/icyphy/ptII/ptserver/lib/hessian-4.0.7.jar:/home/travis/build/icyphy/ptII/ptserver/lib/wmqtt.jar:/home/travis/build/icyphy/ptII/lib/mapss.jar:/home/travis/build/icyphy/ptII/ptolemy/actor/ptalon/antlr/antlr.jar:/home/travis/build/icyphy/ptII/lib/JRI.jar:/home/travis/build/icyphy/ptII/lib/commons-lang-2.6.jar:/home/travis/build/icyphy/ptII/lib/commons-logging-1.1.1.jar:/home/travis/build/icyphy/ptII/lib/sootclasses.jar:/home/travis/build/icyphy/ptII/ptolemy/actor/lib/database/mysql-connector-java-5.1.6-bin.jar:/home/travis/build/icyphy/ptII/vendors/misc/sphinx4/sphinx4-data-5prealpha.jar:/home/travis/build/icyphy/ptII/vendors/misc/sphinx4/sphinx4-core-5prealpha.jar:/home/travis/build/icyphy/ptII/lib/PDFRenderer.jar:/home/travis/build/icyphy/ptII/lib/svgSalamander.jar:/home/travis/build/icyphy/ptII/lib/rsyntaxtextarea-2.6.0-SNAPSHOT.jar:/home/travis/build/icyphy/ptII/lib/hazelcast-3.8.2.jar:/home/travis/build/icyphy/ptII/lib/jackson-annotations-2.9.0.jar:/home/travis/build/icyphy/ptII/lib/jackson-core-2.9.3.jar:/home/travis/build/icyphy/ptII/lib/jackson-databind-2.9.3.jar:/home/travis/build/icyphy/ptII/lib/netty-buffer-4.1.19.Final.jar:/home/travis/build/icyphy/ptII/lib/netty-codec-4.1.19.Final.jar:/home/travis/build/icyphy/ptII/lib/netty-codec-dns-4.1.19.Final.jar:/home/travis/build/icyphy/ptII/lib/netty-codec-http-4.1.19.Final.jar:/home/travis/build/icyphy/ptII/lib/netty-codec-http2-4.1.19.Final.jar:/home/travis/build/icyphy/ptII/lib/netty-common-4.1.19.Final.jar:/home/travis/build/icyphy/ptII/lib/netty-handler-4.1.19.Final.jar:/home/travis/build/icyphy/ptII/lib/netty-resolver-4.1.19.Final.jar:/home/travis/build/icyphy/ptII/lib/netty-resolver-dns-4.1.19.Final.jar:/home/travis/build/icyphy/ptII/lib/netty-transport-4.1.19.Final.jar:/home/travis/build/icyphy/ptII/lib/vertx-codegen-3.5.1.jar:/home/travis/build/icyphy/ptII/lib/vertx-core-3.5.2-SNAPSHOT.jar:/home/travis/build/icyphy/ptII/lib/vertx-hazelcast-3.5.1.jar:/home/travis/build/icyphy/ptII/lib/vertx-lang-js-3.5.1.jar:/home/travis/build/icyphy/ptII/lib/vertx-service-proxy-3.5.1.jar:/home/travis/build/icyphy/ptII/lib/vertx-web-3.5.1.jar:/home/travis/build/icyphy/ptII/lib/slf4j-api-1.7.13.jar:/home/travis/build/icyphy/ptII/lib/slf4j-simple-1.7.13.jar:/home/travis/build/icyphy/ptII/lib/webcam-capture-0.3.12.jar:/home/travis/build/icyphy/ptII/lib/bridj-0.7.0.jar:/home/travis/build/icyphy/ptII/lib/xbjlib-1.1.0.nrjavaserial.jar" />
    <property name="test.batch" value="**/junit/*.java" />
    <property name="env._" value="/usr/bin/timeout" />
    <property name="java.io.tmpdir" value="/tmp" />
    <property name="env.TRAVIS_INTERNAL_RUBY_REGEX" value="^ruby-(2\.[0-2]\.[0-9]|1\.9\.3)" />
    <property name="user.language" value="en" />
    <property name="env.HISTCONTROL" value="ignoredups:ignorespace" />
    <property name="env.GOROOT" value="/home/travis/.gimme/versions/go1.7.4.linux.amd64" />
    <property name="line.separator" value="&#xa;" />
    <property name="target" value="1.8" />
    <property name="env.TRAVIS_BUILD_DIR" value="/home/travis/build/icyphy/ptII" />
    <property name="env.ANT_OPTS" value="-Xmx2048m" />
    <property name="ant.file.type" value="file" />
    <property name="ptolemy.ptII.batchMode" value="true" />
    <property name="env.HISTSIZE" value="1000" />
    <property name="env.MERB_ENV" value="test" />
    <property name="java.vm.info" value="mixed mode" />
    <property name="source" value="1.8" />
    <property name="java.vm.specification.name" value="Java Virtual Machine Specification" />
    <property name="env.TRAVIS_TEST_RESULT" value="0" />
    <property name="jsdoc.command" value="node_modules/@terraswarm/jsdoc/jsdoc.js" />
    <property name="npm.works" value="true" />
    <property name="cobertura.dir" value="/home/travis/build/icyphy/ptII/vendors/cobertura-2.0.3" />
    <property name="env.rvm_path" value="/home/travis/.rvm" />
    <property name="env.GEM_PATH" value="/home/travis/.rvm/gems/ruby-2.4.1:/home/travis/.rvm/gems/ruby-2.4.1@global" />
    <property name="env.LC_CTYPE" value="en_US.UTF-8" />
    <property name="java.awt.printerjob" value="sun.print.PSPrinterJob" />
    <property name="env.TRAVIS_CMD" value="$PTII/bin/ptIITravisBuild.sh $SECONDS" />
    <property name="env.TRAVIS_STACK_NAME" value="garnet" />
    <property name="env.TRAVIS_TIMER_START_TIME" value="1538100763111843464" />
    <property name="ant.version" value="Apache Ant(TM) version 1.10.1 compiled on February 2 2017" />
    <property name="ptII.reports" value="/home/travis/build/icyphy/ptII/reports" />
    <property name="env.TRAVIS_STACK_TIMESTAMP" value="2017-12-05 19:33:09 UTC" />
    <property name="ant.file.type.ptII" value="file" />
    <property name="env.RBENV_SHELL" value="bash" />
    <property name="os.name" value="Linux" />
    <property name="java.specification.vendor" value="Oracle Corporation" />
    <property name="env.rvm_version" value="1.29.3 (latest)" />
    <property name="env.TRAVIS_INFRA" value="gce" />
    <property name="env.TERM" value="xterm" />
    <property name="java.vm.name" value="Java HotSpot(TM) 64-Bit Server VM" />
    <property name="env.TRAVIS_BUILD_NUMBER" value="754" />
    <property name="env.CI" value="true" />
    <property name="java.library.path" value="/home/travis/pthla/certi-tools/lib:/usr/lib/jni:/usr/local/share/OpenCV/java/:/usr/share/OpenCV/java::/usr/java/packages/lib/amd64:/usr/lib64:/lib64:/lib:/usr/lib" />
    <property name="env.rvm_prefix" value="/home/travis" />
    <property name="env.PATH" value="/home/travis/pthla/certi-tools/share/scripts:/home/travis/.rvm/gems/ruby-2.4.1/bin:/home/travis/.rvm/gems/ruby-2.4.1@global/bin:/home/travis/.rvm/rubies/ruby-2.4.1/bin:/home/travis/.rvm/bin:/home/travis/.nvm/versions/node/v7.10.1/bin:./node_modules/.bin:/home/travis/build/icyphy/ptII/bin:/home/travis/pthla/certi-tools/bin:/home/travis/bin:/home/travis/.local/bin:/opt/pyenv/shims:/home/travis/.phpenv/shims:/home/travis/perl5/perlbrew/bin:/home/travis/.kiex/elixirs/elixir-1.4.5/bin:/home/travis/.kiex/bin:/home/travis/gopath/bin:/home/travis/.gimme/versions/go1.7.4.linux.amd64/bin:/usr/local/phantomjs/bin:/usr/local/phantomjs:/usr/local/neo4j-3.2.7/bin:/usr/local/maven-3.5.2/bin:/usr/local/cmake-3.9.2/bin:/usr/local/clang-5.0.0/bin:/usr/local/sbin:/usr/local/bin:/usr/sbin:/usr/bin:/sbin:/bin:/home/travis/.phpenv/bin:/opt/pyenv/bin:/home/travis/.yarn/bin" />
    <property name="env.TRAVIS_OS_NAME" value="linux" />
    <property name="ant.java.version" value="1.8" />
    <property name="basedir" value="/home/travis/build/icyphy/ptII" />
    <property name="java.class.version" value="52.0" />
    <property name="env.SHLVL" value="3" />
    <property name="env.LD_LIBRARY_PATH" value="/home/travis/pthla/certi-tools/lib:/usr/lib/jni:/usr/local/share/OpenCV/java/:/usr/share/OpenCV/java:" />
    <property name="env.RACK_ENV" value="test" />
    <property name="ant.home" value="/home/travis/build/icyphy/ptII/ant" />
    <property name="env.NVM_DIR" value="/home/travis/.nvm" />
    <property name="env.PERLBREW_BASHRC_VERSION" value="0.80" />
    <property name="env.CERTI_FOM_PATH" value="/home/travis/pthla/certi-tools/share/federations" />
    <property name="env.TRAVIS_BUILD_ID" value="434413707" />
    <property name="env.PYENV_ROOT" value="/opt/pyenv" />
    <property name="env.TRAVIS_UID" value="2000" />
    <property name="env.rvm_pretty_print_flag" value="auto" />
    <property name="env.NVM_BIN" value="/home/travis/.nvm/versions/node/v7.10.1/bin" />
    <property name="env.TRAVIS_COMMIT" value="ebc38096e3a8bf65f6a0e1e51ae9dcedc14088f0" />
    <property name="env._system_arch" value="x86_64" />
    <property name="node.executable" value="node" />
    <property name="sun.boot.library.path" value="/usr/lib/jvm/java-8-oracle/jre/lib/amd64" />
    <property name="sun.management.compiler" value="HotSpot 64-Bit Tiered Compilers" />
    <property name="env.GOPATH" value="/home/travis/gopath" />
    <property name="java.awt.graphicsenv" value="sun.awt.X11GraphicsEnvironment" />
    <property name="ptolemy.ptII.dir" value="/home/travis/build/icyphy/ptII" />
    <property name="env.USER" value="travis" />
    <property name="env.HISTFILESIZE" value="2000" />
    <property name="timeout.longest" value="19000000" />
    <property name="env.TRAVIS_STACK_FEATURES" value="basic cassandra chromium couchdb disabled-ipv6 docker docker-compose elasticsearch firefox go-toolchain google-chrome jdk memcached mongodb mysql neo4j nodejs_interpreter perl_interpreter perlbrew phantomjs postgresql python_interpreter rabbitmq redis riak ruby_interpreter sqlite xserver" />
    <property name="env.TRAVIS_PULL_REQUEST" value="false" />
    <property name="env.PYENV_SHELL" value="bash" />
    <property name="ant.project.name" value="ptII" />
    <property name="java.vm.specification.version" value="1.8" />
    <property name="env.ANSI_RESET" value="\033[0m" />
    <property name="env.TRAVIS_DIST" value="trusty" />
    <property name="env.CERTI_VERSION" value="4.0.0" />
    <property name="env.NLSPATH" value="/usr/dt/lib/nls/msg/%L/%N.cat" />
    <property name="env.CERTI_HOST" value="localhost" />
    <property name="awt.toolkit" value="sun.awt.X11.XToolkit" />
    <property name="env.MY_RUBY_HOME" value="/home/travis/.rvm/rubies/ruby-2.4.1" />
    <property name="sun.cpu.isalist" value="" />
    <property name="env.TRAVIS_TMPDIR" value="/tmp/tmp.MtwbALGlRv" />
    <property name="java.ext.dirs" value="/usr/lib/jvm/java-8-oracle/jre/lib/ext:/usr/java/packages/lib/ext" />
    <property name="os.version" value="4.4.0-101-generic" />
    <property name="user.home" value="/home/travis" />
    <property name="env.MIX_ARCHIVES" value="/home/travis/.kiex/mix/elixir-1.4.5" />
    <property name="java.vm.vendor" value="Oracle Corporation" />
    <property name="env.TRAVIS_TAG" value="nightly" />
    <property name="env.ANSI_YELLOW" value="\033[33;1m" />
    <property name="env.TRAVIS_FILTERED" value="redirect_io" />
    <property name="env.ANSI_GREEN" value="\033[32;1m" />
    <property name="javadoc.excludepackagenames" value="adm.cvs2svn.*,build.*,config.*,doc.coding.templates.*,jni.test.jni.meaningOfLife.*,jni.test.jni.testDeux.*,jni.test.jni.testTrois.*,org.terraswarm.accessor.accessors.web.node_modules.*,org.terraswarm.accessor.accessors.web.hosts.cordova.demo.*,org.terraswarm.accessor.accessors.web.hosts.cordova.plugins.*,org.terraswarm.accessor.accessors-svn.*,pt-modules.*,ptolemy.apps.agilent.*,ptolemy.apps.anytimecontrol.*,ptolemy.apps.apes.*,ptolemy.apps.charon.*,ptolemy.apps.crazyboard.*,ptolemy.apps.eclipse.*,ptolemy.apps.etherealSting.*,ptolemy.apps.fullscreen.*,ptolemy.apps.giotto.*,ptolemy.apps.ia.*,ptolemy.apps.interfaces.*,ptolemy.apps.jmf.*,ptolemy.apps.kurt.*,ptolemy.apps.kvm.*,ptolemy.apps.lego.*,ptolemy.apps.lejos.*,ptolemy.apps.midp.*,ptolemy.apps.mobileCoding.*,ptolemy.apps.pendulum.*,ptolemy.apps.rijndael.*,ptolemy.apps.robot.*,ptolemy.apps.security.*,ptolemy.apps.sobel.*,ptolemy.apps.soot.*,ptolemy.apps.throttle.*,ptolemy.apps.tini.*,ptolemy.apps.transmission.*,ptolemy.apps.vergil.*,ptolemy.apps.waba.*,ptolemy.apps.websensor.*,ptolemy.apps.webstart.*,ptolemy.apps.xsl.*,ptolemy.apps.zaurus.*,ptolemy.backtrack.eclipse.plugin.*,ptolemy.backtrack.test.*,ptolemy.codegen.c.actor.lib.oldJavaFiles.*,ptolemy.codegen.dsp.lib.*,ptolemy.codegen.kernel.newInterfaces.*,ptolemy.codegen.lib.*,ptolemy.copernicus.kernel.fragment.*,ptolemy.copernicus.shallow.cg.*,ptolemy.domains.giotto.demo.Hierarchy.Hierarchy.*,ptolemy.domains.giotto.demo.Multimode.Multimode.*,ptolemy.domains.giotto.demo.Simple.Simple.*,ptolemy.domains.gr.lib.experimental.*,ptolemy.domains.gro.*,ptolemy.domains.pdf.*,ptolemy.domains.ptinyos.demo.Surge.output.*,ptolemy.moml.test.NoPackageActor.java*,ptolemy.plot.adm.*,ptolemy.plot.servlet.*,reports.*,signed.*,src.*,target.*,vendors.*,ptolemy.cg.adapter.generic.program.procedural.c.mbed*,ptolemy.actor.lib.fmi.fmus.omc*,ptolemy.domains.openmodelica*,ptdb.kernel.bl.save.test.*,ptdb.kernel.bl.load.test.*,ptdb.kernel.bl.search.test.*,ptdb.kernel.bl.migration.test.*,ptdb.kernel.database.test.*,ptdb.test.*,ptdb.gui.test.*,org.ptolemy.scala.*,diva.util.java2d.svg.*,ptolemy.domains.ptinyos.*,ptolemy.actor.lib.fmi.fmipp.*,,org.terraswarm.accessor.accessors.web.node_modules.*,org.terraswarm.accessor.accessors-svn,ptolemy.apps.*,ptolemy.actor.ptalon.demo.ptinyos.SendAndReceiveCnt.output,ptolemy.actor.ptalon.demo.ptinyos.SenseToLeds.output,ptolemy.domains.ptinyos.demo.CntToLedsAndRfm.output,ptolemy.domains.ptinyos.demo.RfmToLeds.output,ptolemy.domains.ptinyos.demo.SendAndReceiveCnt.output,ptolemy.domains.ptinyos.demo.SenseToLeds.output,ptolemy.actor.lib.jjs.modules.udpSocket.*" />
    <property name="env.JAVA_HOME" value="/usr/lib/jvm/java-8-oracle" />
    <property name="env.PTII" value="/home/travis/build/icyphy/ptII" />
    <property name="env.XDG_SESSION_ID" value="2" />
    <property name="keystore" value="ptKeystore" />
    <property name="env.TRAVIS_COMMIT_MESSAGE" value="added comment on how to configure accessors in authentication demo" />
    <property name="junit.output.dir" value="/home/travis/build/icyphy/ptII/reports/junit" />
    <property name="npm.return.code" value="0" />
    <property name="user.dir" value="/home/travis/build/icyphy/ptII/ptolemy/domains/de/test" />
    <property name="env.TRAVIS_NODE_VERSION" value="7" />
    <property name="env.XFILESEARCHPATH" value="/usr/dt/app-defaults/%L/Dt" />
    <property name="env.MAIL" value="/var/mail/travis" />
    <property name="env.TRAVIS_EVENT_TYPE" value="cron" />
    <property name="env.PERLBREW_ROOT" value="/home/travis/perl5/perlbrew" />
    <property name="env.PWD" value="/home/travis/build/icyphy/ptII" />
    <property name="timeout.npm" value="45000" />
    <property name="env.PT_TRAVIS_TEST_CORE2_XML" value="true" />
    <property name="env.TRAVIS_ARCH" value="amd64" />
    <property name="env.PAGER" value="cat" />
    <property name="sun.cpu.endian" value="little" />
    <property name="env.TRAVIS_BUILD_STAGE_NAME" value="Test" />
    <property name="env.PERLBREW_HOME" value="/home/travis/.perlbrew" />
    <property name="env.RAILS_ENV" value="test" />
    <property name="java.vm.version" value="25.151-b12" />
    <property name="java.class.path" value="/home/travis/build/icyphy/ptII:/home/travis/build/icyphy/ptII/lib/bsh-2.0b4.jar:/home/travis/build/icyphy/ptII/lib/ptCal.jar:/home/travis/build/icyphy/ptII/lib/java_cup.jar:/home/travis/build/icyphy/ptII/lib/saxon8.jar:/home/travis/build/icyphy/ptII/lib/saxon8-dom.jar:/home/travis/build/icyphy/ptII/lib/chic.jar:/home/travis/build/icyphy/ptII/lib/ptcolt.jar:/usr/lib/jvm/java-8-oracle/lib/tools.jar:/usr/lib/eclipse/plugins/org.eclipse.jdt.core_3.8.2.dist.jar:/usr/lib/eclipse/plugins/org.eclipse.core.runtime_3.8.0.dist.jar:/usr/lib/eclipse/plugins/org.eclipse.osgi_3.8.1.dist.jar:/usr/lib/eclipse/plugins/org.eclipse.core.resources_3.8.1.dist.jar:/usr/lib/eclipse/plugins/org.eclipse.equinox.common_3.6.100.dist.jar:/usr/lib/eclipse/plugins/org.eclipse.core.jobs_3.5.200.dist.jar:/usr/lib/eclipse/plugins/org.eclipse.core.contenttype_3.4.200.dist.jar:/usr/lib/eclipse/plugins/org.eclipse.equinox.preferences_3.5.0.dist.jar:/usr/lib/eclipse/plugins/org.eclipse.text_3.5.200.dist.jar:/usr/lib/eclipse/plugins/org.eclipse.ui.workbench_3.8.1.dist.jar:/usr/lib/eclipse/plugins/org.eclipse.jface_3.8.0.dist.jar:/usr/lib/eclipse/plugins/org.eclipse.swt_3.8.2.jar:/usr/lib/eclipse/plugins/org.eclipse.jface.text_3.8.1.dist.jar:/usr/lib/eclipse/plugins/org.eclipse.ui.workbench.texteditor_3.8.0.dist.jar:/usr/lib/eclipse/plugins/org.eclipse.ui.editors_3.8.0.dist.jar:/usr/lib/eclipse/plugins/org.eclipse.core.commands_3.6.1.dist.jar:/usr/lib/eclipse/plugins/org.eclipse.equinox.registry_3.5.200.dist.jar:/usr/lib/eclipse/plugins/org.eclipse.ui.console_3.5.100.dist.jar:/usr/lib/eclipse/plugins/org.eclipse.ui.forms_3.5.200.dist.jar:/usr/lib/eclipse/plugins/org.eclipse.ui.ide_3.8.1.dist.jar:/home/travis/build/icyphy/ptII/vendors/oracle/dbxml.jar:/home/travis/build/icyphy/ptII/vendors/oracle/db.jar:/home/travis/build/icyphy/ptII/vendors/misc/itext/iText.jar:/home/travis/build/icyphy/ptII/lib/g4ltl.jar:/home/travis/build/icyphy/ptII/lib/StructuralCoder.jar:/home/travis/build/icyphy/ptII/lib/org-openide-util.jar:/home/travis/build/icyphy/ptII/lib/org-openide-util-lookup.jar:/home/travis/build/icyphy/ptII/lib/org-netbeans-api-visual.jar:/home/travis/build/icyphy/ptII/vendors/jai-1_1_2_01/lib/jai_core.jar:/home/travis/build/icyphy/ptII/vendors/jai-1_1_2_01/lib/jai_codec.jar:/home/travis/build/icyphy/ptII/lib/jcerti.jar:/home/travis/build/icyphy/ptII/lib/smack.jar:/home/travis/build/icyphy/ptII/lib/smackx.jar:/home/travis/build/icyphy/ptII/lib/jetty-all-8.1.5-v20120716.jar:/home/travis/build/icyphy/ptII/lib/javax.servlet-api-3.0.1.jar:/home/travis/build/icyphy/ptII/lib/javax.mail.jar:/home/travis/build/icyphy/ptII/vendors/JMF-2.1.1e/lib/jmf.jar:/home/travis/build/icyphy/ptII/lib/jna-4.0.0-variadic.jar:/home/travis/build/icyphy/ptII/vendors/misc/joystick/Joystick.jar:/home/travis/build/icyphy/ptII/lib/ptjacl.jar:/home/travis/build/icyphy/ptII/lib/jsoup-1.8.2.jar:/home/travis/build/icyphy/ptII/lib/junit-4.8.2.jar:/home/travis/build/icyphy/ptII/lib/JUnitParams-0.4.0.jar:/home/travis/build/icyphy/ptII/ptolemy/actor/lib/excel/jxl.jar:/home/travis/build/icyphy/ptII/lib/jython.jar:/home/travis/build/icyphy/ptII/lib/kieler.jar:/home/travis/build/icyphy/ptII/vendors/opencv/share/OpenCV/java/opencv-341.jar:/home/travis/build/icyphy/ptII/lib/oscP5.jar:/home/travis/build/icyphy/ptII/lib/nrjavaserial-3.11.0.devel.jar:/home/travis/build/icyphy/ptII/vendors/j3d/lib/j3dcore.jar:/home/travis/build/icyphy/ptII/vendors/j3d/lib/j3dutils.jar:/home/travis/build/icyphy/ptII/vendors/j3d/lib/vecmath.jar:/home/travis/build/icyphy/ptII/ptolemy/distributed/jini/jar/jini-core.jar:/home/travis/build/icyphy/ptII/ptolemy/distributed/jini/jar/jini-ext.jar:/home/travis/build/icyphy/ptII/ptolemy/distributed/jini/jar/sun-util.jar:/home/travis/build/icyphy/ptII/lib/protobuf-java-2.4.1.jar:/home/travis/build/icyphy/ptII/lib/org.eclipse.paho.client.mqttv3.jar:/home/travis/build/icyphy/ptII/ptserver/lib/hessian-4.0.7.jar:/home/travis/build/icyphy/ptII/ptserver/lib/wmqtt.jar:/home/travis/build/icyphy/ptII/lib/mapss.jar:/home/travis/build/icyphy/ptII/ptolemy/actor/ptalon/antlr/antlr.jar:/home/travis/build/icyphy/ptII/lib/JRI.jar:/home/travis/build/icyphy/ptII/lib/commons-lang-2.6.jar:/home/travis/build/icyphy/ptII/lib/commons-logging-1.1.1.jar:/home/travis/build/icyphy/ptII/lib/sootclasses.jar:/home/travis/build/icyphy/ptII/ptolemy/actor/lib/database/mysql-connector-java-5.1.6-bin.jar:/home/travis/build/icyphy/ptII/vendors/misc/sphinx4/sphinx4-data-5prealpha.jar:/home/travis/build/icyphy/ptII/vendors/misc/sphinx4/sphinx4-core-5prealpha.jar:/home/travis/build/icyphy/ptII/lib/PDFRenderer.jar:/home/travis/build/icyphy/ptII/lib/svgSalamander.jar:/home/travis/build/icyphy/ptII/lib/rsyntaxtextarea-2.6.0-SNAPSHOT.jar:/home/travis/build/icyphy/ptII/lib/hazelcast-3.8.2.jar:/home/travis/build/icyphy/ptII/lib/jackson-annotations-2.9.0.jar:/home/travis/build/icyphy/ptII/lib/jackson-core-2.9.3.jar:/home/travis/build/icyphy/ptII/lib/jackson-databind-2.9.3.jar:/home/travis/build/icyphy/ptII/lib/netty-buffer-4.1.19.Final.jar:/home/travis/build/icyphy/ptII/lib/netty-codec-4.1.19.Final.jar:/home/travis/build/icyphy/ptII/lib/netty-codec-dns-4.1.19.Final.jar:/home/travis/build/icyphy/ptII/lib/netty-codec-http-4.1.19.Final.jar:/home/travis/build/icyphy/ptII/lib/netty-codec-http2-4.1.19.Final.jar:/home/travis/build/icyphy/ptII/lib/netty-common-4.1.19.Final.jar:/home/travis/build/icyphy/ptII/lib/netty-handler-4.1.19.Final.jar:/home/travis/build/icyphy/ptII/lib/netty-resolver-4.1.19.Final.jar:/home/travis/build/icyphy/ptII/lib/netty-resolver-dns-4.1.19.Final.jar:/home/travis/build/icyphy/ptII/lib/netty-transport-4.1.19.Final.jar:/home/travis/build/icyphy/ptII/lib/vertx-codegen-3.5.1.jar:/home/travis/build/icyphy/ptII/lib/vertx-core-3.5.2-SNAPSHOT.jar:/home/travis/build/icyphy/ptII/lib/vertx-hazelcast-3.5.1.jar:/home/travis/build/icyphy/ptII/lib/vertx-lang-js-3.5.1.jar:/home/travis/build/icyphy/ptII/lib/vertx-service-proxy-3.5.1.jar:/home/travis/build/icyphy/ptII/lib/vertx-web-3.5.1.jar:/home/travis/build/icyphy/ptII/lib/slf4j-api-1.7.13.jar:/home/travis/build/icyphy/ptII/lib/slf4j-simple-1.7.13.jar:/home/travis/build/icyphy/ptII/lib/webcam-capture-0.3.12.jar:/home/travis/build/icyphy/ptII/lib/bridj-0.7.0.jar:/home/travis/build/icyphy/ptII/lib/xbjlib-1.1.0.nrjavaserial.jar:/home/travis/build/icyphy/ptII/ptolemy/moml/test:/home/travis/build/icyphy/ptII/ant/lib/ant-launcher.jar:/home/travis/build/icyphy/ptII/ant/lib/ant.jar:/home/travis/build/icyphy/ptII/ant/lib/ant-junit.jar:/home/travis/build/icyphy/ptII/ant/lib/ant-junit4.jar" />
    <property name="ant.library.dir" value="/home/travis/build/icyphy/ptII/ant/lib" />
    <property name="os.arch" value="amd64" />
    <property name="env.TRAVIS_LANGUAGE" value="node_js" />
    <property name="env.CONTINUOUS_INTEGRATION" value="true" />
    <property name="env.TRAVIS_STACK_LANGUAGES" value="__garnet__ c c++ clojure cplusplus cpp default go groovy java node_js php pure_java python ruby scala" />
    <property name="test.name" value="ptolemy.actor.lib.test.junit.JUnitTclTest" />
    <property name="sun.java.launcher" value="SUN_STANDARD" />
    <property name="env.PYTHON_CONFIGURE_OPTS" value="--enable-unicode=ucs4 --with-wide-unicode --enable-shared --enable-ipv6 --enable-loadable-sqlite-extensions --with-computed-gotos" />
    <property name="ant.core.lib" value="/home/travis/build/icyphy/ptII/ant/lib/ant.jar" />
    <property name="java.vm.specification.vendor" value="Oracle Corporation" />
    <property name="env.BCVTB_HOME" value="/home/travis/build/icyphy/ptII/lbnl" />
    <property name="file.separator" value="/" />
    <property name="spotbugs.home" value="/home/travis/build/icyphy/ptII/vendors/spotbugs-3.1.1" />
    <property name="java.runtime.version" value="1.8.0_151-b12" />
    <property name="sun.boot.class.path" value="/usr/lib/jvm/java-8-oracle/jre/lib/resources.jar:/usr/lib/jvm/java-8-oracle/jre/lib/rt.jar:/usr/lib/jvm/java-8-oracle/jre/lib/sunrsasign.jar:/usr/lib/jvm/java-8-oracle/jre/lib/jsse.jar:/usr/lib/jvm/java-8-oracle/jre/lib/jce.jar:/usr/lib/jvm/java-8-oracle/jre/lib/charsets.jar:/usr/lib/jvm/java-8-oracle/jre/lib/jfr.jar:/usr/lib/jvm/java-8-oracle/jre/classes" />
    <property name="env.ANSI_CLEAR" value="\033[0K" />
    <property name="env.HAS_JOSH_K_SEAL_OF_APPROVAL" value="true" />
    <property name="env.TRAVIS_OSX_IMAGE" value="" />
    <property name="env.XDG_RUNTIME_DIR" value="/run/user/2000" />
    <property name="env.TRAVIS_BRANCH" value="master" />
    <property name="env.TRAVIS_JOB_ID" value="434413716" />
    <property name="env.CERTI_HOME_TRAVIS" value="/home/travis/pthla/certi-tools" />
    <property name="user.country" value="US" />
    <property name="env.SHELL" value="/bin/bash" />
    <property name="model" value="" />
    <property name="java.maxmemory.large" value="5000m" />
    <property name="env.CASHER_DIR" value="/home/travis/.casher" />
    <property name="env.NVM_CD_FLAGS" value="" />
    <property name="jshint.executable" value="/home/travis/node_modules/jshint/bin/jshint" />
    <property name="env.JRUBY_OPTS" value=" --client -J-XX:+TieredCompilation -J-XX:TieredStopAtLevel=1 -J-Xss2m -Xcompile.invokedynamic=false" />
    <property name="java.vendor" value="Oracle Corporation" />
    <property name="env.TRAVIS_PRE_CHEF_BOOTSTRAP_TIME" value="2017-12-05T19:32:55" />
    <property name="env.ELIXIR_VERSION" value="1.4.5" />
    <property name="env.TRAVIS_STACK_JOB_BOARD_REGISTER" value="/.job-board-register.yml" />
    <property name="env.ANSI_RED" value="\033[31;1m" />
    <property name="java.specification.version" value="1.8" />
    <property name="env.TRAVIS" value="true" />
    <property name="env.IRBRC" value="/home/travis/.rvm/rubies/ruby-2.4.1/.irbrc" />
    <property name="sun.arch.data.model" value="64" />
  </properties>
  <testcase classname="ptolemy.util.test.junit.TclTests" name="[0] /home/travis/build/icyphy/ptII/ptolemy/domains/de/test/DependencyLoop.tcl (RunTclFile)" time="0.825" />
  <testcase classname="ptolemy.util.test.junit.TclTests" name="[1] /home/travis/build/icyphy/ptII/ptolemy/domains/de/test/RunDETestsAsQSS.tcl (RunTclFile)" time="85.972" />
  <testcase classname="ptolemy.util.test.junit.AutoKnownFailedTests" name="[0] /home/travis/build/icyphy/ptII/ptolemy/domains/de/test/auto/knownFailedTests/DESDFClockTest.xml (RunModel)" time="2.045" />
  <testcase classname="ptolemy.util.test.junit.AutoKnownFailedTests" name="[1] /home/travis/build/icyphy/ptII/ptolemy/domains/de/test/auto/knownFailedTests/DirectFeedback.xml (RunModel)" time="0.026" />
  <testcase classname="ptolemy.util.test.junit.AutoKnownFailedTests" name="[2] /home/travis/build/icyphy/ptII/ptolemy/domains/de/test/auto/knownFailedTests/FSMSource.xml (RunModel)" time="0.035" />
  <testcase classname="ptolemy.util.test.junit.AutoKnownFailedTests" name="[3] /home/travis/build/icyphy/ptII/ptolemy/domains/de/test/auto/knownFailedTests/HierarchicalModel.xml (RunModel)" time="0.051" />
  <testcase classname="ptolemy.util.test.junit.AutoKnownFailedTests" name="[4] /home/travis/build/icyphy/ptII/ptolemy/domains/de/test/auto/knownFailedTests/dependencyLoop.xml (RunModel)" time="0.03" />
  <testcase classname="ptolemy.util.test.junit.AutoKnownFailedTests" name="[5] /home/travis/build/icyphy/ptII/ptolemy/domains/de/test/auto/knownFailedTests/dependencyLoop2.xml (RunModel)" time="0.036" />
  <testcase classname="ptolemy.util.test.junit.AutoNameArchTests" name="[0] ThereAreNoAutoArchTests (RunModel)" time="0.0" />
  <testcase classname="ptolemy.util.test.junit.AutoTests" name="[0] /home/travis/build/icyphy/ptII/ptolemy/domains/de/test/auto/ActorDepthCalculation_actorWithoutPorts.xml (RunModel)" time="0.016" />
  <testcase classname="ptolemy.util.test.junit.AutoTests" name="[1] /home/travis/build/icyphy/ptII/ptolemy/domains/de/test/auto/AssemblyLine.xml (RunModel)" time="0.018" />
  <testcase classname="ptolemy.util.test.junit.AutoTests" name="[2] /home/travis/build/icyphy/ptII/ptolemy/domains/de/test/auto/CQBug1.xml (RunModel)" time="0.01" />
  <testcase classname="ptolemy.util.test.junit.AutoTests" name="[3] /home/travis/build/icyphy/ptII/ptolemy/domains/de/test/auto/CancelFireAt.xml (RunModel)" time="0.01" />
  <testcase classname="ptolemy.util.test.junit.AutoTests" name="[4] /home/travis/build/icyphy/ptII/ptolemy/domains/de/test/auto/CausalityAndComposabilityAnalysis.xml (RunModel)" time="0.01" />
  <testcase classname="ptolemy.util.test.junit.AutoTests" name="[5] /home/travis/build/icyphy/ptII/ptolemy/domains/de/test/auto/CausalityInterface1.xml (RunModel)" time="0.013" />
  <testcase classname="ptolemy.util.test.junit.AutoTests" name="[6] /home/travis/build/icyphy/ptII/ptolemy/domains/de/test/auto/CausalityInterface15.xml (RunModel)" time="0.014" />
  <testcase classname="ptolemy.util.test.junit.AutoTests" name="[7] /home/travis/build/icyphy/ptII/ptolemy/domains/de/test/auto/CausalityInterface2.xml (RunModel)" time="0.01" />
  <testcase classname="ptolemy.util.test.junit.AutoTests" name="[8] /home/travis/build/icyphy/ptII/ptolemy/domains/de/test/auto/CausalityInterface3.xml (RunModel)" time="0.008" />
  <testcase classname="ptolemy.util.test.junit.AutoTests" name="[9] /home/travis/build/icyphy/ptII/ptolemy/domains/de/test/auto/ClockDrift.xml (RunModel)" time="0.033" />
  <testcase classname="ptolemy.util.test.junit.AutoTests" name="[10] /home/travis/build/icyphy/ptII/ptolemy/domains/de/test/auto/ClockDriftAndValueChange.xml (RunModel)" time="0.022" />
  <testcase classname="ptolemy.util.test.junit.AutoTests" name="[11] /home/travis/build/icyphy/ptII/ptolemy/domains/de/test/auto/ClockDriftChange.xml (RunModel)" time="0.026" />
  <testcase classname="ptolemy.util.test.junit.AutoTests" name="[12] /home/travis/build/icyphy/ptII/ptolemy/domains/de/test/auto/ComposableCausalityAnalysis.xml (RunModel)" time="0.009" />
  <testcase classname="ptolemy.util.test.junit.AutoTests" name="[13] /home/travis/build/icyphy/ptII/ptolemy/domains/de/test/auto/DEFixedPointLimitation.xml (RunModel)" time="0.007" />
  <testcase classname="ptolemy.util.test.junit.AutoTests" name="[14] /home/travis/build/icyphy/ptII/ptolemy/domains/de/test/auto/DEScheduleTest.xml (RunModel)" time="0.023" />
  <testcase classname="ptolemy.util.test.junit.AutoTests" name="[15] /home/travis/build/icyphy/ptII/ptolemy/domains/de/test/auto/DEinDEwithStartTimes.xml (RunModel)" time="0.012" />
  <testcase classname="ptolemy.util.test.junit.AutoTests" name="[16] /home/travis/build/icyphy/ptII/ptolemy/domains/de/test/auto/DEinDEwithStartTimes2.xml (RunModel)" time="0.011" />
  <testcase classname="ptolemy.util.test.junit.AutoTests" name="[17] /home/travis/build/icyphy/ptII/ptolemy/domains/de/test/auto/DateDemo.xml (RunModel)" time="0.021" />
  <testcase classname="ptolemy.util.test.junit.AutoTests" name="[18] /home/travis/build/icyphy/ptII/ptolemy/domains/de/test/auto/DateToEvent.xml (RunModel)" time="2.032" />
  <testcase classname="ptolemy.util.test.junit.AutoTests" name="[19] /home/travis/build/icyphy/ptII/ptolemy/domains/de/test/auto/DepthTest1.xml (RunModel)" time="0.008" />
  <testcase classname="ptolemy.util.test.junit.AutoTests" name="[20] /home/travis/build/icyphy/ptII/ptolemy/domains/de/test/auto/DepthTest2.xml (RunModel)" time="0.019" />
  <testcase classname="ptolemy.util.test.junit.AutoTests" name="[21] /home/travis/build/icyphy/ptII/ptolemy/domains/de/test/auto/DepthTest3.xml (RunModel)" time="0.008" />
  <testcase classname="ptolemy.util.test.junit.AutoTests" name="[22] /home/travis/build/icyphy/ptII/ptolemy/domains/de/test/auto/DepthTest4.xml (RunModel)" time="0.014" />
  <testcase classname="ptolemy.util.test.junit.AutoTests" name="[23] /home/travis/build/icyphy/ptII/ptolemy/domains/de/test/auto/DepthTest5.xml (RunModel)" time="0.016" />
  <testcase classname="ptolemy.util.test.junit.AutoTests" name="[24] /home/travis/build/icyphy/ptII/ptolemy/domains/de/test/auto/DepthTest6.xml (RunModel)" time="0.015" />
  <testcase classname="ptolemy.util.test.junit.AutoTests" name="[25] /home/travis/build/icyphy/ptII/ptolemy/domains/de/test/auto/DepthTest7.xml (RunModel)" time="0.013" />
  <testcase classname="ptolemy.util.test.junit.AutoTests" name="[26] /home/travis/build/icyphy/ptII/ptolemy/domains/de/test/auto/EventToDate.xml (RunModel)" time="3.045" />
  <testcase classname="ptolemy.util.test.junit.AutoTests" name="[27] /home/travis/build/icyphy/ptII/ptolemy/domains/de/test/auto/FSM1.xml (RunModel)" time="0.037" />
  <testcase classname="ptolemy.util.test.junit.AutoTests" name="[28] /home/travis/build/icyphy/ptII/ptolemy/domains/de/test/auto/FSM7.xml (RunModel)" time="0.034" />
  <testcase classname="ptolemy.util.test.junit.AutoTests" name="[29] /home/travis/build/icyphy/ptII/ptolemy/domains/de/test/auto/Inspection.xml (RunModel)" time="0.04" />
  <testcase classname="ptolemy.util.test.junit.AutoTests" name="[30] /home/travis/build/icyphy/ptII/ptolemy/domains/de/test/auto/Iteration.xml (RunModel)" time="0.021" />
  <testcase classname="ptolemy.util.test.junit.AutoTests" name="[31] /home/travis/build/icyphy/ptII/ptolemy/domains/de/test/auto/LineFault.xml (RunModel)" time="0.503" />
  <testcase classname="ptolemy.util.test.junit.AutoTests" name="[32] /home/travis/build/icyphy/ptII/ptolemy/domains/de/test/auto/MergeModel1Add.xml (RunModel)" time="0.029" />
  <testcase classname="ptolemy.util.test.junit.AutoTests" name="[33] /home/travis/build/icyphy/ptII/ptolemy/domains/de/test/auto/MergeModel2Add.xml (RunModel)" time="0.027" />
  <testcase classname="ptolemy.util.test.junit.AutoTests" name="[34] /home/travis/build/icyphy/ptII/ptolemy/domains/de/test/auto/MergeModel3Add.xml (RunModel)" time="0.028" />
  <testcase classname="ptolemy.util.test.junit.AutoTests" name="[35] /home/travis/build/icyphy/ptII/ptolemy/domains/de/test/auto/MergeWithoutDiscard.xml (RunModel)" time="0.007" />
  <testcase classname="ptolemy.util.test.junit.AutoTests" name="[36] /home/travis/build/icyphy/ptII/ptolemy/domains/de/test/auto/Modal1.xml (RunModel)" time="0.018" />
  <testcase classname="ptolemy.util.test.junit.AutoTests" name="[37] /home/travis/build/icyphy/ptII/ptolemy/domains/de/test/auto/Modal2.xml (RunModel)" time="0.031" />
  <testcase classname="ptolemy.util.test.junit.AutoTests" name="[38] /home/travis/build/icyphy/ptII/ptolemy/domains/de/test/auto/Modal3.xml (RunModel)" time="0.022" />
  <testcase classname="ptolemy.util.test.junit.AutoTests" name="[39] /home/travis/build/icyphy/ptII/ptolemy/domains/de/test/auto/Modal4.xml (RunModel)" time="0.028" />
  <testcase classname="ptolemy.util.test.junit.AutoTests" name="[40] /home/travis/build/icyphy/ptII/ptolemy/domains/de/test/auto/Modal5.xml (RunModel)" time="0.022" />
  <testcase classname="ptolemy.util.test.junit.AutoTests" name="[41] /home/travis/build/icyphy/ptII/ptolemy/domains/de/test/auto/Modal6.xml (RunModel)" time="0.022" />
  <testcase classname="ptolemy.util.test.junit.AutoTests" name="[42] /home/travis/build/icyphy/ptII/ptolemy/domains/de/test/auto/Modal7.xml (RunModel)" time="0.023" />
  <testcase classname="ptolemy.util.test.junit.AutoTests" name="[43] /home/travis/build/icyphy/ptII/ptolemy/domains/de/test/auto/ModalModel.xml (RunModel)" time="0.119" />
  <testcase classname="ptolemy.util.test.junit.AutoTests" name="[44] /home/travis/build/icyphy/ptII/ptolemy/domains/de/test/auto/ModalSource.xml (RunModel)" time="0.02" />
  <testcase classname="ptolemy.util.test.junit.AutoTests" name="[45] /home/travis/build/icyphy/ptII/ptolemy/domains/de/test/auto/NonInterruptibleTimerZeroDelay.xml (RunModel)" time="0.008" />
  <testcase classname="ptolemy.util.test.junit.AutoTests" name="[46] /home/travis/build/icyphy/ptII/ptolemy/domains/de/test/auto/OpenQueueingNetwork.xml (RunModel)" time="1.901" />
  <testcase classname="ptolemy.util.test.junit.AutoTests" name="[47] /home/travis/build/icyphy/ptII/ptolemy/domains/de/test/auto/OpenQueuingNetwork.xml (RunModel)" time="0.276" />
  <testcase classname="ptolemy.util.test.junit.AutoTests" name="[48] /home/travis/build/icyphy/ptII/ptolemy/domains/de/test/auto/PeriodicSampler.xml (RunModel)" time="0.011" />
  <testcase classname="ptolemy.util.test.junit.AutoTests" name="[49] /home/travis/build/icyphy/ptII/ptolemy/domains/de/test/auto/PersistentIO.xml (RunModel)" time="0.018" />
  <testcase classname="ptolemy.util.test.junit.AutoTests" name="[50] /home/travis/build/icyphy/ptII/ptolemy/domains/de/test/auto/PortParameterResetOnInitialize.xml (RunModel)" time="0.008" />
  <testcase classname="ptolemy.util.test.junit.AutoTests" name="[51] /home/travis/build/icyphy/ptII/ptolemy/domains/de/test/auto/PortParameterUpdates.xml (RunModel)" time="0.018" />
  <testcase classname="ptolemy.util.test.junit.AutoTests" name="[52] /home/travis/build/icyphy/ptII/ptolemy/domains/de/test/auto/QueueAndServer.xml (RunModel)" time="0.026" />
  <testcase classname="ptolemy.util.test.junit.AutoTests" name="[53] /home/travis/build/icyphy/ptII/ptolemy/domains/de/test/auto/Records.xml (RunModel)" time="0.017" />
  <testcase classname="ptolemy.util.test.junit.AutoTests" name="[54] /home/travis/build/icyphy/ptII/ptolemy/domains/de/test/auto/ResetTransitionWithStartTime1.xml (RunModel)" time="0.018" />
  <testcase classname="ptolemy.util.test.junit.AutoTests" name="[55] /home/travis/build/icyphy/ptII/ptolemy/domains/de/test/auto/ResetTransitionWithStartTime2.xml (RunModel)" time="0.018" />
  <testcase classname="ptolemy.util.test.junit.AutoTests" name="[56] /home/travis/build/icyphy/ptII/ptolemy/domains/de/test/auto/ResetTransitionWithStartTime3.xml (RunModel)" time="0.017" />
  <testcase classname="ptolemy.util.test.junit.AutoTests" name="[57] /home/travis/build/icyphy/ptII/ptolemy/domains/de/test/auto/ResetTransitionWithStartTime4.xml (RunModel)" time="0.02" />
  <testcase classname="ptolemy.util.test.junit.AutoTests" name="[58] /home/travis/build/icyphy/ptII/ptolemy/domains/de/test/auto/ResettableTimer1.xml (RunModel)" time="0.01" />
  <testcase classname="ptolemy.util.test.junit.AutoTests" name="[59] /home/travis/build/icyphy/ptII/ptolemy/domains/de/test/auto/ResettableTimer2.xml (RunModel)" time="0.009" />
  <testcase classname="ptolemy.util.test.junit.AutoTests" name="[60] /home/travis/build/icyphy/ptII/ptolemy/domains/de/test/auto/ResettableTimer3.xml (RunModel)" time="0.009" />
  <testcase classname="ptolemy.util.test.junit.AutoTests" name="[61] /home/travis/build/icyphy/ptII/ptolemy/domains/de/test/auto/ResettableTimer4.xml (RunModel)" time="0.009" />
  <testcase classname="ptolemy.util.test.junit.AutoTests" name="[62] /home/travis/build/icyphy/ptII/ptolemy/domains/de/test/auto/ResettableTimer5.xml (RunModel)" time="0.011" />
  <testcase classname="ptolemy.util.test.junit.AutoTests" name="[63] /home/travis/build/icyphy/ptII/ptolemy/domains/de/test/auto/ResettableTimer6.xml (RunModel)" time="0.018" />
  <testcase classname="ptolemy.util.test.junit.AutoTests" name="[64] /home/travis/build/icyphy/ptII/ptolemy/domains/de/test/auto/ServerZeroDelay.xml (RunModel)" time="0.014" />
  <testcase classname="ptolemy.util.test.junit.AutoTests" name="[65] /home/travis/build/icyphy/ptII/ptolemy/domains/de/test/auto/SmartSender.xml (RunModel)" time="3.01" />
  <testcase classname="ptolemy.util.test.junit.AutoTests" name="[66] /home/travis/build/icyphy/ptII/ptolemy/domains/de/test/auto/ThreadedComposite.xml (RunModel)" time="0.26" />
  <testcase classname="ptolemy.util.test.junit.AutoTests" name="[67] /home/travis/build/icyphy/ptII/ptolemy/domains/de/test/auto/Time.xml (RunModel)" time="0.401" />
  <testcase classname="ptolemy.util.test.junit.AutoTests" name="[68] /home/travis/build/icyphy/ptII/ptolemy/domains/de/test/auto/TimeDelayZeroDelay.xml (RunModel)" time="0.01" />
  <testcase classname="ptolemy.util.test.junit.AutoTests" name="[69] /home/travis/build/icyphy/ptII/ptolemy/domains/de/test/auto/TimerZeroDelay.xml (RunModel)" time="0.008" />
  <testcase classname="ptolemy.util.test.junit.AutoTests" name="[70] /home/travis/build/icyphy/ptII/ptolemy/domains/de/test/auto/TimingParadox.xml (RunModel)" time="0.32" />
  <testcase classname="ptolemy.util.test.junit.AutoTests" name="[71] /home/travis/build/icyphy/ptII/ptolemy/domains/de/test/auto/TransferInputs.xml (RunModel)" time="0.011" />
  <testcase classname="ptolemy.util.test.junit.AutoTests" name="[72] /home/travis/build/icyphy/ptII/ptolemy/domains/de/test/auto/TransferOutputs2.xml (RunModel)" time="0.015" />
  <testcase classname="ptolemy.util.test.junit.AutoTests" name="[73] /home/travis/build/icyphy/ptII/ptolemy/domains/de/test/auto/Trilateration.xml (RunModel)" time="10.93" />
  <testcase classname="ptolemy.util.test.junit.AutoTests" name="[74] /home/travis/build/icyphy/ptII/ptolemy/domains/de/test/auto/TwoSigmaDelta.xml (RunModel)" time="2.008" />
  <testcase classname="ptolemy.util.test.junit.AutoTests" name="[75] /home/travis/build/icyphy/ptII/ptolemy/domains/de/test/auto/VariableDelay.xml (RunModel)" time="0.016" />
  <testcase classname="ptolemy.util.test.junit.AutoTests" name="[76] /home/travis/build/icyphy/ptII/ptolemy/domains/de/test/auto/VariableDelay2.xml (RunModel)" time="0.008" />
  <testcase classname="ptolemy.util.test.junit.AutoTests" name="[77] /home/travis/build/icyphy/ptII/ptolemy/domains/de/test/auto/VariableDelayZeroDelay.xml (RunModel)" time="0.009" />
  <testcase classname="ptolemy.util.test.junit.AutoTests" name="[78] /home/travis/build/icyphy/ptII/ptolemy/domains/de/test/auto/VariableDelayZeroDelay2.xml (RunModel)" time="0.009" />
  <testcase classname="ptolemy.util.test.junit.AutoTests" name="[79] /home/travis/build/icyphy/ptII/ptolemy/domains/de/test/auto/deInCt.xml (RunModel)" time="0.015" />
  <testcase classname="ptolemy.util.test.junit.AutoTests" name="[80] /home/travis/build/icyphy/ptII/ptolemy/domains/de/test/auto/deInCt2.xml (RunModel)" time="0.013" />
  <testcase classname="ptolemy.util.test.junit.AutoTests" name="[81] /home/travis/build/icyphy/ptII/ptolemy/domains/de/test/auto/dynamicCausalityInterface1.xml (RunModel)" time="0.019" />
  <testcase classname="ptolemy.util.test.junit.AutoTests" name="[82] /home/travis/build/icyphy/ptII/ptolemy/domains/de/test/auto/fsm_de_test.xml (RunModel)" time="0.023" />
  <testcase classname="ptolemy.util.test.junit.AutoTests" name="[83] /home/travis/build/icyphy/ptII/ptolemy/domains/de/test/auto/functionDependencyReconstruction.xml (RunModel)" time="0.031" />
  <testcase classname="ptolemy.util.test.junit.AutoTests" name="[84] /home/travis/build/icyphy/ptII/ptolemy/domains/de/test/auto/multirate.xml (RunModel)" time="0.015" />
  <testcase classname="ptolemy.util.test.junit.AutoTests" name="[85] /home/travis/build/icyphy/ptII/ptolemy/domains/de/test/auto/multirate2.xml (RunModel)" time="0.014" />
  <testcase classname="ptolemy.util.test.junit.AutoTests" name="[86] /home/travis/build/icyphy/ptII/ptolemy/domains/de/test/auto/realtime.xml (RunModel)" time="10.009" />
  <testcase classname="ptolemy.util.test.junit.AutoTests" name="[87] /home/travis/build/icyphy/ptII/ptolemy/domains/de/test/auto/relationGroup.xml (RunModel)" time="0.011" />
  <testcase classname="ptolemy.util.test.junit.AutoTests" name="[88] /home/travis/build/icyphy/ptII/ptolemy/domains/de/test/auto/relationGroup2.xml (RunModel)" time="0.013" />
  <testcase classname="ptolemy.util.test.junit.AutoTests" name="[89] /home/travis/build/icyphy/ptII/ptolemy/domains/de/test/auto/sortWithOpaquePorts.xml (RunModel)" time="0.012" />
  <testcase classname="ptolemy.util.test.junit.AutoTests" name="[90] /home/travis/build/icyphy/ptII/ptolemy/domains/de/test/auto/transferInputsandOutputs.xml (RunModel)" time="0.018" />
  <testcase classname="ptolemy.util.test.junit.AutoTests" name="[91] /home/travis/build/icyphy/ptII/ptolemy/domains/de/test/auto/triggerType.xml (RunModel)" time="0.009" />
  <system-out><![CDATA[/home/travis/build/icyphy/ptII/ptolemy/domains/de/test/DependencyLoop.tcl
testDefs.tcl: setting time out to 9000 seconds at Fri Sep 28 02:21:04 UTC 2018
20 ms. Memory: 116224K Free: 93919K (81%)
6 ms. Memory: 146944K Free: 135493K (92%)
/home/travis/build/icyphy/ptII/ptolemy/domains/de/test/RunDETestsAsQSS.tcl
Run the DE tests using ptolemy.domains.qss.test.QSSDirectorTest, which extends QSSDirector and prints a message in the constructors.
------------------ testing $PTII/ptolemy/domains/de/test/auto/knownFailedTests/dependencyLoop.xml (Known Failure) 
12 ms. Memory: 146944K Free: 132381K (90%)


==== $PTIIhome/travis/build/icyphy/ptII/ptolemy/domains/de/test/../../../../: Auto Automatic test in file $PTII/ptolemy/domains/de/test/auto/knownFailedTests/dependencyLoop.xml
==== Contents of test case:

	    # FIXME: we should use $relativeFilename here, but it
	    # might have backslashes under Windows, which causes no end
	    # of trouble.
	    createAndExecute $file
	    list {}
	
.... Test generated KNOWN error:
    while executing
ptolemy.kernel.util.IllegalActionException: Found a zero delay loop containing .dependencyLoop.original
  in .dependencyLoop and .dependencyLoop.original
	at ptolemy.actor.util.CausalityInterfaceForComposites._computeOutputPortDepth(CausalityInterfaceForComposites.java:759)
	at ptolemy.actor.util.CausalityInterfaceForComposites._computeInputDepth(CausalityInterfaceForComposites.java:696)
	at ptolemy.actor.util.CausalityInterfaceForComposites._computeOutputPortDepth(CausalityInterfaceForComposites.java:765)
	at ptolemy.actor.util.CausalityInterfaceForComposites._computeInputDepth(CausalityInterfaceForComposites.java:696)
	at ptolemy.actor.util.CausalityInterfaceForComposites._computeOutputPortDepth(CausalityInterfaceForComposites.java:765)
	at ptolemy.actor.util.CausalityInterfaceForComposites._computeInputDepth(CausalityInterfaceForComposites.java:696)
	at ptolemy.actor.util.CausalityInterfaceForComposites._computeActorDepth(CausalityInterfaceForComposites.java:532)
	at ptolemy.actor.util.CausalityInterfaceForComposites.checkForCycles(CausalityInterfaceForComposites.java:96)
	at ptolemy.domains.de.kernel.DEDirector.preinitialize(DEDirector.java:1338)
	at ptolemy.actor.CompositeActor.preinitialize(CompositeActor.java:1828)
	at ptolemy.actor.Manager.preinitializeAndResolveTypes(Manager.java:1040)
	at ptolemy.actor.Manager.initialize(Manager.java:710)
	at ptolemy.actor.Manager.execute(Manager.java:356)
	at ptolemy.actor.Manager.run(Manager.java:1263)
	at ptolemy.actor.Manager$PtolemyRunThread.run(Manager.java:1915)

    while executing
ptolemy.kernel.util.IllegalActionException: Found a zero delay loop containing .dependencyLoop.original
  in .dependencyLoop and .dependencyLoop.original
    while executing
"java::new ptolemy.moml.MoMLSimpleApplication $file
"
    (procedure "createAndExecute" line 2)
    invoked from within
"createAndExecute $file"
    ("uplevel" body line 5)
    invoked from within
"uplevel $contents_of_test"
------------------ testing $PTII/ptolemy/domains/de/test/auto/knownFailedTests/DESDFClockTest.xml (Known Failure) 
2056 ms. Memory: 146944K Free: 116544K (79%)


==== $PTIIhome/travis/build/icyphy/ptII/ptolemy/domains/de/test/../../../../: Auto Automatic test in file $PTII/ptolemy/domains/de/test/auto/knownFailedTests/DESDFClockTest.xml
==== Contents of test case:

	    # FIXME: we should use $relativeFilename here, but it
	    # might have backslashes under Windows, which causes no end
	    # of trouble.
	    createAndExecute $file
	    list {}
	
.... Test generated KNOWN error:
    while executing
ptolemy.kernel.util.IllegalActionException: Actor is not ready to fire.  Perhaps UpSample.prefire() returned false? Try debugging the actor by selecting "Listen to Actor".  Also, for SDF check moml for tokenConsumptionRate on input.
  in .DESDFClockTest.Play Bell.Copy1:SDF Director and .DESDFClockTest.Play Bell.UpSample
	at ptolemy.actor.sched.StaticSchedulingDirector.fire(StaticSchedulingDirector.java:227)
	at ptolemy.domains.sdf.kernel.SDFDirector.fire(SDFDirector.java:500)
	at ptolemy.actor.CompositeActor.fire(CompositeActor.java:455)
	at ptolemy.domains.de.kernel.DEDirector._fire(DEDirector.java:1949)
	at ptolemy.domains.de.kernel.DEDirector.fire(DEDirector.java:502)
	at ptolemy.actor.CompositeActor.fire(CompositeActor.java:455)
	at ptolemy.actor.Manager.iterate(Manager.java:851)
	at ptolemy.actor.Manager.execute(Manager.java:369)
	at ptolemy.actor.Manager.run(Manager.java:1263)
	at ptolemy.actor.Manager$PtolemyRunThread.run(Manager.java:1915)

    while executing
ptolemy.kernel.util.IllegalActionException: Actor is not ready to fire.  Perhaps UpSample.prefire() returned false? Try debugging the actor by selecting "Listen to Actor".  Also, for SDF check moml for tokenConsumptionRate on input.
  in .DESDFClockTest.Play Bell.Copy1:SDF Director and .DESDFClockTest.Play Bell.UpSample
    while executing
"java::new ptolemy.moml.MoMLSimpleApplication $file
"
    (procedure "createAndExecute" line 2)
    invoked from within
"createAndExecute $file"
    ("uplevel" body line 5)
    invoked from within
"uplevel $contents_of_test"
------------------ testing $PTII/ptolemy/domains/de/test/auto/knownFailedTests/FSMSource.xml (Known Failure) 
24 ms. Memory: 146944K Free: 107525K (73%)
!!!! Auto was marked as failing, but now passes
------------------ testing $PTII/ptolemy/domains/de/test/auto/knownFailedTests/dependencyLoop2.xml (Known Failure) 
6 ms. Memory: 146944K Free: 105650K (72%)


==== $PTIIhome/travis/build/icyphy/ptII/ptolemy/domains/de/test/../../../../: Auto Automatic test in file $PTII/ptolemy/domains/de/test/auto/knownFailedTests/dependencyLoop2.xml
==== Contents of test case:

	    # FIXME: we should use $relativeFilename here, but it
	    # might have backslashes under Windows, which causes no end
	    # of trouble.
	    createAndExecute $file
	    list {}
	
.... Test generated KNOWN error:
    while executing
ptolemy.kernel.util.IllegalActionException: Found a zero delay loop containing .dependencyLoop2.original
  in .dependencyLoop2 and .dependencyLoop2.original
	at ptolemy.actor.util.CausalityInterfaceForComposites._computeOutputPortDepth(CausalityInterfaceForComposites.java:759)
	at ptolemy.actor.util.CausalityInterfaceForComposites._computeInputDepth(CausalityInterfaceForComposites.java:696)
	at ptolemy.actor.util.CausalityInterfaceForComposites._computeOutputPortDepth(CausalityInterfaceForComposites.java:765)
	at ptolemy.actor.util.CausalityInterfaceForComposites._computeInputDepth(CausalityInterfaceForComposites.java:696)
	at ptolemy.actor.util.CausalityInterfaceForComposites._computeOutputPortDepth(CausalityInterfaceForComposites.java:765)
	at ptolemy.actor.util.CausalityInterfaceForComposites._computeInputDepth(CausalityInterfaceForComposites.java:696)
	at ptolemy.actor.util.CausalityInterfaceForComposites._computeActorDepth(CausalityInterfaceForComposites.java:532)
	at ptolemy.actor.util.CausalityInterfaceForComposites.checkForCycles(CausalityInterfaceForComposites.java:96)
	at ptolemy.domains.de.kernel.DEDirector.preinitialize(DEDirector.java:1338)
	at ptolemy.actor.CompositeActor.preinitialize(CompositeActor.java:1828)
	at ptolemy.actor.Manager.preinitializeAndResolveTypes(Manager.java:1040)
	at ptolemy.actor.Manager.initialize(Manager.java:710)
	at ptolemy.actor.Manager.execute(Manager.java:356)
	at ptolemy.actor.Manager.run(Manager.java:1263)
	at ptolemy.actor.Manager$PtolemyRunThread.run(Manager.java:1915)

    while executing
ptolemy.kernel.util.IllegalActionException: Found a zero delay loop containing .dependencyLoop2.original
  in .dependencyLoop2 and .dependencyLoop2.original
    while executing
"java::new ptolemy.moml.MoMLSimpleApplication $file
"
    (procedure "createAndExecute" line 2)
    invoked from within
"createAndExecute $file"
    ("uplevel" body line 5)
    invoked from within
"uplevel $contents_of_test"
------------------ testing $PTII/ptolemy/domains/de/test/auto/knownFailedTests/HierarchicalModel.xml (Known Failure) 
5 ms. Memory: 146944K Free: 85153K (58%)


==== $PTIIhome/travis/build/icyphy/ptII/ptolemy/domains/de/test/../../../../: Auto Automatic test in file $PTII/ptolemy/domains/de/test/auto/knownFailedTests/HierarchicalModel.xml
==== Contents of test case:

	    # FIXME: we should use $relativeFilename here, but it
	    # might have backslashes under Windows, which causes no end
	    # of trouble.
	    createAndExecute $file
	    list {}
	
.... Test generated KNOWN error:
    while executing
ptolemy.kernel.util.IllegalActionException: Found a zero delay loop containing .HierarchicalModel.A
  in .HierarchicalModel and .HierarchicalModel.A
	at ptolemy.actor.util.CausalityInterfaceForComposites._computeOutputPortDepth(CausalityInterfaceForComposites.java:759)
	at ptolemy.actor.util.CausalityInterfaceForComposites._computeInputDepth(CausalityInterfaceForComposites.java:696)
	at ptolemy.actor.util.CausalityInterfaceForComposites._computeOutputPortDepth(CausalityInterfaceForComposites.java:765)
	at ptolemy.actor.util.CausalityInterfaceForComposites._computeInputDepth(CausalityInterfaceForComposites.java:696)
	at ptolemy.actor.util.CausalityInterfaceForComposites._computeOutputPortDepth(CausalityInterfaceForComposites.java:765)
	at ptolemy.actor.util.CausalityInterfaceForComposites._computeInputDepth(CausalityInterfaceForComposites.java:696)
	at ptolemy.actor.util.CausalityInterfaceForComposites._computeActorDepth(CausalityInterfaceForComposites.java:532)
	at ptolemy.actor.util.CausalityInterfaceForComposites.checkForCycles(CausalityInterfaceForComposites.java:96)
	at ptolemy.domains.de.kernel.DEDirector.preinitialize(DEDirector.java:1338)
	at ptolemy.actor.CompositeActor.preinitialize(CompositeActor.java:1828)
	at ptolemy.actor.Manager.preinitializeAndResolveTypes(Manager.java:1040)
	at ptolemy.actor.Manager.initialize(Manager.java:710)
	at ptolemy.actor.Manager.execute(Manager.java:356)
	at ptolemy.actor.Manager.run(Manager.java:1263)
	at ptolemy.actor.Manager$PtolemyRunThread.run(Manager.java:1915)

    while executing
ptolemy.kernel.util.IllegalActionException: Found a zero delay loop containing .HierarchicalModel.A
  in .HierarchicalModel and .HierarchicalModel.A
    while executing
"java::new ptolemy.moml.MoMLSimpleApplication $file
"
    (procedure "createAndExecute" line 2)
    invoked from within
"createAndExecute $file"
    ("uplevel" body line 5)
    invoked from within
"uplevel $contents_of_test"
------------------ testing $PTII/ptolemy/domains/de/test/auto/knownFailedTests/DirectFeedback.xml (Known Failure) 
6 ms. Memory: 146944K Free: 141372K (96%)


==== $PTIIhome/travis/build/icyphy/ptII/ptolemy/domains/de/test/../../../../: Auto Automatic test in file $PTII/ptolemy/domains/de/test/auto/knownFailedTests/DirectFeedback.xml
==== Contents of test case:

	    # FIXME: we should use $relativeFilename here, but it
	    # might have backslashes under Windows, which causes no end
	    # of trouble.
	    createAndExecute $file
	    list {}
	
.... Test generated KNOWN error:
    while executing
ptolemy.kernel.util.IllegalActionException: Test fails in iteration 1.
Value was: 1.0. Should have been: 2.0
  in .DirectFeedback.Test
	at ptolemy.actor.lib.Test.fire(Test.java:268)
	at ptolemy.domains.de.kernel.DEDirector._fire(DEDirector.java:1949)
	at ptolemy.domains.de.kernel.DEDirector.fire(DEDirector.java:502)
	at ptolemy.actor.CompositeActor.fire(CompositeActor.java:455)
	at ptolemy.actor.Manager.iterate(Manager.java:851)
	at ptolemy.actor.Manager.execute(Manager.java:369)
	at ptolemy.actor.Manager.run(Manager.java:1263)
	at ptolemy.actor.Manager$PtolemyRunThread.run(Manager.java:1915)

    while executing
ptolemy.kernel.util.IllegalActionException: Test fails in iteration 1.
Value was: 1.0. Should have been: 2.0
  in .DirectFeedback.Test
    while executing
"java::new ptolemy.moml.MoMLSimpleApplication $file
"
    (procedure "createAndExecute" line 2)
    invoked from within
"createAndExecute $file"
    ("uplevel" body line 5)
    invoked from within
"uplevel $contents_of_test"
------------------ testing $PTII/ptolemy/domains/de/test/auto/ActorDepthCalculation_actorWithoutPorts.xml
auto.tcl: Setting watchdog for 200 seconds at Fri Sep 28 02:21:07 UTC 2018
9 ms. Memory: 146944K Free: 133426K (91%)
ptolemy.util.test.WatchDog.cancel(): canceling Fri Sep 28 02:21:07 UTC 2018
auto.tcl: Setting watchdog for 200 seconds at Fri Sep 28 02:21:07 UTC 2018
5 ms. Memory: 146944K Free: 131335K (89%)
ptolemy.util.test.WatchDog.cancel(): canceling Fri Sep 28 02:21:07 UTC 2018
------------------ testing $PTII/ptolemy/domains/de/test/auto/AssemblyLine.xml
auto.tcl: Setting watchdog for 200 seconds at Fri Sep 28 02:21:08 UTC 2018
26 ms. Memory: 208384K Free: 182805K (88%)
ptolemy.util.test.WatchDog.cancel(): canceling Fri Sep 28 02:21:08 UTC 2018
auto.tcl: Setting watchdog for 200 seconds at Fri Sep 28 02:21:08 UTC 2018
7 ms. Memory: 208384K Free: 182805K (88%)
ptolemy.util.test.WatchDog.cancel(): canceling Fri Sep 28 02:21:08 UTC 2018
------------------ testing $PTII/ptolemy/domains/de/test/auto/CQBug1.xml
auto.tcl: Setting watchdog for 200 seconds at Fri Sep 28 02:21:08 UTC 2018
3 ms. Memory: 208384K Free: 197692K (95%)
ptolemy.util.test.WatchDog.cancel(): canceling Fri Sep 28 02:21:08 UTC 2018
auto.tcl: Setting watchdog for 200 seconds at Fri Sep 28 02:21:08 UTC 2018
5 ms. Memory: 208384K Free: 197692K (95%)
ptolemy.util.test.WatchDog.cancel(): canceling Fri Sep 28 02:21:08 UTC 2018
------------------ testing $PTII/ptolemy/domains/de/test/auto/CancelFireAt.xml
auto.tcl: Setting watchdog for 200 seconds at Fri Sep 28 02:21:08 UTC 2018
16 ms. Memory: 208384K Free: 201419K (97%)
ptolemy.util.test.WatchDog.cancel(): canceling Fri Sep 28 02:21:08 UTC 2018
auto.tcl: Setting watchdog for 200 seconds at Fri Sep 28 02:21:08 UTC 2018
3 ms. Memory: 208384K Free: 199312K (96%)
ptolemy.util.test.WatchDog.cancel(): canceling Fri Sep 28 02:21:08 UTC 2018
------------------ testing $PTII/ptolemy/domains/de/test/auto/CausalityAndComposabilityAnalysis.xml
auto.tcl: Setting watchdog for 200 seconds at Fri Sep 28 02:21:08 UTC 2018
17 ms. Memory: 208384K Free: 196467K (94%)
ptolemy.util.test.WatchDog.cancel(): canceling Fri Sep 28 02:21:08 UTC 2018
auto.tcl: Setting watchdog for 200 seconds at Fri Sep 28 02:21:08 UTC 2018
6 ms. Memory: 208384K Free: 196467K (94%)
ptolemy.util.test.WatchDog.cancel(): canceling Fri Sep 28 02:21:08 UTC 2018
------------------ testing $PTII/ptolemy/domains/de/test/auto/CausalityInterface1.xml
auto.tcl: Setting watchdog for 200 seconds at Fri Sep 28 02:21:08 UTC 2018
13 ms. Memory: 208384K Free: 196404K (94%)
ptolemy.util.test.WatchDog.cancel(): canceling Fri Sep 28 02:21:08 UTC 2018
auto.tcl: Setting watchdog for 200 seconds at Fri Sep 28 02:21:08 UTC 2018
4 ms. Memory: 208384K Free: 196404K (94%)
ptolemy.util.test.WatchDog.cancel(): canceling Fri Sep 28 02:21:08 UTC 2018
------------------ testing $PTII/ptolemy/domains/de/test/auto/CausalityInterface15.xml
auto.tcl: Setting watchdog for 200 seconds at Fri Sep 28 02:21:08 UTC 2018
8 ms. Memory: 208384K Free: 196395K (94%)
ptolemy.util.test.WatchDog.cancel(): canceling Fri Sep 28 02:21:08 UTC 2018
auto.tcl: Setting watchdog for 200 seconds at Fri Sep 28 02:21:08 UTC 2018
7 ms. Memory: 208384K Free: 196395K (94%)
ptolemy.util.test.WatchDog.cancel(): canceling Fri Sep 28 02:21:08 UTC 2018
------------------ testing $PTII/ptolemy/domains/de/test/auto/CausalityInterface2.xml
auto.tcl: Setting watchdog for 200 seconds at Fri Sep 28 02:21:08 UTC 2018
11 ms. Memory: 208384K Free: 196379K (94%)
ptolemy.util.test.WatchDog.cancel(): canceling Fri Sep 28 02:21:08 UTC 2018
auto.tcl: Setting watchdog for 200 seconds at Fri Sep 28 02:21:08 UTC 2018
3 ms. Memory: 208384K Free: 196379K (94%)
ptolemy.util.test.WatchDog.cancel(): canceling Fri Sep 28 02:21:08 UTC 2018
------------------ testing $PTII/ptolemy/domains/de/test/auto/CausalityInterface3.xml
auto.tcl: Setting watchdog for 200 seconds at Fri Sep 28 02:21:08 UTC 2018
10 ms. Memory: 208384K Free: 196392K (94%)
ptolemy.util.test.WatchDog.cancel(): canceling Fri Sep 28 02:21:08 UTC 2018
auto.tcl: Setting watchdog for 200 seconds at Fri Sep 28 02:21:08 UTC 2018
3 ms. Memory: 208384K Free: 196392K (94%)
ptolemy.util.test.WatchDog.cancel(): canceling Fri Sep 28 02:21:08 UTC 2018
------------------ testing $PTII/ptolemy/domains/de/test/auto/ClockDrift.xml
auto.tcl: Setting watchdog for 200 seconds at Fri Sep 28 02:21:08 UTC 2018
96 ms. Memory: 208384K Free: 187605K (90%)
ptolemy.util.test.WatchDog.cancel(): canceling Fri Sep 28 02:21:09 UTC 2018
auto.tcl: Setting watchdog for 200 seconds at Fri Sep 28 02:21:09 UTC 2018
36 ms. Memory: 208384K Free: 185498K (89%)
ptolemy.util.test.WatchDog.cancel(): canceling Fri Sep 28 02:21:09 UTC 2018
------------------ testing $PTII/ptolemy/domains/de/test/auto/ClockDriftAndValueChange.xml
auto.tcl: Setting watchdog for 200 seconds at Fri Sep 28 02:21:09 UTC 2018
45 ms. Memory: 208384K Free: 187440K (90%)
ptolemy.util.test.WatchDog.cancel(): canceling Fri Sep 28 02:21:09 UTC 2018
auto.tcl: Setting watchdog for 200 seconds at Fri Sep 28 02:21:09 UTC 2018
22 ms. Memory: 208384K Free: 185334K (89%)
ptolemy.util.test.WatchDog.cancel(): canceling Fri Sep 28 02:21:09 UTC 2018
------------------ testing $PTII/ptolemy/domains/de/test/auto/ClockDriftChange.xml
auto.tcl: Setting watchdog for 200 seconds at Fri Sep 28 02:21:09 UTC 2018
38 ms. Memory: 208384K Free: 190768K (92%)
ptolemy.util.test.WatchDog.cancel(): canceling Fri Sep 28 02:21:09 UTC 2018
auto.tcl: Setting watchdog for 200 seconds at Fri Sep 28 02:21:09 UTC 2018
29 ms. Memory: 208384K Free: 188662K (91%)
ptolemy.util.test.WatchDog.cancel(): canceling Fri Sep 28 02:21:09 UTC 2018
------------------ testing $PTII/ptolemy/domains/de/test/auto/ComposableCausalityAnalysis.xml
auto.tcl: Setting watchdog for 200 seconds at Fri Sep 28 02:21:09 UTC 2018
2 ms. Memory: 208384K Free: 196246K (94%)
ptolemy.util.test.WatchDog.cancel(): canceling Fri Sep 28 02:21:09 UTC 2018
auto.tcl: Setting watchdog for 200 seconds at Fri Sep 28 02:21:09 UTC 2018
4 ms. Memory: 208384K Free: 194140K (93%)
ptolemy.util.test.WatchDog.cancel(): canceling Fri Sep 28 02:21:09 UTC 2018
------------------ testing $PTII/ptolemy/domains/de/test/auto/DEFixedPointLimitation.xml
auto.tcl: Setting watchdog for 200 seconds at Fri Sep 28 02:21:09 UTC 2018
1 ms. Memory: 208384K Free: 196124K (94%)
ptolemy.util.test.WatchDog.cancel(): canceling Fri Sep 28 02:21:09 UTC 2018
auto.tcl: Setting watchdog for 200 seconds at Fri Sep 28 02:21:09 UTC 2018
1 ms. Memory: 208384K Free: 196124K (94%)
ptolemy.util.test.WatchDog.cancel(): canceling Fri Sep 28 02:21:09 UTC 2018
------------------ testing $PTII/ptolemy/domains/de/test/auto/DEScheduleTest.xml
auto.tcl: Setting watchdog for 200 seconds at Fri Sep 28 02:21:09 UTC 2018
4 ms. Memory: 208384K Free: 198265K (95%)
ptolemy.util.test.WatchDog.cancel(): canceling Fri Sep 28 02:21:09 UTC 2018
auto.tcl: Setting watchdog for 200 seconds at Fri Sep 28 02:21:09 UTC 2018
7 ms. Memory: 208384K Free: 196158K (94%)
ptolemy.util.test.WatchDog.cancel(): canceling Fri Sep 28 02:21:09 UTC 2018
------------------ testing $PTII/ptolemy/domains/de/test/auto/DEinDEwithStartTimes.xml
auto.tcl: Setting watchdog for 200 seconds at Fri Sep 28 02:21:09 UTC 2018
4 ms. Memory: 208384K Free: 196129K (94%)
ptolemy.util.test.WatchDog.cancel(): canceling Fri Sep 28 02:21:09 UTC 2018
auto.tcl: Setting watchdog for 200 seconds at Fri Sep 28 02:21:09 UTC 2018
8 ms. Memory: 208384K Free: 194023K (93%)
ptolemy.util.test.WatchDog.cancel(): canceling Fri Sep 28 02:21:09 UTC 2018
------------------ testing $PTII/ptolemy/domains/de/test/auto/DEinDEwithStartTimes2.xml
auto.tcl: Setting watchdog for 200 seconds at Fri Sep 28 02:21:09 UTC 2018
11 ms. Memory: 208384K Free: 196446K (94%)
ptolemy.util.test.WatchDog.cancel(): canceling Fri Sep 28 02:21:09 UTC 2018
auto.tcl: Setting watchdog for 200 seconds at Fri Sep 28 02:21:09 UTC 2018
4 ms. Memory: 208384K Free: 194002K (93%)
ptolemy.util.test.WatchDog.cancel(): canceling Fri Sep 28 02:21:09 UTC 2018
------------------ testing $PTII/ptolemy/domains/de/test/auto/DateDemo.xml
auto.tcl: Setting watchdog for 200 seconds at Fri Sep 28 02:21:09 UTC 2018
16 ms. Memory: 208384K Free: 188519K (90%)
ptolemy.util.test.WatchDog.cancel(): canceling Fri Sep 28 02:21:10 UTC 2018
auto.tcl: Setting watchdog for 200 seconds at Fri Sep 28 02:21:10 UTC 2018
9 ms. Memory: 208384K Free: 186413K (89%)
ptolemy.util.test.WatchDog.cancel(): canceling Fri Sep 28 02:21:10 UTC 2018
------------------ testing $PTII/ptolemy/domains/de/test/auto/DateToEvent.xml
auto.tcl: Setting watchdog for 200 seconds at Fri Sep 28 02:21:10 UTC 2018
2010 ms. Memory: 208384K Free: 183221K (88%)
ptolemy.util.test.WatchDog.cancel(): canceling Fri Sep 28 02:21:12 UTC 2018
auto.tcl: Setting watchdog for 200 seconds at Fri Sep 28 02:21:12 UTC 2018
2005 ms. Memory: 208384K Free: 183221K (88%)
ptolemy.util.test.WatchDog.cancel(): canceling Fri Sep 28 02:21:14 UTC 2018
------------------ testing $PTII/ptolemy/domains/de/test/auto/DepthTest1.xml
auto.tcl: Setting watchdog for 200 seconds at Fri Sep 28 02:21:14 UTC 2018
4 ms. Memory: 208384K Free: 197467K (95%)
ptolemy.util.test.WatchDog.cancel(): canceling Fri Sep 28 02:21:14 UTC 2018
auto.tcl: Setting watchdog for 200 seconds at Fri Sep 28 02:21:14 UTC 2018
2 ms. Memory: 208384K Free: 197467K (95%)
ptolemy.util.test.WatchDog.cancel(): canceling Fri Sep 28 02:21:14 UTC 2018
------------------ testing $PTII/ptolemy/domains/de/test/auto/DepthTest2.xml
auto.tcl: Setting watchdog for 200 seconds at Fri Sep 28 02:21:14 UTC 2018
6 ms. Memory: 208384K Free: 193654K (93%)
ptolemy.util.test.WatchDog.cancel(): canceling Fri Sep 28 02:21:14 UTC 2018
auto.tcl: Setting watchdog for 200 seconds at Fri Sep 28 02:21:14 UTC 2018
6 ms. Memory: 208384K Free: 193654K (93%)
ptolemy.util.test.WatchDog.cancel(): canceling Fri Sep 28 02:21:14 UTC 2018
------------------ testing $PTII/ptolemy/domains/de/test/auto/DepthTest3.xml
auto.tcl: Setting watchdog for 200 seconds at Fri Sep 28 02:21:14 UTC 2018
6 ms. Memory: 208384K Free: 198138K (95%)
ptolemy.util.test.WatchDog.cancel(): canceling Fri Sep 28 02:21:14 UTC 2018
auto.tcl: Setting watchdog for 200 seconds at Fri Sep 28 02:21:14 UTC 2018
2 ms. Memory: 208384K Free: 198138K (95%)
ptolemy.util.test.WatchDog.cancel(): canceling Fri Sep 28 02:21:14 UTC 2018
------------------ testing $PTII/ptolemy/domains/de/test/auto/DepthTest4.xml
auto.tcl: Setting watchdog for 200 seconds at Fri Sep 28 02:21:14 UTC 2018
7 ms. Memory: 208384K Free: 196120K (94%)
ptolemy.util.test.WatchDog.cancel(): canceling Fri Sep 28 02:21:14 UTC 2018
auto.tcl: Setting watchdog for 200 seconds at Fri Sep 28 02:21:14 UTC 2018
2 ms. Memory: 208384K Free: 195782K (94%)
ptolemy.util.test.WatchDog.cancel(): canceling Fri Sep 28 02:21:14 UTC 2018
------------------ testing $PTII/ptolemy/domains/de/test/auto/DepthTest5.xml
auto.tcl: Setting watchdog for 200 seconds at Fri Sep 28 02:21:14 UTC 2018
3 ms. Memory: 208384K Free: 195729K (94%)
ptolemy.util.test.WatchDog.cancel(): canceling Fri Sep 28 02:21:14 UTC 2018
auto.tcl: Setting watchdog for 200 seconds at Fri Sep 28 02:21:14 UTC 2018
2 ms. Memory: 208384K Free: 195729K (94%)
ptolemy.util.test.WatchDog.cancel(): canceling Fri Sep 28 02:21:14 UTC 2018
------------------ testing $PTII/ptolemy/domains/de/test/auto/DepthTest6.xml
auto.tcl: Setting watchdog for 200 seconds at Fri Sep 28 02:21:14 UTC 2018
7 ms. Memory: 208384K Free: 196035K (94%)
ptolemy.util.test.WatchDog.cancel(): canceling Fri Sep 28 02:21:14 UTC 2018
auto.tcl: Setting watchdog for 200 seconds at Fri Sep 28 02:21:14 UTC 2018
2 ms. Memory: 208384K Free: 196035K (94%)
ptolemy.util.test.WatchDog.cancel(): canceling Fri Sep 28 02:21:14 UTC 2018
------------------ testing $PTII/ptolemy/domains/de/test/auto/DepthTest7.xml
auto.tcl: Setting watchdog for 200 seconds at Fri Sep 28 02:21:14 UTC 2018
3 ms. Memory: 208384K Free: 195686K (94%)
ptolemy.util.test.WatchDog.cancel(): canceling Fri Sep 28 02:21:14 UTC 2018
auto.tcl: Setting watchdog for 200 seconds at Fri Sep 28 02:21:14 UTC 2018
2 ms. Memory: 208384K Free: 195686K (94%)
ptolemy.util.test.WatchDog.cancel(): canceling Fri Sep 28 02:21:14 UTC 2018
------------------ testing $PTII/ptolemy/domains/de/test/auto/EventToDate.xml
auto.tcl: Setting watchdog for 200 seconds at Fri Sep 28 02:21:14 UTC 2018
3010 ms. Memory: 208384K Free: 182718K (88%)
ptolemy.util.test.WatchDog.cancel(): canceling Fri Sep 28 02:21:17 UTC 2018
auto.tcl: Setting watchdog for 200 seconds at Fri Sep 28 02:21:17 UTC 2018
3005 ms. Memory: 208384K Free: 182718K (88%)
ptolemy.util.test.WatchDog.cancel(): canceling Fri Sep 28 02:21:20 UTC 2018
------------------ testing $PTII/ptolemy/domains/de/test/auto/FSM1.xml
auto.tcl: Setting watchdog for 200 seconds at Fri Sep 28 02:21:20 UTC 2018
33 ms. Memory: 208384K Free: 188726K (91%)
ptolemy.util.test.WatchDog.cancel(): canceling Fri Sep 28 02:21:21 UTC 2018
auto.tcl: Setting watchdog for 200 seconds at Fri Sep 28 02:21:21 UTC 2018
13 ms. Memory: 208384K Free: 184513K (89%)
ptolemy.util.test.WatchDog.cancel(): canceling Fri Sep 28 02:21:21 UTC 2018
------------------ testing $PTII/ptolemy/domains/de/test/auto/FSM7.xml
auto.tcl: Setting watchdog for 200 seconds at Fri Sep 28 02:21:21 UTC 2018
14 ms. Memory: 208384K Free: 187159K (90%)
ptolemy.util.test.WatchDog.cancel(): canceling Fri Sep 28 02:21:21 UTC 2018
auto.tcl: Setting watchdog for 200 seconds at Fri Sep 28 02:21:21 UTC 2018
16 ms. Memory: 208384K Free: 184715K (89%)
ptolemy.util.test.WatchDog.cancel(): canceling Fri Sep 28 02:21:21 UTC 2018
------------------ testing $PTII/ptolemy/domains/de/test/auto/Inspection.xml
auto.tcl: Setting watchdog for 200 seconds at Fri Sep 28 02:21:21 UTC 2018
28 ms. Memory: 208384K Free: 188374K (90%)
ptolemy.util.test.WatchDog.cancel(): canceling Fri Sep 28 02:21:21 UTC 2018
auto.tcl: Setting watchdog for 200 seconds at Fri Sep 28 02:21:21 UTC 2018
22 ms. Memory: 208384K Free: 186268K (89%)
ptolemy.util.test.WatchDog.cancel(): canceling Fri Sep 28 02:21:21 UTC 2018
------------------ testing $PTII/ptolemy/domains/de/test/auto/Iteration.xml
auto.tcl: Setting watchdog for 200 seconds at Fri Sep 28 02:21:21 UTC 2018
8 ms. Memory: 208384K Free: 195831K (94%)
ptolemy.util.test.WatchDog.cancel(): canceling Fri Sep 28 02:21:21 UTC 2018
auto.tcl: Setting watchdog for 200 seconds at Fri Sep 28 02:21:21 UTC 2018
8 ms. Memory: 208384K Free: 193725K (93%)
ptolemy.util.test.WatchDog.cancel(): canceling Fri Sep 28 02:21:21 UTC 2018
------------------ testing $PTII/ptolemy/domains/de/test/auto/LineFault.xml
auto.tcl: Setting watchdog for 200 seconds at Fri Sep 28 02:21:21 UTC 2018
765 ms. Memory: 208384K Free: 194226K (93%)
ptolemy.util.test.WatchDog.cancel(): canceling Fri Sep 28 02:21:22 UTC 2018
auto.tcl: Setting watchdog for 200 seconds at Fri Sep 28 02:21:22 UTC 2018
558 ms. Memory: 208384K Free: 136721K (66%)
ptolemy.util.test.WatchDog.cancel(): canceling Fri Sep 28 02:21:22 UTC 2018
------------------ testing $PTII/ptolemy/domains/de/test/auto/MergeModel1Add.xml
auto.tcl: Setting watchdog for 200 seconds at Fri Sep 28 02:21:23 UTC 2018
28 ms. Memory: 331264K Free: 298494K (90%)
ptolemy.util.test.WatchDog.cancel(): canceling Fri Sep 28 02:21:23 UTC 2018
auto.tcl: Setting watchdog for 200 seconds at Fri Sep 28 02:21:23 UTC 2018
7 ms. Memory: 331264K Free: 298494K (90%)
ptolemy.util.test.WatchDog.cancel(): canceling Fri Sep 28 02:21:23 UTC 2018
------------------ testing $PTII/ptolemy/domains/de/test/auto/MergeModel2Add.xml
auto.tcl: Setting watchdog for 200 seconds at Fri Sep 28 02:21:23 UTC 2018
9 ms. Memory: 331264K Free: 303778K (92%)
ptolemy.util.test.WatchDog.cancel(): canceling Fri Sep 28 02:21:23 UTC 2018
auto.tcl: Setting watchdog for 200 seconds at Fri Sep 28 02:21:23 UTC 2018
10 ms. Memory: 331264K Free: 299864K (91%)
ptolemy.util.test.WatchDog.cancel(): canceling Fri Sep 28 02:21:23 UTC 2018
------------------ testing $PTII/ptolemy/domains/de/test/auto/MergeModel3Add.xml
auto.tcl: Setting watchdog for 200 seconds at Fri Sep 28 02:21:23 UTC 2018
10 ms. Memory: 331264K Free: 303788K (92%)
ptolemy.util.test.WatchDog.cancel(): canceling Fri Sep 28 02:21:23 UTC 2018
auto.tcl: Setting watchdog for 200 seconds at Fri Sep 28 02:21:23 UTC 2018
7 ms. Memory: 331264K Free: 299874K (91%)
ptolemy.util.test.WatchDog.cancel(): canceling Fri Sep 28 02:21:23 UTC 2018
------------------ testing $PTII/ptolemy/domains/de/test/auto/MergeWithoutDiscard.xml
auto.tcl: Setting watchdog for 200 seconds at Fri Sep 28 02:21:23 UTC 2018
5 ms. Memory: 331264K Free: 319441K (96%)
ptolemy.util.test.WatchDog.cancel(): canceling Fri Sep 28 02:21:23 UTC 2018
auto.tcl: Setting watchdog for 200 seconds at Fri Sep 28 02:21:23 UTC 2018
1 ms. Memory: 331264K Free: 315524K (95%)
ptolemy.util.test.WatchDog.cancel(): canceling Fri Sep 28 02:21:23 UTC 2018
------------------ testing $PTII/ptolemy/domains/de/test/auto/Modal1.xml
auto.tcl: Setting watchdog for 200 seconds at Fri Sep 28 02:21:23 UTC 2018
17 ms. Memory: 331264K Free: 309461K (93%)
ptolemy.util.test.WatchDog.cancel(): canceling Fri Sep 28 02:21:23 UTC 2018
auto.tcl: Setting watchdog for 200 seconds at Fri Sep 28 02:21:23 UTC 2018
23 ms. Memory: 331264K Free: 305547K (92%)
ptolemy.util.test.WatchDog.cancel(): canceling Fri Sep 28 02:21:23 UTC 2018
------------------ testing $PTII/ptolemy/domains/de/test/auto/Modal2.xml
auto.tcl: Setting watchdog for 200 seconds at Fri Sep 28 02:21:23 UTC 2018
17 ms. Memory: 331264K Free: 309335K (93%)
ptolemy.util.test.WatchDog.cancel(): canceling Fri Sep 28 02:21:23 UTC 2018
auto.tcl: Setting watchdog for 200 seconds at Fri Sep 28 02:21:23 UTC 2018
15 ms. Memory: 331264K Free: 305421K (92%)
ptolemy.util.test.WatchDog.cancel(): canceling Fri Sep 28 02:21:23 UTC 2018
------------------ testing $PTII/ptolemy/domains/de/test/auto/Modal3.xml
auto.tcl: Setting watchdog for 200 seconds at Fri Sep 28 02:21:23 UTC 2018
19 ms. Memory: 331264K Free: 309618K (93%)
ptolemy.util.test.WatchDog.cancel(): canceling Fri Sep 28 02:21:23 UTC 2018
auto.tcl: Setting watchdog for 200 seconds at Fri Sep 28 02:21:23 UTC 2018
15 ms. Memory: 331264K Free: 305419K (92%)
ptolemy.util.test.WatchDog.cancel(): canceling Fri Sep 28 02:21:23 UTC 2018
------------------ testing $PTII/ptolemy/domains/de/test/auto/Modal4.xml
auto.tcl: Setting watchdog for 200 seconds at Fri Sep 28 02:21:23 UTC 2018
15 ms. Memory: 331264K Free: 309129K (93%)
ptolemy.util.test.WatchDog.cancel(): canceling Fri Sep 28 02:21:23 UTC 2018
auto.tcl: Setting watchdog for 200 seconds at Fri Sep 28 02:21:23 UTC 2018
13 ms. Memory: 331264K Free: 305215K (92%)
ptolemy.util.test.WatchDog.cancel(): canceling Fri Sep 28 02:21:23 UTC 2018
------------------ testing $PTII/ptolemy/domains/de/test/auto/Modal5.xml
auto.tcl: Setting watchdog for 200 seconds at Fri Sep 28 02:21:24 UTC 2018
12 ms. Memory: 331264K Free: 309116K (93%)
ptolemy.util.test.WatchDog.cancel(): canceling Fri Sep 28 02:21:24 UTC 2018
auto.tcl: Setting watchdog for 200 seconds at Fri Sep 28 02:21:24 UTC 2018
13 ms. Memory: 331264K Free: 305202K (92%)
ptolemy.util.test.WatchDog.cancel(): canceling Fri Sep 28 02:21:24 UTC 2018
------------------ testing $PTII/ptolemy/domains/de/test/auto/Modal6.xml
auto.tcl: Setting watchdog for 200 seconds at Fri Sep 28 02:21:24 UTC 2018
11 ms. Memory: 331264K Free: 309113K (93%)
ptolemy.util.test.WatchDog.cancel(): canceling Fri Sep 28 02:21:24 UTC 2018
auto.tcl: Setting watchdog for 200 seconds at Fri Sep 28 02:21:24 UTC 2018
12 ms. Memory: 331264K Free: 305200K (92%)
ptolemy.util.test.WatchDog.cancel(): canceling Fri Sep 28 02:21:24 UTC 2018
------------------ testing $PTII/ptolemy/domains/de/test/auto/Modal7.xml
auto.tcl: Setting watchdog for 200 seconds at Fri Sep 28 02:21:24 UTC 2018
19 ms. Memory: 331264K Free: 305200K (92%)
ptolemy.util.test.WatchDog.cancel(): canceling Fri Sep 28 02:21:24 UTC 2018
auto.tcl: Setting watchdog for 200 seconds at Fri Sep 28 02:21:24 UTC 2018
12 ms. Memory: 331264K Free: 305200K (92%)
ptolemy.util.test.WatchDog.cancel(): canceling Fri Sep 28 02:21:24 UTC 2018
------------------ testing $PTII/ptolemy/domains/de/test/auto/ModalModel.xml
auto.tcl: Setting watchdog for 200 seconds at Fri Sep 28 02:21:24 UTC 2018
204 ms. Memory: 331264K Free: 245674K (74%)
ptolemy.util.test.WatchDog.cancel(): canceling Fri Sep 28 02:21:24 UTC 2018
auto.tcl: Setting watchdog for 200 seconds at Fri Sep 28 02:21:24 UTC 2018
177 ms. Memory: 331264K Free: 190776K (58%)
ptolemy.util.test.WatchDog.cancel(): canceling Fri Sep 28 02:21:24 UTC 2018
------------------ testing $PTII/ptolemy/domains/de/test/auto/ModalSource.xml
auto.tcl: Setting watchdog for 200 seconds at Fri Sep 28 02:21:24 UTC 2018
6 ms. Memory: 331264K Free: 316033K (95%)
ptolemy.util.test.WatchDog.cancel(): canceling Fri Sep 28 02:21:24 UTC 2018
auto.tcl: Setting watchdog for 200 seconds at Fri Sep 28 02:21:24 UTC 2018
5 ms. Memory: 331264K Free: 312527K (94%)
ptolemy.util.test.WatchDog.cancel(): canceling Fri Sep 28 02:21:24 UTC 2018
------------------ testing $PTII/ptolemy/domains/de/test/auto/NonInterruptibleTimerZeroDelay.xml
auto.tcl: Setting watchdog for 200 seconds at Fri Sep 28 02:21:24 UTC 2018
3 ms. Memory: 331264K Free: 320177K (97%)
ptolemy.util.test.WatchDog.cancel(): canceling Fri Sep 28 02:21:24 UTC 2018
auto.tcl: Setting watchdog for 200 seconds at Fri Sep 28 02:21:24 UTC 2018
2 ms. Memory: 331264K Free: 316671K (96%)
ptolemy.util.test.WatchDog.cancel(): canceling Fri Sep 28 02:21:24 UTC 2018
------------------ testing $PTII/ptolemy/domains/de/test/auto/OpenQueueingNetwork.xml
auto.tcl: Setting watchdog for 200 seconds at Fri Sep 28 02:21:25 UTC 2018
2458 ms. Memory: 573952K Free: 409360K (71%)
ptolemy.util.test.WatchDog.cancel(): canceling Fri Sep 28 02:21:27 UTC 2018
auto.tcl: Setting watchdog for 200 seconds at Fri Sep 28 02:21:27 UTC 2018
2344 ms. Memory: 550912K Free: 302435K (55%)
ptolemy.util.test.WatchDog.cancel(): canceling Fri Sep 28 02:21:29 UTC 2018
------------------ testing $PTII/ptolemy/domains/de/test/auto/OpenQueuingNetwork.xml
auto.tcl: Setting watchdog for 200 seconds at Fri Sep 28 02:21:30 UTC 2018
223 ms. Memory: 549888K Free: 444089K (81%)
ptolemy.util.test.WatchDog.cancel(): canceling Fri Sep 28 02:21:30 UTC 2018
auto.tcl: Setting watchdog for 200 seconds at Fri Sep 28 02:21:30 UTC 2018
220 ms. Memory: 549888K Free: 383870K (70%)
ptolemy.util.test.WatchDog.cancel(): canceling Fri Sep 28 02:21:30 UTC 2018
------------------ testing $PTII/ptolemy/domains/de/test/auto/PeriodicSampler.xml
auto.tcl: Setting watchdog for 200 seconds at Fri Sep 28 02:21:30 UTC 2018
3 ms. Memory: 551936K Free: 529899K (96%)
ptolemy.util.test.WatchDog.cancel(): canceling Fri Sep 28 02:21:30 UTC 2018
auto.tcl: Setting watchdog for 200 seconds at Fri Sep 28 02:21:30 UTC 2018
2 ms. Memory: 551936K Free: 529899K (96%)
ptolemy.util.test.WatchDog.cancel(): canceling Fri Sep 28 02:21:30 UTC 2018
------------------ testing $PTII/ptolemy/domains/de/test/auto/PersistentIO.xml
auto.tcl: Setting watchdog for 200 seconds at Fri Sep 28 02:21:30 UTC 2018
12 ms. Memory: 549376K Free: 521468K (95%)
ptolemy.util.test.WatchDog.cancel(): canceling Fri Sep 28 02:21:30 UTC 2018
auto.tcl: Setting watchdog for 200 seconds at Fri Sep 28 02:21:30 UTC 2018
4 ms. Memory: 549376K Free: 521468K (95%)
ptolemy.util.test.WatchDog.cancel(): canceling Fri Sep 28 02:21:30 UTC 2018
------------------ testing $PTII/ptolemy/domains/de/test/auto/PortParameterResetOnInitialize.xml
auto.tcl: Setting watchdog for 200 seconds at Fri Sep 28 02:21:30 UTC 2018
4 ms. Memory: 551424K Free: 530077K (96%)
ptolemy.util.test.WatchDog.cancel(): canceling Fri Sep 28 02:21:30 UTC 2018
auto.tcl: Setting watchdog for 200 seconds at Fri Sep 28 02:21:30 UTC 2018
2 ms. Memory: 551424K Free: 530077K (96%)
ptolemy.util.test.WatchDog.cancel(): canceling Fri Sep 28 02:21:30 UTC 2018
------------------ testing $PTII/ptolemy/domains/de/test/auto/PortParameterUpdates.xml
auto.tcl: Setting watchdog for 200 seconds at Fri Sep 28 02:21:30 UTC 2018
6 ms. Memory: 549376K Free: 532842K (97%)
ptolemy.util.test.WatchDog.cancel(): canceling Fri Sep 28 02:21:30 UTC 2018
auto.tcl: Setting watchdog for 200 seconds at Fri Sep 28 02:21:30 UTC 2018
3 ms. Memory: 549376K Free: 526151K (96%)
ptolemy.util.test.WatchDog.cancel(): canceling Fri Sep 28 02:21:30 UTC 2018
------------------ testing $PTII/ptolemy/domains/de/test/auto/QueueAndServer.xml
auto.tcl: Setting watchdog for 200 seconds at Fri Sep 28 02:21:30 UTC 2018
8 ms. Memory: 551424K Free: 534623K (97%)
ptolemy.util.test.WatchDog.cancel(): canceling Fri Sep 28 02:21:30 UTC 2018
auto.tcl: Setting watchdog for 200 seconds at Fri Sep 28 02:21:30 UTC 2018
6 ms. Memory: 551424K Free: 527916K (96%)
ptolemy.util.test.WatchDog.cancel(): canceling Fri Sep 28 02:21:30 UTC 2018
------------------ testing $PTII/ptolemy/domains/de/test/auto/Records.xml
auto.tcl: Setting watchdog for 200 seconds at Fri Sep 28 02:21:30 UTC 2018
7 ms. Memory: 549376K Free: 532518K (97%)
ptolemy.util.test.WatchDog.cancel(): canceling Fri Sep 28 02:21:31 UTC 2018
auto.tcl: Setting watchdog for 200 seconds at Fri Sep 28 02:21:31 UTC 2018
2 ms. Memory: 549376K Free: 532518K (97%)
ptolemy.util.test.WatchDog.cancel(): canceling Fri Sep 28 02:21:31 UTC 2018
------------------ testing $PTII/ptolemy/domains/de/test/auto/ResetTransitionWithStartTime1.xml
auto.tcl: Setting watchdog for 200 seconds at Fri Sep 28 02:21:31 UTC 2018
6 ms. Memory: 551424K Free: 534592K (97%)
ptolemy.util.test.WatchDog.cancel(): canceling Fri Sep 28 02:21:31 UTC 2018
auto.tcl: Setting watchdog for 200 seconds at Fri Sep 28 02:21:31 UTC 2018
6 ms. Memory: 551424K Free: 527897K (96%)
ptolemy.util.test.WatchDog.cancel(): canceling Fri Sep 28 02:21:31 UTC 2018
------------------ testing $PTII/ptolemy/domains/de/test/auto/ResetTransitionWithStartTime2.xml
auto.tcl: Setting watchdog for 200 seconds at Fri Sep 28 02:21:31 UTC 2018
6 ms. Memory: 549376K Free: 526065K (96%)
ptolemy.util.test.WatchDog.cancel(): canceling Fri Sep 28 02:21:31 UTC 2018
auto.tcl: Setting watchdog for 200 seconds at Fri Sep 28 02:21:31 UTC 2018
7 ms. Memory: 549376K Free: 526065K (96%)
ptolemy.util.test.WatchDog.cancel(): canceling Fri Sep 28 02:21:31 UTC 2018
------------------ testing $PTII/ptolemy/domains/de/test/auto/ResetTransitionWithStartTime3.xml
auto.tcl: Setting watchdog for 200 seconds at Fri Sep 28 02:21:31 UTC 2018
8 ms. Memory: 550912K Free: 534299K (97%)
ptolemy.util.test.WatchDog.cancel(): canceling Fri Sep 28 02:21:31 UTC 2018
auto.tcl: Setting watchdog for 200 seconds at Fri Sep 28 02:21:31 UTC 2018
9 ms. Memory: 550912K Free: 527378K (96%)
ptolemy.util.test.WatchDog.cancel(): canceling Fri Sep 28 02:21:31 UTC 2018
------------------ testing $PTII/ptolemy/domains/de/test/auto/ResetTransitionWithStartTime4.xml
auto.tcl: Setting watchdog for 200 seconds at Fri Sep 28 02:21:31 UTC 2018
4 ms. Memory: 549376K Free: 525824K (96%)
ptolemy.util.test.WatchDog.cancel(): canceling Fri Sep 28 02:21:31 UTC 2018
auto.tcl: Setting watchdog for 200 seconds at Fri Sep 28 02:21:31 UTC 2018
4 ms. Memory: 549376K Free: 525824K (96%)
ptolemy.util.test.WatchDog.cancel(): canceling Fri Sep 28 02:21:31 UTC 2018
------------------ testing $PTII/ptolemy/domains/de/test/auto/ResettableTimer1.xml
auto.tcl: Setting watchdog for 200 seconds at Fri Sep 28 02:21:31 UTC 2018
3 ms. Memory: 550912K Free: 534062K (97%)
ptolemy.util.test.WatchDog.cancel(): canceling Fri Sep 28 02:21:31 UTC 2018
auto.tcl: Setting watchdog for 200 seconds at Fri Sep 28 02:21:31 UTC 2018
3 ms. Memory: 550912K Free: 534062K (97%)
ptolemy.util.test.WatchDog.cancel(): canceling Fri Sep 28 02:21:31 UTC 2018
------------------ testing $PTII/ptolemy/domains/de/test/auto/ResettableTimer2.xml
auto.tcl: Setting watchdog for 200 seconds at Fri Sep 28 02:21:31 UTC 2018
5 ms. Memory: 549376K Free: 532814K (97%)
ptolemy.util.test.WatchDog.cancel(): canceling Fri Sep 28 02:21:31 UTC 2018
auto.tcl: Setting watchdog for 200 seconds at Fri Sep 28 02:21:31 UTC 2018
2 ms. Memory: 549376K Free: 532814K (97%)
ptolemy.util.test.WatchDog.cancel(): canceling Fri Sep 28 02:21:31 UTC 2018
------------------ testing $PTII/ptolemy/domains/de/test/auto/ResettableTimer3.xml
auto.tcl: Setting watchdog for 200 seconds at Fri Sep 28 02:21:31 UTC 2018
1 ms. Memory: 550912K Free: 534120K (97%)
ptolemy.util.test.WatchDog.cancel(): canceling Fri Sep 28 02:21:31 UTC 2018
auto.tcl: Setting watchdog for 200 seconds at Fri Sep 28 02:21:31 UTC 2018
1 ms. Memory: 550912K Free: 534120K (97%)
ptolemy.util.test.WatchDog.cancel(): canceling Fri Sep 28 02:21:31 UTC 2018
------------------ testing $PTII/ptolemy/domains/de/test/auto/ResettableTimer4.xml
auto.tcl: Setting watchdog for 200 seconds at Fri Sep 28 02:21:31 UTC 2018
1 ms. Memory: 549376K Free: 532827K (97%)
ptolemy.util.test.WatchDog.cancel(): canceling Fri Sep 28 02:21:31 UTC 2018
auto.tcl: Setting watchdog for 200 seconds at Fri Sep 28 02:21:31 UTC 2018
1 ms. Memory: 549376K Free: 532827K (97%)
ptolemy.util.test.WatchDog.cancel(): canceling Fri Sep 28 02:21:31 UTC 2018
------------------ testing $PTII/ptolemy/domains/de/test/auto/ResettableTimer5.xml
auto.tcl: Setting watchdog for 200 seconds at Fri Sep 28 02:21:31 UTC 2018
1 ms. Memory: 550400K Free: 529170K (96%)
ptolemy.util.test.WatchDog.cancel(): canceling Fri Sep 28 02:21:31 UTC 2018
auto.tcl: Setting watchdog for 200 seconds at Fri Sep 28 02:21:31 UTC 2018
2 ms. Memory: 550400K Free: 529170K (96%)
ptolemy.util.test.WatchDog.cancel(): canceling Fri Sep 28 02:21:31 UTC 2018
------------------ testing $PTII/ptolemy/domains/de/test/auto/ResettableTimer6.xml
auto.tcl: Setting watchdog for 200 seconds at Fri Sep 28 02:21:31 UTC 2018
1 ms. Memory: 549376K Free: 527865K (96%)
ptolemy.util.test.WatchDog.cancel(): canceling Fri Sep 28 02:21:31 UTC 2018
auto.tcl: Setting watchdog for 200 seconds at Fri Sep 28 02:21:31 UTC 2018
2 ms. Memory: 549376K Free: 527865K (96%)
ptolemy.util.test.WatchDog.cancel(): canceling Fri Sep 28 02:21:31 UTC 2018
------------------ testing $PTII/ptolemy/domains/de/test/auto/ServerZeroDelay.xml
auto.tcl: Setting watchdog for 200 seconds at Fri Sep 28 02:21:31 UTC 2018
4 ms. Memory: 550400K Free: 533789K (97%)
ptolemy.util.test.WatchDog.cancel(): canceling Fri Sep 28 02:21:31 UTC 2018
auto.tcl: Setting watchdog for 200 seconds at Fri Sep 28 02:21:31 UTC 2018
2 ms. Memory: 550400K Free: 533789K (97%)
ptolemy.util.test.WatchDog.cancel(): canceling Fri Sep 28 02:21:31 UTC 2018
------------------ testing $PTII/ptolemy/domains/de/test/auto/SmartSender.xml
auto.tcl: Setting watchdog for 200 seconds at Fri Sep 28 02:21:31 UTC 2018
3002 ms. Memory: 549376K Free: 528080K (96%)
ptolemy.util.test.WatchDog.cancel(): canceling Fri Sep 28 02:21:34 UTC 2018
auto.tcl: Setting watchdog for 200 seconds at Fri Sep 28 02:21:34 UTC 2018
3002 ms. Memory: 549376K Free: 528080K (96%)
ptolemy.util.test.WatchDog.cancel(): canceling Fri Sep 28 02:21:37 UTC 2018
------------------ testing $PTII/ptolemy/domains/de/test/auto/ThreadedComposite.xml
auto.tcl: Setting watchdog for 200 seconds at Fri Sep 28 02:21:37 UTC 2018
218 ms. Memory: 550400K Free: 503479K (91%)
ptolemy.util.test.WatchDog.cancel(): canceling Fri Sep 28 02:21:38 UTC 2018
auto.tcl: Setting watchdog for 200 seconds at Fri Sep 28 02:21:38 UTC 2018
189 ms. Memory: 550400K Free: 478061K (87%)
ptolemy.util.test.WatchDog.cancel(): canceling Fri Sep 28 02:21:38 UTC 2018
------------------ testing $PTII/ptolemy/domains/de/test/auto/Time.xml
auto.tcl: Setting watchdog for 200 seconds at Fri Sep 28 02:21:38 UTC 2018
464 ms. Memory: 549376K Free: 480778K (88%)
ptolemy.util.test.WatchDog.cancel(): canceling Fri Sep 28 02:21:38 UTC 2018
auto.tcl: Setting watchdog for 200 seconds at Fri Sep 28 02:21:38 UTC 2018
429 ms. Memory: 549376K Free: 427250K (78%)
ptolemy.util.test.WatchDog.cancel(): canceling Fri Sep 28 02:21:39 UTC 2018
------------------ testing $PTII/ptolemy/domains/de/test/auto/TimeDelayZeroDelay.xml
auto.tcl: Setting watchdog for 200 seconds at Fri Sep 28 02:21:39 UTC 2018
2 ms. Memory: 550400K Free: 533476K (97%)
ptolemy.util.test.WatchDog.cancel(): canceling Fri Sep 28 02:21:39 UTC 2018
auto.tcl: Setting watchdog for 200 seconds at Fri Sep 28 02:21:39 UTC 2018
2 ms. Memory: 550400K Free: 533476K (97%)
ptolemy.util.test.WatchDog.cancel(): canceling Fri Sep 28 02:21:39 UTC 2018
------------------ testing $PTII/ptolemy/domains/de/test/auto/TimerZeroDelay.xml
auto.tcl: Setting watchdog for 200 seconds at Fri Sep 28 02:21:39 UTC 2018
4 ms. Memory: 549376K Free: 532726K (97%)
ptolemy.util.test.WatchDog.cancel(): canceling Fri Sep 28 02:21:39 UTC 2018
auto.tcl: Setting watchdog for 200 seconds at Fri Sep 28 02:21:39 UTC 2018
2 ms. Memory: 549376K Free: 532726K (97%)
ptolemy.util.test.WatchDog.cancel(): canceling Fri Sep 28 02:21:39 UTC 2018
------------------ testing $PTII/ptolemy/domains/de/test/auto/TimingParadox.xml
auto.tcl: Setting watchdog for 200 seconds at Fri Sep 28 02:21:39 UTC 2018
332 ms. Memory: 549888K Free: 466763K (85%)
ptolemy.util.test.WatchDog.cancel(): canceling Fri Sep 28 02:21:39 UTC 2018
auto.tcl: Setting watchdog for 200 seconds at Fri Sep 28 02:21:39 UTC 2018
289 ms. Memory: 549888K Free: 433309K (79%)
ptolemy.util.test.WatchDog.cancel(): canceling Fri Sep 28 02:21:40 UTC 2018
------------------ testing $PTII/ptolemy/domains/de/test/auto/TransferInputs.xml
auto.tcl: Setting watchdog for 200 seconds at Fri Sep 28 02:21:40 UTC 2018
2 ms. Memory: 549888K Free: 532141K (97%)
ptolemy.util.test.WatchDog.cancel(): canceling Fri Sep 28 02:21:40 UTC 2018
auto.tcl: Setting watchdog for 200 seconds at Fri Sep 28 02:21:40 UTC 2018
2 ms. Memory: 549888K Free: 532141K (97%)
ptolemy.util.test.WatchDog.cancel(): canceling Fri Sep 28 02:21:40 UTC 2018
------------------ testing $PTII/ptolemy/domains/de/test/auto/TransferOutputs2.xml
auto.tcl: Setting watchdog for 200 seconds at Fri Sep 28 02:21:40 UTC 2018
5 ms. Memory: 549376K Free: 526033K (96%)
ptolemy.util.test.WatchDog.cancel(): canceling Fri Sep 28 02:21:40 UTC 2018
auto.tcl: Setting watchdog for 200 seconds at Fri Sep 28 02:21:40 UTC 2018
3 ms. Memory: 549376K Free: 526033K (96%)
ptolemy.util.test.WatchDog.cancel(): canceling Fri Sep 28 02:21:40 UTC 2018
------------------ testing $PTII/ptolemy/domains/de/test/auto/Trilateration.xml
auto.tcl: Setting watchdog for 200 seconds at Fri Sep 28 02:21:40 UTC 2018
12760 ms. Memory: 453632K Free: 109899K (24%)
ptolemy.util.test.WatchDog.cancel(): canceling Fri Sep 28 02:21:54 UTC 2018
auto.tcl: Setting watchdog for 200 seconds at Fri Sep 28 02:21:54 UTC 2018
10429 ms. Memory: 331264K Free: 220600K (67%)
ptolemy.util.test.WatchDog.cancel(): canceling Fri Sep 28 02:22:04 UTC 2018
------------------ testing $PTII/ptolemy/domains/de/test/auto/TwoSigmaDelta.xml
auto.tcl: Setting watchdog for 200 seconds at Fri Sep 28 02:22:04 UTC 2018
2693 ms. Memory: 320000K Free: 257078K (80%)
ptolemy.util.test.WatchDog.cancel(): canceling Fri Sep 28 02:22:07 UTC 2018
auto.tcl: Setting watchdog for 200 seconds at Fri Sep 28 02:22:07 UTC 2018
2023 ms. Memory: 307712K Free: 250665K (81%)
ptolemy.util.test.WatchDog.cancel(): canceling Fri Sep 28 02:22:09 UTC 2018
------------------ testing $PTII/ptolemy/domains/de/test/auto/VariableDelay.xml
auto.tcl: Setting watchdog for 200 seconds at Fri Sep 28 02:22:09 UTC 2018
7 ms. Memory: 309760K Free: 292884K (95%)
ptolemy.util.test.WatchDog.cancel(): canceling Fri Sep 28 02:22:09 UTC 2018
auto.tcl: Setting watchdog for 200 seconds at Fri Sep 28 02:22:09 UTC 2018
2 ms. Memory: 309760K Free: 292884K (95%)
ptolemy.util.test.WatchDog.cancel(): canceling Fri Sep 28 02:22:09 UTC 2018
------------------ testing $PTII/ptolemy/domains/de/test/auto/VariableDelay2.xml
auto.tcl: Setting watchdog for 200 seconds at Fri Sep 28 02:22:09 UTC 2018
7 ms. Memory: 307712K Free: 293506K (95%)
ptolemy.util.test.WatchDog.cancel(): canceling Fri Sep 28 02:22:09 UTC 2018
auto.tcl: Setting watchdog for 200 seconds at Fri Sep 28 02:22:09 UTC 2018
2 ms. Memory: 307712K Free: 293506K (95%)
ptolemy.util.test.WatchDog.cancel(): canceling Fri Sep 28 02:22:09 UTC 2018
------------------ testing $PTII/ptolemy/domains/de/test/auto/VariableDelayZeroDelay.xml
auto.tcl: Setting watchdog for 200 seconds at Fri Sep 28 02:22:09 UTC 2018
2 ms. Memory: 309248K Free: 296052K (96%)
ptolemy.util.test.WatchDog.cancel(): canceling Fri Sep 28 02:22:09 UTC 2018
auto.tcl: Setting watchdog for 200 seconds at Fri Sep 28 02:22:09 UTC 2018
2 ms. Memory: 309248K Free: 292777K (95%)
ptolemy.util.test.WatchDog.cancel(): canceling Fri Sep 28 02:22:09 UTC 2018
------------------ testing $PTII/ptolemy/domains/de/test/auto/VariableDelayZeroDelay2.xml
auto.tcl: Setting watchdog for 200 seconds at Fri Sep 28 02:22:09 UTC 2018
2 ms. Memory: 307712K Free: 293503K (95%)
ptolemy.util.test.WatchDog.cancel(): canceling Fri Sep 28 02:22:09 UTC 2018
auto.tcl: Setting watchdog for 200 seconds at Fri Sep 28 02:22:09 UTC 2018
2 ms. Memory: 307712K Free: 293503K (95%)
ptolemy.util.test.WatchDog.cancel(): canceling Fri Sep 28 02:22:09 UTC 2018
------------------ testing $PTII/ptolemy/domains/de/test/auto/deInCt.xml
auto.tcl: Setting watchdog for 200 seconds at Fri Sep 28 02:22:09 UTC 2018
0
1
1
1
0
0
0
1
1
1
0
0
1
1
1
0
0
0
0
1
1
1
1
0
0
0
0
1
1
1
0
0
0
0
1
1
1
1
1
19 ms. Memory: 309248K Free: 292781K (95%)
ptolemy.util.test.WatchDog.cancel(): canceling Fri Sep 28 02:22:10 UTC 2018
auto.tcl: Setting watchdog for 200 seconds at Fri Sep 28 02:22:10 UTC 2018
0
1
1
1
0
0
0
1
1
1
0
0
0
0
1
1
1
0
0
0
1
1
1
0
0
0
1
1
1
0
0
0
0
1
1
1
1
0
0
0
0
1
1
1
1
6 ms. Memory: 309248K Free: 292781K (95%)
ptolemy.util.test.WatchDog.cancel(): canceling Fri Sep 28 02:22:10 UTC 2018
------------------ testing $PTII/ptolemy/domains/de/test/auto/deInCt2.xml
auto.tcl: Setting watchdog for 200 seconds at Fri Sep 28 02:22:10 UTC 2018
0
1
1
1
0
0
1
1
1
0
0
1
1
1
0
0
1
1
1
0
0
1
1
1
0
0
1
1
1
0
0
1
1
1
0
0
1
1
1
0
0
0
5 ms. Memory: 307712K Free: 293500K (95%)
ptolemy.util.test.WatchDog.cancel(): canceling Fri Sep 28 02:22:10 UTC 2018
auto.tcl: Setting watchdog for 200 seconds at Fri Sep 28 02:22:10 UTC 2018
0
1
1
1
0
0
1
1
1
0
0
1
1
1
0
0
1
1
1
0
0
1
1
1
0
0
1
1
1
0
0
1
1
1
0
0
1
1
1
0
0
0
5 ms. Memory: 307712K Free: 293500K (95%)
ptolemy.util.test.WatchDog.cancel(): canceling Fri Sep 28 02:22:10 UTC 2018
------------------ testing $PTII/ptolemy/domains/de/test/auto/dynamicCausalityInterface1.xml
auto.tcl: Setting watchdog for 200 seconds at Fri Sep 28 02:22:10 UTC 2018
1 ms. Memory: 308736K Free: 291261K (94%)
ptolemy.util.test.WatchDog.cancel(): canceling Fri Sep 28 02:22:10 UTC 2018
auto.tcl: Setting watchdog for 200 seconds at Fri Sep 28 02:22:10 UTC 2018
1 ms. Memory: 308736K Free: 288003K (93%)
ptolemy.util.test.WatchDog.cancel(): canceling Fri Sep 28 02:22:10 UTC 2018
------------------ testing $PTII/ptolemy/domains/de/test/auto/fsm_de_test.xml
auto.tcl: Setting watchdog for 200 seconds at Fri Sep 28 02:22:10 UTC 2018
12 ms. Memory: 307712K Free: 287885K (94%)
ptolemy.util.test.WatchDog.cancel(): canceling Fri Sep 28 02:22:10 UTC 2018
auto.tcl: Setting watchdog for 200 seconds at Fri Sep 28 02:22:10 UTC 2018
5 ms. Memory: 307712K Free: 284611K (92%)
ptolemy.util.test.WatchDog.cancel(): canceling Fri Sep 28 02:22:10 UTC 2018
------------------ testing $PTII/ptolemy/domains/de/test/auto/functionDependencyReconstruction.xml
auto.tcl: Setting watchdog for 200 seconds at Fri Sep 28 02:22:10 UTC 2018
3 ms. Memory: 308736K Free: 282351K (91%)
ptolemy.util.test.WatchDog.cancel(): canceling Fri Sep 28 02:22:10 UTC 2018
auto.tcl: Setting watchdog for 200 seconds at Fri Sep 28 02:22:10 UTC 2018
3 ms. Memory: 308736K Free: 279093K (90%)
ptolemy.util.test.WatchDog.cancel(): canceling Fri Sep 28 02:22:10 UTC 2018
------------------ testing $PTII/ptolemy/domains/de/test/auto/multirate.xml
auto.tcl: Setting watchdog for 200 seconds at Fri Sep 28 02:22:10 UTC 2018
6 ms. Memory: 307712K Free: 290995K (95%)
ptolemy.util.test.WatchDog.cancel(): canceling Fri Sep 28 02:22:10 UTC 2018
auto.tcl: Setting watchdog for 200 seconds at Fri Sep 28 02:22:10 UTC 2018
3 ms. Memory: 307712K Free: 287721K (94%)
ptolemy.util.test.WatchDog.cancel(): canceling Fri Sep 28 02:22:10 UTC 2018
------------------ testing $PTII/ptolemy/domains/de/test/auto/multirate2.xml
auto.tcl: Setting watchdog for 200 seconds at Fri Sep 28 02:22:10 UTC 2018
3 ms. Memory: 308736K Free: 292223K (95%)
ptolemy.util.test.WatchDog.cancel(): canceling Fri Sep 28 02:22:10 UTC 2018
auto.tcl: Setting watchdog for 200 seconds at Fri Sep 28 02:22:10 UTC 2018
3 ms. Memory: 308736K Free: 288949K (94%)
ptolemy.util.test.WatchDog.cancel(): canceling Fri Sep 28 02:22:10 UTC 2018
------------------ testing $PTII/ptolemy/domains/de/test/auto/realtime.xml
auto.tcl: Setting watchdog for 200 seconds at Fri Sep 28 02:22:10 UTC 2018
10003 ms. Memory: 307712K Free: 291189K (95%)
ptolemy.util.test.WatchDog.cancel(): canceling Fri Sep 28 02:22:20 UTC 2018
auto.tcl: Setting watchdog for 200 seconds at Fri Sep 28 02:22:20 UTC 2018
10001 ms. Memory: 307712K Free: 291189K (95%)
ptolemy.util.test.WatchDog.cancel(): canceling Fri Sep 28 02:22:30 UTC 2018
------------------ testing $PTII/ptolemy/domains/de/test/auto/relationGroup.xml
auto.tcl: Setting watchdog for 200 seconds at Fri Sep 28 02:22:30 UTC 2018
1 ms. Memory: 308224K Free: 294994K (96%)
ptolemy.util.test.WatchDog.cancel(): canceling Fri Sep 28 02:22:30 UTC 2018
auto.tcl: Setting watchdog for 200 seconds at Fri Sep 28 02:22:30 UTC 2018
2 ms. Memory: 308224K Free: 291736K (95%)
ptolemy.util.test.WatchDog.cancel(): canceling Fri Sep 28 02:22:30 UTC 2018
------------------ testing $PTII/ptolemy/domains/de/test/auto/relationGroup2.xml
auto.tcl: Setting watchdog for 200 seconds at Fri Sep 28 02:22:30 UTC 2018
1 ms. Memory: 307712K Free: 294509K (96%)
ptolemy.util.test.WatchDog.cancel(): canceling Fri Sep 28 02:22:30 UTC 2018
auto.tcl: Setting watchdog for 200 seconds at Fri Sep 28 02:22:30 UTC 2018
2 ms. Memory: 307712K Free: 294509K (96%)
ptolemy.util.test.WatchDog.cancel(): canceling Fri Sep 28 02:22:30 UTC 2018
------------------ testing $PTII/ptolemy/domains/de/test/auto/sortWithOpaquePorts.xml
auto.tcl: Setting watchdog for 200 seconds at Fri Sep 28 02:22:30 UTC 2018
2 ms. Memory: 308224K Free: 291763K (95%)
ptolemy.util.test.WatchDog.cancel(): canceling Fri Sep 28 02:22:30 UTC 2018
auto.tcl: Setting watchdog for 200 seconds at Fri Sep 28 02:22:30 UTC 2018
2 ms. Memory: 308224K Free: 291763K (95%)
ptolemy.util.test.WatchDog.cancel(): canceling Fri Sep 28 02:22:30 UTC 2018
------------------ testing $PTII/ptolemy/domains/de/test/auto/transferInputsandOutputs.xml
auto.tcl: Setting watchdog for 200 seconds at Fri Sep 28 02:22:30 UTC 2018
2 ms. Memory: 307712K Free: 291222K (95%)
ptolemy.util.test.WatchDog.cancel(): canceling Fri Sep 28 02:22:30 UTC 2018
auto.tcl: Setting watchdog for 200 seconds at Fri Sep 28 02:22:30 UTC 2018
2 ms. Memory: 307712K Free: 287964K (94%)
ptolemy.util.test.WatchDog.cancel(): canceling Fri Sep 28 02:22:30 UTC 2018
------------------ testing $PTII/ptolemy/domains/de/test/auto/triggerType.xml
auto.tcl: Setting watchdog for 200 seconds at Fri Sep 28 02:22:30 UTC 2018
3 ms. Memory: 308224K Free: 291685K (95%)
ptolemy.util.test.WatchDog.cancel(): canceling Fri Sep 28 02:22:30 UTC 2018
auto.tcl: Setting watchdog for 200 seconds at Fri Sep 28 02:22:30 UTC 2018
1 ms. Memory: 308224K Free: 291685K (95%)
ptolemy.util.test.WatchDog.cancel(): canceling Fri Sep 28 02:22:30 UTC 2018
09/28/18 02:22:30
Failed: 0  Total Tests: 192  ((Passed: 187, Newly Passed: 1)  Known Failed: 5) /home/travis/build/icyphy/ptII/ptolemy/domains/de/test
09/28/18 02:22:30
Failed: 0  Total Tests: 192  ((Passed: 187, Newly Passed: 1)  Known Failed: 5) /home/travis/build/icyphy/ptII/ptolemy/domains/de/test
----------------- testing (KnownFailure) /home/travis/build/icyphy/ptII/ptolemy/domains/de/test/auto/knownFailedTests/DESDFClockTest.xml
2016 ms. Memory: 307712K Free: 285433K (93%)
Known Failure: java.lang.reflect.InvocationTargetException
----------------- testing (KnownFailure) /home/travis/build/icyphy/ptII/ptolemy/domains/de/test/auto/knownFailedTests/DirectFeedback.xml
3 ms. Memory: 307712K Free: 267320K (87%)
Known Failure: java.lang.reflect.InvocationTargetException
----------------- testing (KnownFailure) /home/travis/build/icyphy/ptII/ptolemy/domains/de/test/auto/knownFailedTests/FSMSource.xml
11 ms. Memory: 307712K Free: 244673K (80%)
----------------- testing (KnownFailure) /home/travis/build/icyphy/ptII/ptolemy/domains/de/test/auto/knownFailedTests/HierarchicalModel.xml
3 ms. Memory: 307712K Free: 222011K (72%)
Known Failure: java.lang.reflect.InvocationTargetException
----------------- testing (KnownFailure) /home/travis/build/icyphy/ptII/ptolemy/domains/de/test/auto/knownFailedTests/dependencyLoop.xml
3 ms. Memory: 307712K Free: 190296K (62%)
Known Failure: java.lang.reflect.InvocationTargetException
----------------- testing (KnownFailure) /home/travis/build/icyphy/ptII/ptolemy/domains/de/test/auto/knownFailedTests/dependencyLoop2.xml
3 ms. Memory: 307712K Free: 158581K (52%)
Known Failure: java.lang.reflect.InvocationTargetException
No auto/linux-amd64/*.xml tests in /home/travis/build/icyphy/ptII/ptolemy/domains/de/test
AutoTests.java: About to close Vertx.
AutoTests.java: Vertx closed.

===========================================================================================
----------------- testing Fri Sep 28 02:22:33 UTC 2018 /home/travis/build/icyphy/ptII/ptolemy/domains/de/test/auto/ActorDepthCalculation_actorWithoutPorts.xml
----------------- Instantiating /home/travis/build/icyphy/ptII/ptolemy/domains/de/test/auto/ActorDepthCalculation_actorWithoutPorts.xml
2 ms. Memory: 307712K Free: 131408K (43%)
----------------- Invoking toplevel() on ptolemy.moml.MoMLSimpleApplication@26ae6f5b
----------------- Done invoking toplevel() on ptolemy.moml.MoMLSimpleApplication@26ae6f5b
reloadAllAccessors: .ActorDepthCalculation_actorWithoutPorts

===========================================================================================
----------------- testing Fri Sep 28 02:22:33 UTC 2018 /home/travis/build/icyphy/ptII/ptolemy/domains/de/test/auto/AssemblyLine.xml
----------------- Instantiating /home/travis/build/icyphy/ptII/ptolemy/domains/de/test/auto/AssemblyLine.xml
4 ms. Memory: 307712K Free: 117830K (38%)
----------------- Invoking toplevel() on ptolemy.moml.MoMLSimpleApplication@114741a9
----------------- Done invoking toplevel() on ptolemy.moml.MoMLSimpleApplication@114741a9
reloadAllAccessors: .AssemblyLine

===========================================================================================
----------------- testing Fri Sep 28 02:22:33 UTC 2018 /home/travis/build/icyphy/ptII/ptolemy/domains/de/test/auto/CQBug1.xml
----------------- Instantiating /home/travis/build/icyphy/ptII/ptolemy/domains/de/test/auto/CQBug1.xml
0 ms. Memory: 307712K Free: 108778K (35%)
----------------- Invoking toplevel() on ptolemy.moml.MoMLSimpleApplication@37e673f
----------------- Done invoking toplevel() on ptolemy.moml.MoMLSimpleApplication@37e673f
reloadAllAccessors: .CQBug1

===========================================================================================
----------------- testing Fri Sep 28 02:22:33 UTC 2018 /home/travis/build/icyphy/ptII/ptolemy/domains/de/test/auto/CancelFireAt.xml
----------------- Instantiating /home/travis/build/icyphy/ptII/ptolemy/domains/de/test/auto/CancelFireAt.xml
0 ms. Memory: 307712K Free: 99725K (32%)
----------------- Invoking toplevel() on ptolemy.moml.MoMLSimpleApplication@4915f8c8
----------------- Done invoking toplevel() on ptolemy.moml.MoMLSimpleApplication@4915f8c8
reloadAllAccessors: .CancelFireAt

===========================================================================================
----------------- testing Fri Sep 28 02:22:33 UTC 2018 /home/travis/build/icyphy/ptII/ptolemy/domains/de/test/auto/CausalityAndComposabilityAnalysis.xml
----------------- Instantiating /home/travis/build/icyphy/ptII/ptolemy/domains/de/test/auto/CausalityAndComposabilityAnalysis.xml
1 ms. Memory: 307712K Free: 90673K (29%)
----------------- Invoking toplevel() on ptolemy.moml.MoMLSimpleApplication@742e7b0d
----------------- Done invoking toplevel() on ptolemy.moml.MoMLSimpleApplication@742e7b0d
reloadAllAccessors: .CausalityAndComposabilityAnalysis

===========================================================================================
----------------- testing Fri Sep 28 02:22:33 UTC 2018 /home/travis/build/icyphy/ptII/ptolemy/domains/de/test/auto/CausalityInterface1.xml
----------------- Instantiating /home/travis/build/icyphy/ptII/ptolemy/domains/de/test/auto/CausalityInterface1.xml
3 ms. Memory: 307712K Free: 78362K (25%)
----------------- Invoking toplevel() on ptolemy.moml.MoMLSimpleApplication@dc26206
----------------- Done invoking toplevel() on ptolemy.moml.MoMLSimpleApplication@dc26206
reloadAllAccessors: .CausalityInterface1

===========================================================================================
----------------- testing Fri Sep 28 02:22:33 UTC 2018 /home/travis/build/icyphy/ptII/ptolemy/domains/de/test/auto/CausalityInterface15.xml
----------------- Instantiating /home/travis/build/icyphy/ptII/ptolemy/domains/de/test/auto/CausalityInterface15.xml
2 ms. Memory: 298496K Free: 286053K (96%)
----------------- Invoking toplevel() on ptolemy.moml.MoMLSimpleApplication@286c5af2
----------------- Done invoking toplevel() on ptolemy.moml.MoMLSimpleApplication@286c5af2
reloadAllAccessors: .CausalityInterface15

===========================================================================================
----------------- testing Fri Sep 28 02:22:33 UTC 2018 /home/travis/build/icyphy/ptII/ptolemy/domains/de/test/auto/CausalityInterface2.xml
----------------- Instantiating /home/travis/build/icyphy/ptII/ptolemy/domains/de/test/auto/CausalityInterface2.xml
1 ms. Memory: 298496K Free: 277491K (93%)
----------------- Invoking toplevel() on ptolemy.moml.MoMLSimpleApplication@74118638
----------------- Done invoking toplevel() on ptolemy.moml.MoMLSimpleApplication@74118638
reloadAllAccessors: .CausalityInterface2

===========================================================================================
----------------- testing Fri Sep 28 02:22:33 UTC 2018 /home/travis/build/icyphy/ptII/ptolemy/domains/de/test/auto/CausalityInterface3.xml
----------------- Instantiating /home/travis/build/icyphy/ptII/ptolemy/domains/de/test/auto/CausalityInterface3.xml
1 ms. Memory: 298496K Free: 268812K (90%)
----------------- Invoking toplevel() on ptolemy.moml.MoMLSimpleApplication@67e9e516
----------------- Done invoking toplevel() on ptolemy.moml.MoMLSimpleApplication@67e9e516
reloadAllAccessors: .CausalityInterface3

===========================================================================================
----------------- testing Fri Sep 28 02:22:33 UTC 2018 /home/travis/build/icyphy/ptII/ptolemy/domains/de/test/auto/ClockDrift.xml
----------------- Instantiating /home/travis/build/icyphy/ptII/ptolemy/domains/de/test/auto/ClockDrift.xml
12 ms. Memory: 298496K Free: 253630K (85%)
----------------- Invoking toplevel() on ptolemy.moml.MoMLSimpleApplication@2e9e609a
----------------- Done invoking toplevel() on ptolemy.moml.MoMLSimpleApplication@2e9e609a
reloadAllAccessors: .ClockDrift

===========================================================================================
----------------- testing Fri Sep 28 02:22:33 UTC 2018 /home/travis/build/icyphy/ptII/ptolemy/domains/de/test/auto/ClockDriftAndValueChange.xml
----------------- Instantiating /home/travis/build/icyphy/ptII/ptolemy/domains/de/test/auto/ClockDriftAndValueChange.xml
8 ms. Memory: 298496K Free: 238446K (80%)
----------------- Invoking toplevel() on ptolemy.moml.MoMLSimpleApplication@36adcef7
----------------- Done invoking toplevel() on ptolemy.moml.MoMLSimpleApplication@36adcef7
reloadAllAccessors: .ClockDriftAndValueChange

===========================================================================================
----------------- testing Fri Sep 28 02:22:33 UTC 2018 /home/travis/build/icyphy/ptII/ptolemy/domains/de/test/auto/ClockDriftChange.xml
----------------- Instantiating /home/travis/build/icyphy/ptII/ptolemy/domains/de/test/auto/ClockDriftChange.xml
7 ms. Memory: 298496K Free: 223386K (75%)
----------------- Invoking toplevel() on ptolemy.moml.MoMLSimpleApplication@24f53ecf
----------------- Done invoking toplevel() on ptolemy.moml.MoMLSimpleApplication@24f53ecf
reloadAllAccessors: .ClockDriftChange

===========================================================================================
----------------- testing Fri Sep 28 02:22:33 UTC 2018 /home/travis/build/icyphy/ptII/ptolemy/domains/de/test/auto/ComposableCausalityAnalysis.xml
----------------- Instantiating /home/travis/build/icyphy/ptII/ptolemy/domains/de/test/auto/ComposableCausalityAnalysis.xml
0 ms. Memory: 298496K Free: 214707K (72%)
----------------- Invoking toplevel() on ptolemy.moml.MoMLSimpleApplication@e0a708e
----------------- Done invoking toplevel() on ptolemy.moml.MoMLSimpleApplication@e0a708e
reloadAllAccessors: .ComposableCausalityAnalysis

===========================================================================================
----------------- testing Fri Sep 28 02:22:33 UTC 2018 /home/travis/build/icyphy/ptII/ptolemy/domains/de/test/auto/DEFixedPointLimitation.xml
----------------- Instantiating /home/travis/build/icyphy/ptII/ptolemy/domains/de/test/auto/DEFixedPointLimitation.xml
0 ms. Memory: 298496K Free: 208209K (70%)
----------------- Invoking toplevel() on ptolemy.moml.MoMLSimpleApplication@3582754d
----------------- Done invoking toplevel() on ptolemy.moml.MoMLSimpleApplication@3582754d
reloadAllAccessors: .DEFixedPointLimitation

===========================================================================================
----------------- testing Fri Sep 28 02:22:33 UTC 2018 /home/travis/build/icyphy/ptII/ptolemy/domains/de/test/auto/DEScheduleTest.xml
----------------- Instantiating /home/travis/build/icyphy/ptII/ptolemy/domains/de/test/auto/DEScheduleTest.xml
2 ms. Memory: 298496K Free: 201711K (68%)
----------------- Invoking toplevel() on ptolemy.moml.MoMLSimpleApplication@3cafefdf
----------------- Done invoking toplevel() on ptolemy.moml.MoMLSimpleApplication@3cafefdf
reloadAllAccessors: .DEScheduleTest

===========================================================================================
----------------- testing Fri Sep 28 02:22:33 UTC 2018 /home/travis/build/icyphy/ptII/ptolemy/domains/de/test/auto/DEinDEwithStartTimes.xml
----------------- Instantiating /home/travis/build/icyphy/ptII/ptolemy/domains/de/test/auto/DEinDEwithStartTimes.xml
2 ms. Memory: 298496K Free: 193016K (65%)
----------------- Invoking toplevel() on ptolemy.moml.MoMLSimpleApplication@6999b00c
----------------- Done invoking toplevel() on ptolemy.moml.MoMLSimpleApplication@6999b00c
reloadAllAccessors: .DEinDEwithStartTimes

===========================================================================================
----------------- testing Fri Sep 28 02:22:33 UTC 2018 /home/travis/build/icyphy/ptII/ptolemy/domains/de/test/auto/DEinDEwithStartTimes2.xml
----------------- Instantiating /home/travis/build/icyphy/ptII/ptolemy/domains/de/test/auto/DEinDEwithStartTimes2.xml
2 ms. Memory: 298496K Free: 182288K (61%)
----------------- Invoking toplevel() on ptolemy.moml.MoMLSimpleApplication@4c8b51bc
----------------- Done invoking toplevel() on ptolemy.moml.MoMLSimpleApplication@4c8b51bc
reloadAllAccessors: .DEinDEwithStartTimes2

===========================================================================================
----------------- testing Fri Sep 28 02:22:33 UTC 2018 /home/travis/build/icyphy/ptII/ptolemy/domains/de/test/auto/DateDemo.xml
----------------- Instantiating /home/travis/build/icyphy/ptII/ptolemy/domains/de/test/auto/DateDemo.xml
4 ms. Memory: 298496K Free: 169261K (57%)
----------------- Invoking toplevel() on ptolemy.moml.MoMLSimpleApplication@fc1c4e6
----------------- Done invoking toplevel() on ptolemy.moml.MoMLSimpleApplication@fc1c4e6
reloadAllAccessors: .DateDemo

===========================================================================================
----------------- testing Fri Sep 28 02:22:33 UTC 2018 /home/travis/build/icyphy/ptII/ptolemy/domains/de/test/auto/DateToEvent.xml
----------------- Instantiating /home/travis/build/icyphy/ptII/ptolemy/domains/de/test/auto/DateToEvent.xml
2005 ms. Memory: 298496K Free: 149721K (50%)
----------------- Invoking toplevel() on ptolemy.moml.MoMLSimpleApplication@3068cd8d
----------------- Done invoking toplevel() on ptolemy.moml.MoMLSimpleApplication@3068cd8d
reloadAllAccessors: .DateToEvent

===========================================================================================
----------------- testing Fri Sep 28 02:22:35 UTC 2018 /home/travis/build/icyphy/ptII/ptolemy/domains/de/test/auto/DepthTest1.xml
----------------- Instantiating /home/travis/build/icyphy/ptII/ptolemy/domains/de/test/auto/DepthTest1.xml
2 ms. Memory: 298496K Free: 143207K (48%)
----------------- Invoking toplevel() on ptolemy.moml.MoMLSimpleApplication@6adcec59
----------------- Done invoking toplevel() on ptolemy.moml.MoMLSimpleApplication@6adcec59
reloadAllAccessors: .DepthTest1

===========================================================================================
----------------- testing Fri Sep 28 02:22:35 UTC 2018 /home/travis/build/icyphy/ptII/ptolemy/domains/de/test/auto/DepthTest2.xml
----------------- Instantiating /home/travis/build/icyphy/ptII/ptolemy/domains/de/test/auto/DepthTest2.xml
2 ms. Memory: 298496K Free: 132479K (44%)
----------------- Invoking toplevel() on ptolemy.moml.MoMLSimpleApplication@2591f940
----------------- Done invoking toplevel() on ptolemy.moml.MoMLSimpleApplication@2591f940
reloadAllAccessors: .DepthTest2

===========================================================================================
----------------- testing Fri Sep 28 02:22:35 UTC 2018 /home/travis/build/icyphy/ptII/ptolemy/domains/de/test/auto/DepthTest3.xml
----------------- Instantiating /home/travis/build/icyphy/ptII/ptolemy/domains/de/test/auto/DepthTest3.xml
1 ms. Memory: 298496K Free: 125966K (42%)
----------------- Invoking toplevel() on ptolemy.moml.MoMLSimpleApplication@230bdf23
----------------- Done invoking toplevel() on ptolemy.moml.MoMLSimpleApplication@230bdf23
reloadAllAccessors: .DepthTest3

===========================================================================================
----------------- testing Fri Sep 28 02:22:35 UTC 2018 /home/travis/build/icyphy/ptII/ptolemy/domains/de/test/auto/DepthTest4.xml
----------------- Instantiating /home/travis/build/icyphy/ptII/ptolemy/domains/de/test/auto/DepthTest4.xml
2 ms. Memory: 298496K Free: 117271K (39%)
----------------- Invoking toplevel() on ptolemy.moml.MoMLSimpleApplication@6e63a727
----------------- Done invoking toplevel() on ptolemy.moml.MoMLSimpleApplication@6e63a727
reloadAllAccessors: .DepthTest4

===========================================================================================
----------------- testing Fri Sep 28 02:22:35 UTC 2018 /home/travis/build/icyphy/ptII/ptolemy/domains/de/test/auto/DepthTest5.xml
----------------- Instantiating /home/travis/build/icyphy/ptII/ptolemy/domains/de/test/auto/DepthTest5.xml
2 ms. Memory: 298496K Free: 108592K (36%)
----------------- Invoking toplevel() on ptolemy.moml.MoMLSimpleApplication@27b6f39c
----------------- Done invoking toplevel() on ptolemy.moml.MoMLSimpleApplication@27b6f39c
reloadAllAccessors: .DepthTest5

===========================================================================================
----------------- testing Fri Sep 28 02:22:35 UTC 2018 /home/travis/build/icyphy/ptII/ptolemy/domains/de/test/auto/DepthTest6.xml
----------------- Instantiating /home/travis/build/icyphy/ptII/ptolemy/domains/de/test/auto/DepthTest6.xml
2 ms. Memory: 298496K Free: 97856K (33%)
----------------- Invoking toplevel() on ptolemy.moml.MoMLSimpleApplication@12692458
----------------- Done invoking toplevel() on ptolemy.moml.MoMLSimpleApplication@12692458
reloadAllAccessors: .DepthTest6

===========================================================================================
----------------- testing Fri Sep 28 02:22:35 UTC 2018 /home/travis/build/icyphy/ptII/ptolemy/domains/de/test/auto/DepthTest7.xml
----------------- Instantiating /home/travis/build/icyphy/ptII/ptolemy/domains/de/test/auto/DepthTest7.xml
1 ms. Memory: 298496K Free: 89161K (30%)
----------------- Invoking toplevel() on ptolemy.moml.MoMLSimpleApplication@49545ba8
----------------- Done invoking toplevel() on ptolemy.moml.MoMLSimpleApplication@49545ba8
reloadAllAccessors: .DepthTest7

===========================================================================================
----------------- testing Fri Sep 28 02:22:35 UTC 2018 /home/travis/build/icyphy/ptII/ptolemy/domains/de/test/auto/EventToDate.xml
----------------- Instantiating /home/travis/build/icyphy/ptII/ptolemy/domains/de/test/auto/EventToDate.xml
3004 ms. Memory: 289280K Free: 278380K (96%)
----------------- Invoking toplevel() on ptolemy.moml.MoMLSimpleApplication@411c9bea
----------------- Done invoking toplevel() on ptolemy.moml.MoMLSimpleApplication@411c9bea
reloadAllAccessors: .EventToDate

===========================================================================================
----------------- testing Fri Sep 28 02:22:38 UTC 2018 /home/travis/build/icyphy/ptII/ptolemy/domains/de/test/auto/FSM1.xml
----------------- Instantiating /home/travis/build/icyphy/ptII/ptolemy/domains/de/test/auto/FSM1.xml
13 ms. Memory: 289280K Free: 262505K (91%)
----------------- Invoking toplevel() on ptolemy.moml.MoMLSimpleApplication@207d0faa
----------------- Done invoking toplevel() on ptolemy.moml.MoMLSimpleApplication@207d0faa
reloadAllAccessors: .FSM1

===========================================================================================
----------------- testing Fri Sep 28 02:22:38 UTC 2018 /home/travis/build/icyphy/ptII/ptolemy/domains/de/test/auto/FSM7.xml
----------------- Instantiating /home/travis/build/icyphy/ptII/ptolemy/domains/de/test/auto/FSM7.xml
10 ms. Memory: 289280K Free: 247973K (86%)
----------------- Invoking toplevel() on ptolemy.moml.MoMLSimpleApplication@5b89cf3e
----------------- Done invoking toplevel() on ptolemy.moml.MoMLSimpleApplication@5b89cf3e
reloadAllAccessors: .FSM7

===========================================================================================
----------------- testing Fri Sep 28 02:22:38 UTC 2018 /home/travis/build/icyphy/ptII/ptolemy/domains/de/test/auto/Inspection.xml
----------------- Instantiating /home/travis/build/icyphy/ptII/ptolemy/domains/de/test/auto/Inspection.xml
12 ms. Memory: 289280K Free: 232106K (80%)
----------------- Invoking toplevel() on ptolemy.moml.MoMLSimpleApplication@37fdfb53
----------------- Done invoking toplevel() on ptolemy.moml.MoMLSimpleApplication@37fdfb53
reloadAllAccessors: .Inspection

===========================================================================================
----------------- testing Fri Sep 28 02:22:38 UTC 2018 /home/travis/build/icyphy/ptII/ptolemy/domains/de/test/auto/Iteration.xml
----------------- Instantiating /home/travis/build/icyphy/ptII/ptolemy/domains/de/test/auto/Iteration.xml
5 ms. Memory: 289280K Free: 223796K (77%)
----------------- Invoking toplevel() on ptolemy.moml.MoMLSimpleApplication@32aa7f0f
----------------- Done invoking toplevel() on ptolemy.moml.MoMLSimpleApplication@32aa7f0f
reloadAllAccessors: .Iteration

===========================================================================================
----------------- testing Fri Sep 28 02:22:38 UTC 2018 /home/travis/build/icyphy/ptII/ptolemy/domains/de/test/auto/LineFault.xml
----------------- Instantiating /home/travis/build/icyphy/ptII/ptolemy/domains/de/test/auto/LineFault.xml
367 ms. Memory: 289280K Free: 103284K (36%)
----------------- Invoking toplevel() on ptolemy.moml.MoMLSimpleApplication@6bb4ec60
----------------- Done invoking toplevel() on ptolemy.moml.MoMLSimpleApplication@6bb4ec60
reloadAllAccessors: .LineFault

===========================================================================================
----------------- testing Fri Sep 28 02:22:39 UTC 2018 /home/travis/build/icyphy/ptII/ptolemy/domains/de/test/auto/MergeModel1Add.xml
----------------- Instantiating /home/travis/build/icyphy/ptII/ptolemy/domains/de/test/auto/MergeModel1Add.xml
5 ms. Memory: 289280K Free: 81148K (28%)
----------------- Invoking toplevel() on ptolemy.moml.MoMLSimpleApplication@39344da7
----------------- Done invoking toplevel() on ptolemy.moml.MoMLSimpleApplication@39344da7
reloadAllAccessors: .MergeModel1Add

===========================================================================================
----------------- testing Fri Sep 28 02:22:39 UTC 2018 /home/travis/build/icyphy/ptII/ptolemy/domains/de/test/auto/MergeModel2Add.xml
----------------- Instantiating /home/travis/build/icyphy/ptII/ptolemy/domains/de/test/auto/MergeModel2Add.xml
4 ms. Memory: 280576K Free: 260114K (93%)
----------------- Invoking toplevel() on ptolemy.moml.MoMLSimpleApplication@5065afd4
----------------- Done invoking toplevel() on ptolemy.moml.MoMLSimpleApplication@5065afd4
reloadAllAccessors: .MergeModel2Add

===========================================================================================
----------------- testing Fri Sep 28 02:22:39 UTC 2018 /home/travis/build/icyphy/ptII/ptolemy/domains/de/test/auto/MergeModel3Add.xml
----------------- Instantiating /home/travis/build/icyphy/ptII/ptolemy/domains/de/test/auto/MergeModel3Add.xml
3 ms. Memory: 280576K Free: 239320K (85%)
----------------- Invoking toplevel() on ptolemy.moml.MoMLSimpleApplication@a7f635b
----------------- Done invoking toplevel() on ptolemy.moml.MoMLSimpleApplication@a7f635b
reloadAllAccessors: .MergeModel3Add

===========================================================================================
----------------- testing Fri Sep 28 02:22:39 UTC 2018 /home/travis/build/icyphy/ptII/ptolemy/domains/de/test/auto/MergeWithoutDiscard.xml
----------------- Instantiating /home/travis/build/icyphy/ptII/ptolemy/domains/de/test/auto/MergeWithoutDiscard.xml
1 ms. Memory: 280576K Free: 232487K (83%)
----------------- Invoking toplevel() on ptolemy.moml.MoMLSimpleApplication@2ec83592
----------------- Done invoking toplevel() on ptolemy.moml.MoMLSimpleApplication@2ec83592
reloadAllAccessors: .MergeWithoutDiscard

===========================================================================================
----------------- testing Fri Sep 28 02:22:39 UTC 2018 /home/travis/build/icyphy/ptII/ptolemy/domains/de/test/auto/Modal1.xml
----------------- Instantiating /home/travis/build/icyphy/ptII/ptolemy/domains/de/test/auto/Modal1.xml
5 ms. Memory: 280576K Free: 218549K (78%)
----------------- Invoking toplevel() on ptolemy.moml.MoMLSimpleApplication@771fc0f
----------------- Done invoking toplevel() on ptolemy.moml.MoMLSimpleApplication@771fc0f
reloadAllAccessors: .Modal1

===========================================================================================
----------------- testing Fri Sep 28 02:22:39 UTC 2018 /home/travis/build/icyphy/ptII/ptolemy/domains/de/test/auto/Modal2.xml
----------------- Instantiating /home/travis/build/icyphy/ptII/ptolemy/domains/de/test/auto/Modal2.xml
8 ms. Memory: 280576K Free: 203736K (73%)
----------------- Invoking toplevel() on ptolemy.moml.MoMLSimpleApplication@79b4fc61
----------------- Done invoking toplevel() on ptolemy.moml.MoMLSimpleApplication@79b4fc61
reloadAllAccessors: .Modal2

===========================================================================================
----------------- testing Fri Sep 28 02:22:39 UTC 2018 /home/travis/build/icyphy/ptII/ptolemy/domains/de/test/auto/Modal3.xml
----------------- Instantiating /home/travis/build/icyphy/ptII/ptolemy/domains/de/test/auto/Modal3.xml
5 ms. Memory: 280576K Free: 187795K (67%)
----------------- Invoking toplevel() on ptolemy.moml.MoMLSimpleApplication@112b7b73
----------------- Done invoking toplevel() on ptolemy.moml.MoMLSimpleApplication@112b7b73
reloadAllAccessors: .Modal3

===========================================================================================
----------------- testing Fri Sep 28 02:22:39 UTC 2018 /home/travis/build/icyphy/ptII/ptolemy/domains/de/test/auto/Modal4.xml
----------------- Instantiating /home/travis/build/icyphy/ptII/ptolemy/domains/de/test/auto/Modal4.xml
7 ms. Memory: 280576K Free: 170998K (61%)
----------------- Invoking toplevel() on ptolemy.moml.MoMLSimpleApplication@1c67028e
----------------- Done invoking toplevel() on ptolemy.moml.MoMLSimpleApplication@1c67028e
reloadAllAccessors: .Modal4

===========================================================================================
----------------- testing Fri Sep 28 02:22:39 UTC 2018 /home/travis/build/icyphy/ptII/ptolemy/domains/de/test/auto/Modal5.xml
----------------- Instantiating /home/travis/build/icyphy/ptII/ptolemy/domains/de/test/auto/Modal5.xml
6 ms. Memory: 280576K Free: 155057K (55%)
----------------- Invoking toplevel() on ptolemy.moml.MoMLSimpleApplication@4a91e0ea
----------------- Done invoking toplevel() on ptolemy.moml.MoMLSimpleApplication@4a91e0ea
reloadAllAccessors: .Modal5

===========================================================================================
----------------- testing Fri Sep 28 02:22:39 UTC 2018 /home/travis/build/icyphy/ptII/ptolemy/domains/de/test/auto/Modal6.xml
----------------- Instantiating /home/travis/build/icyphy/ptII/ptolemy/domains/de/test/auto/Modal6.xml
7 ms. Memory: 280576K Free: 140262K (50%)
----------------- Invoking toplevel() on ptolemy.moml.MoMLSimpleApplication@2c518c76
----------------- Done invoking toplevel() on ptolemy.moml.MoMLSimpleApplication@2c518c76
reloadAllAccessors: .Modal6

===========================================================================================
----------------- testing Fri Sep 28 02:22:39 UTC 2018 /home/travis/build/icyphy/ptII/ptolemy/domains/de/test/auto/Modal7.xml
----------------- Instantiating /home/travis/build/icyphy/ptII/ptolemy/domains/de/test/auto/Modal7.xml
5 ms. Memory: 280576K Free: 123472K (44%)
----------------- Invoking toplevel() on ptolemy.moml.MoMLSimpleApplication@14e7f31f
----------------- Done invoking toplevel() on ptolemy.moml.MoMLSimpleApplication@14e7f31f
reloadAllAccessors: .Modal7

===========================================================================================
----------------- testing Fri Sep 28 02:22:39 UTC 2018 /home/travis/build/icyphy/ptII/ptolemy/domains/de/test/auto/ModalModel.xml
----------------- Instantiating /home/travis/build/icyphy/ptII/ptolemy/domains/de/test/auto/ModalModel.xml
86 ms. Memory: 271872K Free: 239798K (88%)
----------------- Invoking toplevel() on ptolemy.moml.MoMLSimpleApplication@6f4129b0
----------------- Done invoking toplevel() on ptolemy.moml.MoMLSimpleApplication@6f4129b0
reloadAllAccessors: .ModalModel

===========================================================================================
----------------- testing Fri Sep 28 02:22:39 UTC 2018 /home/travis/build/icyphy/ptII/ptolemy/domains/de/test/auto/ModalSource.xml
----------------- Instantiating /home/travis/build/icyphy/ptII/ptolemy/domains/de/test/auto/ModalSource.xml
4 ms. Memory: 271872K Free: 229186K (84%)
----------------- Invoking toplevel() on ptolemy.moml.MoMLSimpleApplication@2572648
----------------- Done invoking toplevel() on ptolemy.moml.MoMLSimpleApplication@2572648
reloadAllAccessors: .ModalSource

===========================================================================================
----------------- testing Fri Sep 28 02:22:39 UTC 2018 /home/travis/build/icyphy/ptII/ptolemy/domains/de/test/auto/NonInterruptibleTimerZeroDelay.xml
----------------- Instantiating /home/travis/build/icyphy/ptII/ptolemy/domains/de/test/auto/NonInterruptibleTimerZeroDelay.xml
1 ms. Memory: 271872K Free: 223532K (82%)
----------------- Invoking toplevel() on ptolemy.moml.MoMLSimpleApplication@6de73b8b
----------------- Done invoking toplevel() on ptolemy.moml.MoMLSimpleApplication@6de73b8b
reloadAllAccessors: .NonInterruptibleTimerZeroDelay

===========================================================================================
----------------- testing Fri Sep 28 02:22:39 UTC 2018 /home/travis/build/icyphy/ptII/ptolemy/domains/de/test/auto/OpenQueueingNetwork.xml
----------------- Instantiating /home/travis/build/icyphy/ptII/ptolemy/domains/de/test/auto/OpenQueueingNetwork.xml
1831 ms. Memory: 318464K Free: 94611K (30%)
----------------- Invoking toplevel() on ptolemy.moml.MoMLSimpleApplication@1659b91e
----------------- Done invoking toplevel() on ptolemy.moml.MoMLSimpleApplication@1659b91e
reloadAllAccessors: .OpenQueueingNetwork

===========================================================================================
----------------- testing Fri Sep 28 02:22:41 UTC 2018 /home/travis/build/icyphy/ptII/ptolemy/domains/de/test/auto/OpenQueuingNetwork.xml
----------------- Instantiating /home/travis/build/icyphy/ptII/ptolemy/domains/de/test/auto/OpenQueuingNetwork.xml
211 ms. Memory: 310272K Free: 231086K (74%)
----------------- Invoking toplevel() on ptolemy.moml.MoMLSimpleApplication@17e664f0
----------------- Done invoking toplevel() on ptolemy.moml.MoMLSimpleApplication@17e664f0
reloadAllAccessors: .OpenQueuingNetwork

===========================================================================================
----------------- testing Fri Sep 28 02:22:41 UTC 2018 /home/travis/build/icyphy/ptII/ptolemy/domains/de/test/auto/PeriodicSampler.xml
----------------- Instantiating /home/travis/build/icyphy/ptII/ptolemy/domains/de/test/auto/PeriodicSampler.xml
5 ms. Memory: 310272K Free: 223670K (72%)
----------------- Invoking toplevel() on ptolemy.moml.MoMLSimpleApplication@73e19d03
----------------- Done invoking toplevel() on ptolemy.moml.MoMLSimpleApplication@73e19d03
reloadAllAccessors: .PeriodicSampler

===========================================================================================
----------------- testing Fri Sep 28 02:22:41 UTC 2018 /home/travis/build/icyphy/ptII/ptolemy/domains/de/test/auto/PersistentIO.xml
----------------- Instantiating /home/travis/build/icyphy/ptII/ptolemy/domains/de/test/auto/PersistentIO.xml
5 ms. Memory: 310272K Free: 211716K (68%)
----------------- Invoking toplevel() on ptolemy.moml.MoMLSimpleApplication@2c6d5b24
----------------- Done invoking toplevel() on ptolemy.moml.MoMLSimpleApplication@2c6d5b24
reloadAllAccessors: .PersistentIO

===========================================================================================
----------------- testing Fri Sep 28 02:22:41 UTC 2018 /home/travis/build/icyphy/ptII/ptolemy/domains/de/test/auto/PortParameterResetOnInitialize.xml
----------------- Instantiating /home/travis/build/icyphy/ptII/ptolemy/domains/de/test/auto/PortParameterResetOnInitialize.xml
1 ms. Memory: 310272K Free: 204300K (66%)
----------------- Invoking toplevel() on ptolemy.moml.MoMLSimpleApplication@6b00fca8
----------------- Done invoking toplevel() on ptolemy.moml.MoMLSimpleApplication@6b00fca8
reloadAllAccessors: .PortParameterResetOnInitialize

===========================================================================================
----------------- testing Fri Sep 28 02:22:41 UTC 2018 /home/travis/build/icyphy/ptII/ptolemy/domains/de/test/auto/PortParameterUpdates.xml
----------------- Instantiating /home/travis/build/icyphy/ptII/ptolemy/domains/de/test/auto/PortParameterUpdates.xml
6 ms. Memory: 310272K Free: 194913K (63%)
----------------- Invoking toplevel() on ptolemy.moml.MoMLSimpleApplication@3d5ecaac
----------------- Done invoking toplevel() on ptolemy.moml.MoMLSimpleApplication@3d5ecaac
reloadAllAccessors: .PortParameterUpdates

===========================================================================================
----------------- testing Fri Sep 28 02:22:41 UTC 2018 /home/travis/build/icyphy/ptII/ptolemy/domains/de/test/auto/QueueAndServer.xml
----------------- Instantiating /home/travis/build/icyphy/ptII/ptolemy/domains/de/test/auto/QueueAndServer.xml
10 ms. Memory: 310272K Free: 185228K (60%)
----------------- Invoking toplevel() on ptolemy.moml.MoMLSimpleApplication@c470efc
----------------- Done invoking toplevel() on ptolemy.moml.MoMLSimpleApplication@c470efc
reloadAllAccessors: .QueueAndServer

===========================================================================================
----------------- testing Fri Sep 28 02:22:41 UTC 2018 /home/travis/build/icyphy/ptII/ptolemy/domains/de/test/auto/Records.xml
----------------- Instantiating /home/travis/build/icyphy/ptII/ptolemy/domains/de/test/auto/Records.xml
3 ms. Memory: 310272K Free: 175527K (57%)
----------------- Invoking toplevel() on ptolemy.moml.MoMLSimpleApplication@4670fbc6
----------------- Done invoking toplevel() on ptolemy.moml.MoMLSimpleApplication@4670fbc6
reloadAllAccessors: .Records

===========================================================================================
----------------- testing Fri Sep 28 02:22:42 UTC 2018 /home/travis/build/icyphy/ptII/ptolemy/domains/de/test/auto/ResetTransitionWithStartTime1.xml
----------------- Instantiating /home/travis/build/icyphy/ptII/ptolemy/domains/de/test/auto/ResetTransitionWithStartTime1.xml
4 ms. Memory: 310272K Free: 166140K (54%)
----------------- Invoking toplevel() on ptolemy.moml.MoMLSimpleApplication@695d40bc
----------------- Done invoking toplevel() on ptolemy.moml.MoMLSimpleApplication@695d40bc
reloadAllAccessors: .ResetTransitionWithStartTime1

===========================================================================================
----------------- testing Fri Sep 28 02:22:42 UTC 2018 /home/travis/build/icyphy/ptII/ptolemy/domains/de/test/auto/ResetTransitionWithStartTime2.xml
----------------- Instantiating /home/travis/build/icyphy/ptII/ptolemy/domains/de/test/auto/ResetTransitionWithStartTime2.xml
3 ms. Memory: 310272K Free: 156456K (50%)
----------------- Invoking toplevel() on ptolemy.moml.MoMLSimpleApplication@60b085f8
----------------- Done invoking toplevel() on ptolemy.moml.MoMLSimpleApplication@60b085f8
reloadAllAccessors: .ResetTransitionWithStartTime2

===========================================================================================
----------------- testing Fri Sep 28 02:22:42 UTC 2018 /home/travis/build/icyphy/ptII/ptolemy/domains/de/test/auto/ResetTransitionWithStartTime3.xml
----------------- Instantiating /home/travis/build/icyphy/ptII/ptolemy/domains/de/test/auto/ResetTransitionWithStartTime3.xml
3 ms. Memory: 310272K Free: 146771K (47%)
----------------- Invoking toplevel() on ptolemy.moml.MoMLSimpleApplication@5d267c06
----------------- Done invoking toplevel() on ptolemy.moml.MoMLSimpleApplication@5d267c06
reloadAllAccessors: .ResetTransitionWithStartTime3

===========================================================================================
----------------- testing Fri Sep 28 02:22:42 UTC 2018 /home/travis/build/icyphy/ptII/ptolemy/domains/de/test/auto/ResetTransitionWithStartTime4.xml
----------------- Instantiating /home/travis/build/icyphy/ptII/ptolemy/domains/de/test/auto/ResetTransitionWithStartTime4.xml
5 ms. Memory: 310272K Free: 137102K (44%)
----------------- Invoking toplevel() on ptolemy.moml.MoMLSimpleApplication@1ea1698f
----------------- Done invoking toplevel() on ptolemy.moml.MoMLSimpleApplication@1ea1698f
reloadAllAccessors: .ResetTransitionWithStartTime4

===========================================================================================
----------------- testing Fri Sep 28 02:22:42 UTC 2018 /home/travis/build/icyphy/ptII/ptolemy/domains/de/test/auto/ResettableTimer1.xml
----------------- Instantiating /home/travis/build/icyphy/ptII/ptolemy/domains/de/test/auto/ResettableTimer1.xml
2 ms. Memory: 310272K Free: 129983K (42%)
----------------- Invoking toplevel() on ptolemy.moml.MoMLSimpleApplication@539b32e9
----------------- Done invoking toplevel() on ptolemy.moml.MoMLSimpleApplication@539b32e9
reloadAllAccessors: .ResettableTimer1

===========================================================================================
----------------- testing Fri Sep 28 02:22:42 UTC 2018 /home/travis/build/icyphy/ptII/ptolemy/domains/de/test/auto/ResettableTimer2.xml
----------------- Instantiating /home/travis/build/icyphy/ptII/ptolemy/domains/de/test/auto/ResettableTimer2.xml
2 ms. Memory: 310272K Free: 122567K (40%)
----------------- Invoking toplevel() on ptolemy.moml.MoMLSimpleApplication@564d4947
----------------- Done invoking toplevel() on ptolemy.moml.MoMLSimpleApplication@564d4947
reloadAllAccessors: .ResettableTimer2

===========================================================================================
----------------- testing Fri Sep 28 02:22:42 UTC 2018 /home/travis/build/icyphy/ptII/ptolemy/domains/de/test/auto/ResettableTimer3.xml
----------------- Instantiating /home/travis/build/icyphy/ptII/ptolemy/domains/de/test/auto/ResettableTimer3.xml
1 ms. Memory: 310272K Free: 115150K (37%)
----------------- Invoking toplevel() on ptolemy.moml.MoMLSimpleApplication@152eed7f
----------------- Done invoking toplevel() on ptolemy.moml.MoMLSimpleApplication@152eed7f
reloadAllAccessors: .ResettableTimer3

===========================================================================================
----------------- testing Fri Sep 28 02:22:42 UTC 2018 /home/travis/build/icyphy/ptII/ptolemy/domains/de/test/auto/ResettableTimer4.xml
----------------- Instantiating /home/travis/build/icyphy/ptII/ptolemy/domains/de/test/auto/ResettableTimer4.xml
1 ms. Memory: 310272K Free: 107734K (35%)
----------------- Invoking toplevel() on ptolemy.moml.MoMLSimpleApplication@40d0f895
----------------- Done invoking toplevel() on ptolemy.moml.MoMLSimpleApplication@40d0f895
reloadAllAccessors: .ResettableTimer4

===========================================================================================
----------------- testing Fri Sep 28 02:22:42 UTC 2018 /home/travis/build/icyphy/ptII/ptolemy/domains/de/test/auto/ResettableTimer5.xml
----------------- Instantiating /home/travis/build/icyphy/ptII/ptolemy/domains/de/test/auto/ResettableTimer5.xml
2 ms. Memory: 310272K Free: 100615K (32%)
----------------- Invoking toplevel() on ptolemy.moml.MoMLSimpleApplication@31b45c5b
----------------- Done invoking toplevel() on ptolemy.moml.MoMLSimpleApplication@31b45c5b
reloadAllAccessors: .ResettableTimer5

===========================================================================================
----------------- testing Fri Sep 28 02:22:42 UTC 2018 /home/travis/build/icyphy/ptII/ptolemy/domains/de/test/auto/ResettableTimer6.xml
----------------- Instantiating /home/travis/build/icyphy/ptII/ptolemy/domains/de/test/auto/ResettableTimer6.xml
4 ms. Memory: 310272K Free: 93206K (30%)
----------------- Invoking toplevel() on ptolemy.moml.MoMLSimpleApplication@19fd3db
----------------- Done invoking toplevel() on ptolemy.moml.MoMLSimpleApplication@19fd3db
reloadAllAccessors: .ResettableTimer6

===========================================================================================
----------------- testing Fri Sep 28 02:22:42 UTC 2018 /home/travis/build/icyphy/ptII/ptolemy/domains/de/test/auto/ServerZeroDelay.xml
----------------- Instantiating /home/travis/build/icyphy/ptII/ptolemy/domains/de/test/auto/ServerZeroDelay.xml
1 ms. Memory: 310272K Free: 85789K (28%)
----------------- Invoking toplevel() on ptolemy.moml.MoMLSimpleApplication@5c9919dc
----------------- Done invoking toplevel() on ptolemy.moml.MoMLSimpleApplication@5c9919dc
reloadAllAccessors: .ServerZeroDelay

===========================================================================================
----------------- testing Fri Sep 28 02:22:42 UTC 2018 /home/travis/build/icyphy/ptII/ptolemy/domains/de/test/auto/SmartSender.xml
----------------- Instantiating /home/travis/build/icyphy/ptII/ptolemy/domains/de/test/auto/SmartSender.xml
3002 ms. Memory: 310272K Free: 78389K (25%)
----------------- Invoking toplevel() on ptolemy.moml.MoMLSimpleApplication@6ad7f33c
----------------- Done invoking toplevel() on ptolemy.moml.MoMLSimpleApplication@6ad7f33c
reloadAllAccessors: .SmartSender

===========================================================================================
----------------- testing Fri Sep 28 02:22:45 UTC 2018 /home/travis/build/icyphy/ptII/ptolemy/domains/de/test/auto/ThreadedComposite.xml
----------------- Instantiating /home/travis/build/icyphy/ptII/ptolemy/domains/de/test/auto/ThreadedComposite.xml
234 ms. Memory: 299008K Free: 259784K (87%)
----------------- Invoking toplevel() on ptolemy.moml.MoMLSimpleApplication@68e1d5af
----------------- Done invoking toplevel() on ptolemy.moml.MoMLSimpleApplication@68e1d5af
reloadAllAccessors: .ThreadedComposite

===========================================================================================
----------------- testing Fri Sep 28 02:22:45 UTC 2018 /home/travis/build/icyphy/ptII/ptolemy/domains/de/test/auto/Time.xml
----------------- Instantiating /home/travis/build/icyphy/ptII/ptolemy/domains/de/test/auto/Time.xml
391 ms. Memory: 299008K Free: 202592K (68%)
----------------- Invoking toplevel() on ptolemy.moml.MoMLSimpleApplication@73c8c356
----------------- Done invoking toplevel() on ptolemy.moml.MoMLSimpleApplication@73c8c356
reloadAllAccessors: .Time

===========================================================================================
----------------- testing Fri Sep 28 02:22:45 UTC 2018 /home/travis/build/icyphy/ptII/ptolemy/domains/de/test/auto/TimeDelayZeroDelay.xml
----------------- Instantiating /home/travis/build/icyphy/ptII/ptolemy/domains/de/test/auto/TimeDelayZeroDelay.xml
2 ms. Memory: 299008K Free: 195564K (65%)
----------------- Invoking toplevel() on ptolemy.moml.MoMLSimpleApplication@278b0981
----------------- Done invoking toplevel() on ptolemy.moml.MoMLSimpleApplication@278b0981
reloadAllAccessors: .TimeDelayZeroDelay

===========================================================================================
----------------- testing Fri Sep 28 02:22:45 UTC 2018 /home/travis/build/icyphy/ptII/ptolemy/domains/de/test/auto/TimerZeroDelay.xml
----------------- Instantiating /home/travis/build/icyphy/ptII/ptolemy/domains/de/test/auto/TimerZeroDelay.xml
1 ms. Memory: 299008K Free: 188536K (63%)
----------------- Invoking toplevel() on ptolemy.moml.MoMLSimpleApplication@7f686e49
----------------- Done invoking toplevel() on ptolemy.moml.MoMLSimpleApplication@7f686e49
reloadAllAccessors: .TimerZeroDelay

===========================================================================================
----------------- testing Fri Sep 28 02:22:45 UTC 2018 /home/travis/build/icyphy/ptII/ptolemy/domains/de/test/auto/TimingParadox.xml
----------------- Instantiating /home/travis/build/icyphy/ptII/ptolemy/domains/de/test/auto/TimingParadox.xml
264 ms. Memory: 299008K Free: 118416K (40%)
----------------- Invoking toplevel() on ptolemy.moml.MoMLSimpleApplication@4d3bb1fd
----------------- Done invoking toplevel() on ptolemy.moml.MoMLSimpleApplication@4d3bb1fd
reloadAllAccessors: .TimingParadox

===========================================================================================
----------------- testing Fri Sep 28 02:22:46 UTC 2018 /home/travis/build/icyphy/ptII/ptolemy/domains/de/test/auto/TransferInputs.xml
----------------- Instantiating /home/travis/build/icyphy/ptII/ptolemy/domains/de/test/auto/TransferInputs.xml
1 ms. Memory: 299008K Free: 111404K (37%)
----------------- Invoking toplevel() on ptolemy.moml.MoMLSimpleApplication@39a68f1b
----------------- Done invoking toplevel() on ptolemy.moml.MoMLSimpleApplication@39a68f1b
reloadAllAccessors: .TransferInputs

===========================================================================================
----------------- testing Fri Sep 28 02:22:46 UTC 2018 /home/travis/build/icyphy/ptII/ptolemy/domains/de/test/auto/TransferOutputs2.xml
----------------- Instantiating /home/travis/build/icyphy/ptII/ptolemy/domains/de/test/auto/TransferOutputs2.xml
2 ms. Memory: 299008K Free: 100019K (33%)
----------------- Invoking toplevel() on ptolemy.moml.MoMLSimpleApplication@62553095
----------------- Done invoking toplevel() on ptolemy.moml.MoMLSimpleApplication@62553095
reloadAllAccessors: .TransferOutputs2

===========================================================================================
----------------- testing Fri Sep 28 02:22:46 UTC 2018 /home/travis/build/icyphy/ptII/ptolemy/domains/de/test/auto/Trilateration.xml
----------------- Instantiating /home/travis/build/icyphy/ptII/ptolemy/domains/de/test/auto/Trilateration.xml
10301 ms. Memory: 522240K Free: 305804K (59%)
----------------- Invoking toplevel() on ptolemy.moml.MoMLSimpleApplication@3d3b11be
----------------- Done invoking toplevel() on ptolemy.moml.MoMLSimpleApplication@3d3b11be
reloadAllAccessors: .Trilateration

===========================================================================================
----------------- testing Fri Sep 28 02:22:57 UTC 2018 /home/travis/build/icyphy/ptII/ptolemy/domains/de/test/auto/TwoSigmaDelta.xml
----------------- Instantiating /home/travis/build/icyphy/ptII/ptolemy/domains/de/test/auto/TwoSigmaDelta.xml
1973 ms. Memory: 506880K Free: 436591K (86%)
----------------- Invoking toplevel() on ptolemy.moml.MoMLSimpleApplication@666fb7cb
----------------- Done invoking toplevel() on ptolemy.moml.MoMLSimpleApplication@666fb7cb
reloadAllAccessors: .TwoSigmaDelta

===========================================================================================
----------------- testing Fri Sep 28 02:22:59 UTC 2018 /home/travis/build/icyphy/ptII/ptolemy/domains/de/test/auto/VariableDelay.xml
----------------- Instantiating /home/travis/build/icyphy/ptII/ptolemy/domains/de/test/auto/VariableDelay.xml
2 ms. Memory: 506880K Free: 423093K (83%)
----------------- Invoking toplevel() on ptolemy.moml.MoMLSimpleApplication@3a10d2a4
----------------- Done invoking toplevel() on ptolemy.moml.MoMLSimpleApplication@3a10d2a4
reloadAllAccessors: .VariableDelay

===========================================================================================
----------------- testing Fri Sep 28 02:22:59 UTC 2018 /home/travis/build/icyphy/ptII/ptolemy/domains/de/test/auto/VariableDelay2.xml
----------------- Instantiating /home/travis/build/icyphy/ptII/ptolemy/domains/de/test/auto/VariableDelay2.xml
1 ms. Memory: 506880K Free: 414206K (82%)
----------------- Invoking toplevel() on ptolemy.moml.MoMLSimpleApplication@65f3321e
----------------- Done invoking toplevel() on ptolemy.moml.MoMLSimpleApplication@65f3321e
reloadAllAccessors: .VariableDelay2

===========================================================================================
----------------- testing Fri Sep 28 02:22:59 UTC 2018 /home/travis/build/icyphy/ptII/ptolemy/domains/de/test/auto/VariableDelayZeroDelay.xml
----------------- Instantiating /home/travis/build/icyphy/ptII/ptolemy/domains/de/test/auto/VariableDelayZeroDelay.xml
2 ms. Memory: 506880K Free: 405320K (80%)
----------------- Invoking toplevel() on ptolemy.moml.MoMLSimpleApplication@ddb80a2
----------------- Done invoking toplevel() on ptolemy.moml.MoMLSimpleApplication@ddb80a2
reloadAllAccessors: .VariableDelayZeroDelay

===========================================================================================
----------------- testing Fri Sep 28 02:22:59 UTC 2018 /home/travis/build/icyphy/ptII/ptolemy/domains/de/test/auto/VariableDelayZeroDelay2.xml
----------------- Instantiating /home/travis/build/icyphy/ptII/ptolemy/domains/de/test/auto/VariableDelayZeroDelay2.xml
2 ms. Memory: 506880K Free: 396425K (78%)
----------------- Invoking toplevel() on ptolemy.moml.MoMLSimpleApplication@2170dd29
----------------- Done invoking toplevel() on ptolemy.moml.MoMLSimpleApplication@2170dd29
reloadAllAccessors: .VariableDelayZeroDelay2

===========================================================================================
----------------- testing Fri Sep 28 02:22:59 UTC 2018 /home/travis/build/icyphy/ptII/ptolemy/domains/de/test/auto/deInCt.xml
----------------- Instantiating /home/travis/build/icyphy/ptII/ptolemy/domains/de/test/auto/deInCt.xml
0
1
1
1
0
0
0
1
1
1
0
0
1
1
1
0
0
0
1
1
1
1
1
1
1
0
0
0
1
1
1
1
0
0
0
0
7 ms. Memory: 506880K Free: 387299K (76%)
----------------- Invoking toplevel() on ptolemy.moml.MoMLSimpleApplication@3d622ce5
----------------- Done invoking toplevel() on ptolemy.moml.MoMLSimpleApplication@3d622ce5
reloadAllAccessors: .deInCt

===========================================================================================
----------------- testing Fri Sep 28 02:22:59 UTC 2018 /home/travis/build/icyphy/ptII/ptolemy/domains/de/test/auto/deInCt2.xml
----------------- Instantiating /home/travis/build/icyphy/ptII/ptolemy/domains/de/test/auto/deInCt2.xml
0
1
1
1
0
0
1
1
1
0
0
1
1
1
0
0
1
1
1
0
0
1
1
1
0
0
1
1
1
0
0
1
1
1
0
0
1
1
1
0
0
0
4 ms. Memory: 506880K Free: 378412K (75%)
----------------- Invoking toplevel() on ptolemy.moml.MoMLSimpleApplication@2d5390ad
----------------- Done invoking toplevel() on ptolemy.moml.MoMLSimpleApplication@2d5390ad
reloadAllAccessors: .deInCt2

===========================================================================================
----------------- testing Fri Sep 28 02:22:59 UTC 2018 /home/travis/build/icyphy/ptII/ptolemy/domains/de/test/auto/dynamicCausalityInterface1.xml
----------------- Instantiating /home/travis/build/icyphy/ptII/ptolemy/domains/de/test/auto/dynamicCausalityInterface1.xml
1 ms. Memory: 506880K Free: 361085K (71%)
----------------- Invoking toplevel() on ptolemy.moml.MoMLSimpleApplication@4048cccd
----------------- Done invoking toplevel() on ptolemy.moml.MoMLSimpleApplication@4048cccd
reloadAllAccessors: .dynamicCausalityInterface1

===========================================================================================
----------------- testing Fri Sep 28 02:22:59 UTC 2018 /home/travis/build/icyphy/ptII/ptolemy/domains/de/test/auto/fsm_de_test.xml
----------------- Instantiating /home/travis/build/icyphy/ptII/ptolemy/domains/de/test/auto/fsm_de_test.xml
6 ms. Memory: 506880K Free: 347739K (69%)
----------------- Invoking toplevel() on ptolemy.moml.MoMLSimpleApplication@cf22e00
----------------- Done invoking toplevel() on ptolemy.moml.MoMLSimpleApplication@cf22e00
reloadAllAccessors: .fsm_de_test

===========================================================================================
----------------- testing Fri Sep 28 02:22:59 UTC 2018 /home/travis/build/icyphy/ptII/ptolemy/domains/de/test/auto/functionDependencyReconstruction.xml
----------------- Instantiating /home/travis/build/icyphy/ptII/ptolemy/domains/de/test/auto/functionDependencyReconstruction.xml
2 ms. Memory: 506880K Free: 326218K (64%)
----------------- Invoking toplevel() on ptolemy.moml.MoMLSimpleApplication@11138ed7
----------------- Done invoking toplevel() on ptolemy.moml.MoMLSimpleApplication@11138ed7
reloadAllAccessors: .functionDependencyReconstruction

===========================================================================================
----------------- testing Fri Sep 28 02:22:59 UTC 2018 /home/travis/build/icyphy/ptII/ptolemy/domains/de/test/auto/multirate.xml
----------------- Instantiating /home/travis/build/icyphy/ptII/ptolemy/domains/de/test/auto/multirate.xml
2 ms. Memory: 506880K Free: 313112K (62%)
----------------- Invoking toplevel() on ptolemy.moml.MoMLSimpleApplication@7a5edc3c
----------------- Done invoking toplevel() on ptolemy.moml.MoMLSimpleApplication@7a5edc3c
reloadAllAccessors: .multirate

===========================================================================================
----------------- testing Fri Sep 28 02:22:59 UTC 2018 /home/travis/build/icyphy/ptII/ptolemy/domains/de/test/auto/multirate2.xml
----------------- Instantiating /home/travis/build/icyphy/ptII/ptolemy/domains/de/test/auto/multirate2.xml
3 ms. Memory: 506880K Free: 299766K (59%)
----------------- Invoking toplevel() on ptolemy.moml.MoMLSimpleApplication@5f6fb211
----------------- Done invoking toplevel() on ptolemy.moml.MoMLSimpleApplication@5f6fb211
reloadAllAccessors: .multirate2

===========================================================================================
----------------- testing Fri Sep 28 02:22:59 UTC 2018 /home/travis/build/icyphy/ptII/ptolemy/domains/de/test/auto/realtime.xml
----------------- Instantiating /home/travis/build/icyphy/ptII/ptolemy/domains/de/test/auto/realtime.xml
10001 ms. Memory: 506880K Free: 290879K (57%)
----------------- Invoking toplevel() on ptolemy.moml.MoMLSimpleApplication@4d3b54a
----------------- Done invoking toplevel() on ptolemy.moml.MoMLSimpleApplication@4d3b54a
reloadAllAccessors: .realtime

===========================================================================================
----------------- testing Fri Sep 28 02:23:09 UTC 2018 /home/travis/build/icyphy/ptII/ptolemy/domains/de/test/auto/relationGroup.xml
----------------- Instantiating /home/travis/build/icyphy/ptII/ptolemy/domains/de/test/auto/relationGroup.xml
1 ms. Memory: 506880K Free: 281992K (56%)
----------------- Invoking toplevel() on ptolemy.moml.MoMLSimpleApplication@21cc794f
----------------- Done invoking toplevel() on ptolemy.moml.MoMLSimpleApplication@21cc794f
reloadAllAccessors: .relationGroup

===========================================================================================
----------------- testing Fri Sep 28 02:23:09 UTC 2018 /home/travis/build/icyphy/ptII/ptolemy/domains/de/test/auto/relationGroup2.xml
----------------- Instantiating /home/travis/build/icyphy/ptII/ptolemy/domains/de/test/auto/relationGroup2.xml
1 ms. Memory: 506880K Free: 273106K (54%)
----------------- Invoking toplevel() on ptolemy.moml.MoMLSimpleApplication@6c53cd08
----------------- Done invoking toplevel() on ptolemy.moml.MoMLSimpleApplication@6c53cd08
reloadAllAccessors: .relationGroup2

===========================================================================================
----------------- testing Fri Sep 28 02:23:09 UTC 2018 /home/travis/build/icyphy/ptII/ptolemy/domains/de/test/auto/sortWithOpaquePorts.xml
----------------- Instantiating /home/travis/build/icyphy/ptII/ptolemy/domains/de/test/auto/sortWithOpaquePorts.xml
2 ms. Memory: 506880K Free: 263980K (52%)
----------------- Invoking toplevel() on ptolemy.moml.MoMLSimpleApplication@7f4c2cf7
----------------- Done invoking toplevel() on ptolemy.moml.MoMLSimpleApplication@7f4c2cf7
reloadAllAccessors: .sortWithOpaquePorts

===========================================================================================
----------------- testing Fri Sep 28 02:23:09 UTC 2018 /home/travis/build/icyphy/ptII/ptolemy/domains/de/test/auto/transferInputsandOutputs.xml
----------------- Instantiating /home/travis/build/icyphy/ptII/ptolemy/domains/de/test/auto/transferInputsandOutputs.xml
3 ms. Memory: 506880K Free: 250889K (49%)
----------------- Invoking toplevel() on ptolemy.moml.MoMLSimpleApplication@16ddf8df
----------------- Done invoking toplevel() on ptolemy.moml.MoMLSimpleApplication@16ddf8df
reloadAllAccessors: .transferInputsandOutputs

===========================================================================================
----------------- testing Fri Sep 28 02:23:09 UTC 2018 /home/travis/build/icyphy/ptII/ptolemy/domains/de/test/auto/triggerType.xml
----------------- Instantiating /home/travis/build/icyphy/ptII/ptolemy/domains/de/test/auto/triggerType.xml
1 ms. Memory: 506880K Free: 242003K (48%)
----------------- Invoking toplevel() on ptolemy.moml.MoMLSimpleApplication@222aa3b
----------------- Done invoking toplevel() on ptolemy.moml.MoMLSimpleApplication@222aa3b
reloadAllAccessors: .triggerType
AutoTests.java: About to close Vertx.
AutoTests.java: Vertx closed.
]]></system-out>
  <system-err><![CDATA[java.lang.RuntimeException: Execution failed
	at ptolemy.moml.MoMLSimpleApplication$UnloadThread.run(MoMLSimpleApplication.java:402)
Caused by: ptolemy.kernel.util.IllegalActionException: Found a zero delay loop containing .dependencyLoop.original
  in .dependencyLoop and .dependencyLoop.original
	at ptolemy.actor.util.CausalityInterfaceForComposites._computeOutputPortDepth(CausalityInterfaceForComposites.java:759)
	at ptolemy.actor.util.CausalityInterfaceForComposites._computeInputDepth(CausalityInterfaceForComposites.java:696)
	at ptolemy.actor.util.CausalityInterfaceForComposites._computeOutputPortDepth(CausalityInterfaceForComposites.java:765)
	at ptolemy.actor.util.CausalityInterfaceForComposites._computeInputDepth(CausalityInterfaceForComposites.java:696)
	at ptolemy.actor.util.CausalityInterfaceForComposites._computeOutputPortDepth(CausalityInterfaceForComposites.java:765)
	at ptolemy.actor.util.CausalityInterfaceForComposites._computeInputDepth(CausalityInterfaceForComposites.java:696)
	at ptolemy.actor.util.CausalityInterfaceForComposites._computeActorDepth(CausalityInterfaceForComposites.java:532)
	at ptolemy.actor.util.CausalityInterfaceForComposites.checkForCycles(CausalityInterfaceForComposites.java:96)
	at ptolemy.domains.de.kernel.DEDirector.preinitialize(DEDirector.java:1338)
	at ptolemy.actor.CompositeActor.preinitialize(CompositeActor.java:1828)
	at ptolemy.actor.Manager.preinitializeAndResolveTypes(Manager.java:1040)
	at ptolemy.actor.Manager.initialize(Manager.java:710)
	at ptolemy.actor.Manager.execute(Manager.java:356)
	at ptolemy.actor.Manager.run(Manager.java:1263)
	at ptolemy.actor.Manager$PtolemyRunThread.run(Manager.java:1915)
java.lang.RuntimeException: Execution failed
	at ptolemy.moml.MoMLSimpleApplication$UnloadThread.run(MoMLSimpleApplication.java:402)
Caused by: ptolemy.kernel.util.IllegalActionException: Found a zero delay loop containing .dependencyLoop2.original
  in .dependencyLoop2 and .dependencyLoop2.original
	at ptolemy.actor.util.CausalityInterfaceForComposites._computeOutputPortDepth(CausalityInterfaceForComposites.java:759)
	at ptolemy.actor.util.CausalityInterfaceForComposites._computeInputDepth(CausalityInterfaceForComposites.java:696)
	at ptolemy.actor.util.CausalityInterfaceForComposites._computeOutputPortDepth(CausalityInterfaceForComposites.java:765)
	at ptolemy.actor.util.CausalityInterfaceForComposites._computeInputDepth(CausalityInterfaceForComposites.java:696)
	at ptolemy.actor.util.CausalityInterfaceForComposites._computeOutputPortDepth(CausalityInterfaceForComposites.java:765)
	at ptolemy.actor.util.CausalityInterfaceForComposites._computeInputDepth(CausalityInterfaceForComposites.java:696)
	at ptolemy.actor.util.CausalityInterfaceForComposites._computeActorDepth(CausalityInterfaceForComposites.java:532)
	at ptolemy.actor.util.CausalityInterfaceForComposites.checkForCycles(CausalityInterfaceForComposites.java:96)
	at ptolemy.domains.de.kernel.DEDirector.preinitialize(DEDirector.java:1338)
	at ptolemy.actor.CompositeActor.preinitialize(CompositeActor.java:1828)
	at ptolemy.actor.Manager.preinitializeAndResolveTypes(Manager.java:1040)
	at ptolemy.actor.Manager.initialize(Manager.java:710)
	at ptolemy.actor.Manager.execute(Manager.java:356)
	at ptolemy.actor.Manager.run(Manager.java:1263)
	at ptolemy.actor.Manager$PtolemyRunThread.run(Manager.java:1915)
java.lang.RuntimeException: Execution failed
	at ptolemy.moml.MoMLSimpleApplication$UnloadThread.run(MoMLSimpleApplication.java:402)
Caused by: ptolemy.kernel.util.IllegalActionException: Found a zero delay loop containing .dependencyLoop.original
  in .dependencyLoop and .dependencyLoop.original
	at ptolemy.actor.util.CausalityInterfaceForComposites._computeOutputPortDepth(CausalityInterfaceForComposites.java:759)
	at ptolemy.actor.util.CausalityInterfaceForComposites._computeInputDepth(CausalityInterfaceForComposites.java:696)
	at ptolemy.actor.util.CausalityInterfaceForComposites._computeOutputPortDepth(CausalityInterfaceForComposites.java:765)
	at ptolemy.actor.util.CausalityInterfaceForComposites._computeInputDepth(CausalityInterfaceForComposites.java:696)
	at ptolemy.actor.util.CausalityInterfaceForComposites._computeOutputPortDepth(CausalityInterfaceForComposites.java:765)
	at ptolemy.actor.util.CausalityInterfaceForComposites._computeInputDepth(CausalityInterfaceForComposites.java:696)
	at ptolemy.actor.util.CausalityInterfaceForComposites._computeActorDepth(CausalityInterfaceForComposites.java:532)
	at ptolemy.actor.util.CausalityInterfaceForComposites.checkForCycles(CausalityInterfaceForComposites.java:96)
	at ptolemy.domains.de.kernel.DEDirector.preinitialize(DEDirector.java:1338)
	at ptolemy.actor.CompositeActor.preinitialize(CompositeActor.java:1828)
	at ptolemy.actor.Manager.preinitializeAndResolveTypes(Manager.java:1040)
	at ptolemy.actor.Manager.initialize(Manager.java:710)
	at ptolemy.actor.Manager.execute(Manager.java:356)
	at ptolemy.actor.Manager.run(Manager.java:1263)
	at ptolemy.actor.Manager$PtolemyRunThread.run(Manager.java:1915)
java.lang.RuntimeException: Execution failed
	at ptolemy.moml.MoMLSimpleApplication$UnloadThread.run(MoMLSimpleApplication.java:402)
Caused by: ptolemy.kernel.util.IllegalActionException: Actor is not ready to fire.  Perhaps UpSample.prefire() returned false? Try debugging the actor by selecting "Listen to Actor".  Also, for SDF check moml for tokenConsumptionRate on input.
  in .DESDFClockTest.Play Bell.Copy1:SDF Director and .DESDFClockTest.Play Bell.UpSample
	at ptolemy.actor.sched.StaticSchedulingDirector.fire(StaticSchedulingDirector.java:227)
	at ptolemy.domains.sdf.kernel.SDFDirector.fire(SDFDirector.java:500)
	at ptolemy.actor.CompositeActor.fire(CompositeActor.java:455)
	at ptolemy.domains.de.kernel.DEDirector._fire(DEDirector.java:1949)
	at ptolemy.domains.de.kernel.DEDirector.fire(DEDirector.java:502)
	at ptolemy.actor.CompositeActor.fire(CompositeActor.java:455)
	at ptolemy.actor.Manager.iterate(Manager.java:851)
	at ptolemy.actor.Manager.execute(Manager.java:369)
	at ptolemy.actor.Manager.run(Manager.java:1263)
	at ptolemy.actor.Manager$PtolemyRunThread.run(Manager.java:1915)
java.lang.RuntimeException: Execution failed
	at ptolemy.moml.MoMLSimpleApplication$UnloadThread.run(MoMLSimpleApplication.java:402)
Caused by: ptolemy.kernel.util.IllegalActionException: Found a zero delay loop containing .dependencyLoop2.original
  in .dependencyLoop2 and .dependencyLoop2.original
	at ptolemy.actor.util.CausalityInterfaceForComposites._computeOutputPortDepth(CausalityInterfaceForComposites.java:759)
	at ptolemy.actor.util.CausalityInterfaceForComposites._computeInputDepth(CausalityInterfaceForComposites.java:696)
	at ptolemy.actor.util.CausalityInterfaceForComposites._computeOutputPortDepth(CausalityInterfaceForComposites.java:765)
	at ptolemy.actor.util.CausalityInterfaceForComposites._computeInputDepth(CausalityInterfaceForComposites.java:696)
	at ptolemy.actor.util.CausalityInterfaceForComposites._computeOutputPortDepth(CausalityInterfaceForComposites.java:765)
	at ptolemy.actor.util.CausalityInterfaceForComposites._computeInputDepth(CausalityInterfaceForComposites.java:696)
	at ptolemy.actor.util.CausalityInterfaceForComposites._computeActorDepth(CausalityInterfaceForComposites.java:532)
	at ptolemy.actor.util.CausalityInterfaceForComposites.checkForCycles(CausalityInterfaceForComposites.java:96)
	at ptolemy.domains.de.kernel.DEDirector.preinitialize(DEDirector.java:1338)
	at ptolemy.actor.CompositeActor.preinitialize(CompositeActor.java:1828)
	at ptolemy.actor.Manager.preinitializeAndResolveTypes(Manager.java:1040)
	at ptolemy.actor.Manager.initialize(Manager.java:710)
	at ptolemy.actor.Manager.execute(Manager.java:356)
	at ptolemy.actor.Manager.run(Manager.java:1263)
	at ptolemy.actor.Manager$PtolemyRunThread.run(Manager.java:1915)
java.lang.RuntimeException: Execution failed
	at ptolemy.moml.MoMLSimpleApplication$UnloadThread.run(MoMLSimpleApplication.java:402)
Caused by: ptolemy.kernel.util.IllegalActionException: Found a zero delay loop containing .HierarchicalModel.A
  in .HierarchicalModel and .HierarchicalModel.A
	at ptolemy.actor.util.CausalityInterfaceForComposites._computeOutputPortDepth(CausalityInterfaceForComposites.java:759)
	at ptolemy.actor.util.CausalityInterfaceForComposites._computeInputDepth(CausalityInterfaceForComposites.java:696)
	at ptolemy.actor.util.CausalityInterfaceForComposites._computeOutputPortDepth(CausalityInterfaceForComposites.java:765)
	at ptolemy.actor.util.CausalityInterfaceForComposites._computeInputDepth(CausalityInterfaceForComposites.java:696)
	at ptolemy.actor.util.CausalityInterfaceForComposites._computeOutputPortDepth(CausalityInterfaceForComposites.java:765)
	at ptolemy.actor.util.CausalityInterfaceForComposites._computeInputDepth(CausalityInterfaceForComposites.java:696)
	at ptolemy.actor.util.CausalityInterfaceForComposites._computeActorDepth(CausalityInterfaceForComposites.java:532)
	at ptolemy.actor.util.CausalityInterfaceForComposites.checkForCycles(CausalityInterfaceForComposites.java:96)
	at ptolemy.domains.de.kernel.DEDirector.preinitialize(DEDirector.java:1338)
	at ptolemy.actor.CompositeActor.preinitialize(CompositeActor.java:1828)
	at ptolemy.actor.Manager.preinitializeAndResolveTypes(Manager.java:1040)
	at ptolemy.actor.Manager.initialize(Manager.java:710)
	at ptolemy.actor.Manager.execute(Manager.java:356)
	at ptolemy.actor.Manager.run(Manager.java:1263)
	at ptolemy.actor.Manager$PtolemyRunThread.run(Manager.java:1915)
java.lang.RuntimeException: Execution failed
	at ptolemy.moml.MoMLSimpleApplication$UnloadThread.run(MoMLSimpleApplication.java:402)
Caused by: ptolemy.kernel.util.IllegalActionException: Test fails in iteration 1.
Value was: 1.0. Should have been: 2.0
  in .DirectFeedback.Test
	at ptolemy.actor.lib.Test.fire(Test.java:268)
	at ptolemy.domains.de.kernel.DEDirector._fire(DEDirector.java:1949)
	at ptolemy.domains.de.kernel.DEDirector.fire(DEDirector.java:502)
	at ptolemy.actor.CompositeActor.fire(CompositeActor.java:455)
	at ptolemy.actor.Manager.iterate(Manager.java:851)
	at ptolemy.actor.Manager.execute(Manager.java:369)
	at ptolemy.actor.Manager.run(Manager.java:1263)
	at ptolemy.actor.Manager$PtolemyRunThread.run(Manager.java:1915)
java.lang.RuntimeException: Execution failed
	at ptolemy.moml.MoMLSimpleApplication$UnloadThread.run(MoMLSimpleApplication.java:402)
Caused by: ptolemy.kernel.util.IllegalActionException: Actor is not ready to fire.  Perhaps UpSample.prefire() returned false? Try debugging the actor by selecting "Listen to Actor".  Also, for SDF check moml for tokenConsumptionRate on input.
  in .DESDFClockTest.Play Bell.Copy1:SDF Director and .DESDFClockTest.Play Bell.UpSample
	at ptolemy.actor.sched.StaticSchedulingDirector.fire(StaticSchedulingDirector.java:227)
	at ptolemy.domains.sdf.kernel.SDFDirector.fire(SDFDirector.java:500)
	at ptolemy.actor.CompositeActor.fire(CompositeActor.java:455)
	at ptolemy.domains.de.kernel.DEDirector._fire(DEDirector.java:1949)
	at ptolemy.domains.de.kernel.DEDirector.fire(DEDirector.java:502)
	at ptolemy.actor.CompositeActor.fire(CompositeActor.java:455)
	at ptolemy.actor.Manager.iterate(Manager.java:851)
	at ptolemy.actor.Manager.execute(Manager.java:369)
	at ptolemy.actor.Manager.run(Manager.java:1263)
	at ptolemy.actor.Manager$PtolemyRunThread.run(Manager.java:1915)
java.lang.reflect.InvocationTargetException
	at sun.reflect.NativeConstructorAccessorImpl.newInstance0(Native Method)
	at sun.reflect.NativeConstructorAccessorImpl.newInstance(NativeConstructorAccessorImpl.java:62)
	at sun.reflect.DelegatingConstructorAccessorImpl.newInstance(DelegatingConstructorAccessorImpl.java:45)
	at java.lang.reflect.Constructor.newInstance(Constructor.java:423)
	at ptolemy.util.test.junit.AutoKnownFailedTests.RunModel(AutoKnownFailedTests.java:107)
	at sun.reflect.NativeMethodAccessorImpl.invoke0(Native Method)
	at sun.reflect.NativeMethodAccessorImpl.invoke(NativeMethodAccessorImpl.java:62)
	at sun.reflect.DelegatingMethodAccessorImpl.invoke(DelegatingMethodAccessorImpl.java:43)
	at java.lang.reflect.Method.invoke(Method.java:498)
	at org.junit.runners.model.FrameworkMethod$1.runReflectiveCall(FrameworkMethod.java:44)
	at org.junit.internal.runners.model.ReflectiveCallable.run(ReflectiveCallable.java:15)
	at org.junit.runners.model.FrameworkMethod.invokeExplosively(FrameworkMethod.java:41)
	at junitparams.internal.InvokeParameterisedMethod.evaluate(InvokeParameterisedMethod.java:102)
	at org.junit.internal.runners.statements.FailOnTimeout$1.run(FailOnTimeout.java:28)
Caused by: ptolemy.kernel.util.IllegalActionException: Actor is not ready to fire.  Perhaps UpSample.prefire() returned false? Try debugging the actor by selecting "Listen to Actor".  Also, for SDF check moml for tokenConsumptionRate on input.
  in .DESDFClockTest.Play Bell.Copy1:SDF Director and .DESDFClockTest.Play Bell.UpSample
	at ptolemy.actor.sched.StaticSchedulingDirector.fire(StaticSchedulingDirector.java:227)
	at ptolemy.domains.sdf.kernel.SDFDirector.fire(SDFDirector.java:500)
	at ptolemy.actor.CompositeActor.fire(CompositeActor.java:455)
	at ptolemy.domains.de.kernel.DEDirector._fire(DEDirector.java:1949)
	at ptolemy.domains.de.kernel.DEDirector.fire(DEDirector.java:502)
	at ptolemy.actor.CompositeActor.fire(CompositeActor.java:455)
	at ptolemy.actor.Manager.iterate(Manager.java:851)
	at ptolemy.actor.Manager.execute(Manager.java:369)
	at ptolemy.actor.Manager.run(Manager.java:1263)
	at ptolemy.actor.Manager$PtolemyRunThread.run(Manager.java:1915)
java.lang.RuntimeException: Execution failed
	at ptolemy.moml.MoMLSimpleApplication$UnloadThread.run(MoMLSimpleApplication.java:402)
Caused by: ptolemy.kernel.util.IllegalActionException: Test fails in iteration 1.
Value was: 1.0. Should have been: 2.0
  in .DirectFeedback.Test
	at ptolemy.actor.lib.Test.fire(Test.java:268)
	at ptolemy.domains.de.kernel.DEDirector._fire(DEDirector.java:1949)
	at ptolemy.domains.de.kernel.DEDirector.fire(DEDirector.java:502)
	at ptolemy.actor.CompositeActor.fire(CompositeActor.java:455)
	at ptolemy.actor.Manager.iterate(Manager.java:851)
	at ptolemy.actor.Manager.execute(Manager.java:369)
	at ptolemy.actor.Manager.run(Manager.java:1263)
	at ptolemy.actor.Manager$PtolemyRunThread.run(Manager.java:1915)
java.lang.reflect.InvocationTargetException
	at sun.reflect.NativeConstructorAccessorImpl.newInstance0(Native Method)
	at sun.reflect.NativeConstructorAccessorImpl.newInstance(NativeConstructorAccessorImpl.java:62)
	at sun.reflect.DelegatingConstructorAccessorImpl.newInstance(DelegatingConstructorAccessorImpl.java:45)
	at java.lang.reflect.Constructor.newInstance(Constructor.java:423)
	at ptolemy.util.test.junit.AutoKnownFailedTests.RunModel(AutoKnownFailedTests.java:107)
	at sun.reflect.NativeMethodAccessorImpl.invoke0(Native Method)
	at sun.reflect.NativeMethodAccessorImpl.invoke(NativeMethodAccessorImpl.java:62)
	at sun.reflect.DelegatingMethodAccessorImpl.invoke(DelegatingMethodAccessorImpl.java:43)
	at java.lang.reflect.Method.invoke(Method.java:498)
	at org.junit.runners.model.FrameworkMethod$1.runReflectiveCall(FrameworkMethod.java:44)
	at org.junit.internal.runners.model.ReflectiveCallable.run(ReflectiveCallable.java:15)
	at org.junit.runners.model.FrameworkMethod.invokeExplosively(FrameworkMethod.java:41)
	at junitparams.internal.InvokeParameterisedMethod.evaluate(InvokeParameterisedMethod.java:102)
	at org.junit.internal.runners.statements.FailOnTimeout$1.run(FailOnTimeout.java:28)
Caused by: ptolemy.kernel.util.IllegalActionException: Test fails in iteration 1.
Value was: 1.0. Should have been: 2.0
  in .DirectFeedback.Test
	at ptolemy.actor.lib.Test.fire(Test.java:268)
	at ptolemy.domains.de.kernel.DEDirector._fire(DEDirector.java:1949)
	at ptolemy.domains.de.kernel.DEDirector.fire(DEDirector.java:502)
	at ptolemy.actor.CompositeActor.fire(CompositeActor.java:455)
	at ptolemy.actor.Manager.iterate(Manager.java:851)
	at ptolemy.actor.Manager.execute(Manager.java:369)
	at ptolemy.actor.Manager.run(Manager.java:1263)
	at ptolemy.actor.Manager$PtolemyRunThread.run(Manager.java:1915)
java.lang.RuntimeException: Execution failed
	at ptolemy.moml.MoMLSimpleApplication$UnloadThread.run(MoMLSimpleApplication.java:402)
Caused by: ptolemy.kernel.util.IllegalActionException: Found a zero delay loop containing .HierarchicalModel.A
  in .HierarchicalModel and .HierarchicalModel.A
	at ptolemy.actor.util.CausalityInterfaceForComposites._computeOutputPortDepth(CausalityInterfaceForComposites.java:759)
	at ptolemy.actor.util.CausalityInterfaceForComposites._computeInputDepth(CausalityInterfaceForComposites.java:696)
	at ptolemy.actor.util.CausalityInterfaceForComposites._computeOutputPortDepth(CausalityInterfaceForComposites.java:765)
	at ptolemy.actor.util.CausalityInterfaceForComposites._computeInputDepth(CausalityInterfaceForComposites.java:696)
	at ptolemy.actor.util.CausalityInterfaceForComposites._computeOutputPortDepth(CausalityInterfaceForComposites.java:765)
	at ptolemy.actor.util.CausalityInterfaceForComposites._computeInputDepth(CausalityInterfaceForComposites.java:696)
	at ptolemy.actor.util.CausalityInterfaceForComposites._computeActorDepth(CausalityInterfaceForComposites.java:532)
	at ptolemy.actor.util.CausalityInterfaceForComposites.checkForCycles(CausalityInterfaceForComposites.java:96)
	at ptolemy.domains.de.kernel.DEDirector.preinitialize(DEDirector.java:1338)
	at ptolemy.actor.CompositeActor.preinitialize(CompositeActor.java:1828)
	at ptolemy.actor.Manager.preinitializeAndResolveTypes(Manager.java:1040)
	at ptolemy.actor.Manager.initialize(Manager.java:710)
	at ptolemy.actor.Manager.execute(Manager.java:356)
	at ptolemy.actor.Manager.run(Manager.java:1263)
	at ptolemy.actor.Manager$PtolemyRunThread.run(Manager.java:1915)
java.lang.reflect.InvocationTargetException
	at sun.reflect.NativeConstructorAccessorImpl.newInstance0(Native Method)
	at sun.reflect.NativeConstructorAccessorImpl.newInstance(NativeConstructorAccessorImpl.java:62)
	at sun.reflect.DelegatingConstructorAccessorImpl.newInstance(DelegatingConstructorAccessorImpl.java:45)
	at java.lang.reflect.Constructor.newInstance(Constructor.java:423)
	at ptolemy.util.test.junit.AutoKnownFailedTests.RunModel(AutoKnownFailedTests.java:107)
	at sun.reflect.NativeMethodAccessorImpl.invoke0(Native Method)
	at sun.reflect.NativeMethodAccessorImpl.invoke(NativeMethodAccessorImpl.java:62)
	at sun.reflect.DelegatingMethodAccessorImpl.invoke(DelegatingMethodAccessorImpl.java:43)
	at java.lang.reflect.Method.invoke(Method.java:498)
	at org.junit.runners.model.FrameworkMethod$1.runReflectiveCall(FrameworkMethod.java:44)
	at org.junit.internal.runners.model.ReflectiveCallable.run(ReflectiveCallable.java:15)
	at org.junit.runners.model.FrameworkMethod.invokeExplosively(FrameworkMethod.java:41)
	at junitparams.internal.InvokeParameterisedMethod.evaluate(InvokeParameterisedMethod.java:102)
	at org.junit.internal.runners.statements.FailOnTimeout$1.run(FailOnTimeout.java:28)
Caused by: ptolemy.kernel.util.IllegalActionException: Found a zero delay loop containing .HierarchicalModel.A
  in .HierarchicalModel and .HierarchicalModel.A
	at ptolemy.actor.util.CausalityInterfaceForComposites._computeOutputPortDepth(CausalityInterfaceForComposites.java:759)
	at ptolemy.actor.util.CausalityInterfaceForComposites._computeInputDepth(CausalityInterfaceForComposites.java:696)
	at ptolemy.actor.util.CausalityInterfaceForComposites._computeOutputPortDepth(CausalityInterfaceForComposites.java:765)
	at ptolemy.actor.util.CausalityInterfaceForComposites._computeInputDepth(CausalityInterfaceForComposites.java:696)
	at ptolemy.actor.util.CausalityInterfaceForComposites._computeOutputPortDepth(CausalityInterfaceForComposites.java:765)
	at ptolemy.actor.util.CausalityInterfaceForComposites._computeInputDepth(CausalityInterfaceForComposites.java:696)
	at ptolemy.actor.util.CausalityInterfaceForComposites._computeActorDepth(CausalityInterfaceForComposites.java:532)
	at ptolemy.actor.util.CausalityInterfaceForComposites.checkForCycles(CausalityInterfaceForComposites.java:96)
	at ptolemy.domains.de.kernel.DEDirector.preinitialize(DEDirector.java:1338)
	at ptolemy.actor.CompositeActor.preinitialize(CompositeActor.java:1828)
	at ptolemy.actor.Manager.preinitializeAndResolveTypes(Manager.java:1040)
	at ptolemy.actor.Manager.initialize(Manager.java:710)
	at ptolemy.actor.Manager.execute(Manager.java:356)
	at ptolemy.actor.Manager.run(Manager.java:1263)
	at ptolemy.actor.Manager$PtolemyRunThread.run(Manager.java:1915)
java.lang.RuntimeException: Execution failed
	at ptolemy.moml.MoMLSimpleApplication$UnloadThread.run(MoMLSimpleApplication.java:402)
Caused by: ptolemy.kernel.util.IllegalActionException: Found a zero delay loop containing .dependencyLoop.original
  in .dependencyLoop and .dependencyLoop.original
	at ptolemy.actor.util.CausalityInterfaceForComposites._computeOutputPortDepth(CausalityInterfaceForComposites.java:759)
	at ptolemy.actor.util.CausalityInterfaceForComposites._computeInputDepth(CausalityInterfaceForComposites.java:696)
	at ptolemy.actor.util.CausalityInterfaceForComposites._computeOutputPortDepth(CausalityInterfaceForComposites.java:765)
	at ptolemy.actor.util.CausalityInterfaceForComposites._computeInputDepth(CausalityInterfaceForComposites.java:696)
	at ptolemy.actor.util.CausalityInterfaceForComposites._computeOutputPortDepth(CausalityInterfaceForComposites.java:765)
	at ptolemy.actor.util.CausalityInterfaceForComposites._computeInputDepth(CausalityInterfaceForComposites.java:696)
	at ptolemy.actor.util.CausalityInterfaceForComposites._computeActorDepth(CausalityInterfaceForComposites.java:532)
	at ptolemy.actor.util.CausalityInterfaceForComposites.checkForCycles(CausalityInterfaceForComposites.java:96)
	at ptolemy.domains.de.kernel.DEDirector.preinitialize(DEDirector.java:1338)
	at ptolemy.actor.CompositeActor.preinitialize(CompositeActor.java:1828)
	at ptolemy.actor.Manager.preinitializeAndResolveTypes(Manager.java:1040)
	at ptolemy.actor.Manager.initialize(Manager.java:710)
	at ptolemy.actor.Manager.execute(Manager.java:356)
	at ptolemy.actor.Manager.run(Manager.java:1263)
	at ptolemy.actor.Manager$PtolemyRunThread.run(Manager.java:1915)
java.lang.reflect.InvocationTargetException
	at sun.reflect.NativeConstructorAccessorImpl.newInstance0(Native Method)
	at sun.reflect.NativeConstructorAccessorImpl.newInstance(NativeConstructorAccessorImpl.java:62)
	at sun.reflect.DelegatingConstructorAccessorImpl.newInstance(DelegatingConstructorAccessorImpl.java:45)
	at java.lang.reflect.Constructor.newInstance(Constructor.java:423)
	at ptolemy.util.test.junit.AutoKnownFailedTests.RunModel(AutoKnownFailedTests.java:107)
	at sun.reflect.NativeMethodAccessorImpl.invoke0(Native Method)
	at sun.reflect.NativeMethodAccessorImpl.invoke(NativeMethodAccessorImpl.java:62)
	at sun.reflect.DelegatingMethodAccessorImpl.invoke(DelegatingMethodAccessorImpl.java:43)
	at java.lang.reflect.Method.invoke(Method.java:498)
	at org.junit.runners.model.FrameworkMethod$1.runReflectiveCall(FrameworkMethod.java:44)
	at org.junit.internal.runners.model.ReflectiveCallable.run(ReflectiveCallable.java:15)
	at org.junit.runners.model.FrameworkMethod.invokeExplosively(FrameworkMethod.java:41)
	at junitparams.internal.InvokeParameterisedMethod.evaluate(InvokeParameterisedMethod.java:102)
	at org.junit.internal.runners.statements.FailOnTimeout$1.run(FailOnTimeout.java:28)
Caused by: ptolemy.kernel.util.IllegalActionException: Found a zero delay loop containing .dependencyLoop.original
  in .dependencyLoop and .dependencyLoop.original
	at ptolemy.actor.util.CausalityInterfaceForComposites._computeOutputPortDepth(CausalityInterfaceForComposites.java:759)
	at ptolemy.actor.util.CausalityInterfaceForComposites._computeInputDepth(CausalityInterfaceForComposites.java:696)
	at ptolemy.actor.util.CausalityInterfaceForComposites._computeOutputPortDepth(CausalityInterfaceForComposites.java:765)
	at ptolemy.actor.util.CausalityInterfaceForComposites._computeInputDepth(CausalityInterfaceForComposites.java:696)
	at ptolemy.actor.util.CausalityInterfaceForComposites._computeOutputPortDepth(CausalityInterfaceForComposites.java:765)
	at ptolemy.actor.util.CausalityInterfaceForComposites._computeInputDepth(CausalityInterfaceForComposites.java:696)
	at ptolemy.actor.util.CausalityInterfaceForComposites._computeActorDepth(CausalityInterfaceForComposites.java:532)
	at ptolemy.actor.util.CausalityInterfaceForComposites.checkForCycles(CausalityInterfaceForComposites.java:96)
	at ptolemy.domains.de.kernel.DEDirector.preinitialize(DEDirector.java:1338)
	at ptolemy.actor.CompositeActor.preinitialize(CompositeActor.java:1828)
	at ptolemy.actor.Manager.preinitializeAndResolveTypes(Manager.java:1040)
	at ptolemy.actor.Manager.initialize(Manager.java:710)
	at ptolemy.actor.Manager.execute(Manager.java:356)
	at ptolemy.actor.Manager.run(Manager.java:1263)
	at ptolemy.actor.Manager$PtolemyRunThread.run(Manager.java:1915)
java.lang.RuntimeException: Execution failed
	at ptolemy.moml.MoMLSimpleApplication$UnloadThread.run(MoMLSimpleApplication.java:402)
Caused by: ptolemy.kernel.util.IllegalActionException: Found a zero delay loop containing .dependencyLoop2.original
  in .dependencyLoop2 and .dependencyLoop2.original
	at ptolemy.actor.util.CausalityInterfaceForComposites._computeOutputPortDepth(CausalityInterfaceForComposites.java:759)
	at ptolemy.actor.util.CausalityInterfaceForComposites._computeInputDepth(CausalityInterfaceForComposites.java:696)
	at ptolemy.actor.util.CausalityInterfaceForComposites._computeOutputPortDepth(CausalityInterfaceForComposites.java:765)
	at ptolemy.actor.util.CausalityInterfaceForComposites._computeInputDepth(CausalityInterfaceForComposites.java:696)
	at ptolemy.actor.util.CausalityInterfaceForComposites._computeOutputPortDepth(CausalityInterfaceForComposites.java:765)
	at ptolemy.actor.util.CausalityInterfaceForComposites._computeInputDepth(CausalityInterfaceForComposites.java:696)
	at ptolemy.actor.util.CausalityInterfaceForComposites._computeActorDepth(CausalityInterfaceForComposites.java:532)
	at ptolemy.actor.util.CausalityInterfaceForComposites.checkForCycles(CausalityInterfaceForComposites.java:96)
	at ptolemy.domains.de.kernel.DEDirector.preinitialize(DEDirector.java:1338)
	at ptolemy.actor.CompositeActor.preinitialize(CompositeActor.java:1828)
	at ptolemy.actor.Manager.preinitializeAndResolveTypes(Manager.java:1040)
	at ptolemy.actor.Manager.initialize(Manager.java:710)
	at ptolemy.actor.Manager.execute(Manager.java:356)
	at ptolemy.actor.Manager.run(Manager.java:1263)
	at ptolemy.actor.Manager$PtolemyRunThread.run(Manager.java:1915)
java.lang.reflect.InvocationTargetException
	at sun.reflect.NativeConstructorAccessorImpl.newInstance0(Native Method)
	at sun.reflect.NativeConstructorAccessorImpl.newInstance(NativeConstructorAccessorImpl.java:62)
	at sun.reflect.DelegatingConstructorAccessorImpl.newInstance(DelegatingConstructorAccessorImpl.java:45)
	at java.lang.reflect.Constructor.newInstance(Constructor.java:423)
	at ptolemy.util.test.junit.AutoKnownFailedTests.RunModel(AutoKnownFailedTests.java:107)
	at sun.reflect.NativeMethodAccessorImpl.invoke0(Native Method)
	at sun.reflect.NativeMethodAccessorImpl.invoke(NativeMethodAccessorImpl.java:62)
	at sun.reflect.DelegatingMethodAccessorImpl.invoke(DelegatingMethodAccessorImpl.java:43)
	at java.lang.reflect.Method.invoke(Method.java:498)
	at org.junit.runners.model.FrameworkMethod$1.runReflectiveCall(FrameworkMethod.java:44)
	at org.junit.internal.runners.model.ReflectiveCallable.run(ReflectiveCallable.java:15)
	at org.junit.runners.model.FrameworkMethod.invokeExplosively(FrameworkMethod.java:41)
	at junitparams.internal.InvokeParameterisedMethod.evaluate(InvokeParameterisedMethod.java:102)
	at org.junit.internal.runners.statements.FailOnTimeout$1.run(FailOnTimeout.java:28)
Caused by: ptolemy.kernel.util.IllegalActionException: Found a zero delay loop containing .dependencyLoop2.original
  in .dependencyLoop2 and .dependencyLoop2.original
	at ptolemy.actor.util.CausalityInterfaceForComposites._computeOutputPortDepth(CausalityInterfaceForComposites.java:759)
	at ptolemy.actor.util.CausalityInterfaceForComposites._computeInputDepth(CausalityInterfaceForComposites.java:696)
	at ptolemy.actor.util.CausalityInterfaceForComposites._computeOutputPortDepth(CausalityInterfaceForComposites.java:765)
	at ptolemy.actor.util.CausalityInterfaceForComposites._computeInputDepth(CausalityInterfaceForComposites.java:696)
	at ptolemy.actor.util.CausalityInterfaceForComposites._computeOutputPortDepth(CausalityInterfaceForComposites.java:765)
	at ptolemy.actor.util.CausalityInterfaceForComposites._computeInputDepth(CausalityInterfaceForComposites.java:696)
	at ptolemy.actor.util.CausalityInterfaceForComposites._computeActorDepth(CausalityInterfaceForComposites.java:532)
	at ptolemy.actor.util.CausalityInterfaceForComposites.checkForCycles(CausalityInterfaceForComposites.java:96)
	at ptolemy.domains.de.kernel.DEDirector.preinitialize(DEDirector.java:1338)
	at ptolemy.actor.CompositeActor.preinitialize(CompositeActor.java:1828)
	at ptolemy.actor.Manager.preinitializeAndResolveTypes(Manager.java:1040)
	at ptolemy.actor.Manager.initialize(Manager.java:710)
	at ptolemy.actor.Manager.execute(Manager.java:356)
	at ptolemy.actor.Manager.run(Manager.java:1263)
	at ptolemy.actor.Manager$PtolemyRunThread.run(Manager.java:1915)
]]></system-err>
</testsuite>
