<?xml version="1.0" encoding="UTF-8" ?>
<testsuite errors="0" failures="0" hostname="travis-job-e3cc23a3-dfa1-4b18-93b0-6e21b691359a" name="ptolemy.actor.lib.test.junit.JUnitTclTest" skipped="0" tests="517" time="60.838" timestamp="2020-09-20T15:47:46">
  <properties>
    <property name="npm.executable" value="npm" />
    <property name="env.TRAVIS_ROOT" value="/" />
    <property name="ptII.mk.exists" value="true" />
    <property name="env.TRAVIS_APP_HOST" value="build.travis-ci.org" />
    <property name="env.rvm_bin_path" value="/home/travis/.rvm/bin" />
    <property name="java.home" value="/usr/local/lib/jvm/openjdk11" />
    <property name="env.TRAVIS_JOB_NUMBER" value="1770.8" />
    <property name="env.TRAVIS_HOME" value="/home/travis" />
    <property name="env.DISPLAY" value=":99.0" />
    <property name="env.TRAVIS_INIT" value="systemd" />
    <property name="env.SSH_TTY" value="/dev/pts/0" />
    <property name="java.net.preferIPv4Stack" value="true" />
    <property name="env.RUN_TESTS" value="true" />
    <property name="timeout.short" value="1000000" />
    <property name="junit.formatter" value="xml" />
    <property name="env.TRAVIS_SUDO" value="true" />
    <property name="env.TRAVIS_JOB_NAME" value="" />
    <property name="env.TRAVIS_STACK_NODE_ATTRIBUTES" value="/.node-attributes.yml" />
    <property name="env.LOGNAME" value="travis" />
    <property name="env.PT_TRAVIS_TEST_CORE1_XML" value="true" />
    <property name="jsdoc.home" value="node_modules/@terraswarm/jsdoc" />
    <property name="debuglevel" value="source,lines,vars" />
    <property name="checkstyle.formatter" value="xml" />
    <property name="bin.vergil.makeable" value="true" />
    <property name="sun.os.patch.level" value="unknown" />
    <property name="java.vendor.url" value="http://java.oracle.com/" />
    <property name="env.TRAVIS_BUILD_WEB_URL" value="https://travis-ci.org/icyphy/ptII/builds/728760419" />
    <property name="java.version" value="11.0.2" />
    <property name="env.TZ" value="UTC" />
    <property name="env.TRAVIS_PULL_REQUEST_SHA" value="" />
    <property name="env.PT_NO_NET" value="true" />
    <property name="env.TRAVIS_SECURE_ENV_VARS" value="true" />
    <property name="java.vendor.url.bug" value="http://bugreport.java.com/bugreport/" />
    <property name="npmjs-org-is-up" value="true" />
    <property name="env.LANGUAGE" value="en_US.UTF-8" />
    <property name="env.SSH_CLIENT" value="10.52.6.36 59876 22" />
    <property name="env.GEM_HOME" value="/home/travis/.rvm/gems/ruby-2.5.3" />
    <property name="env.HAS_ANTARES_THREE_LITTLE_FRONZIES_BADGE" value="true" />
    <property name="java.version.date" value="2019-01-15" />
    <property name="env.PS4" value="+" />
    <property name="ant.project.invoked-targets" value="build,test.core1.xml" />
    <property name="env.TRAVIS_PULL_REQUEST_BRANCH" value="" />
    <property name="env.TRAVIS_REPO_SLUG" value="icyphy/ptII" />
    <property name="env.XDG_DATA_DIRS" value="/usr/local/share:/usr/share:/var/lib/snapd/desktop" />
    <property name="jdk.debug" value="release" />
    <property name="env.TRAVIS_APT_PROXY" value="http://build-cache.travisci.net" />
    <property name="env.TRAVIS_CPU_ARCH" value="amd64" />
    <property name="node.in.path" value="true" />
    <property name="user.name" value="travis" />
    <property name="java.maxmemory" value="1400m" />
    <property name="env.RUBY_VERSION" value="ruby-2.5.3" />
    <property name="env.LANG" value="en_US.UTF-8" />
    <property name="sun.io.unicode.encoding" value="UnicodeLittle" />
    <property name="sun.jnu.encoding" value="UTF-8" />
    <property name="java.runtime.name" value="OpenJDK Runtime Environment" />
    <property name="usefile" value="false" />
    <property name="return.code" value="0" />
    <property name="junit.single.formatter" value="plain" />
    <property name="env.DYLD_LIBRARY_PATH" value="/home/travis/pthla/certi-tools/lib:" />
    <property name="env.DEBIAN_FRONTEND" value="noninteractive" />
    <property name="env.SSH_CONNECTION" value="10.52.6.36 59876 10.20.0.58 22" />
    <property name="env.MYSQL_UNIX_PORT" value="/var/run/mysqld/mysqld.sock" />
    <property name="env.LC_ALL" value="en_US.UTF-8" />
    <property name="env.TRAVIS_ALLOW_FAILURE" value="" />
    <property name="env.TRAVIS_JOB_WEB_URL" value="https://travis-ci.org/icyphy/ptII/jobs/728760434" />
    <property name="java.specification.name" value="Java Platform API Specification" />
    <property name="node.works" value="true" />
    <property name="user.timezone" value="" />
    <property name="path.separator" value=":" />
    <property name="env.TRAVIS_ENABLE_INFRA_DETECTION" value="true" />
    <property name="env.PYTHON_CFLAGS" value="-g -fstack-protector --param=ssp-buffer-size=4 -Wformat -Werror=format-security" />
    <property name="timeout.long" value="4000000" />
    <property name="env.CERTI_HOME" value="/home/travis/pthla/certi-tools" />
    <property name="ant.file.ptII" value="/home/travis/build/icyphy/ptII/build.xml" />
    <property name="javadoc.packagenames" value="com.*,diva.*,lbnl.*,org.hlacerti.*,org.json.*,org.ptolemy.*,org.terraswarm.*,ptolemy.*,ptserver.*" />
    <property name="file.encoding" value="UTF-8" />
    <property name="env.TRAVIS_PULL_REQUEST_SLUG" value="" />
    <property name="ant.project.default-target" value="build" />
    <property name="env.GIT_ASKPASS" value="echo" />
    <property name="env.HOME" value="/home/travis" />
    <property name="sun.java.command" value="org.apache.tools.ant.taskdefs.optional.junit.JUnitTestRunner ptolemy.actor.lib.test.junit.JUnitTclTest skipNonTests=false filtertrace=true haltOnError=false haltOnFailure=false formatter=org.apache.tools.ant.taskdefs.optional.junit.OutErrSummaryJUnitResultFormatter showoutput=true outputtoformatters=true logfailedtests=true threadid=0 logtestlistenerevents=false formatter=org.apache.tools.ant.taskdefs.optional.junit.XMLJUnitResultFormatter,/home/travis/build/icyphy/ptII/reports/junit/TEST-ptolemy.actor.lib.test.junit.JUnitTclTest.xml crashfile=/home/travis/build/icyphy/ptII/junitvmwatcher5844773537916649352.properties propsfile=/home/travis/build/icyphy/ptII/junit13557072649415778247.properties" />
    <property name="env.COMPOSER_NO_INTERACTION" value="1" />
    <property name="env.MANPATH" value="/home/travis/.nvm/versions/node/v7.10.1/share/man:/home/travis/.rvm/rubies/ruby-2.5.3/share/man:/usr/local/cmake-3.12.4/man:/usr/local/clang-7.0.0/share/man:/usr/local/man:/usr/local/share/man:/usr/share/man:/home/travis/.rvm/man" />
    <property name="env.TRAVIS_TIMER_ID" value="0bc2dbfd" />
    <property name="ant.file" value="/home/travis/build/icyphy/ptII/build.xml" />
    <property name="env.TRAVIS_COMMIT_RANGE" value="3bb573e462e9b4151952318d01b7e361e9f419ad...74248200255084cca0f8d02e5ad09f36c0965423" />
    <property name="ptII.classpath.optional.property" value="/home/travis/build/icyphy/ptII/lib/bsh-2.0b4.jar:/home/travis/build/icyphy/ptII/lib/ptCal.jar:/home/travis/build/icyphy/ptII/lib/java_cup.jar:/home/travis/build/icyphy/ptII/lib/saxon8.jar:/home/travis/build/icyphy/ptII/lib/saxon8-dom.jar:/home/travis/build/icyphy/ptII/lib/chic.jar:/home/travis/build/icyphy/ptII/lib/ptcolt.jar:/home/travis/build/icyphy/ptII/vendors/misc/itext/iText.jar:/home/travis/build/icyphy/ptII/lib/g4ltl.jar:/home/travis/build/icyphy/ptII/lib/StructuralCoder.jar:/home/travis/build/icyphy/ptII/lib/jcerti.jar:/home/travis/build/icyphy/ptII/lib/javax.mail.jar:/home/travis/build/icyphy/ptII/vendors/JMF-2.1.1e/lib/jmf.jar:/home/travis/build/icyphy/ptII/lib/jna-4.0.0-variadic.jar:/home/travis/build/icyphy/ptII/vendors/misc/joystick/Joystick.jar:/home/travis/build/icyphy/ptII/lib/ptjacl.jar:/home/travis/build/icyphy/ptII/lib/jsoup-1.8.2.jar:/home/travis/build/icyphy/ptII/lib/junit-4.8.2.jar:/home/travis/build/icyphy/ptII/lib/JUnitParams-0.4.0.jar:/home/travis/build/icyphy/ptII/ptolemy/actor/lib/excel/jxl.jar:/home/travis/build/icyphy/ptII/lib/jython.jar:/home/travis/build/icyphy/ptII/lib/kieler.jar:/home/travis/build/icyphy/ptII/vendors/opencv/share/OpenCV/java/opencv-341.jar:/home/travis/build/icyphy/ptII/lib/oscP5.jar:/home/travis/build/icyphy/ptII/lib/nrjavaserial-3.11.0.devel.jar:/home/travis/build/icyphy/ptII/vendors/j3d/lib/Linux/j3dcore.jar:/home/travis/build/icyphy/ptII/vendors/j3d/lib/Linux/j3dutils.jar:/home/travis/build/icyphy/ptII/vendors/j3d/lib/Linux/vecmath.jar:/home/travis/build/icyphy/ptII/vendors/jogl/lib/Linux/gluegen-rt-natives-linux-amd64.jar:/home/travis/build/icyphy/ptII/vendors/jogl/lib/Linux/gluegen-rt.jar:/home/travis/build/icyphy/ptII/vendors/jogl/lib/Linux/jogl-all-natives-linux-amd64.jar:/home/travis/build/icyphy/ptII/vendors/jogl/lib/Linux/jogl-all.jar:/home/travis/build/icyphy/ptII/ptolemy/distributed/jini/jar/jini-core.jar:/home/travis/build/icyphy/ptII/ptolemy/distributed/jini/jar/jini-ext.jar:/home/travis/build/icyphy/ptII/ptolemy/distributed/jini/jar/sun-util.jar:/home/travis/build/icyphy/ptII/lib/protobuf-java-2.4.1.jar:/home/travis/build/icyphy/ptII/lib/org.eclipse.paho.client.mqttv3.jar:/home/travis/build/icyphy/ptII/lib/mapss.jar:/home/travis/build/icyphy/ptII/ptolemy/actor/ptalon/antlr/antlr.jar:/home/travis/build/icyphy/ptII/lib/JRI.jar:/home/travis/build/icyphy/ptII/lib/commons-lang-2.6.jar:/home/travis/build/icyphy/ptII/lib/commons-logging-1.1.1.jar:/home/travis/build/icyphy/ptII/lib/sootclasses.jar:/home/travis/build/icyphy/ptII/ptolemy/actor/lib/database/mysql-connector-java-5.1.6-bin.jar:/home/travis/build/icyphy/ptII/vendors/misc/sphinx4/sphinx4-data-5prealpha.jar:/home/travis/build/icyphy/ptII/vendors/misc/sphinx4/sphinx4-core-5prealpha.jar:/home/travis/build/icyphy/ptII/lib/PDFRenderer.jar:/home/travis/build/icyphy/ptII/lib/svgSalamander.jar:/home/travis/build/icyphy/ptII/lib/rsyntaxtextarea-2.6.0-SNAPSHOT.jar:/home/travis/build/icyphy/ptII/lib/hazelcast-3.8.2.jar:/home/travis/build/icyphy/ptII/lib/jackson-annotations-2.9.0.jar:/home/travis/build/icyphy/ptII/lib/jackson-core-2.9.3.jar:/home/travis/build/icyphy/ptII/lib/jackson-databind-2.9.3.jar:/home/travis/build/icyphy/ptII/lib/netty-buffer-4.1.19.Final.jar:/home/travis/build/icyphy/ptII/lib/netty-codec-4.1.19.Final.jar:/home/travis/build/icyphy/ptII/lib/netty-codec-dns-4.1.19.Final.jar:/home/travis/build/icyphy/ptII/lib/netty-codec-http-4.1.19.Final.jar:/home/travis/build/icyphy/ptII/lib/netty-codec-http2-4.1.19.Final.jar:/home/travis/build/icyphy/ptII/lib/netty-common-4.1.19.Final.jar:/home/travis/build/icyphy/ptII/lib/netty-handler-4.1.19.Final.jar:/home/travis/build/icyphy/ptII/lib/netty-resolver-4.1.19.Final.jar:/home/travis/build/icyphy/ptII/lib/netty-resolver-dns-4.1.19.Final.jar:/home/travis/build/icyphy/ptII/lib/netty-transport-4.1.19.Final.jar:/home/travis/build/icyphy/ptII/lib/vertx-codegen-3.5.1.jar:/home/travis/build/icyphy/ptII/lib/vertx-core-3.5.2-SNAPSHOT.jar:/home/travis/build/icyphy/ptII/lib/vertx-hazelcast-3.5.1.jar:/home/travis/build/icyphy/ptII/lib/vertx-lang-js-3.5.1.jar:/home/travis/build/icyphy/ptII/lib/vertx-service-proxy-3.5.1.jar:/home/travis/build/icyphy/ptII/lib/vertx-web-3.5.1.jar:/home/travis/build/icyphy/ptII/lib/slf4j-api-1.7.13.jar:/home/travis/build/icyphy/ptII/lib/slf4j-simple-1.7.13.jar:/home/travis/build/icyphy/ptII/lib/webcam-capture-0.3.12.jar:/home/travis/build/icyphy/ptII/lib/bridj-0.7.0.jar:/home/travis/build/icyphy/ptII/lib/xbjlib-1.1.0.nrjavaserial.jar" />
    <property name="timeout" value="2400000" />
    <property name="test.batch" value="**/junit/*.java" />
    <property name="env._" value="/usr/bin/timeout" />
    <property name="java.io.tmpdir" value="/tmp" />
    <property name="user.language" value="en" />
    <property name="env.TRAVIS_INTERNAL_RUBY_REGEX" value="^ruby-(2\.[0-4]\.[0-9]|1\.9\.3)" />
    <property name="env.HISTCONTROL" value="ignoredups:ignorespace" />
    <property name="env.GOROOT" value="/home/travis/.gimme/versions/go1.11.1.linux.amd64" />
    <property name="line.separator" value="&#xa;" />
    <property name="target" value="11" />
    <property name="env.TRAVIS_BUILD_DIR" value="/home/travis/build/icyphy/ptII" />
    <property name="env.ANT_OPTS" value="-Xmx2048m" />
    <property name="ant.file.type" value="file" />
    <property name="ptolemy.ptII.batchMode" value="true" />
    <property name="env.HISTSIZE" value="1000" />
    <property name="env.MERB_ENV" value="test" />
    <property name="java.vm.info" value="mixed mode" />
    <property name="source" value="11" />
    <property name="java.vm.specification.name" value="Java Virtual Machine Specification" />
    <property name="env.TRAVIS_TEST_RESULT" value="0" />
    <property name="jsdoc.command" value="node_modules/@terraswarm/jsdoc/jsdoc.js" />
    <property name="npm.works" value="true" />
    <property name="cobertura.dir" value="/home/travis/build/icyphy/ptII/vendors/cobertura-2.0.3" />
    <property name="jsdoc.command.exists" value="true" />
    <property name="env.rvm_path" value="/home/travis/.rvm" />
    <property name="env.GEM_PATH" value="/home/travis/.rvm/gems/ruby-2.5.3:/home/travis/.rvm/gems/ruby-2.5.3@global" />
    <property name="env.LC_CTYPE" value="en_US.UTF-8" />
    <property name="env.TRAVIS_CMD" value="$PTII/bin/ptIITravisBuild.sh $SECONDS" />
    <property name="java.awt.printerjob" value="sun.print.PSPrinterJob" />
    <property name="env.TRAVIS_STACK_NAME" value="sardonyx" />
    <property name="env.TRAVIS_TIMER_START_TIME" value="1600616264491104113" />
    <property name="ant.version" value="Apache Ant(TM) version 1.10.1 compiled on February 2 2017" />
    <property name="ptII.reports" value="/home/travis/build/icyphy/ptII/reports" />
    <property name="env.TRAVIS_STACK_TIMESTAMP" value="2020-06-24 13:13:18 UTC" />
    <property name="ant.file.type.ptII" value="file" />
    <property name="env.RBENV_SHELL" value="bash" />
    <property name="os.name" value="Linux" />
    <property name="java.specification.vendor" value="Oracle Corporation" />
    <property name="env.rvm_version" value="1.29.10 (latest)" />
    <property name="env.TRAVIS_INFRA" value="unknown" />
    <property name="env.TERM" value="xterm" />
    <property name="java.vm.name" value="OpenJDK 64-Bit Server VM" />
    <property name="env.TRAVIS_BUILD_NUMBER" value="1770" />
    <property name="env.CI" value="true" />
    <property name="java.library.path" value="/home/travis/pthla/certi-tools/lib:/usr/lib/jni:/usr/local/share/OpenCV/java/:/usr/share/OpenCV/java::/usr/java/packages/lib:/usr/lib64:/lib64:/lib:/usr/lib" />
    <property name="jdk.module.path" value="/home/travis/build/icyphy/ptII/vendors/javafx/javafx-sdk-11.0.2/lib:" />
    <property name="env.rvm_prefix" value="/home/travis" />
    <property name="env.PATH" value="/home/travis/pthla/certi-tools/share/scripts:/home/travis/.rvm/gems/ruby-2.5.3/bin:/home/travis/.rvm/gems/ruby-2.5.3@global/bin:/home/travis/.rvm/rubies/ruby-2.5.3/bin:/home/travis/.rvm/bin:/home/travis/.nvm/versions/node/v7.10.1/bin:./node_modules/.bin:/home/travis/build/icyphy/ptII/bin:/home/travis/pthla/certi-tools/bin:/home/travis/bin:/home/travis/.local/bin:/usr/local/lib/jvm/openjdk11/bin:/opt/pyenv/shims:/home/travis/.phpenv/shims:/home/travis/perl5/perlbrew/bin:/home/travis/gopath/bin:/home/travis/.gimme/versions/go1.11.1.linux.amd64/bin:/usr/local/maven-3.6.3/bin:/usr/local/cmake-3.12.4/bin:/usr/local/clang-7.0.0/bin:/usr/local/sbin:/usr/local/bin:/usr/sbin:/usr/bin:/sbin:/bin:/snap/bin:/home/travis/.phpenv/bin:/opt/pyenv/bin:/home/travis/.yarn/bin" />
    <property name="env.TRAVIS_OS_NAME" value="linux" />
    <property name="ant.java.version" value="9" />
    <property name="basedir" value="/home/travis/build/icyphy/ptII" />
    <property name="java.class.version" value="55.0" />
    <property name="env.SHLVL" value="3" />
    <property name="env.LD_LIBRARY_PATH" value="/home/travis/pthla/certi-tools/lib:/usr/lib/jni:/usr/local/share/OpenCV/java/:/usr/share/OpenCV/java:" />
    <property name="env.RACK_ENV" value="test" />
    <property name="ant.home" value="/home/travis/build/icyphy/ptII/ant" />
    <property name="env.NVM_DIR" value="/home/travis/.nvm" />
    <property name="env.CERTI_FOM_PATH" value="/home/travis/pthla/certi-tools/share/federations" />
    <property name="env.TRAVIS_BUILD_ID" value="728760419" />
    <property name="env.PYENV_ROOT" value="/opt/pyenv" />
    <property name="env.TRAVIS_UID" value="2000" />
    <property name="prism.verbose" value="true" />
    <property name="env.NVM_BIN" value="/home/travis/.nvm/versions/node/v7.10.1/bin" />
    <property name="env.TRAVIS_COMMIT" value="74248200255084cca0f8d02e5ad09f36c0965423" />
    <property name="node.executable" value="node" />
    <property name="sun.boot.library.path" value="/usr/local/lib/jvm/openjdk11/lib" />
    <property name="sun.management.compiler" value="HotSpot 64-Bit Tiered Compilers" />
    <property name="java.awt.graphicsenv" value="sun.awt.X11GraphicsEnvironment" />
    <property name="env.GOPATH" value="/home/travis/gopath" />
    <property name="ptolemy.ptII.dir" value="/home/travis/build/icyphy/ptII" />
    <property name="env.USER" value="travis" />
    <property name="env.HISTFILESIZE" value="2000" />
    <property name="env.NVM_INC" value="/home/travis/.nvm/versions/node/v7.10.1/include/node" />
    <property name="timeout.longest" value="19000000" />
    <property name="env.PERLBREW_SHELLRC_VERSION" value="0.88" />
    <property name="env.TRAVIS_STACK_FEATURES" value="basic couchdb disabled-ipv6 docker docker-compose elasticsearch firefox go-toolchain google-chrome jdk memcached mongodb mysql nodejs_interpreter perl_interpreter perlbrew phantomjs postgresql python_interpreter redis ruby_interpreter sqlite xserver" />
    <property name="env.TRAVIS_PULL_REQUEST" value="false" />
    <property name="env.PYENV_SHELL" value="bash" />
    <property name="ant.project.name" value="ptII" />
    <property name="env.ANSI_RESET" value="\033[0m" />
    <property name="java.vm.specification.version" value="11" />
    <property name="env.TRAVIS_DIST" value="xenial" />
    <property name="env.CERTI_VERSION" value="4.0.0" />
    <property name="env.CERTI_HOST" value="localhost" />
    <property name="awt.toolkit" value="sun.awt.X11.XToolkit" />
    <property name="env.MY_RUBY_HOME" value="/home/travis/.rvm/rubies/ruby-2.5.3" />
    <property name="sun.cpu.isalist" value="" />
    <property name="env.TRAVIS_TMPDIR" value="/tmp/tmp.fmw16YovoT" />
    <property name="java.vm.compressedOopsMode" value="Zero based" />
    <property name="os.version" value="4.15.0-1077-gcp" />
    <property name="user.home" value="/home/travis" />
    <property name="java.vm.vendor" value="Oracle Corporation" />
    <property name="env.TRAVIS_TAG" value="nightly" />
    <property name="env.ANSI_YELLOW" value="\033[33;1m" />
    <property name="env.TRAVIS_FILTERED" value="redirect_io" />
    <property name="env.ANSI_GREEN" value="\033[32;1m" />
    <property name="env.JAVA_HOME" value="/usr/local/lib/jvm/openjdk11" />
    <property name="javadoc.excludepackagenames" value="adm.cvs2svn.*,build.*,config.*,doc.coding.templates.*,jni.test.jni.meaningOfLife.*,jni.test.jni.testDeux.*,jni.test.jni.testTrois.*,org.terraswarm.accessor.accessors.web.node_modules.*,org.terraswarm.accessor.accessors.web.hosts.cordova.demo.*,org.terraswarm.accessor.accessors.web.hosts.cordova.plugins.*,org.terraswarm.accessor.accessors-svn.*,pt-modules.*,ptolemy.apps.agilent.*,ptolemy.apps.anytimecontrol.*,ptolemy.apps.apes.*,ptolemy.apps.charon.*,ptolemy.apps.crazyboard.*,ptolemy.apps.eclipse.*,ptolemy.apps.etherealSting.*,ptolemy.apps.fullscreen.*,ptolemy.apps.giotto.*,ptolemy.apps.ia.*,ptolemy.apps.interfaces.*,ptolemy.apps.jmf.*,ptolemy.apps.kurt.*,ptolemy.apps.kvm.*,ptolemy.apps.lego.*,ptolemy.apps.lejos.*,ptolemy.apps.midp.*,ptolemy.apps.mobileCoding.*,ptolemy.apps.pendulum.*,ptolemy.apps.rijndael.*,ptolemy.apps.robot.*,ptolemy.apps.security.*,ptolemy.apps.sobel.*,ptolemy.apps.soot.*,ptolemy.apps.throttle.*,ptolemy.apps.tini.*,ptolemy.apps.transmission.*,ptolemy.apps.vergil.*,ptolemy.apps.waba.*,ptolemy.apps.websensor.*,ptolemy.apps.webstart.*,ptolemy.apps.xsl.*,ptolemy.apps.zaurus.*,ptolemy.codegen.c.actor.lib.oldJavaFiles.*,ptolemy.codegen.dsp.lib.*,ptolemy.codegen.kernel.newInterfaces.*,ptolemy.codegen.lib.*,ptolemy.copernicus.kernel.fragment.*,ptolemy.copernicus.shallow.cg.*,ptolemy.domains.giotto.demo.Hierarchy.Hierarchy.*,ptolemy.domains.giotto.demo.Multimode.Multimode.*,ptolemy.domains.giotto.demo.Simple.Simple.*,ptolemy.domains.gr.lib.experimental.*,ptolemy.domains.gro.*,ptolemy.domains.pdf.*,ptolemy.domains.ptinyos.demo.Surge.output.*,ptolemy.moml.test.NoPackageActor.java*,ptolemy.plot.adm.*,ptolemy.plot.servlet.*,reports.*,signed.*,src.*,target.*,vendors.*,ptolemy.copernicus.applet.*,ptolemy.media.viewer.*,ptolemy.actor.corba.*,doc.doclets.*,ptolemy.apps.eclipse.awt.*,ptolemy.backtrack.*,ptolemy.backtrack.ast.*,ptolemy.cg.adapter.generic.program.procedural.c.mbed*,ptolemy.homer.*,ptolemy.actor.lib.jai.*,org.ptolemy.scala.*,diva.util.java2d.svg.*,ptolemy.domains.ptinyos.*,ptolemy.actor.lib.fmi.fmipp.*,,org.terraswarm.accessor.accessors.web.node_modules.*,org.terraswarm.accessor.accessors-svn,ptolemy.apps.*,ptolemy.actor.ptalon.demo.ptinyos.SendAndReceiveCnt.output,ptolemy.actor.ptalon.demo.ptinyos.SenseToLeds.output,ptolemy.domains.ptinyos.demo.CntToLedsAndRfm.output,ptolemy.domains.ptinyos.demo.RfmToLeds.output,ptolemy.domains.ptinyos.demo.SendAndReceiveCnt.output,ptolemy.domains.ptinyos.demo.SenseToLeds.output,ptolemy.actor.lib.jjs.modules.udpSocket.*" />
    <property name="env.PTII" value="/home/travis/build/icyphy/ptII" />
    <property name="env.XDG_SESSION_ID" value="2" />
    <property name="keystore" value="ptKeystore" />
    <property name="env.TRAVIS_COMMIT_MESSAGE" value="Exclude org/hlacerti/newModels1516e/VariableArrayPTIIJavaFed" />
    <property name="junit.output.dir" value="/home/travis/build/icyphy/ptII/reports/junit" />
    <property name="npm.return.code" value="0" />
    <property name="user.dir" value="/home/travis/build/icyphy/ptII/ptolemy/actor/lib/test" />
    <property name="env.TRAVIS_NODE_VERSION" value="7" />
    <property name="env.TRAVIS_EVENT_TYPE" value="cron" />
    <property name="env.MAIL" value="/var/mail/travis" />
    <property name="env.PERLBREW_ROOT" value="/home/travis/perl5/perlbrew" />
    <property name="env.PWD" value="/home/travis/build/icyphy/ptII" />
    <property name="timeout.npm" value="45000" />
    <property name="env.TRAVIS_ARCH" value="amd64" />
    <property name="sun.cpu.endian" value="little" />
    <property name="env.PAGER" value="cat" />
    <property name="env.TRAVIS_BUILD_STAGE_NAME" value="test" />
    <property name="env.PERLBREW_HOME" value="/home/travis/.perlbrew" />
    <property name="java.vm.version" value="11.0.2+9" />
    <property name="env.RAILS_ENV" value="test" />
    <property name="java.class.path" value="/home/travis/.ptolemyII:/home/travis/.ptolemyII/*:/home/travis/build/icyphy/ptII:/home/travis/build/icyphy/ptII/lib/bsh-2.0b4.jar:/home/travis/build/icyphy/ptII/lib/ptCal.jar:/home/travis/build/icyphy/ptII/lib/java_cup.jar:/home/travis/build/icyphy/ptII/lib/saxon8.jar:/home/travis/build/icyphy/ptII/lib/saxon8-dom.jar:/home/travis/build/icyphy/ptII/lib/chic.jar:/home/travis/build/icyphy/ptII/lib/ptcolt.jar:/home/travis/build/icyphy/ptII/vendors/misc/itext/iText.jar:/home/travis/build/icyphy/ptII/lib/g4ltl.jar:/home/travis/build/icyphy/ptII/lib/StructuralCoder.jar:/home/travis/build/icyphy/ptII/lib/jcerti.jar:/home/travis/build/icyphy/ptII/lib/javax.mail.jar:/home/travis/build/icyphy/ptII/vendors/JMF-2.1.1e/lib/jmf.jar:/home/travis/build/icyphy/ptII/lib/jna-4.0.0-variadic.jar:/home/travis/build/icyphy/ptII/vendors/misc/joystick/Joystick.jar:/home/travis/build/icyphy/ptII/lib/ptjacl.jar:/home/travis/build/icyphy/ptII/lib/jsoup-1.8.2.jar:/home/travis/build/icyphy/ptII/lib/junit-4.8.2.jar:/home/travis/build/icyphy/ptII/lib/JUnitParams-0.4.0.jar:/home/travis/build/icyphy/ptII/ptolemy/actor/lib/excel/jxl.jar:/home/travis/build/icyphy/ptII/lib/jython.jar:/home/travis/build/icyphy/ptII/lib/kieler.jar:/home/travis/build/icyphy/ptII/vendors/opencv/share/OpenCV/java/opencv-341.jar:/home/travis/build/icyphy/ptII/lib/oscP5.jar:/home/travis/build/icyphy/ptII/lib/nrjavaserial-3.11.0.devel.jar:/home/travis/build/icyphy/ptII/vendors/j3d/lib/Linux/j3dcore.jar:/home/travis/build/icyphy/ptII/vendors/j3d/lib/Linux/j3dutils.jar:/home/travis/build/icyphy/ptII/vendors/j3d/lib/Linux/vecmath.jar:/home/travis/build/icyphy/ptII/vendors/jogl/lib/Linux/gluegen-rt-natives-linux-amd64.jar:/home/travis/build/icyphy/ptII/vendors/jogl/lib/Linux/gluegen-rt.jar:/home/travis/build/icyphy/ptII/vendors/jogl/lib/Linux/jogl-all-natives-linux-amd64.jar:/home/travis/build/icyphy/ptII/vendors/jogl/lib/Linux/jogl-all.jar:/home/travis/build/icyphy/ptII/ptolemy/distributed/jini/jar/jini-core.jar:/home/travis/build/icyphy/ptII/ptolemy/distributed/jini/jar/jini-ext.jar:/home/travis/build/icyphy/ptII/ptolemy/distributed/jini/jar/sun-util.jar:/home/travis/build/icyphy/ptII/lib/protobuf-java-2.4.1.jar:/home/travis/build/icyphy/ptII/lib/org.eclipse.paho.client.mqttv3.jar:/home/travis/build/icyphy/ptII/lib/mapss.jar:/home/travis/build/icyphy/ptII/ptolemy/actor/ptalon/antlr/antlr.jar:/home/travis/build/icyphy/ptII/lib/JRI.jar:/home/travis/build/icyphy/ptII/lib/commons-lang-2.6.jar:/home/travis/build/icyphy/ptII/lib/commons-logging-1.1.1.jar:/home/travis/build/icyphy/ptII/lib/sootclasses.jar:/home/travis/build/icyphy/ptII/ptolemy/actor/lib/database/mysql-connector-java-5.1.6-bin.jar:/home/travis/build/icyphy/ptII/vendors/misc/sphinx4/sphinx4-data-5prealpha.jar:/home/travis/build/icyphy/ptII/vendors/misc/sphinx4/sphinx4-core-5prealpha.jar:/home/travis/build/icyphy/ptII/lib/PDFRenderer.jar:/home/travis/build/icyphy/ptII/lib/svgSalamander.jar:/home/travis/build/icyphy/ptII/lib/rsyntaxtextarea-2.6.0-SNAPSHOT.jar:/home/travis/build/icyphy/ptII/lib/hazelcast-3.8.2.jar:/home/travis/build/icyphy/ptII/lib/jackson-annotations-2.9.0.jar:/home/travis/build/icyphy/ptII/lib/jackson-core-2.9.3.jar:/home/travis/build/icyphy/ptII/lib/jackson-databind-2.9.3.jar:/home/travis/build/icyphy/ptII/lib/netty-buffer-4.1.19.Final.jar:/home/travis/build/icyphy/ptII/lib/netty-codec-4.1.19.Final.jar:/home/travis/build/icyphy/ptII/lib/netty-codec-dns-4.1.19.Final.jar:/home/travis/build/icyphy/ptII/lib/netty-codec-http-4.1.19.Final.jar:/home/travis/build/icyphy/ptII/lib/netty-codec-http2-4.1.19.Final.jar:/home/travis/build/icyphy/ptII/lib/netty-common-4.1.19.Final.jar:/home/travis/build/icyphy/ptII/lib/netty-handler-4.1.19.Final.jar:/home/travis/build/icyphy/ptII/lib/netty-resolver-4.1.19.Final.jar:/home/travis/build/icyphy/ptII/lib/netty-resolver-dns-4.1.19.Final.jar:/home/travis/build/icyphy/ptII/lib/netty-transport-4.1.19.Final.jar:/home/travis/build/icyphy/ptII/lib/vertx-codegen-3.5.1.jar:/home/travis/build/icyphy/ptII/lib/vertx-core-3.5.2-SNAPSHOT.jar:/home/travis/build/icyphy/ptII/lib/vertx-hazelcast-3.5.1.jar:/home/travis/build/icyphy/ptII/lib/vertx-lang-js-3.5.1.jar:/home/travis/build/icyphy/ptII/lib/vertx-service-proxy-3.5.1.jar:/home/travis/build/icyphy/ptII/lib/vertx-web-3.5.1.jar:/home/travis/build/icyphy/ptII/lib/slf4j-api-1.7.13.jar:/home/travis/build/icyphy/ptII/lib/slf4j-simple-1.7.13.jar:/home/travis/build/icyphy/ptII/lib/webcam-capture-0.3.12.jar:/home/travis/build/icyphy/ptII/lib/bridj-0.7.0.jar:/home/travis/build/icyphy/ptII/lib/xbjlib-1.1.0.nrjavaserial.jar:/home/travis/build/icyphy/ptII/ptolemy/moml/test:/home/travis/build/icyphy/ptII/ant/lib/ant-launcher.jar:/home/travis/build/icyphy/ptII/ant/lib/ant.jar:/home/travis/build/icyphy/ptII/ant/lib/ant-junit.jar:/home/travis/build/icyphy/ptII/ant/lib/ant-junit4.jar" />
    <property name="ant.library.dir" value="/home/travis/build/icyphy/ptII/ant/lib" />
    <property name="os.arch" value="amd64" />
    <property name="env.CONTINUOUS_INTEGRATION" value="true" />
    <property name="env.TRAVIS_LANGUAGE" value="node_js" />
    <property name="env.TRAVIS_STACK_LANGUAGES" value="__sardonyx__ c c++ clojure cplusplus cpp default generic go groovy java node_js php pure_java python ruby scala" />
    <property name="test.name" value="ptolemy.actor.lib.test.junit.JUnitTclTest" />
    <property name="env.APT_KEY_DONT_WARN_ON_DANGEROUS_USAGE" value="1" />
    <property name="sun.java.launcher" value="SUN_STANDARD" />
    <property name="env.PYTHON_CONFIGURE_OPTS" value="--enable-unicode=ucs4 --with-wide-unicode --enable-shared --enable-ipv6 --enable-loadable-sqlite-extensions --with-computed-gotos" />
    <property name="ant.core.lib" value="/home/travis/build/icyphy/ptII/ant/lib/ant.jar" />
    <property name="java.vm.specification.vendor" value="Oracle Corporation" />
    <property name="env.BCVTB_HOME" value="/home/travis/build/icyphy/ptII/lbnl" />
    <property name="file.separator" value="/" />
    <property name="spotbugs.home" value="/home/travis/build/icyphy/ptII/vendors/spotbugs-3.1.1" />
    <property name="java.runtime.version" value="11.0.2+9" />
    <property name="env.ANSI_CLEAR" value="\033[0K" />
    <property name="javafx.verbose" value="true" />
    <property name="env.HAS_JOSH_K_SEAL_OF_APPROVAL" value="true" />
    <property name="env.XDG_RUNTIME_DIR" value="/run/user/2000" />
    <property name="env.TRAVIS_OSX_IMAGE" value="" />
    <property name="env.TRAVIS_JOB_ID" value="728760434" />
    <property name="env.TRAVIS_BRANCH" value="master" />
    <property name="user.country" value="US" />
    <property name="env.CERTI_HOME_TRAVIS" value="/home/travis/pthla/certi-tools" />
    <property name="env.SHELL" value="/bin/bash" />
    <property name="java.maxmemory.large" value="3200m" />
    <property name="model" value="" />
    <property name="env.CASHER_DIR" value="/home/travis/.casher" />
    <property name="env.NVM_CD_FLAGS" value="" />
    <property name="java.vendor.version" value="18.9" />
    <property name="jshint.executable" value="/home/travis/node_modules/jshint/bin/jshint" />
    <property name="env.JRUBY_OPTS" value=" --client -J-XX:+TieredCompilation -J-XX:TieredStopAtLevel=1 -J-Xss2m -Xcompile.invokedynamic=false" />
    <property name="java.vendor" value="Oracle Corporation" />
    <property name="env.TRAVIS_PRE_CHEF_BOOTSTRAP_TIME" value="2020-06-24T13:13:03" />
    <property name="env.TRAVIS_STACK_JOB_BOARD_REGISTER" value="/.job-board-register.yml" />
    <property name="env.ANSI_RED" value="\033[31;1m" />
    <property name="java.specification.version" value="11" />
    <property name="env.IRBRC" value="/home/travis/.rvm/rubies/ruby-2.5.3/.irbrc" />
    <property name="env.TRAVIS" value="true" />
    <property name="sun.arch.data.model" value="64" />
  </properties>
  <testcase classname="ptolemy.util.test.junit.TclTests" name="[0] /home/travis/build/icyphy/ptII/ptolemy/actor/lib/test/AbsoluteValue.tcl (RunTclFile)" time="0.561" />
  <testcase classname="ptolemy.util.test.junit.TclTests" name="[1] /home/travis/build/icyphy/ptII/ptolemy/actor/lib/test/AddSubtract.tcl (RunTclFile)" time="0.107" />
  <testcase classname="ptolemy.util.test.junit.TclTests" name="[2] /home/travis/build/icyphy/ptII/ptolemy/actor/lib/test/Average.tcl (RunTclFile)" time="0.028" />
  <testcase classname="ptolemy.util.test.junit.TclTests" name="[3] /home/travis/build/icyphy/ptII/ptolemy/actor/lib/test/Bernoulli.tcl (RunTclFile)" time="0.022" />
  <testcase classname="ptolemy.util.test.junit.TclTests" name="[4] /home/travis/build/icyphy/ptII/ptolemy/actor/lib/test/Clock.tcl (RunTclFile)" time="0.096" />
  <testcase classname="ptolemy.util.test.junit.TclTests" name="[5] /home/travis/build/icyphy/ptII/ptolemy/actor/lib/test/Commutator.tcl (RunTclFile)" time="0.132" />
  <testcase classname="ptolemy.util.test.junit.TclTests" name="[6] /home/travis/build/icyphy/ptII/ptolemy/actor/lib/test/Const.tcl (RunTclFile)" time="0.084" />
  <testcase classname="ptolemy.util.test.junit.TclTests" name="[7] /home/travis/build/icyphy/ptII/ptolemy/actor/lib/test/CurrentTime.tcl (RunTclFile)" time="0.018" />
  <testcase classname="ptolemy.util.test.junit.TclTests" name="[8] /home/travis/build/icyphy/ptII/ptolemy/actor/lib/test/DB.tcl (RunTclFile)" time="0.036" />
  <testcase classname="ptolemy.util.test.junit.TclTests" name="[9] /home/travis/build/icyphy/ptII/ptolemy/actor/lib/test/DiscreteRandomSource.tcl (RunTclFile)" time="0.052" />
  <testcase classname="ptolemy.util.test.junit.TclTests" name="[10] /home/travis/build/icyphy/ptII/ptolemy/actor/lib/test/Distributor.tcl (RunTclFile)" time="0.089" />
  <testcase classname="ptolemy.util.test.junit.TclTests" name="[11] /home/travis/build/icyphy/ptII/ptolemy/actor/lib/test/Exit.tcl (RunTclFile)" time="0.092" />
  <testcase classname="ptolemy.util.test.junit.TclTests" name="[12] /home/travis/build/icyphy/ptII/ptolemy/actor/lib/test/Expression.tcl (RunTclFile)" time="0.133" />
  <testcase classname="ptolemy.util.test.junit.TclTests" name="[13] /home/travis/build/icyphy/ptII/ptolemy/actor/lib/test/Gaussian.tcl (RunTclFile)" time="0.301" />
  <testcase classname="ptolemy.util.test.junit.TclTests" name="[14] /home/travis/build/icyphy/ptII/ptolemy/actor/lib/test/IIR.tcl (RunTclFile)" time="0.038" />
  <testcase classname="ptolemy.util.test.junit.TclTests" name="[15] /home/travis/build/icyphy/ptII/ptolemy/actor/lib/test/Interpolator.tcl (RunTclFile)" time="0.071" />
  <testcase classname="ptolemy.util.test.junit.TclTests" name="[16] /home/travis/build/icyphy/ptII/ptolemy/actor/lib/test/MathFunction.tcl (RunTclFile)" time="0.036" />
  <testcase classname="ptolemy.util.test.junit.TclTests" name="[17] /home/travis/build/icyphy/ptII/ptolemy/actor/lib/test/Maximum.tcl (RunTclFile)" time="0.023" />
  <testcase classname="ptolemy.util.test.junit.TclTests" name="[18] /home/travis/build/icyphy/ptII/ptolemy/actor/lib/test/Minimum.tcl (RunTclFile)" time="0.028" />
  <testcase classname="ptolemy.util.test.junit.TclTests" name="[19] /home/travis/build/icyphy/ptII/ptolemy/actor/lib/test/MultiplyDivide.tcl (RunTclFile)" time="0.03" />
  <testcase classname="ptolemy.util.test.junit.TclTests" name="[20] /home/travis/build/icyphy/ptII/ptolemy/actor/lib/test/OrderedMerge.tcl (RunTclFile)" time="0.097" />
  <testcase classname="ptolemy.util.test.junit.TclTests" name="[21] /home/travis/build/icyphy/ptII/ptolemy/actor/lib/test/Publisher.tcl (RunTclFile)" time="0.815" />
  <testcase classname="ptolemy.util.test.junit.TclTests" name="[22] /home/travis/build/icyphy/ptII/ptolemy/actor/lib/test/Pulse.tcl (RunTclFile)" time="0.04" />
  <testcase classname="ptolemy.util.test.junit.TclTests" name="[23] /home/travis/build/icyphy/ptII/ptolemy/actor/lib/test/Ramp.tcl (RunTclFile)" time="2.004" />
  <testcase classname="ptolemy.util.test.junit.TclTests" name="[24] /home/travis/build/icyphy/ptII/ptolemy/actor/lib/test/RampContinuous.tcl (RunTclFile)" time="0.02" />
  <testcase classname="ptolemy.util.test.junit.TclTests" name="[25] /home/travis/build/icyphy/ptII/ptolemy/actor/lib/test/RecordAssembler.tcl (RunTclFile)" time="0.017" />
  <testcase classname="ptolemy.util.test.junit.TclTests" name="[26] /home/travis/build/icyphy/ptII/ptolemy/actor/lib/test/RecordDisassembler.tcl (RunTclFile)" time="0.034" />
  <testcase classname="ptolemy.util.test.junit.TclTests" name="[27] /home/travis/build/icyphy/ptII/ptolemy/actor/lib/test/Scale.tcl (RunTclFile)" time="0.032" />
  <testcase classname="ptolemy.util.test.junit.TclTests" name="[28] /home/travis/build/icyphy/ptII/ptolemy/actor/lib/test/SequentialClock.tcl (RunTclFile)" time="0.014" />
  <testcase classname="ptolemy.util.test.junit.TclTests" name="[29] /home/travis/build/icyphy/ptII/ptolemy/actor/lib/test/SetVariable.tcl (RunTclFile)" time="0.01" />
  <testcase classname="ptolemy.util.test.junit.TclTests" name="[30] /home/travis/build/icyphy/ptII/ptolemy/actor/lib/test/Sinewave.tcl (RunTclFile)" time="0.068" />
  <testcase classname="ptolemy.util.test.junit.TclTests" name="[31] /home/travis/build/icyphy/ptII/ptolemy/actor/lib/test/SubscriptionAggregator.tcl (RunTclFile)" time="2.072" />
  <testcase classname="ptolemy.util.test.junit.TclTests" name="[32] /home/travis/build/icyphy/ptII/ptolemy/actor/lib/test/Test.tcl (RunTclFile)" time="0.13" />
  <testcase classname="ptolemy.util.test.junit.TclTests" name="[33] /home/travis/build/icyphy/ptII/ptolemy/actor/lib/test/TestExceptionHandler.tcl (RunTclFile)" time="0.011" />
  <testcase classname="ptolemy.util.test.junit.TclTests" name="[34] /home/travis/build/icyphy/ptII/ptolemy/actor/lib/test/UnionDisassembler.tcl (RunTclFile)" time="0.049" />
  <testcase classname="ptolemy.util.test.junit.TclTests" name="[35] /home/travis/build/icyphy/ptII/ptolemy/actor/lib/test/VariableClock.tcl (RunTclFile)" time="0.016" />
  <testcase classname="ptolemy.util.test.junit.AutoKnownFailedTests" name="[0] /home/travis/build/icyphy/ptII/ptolemy/actor/lib/test/auto/knownFailedTests/PublisherPortToplevelSubscriber.xml (RunModel)" time="0.027" />
  <testcase classname="ptolemy.util.test.junit.AutoKnownFailedTests" name="[1] /home/travis/build/icyphy/ptII/ptolemy/actor/lib/test/auto/knownFailedTests/PublisherSubscriberPortToplevel.xml (RunModel)" time="0.016" />
  <testcase classname="ptolemy.util.test.junit.AutoKnownFailedTests" name="[2] /home/travis/build/icyphy/ptII/ptolemy/actor/lib/test/auto/knownFailedTests/PublisherSubscriptionAggregatorPort.xml (RunModel)" time="0.017" />
  <testcase classname="ptolemy.util.test.junit.AutoKnownFailedTests" name="[3] /home/travis/build/icyphy/ptII/ptolemy/actor/lib/test/auto/knownFailedTests/sizedarray3.xml (RunModel)" time="0.023" />
  <testcase classname="ptolemy.util.test.junit.AutoNameArchTests" name="[0] ThereAreNoAutoArchTests (RunModel)" time="0.006" />
  <testcase classname="ptolemy.util.test.junit.AutoTests" name="[0] /home/travis/build/icyphy/ptII/ptolemy/actor/lib/test/auto/AbsoluteValue.xml (RunModel)" time="0.103" />
  <testcase classname="ptolemy.util.test.junit.AutoTests" name="[1] /home/travis/build/icyphy/ptII/ptolemy/actor/lib/test/auto/AbsoluteValue2.xml (RunModel)" time="0.044" />
  <testcase classname="ptolemy.util.test.junit.AutoTests" name="[2] /home/travis/build/icyphy/ptII/ptolemy/actor/lib/test/auto/Accumulator.xml (RunModel)" time="0.051" />
  <testcase classname="ptolemy.util.test.junit.AutoTests" name="[3] /home/travis/build/icyphy/ptII/ptolemy/actor/lib/test/auto/Accumulator2.xml (RunModel)" time="0.049" />
  <testcase classname="ptolemy.util.test.junit.AutoTests" name="[4] /home/travis/build/icyphy/ptII/ptolemy/actor/lib/test/auto/Accumulator3.xml (RunModel)" time="0.04" />
  <testcase classname="ptolemy.util.test.junit.AutoTests" name="[5] /home/travis/build/icyphy/ptII/ptolemy/actor/lib/test/auto/ArrayAppend.xml (RunModel)" time="0.041" />
  <testcase classname="ptolemy.util.test.junit.AutoTests" name="[6] /home/travis/build/icyphy/ptII/ptolemy/actor/lib/test/auto/ArrayAppend2.xml (RunModel)" time="0.42" />
  <testcase classname="ptolemy.util.test.junit.AutoTests" name="[7] /home/travis/build/icyphy/ptII/ptolemy/actor/lib/test/auto/ArrayAppend3.xml (RunModel)" time="0.04" />
  <testcase classname="ptolemy.util.test.junit.AutoTests" name="[8] /home/travis/build/icyphy/ptII/ptolemy/actor/lib/test/auto/ArrayAppend4.xml (RunModel)" time="0.013" />
  <testcase classname="ptolemy.util.test.junit.AutoTests" name="[9] /home/travis/build/icyphy/ptII/ptolemy/actor/lib/test/auto/ArrayAppend5.xml (RunModel)" time="0.015" />
  <testcase classname="ptolemy.util.test.junit.AutoTests" name="[10] /home/travis/build/icyphy/ptII/ptolemy/actor/lib/test/auto/ArrayAppend6.xml (RunModel)" time="0.014" />
  <testcase classname="ptolemy.util.test.junit.AutoTests" name="[11] /home/travis/build/icyphy/ptII/ptolemy/actor/lib/test/auto/ArrayAppendPerformanceTest.xml (RunModel)" time="0.057" />
  <testcase classname="ptolemy.util.test.junit.AutoTests" name="[12] /home/travis/build/icyphy/ptII/ptolemy/actor/lib/test/auto/ArrayAppendWithEmptyInput.xml (RunModel)" time="0.052" />
  <testcase classname="ptolemy.util.test.junit.AutoTests" name="[13] /home/travis/build/icyphy/ptII/ptolemy/actor/lib/test/auto/ArrayAverage.xml (RunModel)" time="0.059" />
  <testcase classname="ptolemy.util.test.junit.AutoTests" name="[14] /home/travis/build/icyphy/ptII/ptolemy/actor/lib/test/auto/ArrayContains.xml (RunModel)" time="0.019" />
  <testcase classname="ptolemy.util.test.junit.AutoTests" name="[15] /home/travis/build/icyphy/ptII/ptolemy/actor/lib/test/auto/ArrayElement.xml (RunModel)" time="0.016" />
  <testcase classname="ptolemy.util.test.junit.AutoTests" name="[16] /home/travis/build/icyphy/ptII/ptolemy/actor/lib/test/auto/ArrayElementAsMatrix.xml (RunModel)" time="0.098" />
  <testcase classname="ptolemy.util.test.junit.AutoTests" name="[17] /home/travis/build/icyphy/ptII/ptolemy/actor/lib/test/auto/ArrayElementI.xml (RunModel)" time="0.014" />
  <testcase classname="ptolemy.util.test.junit.AutoTests" name="[18] /home/travis/build/icyphy/ptII/ptolemy/actor/lib/test/auto/ArrayExtract.xml (RunModel)" time="0.026" />
  <testcase classname="ptolemy.util.test.junit.AutoTests" name="[19] /home/travis/build/icyphy/ptII/ptolemy/actor/lib/test/auto/ArrayExtract2.xml (RunModel)" time="0.015" />
  <testcase classname="ptolemy.util.test.junit.AutoTests" name="[20] /home/travis/build/icyphy/ptII/ptolemy/actor/lib/test/auto/ArrayLength.xml (RunModel)" time="0.017" />
  <testcase classname="ptolemy.util.test.junit.AutoTests" name="[21] /home/travis/build/icyphy/ptII/ptolemy/actor/lib/test/auto/ArrayLevelCrossing.xml (RunModel)" time="0.024" />
  <testcase classname="ptolemy.util.test.junit.AutoTests" name="[22] /home/travis/build/icyphy/ptII/ptolemy/actor/lib/test/auto/ArrayLevelCrossing2.xml (RunModel)" time="0.029" />
  <testcase classname="ptolemy.util.test.junit.AutoTests" name="[23] /home/travis/build/icyphy/ptII/ptolemy/actor/lib/test/auto/ArrayPeakSearch.xml (RunModel)" time="0.035" />
  <testcase classname="ptolemy.util.test.junit.AutoTests" name="[24] /home/travis/build/icyphy/ptII/ptolemy/actor/lib/test/auto/ArrayPeakSearch2.xml (RunModel)" time="0.031" />
  <testcase classname="ptolemy.util.test.junit.AutoTests" name="[25] /home/travis/build/icyphy/ptII/ptolemy/actor/lib/test/auto/ArrayPeakSearch3.xml (RunModel)" time="0.026" />
  <testcase classname="ptolemy.util.test.junit.AutoTests" name="[26] /home/travis/build/icyphy/ptII/ptolemy/actor/lib/test/auto/ArrayRemoveElement.xml (RunModel)" time="0.032" />
  <testcase classname="ptolemy.util.test.junit.AutoTests" name="[27] /home/travis/build/icyphy/ptII/ptolemy/actor/lib/test/auto/ArraySort.xml (RunModel)" time="0.025" />
  <testcase classname="ptolemy.util.test.junit.AutoTests" name="[28] /home/travis/build/icyphy/ptII/ptolemy/actor/lib/test/auto/ArraySum.xml (RunModel)" time="0.015" />
  <testcase classname="ptolemy.util.test.junit.AutoTests" name="[29] /home/travis/build/icyphy/ptII/ptolemy/actor/lib/test/auto/ArrayToElements.xml (RunModel)" time="0.016" />
  <testcase classname="ptolemy.util.test.junit.AutoTests" name="[30] /home/travis/build/icyphy/ptII/ptolemy/actor/lib/test/auto/ArrayToMatrix.xml (RunModel)" time="0.045" />
  <testcase classname="ptolemy.util.test.junit.AutoTests" name="[31] /home/travis/build/icyphy/ptII/ptolemy/actor/lib/test/auto/ArrayUpdate1.xml (RunModel)" time="0.013" />
  <testcase classname="ptolemy.util.test.junit.AutoTests" name="[32] /home/travis/build/icyphy/ptII/ptolemy/actor/lib/test/auto/ArrayUpdate2.xml (RunModel)" time="0.014" />
  <testcase classname="ptolemy.util.test.junit.AutoTests" name="[33] /home/travis/build/icyphy/ptII/ptolemy/actor/lib/test/auto/ArrayUpdate3.xml (RunModel)" time="0.016" />
  <testcase classname="ptolemy.util.test.junit.AutoTests" name="[34] /home/travis/build/icyphy/ptII/ptolemy/actor/lib/test/auto/Assert1.xml (RunModel)" time="0.018" />
  <testcase classname="ptolemy.util.test.junit.AutoTests" name="[35] /home/travis/build/icyphy/ptII/ptolemy/actor/lib/test/auto/Assert2.xml (RunModel)" time="0.01" />
  <testcase classname="ptolemy.util.test.junit.AutoTests" name="[36] /home/travis/build/icyphy/ptII/ptolemy/actor/lib/test/auto/BooleanMultiplexor.xml (RunModel)" time="0.013" />
  <testcase classname="ptolemy.util.test.junit.AutoTests" name="[37] /home/travis/build/icyphy/ptII/ptolemy/actor/lib/test/auto/BooleanMultiplexor2.xml (RunModel)" time="0.014" />
  <testcase classname="ptolemy.util.test.junit.AutoTests" name="[38] /home/travis/build/icyphy/ptII/ptolemy/actor/lib/test/auto/BooleanMultiplexor3.xml (RunModel)" time="0.048" />
  <testcase classname="ptolemy.util.test.junit.AutoTests" name="[39] /home/travis/build/icyphy/ptII/ptolemy/actor/lib/test/auto/BooleanSelect.xml (RunModel)" time="0.023" />
  <testcase classname="ptolemy.util.test.junit.AutoTests" name="[40] /home/travis/build/icyphy/ptII/ptolemy/actor/lib/test/auto/BooleanSelect2.xml (RunModel)" time="0.013" />
  <testcase classname="ptolemy.util.test.junit.AutoTests" name="[41] /home/travis/build/icyphy/ptII/ptolemy/actor/lib/test/auto/BooleanSwitch.xml (RunModel)" time="0.026" />
  <testcase classname="ptolemy.util.test.junit.AutoTests" name="[42] /home/travis/build/icyphy/ptII/ptolemy/actor/lib/test/auto/BooleanSwitch2.xml (RunModel)" time="0.016" />
  <testcase classname="ptolemy.util.test.junit.AutoTests" name="[43] /home/travis/build/icyphy/ptII/ptolemy/actor/lib/test/auto/BooleanSwitchCloningBugWithClassRelationGroup.xml (RunModel)" time="0.03" />
  <testcase classname="ptolemy.util.test.junit.AutoTests" name="[44] /home/travis/build/icyphy/ptII/ptolemy/actor/lib/test/auto/BusActors.xml (RunModel)" time="0.037" />
  <testcase classname="ptolemy.util.test.junit.AutoTests" name="[45] /home/travis/build/icyphy/ptII/ptolemy/actor/lib/test/auto/ClassWrapper.xml (RunModel)" time="0.01" />
  <testcase classname="ptolemy.util.test.junit.AutoTests" name="[46] /home/travis/build/icyphy/ptII/ptolemy/actor/lib/test/auto/Clock.xml (RunModel)" time="0.007" />
  <testcase classname="ptolemy.util.test.junit.AutoTests" name="[47] /home/travis/build/icyphy/ptII/ptolemy/actor/lib/test/auto/Clock10.xml (RunModel)" time="0.013" />
  <testcase classname="ptolemy.util.test.junit.AutoTests" name="[48] /home/travis/build/icyphy/ptII/ptolemy/actor/lib/test/auto/Clock11.xml (RunModel)" time="0.018" />
  <testcase classname="ptolemy.util.test.junit.AutoTests" name="[49] /home/travis/build/icyphy/ptII/ptolemy/actor/lib/test/auto/Clock12.xml (RunModel)" time="0.015" />
  <testcase classname="ptolemy.util.test.junit.AutoTests" name="[50] /home/travis/build/icyphy/ptII/ptolemy/actor/lib/test/auto/Clock13.xml (RunModel)" time="0.013" />
  <testcase classname="ptolemy.util.test.junit.AutoTests" name="[51] /home/travis/build/icyphy/ptII/ptolemy/actor/lib/test/auto/Clock14.xml (RunModel)" time="0.014" />
  <testcase classname="ptolemy.util.test.junit.AutoTests" name="[52] /home/travis/build/icyphy/ptII/ptolemy/actor/lib/test/auto/Clock15.xml (RunModel)" time="0.01" />
  <testcase classname="ptolemy.util.test.junit.AutoTests" name="[53] /home/travis/build/icyphy/ptII/ptolemy/actor/lib/test/auto/Clock16.xml (RunModel)" time="0.081" />
  <testcase classname="ptolemy.util.test.junit.AutoTests" name="[54] /home/travis/build/icyphy/ptII/ptolemy/actor/lib/test/auto/Clock17.xml (RunModel)" time="0.059" />
  <testcase classname="ptolemy.util.test.junit.AutoTests" name="[55] /home/travis/build/icyphy/ptII/ptolemy/actor/lib/test/auto/Clock18.xml (RunModel)" time="0.046" />
  <testcase classname="ptolemy.util.test.junit.AutoTests" name="[56] /home/travis/build/icyphy/ptII/ptolemy/actor/lib/test/auto/Clock19.xml (RunModel)" time="0.032" />
  <testcase classname="ptolemy.util.test.junit.AutoTests" name="[57] /home/travis/build/icyphy/ptII/ptolemy/actor/lib/test/auto/Clock2.xml (RunModel)" time="0.012" />
  <testcase classname="ptolemy.util.test.junit.AutoTests" name="[58] /home/travis/build/icyphy/ptII/ptolemy/actor/lib/test/auto/Clock20.xml (RunModel)" time="0.018" />
  <testcase classname="ptolemy.util.test.junit.AutoTests" name="[59] /home/travis/build/icyphy/ptII/ptolemy/actor/lib/test/auto/Clock21.xml (RunModel)" time="0.059" />
  <testcase classname="ptolemy.util.test.junit.AutoTests" name="[60] /home/travis/build/icyphy/ptII/ptolemy/actor/lib/test/auto/Clock22.xml (RunModel)" time="0.012" />
  <testcase classname="ptolemy.util.test.junit.AutoTests" name="[61] /home/travis/build/icyphy/ptII/ptolemy/actor/lib/test/auto/Clock23.xml (RunModel)" time="0.016" />
  <testcase classname="ptolemy.util.test.junit.AutoTests" name="[62] /home/travis/build/icyphy/ptII/ptolemy/actor/lib/test/auto/Clock24.xml (RunModel)" time="0.016" />
  <testcase classname="ptolemy.util.test.junit.AutoTests" name="[63] /home/travis/build/icyphy/ptII/ptolemy/actor/lib/test/auto/Clock4.xml (RunModel)" time="0.012" />
  <testcase classname="ptolemy.util.test.junit.AutoTests" name="[64] /home/travis/build/icyphy/ptII/ptolemy/actor/lib/test/auto/Clock5.xml (RunModel)" time="0.013" />
  <testcase classname="ptolemy.util.test.junit.AutoTests" name="[65] /home/travis/build/icyphy/ptII/ptolemy/actor/lib/test/auto/Clock6.xml (RunModel)" time="0.01" />
  <testcase classname="ptolemy.util.test.junit.AutoTests" name="[66] /home/travis/build/icyphy/ptII/ptolemy/actor/lib/test/auto/Clock7.xml (RunModel)" time="0.017" />
  <testcase classname="ptolemy.util.test.junit.AutoTests" name="[67] /home/travis/build/icyphy/ptII/ptolemy/actor/lib/test/auto/Clock8.xml (RunModel)" time="0.014" />
  <testcase classname="ptolemy.util.test.junit.AutoTests" name="[68] /home/travis/build/icyphy/ptII/ptolemy/actor/lib/test/auto/Clock9.xml (RunModel)" time="0.016" />
  <testcase classname="ptolemy.util.test.junit.AutoTests" name="[69] /home/travis/build/icyphy/ptII/ptolemy/actor/lib/test/auto/CommDistDiscard.xml (RunModel)" time="0.022" />
  <testcase classname="ptolemy.util.test.junit.AutoTests" name="[70] /home/travis/build/icyphy/ptII/ptolemy/actor/lib/test/auto/Commutator.xml (RunModel)" time="0.013" />
  <testcase classname="ptolemy.util.test.junit.AutoTests" name="[71] /home/travis/build/icyphy/ptII/ptolemy/actor/lib/test/auto/Commutator2.xml (RunModel)" time="0.012" />
  <testcase classname="ptolemy.util.test.junit.AutoTests" name="[72] /home/travis/build/icyphy/ptII/ptolemy/actor/lib/test/auto/Commutator3.xml (RunModel)" time="0.013" />
  <testcase classname="ptolemy.util.test.junit.AutoTests" name="[73] /home/travis/build/icyphy/ptII/ptolemy/actor/lib/test/auto/Compare.xml (RunModel)" time="0.019" />
  <testcase classname="ptolemy.util.test.junit.AutoTests" name="[74] /home/travis/build/icyphy/ptII/ptolemy/actor/lib/test/auto/CompareDE.xml (RunModel)" time="0.018" />
  <testcase classname="ptolemy.util.test.junit.AutoTests" name="[75] /home/travis/build/icyphy/ptII/ptolemy/actor/lib/test/auto/ComplexDivide.xml (RunModel)" time="0.008" />
  <testcase classname="ptolemy.util.test.junit.AutoTests" name="[76] /home/travis/build/icyphy/ptII/ptolemy/actor/lib/test/auto/ComputeHistogram.xml (RunModel)" time="0.074" />
  <testcase classname="ptolemy.util.test.junit.AutoTests" name="[77] /home/travis/build/icyphy/ptII/ptolemy/actor/lib/test/auto/ConfigurationSelect.xml (RunModel)" time="0.019" />
  <testcase classname="ptolemy.util.test.junit.AutoTests" name="[78] /home/travis/build/icyphy/ptII/ptolemy/actor/lib/test/auto/ConfigurationSelect2.xml (RunModel)" time="0.015" />
  <testcase classname="ptolemy.util.test.junit.AutoTests" name="[79] /home/travis/build/icyphy/ptII/ptolemy/actor/lib/test/auto/ConfigurationSwitch.xml (RunModel)" time="0.029" />
  <testcase classname="ptolemy.util.test.junit.AutoTests" name="[80] /home/travis/build/icyphy/ptII/ptolemy/actor/lib/test/auto/ConfigurationSwitch2.xml (RunModel)" time="0.018" />
  <testcase classname="ptolemy.util.test.junit.AutoTests" name="[81] /home/travis/build/icyphy/ptII/ptolemy/actor/lib/test/auto/ConfigurationSwitchCloningBugWithClassRelationGroup.xml (RunModel)" time="0.02" />
  <testcase classname="ptolemy.util.test.junit.AutoTests" name="[82] /home/travis/build/icyphy/ptII/ptolemy/actor/lib/test/auto/ConfigurationSwitchSelectSDF.xml (RunModel)" time="0.017" />
  <testcase classname="ptolemy.util.test.junit.AutoTests" name="[83] /home/travis/build/icyphy/ptII/ptolemy/actor/lib/test/auto/ConfigurationSwitchSelectSDF2.xml (RunModel)" time="0.017" />
  <testcase classname="ptolemy.util.test.junit.AutoTests" name="[84] /home/travis/build/icyphy/ptII/ptolemy/actor/lib/test/auto/Const.xml (RunModel)" time="0.009" />
  <testcase classname="ptolemy.util.test.junit.AutoTests" name="[85] /home/travis/build/icyphy/ptII/ptolemy/actor/lib/test/auto/Const2.xml (RunModel)" time="0.01" />
  <testcase classname="ptolemy.util.test.junit.AutoTests" name="[86] /home/travis/build/icyphy/ptII/ptolemy/actor/lib/test/auto/Const3.xml (RunModel)" time="0.006" />
  <testcase classname="ptolemy.util.test.junit.AutoTests" name="[87] /home/travis/build/icyphy/ptII/ptolemy/actor/lib/test/auto/ConstantPublisherPort1.xml (RunModel)" time="0.023" />
  <testcase classname="ptolemy.util.test.junit.AutoTests" name="[88] /home/travis/build/icyphy/ptII/ptolemy/actor/lib/test/auto/ConstantPublisherPort2.xml (RunModel)" time="0.023" />
  <testcase classname="ptolemy.util.test.junit.AutoTests" name="[89] /home/travis/build/icyphy/ptII/ptolemy/actor/lib/test/auto/ConstantPublisherPort3.xml (RunModel)" time="0.021" />
  <testcase classname="ptolemy.util.test.junit.AutoTests" name="[90] /home/travis/build/icyphy/ptII/ptolemy/actor/lib/test/auto/ConstantPublisherPort4.xml (RunModel)" time="0.021" />
  <testcase classname="ptolemy.util.test.junit.AutoTests" name="[91] /home/travis/build/icyphy/ptII/ptolemy/actor/lib/test/auto/ConstantPublisherPort5.xml (RunModel)" time="0.039" />
  <testcase classname="ptolemy.util.test.junit.AutoTests" name="[92] /home/travis/build/icyphy/ptII/ptolemy/actor/lib/test/auto/ConstantPublisherPort6.xml (RunModel)" time="0.033" />
  <testcase classname="ptolemy.util.test.junit.AutoTests" name="[93] /home/travis/build/icyphy/ptII/ptolemy/actor/lib/test/auto/ConstantPublisherPort7.xml (RunModel)" time="0.044" />
  <testcase classname="ptolemy.util.test.junit.AutoTests" name="[94] /home/travis/build/icyphy/ptII/ptolemy/actor/lib/test/auto/ConstraintMonitor1.xml (RunModel)" time="0.03" />
  <testcase classname="ptolemy.util.test.junit.AutoTests" name="[95] /home/travis/build/icyphy/ptII/ptolemy/actor/lib/test/auto/ConstraintMonitor2.xml (RunModel)" time="0.013" />
  <testcase classname="ptolemy.util.test.junit.AutoTests" name="[96] /home/travis/build/icyphy/ptII/ptolemy/actor/lib/test/auto/ConstraintMonitor3.xml (RunModel)" time="0.014" />
  <testcase classname="ptolemy.util.test.junit.AutoTests" name="[97] /home/travis/build/icyphy/ptII/ptolemy/actor/lib/test/auto/ConstraintMonitor4.xml (RunModel)" time="0.012" />
  <testcase classname="ptolemy.util.test.junit.AutoTests" name="[98] /home/travis/build/icyphy/ptII/ptolemy/actor/lib/test/auto/ConstraintMonitor5.xml (RunModel)" time="0.015" />
  <testcase classname="ptolemy.util.test.junit.AutoTests" name="[99] /home/travis/build/icyphy/ptII/ptolemy/actor/lib/test/auto/ConstraintMonitor6.xml (RunModel)" time="0.018" />
  <testcase classname="ptolemy.util.test.junit.AutoTests" name="[100] /home/travis/build/icyphy/ptII/ptolemy/actor/lib/test/auto/ConstraintMonitor7.xml (RunModel)" time="0.023" />
  <testcase classname="ptolemy.util.test.junit.AutoTests" name="[101] /home/travis/build/icyphy/ptII/ptolemy/actor/lib/test/auto/ConstraintMonitor8.xml (RunModel)" time="0.018" />
  <testcase classname="ptolemy.util.test.junit.AutoTests" name="[102] /home/travis/build/icyphy/ptII/ptolemy/actor/lib/test/auto/Counter.xml (RunModel)" time="0.015" />
  <testcase classname="ptolemy.util.test.junit.AutoTests" name="[103] /home/travis/build/icyphy/ptII/ptolemy/actor/lib/test/auto/CurrentTimeSDF.xml (RunModel)" time="0.01" />
  <testcase classname="ptolemy.util.test.junit.AutoTests" name="[104] /home/travis/build/icyphy/ptII/ptolemy/actor/lib/test/auto/DB.xml (RunModel)" time="0.013" />
  <testcase classname="ptolemy.util.test.junit.AutoTests" name="[105] /home/travis/build/icyphy/ptII/ptolemy/actor/lib/test/auto/DBDE.xml (RunModel)" time="0.012" />
  <testcase classname="ptolemy.util.test.junit.AutoTests" name="[106] /home/travis/build/icyphy/ptII/ptolemy/actor/lib/test/auto/DateConstructor.xml (RunModel)" time="0.068" />
  <testcase classname="ptolemy.util.test.junit.AutoTests" name="[107] /home/travis/build/icyphy/ptII/ptolemy/actor/lib/test/auto/DelayTime.xml (RunModel)" time="0.017" />
  <testcase classname="ptolemy.util.test.junit.AutoTests" name="[108] /home/travis/build/icyphy/ptII/ptolemy/actor/lib/test/auto/Dictionary1.xml (RunModel)" time="0.025" />
  <testcase classname="ptolemy.util.test.junit.AutoTests" name="[109] /home/travis/build/icyphy/ptII/ptolemy/actor/lib/test/auto/Dictionary2.xml (RunModel)" time="0.02" />
  <testcase classname="ptolemy.util.test.junit.AutoTests" name="[110] /home/travis/build/icyphy/ptII/ptolemy/actor/lib/test/auto/Dictionary3.xml (RunModel)" time="0.015" />
  <testcase classname="ptolemy.util.test.junit.AutoTests" name="[111] /home/travis/build/icyphy/ptII/ptolemy/actor/lib/test/auto/Dictionary4.xml (RunModel)" time="0.018" />
  <testcase classname="ptolemy.util.test.junit.AutoTests" name="[112] /home/travis/build/icyphy/ptII/ptolemy/actor/lib/test/auto/Differential.xml (RunModel)" time="0.01" />
  <testcase classname="ptolemy.util.test.junit.AutoTests" name="[113] /home/travis/build/icyphy/ptII/ptolemy/actor/lib/test/auto/Director.xml (RunModel)" time="0.008" />
  <testcase classname="ptolemy.util.test.junit.AutoTests" name="[114] /home/travis/build/icyphy/ptII/ptolemy/actor/lib/test/auto/DiscreteClock.xml (RunModel)" time="0.007" />
  <testcase classname="ptolemy.util.test.junit.AutoTests" name="[115] /home/travis/build/icyphy/ptII/ptolemy/actor/lib/test/auto/DiscreteClock10.xml (RunModel)" time="0.013" />
  <testcase classname="ptolemy.util.test.junit.AutoTests" name="[116] /home/travis/build/icyphy/ptII/ptolemy/actor/lib/test/auto/DiscreteClock11.xml (RunModel)" time="0.011" />
  <testcase classname="ptolemy.util.test.junit.AutoTests" name="[117] /home/travis/build/icyphy/ptII/ptolemy/actor/lib/test/auto/DiscreteClock12.xml (RunModel)" time="0.013" />
  <testcase classname="ptolemy.util.test.junit.AutoTests" name="[118] /home/travis/build/icyphy/ptII/ptolemy/actor/lib/test/auto/DiscreteClock13.xml (RunModel)" time="0.013" />
  <testcase classname="ptolemy.util.test.junit.AutoTests" name="[119] /home/travis/build/icyphy/ptII/ptolemy/actor/lib/test/auto/DiscreteClock14.xml (RunModel)" time="0.014" />
  <testcase classname="ptolemy.util.test.junit.AutoTests" name="[120] /home/travis/build/icyphy/ptII/ptolemy/actor/lib/test/auto/DiscreteClock15.xml (RunModel)" time="0.013" />
  <testcase classname="ptolemy.util.test.junit.AutoTests" name="[121] /home/travis/build/icyphy/ptII/ptolemy/actor/lib/test/auto/DiscreteClock16.xml (RunModel)" time="0.04" />
  <testcase classname="ptolemy.util.test.junit.AutoTests" name="[122] /home/travis/build/icyphy/ptII/ptolemy/actor/lib/test/auto/DiscreteClock17.xml (RunModel)" time="0.037" />
  <testcase classname="ptolemy.util.test.junit.AutoTests" name="[123] /home/travis/build/icyphy/ptII/ptolemy/actor/lib/test/auto/DiscreteClock18.xml (RunModel)" time="0.032" />
  <testcase classname="ptolemy.util.test.junit.AutoTests" name="[124] /home/travis/build/icyphy/ptII/ptolemy/actor/lib/test/auto/DiscreteClock19.xml (RunModel)" time="0.035" />
  <testcase classname="ptolemy.util.test.junit.AutoTests" name="[125] /home/travis/build/icyphy/ptII/ptolemy/actor/lib/test/auto/DiscreteClock2.xml (RunModel)" time="0.013" />
  <testcase classname="ptolemy.util.test.junit.AutoTests" name="[126] /home/travis/build/icyphy/ptII/ptolemy/actor/lib/test/auto/DiscreteClock20.xml (RunModel)" time="0.017" />
  <testcase classname="ptolemy.util.test.junit.AutoTests" name="[127] /home/travis/build/icyphy/ptII/ptolemy/actor/lib/test/auto/DiscreteClock21.xml (RunModel)" time="0.016" />
  <testcase classname="ptolemy.util.test.junit.AutoTests" name="[128] /home/travis/build/icyphy/ptII/ptolemy/actor/lib/test/auto/DiscreteClock22.xml (RunModel)" time="0.019" />
  <testcase classname="ptolemy.util.test.junit.AutoTests" name="[129] /home/travis/build/icyphy/ptII/ptolemy/actor/lib/test/auto/DiscreteClock23.xml (RunModel)" time="0.019" />
  <testcase classname="ptolemy.util.test.junit.AutoTests" name="[130] /home/travis/build/icyphy/ptII/ptolemy/actor/lib/test/auto/DiscreteClock24.xml (RunModel)" time="0.013" />
  <testcase classname="ptolemy.util.test.junit.AutoTests" name="[131] /home/travis/build/icyphy/ptII/ptolemy/actor/lib/test/auto/DiscreteClock4.xml (RunModel)" time="0.011" />
  <testcase classname="ptolemy.util.test.junit.AutoTests" name="[132] /home/travis/build/icyphy/ptII/ptolemy/actor/lib/test/auto/DiscreteClock5.xml (RunModel)" time="0.009" />
  <testcase classname="ptolemy.util.test.junit.AutoTests" name="[133] /home/travis/build/icyphy/ptII/ptolemy/actor/lib/test/auto/DiscreteClock6.xml (RunModel)" time="0.009" />
  <testcase classname="ptolemy.util.test.junit.AutoTests" name="[134] /home/travis/build/icyphy/ptII/ptolemy/actor/lib/test/auto/DiscreteClock7.xml (RunModel)" time="0.009" />
  <testcase classname="ptolemy.util.test.junit.AutoTests" name="[135] /home/travis/build/icyphy/ptII/ptolemy/actor/lib/test/auto/DiscreteClock8.xml (RunModel)" time="0.024" />
  <testcase classname="ptolemy.util.test.junit.AutoTests" name="[136] /home/travis/build/icyphy/ptII/ptolemy/actor/lib/test/auto/DiscreteClock9.xml (RunModel)" time="0.012" />
  <testcase classname="ptolemy.util.test.junit.AutoTests" name="[137] /home/travis/build/icyphy/ptII/ptolemy/actor/lib/test/auto/DisplayArray.xml (RunModel)" time="0.008" />
  <testcase classname="ptolemy.util.test.junit.AutoTests" name="[138] /home/travis/build/icyphy/ptII/ptolemy/actor/lib/test/auto/Distributor.xml (RunModel)" time="0.008" />
  <testcase classname="ptolemy.util.test.junit.AutoTests" name="[139] /home/travis/build/icyphy/ptII/ptolemy/actor/lib/test/auto/Distributor2.xml (RunModel)" time="0.008" />
  <testcase classname="ptolemy.util.test.junit.AutoTests" name="[140] /home/travis/build/icyphy/ptII/ptolemy/actor/lib/test/auto/DownSample.xml (RunModel)" time="0.008" />
  <testcase classname="ptolemy.util.test.junit.AutoTests" name="[141] /home/travis/build/icyphy/ptII/ptolemy/actor/lib/test/auto/ElectronicUnitBase1.xml (RunModel)" time="0.059" />
  <testcase classname="ptolemy.util.test.junit.AutoTests" name="[142] /home/travis/build/icyphy/ptII/ptolemy/actor/lib/test/auto/ElementsToArray.xml (RunModel)" time="0.009" />
  <testcase classname="ptolemy.util.test.junit.AutoTests" name="[143] /home/travis/build/icyphy/ptII/ptolemy/actor/lib/test/auto/Equals.xml (RunModel)" time="0.012" />
  <testcase classname="ptolemy.util.test.junit.AutoTests" name="[144] /home/travis/build/icyphy/ptII/ptolemy/actor/lib/test/auto/Exec.xml (RunModel)" time="0.021" />
  <testcase classname="ptolemy.util.test.junit.AutoTests" name="[145] /home/travis/build/icyphy/ptII/ptolemy/actor/lib/test/auto/ExecEnvironment.xml (RunModel)" time="0.04" />
  <testcase classname="ptolemy.util.test.junit.AutoTests" name="[146] /home/travis/build/icyphy/ptII/ptolemy/actor/lib/test/auto/ExecNonZeroReturnOutput.xml (RunModel)" time="0.168" />
  <testcase classname="ptolemy.util.test.junit.AutoTests" name="[147] /home/travis/build/icyphy/ptII/ptolemy/actor/lib/test/auto/ExecRunDemos.xml (RunModel)" time="10.213" />
  <testcase classname="ptolemy.util.test.junit.AutoTests" name="[148] /home/travis/build/icyphy/ptII/ptolemy/actor/lib/test/auto/ExecStop.xml (RunModel)" time="5.039" />
  <testcase classname="ptolemy.util.test.junit.AutoTests" name="[149] /home/travis/build/icyphy/ptII/ptolemy/actor/lib/test/auto/ExecutionTimeSDF.xml (RunModel)" time="6.029" />
  <testcase classname="ptolemy.util.test.junit.AutoTests" name="[150] /home/travis/build/icyphy/ptII/ptolemy/actor/lib/test/auto/Expression1.xml (RunModel)" time="0.013" />
  <testcase classname="ptolemy.util.test.junit.AutoTests" name="[151] /home/travis/build/icyphy/ptII/ptolemy/actor/lib/test/auto/Expression10.xml (RunModel)" time="0.02" />
  <testcase classname="ptolemy.util.test.junit.AutoTests" name="[152] /home/travis/build/icyphy/ptII/ptolemy/actor/lib/test/auto/Expression11.xml (RunModel)" time="0.01" />
  <testcase classname="ptolemy.util.test.junit.AutoTests" name="[153] /home/travis/build/icyphy/ptII/ptolemy/actor/lib/test/auto/Expression12.xml (RunModel)" time="0.012" />
  <testcase classname="ptolemy.util.test.junit.AutoTests" name="[154] /home/travis/build/icyphy/ptII/ptolemy/actor/lib/test/auto/Expression13.xml (RunModel)" time="0.011" />
  <testcase classname="ptolemy.util.test.junit.AutoTests" name="[155] /home/travis/build/icyphy/ptII/ptolemy/actor/lib/test/auto/Expression14.xml (RunModel)" time="0.018" />
  <testcase classname="ptolemy.util.test.junit.AutoTests" name="[156] /home/travis/build/icyphy/ptII/ptolemy/actor/lib/test/auto/Expression15.xml (RunModel)" time="0.009" />
  <testcase classname="ptolemy.util.test.junit.AutoTests" name="[157] /home/travis/build/icyphy/ptII/ptolemy/actor/lib/test/auto/Expression16.xml (RunModel)" time="0.014" />
  <testcase classname="ptolemy.util.test.junit.AutoTests" name="[158] /home/travis/build/icyphy/ptII/ptolemy/actor/lib/test/auto/Expression17.xml (RunModel)" time="0.011" />
  <testcase classname="ptolemy.util.test.junit.AutoTests" name="[159] /home/travis/build/icyphy/ptII/ptolemy/actor/lib/test/auto/Expression18.xml (RunModel)" time="0.015" />
  <testcase classname="ptolemy.util.test.junit.AutoTests" name="[160] /home/travis/build/icyphy/ptII/ptolemy/actor/lib/test/auto/Expression2.xml (RunModel)" time="0.01" />
  <testcase classname="ptolemy.util.test.junit.AutoTests" name="[161] /home/travis/build/icyphy/ptII/ptolemy/actor/lib/test/auto/Expression3.xml (RunModel)" time="0.013" />
  <testcase classname="ptolemy.util.test.junit.AutoTests" name="[162] /home/travis/build/icyphy/ptII/ptolemy/actor/lib/test/auto/Expression4.xml (RunModel)" time="0.015" />
  <testcase classname="ptolemy.util.test.junit.AutoTests" name="[163] /home/travis/build/icyphy/ptII/ptolemy/actor/lib/test/auto/Expression5.xml (RunModel)" time="0.012" />
  <testcase classname="ptolemy.util.test.junit.AutoTests" name="[164] /home/travis/build/icyphy/ptII/ptolemy/actor/lib/test/auto/Expression6.xml (RunModel)" time="0.008" />
  <testcase classname="ptolemy.util.test.junit.AutoTests" name="[165] /home/travis/build/icyphy/ptII/ptolemy/actor/lib/test/auto/Expression7.xml (RunModel)" time="0.01" />
  <testcase classname="ptolemy.util.test.junit.AutoTests" name="[166] /home/travis/build/icyphy/ptII/ptolemy/actor/lib/test/auto/Expression8.xml (RunModel)" time="0.014" />
  <testcase classname="ptolemy.util.test.junit.AutoTests" name="[167] /home/travis/build/icyphy/ptII/ptolemy/actor/lib/test/auto/Expression9.xml (RunModel)" time="0.007" />
  <testcase classname="ptolemy.util.test.junit.AutoTests" name="[168] /home/travis/build/icyphy/ptII/ptolemy/actor/lib/test/auto/ExpressionConcatenateArrayType.xml (RunModel)" time="0.024" />
  <testcase classname="ptolemy.util.test.junit.AutoTests" name="[169] /home/travis/build/icyphy/ptII/ptolemy/actor/lib/test/auto/ExpressionConcatenateArrayType2.xml (RunModel)" time="0.021" />
  <testcase classname="ptolemy.util.test.junit.AutoTests" name="[170] /home/travis/build/icyphy/ptII/ptolemy/actor/lib/test/auto/ExpressionFix.xml (RunModel)" time="0.044" />
  <testcase classname="ptolemy.util.test.junit.AutoTests" name="[171] /home/travis/build/icyphy/ptII/ptolemy/actor/lib/test/auto/ExpressionFix2.xml (RunModel)" time="0.013" />
  <testcase classname="ptolemy.util.test.junit.AutoTests" name="[172] /home/travis/build/icyphy/ptII/ptolemy/actor/lib/test/auto/ExpressionFix3.xml (RunModel)" time="0.011" />
  <testcase classname="ptolemy.util.test.junit.AutoTests" name="[173] /home/travis/build/icyphy/ptII/ptolemy/actor/lib/test/auto/FileWriter1.xml (RunModel)" time="0.009" />
  <testcase classname="ptolemy.util.test.junit.AutoTests" name="[174] /home/travis/build/icyphy/ptII/ptolemy/actor/lib/test/auto/FileWriter2.xml (RunModel)" time="0.011" />
  <testcase classname="ptolemy.util.test.junit.AutoTests" name="[175] /home/travis/build/icyphy/ptII/ptolemy/actor/lib/test/auto/FileWriter3.xml (RunModel)" time="0.011" />
  <testcase classname="ptolemy.util.test.junit.AutoTests" name="[176] /home/travis/build/icyphy/ptII/ptolemy/actor/lib/test/auto/Gaussian.xml (RunModel)" time="0.01" />
  <testcase classname="ptolemy.util.test.junit.AutoTests" name="[177] /home/travis/build/icyphy/ptII/ptolemy/actor/lib/test/auto/Gaussian1.xml (RunModel)" time="0.011" />
  <testcase classname="ptolemy.util.test.junit.AutoTests" name="[178] /home/travis/build/icyphy/ptII/ptolemy/actor/lib/test/auto/Gaussian2.xml (RunModel)" time="0.022" />
  <testcase classname="ptolemy.util.test.junit.AutoTests" name="[179] /home/travis/build/icyphy/ptII/ptolemy/actor/lib/test/auto/GradientAdaptiveLattice.xml (RunModel)" time="0.018" />
  <testcase classname="ptolemy.util.test.junit.AutoTests" name="[180] /home/travis/build/icyphy/ptII/ptolemy/actor/lib/test/auto/IIR.xml (RunModel)" time="0.008" />
  <testcase classname="ptolemy.util.test.junit.AutoTests" name="[181] /home/travis/build/icyphy/ptII/ptolemy/actor/lib/test/auto/InputOutputTransparentPorts.xml (RunModel)" time="0.018" />
  <testcase classname="ptolemy.util.test.junit.AutoTests" name="[182] /home/travis/build/icyphy/ptII/ptolemy/actor/lib/test/auto/Interpolator.xml (RunModel)" time="0.01" />
  <testcase classname="ptolemy.util.test.junit.AutoTests" name="[183] /home/travis/build/icyphy/ptII/ptolemy/actor/lib/test/auto/InterpolatorFiringLimitDE.xml (RunModel)" time="0.012" />
  <testcase classname="ptolemy.util.test.junit.AutoTests" name="[184] /home/travis/build/icyphy/ptII/ptolemy/actor/lib/test/auto/Lattice.xml (RunModel)" time="0.007" />
  <testcase classname="ptolemy.util.test.junit.AutoTests" name="[185] /home/travis/build/icyphy/ptII/ptolemy/actor/lib/test/auto/LazyAOCTestLazy.xml (RunModel)" time="0.03" />
  <testcase classname="ptolemy.util.test.junit.AutoTests" name="[186] /home/travis/build/icyphy/ptII/ptolemy/actor/lib/test/auto/LazyAOCTestNonLazy.xml (RunModel)" time="0.048" />
  <testcase classname="ptolemy.util.test.junit.AutoTests" name="[187] /home/travis/build/icyphy/ptII/ptolemy/actor/lib/test/auto/LazyInnerClass.xml (RunModel)" time="0.042" />
  <testcase classname="ptolemy.util.test.junit.AutoTests" name="[188] /home/travis/build/icyphy/ptII/ptolemy/actor/lib/test/auto/LazyPubSub.xml (RunModel)" time="0.061" />
  <testcase classname="ptolemy.util.test.junit.AutoTests" name="[189] /home/travis/build/icyphy/ptII/ptolemy/actor/lib/test/auto/LazyPubSub2.xml (RunModel)" time="0.033" />
  <testcase classname="ptolemy.util.test.junit.AutoTests" name="[190] /home/travis/build/icyphy/ptII/ptolemy/actor/lib/test/auto/LazyPubSub3.xml (RunModel)" time="0.051" />
  <testcase classname="ptolemy.util.test.junit.AutoTests" name="[191] /home/travis/build/icyphy/ptII/ptolemy/actor/lib/test/auto/LazySubClassModel.xml (RunModel)" time="0.019" />
  <testcase classname="ptolemy.util.test.junit.AutoTests" name="[192] /home/travis/build/icyphy/ptII/ptolemy/actor/lib/test/auto/LevelCrossTest1.xml (RunModel)" time="0.009" />
  <testcase classname="ptolemy.util.test.junit.AutoTests" name="[193] /home/travis/build/icyphy/ptII/ptolemy/actor/lib/test/auto/LevelCrossTest10.xml (RunModel)" time="0.014" />
  <testcase classname="ptolemy.util.test.junit.AutoTests" name="[194] /home/travis/build/icyphy/ptII/ptolemy/actor/lib/test/auto/LevelCrossTest11.xml (RunModel)" time="0.015" />
  <testcase classname="ptolemy.util.test.junit.AutoTests" name="[195] /home/travis/build/icyphy/ptII/ptolemy/actor/lib/test/auto/LevelCrossTest12.xml (RunModel)" time="0.015" />
  <testcase classname="ptolemy.util.test.junit.AutoTests" name="[196] /home/travis/build/icyphy/ptII/ptolemy/actor/lib/test/auto/LevelCrossTest13.xml (RunModel)" time="0.011" />
  <testcase classname="ptolemy.util.test.junit.AutoTests" name="[197] /home/travis/build/icyphy/ptII/ptolemy/actor/lib/test/auto/LevelCrossTest2.xml (RunModel)" time="0.01" />
  <testcase classname="ptolemy.util.test.junit.AutoTests" name="[198] /home/travis/build/icyphy/ptII/ptolemy/actor/lib/test/auto/LevelCrossTest3.xml (RunModel)" time="0.01" />
  <testcase classname="ptolemy.util.test.junit.AutoTests" name="[199] /home/travis/build/icyphy/ptII/ptolemy/actor/lib/test/auto/LevelCrossTest4.xml (RunModel)" time="0.009" />
  <testcase classname="ptolemy.util.test.junit.AutoTests" name="[200] /home/travis/build/icyphy/ptII/ptolemy/actor/lib/test/auto/LevelCrossTest5.xml (RunModel)" time="0.014" />
  <testcase classname="ptolemy.util.test.junit.AutoTests" name="[201] /home/travis/build/icyphy/ptII/ptolemy/actor/lib/test/auto/LevelCrossTest6.xml (RunModel)" time="0.011" />
  <testcase classname="ptolemy.util.test.junit.AutoTests" name="[202] /home/travis/build/icyphy/ptII/ptolemy/actor/lib/test/auto/LevelCrossTest7.xml (RunModel)" time="0.018" />
  <testcase classname="ptolemy.util.test.junit.AutoTests" name="[203] /home/travis/build/icyphy/ptII/ptolemy/actor/lib/test/auto/LevelCrossTest8.xml (RunModel)" time="0.012" />
  <testcase classname="ptolemy.util.test.junit.AutoTests" name="[204] /home/travis/build/icyphy/ptII/ptolemy/actor/lib/test/auto/LevelCrossTest9.xml (RunModel)" time="0.012" />
  <testcase classname="ptolemy.util.test.junit.AutoTests" name="[205] /home/travis/build/icyphy/ptII/ptolemy/actor/lib/test/auto/LevinsonDurbin.xml (RunModel)" time="0.014" />
  <testcase classname="ptolemy.util.test.junit.AutoTests" name="[206] /home/travis/build/icyphy/ptII/ptolemy/actor/lib/test/auto/LevinsonDurbin2.xml (RunModel)" time="0.012" />
  <testcase classname="ptolemy.util.test.junit.AutoTests" name="[207] /home/travis/build/icyphy/ptII/ptolemy/actor/lib/test/auto/LevinsonDurbin3.xml (RunModel)" time="0.011" />
  <testcase classname="ptolemy.util.test.junit.AutoTests" name="[208] /home/travis/build/icyphy/ptII/ptolemy/actor/lib/test/auto/Limiter.xml (RunModel)" time="0.035" />
  <testcase classname="ptolemy.util.test.junit.AutoTests" name="[209] /home/travis/build/icyphy/ptII/ptolemy/actor/lib/test/auto/LinearDifferenceEquationSystem.xml (RunModel)" time="0.019" />
  <testcase classname="ptolemy.util.test.junit.AutoTests" name="[210] /home/travis/build/icyphy/ptII/ptolemy/actor/lib/test/auto/LookupTable.xml (RunModel)" time="0.009" />
  <testcase classname="ptolemy.util.test.junit.AutoTests" name="[211] /home/travis/build/icyphy/ptII/ptolemy/actor/lib/test/auto/MathFunction.xml (RunModel)" time="0.016" />
  <testcase classname="ptolemy.util.test.junit.AutoTests" name="[212] /home/travis/build/icyphy/ptII/ptolemy/actor/lib/test/auto/MathFunction2.xml (RunModel)" time="0.017" />
  <testcase classname="ptolemy.util.test.junit.AutoTests" name="[213] /home/travis/build/icyphy/ptII/ptolemy/actor/lib/test/auto/MathFunction3.xml (RunModel)" time="0.024" />
  <testcase classname="ptolemy.util.test.junit.AutoTests" name="[214] /home/travis/build/icyphy/ptII/ptolemy/actor/lib/test/auto/MatrixCropBoolean.xml (RunModel)" time="0.011" />
  <testcase classname="ptolemy.util.test.junit.AutoTests" name="[215] /home/travis/build/icyphy/ptII/ptolemy/actor/lib/test/auto/MatrixCropComplex.xml (RunModel)" time="0.009" />
  <testcase classname="ptolemy.util.test.junit.AutoTests" name="[216] /home/travis/build/icyphy/ptII/ptolemy/actor/lib/test/auto/MatrixCropDouble.xml (RunModel)" time="0.009" />
  <testcase classname="ptolemy.util.test.junit.AutoTests" name="[217] /home/travis/build/icyphy/ptII/ptolemy/actor/lib/test/auto/MatrixCropFix.xml (RunModel)" time="0.011" />
  <testcase classname="ptolemy.util.test.junit.AutoTests" name="[218] /home/travis/build/icyphy/ptII/ptolemy/actor/lib/test/auto/MatrixCropInt.xml (RunModel)" time="0.009" />
  <testcase classname="ptolemy.util.test.junit.AutoTests" name="[219] /home/travis/build/icyphy/ptII/ptolemy/actor/lib/test/auto/MatrixCropLong.xml (RunModel)" time="0.011" />
  <testcase classname="ptolemy.util.test.junit.AutoTests" name="[220] /home/travis/build/icyphy/ptII/ptolemy/actor/lib/test/auto/MatrixToArray.xml (RunModel)" time="0.05" />
  <testcase classname="ptolemy.util.test.junit.AutoTests" name="[221] /home/travis/build/icyphy/ptII/ptolemy/actor/lib/test/auto/MaxIndex.xml (RunModel)" time="0.012" />
  <testcase classname="ptolemy.util.test.junit.AutoTests" name="[222] /home/travis/build/icyphy/ptII/ptolemy/actor/lib/test/auto/Maximum.xml (RunModel)" time="0.011" />
  <testcase classname="ptolemy.util.test.junit.AutoTests" name="[223] /home/travis/build/icyphy/ptII/ptolemy/actor/lib/test/auto/MaximumComplex.xml (RunModel)" time="0.012" />
  <testcase classname="ptolemy.util.test.junit.AutoTests" name="[224] /home/travis/build/icyphy/ptII/ptolemy/actor/lib/test/auto/MethodCallTest.xml (RunModel)" time="0.026" />
  <testcase classname="ptolemy.util.test.junit.AutoTests" name="[225] /home/travis/build/icyphy/ptII/ptolemy/actor/lib/test/auto/Minimum.xml (RunModel)" time="0.014" />
  <testcase classname="ptolemy.util.test.junit.AutoTests" name="[226] /home/travis/build/icyphy/ptII/ptolemy/actor/lib/test/auto/MinimumComplex.xml (RunModel)" time="0.023" />
  <testcase classname="ptolemy.util.test.junit.AutoTests" name="[227] /home/travis/build/icyphy/ptII/ptolemy/actor/lib/test/auto/MinimumMultiports.xml (RunModel)" time="0.015" />
  <testcase classname="ptolemy.util.test.junit.AutoTests" name="[228] /home/travis/build/icyphy/ptII/ptolemy/actor/lib/test/auto/ModifyDate.xml (RunModel)" time="0.037" />
  <testcase classname="ptolemy.util.test.junit.AutoTests" name="[229] /home/travis/build/icyphy/ptII/ptolemy/actor/lib/test/auto/ModifyDate2.xml (RunModel)" time="0.027" />
  <testcase classname="ptolemy.util.test.junit.AutoTests" name="[230] /home/travis/build/icyphy/ptII/ptolemy/actor/lib/test/auto/MovingAverage.xml (RunModel)" time="0.009" />
  <testcase classname="ptolemy.util.test.junit.AutoTests" name="[231] /home/travis/build/icyphy/ptII/ptolemy/actor/lib/test/auto/MovingMaximum.xml (RunModel)" time="0.012" />
  <testcase classname="ptolemy.util.test.junit.AutoTests" name="[232] /home/travis/build/icyphy/ptII/ptolemy/actor/lib/test/auto/MultipleLinksToSameRelation.xml (RunModel)" time="0.006" />
  <testcase classname="ptolemy.util.test.junit.AutoTests" name="[233] /home/travis/build/icyphy/ptII/ptolemy/actor/lib/test/auto/MultipleLinksToSameRelationDE.xml (RunModel)" time="0.008" />
  <testcase classname="ptolemy.util.test.junit.AutoTests" name="[234] /home/travis/build/icyphy/ptII/ptolemy/actor/lib/test/auto/Multiplexor.xml (RunModel)" time="0.01" />
  <testcase classname="ptolemy.util.test.junit.AutoTests" name="[235] /home/travis/build/icyphy/ptII/ptolemy/actor/lib/test/auto/Multiplexor1.xml (RunModel)" time="0.009" />
  <testcase classname="ptolemy.util.test.junit.AutoTests" name="[236] /home/travis/build/icyphy/ptII/ptolemy/actor/lib/test/auto/Multiplexor2.xml (RunModel)" time="0.014" />
  <testcase classname="ptolemy.util.test.junit.AutoTests" name="[237] /home/travis/build/icyphy/ptII/ptolemy/actor/lib/test/auto/Multiplexor3.xml (RunModel)" time="0.008" />
  <testcase classname="ptolemy.util.test.junit.AutoTests" name="[238] /home/travis/build/icyphy/ptII/ptolemy/actor/lib/test/auto/MultiplexorDE.xml (RunModel)" time="0.019" />
  <testcase classname="ptolemy.util.test.junit.AutoTests" name="[239] /home/travis/build/icyphy/ptII/ptolemy/actor/lib/test/auto/MultiportBroadcastTest.xml (RunModel)" time="0.094" />
  <testcase classname="ptolemy.util.test.junit.AutoTests" name="[240] /home/travis/build/icyphy/ptII/ptolemy/actor/lib/test/auto/MultiportOutHangDuringGetWidth.xml (RunModel)" time="0.029" />
  <testcase classname="ptolemy.util.test.junit.AutoTests" name="[241] /home/travis/build/icyphy/ptII/ptolemy/actor/lib/test/auto/NilToken.xml (RunModel)" time="0.01" />
  <testcase classname="ptolemy.util.test.junit.AutoTests" name="[242] /home/travis/build/icyphy/ptII/ptolemy/actor/lib/test/auto/NilTokenNonStrictTest.xml (RunModel)" time="0.009" />
  <testcase classname="ptolemy.util.test.junit.AutoTests" name="[243] /home/travis/build/icyphy/ptII/ptolemy/actor/lib/test/auto/NilTokenRecord.xml (RunModel)" time="0.021" />
  <testcase classname="ptolemy.util.test.junit.AutoTests" name="[244] /home/travis/build/icyphy/ptII/ptolemy/actor/lib/test/auto/NilTokenTypeTest.xml (RunModel)" time="0.037" />
  <testcase classname="ptolemy.util.test.junit.AutoTests" name="[245] /home/travis/build/icyphy/ptII/ptolemy/actor/lib/test/auto/ObjectToken1.xml (RunModel)" time="0.007" />
  <testcase classname="ptolemy.util.test.junit.AutoTests" name="[246] /home/travis/build/icyphy/ptII/ptolemy/actor/lib/test/auto/OrderedMerge.xml (RunModel)" time="0.018" />
  <testcase classname="ptolemy.util.test.junit.AutoTests" name="[247] /home/travis/build/icyphy/ptII/ptolemy/actor/lib/test/auto/OrderedRecordDisassembler.xml (RunModel)" time="0.017" />
  <testcase classname="ptolemy.util.test.junit.AutoTests" name="[248] /home/travis/build/icyphy/ptII/ptolemy/actor/lib/test/auto/OrderedRecordDisassembler2.xml (RunModel)" time="0.017" />
  <testcase classname="ptolemy.util.test.junit.AutoTests" name="[249] /home/travis/build/icyphy/ptII/ptolemy/actor/lib/test/auto/OrderedRecordUpdater.xml (RunModel)" time="0.01" />
  <testcase classname="ptolemy.util.test.junit.AutoTests" name="[250] /home/travis/build/icyphy/ptII/ptolemy/actor/lib/test/auto/OrderedRecordUpdater2.xml (RunModel)" time="0.016" />
  <testcase classname="ptolemy.util.test.junit.AutoTests" name="[251] /home/travis/build/icyphy/ptII/ptolemy/actor/lib/test/auto/PhaseUnwrap.xml (RunModel)" time="0.011" />
  <testcase classname="ptolemy.util.test.junit.AutoTests" name="[252] /home/travis/build/icyphy/ptII/ptolemy/actor/lib/test/auto/PoissonClock.xml (RunModel)" time="0.009" />
  <testcase classname="ptolemy.util.test.junit.AutoTests" name="[253] /home/travis/build/icyphy/ptII/ptolemy/actor/lib/test/auto/PoissonClock2.xml (RunModel)" time="0.006" />
  <testcase classname="ptolemy.util.test.junit.AutoTests" name="[254] /home/travis/build/icyphy/ptII/ptolemy/actor/lib/test/auto/PoissonClock3.xml (RunModel)" time="0.02" />
  <testcase classname="ptolemy.util.test.junit.AutoTests" name="[255] /home/travis/build/icyphy/ptII/ptolemy/actor/lib/test/auto/PubSubWithInitialTokens.xml (RunModel)" time="0.014" />
  <testcase classname="ptolemy.util.test.junit.AutoTests" name="[256] /home/travis/build/icyphy/ptII/ptolemy/actor/lib/test/auto/PubSubWithInitialTokens2.xml (RunModel)" time="0.01" />
  <testcase classname="ptolemy.util.test.junit.AutoTests" name="[257] /home/travis/build/icyphy/ptII/ptolemy/actor/lib/test/auto/PublisherClassNoParameter.xml (RunModel)" time="0.021" />
  <testcase classname="ptolemy.util.test.junit.AutoTests" name="[258] /home/travis/build/icyphy/ptII/ptolemy/actor/lib/test/auto/PublisherClassParameter.xml (RunModel)" time="0.019" />
  <testcase classname="ptolemy.util.test.junit.AutoTests" name="[259] /home/travis/build/icyphy/ptII/ptolemy/actor/lib/test/auto/PublisherNonStrictTest.xml (RunModel)" time="0.014" />
  <testcase classname="ptolemy.util.test.junit.AutoTests" name="[260] /home/travis/build/icyphy/ptII/ptolemy/actor/lib/test/auto/PublisherPort1.xml (RunModel)" time="0.02" />
  <testcase classname="ptolemy.util.test.junit.AutoTests" name="[261] /home/travis/build/icyphy/ptII/ptolemy/actor/lib/test/auto/PublisherPort2.xml (RunModel)" time="0.019" />
  <testcase classname="ptolemy.util.test.junit.AutoTests" name="[262] /home/travis/build/icyphy/ptII/ptolemy/actor/lib/test/auto/PublisherPort3.xml (RunModel)" time="0.011" />
  <testcase classname="ptolemy.util.test.junit.AutoTests" name="[263] /home/travis/build/icyphy/ptII/ptolemy/actor/lib/test/auto/PublisherPort4.xml (RunModel)" time="0.011" />
  <testcase classname="ptolemy.util.test.junit.AutoTests" name="[264] /home/travis/build/icyphy/ptII/ptolemy/actor/lib/test/auto/PublisherPort5.xml (RunModel)" time="0.013" />
  <testcase classname="ptolemy.util.test.junit.AutoTests" name="[265] /home/travis/build/icyphy/ptII/ptolemy/actor/lib/test/auto/PublisherPort5LookAlike.xml (RunModel)" time="0.021" />
  <testcase classname="ptolemy.util.test.junit.AutoTests" name="[266] /home/travis/build/icyphy/ptII/ptolemy/actor/lib/test/auto/PublisherPort6.xml (RunModel)" time="0.013" />
  <testcase classname="ptolemy.util.test.junit.AutoTests" name="[267] /home/travis/build/icyphy/ptII/ptolemy/actor/lib/test/auto/PublisherPort7.xml (RunModel)" time="0.014" />
  <testcase classname="ptolemy.util.test.junit.AutoTests" name="[268] /home/travis/build/icyphy/ptII/ptolemy/actor/lib/test/auto/PublisherPort8.xml (RunModel)" time="0.015" />
  <testcase classname="ptolemy.util.test.junit.AutoTests" name="[269] /home/travis/build/icyphy/ptII/ptolemy/actor/lib/test/auto/PublisherPortSubscriberChannelVariablesAOC2.xml (RunModel)" time="0.03" />
  <testcase classname="ptolemy.util.test.junit.AutoTests" name="[270] /home/travis/build/icyphy/ptII/ptolemy/actor/lib/test/auto/PublisherPortSubscriberOpaqueWidthInference.xml (RunModel)" time="0.013" />
  <testcase classname="ptolemy.util.test.junit.AutoTests" name="[271] /home/travis/build/icyphy/ptII/ptolemy/actor/lib/test/auto/PublisherPortSubscriberPortAdjacent.xml (RunModel)" time="0.016" />
  <testcase classname="ptolemy.util.test.junit.AutoTests" name="[272] /home/travis/build/icyphy/ptII/ptolemy/actor/lib/test/auto/PublisherPortSubscriberPortExpression.xml (RunModel)" time="0.014" />
  <testcase classname="ptolemy.util.test.junit.AutoTests" name="[273] /home/travis/build/icyphy/ptII/ptolemy/actor/lib/test/auto/PublisherPortSubscriberPortOpaqueD3Reverse.xml (RunModel)" time="0.019" />
  <testcase classname="ptolemy.util.test.junit.AutoTests" name="[274] /home/travis/build/icyphy/ptII/ptolemy/actor/lib/test/auto/PublisherPortSubscriberPortOpaqueWidthInference.xml (RunModel)" time="0.013" />
  <testcase classname="ptolemy.util.test.junit.AutoTests" name="[275] /home/travis/build/icyphy/ptII/ptolemy/actor/lib/test/auto/PublisherPortToplevelSubscriberPortAOC.xml (RunModel)" time="0.01" />
  <testcase classname="ptolemy.util.test.junit.AutoTests" name="[276] /home/travis/build/icyphy/ptII/ptolemy/actor/lib/test/auto/PublisherSubscriber.xml (RunModel)" time="0.011" />
  <testcase classname="ptolemy.util.test.junit.AutoTests" name="[277] /home/travis/build/icyphy/ptII/ptolemy/actor/lib/test/auto/PublisherSubscriber10.xml (RunModel)" time="0.019" />
  <testcase classname="ptolemy.util.test.junit.AutoTests" name="[278] /home/travis/build/icyphy/ptII/ptolemy/actor/lib/test/auto/PublisherSubscriber10InitialOutputs.xml (RunModel)" time="0.028" />
  <testcase classname="ptolemy.util.test.junit.AutoTests" name="[279] /home/travis/build/icyphy/ptII/ptolemy/actor/lib/test/auto/PublisherSubscriber11.xml (RunModel)" time="0.019" />
  <testcase classname="ptolemy.util.test.junit.AutoTests" name="[280] /home/travis/build/icyphy/ptII/ptolemy/actor/lib/test/auto/PublisherSubscriber12.xml (RunModel)" time="0.043" />
  <testcase classname="ptolemy.util.test.junit.AutoTests" name="[281] /home/travis/build/icyphy/ptII/ptolemy/actor/lib/test/auto/PublisherSubscriber13.xml (RunModel)" time="0.012" />
  <testcase classname="ptolemy.util.test.junit.AutoTests" name="[282] /home/travis/build/icyphy/ptII/ptolemy/actor/lib/test/auto/PublisherSubscriber14.xml (RunModel)" time="0.016" />
  <testcase classname="ptolemy.util.test.junit.AutoTests" name="[283] /home/travis/build/icyphy/ptII/ptolemy/actor/lib/test/auto/PublisherSubscriber2.xml (RunModel)" time="0.008" />
  <testcase classname="ptolemy.util.test.junit.AutoTests" name="[284] /home/travis/build/icyphy/ptII/ptolemy/actor/lib/test/auto/PublisherSubscriber3.xml (RunModel)" time="0.007" />
  <testcase classname="ptolemy.util.test.junit.AutoTests" name="[285] /home/travis/build/icyphy/ptII/ptolemy/actor/lib/test/auto/PublisherSubscriber4.xml (RunModel)" time="0.008" />
  <testcase classname="ptolemy.util.test.junit.AutoTests" name="[286] /home/travis/build/icyphy/ptII/ptolemy/actor/lib/test/auto/PublisherSubscriber5.xml (RunModel)" time="0.018" />
  <testcase classname="ptolemy.util.test.junit.AutoTests" name="[287] /home/travis/build/icyphy/ptII/ptolemy/actor/lib/test/auto/PublisherSubscriber6.xml (RunModel)" time="0.012" />
  <testcase classname="ptolemy.util.test.junit.AutoTests" name="[288] /home/travis/build/icyphy/ptII/ptolemy/actor/lib/test/auto/PublisherSubscriber7.xml (RunModel)" time="0.015" />
  <testcase classname="ptolemy.util.test.junit.AutoTests" name="[289] /home/travis/build/icyphy/ptII/ptolemy/actor/lib/test/auto/PublisherSubscriber8.xml (RunModel)" time="0.026" />
  <testcase classname="ptolemy.util.test.junit.AutoTests" name="[290] /home/travis/build/icyphy/ptII/ptolemy/actor/lib/test/auto/PublisherSubscriber9.xml (RunModel)" time="0.012" />
  <testcase classname="ptolemy.util.test.junit.AutoTests" name="[291] /home/travis/build/icyphy/ptII/ptolemy/actor/lib/test/auto/PublisherSubscriberAdjacent.xml (RunModel)" time="0.013" />
  <testcase classname="ptolemy.util.test.junit.AutoTests" name="[292] /home/travis/build/icyphy/ptII/ptolemy/actor/lib/test/auto/PublisherSubscriberChannelVariablesAOC2.xml (RunModel)" time="0.023" />
  <testcase classname="ptolemy.util.test.junit.AutoTests" name="[293] /home/travis/build/icyphy/ptII/ptolemy/actor/lib/test/auto/PublisherSubscriberD3.xml (RunModel)" time="0.01" />
  <testcase classname="ptolemy.util.test.junit.AutoTests" name="[294] /home/travis/build/icyphy/ptII/ptolemy/actor/lib/test/auto/PublisherSubscriberD3Reverse.xml (RunModel)" time="0.008" />
  <testcase classname="ptolemy.util.test.junit.AutoTests" name="[295] /home/travis/build/icyphy/ptII/ptolemy/actor/lib/test/auto/PublisherSubscriberExpression.xml (RunModel)" time="0.013" />
  <testcase classname="ptolemy.util.test.junit.AutoTests" name="[296] /home/travis/build/icyphy/ptII/ptolemy/actor/lib/test/auto/PublisherSubscriberOpaque.xml (RunModel)" time="0.03" />
  <testcase classname="ptolemy.util.test.junit.AutoTests" name="[297] /home/travis/build/icyphy/ptII/ptolemy/actor/lib/test/auto/PublisherSubscriberOpaqueD3.xml (RunModel)" time="0.019" />
  <testcase classname="ptolemy.util.test.junit.AutoTests" name="[298] /home/travis/build/icyphy/ptII/ptolemy/actor/lib/test/auto/PublisherSubscriberOpaqueD3Reverse.xml (RunModel)" time="0.019" />
  <testcase classname="ptolemy.util.test.junit.AutoTests" name="[299] /home/travis/build/icyphy/ptII/ptolemy/actor/lib/test/auto/PublisherSubscriberOpaqueWidthInference.xml (RunModel)" time="0.014" />
  <testcase classname="ptolemy.util.test.junit.AutoTests" name="[300] /home/travis/build/icyphy/ptII/ptolemy/actor/lib/test/auto/PublisherTestSubscriber.xml (RunModel)" time="0.013" />
  <testcase classname="ptolemy.util.test.junit.AutoTests" name="[301] /home/travis/build/icyphy/ptII/ptolemy/actor/lib/test/auto/PublisherToplevelSubscriberPortAOC.xml (RunModel)" time="0.01" />
  <testcase classname="ptolemy.util.test.junit.AutoTests" name="[302] /home/travis/build/icyphy/ptII/ptolemy/actor/lib/test/auto/PulseFiringLimitDE.xml (RunModel)" time="0.011" />
  <testcase classname="ptolemy.util.test.junit.AutoTests" name="[303] /home/travis/build/icyphy/ptII/ptolemy/actor/lib/test/auto/Ramp1.xml (RunModel)" time="0.006" />
  <testcase classname="ptolemy.util.test.junit.AutoTests" name="[304] /home/travis/build/icyphy/ptII/ptolemy/actor/lib/test/auto/RampFiringLimitDE.xml (RunModel)" time="0.008" />
  <testcase classname="ptolemy.util.test.junit.AutoTests" name="[305] /home/travis/build/icyphy/ptII/ptolemy/actor/lib/test/auto/RampFiringLimitSDF.xml (RunModel)" time="0.008" />
  <testcase classname="ptolemy.util.test.junit.AutoTests" name="[306] /home/travis/build/icyphy/ptII/ptolemy/actor/lib/test/auto/RandomInteger.xml (RunModel)" time="0.007" />
  <testcase classname="ptolemy.util.test.junit.AutoTests" name="[307] /home/travis/build/icyphy/ptII/ptolemy/actor/lib/test/auto/ReadFile1.xml (RunModel)" time="0.006" />
  <testcase classname="ptolemy.util.test.junit.AutoTests" name="[308] /home/travis/build/icyphy/ptII/ptolemy/actor/lib/test/auto/ReadFile2.xml (RunModel)" time="0.006" />
  <testcase classname="ptolemy.util.test.junit.AutoTests" name="[309] /home/travis/build/icyphy/ptII/ptolemy/actor/lib/test/auto/Reader.xml (RunModel)" time="0.009" />
  <testcase classname="ptolemy.util.test.junit.AutoTests" name="[310] /home/travis/build/icyphy/ptII/ptolemy/actor/lib/test/auto/RecordAssemblerDisplayNameTest.xml (RunModel)" time="3.788" />
  <testcase classname="ptolemy.util.test.junit.AutoTests" name="[311] /home/travis/build/icyphy/ptII/ptolemy/actor/lib/test/auto/RecordAssemblerTypeError.xml (RunModel)" time="0.035" />
  <testcase classname="ptolemy.util.test.junit.AutoTests" name="[312] /home/travis/build/icyphy/ptII/ptolemy/actor/lib/test/auto/RecordDisassember.xml (RunModel)" time="0.012" />
  <testcase classname="ptolemy.util.test.junit.AutoTests" name="[313] /home/travis/build/icyphy/ptII/ptolemy/actor/lib/test/auto/RecordDisassemberDisplayNameTest.xml (RunModel)" time="0.028" />
  <testcase classname="ptolemy.util.test.junit.AutoTests" name="[314] /home/travis/build/icyphy/ptII/ptolemy/actor/lib/test/auto/RecordDisassembler.xml (RunModel)" time="0.009" />
  <testcase classname="ptolemy.util.test.junit.AutoTests" name="[315] /home/travis/build/icyphy/ptII/ptolemy/actor/lib/test/auto/RecordDisassembler2.xml (RunModel)" time="0.009" />
  <testcase classname="ptolemy.util.test.junit.AutoTests" name="[316] /home/travis/build/icyphy/ptII/ptolemy/actor/lib/test/auto/RecordUpdater.xml (RunModel)" time="0.008" />
  <testcase classname="ptolemy.util.test.junit.AutoTests" name="[317] /home/travis/build/icyphy/ptII/ptolemy/actor/lib/test/auto/RecordUpdater2.xml (RunModel)" time="0.008" />
  <testcase classname="ptolemy.util.test.junit.AutoTests" name="[318] /home/travis/build/icyphy/ptII/ptolemy/actor/lib/test/auto/RecursiveLattice.xml (RunModel)" time="0.006" />
  <testcase classname="ptolemy.util.test.junit.AutoTests" name="[319] /home/travis/build/icyphy/ptII/ptolemy/actor/lib/test/auto/Router.xml (RunModel)" time="3.021" />
  <testcase classname="ptolemy.util.test.junit.AutoTests" name="[320] /home/travis/build/icyphy/ptII/ptolemy/actor/lib/test/auto/Router2.xml (RunModel)" time="3.028" />
  <testcase classname="ptolemy.util.test.junit.AutoTests" name="[321] /home/travis/build/icyphy/ptII/ptolemy/actor/lib/test/auto/RunningMaximum.xml (RunModel)" time="0.013" />
  <testcase classname="ptolemy.util.test.junit.AutoTests" name="[322] /home/travis/build/icyphy/ptII/ptolemy/actor/lib/test/auto/RunningMinimum.xml (RunModel)" time="0.015" />
  <testcase classname="ptolemy.util.test.junit.AutoTests" name="[323] /home/travis/build/icyphy/ptII/ptolemy/actor/lib/test/auto/Scale.xml (RunModel)" time="0.007" />
  <testcase classname="ptolemy.util.test.junit.AutoTests" name="[324] /home/travis/build/icyphy/ptII/ptolemy/actor/lib/test/auto/Scale2.xml (RunModel)" time="0.009" />
  <testcase classname="ptolemy.util.test.junit.AutoTests" name="[325] /home/travis/build/icyphy/ptII/ptolemy/actor/lib/test/auto/Scale3.xml (RunModel)" time="0.012" />
  <testcase classname="ptolemy.util.test.junit.AutoTests" name="[326] /home/travis/build/icyphy/ptII/ptolemy/actor/lib/test/auto/ScaleArray.xml (RunModel)" time="0.009" />
  <testcase classname="ptolemy.util.test.junit.AutoTests" name="[327] /home/travis/build/icyphy/ptII/ptolemy/actor/lib/test/auto/ScaleArray2.xml (RunModel)" time="0.006" />
  <testcase classname="ptolemy.util.test.junit.AutoTests" name="[328] /home/travis/build/icyphy/ptII/ptolemy/actor/lib/test/auto/ScaleMatrix.xml (RunModel)" time="0.126" />
  <testcase classname="ptolemy.util.test.junit.AutoTests" name="[329] /home/travis/build/icyphy/ptII/ptolemy/actor/lib/test/auto/Select.xml (RunModel)" time="0.013" />
  <testcase classname="ptolemy.util.test.junit.AutoTests" name="[330] /home/travis/build/icyphy/ptII/ptolemy/actor/lib/test/auto/Select2.xml (RunModel)" time="0.023" />
  <testcase classname="ptolemy.util.test.junit.AutoTests" name="[331] /home/travis/build/icyphy/ptII/ptolemy/actor/lib/test/auto/SequenceToArray2.xml (RunModel)" time="0.134" />
  <testcase classname="ptolemy.util.test.junit.AutoTests" name="[332] /home/travis/build/icyphy/ptII/ptolemy/actor/lib/test/auto/SequentialClock.xml (RunModel)" time="0.009" />
  <testcase classname="ptolemy.util.test.junit.AutoTests" name="[333] /home/travis/build/icyphy/ptII/ptolemy/actor/lib/test/auto/SetVariable.xml (RunModel)" time="0.01" />
  <testcase classname="ptolemy.util.test.junit.AutoTests" name="[334] /home/travis/build/icyphy/ptII/ptolemy/actor/lib/test/auto/SetVariable2.xml (RunModel)" time="0.016" />
  <testcase classname="ptolemy.util.test.junit.AutoTests" name="[335] /home/travis/build/icyphy/ptII/ptolemy/actor/lib/test/auto/SetVariable3.xml (RunModel)" time="0.015" />
  <testcase classname="ptolemy.util.test.junit.AutoTests" name="[336] /home/travis/build/icyphy/ptII/ptolemy/actor/lib/test/auto/SetVariable4.xml (RunModel)" time="0.023" />
  <testcase classname="ptolemy.util.test.junit.AutoTests" name="[337] /home/travis/build/icyphy/ptII/ptolemy/actor/lib/test/auto/SetVariable5.xml (RunModel)" time="0.037" />
  <testcase classname="ptolemy.util.test.junit.AutoTests" name="[338] /home/travis/build/icyphy/ptII/ptolemy/actor/lib/test/auto/Sinewave.xml (RunModel)" time="0.024" />
  <testcase classname="ptolemy.util.test.junit.AutoTests" name="[339] /home/travis/build/icyphy/ptII/ptolemy/actor/lib/test/auto/Sinewave2.xml (RunModel)" time="0.017" />
  <testcase classname="ptolemy.util.test.junit.AutoTests" name="[340] /home/travis/build/icyphy/ptII/ptolemy/actor/lib/test/auto/Sinewave3.xml (RunModel)" time="0.021" />
  <testcase classname="ptolemy.util.test.junit.AutoTests" name="[341] /home/travis/build/icyphy/ptII/ptolemy/actor/lib/test/auto/SingleEvent.xml (RunModel)" time="0.006" />
  <testcase classname="ptolemy.util.test.junit.AutoTests" name="[342] /home/travis/build/icyphy/ptII/ptolemy/actor/lib/test/auto/Sleep.xml (RunModel)" time="6.018" />
  <testcase classname="ptolemy.util.test.junit.AutoTests" name="[343] /home/travis/build/icyphy/ptII/ptolemy/actor/lib/test/auto/SleepMultipleFire.xml (RunModel)" time="1.022" />
  <testcase classname="ptolemy.util.test.junit.AutoTests" name="[344] /home/travis/build/icyphy/ptII/ptolemy/actor/lib/test/auto/StopDE.xml (RunModel)" time="0.023" />
  <testcase classname="ptolemy.util.test.junit.AutoTests" name="[345] /home/travis/build/icyphy/ptII/ptolemy/actor/lib/test/auto/StopSDF.xml (RunModel)" time="0.016" />
  <testcase classname="ptolemy.util.test.junit.AutoTests" name="[346] /home/travis/build/icyphy/ptII/ptolemy/actor/lib/test/auto/StringConstant.xml (RunModel)" time="0.014" />
  <testcase classname="ptolemy.util.test.junit.AutoTests" name="[347] /home/travis/build/icyphy/ptII/ptolemy/actor/lib/test/auto/SubscriberPortInitialValues1.xml (RunModel)" time="0.018" />
  <testcase classname="ptolemy.util.test.junit.AutoTests" name="[348] /home/travis/build/icyphy/ptII/ptolemy/actor/lib/test/auto/SubscriberPortInitialValues13.xml (RunModel)" time="0.024" />
  <testcase classname="ptolemy.util.test.junit.AutoTests" name="[349] /home/travis/build/icyphy/ptII/ptolemy/actor/lib/test/auto/SubscriberPortInitialValues14.xml (RunModel)" time="0.014" />
  <testcase classname="ptolemy.util.test.junit.AutoTests" name="[350] /home/travis/build/icyphy/ptII/ptolemy/actor/lib/test/auto/SubscriberPortInitialValues2.xml (RunModel)" time="0.015" />
  <testcase classname="ptolemy.util.test.junit.AutoTests" name="[351] /home/travis/build/icyphy/ptII/ptolemy/actor/lib/test/auto/SubscriberPortInitialValues3.xml (RunModel)" time="0.02" />
  <testcase classname="ptolemy.util.test.junit.AutoTests" name="[352] /home/travis/build/icyphy/ptII/ptolemy/actor/lib/test/auto/SubscriptionAggregator.xml (RunModel)" time="0.012" />
  <testcase classname="ptolemy.util.test.junit.AutoTests" name="[353] /home/travis/build/icyphy/ptII/ptolemy/actor/lib/test/auto/SubscriptionAggregator2.xml (RunModel)" time="0.01" />
  <testcase classname="ptolemy.util.test.junit.AutoTests" name="[354] /home/travis/build/icyphy/ptII/ptolemy/actor/lib/test/auto/SubscriptionAggregator3.xml (RunModel)" time="0.015" />
  <testcase classname="ptolemy.util.test.junit.AutoTests" name="[355] /home/travis/build/icyphy/ptII/ptolemy/actor/lib/test/auto/SubscriptionAggregatorMultiply.xml (RunModel)" time="0.014" />
  <testcase classname="ptolemy.util.test.junit.AutoTests" name="[356] /home/travis/build/icyphy/ptII/ptolemy/actor/lib/test/auto/SubscriptionAggregatorPortMultiply1.xml (RunModel)" time="0.012" />
  <testcase classname="ptolemy.util.test.junit.AutoTests" name="[357] /home/travis/build/icyphy/ptII/ptolemy/actor/lib/test/auto/Switch.xml (RunModel)" time="0.016" />
  <testcase classname="ptolemy.util.test.junit.AutoTests" name="[358] /home/travis/build/icyphy/ptII/ptolemy/actor/lib/test/auto/Switch2.xml (RunModel)" time="0.012" />
  <testcase classname="ptolemy.util.test.junit.AutoTests" name="[359] /home/travis/build/icyphy/ptII/ptolemy/actor/lib/test/auto/SwitchDE.xml (RunModel)" time="0.013" />
  <testcase classname="ptolemy.util.test.junit.AutoTests" name="[360] /home/travis/build/icyphy/ptII/ptolemy/actor/lib/test/auto/SynchronizerDE.xml (RunModel)" time="0.018" />
  <testcase classname="ptolemy.util.test.junit.AutoTests" name="[361] /home/travis/build/icyphy/ptII/ptolemy/actor/lib/test/auto/Test.xml (RunModel)" time="0.01" />
  <testcase classname="ptolemy.util.test.junit.AutoTests" name="[362] /home/travis/build/icyphy/ptII/ptolemy/actor/lib/test/auto/TestExceptionAttribute1.xml (RunModel)" time="0.005" />
  <testcase classname="ptolemy.util.test.junit.AutoTests" name="[363] /home/travis/build/icyphy/ptII/ptolemy/actor/lib/test/auto/TestExceptionAttribute2.xml (RunModel)" time="0.007" />
  <testcase classname="ptolemy.util.test.junit.AutoTests" name="[364] /home/travis/build/icyphy/ptII/ptolemy/actor/lib/test/auto/TestExceptionAttribute3.xml (RunModel)" time="0.009" />
  <testcase classname="ptolemy.util.test.junit.AutoTests" name="[365] /home/travis/build/icyphy/ptII/ptolemy/actor/lib/test/auto/TestExceptionAttribute4.xml (RunModel)" time="0.007" />
  <testcase classname="ptolemy.util.test.junit.AutoTests" name="[366] /home/travis/build/icyphy/ptII/ptolemy/actor/lib/test/auto/TestExceptionHandler1.xml (RunModel)" time="0.006" />
  <testcase classname="ptolemy.util.test.junit.AutoTests" name="[367] /home/travis/build/icyphy/ptII/ptolemy/actor/lib/test/auto/TestExceptionHandler2.xml (RunModel)" time="0.01" />
  <testcase classname="ptolemy.util.test.junit.AutoTests" name="[368] /home/travis/build/icyphy/ptII/ptolemy/actor/lib/test/auto/TestExceptionHandler3.xml (RunModel)" time="0.004" />
  <testcase classname="ptolemy.util.test.junit.AutoTests" name="[369] /home/travis/build/icyphy/ptII/ptolemy/actor/lib/test/auto/TestExceptionHandler4.xml (RunModel)" time="0.005" />
  <testcase classname="ptolemy.util.test.junit.AutoTests" name="[370] /home/travis/build/icyphy/ptII/ptolemy/actor/lib/test/auto/TestRequireCorrectOrder.xml (RunModel)" time="0.011" />
  <testcase classname="ptolemy.util.test.junit.AutoTests" name="[371] /home/travis/build/icyphy/ptII/ptolemy/actor/lib/test/auto/TestSimple.xml (RunModel)" time="0.005" />
  <testcase classname="ptolemy.util.test.junit.AutoTests" name="[372] /home/travis/build/icyphy/ptII/ptolemy/actor/lib/test/auto/ThrowModelError.xml (RunModel)" time="0.009" />
  <testcase classname="ptolemy.util.test.junit.AutoTests" name="[373] /home/travis/build/icyphy/ptII/ptolemy/actor/lib/test/auto/TimeDelayMicrosteps.xml (RunModel)" time="0.021" />
  <testcase classname="ptolemy.util.test.junit.AutoTests" name="[374] /home/travis/build/icyphy/ptII/ptolemy/actor/lib/test/auto/TimeDelayMicrosteps2.xml (RunModel)" time="0.014" />
  <testcase classname="ptolemy.util.test.junit.AutoTests" name="[375] /home/travis/build/icyphy/ptII/ptolemy/actor/lib/test/auto/TimeDelayMicrosteps3.xml (RunModel)" time="0.011" />
  <testcase classname="ptolemy.util.test.junit.AutoTests" name="[376] /home/travis/build/icyphy/ptII/ptolemy/actor/lib/test/auto/TimeDelayVariableMicrosteps.xml (RunModel)" time="0.01" />
  <testcase classname="ptolemy.util.test.junit.AutoTests" name="[377] /home/travis/build/icyphy/ptII/ptolemy/actor/lib/test/auto/TimeGap.xml (RunModel)" time="0.016" />
  <testcase classname="ptolemy.util.test.junit.AutoTests" name="[378] /home/travis/build/icyphy/ptII/ptolemy/actor/lib/test/auto/TimeGap2.xml (RunModel)" time="0.009" />
  <testcase classname="ptolemy.util.test.junit.AutoTests" name="[379] /home/travis/build/icyphy/ptII/ptolemy/actor/lib/test/auto/TimedSinewave.xml (RunModel)" time="0.044" />
  <testcase classname="ptolemy.util.test.junit.AutoTests" name="[380] /home/travis/build/icyphy/ptII/ptolemy/actor/lib/test/auto/TimedSinewavePhase.xml (RunModel)" time="0.033" />
  <testcase classname="ptolemy.util.test.junit.AutoTests" name="[381] /home/travis/build/icyphy/ptII/ptolemy/actor/lib/test/auto/Timer.xml (RunModel)" time="0.015" />
  <testcase classname="ptolemy.util.test.junit.AutoTests" name="[382] /home/travis/build/icyphy/ptII/ptolemy/actor/lib/test/auto/TriangularDistTestModel.xml (RunModel)" time="0.015" />
  <testcase classname="ptolemy.util.test.junit.AutoTests" name="[383] /home/travis/build/icyphy/ptII/ptolemy/actor/lib/test/auto/TrigFunction.xml (RunModel)" time="0.008" />
  <testcase classname="ptolemy.util.test.junit.AutoTests" name="[384] /home/travis/build/icyphy/ptII/ptolemy/actor/lib/test/auto/TrigFunctionDE.xml (RunModel)" time="0.018" />
  <testcase classname="ptolemy.util.test.junit.AutoTests" name="[385] /home/travis/build/icyphy/ptII/ptolemy/actor/lib/test/auto/TrigFunctionInverse.xml (RunModel)" time="0.015" />
  <testcase classname="ptolemy.util.test.junit.AutoTests" name="[386] /home/travis/build/icyphy/ptII/ptolemy/actor/lib/test/auto/TrigFunctionTan.xml (RunModel)" time="0.006" />
  <testcase classname="ptolemy.util.test.junit.AutoTests" name="[387] /home/travis/build/icyphy/ptII/ptolemy/actor/lib/test/auto/TriggeredClock.xml (RunModel)" time="0.008" />
  <testcase classname="ptolemy.util.test.junit.AutoTests" name="[388] /home/travis/build/icyphy/ptII/ptolemy/actor/lib/test/auto/URLDirectoryReader.xml (RunModel)" time="0.12" />
  <testcase classname="ptolemy.util.test.junit.AutoTests" name="[389] /home/travis/build/icyphy/ptII/ptolemy/actor/lib/test/auto/URLDirectoryReader3.xml (RunModel)" time="1.779" />
  <testcase classname="ptolemy.util.test.junit.AutoTests" name="[390] /home/travis/build/icyphy/ptII/ptolemy/actor/lib/test/auto/UnaryMathFunction.xml (RunModel)" time="0.034" />
  <testcase classname="ptolemy.util.test.junit.AutoTests" name="[391] /home/travis/build/icyphy/ptII/ptolemy/actor/lib/test/auto/Uniform.xml (RunModel)" time="0.01" />
  <testcase classname="ptolemy.util.test.junit.AutoTests" name="[392] /home/travis/build/icyphy/ptII/ptolemy/actor/lib/test/auto/UnionDisassemblerTest.xml (RunModel)" time="0.021" />
  <testcase classname="ptolemy.util.test.junit.AutoTests" name="[393] /home/travis/build/icyphy/ptII/ptolemy/actor/lib/test/auto/UtilityFunctions.xml (RunModel)" time="0.009" />
  <testcase classname="ptolemy.util.test.junit.AutoTests" name="[394] /home/travis/build/icyphy/ptII/ptolemy/actor/lib/test/auto/VariableSleep.xml (RunModel)" time="0.51" />
  <testcase classname="ptolemy.util.test.junit.AutoTests" name="[395] /home/travis/build/icyphy/ptII/ptolemy/actor/lib/test/auto/VectorAssemblerDisassemblerCT.xml (RunModel)" time="0.106" />
  <testcase classname="ptolemy.util.test.junit.AutoTests" name="[396] /home/travis/build/icyphy/ptII/ptolemy/actor/lib/test/auto/VectorAssemblerDisassemblerDE.xml (RunModel)" time="0.013" />
  <testcase classname="ptolemy.util.test.junit.AutoTests" name="[397] /home/travis/build/icyphy/ptII/ptolemy/actor/lib/test/auto/VectorAssemblerDisassemblerSDF.xml (RunModel)" time="0.012" />
  <testcase classname="ptolemy.util.test.junit.AutoTests" name="[398] /home/travis/build/icyphy/ptII/ptolemy/actor/lib/test/auto/WallClockTime.xml (RunModel)" time="1.012" />
  <testcase classname="ptolemy.util.test.junit.AutoTests" name="[399] /home/travis/build/icyphy/ptII/ptolemy/actor/lib/test/auto/WidthTestWithSubscriberPublisher.xml (RunModel)" time="0.037" />
  <testcase classname="ptolemy.util.test.junit.AutoTests" name="[400] /home/travis/build/icyphy/ptII/ptolemy/actor/lib/test/auto/WidthTestWithSubscriberPublisher2.xml (RunModel)" time="0.012" />
  <testcase classname="ptolemy.util.test.junit.AutoTests" name="[401] /home/travis/build/icyphy/ptII/ptolemy/actor/lib/test/auto/WidthTestWithSubscriberPublisher3.xml (RunModel)" time="0.013" />
  <testcase classname="ptolemy.util.test.junit.AutoTests" name="[402] /home/travis/build/icyphy/ptII/ptolemy/actor/lib/test/auto/Writer.xml (RunModel)" time="0.007" />
  <testcase classname="ptolemy.util.test.junit.AutoTests" name="[403] /home/travis/build/icyphy/ptII/ptolemy/actor/lib/test/auto/array.xml (RunModel)" time="0.014" />
  <testcase classname="ptolemy.util.test.junit.AutoTests" name="[404] /home/travis/build/icyphy/ptII/ptolemy/actor/lib/test/auto/array2.xml (RunModel)" time="0.018" />
  <testcase classname="ptolemy.util.test.junit.AutoTests" name="[405] /home/travis/build/icyphy/ptII/ptolemy/actor/lib/test/auto/arrayType.xml (RunModel)" time="0.008" />
  <testcase classname="ptolemy.util.test.junit.AutoTests" name="[406] /home/travis/build/icyphy/ptII/ptolemy/actor/lib/test/auto/arrayType10.xml (RunModel)" time="0.008" />
  <testcase classname="ptolemy.util.test.junit.AutoTests" name="[407] /home/travis/build/icyphy/ptII/ptolemy/actor/lib/test/auto/arrayType11.xml (RunModel)" time="0.007" />
  <testcase classname="ptolemy.util.test.junit.AutoTests" name="[408] /home/travis/build/icyphy/ptII/ptolemy/actor/lib/test/auto/arrayType12.xml (RunModel)" time="0.008" />
  <testcase classname="ptolemy.util.test.junit.AutoTests" name="[409] /home/travis/build/icyphy/ptII/ptolemy/actor/lib/test/auto/arrayType13.xml (RunModel)" time="0.008" />
  <testcase classname="ptolemy.util.test.junit.AutoTests" name="[410] /home/travis/build/icyphy/ptII/ptolemy/actor/lib/test/auto/arrayType14.xml (RunModel)" time="0.007" />
  <testcase classname="ptolemy.util.test.junit.AutoTests" name="[411] /home/travis/build/icyphy/ptII/ptolemy/actor/lib/test/auto/arrayType15.xml (RunModel)" time="0.009" />
  <testcase classname="ptolemy.util.test.junit.AutoTests" name="[412] /home/travis/build/icyphy/ptII/ptolemy/actor/lib/test/auto/arrayType16.xml (RunModel)" time="0.007" />
  <testcase classname="ptolemy.util.test.junit.AutoTests" name="[413] /home/travis/build/icyphy/ptII/ptolemy/actor/lib/test/auto/arrayType17.xml (RunModel)" time="0.008" />
  <testcase classname="ptolemy.util.test.junit.AutoTests" name="[414] /home/travis/build/icyphy/ptII/ptolemy/actor/lib/test/auto/arrayType18.xml (RunModel)" time="0.007" />
  <testcase classname="ptolemy.util.test.junit.AutoTests" name="[415] /home/travis/build/icyphy/ptII/ptolemy/actor/lib/test/auto/arrayType19.xml (RunModel)" time="0.007" />
  <testcase classname="ptolemy.util.test.junit.AutoTests" name="[416] /home/travis/build/icyphy/ptII/ptolemy/actor/lib/test/auto/arrayType2.xml (RunModel)" time="0.008" />
  <testcase classname="ptolemy.util.test.junit.AutoTests" name="[417] /home/travis/build/icyphy/ptII/ptolemy/actor/lib/test/auto/arrayType20.xml (RunModel)" time="0.008" />
  <testcase classname="ptolemy.util.test.junit.AutoTests" name="[418] /home/travis/build/icyphy/ptII/ptolemy/actor/lib/test/auto/arrayType21.xml (RunModel)" time="0.007" />
  <testcase classname="ptolemy.util.test.junit.AutoTests" name="[419] /home/travis/build/icyphy/ptII/ptolemy/actor/lib/test/auto/arrayType22.xml (RunModel)" time="0.007" />
  <testcase classname="ptolemy.util.test.junit.AutoTests" name="[420] /home/travis/build/icyphy/ptII/ptolemy/actor/lib/test/auto/arrayType23.xml (RunModel)" time="0.008" />
  <testcase classname="ptolemy.util.test.junit.AutoTests" name="[421] /home/travis/build/icyphy/ptII/ptolemy/actor/lib/test/auto/arrayType24.xml (RunModel)" time="0.007" />
  <testcase classname="ptolemy.util.test.junit.AutoTests" name="[422] /home/travis/build/icyphy/ptII/ptolemy/actor/lib/test/auto/arrayType25.xml (RunModel)" time="0.007" />
  <testcase classname="ptolemy.util.test.junit.AutoTests" name="[423] /home/travis/build/icyphy/ptII/ptolemy/actor/lib/test/auto/arrayType26.xml (RunModel)" time="0.007" />
  <testcase classname="ptolemy.util.test.junit.AutoTests" name="[424] /home/travis/build/icyphy/ptII/ptolemy/actor/lib/test/auto/arrayType27.xml (RunModel)" time="0.007" />
  <testcase classname="ptolemy.util.test.junit.AutoTests" name="[425] /home/travis/build/icyphy/ptII/ptolemy/actor/lib/test/auto/arrayType28.xml (RunModel)" time="0.008" />
  <testcase classname="ptolemy.util.test.junit.AutoTests" name="[426] /home/travis/build/icyphy/ptII/ptolemy/actor/lib/test/auto/arrayType3.xml (RunModel)" time="0.006" />
  <testcase classname="ptolemy.util.test.junit.AutoTests" name="[427] /home/travis/build/icyphy/ptII/ptolemy/actor/lib/test/auto/arrayType4.xml (RunModel)" time="0.007" />
  <testcase classname="ptolemy.util.test.junit.AutoTests" name="[428] /home/travis/build/icyphy/ptII/ptolemy/actor/lib/test/auto/arrayType5.xml (RunModel)" time="0.007" />
  <testcase classname="ptolemy.util.test.junit.AutoTests" name="[429] /home/travis/build/icyphy/ptII/ptolemy/actor/lib/test/auto/arrayType6.xml (RunModel)" time="0.007" />
  <testcase classname="ptolemy.util.test.junit.AutoTests" name="[430] /home/travis/build/icyphy/ptII/ptolemy/actor/lib/test/auto/arrayType7.xml (RunModel)" time="0.017" />
  <testcase classname="ptolemy.util.test.junit.AutoTests" name="[431] /home/travis/build/icyphy/ptII/ptolemy/actor/lib/test/auto/arrayType8.xml (RunModel)" time="0.012" />
  <testcase classname="ptolemy.util.test.junit.AutoTests" name="[432] /home/travis/build/icyphy/ptII/ptolemy/actor/lib/test/auto/arrayType9.xml (RunModel)" time="0.007" />
  <testcase classname="ptolemy.util.test.junit.AutoTests" name="[433] /home/travis/build/icyphy/ptII/ptolemy/actor/lib/test/auto/cast.xml (RunModel)" time="0.008" />
  <testcase classname="ptolemy.util.test.junit.AutoTests" name="[434] /home/travis/build/icyphy/ptII/ptolemy/actor/lib/test/auto/compositeMultiPort.xml (RunModel)" time="0.015" />
  <testcase classname="ptolemy.util.test.junit.AutoTests" name="[435] /home/travis/build/icyphy/ptII/ptolemy/actor/lib/test/auto/expressionCastInference.xml (RunModel)" time="0.007" />
  <testcase classname="ptolemy.util.test.junit.AutoTests" name="[436] /home/travis/build/icyphy/ptII/ptolemy/actor/lib/test/auto/expressionCastInference2.xml (RunModel)" time="0.006" />
  <testcase classname="ptolemy.util.test.junit.AutoTests" name="[437] /home/travis/build/icyphy/ptII/ptolemy/actor/lib/test/auto/expressionInference.xml (RunModel)" time="0.005" />
  <testcase classname="ptolemy.util.test.junit.AutoTests" name="[438] /home/travis/build/icyphy/ptII/ptolemy/actor/lib/test/auto/expression_bug.xml (RunModel)" time="0.006" />
  <testcase classname="ptolemy.util.test.junit.AutoTests" name="[439] /home/travis/build/icyphy/ptII/ptolemy/actor/lib/test/auto/factorial.xml (RunModel)" time="0.041" />
  <testcase classname="ptolemy.util.test.junit.AutoTests" name="[440] /home/travis/build/icyphy/ptII/ptolemy/actor/lib/test/auto/filterTest1.xml (RunModel)" time="0.016" />
  <testcase classname="ptolemy.util.test.junit.AutoTests" name="[441] /home/travis/build/icyphy/ptII/ptolemy/actor/lib/test/auto/funcApplyInConst.xml (RunModel)" time="0.005" />
  <testcase classname="ptolemy.util.test.junit.AutoTests" name="[442] /home/travis/build/icyphy/ptII/ptolemy/actor/lib/test/auto/funcApplyInExpr.xml (RunModel)" time="0.005" />
  <testcase classname="ptolemy.util.test.junit.AutoTests" name="[443] /home/travis/build/icyphy/ptII/ptolemy/actor/lib/test/auto/function.xml (RunModel)" time="0.027" />
  <testcase classname="ptolemy.util.test.junit.AutoTests" name="[444] /home/travis/build/icyphy/ptII/ptolemy/actor/lib/test/auto/function2.xml (RunModel)" time="0.035" />
  <testcase classname="ptolemy.util.test.junit.AutoTests" name="[445] /home/travis/build/icyphy/ptII/ptolemy/actor/lib/test/auto/function3.xml (RunModel)" time="0.035" />
  <testcase classname="ptolemy.util.test.junit.AutoTests" name="[446] /home/travis/build/icyphy/ptII/ptolemy/actor/lib/test/auto/functionClosureTest1.xml (RunModel)" time="0.055" />
  <testcase classname="ptolemy.util.test.junit.AutoTests" name="[447] /home/travis/build/icyphy/ptII/ptolemy/actor/lib/test/auto/functionClosureTest2.xml (RunModel)" time="0.031" />
  <testcase classname="ptolemy.util.test.junit.AutoTests" name="[448] /home/travis/build/icyphy/ptII/ptolemy/actor/lib/test/auto/functionClosureTest3.xml (RunModel)" time="0.032" />
  <testcase classname="ptolemy.util.test.junit.AutoTests" name="[449] /home/travis/build/icyphy/ptII/ptolemy/actor/lib/test/auto/functionClosureTest4.xml (RunModel)" time="0.026" />
  <testcase classname="ptolemy.util.test.junit.AutoTests" name="[450] /home/travis/build/icyphy/ptII/ptolemy/actor/lib/test/auto/functionClosureTest5.xml (RunModel)" time="0.011" />
  <testcase classname="ptolemy.util.test.junit.AutoTests" name="[451] /home/travis/build/icyphy/ptII/ptolemy/actor/lib/test/auto/functionClosureTest6.xml (RunModel)" time="0.007" />
  <testcase classname="ptolemy.util.test.junit.AutoTests" name="[452] /home/travis/build/icyphy/ptII/ptolemy/actor/lib/test/auto/functionsOnArcs.xml (RunModel)" time="0.008" />
  <testcase classname="ptolemy.util.test.junit.AutoTests" name="[453] /home/travis/build/icyphy/ptII/ptolemy/actor/lib/test/auto/functionsOnArcsHOF.xml (RunModel)" time="0.011" />
  <testcase classname="ptolemy.util.test.junit.AutoTests" name="[454] /home/travis/build/icyphy/ptII/ptolemy/actor/lib/test/auto/logic.xml (RunModel)" time="0.014" />
  <testcase classname="ptolemy.util.test.junit.AutoTests" name="[455] /home/travis/build/icyphy/ptII/ptolemy/actor/lib/test/auto/matrixType.xml (RunModel)" time="0.008" />
  <testcase classname="ptolemy.util.test.junit.AutoTests" name="[456] /home/travis/build/icyphy/ptII/ptolemy/actor/lib/test/auto/matrixType10.xml (RunModel)" time="0.008" />
  <testcase classname="ptolemy.util.test.junit.AutoTests" name="[457] /home/travis/build/icyphy/ptII/ptolemy/actor/lib/test/auto/matrixType11.xml (RunModel)" time="0.006" />
  <testcase classname="ptolemy.util.test.junit.AutoTests" name="[458] /home/travis/build/icyphy/ptII/ptolemy/actor/lib/test/auto/matrixType12.xml (RunModel)" time="0.009" />
  <testcase classname="ptolemy.util.test.junit.AutoTests" name="[459] /home/travis/build/icyphy/ptII/ptolemy/actor/lib/test/auto/matrixType13.xml (RunModel)" time="0.007" />
  <testcase classname="ptolemy.util.test.junit.AutoTests" name="[460] /home/travis/build/icyphy/ptII/ptolemy/actor/lib/test/auto/matrixType14.xml (RunModel)" time="0.009" />
  <testcase classname="ptolemy.util.test.junit.AutoTests" name="[461] /home/travis/build/icyphy/ptII/ptolemy/actor/lib/test/auto/matrixType2.xml (RunModel)" time="0.008" />
  <testcase classname="ptolemy.util.test.junit.AutoTests" name="[462] /home/travis/build/icyphy/ptII/ptolemy/actor/lib/test/auto/matrixType3.xml (RunModel)" time="0.009" />
  <testcase classname="ptolemy.util.test.junit.AutoTests" name="[463] /home/travis/build/icyphy/ptII/ptolemy/actor/lib/test/auto/matrixType4.xml (RunModel)" time="0.007" />
  <testcase classname="ptolemy.util.test.junit.AutoTests" name="[464] /home/travis/build/icyphy/ptII/ptolemy/actor/lib/test/auto/matrixType5.xml (RunModel)" time="0.006" />
  <testcase classname="ptolemy.util.test.junit.AutoTests" name="[465] /home/travis/build/icyphy/ptII/ptolemy/actor/lib/test/auto/matrixType6.xml (RunModel)" time="0.007" />
  <testcase classname="ptolemy.util.test.junit.AutoTests" name="[466] /home/travis/build/icyphy/ptII/ptolemy/actor/lib/test/auto/matrixType7.xml (RunModel)" time="0.007" />
  <testcase classname="ptolemy.util.test.junit.AutoTests" name="[467] /home/travis/build/icyphy/ptII/ptolemy/actor/lib/test/auto/matrixType8.xml (RunModel)" time="0.007" />
  <testcase classname="ptolemy.util.test.junit.AutoTests" name="[468] /home/travis/build/icyphy/ptII/ptolemy/actor/lib/test/auto/matrixType9.xml (RunModel)" time="0.007" />
  <testcase classname="ptolemy.util.test.junit.AutoTests" name="[469] /home/travis/build/icyphy/ptII/ptolemy/actor/lib/test/auto/paraFunctest.xml (RunModel)" time="0.006" />
  <testcase classname="ptolemy.util.test.junit.AutoTests" name="[470] /home/travis/build/icyphy/ptII/ptolemy/actor/lib/test/auto/paraFunctest2.xml (RunModel)" time="0.01" />
  <testcase classname="ptolemy.util.test.junit.AutoTests" name="[471] /home/travis/build/icyphy/ptII/ptolemy/actor/lib/test/auto/parameterPassing.xml (RunModel)" time="0.006" />
  <testcase classname="ptolemy.util.test.junit.AutoTests" name="[472] /home/travis/build/icyphy/ptII/ptolemy/actor/lib/test/auto/record.xml (RunModel)" time="0.008" />
  <testcase classname="ptolemy.util.test.junit.AutoTests" name="[473] /home/travis/build/icyphy/ptII/ptolemy/actor/lib/test/auto/sizedarray1.xml (RunModel)" time="0.008" />
  <testcase classname="ptolemy.util.test.junit.AutoTests" name="[474] /home/travis/build/icyphy/ptII/ptolemy/actor/lib/test/auto/sizedarray2.xml (RunModel)" time="0.008" />
  <testcase classname="ptolemy.util.test.junit.AutoTests" name="[475] /home/travis/build/icyphy/ptII/ptolemy/actor/lib/test/auto/twoPublishers.xml (RunModel)" time="0.021" />
  <system-out><![CDATA[/home/travis/build/icyphy/ptII/ptolemy/actor/lib/test/AbsoluteValue.tcl
testDefs.tcl: setting time out to 9000 seconds at Sun Sep 20 15:47:46 UTC 2020
103 ms. Memory: 129024K Free: 93123K (72%)
7 ms. Memory: 129024K Free: 91075K (71%)
4 ms. Memory: 129024K Free: 90555K (70%)
7 ms. Memory: 129024K Free: 89523K (69%)
/home/travis/build/icyphy/ptII/ptolemy/actor/lib/test/AddSubtract.tcl
13 ms. Memory: 129024K Free: 87489K (68%)
13 ms. Memory: 129024K Free: 86979K (67%)
5 ms. Memory: 129024K Free: 85955K (67%)
7 ms. Memory: 129024K Free: 85427K (66%)
40 ms. Memory: 129024K Free: 82369K (64%)
5 ms. Memory: 129024K Free: 81859K (63%)
/home/travis/build/icyphy/ptII/ptolemy/actor/lib/test/Average.tcl
6 ms. Memory: 129024K Free: 79811K (62%)
6 ms. Memory: 129024K Free: 78787K (61%)
/home/travis/build/icyphy/ptII/ptolemy/actor/lib/test/Bernoulli.tcl
6 ms. Memory: 129024K Free: 77235K (60%)
4 ms. Memory: 129024K Free: 76739K (59%)
/home/travis/build/icyphy/ptII/ptolemy/actor/lib/test/Clock.tcl
preinitializing
resolving types
initializing
executing number 1
wrapping up
idle
19 ms. Memory: 129024K Free: 74177K (57%)
Completed execution with 5 iterations
preinitializing
resolving types
initializing
executing number 1
wrapping up
idle
8 ms. Memory: 129024K Free: 73153K (57%)
Completed execution with 5 iterations
preinitializing
resolving types
initializing
executing number 1
wrapping up
idle
4 ms. Memory: 129024K Free: 72643K (56%)
Completed execution with 5 iterations
/home/travis/build/icyphy/ptII/ptolemy/actor/lib/test/Commutator.tcl
6 ms. Memory: 129024K Free: 70595K (55%)
6 ms. Memory: 129024K Free: 69571K (54%)
12 ms. Memory: 129024K Free: 63923K (50%)
/home/travis/build/icyphy/ptII/ptolemy/actor/lib/test/Const.tcl
4 ms. Memory: 129024K Free: 62403K (48%)
2 ms. Memory: 129024K Free: 61875K (48%)
3 ms. Memory: 129024K Free: 61379K (48%)
2 ms. Memory: 129024K Free: 60835K (47%)
1 ms. Memory: 129024K Free: 60355K (47%)
11 ms. Memory: 129024K Free: 58817K (46%)
4 ms. Memory: 129024K Free: 57787K (45%)
3 ms. Memory: 129024K Free: 56755K (44%)
/home/travis/build/icyphy/ptII/ptolemy/actor/lib/test/CurrentTime.tcl
preinitializing
resolving types
initializing
executing number 1
wrapping up
idle
7 ms. Memory: 129024K Free: 54721K (42%)
Completed execution with 11 iterations
/home/travis/build/icyphy/ptII/ptolemy/actor/lib/test/DB.tcl
12 ms. Memory: 129024K Free: 53187K (41%)
5 ms. Memory: 129024K Free: 52673K (41%)
3 ms. Memory: 129024K Free: 52163K (40%)
/home/travis/build/icyphy/ptII/ptolemy/actor/lib/test/DiscreteRandomSource.tcl
preinitializing
resolving types
initializing
executing number 1
wrapping up
idle
8 ms. Memory: 129024K Free: 50619K (39%)
Completed execution with 4 iterations
preinitializing
resolving types
initializing
executing number 1
wrapping up
idle
4 ms. Memory: 129024K Free: 50115K (39%)
Completed execution with 4 iterations
preinitializing
resolving types
initializing
executing number 1
wrapping up
idle
9 ms. Memory: 129024K Free: 49587K (38%)
Completed execution with 4 iterations
preinitializing
resolving types
initializing
executing number 1
wrapping up
idle
2 ms. Memory: 129024K Free: 49091K (38%)
Completed execution with 4 iterations
preinitializing
resolving types
initializing
executing number 1
wrapping up
idle
3 ms. Memory: 129024K Free: 48547K (38%)
Completed execution with 4 iterations
/home/travis/build/icyphy/ptII/ptolemy/actor/lib/test/Distributor.tcl
26 ms. Memory: 129024K Free: 113707K (88%)
12 ms. Memory: 129024K Free: 113157K (88%)
StreamChangeRequest.changeExecuted(): <deleteEntity name="rec2"/> succeeded
StreamChangeRequest.changeExecuted(): <deleteRelation name="r2"/> succeeded
StreamChangeRequest.changeExecuted(): Record firings per iteration succeeded
15 ms. Memory: 129024K Free: 110649K (86%)
/home/travis/build/icyphy/ptII/ptolemy/actor/lib/test/Exit.tcl
Exit.tcl: this will print a message about Manager.exitAfterWrapup, which can be ignored.
5 ms. Memory: 129024K Free: 107546K (83%)
/home/travis/build/icyphy/ptII/ptolemy/actor/lib/test/Expression.tcl
22 ms. Memory: 129024K Free: 104387K (81%)
10 ms. Memory: 129024K Free: 103481K (80%)
2 ms. Memory: 129024K Free: 102917K (80%)
preinitializing
resolving types
initializing
executing number 1
wrapping up
idle
10 ms. Memory: 129024K Free: 101419K (79%)
Completed execution with 6 iterations
3 ms. Memory: 129024K Free: 100425K (78%)
2 ms. Memory: 129024K Free: 99823K (77%)
9 ms. Memory: 129024K Free: 98355K (76%)
7 ms. Memory: 129024K Free: 97219K (75%)
6 ms. Memory: 129024K Free: 95749K (74%)
/home/travis/build/icyphy/ptII/ptolemy/actor/lib/test/Gaussian.tcl
12 ms. Memory: 129024K Free: 94211K (73%)
sleeping 1 seconds: ...........................................................................................................................................................................................................................................................................................................................................................................................................................................................................................................................................................................................................................................................................................................................................................................................................................................................................................................................................................................................................................................................................................................................................................................................................................................................................................................................................................................................................................................................................................................................................................................................................................................................................................................................................................................................................................................................................................................................................................................................................................................................................................................................................................................................................................................................................................................................................................................................................................................................................................................................................................................................................................................................................................................................................................................................................................................................................................................................................................................................................................................................................................................................................................................................................................................................................................................................................................................................................................................................................................................................................................................................................................................................................................................................................................................................................................................................................................................................................................................................................................................................................................................................................................................................................................................................................................................................................................................................................................................................................................................................................................................................................................................................................................................................................................................................................................................................................................................................................................................................................................................................................................................................................................................................................................................................................................................................................................................................................................................................................................................................................................................................................................................................................................................................................................................................................................................................................................................................................................................................................................................................................................................................................................................................................................................................................................................................................................................................................................................................................................................................................................................................................................................................................................................................................................................................................................................................................................................................................................................................................................................................................................................................................................................................................................................................................................................................................................................................................................................................................................................................................................................................................................................................................................................................................................................................................................................................................................................................................................................................................................................................................................................................................................................................................................................................................................................................................................................................................................................................................................................................................................................................................................................................................................................................................................................................................................................................................................................................................................................................................................................................................................................................................................................................................................................................................................................................................................................................................................................................................................................................................................................................................................................................................................................................................................................................................................................................................................................................................................................................................................................................................................................................................................................................................................................................................................................................................................................................................................................................................................................................................................................................................................................................................................................................................................................................................................................................................................................................................................2 ms. Memory: 129024K Free: 108062K (84%)
2 ms. Memory: 129024K Free: 107518K (83%)
2 ms. Memory: 129024K Free: 106524K (83%)
5 ms. Memory: 129024K Free: 106012K (82%)
3 ms. Memory: 129024K Free: 105500K (82%)
/home/travis/build/icyphy/ptII/ptolemy/actor/lib/test/IIR.tcl
/home/travis/build/icyphy/ptII/ptolemy/actor/lib/test/Interpolator.tcl
3 ms. Memory: 129024K Free: 101918K (79%)
1 ms. Memory: 129024K Free: 100894K (78%)
3 ms. Memory: 129024K Free: 100380K (78%)
1 ms. Memory: 129024K Free: 99870K (77%)
1 ms. Memory: 129024K Free: 98846K (77%)
5 ms. Memory: 129024K Free: 98318K (76%)
2 ms. Memory: 129024K Free: 97294K (75%)
2 ms. Memory: 129024K Free: 96270K (75%)
2 ms. Memory: 129024K Free: 95774K (74%)
2 ms. Memory: 129024K Free: 94750K (73%)
/home/travis/build/icyphy/ptII/ptolemy/actor/lib/test/MathFunction.tcl
4 ms. Memory: 129024K Free: 92702K (72%)
2 ms. Memory: 129024K Free: 91678K (71%)
2 ms. Memory: 129024K Free: 90654K (70%)
1 ms. Memory: 129024K Free: 89630K (69%)
3 ms. Memory: 129024K Free: 88062K (68%)
5 ms. Memory: 129024K Free: 86558K (67%)
/home/travis/build/icyphy/ptII/ptolemy/actor/lib/test/Maximum.tcl
3 ms. Memory: 129024K Free: 84510K (65%)
2 ms. Memory: 129024K Free: 83996K (65%)
1 ms. Memory: 129024K Free: 82958K (64%)
2 ms. Memory: 129024K Free: 82462K (64%)
/home/travis/build/icyphy/ptII/ptolemy/actor/lib/test/Minimum.tcl
5 ms. Memory: 129024K Free: 80924K (63%)
4 ms. Memory: 129024K Free: 79870K (62%)
5 ms. Memory: 129024K Free: 79390K (62%)
2 ms. Memory: 129024K Free: 78876K (61%)
/home/travis/build/icyphy/ptII/ptolemy/actor/lib/test/MultiplyDivide.tcl
4 ms. Memory: 129024K Free: 76814K (60%)
2 ms. Memory: 129024K Free: 76318K (59%)
4 ms. Memory: 129024K Free: 75294K (58%)
4 ms. Memory: 129024K Free: 74750K (58%)
5 ms. Memory: 129024K Free: 73742K (57%)
/home/travis/build/icyphy/ptII/ptolemy/actor/lib/test/OrderedMerge.tcl
Connections changed on port: inputA
Connections changed on port: inputB
Connections changed on port: output
Connections changed on port: output
Connections changed on port: output
Connections changed on port: input
.top. Preinitializing ...
Invoking preinitialize():  .top.OrderedMerge
Called preinitialize()
Invoking preinitialize():  .top.Ramp
Called preinitialize()
Invoking preinitialize():  .top.Ramp2
Called preinitialize()
Invoking preinitialize():  .top.Test
Called preinitialize()
Connections changed on port: inputA
Connections changed on port: output
Connections changed on port: output
Connections changed on port: input
Connections changed on port: inputB
Connections changed on port: output
.top. Finished preinitialize().
Called initialize().
Invoking initialize():  .top.OrderedMerge
Initializing actor: .top.OrderedMerge
Adding a thread: .top.OrderedMerge
Invoking initialize():  .top.Ramp
Initializing actor: .top.Ramp
Adding a thread: .top.Ramp
Invoking initialize():  .top.Ramp2
Initializing actor: .top.Ramp2
Adding a thread: .top.Ramp2
Invoking initialize():  .top.Test
Initializing actor: .top.Test
Adding a thread: .top.Test
Called fire().
Checking for deadlock:
-- Starting thread.
Called initialize()
Called prefire()
Called fire()
-- Starting thread.
Called initialize()
Called prefire()
Called fire()
-- Starting thread.
Called initialize()
Called prefire()
Called fire()
There are 0 Blocked actors, 0 Stopped actors, and 4 active threads.
Waiting for actors to stop.
Called postfire()
Called prefire()
Called fire()
Called postfire()
Called prefire()
Called fire()
-- Starting thread.
Called initialize()
Checking for deadlock:
There are 3 Blocked actors, 0 Stopped actors, and 4 active threads.
Waiting for actors to stop.
Called prefire()
Called fire()
Called postfire()
Called prefire()
Called fire()
Checking for deadlock:
There are 3 Blocked actors, 0 Stopped actors, and 4 active threads.
Waiting for actors to stop.
Read input token from inputA with value 0.0
Next port to read input from is inputB
Called postfire()
Called prefire()
Called fire()
Read input token from inputB with value 0.0
Called postfire()
Called prefire()
Called fire()
Checking for deadlock:
There are 2 Blocked actors, 0 Stopped actors, and 4 active threads.
Waiting for actors to stop.
Sent output token with value 0.0
Next port to read input from is inputA
Called postfire()
Called prefire()
Called fire()
Read input token from inputA with value 1.0
Sent output token with value 0.0
Next port to read input from is inputB
Called postfire()
Called prefire()
Called fire()
-- Read input: 0.0, which is expected to match: 0.0
Read input token from inputB with value 1.5
Called prefire()
Called fire()
-- Read input: 0.0, which is expected to match: 0.0
Called prefire()
Called fire()
Called postfire()
Called prefire()
Sent output token with value 1.0
Next port to read input from is inputA
Called postfire()
Called prefire()
Called fire()
Called fire()
Checking for deadlock:
There are 2 Blocked actors, 0 Stopped actors, and 4 active threads.
Waiting for actors to stop.
Called postfire()
Called prefire()
Called fire()
Checking for deadlock:
-- Read input: 1.0, which is expected to match: 1.0
Read input token from inputA with value 2.0
Called prefire()
Called fire()
There are 1 Blocked actors, 0 Stopped actors, and 4 active threads.
Waiting for actors to stop.
Called postfire()
Sent output token with value 1.5
Next port to read input from is inputB
Called postfire()
Called prefire()
Called fire()
Read input token from inputB with value 3.0
Sent output token with value 2.0
Next port to read input from is inputA
Called postfire()
Called prefire()
Called fire()
Read input token from inputA with value 3.0
Called prefire()
Called fire()
Called postfire()
Called prefire()
Called fire()
-- Read input: 1.5, which is expected to match: 1.5
Called prefire()
Called fire()
-- Read input: 2.0, which is expected to match: 2.0
Called prefire()
Called fire()
Checking for deadlock:
There are 2 Blocked actors, 0 Stopped actors, and 4 active threads.
Waiting for actors to stop.
Sent output token with value 3.0
Called postfire()
Called prefire()
Called fire()
Next port to read input from is inputB
Called postfire()
Called prefire()
Called fire()
Checking for deadlock:
There are 1 Blocked actors, 0 Stopped actors, and 4 active threads.
Waiting for actors to stop.
Read input token from inputB with value 4.5
Sent output token with value 3.0
-- Read input: 3.0, which is expected to match: 3.0
Next port to read input from is inputA
Called postfire()
Called prefire()
Called fire()
Called postfire()
Called prefire()
Called fire()
Read input token from inputA with value 4.0
Called prefire()
Called fire()
-- Read input: 3.0, which is expected to match: 3.0
Called prefire()
Called fire()
Called postfire()
Called prefire()
Called fire()
Checking for deadlock:
There are 3 Blocked actors, 0 Stopped actors, and 4 active threads.
Waiting for actors to stop.
-- Read input: 4.0, which is expected to match: 4.0
Called prefire()
Called fire()
Past the end of training data. Read and discard all inputs.
Checking for deadlock:
There are 3 Blocked actors, 0 Stopped actors, and 4 active threads.
Waiting for actors to stop.
Sent output token with value 4.0
Next port to read input from is inputA
Called postfire()
Called prefire()
Called fire()
Read input token from inputA with value 5.0
Sent output token with value 4.5
Called postfire()
Next port to read input from is inputB
Called postfire()
Called prefire()
Called fire()
Checking for deadlock:
Called prefire()
Called fire()
There are 1 Blocked actors, 0 Stopped actors, and 4 active threads.
Waiting for actors to stop.
Read input token from inputB with value 6.0
Checking for deadlock:
There are 2 Blocked actors, 0 Stopped actors, and 4 active threads.
Waiting for actors to stop.
Called prefire()
Called fire()
Past the end of training data. Read and discard all inputs.
Called postfire()
Called prefire()
Called fire()
Checking for deadlock:
There are 3 Blocked actors, 0 Stopped actors, and 4 active threads.
Waiting for actors to stop.
Called prefire()
Called fire()
Sent output token with value 5.0
Past the end of training data. Read and discard all inputs.
Next port to read input from is inputA
Called postfire()
Called prefire()
Called fire()
Read input token from inputA with value 6.0
Sent output token with value 6.0
Next port to read input from is inputB
Called postfire()
Called prefire()
Called fire()
Read input token from inputB with value 7.5
Checking for deadlock:
There are 1 Blocked actors, 0 Stopped actors, and 4 active threads.
Waiting for actors to stop.
Called postfire()
Called prefire()
Called fire()
Called prefire()
Called fire()
Past the end of training data. Read and discard all inputs.
Called postfire()
Called prefire()
Called fire()
Checking for deadlock:
There are 3 Blocked actors, 0 Stopped actors, and 4 active threads.
Waiting for actors to stop.
Sent output token with value 6.0
Checking for deadlock:
Called prefire()
Called fire()
Past the end of training data. Read and discard all inputs.
Next port to read input from is inputA
Called postfire()
Called prefire()
Called fire()
There are 2 Blocked actors, 0 Stopped actors, and 4 active threads.
Waiting for actors to stop.
Called postfire()
Read input token from inputA with value 7.0
Called prefire()
Called fire()
Sent output token with value 7.0
Next port to read input from is inputA
Called postfire()
Called prefire()
Called fire()
Read input token from inputA with value 8.0
Called prefire()
Called fire()
Past the end of training data. Read and discard all inputs.
Sent output token with value 7.5
Next port to read input from is inputB
Called postfire()
Called prefire()
Called fire()
-- Thread wrapup() called.
Called wrapup()
Read input token from inputB with value 9.0
Thread .top.Ramp is exiting.
-- Thread stopped.
Checking for deadlock:
There are 0 Blocked actors, 0 Stopped actors, and 3 active threads.
Waiting for actors to stop.
Called prefire()
Called fire()
Past the end of training data. Read and discard all inputs.
Called postfire()
Called prefire()
Called fire()
Checking for deadlock:
There are 2 Blocked actors, 0 Stopped actors, and 3 active threads.
Waiting for actors to stop.
Sent output token with value 8.0
Next port to read input from is inputA
Called postfire()
Called prefire()
Called fire()
Read input token from inputA with value 9.0
Checking for deadlock:
Called prefire()
There are 1 Blocked actors, 0 Stopped actors, and 3 active threads.
Called fire()
Waiting for actors to stop.
Past the end of training data. Read and discard all inputs.
Called prefire()
Called fire()
Sent output token with value 9.0
Past the end of training data. Read and discard all inputs.
Next port to read input from is inputB
Called postfire()
Called prefire()
Called fire()
Read input token from inputB with value 10.5
Sent output token with value 9.0
Next port to read input from is inputA
Called postfire()
Called prefire()
Called fire()
Called prefire()
Called postfire()
Called fire()
Checking for deadlock:
Called prefire()
Past the end of training data. Read and discard all inputs.
There are 1 Blocked actors, 0 Stopped actors, and 3 active threads.
Called fire()
Waiting for actors to stop.
Checking for deadlock:
There are 2 Blocked actors, 0 Stopped actors, and 3 active threads.
Waiting for actors to stop.
Checking for deadlock:
There are 3 Blocked actors, 0 Stopped actors, and 3 active threads.
Actors have stopped.
Checking for deadlock:
There are 3 Blocked actors, 0 Stopped actors, and 3 active threads.
Deadlock detected.
Resolving Deadlock
Checking for deadlock:
There are 3 Blocked actors, 0 Stopped actors, and 3 active threads.
Artificial Deadlock - increasing queue capacity.
increasing the capacity of receiver ptolemy.actor.TypedIOPort {.top.OrderedMerge.inputB} to 2
-- Thread wrapup() called.
Called wrapup()
Thread .top.Ramp2 is exiting.
-- Thread stopped.
Director: Called postfire().
Called postfire().
_stopRequested = false
_stopFireRequested = false
Returning from postfire(): true
Called fire().
Checking for deadlock:
There are 2 Blocked actors, 0 Stopped actors, and 2 active threads.
Actors have stopped.
Checking for deadlock:
There are 2 Blocked actors, 0 Stopped actors, and 2 active threads.
Deadlock detected.
Resolving Deadlock
Checking for deadlock:
There are 2 Blocked actors, 0 Stopped actors, and 2 active threads.
Deadlock detected: no processes blocked on write, but some are blocked on read.
Called postfire().
_stopRequested = false
_stopFireRequested = false
Returning from postfire(): false
Finished deactivating branches.
Called wrapup().
-- Thread wrapup() called.
-- Thread wrapup() called.
Called wrapup()
Called wrapup()
Thread .top.OrderedMerge is exiting.
-- Thread stopped.
Thread .top.Test is exiting.
-- Blocked Receiver call threw TerminateProcessException.
-- Thread stopped.
-- Blocked Receiver call threw TerminateProcessException.
48 ms. Memory: 129024K Free: 69660K (54%)
.top. Preinitializing ...
Invoking preinitialize():  .top.OrderedMerge
Called preinitialize()
Invoking preinitialize():  .top.Ramp
Called preinitialize()
Invoking preinitialize():  .top.Ramp2
Called preinitialize()
Invoking preinitialize():  .top.Test
Called preinitialize()
.top. Finished preinitialize().
Called initialize().
Invoking initialize():  .top.OrderedMerge
Initializing actor: .top.OrderedMerge
Adding a thread: .top.OrderedMerge
Invoking initialize():  .top.Ramp
Initializing actor: .top.Ramp
Adding a thread: .top.Ramp
Invoking initialize():  .top.Ramp2
Initializing actor: .top.Ramp2
Adding a thread: .top.Ramp2
Invoking initialize():  .top.Test
Initializing actor: .top.Test
Adding a thread: .top.Test
-- Starting thread.
Called initialize()
Called prefire()
Called fire()
-- Starting thread.
Called initialize()
Called prefire()
Called fire()
Called postfire()
Called prefire()
Called fire()
-- Starting thread.
Called initialize()
Called prefire()
Called fire()
Called postfire()
Called prefire()
Called fire()
Called fire().
Checking for deadlock:
There are 3 Blocked actors, 0 Stopped actors, and 4 active threads.
Waiting for actors to stop.
-- Starting thread.
Called initialize()
Called prefire()
Called fire()
Checking for deadlock:
There are 2 Blocked actors, 0 Stopped actors, and 4 active threads.
Waiting for actors to stop.
Called postfire()
Called prefire()
Called fire()
Checking for deadlock:
There are 3 Blocked actors, 0 Stopped actors, and 4 active threads.
Waiting for actors to stop.
Read input token from inputA with value 0.0
Next port to read input from is inputB
Called postfire()
Called prefire()
Called fire()
Called postfire()
Called prefire()
Called fire()
Checking for deadlock:
There are 3 Blocked actors, 0 Stopped actors, and 4 active threads.
Waiting for actors to stop.
Read input token from inputB with value 0.0
-- Read input: 0.0, which is expected to match: 0.0
Called prefire()
Called fire()
Checking for deadlock:
There are 3 Blocked actors, 0 Stopped actors, and 4 active threads.
Waiting for actors to stop.
Sent output token with value 0.0
Next port to read input from is inputA
Called postfire()
Called prefire()
Called fire()
Checking for deadlock:
There are 2 Blocked actors, 0 Stopped actors, and 4 active threads.
Waiting for actors to stop.
Called postfire()
Called prefire()
Called fire()
Checking for deadlock:
There are 3 Blocked actors, 0 Stopped actors, and 4 active threads.
Waiting for actors to stop.
Read input token from inputA with value 1.0
Checking for deadlock:
There are 2 Blocked actors, 0 Stopped actors, and 4 active threads.
Waiting for actors to stop.
-- Read input: 0.0, which is expected to match: 0.0
Called prefire()
Called fire()
Checking for deadlock:
There are 3 Blocked actors, 0 Stopped actors, and 4 active threads.
Waiting for actors to stop.
Sent output token with value 0.0
Next port to read input from is inputB
Called postfire()
Called prefire()
Called fire()
Checking for deadlock:
There are 2 Blocked actors, 0 Stopped actors, and 4 active threads.
Waiting for actors to stop.
Called postfire()
Called prefire()
Called fire()
Checking for deadlock:
There are 3 Blocked actors, 0 Stopped actors, and 4 active threads.
Waiting for actors to stop.
Read input token from inputB with value 1.5
Checking for deadlock:
There are 2 Blocked actors, 0 Stopped actors, and 4 active threads.
Waiting for actors to stop.
-- Read input: 1.0, which is expected to match: 1.0
Called prefire()
Called fire()
Checking for deadlock:
There are 3 Blocked actors, 0 Stopped actors, and 4 active threads.
Waiting for actors to stop.
Sent output token with value 1.0
Next port to read input from is inputA
Called postfire()
Called prefire()
Called fire()
Checking for deadlock:
There are 2 Blocked actors, 0 Stopped actors, and 4 active threads.
Waiting for actors to stop.
Called postfire()
Called prefire()
Called fire()
Checking for deadlock:
There are 3 Blocked actors, 0 Stopped actors, and 4 active threads.
Waiting for actors to stop.
Read input token from inputA with value 2.0
Checking for deadlock:
There are 2 Blocked actors, 0 Stopped actors, and 4 active threads.
Waiting for actors to stop.
-- Read input: 1.5, which is expected to match: 1.5
Called prefire()
Called fire()
Checking for deadlock:
There are 3 Blocked actors, 0 Stopped actors, and 4 active threads.
Waiting for actors to stop.
Sent output token with value 1.5
Next port to read input from is inputB
Called postfire()
Called prefire()
Called fire()
Called postfire()
Called prefire()
Called fire()
Checking for deadlock:
There are 3 Blocked actors, 0 Stopped actors, and 4 active threads.
Waiting for actors to stop.
Read input token from inputB with value 3.0
-- Read input: 2.0, which is expected to match: 2.0
Called prefire()
Called fire()
Checking for deadlock:
There are 3 Blocked actors, 0 Stopped actors, and 4 active threads.
Waiting for actors to stop.
Sent output token with value 2.0
Next port to read input from is inputA
Called postfire()
Called prefire()
Called fire()
Checking for deadlock:
There are 2 Blocked actors, 0 Stopped actors, and 4 active threads.
Waiting for actors to stop.
Called postfire()
Called prefire()
Called fire()
Checking for deadlock:
There are 3 Blocked actors, 0 Stopped actors, and 4 active threads.
Waiting for actors to stop.
Read input token from inputA with value 3.0
Checking for deadlock:
There are 2 Blocked actors, 0 Stopped actors, and 4 active threads.
Waiting for actors to stop.
-- Read input: 3.0, which is expected to match: 3.0
Called prefire()
Called fire()
Checking for deadlock:
There are 3 Blocked actors, 0 Stopped actors, and 4 active threads.
Waiting for actors to stop.
Sent output token with value 3.0
Next port to read input from is inputB
Called postfire()
Called prefire()
Called fire()
Checking for deadlock:
There are 2 Blocked actors, 0 Stopped actors, and 4 active threads.
Waiting for actors to stop.
Called postfire()
Called prefire()
Called fire()
Checking for deadlock:
There are 3 Blocked actors, 0 Stopped actors, and 4 active threads.
Waiting for actors to stop.
Read input token from inputB with value 4.5
Checking for deadlock:
There are 2 Blocked actors, 0 Stopped actors, and 4 active threads.
Waiting for actors to stop.
-- Read input: 3.0, which is expected to match: 3.0
Called prefire()
Called fire()
Checking for deadlock:
There are 3 Blocked actors, 0 Stopped actors, and 4 active threads.
Waiting for actors to stop.
Sent output token with value 3.0
Next port to read input from is inputA
Called postfire()
Called prefire()
Called fire()
Checking for deadlock:
There are 2 Blocked actors, 0 Stopped actors, and 4 active threads.
Waiting for actors to stop.
Called postfire()
Called prefire()
Called fire()
Checking for deadlock:
There are 3 Blocked actors, 0 Stopped actors, and 4 active threads.
Waiting for actors to stop.
Read input token from inputA with value 4.0
Checking for deadlock:
There are 2 Blocked actors, 0 Stopped actors, and 4 active threads.
Waiting for actors to stop.
-- Read input: 4.0, which is expected to match: 4.0
Called prefire()
Called fire()
Past the end of training data. Read and discard all inputs.
Checking for deadlock:
There are 3 Blocked actors, 0 Stopped actors, and 4 active threads.
Waiting for actors to stop.
Sent output token with value 4.0
Next port to read input from is inputA
Called postfire()
Called prefire()
Called fire()
Checking for deadlock:
There are 2 Blocked actors, 0 Stopped actors, and 4 active threads.
Waiting for actors to stop.
Called postfire()
Called prefire()
Called fire()
Checking for deadlock:
There are 3 Blocked actors, 0 Stopped actors, and 4 active threads.
Waiting for actors to stop.
Read input token from inputA with value 5.0
Checking for deadlock:
There are 2 Blocked actors, 0 Stopped actors, and 4 active threads.
Waiting for actors to stop.
Called prefire()
Called fire()
Past the end of training data. Read and discard all inputs.
Checking for deadlock:
There are 3 Blocked actors, 0 Stopped actors, and 4 active threads.
Waiting for actors to stop.
Sent output token with value 4.5
Next port to read input from is inputB
Called postfire()
Called prefire()
Called fire()
Checking for deadlock:
There are 2 Blocked actors, 0 Stopped actors, and 4 active threads.
Waiting for actors to stop.
Called postfire()
Called prefire()
Called fire()
Checking for deadlock:
There are 3 Blocked actors, 0 Stopped actors, and 4 active threads.
Waiting for actors to stop.
Read input token from inputB with value 6.0
Checking for deadlock:
There are 2 Blocked actors, 0 Stopped actors, and 4 active threads.
Waiting for actors to stop.
Called prefire()
Called fire()
Past the end of training data. Read and discard all inputs.
Checking for deadlock:
There are 3 Blocked actors, 0 Stopped actors, and 4 active threads.
Waiting for actors to stop.
Sent output token with value 5.0
Next port to read input from is inputA
Called postfire()
Called prefire()
Called fire()
Called postfire()
Called prefire()
Called fire()
Checking for deadlock:
There are 3 Blocked actors, 0 Stopped actors, and 4 active threads.
Waiting for actors to stop.
Read input token from inputA with value 6.0
Called prefire()
Called fire()
Past the end of training data. Read and discard all inputs.
Checking for deadlock:
There are 3 Blocked actors, 0 Stopped actors, and 4 active threads.
Waiting for actors to stop.
Sent output token with value 6.0
Next port to read input from is inputB
Called postfire()
Called prefire()
Called fire()
Checking for deadlock:
There are 2 Blocked actors, 0 Stopped actors, and 4 active threads.
Waiting for actors to stop.
Called postfire()
Called prefire()
Called fire()
Checking for deadlock:
There are 3 Blocked actors, 0 Stopped actors, and 4 active threads.
Waiting for actors to stop.
Read input token from inputB with value 7.5
Checking for deadlock:
There are 2 Blocked actors, 0 Stopped actors, and 4 active threads.
Waiting for actors to stop.
Called prefire()
Called fire()
Past the end of training data. Read and discard all inputs.
Checking for deadlock:
There are 3 Blocked actors, 0 Stopped actors, and 4 active threads.
Waiting for actors to stop.
Sent output token with value 6.0
Next port to read input from is inputA
Called postfire()
Called prefire()
Called fire()
Called postfire()
Called prefire()
Called fire()
Checking for deadlock:
There are 3 Blocked actors, 0 Stopped actors, and 4 active threads.
Waiting for actors to stop.
Read input token from inputA with value 7.0
Called prefire()
Called fire()
Past the end of training data. Read and discard all inputs.
Checking for deadlock:
There are 3 Blocked actors, 0 Stopped actors, and 4 active threads.
Waiting for actors to stop.
Sent output token with value 7.0
Next port to read input from is inputA
Called postfire()
Called prefire()
Called fire()
-- Thread wrapup() called.
Called wrapup()
Thread .top.Ramp is exiting.
-- Thread stopped.
Checking for deadlock:
There are 2 Blocked actors, 0 Stopped actors, and 3 active threads.
Waiting for actors to stop.
Read input token from inputA with value 8.0
Checking for deadlock:
There are 1 Blocked actors, 0 Stopped actors, and 3 active threads.
Waiting for actors to stop.
Called prefire()
Called fire()
Past the end of training data. Read and discard all inputs.
Checking for deadlock:
There are 2 Blocked actors, 0 Stopped actors, and 3 active threads.
Waiting for actors to stop.
Sent output token with value 7.5
Next port to read input from is inputB
Called postfire()
Called prefire()
Called fire()
Checking for deadlock:
There are 1 Blocked actors, 0 Stopped actors, and 3 active threads.
Waiting for actors to stop.
Called postfire()
Called prefire()
Called fire()
Checking for deadlock:
There are 2 Blocked actors, 0 Stopped actors, and 3 active threads.
Waiting for actors to stop.
Read input token from inputB with value 9.0
Checking for deadlock:
There are 1 Blocked actors, 0 Stopped actors, and 3 active threads.
Waiting for actors to stop.
Called prefire()
Called fire()
Past the end of training data. Read and discard all inputs.
Checking for deadlock:
There are 2 Blocked actors, 0 Stopped actors, and 3 active threads.
Waiting for actors to stop.
Sent output token with value 8.0
Next port to read input from is inputA
Called postfire()
Called prefire()
Called fire()
Read input token from inputA with value 9.0
Called prefire()
Called fire()
Past the end of training data. Read and discard all inputs.
Checking for deadlock:
There are 2 Blocked actors, 0 Stopped actors, and 3 active threads.
Waiting for actors to stop.
Sent output token with value 9.0
Next port to read input from is inputB
Called postfire()
Called prefire()
Called fire()
Called postfire()
Called prefire()
Called fire()
Checking for deadlock:
There are 2 Blocked actors, 0 Stopped actors, and 3 active threads.
Waiting for actors to stop.
Read input token from inputB with value 10.5
Called prefire()
Called fire()
Past the end of training data. Read and discard all inputs.
Checking for deadlock:
There are 2 Blocked actors, 0 Stopped actors, and 3 active threads.
Waiting for actors to stop.
Sent output token with value 9.0
Next port to read input from is inputA
Called postfire()
Called prefire()
Called fire()
Checking for deadlock:
There are 3 Blocked actors, 0 Stopped actors, and 3 active threads.
Actors have stopped.
Checking for deadlock:
There are 3 Blocked actors, 0 Stopped actors, and 3 active threads.
Deadlock detected.
Resolving Deadlock
Checking for deadlock:
There are 3 Blocked actors, 0 Stopped actors, and 3 active threads.
Artificial Deadlock - increasing queue capacity.
increasing the capacity of receiver ptolemy.actor.TypedIOPort {.top.OrderedMerge.inputB} to 2
Director: Called postfire().
Called postfire().
_stopRequested = false
_stopFireRequested = false
Returning from postfire(): true
Called fire().
Checking for deadlock:
There are 2 Blocked actors, 0 Stopped actors, and 3 active threads.
Waiting for actors to stop.
-- Thread wrapup() called.
Called wrapup()
Thread .top.Ramp2 is exiting.
-- Thread stopped.
Checking for deadlock:
There are 2 Blocked actors, 0 Stopped actors, and 2 active threads.
Actors have stopped.
Checking for deadlock:
There are 2 Blocked actors, 0 Stopped actors, and 2 active threads.
Deadlock detected.
Resolving Deadlock
Checking for deadlock:
There are 2 Blocked actors, 0 Stopped actors, and 2 active threads.
Deadlock detected: no processes blocked on write, but some are blocked on read.
Called postfire().
_stopRequested = false
_stopFireRequested = false
Returning from postfire(): false
Finished deactivating branches.
Called wrapup().
-- Thread wrapup() called.
Called wrapup()
-- Thread wrapup() called.
Called wrapup()
Thread .top.Test is exiting.
-- Thread stopped.
-- Blocked Receiver call threw TerminateProcessException.
Thread .top.OrderedMerge is exiting.
-- Thread stopped.
-- Blocked Receiver call threw TerminateProcessException.
30 ms. Memory: 129024K Free: 68126K (53%)
/home/travis/build/icyphy/ptII/ptolemy/actor/lib/test/Publisher.tcl
11 ms. Memory: 129024K Free: 107888K (84%)
6 ms. Memory: 129024K Free: 102768K (80%)
5 ms. Memory: 129024K Free: 98672K (76%)
5 ms. Memory: 129024K Free: 98158K (76%)
12 ms. Memory: 129024K Free: 97128K (75%)
10 ms. Memory: 129024K Free: 96110K (74%)
2 ms. Memory: 129024K Free: 95600K (74%)
3 ms. Memory: 129024K Free: 94576K (73%)
22 ms. Memory: 129024K Free: 103155K (80%)
5 ms. Memory: 129024K Free: 99044K (77%)
3 ms. Memory: 129024K Free: 98549K (76%)
3 ms. Memory: 129024K Free: 96501K (75%)
5 ms. Memory: 129024K Free: 88819K (69%)
5 ms. Memory: 129024K Free: 79093K (61%)
6 ms. Memory: 129024K Free: 68339K (53%)
/home/travis/build/icyphy/ptII/ptolemy/actor/lib/test/Pulse.tcl
2 ms. Memory: 129024K Free: 84471K (65%)
1 ms. Memory: 129024K Free: 83957K (65%)
1 ms. Memory: 129024K Free: 83447K (65%)
1 ms. Memory: 129024K Free: 82903K (64%)
1 ms. Memory: 129024K Free: 82423K (64%)
10 ms. Memory: 129024K Free: 80885K (63%)
2 ms. Memory: 129024K Free: 80375K (62%)
2 ms. Memory: 129024K Free: 79351K (62%)
1 ms. Memory: 129024K Free: 78837K (61%)
/home/travis/build/icyphy/ptII/ptolemy/actor/lib/test/Ramp.tcl
2 ms. Memory: 129024K Free: 76759K (59%)
2 ms. Memory: 129024K Free: 76279K (59%)
2 ms. Memory: 129024K Free: 75255K (58%)
2 ms. Memory: 129024K Free: 74711K (58%)
4 ms. Memory: 129024K Free: 73717K (57%)
4 ms. Memory: 129024K Free: 72693K (56%)
8 ms. Memory: 129024K Free: 72181K (56%)
5 actors
6000 microseconds per iteration to create
10 ms. Memory: 129024K Free: 69111K (54%)
6 ms. Memory: 129024K Free: 68567K (53%)
2 ms. Memory: 129024K Free: 68087K (53%)
1 ms. Memory: 129024K Free: 67543K (52%)
50 actors
43000 microseconds per iteration to create
51 ms. Memory: 155648K Free: 134433K (86%)
13 ms. Memory: 155648K Free: 133409K (86%)
5 ms. Memory: 155648K Free: 132385K (85%)
13 ms. Memory: 155648K Free: 131361K (84%)
500 actors
1447000 microseconds per iteration to create
245 ms. Memory: 155648K Free: 110810K (71%)
40 ms. Memory: 155648K Free: 105180K (68%)
41 ms. Memory: 155648K Free: 100060K (64%)
35 ms. Memory: 155648K Free: 94940K (61%)
/home/travis/build/icyphy/ptII/ptolemy/actor/lib/test/RampContinuous.tcl
10 ms. Memory: 155648K Free: 93387K (60%)
/home/travis/build/icyphy/ptII/ptolemy/actor/lib/test/RecordAssembler.tcl
5 ms. Memory: 155648K Free: 91868K (59%)
4 ms. Memory: 155648K Free: 90844K (58%)
/home/travis/build/icyphy/ptII/ptolemy/actor/lib/test/RecordDisassembler.tcl
14 ms. Memory: 155648K Free: 89291K (57%)
4 ms. Memory: 155648K Free: 88796K (57%)
3 ms. Memory: 155648K Free: 87258K (56%)
/home/travis/build/icyphy/ptII/ptolemy/actor/lib/test/Scale.tcl
3 ms. Memory: 155648K Free: 85724K (55%)
1 ms. Memory: 155648K Free: 84700K (54%)
1 ms. Memory: 155648K Free: 84155K (54%)
4 ms. Memory: 155648K Free: 83137K (53%)
7 ms. Memory: 155648K Free: 82123K (53%)
/home/travis/build/icyphy/ptII/ptolemy/actor/lib/test/SequentialClock.tcl
preinitializing
resolving types
initializing
executing number 1
wrapping up
idle
2 ms. Memory: 155648K Free: 81083K (52%)
Completed execution with 5 iterations
preinitializing
resolving types
initializing
executing number 1
wrapping up
idle
1 ms. Memory: 155648K Free: 80604K (52%)
Completed execution with 5 iterations
preinitializing
resolving types
initializing
executing number 1
wrapping up
idle
1 ms. Memory: 155648K Free: 80090K (51%)
Completed execution with 5 iterations
/home/travis/build/icyphy/ptII/ptolemy/actor/lib/test/SetVariable.tcl
4 ms. Memory: 155648K Free: 78042K (50%)
/home/travis/build/icyphy/ptII/ptolemy/actor/lib/test/Sinewave.tcl
/home/travis/build/icyphy/ptII/ptolemy/actor/lib/test/SubscriptionAggregator.tcl
4 ms. Memory: 155648K Free: 66778K (43%)
6 ms. Memory: 155648K Free: 66268K (43%)
0 ms. Memory: 155648K Free: 65754K (42%)
0 ms. Memory: 155648K Free: 65244K (42%)
2 ms. Memory: 155648K Free: 61643K (40%)
8 ms. Memory: 155648K Free: 59610K (38%)
...............................................................976 ms. Memory: 265216K Free: 180317K (68%)
/home/travis/build/icyphy/ptII/ptolemy/actor/lib/test/Test.tcl
 The next command will produce a warning about training mode,
   which may be ignored.
6 ms. Memory: 265216K Free: 178764K (67%)
4 ms. Memory: 265216K Free: 177755K (67%)
10 ms. Memory: 265216K Free: 177245K (67%)
1 ms. Memory: 265216K Free: 176716K (67%)
2 ms. Memory: 265216K Free: 175707K (66%)
12 ms. Memory: 265216K Free: 174652K (66%)
5 ms. Memory: 265216K Free: 173149K (65%)
 The next command will produce a warning about training mode,
   which may be ignored.
13 ms. Memory: 265216K Free: 171101K (65%)
 The next command will produce a warning about training mode,
   which may be ignored.
3 ms. Memory: 265216K Free: 170075K (64%)
1 ms. Memory: 265216K Free: 169563K (64%)
9 ms. Memory: 265216K Free: 169053K (64%)
2 ms. Memory: 265216K Free: 168539K (64%)
6 ms. Memory: 265216K Free: 167515K (63%)
3 ms. Memory: 265216K Free: 163419K (62%)
/home/travis/build/icyphy/ptII/ptolemy/actor/lib/test/TestExceptionHandler.tcl
 The next command will produce a warning about training mode,
   which may be ignored.
3 ms. Memory: 265216K Free: 162395K (61%)
1 ms. Memory: 265216K Free: 161885K (61%)
1 ms. Memory: 265216K Free: 161364K (61%)
/home/travis/build/icyphy/ptII/ptolemy/actor/lib/test/UnionDisassembler.tcl
14 ms. Memory: 265216K Free: 154203K (58%)
/home/travis/build/icyphy/ptII/ptolemy/actor/lib/test/VariableClock.tcl
preinitializing
resolving types
initializing
executing number 1
wrapping up
idle
3 ms. Memory: 265216K Free: 152155K (57%)
Completed execution with 11 iterations
preinitializing
resolving types
initializing
executing number 1
wrapping up
idle
4 ms. Memory: 265216K Free: 150621K (57%)
Completed execution with 10 iterations
09/20/20 03:47:53
Failed: 0  Total Tests: 233  ((Passed: 233, Newly Passed: 0)  Known Failed: 0) /home/travis/build/icyphy/ptII/ptolemy/actor/lib/test
----------------- testing (KnownFailure) /home/travis/build/icyphy/ptII/ptolemy/actor/lib/test/auto/knownFailedTests/PublisherPortToplevelSubscriber.xml
0 ms. Memory: 265216K Free: 147035K (55%)
Known Failure: java.lang.reflect.InvocationTargetException
----------------- testing (KnownFailure) /home/travis/build/icyphy/ptII/ptolemy/actor/lib/test/auto/knownFailedTests/PublisherSubscriberPortToplevel.xml
1 ms. Memory: 265216K Free: 142939K (54%)
Known Failure: java.lang.reflect.InvocationTargetException
----------------- testing (KnownFailure) /home/travis/build/icyphy/ptII/ptolemy/actor/lib/test/auto/knownFailedTests/PublisherSubscriptionAggregatorPort.xml
0 ms. Memory: 265216K Free: 138843K (52%)
Known Failure: java.lang.reflect.InvocationTargetException
----------------- testing (KnownFailure) /home/travis/build/icyphy/ptII/ptolemy/actor/lib/test/auto/knownFailedTests/sizedarray3.xml
3 ms. Memory: 265216K Free: 134747K (51%)
Known Failure: java.lang.reflect.InvocationTargetException
No auto/linux-amd64/*.xml tests in /home/travis/build/icyphy/ptII/ptolemy/actor/lib/test
AutoTests.java: About to close Vertx.
AutoTests.java: Vertx closed.

===========================================================================================
----------------- testing Sun Sep 20 15:47:54 UTC 2020 /home/travis/build/icyphy/ptII/ptolemy/actor/lib/test/auto/AbsoluteValue.xml
----------------- Instantiating /home/travis/build/icyphy/ptII/ptolemy/actor/lib/test/auto/AbsoluteValue.xml
8 ms. Memory: 265216K Free: 112204K (42%)
----------------- Invoking toplevel() on ptolemy.moml.MoMLSimpleApplication@4c8dcc04
----------------- Done invoking toplevel() on ptolemy.moml.MoMLSimpleApplication@4c8dcc04
reloadAllAccessors: .AbsoluteValue

===========================================================================================
----------------- testing Sun Sep 20 15:47:54 UTC 2020 /home/travis/build/icyphy/ptII/ptolemy/actor/lib/test/auto/AbsoluteValue2.xml
----------------- Instantiating /home/travis/build/icyphy/ptII/ptolemy/actor/lib/test/auto/AbsoluteValue2.xml
4 ms. Memory: 265216K Free: 105051K (40%)
----------------- Invoking toplevel() on ptolemy.moml.MoMLSimpleApplication@163fed3f
----------------- Done invoking toplevel() on ptolemy.moml.MoMLSimpleApplication@163fed3f
reloadAllAccessors: .AbsoluteValue2

===========================================================================================
----------------- testing Sun Sep 20 15:47:54 UTC 2020 /home/travis/build/icyphy/ptII/ptolemy/actor/lib/test/auto/Accumulator.xml
----------------- Instantiating /home/travis/build/icyphy/ptII/ptolemy/actor/lib/test/auto/Accumulator.xml
10 ms. Memory: 265216K Free: 98907K (37%)
----------------- Invoking toplevel() on ptolemy.moml.MoMLSimpleApplication@75b4e552
----------------- Done invoking toplevel() on ptolemy.moml.MoMLSimpleApplication@75b4e552
reloadAllAccessors: .Accumulator

===========================================================================================
----------------- testing Sun Sep 20 15:47:54 UTC 2020 /home/travis/build/icyphy/ptII/ptolemy/actor/lib/test/auto/Accumulator2.xml
----------------- Instantiating /home/travis/build/icyphy/ptII/ptolemy/actor/lib/test/auto/Accumulator2.xml
3 ms. Memory: 265216K Free: 93277K (35%)
----------------- Invoking toplevel() on ptolemy.moml.MoMLSimpleApplication@7789f395
----------------- Done invoking toplevel() on ptolemy.moml.MoMLSimpleApplication@7789f395
reloadAllAccessors: .Accumulator2

===========================================================================================
----------------- testing Sun Sep 20 15:47:54 UTC 2020 /home/travis/build/icyphy/ptII/ptolemy/actor/lib/test/auto/Accumulator3.xml
----------------- Instantiating /home/travis/build/icyphy/ptII/ptolemy/actor/lib/test/auto/Accumulator3.xml
3 ms. Memory: 265216K Free: 89181K (34%)
----------------- Invoking toplevel() on ptolemy.moml.MoMLSimpleApplication@2add3c12
----------------- Done invoking toplevel() on ptolemy.moml.MoMLSimpleApplication@2add3c12
reloadAllAccessors: .Accumulator3

===========================================================================================
----------------- testing Sun Sep 20 15:47:54 UTC 2020 /home/travis/build/icyphy/ptII/ptolemy/actor/lib/test/auto/ArrayAppend.xml
----------------- Instantiating /home/travis/build/icyphy/ptII/ptolemy/actor/lib/test/auto/ArrayAppend.xml
11 ms. Memory: 265216K Free: 83037K (31%)
----------------- Invoking toplevel() on ptolemy.moml.MoMLSimpleApplication@69183a20
----------------- Done invoking toplevel() on ptolemy.moml.MoMLSimpleApplication@69183a20
reloadAllAccessors: .ArrayAppend

===========================================================================================
----------------- testing Sun Sep 20 15:47:54 UTC 2020 /home/travis/build/icyphy/ptII/ptolemy/actor/lib/test/auto/ArrayAppend2.xml
----------------- Instantiating /home/travis/build/icyphy/ptII/ptolemy/actor/lib/test/auto/ArrayAppend2.xml
395 ms. Memory: 265216K Free: 139756K (53%)
----------------- Invoking toplevel() on ptolemy.moml.MoMLSimpleApplication@de4dd65
----------------- Done invoking toplevel() on ptolemy.moml.MoMLSimpleApplication@de4dd65
reloadAllAccessors: .ArrayAppend2

===========================================================================================
----------------- testing Sun Sep 20 15:47:54 UTC 2020 /home/travis/build/icyphy/ptII/ptolemy/actor/lib/test/auto/ArrayAppend3.xml
----------------- Instantiating /home/travis/build/icyphy/ptII/ptolemy/actor/lib/test/auto/ArrayAppend3.xml
4 ms. Memory: 265216K Free: 134397K (51%)
----------------- Invoking toplevel() on ptolemy.moml.MoMLSimpleApplication@25e025f0
----------------- Done invoking toplevel() on ptolemy.moml.MoMLSimpleApplication@25e025f0
reloadAllAccessors: .ArrayAppend3

===========================================================================================
----------------- testing Sun Sep 20 15:47:54 UTC 2020 /home/travis/build/icyphy/ptII/ptolemy/actor/lib/test/auto/ArrayAppend4.xml
----------------- Instantiating /home/travis/build/icyphy/ptII/ptolemy/actor/lib/test/auto/ArrayAppend4.xml
2 ms. Memory: 265216K Free: 129277K (49%)
----------------- Invoking toplevel() on ptolemy.moml.MoMLSimpleApplication@266a0830
----------------- Done invoking toplevel() on ptolemy.moml.MoMLSimpleApplication@266a0830
reloadAllAccessors: .ArrayAppend4

===========================================================================================
----------------- testing Sun Sep 20 15:47:54 UTC 2020 /home/travis/build/icyphy/ptII/ptolemy/actor/lib/test/auto/ArrayAppend5.xml
----------------- Instantiating /home/travis/build/icyphy/ptII/ptolemy/actor/lib/test/auto/ArrayAppend5.xml
2 ms. Memory: 265216K Free: 124157K (47%)
----------------- Invoking toplevel() on ptolemy.moml.MoMLSimpleApplication@440241f0
----------------- Done invoking toplevel() on ptolemy.moml.MoMLSimpleApplication@440241f0
reloadAllAccessors: .ArrayAppend5

===========================================================================================
----------------- testing Sun Sep 20 15:47:54 UTC 2020 /home/travis/build/icyphy/ptII/ptolemy/actor/lib/test/auto/ArrayAppend6.xml
----------------- Instantiating /home/travis/build/icyphy/ptII/ptolemy/actor/lib/test/auto/ArrayAppend6.xml
2 ms. Memory: 265216K Free: 118527K (45%)
----------------- Invoking toplevel() on ptolemy.moml.MoMLSimpleApplication@4d220a39
----------------- Done invoking toplevel() on ptolemy.moml.MoMLSimpleApplication@4d220a39
reloadAllAccessors: .ArrayAppend6

===========================================================================================
----------------- testing Sun Sep 20 15:47:54 UTC 2020 /home/travis/build/icyphy/ptII/ptolemy/actor/lib/test/auto/ArrayAppendPerformanceTest.xml
----------------- Instantiating /home/travis/build/icyphy/ptII/ptolemy/actor/lib/test/auto/ArrayAppendPerformanceTest.xml
33 ms. Memory: 265216K Free: 107263K (40%)
----------------- Invoking toplevel() on ptolemy.moml.MoMLSimpleApplication@713aa55f
----------------- Done invoking toplevel() on ptolemy.moml.MoMLSimpleApplication@713aa55f
reloadAllAccessors: .ArrayAppendPerformanceTest

===========================================================================================
----------------- testing Sun Sep 20 15:47:55 UTC 2020 /home/travis/build/icyphy/ptII/ptolemy/actor/lib/test/auto/ArrayAppendWithEmptyInput.xml
----------------- Instantiating /home/travis/build/icyphy/ptII/ptolemy/actor/lib/test/auto/ArrayAppendWithEmptyInput.xml
11 ms. Memory: 265216K Free: 99581K (38%)
----------------- Invoking toplevel() on ptolemy.moml.MoMLSimpleApplication@53204807
----------------- Done invoking toplevel() on ptolemy.moml.MoMLSimpleApplication@53204807
reloadAllAccessors: .ArrayAppendWithEmptyInput

===========================================================================================
----------------- testing Sun Sep 20 15:47:55 UTC 2020 /home/travis/build/icyphy/ptII/ptolemy/actor/lib/test/auto/ArrayAverage.xml
----------------- Instantiating /home/travis/build/icyphy/ptII/ptolemy/actor/lib/test/auto/ArrayAverage.xml
4 ms. Memory: 265216K Free: 91389K (34%)
----------------- Invoking toplevel() on ptolemy.moml.MoMLSimpleApplication@a9cae5c
----------------- Done invoking toplevel() on ptolemy.moml.MoMLSimpleApplication@a9cae5c
reloadAllAccessors: .ArrayAverage

===========================================================================================
----------------- testing Sun Sep 20 15:47:55 UTC 2020 /home/travis/build/icyphy/ptII/ptolemy/actor/lib/test/auto/ArrayContains.xml
----------------- Instantiating /home/travis/build/icyphy/ptII/ptolemy/actor/lib/test/auto/ArrayContains.xml
2 ms. Memory: 265216K Free: 85759K (32%)
----------------- Invoking toplevel() on ptolemy.moml.MoMLSimpleApplication@3a3c984d
----------------- Done invoking toplevel() on ptolemy.moml.MoMLSimpleApplication@3a3c984d
reloadAllAccessors: .ArrayContains

===========================================================================================
----------------- testing Sun Sep 20 15:47:55 UTC 2020 /home/travis/build/icyphy/ptII/ptolemy/actor/lib/test/auto/ArrayElement.xml
----------------- Instantiating /home/travis/build/icyphy/ptII/ptolemy/actor/lib/test/auto/ArrayElement.xml
3 ms. Memory: 265216K Free: 80095K (30%)
----------------- Invoking toplevel() on ptolemy.moml.MoMLSimpleApplication@1bafa597
----------------- Done invoking toplevel() on ptolemy.moml.MoMLSimpleApplication@1bafa597
reloadAllAccessors: .ArrayElement

===========================================================================================
----------------- testing Sun Sep 20 15:47:55 UTC 2020 /home/travis/build/icyphy/ptII/ptolemy/actor/lib/test/auto/ArrayElementAsMatrix.xml
----------------- Instantiating /home/travis/build/icyphy/ptII/ptolemy/actor/lib/test/auto/ArrayElementAsMatrix.xml
64 ms. Memory: 265216K Free: 214947K (81%)
----------------- Invoking toplevel() on ptolemy.moml.MoMLSimpleApplication@af06ac3
----------------- Done invoking toplevel() on ptolemy.moml.MoMLSimpleApplication@af06ac3
reloadAllAccessors: .ArrayElementAsMatrix

===========================================================================================
----------------- testing Sun Sep 20 15:47:55 UTC 2020 /home/travis/build/icyphy/ptII/ptolemy/actor/lib/test/auto/ArrayElementI.xml
----------------- Instantiating /home/travis/build/icyphy/ptII/ptolemy/actor/lib/test/auto/ArrayElementI.xml
3 ms. Memory: 265216K Free: 209114K (79%)
----------------- Invoking toplevel() on ptolemy.moml.MoMLSimpleApplication@4bed509f
----------------- Done invoking toplevel() on ptolemy.moml.MoMLSimpleApplication@4bed509f
reloadAllAccessors: .ArrayElementI

===========================================================================================
----------------- testing Sun Sep 20 15:47:55 UTC 2020 /home/travis/build/icyphy/ptII/ptolemy/actor/lib/test/auto/ArrayExtract.xml
----------------- Instantiating /home/travis/build/icyphy/ptII/ptolemy/actor/lib/test/auto/ArrayExtract.xml
4 ms. Memory: 265216K Free: 201450K (76%)
----------------- Invoking toplevel() on ptolemy.moml.MoMLSimpleApplication@1218d089
----------------- Done invoking toplevel() on ptolemy.moml.MoMLSimpleApplication@1218d089
reloadAllAccessors: .ArrayExtract

===========================================================================================
----------------- testing Sun Sep 20 15:47:55 UTC 2020 /home/travis/build/icyphy/ptII/ptolemy/actor/lib/test/auto/ArrayExtract2.xml
----------------- Instantiating /home/travis/build/icyphy/ptII/ptolemy/actor/lib/test/auto/ArrayExtract2.xml
2 ms. Memory: 265216K Free: 195810K (74%)
----------------- Invoking toplevel() on ptolemy.moml.MoMLSimpleApplication@e813998
----------------- Done invoking toplevel() on ptolemy.moml.MoMLSimpleApplication@e813998
reloadAllAccessors: .ArrayExtract2

===========================================================================================
----------------- testing Sun Sep 20 15:47:55 UTC 2020 /home/travis/build/icyphy/ptII/ptolemy/actor/lib/test/auto/ArrayLength.xml
----------------- Instantiating /home/travis/build/icyphy/ptII/ptolemy/actor/lib/test/auto/ArrayLength.xml
1 ms. Memory: 265216K Free: 192234K (72%)
----------------- Invoking toplevel() on ptolemy.moml.MoMLSimpleApplication@1ee7a2c4
----------------- Done invoking toplevel() on ptolemy.moml.MoMLSimpleApplication@1ee7a2c4
reloadAllAccessors: .ArrayLength

===========================================================================================
----------------- testing Sun Sep 20 15:47:55 UTC 2020 /home/travis/build/icyphy/ptII/ptolemy/actor/lib/test/auto/ArrayLevelCrossing.xml
----------------- Instantiating /home/travis/build/icyphy/ptII/ptolemy/actor/lib/test/auto/ArrayLevelCrossing.xml
4 ms. Memory: 265216K Free: 184042K (69%)
----------------- Invoking toplevel() on ptolemy.moml.MoMLSimpleApplication@5221af83
----------------- Done invoking toplevel() on ptolemy.moml.MoMLSimpleApplication@5221af83
reloadAllAccessors: .ArrayLevelCrossing

===========================================================================================
----------------- testing Sun Sep 20 15:47:55 UTC 2020 /home/travis/build/icyphy/ptII/ptolemy/actor/lib/test/auto/ArrayLevelCrossing2.xml
----------------- Instantiating /home/travis/build/icyphy/ptII/ptolemy/actor/lib/test/auto/ArrayLevelCrossing2.xml
3 ms. Memory: 265216K Free: 177370K (67%)
----------------- Invoking toplevel() on ptolemy.moml.MoMLSimpleApplication@528b87f3
----------------- Done invoking toplevel() on ptolemy.moml.MoMLSimpleApplication@528b87f3
reloadAllAccessors: .ArrayLevelCrossing2

===========================================================================================
----------------- testing Sun Sep 20 15:47:55 UTC 2020 /home/travis/build/icyphy/ptII/ptolemy/actor/lib/test/auto/ArrayPeakSearch.xml
----------------- Instantiating /home/travis/build/icyphy/ptII/ptolemy/actor/lib/test/auto/ArrayPeakSearch.xml
3 ms. Memory: 265216K Free: 168168K (63%)
----------------- Invoking toplevel() on ptolemy.moml.MoMLSimpleApplication@587fd9af
----------------- Done invoking toplevel() on ptolemy.moml.MoMLSimpleApplication@587fd9af
reloadAllAccessors: .ArrayPeakSearch

===========================================================================================
----------------- testing Sun Sep 20 15:47:55 UTC 2020 /home/travis/build/icyphy/ptII/ptolemy/actor/lib/test/auto/ArrayPeakSearch2.xml
----------------- Instantiating /home/travis/build/icyphy/ptII/ptolemy/actor/lib/test/auto/ArrayPeakSearch2.xml
4 ms. Memory: 265216K Free: 157898K (60%)
----------------- Invoking toplevel() on ptolemy.moml.MoMLSimpleApplication@2afa44fc
----------------- Done invoking toplevel() on ptolemy.moml.MoMLSimpleApplication@2afa44fc
reloadAllAccessors: .ArrayPeakSearch2

===========================================================================================
----------------- testing Sun Sep 20 15:47:55 UTC 2020 /home/travis/build/icyphy/ptII/ptolemy/actor/lib/test/auto/ArrayPeakSearch3.xml
----------------- Instantiating /home/travis/build/icyphy/ptII/ptolemy/actor/lib/test/auto/ArrayPeakSearch3.xml
4 ms. Memory: 265216K Free: 148712K (56%)
----------------- Invoking toplevel() on ptolemy.moml.MoMLSimpleApplication@5624323d
----------------- Done invoking toplevel() on ptolemy.moml.MoMLSimpleApplication@5624323d
reloadAllAccessors: .ArrayPeakSearch3

===========================================================================================
----------------- testing Sun Sep 20 15:47:55 UTC 2020 /home/travis/build/icyphy/ptII/ptolemy/actor/lib/test/auto/ArrayRemoveElement.xml
----------------- Instantiating /home/travis/build/icyphy/ptII/ptolemy/actor/lib/test/auto/ArrayRemoveElement.xml
2 ms. Memory: 265216K Free: 141034K (53%)
----------------- Invoking toplevel() on ptolemy.moml.MoMLSimpleApplication@4c3304b6
----------------- Done invoking toplevel() on ptolemy.moml.MoMLSimpleApplication@4c3304b6
reloadAllAccessors: .ArrayRemoveElement

===========================================================================================
----------------- testing Sun Sep 20 15:47:55 UTC 2020 /home/travis/build/icyphy/ptII/ptolemy/actor/lib/test/auto/ArraySort.xml
----------------- Instantiating /home/travis/build/icyphy/ptII/ptolemy/actor/lib/test/auto/ArraySort.xml
3 ms. Memory: 265216K Free: 131818K (50%)
----------------- Invoking toplevel() on ptolemy.moml.MoMLSimpleApplication@ca0aa6
----------------- Done invoking toplevel() on ptolemy.moml.MoMLSimpleApplication@ca0aa6
reloadAllAccessors: .ArraySort

===========================================================================================
----------------- testing Sun Sep 20 15:47:55 UTC 2020 /home/travis/build/icyphy/ptII/ptolemy/actor/lib/test/auto/ArraySum.xml
----------------- Instantiating /home/travis/build/icyphy/ptII/ptolemy/actor/lib/test/auto/ArraySum.xml
5 ms. Memory: 265216K Free: 126698K (48%)
----------------- Invoking toplevel() on ptolemy.moml.MoMLSimpleApplication@73400562
----------------- Done invoking toplevel() on ptolemy.moml.MoMLSimpleApplication@73400562
reloadAllAccessors: .ArraySum

===========================================================================================
----------------- testing Sun Sep 20 15:47:55 UTC 2020 /home/travis/build/icyphy/ptII/ptolemy/actor/lib/test/auto/ArrayToElements.xml
----------------- Instantiating /home/travis/build/icyphy/ptII/ptolemy/actor/lib/test/auto/ArrayToElements.xml
5 ms. Memory: 265216K Free: 121064K (46%)
----------------- Invoking toplevel() on ptolemy.moml.MoMLSimpleApplication@4f0c4acd
----------------- Done invoking toplevel() on ptolemy.moml.MoMLSimpleApplication@4f0c4acd
reloadAllAccessors: .ArrayToElements

===========================================================================================
----------------- testing Sun Sep 20 15:47:55 UTC 2020 /home/travis/build/icyphy/ptII/ptolemy/actor/lib/test/auto/ArrayToMatrix.xml
----------------- Instantiating /home/travis/build/icyphy/ptII/ptolemy/actor/lib/test/auto/ArrayToMatrix.xml
9 ms. Memory: 265216K Free: 107242K (40%)
----------------- Invoking toplevel() on ptolemy.moml.MoMLSimpleApplication@17e42077
----------------- Done invoking toplevel() on ptolemy.moml.MoMLSimpleApplication@17e42077
reloadAllAccessors: .ArrayToMatrix

===========================================================================================
----------------- testing Sun Sep 20 15:47:55 UTC 2020 /home/travis/build/icyphy/ptII/ptolemy/actor/lib/test/auto/ArrayUpdate1.xml
----------------- Instantiating /home/travis/build/icyphy/ptII/ptolemy/actor/lib/test/auto/ArrayUpdate1.xml
4 ms. Memory: 265216K Free: 102122K (39%)
----------------- Invoking toplevel() on ptolemy.moml.MoMLSimpleApplication@3f3e30d8
----------------- Done invoking toplevel() on ptolemy.moml.MoMLSimpleApplication@3f3e30d8
reloadAllAccessors: .ArrayUpdate1

===========================================================================================
----------------- testing Sun Sep 20 15:47:55 UTC 2020 /home/travis/build/icyphy/ptII/ptolemy/actor/lib/test/auto/ArrayUpdate2.xml
----------------- Instantiating /home/travis/build/icyphy/ptII/ptolemy/actor/lib/test/auto/ArrayUpdate2.xml
5 ms. Memory: 265216K Free: 95978K (36%)
----------------- Invoking toplevel() on ptolemy.moml.MoMLSimpleApplication@45499034
----------------- Done invoking toplevel() on ptolemy.moml.MoMLSimpleApplication@45499034
reloadAllAccessors: .ArrayUpdate2

===========================================================================================
----------------- testing Sun Sep 20 15:47:55 UTC 2020 /home/travis/build/icyphy/ptII/ptolemy/actor/lib/test/auto/ArrayUpdate3.xml
----------------- Instantiating /home/travis/build/icyphy/ptII/ptolemy/actor/lib/test/auto/ArrayUpdate3.xml
8 ms. Memory: 265216K Free: 90858K (34%)
----------------- Invoking toplevel() on ptolemy.moml.MoMLSimpleApplication@7da051b8
----------------- Done invoking toplevel() on ptolemy.moml.MoMLSimpleApplication@7da051b8
reloadAllAccessors: .ArrayUpdate3

===========================================================================================
----------------- testing Sun Sep 20 15:47:55 UTC 2020 /home/travis/build/icyphy/ptII/ptolemy/actor/lib/test/auto/Assert1.xml
----------------- Instantiating /home/travis/build/icyphy/ptII/ptolemy/actor/lib/test/auto/Assert1.xml
5 ms. Memory: 265216K Free: 86762K (33%)
----------------- Invoking toplevel() on ptolemy.moml.MoMLSimpleApplication@4fea3ae7
----------------- Done invoking toplevel() on ptolemy.moml.MoMLSimpleApplication@4fea3ae7
reloadAllAccessors: .Assert1

===========================================================================================
----------------- testing Sun Sep 20 15:47:55 UTC 2020 /home/travis/build/icyphy/ptII/ptolemy/actor/lib/test/auto/Assert2.xml
----------------- Instantiating /home/travis/build/icyphy/ptII/ptolemy/actor/lib/test/auto/Assert2.xml
1 ms. Memory: 265216K Free: 81128K (31%)
----------------- Invoking toplevel() on ptolemy.moml.MoMLSimpleApplication@654b9de1
----------------- Done invoking toplevel() on ptolemy.moml.MoMLSimpleApplication@654b9de1
reloadAllAccessors: .Assert2

===========================================================================================
----------------- testing Sun Sep 20 15:47:55 UTC 2020 /home/travis/build/icyphy/ptII/ptolemy/actor/lib/test/auto/BooleanMultiplexor.xml
----------------- Instantiating /home/travis/build/icyphy/ptII/ptolemy/actor/lib/test/auto/BooleanMultiplexor.xml
2 ms. Memory: 265216K Free: 75994K (29%)
----------------- Invoking toplevel() on ptolemy.moml.MoMLSimpleApplication@244525f
----------------- Done invoking toplevel() on ptolemy.moml.MoMLSimpleApplication@244525f
reloadAllAccessors: .BooleanMultiplexor

===========================================================================================
----------------- testing Sun Sep 20 15:47:55 UTC 2020 /home/travis/build/icyphy/ptII/ptolemy/actor/lib/test/auto/BooleanMultiplexor2.xml
----------------- Instantiating /home/travis/build/icyphy/ptII/ptolemy/actor/lib/test/auto/BooleanMultiplexor2.xml
2 ms. Memory: 265216K Free: 69354K (26%)
----------------- Invoking toplevel() on ptolemy.moml.MoMLSimpleApplication@4e0ecc9a
----------------- Done invoking toplevel() on ptolemy.moml.MoMLSimpleApplication@4e0ecc9a
reloadAllAccessors: .BooleanMultiplexor2

===========================================================================================
----------------- testing Sun Sep 20 15:47:55 UTC 2020 /home/travis/build/icyphy/ptII/ptolemy/actor/lib/test/auto/BooleanMultiplexor3.xml
----------------- Instantiating /home/travis/build/icyphy/ptII/ptolemy/actor/lib/test/auto/BooleanMultiplexor3.xml
3 ms. Memory: 265216K Free: 213738K (81%)
----------------- Invoking toplevel() on ptolemy.moml.MoMLSimpleApplication@17947fda
----------------- Done invoking toplevel() on ptolemy.moml.MoMLSimpleApplication@17947fda
reloadAllAccessors: .BooleanMultiplexor3

===========================================================================================
----------------- testing Sun Sep 20 15:47:55 UTC 2020 /home/travis/build/icyphy/ptII/ptolemy/actor/lib/test/auto/BooleanSelect.xml
----------------- Instantiating /home/travis/build/icyphy/ptII/ptolemy/actor/lib/test/auto/BooleanSelect.xml
8 ms. Memory: 265216K Free: 207594K (78%)
----------------- Invoking toplevel() on ptolemy.moml.MoMLSimpleApplication@23608533
----------------- Done invoking toplevel() on ptolemy.moml.MoMLSimpleApplication@23608533
reloadAllAccessors: .BooleanSelect

===========================================================================================
----------------- testing Sun Sep 20 15:47:55 UTC 2020 /home/travis/build/icyphy/ptII/ptolemy/actor/lib/test/auto/BooleanSelect2.xml
----------------- Instantiating /home/travis/build/icyphy/ptII/ptolemy/actor/lib/test/auto/BooleanSelect2.xml
1 ms. Memory: 265216K Free: 202984K (77%)
----------------- Invoking toplevel() on ptolemy.moml.MoMLSimpleApplication@51da5229
----------------- Done invoking toplevel() on ptolemy.moml.MoMLSimpleApplication@51da5229
reloadAllAccessors: .BooleanSelect2

===========================================================================================
----------------- testing Sun Sep 20 15:47:55 UTC 2020 /home/travis/build/icyphy/ptII/ptolemy/actor/lib/test/auto/BooleanSwitch.xml
----------------- Instantiating /home/travis/build/icyphy/ptII/ptolemy/actor/lib/test/auto/BooleanSwitch.xml
13 ms. Memory: 265216K Free: 197354K (74%)
----------------- Invoking toplevel() on ptolemy.moml.MoMLSimpleApplication@1a02eab0
----------------- Done invoking toplevel() on ptolemy.moml.MoMLSimpleApplication@1a02eab0
reloadAllAccessors: .BooleanSwitch

===========================================================================================
----------------- testing Sun Sep 20 15:47:56 UTC 2020 /home/travis/build/icyphy/ptII/ptolemy/actor/lib/test/auto/BooleanSwitch2.xml
----------------- Instantiating /home/travis/build/icyphy/ptII/ptolemy/actor/lib/test/auto/BooleanSwitch2.xml
2 ms. Memory: 265216K Free: 192744K (73%)
----------------- Invoking toplevel() on ptolemy.moml.MoMLSimpleApplication@6319bb04
----------------- Done invoking toplevel() on ptolemy.moml.MoMLSimpleApplication@6319bb04
reloadAllAccessors: .BooleanSwitch2

===========================================================================================
----------------- testing Sun Sep 20 15:47:56 UTC 2020 /home/travis/build/icyphy/ptII/ptolemy/actor/lib/test/auto/BooleanSwitchCloningBugWithClassRelationGroup.xml
----------------- Instantiating /home/travis/build/icyphy/ptII/ptolemy/actor/lib/test/auto/BooleanSwitchCloningBugWithClassRelationGroup.xml
4 ms. Memory: 265216K Free: 186600K (70%)
----------------- Invoking toplevel() on ptolemy.moml.MoMLSimpleApplication@b7d8b1c
----------------- Done invoking toplevel() on ptolemy.moml.MoMLSimpleApplication@b7d8b1c
reloadAllAccessors: .BooleanSwitchCloningBugWithClassRelationGroup

===========================================================================================
----------------- testing Sun Sep 20 15:47:56 UTC 2020 /home/travis/build/icyphy/ptII/ptolemy/actor/lib/test/auto/BusActors.xml
----------------- Instantiating /home/travis/build/icyphy/ptII/ptolemy/actor/lib/test/auto/BusActors.xml
3 ms. Memory: 265216K Free: 178408K (67%)
----------------- Invoking toplevel() on ptolemy.moml.MoMLSimpleApplication@7afe104f
----------------- Done invoking toplevel() on ptolemy.moml.MoMLSimpleApplication@7afe104f
reloadAllAccessors: .BusActors

===========================================================================================
----------------- testing Sun Sep 20 15:47:56 UTC 2020 /home/travis/build/icyphy/ptII/ptolemy/actor/lib/test/auto/ClassWrapper.xml
----------------- Instantiating /home/travis/build/icyphy/ptII/ptolemy/actor/lib/test/auto/ClassWrapper.xml
3 ms. Memory: 265216K Free: 174312K (66%)
----------------- Invoking toplevel() on ptolemy.moml.MoMLSimpleApplication@79923764
----------------- Done invoking toplevel() on ptolemy.moml.MoMLSimpleApplication@79923764
reloadAllAccessors: .ClassWrapper

===========================================================================================
----------------- testing Sun Sep 20 15:47:56 UTC 2020 /home/travis/build/icyphy/ptII/ptolemy/actor/lib/test/auto/Clock.xml
----------------- Instantiating /home/travis/build/icyphy/ptII/ptolemy/actor/lib/test/auto/Clock.xml
1 ms. Memory: 265216K Free: 170216K (64%)
----------------- Invoking toplevel() on ptolemy.moml.MoMLSimpleApplication@594ac158
----------------- Done invoking toplevel() on ptolemy.moml.MoMLSimpleApplication@594ac158
reloadAllAccessors: .Clock

===========================================================================================
----------------- testing Sun Sep 20 15:47:56 UTC 2020 /home/travis/build/icyphy/ptII/ptolemy/actor/lib/test/auto/Clock10.xml
----------------- Instantiating /home/travis/build/icyphy/ptII/ptolemy/actor/lib/test/auto/Clock10.xml
2 ms. Memory: 265216K Free: 164586K (62%)
----------------- Invoking toplevel() on ptolemy.moml.MoMLSimpleApplication@16da87f7
----------------- Done invoking toplevel() on ptolemy.moml.MoMLSimpleApplication@16da87f7
reloadAllAccessors: .Clock10

===========================================================================================
----------------- testing Sun Sep 20 15:47:56 UTC 2020 /home/travis/build/icyphy/ptII/ptolemy/actor/lib/test/auto/Clock11.xml
----------------- Instantiating /home/travis/build/icyphy/ptII/ptolemy/actor/lib/test/auto/Clock11.xml
2 ms. Memory: 265216K Free: 158442K (60%)
----------------- Invoking toplevel() on ptolemy.moml.MoMLSimpleApplication@1479976
----------------- Done invoking toplevel() on ptolemy.moml.MoMLSimpleApplication@1479976
reloadAllAccessors: .Clock11

===========================================================================================
----------------- testing Sun Sep 20 15:47:56 UTC 2020 /home/travis/build/icyphy/ptII/ptolemy/actor/lib/test/auto/Clock12.xml
----------------- Instantiating /home/travis/build/icyphy/ptII/ptolemy/actor/lib/test/auto/Clock12.xml
3 ms. Memory: 265216K Free: 152808K (58%)
----------------- Invoking toplevel() on ptolemy.moml.MoMLSimpleApplication@18df7b2a
----------------- Done invoking toplevel() on ptolemy.moml.MoMLSimpleApplication@18df7b2a
reloadAllAccessors: .Clock12

===========================================================================================
----------------- testing Sun Sep 20 15:47:56 UTC 2020 /home/travis/build/icyphy/ptII/ptolemy/actor/lib/test/auto/Clock13.xml
----------------- Instantiating /home/travis/build/icyphy/ptII/ptolemy/actor/lib/test/auto/Clock13.xml
3 ms. Memory: 265216K Free: 146634K (55%)
----------------- Invoking toplevel() on ptolemy.moml.MoMLSimpleApplication@76a11a69
----------------- Done invoking toplevel() on ptolemy.moml.MoMLSimpleApplication@76a11a69
reloadAllAccessors: .Clock13

===========================================================================================
----------------- testing Sun Sep 20 15:47:56 UTC 2020 /home/travis/build/icyphy/ptII/ptolemy/actor/lib/test/auto/Clock14.xml
----------------- Instantiating /home/travis/build/icyphy/ptII/ptolemy/actor/lib/test/auto/Clock14.xml
3 ms. Memory: 265216K Free: 141034K (53%)
----------------- Invoking toplevel() on ptolemy.moml.MoMLSimpleApplication@5a8ad1b5
----------------- Done invoking toplevel() on ptolemy.moml.MoMLSimpleApplication@5a8ad1b5
reloadAllAccessors: .Clock14

===========================================================================================
----------------- testing Sun Sep 20 15:47:56 UTC 2020 /home/travis/build/icyphy/ptII/ptolemy/actor/lib/test/auto/Clock15.xml
----------------- Instantiating /home/travis/build/icyphy/ptII/ptolemy/actor/lib/test/auto/Clock15.xml
2 ms. Memory: 265216K Free: 134890K (51%)
----------------- Invoking toplevel() on ptolemy.moml.MoMLSimpleApplication@7e72b4ec
----------------- Done invoking toplevel() on ptolemy.moml.MoMLSimpleApplication@7e72b4ec
reloadAllAccessors: .Clock15

===========================================================================================
----------------- testing Sun Sep 20 15:47:56 UTC 2020 /home/travis/build/icyphy/ptII/ptolemy/actor/lib/test/auto/Clock16.xml
----------------- Instantiating /home/travis/build/icyphy/ptII/ptolemy/actor/lib/test/auto/Clock16.xml
28 ms. Memory: 265216K Free: 120034K (45%)
----------------- Invoking toplevel() on ptolemy.moml.MoMLSimpleApplication@193c1448
----------------- Done invoking toplevel() on ptolemy.moml.MoMLSimpleApplication@193c1448
reloadAllAccessors: .Clock16

===========================================================================================
----------------- testing Sun Sep 20 15:47:56 UTC 2020 /home/travis/build/icyphy/ptII/ptolemy/actor/lib/test/auto/Clock17.xml
----------------- Instantiating /home/travis/build/icyphy/ptII/ptolemy/actor/lib/test/auto/Clock17.xml
19 ms. Memory: 265216K Free: 106218K (40%)
----------------- Invoking toplevel() on ptolemy.moml.MoMLSimpleApplication@1f8cfcf7
----------------- Done invoking toplevel() on ptolemy.moml.MoMLSimpleApplication@1f8cfcf7
reloadAllAccessors: .Clock17

===========================================================================================
----------------- testing Sun Sep 20 15:47:56 UTC 2020 /home/travis/build/icyphy/ptII/ptolemy/actor/lib/test/auto/Clock18.xml
----------------- Instantiating /home/travis/build/icyphy/ptII/ptolemy/actor/lib/test/auto/Clock18.xml
19 ms. Memory: 265216K Free: 92906K (35%)
----------------- Invoking toplevel() on ptolemy.moml.MoMLSimpleApplication@ce2b3e2
----------------- Done invoking toplevel() on ptolemy.moml.MoMLSimpleApplication@ce2b3e2
reloadAllAccessors: .Clock18

===========================================================================================
----------------- testing Sun Sep 20 15:47:56 UTC 2020 /home/travis/build/icyphy/ptII/ptolemy/actor/lib/test/auto/Clock19.xml
----------------- Instantiating /home/travis/build/icyphy/ptII/ptolemy/actor/lib/test/auto/Clock19.xml
10 ms. Memory: 265216K Free: 80104K (30%)
----------------- Invoking toplevel() on ptolemy.moml.MoMLSimpleApplication@3d1daae9
----------------- Done invoking toplevel() on ptolemy.moml.MoMLSimpleApplication@3d1daae9
reloadAllAccessors: .Clock19

===========================================================================================
----------------- testing Sun Sep 20 15:47:56 UTC 2020 /home/travis/build/icyphy/ptII/ptolemy/actor/lib/test/auto/Clock2.xml
----------------- Instantiating /home/travis/build/icyphy/ptII/ptolemy/actor/lib/test/auto/Clock2.xml
4 ms. Memory: 265216K Free: 74954K (28%)
----------------- Invoking toplevel() on ptolemy.moml.MoMLSimpleApplication@66456dfd
----------------- Done invoking toplevel() on ptolemy.moml.MoMLSimpleApplication@66456dfd
reloadAllAccessors: .Clock2

===========================================================================================
----------------- testing Sun Sep 20 15:47:56 UTC 2020 /home/travis/build/icyphy/ptII/ptolemy/actor/lib/test/auto/Clock20.xml
----------------- Instantiating /home/travis/build/icyphy/ptII/ptolemy/actor/lib/test/auto/Clock20.xml
6 ms. Memory: 265216K Free: 69864K (26%)
----------------- Invoking toplevel() on ptolemy.moml.MoMLSimpleApplication@7d4e5495
----------------- Done invoking toplevel() on ptolemy.moml.MoMLSimpleApplication@7d4e5495
reloadAllAccessors: .Clock20

===========================================================================================
----------------- testing Sun Sep 20 15:47:56 UTC 2020 /home/travis/build/icyphy/ptII/ptolemy/actor/lib/test/auto/Clock21.xml
----------------- Instantiating /home/travis/build/icyphy/ptII/ptolemy/actor/lib/test/auto/Clock21.xml
3 ms. Memory: 530432K Free: 479978K (90%)
----------------- Invoking toplevel() on ptolemy.moml.MoMLSimpleApplication@2b58942a
----------------- Done invoking toplevel() on ptolemy.moml.MoMLSimpleApplication@2b58942a
reloadAllAccessors: .Clock21

===========================================================================================
----------------- testing Sun Sep 20 15:47:56 UTC 2020 /home/travis/build/icyphy/ptII/ptolemy/actor/lib/test/auto/Clock22.xml
----------------- Instantiating /home/travis/build/icyphy/ptII/ptolemy/actor/lib/test/auto/Clock22.xml
3 ms. Memory: 530432K Free: 474344K (89%)
----------------- Invoking toplevel() on ptolemy.moml.MoMLSimpleApplication@b891b0a
----------------- Done invoking toplevel() on ptolemy.moml.MoMLSimpleApplication@b891b0a
reloadAllAccessors: .Clock22

===========================================================================================
----------------- testing Sun Sep 20 15:47:56 UTC 2020 /home/travis/build/icyphy/ptII/ptolemy/actor/lib/test/auto/Clock23.xml
----------------- Instantiating /home/travis/build/icyphy/ptII/ptolemy/actor/lib/test/auto/Clock23.xml
3 ms. Memory: 530432K Free: 468714K (88%)
----------------- Invoking toplevel() on ptolemy.moml.MoMLSimpleApplication@785b96eb
----------------- Done invoking toplevel() on ptolemy.moml.MoMLSimpleApplication@785b96eb
reloadAllAccessors: .Clock23

===========================================================================================
----------------- testing Sun Sep 20 15:47:56 UTC 2020 /home/travis/build/icyphy/ptII/ptolemy/actor/lib/test/auto/Clock24.xml
----------------- Instantiating /home/travis/build/icyphy/ptII/ptolemy/actor/lib/test/auto/Clock24.xml
2 ms. Memory: 530432K Free: 463594K (87%)
----------------- Invoking toplevel() on ptolemy.moml.MoMLSimpleApplication@2ef21ad0
----------------- Done invoking toplevel() on ptolemy.moml.MoMLSimpleApplication@2ef21ad0
reloadAllAccessors: .Clock24

===========================================================================================
----------------- testing Sun Sep 20 15:47:56 UTC 2020 /home/travis/build/icyphy/ptII/ptolemy/actor/lib/test/auto/Clock4.xml
----------------- Instantiating /home/travis/build/icyphy/ptII/ptolemy/actor/lib/test/auto/Clock4.xml
1 ms. Memory: 530432K Free: 458474K (86%)
----------------- Invoking toplevel() on ptolemy.moml.MoMLSimpleApplication@17c2dce1
----------------- Done invoking toplevel() on ptolemy.moml.MoMLSimpleApplication@17c2dce1
reloadAllAccessors: .Clock4

===========================================================================================
----------------- testing Sun Sep 20 15:47:56 UTC 2020 /home/travis/build/icyphy/ptII/ptolemy/actor/lib/test/auto/Clock5.xml
----------------- Instantiating /home/travis/build/icyphy/ptII/ptolemy/actor/lib/test/auto/Clock5.xml
4 ms. Memory: 530432K Free: 453354K (85%)
----------------- Invoking toplevel() on ptolemy.moml.MoMLSimpleApplication@7ec526b9
----------------- Done invoking toplevel() on ptolemy.moml.MoMLSimpleApplication@7ec526b9
reloadAllAccessors: .Clock5

===========================================================================================
----------------- testing Sun Sep 20 15:47:56 UTC 2020 /home/travis/build/icyphy/ptII/ptolemy/actor/lib/test/auto/Clock6.xml
----------------- Instantiating /home/travis/build/icyphy/ptII/ptolemy/actor/lib/test/auto/Clock6.xml
2 ms. Memory: 530432K Free: 448744K (85%)
----------------- Invoking toplevel() on ptolemy.moml.MoMLSimpleApplication@3975410a
----------------- Done invoking toplevel() on ptolemy.moml.MoMLSimpleApplication@3975410a
reloadAllAccessors: .Clock6

===========================================================================================
----------------- testing Sun Sep 20 15:47:56 UTC 2020 /home/travis/build/icyphy/ptII/ptolemy/actor/lib/test/auto/Clock7.xml
----------------- Instantiating /home/travis/build/icyphy/ptII/ptolemy/actor/lib/test/auto/Clock7.xml
3 ms. Memory: 530432K Free: 443624K (84%)
----------------- Invoking toplevel() on ptolemy.moml.MoMLSimpleApplication@723a679b
----------------- Done invoking toplevel() on ptolemy.moml.MoMLSimpleApplication@723a679b
reloadAllAccessors: .Clock7

===========================================================================================
----------------- testing Sun Sep 20 15:47:56 UTC 2020 /home/travis/build/icyphy/ptII/ptolemy/actor/lib/test/auto/Clock8.xml
----------------- Instantiating /home/travis/build/icyphy/ptII/ptolemy/actor/lib/test/auto/Clock8.xml
3 ms. Memory: 530432K Free: 438474K (83%)
----------------- Invoking toplevel() on ptolemy.moml.MoMLSimpleApplication@51f47724
----------------- Done invoking toplevel() on ptolemy.moml.MoMLSimpleApplication@51f47724
reloadAllAccessors: .Clock8

===========================================================================================
----------------- testing Sun Sep 20 15:47:56 UTC 2020 /home/travis/build/icyphy/ptII/ptolemy/actor/lib/test/auto/Clock9.xml
----------------- Instantiating /home/travis/build/icyphy/ptII/ptolemy/actor/lib/test/auto/Clock9.xml
4 ms. Memory: 530432K Free: 432874K (82%)
----------------- Invoking toplevel() on ptolemy.moml.MoMLSimpleApplication@6bb02ca5
----------------- Done invoking toplevel() on ptolemy.moml.MoMLSimpleApplication@6bb02ca5
reloadAllAccessors: .Clock9

===========================================================================================
----------------- testing Sun Sep 20 15:47:56 UTC 2020 /home/travis/build/icyphy/ptII/ptolemy/actor/lib/test/auto/CommDistDiscard.xml
----------------- Instantiating /home/travis/build/icyphy/ptII/ptolemy/actor/lib/test/auto/CommDistDiscard.xml
3 ms. Memory: 530432K Free: 427754K (81%)
----------------- Invoking toplevel() on ptolemy.moml.MoMLSimpleApplication@2b8d3005
----------------- Done invoking toplevel() on ptolemy.moml.MoMLSimpleApplication@2b8d3005
reloadAllAccessors: .CommDistDiscard

===========================================================================================
----------------- testing Sun Sep 20 15:47:56 UTC 2020 /home/travis/build/icyphy/ptII/ptolemy/actor/lib/test/auto/Commutator.xml
----------------- Instantiating /home/travis/build/icyphy/ptII/ptolemy/actor/lib/test/auto/Commutator.xml
1 ms. Memory: 530432K Free: 423144K (80%)
----------------- Invoking toplevel() on ptolemy.moml.MoMLSimpleApplication@602aa14c
----------------- Done invoking toplevel() on ptolemy.moml.MoMLSimpleApplication@602aa14c
reloadAllAccessors: .Commutator

===========================================================================================
----------------- testing Sun Sep 20 15:47:56 UTC 2020 /home/travis/build/icyphy/ptII/ptolemy/actor/lib/test/auto/Commutator2.xml
----------------- Instantiating /home/travis/build/icyphy/ptII/ptolemy/actor/lib/test/auto/Commutator2.xml
2 ms. Memory: 530432K Free: 418538K (79%)
----------------- Invoking toplevel() on ptolemy.moml.MoMLSimpleApplication@1a44174c
----------------- Done invoking toplevel() on ptolemy.moml.MoMLSimpleApplication@1a44174c
reloadAllAccessors: .Commutator2

===========================================================================================
----------------- testing Sun Sep 20 15:47:56 UTC 2020 /home/travis/build/icyphy/ptII/ptolemy/actor/lib/test/auto/Commutator3.xml
----------------- Instantiating /home/travis/build/icyphy/ptII/ptolemy/actor/lib/test/auto/Commutator3.xml
2 ms. Memory: 530432K Free: 414442K (78%)
----------------- Invoking toplevel() on ptolemy.moml.MoMLSimpleApplication@75a4a527
----------------- Done invoking toplevel() on ptolemy.moml.MoMLSimpleApplication@75a4a527
reloadAllAccessors: .Commutator3

===========================================================================================
----------------- testing Sun Sep 20 15:47:56 UTC 2020 /home/travis/build/icyphy/ptII/ptolemy/actor/lib/test/auto/Compare.xml
----------------- Instantiating /home/travis/build/icyphy/ptII/ptolemy/actor/lib/test/auto/Compare.xml
2 ms. Memory: 530432K Free: 407784K (77%)
----------------- Invoking toplevel() on ptolemy.moml.MoMLSimpleApplication@6296534
----------------- Done invoking toplevel() on ptolemy.moml.MoMLSimpleApplication@6296534
reloadAllAccessors: .Compare

===========================================================================================
----------------- testing Sun Sep 20 15:47:56 UTC 2020 /home/travis/build/icyphy/ptII/ptolemy/actor/lib/test/auto/CompareDE.xml
----------------- Instantiating /home/travis/build/icyphy/ptII/ptolemy/actor/lib/test/auto/CompareDE.xml
4 ms. Memory: 530432K Free: 401130K (76%)
----------------- Invoking toplevel() on ptolemy.moml.MoMLSimpleApplication@2d7d62
----------------- Done invoking toplevel() on ptolemy.moml.MoMLSimpleApplication@2d7d62
reloadAllAccessors: .CompareDE

===========================================================================================
----------------- testing Sun Sep 20 15:47:56 UTC 2020 /home/travis/build/icyphy/ptII/ptolemy/actor/lib/test/auto/ComplexDivide.xml
----------------- Instantiating /home/travis/build/icyphy/ptII/ptolemy/actor/lib/test/auto/ComplexDivide.xml
2 ms. Memory: 530432K Free: 397034K (75%)
----------------- Invoking toplevel() on ptolemy.moml.MoMLSimpleApplication@631e6df3
----------------- Done invoking toplevel() on ptolemy.moml.MoMLSimpleApplication@631e6df3
reloadAllAccessors: .ComplexDivide

===========================================================================================
----------------- testing Sun Sep 20 15:47:56 UTC 2020 /home/travis/build/icyphy/ptII/ptolemy/actor/lib/test/auto/ComputeHistogram.xml
----------------- Instantiating /home/travis/build/icyphy/ptII/ptolemy/actor/lib/test/auto/ComputeHistogram.xml
40 ms. Memory: 530432K Free: 384232K (72%)
----------------- Invoking toplevel() on ptolemy.moml.MoMLSimpleApplication@1d270c51
----------------- Done invoking toplevel() on ptolemy.moml.MoMLSimpleApplication@1d270c51
reloadAllAccessors: .ComputeHistogram

===========================================================================================
----------------- testing Sun Sep 20 15:47:57 UTC 2020 /home/travis/build/icyphy/ptII/ptolemy/actor/lib/test/auto/ConfigurationSelect.xml
----------------- Instantiating /home/travis/build/icyphy/ptII/ptolemy/actor/lib/test/auto/ConfigurationSelect.xml
7 ms. Memory: 530432K Free: 379106K (71%)
----------------- Invoking toplevel() on ptolemy.moml.MoMLSimpleApplication@5442fc9d
----------------- Done invoking toplevel() on ptolemy.moml.MoMLSimpleApplication@5442fc9d
reloadAllAccessors: .ConfigurationSelect

===========================================================================================
----------------- testing Sun Sep 20 15:47:57 UTC 2020 /home/travis/build/icyphy/ptII/ptolemy/actor/lib/test/auto/ConfigurationSelect2.xml
----------------- Instantiating /home/travis/build/icyphy/ptII/ptolemy/actor/lib/test/auto/ConfigurationSelect2.xml
2 ms. Memory: 530432K Free: 374506K (71%)
----------------- Invoking toplevel() on ptolemy.moml.MoMLSimpleApplication@e27b24c
----------------- Done invoking toplevel() on ptolemy.moml.MoMLSimpleApplication@e27b24c
reloadAllAccessors: .ConfigurationSelect2

===========================================================================================
----------------- testing Sun Sep 20 15:47:57 UTC 2020 /home/travis/build/icyphy/ptII/ptolemy/actor/lib/test/auto/ConfigurationSwitch.xml
----------------- Instantiating /home/travis/build/icyphy/ptII/ptolemy/actor/lib/test/auto/ConfigurationSwitch.xml
2 ms. Memory: 530432K Free: 369386K (70%)
----------------- Invoking toplevel() on ptolemy.moml.MoMLSimpleApplication@b520100
----------------- Done invoking toplevel() on ptolemy.moml.MoMLSimpleApplication@b520100
reloadAllAccessors: .ConfigurationSwitch

===========================================================================================
----------------- testing Sun Sep 20 15:47:57 UTC 2020 /home/travis/build/icyphy/ptII/ptolemy/actor/lib/test/auto/ConfigurationSwitch2.xml
----------------- Instantiating /home/travis/build/icyphy/ptII/ptolemy/actor/lib/test/auto/ConfigurationSwitch2.xml
2 ms. Memory: 530432K Free: 363752K (69%)
----------------- Invoking toplevel() on ptolemy.moml.MoMLSimpleApplication@21633b30
----------------- Done invoking toplevel() on ptolemy.moml.MoMLSimpleApplication@21633b30
reloadAllAccessors: .ConfigurationSwitch2

===========================================================================================
----------------- testing Sun Sep 20 15:47:57 UTC 2020 /home/travis/build/icyphy/ptII/ptolemy/actor/lib/test/auto/ConfigurationSwitchCloningBugWithClassRelationGroup.xml
----------------- Instantiating /home/travis/build/icyphy/ptII/ptolemy/actor/lib/test/auto/ConfigurationSwitchCloningBugWithClassRelationGroup.xml
1 ms. Memory: 530432K Free: 357098K (67%)
----------------- Invoking toplevel() on ptolemy.moml.MoMLSimpleApplication@29d86580
----------------- Done invoking toplevel() on ptolemy.moml.MoMLSimpleApplication@29d86580
reloadAllAccessors: .ConfigurationSwitchCloningBugWithClassRelationGroup

===========================================================================================
----------------- testing Sun Sep 20 15:47:57 UTC 2020 /home/travis/build/icyphy/ptII/ptolemy/actor/lib/test/auto/ConfigurationSwitchSelectSDF.xml
----------------- Instantiating /home/travis/build/icyphy/ptII/ptolemy/actor/lib/test/auto/ConfigurationSwitchSelectSDF.xml
3 ms. Memory: 530432K Free: 351464K (66%)
----------------- Invoking toplevel() on ptolemy.moml.MoMLSimpleApplication@2619cd7a
----------------- Done invoking toplevel() on ptolemy.moml.MoMLSimpleApplication@2619cd7a
reloadAllAccessors: .ConfigurationSwitchSelectSDF

===========================================================================================
----------------- testing Sun Sep 20 15:47:57 UTC 2020 /home/travis/build/icyphy/ptII/ptolemy/actor/lib/test/auto/ConfigurationSwitchSelectSDF2.xml
----------------- Instantiating /home/travis/build/icyphy/ptII/ptolemy/actor/lib/test/auto/ConfigurationSwitchSelectSDF2.xml
3 ms. Memory: 530432K Free: 345320K (65%)
----------------- Invoking toplevel() on ptolemy.moml.MoMLSimpleApplication@1f967ad3
----------------- Done invoking toplevel() on ptolemy.moml.MoMLSimpleApplication@1f967ad3
reloadAllAccessors: .ConfigurationSwitchSelectSDF2

===========================================================================================
----------------- testing Sun Sep 20 15:47:57 UTC 2020 /home/travis/build/icyphy/ptII/ptolemy/actor/lib/test/auto/Const.xml
----------------- Instantiating /home/travis/build/icyphy/ptII/ptolemy/actor/lib/test/auto/Const.xml
1 ms. Memory: 530432K Free: 341738K (64%)
----------------- Invoking toplevel() on ptolemy.moml.MoMLSimpleApplication@30e6947d
----------------- Done invoking toplevel() on ptolemy.moml.MoMLSimpleApplication@30e6947d
reloadAllAccessors: .Const

===========================================================================================
----------------- testing Sun Sep 20 15:47:57 UTC 2020 /home/travis/build/icyphy/ptII/ptolemy/actor/lib/test/auto/Const2.xml
----------------- Instantiating /home/travis/build/icyphy/ptII/ptolemy/actor/lib/test/auto/Const2.xml
1 ms. Memory: 530432K Free: 338152K (64%)
----------------- Invoking toplevel() on ptolemy.moml.MoMLSimpleApplication@465b4ca6
----------------- Done invoking toplevel() on ptolemy.moml.MoMLSimpleApplication@465b4ca6
reloadAllAccessors: .Const2

===========================================================================================
----------------- testing Sun Sep 20 15:47:57 UTC 2020 /home/travis/build/icyphy/ptII/ptolemy/actor/lib/test/auto/Const3.xml
----------------- Instantiating /home/travis/build/icyphy/ptII/ptolemy/actor/lib/test/auto/Const3.xml
1 ms. Memory: 530432K Free: 335080K (63%)
----------------- Invoking toplevel() on ptolemy.moml.MoMLSimpleApplication@411f334f
----------------- Done invoking toplevel() on ptolemy.moml.MoMLSimpleApplication@411f334f
reloadAllAccessors: .Const3

===========================================================================================
----------------- testing Sun Sep 20 15:47:57 UTC 2020 /home/travis/build/icyphy/ptII/ptolemy/actor/lib/test/auto/ConstantPublisherPort1.xml
----------------- Instantiating /home/travis/build/icyphy/ptII/ptolemy/actor/lib/test/auto/ConstantPublisherPort1.xml
6 ms. Memory: 530432K Free: 325864K (61%)
----------------- Invoking toplevel() on ptolemy.moml.MoMLSimpleApplication@6ad8b425
----------------- Done invoking toplevel() on ptolemy.moml.MoMLSimpleApplication@6ad8b425
reloadAllAccessors: .ConstantPublisherPort1

===========================================================================================
----------------- testing Sun Sep 20 15:47:57 UTC 2020 /home/travis/build/icyphy/ptII/ptolemy/actor/lib/test/auto/ConstantPublisherPort2.xml
----------------- Instantiating /home/travis/build/icyphy/ptII/ptolemy/actor/lib/test/auto/ConstantPublisherPort2.xml
7 ms. Memory: 530432K Free: 318696K (60%)
----------------- Invoking toplevel() on ptolemy.moml.MoMLSimpleApplication@683dad32
----------------- Done invoking toplevel() on ptolemy.moml.MoMLSimpleApplication@683dad32
reloadAllAccessors: .ConstantPublisherPort2

===========================================================================================
----------------- testing Sun Sep 20 15:47:57 UTC 2020 /home/travis/build/icyphy/ptII/ptolemy/actor/lib/test/auto/ConstantPublisherPort3.xml
----------------- Instantiating /home/travis/build/icyphy/ptII/ptolemy/actor/lib/test/auto/ConstantPublisherPort3.xml
6 ms. Memory: 530432K Free: 311018K (59%)
----------------- Invoking toplevel() on ptolemy.moml.MoMLSimpleApplication@6c4560c4
----------------- Done invoking toplevel() on ptolemy.moml.MoMLSimpleApplication@6c4560c4
reloadAllAccessors: .ConstantPublisherPort3

===========================================================================================
----------------- testing Sun Sep 20 15:47:57 UTC 2020 /home/travis/build/icyphy/ptII/ptolemy/actor/lib/test/auto/ConstantPublisherPort4.xml
----------------- Instantiating /home/travis/build/icyphy/ptII/ptolemy/actor/lib/test/auto/ConstantPublisherPort4.xml
3 ms. Memory: 530432K Free: 303850K (57%)
----------------- Invoking toplevel() on ptolemy.moml.MoMLSimpleApplication@d8f62b9
----------------- Done invoking toplevel() on ptolemy.moml.MoMLSimpleApplication@d8f62b9
reloadAllAccessors: .ConstantPublisherPort4

===========================================================================================
----------------- testing Sun Sep 20 15:47:57 UTC 2020 /home/travis/build/icyphy/ptII/ptolemy/actor/lib/test/auto/ConstantPublisherPort5.xml
----------------- Instantiating /home/travis/build/icyphy/ptII/ptolemy/actor/lib/test/auto/ConstantPublisherPort5.xml
22 ms. Memory: 530432K Free: 295144K (56%)
----------------- Invoking toplevel() on ptolemy.moml.MoMLSimpleApplication@1dabf69d
----------------- Done invoking toplevel() on ptolemy.moml.MoMLSimpleApplication@1dabf69d
reloadAllAccessors: .ConstantPublisherPort5

===========================================================================================
----------------- testing Sun Sep 20 15:47:57 UTC 2020 /home/travis/build/icyphy/ptII/ptolemy/actor/lib/test/auto/ConstantPublisherPort6.xml
----------------- Instantiating /home/travis/build/icyphy/ptII/ptolemy/actor/lib/test/auto/ConstantPublisherPort6.xml
20 ms. Memory: 530432K Free: 285418K (54%)
----------------- Invoking toplevel() on ptolemy.moml.MoMLSimpleApplication@6212a7d8
----------------- Done invoking toplevel() on ptolemy.moml.MoMLSimpleApplication@6212a7d8
reloadAllAccessors: .ConstantPublisherPort6

===========================================================================================
----------------- testing Sun Sep 20 15:47:57 UTC 2020 /home/travis/build/icyphy/ptII/ptolemy/actor/lib/test/auto/ConstantPublisherPort7.xml
----------------- Instantiating /home/travis/build/icyphy/ptII/ptolemy/actor/lib/test/auto/ConstantPublisherPort7.xml
21 ms. Memory: 530432K Free: 275178K (52%)
----------------- Invoking toplevel() on ptolemy.moml.MoMLSimpleApplication@5bc7dc34
----------------- Done invoking toplevel() on ptolemy.moml.MoMLSimpleApplication@5bc7dc34
reloadAllAccessors: .ConstantPublisherPort7

===========================================================================================
----------------- testing Sun Sep 20 15:47:57 UTC 2020 /home/travis/build/icyphy/ptII/ptolemy/actor/lib/test/auto/ConstraintMonitor1.xml
----------------- Instantiating /home/travis/build/icyphy/ptII/ptolemy/actor/lib/test/auto/ConstraintMonitor1.xml
2 ms. Memory: 530432K Free: 270554K (51%)
----------------- Invoking toplevel() on ptolemy.moml.MoMLSimpleApplication@3c9b6024
----------------- Done invoking toplevel() on ptolemy.moml.MoMLSimpleApplication@3c9b6024
reloadAllAccessors: .ConstraintMonitor1

===========================================================================================
----------------- testing Sun Sep 20 15:47:57 UTC 2020 /home/travis/build/icyphy/ptII/ptolemy/actor/lib/test/auto/ConstraintMonitor2.xml
----------------- Instantiating /home/travis/build/icyphy/ptII/ptolemy/actor/lib/test/auto/ConstraintMonitor2.xml
2 ms. Memory: 530432K Free: 265962K (50%)
----------------- Invoking toplevel() on ptolemy.moml.MoMLSimpleApplication@70c2ba25
----------------- Done invoking toplevel() on ptolemy.moml.MoMLSimpleApplication@70c2ba25
reloadAllAccessors: .ConstraintMonitor2

===========================================================================================
----------------- testing Sun Sep 20 15:47:57 UTC 2020 /home/travis/build/icyphy/ptII/ptolemy/actor/lib/test/auto/ConstraintMonitor3.xml
----------------- Instantiating /home/travis/build/icyphy/ptII/ptolemy/actor/lib/test/auto/ConstraintMonitor3.xml
1 ms. Memory: 530432K Free: 261352K (49%)
----------------- Invoking toplevel() on ptolemy.moml.MoMLSimpleApplication@2ce4f011
----------------- Done invoking toplevel() on ptolemy.moml.MoMLSimpleApplication@2ce4f011
reloadAllAccessors: .ConstraintMonitor3

===========================================================================================
----------------- testing Sun Sep 20 15:47:57 UTC 2020 /home/travis/build/icyphy/ptII/ptolemy/actor/lib/test/auto/ConstraintMonitor4.xml
----------------- Instantiating /home/travis/build/icyphy/ptII/ptolemy/actor/lib/test/auto/ConstraintMonitor4.xml
2 ms. Memory: 530432K Free: 256746K (48%)
----------------- Invoking toplevel() on ptolemy.moml.MoMLSimpleApplication@465cf6be
----------------- Done invoking toplevel() on ptolemy.moml.MoMLSimpleApplication@465cf6be
reloadAllAccessors: .ConstraintMonitor4

===========================================================================================
----------------- testing Sun Sep 20 15:47:57 UTC 2020 /home/travis/build/icyphy/ptII/ptolemy/actor/lib/test/auto/ConstraintMonitor5.xml
----------------- Instantiating /home/travis/build/icyphy/ptII/ptolemy/actor/lib/test/auto/ConstraintMonitor5.xml
1 ms. Memory: 530432K Free: 251626K (47%)
----------------- Invoking toplevel() on ptolemy.moml.MoMLSimpleApplication@1299b8f4
----------------- Done invoking toplevel() on ptolemy.moml.MoMLSimpleApplication@1299b8f4
reloadAllAccessors: .ConstraintMonitor5

===========================================================================================
----------------- testing Sun Sep 20 15:47:57 UTC 2020 /home/travis/build/icyphy/ptII/ptolemy/actor/lib/test/auto/ConstraintMonitor6.xml
----------------- Instantiating /home/travis/build/icyphy/ptII/ptolemy/actor/lib/test/auto/ConstraintMonitor6.xml
6 ms. Memory: 530432K Free: 245482K (46%)
----------------- Invoking toplevel() on ptolemy.moml.MoMLSimpleApplication@41929450
----------------- Done invoking toplevel() on ptolemy.moml.MoMLSimpleApplication@41929450
reloadAllAccessors: .ConstraintMonitor6

===========================================================================================
----------------- testing Sun Sep 20 15:47:57 UTC 2020 /home/travis/build/icyphy/ptII/ptolemy/actor/lib/test/auto/ConstraintMonitor7.xml
----------------- Instantiating /home/travis/build/icyphy/ptII/ptolemy/actor/lib/test/auto/ConstraintMonitor7.xml
8 ms. Memory: 530432K Free: 239338K (45%)
----------------- Invoking toplevel() on ptolemy.moml.MoMLSimpleApplication@557b60dd
----------------- Done invoking toplevel() on ptolemy.moml.MoMLSimpleApplication@557b60dd
reloadAllAccessors: .ConstraintMonitor7

===========================================================================================
----------------- testing Sun Sep 20 15:47:57 UTC 2020 /home/travis/build/icyphy/ptII/ptolemy/actor/lib/test/auto/ConstraintMonitor8.xml
----------------- Instantiating /home/travis/build/icyphy/ptII/ptolemy/actor/lib/test/auto/ConstraintMonitor8.xml
4 ms. Memory: 530432K Free: 231650K (44%)
----------------- Invoking toplevel() on ptolemy.moml.MoMLSimpleApplication@10318be2
----------------- Done invoking toplevel() on ptolemy.moml.MoMLSimpleApplication@10318be2
reloadAllAccessors: .ConstraintMonitor8

===========================================================================================
----------------- testing Sun Sep 20 15:47:57 UTC 2020 /home/travis/build/icyphy/ptII/ptolemy/actor/lib/test/auto/Counter.xml
----------------- Instantiating /home/travis/build/icyphy/ptII/ptolemy/actor/lib/test/auto/Counter.xml
2 ms. Memory: 530432K Free: 227050K (43%)
----------------- Invoking toplevel() on ptolemy.moml.MoMLSimpleApplication@6c74a68a
----------------- Done invoking toplevel() on ptolemy.moml.MoMLSimpleApplication@6c74a68a
reloadAllAccessors: .Counter

===========================================================================================
----------------- testing Sun Sep 20 15:47:57 UTC 2020 /home/travis/build/icyphy/ptII/ptolemy/actor/lib/test/auto/CurrentTimeSDF.xml
----------------- Instantiating /home/travis/build/icyphy/ptII/ptolemy/actor/lib/test/auto/CurrentTimeSDF.xml
1 ms. Memory: 530432K Free: 222954K (42%)
----------------- Invoking toplevel() on ptolemy.moml.MoMLSimpleApplication@17efe8a9
----------------- Done invoking toplevel() on ptolemy.moml.MoMLSimpleApplication@17efe8a9
reloadAllAccessors: .CurrentTimeSDF

===========================================================================================
----------------- testing Sun Sep 20 15:47:57 UTC 2020 /home/travis/build/icyphy/ptII/ptolemy/actor/lib/test/auto/DB.xml
----------------- Instantiating /home/travis/build/icyphy/ptII/ptolemy/actor/lib/test/auto/DB.xml
3 ms. Memory: 530432K Free: 217834K (41%)
----------------- Invoking toplevel() on ptolemy.moml.MoMLSimpleApplication@1101bf2f
----------------- Done invoking toplevel() on ptolemy.moml.MoMLSimpleApplication@1101bf2f
reloadAllAccessors: .DB

===========================================================================================
----------------- testing Sun Sep 20 15:47:57 UTC 2020 /home/travis/build/icyphy/ptII/ptolemy/actor/lib/test/auto/DBDE.xml
----------------- Instantiating /home/travis/build/icyphy/ptII/ptolemy/actor/lib/test/auto/DBDE.xml
2 ms. Memory: 530432K Free: 212186K (40%)
----------------- Invoking toplevel() on ptolemy.moml.MoMLSimpleApplication@69701e12
----------------- Done invoking toplevel() on ptolemy.moml.MoMLSimpleApplication@69701e12
reloadAllAccessors: .DBDE

===========================================================================================
----------------- testing Sun Sep 20 15:47:57 UTC 2020 /home/travis/build/icyphy/ptII/ptolemy/actor/lib/test/auto/DateConstructor.xml
----------------- Instantiating /home/travis/build/icyphy/ptII/ptolemy/actor/lib/test/auto/DateConstructor.xml
24 ms. Memory: 530432K Free: 194792K (37%)
----------------- Invoking toplevel() on ptolemy.moml.MoMLSimpleApplication@35c4d30d
----------------- Done invoking toplevel() on ptolemy.moml.MoMLSimpleApplication@35c4d30d
reloadAllAccessors: .DateConstructor

===========================================================================================
----------------- testing Sun Sep 20 15:47:57 UTC 2020 /home/travis/build/icyphy/ptII/ptolemy/actor/lib/test/auto/DelayTime.xml
----------------- Instantiating /home/travis/build/icyphy/ptII/ptolemy/actor/lib/test/auto/DelayTime.xml
6 ms. Memory: 530432K Free: 189672K (36%)
----------------- Invoking toplevel() on ptolemy.moml.MoMLSimpleApplication@761e86e1
----------------- Done invoking toplevel() on ptolemy.moml.MoMLSimpleApplication@761e86e1
reloadAllAccessors: .DelayTime

===========================================================================================
----------------- testing Sun Sep 20 15:47:57 UTC 2020 /home/travis/build/icyphy/ptII/ptolemy/actor/lib/test/auto/Dictionary1.xml
----------------- Instantiating /home/travis/build/icyphy/ptII/ptolemy/actor/lib/test/auto/Dictionary1.xml
1 ms. Memory: 530432K Free: 184042K (35%)
----------------- Invoking toplevel() on ptolemy.moml.MoMLSimpleApplication@581c3a3c
----------------- Done invoking toplevel() on ptolemy.moml.MoMLSimpleApplication@581c3a3c
reloadAllAccessors: .Dictionary1

===========================================================================================
----------------- testing Sun Sep 20 15:47:57 UTC 2020 /home/travis/build/icyphy/ptII/ptolemy/actor/lib/test/auto/Dictionary2.xml
----------------- Instantiating /home/travis/build/icyphy/ptII/ptolemy/actor/lib/test/auto/Dictionary2.xml
8 ms. Memory: 530432K Free: 178922K (34%)
----------------- Invoking toplevel() on ptolemy.moml.MoMLSimpleApplication@5cc13756
----------------- Done invoking toplevel() on ptolemy.moml.MoMLSimpleApplication@5cc13756
reloadAllAccessors: .Dictionary2

===========================================================================================
----------------- testing Sun Sep 20 15:47:57 UTC 2020 /home/travis/build/icyphy/ptII/ptolemy/actor/lib/test/auto/Dictionary3.xml
----------------- Instantiating /home/travis/build/icyphy/ptII/ptolemy/actor/lib/test/auto/Dictionary3.xml
1 ms. Memory: 530432K Free: 173288K (33%)
----------------- Invoking toplevel() on ptolemy.moml.MoMLSimpleApplication@3ba49f9d
----------------- Done invoking toplevel() on ptolemy.moml.MoMLSimpleApplication@3ba49f9d
reloadAllAccessors: .Dictionary3

===========================================================================================
----------------- testing Sun Sep 20 15:47:57 UTC 2020 /home/travis/build/icyphy/ptII/ptolemy/actor/lib/test/auto/Dictionary4.xml
----------------- Instantiating /home/travis/build/icyphy/ptII/ptolemy/actor/lib/test/auto/Dictionary4.xml
3 ms. Memory: 530432K Free: 474850K (90%)
----------------- Invoking toplevel() on ptolemy.moml.MoMLSimpleApplication@48764fc9
----------------- Done invoking toplevel() on ptolemy.moml.MoMLSimpleApplication@48764fc9
reloadAllAccessors: .Dictionary4

===========================================================================================
----------------- testing Sun Sep 20 15:47:57 UTC 2020 /home/travis/build/icyphy/ptII/ptolemy/actor/lib/test/auto/Differential.xml
----------------- Instantiating /home/travis/build/icyphy/ptII/ptolemy/actor/lib/test/auto/Differential.xml
3 ms. Memory: 530432K Free: 470760K (89%)
----------------- Invoking toplevel() on ptolemy.moml.MoMLSimpleApplication@7a5e3b01
----------------- Done invoking toplevel() on ptolemy.moml.MoMLSimpleApplication@7a5e3b01
reloadAllAccessors: .Differential

===========================================================================================
----------------- testing Sun Sep 20 15:47:58 UTC 2020 /home/travis/build/icyphy/ptII/ptolemy/actor/lib/test/auto/Director.xml
----------------- Instantiating /home/travis/build/icyphy/ptII/ptolemy/actor/lib/test/auto/Director.xml
2 ms. Memory: 530432K Free: 467178K (88%)
----------------- Invoking toplevel() on ptolemy.moml.MoMLSimpleApplication@3ae71882
----------------- Done invoking toplevel() on ptolemy.moml.MoMLSimpleApplication@3ae71882
reloadAllAccessors: .Director

===========================================================================================
----------------- testing Sun Sep 20 15:47:58 UTC 2020 /home/travis/build/icyphy/ptII/ptolemy/actor/lib/test/auto/DiscreteClock.xml
----------------- Instantiating /home/travis/build/icyphy/ptII/ptolemy/actor/lib/test/auto/DiscreteClock.xml
2 ms. Memory: 530432K Free: 463082K (87%)
----------------- Invoking toplevel() on ptolemy.moml.MoMLSimpleApplication@44f2553a
----------------- Done invoking toplevel() on ptolemy.moml.MoMLSimpleApplication@44f2553a
reloadAllAccessors: .DiscreteClock

===========================================================================================
----------------- testing Sun Sep 20 15:47:58 UTC 2020 /home/travis/build/icyphy/ptII/ptolemy/actor/lib/test/auto/DiscreteClock10.xml
----------------- Instantiating /home/travis/build/icyphy/ptII/ptolemy/actor/lib/test/auto/DiscreteClock10.xml
5 ms. Memory: 530432K Free: 456938K (86%)
----------------- Invoking toplevel() on ptolemy.moml.MoMLSimpleApplication@61cfbdf8
----------------- Done invoking toplevel() on ptolemy.moml.MoMLSimpleApplication@61cfbdf8
reloadAllAccessors: .DiscreteClock10

===========================================================================================
----------------- testing Sun Sep 20 15:47:58 UTC 2020 /home/travis/build/icyphy/ptII/ptolemy/actor/lib/test/auto/DiscreteClock11.xml
----------------- Instantiating /home/travis/build/icyphy/ptII/ptolemy/actor/lib/test/auto/DiscreteClock11.xml
2 ms. Memory: 530432K Free: 451304K (85%)
----------------- Invoking toplevel() on ptolemy.moml.MoMLSimpleApplication@1c537c6a
----------------- Done invoking toplevel() on ptolemy.moml.MoMLSimpleApplication@1c537c6a
reloadAllAccessors: .DiscreteClock11

===========================================================================================
----------------- testing Sun Sep 20 15:47:58 UTC 2020 /home/travis/build/icyphy/ptII/ptolemy/actor/lib/test/auto/DiscreteClock12.xml
----------------- Instantiating /home/travis/build/icyphy/ptII/ptolemy/actor/lib/test/auto/DiscreteClock12.xml
2 ms. Memory: 530432K Free: 445160K (84%)
----------------- Invoking toplevel() on ptolemy.moml.MoMLSimpleApplication@35553cd1
----------------- Done invoking toplevel() on ptolemy.moml.MoMLSimpleApplication@35553cd1
reloadAllAccessors: .DiscreteClock12

===========================================================================================
----------------- testing Sun Sep 20 15:47:58 UTC 2020 /home/travis/build/icyphy/ptII/ptolemy/actor/lib/test/auto/DiscreteClock13.xml
----------------- Instantiating /home/travis/build/icyphy/ptII/ptolemy/actor/lib/test/auto/DiscreteClock13.xml
5 ms. Memory: 530432K Free: 439002K (83%)
----------------- Invoking toplevel() on ptolemy.moml.MoMLSimpleApplication@3ef92adb
----------------- Done invoking toplevel() on ptolemy.moml.MoMLSimpleApplication@3ef92adb
reloadAllAccessors: .DiscreteClock13

===========================================================================================
----------------- testing Sun Sep 20 15:47:58 UTC 2020 /home/travis/build/icyphy/ptII/ptolemy/actor/lib/test/auto/DiscreteClock14.xml
----------------- Instantiating /home/travis/build/icyphy/ptII/ptolemy/actor/lib/test/auto/DiscreteClock14.xml
5 ms. Memory: 530432K Free: 433386K (82%)
----------------- Invoking toplevel() on ptolemy.moml.MoMLSimpleApplication@24c9d7b4
----------------- Done invoking toplevel() on ptolemy.moml.MoMLSimpleApplication@24c9d7b4
reloadAllAccessors: .DiscreteClock14

===========================================================================================
----------------- testing Sun Sep 20 15:47:58 UTC 2020 /home/travis/build/icyphy/ptII/ptolemy/actor/lib/test/auto/DiscreteClock15.xml
----------------- Instantiating /home/travis/build/icyphy/ptII/ptolemy/actor/lib/test/auto/DiscreteClock15.xml
4 ms. Memory: 530432K Free: 427242K (81%)
----------------- Invoking toplevel() on ptolemy.moml.MoMLSimpleApplication@53685471
----------------- Done invoking toplevel() on ptolemy.moml.MoMLSimpleApplication@53685471
reloadAllAccessors: .DiscreteClock15

===========================================================================================
----------------- testing Sun Sep 20 15:47:58 UTC 2020 /home/travis/build/icyphy/ptII/ptolemy/actor/lib/test/auto/DiscreteClock16.xml
----------------- Instantiating /home/travis/build/icyphy/ptII/ptolemy/actor/lib/test/auto/DiscreteClock16.xml
16 ms. Memory: 530432K Free: 413402K (78%)
----------------- Invoking toplevel() on ptolemy.moml.MoMLSimpleApplication@48256d62
----------------- Done invoking toplevel() on ptolemy.moml.MoMLSimpleApplication@48256d62
reloadAllAccessors: .DiscreteClock16

===========================================================================================
----------------- testing Sun Sep 20 15:47:58 UTC 2020 /home/travis/build/icyphy/ptII/ptolemy/actor/lib/test/auto/DiscreteClock17.xml
----------------- Instantiating /home/travis/build/icyphy/ptII/ptolemy/actor/lib/test/auto/DiscreteClock17.xml
16 ms. Memory: 530432K Free: 399074K (75%)
----------------- Invoking toplevel() on ptolemy.moml.MoMLSimpleApplication@5108fbd2
----------------- Done invoking toplevel() on ptolemy.moml.MoMLSimpleApplication@5108fbd2
reloadAllAccessors: .DiscreteClock17

===========================================================================================
----------------- testing Sun Sep 20 15:47:58 UTC 2020 /home/travis/build/icyphy/ptII/ptolemy/actor/lib/test/auto/DiscreteClock18.xml
----------------- Instantiating /home/travis/build/icyphy/ptII/ptolemy/actor/lib/test/auto/DiscreteClock18.xml
11 ms. Memory: 530432K Free: 385768K (73%)
----------------- Invoking toplevel() on ptolemy.moml.MoMLSimpleApplication@431c78c4
----------------- Done invoking toplevel() on ptolemy.moml.MoMLSimpleApplication@431c78c4
reloadAllAccessors: .DiscreteClock18

===========================================================================================
----------------- testing Sun Sep 20 15:47:58 UTC 2020 /home/travis/build/icyphy/ptII/ptolemy/actor/lib/test/auto/DiscreteClock19.xml
----------------- Instantiating /home/travis/build/icyphy/ptII/ptolemy/actor/lib/test/auto/DiscreteClock19.xml
12 ms. Memory: 530432K Free: 371946K (70%)
----------------- Invoking toplevel() on ptolemy.moml.MoMLSimpleApplication@37d5f7db
----------------- Done invoking toplevel() on ptolemy.moml.MoMLSimpleApplication@37d5f7db
reloadAllAccessors: .DiscreteClock19

===========================================================================================
----------------- testing Sun Sep 20 15:47:58 UTC 2020 /home/travis/build/icyphy/ptII/ptolemy/actor/lib/test/auto/DiscreteClock2.xml
----------------- Instantiating /home/travis/build/icyphy/ptII/ptolemy/actor/lib/test/auto/DiscreteClock2.xml
4 ms. Memory: 530432K Free: 367336K (69%)
----------------- Invoking toplevel() on ptolemy.moml.MoMLSimpleApplication@5fb3d28a
----------------- Done invoking toplevel() on ptolemy.moml.MoMLSimpleApplication@5fb3d28a
reloadAllAccessors: .DiscreteClock2

===========================================================================================
----------------- testing Sun Sep 20 15:47:58 UTC 2020 /home/travis/build/icyphy/ptII/ptolemy/actor/lib/test/auto/DiscreteClock20.xml
----------------- Instantiating /home/travis/build/icyphy/ptII/ptolemy/actor/lib/test/auto/DiscreteClock20.xml
6 ms. Memory: 530432K Free: 361706K (68%)
----------------- Invoking toplevel() on ptolemy.moml.MoMLSimpleApplication@5ea71a79
----------------- Done invoking toplevel() on ptolemy.moml.MoMLSimpleApplication@5ea71a79
reloadAllAccessors: .DiscreteClock20

===========================================================================================
----------------- testing Sun Sep 20 15:47:58 UTC 2020 /home/travis/build/icyphy/ptII/ptolemy/actor/lib/test/auto/DiscreteClock21.xml
----------------- Instantiating /home/travis/build/icyphy/ptII/ptolemy/actor/lib/test/auto/DiscreteClock21.xml
4 ms. Memory: 530432K Free: 356586K (67%)
----------------- Invoking toplevel() on ptolemy.moml.MoMLSimpleApplication@5ff281a5
----------------- Done invoking toplevel() on ptolemy.moml.MoMLSimpleApplication@5ff281a5
reloadAllAccessors: .DiscreteClock21

===========================================================================================
----------------- testing Sun Sep 20 15:47:58 UTC 2020 /home/travis/build/icyphy/ptII/ptolemy/actor/lib/test/auto/DiscreteClock22.xml
----------------- Instantiating /home/travis/build/icyphy/ptII/ptolemy/actor/lib/test/auto/DiscreteClock22.xml
9 ms. Memory: 530432K Free: 350952K (66%)
----------------- Invoking toplevel() on ptolemy.moml.MoMLSimpleApplication@2f65232a
----------------- Done invoking toplevel() on ptolemy.moml.MoMLSimpleApplication@2f65232a
reloadAllAccessors: .DiscreteClock22

===========================================================================================
----------------- testing Sun Sep 20 15:47:58 UTC 2020 /home/travis/build/icyphy/ptII/ptolemy/actor/lib/test/auto/DiscreteClock23.xml
----------------- Instantiating /home/travis/build/icyphy/ptII/ptolemy/actor/lib/test/auto/DiscreteClock23.xml
9 ms. Memory: 530432K Free: 345322K (65%)
----------------- Invoking toplevel() on ptolemy.moml.MoMLSimpleApplication@2577b53d
----------------- Done invoking toplevel() on ptolemy.moml.MoMLSimpleApplication@2577b53d
reloadAllAccessors: .DiscreteClock23

===========================================================================================
----------------- testing Sun Sep 20 15:47:58 UTC 2020 /home/travis/build/icyphy/ptII/ptolemy/actor/lib/test/auto/DiscreteClock24.xml
----------------- Instantiating /home/travis/build/icyphy/ptII/ptolemy/actor/lib/test/auto/DiscreteClock24.xml
5 ms. Memory: 530432K Free: 339688K (64%)
----------------- Invoking toplevel() on ptolemy.moml.MoMLSimpleApplication@4beaff1d
----------------- Done invoking toplevel() on ptolemy.moml.MoMLSimpleApplication@4beaff1d
reloadAllAccessors: .DiscreteClock24

===========================================================================================
----------------- testing Sun Sep 20 15:47:58 UTC 2020 /home/travis/build/icyphy/ptII/ptolemy/actor/lib/test/auto/DiscreteClock4.xml
----------------- Instantiating /home/travis/build/icyphy/ptII/ptolemy/actor/lib/test/auto/DiscreteClock4.xml
4 ms. Memory: 530432K Free: 334058K (63%)
----------------- Invoking toplevel() on ptolemy.moml.MoMLSimpleApplication@71b7a1a0
----------------- Done invoking toplevel() on ptolemy.moml.MoMLSimpleApplication@71b7a1a0
reloadAllAccessors: .DiscreteClock4

===========================================================================================
----------------- testing Sun Sep 20 15:47:58 UTC 2020 /home/travis/build/icyphy/ptII/ptolemy/actor/lib/test/auto/DiscreteClock5.xml
----------------- Instantiating /home/travis/build/icyphy/ptII/ptolemy/actor/lib/test/auto/DiscreteClock5.xml
1 ms. Memory: 530432K Free: 328938K (62%)
----------------- Invoking toplevel() on ptolemy.moml.MoMLSimpleApplication@5d87bee9
----------------- Done invoking toplevel() on ptolemy.moml.MoMLSimpleApplication@5d87bee9
reloadAllAccessors: .DiscreteClock5

===========================================================================================
----------------- testing Sun Sep 20 15:47:58 UTC 2020 /home/travis/build/icyphy/ptII/ptolemy/actor/lib/test/auto/DiscreteClock6.xml
----------------- Instantiating /home/travis/build/icyphy/ptII/ptolemy/actor/lib/test/auto/DiscreteClock6.xml
1 ms. Memory: 530432K Free: 324842K (61%)
----------------- Invoking toplevel() on ptolemy.moml.MoMLSimpleApplication@343af9df
----------------- Done invoking toplevel() on ptolemy.moml.MoMLSimpleApplication@343af9df
reloadAllAccessors: .DiscreteClock6

===========================================================================================
----------------- testing Sun Sep 20 15:47:58 UTC 2020 /home/travis/build/icyphy/ptII/ptolemy/actor/lib/test/auto/DiscreteClock7.xml
----------------- Instantiating /home/travis/build/icyphy/ptII/ptolemy/actor/lib/test/auto/DiscreteClock7.xml
2 ms. Memory: 530432K Free: 320232K (60%)
----------------- Invoking toplevel() on ptolemy.moml.MoMLSimpleApplication@290d74af
----------------- Done invoking toplevel() on ptolemy.moml.MoMLSimpleApplication@290d74af
reloadAllAccessors: .DiscreteClock7

===========================================================================================
----------------- testing Sun Sep 20 15:47:58 UTC 2020 /home/travis/build/icyphy/ptII/ptolemy/actor/lib/test/auto/DiscreteClock8.xml
----------------- Instantiating /home/travis/build/icyphy/ptII/ptolemy/actor/lib/test/auto/DiscreteClock8.xml
4 ms. Memory: 530432K Free: 314602K (59%)
----------------- Invoking toplevel() on ptolemy.moml.MoMLSimpleApplication@42bd4f52
----------------- Done invoking toplevel() on ptolemy.moml.MoMLSimpleApplication@42bd4f52
reloadAllAccessors: .DiscreteClock8

===========================================================================================
----------------- testing Sun Sep 20 15:47:58 UTC 2020 /home/travis/build/icyphy/ptII/ptolemy/actor/lib/test/auto/DiscreteClock9.xml
----------------- Instantiating /home/travis/build/icyphy/ptII/ptolemy/actor/lib/test/auto/DiscreteClock9.xml
4 ms. Memory: 530432K Free: 308938K (58%)
----------------- Invoking toplevel() on ptolemy.moml.MoMLSimpleApplication@73f063c2
----------------- Done invoking toplevel() on ptolemy.moml.MoMLSimpleApplication@73f063c2
reloadAllAccessors: .DiscreteClock9

===========================================================================================
----------------- testing Sun Sep 20 15:47:58 UTC 2020 /home/travis/build/icyphy/ptII/ptolemy/actor/lib/test/auto/DisplayArray.xml
----------------- Instantiating /home/travis/build/icyphy/ptII/ptolemy/actor/lib/test/auto/DisplayArray.xml
3 ms. Memory: 530432K Free: 305386K (58%)
----------------- Invoking toplevel() on ptolemy.moml.MoMLSimpleApplication@4cff695d
----------------- Done invoking toplevel() on ptolemy.moml.MoMLSimpleApplication@4cff695d
reloadAllAccessors: .DisplayArray

===========================================================================================
----------------- testing Sun Sep 20 15:47:58 UTC 2020 /home/travis/build/icyphy/ptII/ptolemy/actor/lib/test/auto/Distributor.xml
----------------- Instantiating /home/travis/build/icyphy/ptII/ptolemy/actor/lib/test/auto/Distributor.xml
1 ms. Memory: 530432K Free: 300266K (57%)
----------------- Invoking toplevel() on ptolemy.moml.MoMLSimpleApplication@13b675e2
----------------- Done invoking toplevel() on ptolemy.moml.MoMLSimpleApplication@13b675e2
reloadAllAccessors: .Distributor

===========================================================================================
----------------- testing Sun Sep 20 15:47:58 UTC 2020 /home/travis/build/icyphy/ptII/ptolemy/actor/lib/test/auto/Distributor2.xml
----------------- Instantiating /home/travis/build/icyphy/ptII/ptolemy/actor/lib/test/auto/Distributor2.xml
2 ms. Memory: 530432K Free: 295656K (56%)
----------------- Invoking toplevel() on ptolemy.moml.MoMLSimpleApplication@11d48f83
----------------- Done invoking toplevel() on ptolemy.moml.MoMLSimpleApplication@11d48f83
reloadAllAccessors: .Distributor2

===========================================================================================
----------------- testing Sun Sep 20 15:47:58 UTC 2020 /home/travis/build/icyphy/ptII/ptolemy/actor/lib/test/auto/DownSample.xml
----------------- Instantiating /home/travis/build/icyphy/ptII/ptolemy/actor/lib/test/auto/DownSample.xml
1 ms. Memory: 530432K Free: 291050K (55%)
----------------- Invoking toplevel() on ptolemy.moml.MoMLSimpleApplication@4085f6b6
----------------- Done invoking toplevel() on ptolemy.moml.MoMLSimpleApplication@4085f6b6
reloadAllAccessors: .DownSample

===========================================================================================
----------------- testing Sun Sep 20 15:47:58 UTC 2020 /home/travis/build/icyphy/ptII/ptolemy/actor/lib/test/auto/ElectronicUnitBase1.xml
----------------- Instantiating /home/travis/build/icyphy/ptII/ptolemy/actor/lib/test/auto/ElectronicUnitBase1.xml
15 ms. Memory: 530432K Free: 275690K (52%)
----------------- Invoking toplevel() on ptolemy.moml.MoMLSimpleApplication@2b3471d5
----------------- Done invoking toplevel() on ptolemy.moml.MoMLSimpleApplication@2b3471d5
reloadAllAccessors: .ElectronicUnitBase1

===========================================================================================
----------------- testing Sun Sep 20 15:47:58 UTC 2020 /home/travis/build/icyphy/ptII/ptolemy/actor/lib/test/auto/ElementsToArray.xml
----------------- Instantiating /home/travis/build/icyphy/ptII/ptolemy/actor/lib/test/auto/ElementsToArray.xml
2 ms. Memory: 530432K Free: 270570K (51%)
----------------- Invoking toplevel() on ptolemy.moml.MoMLSimpleApplication@65eeffe4
----------------- Done invoking toplevel() on ptolemy.moml.MoMLSimpleApplication@65eeffe4
reloadAllAccessors: .ElementsToArray

===========================================================================================
----------------- testing Sun Sep 20 15:47:58 UTC 2020 /home/travis/build/icyphy/ptII/ptolemy/actor/lib/test/auto/Equals.xml
----------------- Instantiating /home/travis/build/icyphy/ptII/ptolemy/actor/lib/test/auto/Equals.xml
2 ms. Memory: 530432K Free: 265960K (50%)
----------------- Invoking toplevel() on ptolemy.moml.MoMLSimpleApplication@485997
----------------- Done invoking toplevel() on ptolemy.moml.MoMLSimpleApplication@485997
reloadAllAccessors: .Equals

===========================================================================================
----------------- testing Sun Sep 20 15:47:58 UTC 2020 /home/travis/build/icyphy/ptII/ptolemy/actor/lib/test/auto/Exec.xml
----------------- Instantiating /home/travis/build/icyphy/ptII/ptolemy/actor/lib/test/auto/Exec.xml
13 ms. Memory: 530432K Free: 260840K (49%)
----------------- Invoking toplevel() on ptolemy.moml.MoMLSimpleApplication@134ce09e
----------------- Done invoking toplevel() on ptolemy.moml.MoMLSimpleApplication@134ce09e
reloadAllAccessors: .Exec

===========================================================================================
----------------- testing Sun Sep 20 15:47:58 UTC 2020 /home/travis/build/icyphy/ptII/ptolemy/actor/lib/test/auto/ExecEnvironment.xml
----------------- Instantiating /home/travis/build/icyphy/ptII/ptolemy/actor/lib/test/auto/ExecEnvironment.xml
23 ms. Memory: 530432K Free: 255720K (48%)
----------------- Invoking toplevel() on ptolemy.moml.MoMLSimpleApplication@4343d8bb
----------------- Done invoking toplevel() on ptolemy.moml.MoMLSimpleApplication@4343d8bb
reloadAllAccessors: .ExecEnvironment

===========================================================================================
----------------- testing Sun Sep 20 15:47:58 UTC 2020 /home/travis/build/icyphy/ptII/ptolemy/actor/lib/test/auto/ExecNonZeroReturnOutput.xml
----------------- Instantiating /home/travis/build/icyphy/ptII/ptolemy/actor/lib/test/auto/ExecNonZeroReturnOutput.xml
135 ms. Memory: 530432K Free: 244970K (46%)
----------------- Invoking toplevel() on ptolemy.moml.MoMLSimpleApplication@5cff3f22
----------------- Done invoking toplevel() on ptolemy.moml.MoMLSimpleApplication@5cff3f22
reloadAllAccessors: .ExecNonZeroReturnOutput

===========================================================================================
----------------- testing Sun Sep 20 15:47:58 UTC 2020 /home/travis/build/icyphy/ptII/ptolemy/actor/lib/test/auto/ExecRunDemos.xml
----------------- Instantiating /home/travis/build/icyphy/ptII/ptolemy/actor/lib/test/auto/ExecRunDemos.xml
Finished: 60 ms. Memory: 129024K Free: 112354K (87%)

Finished: 77 ms. Memory: 129024K Free: 109474K (85%)

Finished: 68 ms. Memory: 129024K Free: 109556K (85%)

Finished: 84 ms. Memory: 129024K Free: 111032K (86%)

Finished: 50 ms. Memory: 129024K Free: 111946K (87%)

10184 ms. Memory: 530432K Free: 223464K (42%)
----------------- Invoking toplevel() on ptolemy.moml.MoMLSimpleApplication@320dd844
----------------- Done invoking toplevel() on ptolemy.moml.MoMLSimpleApplication@320dd844
reloadAllAccessors: .ExecRunDemos

===========================================================================================
----------------- testing Sun Sep 20 15:48:09 UTC 2020 /home/travis/build/icyphy/ptII/ptolemy/actor/lib/test/auto/ExecStop.xml
----------------- Instantiating /home/travis/build/icyphy/ptII/ptolemy/actor/lib/test/auto/ExecStop.xml
5025 ms. Memory: 530432K Free: 406761K (77%)
----------------- Invoking toplevel() on ptolemy.moml.MoMLSimpleApplication@6992bc68
----------------- Done invoking toplevel() on ptolemy.moml.MoMLSimpleApplication@6992bc68
reloadAllAccessors: .ExecStop

===========================================================================================
----------------- testing Sun Sep 20 15:48:14 UTC 2020 /home/travis/build/icyphy/ptII/ptolemy/actor/lib/test/auto/ExecutionTimeSDF.xml
----------------- Instantiating /home/travis/build/icyphy/ptII/ptolemy/actor/lib/test/auto/ExecutionTimeSDF.xml
Fired ExecutionTime: -1478967296
Fired ExecutionTime: 1330800000
Fired ExecutionTime: -172567296
6005 ms. Memory: 530432K Free: 393962K (74%)
----------------- Invoking toplevel() on ptolemy.moml.MoMLSimpleApplication@42766da7
----------------- Done invoking toplevel() on ptolemy.moml.MoMLSimpleApplication@42766da7
reloadAllAccessors: .ExecutionTimeSDF

===========================================================================================
----------------- testing Sun Sep 20 15:48:20 UTC 2020 /home/travis/build/icyphy/ptII/ptolemy/actor/lib/test/auto/Expression1.xml
----------------- Instantiating /home/travis/build/icyphy/ptII/ptolemy/actor/lib/test/auto/Expression1.xml
2 ms. Memory: 530432K Free: 390376K (74%)
----------------- Invoking toplevel() on ptolemy.moml.MoMLSimpleApplication@7adaf71c
----------------- Done invoking toplevel() on ptolemy.moml.MoMLSimpleApplication@7adaf71c
reloadAllAccessors: .Expression1

===========================================================================================
----------------- testing Sun Sep 20 15:48:20 UTC 2020 /home/travis/build/icyphy/ptII/ptolemy/actor/lib/test/auto/Expression10.xml
----------------- Instantiating /home/travis/build/icyphy/ptII/ptolemy/actor/lib/test/auto/Expression10.xml
6 ms. Memory: 530432K Free: 385256K (73%)
----------------- Invoking toplevel() on ptolemy.moml.MoMLSimpleApplication@1257171d
----------------- Done invoking toplevel() on ptolemy.moml.MoMLSimpleApplication@1257171d
reloadAllAccessors: .Expression10

===========================================================================================
----------------- testing Sun Sep 20 15:48:20 UTC 2020 /home/travis/build/icyphy/ptII/ptolemy/actor/lib/test/auto/Expression11.xml
----------------- Instantiating /home/travis/build/icyphy/ptII/ptolemy/actor/lib/test/auto/Expression11.xml
1 ms. Memory: 530432K Free: 380648K (72%)
----------------- Invoking toplevel() on ptolemy.moml.MoMLSimpleApplication@22c5b59
----------------- Done invoking toplevel() on ptolemy.moml.MoMLSimpleApplication@22c5b59
reloadAllAccessors: .Expression11

===========================================================================================
----------------- testing Sun Sep 20 15:48:20 UTC 2020 /home/travis/build/icyphy/ptII/ptolemy/actor/lib/test/auto/Expression12.xml
----------------- Instantiating /home/travis/build/icyphy/ptII/ptolemy/actor/lib/test/auto/Expression12.xml
2 ms. Memory: 530432K Free: 375016K (71%)
----------------- Invoking toplevel() on ptolemy.moml.MoMLSimpleApplication@5e65c6f1
----------------- Done invoking toplevel() on ptolemy.moml.MoMLSimpleApplication@5e65c6f1
reloadAllAccessors: .Expression12

===========================================================================================
----------------- testing Sun Sep 20 15:48:20 UTC 2020 /home/travis/build/icyphy/ptII/ptolemy/actor/lib/test/auto/Expression13.xml
----------------- Instantiating /home/travis/build/icyphy/ptII/ptolemy/actor/lib/test/auto/Expression13.xml
3 ms. Memory: 530432K Free: 369896K (70%)
----------------- Invoking toplevel() on ptolemy.moml.MoMLSimpleApplication@3852c091
----------------- Done invoking toplevel() on ptolemy.moml.MoMLSimpleApplication@3852c091
reloadAllAccessors: .Expression13

===========================================================================================
----------------- testing Sun Sep 20 15:48:20 UTC 2020 /home/travis/build/icyphy/ptII/ptolemy/actor/lib/test/auto/Expression14.xml
----------------- Instantiating /home/travis/build/icyphy/ptII/ptolemy/actor/lib/test/auto/Expression14.xml
8 ms. Memory: 530432K Free: 363752K (69%)
----------------- Invoking toplevel() on ptolemy.moml.MoMLSimpleApplication@780daab9
----------------- Done invoking toplevel() on ptolemy.moml.MoMLSimpleApplication@780daab9
reloadAllAccessors: .Expression14

===========================================================================================
----------------- testing Sun Sep 20 15:48:20 UTC 2020 /home/travis/build/icyphy/ptII/ptolemy/actor/lib/test/auto/Expression15.xml
----------------- Instantiating /home/travis/build/icyphy/ptII/ptolemy/actor/lib/test/auto/Expression15.xml
1 ms. Memory: 530432K Free: 360170K (68%)
----------------- Invoking toplevel() on ptolemy.moml.MoMLSimpleApplication@5fd9c16a
----------------- Done invoking toplevel() on ptolemy.moml.MoMLSimpleApplication@5fd9c16a
reloadAllAccessors: .Expression15

===========================================================================================
----------------- testing Sun Sep 20 15:48:20 UTC 2020 /home/travis/build/icyphy/ptII/ptolemy/actor/lib/test/auto/Expression16.xml
----------------- Instantiating /home/travis/build/icyphy/ptII/ptolemy/actor/lib/test/auto/Expression16.xml
3 ms. Memory: 530432K Free: 355050K (67%)
----------------- Invoking toplevel() on ptolemy.moml.MoMLSimpleApplication@6e09f5c
----------------- Done invoking toplevel() on ptolemy.moml.MoMLSimpleApplication@6e09f5c
reloadAllAccessors: .Expression16

===========================================================================================
----------------- testing Sun Sep 20 15:48:20 UTC 2020 /home/travis/build/icyphy/ptII/ptolemy/actor/lib/test/auto/Expression17.xml
----------------- Instantiating /home/travis/build/icyphy/ptII/ptolemy/actor/lib/test/auto/Expression17.xml
3 ms. Memory: 530432K Free: 349930K (66%)
----------------- Invoking toplevel() on ptolemy.moml.MoMLSimpleApplication@14c12f2d
----------------- Done invoking toplevel() on ptolemy.moml.MoMLSimpleApplication@14c12f2d
reloadAllAccessors: .Expression17

===========================================================================================
----------------- testing Sun Sep 20 15:48:20 UTC 2020 /home/travis/build/icyphy/ptII/ptolemy/actor/lib/test/auto/Expression18.xml
----------------- Instantiating /home/travis/build/icyphy/ptII/ptolemy/actor/lib/test/auto/Expression18.xml
2 ms. Memory: 530432K Free: 344296K (65%)
----------------- Invoking toplevel() on ptolemy.moml.MoMLSimpleApplication@22542bcb
----------------- Done invoking toplevel() on ptolemy.moml.MoMLSimpleApplication@22542bcb
reloadAllAccessors: .Expression18

===========================================================================================
----------------- testing Sun Sep 20 15:48:20 UTC 2020 /home/travis/build/icyphy/ptII/ptolemy/actor/lib/test/auto/Expression2.xml
----------------- Instantiating /home/travis/build/icyphy/ptII/ptolemy/actor/lib/test/auto/Expression2.xml
2 ms. Memory: 530432K Free: 339176K (64%)
----------------- Invoking toplevel() on ptolemy.moml.MoMLSimpleApplication@5e7b4ab
----------------- Done invoking toplevel() on ptolemy.moml.MoMLSimpleApplication@5e7b4ab
reloadAllAccessors: .Expression2

===========================================================================================
----------------- testing Sun Sep 20 15:48:20 UTC 2020 /home/travis/build/icyphy/ptII/ptolemy/actor/lib/test/auto/Expression3.xml
----------------- Instantiating /home/travis/build/icyphy/ptII/ptolemy/actor/lib/test/auto/Expression3.xml
6 ms. Memory: 530432K Free: 334056K (63%)
----------------- Invoking toplevel() on ptolemy.moml.MoMLSimpleApplication@19f4d02
----------------- Done invoking toplevel() on ptolemy.moml.MoMLSimpleApplication@19f4d02
reloadAllAccessors: .Expression3

===========================================================================================
----------------- testing Sun Sep 20 15:48:20 UTC 2020 /home/travis/build/icyphy/ptII/ptolemy/actor/lib/test/auto/Expression4.xml
----------------- Instantiating /home/travis/build/icyphy/ptII/ptolemy/actor/lib/test/auto/Expression4.xml
4 ms. Memory: 530432K Free: 326378K (62%)
----------------- Invoking toplevel() on ptolemy.moml.MoMLSimpleApplication@2a91aeda
----------------- Done invoking toplevel() on ptolemy.moml.MoMLSimpleApplication@2a91aeda
reloadAllAccessors: .Expression4

===========================================================================================
----------------- testing Sun Sep 20 15:48:20 UTC 2020 /home/travis/build/icyphy/ptII/ptolemy/actor/lib/test/auto/Expression5.xml
----------------- Instantiating /home/travis/build/icyphy/ptII/ptolemy/actor/lib/test/auto/Expression5.xml
5 ms. Memory: 530432K Free: 321258K (61%)
----------------- Invoking toplevel() on ptolemy.moml.MoMLSimpleApplication@54f1c0ff
----------------- Done invoking toplevel() on ptolemy.moml.MoMLSimpleApplication@54f1c0ff
reloadAllAccessors: .Expression5

===========================================================================================
----------------- testing Sun Sep 20 15:48:20 UTC 2020 /home/travis/build/icyphy/ptII/ptolemy/actor/lib/test/auto/Expression6.xml
----------------- Instantiating /home/travis/build/icyphy/ptII/ptolemy/actor/lib/test/auto/Expression6.xml
2 ms. Memory: 530432K Free: 316648K (60%)
----------------- Invoking toplevel() on ptolemy.moml.MoMLSimpleApplication@3183b2fc
----------------- Done invoking toplevel() on ptolemy.moml.MoMLSimpleApplication@3183b2fc
reloadAllAccessors: .Expression6

===========================================================================================
----------------- testing Sun Sep 20 15:48:20 UTC 2020 /home/travis/build/icyphy/ptII/ptolemy/actor/lib/test/auto/Expression7.xml
----------------- Instantiating /home/travis/build/icyphy/ptII/ptolemy/actor/lib/test/auto/Expression7.xml
3 ms. Memory: 530432K Free: 312042K (59%)
----------------- Invoking toplevel() on ptolemy.moml.MoMLSimpleApplication@16a8018f
----------------- Done invoking toplevel() on ptolemy.moml.MoMLSimpleApplication@16a8018f
reloadAllAccessors: .Expression7

===========================================================================================
----------------- testing Sun Sep 20 15:48:20 UTC 2020 /home/travis/build/icyphy/ptII/ptolemy/actor/lib/test/auto/Expression8.xml
----------------- Instantiating /home/travis/build/icyphy/ptII/ptolemy/actor/lib/test/auto/Expression8.xml
7 ms. Memory: 530432K Free: 306922K (58%)
----------------- Invoking toplevel() on ptolemy.moml.MoMLSimpleApplication@3d73dc53
----------------- Done invoking toplevel() on ptolemy.moml.MoMLSimpleApplication@3d73dc53
reloadAllAccessors: .Expression8

===========================================================================================
----------------- testing Sun Sep 20 15:48:20 UTC 2020 /home/travis/build/icyphy/ptII/ptolemy/actor/lib/test/auto/Expression9.xml
----------------- Instantiating /home/travis/build/icyphy/ptII/ptolemy/actor/lib/test/auto/Expression9.xml
1 ms. Memory: 530432K Free: 302826K (57%)
----------------- Invoking toplevel() on ptolemy.moml.MoMLSimpleApplication@77d74363
----------------- Done invoking toplevel() on ptolemy.moml.MoMLSimpleApplication@77d74363
reloadAllAccessors: .Expression9

===========================================================================================
----------------- testing Sun Sep 20 15:48:20 UTC 2020 /home/travis/build/icyphy/ptII/ptolemy/actor/lib/test/auto/ExpressionConcatenateArrayType.xml
----------------- Instantiating /home/travis/build/icyphy/ptII/ptolemy/actor/lib/test/auto/ExpressionConcatenateArrayType.xml
3 ms. Memory: 530432K Free: 296168K (56%)
----------------- Invoking toplevel() on ptolemy.moml.MoMLSimpleApplication@325e321e
----------------- Done invoking toplevel() on ptolemy.moml.MoMLSimpleApplication@325e321e
reloadAllAccessors: .ExpressionConcatenateArrayType

===========================================================================================
----------------- testing Sun Sep 20 15:48:20 UTC 2020 /home/travis/build/icyphy/ptII/ptolemy/actor/lib/test/auto/ExpressionConcatenateArrayType2.xml
----------------- Instantiating /home/travis/build/icyphy/ptII/ptolemy/actor/lib/test/auto/ExpressionConcatenateArrayType2.xml
2 ms. Memory: 530432K Free: 290538K (55%)
----------------- Invoking toplevel() on ptolemy.moml.MoMLSimpleApplication@97914f5
----------------- Done invoking toplevel() on ptolemy.moml.MoMLSimpleApplication@97914f5
reloadAllAccessors: .ExpressionConcatenateArrayType2

===========================================================================================
----------------- testing Sun Sep 20 15:48:20 UTC 2020 /home/travis/build/icyphy/ptII/ptolemy/actor/lib/test/auto/ExpressionFix.xml
----------------- Instantiating /home/travis/build/icyphy/ptII/ptolemy/actor/lib/test/auto/ExpressionFix.xml
21 ms. Memory: 530432K Free: 283880K (54%)
----------------- Invoking toplevel() on ptolemy.moml.MoMLSimpleApplication@48fcac76
----------------- Done invoking toplevel() on ptolemy.moml.MoMLSimpleApplication@48fcac76
reloadAllAccessors: .ExpressionFix

===========================================================================================
----------------- testing Sun Sep 20 15:48:20 UTC 2020 /home/travis/build/icyphy/ptII/ptolemy/actor/lib/test/auto/ExpressionFix2.xml
----------------- Instantiating /home/travis/build/icyphy/ptII/ptolemy/actor/lib/test/auto/ExpressionFix2.xml
4 ms. Memory: 530432K Free: 280298K (53%)
----------------- Invoking toplevel() on ptolemy.moml.MoMLSimpleApplication@28a67873
----------------- Done invoking toplevel() on ptolemy.moml.MoMLSimpleApplication@28a67873
reloadAllAccessors: .ExpressionFix2

===========================================================================================
----------------- testing Sun Sep 20 15:48:20 UTC 2020 /home/travis/build/icyphy/ptII/ptolemy/actor/lib/test/auto/ExpressionFix3.xml
----------------- Instantiating /home/travis/build/icyphy/ptII/ptolemy/actor/lib/test/auto/ExpressionFix3.xml
2 ms. Memory: 530432K Free: 275688K (52%)
----------------- Invoking toplevel() on ptolemy.moml.MoMLSimpleApplication@7a92512b
----------------- Done invoking toplevel() on ptolemy.moml.MoMLSimpleApplication@7a92512b
reloadAllAccessors: .ExpressionFix3

===========================================================================================
----------------- testing Sun Sep 20 15:48:20 UTC 2020 /home/travis/build/icyphy/ptII/ptolemy/actor/lib/test/auto/FileWriter1.xml
----------------- Instantiating /home/travis/build/icyphy/ptII/ptolemy/actor/lib/test/auto/FileWriter1.xml
2 ms. Memory: 530432K Free: 271592K (51%)
----------------- Invoking toplevel() on ptolemy.moml.MoMLSimpleApplication@321cccf
----------------- Done invoking toplevel() on ptolemy.moml.MoMLSimpleApplication@321cccf
reloadAllAccessors: .FileWriter1

===========================================================================================
----------------- testing Sun Sep 20 15:48:20 UTC 2020 /home/travis/build/icyphy/ptII/ptolemy/actor/lib/test/auto/FileWriter2.xml
----------------- Instantiating /home/travis/build/icyphy/ptII/ptolemy/actor/lib/test/auto/FileWriter2.xml
2 ms. Memory: 530432K Free: 266986K (50%)
----------------- Invoking toplevel() on ptolemy.moml.MoMLSimpleApplication@5f7f5578
----------------- Done invoking toplevel() on ptolemy.moml.MoMLSimpleApplication@5f7f5578
reloadAllAccessors: .FileWriter2

===========================================================================================
----------------- testing Sun Sep 20 15:48:20 UTC 2020 /home/travis/build/icyphy/ptII/ptolemy/actor/lib/test/auto/FileWriter3.xml
----------------- Instantiating /home/travis/build/icyphy/ptII/ptolemy/actor/lib/test/auto/FileWriter3.xml
3 ms. Memory: 530432K Free: 262890K (50%)
----------------- Invoking toplevel() on ptolemy.moml.MoMLSimpleApplication@20f4cb85
----------------- Done invoking toplevel() on ptolemy.moml.MoMLSimpleApplication@20f4cb85
reloadAllAccessors: .FileWriter3

===========================================================================================
----------------- testing Sun Sep 20 15:48:20 UTC 2020 /home/travis/build/icyphy/ptII/ptolemy/actor/lib/test/auto/Gaussian.xml
----------------- Instantiating /home/travis/build/icyphy/ptII/ptolemy/actor/lib/test/auto/Gaussian.xml
2 ms. Memory: 530432K Free: 258280K (49%)
----------------- Invoking toplevel() on ptolemy.moml.MoMLSimpleApplication@e164e97
----------------- Done invoking toplevel() on ptolemy.moml.MoMLSimpleApplication@e164e97
reloadAllAccessors: .Gaussian

===========================================================================================
----------------- testing Sun Sep 20 15:48:20 UTC 2020 /home/travis/build/icyphy/ptII/ptolemy/actor/lib/test/auto/Gaussian1.xml
----------------- Instantiating /home/travis/build/icyphy/ptII/ptolemy/actor/lib/test/auto/Gaussian1.xml
1 ms. Memory: 530432K Free: 252650K (48%)
----------------- Invoking toplevel() on ptolemy.moml.MoMLSimpleApplication@72f5c329
----------------- Done invoking toplevel() on ptolemy.moml.MoMLSimpleApplication@72f5c329
reloadAllAccessors: .Gaussian1

===========================================================================================
----------------- testing Sun Sep 20 15:48:20 UTC 2020 /home/travis/build/icyphy/ptII/ptolemy/actor/lib/test/auto/Gaussian2.xml
----------------- Instantiating /home/travis/build/icyphy/ptII/ptolemy/actor/lib/test/auto/Gaussian2.xml
8 ms. Memory: 530432K Free: 247530K (47%)
----------------- Invoking toplevel() on ptolemy.moml.MoMLSimpleApplication@3d002f67
----------------- Done invoking toplevel() on ptolemy.moml.MoMLSimpleApplication@3d002f67
reloadAllAccessors: .Gaussian2

===========================================================================================
----------------- testing Sun Sep 20 15:48:20 UTC 2020 /home/travis/build/icyphy/ptII/ptolemy/actor/lib/test/auto/GradientAdaptiveLattice.xml
----------------- Instantiating /home/travis/build/icyphy/ptII/ptolemy/actor/lib/test/auto/GradientAdaptiveLattice.xml
5 ms. Memory: 530432K Free: 242410K (46%)
----------------- Invoking toplevel() on ptolemy.moml.MoMLSimpleApplication@3c9ad45a
----------------- Done invoking toplevel() on ptolemy.moml.MoMLSimpleApplication@3c9ad45a
reloadAllAccessors: .GradientAdaptiveLattice

===========================================================================================
----------------- testing Sun Sep 20 15:48:20 UTC 2020 /home/travis/build/icyphy/ptII/ptolemy/actor/lib/test/auto/IIR.xml
----------------- Instantiating /home/travis/build/icyphy/ptII/ptolemy/actor/lib/test/auto/IIR.xml
1 ms. Memory: 530432K Free: 237800K (45%)
----------------- Invoking toplevel() on ptolemy.moml.MoMLSimpleApplication@57e4ff10
----------------- Done invoking toplevel() on ptolemy.moml.MoMLSimpleApplication@57e4ff10
reloadAllAccessors: .IIR

===========================================================================================
----------------- testing Sun Sep 20 15:48:20 UTC 2020 /home/travis/build/icyphy/ptII/ptolemy/actor/lib/test/auto/InputOutputTransparentPorts.xml
----------------- Instantiating /home/travis/build/icyphy/ptII/ptolemy/actor/lib/test/auto/InputOutputTransparentPorts.xml
3 ms. Memory: 530432K Free: 230632K (43%)
----------------- Invoking toplevel() on ptolemy.moml.MoMLSimpleApplication@32343130
----------------- Done invoking toplevel() on ptolemy.moml.MoMLSimpleApplication@32343130
reloadAllAccessors: .InputOutputTransparentPorts

===========================================================================================
----------------- testing Sun Sep 20 15:48:20 UTC 2020 /home/travis/build/icyphy/ptII/ptolemy/actor/lib/test/auto/Interpolator.xml
----------------- Instantiating /home/travis/build/icyphy/ptII/ptolemy/actor/lib/test/auto/Interpolator.xml
3 ms. Memory: 530432K Free: 226536K (43%)
----------------- Invoking toplevel() on ptolemy.moml.MoMLSimpleApplication@497736c4
----------------- Done invoking toplevel() on ptolemy.moml.MoMLSimpleApplication@497736c4
reloadAllAccessors: .Interpolator

===========================================================================================
----------------- testing Sun Sep 20 15:48:20 UTC 2020 /home/travis/build/icyphy/ptII/ptolemy/actor/lib/test/auto/InterpolatorFiringLimitDE.xml
----------------- Instantiating /home/travis/build/icyphy/ptII/ptolemy/actor/lib/test/auto/InterpolatorFiringLimitDE.xml
1 ms. Memory: 530432K Free: 220392K (42%)
----------------- Invoking toplevel() on ptolemy.moml.MoMLSimpleApplication@6575b070
----------------- Done invoking toplevel() on ptolemy.moml.MoMLSimpleApplication@6575b070
reloadAllAccessors: .InterpolatorFiringLimitDE

===========================================================================================
----------------- testing Sun Sep 20 15:48:20 UTC 2020 /home/travis/build/icyphy/ptII/ptolemy/actor/lib/test/auto/Lattice.xml
----------------- Instantiating /home/travis/build/icyphy/ptII/ptolemy/actor/lib/test/auto/Lattice.xml
0 ms. Memory: 530432K Free: 216296K (41%)
----------------- Invoking toplevel() on ptolemy.moml.MoMLSimpleApplication@5f2f125b
----------------- Done invoking toplevel() on ptolemy.moml.MoMLSimpleApplication@5f2f125b
reloadAllAccessors: .Lattice

===========================================================================================
----------------- testing Sun Sep 20 15:48:20 UTC 2020 /home/travis/build/icyphy/ptII/ptolemy/actor/lib/test/auto/LazyAOCTestLazy.xml
----------------- Instantiating /home/travis/build/icyphy/ptII/ptolemy/actor/lib/test/auto/LazyAOCTestLazy.xml
20 ms. Memory: 530432K Free: 210138K (40%)
----------------- Invoking toplevel() on ptolemy.moml.MoMLSimpleApplication@725fa31f
----------------- Done invoking toplevel() on ptolemy.moml.MoMLSimpleApplication@725fa31f
reloadAllAccessors: .LazyAOCTestLazy

===========================================================================================
----------------- testing Sun Sep 20 15:48:20 UTC 2020 /home/travis/build/icyphy/ptII/ptolemy/actor/lib/test/auto/LazyAOCTestNonLazy.xml
----------------- Instantiating /home/travis/build/icyphy/ptII/ptolemy/actor/lib/test/auto/LazyAOCTestNonLazy.xml
2 ms. Memory: 530432K Free: 203498K (38%)
----------------- Invoking toplevel() on ptolemy.moml.MoMLSimpleApplication@59de895f
----------------- Done invoking toplevel() on ptolemy.moml.MoMLSimpleApplication@59de895f
reloadAllAccessors: .LazyAOCTestNonLazy

===========================================================================================
----------------- testing Sun Sep 20 15:48:21 UTC 2020 /home/travis/build/icyphy/ptII/ptolemy/actor/lib/test/auto/LazyInnerClass.xml
----------------- Instantiating /home/travis/build/icyphy/ptII/ptolemy/actor/lib/test/auto/LazyInnerClass.xml
10 ms. Memory: 530432K Free: 195306K (37%)
----------------- Invoking toplevel() on ptolemy.moml.MoMLSimpleApplication@67ed40c6
----------------- Done invoking toplevel() on ptolemy.moml.MoMLSimpleApplication@67ed40c6
reloadAllAccessors: .LazyInnerClass

===========================================================================================
----------------- testing Sun Sep 20 15:48:21 UTC 2020 /home/travis/build/icyphy/ptII/ptolemy/actor/lib/test/auto/LazyPubSub.xml
----------------- Instantiating /home/travis/build/icyphy/ptII/ptolemy/actor/lib/test/auto/LazyPubSub.xml
30 ms. Memory: 530432K Free: 185066K (35%)
----------------- Invoking toplevel() on ptolemy.moml.MoMLSimpleApplication@3af8d798
----------------- Done invoking toplevel() on ptolemy.moml.MoMLSimpleApplication@3af8d798
reloadAllAccessors: .LazyPubSub

===========================================================================================
----------------- testing Sun Sep 20 15:48:21 UTC 2020 /home/travis/build/icyphy/ptII/ptolemy/actor/lib/test/auto/LazyPubSub2.xml
----------------- Instantiating /home/travis/build/icyphy/ptII/ptolemy/actor/lib/test/auto/LazyPubSub2.xml
15 ms. Memory: 530432K Free: 174312K (33%)
----------------- Invoking toplevel() on ptolemy.moml.MoMLSimpleApplication@5250dd7b
----------------- Done invoking toplevel() on ptolemy.moml.MoMLSimpleApplication@5250dd7b
reloadAllAccessors: .LazyPubSub2

===========================================================================================
----------------- testing Sun Sep 20 15:48:21 UTC 2020 /home/travis/build/icyphy/ptII/ptolemy/actor/lib/test/auto/LazyPubSub3.xml
----------------- Instantiating /home/travis/build/icyphy/ptII/ptolemy/actor/lib/test/auto/LazyPubSub3.xml
11 ms. Memory: 530432K Free: 472298K (89%)
----------------- Invoking toplevel() on ptolemy.moml.MoMLSimpleApplication@678d60f9
----------------- Done invoking toplevel() on ptolemy.moml.MoMLSimpleApplication@678d60f9
reloadAllAccessors: .LazyPubSub3

===========================================================================================
----------------- testing Sun Sep 20 15:48:21 UTC 2020 /home/travis/build/icyphy/ptII/ptolemy/actor/lib/test/auto/LazySubClassModel.xml
----------------- Instantiating /home/travis/build/icyphy/ptII/ptolemy/actor/lib/test/auto/LazySubClassModel.xml
2 ms. Memory: 530432K Free: 463082K (87%)
----------------- Invoking toplevel() on ptolemy.moml.MoMLSimpleApplication@100898bb
----------------- Done invoking toplevel() on ptolemy.moml.MoMLSimpleApplication@100898bb
reloadAllAccessors: .LazySubClassModel

===========================================================================================
----------------- testing Sun Sep 20 15:48:21 UTC 2020 /home/travis/build/icyphy/ptII/ptolemy/actor/lib/test/auto/LevelCrossTest1.xml
----------------- Instantiating /home/travis/build/icyphy/ptII/ptolemy/actor/lib/test/auto/LevelCrossTest1.xml
1 ms. Memory: 530432K Free: 457962K (86%)
----------------- Invoking toplevel() on ptolemy.moml.MoMLSimpleApplication@20011605
----------------- Done invoking toplevel() on ptolemy.moml.MoMLSimpleApplication@20011605
reloadAllAccessors: .broken

===========================================================================================
----------------- testing Sun Sep 20 15:48:21 UTC 2020 /home/travis/build/icyphy/ptII/ptolemy/actor/lib/test/auto/LevelCrossTest10.xml
----------------- Instantiating /home/travis/build/icyphy/ptII/ptolemy/actor/lib/test/auto/LevelCrossTest10.xml
1 ms. Memory: 530432K Free: 450280K (85%)
----------------- Invoking toplevel() on ptolemy.moml.MoMLSimpleApplication@793e63a3
----------------- Done invoking toplevel() on ptolemy.moml.MoMLSimpleApplication@793e63a3
reloadAllAccessors: .LevelCrossTest10

===========================================================================================
----------------- testing Sun Sep 20 15:48:21 UTC 2020 /home/travis/build/icyphy/ptII/ptolemy/actor/lib/test/auto/LevelCrossTest11.xml
----------------- Instantiating /home/travis/build/icyphy/ptII/ptolemy/actor/lib/test/auto/LevelCrossTest11.xml
1 ms. Memory: 530432K Free: 443112K (84%)
----------------- Invoking toplevel() on ptolemy.moml.MoMLSimpleApplication@1e4cf801
----------------- Done invoking toplevel() on ptolemy.moml.MoMLSimpleApplication@1e4cf801
reloadAllAccessors: .LevelCrossTest11

===========================================================================================
----------------- testing Sun Sep 20 15:48:21 UTC 2020 /home/travis/build/icyphy/ptII/ptolemy/actor/lib/test/auto/LevelCrossTest12.xml
----------------- Instantiating /home/travis/build/icyphy/ptII/ptolemy/actor/lib/test/auto/LevelCrossTest12.xml
1 ms. Memory: 530432K Free: 435944K (82%)
----------------- Invoking toplevel() on ptolemy.moml.MoMLSimpleApplication@1c6fdd5f
----------------- Done invoking toplevel() on ptolemy.moml.MoMLSimpleApplication@1c6fdd5f
reloadAllAccessors: .LevelCrossTest12

===========================================================================================
----------------- testing Sun Sep 20 15:48:21 UTC 2020 /home/travis/build/icyphy/ptII/ptolemy/actor/lib/test/auto/LevelCrossTest13.xml
----------------- Instantiating /home/travis/build/icyphy/ptII/ptolemy/actor/lib/test/auto/LevelCrossTest13.xml
1 ms. Memory: 530432K Free: 428776K (81%)
----------------- Invoking toplevel() on ptolemy.moml.MoMLSimpleApplication@69f4bdd3
----------------- Done invoking toplevel() on ptolemy.moml.MoMLSimpleApplication@69f4bdd3
reloadAllAccessors: .LevelCrossTest13

===========================================================================================
----------------- testing Sun Sep 20 15:48:21 UTC 2020 /home/travis/build/icyphy/ptII/ptolemy/actor/lib/test/auto/LevelCrossTest2.xml
----------------- Instantiating /home/travis/build/icyphy/ptII/ptolemy/actor/lib/test/auto/LevelCrossTest2.xml
1 ms. Memory: 530432K Free: 422632K (80%)
----------------- Invoking toplevel() on ptolemy.moml.MoMLSimpleApplication@66079055
----------------- Done invoking toplevel() on ptolemy.moml.MoMLSimpleApplication@66079055
reloadAllAccessors: .broken

===========================================================================================
----------------- testing Sun Sep 20 15:48:21 UTC 2020 /home/travis/build/icyphy/ptII/ptolemy/actor/lib/test/auto/LevelCrossTest3.xml
----------------- Instantiating /home/travis/build/icyphy/ptII/ptolemy/actor/lib/test/auto/LevelCrossTest3.xml
1 ms. Memory: 530432K Free: 416488K (79%)
----------------- Invoking toplevel() on ptolemy.moml.MoMLSimpleApplication@1fe2a001
----------------- Done invoking toplevel() on ptolemy.moml.MoMLSimpleApplication@1fe2a001
reloadAllAccessors: .LevelCrossTest3

===========================================================================================
----------------- testing Sun Sep 20 15:48:21 UTC 2020 /home/travis/build/icyphy/ptII/ptolemy/actor/lib/test/auto/LevelCrossTest4.xml
----------------- Instantiating /home/travis/build/icyphy/ptII/ptolemy/actor/lib/test/auto/LevelCrossTest4.xml
1 ms. Memory: 530432K Free: 410858K (77%)
----------------- Invoking toplevel() on ptolemy.moml.MoMLSimpleApplication@152d40ae
----------------- Done invoking toplevel() on ptolemy.moml.MoMLSimpleApplication@152d40ae
reloadAllAccessors: .broken

===========================================================================================
----------------- testing Sun Sep 20 15:48:21 UTC 2020 /home/travis/build/icyphy/ptII/ptolemy/actor/lib/test/auto/LevelCrossTest5.xml
----------------- Instantiating /home/travis/build/icyphy/ptII/ptolemy/actor/lib/test/auto/LevelCrossTest5.xml
3 ms. Memory: 530432K Free: 403690K (76%)
----------------- Invoking toplevel() on ptolemy.moml.MoMLSimpleApplication@1108b0e4
----------------- Done invoking toplevel() on ptolemy.moml.MoMLSimpleApplication@1108b0e4
reloadAllAccessors: .LevelCrossTest5

===========================================================================================
----------------- testing Sun Sep 20 15:48:21 UTC 2020 /home/travis/build/icyphy/ptII/ptolemy/actor/lib/test/auto/LevelCrossTest6.xml
----------------- Instantiating /home/travis/build/icyphy/ptII/ptolemy/actor/lib/test/auto/LevelCrossTest6.xml
1 ms. Memory: 530432K Free: 396522K (75%)
----------------- Invoking toplevel() on ptolemy.moml.MoMLSimpleApplication@4afb84cd
----------------- Done invoking toplevel() on ptolemy.moml.MoMLSimpleApplication@4afb84cd
reloadAllAccessors: .LevelCrossTest6

===========================================================================================
----------------- testing Sun Sep 20 15:48:21 UTC 2020 /home/travis/build/icyphy/ptII/ptolemy/actor/lib/test/auto/LevelCrossTest7.xml
----------------- Instantiating /home/travis/build/icyphy/ptII/ptolemy/actor/lib/test/auto/LevelCrossTest7.xml
1 ms. Memory: 530432K Free: 389354K (73%)
----------------- Invoking toplevel() on ptolemy.moml.MoMLSimpleApplication@1a91659
----------------- Done invoking toplevel() on ptolemy.moml.MoMLSimpleApplication@1a91659
reloadAllAccessors: .LevelCrossTest7

===========================================================================================
----------------- testing Sun Sep 20 15:48:21 UTC 2020 /home/travis/build/icyphy/ptII/ptolemy/actor/lib/test/auto/LevelCrossTest8.xml
----------------- Instantiating /home/travis/build/icyphy/ptII/ptolemy/actor/lib/test/auto/LevelCrossTest8.xml
1 ms. Memory: 530432K Free: 382186K (72%)
----------------- Invoking toplevel() on ptolemy.moml.MoMLSimpleApplication@4b000abc
----------------- Done invoking toplevel() on ptolemy.moml.MoMLSimpleApplication@4b000abc
reloadAllAccessors: .LevelCrossTest8

===========================================================================================
----------------- testing Sun Sep 20 15:48:21 UTC 2020 /home/travis/build/icyphy/ptII/ptolemy/actor/lib/test/auto/LevelCrossTest9.xml
----------------- Instantiating /home/travis/build/icyphy/ptII/ptolemy/actor/lib/test/auto/LevelCrossTest9.xml
2 ms. Memory: 530432K Free: 375528K (71%)
----------------- Invoking toplevel() on ptolemy.moml.MoMLSimpleApplication@2352c7d2
----------------- Done invoking toplevel() on ptolemy.moml.MoMLSimpleApplication@2352c7d2
reloadAllAccessors: .LevelCrossTest9

===========================================================================================
----------------- testing Sun Sep 20 15:48:21 UTC 2020 /home/travis/build/icyphy/ptII/ptolemy/actor/lib/test/auto/LevinsonDurbin.xml
----------------- Instantiating /home/travis/build/icyphy/ptII/ptolemy/actor/lib/test/auto/LevinsonDurbin.xml
7 ms. Memory: 530432K Free: 371432K (70%)
----------------- Invoking toplevel() on ptolemy.moml.MoMLSimpleApplication@3f7db5f2
----------------- Done invoking toplevel() on ptolemy.moml.MoMLSimpleApplication@3f7db5f2
reloadAllAccessors: .LevinsonDurbin

===========================================================================================
----------------- testing Sun Sep 20 15:48:21 UTC 2020 /home/travis/build/icyphy/ptII/ptolemy/actor/lib/test/auto/LevinsonDurbin2.xml
----------------- Instantiating /home/travis/build/icyphy/ptII/ptolemy/actor/lib/test/auto/LevinsonDurbin2.xml
1 ms. Memory: 530432K Free: 367336K (69%)
----------------- Invoking toplevel() on ptolemy.moml.MoMLSimpleApplication@3ed3752b
----------------- Done invoking toplevel() on ptolemy.moml.MoMLSimpleApplication@3ed3752b
reloadAllAccessors: .LevinsonDurbin2

===========================================================================================
----------------- testing Sun Sep 20 15:48:21 UTC 2020 /home/travis/build/icyphy/ptII/ptolemy/actor/lib/test/auto/LevinsonDurbin3.xml
----------------- Instantiating /home/travis/build/icyphy/ptII/ptolemy/actor/lib/test/auto/LevinsonDurbin3.xml
2 ms. Memory: 530432K Free: 363240K (68%)
----------------- Invoking toplevel() on ptolemy.moml.MoMLSimpleApplication@faedb62
----------------- Done invoking toplevel() on ptolemy.moml.MoMLSimpleApplication@faedb62
reloadAllAccessors: .LevinsonDurbin3

===========================================================================================
----------------- testing Sun Sep 20 15:48:21 UTC 2020 /home/travis/build/icyphy/ptII/ptolemy/actor/lib/test/auto/Limiter.xml
----------------- Instantiating /home/travis/build/icyphy/ptII/ptolemy/actor/lib/test/auto/Limiter.xml
5 ms. Memory: 530432K Free: 354010K (67%)
----------------- Invoking toplevel() on ptolemy.moml.MoMLSimpleApplication@290ef7b0
----------------- Done invoking toplevel() on ptolemy.moml.MoMLSimpleApplication@290ef7b0
reloadAllAccessors: .Limiter

===========================================================================================
----------------- testing Sun Sep 20 15:48:21 UTC 2020 /home/travis/build/icyphy/ptII/ptolemy/actor/lib/test/auto/LinearDifferenceEquationSystem.xml
----------------- Instantiating /home/travis/build/icyphy/ptII/ptolemy/actor/lib/test/auto/LinearDifferenceEquationSystem.xml
4 ms. Memory: 530432K Free: 346346K (65%)
----------------- Invoking toplevel() on ptolemy.moml.MoMLSimpleApplication@3c02379
----------------- Done invoking toplevel() on ptolemy.moml.MoMLSimpleApplication@3c02379
reloadAllAccessors: .LinearDifferenceEquationSystem

===========================================================================================
----------------- testing Sun Sep 20 15:48:21 UTC 2020 /home/travis/build/icyphy/ptII/ptolemy/actor/lib/test/auto/LookupTable.xml
----------------- Instantiating /home/travis/build/icyphy/ptII/ptolemy/actor/lib/test/auto/LookupTable.xml
1 ms. Memory: 530432K Free: 341736K (64%)
----------------- Invoking toplevel() on ptolemy.moml.MoMLSimpleApplication@6b119bdf
----------------- Done invoking toplevel() on ptolemy.moml.MoMLSimpleApplication@6b119bdf
reloadAllAccessors: .LookupTable

===========================================================================================
----------------- testing Sun Sep 20 15:48:21 UTC 2020 /home/travis/build/icyphy/ptII/ptolemy/actor/lib/test/auto/MathFunction.xml
----------------- Instantiating /home/travis/build/icyphy/ptII/ptolemy/actor/lib/test/auto/MathFunction.xml
2 ms. Memory: 530432K Free: 333544K (63%)
----------------- Invoking toplevel() on ptolemy.moml.MoMLSimpleApplication@1b33bac3
----------------- Done invoking toplevel() on ptolemy.moml.MoMLSimpleApplication@1b33bac3
reloadAllAccessors: .MathFunction

===========================================================================================
----------------- testing Sun Sep 20 15:48:21 UTC 2020 /home/travis/build/icyphy/ptII/ptolemy/actor/lib/test/auto/MathFunction2.xml
----------------- Instantiating /home/travis/build/icyphy/ptII/ptolemy/actor/lib/test/auto/MathFunction2.xml
9 ms. Memory: 530432K Free: 329448K (62%)
----------------- Invoking toplevel() on ptolemy.moml.MoMLSimpleApplication@5c17e995
----------------- Done invoking toplevel() on ptolemy.moml.MoMLSimpleApplication@5c17e995
reloadAllAccessors: .MathFunction2

===========================================================================================
----------------- testing Sun Sep 20 15:48:21 UTC 2020 /home/travis/build/icyphy/ptII/ptolemy/actor/lib/test/auto/MathFunction3.xml
----------------- Instantiating /home/travis/build/icyphy/ptII/ptolemy/actor/lib/test/auto/MathFunction3.xml
2 ms. Memory: 530432K Free: 322280K (61%)
----------------- Invoking toplevel() on ptolemy.moml.MoMLSimpleApplication@73829b39
----------------- Done invoking toplevel() on ptolemy.moml.MoMLSimpleApplication@73829b39
reloadAllAccessors: .MathFunction3

===========================================================================================
----------------- testing Sun Sep 20 15:48:21 UTC 2020 /home/travis/build/icyphy/ptII/ptolemy/actor/lib/test/auto/MatrixCropBoolean.xml
----------------- Instantiating /home/travis/build/icyphy/ptII/ptolemy/actor/lib/test/auto/MatrixCropBoolean.xml
1 ms. Memory: 530432K Free: 317130K (60%)
----------------- Invoking toplevel() on ptolemy.moml.MoMLSimpleApplication@6b89144d
----------------- Done invoking toplevel() on ptolemy.moml.MoMLSimpleApplication@6b89144d
reloadAllAccessors: .MatrixCropBoolean

===========================================================================================
----------------- testing Sun Sep 20 15:48:21 UTC 2020 /home/travis/build/icyphy/ptII/ptolemy/actor/lib/test/auto/MatrixCropComplex.xml
----------------- Instantiating /home/travis/build/icyphy/ptII/ptolemy/actor/lib/test/auto/MatrixCropComplex.xml
2 ms. Memory: 530432K Free: 312554K (59%)
----------------- Invoking toplevel() on ptolemy.moml.MoMLSimpleApplication@69641391
----------------- Done invoking toplevel() on ptolemy.moml.MoMLSimpleApplication@69641391
reloadAllAccessors: .MatrixCropComplex

===========================================================================================
----------------- testing Sun Sep 20 15:48:21 UTC 2020 /home/travis/build/icyphy/ptII/ptolemy/actor/lib/test/auto/MatrixCropDouble.xml
----------------- Instantiating /home/travis/build/icyphy/ptII/ptolemy/actor/lib/test/auto/MatrixCropDouble.xml
1 ms. Memory: 530432K Free: 307434K (58%)
----------------- Invoking toplevel() on ptolemy.moml.MoMLSimpleApplication@79fc3737
----------------- Done invoking toplevel() on ptolemy.moml.MoMLSimpleApplication@79fc3737
reloadAllAccessors: .MatrixCropDouble

===========================================================================================
----------------- testing Sun Sep 20 15:48:21 UTC 2020 /home/travis/build/icyphy/ptII/ptolemy/actor/lib/test/auto/MatrixCropFix.xml
----------------- Instantiating /home/travis/build/icyphy/ptII/ptolemy/actor/lib/test/auto/MatrixCropFix.xml
2 ms. Memory: 530432K Free: 302314K (57%)
----------------- Invoking toplevel() on ptolemy.moml.MoMLSimpleApplication@48b3677e
----------------- Done invoking toplevel() on ptolemy.moml.MoMLSimpleApplication@48b3677e
reloadAllAccessors: .MatrixCropFix

===========================================================================================
----------------- testing Sun Sep 20 15:48:21 UTC 2020 /home/travis/build/icyphy/ptII/ptolemy/actor/lib/test/auto/MatrixCropInt.xml
----------------- Instantiating /home/travis/build/icyphy/ptII/ptolemy/actor/lib/test/auto/MatrixCropInt.xml
2 ms. Memory: 530432K Free: 297194K (56%)
----------------- Invoking toplevel() on ptolemy.moml.MoMLSimpleApplication@57ab78e5
----------------- Done invoking toplevel() on ptolemy.moml.MoMLSimpleApplication@57ab78e5
reloadAllAccessors: .MatrixCropInt

===========================================================================================
----------------- testing Sun Sep 20 15:48:21 UTC 2020 /home/travis/build/icyphy/ptII/ptolemy/actor/lib/test/auto/MatrixCropLong.xml
----------------- Instantiating /home/travis/build/icyphy/ptII/ptolemy/actor/lib/test/auto/MatrixCropLong.xml
2 ms. Memory: 530432K Free: 292074K (55%)
----------------- Invoking toplevel() on ptolemy.moml.MoMLSimpleApplication@6de3bbc2
----------------- Done invoking toplevel() on ptolemy.moml.MoMLSimpleApplication@6de3bbc2
reloadAllAccessors: .MatrixCropLong

===========================================================================================
----------------- testing Sun Sep 20 15:48:21 UTC 2020 /home/travis/build/icyphy/ptII/ptolemy/actor/lib/test/auto/MatrixToArray.xml
----------------- Instantiating /home/travis/build/icyphy/ptII/ptolemy/actor/lib/test/auto/MatrixToArray.xml
10 ms. Memory: 530432K Free: 277224K (52%)
----------------- Invoking toplevel() on ptolemy.moml.MoMLSimpleApplication@45887fba
----------------- Done invoking toplevel() on ptolemy.moml.MoMLSimpleApplication@45887fba
reloadAllAccessors: .MatrixToArray

===========================================================================================
----------------- testing Sun Sep 20 15:48:21 UTC 2020 /home/travis/build/icyphy/ptII/ptolemy/actor/lib/test/auto/MaxIndex.xml
----------------- Instantiating /home/travis/build/icyphy/ptII/ptolemy/actor/lib/test/auto/MaxIndex.xml
3 ms. Memory: 530432K Free: 272104K (51%)
----------------- Invoking toplevel() on ptolemy.moml.MoMLSimpleApplication@3f7f47c2
----------------- Done invoking toplevel() on ptolemy.moml.MoMLSimpleApplication@3f7f47c2
reloadAllAccessors: .MaxIndex

===========================================================================================
----------------- testing Sun Sep 20 15:48:21 UTC 2020 /home/travis/build/icyphy/ptII/ptolemy/actor/lib/test/auto/Maximum.xml
----------------- Instantiating /home/travis/build/icyphy/ptII/ptolemy/actor/lib/test/auto/Maximum.xml
3 ms. Memory: 530432K Free: 265450K (50%)
----------------- Invoking toplevel() on ptolemy.moml.MoMLSimpleApplication@705b256c
----------------- Done invoking toplevel() on ptolemy.moml.MoMLSimpleApplication@705b256c
reloadAllAccessors: .Maximum

===========================================================================================
----------------- testing Sun Sep 20 15:48:21 UTC 2020 /home/travis/build/icyphy/ptII/ptolemy/actor/lib/test/auto/MaximumComplex.xml
----------------- Instantiating /home/travis/build/icyphy/ptII/ptolemy/actor/lib/test/auto/MaximumComplex.xml
3 ms. Memory: 530432K Free: 259306K (49%)
----------------- Invoking toplevel() on ptolemy.moml.MoMLSimpleApplication@5e6dd997
----------------- Done invoking toplevel() on ptolemy.moml.MoMLSimpleApplication@5e6dd997
reloadAllAccessors: .MaximumComplex

===========================================================================================
----------------- testing Sun Sep 20 15:48:21 UTC 2020 /home/travis/build/icyphy/ptII/ptolemy/actor/lib/test/auto/MethodCallTest.xml
----------------- Instantiating /home/travis/build/icyphy/ptII/ptolemy/actor/lib/test/auto/MethodCallTest.xml
5 ms. Memory: 530432K Free: 252648K (48%)
----------------- Invoking toplevel() on ptolemy.moml.MoMLSimpleApplication@268fbad5
----------------- Done invoking toplevel() on ptolemy.moml.MoMLSimpleApplication@268fbad5
reloadAllAccessors: .MethodCallTest

===========================================================================================
----------------- testing Sun Sep 20 15:48:21 UTC 2020 /home/travis/build/icyphy/ptII/ptolemy/actor/lib/test/auto/Minimum.xml
----------------- Instantiating /home/travis/build/icyphy/ptII/ptolemy/actor/lib/test/auto/Minimum.xml
2 ms. Memory: 530432K Free: 245994K (46%)
----------------- Invoking toplevel() on ptolemy.moml.MoMLSimpleApplication@412cdf25
----------------- Done invoking toplevel() on ptolemy.moml.MoMLSimpleApplication@412cdf25
reloadAllAccessors: .Minimum

===========================================================================================
----------------- testing Sun Sep 20 15:48:21 UTC 2020 /home/travis/build/icyphy/ptII/ptolemy/actor/lib/test/auto/MinimumComplex.xml
----------------- Instantiating /home/travis/build/icyphy/ptII/ptolemy/actor/lib/test/auto/MinimumComplex.xml
3 ms. Memory: 530432K Free: 239850K (45%)
----------------- Invoking toplevel() on ptolemy.moml.MoMLSimpleApplication@548d67e8
----------------- Done invoking toplevel() on ptolemy.moml.MoMLSimpleApplication@548d67e8
reloadAllAccessors: .MinimumComplex

===========================================================================================
----------------- testing Sun Sep 20 15:48:21 UTC 2020 /home/travis/build/icyphy/ptII/ptolemy/actor/lib/test/auto/MinimumMultiports.xml
----------------- Instantiating /home/travis/build/icyphy/ptII/ptolemy/actor/lib/test/auto/MinimumMultiports.xml
3 ms. Memory: 530432K Free: 231138K (44%)
----------------- Invoking toplevel() on ptolemy.moml.MoMLSimpleApplication@5a707713
----------------- Done invoking toplevel() on ptolemy.moml.MoMLSimpleApplication@5a707713
reloadAllAccessors: .MinimumMultiports

===========================================================================================
----------------- testing Sun Sep 20 15:48:21 UTC 2020 /home/travis/build/icyphy/ptII/ptolemy/actor/lib/test/auto/ModifyDate.xml
----------------- Instantiating /home/travis/build/icyphy/ptII/ptolemy/actor/lib/test/auto/ModifyDate.xml
7 ms. Memory: 530432K Free: 218346K (41%)
----------------- Invoking toplevel() on ptolemy.moml.MoMLSimpleApplication@1bfcbb5b
----------------- Done invoking toplevel() on ptolemy.moml.MoMLSimpleApplication@1bfcbb5b
reloadAllAccessors: .ModifyDate

===========================================================================================
----------------- testing Sun Sep 20 15:48:21 UTC 2020 /home/travis/build/icyphy/ptII/ptolemy/actor/lib/test/auto/ModifyDate2.xml
----------------- Instantiating /home/travis/build/icyphy/ptII/ptolemy/actor/lib/test/auto/ModifyDate2.xml
5 ms. Memory: 530432K Free: 209640K (40%)
----------------- Invoking toplevel() on ptolemy.moml.MoMLSimpleApplication@2776e28d
----------------- Done invoking toplevel() on ptolemy.moml.MoMLSimpleApplication@2776e28d
reloadAllAccessors: .ModifyDate2

===========================================================================================
----------------- testing Sun Sep 20 15:48:21 UTC 2020 /home/travis/build/icyphy/ptII/ptolemy/actor/lib/test/auto/MovingAverage.xml
----------------- Instantiating /home/travis/build/icyphy/ptII/ptolemy/actor/lib/test/auto/MovingAverage.xml
2 ms. Memory: 530432K Free: 204520K (39%)
----------------- Invoking toplevel() on ptolemy.moml.MoMLSimpleApplication@25c0409f
----------------- Done invoking toplevel() on ptolemy.moml.MoMLSimpleApplication@25c0409f
reloadAllAccessors: .MovingAverage

===========================================================================================
----------------- testing Sun Sep 20 15:48:21 UTC 2020 /home/travis/build/icyphy/ptII/ptolemy/actor/lib/test/auto/MovingMaximum.xml
----------------- Instantiating /home/travis/build/icyphy/ptII/ptolemy/actor/lib/test/auto/MovingMaximum.xml
1 ms. Memory: 530432K Free: 199914K (38%)
----------------- Invoking toplevel() on ptolemy.moml.MoMLSimpleApplication@397a45dd
----------------- Done invoking toplevel() on ptolemy.moml.MoMLSimpleApplication@397a45dd
reloadAllAccessors: .MovingMaximum

===========================================================================================
----------------- testing Sun Sep 20 15:48:21 UTC 2020 /home/travis/build/icyphy/ptII/ptolemy/actor/lib/test/auto/MultipleLinksToSameRelation.xml
----------------- Instantiating /home/travis/build/icyphy/ptII/ptolemy/actor/lib/test/auto/MultipleLinksToSameRelation.xml
2 ms. Memory: 530432K Free: 195818K (37%)
----------------- Invoking toplevel() on ptolemy.moml.MoMLSimpleApplication@28c7c3e1
----------------- Done invoking toplevel() on ptolemy.moml.MoMLSimpleApplication@28c7c3e1
reloadAllAccessors: .MultipleLinksToSameRelation

===========================================================================================
----------------- testing Sun Sep 20 15:48:22 UTC 2020 /home/travis/build/icyphy/ptII/ptolemy/actor/lib/test/auto/MultipleLinksToSameRelationDE.xml
----------------- Instantiating /home/travis/build/icyphy/ptII/ptolemy/actor/lib/test/auto/MultipleLinksToSameRelationDE.xml
2 ms. Memory: 530432K Free: 191178K (36%)
----------------- Invoking toplevel() on ptolemy.moml.MoMLSimpleApplication@5852905e
----------------- Done invoking toplevel() on ptolemy.moml.MoMLSimpleApplication@5852905e
reloadAllAccessors: .MultipleLinksToSameRelationDE

===========================================================================================
----------------- testing Sun Sep 20 15:48:22 UTC 2020 /home/travis/build/icyphy/ptII/ptolemy/actor/lib/test/auto/Multiplexor.xml
----------------- Instantiating /home/travis/build/icyphy/ptII/ptolemy/actor/lib/test/auto/Multiplexor.xml
1 ms. Memory: 530432K Free: 185578K (35%)
----------------- Invoking toplevel() on ptolemy.moml.MoMLSimpleApplication@35cd76c8
----------------- Done invoking toplevel() on ptolemy.moml.MoMLSimpleApplication@35cd76c8
reloadAllAccessors: .Multiplexor

===========================================================================================
----------------- testing Sun Sep 20 15:48:22 UTC 2020 /home/travis/build/icyphy/ptII/ptolemy/actor/lib/test/auto/Multiplexor1.xml
----------------- Instantiating /home/travis/build/icyphy/ptII/ptolemy/actor/lib/test/auto/Multiplexor1.xml
2 ms. Memory: 530432K Free: 179938K (34%)
----------------- Invoking toplevel() on ptolemy.moml.MoMLSimpleApplication@6c0a5db9
----------------- Done invoking toplevel() on ptolemy.moml.MoMLSimpleApplication@6c0a5db9
reloadAllAccessors: .Multiplexor1

===========================================================================================
----------------- testing Sun Sep 20 15:48:22 UTC 2020 /home/travis/build/icyphy/ptII/ptolemy/actor/lib/test/auto/Multiplexor2.xml
----------------- Instantiating /home/travis/build/icyphy/ptII/ptolemy/actor/lib/test/auto/Multiplexor2.xml
5 ms. Memory: 530432K Free: 173287K (33%)
----------------- Invoking toplevel() on ptolemy.moml.MoMLSimpleApplication@6e48e31a
----------------- Done invoking toplevel() on ptolemy.moml.MoMLSimpleApplication@6e48e31a
reloadAllAccessors: .Multiplexor2

===========================================================================================
----------------- testing Sun Sep 20 15:48:22 UTC 2020 /home/travis/build/icyphy/ptII/ptolemy/actor/lib/test/auto/Multiplexor3.xml
----------------- Instantiating /home/travis/build/icyphy/ptII/ptolemy/actor/lib/test/auto/Multiplexor3.xml
2 ms. Memory: 530432K Free: 477418K (90%)
----------------- Invoking toplevel() on ptolemy.moml.MoMLSimpleApplication@32ce26c2
----------------- Done invoking toplevel() on ptolemy.moml.MoMLSimpleApplication@32ce26c2
reloadAllAccessors: .Multiplexor3

===========================================================================================
----------------- testing Sun Sep 20 15:48:22 UTC 2020 /home/travis/build/icyphy/ptII/ptolemy/actor/lib/test/auto/MultiplexorDE.xml
----------------- Instantiating /home/travis/build/icyphy/ptII/ptolemy/actor/lib/test/auto/MultiplexorDE.xml
2 ms. Memory: 530432K Free: 469730K (89%)
----------------- Invoking toplevel() on ptolemy.moml.MoMLSimpleApplication@a6d9e78
----------------- Done invoking toplevel() on ptolemy.moml.MoMLSimpleApplication@a6d9e78
reloadAllAccessors: .MultiplexorDE

===========================================================================================
----------------- testing Sun Sep 20 15:48:22 UTC 2020 /home/travis/build/icyphy/ptII/ptolemy/actor/lib/test/auto/MultiportBroadcastTest.xml
----------------- Instantiating /home/travis/build/icyphy/ptII/ptolemy/actor/lib/test/auto/MultiportBroadcastTest.xml
86 ms. Memory: 530432K Free: 463578K (87%)
----------------- Invoking toplevel() on ptolemy.moml.MoMLSimpleApplication@7b92d725
----------------- Done invoking toplevel() on ptolemy.moml.MoMLSimpleApplication@7b92d725
reloadAllAccessors: .MultiportBroadcastTest

===========================================================================================
----------------- testing Sun Sep 20 15:48:22 UTC 2020 /home/travis/build/icyphy/ptII/ptolemy/actor/lib/test/auto/MultiportOutHangDuringGetWidth.xml
----------------- Instantiating /home/travis/build/icyphy/ptII/ptolemy/actor/lib/test/auto/MultiportOutHangDuringGetWidth.xml
4 ms. Memory: 530432K Free: 451818K (85%)
----------------- Invoking toplevel() on ptolemy.moml.MoMLSimpleApplication@2b15e353
----------------- Done invoking toplevel() on ptolemy.moml.MoMLSimpleApplication@2b15e353
reloadAllAccessors: .MultiportOutHangDuringGetWidth

===========================================================================================
----------------- testing Sun Sep 20 15:48:22 UTC 2020 /home/travis/build/icyphy/ptII/ptolemy/actor/lib/test/auto/NilToken.xml
----------------- Instantiating /home/travis/build/icyphy/ptII/ptolemy/actor/lib/test/auto/NilToken.xml
1 ms. Memory: 530432K Free: 447722K (84%)
----------------- Invoking toplevel() on ptolemy.moml.MoMLSimpleApplication@342fd8b9
----------------- Done invoking toplevel() on ptolemy.moml.MoMLSimpleApplication@342fd8b9
reloadAllAccessors: .NilToken

===========================================================================================
----------------- testing Sun Sep 20 15:48:22 UTC 2020 /home/travis/build/icyphy/ptII/ptolemy/actor/lib/test/auto/NilTokenNonStrictTest.xml
----------------- Instantiating /home/travis/build/icyphy/ptII/ptolemy/actor/lib/test/auto/NilTokenNonStrictTest.xml
2 ms. Memory: 530432K Free: 443112K (84%)
----------------- Invoking toplevel() on ptolemy.moml.MoMLSimpleApplication@2ddfb558
----------------- Done invoking toplevel() on ptolemy.moml.MoMLSimpleApplication@2ddfb558
reloadAllAccessors: .NilTokenNonStrictTest

===========================================================================================
----------------- testing Sun Sep 20 15:48:22 UTC 2020 /home/travis/build/icyphy/ptII/ptolemy/actor/lib/test/auto/NilTokenRecord.xml
----------------- Instantiating /home/travis/build/icyphy/ptII/ptolemy/actor/lib/test/auto/NilTokenRecord.xml
5 ms. Memory: 530432K Free: 435944K (82%)
----------------- Invoking toplevel() on ptolemy.moml.MoMLSimpleApplication@f040bc1
----------------- Done invoking toplevel() on ptolemy.moml.MoMLSimpleApplication@f040bc1
reloadAllAccessors: .NilTokenRecord

===========================================================================================
----------------- testing Sun Sep 20 15:48:22 UTC 2020 /home/travis/build/icyphy/ptII/ptolemy/actor/lib/test/auto/NilTokenTypeTest.xml
----------------- Instantiating /home/travis/build/icyphy/ptII/ptolemy/actor/lib/test/auto/NilTokenTypeTest.xml
11 ms. Memory: 530432K Free: 426218K (80%)
----------------- Invoking toplevel() on ptolemy.moml.MoMLSimpleApplication@ed98025
----------------- Done invoking toplevel() on ptolemy.moml.MoMLSimpleApplication@ed98025
reloadAllAccessors: .NilTokenTypeTest

===========================================================================================
----------------- testing Sun Sep 20 15:48:22 UTC 2020 /home/travis/build/icyphy/ptII/ptolemy/actor/lib/test/auto/ObjectToken1.xml
----------------- Instantiating /home/travis/build/icyphy/ptII/ptolemy/actor/lib/test/auto/ObjectToken1.xml
3 ms. Memory: 530432K Free: 422120K (80%)
----------------- Invoking toplevel() on ptolemy.moml.MoMLSimpleApplication@5eb5ae97
----------------- Done invoking toplevel() on ptolemy.moml.MoMLSimpleApplication@5eb5ae97
reloadAllAccessors: .ObjectToken1

===========================================================================================
----------------- testing Sun Sep 20 15:48:22 UTC 2020 /home/travis/build/icyphy/ptII/ptolemy/actor/lib/test/auto/OrderedMerge.xml
----------------- Instantiating /home/travis/build/icyphy/ptII/ptolemy/actor/lib/test/auto/OrderedMerge.xml
10 ms. Memory: 530432K Free: 416488K (79%)
----------------- Invoking toplevel() on ptolemy.moml.MoMLSimpleApplication@33e3a98c
----------------- Done invoking toplevel() on ptolemy.moml.MoMLSimpleApplication@33e3a98c
reloadAllAccessors: .OrderedMerge

===========================================================================================
----------------- testing Sun Sep 20 15:48:22 UTC 2020 /home/travis/build/icyphy/ptII/ptolemy/actor/lib/test/auto/OrderedRecordDisassembler.xml
----------------- Instantiating /home/travis/build/icyphy/ptII/ptolemy/actor/lib/test/auto/OrderedRecordDisassembler.xml
3 ms. Memory: 530432K Free: 411338K (78%)
----------------- Invoking toplevel() on ptolemy.moml.MoMLSimpleApplication@3ba42650
----------------- Done invoking toplevel() on ptolemy.moml.MoMLSimpleApplication@3ba42650
reloadAllAccessors: .OrderedRecordDisassembler

===========================================================================================
----------------- testing Sun Sep 20 15:48:22 UTC 2020 /home/travis/build/icyphy/ptII/ptolemy/actor/lib/test/auto/OrderedRecordDisassembler2.xml
----------------- Instantiating /home/travis/build/icyphy/ptII/ptolemy/actor/lib/test/auto/OrderedRecordDisassembler2.xml
4 ms. Memory: 530432K Free: 403690K (76%)
----------------- Invoking toplevel() on ptolemy.moml.MoMLSimpleApplication@fea13e0
----------------- Done invoking toplevel() on ptolemy.moml.MoMLSimpleApplication@fea13e0
reloadAllAccessors: .OrderedRecordDisassembler2

===========================================================================================
----------------- testing Sun Sep 20 15:48:22 UTC 2020 /home/travis/build/icyphy/ptII/ptolemy/actor/lib/test/auto/OrderedRecordUpdater.xml
----------------- Instantiating /home/travis/build/icyphy/ptII/ptolemy/actor/lib/test/auto/OrderedRecordUpdater.xml
1 ms. Memory: 530432K Free: 399080K (75%)
----------------- Invoking toplevel() on ptolemy.moml.MoMLSimpleApplication@387243bf
----------------- Done invoking toplevel() on ptolemy.moml.MoMLSimpleApplication@387243bf
reloadAllAccessors: .RecordUpdater

===========================================================================================
----------------- testing Sun Sep 20 15:48:22 UTC 2020 /home/travis/build/icyphy/ptII/ptolemy/actor/lib/test/auto/OrderedRecordUpdater2.xml
----------------- Instantiating /home/travis/build/icyphy/ptII/ptolemy/actor/lib/test/auto/OrderedRecordUpdater2.xml
2 ms. Memory: 530432K Free: 394474K (74%)
----------------- Invoking toplevel() on ptolemy.moml.MoMLSimpleApplication@322cef99
----------------- Done invoking toplevel() on ptolemy.moml.MoMLSimpleApplication@322cef99
reloadAllAccessors: .RecordUpdater2

===========================================================================================
----------------- testing Sun Sep 20 15:48:22 UTC 2020 /home/travis/build/icyphy/ptII/ptolemy/actor/lib/test/auto/PhaseUnwrap.xml
----------------- Instantiating /home/travis/build/icyphy/ptII/ptolemy/actor/lib/test/auto/PhaseUnwrap.xml
1 ms. Memory: 530432K Free: 389864K (73%)
----------------- Invoking toplevel() on ptolemy.moml.MoMLSimpleApplication@43f6bf7f
----------------- Done invoking toplevel() on ptolemy.moml.MoMLSimpleApplication@43f6bf7f
reloadAllAccessors: .PhaseUnwrap

===========================================================================================
----------------- testing Sun Sep 20 15:48:22 UTC 2020 /home/travis/build/icyphy/ptII/ptolemy/actor/lib/test/auto/PoissonClock.xml
----------------- Instantiating /home/travis/build/icyphy/ptII/ptolemy/actor/lib/test/auto/PoissonClock.xml
1 ms. Memory: 530432K Free: 385768K (73%)
----------------- Invoking toplevel() on ptolemy.moml.MoMLSimpleApplication@293a9051
----------------- Done invoking toplevel() on ptolemy.moml.MoMLSimpleApplication@293a9051
reloadAllAccessors: .PoissonClock

===========================================================================================
----------------- testing Sun Sep 20 15:48:22 UTC 2020 /home/travis/build/icyphy/ptII/ptolemy/actor/lib/test/auto/PoissonClock2.xml
----------------- Instantiating /home/travis/build/icyphy/ptII/ptolemy/actor/lib/test/auto/PoissonClock2.xml
1 ms. Memory: 530432K Free: 381162K (72%)
----------------- Invoking toplevel() on ptolemy.moml.MoMLSimpleApplication@15cb3900
----------------- Done invoking toplevel() on ptolemy.moml.MoMLSimpleApplication@15cb3900
reloadAllAccessors: .PoissonClock2

===========================================================================================
----------------- testing Sun Sep 20 15:48:22 UTC 2020 /home/travis/build/icyphy/ptII/ptolemy/actor/lib/test/auto/PoissonClock3.xml
----------------- Instantiating /home/travis/build/icyphy/ptII/ptolemy/actor/lib/test/auto/PoissonClock3.xml
1 ms. Memory: 530432K Free: 376552K (71%)
----------------- Invoking toplevel() on ptolemy.moml.MoMLSimpleApplication@15131116
----------------- Done invoking toplevel() on ptolemy.moml.MoMLSimpleApplication@15131116
reloadAllAccessors: .PoissonClock3

===========================================================================================
----------------- testing Sun Sep 20 15:48:22 UTC 2020 /home/travis/build/icyphy/ptII/ptolemy/actor/lib/test/auto/PubSubWithInitialTokens.xml
----------------- Instantiating /home/travis/build/icyphy/ptII/ptolemy/actor/lib/test/auto/PubSubWithInitialTokens.xml
2 ms. Memory: 530432K Free: 370922K (70%)
----------------- Invoking toplevel() on ptolemy.moml.MoMLSimpleApplication@48317532
----------------- Done invoking toplevel() on ptolemy.moml.MoMLSimpleApplication@48317532
reloadAllAccessors: .PubSubWithInitialTokens

===========================================================================================
----------------- testing Sun Sep 20 15:48:22 UTC 2020 /home/travis/build/icyphy/ptII/ptolemy/actor/lib/test/auto/PubSubWithInitialTokens2.xml
----------------- Instantiating /home/travis/build/icyphy/ptII/ptolemy/actor/lib/test/auto/PubSubWithInitialTokens2.xml
2 ms. Memory: 530432K Free: 364258K (69%)
----------------- Invoking toplevel() on ptolemy.moml.MoMLSimpleApplication@17b5beb6
----------------- Done invoking toplevel() on ptolemy.moml.MoMLSimpleApplication@17b5beb6
reloadAllAccessors: .PubSubWithInitialTokens2

===========================================================================================
----------------- testing Sun Sep 20 15:48:22 UTC 2020 /home/travis/build/icyphy/ptII/ptolemy/actor/lib/test/auto/PublisherClassNoParameter.xml
----------------- Instantiating /home/travis/build/icyphy/ptII/ptolemy/actor/lib/test/auto/PublisherClassNoParameter.xml
2 ms. Memory: 530432K Free: 354024K (67%)
----------------- Invoking toplevel() on ptolemy.moml.MoMLSimpleApplication@464a8e8a
----------------- Done invoking toplevel() on ptolemy.moml.MoMLSimpleApplication@464a8e8a
reloadAllAccessors: .PublisherClassNoParameter

===========================================================================================
----------------- testing Sun Sep 20 15:48:22 UTC 2020 /home/travis/build/icyphy/ptII/ptolemy/actor/lib/test/auto/PublisherClassParameter.xml
----------------- Instantiating /home/travis/build/icyphy/ptII/ptolemy/actor/lib/test/auto/PublisherClassParameter.xml
2 ms. Memory: 530432K Free: 343784K (65%)
----------------- Invoking toplevel() on ptolemy.moml.MoMLSimpleApplication@5e6a5e14
----------------- Done invoking toplevel() on ptolemy.moml.MoMLSimpleApplication@5e6a5e14
reloadAllAccessors: .PublisherClassParameter

===========================================================================================
----------------- testing Sun Sep 20 15:48:22 UTC 2020 /home/travis/build/icyphy/ptII/ptolemy/actor/lib/test/auto/PublisherNonStrictTest.xml
----------------- Instantiating /home/travis/build/icyphy/ptII/ptolemy/actor/lib/test/auto/PublisherNonStrictTest.xml
2 ms. Memory: 530432K Free: 336106K (63%)
----------------- Invoking toplevel() on ptolemy.moml.MoMLSimpleApplication@6ddccc96
----------------- Done invoking toplevel() on ptolemy.moml.MoMLSimpleApplication@6ddccc96
reloadAllAccessors: .PublisherNonStrictTest

===========================================================================================
----------------- testing Sun Sep 20 15:48:22 UTC 2020 /home/travis/build/icyphy/ptII/ptolemy/actor/lib/test/auto/PublisherPort1.xml
----------------- Instantiating /home/travis/build/icyphy/ptII/ptolemy/actor/lib/test/auto/PublisherPort1.xml
12 ms. Memory: 530432K Free: 330458K (62%)
----------------- Invoking toplevel() on ptolemy.moml.MoMLSimpleApplication@2c4e169d
----------------- Done invoking toplevel() on ptolemy.moml.MoMLSimpleApplication@2c4e169d
reloadAllAccessors: .PublisherPort1

===========================================================================================
----------------- testing Sun Sep 20 15:48:22 UTC 2020 /home/travis/build/icyphy/ptII/ptolemy/actor/lib/test/auto/PublisherPort2.xml
----------------- Instantiating /home/travis/build/icyphy/ptII/ptolemy/actor/lib/test/auto/PublisherPort2.xml
1 ms. Memory: 530432K Free: 325352K (61%)
----------------- Invoking toplevel() on ptolemy.moml.MoMLSimpleApplication@7003cbaf
----------------- Done invoking toplevel() on ptolemy.moml.MoMLSimpleApplication@7003cbaf
reloadAllAccessors: .PublisherPort2

===========================================================================================
----------------- testing Sun Sep 20 15:48:22 UTC 2020 /home/travis/build/icyphy/ptII/ptolemy/actor/lib/test/auto/PublisherPort3.xml
----------------- Instantiating /home/travis/build/icyphy/ptII/ptolemy/actor/lib/test/auto/PublisherPort3.xml
3 ms. Memory: 530432K Free: 318698K (60%)
----------------- Invoking toplevel() on ptolemy.moml.MoMLSimpleApplication@6ac66173
----------------- Done invoking toplevel() on ptolemy.moml.MoMLSimpleApplication@6ac66173
reloadAllAccessors: .PublisherPort3

===========================================================================================
----------------- testing Sun Sep 20 15:48:22 UTC 2020 /home/travis/build/icyphy/ptII/ptolemy/actor/lib/test/auto/PublisherPort4.xml
----------------- Instantiating /home/travis/build/icyphy/ptII/ptolemy/actor/lib/test/auto/PublisherPort4.xml
2 ms. Memory: 530432K Free: 313058K (59%)
----------------- Invoking toplevel() on ptolemy.moml.MoMLSimpleApplication@21f891ab
----------------- Done invoking toplevel() on ptolemy.moml.MoMLSimpleApplication@21f891ab
reloadAllAccessors: .PublisherPort4

===========================================================================================
----------------- testing Sun Sep 20 15:48:22 UTC 2020 /home/travis/build/icyphy/ptII/ptolemy/actor/lib/test/auto/PublisherPort5.xml
----------------- Instantiating /home/travis/build/icyphy/ptII/ptolemy/actor/lib/test/auto/PublisherPort5.xml
4 ms. Memory: 530432K Free: 305386K (58%)
----------------- Invoking toplevel() on ptolemy.moml.MoMLSimpleApplication@46a5f0e7
----------------- Done invoking toplevel() on ptolemy.moml.MoMLSimpleApplication@46a5f0e7
reloadAllAccessors: .PublisherPort5

===========================================================================================
----------------- testing Sun Sep 20 15:48:22 UTC 2020 /home/travis/build/icyphy/ptII/ptolemy/actor/lib/test/auto/PublisherPort5LookAlike.xml
----------------- Instantiating /home/travis/build/icyphy/ptII/ptolemy/actor/lib/test/auto/PublisherPort5LookAlike.xml
11 ms. Memory: 530432K Free: 297194K (56%)
----------------- Invoking toplevel() on ptolemy.moml.MoMLSimpleApplication@160899f6
----------------- Done invoking toplevel() on ptolemy.moml.MoMLSimpleApplication@160899f6
reloadAllAccessors: .PublisherPort5LookAlike

===========================================================================================
----------------- testing Sun Sep 20 15:48:22 UTC 2020 /home/travis/build/icyphy/ptII/ptolemy/actor/lib/test/auto/PublisherPort6.xml
----------------- Instantiating /home/travis/build/icyphy/ptII/ptolemy/actor/lib/test/auto/PublisherPort6.xml
2 ms. Memory: 530432K Free: 290530K (55%)
----------------- Invoking toplevel() on ptolemy.moml.MoMLSimpleApplication@4440d61c
----------------- Done invoking toplevel() on ptolemy.moml.MoMLSimpleApplication@4440d61c
reloadAllAccessors: .PublisherPort6

===========================================================================================
----------------- testing Sun Sep 20 15:48:22 UTC 2020 /home/travis/build/icyphy/ptII/ptolemy/actor/lib/test/auto/PublisherPort7.xml
----------------- Instantiating /home/travis/build/icyphy/ptII/ptolemy/actor/lib/test/auto/PublisherPort7.xml
3 ms. Memory: 530432K Free: 282858K (53%)
----------------- Invoking toplevel() on ptolemy.moml.MoMLSimpleApplication@2b4aaa7e
----------------- Done invoking toplevel() on ptolemy.moml.MoMLSimpleApplication@2b4aaa7e
reloadAllAccessors: .PublisherPort7

===========================================================================================
----------------- testing Sun Sep 20 15:48:22 UTC 2020 /home/travis/build/icyphy/ptII/ptolemy/actor/lib/test/auto/PublisherPort8.xml
----------------- Instantiating /home/travis/build/icyphy/ptII/ptolemy/actor/lib/test/auto/PublisherPort8.xml
3 ms. Memory: 530432K Free: 274152K (52%)
----------------- Invoking toplevel() on ptolemy.moml.MoMLSimpleApplication@5f757f0
----------------- Done invoking toplevel() on ptolemy.moml.MoMLSimpleApplication@5f757f0
reloadAllAccessors: .PublisherPort8

===========================================================================================
----------------- testing Sun Sep 20 15:48:22 UTC 2020 /home/travis/build/icyphy/ptII/ptolemy/actor/lib/test/auto/PublisherPortSubscriberChannelVariablesAOC2.xml
----------------- Instantiating /home/travis/build/icyphy/ptII/ptolemy/actor/lib/test/auto/PublisherPortSubscriberChannelVariablesAOC2.xml
3 ms. Memory: 530432K Free: 256234K (48%)
----------------- Invoking toplevel() on ptolemy.moml.MoMLSimpleApplication@288a1164
----------------- Done invoking toplevel() on ptolemy.moml.MoMLSimpleApplication@288a1164
reloadAllAccessors: .PublisherPortSubscriberChannelVariablesAOC2

===========================================================================================
----------------- testing Sun Sep 20 15:48:22 UTC 2020 /home/travis/build/icyphy/ptII/ptolemy/actor/lib/test/auto/PublisherPortSubscriberOpaqueWidthInference.xml
----------------- Instantiating /home/travis/build/icyphy/ptII/ptolemy/actor/lib/test/auto/PublisherPortSubscriberOpaqueWidthInference.xml
3 ms. Memory: 530432K Free: 248538K (47%)
----------------- Invoking toplevel() on ptolemy.moml.MoMLSimpleApplication@192cc53f
----------------- Done invoking toplevel() on ptolemy.moml.MoMLSimpleApplication@192cc53f
reloadAllAccessors: .PublisherPortSubscriberOpaqueWidthInference

===========================================================================================
----------------- testing Sun Sep 20 15:48:22 UTC 2020 /home/travis/build/icyphy/ptII/ptolemy/actor/lib/test/auto/PublisherPortSubscriberPortAdjacent.xml
----------------- Instantiating /home/travis/build/icyphy/ptII/ptolemy/actor/lib/test/auto/PublisherPortSubscriberPortAdjacent.xml
1 ms. Memory: 530432K Free: 240360K (45%)
----------------- Invoking toplevel() on ptolemy.moml.MoMLSimpleApplication@7caaa36b
----------------- Done invoking toplevel() on ptolemy.moml.MoMLSimpleApplication@7caaa36b
reloadAllAccessors: .PublisherPortSubscriberPortAdjacent

===========================================================================================
----------------- testing Sun Sep 20 15:48:22 UTC 2020 /home/travis/build/icyphy/ptII/ptolemy/actor/lib/test/auto/PublisherPortSubscriberPortExpression.xml
----------------- Instantiating /home/travis/build/icyphy/ptII/ptolemy/actor/lib/test/auto/PublisherPortSubscriberPortExpression.xml
3 ms. Memory: 530432K Free: 232682K (44%)
----------------- Invoking toplevel() on ptolemy.moml.MoMLSimpleApplication@33fc19c8
----------------- Done invoking toplevel() on ptolemy.moml.MoMLSimpleApplication@33fc19c8
reloadAllAccessors: .PublisherPortSubscriberPortExpression

===========================================================================================
----------------- testing Sun Sep 20 15:48:22 UTC 2020 /home/travis/build/icyphy/ptII/ptolemy/actor/lib/test/auto/PublisherPortSubscriberPortOpaqueD3Reverse.xml
----------------- Instantiating /home/travis/build/icyphy/ptII/ptolemy/actor/lib/test/auto/PublisherPortSubscriberPortOpaqueD3Reverse.xml
8 ms. Memory: 530432K Free: 221928K (42%)
----------------- Invoking toplevel() on ptolemy.moml.MoMLSimpleApplication@6b7ad91b
----------------- Done invoking toplevel() on ptolemy.moml.MoMLSimpleApplication@6b7ad91b
reloadAllAccessors: .PublisherPortSubscriberPortOpaqueD3Reverse

===========================================================================================
----------------- testing Sun Sep 20 15:48:22 UTC 2020 /home/travis/build/icyphy/ptII/ptolemy/actor/lib/test/auto/PublisherPortSubscriberPortOpaqueWidthInference.xml
----------------- Instantiating /home/travis/build/icyphy/ptII/ptolemy/actor/lib/test/auto/PublisherPortSubscriberPortOpaqueWidthInference.xml
3 ms. Memory: 530432K Free: 214250K (40%)
----------------- Invoking toplevel() on ptolemy.moml.MoMLSimpleApplication@404468e2
----------------- Done invoking toplevel() on ptolemy.moml.MoMLSimpleApplication@404468e2
reloadAllAccessors: .PublisherPortSubscriberPortOpaqueWidthInference

===========================================================================================
----------------- testing Sun Sep 20 15:48:22 UTC 2020 /home/travis/build/icyphy/ptII/ptolemy/actor/lib/test/auto/PublisherPortToplevelSubscriberPortAOC.xml
----------------- Instantiating /home/travis/build/icyphy/ptII/ptolemy/actor/lib/test/auto/PublisherPortToplevelSubscriberPortAOC.xml
.PublisherPortToplevelSubscriberPortAOC.TestExceptionAttribute: initialize() was not invoked, but wrapup() was.  This is unusual, but not always a problem.  For example, exporting JNLP will do this.
1 ms. Memory: 530432K Free: 208616K (39%)
----------------- Invoking toplevel() on ptolemy.moml.MoMLSimpleApplication@2e7bbe33
----------------- Done invoking toplevel() on ptolemy.moml.MoMLSimpleApplication@2e7bbe33
reloadAllAccessors: .PublisherPortToplevelSubscriberPortAOC

===========================================================================================
----------------- testing Sun Sep 20 15:48:22 UTC 2020 /home/travis/build/icyphy/ptII/ptolemy/actor/lib/test/auto/PublisherSubscriber.xml
----------------- Instantiating /home/travis/build/icyphy/ptII/ptolemy/actor/lib/test/auto/PublisherSubscriber.xml
2 ms. Memory: 530432K Free: 201418K (38%)
----------------- Invoking toplevel() on ptolemy.moml.MoMLSimpleApplication@4687270a
----------------- Done invoking toplevel() on ptolemy.moml.MoMLSimpleApplication@4687270a
reloadAllAccessors: .PublisherSubscriber

===========================================================================================
----------------- testing Sun Sep 20 15:48:22 UTC 2020 /home/travis/build/icyphy/ptII/ptolemy/actor/lib/test/auto/PublisherSubscriber10.xml
----------------- Instantiating /home/travis/build/icyphy/ptII/ptolemy/actor/lib/test/auto/PublisherSubscriber10.xml
6 ms. Memory: 530432K Free: 191722K (36%)
----------------- Invoking toplevel() on ptolemy.moml.MoMLSimpleApplication@3b8f3df9
----------------- Done invoking toplevel() on ptolemy.moml.MoMLSimpleApplication@3b8f3df9
reloadAllAccessors: .PublisherSubscriber10

===========================================================================================
----------------- testing Sun Sep 20 15:48:22 UTC 2020 /home/travis/build/icyphy/ptII/ptolemy/actor/lib/test/auto/PublisherSubscriber10InitialOutputs.xml
----------------- Instantiating /home/travis/build/icyphy/ptII/ptolemy/actor/lib/test/auto/PublisherSubscriber10InitialOutputs.xml
15 ms. Memory: 530432K Free: 182506K (34%)
----------------- Invoking toplevel() on ptolemy.moml.MoMLSimpleApplication@57f86ec9
----------------- Done invoking toplevel() on ptolemy.moml.MoMLSimpleApplication@57f86ec9
reloadAllAccessors: .PublisherSubscriber10InitialOutputs

===========================================================================================
----------------- testing Sun Sep 20 15:48:22 UTC 2020 /home/travis/build/icyphy/ptII/ptolemy/actor/lib/test/auto/PublisherSubscriber11.xml
----------------- Instantiating /home/travis/build/icyphy/ptII/ptolemy/actor/lib/test/auto/PublisherSubscriber11.xml
2 ms. Memory: 530432K Free: 176362K (33%)
----------------- Invoking toplevel() on ptolemy.moml.MoMLSimpleApplication@7252632a
----------------- Done invoking toplevel() on ptolemy.moml.MoMLSimpleApplication@7252632a
reloadAllAccessors: .PublisherSubscriber11

===========================================================================================
----------------- testing Sun Sep 20 15:48:22 UTC 2020 /home/travis/build/icyphy/ptII/ptolemy/actor/lib/test/auto/PublisherSubscriber12.xml
----------------- Instantiating /home/travis/build/icyphy/ptII/ptolemy/actor/lib/test/auto/PublisherSubscriber12.xml
4 ms. Memory: 530432K Free: 476906K (90%)
----------------- Invoking toplevel() on ptolemy.moml.MoMLSimpleApplication@51b44df2
----------------- Done invoking toplevel() on ptolemy.moml.MoMLSimpleApplication@51b44df2
reloadAllAccessors: .PublisherSubscriber12

===========================================================================================
----------------- testing Sun Sep 20 15:48:23 UTC 2020 /home/travis/build/icyphy/ptII/ptolemy/actor/lib/test/auto/PublisherSubscriber13.xml
----------------- Instantiating /home/travis/build/icyphy/ptII/ptolemy/actor/lib/test/auto/PublisherSubscriber13.xml
2 ms. Memory: 530432K Free: 470762K (89%)
----------------- Invoking toplevel() on ptolemy.moml.MoMLSimpleApplication@7ae08a8
----------------- Done invoking toplevel() on ptolemy.moml.MoMLSimpleApplication@7ae08a8
reloadAllAccessors: .PublisherSubscriber13

===========================================================================================
----------------- testing Sun Sep 20 15:48:23 UTC 2020 /home/travis/build/icyphy/ptII/ptolemy/actor/lib/test/auto/PublisherSubscriber14.xml
----------------- Instantiating /home/travis/build/icyphy/ptII/ptolemy/actor/lib/test/auto/PublisherSubscriber14.xml
2 ms. Memory: 530432K Free: 462042K (87%)
----------------- Invoking toplevel() on ptolemy.moml.MoMLSimpleApplication@15182867
----------------- Done invoking toplevel() on ptolemy.moml.MoMLSimpleApplication@15182867
reloadAllAccessors: .PublisherSubscriber14

===========================================================================================
----------------- testing Sun Sep 20 15:48:23 UTC 2020 /home/travis/build/icyphy/ptII/ptolemy/actor/lib/test/auto/PublisherSubscriber2.xml
----------------- Instantiating /home/travis/build/icyphy/ptII/ptolemy/actor/lib/test/auto/PublisherSubscriber2.xml
3 ms. Memory: 530432K Free: 456426K (86%)
----------------- Invoking toplevel() on ptolemy.moml.MoMLSimpleApplication@54a1aa3a
----------------- Done invoking toplevel() on ptolemy.moml.MoMLSimpleApplication@54a1aa3a
reloadAllAccessors: .PublisherSubscriber2

===========================================================================================
----------------- testing Sun Sep 20 15:48:23 UTC 2020 /home/travis/build/icyphy/ptII/ptolemy/actor/lib/test/auto/PublisherSubscriber3.xml
----------------- Instantiating /home/travis/build/icyphy/ptII/ptolemy/actor/lib/test/auto/PublisherSubscriber3.xml
2 ms. Memory: 530432K Free: 450778K (85%)
----------------- Invoking toplevel() on ptolemy.moml.MoMLSimpleApplication@50972e65
----------------- Done invoking toplevel() on ptolemy.moml.MoMLSimpleApplication@50972e65
reloadAllAccessors: .PublisherSubscriber3

===========================================================================================
----------------- testing Sun Sep 20 15:48:23 UTC 2020 /home/travis/build/icyphy/ptII/ptolemy/actor/lib/test/auto/PublisherSubscriber4.xml
----------------- Instantiating /home/travis/build/icyphy/ptII/ptolemy/actor/lib/test/auto/PublisherSubscriber4.xml
1 ms. Memory: 530432K Free: 445658K (84%)
----------------- Invoking toplevel() on ptolemy.moml.MoMLSimpleApplication@12b6f500
----------------- Done invoking toplevel() on ptolemy.moml.MoMLSimpleApplication@12b6f500
reloadAllAccessors: .PublisherSubscriber4

===========================================================================================
----------------- testing Sun Sep 20 15:48:23 UTC 2020 /home/travis/build/icyphy/ptII/ptolemy/actor/lib/test/auto/PublisherSubscriber5.xml
----------------- Instantiating /home/travis/build/icyphy/ptII/ptolemy/actor/lib/test/auto/PublisherSubscriber5.xml
1 ms. Memory: 530432K Free: 438490K (83%)
----------------- Invoking toplevel() on ptolemy.moml.MoMLSimpleApplication@269b9570
----------------- Done invoking toplevel() on ptolemy.moml.MoMLSimpleApplication@269b9570
reloadAllAccessors: .PublisherSubscriber5

===========================================================================================
----------------- testing Sun Sep 20 15:48:23 UTC 2020 /home/travis/build/icyphy/ptII/ptolemy/actor/lib/test/auto/PublisherSubscriber6.xml
----------------- Instantiating /home/travis/build/icyphy/ptII/ptolemy/actor/lib/test/auto/PublisherSubscriber6.xml
3 ms. Memory: 530432K Free: 431850K (81%)
----------------- Invoking toplevel() on ptolemy.moml.MoMLSimpleApplication@271a20bb
----------------- Done invoking toplevel() on ptolemy.moml.MoMLSimpleApplication@271a20bb
reloadAllAccessors: .PublisherSubscriber6

===========================================================================================
----------------- testing Sun Sep 20 15:48:23 UTC 2020 /home/travis/build/icyphy/ptII/ptolemy/actor/lib/test/auto/PublisherSubscriber7.xml
----------------- Instantiating /home/travis/build/icyphy/ptII/ptolemy/actor/lib/test/auto/PublisherSubscriber7.xml
6 ms. Memory: 530432K Free: 425192K (80%)
----------------- Invoking toplevel() on ptolemy.moml.MoMLSimpleApplication@5a36b542
----------------- Done invoking toplevel() on ptolemy.moml.MoMLSimpleApplication@5a36b542
reloadAllAccessors: .PublisherSubscriber7

===========================================================================================
----------------- testing Sun Sep 20 15:48:23 UTC 2020 /home/travis/build/icyphy/ptII/ptolemy/actor/lib/test/auto/PublisherSubscriber8.xml
----------------- Instantiating /home/travis/build/icyphy/ptII/ptolemy/actor/lib/test/auto/PublisherSubscriber8.xml
13 ms. Memory: 530432K Free: 413418K (78%)
----------------- Invoking toplevel() on ptolemy.moml.MoMLSimpleApplication@22f3657d
----------------- Done invoking toplevel() on ptolemy.moml.MoMLSimpleApplication@22f3657d
reloadAllAccessors: .PublisherSubscriber8

===========================================================================================
----------------- testing Sun Sep 20 15:48:23 UTC 2020 /home/travis/build/icyphy/ptII/ptolemy/actor/lib/test/auto/PublisherSubscriber9.xml
----------------- Instantiating /home/travis/build/icyphy/ptII/ptolemy/actor/lib/test/auto/PublisherSubscriber9.xml
2 ms. Memory: 530432K Free: 406250K (77%)
----------------- Invoking toplevel() on ptolemy.moml.MoMLSimpleApplication@191281fd
----------------- Done invoking toplevel() on ptolemy.moml.MoMLSimpleApplication@191281fd
reloadAllAccessors: .PublisherSubscriber9

===========================================================================================
----------------- testing Sun Sep 20 15:48:23 UTC 2020 /home/travis/build/icyphy/ptII/ptolemy/actor/lib/test/auto/PublisherSubscriberAdjacent.xml
----------------- Instantiating /home/travis/build/icyphy/ptII/ptolemy/actor/lib/test/auto/PublisherSubscriberAdjacent.xml
2 ms. Memory: 530432K Free: 398058K (75%)
----------------- Invoking toplevel() on ptolemy.moml.MoMLSimpleApplication@19863124
----------------- Done invoking toplevel() on ptolemy.moml.MoMLSimpleApplication@19863124
reloadAllAccessors: .PublisherSubscriberAdjacent

===========================================================================================
----------------- testing Sun Sep 20 15:48:23 UTC 2020 /home/travis/build/icyphy/ptII/ptolemy/actor/lib/test/auto/PublisherSubscriberChannelVariablesAOC2.xml
----------------- Instantiating /home/travis/build/icyphy/ptII/ptolemy/actor/lib/test/auto/PublisherSubscriberChannelVariablesAOC2.xml
2 ms. Memory: 530432K Free: 382698K (72%)
----------------- Invoking toplevel() on ptolemy.moml.MoMLSimpleApplication@2d2b2a1
----------------- Done invoking toplevel() on ptolemy.moml.MoMLSimpleApplication@2d2b2a1
reloadAllAccessors: .PublisherSubscriberChannelVariablesAOC2

===========================================================================================
----------------- testing Sun Sep 20 15:48:23 UTC 2020 /home/travis/build/icyphy/ptII/ptolemy/actor/lib/test/auto/PublisherSubscriberD3.xml
----------------- Instantiating /home/travis/build/icyphy/ptII/ptolemy/actor/lib/test/auto/PublisherSubscriberD3.xml
1 ms. Memory: 530432K Free: 375530K (71%)
----------------- Invoking toplevel() on ptolemy.moml.MoMLSimpleApplication@66c822bc
----------------- Done invoking toplevel() on ptolemy.moml.MoMLSimpleApplication@66c822bc
reloadAllAccessors: .PublisherSubscriberD3

===========================================================================================
----------------- testing Sun Sep 20 15:48:23 UTC 2020 /home/travis/build/icyphy/ptII/ptolemy/actor/lib/test/auto/PublisherSubscriberD3Reverse.xml
----------------- Instantiating /home/travis/build/icyphy/ptII/ptolemy/actor/lib/test/auto/PublisherSubscriberD3Reverse.xml
2 ms. Memory: 530432K Free: 369386K (70%)
----------------- Invoking toplevel() on ptolemy.moml.MoMLSimpleApplication@7d793c80
----------------- Done invoking toplevel() on ptolemy.moml.MoMLSimpleApplication@7d793c80
reloadAllAccessors: .PublisherSubscriberD3Reverse

===========================================================================================
----------------- testing Sun Sep 20 15:48:23 UTC 2020 /home/travis/build/icyphy/ptII/ptolemy/actor/lib/test/auto/PublisherSubscriberExpression.xml
----------------- Instantiating /home/travis/build/icyphy/ptII/ptolemy/actor/lib/test/auto/PublisherSubscriberExpression.xml
2 ms. Memory: 530432K Free: 361194K (68%)
----------------- Invoking toplevel() on ptolemy.moml.MoMLSimpleApplication@4b4d1991
----------------- Done invoking toplevel() on ptolemy.moml.MoMLSimpleApplication@4b4d1991
reloadAllAccessors: .PublisherSubscriberExpression

===========================================================================================
----------------- testing Sun Sep 20 15:48:23 UTC 2020 /home/travis/build/icyphy/ptII/ptolemy/actor/lib/test/auto/PublisherSubscriberOpaque.xml
----------------- Instantiating /home/travis/build/icyphy/ptII/ptolemy/actor/lib/test/auto/PublisherSubscriberOpaque.xml
4 ms. Memory: 530432K Free: 353002K (67%)
----------------- Invoking toplevel() on ptolemy.moml.MoMLSimpleApplication@364469a9
----------------- Done invoking toplevel() on ptolemy.moml.MoMLSimpleApplication@364469a9
reloadAllAccessors: .PublisherSubscriberOpaque

===========================================================================================
----------------- testing Sun Sep 20 15:48:23 UTC 2020 /home/travis/build/icyphy/ptII/ptolemy/actor/lib/test/auto/PublisherSubscriberOpaqueD3.xml
----------------- Instantiating /home/travis/build/icyphy/ptII/ptolemy/actor/lib/test/auto/PublisherSubscriberOpaqueD3.xml
5 ms. Memory: 530432K Free: 340714K (64%)
----------------- Invoking toplevel() on ptolemy.moml.MoMLSimpleApplication@1b85fd1f
----------------- Done invoking toplevel() on ptolemy.moml.MoMLSimpleApplication@1b85fd1f
reloadAllAccessors: .PublisherSubscriberOpaqueD3

===========================================================================================
----------------- testing Sun Sep 20 15:48:23 UTC 2020 /home/travis/build/icyphy/ptII/ptolemy/actor/lib/test/auto/PublisherSubscriberOpaqueD3Reverse.xml
----------------- Instantiating /home/travis/build/icyphy/ptII/ptolemy/actor/lib/test/auto/PublisherSubscriberOpaqueD3Reverse.xml
7 ms. Memory: 530432K Free: 329960K (62%)
----------------- Invoking toplevel() on ptolemy.moml.MoMLSimpleApplication@398eb62
----------------- Done invoking toplevel() on ptolemy.moml.MoMLSimpleApplication@398eb62
reloadAllAccessors: .PublisherSubscriberOpaqueD3Reverse

===========================================================================================
----------------- testing Sun Sep 20 15:48:23 UTC 2020 /home/travis/build/icyphy/ptII/ptolemy/actor/lib/test/auto/PublisherSubscriberOpaqueWidthInference.xml
----------------- Instantiating /home/travis/build/icyphy/ptII/ptolemy/actor/lib/test/auto/PublisherSubscriberOpaqueWidthInference.xml
4 ms. Memory: 530432K Free: 321754K (61%)
----------------- Invoking toplevel() on ptolemy.moml.MoMLSimpleApplication@557070ea
----------------- Done invoking toplevel() on ptolemy.moml.MoMLSimpleApplication@557070ea
reloadAllAccessors: .PublisherSubscriberOpaqueWidthInference

===========================================================================================
----------------- testing Sun Sep 20 15:48:23 UTC 2020 /home/travis/build/icyphy/ptII/ptolemy/actor/lib/test/auto/PublisherTestSubscriber.xml
----------------- Instantiating /home/travis/build/icyphy/ptII/ptolemy/actor/lib/test/auto/PublisherTestSubscriber.xml
2 ms. Memory: 530432K Free: 314090K (59%)
----------------- Invoking toplevel() on ptolemy.moml.MoMLSimpleApplication@2ad95a90
----------------- Done invoking toplevel() on ptolemy.moml.MoMLSimpleApplication@2ad95a90
reloadAllAccessors: .PublisherTestSubscriber

===========================================================================================
----------------- testing Sun Sep 20 15:48:23 UTC 2020 /home/travis/build/icyphy/ptII/ptolemy/actor/lib/test/auto/PublisherToplevelSubscriberPortAOC.xml
----------------- Instantiating /home/travis/build/icyphy/ptII/ptolemy/actor/lib/test/auto/PublisherToplevelSubscriberPortAOC.xml
2 ms. Memory: 530432K Free: 307418K (58%)
----------------- Invoking toplevel() on ptolemy.moml.MoMLSimpleApplication@663f4324
----------------- Done invoking toplevel() on ptolemy.moml.MoMLSimpleApplication@663f4324
reloadAllAccessors: .PublisherToplevelSubscriberPortAOC

===========================================================================================
----------------- testing Sun Sep 20 15:48:23 UTC 2020 /home/travis/build/icyphy/ptII/ptolemy/actor/lib/test/auto/PulseFiringLimitDE.xml
----------------- Instantiating /home/travis/build/icyphy/ptII/ptolemy/actor/lib/test/auto/PulseFiringLimitDE.xml
1 ms. Memory: 530432K Free: 301288K (57%)
----------------- Invoking toplevel() on ptolemy.moml.MoMLSimpleApplication@427e4a7b
----------------- Done invoking toplevel() on ptolemy.moml.MoMLSimpleApplication@427e4a7b
reloadAllAccessors: .PulseFiringLimitDE

===========================================================================================
----------------- testing Sun Sep 20 15:48:23 UTC 2020 /home/travis/build/icyphy/ptII/ptolemy/actor/lib/test/auto/Ramp1.xml
----------------- Instantiating /home/travis/build/icyphy/ptII/ptolemy/actor/lib/test/auto/Ramp1.xml
1 ms. Memory: 530432K Free: 297178K (56%)
----------------- Invoking toplevel() on ptolemy.moml.MoMLSimpleApplication@12d6febd
----------------- Done invoking toplevel() on ptolemy.moml.MoMLSimpleApplication@12d6febd
reloadAllAccessors: .Ramp1

===========================================================================================
----------------- testing Sun Sep 20 15:48:23 UTC 2020 /home/travis/build/icyphy/ptII/ptolemy/actor/lib/test/auto/RampFiringLimitDE.xml
----------------- Instantiating /home/travis/build/icyphy/ptII/ptolemy/actor/lib/test/auto/RampFiringLimitDE.xml
2 ms. Memory: 530432K Free: 291034K (55%)
----------------- Invoking toplevel() on ptolemy.moml.MoMLSimpleApplication@79eff002
----------------- Done invoking toplevel() on ptolemy.moml.MoMLSimpleApplication@79eff002
reloadAllAccessors: .RampFiringLimitDE

===========================================================================================
----------------- testing Sun Sep 20 15:48:23 UTC 2020 /home/travis/build/icyphy/ptII/ptolemy/actor/lib/test/auto/RampFiringLimitSDF.xml
----------------- Instantiating /home/travis/build/icyphy/ptII/ptolemy/actor/lib/test/auto/RampFiringLimitSDF.xml
2 ms. Memory: 530432K Free: 285898K (54%)
----------------- Invoking toplevel() on ptolemy.moml.MoMLSimpleApplication@1862aa7e
----------------- Done invoking toplevel() on ptolemy.moml.MoMLSimpleApplication@1862aa7e
reloadAllAccessors: .RampFiringLimitSDF

===========================================================================================
----------------- testing Sun Sep 20 15:48:23 UTC 2020 /home/travis/build/icyphy/ptII/ptolemy/actor/lib/test/auto/RandomInteger.xml
----------------- Instantiating /home/travis/build/icyphy/ptII/ptolemy/actor/lib/test/auto/RandomInteger.xml
1 ms. Memory: 530432K Free: 281322K (53%)
----------------- Invoking toplevel() on ptolemy.moml.MoMLSimpleApplication@e370931
----------------- Done invoking toplevel() on ptolemy.moml.MoMLSimpleApplication@e370931
reloadAllAccessors: .RandomInteger

===========================================================================================
----------------- testing Sun Sep 20 15:48:23 UTC 2020 /home/travis/build/icyphy/ptII/ptolemy/actor/lib/test/auto/ReadFile1.xml
----------------- Instantiating /home/travis/build/icyphy/ptII/ptolemy/actor/lib/test/auto/ReadFile1.xml
1 ms. Memory: 530432K Free: 276698K (52%)
----------------- Invoking toplevel() on ptolemy.moml.MoMLSimpleApplication@254db3dc
----------------- Done invoking toplevel() on ptolemy.moml.MoMLSimpleApplication@254db3dc
reloadAllAccessors: .ReadFile1

===========================================================================================
----------------- testing Sun Sep 20 15:48:23 UTC 2020 /home/travis/build/icyphy/ptII/ptolemy/actor/lib/test/auto/ReadFile2.xml
----------------- Instantiating /home/travis/build/icyphy/ptII/ptolemy/actor/lib/test/auto/ReadFile2.xml
1 ms. Memory: 530432K Free: 272616K (51%)
----------------- Invoking toplevel() on ptolemy.moml.MoMLSimpleApplication@2af9088b
----------------- Done invoking toplevel() on ptolemy.moml.MoMLSimpleApplication@2af9088b
reloadAllAccessors: .ReadFile2

===========================================================================================
----------------- testing Sun Sep 20 15:48:23 UTC 2020 /home/travis/build/icyphy/ptII/ptolemy/actor/lib/test/auto/Reader.xml
----------------- Instantiating /home/travis/build/icyphy/ptII/ptolemy/actor/lib/test/auto/Reader.xml
actor.lib.Reader is obsolete, use actor.lib.io.ExpressionReader instead
4 ms. Memory: 530432K Free: 268010K (51%)
----------------- Invoking toplevel() on ptolemy.moml.MoMLSimpleApplication@2966faf6
----------------- Done invoking toplevel() on ptolemy.moml.MoMLSimpleApplication@2966faf6
reloadAllAccessors: .Reader

===========================================================================================
----------------- testing Sun Sep 20 15:48:23 UTC 2020 /home/travis/build/icyphy/ptII/ptolemy/actor/lib/test/auto/RecordAssemblerDisplayNameTest.xml
----------------- Instantiating /home/travis/build/icyphy/ptII/ptolemy/actor/lib/test/auto/RecordAssemblerDisplayNameTest.xml
3780 ms. Memory: 530432K Free: 278762K (53%)
----------------- Invoking toplevel() on ptolemy.moml.MoMLSimpleApplication@2d400ef0
----------------- Done invoking toplevel() on ptolemy.moml.MoMLSimpleApplication@2d400ef0
reloadAllAccessors: .RecordAssemblerDisplayNameTest

===========================================================================================
----------------- testing Sun Sep 20 15:48:27 UTC 2020 /home/travis/build/icyphy/ptII/ptolemy/actor/lib/test/auto/RecordAssemblerTypeError.xml
----------------- Instantiating /home/travis/build/icyphy/ptII/ptolemy/actor/lib/test/auto/RecordAssemblerTypeError.xml
15 ms. Memory: 530432K Free: 269546K (51%)
----------------- Invoking toplevel() on ptolemy.moml.MoMLSimpleApplication@1279eea0
----------------- Done invoking toplevel() on ptolemy.moml.MoMLSimpleApplication@1279eea0
reloadAllAccessors: .RecordAssemblerTypeError

===========================================================================================
----------------- testing Sun Sep 20 15:48:27 UTC 2020 /home/travis/build/icyphy/ptII/ptolemy/actor/lib/test/auto/RecordDisassember.xml
----------------- Instantiating /home/travis/build/icyphy/ptII/ptolemy/actor/lib/test/auto/RecordDisassember.xml
4 ms. Memory: 530432K Free: 264426K (50%)
----------------- Invoking toplevel() on ptolemy.moml.MoMLSimpleApplication@25a72996
----------------- Done invoking toplevel() on ptolemy.moml.MoMLSimpleApplication@25a72996
reloadAllAccessors: .RecordDisassember

===========================================================================================
----------------- testing Sun Sep 20 15:48:27 UTC 2020 /home/travis/build/icyphy/ptII/ptolemy/actor/lib/test/auto/RecordDisassemberDisplayNameTest.xml
----------------- Instantiating /home/travis/build/icyphy/ptII/ptolemy/actor/lib/test/auto/RecordDisassemberDisplayNameTest.xml
7 ms. Memory: 530432K Free: 256744K (48%)
----------------- Invoking toplevel() on ptolemy.moml.MoMLSimpleApplication@c7206b9
----------------- Done invoking toplevel() on ptolemy.moml.MoMLSimpleApplication@c7206b9
reloadAllAccessors: .RecordDisassemberDisplayNameTest

===========================================================================================
----------------- testing Sun Sep 20 15:48:27 UTC 2020 /home/travis/build/icyphy/ptII/ptolemy/actor/lib/test/auto/RecordDisassembler.xml
----------------- Instantiating /home/travis/build/icyphy/ptII/ptolemy/actor/lib/test/auto/RecordDisassembler.xml
3 ms. Memory: 530432K Free: 251610K (47%)
----------------- Invoking toplevel() on ptolemy.moml.MoMLSimpleApplication@78f80aae
----------------- Done invoking toplevel() on ptolemy.moml.MoMLSimpleApplication@78f80aae
reloadAllAccessors: .RecordDisassembler

===========================================================================================
----------------- testing Sun Sep 20 15:48:27 UTC 2020 /home/travis/build/icyphy/ptII/ptolemy/actor/lib/test/auto/RecordDisassembler2.xml
----------------- Instantiating /home/travis/build/icyphy/ptII/ptolemy/actor/lib/test/auto/RecordDisassembler2.xml
2 ms. Memory: 530432K Free: 246474K (46%)
----------------- Invoking toplevel() on ptolemy.moml.MoMLSimpleApplication@42045764
----------------- Done invoking toplevel() on ptolemy.moml.MoMLSimpleApplication@42045764
reloadAllAccessors: .RecordDisassembler2

===========================================================================================
----------------- testing Sun Sep 20 15:48:27 UTC 2020 /home/travis/build/icyphy/ptII/ptolemy/actor/lib/test/auto/RecordUpdater.xml
----------------- Instantiating /home/travis/build/icyphy/ptII/ptolemy/actor/lib/test/auto/RecordUpdater.xml
2 ms. Memory: 530432K Free: 240874K (45%)
----------------- Invoking toplevel() on ptolemy.moml.MoMLSimpleApplication@57e56b2a
----------------- Done invoking toplevel() on ptolemy.moml.MoMLSimpleApplication@57e56b2a
reloadAllAccessors: .RecordUpdater

===========================================================================================
----------------- testing Sun Sep 20 15:48:27 UTC 2020 /home/travis/build/icyphy/ptII/ptolemy/actor/lib/test/auto/RecordUpdater2.xml
----------------- Instantiating /home/travis/build/icyphy/ptII/ptolemy/actor/lib/test/auto/RecordUpdater2.xml
2 ms. Memory: 530432K Free: 236264K (45%)
----------------- Invoking toplevel() on ptolemy.moml.MoMLSimpleApplication@7f6e8033
----------------- Done invoking toplevel() on ptolemy.moml.MoMLSimpleApplication@7f6e8033
reloadAllAccessors: .RecordUpdater2

===========================================================================================
----------------- testing Sun Sep 20 15:48:27 UTC 2020 /home/travis/build/icyphy/ptII/ptolemy/actor/lib/test/auto/RecursiveLattice.xml
----------------- Instantiating /home/travis/build/icyphy/ptII/ptolemy/actor/lib/test/auto/RecursiveLattice.xml
1 ms. Memory: 530432K Free: 232168K (44%)
----------------- Invoking toplevel() on ptolemy.moml.MoMLSimpleApplication@5b2877c8
----------------- Done invoking toplevel() on ptolemy.moml.MoMLSimpleApplication@5b2877c8
reloadAllAccessors: .RecursiveLattice

===========================================================================================
----------------- testing Sun Sep 20 15:48:27 UTC 2020 /home/travis/build/icyphy/ptII/ptolemy/actor/lib/test/auto/Router.xml
----------------- Instantiating /home/travis/build/icyphy/ptII/ptolemy/actor/lib/test/auto/Router.xml
3004 ms. Memory: 530432K Free: 221418K (42%)
----------------- Invoking toplevel() on ptolemy.moml.MoMLSimpleApplication@1370b39a
----------------- Done invoking toplevel() on ptolemy.moml.MoMLSimpleApplication@1370b39a
reloadAllAccessors: .Router

===========================================================================================
----------------- testing Sun Sep 20 15:48:30 UTC 2020 /home/travis/build/icyphy/ptII/ptolemy/actor/lib/test/auto/Router2.xml
----------------- Instantiating /home/travis/build/icyphy/ptII/ptolemy/actor/lib/test/auto/Router2.xml
3005 ms. Memory: 530432K Free: 210664K (40%)
----------------- Invoking toplevel() on ptolemy.moml.MoMLSimpleApplication@42c3dd89
----------------- Done invoking toplevel() on ptolemy.moml.MoMLSimpleApplication@42c3dd89
reloadAllAccessors: .Router2

===========================================================================================
----------------- testing Sun Sep 20 15:48:33 UTC 2020 /home/travis/build/icyphy/ptII/ptolemy/actor/lib/test/auto/RunningMaximum.xml
----------------- Instantiating /home/travis/build/icyphy/ptII/ptolemy/actor/lib/test/auto/RunningMaximum.xml
2 ms. Memory: 530432K Free: 206058K (39%)
----------------- Invoking toplevel() on ptolemy.moml.MoMLSimpleApplication@25228eba
----------------- Done invoking toplevel() on ptolemy.moml.MoMLSimpleApplication@25228eba
reloadAllAccessors: .RunningMaximum

===========================================================================================
----------------- testing Sun Sep 20 15:48:33 UTC 2020 /home/travis/build/icyphy/ptII/ptolemy/actor/lib/test/auto/RunningMinimum.xml
----------------- Instantiating /home/travis/build/icyphy/ptII/ptolemy/actor/lib/test/auto/RunningMinimum.xml
8 ms. Memory: 530432K Free: 201448K (38%)
----------------- Invoking toplevel() on ptolemy.moml.MoMLSimpleApplication@45b94362
----------------- Done invoking toplevel() on ptolemy.moml.MoMLSimpleApplication@45b94362
reloadAllAccessors: .RunningMinimum

===========================================================================================
----------------- testing Sun Sep 20 15:48:33 UTC 2020 /home/travis/build/icyphy/ptII/ptolemy/actor/lib/test/auto/Scale.xml
----------------- Instantiating /home/travis/build/icyphy/ptII/ptolemy/actor/lib/test/auto/Scale.xml
1 ms. Memory: 530432K Free: 196328K (37%)
----------------- Invoking toplevel() on ptolemy.moml.MoMLSimpleApplication@54186173
----------------- Done invoking toplevel() on ptolemy.moml.MoMLSimpleApplication@54186173
reloadAllAccessors: .Scale

===========================================================================================
----------------- testing Sun Sep 20 15:48:33 UTC 2020 /home/travis/build/icyphy/ptII/ptolemy/actor/lib/test/auto/Scale2.xml
----------------- Instantiating /home/travis/build/icyphy/ptII/ptolemy/actor/lib/test/auto/Scale2.xml
2 ms. Memory: 530432K Free: 191722K (36%)
----------------- Invoking toplevel() on ptolemy.moml.MoMLSimpleApplication@30f1b35e
----------------- Done invoking toplevel() on ptolemy.moml.MoMLSimpleApplication@30f1b35e
reloadAllAccessors: .Scale2

===========================================================================================
----------------- testing Sun Sep 20 15:48:33 UTC 2020 /home/travis/build/icyphy/ptII/ptolemy/actor/lib/test/auto/Scale3.xml
----------------- Instantiating /home/travis/build/icyphy/ptII/ptolemy/actor/lib/test/auto/Scale3.xml
3 ms. Memory: 530432K Free: 185578K (35%)
----------------- Invoking toplevel() on ptolemy.moml.MoMLSimpleApplication@166d6e9a
----------------- Done invoking toplevel() on ptolemy.moml.MoMLSimpleApplication@166d6e9a
reloadAllAccessors: .Scale3

===========================================================================================
----------------- testing Sun Sep 20 15:48:33 UTC 2020 /home/travis/build/icyphy/ptII/ptolemy/actor/lib/test/auto/ScaleArray.xml
----------------- Instantiating /home/travis/build/icyphy/ptII/ptolemy/actor/lib/test/auto/ScaleArray.xml
5 ms. Memory: 530432K Free: 180968K (34%)
----------------- Invoking toplevel() on ptolemy.moml.MoMLSimpleApplication@50b183fd
----------------- Done invoking toplevel() on ptolemy.moml.MoMLSimpleApplication@50b183fd
reloadAllAccessors: .ScaleArray

===========================================================================================
----------------- testing Sun Sep 20 15:48:33 UTC 2020 /home/travis/build/icyphy/ptII/ptolemy/actor/lib/test/auto/ScaleArray2.xml
----------------- Instantiating /home/travis/build/icyphy/ptII/ptolemy/actor/lib/test/auto/ScaleArray2.xml
1 ms. Memory: 530432K Free: 175848K (33%)
----------------- Invoking toplevel() on ptolemy.moml.MoMLSimpleApplication@52c4fb76
----------------- Done invoking toplevel() on ptolemy.moml.MoMLSimpleApplication@52c4fb76
reloadAllAccessors: .ScaleArray2

===========================================================================================
----------------- testing Sun Sep 20 15:48:33 UTC 2020 /home/travis/build/icyphy/ptII/ptolemy/actor/lib/test/auto/ScaleMatrix.xml
----------------- Instantiating /home/travis/build/icyphy/ptII/ptolemy/actor/lib/test/auto/ScaleMatrix.xml
89 ms. Memory: 530432K Free: 472298K (89%)
----------------- Invoking toplevel() on ptolemy.moml.MoMLSimpleApplication@43f0f5b1
----------------- Done invoking toplevel() on ptolemy.moml.MoMLSimpleApplication@43f0f5b1
reloadAllAccessors: .ScaleMatrix

===========================================================================================
----------------- testing Sun Sep 20 15:48:33 UTC 2020 /home/travis/build/icyphy/ptII/ptolemy/actor/lib/test/auto/Select.xml
----------------- Instantiating /home/travis/build/icyphy/ptII/ptolemy/actor/lib/test/auto/Select.xml
2 ms. Memory: 530432K Free: 465610K (88%)
----------------- Invoking toplevel() on ptolemy.moml.MoMLSimpleApplication@17441704
----------------- Done invoking toplevel() on ptolemy.moml.MoMLSimpleApplication@17441704
reloadAllAccessors: .Select

===========================================================================================
----------------- testing Sun Sep 20 15:48:33 UTC 2020 /home/travis/build/icyphy/ptII/ptolemy/actor/lib/test/auto/Select2.xml
----------------- Instantiating /home/travis/build/icyphy/ptII/ptolemy/actor/lib/test/auto/Select2.xml
5 ms. Memory: 530432K Free: 461034K (87%)
----------------- Invoking toplevel() on ptolemy.moml.MoMLSimpleApplication@69906e87
----------------- Done invoking toplevel() on ptolemy.moml.MoMLSimpleApplication@69906e87
reloadAllAccessors: .Select2

===========================================================================================
----------------- testing Sun Sep 20 15:48:33 UTC 2020 /home/travis/build/icyphy/ptII/ptolemy/actor/lib/test/auto/SequenceToArray2.xml
----------------- Instantiating /home/travis/build/icyphy/ptII/ptolemy/actor/lib/test/auto/SequenceToArray2.xml
102 ms. Memory: 530432K Free: 436954K (82%)
----------------- Invoking toplevel() on ptolemy.moml.MoMLSimpleApplication@7cf47f2f
----------------- Done invoking toplevel() on ptolemy.moml.MoMLSimpleApplication@7cf47f2f
reloadAllAccessors: .SequenceToArray2

===========================================================================================
----------------- testing Sun Sep 20 15:48:33 UTC 2020 /home/travis/build/icyphy/ptII/ptolemy/actor/lib/test/auto/SequentialClock.xml
----------------- Instantiating /home/travis/build/icyphy/ptII/ptolemy/actor/lib/test/auto/SequentialClock.xml
1 ms. Memory: 530432K Free: 432362K (82%)
----------------- Invoking toplevel() on ptolemy.moml.MoMLSimpleApplication@7caf7c0d
----------------- Done invoking toplevel() on ptolemy.moml.MoMLSimpleApplication@7caf7c0d
reloadAllAccessors: .SequentialClock

===========================================================================================
----------------- testing Sun Sep 20 15:48:33 UTC 2020 /home/travis/build/icyphy/ptII/ptolemy/actor/lib/test/auto/SetVariable.xml
----------------- Instantiating /home/travis/build/icyphy/ptII/ptolemy/actor/lib/test/auto/SetVariable.xml
3 ms. Memory: 530432K Free: 427752K (81%)
----------------- Invoking toplevel() on ptolemy.moml.MoMLSimpleApplication@751db517
----------------- Done invoking toplevel() on ptolemy.moml.MoMLSimpleApplication@751db517
reloadAllAccessors: .SetVariable

===========================================================================================
----------------- testing Sun Sep 20 15:48:33 UTC 2020 /home/travis/build/icyphy/ptII/ptolemy/actor/lib/test/auto/SetVariable2.xml
----------------- Instantiating /home/travis/build/icyphy/ptII/ptolemy/actor/lib/test/auto/SetVariable2.xml
9 ms. Memory: 530432K Free: 422632K (80%)
----------------- Invoking toplevel() on ptolemy.moml.MoMLSimpleApplication@4f1d51cf
----------------- Done invoking toplevel() on ptolemy.moml.MoMLSimpleApplication@4f1d51cf
reloadAllAccessors: .SetVariable2

===========================================================================================
----------------- testing Sun Sep 20 15:48:33 UTC 2020 /home/travis/build/icyphy/ptII/ptolemy/actor/lib/test/auto/SetVariable3.xml
----------------- Instantiating /home/travis/build/icyphy/ptII/ptolemy/actor/lib/test/auto/SetVariable3.xml
7 ms. Memory: 530432K Free: 417002K (79%)
----------------- Invoking toplevel() on ptolemy.moml.MoMLSimpleApplication@d15fd6d
----------------- Done invoking toplevel() on ptolemy.moml.MoMLSimpleApplication@d15fd6d
reloadAllAccessors: .SetVariable3

===========================================================================================
----------------- testing Sun Sep 20 15:48:33 UTC 2020 /home/travis/build/icyphy/ptII/ptolemy/actor/lib/test/auto/SetVariable4.xml
----------------- Instantiating /home/travis/build/icyphy/ptII/ptolemy/actor/lib/test/auto/SetVariable4.xml
15 ms. Memory: 530432K Free: 407786K (77%)
----------------- Invoking toplevel() on ptolemy.moml.MoMLSimpleApplication@2f0a4bd2
----------------- Done invoking toplevel() on ptolemy.moml.MoMLSimpleApplication@2f0a4bd2
reloadAllAccessors: .SetVariable4

===========================================================================================
----------------- testing Sun Sep 20 15:48:34 UTC 2020 /home/travis/build/icyphy/ptII/ptolemy/actor/lib/test/auto/SetVariable5.xml
----------------- Instantiating /home/travis/build/icyphy/ptII/ptolemy/actor/lib/test/auto/SetVariable5.xml
19 ms. Memory: 530432K Free: 398570K (75%)
----------------- Invoking toplevel() on ptolemy.moml.MoMLSimpleApplication@2b554d53
----------------- Done invoking toplevel() on ptolemy.moml.MoMLSimpleApplication@2b554d53
reloadAllAccessors: .SetVariable5

===========================================================================================
----------------- testing Sun Sep 20 15:48:34 UTC 2020 /home/travis/build/icyphy/ptII/ptolemy/actor/lib/test/auto/Sinewave.xml
----------------- Instantiating /home/travis/build/icyphy/ptII/ptolemy/actor/lib/test/auto/Sinewave.xml
5 ms. Memory: 530432K Free: 387816K (73%)
----------------- Invoking toplevel() on ptolemy.moml.MoMLSimpleApplication@4a3c9ba5
----------------- Done invoking toplevel() on ptolemy.moml.MoMLSimpleApplication@4a3c9ba5
reloadAllAccessors: .Sinewave

===========================================================================================
----------------- testing Sun Sep 20 15:48:34 UTC 2020 /home/travis/build/icyphy/ptII/ptolemy/actor/lib/test/auto/Sinewave2.xml
----------------- Instantiating /home/travis/build/icyphy/ptII/ptolemy/actor/lib/test/auto/Sinewave2.xml
8 ms. Memory: 530432K Free: 379624K (72%)
----------------- Invoking toplevel() on ptolemy.moml.MoMLSimpleApplication@16173844
----------------- Done invoking toplevel() on ptolemy.moml.MoMLSimpleApplication@16173844
reloadAllAccessors: .Sinewave2

===========================================================================================
----------------- testing Sun Sep 20 15:48:34 UTC 2020 /home/travis/build/icyphy/ptII/ptolemy/actor/lib/test/auto/Sinewave3.xml
----------------- Instantiating /home/travis/build/icyphy/ptII/ptolemy/actor/lib/test/auto/Sinewave3.xml
10 ms. Memory: 530432K Free: 371402K (70%)
----------------- Invoking toplevel() on ptolemy.moml.MoMLSimpleApplication@e6e41b1
----------------- Done invoking toplevel() on ptolemy.moml.MoMLSimpleApplication@e6e41b1
reloadAllAccessors: .Sinewave3

===========================================================================================
----------------- testing Sun Sep 20 15:48:34 UTC 2020 /home/travis/build/icyphy/ptII/ptolemy/actor/lib/test/auto/SingleEvent.xml
----------------- Instantiating /home/travis/build/icyphy/ptII/ptolemy/actor/lib/test/auto/SingleEvent.xml
1 ms. Memory: 530432K Free: 366826K (69%)
----------------- Invoking toplevel() on ptolemy.moml.MoMLSimpleApplication@4af418f1
----------------- Done invoking toplevel() on ptolemy.moml.MoMLSimpleApplication@4af418f1
reloadAllAccessors: .SingleEvent

===========================================================================================
----------------- testing Sun Sep 20 15:48:34 UTC 2020 /home/travis/build/icyphy/ptII/ptolemy/actor/lib/test/auto/Sleep.xml
----------------- Instantiating /home/travis/build/icyphy/ptII/ptolemy/actor/lib/test/auto/Sleep.xml
6003 ms. Memory: 530432K Free: 361192K (68%)
----------------- Invoking toplevel() on ptolemy.moml.MoMLSimpleApplication@1bb5683f
----------------- Done invoking toplevel() on ptolemy.moml.MoMLSimpleApplication@1bb5683f
reloadAllAccessors: .Sleep

===========================================================================================
----------------- testing Sun Sep 20 15:48:40 UTC 2020 /home/travis/build/icyphy/ptII/ptolemy/actor/lib/test/auto/SleepMultipleFire.xml
----------------- Instantiating /home/travis/build/icyphy/ptII/ptolemy/actor/lib/test/auto/SleepMultipleFire.xml
1009 ms. Memory: 530432K Free: 355562K (67%)
----------------- Invoking toplevel() on ptolemy.moml.MoMLSimpleApplication@1b503c42
----------------- Done invoking toplevel() on ptolemy.moml.MoMLSimpleApplication@1b503c42
reloadAllAccessors: .SleepMultipleFire

===========================================================================================
----------------- testing Sun Sep 20 15:48:41 UTC 2020 /home/travis/build/icyphy/ptII/ptolemy/actor/lib/test/auto/StopDE.xml
----------------- Instantiating /home/travis/build/icyphy/ptII/ptolemy/actor/lib/test/auto/StopDE.xml
2 ms. Memory: 530432K Free: 349418K (66%)
----------------- Invoking toplevel() on ptolemy.moml.MoMLSimpleApplication@7f2c9af2
----------------- Done invoking toplevel() on ptolemy.moml.MoMLSimpleApplication@7f2c9af2
reloadAllAccessors: .StopDE

===========================================================================================
----------------- testing Sun Sep 20 15:48:41 UTC 2020 /home/travis/build/icyphy/ptII/ptolemy/actor/lib/test/auto/StopSDF.xml
----------------- Instantiating /home/travis/build/icyphy/ptII/ptolemy/actor/lib/test/auto/StopSDF.xml
3 ms. Memory: 530432K Free: 344298K (65%)
----------------- Invoking toplevel() on ptolemy.moml.MoMLSimpleApplication@4bea3fde
----------------- Done invoking toplevel() on ptolemy.moml.MoMLSimpleApplication@4bea3fde
reloadAllAccessors: .StopSDF

===========================================================================================
----------------- testing Sun Sep 20 15:48:41 UTC 2020 /home/travis/build/icyphy/ptII/ptolemy/actor/lib/test/auto/StringConstant.xml
----------------- Instantiating /home/travis/build/icyphy/ptII/ptolemy/actor/lib/test/auto/StringConstant.xml
9 ms. Memory: 530432K Free: 340202K (64%)
----------------- Invoking toplevel() on ptolemy.moml.MoMLSimpleApplication@723b26ab
----------------- Done invoking toplevel() on ptolemy.moml.MoMLSimpleApplication@723b26ab
reloadAllAccessors: .StringConstant

===========================================================================================
----------------- testing Sun Sep 20 15:48:41 UTC 2020 /home/travis/build/icyphy/ptII/ptolemy/actor/lib/test/auto/SubscriberPortInitialValues1.xml
----------------- Instantiating /home/travis/build/icyphy/ptII/ptolemy/actor/lib/test/auto/SubscriberPortInitialValues1.xml
6 ms. Memory: 530432K Free: 330986K (62%)
----------------- Invoking toplevel() on ptolemy.moml.MoMLSimpleApplication@1309f7ce
----------------- Done invoking toplevel() on ptolemy.moml.MoMLSimpleApplication@1309f7ce
reloadAllAccessors: .SubscriberPortInitialValues1

===========================================================================================
----------------- testing Sun Sep 20 15:48:41 UTC 2020 /home/travis/build/icyphy/ptII/ptolemy/actor/lib/test/auto/SubscriberPortInitialValues13.xml
----------------- Instantiating /home/travis/build/icyphy/ptII/ptolemy/actor/lib/test/auto/SubscriberPortInitialValues13.xml
4 ms. Memory: 530432K Free: 318184K (60%)
----------------- Invoking toplevel() on ptolemy.moml.MoMLSimpleApplication@d470eee
----------------- Done invoking toplevel() on ptolemy.moml.MoMLSimpleApplication@d470eee
reloadAllAccessors: .SubscriberPortInitialValues13

===========================================================================================
----------------- testing Sun Sep 20 15:48:41 UTC 2020 /home/travis/build/icyphy/ptII/ptolemy/actor/lib/test/auto/SubscriberPortInitialValues14.xml
----------------- Instantiating /home/travis/build/icyphy/ptII/ptolemy/actor/lib/test/auto/SubscriberPortInitialValues14.xml
3 ms. Memory: 530432K Free: 310506K (59%)
----------------- Invoking toplevel() on ptolemy.moml.MoMLSimpleApplication@367f06cf
----------------- Done invoking toplevel() on ptolemy.moml.MoMLSimpleApplication@367f06cf
reloadAllAccessors: .SubscriberPortInitialValues14

===========================================================================================
----------------- testing Sun Sep 20 15:48:41 UTC 2020 /home/travis/build/icyphy/ptII/ptolemy/actor/lib/test/auto/SubscriberPortInitialValues2.xml
----------------- Instantiating /home/travis/build/icyphy/ptII/ptolemy/actor/lib/test/auto/SubscriberPortInitialValues2.xml
3 ms. Memory: 530432K Free: 302314K (57%)
----------------- Invoking toplevel() on ptolemy.moml.MoMLSimpleApplication@79f65238
----------------- Done invoking toplevel() on ptolemy.moml.MoMLSimpleApplication@79f65238
reloadAllAccessors: .SubscriberPortInitialValues2

===========================================================================================
----------------- testing Sun Sep 20 15:48:41 UTC 2020 /home/travis/build/icyphy/ptII/ptolemy/actor/lib/test/auto/SubscriberPortInitialValues3.xml
----------------- Instantiating /home/travis/build/icyphy/ptII/ptolemy/actor/lib/test/auto/SubscriberPortInitialValues3.xml
5 ms. Memory: 530432K Free: 291560K (55%)
----------------- Invoking toplevel() on ptolemy.moml.MoMLSimpleApplication@17196c41
----------------- Done invoking toplevel() on ptolemy.moml.MoMLSimpleApplication@17196c41
reloadAllAccessors: .SubscriberPortInitialValues3

===========================================================================================
----------------- testing Sun Sep 20 15:48:41 UTC 2020 /home/travis/build/icyphy/ptII/ptolemy/actor/lib/test/auto/SubscriptionAggregator.xml
----------------- Instantiating /home/travis/build/icyphy/ptII/ptolemy/actor/lib/test/auto/SubscriptionAggregator.xml
2 ms. Memory: 530432K Free: 284906K (54%)
----------------- Invoking toplevel() on ptolemy.moml.MoMLSimpleApplication@44f7fa14
----------------- Done invoking toplevel() on ptolemy.moml.MoMLSimpleApplication@44f7fa14
reloadAllAccessors: .SubscriptionAggregator

===========================================================================================
----------------- testing Sun Sep 20 15:48:41 UTC 2020 /home/travis/build/icyphy/ptII/ptolemy/actor/lib/test/auto/SubscriptionAggregator2.xml
----------------- Instantiating /home/travis/build/icyphy/ptII/ptolemy/actor/lib/test/auto/SubscriptionAggregator2.xml
3 ms. Memory: 530432K Free: 277738K (52%)
----------------- Invoking toplevel() on ptolemy.moml.MoMLSimpleApplication@2e210796
----------------- Done invoking toplevel() on ptolemy.moml.MoMLSimpleApplication@2e210796
reloadAllAccessors: .SubscriptionAggregator2

===========================================================================================
----------------- testing Sun Sep 20 15:48:41 UTC 2020 /home/travis/build/icyphy/ptII/ptolemy/actor/lib/test/auto/SubscriptionAggregator3.xml
----------------- Instantiating /home/travis/build/icyphy/ptII/ptolemy/actor/lib/test/auto/SubscriptionAggregator3.xml
4 ms. Memory: 530432K Free: 269032K (51%)
----------------- Invoking toplevel() on ptolemy.moml.MoMLSimpleApplication@25a8fda3
----------------- Done invoking toplevel() on ptolemy.moml.MoMLSimpleApplication@25a8fda3
reloadAllAccessors: .SubscriptionAggregator3

===========================================================================================
----------------- testing Sun Sep 20 15:48:41 UTC 2020 /home/travis/build/icyphy/ptII/ptolemy/actor/lib/test/auto/SubscriptionAggregatorMultiply.xml
----------------- Instantiating /home/travis/build/icyphy/ptII/ptolemy/actor/lib/test/auto/SubscriptionAggregatorMultiply.xml
2 ms. Memory: 530432K Free: 260330K (49%)
----------------- Invoking toplevel() on ptolemy.moml.MoMLSimpleApplication@1eba6ecb
----------------- Done invoking toplevel() on ptolemy.moml.MoMLSimpleApplication@1eba6ecb
reloadAllAccessors: .SubscriptionAggregatorMultiply

===========================================================================================
----------------- testing Sun Sep 20 15:48:41 UTC 2020 /home/travis/build/icyphy/ptII/ptolemy/actor/lib/test/auto/SubscriptionAggregatorPortMultiply1.xml
----------------- Instantiating /home/travis/build/icyphy/ptII/ptolemy/actor/lib/test/auto/SubscriptionAggregatorPortMultiply1.xml
3 ms. Memory: 530432K Free: 252138K (48%)
----------------- Invoking toplevel() on ptolemy.moml.MoMLSimpleApplication@5ef6a267
----------------- Done invoking toplevel() on ptolemy.moml.MoMLSimpleApplication@5ef6a267
reloadAllAccessors: .SubscriptionAggregatorPortMultiply1

===========================================================================================
----------------- testing Sun Sep 20 15:48:41 UTC 2020 /home/travis/build/icyphy/ptII/ptolemy/actor/lib/test/auto/Switch.xml
----------------- Instantiating /home/travis/build/icyphy/ptII/ptolemy/actor/lib/test/auto/Switch.xml
8 ms. Memory: 530432K Free: 243946K (46%)
----------------- Invoking toplevel() on ptolemy.moml.MoMLSimpleApplication@46d159e2
----------------- Done invoking toplevel() on ptolemy.moml.MoMLSimpleApplication@46d159e2
reloadAllAccessors: .Switch

===========================================================================================
----------------- testing Sun Sep 20 15:48:41 UTC 2020 /home/travis/build/icyphy/ptII/ptolemy/actor/lib/test/auto/Switch2.xml
----------------- Instantiating /home/travis/build/icyphy/ptII/ptolemy/actor/lib/test/auto/Switch2.xml
1 ms. Memory: 530432K Free: 238826K (45%)
----------------- Invoking toplevel() on ptolemy.moml.MoMLSimpleApplication@ec1bf4c
----------------- Done invoking toplevel() on ptolemy.moml.MoMLSimpleApplication@ec1bf4c
reloadAllAccessors: .Switch2

===========================================================================================
----------------- testing Sun Sep 20 15:48:41 UTC 2020 /home/travis/build/icyphy/ptII/ptolemy/actor/lib/test/auto/SwitchDE.xml
----------------- Instantiating /home/travis/build/icyphy/ptII/ptolemy/actor/lib/test/auto/SwitchDE.xml
4 ms. Memory: 530432K Free: 232682K (44%)
----------------- Invoking toplevel() on ptolemy.moml.MoMLSimpleApplication@182d02ea
----------------- Done invoking toplevel() on ptolemy.moml.MoMLSimpleApplication@182d02ea
reloadAllAccessors: .SwitchDE

===========================================================================================
----------------- testing Sun Sep 20 15:48:41 UTC 2020 /home/travis/build/icyphy/ptII/ptolemy/actor/lib/test/auto/SynchronizerDE.xml
----------------- Instantiating /home/travis/build/icyphy/ptII/ptolemy/actor/lib/test/auto/SynchronizerDE.xml
5 ms. Memory: 530432K Free: 224490K (42%)
----------------- Invoking toplevel() on ptolemy.moml.MoMLSimpleApplication@3ab1737b
----------------- Done invoking toplevel() on ptolemy.moml.MoMLSimpleApplication@3ab1737b
reloadAllAccessors: .SynchronizerDE

===========================================================================================
----------------- testing Sun Sep 20 15:48:41 UTC 2020 /home/travis/build/icyphy/ptII/ptolemy/actor/lib/test/auto/Test.xml
----------------- Instantiating /home/travis/build/icyphy/ptII/ptolemy/actor/lib/test/auto/Test.xml
2 ms. Memory: 530432K Free: 218826K (41%)
----------------- Invoking toplevel() on ptolemy.moml.MoMLSimpleApplication@28bffdd7
----------------- Done invoking toplevel() on ptolemy.moml.MoMLSimpleApplication@28bffdd7
reloadAllAccessors: .Test

===========================================================================================
----------------- testing Sun Sep 20 15:48:41 UTC 2020 /home/travis/build/icyphy/ptII/ptolemy/actor/lib/test/auto/TestExceptionAttribute1.xml
----------------- Instantiating /home/travis/build/icyphy/ptII/ptolemy/actor/lib/test/auto/TestExceptionAttribute1.xml
1 ms. Memory: 530432K Free: 215274K (41%)
----------------- Invoking toplevel() on ptolemy.moml.MoMLSimpleApplication@7a5240f1
----------------- Done invoking toplevel() on ptolemy.moml.MoMLSimpleApplication@7a5240f1
reloadAllAccessors: .TestExceptionAttribute1

===========================================================================================
----------------- testing Sun Sep 20 15:48:41 UTC 2020 /home/travis/build/icyphy/ptII/ptolemy/actor/lib/test/auto/TestExceptionAttribute2.xml
----------------- Instantiating /home/travis/build/icyphy/ptII/ptolemy/actor/lib/test/auto/TestExceptionAttribute2.xml
1 ms. Memory: 530432K Free: 211178K (40%)
----------------- Invoking toplevel() on ptolemy.moml.MoMLSimpleApplication@557d3a83
----------------- Done invoking toplevel() on ptolemy.moml.MoMLSimpleApplication@557d3a83
reloadAllAccessors: .TestExceptionAttribute2

===========================================================================================
----------------- testing Sun Sep 20 15:48:41 UTC 2020 /home/travis/build/icyphy/ptII/ptolemy/actor/lib/test/auto/TestExceptionAttribute3.xml
----------------- Instantiating /home/travis/build/icyphy/ptII/ptolemy/actor/lib/test/auto/TestExceptionAttribute3.xml
.TestExceptionAttribute3.TestExceptionAttribute: initialize() was not invoked, but wrapup() was.  This is unusual, but not always a problem.  For example, exporting JNLP will do this.
1 ms. Memory: 530432K Free: 207592K (39%)
----------------- Invoking toplevel() on ptolemy.moml.MoMLSimpleApplication@7409c4ea
----------------- Done invoking toplevel() on ptolemy.moml.MoMLSimpleApplication@7409c4ea
reloadAllAccessors: .TestExceptionAttribute3

===========================================================================================
----------------- testing Sun Sep 20 15:48:41 UTC 2020 /home/travis/build/icyphy/ptII/ptolemy/actor/lib/test/auto/TestExceptionAttribute4.xml
----------------- Instantiating /home/travis/build/icyphy/ptII/ptolemy/actor/lib/test/auto/TestExceptionAttribute4.xml
.TestExceptionAttribute4.TestExceptionAttribute: initialize() was not invoked, but wrapup() was.  This is unusual, but not always a problem.  For example, exporting JNLP will do this.
.TestExceptionAttribute4.TestExceptionAttribute2: initialize() was not invoked, but wrapup() was.  This is unusual, but not always a problem.  For example, exporting JNLP will do this.
0 ms. Memory: 530432K Free: 203496K (38%)
----------------- Invoking toplevel() on ptolemy.moml.MoMLSimpleApplication@7b9f674
----------------- Done invoking toplevel() on ptolemy.moml.MoMLSimpleApplication@7b9f674
reloadAllAccessors: .TestExceptionAttribute4

===========================================================================================
----------------- testing Sun Sep 20 15:48:41 UTC 2020 /home/travis/build/icyphy/ptII/ptolemy/actor/lib/test/auto/TestExceptionHandler1.xml
----------------- Instantiating /home/travis/build/icyphy/ptII/ptolemy/actor/lib/test/auto/TestExceptionHandler1.xml
1 ms. Memory: 530432K Free: 199400K (38%)
----------------- Invoking toplevel() on ptolemy.moml.MoMLSimpleApplication@39ce95c
----------------- Done invoking toplevel() on ptolemy.moml.MoMLSimpleApplication@39ce95c
reloadAllAccessors: .TestExceptionHandler1

===========================================================================================
----------------- testing Sun Sep 20 15:48:41 UTC 2020 /home/travis/build/icyphy/ptII/ptolemy/actor/lib/test/auto/TestExceptionHandler2.xml
----------------- Instantiating /home/travis/build/icyphy/ptII/ptolemy/actor/lib/test/auto/TestExceptionHandler2.xml
1 ms. Memory: 530432K Free: 195818K (37%)
----------------- Invoking toplevel() on ptolemy.moml.MoMLSimpleApplication@676bd444
----------------- Done invoking toplevel() on ptolemy.moml.MoMLSimpleApplication@676bd444
reloadAllAccessors: .TestExceptionHandler2

===========================================================================================
----------------- testing Sun Sep 20 15:48:41 UTC 2020 /home/travis/build/icyphy/ptII/ptolemy/actor/lib/test/auto/TestExceptionHandler3.xml
----------------- Instantiating /home/travis/build/icyphy/ptII/ptolemy/actor/lib/test/auto/TestExceptionHandler3.xml
1 ms. Memory: 530432K Free: 191722K (36%)
----------------- Invoking toplevel() on ptolemy.moml.MoMLSimpleApplication@73b3ab0c
----------------- Done invoking toplevel() on ptolemy.moml.MoMLSimpleApplication@73b3ab0c
reloadAllAccessors: .TestExceptionHandler3

===========================================================================================
----------------- testing Sun Sep 20 15:48:41 UTC 2020 /home/travis/build/icyphy/ptII/ptolemy/actor/lib/test/auto/TestExceptionHandler4.xml
----------------- Instantiating /home/travis/build/icyphy/ptII/ptolemy/actor/lib/test/auto/TestExceptionHandler4.xml
0 ms. Memory: 530432K Free: 187626K (35%)
----------------- Invoking toplevel() on ptolemy.moml.MoMLSimpleApplication@5deb7d9e
----------------- Done invoking toplevel() on ptolemy.moml.MoMLSimpleApplication@5deb7d9e
reloadAllAccessors: .TestExceptionHandler4

===========================================================================================
----------------- testing Sun Sep 20 15:48:41 UTC 2020 /home/travis/build/icyphy/ptII/ptolemy/actor/lib/test/auto/TestRequireCorrectOrder.xml
----------------- Instantiating /home/travis/build/icyphy/ptII/ptolemy/actor/lib/test/auto/TestRequireCorrectOrder.xml
5 ms. Memory: 530432K Free: 182506K (34%)
----------------- Invoking toplevel() on ptolemy.moml.MoMLSimpleApplication@211ec70a
----------------- Done invoking toplevel() on ptolemy.moml.MoMLSimpleApplication@211ec70a
reloadAllAccessors: .TestRequireCorrectOrder

===========================================================================================
----------------- testing Sun Sep 20 15:48:41 UTC 2020 /home/travis/build/icyphy/ptII/ptolemy/actor/lib/test/auto/TestSimple.xml
----------------- Instantiating /home/travis/build/icyphy/ptII/ptolemy/actor/lib/test/auto/TestSimple.xml
1 ms. Memory: 530432K Free: 177896K (34%)
----------------- Invoking toplevel() on ptolemy.moml.MoMLSimpleApplication@4f3d910a
----------------- Done invoking toplevel() on ptolemy.moml.MoMLSimpleApplication@4f3d910a
reloadAllAccessors: .TestSimple

===========================================================================================
----------------- testing Sun Sep 20 15:48:41 UTC 2020 /home/travis/build/icyphy/ptII/ptolemy/actor/lib/test/auto/ThrowModelError.xml
----------------- Instantiating /home/travis/build/icyphy/ptII/ptolemy/actor/lib/test/auto/ThrowModelError.xml
1 ms. Memory: 530432K Free: 173290K (33%)
----------------- Invoking toplevel() on ptolemy.moml.MoMLSimpleApplication@7f6d178a
----------------- Done invoking toplevel() on ptolemy.moml.MoMLSimpleApplication@7f6d178a
reloadAllAccessors: .ThrowModelError

===========================================================================================
----------------- testing Sun Sep 20 15:48:41 UTC 2020 /home/travis/build/icyphy/ptII/ptolemy/actor/lib/test/auto/TimeDelayMicrosteps.xml
----------------- Instantiating /home/travis/build/icyphy/ptII/ptolemy/actor/lib/test/auto/TimeDelayMicrosteps.xml
3 ms. Memory: 530432K Free: 473834K (89%)
----------------- Invoking toplevel() on ptolemy.moml.MoMLSimpleApplication@5a1fa741
----------------- Done invoking toplevel() on ptolemy.moml.MoMLSimpleApplication@5a1fa741
reloadAllAccessors: .TimeDelayMicrosteps

===========================================================================================
----------------- testing Sun Sep 20 15:48:41 UTC 2020 /home/travis/build/icyphy/ptII/ptolemy/actor/lib/test/auto/TimeDelayMicrosteps2.xml
----------------- Instantiating /home/travis/build/icyphy/ptII/ptolemy/actor/lib/test/auto/TimeDelayMicrosteps2.xml
3 ms. Memory: 530432K Free: 466666K (88%)
----------------- Invoking toplevel() on ptolemy.moml.MoMLSimpleApplication@4a06f899
----------------- Done invoking toplevel() on ptolemy.moml.MoMLSimpleApplication@4a06f899
reloadAllAccessors: .TimeDelayMicrosteps2

===========================================================================================
----------------- testing Sun Sep 20 15:48:41 UTC 2020 /home/travis/build/icyphy/ptII/ptolemy/actor/lib/test/auto/TimeDelayMicrosteps3.xml
----------------- Instantiating /home/travis/build/icyphy/ptII/ptolemy/actor/lib/test/auto/TimeDelayMicrosteps3.xml
3 ms. Memory: 530432K Free: 459994K (87%)
----------------- Invoking toplevel() on ptolemy.moml.MoMLSimpleApplication@45e7382e
----------------- Done invoking toplevel() on ptolemy.moml.MoMLSimpleApplication@45e7382e
reloadAllAccessors: .TimeDelayMicrosteps3

===========================================================================================
----------------- testing Sun Sep 20 15:48:41 UTC 2020 /home/travis/build/icyphy/ptII/ptolemy/actor/lib/test/auto/TimeDelayVariableMicrosteps.xml
----------------- Instantiating /home/travis/build/icyphy/ptII/ptolemy/actor/lib/test/auto/TimeDelayVariableMicrosteps.xml
3 ms. Memory: 530432K Free: 452840K (85%)
----------------- Invoking toplevel() on ptolemy.moml.MoMLSimpleApplication@75e80318
----------------- Done invoking toplevel() on ptolemy.moml.MoMLSimpleApplication@75e80318
reloadAllAccessors: .TimeDelayVariableMicrosteps

===========================================================================================
----------------- testing Sun Sep 20 15:48:41 UTC 2020 /home/travis/build/icyphy/ptII/ptolemy/actor/lib/test/auto/TimeGap.xml
----------------- Instantiating /home/travis/build/icyphy/ptII/ptolemy/actor/lib/test/auto/TimeGap.xml
3 ms. Memory: 530432K Free: 447714K (84%)
----------------- Invoking toplevel() on ptolemy.moml.MoMLSimpleApplication@e98bed2
----------------- Done invoking toplevel() on ptolemy.moml.MoMLSimpleApplication@e98bed2
reloadAllAccessors: .TimeGap

===========================================================================================
----------------- testing Sun Sep 20 15:48:41 UTC 2020 /home/travis/build/icyphy/ptII/ptolemy/actor/lib/test/auto/TimeGap2.xml
----------------- Instantiating /home/travis/build/icyphy/ptII/ptolemy/actor/lib/test/auto/TimeGap2.xml
2 ms. Memory: 530432K Free: 441546K (83%)
----------------- Invoking toplevel() on ptolemy.moml.MoMLSimpleApplication@537fffb4
----------------- Done invoking toplevel() on ptolemy.moml.MoMLSimpleApplication@537fffb4
reloadAllAccessors: .TimeGap2

===========================================================================================
----------------- testing Sun Sep 20 15:48:41 UTC 2020 /home/travis/build/icyphy/ptII/ptolemy/actor/lib/test/auto/TimedSinewave.xml
----------------- Instantiating /home/travis/build/icyphy/ptII/ptolemy/actor/lib/test/auto/TimedSinewave.xml
20 ms. Memory: 530432K Free: 427754K (81%)
----------------- Invoking toplevel() on ptolemy.moml.MoMLSimpleApplication@1081103f
----------------- Done invoking toplevel() on ptolemy.moml.MoMLSimpleApplication@1081103f
reloadAllAccessors: .TimedSinewave

===========================================================================================
----------------- testing Sun Sep 20 15:48:41 UTC 2020 /home/travis/build/icyphy/ptII/ptolemy/actor/lib/test/auto/TimedSinewavePhase.xml
----------------- Instantiating /home/travis/build/icyphy/ptII/ptolemy/actor/lib/test/auto/TimedSinewavePhase.xml
8 ms. Memory: 530432K Free: 417514K (79%)
----------------- Invoking toplevel() on ptolemy.moml.MoMLSimpleApplication@b1ff81d
----------------- Done invoking toplevel() on ptolemy.moml.MoMLSimpleApplication@b1ff81d
reloadAllAccessors: .TimedSinewavePhase

===========================================================================================
----------------- testing Sun Sep 20 15:48:41 UTC 2020 /home/travis/build/icyphy/ptII/ptolemy/actor/lib/test/auto/Timer.xml
----------------- Instantiating /home/travis/build/icyphy/ptII/ptolemy/actor/lib/test/auto/Timer.xml
3 ms. Memory: 530432K Free: 411850K (78%)
----------------- Invoking toplevel() on ptolemy.moml.MoMLSimpleApplication@4fea42b4
----------------- Done invoking toplevel() on ptolemy.moml.MoMLSimpleApplication@4fea42b4
reloadAllAccessors: .Timer

===========================================================================================
----------------- testing Sun Sep 20 15:48:41 UTC 2020 /home/travis/build/icyphy/ptII/ptolemy/actor/lib/test/auto/TriangularDistTestModel.xml
----------------- Instantiating /home/travis/build/icyphy/ptII/ptolemy/actor/lib/test/auto/TriangularDistTestModel.xml
2 ms. Memory: 530432K Free: 405722K (76%)
----------------- Invoking toplevel() on ptolemy.moml.MoMLSimpleApplication@6bb7f9
----------------- Done invoking toplevel() on ptolemy.moml.MoMLSimpleApplication@6bb7f9
reloadAllAccessors: .TriangularDistTestModel

===========================================================================================
----------------- testing Sun Sep 20 15:48:41 UTC 2020 /home/travis/build/icyphy/ptII/ptolemy/actor/lib/test/auto/TrigFunction.xml
----------------- Instantiating /home/travis/build/icyphy/ptII/ptolemy/actor/lib/test/auto/TrigFunction.xml
1 ms. Memory: 530432K Free: 401130K (76%)
----------------- Invoking toplevel() on ptolemy.moml.MoMLSimpleApplication@1d40554
----------------- Done invoking toplevel() on ptolemy.moml.MoMLSimpleApplication@1d40554
reloadAllAccessors: .TrigFunction

===========================================================================================
----------------- testing Sun Sep 20 15:48:41 UTC 2020 /home/travis/build/icyphy/ptII/ptolemy/actor/lib/test/auto/TrigFunctionDE.xml
----------------- Instantiating /home/travis/build/icyphy/ptII/ptolemy/actor/lib/test/auto/TrigFunctionDE.xml
9 ms. Memory: 530432K Free: 395490K (75%)
----------------- Invoking toplevel() on ptolemy.moml.MoMLSimpleApplication@699377e4
----------------- Done invoking toplevel() on ptolemy.moml.MoMLSimpleApplication@699377e4
reloadAllAccessors: .TrigFunctionDE

===========================================================================================
----------------- testing Sun Sep 20 15:48:41 UTC 2020 /home/travis/build/icyphy/ptII/ptolemy/actor/lib/test/auto/TrigFunctionInverse.xml
----------------- Instantiating /home/travis/build/icyphy/ptII/ptolemy/actor/lib/test/auto/TrigFunctionInverse.xml
1 ms. Memory: 530432K Free: 389866K (73%)
----------------- Invoking toplevel() on ptolemy.moml.MoMLSimpleApplication@67f85996
----------------- Done invoking toplevel() on ptolemy.moml.MoMLSimpleApplication@67f85996
reloadAllAccessors: .TrigFunctionInverse

===========================================================================================
----------------- testing Sun Sep 20 15:48:41 UTC 2020 /home/travis/build/icyphy/ptII/ptolemy/actor/lib/test/auto/TrigFunctionTan.xml
----------------- Instantiating /home/travis/build/icyphy/ptII/ptolemy/actor/lib/test/auto/TrigFunctionTan.xml
1 ms. Memory: 530432K Free: 385770K (73%)
----------------- Invoking toplevel() on ptolemy.moml.MoMLSimpleApplication@3624d70
----------------- Done invoking toplevel() on ptolemy.moml.MoMLSimpleApplication@3624d70
reloadAllAccessors: .TrigFunctionTan

===========================================================================================
----------------- testing Sun Sep 20 15:48:41 UTC 2020 /home/travis/build/icyphy/ptII/ptolemy/actor/lib/test/auto/TriggeredClock.xml
----------------- Instantiating /home/travis/build/icyphy/ptII/ptolemy/actor/lib/test/auto/TriggeredClock.xml
2 ms. Memory: 530432K Free: 380618K (72%)
----------------- Invoking toplevel() on ptolemy.moml.MoMLSimpleApplication@433e69f3
----------------- Done invoking toplevel() on ptolemy.moml.MoMLSimpleApplication@433e69f3
reloadAllAccessors: .TriggeredClock

===========================================================================================
----------------- testing Sun Sep 20 15:48:41 UTC 2020 /home/travis/build/icyphy/ptII/ptolemy/actor/lib/test/auto/URLDirectoryReader.xml
----------------- Instantiating /home/travis/build/icyphy/ptII/ptolemy/actor/lib/test/auto/URLDirectoryReader.xml
47 ms. Memory: 530432K Free: 371434K (70%)
----------------- Invoking toplevel() on ptolemy.moml.MoMLSimpleApplication@2fde7019
----------------- Done invoking toplevel() on ptolemy.moml.MoMLSimpleApplication@2fde7019
reloadAllAccessors: .URLDirectoryReader

===========================================================================================
----------------- testing Sun Sep 20 15:48:42 UTC 2020 /home/travis/build/icyphy/ptII/ptolemy/actor/lib/test/auto/URLDirectoryReader3.xml
----------------- Instantiating /home/travis/build/icyphy/ptII/ptolemy/actor/lib/test/auto/URLDirectoryReader3.xml
1392 ms. Memory: 530432K Free: 471962K (89%)
----------------- Invoking toplevel() on ptolemy.moml.MoMLSimpleApplication@70ae4d9a
----------------- Done invoking toplevel() on ptolemy.moml.MoMLSimpleApplication@70ae4d9a
reloadAllAccessors: .URLDirectoryReader3

===========================================================================================
----------------- testing Sun Sep 20 15:48:43 UTC 2020 /home/travis/build/icyphy/ptII/ptolemy/actor/lib/test/auto/UnaryMathFunction.xml
----------------- Instantiating /home/travis/build/icyphy/ptII/ptolemy/actor/lib/test/auto/UnaryMathFunction.xml
2 ms. Memory: 530432K Free: 463772K (87%)
----------------- Invoking toplevel() on ptolemy.moml.MoMLSimpleApplication@6a5d8643
----------------- Done invoking toplevel() on ptolemy.moml.MoMLSimpleApplication@6a5d8643
reloadAllAccessors: .UnaryMathFunction

===========================================================================================
----------------- testing Sun Sep 20 15:48:43 UTC 2020 /home/travis/build/icyphy/ptII/ptolemy/actor/lib/test/auto/Uniform.xml
----------------- Instantiating /home/travis/build/icyphy/ptII/ptolemy/actor/lib/test/auto/Uniform.xml
2 ms. Memory: 530432K Free: 459156K (87%)
----------------- Invoking toplevel() on ptolemy.moml.MoMLSimpleApplication@385805e8
----------------- Done invoking toplevel() on ptolemy.moml.MoMLSimpleApplication@385805e8
reloadAllAccessors: .Uniform

===========================================================================================
----------------- testing Sun Sep 20 15:48:43 UTC 2020 /home/travis/build/icyphy/ptII/ptolemy/actor/lib/test/auto/UnionDisassemblerTest.xml
----------------- Instantiating /home/travis/build/icyphy/ptII/ptolemy/actor/lib/test/auto/UnionDisassemblerTest.xml
20 ms. Memory: 530432K Free: 455052K (86%)
----------------- Invoking toplevel() on ptolemy.moml.MoMLSimpleApplication@6b799b82
----------------- Done invoking toplevel() on ptolemy.moml.MoMLSimpleApplication@6b799b82
reloadAllAccessors: .UnionDisassemblerTest

===========================================================================================
----------------- testing Sun Sep 20 15:48:43 UTC 2020 /home/travis/build/icyphy/ptII/ptolemy/actor/lib/test/auto/UtilityFunctions.xml
----------------- Instantiating /home/travis/build/icyphy/ptII/ptolemy/actor/lib/test/auto/UtilityFunctions.xml
1 ms. Memory: 530432K Free: 450970K (85%)
----------------- Invoking toplevel() on ptolemy.moml.MoMLSimpleApplication@2d570703
----------------- Done invoking toplevel() on ptolemy.moml.MoMLSimpleApplication@2d570703
reloadAllAccessors: .UtilityFunctions

===========================================================================================
----------------- testing Sun Sep 20 15:48:43 UTC 2020 /home/travis/build/icyphy/ptII/ptolemy/actor/lib/test/auto/VariableSleep.xml
----------------- Instantiating /home/travis/build/icyphy/ptII/ptolemy/actor/lib/test/auto/VariableSleep.xml
503 ms. Memory: 530432K Free: 445340K (84%)
----------------- Invoking toplevel() on ptolemy.moml.MoMLSimpleApplication@331f6f45
----------------- Done invoking toplevel() on ptolemy.moml.MoMLSimpleApplication@331f6f45
reloadAllAccessors: .VariableSleep

===========================================================================================
----------------- testing Sun Sep 20 15:48:44 UTC 2020 /home/travis/build/icyphy/ptII/ptolemy/actor/lib/test/auto/VectorAssemblerDisassemblerCT.xml
----------------- Instantiating /home/travis/build/icyphy/ptII/ptolemy/actor/lib/test/auto/VectorAssemblerDisassemblerCT.xml
65 ms. Memory: 530432K Free: 424860K (80%)
----------------- Invoking toplevel() on ptolemy.moml.MoMLSimpleApplication@2deac63b
----------------- Done invoking toplevel() on ptolemy.moml.MoMLSimpleApplication@2deac63b
reloadAllAccessors: .VectorAssemblerDisassemblerCT

===========================================================================================
----------------- testing Sun Sep 20 15:48:44 UTC 2020 /home/travis/build/icyphy/ptII/ptolemy/actor/lib/test/auto/VectorAssemblerDisassemblerDE.xml
----------------- Instantiating /home/travis/build/icyphy/ptII/ptolemy/actor/lib/test/auto/VectorAssemblerDisassemblerDE.xml
3 ms. Memory: 530432K Free: 417178K (79%)
----------------- Invoking toplevel() on ptolemy.moml.MoMLSimpleApplication@74f6b91a
----------------- Done invoking toplevel() on ptolemy.moml.MoMLSimpleApplication@74f6b91a
reloadAllAccessors: .VectorAssemblerDisassemblerDE

===========================================================================================
----------------- testing Sun Sep 20 15:48:44 UTC 2020 /home/travis/build/icyphy/ptII/ptolemy/actor/lib/test/auto/VectorAssemblerDisassemblerSDF.xml
----------------- Instantiating /home/travis/build/icyphy/ptII/ptolemy/actor/lib/test/auto/VectorAssemblerDisassemblerSDF.xml
2 ms. Memory: 530432K Free: 411034K (77%)
----------------- Invoking toplevel() on ptolemy.moml.MoMLSimpleApplication@1d7aad14
----------------- Done invoking toplevel() on ptolemy.moml.MoMLSimpleApplication@1d7aad14
reloadAllAccessors: .VectorAssemblerDisassemblerSDF

===========================================================================================
----------------- testing Sun Sep 20 15:48:44 UTC 2020 /home/travis/build/icyphy/ptII/ptolemy/actor/lib/test/auto/WallClockTime.xml
----------------- Instantiating /home/travis/build/icyphy/ptII/ptolemy/actor/lib/test/auto/WallClockTime.xml
1004 ms. Memory: 530432K Free: 405404K (76%)
----------------- Invoking toplevel() on ptolemy.moml.MoMLSimpleApplication@6d758651
----------------- Done invoking toplevel() on ptolemy.moml.MoMLSimpleApplication@6d758651
reloadAllAccessors: .WallClockTime

===========================================================================================
----------------- testing Sun Sep 20 15:48:45 UTC 2020 /home/travis/build/icyphy/ptII/ptolemy/actor/lib/test/auto/WidthTestWithSubscriberPublisher.xml
----------------- Instantiating /home/travis/build/icyphy/ptII/ptolemy/actor/lib/test/auto/WidthTestWithSubscriberPublisher.xml
7 ms. Memory: 530432K Free: 387996K (73%)
----------------- Invoking toplevel() on ptolemy.moml.MoMLSimpleApplication@3b44aac4
----------------- Done invoking toplevel() on ptolemy.moml.MoMLSimpleApplication@3b44aac4
reloadAllAccessors: .WidthTestWithSubscriberPublisher

===========================================================================================
----------------- testing Sun Sep 20 15:48:45 UTC 2020 /home/travis/build/icyphy/ptII/ptolemy/actor/lib/test/auto/WidthTestWithSubscriberPublisher2.xml
----------------- Instantiating /home/travis/build/icyphy/ptII/ptolemy/actor/lib/test/auto/WidthTestWithSubscriberPublisher2.xml
2 ms. Memory: 530432K Free: 381852K (72%)
----------------- Invoking toplevel() on ptolemy.moml.MoMLSimpleApplication@6def01cc
----------------- Done invoking toplevel() on ptolemy.moml.MoMLSimpleApplication@6def01cc
reloadAllAccessors: .WidthTestWithSubscriberPublisher2

===========================================================================================
----------------- testing Sun Sep 20 15:48:45 UTC 2020 /home/travis/build/icyphy/ptII/ptolemy/actor/lib/test/auto/WidthTestWithSubscriberPublisher3.xml
----------------- Instantiating /home/travis/build/icyphy/ptII/ptolemy/actor/lib/test/auto/WidthTestWithSubscriberPublisher3.xml
2 ms. Memory: 530432K Free: 375708K (71%)
----------------- Invoking toplevel() on ptolemy.moml.MoMLSimpleApplication@249ee40d
----------------- Done invoking toplevel() on ptolemy.moml.MoMLSimpleApplication@249ee40d
reloadAllAccessors: .WidthTestWithSubscriberPublisher3

===========================================================================================
----------------- testing Sun Sep 20 15:48:45 UTC 2020 /home/travis/build/icyphy/ptII/ptolemy/actor/lib/test/auto/Writer.xml
----------------- Instantiating /home/travis/build/icyphy/ptII/ptolemy/actor/lib/test/auto/Writer.xml
0
1
2
3
4
1 ms. Memory: 530432K Free: 371612K (70%)
----------------- Invoking toplevel() on ptolemy.moml.MoMLSimpleApplication@7861ea7c
----------------- Done invoking toplevel() on ptolemy.moml.MoMLSimpleApplication@7861ea7c
reloadAllAccessors: .Writer

===========================================================================================
----------------- testing Sun Sep 20 15:48:45 UTC 2020 /home/travis/build/icyphy/ptII/ptolemy/actor/lib/test/auto/array.xml
----------------- Instantiating /home/travis/build/icyphy/ptII/ptolemy/actor/lib/test/auto/array.xml
8 ms. Memory: 530432K Free: 365978K (69%)
----------------- Invoking toplevel() on ptolemy.moml.MoMLSimpleApplication@51ee051f
----------------- Done invoking toplevel() on ptolemy.moml.MoMLSimpleApplication@51ee051f
reloadAllAccessors: .array

===========================================================================================
----------------- testing Sun Sep 20 15:48:45 UTC 2020 /home/travis/build/icyphy/ptII/ptolemy/actor/lib/test/auto/array2.xml
----------------- Instantiating /home/travis/build/icyphy/ptII/ptolemy/actor/lib/test/auto/array2.xml
5 ms. Memory: 530432K Free: 360844K (68%)
----------------- Invoking toplevel() on ptolemy.moml.MoMLSimpleApplication@3b2fc208
----------------- Done invoking toplevel() on ptolemy.moml.MoMLSimpleApplication@3b2fc208
reloadAllAccessors: .array2

===========================================================================================
----------------- testing Sun Sep 20 15:48:45 UTC 2020 /home/travis/build/icyphy/ptII/ptolemy/actor/lib/test/auto/arrayType.xml
----------------- Instantiating /home/travis/build/icyphy/ptII/ptolemy/actor/lib/test/auto/arrayType.xml
2 ms. Memory: 530432K Free: 355724K (67%)
----------------- Invoking toplevel() on ptolemy.moml.MoMLSimpleApplication@198964ae
----------------- Done invoking toplevel() on ptolemy.moml.MoMLSimpleApplication@198964ae
reloadAllAccessors: .arrayType

===========================================================================================
----------------- testing Sun Sep 20 15:48:45 UTC 2020 /home/travis/build/icyphy/ptII/ptolemy/actor/lib/test/auto/arrayType10.xml
----------------- Instantiating /home/travis/build/icyphy/ptII/ptolemy/actor/lib/test/auto/arrayType10.xml
2 ms. Memory: 530432K Free: 350618K (66%)
----------------- Invoking toplevel() on ptolemy.moml.MoMLSimpleApplication@3ab4ca7e
----------------- Done invoking toplevel() on ptolemy.moml.MoMLSimpleApplication@3ab4ca7e
reloadAllAccessors: .arrayType10

===========================================================================================
----------------- testing Sun Sep 20 15:48:45 UTC 2020 /home/travis/build/icyphy/ptII/ptolemy/actor/lib/test/auto/arrayType11.xml
----------------- Instantiating /home/travis/build/icyphy/ptII/ptolemy/actor/lib/test/auto/arrayType11.xml
1 ms. Memory: 530432K Free: 346012K (65%)
----------------- Invoking toplevel() on ptolemy.moml.MoMLSimpleApplication@620951e3
----------------- Done invoking toplevel() on ptolemy.moml.MoMLSimpleApplication@620951e3
reloadAllAccessors: .arrayType11

===========================================================================================
----------------- testing Sun Sep 20 15:48:45 UTC 2020 /home/travis/build/icyphy/ptII/ptolemy/actor/lib/test/auto/arrayType12.xml
----------------- Instantiating /home/travis/build/icyphy/ptII/ptolemy/actor/lib/test/auto/arrayType12.xml
1 ms. Memory: 530432K Free: 341402K (64%)
----------------- Invoking toplevel() on ptolemy.moml.MoMLSimpleApplication@135b287c
----------------- Done invoking toplevel() on ptolemy.moml.MoMLSimpleApplication@135b287c
reloadAllAccessors: .arrayType12

===========================================================================================
----------------- testing Sun Sep 20 15:48:45 UTC 2020 /home/travis/build/icyphy/ptII/ptolemy/actor/lib/test/auto/arrayType13.xml
----------------- Instantiating /home/travis/build/icyphy/ptII/ptolemy/actor/lib/test/auto/arrayType13.xml
3 ms. Memory: 530432K Free: 335772K (63%)
----------------- Invoking toplevel() on ptolemy.moml.MoMLSimpleApplication@5b0c0b8f
----------------- Done invoking toplevel() on ptolemy.moml.MoMLSimpleApplication@5b0c0b8f
reloadAllAccessors: .arrayType13

===========================================================================================
----------------- testing Sun Sep 20 15:48:45 UTC 2020 /home/travis/build/icyphy/ptII/ptolemy/actor/lib/test/auto/arrayType14.xml
----------------- Instantiating /home/travis/build/icyphy/ptII/ptolemy/actor/lib/test/auto/arrayType14.xml
1 ms. Memory: 530432K Free: 330652K (62%)
----------------- Invoking toplevel() on ptolemy.moml.MoMLSimpleApplication@48418c83
----------------- Done invoking toplevel() on ptolemy.moml.MoMLSimpleApplication@48418c83
reloadAllAccessors: .arrayType14

===========================================================================================
----------------- testing Sun Sep 20 15:48:45 UTC 2020 /home/travis/build/icyphy/ptII/ptolemy/actor/lib/test/auto/arrayType15.xml
----------------- Instantiating /home/travis/build/icyphy/ptII/ptolemy/actor/lib/test/auto/arrayType15.xml
3 ms. Memory: 530432K Free: 325532K (61%)
----------------- Invoking toplevel() on ptolemy.moml.MoMLSimpleApplication@55ee69e2
----------------- Done invoking toplevel() on ptolemy.moml.MoMLSimpleApplication@55ee69e2
reloadAllAccessors: .arrayType15

===========================================================================================
----------------- testing Sun Sep 20 15:48:45 UTC 2020 /home/travis/build/icyphy/ptII/ptolemy/actor/lib/test/auto/arrayType16.xml
----------------- Instantiating /home/travis/build/icyphy/ptII/ptolemy/actor/lib/test/auto/arrayType16.xml
1 ms. Memory: 530432K Free: 319898K (60%)
----------------- Invoking toplevel() on ptolemy.moml.MoMLSimpleApplication@3f293464
----------------- Done invoking toplevel() on ptolemy.moml.MoMLSimpleApplication@3f293464
reloadAllAccessors: .arrayType16

===========================================================================================
----------------- testing Sun Sep 20 15:48:45 UTC 2020 /home/travis/build/icyphy/ptII/ptolemy/actor/lib/test/auto/arrayType17.xml
----------------- Instantiating /home/travis/build/icyphy/ptII/ptolemy/actor/lib/test/auto/arrayType17.xml
1 ms. Memory: 530432K Free: 314778K (59%)
----------------- Invoking toplevel() on ptolemy.moml.MoMLSimpleApplication@7f3fe95b
----------------- Done invoking toplevel() on ptolemy.moml.MoMLSimpleApplication@7f3fe95b
reloadAllAccessors: .arrayType17

===========================================================================================
----------------- testing Sun Sep 20 15:48:45 UTC 2020 /home/travis/build/icyphy/ptII/ptolemy/actor/lib/test/auto/arrayType18.xml
----------------- Instantiating /home/travis/build/icyphy/ptII/ptolemy/actor/lib/test/auto/arrayType18.xml
1 ms. Memory: 530432K Free: 310172K (58%)
----------------- Invoking toplevel() on ptolemy.moml.MoMLSimpleApplication@e743ece
----------------- Done invoking toplevel() on ptolemy.moml.MoMLSimpleApplication@e743ece
reloadAllAccessors: .arrayType18

===========================================================================================
----------------- testing Sun Sep 20 15:48:45 UTC 2020 /home/travis/build/icyphy/ptII/ptolemy/actor/lib/test/auto/arrayType19.xml
----------------- Instantiating /home/travis/build/icyphy/ptII/ptolemy/actor/lib/test/auto/arrayType19.xml
1 ms. Memory: 530432K Free: 305052K (58%)
----------------- Invoking toplevel() on ptolemy.moml.MoMLSimpleApplication@b97e76f
----------------- Done invoking toplevel() on ptolemy.moml.MoMLSimpleApplication@b97e76f
reloadAllAccessors: .arrayType19

===========================================================================================
----------------- testing Sun Sep 20 15:48:45 UTC 2020 /home/travis/build/icyphy/ptII/ptolemy/actor/lib/test/auto/arrayType2.xml
----------------- Instantiating /home/travis/build/icyphy/ptII/ptolemy/actor/lib/test/auto/arrayType2.xml
1 ms. Memory: 530432K Free: 299932K (57%)
----------------- Invoking toplevel() on ptolemy.moml.MoMLSimpleApplication@16cbd5f9
----------------- Done invoking toplevel() on ptolemy.moml.MoMLSimpleApplication@16cbd5f9
reloadAllAccessors: .arrayType2

===========================================================================================
----------------- testing Sun Sep 20 15:48:45 UTC 2020 /home/travis/build/icyphy/ptII/ptolemy/actor/lib/test/auto/arrayType20.xml
----------------- Instantiating /home/travis/build/icyphy/ptII/ptolemy/actor/lib/test/auto/arrayType20.xml
1 ms. Memory: 530432K Free: 294812K (56%)
----------------- Invoking toplevel() on ptolemy.moml.MoMLSimpleApplication@5dc52e14
----------------- Done invoking toplevel() on ptolemy.moml.MoMLSimpleApplication@5dc52e14
reloadAllAccessors: .arrayType20

===========================================================================================
----------------- testing Sun Sep 20 15:48:45 UTC 2020 /home/travis/build/icyphy/ptII/ptolemy/actor/lib/test/auto/arrayType21.xml
----------------- Instantiating /home/travis/build/icyphy/ptII/ptolemy/actor/lib/test/auto/arrayType21.xml
1 ms. Memory: 530432K Free: 290202K (55%)
----------------- Invoking toplevel() on ptolemy.moml.MoMLSimpleApplication@6c82849
----------------- Done invoking toplevel() on ptolemy.moml.MoMLSimpleApplication@6c82849
reloadAllAccessors: .arrayType21

===========================================================================================
----------------- testing Sun Sep 20 15:48:45 UTC 2020 /home/travis/build/icyphy/ptII/ptolemy/actor/lib/test/auto/arrayType22.xml
----------------- Instantiating /home/travis/build/icyphy/ptII/ptolemy/actor/lib/test/auto/arrayType22.xml
1 ms. Memory: 530432K Free: 285596K (54%)
----------------- Invoking toplevel() on ptolemy.moml.MoMLSimpleApplication@7465afd4
----------------- Done invoking toplevel() on ptolemy.moml.MoMLSimpleApplication@7465afd4
reloadAllAccessors: .arrayType22

===========================================================================================
----------------- testing Sun Sep 20 15:48:45 UTC 2020 /home/travis/build/icyphy/ptII/ptolemy/actor/lib/test/auto/arrayType23.xml
----------------- Instantiating /home/travis/build/icyphy/ptII/ptolemy/actor/lib/test/auto/arrayType23.xml
2 ms. Memory: 530432K Free: 280476K (53%)
----------------- Invoking toplevel() on ptolemy.moml.MoMLSimpleApplication@1c09b265
----------------- Done invoking toplevel() on ptolemy.moml.MoMLSimpleApplication@1c09b265
reloadAllAccessors: .arrayType23

===========================================================================================
----------------- testing Sun Sep 20 15:48:45 UTC 2020 /home/travis/build/icyphy/ptII/ptolemy/actor/lib/test/auto/arrayType24.xml
----------------- Instantiating /home/travis/build/icyphy/ptII/ptolemy/actor/lib/test/auto/arrayType24.xml
1 ms. Memory: 530432K Free: 275866K (52%)
----------------- Invoking toplevel() on ptolemy.moml.MoMLSimpleApplication@1c258a3a
----------------- Done invoking toplevel() on ptolemy.moml.MoMLSimpleApplication@1c258a3a
reloadAllAccessors: .arrayType24

===========================================================================================
----------------- testing Sun Sep 20 15:48:45 UTC 2020 /home/travis/build/icyphy/ptII/ptolemy/actor/lib/test/auto/arrayType25.xml
----------------- Instantiating /home/travis/build/icyphy/ptII/ptolemy/actor/lib/test/auto/arrayType25.xml
2 ms. Memory: 530432K Free: 270236K (51%)
----------------- Invoking toplevel() on ptolemy.moml.MoMLSimpleApplication@5173efa0
----------------- Done invoking toplevel() on ptolemy.moml.MoMLSimpleApplication@5173efa0
reloadAllAccessors: .arrayType25

===========================================================================================
----------------- testing Sun Sep 20 15:48:45 UTC 2020 /home/travis/build/icyphy/ptII/ptolemy/actor/lib/test/auto/arrayType26.xml
----------------- Instantiating /home/travis/build/icyphy/ptII/ptolemy/actor/lib/test/auto/arrayType26.xml
1 ms. Memory: 530432K Free: 265116K (50%)
----------------- Invoking toplevel() on ptolemy.moml.MoMLSimpleApplication@2af67aa4
----------------- Done invoking toplevel() on ptolemy.moml.MoMLSimpleApplication@2af67aa4
reloadAllAccessors: .arrayType26

===========================================================================================
----------------- testing Sun Sep 20 15:48:45 UTC 2020 /home/travis/build/icyphy/ptII/ptolemy/actor/lib/test/auto/arrayType27.xml
----------------- Instantiating /home/travis/build/icyphy/ptII/ptolemy/actor/lib/test/auto/arrayType27.xml
1 ms. Memory: 530432K Free: 259996K (49%)
----------------- Invoking toplevel() on ptolemy.moml.MoMLSimpleApplication@7c84706c
----------------- Done invoking toplevel() on ptolemy.moml.MoMLSimpleApplication@7c84706c
reloadAllAccessors: .arrayType27

===========================================================================================
----------------- testing Sun Sep 20 15:48:45 UTC 2020 /home/travis/build/icyphy/ptII/ptolemy/actor/lib/test/auto/arrayType28.xml
----------------- Instantiating /home/travis/build/icyphy/ptII/ptolemy/actor/lib/test/auto/arrayType28.xml
1 ms. Memory: 530432K Free: 254362K (48%)
----------------- Invoking toplevel() on ptolemy.moml.MoMLSimpleApplication@5abdcc62
----------------- Done invoking toplevel() on ptolemy.moml.MoMLSimpleApplication@5abdcc62
reloadAllAccessors: .arrayType28

===========================================================================================
----------------- testing Sun Sep 20 15:48:46 UTC 2020 /home/travis/build/icyphy/ptII/ptolemy/actor/lib/test/auto/arrayType3.xml
----------------- Instantiating /home/travis/build/icyphy/ptII/ptolemy/actor/lib/test/auto/arrayType3.xml
1 ms. Memory: 530432K Free: 249242K (47%)
----------------- Invoking toplevel() on ptolemy.moml.MoMLSimpleApplication@31571198
----------------- Done invoking toplevel() on ptolemy.moml.MoMLSimpleApplication@31571198
reloadAllAccessors: .arrayType3

===========================================================================================
----------------- testing Sun Sep 20 15:48:46 UTC 2020 /home/travis/build/icyphy/ptII/ptolemy/actor/lib/test/auto/arrayType4.xml
----------------- Instantiating /home/travis/build/icyphy/ptII/ptolemy/actor/lib/test/auto/arrayType4.xml
1 ms. Memory: 530432K Free: 243612K (46%)
----------------- Invoking toplevel() on ptolemy.moml.MoMLSimpleApplication@3df5956e
----------------- Done invoking toplevel() on ptolemy.moml.MoMLSimpleApplication@3df5956e
reloadAllAccessors: .arrayType4

===========================================================================================
----------------- testing Sun Sep 20 15:48:46 UTC 2020 /home/travis/build/icyphy/ptII/ptolemy/actor/lib/test/auto/arrayType5.xml
----------------- Instantiating /home/travis/build/icyphy/ptII/ptolemy/actor/lib/test/auto/arrayType5.xml
2 ms. Memory: 530432K Free: 238492K (45%)
----------------- Invoking toplevel() on ptolemy.moml.MoMLSimpleApplication@323b4b86
----------------- Done invoking toplevel() on ptolemy.moml.MoMLSimpleApplication@323b4b86
reloadAllAccessors: .arrayType5

===========================================================================================
----------------- testing Sun Sep 20 15:48:46 UTC 2020 /home/travis/build/icyphy/ptII/ptolemy/actor/lib/test/auto/arrayType6.xml
----------------- Instantiating /home/travis/build/icyphy/ptII/ptolemy/actor/lib/test/auto/arrayType6.xml
2 ms. Memory: 530432K Free: 233882K (44%)
----------------- Invoking toplevel() on ptolemy.moml.MoMLSimpleApplication@40b178ae
----------------- Done invoking toplevel() on ptolemy.moml.MoMLSimpleApplication@40b178ae
reloadAllAccessors: .arrayType6

===========================================================================================
----------------- testing Sun Sep 20 15:48:46 UTC 2020 /home/travis/build/icyphy/ptII/ptolemy/actor/lib/test/auto/arrayType7.xml
----------------- Instantiating /home/travis/build/icyphy/ptII/ptolemy/actor/lib/test/auto/arrayType7.xml
1 ms. Memory: 530432K Free: 228762K (43%)
----------------- Invoking toplevel() on ptolemy.moml.MoMLSimpleApplication@6becc5ef
----------------- Done invoking toplevel() on ptolemy.moml.MoMLSimpleApplication@6becc5ef
reloadAllAccessors: .arrayType7

===========================================================================================
----------------- testing Sun Sep 20 15:48:46 UTC 2020 /home/travis/build/icyphy/ptII/ptolemy/actor/lib/test/auto/arrayType8.xml
----------------- Instantiating /home/travis/build/icyphy/ptII/ptolemy/actor/lib/test/auto/arrayType8.xml
6 ms. Memory: 530432K Free: 224156K (42%)
----------------- Invoking toplevel() on ptolemy.moml.MoMLSimpleApplication@629ed7af
----------------- Done invoking toplevel() on ptolemy.moml.MoMLSimpleApplication@629ed7af
reloadAllAccessors: .arrayType8

===========================================================================================
----------------- testing Sun Sep 20 15:48:46 UTC 2020 /home/travis/build/icyphy/ptII/ptolemy/actor/lib/test/auto/arrayType9.xml
----------------- Instantiating /home/travis/build/icyphy/ptII/ptolemy/actor/lib/test/auto/arrayType9.xml
1 ms. Memory: 530432K Free: 219036K (41%)
----------------- Invoking toplevel() on ptolemy.moml.MoMLSimpleApplication@57b87405
----------------- Done invoking toplevel() on ptolemy.moml.MoMLSimpleApplication@57b87405
reloadAllAccessors: .arrayType9

===========================================================================================
----------------- testing Sun Sep 20 15:48:46 UTC 2020 /home/travis/build/icyphy/ptII/ptolemy/actor/lib/test/auto/cast.xml
----------------- Instantiating /home/travis/build/icyphy/ptII/ptolemy/actor/lib/test/auto/cast.xml
2 ms. Memory: 530432K Free: 214426K (40%)
----------------- Invoking toplevel() on ptolemy.moml.MoMLSimpleApplication@77afd059
----------------- Done invoking toplevel() on ptolemy.moml.MoMLSimpleApplication@77afd059
reloadAllAccessors: .cast

===========================================================================================
----------------- testing Sun Sep 20 15:48:46 UTC 2020 /home/travis/build/icyphy/ptII/ptolemy/actor/lib/test/auto/compositeMultiPort.xml
----------------- Instantiating /home/travis/build/icyphy/ptII/ptolemy/actor/lib/test/auto/compositeMultiPort.xml
3 ms. Memory: 530432K Free: 205196K (39%)
----------------- Invoking toplevel() on ptolemy.moml.MoMLSimpleApplication@30f4434b
----------------- Done invoking toplevel() on ptolemy.moml.MoMLSimpleApplication@30f4434b
reloadAllAccessors: .compositeMultiPort

===========================================================================================
----------------- testing Sun Sep 20 15:48:46 UTC 2020 /home/travis/build/icyphy/ptII/ptolemy/actor/lib/test/auto/expressionCastInference.xml
----------------- Instantiating /home/travis/build/icyphy/ptII/ptolemy/actor/lib/test/auto/expressionCastInference.xml
2 ms. Memory: 530432K Free: 200604K (38%)
----------------- Invoking toplevel() on ptolemy.moml.MoMLSimpleApplication@47f8bb8b
----------------- Done invoking toplevel() on ptolemy.moml.MoMLSimpleApplication@47f8bb8b
reloadAllAccessors: .expressionCastInference

===========================================================================================
----------------- testing Sun Sep 20 15:48:46 UTC 2020 /home/travis/build/icyphy/ptII/ptolemy/actor/lib/test/auto/expressionCastInference2.xml
----------------- Instantiating /home/travis/build/icyphy/ptII/ptolemy/actor/lib/test/auto/expressionCastInference2.xml
1 ms. Memory: 530432K Free: 195994K (37%)
----------------- Invoking toplevel() on ptolemy.moml.MoMLSimpleApplication@66eec84
----------------- Done invoking toplevel() on ptolemy.moml.MoMLSimpleApplication@66eec84
reloadAllAccessors: .expressionCastInference2

===========================================================================================
----------------- testing Sun Sep 20 15:48:46 UTC 2020 /home/travis/build/icyphy/ptII/ptolemy/actor/lib/test/auto/expressionInference.xml
----------------- Instantiating /home/travis/build/icyphy/ptII/ptolemy/actor/lib/test/auto/expressionInference.xml
1 ms. Memory: 530432K Free: 191388K (36%)
----------------- Invoking toplevel() on ptolemy.moml.MoMLSimpleApplication@6f8930d7
----------------- Done invoking toplevel() on ptolemy.moml.MoMLSimpleApplication@6f8930d7
reloadAllAccessors: .expressionInference

===========================================================================================
----------------- testing Sun Sep 20 15:48:46 UTC 2020 /home/travis/build/icyphy/ptII/ptolemy/actor/lib/test/auto/expression_bug.xml
----------------- Instantiating /home/travis/build/icyphy/ptII/ptolemy/actor/lib/test/auto/expression_bug.xml
1 ms. Memory: 530432K Free: 187292K (35%)
----------------- Invoking toplevel() on ptolemy.moml.MoMLSimpleApplication@9f40e86
----------------- Done invoking toplevel() on ptolemy.moml.MoMLSimpleApplication@9f40e86
reloadAllAccessors: .expression_bug

===========================================================================================
----------------- testing Sun Sep 20 15:48:46 UTC 2020 /home/travis/build/icyphy/ptII/ptolemy/actor/lib/test/auto/factorial.xml
----------------- Instantiating /home/travis/build/icyphy/ptII/ptolemy/actor/lib/test/auto/factorial.xml
25 ms. Memory: 530432K Free: 178586K (34%)
----------------- Invoking toplevel() on ptolemy.moml.MoMLSimpleApplication@75c222f8
----------------- Done invoking toplevel() on ptolemy.moml.MoMLSimpleApplication@75c222f8
reloadAllAccessors: .factorial

===========================================================================================
----------------- testing Sun Sep 20 15:48:46 UTC 2020 /home/travis/build/icyphy/ptII/ptolemy/actor/lib/test/auto/filterTest1.xml
----------------- Instantiating /home/travis/build/icyphy/ptII/ptolemy/actor/lib/test/auto/filterTest1.xml
2 ms. Memory: 530432K Free: 172956K (33%)
----------------- Invoking toplevel() on ptolemy.moml.MoMLSimpleApplication@6af8efbb
----------------- Done invoking toplevel() on ptolemy.moml.MoMLSimpleApplication@6af8efbb
reloadAllAccessors: .filterTest1

===========================================================================================
----------------- testing Sun Sep 20 15:48:46 UTC 2020 /home/travis/build/icyphy/ptII/ptolemy/actor/lib/test/auto/funcApplyInConst.xml
----------------- Instantiating /home/travis/build/icyphy/ptII/ptolemy/actor/lib/test/auto/funcApplyInConst.xml
1 ms. Memory: 530432K Free: 168860K (32%)
----------------- Invoking toplevel() on ptolemy.moml.MoMLSimpleApplication@7f9755dd
----------------- Done invoking toplevel() on ptolemy.moml.MoMLSimpleApplication@7f9755dd
reloadAllAccessors: .funcApplyInConst

===========================================================================================
----------------- testing Sun Sep 20 15:48:46 UTC 2020 /home/travis/build/icyphy/ptII/ptolemy/actor/lib/test/auto/funcApplyInExpr.xml
----------------- Instantiating /home/travis/build/icyphy/ptII/ptolemy/actor/lib/test/auto/funcApplyInExpr.xml
2 ms. Memory: 530432K Free: 165274K (31%)
----------------- Invoking toplevel() on ptolemy.moml.MoMLSimpleApplication@716f1cd3
----------------- Done invoking toplevel() on ptolemy.moml.MoMLSimpleApplication@716f1cd3
reloadAllAccessors: .funcApplyInExpr

===========================================================================================
----------------- testing Sun Sep 20 15:48:46 UTC 2020 /home/travis/build/icyphy/ptII/ptolemy/actor/lib/test/auto/function.xml
----------------- Instantiating /home/travis/build/icyphy/ptII/ptolemy/actor/lib/test/auto/function.xml
2 ms. Memory: 530432K Free: 472062K (89%)
----------------- Invoking toplevel() on ptolemy.moml.MoMLSimpleApplication@48d47e56
----------------- Done invoking toplevel() on ptolemy.moml.MoMLSimpleApplication@48d47e56
reloadAllAccessors: .function

===========================================================================================
----------------- testing Sun Sep 20 15:48:46 UTC 2020 /home/travis/build/icyphy/ptII/ptolemy/actor/lib/test/auto/function2.xml
----------------- Instantiating /home/travis/build/icyphy/ptII/ptolemy/actor/lib/test/auto/function2.xml
2 ms. Memory: 530432K Free: 467456K (88%)
----------------- Invoking toplevel() on ptolemy.moml.MoMLSimpleApplication@211ec6d2
----------------- Done invoking toplevel() on ptolemy.moml.MoMLSimpleApplication@211ec6d2
reloadAllAccessors: .function2

===========================================================================================
----------------- testing Sun Sep 20 15:48:46 UTC 2020 /home/travis/build/icyphy/ptII/ptolemy/actor/lib/test/auto/function3.xml
----------------- Instantiating /home/travis/build/icyphy/ptII/ptolemy/actor/lib/test/auto/function3.xml
2 ms. Memory: 530432K Free: 463870K (87%)
----------------- Invoking toplevel() on ptolemy.moml.MoMLSimpleApplication@210d3013
----------------- Done invoking toplevel() on ptolemy.moml.MoMLSimpleApplication@210d3013
reloadAllAccessors: .function3

===========================================================================================
----------------- testing Sun Sep 20 15:48:46 UTC 2020 /home/travis/build/icyphy/ptII/ptolemy/actor/lib/test/auto/functionClosureTest1.xml
----------------- Instantiating /home/travis/build/icyphy/ptII/ptolemy/actor/lib/test/auto/functionClosureTest1.xml
3 ms. Memory: 530432K Free: 457711K (86%)
----------------- Invoking toplevel() on ptolemy.moml.MoMLSimpleApplication@7c0214e6
----------------- Done invoking toplevel() on ptolemy.moml.MoMLSimpleApplication@7c0214e6
reloadAllAccessors: .functionClosureTest1

===========================================================================================
----------------- testing Sun Sep 20 15:48:46 UTC 2020 /home/travis/build/icyphy/ptII/ptolemy/actor/lib/test/auto/functionClosureTest2.xml
----------------- Instantiating /home/travis/build/icyphy/ptII/ptolemy/actor/lib/test/auto/functionClosureTest2.xml
2 ms. Memory: 530432K Free: 454144K (86%)
----------------- Invoking toplevel() on ptolemy.moml.MoMLSimpleApplication@55f78d68
----------------- Done invoking toplevel() on ptolemy.moml.MoMLSimpleApplication@55f78d68
reloadAllAccessors: .functionClosureTest2

===========================================================================================
----------------- testing Sun Sep 20 15:48:46 UTC 2020 /home/travis/build/icyphy/ptII/ptolemy/actor/lib/test/auto/functionClosureTest3.xml
----------------- Instantiating /home/travis/build/icyphy/ptII/ptolemy/actor/lib/test/auto/functionClosureTest3.xml
1 ms. Memory: 530432K Free: 448495K (85%)
----------------- Invoking toplevel() on ptolemy.moml.MoMLSimpleApplication@76b3d416
----------------- Done invoking toplevel() on ptolemy.moml.MoMLSimpleApplication@76b3d416
reloadAllAccessors: .functionClosureTest3

===========================================================================================
----------------- testing Sun Sep 20 15:48:46 UTC 2020 /home/travis/build/icyphy/ptII/ptolemy/actor/lib/test/auto/functionClosureTest4.xml
----------------- Instantiating /home/travis/build/icyphy/ptII/ptolemy/actor/lib/test/auto/functionClosureTest4.xml
4 ms. Memory: 530432K Free: 442366K (83%)
----------------- Invoking toplevel() on ptolemy.moml.MoMLSimpleApplication@6eef2311
----------------- Done invoking toplevel() on ptolemy.moml.MoMLSimpleApplication@6eef2311
reloadAllAccessors: .functionClosureTest4

===========================================================================================
----------------- testing Sun Sep 20 15:48:46 UTC 2020 /home/travis/build/icyphy/ptII/ptolemy/actor/lib/test/auto/functionClosureTest5.xml
----------------- Instantiating /home/travis/build/icyphy/ptII/ptolemy/actor/lib/test/auto/functionClosureTest5.xml
4 ms. Memory: 530432K Free: 436736K (82%)
----------------- Invoking toplevel() on ptolemy.moml.MoMLSimpleApplication@b0cb51f
----------------- Done invoking toplevel() on ptolemy.moml.MoMLSimpleApplication@b0cb51f
reloadAllAccessors: .functionClosureTest5

===========================================================================================
----------------- testing Sun Sep 20 15:48:46 UTC 2020 /home/travis/build/icyphy/ptII/ptolemy/actor/lib/test/auto/functionClosureTest6.xml
----------------- Instantiating /home/travis/build/icyphy/ptII/ptolemy/actor/lib/test/auto/functionClosureTest6.xml
2 ms. Memory: 530432K Free: 432126K (81%)
----------------- Invoking toplevel() on ptolemy.moml.MoMLSimpleApplication@2d450e06
----------------- Done invoking toplevel() on ptolemy.moml.MoMLSimpleApplication@2d450e06
reloadAllAccessors: .functionClosureTest6

===========================================================================================
----------------- testing Sun Sep 20 15:48:46 UTC 2020 /home/travis/build/icyphy/ptII/ptolemy/actor/lib/test/auto/functionsOnArcs.xml
----------------- Instantiating /home/travis/build/icyphy/ptII/ptolemy/actor/lib/test/auto/functionsOnArcs.xml
1 ms. Memory: 530432K Free: 426496K (80%)
----------------- Invoking toplevel() on ptolemy.moml.MoMLSimpleApplication@aba2881
----------------- Done invoking toplevel() on ptolemy.moml.MoMLSimpleApplication@aba2881
reloadAllAccessors: .functionsOnArcs

===========================================================================================
----------------- testing Sun Sep 20 15:48:46 UTC 2020 /home/travis/build/icyphy/ptII/ptolemy/actor/lib/test/auto/functionsOnArcsHOF.xml
----------------- Instantiating /home/travis/build/icyphy/ptII/ptolemy/actor/lib/test/auto/functionsOnArcsHOF.xml
3 ms. Memory: 530432K Free: 420862K (79%)
----------------- Invoking toplevel() on ptolemy.moml.MoMLSimpleApplication@56a32260
----------------- Done invoking toplevel() on ptolemy.moml.MoMLSimpleApplication@56a32260
reloadAllAccessors: .functionsOnArcsHOF

===========================================================================================
----------------- testing Sun Sep 20 15:48:46 UTC 2020 /home/travis/build/icyphy/ptII/ptolemy/actor/lib/test/auto/logic.xml
----------------- Instantiating /home/travis/build/icyphy/ptII/ptolemy/actor/lib/test/auto/logic.xml
2 ms. Memory: 530432K Free: 413184K (78%)
----------------- Invoking toplevel() on ptolemy.moml.MoMLSimpleApplication@2ecd9ab0
----------------- Done invoking toplevel() on ptolemy.moml.MoMLSimpleApplication@2ecd9ab0
reloadAllAccessors: .logic

===========================================================================================
----------------- testing Sun Sep 20 15:48:46 UTC 2020 /home/travis/build/icyphy/ptII/ptolemy/actor/lib/test/auto/matrixType.xml
----------------- Instantiating /home/travis/build/icyphy/ptII/ptolemy/actor/lib/test/auto/matrixType.xml
1 ms. Memory: 530432K Free: 408574K (77%)
----------------- Invoking toplevel() on ptolemy.moml.MoMLSimpleApplication@79df7efc
----------------- Done invoking toplevel() on ptolemy.moml.MoMLSimpleApplication@79df7efc
reloadAllAccessors: .matrixType

===========================================================================================
----------------- testing Sun Sep 20 15:48:46 UTC 2020 /home/travis/build/icyphy/ptII/ptolemy/actor/lib/test/auto/matrixType10.xml
----------------- Instantiating /home/travis/build/icyphy/ptII/ptolemy/actor/lib/test/auto/matrixType10.xml
1 ms. Memory: 530432K Free: 403454K (76%)
----------------- Invoking toplevel() on ptolemy.moml.MoMLSimpleApplication@316234ac
----------------- Done invoking toplevel() on ptolemy.moml.MoMLSimpleApplication@316234ac
reloadAllAccessors: .matrixType10

===========================================================================================
----------------- testing Sun Sep 20 15:48:46 UTC 2020 /home/travis/build/icyphy/ptII/ptolemy/actor/lib/test/auto/matrixType11.xml
----------------- Instantiating /home/travis/build/icyphy/ptII/ptolemy/actor/lib/test/auto/matrixType11.xml
1 ms. Memory: 530432K Free: 398848K (75%)
----------------- Invoking toplevel() on ptolemy.moml.MoMLSimpleApplication@21f47c59
----------------- Done invoking toplevel() on ptolemy.moml.MoMLSimpleApplication@21f47c59
reloadAllAccessors: .matrixType11

===========================================================================================
----------------- testing Sun Sep 20 15:48:46 UTC 2020 /home/travis/build/icyphy/ptII/ptolemy/actor/lib/test/auto/matrixType12.xml
----------------- Instantiating /home/travis/build/icyphy/ptII/ptolemy/actor/lib/test/auto/matrixType12.xml
1 ms. Memory: 530432K Free: 393728K (74%)
----------------- Invoking toplevel() on ptolemy.moml.MoMLSimpleApplication@6c2c7939
----------------- Done invoking toplevel() on ptolemy.moml.MoMLSimpleApplication@6c2c7939
reloadAllAccessors: .matrixType12

===========================================================================================
----------------- testing Sun Sep 20 15:48:46 UTC 2020 /home/travis/build/icyphy/ptII/ptolemy/actor/lib/test/auto/matrixType13.xml
----------------- Instantiating /home/travis/build/icyphy/ptII/ptolemy/actor/lib/test/auto/matrixType13.xml
1 ms. Memory: 530432K Free: 389118K (73%)
----------------- Invoking toplevel() on ptolemy.moml.MoMLSimpleApplication@4d83cdcb
----------------- Done invoking toplevel() on ptolemy.moml.MoMLSimpleApplication@4d83cdcb
reloadAllAccessors: .matrixType13

===========================================================================================
----------------- testing Sun Sep 20 15:48:46 UTC 2020 /home/travis/build/icyphy/ptII/ptolemy/actor/lib/test/auto/matrixType14.xml
----------------- Instantiating /home/travis/build/icyphy/ptII/ptolemy/actor/lib/test/auto/matrixType14.xml
2 ms. Memory: 530432K Free: 383998K (72%)
----------------- Invoking toplevel() on ptolemy.moml.MoMLSimpleApplication@7c4cc82e
----------------- Done invoking toplevel() on ptolemy.moml.MoMLSimpleApplication@7c4cc82e
reloadAllAccessors: .matrixType14

===========================================================================================
----------------- testing Sun Sep 20 15:48:46 UTC 2020 /home/travis/build/icyphy/ptII/ptolemy/actor/lib/test/auto/matrixType2.xml
----------------- Instantiating /home/travis/build/icyphy/ptII/ptolemy/actor/lib/test/auto/matrixType2.xml
1 ms. Memory: 530432K Free: 379392K (72%)
----------------- Invoking toplevel() on ptolemy.moml.MoMLSimpleApplication@7f988f80
----------------- Done invoking toplevel() on ptolemy.moml.MoMLSimpleApplication@7f988f80
reloadAllAccessors: .matrixType2

===========================================================================================
----------------- testing Sun Sep 20 15:48:46 UTC 2020 /home/travis/build/icyphy/ptII/ptolemy/actor/lib/test/auto/matrixType3.xml
----------------- Instantiating /home/travis/build/icyphy/ptII/ptolemy/actor/lib/test/auto/matrixType3.xml
3 ms. Memory: 530432K Free: 374272K (71%)
----------------- Invoking toplevel() on ptolemy.moml.MoMLSimpleApplication@1c58cbf3
----------------- Done invoking toplevel() on ptolemy.moml.MoMLSimpleApplication@1c58cbf3
reloadAllAccessors: .matrixType3

===========================================================================================
----------------- testing Sun Sep 20 15:48:46 UTC 2020 /home/travis/build/icyphy/ptII/ptolemy/actor/lib/test/auto/matrixType4.xml
----------------- Instantiating /home/travis/build/icyphy/ptII/ptolemy/actor/lib/test/auto/matrixType4.xml
1 ms. Memory: 530432K Free: 369662K (70%)
----------------- Invoking toplevel() on ptolemy.moml.MoMLSimpleApplication@719a7117
----------------- Done invoking toplevel() on ptolemy.moml.MoMLSimpleApplication@719a7117
reloadAllAccessors: .matrixType4

===========================================================================================
----------------- testing Sun Sep 20 15:48:46 UTC 2020 /home/travis/build/icyphy/ptII/ptolemy/actor/lib/test/auto/matrixType5.xml
----------------- Instantiating /home/travis/build/icyphy/ptII/ptolemy/actor/lib/test/auto/matrixType5.xml
1 ms. Memory: 530432K Free: 364542K (69%)
----------------- Invoking toplevel() on ptolemy.moml.MoMLSimpleApplication@2eaa957c
----------------- Done invoking toplevel() on ptolemy.moml.MoMLSimpleApplication@2eaa957c
reloadAllAccessors: .matrixType5

===========================================================================================
----------------- testing Sun Sep 20 15:48:46 UTC 2020 /home/travis/build/icyphy/ptII/ptolemy/actor/lib/test/auto/matrixType6.xml
----------------- Instantiating /home/travis/build/icyphy/ptII/ptolemy/actor/lib/test/auto/matrixType6.xml
2 ms. Memory: 530432K Free: 359936K (68%)
----------------- Invoking toplevel() on ptolemy.moml.MoMLSimpleApplication@2a54da83
----------------- Done invoking toplevel() on ptolemy.moml.MoMLSimpleApplication@2a54da83
reloadAllAccessors: .matrixType6

===========================================================================================
----------------- testing Sun Sep 20 15:48:46 UTC 2020 /home/travis/build/icyphy/ptII/ptolemy/actor/lib/test/auto/matrixType7.xml
----------------- Instantiating /home/travis/build/icyphy/ptII/ptolemy/actor/lib/test/auto/matrixType7.xml
2 ms. Memory: 530432K Free: 354816K (67%)
----------------- Invoking toplevel() on ptolemy.moml.MoMLSimpleApplication@72e78f27
----------------- Done invoking toplevel() on ptolemy.moml.MoMLSimpleApplication@72e78f27
reloadAllAccessors: .matrixType7

===========================================================================================
----------------- testing Sun Sep 20 15:48:46 UTC 2020 /home/travis/build/icyphy/ptII/ptolemy/actor/lib/test/auto/matrixType8.xml
----------------- Instantiating /home/travis/build/icyphy/ptII/ptolemy/actor/lib/test/auto/matrixType8.xml
1 ms. Memory: 530432K Free: 350206K (66%)
----------------- Invoking toplevel() on ptolemy.moml.MoMLSimpleApplication@1a79fde1
----------------- Done invoking toplevel() on ptolemy.moml.MoMLSimpleApplication@1a79fde1
reloadAllAccessors: .matrixType8

===========================================================================================
----------------- testing Sun Sep 20 15:48:46 UTC 2020 /home/travis/build/icyphy/ptII/ptolemy/actor/lib/test/auto/matrixType9.xml
----------------- Instantiating /home/travis/build/icyphy/ptII/ptolemy/actor/lib/test/auto/matrixType9.xml
1 ms. Memory: 530432K Free: 345086K (65%)
----------------- Invoking toplevel() on ptolemy.moml.MoMLSimpleApplication@5bf02c34
----------------- Done invoking toplevel() on ptolemy.moml.MoMLSimpleApplication@5bf02c34
reloadAllAccessors: .matrixType9

===========================================================================================
----------------- testing Sun Sep 20 15:48:46 UTC 2020 /home/travis/build/icyphy/ptII/ptolemy/actor/lib/test/auto/paraFunctest.xml
----------------- Instantiating /home/travis/build/icyphy/ptII/ptolemy/actor/lib/test/auto/paraFunctest.xml
1 ms. Memory: 530432K Free: 340990K (64%)
----------------- Invoking toplevel() on ptolemy.moml.MoMLSimpleApplication@6e29d599
----------------- Done invoking toplevel() on ptolemy.moml.MoMLSimpleApplication@6e29d599
reloadAllAccessors: .paraFunctest

===========================================================================================
----------------- testing Sun Sep 20 15:48:46 UTC 2020 /home/travis/build/icyphy/ptII/ptolemy/actor/lib/test/auto/paraFunctest2.xml
----------------- Instantiating /home/travis/build/icyphy/ptII/ptolemy/actor/lib/test/auto/paraFunctest2.xml
1 ms. Memory: 530432K Free: 336894K (64%)
----------------- Invoking toplevel() on ptolemy.moml.MoMLSimpleApplication@18391cbc
----------------- Done invoking toplevel() on ptolemy.moml.MoMLSimpleApplication@18391cbc
reloadAllAccessors: .paraFunctest2

===========================================================================================
----------------- testing Sun Sep 20 15:48:46 UTC 2020 /home/travis/build/icyphy/ptII/ptolemy/actor/lib/test/auto/parameterPassing.xml
----------------- Instantiating /home/travis/build/icyphy/ptII/ptolemy/actor/lib/test/auto/parameterPassing.xml
1 ms. Memory: 530432K Free: 332288K (63%)
----------------- Invoking toplevel() on ptolemy.moml.MoMLSimpleApplication@66fc217d
----------------- Done invoking toplevel() on ptolemy.moml.MoMLSimpleApplication@66fc217d
reloadAllAccessors: .parameterPassing

===========================================================================================
----------------- testing Sun Sep 20 15:48:46 UTC 2020 /home/travis/build/icyphy/ptII/ptolemy/actor/lib/test/auto/record.xml
----------------- Instantiating /home/travis/build/icyphy/ptII/ptolemy/actor/lib/test/auto/record.xml
2 ms. Memory: 530432K Free: 327678K (62%)
----------------- Invoking toplevel() on ptolemy.moml.MoMLSimpleApplication@4791c8b
----------------- Done invoking toplevel() on ptolemy.moml.MoMLSimpleApplication@4791c8b
reloadAllAccessors: .record

===========================================================================================
----------------- testing Sun Sep 20 15:48:46 UTC 2020 /home/travis/build/icyphy/ptII/ptolemy/actor/lib/test/auto/sizedarray1.xml
----------------- Instantiating /home/travis/build/icyphy/ptII/ptolemy/actor/lib/test/auto/sizedarray1.xml
1 ms. Memory: 530432K Free: 322048K (61%)
----------------- Invoking toplevel() on ptolemy.moml.MoMLSimpleApplication@3f110f7b
----------------- Done invoking toplevel() on ptolemy.moml.MoMLSimpleApplication@3f110f7b
reloadAllAccessors: .sizedarray1

===========================================================================================
----------------- testing Sun Sep 20 15:48:46 UTC 2020 /home/travis/build/icyphy/ptII/ptolemy/actor/lib/test/auto/sizedarray2.xml
----------------- Instantiating /home/travis/build/icyphy/ptII/ptolemy/actor/lib/test/auto/sizedarray2.xml
3 ms. Memory: 530432K Free: 316928K (60%)
----------------- Invoking toplevel() on ptolemy.moml.MoMLSimpleApplication@7ad7ba22
----------------- Done invoking toplevel() on ptolemy.moml.MoMLSimpleApplication@7ad7ba22
reloadAllAccessors: .sizedarray2

===========================================================================================
----------------- testing Sun Sep 20 15:48:46 UTC 2020 /home/travis/build/icyphy/ptII/ptolemy/actor/lib/test/auto/twoPublishers.xml
----------------- Instantiating /home/travis/build/icyphy/ptII/ptolemy/actor/lib/test/auto/twoPublishers.xml
5 ms. Memory: 530432K Free: 305664K (58%)
----------------- Invoking toplevel() on ptolemy.moml.MoMLSimpleApplication@3e37ca2a
----------------- Done invoking toplevel() on ptolemy.moml.MoMLSimpleApplication@3e37ca2a
reloadAllAccessors: .twoPublishers
AutoTests.java: About to close Vertx.
AutoTests.java: Vertx closed.
]]></system-out>
  <system-err><![CDATA[java.lang.RuntimeException: Execution failed
	at ptolemy.moml.MoMLSimpleApplication$UnloadThread.run(MoMLSimpleApplication.java:402)
Caused by: java.lang.RuntimeException: StringUtilities.exit() was called. Normally, we would exit here because Manager.exitAfterWrapup() was called.  However, because the ptolemy.ptII.exitAfterWrapup property is set, we throw this exception instead.
	at ptolemy.util.StringUtilities.exit(StringUtilities.java:365)
	at ptolemy.actor.Manager.wrapup(Manager.java:1549)
	at ptolemy.actor.Manager.execute(Manager.java:407)
	at ptolemy.actor.Manager.run(Manager.java:1263)
	at ptolemy.actor.Manager$PtolemyRunThread.run(Manager.java:1933)
Warning: '.top.test' is in training mode, set the trainingMode parameter to false before checking in
Warning: '.top.test' is in training mode, set the trainingMode parameter to false before checking in
Warning: '.top.test' is in training mode, set the trainingMode parameter to false before checking in
Warning: '.BooleanSwitch_RegressionTest_WrongTrainingValues.Test' is in training mode, set the trainingMode parameter to false before checking in
Warning: '.BooleanSwitch_RegressionTest_WrongTrainingValues.Test2' is in training mode, set the trainingMode parameter to false before checking in
Warning: '.BooleanSwitch_RegressionTest_WrongTrainingValues.Test2' The test produced 0 tokens.
Warning: '.top.testExceptionHandler' is in training mode, set the trainingMode parameter to false before checking in
java.lang.RuntimeException: Execution failed
	at ptolemy.moml.MoMLSimpleApplication$UnloadThread.run(MoMLSimpleApplication.java:402)
Caused by: ptolemy.kernel.util.IllegalActionException: PublisherPorts cannot be used at the top level, use a Publisher actor instead.
  in .PublisherPortToplevelSubscriber.PublisherPort
	at ptolemy.actor.PublisherPort.preinitialize(PublisherPort.java:403)
	at ptolemy.actor.CompositeActor.preinitialize(CompositeActor.java:1769)
	at ptolemy.actor.Manager.preinitializeAndResolveTypes(Manager.java:1040)
	at ptolemy.actor.Manager.initialize(Manager.java:710)
	at ptolemy.actor.Manager.execute(Manager.java:356)
	at ptolemy.actor.Manager.run(Manager.java:1263)
	at ptolemy.actor.Manager$PtolemyRunThread.run(Manager.java:1933)
java.lang.reflect.InvocationTargetException
	at java.base/jdk.internal.reflect.NativeConstructorAccessorImpl.newInstance0(Native Method)
	at java.base/jdk.internal.reflect.NativeConstructorAccessorImpl.newInstance(NativeConstructorAccessorImpl.java:62)
	at java.base/jdk.internal.reflect.DelegatingConstructorAccessorImpl.newInstance(DelegatingConstructorAccessorImpl.java:45)
	at java.base/java.lang.reflect.Constructor.newInstance(Constructor.java:490)
	at ptolemy.util.test.junit.AutoKnownFailedTests.RunModel(AutoKnownFailedTests.java:105)
	at java.base/jdk.internal.reflect.NativeMethodAccessorImpl.invoke0(Native Method)
	at java.base/jdk.internal.reflect.NativeMethodAccessorImpl.invoke(NativeMethodAccessorImpl.java:62)
	at java.base/jdk.internal.reflect.DelegatingMethodAccessorImpl.invoke(DelegatingMethodAccessorImpl.java:43)
	at java.base/java.lang.reflect.Method.invoke(Method.java:566)
	at org.junit.runners.model.FrameworkMethod$1.runReflectiveCall(FrameworkMethod.java:44)
	at org.junit.internal.runners.model.ReflectiveCallable.run(ReflectiveCallable.java:15)
	at org.junit.runners.model.FrameworkMethod.invokeExplosively(FrameworkMethod.java:41)
	at junitparams.internal.InvokeParameterisedMethod.evaluate(InvokeParameterisedMethod.java:102)
	at org.junit.internal.runners.statements.FailOnTimeout$1.run(FailOnTimeout.java:28)
Caused by: ptolemy.kernel.util.IllegalActionException: PublisherPorts cannot be used at the top level, use a Publisher actor instead.
  in .PublisherPortToplevelSubscriber.PublisherPort
	at ptolemy.actor.PublisherPort.preinitialize(PublisherPort.java:403)
	at ptolemy.actor.CompositeActor.preinitialize(CompositeActor.java:1769)
	at ptolemy.actor.Manager.preinitializeAndResolveTypes(Manager.java:1040)
	at ptolemy.actor.Manager.initialize(Manager.java:710)
	at ptolemy.actor.Manager.execute(Manager.java:356)
	at ptolemy.actor.Manager.run(Manager.java:1263)
	at ptolemy.actor.Manager$PtolemyRunThread.run(Manager.java:1933)
java.lang.RuntimeException: Execution failed
	at ptolemy.moml.MoMLSimpleApplication$UnloadThread.run(MoMLSimpleApplication.java:402)
Caused by: ptolemy.kernel.util.IllegalActionException: SubscriberPorts cannot be used at the top level, use a Subscriber actor instead.
  in .PublisherSubscriberPortToplevel.SubscriberPort
	at ptolemy.actor.SubscriberPort.preinitialize(SubscriberPort.java:328)
	at ptolemy.actor.CompositeActor.preinitialize(CompositeActor.java:1769)
	at ptolemy.actor.Manager.preinitializeAndResolveTypes(Manager.java:1040)
	at ptolemy.actor.Manager.initialize(Manager.java:710)
	at ptolemy.actor.Manager.execute(Manager.java:356)
	at ptolemy.actor.Manager.run(Manager.java:1263)
	at ptolemy.actor.Manager$PtolemyRunThread.run(Manager.java:1933)
java.lang.reflect.InvocationTargetException
	at java.base/jdk.internal.reflect.NativeConstructorAccessorImpl.newInstance0(Native Method)
	at java.base/jdk.internal.reflect.NativeConstructorAccessorImpl.newInstance(NativeConstructorAccessorImpl.java:62)
	at java.base/jdk.internal.reflect.DelegatingConstructorAccessorImpl.newInstance(DelegatingConstructorAccessorImpl.java:45)
	at java.base/java.lang.reflect.Constructor.newInstance(Constructor.java:490)
	at ptolemy.util.test.junit.AutoKnownFailedTests.RunModel(AutoKnownFailedTests.java:105)
	at java.base/jdk.internal.reflect.NativeMethodAccessorImpl.invoke0(Native Method)
	at java.base/jdk.internal.reflect.NativeMethodAccessorImpl.invoke(NativeMethodAccessorImpl.java:62)
	at java.base/jdk.internal.reflect.DelegatingMethodAccessorImpl.invoke(DelegatingMethodAccessorImpl.java:43)
	at java.base/java.lang.reflect.Method.invoke(Method.java:566)
	at org.junit.runners.model.FrameworkMethod$1.runReflectiveCall(FrameworkMethod.java:44)
	at org.junit.internal.runners.model.ReflectiveCallable.run(ReflectiveCallable.java:15)
	at org.junit.runners.model.FrameworkMethod.invokeExplosively(FrameworkMethod.java:41)
	at junitparams.internal.InvokeParameterisedMethod.evaluate(InvokeParameterisedMethod.java:102)
	at org.junit.internal.runners.statements.FailOnTimeout$1.run(FailOnTimeout.java:28)
Caused by: ptolemy.kernel.util.IllegalActionException: SubscriberPorts cannot be used at the top level, use a Subscriber actor instead.
  in .PublisherSubscriberPortToplevel.SubscriberPort
	at ptolemy.actor.SubscriberPort.preinitialize(SubscriberPort.java:328)
	at ptolemy.actor.CompositeActor.preinitialize(CompositeActor.java:1769)
	at ptolemy.actor.Manager.preinitializeAndResolveTypes(Manager.java:1040)
	at ptolemy.actor.Manager.initialize(Manager.java:710)
	at ptolemy.actor.Manager.execute(Manager.java:356)
	at ptolemy.actor.Manager.run(Manager.java:1263)
	at ptolemy.actor.Manager$PtolemyRunThread.run(Manager.java:1933)
java.lang.RuntimeException: Execution failed
	at ptolemy.moml.MoMLSimpleApplication$UnloadThread.run(MoMLSimpleApplication.java:402)
Caused by: ptolemy.kernel.util.IllegalActionException: SubscriptionAggregatorPorts cannot be used at the top level, use a SubscriptionAggregator actor instead.
  in .PublisherSubscriptionAggregatorPort.SubscriptionAggregatorPort
	at ptolemy.actor.SubscriptionAggregatorPort.preinitialize(SubscriptionAggregatorPort.java:353)
	at ptolemy.actor.CompositeActor.preinitialize(CompositeActor.java:1769)
	at ptolemy.actor.Manager.preinitializeAndResolveTypes(Manager.java:1040)
	at ptolemy.actor.Manager.initialize(Manager.java:710)
	at ptolemy.actor.Manager.execute(Manager.java:356)
	at ptolemy.actor.Manager.run(Manager.java:1263)
	at ptolemy.actor.Manager$PtolemyRunThread.run(Manager.java:1933)
java.lang.reflect.InvocationTargetException
	at java.base/jdk.internal.reflect.NativeConstructorAccessorImpl.newInstance0(Native Method)
	at java.base/jdk.internal.reflect.NativeConstructorAccessorImpl.newInstance(NativeConstructorAccessorImpl.java:62)
	at java.base/jdk.internal.reflect.DelegatingConstructorAccessorImpl.newInstance(DelegatingConstructorAccessorImpl.java:45)
	at java.base/java.lang.reflect.Constructor.newInstance(Constructor.java:490)
	at ptolemy.util.test.junit.AutoKnownFailedTests.RunModel(AutoKnownFailedTests.java:105)
	at java.base/jdk.internal.reflect.NativeMethodAccessorImpl.invoke0(Native Method)
	at java.base/jdk.internal.reflect.NativeMethodAccessorImpl.invoke(NativeMethodAccessorImpl.java:62)
	at java.base/jdk.internal.reflect.DelegatingMethodAccessorImpl.invoke(DelegatingMethodAccessorImpl.java:43)
	at java.base/java.lang.reflect.Method.invoke(Method.java:566)
	at org.junit.runners.model.FrameworkMethod$1.runReflectiveCall(FrameworkMethod.java:44)
	at org.junit.internal.runners.model.ReflectiveCallable.run(ReflectiveCallable.java:15)
	at org.junit.runners.model.FrameworkMethod.invokeExplosively(FrameworkMethod.java:41)
	at junitparams.internal.InvokeParameterisedMethod.evaluate(InvokeParameterisedMethod.java:102)
	at org.junit.internal.runners.statements.FailOnTimeout$1.run(FailOnTimeout.java:28)
Caused by: ptolemy.kernel.util.IllegalActionException: SubscriptionAggregatorPorts cannot be used at the top level, use a SubscriptionAggregator actor instead.
  in .PublisherSubscriptionAggregatorPort.SubscriptionAggregatorPort
	at ptolemy.actor.SubscriptionAggregatorPort.preinitialize(SubscriptionAggregatorPort.java:353)
	at ptolemy.actor.CompositeActor.preinitialize(CompositeActor.java:1769)
	at ptolemy.actor.Manager.preinitializeAndResolveTypes(Manager.java:1040)
	at ptolemy.actor.Manager.initialize(Manager.java:710)
	at ptolemy.actor.Manager.execute(Manager.java:356)
	at ptolemy.actor.Manager.run(Manager.java:1263)
	at ptolemy.actor.Manager$PtolemyRunThread.run(Manager.java:1933)
java.lang.RuntimeException: Execution failed
	at ptolemy.moml.MoMLSimpleApplication$UnloadThread.run(MoMLSimpleApplication.java:402)
Caused by: ptolemy.kernel.util.IllegalActionException: TypeTest actor has no training data.
  in .sizedarray3.TypeTest
	at ptolemy.actor.lib.TypeTest.initialize(TypeTest.java:250)
	at ptolemy.actor.Director.initialize(Director.java:938)
	at ptolemy.actor.Director.initialize(Director.java:907)
	at ptolemy.actor.sched.StaticSchedulingDirector.initialize(StaticSchedulingDirector.java:159)
	at ptolemy.domains.sdf.kernel.SDFDirector.initialize(SDFDirector.java:544)
	at ptolemy.actor.CompositeActor.initialize(CompositeActor.java:935)
	at ptolemy.actor.Manager.initialize(Manager.java:724)
	at ptolemy.actor.Manager.execute(Manager.java:356)
	at ptolemy.actor.Manager.run(Manager.java:1263)
	at ptolemy.actor.Manager$PtolemyRunThread.run(Manager.java:1933)
java.lang.reflect.InvocationTargetException
	at java.base/jdk.internal.reflect.NativeConstructorAccessorImpl.newInstance0(Native Method)
	at java.base/jdk.internal.reflect.NativeConstructorAccessorImpl.newInstance(NativeConstructorAccessorImpl.java:62)
	at java.base/jdk.internal.reflect.DelegatingConstructorAccessorImpl.newInstance(DelegatingConstructorAccessorImpl.java:45)
	at java.base/java.lang.reflect.Constructor.newInstance(Constructor.java:490)
	at ptolemy.util.test.junit.AutoKnownFailedTests.RunModel(AutoKnownFailedTests.java:105)
	at java.base/jdk.internal.reflect.NativeMethodAccessorImpl.invoke0(Native Method)
	at java.base/jdk.internal.reflect.NativeMethodAccessorImpl.invoke(NativeMethodAccessorImpl.java:62)
	at java.base/jdk.internal.reflect.DelegatingMethodAccessorImpl.invoke(DelegatingMethodAccessorImpl.java:43)
	at java.base/java.lang.reflect.Method.invoke(Method.java:566)
	at org.junit.runners.model.FrameworkMethod$1.runReflectiveCall(FrameworkMethod.java:44)
	at org.junit.internal.runners.model.ReflectiveCallable.run(ReflectiveCallable.java:15)
	at org.junit.runners.model.FrameworkMethod.invokeExplosively(FrameworkMethod.java:41)
	at junitparams.internal.InvokeParameterisedMethod.evaluate(InvokeParameterisedMethod.java:102)
	at org.junit.internal.runners.statements.FailOnTimeout$1.run(FailOnTimeout.java:28)
Caused by: ptolemy.kernel.util.IllegalActionException: TypeTest actor has no training data.
  in .sizedarray3.TypeTest
	at ptolemy.actor.lib.TypeTest.initialize(TypeTest.java:250)
	at ptolemy.actor.Director.initialize(Director.java:938)
	at ptolemy.actor.Director.initialize(Director.java:907)
	at ptolemy.actor.sched.StaticSchedulingDirector.initialize(StaticSchedulingDirector.java:159)
	at ptolemy.domains.sdf.kernel.SDFDirector.initialize(SDFDirector.java:544)
	at ptolemy.actor.CompositeActor.initialize(CompositeActor.java:935)
	at ptolemy.actor.Manager.initialize(Manager.java:724)
	at ptolemy.actor.Manager.execute(Manager.java:356)
	at ptolemy.actor.Manager.run(Manager.java:1263)
	at ptolemy.actor.Manager$PtolemyRunThread.run(Manager.java:1933)
]]></system-err>
</testsuite>
