<?xml version="1.0" encoding="UTF-8" ?>
<testsuite errors="1" failures="2" hostname="travis-job-6c53e0d0-27f2-497f-921e-860588e31ee0" name="ptolemy.actor.lib.test.junit.JUnitTclTest" skipped="0" tests="517" time="65.75" timestamp="2019-06-21T04:44:39">
  <properties>
    <property name="npm.executable" value="npm" />
    <property name="env.TRAVIS_ROOT" value="/" />
    <property name="ptII.mk.exists" value="true" />
    <property name="env.TRAVIS_APP_HOST" value="build.travis-ci.org" />
    <property name="env.rvm_bin_path" value="/home/travis/.rvm/bin" />
    <property name="java.home" value="/usr/local/lib/jvm/openjdk11" />
    <property name="env.TRAVIS_JOB_NUMBER" value="1175.8" />
    <property name="env.TRAVIS_HOME" value="/home/travis" />
    <property name="env.DISPLAY" value=":99.0" />
    <property name="env.TRAVIS_INIT" value="systemd" />
    <property name="env.SSH_TTY" value="/dev/pts/0" />
    <property name="java.net.preferIPv4Stack" value="true" />
    <property name="env.RUN_TESTS" value="true" />
    <property name="timeout.short" value="1000000" />
    <property name="junit.formatter" value="xml" />
    <property name="env.TRAVIS_SUDO" value="true" />
    <property name="env.TRAVIS_JOB_NAME" value="" />
    <property name="env.TRAVIS_STACK_NODE_ATTRIBUTES" value="/.node-attributes.yml" />
    <property name="env.LOGNAME" value="travis" />
    <property name="env.PT_TRAVIS_TEST_CORE1_XML" value="true" />
    <property name="jsdoc.home" value="node_modules/@terraswarm/jsdoc" />
    <property name="debuglevel" value="source,lines,vars" />
    <property name="checkstyle.formatter" value="xml" />
    <property name="env._system_version" value="16.04" />
    <property name="bin.vergil.makeable" value="true" />
    <property name="sun.os.patch.level" value="unknown" />
    <property name="java.vendor.url" value="http://java.oracle.com/" />
    <property name="env.TRAVIS_BUILD_WEB_URL" value="https://travis-ci.org/icyphy/ptII/builds/548506843" />
    <property name="java.version" value="11.0.2" />
    <property name="env.TZ" value="UTC" />
    <property name="env.TRAVIS_PULL_REQUEST_SHA" value="" />
    <property name="env.PT_NO_NET" value="true" />
    <property name="env.TRAVIS_SECURE_ENV_VARS" value="true" />
    <property name="env._system_type" value="Linux" />
    <property name="java.vendor.url.bug" value="http://bugreport.java.com/bugreport/" />
    <property name="npmjs-org-is-up" value="true" />
    <property name="env.LANGUAGE" value="en_US.UTF-8" />
    <property name="env.SSH_CLIENT" value="10.10.4.86 36204 22" />
    <property name="env.GEM_HOME" value="/home/travis/.rvm/gems/ruby-2.5.3" />
    <property name="env.HAS_ANTARES_THREE_LITTLE_FRONZIES_BADGE" value="true" />
    <property name="java.version.date" value="2019-01-15" />
    <property name="env.PS4" value="+" />
    <property name="ant.project.invoked-targets" value="build,test.core1.xml" />
    <property name="env.TRAVIS_PULL_REQUEST_BRANCH" value="" />
    <property name="env.TRAVIS_REPO_SLUG" value="icyphy/ptII" />
    <property name="env.XDG_DATA_DIRS" value="/usr/local/share:/usr/share:/var/lib/snapd/desktop" />
    <property name="jdk.debug" value="release" />
    <property name="env.TRAVIS_APT_PROXY" value="http://apt.cache.travis-ci.com" />
    <property name="node.in.path" value="true" />
    <property name="user.name" value="travis" />
    <property name="java.maxmemory" value="1400m" />
    <property name="env.RUBY_VERSION" value="ruby-2.5.3" />
    <property name="env.LANG" value="en_US.UTF-8" />
    <property name="sun.io.unicode.encoding" value="UnicodeLittle" />
    <property name="sun.jnu.encoding" value="UTF-8" />
    <property name="java.runtime.name" value="OpenJDK Runtime Environment" />
    <property name="usefile" value="false" />
    <property name="return.code" value="0" />
    <property name="junit.single.formatter" value="plain" />
    <property name="env.DYLD_LIBRARY_PATH" value="/home/travis/pthla/certi-tools/lib:" />
    <property name="env.DEBIAN_FRONTEND" value="noninteractive" />
    <property name="env.SSH_CONNECTION" value="10.10.4.86 36204 10.20.1.161 22" />
    <property name="env.MYSQL_UNIX_PORT" value="/var/run/mysqld/mysqld.sock" />
    <property name="env.LC_ALL" value="en_US.UTF-8" />
    <property name="env.TRAVIS_ALLOW_FAILURE" value="false" />
    <property name="env.TRAVIS_JOB_WEB_URL" value="https://travis-ci.org/icyphy/ptII/jobs/548506851" />
    <property name="java.specification.name" value="Java Platform API Specification" />
    <property name="node.works" value="true" />
    <property name="user.timezone" value="" />
    <property name="path.separator" value=":" />
    <property name="env.TRAVIS_ENABLE_INFRA_DETECTION" value="true" />
    <property name="env.PYTHON_CFLAGS" value="-g -fstack-protector --param=ssp-buffer-size=4 -Wformat -Werror=format-security" />
    <property name="timeout.long" value="4000000" />
    <property name="env.CERTI_HOME" value="/home/travis/pthla/certi-tools" />
    <property name="ant.file.ptII" value="/home/travis/build/icyphy/ptII/build.xml" />
    <property name="javadoc.packagenames" value="com.*,diva.*,lbnl.*,org.hlacerti.*,org.json.*,org.ptolemy.*,org.terraswarm.*,ptolemy.*,ptserver.*" />
    <property name="file.encoding" value="UTF-8" />
    <property name="env.TRAVIS_PULL_REQUEST_SLUG" value="" />
    <property name="ant.project.default-target" value="build" />
    <property name="env.GIT_ASKPASS" value="echo" />
    <property name="env.HOME" value="/home/travis" />
    <property name="sun.java.command" value="org.apache.tools.ant.taskdefs.optional.junit.JUnitTestRunner ptolemy.actor.lib.test.junit.JUnitTclTest skipNonTests=false filtertrace=true haltOnError=false haltOnFailure=false formatter=org.apache.tools.ant.taskdefs.optional.junit.OutErrSummaryJUnitResultFormatter showoutput=true outputtoformatters=true logfailedtests=true threadid=0 logtestlistenerevents=false formatter=org.apache.tools.ant.taskdefs.optional.junit.XMLJUnitResultFormatter,/home/travis/build/icyphy/ptII/reports/junit/TEST-ptolemy.actor.lib.test.junit.JUnitTclTest.xml crashfile=/home/travis/build/icyphy/ptII/junitvmwatcher17885630085812782777.properties propsfile=/home/travis/build/icyphy/ptII/junit12802874868550282852.properties" />
    <property name="env.COMPOSER_NO_INTERACTION" value="1" />
    <property name="env.MANPATH" value="/home/travis/.nvm/versions/node/v7.10.1/share/man:/home/travis/.rvm/rubies/ruby-2.5.3/share/man:/usr/local/cmake-3.12.4/man:/usr/local/clang-7.0.0/share/man:/usr/local/man:/usr/local/share/man:/usr/share/man:/home/travis/.rvm/man" />
    <property name="env.TRAVIS_TIMER_ID" value="0394fcaf" />
    <property name="ant.file" value="/home/travis/build/icyphy/ptII/build.xml" />
    <property name="env.TRAVIS_COMMIT_RANGE" value="21a84221cb4bcd37fabfbb95be95dcadf98df169...02afe38d468878b3a6dab5418f36a6f702f8c5ef" />
    <property name="env._system_name" value="Ubuntu" />
    <property name="ptII.classpath.optional.property" value="/home/travis/build/icyphy/ptII/lib/bsh-2.0b4.jar:/home/travis/build/icyphy/ptII/lib/ptCal.jar:/home/travis/build/icyphy/ptII/lib/java_cup.jar:/home/travis/build/icyphy/ptII/lib/saxon8.jar:/home/travis/build/icyphy/ptII/lib/saxon8-dom.jar:/home/travis/build/icyphy/ptII/lib/chic.jar:/home/travis/build/icyphy/ptII/lib/ptcolt.jar:/home/travis/build/icyphy/ptII/vendors/misc/itext/iText.jar:/home/travis/build/icyphy/ptII/lib/g4ltl.jar:/home/travis/build/icyphy/ptII/lib/StructuralCoder.jar:/home/travis/build/icyphy/ptII/vendors/jai-1_1_2_01/lib/jai_core.jar:/home/travis/build/icyphy/ptII/vendors/jai-1_1_2_01/lib/jai_codec.jar:/home/travis/build/icyphy/ptII/lib/jcerti.jar:/home/travis/build/icyphy/ptII/lib/javax.mail.jar:/home/travis/build/icyphy/ptII/vendors/JMF-2.1.1e/lib/jmf.jar:/home/travis/build/icyphy/ptII/lib/jna-4.0.0-variadic.jar:/home/travis/build/icyphy/ptII/vendors/misc/joystick/Joystick.jar:/home/travis/build/icyphy/ptII/lib/ptjacl.jar:/home/travis/build/icyphy/ptII/lib/jsoup-1.8.2.jar:/home/travis/build/icyphy/ptII/lib/junit-4.8.2.jar:/home/travis/build/icyphy/ptII/lib/JUnitParams-0.4.0.jar:/home/travis/build/icyphy/ptII/ptolemy/actor/lib/excel/jxl.jar:/home/travis/build/icyphy/ptII/lib/jython.jar:/home/travis/build/icyphy/ptII/lib/kieler.jar:/home/travis/build/icyphy/ptII/vendors/opencv/share/OpenCV/java/opencv-341.jar:/home/travis/build/icyphy/ptII/lib/oscP5.jar:/home/travis/build/icyphy/ptII/lib/nrjavaserial-3.11.0.devel.jar:/home/travis/build/icyphy/ptII/vendors/j3d/lib/j3dcore.jar:/home/travis/build/icyphy/ptII/vendors/j3d/lib/j3dutils.jar:/home/travis/build/icyphy/ptII/vendors/j3d/lib/vecmath.jar:/home/travis/build/icyphy/ptII/ptolemy/distributed/jini/jar/jini-core.jar:/home/travis/build/icyphy/ptII/ptolemy/distributed/jini/jar/jini-ext.jar:/home/travis/build/icyphy/ptII/ptolemy/distributed/jini/jar/sun-util.jar:/home/travis/build/icyphy/ptII/lib/protobuf-java-2.4.1.jar:/home/travis/build/icyphy/ptII/lib/org.eclipse.paho.client.mqttv3.jar:/home/travis/build/icyphy/ptII/lib/mapss.jar:/home/travis/build/icyphy/ptII/ptolemy/actor/ptalon/antlr/antlr.jar:/home/travis/build/icyphy/ptII/lib/JRI.jar:/home/travis/build/icyphy/ptII/lib/commons-lang-2.6.jar:/home/travis/build/icyphy/ptII/lib/commons-logging-1.1.1.jar:/home/travis/build/icyphy/ptII/lib/sootclasses.jar:/home/travis/build/icyphy/ptII/ptolemy/actor/lib/database/mysql-connector-java-5.1.6-bin.jar:/home/travis/build/icyphy/ptII/vendors/misc/sphinx4/sphinx4-data-5prealpha.jar:/home/travis/build/icyphy/ptII/vendors/misc/sphinx4/sphinx4-core-5prealpha.jar:/home/travis/build/icyphy/ptII/lib/PDFRenderer.jar:/home/travis/build/icyphy/ptII/lib/svgSalamander.jar:/home/travis/build/icyphy/ptII/lib/rsyntaxtextarea-2.6.0-SNAPSHOT.jar:/home/travis/build/icyphy/ptII/lib/hazelcast-3.8.2.jar:/home/travis/build/icyphy/ptII/lib/jackson-annotations-2.9.0.jar:/home/travis/build/icyphy/ptII/lib/jackson-core-2.9.3.jar:/home/travis/build/icyphy/ptII/lib/jackson-databind-2.9.3.jar:/home/travis/build/icyphy/ptII/lib/netty-buffer-4.1.19.Final.jar:/home/travis/build/icyphy/ptII/lib/netty-codec-4.1.19.Final.jar:/home/travis/build/icyphy/ptII/lib/netty-codec-dns-4.1.19.Final.jar:/home/travis/build/icyphy/ptII/lib/netty-codec-http-4.1.19.Final.jar:/home/travis/build/icyphy/ptII/lib/netty-codec-http2-4.1.19.Final.jar:/home/travis/build/icyphy/ptII/lib/netty-common-4.1.19.Final.jar:/home/travis/build/icyphy/ptII/lib/netty-handler-4.1.19.Final.jar:/home/travis/build/icyphy/ptII/lib/netty-resolver-4.1.19.Final.jar:/home/travis/build/icyphy/ptII/lib/netty-resolver-dns-4.1.19.Final.jar:/home/travis/build/icyphy/ptII/lib/netty-transport-4.1.19.Final.jar:/home/travis/build/icyphy/ptII/lib/vertx-codegen-3.5.1.jar:/home/travis/build/icyphy/ptII/lib/vertx-core-3.5.2-SNAPSHOT.jar:/home/travis/build/icyphy/ptII/lib/vertx-hazelcast-3.5.1.jar:/home/travis/build/icyphy/ptII/lib/vertx-lang-js-3.5.1.jar:/home/travis/build/icyphy/ptII/lib/vertx-service-proxy-3.5.1.jar:/home/travis/build/icyphy/ptII/lib/vertx-web-3.5.1.jar:/home/travis/build/icyphy/ptII/lib/slf4j-api-1.7.13.jar:/home/travis/build/icyphy/ptII/lib/slf4j-simple-1.7.13.jar:/home/travis/build/icyphy/ptII/lib/webcam-capture-0.3.12.jar:/home/travis/build/icyphy/ptII/lib/bridj-0.7.0.jar:/home/travis/build/icyphy/ptII/lib/xbjlib-1.1.0.nrjavaserial.jar" />
    <property name="timeout" value="2400000" />
    <property name="test.batch" value="**/junit/*.java" />
    <property name="env._" value="/usr/bin/timeout" />
    <property name="java.io.tmpdir" value="/tmp" />
    <property name="user.language" value="en" />
    <property name="env.TRAVIS_INTERNAL_RUBY_REGEX" value="^ruby-(2\.[0-4]\.[0-9]|1\.9\.3)" />
    <property name="env.HISTCONTROL" value="ignoredups:ignorespace" />
    <property name="env.GOROOT" value="/home/travis/.gimme/versions/go1.11.1.linux.amd64" />
    <property name="line.separator" value="&#xa;" />
    <property name="target" value="11" />
    <property name="env.TRAVIS_BUILD_DIR" value="/home/travis/build/icyphy/ptII" />
    <property name="env.ANT_OPTS" value="-Xmx2048m" />
    <property name="ant.file.type" value="file" />
    <property name="ptolemy.ptII.batchMode" value="true" />
    <property name="env.HISTSIZE" value="1000" />
    <property name="env.MERB_ENV" value="test" />
    <property name="java.vm.info" value="mixed mode" />
    <property name="source" value="11" />
    <property name="java.vm.specification.name" value="Java Virtual Machine Specification" />
    <property name="env.TRAVIS_TEST_RESULT" value="0" />
    <property name="jsdoc.command" value="node_modules/@terraswarm/jsdoc/jsdoc.js" />
    <property name="npm.works" value="true" />
    <property name="cobertura.dir" value="/home/travis/build/icyphy/ptII/vendors/cobertura-2.0.3" />
    <property name="env.rvm_path" value="/home/travis/.rvm" />
    <property name="env.GEM_PATH" value="/home/travis/.rvm/gems/ruby-2.5.3:/home/travis/.rvm/gems/ruby-2.5.3@global" />
    <property name="env.LC_CTYPE" value="en_US.UTF-8" />
    <property name="env.TRAVIS_CMD" value="$PTII/bin/ptIITravisBuild.sh $SECONDS" />
    <property name="java.awt.printerjob" value="sun.print.PSPrinterJob" />
    <property name="env.TRAVIS_STACK_NAME" value="sardonyx" />
    <property name="env.TRAVIS_TIMER_START_TIME" value="1561091559132673129" />
    <property name="ant.version" value="Apache Ant(TM) version 1.10.1 compiled on February 2 2017" />
    <property name="ptII.reports" value="/home/travis/build/icyphy/ptII/reports" />
    <property name="env.TRAVIS_STACK_TIMESTAMP" value="2019-03-25 16:16:56 UTC" />
    <property name="ant.file.type.ptII" value="file" />
    <property name="env.RBENV_SHELL" value="bash" />
    <property name="os.name" value="Linux" />
    <property name="java.specification.vendor" value="Oracle Corporation" />
    <property name="env.rvm_version" value="1.29.7 (latest)" />
    <property name="env.TRAVIS_INFRA" value="gce" />
    <property name="env.TERM" value="xterm" />
    <property name="java.vm.name" value="OpenJDK 64-Bit Server VM" />
    <property name="env.TRAVIS_BUILD_NUMBER" value="1175" />
    <property name="env.CI" value="true" />
    <property name="java.library.path" value="/home/travis/pthla/certi-tools/lib:/usr/lib/jni:/usr/local/share/OpenCV/java/:/usr/share/OpenCV/java::/usr/java/packages/lib:/usr/lib64:/lib64:/lib:/usr/lib" />
    <property name="env.rvm_prefix" value="/home/travis" />
    <property name="env.PATH" value="/home/travis/pthla/certi-tools/share/scripts:/home/travis/.rvm/gems/ruby-2.5.3/bin:/home/travis/.rvm/gems/ruby-2.5.3@global/bin:/home/travis/.rvm/rubies/ruby-2.5.3/bin:/home/travis/.rvm/bin:/home/travis/.nvm/versions/node/v7.10.1/bin:./node_modules/.bin:/home/travis/build/icyphy/ptII/bin:/home/travis/pthla/certi-tools/bin:/home/travis/bin:/home/travis/.local/bin:/usr/local/lib/jvm/openjdk11/bin:/opt/pyenv/shims:/home/travis/.phpenv/shims:/home/travis/perl5/perlbrew/bin:/home/travis/gopath/bin:/home/travis/.gimme/versions/go1.11.1.linux.amd64/bin:/usr/local/maven-3.6.0/bin:/usr/local/cmake-3.12.4/bin:/usr/local/clang-7.0.0/bin:/usr/local/sbin:/usr/local/bin:/usr/sbin:/usr/bin:/sbin:/bin:/snap/bin:/home/travis/.phpenv/bin:/opt/pyenv/bin:/home/travis/.yarn/bin" />
    <property name="env.TRAVIS_OS_NAME" value="linux" />
    <property name="ant.java.version" value="9" />
    <property name="basedir" value="/home/travis/build/icyphy/ptII" />
    <property name="java.class.version" value="55.0" />
    <property name="env.SHLVL" value="3" />
    <property name="env.LD_LIBRARY_PATH" value="/home/travis/pthla/certi-tools/lib:/usr/lib/jni:/usr/local/share/OpenCV/java/:/usr/share/OpenCV/java:" />
    <property name="env.RACK_ENV" value="test" />
    <property name="ant.home" value="/home/travis/build/icyphy/ptII/ant" />
    <property name="env.NVM_DIR" value="/home/travis/.nvm" />
    <property name="env.CERTI_FOM_PATH" value="/home/travis/pthla/certi-tools/share/federations" />
    <property name="env.TRAVIS_BUILD_ID" value="548506843" />
    <property name="env.PYENV_ROOT" value="/opt/pyenv" />
    <property name="env.TRAVIS_UID" value="2000" />
    <property name="env.NVM_BIN" value="/home/travis/.nvm/versions/node/v7.10.1/bin" />
    <property name="env.TRAVIS_COMMIT" value="02afe38d468878b3a6dab5418f36a6f702f8c5ef" />
    <property name="env._system_arch" value="x86_64" />
    <property name="node.executable" value="node" />
    <property name="sun.boot.library.path" value="/usr/local/lib/jvm/openjdk11/lib" />
    <property name="sun.management.compiler" value="HotSpot 64-Bit Tiered Compilers" />
    <property name="java.awt.graphicsenv" value="sun.awt.X11GraphicsEnvironment" />
    <property name="env.GOPATH" value="/home/travis/gopath" />
    <property name="ptolemy.ptII.dir" value="/home/travis/build/icyphy/ptII" />
    <property name="env.USER" value="travis" />
    <property name="env.HISTFILESIZE" value="2000" />
    <property name="timeout.longest" value="19000000" />
    <property name="env.PERLBREW_SHELLRC_VERSION" value="0.86" />
    <property name="env.TRAVIS_STACK_FEATURES" value="basic couchdb disabled-ipv6 docker docker-compose elasticsearch firefox go-toolchain google-chrome jdk memcached mongodb mysql nodejs_interpreter perl_interpreter perlbrew phantomjs postgresql python_interpreter redis ruby_interpreter sqlite xserver" />
    <property name="env.TRAVIS_PULL_REQUEST" value="false" />
    <property name="env.PYENV_SHELL" value="bash" />
    <property name="ant.project.name" value="ptII" />
    <property name="env.ANSI_RESET" value="\033[0m" />
    <property name="java.vm.specification.version" value="11" />
    <property name="env.TRAVIS_DIST" value="xenial" />
    <property name="env.CERTI_VERSION" value="4.0.0" />
    <property name="env.CERTI_HOST" value="localhost" />
    <property name="awt.toolkit" value="sun.awt.X11.XToolkit" />
    <property name="env.MY_RUBY_HOME" value="/home/travis/.rvm/rubies/ruby-2.5.3" />
    <property name="sun.cpu.isalist" value="" />
    <property name="env.TRAVIS_TMPDIR" value="/tmp/tmp.fhkov9rxJB" />
    <property name="java.vm.compressedOopsMode" value="Zero based" />
    <property name="os.version" value="4.15.0-1028-gcp" />
    <property name="user.home" value="/home/travis" />
    <property name="java.vm.vendor" value="Oracle Corporation" />
    <property name="env.TRAVIS_TAG" value="nightly" />
    <property name="env.ANSI_YELLOW" value="\033[33;1m" />
    <property name="env.TRAVIS_FILTERED" value="redirect_io" />
    <property name="env.ANSI_GREEN" value="\033[32;1m" />
    <property name="env.JAVA_HOME" value="/usr/local/lib/jvm/openjdk11" />
    <property name="javadoc.excludepackagenames" value="adm.cvs2svn.*,build.*,config.*,doc.coding.templates.*,jni.test.jni.meaningOfLife.*,jni.test.jni.testDeux.*,jni.test.jni.testTrois.*,org.terraswarm.accessor.accessors.web.node_modules.*,org.terraswarm.accessor.accessors.web.hosts.cordova.demo.*,org.terraswarm.accessor.accessors.web.hosts.cordova.plugins.*,org.terraswarm.accessor.accessors-svn.*,pt-modules.*,ptolemy.apps.agilent.*,ptolemy.apps.anytimecontrol.*,ptolemy.apps.apes.*,ptolemy.apps.charon.*,ptolemy.apps.crazyboard.*,ptolemy.apps.eclipse.*,ptolemy.apps.etherealSting.*,ptolemy.apps.fullscreen.*,ptolemy.apps.giotto.*,ptolemy.apps.ia.*,ptolemy.apps.interfaces.*,ptolemy.apps.jmf.*,ptolemy.apps.kurt.*,ptolemy.apps.kvm.*,ptolemy.apps.lego.*,ptolemy.apps.lejos.*,ptolemy.apps.midp.*,ptolemy.apps.mobileCoding.*,ptolemy.apps.pendulum.*,ptolemy.apps.rijndael.*,ptolemy.apps.robot.*,ptolemy.apps.security.*,ptolemy.apps.sobel.*,ptolemy.apps.soot.*,ptolemy.apps.throttle.*,ptolemy.apps.tini.*,ptolemy.apps.transmission.*,ptolemy.apps.vergil.*,ptolemy.apps.waba.*,ptolemy.apps.websensor.*,ptolemy.apps.webstart.*,ptolemy.apps.xsl.*,ptolemy.apps.zaurus.*,ptolemy.codegen.c.actor.lib.oldJavaFiles.*,ptolemy.codegen.dsp.lib.*,ptolemy.codegen.kernel.newInterfaces.*,ptolemy.codegen.lib.*,ptolemy.copernicus.kernel.fragment.*,ptolemy.copernicus.shallow.cg.*,ptolemy.domains.giotto.demo.Hierarchy.Hierarchy.*,ptolemy.domains.giotto.demo.Multimode.Multimode.*,ptolemy.domains.giotto.demo.Simple.Simple.*,ptolemy.domains.gr.lib.experimental.*,ptolemy.domains.gro.*,ptolemy.domains.pdf.*,ptolemy.domains.ptinyos.demo.Surge.output.*,ptolemy.moml.test.NoPackageActor.java*,ptolemy.plot.adm.*,ptolemy.plot.servlet.*,reports.*,signed.*,src.*,target.*,vendors.*,ptolemy.copernicus.applet.*,ptolemy.media.viewer.*,ptolemy.actor.corba.*,doc.doclets.*,ptolemy.apps.eclipse.awt.*,ptolemy.backtrack.*,ptolemy.backtrack.ast.*,ptolemy.cg.adapter.generic.program.procedural.c.mbed*,ptolemy.homer.*,ptolemy.actor.lib.jjs.modules.audio.*,org.ptolemy.scala.*,diva.util.java2d.svg.*,ptolemy.domains.ptinyos.*,ptolemy.actor.lib.fmi.fmipp.*,,org.terraswarm.accessor.accessors.web.node_modules.*,org.terraswarm.accessor.accessors-svn,ptolemy.apps.*,ptolemy.actor.ptalon.demo.ptinyos.SendAndReceiveCnt.output,ptolemy.actor.ptalon.demo.ptinyos.SenseToLeds.output,ptolemy.domains.ptinyos.demo.CntToLedsAndRfm.output,ptolemy.domains.ptinyos.demo.RfmToLeds.output,ptolemy.domains.ptinyos.demo.SendAndReceiveCnt.output,ptolemy.domains.ptinyos.demo.SenseToLeds.output,ptolemy.actor.lib.jjs.modules.udpSocket.*" />
    <property name="env.PTII" value="/home/travis/build/icyphy/ptII" />
    <property name="env.XDG_SESSION_ID" value="2" />
    <property name="keystore" value="ptKeystore" />
    <property name="env.TRAVIS_COMMIT_MESSAGE" value="Updated Travis yml file to start xvfb using services." />
    <property name="junit.output.dir" value="/home/travis/build/icyphy/ptII/reports/junit" />
    <property name="npm.return.code" value="0" />
    <property name="user.dir" value="/home/travis/build/icyphy/ptII/ptolemy/actor/lib/test" />
    <property name="env.TRAVIS_NODE_VERSION" value="7" />
    <property name="env.TRAVIS_EVENT_TYPE" value="cron" />
    <property name="env.MAIL" value="/var/mail/travis" />
    <property name="env.PERLBREW_ROOT" value="/home/travis/perl5/perlbrew" />
    <property name="env.PWD" value="/home/travis/build/icyphy/ptII" />
    <property name="timeout.npm" value="45000" />
    <property name="env.TRAVIS_ARCH" value="amd64" />
    <property name="sun.cpu.endian" value="little" />
    <property name="env.PAGER" value="cat" />
    <property name="env.TRAVIS_BUILD_STAGE_NAME" value="Test" />
    <property name="env.PERLBREW_HOME" value="/home/travis/.perlbrew" />
    <property name="java.vm.version" value="11.0.2+9" />
    <property name="env.RAILS_ENV" value="test" />
    <property name="java.class.path" value="/home/travis/.ptolemyII:/home/travis/.ptolemyII/*:/home/travis/build/icyphy/ptII:/home/travis/build/icyphy/ptII/lib/bsh-2.0b4.jar:/home/travis/build/icyphy/ptII/lib/ptCal.jar:/home/travis/build/icyphy/ptII/lib/java_cup.jar:/home/travis/build/icyphy/ptII/lib/saxon8.jar:/home/travis/build/icyphy/ptII/lib/saxon8-dom.jar:/home/travis/build/icyphy/ptII/lib/chic.jar:/home/travis/build/icyphy/ptII/lib/ptcolt.jar:/home/travis/build/icyphy/ptII/vendors/misc/itext/iText.jar:/home/travis/build/icyphy/ptII/lib/g4ltl.jar:/home/travis/build/icyphy/ptII/lib/StructuralCoder.jar:/home/travis/build/icyphy/ptII/vendors/jai-1_1_2_01/lib/jai_core.jar:/home/travis/build/icyphy/ptII/vendors/jai-1_1_2_01/lib/jai_codec.jar:/home/travis/build/icyphy/ptII/lib/jcerti.jar:/home/travis/build/icyphy/ptII/lib/javax.mail.jar:/home/travis/build/icyphy/ptII/vendors/JMF-2.1.1e/lib/jmf.jar:/home/travis/build/icyphy/ptII/lib/jna-4.0.0-variadic.jar:/home/travis/build/icyphy/ptII/vendors/misc/joystick/Joystick.jar:/home/travis/build/icyphy/ptII/lib/ptjacl.jar:/home/travis/build/icyphy/ptII/lib/jsoup-1.8.2.jar:/home/travis/build/icyphy/ptII/lib/junit-4.8.2.jar:/home/travis/build/icyphy/ptII/lib/JUnitParams-0.4.0.jar:/home/travis/build/icyphy/ptII/ptolemy/actor/lib/excel/jxl.jar:/home/travis/build/icyphy/ptII/lib/jython.jar:/home/travis/build/icyphy/ptII/lib/kieler.jar:/home/travis/build/icyphy/ptII/vendors/opencv/share/OpenCV/java/opencv-341.jar:/home/travis/build/icyphy/ptII/lib/oscP5.jar:/home/travis/build/icyphy/ptII/lib/nrjavaserial-3.11.0.devel.jar:/home/travis/build/icyphy/ptII/vendors/j3d/lib/j3dcore.jar:/home/travis/build/icyphy/ptII/vendors/j3d/lib/j3dutils.jar:/home/travis/build/icyphy/ptII/vendors/j3d/lib/vecmath.jar:/home/travis/build/icyphy/ptII/ptolemy/distributed/jini/jar/jini-core.jar:/home/travis/build/icyphy/ptII/ptolemy/distributed/jini/jar/jini-ext.jar:/home/travis/build/icyphy/ptII/ptolemy/distributed/jini/jar/sun-util.jar:/home/travis/build/icyphy/ptII/lib/protobuf-java-2.4.1.jar:/home/travis/build/icyphy/ptII/lib/org.eclipse.paho.client.mqttv3.jar:/home/travis/build/icyphy/ptII/lib/mapss.jar:/home/travis/build/icyphy/ptII/ptolemy/actor/ptalon/antlr/antlr.jar:/home/travis/build/icyphy/ptII/lib/JRI.jar:/home/travis/build/icyphy/ptII/lib/commons-lang-2.6.jar:/home/travis/build/icyphy/ptII/lib/commons-logging-1.1.1.jar:/home/travis/build/icyphy/ptII/lib/sootclasses.jar:/home/travis/build/icyphy/ptII/ptolemy/actor/lib/database/mysql-connector-java-5.1.6-bin.jar:/home/travis/build/icyphy/ptII/vendors/misc/sphinx4/sphinx4-data-5prealpha.jar:/home/travis/build/icyphy/ptII/vendors/misc/sphinx4/sphinx4-core-5prealpha.jar:/home/travis/build/icyphy/ptII/lib/PDFRenderer.jar:/home/travis/build/icyphy/ptII/lib/svgSalamander.jar:/home/travis/build/icyphy/ptII/lib/rsyntaxtextarea-2.6.0-SNAPSHOT.jar:/home/travis/build/icyphy/ptII/lib/hazelcast-3.8.2.jar:/home/travis/build/icyphy/ptII/lib/jackson-annotations-2.9.0.jar:/home/travis/build/icyphy/ptII/lib/jackson-core-2.9.3.jar:/home/travis/build/icyphy/ptII/lib/jackson-databind-2.9.3.jar:/home/travis/build/icyphy/ptII/lib/netty-buffer-4.1.19.Final.jar:/home/travis/build/icyphy/ptII/lib/netty-codec-4.1.19.Final.jar:/home/travis/build/icyphy/ptII/lib/netty-codec-dns-4.1.19.Final.jar:/home/travis/build/icyphy/ptII/lib/netty-codec-http-4.1.19.Final.jar:/home/travis/build/icyphy/ptII/lib/netty-codec-http2-4.1.19.Final.jar:/home/travis/build/icyphy/ptII/lib/netty-common-4.1.19.Final.jar:/home/travis/build/icyphy/ptII/lib/netty-handler-4.1.19.Final.jar:/home/travis/build/icyphy/ptII/lib/netty-resolver-4.1.19.Final.jar:/home/travis/build/icyphy/ptII/lib/netty-resolver-dns-4.1.19.Final.jar:/home/travis/build/icyphy/ptII/lib/netty-transport-4.1.19.Final.jar:/home/travis/build/icyphy/ptII/lib/vertx-codegen-3.5.1.jar:/home/travis/build/icyphy/ptII/lib/vertx-core-3.5.2-SNAPSHOT.jar:/home/travis/build/icyphy/ptII/lib/vertx-hazelcast-3.5.1.jar:/home/travis/build/icyphy/ptII/lib/vertx-lang-js-3.5.1.jar:/home/travis/build/icyphy/ptII/lib/vertx-service-proxy-3.5.1.jar:/home/travis/build/icyphy/ptII/lib/vertx-web-3.5.1.jar:/home/travis/build/icyphy/ptII/lib/slf4j-api-1.7.13.jar:/home/travis/build/icyphy/ptII/lib/slf4j-simple-1.7.13.jar:/home/travis/build/icyphy/ptII/lib/webcam-capture-0.3.12.jar:/home/travis/build/icyphy/ptII/lib/bridj-0.7.0.jar:/home/travis/build/icyphy/ptII/lib/xbjlib-1.1.0.nrjavaserial.jar:/home/travis/build/icyphy/ptII/ptolemy/moml/test:/home/travis/build/icyphy/ptII/ant/lib/ant-launcher.jar:/home/travis/build/icyphy/ptII/ant/lib/ant.jar:/home/travis/build/icyphy/ptII/ant/lib/ant-junit.jar:/home/travis/build/icyphy/ptII/ant/lib/ant-junit4.jar" />
    <property name="ant.library.dir" value="/home/travis/build/icyphy/ptII/ant/lib" />
    <property name="os.arch" value="amd64" />
    <property name="env.CONTINUOUS_INTEGRATION" value="true" />
    <property name="env.TRAVIS_LANGUAGE" value="node_js" />
    <property name="env.TRAVIS_STACK_LANGUAGES" value="__sardonyx__ c c++ clojure cplusplus cpp default generic go groovy java node_js php pure_java python ruby scala" />
    <property name="test.name" value="ptolemy.actor.lib.test.junit.JUnitTclTest" />
    <property name="env.APT_KEY_DONT_WARN_ON_DANGEROUS_USAGE" value="1" />
    <property name="sun.java.launcher" value="SUN_STANDARD" />
    <property name="env.PYTHON_CONFIGURE_OPTS" value="--enable-unicode=ucs4 --with-wide-unicode --enable-shared --enable-ipv6 --enable-loadable-sqlite-extensions --with-computed-gotos" />
    <property name="ant.core.lib" value="/home/travis/build/icyphy/ptII/ant/lib/ant.jar" />
    <property name="java.vm.specification.vendor" value="Oracle Corporation" />
    <property name="env.BCVTB_HOME" value="/home/travis/build/icyphy/ptII/lbnl" />
    <property name="file.separator" value="/" />
    <property name="spotbugs.home" value="/home/travis/build/icyphy/ptII/vendors/spotbugs-3.1.1" />
    <property name="java.runtime.version" value="11.0.2+9" />
    <property name="env.ANSI_CLEAR" value="\033[0K" />
    <property name="env.HAS_JOSH_K_SEAL_OF_APPROVAL" value="true" />
    <property name="env.XDG_RUNTIME_DIR" value="/run/user/2000" />
    <property name="env.TRAVIS_OSX_IMAGE" value="" />
    <property name="env.TRAVIS_JOB_ID" value="548506851" />
    <property name="env.TRAVIS_BRANCH" value="master" />
    <property name="user.country" value="US" />
    <property name="env.CERTI_HOME_TRAVIS" value="/home/travis/pthla/certi-tools" />
    <property name="env.SHELL" value="/bin/bash" />
    <property name="java.maxmemory.large" value="5000m" />
    <property name="model" value="" />
    <property name="env.CASHER_DIR" value="/home/travis/.casher" />
    <property name="env.NVM_CD_FLAGS" value="" />
    <property name="java.vendor.version" value="18.9" />
    <property name="jshint.executable" value="/home/travis/node_modules/jshint/bin/jshint" />
    <property name="env.JRUBY_OPTS" value=" --client -J-XX:+TieredCompilation -J-XX:TieredStopAtLevel=1 -J-Xss2m -Xcompile.invokedynamic=false" />
    <property name="java.vendor" value="Oracle Corporation" />
    <property name="env.TRAVIS_PRE_CHEF_BOOTSTRAP_TIME" value="2019-03-25T16:16:42" />
    <property name="env.TRAVIS_STACK_JOB_BOARD_REGISTER" value="/.job-board-register.yml" />
    <property name="env.ANSI_RED" value="\033[31;1m" />
    <property name="java.specification.version" value="11" />
    <property name="env.IRBRC" value="/home/travis/.rvm/rubies/ruby-2.5.3/.irbrc" />
    <property name="env.TRAVIS" value="true" />
    <property name="sun.arch.data.model" value="64" />
  </properties>
  <testcase classname="ptolemy.util.test.junit.TclTests" name="[0] /home/travis/build/icyphy/ptII/ptolemy/actor/lib/test/AbsoluteValue.tcl (RunTclFile)" time="0.645" />
  <testcase classname="ptolemy.util.test.junit.TclTests" name="[1] /home/travis/build/icyphy/ptII/ptolemy/actor/lib/test/AddSubtract.tcl (RunTclFile)" time="0.202" />
  <testcase classname="ptolemy.util.test.junit.TclTests" name="[2] /home/travis/build/icyphy/ptII/ptolemy/actor/lib/test/Average.tcl (RunTclFile)" time="0.079" />
  <testcase classname="ptolemy.util.test.junit.TclTests" name="[3] /home/travis/build/icyphy/ptII/ptolemy/actor/lib/test/Bernoulli.tcl (RunTclFile)" time="0.02" />
  <testcase classname="ptolemy.util.test.junit.TclTests" name="[4] /home/travis/build/icyphy/ptII/ptolemy/actor/lib/test/Clock.tcl (RunTclFile)" time="0.072" />
  <testcase classname="ptolemy.util.test.junit.TclTests" name="[5] /home/travis/build/icyphy/ptII/ptolemy/actor/lib/test/Commutator.tcl (RunTclFile)" time="0.234">
    <failure message="Number of failed tests is has increased. expected:&lt;0&gt; but was:&lt;1&gt;" type="junit.framework.AssertionFailedError">junit.framework.AssertionFailedError: Number of failed tests is has increased. expected:&lt;0&gt; but was:&lt;1&gt;
	at ptolemy.util.test.junit.TclTests.RunTclFile(TclTests.java:286)
	at java.base/jdk.internal.reflect.NativeMethodAccessorImpl.invoke0(Native Method)
	at java.base/jdk.internal.reflect.NativeMethodAccessorImpl.invoke(NativeMethodAccessorImpl.java:62)
	at java.base/jdk.internal.reflect.DelegatingMethodAccessorImpl.invoke(DelegatingMethodAccessorImpl.java:43)
	at junitparams.internal.InvokeParameterisedMethod.evaluate(InvokeParameterisedMethod.java:102)
	at junitparams.internal.ParameterisedTestMethodRunner.runMethodInvoker(ParameterisedTestMethodRunner.java:47)
	at junitparams.internal.ParameterisedTestMethodRunner.runTestMethod(ParameterisedTestMethodRunner.java:41)
	at junitparams.internal.ParameterisedTestClassRunner.runParameterisedTest(ParameterisedTestClassRunner.java:143)
	at junitparams.JUnitParamsRunner.runChild(JUnitParamsRunner.java:237)
	at junitparams.JUnitParamsRunner.runChild(JUnitParamsRunner.java:215)
</failure>
  </testcase>
  <testcase classname="ptolemy.util.test.junit.TclTests" name="[6] /home/travis/build/icyphy/ptII/ptolemy/actor/lib/test/Const.tcl (RunTclFile)" time="0.117" />
  <testcase classname="ptolemy.util.test.junit.TclTests" name="[7] /home/travis/build/icyphy/ptII/ptolemy/actor/lib/test/CurrentTime.tcl (RunTclFile)" time="0.041" />
  <testcase classname="ptolemy.util.test.junit.TclTests" name="[8] /home/travis/build/icyphy/ptII/ptolemy/actor/lib/test/DB.tcl (RunTclFile)" time="0.038" />
  <testcase classname="ptolemy.util.test.junit.TclTests" name="[9] /home/travis/build/icyphy/ptII/ptolemy/actor/lib/test/DiscreteRandomSource.tcl (RunTclFile)" time="0.041" />
  <testcase classname="ptolemy.util.test.junit.TclTests" name="[10] /home/travis/build/icyphy/ptII/ptolemy/actor/lib/test/Distributor.tcl (RunTclFile)" time="0.052" />
  <testcase classname="ptolemy.util.test.junit.TclTests" name="[11] /home/travis/build/icyphy/ptII/ptolemy/actor/lib/test/Exit.tcl (RunTclFile)" time="0.121" />
  <testcase classname="ptolemy.util.test.junit.TclTests" name="[12] /home/travis/build/icyphy/ptII/ptolemy/actor/lib/test/Expression.tcl (RunTclFile)" time="0.155" />
  <testcase classname="ptolemy.util.test.junit.TclTests" name="[13] /home/travis/build/icyphy/ptII/ptolemy/actor/lib/test/Gaussian.tcl (RunTclFile)" time="0.259" />
  <testcase classname="ptolemy.util.test.junit.TclTests" name="[14] /home/travis/build/icyphy/ptII/ptolemy/actor/lib/test/IIR.tcl (RunTclFile)" time="0.023" />
  <testcase classname="ptolemy.util.test.junit.TclTests" name="[15] /home/travis/build/icyphy/ptII/ptolemy/actor/lib/test/Interpolator.tcl (RunTclFile)" time="0.062" />
  <testcase classname="ptolemy.util.test.junit.TclTests" name="[16] /home/travis/build/icyphy/ptII/ptolemy/actor/lib/test/MathFunction.tcl (RunTclFile)" time="0.062" />
  <testcase classname="ptolemy.util.test.junit.TclTests" name="[17] /home/travis/build/icyphy/ptII/ptolemy/actor/lib/test/Maximum.tcl (RunTclFile)" time="0.055" />
  <testcase classname="ptolemy.util.test.junit.TclTests" name="[18] /home/travis/build/icyphy/ptII/ptolemy/actor/lib/test/Minimum.tcl (RunTclFile)" time="0.033" />
  <testcase classname="ptolemy.util.test.junit.TclTests" name="[19] /home/travis/build/icyphy/ptII/ptolemy/actor/lib/test/MultiplyDivide.tcl (RunTclFile)" time="0.073" />
  <testcase classname="ptolemy.util.test.junit.TclTests" name="[20] /home/travis/build/icyphy/ptII/ptolemy/actor/lib/test/OrderedMerge.tcl (RunTclFile)" time="0.153" />
  <testcase classname="ptolemy.util.test.junit.TclTests" name="[21] /home/travis/build/icyphy/ptII/ptolemy/actor/lib/test/Publisher.tcl (RunTclFile)" time="1.029" />
  <testcase classname="ptolemy.util.test.junit.TclTests" name="[22] /home/travis/build/icyphy/ptII/ptolemy/actor/lib/test/Pulse.tcl (RunTclFile)" time="0.085" />
  <testcase classname="ptolemy.util.test.junit.TclTests" name="[23] /home/travis/build/icyphy/ptII/ptolemy/actor/lib/test/Ramp.tcl (RunTclFile)" time="2.419" />
  <testcase classname="ptolemy.util.test.junit.TclTests" name="[24] /home/travis/build/icyphy/ptII/ptolemy/actor/lib/test/RampContinuous.tcl (RunTclFile)" time="0.018" />
  <testcase classname="ptolemy.util.test.junit.TclTests" name="[25] /home/travis/build/icyphy/ptII/ptolemy/actor/lib/test/RecordAssembler.tcl (RunTclFile)" time="0.019" />
  <testcase classname="ptolemy.util.test.junit.TclTests" name="[26] /home/travis/build/icyphy/ptII/ptolemy/actor/lib/test/RecordDisassembler.tcl (RunTclFile)" time="0.041" />
  <testcase classname="ptolemy.util.test.junit.TclTests" name="[27] /home/travis/build/icyphy/ptII/ptolemy/actor/lib/test/Scale.tcl (RunTclFile)" time="0.034" />
  <testcase classname="ptolemy.util.test.junit.TclTests" name="[28] /home/travis/build/icyphy/ptII/ptolemy/actor/lib/test/SequentialClock.tcl (RunTclFile)" time="0.014" />
  <testcase classname="ptolemy.util.test.junit.TclTests" name="[29] /home/travis/build/icyphy/ptII/ptolemy/actor/lib/test/SetVariable.tcl (RunTclFile)" time="0.035">
    <failure message="Number of failed tests is has increased. expected:&lt;1&gt; but was:&lt;2&gt;" type="junit.framework.AssertionFailedError">junit.framework.AssertionFailedError: Number of failed tests is has increased. expected:&lt;1&gt; but was:&lt;2&gt;
	at ptolemy.util.test.junit.TclTests.RunTclFile(TclTests.java:286)
	at jdk.internal.reflect.GeneratedMethodAccessor19.invoke(Unknown Source)
	at java.base/jdk.internal.reflect.DelegatingMethodAccessorImpl.invoke(DelegatingMethodAccessorImpl.java:43)
	at junitparams.internal.InvokeParameterisedMethod.evaluate(InvokeParameterisedMethod.java:102)
	at junitparams.internal.ParameterisedTestMethodRunner.runMethodInvoker(ParameterisedTestMethodRunner.java:47)
	at junitparams.internal.ParameterisedTestMethodRunner.runTestMethod(ParameterisedTestMethodRunner.java:41)
	at junitparams.internal.ParameterisedTestClassRunner.runParameterisedTest(ParameterisedTestClassRunner.java:143)
	at junitparams.JUnitParamsRunner.runChild(JUnitParamsRunner.java:237)
	at junitparams.JUnitParamsRunner.runChild(JUnitParamsRunner.java:215)
</failure>
  </testcase>
  <testcase classname="ptolemy.util.test.junit.TclTests" name="[30] /home/travis/build/icyphy/ptII/ptolemy/actor/lib/test/Sinewave.tcl (RunTclFile)" time="0.067" />
  <testcase classname="ptolemy.util.test.junit.TclTests" name="[31] /home/travis/build/icyphy/ptII/ptolemy/actor/lib/test/SubscriptionAggregator.tcl (RunTclFile)" time="2.54" />
  <testcase classname="ptolemy.util.test.junit.TclTests" name="[32] /home/travis/build/icyphy/ptII/ptolemy/actor/lib/test/Test.tcl (RunTclFile)" time="0.078" />
  <testcase classname="ptolemy.util.test.junit.TclTests" name="[33] /home/travis/build/icyphy/ptII/ptolemy/actor/lib/test/TestExceptionHandler.tcl (RunTclFile)" time="0.012" />
  <testcase classname="ptolemy.util.test.junit.TclTests" name="[34] /home/travis/build/icyphy/ptII/ptolemy/actor/lib/test/UnionDisassembler.tcl (RunTclFile)" time="0.046" />
  <testcase classname="ptolemy.util.test.junit.TclTests" name="[35] /home/travis/build/icyphy/ptII/ptolemy/actor/lib/test/VariableClock.tcl (RunTclFile)" time="0.016" />
  <testcase classname="ptolemy.util.test.junit.AutoKnownFailedTests" name="[0] /home/travis/build/icyphy/ptII/ptolemy/actor/lib/test/auto/knownFailedTests/PublisherPortToplevelSubscriber.xml (RunModel)" time="0.021" />
  <testcase classname="ptolemy.util.test.junit.AutoKnownFailedTests" name="[1] /home/travis/build/icyphy/ptII/ptolemy/actor/lib/test/auto/knownFailedTests/PublisherSubscriberPortToplevel.xml (RunModel)" time="0.025" />
  <testcase classname="ptolemy.util.test.junit.AutoKnownFailedTests" name="[2] /home/travis/build/icyphy/ptII/ptolemy/actor/lib/test/auto/knownFailedTests/PublisherSubscriptionAggregatorPort.xml (RunModel)" time="0.021" />
  <testcase classname="ptolemy.util.test.junit.AutoKnownFailedTests" name="[3] /home/travis/build/icyphy/ptII/ptolemy/actor/lib/test/auto/knownFailedTests/sizedarray3.xml (RunModel)" time="0.028" />
  <testcase classname="ptolemy.util.test.junit.AutoNameArchTests" name="[0] ThereAreNoAutoArchTests (RunModel)" time="0.004" />
  <testcase classname="ptolemy.util.test.junit.AutoTests" name="[0] /home/travis/build/icyphy/ptII/ptolemy/actor/lib/test/auto/AbsoluteValue.xml (RunModel)" time="0.105" />
  <testcase classname="ptolemy.util.test.junit.AutoTests" name="[1] /home/travis/build/icyphy/ptII/ptolemy/actor/lib/test/auto/AbsoluteValue2.xml (RunModel)" time="0.057" />
  <testcase classname="ptolemy.util.test.junit.AutoTests" name="[2] /home/travis/build/icyphy/ptII/ptolemy/actor/lib/test/auto/Accumulator.xml (RunModel)" time="0.078" />
  <testcase classname="ptolemy.util.test.junit.AutoTests" name="[3] /home/travis/build/icyphy/ptII/ptolemy/actor/lib/test/auto/Accumulator2.xml (RunModel)" time="0.045" />
  <testcase classname="ptolemy.util.test.junit.AutoTests" name="[4] /home/travis/build/icyphy/ptII/ptolemy/actor/lib/test/auto/Accumulator3.xml (RunModel)" time="0.048" />
  <testcase classname="ptolemy.util.test.junit.AutoTests" name="[5] /home/travis/build/icyphy/ptII/ptolemy/actor/lib/test/auto/ArrayAppend.xml (RunModel)" time="0.084" />
  <testcase classname="ptolemy.util.test.junit.AutoTests" name="[6] /home/travis/build/icyphy/ptII/ptolemy/actor/lib/test/auto/ArrayAppend2.xml (RunModel)" time="0.512" />
  <testcase classname="ptolemy.util.test.junit.AutoTests" name="[7] /home/travis/build/icyphy/ptII/ptolemy/actor/lib/test/auto/ArrayAppend3.xml (RunModel)" time="0.034" />
  <testcase classname="ptolemy.util.test.junit.AutoTests" name="[8] /home/travis/build/icyphy/ptII/ptolemy/actor/lib/test/auto/ArrayAppend4.xml (RunModel)" time="0.035" />
  <testcase classname="ptolemy.util.test.junit.AutoTests" name="[9] /home/travis/build/icyphy/ptII/ptolemy/actor/lib/test/auto/ArrayAppend5.xml (RunModel)" time="0.022" />
  <testcase classname="ptolemy.util.test.junit.AutoTests" name="[10] /home/travis/build/icyphy/ptII/ptolemy/actor/lib/test/auto/ArrayAppend6.xml (RunModel)" time="0.032" />
  <testcase classname="ptolemy.util.test.junit.AutoTests" name="[11] /home/travis/build/icyphy/ptII/ptolemy/actor/lib/test/auto/ArrayAppendPerformanceTest.xml (RunModel)" time="0.048" />
  <testcase classname="ptolemy.util.test.junit.AutoTests" name="[12] /home/travis/build/icyphy/ptII/ptolemy/actor/lib/test/auto/ArrayAppendWithEmptyInput.xml (RunModel)" time="0.043" />
  <testcase classname="ptolemy.util.test.junit.AutoTests" name="[13] /home/travis/build/icyphy/ptII/ptolemy/actor/lib/test/auto/ArrayAverage.xml (RunModel)" time="0.045" />
  <testcase classname="ptolemy.util.test.junit.AutoTests" name="[14] /home/travis/build/icyphy/ptII/ptolemy/actor/lib/test/auto/ArrayContains.xml (RunModel)" time="0.036" />
  <testcase classname="ptolemy.util.test.junit.AutoTests" name="[15] /home/travis/build/icyphy/ptII/ptolemy/actor/lib/test/auto/ArrayElement.xml (RunModel)" time="0.037" />
  <testcase classname="ptolemy.util.test.junit.AutoTests" name="[16] /home/travis/build/icyphy/ptII/ptolemy/actor/lib/test/auto/ArrayElementAsMatrix.xml (RunModel)" time="0.058" />
  <testcase classname="ptolemy.util.test.junit.AutoTests" name="[17] /home/travis/build/icyphy/ptII/ptolemy/actor/lib/test/auto/ArrayElementI.xml (RunModel)" time="0.033" />
  <testcase classname="ptolemy.util.test.junit.AutoTests" name="[18] /home/travis/build/icyphy/ptII/ptolemy/actor/lib/test/auto/ArrayExtract.xml (RunModel)" time="0.03" />
  <testcase classname="ptolemy.util.test.junit.AutoTests" name="[19] /home/travis/build/icyphy/ptII/ptolemy/actor/lib/test/auto/ArrayExtract2.xml (RunModel)" time="0.02" />
  <testcase classname="ptolemy.util.test.junit.AutoTests" name="[20] /home/travis/build/icyphy/ptII/ptolemy/actor/lib/test/auto/ArrayLength.xml (RunModel)" time="0.024" />
  <testcase classname="ptolemy.util.test.junit.AutoTests" name="[21] /home/travis/build/icyphy/ptII/ptolemy/actor/lib/test/auto/ArrayLevelCrossing.xml (RunModel)" time="0.027" />
  <testcase classname="ptolemy.util.test.junit.AutoTests" name="[22] /home/travis/build/icyphy/ptII/ptolemy/actor/lib/test/auto/ArrayLevelCrossing2.xml (RunModel)" time="0.025" />
  <testcase classname="ptolemy.util.test.junit.AutoTests" name="[23] /home/travis/build/icyphy/ptII/ptolemy/actor/lib/test/auto/ArrayPeakSearch.xml (RunModel)" time="0.032" />
  <testcase classname="ptolemy.util.test.junit.AutoTests" name="[24] /home/travis/build/icyphy/ptII/ptolemy/actor/lib/test/auto/ArrayPeakSearch2.xml (RunModel)" time="0.04" />
  <testcase classname="ptolemy.util.test.junit.AutoTests" name="[25] /home/travis/build/icyphy/ptII/ptolemy/actor/lib/test/auto/ArrayPeakSearch3.xml (RunModel)" time="0.03" />
  <testcase classname="ptolemy.util.test.junit.AutoTests" name="[26] /home/travis/build/icyphy/ptII/ptolemy/actor/lib/test/auto/ArrayRemoveElement.xml (RunModel)" time="0.027" />
  <testcase classname="ptolemy.util.test.junit.AutoTests" name="[27] /home/travis/build/icyphy/ptII/ptolemy/actor/lib/test/auto/ArraySort.xml (RunModel)" time="0.031" />
  <testcase classname="ptolemy.util.test.junit.AutoTests" name="[28] /home/travis/build/icyphy/ptII/ptolemy/actor/lib/test/auto/ArraySum.xml (RunModel)" time="0.02" />
  <testcase classname="ptolemy.util.test.junit.AutoTests" name="[29] /home/travis/build/icyphy/ptII/ptolemy/actor/lib/test/auto/ArrayToElements.xml (RunModel)" time="0.026" />
  <testcase classname="ptolemy.util.test.junit.AutoTests" name="[30] /home/travis/build/icyphy/ptII/ptolemy/actor/lib/test/auto/ArrayToMatrix.xml (RunModel)" time="0.124" />
  <testcase classname="ptolemy.util.test.junit.AutoTests" name="[31] /home/travis/build/icyphy/ptII/ptolemy/actor/lib/test/auto/ArrayUpdate1.xml (RunModel)" time="0.031" />
  <testcase classname="ptolemy.util.test.junit.AutoTests" name="[32] /home/travis/build/icyphy/ptII/ptolemy/actor/lib/test/auto/ArrayUpdate2.xml (RunModel)" time="0.03" />
  <testcase classname="ptolemy.util.test.junit.AutoTests" name="[33] /home/travis/build/icyphy/ptII/ptolemy/actor/lib/test/auto/ArrayUpdate3.xml (RunModel)" time="0.024" />
  <testcase classname="ptolemy.util.test.junit.AutoTests" name="[34] /home/travis/build/icyphy/ptII/ptolemy/actor/lib/test/auto/Assert1.xml (RunModel)" time="0.027" />
  <testcase classname="ptolemy.util.test.junit.AutoTests" name="[35] /home/travis/build/icyphy/ptII/ptolemy/actor/lib/test/auto/Assert2.xml (RunModel)" time="0.012" />
  <testcase classname="ptolemy.util.test.junit.AutoTests" name="[36] /home/travis/build/icyphy/ptII/ptolemy/actor/lib/test/auto/BooleanMultiplexor.xml (RunModel)" time="0.017" />
  <testcase classname="ptolemy.util.test.junit.AutoTests" name="[37] /home/travis/build/icyphy/ptII/ptolemy/actor/lib/test/auto/BooleanMultiplexor2.xml (RunModel)" time="0.027" />
  <testcase classname="ptolemy.util.test.junit.AutoTests" name="[38] /home/travis/build/icyphy/ptII/ptolemy/actor/lib/test/auto/BooleanMultiplexor3.xml (RunModel)" time="0.034" />
  <testcase classname="ptolemy.util.test.junit.AutoTests" name="[39] /home/travis/build/icyphy/ptII/ptolemy/actor/lib/test/auto/BooleanSelect.xml (RunModel)" time="0.031" />
  <testcase classname="ptolemy.util.test.junit.AutoTests" name="[40] /home/travis/build/icyphy/ptII/ptolemy/actor/lib/test/auto/BooleanSelect2.xml (RunModel)" time="0.017" />
  <testcase classname="ptolemy.util.test.junit.AutoTests" name="[41] /home/travis/build/icyphy/ptII/ptolemy/actor/lib/test/auto/BooleanSwitch.xml (RunModel)" time="0.022" />
  <testcase classname="ptolemy.util.test.junit.AutoTests" name="[42] /home/travis/build/icyphy/ptII/ptolemy/actor/lib/test/auto/BooleanSwitch2.xml (RunModel)" time="0.016" />
  <testcase classname="ptolemy.util.test.junit.AutoTests" name="[43] /home/travis/build/icyphy/ptII/ptolemy/actor/lib/test/auto/BooleanSwitchCloningBugWithClassRelationGroup.xml (RunModel)" time="0.032" />
  <testcase classname="ptolemy.util.test.junit.AutoTests" name="[44] /home/travis/build/icyphy/ptII/ptolemy/actor/lib/test/auto/BusActors.xml (RunModel)" time="0.039" />
  <testcase classname="ptolemy.util.test.junit.AutoTests" name="[45] /home/travis/build/icyphy/ptII/ptolemy/actor/lib/test/auto/ClassWrapper.xml (RunModel)" time="0.023" />
  <testcase classname="ptolemy.util.test.junit.AutoTests" name="[46] /home/travis/build/icyphy/ptII/ptolemy/actor/lib/test/auto/Clock.xml (RunModel)" time="0.008" />
  <testcase classname="ptolemy.util.test.junit.AutoTests" name="[47] /home/travis/build/icyphy/ptII/ptolemy/actor/lib/test/auto/Clock10.xml (RunModel)" time="0.023" />
  <testcase classname="ptolemy.util.test.junit.AutoTests" name="[48] /home/travis/build/icyphy/ptII/ptolemy/actor/lib/test/auto/Clock11.xml (RunModel)" time="0.025" />
  <testcase classname="ptolemy.util.test.junit.AutoTests" name="[49] /home/travis/build/icyphy/ptII/ptolemy/actor/lib/test/auto/Clock12.xml (RunModel)" time="0.026" />
  <testcase classname="ptolemy.util.test.junit.AutoTests" name="[50] /home/travis/build/icyphy/ptII/ptolemy/actor/lib/test/auto/Clock13.xml (RunModel)" time="0.019" />
  <testcase classname="ptolemy.util.test.junit.AutoTests" name="[51] /home/travis/build/icyphy/ptII/ptolemy/actor/lib/test/auto/Clock14.xml (RunModel)" time="0.017" />
  <testcase classname="ptolemy.util.test.junit.AutoTests" name="[52] /home/travis/build/icyphy/ptII/ptolemy/actor/lib/test/auto/Clock15.xml (RunModel)" time="0.013" />
  <testcase classname="ptolemy.util.test.junit.AutoTests" name="[53] /home/travis/build/icyphy/ptII/ptolemy/actor/lib/test/auto/Clock16.xml (RunModel)" time="0.114" />
  <testcase classname="ptolemy.util.test.junit.AutoTests" name="[54] /home/travis/build/icyphy/ptII/ptolemy/actor/lib/test/auto/Clock17.xml (RunModel)" time="0.074" />
  <testcase classname="ptolemy.util.test.junit.AutoTests" name="[55] /home/travis/build/icyphy/ptII/ptolemy/actor/lib/test/auto/Clock18.xml (RunModel)" time="0.054" />
  <testcase classname="ptolemy.util.test.junit.AutoTests" name="[56] /home/travis/build/icyphy/ptII/ptolemy/actor/lib/test/auto/Clock19.xml (RunModel)" time="0.045" />
  <testcase classname="ptolemy.util.test.junit.AutoTests" name="[57] /home/travis/build/icyphy/ptII/ptolemy/actor/lib/test/auto/Clock2.xml (RunModel)" time="0.016" />
  <testcase classname="ptolemy.util.test.junit.AutoTests" name="[58] /home/travis/build/icyphy/ptII/ptolemy/actor/lib/test/auto/Clock20.xml (RunModel)" time="0.076" />
  <testcase classname="ptolemy.util.test.junit.AutoTests" name="[59] /home/travis/build/icyphy/ptII/ptolemy/actor/lib/test/auto/Clock21.xml (RunModel)" time="0.019" />
  <testcase classname="ptolemy.util.test.junit.AutoTests" name="[60] /home/travis/build/icyphy/ptII/ptolemy/actor/lib/test/auto/Clock22.xml (RunModel)" time="0.015" />
  <testcase classname="ptolemy.util.test.junit.AutoTests" name="[61] /home/travis/build/icyphy/ptII/ptolemy/actor/lib/test/auto/Clock23.xml (RunModel)" time="0.023" />
  <testcase classname="ptolemy.util.test.junit.AutoTests" name="[62] /home/travis/build/icyphy/ptII/ptolemy/actor/lib/test/auto/Clock24.xml (RunModel)" time="0.015" />
  <testcase classname="ptolemy.util.test.junit.AutoTests" name="[63] /home/travis/build/icyphy/ptII/ptolemy/actor/lib/test/auto/Clock4.xml (RunModel)" time="0.014" />
  <testcase classname="ptolemy.util.test.junit.AutoTests" name="[64] /home/travis/build/icyphy/ptII/ptolemy/actor/lib/test/auto/Clock5.xml (RunModel)" time="0.014" />
  <testcase classname="ptolemy.util.test.junit.AutoTests" name="[65] /home/travis/build/icyphy/ptII/ptolemy/actor/lib/test/auto/Clock6.xml (RunModel)" time="0.011" />
  <testcase classname="ptolemy.util.test.junit.AutoTests" name="[66] /home/travis/build/icyphy/ptII/ptolemy/actor/lib/test/auto/Clock7.xml (RunModel)" time="0.019" />
  <testcase classname="ptolemy.util.test.junit.AutoTests" name="[67] /home/travis/build/icyphy/ptII/ptolemy/actor/lib/test/auto/Clock8.xml (RunModel)" time="0.017" />
  <testcase classname="ptolemy.util.test.junit.AutoTests" name="[68] /home/travis/build/icyphy/ptII/ptolemy/actor/lib/test/auto/Clock9.xml (RunModel)" time="0.021" />
  <testcase classname="ptolemy.util.test.junit.AutoTests" name="[69] /home/travis/build/icyphy/ptII/ptolemy/actor/lib/test/auto/CommDistDiscard.xml (RunModel)" time="0.03" />
  <testcase classname="ptolemy.util.test.junit.AutoTests" name="[70] /home/travis/build/icyphy/ptII/ptolemy/actor/lib/test/auto/Commutator.xml (RunModel)" time="0.018" />
  <testcase classname="ptolemy.util.test.junit.AutoTests" name="[71] /home/travis/build/icyphy/ptII/ptolemy/actor/lib/test/auto/Commutator2.xml (RunModel)" time="0.013" />
  <testcase classname="ptolemy.util.test.junit.AutoTests" name="[72] /home/travis/build/icyphy/ptII/ptolemy/actor/lib/test/auto/Commutator3.xml (RunModel)" time="0.018" />
  <testcase classname="ptolemy.util.test.junit.AutoTests" name="[73] /home/travis/build/icyphy/ptII/ptolemy/actor/lib/test/auto/Compare.xml (RunModel)" time="0.024" />
  <testcase classname="ptolemy.util.test.junit.AutoTests" name="[74] /home/travis/build/icyphy/ptII/ptolemy/actor/lib/test/auto/CompareDE.xml (RunModel)" time="0.028" />
  <testcase classname="ptolemy.util.test.junit.AutoTests" name="[75] /home/travis/build/icyphy/ptII/ptolemy/actor/lib/test/auto/ComplexDivide.xml (RunModel)" time="0.011" />
  <testcase classname="ptolemy.util.test.junit.AutoTests" name="[76] /home/travis/build/icyphy/ptII/ptolemy/actor/lib/test/auto/ComputeHistogram.xml (RunModel)" time="0.063" />
  <testcase classname="ptolemy.util.test.junit.AutoTests" name="[77] /home/travis/build/icyphy/ptII/ptolemy/actor/lib/test/auto/ConfigurationSelect.xml (RunModel)" time="0.024" />
  <testcase classname="ptolemy.util.test.junit.AutoTests" name="[78] /home/travis/build/icyphy/ptII/ptolemy/actor/lib/test/auto/ConfigurationSelect2.xml (RunModel)" time="0.018" />
  <testcase classname="ptolemy.util.test.junit.AutoTests" name="[79] /home/travis/build/icyphy/ptII/ptolemy/actor/lib/test/auto/ConfigurationSwitch.xml (RunModel)" time="0.03" />
  <testcase classname="ptolemy.util.test.junit.AutoTests" name="[80] /home/travis/build/icyphy/ptII/ptolemy/actor/lib/test/auto/ConfigurationSwitch2.xml (RunModel)" time="0.036" />
  <testcase classname="ptolemy.util.test.junit.AutoTests" name="[81] /home/travis/build/icyphy/ptII/ptolemy/actor/lib/test/auto/ConfigurationSwitchCloningBugWithClassRelationGroup.xml (RunModel)" time="0.029" />
  <testcase classname="ptolemy.util.test.junit.AutoTests" name="[82] /home/travis/build/icyphy/ptII/ptolemy/actor/lib/test/auto/ConfigurationSwitchSelectSDF.xml (RunModel)" time="0.019" />
  <testcase classname="ptolemy.util.test.junit.AutoTests" name="[83] /home/travis/build/icyphy/ptII/ptolemy/actor/lib/test/auto/ConfigurationSwitchSelectSDF2.xml (RunModel)" time="0.02" />
  <testcase classname="ptolemy.util.test.junit.AutoTests" name="[84] /home/travis/build/icyphy/ptII/ptolemy/actor/lib/test/auto/Const.xml (RunModel)" time="0.009" />
  <testcase classname="ptolemy.util.test.junit.AutoTests" name="[85] /home/travis/build/icyphy/ptII/ptolemy/actor/lib/test/auto/Const2.xml (RunModel)" time="0.015" />
  <testcase classname="ptolemy.util.test.junit.AutoTests" name="[86] /home/travis/build/icyphy/ptII/ptolemy/actor/lib/test/auto/Const3.xml (RunModel)" time="0.009" />
  <testcase classname="ptolemy.util.test.junit.AutoTests" name="[87] /home/travis/build/icyphy/ptII/ptolemy/actor/lib/test/auto/ConstantPublisherPort1.xml (RunModel)" time="0.029" />
  <testcase classname="ptolemy.util.test.junit.AutoTests" name="[88] /home/travis/build/icyphy/ptII/ptolemy/actor/lib/test/auto/ConstantPublisherPort2.xml (RunModel)" time="0.032" />
  <testcase classname="ptolemy.util.test.junit.AutoTests" name="[89] /home/travis/build/icyphy/ptII/ptolemy/actor/lib/test/auto/ConstantPublisherPort3.xml (RunModel)" time="0.027" />
  <testcase classname="ptolemy.util.test.junit.AutoTests" name="[90] /home/travis/build/icyphy/ptII/ptolemy/actor/lib/test/auto/ConstantPublisherPort4.xml (RunModel)" time="0.023" />
  <testcase classname="ptolemy.util.test.junit.AutoTests" name="[91] /home/travis/build/icyphy/ptII/ptolemy/actor/lib/test/auto/ConstantPublisherPort5.xml (RunModel)" time="0.05" />
  <testcase classname="ptolemy.util.test.junit.AutoTests" name="[92] /home/travis/build/icyphy/ptII/ptolemy/actor/lib/test/auto/ConstantPublisherPort6.xml (RunModel)" time="0.053" />
  <testcase classname="ptolemy.util.test.junit.AutoTests" name="[93] /home/travis/build/icyphy/ptII/ptolemy/actor/lib/test/auto/ConstantPublisherPort7.xml (RunModel)" time="0.045" />
  <testcase classname="ptolemy.util.test.junit.AutoTests" name="[94] /home/travis/build/icyphy/ptII/ptolemy/actor/lib/test/auto/ConstraintMonitor1.xml (RunModel)" time="0.044" />
  <testcase classname="ptolemy.util.test.junit.AutoTests" name="[95] /home/travis/build/icyphy/ptII/ptolemy/actor/lib/test/auto/ConstraintMonitor2.xml (RunModel)" time="0.017" />
  <testcase classname="ptolemy.util.test.junit.AutoTests" name="[96] /home/travis/build/icyphy/ptII/ptolemy/actor/lib/test/auto/ConstraintMonitor3.xml (RunModel)" time="0.025" />
  <testcase classname="ptolemy.util.test.junit.AutoTests" name="[97] /home/travis/build/icyphy/ptII/ptolemy/actor/lib/test/auto/ConstraintMonitor4.xml (RunModel)" time="0.017" />
  <testcase classname="ptolemy.util.test.junit.AutoTests" name="[98] /home/travis/build/icyphy/ptII/ptolemy/actor/lib/test/auto/ConstraintMonitor5.xml (RunModel)" time="0.015" />
  <testcase classname="ptolemy.util.test.junit.AutoTests" name="[99] /home/travis/build/icyphy/ptII/ptolemy/actor/lib/test/auto/ConstraintMonitor6.xml (RunModel)" time="0.014" />
  <testcase classname="ptolemy.util.test.junit.AutoTests" name="[100] /home/travis/build/icyphy/ptII/ptolemy/actor/lib/test/auto/ConstraintMonitor7.xml (RunModel)" time="0.018" />
  <testcase classname="ptolemy.util.test.junit.AutoTests" name="[101] /home/travis/build/icyphy/ptII/ptolemy/actor/lib/test/auto/ConstraintMonitor8.xml (RunModel)" time="0.021" />
  <testcase classname="ptolemy.util.test.junit.AutoTests" name="[102] /home/travis/build/icyphy/ptII/ptolemy/actor/lib/test/auto/Counter.xml (RunModel)" time="0.014" />
  <testcase classname="ptolemy.util.test.junit.AutoTests" name="[103] /home/travis/build/icyphy/ptII/ptolemy/actor/lib/test/auto/CurrentTimeSDF.xml (RunModel)" time="0.011" />
  <testcase classname="ptolemy.util.test.junit.AutoTests" name="[104] /home/travis/build/icyphy/ptII/ptolemy/actor/lib/test/auto/DB.xml (RunModel)" time="0.013" />
  <testcase classname="ptolemy.util.test.junit.AutoTests" name="[105] /home/travis/build/icyphy/ptII/ptolemy/actor/lib/test/auto/DBDE.xml (RunModel)" time="0.016" />
  <testcase classname="ptolemy.util.test.junit.AutoTests" name="[106] /home/travis/build/icyphy/ptII/ptolemy/actor/lib/test/auto/DateConstructor.xml (RunModel)" time="0.095" />
  <testcase classname="ptolemy.util.test.junit.AutoTests" name="[107] /home/travis/build/icyphy/ptII/ptolemy/actor/lib/test/auto/DelayTime.xml (RunModel)" time="0.022" />
  <testcase classname="ptolemy.util.test.junit.AutoTests" name="[108] /home/travis/build/icyphy/ptII/ptolemy/actor/lib/test/auto/Dictionary1.xml (RunModel)" time="0.02" />
  <testcase classname="ptolemy.util.test.junit.AutoTests" name="[109] /home/travis/build/icyphy/ptII/ptolemy/actor/lib/test/auto/Dictionary2.xml (RunModel)" time="0.016" />
  <testcase classname="ptolemy.util.test.junit.AutoTests" name="[110] /home/travis/build/icyphy/ptII/ptolemy/actor/lib/test/auto/Dictionary3.xml (RunModel)" time="0.015" />
  <testcase classname="ptolemy.util.test.junit.AutoTests" name="[111] /home/travis/build/icyphy/ptII/ptolemy/actor/lib/test/auto/Dictionary4.xml (RunModel)" time="0.024" />
  <testcase classname="ptolemy.util.test.junit.AutoTests" name="[112] /home/travis/build/icyphy/ptII/ptolemy/actor/lib/test/auto/Differential.xml (RunModel)" time="0.017" />
  <testcase classname="ptolemy.util.test.junit.AutoTests" name="[113] /home/travis/build/icyphy/ptII/ptolemy/actor/lib/test/auto/Director.xml (RunModel)" time="0.014" />
  <testcase classname="ptolemy.util.test.junit.AutoTests" name="[114] /home/travis/build/icyphy/ptII/ptolemy/actor/lib/test/auto/DiscreteClock.xml (RunModel)" time="0.009" />
  <testcase classname="ptolemy.util.test.junit.AutoTests" name="[115] /home/travis/build/icyphy/ptII/ptolemy/actor/lib/test/auto/DiscreteClock10.xml (RunModel)" time="0.016" />
  <testcase classname="ptolemy.util.test.junit.AutoTests" name="[116] /home/travis/build/icyphy/ptII/ptolemy/actor/lib/test/auto/DiscreteClock11.xml (RunModel)" time="0.014" />
  <testcase classname="ptolemy.util.test.junit.AutoTests" name="[117] /home/travis/build/icyphy/ptII/ptolemy/actor/lib/test/auto/DiscreteClock12.xml (RunModel)" time="0.016" />
  <testcase classname="ptolemy.util.test.junit.AutoTests" name="[118] /home/travis/build/icyphy/ptII/ptolemy/actor/lib/test/auto/DiscreteClock13.xml (RunModel)" time="0.018" />
  <testcase classname="ptolemy.util.test.junit.AutoTests" name="[119] /home/travis/build/icyphy/ptII/ptolemy/actor/lib/test/auto/DiscreteClock14.xml (RunModel)" time="0.019" />
  <testcase classname="ptolemy.util.test.junit.AutoTests" name="[120] /home/travis/build/icyphy/ptII/ptolemy/actor/lib/test/auto/DiscreteClock15.xml (RunModel)" time="0.017" />
  <testcase classname="ptolemy.util.test.junit.AutoTests" name="[121] /home/travis/build/icyphy/ptII/ptolemy/actor/lib/test/auto/DiscreteClock16.xml (RunModel)" time="0.054" />
  <testcase classname="ptolemy.util.test.junit.AutoTests" name="[122] /home/travis/build/icyphy/ptII/ptolemy/actor/lib/test/auto/DiscreteClock17.xml (RunModel)" time="0.043" />
  <testcase classname="ptolemy.util.test.junit.AutoTests" name="[123] /home/travis/build/icyphy/ptII/ptolemy/actor/lib/test/auto/DiscreteClock18.xml (RunModel)" time="0.054" />
  <testcase classname="ptolemy.util.test.junit.AutoTests" name="[124] /home/travis/build/icyphy/ptII/ptolemy/actor/lib/test/auto/DiscreteClock19.xml (RunModel)" time="0.051" />
  <testcase classname="ptolemy.util.test.junit.AutoTests" name="[125] /home/travis/build/icyphy/ptII/ptolemy/actor/lib/test/auto/DiscreteClock2.xml (RunModel)" time="0.012" />
  <testcase classname="ptolemy.util.test.junit.AutoTests" name="[126] /home/travis/build/icyphy/ptII/ptolemy/actor/lib/test/auto/DiscreteClock20.xml (RunModel)" time="0.024" />
  <testcase classname="ptolemy.util.test.junit.AutoTests" name="[127] /home/travis/build/icyphy/ptII/ptolemy/actor/lib/test/auto/DiscreteClock21.xml (RunModel)" time="0.019" />
  <testcase classname="ptolemy.util.test.junit.AutoTests" name="[128] /home/travis/build/icyphy/ptII/ptolemy/actor/lib/test/auto/DiscreteClock22.xml (RunModel)" time="0.017" />
  <testcase classname="ptolemy.util.test.junit.AutoTests" name="[129] /home/travis/build/icyphy/ptII/ptolemy/actor/lib/test/auto/DiscreteClock23.xml (RunModel)" time="0.027" />
  <testcase classname="ptolemy.util.test.junit.AutoTests" name="[130] /home/travis/build/icyphy/ptII/ptolemy/actor/lib/test/auto/DiscreteClock24.xml (RunModel)" time="0.015" />
  <testcase classname="ptolemy.util.test.junit.AutoTests" name="[131] /home/travis/build/icyphy/ptII/ptolemy/actor/lib/test/auto/DiscreteClock4.xml (RunModel)" time="0.013" />
  <testcase classname="ptolemy.util.test.junit.AutoTests" name="[132] /home/travis/build/icyphy/ptII/ptolemy/actor/lib/test/auto/DiscreteClock5.xml (RunModel)" time="0.01" />
  <testcase classname="ptolemy.util.test.junit.AutoTests" name="[133] /home/travis/build/icyphy/ptII/ptolemy/actor/lib/test/auto/DiscreteClock6.xml (RunModel)" time="0.014" />
  <testcase classname="ptolemy.util.test.junit.AutoTests" name="[134] /home/travis/build/icyphy/ptII/ptolemy/actor/lib/test/auto/DiscreteClock7.xml (RunModel)" time="0.012" />
  <testcase classname="ptolemy.util.test.junit.AutoTests" name="[135] /home/travis/build/icyphy/ptII/ptolemy/actor/lib/test/auto/DiscreteClock8.xml (RunModel)" time="0.024" />
  <testcase classname="ptolemy.util.test.junit.AutoTests" name="[136] /home/travis/build/icyphy/ptII/ptolemy/actor/lib/test/auto/DiscreteClock9.xml (RunModel)" time="0.018" />
  <testcase classname="ptolemy.util.test.junit.AutoTests" name="[137] /home/travis/build/icyphy/ptII/ptolemy/actor/lib/test/auto/DisplayArray.xml (RunModel)" time="0.012" />
  <testcase classname="ptolemy.util.test.junit.AutoTests" name="[138] /home/travis/build/icyphy/ptII/ptolemy/actor/lib/test/auto/Distributor.xml (RunModel)" time="0.011" />
  <testcase classname="ptolemy.util.test.junit.AutoTests" name="[139] /home/travis/build/icyphy/ptII/ptolemy/actor/lib/test/auto/Distributor2.xml (RunModel)" time="0.011" />
  <testcase classname="ptolemy.util.test.junit.AutoTests" name="[140] /home/travis/build/icyphy/ptII/ptolemy/actor/lib/test/auto/DownSample.xml (RunModel)" time="0.017" />
  <testcase classname="ptolemy.util.test.junit.AutoTests" name="[141] /home/travis/build/icyphy/ptII/ptolemy/actor/lib/test/auto/ElectronicUnitBase1.xml (RunModel)" time="0.089" />
  <testcase classname="ptolemy.util.test.junit.AutoTests" name="[142] /home/travis/build/icyphy/ptII/ptolemy/actor/lib/test/auto/ElementsToArray.xml (RunModel)" time="0.012" />
  <testcase classname="ptolemy.util.test.junit.AutoTests" name="[143] /home/travis/build/icyphy/ptII/ptolemy/actor/lib/test/auto/Equals.xml (RunModel)" time="0.021" />
  <testcase classname="ptolemy.util.test.junit.AutoTests" name="[144] /home/travis/build/icyphy/ptII/ptolemy/actor/lib/test/auto/Exec.xml (RunModel)" time="0.034" />
  <testcase classname="ptolemy.util.test.junit.AutoTests" name="[145] /home/travis/build/icyphy/ptII/ptolemy/actor/lib/test/auto/ExecEnvironment.xml (RunModel)" time="0.052" />
  <testcase classname="ptolemy.util.test.junit.AutoTests" name="[146] /home/travis/build/icyphy/ptII/ptolemy/actor/lib/test/auto/ExecNonZeroReturnOutput.xml (RunModel)" time="0.199" />
  <testcase classname="ptolemy.util.test.junit.AutoTests" name="[147] /home/travis/build/icyphy/ptII/ptolemy/actor/lib/test/auto/ExecRunDemos.xml (RunModel)" time="11.28">
    <error type="java.lang.reflect.InvocationTargetException">java.lang.reflect.InvocationTargetException
	at jdk.internal.reflect.GeneratedConstructorAccessor36.newInstance(Unknown Source)
	at java.base/jdk.internal.reflect.DelegatingConstructorAccessorImpl.newInstance(DelegatingConstructorAccessorImpl.java:45)
	at java.base/java.lang.reflect.Constructor.newInstance(Constructor.java:490)
	at ptolemy.util.test.junit.AutoTests.RunModel(AutoTests.java:193)
	at jdk.internal.reflect.GeneratedMethodAccessor43.invoke(Unknown Source)
	at java.base/jdk.internal.reflect.DelegatingMethodAccessorImpl.invoke(DelegatingMethodAccessorImpl.java:43)
	at junitparams.internal.InvokeParameterisedMethod.evaluate(InvokeParameterisedMethod.java:102)
Caused by: ptolemy.kernel.util.IllegalActionException: Test fails in iteration 0.
Value was: &quot;WARNING: An illegal reflective access operation has occurred\nWARNING: Illegal reflective access by io.netty.util.internal.ReflectionUtil (file:/home/travis/build/icyphy/ptII/lib/netty-common-4.1.19.Final.jar) to constructor java.nio.DirectByteBuffer(long,int)\nWARNING: Please consider reporting this to the maintainers of io.netty.util.internal.ReflectionUtil\nWARNING: Use --illegal-access=warn to enable warnings of further illegal reflective access operations\nWARNING: All illegal access operations will be denied in a future release\n&quot;. Should have been: &quot;&quot;
  in .ExecRunDemos.Test
	at ptolemy.actor.lib.Test.fire(Test.java:268)
	at ptolemy.actor.AtomicActor.iterate(AtomicActor.java:512)
	at ptolemy.actor.sched.StaticSchedulingDirector.fire(StaticSchedulingDirector.java:216)
	at ptolemy.domains.sdf.kernel.SDFDirector.fire(SDFDirector.java:500)
	at ptolemy.actor.CompositeActor.fire(CompositeActor.java:455)
	at ptolemy.actor.Manager.iterate(Manager.java:851)
	at ptolemy.actor.Manager.execute(Manager.java:369)
	at ptolemy.actor.Manager.run(Manager.java:1263)
	at ptolemy.actor.Manager$PtolemyRunThread.run(Manager.java:1915)
</error>
  </testcase>
  <testcase classname="ptolemy.util.test.junit.AutoTests" name="[148] /home/travis/build/icyphy/ptII/ptolemy/actor/lib/test/auto/ExecStop.xml (RunModel)" time="5.039" />
  <testcase classname="ptolemy.util.test.junit.AutoTests" name="[149] /home/travis/build/icyphy/ptII/ptolemy/actor/lib/test/auto/ExecutionTimeSDF.xml (RunModel)" time="6.035" />
  <testcase classname="ptolemy.util.test.junit.AutoTests" name="[150] /home/travis/build/icyphy/ptII/ptolemy/actor/lib/test/auto/Expression1.xml (RunModel)" time="0.031" />
  <testcase classname="ptolemy.util.test.junit.AutoTests" name="[151] /home/travis/build/icyphy/ptII/ptolemy/actor/lib/test/auto/Expression10.xml (RunModel)" time="0.045" />
  <testcase classname="ptolemy.util.test.junit.AutoTests" name="[152] /home/travis/build/icyphy/ptII/ptolemy/actor/lib/test/auto/Expression11.xml (RunModel)" time="0.021" />
  <testcase classname="ptolemy.util.test.junit.AutoTests" name="[153] /home/travis/build/icyphy/ptII/ptolemy/actor/lib/test/auto/Expression12.xml (RunModel)" time="0.028" />
  <testcase classname="ptolemy.util.test.junit.AutoTests" name="[154] /home/travis/build/icyphy/ptII/ptolemy/actor/lib/test/auto/Expression13.xml (RunModel)" time="0.015" />
  <testcase classname="ptolemy.util.test.junit.AutoTests" name="[155] /home/travis/build/icyphy/ptII/ptolemy/actor/lib/test/auto/Expression14.xml (RunModel)" time="0.021" />
  <testcase classname="ptolemy.util.test.junit.AutoTests" name="[156] /home/travis/build/icyphy/ptII/ptolemy/actor/lib/test/auto/Expression15.xml (RunModel)" time="0.01" />
  <testcase classname="ptolemy.util.test.junit.AutoTests" name="[157] /home/travis/build/icyphy/ptII/ptolemy/actor/lib/test/auto/Expression16.xml (RunModel)" time="0.014" />
  <testcase classname="ptolemy.util.test.junit.AutoTests" name="[158] /home/travis/build/icyphy/ptII/ptolemy/actor/lib/test/auto/Expression17.xml (RunModel)" time="0.013" />
  <testcase classname="ptolemy.util.test.junit.AutoTests" name="[159] /home/travis/build/icyphy/ptII/ptolemy/actor/lib/test/auto/Expression18.xml (RunModel)" time="0.015" />
  <testcase classname="ptolemy.util.test.junit.AutoTests" name="[160] /home/travis/build/icyphy/ptII/ptolemy/actor/lib/test/auto/Expression2.xml (RunModel)" time="0.016" />
  <testcase classname="ptolemy.util.test.junit.AutoTests" name="[161] /home/travis/build/icyphy/ptII/ptolemy/actor/lib/test/auto/Expression3.xml (RunModel)" time="0.016" />
  <testcase classname="ptolemy.util.test.junit.AutoTests" name="[162] /home/travis/build/icyphy/ptII/ptolemy/actor/lib/test/auto/Expression4.xml (RunModel)" time="0.023" />
  <testcase classname="ptolemy.util.test.junit.AutoTests" name="[163] /home/travis/build/icyphy/ptII/ptolemy/actor/lib/test/auto/Expression5.xml (RunModel)" time="0.017" />
  <testcase classname="ptolemy.util.test.junit.AutoTests" name="[164] /home/travis/build/icyphy/ptII/ptolemy/actor/lib/test/auto/Expression6.xml (RunModel)" time="0.011" />
  <testcase classname="ptolemy.util.test.junit.AutoTests" name="[165] /home/travis/build/icyphy/ptII/ptolemy/actor/lib/test/auto/Expression7.xml (RunModel)" time="0.014" />
  <testcase classname="ptolemy.util.test.junit.AutoTests" name="[166] /home/travis/build/icyphy/ptII/ptolemy/actor/lib/test/auto/Expression8.xml (RunModel)" time="0.019" />
  <testcase classname="ptolemy.util.test.junit.AutoTests" name="[167] /home/travis/build/icyphy/ptII/ptolemy/actor/lib/test/auto/Expression9.xml (RunModel)" time="0.011" />
  <testcase classname="ptolemy.util.test.junit.AutoTests" name="[168] /home/travis/build/icyphy/ptII/ptolemy/actor/lib/test/auto/ExpressionConcatenateArrayType.xml (RunModel)" time="0.038" />
  <testcase classname="ptolemy.util.test.junit.AutoTests" name="[169] /home/travis/build/icyphy/ptII/ptolemy/actor/lib/test/auto/ExpressionConcatenateArrayType2.xml (RunModel)" time="0.027" />
  <testcase classname="ptolemy.util.test.junit.AutoTests" name="[170] /home/travis/build/icyphy/ptII/ptolemy/actor/lib/test/auto/ExpressionFix.xml (RunModel)" time="0.05" />
  <testcase classname="ptolemy.util.test.junit.AutoTests" name="[171] /home/travis/build/icyphy/ptII/ptolemy/actor/lib/test/auto/ExpressionFix2.xml (RunModel)" time="0.017" />
  <testcase classname="ptolemy.util.test.junit.AutoTests" name="[172] /home/travis/build/icyphy/ptII/ptolemy/actor/lib/test/auto/ExpressionFix3.xml (RunModel)" time="0.014" />
  <testcase classname="ptolemy.util.test.junit.AutoTests" name="[173] /home/travis/build/icyphy/ptII/ptolemy/actor/lib/test/auto/FileWriter1.xml (RunModel)" time="0.01" />
  <testcase classname="ptolemy.util.test.junit.AutoTests" name="[174] /home/travis/build/icyphy/ptII/ptolemy/actor/lib/test/auto/FileWriter2.xml (RunModel)" time="0.017" />
  <testcase classname="ptolemy.util.test.junit.AutoTests" name="[175] /home/travis/build/icyphy/ptII/ptolemy/actor/lib/test/auto/FileWriter3.xml (RunModel)" time="0.012" />
  <testcase classname="ptolemy.util.test.junit.AutoTests" name="[176] /home/travis/build/icyphy/ptII/ptolemy/actor/lib/test/auto/Gaussian.xml (RunModel)" time="0.013" />
  <testcase classname="ptolemy.util.test.junit.AutoTests" name="[177] /home/travis/build/icyphy/ptII/ptolemy/actor/lib/test/auto/Gaussian1.xml (RunModel)" time="0.015" />
  <testcase classname="ptolemy.util.test.junit.AutoTests" name="[178] /home/travis/build/icyphy/ptII/ptolemy/actor/lib/test/auto/Gaussian2.xml (RunModel)" time="0.026" />
  <testcase classname="ptolemy.util.test.junit.AutoTests" name="[179] /home/travis/build/icyphy/ptII/ptolemy/actor/lib/test/auto/GradientAdaptiveLattice.xml (RunModel)" time="0.044" />
  <testcase classname="ptolemy.util.test.junit.AutoTests" name="[180] /home/travis/build/icyphy/ptII/ptolemy/actor/lib/test/auto/IIR.xml (RunModel)" time="0.025" />
  <testcase classname="ptolemy.util.test.junit.AutoTests" name="[181] /home/travis/build/icyphy/ptII/ptolemy/actor/lib/test/auto/InputOutputTransparentPorts.xml (RunModel)" time="0.021" />
  <testcase classname="ptolemy.util.test.junit.AutoTests" name="[182] /home/travis/build/icyphy/ptII/ptolemy/actor/lib/test/auto/Interpolator.xml (RunModel)" time="0.015" />
  <testcase classname="ptolemy.util.test.junit.AutoTests" name="[183] /home/travis/build/icyphy/ptII/ptolemy/actor/lib/test/auto/InterpolatorFiringLimitDE.xml (RunModel)" time="0.015" />
  <testcase classname="ptolemy.util.test.junit.AutoTests" name="[184] /home/travis/build/icyphy/ptII/ptolemy/actor/lib/test/auto/Lattice.xml (RunModel)" time="0.009" />
  <testcase classname="ptolemy.util.test.junit.AutoTests" name="[185] /home/travis/build/icyphy/ptII/ptolemy/actor/lib/test/auto/LazyAOCTestLazy.xml (RunModel)" time="0.025" />
  <testcase classname="ptolemy.util.test.junit.AutoTests" name="[186] /home/travis/build/icyphy/ptII/ptolemy/actor/lib/test/auto/LazyAOCTestNonLazy.xml (RunModel)" time="0.054" />
  <testcase classname="ptolemy.util.test.junit.AutoTests" name="[187] /home/travis/build/icyphy/ptII/ptolemy/actor/lib/test/auto/LazyInnerClass.xml (RunModel)" time="0.028" />
  <testcase classname="ptolemy.util.test.junit.AutoTests" name="[188] /home/travis/build/icyphy/ptII/ptolemy/actor/lib/test/auto/LazyPubSub.xml (RunModel)" time="0.038" />
  <testcase classname="ptolemy.util.test.junit.AutoTests" name="[189] /home/travis/build/icyphy/ptII/ptolemy/actor/lib/test/auto/LazyPubSub2.xml (RunModel)" time="0.045" />
  <testcase classname="ptolemy.util.test.junit.AutoTests" name="[190] /home/travis/build/icyphy/ptII/ptolemy/actor/lib/test/auto/LazyPubSub3.xml (RunModel)" time="0.041" />
  <testcase classname="ptolemy.util.test.junit.AutoTests" name="[191] /home/travis/build/icyphy/ptII/ptolemy/actor/lib/test/auto/LazySubClassModel.xml (RunModel)" time="0.046" />
  <testcase classname="ptolemy.util.test.junit.AutoTests" name="[192] /home/travis/build/icyphy/ptII/ptolemy/actor/lib/test/auto/LevelCrossTest1.xml (RunModel)" time="0.012" />
  <testcase classname="ptolemy.util.test.junit.AutoTests" name="[193] /home/travis/build/icyphy/ptII/ptolemy/actor/lib/test/auto/LevelCrossTest10.xml (RunModel)" time="0.016" />
  <testcase classname="ptolemy.util.test.junit.AutoTests" name="[194] /home/travis/build/icyphy/ptII/ptolemy/actor/lib/test/auto/LevelCrossTest11.xml (RunModel)" time="0.019" />
  <testcase classname="ptolemy.util.test.junit.AutoTests" name="[195] /home/travis/build/icyphy/ptII/ptolemy/actor/lib/test/auto/LevelCrossTest12.xml (RunModel)" time="0.019" />
  <testcase classname="ptolemy.util.test.junit.AutoTests" name="[196] /home/travis/build/icyphy/ptII/ptolemy/actor/lib/test/auto/LevelCrossTest13.xml (RunModel)" time="0.02" />
  <testcase classname="ptolemy.util.test.junit.AutoTests" name="[197] /home/travis/build/icyphy/ptII/ptolemy/actor/lib/test/auto/LevelCrossTest2.xml (RunModel)" time="0.011" />
  <testcase classname="ptolemy.util.test.junit.AutoTests" name="[198] /home/travis/build/icyphy/ptII/ptolemy/actor/lib/test/auto/LevelCrossTest3.xml (RunModel)" time="0.015" />
  <testcase classname="ptolemy.util.test.junit.AutoTests" name="[199] /home/travis/build/icyphy/ptII/ptolemy/actor/lib/test/auto/LevelCrossTest4.xml (RunModel)" time="0.011" />
  <testcase classname="ptolemy.util.test.junit.AutoTests" name="[200] /home/travis/build/icyphy/ptII/ptolemy/actor/lib/test/auto/LevelCrossTest5.xml (RunModel)" time="0.015" />
  <testcase classname="ptolemy.util.test.junit.AutoTests" name="[201] /home/travis/build/icyphy/ptII/ptolemy/actor/lib/test/auto/LevelCrossTest6.xml (RunModel)" time="0.013" />
  <testcase classname="ptolemy.util.test.junit.AutoTests" name="[202] /home/travis/build/icyphy/ptII/ptolemy/actor/lib/test/auto/LevelCrossTest7.xml (RunModel)" time="0.023" />
  <testcase classname="ptolemy.util.test.junit.AutoTests" name="[203] /home/travis/build/icyphy/ptII/ptolemy/actor/lib/test/auto/LevelCrossTest8.xml (RunModel)" time="0.014" />
  <testcase classname="ptolemy.util.test.junit.AutoTests" name="[204] /home/travis/build/icyphy/ptII/ptolemy/actor/lib/test/auto/LevelCrossTest9.xml (RunModel)" time="0.017" />
  <testcase classname="ptolemy.util.test.junit.AutoTests" name="[205] /home/travis/build/icyphy/ptII/ptolemy/actor/lib/test/auto/LevinsonDurbin.xml (RunModel)" time="0.012" />
  <testcase classname="ptolemy.util.test.junit.AutoTests" name="[206] /home/travis/build/icyphy/ptII/ptolemy/actor/lib/test/auto/LevinsonDurbin2.xml (RunModel)" time="0.01" />
  <testcase classname="ptolemy.util.test.junit.AutoTests" name="[207] /home/travis/build/icyphy/ptII/ptolemy/actor/lib/test/auto/LevinsonDurbin3.xml (RunModel)" time="0.012" />
  <testcase classname="ptolemy.util.test.junit.AutoTests" name="[208] /home/travis/build/icyphy/ptII/ptolemy/actor/lib/test/auto/Limiter.xml (RunModel)" time="0.055" />
  <testcase classname="ptolemy.util.test.junit.AutoTests" name="[209] /home/travis/build/icyphy/ptII/ptolemy/actor/lib/test/auto/LinearDifferenceEquationSystem.xml (RunModel)" time="0.035" />
  <testcase classname="ptolemy.util.test.junit.AutoTests" name="[210] /home/travis/build/icyphy/ptII/ptolemy/actor/lib/test/auto/LookupTable.xml (RunModel)" time="0.018" />
  <testcase classname="ptolemy.util.test.junit.AutoTests" name="[211] /home/travis/build/icyphy/ptII/ptolemy/actor/lib/test/auto/MathFunction.xml (RunModel)" time="0.026" />
  <testcase classname="ptolemy.util.test.junit.AutoTests" name="[212] /home/travis/build/icyphy/ptII/ptolemy/actor/lib/test/auto/MathFunction2.xml (RunModel)" time="0.01" />
  <testcase classname="ptolemy.util.test.junit.AutoTests" name="[213] /home/travis/build/icyphy/ptII/ptolemy/actor/lib/test/auto/MathFunction3.xml (RunModel)" time="0.018" />
  <testcase classname="ptolemy.util.test.junit.AutoTests" name="[214] /home/travis/build/icyphy/ptII/ptolemy/actor/lib/test/auto/MatrixCropBoolean.xml (RunModel)" time="0.011" />
  <testcase classname="ptolemy.util.test.junit.AutoTests" name="[215] /home/travis/build/icyphy/ptII/ptolemy/actor/lib/test/auto/MatrixCropComplex.xml (RunModel)" time="0.01" />
  <testcase classname="ptolemy.util.test.junit.AutoTests" name="[216] /home/travis/build/icyphy/ptII/ptolemy/actor/lib/test/auto/MatrixCropDouble.xml (RunModel)" time="0.011" />
  <testcase classname="ptolemy.util.test.junit.AutoTests" name="[217] /home/travis/build/icyphy/ptII/ptolemy/actor/lib/test/auto/MatrixCropFix.xml (RunModel)" time="0.018" />
  <testcase classname="ptolemy.util.test.junit.AutoTests" name="[218] /home/travis/build/icyphy/ptII/ptolemy/actor/lib/test/auto/MatrixCropInt.xml (RunModel)" time="0.013" />
  <testcase classname="ptolemy.util.test.junit.AutoTests" name="[219] /home/travis/build/icyphy/ptII/ptolemy/actor/lib/test/auto/MatrixCropLong.xml (RunModel)" time="0.012" />
  <testcase classname="ptolemy.util.test.junit.AutoTests" name="[220] /home/travis/build/icyphy/ptII/ptolemy/actor/lib/test/auto/MatrixToArray.xml (RunModel)" time="0.048" />
  <testcase classname="ptolemy.util.test.junit.AutoTests" name="[221] /home/travis/build/icyphy/ptII/ptolemy/actor/lib/test/auto/MaxIndex.xml (RunModel)" time="0.014" />
  <testcase classname="ptolemy.util.test.junit.AutoTests" name="[222] /home/travis/build/icyphy/ptII/ptolemy/actor/lib/test/auto/Maximum.xml (RunModel)" time="0.019" />
  <testcase classname="ptolemy.util.test.junit.AutoTests" name="[223] /home/travis/build/icyphy/ptII/ptolemy/actor/lib/test/auto/MaximumComplex.xml (RunModel)" time="0.018" />
  <testcase classname="ptolemy.util.test.junit.AutoTests" name="[224] /home/travis/build/icyphy/ptII/ptolemy/actor/lib/test/auto/MethodCallTest.xml (RunModel)" time="0.026" />
  <testcase classname="ptolemy.util.test.junit.AutoTests" name="[225] /home/travis/build/icyphy/ptII/ptolemy/actor/lib/test/auto/Minimum.xml (RunModel)" time="0.015" />
  <testcase classname="ptolemy.util.test.junit.AutoTests" name="[226] /home/travis/build/icyphy/ptII/ptolemy/actor/lib/test/auto/MinimumComplex.xml (RunModel)" time="0.028" />
  <testcase classname="ptolemy.util.test.junit.AutoTests" name="[227] /home/travis/build/icyphy/ptII/ptolemy/actor/lib/test/auto/MinimumMultiports.xml (RunModel)" time="0.025" />
  <testcase classname="ptolemy.util.test.junit.AutoTests" name="[228] /home/travis/build/icyphy/ptII/ptolemy/actor/lib/test/auto/ModifyDate.xml (RunModel)" time="0.053" />
  <testcase classname="ptolemy.util.test.junit.AutoTests" name="[229] /home/travis/build/icyphy/ptII/ptolemy/actor/lib/test/auto/ModifyDate2.xml (RunModel)" time="0.058" />
  <testcase classname="ptolemy.util.test.junit.AutoTests" name="[230] /home/travis/build/icyphy/ptII/ptolemy/actor/lib/test/auto/MovingAverage.xml (RunModel)" time="0.016" />
  <testcase classname="ptolemy.util.test.junit.AutoTests" name="[231] /home/travis/build/icyphy/ptII/ptolemy/actor/lib/test/auto/MovingMaximum.xml (RunModel)" time="0.013" />
  <testcase classname="ptolemy.util.test.junit.AutoTests" name="[232] /home/travis/build/icyphy/ptII/ptolemy/actor/lib/test/auto/MultipleLinksToSameRelation.xml (RunModel)" time="0.011" />
  <testcase classname="ptolemy.util.test.junit.AutoTests" name="[233] /home/travis/build/icyphy/ptII/ptolemy/actor/lib/test/auto/MultipleLinksToSameRelationDE.xml (RunModel)" time="0.019" />
  <testcase classname="ptolemy.util.test.junit.AutoTests" name="[234] /home/travis/build/icyphy/ptII/ptolemy/actor/lib/test/auto/Multiplexor.xml (RunModel)" time="0.013" />
  <testcase classname="ptolemy.util.test.junit.AutoTests" name="[235] /home/travis/build/icyphy/ptII/ptolemy/actor/lib/test/auto/Multiplexor1.xml (RunModel)" time="0.013" />
  <testcase classname="ptolemy.util.test.junit.AutoTests" name="[236] /home/travis/build/icyphy/ptII/ptolemy/actor/lib/test/auto/Multiplexor2.xml (RunModel)" time="0.026" />
  <testcase classname="ptolemy.util.test.junit.AutoTests" name="[237] /home/travis/build/icyphy/ptII/ptolemy/actor/lib/test/auto/Multiplexor3.xml (RunModel)" time="0.011" />
  <testcase classname="ptolemy.util.test.junit.AutoTests" name="[238] /home/travis/build/icyphy/ptII/ptolemy/actor/lib/test/auto/MultiplexorDE.xml (RunModel)" time="0.019" />
  <testcase classname="ptolemy.util.test.junit.AutoTests" name="[239] /home/travis/build/icyphy/ptII/ptolemy/actor/lib/test/auto/MultiportBroadcastTest.xml (RunModel)" time="0.114" />
  <testcase classname="ptolemy.util.test.junit.AutoTests" name="[240] /home/travis/build/icyphy/ptII/ptolemy/actor/lib/test/auto/MultiportOutHangDuringGetWidth.xml (RunModel)" time="0.038" />
  <testcase classname="ptolemy.util.test.junit.AutoTests" name="[241] /home/travis/build/icyphy/ptII/ptolemy/actor/lib/test/auto/NilToken.xml (RunModel)" time="0.017" />
  <testcase classname="ptolemy.util.test.junit.AutoTests" name="[242] /home/travis/build/icyphy/ptII/ptolemy/actor/lib/test/auto/NilTokenNonStrictTest.xml (RunModel)" time="0.016" />
  <testcase classname="ptolemy.util.test.junit.AutoTests" name="[243] /home/travis/build/icyphy/ptII/ptolemy/actor/lib/test/auto/NilTokenRecord.xml (RunModel)" time="0.04" />
  <testcase classname="ptolemy.util.test.junit.AutoTests" name="[244] /home/travis/build/icyphy/ptII/ptolemy/actor/lib/test/auto/NilTokenTypeTest.xml (RunModel)" time="0.033" />
  <testcase classname="ptolemy.util.test.junit.AutoTests" name="[245] /home/travis/build/icyphy/ptII/ptolemy/actor/lib/test/auto/ObjectToken1.xml (RunModel)" time="0.009" />
  <testcase classname="ptolemy.util.test.junit.AutoTests" name="[246] /home/travis/build/icyphy/ptII/ptolemy/actor/lib/test/auto/OrderedMerge.xml (RunModel)" time="0.016" />
  <testcase classname="ptolemy.util.test.junit.AutoTests" name="[247] /home/travis/build/icyphy/ptII/ptolemy/actor/lib/test/auto/OrderedRecordDisassembler.xml (RunModel)" time="0.021" />
  <testcase classname="ptolemy.util.test.junit.AutoTests" name="[248] /home/travis/build/icyphy/ptII/ptolemy/actor/lib/test/auto/OrderedRecordDisassembler2.xml (RunModel)" time="0.02" />
  <testcase classname="ptolemy.util.test.junit.AutoTests" name="[249] /home/travis/build/icyphy/ptII/ptolemy/actor/lib/test/auto/OrderedRecordUpdater.xml (RunModel)" time="0.012" />
  <testcase classname="ptolemy.util.test.junit.AutoTests" name="[250] /home/travis/build/icyphy/ptII/ptolemy/actor/lib/test/auto/OrderedRecordUpdater2.xml (RunModel)" time="0.02" />
  <testcase classname="ptolemy.util.test.junit.AutoTests" name="[251] /home/travis/build/icyphy/ptII/ptolemy/actor/lib/test/auto/PhaseUnwrap.xml (RunModel)" time="0.014" />
  <testcase classname="ptolemy.util.test.junit.AutoTests" name="[252] /home/travis/build/icyphy/ptII/ptolemy/actor/lib/test/auto/PoissonClock.xml (RunModel)" time="0.012" />
  <testcase classname="ptolemy.util.test.junit.AutoTests" name="[253] /home/travis/build/icyphy/ptII/ptolemy/actor/lib/test/auto/PoissonClock2.xml (RunModel)" time="0.008" />
  <testcase classname="ptolemy.util.test.junit.AutoTests" name="[254] /home/travis/build/icyphy/ptII/ptolemy/actor/lib/test/auto/PoissonClock3.xml (RunModel)" time="0.026" />
  <testcase classname="ptolemy.util.test.junit.AutoTests" name="[255] /home/travis/build/icyphy/ptII/ptolemy/actor/lib/test/auto/PubSubWithInitialTokens.xml (RunModel)" time="0.014" />
  <testcase classname="ptolemy.util.test.junit.AutoTests" name="[256] /home/travis/build/icyphy/ptII/ptolemy/actor/lib/test/auto/PubSubWithInitialTokens2.xml (RunModel)" time="0.014" />
  <testcase classname="ptolemy.util.test.junit.AutoTests" name="[257] /home/travis/build/icyphy/ptII/ptolemy/actor/lib/test/auto/PublisherClassNoParameter.xml (RunModel)" time="0.029" />
  <testcase classname="ptolemy.util.test.junit.AutoTests" name="[258] /home/travis/build/icyphy/ptII/ptolemy/actor/lib/test/auto/PublisherClassParameter.xml (RunModel)" time="0.02" />
  <testcase classname="ptolemy.util.test.junit.AutoTests" name="[259] /home/travis/build/icyphy/ptII/ptolemy/actor/lib/test/auto/PublisherNonStrictTest.xml (RunModel)" time="0.015" />
  <testcase classname="ptolemy.util.test.junit.AutoTests" name="[260] /home/travis/build/icyphy/ptII/ptolemy/actor/lib/test/auto/PublisherPort1.xml (RunModel)" time="0.011" />
  <testcase classname="ptolemy.util.test.junit.AutoTests" name="[261] /home/travis/build/icyphy/ptII/ptolemy/actor/lib/test/auto/PublisherPort2.xml (RunModel)" time="0.02" />
  <testcase classname="ptolemy.util.test.junit.AutoTests" name="[262] /home/travis/build/icyphy/ptII/ptolemy/actor/lib/test/auto/PublisherPort3.xml (RunModel)" time="0.018" />
  <testcase classname="ptolemy.util.test.junit.AutoTests" name="[263] /home/travis/build/icyphy/ptII/ptolemy/actor/lib/test/auto/PublisherPort4.xml (RunModel)" time="0.016" />
  <testcase classname="ptolemy.util.test.junit.AutoTests" name="[264] /home/travis/build/icyphy/ptII/ptolemy/actor/lib/test/auto/PublisherPort5.xml (RunModel)" time="0.022" />
  <testcase classname="ptolemy.util.test.junit.AutoTests" name="[265] /home/travis/build/icyphy/ptII/ptolemy/actor/lib/test/auto/PublisherPort5LookAlike.xml (RunModel)" time="0.023" />
  <testcase classname="ptolemy.util.test.junit.AutoTests" name="[266] /home/travis/build/icyphy/ptII/ptolemy/actor/lib/test/auto/PublisherPort6.xml (RunModel)" time="0.013" />
  <testcase classname="ptolemy.util.test.junit.AutoTests" name="[267] /home/travis/build/icyphy/ptII/ptolemy/actor/lib/test/auto/PublisherPort7.xml (RunModel)" time="0.015" />
  <testcase classname="ptolemy.util.test.junit.AutoTests" name="[268] /home/travis/build/icyphy/ptII/ptolemy/actor/lib/test/auto/PublisherPort8.xml (RunModel)" time="0.019" />
  <testcase classname="ptolemy.util.test.junit.AutoTests" name="[269] /home/travis/build/icyphy/ptII/ptolemy/actor/lib/test/auto/PublisherPortSubscriberChannelVariablesAOC2.xml (RunModel)" time="0.043" />
  <testcase classname="ptolemy.util.test.junit.AutoTests" name="[270] /home/travis/build/icyphy/ptII/ptolemy/actor/lib/test/auto/PublisherPortSubscriberOpaqueWidthInference.xml (RunModel)" time="0.019" />
  <testcase classname="ptolemy.util.test.junit.AutoTests" name="[271] /home/travis/build/icyphy/ptII/ptolemy/actor/lib/test/auto/PublisherPortSubscriberPortAdjacent.xml (RunModel)" time="0.025" />
  <testcase classname="ptolemy.util.test.junit.AutoTests" name="[272] /home/travis/build/icyphy/ptII/ptolemy/actor/lib/test/auto/PublisherPortSubscriberPortExpression.xml (RunModel)" time="0.02" />
  <testcase classname="ptolemy.util.test.junit.AutoTests" name="[273] /home/travis/build/icyphy/ptII/ptolemy/actor/lib/test/auto/PublisherPortSubscriberPortOpaqueD3Reverse.xml (RunModel)" time="0.041" />
  <testcase classname="ptolemy.util.test.junit.AutoTests" name="[274] /home/travis/build/icyphy/ptII/ptolemy/actor/lib/test/auto/PublisherPortSubscriberPortOpaqueWidthInference.xml (RunModel)" time="0.017" />
  <testcase classname="ptolemy.util.test.junit.AutoTests" name="[275] /home/travis/build/icyphy/ptII/ptolemy/actor/lib/test/auto/PublisherPortToplevelSubscriberPortAOC.xml (RunModel)" time="0.013" />
  <testcase classname="ptolemy.util.test.junit.AutoTests" name="[276] /home/travis/build/icyphy/ptII/ptolemy/actor/lib/test/auto/PublisherSubscriber.xml (RunModel)" time="0.015" />
  <testcase classname="ptolemy.util.test.junit.AutoTests" name="[277] /home/travis/build/icyphy/ptII/ptolemy/actor/lib/test/auto/PublisherSubscriber10.xml (RunModel)" time="0.023" />
  <testcase classname="ptolemy.util.test.junit.AutoTests" name="[278] /home/travis/build/icyphy/ptII/ptolemy/actor/lib/test/auto/PublisherSubscriber10InitialOutputs.xml (RunModel)" time="0.026" />
  <testcase classname="ptolemy.util.test.junit.AutoTests" name="[279] /home/travis/build/icyphy/ptII/ptolemy/actor/lib/test/auto/PublisherSubscriber11.xml (RunModel)" time="0.025" />
  <testcase classname="ptolemy.util.test.junit.AutoTests" name="[280] /home/travis/build/icyphy/ptII/ptolemy/actor/lib/test/auto/PublisherSubscriber12.xml (RunModel)" time="0.026" />
  <testcase classname="ptolemy.util.test.junit.AutoTests" name="[281] /home/travis/build/icyphy/ptII/ptolemy/actor/lib/test/auto/PublisherSubscriber13.xml (RunModel)" time="0.014" />
  <testcase classname="ptolemy.util.test.junit.AutoTests" name="[282] /home/travis/build/icyphy/ptII/ptolemy/actor/lib/test/auto/PublisherSubscriber14.xml (RunModel)" time="0.021" />
  <testcase classname="ptolemy.util.test.junit.AutoTests" name="[283] /home/travis/build/icyphy/ptII/ptolemy/actor/lib/test/auto/PublisherSubscriber2.xml (RunModel)" time="0.012" />
  <testcase classname="ptolemy.util.test.junit.AutoTests" name="[284] /home/travis/build/icyphy/ptII/ptolemy/actor/lib/test/auto/PublisherSubscriber3.xml (RunModel)" time="0.01" />
  <testcase classname="ptolemy.util.test.junit.AutoTests" name="[285] /home/travis/build/icyphy/ptII/ptolemy/actor/lib/test/auto/PublisherSubscriber4.xml (RunModel)" time="0.014" />
  <testcase classname="ptolemy.util.test.junit.AutoTests" name="[286] /home/travis/build/icyphy/ptII/ptolemy/actor/lib/test/auto/PublisherSubscriber5.xml (RunModel)" time="0.013" />
  <testcase classname="ptolemy.util.test.junit.AutoTests" name="[287] /home/travis/build/icyphy/ptII/ptolemy/actor/lib/test/auto/PublisherSubscriber6.xml (RunModel)" time="0.015" />
  <testcase classname="ptolemy.util.test.junit.AutoTests" name="[288] /home/travis/build/icyphy/ptII/ptolemy/actor/lib/test/auto/PublisherSubscriber7.xml (RunModel)" time="0.02" />
  <testcase classname="ptolemy.util.test.junit.AutoTests" name="[289] /home/travis/build/icyphy/ptII/ptolemy/actor/lib/test/auto/PublisherSubscriber8.xml (RunModel)" time="0.037" />
  <testcase classname="ptolemy.util.test.junit.AutoTests" name="[290] /home/travis/build/icyphy/ptII/ptolemy/actor/lib/test/auto/PublisherSubscriber9.xml (RunModel)" time="0.017" />
  <testcase classname="ptolemy.util.test.junit.AutoTests" name="[291] /home/travis/build/icyphy/ptII/ptolemy/actor/lib/test/auto/PublisherSubscriberAdjacent.xml (RunModel)" time="0.017" />
  <testcase classname="ptolemy.util.test.junit.AutoTests" name="[292] /home/travis/build/icyphy/ptII/ptolemy/actor/lib/test/auto/PublisherSubscriberChannelVariablesAOC2.xml (RunModel)" time="0.039" />
  <testcase classname="ptolemy.util.test.junit.AutoTests" name="[293] /home/travis/build/icyphy/ptII/ptolemy/actor/lib/test/auto/PublisherSubscriberD3.xml (RunModel)" time="0.015" />
  <testcase classname="ptolemy.util.test.junit.AutoTests" name="[294] /home/travis/build/icyphy/ptII/ptolemy/actor/lib/test/auto/PublisherSubscriberD3Reverse.xml (RunModel)" time="0.013" />
  <testcase classname="ptolemy.util.test.junit.AutoTests" name="[295] /home/travis/build/icyphy/ptII/ptolemy/actor/lib/test/auto/PublisherSubscriberExpression.xml (RunModel)" time="0.022" />
  <testcase classname="ptolemy.util.test.junit.AutoTests" name="[296] /home/travis/build/icyphy/ptII/ptolemy/actor/lib/test/auto/PublisherSubscriberOpaque.xml (RunModel)" time="0.02" />
  <testcase classname="ptolemy.util.test.junit.AutoTests" name="[297] /home/travis/build/icyphy/ptII/ptolemy/actor/lib/test/auto/PublisherSubscriberOpaqueD3.xml (RunModel)" time="0.025" />
  <testcase classname="ptolemy.util.test.junit.AutoTests" name="[298] /home/travis/build/icyphy/ptII/ptolemy/actor/lib/test/auto/PublisherSubscriberOpaqueD3Reverse.xml (RunModel)" time="0.025" />
  <testcase classname="ptolemy.util.test.junit.AutoTests" name="[299] /home/travis/build/icyphy/ptII/ptolemy/actor/lib/test/auto/PublisherSubscriberOpaqueWidthInference.xml (RunModel)" time="0.017" />
  <testcase classname="ptolemy.util.test.junit.AutoTests" name="[300] /home/travis/build/icyphy/ptII/ptolemy/actor/lib/test/auto/PublisherTestSubscriber.xml (RunModel)" time="0.015" />
  <testcase classname="ptolemy.util.test.junit.AutoTests" name="[301] /home/travis/build/icyphy/ptII/ptolemy/actor/lib/test/auto/PublisherToplevelSubscriberPortAOC.xml (RunModel)" time="0.012" />
  <testcase classname="ptolemy.util.test.junit.AutoTests" name="[302] /home/travis/build/icyphy/ptII/ptolemy/actor/lib/test/auto/PulseFiringLimitDE.xml (RunModel)" time="0.016" />
  <testcase classname="ptolemy.util.test.junit.AutoTests" name="[303] /home/travis/build/icyphy/ptII/ptolemy/actor/lib/test/auto/Ramp1.xml (RunModel)" time="0.008" />
  <testcase classname="ptolemy.util.test.junit.AutoTests" name="[304] /home/travis/build/icyphy/ptII/ptolemy/actor/lib/test/auto/RampFiringLimitDE.xml (RunModel)" time="0.01" />
  <testcase classname="ptolemy.util.test.junit.AutoTests" name="[305] /home/travis/build/icyphy/ptII/ptolemy/actor/lib/test/auto/RampFiringLimitSDF.xml (RunModel)" time="0.012" />
  <testcase classname="ptolemy.util.test.junit.AutoTests" name="[306] /home/travis/build/icyphy/ptII/ptolemy/actor/lib/test/auto/RandomInteger.xml (RunModel)" time="0.008" />
  <testcase classname="ptolemy.util.test.junit.AutoTests" name="[307] /home/travis/build/icyphy/ptII/ptolemy/actor/lib/test/auto/ReadFile1.xml (RunModel)" time="0.008" />
  <testcase classname="ptolemy.util.test.junit.AutoTests" name="[308] /home/travis/build/icyphy/ptII/ptolemy/actor/lib/test/auto/ReadFile2.xml (RunModel)" time="0.008" />
  <testcase classname="ptolemy.util.test.junit.AutoTests" name="[309] /home/travis/build/icyphy/ptII/ptolemy/actor/lib/test/auto/Reader.xml (RunModel)" time="0.01" />
  <testcase classname="ptolemy.util.test.junit.AutoTests" name="[310] /home/travis/build/icyphy/ptII/ptolemy/actor/lib/test/auto/RecordAssemblerDisplayNameTest.xml (RunModel)" time="3.903" />
  <testcase classname="ptolemy.util.test.junit.AutoTests" name="[311] /home/travis/build/icyphy/ptII/ptolemy/actor/lib/test/auto/RecordAssemblerTypeError.xml (RunModel)" time="0.044" />
  <testcase classname="ptolemy.util.test.junit.AutoTests" name="[312] /home/travis/build/icyphy/ptII/ptolemy/actor/lib/test/auto/RecordDisassember.xml (RunModel)" time="0.015" />
  <testcase classname="ptolemy.util.test.junit.AutoTests" name="[313] /home/travis/build/icyphy/ptII/ptolemy/actor/lib/test/auto/RecordDisassemberDisplayNameTest.xml (RunModel)" time="0.023" />
  <testcase classname="ptolemy.util.test.junit.AutoTests" name="[314] /home/travis/build/icyphy/ptII/ptolemy/actor/lib/test/auto/RecordDisassembler.xml (RunModel)" time="0.012" />
  <testcase classname="ptolemy.util.test.junit.AutoTests" name="[315] /home/travis/build/icyphy/ptII/ptolemy/actor/lib/test/auto/RecordDisassembler2.xml (RunModel)" time="0.011" />
  <testcase classname="ptolemy.util.test.junit.AutoTests" name="[316] /home/travis/build/icyphy/ptII/ptolemy/actor/lib/test/auto/RecordUpdater.xml (RunModel)" time="0.01" />
  <testcase classname="ptolemy.util.test.junit.AutoTests" name="[317] /home/travis/build/icyphy/ptII/ptolemy/actor/lib/test/auto/RecordUpdater2.xml (RunModel)" time="0.011" />
  <testcase classname="ptolemy.util.test.junit.AutoTests" name="[318] /home/travis/build/icyphy/ptII/ptolemy/actor/lib/test/auto/RecursiveLattice.xml (RunModel)" time="0.012" />
  <testcase classname="ptolemy.util.test.junit.AutoTests" name="[319] /home/travis/build/icyphy/ptII/ptolemy/actor/lib/test/auto/Router.xml (RunModel)" time="3.028" />
  <testcase classname="ptolemy.util.test.junit.AutoTests" name="[320] /home/travis/build/icyphy/ptII/ptolemy/actor/lib/test/auto/Router2.xml (RunModel)" time="3.025" />
  <testcase classname="ptolemy.util.test.junit.AutoTests" name="[321] /home/travis/build/icyphy/ptII/ptolemy/actor/lib/test/auto/RunningMaximum.xml (RunModel)" time="0.015" />
  <testcase classname="ptolemy.util.test.junit.AutoTests" name="[322] /home/travis/build/icyphy/ptII/ptolemy/actor/lib/test/auto/RunningMinimum.xml (RunModel)" time="0.019" />
  <testcase classname="ptolemy.util.test.junit.AutoTests" name="[323] /home/travis/build/icyphy/ptII/ptolemy/actor/lib/test/auto/Scale.xml (RunModel)" time="0.015" />
  <testcase classname="ptolemy.util.test.junit.AutoTests" name="[324] /home/travis/build/icyphy/ptII/ptolemy/actor/lib/test/auto/Scale2.xml (RunModel)" time="0.011" />
  <testcase classname="ptolemy.util.test.junit.AutoTests" name="[325] /home/travis/build/icyphy/ptII/ptolemy/actor/lib/test/auto/Scale3.xml (RunModel)" time="0.014" />
  <testcase classname="ptolemy.util.test.junit.AutoTests" name="[326] /home/travis/build/icyphy/ptII/ptolemy/actor/lib/test/auto/ScaleArray.xml (RunModel)" time="0.008" />
  <testcase classname="ptolemy.util.test.junit.AutoTests" name="[327] /home/travis/build/icyphy/ptII/ptolemy/actor/lib/test/auto/ScaleArray2.xml (RunModel)" time="0.009" />
  <testcase classname="ptolemy.util.test.junit.AutoTests" name="[328] /home/travis/build/icyphy/ptII/ptolemy/actor/lib/test/auto/ScaleMatrix.xml (RunModel)" time="0.13" />
  <testcase classname="ptolemy.util.test.junit.AutoTests" name="[329] /home/travis/build/icyphy/ptII/ptolemy/actor/lib/test/auto/Select.xml (RunModel)" time="0.016" />
  <testcase classname="ptolemy.util.test.junit.AutoTests" name="[330] /home/travis/build/icyphy/ptII/ptolemy/actor/lib/test/auto/Select2.xml (RunModel)" time="0.009" />
  <testcase classname="ptolemy.util.test.junit.AutoTests" name="[331] /home/travis/build/icyphy/ptII/ptolemy/actor/lib/test/auto/SequenceToArray2.xml (RunModel)" time="0.135" />
  <testcase classname="ptolemy.util.test.junit.AutoTests" name="[332] /home/travis/build/icyphy/ptII/ptolemy/actor/lib/test/auto/SequentialClock.xml (RunModel)" time="0.009" />
  <testcase classname="ptolemy.util.test.junit.AutoTests" name="[333] /home/travis/build/icyphy/ptII/ptolemy/actor/lib/test/auto/SetVariable.xml (RunModel)" time="0.012" />
  <testcase classname="ptolemy.util.test.junit.AutoTests" name="[334] /home/travis/build/icyphy/ptII/ptolemy/actor/lib/test/auto/SetVariable2.xml (RunModel)" time="0.013" />
  <testcase classname="ptolemy.util.test.junit.AutoTests" name="[335] /home/travis/build/icyphy/ptII/ptolemy/actor/lib/test/auto/SetVariable3.xml (RunModel)" time="0.017" />
  <testcase classname="ptolemy.util.test.junit.AutoTests" name="[336] /home/travis/build/icyphy/ptII/ptolemy/actor/lib/test/auto/SetVariable4.xml (RunModel)" time="0.031" />
  <testcase classname="ptolemy.util.test.junit.AutoTests" name="[337] /home/travis/build/icyphy/ptII/ptolemy/actor/lib/test/auto/SetVariable5.xml (RunModel)" time="0.042" />
  <testcase classname="ptolemy.util.test.junit.AutoTests" name="[338] /home/travis/build/icyphy/ptII/ptolemy/actor/lib/test/auto/Sinewave.xml (RunModel)" time="0.033" />
  <testcase classname="ptolemy.util.test.junit.AutoTests" name="[339] /home/travis/build/icyphy/ptII/ptolemy/actor/lib/test/auto/Sinewave2.xml (RunModel)" time="0.019" />
  <testcase classname="ptolemy.util.test.junit.AutoTests" name="[340] /home/travis/build/icyphy/ptII/ptolemy/actor/lib/test/auto/Sinewave3.xml (RunModel)" time="0.026" />
  <testcase classname="ptolemy.util.test.junit.AutoTests" name="[341] /home/travis/build/icyphy/ptII/ptolemy/actor/lib/test/auto/SingleEvent.xml (RunModel)" time="0.007" />
  <testcase classname="ptolemy.util.test.junit.AutoTests" name="[342] /home/travis/build/icyphy/ptII/ptolemy/actor/lib/test/auto/Sleep.xml (RunModel)" time="6.019" />
  <testcase classname="ptolemy.util.test.junit.AutoTests" name="[343] /home/travis/build/icyphy/ptII/ptolemy/actor/lib/test/auto/SleepMultipleFire.xml (RunModel)" time="1.022" />
  <testcase classname="ptolemy.util.test.junit.AutoTests" name="[344] /home/travis/build/icyphy/ptII/ptolemy/actor/lib/test/auto/StopDE.xml (RunModel)" time="0.024" />
  <testcase classname="ptolemy.util.test.junit.AutoTests" name="[345] /home/travis/build/icyphy/ptII/ptolemy/actor/lib/test/auto/StopSDF.xml (RunModel)" time="0.013" />
  <testcase classname="ptolemy.util.test.junit.AutoTests" name="[346] /home/travis/build/icyphy/ptII/ptolemy/actor/lib/test/auto/StringConstant.xml (RunModel)" time="0.018" />
  <testcase classname="ptolemy.util.test.junit.AutoTests" name="[347] /home/travis/build/icyphy/ptII/ptolemy/actor/lib/test/auto/SubscriberPortInitialValues1.xml (RunModel)" time="0.051" />
  <testcase classname="ptolemy.util.test.junit.AutoTests" name="[348] /home/travis/build/icyphy/ptII/ptolemy/actor/lib/test/auto/SubscriberPortInitialValues13.xml (RunModel)" time="0.028" />
  <testcase classname="ptolemy.util.test.junit.AutoTests" name="[349] /home/travis/build/icyphy/ptII/ptolemy/actor/lib/test/auto/SubscriberPortInitialValues14.xml (RunModel)" time="0.018" />
  <testcase classname="ptolemy.util.test.junit.AutoTests" name="[350] /home/travis/build/icyphy/ptII/ptolemy/actor/lib/test/auto/SubscriberPortInitialValues2.xml (RunModel)" time="0.019" />
  <testcase classname="ptolemy.util.test.junit.AutoTests" name="[351] /home/travis/build/icyphy/ptII/ptolemy/actor/lib/test/auto/SubscriberPortInitialValues3.xml (RunModel)" time="0.022" />
  <testcase classname="ptolemy.util.test.junit.AutoTests" name="[352] /home/travis/build/icyphy/ptII/ptolemy/actor/lib/test/auto/SubscriptionAggregator.xml (RunModel)" time="0.013" />
  <testcase classname="ptolemy.util.test.junit.AutoTests" name="[353] /home/travis/build/icyphy/ptII/ptolemy/actor/lib/test/auto/SubscriptionAggregator2.xml (RunModel)" time="0.015" />
  <testcase classname="ptolemy.util.test.junit.AutoTests" name="[354] /home/travis/build/icyphy/ptII/ptolemy/actor/lib/test/auto/SubscriptionAggregator3.xml (RunModel)" time="0.017" />
  <testcase classname="ptolemy.util.test.junit.AutoTests" name="[355] /home/travis/build/icyphy/ptII/ptolemy/actor/lib/test/auto/SubscriptionAggregatorMultiply.xml (RunModel)" time="0.016" />
  <testcase classname="ptolemy.util.test.junit.AutoTests" name="[356] /home/travis/build/icyphy/ptII/ptolemy/actor/lib/test/auto/SubscriptionAggregatorPortMultiply1.xml (RunModel)" time="0.014" />
  <testcase classname="ptolemy.util.test.junit.AutoTests" name="[357] /home/travis/build/icyphy/ptII/ptolemy/actor/lib/test/auto/Switch.xml (RunModel)" time="0.021" />
  <testcase classname="ptolemy.util.test.junit.AutoTests" name="[358] /home/travis/build/icyphy/ptII/ptolemy/actor/lib/test/auto/Switch2.xml (RunModel)" time="0.014" />
  <testcase classname="ptolemy.util.test.junit.AutoTests" name="[359] /home/travis/build/icyphy/ptII/ptolemy/actor/lib/test/auto/SwitchDE.xml (RunModel)" time="0.016" />
  <testcase classname="ptolemy.util.test.junit.AutoTests" name="[360] /home/travis/build/icyphy/ptII/ptolemy/actor/lib/test/auto/SynchronizerDE.xml (RunModel)" time="0.025" />
  <testcase classname="ptolemy.util.test.junit.AutoTests" name="[361] /home/travis/build/icyphy/ptII/ptolemy/actor/lib/test/auto/Test.xml (RunModel)" time="0.017" />
  <testcase classname="ptolemy.util.test.junit.AutoTests" name="[362] /home/travis/build/icyphy/ptII/ptolemy/actor/lib/test/auto/TestExceptionAttribute1.xml (RunModel)" time="0.015" />
  <testcase classname="ptolemy.util.test.junit.AutoTests" name="[363] /home/travis/build/icyphy/ptII/ptolemy/actor/lib/test/auto/TestExceptionAttribute2.xml (RunModel)" time="0.015" />
  <testcase classname="ptolemy.util.test.junit.AutoTests" name="[364] /home/travis/build/icyphy/ptII/ptolemy/actor/lib/test/auto/TestExceptionAttribute3.xml (RunModel)" time="0.007" />
  <testcase classname="ptolemy.util.test.junit.AutoTests" name="[365] /home/travis/build/icyphy/ptII/ptolemy/actor/lib/test/auto/TestExceptionAttribute4.xml (RunModel)" time="0.007" />
  <testcase classname="ptolemy.util.test.junit.AutoTests" name="[366] /home/travis/build/icyphy/ptII/ptolemy/actor/lib/test/auto/TestExceptionHandler1.xml (RunModel)" time="0.007" />
  <testcase classname="ptolemy.util.test.junit.AutoTests" name="[367] /home/travis/build/icyphy/ptII/ptolemy/actor/lib/test/auto/TestExceptionHandler2.xml (RunModel)" time="0.013" />
  <testcase classname="ptolemy.util.test.junit.AutoTests" name="[368] /home/travis/build/icyphy/ptII/ptolemy/actor/lib/test/auto/TestExceptionHandler3.xml (RunModel)" time="0.008" />
  <testcase classname="ptolemy.util.test.junit.AutoTests" name="[369] /home/travis/build/icyphy/ptII/ptolemy/actor/lib/test/auto/TestExceptionHandler4.xml (RunModel)" time="0.007" />
  <testcase classname="ptolemy.util.test.junit.AutoTests" name="[370] /home/travis/build/icyphy/ptII/ptolemy/actor/lib/test/auto/TestRequireCorrectOrder.xml (RunModel)" time="0.009" />
  <testcase classname="ptolemy.util.test.junit.AutoTests" name="[371] /home/travis/build/icyphy/ptII/ptolemy/actor/lib/test/auto/TestSimple.xml (RunModel)" time="0.007" />
  <testcase classname="ptolemy.util.test.junit.AutoTests" name="[372] /home/travis/build/icyphy/ptII/ptolemy/actor/lib/test/auto/ThrowModelError.xml (RunModel)" time="0.012" />
  <testcase classname="ptolemy.util.test.junit.AutoTests" name="[373] /home/travis/build/icyphy/ptII/ptolemy/actor/lib/test/auto/TimeDelayMicrosteps.xml (RunModel)" time="0.019" />
  <testcase classname="ptolemy.util.test.junit.AutoTests" name="[374] /home/travis/build/icyphy/ptII/ptolemy/actor/lib/test/auto/TimeDelayMicrosteps2.xml (RunModel)" time="0.017" />
  <testcase classname="ptolemy.util.test.junit.AutoTests" name="[375] /home/travis/build/icyphy/ptII/ptolemy/actor/lib/test/auto/TimeDelayMicrosteps3.xml (RunModel)" time="0.015" />
  <testcase classname="ptolemy.util.test.junit.AutoTests" name="[376] /home/travis/build/icyphy/ptII/ptolemy/actor/lib/test/auto/TimeDelayVariableMicrosteps.xml (RunModel)" time="0.013" />
  <testcase classname="ptolemy.util.test.junit.AutoTests" name="[377] /home/travis/build/icyphy/ptII/ptolemy/actor/lib/test/auto/TimeGap.xml (RunModel)" time="0.027" />
  <testcase classname="ptolemy.util.test.junit.AutoTests" name="[378] /home/travis/build/icyphy/ptII/ptolemy/actor/lib/test/auto/TimeGap2.xml (RunModel)" time="0.02" />
  <testcase classname="ptolemy.util.test.junit.AutoTests" name="[379] /home/travis/build/icyphy/ptII/ptolemy/actor/lib/test/auto/TimedSinewave.xml (RunModel)" time="0.042" />
  <testcase classname="ptolemy.util.test.junit.AutoTests" name="[380] /home/travis/build/icyphy/ptII/ptolemy/actor/lib/test/auto/TimedSinewavePhase.xml (RunModel)" time="0.041" />
  <testcase classname="ptolemy.util.test.junit.AutoTests" name="[381] /home/travis/build/icyphy/ptII/ptolemy/actor/lib/test/auto/Timer.xml (RunModel)" time="0.02" />
  <testcase classname="ptolemy.util.test.junit.AutoTests" name="[382] /home/travis/build/icyphy/ptII/ptolemy/actor/lib/test/auto/TriangularDistTestModel.xml (RunModel)" time="0.019" />
  <testcase classname="ptolemy.util.test.junit.AutoTests" name="[383] /home/travis/build/icyphy/ptII/ptolemy/actor/lib/test/auto/TrigFunction.xml (RunModel)" time="0.009" />
  <testcase classname="ptolemy.util.test.junit.AutoTests" name="[384] /home/travis/build/icyphy/ptII/ptolemy/actor/lib/test/auto/TrigFunctionDE.xml (RunModel)" time="0.013" />
  <testcase classname="ptolemy.util.test.junit.AutoTests" name="[385] /home/travis/build/icyphy/ptII/ptolemy/actor/lib/test/auto/TrigFunctionInverse.xml (RunModel)" time="0.01" />
  <testcase classname="ptolemy.util.test.junit.AutoTests" name="[386] /home/travis/build/icyphy/ptII/ptolemy/actor/lib/test/auto/TrigFunctionTan.xml (RunModel)" time="0.008" />
  <testcase classname="ptolemy.util.test.junit.AutoTests" name="[387] /home/travis/build/icyphy/ptII/ptolemy/actor/lib/test/auto/TriggeredClock.xml (RunModel)" time="0.011" />
  <testcase classname="ptolemy.util.test.junit.AutoTests" name="[388] /home/travis/build/icyphy/ptII/ptolemy/actor/lib/test/auto/URLDirectoryReader.xml (RunModel)" time="0.132" />
  <testcase classname="ptolemy.util.test.junit.AutoTests" name="[389] /home/travis/build/icyphy/ptII/ptolemy/actor/lib/test/auto/URLDirectoryReader3.xml (RunModel)" time="1.559" />
  <testcase classname="ptolemy.util.test.junit.AutoTests" name="[390] /home/travis/build/icyphy/ptII/ptolemy/actor/lib/test/auto/UnaryMathFunction.xml (RunModel)" time="0.036" />
  <testcase classname="ptolemy.util.test.junit.AutoTests" name="[391] /home/travis/build/icyphy/ptII/ptolemy/actor/lib/test/auto/Uniform.xml (RunModel)" time="0.019" />
  <testcase classname="ptolemy.util.test.junit.AutoTests" name="[392] /home/travis/build/icyphy/ptII/ptolemy/actor/lib/test/auto/UnionDisassemblerTest.xml (RunModel)" time="0.028" />
  <testcase classname="ptolemy.util.test.junit.AutoTests" name="[393] /home/travis/build/icyphy/ptII/ptolemy/actor/lib/test/auto/UtilityFunctions.xml (RunModel)" time="0.015" />
  <testcase classname="ptolemy.util.test.junit.AutoTests" name="[394] /home/travis/build/icyphy/ptII/ptolemy/actor/lib/test/auto/VariableSleep.xml (RunModel)" time="0.513" />
  <testcase classname="ptolemy.util.test.junit.AutoTests" name="[395] /home/travis/build/icyphy/ptII/ptolemy/actor/lib/test/auto/VectorAssemblerDisassemblerCT.xml (RunModel)" time="0.129" />
  <testcase classname="ptolemy.util.test.junit.AutoTests" name="[396] /home/travis/build/icyphy/ptII/ptolemy/actor/lib/test/auto/VectorAssemblerDisassemblerDE.xml (RunModel)" time="0.015" />
  <testcase classname="ptolemy.util.test.junit.AutoTests" name="[397] /home/travis/build/icyphy/ptII/ptolemy/actor/lib/test/auto/VectorAssemblerDisassemblerSDF.xml (RunModel)" time="0.014" />
  <testcase classname="ptolemy.util.test.junit.AutoTests" name="[398] /home/travis/build/icyphy/ptII/ptolemy/actor/lib/test/auto/WallClockTime.xml (RunModel)" time="1.023" />
  <testcase classname="ptolemy.util.test.junit.AutoTests" name="[399] /home/travis/build/icyphy/ptII/ptolemy/actor/lib/test/auto/WidthTestWithSubscriberPublisher.xml (RunModel)" time="0.04" />
  <testcase classname="ptolemy.util.test.junit.AutoTests" name="[400] /home/travis/build/icyphy/ptII/ptolemy/actor/lib/test/auto/WidthTestWithSubscriberPublisher2.xml (RunModel)" time="0.017" />
  <testcase classname="ptolemy.util.test.junit.AutoTests" name="[401] /home/travis/build/icyphy/ptII/ptolemy/actor/lib/test/auto/WidthTestWithSubscriberPublisher3.xml (RunModel)" time="0.014" />
  <testcase classname="ptolemy.util.test.junit.AutoTests" name="[402] /home/travis/build/icyphy/ptII/ptolemy/actor/lib/test/auto/Writer.xml (RunModel)" time="0.009" />
  <testcase classname="ptolemy.util.test.junit.AutoTests" name="[403] /home/travis/build/icyphy/ptII/ptolemy/actor/lib/test/auto/array.xml (RunModel)" time="0.01" />
  <testcase classname="ptolemy.util.test.junit.AutoTests" name="[404] /home/travis/build/icyphy/ptII/ptolemy/actor/lib/test/auto/array2.xml (RunModel)" time="0.018" />
  <testcase classname="ptolemy.util.test.junit.AutoTests" name="[405] /home/travis/build/icyphy/ptII/ptolemy/actor/lib/test/auto/arrayType.xml (RunModel)" time="0.012" />
  <testcase classname="ptolemy.util.test.junit.AutoTests" name="[406] /home/travis/build/icyphy/ptII/ptolemy/actor/lib/test/auto/arrayType10.xml (RunModel)" time="0.01" />
  <testcase classname="ptolemy.util.test.junit.AutoTests" name="[407] /home/travis/build/icyphy/ptII/ptolemy/actor/lib/test/auto/arrayType11.xml (RunModel)" time="0.019" />
  <testcase classname="ptolemy.util.test.junit.AutoTests" name="[408] /home/travis/build/icyphy/ptII/ptolemy/actor/lib/test/auto/arrayType12.xml (RunModel)" time="0.013" />
  <testcase classname="ptolemy.util.test.junit.AutoTests" name="[409] /home/travis/build/icyphy/ptII/ptolemy/actor/lib/test/auto/arrayType13.xml (RunModel)" time="0.01" />
  <testcase classname="ptolemy.util.test.junit.AutoTests" name="[410] /home/travis/build/icyphy/ptII/ptolemy/actor/lib/test/auto/arrayType14.xml (RunModel)" time="0.011" />
  <testcase classname="ptolemy.util.test.junit.AutoTests" name="[411] /home/travis/build/icyphy/ptII/ptolemy/actor/lib/test/auto/arrayType15.xml (RunModel)" time="0.009" />
  <testcase classname="ptolemy.util.test.junit.AutoTests" name="[412] /home/travis/build/icyphy/ptII/ptolemy/actor/lib/test/auto/arrayType16.xml (RunModel)" time="0.009" />
  <testcase classname="ptolemy.util.test.junit.AutoTests" name="[413] /home/travis/build/icyphy/ptII/ptolemy/actor/lib/test/auto/arrayType17.xml (RunModel)" time="0.009" />
  <testcase classname="ptolemy.util.test.junit.AutoTests" name="[414] /home/travis/build/icyphy/ptII/ptolemy/actor/lib/test/auto/arrayType18.xml (RunModel)" time="0.01" />
  <testcase classname="ptolemy.util.test.junit.AutoTests" name="[415] /home/travis/build/icyphy/ptII/ptolemy/actor/lib/test/auto/arrayType19.xml (RunModel)" time="0.009" />
  <testcase classname="ptolemy.util.test.junit.AutoTests" name="[416] /home/travis/build/icyphy/ptII/ptolemy/actor/lib/test/auto/arrayType2.xml (RunModel)" time="0.009" />
  <testcase classname="ptolemy.util.test.junit.AutoTests" name="[417] /home/travis/build/icyphy/ptII/ptolemy/actor/lib/test/auto/arrayType20.xml (RunModel)" time="0.01" />
  <testcase classname="ptolemy.util.test.junit.AutoTests" name="[418] /home/travis/build/icyphy/ptII/ptolemy/actor/lib/test/auto/arrayType21.xml (RunModel)" time="0.009" />
  <testcase classname="ptolemy.util.test.junit.AutoTests" name="[419] /home/travis/build/icyphy/ptII/ptolemy/actor/lib/test/auto/arrayType22.xml (RunModel)" time="0.009" />
  <testcase classname="ptolemy.util.test.junit.AutoTests" name="[420] /home/travis/build/icyphy/ptII/ptolemy/actor/lib/test/auto/arrayType23.xml (RunModel)" time="0.01" />
  <testcase classname="ptolemy.util.test.junit.AutoTests" name="[421] /home/travis/build/icyphy/ptII/ptolemy/actor/lib/test/auto/arrayType24.xml (RunModel)" time="0.01" />
  <testcase classname="ptolemy.util.test.junit.AutoTests" name="[422] /home/travis/build/icyphy/ptII/ptolemy/actor/lib/test/auto/arrayType25.xml (RunModel)" time="0.009" />
  <testcase classname="ptolemy.util.test.junit.AutoTests" name="[423] /home/travis/build/icyphy/ptII/ptolemy/actor/lib/test/auto/arrayType26.xml (RunModel)" time="0.009" />
  <testcase classname="ptolemy.util.test.junit.AutoTests" name="[424] /home/travis/build/icyphy/ptII/ptolemy/actor/lib/test/auto/arrayType27.xml (RunModel)" time="0.009" />
  <testcase classname="ptolemy.util.test.junit.AutoTests" name="[425] /home/travis/build/icyphy/ptII/ptolemy/actor/lib/test/auto/arrayType28.xml (RunModel)" time="0.01" />
  <testcase classname="ptolemy.util.test.junit.AutoTests" name="[426] /home/travis/build/icyphy/ptII/ptolemy/actor/lib/test/auto/arrayType3.xml (RunModel)" time="0.013" />
  <testcase classname="ptolemy.util.test.junit.AutoTests" name="[427] /home/travis/build/icyphy/ptII/ptolemy/actor/lib/test/auto/arrayType4.xml (RunModel)" time="0.009" />
  <testcase classname="ptolemy.util.test.junit.AutoTests" name="[428] /home/travis/build/icyphy/ptII/ptolemy/actor/lib/test/auto/arrayType5.xml (RunModel)" time="0.012" />
  <testcase classname="ptolemy.util.test.junit.AutoTests" name="[429] /home/travis/build/icyphy/ptII/ptolemy/actor/lib/test/auto/arrayType6.xml (RunModel)" time="0.009" />
  <testcase classname="ptolemy.util.test.junit.AutoTests" name="[430] /home/travis/build/icyphy/ptII/ptolemy/actor/lib/test/auto/arrayType7.xml (RunModel)" time="0.022" />
  <testcase classname="ptolemy.util.test.junit.AutoTests" name="[431] /home/travis/build/icyphy/ptII/ptolemy/actor/lib/test/auto/arrayType8.xml (RunModel)" time="0.01" />
  <testcase classname="ptolemy.util.test.junit.AutoTests" name="[432] /home/travis/build/icyphy/ptII/ptolemy/actor/lib/test/auto/arrayType9.xml (RunModel)" time="0.015" />
  <testcase classname="ptolemy.util.test.junit.AutoTests" name="[433] /home/travis/build/icyphy/ptII/ptolemy/actor/lib/test/auto/cast.xml (RunModel)" time="0.009" />
  <testcase classname="ptolemy.util.test.junit.AutoTests" name="[434] /home/travis/build/icyphy/ptII/ptolemy/actor/lib/test/auto/compositeMultiPort.xml (RunModel)" time="0.02" />
  <testcase classname="ptolemy.util.test.junit.AutoTests" name="[435] /home/travis/build/icyphy/ptII/ptolemy/actor/lib/test/auto/expressionCastInference.xml (RunModel)" time="0.009" />
  <testcase classname="ptolemy.util.test.junit.AutoTests" name="[436] /home/travis/build/icyphy/ptII/ptolemy/actor/lib/test/auto/expressionCastInference2.xml (RunModel)" time="0.009" />
  <testcase classname="ptolemy.util.test.junit.AutoTests" name="[437] /home/travis/build/icyphy/ptII/ptolemy/actor/lib/test/auto/expressionInference.xml (RunModel)" time="0.008" />
  <testcase classname="ptolemy.util.test.junit.AutoTests" name="[438] /home/travis/build/icyphy/ptII/ptolemy/actor/lib/test/auto/expression_bug.xml (RunModel)" time="0.008" />
  <testcase classname="ptolemy.util.test.junit.AutoTests" name="[439] /home/travis/build/icyphy/ptII/ptolemy/actor/lib/test/auto/factorial.xml (RunModel)" time="0.059" />
  <testcase classname="ptolemy.util.test.junit.AutoTests" name="[440] /home/travis/build/icyphy/ptII/ptolemy/actor/lib/test/auto/filterTest1.xml (RunModel)" time="0.014" />
  <testcase classname="ptolemy.util.test.junit.AutoTests" name="[441] /home/travis/build/icyphy/ptII/ptolemy/actor/lib/test/auto/funcApplyInConst.xml (RunModel)" time="0.007" />
  <testcase classname="ptolemy.util.test.junit.AutoTests" name="[442] /home/travis/build/icyphy/ptII/ptolemy/actor/lib/test/auto/funcApplyInExpr.xml (RunModel)" time="0.01" />
  <testcase classname="ptolemy.util.test.junit.AutoTests" name="[443] /home/travis/build/icyphy/ptII/ptolemy/actor/lib/test/auto/function.xml (RunModel)" time="0.011" />
  <testcase classname="ptolemy.util.test.junit.AutoTests" name="[444] /home/travis/build/icyphy/ptII/ptolemy/actor/lib/test/auto/function2.xml (RunModel)" time="0.012" />
  <testcase classname="ptolemy.util.test.junit.AutoTests" name="[445] /home/travis/build/icyphy/ptII/ptolemy/actor/lib/test/auto/function3.xml (RunModel)" time="0.008" />
  <testcase classname="ptolemy.util.test.junit.AutoTests" name="[446] /home/travis/build/icyphy/ptII/ptolemy/actor/lib/test/auto/functionClosureTest1.xml (RunModel)" time="0.059" />
  <testcase classname="ptolemy.util.test.junit.AutoTests" name="[447] /home/travis/build/icyphy/ptII/ptolemy/actor/lib/test/auto/functionClosureTest2.xml (RunModel)" time="0.027" />
  <testcase classname="ptolemy.util.test.junit.AutoTests" name="[448] /home/travis/build/icyphy/ptII/ptolemy/actor/lib/test/auto/functionClosureTest3.xml (RunModel)" time="0.039" />
  <testcase classname="ptolemy.util.test.junit.AutoTests" name="[449] /home/travis/build/icyphy/ptII/ptolemy/actor/lib/test/auto/functionClosureTest4.xml (RunModel)" time="0.033" />
  <testcase classname="ptolemy.util.test.junit.AutoTests" name="[450] /home/travis/build/icyphy/ptII/ptolemy/actor/lib/test/auto/functionClosureTest5.xml (RunModel)" time="0.014" />
  <testcase classname="ptolemy.util.test.junit.AutoTests" name="[451] /home/travis/build/icyphy/ptII/ptolemy/actor/lib/test/auto/functionClosureTest6.xml (RunModel)" time="0.01" />
  <testcase classname="ptolemy.util.test.junit.AutoTests" name="[452] /home/travis/build/icyphy/ptII/ptolemy/actor/lib/test/auto/functionsOnArcs.xml (RunModel)" time="0.011" />
  <testcase classname="ptolemy.util.test.junit.AutoTests" name="[453] /home/travis/build/icyphy/ptII/ptolemy/actor/lib/test/auto/functionsOnArcsHOF.xml (RunModel)" time="0.035" />
  <testcase classname="ptolemy.util.test.junit.AutoTests" name="[454] /home/travis/build/icyphy/ptII/ptolemy/actor/lib/test/auto/logic.xml (RunModel)" time="0.028" />
  <testcase classname="ptolemy.util.test.junit.AutoTests" name="[455] /home/travis/build/icyphy/ptII/ptolemy/actor/lib/test/auto/matrixType.xml (RunModel)" time="0.009" />
  <testcase classname="ptolemy.util.test.junit.AutoTests" name="[456] /home/travis/build/icyphy/ptII/ptolemy/actor/lib/test/auto/matrixType10.xml (RunModel)" time="0.01" />
  <testcase classname="ptolemy.util.test.junit.AutoTests" name="[457] /home/travis/build/icyphy/ptII/ptolemy/actor/lib/test/auto/matrixType11.xml (RunModel)" time="0.009" />
  <testcase classname="ptolemy.util.test.junit.AutoTests" name="[458] /home/travis/build/icyphy/ptII/ptolemy/actor/lib/test/auto/matrixType12.xml (RunModel)" time="0.011" />
  <testcase classname="ptolemy.util.test.junit.AutoTests" name="[459] /home/travis/build/icyphy/ptII/ptolemy/actor/lib/test/auto/matrixType13.xml (RunModel)" time="0.008" />
  <testcase classname="ptolemy.util.test.junit.AutoTests" name="[460] /home/travis/build/icyphy/ptII/ptolemy/actor/lib/test/auto/matrixType14.xml (RunModel)" time="0.031" />
  <testcase classname="ptolemy.util.test.junit.AutoTests" name="[461] /home/travis/build/icyphy/ptII/ptolemy/actor/lib/test/auto/matrixType2.xml (RunModel)" time="0.012" />
  <testcase classname="ptolemy.util.test.junit.AutoTests" name="[462] /home/travis/build/icyphy/ptII/ptolemy/actor/lib/test/auto/matrixType3.xml (RunModel)" time="0.011" />
  <testcase classname="ptolemy.util.test.junit.AutoTests" name="[463] /home/travis/build/icyphy/ptII/ptolemy/actor/lib/test/auto/matrixType4.xml (RunModel)" time="0.009" />
  <testcase classname="ptolemy.util.test.junit.AutoTests" name="[464] /home/travis/build/icyphy/ptII/ptolemy/actor/lib/test/auto/matrixType5.xml (RunModel)" time="0.008" />
  <testcase classname="ptolemy.util.test.junit.AutoTests" name="[465] /home/travis/build/icyphy/ptII/ptolemy/actor/lib/test/auto/matrixType6.xml (RunModel)" time="0.008" />
  <testcase classname="ptolemy.util.test.junit.AutoTests" name="[466] /home/travis/build/icyphy/ptII/ptolemy/actor/lib/test/auto/matrixType7.xml (RunModel)" time="0.009" />
  <testcase classname="ptolemy.util.test.junit.AutoTests" name="[467] /home/travis/build/icyphy/ptII/ptolemy/actor/lib/test/auto/matrixType8.xml (RunModel)" time="0.009" />
  <testcase classname="ptolemy.util.test.junit.AutoTests" name="[468] /home/travis/build/icyphy/ptII/ptolemy/actor/lib/test/auto/matrixType9.xml (RunModel)" time="0.008" />
  <testcase classname="ptolemy.util.test.junit.AutoTests" name="[469] /home/travis/build/icyphy/ptII/ptolemy/actor/lib/test/auto/paraFunctest.xml (RunModel)" time="0.008" />
  <testcase classname="ptolemy.util.test.junit.AutoTests" name="[470] /home/travis/build/icyphy/ptII/ptolemy/actor/lib/test/auto/paraFunctest2.xml (RunModel)" time="0.022" />
  <testcase classname="ptolemy.util.test.junit.AutoTests" name="[471] /home/travis/build/icyphy/ptII/ptolemy/actor/lib/test/auto/parameterPassing.xml (RunModel)" time="0.011" />
  <testcase classname="ptolemy.util.test.junit.AutoTests" name="[472] /home/travis/build/icyphy/ptII/ptolemy/actor/lib/test/auto/record.xml (RunModel)" time="0.01" />
  <testcase classname="ptolemy.util.test.junit.AutoTests" name="[473] /home/travis/build/icyphy/ptII/ptolemy/actor/lib/test/auto/sizedarray1.xml (RunModel)" time="0.011" />
  <testcase classname="ptolemy.util.test.junit.AutoTests" name="[474] /home/travis/build/icyphy/ptII/ptolemy/actor/lib/test/auto/sizedarray2.xml (RunModel)" time="0.012" />
  <testcase classname="ptolemy.util.test.junit.AutoTests" name="[475] /home/travis/build/icyphy/ptII/ptolemy/actor/lib/test/auto/twoPublishers.xml (RunModel)" time="0.028" />
  <system-out><![CDATA[/home/travis/build/icyphy/ptII/ptolemy/actor/lib/test/AbsoluteValue.tcl
testDefs.tcl: setting time out to 9000 seconds at Fri Jun 21 04:44:39 UTC 2019
137 ms. Memory: 120832K Free: 100567K (83%)
11 ms. Memory: 120832K Free: 98490K (82%)
12 ms. Memory: 120832K Free: 97753K (81%)
9 ms. Memory: 120832K Free: 97044K (80%)
/home/travis/build/icyphy/ptII/ptolemy/actor/lib/test/AddSubtract.tcl
27 ms. Memory: 120832K Free: 107725K (89%)
16 ms. Memory: 120832K Free: 107286K (89%)
14 ms. Memory: 120832K Free: 106270K (88%)
15 ms. Memory: 120832K Free: 105647K (87%)
67 ms. Memory: 120832K Free: 102604K (85%)
16 ms. Memory: 120832K Free: 102006K (84%)
/home/travis/build/icyphy/ptII/ptolemy/actor/lib/test/Average.tcl
15 ms. Memory: 120832K Free: 100096K (83%)
11 ms. Memory: 120832K Free: 99072K (82%)
/home/travis/build/icyphy/ptII/ptolemy/actor/lib/test/Bernoulli.tcl
5 ms. Memory: 120832K Free: 97455K (81%)
2 ms. Memory: 120832K Free: 97024K (80%)
/home/travis/build/icyphy/ptII/ptolemy/actor/lib/test/Clock.tcl
preinitializing
resolving types
initializing
executing number 1
wrapping up
idle
29 ms. Memory: 120832K Free: 94413K (78%)
Completed execution with 5 iterations
preinitializing
resolving types
initializing
executing number 1
wrapping up
idle
4 ms. Memory: 120832K Free: 93367K (77%)
Completed execution with 5 iterations
preinitializing
resolving types
initializing
executing number 1
wrapping up
idle
4 ms. Memory: 120832K Free: 92928K (77%)
Completed execution with 5 iterations
/home/travis/build/icyphy/ptII/ptolemy/actor/lib/test/Commutator.tcl
14 ms. Memory: 120832K Free: 90888K (75%)
15 ms. Memory: 120832K Free: 89872K (74%)


==== $PTII/ptolemy/actor/lib/test/Commutator.tcl: Commutator-4.1 run with mutations
==== Contents of test case:

    # Grab stdout and put it into results
    jdkCapture {
	$m addChangeListener  [java::new ptolemy.kernel.util.StreamChangeListener]

	set dir [$e0 getDirector]
	#	$dir addDebugListener  #		[java::new ptolemy.kernel.util.StreamListener]
	$m initialize
	$m iterate
	set c1 [java::new ptolemy.moml.MoMLChangeRequest $e0 $e0  {<deleteEntity name="ramp1"/>}]
	set c2 [java::new ptolemy.moml.MoMLChangeRequest $e0 $e0  {<deleteRelation name="r1"/>}]
	$e0 requestChange $c1
	$e0 requestChange $c2
	$m iterate
	$m wrapup
    } results
    # The MoML within <group> ...</group> comes 
    # from SDFScheduler._setBufferSize
    list $results  [enumToTokenValues [$rec getRecord 0]]

==== Result was:
{} {0 0 1}
---- Result should have been:
{StreamChangeRequest.changeExecuted(): <deleteEntity name="ramp1"/> succeeded
StreamChangeRequest.changeExecuted(): <deleteRelation name="r1"/> succeeded
StreamChangeRequest.changeExecuted(): Record firings per iteration succeeded
} {0 0 1}
---- Commutator-4.1 FAILED
12 ms. Memory: 161792K Free: 145826K (90%)
/home/travis/build/icyphy/ptII/ptolemy/actor/lib/test/Const.tcl
15 ms. Memory: 161792K Free: 143754K (89%)
10 ms. Memory: 161792K Free: 143274K (89%)
3 ms. Memory: 161792K Free: 142760K (88%)
3 ms. Memory: 161792K Free: 142250K (88%)
2 ms. Memory: 161792K Free: 141226K (87%)
15 ms. Memory: 161792K Free: 139682K (86%)
5 ms. Memory: 161792K Free: 138664K (86%)
4 ms. Memory: 161792K Free: 138154K (85%)
/home/travis/build/icyphy/ptII/ptolemy/actor/lib/test/CurrentTime.tcl
preinitializing
resolving types
initializing
executing number 1
wrapping up
idle
9 ms. Memory: 161792K Free: 136106K (84%)
Completed execution with 11 iterations
/home/travis/build/icyphy/ptII/ptolemy/actor/lib/test/DB.tcl
8 ms. Memory: 161792K Free: 134554K (83%)
2 ms. Memory: 161792K Free: 133544K (83%)
2 ms. Memory: 161792K Free: 133544K (83%)
/home/travis/build/icyphy/ptII/ptolemy/actor/lib/test/DiscreteRandomSource.tcl
preinitializing
resolving types
initializing
executing number 1
wrapping up
idle
5 ms. Memory: 161792K Free: 132010K (82%)
Completed execution with 4 iterations
preinitializing
resolving types
initializing
executing number 1
wrapping up
idle
3 ms. Memory: 161792K Free: 131482K (81%)
Completed execution with 4 iterations
preinitializing
resolving types
initializing
executing number 1
wrapping up
idle
3 ms. Memory: 161792K Free: 130986K (81%)
Completed execution with 4 iterations
preinitializing
resolving types
initializing
executing number 1
wrapping up
idle
7 ms. Memory: 161792K Free: 130466K (81%)
Completed execution with 4 iterations
preinitializing
resolving types
initializing
executing number 1
wrapping up
idle
11 ms. Memory: 161792K Free: 129962K (80%)
Completed execution with 4 iterations
/home/travis/build/icyphy/ptII/ptolemy/actor/lib/test/Distributor.tcl
5 ms. Memory: 161792K Free: 128410K (79%)
4 ms. Memory: 161792K Free: 127914K (79%)
StreamChangeRequest.changeExecuted(): <deleteEntity name="rec2"/> succeeded
StreamChangeRequest.changeExecuted(): <deleteRelation name="r2"/> succeeded
StreamChangeRequest.changeExecuted(): Record firings per iteration succeeded
7 ms. Memory: 161792K Free: 125346K (77%)
/home/travis/build/icyphy/ptII/ptolemy/actor/lib/test/Exit.tcl
Exit.tcl: this will print a message about Manager.exitAfterWrapup, which can be ignored.
9 ms. Memory: 161792K Free: 122014K (75%)
/home/travis/build/icyphy/ptII/ptolemy/actor/lib/test/Expression.tcl
24 ms. Memory: 161792K Free: 118698K (73%)
9 ms. Memory: 161792K Free: 117674K (73%)
6 ms. Memory: 161792K Free: 117160K (72%)
preinitializing
resolving types
initializing
executing number 1
wrapping up
idle
11 ms. Memory: 161792K Free: 115626K (71%)
Completed execution with 6 iterations
11 ms. Memory: 161792K Free: 114602K (71%)
3 ms. Memory: 161792K Free: 114074K (71%)
13 ms. Memory: 161792K Free: 112554K (70%)
6 ms. Memory: 161792K Free: 111530K (69%)
8 ms. Memory: 161792K Free: 110506K (68%)
/home/travis/build/icyphy/ptII/ptolemy/actor/lib/test/Gaussian.tcl
8 ms. Memory: 161792K Free: 146230K (90%)
sleeping 1 seconds: ....................................................................................................................................................................................................................................................................................................................................................................................................................................................................................................................................................................................................................................................................................................................................................................................................................................................................................................................................................................................................................................................................................................................................................................................................................................................................................................................................................................................................................................................................................................................................................................................................................................................................................................................................................................................................................................................................................................................................................................................................................................................................................................................................................................................................................................................................................................................................................................................................................................................................................................................................................................................................................................................................................................................................................................................................................................................................................................................................................................................................................................................................................................................................................................................................................................................................................................................................................................................................................................................................................................................................................................................................................................................................................................................................................................................................................................................................................................................................................................................................................................................................................................................................................................................................................................................................................................................................................................................................................................................................................................................................................................................................................................................................................................................................................................................................................................................................................................................................................................................................................................................................................................................................................................................................................................................................................................................................................................................................................................................................................................................................................................................................................................................................................................................................................................................................................................................................................................................................................................................................................................................................................................................................................................................................................................................................................................................................................................................................................................................................................................................................................................................................................................................................................................................................................................................................................................................................................................................................................................................................................................................................................................................................................................................................................................................................................................................................................................................................................................................................................................................................................................................................................................................................................................................................................................................................................................................................................................................................................................................................................................................................................................................................................................................................................................................................................................................................................................................................................................................................................................................................................................................................................................................................................................................................................................................................................................................................................................................................................................................................................................................................................................................................................................................................................................................................................................................................................................................................................................................................................................................................................................................................................................................................................................................................................................................................................................................................................................................................................................................................................................................................................................................................................................................................................................................................................................................................................................................................................................................................................................................................................2 ms. Memory: 161792K Free: 103222K (64%)
2 ms. Memory: 161792K Free: 102198K (63%)
1 ms. Memory: 161792K Free: 101670K (63%)
2 ms. Memory: 161792K Free: 101174K (63%)
1 ms. Memory: 161792K Free: 100654K (62%)
/home/travis/build/icyphy/ptII/ptolemy/actor/lib/test/IIR.tcl
/home/travis/build/icyphy/ptII/ptolemy/actor/lib/test/Interpolator.tcl
5 ms. Memory: 161792K Free: 96550K (60%)
2 ms. Memory: 161792K Free: 96054K (59%)
2 ms. Memory: 161792K Free: 95540K (59%)
2 ms. Memory: 161792K Free: 95030K (59%)
3 ms. Memory: 161792K Free: 94006K (58%)
2 ms. Memory: 161792K Free: 93478K (58%)
3 ms. Memory: 161792K Free: 92462K (57%)
2 ms. Memory: 161792K Free: 91444K (57%)
3 ms. Memory: 161792K Free: 90934K (56%)
3 ms. Memory: 161792K Free: 89910K (56%)
/home/travis/build/icyphy/ptII/ptolemy/actor/lib/test/MathFunction.tcl
4 ms. Memory: 161792K Free: 87862K (54%)
2 ms. Memory: 161792K Free: 86838K (54%)
3 ms. Memory: 161792K Free: 85300K (53%)
3 ms. Memory: 161792K Free: 84790K (52%)
5 ms. Memory: 161792K Free: 83252K (51%)
7 ms. Memory: 161792K Free: 81718K (51%)
/home/travis/build/icyphy/ptII/ptolemy/actor/lib/test/Maximum.tcl
6 ms. Memory: 161792K Free: 79670K (49%)
8 ms. Memory: 161792K Free: 78646K (49%)
6 ms. Memory: 161792K Free: 78118K (48%)
4 ms. Memory: 161792K Free: 77622K (48%)
/home/travis/build/icyphy/ptII/ptolemy/actor/lib/test/Minimum.tcl
7 ms. Memory: 161792K Free: 76054K (47%)
3 ms. Memory: 161792K Free: 75060K (46%)
3 ms. Memory: 161792K Free: 74550K (46%)
3 ms. Memory: 161792K Free: 74022K (46%)
/home/travis/build/icyphy/ptII/ptolemy/actor/lib/test/MultiplyDivide.tcl
13 ms. Memory: 161792K Free: 71988K (44%)
9 ms. Memory: 161792K Free: 71476K (44%)
5 ms. Memory: 161792K Free: 70454K (44%)
25 ms. Memory: 161792K Free: 146833K (91%)
5 ms. Memory: 161792K Free: 145795K (90%)
/home/travis/build/icyphy/ptII/ptolemy/actor/lib/test/OrderedMerge.tcl
Connections changed on port: inputA
Connections changed on port: inputB
Connections changed on port: output
Connections changed on port: output
Connections changed on port: output
Connections changed on port: input
.top. Preinitializing ...
Invoking preinitialize():  .top.OrderedMerge
Called preinitialize()
Invoking preinitialize():  .top.Ramp
Called preinitialize()
Invoking preinitialize():  .top.Ramp2
Called preinitialize()
Invoking preinitialize():  .top.Test
Called preinitialize()
Connections changed on port: inputA
Connections changed on port: output
Connections changed on port: output
Connections changed on port: input
Connections changed on port: inputB
Connections changed on port: output
.top. Finished preinitialize().
Called initialize().
Invoking initialize():  .top.OrderedMerge
Initializing actor: .top.OrderedMerge
Adding a thread: .top.OrderedMerge
Invoking initialize():  .top.Ramp
Initializing actor: .top.Ramp
Adding a thread: .top.Ramp
Invoking initialize():  .top.Ramp2
Initializing actor: .top.Ramp2
Adding a thread: .top.Ramp2
Invoking initialize():  .top.Test
Initializing actor: .top.Test
Adding a thread: .top.Test
Called fire().
Checking for deadlock:
-- Starting thread.
Called initialize()
Called prefire()
Called fire()
-- Starting thread.
Called initialize()
Called prefire()
Called fire()
There are 0 Blocked actors, 0 Stopped actors, and 4 active threads.
Waiting for actors to stop.
-- Starting thread.
Called initialize()
Called prefire()
Called fire()
Checking for deadlock:
There are 2 Blocked actors, 0 Stopped actors, and 4 active threads.
Waiting for actors to stop.
Called postfire()
Called prefire()
Called fire()
-- Starting thread.
Called initialize()
Called prefire()
Called fire()
Called postfire()
Called prefire()
Called fire()
Checking for deadlock:
There are 3 Blocked actors, 0 Stopped actors, and 4 active threads.
Waiting for actors to stop.
Checking for deadlock:
There are 2 Blocked actors, 0 Stopped actors, and 4 active threads.
Waiting for actors to stop.
Called postfire()
Called prefire()
Called fire()
Checking for deadlock:
There are 3 Blocked actors, 0 Stopped actors, and 4 active threads.
Waiting for actors to stop.
Read input token from inputA with value 0.0
Next port to read input from is inputB
Called postfire()
Called prefire()
Called fire()
Called postfire()
Called prefire()
Called fire()
Read input token from inputB with value 0.0
Sent output token with value 0.0
Checking for deadlock:
There are 2 Blocked actors, 0 Stopped actors, and 4 active threads.
Waiting for actors to stop.
Next port to read input from is inputA
Called postfire()
Called prefire()
Called fire()
Read input token from inputA with value 1.0
Sent output token with value 0.0
Next port to read input from is inputB
Called postfire()
Called prefire()
Called fire()
Read input token from inputB with value 1.5
-- Read input: 0.0, which is expected to match: 0.0
Called prefire()
Called fire()
-- Read input: 0.0, which is expected to match: 0.0
Called prefire()
Called fire()
Called postfire()
Called prefire()
Called fire()
Sent output token with value 1.0
Called postfire()
Called prefire()
Next port to read input from is inputA
Called postfire()
Checking for deadlock:
Called fire()
Called prefire()
Called fire()
There are 1 Blocked actors, 0 Stopped actors, and 4 active threads.
Waiting for actors to stop.
Read input token from inputA with value 2.0
Sent output token with value 1.5
-- Read input: 1.0, which is expected to match: 1.0
Next port to read input from is inputB
Called postfire()
Called prefire()
Called fire()
Called prefire()
Called fire()
Checking for deadlock:
There are 1 Blocked actors, 0 Stopped actors, and 4 active threads.
Waiting for actors to stop.
Called postfire()
Called prefire()
Called fire()
Read input token from inputB with value 3.0
-- Read input: 1.5, which is expected to match: 1.5
Called prefire()
Called fire()
Sent output token with value 2.0
-- Read input: 2.0, which is expected to match: 2.0
Next port to read input from is inputA
Called postfire()
Called prefire()
Called prefire()
Called fire()
Called fire()
Called postfire()
Called prefire()
Called fire()
Read input token from inputA with value 3.0
Checking for deadlock:
There are 2 Blocked actors, 0 Stopped actors, and 4 active threads.
Waiting for actors to stop.
Called postfire()
Sent output token with value 3.0
Next port to read input from is inputB
Called postfire()
Called prefire()
-- Read input: 3.0, which is expected to match: 3.0
Called prefire()
Called fire()
Called prefire()
Called fire()
Called fire()
Called postfire()
Called prefire()
Called fire()
Read input token from inputB with value 4.5
Sent output token with value 3.0
Next port to read input from is inputA
Called postfire()
Called prefire()
Called fire()
Read input token from inputA with value 4.0
Checking for deadlock:
There are 2 Blocked actors, 0 Stopped actors, and 4 active threads.
Waiting for actors to stop.
Called postfire()
Called prefire()
Called fire()
-- Read input: 3.0, which is expected to match: 3.0
Called prefire()
Called fire()
Checking for deadlock:
There are 3 Blocked actors, 0 Stopped actors, and 4 active threads.
Waiting for actors to stop.
Checking for deadlock:
There are 2 Blocked actors, 0 Stopped actors, and 4 active threads.
Waiting for actors to stop.
-- Read input: 4.0, which is expected to match: 4.0
Called prefire()
Called fire()
Past the end of training data. Read and discard all inputs.
Sent output token with value 4.0
Next port to read input from is inputA
Called postfire()
Called prefire()
Called fire()
Read input token from inputA with value 5.0
Sent output token with value 4.5
Next port to read input from is inputB
Called postfire()
Called prefire()
Called fire()
Read input token from inputB with value 6.0
Checking for deadlock:
There are 1 Blocked actors, 0 Stopped actors, and 4 active threads.
Waiting for actors to stop.
Called postfire()
Called prefire()
Called fire()
Called postfire()
Called prefire()
Called fire()
Called prefire()
Called fire()
Past the end of training data. Read and discard all inputs.
Checking for deadlock:
There are 3 Blocked actors, 0 Stopped actors, and 4 active threads.
Waiting for actors to stop.
Called prefire()
Called fire()
Sent output token with value 5.0
Checking for deadlock:
Past the end of training data. Read and discard all inputs.
Next port to read input from is inputA
Called postfire()
Called prefire()
Called fire()
There are 2 Blocked actors, 0 Stopped actors, and 4 active threads.
Waiting for actors to stop.
Called postfire()
Called prefire()
Read input token from inputA with value 6.0
Called fire()
Sent output token with value 6.0
Called prefire()
Called fire()
Past the end of training data. Read and discard all inputs.
Next port to read input from is inputB
Called postfire()
Called prefire()
Called fire()
Checking for deadlock:
There are 3 Blocked actors, 0 Stopped actors, and 4 active threads.
Waiting for actors to stop.
Called postfire()
Called prefire()
Read input token from inputB with value 7.5
Called fire()
Checking for deadlock:
Sent output token with value 6.0
There are 2 Blocked actors, 0 Stopped actors, and 4 active threads.
Waiting for actors to stop.
Next port to read input from is inputA
Called postfire()
Called prefire()
Called fire()
Called prefire()
Called fire()
Past the end of training data. Read and discard all inputs.
Read input token from inputA with value 7.0
Called postfire()
Called prefire()
Sent output token with value 7.0
Called fire()
Next port to read input from is inputA
Called postfire()
Called prefire()
Called fire()
Checking for deadlock:
There are 2 Blocked actors, 0 Stopped actors, and 4 active threads.
Waiting for actors to stop.
Called prefire()
Called fire()
Read input token from inputA with value 8.0
Past the end of training data. Read and discard all inputs.
Checking for deadlock:
There are 1 Blocked actors, 0 Stopped actors, and 4 active threads.
Sent output token with value 7.5
Next port to read input from is inputB
Called postfire()
Called prefire()
Called fire()
Waiting for actors to stop.
Read input token from inputB with value 9.0
Called prefire()
Called fire()
Past the end of training data. Read and discard all inputs.
Called prefire()
Called fire()
Past the end of training data. Read and discard all inputs.
Called postfire()
Called prefire()
Called fire()
-- Thread wrapup() called.
Sent output token with value 8.0
Called wrapup()
Next port to read input from is inputA
Called postfire()
Called prefire()
Called fire()
Thread .top.Ramp is exiting.
-- Thread stopped.
Checking for deadlock:
There are 2 Blocked actors, 0 Stopped actors, and 3 active threads.
Waiting for actors to stop.
Read input token from inputA with value 9.0
Checking for deadlock:
There are 1 Blocked actors, 0 Stopped actors, and 3 active threads.
Sent output token with value 9.0
Waiting for actors to stop.
Next port to read input from is inputB
Called postfire()
Called prefire()
Called fire()
Called prefire()
Called fire()
Past the end of training data. Read and discard all inputs.
Read input token from inputB with value 10.5
Checking for deadlock:
There are 1 Blocked actors, 0 Stopped actors, and 3 active threads.
Waiting for actors to stop.
Sent output token with value 9.0
Checking for deadlock:
Called postfire()
Called prefire()
Called fire()
Next port to read input from is inputA
Called postfire()
Called prefire()
Called fire()
There are 0 Blocked actors, 0 Stopped actors, and 3 active threads.
Waiting for actors to stop.
Called prefire()
Called fire()
Past the end of training data. Read and discard all inputs.
Checking for deadlock:
There are 3 Blocked actors, 0 Stopped actors, and 3 active threads.
Actors have stopped.
Checking for deadlock:
There are 3 Blocked actors, 0 Stopped actors, and 3 active threads.
Deadlock detected.
Resolving Deadlock
Checking for deadlock:
There are 3 Blocked actors, 0 Stopped actors, and 3 active threads.
Artificial Deadlock - increasing queue capacity.
increasing the capacity of receiver ptolemy.actor.TypedIOPort {.top.OrderedMerge.inputB} to 2
-- Thread wrapup() called.
Called wrapup()
Thread .top.Ramp2 is exiting.
-- Thread stopped.
Director: Called postfire().
Called postfire().
_stopRequested = false
_stopFireRequested = false
Returning from postfire(): true
Called fire().
Checking for deadlock:
There are 2 Blocked actors, 0 Stopped actors, and 2 active threads.
Actors have stopped.
Checking for deadlock:
There are 2 Blocked actors, 0 Stopped actors, and 2 active threads.
Deadlock detected.
Resolving Deadlock
Checking for deadlock:
There are 2 Blocked actors, 0 Stopped actors, and 2 active threads.
Deadlock detected: no processes blocked on write, but some are blocked on read.
Called postfire().
_stopRequested = false
_stopFireRequested = false
Returning from postfire(): false
Finished deactivating branches.
Called wrapup().
-- Thread wrapup() called.
Called wrapup()
-- Thread wrapup() called.
Thread .top.OrderedMerge is exiting.
Called wrapup()
-- Thread stopped.
-- Blocked Receiver call threw TerminateProcessException.
Thread .top.Test is exiting.
-- Thread stopped.
-- Blocked Receiver call threw TerminateProcessException.
71 ms. Memory: 161792K Free: 141203K (87%)
.top. Preinitializing ...
Invoking preinitialize():  .top.OrderedMerge
Called preinitialize()
Invoking preinitialize():  .top.Ramp
Called preinitialize()
Invoking preinitialize():  .top.Ramp2
Called preinitialize()
Invoking preinitialize():  .top.Test
Called preinitialize()
.top. Finished preinitialize().
Called initialize().
Invoking initialize():  .top.OrderedMerge
Initializing actor: .top.OrderedMerge
Adding a thread: .top.OrderedMerge
Invoking initialize():  .top.Ramp
Initializing actor: .top.Ramp
Adding a thread: .top.Ramp
Invoking initialize():  .top.Ramp2
Initializing actor: .top.Ramp2
Adding a thread: .top.Ramp2
Invoking initialize():  .top.Test
Initializing actor: .top.Test
Adding a thread: .top.Test
-- Starting thread.
Called initialize()
Called prefire()
Called fire()
-- Starting thread.
Called initialize()
Called prefire()
Called fire()
Called postfire()
Called prefire()
Called fire()
-- Starting thread.
Called initialize()
Called prefire()
Called fire()
Called postfire()
Called prefire()
Called fire()
Called fire().
Checking for deadlock:
There are 3 Blocked actors, 0 Stopped actors, and 4 active threads.
Waiting for actors to stop.
-- Starting thread.
Called initialize()
Called prefire()
Called fire()
Checking for deadlock:
There are 2 Blocked actors, 0 Stopped actors, and 4 active threads.
Waiting for actors to stop.
Read input token from inputA with value 0.0
Called postfire()
Called prefire()
Called fire()
Checking for deadlock:
There are 3 Blocked actors, 0 Stopped actors, and 4 active threads.
Waiting for actors to stop.
Next port to read input from is inputB
Called postfire()
Called prefire()
Called fire()
Read input token from inputB with value 0.0
Sent output token with value 0.0
Next port to read input from is inputA
Called postfire()
Called prefire()
Called fire()
Read input token from inputA with value 1.0
Called postfire()
Called prefire()
-- Read input: 0.0, which is expected to match: 0.0
Called fire()
Called prefire()
Called fire()
Checking for deadlock:
There are 2 Blocked actors, 0 Stopped actors, and 4 active threads.
Waiting for actors to stop.
Called postfire()
Called prefire()
Called fire()
Sent output token with value 0.0
Next port to read input from is inputB
Called postfire()
Called prefire()
Called fire()
Read input token from inputB with value 1.5
Checking for deadlock:
-- Read input: 0.0, which is expected to match: 0.0
There are 1 Blocked actors, 0 Stopped actors, and 4 active threads.
Waiting for actors to stop.
Called prefire()
Called fire()
Called postfire()
Called prefire()
Called fire()
Checking for deadlock:
There are 2 Blocked actors, 0 Stopped actors, and 4 active threads.
Waiting for actors to stop.
-- Read input: 1.0, which is expected to match: 1.0
Called prefire()
Called fire()
Sent output token with value 1.0
Checking for deadlock:
There are 3 Blocked actors, 0 Stopped actors, and 4 active threads.
Waiting for actors to stop.
Next port to read input from is inputA
Called postfire()
Called prefire()
Called fire()
Read input token from inputA with value 2.0
Sent output token with value 1.5
Next port to read input from is inputB
Called postfire()
Called prefire()
Called fire()
Read input token from inputB with value 3.0
Called postfire()
Called prefire()
Called fire()
Checking for deadlock:
There are 2 Blocked actors, 0 Stopped actors, and 4 active threads.
Waiting for actors to stop.
Called postfire()
Called prefire()
Called fire()
Checking for deadlock:
There are 2 Blocked actors, 0 Stopped actors, and 4 active threads.
Waiting for actors to stop.
-- Read input: 1.5, which is expected to match: 1.5
Called prefire()
Called fire()
Sent output token with value 2.0
-- Read input: 2.0, which is expected to match: 2.0
Next port to read input from is inputA
Called postfire()
Called prefire()
Called fire()
Called prefire()
Called fire()
Read input token from inputA with value 3.0
Sent output token with value 3.0
Next port to read input from is inputB
Called postfire()
Called prefire()
Called fire()
Read input token from inputB with value 4.5
Called postfire()
Called prefire()
-- Read input: 3.0, which is expected to match: 3.0
Checking for deadlock:
Called prefire()
Called fire()
Called fire()
There are 0 Blocked actors, 0 Stopped actors, and 4 active threads.
Waiting for actors to stop.
Checking for deadlock:
There are 2 Blocked actors, 0 Stopped actors, and 4 active threads.
Waiting for actors to stop.
Called postfire()
Called prefire()
Called fire()
Checking for deadlock:
There are 2 Blocked actors, 0 Stopped actors, and 4 active threads.
Waiting for actors to stop.
Sent output token with value 3.0
-- Read input: 3.0, which is expected to match: 3.0
Called prefire()
Called fire()
Checking for deadlock:
There are 3 Blocked actors, 0 Stopped actors, and 4 active threads.
Waiting for actors to stop.
Next port to read input from is inputA
Called postfire()
Called prefire()
Called fire()
Read input token from inputA with value 4.0
Sent output token with value 4.0
Next port to read input from is inputA
Called postfire()
Called prefire()
Called fire()
Called postfire()
Called prefire()
Called fire()
Checking for deadlock:
There are 1 Blocked actors, 0 Stopped actors, and 4 active threads.
Waiting for actors to stop.
-- Read input: 4.0, which is expected to match: 4.0
Called prefire()
Called fire()
Past the end of training data. Read and discard all inputs.
Checking for deadlock:
There are 3 Blocked actors, 0 Stopped actors, and 4 active threads.
Waiting for actors to stop.
Called postfire()
Called prefire()
Called fire()
Checking for deadlock:
There are 3 Blocked actors, 0 Stopped actors, and 4 active threads.
Waiting for actors to stop.
Read input token from inputA with value 5.0
Called prefire()
Called fire()
Past the end of training data. Read and discard all inputs.
Checking for deadlock:
There are 3 Blocked actors, 0 Stopped actors, and 4 active threads.
Waiting for actors to stop.
Sent output token with value 4.5
Next port to read input from is inputB
Called postfire()
Called prefire()
Called fire()
Checking for deadlock:
There are 2 Blocked actors, 0 Stopped actors, and 4 active threads.
Waiting for actors to stop.
Called postfire()
Called prefire()
Called fire()
Checking for deadlock:
There are 3 Blocked actors, 0 Stopped actors, and 4 active threads.
Waiting for actors to stop.
Read input token from inputB with value 6.0
Checking for deadlock:
There are 2 Blocked actors, 0 Stopped actors, and 4 active threads.
Waiting for actors to stop.
Called prefire()
Called fire()
Past the end of training data. Read and discard all inputs.
Checking for deadlock:
There are 3 Blocked actors, 0 Stopped actors, and 4 active threads.
Waiting for actors to stop.
Sent output token with value 5.0
Next port to read input from is inputA
Called postfire()
Called prefire()
Called fire()
Checking for deadlock:
There are 2 Blocked actors, 0 Stopped actors, and 4 active threads.
Waiting for actors to stop.
Called postfire()
Called prefire()
Called fire()
Checking for deadlock:
There are 3 Blocked actors, 0 Stopped actors, and 4 active threads.
Waiting for actors to stop.
Read input token from inputA with value 6.0
Checking for deadlock:
There are 2 Blocked actors, 0 Stopped actors, and 4 active threads.
Waiting for actors to stop.
Called prefire()
Called fire()
Past the end of training data. Read and discard all inputs.
Checking for deadlock:
There are 3 Blocked actors, 0 Stopped actors, and 4 active threads.
Waiting for actors to stop.
Sent output token with value 6.0
Next port to read input from is inputB
Called postfire()
Called prefire()
Called fire()
Checking for deadlock:
There are 2 Blocked actors, 0 Stopped actors, and 4 active threads.
Waiting for actors to stop.
Called postfire()
Called prefire()
Called fire()
Checking for deadlock:
There are 3 Blocked actors, 0 Stopped actors, and 4 active threads.
Waiting for actors to stop.
Read input token from inputB with value 7.5
Checking for deadlock:
There are 2 Blocked actors, 0 Stopped actors, and 4 active threads.
Waiting for actors to stop.
Called prefire()
Called fire()
Past the end of training data. Read and discard all inputs.
Checking for deadlock:
There are 3 Blocked actors, 0 Stopped actors, and 4 active threads.
Waiting for actors to stop.
Sent output token with value 6.0
Next port to read input from is inputA
Called postfire()
Called prefire()
Called fire()
Called postfire()
Called prefire()
Called fire()
Checking for deadlock:
There are 3 Blocked actors, 0 Stopped actors, and 4 active threads.
Waiting for actors to stop.
Read input token from inputA with value 7.0
Called prefire()
Called fire()
Past the end of training data. Read and discard all inputs.
Checking for deadlock:
There are 3 Blocked actors, 0 Stopped actors, and 4 active threads.
Waiting for actors to stop.
Sent output token with value 7.0
Next port to read input from is inputA
Called postfire()
Called prefire()
Called fire()
-- Thread wrapup() called.
Called wrapup()
Thread .top.Ramp is exiting.
-- Thread stopped.
Checking for deadlock:
There are 2 Blocked actors, 0 Stopped actors, and 3 active threads.
Waiting for actors to stop.
Read input token from inputA with value 8.0
Checking for deadlock:
There are 1 Blocked actors, 0 Stopped actors, and 3 active threads.
Waiting for actors to stop.
Called prefire()
Called fire()
Past the end of training data. Read and discard all inputs.
Checking for deadlock:
There are 2 Blocked actors, 0 Stopped actors, and 3 active threads.
Waiting for actors to stop.
Sent output token with value 7.5
Next port to read input from is inputB
Called postfire()
Called prefire()
Called fire()
Checking for deadlock:
There are 1 Blocked actors, 0 Stopped actors, and 3 active threads.
Waiting for actors to stop.
Called postfire()
Called prefire()
Called fire()
Checking for deadlock:
There are 2 Blocked actors, 0 Stopped actors, and 3 active threads.
Waiting for actors to stop.
Read input token from inputB with value 9.0
Checking for deadlock:
There are 1 Blocked actors, 0 Stopped actors, and 3 active threads.
Waiting for actors to stop.
Called prefire()
Called fire()
Past the end of training data. Read and discard all inputs.
Checking for deadlock:
There are 2 Blocked actors, 0 Stopped actors, and 3 active threads.
Waiting for actors to stop.
Sent output token with value 8.0
Next port to read input from is inputA
Called postfire()
Called prefire()
Called fire()
Read input token from inputA with value 9.0
Called prefire()
Called fire()
Past the end of training data. Read and discard all inputs.
Checking for deadlock:
There are 2 Blocked actors, 0 Stopped actors, and 3 active threads.
Waiting for actors to stop.
Sent output token with value 9.0
Next port to read input from is inputB
Called postfire()
Called prefire()
Called fire()
Checking for deadlock:
There are 1 Blocked actors, 0 Stopped actors, and 3 active threads.
Waiting for actors to stop.
Called postfire()
Called prefire()
Called fire()
Checking for deadlock:
There are 2 Blocked actors, 0 Stopped actors, and 3 active threads.
Waiting for actors to stop.
Read input token from inputB with value 10.5
Checking for deadlock:
There are 1 Blocked actors, 0 Stopped actors, and 3 active threads.
Waiting for actors to stop.
Called prefire()
Called fire()
Past the end of training data. Read and discard all inputs.
Checking for deadlock:
There are 2 Blocked actors, 0 Stopped actors, and 3 active threads.
Waiting for actors to stop.
Sent output token with value 9.0
Next port to read input from is inputA
Called postfire()
Called prefire()
Called fire()
Checking for deadlock:
There are 3 Blocked actors, 0 Stopped actors, and 3 active threads.
Actors have stopped.
Checking for deadlock:
There are 3 Blocked actors, 0 Stopped actors, and 3 active threads.
Deadlock detected.
Resolving Deadlock
Checking for deadlock:
There are 3 Blocked actors, 0 Stopped actors, and 3 active threads.
Artificial Deadlock - increasing queue capacity.
increasing the capacity of receiver ptolemy.actor.TypedIOPort {.top.OrderedMerge.inputB} to 2
Director: Called postfire().
Called postfire().
_stopRequested = false
_stopFireRequested = false
Returning from postfire(): true
Called fire().
Checking for deadlock:
There are 2 Blocked actors, 0 Stopped actors, and 3 active threads.
Waiting for actors to stop.
-- Thread wrapup() called.
Called wrapup()
Thread .top.Ramp2 is exiting.
-- Thread stopped.
Checking for deadlock:
There are 2 Blocked actors, 0 Stopped actors, and 2 active threads.
Actors have stopped.
Checking for deadlock:
There are 2 Blocked actors, 0 Stopped actors, and 2 active threads.
Deadlock detected.
Resolving Deadlock
Checking for deadlock:
There are 2 Blocked actors, 0 Stopped actors, and 2 active threads.
Deadlock detected: no processes blocked on write, but some are blocked on read.
Called postfire().
_stopRequested = false
_stopFireRequested = false
Returning from postfire(): false
Finished deactivating branches.
Called wrapup().
-- Thread wrapup() called.
Called wrapup()
-- Thread wrapup() called.
Called wrapup()
Thread .top.Test is exiting.
-- Thread stopped.
-- Blocked Receiver call threw TerminateProcessException.
Thread .top.OrderedMerge is exiting.
45 ms. Memory: 161792K Free: 138641K (86%)
/home/travis/build/icyphy/ptII/ptolemy/actor/lib/test/Publisher.tcl
-- Thread stopped.
-- Blocked Receiver call threw TerminateProcessException.
16 ms. Memory: 161792K Free: 132483K (82%)
5 ms. Memory: 161792K Free: 126867K (78%)
3 ms. Memory: 161792K Free: 123267K (76%)
13 ms. Memory: 161792K Free: 122243K (76%)
3 ms. Memory: 161792K Free: 121219K (75%)
7 ms. Memory: 161792K Free: 120723K (75%)
2 ms. Memory: 161792K Free: 119699K (74%)
12 ms. Memory: 161792K Free: 119171K (74%)
18 ms. Memory: 161792K Free: 108945K (67%)
4 ms. Memory: 161792K Free: 105363K (65%)
3 ms. Memory: 161792K Free: 104339K (64%)
3 ms. Memory: 161792K Free: 102291K (63%)
6 ms. Memory: 161792K Free: 94609K (58%)
14 ms. Memory: 161792K Free: 84883K (52%)
7 ms. Memory: 161792K Free: 73619K (46%)
/home/travis/build/icyphy/ptII/ptolemy/actor/lib/test/Pulse.tcl
8 ms. Memory: 161792K Free: 118618K (73%)
6 ms. Memory: 161792K Free: 118138K (73%)
2 ms. Memory: 161792K Free: 117610K (73%)
1 ms. Memory: 161792K Free: 117114K (72%)
9 ms. Memory: 161792K Free: 116570K (72%)
13 ms. Memory: 161792K Free: 115562K (71%)
3 ms. Memory: 161792K Free: 114538K (71%)
5 ms. Memory: 161792K Free: 113514K (70%)
2 ms. Memory: 161792K Free: 113018K (70%)
/home/travis/build/icyphy/ptII/ptolemy/actor/lib/test/Ramp.tcl
5 ms. Memory: 161792K Free: 110970K (69%)
4 ms. Memory: 161792K Free: 110426K (68%)
3 ms. Memory: 161792K Free: 109432K (68%)
2 ms. Memory: 161792K Free: 108922K (67%)
5 ms. Memory: 161792K Free: 107898K (67%)
9 ms. Memory: 161792K Free: 107354K (66%)
6 ms. Memory: 161792K Free: 106360K (66%)
5 actors
4000 microseconds per iteration to create
16 ms. Memory: 161792K Free: 103274K (64%)
2 ms. Memory: 161792K Free: 102778K (64%)
2 ms. Memory: 161792K Free: 102250K (63%)
5 ms. Memory: 161792K Free: 101754K (63%)
50 actors
56000 microseconds per iteration to create
48 ms. Memory: 161792K Free: 86394K (53%)
6 ms. Memory: 161792K Free: 84856K (52%)
6 ms. Memory: 161792K Free: 83832K (52%)
6 ms. Memory: 161792K Free: 82808K (51%)
500 actors
1794000 microseconds per iteration to create
279 ms. Memory: 220160K Free: 187498K (85%)
42 ms. Memory: 220160K Free: 182392K (83%)
42 ms. Memory: 220160K Free: 177272K (81%)
41 ms. Memory: 220160K Free: 171642K (78%)
/home/travis/build/icyphy/ptII/ptolemy/actor/lib/test/RampContinuous.tcl
8 ms. Memory: 220160K Free: 170104K (77%)
/home/travis/build/icyphy/ptII/ptolemy/actor/lib/test/RecordAssembler.tcl
5 ms. Memory: 220160K Free: 168570K (77%)
5 ms. Memory: 220160K Free: 167546K (76%)
/home/travis/build/icyphy/ptII/ptolemy/actor/lib/test/RecordDisassembler.tcl
11 ms. Memory: 220160K Free: 166008K (75%)
4 ms. Memory: 220160K Free: 165498K (75%)
9 ms. Memory: 220160K Free: 163960K (74%)
/home/travis/build/icyphy/ptII/ptolemy/actor/lib/test/Scale.tcl
3 ms. Memory: 220160K Free: 162426K (74%)
2 ms. Memory: 220160K Free: 161402K (73%)
2 ms. Memory: 220160K Free: 160858K (73%)
4 ms. Memory: 220160K Free: 159864K (73%)
4 ms. Memory: 220160K Free: 159352K (72%)
/home/travis/build/icyphy/ptII/ptolemy/actor/lib/test/SequentialClock.tcl
preinitializing
resolving types
initializing
executing number 1
wrapping up
idle
3 ms. Memory: 220160K Free: 157816K (72%)
Completed execution with 5 iterations
preinitializing
resolving types
initializing
executing number 1
wrapping up
idle
2 ms. Memory: 220160K Free: 157306K (71%)
Completed execution with 5 iterations
preinitializing
resolving types
initializing
executing number 1
wrapping up
idle
1 ms. Memory: 220160K Free: 156792K (71%)
Completed execution with 5 iterations
/home/travis/build/icyphy/ptII/ptolemy/actor/lib/test/SetVariable.tcl
6 ms. Memory: 220160K Free: 154730K (70%)


==== $PTII/ptolemy/actor/lib/test/SetVariable.tcl: SetVariable-3.1 changeFailed
==== Contents of test case:

    #Uses 2.1 above
    jdkCaptureErr {
        # This test was failing if we ran Exit.tcl and then this test.
        # MessageHandler.error() now actually throws the Exception.
	catch {$setVariable changeFailed [java::null]  [java::new Exception {Test exception for SetVariable.changeFailed()}]} errMsg
    } results
    list [string range $results 0 89] "\n" $errMsg

==== Result was:
{java.lang.Exception: Test exception for SetVariable.changeFailed()
	at java.base/jdk.inter} {
} {java.lang.RuntimeException: java.lang.Exception: Test exception for SetVariable.changeFailed()}
---- Result should have been:
{java.lang.Exception: Test exception for SetVariable.changeFailed()
	at sun.reflect.NativeC} {
} {java.lang.RuntimeException: java.lang.Exception: Test exception for SetVariable.changeFailed()}
---- SetVariable-3.1 FAILED
/home/travis/build/icyphy/ptII/ptolemy/actor/lib/test/Sinewave.tcl
/home/travis/build/icyphy/ptII/ptolemy/actor/lib/test/SubscriptionAggregator.tcl
11 ms. Memory: 220160K Free: 143466K (65%)
4 ms. Memory: 220160K Free: 142456K (65%)
1 ms. Memory: 220160K Free: 141946K (64%)
0 ms. Memory: 220160K Free: 141946K (64%)
1 ms. Memory: 220160K Free: 138354K (63%)
9 ms. Memory: 220160K Free: 136312K (62%)
...............................................................1240 ms. Memory: 329728K Free: 255512K (77%)
/home/travis/build/icyphy/ptII/ptolemy/actor/lib/test/Test.tcl
 The next command will produce a warning about training mode,
   which may be ignored.
5 ms. Memory: 329728K Free: 253464K (77%)
3 ms. Memory: 329728K Free: 252935K (77%)
2 ms. Memory: 329728K Free: 252440K (77%)
1 ms. Memory: 329728K Free: 251895K (76%)
1 ms. Memory: 329728K Free: 250902K (76%)
3 ms. Memory: 329728K Free: 249871K (76%)
2 ms. Memory: 329728K Free: 248344K (75%)
 The next command will produce a warning about training mode,
   which may be ignored.
4 ms. Memory: 329728K Free: 246296K (75%)
 The next command will produce a warning about training mode,
   which may be ignored.
2 ms. Memory: 329728K Free: 244727K (74%)
1 ms. Memory: 329728K Free: 244727K (74%)
1 ms. Memory: 329728K Free: 244248K (74%)
1 ms. Memory: 329728K Free: 243727K (74%)
6 ms. Memory: 329728K Free: 242695K (74%)
3 ms. Memory: 329728K Free: 238614K (72%)
/home/travis/build/icyphy/ptII/ptolemy/actor/lib/test/TestExceptionHandler.tcl
 The next command will produce a warning about training mode,
   which may be ignored.
3 ms. Memory: 329728K Free: 237575K (72%)
1 ms. Memory: 329728K Free: 237080K (72%)
1 ms. Memory: 329728K Free: 236566K (72%)
/home/travis/build/icyphy/ptII/ptolemy/actor/lib/test/UnionDisassembler.tcl
14 ms. Memory: 329728K Free: 229383K (70%)
/home/travis/build/icyphy/ptII/ptolemy/actor/lib/test/VariableClock.tcl
preinitializing
resolving types
initializing
executing number 1
wrapping up
idle
3 ms. Memory: 329728K Free: 227335K (69%)
Completed execution with 11 iterations
preinitializing
resolving types
initializing
executing number 1
wrapping up
idle
3 ms. Memory: 329728K Free: 225816K (68%)
Completed execution with 10 iterations
06/21/19 04:44:48
Failed: 2  Total Tests: 234  ((Passed: 232, Newly Passed: 0)  Known Failed: 0) /home/travis/build/icyphy/ptII/ptolemy/actor/lib/test
----------------- testing (KnownFailure) /home/travis/build/icyphy/ptII/ptolemy/actor/lib/test/auto/knownFailedTests/PublisherPortToplevelSubscriber.xml
0 ms. Memory: 329728K Free: 222230K (67%)
Known Failure: java.lang.reflect.InvocationTargetException
----------------- testing (KnownFailure) /home/travis/build/icyphy/ptII/ptolemy/actor/lib/test/auto/knownFailedTests/PublisherSubscriberPortToplevel.xml
1 ms. Memory: 329728K Free: 218134K (66%)
Known Failure: java.lang.reflect.InvocationTargetException
----------------- testing (KnownFailure) /home/travis/build/icyphy/ptII/ptolemy/actor/lib/test/auto/knownFailedTests/PublisherSubscriptionAggregatorPort.xml
0 ms. Memory: 329728K Free: 214038K (65%)
Known Failure: java.lang.reflect.InvocationTargetException
----------------- testing (KnownFailure) /home/travis/build/icyphy/ptII/ptolemy/actor/lib/test/auto/knownFailedTests/sizedarray3.xml
8 ms. Memory: 329728K Free: 209942K (64%)
Known Failure: java.lang.reflect.InvocationTargetException
No auto/linux-amd64/*.xml tests in /home/travis/build/icyphy/ptII/ptolemy/actor/lib/test
AutoTests.java: About to close Vertx.
AutoTests.java: Vertx closed.

===========================================================================================
----------------- testing Fri Jun 21 04:44:49 UTC 2019 /home/travis/build/icyphy/ptII/ptolemy/actor/lib/test/auto/AbsoluteValue.xml
----------------- Instantiating /home/travis/build/icyphy/ptII/ptolemy/actor/lib/test/auto/AbsoluteValue.xml
7 ms. Memory: 329728K Free: 187414K (57%)
----------------- Invoking toplevel() on ptolemy.moml.MoMLSimpleApplication@593678b7
----------------- Done invoking toplevel() on ptolemy.moml.MoMLSimpleApplication@593678b7
reloadAllAccessors: .AbsoluteValue

===========================================================================================
----------------- testing Fri Jun 21 04:44:49 UTC 2019 /home/travis/build/icyphy/ptII/ptolemy/actor/lib/test/auto/AbsoluteValue2.xml
----------------- Instantiating /home/travis/build/icyphy/ptII/ptolemy/actor/lib/test/auto/AbsoluteValue2.xml
5 ms. Memory: 329728K Free: 180246K (55%)
----------------- Invoking toplevel() on ptolemy.moml.MoMLSimpleApplication@332b710f
----------------- Done invoking toplevel() on ptolemy.moml.MoMLSimpleApplication@332b710f
reloadAllAccessors: .AbsoluteValue2

===========================================================================================
----------------- testing Fri Jun 21 04:44:49 UTC 2019 /home/travis/build/icyphy/ptII/ptolemy/actor/lib/test/auto/Accumulator.xml
----------------- Instantiating /home/travis/build/icyphy/ptII/ptolemy/actor/lib/test/auto/Accumulator.xml
7 ms. Memory: 329728K Free: 174102K (53%)
----------------- Invoking toplevel() on ptolemy.moml.MoMLSimpleApplication@5d44026f
----------------- Done invoking toplevel() on ptolemy.moml.MoMLSimpleApplication@5d44026f
reloadAllAccessors: .Accumulator

===========================================================================================
----------------- testing Fri Jun 21 04:44:49 UTC 2019 /home/travis/build/icyphy/ptII/ptolemy/actor/lib/test/auto/Accumulator2.xml
----------------- Instantiating /home/travis/build/icyphy/ptII/ptolemy/actor/lib/test/auto/Accumulator2.xml
4 ms. Memory: 329728K Free: 168472K (51%)
----------------- Invoking toplevel() on ptolemy.moml.MoMLSimpleApplication@3f2ed5e5
----------------- Done invoking toplevel() on ptolemy.moml.MoMLSimpleApplication@3f2ed5e5
reloadAllAccessors: .Accumulator2

===========================================================================================
----------------- testing Fri Jun 21 04:44:49 UTC 2019 /home/travis/build/icyphy/ptII/ptolemy/actor/lib/test/auto/Accumulator3.xml
----------------- Instantiating /home/travis/build/icyphy/ptII/ptolemy/actor/lib/test/auto/Accumulator3.xml
3 ms. Memory: 329728K Free: 164376K (50%)
----------------- Invoking toplevel() on ptolemy.moml.MoMLSimpleApplication@13b18821
----------------- Done invoking toplevel() on ptolemy.moml.MoMLSimpleApplication@13b18821
reloadAllAccessors: .Accumulator3

===========================================================================================
----------------- testing Fri Jun 21 04:44:49 UTC 2019 /home/travis/build/icyphy/ptII/ptolemy/actor/lib/test/auto/ArrayAppend.xml
----------------- Instantiating /home/travis/build/icyphy/ptII/ptolemy/actor/lib/test/auto/ArrayAppend.xml
5 ms. Memory: 329728K Free: 158232K (48%)
----------------- Invoking toplevel() on ptolemy.moml.MoMLSimpleApplication@3be084f3
----------------- Done invoking toplevel() on ptolemy.moml.MoMLSimpleApplication@3be084f3
reloadAllAccessors: .ArrayAppend

===========================================================================================
----------------- testing Fri Jun 21 04:44:49 UTC 2019 /home/travis/build/icyphy/ptII/ptolemy/actor/lib/test/auto/ArrayAppend2.xml
----------------- Instantiating /home/travis/build/icyphy/ptII/ptolemy/actor/lib/test/auto/ArrayAppend2.xml
477 ms. Memory: 329728K Free: 256542K (78%)
----------------- Invoking toplevel() on ptolemy.moml.MoMLSimpleApplication@2b075586
----------------- Done invoking toplevel() on ptolemy.moml.MoMLSimpleApplication@2b075586
reloadAllAccessors: .ArrayAppend2

===========================================================================================
----------------- testing Fri Jun 21 04:44:50 UTC 2019 /home/travis/build/icyphy/ptII/ptolemy/actor/lib/test/auto/ArrayAppend3.xml
----------------- Instantiating /home/travis/build/icyphy/ptII/ptolemy/actor/lib/test/auto/ArrayAppend3.xml
3 ms. Memory: 329728K Free: 250398K (76%)
----------------- Invoking toplevel() on ptolemy.moml.MoMLSimpleApplication@7811003
----------------- Done invoking toplevel() on ptolemy.moml.MoMLSimpleApplication@7811003
reloadAllAccessors: .ArrayAppend3

===========================================================================================
----------------- testing Fri Jun 21 04:44:50 UTC 2019 /home/travis/build/icyphy/ptII/ptolemy/actor/lib/test/auto/ArrayAppend4.xml
----------------- Instantiating /home/travis/build/icyphy/ptII/ptolemy/actor/lib/test/auto/ArrayAppend4.xml
8 ms. Memory: 329728K Free: 245278K (74%)
----------------- Invoking toplevel() on ptolemy.moml.MoMLSimpleApplication@197f13db
----------------- Done invoking toplevel() on ptolemy.moml.MoMLSimpleApplication@197f13db
reloadAllAccessors: .ArrayAppend4

===========================================================================================
----------------- testing Fri Jun 21 04:44:50 UTC 2019 /home/travis/build/icyphy/ptII/ptolemy/actor/lib/test/auto/ArrayAppend5.xml
----------------- Instantiating /home/travis/build/icyphy/ptII/ptolemy/actor/lib/test/auto/ArrayAppend5.xml
5 ms. Memory: 329728K Free: 240158K (73%)
----------------- Invoking toplevel() on ptolemy.moml.MoMLSimpleApplication@50267c47
----------------- Done invoking toplevel() on ptolemy.moml.MoMLSimpleApplication@50267c47
reloadAllAccessors: .ArrayAppend5

===========================================================================================
----------------- testing Fri Jun 21 04:44:50 UTC 2019 /home/travis/build/icyphy/ptII/ptolemy/actor/lib/test/auto/ArrayAppend6.xml
----------------- Instantiating /home/travis/build/icyphy/ptII/ptolemy/actor/lib/test/auto/ArrayAppend6.xml
9 ms. Memory: 329728K Free: 235038K (71%)
----------------- Invoking toplevel() on ptolemy.moml.MoMLSimpleApplication@55569e56
----------------- Done invoking toplevel() on ptolemy.moml.MoMLSimpleApplication@55569e56
reloadAllAccessors: .ArrayAppend6

===========================================================================================
----------------- testing Fri Jun 21 04:44:50 UTC 2019 /home/travis/build/icyphy/ptII/ptolemy/actor/lib/test/auto/ArrayAppendPerformanceTest.xml
----------------- Instantiating /home/travis/build/icyphy/ptII/ptolemy/actor/lib/test/auto/ArrayAppendPerformanceTest.xml
24 ms. Memory: 329728K Free: 224798K (68%)
----------------- Invoking toplevel() on ptolemy.moml.MoMLSimpleApplication@4ff88232
----------------- Done invoking toplevel() on ptolemy.moml.MoMLSimpleApplication@4ff88232
reloadAllAccessors: .ArrayAppendPerformanceTest

===========================================================================================
----------------- testing Fri Jun 21 04:44:50 UTC 2019 /home/travis/build/icyphy/ptII/ptolemy/actor/lib/test/auto/ArrayAppendWithEmptyInput.xml
----------------- Instantiating /home/travis/build/icyphy/ptII/ptolemy/actor/lib/test/auto/ArrayAppendWithEmptyInput.xml
10 ms. Memory: 329728K Free: 216606K (66%)
----------------- Invoking toplevel() on ptolemy.moml.MoMLSimpleApplication@22f81cc4
----------------- Done invoking toplevel() on ptolemy.moml.MoMLSimpleApplication@22f81cc4
reloadAllAccessors: .ArrayAppendWithEmptyInput

===========================================================================================
----------------- testing Fri Jun 21 04:44:50 UTC 2019 /home/travis/build/icyphy/ptII/ptolemy/actor/lib/test/auto/ArrayAverage.xml
----------------- Instantiating /home/travis/build/icyphy/ptII/ptolemy/actor/lib/test/auto/ArrayAverage.xml
5 ms. Memory: 329728K Free: 209438K (64%)
----------------- Invoking toplevel() on ptolemy.moml.MoMLSimpleApplication@e75d38f
----------------- Done invoking toplevel() on ptolemy.moml.MoMLSimpleApplication@e75d38f
reloadAllAccessors: .ArrayAverage

===========================================================================================
----------------- testing Fri Jun 21 04:44:50 UTC 2019 /home/travis/build/icyphy/ptII/ptolemy/actor/lib/test/auto/ArrayContains.xml
----------------- Instantiating /home/travis/build/icyphy/ptII/ptolemy/actor/lib/test/auto/ArrayContains.xml
4 ms. Memory: 329728K Free: 203294K (62%)
----------------- Invoking toplevel() on ptolemy.moml.MoMLSimpleApplication@490eefe1
----------------- Done invoking toplevel() on ptolemy.moml.MoMLSimpleApplication@490eefe1
reloadAllAccessors: .ArrayContains

===========================================================================================
----------------- testing Fri Jun 21 04:44:50 UTC 2019 /home/travis/build/icyphy/ptII/ptolemy/actor/lib/test/auto/ArrayElement.xml
----------------- Instantiating /home/travis/build/icyphy/ptII/ptolemy/actor/lib/test/auto/ArrayElement.xml
10 ms. Memory: 329728K Free: 197664K (60%)
----------------- Invoking toplevel() on ptolemy.moml.MoMLSimpleApplication@54c480ee
----------------- Done invoking toplevel() on ptolemy.moml.MoMLSimpleApplication@54c480ee
reloadAllAccessors: .ArrayElement

===========================================================================================
----------------- testing Fri Jun 21 04:44:50 UTC 2019 /home/travis/build/icyphy/ptII/ptolemy/actor/lib/test/auto/ArrayElementAsMatrix.xml
----------------- Instantiating /home/travis/build/icyphy/ptII/ptolemy/actor/lib/test/auto/ArrayElementAsMatrix.xml
20 ms. Memory: 329728K Free: 187934K (57%)
----------------- Invoking toplevel() on ptolemy.moml.MoMLSimpleApplication@5c31f242
----------------- Done invoking toplevel() on ptolemy.moml.MoMLSimpleApplication@5c31f242
reloadAllAccessors: .ArrayElementAsMatrix

===========================================================================================
----------------- testing Fri Jun 21 04:44:50 UTC 2019 /home/travis/build/icyphy/ptII/ptolemy/actor/lib/test/auto/ArrayElementI.xml
----------------- Instantiating /home/travis/build/icyphy/ptII/ptolemy/actor/lib/test/auto/ArrayElementI.xml
3 ms. Memory: 329728K Free: 182799K (55%)
----------------- Invoking toplevel() on ptolemy.moml.MoMLSimpleApplication@72105b28
----------------- Done invoking toplevel() on ptolemy.moml.MoMLSimpleApplication@72105b28
reloadAllAccessors: .ArrayElementI

===========================================================================================
----------------- testing Fri Jun 21 04:44:50 UTC 2019 /home/travis/build/icyphy/ptII/ptolemy/actor/lib/test/auto/ArrayExtract.xml
----------------- Instantiating /home/travis/build/icyphy/ptII/ptolemy/actor/lib/test/auto/ArrayExtract.xml
5 ms. Memory: 329728K Free: 175136K (53%)
----------------- Invoking toplevel() on ptolemy.moml.MoMLSimpleApplication@bb72268
----------------- Done invoking toplevel() on ptolemy.moml.MoMLSimpleApplication@bb72268
reloadAllAccessors: .ArrayExtract

===========================================================================================
----------------- testing Fri Jun 21 04:44:50 UTC 2019 /home/travis/build/icyphy/ptII/ptolemy/actor/lib/test/auto/ArrayExtract2.xml
----------------- Instantiating /home/travis/build/icyphy/ptII/ptolemy/actor/lib/test/auto/ArrayExtract2.xml
2 ms. Memory: 329728K Free: 169471K (51%)
----------------- Invoking toplevel() on ptolemy.moml.MoMLSimpleApplication@2a37b387
----------------- Done invoking toplevel() on ptolemy.moml.MoMLSimpleApplication@2a37b387
reloadAllAccessors: .ArrayExtract2

===========================================================================================
----------------- testing Fri Jun 21 04:44:50 UTC 2019 /home/travis/build/icyphy/ptII/ptolemy/actor/lib/test/auto/ArrayLength.xml
----------------- Instantiating /home/travis/build/icyphy/ptII/ptolemy/actor/lib/test/auto/ArrayLength.xml
2 ms. Memory: 329728K Free: 165920K (50%)
----------------- Invoking toplevel() on ptolemy.moml.MoMLSimpleApplication@57b2a91c
----------------- Done invoking toplevel() on ptolemy.moml.MoMLSimpleApplication@57b2a91c
reloadAllAccessors: .ArrayLength

===========================================================================================
----------------- testing Fri Jun 21 04:44:50 UTC 2019 /home/travis/build/icyphy/ptII/ptolemy/actor/lib/test/auto/ArrayLevelCrossing.xml
----------------- Instantiating /home/travis/build/icyphy/ptII/ptolemy/actor/lib/test/auto/ArrayLevelCrossing.xml
3 ms. Memory: 329728K Free: 157728K (48%)
----------------- Invoking toplevel() on ptolemy.moml.MoMLSimpleApplication@b912d2b
----------------- Done invoking toplevel() on ptolemy.moml.MoMLSimpleApplication@b912d2b
reloadAllAccessors: .ArrayLevelCrossing

===========================================================================================
----------------- testing Fri Jun 21 04:44:51 UTC 2019 /home/travis/build/icyphy/ptII/ptolemy/actor/lib/test/auto/ArrayLevelCrossing2.xml
----------------- Instantiating /home/travis/build/icyphy/ptII/ptolemy/actor/lib/test/auto/ArrayLevelCrossing2.xml
3 ms. Memory: 329728K Free: 150560K (46%)
----------------- Invoking toplevel() on ptolemy.moml.MoMLSimpleApplication@14a22441
----------------- Done invoking toplevel() on ptolemy.moml.MoMLSimpleApplication@14a22441
reloadAllAccessors: .ArrayLevelCrossing2

===========================================================================================
----------------- testing Fri Jun 21 04:44:51 UTC 2019 /home/travis/build/icyphy/ptII/ptolemy/actor/lib/test/auto/ArrayPeakSearch.xml
----------------- Instantiating /home/travis/build/icyphy/ptII/ptolemy/actor/lib/test/auto/ArrayPeakSearch.xml
4 ms. Memory: 329728K Free: 141344K (43%)
----------------- Invoking toplevel() on ptolemy.moml.MoMLSimpleApplication@75f34c00
----------------- Done invoking toplevel() on ptolemy.moml.MoMLSimpleApplication@75f34c00
reloadAllAccessors: .ArrayPeakSearch

===========================================================================================
----------------- testing Fri Jun 21 04:44:51 UTC 2019 /home/travis/build/icyphy/ptII/ptolemy/actor/lib/test/auto/ArrayPeakSearch2.xml
----------------- Instantiating /home/travis/build/icyphy/ptII/ptolemy/actor/lib/test/auto/ArrayPeakSearch2.xml
9 ms. Memory: 329728K Free: 131104K (40%)
----------------- Invoking toplevel() on ptolemy.moml.MoMLSimpleApplication@1ee88f32
----------------- Done invoking toplevel() on ptolemy.moml.MoMLSimpleApplication@1ee88f32
reloadAllAccessors: .ArrayPeakSearch2

===========================================================================================
----------------- testing Fri Jun 21 04:44:51 UTC 2019 /home/travis/build/icyphy/ptII/ptolemy/actor/lib/test/auto/ArrayPeakSearch3.xml
----------------- Instantiating /home/travis/build/icyphy/ptII/ptolemy/actor/lib/test/auto/ArrayPeakSearch3.xml
4 ms. Memory: 329728K Free: 121888K (37%)
----------------- Invoking toplevel() on ptolemy.moml.MoMLSimpleApplication@118b958c
----------------- Done invoking toplevel() on ptolemy.moml.MoMLSimpleApplication@118b958c
reloadAllAccessors: .ArrayPeakSearch3

===========================================================================================
----------------- testing Fri Jun 21 04:44:51 UTC 2019 /home/travis/build/icyphy/ptII/ptolemy/actor/lib/test/auto/ArrayRemoveElement.xml
----------------- Instantiating /home/travis/build/icyphy/ptII/ptolemy/actor/lib/test/auto/ArrayRemoveElement.xml
4 ms. Memory: 329728K Free: 114206K (35%)
----------------- Invoking toplevel() on ptolemy.moml.MoMLSimpleApplication@5788443e
----------------- Done invoking toplevel() on ptolemy.moml.MoMLSimpleApplication@5788443e
reloadAllAccessors: .ArrayRemoveElement

===========================================================================================
----------------- testing Fri Jun 21 04:44:51 UTC 2019 /home/travis/build/icyphy/ptII/ptolemy/actor/lib/test/auto/ArraySort.xml
----------------- Instantiating /home/travis/build/icyphy/ptII/ptolemy/actor/lib/test/auto/ArraySort.xml
4 ms. Memory: 329728K Free: 104990K (32%)
----------------- Invoking toplevel() on ptolemy.moml.MoMLSimpleApplication@59232705
----------------- Done invoking toplevel() on ptolemy.moml.MoMLSimpleApplication@59232705
reloadAllAccessors: .ArraySort

===========================================================================================
----------------- testing Fri Jun 21 04:44:51 UTC 2019 /home/travis/build/icyphy/ptII/ptolemy/actor/lib/test/auto/ArraySum.xml
----------------- Instantiating /home/travis/build/icyphy/ptII/ptolemy/actor/lib/test/auto/ArraySum.xml
6 ms. Memory: 329728K Free: 99870K (30%)
----------------- Invoking toplevel() on ptolemy.moml.MoMLSimpleApplication@6880c70b
----------------- Done invoking toplevel() on ptolemy.moml.MoMLSimpleApplication@6880c70b
reloadAllAccessors: .ArraySum

===========================================================================================
----------------- testing Fri Jun 21 04:44:51 UTC 2019 /home/travis/build/icyphy/ptII/ptolemy/actor/lib/test/auto/ArrayToElements.xml
----------------- Instantiating /home/travis/build/icyphy/ptII/ptolemy/actor/lib/test/auto/ArrayToElements.xml
5 ms. Memory: 329728K Free: 94240K (29%)
----------------- Invoking toplevel() on ptolemy.moml.MoMLSimpleApplication@2a3ce9df
----------------- Done invoking toplevel() on ptolemy.moml.MoMLSimpleApplication@2a3ce9df
reloadAllAccessors: .ArrayToElements

===========================================================================================
----------------- testing Fri Jun 21 04:44:51 UTC 2019 /home/travis/build/icyphy/ptII/ptolemy/actor/lib/test/auto/ArrayToMatrix.xml
----------------- Instantiating /home/travis/build/icyphy/ptII/ptolemy/actor/lib/test/auto/ArrayToMatrix.xml
29 ms. Memory: 329728K Free: 271902K (82%)
----------------- Invoking toplevel() on ptolemy.moml.MoMLSimpleApplication@7df06a5
----------------- Done invoking toplevel() on ptolemy.moml.MoMLSimpleApplication@7df06a5
reloadAllAccessors: .ArrayToMatrix

===========================================================================================
----------------- testing Fri Jun 21 04:44:51 UTC 2019 /home/travis/build/icyphy/ptII/ptolemy/actor/lib/test/auto/ArrayUpdate1.xml
----------------- Instantiating /home/travis/build/icyphy/ptII/ptolemy/actor/lib/test/auto/ArrayUpdate1.xml
13 ms. Memory: 329728K Free: 266782K (81%)
----------------- Invoking toplevel() on ptolemy.moml.MoMLSimpleApplication@3f0874b1
----------------- Done invoking toplevel() on ptolemy.moml.MoMLSimpleApplication@3f0874b1
reloadAllAccessors: .ArrayUpdate1

===========================================================================================
----------------- testing Fri Jun 21 04:44:51 UTC 2019 /home/travis/build/icyphy/ptII/ptolemy/actor/lib/test/auto/ArrayUpdate2.xml
----------------- Instantiating /home/travis/build/icyphy/ptII/ptolemy/actor/lib/test/auto/ArrayUpdate2.xml
11 ms. Memory: 329728K Free: 260638K (79%)
----------------- Invoking toplevel() on ptolemy.moml.MoMLSimpleApplication@484ab59e
----------------- Done invoking toplevel() on ptolemy.moml.MoMLSimpleApplication@484ab59e
reloadAllAccessors: .ArrayUpdate2

===========================================================================================
----------------- testing Fri Jun 21 04:44:51 UTC 2019 /home/travis/build/icyphy/ptII/ptolemy/actor/lib/test/auto/ArrayUpdate3.xml
----------------- Instantiating /home/travis/build/icyphy/ptII/ptolemy/actor/lib/test/auto/ArrayUpdate3.xml
9 ms. Memory: 329728K Free: 255518K (77%)
----------------- Invoking toplevel() on ptolemy.moml.MoMLSimpleApplication@1042d8ee
----------------- Done invoking toplevel() on ptolemy.moml.MoMLSimpleApplication@1042d8ee
reloadAllAccessors: .ArrayUpdate3

===========================================================================================
----------------- testing Fri Jun 21 04:44:51 UTC 2019 /home/travis/build/icyphy/ptII/ptolemy/actor/lib/test/auto/Assert1.xml
----------------- Instantiating /home/travis/build/icyphy/ptII/ptolemy/actor/lib/test/auto/Assert1.xml
7 ms. Memory: 329728K Free: 251422K (76%)
----------------- Invoking toplevel() on ptolemy.moml.MoMLSimpleApplication@d23f17b
----------------- Done invoking toplevel() on ptolemy.moml.MoMLSimpleApplication@d23f17b
reloadAllAccessors: .Assert1

===========================================================================================
----------------- testing Fri Jun 21 04:44:51 UTC 2019 /home/travis/build/icyphy/ptII/ptolemy/actor/lib/test/auto/Assert2.xml
----------------- Instantiating /home/travis/build/icyphy/ptII/ptolemy/actor/lib/test/auto/Assert2.xml
2 ms. Memory: 329728K Free: 246287K (75%)
----------------- Invoking toplevel() on ptolemy.moml.MoMLSimpleApplication@185bf513
----------------- Done invoking toplevel() on ptolemy.moml.MoMLSimpleApplication@185bf513
reloadAllAccessors: .Assert2

===========================================================================================
----------------- testing Fri Jun 21 04:44:51 UTC 2019 /home/travis/build/icyphy/ptII/ptolemy/actor/lib/test/auto/BooleanMultiplexor.xml
----------------- Instantiating /home/travis/build/icyphy/ptII/ptolemy/actor/lib/test/auto/BooleanMultiplexor.xml
2 ms. Memory: 329728K Free: 240672K (73%)
----------------- Invoking toplevel() on ptolemy.moml.MoMLSimpleApplication@5266f227
----------------- Done invoking toplevel() on ptolemy.moml.MoMLSimpleApplication@5266f227
reloadAllAccessors: .BooleanMultiplexor

===========================================================================================
----------------- testing Fri Jun 21 04:44:51 UTC 2019 /home/travis/build/icyphy/ptII/ptolemy/actor/lib/test/auto/BooleanMultiplexor2.xml
----------------- Instantiating /home/travis/build/icyphy/ptII/ptolemy/actor/lib/test/auto/BooleanMultiplexor2.xml
9 ms. Memory: 329728K Free: 234528K (71%)
----------------- Invoking toplevel() on ptolemy.moml.MoMLSimpleApplication@b54a593
----------------- Done invoking toplevel() on ptolemy.moml.MoMLSimpleApplication@b54a593
reloadAllAccessors: .BooleanMultiplexor2

===========================================================================================
----------------- testing Fri Jun 21 04:44:51 UTC 2019 /home/travis/build/icyphy/ptII/ptolemy/actor/lib/test/auto/BooleanMultiplexor3.xml
----------------- Instantiating /home/travis/build/icyphy/ptII/ptolemy/actor/lib/test/auto/BooleanMultiplexor3.xml
2 ms. Memory: 329728K Free: 230432K (70%)
----------------- Invoking toplevel() on ptolemy.moml.MoMLSimpleApplication@82cadf9
----------------- Done invoking toplevel() on ptolemy.moml.MoMLSimpleApplication@82cadf9
reloadAllAccessors: .BooleanMultiplexor3

===========================================================================================
----------------- testing Fri Jun 21 04:44:51 UTC 2019 /home/travis/build/icyphy/ptII/ptolemy/actor/lib/test/auto/BooleanSelect.xml
----------------- Instantiating /home/travis/build/icyphy/ptII/ptolemy/actor/lib/test/auto/BooleanSelect.xml
6 ms. Memory: 329728K Free: 224767K (68%)
----------------- Invoking toplevel() on ptolemy.moml.MoMLSimpleApplication@bac8b05
----------------- Done invoking toplevel() on ptolemy.moml.MoMLSimpleApplication@bac8b05
reloadAllAccessors: .BooleanSelect

===========================================================================================
----------------- testing Fri Jun 21 04:44:51 UTC 2019 /home/travis/build/icyphy/ptII/ptolemy/actor/lib/test/auto/BooleanSelect2.xml
----------------- Instantiating /home/travis/build/icyphy/ptII/ptolemy/actor/lib/test/auto/BooleanSelect2.xml
2 ms. Memory: 329728K Free: 220192K (67%)
----------------- Invoking toplevel() on ptolemy.moml.MoMLSimpleApplication@106d0b7e
----------------- Done invoking toplevel() on ptolemy.moml.MoMLSimpleApplication@106d0b7e
reloadAllAccessors: .BooleanSelect2

===========================================================================================
----------------- testing Fri Jun 21 04:44:51 UTC 2019 /home/travis/build/icyphy/ptII/ptolemy/actor/lib/test/auto/BooleanSwitch.xml
----------------- Instantiating /home/travis/build/icyphy/ptII/ptolemy/actor/lib/test/auto/BooleanSwitch.xml
8 ms. Memory: 329728K Free: 214558K (65%)
----------------- Invoking toplevel() on ptolemy.moml.MoMLSimpleApplication@44a00307
----------------- Done invoking toplevel() on ptolemy.moml.MoMLSimpleApplication@44a00307
reloadAllAccessors: .BooleanSwitch

===========================================================================================
----------------- testing Fri Jun 21 04:44:51 UTC 2019 /home/travis/build/icyphy/ptII/ptolemy/actor/lib/test/auto/BooleanSwitch2.xml
----------------- Instantiating /home/travis/build/icyphy/ptII/ptolemy/actor/lib/test/auto/BooleanSwitch2.xml
2 ms. Memory: 329728K Free: 209952K (64%)
----------------- Invoking toplevel() on ptolemy.moml.MoMLSimpleApplication@4a605125
----------------- Done invoking toplevel() on ptolemy.moml.MoMLSimpleApplication@4a605125
reloadAllAccessors: .BooleanSwitch2

===========================================================================================
----------------- testing Fri Jun 21 04:44:51 UTC 2019 /home/travis/build/icyphy/ptII/ptolemy/actor/lib/test/auto/BooleanSwitchCloningBugWithClassRelationGroup.xml
----------------- Instantiating /home/travis/build/icyphy/ptII/ptolemy/actor/lib/test/auto/BooleanSwitchCloningBugWithClassRelationGroup.xml
3 ms. Memory: 329728K Free: 203808K (62%)
----------------- Invoking toplevel() on ptolemy.moml.MoMLSimpleApplication@dbc94a7
----------------- Done invoking toplevel() on ptolemy.moml.MoMLSimpleApplication@dbc94a7
reloadAllAccessors: .BooleanSwitchCloningBugWithClassRelationGroup

===========================================================================================
----------------- testing Fri Jun 21 04:44:51 UTC 2019 /home/travis/build/icyphy/ptII/ptolemy/actor/lib/test/auto/BusActors.xml
----------------- Instantiating /home/travis/build/icyphy/ptII/ptolemy/actor/lib/test/auto/BusActors.xml
7 ms. Memory: 329728K Free: 195616K (59%)
----------------- Invoking toplevel() on ptolemy.moml.MoMLSimpleApplication@755eec24
----------------- Done invoking toplevel() on ptolemy.moml.MoMLSimpleApplication@755eec24
reloadAllAccessors: .BusActors

===========================================================================================
----------------- testing Fri Jun 21 04:44:51 UTC 2019 /home/travis/build/icyphy/ptII/ptolemy/actor/lib/test/auto/ClassWrapper.xml
----------------- Instantiating /home/travis/build/icyphy/ptII/ptolemy/actor/lib/test/auto/ClassWrapper.xml
4 ms. Memory: 329728K Free: 191520K (58%)
----------------- Invoking toplevel() on ptolemy.moml.MoMLSimpleApplication@13e87422
----------------- Done invoking toplevel() on ptolemy.moml.MoMLSimpleApplication@13e87422
reloadAllAccessors: .ClassWrapper

===========================================================================================
----------------- testing Fri Jun 21 04:44:51 UTC 2019 /home/travis/build/icyphy/ptII/ptolemy/actor/lib/test/auto/Clock.xml
----------------- Instantiating /home/travis/build/icyphy/ptII/ptolemy/actor/lib/test/auto/Clock.xml
2 ms. Memory: 329728K Free: 187424K (57%)
----------------- Invoking toplevel() on ptolemy.moml.MoMLSimpleApplication@69dd7e0c
----------------- Done invoking toplevel() on ptolemy.moml.MoMLSimpleApplication@69dd7e0c
reloadAllAccessors: .Clock

===========================================================================================
----------------- testing Fri Jun 21 04:44:51 UTC 2019 /home/travis/build/icyphy/ptII/ptolemy/actor/lib/test/auto/Clock10.xml
----------------- Instantiating /home/travis/build/icyphy/ptII/ptolemy/actor/lib/test/auto/Clock10.xml
6 ms. Memory: 329728K Free: 181280K (55%)
----------------- Invoking toplevel() on ptolemy.moml.MoMLSimpleApplication@3703ad54
----------------- Done invoking toplevel() on ptolemy.moml.MoMLSimpleApplication@3703ad54
reloadAllAccessors: .Clock10

===========================================================================================
----------------- testing Fri Jun 21 04:44:51 UTC 2019 /home/travis/build/icyphy/ptII/ptolemy/actor/lib/test/auto/Clock11.xml
----------------- Instantiating /home/travis/build/icyphy/ptII/ptolemy/actor/lib/test/auto/Clock11.xml
9 ms. Memory: 329728K Free: 175646K (53%)
----------------- Invoking toplevel() on ptolemy.moml.MoMLSimpleApplication@787a755b
----------------- Done invoking toplevel() on ptolemy.moml.MoMLSimpleApplication@787a755b
reloadAllAccessors: .Clock11

===========================================================================================
----------------- testing Fri Jun 21 04:44:51 UTC 2019 /home/travis/build/icyphy/ptII/ptolemy/actor/lib/test/auto/Clock12.xml
----------------- Instantiating /home/travis/build/icyphy/ptII/ptolemy/actor/lib/test/auto/Clock12.xml
6 ms. Memory: 329728K Free: 169502K (51%)
----------------- Invoking toplevel() on ptolemy.moml.MoMLSimpleApplication@16a263ae
----------------- Done invoking toplevel() on ptolemy.moml.MoMLSimpleApplication@16a263ae
reloadAllAccessors: .Clock12

===========================================================================================
----------------- testing Fri Jun 21 04:44:51 UTC 2019 /home/travis/build/icyphy/ptII/ptolemy/actor/lib/test/auto/Clock13.xml
----------------- Instantiating /home/travis/build/icyphy/ptII/ptolemy/actor/lib/test/auto/Clock13.xml
5 ms. Memory: 329728K Free: 163872K (50%)
----------------- Invoking toplevel() on ptolemy.moml.MoMLSimpleApplication@571ad5ed
----------------- Done invoking toplevel() on ptolemy.moml.MoMLSimpleApplication@571ad5ed
reloadAllAccessors: .Clock13

===========================================================================================
----------------- testing Fri Jun 21 04:44:52 UTC 2019 /home/travis/build/icyphy/ptII/ptolemy/actor/lib/test/auto/Clock14.xml
----------------- Instantiating /home/travis/build/icyphy/ptII/ptolemy/actor/lib/test/auto/Clock14.xml
3 ms. Memory: 329728K Free: 157728K (48%)
----------------- Invoking toplevel() on ptolemy.moml.MoMLSimpleApplication@381ab4d7
----------------- Done invoking toplevel() on ptolemy.moml.MoMLSimpleApplication@381ab4d7
reloadAllAccessors: .Clock14

===========================================================================================
----------------- testing Fri Jun 21 04:44:52 UTC 2019 /home/travis/build/icyphy/ptII/ptolemy/actor/lib/test/auto/Clock15.xml
----------------- Instantiating /home/travis/build/icyphy/ptII/ptolemy/actor/lib/test/auto/Clock15.xml
2 ms. Memory: 329728K Free: 152079K (46%)
----------------- Invoking toplevel() on ptolemy.moml.MoMLSimpleApplication@283a7294
----------------- Done invoking toplevel() on ptolemy.moml.MoMLSimpleApplication@283a7294
reloadAllAccessors: .Clock15

===========================================================================================
----------------- testing Fri Jun 21 04:44:52 UTC 2019 /home/travis/build/icyphy/ptII/ptolemy/actor/lib/test/auto/Clock16.xml
----------------- Instantiating /home/travis/build/icyphy/ptII/ptolemy/actor/lib/test/auto/Clock16.xml
47 ms. Memory: 329728K Free: 137751K (42%)
----------------- Invoking toplevel() on ptolemy.moml.MoMLSimpleApplication@1ea81e88
----------------- Done invoking toplevel() on ptolemy.moml.MoMLSimpleApplication@1ea81e88
reloadAllAccessors: .Clock16

===========================================================================================
----------------- testing Fri Jun 21 04:44:52 UTC 2019 /home/travis/build/icyphy/ptII/ptolemy/actor/lib/test/auto/Clock17.xml
----------------- Instantiating /home/travis/build/icyphy/ptII/ptolemy/actor/lib/test/auto/Clock17.xml
25 ms. Memory: 329728K Free: 123936K (38%)
----------------- Invoking toplevel() on ptolemy.moml.MoMLSimpleApplication@5b4c07e8
----------------- Done invoking toplevel() on ptolemy.moml.MoMLSimpleApplication@5b4c07e8
reloadAllAccessors: .Clock17

===========================================================================================
----------------- testing Fri Jun 21 04:44:52 UTC 2019 /home/travis/build/icyphy/ptII/ptolemy/actor/lib/test/auto/Clock18.xml
----------------- Instantiating /home/travis/build/icyphy/ptII/ptolemy/actor/lib/test/auto/Clock18.xml
24 ms. Memory: 329728K Free: 110624K (34%)
----------------- Invoking toplevel() on ptolemy.moml.MoMLSimpleApplication@6bf133c2
----------------- Done invoking toplevel() on ptolemy.moml.MoMLSimpleApplication@6bf133c2
reloadAllAccessors: .Clock18

===========================================================================================
----------------- testing Fri Jun 21 04:44:52 UTC 2019 /home/travis/build/icyphy/ptII/ptolemy/actor/lib/test/auto/Clock19.xml
----------------- Instantiating /home/travis/build/icyphy/ptII/ptolemy/actor/lib/test/auto/Clock19.xml
15 ms. Memory: 329728K Free: 97822K (30%)
----------------- Invoking toplevel() on ptolemy.moml.MoMLSimpleApplication@300c1940
----------------- Done invoking toplevel() on ptolemy.moml.MoMLSimpleApplication@300c1940
reloadAllAccessors: .Clock19

===========================================================================================
----------------- testing Fri Jun 21 04:44:52 UTC 2019 /home/travis/build/icyphy/ptII/ptolemy/actor/lib/test/auto/Clock2.xml
----------------- Instantiating /home/travis/build/icyphy/ptII/ptolemy/actor/lib/test/auto/Clock2.xml
7 ms. Memory: 329728K Free: 93216K (28%)
----------------- Invoking toplevel() on ptolemy.moml.MoMLSimpleApplication@416a3baa
----------------- Done invoking toplevel() on ptolemy.moml.MoMLSimpleApplication@416a3baa
reloadAllAccessors: .Clock2

===========================================================================================
----------------- testing Fri Jun 21 04:44:52 UTC 2019 /home/travis/build/icyphy/ptII/ptolemy/actor/lib/test/auto/Clock20.xml
----------------- Instantiating /home/travis/build/icyphy/ptII/ptolemy/actor/lib/test/auto/Clock20.xml
10 ms. Memory: 565248K Free: 514571K (91%)
----------------- Invoking toplevel() on ptolemy.moml.MoMLSimpleApplication@47c865d2
----------------- Done invoking toplevel() on ptolemy.moml.MoMLSimpleApplication@47c865d2
reloadAllAccessors: .Clock20

===========================================================================================
----------------- testing Fri Jun 21 04:44:52 UTC 2019 /home/travis/build/icyphy/ptII/ptolemy/actor/lib/test/auto/Clock21.xml
----------------- Instantiating /home/travis/build/icyphy/ptII/ptolemy/actor/lib/test/auto/Clock21.xml
3 ms. Memory: 565248K Free: 508960K (90%)
----------------- Invoking toplevel() on ptolemy.moml.MoMLSimpleApplication@5ded5fe4
----------------- Done invoking toplevel() on ptolemy.moml.MoMLSimpleApplication@5ded5fe4
reloadAllAccessors: .Clock21

===========================================================================================
----------------- testing Fri Jun 21 04:44:52 UTC 2019 /home/travis/build/icyphy/ptII/ptolemy/actor/lib/test/auto/Clock22.xml
----------------- Instantiating /home/travis/build/icyphy/ptII/ptolemy/actor/lib/test/auto/Clock22.xml
4 ms. Memory: 565248K Free: 503326K (89%)
----------------- Invoking toplevel() on ptolemy.moml.MoMLSimpleApplication@771f82b9
----------------- Done invoking toplevel() on ptolemy.moml.MoMLSimpleApplication@771f82b9
reloadAllAccessors: .Clock22

===========================================================================================
----------------- testing Fri Jun 21 04:44:52 UTC 2019 /home/travis/build/icyphy/ptII/ptolemy/actor/lib/test/auto/Clock23.xml
----------------- Instantiating /home/travis/build/icyphy/ptII/ptolemy/actor/lib/test/auto/Clock23.xml
4 ms. Memory: 565248K Free: 498206K (88%)
----------------- Invoking toplevel() on ptolemy.moml.MoMLSimpleApplication@ca229e1
----------------- Done invoking toplevel() on ptolemy.moml.MoMLSimpleApplication@ca229e1
reloadAllAccessors: .Clock23

===========================================================================================
----------------- testing Fri Jun 21 04:44:52 UTC 2019 /home/travis/build/icyphy/ptII/ptolemy/actor/lib/test/auto/Clock24.xml
----------------- Instantiating /home/travis/build/icyphy/ptII/ptolemy/actor/lib/test/auto/Clock24.xml
3 ms. Memory: 565248K Free: 492576K (87%)
----------------- Invoking toplevel() on ptolemy.moml.MoMLSimpleApplication@6c087e58
----------------- Done invoking toplevel() on ptolemy.moml.MoMLSimpleApplication@6c087e58
reloadAllAccessors: .Clock24

===========================================================================================
----------------- testing Fri Jun 21 04:44:52 UTC 2019 /home/travis/build/icyphy/ptII/ptolemy/actor/lib/test/auto/Clock4.xml
----------------- Instantiating /home/travis/build/icyphy/ptII/ptolemy/actor/lib/test/auto/Clock4.xml
2 ms. Memory: 565248K Free: 487951K (86%)
----------------- Invoking toplevel() on ptolemy.moml.MoMLSimpleApplication@578a2e53
----------------- Done invoking toplevel() on ptolemy.moml.MoMLSimpleApplication@578a2e53
reloadAllAccessors: .Clock4

===========================================================================================
----------------- testing Fri Jun 21 04:44:52 UTC 2019 /home/travis/build/icyphy/ptII/ptolemy/actor/lib/test/auto/Clock5.xml
----------------- Instantiating /home/travis/build/icyphy/ptII/ptolemy/actor/lib/test/auto/Clock5.xml
2 ms. Memory: 565248K Free: 482336K (85%)
----------------- Invoking toplevel() on ptolemy.moml.MoMLSimpleApplication@a00527f
----------------- Done invoking toplevel() on ptolemy.moml.MoMLSimpleApplication@a00527f
reloadAllAccessors: .Clock5

===========================================================================================
----------------- testing Fri Jun 21 04:44:52 UTC 2019 /home/travis/build/icyphy/ptII/ptolemy/actor/lib/test/auto/Clock6.xml
----------------- Instantiating /home/travis/build/icyphy/ptII/ptolemy/actor/lib/test/auto/Clock6.xml
1 ms. Memory: 565248K Free: 478240K (85%)
----------------- Invoking toplevel() on ptolemy.moml.MoMLSimpleApplication@3d9192b
----------------- Done invoking toplevel() on ptolemy.moml.MoMLSimpleApplication@3d9192b
reloadAllAccessors: .Clock6

===========================================================================================
----------------- testing Fri Jun 21 04:44:52 UTC 2019 /home/travis/build/icyphy/ptII/ptolemy/actor/lib/test/auto/Clock7.xml
----------------- Instantiating /home/travis/build/icyphy/ptII/ptolemy/actor/lib/test/auto/Clock7.xml
3 ms. Memory: 565248K Free: 474142K (84%)
----------------- Invoking toplevel() on ptolemy.moml.MoMLSimpleApplication@35ed3b39
----------------- Done invoking toplevel() on ptolemy.moml.MoMLSimpleApplication@35ed3b39
reloadAllAccessors: .Clock7

===========================================================================================
----------------- testing Fri Jun 21 04:44:52 UTC 2019 /home/travis/build/icyphy/ptII/ptolemy/actor/lib/test/auto/Clock8.xml
----------------- Instantiating /home/travis/build/icyphy/ptII/ptolemy/actor/lib/test/auto/Clock8.xml
5 ms. Memory: 565248K Free: 468479K (83%)
----------------- Invoking toplevel() on ptolemy.moml.MoMLSimpleApplication@790c7538
----------------- Done invoking toplevel() on ptolemy.moml.MoMLSimpleApplication@790c7538
reloadAllAccessors: .Clock8

===========================================================================================
----------------- testing Fri Jun 21 04:44:52 UTC 2019 /home/travis/build/icyphy/ptII/ptolemy/actor/lib/test/auto/Clock9.xml
----------------- Instantiating /home/travis/build/icyphy/ptII/ptolemy/actor/lib/test/auto/Clock9.xml
8 ms. Memory: 565248K Free: 463375K (82%)
----------------- Invoking toplevel() on ptolemy.moml.MoMLSimpleApplication@5d971ce3
----------------- Done invoking toplevel() on ptolemy.moml.MoMLSimpleApplication@5d971ce3
reloadAllAccessors: .Clock9

===========================================================================================
----------------- testing Fri Jun 21 04:44:52 UTC 2019 /home/travis/build/icyphy/ptII/ptolemy/actor/lib/test/auto/CommDistDiscard.xml
----------------- Instantiating /home/travis/build/icyphy/ptII/ptolemy/actor/lib/test/auto/CommDistDiscard.xml
8 ms. Memory: 565248K Free: 457760K (81%)
----------------- Invoking toplevel() on ptolemy.moml.MoMLSimpleApplication@37f5bc9d
----------------- Done invoking toplevel() on ptolemy.moml.MoMLSimpleApplication@37f5bc9d
reloadAllAccessors: .CommDistDiscard

===========================================================================================
----------------- testing Fri Jun 21 04:44:52 UTC 2019 /home/travis/build/icyphy/ptII/ptolemy/actor/lib/test/auto/Commutator.xml
----------------- Instantiating /home/travis/build/icyphy/ptII/ptolemy/actor/lib/test/auto/Commutator.xml
2 ms. Memory: 565248K Free: 453150K (80%)
----------------- Invoking toplevel() on ptolemy.moml.MoMLSimpleApplication@7fbb2b0f
----------------- Done invoking toplevel() on ptolemy.moml.MoMLSimpleApplication@7fbb2b0f
reloadAllAccessors: .Commutator

===========================================================================================
----------------- testing Fri Jun 21 04:44:52 UTC 2019 /home/travis/build/icyphy/ptII/ptolemy/actor/lib/test/auto/Commutator2.xml
----------------- Instantiating /home/travis/build/icyphy/ptII/ptolemy/actor/lib/test/auto/Commutator2.xml
2 ms. Memory: 565248K Free: 449054K (79%)
----------------- Invoking toplevel() on ptolemy.moml.MoMLSimpleApplication@68a45239
----------------- Done invoking toplevel() on ptolemy.moml.MoMLSimpleApplication@68a45239
reloadAllAccessors: .Commutator2

===========================================================================================
----------------- testing Fri Jun 21 04:44:52 UTC 2019 /home/travis/build/icyphy/ptII/ptolemy/actor/lib/test/auto/Commutator3.xml
----------------- Instantiating /home/travis/build/icyphy/ptII/ptolemy/actor/lib/test/auto/Commutator3.xml
3 ms. Memory: 565248K Free: 444448K (79%)
----------------- Invoking toplevel() on ptolemy.moml.MoMLSimpleApplication@78378d45
----------------- Done invoking toplevel() on ptolemy.moml.MoMLSimpleApplication@78378d45
reloadAllAccessors: .Commutator3

===========================================================================================
----------------- testing Fri Jun 21 04:44:52 UTC 2019 /home/travis/build/icyphy/ptII/ptolemy/actor/lib/test/auto/Compare.xml
----------------- Instantiating /home/travis/build/icyphy/ptII/ptolemy/actor/lib/test/auto/Compare.xml
2 ms. Memory: 565248K Free: 438304K (78%)
----------------- Invoking toplevel() on ptolemy.moml.MoMLSimpleApplication@521ff2b9
----------------- Done invoking toplevel() on ptolemy.moml.MoMLSimpleApplication@521ff2b9
reloadAllAccessors: .Compare

===========================================================================================
----------------- testing Fri Jun 21 04:44:52 UTC 2019 /home/travis/build/icyphy/ptII/ptolemy/actor/lib/test/auto/CompareDE.xml
----------------- Instantiating /home/travis/build/icyphy/ptII/ptolemy/actor/lib/test/auto/CompareDE.xml
5 ms. Memory: 565248K Free: 431136K (76%)
----------------- Invoking toplevel() on ptolemy.moml.MoMLSimpleApplication@2c20f6f4
----------------- Done invoking toplevel() on ptolemy.moml.MoMLSimpleApplication@2c20f6f4
reloadAllAccessors: .CompareDE

===========================================================================================
----------------- testing Fri Jun 21 04:44:52 UTC 2019 /home/travis/build/icyphy/ptII/ptolemy/actor/lib/test/auto/ComplexDivide.xml
----------------- Instantiating /home/travis/build/icyphy/ptII/ptolemy/actor/lib/test/auto/ComplexDivide.xml
1 ms. Memory: 565248K Free: 427040K (76%)
----------------- Invoking toplevel() on ptolemy.moml.MoMLSimpleApplication@1f99a45e
----------------- Done invoking toplevel() on ptolemy.moml.MoMLSimpleApplication@1f99a45e
reloadAllAccessors: .ComplexDivide

===========================================================================================
----------------- testing Fri Jun 21 04:44:52 UTC 2019 /home/travis/build/icyphy/ptII/ptolemy/actor/lib/test/auto/ComputeHistogram.xml
----------------- Instantiating /home/travis/build/icyphy/ptII/ptolemy/actor/lib/test/auto/ComputeHistogram.xml
27 ms. Memory: 565248K Free: 414752K (73%)
----------------- Invoking toplevel() on ptolemy.moml.MoMLSimpleApplication@31ca1c87
----------------- Done invoking toplevel() on ptolemy.moml.MoMLSimpleApplication@31ca1c87
reloadAllAccessors: .ComputeHistogram

===========================================================================================
----------------- testing Fri Jun 21 04:44:52 UTC 2019 /home/travis/build/icyphy/ptII/ptolemy/actor/lib/test/auto/ConfigurationSelect.xml
----------------- Instantiating /home/travis/build/icyphy/ptII/ptolemy/actor/lib/test/auto/ConfigurationSelect.xml
3 ms. Memory: 565248K Free: 409103K (72%)
----------------- Invoking toplevel() on ptolemy.moml.MoMLSimpleApplication@1c3554f3
----------------- Done invoking toplevel() on ptolemy.moml.MoMLSimpleApplication@1c3554f3
reloadAllAccessors: .ConfigurationSelect

===========================================================================================
----------------- testing Fri Jun 21 04:44:53 UTC 2019 /home/travis/build/icyphy/ptII/ptolemy/actor/lib/test/auto/ConfigurationSelect2.xml
----------------- Instantiating /home/travis/build/icyphy/ptII/ptolemy/actor/lib/test/auto/ConfigurationSelect2.xml
3 ms. Memory: 565248K Free: 405022K (72%)
----------------- Invoking toplevel() on ptolemy.moml.MoMLSimpleApplication@17d3cbac
----------------- Done invoking toplevel() on ptolemy.moml.MoMLSimpleApplication@17d3cbac
reloadAllAccessors: .ConfigurationSelect2

===========================================================================================
----------------- testing Fri Jun 21 04:44:53 UTC 2019 /home/travis/build/icyphy/ptII/ptolemy/actor/lib/test/auto/ConfigurationSwitch.xml
----------------- Instantiating /home/travis/build/icyphy/ptII/ptolemy/actor/lib/test/auto/ConfigurationSwitch.xml
2 ms. Memory: 565248K Free: 399392K (71%)
----------------- Invoking toplevel() on ptolemy.moml.MoMLSimpleApplication@6f111e6c
----------------- Done invoking toplevel() on ptolemy.moml.MoMLSimpleApplication@6f111e6c
reloadAllAccessors: .ConfigurationSwitch

===========================================================================================
----------------- testing Fri Jun 21 04:44:53 UTC 2019 /home/travis/build/icyphy/ptII/ptolemy/actor/lib/test/auto/ConfigurationSwitch2.xml
----------------- Instantiating /home/travis/build/icyphy/ptII/ptolemy/actor/lib/test/auto/ConfigurationSwitch2.xml
4 ms. Memory: 565248K Free: 393758K (70%)
----------------- Invoking toplevel() on ptolemy.moml.MoMLSimpleApplication@5bef346b
----------------- Done invoking toplevel() on ptolemy.moml.MoMLSimpleApplication@5bef346b
reloadAllAccessors: .ConfigurationSwitch2

===========================================================================================
----------------- testing Fri Jun 21 04:44:53 UTC 2019 /home/travis/build/icyphy/ptII/ptolemy/actor/lib/test/auto/ConfigurationSwitchCloningBugWithClassRelationGroup.xml
----------------- Instantiating /home/travis/build/icyphy/ptII/ptolemy/actor/lib/test/auto/ConfigurationSwitchCloningBugWithClassRelationGroup.xml
2 ms. Memory: 565248K Free: 387614K (69%)
----------------- Invoking toplevel() on ptolemy.moml.MoMLSimpleApplication@622f1f29
----------------- Done invoking toplevel() on ptolemy.moml.MoMLSimpleApplication@622f1f29
reloadAllAccessors: .ConfigurationSwitchCloningBugWithClassRelationGroup

===========================================================================================
----------------- testing Fri Jun 21 04:44:53 UTC 2019 /home/travis/build/icyphy/ptII/ptolemy/actor/lib/test/auto/ConfigurationSwitchSelectSDF.xml
----------------- Instantiating /home/travis/build/icyphy/ptII/ptolemy/actor/lib/test/auto/ConfigurationSwitchSelectSDF.xml
3 ms. Memory: 565248K Free: 381984K (68%)
----------------- Invoking toplevel() on ptolemy.moml.MoMLSimpleApplication@1634cff2
----------------- Done invoking toplevel() on ptolemy.moml.MoMLSimpleApplication@1634cff2
reloadAllAccessors: .ConfigurationSwitchSelectSDF

===========================================================================================
----------------- testing Fri Jun 21 04:44:53 UTC 2019 /home/travis/build/icyphy/ptII/ptolemy/actor/lib/test/auto/ConfigurationSwitchSelectSDF2.xml
----------------- Instantiating /home/travis/build/icyphy/ptII/ptolemy/actor/lib/test/auto/ConfigurationSwitchSelectSDF2.xml
2 ms. Memory: 565248K Free: 376350K (67%)
----------------- Invoking toplevel() on ptolemy.moml.MoMLSimpleApplication@60ca299
----------------- Done invoking toplevel() on ptolemy.moml.MoMLSimpleApplication@60ca299
reloadAllAccessors: .ConfigurationSwitchSelectSDF2

===========================================================================================
----------------- testing Fri Jun 21 04:44:53 UTC 2019 /home/travis/build/icyphy/ptII/ptolemy/actor/lib/test/auto/Const.xml
----------------- Instantiating /home/travis/build/icyphy/ptII/ptolemy/actor/lib/test/auto/Const.xml
2 ms. Memory: 565248K Free: 373278K (66%)
----------------- Invoking toplevel() on ptolemy.moml.MoMLSimpleApplication@7fc104c7
----------------- Done invoking toplevel() on ptolemy.moml.MoMLSimpleApplication@7fc104c7
reloadAllAccessors: .Const

===========================================================================================
----------------- testing Fri Jun 21 04:44:53 UTC 2019 /home/travis/build/icyphy/ptII/ptolemy/actor/lib/test/auto/Const2.xml
----------------- Instantiating /home/travis/build/icyphy/ptII/ptolemy/actor/lib/test/auto/Const2.xml
1 ms. Memory: 565248K Free: 369182K (65%)
----------------- Invoking toplevel() on ptolemy.moml.MoMLSimpleApplication@77518127
----------------- Done invoking toplevel() on ptolemy.moml.MoMLSimpleApplication@77518127
reloadAllAccessors: .Const2

===========================================================================================
----------------- testing Fri Jun 21 04:44:53 UTC 2019 /home/travis/build/icyphy/ptII/ptolemy/actor/lib/test/auto/Const3.xml
----------------- Instantiating /home/travis/build/icyphy/ptII/ptolemy/actor/lib/test/auto/Const3.xml
1 ms. Memory: 565248K Free: 366624K (65%)
----------------- Invoking toplevel() on ptolemy.moml.MoMLSimpleApplication@706184ba
----------------- Done invoking toplevel() on ptolemy.moml.MoMLSimpleApplication@706184ba
reloadAllAccessors: .Const3

===========================================================================================
----------------- testing Fri Jun 21 04:44:53 UTC 2019 /home/travis/build/icyphy/ptII/ptolemy/actor/lib/test/auto/ConstantPublisherPort1.xml
----------------- Instantiating /home/travis/build/icyphy/ptII/ptolemy/actor/lib/test/auto/ConstantPublisherPort1.xml
8 ms. Memory: 565248K Free: 357918K (63%)
----------------- Invoking toplevel() on ptolemy.moml.MoMLSimpleApplication@47694383
----------------- Done invoking toplevel() on ptolemy.moml.MoMLSimpleApplication@47694383
reloadAllAccessors: .ConstantPublisherPort1

===========================================================================================
----------------- testing Fri Jun 21 04:44:53 UTC 2019 /home/travis/build/icyphy/ptII/ptolemy/actor/lib/test/auto/ConstantPublisherPort2.xml
----------------- Instantiating /home/travis/build/icyphy/ptII/ptolemy/actor/lib/test/auto/ConstantPublisherPort2.xml
13 ms. Memory: 565248K Free: 350240K (62%)
----------------- Invoking toplevel() on ptolemy.moml.MoMLSimpleApplication@b8e8bbe
----------------- Done invoking toplevel() on ptolemy.moml.MoMLSimpleApplication@b8e8bbe
reloadAllAccessors: .ConstantPublisherPort2

===========================================================================================
----------------- testing Fri Jun 21 04:44:53 UTC 2019 /home/travis/build/icyphy/ptII/ptolemy/actor/lib/test/auto/ConstantPublisherPort3.xml
----------------- Instantiating /home/travis/build/icyphy/ptII/ptolemy/actor/lib/test/auto/ConstantPublisherPort3.xml
4 ms. Memory: 565248K Free: 343072K (61%)
----------------- Invoking toplevel() on ptolemy.moml.MoMLSimpleApplication@6739f98d
----------------- Done invoking toplevel() on ptolemy.moml.MoMLSimpleApplication@6739f98d
reloadAllAccessors: .ConstantPublisherPort3

===========================================================================================
----------------- testing Fri Jun 21 04:44:53 UTC 2019 /home/travis/build/icyphy/ptII/ptolemy/actor/lib/test/auto/ConstantPublisherPort4.xml
----------------- Instantiating /home/travis/build/icyphy/ptII/ptolemy/actor/lib/test/auto/ConstantPublisherPort4.xml
5 ms. Memory: 565248K Free: 335904K (59%)
----------------- Invoking toplevel() on ptolemy.moml.MoMLSimpleApplication@1d0b9ae5
----------------- Done invoking toplevel() on ptolemy.moml.MoMLSimpleApplication@1d0b9ae5
reloadAllAccessors: .ConstantPublisherPort4

===========================================================================================
----------------- testing Fri Jun 21 04:44:53 UTC 2019 /home/travis/build/icyphy/ptII/ptolemy/actor/lib/test/auto/ConstantPublisherPort5.xml
----------------- Instantiating /home/travis/build/icyphy/ptII/ptolemy/actor/lib/test/auto/ConstantPublisherPort5.xml
30 ms. Memory: 565248K Free: 326174K (58%)
----------------- Invoking toplevel() on ptolemy.moml.MoMLSimpleApplication@21b389d3
----------------- Done invoking toplevel() on ptolemy.moml.MoMLSimpleApplication@21b389d3
reloadAllAccessors: .ConstantPublisherPort5

===========================================================================================
----------------- testing Fri Jun 21 04:44:53 UTC 2019 /home/travis/build/icyphy/ptII/ptolemy/actor/lib/test/auto/ConstantPublisherPort6.xml
----------------- Instantiating /home/travis/build/icyphy/ptII/ptolemy/actor/lib/test/auto/ConstantPublisherPort6.xml
21 ms. Memory: 565248K Free: 317472K (56%)
----------------- Invoking toplevel() on ptolemy.moml.MoMLSimpleApplication@3a0f2299
----------------- Done invoking toplevel() on ptolemy.moml.MoMLSimpleApplication@3a0f2299
reloadAllAccessors: .ConstantPublisherPort6

===========================================================================================
----------------- testing Fri Jun 21 04:44:53 UTC 2019 /home/travis/build/icyphy/ptII/ptolemy/actor/lib/test/auto/ConstantPublisherPort7.xml
----------------- Instantiating /home/travis/build/icyphy/ptII/ptolemy/actor/lib/test/auto/ConstantPublisherPort7.xml
23 ms. Memory: 565248K Free: 308256K (55%)
----------------- Invoking toplevel() on ptolemy.moml.MoMLSimpleApplication@6c22b384
----------------- Done invoking toplevel() on ptolemy.moml.MoMLSimpleApplication@6c22b384
reloadAllAccessors: .ConstantPublisherPort7

===========================================================================================
----------------- testing Fri Jun 21 04:44:53 UTC 2019 /home/travis/build/icyphy/ptII/ptolemy/actor/lib/test/auto/ConstraintMonitor1.xml
----------------- Instantiating /home/travis/build/icyphy/ptII/ptolemy/actor/lib/test/auto/ConstraintMonitor1.xml
4 ms. Memory: 565248K Free: 303136K (54%)
----------------- Invoking toplevel() on ptolemy.moml.MoMLSimpleApplication@179d2b
----------------- Done invoking toplevel() on ptolemy.moml.MoMLSimpleApplication@179d2b
reloadAllAccessors: .ConstraintMonitor1

===========================================================================================
----------------- testing Fri Jun 21 04:44:53 UTC 2019 /home/travis/build/icyphy/ptII/ptolemy/actor/lib/test/auto/ConstraintMonitor2.xml
----------------- Instantiating /home/travis/build/icyphy/ptII/ptolemy/actor/lib/test/auto/ConstraintMonitor2.xml
3 ms. Memory: 565248K Free: 299040K (53%)
----------------- Invoking toplevel() on ptolemy.moml.MoMLSimpleApplication@7e4f8d28
----------------- Done invoking toplevel() on ptolemy.moml.MoMLSimpleApplication@7e4f8d28
reloadAllAccessors: .ConstraintMonitor2

===========================================================================================
----------------- testing Fri Jun 21 04:44:53 UTC 2019 /home/travis/build/icyphy/ptII/ptolemy/actor/lib/test/auto/ConstraintMonitor3.xml
----------------- Instantiating /home/travis/build/icyphy/ptII/ptolemy/actor/lib/test/auto/ConstraintMonitor3.xml
2 ms. Memory: 565248K Free: 294430K (52%)
----------------- Invoking toplevel() on ptolemy.moml.MoMLSimpleApplication@10816aae
----------------- Done invoking toplevel() on ptolemy.moml.MoMLSimpleApplication@10816aae
reloadAllAccessors: .ConstraintMonitor3

===========================================================================================
----------------- testing Fri Jun 21 04:44:53 UTC 2019 /home/travis/build/icyphy/ptII/ptolemy/actor/lib/test/auto/ConstraintMonitor4.xml
----------------- Instantiating /home/travis/build/icyphy/ptII/ptolemy/actor/lib/test/auto/ConstraintMonitor4.xml
5 ms. Memory: 565248K Free: 289824K (51%)
----------------- Invoking toplevel() on ptolemy.moml.MoMLSimpleApplication@62b209b8
----------------- Done invoking toplevel() on ptolemy.moml.MoMLSimpleApplication@62b209b8
reloadAllAccessors: .ConstraintMonitor4

===========================================================================================
----------------- testing Fri Jun 21 04:44:53 UTC 2019 /home/travis/build/icyphy/ptII/ptolemy/actor/lib/test/auto/ConstraintMonitor5.xml
----------------- Instantiating /home/travis/build/icyphy/ptII/ptolemy/actor/lib/test/auto/ConstraintMonitor5.xml
2 ms. Memory: 565248K Free: 284704K (50%)
----------------- Invoking toplevel() on ptolemy.moml.MoMLSimpleApplication@576c84c4
----------------- Done invoking toplevel() on ptolemy.moml.MoMLSimpleApplication@576c84c4
reloadAllAccessors: .ConstraintMonitor5

===========================================================================================
----------------- testing Fri Jun 21 04:44:53 UTC 2019 /home/travis/build/icyphy/ptII/ptolemy/actor/lib/test/auto/ConstraintMonitor6.xml
----------------- Instantiating /home/travis/build/icyphy/ptII/ptolemy/actor/lib/test/auto/ConstraintMonitor6.xml
3 ms. Memory: 565248K Free: 278560K (49%)
----------------- Invoking toplevel() on ptolemy.moml.MoMLSimpleApplication@5a95b77c
----------------- Done invoking toplevel() on ptolemy.moml.MoMLSimpleApplication@5a95b77c
reloadAllAccessors: .ConstraintMonitor6

===========================================================================================
----------------- testing Fri Jun 21 04:44:53 UTC 2019 /home/travis/build/icyphy/ptII/ptolemy/actor/lib/test/auto/ConstraintMonitor7.xml
----------------- Instantiating /home/travis/build/icyphy/ptII/ptolemy/actor/lib/test/auto/ConstraintMonitor7.xml
2 ms. Memory: 565248K Free: 512023K (91%)
----------------- Invoking toplevel() on ptolemy.moml.MoMLSimpleApplication@758a0f2b
----------------- Done invoking toplevel() on ptolemy.moml.MoMLSimpleApplication@758a0f2b
reloadAllAccessors: .ConstraintMonitor7

===========================================================================================
----------------- testing Fri Jun 21 04:44:53 UTC 2019 /home/travis/build/icyphy/ptII/ptolemy/actor/lib/test/auto/ConstraintMonitor8.xml
----------------- Instantiating /home/travis/build/icyphy/ptII/ptolemy/actor/lib/test/auto/ConstraintMonitor8.xml
6 ms. Memory: 565248K Free: 504352K (89%)
----------------- Invoking toplevel() on ptolemy.moml.MoMLSimpleApplication@55b2de4e
----------------- Done invoking toplevel() on ptolemy.moml.MoMLSimpleApplication@55b2de4e
reloadAllAccessors: .ConstraintMonitor8

===========================================================================================
----------------- testing Fri Jun 21 04:44:53 UTC 2019 /home/travis/build/icyphy/ptII/ptolemy/actor/lib/test/auto/Counter.xml
----------------- Instantiating /home/travis/build/icyphy/ptII/ptolemy/actor/lib/test/auto/Counter.xml
2 ms. Memory: 565248K Free: 499232K (88%)
----------------- Invoking toplevel() on ptolemy.moml.MoMLSimpleApplication@1d0ba2e4
----------------- Done invoking toplevel() on ptolemy.moml.MoMLSimpleApplication@1d0ba2e4
reloadAllAccessors: .Counter

===========================================================================================
----------------- testing Fri Jun 21 04:44:53 UTC 2019 /home/travis/build/icyphy/ptII/ptolemy/actor/lib/test/auto/CurrentTimeSDF.xml
----------------- Instantiating /home/travis/build/icyphy/ptII/ptolemy/actor/lib/test/auto/CurrentTimeSDF.xml
1 ms. Memory: 565248K Free: 495136K (88%)
----------------- Invoking toplevel() on ptolemy.moml.MoMLSimpleApplication@f6b4564
----------------- Done invoking toplevel() on ptolemy.moml.MoMLSimpleApplication@f6b4564
reloadAllAccessors: .CurrentTimeSDF

===========================================================================================
----------------- testing Fri Jun 21 04:44:53 UTC 2019 /home/travis/build/icyphy/ptII/ptolemy/actor/lib/test/auto/DB.xml
----------------- Instantiating /home/travis/build/icyphy/ptII/ptolemy/actor/lib/test/auto/DB.xml
2 ms. Memory: 565248K Free: 490016K (87%)
----------------- Invoking toplevel() on ptolemy.moml.MoMLSimpleApplication@415676f3
----------------- Done invoking toplevel() on ptolemy.moml.MoMLSimpleApplication@415676f3
reloadAllAccessors: .DB

===========================================================================================
----------------- testing Fri Jun 21 04:44:53 UTC 2019 /home/travis/build/icyphy/ptII/ptolemy/actor/lib/test/auto/DBDE.xml
----------------- Instantiating /home/travis/build/icyphy/ptII/ptolemy/actor/lib/test/auto/DBDE.xml
3 ms. Memory: 565248K Free: 484367K (86%)
----------------- Invoking toplevel() on ptolemy.moml.MoMLSimpleApplication@3188d9a3
----------------- Done invoking toplevel() on ptolemy.moml.MoMLSimpleApplication@3188d9a3
reloadAllAccessors: .DBDE

===========================================================================================
----------------- testing Fri Jun 21 04:44:53 UTC 2019 /home/travis/build/icyphy/ptII/ptolemy/actor/lib/test/auto/DateConstructor.xml
----------------- Instantiating /home/travis/build/icyphy/ptII/ptolemy/actor/lib/test/auto/DateConstructor.xml
46 ms. Memory: 565248K Free: 466464K (83%)
----------------- Invoking toplevel() on ptolemy.moml.MoMLSimpleApplication@2b7316bc
----------------- Done invoking toplevel() on ptolemy.moml.MoMLSimpleApplication@2b7316bc
reloadAllAccessors: .DateConstructor

===========================================================================================
----------------- testing Fri Jun 21 04:44:53 UTC 2019 /home/travis/build/icyphy/ptII/ptolemy/actor/lib/test/auto/DelayTime.xml
----------------- Instantiating /home/travis/build/icyphy/ptII/ptolemy/actor/lib/test/auto/DelayTime.xml
7 ms. Memory: 565248K Free: 461344K (82%)
----------------- Invoking toplevel() on ptolemy.moml.MoMLSimpleApplication@6cb0490c
----------------- Done invoking toplevel() on ptolemy.moml.MoMLSimpleApplication@6cb0490c
reloadAllAccessors: .DelayTime

===========================================================================================
----------------- testing Fri Jun 21 04:44:53 UTC 2019 /home/travis/build/icyphy/ptII/ptolemy/actor/lib/test/auto/Dictionary1.xml
----------------- Instantiating /home/travis/build/icyphy/ptII/ptolemy/actor/lib/test/auto/Dictionary1.xml
2 ms. Memory: 565248K Free: 456224K (81%)
----------------- Invoking toplevel() on ptolemy.moml.MoMLSimpleApplication@47bf2250
----------------- Done invoking toplevel() on ptolemy.moml.MoMLSimpleApplication@47bf2250
reloadAllAccessors: .Dictionary1

===========================================================================================
----------------- testing Fri Jun 21 04:44:54 UTC 2019 /home/travis/build/icyphy/ptII/ptolemy/actor/lib/test/auto/Dictionary2.xml
----------------- Instantiating /home/travis/build/icyphy/ptII/ptolemy/actor/lib/test/auto/Dictionary2.xml
2 ms. Memory: 565248K Free: 450590K (80%)
----------------- Invoking toplevel() on ptolemy.moml.MoMLSimpleApplication@c8820b8
----------------- Done invoking toplevel() on ptolemy.moml.MoMLSimpleApplication@c8820b8
reloadAllAccessors: .Dictionary2

===========================================================================================
----------------- testing Fri Jun 21 04:44:54 UTC 2019 /home/travis/build/icyphy/ptII/ptolemy/actor/lib/test/auto/Dictionary3.xml
----------------- Instantiating /home/travis/build/icyphy/ptII/ptolemy/actor/lib/test/auto/Dictionary3.xml
2 ms. Memory: 565248K Free: 444960K (79%)
----------------- Invoking toplevel() on ptolemy.moml.MoMLSimpleApplication@1a7be7f4
----------------- Done invoking toplevel() on ptolemy.moml.MoMLSimpleApplication@1a7be7f4
reloadAllAccessors: .Dictionary3

===========================================================================================
----------------- testing Fri Jun 21 04:44:54 UTC 2019 /home/travis/build/icyphy/ptII/ptolemy/actor/lib/test/auto/Dictionary4.xml
----------------- Instantiating /home/travis/build/icyphy/ptII/ptolemy/actor/lib/test/auto/Dictionary4.xml
6 ms. Memory: 565248K Free: 437792K (77%)
----------------- Invoking toplevel() on ptolemy.moml.MoMLSimpleApplication@6c63576b
----------------- Done invoking toplevel() on ptolemy.moml.MoMLSimpleApplication@6c63576b
reloadAllAccessors: .Dictionary4

===========================================================================================
----------------- testing Fri Jun 21 04:44:54 UTC 2019 /home/travis/build/icyphy/ptII/ptolemy/actor/lib/test/auto/Differential.xml
----------------- Instantiating /home/travis/build/icyphy/ptII/ptolemy/actor/lib/test/auto/Differential.xml
3 ms. Memory: 565248K Free: 433696K (77%)
----------------- Invoking toplevel() on ptolemy.moml.MoMLSimpleApplication@61ec969a
----------------- Done invoking toplevel() on ptolemy.moml.MoMLSimpleApplication@61ec969a
reloadAllAccessors: .Differential

===========================================================================================
----------------- testing Fri Jun 21 04:44:54 UTC 2019 /home/travis/build/icyphy/ptII/ptolemy/actor/lib/test/auto/Director.xml
----------------- Instantiating /home/travis/build/icyphy/ptII/ptolemy/actor/lib/test/auto/Director.xml
4 ms. Memory: 565248K Free: 430110K (76%)
----------------- Invoking toplevel() on ptolemy.moml.MoMLSimpleApplication@1abe6dae
----------------- Done invoking toplevel() on ptolemy.moml.MoMLSimpleApplication@1abe6dae
reloadAllAccessors: .Director

===========================================================================================
----------------- testing Fri Jun 21 04:44:54 UTC 2019 /home/travis/build/icyphy/ptII/ptolemy/actor/lib/test/auto/DiscreteClock.xml
----------------- Instantiating /home/travis/build/icyphy/ptII/ptolemy/actor/lib/test/auto/DiscreteClock.xml
2 ms. Memory: 565248K Free: 426014K (75%)
----------------- Invoking toplevel() on ptolemy.moml.MoMLSimpleApplication@4d64289c
----------------- Done invoking toplevel() on ptolemy.moml.MoMLSimpleApplication@4d64289c
reloadAllAccessors: .DiscreteClock

===========================================================================================
----------------- testing Fri Jun 21 04:44:54 UTC 2019 /home/travis/build/icyphy/ptII/ptolemy/actor/lib/test/auto/DiscreteClock10.xml
----------------- Instantiating /home/travis/build/icyphy/ptII/ptolemy/actor/lib/test/auto/DiscreteClock10.xml
2 ms. Memory: 565248K Free: 420384K (74%)
----------------- Invoking toplevel() on ptolemy.moml.MoMLSimpleApplication@43fbee87
----------------- Done invoking toplevel() on ptolemy.moml.MoMLSimpleApplication@43fbee87
reloadAllAccessors: .DiscreteClock10

===========================================================================================
----------------- testing Fri Jun 21 04:44:54 UTC 2019 /home/travis/build/icyphy/ptII/ptolemy/actor/lib/test/auto/DiscreteClock11.xml
----------------- Instantiating /home/travis/build/icyphy/ptII/ptolemy/actor/lib/test/auto/DiscreteClock11.xml
2 ms. Memory: 565248K Free: 414240K (73%)
----------------- Invoking toplevel() on ptolemy.moml.MoMLSimpleApplication@62760c61
----------------- Done invoking toplevel() on ptolemy.moml.MoMLSimpleApplication@62760c61
reloadAllAccessors: .DiscreteClock11

===========================================================================================
----------------- testing Fri Jun 21 04:44:54 UTC 2019 /home/travis/build/icyphy/ptII/ptolemy/actor/lib/test/auto/DiscreteClock12.xml
----------------- Instantiating /home/travis/build/icyphy/ptII/ptolemy/actor/lib/test/auto/DiscreteClock12.xml
3 ms. Memory: 565248K Free: 408096K (72%)
----------------- Invoking toplevel() on ptolemy.moml.MoMLSimpleApplication@54201a0d
----------------- Done invoking toplevel() on ptolemy.moml.MoMLSimpleApplication@54201a0d
reloadAllAccessors: .DiscreteClock12

===========================================================================================
----------------- testing Fri Jun 21 04:44:54 UTC 2019 /home/travis/build/icyphy/ptII/ptolemy/actor/lib/test/auto/DiscreteClock13.xml
----------------- Instantiating /home/travis/build/icyphy/ptII/ptolemy/actor/lib/test/auto/DiscreteClock13.xml
5 ms. Memory: 565248K Free: 401952K (71%)
----------------- Invoking toplevel() on ptolemy.moml.MoMLSimpleApplication@a421d43
----------------- Done invoking toplevel() on ptolemy.moml.MoMLSimpleApplication@a421d43
reloadAllAccessors: .DiscreteClock13

===========================================================================================
----------------- testing Fri Jun 21 04:44:54 UTC 2019 /home/travis/build/icyphy/ptII/ptolemy/actor/lib/test/auto/DiscreteClock14.xml
----------------- Instantiating /home/travis/build/icyphy/ptII/ptolemy/actor/lib/test/auto/DiscreteClock14.xml
7 ms. Memory: 565248K Free: 396287K (70%)
----------------- Invoking toplevel() on ptolemy.moml.MoMLSimpleApplication@741981c2
----------------- Done invoking toplevel() on ptolemy.moml.MoMLSimpleApplication@741981c2
reloadAllAccessors: .DiscreteClock14

===========================================================================================
----------------- testing Fri Jun 21 04:44:54 UTC 2019 /home/travis/build/icyphy/ptII/ptolemy/actor/lib/test/auto/DiscreteClock15.xml
----------------- Instantiating /home/travis/build/icyphy/ptII/ptolemy/actor/lib/test/auto/DiscreteClock15.xml
6 ms. Memory: 565248K Free: 390167K (69%)
----------------- Invoking toplevel() on ptolemy.moml.MoMLSimpleApplication@7d79af69
----------------- Done invoking toplevel() on ptolemy.moml.MoMLSimpleApplication@7d79af69
reloadAllAccessors: .DiscreteClock15

===========================================================================================
----------------- testing Fri Jun 21 04:44:54 UTC 2019 /home/travis/build/icyphy/ptII/ptolemy/actor/lib/test/auto/DiscreteClock16.xml
----------------- Instantiating /home/travis/build/icyphy/ptII/ptolemy/actor/lib/test/auto/DiscreteClock16.xml
19 ms. Memory: 565248K Free: 376352K (67%)
----------------- Invoking toplevel() on ptolemy.moml.MoMLSimpleApplication@5815c6b3
----------------- Done invoking toplevel() on ptolemy.moml.MoMLSimpleApplication@5815c6b3
reloadAllAccessors: .DiscreteClock16

===========================================================================================
----------------- testing Fri Jun 21 04:44:54 UTC 2019 /home/travis/build/icyphy/ptII/ptolemy/actor/lib/test/auto/DiscreteClock17.xml
----------------- Instantiating /home/travis/build/icyphy/ptII/ptolemy/actor/lib/test/auto/DiscreteClock17.xml
18 ms. Memory: 565248K Free: 362511K (64%)
----------------- Invoking toplevel() on ptolemy.moml.MoMLSimpleApplication@525cf192
----------------- Done invoking toplevel() on ptolemy.moml.MoMLSimpleApplication@525cf192
reloadAllAccessors: .DiscreteClock17

===========================================================================================
----------------- testing Fri Jun 21 04:44:54 UTC 2019 /home/travis/build/icyphy/ptII/ptolemy/actor/lib/test/auto/DiscreteClock18.xml
----------------- Instantiating /home/travis/build/icyphy/ptII/ptolemy/actor/lib/test/auto/DiscreteClock18.xml
31 ms. Memory: 565248K Free: 349728K (62%)
----------------- Invoking toplevel() on ptolemy.moml.MoMLSimpleApplication@8fa32f9
----------------- Done invoking toplevel() on ptolemy.moml.MoMLSimpleApplication@8fa32f9
reloadAllAccessors: .DiscreteClock18

===========================================================================================
----------------- testing Fri Jun 21 04:44:54 UTC 2019 /home/travis/build/icyphy/ptII/ptolemy/actor/lib/test/auto/DiscreteClock19.xml
----------------- Instantiating /home/travis/build/icyphy/ptII/ptolemy/actor/lib/test/auto/DiscreteClock19.xml
21 ms. Memory: 565248K Free: 335902K (59%)
----------------- Invoking toplevel() on ptolemy.moml.MoMLSimpleApplication@3d0f6d41
----------------- Done invoking toplevel() on ptolemy.moml.MoMLSimpleApplication@3d0f6d41
reloadAllAccessors: .DiscreteClock19

===========================================================================================
----------------- testing Fri Jun 21 04:44:54 UTC 2019 /home/travis/build/icyphy/ptII/ptolemy/actor/lib/test/auto/DiscreteClock2.xml
----------------- Instantiating /home/travis/build/icyphy/ptII/ptolemy/actor/lib/test/auto/DiscreteClock2.xml
5 ms. Memory: 565248K Free: 330767K (59%)
----------------- Invoking toplevel() on ptolemy.moml.MoMLSimpleApplication@2efd659
----------------- Done invoking toplevel() on ptolemy.moml.MoMLSimpleApplication@2efd659
reloadAllAccessors: .DiscreteClock2

===========================================================================================
----------------- testing Fri Jun 21 04:44:54 UTC 2019 /home/travis/build/icyphy/ptII/ptolemy/actor/lib/test/auto/DiscreteClock20.xml
----------------- Instantiating /home/travis/build/icyphy/ptII/ptolemy/actor/lib/test/auto/DiscreteClock20.xml
8 ms. Memory: 565248K Free: 325152K (58%)
----------------- Invoking toplevel() on ptolemy.moml.MoMLSimpleApplication@47521486
----------------- Done invoking toplevel() on ptolemy.moml.MoMLSimpleApplication@47521486
reloadAllAccessors: .DiscreteClock20

===========================================================================================
----------------- testing Fri Jun 21 04:44:54 UTC 2019 /home/travis/build/icyphy/ptII/ptolemy/actor/lib/test/auto/DiscreteClock21.xml
----------------- Instantiating /home/travis/build/icyphy/ptII/ptolemy/actor/lib/test/auto/DiscreteClock21.xml
6 ms. Memory: 565248K Free: 320032K (57%)
----------------- Invoking toplevel() on ptolemy.moml.MoMLSimpleApplication@36c234c4
----------------- Done invoking toplevel() on ptolemy.moml.MoMLSimpleApplication@36c234c4
reloadAllAccessors: .DiscreteClock21

===========================================================================================
----------------- testing Fri Jun 21 04:44:54 UTC 2019 /home/travis/build/icyphy/ptII/ptolemy/actor/lib/test/auto/DiscreteClock22.xml
----------------- Instantiating /home/travis/build/icyphy/ptII/ptolemy/actor/lib/test/auto/DiscreteClock22.xml
7 ms. Memory: 565248K Free: 314398K (56%)
----------------- Invoking toplevel() on ptolemy.moml.MoMLSimpleApplication@6eaa9b5a
----------------- Done invoking toplevel() on ptolemy.moml.MoMLSimpleApplication@6eaa9b5a
reloadAllAccessors: .DiscreteClock22

===========================================================================================
----------------- testing Fri Jun 21 04:44:54 UTC 2019 /home/travis/build/icyphy/ptII/ptolemy/actor/lib/test/auto/DiscreteClock23.xml
----------------- Instantiating /home/travis/build/icyphy/ptII/ptolemy/actor/lib/test/auto/DiscreteClock23.xml
12 ms. Memory: 565248K Free: 308768K (55%)
----------------- Invoking toplevel() on ptolemy.moml.MoMLSimpleApplication@7aec17fa
----------------- Done invoking toplevel() on ptolemy.moml.MoMLSimpleApplication@7aec17fa
reloadAllAccessors: .DiscreteClock23

===========================================================================================
----------------- testing Fri Jun 21 04:44:54 UTC 2019 /home/travis/build/icyphy/ptII/ptolemy/actor/lib/test/auto/DiscreteClock24.xml
----------------- Instantiating /home/travis/build/icyphy/ptII/ptolemy/actor/lib/test/auto/DiscreteClock24.xml
5 ms. Memory: 565248K Free: 303134K (54%)
----------------- Invoking toplevel() on ptolemy.moml.MoMLSimpleApplication@3dc0cb85
----------------- Done invoking toplevel() on ptolemy.moml.MoMLSimpleApplication@3dc0cb85
reloadAllAccessors: .DiscreteClock24

===========================================================================================
----------------- testing Fri Jun 21 04:44:54 UTC 2019 /home/travis/build/icyphy/ptII/ptolemy/actor/lib/test/auto/DiscreteClock4.xml
----------------- Instantiating /home/travis/build/icyphy/ptII/ptolemy/actor/lib/test/auto/DiscreteClock4.xml
4 ms. Memory: 565248K Free: 297999K (53%)
----------------- Invoking toplevel() on ptolemy.moml.MoMLSimpleApplication@63e60297
----------------- Done invoking toplevel() on ptolemy.moml.MoMLSimpleApplication@63e60297
reloadAllAccessors: .DiscreteClock4

===========================================================================================
----------------- testing Fri Jun 21 04:44:54 UTC 2019 /home/travis/build/icyphy/ptII/ptolemy/actor/lib/test/auto/DiscreteClock5.xml
----------------- Instantiating /home/travis/build/icyphy/ptII/ptolemy/actor/lib/test/auto/DiscreteClock5.xml
2 ms. Memory: 565248K Free: 292384K (52%)
----------------- Invoking toplevel() on ptolemy.moml.MoMLSimpleApplication@4aca4f53
----------------- Done invoking toplevel() on ptolemy.moml.MoMLSimpleApplication@4aca4f53
reloadAllAccessors: .DiscreteClock5

===========================================================================================
----------------- testing Fri Jun 21 04:44:54 UTC 2019 /home/travis/build/icyphy/ptII/ptolemy/actor/lib/test/auto/DiscreteClock6.xml
----------------- Instantiating /home/travis/build/icyphy/ptII/ptolemy/actor/lib/test/auto/DiscreteClock6.xml
1 ms. Memory: 565248K Free: 288288K (51%)
----------------- Invoking toplevel() on ptolemy.moml.MoMLSimpleApplication@229a8394
----------------- Done invoking toplevel() on ptolemy.moml.MoMLSimpleApplication@229a8394
reloadAllAccessors: .DiscreteClock6

===========================================================================================
----------------- testing Fri Jun 21 04:44:54 UTC 2019 /home/travis/build/icyphy/ptII/ptolemy/actor/lib/test/auto/DiscreteClock7.xml
----------------- Instantiating /home/travis/build/icyphy/ptII/ptolemy/actor/lib/test/auto/DiscreteClock7.xml
1 ms. Memory: 565248K Free: 283678K (50%)
----------------- Invoking toplevel() on ptolemy.moml.MoMLSimpleApplication@48ffc539
----------------- Done invoking toplevel() on ptolemy.moml.MoMLSimpleApplication@48ffc539
reloadAllAccessors: .DiscreteClock7

===========================================================================================
----------------- testing Fri Jun 21 04:44:54 UTC 2019 /home/travis/build/icyphy/ptII/ptolemy/actor/lib/test/auto/DiscreteClock8.xml
----------------- Instantiating /home/travis/build/icyphy/ptII/ptolemy/actor/lib/test/auto/DiscreteClock8.xml
6 ms. Memory: 565248K Free: 278527K (49%)
----------------- Invoking toplevel() on ptolemy.moml.MoMLSimpleApplication@34b37684
----------------- Done invoking toplevel() on ptolemy.moml.MoMLSimpleApplication@34b37684
reloadAllAccessors: .DiscreteClock8

===========================================================================================
----------------- testing Fri Jun 21 04:44:54 UTC 2019 /home/travis/build/icyphy/ptII/ptolemy/actor/lib/test/auto/DiscreteClock9.xml
----------------- Instantiating /home/travis/build/icyphy/ptII/ptolemy/actor/lib/test/auto/DiscreteClock9.xml
8 ms. Memory: 565248K Free: 272928K (48%)
----------------- Invoking toplevel() on ptolemy.moml.MoMLSimpleApplication@5e81c08b
----------------- Done invoking toplevel() on ptolemy.moml.MoMLSimpleApplication@5e81c08b
reloadAllAccessors: .DiscreteClock9

===========================================================================================
----------------- testing Fri Jun 21 04:44:54 UTC 2019 /home/travis/build/icyphy/ptII/ptolemy/actor/lib/test/auto/DisplayArray.xml
----------------- Instantiating /home/travis/build/icyphy/ptII/ptolemy/actor/lib/test/auto/DisplayArray.xml
1 ms. Memory: 565248K Free: 269342K (48%)
----------------- Invoking toplevel() on ptolemy.moml.MoMLSimpleApplication@7608a89e
----------------- Done invoking toplevel() on ptolemy.moml.MoMLSimpleApplication@7608a89e
reloadAllAccessors: .DisplayArray

===========================================================================================
----------------- testing Fri Jun 21 04:44:54 UTC 2019 /home/travis/build/icyphy/ptII/ptolemy/actor/lib/test/auto/Distributor.xml
----------------- Instantiating /home/travis/build/icyphy/ptII/ptolemy/actor/lib/test/auto/Distributor.xml
1 ms. Memory: 565248K Free: 264736K (47%)
----------------- Invoking toplevel() on ptolemy.moml.MoMLSimpleApplication@4d701d40
----------------- Done invoking toplevel() on ptolemy.moml.MoMLSimpleApplication@4d701d40
reloadAllAccessors: .Distributor

===========================================================================================
----------------- testing Fri Jun 21 04:44:54 UTC 2019 /home/travis/build/icyphy/ptII/ptolemy/actor/lib/test/auto/Distributor2.xml
----------------- Instantiating /home/travis/build/icyphy/ptII/ptolemy/actor/lib/test/auto/Distributor2.xml
2 ms. Memory: 565248K Free: 259616K (46%)
----------------- Invoking toplevel() on ptolemy.moml.MoMLSimpleApplication@733c2dc4
----------------- Done invoking toplevel() on ptolemy.moml.MoMLSimpleApplication@733c2dc4
reloadAllAccessors: .Distributor2

===========================================================================================
----------------- testing Fri Jun 21 04:44:54 UTC 2019 /home/travis/build/icyphy/ptII/ptolemy/actor/lib/test/auto/DownSample.xml
----------------- Instantiating /home/travis/build/icyphy/ptII/ptolemy/actor/lib/test/auto/DownSample.xml
1 ms. Memory: 565248K Free: 255520K (45%)
----------------- Invoking toplevel() on ptolemy.moml.MoMLSimpleApplication@165ea9ac
----------------- Done invoking toplevel() on ptolemy.moml.MoMLSimpleApplication@165ea9ac
reloadAllAccessors: .DownSample

===========================================================================================
----------------- testing Fri Jun 21 04:44:54 UTC 2019 /home/travis/build/icyphy/ptII/ptolemy/actor/lib/test/auto/ElectronicUnitBase1.xml
----------------- Instantiating /home/travis/build/icyphy/ptII/ptolemy/actor/lib/test/auto/ElectronicUnitBase1.xml
18 ms. Memory: 565248K Free: 512032K (91%)
----------------- Invoking toplevel() on ptolemy.moml.MoMLSimpleApplication@560dab3a
----------------- Done invoking toplevel() on ptolemy.moml.MoMLSimpleApplication@560dab3a
reloadAllAccessors: .ElectronicUnitBase1

===========================================================================================
----------------- testing Fri Jun 21 04:44:54 UTC 2019 /home/travis/build/icyphy/ptII/ptolemy/actor/lib/test/auto/ElementsToArray.xml
----------------- Instantiating /home/travis/build/icyphy/ptII/ptolemy/actor/lib/test/auto/ElementsToArray.xml
2 ms. Memory: 565248K Free: 506912K (90%)
----------------- Invoking toplevel() on ptolemy.moml.MoMLSimpleApplication@2b0c03c9
----------------- Done invoking toplevel() on ptolemy.moml.MoMLSimpleApplication@2b0c03c9
reloadAllAccessors: .ElementsToArray

===========================================================================================
----------------- testing Fri Jun 21 04:44:54 UTC 2019 /home/travis/build/icyphy/ptII/ptolemy/actor/lib/test/auto/Equals.xml
----------------- Instantiating /home/travis/build/icyphy/ptII/ptolemy/actor/lib/test/auto/Equals.xml
3 ms. Memory: 565248K Free: 502302K (89%)
----------------- Invoking toplevel() on ptolemy.moml.MoMLSimpleApplication@3ab19983
----------------- Done invoking toplevel() on ptolemy.moml.MoMLSimpleApplication@3ab19983
reloadAllAccessors: .Equals

===========================================================================================
----------------- testing Fri Jun 21 04:44:55 UTC 2019 /home/travis/build/icyphy/ptII/ptolemy/actor/lib/test/auto/Exec.xml
----------------- Instantiating /home/travis/build/icyphy/ptII/ptolemy/actor/lib/test/auto/Exec.xml
22 ms. Memory: 565248K Free: 497167K (88%)
----------------- Invoking toplevel() on ptolemy.moml.MoMLSimpleApplication@14640e46
----------------- Done invoking toplevel() on ptolemy.moml.MoMLSimpleApplication@14640e46
reloadAllAccessors: .Exec

===========================================================================================
----------------- testing Fri Jun 21 04:44:55 UTC 2019 /home/travis/build/icyphy/ptII/ptolemy/actor/lib/test/auto/ExecEnvironment.xml
----------------- Instantiating /home/travis/build/icyphy/ptII/ptolemy/actor/lib/test/auto/ExecEnvironment.xml
36 ms. Memory: 565248K Free: 492047K (87%)
----------------- Invoking toplevel() on ptolemy.moml.MoMLSimpleApplication@45a52d43
----------------- Done invoking toplevel() on ptolemy.moml.MoMLSimpleApplication@45a52d43
reloadAllAccessors: .ExecEnvironment

===========================================================================================
----------------- testing Fri Jun 21 04:44:55 UTC 2019 /home/travis/build/icyphy/ptII/ptolemy/actor/lib/test/auto/ExecNonZeroReturnOutput.xml
----------------- Instantiating /home/travis/build/icyphy/ptII/ptolemy/actor/lib/test/auto/ExecNonZeroReturnOutput.xml
177 ms. Memory: 565248K Free: 481312K (85%)
----------------- Invoking toplevel() on ptolemy.moml.MoMLSimpleApplication@69b6cdcc
----------------- Done invoking toplevel() on ptolemy.moml.MoMLSimpleApplication@69b6cdcc
reloadAllAccessors: .ExecNonZeroReturnOutput

===========================================================================================
----------------- testing Fri Jun 21 04:44:55 UTC 2019 /home/travis/build/icyphy/ptII/ptolemy/actor/lib/test/auto/ExecRunDemos.xml
----------------- Instantiating /home/travis/build/icyphy/ptII/ptolemy/actor/lib/test/auto/ExecRunDemos.xml
11234 ms. Memory: 565248K Free: 461856K (82%)

===========================================================================================
----------------- testing Fri Jun 21 04:45:06 UTC 2019 /home/travis/build/icyphy/ptII/ptolemy/actor/lib/test/auto/ExecStop.xml
----------------- Instantiating /home/travis/build/icyphy/ptII/ptolemy/actor/lib/test/auto/ExecStop.xml
5021 ms. Memory: 565248K Free: 344096K (61%)
----------------- Invoking toplevel() on ptolemy.moml.MoMLSimpleApplication@9267a7c
----------------- Done invoking toplevel() on ptolemy.moml.MoMLSimpleApplication@9267a7c
reloadAllAccessors: .ExecStop

===========================================================================================
----------------- testing Fri Jun 21 04:45:11 UTC 2019 /home/travis/build/icyphy/ptII/ptolemy/actor/lib/test/auto/ExecutionTimeSDF.xml
----------------- Instantiating /home/travis/build/icyphy/ptII/ptolemy/actor/lib/test/auto/ExecutionTimeSDF.xml
Fired ExecutionTime: -1770567296
Fired ExecutionTime: 1069200000
Fired ExecutionTime: 1068800000
6004 ms. Memory: 565248K Free: 332303K (59%)
----------------- Invoking toplevel() on ptolemy.moml.MoMLSimpleApplication@23f31e8f
----------------- Done invoking toplevel() on ptolemy.moml.MoMLSimpleApplication@23f31e8f
reloadAllAccessors: .ExecutionTimeSDF

===========================================================================================
----------------- testing Fri Jun 21 04:45:17 UTC 2019 /home/travis/build/icyphy/ptII/ptolemy/actor/lib/test/auto/Expression1.xml
----------------- Instantiating /home/travis/build/icyphy/ptII/ptolemy/actor/lib/test/auto/Expression1.xml
2 ms. Memory: 565248K Free: 328736K (58%)
----------------- Invoking toplevel() on ptolemy.moml.MoMLSimpleApplication@5b24c463
----------------- Done invoking toplevel() on ptolemy.moml.MoMLSimpleApplication@5b24c463
reloadAllAccessors: .Expression1

===========================================================================================
----------------- testing Fri Jun 21 04:45:17 UTC 2019 /home/travis/build/icyphy/ptII/ptolemy/actor/lib/test/auto/Expression10.xml
----------------- Instantiating /home/travis/build/icyphy/ptII/ptolemy/actor/lib/test/auto/Expression10.xml
11 ms. Memory: 565248K Free: 323616K (57%)
----------------- Invoking toplevel() on ptolemy.moml.MoMLSimpleApplication@65a2dae5
----------------- Done invoking toplevel() on ptolemy.moml.MoMLSimpleApplication@65a2dae5
reloadAllAccessors: .Expression10

===========================================================================================
----------------- testing Fri Jun 21 04:45:17 UTC 2019 /home/travis/build/icyphy/ptII/ptolemy/actor/lib/test/auto/Expression11.xml
----------------- Instantiating /home/travis/build/icyphy/ptII/ptolemy/actor/lib/test/auto/Expression11.xml
2 ms. Memory: 565248K Free: 319006K (56%)
----------------- Invoking toplevel() on ptolemy.moml.MoMLSimpleApplication@4652d1d0
----------------- Done invoking toplevel() on ptolemy.moml.MoMLSimpleApplication@4652d1d0
reloadAllAccessors: .Expression11

===========================================================================================
----------------- testing Fri Jun 21 04:45:17 UTC 2019 /home/travis/build/icyphy/ptII/ptolemy/actor/lib/test/auto/Expression12.xml
----------------- Instantiating /home/travis/build/icyphy/ptII/ptolemy/actor/lib/test/auto/Expression12.xml
5 ms. Memory: 565248K Free: 313376K (55%)
----------------- Invoking toplevel() on ptolemy.moml.MoMLSimpleApplication@7a54bdc4
----------------- Done invoking toplevel() on ptolemy.moml.MoMLSimpleApplication@7a54bdc4
reloadAllAccessors: .Expression12

===========================================================================================
----------------- testing Fri Jun 21 04:45:17 UTC 2019 /home/travis/build/icyphy/ptII/ptolemy/actor/lib/test/auto/Expression13.xml
----------------- Instantiating /home/travis/build/icyphy/ptII/ptolemy/actor/lib/test/auto/Expression13.xml
4 ms. Memory: 565248K Free: 308766K (55%)
----------------- Invoking toplevel() on ptolemy.moml.MoMLSimpleApplication@7a8b10b8
----------------- Done invoking toplevel() on ptolemy.moml.MoMLSimpleApplication@7a8b10b8
reloadAllAccessors: .Expression13

===========================================================================================
----------------- testing Fri Jun 21 04:45:17 UTC 2019 /home/travis/build/icyphy/ptII/ptolemy/actor/lib/test/auto/Expression14.xml
----------------- Instantiating /home/travis/build/icyphy/ptII/ptolemy/actor/lib/test/auto/Expression14.xml
9 ms. Memory: 565248K Free: 302622K (54%)
----------------- Invoking toplevel() on ptolemy.moml.MoMLSimpleApplication@7c05893b
----------------- Done invoking toplevel() on ptolemy.moml.MoMLSimpleApplication@7c05893b
reloadAllAccessors: .Expression14

===========================================================================================
----------------- testing Fri Jun 21 04:45:17 UTC 2019 /home/travis/build/icyphy/ptII/ptolemy/actor/lib/test/auto/Expression15.xml
----------------- Instantiating /home/travis/build/icyphy/ptII/ptolemy/actor/lib/test/auto/Expression15.xml
2 ms. Memory: 565248K Free: 299040K (53%)
----------------- Invoking toplevel() on ptolemy.moml.MoMLSimpleApplication@13cbd37
----------------- Done invoking toplevel() on ptolemy.moml.MoMLSimpleApplication@13cbd37
reloadAllAccessors: .Expression15

===========================================================================================
----------------- testing Fri Jun 21 04:45:17 UTC 2019 /home/travis/build/icyphy/ptII/ptolemy/actor/lib/test/auto/Expression16.xml
----------------- Instantiating /home/travis/build/icyphy/ptII/ptolemy/actor/lib/test/auto/Expression16.xml
3 ms. Memory: 565248K Free: 293920K (52%)
----------------- Invoking toplevel() on ptolemy.moml.MoMLSimpleApplication@4bf6ab1a
----------------- Done invoking toplevel() on ptolemy.moml.MoMLSimpleApplication@4bf6ab1a
reloadAllAccessors: .Expression16

===========================================================================================
----------------- testing Fri Jun 21 04:45:17 UTC 2019 /home/travis/build/icyphy/ptII/ptolemy/actor/lib/test/auto/Expression17.xml
----------------- Instantiating /home/travis/build/icyphy/ptII/ptolemy/actor/lib/test/auto/Expression17.xml
3 ms. Memory: 565248K Free: 289310K (51%)
----------------- Invoking toplevel() on ptolemy.moml.MoMLSimpleApplication@19d9a386
----------------- Done invoking toplevel() on ptolemy.moml.MoMLSimpleApplication@19d9a386
reloadAllAccessors: .Expression17

===========================================================================================
----------------- testing Fri Jun 21 04:45:17 UTC 2019 /home/travis/build/icyphy/ptII/ptolemy/actor/lib/test/auto/Expression18.xml
----------------- Instantiating /home/travis/build/icyphy/ptII/ptolemy/actor/lib/test/auto/Expression18.xml
3 ms. Memory: 565248K Free: 284190K (50%)
----------------- Invoking toplevel() on ptolemy.moml.MoMLSimpleApplication@6b54ca2
----------------- Done invoking toplevel() on ptolemy.moml.MoMLSimpleApplication@6b54ca2
reloadAllAccessors: .Expression18

===========================================================================================
----------------- testing Fri Jun 21 04:45:17 UTC 2019 /home/travis/build/icyphy/ptII/ptolemy/actor/lib/test/auto/Expression2.xml
----------------- Instantiating /home/travis/build/icyphy/ptII/ptolemy/actor/lib/test/auto/Expression2.xml
5 ms. Memory: 565248K Free: 279070K (49%)
----------------- Invoking toplevel() on ptolemy.moml.MoMLSimpleApplication@551a9ef7
----------------- Done invoking toplevel() on ptolemy.moml.MoMLSimpleApplication@551a9ef7
reloadAllAccessors: .Expression2

===========================================================================================
----------------- testing Fri Jun 21 04:45:17 UTC 2019 /home/travis/build/icyphy/ptII/ptolemy/actor/lib/test/auto/Expression3.xml
----------------- Instantiating /home/travis/build/icyphy/ptII/ptolemy/actor/lib/test/auto/Expression3.xml
7 ms. Memory: 565248K Free: 274464K (49%)
----------------- Invoking toplevel() on ptolemy.moml.MoMLSimpleApplication@6efe6c53
----------------- Done invoking toplevel() on ptolemy.moml.MoMLSimpleApplication@6efe6c53
reloadAllAccessors: .Expression3

===========================================================================================
----------------- testing Fri Jun 21 04:45:17 UTC 2019 /home/travis/build/icyphy/ptII/ptolemy/actor/lib/test/auto/Expression4.xml
----------------- Instantiating /home/travis/build/icyphy/ptII/ptolemy/actor/lib/test/auto/Expression4.xml
8 ms. Memory: 565248K Free: 266782K (47%)
----------------- Invoking toplevel() on ptolemy.moml.MoMLSimpleApplication@399834f7
----------------- Done invoking toplevel() on ptolemy.moml.MoMLSimpleApplication@399834f7
reloadAllAccessors: .Expression4

===========================================================================================
----------------- testing Fri Jun 21 04:45:17 UTC 2019 /home/travis/build/icyphy/ptII/ptolemy/actor/lib/test/auto/Expression5.xml
----------------- Instantiating /home/travis/build/icyphy/ptII/ptolemy/actor/lib/test/auto/Expression5.xml
4 ms. Memory: 565248K Free: 262176K (46%)
----------------- Invoking toplevel() on ptolemy.moml.MoMLSimpleApplication@20fe5b2b
----------------- Done invoking toplevel() on ptolemy.moml.MoMLSimpleApplication@20fe5b2b
reloadAllAccessors: .Expression5

===========================================================================================
----------------- testing Fri Jun 21 04:45:18 UTC 2019 /home/travis/build/icyphy/ptII/ptolemy/actor/lib/test/auto/Expression6.xml
----------------- Instantiating /home/travis/build/icyphy/ptII/ptolemy/actor/lib/test/auto/Expression6.xml
2 ms. Memory: 565248K Free: 257566K (46%)
----------------- Invoking toplevel() on ptolemy.moml.MoMLSimpleApplication@34689e45
----------------- Done invoking toplevel() on ptolemy.moml.MoMLSimpleApplication@34689e45
reloadAllAccessors: .Expression6

===========================================================================================
----------------- testing Fri Jun 21 04:45:18 UTC 2019 /home/travis/build/icyphy/ptII/ptolemy/actor/lib/test/auto/Expression7.xml
----------------- Instantiating /home/travis/build/icyphy/ptII/ptolemy/actor/lib/test/auto/Expression7.xml
3 ms. Memory: 565248K Free: 252446K (45%)
----------------- Invoking toplevel() on ptolemy.moml.MoMLSimpleApplication@7c7d84f5
----------------- Done invoking toplevel() on ptolemy.moml.MoMLSimpleApplication@7c7d84f5
reloadAllAccessors: .Expression7

===========================================================================================
----------------- testing Fri Jun 21 04:45:18 UTC 2019 /home/travis/build/icyphy/ptII/ptolemy/actor/lib/test/auto/Expression8.xml
----------------- Instantiating /home/travis/build/icyphy/ptII/ptolemy/actor/lib/test/auto/Expression8.xml
11 ms. Memory: 565248K Free: 247840K (44%)
----------------- Invoking toplevel() on ptolemy.moml.MoMLSimpleApplication@2d1424b1
----------------- Done invoking toplevel() on ptolemy.moml.MoMLSimpleApplication@2d1424b1
reloadAllAccessors: .Expression8

===========================================================================================
----------------- testing Fri Jun 21 04:45:18 UTC 2019 /home/travis/build/icyphy/ptII/ptolemy/actor/lib/test/auto/Expression9.xml
----------------- Instantiating /home/travis/build/icyphy/ptII/ptolemy/actor/lib/test/auto/Expression9.xml
1 ms. Memory: 565248K Free: 243744K (43%)
----------------- Invoking toplevel() on ptolemy.moml.MoMLSimpleApplication@4019cd26
----------------- Done invoking toplevel() on ptolemy.moml.MoMLSimpleApplication@4019cd26
reloadAllAccessors: .Expression9

===========================================================================================
----------------- testing Fri Jun 21 04:45:18 UTC 2019 /home/travis/build/icyphy/ptII/ptolemy/actor/lib/test/auto/ExpressionConcatenateArrayType.xml
----------------- Instantiating /home/travis/build/icyphy/ptII/ptolemy/actor/lib/test/auto/ExpressionConcatenateArrayType.xml
4 ms. Memory: 565248K Free: 237600K (42%)
----------------- Invoking toplevel() on ptolemy.moml.MoMLSimpleApplication@20043d1c
----------------- Done invoking toplevel() on ptolemy.moml.MoMLSimpleApplication@20043d1c
reloadAllAccessors: .ExpressionConcatenateArrayType

===========================================================================================
----------------- testing Fri Jun 21 04:45:18 UTC 2019 /home/travis/build/icyphy/ptII/ptolemy/actor/lib/test/auto/ExpressionConcatenateArrayType2.xml
----------------- Instantiating /home/travis/build/icyphy/ptII/ptolemy/actor/lib/test/auto/ExpressionConcatenateArrayType2.xml
4 ms. Memory: 565248K Free: 231966K (41%)
----------------- Invoking toplevel() on ptolemy.moml.MoMLSimpleApplication@a092b2
----------------- Done invoking toplevel() on ptolemy.moml.MoMLSimpleApplication@a092b2
reloadAllAccessors: .ExpressionConcatenateArrayType2

===========================================================================================
----------------- testing Fri Jun 21 04:45:18 UTC 2019 /home/travis/build/icyphy/ptII/ptolemy/actor/lib/test/auto/ExpressionFix.xml
----------------- Instantiating /home/travis/build/icyphy/ptII/ptolemy/actor/lib/test/auto/ExpressionFix.xml
25 ms. Memory: 565248K Free: 225312K (40%)
----------------- Invoking toplevel() on ptolemy.moml.MoMLSimpleApplication@155bc9ba
----------------- Done invoking toplevel() on ptolemy.moml.MoMLSimpleApplication@155bc9ba
reloadAllAccessors: .ExpressionFix

===========================================================================================
----------------- testing Fri Jun 21 04:45:18 UTC 2019 /home/travis/build/icyphy/ptII/ptolemy/actor/lib/test/auto/ExpressionFix2.xml
----------------- Instantiating /home/travis/build/icyphy/ptII/ptolemy/actor/lib/test/auto/ExpressionFix2.xml
6 ms. Memory: 565248K Free: 221726K (39%)
----------------- Invoking toplevel() on ptolemy.moml.MoMLSimpleApplication@22908c8b
----------------- Done invoking toplevel() on ptolemy.moml.MoMLSimpleApplication@22908c8b
reloadAllAccessors: .ExpressionFix2

===========================================================================================
----------------- testing Fri Jun 21 04:45:18 UTC 2019 /home/travis/build/icyphy/ptII/ptolemy/actor/lib/test/auto/ExpressionFix3.xml
----------------- Instantiating /home/travis/build/icyphy/ptII/ptolemy/actor/lib/test/auto/ExpressionFix3.xml
3 ms. Memory: 565248K Free: 217120K (38%)
----------------- Invoking toplevel() on ptolemy.moml.MoMLSimpleApplication@2b113dfb
----------------- Done invoking toplevel() on ptolemy.moml.MoMLSimpleApplication@2b113dfb
reloadAllAccessors: .ExpressionFix3

===========================================================================================
----------------- testing Fri Jun 21 04:45:18 UTC 2019 /home/travis/build/icyphy/ptII/ptolemy/actor/lib/test/auto/FileWriter1.xml
----------------- Instantiating /home/travis/build/icyphy/ptII/ptolemy/actor/lib/test/auto/FileWriter1.xml
2 ms. Memory: 565248K Free: 213024K (38%)
----------------- Invoking toplevel() on ptolemy.moml.MoMLSimpleApplication@39a7e9c5
----------------- Done invoking toplevel() on ptolemy.moml.MoMLSimpleApplication@39a7e9c5
reloadAllAccessors: .FileWriter1

===========================================================================================
----------------- testing Fri Jun 21 04:45:18 UTC 2019 /home/travis/build/icyphy/ptII/ptolemy/actor/lib/test/auto/FileWriter2.xml
----------------- Instantiating /home/travis/build/icyphy/ptII/ptolemy/actor/lib/test/auto/FileWriter2.xml
7 ms. Memory: 565248K Free: 208928K (37%)
----------------- Invoking toplevel() on ptolemy.moml.MoMLSimpleApplication@305bf23e
----------------- Done invoking toplevel() on ptolemy.moml.MoMLSimpleApplication@305bf23e
reloadAllAccessors: .FileWriter2

===========================================================================================
----------------- testing Fri Jun 21 04:45:18 UTC 2019 /home/travis/build/icyphy/ptII/ptolemy/actor/lib/test/auto/FileWriter3.xml
----------------- Instantiating /home/travis/build/icyphy/ptII/ptolemy/actor/lib/test/auto/FileWriter3.xml
1 ms. Memory: 565248K Free: 204832K (36%)
----------------- Invoking toplevel() on ptolemy.moml.MoMLSimpleApplication@77779325
----------------- Done invoking toplevel() on ptolemy.moml.MoMLSimpleApplication@77779325
reloadAllAccessors: .FileWriter3

===========================================================================================
----------------- testing Fri Jun 21 04:45:18 UTC 2019 /home/travis/build/icyphy/ptII/ptolemy/actor/lib/test/auto/Gaussian.xml
----------------- Instantiating /home/travis/build/icyphy/ptII/ptolemy/actor/lib/test/auto/Gaussian.xml
3 ms. Memory: 565248K Free: 200736K (36%)
----------------- Invoking toplevel() on ptolemy.moml.MoMLSimpleApplication@30c3a206
----------------- Done invoking toplevel() on ptolemy.moml.MoMLSimpleApplication@30c3a206
reloadAllAccessors: .Gaussian

===========================================================================================
----------------- testing Fri Jun 21 04:45:18 UTC 2019 /home/travis/build/icyphy/ptII/ptolemy/actor/lib/test/auto/Gaussian1.xml
----------------- Instantiating /home/travis/build/icyphy/ptII/ptolemy/actor/lib/test/auto/Gaussian1.xml
2 ms. Memory: 565248K Free: 195071K (35%)
----------------- Invoking toplevel() on ptolemy.moml.MoMLSimpleApplication@76fb7d2a
----------------- Done invoking toplevel() on ptolemy.moml.MoMLSimpleApplication@76fb7d2a
reloadAllAccessors: .Gaussian1

===========================================================================================
----------------- testing Fri Jun 21 04:45:18 UTC 2019 /home/travis/build/icyphy/ptII/ptolemy/actor/lib/test/auto/Gaussian2.xml
----------------- Instantiating /home/travis/build/icyphy/ptII/ptolemy/actor/lib/test/auto/Gaussian2.xml
11 ms. Memory: 565248K Free: 189472K (34%)
----------------- Invoking toplevel() on ptolemy.moml.MoMLSimpleApplication@5e4d1c7c
----------------- Done invoking toplevel() on ptolemy.moml.MoMLSimpleApplication@5e4d1c7c
reloadAllAccessors: .Gaussian2

===========================================================================================
----------------- testing Fri Jun 21 04:45:18 UTC 2019 /home/travis/build/icyphy/ptII/ptolemy/actor/lib/test/auto/GradientAdaptiveLattice.xml
----------------- Instantiating /home/travis/build/icyphy/ptII/ptolemy/actor/lib/test/auto/GradientAdaptiveLattice.xml
28 ms. Memory: 565248K Free: 516377K (91%)
----------------- Invoking toplevel() on ptolemy.moml.MoMLSimpleApplication@33702597
----------------- Done invoking toplevel() on ptolemy.moml.MoMLSimpleApplication@33702597
reloadAllAccessors: .GradientAdaptiveLattice

===========================================================================================
----------------- testing Fri Jun 21 04:45:18 UTC 2019 /home/travis/build/icyphy/ptII/ptolemy/actor/lib/test/auto/IIR.xml
----------------- Instantiating /home/travis/build/icyphy/ptII/ptolemy/actor/lib/test/auto/IIR.xml
2 ms. Memory: 565248K Free: 511520K (90%)
----------------- Invoking toplevel() on ptolemy.moml.MoMLSimpleApplication@1a8ca67f
----------------- Done invoking toplevel() on ptolemy.moml.MoMLSimpleApplication@1a8ca67f
reloadAllAccessors: .IIR

===========================================================================================
----------------- testing Fri Jun 21 04:45:18 UTC 2019 /home/travis/build/icyphy/ptII/ptolemy/actor/lib/test/auto/InputOutputTransparentPorts.xml
----------------- Instantiating /home/travis/build/icyphy/ptII/ptolemy/actor/lib/test/auto/InputOutputTransparentPorts.xml
2 ms. Memory: 565248K Free: 503838K (89%)
----------------- Invoking toplevel() on ptolemy.moml.MoMLSimpleApplication@4b1903f7
----------------- Done invoking toplevel() on ptolemy.moml.MoMLSimpleApplication@4b1903f7
reloadAllAccessors: .InputOutputTransparentPorts

===========================================================================================
----------------- testing Fri Jun 21 04:45:18 UTC 2019 /home/travis/build/icyphy/ptII/ptolemy/actor/lib/test/auto/Interpolator.xml
----------------- Instantiating /home/travis/build/icyphy/ptII/ptolemy/actor/lib/test/auto/Interpolator.xml
5 ms. Memory: 565248K Free: 500254K (89%)
----------------- Invoking toplevel() on ptolemy.moml.MoMLSimpleApplication@396cab9f
----------------- Done invoking toplevel() on ptolemy.moml.MoMLSimpleApplication@396cab9f
reloadAllAccessors: .Interpolator

===========================================================================================
----------------- testing Fri Jun 21 04:45:18 UTC 2019 /home/travis/build/icyphy/ptII/ptolemy/actor/lib/test/auto/InterpolatorFiringLimitDE.xml
----------------- Instantiating /home/travis/build/icyphy/ptII/ptolemy/actor/lib/test/auto/InterpolatorFiringLimitDE.xml
1 ms. Memory: 565248K Free: 493598K (87%)
----------------- Invoking toplevel() on ptolemy.moml.MoMLSimpleApplication@73355a5f
----------------- Done invoking toplevel() on ptolemy.moml.MoMLSimpleApplication@73355a5f
reloadAllAccessors: .InterpolatorFiringLimitDE

===========================================================================================
----------------- testing Fri Jun 21 04:45:18 UTC 2019 /home/travis/build/icyphy/ptII/ptolemy/actor/lib/test/auto/Lattice.xml
----------------- Instantiating /home/travis/build/icyphy/ptII/ptolemy/actor/lib/test/auto/Lattice.xml
1 ms. Memory: 565248K Free: 489502K (87%)
----------------- Invoking toplevel() on ptolemy.moml.MoMLSimpleApplication@53b28f59
----------------- Done invoking toplevel() on ptolemy.moml.MoMLSimpleApplication@53b28f59
reloadAllAccessors: .Lattice

===========================================================================================
----------------- testing Fri Jun 21 04:45:18 UTC 2019 /home/travis/build/icyphy/ptII/ptolemy/actor/lib/test/auto/LazyAOCTestLazy.xml
----------------- Instantiating /home/travis/build/icyphy/ptII/ptolemy/actor/lib/test/auto/LazyAOCTestLazy.xml
11 ms. Memory: 565248K Free: 483872K (86%)
----------------- Invoking toplevel() on ptolemy.moml.MoMLSimpleApplication@52d10b4a
----------------- Done invoking toplevel() on ptolemy.moml.MoMLSimpleApplication@52d10b4a
reloadAllAccessors: .LazyAOCTestLazy

===========================================================================================
----------------- testing Fri Jun 21 04:45:18 UTC 2019 /home/travis/build/icyphy/ptII/ptolemy/actor/lib/test/auto/LazyAOCTestNonLazy.xml
----------------- Instantiating /home/travis/build/icyphy/ptII/ptolemy/actor/lib/test/auto/LazyAOCTestNonLazy.xml
2 ms. Memory: 565248K Free: 477214K (84%)
----------------- Invoking toplevel() on ptolemy.moml.MoMLSimpleApplication@fb9ae5c
----------------- Done invoking toplevel() on ptolemy.moml.MoMLSimpleApplication@fb9ae5c
reloadAllAccessors: .LazyAOCTestNonLazy

===========================================================================================
----------------- testing Fri Jun 21 04:45:18 UTC 2019 /home/travis/build/icyphy/ptII/ptolemy/actor/lib/test/auto/LazyInnerClass.xml
----------------- Instantiating /home/travis/build/icyphy/ptII/ptolemy/actor/lib/test/auto/LazyInnerClass.xml
11 ms. Memory: 565248K Free: 468512K (83%)
----------------- Invoking toplevel() on ptolemy.moml.MoMLSimpleApplication@7f4feba
----------------- Done invoking toplevel() on ptolemy.moml.MoMLSimpleApplication@7f4feba
reloadAllAccessors: .LazyInnerClass

===========================================================================================
----------------- testing Fri Jun 21 04:45:18 UTC 2019 /home/travis/build/icyphy/ptII/ptolemy/actor/lib/test/auto/LazyPubSub.xml
----------------- Instantiating /home/travis/build/icyphy/ptII/ptolemy/actor/lib/test/auto/LazyPubSub.xml
24 ms. Memory: 565248K Free: 459296K (81%)
----------------- Invoking toplevel() on ptolemy.moml.MoMLSimpleApplication@3647d176
----------------- Done invoking toplevel() on ptolemy.moml.MoMLSimpleApplication@3647d176
reloadAllAccessors: .LazyPubSub

===========================================================================================
----------------- testing Fri Jun 21 04:45:18 UTC 2019 /home/travis/build/icyphy/ptII/ptolemy/actor/lib/test/auto/LazyPubSub2.xml
----------------- Instantiating /home/travis/build/icyphy/ptII/ptolemy/actor/lib/test/auto/LazyPubSub2.xml
24 ms. Memory: 565248K Free: 449566K (80%)
----------------- Invoking toplevel() on ptolemy.moml.MoMLSimpleApplication@49c8d7d8
----------------- Done invoking toplevel() on ptolemy.moml.MoMLSimpleApplication@49c8d7d8
reloadAllAccessors: .LazyPubSub2

===========================================================================================
----------------- testing Fri Jun 21 04:45:18 UTC 2019 /home/travis/build/icyphy/ptII/ptolemy/actor/lib/test/auto/LazyPubSub3.xml
----------------- Instantiating /home/travis/build/icyphy/ptII/ptolemy/actor/lib/test/auto/LazyPubSub3.xml
27 ms. Memory: 565248K Free: 439326K (78%)
----------------- Invoking toplevel() on ptolemy.moml.MoMLSimpleApplication@561636ff
----------------- Done invoking toplevel() on ptolemy.moml.MoMLSimpleApplication@561636ff
reloadAllAccessors: .LazyPubSub3

===========================================================================================
----------------- testing Fri Jun 21 04:45:18 UTC 2019 /home/travis/build/icyphy/ptII/ptolemy/actor/lib/test/auto/LazySubClassModel.xml
----------------- Instantiating /home/travis/build/icyphy/ptII/ptolemy/actor/lib/test/auto/LazySubClassModel.xml
2 ms. Memory: 565248K Free: 430624K (76%)
----------------- Invoking toplevel() on ptolemy.moml.MoMLSimpleApplication@58f64fdb
----------------- Done invoking toplevel() on ptolemy.moml.MoMLSimpleApplication@58f64fdb
reloadAllAccessors: .LazySubClassModel

===========================================================================================
----------------- testing Fri Jun 21 04:45:18 UTC 2019 /home/travis/build/icyphy/ptII/ptolemy/actor/lib/test/auto/LevelCrossTest1.xml
----------------- Instantiating /home/travis/build/icyphy/ptII/ptolemy/actor/lib/test/auto/LevelCrossTest1.xml
1 ms. Memory: 565248K Free: 424990K (75%)
----------------- Invoking toplevel() on ptolemy.moml.MoMLSimpleApplication@7e41a1fa
----------------- Done invoking toplevel() on ptolemy.moml.MoMLSimpleApplication@7e41a1fa
reloadAllAccessors: .broken

===========================================================================================
----------------- testing Fri Jun 21 04:45:18 UTC 2019 /home/travis/build/icyphy/ptII/ptolemy/actor/lib/test/auto/LevelCrossTest10.xml
----------------- Instantiating /home/travis/build/icyphy/ptII/ptolemy/actor/lib/test/auto/LevelCrossTest10.xml
2 ms. Memory: 565248K Free: 417822K (74%)
----------------- Invoking toplevel() on ptolemy.moml.MoMLSimpleApplication@598e5866
----------------- Done invoking toplevel() on ptolemy.moml.MoMLSimpleApplication@598e5866
reloadAllAccessors: .LevelCrossTest10

===========================================================================================
----------------- testing Fri Jun 21 04:45:18 UTC 2019 /home/travis/build/icyphy/ptII/ptolemy/actor/lib/test/auto/LevelCrossTest11.xml
----------------- Instantiating /home/travis/build/icyphy/ptII/ptolemy/actor/lib/test/auto/LevelCrossTest11.xml
2 ms. Memory: 565248K Free: 411678K (73%)
----------------- Invoking toplevel() on ptolemy.moml.MoMLSimpleApplication@51d86efc
----------------- Done invoking toplevel() on ptolemy.moml.MoMLSimpleApplication@51d86efc
reloadAllAccessors: .LevelCrossTest11

===========================================================================================
----------------- testing Fri Jun 21 04:45:18 UTC 2019 /home/travis/build/icyphy/ptII/ptolemy/actor/lib/test/auto/LevelCrossTest12.xml
----------------- Instantiating /home/travis/build/icyphy/ptII/ptolemy/actor/lib/test/auto/LevelCrossTest12.xml
1 ms. Memory: 565248K Free: 405024K (72%)
----------------- Invoking toplevel() on ptolemy.moml.MoMLSimpleApplication@6198f52b
----------------- Done invoking toplevel() on ptolemy.moml.MoMLSimpleApplication@6198f52b
reloadAllAccessors: .LevelCrossTest12

===========================================================================================
----------------- testing Fri Jun 21 04:45:18 UTC 2019 /home/travis/build/icyphy/ptII/ptolemy/actor/lib/test/auto/LevelCrossTest13.xml
----------------- Instantiating /home/travis/build/icyphy/ptII/ptolemy/actor/lib/test/auto/LevelCrossTest13.xml
7 ms. Memory: 565248K Free: 396832K (70%)
----------------- Invoking toplevel() on ptolemy.moml.MoMLSimpleApplication@264a3d1f
----------------- Done invoking toplevel() on ptolemy.moml.MoMLSimpleApplication@264a3d1f
reloadAllAccessors: .LevelCrossTest13

===========================================================================================
----------------- testing Fri Jun 21 04:45:18 UTC 2019 /home/travis/build/icyphy/ptII/ptolemy/actor/lib/test/auto/LevelCrossTest2.xml
----------------- Instantiating /home/travis/build/icyphy/ptII/ptolemy/actor/lib/test/auto/LevelCrossTest2.xml
1 ms. Memory: 565248K Free: 391198K (69%)
----------------- Invoking toplevel() on ptolemy.moml.MoMLSimpleApplication@27a17258
----------------- Done invoking toplevel() on ptolemy.moml.MoMLSimpleApplication@27a17258
reloadAllAccessors: .broken

===========================================================================================
----------------- testing Fri Jun 21 04:45:18 UTC 2019 /home/travis/build/icyphy/ptII/ptolemy/actor/lib/test/auto/LevelCrossTest3.xml
----------------- Instantiating /home/travis/build/icyphy/ptII/ptolemy/actor/lib/test/auto/LevelCrossTest3.xml
2 ms. Memory: 565248K Free: 385054K (68%)
----------------- Invoking toplevel() on ptolemy.moml.MoMLSimpleApplication@532c1dcf
----------------- Done invoking toplevel() on ptolemy.moml.MoMLSimpleApplication@532c1dcf
reloadAllAccessors: .LevelCrossTest3

===========================================================================================
----------------- testing Fri Jun 21 04:45:18 UTC 2019 /home/travis/build/icyphy/ptII/ptolemy/actor/lib/test/auto/LevelCrossTest4.xml
----------------- Instantiating /home/travis/build/icyphy/ptII/ptolemy/actor/lib/test/auto/LevelCrossTest4.xml
1 ms. Memory: 565248K Free: 379424K (67%)
----------------- Invoking toplevel() on ptolemy.moml.MoMLSimpleApplication@6ac6be8e
----------------- Done invoking toplevel() on ptolemy.moml.MoMLSimpleApplication@6ac6be8e
reloadAllAccessors: .broken

===========================================================================================
----------------- testing Fri Jun 21 04:45:18 UTC 2019 /home/travis/build/icyphy/ptII/ptolemy/actor/lib/test/auto/LevelCrossTest5.xml
----------------- Instantiating /home/travis/build/icyphy/ptII/ptolemy/actor/lib/test/auto/LevelCrossTest5.xml
4 ms. Memory: 565248K Free: 372766K (66%)
----------------- Invoking toplevel() on ptolemy.moml.MoMLSimpleApplication@3ce935a3
----------------- Done invoking toplevel() on ptolemy.moml.MoMLSimpleApplication@3ce935a3
reloadAllAccessors: .LevelCrossTest5

===========================================================================================
----------------- testing Fri Jun 21 04:45:18 UTC 2019 /home/travis/build/icyphy/ptII/ptolemy/actor/lib/test/auto/LevelCrossTest6.xml
----------------- Instantiating /home/travis/build/icyphy/ptII/ptolemy/actor/lib/test/auto/LevelCrossTest6.xml
1 ms. Memory: 565248K Free: 366112K (65%)
----------------- Invoking toplevel() on ptolemy.moml.MoMLSimpleApplication@40037fc
----------------- Done invoking toplevel() on ptolemy.moml.MoMLSimpleApplication@40037fc
reloadAllAccessors: .LevelCrossTest6

===========================================================================================
----------------- testing Fri Jun 21 04:45:19 UTC 2019 /home/travis/build/icyphy/ptII/ptolemy/actor/lib/test/auto/LevelCrossTest7.xml
----------------- Instantiating /home/travis/build/icyphy/ptII/ptolemy/actor/lib/test/auto/LevelCrossTest7.xml
2 ms. Memory: 565248K Free: 358430K (63%)
----------------- Invoking toplevel() on ptolemy.moml.MoMLSimpleApplication@4e7b952e
----------------- Done invoking toplevel() on ptolemy.moml.MoMLSimpleApplication@4e7b952e
reloadAllAccessors: .LevelCrossTest7

===========================================================================================
----------------- testing Fri Jun 21 04:45:19 UTC 2019 /home/travis/build/icyphy/ptII/ptolemy/actor/lib/test/auto/LevelCrossTest8.xml
----------------- Instantiating /home/travis/build/icyphy/ptII/ptolemy/actor/lib/test/auto/LevelCrossTest8.xml
1 ms. Memory: 565248K Free: 351776K (62%)
----------------- Invoking toplevel() on ptolemy.moml.MoMLSimpleApplication@71018c2b
----------------- Done invoking toplevel() on ptolemy.moml.MoMLSimpleApplication@71018c2b
reloadAllAccessors: .LevelCrossTest8

===========================================================================================
----------------- testing Fri Jun 21 04:45:19 UTC 2019 /home/travis/build/icyphy/ptII/ptolemy/actor/lib/test/auto/LevelCrossTest9.xml
----------------- Instantiating /home/travis/build/icyphy/ptII/ptolemy/actor/lib/test/auto/LevelCrossTest9.xml
2 ms. Memory: 565248K Free: 345632K (61%)
----------------- Invoking toplevel() on ptolemy.moml.MoMLSimpleApplication@5593ca48
----------------- Done invoking toplevel() on ptolemy.moml.MoMLSimpleApplication@5593ca48
reloadAllAccessors: .LevelCrossTest9

===========================================================================================
----------------- testing Fri Jun 21 04:45:19 UTC 2019 /home/travis/build/icyphy/ptII/ptolemy/actor/lib/test/auto/LevinsonDurbin.xml
----------------- Instantiating /home/travis/build/icyphy/ptII/ptolemy/actor/lib/test/auto/LevinsonDurbin.xml
1 ms. Memory: 565248K Free: 341536K (60%)
----------------- Invoking toplevel() on ptolemy.moml.MoMLSimpleApplication@cdfd706
----------------- Done invoking toplevel() on ptolemy.moml.MoMLSimpleApplication@cdfd706
reloadAllAccessors: .LevinsonDurbin

===========================================================================================
----------------- testing Fri Jun 21 04:45:19 UTC 2019 /home/travis/build/icyphy/ptII/ptolemy/actor/lib/test/auto/LevinsonDurbin2.xml
----------------- Instantiating /home/travis/build/icyphy/ptII/ptolemy/actor/lib/test/auto/LevinsonDurbin2.xml
2 ms. Memory: 565248K Free: 337440K (60%)
----------------- Invoking toplevel() on ptolemy.moml.MoMLSimpleApplication@4efc4283
----------------- Done invoking toplevel() on ptolemy.moml.MoMLSimpleApplication@4efc4283
reloadAllAccessors: .LevinsonDurbin2

===========================================================================================
----------------- testing Fri Jun 21 04:45:19 UTC 2019 /home/travis/build/icyphy/ptII/ptolemy/actor/lib/test/auto/LevinsonDurbin3.xml
----------------- Instantiating /home/travis/build/icyphy/ptII/ptolemy/actor/lib/test/auto/LevinsonDurbin3.xml
2 ms. Memory: 565248K Free: 333344K (59%)
----------------- Invoking toplevel() on ptolemy.moml.MoMLSimpleApplication@38790f23
----------------- Done invoking toplevel() on ptolemy.moml.MoMLSimpleApplication@38790f23
reloadAllAccessors: .LevinsonDurbin3

===========================================================================================
----------------- testing Fri Jun 21 04:45:19 UTC 2019 /home/travis/build/icyphy/ptII/ptolemy/actor/lib/test/auto/Limiter.xml
----------------- Instantiating /home/travis/build/icyphy/ptII/ptolemy/actor/lib/test/auto/Limiter.xml
12 ms. Memory: 565248K Free: 324638K (57%)
----------------- Invoking toplevel() on ptolemy.moml.MoMLSimpleApplication@56ca1f53
----------------- Done invoking toplevel() on ptolemy.moml.MoMLSimpleApplication@56ca1f53
reloadAllAccessors: .Limiter

===========================================================================================
----------------- testing Fri Jun 21 04:45:19 UTC 2019 /home/travis/build/icyphy/ptII/ptolemy/actor/lib/test/auto/LinearDifferenceEquationSystem.xml
----------------- Instantiating /home/travis/build/icyphy/ptII/ptolemy/actor/lib/test/auto/LinearDifferenceEquationSystem.xml
16 ms. Memory: 565248K Free: 317470K (56%)
----------------- Invoking toplevel() on ptolemy.moml.MoMLSimpleApplication@60fa15cb
----------------- Done invoking toplevel() on ptolemy.moml.MoMLSimpleApplication@60fa15cb
reloadAllAccessors: .LinearDifferenceEquationSystem

===========================================================================================
----------------- testing Fri Jun 21 04:45:19 UTC 2019 /home/travis/build/icyphy/ptII/ptolemy/actor/lib/test/auto/LookupTable.xml
----------------- Instantiating /home/travis/build/icyphy/ptII/ptolemy/actor/lib/test/auto/LookupTable.xml
2 ms. Memory: 565248K Free: 312864K (55%)
----------------- Invoking toplevel() on ptolemy.moml.MoMLSimpleApplication@16e2851a
----------------- Done invoking toplevel() on ptolemy.moml.MoMLSimpleApplication@16e2851a
reloadAllAccessors: .LookupTable

===========================================================================================
----------------- testing Fri Jun 21 04:45:19 UTC 2019 /home/travis/build/icyphy/ptII/ptolemy/actor/lib/test/auto/MathFunction.xml
----------------- Instantiating /home/travis/build/icyphy/ptII/ptolemy/actor/lib/test/auto/MathFunction.xml
2 ms. Memory: 565248K Free: 305182K (54%)
----------------- Invoking toplevel() on ptolemy.moml.MoMLSimpleApplication@e437ac5
----------------- Done invoking toplevel() on ptolemy.moml.MoMLSimpleApplication@e437ac5
reloadAllAccessors: .MathFunction

===========================================================================================
----------------- testing Fri Jun 21 04:45:19 UTC 2019 /home/travis/build/icyphy/ptII/ptolemy/actor/lib/test/auto/MathFunction2.xml
----------------- Instantiating /home/travis/build/icyphy/ptII/ptolemy/actor/lib/test/auto/MathFunction2.xml
2 ms. Memory: 565248K Free: 301086K (53%)
----------------- Invoking toplevel() on ptolemy.moml.MoMLSimpleApplication@793243a7
----------------- Done invoking toplevel() on ptolemy.moml.MoMLSimpleApplication@793243a7
reloadAllAccessors: .MathFunction2

===========================================================================================
----------------- testing Fri Jun 21 04:45:19 UTC 2019 /home/travis/build/icyphy/ptII/ptolemy/actor/lib/test/auto/MathFunction3.xml
----------------- Instantiating /home/travis/build/icyphy/ptII/ptolemy/actor/lib/test/auto/MathFunction3.xml
2 ms. Memory: 565248K Free: 293918K (52%)
----------------- Invoking toplevel() on ptolemy.moml.MoMLSimpleApplication@223d24ef
----------------- Done invoking toplevel() on ptolemy.moml.MoMLSimpleApplication@223d24ef
reloadAllAccessors: .MathFunction3

===========================================================================================
----------------- testing Fri Jun 21 04:45:19 UTC 2019 /home/travis/build/icyphy/ptII/ptolemy/actor/lib/test/auto/MatrixCropBoolean.xml
----------------- Instantiating /home/travis/build/icyphy/ptII/ptolemy/actor/lib/test/auto/MatrixCropBoolean.xml
2 ms. Memory: 565248K Free: 288783K (51%)
----------------- Invoking toplevel() on ptolemy.moml.MoMLSimpleApplication@3f32f3c
----------------- Done invoking toplevel() on ptolemy.moml.MoMLSimpleApplication@3f32f3c
reloadAllAccessors: .MatrixCropBoolean

===========================================================================================
----------------- testing Fri Jun 21 04:45:19 UTC 2019 /home/travis/build/icyphy/ptII/ptolemy/actor/lib/test/auto/MatrixCropComplex.xml
----------------- Instantiating /home/travis/build/icyphy/ptII/ptolemy/actor/lib/test/auto/MatrixCropComplex.xml
2 ms. Memory: 565248K Free: 284192K (50%)
----------------- Invoking toplevel() on ptolemy.moml.MoMLSimpleApplication@31c9359a
----------------- Done invoking toplevel() on ptolemy.moml.MoMLSimpleApplication@31c9359a
reloadAllAccessors: .MatrixCropComplex

===========================================================================================
----------------- testing Fri Jun 21 04:45:19 UTC 2019 /home/travis/build/icyphy/ptII/ptolemy/actor/lib/test/auto/MatrixCropDouble.xml
----------------- Instantiating /home/travis/build/icyphy/ptII/ptolemy/actor/lib/test/auto/MatrixCropDouble.xml
3 ms. Memory: 565248K Free: 279551K (49%)
----------------- Invoking toplevel() on ptolemy.moml.MoMLSimpleApplication@3a801c5e
----------------- Done invoking toplevel() on ptolemy.moml.MoMLSimpleApplication@3a801c5e
reloadAllAccessors: .MatrixCropDouble

===========================================================================================
----------------- testing Fri Jun 21 04:45:19 UTC 2019 /home/travis/build/icyphy/ptII/ptolemy/actor/lib/test/auto/MatrixCropFix.xml
----------------- Instantiating /home/travis/build/icyphy/ptII/ptolemy/actor/lib/test/auto/MatrixCropFix.xml
4 ms. Memory: 565248K Free: 274431K (49%)
----------------- Invoking toplevel() on ptolemy.moml.MoMLSimpleApplication@2833dbff
----------------- Done invoking toplevel() on ptolemy.moml.MoMLSimpleApplication@2833dbff
reloadAllAccessors: .MatrixCropFix

===========================================================================================
----------------- testing Fri Jun 21 04:45:19 UTC 2019 /home/travis/build/icyphy/ptII/ptolemy/actor/lib/test/auto/MatrixCropInt.xml
----------------- Instantiating /home/travis/build/icyphy/ptII/ptolemy/actor/lib/test/auto/MatrixCropInt.xml
3 ms. Memory: 565248K Free: 269327K (48%)
----------------- Invoking toplevel() on ptolemy.moml.MoMLSimpleApplication@24dd6042
----------------- Done invoking toplevel() on ptolemy.moml.MoMLSimpleApplication@24dd6042
reloadAllAccessors: .MatrixCropInt

===========================================================================================
----------------- testing Fri Jun 21 04:45:19 UTC 2019 /home/travis/build/icyphy/ptII/ptolemy/actor/lib/test/auto/MatrixCropLong.xml
----------------- Instantiating /home/travis/build/icyphy/ptII/ptolemy/actor/lib/test/auto/MatrixCropLong.xml
3 ms. Memory: 565248K Free: 264736K (47%)
----------------- Invoking toplevel() on ptolemy.moml.MoMLSimpleApplication@3a3147fd
----------------- Done invoking toplevel() on ptolemy.moml.MoMLSimpleApplication@3a3147fd
reloadAllAccessors: .MatrixCropLong

===========================================================================================
----------------- testing Fri Jun 21 04:45:19 UTC 2019 /home/travis/build/icyphy/ptII/ptolemy/actor/lib/test/auto/MatrixToArray.xml
----------------- Instantiating /home/travis/build/icyphy/ptII/ptolemy/actor/lib/test/auto/MatrixToArray.xml
6 ms. Memory: 565248K Free: 250400K (44%)
----------------- Invoking toplevel() on ptolemy.moml.MoMLSimpleApplication@1144a6e5
----------------- Done invoking toplevel() on ptolemy.moml.MoMLSimpleApplication@1144a6e5
reloadAllAccessors: .MatrixToArray

===========================================================================================
----------------- testing Fri Jun 21 04:45:19 UTC 2019 /home/travis/build/icyphy/ptII/ptolemy/actor/lib/test/auto/MaxIndex.xml
----------------- Instantiating /home/travis/build/icyphy/ptII/ptolemy/actor/lib/test/auto/MaxIndex.xml
3 ms. Memory: 565248K Free: 245280K (43%)
----------------- Invoking toplevel() on ptolemy.moml.MoMLSimpleApplication@13983737
----------------- Done invoking toplevel() on ptolemy.moml.MoMLSimpleApplication@13983737
reloadAllAccessors: .MaxIndex

===========================================================================================
----------------- testing Fri Jun 21 04:45:19 UTC 2019 /home/travis/build/icyphy/ptII/ptolemy/actor/lib/test/auto/Maximum.xml
----------------- Instantiating /home/travis/build/icyphy/ptII/ptolemy/actor/lib/test/auto/Maximum.xml
6 ms. Memory: 565248K Free: 238591K (42%)
----------------- Invoking toplevel() on ptolemy.moml.MoMLSimpleApplication@68f00239
----------------- Done invoking toplevel() on ptolemy.moml.MoMLSimpleApplication@68f00239
reloadAllAccessors: .Maximum

===========================================================================================
----------------- testing Fri Jun 21 04:45:19 UTC 2019 /home/travis/build/icyphy/ptII/ptolemy/actor/lib/test/auto/MaximumComplex.xml
----------------- Instantiating /home/travis/build/icyphy/ptII/ptolemy/actor/lib/test/auto/MaximumComplex.xml
5 ms. Memory: 565248K Free: 232447K (41%)
----------------- Invoking toplevel() on ptolemy.moml.MoMLSimpleApplication@5ab1c1ab
----------------- Done invoking toplevel() on ptolemy.moml.MoMLSimpleApplication@5ab1c1ab
reloadAllAccessors: .MaximumComplex

===========================================================================================
----------------- testing Fri Jun 21 04:45:19 UTC 2019 /home/travis/build/icyphy/ptII/ptolemy/actor/lib/test/auto/MethodCallTest.xml
----------------- Instantiating /home/travis/build/icyphy/ptII/ptolemy/actor/lib/test/auto/MethodCallTest.xml
3 ms. Memory: 565248K Free: 226334K (40%)
----------------- Invoking toplevel() on ptolemy.moml.MoMLSimpleApplication@2cd30953
----------------- Done invoking toplevel() on ptolemy.moml.MoMLSimpleApplication@2cd30953
reloadAllAccessors: .MethodCallTest

===========================================================================================
----------------- testing Fri Jun 21 04:45:19 UTC 2019 /home/travis/build/icyphy/ptII/ptolemy/actor/lib/test/auto/Minimum.xml
----------------- Instantiating /home/travis/build/icyphy/ptII/ptolemy/actor/lib/test/auto/Minimum.xml
2 ms. Memory: 565248K Free: 220190K (39%)
----------------- Invoking toplevel() on ptolemy.moml.MoMLSimpleApplication@6538035e
----------------- Done invoking toplevel() on ptolemy.moml.MoMLSimpleApplication@6538035e
reloadAllAccessors: .Minimum

===========================================================================================
----------------- testing Fri Jun 21 04:45:19 UTC 2019 /home/travis/build/icyphy/ptII/ptolemy/actor/lib/test/auto/MinimumComplex.xml
----------------- Instantiating /home/travis/build/icyphy/ptII/ptolemy/actor/lib/test/auto/MinimumComplex.xml
3 ms. Memory: 565248K Free: 214046K (38%)
----------------- Invoking toplevel() on ptolemy.moml.MoMLSimpleApplication@81bfbb1
----------------- Done invoking toplevel() on ptolemy.moml.MoMLSimpleApplication@81bfbb1
reloadAllAccessors: .MinimumComplex

===========================================================================================
----------------- testing Fri Jun 21 04:45:19 UTC 2019 /home/travis/build/icyphy/ptII/ptolemy/actor/lib/test/auto/MinimumMultiports.xml
----------------- Instantiating /home/travis/build/icyphy/ptII/ptolemy/actor/lib/test/auto/MinimumMultiports.xml
5 ms. Memory: 565248K Free: 205344K (36%)
----------------- Invoking toplevel() on ptolemy.moml.MoMLSimpleApplication@2d60cffc
----------------- Done invoking toplevel() on ptolemy.moml.MoMLSimpleApplication@2d60cffc
reloadAllAccessors: .MinimumMultiports

===========================================================================================
----------------- testing Fri Jun 21 04:45:19 UTC 2019 /home/travis/build/icyphy/ptII/ptolemy/actor/lib/test/auto/ModifyDate.xml
----------------- Instantiating /home/travis/build/icyphy/ptII/ptolemy/actor/lib/test/auto/ModifyDate.xml
12 ms. Memory: 565248K Free: 192542K (34%)
----------------- Invoking toplevel() on ptolemy.moml.MoMLSimpleApplication@19c478ec
----------------- Done invoking toplevel() on ptolemy.moml.MoMLSimpleApplication@19c478ec
reloadAllAccessors: .ModifyDate

===========================================================================================
----------------- testing Fri Jun 21 04:45:19 UTC 2019 /home/travis/build/icyphy/ptII/ptolemy/actor/lib/test/auto/ModifyDate2.xml
----------------- Instantiating /home/travis/build/icyphy/ptII/ptolemy/actor/lib/test/auto/ModifyDate2.xml
3 ms. Memory: 565248K Free: 515616K (91%)
----------------- Invoking toplevel() on ptolemy.moml.MoMLSimpleApplication@5700eefd
----------------- Done invoking toplevel() on ptolemy.moml.MoMLSimpleApplication@5700eefd
reloadAllAccessors: .ModifyDate2

===========================================================================================
----------------- testing Fri Jun 21 04:45:19 UTC 2019 /home/travis/build/icyphy/ptII/ptolemy/actor/lib/test/auto/MovingAverage.xml
----------------- Instantiating /home/travis/build/icyphy/ptII/ptolemy/actor/lib/test/auto/MovingAverage.xml
2 ms. Memory: 565248K Free: 510496K (90%)
----------------- Invoking toplevel() on ptolemy.moml.MoMLSimpleApplication@2f646e58
----------------- Done invoking toplevel() on ptolemy.moml.MoMLSimpleApplication@2f646e58
reloadAllAccessors: .MovingAverage

===========================================================================================
----------------- testing Fri Jun 21 04:45:19 UTC 2019 /home/travis/build/icyphy/ptII/ptolemy/actor/lib/test/auto/MovingMaximum.xml
----------------- Instantiating /home/travis/build/icyphy/ptII/ptolemy/actor/lib/test/auto/MovingMaximum.xml
2 ms. Memory: 565248K Free: 505886K (89%)
----------------- Invoking toplevel() on ptolemy.moml.MoMLSimpleApplication@28860645
----------------- Done invoking toplevel() on ptolemy.moml.MoMLSimpleApplication@28860645
reloadAllAccessors: .MovingMaximum

===========================================================================================
----------------- testing Fri Jun 21 04:45:19 UTC 2019 /home/travis/build/icyphy/ptII/ptolemy/actor/lib/test/auto/MultipleLinksToSameRelation.xml
----------------- Instantiating /home/travis/build/icyphy/ptII/ptolemy/actor/lib/test/auto/MultipleLinksToSameRelation.xml
5 ms. Memory: 565248K Free: 501790K (89%)
----------------- Invoking toplevel() on ptolemy.moml.MoMLSimpleApplication@128176ba
----------------- Done invoking toplevel() on ptolemy.moml.MoMLSimpleApplication@128176ba
reloadAllAccessors: .MultipleLinksToSameRelation

===========================================================================================
----------------- testing Fri Jun 21 04:45:19 UTC 2019 /home/travis/build/icyphy/ptII/ptolemy/actor/lib/test/auto/MultipleLinksToSameRelationDE.xml
----------------- Instantiating /home/travis/build/icyphy/ptII/ptolemy/actor/lib/test/auto/MultipleLinksToSameRelationDE.xml
11 ms. Memory: 565248K Free: 497184K (88%)
----------------- Invoking toplevel() on ptolemy.moml.MoMLSimpleApplication@651a212
----------------- Done invoking toplevel() on ptolemy.moml.MoMLSimpleApplication@651a212
reloadAllAccessors: .MultipleLinksToSameRelationDE

===========================================================================================
----------------- testing Fri Jun 21 04:45:19 UTC 2019 /home/travis/build/icyphy/ptII/ptolemy/actor/lib/test/auto/Multiplexor.xml
----------------- Instantiating /home/travis/build/icyphy/ptII/ptolemy/actor/lib/test/auto/Multiplexor.xml
2 ms. Memory: 565248K Free: 492064K (87%)
----------------- Invoking toplevel() on ptolemy.moml.MoMLSimpleApplication@7c2070fa
----------------- Done invoking toplevel() on ptolemy.moml.MoMLSimpleApplication@7c2070fa
reloadAllAccessors: .Multiplexor

===========================================================================================
----------------- testing Fri Jun 21 04:45:19 UTC 2019 /home/travis/build/icyphy/ptII/ptolemy/actor/lib/test/auto/Multiplexor1.xml
----------------- Instantiating /home/travis/build/icyphy/ptII/ptolemy/actor/lib/test/auto/Multiplexor1.xml
2 ms. Memory: 565248K Free: 486415K (86%)
----------------- Invoking toplevel() on ptolemy.moml.MoMLSimpleApplication@47994e77
----------------- Done invoking toplevel() on ptolemy.moml.MoMLSimpleApplication@47994e77
reloadAllAccessors: .Multiplexor1

===========================================================================================
----------------- testing Fri Jun 21 04:45:19 UTC 2019 /home/travis/build/icyphy/ptII/ptolemy/actor/lib/test/auto/Multiplexor2.xml
----------------- Instantiating /home/travis/build/icyphy/ptII/ptolemy/actor/lib/test/auto/Multiplexor2.xml
7 ms. Memory: 565248K Free: 479774K (85%)
----------------- Invoking toplevel() on ptolemy.moml.MoMLSimpleApplication@5afd67ae
----------------- Done invoking toplevel() on ptolemy.moml.MoMLSimpleApplication@5afd67ae
reloadAllAccessors: .Multiplexor2

===========================================================================================
----------------- testing Fri Jun 21 04:45:19 UTC 2019 /home/travis/build/icyphy/ptII/ptolemy/actor/lib/test/auto/Multiplexor3.xml
----------------- Instantiating /home/travis/build/icyphy/ptII/ptolemy/actor/lib/test/auto/Multiplexor3.xml
3 ms. Memory: 565248K Free: 475680K (84%)
----------------- Invoking toplevel() on ptolemy.moml.MoMLSimpleApplication@c984aac
----------------- Done invoking toplevel() on ptolemy.moml.MoMLSimpleApplication@c984aac
reloadAllAccessors: .Multiplexor3

===========================================================================================
----------------- testing Fri Jun 21 04:45:19 UTC 2019 /home/travis/build/icyphy/ptII/ptolemy/actor/lib/test/auto/MultiplexorDE.xml
----------------- Instantiating /home/travis/build/icyphy/ptII/ptolemy/actor/lib/test/auto/MultiplexorDE.xml
2 ms. Memory: 565248K Free: 467967K (83%)
----------------- Invoking toplevel() on ptolemy.moml.MoMLSimpleApplication@6f4ad47b
----------------- Done invoking toplevel() on ptolemy.moml.MoMLSimpleApplication@6f4ad47b
reloadAllAccessors: .MultiplexorDE

===========================================================================================
----------------- testing Fri Jun 21 04:45:19 UTC 2019 /home/travis/build/icyphy/ptII/ptolemy/actor/lib/test/auto/MultiportBroadcastTest.xml
----------------- Instantiating /home/travis/build/icyphy/ptII/ptolemy/actor/lib/test/auto/MultiportBroadcastTest.xml
104 ms. Memory: 565248K Free: 462368K (82%)
----------------- Invoking toplevel() on ptolemy.moml.MoMLSimpleApplication@76c8bae7
----------------- Done invoking toplevel() on ptolemy.moml.MoMLSimpleApplication@76c8bae7
reloadAllAccessors: .MultiportBroadcastTest

===========================================================================================
----------------- testing Fri Jun 21 04:45:20 UTC 2019 /home/travis/build/icyphy/ptII/ptolemy/actor/lib/test/auto/MultiportOutHangDuringGetWidth.xml
----------------- Instantiating /home/travis/build/icyphy/ptII/ptolemy/actor/lib/test/auto/MultiportOutHangDuringGetWidth.xml
5 ms. Memory: 565248K Free: 450575K (80%)
----------------- Invoking toplevel() on ptolemy.moml.MoMLSimpleApplication@ba5384a
----------------- Done invoking toplevel() on ptolemy.moml.MoMLSimpleApplication@ba5384a
reloadAllAccessors: .MultiportOutHangDuringGetWidth

===========================================================================================
----------------- testing Fri Jun 21 04:45:20 UTC 2019 /home/travis/build/icyphy/ptII/ptolemy/actor/lib/test/auto/NilToken.xml
----------------- Instantiating /home/travis/build/icyphy/ptII/ptolemy/actor/lib/test/auto/NilToken.xml
1 ms. Memory: 565248K Free: 446494K (79%)
----------------- Invoking toplevel() on ptolemy.moml.MoMLSimpleApplication@1f1623ee
----------------- Done invoking toplevel() on ptolemy.moml.MoMLSimpleApplication@1f1623ee
reloadAllAccessors: .NilToken

===========================================================================================
----------------- testing Fri Jun 21 04:45:20 UTC 2019 /home/travis/build/icyphy/ptII/ptolemy/actor/lib/test/auto/NilTokenNonStrictTest.xml
----------------- Instantiating /home/travis/build/icyphy/ptII/ptolemy/actor/lib/test/auto/NilTokenNonStrictTest.xml
1 ms. Memory: 565248K Free: 441374K (78%)
----------------- Invoking toplevel() on ptolemy.moml.MoMLSimpleApplication@1f769f
----------------- Done invoking toplevel() on ptolemy.moml.MoMLSimpleApplication@1f769f
reloadAllAccessors: .NilTokenNonStrictTest

===========================================================================================
----------------- testing Fri Jun 21 04:45:20 UTC 2019 /home/travis/build/icyphy/ptII/ptolemy/actor/lib/test/auto/NilTokenRecord.xml
----------------- Instantiating /home/travis/build/icyphy/ptII/ptolemy/actor/lib/test/auto/NilTokenRecord.xml
12 ms. Memory: 565248K Free: 434720K (77%)
----------------- Invoking toplevel() on ptolemy.moml.MoMLSimpleApplication@20cdfad
----------------- Done invoking toplevel() on ptolemy.moml.MoMLSimpleApplication@20cdfad
reloadAllAccessors: .NilTokenRecord

===========================================================================================
----------------- testing Fri Jun 21 04:45:20 UTC 2019 /home/travis/build/icyphy/ptII/ptolemy/actor/lib/test/auto/NilTokenTypeTest.xml
----------------- Instantiating /home/travis/build/icyphy/ptII/ptolemy/actor/lib/test/auto/NilTokenTypeTest.xml
7 ms. Memory: 565248K Free: 424990K (75%)
----------------- Invoking toplevel() on ptolemy.moml.MoMLSimpleApplication@73a7f36
----------------- Done invoking toplevel() on ptolemy.moml.MoMLSimpleApplication@73a7f36
reloadAllAccessors: .NilTokenTypeTest

===========================================================================================
----------------- testing Fri Jun 21 04:45:20 UTC 2019 /home/travis/build/icyphy/ptII/ptolemy/actor/lib/test/auto/ObjectToken1.xml
----------------- Instantiating /home/travis/build/icyphy/ptII/ptolemy/actor/lib/test/auto/ObjectToken1.xml
3 ms. Memory: 565248K Free: 421408K (75%)
----------------- Invoking toplevel() on ptolemy.moml.MoMLSimpleApplication@583a1b78
----------------- Done invoking toplevel() on ptolemy.moml.MoMLSimpleApplication@583a1b78
reloadAllAccessors: .ObjectToken1

===========================================================================================
----------------- testing Fri Jun 21 04:45:20 UTC 2019 /home/travis/build/icyphy/ptII/ptolemy/actor/lib/test/auto/OrderedMerge.xml
----------------- Instantiating /home/travis/build/icyphy/ptII/ptolemy/actor/lib/test/auto/OrderedMerge.xml
5 ms. Memory: 565248K Free: 415774K (74%)
----------------- Invoking toplevel() on ptolemy.moml.MoMLSimpleApplication@7a5949e1
----------------- Done invoking toplevel() on ptolemy.moml.MoMLSimpleApplication@7a5949e1
reloadAllAccessors: .OrderedMerge

===========================================================================================
----------------- testing Fri Jun 21 04:45:20 UTC 2019 /home/travis/build/icyphy/ptII/ptolemy/actor/lib/test/auto/OrderedRecordDisassembler.xml
----------------- Instantiating /home/travis/build/icyphy/ptII/ptolemy/actor/lib/test/auto/OrderedRecordDisassembler.xml
3 ms. Memory: 565248K Free: 410639K (73%)
----------------- Invoking toplevel() on ptolemy.moml.MoMLSimpleApplication@5429f9be
----------------- Done invoking toplevel() on ptolemy.moml.MoMLSimpleApplication@5429f9be
reloadAllAccessors: .OrderedRecordDisassembler

===========================================================================================
----------------- testing Fri Jun 21 04:45:20 UTC 2019 /home/travis/build/icyphy/ptII/ptolemy/actor/lib/test/auto/OrderedRecordDisassembler2.xml
----------------- Instantiating /home/travis/build/icyphy/ptII/ptolemy/actor/lib/test/auto/OrderedRecordDisassembler2.xml
4 ms. Memory: 565248K Free: 402976K (71%)
----------------- Invoking toplevel() on ptolemy.moml.MoMLSimpleApplication@2e94182e
----------------- Done invoking toplevel() on ptolemy.moml.MoMLSimpleApplication@2e94182e
reloadAllAccessors: .OrderedRecordDisassembler2

===========================================================================================
----------------- testing Fri Jun 21 04:45:20 UTC 2019 /home/travis/build/icyphy/ptII/ptolemy/actor/lib/test/auto/OrderedRecordUpdater.xml
----------------- Instantiating /home/travis/build/icyphy/ptII/ptolemy/actor/lib/test/auto/OrderedRecordUpdater.xml
2 ms. Memory: 565248K Free: 398366K (70%)
----------------- Invoking toplevel() on ptolemy.moml.MoMLSimpleApplication@65832b9e
----------------- Done invoking toplevel() on ptolemy.moml.MoMLSimpleApplication@65832b9e
reloadAllAccessors: .RecordUpdater

===========================================================================================
----------------- testing Fri Jun 21 04:45:20 UTC 2019 /home/travis/build/icyphy/ptII/ptolemy/actor/lib/test/auto/OrderedRecordUpdater2.xml
----------------- Instantiating /home/travis/build/icyphy/ptII/ptolemy/actor/lib/test/auto/OrderedRecordUpdater2.xml
3 ms. Memory: 565248K Free: 393246K (70%)
----------------- Invoking toplevel() on ptolemy.moml.MoMLSimpleApplication@5d96bf02
----------------- Done invoking toplevel() on ptolemy.moml.MoMLSimpleApplication@5d96bf02
reloadAllAccessors: .RecordUpdater2

===========================================================================================
----------------- testing Fri Jun 21 04:45:20 UTC 2019 /home/travis/build/icyphy/ptII/ptolemy/actor/lib/test/auto/PhaseUnwrap.xml
----------------- Instantiating /home/travis/build/icyphy/ptII/ptolemy/actor/lib/test/auto/PhaseUnwrap.xml
1 ms. Memory: 565248K Free: 389150K (69%)
----------------- Invoking toplevel() on ptolemy.moml.MoMLSimpleApplication@70ebb93e
----------------- Done invoking toplevel() on ptolemy.moml.MoMLSimpleApplication@70ebb93e
reloadAllAccessors: .PhaseUnwrap

===========================================================================================
----------------- testing Fri Jun 21 04:45:20 UTC 2019 /home/travis/build/icyphy/ptII/ptolemy/actor/lib/test/auto/PoissonClock.xml
----------------- Instantiating /home/travis/build/icyphy/ptII/ptolemy/actor/lib/test/auto/PoissonClock.xml
1 ms. Memory: 565248K Free: 385054K (68%)
----------------- Invoking toplevel() on ptolemy.moml.MoMLSimpleApplication@a87346f
----------------- Done invoking toplevel() on ptolemy.moml.MoMLSimpleApplication@a87346f
reloadAllAccessors: .PoissonClock

===========================================================================================
----------------- testing Fri Jun 21 04:45:20 UTC 2019 /home/travis/build/icyphy/ptII/ptolemy/actor/lib/test/auto/PoissonClock2.xml
----------------- Instantiating /home/travis/build/icyphy/ptII/ptolemy/actor/lib/test/auto/PoissonClock2.xml
2 ms. Memory: 565248K Free: 380448K (67%)
----------------- Invoking toplevel() on ptolemy.moml.MoMLSimpleApplication@6ca83f85
----------------- Done invoking toplevel() on ptolemy.moml.MoMLSimpleApplication@6ca83f85
reloadAllAccessors: .PoissonClock2

===========================================================================================
----------------- testing Fri Jun 21 04:45:20 UTC 2019 /home/travis/build/icyphy/ptII/ptolemy/actor/lib/test/auto/PoissonClock3.xml
----------------- Instantiating /home/travis/build/icyphy/ptII/ptolemy/actor/lib/test/auto/PoissonClock3.xml
1 ms. Memory: 565248K Free: 375838K (66%)
----------------- Invoking toplevel() on ptolemy.moml.MoMLSimpleApplication@6073d885
----------------- Done invoking toplevel() on ptolemy.moml.MoMLSimpleApplication@6073d885
reloadAllAccessors: .PoissonClock3

===========================================================================================
----------------- testing Fri Jun 21 04:45:20 UTC 2019 /home/travis/build/icyphy/ptII/ptolemy/actor/lib/test/auto/PubSubWithInitialTokens.xml
----------------- Instantiating /home/travis/build/icyphy/ptII/ptolemy/actor/lib/test/auto/PubSubWithInitialTokens.xml
2 ms. Memory: 565248K Free: 370208K (65%)
----------------- Invoking toplevel() on ptolemy.moml.MoMLSimpleApplication@ddc8fba
----------------- Done invoking toplevel() on ptolemy.moml.MoMLSimpleApplication@ddc8fba
reloadAllAccessors: .PubSubWithInitialTokens

===========================================================================================
----------------- testing Fri Jun 21 04:45:20 UTC 2019 /home/travis/build/icyphy/ptII/ptolemy/actor/lib/test/auto/PubSubWithInitialTokens2.xml
----------------- Instantiating /home/travis/build/icyphy/ptII/ptolemy/actor/lib/test/auto/PubSubWithInitialTokens2.xml
2 ms. Memory: 565248K Free: 364064K (64%)
----------------- Invoking toplevel() on ptolemy.moml.MoMLSimpleApplication@7893f55f
----------------- Done invoking toplevel() on ptolemy.moml.MoMLSimpleApplication@7893f55f
reloadAllAccessors: .PubSubWithInitialTokens2

===========================================================================================
----------------- testing Fri Jun 21 04:45:20 UTC 2019 /home/travis/build/icyphy/ptII/ptolemy/actor/lib/test/auto/PublisherClassNoParameter.xml
----------------- Instantiating /home/travis/build/icyphy/ptII/ptolemy/actor/lib/test/auto/PublisherClassNoParameter.xml
2 ms. Memory: 565248K Free: 354334K (63%)
----------------- Invoking toplevel() on ptolemy.moml.MoMLSimpleApplication@481dc6c3
----------------- Done invoking toplevel() on ptolemy.moml.MoMLSimpleApplication@481dc6c3
reloadAllAccessors: .PublisherClassNoParameter

===========================================================================================
----------------- testing Fri Jun 21 04:45:20 UTC 2019 /home/travis/build/icyphy/ptII/ptolemy/actor/lib/test/auto/PublisherClassParameter.xml
----------------- Instantiating /home/travis/build/icyphy/ptII/ptolemy/actor/lib/test/auto/PublisherClassParameter.xml
3 ms. Memory: 565248K Free: 344608K (61%)
----------------- Invoking toplevel() on ptolemy.moml.MoMLSimpleApplication@11c156d2
----------------- Done invoking toplevel() on ptolemy.moml.MoMLSimpleApplication@11c156d2
reloadAllAccessors: .PublisherClassParameter

===========================================================================================
----------------- testing Fri Jun 21 04:45:20 UTC 2019 /home/travis/build/icyphy/ptII/ptolemy/actor/lib/test/auto/PublisherNonStrictTest.xml
----------------- Instantiating /home/travis/build/icyphy/ptII/ptolemy/actor/lib/test/auto/PublisherNonStrictTest.xml
3 ms. Memory: 565248K Free: 336919K (60%)
----------------- Invoking toplevel() on ptolemy.moml.MoMLSimpleApplication@18828894
----------------- Done invoking toplevel() on ptolemy.moml.MoMLSimpleApplication@18828894
reloadAllAccessors: .PublisherNonStrictTest

===========================================================================================
----------------- testing Fri Jun 21 04:45:20 UTC 2019 /home/travis/build/icyphy/ptII/ptolemy/actor/lib/test/auto/PublisherPort1.xml
----------------- Instantiating /home/travis/build/icyphy/ptII/ptolemy/actor/lib/test/auto/PublisherPort1.xml
2 ms. Memory: 565248K Free: 331296K (59%)
----------------- Invoking toplevel() on ptolemy.moml.MoMLSimpleApplication@2e788186
----------------- Done invoking toplevel() on ptolemy.moml.MoMLSimpleApplication@2e788186
reloadAllAccessors: .PublisherPort1

===========================================================================================
----------------- testing Fri Jun 21 04:45:20 UTC 2019 /home/travis/build/icyphy/ptII/ptolemy/actor/lib/test/auto/PublisherPort2.xml
----------------- Instantiating /home/travis/build/icyphy/ptII/ptolemy/actor/lib/test/auto/PublisherPort2.xml
8 ms. Memory: 565248K Free: 326176K (58%)
----------------- Invoking toplevel() on ptolemy.moml.MoMLSimpleApplication@10b554d9
----------------- Done invoking toplevel() on ptolemy.moml.MoMLSimpleApplication@10b554d9
reloadAllAccessors: .PublisherPort2

===========================================================================================
----------------- testing Fri Jun 21 04:45:20 UTC 2019 /home/travis/build/icyphy/ptII/ptolemy/actor/lib/test/auto/PublisherPort3.xml
----------------- Instantiating /home/travis/build/icyphy/ptII/ptolemy/actor/lib/test/auto/PublisherPort3.xml
4 ms. Memory: 565248K Free: 319487K (57%)
----------------- Invoking toplevel() on ptolemy.moml.MoMLSimpleApplication@58cf460e
----------------- Done invoking toplevel() on ptolemy.moml.MoMLSimpleApplication@58cf460e
reloadAllAccessors: .PublisherPort3

===========================================================================================
----------------- testing Fri Jun 21 04:45:20 UTC 2019 /home/travis/build/icyphy/ptII/ptolemy/actor/lib/test/auto/PublisherPort4.xml
----------------- Instantiating /home/travis/build/icyphy/ptII/ptolemy/actor/lib/test/auto/PublisherPort4.xml
3 ms. Memory: 565248K Free: 313888K (56%)
----------------- Invoking toplevel() on ptolemy.moml.MoMLSimpleApplication@5e0d0c02
----------------- Done invoking toplevel() on ptolemy.moml.MoMLSimpleApplication@5e0d0c02
reloadAllAccessors: .PublisherPort4

===========================================================================================
----------------- testing Fri Jun 21 04:45:20 UTC 2019 /home/travis/build/icyphy/ptII/ptolemy/actor/lib/test/auto/PublisherPort5.xml
----------------- Instantiating /home/travis/build/icyphy/ptII/ptolemy/actor/lib/test/auto/PublisherPort5.xml
11 ms. Memory: 565248K Free: 306206K (54%)
----------------- Invoking toplevel() on ptolemy.moml.MoMLSimpleApplication@38d860f0
----------------- Done invoking toplevel() on ptolemy.moml.MoMLSimpleApplication@38d860f0
reloadAllAccessors: .PublisherPort5

===========================================================================================
----------------- testing Fri Jun 21 04:45:20 UTC 2019 /home/travis/build/icyphy/ptII/ptolemy/actor/lib/test/auto/PublisherPort5LookAlike.xml
----------------- Instantiating /home/travis/build/icyphy/ptII/ptolemy/actor/lib/test/auto/PublisherPort5LookAlike.xml
9 ms. Memory: 565248K Free: 299031K (53%)
----------------- Invoking toplevel() on ptolemy.moml.MoMLSimpleApplication@752e15e9
----------------- Done invoking toplevel() on ptolemy.moml.MoMLSimpleApplication@752e15e9
reloadAllAccessors: .PublisherPort5LookAlike

===========================================================================================
----------------- testing Fri Jun 21 04:45:20 UTC 2019 /home/travis/build/icyphy/ptII/ptolemy/actor/lib/test/auto/PublisherPort6.xml
----------------- Instantiating /home/travis/build/icyphy/ptII/ptolemy/actor/lib/test/auto/PublisherPort6.xml
3 ms. Memory: 565248K Free: 292384K (52%)
----------------- Invoking toplevel() on ptolemy.moml.MoMLSimpleApplication@72f5d0ab
----------------- Done invoking toplevel() on ptolemy.moml.MoMLSimpleApplication@72f5d0ab
reloadAllAccessors: .PublisherPort6

===========================================================================================
----------------- testing Fri Jun 21 04:45:20 UTC 2019 /home/travis/build/icyphy/ptII/ptolemy/actor/lib/test/auto/PublisherPort7.xml
----------------- Instantiating /home/travis/build/icyphy/ptII/ptolemy/actor/lib/test/auto/PublisherPort7.xml
4 ms. Memory: 565248K Free: 284702K (50%)
----------------- Invoking toplevel() on ptolemy.moml.MoMLSimpleApplication@7ed9eede
----------------- Done invoking toplevel() on ptolemy.moml.MoMLSimpleApplication@7ed9eede
reloadAllAccessors: .PublisherPort7

===========================================================================================
----------------- testing Fri Jun 21 04:45:20 UTC 2019 /home/travis/build/icyphy/ptII/ptolemy/actor/lib/test/auto/PublisherPort8.xml
----------------- Instantiating /home/travis/build/icyphy/ptII/ptolemy/actor/lib/test/auto/PublisherPort8.xml
4 ms. Memory: 565248K Free: 276000K (49%)
----------------- Invoking toplevel() on ptolemy.moml.MoMLSimpleApplication@815daa9
----------------- Done invoking toplevel() on ptolemy.moml.MoMLSimpleApplication@815daa9
reloadAllAccessors: .PublisherPort8

===========================================================================================
----------------- testing Fri Jun 21 04:45:20 UTC 2019 /home/travis/build/icyphy/ptII/ptolemy/actor/lib/test/auto/PublisherPortSubscriberChannelVariablesAOC2.xml
----------------- Instantiating /home/travis/build/icyphy/ptII/ptolemy/actor/lib/test/auto/PublisherPortSubscriberChannelVariablesAOC2.xml
8 ms. Memory: 565248K Free: 259102K (46%)
----------------- Invoking toplevel() on ptolemy.moml.MoMLSimpleApplication@878bf5e
----------------- Done invoking toplevel() on ptolemy.moml.MoMLSimpleApplication@878bf5e
reloadAllAccessors: .PublisherPortSubscriberChannelVariablesAOC2

===========================================================================================
----------------- testing Fri Jun 21 04:45:20 UTC 2019 /home/travis/build/icyphy/ptII/ptolemy/actor/lib/test/auto/PublisherPortSubscriberOpaqueWidthInference.xml
----------------- Instantiating /home/travis/build/icyphy/ptII/ptolemy/actor/lib/test/auto/PublisherPortSubscriberOpaqueWidthInference.xml
4 ms. Memory: 565248K Free: 251424K (44%)
----------------- Invoking toplevel() on ptolemy.moml.MoMLSimpleApplication@6f4d7b33
----------------- Done invoking toplevel() on ptolemy.moml.MoMLSimpleApplication@6f4d7b33
reloadAllAccessors: .PublisherPortSubscriberOpaqueWidthInference

===========================================================================================
----------------- testing Fri Jun 21 04:45:20 UTC 2019 /home/travis/build/icyphy/ptII/ptolemy/actor/lib/test/auto/PublisherPortSubscriberPortAdjacent.xml
----------------- Instantiating /home/travis/build/icyphy/ptII/ptolemy/actor/lib/test/auto/PublisherPortSubscriberPortAdjacent.xml
7 ms. Memory: 565248K Free: 243232K (43%)
----------------- Invoking toplevel() on ptolemy.moml.MoMLSimpleApplication@4326f763
----------------- Done invoking toplevel() on ptolemy.moml.MoMLSimpleApplication@4326f763
reloadAllAccessors: .PublisherPortSubscriberPortAdjacent

===========================================================================================
----------------- testing Fri Jun 21 04:45:20 UTC 2019 /home/travis/build/icyphy/ptII/ptolemy/actor/lib/test/auto/PublisherPortSubscriberPortExpression.xml
----------------- Instantiating /home/travis/build/icyphy/ptII/ptolemy/actor/lib/test/auto/PublisherPortSubscriberPortExpression.xml
5 ms. Memory: 565248K Free: 235535K (42%)
----------------- Invoking toplevel() on ptolemy.moml.MoMLSimpleApplication@5a5880a0
----------------- Done invoking toplevel() on ptolemy.moml.MoMLSimpleApplication@5a5880a0
reloadAllAccessors: .PublisherPortSubscriberPortExpression

===========================================================================================
----------------- testing Fri Jun 21 04:45:20 UTC 2019 /home/travis/build/icyphy/ptII/ptolemy/actor/lib/test/auto/PublisherPortSubscriberPortOpaqueD3Reverse.xml
----------------- Instantiating /home/travis/build/icyphy/ptII/ptolemy/actor/lib/test/auto/PublisherPortSubscriberPortOpaqueD3Reverse.xml
9 ms. Memory: 565248K Free: 225310K (40%)
----------------- Invoking toplevel() on ptolemy.moml.MoMLSimpleApplication@4780de40
----------------- Done invoking toplevel() on ptolemy.moml.MoMLSimpleApplication@4780de40
reloadAllAccessors: .PublisherPortSubscriberPortOpaqueD3Reverse

===========================================================================================
----------------- testing Fri Jun 21 04:45:20 UTC 2019 /home/travis/build/icyphy/ptII/ptolemy/actor/lib/test/auto/PublisherPortSubscriberPortOpaqueWidthInference.xml
----------------- Instantiating /home/travis/build/icyphy/ptII/ptolemy/actor/lib/test/auto/PublisherPortSubscriberPortOpaqueWidthInference.xml
3 ms. Memory: 565248K Free: 217632K (39%)
----------------- Invoking toplevel() on ptolemy.moml.MoMLSimpleApplication@69a2a828
----------------- Done invoking toplevel() on ptolemy.moml.MoMLSimpleApplication@69a2a828
reloadAllAccessors: .PublisherPortSubscriberPortOpaqueWidthInference

===========================================================================================
----------------- testing Fri Jun 21 04:45:20 UTC 2019 /home/travis/build/icyphy/ptII/ptolemy/actor/lib/test/auto/PublisherPortToplevelSubscriberPortAOC.xml
----------------- Instantiating /home/travis/build/icyphy/ptII/ptolemy/actor/lib/test/auto/PublisherPortToplevelSubscriberPortAOC.xml
.PublisherPortToplevelSubscriberPortAOC.TestExceptionAttribute: initialize() was not invoked, but wrapup() was.  This is unusual, but not always a problem.  For example, exporting JNLP will do this.
1 ms. Memory: 565248K Free: 211998K (38%)
----------------- Invoking toplevel() on ptolemy.moml.MoMLSimpleApplication@4e8fc32c
----------------- Done invoking toplevel() on ptolemy.moml.MoMLSimpleApplication@4e8fc32c
reloadAllAccessors: .PublisherPortToplevelSubscriberPortAOC

===========================================================================================
----------------- testing Fri Jun 21 04:45:20 UTC 2019 /home/travis/build/icyphy/ptII/ptolemy/actor/lib/test/auto/PublisherSubscriber.xml
----------------- Instantiating /home/travis/build/icyphy/ptII/ptolemy/actor/lib/test/auto/PublisherSubscriber.xml
3 ms. Memory: 565248K Free: 204799K (36%)
----------------- Invoking toplevel() on ptolemy.moml.MoMLSimpleApplication@7ad37d33
----------------- Done invoking toplevel() on ptolemy.moml.MoMLSimpleApplication@7ad37d33
reloadAllAccessors: .PublisherSubscriber

===========================================================================================
----------------- testing Fri Jun 21 04:45:20 UTC 2019 /home/travis/build/icyphy/ptII/ptolemy/actor/lib/test/auto/PublisherSubscriber10.xml
----------------- Instantiating /home/travis/build/icyphy/ptII/ptolemy/actor/lib/test/auto/PublisherSubscriber10.xml
8 ms. Memory: 565248K Free: 195104K (35%)
----------------- Invoking toplevel() on ptolemy.moml.MoMLSimpleApplication@5a70c1d2
----------------- Done invoking toplevel() on ptolemy.moml.MoMLSimpleApplication@5a70c1d2
reloadAllAccessors: .PublisherSubscriber10

===========================================================================================
----------------- testing Fri Jun 21 04:45:20 UTC 2019 /home/travis/build/icyphy/ptII/ptolemy/actor/lib/test/auto/PublisherSubscriber10InitialOutputs.xml
----------------- Instantiating /home/travis/build/icyphy/ptII/ptolemy/actor/lib/test/auto/PublisherSubscriber10InitialOutputs.xml
9 ms. Memory: 565248K Free: 185888K (33%)
----------------- Invoking toplevel() on ptolemy.moml.MoMLSimpleApplication@39f5af83
----------------- Done invoking toplevel() on ptolemy.moml.MoMLSimpleApplication@39f5af83
reloadAllAccessors: .PublisherSubscriber10InitialOutputs

===========================================================================================
----------------- testing Fri Jun 21 04:45:21 UTC 2019 /home/travis/build/icyphy/ptII/ptolemy/actor/lib/test/auto/PublisherSubscriber11.xml
----------------- Instantiating /home/travis/build/icyphy/ptII/ptolemy/actor/lib/test/auto/PublisherSubscriber11.xml
4 ms. Memory: 565248K Free: 509984K (90%)
----------------- Invoking toplevel() on ptolemy.moml.MoMLSimpleApplication@7ccadd2e
----------------- Done invoking toplevel() on ptolemy.moml.MoMLSimpleApplication@7ccadd2e
reloadAllAccessors: .PublisherSubscriber11

===========================================================================================
----------------- testing Fri Jun 21 04:45:21 UTC 2019 /home/travis/build/icyphy/ptII/ptolemy/actor/lib/test/auto/PublisherSubscriber12.xml
----------------- Instantiating /home/travis/build/icyphy/ptII/ptolemy/actor/lib/test/auto/PublisherSubscriber12.xml
6 ms. Memory: 565248K Free: 502816K (89%)
----------------- Invoking toplevel() on ptolemy.moml.MoMLSimpleApplication@772fb1f7
----------------- Done invoking toplevel() on ptolemy.moml.MoMLSimpleApplication@772fb1f7
reloadAllAccessors: .PublisherSubscriber12

===========================================================================================
----------------- testing Fri Jun 21 04:45:21 UTC 2019 /home/travis/build/icyphy/ptII/ptolemy/actor/lib/test/auto/PublisherSubscriber13.xml
----------------- Instantiating /home/travis/build/icyphy/ptII/ptolemy/actor/lib/test/auto/PublisherSubscriber13.xml
2 ms. Memory: 565248K Free: 497167K (88%)
----------------- Invoking toplevel() on ptolemy.moml.MoMLSimpleApplication@4e8c9b61
----------------- Done invoking toplevel() on ptolemy.moml.MoMLSimpleApplication@4e8c9b61
reloadAllAccessors: .PublisherSubscriber13

===========================================================================================
----------------- testing Fri Jun 21 04:45:21 UTC 2019 /home/travis/build/icyphy/ptII/ptolemy/actor/lib/test/auto/PublisherSubscriber14.xml
----------------- Instantiating /home/travis/build/icyphy/ptII/ptolemy/actor/lib/test/auto/PublisherSubscriber14.xml
2 ms. Memory: 565248K Free: 488480K (86%)
----------------- Invoking toplevel() on ptolemy.moml.MoMLSimpleApplication@105a2162
----------------- Done invoking toplevel() on ptolemy.moml.MoMLSimpleApplication@105a2162
reloadAllAccessors: .PublisherSubscriber14

===========================================================================================
----------------- testing Fri Jun 21 04:45:21 UTC 2019 /home/travis/build/icyphy/ptII/ptolemy/actor/lib/test/auto/PublisherSubscriber2.xml
----------------- Instantiating /home/travis/build/icyphy/ptII/ptolemy/actor/lib/test/auto/PublisherSubscriber2.xml
4 ms. Memory: 565248K Free: 482831K (85%)
----------------- Invoking toplevel() on ptolemy.moml.MoMLSimpleApplication@2b58d8e1
----------------- Done invoking toplevel() on ptolemy.moml.MoMLSimpleApplication@2b58d8e1
reloadAllAccessors: .PublisherSubscriber2

===========================================================================================
----------------- testing Fri Jun 21 04:45:21 UTC 2019 /home/travis/build/icyphy/ptII/ptolemy/actor/lib/test/auto/PublisherSubscriber3.xml
----------------- Instantiating /home/travis/build/icyphy/ptII/ptolemy/actor/lib/test/auto/PublisherSubscriber3.xml
2 ms. Memory: 565248K Free: 477216K (84%)
----------------- Invoking toplevel() on ptolemy.moml.MoMLSimpleApplication@5608015
----------------- Done invoking toplevel() on ptolemy.moml.MoMLSimpleApplication@5608015
reloadAllAccessors: .PublisherSubscriber3

===========================================================================================
----------------- testing Fri Jun 21 04:45:21 UTC 2019 /home/travis/build/icyphy/ptII/ptolemy/actor/lib/test/auto/PublisherSubscriber4.xml
----------------- Instantiating /home/travis/build/icyphy/ptII/ptolemy/actor/lib/test/auto/PublisherSubscriber4.xml
2 ms. Memory: 565248K Free: 472096K (84%)
----------------- Invoking toplevel() on ptolemy.moml.MoMLSimpleApplication@7adefa2
----------------- Done invoking toplevel() on ptolemy.moml.MoMLSimpleApplication@7adefa2
reloadAllAccessors: .PublisherSubscriber4

===========================================================================================
----------------- testing Fri Jun 21 04:45:21 UTC 2019 /home/travis/build/icyphy/ptII/ptolemy/actor/lib/test/auto/PublisherSubscriber5.xml
----------------- Instantiating /home/travis/build/icyphy/ptII/ptolemy/actor/lib/test/auto/PublisherSubscriber5.xml
2 ms. Memory: 565248K Free: 465431K (82%)
----------------- Invoking toplevel() on ptolemy.moml.MoMLSimpleApplication@6dc29d63
----------------- Done invoking toplevel() on ptolemy.moml.MoMLSimpleApplication@6dc29d63
reloadAllAccessors: .PublisherSubscriber5

===========================================================================================
----------------- testing Fri Jun 21 04:45:21 UTC 2019 /home/travis/build/icyphy/ptII/ptolemy/actor/lib/test/auto/PublisherSubscriber6.xml
----------------- Instantiating /home/travis/build/icyphy/ptII/ptolemy/actor/lib/test/auto/PublisherSubscriber6.xml
5 ms. Memory: 565248K Free: 458784K (81%)
----------------- Invoking toplevel() on ptolemy.moml.MoMLSimpleApplication@77d51f2c
----------------- Done invoking toplevel() on ptolemy.moml.MoMLSimpleApplication@77d51f2c
reloadAllAccessors: .PublisherSubscriber6

===========================================================================================
----------------- testing Fri Jun 21 04:45:21 UTC 2019 /home/travis/build/icyphy/ptII/ptolemy/actor/lib/test/auto/PublisherSubscriber7.xml
----------------- Instantiating /home/travis/build/icyphy/ptII/ptolemy/actor/lib/test/auto/PublisherSubscriber7.xml
8 ms. Memory: 565248K Free: 452126K (80%)
----------------- Invoking toplevel() on ptolemy.moml.MoMLSimpleApplication@f44045f
----------------- Done invoking toplevel() on ptolemy.moml.MoMLSimpleApplication@f44045f
reloadAllAccessors: .PublisherSubscriber7

===========================================================================================
----------------- testing Fri Jun 21 04:45:21 UTC 2019 /home/travis/build/icyphy/ptII/ptolemy/actor/lib/test/auto/PublisherSubscriber8.xml
----------------- Instantiating /home/travis/build/icyphy/ptII/ptolemy/actor/lib/test/auto/PublisherSubscriber8.xml
20 ms. Memory: 565248K Free: 440862K (78%)
----------------- Invoking toplevel() on ptolemy.moml.MoMLSimpleApplication@3d97ba41
----------------- Done invoking toplevel() on ptolemy.moml.MoMLSimpleApplication@3d97ba41
reloadAllAccessors: .PublisherSubscriber8

===========================================================================================
----------------- testing Fri Jun 21 04:45:21 UTC 2019 /home/travis/build/icyphy/ptII/ptolemy/actor/lib/test/auto/PublisherSubscriber9.xml
----------------- Instantiating /home/travis/build/icyphy/ptII/ptolemy/actor/lib/test/auto/PublisherSubscriber9.xml
2 ms. Memory: 565248K Free: 433679K (77%)
----------------- Invoking toplevel() on ptolemy.moml.MoMLSimpleApplication@34d44e61
----------------- Done invoking toplevel() on ptolemy.moml.MoMLSimpleApplication@34d44e61
reloadAllAccessors: .PublisherSubscriber9

===========================================================================================
----------------- testing Fri Jun 21 04:45:21 UTC 2019 /home/travis/build/icyphy/ptII/ptolemy/actor/lib/test/auto/PublisherSubscriberAdjacent.xml
----------------- Instantiating /home/travis/build/icyphy/ptII/ptolemy/actor/lib/test/auto/PublisherSubscriberAdjacent.xml
2 ms. Memory: 565248K Free: 425502K (75%)
----------------- Invoking toplevel() on ptolemy.moml.MoMLSimpleApplication@6e2fa3b2
----------------- Done invoking toplevel() on ptolemy.moml.MoMLSimpleApplication@6e2fa3b2
reloadAllAccessors: .PublisherSubscriberAdjacent

===========================================================================================
----------------- testing Fri Jun 21 04:45:21 UTC 2019 /home/travis/build/icyphy/ptII/ptolemy/actor/lib/test/auto/PublisherSubscriberChannelVariablesAOC2.xml
----------------- Instantiating /home/travis/build/icyphy/ptII/ptolemy/actor/lib/test/auto/PublisherSubscriberChannelVariablesAOC2.xml
2 ms. Memory: 565248K Free: 410656K (73%)
----------------- Invoking toplevel() on ptolemy.moml.MoMLSimpleApplication@62688073
----------------- Done invoking toplevel() on ptolemy.moml.MoMLSimpleApplication@62688073
reloadAllAccessors: .PublisherSubscriberChannelVariablesAOC2

===========================================================================================
----------------- testing Fri Jun 21 04:45:21 UTC 2019 /home/travis/build/icyphy/ptII/ptolemy/actor/lib/test/auto/PublisherSubscriberD3.xml
----------------- Instantiating /home/travis/build/icyphy/ptII/ptolemy/actor/lib/test/auto/PublisherSubscriberD3.xml
2 ms. Memory: 565248K Free: 403488K (71%)
----------------- Invoking toplevel() on ptolemy.moml.MoMLSimpleApplication@29384ea5
----------------- Done invoking toplevel() on ptolemy.moml.MoMLSimpleApplication@29384ea5
reloadAllAccessors: .PublisherSubscriberD3

===========================================================================================
----------------- testing Fri Jun 21 04:45:21 UTC 2019 /home/travis/build/icyphy/ptII/ptolemy/actor/lib/test/auto/PublisherSubscriberD3Reverse.xml
----------------- Instantiating /home/travis/build/icyphy/ptII/ptolemy/actor/lib/test/auto/PublisherSubscriberD3Reverse.xml
2 ms. Memory: 565248K Free: 397344K (70%)
----------------- Invoking toplevel() on ptolemy.moml.MoMLSimpleApplication@19bf6dc4
----------------- Done invoking toplevel() on ptolemy.moml.MoMLSimpleApplication@19bf6dc4
reloadAllAccessors: .PublisherSubscriberD3Reverse

===========================================================================================
----------------- testing Fri Jun 21 04:45:21 UTC 2019 /home/travis/build/icyphy/ptII/ptolemy/actor/lib/test/auto/PublisherSubscriberExpression.xml
----------------- Instantiating /home/travis/build/icyphy/ptII/ptolemy/actor/lib/test/auto/PublisherSubscriberExpression.xml
4 ms. Memory: 565248K Free: 388607K (69%)
----------------- Invoking toplevel() on ptolemy.moml.MoMLSimpleApplication@5f4bd739
----------------- Done invoking toplevel() on ptolemy.moml.MoMLSimpleApplication@5f4bd739
reloadAllAccessors: .PublisherSubscriberExpression

===========================================================================================
----------------- testing Fri Jun 21 04:45:21 UTC 2019 /home/travis/build/icyphy/ptII/ptolemy/actor/lib/test/auto/PublisherSubscriberOpaque.xml
----------------- Instantiating /home/travis/build/icyphy/ptII/ptolemy/actor/lib/test/auto/PublisherSubscriberOpaque.xml
4 ms. Memory: 565248K Free: 380446K (67%)
----------------- Invoking toplevel() on ptolemy.moml.MoMLSimpleApplication@45c6975f
----------------- Done invoking toplevel() on ptolemy.moml.MoMLSimpleApplication@45c6975f
reloadAllAccessors: .PublisherSubscriberOpaque

===========================================================================================
----------------- testing Fri Jun 21 04:45:21 UTC 2019 /home/travis/build/icyphy/ptII/ptolemy/actor/lib/test/auto/PublisherSubscriberOpaqueD3.xml
----------------- Instantiating /home/travis/build/icyphy/ptII/ptolemy/actor/lib/test/auto/PublisherSubscriberOpaqueD3.xml
7 ms. Memory: 565248K Free: 369182K (65%)
----------------- Invoking toplevel() on ptolemy.moml.MoMLSimpleApplication@574d0d4e
----------------- Done invoking toplevel() on ptolemy.moml.MoMLSimpleApplication@574d0d4e
reloadAllAccessors: .PublisherSubscriberOpaqueD3

===========================================================================================
----------------- testing Fri Jun 21 04:45:21 UTC 2019 /home/travis/build/icyphy/ptII/ptolemy/actor/lib/test/auto/PublisherSubscriberOpaqueD3Reverse.xml
----------------- Instantiating /home/travis/build/icyphy/ptII/ptolemy/actor/lib/test/auto/PublisherSubscriberOpaqueD3Reverse.xml
9 ms. Memory: 565248K Free: 358432K (63%)
----------------- Invoking toplevel() on ptolemy.moml.MoMLSimpleApplication@3c89a53b
----------------- Done invoking toplevel() on ptolemy.moml.MoMLSimpleApplication@3c89a53b
reloadAllAccessors: .PublisherSubscriberOpaqueD3Reverse

===========================================================================================
----------------- testing Fri Jun 21 04:45:21 UTC 2019 /home/travis/build/icyphy/ptII/ptolemy/actor/lib/test/auto/PublisherSubscriberOpaqueWidthInference.xml
----------------- Instantiating /home/travis/build/icyphy/ptII/ptolemy/actor/lib/test/auto/PublisherSubscriberOpaqueWidthInference.xml
3 ms. Memory: 565248K Free: 350240K (62%)
----------------- Invoking toplevel() on ptolemy.moml.MoMLSimpleApplication@279352de
----------------- Done invoking toplevel() on ptolemy.moml.MoMLSimpleApplication@279352de
reloadAllAccessors: .PublisherSubscriberOpaqueWidthInference

===========================================================================================
----------------- testing Fri Jun 21 04:45:21 UTC 2019 /home/travis/build/icyphy/ptII/ptolemy/actor/lib/test/auto/PublisherTestSubscriber.xml
----------------- Instantiating /home/travis/build/icyphy/ptII/ptolemy/actor/lib/test/auto/PublisherTestSubscriber.xml
3 ms. Memory: 565248K Free: 342551K (61%)
----------------- Invoking toplevel() on ptolemy.moml.MoMLSimpleApplication@51397dfd
----------------- Done invoking toplevel() on ptolemy.moml.MoMLSimpleApplication@51397dfd
reloadAllAccessors: .PublisherTestSubscriber

===========================================================================================
----------------- testing Fri Jun 21 04:45:21 UTC 2019 /home/travis/build/icyphy/ptII/ptolemy/actor/lib/test/auto/PublisherToplevelSubscriberPortAOC.xml
----------------- Instantiating /home/travis/build/icyphy/ptII/ptolemy/actor/lib/test/auto/PublisherToplevelSubscriberPortAOC.xml
2 ms. Memory: 565248K Free: 336407K (60%)
----------------- Invoking toplevel() on ptolemy.moml.MoMLSimpleApplication@219cb96d
----------------- Done invoking toplevel() on ptolemy.moml.MoMLSimpleApplication@219cb96d
reloadAllAccessors: .PublisherToplevelSubscriberPortAOC

===========================================================================================
----------------- testing Fri Jun 21 04:45:21 UTC 2019 /home/travis/build/icyphy/ptII/ptolemy/actor/lib/test/auto/PulseFiringLimitDE.xml
----------------- Instantiating /home/travis/build/icyphy/ptII/ptolemy/actor/lib/test/auto/PulseFiringLimitDE.xml
2 ms. Memory: 565248K Free: 330270K (58%)
----------------- Invoking toplevel() on ptolemy.moml.MoMLSimpleApplication@51cba6c2
----------------- Done invoking toplevel() on ptolemy.moml.MoMLSimpleApplication@51cba6c2
reloadAllAccessors: .PulseFiringLimitDE

===========================================================================================
----------------- testing Fri Jun 21 04:45:21 UTC 2019 /home/travis/build/icyphy/ptII/ptolemy/actor/lib/test/auto/Ramp1.xml
----------------- Instantiating /home/travis/build/icyphy/ptII/ptolemy/actor/lib/test/auto/Ramp1.xml
1 ms. Memory: 565248K Free: 326159K (58%)
----------------- Invoking toplevel() on ptolemy.moml.MoMLSimpleApplication@27dbc8eb
----------------- Done invoking toplevel() on ptolemy.moml.MoMLSimpleApplication@27dbc8eb
reloadAllAccessors: .Ramp1

===========================================================================================
----------------- testing Fri Jun 21 04:45:21 UTC 2019 /home/travis/build/icyphy/ptII/ptolemy/actor/lib/test/auto/RampFiringLimitDE.xml
----------------- Instantiating /home/travis/build/icyphy/ptII/ptolemy/actor/lib/test/auto/RampFiringLimitDE.xml
2 ms. Memory: 565248K Free: 320015K (57%)
----------------- Invoking toplevel() on ptolemy.moml.MoMLSimpleApplication@53b4d28a
----------------- Done invoking toplevel() on ptolemy.moml.MoMLSimpleApplication@53b4d28a
reloadAllAccessors: .RampFiringLimitDE

===========================================================================================
----------------- testing Fri Jun 21 04:45:21 UTC 2019 /home/travis/build/icyphy/ptII/ptolemy/actor/lib/test/auto/RampFiringLimitSDF.xml
----------------- Instantiating /home/travis/build/icyphy/ptII/ptolemy/actor/lib/test/auto/RampFiringLimitSDF.xml
2 ms. Memory: 565248K Free: 314903K (56%)
----------------- Invoking toplevel() on ptolemy.moml.MoMLSimpleApplication@4d750c93
----------------- Done invoking toplevel() on ptolemy.moml.MoMLSimpleApplication@4d750c93
reloadAllAccessors: .RampFiringLimitSDF

===========================================================================================
----------------- testing Fri Jun 21 04:45:21 UTC 2019 /home/travis/build/icyphy/ptII/ptolemy/actor/lib/test/auto/RandomInteger.xml
----------------- Instantiating /home/travis/build/icyphy/ptII/ptolemy/actor/lib/test/auto/RandomInteger.xml
1 ms. Memory: 565248K Free: 310814K (55%)
----------------- Invoking toplevel() on ptolemy.moml.MoMLSimpleApplication@4c5d0707
----------------- Done invoking toplevel() on ptolemy.moml.MoMLSimpleApplication@4c5d0707
reloadAllAccessors: .RandomInteger

===========================================================================================
----------------- testing Fri Jun 21 04:45:21 UTC 2019 /home/travis/build/icyphy/ptII/ptolemy/actor/lib/test/auto/ReadFile1.xml
----------------- Instantiating /home/travis/build/icyphy/ptII/ptolemy/actor/lib/test/auto/ReadFile1.xml
2 ms. Memory: 565248K Free: 306208K (54%)
----------------- Invoking toplevel() on ptolemy.moml.MoMLSimpleApplication@442204be
----------------- Done invoking toplevel() on ptolemy.moml.MoMLSimpleApplication@442204be
reloadAllAccessors: .ReadFile1

===========================================================================================
----------------- testing Fri Jun 21 04:45:21 UTC 2019 /home/travis/build/icyphy/ptII/ptolemy/actor/lib/test/auto/ReadFile2.xml
----------------- Instantiating /home/travis/build/icyphy/ptII/ptolemy/actor/lib/test/auto/ReadFile2.xml
1 ms. Memory: 565248K Free: 302112K (53%)
----------------- Invoking toplevel() on ptolemy.moml.MoMLSimpleApplication@88239e1
----------------- Done invoking toplevel() on ptolemy.moml.MoMLSimpleApplication@88239e1
reloadAllAccessors: .ReadFile2

===========================================================================================
----------------- testing Fri Jun 21 04:45:21 UTC 2019 /home/travis/build/icyphy/ptII/ptolemy/actor/lib/test/auto/Reader.xml
----------------- Instantiating /home/travis/build/icyphy/ptII/ptolemy/actor/lib/test/auto/Reader.xml
actor.lib.Reader is obsolete, use actor.lib.io.ExpressionReader instead
2 ms. Memory: 565248K Free: 298016K (53%)
----------------- Invoking toplevel() on ptolemy.moml.MoMLSimpleApplication@3061873f
----------------- Done invoking toplevel() on ptolemy.moml.MoMLSimpleApplication@3061873f
reloadAllAccessors: .Reader

===========================================================================================
----------------- testing Fri Jun 21 04:45:21 UTC 2019 /home/travis/build/icyphy/ptII/ptolemy/actor/lib/test/auto/RecordAssemblerDisplayNameTest.xml
----------------- Instantiating /home/travis/build/icyphy/ptII/ptolemy/actor/lib/test/auto/RecordAssemblerDisplayNameTest.xml
3892 ms. Memory: 565248K Free: 439328K (78%)
----------------- Invoking toplevel() on ptolemy.moml.MoMLSimpleApplication@50a0bfcf
----------------- Done invoking toplevel() on ptolemy.moml.MoMLSimpleApplication@50a0bfcf
reloadAllAccessors: .RecordAssemblerDisplayNameTest

===========================================================================================
----------------- testing Fri Jun 21 04:45:25 UTC 2019 /home/travis/build/icyphy/ptII/ptolemy/actor/lib/test/auto/RecordAssemblerTypeError.xml
----------------- Instantiating /home/travis/build/icyphy/ptII/ptolemy/actor/lib/test/auto/RecordAssemblerTypeError.xml
20 ms. Memory: 565248K Free: 429598K (76%)
----------------- Invoking toplevel() on ptolemy.moml.MoMLSimpleApplication@754f15cd
----------------- Done invoking toplevel() on ptolemy.moml.MoMLSimpleApplication@754f15cd
reloadAllAccessors: .RecordAssemblerTypeError

===========================================================================================
----------------- testing Fri Jun 21 04:45:25 UTC 2019 /home/travis/build/icyphy/ptII/ptolemy/actor/lib/test/auto/RecordDisassember.xml
----------------- Instantiating /home/travis/build/icyphy/ptII/ptolemy/actor/lib/test/auto/RecordDisassember.xml
4 ms. Memory: 565248K Free: 424992K (75%)
----------------- Invoking toplevel() on ptolemy.moml.MoMLSimpleApplication@55b8cba1
----------------- Done invoking toplevel() on ptolemy.moml.MoMLSimpleApplication@55b8cba1
reloadAllAccessors: .RecordDisassember

===========================================================================================
----------------- testing Fri Jun 21 04:45:25 UTC 2019 /home/travis/build/icyphy/ptII/ptolemy/actor/lib/test/auto/RecordDisassemberDisplayNameTest.xml
----------------- Instantiating /home/travis/build/icyphy/ptII/ptolemy/actor/lib/test/auto/RecordDisassemberDisplayNameTest.xml
6 ms. Memory: 565248K Free: 416800K (74%)
----------------- Invoking toplevel() on ptolemy.moml.MoMLSimpleApplication@39b8143b
----------------- Done invoking toplevel() on ptolemy.moml.MoMLSimpleApplication@39b8143b
reloadAllAccessors: .RecordDisassemberDisplayNameTest

===========================================================================================
----------------- testing Fri Jun 21 04:45:25 UTC 2019 /home/travis/build/icyphy/ptII/ptolemy/actor/lib/test/auto/RecordDisassembler.xml
----------------- Instantiating /home/travis/build/icyphy/ptII/ptolemy/actor/lib/test/auto/RecordDisassembler.xml
4 ms. Memory: 565248K Free: 411680K (73%)
----------------- Invoking toplevel() on ptolemy.moml.MoMLSimpleApplication@17d82175
----------------- Done invoking toplevel() on ptolemy.moml.MoMLSimpleApplication@17d82175
reloadAllAccessors: .RecordDisassembler

===========================================================================================
----------------- testing Fri Jun 21 04:45:25 UTC 2019 /home/travis/build/icyphy/ptII/ptolemy/actor/lib/test/auto/RecordDisassembler2.xml
----------------- Instantiating /home/travis/build/icyphy/ptII/ptolemy/actor/lib/test/auto/RecordDisassembler2.xml
3 ms. Memory: 565248K Free: 406560K (72%)
----------------- Invoking toplevel() on ptolemy.moml.MoMLSimpleApplication@31635c30
----------------- Done invoking toplevel() on ptolemy.moml.MoMLSimpleApplication@31635c30
reloadAllAccessors: .RecordDisassembler2

===========================================================================================
----------------- testing Fri Jun 21 04:45:25 UTC 2019 /home/travis/build/icyphy/ptII/ptolemy/actor/lib/test/auto/RecordUpdater.xml
----------------- Instantiating /home/travis/build/icyphy/ptII/ptolemy/actor/lib/test/auto/RecordUpdater.xml
2 ms. Memory: 565248K Free: 401950K (71%)
----------------- Invoking toplevel() on ptolemy.moml.MoMLSimpleApplication@270b9146
----------------- Done invoking toplevel() on ptolemy.moml.MoMLSimpleApplication@270b9146
reloadAllAccessors: .RecordUpdater

===========================================================================================
----------------- testing Fri Jun 21 04:45:25 UTC 2019 /home/travis/build/icyphy/ptII/ptolemy/actor/lib/test/auto/RecordUpdater2.xml
----------------- Instantiating /home/travis/build/icyphy/ptII/ptolemy/actor/lib/test/auto/RecordUpdater2.xml
3 ms. Memory: 565248K Free: 396830K (70%)
----------------- Invoking toplevel() on ptolemy.moml.MoMLSimpleApplication@e244963
----------------- Done invoking toplevel() on ptolemy.moml.MoMLSimpleApplication@e244963
reloadAllAccessors: .RecordUpdater2

===========================================================================================
----------------- testing Fri Jun 21 04:45:25 UTC 2019 /home/travis/build/icyphy/ptII/ptolemy/actor/lib/test/auto/RecursiveLattice.xml
----------------- Instantiating /home/travis/build/icyphy/ptII/ptolemy/actor/lib/test/auto/RecursiveLattice.xml
1 ms. Memory: 565248K Free: 392734K (69%)
----------------- Invoking toplevel() on ptolemy.moml.MoMLSimpleApplication@1447b47a
----------------- Done invoking toplevel() on ptolemy.moml.MoMLSimpleApplication@1447b47a
reloadAllAccessors: .RecursiveLattice

===========================================================================================
----------------- testing Fri Jun 21 04:45:25 UTC 2019 /home/travis/build/icyphy/ptII/ptolemy/actor/lib/test/auto/Router.xml
----------------- Instantiating /home/travis/build/icyphy/ptII/ptolemy/actor/lib/test/auto/Router.xml
3005 ms. Memory: 565248K Free: 381470K (67%)
----------------- Invoking toplevel() on ptolemy.moml.MoMLSimpleApplication@1fe18e75
----------------- Done invoking toplevel() on ptolemy.moml.MoMLSimpleApplication@1fe18e75
reloadAllAccessors: .Router

===========================================================================================
----------------- testing Fri Jun 21 04:45:28 UTC 2019 /home/travis/build/icyphy/ptII/ptolemy/actor/lib/test/auto/Router2.xml
----------------- Instantiating /home/travis/build/icyphy/ptII/ptolemy/actor/lib/test/auto/Router2.xml
3005 ms. Memory: 565248K Free: 370720K (66%)
----------------- Invoking toplevel() on ptolemy.moml.MoMLSimpleApplication@17f29ad3
----------------- Done invoking toplevel() on ptolemy.moml.MoMLSimpleApplication@17f29ad3
reloadAllAccessors: .Router2

===========================================================================================
----------------- testing Fri Jun 21 04:45:31 UTC 2019 /home/travis/build/icyphy/ptII/ptolemy/actor/lib/test/auto/RunningMaximum.xml
----------------- Instantiating /home/travis/build/icyphy/ptII/ptolemy/actor/lib/test/auto/RunningMaximum.xml
1 ms. Memory: 565248K Free: 366110K (65%)
----------------- Invoking toplevel() on ptolemy.moml.MoMLSimpleApplication@7562a2da
----------------- Done invoking toplevel() on ptolemy.moml.MoMLSimpleApplication@7562a2da
reloadAllAccessors: .RunningMaximum

===========================================================================================
----------------- testing Fri Jun 21 04:45:31 UTC 2019 /home/travis/build/icyphy/ptII/ptolemy/actor/lib/test/auto/RunningMinimum.xml
----------------- Instantiating /home/travis/build/icyphy/ptII/ptolemy/actor/lib/test/auto/RunningMinimum.xml
8 ms. Memory: 565248K Free: 361504K (64%)
----------------- Invoking toplevel() on ptolemy.moml.MoMLSimpleApplication@43bc6b19
----------------- Done invoking toplevel() on ptolemy.moml.MoMLSimpleApplication@43bc6b19
reloadAllAccessors: .RunningMinimum

===========================================================================================
----------------- testing Fri Jun 21 04:45:31 UTC 2019 /home/travis/build/icyphy/ptII/ptolemy/actor/lib/test/auto/Scale.xml
----------------- Instantiating /home/travis/build/icyphy/ptII/ptolemy/actor/lib/test/auto/Scale.xml
1 ms. Memory: 565248K Free: 356894K (63%)
----------------- Invoking toplevel() on ptolemy.moml.MoMLSimpleApplication@73f420ea
----------------- Done invoking toplevel() on ptolemy.moml.MoMLSimpleApplication@73f420ea
reloadAllAccessors: .Scale

===========================================================================================
----------------- testing Fri Jun 21 04:45:31 UTC 2019 /home/travis/build/icyphy/ptII/ptolemy/actor/lib/test/auto/Scale2.xml
----------------- Instantiating /home/travis/build/icyphy/ptII/ptolemy/actor/lib/test/auto/Scale2.xml
2 ms. Memory: 565248K Free: 352288K (62%)
----------------- Invoking toplevel() on ptolemy.moml.MoMLSimpleApplication@354ae8f8
----------------- Done invoking toplevel() on ptolemy.moml.MoMLSimpleApplication@354ae8f8
reloadAllAccessors: .Scale2

===========================================================================================
----------------- testing Fri Jun 21 04:45:31 UTC 2019 /home/travis/build/icyphy/ptII/ptolemy/actor/lib/test/auto/Scale3.xml
----------------- Instantiating /home/travis/build/icyphy/ptII/ptolemy/actor/lib/test/auto/Scale3.xml
3 ms. Memory: 565248K Free: 346144K (61%)
----------------- Invoking toplevel() on ptolemy.moml.MoMLSimpleApplication@5d69c7f5
----------------- Done invoking toplevel() on ptolemy.moml.MoMLSimpleApplication@5d69c7f5
reloadAllAccessors: .Scale3

===========================================================================================
----------------- testing Fri Jun 21 04:45:31 UTC 2019 /home/travis/build/icyphy/ptII/ptolemy/actor/lib/test/auto/ScaleArray.xml
----------------- Instantiating /home/travis/build/icyphy/ptII/ptolemy/actor/lib/test/auto/ScaleArray.xml
2 ms. Memory: 565248K Free: 341534K (60%)
----------------- Invoking toplevel() on ptolemy.moml.MoMLSimpleApplication@249cf4c9
----------------- Done invoking toplevel() on ptolemy.moml.MoMLSimpleApplication@249cf4c9
reloadAllAccessors: .ScaleArray

===========================================================================================
----------------- testing Fri Jun 21 04:45:31 UTC 2019 /home/travis/build/icyphy/ptII/ptolemy/actor/lib/test/auto/ScaleArray2.xml
----------------- Instantiating /home/travis/build/icyphy/ptII/ptolemy/actor/lib/test/auto/ScaleArray2.xml
1 ms. Memory: 565248K Free: 336928K (60%)
----------------- Invoking toplevel() on ptolemy.moml.MoMLSimpleApplication@1c3e7437
----------------- Done invoking toplevel() on ptolemy.moml.MoMLSimpleApplication@1c3e7437
reloadAllAccessors: .ScaleArray2

===========================================================================================
----------------- testing Fri Jun 21 04:45:31 UTC 2019 /home/travis/build/icyphy/ptII/ptolemy/actor/lib/test/auto/ScaleMatrix.xml
----------------- Instantiating /home/travis/build/icyphy/ptII/ptolemy/actor/lib/test/auto/ScaleMatrix.xml
123 ms. Memory: 565248K Free: 322592K (57%)
----------------- Invoking toplevel() on ptolemy.moml.MoMLSimpleApplication@5fc79988
----------------- Done invoking toplevel() on ptolemy.moml.MoMLSimpleApplication@5fc79988
reloadAllAccessors: .ScaleMatrix

===========================================================================================
----------------- testing Fri Jun 21 04:45:32 UTC 2019 /home/travis/build/icyphy/ptII/ptolemy/actor/lib/test/auto/Select.xml
----------------- Instantiating /home/travis/build/icyphy/ptII/ptolemy/actor/lib/test/auto/Select.xml
2 ms. Memory: 565248K Free: 315903K (56%)
----------------- Invoking toplevel() on ptolemy.moml.MoMLSimpleApplication@36466925
----------------- Done invoking toplevel() on ptolemy.moml.MoMLSimpleApplication@36466925
reloadAllAccessors: .Select

===========================================================================================
----------------- testing Fri Jun 21 04:45:32 UTC 2019 /home/travis/build/icyphy/ptII/ptolemy/actor/lib/test/auto/Select2.xml
----------------- Instantiating /home/travis/build/icyphy/ptII/ptolemy/actor/lib/test/auto/Select2.xml
1 ms. Memory: 565248K Free: 311328K (55%)
----------------- Invoking toplevel() on ptolemy.moml.MoMLSimpleApplication@55d6fb4a
----------------- Done invoking toplevel() on ptolemy.moml.MoMLSimpleApplication@55d6fb4a
reloadAllAccessors: .Select2

===========================================================================================
----------------- testing Fri Jun 21 04:45:32 UTC 2019 /home/travis/build/icyphy/ptII/ptolemy/actor/lib/test/auto/SequenceToArray2.xml
----------------- Instantiating /home/travis/build/icyphy/ptII/ptolemy/actor/lib/test/auto/SequenceToArray2.xml
98 ms. Memory: 565248K Free: 286752K (51%)
----------------- Invoking toplevel() on ptolemy.moml.MoMLSimpleApplication@6e589fbf
----------------- Done invoking toplevel() on ptolemy.moml.MoMLSimpleApplication@6e589fbf
reloadAllAccessors: .SequenceToArray2

===========================================================================================
----------------- testing Fri Jun 21 04:45:32 UTC 2019 /home/travis/build/icyphy/ptII/ptolemy/actor/lib/test/auto/SequentialClock.xml
----------------- Instantiating /home/travis/build/icyphy/ptII/ptolemy/actor/lib/test/auto/SequentialClock.xml
1 ms. Memory: 565248K Free: 282656K (50%)
----------------- Invoking toplevel() on ptolemy.moml.MoMLSimpleApplication@1640b563
----------------- Done invoking toplevel() on ptolemy.moml.MoMLSimpleApplication@1640b563
reloadAllAccessors: .SequentialClock

===========================================================================================
----------------- testing Fri Jun 21 04:45:32 UTC 2019 /home/travis/build/icyphy/ptII/ptolemy/actor/lib/test/auto/SetVariable.xml
----------------- Instantiating /home/travis/build/icyphy/ptII/ptolemy/actor/lib/test/auto/SetVariable.xml
4 ms. Memory: 565248K Free: 278046K (49%)
----------------- Invoking toplevel() on ptolemy.moml.MoMLSimpleApplication@1058044b
----------------- Done invoking toplevel() on ptolemy.moml.MoMLSimpleApplication@1058044b
reloadAllAccessors: .SetVariable

===========================================================================================
----------------- testing Fri Jun 21 04:45:32 UTC 2019 /home/travis/build/icyphy/ptII/ptolemy/actor/lib/test/auto/SetVariable2.xml
----------------- Instantiating /home/travis/build/icyphy/ptII/ptolemy/actor/lib/test/auto/SetVariable2.xml
5 ms. Memory: 565248K Free: 272926K (48%)
----------------- Invoking toplevel() on ptolemy.moml.MoMLSimpleApplication@74a38d3f
----------------- Done invoking toplevel() on ptolemy.moml.MoMLSimpleApplication@74a38d3f
reloadAllAccessors: .SetVariable2

===========================================================================================
----------------- testing Fri Jun 21 04:45:32 UTC 2019 /home/travis/build/icyphy/ptII/ptolemy/actor/lib/test/auto/SetVariable3.xml
----------------- Instantiating /home/travis/build/icyphy/ptII/ptolemy/actor/lib/test/auto/SetVariable3.xml
8 ms. Memory: 565248K Free: 267806K (47%)
----------------- Invoking toplevel() on ptolemy.moml.MoMLSimpleApplication@20663512
----------------- Done invoking toplevel() on ptolemy.moml.MoMLSimpleApplication@20663512
reloadAllAccessors: .SetVariable3

===========================================================================================
----------------- testing Fri Jun 21 04:45:32 UTC 2019 /home/travis/build/icyphy/ptII/ptolemy/actor/lib/test/auto/SetVariable4.xml
----------------- Instantiating /home/travis/build/icyphy/ptII/ptolemy/actor/lib/test/auto/SetVariable4.xml
19 ms. Memory: 565248K Free: 258078K (46%)
----------------- Invoking toplevel() on ptolemy.moml.MoMLSimpleApplication@4cadd922
----------------- Done invoking toplevel() on ptolemy.moml.MoMLSimpleApplication@4cadd922
reloadAllAccessors: .SetVariable4

===========================================================================================
----------------- testing Fri Jun 21 04:45:32 UTC 2019 /home/travis/build/icyphy/ptII/ptolemy/actor/lib/test/auto/SetVariable5.xml
----------------- Instantiating /home/travis/build/icyphy/ptII/ptolemy/actor/lib/test/auto/SetVariable5.xml
20 ms. Memory: 565248K Free: 248864K (44%)
----------------- Invoking toplevel() on ptolemy.moml.MoMLSimpleApplication@17ff9f51
----------------- Done invoking toplevel() on ptolemy.moml.MoMLSimpleApplication@17ff9f51
reloadAllAccessors: .SetVariable5

===========================================================================================
----------------- testing Fri Jun 21 04:45:32 UTC 2019 /home/travis/build/icyphy/ptII/ptolemy/actor/lib/test/auto/Sinewave.xml
----------------- Instantiating /home/travis/build/icyphy/ptII/ptolemy/actor/lib/test/auto/Sinewave.xml
9 ms. Memory: 565248K Free: 238624K (42%)
----------------- Invoking toplevel() on ptolemy.moml.MoMLSimpleApplication@39453139
----------------- Done invoking toplevel() on ptolemy.moml.MoMLSimpleApplication@39453139
reloadAllAccessors: .Sinewave

===========================================================================================
----------------- testing Fri Jun 21 04:45:32 UTC 2019 /home/travis/build/icyphy/ptII/ptolemy/actor/lib/test/auto/Sinewave2.xml
----------------- Instantiating /home/travis/build/icyphy/ptII/ptolemy/actor/lib/test/auto/Sinewave2.xml
6 ms. Memory: 565248K Free: 230432K (41%)
----------------- Invoking toplevel() on ptolemy.moml.MoMLSimpleApplication@48f6a66c
----------------- Done invoking toplevel() on ptolemy.moml.MoMLSimpleApplication@48f6a66c
reloadAllAccessors: .Sinewave2

===========================================================================================
----------------- testing Fri Jun 21 04:45:32 UTC 2019 /home/travis/build/icyphy/ptII/ptolemy/actor/lib/test/auto/Sinewave3.xml
----------------- Instantiating /home/travis/build/icyphy/ptII/ptolemy/actor/lib/test/auto/Sinewave3.xml
10 ms. Memory: 565248K Free: 222240K (39%)
----------------- Invoking toplevel() on ptolemy.moml.MoMLSimpleApplication@12107c4e
----------------- Done invoking toplevel() on ptolemy.moml.MoMLSimpleApplication@12107c4e
reloadAllAccessors: .Sinewave3

===========================================================================================
----------------- testing Fri Jun 21 04:45:32 UTC 2019 /home/travis/build/icyphy/ptII/ptolemy/actor/lib/test/auto/SingleEvent.xml
----------------- Instantiating /home/travis/build/icyphy/ptII/ptolemy/actor/lib/test/auto/SingleEvent.xml
1 ms. Memory: 565248K Free: 218144K (39%)
----------------- Invoking toplevel() on ptolemy.moml.MoMLSimpleApplication@50df58ba
----------------- Done invoking toplevel() on ptolemy.moml.MoMLSimpleApplication@50df58ba
reloadAllAccessors: .SingleEvent

===========================================================================================
----------------- testing Fri Jun 21 04:45:32 UTC 2019 /home/travis/build/icyphy/ptII/ptolemy/actor/lib/test/auto/Sleep.xml
----------------- Instantiating /home/travis/build/icyphy/ptII/ptolemy/actor/lib/test/auto/Sleep.xml
6005 ms. Memory: 565248K Free: 212495K (38%)
----------------- Invoking toplevel() on ptolemy.moml.MoMLSimpleApplication@5830d465
----------------- Done invoking toplevel() on ptolemy.moml.MoMLSimpleApplication@5830d465
reloadAllAccessors: .Sleep

===========================================================================================
----------------- testing Fri Jun 21 04:45:38 UTC 2019 /home/travis/build/icyphy/ptII/ptolemy/actor/lib/test/auto/SleepMultipleFire.xml
----------------- Instantiating /home/travis/build/icyphy/ptII/ptolemy/actor/lib/test/auto/SleepMultipleFire.xml
1009 ms. Memory: 565248K Free: 206366K (37%)
----------------- Invoking toplevel() on ptolemy.moml.MoMLSimpleApplication@217c6063
----------------- Done invoking toplevel() on ptolemy.moml.MoMLSimpleApplication@217c6063
reloadAllAccessors: .SleepMultipleFire

===========================================================================================
----------------- testing Fri Jun 21 04:45:39 UTC 2019 /home/travis/build/icyphy/ptII/ptolemy/actor/lib/test/auto/StopDE.xml
----------------- Instantiating /home/travis/build/icyphy/ptII/ptolemy/actor/lib/test/auto/StopDE.xml
4 ms. Memory: 565248K Free: 200736K (36%)
----------------- Invoking toplevel() on ptolemy.moml.MoMLSimpleApplication@57b0f571
----------------- Done invoking toplevel() on ptolemy.moml.MoMLSimpleApplication@57b0f571
reloadAllAccessors: .StopDE

===========================================================================================
----------------- testing Fri Jun 21 04:45:39 UTC 2019 /home/travis/build/icyphy/ptII/ptolemy/actor/lib/test/auto/StopSDF.xml
----------------- Instantiating /home/travis/build/icyphy/ptII/ptolemy/actor/lib/test/auto/StopSDF.xml
3 ms. Memory: 565248K Free: 195616K (35%)
----------------- Invoking toplevel() on ptolemy.moml.MoMLSimpleApplication@53daabf6
----------------- Done invoking toplevel() on ptolemy.moml.MoMLSimpleApplication@53daabf6
reloadAllAccessors: .StopSDF

===========================================================================================
----------------- testing Fri Jun 21 04:45:39 UTC 2019 /home/travis/build/icyphy/ptII/ptolemy/actor/lib/test/auto/StringConstant.xml
----------------- Instantiating /home/travis/build/icyphy/ptII/ptolemy/actor/lib/test/auto/StringConstant.xml
10 ms. Memory: 565248K Free: 191520K (34%)
----------------- Invoking toplevel() on ptolemy.moml.MoMLSimpleApplication@5e41b568
----------------- Done invoking toplevel() on ptolemy.moml.MoMLSimpleApplication@5e41b568
reloadAllAccessors: .StringConstant

===========================================================================================
----------------- testing Fri Jun 21 04:45:39 UTC 2019 /home/travis/build/icyphy/ptII/ptolemy/actor/lib/test/auto/SubscriberPortInitialValues1.xml
----------------- Instantiating /home/travis/build/icyphy/ptII/ptolemy/actor/lib/test/auto/SubscriberPortInitialValues1.xml
8 ms. Memory: 565248K Free: 513566K (91%)
----------------- Invoking toplevel() on ptolemy.moml.MoMLSimpleApplication@491b288c
----------------- Done invoking toplevel() on ptolemy.moml.MoMLSimpleApplication@491b288c
reloadAllAccessors: .SubscriberPortInitialValues1

===========================================================================================
----------------- testing Fri Jun 21 04:45:39 UTC 2019 /home/travis/build/icyphy/ptII/ptolemy/actor/lib/test/auto/SubscriberPortInitialValues13.xml
----------------- Instantiating /home/travis/build/icyphy/ptII/ptolemy/actor/lib/test/auto/SubscriberPortInitialValues13.xml
5 ms. Memory: 565248K Free: 500768K (89%)
----------------- Invoking toplevel() on ptolemy.moml.MoMLSimpleApplication@4ad64b8d
----------------- Done invoking toplevel() on ptolemy.moml.MoMLSimpleApplication@4ad64b8d
reloadAllAccessors: .SubscriberPortInitialValues13

===========================================================================================
----------------- testing Fri Jun 21 04:45:39 UTC 2019 /home/travis/build/icyphy/ptII/ptolemy/actor/lib/test/auto/SubscriberPortInitialValues14.xml
----------------- Instantiating /home/travis/build/icyphy/ptII/ptolemy/actor/lib/test/auto/SubscriberPortInitialValues14.xml
5 ms. Memory: 565248K Free: 493086K (87%)
----------------- Invoking toplevel() on ptolemy.moml.MoMLSimpleApplication@518bc5db
----------------- Done invoking toplevel() on ptolemy.moml.MoMLSimpleApplication@518bc5db
reloadAllAccessors: .SubscriberPortInitialValues14

===========================================================================================
----------------- testing Fri Jun 21 04:45:39 UTC 2019 /home/travis/build/icyphy/ptII/ptolemy/actor/lib/test/auto/SubscriberPortInitialValues2.xml
----------------- Instantiating /home/travis/build/icyphy/ptII/ptolemy/actor/lib/test/auto/SubscriberPortInitialValues2.xml
6 ms. Memory: 565248K Free: 485408K (86%)
----------------- Invoking toplevel() on ptolemy.moml.MoMLSimpleApplication@38577248
----------------- Done invoking toplevel() on ptolemy.moml.MoMLSimpleApplication@38577248
reloadAllAccessors: .SubscriberPortInitialValues2

===========================================================================================
----------------- testing Fri Jun 21 04:45:39 UTC 2019 /home/travis/build/icyphy/ptII/ptolemy/actor/lib/test/auto/SubscriberPortInitialValues3.xml
----------------- Instantiating /home/travis/build/icyphy/ptII/ptolemy/actor/lib/test/auto/SubscriberPortInitialValues3.xml
5 ms. Memory: 565248K Free: 474654K (84%)
----------------- Invoking toplevel() on ptolemy.moml.MoMLSimpleApplication@79cf4142
----------------- Done invoking toplevel() on ptolemy.moml.MoMLSimpleApplication@79cf4142
reloadAllAccessors: .SubscriberPortInitialValues3

===========================================================================================
----------------- testing Fri Jun 21 04:45:39 UTC 2019 /home/travis/build/icyphy/ptII/ptolemy/actor/lib/test/auto/SubscriptionAggregator.xml
----------------- Instantiating /home/travis/build/icyphy/ptII/ptolemy/actor/lib/test/auto/SubscriptionAggregator.xml
2 ms. Memory: 565248K Free: 468000K (83%)
----------------- Invoking toplevel() on ptolemy.moml.MoMLSimpleApplication@165200b7
----------------- Done invoking toplevel() on ptolemy.moml.MoMLSimpleApplication@165200b7
reloadAllAccessors: .SubscriptionAggregator

===========================================================================================
----------------- testing Fri Jun 21 04:45:39 UTC 2019 /home/travis/build/icyphy/ptII/ptolemy/actor/lib/test/auto/SubscriptionAggregator2.xml
----------------- Instantiating /home/travis/build/icyphy/ptII/ptolemy/actor/lib/test/auto/SubscriptionAggregator2.xml
3 ms. Memory: 565248K Free: 461335K (82%)
----------------- Invoking toplevel() on ptolemy.moml.MoMLSimpleApplication@5fa2d24b
----------------- Done invoking toplevel() on ptolemy.moml.MoMLSimpleApplication@5fa2d24b
reloadAllAccessors: .SubscriptionAggregator2

===========================================================================================
----------------- testing Fri Jun 21 04:45:39 UTC 2019 /home/travis/build/icyphy/ptII/ptolemy/actor/lib/test/auto/SubscriptionAggregator3.xml
----------------- Instantiating /home/travis/build/icyphy/ptII/ptolemy/actor/lib/test/auto/SubscriptionAggregator3.xml
4 ms. Memory: 565248K Free: 453150K (80%)
----------------- Invoking toplevel() on ptolemy.moml.MoMLSimpleApplication@74e49af1
----------------- Done invoking toplevel() on ptolemy.moml.MoMLSimpleApplication@74e49af1
reloadAllAccessors: .SubscriptionAggregator3

===========================================================================================
----------------- testing Fri Jun 21 04:45:39 UTC 2019 /home/travis/build/icyphy/ptII/ptolemy/actor/lib/test/auto/SubscriptionAggregatorMultiply.xml
----------------- Instantiating /home/travis/build/icyphy/ptII/ptolemy/actor/lib/test/auto/SubscriptionAggregatorMultiply.xml
3 ms. Memory: 565248K Free: 444448K (79%)
----------------- Invoking toplevel() on ptolemy.moml.MoMLSimpleApplication@4c5654bc
----------------- Done invoking toplevel() on ptolemy.moml.MoMLSimpleApplication@4c5654bc
reloadAllAccessors: .SubscriptionAggregatorMultiply

===========================================================================================
----------------- testing Fri Jun 21 04:45:39 UTC 2019 /home/travis/build/icyphy/ptII/ptolemy/actor/lib/test/auto/SubscriptionAggregatorPortMultiply1.xml
----------------- Instantiating /home/travis/build/icyphy/ptII/ptolemy/actor/lib/test/auto/SubscriptionAggregatorPortMultiply1.xml
5 ms. Memory: 565248K Free: 436766K (77%)
----------------- Invoking toplevel() on ptolemy.moml.MoMLSimpleApplication@679eecb3
----------------- Done invoking toplevel() on ptolemy.moml.MoMLSimpleApplication@679eecb3
reloadAllAccessors: .SubscriptionAggregatorPortMultiply1

===========================================================================================
----------------- testing Fri Jun 21 04:45:39 UTC 2019 /home/travis/build/icyphy/ptII/ptolemy/actor/lib/test/auto/Switch.xml
----------------- Instantiating /home/travis/build/icyphy/ptII/ptolemy/actor/lib/test/auto/Switch.xml
10 ms. Memory: 565248K Free: 428574K (76%)
----------------- Invoking toplevel() on ptolemy.moml.MoMLSimpleApplication@5098ab82
----------------- Done invoking toplevel() on ptolemy.moml.MoMLSimpleApplication@5098ab82
reloadAllAccessors: .Switch

===========================================================================================
----------------- testing Fri Jun 21 04:45:39 UTC 2019 /home/travis/build/icyphy/ptII/ptolemy/actor/lib/test/auto/Switch2.xml
----------------- Instantiating /home/travis/build/icyphy/ptII/ptolemy/actor/lib/test/auto/Switch2.xml
1 ms. Memory: 565248K Free: 423968K (75%)
----------------- Invoking toplevel() on ptolemy.moml.MoMLSimpleApplication@482cf123
----------------- Done invoking toplevel() on ptolemy.moml.MoMLSimpleApplication@482cf123
reloadAllAccessors: .Switch2

===========================================================================================
----------------- testing Fri Jun 21 04:45:39 UTC 2019 /home/travis/build/icyphy/ptII/ptolemy/actor/lib/test/auto/SwitchDE.xml
----------------- Instantiating /home/travis/build/icyphy/ptII/ptolemy/actor/lib/test/auto/SwitchDE.xml
4 ms. Memory: 565248K Free: 417824K (74%)
----------------- Invoking toplevel() on ptolemy.moml.MoMLSimpleApplication@77ae3d76
----------------- Done invoking toplevel() on ptolemy.moml.MoMLSimpleApplication@77ae3d76
reloadAllAccessors: .SwitchDE

===========================================================================================
----------------- testing Fri Jun 21 04:45:39 UTC 2019 /home/travis/build/icyphy/ptII/ptolemy/actor/lib/test/auto/SynchronizerDE.xml
----------------- Instantiating /home/travis/build/icyphy/ptII/ptolemy/actor/lib/test/auto/SynchronizerDE.xml
8 ms. Memory: 565248K Free: 409632K (72%)
----------------- Invoking toplevel() on ptolemy.moml.MoMLSimpleApplication@52a4fc73
----------------- Done invoking toplevel() on ptolemy.moml.MoMLSimpleApplication@52a4fc73
reloadAllAccessors: .SynchronizerDE

===========================================================================================
----------------- testing Fri Jun 21 04:45:39 UTC 2019 /home/travis/build/icyphy/ptII/ptolemy/actor/lib/test/auto/Test.xml
----------------- Instantiating /home/travis/build/icyphy/ptII/ptolemy/actor/lib/test/auto/Test.xml
9 ms. Memory: 565248K Free: 404512K (72%)
----------------- Invoking toplevel() on ptolemy.moml.MoMLSimpleApplication@2e9ec
----------------- Done invoking toplevel() on ptolemy.moml.MoMLSimpleApplication@2e9ec
reloadAllAccessors: .Test

===========================================================================================
----------------- testing Fri Jun 21 04:45:39 UTC 2019 /home/travis/build/icyphy/ptII/ptolemy/actor/lib/test/auto/TestExceptionAttribute1.xml
----------------- Instantiating /home/travis/build/icyphy/ptII/ptolemy/actor/lib/test/auto/TestExceptionAttribute1.xml
2 ms. Memory: 565248K Free: 400926K (71%)
----------------- Invoking toplevel() on ptolemy.moml.MoMLSimpleApplication@61045c76
----------------- Done invoking toplevel() on ptolemy.moml.MoMLSimpleApplication@61045c76
reloadAllAccessors: .TestExceptionAttribute1

===========================================================================================
----------------- testing Fri Jun 21 04:45:39 UTC 2019 /home/travis/build/icyphy/ptII/ptolemy/actor/lib/test/auto/TestExceptionAttribute2.xml
----------------- Instantiating /home/travis/build/icyphy/ptII/ptolemy/actor/lib/test/auto/TestExceptionAttribute2.xml
2 ms. Memory: 565248K Free: 397344K (70%)
----------------- Invoking toplevel() on ptolemy.moml.MoMLSimpleApplication@62ed648
----------------- Done invoking toplevel() on ptolemy.moml.MoMLSimpleApplication@62ed648
reloadAllAccessors: .TestExceptionAttribute2

===========================================================================================
----------------- testing Fri Jun 21 04:45:39 UTC 2019 /home/travis/build/icyphy/ptII/ptolemy/actor/lib/test/auto/TestExceptionAttribute3.xml
----------------- Instantiating /home/travis/build/icyphy/ptII/ptolemy/actor/lib/test/auto/TestExceptionAttribute3.xml
.TestExceptionAttribute3.TestExceptionAttribute: initialize() was not invoked, but wrapup() was.  This is unusual, but not always a problem.  For example, exporting JNLP will do this.
1 ms. Memory: 565248K Free: 393758K (70%)
----------------- Invoking toplevel() on ptolemy.moml.MoMLSimpleApplication@1315143d
----------------- Done invoking toplevel() on ptolemy.moml.MoMLSimpleApplication@1315143d
reloadAllAccessors: .TestExceptionAttribute3

===========================================================================================
----------------- testing Fri Jun 21 04:45:39 UTC 2019 /home/travis/build/icyphy/ptII/ptolemy/actor/lib/test/auto/TestExceptionAttribute4.xml
----------------- Instantiating /home/travis/build/icyphy/ptII/ptolemy/actor/lib/test/auto/TestExceptionAttribute4.xml
.TestExceptionAttribute4.TestExceptionAttribute: initialize() was not invoked, but wrapup() was.  This is unusual, but not always a problem.  For example, exporting JNLP will do this.
.TestExceptionAttribute4.TestExceptionAttribute2: initialize() was not invoked, but wrapup() was.  This is unusual, but not always a problem.  For example, exporting JNLP will do this.
1 ms. Memory: 565248K Free: 389152K (69%)
----------------- Invoking toplevel() on ptolemy.moml.MoMLSimpleApplication@3e932693
----------------- Done invoking toplevel() on ptolemy.moml.MoMLSimpleApplication@3e932693
reloadAllAccessors: .TestExceptionAttribute4

===========================================================================================
----------------- testing Fri Jun 21 04:45:39 UTC 2019 /home/travis/build/icyphy/ptII/ptolemy/actor/lib/test/auto/TestExceptionHandler1.xml
----------------- Instantiating /home/travis/build/icyphy/ptII/ptolemy/actor/lib/test/auto/TestExceptionHandler1.xml
1 ms. Memory: 565248K Free: 385566K (68%)
----------------- Invoking toplevel() on ptolemy.moml.MoMLSimpleApplication@699f182d
----------------- Done invoking toplevel() on ptolemy.moml.MoMLSimpleApplication@699f182d
reloadAllAccessors: .TestExceptionHandler1

===========================================================================================
----------------- testing Fri Jun 21 04:45:40 UTC 2019 /home/travis/build/icyphy/ptII/ptolemy/actor/lib/test/auto/TestExceptionHandler2.xml
----------------- Instantiating /home/travis/build/icyphy/ptII/ptolemy/actor/lib/test/auto/TestExceptionHandler2.xml
1 ms. Memory: 565248K Free: 381984K (68%)
----------------- Invoking toplevel() on ptolemy.moml.MoMLSimpleApplication@28366659
----------------- Done invoking toplevel() on ptolemy.moml.MoMLSimpleApplication@28366659
reloadAllAccessors: .TestExceptionHandler2

===========================================================================================
----------------- testing Fri Jun 21 04:45:40 UTC 2019 /home/travis/build/icyphy/ptII/ptolemy/actor/lib/test/auto/TestExceptionHandler3.xml
----------------- Instantiating /home/travis/build/icyphy/ptII/ptolemy/actor/lib/test/auto/TestExceptionHandler3.xml
0 ms. Memory: 565248K Free: 378398K (67%)
----------------- Invoking toplevel() on ptolemy.moml.MoMLSimpleApplication@9d32b1f
----------------- Done invoking toplevel() on ptolemy.moml.MoMLSimpleApplication@9d32b1f
reloadAllAccessors: .TestExceptionHandler3

===========================================================================================
----------------- testing Fri Jun 21 04:45:40 UTC 2019 /home/travis/build/icyphy/ptII/ptolemy/actor/lib/test/auto/TestExceptionHandler4.xml
----------------- Instantiating /home/travis/build/icyphy/ptII/ptolemy/actor/lib/test/auto/TestExceptionHandler4.xml
0 ms. Memory: 565248K Free: 374302K (66%)
----------------- Invoking toplevel() on ptolemy.moml.MoMLSimpleApplication@585d4536
----------------- Done invoking toplevel() on ptolemy.moml.MoMLSimpleApplication@585d4536
reloadAllAccessors: .TestExceptionHandler4

===========================================================================================
----------------- testing Fri Jun 21 04:45:40 UTC 2019 /home/travis/build/icyphy/ptII/ptolemy/actor/lib/test/auto/TestRequireCorrectOrder.xml
----------------- Instantiating /home/travis/build/icyphy/ptII/ptolemy/actor/lib/test/auto/TestRequireCorrectOrder.xml
2 ms. Memory: 565248K Free: 369167K (65%)
----------------- Invoking toplevel() on ptolemy.moml.MoMLSimpleApplication@707ac9b2
----------------- Done invoking toplevel() on ptolemy.moml.MoMLSimpleApplication@707ac9b2
reloadAllAccessors: .TestRequireCorrectOrder

===========================================================================================
----------------- testing Fri Jun 21 04:45:40 UTC 2019 /home/travis/build/icyphy/ptII/ptolemy/actor/lib/test/auto/TestSimple.xml
----------------- Instantiating /home/travis/build/icyphy/ptII/ptolemy/actor/lib/test/auto/TestSimple.xml
2 ms. Memory: 565248K Free: 365086K (65%)
----------------- Invoking toplevel() on ptolemy.moml.MoMLSimpleApplication@715b8dda
----------------- Done invoking toplevel() on ptolemy.moml.MoMLSimpleApplication@715b8dda
reloadAllAccessors: .TestSimple

===========================================================================================
----------------- testing Fri Jun 21 04:45:40 UTC 2019 /home/travis/build/icyphy/ptII/ptolemy/actor/lib/test/auto/ThrowModelError.xml
----------------- Instantiating /home/travis/build/icyphy/ptII/ptolemy/actor/lib/test/auto/ThrowModelError.xml
2 ms. Memory: 565248K Free: 360480K (64%)
----------------- Invoking toplevel() on ptolemy.moml.MoMLSimpleApplication@17f49ad9
----------------- Done invoking toplevel() on ptolemy.moml.MoMLSimpleApplication@17f49ad9
reloadAllAccessors: .ThrowModelError

===========================================================================================
----------------- testing Fri Jun 21 04:45:40 UTC 2019 /home/travis/build/icyphy/ptII/ptolemy/actor/lib/test/auto/TimeDelayMicrosteps.xml
----------------- Instantiating /home/travis/build/icyphy/ptII/ptolemy/actor/lib/test/auto/TimeDelayMicrosteps.xml
4 ms. Memory: 565248K Free: 353791K (63%)
----------------- Invoking toplevel() on ptolemy.moml.MoMLSimpleApplication@542faa72
----------------- Done invoking toplevel() on ptolemy.moml.MoMLSimpleApplication@542faa72
reloadAllAccessors: .TimeDelayMicrosteps

===========================================================================================
----------------- testing Fri Jun 21 04:45:40 UTC 2019 /home/travis/build/icyphy/ptII/ptolemy/actor/lib/test/auto/TimeDelayMicrosteps2.xml
----------------- Instantiating /home/travis/build/icyphy/ptII/ptolemy/actor/lib/test/auto/TimeDelayMicrosteps2.xml
5 ms. Memory: 565248K Free: 346623K (61%)
----------------- Invoking toplevel() on ptolemy.moml.MoMLSimpleApplication@734214be
----------------- Done invoking toplevel() on ptolemy.moml.MoMLSimpleApplication@734214be
reloadAllAccessors: .TimeDelayMicrosteps2

===========================================================================================
----------------- testing Fri Jun 21 04:45:40 UTC 2019 /home/travis/build/icyphy/ptII/ptolemy/actor/lib/test/auto/TimeDelayMicrosteps3.xml
----------------- Instantiating /home/travis/build/icyphy/ptII/ptolemy/actor/lib/test/auto/TimeDelayMicrosteps3.xml
3 ms. Memory: 565248K Free: 339471K (60%)
----------------- Invoking toplevel() on ptolemy.moml.MoMLSimpleApplication@7984af2d
----------------- Done invoking toplevel() on ptolemy.moml.MoMLSimpleApplication@7984af2d
reloadAllAccessors: .TimeDelayMicrosteps3

===========================================================================================
----------------- testing Fri Jun 21 04:45:40 UTC 2019 /home/travis/build/icyphy/ptII/ptolemy/actor/lib/test/auto/TimeDelayVariableMicrosteps.xml
----------------- Instantiating /home/travis/build/icyphy/ptII/ptolemy/actor/lib/test/auto/TimeDelayVariableMicrosteps.xml
4 ms. Memory: 565248K Free: 333342K (59%)
----------------- Invoking toplevel() on ptolemy.moml.MoMLSimpleApplication@78f79b1a
----------------- Done invoking toplevel() on ptolemy.moml.MoMLSimpleApplication@78f79b1a
reloadAllAccessors: .TimeDelayVariableMicrosteps

===========================================================================================
----------------- testing Fri Jun 21 04:45:40 UTC 2019 /home/travis/build/icyphy/ptII/ptolemy/actor/lib/test/auto/TimeGap.xml
----------------- Instantiating /home/travis/build/icyphy/ptII/ptolemy/actor/lib/test/auto/TimeGap.xml
11 ms. Memory: 565248K Free: 328215K (58%)
----------------- Invoking toplevel() on ptolemy.moml.MoMLSimpleApplication@441d03a
----------------- Done invoking toplevel() on ptolemy.moml.MoMLSimpleApplication@441d03a
reloadAllAccessors: .TimeGap

===========================================================================================
----------------- testing Fri Jun 21 04:45:40 UTC 2019 /home/travis/build/icyphy/ptII/ptolemy/actor/lib/test/auto/TimeGap2.xml
----------------- Instantiating /home/travis/build/icyphy/ptII/ptolemy/actor/lib/test/auto/TimeGap2.xml
2 ms. Memory: 565248K Free: 322592K (57%)
----------------- Invoking toplevel() on ptolemy.moml.MoMLSimpleApplication@4ae23886
----------------- Done invoking toplevel() on ptolemy.moml.MoMLSimpleApplication@4ae23886
reloadAllAccessors: .TimeGap2

===========================================================================================
----------------- testing Fri Jun 21 04:45:40 UTC 2019 /home/travis/build/icyphy/ptII/ptolemy/actor/lib/test/auto/TimedSinewave.xml
----------------- Instantiating /home/travis/build/icyphy/ptII/ptolemy/actor/lib/test/auto/TimedSinewave.xml
15 ms. Memory: 565248K Free: 308256K (55%)
----------------- Invoking toplevel() on ptolemy.moml.MoMLSimpleApplication@41aeaf58
----------------- Done invoking toplevel() on ptolemy.moml.MoMLSimpleApplication@41aeaf58
reloadAllAccessors: .TimedSinewave

===========================================================================================
----------------- testing Fri Jun 21 04:45:40 UTC 2019 /home/travis/build/icyphy/ptII/ptolemy/actor/lib/test/auto/TimedSinewavePhase.xml
----------------- Instantiating /home/travis/build/icyphy/ptII/ptolemy/actor/lib/test/auto/TimedSinewavePhase.xml
11 ms. Memory: 565248K Free: 298526K (53%)
----------------- Invoking toplevel() on ptolemy.moml.MoMLSimpleApplication@52fbe1ac
----------------- Done invoking toplevel() on ptolemy.moml.MoMLSimpleApplication@52fbe1ac
reloadAllAccessors: .TimedSinewavePhase

===========================================================================================
----------------- testing Fri Jun 21 04:45:40 UTC 2019 /home/travis/build/icyphy/ptII/ptolemy/actor/lib/test/auto/Timer.xml
----------------- Instantiating /home/travis/build/icyphy/ptII/ptolemy/actor/lib/test/auto/Timer.xml
5 ms. Memory: 565248K Free: 292896K (52%)
----------------- Invoking toplevel() on ptolemy.moml.MoMLSimpleApplication@253a48ac
----------------- Done invoking toplevel() on ptolemy.moml.MoMLSimpleApplication@253a48ac
reloadAllAccessors: .Timer

===========================================================================================
----------------- testing Fri Jun 21 04:45:40 UTC 2019 /home/travis/build/icyphy/ptII/ptolemy/actor/lib/test/auto/TriangularDistTestModel.xml
----------------- Instantiating /home/travis/build/icyphy/ptII/ptolemy/actor/lib/test/auto/TriangularDistTestModel.xml
2 ms. Memory: 565248K Free: 287247K (51%)
----------------- Invoking toplevel() on ptolemy.moml.MoMLSimpleApplication@427b5c09
----------------- Done invoking toplevel() on ptolemy.moml.MoMLSimpleApplication@427b5c09
reloadAllAccessors: .TriangularDistTestModel

===========================================================================================
----------------- testing Fri Jun 21 04:45:40 UTC 2019 /home/travis/build/icyphy/ptII/ptolemy/actor/lib/test/auto/TrigFunction.xml
----------------- Instantiating /home/travis/build/icyphy/ptII/ptolemy/actor/lib/test/auto/TrigFunction.xml
2 ms. Memory: 565248K Free: 282142K (50%)
----------------- Invoking toplevel() on ptolemy.moml.MoMLSimpleApplication@64ec360b
----------------- Done invoking toplevel() on ptolemy.moml.MoMLSimpleApplication@64ec360b
reloadAllAccessors: .TrigFunction

===========================================================================================
----------------- testing Fri Jun 21 04:45:40 UTC 2019 /home/travis/build/icyphy/ptII/ptolemy/actor/lib/test/auto/TrigFunctionDE.xml
----------------- Instantiating /home/travis/build/icyphy/ptII/ptolemy/actor/lib/test/auto/TrigFunctionDE.xml
2 ms. Memory: 565248K Free: 276512K (49%)
----------------- Invoking toplevel() on ptolemy.moml.MoMLSimpleApplication@eba49d2
----------------- Done invoking toplevel() on ptolemy.moml.MoMLSimpleApplication@eba49d2
reloadAllAccessors: .TrigFunctionDE

===========================================================================================
----------------- testing Fri Jun 21 04:45:40 UTC 2019 /home/travis/build/icyphy/ptII/ptolemy/actor/lib/test/auto/TrigFunctionInverse.xml
----------------- Instantiating /home/travis/build/icyphy/ptII/ptolemy/actor/lib/test/auto/TrigFunctionInverse.xml
2 ms. Memory: 565248K Free: 271392K (48%)
----------------- Invoking toplevel() on ptolemy.moml.MoMLSimpleApplication@5daafa49
----------------- Done invoking toplevel() on ptolemy.moml.MoMLSimpleApplication@5daafa49
reloadAllAccessors: .TrigFunctionInverse

===========================================================================================
----------------- testing Fri Jun 21 04:45:40 UTC 2019 /home/travis/build/icyphy/ptII/ptolemy/actor/lib/test/auto/TrigFunctionTan.xml
----------------- Instantiating /home/travis/build/icyphy/ptII/ptolemy/actor/lib/test/auto/TrigFunctionTan.xml
2 ms. Memory: 565248K Free: 267296K (47%)
----------------- Invoking toplevel() on ptolemy.moml.MoMLSimpleApplication@401d8d04
----------------- Done invoking toplevel() on ptolemy.moml.MoMLSimpleApplication@401d8d04
reloadAllAccessors: .TrigFunctionTan

===========================================================================================
----------------- testing Fri Jun 21 04:45:40 UTC 2019 /home/travis/build/icyphy/ptII/ptolemy/actor/lib/test/auto/TriggeredClock.xml
----------------- Instantiating /home/travis/build/icyphy/ptII/ptolemy/actor/lib/test/auto/TriggeredClock.xml
2 ms. Memory: 565248K Free: 262176K (46%)
----------------- Invoking toplevel() on ptolemy.moml.MoMLSimpleApplication@27e810e
----------------- Done invoking toplevel() on ptolemy.moml.MoMLSimpleApplication@27e810e
reloadAllAccessors: .TriggeredClock

===========================================================================================
----------------- testing Fri Jun 21 04:45:40 UTC 2019 /home/travis/build/icyphy/ptII/ptolemy/actor/lib/test/auto/URLDirectoryReader.xml
----------------- Instantiating /home/travis/build/icyphy/ptII/ptolemy/actor/lib/test/auto/URLDirectoryReader.xml
35 ms. Memory: 565248K Free: 252446K (45%)
----------------- Invoking toplevel() on ptolemy.moml.MoMLSimpleApplication@779f2ecd
----------------- Done invoking toplevel() on ptolemy.moml.MoMLSimpleApplication@779f2ecd
reloadAllAccessors: .URLDirectoryReader

===========================================================================================
----------------- testing Fri Jun 21 04:45:40 UTC 2019 /home/travis/build/icyphy/ptII/ptolemy/actor/lib/test/auto/URLDirectoryReader3.xml
----------------- Instantiating /home/travis/build/icyphy/ptII/ptolemy/actor/lib/test/auto/URLDirectoryReader3.xml
1321 ms. Memory: 565248K Free: 507042K (90%)
----------------- Invoking toplevel() on ptolemy.moml.MoMLSimpleApplication@54496c7d
----------------- Done invoking toplevel() on ptolemy.moml.MoMLSimpleApplication@54496c7d
reloadAllAccessors: .URLDirectoryReader3

===========================================================================================
----------------- testing Fri Jun 21 04:45:42 UTC 2019 /home/travis/build/icyphy/ptII/ptolemy/actor/lib/test/auto/UnaryMathFunction.xml
----------------- Instantiating /home/travis/build/icyphy/ptII/ptolemy/actor/lib/test/auto/UnaryMathFunction.xml
2 ms. Memory: 565248K Free: 499232K (88%)
----------------- Invoking toplevel() on ptolemy.moml.MoMLSimpleApplication@4511182e
----------------- Done invoking toplevel() on ptolemy.moml.MoMLSimpleApplication@4511182e
reloadAllAccessors: .UnaryMathFunction

===========================================================================================
----------------- testing Fri Jun 21 04:45:42 UTC 2019 /home/travis/build/icyphy/ptII/ptolemy/actor/lib/test/auto/Uniform.xml
----------------- Instantiating /home/travis/build/icyphy/ptII/ptolemy/actor/lib/test/auto/Uniform.xml
6 ms. Memory: 565248K Free: 494622K (88%)
----------------- Invoking toplevel() on ptolemy.moml.MoMLSimpleApplication@5dbc3883
----------------- Done invoking toplevel() on ptolemy.moml.MoMLSimpleApplication@5dbc3883
reloadAllAccessors: .Uniform

===========================================================================================
----------------- testing Fri Jun 21 04:45:42 UTC 2019 /home/travis/build/icyphy/ptII/ptolemy/actor/lib/test/auto/UnionDisassemblerTest.xml
----------------- Instantiating /home/travis/build/icyphy/ptII/ptolemy/actor/lib/test/auto/UnionDisassemblerTest.xml
27 ms. Memory: 565248K Free: 491040K (87%)
----------------- Invoking toplevel() on ptolemy.moml.MoMLSimpleApplication@5e7f186a
----------------- Done invoking toplevel() on ptolemy.moml.MoMLSimpleApplication@5e7f186a
reloadAllAccessors: .UnionDisassemblerTest

===========================================================================================
----------------- testing Fri Jun 21 04:45:42 UTC 2019 /home/travis/build/icyphy/ptII/ptolemy/actor/lib/test/auto/UtilityFunctions.xml
----------------- Instantiating /home/travis/build/icyphy/ptII/ptolemy/actor/lib/test/auto/UtilityFunctions.xml
1 ms. Memory: 565248K Free: 486944K (86%)
----------------- Invoking toplevel() on ptolemy.moml.MoMLSimpleApplication@67aea05e
----------------- Done invoking toplevel() on ptolemy.moml.MoMLSimpleApplication@67aea05e
reloadAllAccessors: .UtilityFunctions

===========================================================================================
----------------- testing Fri Jun 21 04:45:42 UTC 2019 /home/travis/build/icyphy/ptII/ptolemy/actor/lib/test/auto/VariableSleep.xml
----------------- Instantiating /home/travis/build/icyphy/ptII/ptolemy/actor/lib/test/auto/VariableSleep.xml
503 ms. Memory: 565248K Free: 481310K (85%)
----------------- Invoking toplevel() on ptolemy.moml.MoMLSimpleApplication@48e87371
----------------- Done invoking toplevel() on ptolemy.moml.MoMLSimpleApplication@48e87371
reloadAllAccessors: .VariableSleep

===========================================================================================
----------------- testing Fri Jun 21 04:45:42 UTC 2019 /home/travis/build/icyphy/ptII/ptolemy/actor/lib/test/auto/VectorAssemblerDisassemblerCT.xml
----------------- Instantiating /home/travis/build/icyphy/ptII/ptolemy/actor/lib/test/auto/VectorAssemblerDisassemblerCT.xml
85 ms. Memory: 565248K Free: 461342K (82%)
----------------- Invoking toplevel() on ptolemy.moml.MoMLSimpleApplication@203ec7d2
----------------- Done invoking toplevel() on ptolemy.moml.MoMLSimpleApplication@203ec7d2
reloadAllAccessors: .VectorAssemblerDisassemblerCT

===========================================================================================
----------------- testing Fri Jun 21 04:45:42 UTC 2019 /home/travis/build/icyphy/ptII/ptolemy/actor/lib/test/auto/VectorAssemblerDisassemblerDE.xml
----------------- Instantiating /home/travis/build/icyphy/ptII/ptolemy/actor/lib/test/auto/VectorAssemblerDisassemblerDE.xml
3 ms. Memory: 565248K Free: 454176K (80%)
----------------- Invoking toplevel() on ptolemy.moml.MoMLSimpleApplication@12256a51
----------------- Done invoking toplevel() on ptolemy.moml.MoMLSimpleApplication@12256a51
reloadAllAccessors: .VectorAssemblerDisassemblerDE

===========================================================================================
----------------- testing Fri Jun 21 04:45:42 UTC 2019 /home/travis/build/icyphy/ptII/ptolemy/actor/lib/test/auto/VectorAssemblerDisassemblerSDF.xml
----------------- Instantiating /home/travis/build/icyphy/ptII/ptolemy/actor/lib/test/auto/VectorAssemblerDisassemblerSDF.xml
3 ms. Memory: 565248K Free: 448032K (79%)
----------------- Invoking toplevel() on ptolemy.moml.MoMLSimpleApplication@f81ea6d
----------------- Done invoking toplevel() on ptolemy.moml.MoMLSimpleApplication@f81ea6d
reloadAllAccessors: .VectorAssemblerDisassemblerSDF

===========================================================================================
----------------- testing Fri Jun 21 04:45:42 UTC 2019 /home/travis/build/icyphy/ptII/ptolemy/actor/lib/test/auto/WallClockTime.xml
----------------- Instantiating /home/travis/build/icyphy/ptII/ptolemy/actor/lib/test/auto/WallClockTime.xml
1007 ms. Memory: 565248K Free: 442912K (78%)
----------------- Invoking toplevel() on ptolemy.moml.MoMLSimpleApplication@1c15e1d6
----------------- Done invoking toplevel() on ptolemy.moml.MoMLSimpleApplication@1c15e1d6
reloadAllAccessors: .WallClockTime

===========================================================================================
----------------- testing Fri Jun 21 04:45:43 UTC 2019 /home/travis/build/icyphy/ptII/ptolemy/actor/lib/test/auto/WidthTestWithSubscriberPublisher.xml
----------------- Instantiating /home/travis/build/icyphy/ptII/ptolemy/actor/lib/test/auto/WidthTestWithSubscriberPublisher.xml
8 ms. Memory: 565248K Free: 425504K (75%)
----------------- Invoking toplevel() on ptolemy.moml.MoMLSimpleApplication@b8e8721
----------------- Done invoking toplevel() on ptolemy.moml.MoMLSimpleApplication@b8e8721
reloadAllAccessors: .WidthTestWithSubscriberPublisher

===========================================================================================
----------------- testing Fri Jun 21 04:45:44 UTC 2019 /home/travis/build/icyphy/ptII/ptolemy/actor/lib/test/auto/WidthTestWithSubscriberPublisher2.xml
----------------- Instantiating /home/travis/build/icyphy/ptII/ptolemy/actor/lib/test/auto/WidthTestWithSubscriberPublisher2.xml
3 ms. Memory: 565248K Free: 418846K (74%)
----------------- Invoking toplevel() on ptolemy.moml.MoMLSimpleApplication@2eb60f02
----------------- Done invoking toplevel() on ptolemy.moml.MoMLSimpleApplication@2eb60f02
reloadAllAccessors: .WidthTestWithSubscriberPublisher2

===========================================================================================
----------------- testing Fri Jun 21 04:45:44 UTC 2019 /home/travis/build/icyphy/ptII/ptolemy/actor/lib/test/auto/WidthTestWithSubscriberPublisher3.xml
----------------- Instantiating /home/travis/build/icyphy/ptII/ptolemy/actor/lib/test/auto/WidthTestWithSubscriberPublisher3.xml
2 ms. Memory: 565248K Free: 412702K (73%)
----------------- Invoking toplevel() on ptolemy.moml.MoMLSimpleApplication@1c765fc4
----------------- Done invoking toplevel() on ptolemy.moml.MoMLSimpleApplication@1c765fc4
reloadAllAccessors: .WidthTestWithSubscriberPublisher3

===========================================================================================
----------------- testing Fri Jun 21 04:45:44 UTC 2019 /home/travis/build/icyphy/ptII/ptolemy/actor/lib/test/auto/Writer.xml
----------------- Instantiating /home/travis/build/icyphy/ptII/ptolemy/actor/lib/test/auto/Writer.xml
0
1
2
3
4
1 ms. Memory: 565248K Free: 408599K (72%)
----------------- Invoking toplevel() on ptolemy.moml.MoMLSimpleApplication@2ec897d6
----------------- Done invoking toplevel() on ptolemy.moml.MoMLSimpleApplication@2ec897d6
reloadAllAccessors: .Writer

===========================================================================================
----------------- testing Fri Jun 21 04:45:44 UTC 2019 /home/travis/build/icyphy/ptII/ptolemy/actor/lib/test/auto/array.xml
----------------- Instantiating /home/travis/build/icyphy/ptII/ptolemy/actor/lib/test/auto/array.xml
2 ms. Memory: 565248K Free: 402976K (71%)
----------------- Invoking toplevel() on ptolemy.moml.MoMLSimpleApplication@57577abc
----------------- Done invoking toplevel() on ptolemy.moml.MoMLSimpleApplication@57577abc
reloadAllAccessors: .array

===========================================================================================
----------------- testing Fri Jun 21 04:45:44 UTC 2019 /home/travis/build/icyphy/ptII/ptolemy/actor/lib/test/auto/array2.xml
----------------- Instantiating /home/travis/build/icyphy/ptII/ptolemy/actor/lib/test/auto/array2.xml
12 ms. Memory: 565248K Free: 397327K (70%)
----------------- Invoking toplevel() on ptolemy.moml.MoMLSimpleApplication@35322ae5
----------------- Done invoking toplevel() on ptolemy.moml.MoMLSimpleApplication@35322ae5
reloadAllAccessors: .array2

===========================================================================================
----------------- testing Fri Jun 21 04:45:44 UTC 2019 /home/travis/build/icyphy/ptII/ptolemy/actor/lib/test/auto/arrayType.xml
----------------- Instantiating /home/travis/build/icyphy/ptII/ptolemy/actor/lib/test/auto/arrayType.xml
2 ms. Memory: 565248K Free: 392222K (69%)
----------------- Invoking toplevel() on ptolemy.moml.MoMLSimpleApplication@45da3021
----------------- Done invoking toplevel() on ptolemy.moml.MoMLSimpleApplication@45da3021
reloadAllAccessors: .arrayType

===========================================================================================
----------------- testing Fri Jun 21 04:45:44 UTC 2019 /home/travis/build/icyphy/ptII/ptolemy/actor/lib/test/auto/arrayType10.xml
----------------- Instantiating /home/travis/build/icyphy/ptII/ptolemy/actor/lib/test/auto/arrayType10.xml
2 ms. Memory: 565248K Free: 387616K (69%)
----------------- Invoking toplevel() on ptolemy.moml.MoMLSimpleApplication@323afd9e
----------------- Done invoking toplevel() on ptolemy.moml.MoMLSimpleApplication@323afd9e
reloadAllAccessors: .arrayType10

===========================================================================================
----------------- testing Fri Jun 21 04:45:44 UTC 2019 /home/travis/build/icyphy/ptII/ptolemy/actor/lib/test/auto/arrayType11.xml
----------------- Instantiating /home/travis/build/icyphy/ptII/ptolemy/actor/lib/test/auto/arrayType11.xml
3 ms. Memory: 565248K Free: 383006K (68%)
----------------- Invoking toplevel() on ptolemy.moml.MoMLSimpleApplication@361066ed
----------------- Done invoking toplevel() on ptolemy.moml.MoMLSimpleApplication@361066ed
reloadAllAccessors: .arrayType11

===========================================================================================
----------------- testing Fri Jun 21 04:45:44 UTC 2019 /home/travis/build/icyphy/ptII/ptolemy/actor/lib/test/auto/arrayType12.xml
----------------- Instantiating /home/travis/build/icyphy/ptII/ptolemy/actor/lib/test/auto/arrayType12.xml
2 ms. Memory: 565248K Free: 378400K (67%)
----------------- Invoking toplevel() on ptolemy.moml.MoMLSimpleApplication@412d0ef2
----------------- Done invoking toplevel() on ptolemy.moml.MoMLSimpleApplication@412d0ef2
reloadAllAccessors: .arrayType12

===========================================================================================
----------------- testing Fri Jun 21 04:45:44 UTC 2019 /home/travis/build/icyphy/ptII/ptolemy/actor/lib/test/auto/arrayType13.xml
----------------- Instantiating /home/travis/build/icyphy/ptII/ptolemy/actor/lib/test/auto/arrayType13.xml
2 ms. Memory: 565248K Free: 372766K (66%)
----------------- Invoking toplevel() on ptolemy.moml.MoMLSimpleApplication@74e44e48
----------------- Done invoking toplevel() on ptolemy.moml.MoMLSimpleApplication@74e44e48
reloadAllAccessors: .arrayType13

===========================================================================================
----------------- testing Fri Jun 21 04:45:44 UTC 2019 /home/travis/build/icyphy/ptII/ptolemy/actor/lib/test/auto/arrayType14.xml
----------------- Instantiating /home/travis/build/icyphy/ptII/ptolemy/actor/lib/test/auto/arrayType14.xml
3 ms. Memory: 565248K Free: 367646K (65%)
----------------- Invoking toplevel() on ptolemy.moml.MoMLSimpleApplication@49830f3
----------------- Done invoking toplevel() on ptolemy.moml.MoMLSimpleApplication@49830f3
reloadAllAccessors: .arrayType14

===========================================================================================
----------------- testing Fri Jun 21 04:45:44 UTC 2019 /home/travis/build/icyphy/ptII/ptolemy/actor/lib/test/auto/arrayType15.xml
----------------- Instantiating /home/travis/build/icyphy/ptII/ptolemy/actor/lib/test/auto/arrayType15.xml
2 ms. Memory: 565248K Free: 362526K (64%)
----------------- Invoking toplevel() on ptolemy.moml.MoMLSimpleApplication@66e8d58e
----------------- Done invoking toplevel() on ptolemy.moml.MoMLSimpleApplication@66e8d58e
reloadAllAccessors: .arrayType15

===========================================================================================
----------------- testing Fri Jun 21 04:45:44 UTC 2019 /home/travis/build/icyphy/ptII/ptolemy/actor/lib/test/auto/arrayType16.xml
----------------- Instantiating /home/travis/build/icyphy/ptII/ptolemy/actor/lib/test/auto/arrayType16.xml
2 ms. Memory: 565248K Free: 357406K (63%)
----------------- Invoking toplevel() on ptolemy.moml.MoMLSimpleApplication@8eca139
----------------- Done invoking toplevel() on ptolemy.moml.MoMLSimpleApplication@8eca139
reloadAllAccessors: .arrayType16

===========================================================================================
----------------- testing Fri Jun 21 04:45:44 UTC 2019 /home/travis/build/icyphy/ptII/ptolemy/actor/lib/test/auto/arrayType17.xml
----------------- Instantiating /home/travis/build/icyphy/ptII/ptolemy/actor/lib/test/auto/arrayType17.xml
2 ms. Memory: 565248K Free: 351776K (62%)
----------------- Invoking toplevel() on ptolemy.moml.MoMLSimpleApplication@6e55fc8d
----------------- Done invoking toplevel() on ptolemy.moml.MoMLSimpleApplication@6e55fc8d
reloadAllAccessors: .arrayType17

===========================================================================================
----------------- testing Fri Jun 21 04:45:44 UTC 2019 /home/travis/build/icyphy/ptII/ptolemy/actor/lib/test/auto/arrayType18.xml
----------------- Instantiating /home/travis/build/icyphy/ptII/ptolemy/actor/lib/test/auto/arrayType18.xml
1 ms. Memory: 565248K Free: 347166K (61%)
----------------- Invoking toplevel() on ptolemy.moml.MoMLSimpleApplication@35b123bb
----------------- Done invoking toplevel() on ptolemy.moml.MoMLSimpleApplication@35b123bb
reloadAllAccessors: .arrayType18

===========================================================================================
----------------- testing Fri Jun 21 04:45:44 UTC 2019 /home/travis/build/icyphy/ptII/ptolemy/actor/lib/test/auto/arrayType19.xml
----------------- Instantiating /home/travis/build/icyphy/ptII/ptolemy/actor/lib/test/auto/arrayType19.xml
2 ms. Memory: 565248K Free: 342560K (61%)
----------------- Invoking toplevel() on ptolemy.moml.MoMLSimpleApplication@6c197c56
----------------- Done invoking toplevel() on ptolemy.moml.MoMLSimpleApplication@6c197c56
reloadAllAccessors: .arrayType19

===========================================================================================
----------------- testing Fri Jun 21 04:45:44 UTC 2019 /home/travis/build/icyphy/ptII/ptolemy/actor/lib/test/auto/arrayType2.xml
----------------- Instantiating /home/travis/build/icyphy/ptII/ptolemy/actor/lib/test/auto/arrayType2.xml
2 ms. Memory: 565248K Free: 337440K (60%)
----------------- Invoking toplevel() on ptolemy.moml.MoMLSimpleApplication@7e06fe12
----------------- Done invoking toplevel() on ptolemy.moml.MoMLSimpleApplication@7e06fe12
reloadAllAccessors: .arrayType2

===========================================================================================
----------------- testing Fri Jun 21 04:45:44 UTC 2019 /home/travis/build/icyphy/ptII/ptolemy/actor/lib/test/auto/arrayType20.xml
----------------- Instantiating /home/travis/build/icyphy/ptII/ptolemy/actor/lib/test/auto/arrayType20.xml
2 ms. Memory: 565248K Free: 331806K (59%)
----------------- Invoking toplevel() on ptolemy.moml.MoMLSimpleApplication@6f76bfeb
----------------- Done invoking toplevel() on ptolemy.moml.MoMLSimpleApplication@6f76bfeb
reloadAllAccessors: .arrayType20

===========================================================================================
----------------- testing Fri Jun 21 04:45:44 UTC 2019 /home/travis/build/icyphy/ptII/ptolemy/actor/lib/test/auto/arrayType21.xml
----------------- Instantiating /home/travis/build/icyphy/ptII/ptolemy/actor/lib/test/auto/arrayType21.xml
1 ms. Memory: 565248K Free: 327200K (58%)
----------------- Invoking toplevel() on ptolemy.moml.MoMLSimpleApplication@752807f9
----------------- Done invoking toplevel() on ptolemy.moml.MoMLSimpleApplication@752807f9
reloadAllAccessors: .arrayType21

===========================================================================================
----------------- testing Fri Jun 21 04:45:44 UTC 2019 /home/travis/build/icyphy/ptII/ptolemy/actor/lib/test/auto/arrayType22.xml
----------------- Instantiating /home/travis/build/icyphy/ptII/ptolemy/actor/lib/test/auto/arrayType22.xml
1 ms. Memory: 565248K Free: 322590K (57%)
----------------- Invoking toplevel() on ptolemy.moml.MoMLSimpleApplication@24f29f48
----------------- Done invoking toplevel() on ptolemy.moml.MoMLSimpleApplication@24f29f48
reloadAllAccessors: .arrayType22

===========================================================================================
----------------- testing Fri Jun 21 04:45:44 UTC 2019 /home/travis/build/icyphy/ptII/ptolemy/actor/lib/test/auto/arrayType23.xml
----------------- Instantiating /home/travis/build/icyphy/ptII/ptolemy/actor/lib/test/auto/arrayType23.xml
3 ms. Memory: 565248K Free: 317984K (56%)
----------------- Invoking toplevel() on ptolemy.moml.MoMLSimpleApplication@18ae893e
----------------- Done invoking toplevel() on ptolemy.moml.MoMLSimpleApplication@18ae893e
reloadAllAccessors: .arrayType23

===========================================================================================
----------------- testing Fri Jun 21 04:45:44 UTC 2019 /home/travis/build/icyphy/ptII/ptolemy/actor/lib/test/auto/arrayType24.xml
----------------- Instantiating /home/travis/build/icyphy/ptII/ptolemy/actor/lib/test/auto/arrayType24.xml
2 ms. Memory: 565248K Free: 312350K (55%)
----------------- Invoking toplevel() on ptolemy.moml.MoMLSimpleApplication@22da812b
----------------- Done invoking toplevel() on ptolemy.moml.MoMLSimpleApplication@22da812b
reloadAllAccessors: .arrayType24

===========================================================================================
----------------- testing Fri Jun 21 04:45:44 UTC 2019 /home/travis/build/icyphy/ptII/ptolemy/actor/lib/test/auto/arrayType25.xml
----------------- Instantiating /home/travis/build/icyphy/ptII/ptolemy/actor/lib/test/auto/arrayType25.xml
1 ms. Memory: 565248K Free: 307230K (54%)
----------------- Invoking toplevel() on ptolemy.moml.MoMLSimpleApplication@73475ef3
----------------- Done invoking toplevel() on ptolemy.moml.MoMLSimpleApplication@73475ef3
reloadAllAccessors: .arrayType25

===========================================================================================
----------------- testing Fri Jun 21 04:45:44 UTC 2019 /home/travis/build/icyphy/ptII/ptolemy/actor/lib/test/auto/arrayType26.xml
----------------- Instantiating /home/travis/build/icyphy/ptII/ptolemy/actor/lib/test/auto/arrayType26.xml
2 ms. Memory: 565248K Free: 302110K (53%)
----------------- Invoking toplevel() on ptolemy.moml.MoMLSimpleApplication@6f3f4b92
----------------- Done invoking toplevel() on ptolemy.moml.MoMLSimpleApplication@6f3f4b92
reloadAllAccessors: .arrayType26

===========================================================================================
----------------- testing Fri Jun 21 04:45:44 UTC 2019 /home/travis/build/icyphy/ptII/ptolemy/actor/lib/test/auto/arrayType27.xml
----------------- Instantiating /home/travis/build/icyphy/ptII/ptolemy/actor/lib/test/auto/arrayType27.xml
1 ms. Memory: 565248K Free: 296990K (53%)
----------------- Invoking toplevel() on ptolemy.moml.MoMLSimpleApplication@21468b03
----------------- Done invoking toplevel() on ptolemy.moml.MoMLSimpleApplication@21468b03
reloadAllAccessors: .arrayType27

===========================================================================================
----------------- testing Fri Jun 21 04:45:44 UTC 2019 /home/travis/build/icyphy/ptII/ptolemy/actor/lib/test/auto/arrayType28.xml
----------------- Instantiating /home/travis/build/icyphy/ptII/ptolemy/actor/lib/test/auto/arrayType28.xml
2 ms. Memory: 565248K Free: 291360K (52%)
----------------- Invoking toplevel() on ptolemy.moml.MoMLSimpleApplication@e747726
----------------- Done invoking toplevel() on ptolemy.moml.MoMLSimpleApplication@e747726
reloadAllAccessors: .arrayType28

===========================================================================================
----------------- testing Fri Jun 21 04:45:44 UTC 2019 /home/travis/build/icyphy/ptII/ptolemy/actor/lib/test/auto/arrayType3.xml
----------------- Instantiating /home/travis/build/icyphy/ptII/ptolemy/actor/lib/test/auto/arrayType3.xml
6 ms. Memory: 565248K Free: 286240K (51%)
----------------- Invoking toplevel() on ptolemy.moml.MoMLSimpleApplication@cd625c6
----------------- Done invoking toplevel() on ptolemy.moml.MoMLSimpleApplication@cd625c6
reloadAllAccessors: .arrayType3

===========================================================================================
----------------- testing Fri Jun 21 04:45:44 UTC 2019 /home/travis/build/icyphy/ptII/ptolemy/actor/lib/test/auto/arrayType4.xml
----------------- Instantiating /home/travis/build/icyphy/ptII/ptolemy/actor/lib/test/auto/arrayType4.xml
1 ms. Memory: 565248K Free: 281120K (50%)
----------------- Invoking toplevel() on ptolemy.moml.MoMLSimpleApplication@2fa4abf4
----------------- Done invoking toplevel() on ptolemy.moml.MoMLSimpleApplication@2fa4abf4
reloadAllAccessors: .arrayType4

===========================================================================================
----------------- testing Fri Jun 21 04:45:44 UTC 2019 /home/travis/build/icyphy/ptII/ptolemy/actor/lib/test/auto/arrayType5.xml
----------------- Instantiating /home/travis/build/icyphy/ptII/ptolemy/actor/lib/test/auto/arrayType5.xml
2 ms. Memory: 565248K Free: 276000K (49%)
----------------- Invoking toplevel() on ptolemy.moml.MoMLSimpleApplication@3ec6f408
----------------- Done invoking toplevel() on ptolemy.moml.MoMLSimpleApplication@3ec6f408
reloadAllAccessors: .arrayType5

===========================================================================================
----------------- testing Fri Jun 21 04:45:44 UTC 2019 /home/travis/build/icyphy/ptII/ptolemy/actor/lib/test/auto/arrayType6.xml
----------------- Instantiating /home/travis/build/icyphy/ptII/ptolemy/actor/lib/test/auto/arrayType6.xml
1 ms. Memory: 565248K Free: 270880K (48%)
----------------- Invoking toplevel() on ptolemy.moml.MoMLSimpleApplication@6d3a968b
----------------- Done invoking toplevel() on ptolemy.moml.MoMLSimpleApplication@6d3a968b
reloadAllAccessors: .arrayType6

===========================================================================================
----------------- testing Fri Jun 21 04:45:44 UTC 2019 /home/travis/build/icyphy/ptII/ptolemy/actor/lib/test/auto/arrayType7.xml
----------------- Instantiating /home/travis/build/icyphy/ptII/ptolemy/actor/lib/test/auto/arrayType7.xml
2 ms. Memory: 565248K Free: 266270K (47%)
----------------- Invoking toplevel() on ptolemy.moml.MoMLSimpleApplication@55a7fbc4
----------------- Done invoking toplevel() on ptolemy.moml.MoMLSimpleApplication@55a7fbc4
reloadAllAccessors: .arrayType7

===========================================================================================
----------------- testing Fri Jun 21 04:45:44 UTC 2019 /home/travis/build/icyphy/ptII/ptolemy/actor/lib/test/auto/arrayType8.xml
----------------- Instantiating /home/travis/build/icyphy/ptII/ptolemy/actor/lib/test/auto/arrayType8.xml
1 ms. Memory: 565248K Free: 261664K (46%)
----------------- Invoking toplevel() on ptolemy.moml.MoMLSimpleApplication@29911abf
----------------- Done invoking toplevel() on ptolemy.moml.MoMLSimpleApplication@29911abf
reloadAllAccessors: .arrayType8

===========================================================================================
----------------- testing Fri Jun 21 04:45:44 UTC 2019 /home/travis/build/icyphy/ptII/ptolemy/actor/lib/test/auto/arrayType9.xml
----------------- Instantiating /home/travis/build/icyphy/ptII/ptolemy/actor/lib/test/auto/arrayType9.xml
8 ms. Memory: 565248K Free: 256544K (45%)
----------------- Invoking toplevel() on ptolemy.moml.MoMLSimpleApplication@476013c4
----------------- Done invoking toplevel() on ptolemy.moml.MoMLSimpleApplication@476013c4
reloadAllAccessors: .arrayType9

===========================================================================================
----------------- testing Fri Jun 21 04:45:44 UTC 2019 /home/travis/build/icyphy/ptII/ptolemy/actor/lib/test/auto/cast.xml
----------------- Instantiating /home/travis/build/icyphy/ptII/ptolemy/actor/lib/test/auto/cast.xml
3 ms. Memory: 565248K Free: 251934K (45%)
----------------- Invoking toplevel() on ptolemy.moml.MoMLSimpleApplication@64bcd106
----------------- Done invoking toplevel() on ptolemy.moml.MoMLSimpleApplication@64bcd106
reloadAllAccessors: .cast

===========================================================================================
----------------- testing Fri Jun 21 04:45:44 UTC 2019 /home/travis/build/icyphy/ptII/ptolemy/actor/lib/test/auto/compositeMultiPort.xml
----------------- Instantiating /home/travis/build/icyphy/ptII/ptolemy/actor/lib/test/auto/compositeMultiPort.xml
4 ms. Memory: 565248K Free: 243232K (43%)
----------------- Invoking toplevel() on ptolemy.moml.MoMLSimpleApplication@d7bd7bb
----------------- Done invoking toplevel() on ptolemy.moml.MoMLSimpleApplication@d7bd7bb
reloadAllAccessors: .compositeMultiPort

===========================================================================================
----------------- testing Fri Jun 21 04:45:44 UTC 2019 /home/travis/build/icyphy/ptII/ptolemy/actor/lib/test/auto/expressionCastInference.xml
----------------- Instantiating /home/travis/build/icyphy/ptII/ptolemy/actor/lib/test/auto/expressionCastInference.xml
2 ms. Memory: 565248K Free: 238622K (42%)
----------------- Invoking toplevel() on ptolemy.moml.MoMLSimpleApplication@49d14df4
----------------- Done invoking toplevel() on ptolemy.moml.MoMLSimpleApplication@49d14df4
reloadAllAccessors: .expressionCastInference

===========================================================================================
----------------- testing Fri Jun 21 04:45:44 UTC 2019 /home/travis/build/icyphy/ptII/ptolemy/actor/lib/test/auto/expressionCastInference2.xml
----------------- Instantiating /home/travis/build/icyphy/ptII/ptolemy/actor/lib/test/auto/expressionCastInference2.xml
3 ms. Memory: 565248K Free: 233502K (41%)
----------------- Invoking toplevel() on ptolemy.moml.MoMLSimpleApplication@accaf21
----------------- Done invoking toplevel() on ptolemy.moml.MoMLSimpleApplication@accaf21
reloadAllAccessors: .expressionCastInference2

===========================================================================================
----------------- testing Fri Jun 21 04:45:44 UTC 2019 /home/travis/build/icyphy/ptII/ptolemy/actor/lib/test/auto/expressionInference.xml
----------------- Instantiating /home/travis/build/icyphy/ptII/ptolemy/actor/lib/test/auto/expressionInference.xml
2 ms. Memory: 565248K Free: 229406K (41%)
----------------- Invoking toplevel() on ptolemy.moml.MoMLSimpleApplication@1e0c344c
----------------- Done invoking toplevel() on ptolemy.moml.MoMLSimpleApplication@1e0c344c
reloadAllAccessors: .expressionInference

===========================================================================================
----------------- testing Fri Jun 21 04:45:44 UTC 2019 /home/travis/build/icyphy/ptII/ptolemy/actor/lib/test/auto/expression_bug.xml
----------------- Instantiating /home/travis/build/icyphy/ptII/ptolemy/actor/lib/test/auto/expression_bug.xml
2 ms. Memory: 565248K Free: 225310K (40%)
----------------- Invoking toplevel() on ptolemy.moml.MoMLSimpleApplication@7354616e
----------------- Done invoking toplevel() on ptolemy.moml.MoMLSimpleApplication@7354616e
reloadAllAccessors: .expression_bug

===========================================================================================
----------------- testing Fri Jun 21 04:45:44 UTC 2019 /home/travis/build/icyphy/ptII/ptolemy/actor/lib/test/auto/factorial.xml
----------------- Instantiating /home/travis/build/icyphy/ptII/ptolemy/actor/lib/test/auto/factorial.xml
37 ms. Memory: 565248K Free: 216608K (38%)
----------------- Invoking toplevel() on ptolemy.moml.MoMLSimpleApplication@3a8d5af7
----------------- Done invoking toplevel() on ptolemy.moml.MoMLSimpleApplication@3a8d5af7
reloadAllAccessors: .factorial

===========================================================================================
----------------- testing Fri Jun 21 04:45:44 UTC 2019 /home/travis/build/icyphy/ptII/ptolemy/actor/lib/test/auto/filterTest1.xml
----------------- Instantiating /home/travis/build/icyphy/ptII/ptolemy/actor/lib/test/auto/filterTest1.xml
3 ms. Memory: 565248K Free: 210959K (37%)
----------------- Invoking toplevel() on ptolemy.moml.MoMLSimpleApplication@5e3bb13a
----------------- Done invoking toplevel() on ptolemy.moml.MoMLSimpleApplication@5e3bb13a
reloadAllAccessors: .filterTest1

===========================================================================================
----------------- testing Fri Jun 21 04:45:44 UTC 2019 /home/travis/build/icyphy/ptII/ptolemy/actor/lib/test/auto/funcApplyInConst.xml
----------------- Instantiating /home/travis/build/icyphy/ptII/ptolemy/actor/lib/test/auto/funcApplyInConst.xml
1 ms. Memory: 565248K Free: 207392K (37%)
----------------- Invoking toplevel() on ptolemy.moml.MoMLSimpleApplication@2d8d5c1a
----------------- Done invoking toplevel() on ptolemy.moml.MoMLSimpleApplication@2d8d5c1a
reloadAllAccessors: .funcApplyInConst

===========================================================================================
----------------- testing Fri Jun 21 04:45:44 UTC 2019 /home/travis/build/icyphy/ptII/ptolemy/actor/lib/test/auto/funcApplyInExpr.xml
----------------- Instantiating /home/travis/build/icyphy/ptII/ptolemy/actor/lib/test/auto/funcApplyInExpr.xml
1 ms. Memory: 565248K Free: 203296K (36%)
----------------- Invoking toplevel() on ptolemy.moml.MoMLSimpleApplication@6261ecd0
----------------- Done invoking toplevel() on ptolemy.moml.MoMLSimpleApplication@6261ecd0
reloadAllAccessors: .funcApplyInExpr

===========================================================================================
----------------- testing Fri Jun 21 04:45:44 UTC 2019 /home/travis/build/icyphy/ptII/ptolemy/actor/lib/test/auto/function.xml
----------------- Instantiating /home/travis/build/icyphy/ptII/ptolemy/actor/lib/test/auto/function.xml
3 ms. Memory: 565248K Free: 198686K (35%)
----------------- Invoking toplevel() on ptolemy.moml.MoMLSimpleApplication@3fcf1f9f
----------------- Done invoking toplevel() on ptolemy.moml.MoMLSimpleApplication@3fcf1f9f
reloadAllAccessors: .function

===========================================================================================
----------------- testing Fri Jun 21 04:45:44 UTC 2019 /home/travis/build/icyphy/ptII/ptolemy/actor/lib/test/auto/function2.xml
----------------- Instantiating /home/travis/build/icyphy/ptII/ptolemy/actor/lib/test/auto/function2.xml
4 ms. Memory: 565248K Free: 194080K (34%)
----------------- Invoking toplevel() on ptolemy.moml.MoMLSimpleApplication@4a7fe6f4
----------------- Done invoking toplevel() on ptolemy.moml.MoMLSimpleApplication@4a7fe6f4
reloadAllAccessors: .function2

===========================================================================================
----------------- testing Fri Jun 21 04:45:44 UTC 2019 /home/travis/build/icyphy/ptII/ptolemy/actor/lib/test/auto/function3.xml
----------------- Instantiating /home/travis/build/icyphy/ptII/ptolemy/actor/lib/test/auto/function3.xml
3 ms. Memory: 565248K Free: 189984K (34%)
----------------- Invoking toplevel() on ptolemy.moml.MoMLSimpleApplication@35da86c4
----------------- Done invoking toplevel() on ptolemy.moml.MoMLSimpleApplication@35da86c4
reloadAllAccessors: .function3

===========================================================================================
----------------- testing Fri Jun 21 04:45:44 UTC 2019 /home/travis/build/icyphy/ptII/ptolemy/actor/lib/test/auto/functionClosureTest1.xml
----------------- Instantiating /home/travis/build/icyphy/ptII/ptolemy/actor/lib/test/auto/functionClosureTest1.xml
50 ms. Memory: 565248K Free: 511747K (91%)
----------------- Invoking toplevel() on ptolemy.moml.MoMLSimpleApplication@6caae986
----------------- Done invoking toplevel() on ptolemy.moml.MoMLSimpleApplication@6caae986
reloadAllAccessors: .functionClosureTest1

===========================================================================================
----------------- testing Fri Jun 21 04:45:44 UTC 2019 /home/travis/build/icyphy/ptII/ptolemy/actor/lib/test/auto/functionClosureTest2.xml
----------------- Instantiating /home/travis/build/icyphy/ptII/ptolemy/actor/lib/test/auto/functionClosureTest2.xml
2 ms. Memory: 565248K Free: 507424K (90%)
----------------- Invoking toplevel() on ptolemy.moml.MoMLSimpleApplication@62fe5ec7
----------------- Done invoking toplevel() on ptolemy.moml.MoMLSimpleApplication@62fe5ec7
reloadAllAccessors: .functionClosureTest2

===========================================================================================
----------------- testing Fri Jun 21 04:45:44 UTC 2019 /home/travis/build/icyphy/ptII/ptolemy/actor/lib/test/auto/functionClosureTest3.xml
----------------- Instantiating /home/travis/build/icyphy/ptII/ptolemy/actor/lib/test/auto/functionClosureTest3.xml
2 ms. Memory: 565248K Free: 502304K (89%)
----------------- Invoking toplevel() on ptolemy.moml.MoMLSimpleApplication@7e070ce4
----------------- Done invoking toplevel() on ptolemy.moml.MoMLSimpleApplication@7e070ce4
reloadAllAccessors: .functionClosureTest3

===========================================================================================
----------------- testing Fri Jun 21 04:45:44 UTC 2019 /home/travis/build/icyphy/ptII/ptolemy/actor/lib/test/auto/functionClosureTest4.xml
----------------- Instantiating /home/travis/build/icyphy/ptII/ptolemy/actor/lib/test/auto/functionClosureTest4.xml
7 ms. Memory: 565248K Free: 496160K (88%)
----------------- Invoking toplevel() on ptolemy.moml.MoMLSimpleApplication@6ed062a3
----------------- Done invoking toplevel() on ptolemy.moml.MoMLSimpleApplication@6ed062a3
reloadAllAccessors: .functionClosureTest4

===========================================================================================
----------------- testing Fri Jun 21 04:45:44 UTC 2019 /home/travis/build/icyphy/ptII/ptolemy/actor/lib/test/auto/functionClosureTest5.xml
----------------- Instantiating /home/travis/build/icyphy/ptII/ptolemy/actor/lib/test/auto/functionClosureTest5.xml
5 ms. Memory: 565248K Free: 490511K (87%)
----------------- Invoking toplevel() on ptolemy.moml.MoMLSimpleApplication@2f3129e4
----------------- Done invoking toplevel() on ptolemy.moml.MoMLSimpleApplication@2f3129e4
reloadAllAccessors: .functionClosureTest5

===========================================================================================
----------------- testing Fri Jun 21 04:45:44 UTC 2019 /home/travis/build/icyphy/ptII/ptolemy/actor/lib/test/auto/functionClosureTest6.xml
----------------- Instantiating /home/travis/build/icyphy/ptII/ptolemy/actor/lib/test/auto/functionClosureTest6.xml
2 ms. Memory: 565248K Free: 485920K (86%)
----------------- Invoking toplevel() on ptolemy.moml.MoMLSimpleApplication@5aca20a9
----------------- Done invoking toplevel() on ptolemy.moml.MoMLSimpleApplication@5aca20a9
reloadAllAccessors: .functionClosureTest6

===========================================================================================
----------------- testing Fri Jun 21 04:45:44 UTC 2019 /home/travis/build/icyphy/ptII/ptolemy/actor/lib/test/auto/functionsOnArcs.xml
----------------- Instantiating /home/travis/build/icyphy/ptII/ptolemy/actor/lib/test/auto/functionsOnArcs.xml
3 ms. Memory: 565248K Free: 480286K (85%)
----------------- Invoking toplevel() on ptolemy.moml.MoMLSimpleApplication@71797
----------------- Done invoking toplevel() on ptolemy.moml.MoMLSimpleApplication@71797
reloadAllAccessors: .functionsOnArcs

===========================================================================================
----------------- testing Fri Jun 21 04:45:44 UTC 2019 /home/travis/build/icyphy/ptII/ptolemy/actor/lib/test/auto/functionsOnArcsHOF.xml
----------------- Instantiating /home/travis/build/icyphy/ptII/ptolemy/actor/lib/test/auto/functionsOnArcsHOF.xml
25 ms. Memory: 565248K Free: 474656K (84%)
----------------- Invoking toplevel() on ptolemy.moml.MoMLSimpleApplication@476e9b54
----------------- Done invoking toplevel() on ptolemy.moml.MoMLSimpleApplication@476e9b54
reloadAllAccessors: .functionsOnArcsHOF

===========================================================================================
----------------- testing Fri Jun 21 04:45:45 UTC 2019 /home/travis/build/icyphy/ptII/ptolemy/actor/lib/test/auto/logic.xml
----------------- Instantiating /home/travis/build/icyphy/ptII/ptolemy/actor/lib/test/auto/logic.xml
2 ms. Memory: 565248K Free: 467488K (83%)
----------------- Invoking toplevel() on ptolemy.moml.MoMLSimpleApplication@2a550e77
----------------- Done invoking toplevel() on ptolemy.moml.MoMLSimpleApplication@2a550e77
reloadAllAccessors: .logic

===========================================================================================
----------------- testing Fri Jun 21 04:45:45 UTC 2019 /home/travis/build/icyphy/ptII/ptolemy/actor/lib/test/auto/matrixType.xml
----------------- Instantiating /home/travis/build/icyphy/ptII/ptolemy/actor/lib/test/auto/matrixType.xml
2 ms. Memory: 565248K Free: 461854K (82%)
----------------- Invoking toplevel() on ptolemy.moml.MoMLSimpleApplication@5a1a1925
----------------- Done invoking toplevel() on ptolemy.moml.MoMLSimpleApplication@5a1a1925
reloadAllAccessors: .matrixType

===========================================================================================
----------------- testing Fri Jun 21 04:45:45 UTC 2019 /home/travis/build/icyphy/ptII/ptolemy/actor/lib/test/auto/matrixType10.xml
----------------- Instantiating /home/travis/build/icyphy/ptII/ptolemy/actor/lib/test/auto/matrixType10.xml
2 ms. Memory: 565248K Free: 457248K (81%)
----------------- Invoking toplevel() on ptolemy.moml.MoMLSimpleApplication@56aa1a7a
----------------- Done invoking toplevel() on ptolemy.moml.MoMLSimpleApplication@56aa1a7a
reloadAllAccessors: .matrixType10

===========================================================================================
----------------- testing Fri Jun 21 04:45:45 UTC 2019 /home/travis/build/icyphy/ptII/ptolemy/actor/lib/test/auto/matrixType11.xml
----------------- Instantiating /home/travis/build/icyphy/ptII/ptolemy/actor/lib/test/auto/matrixType11.xml
1 ms. Memory: 565248K Free: 452638K (80%)
----------------- Invoking toplevel() on ptolemy.moml.MoMLSimpleApplication@73371f91
----------------- Done invoking toplevel() on ptolemy.moml.MoMLSimpleApplication@73371f91
reloadAllAccessors: .matrixType11

===========================================================================================
----------------- testing Fri Jun 21 04:45:45 UTC 2019 /home/travis/build/icyphy/ptII/ptolemy/actor/lib/test/auto/matrixType12.xml
----------------- Instantiating /home/travis/build/icyphy/ptII/ptolemy/actor/lib/test/auto/matrixType12.xml
2 ms. Memory: 565248K Free: 447518K (79%)
----------------- Invoking toplevel() on ptolemy.moml.MoMLSimpleApplication@6bb92bd7
----------------- Done invoking toplevel() on ptolemy.moml.MoMLSimpleApplication@6bb92bd7
reloadAllAccessors: .matrixType12

===========================================================================================
----------------- testing Fri Jun 21 04:45:45 UTC 2019 /home/travis/build/icyphy/ptII/ptolemy/actor/lib/test/auto/matrixType13.xml
----------------- Instantiating /home/travis/build/icyphy/ptII/ptolemy/actor/lib/test/auto/matrixType13.xml
1 ms. Memory: 565248K Free: 442912K (78%)
----------------- Invoking toplevel() on ptolemy.moml.MoMLSimpleApplication@1c7aca90
----------------- Done invoking toplevel() on ptolemy.moml.MoMLSimpleApplication@1c7aca90
reloadAllAccessors: .matrixType13

===========================================================================================
----------------- testing Fri Jun 21 04:45:45 UTC 2019 /home/travis/build/icyphy/ptII/ptolemy/actor/lib/test/auto/matrixType14.xml
----------------- Instantiating /home/travis/build/icyphy/ptII/ptolemy/actor/lib/test/auto/matrixType14.xml
2 ms. Memory: 565248K Free: 438302K (78%)
----------------- Invoking toplevel() on ptolemy.moml.MoMLSimpleApplication@5468527a
----------------- Done invoking toplevel() on ptolemy.moml.MoMLSimpleApplication@5468527a
reloadAllAccessors: .matrixType14

===========================================================================================
----------------- testing Fri Jun 21 04:45:45 UTC 2019 /home/travis/build/icyphy/ptII/ptolemy/actor/lib/test/auto/matrixType2.xml
----------------- Instantiating /home/travis/build/icyphy/ptII/ptolemy/actor/lib/test/auto/matrixType2.xml
2 ms. Memory: 565248K Free: 433182K (77%)
----------------- Invoking toplevel() on ptolemy.moml.MoMLSimpleApplication@534e41c6
----------------- Done invoking toplevel() on ptolemy.moml.MoMLSimpleApplication@534e41c6
reloadAllAccessors: .matrixType2

===========================================================================================
----------------- testing Fri Jun 21 04:45:45 UTC 2019 /home/travis/build/icyphy/ptII/ptolemy/actor/lib/test/auto/matrixType3.xml
----------------- Instantiating /home/travis/build/icyphy/ptII/ptolemy/actor/lib/test/auto/matrixType3.xml
3 ms. Memory: 565248K Free: 428576K (76%)
----------------- Invoking toplevel() on ptolemy.moml.MoMLSimpleApplication@3791f506
----------------- Done invoking toplevel() on ptolemy.moml.MoMLSimpleApplication@3791f506
reloadAllAccessors: .matrixType3

===========================================================================================
----------------- testing Fri Jun 21 04:45:45 UTC 2019 /home/travis/build/icyphy/ptII/ptolemy/actor/lib/test/auto/matrixType4.xml
----------------- Instantiating /home/travis/build/icyphy/ptII/ptolemy/actor/lib/test/auto/matrixType4.xml
1 ms. Memory: 565248K Free: 423966K (75%)
----------------- Invoking toplevel() on ptolemy.moml.MoMLSimpleApplication@50a708f2
----------------- Done invoking toplevel() on ptolemy.moml.MoMLSimpleApplication@50a708f2
reloadAllAccessors: .matrixType4

===========================================================================================
----------------- testing Fri Jun 21 04:45:45 UTC 2019 /home/travis/build/icyphy/ptII/ptolemy/actor/lib/test/auto/matrixType5.xml
----------------- Instantiating /home/travis/build/icyphy/ptII/ptolemy/actor/lib/test/auto/matrixType5.xml
1 ms. Memory: 565248K Free: 418846K (74%)
----------------- Invoking toplevel() on ptolemy.moml.MoMLSimpleApplication@2ce69493
----------------- Done invoking toplevel() on ptolemy.moml.MoMLSimpleApplication@2ce69493
reloadAllAccessors: .matrixType5

===========================================================================================
----------------- testing Fri Jun 21 04:45:45 UTC 2019 /home/travis/build/icyphy/ptII/ptolemy/actor/lib/test/auto/matrixType6.xml
----------------- Instantiating /home/travis/build/icyphy/ptII/ptolemy/actor/lib/test/auto/matrixType6.xml
2 ms. Memory: 565248K Free: 414240K (73%)
----------------- Invoking toplevel() on ptolemy.moml.MoMLSimpleApplication@66f2bda6
----------------- Done invoking toplevel() on ptolemy.moml.MoMLSimpleApplication@66f2bda6
reloadAllAccessors: .matrixType6

===========================================================================================
----------------- testing Fri Jun 21 04:45:45 UTC 2019 /home/travis/build/icyphy/ptII/ptolemy/actor/lib/test/auto/matrixType7.xml
----------------- Instantiating /home/travis/build/icyphy/ptII/ptolemy/actor/lib/test/auto/matrixType7.xml
2 ms. Memory: 565248K Free: 409120K (72%)
----------------- Invoking toplevel() on ptolemy.moml.MoMLSimpleApplication@506afebb
----------------- Done invoking toplevel() on ptolemy.moml.MoMLSimpleApplication@506afebb
reloadAllAccessors: .matrixType7

===========================================================================================
----------------- testing Fri Jun 21 04:45:45 UTC 2019 /home/travis/build/icyphy/ptII/ptolemy/actor/lib/test/auto/matrixType8.xml
----------------- Instantiating /home/travis/build/icyphy/ptII/ptolemy/actor/lib/test/auto/matrixType8.xml
1 ms. Memory: 565248K Free: 404510K (72%)
----------------- Invoking toplevel() on ptolemy.moml.MoMLSimpleApplication@736dabbe
----------------- Done invoking toplevel() on ptolemy.moml.MoMLSimpleApplication@736dabbe
reloadAllAccessors: .matrixType8

===========================================================================================
----------------- testing Fri Jun 21 04:45:45 UTC 2019 /home/travis/build/icyphy/ptII/ptolemy/actor/lib/test/auto/matrixType9.xml
----------------- Instantiating /home/travis/build/icyphy/ptII/ptolemy/actor/lib/test/auto/matrixType9.xml
2 ms. Memory: 565248K Free: 399904K (71%)
----------------- Invoking toplevel() on ptolemy.moml.MoMLSimpleApplication@314cf00f
----------------- Done invoking toplevel() on ptolemy.moml.MoMLSimpleApplication@314cf00f
reloadAllAccessors: .matrixType9

===========================================================================================
----------------- testing Fri Jun 21 04:45:45 UTC 2019 /home/travis/build/icyphy/ptII/ptolemy/actor/lib/test/auto/paraFunctest.xml
----------------- Instantiating /home/travis/build/icyphy/ptII/ptolemy/actor/lib/test/auto/paraFunctest.xml
1 ms. Memory: 565248K Free: 395808K (70%)
----------------- Invoking toplevel() on ptolemy.moml.MoMLSimpleApplication@3ebc9253
----------------- Done invoking toplevel() on ptolemy.moml.MoMLSimpleApplication@3ebc9253
reloadAllAccessors: .paraFunctest

===========================================================================================
----------------- testing Fri Jun 21 04:45:45 UTC 2019 /home/travis/build/icyphy/ptII/ptolemy/actor/lib/test/auto/paraFunctest2.xml
----------------- Instantiating /home/travis/build/icyphy/ptII/ptolemy/actor/lib/test/auto/paraFunctest2.xml
11 ms. Memory: 565248K Free: 391198K (69%)
----------------- Invoking toplevel() on ptolemy.moml.MoMLSimpleApplication@5fc30a2a
----------------- Done invoking toplevel() on ptolemy.moml.MoMLSimpleApplication@5fc30a2a
reloadAllAccessors: .paraFunctest2

===========================================================================================
----------------- testing Fri Jun 21 04:45:45 UTC 2019 /home/travis/build/icyphy/ptII/ptolemy/actor/lib/test/auto/parameterPassing.xml
----------------- Instantiating /home/travis/build/icyphy/ptII/ptolemy/actor/lib/test/auto/parameterPassing.xml
1 ms. Memory: 565248K Free: 386592K (68%)
----------------- Invoking toplevel() on ptolemy.moml.MoMLSimpleApplication@49d11947
----------------- Done invoking toplevel() on ptolemy.moml.MoMLSimpleApplication@49d11947
reloadAllAccessors: .parameterPassing

===========================================================================================
----------------- testing Fri Jun 21 04:45:45 UTC 2019 /home/travis/build/icyphy/ptII/ptolemy/actor/lib/test/auto/record.xml
----------------- Instantiating /home/travis/build/icyphy/ptII/ptolemy/actor/lib/test/auto/record.xml
2 ms. Memory: 565248K Free: 381982K (68%)
----------------- Invoking toplevel() on ptolemy.moml.MoMLSimpleApplication@5c0ef484
----------------- Done invoking toplevel() on ptolemy.moml.MoMLSimpleApplication@5c0ef484
reloadAllAccessors: .record

===========================================================================================
----------------- testing Fri Jun 21 04:45:45 UTC 2019 /home/travis/build/icyphy/ptII/ptolemy/actor/lib/test/auto/sizedarray1.xml
----------------- Instantiating /home/travis/build/icyphy/ptII/ptolemy/actor/lib/test/auto/sizedarray1.xml
2 ms. Memory: 565248K Free: 376862K (67%)
----------------- Invoking toplevel() on ptolemy.moml.MoMLSimpleApplication@4213d34b
----------------- Done invoking toplevel() on ptolemy.moml.MoMLSimpleApplication@4213d34b
reloadAllAccessors: .sizedarray1

===========================================================================================
----------------- testing Fri Jun 21 04:45:45 UTC 2019 /home/travis/build/icyphy/ptII/ptolemy/actor/lib/test/auto/sizedarray2.xml
----------------- Instantiating /home/travis/build/icyphy/ptII/ptolemy/actor/lib/test/auto/sizedarray2.xml
3 ms. Memory: 565248K Free: 371232K (66%)
----------------- Invoking toplevel() on ptolemy.moml.MoMLSimpleApplication@2005bf13
----------------- Done invoking toplevel() on ptolemy.moml.MoMLSimpleApplication@2005bf13
reloadAllAccessors: .sizedarray2

===========================================================================================
----------------- testing Fri Jun 21 04:45:45 UTC 2019 /home/travis/build/icyphy/ptII/ptolemy/actor/lib/test/auto/twoPublishers.xml
----------------- Instantiating /home/travis/build/icyphy/ptII/ptolemy/actor/lib/test/auto/twoPublishers.xml
7 ms. Memory: 565248K Free: 360992K (64%)
----------------- Invoking toplevel() on ptolemy.moml.MoMLSimpleApplication@2f42d78e
----------------- Done invoking toplevel() on ptolemy.moml.MoMLSimpleApplication@2f42d78e
reloadAllAccessors: .twoPublishers
AutoTests.java: About to close Vertx.
AutoTests.java: Vertx closed.
]]></system-out>
  <system-err><![CDATA[java.lang.RuntimeException: Execution failed
	at ptolemy.moml.MoMLSimpleApplication$UnloadThread.run(MoMLSimpleApplication.java:402)
Caused by: java.lang.RuntimeException: StringUtilities.exit() was called. Normally, we would exit here because Manager.exitAfterWrapup() was called.  However, because the ptolemy.ptII.exitAfterWrapup property is set, we throw this exception instead.
	at ptolemy.util.StringUtilities.exit(StringUtilities.java:363)
	at ptolemy.actor.Manager.wrapup(Manager.java:1531)
	at ptolemy.actor.Manager.execute(Manager.java:407)
	at ptolemy.actor.Manager.run(Manager.java:1263)
	at ptolemy.actor.Manager$PtolemyRunThread.run(Manager.java:1915)
Warning: '.top.test' is in training mode, set the trainingMode parameter to false before checking in
Warning: '.top.test' is in training mode, set the trainingMode parameter to false before checking in
Warning: '.top.test' is in training mode, set the trainingMode parameter to false before checking in
Warning: '.BooleanSwitch_RegressionTest_WrongTrainingValues.Test' is in training mode, set the trainingMode parameter to false before checking in
Warning: '.BooleanSwitch_RegressionTest_WrongTrainingValues.Test2' is in training mode, set the trainingMode parameter to false before checking in
Warning: '.BooleanSwitch_RegressionTest_WrongTrainingValues.Test2' The test produced 0 tokens.
Warning: '.top.testExceptionHandler' is in training mode, set the trainingMode parameter to false before checking in
java.lang.RuntimeException: Execution failed
	at ptolemy.moml.MoMLSimpleApplication$UnloadThread.run(MoMLSimpleApplication.java:402)
Caused by: ptolemy.kernel.util.IllegalActionException: PublisherPorts cannot be used at the top level, use a Publisher actor instead.
  in .PublisherPortToplevelSubscriber.PublisherPort
	at ptolemy.actor.PublisherPort.preinitialize(PublisherPort.java:403)
	at ptolemy.actor.CompositeActor.preinitialize(CompositeActor.java:1769)
	at ptolemy.actor.Manager.preinitializeAndResolveTypes(Manager.java:1040)
	at ptolemy.actor.Manager.initialize(Manager.java:710)
	at ptolemy.actor.Manager.execute(Manager.java:356)
	at ptolemy.actor.Manager.run(Manager.java:1263)
	at ptolemy.actor.Manager$PtolemyRunThread.run(Manager.java:1915)
java.lang.reflect.InvocationTargetException
	at java.base/jdk.internal.reflect.NativeConstructorAccessorImpl.newInstance0(Native Method)
	at java.base/jdk.internal.reflect.NativeConstructorAccessorImpl.newInstance(NativeConstructorAccessorImpl.java:62)
	at java.base/jdk.internal.reflect.DelegatingConstructorAccessorImpl.newInstance(DelegatingConstructorAccessorImpl.java:45)
	at java.base/java.lang.reflect.Constructor.newInstance(Constructor.java:490)
	at ptolemy.util.test.junit.AutoKnownFailedTests.RunModel(AutoKnownFailedTests.java:105)
	at java.base/jdk.internal.reflect.NativeMethodAccessorImpl.invoke0(Native Method)
	at java.base/jdk.internal.reflect.NativeMethodAccessorImpl.invoke(NativeMethodAccessorImpl.java:62)
	at java.base/jdk.internal.reflect.DelegatingMethodAccessorImpl.invoke(DelegatingMethodAccessorImpl.java:43)
	at java.base/java.lang.reflect.Method.invoke(Method.java:566)
	at org.junit.runners.model.FrameworkMethod$1.runReflectiveCall(FrameworkMethod.java:44)
	at org.junit.internal.runners.model.ReflectiveCallable.run(ReflectiveCallable.java:15)
	at org.junit.runners.model.FrameworkMethod.invokeExplosively(FrameworkMethod.java:41)
	at junitparams.internal.InvokeParameterisedMethod.evaluate(InvokeParameterisedMethod.java:102)
	at org.junit.internal.runners.statements.FailOnTimeout$1.run(FailOnTimeout.java:28)
Caused by: ptolemy.kernel.util.IllegalActionException: PublisherPorts cannot be used at the top level, use a Publisher actor instead.
  in .PublisherPortToplevelSubscriber.PublisherPort
	at ptolemy.actor.PublisherPort.preinitialize(PublisherPort.java:403)
	at ptolemy.actor.CompositeActor.preinitialize(CompositeActor.java:1769)
	at ptolemy.actor.Manager.preinitializeAndResolveTypes(Manager.java:1040)
	at ptolemy.actor.Manager.initialize(Manager.java:710)
	at ptolemy.actor.Manager.execute(Manager.java:356)
	at ptolemy.actor.Manager.run(Manager.java:1263)
	at ptolemy.actor.Manager$PtolemyRunThread.run(Manager.java:1915)
java.lang.RuntimeException: Execution failed
	at ptolemy.moml.MoMLSimpleApplication$UnloadThread.run(MoMLSimpleApplication.java:402)
Caused by: ptolemy.kernel.util.IllegalActionException: SubscriberPorts cannot be used at the top level, use a Subscriber actor instead.
  in .PublisherSubscriberPortToplevel.SubscriberPort
	at ptolemy.actor.SubscriberPort.preinitialize(SubscriberPort.java:328)
	at ptolemy.actor.CompositeActor.preinitialize(CompositeActor.java:1769)
	at ptolemy.actor.Manager.preinitializeAndResolveTypes(Manager.java:1040)
	at ptolemy.actor.Manager.initialize(Manager.java:710)
	at ptolemy.actor.Manager.execute(Manager.java:356)
	at ptolemy.actor.Manager.run(Manager.java:1263)
	at ptolemy.actor.Manager$PtolemyRunThread.run(Manager.java:1915)
java.lang.reflect.InvocationTargetException
	at java.base/jdk.internal.reflect.NativeConstructorAccessorImpl.newInstance0(Native Method)
	at java.base/jdk.internal.reflect.NativeConstructorAccessorImpl.newInstance(NativeConstructorAccessorImpl.java:62)
	at java.base/jdk.internal.reflect.DelegatingConstructorAccessorImpl.newInstance(DelegatingConstructorAccessorImpl.java:45)
	at java.base/java.lang.reflect.Constructor.newInstance(Constructor.java:490)
	at ptolemy.util.test.junit.AutoKnownFailedTests.RunModel(AutoKnownFailedTests.java:105)
	at java.base/jdk.internal.reflect.NativeMethodAccessorImpl.invoke0(Native Method)
	at java.base/jdk.internal.reflect.NativeMethodAccessorImpl.invoke(NativeMethodAccessorImpl.java:62)
	at java.base/jdk.internal.reflect.DelegatingMethodAccessorImpl.invoke(DelegatingMethodAccessorImpl.java:43)
	at java.base/java.lang.reflect.Method.invoke(Method.java:566)
	at org.junit.runners.model.FrameworkMethod$1.runReflectiveCall(FrameworkMethod.java:44)
	at org.junit.internal.runners.model.ReflectiveCallable.run(ReflectiveCallable.java:15)
	at org.junit.runners.model.FrameworkMethod.invokeExplosively(FrameworkMethod.java:41)
	at junitparams.internal.InvokeParameterisedMethod.evaluate(InvokeParameterisedMethod.java:102)
	at org.junit.internal.runners.statements.FailOnTimeout$1.run(FailOnTimeout.java:28)
Caused by: ptolemy.kernel.util.IllegalActionException: SubscriberPorts cannot be used at the top level, use a Subscriber actor instead.
  in .PublisherSubscriberPortToplevel.SubscriberPort
	at ptolemy.actor.SubscriberPort.preinitialize(SubscriberPort.java:328)
	at ptolemy.actor.CompositeActor.preinitialize(CompositeActor.java:1769)
	at ptolemy.actor.Manager.preinitializeAndResolveTypes(Manager.java:1040)
	at ptolemy.actor.Manager.initialize(Manager.java:710)
	at ptolemy.actor.Manager.execute(Manager.java:356)
	at ptolemy.actor.Manager.run(Manager.java:1263)
	at ptolemy.actor.Manager$PtolemyRunThread.run(Manager.java:1915)
java.lang.RuntimeException: Execution failed
	at ptolemy.moml.MoMLSimpleApplication$UnloadThread.run(MoMLSimpleApplication.java:402)
Caused by: ptolemy.kernel.util.IllegalActionException: SubscriptionAggregatorPorts cannot be used at the top level, use a SubscriptionAggregator actor instead.
  in .PublisherSubscriptionAggregatorPort.SubscriptionAggregatorPort
	at ptolemy.actor.SubscriptionAggregatorPort.preinitialize(SubscriptionAggregatorPort.java:353)
	at ptolemy.actor.CompositeActor.preinitialize(CompositeActor.java:1769)
	at ptolemy.actor.Manager.preinitializeAndResolveTypes(Manager.java:1040)
	at ptolemy.actor.Manager.initialize(Manager.java:710)
	at ptolemy.actor.Manager.execute(Manager.java:356)
	at ptolemy.actor.Manager.run(Manager.java:1263)
	at ptolemy.actor.Manager$PtolemyRunThread.run(Manager.java:1915)
java.lang.reflect.InvocationTargetException
	at java.base/jdk.internal.reflect.NativeConstructorAccessorImpl.newInstance0(Native Method)
	at java.base/jdk.internal.reflect.NativeConstructorAccessorImpl.newInstance(NativeConstructorAccessorImpl.java:62)
	at java.base/jdk.internal.reflect.DelegatingConstructorAccessorImpl.newInstance(DelegatingConstructorAccessorImpl.java:45)
	at java.base/java.lang.reflect.Constructor.newInstance(Constructor.java:490)
	at ptolemy.util.test.junit.AutoKnownFailedTests.RunModel(AutoKnownFailedTests.java:105)
	at java.base/jdk.internal.reflect.NativeMethodAccessorImpl.invoke0(Native Method)
	at java.base/jdk.internal.reflect.NativeMethodAccessorImpl.invoke(NativeMethodAccessorImpl.java:62)
	at java.base/jdk.internal.reflect.DelegatingMethodAccessorImpl.invoke(DelegatingMethodAccessorImpl.java:43)
	at java.base/java.lang.reflect.Method.invoke(Method.java:566)
	at org.junit.runners.model.FrameworkMethod$1.runReflectiveCall(FrameworkMethod.java:44)
	at org.junit.internal.runners.model.ReflectiveCallable.run(ReflectiveCallable.java:15)
	at org.junit.runners.model.FrameworkMethod.invokeExplosively(FrameworkMethod.java:41)
	at junitparams.internal.InvokeParameterisedMethod.evaluate(InvokeParameterisedMethod.java:102)
	at org.junit.internal.runners.statements.FailOnTimeout$1.run(FailOnTimeout.java:28)
Caused by: ptolemy.kernel.util.IllegalActionException: SubscriptionAggregatorPorts cannot be used at the top level, use a SubscriptionAggregator actor instead.
  in .PublisherSubscriptionAggregatorPort.SubscriptionAggregatorPort
	at ptolemy.actor.SubscriptionAggregatorPort.preinitialize(SubscriptionAggregatorPort.java:353)
	at ptolemy.actor.CompositeActor.preinitialize(CompositeActor.java:1769)
	at ptolemy.actor.Manager.preinitializeAndResolveTypes(Manager.java:1040)
	at ptolemy.actor.Manager.initialize(Manager.java:710)
	at ptolemy.actor.Manager.execute(Manager.java:356)
	at ptolemy.actor.Manager.run(Manager.java:1263)
	at ptolemy.actor.Manager$PtolemyRunThread.run(Manager.java:1915)
java.lang.RuntimeException: Execution failed
	at ptolemy.moml.MoMLSimpleApplication$UnloadThread.run(MoMLSimpleApplication.java:402)
Caused by: ptolemy.kernel.util.IllegalActionException: TypeTest actor has no training data.
  in .sizedarray3.TypeTest
	at ptolemy.actor.lib.TypeTest.initialize(TypeTest.java:250)
	at ptolemy.actor.Director.initialize(Director.java:938)
	at ptolemy.actor.Director.initialize(Director.java:907)
	at ptolemy.actor.sched.StaticSchedulingDirector.initialize(StaticSchedulingDirector.java:159)
	at ptolemy.domains.sdf.kernel.SDFDirector.initialize(SDFDirector.java:544)
	at ptolemy.actor.CompositeActor.initialize(CompositeActor.java:935)
	at ptolemy.actor.Manager.initialize(Manager.java:724)
	at ptolemy.actor.Manager.execute(Manager.java:356)
	at ptolemy.actor.Manager.run(Manager.java:1263)
	at ptolemy.actor.Manager$PtolemyRunThread.run(Manager.java:1915)
java.lang.reflect.InvocationTargetException
	at java.base/jdk.internal.reflect.NativeConstructorAccessorImpl.newInstance0(Native Method)
	at java.base/jdk.internal.reflect.NativeConstructorAccessorImpl.newInstance(NativeConstructorAccessorImpl.java:62)
	at java.base/jdk.internal.reflect.DelegatingConstructorAccessorImpl.newInstance(DelegatingConstructorAccessorImpl.java:45)
	at java.base/java.lang.reflect.Constructor.newInstance(Constructor.java:490)
	at ptolemy.util.test.junit.AutoKnownFailedTests.RunModel(AutoKnownFailedTests.java:105)
	at java.base/jdk.internal.reflect.NativeMethodAccessorImpl.invoke0(Native Method)
	at java.base/jdk.internal.reflect.NativeMethodAccessorImpl.invoke(NativeMethodAccessorImpl.java:62)
	at java.base/jdk.internal.reflect.DelegatingMethodAccessorImpl.invoke(DelegatingMethodAccessorImpl.java:43)
	at java.base/java.lang.reflect.Method.invoke(Method.java:566)
	at org.junit.runners.model.FrameworkMethod$1.runReflectiveCall(FrameworkMethod.java:44)
	at org.junit.internal.runners.model.ReflectiveCallable.run(ReflectiveCallable.java:15)
	at org.junit.runners.model.FrameworkMethod.invokeExplosively(FrameworkMethod.java:41)
	at junitparams.internal.InvokeParameterisedMethod.evaluate(InvokeParameterisedMethod.java:102)
	at org.junit.internal.runners.statements.FailOnTimeout$1.run(FailOnTimeout.java:28)
Caused by: ptolemy.kernel.util.IllegalActionException: TypeTest actor has no training data.
  in .sizedarray3.TypeTest
	at ptolemy.actor.lib.TypeTest.initialize(TypeTest.java:250)
	at ptolemy.actor.Director.initialize(Director.java:938)
	at ptolemy.actor.Director.initialize(Director.java:907)
	at ptolemy.actor.sched.StaticSchedulingDirector.initialize(StaticSchedulingDirector.java:159)
	at ptolemy.domains.sdf.kernel.SDFDirector.initialize(SDFDirector.java:544)
	at ptolemy.actor.CompositeActor.initialize(CompositeActor.java:935)
	at ptolemy.actor.Manager.initialize(Manager.java:724)
	at ptolemy.actor.Manager.execute(Manager.java:356)
	at ptolemy.actor.Manager.run(Manager.java:1263)
	at ptolemy.actor.Manager$PtolemyRunThread.run(Manager.java:1915)
java.lang.RuntimeException: Execution failed
	at ptolemy.moml.MoMLSimpleApplication$UnloadThread.run(MoMLSimpleApplication.java:402)
Caused by: ptolemy.kernel.util.IllegalActionException: Test fails in iteration 0.
Value was: "WARNING: An illegal reflective access operation has occurred\nWARNING: Illegal reflective access by io.netty.util.internal.ReflectionUtil (file:/home/travis/build/icyphy/ptII/lib/netty-common-4.1.19.Final.jar) to constructor java.nio.DirectByteBuffer(long,int)\nWARNING: Please consider reporting this to the maintainers of io.netty.util.internal.ReflectionUtil\nWARNING: Use --illegal-access=warn to enable warnings of further illegal reflective access operations\nWARNING: All illegal access operations will be denied in a future release\n". Should have been: ""
  in .ExecRunDemos.Test
	at ptolemy.actor.lib.Test.fire(Test.java:268)
	at ptolemy.actor.AtomicActor.iterate(AtomicActor.java:512)
	at ptolemy.actor.sched.StaticSchedulingDirector.fire(StaticSchedulingDirector.java:216)
	at ptolemy.domains.sdf.kernel.SDFDirector.fire(SDFDirector.java:500)
	at ptolemy.actor.CompositeActor.fire(CompositeActor.java:455)
	at ptolemy.actor.Manager.iterate(Manager.java:851)
	at ptolemy.actor.Manager.execute(Manager.java:369)
	at ptolemy.actor.Manager.run(Manager.java:1263)
	at ptolemy.actor.Manager$PtolemyRunThread.run(Manager.java:1915)
]]></system-err>
</testsuite>
