<?xml version="1.0" encoding="UTF-8" ?>
<testsuite errors="0" failures="0" hostname="travis-job-72125f8c-9f57-4472-ab13-ab4087e8ae52" name="ptolemy.actor.lib.test.junit.JUnitTclTest" skipped="0" tests="517" time="58.537" timestamp="2019-06-12T04:30:22">
  <properties>
    <property name="npm.executable" value="npm" />
    <property name="file.encoding.pkg" value="sun.io" />
    <property name="env.TRAVIS_ROOT" value="/" />
    <property name="ptII.mk.exists" value="true" />
    <property name="env.TRAVIS_APP_HOST" value="build.travis-ci.org" />
    <property name="env.rvm_bin_path" value="/home/travis/.rvm/bin" />
    <property name="java.home" value="/usr/lib/jvm/java-8-oracle/jre" />
    <property name="env.TRAVIS_JOB_NUMBER" value="1165.8" />
    <property name="env.TRAVIS_HOME" value="/home/travis" />
    <property name="env.DISPLAY" value=":99.0" />
    <property name="java.net.preferIPv4Stack" value="true" />
    <property name="env.TRAVIS_INIT" value="upstart" />
    <property name="env.SSH_TTY" value="/dev/pts/0" />
    <property name="env.RUN_TESTS" value="true" />
    <property name="timeout.short" value="1000000" />
    <property name="env.TRAVIS_JOB_NAME" value="" />
    <property name="env.TRAVIS_STACK_NODE_ATTRIBUTES" value="/.node-attributes.yml" />
    <property name="junit.formatter" value="xml" />
    <property name="java.endorsed.dirs" value="/usr/lib/jvm/java-8-oracle/jre/lib/endorsed" />
    <property name="env.TRAVIS_SUDO" value="true" />
    <property name="env.LOGNAME" value="travis" />
    <property name="env.PT_TRAVIS_TEST_CORE1_XML" value="true" />
    <property name="jsdoc.home" value="node_modules/@terraswarm/jsdoc" />
    <property name="debuglevel" value="source,lines,vars" />
    <property name="checkstyle.formatter" value="xml" />
    <property name="bin.vergil.makeable" value="true" />
    <property name="env._system_version" value="14.04" />
    <property name="sun.os.patch.level" value="unknown" />
    <property name="java.vendor.url" value="http://java.oracle.com/" />
    <property name="env.TRAVIS_BUILD_WEB_URL" value="https://travis-ci.org/icyphy/ptII/builds/544546365" />
    <property name="java.version" value="1.8.0_151" />
    <property name="env.TZ" value="UTC" />
    <property name="env.PT_NO_NET" value="true" />
    <property name="env.TRAVIS_PULL_REQUEST_SHA" value="" />
    <property name="env.TRAVIS_SECURE_ENV_VARS" value="true" />
    <property name="env._system_type" value="Linux" />
    <property name="java.vendor.url.bug" value="http://bugreport.sun.com/bugreport/" />
    <property name="env.SSH_CLIENT" value="10.10.4.84 56882 22" />
    <property name="npmjs-org-is-up" value="true" />
    <property name="env.GEM_HOME" value="/home/travis/.rvm/gems/ruby-2.4.1" />
    <property name="env.HAS_ANTARES_THREE_LITTLE_FRONZIES_BADGE" value="true" />
    <property name="env.PS4" value="+" />
    <property name="ant.project.invoked-targets" value="build,test.core1.xml" />
    <property name="env.TRAVIS_PULL_REQUEST_BRANCH" value="" />
    <property name="env.TRAVIS_REPO_SLUG" value="icyphy/ptII" />
    <property name="env.TRAVIS_APT_PROXY" value="http://apt.cache.travis-ci.com" />
    <property name="node.in.path" value="true" />
    <property name="java.maxmemory" value="1400m" />
    <property name="env.RUBY_VERSION" value="ruby-2.4.1" />
    <property name="user.name" value="travis" />
    <property name="env.LANG" value="en_US.UTF-8" />
    <property name="sun.io.unicode.encoding" value="UnicodeLittle" />
    <property name="sun.jnu.encoding" value="UTF-8" />
    <property name="java.runtime.name" value="Java(TM) SE Runtime Environment" />
    <property name="usefile" value="false" />
    <property name="return.code" value="0" />
    <property name="junit.single.formatter" value="plain" />
    <property name="env.DEBIAN_FRONTEND" value="noninteractive" />
    <property name="env.SSH_CONNECTION" value="10.10.4.84 56882 10.20.1.233 22" />
    <property name="env.MYSQL_UNIX_PORT" value="/var/run/mysqld/mysqld.sock" />
    <property name="env.TRAVIS_ALLOW_FAILURE" value="false" />
    <property name="env.LC_ALL" value="en_US.UTF-8" />
    <property name="env.TRAVIS_JOB_WEB_URL" value="https://travis-ci.org/icyphy/ptII/jobs/544546373" />
    <property name="java.specification.name" value="Java Platform API Specification" />
    <property name="node.works" value="true" />
    <property name="user.timezone" value="" />
    <property name="path.separator" value=":" />
    <property name="env.TRAVIS_ENABLE_INFRA_DETECTION" value="true" />
    <property name="env.PYTHON_CFLAGS" value="-g -fstack-protector --param=ssp-buffer-size=4 -Wformat -Werror=format-security" />
    <property name="timeout.long" value="4000000" />
    <property name="file.encoding" value="UTF-8" />
    <property name="ant.file.ptII" value="/home/travis/build/icyphy/ptII/build.xml" />
    <property name="javadoc.packagenames" value="com.*,diva.*,lbnl.*,org.hlacerti.*,org.json.*,org.ptolemy.*,org.terraswarm.*,ptolemy.*,ptserver.*" />
    <property name="env.TRAVIS_PULL_REQUEST_SLUG" value="" />
    <property name="ant.project.default-target" value="build" />
    <property name="env.GIT_ASKPASS" value="echo" />
    <property name="env.HOME" value="/home/travis" />
    <property name="sun.java.command" value="org.apache.tools.ant.taskdefs.optional.junit.JUnitTestRunner ptolemy.actor.lib.test.junit.JUnitTclTest skipNonTests=false filtertrace=true haltOnError=false haltOnFailure=false formatter=org.apache.tools.ant.taskdefs.optional.junit.OutErrSummaryJUnitResultFormatter showoutput=true outputtoformatters=true logfailedtests=true threadid=0 logtestlistenerevents=false formatter=org.apache.tools.ant.taskdefs.optional.junit.XMLJUnitResultFormatter,/home/travis/build/icyphy/ptII/reports/junit/TEST-ptolemy.actor.lib.test.junit.JUnitTclTest.xml crashfile=/home/travis/build/icyphy/ptII/junitvmwatcher1523098204403173216.properties propsfile=/home/travis/build/icyphy/ptII/junit600619097644165842.properties" />
    <property name="env.MANPATH" value="/home/travis/.nvm/versions/node/v7.10.1/share/man:/home/travis/.kiex/elixirs/elixir-1.4.5/man:/home/travis/.rvm/rubies/ruby-2.4.1/share/man:/usr/local/man:/usr/local/cmake-3.9.2/man:/usr/local/clang-5.0.0/share/man:/usr/local/share/man:/usr/share/man:/home/travis/.rvm/man" />
    <property name="env.COMPOSER_NO_INTERACTION" value="1" />
    <property name="env.JDK_SWITCHER_DEFAULT" value="oraclejdk8" />
    <property name="env.TRAVIS_TIMER_ID" value="3d9c5edf" />
    <property name="ant.file" value="/home/travis/build/icyphy/ptII/build.xml" />
    <property name="env.TRAVIS_COMMIT_RANGE" value="e5126a4801df799845d5f4b52ce416921306d716...21a84221cb4bcd37fabfbb95be95dcadf98df169" />
    <property name="env._system_name" value="Ubuntu" />
    <property name="timeout" value="2400000" />
    <property name="ptII.classpath.optional.property" value="/home/travis/build/icyphy/ptII/lib/bsh-2.0b4.jar:/home/travis/build/icyphy/ptII/lib/ptCal.jar:/home/travis/build/icyphy/ptII/lib/java_cup.jar:/home/travis/build/icyphy/ptII/lib/saxon8.jar:/home/travis/build/icyphy/ptII/lib/saxon8-dom.jar:/home/travis/build/icyphy/ptII/lib/chic.jar:/home/travis/build/icyphy/ptII/lib/ptcolt.jar:/usr/lib/jvm/java-8-oracle/lib/tools.jar:/home/travis/build/icyphy/ptII/vendors/misc/itext/iText.jar:/home/travis/build/icyphy/ptII/lib/g4ltl.jar:/home/travis/build/icyphy/ptII/lib/StructuralCoder.jar:/home/travis/build/icyphy/ptII/vendors/jai-1_1_2_01/lib/jai_core.jar:/home/travis/build/icyphy/ptII/vendors/jai-1_1_2_01/lib/jai_codec.jar:/home/travis/build/icyphy/ptII/lib/jcerti.jar:/home/travis/build/icyphy/ptII/lib/javax.mail.jar:/home/travis/build/icyphy/ptII/vendors/JMF-2.1.1e/lib/jmf.jar:/home/travis/build/icyphy/ptII/lib/jna-4.0.0-variadic.jar:/home/travis/build/icyphy/ptII/vendors/misc/joystick/Joystick.jar:/home/travis/build/icyphy/ptII/lib/ptjacl.jar:/home/travis/build/icyphy/ptII/lib/jsoup-1.8.2.jar:/home/travis/build/icyphy/ptII/lib/junit-4.8.2.jar:/home/travis/build/icyphy/ptII/lib/JUnitParams-0.4.0.jar:/home/travis/build/icyphy/ptII/ptolemy/actor/lib/excel/jxl.jar:/home/travis/build/icyphy/ptII/lib/jython.jar:/home/travis/build/icyphy/ptII/lib/kieler.jar:/home/travis/build/icyphy/ptII/vendors/opencv/share/OpenCV/java/opencv-341.jar:/home/travis/build/icyphy/ptII/lib/oscP5.jar:/home/travis/build/icyphy/ptII/lib/nrjavaserial-3.11.0.devel.jar:/home/travis/build/icyphy/ptII/vendors/j3d/lib/j3dcore.jar:/home/travis/build/icyphy/ptII/vendors/j3d/lib/j3dutils.jar:/home/travis/build/icyphy/ptII/vendors/j3d/lib/vecmath.jar:/home/travis/build/icyphy/ptII/ptolemy/distributed/jini/jar/jini-core.jar:/home/travis/build/icyphy/ptII/ptolemy/distributed/jini/jar/jini-ext.jar:/home/travis/build/icyphy/ptII/ptolemy/distributed/jini/jar/sun-util.jar:/home/travis/build/icyphy/ptII/lib/protobuf-java-2.4.1.jar:/home/travis/build/icyphy/ptII/lib/org.eclipse.paho.client.mqttv3.jar:/home/travis/build/icyphy/ptII/lib/mapss.jar:/home/travis/build/icyphy/ptII/ptolemy/actor/ptalon/antlr/antlr.jar:/home/travis/build/icyphy/ptII/lib/JRI.jar:/home/travis/build/icyphy/ptII/lib/commons-lang-2.6.jar:/home/travis/build/icyphy/ptII/lib/commons-logging-1.1.1.jar:/home/travis/build/icyphy/ptII/lib/sootclasses.jar:/home/travis/build/icyphy/ptII/ptolemy/actor/lib/database/mysql-connector-java-5.1.6-bin.jar:/home/travis/build/icyphy/ptII/vendors/misc/sphinx4/sphinx4-data-5prealpha.jar:/home/travis/build/icyphy/ptII/vendors/misc/sphinx4/sphinx4-core-5prealpha.jar:/home/travis/build/icyphy/ptII/lib/PDFRenderer.jar:/home/travis/build/icyphy/ptII/lib/svgSalamander.jar:/home/travis/build/icyphy/ptII/lib/rsyntaxtextarea-2.6.0-SNAPSHOT.jar:/home/travis/build/icyphy/ptII/lib/hazelcast-3.8.2.jar:/home/travis/build/icyphy/ptII/lib/jackson-annotations-2.9.0.jar:/home/travis/build/icyphy/ptII/lib/jackson-core-2.9.3.jar:/home/travis/build/icyphy/ptII/lib/jackson-databind-2.9.3.jar:/home/travis/build/icyphy/ptII/lib/netty-buffer-4.1.19.Final.jar:/home/travis/build/icyphy/ptII/lib/netty-codec-4.1.19.Final.jar:/home/travis/build/icyphy/ptII/lib/netty-codec-dns-4.1.19.Final.jar:/home/travis/build/icyphy/ptII/lib/netty-codec-http-4.1.19.Final.jar:/home/travis/build/icyphy/ptII/lib/netty-codec-http2-4.1.19.Final.jar:/home/travis/build/icyphy/ptII/lib/netty-common-4.1.19.Final.jar:/home/travis/build/icyphy/ptII/lib/netty-handler-4.1.19.Final.jar:/home/travis/build/icyphy/ptII/lib/netty-resolver-4.1.19.Final.jar:/home/travis/build/icyphy/ptII/lib/netty-resolver-dns-4.1.19.Final.jar:/home/travis/build/icyphy/ptII/lib/netty-transport-4.1.19.Final.jar:/home/travis/build/icyphy/ptII/lib/vertx-codegen-3.5.1.jar:/home/travis/build/icyphy/ptII/lib/vertx-core-3.5.2-SNAPSHOT.jar:/home/travis/build/icyphy/ptII/lib/vertx-hazelcast-3.5.1.jar:/home/travis/build/icyphy/ptII/lib/vertx-lang-js-3.5.1.jar:/home/travis/build/icyphy/ptII/lib/vertx-service-proxy-3.5.1.jar:/home/travis/build/icyphy/ptII/lib/vertx-web-3.5.1.jar:/home/travis/build/icyphy/ptII/lib/slf4j-api-1.7.13.jar:/home/travis/build/icyphy/ptII/lib/slf4j-simple-1.7.13.jar:/home/travis/build/icyphy/ptII/lib/webcam-capture-0.3.12.jar:/home/travis/build/icyphy/ptII/lib/bridj-0.7.0.jar:/home/travis/build/icyphy/ptII/lib/xbjlib-1.1.0.nrjavaserial.jar" />
    <property name="test.batch" value="**/junit/*.java" />
    <property name="env._" value="/usr/bin/timeout" />
    <property name="java.io.tmpdir" value="/tmp" />
    <property name="env.TRAVIS_INTERNAL_RUBY_REGEX" value="^ruby-(2\.[0-4]\.[0-9]|1\.9\.3)" />
    <property name="user.language" value="en" />
    <property name="env.HISTCONTROL" value="ignoredups:ignorespace" />
    <property name="env.GOROOT" value="/home/travis/.gimme/versions/go1.7.4.linux.amd64" />
    <property name="line.separator" value="&#xa;" />
    <property name="target" value="1.8" />
    <property name="env.TRAVIS_BUILD_DIR" value="/home/travis/build/icyphy/ptII" />
    <property name="env.ANT_OPTS" value="-Xmx2048m" />
    <property name="ant.file.type" value="file" />
    <property name="ptolemy.ptII.batchMode" value="true" />
    <property name="env.HISTSIZE" value="1000" />
    <property name="env.MERB_ENV" value="test" />
    <property name="java.vm.info" value="mixed mode" />
    <property name="source" value="1.8" />
    <property name="java.vm.specification.name" value="Java Virtual Machine Specification" />
    <property name="env.TRAVIS_TEST_RESULT" value="0" />
    <property name="jsdoc.command" value="node_modules/@terraswarm/jsdoc/jsdoc.js" />
    <property name="npm.works" value="true" />
    <property name="cobertura.dir" value="/home/travis/build/icyphy/ptII/vendors/cobertura-2.0.3" />
    <property name="env.rvm_path" value="/home/travis/.rvm" />
    <property name="env.GEM_PATH" value="/home/travis/.rvm/gems/ruby-2.4.1:/home/travis/.rvm/gems/ruby-2.4.1@global" />
    <property name="env.LC_CTYPE" value="en_US.UTF-8" />
    <property name="java.awt.printerjob" value="sun.print.PSPrinterJob" />
    <property name="env.TRAVIS_CMD" value="$PTII/bin/ptIITravisBuild.sh $SECONDS" />
    <property name="env.TRAVIS_STACK_NAME" value="garnet" />
    <property name="env.TRAVIS_TIMER_START_TIME" value="1560313468299138978" />
    <property name="ant.version" value="Apache Ant(TM) version 1.10.1 compiled on February 2 2017" />
    <property name="ptII.reports" value="/home/travis/build/icyphy/ptII/reports" />
    <property name="env.TRAVIS_STACK_TIMESTAMP" value="2017-12-05 19:33:09 UTC" />
    <property name="ant.file.type.ptII" value="file" />
    <property name="env.RBENV_SHELL" value="bash" />
    <property name="os.name" value="Linux" />
    <property name="java.specification.vendor" value="Oracle Corporation" />
    <property name="env.rvm_version" value="1.29.3 (latest)" />
    <property name="env.TRAVIS_INFRA" value="gce" />
    <property name="env.TERM" value="xterm" />
    <property name="java.vm.name" value="Java HotSpot(TM) 64-Bit Server VM" />
    <property name="env.TRAVIS_BUILD_NUMBER" value="1165" />
    <property name="env.CI" value="true" />
    <property name="java.library.path" value="/usr/lib/jni:/usr/local/share/OpenCV/java/:/usr/share/OpenCV/java::/usr/java/packages/lib/amd64:/usr/lib64:/lib64:/lib:/usr/lib" />
    <property name="env.rvm_prefix" value="/home/travis" />
    <property name="env.PATH" value="/home/travis/.rvm/gems/ruby-2.4.1/bin:/home/travis/.rvm/gems/ruby-2.4.1@global/bin:/home/travis/.rvm/rubies/ruby-2.4.1/bin:/home/travis/.rvm/bin:/home/travis/.nvm/versions/node/v7.10.1/bin:./node_modules/.bin:/home/travis/build/icyphy/ptII/bin:/home/travis/pthla/certi-tools/bin:/home/travis/bin:/home/travis/.local/bin:/opt/pyenv/shims:/home/travis/.phpenv/shims:/home/travis/perl5/perlbrew/bin:/home/travis/.kiex/elixirs/elixir-1.4.5/bin:/home/travis/.kiex/bin:/home/travis/gopath/bin:/home/travis/.gimme/versions/go1.7.4.linux.amd64/bin:/usr/local/phantomjs/bin:/usr/local/phantomjs:/usr/local/neo4j-3.2.7/bin:/usr/local/maven-3.5.2/bin:/usr/local/cmake-3.9.2/bin:/usr/local/clang-5.0.0/bin:/usr/local/sbin:/usr/local/bin:/usr/sbin:/usr/bin:/sbin:/bin:/home/travis/.phpenv/bin:/opt/pyenv/bin:/home/travis/.yarn/bin" />
    <property name="env.TRAVIS_OS_NAME" value="linux" />
    <property name="ant.java.version" value="1.8" />
    <property name="basedir" value="/home/travis/build/icyphy/ptII" />
    <property name="java.class.version" value="52.0" />
    <property name="env.SHLVL" value="3" />
    <property name="env.LD_LIBRARY_PATH" value="/usr/lib/jni:/usr/local/share/OpenCV/java/:/usr/share/OpenCV/java:" />
    <property name="env.RACK_ENV" value="test" />
    <property name="ant.home" value="/home/travis/build/icyphy/ptII/ant" />
    <property name="env.NVM_DIR" value="/home/travis/.nvm" />
    <property name="env.PERLBREW_BASHRC_VERSION" value="0.80" />
    <property name="env.TRAVIS_BUILD_ID" value="544546365" />
    <property name="env.PYENV_ROOT" value="/opt/pyenv" />
    <property name="env.TRAVIS_UID" value="2000" />
    <property name="env.rvm_pretty_print_flag" value="auto" />
    <property name="env.NVM_BIN" value="/home/travis/.nvm/versions/node/v7.10.1/bin" />
    <property name="env.TRAVIS_COMMIT" value="21a84221cb4bcd37fabfbb95be95dcadf98df169" />
    <property name="env._system_arch" value="x86_64" />
    <property name="node.executable" value="node" />
    <property name="sun.boot.library.path" value="/usr/lib/jvm/java-8-oracle/jre/lib/amd64" />
    <property name="sun.management.compiler" value="HotSpot 64-Bit Tiered Compilers" />
    <property name="env.GOPATH" value="/home/travis/gopath" />
    <property name="java.awt.graphicsenv" value="sun.awt.X11GraphicsEnvironment" />
    <property name="ptolemy.ptII.dir" value="/home/travis/build/icyphy/ptII" />
    <property name="env.USER" value="travis" />
    <property name="env.HISTFILESIZE" value="2000" />
    <property name="timeout.longest" value="19000000" />
    <property name="env.TRAVIS_STACK_FEATURES" value="basic cassandra chromium couchdb disabled-ipv6 docker docker-compose elasticsearch firefox go-toolchain google-chrome jdk memcached mongodb mysql neo4j nodejs_interpreter perl_interpreter perlbrew phantomjs postgresql python_interpreter rabbitmq redis riak ruby_interpreter sqlite xserver" />
    <property name="env.TRAVIS_PULL_REQUEST" value="false" />
    <property name="env.PYENV_SHELL" value="bash" />
    <property name="ant.project.name" value="ptII" />
    <property name="java.vm.specification.version" value="1.8" />
    <property name="env.ANSI_RESET" value="\033[0m" />
    <property name="env.TRAVIS_DIST" value="trusty" />
    <property name="env.NLSPATH" value="/usr/dt/lib/nls/msg/%L/%N.cat" />
    <property name="awt.toolkit" value="sun.awt.X11.XToolkit" />
    <property name="env.MY_RUBY_HOME" value="/home/travis/.rvm/rubies/ruby-2.4.1" />
    <property name="sun.cpu.isalist" value="" />
    <property name="env.TRAVIS_TMPDIR" value="/tmp/tmp.Lpnp0SxheJ" />
    <property name="java.ext.dirs" value="/usr/lib/jvm/java-8-oracle/jre/lib/ext:/usr/java/packages/lib/ext" />
    <property name="os.version" value="4.4.0-101-generic" />
    <property name="user.home" value="/home/travis" />
    <property name="env.MIX_ARCHIVES" value="/home/travis/.kiex/mix/elixir-1.4.5" />
    <property name="java.vm.vendor" value="Oracle Corporation" />
    <property name="env.TRAVIS_TAG" value="nightly" />
    <property name="env.ANSI_YELLOW" value="\033[33;1m" />
    <property name="env.TRAVIS_FILTERED" value="redirect_io" />
    <property name="env.PTII" value="/home/travis/build/icyphy/ptII" />
    <property name="env.JAVA_HOME" value="/usr/lib/jvm/java-8-oracle" />
    <property name="javadoc.excludepackagenames" value="adm.cvs2svn.*,build.*,config.*,doc.coding.templates.*,jni.test.jni.meaningOfLife.*,jni.test.jni.testDeux.*,jni.test.jni.testTrois.*,org.terraswarm.accessor.accessors.web.node_modules.*,org.terraswarm.accessor.accessors.web.hosts.cordova.demo.*,org.terraswarm.accessor.accessors.web.hosts.cordova.plugins.*,org.terraswarm.accessor.accessors-svn.*,pt-modules.*,ptolemy.apps.agilent.*,ptolemy.apps.anytimecontrol.*,ptolemy.apps.apes.*,ptolemy.apps.charon.*,ptolemy.apps.crazyboard.*,ptolemy.apps.eclipse.*,ptolemy.apps.etherealSting.*,ptolemy.apps.fullscreen.*,ptolemy.apps.giotto.*,ptolemy.apps.ia.*,ptolemy.apps.interfaces.*,ptolemy.apps.jmf.*,ptolemy.apps.kurt.*,ptolemy.apps.kvm.*,ptolemy.apps.lego.*,ptolemy.apps.lejos.*,ptolemy.apps.midp.*,ptolemy.apps.mobileCoding.*,ptolemy.apps.pendulum.*,ptolemy.apps.rijndael.*,ptolemy.apps.robot.*,ptolemy.apps.security.*,ptolemy.apps.sobel.*,ptolemy.apps.soot.*,ptolemy.apps.throttle.*,ptolemy.apps.tini.*,ptolemy.apps.transmission.*,ptolemy.apps.vergil.*,ptolemy.apps.waba.*,ptolemy.apps.websensor.*,ptolemy.apps.webstart.*,ptolemy.apps.xsl.*,ptolemy.apps.zaurus.*,ptolemy.codegen.c.actor.lib.oldJavaFiles.*,ptolemy.codegen.dsp.lib.*,ptolemy.codegen.kernel.newInterfaces.*,ptolemy.codegen.lib.*,ptolemy.copernicus.kernel.fragment.*,ptolemy.copernicus.shallow.cg.*,ptolemy.domains.giotto.demo.Hierarchy.Hierarchy.*,ptolemy.domains.giotto.demo.Multimode.Multimode.*,ptolemy.domains.giotto.demo.Simple.Simple.*,ptolemy.domains.gr.lib.experimental.*,ptolemy.domains.gro.*,ptolemy.domains.pdf.*,ptolemy.domains.ptinyos.demo.Surge.output.*,ptolemy.moml.test.NoPackageActor.java*,ptolemy.plot.adm.*,ptolemy.plot.servlet.*,reports.*,signed.*,src.*,target.*,vendors.*,ptolemy.apps.eclipse.awt.*,ptolemy.backtrack.*,ptolemy.backtrack.ast.*,ptolemy.cg.adapter.generic.program.procedural.c.mbed*,ptolemy.homer.*,org.ptolemy.scala.*,diva.util.java2d.svg.*,ptolemy.domains.ptinyos.*,ptolemy.actor.lib.fmi.fmipp.*,,org.terraswarm.accessor.accessors.web.node_modules.*,org.terraswarm.accessor.accessors-svn,ptolemy.apps.*,ptolemy.actor.ptalon.demo.ptinyos.SendAndReceiveCnt.output,ptolemy.actor.ptalon.demo.ptinyos.SenseToLeds.output,ptolemy.domains.ptinyos.demo.CntToLedsAndRfm.output,ptolemy.domains.ptinyos.demo.RfmToLeds.output,ptolemy.domains.ptinyos.demo.SendAndReceiveCnt.output,ptolemy.domains.ptinyos.demo.SenseToLeds.output,ptolemy.actor.lib.jjs.modules.udpSocket.*" />
    <property name="env.ANSI_GREEN" value="\033[32;1m" />
    <property name="env.TRAVIS_COMMIT_MESSAGE" value="Using jcerti.jar file commit f32406b510de2a3b from branch br_ptII_berkeley that&#xa;improved the demo and fixed bugs 53878 and 41291. There is no fix yet for bug&#xa;55592. However, the results are similar to the ones using jcerti.jar pushed on&#xa;e8e30db5. Tested with CERTI c2146229adc0@master, Mar 1 10:08:30 2019. The new&#xa;CERTI branch for fixing bug 56284 was not tested yet in the Ptolemy framework." />
    <property name="keystore" value="ptKeystore" />
    <property name="env.XDG_SESSION_ID" value="2" />
    <property name="junit.output.dir" value="/home/travis/build/icyphy/ptII/reports/junit" />
    <property name="npm.return.code" value="0" />
    <property name="user.dir" value="/home/travis/build/icyphy/ptII/ptolemy/actor/lib/test" />
    <property name="env.XFILESEARCHPATH" value="/usr/dt/app-defaults/%L/Dt" />
    <property name="env.TRAVIS_NODE_VERSION" value="7" />
    <property name="env.MAIL" value="/var/mail/travis" />
    <property name="env.TRAVIS_EVENT_TYPE" value="cron" />
    <property name="env.PWD" value="/home/travis/build/icyphy/ptII" />
    <property name="env.PERLBREW_ROOT" value="/home/travis/perl5/perlbrew" />
    <property name="timeout.npm" value="45000" />
    <property name="env.TRAVIS_ARCH" value="amd64" />
    <property name="env.PAGER" value="cat" />
    <property name="sun.cpu.endian" value="little" />
    <property name="env.TRAVIS_BUILD_STAGE_NAME" value="Test" />
    <property name="env.PERLBREW_HOME" value="/home/travis/.perlbrew" />
    <property name="java.vm.version" value="25.151-b12" />
    <property name="env.RAILS_ENV" value="test" />
    <property name="java.class.path" value="/home/travis/.ptolemyII:/home/travis/.ptolemyII/*:/home/travis/build/icyphy/ptII:/home/travis/build/icyphy/ptII/lib/bsh-2.0b4.jar:/home/travis/build/icyphy/ptII/lib/ptCal.jar:/home/travis/build/icyphy/ptII/lib/java_cup.jar:/home/travis/build/icyphy/ptII/lib/saxon8.jar:/home/travis/build/icyphy/ptII/lib/saxon8-dom.jar:/home/travis/build/icyphy/ptII/lib/chic.jar:/home/travis/build/icyphy/ptII/lib/ptcolt.jar:/usr/lib/jvm/java-8-oracle/lib/tools.jar:/home/travis/build/icyphy/ptII/vendors/misc/itext/iText.jar:/home/travis/build/icyphy/ptII/lib/g4ltl.jar:/home/travis/build/icyphy/ptII/lib/StructuralCoder.jar:/home/travis/build/icyphy/ptII/vendors/jai-1_1_2_01/lib/jai_core.jar:/home/travis/build/icyphy/ptII/vendors/jai-1_1_2_01/lib/jai_codec.jar:/home/travis/build/icyphy/ptII/lib/jcerti.jar:/home/travis/build/icyphy/ptII/lib/javax.mail.jar:/home/travis/build/icyphy/ptII/vendors/JMF-2.1.1e/lib/jmf.jar:/home/travis/build/icyphy/ptII/lib/jna-4.0.0-variadic.jar:/home/travis/build/icyphy/ptII/vendors/misc/joystick/Joystick.jar:/home/travis/build/icyphy/ptII/lib/ptjacl.jar:/home/travis/build/icyphy/ptII/lib/jsoup-1.8.2.jar:/home/travis/build/icyphy/ptII/lib/junit-4.8.2.jar:/home/travis/build/icyphy/ptII/lib/JUnitParams-0.4.0.jar:/home/travis/build/icyphy/ptII/ptolemy/actor/lib/excel/jxl.jar:/home/travis/build/icyphy/ptII/lib/jython.jar:/home/travis/build/icyphy/ptII/lib/kieler.jar:/home/travis/build/icyphy/ptII/vendors/opencv/share/OpenCV/java/opencv-341.jar:/home/travis/build/icyphy/ptII/lib/oscP5.jar:/home/travis/build/icyphy/ptII/lib/nrjavaserial-3.11.0.devel.jar:/home/travis/build/icyphy/ptII/vendors/j3d/lib/j3dcore.jar:/home/travis/build/icyphy/ptII/vendors/j3d/lib/j3dutils.jar:/home/travis/build/icyphy/ptII/vendors/j3d/lib/vecmath.jar:/home/travis/build/icyphy/ptII/ptolemy/distributed/jini/jar/jini-core.jar:/home/travis/build/icyphy/ptII/ptolemy/distributed/jini/jar/jini-ext.jar:/home/travis/build/icyphy/ptII/ptolemy/distributed/jini/jar/sun-util.jar:/home/travis/build/icyphy/ptII/lib/protobuf-java-2.4.1.jar:/home/travis/build/icyphy/ptII/lib/org.eclipse.paho.client.mqttv3.jar:/home/travis/build/icyphy/ptII/lib/mapss.jar:/home/travis/build/icyphy/ptII/ptolemy/actor/ptalon/antlr/antlr.jar:/home/travis/build/icyphy/ptII/lib/JRI.jar:/home/travis/build/icyphy/ptII/lib/commons-lang-2.6.jar:/home/travis/build/icyphy/ptII/lib/commons-logging-1.1.1.jar:/home/travis/build/icyphy/ptII/lib/sootclasses.jar:/home/travis/build/icyphy/ptII/ptolemy/actor/lib/database/mysql-connector-java-5.1.6-bin.jar:/home/travis/build/icyphy/ptII/vendors/misc/sphinx4/sphinx4-data-5prealpha.jar:/home/travis/build/icyphy/ptII/vendors/misc/sphinx4/sphinx4-core-5prealpha.jar:/home/travis/build/icyphy/ptII/lib/PDFRenderer.jar:/home/travis/build/icyphy/ptII/lib/svgSalamander.jar:/home/travis/build/icyphy/ptII/lib/rsyntaxtextarea-2.6.0-SNAPSHOT.jar:/home/travis/build/icyphy/ptII/lib/hazelcast-3.8.2.jar:/home/travis/build/icyphy/ptII/lib/jackson-annotations-2.9.0.jar:/home/travis/build/icyphy/ptII/lib/jackson-core-2.9.3.jar:/home/travis/build/icyphy/ptII/lib/jackson-databind-2.9.3.jar:/home/travis/build/icyphy/ptII/lib/netty-buffer-4.1.19.Final.jar:/home/travis/build/icyphy/ptII/lib/netty-codec-4.1.19.Final.jar:/home/travis/build/icyphy/ptII/lib/netty-codec-dns-4.1.19.Final.jar:/home/travis/build/icyphy/ptII/lib/netty-codec-http-4.1.19.Final.jar:/home/travis/build/icyphy/ptII/lib/netty-codec-http2-4.1.19.Final.jar:/home/travis/build/icyphy/ptII/lib/netty-common-4.1.19.Final.jar:/home/travis/build/icyphy/ptII/lib/netty-handler-4.1.19.Final.jar:/home/travis/build/icyphy/ptII/lib/netty-resolver-4.1.19.Final.jar:/home/travis/build/icyphy/ptII/lib/netty-resolver-dns-4.1.19.Final.jar:/home/travis/build/icyphy/ptII/lib/netty-transport-4.1.19.Final.jar:/home/travis/build/icyphy/ptII/lib/vertx-codegen-3.5.1.jar:/home/travis/build/icyphy/ptII/lib/vertx-core-3.5.2-SNAPSHOT.jar:/home/travis/build/icyphy/ptII/lib/vertx-hazelcast-3.5.1.jar:/home/travis/build/icyphy/ptII/lib/vertx-lang-js-3.5.1.jar:/home/travis/build/icyphy/ptII/lib/vertx-service-proxy-3.5.1.jar:/home/travis/build/icyphy/ptII/lib/vertx-web-3.5.1.jar:/home/travis/build/icyphy/ptII/lib/slf4j-api-1.7.13.jar:/home/travis/build/icyphy/ptII/lib/slf4j-simple-1.7.13.jar:/home/travis/build/icyphy/ptII/lib/webcam-capture-0.3.12.jar:/home/travis/build/icyphy/ptII/lib/bridj-0.7.0.jar:/home/travis/build/icyphy/ptII/lib/xbjlib-1.1.0.nrjavaserial.jar:/home/travis/build/icyphy/ptII/ptolemy/moml/test:/home/travis/build/icyphy/ptII/ant/lib/ant-launcher.jar:/home/travis/build/icyphy/ptII/ant/lib/ant.jar:/home/travis/build/icyphy/ptII/ant/lib/ant-junit.jar:/home/travis/build/icyphy/ptII/ant/lib/ant-junit4.jar" />
    <property name="ant.library.dir" value="/home/travis/build/icyphy/ptII/ant/lib" />
    <property name="os.arch" value="amd64" />
    <property name="env.TRAVIS_LANGUAGE" value="node_js" />
    <property name="env.CONTINUOUS_INTEGRATION" value="true" />
    <property name="env.TRAVIS_STACK_LANGUAGES" value="__garnet__ c c++ clojure cplusplus cpp default go groovy java node_js php pure_java python ruby scala" />
    <property name="test.name" value="ptolemy.actor.lib.test.junit.JUnitTclTest" />
    <property name="sun.java.launcher" value="SUN_STANDARD" />
    <property name="env.PYTHON_CONFIGURE_OPTS" value="--enable-unicode=ucs4 --with-wide-unicode --enable-shared --enable-ipv6 --enable-loadable-sqlite-extensions --with-computed-gotos" />
    <property name="ant.core.lib" value="/home/travis/build/icyphy/ptII/ant/lib/ant.jar" />
    <property name="java.vm.specification.vendor" value="Oracle Corporation" />
    <property name="env.BCVTB_HOME" value="/home/travis/build/icyphy/ptII/lbnl" />
    <property name="file.separator" value="/" />
    <property name="java.runtime.version" value="1.8.0_151-b12" />
    <property name="spotbugs.home" value="/home/travis/build/icyphy/ptII/vendors/spotbugs-3.1.1" />
    <property name="sun.boot.class.path" value="/usr/lib/jvm/java-8-oracle/jre/lib/resources.jar:/usr/lib/jvm/java-8-oracle/jre/lib/rt.jar:/usr/lib/jvm/java-8-oracle/jre/lib/sunrsasign.jar:/usr/lib/jvm/java-8-oracle/jre/lib/jsse.jar:/usr/lib/jvm/java-8-oracle/jre/lib/jce.jar:/usr/lib/jvm/java-8-oracle/jre/lib/charsets.jar:/usr/lib/jvm/java-8-oracle/jre/lib/jfr.jar:/usr/lib/jvm/java-8-oracle/jre/classes" />
    <property name="env.ANSI_CLEAR" value="\033[0K" />
    <property name="env.HAS_JOSH_K_SEAL_OF_APPROVAL" value="true" />
    <property name="env.TRAVIS_OSX_IMAGE" value="" />
    <property name="env.XDG_RUNTIME_DIR" value="/run/user/2000" />
    <property name="env.TRAVIS_JOB_ID" value="544546373" />
    <property name="env.TRAVIS_BRANCH" value="master" />
    <property name="user.country" value="US" />
    <property name="env.CERTI_HOME_TRAVIS" value="/home/travis/pthla/certi-tools" />
    <property name="env.SHELL" value="/bin/bash" />
    <property name="java.maxmemory.large" value="5000m" />
    <property name="model" value="" />
    <property name="env.CASHER_DIR" value="/home/travis/.casher" />
    <property name="env.NVM_CD_FLAGS" value="" />
    <property name="jshint.executable" value="/home/travis/node_modules/jshint/bin/jshint" />
    <property name="java.vendor" value="Oracle Corporation" />
    <property name="env.JRUBY_OPTS" value=" --client -J-XX:+TieredCompilation -J-XX:TieredStopAtLevel=1 -J-Xss2m -Xcompile.invokedynamic=false" />
    <property name="env.TRAVIS_PRE_CHEF_BOOTSTRAP_TIME" value="2017-12-05T19:32:55" />
    <property name="env.TRAVIS_STACK_JOB_BOARD_REGISTER" value="/.job-board-register.yml" />
    <property name="env.ELIXIR_VERSION" value="1.4.5" />
    <property name="env.ANSI_RED" value="\033[31;1m" />
    <property name="java.specification.version" value="1.8" />
    <property name="env.TRAVIS" value="true" />
    <property name="env.IRBRC" value="/home/travis/.rvm/rubies/ruby-2.4.1/.irbrc" />
    <property name="sun.arch.data.model" value="64" />
  </properties>
  <testcase classname="ptolemy.util.test.junit.TclTests" name="[0] /home/travis/build/icyphy/ptII/ptolemy/actor/lib/test/AbsoluteValue.tcl (RunTclFile)" time="0.455" />
  <testcase classname="ptolemy.util.test.junit.TclTests" name="[1] /home/travis/build/icyphy/ptII/ptolemy/actor/lib/test/AddSubtract.tcl (RunTclFile)" time="0.062" />
  <testcase classname="ptolemy.util.test.junit.TclTests" name="[2] /home/travis/build/icyphy/ptII/ptolemy/actor/lib/test/Average.tcl (RunTclFile)" time="0.031" />
  <testcase classname="ptolemy.util.test.junit.TclTests" name="[3] /home/travis/build/icyphy/ptII/ptolemy/actor/lib/test/Bernoulli.tcl (RunTclFile)" time="0.019" />
  <testcase classname="ptolemy.util.test.junit.TclTests" name="[4] /home/travis/build/icyphy/ptII/ptolemy/actor/lib/test/Clock.tcl (RunTclFile)" time="0.111" />
  <testcase classname="ptolemy.util.test.junit.TclTests" name="[5] /home/travis/build/icyphy/ptII/ptolemy/actor/lib/test/Commutator.tcl (RunTclFile)" time="0.119" />
  <testcase classname="ptolemy.util.test.junit.TclTests" name="[6] /home/travis/build/icyphy/ptII/ptolemy/actor/lib/test/Const.tcl (RunTclFile)" time="0.143" />
  <testcase classname="ptolemy.util.test.junit.TclTests" name="[7] /home/travis/build/icyphy/ptII/ptolemy/actor/lib/test/CurrentTime.tcl (RunTclFile)" time="0.04" />
  <testcase classname="ptolemy.util.test.junit.TclTests" name="[8] /home/travis/build/icyphy/ptII/ptolemy/actor/lib/test/DB.tcl (RunTclFile)" time="0.047" />
  <testcase classname="ptolemy.util.test.junit.TclTests" name="[9] /home/travis/build/icyphy/ptII/ptolemy/actor/lib/test/DiscreteRandomSource.tcl (RunTclFile)" time="0.05" />
  <testcase classname="ptolemy.util.test.junit.TclTests" name="[10] /home/travis/build/icyphy/ptII/ptolemy/actor/lib/test/Distributor.tcl (RunTclFile)" time="0.079" />
  <testcase classname="ptolemy.util.test.junit.TclTests" name="[11] /home/travis/build/icyphy/ptII/ptolemy/actor/lib/test/Exit.tcl (RunTclFile)" time="0.048" />
  <testcase classname="ptolemy.util.test.junit.TclTests" name="[12] /home/travis/build/icyphy/ptII/ptolemy/actor/lib/test/Expression.tcl (RunTclFile)" time="0.119" />
  <testcase classname="ptolemy.util.test.junit.TclTests" name="[13] /home/travis/build/icyphy/ptII/ptolemy/actor/lib/test/Gaussian.tcl (RunTclFile)" time="0.332" />
  <testcase classname="ptolemy.util.test.junit.TclTests" name="[14] /home/travis/build/icyphy/ptII/ptolemy/actor/lib/test/IIR.tcl (RunTclFile)" time="0.043" />
  <testcase classname="ptolemy.util.test.junit.TclTests" name="[15] /home/travis/build/icyphy/ptII/ptolemy/actor/lib/test/Interpolator.tcl (RunTclFile)" time="0.106" />
  <testcase classname="ptolemy.util.test.junit.TclTests" name="[16] /home/travis/build/icyphy/ptII/ptolemy/actor/lib/test/MathFunction.tcl (RunTclFile)" time="0.081" />
  <testcase classname="ptolemy.util.test.junit.TclTests" name="[17] /home/travis/build/icyphy/ptII/ptolemy/actor/lib/test/Maximum.tcl (RunTclFile)" time="0.051" />
  <testcase classname="ptolemy.util.test.junit.TclTests" name="[18] /home/travis/build/icyphy/ptII/ptolemy/actor/lib/test/Minimum.tcl (RunTclFile)" time="0.033" />
  <testcase classname="ptolemy.util.test.junit.TclTests" name="[19] /home/travis/build/icyphy/ptII/ptolemy/actor/lib/test/MultiplyDivide.tcl (RunTclFile)" time="0.03" />
  <testcase classname="ptolemy.util.test.junit.TclTests" name="[20] /home/travis/build/icyphy/ptII/ptolemy/actor/lib/test/OrderedMerge.tcl (RunTclFile)" time="0.098" />
  <testcase classname="ptolemy.util.test.junit.TclTests" name="[21] /home/travis/build/icyphy/ptII/ptolemy/actor/lib/test/Publisher.tcl (RunTclFile)" time="0.75" />
  <testcase classname="ptolemy.util.test.junit.TclTests" name="[22] /home/travis/build/icyphy/ptII/ptolemy/actor/lib/test/Pulse.tcl (RunTclFile)" time="0.047" />
  <testcase classname="ptolemy.util.test.junit.TclTests" name="[23] /home/travis/build/icyphy/ptII/ptolemy/actor/lib/test/Ramp.tcl (RunTclFile)" time="1.954" />
  <testcase classname="ptolemy.util.test.junit.TclTests" name="[24] /home/travis/build/icyphy/ptII/ptolemy/actor/lib/test/RampContinuous.tcl (RunTclFile)" time="0.019" />
  <testcase classname="ptolemy.util.test.junit.TclTests" name="[25] /home/travis/build/icyphy/ptII/ptolemy/actor/lib/test/RecordAssembler.tcl (RunTclFile)" time="0.022" />
  <testcase classname="ptolemy.util.test.junit.TclTests" name="[26] /home/travis/build/icyphy/ptII/ptolemy/actor/lib/test/RecordDisassembler.tcl (RunTclFile)" time="0.027" />
  <testcase classname="ptolemy.util.test.junit.TclTests" name="[27] /home/travis/build/icyphy/ptII/ptolemy/actor/lib/test/Scale.tcl (RunTclFile)" time="0.028" />
  <testcase classname="ptolemy.util.test.junit.TclTests" name="[28] /home/travis/build/icyphy/ptII/ptolemy/actor/lib/test/SequentialClock.tcl (RunTclFile)" time="0.024" />
  <testcase classname="ptolemy.util.test.junit.TclTests" name="[29] /home/travis/build/icyphy/ptII/ptolemy/actor/lib/test/SetVariable.tcl (RunTclFile)" time="0.021" />
  <testcase classname="ptolemy.util.test.junit.TclTests" name="[30] /home/travis/build/icyphy/ptII/ptolemy/actor/lib/test/Sinewave.tcl (RunTclFile)" time="0.027" />
  <testcase classname="ptolemy.util.test.junit.TclTests" name="[31] /home/travis/build/icyphy/ptII/ptolemy/actor/lib/test/SubscriptionAggregator.tcl (RunTclFile)" time="1.796" />
  <testcase classname="ptolemy.util.test.junit.TclTests" name="[32] /home/travis/build/icyphy/ptII/ptolemy/actor/lib/test/Test.tcl (RunTclFile)" time="0.071" />
  <testcase classname="ptolemy.util.test.junit.TclTests" name="[33] /home/travis/build/icyphy/ptII/ptolemy/actor/lib/test/TestExceptionHandler.tcl (RunTclFile)" time="0.012" />
  <testcase classname="ptolemy.util.test.junit.TclTests" name="[34] /home/travis/build/icyphy/ptII/ptolemy/actor/lib/test/UnionDisassembler.tcl (RunTclFile)" time="0.062" />
  <testcase classname="ptolemy.util.test.junit.TclTests" name="[35] /home/travis/build/icyphy/ptII/ptolemy/actor/lib/test/VariableClock.tcl (RunTclFile)" time="0.032" />
  <testcase classname="ptolemy.util.test.junit.AutoKnownFailedTests" name="[0] /home/travis/build/icyphy/ptII/ptolemy/actor/lib/test/auto/knownFailedTests/PublisherPortToplevelSubscriber.xml (RunModel)" time="0.029" />
  <testcase classname="ptolemy.util.test.junit.AutoKnownFailedTests" name="[1] /home/travis/build/icyphy/ptII/ptolemy/actor/lib/test/auto/knownFailedTests/PublisherSubscriberPortToplevel.xml (RunModel)" time="0.015" />
  <testcase classname="ptolemy.util.test.junit.AutoKnownFailedTests" name="[2] /home/travis/build/icyphy/ptII/ptolemy/actor/lib/test/auto/knownFailedTests/PublisherSubscriptionAggregatorPort.xml (RunModel)" time="0.019" />
  <testcase classname="ptolemy.util.test.junit.AutoKnownFailedTests" name="[3] /home/travis/build/icyphy/ptII/ptolemy/actor/lib/test/auto/knownFailedTests/sizedarray3.xml (RunModel)" time="0.034" />
  <testcase classname="ptolemy.util.test.junit.AutoNameArchTests" name="[0] ThereAreNoAutoArchTests (RunModel)" time="0.001" />
  <testcase classname="ptolemy.util.test.junit.AutoTests" name="[0] /home/travis/build/icyphy/ptII/ptolemy/actor/lib/test/auto/AbsoluteValue.xml (RunModel)" time="0.083" />
  <testcase classname="ptolemy.util.test.junit.AutoTests" name="[1] /home/travis/build/icyphy/ptII/ptolemy/actor/lib/test/auto/AbsoluteValue2.xml (RunModel)" time="0.072" />
  <testcase classname="ptolemy.util.test.junit.AutoTests" name="[2] /home/travis/build/icyphy/ptII/ptolemy/actor/lib/test/auto/Accumulator.xml (RunModel)" time="0.031" />
  <testcase classname="ptolemy.util.test.junit.AutoTests" name="[3] /home/travis/build/icyphy/ptII/ptolemy/actor/lib/test/auto/Accumulator2.xml (RunModel)" time="0.021" />
  <testcase classname="ptolemy.util.test.junit.AutoTests" name="[4] /home/travis/build/icyphy/ptII/ptolemy/actor/lib/test/auto/Accumulator3.xml (RunModel)" time="0.038" />
  <testcase classname="ptolemy.util.test.junit.AutoTests" name="[5] /home/travis/build/icyphy/ptII/ptolemy/actor/lib/test/auto/ArrayAppend.xml (RunModel)" time="0.06" />
  <testcase classname="ptolemy.util.test.junit.AutoTests" name="[6] /home/travis/build/icyphy/ptII/ptolemy/actor/lib/test/auto/ArrayAppend2.xml (RunModel)" time="0.432" />
  <testcase classname="ptolemy.util.test.junit.AutoTests" name="[7] /home/travis/build/icyphy/ptII/ptolemy/actor/lib/test/auto/ArrayAppend3.xml (RunModel)" time="0.014" />
  <testcase classname="ptolemy.util.test.junit.AutoTests" name="[8] /home/travis/build/icyphy/ptII/ptolemy/actor/lib/test/auto/ArrayAppend4.xml (RunModel)" time="0.022" />
  <testcase classname="ptolemy.util.test.junit.AutoTests" name="[9] /home/travis/build/icyphy/ptII/ptolemy/actor/lib/test/auto/ArrayAppend5.xml (RunModel)" time="0.027" />
  <testcase classname="ptolemy.util.test.junit.AutoTests" name="[10] /home/travis/build/icyphy/ptII/ptolemy/actor/lib/test/auto/ArrayAppend6.xml (RunModel)" time="0.023" />
  <testcase classname="ptolemy.util.test.junit.AutoTests" name="[11] /home/travis/build/icyphy/ptII/ptolemy/actor/lib/test/auto/ArrayAppendPerformanceTest.xml (RunModel)" time="0.052" />
  <testcase classname="ptolemy.util.test.junit.AutoTests" name="[12] /home/travis/build/icyphy/ptII/ptolemy/actor/lib/test/auto/ArrayAppendWithEmptyInput.xml (RunModel)" time="0.063" />
  <testcase classname="ptolemy.util.test.junit.AutoTests" name="[13] /home/travis/build/icyphy/ptII/ptolemy/actor/lib/test/auto/ArrayAverage.xml (RunModel)" time="0.062" />
  <testcase classname="ptolemy.util.test.junit.AutoTests" name="[14] /home/travis/build/icyphy/ptII/ptolemy/actor/lib/test/auto/ArrayContains.xml (RunModel)" time="0.026" />
  <testcase classname="ptolemy.util.test.junit.AutoTests" name="[15] /home/travis/build/icyphy/ptII/ptolemy/actor/lib/test/auto/ArrayElement.xml (RunModel)" time="0.035" />
  <testcase classname="ptolemy.util.test.junit.AutoTests" name="[16] /home/travis/build/icyphy/ptII/ptolemy/actor/lib/test/auto/ArrayElementAsMatrix.xml (RunModel)" time="0.048" />
  <testcase classname="ptolemy.util.test.junit.AutoTests" name="[17] /home/travis/build/icyphy/ptII/ptolemy/actor/lib/test/auto/ArrayElementI.xml (RunModel)" time="0.024" />
  <testcase classname="ptolemy.util.test.junit.AutoTests" name="[18] /home/travis/build/icyphy/ptII/ptolemy/actor/lib/test/auto/ArrayExtract.xml (RunModel)" time="0.043" />
  <testcase classname="ptolemy.util.test.junit.AutoTests" name="[19] /home/travis/build/icyphy/ptII/ptolemy/actor/lib/test/auto/ArrayExtract2.xml (RunModel)" time="0.017" />
  <testcase classname="ptolemy.util.test.junit.AutoTests" name="[20] /home/travis/build/icyphy/ptII/ptolemy/actor/lib/test/auto/ArrayLength.xml (RunModel)" time="0.017" />
  <testcase classname="ptolemy.util.test.junit.AutoTests" name="[21] /home/travis/build/icyphy/ptII/ptolemy/actor/lib/test/auto/ArrayLevelCrossing.xml (RunModel)" time="0.032" />
  <testcase classname="ptolemy.util.test.junit.AutoTests" name="[22] /home/travis/build/icyphy/ptII/ptolemy/actor/lib/test/auto/ArrayLevelCrossing2.xml (RunModel)" time="0.026" />
  <testcase classname="ptolemy.util.test.junit.AutoTests" name="[23] /home/travis/build/icyphy/ptII/ptolemy/actor/lib/test/auto/ArrayPeakSearch.xml (RunModel)" time="0.033" />
  <testcase classname="ptolemy.util.test.junit.AutoTests" name="[24] /home/travis/build/icyphy/ptII/ptolemy/actor/lib/test/auto/ArrayPeakSearch2.xml (RunModel)" time="0.035" />
  <testcase classname="ptolemy.util.test.junit.AutoTests" name="[25] /home/travis/build/icyphy/ptII/ptolemy/actor/lib/test/auto/ArrayPeakSearch3.xml (RunModel)" time="0.03" />
  <testcase classname="ptolemy.util.test.junit.AutoTests" name="[26] /home/travis/build/icyphy/ptII/ptolemy/actor/lib/test/auto/ArrayRemoveElement.xml (RunModel)" time="0.033" />
  <testcase classname="ptolemy.util.test.junit.AutoTests" name="[27] /home/travis/build/icyphy/ptII/ptolemy/actor/lib/test/auto/ArraySort.xml (RunModel)" time="0.038" />
  <testcase classname="ptolemy.util.test.junit.AutoTests" name="[28] /home/travis/build/icyphy/ptII/ptolemy/actor/lib/test/auto/ArraySum.xml (RunModel)" time="0.016" />
  <testcase classname="ptolemy.util.test.junit.AutoTests" name="[29] /home/travis/build/icyphy/ptII/ptolemy/actor/lib/test/auto/ArrayToElements.xml (RunModel)" time="0.021" />
  <testcase classname="ptolemy.util.test.junit.AutoTests" name="[30] /home/travis/build/icyphy/ptII/ptolemy/actor/lib/test/auto/ArrayToMatrix.xml (RunModel)" time="0.052" />
  <testcase classname="ptolemy.util.test.junit.AutoTests" name="[31] /home/travis/build/icyphy/ptII/ptolemy/actor/lib/test/auto/ArrayUpdate1.xml (RunModel)" time="0.013" />
  <testcase classname="ptolemy.util.test.junit.AutoTests" name="[32] /home/travis/build/icyphy/ptII/ptolemy/actor/lib/test/auto/ArrayUpdate2.xml (RunModel)" time="0.031" />
  <testcase classname="ptolemy.util.test.junit.AutoTests" name="[33] /home/travis/build/icyphy/ptII/ptolemy/actor/lib/test/auto/ArrayUpdate3.xml (RunModel)" time="0.022" />
  <testcase classname="ptolemy.util.test.junit.AutoTests" name="[34] /home/travis/build/icyphy/ptII/ptolemy/actor/lib/test/auto/Assert1.xml (RunModel)" time="0.024" />
  <testcase classname="ptolemy.util.test.junit.AutoTests" name="[35] /home/travis/build/icyphy/ptII/ptolemy/actor/lib/test/auto/Assert2.xml (RunModel)" time="0.013" />
  <testcase classname="ptolemy.util.test.junit.AutoTests" name="[36] /home/travis/build/icyphy/ptII/ptolemy/actor/lib/test/auto/BooleanMultiplexor.xml (RunModel)" time="0.013" />
  <testcase classname="ptolemy.util.test.junit.AutoTests" name="[37] /home/travis/build/icyphy/ptII/ptolemy/actor/lib/test/auto/BooleanMultiplexor2.xml (RunModel)" time="0.015" />
  <testcase classname="ptolemy.util.test.junit.AutoTests" name="[38] /home/travis/build/icyphy/ptII/ptolemy/actor/lib/test/auto/BooleanMultiplexor3.xml (RunModel)" time="0.011" />
  <testcase classname="ptolemy.util.test.junit.AutoTests" name="[39] /home/travis/build/icyphy/ptII/ptolemy/actor/lib/test/auto/BooleanSelect.xml (RunModel)" time="0.026" />
  <testcase classname="ptolemy.util.test.junit.AutoTests" name="[40] /home/travis/build/icyphy/ptII/ptolemy/actor/lib/test/auto/BooleanSelect2.xml (RunModel)" time="0.014" />
  <testcase classname="ptolemy.util.test.junit.AutoTests" name="[41] /home/travis/build/icyphy/ptII/ptolemy/actor/lib/test/auto/BooleanSwitch.xml (RunModel)" time="0.021" />
  <testcase classname="ptolemy.util.test.junit.AutoTests" name="[42] /home/travis/build/icyphy/ptII/ptolemy/actor/lib/test/auto/BooleanSwitch2.xml (RunModel)" time="0.011" />
  <testcase classname="ptolemy.util.test.junit.AutoTests" name="[43] /home/travis/build/icyphy/ptII/ptolemy/actor/lib/test/auto/BooleanSwitchCloningBugWithClassRelationGroup.xml (RunModel)" time="0.028" />
  <testcase classname="ptolemy.util.test.junit.AutoTests" name="[44] /home/travis/build/icyphy/ptII/ptolemy/actor/lib/test/auto/BusActors.xml (RunModel)" time="0.044" />
  <testcase classname="ptolemy.util.test.junit.AutoTests" name="[45] /home/travis/build/icyphy/ptII/ptolemy/actor/lib/test/auto/ClassWrapper.xml (RunModel)" time="0.01" />
  <testcase classname="ptolemy.util.test.junit.AutoTests" name="[46] /home/travis/build/icyphy/ptII/ptolemy/actor/lib/test/auto/Clock.xml (RunModel)" time="0.011" />
  <testcase classname="ptolemy.util.test.junit.AutoTests" name="[47] /home/travis/build/icyphy/ptII/ptolemy/actor/lib/test/auto/Clock10.xml (RunModel)" time="0.065" />
  <testcase classname="ptolemy.util.test.junit.AutoTests" name="[48] /home/travis/build/icyphy/ptII/ptolemy/actor/lib/test/auto/Clock11.xml (RunModel)" time="0.026" />
  <testcase classname="ptolemy.util.test.junit.AutoTests" name="[49] /home/travis/build/icyphy/ptII/ptolemy/actor/lib/test/auto/Clock12.xml (RunModel)" time="0.031" />
  <testcase classname="ptolemy.util.test.junit.AutoTests" name="[50] /home/travis/build/icyphy/ptII/ptolemy/actor/lib/test/auto/Clock13.xml (RunModel)" time="0.021" />
  <testcase classname="ptolemy.util.test.junit.AutoTests" name="[51] /home/travis/build/icyphy/ptII/ptolemy/actor/lib/test/auto/Clock14.xml (RunModel)" time="0.021" />
  <testcase classname="ptolemy.util.test.junit.AutoTests" name="[52] /home/travis/build/icyphy/ptII/ptolemy/actor/lib/test/auto/Clock15.xml (RunModel)" time="0.016" />
  <testcase classname="ptolemy.util.test.junit.AutoTests" name="[53] /home/travis/build/icyphy/ptII/ptolemy/actor/lib/test/auto/Clock16.xml (RunModel)" time="0.081" />
  <testcase classname="ptolemy.util.test.junit.AutoTests" name="[54] /home/travis/build/icyphy/ptII/ptolemy/actor/lib/test/auto/Clock17.xml (RunModel)" time="0.07" />
  <testcase classname="ptolemy.util.test.junit.AutoTests" name="[55] /home/travis/build/icyphy/ptII/ptolemy/actor/lib/test/auto/Clock18.xml (RunModel)" time="0.051" />
  <testcase classname="ptolemy.util.test.junit.AutoTests" name="[56] /home/travis/build/icyphy/ptII/ptolemy/actor/lib/test/auto/Clock19.xml (RunModel)" time="0.043" />
  <testcase classname="ptolemy.util.test.junit.AutoTests" name="[57] /home/travis/build/icyphy/ptII/ptolemy/actor/lib/test/auto/Clock2.xml (RunModel)" time="0.018" />
  <testcase classname="ptolemy.util.test.junit.AutoTests" name="[58] /home/travis/build/icyphy/ptII/ptolemy/actor/lib/test/auto/Clock20.xml (RunModel)" time="0.028" />
  <testcase classname="ptolemy.util.test.junit.AutoTests" name="[59] /home/travis/build/icyphy/ptII/ptolemy/actor/lib/test/auto/Clock21.xml (RunModel)" time="0.018" />
  <testcase classname="ptolemy.util.test.junit.AutoTests" name="[60] /home/travis/build/icyphy/ptII/ptolemy/actor/lib/test/auto/Clock22.xml (RunModel)" time="0.018" />
  <testcase classname="ptolemy.util.test.junit.AutoTests" name="[61] /home/travis/build/icyphy/ptII/ptolemy/actor/lib/test/auto/Clock23.xml (RunModel)" time="0.014" />
  <testcase classname="ptolemy.util.test.junit.AutoTests" name="[62] /home/travis/build/icyphy/ptII/ptolemy/actor/lib/test/auto/Clock24.xml (RunModel)" time="0.015" />
  <testcase classname="ptolemy.util.test.junit.AutoTests" name="[63] /home/travis/build/icyphy/ptII/ptolemy/actor/lib/test/auto/Clock4.xml (RunModel)" time="0.015" />
  <testcase classname="ptolemy.util.test.junit.AutoTests" name="[64] /home/travis/build/icyphy/ptII/ptolemy/actor/lib/test/auto/Clock5.xml (RunModel)" time="0.015" />
  <testcase classname="ptolemy.util.test.junit.AutoTests" name="[65] /home/travis/build/icyphy/ptII/ptolemy/actor/lib/test/auto/Clock6.xml (RunModel)" time="0.01" />
  <testcase classname="ptolemy.util.test.junit.AutoTests" name="[66] /home/travis/build/icyphy/ptII/ptolemy/actor/lib/test/auto/Clock7.xml (RunModel)" time="0.01" />
  <testcase classname="ptolemy.util.test.junit.AutoTests" name="[67] /home/travis/build/icyphy/ptII/ptolemy/actor/lib/test/auto/Clock8.xml (RunModel)" time="0.016" />
  <testcase classname="ptolemy.util.test.junit.AutoTests" name="[68] /home/travis/build/icyphy/ptII/ptolemy/actor/lib/test/auto/Clock9.xml (RunModel)" time="0.02" />
  <testcase classname="ptolemy.util.test.junit.AutoTests" name="[69] /home/travis/build/icyphy/ptII/ptolemy/actor/lib/test/auto/CommDistDiscard.xml (RunModel)" time="0.02" />
  <testcase classname="ptolemy.util.test.junit.AutoTests" name="[70] /home/travis/build/icyphy/ptII/ptolemy/actor/lib/test/auto/Commutator.xml (RunModel)" time="0.015" />
  <testcase classname="ptolemy.util.test.junit.AutoTests" name="[71] /home/travis/build/icyphy/ptII/ptolemy/actor/lib/test/auto/Commutator2.xml (RunModel)" time="0.011" />
  <testcase classname="ptolemy.util.test.junit.AutoTests" name="[72] /home/travis/build/icyphy/ptII/ptolemy/actor/lib/test/auto/Commutator3.xml (RunModel)" time="0.01" />
  <testcase classname="ptolemy.util.test.junit.AutoTests" name="[73] /home/travis/build/icyphy/ptII/ptolemy/actor/lib/test/auto/Compare.xml (RunModel)" time="0.016" />
  <testcase classname="ptolemy.util.test.junit.AutoTests" name="[74] /home/travis/build/icyphy/ptII/ptolemy/actor/lib/test/auto/CompareDE.xml (RunModel)" time="0.017" />
  <testcase classname="ptolemy.util.test.junit.AutoTests" name="[75] /home/travis/build/icyphy/ptII/ptolemy/actor/lib/test/auto/ComplexDivide.xml (RunModel)" time="0.011" />
  <testcase classname="ptolemy.util.test.junit.AutoTests" name="[76] /home/travis/build/icyphy/ptII/ptolemy/actor/lib/test/auto/ComputeHistogram.xml (RunModel)" time="0.067" />
  <testcase classname="ptolemy.util.test.junit.AutoTests" name="[77] /home/travis/build/icyphy/ptII/ptolemy/actor/lib/test/auto/ConfigurationSelect.xml (RunModel)" time="0.021" />
  <testcase classname="ptolemy.util.test.junit.AutoTests" name="[78] /home/travis/build/icyphy/ptII/ptolemy/actor/lib/test/auto/ConfigurationSelect2.xml (RunModel)" time="0.011" />
  <testcase classname="ptolemy.util.test.junit.AutoTests" name="[79] /home/travis/build/icyphy/ptII/ptolemy/actor/lib/test/auto/ConfigurationSwitch.xml (RunModel)" time="0.02" />
  <testcase classname="ptolemy.util.test.junit.AutoTests" name="[80] /home/travis/build/icyphy/ptII/ptolemy/actor/lib/test/auto/ConfigurationSwitch2.xml (RunModel)" time="0.013" />
  <testcase classname="ptolemy.util.test.junit.AutoTests" name="[81] /home/travis/build/icyphy/ptII/ptolemy/actor/lib/test/auto/ConfigurationSwitchCloningBugWithClassRelationGroup.xml (RunModel)" time="0.019" />
  <testcase classname="ptolemy.util.test.junit.AutoTests" name="[82] /home/travis/build/icyphy/ptII/ptolemy/actor/lib/test/auto/ConfigurationSwitchSelectSDF.xml (RunModel)" time="0.017" />
  <testcase classname="ptolemy.util.test.junit.AutoTests" name="[83] /home/travis/build/icyphy/ptII/ptolemy/actor/lib/test/auto/ConfigurationSwitchSelectSDF2.xml (RunModel)" time="0.016" />
  <testcase classname="ptolemy.util.test.junit.AutoTests" name="[84] /home/travis/build/icyphy/ptII/ptolemy/actor/lib/test/auto/Const.xml (RunModel)" time="0.006" />
  <testcase classname="ptolemy.util.test.junit.AutoTests" name="[85] /home/travis/build/icyphy/ptII/ptolemy/actor/lib/test/auto/Const2.xml (RunModel)" time="0.011" />
  <testcase classname="ptolemy.util.test.junit.AutoTests" name="[86] /home/travis/build/icyphy/ptII/ptolemy/actor/lib/test/auto/Const3.xml (RunModel)" time="0.007" />
  <testcase classname="ptolemy.util.test.junit.AutoTests" name="[87] /home/travis/build/icyphy/ptII/ptolemy/actor/lib/test/auto/ConstantPublisherPort1.xml (RunModel)" time="0.031" />
  <testcase classname="ptolemy.util.test.junit.AutoTests" name="[88] /home/travis/build/icyphy/ptII/ptolemy/actor/lib/test/auto/ConstantPublisherPort2.xml (RunModel)" time="0.024" />
  <testcase classname="ptolemy.util.test.junit.AutoTests" name="[89] /home/travis/build/icyphy/ptII/ptolemy/actor/lib/test/auto/ConstantPublisherPort3.xml (RunModel)" time="0.019" />
  <testcase classname="ptolemy.util.test.junit.AutoTests" name="[90] /home/travis/build/icyphy/ptII/ptolemy/actor/lib/test/auto/ConstantPublisherPort4.xml (RunModel)" time="0.017" />
  <testcase classname="ptolemy.util.test.junit.AutoTests" name="[91] /home/travis/build/icyphy/ptII/ptolemy/actor/lib/test/auto/ConstantPublisherPort5.xml (RunModel)" time="0.054" />
  <testcase classname="ptolemy.util.test.junit.AutoTests" name="[92] /home/travis/build/icyphy/ptII/ptolemy/actor/lib/test/auto/ConstantPublisherPort6.xml (RunModel)" time="0.031" />
  <testcase classname="ptolemy.util.test.junit.AutoTests" name="[93] /home/travis/build/icyphy/ptII/ptolemy/actor/lib/test/auto/ConstantPublisherPort7.xml (RunModel)" time="0.029" />
  <testcase classname="ptolemy.util.test.junit.AutoTests" name="[94] /home/travis/build/icyphy/ptII/ptolemy/actor/lib/test/auto/ConstraintMonitor1.xml (RunModel)" time="0.034" />
  <testcase classname="ptolemy.util.test.junit.AutoTests" name="[95] /home/travis/build/icyphy/ptII/ptolemy/actor/lib/test/auto/ConstraintMonitor2.xml (RunModel)" time="0.014" />
  <testcase classname="ptolemy.util.test.junit.AutoTests" name="[96] /home/travis/build/icyphy/ptII/ptolemy/actor/lib/test/auto/ConstraintMonitor3.xml (RunModel)" time="0.022" />
  <testcase classname="ptolemy.util.test.junit.AutoTests" name="[97] /home/travis/build/icyphy/ptII/ptolemy/actor/lib/test/auto/ConstraintMonitor4.xml (RunModel)" time="0.013" />
  <testcase classname="ptolemy.util.test.junit.AutoTests" name="[98] /home/travis/build/icyphy/ptII/ptolemy/actor/lib/test/auto/ConstraintMonitor5.xml (RunModel)" time="0.015" />
  <testcase classname="ptolemy.util.test.junit.AutoTests" name="[99] /home/travis/build/icyphy/ptII/ptolemy/actor/lib/test/auto/ConstraintMonitor6.xml (RunModel)" time="0.022" />
  <testcase classname="ptolemy.util.test.junit.AutoTests" name="[100] /home/travis/build/icyphy/ptII/ptolemy/actor/lib/test/auto/ConstraintMonitor7.xml (RunModel)" time="0.022" />
  <testcase classname="ptolemy.util.test.junit.AutoTests" name="[101] /home/travis/build/icyphy/ptII/ptolemy/actor/lib/test/auto/ConstraintMonitor8.xml (RunModel)" time="0.053" />
  <testcase classname="ptolemy.util.test.junit.AutoTests" name="[102] /home/travis/build/icyphy/ptII/ptolemy/actor/lib/test/auto/Counter.xml (RunModel)" time="0.011" />
  <testcase classname="ptolemy.util.test.junit.AutoTests" name="[103] /home/travis/build/icyphy/ptII/ptolemy/actor/lib/test/auto/CurrentTimeSDF.xml (RunModel)" time="0.014" />
  <testcase classname="ptolemy.util.test.junit.AutoTests" name="[104] /home/travis/build/icyphy/ptII/ptolemy/actor/lib/test/auto/DB.xml (RunModel)" time="0.014" />
  <testcase classname="ptolemy.util.test.junit.AutoTests" name="[105] /home/travis/build/icyphy/ptII/ptolemy/actor/lib/test/auto/DBDE.xml (RunModel)" time="0.016" />
  <testcase classname="ptolemy.util.test.junit.AutoTests" name="[106] /home/travis/build/icyphy/ptII/ptolemy/actor/lib/test/auto/DateConstructor.xml (RunModel)" time="0.056" />
  <testcase classname="ptolemy.util.test.junit.AutoTests" name="[107] /home/travis/build/icyphy/ptII/ptolemy/actor/lib/test/auto/DelayTime.xml (RunModel)" time="0.015" />
  <testcase classname="ptolemy.util.test.junit.AutoTests" name="[108] /home/travis/build/icyphy/ptII/ptolemy/actor/lib/test/auto/Dictionary1.xml (RunModel)" time="0.016" />
  <testcase classname="ptolemy.util.test.junit.AutoTests" name="[109] /home/travis/build/icyphy/ptII/ptolemy/actor/lib/test/auto/Dictionary2.xml (RunModel)" time="0.016" />
  <testcase classname="ptolemy.util.test.junit.AutoTests" name="[110] /home/travis/build/icyphy/ptII/ptolemy/actor/lib/test/auto/Dictionary3.xml (RunModel)" time="0.013" />
  <testcase classname="ptolemy.util.test.junit.AutoTests" name="[111] /home/travis/build/icyphy/ptII/ptolemy/actor/lib/test/auto/Dictionary4.xml (RunModel)" time="0.021" />
  <testcase classname="ptolemy.util.test.junit.AutoTests" name="[112] /home/travis/build/icyphy/ptII/ptolemy/actor/lib/test/auto/Differential.xml (RunModel)" time="0.016" />
  <testcase classname="ptolemy.util.test.junit.AutoTests" name="[113] /home/travis/build/icyphy/ptII/ptolemy/actor/lib/test/auto/Director.xml (RunModel)" time="0.01" />
  <testcase classname="ptolemy.util.test.junit.AutoTests" name="[114] /home/travis/build/icyphy/ptII/ptolemy/actor/lib/test/auto/DiscreteClock.xml (RunModel)" time="0.008" />
  <testcase classname="ptolemy.util.test.junit.AutoTests" name="[115] /home/travis/build/icyphy/ptII/ptolemy/actor/lib/test/auto/DiscreteClock10.xml (RunModel)" time="0.015" />
  <testcase classname="ptolemy.util.test.junit.AutoTests" name="[116] /home/travis/build/icyphy/ptII/ptolemy/actor/lib/test/auto/DiscreteClock11.xml (RunModel)" time="0.013" />
  <testcase classname="ptolemy.util.test.junit.AutoTests" name="[117] /home/travis/build/icyphy/ptII/ptolemy/actor/lib/test/auto/DiscreteClock12.xml (RunModel)" time="0.014" />
  <testcase classname="ptolemy.util.test.junit.AutoTests" name="[118] /home/travis/build/icyphy/ptII/ptolemy/actor/lib/test/auto/DiscreteClock13.xml (RunModel)" time="0.011" />
  <testcase classname="ptolemy.util.test.junit.AutoTests" name="[119] /home/travis/build/icyphy/ptII/ptolemy/actor/lib/test/auto/DiscreteClock14.xml (RunModel)" time="0.015" />
  <testcase classname="ptolemy.util.test.junit.AutoTests" name="[120] /home/travis/build/icyphy/ptII/ptolemy/actor/lib/test/auto/DiscreteClock15.xml (RunModel)" time="0.015" />
  <testcase classname="ptolemy.util.test.junit.AutoTests" name="[121] /home/travis/build/icyphy/ptII/ptolemy/actor/lib/test/auto/DiscreteClock16.xml (RunModel)" time="0.033" />
  <testcase classname="ptolemy.util.test.junit.AutoTests" name="[122] /home/travis/build/icyphy/ptII/ptolemy/actor/lib/test/auto/DiscreteClock17.xml (RunModel)" time="0.038" />
  <testcase classname="ptolemy.util.test.junit.AutoTests" name="[123] /home/travis/build/icyphy/ptII/ptolemy/actor/lib/test/auto/DiscreteClock18.xml (RunModel)" time="0.458" />
  <testcase classname="ptolemy.util.test.junit.AutoTests" name="[124] /home/travis/build/icyphy/ptII/ptolemy/actor/lib/test/auto/DiscreteClock19.xml (RunModel)" time="0.037" />
  <testcase classname="ptolemy.util.test.junit.AutoTests" name="[125] /home/travis/build/icyphy/ptII/ptolemy/actor/lib/test/auto/DiscreteClock2.xml (RunModel)" time="0.008" />
  <testcase classname="ptolemy.util.test.junit.AutoTests" name="[126] /home/travis/build/icyphy/ptII/ptolemy/actor/lib/test/auto/DiscreteClock20.xml (RunModel)" time="0.017" />
  <testcase classname="ptolemy.util.test.junit.AutoTests" name="[127] /home/travis/build/icyphy/ptII/ptolemy/actor/lib/test/auto/DiscreteClock21.xml (RunModel)" time="0.025" />
  <testcase classname="ptolemy.util.test.junit.AutoTests" name="[128] /home/travis/build/icyphy/ptII/ptolemy/actor/lib/test/auto/DiscreteClock22.xml (RunModel)" time="0.024" />
  <testcase classname="ptolemy.util.test.junit.AutoTests" name="[129] /home/travis/build/icyphy/ptII/ptolemy/actor/lib/test/auto/DiscreteClock23.xml (RunModel)" time="0.021" />
  <testcase classname="ptolemy.util.test.junit.AutoTests" name="[130] /home/travis/build/icyphy/ptII/ptolemy/actor/lib/test/auto/DiscreteClock24.xml (RunModel)" time="0.021" />
  <testcase classname="ptolemy.util.test.junit.AutoTests" name="[131] /home/travis/build/icyphy/ptII/ptolemy/actor/lib/test/auto/DiscreteClock4.xml (RunModel)" time="0.013" />
  <testcase classname="ptolemy.util.test.junit.AutoTests" name="[132] /home/travis/build/icyphy/ptII/ptolemy/actor/lib/test/auto/DiscreteClock5.xml (RunModel)" time="0.01" />
  <testcase classname="ptolemy.util.test.junit.AutoTests" name="[133] /home/travis/build/icyphy/ptII/ptolemy/actor/lib/test/auto/DiscreteClock6.xml (RunModel)" time="0.008" />
  <testcase classname="ptolemy.util.test.junit.AutoTests" name="[134] /home/travis/build/icyphy/ptII/ptolemy/actor/lib/test/auto/DiscreteClock7.xml (RunModel)" time="0.011" />
  <testcase classname="ptolemy.util.test.junit.AutoTests" name="[135] /home/travis/build/icyphy/ptII/ptolemy/actor/lib/test/auto/DiscreteClock8.xml (RunModel)" time="0.012" />
  <testcase classname="ptolemy.util.test.junit.AutoTests" name="[136] /home/travis/build/icyphy/ptII/ptolemy/actor/lib/test/auto/DiscreteClock9.xml (RunModel)" time="0.017" />
  <testcase classname="ptolemy.util.test.junit.AutoTests" name="[137] /home/travis/build/icyphy/ptII/ptolemy/actor/lib/test/auto/DisplayArray.xml (RunModel)" time="0.008" />
  <testcase classname="ptolemy.util.test.junit.AutoTests" name="[138] /home/travis/build/icyphy/ptII/ptolemy/actor/lib/test/auto/Distributor.xml (RunModel)" time="0.009" />
  <testcase classname="ptolemy.util.test.junit.AutoTests" name="[139] /home/travis/build/icyphy/ptII/ptolemy/actor/lib/test/auto/Distributor2.xml (RunModel)" time="0.009" />
  <testcase classname="ptolemy.util.test.junit.AutoTests" name="[140] /home/travis/build/icyphy/ptII/ptolemy/actor/lib/test/auto/DownSample.xml (RunModel)" time="0.016" />
  <testcase classname="ptolemy.util.test.junit.AutoTests" name="[141] /home/travis/build/icyphy/ptII/ptolemy/actor/lib/test/auto/ElectronicUnitBase1.xml (RunModel)" time="0.108" />
  <testcase classname="ptolemy.util.test.junit.AutoTests" name="[142] /home/travis/build/icyphy/ptII/ptolemy/actor/lib/test/auto/ElementsToArray.xml (RunModel)" time="0.011" />
  <testcase classname="ptolemy.util.test.junit.AutoTests" name="[143] /home/travis/build/icyphy/ptII/ptolemy/actor/lib/test/auto/Equals.xml (RunModel)" time="0.019" />
  <testcase classname="ptolemy.util.test.junit.AutoTests" name="[144] /home/travis/build/icyphy/ptII/ptolemy/actor/lib/test/auto/Exec.xml (RunModel)" time="0.02" />
  <testcase classname="ptolemy.util.test.junit.AutoTests" name="[145] /home/travis/build/icyphy/ptII/ptolemy/actor/lib/test/auto/ExecEnvironment.xml (RunModel)" time="0.038" />
  <testcase classname="ptolemy.util.test.junit.AutoTests" name="[146] /home/travis/build/icyphy/ptII/ptolemy/actor/lib/test/auto/ExecNonZeroReturnOutput.xml (RunModel)" time="0.143" />
  <testcase classname="ptolemy.util.test.junit.AutoTests" name="[147] /home/travis/build/icyphy/ptII/ptolemy/actor/lib/test/auto/ExecRunDemos.xml (RunModel)" time="9.128" />
  <testcase classname="ptolemy.util.test.junit.AutoTests" name="[148] /home/travis/build/icyphy/ptII/ptolemy/actor/lib/test/auto/ExecStop.xml (RunModel)" time="5.03" />
  <testcase classname="ptolemy.util.test.junit.AutoTests" name="[149] /home/travis/build/icyphy/ptII/ptolemy/actor/lib/test/auto/ExecutionTimeSDF.xml (RunModel)" time="6.033" />
  <testcase classname="ptolemy.util.test.junit.AutoTests" name="[150] /home/travis/build/icyphy/ptII/ptolemy/actor/lib/test/auto/Expression1.xml (RunModel)" time="0.008" />
  <testcase classname="ptolemy.util.test.junit.AutoTests" name="[151] /home/travis/build/icyphy/ptII/ptolemy/actor/lib/test/auto/Expression10.xml (RunModel)" time="0.015" />
  <testcase classname="ptolemy.util.test.junit.AutoTests" name="[152] /home/travis/build/icyphy/ptII/ptolemy/actor/lib/test/auto/Expression11.xml (RunModel)" time="0.012" />
  <testcase classname="ptolemy.util.test.junit.AutoTests" name="[153] /home/travis/build/icyphy/ptII/ptolemy/actor/lib/test/auto/Expression12.xml (RunModel)" time="0.013" />
  <testcase classname="ptolemy.util.test.junit.AutoTests" name="[154] /home/travis/build/icyphy/ptII/ptolemy/actor/lib/test/auto/Expression13.xml (RunModel)" time="0.012" />
  <testcase classname="ptolemy.util.test.junit.AutoTests" name="[155] /home/travis/build/icyphy/ptII/ptolemy/actor/lib/test/auto/Expression14.xml (RunModel)" time="0.018" />
  <testcase classname="ptolemy.util.test.junit.AutoTests" name="[156] /home/travis/build/icyphy/ptII/ptolemy/actor/lib/test/auto/Expression15.xml (RunModel)" time="0.009" />
  <testcase classname="ptolemy.util.test.junit.AutoTests" name="[157] /home/travis/build/icyphy/ptII/ptolemy/actor/lib/test/auto/Expression16.xml (RunModel)" time="0.014" />
  <testcase classname="ptolemy.util.test.junit.AutoTests" name="[158] /home/travis/build/icyphy/ptII/ptolemy/actor/lib/test/auto/Expression17.xml (RunModel)" time="0.012" />
  <testcase classname="ptolemy.util.test.junit.AutoTests" name="[159] /home/travis/build/icyphy/ptII/ptolemy/actor/lib/test/auto/Expression18.xml (RunModel)" time="0.016" />
  <testcase classname="ptolemy.util.test.junit.AutoTests" name="[160] /home/travis/build/icyphy/ptII/ptolemy/actor/lib/test/auto/Expression2.xml (RunModel)" time="0.011" />
  <testcase classname="ptolemy.util.test.junit.AutoTests" name="[161] /home/travis/build/icyphy/ptII/ptolemy/actor/lib/test/auto/Expression3.xml (RunModel)" time="0.011" />
  <testcase classname="ptolemy.util.test.junit.AutoTests" name="[162] /home/travis/build/icyphy/ptII/ptolemy/actor/lib/test/auto/Expression4.xml (RunModel)" time="0.02" />
  <testcase classname="ptolemy.util.test.junit.AutoTests" name="[163] /home/travis/build/icyphy/ptII/ptolemy/actor/lib/test/auto/Expression5.xml (RunModel)" time="0.017" />
  <testcase classname="ptolemy.util.test.junit.AutoTests" name="[164] /home/travis/build/icyphy/ptII/ptolemy/actor/lib/test/auto/Expression6.xml (RunModel)" time="0.011" />
  <testcase classname="ptolemy.util.test.junit.AutoTests" name="[165] /home/travis/build/icyphy/ptII/ptolemy/actor/lib/test/auto/Expression7.xml (RunModel)" time="0.013" />
  <testcase classname="ptolemy.util.test.junit.AutoTests" name="[166] /home/travis/build/icyphy/ptII/ptolemy/actor/lib/test/auto/Expression8.xml (RunModel)" time="0.012" />
  <testcase classname="ptolemy.util.test.junit.AutoTests" name="[167] /home/travis/build/icyphy/ptII/ptolemy/actor/lib/test/auto/Expression9.xml (RunModel)" time="0.009" />
  <testcase classname="ptolemy.util.test.junit.AutoTests" name="[168] /home/travis/build/icyphy/ptII/ptolemy/actor/lib/test/auto/ExpressionConcatenateArrayType.xml (RunModel)" time="0.024" />
  <testcase classname="ptolemy.util.test.junit.AutoTests" name="[169] /home/travis/build/icyphy/ptII/ptolemy/actor/lib/test/auto/ExpressionConcatenateArrayType2.xml (RunModel)" time="0.023" />
  <testcase classname="ptolemy.util.test.junit.AutoTests" name="[170] /home/travis/build/icyphy/ptII/ptolemy/actor/lib/test/auto/ExpressionFix.xml (RunModel)" time="0.024" />
  <testcase classname="ptolemy.util.test.junit.AutoTests" name="[171] /home/travis/build/icyphy/ptII/ptolemy/actor/lib/test/auto/ExpressionFix2.xml (RunModel)" time="0.01" />
  <testcase classname="ptolemy.util.test.junit.AutoTests" name="[172] /home/travis/build/icyphy/ptII/ptolemy/actor/lib/test/auto/ExpressionFix3.xml (RunModel)" time="0.011" />
  <testcase classname="ptolemy.util.test.junit.AutoTests" name="[173] /home/travis/build/icyphy/ptII/ptolemy/actor/lib/test/auto/FileWriter1.xml (RunModel)" time="0.01" />
  <testcase classname="ptolemy.util.test.junit.AutoTests" name="[174] /home/travis/build/icyphy/ptII/ptolemy/actor/lib/test/auto/FileWriter2.xml (RunModel)" time="0.012" />
  <testcase classname="ptolemy.util.test.junit.AutoTests" name="[175] /home/travis/build/icyphy/ptII/ptolemy/actor/lib/test/auto/FileWriter3.xml (RunModel)" time="0.026" />
  <testcase classname="ptolemy.util.test.junit.AutoTests" name="[176] /home/travis/build/icyphy/ptII/ptolemy/actor/lib/test/auto/Gaussian.xml (RunModel)" time="0.012" />
  <testcase classname="ptolemy.util.test.junit.AutoTests" name="[177] /home/travis/build/icyphy/ptII/ptolemy/actor/lib/test/auto/Gaussian1.xml (RunModel)" time="0.013" />
  <testcase classname="ptolemy.util.test.junit.AutoTests" name="[178] /home/travis/build/icyphy/ptII/ptolemy/actor/lib/test/auto/Gaussian2.xml (RunModel)" time="0.016" />
  <testcase classname="ptolemy.util.test.junit.AutoTests" name="[179] /home/travis/build/icyphy/ptII/ptolemy/actor/lib/test/auto/GradientAdaptiveLattice.xml (RunModel)" time="0.02" />
  <testcase classname="ptolemy.util.test.junit.AutoTests" name="[180] /home/travis/build/icyphy/ptII/ptolemy/actor/lib/test/auto/IIR.xml (RunModel)" time="0.019" />
  <testcase classname="ptolemy.util.test.junit.AutoTests" name="[181] /home/travis/build/icyphy/ptII/ptolemy/actor/lib/test/auto/InputOutputTransparentPorts.xml (RunModel)" time="0.018" />
  <testcase classname="ptolemy.util.test.junit.AutoTests" name="[182] /home/travis/build/icyphy/ptII/ptolemy/actor/lib/test/auto/Interpolator.xml (RunModel)" time="0.011" />
  <testcase classname="ptolemy.util.test.junit.AutoTests" name="[183] /home/travis/build/icyphy/ptII/ptolemy/actor/lib/test/auto/InterpolatorFiringLimitDE.xml (RunModel)" time="0.014" />
  <testcase classname="ptolemy.util.test.junit.AutoTests" name="[184] /home/travis/build/icyphy/ptII/ptolemy/actor/lib/test/auto/Lattice.xml (RunModel)" time="0.009" />
  <testcase classname="ptolemy.util.test.junit.AutoTests" name="[185] /home/travis/build/icyphy/ptII/ptolemy/actor/lib/test/auto/LazyAOCTestLazy.xml (RunModel)" time="0.034" />
  <testcase classname="ptolemy.util.test.junit.AutoTests" name="[186] /home/travis/build/icyphy/ptII/ptolemy/actor/lib/test/auto/LazyAOCTestNonLazy.xml (RunModel)" time="0.049" />
  <testcase classname="ptolemy.util.test.junit.AutoTests" name="[187] /home/travis/build/icyphy/ptII/ptolemy/actor/lib/test/auto/LazyInnerClass.xml (RunModel)" time="0.048" />
  <testcase classname="ptolemy.util.test.junit.AutoTests" name="[188] /home/travis/build/icyphy/ptII/ptolemy/actor/lib/test/auto/LazyPubSub.xml (RunModel)" time="0.05" />
  <testcase classname="ptolemy.util.test.junit.AutoTests" name="[189] /home/travis/build/icyphy/ptII/ptolemy/actor/lib/test/auto/LazyPubSub2.xml (RunModel)" time="0.031" />
  <testcase classname="ptolemy.util.test.junit.AutoTests" name="[190] /home/travis/build/icyphy/ptII/ptolemy/actor/lib/test/auto/LazyPubSub3.xml (RunModel)" time="0.023" />
  <testcase classname="ptolemy.util.test.junit.AutoTests" name="[191] /home/travis/build/icyphy/ptII/ptolemy/actor/lib/test/auto/LazySubClassModel.xml (RunModel)" time="0.024" />
  <testcase classname="ptolemy.util.test.junit.AutoTests" name="[192] /home/travis/build/icyphy/ptII/ptolemy/actor/lib/test/auto/LevelCrossTest1.xml (RunModel)" time="0.01" />
  <testcase classname="ptolemy.util.test.junit.AutoTests" name="[193] /home/travis/build/icyphy/ptII/ptolemy/actor/lib/test/auto/LevelCrossTest10.xml (RunModel)" time="0.015" />
  <testcase classname="ptolemy.util.test.junit.AutoTests" name="[194] /home/travis/build/icyphy/ptII/ptolemy/actor/lib/test/auto/LevelCrossTest11.xml (RunModel)" time="0.029" />
  <testcase classname="ptolemy.util.test.junit.AutoTests" name="[195] /home/travis/build/icyphy/ptII/ptolemy/actor/lib/test/auto/LevelCrossTest12.xml (RunModel)" time="0.013" />
  <testcase classname="ptolemy.util.test.junit.AutoTests" name="[196] /home/travis/build/icyphy/ptII/ptolemy/actor/lib/test/auto/LevelCrossTest13.xml (RunModel)" time="0.014" />
  <testcase classname="ptolemy.util.test.junit.AutoTests" name="[197] /home/travis/build/icyphy/ptII/ptolemy/actor/lib/test/auto/LevelCrossTest2.xml (RunModel)" time="0.01" />
  <testcase classname="ptolemy.util.test.junit.AutoTests" name="[198] /home/travis/build/icyphy/ptII/ptolemy/actor/lib/test/auto/LevelCrossTest3.xml (RunModel)" time="0.013" />
  <testcase classname="ptolemy.util.test.junit.AutoTests" name="[199] /home/travis/build/icyphy/ptII/ptolemy/actor/lib/test/auto/LevelCrossTest4.xml (RunModel)" time="0.01" />
  <testcase classname="ptolemy.util.test.junit.AutoTests" name="[200] /home/travis/build/icyphy/ptII/ptolemy/actor/lib/test/auto/LevelCrossTest5.xml (RunModel)" time="0.013" />
  <testcase classname="ptolemy.util.test.junit.AutoTests" name="[201] /home/travis/build/icyphy/ptII/ptolemy/actor/lib/test/auto/LevelCrossTest6.xml (RunModel)" time="0.013" />
  <testcase classname="ptolemy.util.test.junit.AutoTests" name="[202] /home/travis/build/icyphy/ptII/ptolemy/actor/lib/test/auto/LevelCrossTest7.xml (RunModel)" time="0.014" />
  <testcase classname="ptolemy.util.test.junit.AutoTests" name="[203] /home/travis/build/icyphy/ptII/ptolemy/actor/lib/test/auto/LevelCrossTest8.xml (RunModel)" time="0.015" />
  <testcase classname="ptolemy.util.test.junit.AutoTests" name="[204] /home/travis/build/icyphy/ptII/ptolemy/actor/lib/test/auto/LevelCrossTest9.xml (RunModel)" time="0.013" />
  <testcase classname="ptolemy.util.test.junit.AutoTests" name="[205] /home/travis/build/icyphy/ptII/ptolemy/actor/lib/test/auto/LevinsonDurbin.xml (RunModel)" time="0.009" />
  <testcase classname="ptolemy.util.test.junit.AutoTests" name="[206] /home/travis/build/icyphy/ptII/ptolemy/actor/lib/test/auto/LevinsonDurbin2.xml (RunModel)" time="0.012" />
  <testcase classname="ptolemy.util.test.junit.AutoTests" name="[207] /home/travis/build/icyphy/ptII/ptolemy/actor/lib/test/auto/LevinsonDurbin3.xml (RunModel)" time="0.009" />
  <testcase classname="ptolemy.util.test.junit.AutoTests" name="[208] /home/travis/build/icyphy/ptII/ptolemy/actor/lib/test/auto/Limiter.xml (RunModel)" time="0.033" />
  <testcase classname="ptolemy.util.test.junit.AutoTests" name="[209] /home/travis/build/icyphy/ptII/ptolemy/actor/lib/test/auto/LinearDifferenceEquationSystem.xml (RunModel)" time="0.022" />
  <testcase classname="ptolemy.util.test.junit.AutoTests" name="[210] /home/travis/build/icyphy/ptII/ptolemy/actor/lib/test/auto/LookupTable.xml (RunModel)" time="0.011" />
  <testcase classname="ptolemy.util.test.junit.AutoTests" name="[211] /home/travis/build/icyphy/ptII/ptolemy/actor/lib/test/auto/MathFunction.xml (RunModel)" time="0.03" />
  <testcase classname="ptolemy.util.test.junit.AutoTests" name="[212] /home/travis/build/icyphy/ptII/ptolemy/actor/lib/test/auto/MathFunction2.xml (RunModel)" time="0.018" />
  <testcase classname="ptolemy.util.test.junit.AutoTests" name="[213] /home/travis/build/icyphy/ptII/ptolemy/actor/lib/test/auto/MathFunction3.xml (RunModel)" time="0.02" />
  <testcase classname="ptolemy.util.test.junit.AutoTests" name="[214] /home/travis/build/icyphy/ptII/ptolemy/actor/lib/test/auto/MatrixCropBoolean.xml (RunModel)" time="0.01" />
  <testcase classname="ptolemy.util.test.junit.AutoTests" name="[215] /home/travis/build/icyphy/ptII/ptolemy/actor/lib/test/auto/MatrixCropComplex.xml (RunModel)" time="0.009" />
  <testcase classname="ptolemy.util.test.junit.AutoTests" name="[216] /home/travis/build/icyphy/ptII/ptolemy/actor/lib/test/auto/MatrixCropDouble.xml (RunModel)" time="0.008" />
  <testcase classname="ptolemy.util.test.junit.AutoTests" name="[217] /home/travis/build/icyphy/ptII/ptolemy/actor/lib/test/auto/MatrixCropFix.xml (RunModel)" time="0.01" />
  <testcase classname="ptolemy.util.test.junit.AutoTests" name="[218] /home/travis/build/icyphy/ptII/ptolemy/actor/lib/test/auto/MatrixCropInt.xml (RunModel)" time="0.014" />
  <testcase classname="ptolemy.util.test.junit.AutoTests" name="[219] /home/travis/build/icyphy/ptII/ptolemy/actor/lib/test/auto/MatrixCropLong.xml (RunModel)" time="0.009" />
  <testcase classname="ptolemy.util.test.junit.AutoTests" name="[220] /home/travis/build/icyphy/ptII/ptolemy/actor/lib/test/auto/MatrixToArray.xml (RunModel)" time="0.038" />
  <testcase classname="ptolemy.util.test.junit.AutoTests" name="[221] /home/travis/build/icyphy/ptII/ptolemy/actor/lib/test/auto/MaxIndex.xml (RunModel)" time="0.016" />
  <testcase classname="ptolemy.util.test.junit.AutoTests" name="[222] /home/travis/build/icyphy/ptII/ptolemy/actor/lib/test/auto/Maximum.xml (RunModel)" time="0.012" />
  <testcase classname="ptolemy.util.test.junit.AutoTests" name="[223] /home/travis/build/icyphy/ptII/ptolemy/actor/lib/test/auto/MaximumComplex.xml (RunModel)" time="0.012" />
  <testcase classname="ptolemy.util.test.junit.AutoTests" name="[224] /home/travis/build/icyphy/ptII/ptolemy/actor/lib/test/auto/MethodCallTest.xml (RunModel)" time="0.017" />
  <testcase classname="ptolemy.util.test.junit.AutoTests" name="[225] /home/travis/build/icyphy/ptII/ptolemy/actor/lib/test/auto/Minimum.xml (RunModel)" time="0.013" />
  <testcase classname="ptolemy.util.test.junit.AutoTests" name="[226] /home/travis/build/icyphy/ptII/ptolemy/actor/lib/test/auto/MinimumComplex.xml (RunModel)" time="0.012" />
  <testcase classname="ptolemy.util.test.junit.AutoTests" name="[227] /home/travis/build/icyphy/ptII/ptolemy/actor/lib/test/auto/MinimumMultiports.xml (RunModel)" time="0.017" />
  <testcase classname="ptolemy.util.test.junit.AutoTests" name="[228] /home/travis/build/icyphy/ptII/ptolemy/actor/lib/test/auto/ModifyDate.xml (RunModel)" time="0.033" />
  <testcase classname="ptolemy.util.test.junit.AutoTests" name="[229] /home/travis/build/icyphy/ptII/ptolemy/actor/lib/test/auto/ModifyDate2.xml (RunModel)" time="0.03" />
  <testcase classname="ptolemy.util.test.junit.AutoTests" name="[230] /home/travis/build/icyphy/ptII/ptolemy/actor/lib/test/auto/MovingAverage.xml (RunModel)" time="0.011" />
  <testcase classname="ptolemy.util.test.junit.AutoTests" name="[231] /home/travis/build/icyphy/ptII/ptolemy/actor/lib/test/auto/MovingMaximum.xml (RunModel)" time="0.01" />
  <testcase classname="ptolemy.util.test.junit.AutoTests" name="[232] /home/travis/build/icyphy/ptII/ptolemy/actor/lib/test/auto/MultipleLinksToSameRelation.xml (RunModel)" time="0.007" />
  <testcase classname="ptolemy.util.test.junit.AutoTests" name="[233] /home/travis/build/icyphy/ptII/ptolemy/actor/lib/test/auto/MultipleLinksToSameRelationDE.xml (RunModel)" time="0.011" />
  <testcase classname="ptolemy.util.test.junit.AutoTests" name="[234] /home/travis/build/icyphy/ptII/ptolemy/actor/lib/test/auto/Multiplexor.xml (RunModel)" time="0.011" />
  <testcase classname="ptolemy.util.test.junit.AutoTests" name="[235] /home/travis/build/icyphy/ptII/ptolemy/actor/lib/test/auto/Multiplexor1.xml (RunModel)" time="0.011" />
  <testcase classname="ptolemy.util.test.junit.AutoTests" name="[236] /home/travis/build/icyphy/ptII/ptolemy/actor/lib/test/auto/Multiplexor2.xml (RunModel)" time="0.012" />
  <testcase classname="ptolemy.util.test.junit.AutoTests" name="[237] /home/travis/build/icyphy/ptII/ptolemy/actor/lib/test/auto/Multiplexor3.xml (RunModel)" time="0.008" />
  <testcase classname="ptolemy.util.test.junit.AutoTests" name="[238] /home/travis/build/icyphy/ptII/ptolemy/actor/lib/test/auto/MultiplexorDE.xml (RunModel)" time="0.017" />
  <testcase classname="ptolemy.util.test.junit.AutoTests" name="[239] /home/travis/build/icyphy/ptII/ptolemy/actor/lib/test/auto/MultiportBroadcastTest.xml (RunModel)" time="0.059" />
  <testcase classname="ptolemy.util.test.junit.AutoTests" name="[240] /home/travis/build/icyphy/ptII/ptolemy/actor/lib/test/auto/MultiportOutHangDuringGetWidth.xml (RunModel)" time="0.027" />
  <testcase classname="ptolemy.util.test.junit.AutoTests" name="[241] /home/travis/build/icyphy/ptII/ptolemy/actor/lib/test/auto/NilToken.xml (RunModel)" time="0.007" />
  <testcase classname="ptolemy.util.test.junit.AutoTests" name="[242] /home/travis/build/icyphy/ptII/ptolemy/actor/lib/test/auto/NilTokenNonStrictTest.xml (RunModel)" time="0.01" />
  <testcase classname="ptolemy.util.test.junit.AutoTests" name="[243] /home/travis/build/icyphy/ptII/ptolemy/actor/lib/test/auto/NilTokenRecord.xml (RunModel)" time="0.017" />
  <testcase classname="ptolemy.util.test.junit.AutoTests" name="[244] /home/travis/build/icyphy/ptII/ptolemy/actor/lib/test/auto/NilTokenTypeTest.xml (RunModel)" time="0.024" />
  <testcase classname="ptolemy.util.test.junit.AutoTests" name="[245] /home/travis/build/icyphy/ptII/ptolemy/actor/lib/test/auto/ObjectToken1.xml (RunModel)" time="0.007" />
  <testcase classname="ptolemy.util.test.junit.AutoTests" name="[246] /home/travis/build/icyphy/ptII/ptolemy/actor/lib/test/auto/OrderedMerge.xml (RunModel)" time="0.01" />
  <testcase classname="ptolemy.util.test.junit.AutoTests" name="[247] /home/travis/build/icyphy/ptII/ptolemy/actor/lib/test/auto/OrderedRecordDisassembler.xml (RunModel)" time="0.018" />
  <testcase classname="ptolemy.util.test.junit.AutoTests" name="[248] /home/travis/build/icyphy/ptII/ptolemy/actor/lib/test/auto/OrderedRecordDisassembler2.xml (RunModel)" time="0.015" />
  <testcase classname="ptolemy.util.test.junit.AutoTests" name="[249] /home/travis/build/icyphy/ptII/ptolemy/actor/lib/test/auto/OrderedRecordUpdater.xml (RunModel)" time="0.012" />
  <testcase classname="ptolemy.util.test.junit.AutoTests" name="[250] /home/travis/build/icyphy/ptII/ptolemy/actor/lib/test/auto/OrderedRecordUpdater2.xml (RunModel)" time="0.021" />
  <testcase classname="ptolemy.util.test.junit.AutoTests" name="[251] /home/travis/build/icyphy/ptII/ptolemy/actor/lib/test/auto/PhaseUnwrap.xml (RunModel)" time="0.012" />
  <testcase classname="ptolemy.util.test.junit.AutoTests" name="[252] /home/travis/build/icyphy/ptII/ptolemy/actor/lib/test/auto/PoissonClock.xml (RunModel)" time="0.009" />
  <testcase classname="ptolemy.util.test.junit.AutoTests" name="[253] /home/travis/build/icyphy/ptII/ptolemy/actor/lib/test/auto/PoissonClock2.xml (RunModel)" time="0.007" />
  <testcase classname="ptolemy.util.test.junit.AutoTests" name="[254] /home/travis/build/icyphy/ptII/ptolemy/actor/lib/test/auto/PoissonClock3.xml (RunModel)" time="0.008" />
  <testcase classname="ptolemy.util.test.junit.AutoTests" name="[255] /home/travis/build/icyphy/ptII/ptolemy/actor/lib/test/auto/PubSubWithInitialTokens.xml (RunModel)" time="0.012" />
  <testcase classname="ptolemy.util.test.junit.AutoTests" name="[256] /home/travis/build/icyphy/ptII/ptolemy/actor/lib/test/auto/PubSubWithInitialTokens2.xml (RunModel)" time="0.011" />
  <testcase classname="ptolemy.util.test.junit.AutoTests" name="[257] /home/travis/build/icyphy/ptII/ptolemy/actor/lib/test/auto/PublisherClassNoParameter.xml (RunModel)" time="0.021" />
  <testcase classname="ptolemy.util.test.junit.AutoTests" name="[258] /home/travis/build/icyphy/ptII/ptolemy/actor/lib/test/auto/PublisherClassParameter.xml (RunModel)" time="0.029" />
  <testcase classname="ptolemy.util.test.junit.AutoTests" name="[259] /home/travis/build/icyphy/ptII/ptolemy/actor/lib/test/auto/PublisherNonStrictTest.xml (RunModel)" time="0.015" />
  <testcase classname="ptolemy.util.test.junit.AutoTests" name="[260] /home/travis/build/icyphy/ptII/ptolemy/actor/lib/test/auto/PublisherPort1.xml (RunModel)" time="0.013" />
  <testcase classname="ptolemy.util.test.junit.AutoTests" name="[261] /home/travis/build/icyphy/ptII/ptolemy/actor/lib/test/auto/PublisherPort2.xml (RunModel)" time="0.013" />
  <testcase classname="ptolemy.util.test.junit.AutoTests" name="[262] /home/travis/build/icyphy/ptII/ptolemy/actor/lib/test/auto/PublisherPort3.xml (RunModel)" time="0.01" />
  <testcase classname="ptolemy.util.test.junit.AutoTests" name="[263] /home/travis/build/icyphy/ptII/ptolemy/actor/lib/test/auto/PublisherPort4.xml (RunModel)" time="0.011" />
  <testcase classname="ptolemy.util.test.junit.AutoTests" name="[264] /home/travis/build/icyphy/ptII/ptolemy/actor/lib/test/auto/PublisherPort5.xml (RunModel)" time="0.013" />
  <testcase classname="ptolemy.util.test.junit.AutoTests" name="[265] /home/travis/build/icyphy/ptII/ptolemy/actor/lib/test/auto/PublisherPort5LookAlike.xml (RunModel)" time="0.014" />
  <testcase classname="ptolemy.util.test.junit.AutoTests" name="[266] /home/travis/build/icyphy/ptII/ptolemy/actor/lib/test/auto/PublisherPort6.xml (RunModel)" time="0.014" />
  <testcase classname="ptolemy.util.test.junit.AutoTests" name="[267] /home/travis/build/icyphy/ptII/ptolemy/actor/lib/test/auto/PublisherPort7.xml (RunModel)" time="0.013" />
  <testcase classname="ptolemy.util.test.junit.AutoTests" name="[268] /home/travis/build/icyphy/ptII/ptolemy/actor/lib/test/auto/PublisherPort8.xml (RunModel)" time="0.017" />
  <testcase classname="ptolemy.util.test.junit.AutoTests" name="[269] /home/travis/build/icyphy/ptII/ptolemy/actor/lib/test/auto/PublisherPortSubscriberChannelVariablesAOC2.xml (RunModel)" time="0.03" />
  <testcase classname="ptolemy.util.test.junit.AutoTests" name="[270] /home/travis/build/icyphy/ptII/ptolemy/actor/lib/test/auto/PublisherPortSubscriberOpaqueWidthInference.xml (RunModel)" time="0.015" />
  <testcase classname="ptolemy.util.test.junit.AutoTests" name="[271] /home/travis/build/icyphy/ptII/ptolemy/actor/lib/test/auto/PublisherPortSubscriberPortAdjacent.xml (RunModel)" time="0.014" />
  <testcase classname="ptolemy.util.test.junit.AutoTests" name="[272] /home/travis/build/icyphy/ptII/ptolemy/actor/lib/test/auto/PublisherPortSubscriberPortExpression.xml (RunModel)" time="0.015" />
  <testcase classname="ptolemy.util.test.junit.AutoTests" name="[273] /home/travis/build/icyphy/ptII/ptolemy/actor/lib/test/auto/PublisherPortSubscriberPortOpaqueD3Reverse.xml (RunModel)" time="0.019" />
  <testcase classname="ptolemy.util.test.junit.AutoTests" name="[274] /home/travis/build/icyphy/ptII/ptolemy/actor/lib/test/auto/PublisherPortSubscriberPortOpaqueWidthInference.xml (RunModel)" time="0.015" />
  <testcase classname="ptolemy.util.test.junit.AutoTests" name="[275] /home/travis/build/icyphy/ptII/ptolemy/actor/lib/test/auto/PublisherPortToplevelSubscriberPortAOC.xml (RunModel)" time="0.009" />
  <testcase classname="ptolemy.util.test.junit.AutoTests" name="[276] /home/travis/build/icyphy/ptII/ptolemy/actor/lib/test/auto/PublisherSubscriber.xml (RunModel)" time="0.013" />
  <testcase classname="ptolemy.util.test.junit.AutoTests" name="[277] /home/travis/build/icyphy/ptII/ptolemy/actor/lib/test/auto/PublisherSubscriber10.xml (RunModel)" time="0.018" />
  <testcase classname="ptolemy.util.test.junit.AutoTests" name="[278] /home/travis/build/icyphy/ptII/ptolemy/actor/lib/test/auto/PublisherSubscriber10InitialOutputs.xml (RunModel)" time="0.017" />
  <testcase classname="ptolemy.util.test.junit.AutoTests" name="[279] /home/travis/build/icyphy/ptII/ptolemy/actor/lib/test/auto/PublisherSubscriber11.xml (RunModel)" time="0.01" />
  <testcase classname="ptolemy.util.test.junit.AutoTests" name="[280] /home/travis/build/icyphy/ptII/ptolemy/actor/lib/test/auto/PublisherSubscriber12.xml (RunModel)" time="0.011" />
  <testcase classname="ptolemy.util.test.junit.AutoTests" name="[281] /home/travis/build/icyphy/ptII/ptolemy/actor/lib/test/auto/PublisherSubscriber13.xml (RunModel)" time="0.01" />
  <testcase classname="ptolemy.util.test.junit.AutoTests" name="[282] /home/travis/build/icyphy/ptII/ptolemy/actor/lib/test/auto/PublisherSubscriber14.xml (RunModel)" time="0.022" />
  <testcase classname="ptolemy.util.test.junit.AutoTests" name="[283] /home/travis/build/icyphy/ptII/ptolemy/actor/lib/test/auto/PublisherSubscriber2.xml (RunModel)" time="0.01" />
  <testcase classname="ptolemy.util.test.junit.AutoTests" name="[284] /home/travis/build/icyphy/ptII/ptolemy/actor/lib/test/auto/PublisherSubscriber3.xml (RunModel)" time="0.009" />
  <testcase classname="ptolemy.util.test.junit.AutoTests" name="[285] /home/travis/build/icyphy/ptII/ptolemy/actor/lib/test/auto/PublisherSubscriber4.xml (RunModel)" time="0.008" />
  <testcase classname="ptolemy.util.test.junit.AutoTests" name="[286] /home/travis/build/icyphy/ptII/ptolemy/actor/lib/test/auto/PublisherSubscriber5.xml (RunModel)" time="0.028" />
  <testcase classname="ptolemy.util.test.junit.AutoTests" name="[287] /home/travis/build/icyphy/ptII/ptolemy/actor/lib/test/auto/PublisherSubscriber6.xml (RunModel)" time="0.017" />
  <testcase classname="ptolemy.util.test.junit.AutoTests" name="[288] /home/travis/build/icyphy/ptII/ptolemy/actor/lib/test/auto/PublisherSubscriber7.xml (RunModel)" time="0.018" />
  <testcase classname="ptolemy.util.test.junit.AutoTests" name="[289] /home/travis/build/icyphy/ptII/ptolemy/actor/lib/test/auto/PublisherSubscriber8.xml (RunModel)" time="0.034" />
  <testcase classname="ptolemy.util.test.junit.AutoTests" name="[290] /home/travis/build/icyphy/ptII/ptolemy/actor/lib/test/auto/PublisherSubscriber9.xml (RunModel)" time="0.018" />
  <testcase classname="ptolemy.util.test.junit.AutoTests" name="[291] /home/travis/build/icyphy/ptII/ptolemy/actor/lib/test/auto/PublisherSubscriberAdjacent.xml (RunModel)" time="0.019" />
  <testcase classname="ptolemy.util.test.junit.AutoTests" name="[292] /home/travis/build/icyphy/ptII/ptolemy/actor/lib/test/auto/PublisherSubscriberChannelVariablesAOC2.xml (RunModel)" time="0.024" />
  <testcase classname="ptolemy.util.test.junit.AutoTests" name="[293] /home/travis/build/icyphy/ptII/ptolemy/actor/lib/test/auto/PublisherSubscriberD3.xml (RunModel)" time="0.012" />
  <testcase classname="ptolemy.util.test.junit.AutoTests" name="[294] /home/travis/build/icyphy/ptII/ptolemy/actor/lib/test/auto/PublisherSubscriberD3Reverse.xml (RunModel)" time="0.012" />
  <testcase classname="ptolemy.util.test.junit.AutoTests" name="[295] /home/travis/build/icyphy/ptII/ptolemy/actor/lib/test/auto/PublisherSubscriberExpression.xml (RunModel)" time="0.016" />
  <testcase classname="ptolemy.util.test.junit.AutoTests" name="[296] /home/travis/build/icyphy/ptII/ptolemy/actor/lib/test/auto/PublisherSubscriberOpaque.xml (RunModel)" time="0.014" />
  <testcase classname="ptolemy.util.test.junit.AutoTests" name="[297] /home/travis/build/icyphy/ptII/ptolemy/actor/lib/test/auto/PublisherSubscriberOpaqueD3.xml (RunModel)" time="0.021" />
  <testcase classname="ptolemy.util.test.junit.AutoTests" name="[298] /home/travis/build/icyphy/ptII/ptolemy/actor/lib/test/auto/PublisherSubscriberOpaqueD3Reverse.xml (RunModel)" time="0.018" />
  <testcase classname="ptolemy.util.test.junit.AutoTests" name="[299] /home/travis/build/icyphy/ptII/ptolemy/actor/lib/test/auto/PublisherSubscriberOpaqueWidthInference.xml (RunModel)" time="0.014" />
  <testcase classname="ptolemy.util.test.junit.AutoTests" name="[300] /home/travis/build/icyphy/ptII/ptolemy/actor/lib/test/auto/PublisherTestSubscriber.xml (RunModel)" time="0.014" />
  <testcase classname="ptolemy.util.test.junit.AutoTests" name="[301] /home/travis/build/icyphy/ptII/ptolemy/actor/lib/test/auto/PublisherToplevelSubscriberPortAOC.xml (RunModel)" time="0.01" />
  <testcase classname="ptolemy.util.test.junit.AutoTests" name="[302] /home/travis/build/icyphy/ptII/ptolemy/actor/lib/test/auto/PulseFiringLimitDE.xml (RunModel)" time="0.017" />
  <testcase classname="ptolemy.util.test.junit.AutoTests" name="[303] /home/travis/build/icyphy/ptII/ptolemy/actor/lib/test/auto/Ramp1.xml (RunModel)" time="0.007" />
  <testcase classname="ptolemy.util.test.junit.AutoTests" name="[304] /home/travis/build/icyphy/ptII/ptolemy/actor/lib/test/auto/RampFiringLimitDE.xml (RunModel)" time="0.01" />
  <testcase classname="ptolemy.util.test.junit.AutoTests" name="[305] /home/travis/build/icyphy/ptII/ptolemy/actor/lib/test/auto/RampFiringLimitSDF.xml (RunModel)" time="0.011" />
  <testcase classname="ptolemy.util.test.junit.AutoTests" name="[306] /home/travis/build/icyphy/ptII/ptolemy/actor/lib/test/auto/RandomInteger.xml (RunModel)" time="0.009" />
  <testcase classname="ptolemy.util.test.junit.AutoTests" name="[307] /home/travis/build/icyphy/ptII/ptolemy/actor/lib/test/auto/ReadFile1.xml (RunModel)" time="0.01" />
  <testcase classname="ptolemy.util.test.junit.AutoTests" name="[308] /home/travis/build/icyphy/ptII/ptolemy/actor/lib/test/auto/ReadFile2.xml (RunModel)" time="0.007" />
  <testcase classname="ptolemy.util.test.junit.AutoTests" name="[309] /home/travis/build/icyphy/ptII/ptolemy/actor/lib/test/auto/Reader.xml (RunModel)" time="0.01" />
  <testcase classname="ptolemy.util.test.junit.AutoTests" name="[310] /home/travis/build/icyphy/ptII/ptolemy/actor/lib/test/auto/RecordAssemblerDisplayNameTest.xml (RunModel)" time="2.878" />
  <testcase classname="ptolemy.util.test.junit.AutoTests" name="[311] /home/travis/build/icyphy/ptII/ptolemy/actor/lib/test/auto/RecordAssemblerTypeError.xml (RunModel)" time="0.027" />
  <testcase classname="ptolemy.util.test.junit.AutoTests" name="[312] /home/travis/build/icyphy/ptII/ptolemy/actor/lib/test/auto/RecordDisassember.xml (RunModel)" time="0.012" />
  <testcase classname="ptolemy.util.test.junit.AutoTests" name="[313] /home/travis/build/icyphy/ptII/ptolemy/actor/lib/test/auto/RecordDisassemberDisplayNameTest.xml (RunModel)" time="0.02" />
  <testcase classname="ptolemy.util.test.junit.AutoTests" name="[314] /home/travis/build/icyphy/ptII/ptolemy/actor/lib/test/auto/RecordDisassembler.xml (RunModel)" time="0.013" />
  <testcase classname="ptolemy.util.test.junit.AutoTests" name="[315] /home/travis/build/icyphy/ptII/ptolemy/actor/lib/test/auto/RecordDisassembler2.xml (RunModel)" time="0.01" />
  <testcase classname="ptolemy.util.test.junit.AutoTests" name="[316] /home/travis/build/icyphy/ptII/ptolemy/actor/lib/test/auto/RecordUpdater.xml (RunModel)" time="0.008" />
  <testcase classname="ptolemy.util.test.junit.AutoTests" name="[317] /home/travis/build/icyphy/ptII/ptolemy/actor/lib/test/auto/RecordUpdater2.xml (RunModel)" time="0.009" />
  <testcase classname="ptolemy.util.test.junit.AutoTests" name="[318] /home/travis/build/icyphy/ptII/ptolemy/actor/lib/test/auto/RecursiveLattice.xml (RunModel)" time="0.013" />
  <testcase classname="ptolemy.util.test.junit.AutoTests" name="[319] /home/travis/build/icyphy/ptII/ptolemy/actor/lib/test/auto/Router.xml (RunModel)" time="3.024" />
  <testcase classname="ptolemy.util.test.junit.AutoTests" name="[320] /home/travis/build/icyphy/ptII/ptolemy/actor/lib/test/auto/Router2.xml (RunModel)" time="3.022" />
  <testcase classname="ptolemy.util.test.junit.AutoTests" name="[321] /home/travis/build/icyphy/ptII/ptolemy/actor/lib/test/auto/RunningMaximum.xml (RunModel)" time="0.017" />
  <testcase classname="ptolemy.util.test.junit.AutoTests" name="[322] /home/travis/build/icyphy/ptII/ptolemy/actor/lib/test/auto/RunningMinimum.xml (RunModel)" time="0.01" />
  <testcase classname="ptolemy.util.test.junit.AutoTests" name="[323] /home/travis/build/icyphy/ptII/ptolemy/actor/lib/test/auto/Scale.xml (RunModel)" time="0.007" />
  <testcase classname="ptolemy.util.test.junit.AutoTests" name="[324] /home/travis/build/icyphy/ptII/ptolemy/actor/lib/test/auto/Scale2.xml (RunModel)" time="0.009" />
  <testcase classname="ptolemy.util.test.junit.AutoTests" name="[325] /home/travis/build/icyphy/ptII/ptolemy/actor/lib/test/auto/Scale3.xml (RunModel)" time="0.013" />
  <testcase classname="ptolemy.util.test.junit.AutoTests" name="[326] /home/travis/build/icyphy/ptII/ptolemy/actor/lib/test/auto/ScaleArray.xml (RunModel)" time="0.007" />
  <testcase classname="ptolemy.util.test.junit.AutoTests" name="[327] /home/travis/build/icyphy/ptII/ptolemy/actor/lib/test/auto/ScaleArray2.xml (RunModel)" time="0.01" />
  <testcase classname="ptolemy.util.test.junit.AutoTests" name="[328] /home/travis/build/icyphy/ptII/ptolemy/actor/lib/test/auto/ScaleMatrix.xml (RunModel)" time="0.109" />
  <testcase classname="ptolemy.util.test.junit.AutoTests" name="[329] /home/travis/build/icyphy/ptII/ptolemy/actor/lib/test/auto/Select.xml (RunModel)" time="0.012" />
  <testcase classname="ptolemy.util.test.junit.AutoTests" name="[330] /home/travis/build/icyphy/ptII/ptolemy/actor/lib/test/auto/Select2.xml (RunModel)" time="0.007" />
  <testcase classname="ptolemy.util.test.junit.AutoTests" name="[331] /home/travis/build/icyphy/ptII/ptolemy/actor/lib/test/auto/SequenceToArray2.xml (RunModel)" time="0.1" />
  <testcase classname="ptolemy.util.test.junit.AutoTests" name="[332] /home/travis/build/icyphy/ptII/ptolemy/actor/lib/test/auto/SequentialClock.xml (RunModel)" time="0.008" />
  <testcase classname="ptolemy.util.test.junit.AutoTests" name="[333] /home/travis/build/icyphy/ptII/ptolemy/actor/lib/test/auto/SetVariable.xml (RunModel)" time="0.009" />
  <testcase classname="ptolemy.util.test.junit.AutoTests" name="[334] /home/travis/build/icyphy/ptII/ptolemy/actor/lib/test/auto/SetVariable2.xml (RunModel)" time="0.009" />
  <testcase classname="ptolemy.util.test.junit.AutoTests" name="[335] /home/travis/build/icyphy/ptII/ptolemy/actor/lib/test/auto/SetVariable3.xml (RunModel)" time="0.01" />
  <testcase classname="ptolemy.util.test.junit.AutoTests" name="[336] /home/travis/build/icyphy/ptII/ptolemy/actor/lib/test/auto/SetVariable4.xml (RunModel)" time="0.023" />
  <testcase classname="ptolemy.util.test.junit.AutoTests" name="[337] /home/travis/build/icyphy/ptII/ptolemy/actor/lib/test/auto/SetVariable5.xml (RunModel)" time="0.027" />
  <testcase classname="ptolemy.util.test.junit.AutoTests" name="[338] /home/travis/build/icyphy/ptII/ptolemy/actor/lib/test/auto/Sinewave.xml (RunModel)" time="0.022" />
  <testcase classname="ptolemy.util.test.junit.AutoTests" name="[339] /home/travis/build/icyphy/ptII/ptolemy/actor/lib/test/auto/Sinewave2.xml (RunModel)" time="0.014" />
  <testcase classname="ptolemy.util.test.junit.AutoTests" name="[340] /home/travis/build/icyphy/ptII/ptolemy/actor/lib/test/auto/Sinewave3.xml (RunModel)" time="0.014" />
  <testcase classname="ptolemy.util.test.junit.AutoTests" name="[341] /home/travis/build/icyphy/ptII/ptolemy/actor/lib/test/auto/SingleEvent.xml (RunModel)" time="0.005" />
  <testcase classname="ptolemy.util.test.junit.AutoTests" name="[342] /home/travis/build/icyphy/ptII/ptolemy/actor/lib/test/auto/Sleep.xml (RunModel)" time="6.012" />
  <testcase classname="ptolemy.util.test.junit.AutoTests" name="[343] /home/travis/build/icyphy/ptII/ptolemy/actor/lib/test/auto/SleepMultipleFire.xml (RunModel)" time="1.027" />
  <testcase classname="ptolemy.util.test.junit.AutoTests" name="[344] /home/travis/build/icyphy/ptII/ptolemy/actor/lib/test/auto/StopDE.xml (RunModel)" time="0.011" />
  <testcase classname="ptolemy.util.test.junit.AutoTests" name="[345] /home/travis/build/icyphy/ptII/ptolemy/actor/lib/test/auto/StopSDF.xml (RunModel)" time="0.012" />
  <testcase classname="ptolemy.util.test.junit.AutoTests" name="[346] /home/travis/build/icyphy/ptII/ptolemy/actor/lib/test/auto/StringConstant.xml (RunModel)" time="0.012" />
  <testcase classname="ptolemy.util.test.junit.AutoTests" name="[347] /home/travis/build/icyphy/ptII/ptolemy/actor/lib/test/auto/SubscriberPortInitialValues1.xml (RunModel)" time="0.022" />
  <testcase classname="ptolemy.util.test.junit.AutoTests" name="[348] /home/travis/build/icyphy/ptII/ptolemy/actor/lib/test/auto/SubscriberPortInitialValues13.xml (RunModel)" time="0.022" />
  <testcase classname="ptolemy.util.test.junit.AutoTests" name="[349] /home/travis/build/icyphy/ptII/ptolemy/actor/lib/test/auto/SubscriberPortInitialValues14.xml (RunModel)" time="0.013" />
  <testcase classname="ptolemy.util.test.junit.AutoTests" name="[350] /home/travis/build/icyphy/ptII/ptolemy/actor/lib/test/auto/SubscriberPortInitialValues2.xml (RunModel)" time="0.014" />
  <testcase classname="ptolemy.util.test.junit.AutoTests" name="[351] /home/travis/build/icyphy/ptII/ptolemy/actor/lib/test/auto/SubscriberPortInitialValues3.xml (RunModel)" time="0.017" />
  <testcase classname="ptolemy.util.test.junit.AutoTests" name="[352] /home/travis/build/icyphy/ptII/ptolemy/actor/lib/test/auto/SubscriptionAggregator.xml (RunModel)" time="0.01" />
  <testcase classname="ptolemy.util.test.junit.AutoTests" name="[353] /home/travis/build/icyphy/ptII/ptolemy/actor/lib/test/auto/SubscriptionAggregator2.xml (RunModel)" time="0.011" />
  <testcase classname="ptolemy.util.test.junit.AutoTests" name="[354] /home/travis/build/icyphy/ptII/ptolemy/actor/lib/test/auto/SubscriptionAggregator3.xml (RunModel)" time="0.014" />
  <testcase classname="ptolemy.util.test.junit.AutoTests" name="[355] /home/travis/build/icyphy/ptII/ptolemy/actor/lib/test/auto/SubscriptionAggregatorMultiply.xml (RunModel)" time="0.013" />
  <testcase classname="ptolemy.util.test.junit.AutoTests" name="[356] /home/travis/build/icyphy/ptII/ptolemy/actor/lib/test/auto/SubscriptionAggregatorPortMultiply1.xml (RunModel)" time="0.012" />
  <testcase classname="ptolemy.util.test.junit.AutoTests" name="[357] /home/travis/build/icyphy/ptII/ptolemy/actor/lib/test/auto/Switch.xml (RunModel)" time="0.013" />
  <testcase classname="ptolemy.util.test.junit.AutoTests" name="[358] /home/travis/build/icyphy/ptII/ptolemy/actor/lib/test/auto/Switch2.xml (RunModel)" time="0.009" />
  <testcase classname="ptolemy.util.test.junit.AutoTests" name="[359] /home/travis/build/icyphy/ptII/ptolemy/actor/lib/test/auto/SwitchDE.xml (RunModel)" time="0.011" />
  <testcase classname="ptolemy.util.test.junit.AutoTests" name="[360] /home/travis/build/icyphy/ptII/ptolemy/actor/lib/test/auto/SynchronizerDE.xml (RunModel)" time="0.017" />
  <testcase classname="ptolemy.util.test.junit.AutoTests" name="[361] /home/travis/build/icyphy/ptII/ptolemy/actor/lib/test/auto/Test.xml (RunModel)" time="0.008" />
  <testcase classname="ptolemy.util.test.junit.AutoTests" name="[362] /home/travis/build/icyphy/ptII/ptolemy/actor/lib/test/auto/TestExceptionAttribute1.xml (RunModel)" time="0.005" />
  <testcase classname="ptolemy.util.test.junit.AutoTests" name="[363] /home/travis/build/icyphy/ptII/ptolemy/actor/lib/test/auto/TestExceptionAttribute2.xml (RunModel)" time="0.005" />
  <testcase classname="ptolemy.util.test.junit.AutoTests" name="[364] /home/travis/build/icyphy/ptII/ptolemy/actor/lib/test/auto/TestExceptionAttribute3.xml (RunModel)" time="0.006" />
  <testcase classname="ptolemy.util.test.junit.AutoTests" name="[365] /home/travis/build/icyphy/ptII/ptolemy/actor/lib/test/auto/TestExceptionAttribute4.xml (RunModel)" time="0.005" />
  <testcase classname="ptolemy.util.test.junit.AutoTests" name="[366] /home/travis/build/icyphy/ptII/ptolemy/actor/lib/test/auto/TestExceptionHandler1.xml (RunModel)" time="0.005" />
  <testcase classname="ptolemy.util.test.junit.AutoTests" name="[367] /home/travis/build/icyphy/ptII/ptolemy/actor/lib/test/auto/TestExceptionHandler2.xml (RunModel)" time="0.005" />
  <testcase classname="ptolemy.util.test.junit.AutoTests" name="[368] /home/travis/build/icyphy/ptII/ptolemy/actor/lib/test/auto/TestExceptionHandler3.xml (RunModel)" time="0.005" />
  <testcase classname="ptolemy.util.test.junit.AutoTests" name="[369] /home/travis/build/icyphy/ptII/ptolemy/actor/lib/test/auto/TestExceptionHandler4.xml (RunModel)" time="0.008" />
  <testcase classname="ptolemy.util.test.junit.AutoTests" name="[370] /home/travis/build/icyphy/ptII/ptolemy/actor/lib/test/auto/TestRequireCorrectOrder.xml (RunModel)" time="0.009" />
  <testcase classname="ptolemy.util.test.junit.AutoTests" name="[371] /home/travis/build/icyphy/ptII/ptolemy/actor/lib/test/auto/TestSimple.xml (RunModel)" time="0.006" />
  <testcase classname="ptolemy.util.test.junit.AutoTests" name="[372] /home/travis/build/icyphy/ptII/ptolemy/actor/lib/test/auto/ThrowModelError.xml (RunModel)" time="0.01" />
  <testcase classname="ptolemy.util.test.junit.AutoTests" name="[373] /home/travis/build/icyphy/ptII/ptolemy/actor/lib/test/auto/TimeDelayMicrosteps.xml (RunModel)" time="0.014" />
  <testcase classname="ptolemy.util.test.junit.AutoTests" name="[374] /home/travis/build/icyphy/ptII/ptolemy/actor/lib/test/auto/TimeDelayMicrosteps2.xml (RunModel)" time="0.014" />
  <testcase classname="ptolemy.util.test.junit.AutoTests" name="[375] /home/travis/build/icyphy/ptII/ptolemy/actor/lib/test/auto/TimeDelayMicrosteps3.xml (RunModel)" time="0.013" />
  <testcase classname="ptolemy.util.test.junit.AutoTests" name="[376] /home/travis/build/icyphy/ptII/ptolemy/actor/lib/test/auto/TimeDelayVariableMicrosteps.xml (RunModel)" time="0.012" />
  <testcase classname="ptolemy.util.test.junit.AutoTests" name="[377] /home/travis/build/icyphy/ptII/ptolemy/actor/lib/test/auto/TimeGap.xml (RunModel)" time="0.012" />
  <testcase classname="ptolemy.util.test.junit.AutoTests" name="[378] /home/travis/build/icyphy/ptII/ptolemy/actor/lib/test/auto/TimeGap2.xml (RunModel)" time="0.01" />
  <testcase classname="ptolemy.util.test.junit.AutoTests" name="[379] /home/travis/build/icyphy/ptII/ptolemy/actor/lib/test/auto/TimedSinewave.xml (RunModel)" time="0.038" />
  <testcase classname="ptolemy.util.test.junit.AutoTests" name="[380] /home/travis/build/icyphy/ptII/ptolemy/actor/lib/test/auto/TimedSinewavePhase.xml (RunModel)" time="0.023" />
  <testcase classname="ptolemy.util.test.junit.AutoTests" name="[381] /home/travis/build/icyphy/ptII/ptolemy/actor/lib/test/auto/Timer.xml (RunModel)" time="0.012" />
  <testcase classname="ptolemy.util.test.junit.AutoTests" name="[382] /home/travis/build/icyphy/ptII/ptolemy/actor/lib/test/auto/TriangularDistTestModel.xml (RunModel)" time="0.015" />
  <testcase classname="ptolemy.util.test.junit.AutoTests" name="[383] /home/travis/build/icyphy/ptII/ptolemy/actor/lib/test/auto/TrigFunction.xml (RunModel)" time="0.008" />
  <testcase classname="ptolemy.util.test.junit.AutoTests" name="[384] /home/travis/build/icyphy/ptII/ptolemy/actor/lib/test/auto/TrigFunctionDE.xml (RunModel)" time="0.009" />
  <testcase classname="ptolemy.util.test.junit.AutoTests" name="[385] /home/travis/build/icyphy/ptII/ptolemy/actor/lib/test/auto/TrigFunctionInverse.xml (RunModel)" time="0.007" />
  <testcase classname="ptolemy.util.test.junit.AutoTests" name="[386] /home/travis/build/icyphy/ptII/ptolemy/actor/lib/test/auto/TrigFunctionTan.xml (RunModel)" time="0.005" />
  <testcase classname="ptolemy.util.test.junit.AutoTests" name="[387] /home/travis/build/icyphy/ptII/ptolemy/actor/lib/test/auto/TriggeredClock.xml (RunModel)" time="0.007" />
  <testcase classname="ptolemy.util.test.junit.AutoTests" name="[388] /home/travis/build/icyphy/ptII/ptolemy/actor/lib/test/auto/URLDirectoryReader.xml (RunModel)" time="0.08" />
  <testcase classname="ptolemy.util.test.junit.AutoTests" name="[389] /home/travis/build/icyphy/ptII/ptolemy/actor/lib/test/auto/URLDirectoryReader3.xml (RunModel)" time="1.313" />
  <testcase classname="ptolemy.util.test.junit.AutoTests" name="[390] /home/travis/build/icyphy/ptII/ptolemy/actor/lib/test/auto/UnaryMathFunction.xml (RunModel)" time="0.038" />
  <testcase classname="ptolemy.util.test.junit.AutoTests" name="[391] /home/travis/build/icyphy/ptII/ptolemy/actor/lib/test/auto/Uniform.xml (RunModel)" time="0.044" />
  <testcase classname="ptolemy.util.test.junit.AutoTests" name="[392] /home/travis/build/icyphy/ptII/ptolemy/actor/lib/test/auto/UnionDisassemblerTest.xml (RunModel)" time="0.037" />
  <testcase classname="ptolemy.util.test.junit.AutoTests" name="[393] /home/travis/build/icyphy/ptII/ptolemy/actor/lib/test/auto/UtilityFunctions.xml (RunModel)" time="0.031" />
  <testcase classname="ptolemy.util.test.junit.AutoTests" name="[394] /home/travis/build/icyphy/ptII/ptolemy/actor/lib/test/auto/VariableSleep.xml (RunModel)" time="0.537" />
  <testcase classname="ptolemy.util.test.junit.AutoTests" name="[395] /home/travis/build/icyphy/ptII/ptolemy/actor/lib/test/auto/VectorAssemblerDisassemblerCT.xml (RunModel)" time="0.098" />
  <testcase classname="ptolemy.util.test.junit.AutoTests" name="[396] /home/travis/build/icyphy/ptII/ptolemy/actor/lib/test/auto/VectorAssemblerDisassemblerDE.xml (RunModel)" time="0.016" />
  <testcase classname="ptolemy.util.test.junit.AutoTests" name="[397] /home/travis/build/icyphy/ptII/ptolemy/actor/lib/test/auto/VectorAssemblerDisassemblerSDF.xml (RunModel)" time="0.012" />
  <testcase classname="ptolemy.util.test.junit.AutoTests" name="[398] /home/travis/build/icyphy/ptII/ptolemy/actor/lib/test/auto/WallClockTime.xml (RunModel)" time="1.013" />
  <testcase classname="ptolemy.util.test.junit.AutoTests" name="[399] /home/travis/build/icyphy/ptII/ptolemy/actor/lib/test/auto/WidthTestWithSubscriberPublisher.xml (RunModel)" time="0.054" />
  <testcase classname="ptolemy.util.test.junit.AutoTests" name="[400] /home/travis/build/icyphy/ptII/ptolemy/actor/lib/test/auto/WidthTestWithSubscriberPublisher2.xml (RunModel)" time="0.015" />
  <testcase classname="ptolemy.util.test.junit.AutoTests" name="[401] /home/travis/build/icyphy/ptII/ptolemy/actor/lib/test/auto/WidthTestWithSubscriberPublisher3.xml (RunModel)" time="0.026" />
  <testcase classname="ptolemy.util.test.junit.AutoTests" name="[402] /home/travis/build/icyphy/ptII/ptolemy/actor/lib/test/auto/Writer.xml (RunModel)" time="0.008" />
  <testcase classname="ptolemy.util.test.junit.AutoTests" name="[403] /home/travis/build/icyphy/ptII/ptolemy/actor/lib/test/auto/array.xml (RunModel)" time="0.009" />
  <testcase classname="ptolemy.util.test.junit.AutoTests" name="[404] /home/travis/build/icyphy/ptII/ptolemy/actor/lib/test/auto/array2.xml (RunModel)" time="0.012" />
  <testcase classname="ptolemy.util.test.junit.AutoTests" name="[405] /home/travis/build/icyphy/ptII/ptolemy/actor/lib/test/auto/arrayType.xml (RunModel)" time="0.01" />
  <testcase classname="ptolemy.util.test.junit.AutoTests" name="[406] /home/travis/build/icyphy/ptII/ptolemy/actor/lib/test/auto/arrayType10.xml (RunModel)" time="0.009" />
  <testcase classname="ptolemy.util.test.junit.AutoTests" name="[407] /home/travis/build/icyphy/ptII/ptolemy/actor/lib/test/auto/arrayType11.xml (RunModel)" time="0.008" />
  <testcase classname="ptolemy.util.test.junit.AutoTests" name="[408] /home/travis/build/icyphy/ptII/ptolemy/actor/lib/test/auto/arrayType12.xml (RunModel)" time="0.009" />
  <testcase classname="ptolemy.util.test.junit.AutoTests" name="[409] /home/travis/build/icyphy/ptII/ptolemy/actor/lib/test/auto/arrayType13.xml (RunModel)" time="0.008" />
  <testcase classname="ptolemy.util.test.junit.AutoTests" name="[410] /home/travis/build/icyphy/ptII/ptolemy/actor/lib/test/auto/arrayType14.xml (RunModel)" time="0.018" />
  <testcase classname="ptolemy.util.test.junit.AutoTests" name="[411] /home/travis/build/icyphy/ptII/ptolemy/actor/lib/test/auto/arrayType15.xml (RunModel)" time="0.009" />
  <testcase classname="ptolemy.util.test.junit.AutoTests" name="[412] /home/travis/build/icyphy/ptII/ptolemy/actor/lib/test/auto/arrayType16.xml (RunModel)" time="0.01" />
  <testcase classname="ptolemy.util.test.junit.AutoTests" name="[413] /home/travis/build/icyphy/ptII/ptolemy/actor/lib/test/auto/arrayType17.xml (RunModel)" time="0.012" />
  <testcase classname="ptolemy.util.test.junit.AutoTests" name="[414] /home/travis/build/icyphy/ptII/ptolemy/actor/lib/test/auto/arrayType18.xml (RunModel)" time="0.009" />
  <testcase classname="ptolemy.util.test.junit.AutoTests" name="[415] /home/travis/build/icyphy/ptII/ptolemy/actor/lib/test/auto/arrayType19.xml (RunModel)" time="0.01" />
  <testcase classname="ptolemy.util.test.junit.AutoTests" name="[416] /home/travis/build/icyphy/ptII/ptolemy/actor/lib/test/auto/arrayType2.xml (RunModel)" time="0.015" />
  <testcase classname="ptolemy.util.test.junit.AutoTests" name="[417] /home/travis/build/icyphy/ptII/ptolemy/actor/lib/test/auto/arrayType20.xml (RunModel)" time="0.01" />
  <testcase classname="ptolemy.util.test.junit.AutoTests" name="[418] /home/travis/build/icyphy/ptII/ptolemy/actor/lib/test/auto/arrayType21.xml (RunModel)" time="0.009" />
  <testcase classname="ptolemy.util.test.junit.AutoTests" name="[419] /home/travis/build/icyphy/ptII/ptolemy/actor/lib/test/auto/arrayType22.xml (RunModel)" time="0.009" />
  <testcase classname="ptolemy.util.test.junit.AutoTests" name="[420] /home/travis/build/icyphy/ptII/ptolemy/actor/lib/test/auto/arrayType23.xml (RunModel)" time="0.01" />
  <testcase classname="ptolemy.util.test.junit.AutoTests" name="[421] /home/travis/build/icyphy/ptII/ptolemy/actor/lib/test/auto/arrayType24.xml (RunModel)" time="0.01" />
  <testcase classname="ptolemy.util.test.junit.AutoTests" name="[422] /home/travis/build/icyphy/ptII/ptolemy/actor/lib/test/auto/arrayType25.xml (RunModel)" time="0.009" />
  <testcase classname="ptolemy.util.test.junit.AutoTests" name="[423] /home/travis/build/icyphy/ptII/ptolemy/actor/lib/test/auto/arrayType26.xml (RunModel)" time="0.022" />
  <testcase classname="ptolemy.util.test.junit.AutoTests" name="[424] /home/travis/build/icyphy/ptII/ptolemy/actor/lib/test/auto/arrayType27.xml (RunModel)" time="0.014" />
  <testcase classname="ptolemy.util.test.junit.AutoTests" name="[425] /home/travis/build/icyphy/ptII/ptolemy/actor/lib/test/auto/arrayType28.xml (RunModel)" time="0.009" />
  <testcase classname="ptolemy.util.test.junit.AutoTests" name="[426] /home/travis/build/icyphy/ptII/ptolemy/actor/lib/test/auto/arrayType3.xml (RunModel)" time="0.015" />
  <testcase classname="ptolemy.util.test.junit.AutoTests" name="[427] /home/travis/build/icyphy/ptII/ptolemy/actor/lib/test/auto/arrayType4.xml (RunModel)" time="0.011" />
  <testcase classname="ptolemy.util.test.junit.AutoTests" name="[428] /home/travis/build/icyphy/ptII/ptolemy/actor/lib/test/auto/arrayType5.xml (RunModel)" time="0.022" />
  <testcase classname="ptolemy.util.test.junit.AutoTests" name="[429] /home/travis/build/icyphy/ptII/ptolemy/actor/lib/test/auto/arrayType6.xml (RunModel)" time="0.007" />
  <testcase classname="ptolemy.util.test.junit.AutoTests" name="[430] /home/travis/build/icyphy/ptII/ptolemy/actor/lib/test/auto/arrayType7.xml (RunModel)" time="0.007" />
  <testcase classname="ptolemy.util.test.junit.AutoTests" name="[431] /home/travis/build/icyphy/ptII/ptolemy/actor/lib/test/auto/arrayType8.xml (RunModel)" time="0.008" />
  <testcase classname="ptolemy.util.test.junit.AutoTests" name="[432] /home/travis/build/icyphy/ptII/ptolemy/actor/lib/test/auto/arrayType9.xml (RunModel)" time="0.007" />
  <testcase classname="ptolemy.util.test.junit.AutoTests" name="[433] /home/travis/build/icyphy/ptII/ptolemy/actor/lib/test/auto/cast.xml (RunModel)" time="0.008" />
  <testcase classname="ptolemy.util.test.junit.AutoTests" name="[434] /home/travis/build/icyphy/ptII/ptolemy/actor/lib/test/auto/compositeMultiPort.xml (RunModel)" time="0.014" />
  <testcase classname="ptolemy.util.test.junit.AutoTests" name="[435] /home/travis/build/icyphy/ptII/ptolemy/actor/lib/test/auto/expressionCastInference.xml (RunModel)" time="0.007" />
  <testcase classname="ptolemy.util.test.junit.AutoTests" name="[436] /home/travis/build/icyphy/ptII/ptolemy/actor/lib/test/auto/expressionCastInference2.xml (RunModel)" time="0.006" />
  <testcase classname="ptolemy.util.test.junit.AutoTests" name="[437] /home/travis/build/icyphy/ptII/ptolemy/actor/lib/test/auto/expressionInference.xml (RunModel)" time="0.006" />
  <testcase classname="ptolemy.util.test.junit.AutoTests" name="[438] /home/travis/build/icyphy/ptII/ptolemy/actor/lib/test/auto/expression_bug.xml (RunModel)" time="0.006" />
  <testcase classname="ptolemy.util.test.junit.AutoTests" name="[439] /home/travis/build/icyphy/ptII/ptolemy/actor/lib/test/auto/factorial.xml (RunModel)" time="0.039" />
  <testcase classname="ptolemy.util.test.junit.AutoTests" name="[440] /home/travis/build/icyphy/ptII/ptolemy/actor/lib/test/auto/filterTest1.xml (RunModel)" time="0.011" />
  <testcase classname="ptolemy.util.test.junit.AutoTests" name="[441] /home/travis/build/icyphy/ptII/ptolemy/actor/lib/test/auto/funcApplyInConst.xml (RunModel)" time="0.005" />
  <testcase classname="ptolemy.util.test.junit.AutoTests" name="[442] /home/travis/build/icyphy/ptII/ptolemy/actor/lib/test/auto/funcApplyInExpr.xml (RunModel)" time="0.005" />
  <testcase classname="ptolemy.util.test.junit.AutoTests" name="[443] /home/travis/build/icyphy/ptII/ptolemy/actor/lib/test/auto/function.xml (RunModel)" time="0.007" />
  <testcase classname="ptolemy.util.test.junit.AutoTests" name="[444] /home/travis/build/icyphy/ptII/ptolemy/actor/lib/test/auto/function2.xml (RunModel)" time="0.007" />
  <testcase classname="ptolemy.util.test.junit.AutoTests" name="[445] /home/travis/build/icyphy/ptII/ptolemy/actor/lib/test/auto/function3.xml (RunModel)" time="0.006" />
  <testcase classname="ptolemy.util.test.junit.AutoTests" name="[446] /home/travis/build/icyphy/ptII/ptolemy/actor/lib/test/auto/functionClosureTest1.xml (RunModel)" time="0.009" />
  <testcase classname="ptolemy.util.test.junit.AutoTests" name="[447] /home/travis/build/icyphy/ptII/ptolemy/actor/lib/test/auto/functionClosureTest2.xml (RunModel)" time="0.006" />
  <testcase classname="ptolemy.util.test.junit.AutoTests" name="[448] /home/travis/build/icyphy/ptII/ptolemy/actor/lib/test/auto/functionClosureTest3.xml (RunModel)" time="0.008" />
  <testcase classname="ptolemy.util.test.junit.AutoTests" name="[449] /home/travis/build/icyphy/ptII/ptolemy/actor/lib/test/auto/functionClosureTest4.xml (RunModel)" time="0.011" />
  <testcase classname="ptolemy.util.test.junit.AutoTests" name="[450] /home/travis/build/icyphy/ptII/ptolemy/actor/lib/test/auto/functionClosureTest5.xml (RunModel)" time="0.01" />
  <testcase classname="ptolemy.util.test.junit.AutoTests" name="[451] /home/travis/build/icyphy/ptII/ptolemy/actor/lib/test/auto/functionClosureTest6.xml (RunModel)" time="0.007" />
  <testcase classname="ptolemy.util.test.junit.AutoTests" name="[452] /home/travis/build/icyphy/ptII/ptolemy/actor/lib/test/auto/functionsOnArcs.xml (RunModel)" time="0.008" />
  <testcase classname="ptolemy.util.test.junit.AutoTests" name="[453] /home/travis/build/icyphy/ptII/ptolemy/actor/lib/test/auto/functionsOnArcsHOF.xml (RunModel)" time="0.01" />
  <testcase classname="ptolemy.util.test.junit.AutoTests" name="[454] /home/travis/build/icyphy/ptII/ptolemy/actor/lib/test/auto/logic.xml (RunModel)" time="0.015" />
  <testcase classname="ptolemy.util.test.junit.AutoTests" name="[455] /home/travis/build/icyphy/ptII/ptolemy/actor/lib/test/auto/matrixType.xml (RunModel)" time="0.008" />
  <testcase classname="ptolemy.util.test.junit.AutoTests" name="[456] /home/travis/build/icyphy/ptII/ptolemy/actor/lib/test/auto/matrixType10.xml (RunModel)" time="0.007" />
  <testcase classname="ptolemy.util.test.junit.AutoTests" name="[457] /home/travis/build/icyphy/ptII/ptolemy/actor/lib/test/auto/matrixType11.xml (RunModel)" time="0.007" />
  <testcase classname="ptolemy.util.test.junit.AutoTests" name="[458] /home/travis/build/icyphy/ptII/ptolemy/actor/lib/test/auto/matrixType12.xml (RunModel)" time="0.008" />
  <testcase classname="ptolemy.util.test.junit.AutoTests" name="[459] /home/travis/build/icyphy/ptII/ptolemy/actor/lib/test/auto/matrixType13.xml (RunModel)" time="0.007" />
  <testcase classname="ptolemy.util.test.junit.AutoTests" name="[460] /home/travis/build/icyphy/ptII/ptolemy/actor/lib/test/auto/matrixType14.xml (RunModel)" time="0.007" />
  <testcase classname="ptolemy.util.test.junit.AutoTests" name="[461] /home/travis/build/icyphy/ptII/ptolemy/actor/lib/test/auto/matrixType2.xml (RunModel)" time="0.008" />
  <testcase classname="ptolemy.util.test.junit.AutoTests" name="[462] /home/travis/build/icyphy/ptII/ptolemy/actor/lib/test/auto/matrixType3.xml (RunModel)" time="0.007" />
  <testcase classname="ptolemy.util.test.junit.AutoTests" name="[463] /home/travis/build/icyphy/ptII/ptolemy/actor/lib/test/auto/matrixType4.xml (RunModel)" time="0.007" />
  <testcase classname="ptolemy.util.test.junit.AutoTests" name="[464] /home/travis/build/icyphy/ptII/ptolemy/actor/lib/test/auto/matrixType5.xml (RunModel)" time="0.008" />
  <testcase classname="ptolemy.util.test.junit.AutoTests" name="[465] /home/travis/build/icyphy/ptII/ptolemy/actor/lib/test/auto/matrixType6.xml (RunModel)" time="0.008" />
  <testcase classname="ptolemy.util.test.junit.AutoTests" name="[466] /home/travis/build/icyphy/ptII/ptolemy/actor/lib/test/auto/matrixType7.xml (RunModel)" time="0.007" />
  <testcase classname="ptolemy.util.test.junit.AutoTests" name="[467] /home/travis/build/icyphy/ptII/ptolemy/actor/lib/test/auto/matrixType8.xml (RunModel)" time="0.008" />
  <testcase classname="ptolemy.util.test.junit.AutoTests" name="[468] /home/travis/build/icyphy/ptII/ptolemy/actor/lib/test/auto/matrixType9.xml (RunModel)" time="0.007" />
  <testcase classname="ptolemy.util.test.junit.AutoTests" name="[469] /home/travis/build/icyphy/ptII/ptolemy/actor/lib/test/auto/paraFunctest.xml (RunModel)" time="0.006" />
  <testcase classname="ptolemy.util.test.junit.AutoTests" name="[470] /home/travis/build/icyphy/ptII/ptolemy/actor/lib/test/auto/paraFunctest2.xml (RunModel)" time="0.007" />
  <testcase classname="ptolemy.util.test.junit.AutoTests" name="[471] /home/travis/build/icyphy/ptII/ptolemy/actor/lib/test/auto/parameterPassing.xml (RunModel)" time="0.008" />
  <testcase classname="ptolemy.util.test.junit.AutoTests" name="[472] /home/travis/build/icyphy/ptII/ptolemy/actor/lib/test/auto/record.xml (RunModel)" time="0.008" />
  <testcase classname="ptolemy.util.test.junit.AutoTests" name="[473] /home/travis/build/icyphy/ptII/ptolemy/actor/lib/test/auto/sizedarray1.xml (RunModel)" time="0.009" />
  <testcase classname="ptolemy.util.test.junit.AutoTests" name="[474] /home/travis/build/icyphy/ptII/ptolemy/actor/lib/test/auto/sizedarray2.xml (RunModel)" time="0.008" />
  <testcase classname="ptolemy.util.test.junit.AutoTests" name="[475] /home/travis/build/icyphy/ptII/ptolemy/actor/lib/test/auto/twoPublishers.xml (RunModel)" time="0.017" />
  <system-out><![CDATA[/home/travis/build/icyphy/ptII/ptolemy/actor/lib/test/AbsoluteValue.tcl
testDefs.tcl: setting time out to 9000 seconds at Wed Jun 12 04:30:22 UTC 2019
75 ms. Memory: 116224K Free: 109628K (94%)
4 ms. Memory: 116224K Free: 108420K (93%)
4 ms. Memory: 116224K Free: 107817K (93%)
4 ms. Memory: 116224K Free: 106610K (92%)
/home/travis/build/icyphy/ptII/ptolemy/actor/lib/test/AddSubtract.tcl
8 ms. Memory: 116224K Free: 104799K (90%)
5 ms. Memory: 116224K Free: 104188K (90%)
4 ms. Memory: 116224K Free: 102965K (89%)
6 ms. Memory: 116224K Free: 102370K (88%)
6 ms. Memory: 116224K Free: 101758K (88%)
4 ms. Memory: 116224K Free: 101139K (87%)
/home/travis/build/icyphy/ptII/ptolemy/actor/lib/test/Average.tcl
6 ms. Memory: 116224K Free: 99312K (85%)
6 ms. Memory: 116224K Free: 98105K (84%)
/home/travis/build/icyphy/ptII/ptolemy/actor/lib/test/Bernoulli.tcl
4 ms. Memory: 116224K Free: 96303K (83%)
2 ms. Memory: 116224K Free: 95691K (82%)
/home/travis/build/icyphy/ptII/ptolemy/actor/lib/test/Clock.tcl
preinitializing
resolving types
initializing
executing number 1
wrapping up
idle
21 ms. Memory: 116224K Free: 93897K (81%)
Completed execution with 5 iterations
preinitializing
resolving types
initializing
executing number 1
wrapping up
idle
3 ms. Memory: 116224K Free: 92690K (80%)
Completed execution with 5 iterations
preinitializing
resolving types
initializing
executing number 1
wrapping up
idle
8 ms. Memory: 116224K Free: 92055K (79%)
Completed execution with 5 iterations
/home/travis/build/icyphy/ptII/ptolemy/actor/lib/test/Commutator.tcl
11 ms. Memory: 116224K Free: 90211K (78%)
9 ms. Memory: 116224K Free: 89012K (77%)
8 ms. Memory: 116224K Free: 84804K (73%)
/home/travis/build/icyphy/ptII/ptolemy/actor/lib/test/Const.tcl
12 ms. Memory: 116224K Free: 82395K (71%)
3 ms. Memory: 116224K Free: 81792K (70%)
2 ms. Memory: 116224K Free: 81188K (70%)
15 ms. Memory: 146944K Free: 140449K (96%)
2 ms. Memory: 146944K Free: 140449K (96%)
17 ms. Memory: 146944K Free: 137651K (94%)
4 ms. Memory: 146944K Free: 137651K (94%)
3 ms. Memory: 146944K Free: 136459K (93%)
/home/travis/build/icyphy/ptII/ptolemy/actor/lib/test/CurrentTime.tcl
preinitializing
resolving types
initializing
executing number 1
wrapping up
idle
15 ms. Memory: 146944K Free: 134076K (91%)
Completed execution with 11 iterations
/home/travis/build/icyphy/ptII/ptolemy/actor/lib/test/DB.tcl
7 ms. Memory: 146944K Free: 132885K (90%)
1 ms. Memory: 146944K Free: 131693K (90%)
10 ms. Memory: 146944K Free: 131693K (90%)
/home/travis/build/icyphy/ptII/ptolemy/actor/lib/test/DiscreteRandomSource.tcl
preinitializing
resolving types
initializing
executing number 1
wrapping up
idle
16 ms. Memory: 146944K Free: 130502K (89%)
Completed execution with 4 iterations
preinitializing
resolving types
initializing
executing number 1
wrapping up
idle
2 ms. Memory: 146944K Free: 129303K (88%)
Completed execution with 4 iterations
preinitializing
resolving types
initializing
executing number 1
wrapping up
idle
2 ms. Memory: 146944K Free: 129303K (88%)
Completed execution with 4 iterations
preinitializing
resolving types
initializing
executing number 1
wrapping up
idle
11 ms. Memory: 146944K Free: 128111K (87%)
Completed execution with 4 iterations
preinitializing
resolving types
initializing
executing number 1
wrapping up
idle
4 ms. Memory: 146944K Free: 128111K (87%)
Completed execution with 4 iterations
/home/travis/build/icyphy/ptII/ptolemy/actor/lib/test/Distributor.tcl
4 ms. Memory: 146944K Free: 126920K (86%)
12 ms. Memory: 146944K Free: 125728K (86%)
StreamChangeRequest.changeExecuted(): <deleteEntity name="rec2"/> succeeded
StreamChangeRequest.changeExecuted(): <deleteRelation name="r2"/> succeeded
StreamChangeRequest.changeExecuted(): Record firings per iteration succeeded
13 ms. Memory: 146944K Free: 123346K (84%)
/home/travis/build/icyphy/ptII/ptolemy/actor/lib/test/Exit.tcl
Exit.tcl: this will print a message about Manager.exitAfterWrapup, which can be ignored.
3 ms. Memory: 146944K Free: 120349K (82%)
/home/travis/build/icyphy/ptII/ptolemy/actor/lib/test/Expression.tcl
5 ms. Memory: 146944K Free: 116737K (79%)
11 ms. Memory: 146944K Free: 116737K (79%)
2 ms. Memory: 146944K Free: 115546K (79%)
preinitializing
resolving types
initializing
executing number 1
wrapping up
idle
5 ms. Memory: 146944K Free: 114354K (78%)
Completed execution with 6 iterations
3 ms. Memory: 146944K Free: 113163K (77%)
2 ms. Memory: 146944K Free: 113163K (77%)
6 ms. Memory: 146944K Free: 111971K (76%)
12 ms. Memory: 146944K Free: 109589K (75%)
3 ms. Memory: 146944K Free: 108397K (74%)
/home/travis/build/icyphy/ptII/ptolemy/actor/lib/test/Gaussian.tcl
9 ms. Memory: 146944K Free: 107206K (73%)
sleeping 1 seconds: ........................................................................................................................................................................................................................................................................................................................................................................................................................................................................................................................................................................................................................................................................................................................................................................................................................................................................................................................................................................................................................................................................................................................................................................................................................................................................................................................................................................................................................................................................................................................................................................................................................................................................................................................................................................................................................................................................................................................................................................................................................................................................................................................................................................................................................................................................................................................................................................................................................................................................................................................................................................................................................................................................................................................................................................................................................................................................................................................................................................................................................................................................................................................................................................................................................................................................................................................................................................................................................................................................................................................................................................................................................................................................................................................................................................................................................................................................................................................................................................................................................................................................................................................................................................................................................................................................................................................................................................................................................................................................................................................................................................................................................................................................................................................................................................................................................................................................................................................................................................................................................................................................................................................................................................................................................................................................................................................................................................................................................................................................................................................................................................................................................................................................................................................................................................................................................................................................................................................................................................................................................................................................................................................................................................................................................................................................................................................................................................................................................................................................................................................................................................................................................................................................................................................................................................................................................................................................................................................................................................................................................................................................................................................................................................................................................................................................................................................................................................................................................................................................................................................................................................................................................................................................................................................................................................................................................................................................................................................................................................................................................................................................................................................................................................................................................................................................................................................................................................................................................................................................................................................................................................................................................................................................................................................................................................................................................................................................................................................................................................................................................................................................................................................................................................................................................................................................................................................................................................................................................................................................................................................................................................................................................................................................................................................................................................................................................................................................................................................................................................................................................................................................................................................................................................................................................................................................................................................................................................................................................................................................................................................................................................................................................................................................................................................................................................................................................................................................................................................................................................................................................................................................................................................................................................................................................................................................................................................................................................................................................................................................................................................................................................................................................................................................................................................................................................................................................................................................................................................................................................................................................................................................................................................................................................................................................................................................................................................................................................................................................................................................................................................................................................................................................................................................................................................................................................................................................................................................................................................................................................................................................................................................................................................................................................................................................................................................................................................................................................................................................................................................................................................................................................................................................................................................................................................................................................................................................................................................................................................................................................................................................................................................................................................................................................................................................................................................................................................................................................................................................................................................................................................................................................................................................................................................................................................................................................................................................................................................................................................................................................................................................................................................................................................................................................................................................................................................................................................................................................................................................................................................................................................................................................................................................................................................................................................................................................................5 ms. Memory: 146944K Free: 102613K (70%)
3 ms. Memory: 146944K Free: 101420K (69%)
3 ms. Memory: 146944K Free: 101420K (69%)
3 ms. Memory: 146944K Free: 100227K (68%)
2 ms. Memory: 146944K Free: 100227K (68%)
/home/travis/build/icyphy/ptII/ptolemy/actor/lib/test/IIR.tcl
/home/travis/build/icyphy/ptII/ptolemy/actor/lib/test/Interpolator.tcl
4 ms. Memory: 146944K Free: 96387K (66%)
8 ms. Memory: 146944K Free: 95194K (65%)
2 ms. Memory: 146944K Free: 95194K (65%)
9 ms. Memory: 146944K Free: 94001K (64%)
5 ms. Memory: 146944K Free: 92807K (63%)
5 ms. Memory: 146944K Free: 92807K (63%)
2 ms. Memory: 146944K Free: 91614K (62%)
8 ms. Memory: 146944K Free: 90421K (62%)
7 ms. Memory: 146944K Free: 90421K (62%)
2 ms. Memory: 146944K Free: 89228K (61%)
/home/travis/build/icyphy/ptII/ptolemy/actor/lib/test/MathFunction.tcl
7 ms. Memory: 146944K Free: 86841K (59%)
6 ms. Memory: 146944K Free: 85648K (58%)
2 ms. Memory: 146944K Free: 84455K (57%)
9 ms. Memory: 146944K Free: 83261K (57%)
3 ms. Memory: 146944K Free: 82068K (56%)
11 ms. Memory: 146944K Free: 80875K (55%)
/home/travis/build/icyphy/ptII/ptolemy/actor/lib/test/Maximum.tcl
4 ms. Memory: 208384K Free: 200241K (96%)
9 ms. Memory: 208384K Free: 200241K (96%)
2 ms. Memory: 208384K Free: 197830K (95%)
2 ms. Memory: 208384K Free: 197830K (95%)
/home/travis/build/icyphy/ptII/ptolemy/actor/lib/test/Minimum.tcl
7 ms. Memory: 208384K Free: 195418K (94%)
3 ms. Memory: 208384K Free: 195418K (94%)
3 ms. Memory: 208384K Free: 195418K (94%)
2 ms. Memory: 208384K Free: 195418K (94%)
/home/travis/build/icyphy/ptII/ptolemy/actor/lib/test/MultiplyDivide.tcl
7 ms. Memory: 208384K Free: 193007K (93%)
3 ms. Memory: 208384K Free: 190595K (91%)
3 ms. Memory: 208384K Free: 190595K (91%)
2 ms. Memory: 208384K Free: 190595K (91%)
3 ms. Memory: 208384K Free: 190595K (91%)
/home/travis/build/icyphy/ptII/ptolemy/actor/lib/test/OrderedMerge.tcl
Connections changed on port: inputA
Connections changed on port: inputB
Connections changed on port: output
Connections changed on port: output
Connections changed on port: output
Connections changed on port: input
.top. Preinitializing ...
Invoking preinitialize():  .top.OrderedMerge
Called preinitialize()
Invoking preinitialize():  .top.Ramp
Called preinitialize()
Invoking preinitialize():  .top.Ramp2
Called preinitialize()
Invoking preinitialize():  .top.Test
Called preinitialize()
Connections changed on port: inputA
Connections changed on port: output
Connections changed on port: inputB
Connections changed on port: output
Connections changed on port: output
Connections changed on port: input
.top. Finished preinitialize().
Called initialize().
Invoking initialize():  .top.OrderedMerge
Initializing actor: .top.OrderedMerge
Adding a thread: .top.OrderedMerge
Invoking initialize():  .top.Ramp
Initializing actor: .top.Ramp
Adding a thread: .top.Ramp
Invoking initialize():  .top.Ramp2
Initializing actor: .top.Ramp2
Adding a thread: .top.Ramp2
Invoking initialize():  .top.Test
Initializing actor: .top.Test
Adding a thread: .top.Test
-- Starting thread.
Called initialize()
Called prefire()
Called fire()
-- Starting thread.
Called initialize()
Called prefire()
Called fire()
Called postfire()
Called prefire()
Called fire()
-- Starting thread.
Called initialize()
Called prefire()
Called fire()
Called postfire()
Called prefire()
Called fire()
Called fire().
Checking for deadlock:
There are 3 Blocked actors, 0 Stopped actors, and 4 active threads.
Waiting for actors to stop.
-- Starting thread.
Called initialize()
Called prefire()
Called fire()
Checking for deadlock:
There are 2 Blocked actors, 0 Stopped actors, and 4 active threads.
Waiting for actors to stop.
Called postfire()
Called prefire()
Called fire()
Checking for deadlock:
There are 3 Blocked actors, 0 Stopped actors, and 4 active threads.
Waiting for actors to stop.
Read input token from inputA with value 0.0
Next port to read input from is inputB
Called postfire()
Called prefire()
Called fire()
Checking for deadlock:
There are 2 Blocked actors, 0 Stopped actors, and 4 active threads.
Waiting for actors to stop.
Called postfire()
Called prefire()
Called fire()
Checking for deadlock:
There are 3 Blocked actors, 0 Stopped actors, and 4 active threads.
Waiting for actors to stop.
Read input token from inputB with value 0.0
Checking for deadlock:
There are 2 Blocked actors, 0 Stopped actors, and 4 active threads.
Waiting for actors to stop.
-- Read input: 0.0, which is expected to match: 0.0
Called prefire()
Called fire()
Checking for deadlock:
There are 3 Blocked actors, 0 Stopped actors, and 4 active threads.
Waiting for actors to stop.
Sent output token with value 0.0
Next port to read input from is inputA
Called postfire()
Called prefire()
Called fire()
Checking for deadlock:
There are 2 Blocked actors, 0 Stopped actors, and 4 active threads.
Waiting for actors to stop.
Called postfire()
Called prefire()
Called fire()
Checking for deadlock:
There are 3 Blocked actors, 0 Stopped actors, and 4 active threads.
Waiting for actors to stop.
Read input token from inputA with value 1.0
Checking for deadlock:
There are 2 Blocked actors, 0 Stopped actors, and 4 active threads.
Waiting for actors to stop.
-- Read input: 0.0, which is expected to match: 0.0
Called prefire()
Called fire()
Checking for deadlock:
There are 3 Blocked actors, 0 Stopped actors, and 4 active threads.
Waiting for actors to stop.
Sent output token with value 0.0
Next port to read input from is inputB
Called postfire()
Called prefire()
Called fire()
Checking for deadlock:
There are 2 Blocked actors, 0 Stopped actors, and 4 active threads.
Waiting for actors to stop.
Called postfire()
Called prefire()
Called fire()
Checking for deadlock:
There are 3 Blocked actors, 0 Stopped actors, and 4 active threads.
Waiting for actors to stop.
Read input token from inputB with value 1.5
Checking for deadlock:
There are 2 Blocked actors, 0 Stopped actors, and 4 active threads.
Waiting for actors to stop.
-- Read input: 1.0, which is expected to match: 1.0
Called prefire()
Called fire()
Checking for deadlock:
There are 3 Blocked actors, 0 Stopped actors, and 4 active threads.
Waiting for actors to stop.
Sent output token with value 1.0
Next port to read input from is inputA
Called postfire()
Called prefire()
Called fire()
Checking for deadlock:
There are 2 Blocked actors, 0 Stopped actors, and 4 active threads.
Waiting for actors to stop.
Called postfire()
Called prefire()
Called fire()
Checking for deadlock:
There are 3 Blocked actors, 0 Stopped actors, and 4 active threads.
Waiting for actors to stop.
Read input token from inputA with value 2.0
Checking for deadlock:
There are 2 Blocked actors, 0 Stopped actors, and 4 active threads.
Waiting for actors to stop.
-- Read input: 1.5, which is expected to match: 1.5
Called prefire()
Called fire()
Checking for deadlock:
There are 3 Blocked actors, 0 Stopped actors, and 4 active threads.
Waiting for actors to stop.
Sent output token with value 1.5
Next port to read input from is inputB
Called postfire()
Called prefire()
Called fire()
Checking for deadlock:
There are 2 Blocked actors, 0 Stopped actors, and 4 active threads.
Waiting for actors to stop.
Called postfire()
Called prefire()
Called fire()
Checking for deadlock:
There are 3 Blocked actors, 0 Stopped actors, and 4 active threads.
Waiting for actors to stop.
Read input token from inputB with value 3.0
Checking for deadlock:
There are 2 Blocked actors, 0 Stopped actors, and 4 active threads.
Waiting for actors to stop.
-- Read input: 2.0, which is expected to match: 2.0
Called prefire()
Called fire()
Checking for deadlock:
There are 3 Blocked actors, 0 Stopped actors, and 4 active threads.
Waiting for actors to stop.
Sent output token with value 2.0
Next port to read input from is inputA
Called postfire()
Called prefire()
Called fire()
Checking for deadlock:
There are 2 Blocked actors, 0 Stopped actors, and 4 active threads.
Waiting for actors to stop.
Called postfire()
Called prefire()
Called fire()
Checking for deadlock:
There are 3 Blocked actors, 0 Stopped actors, and 4 active threads.
Waiting for actors to stop.
Read input token from inputA with value 3.0
Checking for deadlock:
There are 2 Blocked actors, 0 Stopped actors, and 4 active threads.
Waiting for actors to stop.
-- Read input: 3.0, which is expected to match: 3.0
Called prefire()
Called fire()
Checking for deadlock:
There are 3 Blocked actors, 0 Stopped actors, and 4 active threads.
Waiting for actors to stop.
Sent output token with value 3.0
Next port to read input from is inputB
Called postfire()
Called prefire()
Called fire()
Checking for deadlock:
There are 2 Blocked actors, 0 Stopped actors, and 4 active threads.
Waiting for actors to stop.
Called postfire()
Called prefire()
Called fire()
Checking for deadlock:
There are 3 Blocked actors, 0 Stopped actors, and 4 active threads.
Waiting for actors to stop.
Read input token from inputB with value 4.5
Checking for deadlock:
There are 2 Blocked actors, 0 Stopped actors, and 4 active threads.
Waiting for actors to stop.
-- Read input: 3.0, which is expected to match: 3.0
Called prefire()
Called fire()
Checking for deadlock:
There are 3 Blocked actors, 0 Stopped actors, and 4 active threads.
Waiting for actors to stop.
Sent output token with value 3.0
Next port to read input from is inputA
Called postfire()
Called prefire()
Called fire()
Checking for deadlock:
There are 2 Blocked actors, 0 Stopped actors, and 4 active threads.
Waiting for actors to stop.
Called postfire()
Called prefire()
Called fire()
Checking for deadlock:
There are 3 Blocked actors, 0 Stopped actors, and 4 active threads.
Waiting for actors to stop.
Read input token from inputA with value 4.0
Checking for deadlock:
There are 2 Blocked actors, 0 Stopped actors, and 4 active threads.
Waiting for actors to stop.
-- Read input: 4.0, which is expected to match: 4.0
Called prefire()
Called fire()
Past the end of training data. Read and discard all inputs.
Checking for deadlock:
There are 3 Blocked actors, 0 Stopped actors, and 4 active threads.
Waiting for actors to stop.
Sent output token with value 4.0
Next port to read input from is inputA
Called postfire()
Called prefire()
Called fire()
Checking for deadlock:
There are 2 Blocked actors, 0 Stopped actors, and 4 active threads.
Waiting for actors to stop.
Called postfire()
Called prefire()
Called fire()
Checking for deadlock:
There are 3 Blocked actors, 0 Stopped actors, and 4 active threads.
Waiting for actors to stop.
Read input token from inputA with value 5.0
Checking for deadlock:
There are 2 Blocked actors, 0 Stopped actors, and 4 active threads.
Waiting for actors to stop.
Called prefire()
Called fire()
Past the end of training data. Read and discard all inputs.
Checking for deadlock:
There are 3 Blocked actors, 0 Stopped actors, and 4 active threads.
Waiting for actors to stop.
Sent output token with value 4.5
Next port to read input from is inputB
Called postfire()
Called prefire()
Called fire()
Checking for deadlock:
There are 2 Blocked actors, 0 Stopped actors, and 4 active threads.
Waiting for actors to stop.
Called postfire()
Called prefire()
Called fire()
Checking for deadlock:
There are 3 Blocked actors, 0 Stopped actors, and 4 active threads.
Waiting for actors to stop.
Read input token from inputB with value 6.0
Checking for deadlock:
There are 2 Blocked actors, 0 Stopped actors, and 4 active threads.
Waiting for actors to stop.
Called prefire()
Called fire()
Past the end of training data. Read and discard all inputs.
Checking for deadlock:
There are 3 Blocked actors, 0 Stopped actors, and 4 active threads.
Waiting for actors to stop.
Sent output token with value 5.0
Next port to read input from is inputA
Called postfire()
Called prefire()
Called fire()
Checking for deadlock:
There are 2 Blocked actors, 0 Stopped actors, and 4 active threads.
Waiting for actors to stop.
Called postfire()
Called prefire()
Called fire()
Checking for deadlock:
There are 3 Blocked actors, 0 Stopped actors, and 4 active threads.
Waiting for actors to stop.
Read input token from inputA with value 6.0
Checking for deadlock:
There are 2 Blocked actors, 0 Stopped actors, and 4 active threads.
Waiting for actors to stop.
Called prefire()
Called fire()
Past the end of training data. Read and discard all inputs.
Checking for deadlock:
There are 3 Blocked actors, 0 Stopped actors, and 4 active threads.
Waiting for actors to stop.
Sent output token with value 6.0
Next port to read input from is inputB
Called postfire()
Called prefire()
Called fire()
Checking for deadlock:
There are 2 Blocked actors, 0 Stopped actors, and 4 active threads.
Waiting for actors to stop.
Called postfire()
Called prefire()
Called fire()
Checking for deadlock:
There are 3 Blocked actors, 0 Stopped actors, and 4 active threads.
Waiting for actors to stop.
Read input token from inputB with value 7.5
Checking for deadlock:
There are 2 Blocked actors, 0 Stopped actors, and 4 active threads.
Waiting for actors to stop.
Called prefire()
Called fire()
Past the end of training data. Read and discard all inputs.
Checking for deadlock:
There are 3 Blocked actors, 0 Stopped actors, and 4 active threads.
Waiting for actors to stop.
Sent output token with value 6.0
Next port to read input from is inputA
Called postfire()
Called prefire()
Called fire()
Checking for deadlock:
There are 2 Blocked actors, 0 Stopped actors, and 4 active threads.
Waiting for actors to stop.
Called postfire()
Called prefire()
Called fire()
Checking for deadlock:
There are 3 Blocked actors, 0 Stopped actors, and 4 active threads.
Waiting for actors to stop.
Read input token from inputA with value 7.0
Checking for deadlock:
There are 2 Blocked actors, 0 Stopped actors, and 4 active threads.
Waiting for actors to stop.
Called prefire()
Called fire()
Past the end of training data. Read and discard all inputs.
Checking for deadlock:
There are 3 Blocked actors, 0 Stopped actors, and 4 active threads.
Waiting for actors to stop.
Sent output token with value 7.0
Next port to read input from is inputA
Called postfire()
Called prefire()
Called fire()
Checking for deadlock:
There are 2 Blocked actors, 0 Stopped actors, and 4 active threads.
Waiting for actors to stop.
-- Thread wrapup() called.
Called wrapup()
Thread .top.Ramp is exiting.
-- Thread stopped.
Checking for deadlock:
There are 2 Blocked actors, 0 Stopped actors, and 3 active threads.
Waiting for actors to stop.
Read input token from inputA with value 8.0
Checking for deadlock:
There are 1 Blocked actors, 0 Stopped actors, and 3 active threads.
Waiting for actors to stop.
Called prefire()
Called fire()
Past the end of training data. Read and discard all inputs.
Checking for deadlock:
There are 2 Blocked actors, 0 Stopped actors, and 3 active threads.
Waiting for actors to stop.
Sent output token with value 7.5
Next port to read input from is inputB
Called postfire()
Called prefire()
Called fire()
Checking for deadlock:
There are 1 Blocked actors, 0 Stopped actors, and 3 active threads.
Waiting for actors to stop.
Called postfire()
Called prefire()
Called fire()
Checking for deadlock:
There are 2 Blocked actors, 0 Stopped actors, and 3 active threads.
Waiting for actors to stop.
Read input token from inputB with value 9.0
Checking for deadlock:
There are 1 Blocked actors, 0 Stopped actors, and 3 active threads.
Waiting for actors to stop.
Called prefire()
Called fire()
Past the end of training data. Read and discard all inputs.
Checking for deadlock:
There are 2 Blocked actors, 0 Stopped actors, and 3 active threads.
Waiting for actors to stop.
Sent output token with value 8.0
Next port to read input from is inputA
Called postfire()
Called prefire()
Called fire()
Read input token from inputA with value 9.0
Checking for deadlock:
There are 1 Blocked actors, 0 Stopped actors, and 3 active threads.
Waiting for actors to stop.
Called prefire()
Called fire()
Past the end of training data. Read and discard all inputs.
Checking for deadlock:
There are 2 Blocked actors, 0 Stopped actors, and 3 active threads.
Waiting for actors to stop.
Sent output token with value 9.0
Next port to read input from is inputB
Called postfire()
Called prefire()
Called fire()
Checking for deadlock:
There are 1 Blocked actors, 0 Stopped actors, and 3 active threads.
Waiting for actors to stop.
Called postfire()
Called prefire()
Called fire()
Checking for deadlock:
There are 2 Blocked actors, 0 Stopped actors, and 3 active threads.
Waiting for actors to stop.
Read input token from inputB with value 10.5
Checking for deadlock:
There are 1 Blocked actors, 0 Stopped actors, and 3 active threads.
Waiting for actors to stop.
Called prefire()
Called fire()
Past the end of training data. Read and discard all inputs.
Checking for deadlock:
There are 2 Blocked actors, 0 Stopped actors, and 3 active threads.
Waiting for actors to stop.
Sent output token with value 9.0
Next port to read input from is inputA
Called postfire()
Called prefire()
Called fire()
Checking for deadlock:
There are 3 Blocked actors, 0 Stopped actors, and 3 active threads.
Actors have stopped.
Checking for deadlock:
There are 3 Blocked actors, 0 Stopped actors, and 3 active threads.
Deadlock detected.
Resolving Deadlock
Checking for deadlock:
There are 3 Blocked actors, 0 Stopped actors, and 3 active threads.
Artificial Deadlock - increasing queue capacity.
increasing the capacity of receiver ptolemy.actor.TypedIOPort {.top.OrderedMerge.inputB} to 2
Director: Called postfire().
Called postfire().
_stopRequested = false
_stopFireRequested = false
Returning from postfire(): true
Called fire().
Checking for deadlock:
There are 2 Blocked actors, 0 Stopped actors, and 3 active threads.
Waiting for actors to stop.
-- Thread wrapup() called.
Called wrapup()
Thread .top.Ramp2 is exiting.
-- Thread stopped.
Checking for deadlock:
There are 2 Blocked actors, 0 Stopped actors, and 2 active threads.
Actors have stopped.
Checking for deadlock:
There are 2 Blocked actors, 0 Stopped actors, and 2 active threads.
Deadlock detected.
Resolving Deadlock
Checking for deadlock:
There are 2 Blocked actors, 0 Stopped actors, and 2 active threads.
Deadlock detected: no processes blocked on write, but some are blocked on read.
Called postfire().
_stopRequested = false
_stopFireRequested = false
Returning from postfire(): false
Finished deactivating branches.
Called wrapup().
-- Thread wrapup() called.
Called wrapup()
Thread .top.Test is exiting.
-- Thread stopped.
-- Blocked Receiver call threw TerminateProcessException.
-- Thread wrapup() called.
Called wrapup()
Thread .top.OrderedMerge is exiting.
33 ms. Memory: 208384K Free: 183268K (88%)
.top. Preinitializing ...
Invoking preinitialize():  .top.OrderedMerge
Called preinitialize()
Invoking preinitialize():  .top.Ramp
Called preinitialize()
Invoking preinitialize():  .top.Ramp2
Called preinitialize()
Invoking preinitialize():  .top.Test
Called preinitialize()
.top. Finished preinitialize().
Called initialize().
Invoking initialize():  .top.OrderedMerge
Initializing actor: .top.OrderedMerge
Adding a thread: .top.OrderedMerge
Invoking initialize():  .top.Ramp
Initializing actor: .top.Ramp
Adding a thread: .top.Ramp
Invoking initialize():  .top.Ramp2
Initializing actor: .top.Ramp2
Adding a thread: .top.Ramp2
Invoking initialize():  .top.Test
Initializing actor: .top.Test
Adding a thread: .top.Test
-- Thread stopped.
-- Blocked Receiver call threw TerminateProcessException.
-- Starting thread.
Called initialize()
Called prefire()
Called fire()
-- Starting thread.
Called initialize()
Called prefire()
Called fire()
Called postfire()
Called prefire()
Called fire()
-- Starting thread.
Called initialize()
Called prefire()
Called fire()
Called postfire()
Called prefire()
Called fire()
Called fire().
Checking for deadlock:
There are 3 Blocked actors, 0 Stopped actors, and 4 active threads.
Waiting for actors to stop.
-- Starting thread.
Called initialize()
Called prefire()
Called fire()
Checking for deadlock:
There are 2 Blocked actors, 0 Stopped actors, and 4 active threads.
Waiting for actors to stop.
Called postfire()
Called prefire()
Called fire()
Checking for deadlock:
There are 3 Blocked actors, 0 Stopped actors, and 4 active threads.
Waiting for actors to stop.
Read input token from inputA with value 0.0
Next port to read input from is inputB
Called postfire()
Called prefire()
Called fire()
Checking for deadlock:
There are 2 Blocked actors, 0 Stopped actors, and 4 active threads.
Waiting for actors to stop.
Called postfire()
Called prefire()
Called fire()
Checking for deadlock:
There are 3 Blocked actors, 0 Stopped actors, and 4 active threads.
Waiting for actors to stop.
Read input token from inputB with value 0.0
Checking for deadlock:
There are 2 Blocked actors, 0 Stopped actors, and 4 active threads.
Waiting for actors to stop.
-- Read input: 0.0, which is expected to match: 0.0
Called prefire()
Called fire()
Checking for deadlock:
There are 3 Blocked actors, 0 Stopped actors, and 4 active threads.
Waiting for actors to stop.
Sent output token with value 0.0
Next port to read input from is inputA
Called postfire()
Called prefire()
Called fire()
Checking for deadlock:
There are 2 Blocked actors, 0 Stopped actors, and 4 active threads.
Waiting for actors to stop.
Called postfire()
Called prefire()
Called fire()
Checking for deadlock:
There are 3 Blocked actors, 0 Stopped actors, and 4 active threads.
Waiting for actors to stop.
Read input token from inputA with value 1.0
Checking for deadlock:
There are 2 Blocked actors, 0 Stopped actors, and 4 active threads.
Waiting for actors to stop.
-- Read input: 0.0, which is expected to match: 0.0
Called prefire()
Called fire()
Checking for deadlock:
There are 3 Blocked actors, 0 Stopped actors, and 4 active threads.
Waiting for actors to stop.
Sent output token with value 0.0
Next port to read input from is inputB
Called postfire()
Called prefire()
Called fire()
Checking for deadlock:
There are 2 Blocked actors, 0 Stopped actors, and 4 active threads.
Waiting for actors to stop.
Called postfire()
Called prefire()
Called fire()
Checking for deadlock:
There are 3 Blocked actors, 0 Stopped actors, and 4 active threads.
Waiting for actors to stop.
Read input token from inputB with value 1.5
Checking for deadlock:
There are 2 Blocked actors, 0 Stopped actors, and 4 active threads.
Waiting for actors to stop.
-- Read input: 1.0, which is expected to match: 1.0
Called prefire()
Called fire()
Checking for deadlock:
There are 3 Blocked actors, 0 Stopped actors, and 4 active threads.
Waiting for actors to stop.
Sent output token with value 1.0
Next port to read input from is inputA
Called postfire()
Called prefire()
Called fire()
Checking for deadlock:
There are 2 Blocked actors, 0 Stopped actors, and 4 active threads.
Waiting for actors to stop.
Called postfire()
Called prefire()
Called fire()
Checking for deadlock:
There are 3 Blocked actors, 0 Stopped actors, and 4 active threads.
Waiting for actors to stop.
Read input token from inputA with value 2.0
Checking for deadlock:
There are 2 Blocked actors, 0 Stopped actors, and 4 active threads.
Waiting for actors to stop.
-- Read input: 1.5, which is expected to match: 1.5
Called prefire()
Called fire()
Checking for deadlock:
There are 3 Blocked actors, 0 Stopped actors, and 4 active threads.
Waiting for actors to stop.
Sent output token with value 1.5
Next port to read input from is inputB
Called postfire()
Called prefire()
Called fire()
Checking for deadlock:
There are 2 Blocked actors, 0 Stopped actors, and 4 active threads.
Waiting for actors to stop.
Called postfire()
Called prefire()
Called fire()
Checking for deadlock:
There are 3 Blocked actors, 0 Stopped actors, and 4 active threads.
Waiting for actors to stop.
Read input token from inputB with value 3.0
Checking for deadlock:
There are 2 Blocked actors, 0 Stopped actors, and 4 active threads.
Waiting for actors to stop.
-- Read input: 2.0, which is expected to match: 2.0
Called prefire()
Called fire()
Checking for deadlock:
There are 3 Blocked actors, 0 Stopped actors, and 4 active threads.
Waiting for actors to stop.
Sent output token with value 2.0
Next port to read input from is inputA
Called postfire()
Called prefire()
Called fire()
Checking for deadlock:
There are 2 Blocked actors, 0 Stopped actors, and 4 active threads.
Waiting for actors to stop.
Called postfire()
Called prefire()
Called fire()
Checking for deadlock:
There are 3 Blocked actors, 0 Stopped actors, and 4 active threads.
Waiting for actors to stop.
Read input token from inputA with value 3.0
Checking for deadlock:
There are 2 Blocked actors, 0 Stopped actors, and 4 active threads.
Waiting for actors to stop.
-- Read input: 3.0, which is expected to match: 3.0
Called prefire()
Called fire()
Checking for deadlock:
There are 3 Blocked actors, 0 Stopped actors, and 4 active threads.
Waiting for actors to stop.
Sent output token with value 3.0
Next port to read input from is inputB
Called postfire()
Called prefire()
Called fire()
Checking for deadlock:
There are 2 Blocked actors, 0 Stopped actors, and 4 active threads.
Waiting for actors to stop.
Called postfire()
Called prefire()
Called fire()
Checking for deadlock:
There are 3 Blocked actors, 0 Stopped actors, and 4 active threads.
Waiting for actors to stop.
Read input token from inputB with value 4.5
Checking for deadlock:
There are 2 Blocked actors, 0 Stopped actors, and 4 active threads.
Waiting for actors to stop.
-- Read input: 3.0, which is expected to match: 3.0
Called prefire()
Called fire()
Checking for deadlock:
There are 3 Blocked actors, 0 Stopped actors, and 4 active threads.
Waiting for actors to stop.
Sent output token with value 3.0
Next port to read input from is inputA
Called postfire()
Called prefire()
Called fire()
Checking for deadlock:
There are 2 Blocked actors, 0 Stopped actors, and 4 active threads.
Waiting for actors to stop.
Called postfire()
Called prefire()
Called fire()
Checking for deadlock:
There are 3 Blocked actors, 0 Stopped actors, and 4 active threads.
Waiting for actors to stop.
Read input token from inputA with value 4.0
Checking for deadlock:
There are 2 Blocked actors, 0 Stopped actors, and 4 active threads.
Waiting for actors to stop.
-- Read input: 4.0, which is expected to match: 4.0
Called prefire()
Called fire()
Past the end of training data. Read and discard all inputs.
Checking for deadlock:
There are 3 Blocked actors, 0 Stopped actors, and 4 active threads.
Waiting for actors to stop.
Sent output token with value 4.0
Next port to read input from is inputA
Called postfire()
Called prefire()
Called fire()
Checking for deadlock:
There are 2 Blocked actors, 0 Stopped actors, and 4 active threads.
Waiting for actors to stop.
Called postfire()
Called prefire()
Called fire()
Checking for deadlock:
There are 3 Blocked actors, 0 Stopped actors, and 4 active threads.
Waiting for actors to stop.
Read input token from inputA with value 5.0
Checking for deadlock:
There are 2 Blocked actors, 0 Stopped actors, and 4 active threads.
Waiting for actors to stop.
Called prefire()
Called fire()
Past the end of training data. Read and discard all inputs.
Checking for deadlock:
There are 3 Blocked actors, 0 Stopped actors, and 4 active threads.
Waiting for actors to stop.
Sent output token with value 4.5
Next port to read input from is inputB
Called postfire()
Called prefire()
Called fire()
Checking for deadlock:
There are 2 Blocked actors, 0 Stopped actors, and 4 active threads.
Waiting for actors to stop.
Called postfire()
Called prefire()
Called fire()
Checking for deadlock:
There are 3 Blocked actors, 0 Stopped actors, and 4 active threads.
Waiting for actors to stop.
Read input token from inputB with value 6.0
Checking for deadlock:
There are 2 Blocked actors, 0 Stopped actors, and 4 active threads.
Waiting for actors to stop.
Called prefire()
Called fire()
Past the end of training data. Read and discard all inputs.
Checking for deadlock:
There are 3 Blocked actors, 0 Stopped actors, and 4 active threads.
Waiting for actors to stop.
Sent output token with value 5.0
Next port to read input from is inputA
Called postfire()
Called prefire()
Called fire()
Checking for deadlock:
There are 2 Blocked actors, 0 Stopped actors, and 4 active threads.
Waiting for actors to stop.
Called postfire()
Called prefire()
Called fire()
Checking for deadlock:
There are 3 Blocked actors, 0 Stopped actors, and 4 active threads.
Waiting for actors to stop.
Read input token from inputA with value 6.0
Checking for deadlock:
There are 2 Blocked actors, 0 Stopped actors, and 4 active threads.
Waiting for actors to stop.
Called prefire()
Called fire()
Past the end of training data. Read and discard all inputs.
Checking for deadlock:
There are 3 Blocked actors, 0 Stopped actors, and 4 active threads.
Waiting for actors to stop.
Sent output token with value 6.0
Next port to read input from is inputB
Called postfire()
Called prefire()
Called fire()
Checking for deadlock:
There are 2 Blocked actors, 0 Stopped actors, and 4 active threads.
Waiting for actors to stop.
Called postfire()
Called prefire()
Called fire()
Checking for deadlock:
There are 3 Blocked actors, 0 Stopped actors, and 4 active threads.
Waiting for actors to stop.
Read input token from inputB with value 7.5
Checking for deadlock:
There are 2 Blocked actors, 0 Stopped actors, and 4 active threads.
Waiting for actors to stop.
Called prefire()
Called fire()
Past the end of training data. Read and discard all inputs.
Checking for deadlock:
There are 3 Blocked actors, 0 Stopped actors, and 4 active threads.
Waiting for actors to stop.
Sent output token with value 6.0
Next port to read input from is inputA
Called postfire()
Called prefire()
Called fire()
Checking for deadlock:
There are 2 Blocked actors, 0 Stopped actors, and 4 active threads.
Waiting for actors to stop.
Called postfire()
Called prefire()
Called fire()
Checking for deadlock:
There are 3 Blocked actors, 0 Stopped actors, and 4 active threads.
Waiting for actors to stop.
Read input token from inputA with value 7.0
Checking for deadlock:
There are 2 Blocked actors, 0 Stopped actors, and 4 active threads.
Waiting for actors to stop.
Called prefire()
Called fire()
Past the end of training data. Read and discard all inputs.
Checking for deadlock:
There are 3 Blocked actors, 0 Stopped actors, and 4 active threads.
Waiting for actors to stop.
Sent output token with value 7.0
Next port to read input from is inputA
Called postfire()
Called prefire()
Called fire()
Checking for deadlock:
There are 2 Blocked actors, 0 Stopped actors, and 4 active threads.
Waiting for actors to stop.
-- Thread wrapup() called.
Called wrapup()
Thread .top.Ramp is exiting.
Checking for deadlock:
There are 2 Blocked actors, 0 Stopped actors, and 3 active threads.
Waiting for actors to stop.
-- Thread stopped.
Read input token from inputA with value 8.0
Checking for deadlock:
There are 1 Blocked actors, 0 Stopped actors, and 3 active threads.
Waiting for actors to stop.
Called prefire()
Called fire()
Past the end of training data. Read and discard all inputs.
Checking for deadlock:
There are 2 Blocked actors, 0 Stopped actors, and 3 active threads.
Waiting for actors to stop.
Sent output token with value 7.5
Next port to read input from is inputB
Called postfire()
Called prefire()
Called fire()
Checking for deadlock:
There are 1 Blocked actors, 0 Stopped actors, and 3 active threads.
Waiting for actors to stop.
Called postfire()
Called prefire()
Called fire()
Checking for deadlock:
There are 2 Blocked actors, 0 Stopped actors, and 3 active threads.
Waiting for actors to stop.
Read input token from inputB with value 9.0
Checking for deadlock:
There are 1 Blocked actors, 0 Stopped actors, and 3 active threads.
Waiting for actors to stop.
Called prefire()
Called fire()
Past the end of training data. Read and discard all inputs.
Checking for deadlock:
There are 2 Blocked actors, 0 Stopped actors, and 3 active threads.
Waiting for actors to stop.
Sent output token with value 8.0
Next port to read input from is inputA
Called postfire()
Called prefire()
Called fire()
Read input token from inputA with value 9.0
Checking for deadlock:
There are 1 Blocked actors, 0 Stopped actors, and 3 active threads.
Waiting for actors to stop.
Called prefire()
Called fire()
Past the end of training data. Read and discard all inputs.
Checking for deadlock:
There are 2 Blocked actors, 0 Stopped actors, and 3 active threads.
Waiting for actors to stop.
Sent output token with value 9.0
Next port to read input from is inputB
Called postfire()
Called prefire()
Called fire()
Checking for deadlock:
There are 1 Blocked actors, 0 Stopped actors, and 3 active threads.
Waiting for actors to stop.
Called postfire()
Called prefire()
Called fire()
Checking for deadlock:
There are 2 Blocked actors, 0 Stopped actors, and 3 active threads.
Waiting for actors to stop.
Read input token from inputB with value 10.5
Checking for deadlock:
There are 1 Blocked actors, 0 Stopped actors, and 3 active threads.
Waiting for actors to stop.
Called prefire()
Called fire()
Past the end of training data. Read and discard all inputs.
Checking for deadlock:
There are 2 Blocked actors, 0 Stopped actors, and 3 active threads.
Waiting for actors to stop.
Sent output token with value 9.0
Next port to read input from is inputA
Called postfire()
Called prefire()
Called fire()
Checking for deadlock:
There are 3 Blocked actors, 0 Stopped actors, and 3 active threads.
Actors have stopped.
Checking for deadlock:
There are 3 Blocked actors, 0 Stopped actors, and 3 active threads.
Deadlock detected.
Resolving Deadlock
Checking for deadlock:
There are 3 Blocked actors, 0 Stopped actors, and 3 active threads.
Artificial Deadlock - increasing queue capacity.
increasing the capacity of receiver ptolemy.actor.TypedIOPort {.top.OrderedMerge.inputB} to 2
Director: Called postfire().
Called postfire().
_stopRequested = false
_stopFireRequested = false
Returning from postfire(): true
Called fire().
Checking for deadlock:
There are 2 Blocked actors, 0 Stopped actors, and 3 active threads.
Waiting for actors to stop.
-- Thread wrapup() called.
Called wrapup()
Thread .top.Ramp2 is exiting.
-- Thread stopped.
Checking for deadlock:
There are 2 Blocked actors, 0 Stopped actors, and 2 active threads.
Actors have stopped.
Checking for deadlock:
There are 2 Blocked actors, 0 Stopped actors, and 2 active threads.
Deadlock detected.
Resolving Deadlock
Checking for deadlock:
There are 2 Blocked actors, 0 Stopped actors, and 2 active threads.
Deadlock detected: no processes blocked on write, but some are blocked on read.
Called postfire().
_stopRequested = false
_stopFireRequested = false
Returning from postfire(): false
Finished deactivating branches.
Called wrapup().
-- Thread wrapup() called.
Called wrapup()
Thread .top.OrderedMerge is exiting.
-- Thread stopped.
-- Blocked Receiver call threw TerminateProcessException.
-- Thread wrapup() called.
Called wrapup()
Thread .top.Test is exiting.
-- Thread stopped.
-- Blocked Receiver call threw TerminateProcessException.
29 ms. Memory: 208384K Free: 175942K (84%)
/home/travis/build/icyphy/ptII/ptolemy/actor/lib/test/Publisher.tcl
6 ms. Memory: 208384K Free: 171119K (82%)
5 ms. Memory: 208384K Free: 166296K (80%)
8 ms. Memory: 208384K Free: 161473K (77%)
4 ms. Memory: 208384K Free: 161473K (77%)
5 ms. Memory: 208384K Free: 159062K (76%)
9 ms. Memory: 208384K Free: 159062K (76%)
3 ms. Memory: 208384K Free: 159062K (76%)
5 ms. Memory: 208384K Free: 156650K (75%)
1 ms. Memory: 208384K Free: 149416K (72%)
3 ms. Memory: 208384K Free: 144593K (69%)
2 ms. Memory: 208384K Free: 144593K (69%)
1 ms. Memory: 208384K Free: 142174K (68%)
22 ms. Memory: 208384K Free: 132528K (64%)
6 ms. Memory: 208384K Free: 122882K (59%)
5 ms. Memory: 208384K Free: 110825K (53%)
/home/travis/build/icyphy/ptII/ptolemy/actor/lib/test/Pulse.tcl
2 ms. Memory: 208384K Free: 191002K (92%)
1 ms. Memory: 208384K Free: 191002K (92%)
1 ms. Memory: 208384K Free: 191002K (92%)
2 ms. Memory: 208384K Free: 191002K (92%)
1 ms. Memory: 208384K Free: 188618K (91%)
5 ms. Memory: 208384K Free: 188618K (91%)
2 ms. Memory: 208384K Free: 188618K (91%)
6 ms. Memory: 208384K Free: 186233K (89%)
3 ms. Memory: 208384K Free: 186233K (89%)
/home/travis/build/icyphy/ptII/ptolemy/actor/lib/test/Ramp.tcl
4 ms. Memory: 208384K Free: 183848K (88%)
2 ms. Memory: 208384K Free: 183848K (88%)
2 ms. Memory: 208384K Free: 183848K (88%)
2 ms. Memory: 208384K Free: 181464K (87%)
4 ms. Memory: 208384K Free: 181464K (87%)
6 ms. Memory: 208384K Free: 179079K (86%)
4 ms. Memory: 208384K Free: 179079K (86%)
5 actors
5000 microseconds per iteration to create
4 ms. Memory: 208384K Free: 176695K (85%)
2 ms. Memory: 208384K Free: 176695K (85%)
2 ms. Memory: 208384K Free: 174310K (84%)
1 ms. Memory: 208384K Free: 174310K (84%)
50 actors
31000 microseconds per iteration to create
23 ms. Memory: 208384K Free: 159978K (77%)
5 ms. Memory: 208384K Free: 157593K (76%)
5 ms. Memory: 208384K Free: 157593K (76%)
6 ms. Memory: 208384K Free: 155208K (74%)
500 actors
1400000 microseconds per iteration to create
290 ms. Memory: 332288K Free: 229593K (69%)
45 ms. Memory: 332288K Free: 224806K (68%)
44 ms. Memory: 332288K Free: 220020K (66%)
37 ms. Memory: 332288K Free: 215234K (65%)
/home/travis/build/icyphy/ptII/ptolemy/actor/lib/test/RampContinuous.tcl
6 ms. Memory: 332288K Free: 210448K (63%)
/home/travis/build/icyphy/ptII/ptolemy/actor/lib/test/RecordAssembler.tcl
9 ms. Memory: 332288K Free: 210448K (63%)
4 ms. Memory: 332288K Free: 210448K (63%)
/home/travis/build/icyphy/ptII/ptolemy/actor/lib/test/RecordDisassembler.tcl
6 ms. Memory: 332288K Free: 205661K (62%)
3 ms. Memory: 332288K Free: 205661K (62%)
4 ms. Memory: 332288K Free: 205661K (62%)
/home/travis/build/icyphy/ptII/ptolemy/actor/lib/test/Scale.tcl
3 ms. Memory: 332288K Free: 200874K (60%)
1 ms. Memory: 332288K Free: 200874K (60%)
1 ms. Memory: 332288K Free: 200874K (60%)
4 ms. Memory: 332288K Free: 200874K (60%)
2 ms. Memory: 332288K Free: 200874K (60%)
/home/travis/build/icyphy/ptII/ptolemy/actor/lib/test/SequentialClock.tcl
preinitializing
resolving types
initializing
executing number 1
wrapping up
idle
2 ms. Memory: 332288K Free: 200874K (60%)
Completed execution with 5 iterations
preinitializing
resolving types
initializing
executing number 1
wrapping up
idle
1 ms. Memory: 332288K Free: 196088K (59%)
Completed execution with 5 iterations
preinitializing
resolving types
initializing
executing number 1
wrapping up
idle
1 ms. Memory: 332288K Free: 196088K (59%)
Completed execution with 5 iterations
/home/travis/build/icyphy/ptII/ptolemy/actor/lib/test/SetVariable.tcl
5 ms. Memory: 332288K Free: 196088K (59%)
/home/travis/build/icyphy/ptII/ptolemy/actor/lib/test/Sinewave.tcl
/home/travis/build/icyphy/ptII/ptolemy/actor/lib/test/SubscriptionAggregator.tcl
9 ms. Memory: 332288K Free: 181713K (55%)
5 ms. Memory: 332288K Free: 181713K (55%)
0 ms. Memory: 332288K Free: 181713K (55%)
0 ms. Memory: 332288K Free: 181713K (55%)
1 ms. Memory: 332288K Free: 176911K (53%)
3 ms. Memory: 332288K Free: 176911K (53%)
...............................................................746 ms. Memory: 580096K Free: 373926K (64%)
/home/travis/build/icyphy/ptII/ptolemy/actor/lib/test/Test.tcl
 The next command will produce a warning about training mode,
   which may be ignored.
3 ms. Memory: 580096K Free: 373926K (64%)
2 ms. Memory: 580096K Free: 373926K (64%)
1 ms. Memory: 580096K Free: 373926K (64%)
1 ms. Memory: 580096K Free: 373926K (64%)
2 ms. Memory: 580096K Free: 373926K (64%)
2 ms. Memory: 580096K Free: 373926K (64%)
2 ms. Memory: 580096K Free: 373926K (64%)
 The next command will produce a warning about training mode,
   which may be ignored.
4 ms. Memory: 580096K Free: 364274K (63%)
 The next command will produce a warning about training mode,
   which may be ignored.
2 ms. Memory: 580096K Free: 364274K (63%)
1 ms. Memory: 580096K Free: 364274K (63%)
1 ms. Memory: 580096K Free: 364274K (63%)
1 ms. Memory: 580096K Free: 364274K (63%)
1 ms. Memory: 580096K Free: 364274K (63%)
5 ms. Memory: 580096K Free: 364274K (63%)
/home/travis/build/icyphy/ptII/ptolemy/actor/lib/test/TestExceptionHandler.tcl
 The next command will produce a warning about training mode,
   which may be ignored.
1 ms. Memory: 580096K Free: 354622K (61%)
0 ms. Memory: 580096K Free: 354622K (61%)
1 ms. Memory: 580096K Free: 354622K (61%)
/home/travis/build/icyphy/ptII/ptolemy/actor/lib/test/UnionDisassembler.tcl
24 ms. Memory: 580096K Free: 354622K (61%)
/home/travis/build/icyphy/ptII/ptolemy/actor/lib/test/VariableClock.tcl
preinitializing
resolving types
initializing
executing number 1
wrapping up
idle
5 ms. Memory: 580096K Free: 344970K (59%)
Completed execution with 11 iterations
preinitializing
resolving types
initializing
executing number 1
wrapping up
idle
5 ms. Memory: 580096K Free: 344970K (59%)
Completed execution with 10 iterations
06/12/19 04:30:29
Failed: 0  Total Tests: 234  ((Passed: 234, Newly Passed: 0)  Known Failed: 0) /home/travis/build/icyphy/ptII/ptolemy/actor/lib/test
----------------- testing (KnownFailure) /home/travis/build/icyphy/ptII/ptolemy/actor/lib/test/auto/knownFailedTests/PublisherPortToplevelSubscriber.xml
1 ms. Memory: 580096K Free: 335232K (58%)
Known Failure: java.lang.reflect.InvocationTargetException
----------------- testing (KnownFailure) /home/travis/build/icyphy/ptII/ptolemy/actor/lib/test/auto/knownFailedTests/PublisherSubscriberPortToplevel.xml
0 ms. Memory: 580096K Free: 315755K (54%)
Known Failure: java.lang.reflect.InvocationTargetException
----------------- testing (KnownFailure) /home/travis/build/icyphy/ptII/ptolemy/actor/lib/test/auto/knownFailedTests/PublisherSubscriptionAggregatorPort.xml
2 ms. Memory: 580096K Free: 296279K (51%)
Known Failure: java.lang.reflect.InvocationTargetException
----------------- testing (KnownFailure) /home/travis/build/icyphy/ptII/ptolemy/actor/lib/test/auto/knownFailedTests/sizedarray3.xml
4 ms. Memory: 580096K Free: 276802K (48%)
Known Failure: java.lang.reflect.InvocationTargetException
No auto/linux-amd64/*.xml tests in /home/travis/build/icyphy/ptII/ptolemy/actor/lib/test
AutoTests.java: About to close Vertx.
AutoTests.java: Vertx closed.

===========================================================================================
----------------- testing Wed Jun 12 04:30:29 UTC 2019 /home/travis/build/icyphy/ptII/ptolemy/actor/lib/test/auto/AbsoluteValue.xml
----------------- Instantiating /home/travis/build/icyphy/ptII/ptolemy/actor/lib/test/auto/AbsoluteValue.xml
10 ms. Memory: 580096K Free: 199068K (34%)
----------------- Invoking toplevel() on ptolemy.moml.MoMLSimpleApplication@2d4646e
----------------- Done invoking toplevel() on ptolemy.moml.MoMLSimpleApplication@2d4646e
reloadAllAccessors: .AbsoluteValue

===========================================================================================
----------------- testing Wed Jun 12 04:30:29 UTC 2019 /home/travis/build/icyphy/ptII/ptolemy/actor/lib/test/auto/AbsoluteValue2.xml
----------------- Instantiating /home/travis/build/icyphy/ptII/ptolemy/actor/lib/test/auto/AbsoluteValue2.xml
5 ms. Memory: 580096K Free: 184453K (32%)
----------------- Invoking toplevel() on ptolemy.moml.MoMLSimpleApplication@2062e324
----------------- Done invoking toplevel() on ptolemy.moml.MoMLSimpleApplication@2062e324
reloadAllAccessors: .AbsoluteValue2

===========================================================================================
----------------- testing Wed Jun 12 04:30:30 UTC 2019 /home/travis/build/icyphy/ptII/ptolemy/actor/lib/test/auto/Accumulator.xml
----------------- Instantiating /home/travis/build/icyphy/ptII/ptolemy/actor/lib/test/auto/Accumulator.xml
7 ms. Memory: 580096K Free: 165063K (28%)
----------------- Invoking toplevel() on ptolemy.moml.MoMLSimpleApplication@767cca6a
----------------- Done invoking toplevel() on ptolemy.moml.MoMLSimpleApplication@767cca6a
reloadAllAccessors: .Accumulator

===========================================================================================
----------------- testing Wed Jun 12 04:30:30 UTC 2019 /home/travis/build/icyphy/ptII/ptolemy/actor/lib/test/auto/Accumulator2.xml
----------------- Instantiating /home/travis/build/icyphy/ptII/ptolemy/actor/lib/test/auto/Accumulator2.xml
4 ms. Memory: 580096K Free: 155325K (27%)
----------------- Invoking toplevel() on ptolemy.moml.MoMLSimpleApplication@26e9311b
----------------- Done invoking toplevel() on ptolemy.moml.MoMLSimpleApplication@26e9311b
reloadAllAccessors: .Accumulator2

===========================================================================================
----------------- testing Wed Jun 12 04:30:30 UTC 2019 /home/travis/build/icyphy/ptII/ptolemy/actor/lib/test/auto/Accumulator3.xml
----------------- Instantiating /home/travis/build/icyphy/ptII/ptolemy/actor/lib/test/auto/Accumulator3.xml
6 ms. Memory: 580096K Free: 145586K (25%)
----------------- Invoking toplevel() on ptolemy.moml.MoMLSimpleApplication@612a0a73
----------------- Done invoking toplevel() on ptolemy.moml.MoMLSimpleApplication@612a0a73
reloadAllAccessors: .Accumulator3

===========================================================================================
----------------- testing Wed Jun 12 04:30:30 UTC 2019 /home/travis/build/icyphy/ptII/ptolemy/actor/lib/test/auto/ArrayAppend.xml
----------------- Instantiating /home/travis/build/icyphy/ptII/ptolemy/actor/lib/test/auto/ArrayAppend.xml
5 ms. Memory: 580096K Free: 135848K (23%)
----------------- Invoking toplevel() on ptolemy.moml.MoMLSimpleApplication@18aca495
----------------- Done invoking toplevel() on ptolemy.moml.MoMLSimpleApplication@18aca495
reloadAllAccessors: .ArrayAppend

===========================================================================================
----------------- testing Wed Jun 12 04:30:30 UTC 2019 /home/travis/build/icyphy/ptII/ptolemy/actor/lib/test/auto/ArrayAppend2.xml
----------------- Instantiating /home/travis/build/icyphy/ptII/ptolemy/actor/lib/test/auto/ArrayAppend2.xml
380 ms. Memory: 581632K Free: 507192K (87%)
----------------- Invoking toplevel() on ptolemy.moml.MoMLSimpleApplication@3814cf22
----------------- Done invoking toplevel() on ptolemy.moml.MoMLSimpleApplication@3814cf22
reloadAllAccessors: .ArrayAppend2

===========================================================================================
----------------- testing Wed Jun 12 04:30:30 UTC 2019 /home/travis/build/icyphy/ptII/ptolemy/actor/lib/test/auto/ArrayAppend3.xml
----------------- Instantiating /home/travis/build/icyphy/ptII/ptolemy/actor/lib/test/auto/ArrayAppend3.xml
3 ms. Memory: 581632K Free: 490147K (84%)
----------------- Invoking toplevel() on ptolemy.moml.MoMLSimpleApplication@684635d6
----------------- Done invoking toplevel() on ptolemy.moml.MoMLSimpleApplication@684635d6
reloadAllAccessors: .ArrayAppend3

===========================================================================================
----------------- testing Wed Jun 12 04:30:30 UTC 2019 /home/travis/build/icyphy/ptII/ptolemy/actor/lib/test/auto/ArrayAppend4.xml
----------------- Instantiating /home/travis/build/icyphy/ptII/ptolemy/actor/lib/test/auto/ArrayAppend4.xml
6 ms. Memory: 581632K Free: 483654K (83%)
----------------- Invoking toplevel() on ptolemy.moml.MoMLSimpleApplication@57a8924a
----------------- Done invoking toplevel() on ptolemy.moml.MoMLSimpleApplication@57a8924a
reloadAllAccessors: .ArrayAppend4

===========================================================================================
----------------- testing Wed Jun 12 04:30:30 UTC 2019 /home/travis/build/icyphy/ptII/ptolemy/actor/lib/test/auto/ArrayAppend5.xml
----------------- Instantiating /home/travis/build/icyphy/ptII/ptolemy/actor/lib/test/auto/ArrayAppend5.xml
2 ms. Memory: 581632K Free: 477162K (82%)
----------------- Invoking toplevel() on ptolemy.moml.MoMLSimpleApplication@27932e3e
----------------- Done invoking toplevel() on ptolemy.moml.MoMLSimpleApplication@27932e3e
reloadAllAccessors: .ArrayAppend5

===========================================================================================
----------------- testing Wed Jun 12 04:30:30 UTC 2019 /home/travis/build/icyphy/ptII/ptolemy/actor/lib/test/auto/ArrayAppend6.xml
----------------- Instantiating /home/travis/build/icyphy/ptII/ptolemy/actor/lib/test/auto/ArrayAppend6.xml
4 ms. Memory: 581632K Free: 462707K (80%)
----------------- Invoking toplevel() on ptolemy.moml.MoMLSimpleApplication@65b04196
----------------- Done invoking toplevel() on ptolemy.moml.MoMLSimpleApplication@65b04196
reloadAllAccessors: .ArrayAppend6

===========================================================================================
----------------- testing Wed Jun 12 04:30:30 UTC 2019 /home/travis/build/icyphy/ptII/ptolemy/actor/lib/test/auto/ArrayAppendPerformanceTest.xml
----------------- Instantiating /home/travis/build/icyphy/ptII/ptolemy/actor/lib/test/auto/ArrayAppendPerformanceTest.xml
20 ms. Memory: 581632K Free: 449690K (77%)
----------------- Invoking toplevel() on ptolemy.moml.MoMLSimpleApplication@af256b0
----------------- Done invoking toplevel() on ptolemy.moml.MoMLSimpleApplication@af256b0
reloadAllAccessors: .ArrayAppendPerformanceTest

===========================================================================================
----------------- testing Wed Jun 12 04:30:30 UTC 2019 /home/travis/build/icyphy/ptII/ptolemy/actor/lib/test/auto/ArrayAppendWithEmptyInput.xml
----------------- Instantiating /home/travis/build/icyphy/ptII/ptolemy/actor/lib/test/auto/ArrayAppendWithEmptyInput.xml
9 ms. Memory: 581632K Free: 439936K (76%)
----------------- Invoking toplevel() on ptolemy.moml.MoMLSimpleApplication@13808b4b
----------------- Done invoking toplevel() on ptolemy.moml.MoMLSimpleApplication@13808b4b
reloadAllAccessors: .ArrayAppendWithEmptyInput

===========================================================================================
----------------- testing Wed Jun 12 04:30:30 UTC 2019 /home/travis/build/icyphy/ptII/ptolemy/actor/lib/test/auto/ArrayAverage.xml
----------------- Instantiating /home/travis/build/icyphy/ptII/ptolemy/actor/lib/test/auto/ArrayAverage.xml
8 ms. Memory: 581632K Free: 430182K (74%)
----------------- Invoking toplevel() on ptolemy.moml.MoMLSimpleApplication@30e246d3
----------------- Done invoking toplevel() on ptolemy.moml.MoMLSimpleApplication@30e246d3
reloadAllAccessors: .ArrayAverage

===========================================================================================
----------------- testing Wed Jun 12 04:30:30 UTC 2019 /home/travis/build/icyphy/ptII/ptolemy/actor/lib/test/auto/ArrayContains.xml
----------------- Instantiating /home/travis/build/icyphy/ptII/ptolemy/actor/lib/test/auto/ArrayContains.xml
2 ms. Memory: 581632K Free: 407595K (70%)
----------------- Invoking toplevel() on ptolemy.moml.MoMLSimpleApplication@1ad64c4d
----------------- Done invoking toplevel() on ptolemy.moml.MoMLSimpleApplication@1ad64c4d
reloadAllAccessors: .ArrayContains

===========================================================================================
----------------- testing Wed Jun 12 04:30:30 UTC 2019 /home/travis/build/icyphy/ptII/ptolemy/actor/lib/test/auto/ArrayElement.xml
----------------- Instantiating /home/travis/build/icyphy/ptII/ptolemy/actor/lib/test/auto/ArrayElement.xml
7 ms. Memory: 581632K Free: 401103K (69%)
----------------- Invoking toplevel() on ptolemy.moml.MoMLSimpleApplication@53441221
----------------- Done invoking toplevel() on ptolemy.moml.MoMLSimpleApplication@53441221
reloadAllAccessors: .ArrayElement

===========================================================================================
----------------- testing Wed Jun 12 04:30:30 UTC 2019 /home/travis/build/icyphy/ptII/ptolemy/actor/lib/test/auto/ArrayElementAsMatrix.xml
----------------- Instantiating /home/travis/build/icyphy/ptII/ptolemy/actor/lib/test/auto/ArrayElementAsMatrix.xml
13 ms. Memory: 581632K Free: 391349K (67%)
----------------- Invoking toplevel() on ptolemy.moml.MoMLSimpleApplication@77d65196
----------------- Done invoking toplevel() on ptolemy.moml.MoMLSimpleApplication@77d65196
reloadAllAccessors: .ArrayElementAsMatrix

===========================================================================================
----------------- testing Wed Jun 12 04:30:31 UTC 2019 /home/travis/build/icyphy/ptII/ptolemy/actor/lib/test/auto/ArrayElementI.xml
----------------- Instantiating /home/travis/build/icyphy/ptII/ptolemy/actor/lib/test/auto/ArrayElementI.xml
3 ms. Memory: 581632K Free: 376893K (65%)
----------------- Invoking toplevel() on ptolemy.moml.MoMLSimpleApplication@4ad86c11
----------------- Done invoking toplevel() on ptolemy.moml.MoMLSimpleApplication@4ad86c11
reloadAllAccessors: .ArrayElementI

===========================================================================================
----------------- testing Wed Jun 12 04:30:31 UTC 2019 /home/travis/build/icyphy/ptII/ptolemy/actor/lib/test/auto/ArrayExtract.xml
----------------- Instantiating /home/travis/build/icyphy/ptII/ptolemy/actor/lib/test/auto/ArrayExtract.xml
14 ms. Memory: 581632K Free: 367147K (63%)
----------------- Invoking toplevel() on ptolemy.moml.MoMLSimpleApplication@41ff1c3c
----------------- Done invoking toplevel() on ptolemy.moml.MoMLSimpleApplication@41ff1c3c
reloadAllAccessors: .ArrayExtract

===========================================================================================
----------------- testing Wed Jun 12 04:30:31 UTC 2019 /home/travis/build/icyphy/ptII/ptolemy/actor/lib/test/auto/ArrayExtract2.xml
----------------- Instantiating /home/travis/build/icyphy/ptII/ptolemy/actor/lib/test/auto/ArrayExtract2.xml
2 ms. Memory: 581632K Free: 360655K (62%)
----------------- Invoking toplevel() on ptolemy.moml.MoMLSimpleApplication@4c994a50
----------------- Done invoking toplevel() on ptolemy.moml.MoMLSimpleApplication@4c994a50
reloadAllAccessors: .ArrayExtract2

===========================================================================================
----------------- testing Wed Jun 12 04:30:31 UTC 2019 /home/travis/build/icyphy/ptII/ptolemy/actor/lib/test/auto/ArrayLength.xml
----------------- Instantiating /home/travis/build/icyphy/ptII/ptolemy/actor/lib/test/auto/ArrayLength.xml
2 ms. Memory: 581632K Free: 354162K (61%)
----------------- Invoking toplevel() on ptolemy.moml.MoMLSimpleApplication@1f884820
----------------- Done invoking toplevel() on ptolemy.moml.MoMLSimpleApplication@1f884820
reloadAllAccessors: .ArrayLength

===========================================================================================
----------------- testing Wed Jun 12 04:30:31 UTC 2019 /home/travis/build/icyphy/ptII/ptolemy/actor/lib/test/auto/ArrayLevelCrossing.xml
----------------- Instantiating /home/travis/build/icyphy/ptII/ptolemy/actor/lib/test/auto/ArrayLevelCrossing.xml
3 ms. Memory: 581632K Free: 336445K (58%)
----------------- Invoking toplevel() on ptolemy.moml.MoMLSimpleApplication@389ca861
----------------- Done invoking toplevel() on ptolemy.moml.MoMLSimpleApplication@389ca861
reloadAllAccessors: .ArrayLevelCrossing

===========================================================================================
----------------- testing Wed Jun 12 04:30:31 UTC 2019 /home/travis/build/icyphy/ptII/ptolemy/actor/lib/test/auto/ArrayLevelCrossing2.xml
----------------- Instantiating /home/travis/build/icyphy/ptII/ptolemy/actor/lib/test/auto/ArrayLevelCrossing2.xml
3 ms. Memory: 581632K Free: 326706K (56%)
----------------- Invoking toplevel() on ptolemy.moml.MoMLSimpleApplication@71c43144
----------------- Done invoking toplevel() on ptolemy.moml.MoMLSimpleApplication@71c43144
reloadAllAccessors: .ArrayLevelCrossing2

===========================================================================================
----------------- testing Wed Jun 12 04:30:31 UTC 2019 /home/travis/build/icyphy/ptII/ptolemy/actor/lib/test/auto/ArrayPeakSearch.xml
----------------- Instantiating /home/travis/build/icyphy/ptII/ptolemy/actor/lib/test/auto/ArrayPeakSearch.xml
4 ms. Memory: 581632K Free: 313706K (54%)
----------------- Invoking toplevel() on ptolemy.moml.MoMLSimpleApplication@c38fdc7
----------------- Done invoking toplevel() on ptolemy.moml.MoMLSimpleApplication@c38fdc7
reloadAllAccessors: .ArrayPeakSearch

===========================================================================================
----------------- testing Wed Jun 12 04:30:31 UTC 2019 /home/travis/build/icyphy/ptII/ptolemy/actor/lib/test/auto/ArrayPeakSearch2.xml
----------------- Instantiating /home/travis/build/icyphy/ptII/ptolemy/actor/lib/test/auto/ArrayPeakSearch2.xml
4 ms. Memory: 581632K Free: 300705K (52%)
----------------- Invoking toplevel() on ptolemy.moml.MoMLSimpleApplication@343a3ef8
----------------- Done invoking toplevel() on ptolemy.moml.MoMLSimpleApplication@343a3ef8
reloadAllAccessors: .ArrayPeakSearch2

===========================================================================================
----------------- testing Wed Jun 12 04:30:31 UTC 2019 /home/travis/build/icyphy/ptII/ptolemy/actor/lib/test/auto/ArrayPeakSearch3.xml
----------------- Instantiating /home/travis/build/icyphy/ptII/ptolemy/actor/lib/test/auto/ArrayPeakSearch3.xml
6 ms. Memory: 581632K Free: 279725K (48%)
----------------- Invoking toplevel() on ptolemy.moml.MoMLSimpleApplication@788f5e84
----------------- Done invoking toplevel() on ptolemy.moml.MoMLSimpleApplication@788f5e84
reloadAllAccessors: .ArrayPeakSearch3

===========================================================================================
----------------- testing Wed Jun 12 04:30:31 UTC 2019 /home/travis/build/icyphy/ptII/ptolemy/actor/lib/test/auto/ArrayRemoveElement.xml
----------------- Instantiating /home/travis/build/icyphy/ptII/ptolemy/actor/lib/test/auto/ArrayRemoveElement.xml
10 ms. Memory: 581632K Free: 269971K (46%)
----------------- Invoking toplevel() on ptolemy.moml.MoMLSimpleApplication@48a7b12
----------------- Done invoking toplevel() on ptolemy.moml.MoMLSimpleApplication@48a7b12
reloadAllAccessors: .ArrayRemoveElement

===========================================================================================
----------------- testing Wed Jun 12 04:30:31 UTC 2019 /home/travis/build/icyphy/ptII/ptolemy/actor/lib/test/auto/ArraySort.xml
----------------- Instantiating /home/travis/build/icyphy/ptII/ptolemy/actor/lib/test/auto/ArraySort.xml
4 ms. Memory: 581632K Free: 256971K (44%)
----------------- Invoking toplevel() on ptolemy.moml.MoMLSimpleApplication@20806e72
----------------- Done invoking toplevel() on ptolemy.moml.MoMLSimpleApplication@20806e72
reloadAllAccessors: .ArraySort

===========================================================================================
----------------- testing Wed Jun 12 04:30:31 UTC 2019 /home/travis/build/icyphy/ptII/ptolemy/actor/lib/test/auto/ArraySum.xml
----------------- Instantiating /home/travis/build/icyphy/ptII/ptolemy/actor/lib/test/auto/ArraySum.xml
1 ms. Memory: 581632K Free: 242515K (42%)
----------------- Invoking toplevel() on ptolemy.moml.MoMLSimpleApplication@18adf17a
----------------- Done invoking toplevel() on ptolemy.moml.MoMLSimpleApplication@18adf17a
reloadAllAccessors: .ArraySum

===========================================================================================
----------------- testing Wed Jun 12 04:30:31 UTC 2019 /home/travis/build/icyphy/ptII/ptolemy/actor/lib/test/auto/ArrayToElements.xml
----------------- Instantiating /home/travis/build/icyphy/ptII/ptolemy/actor/lib/test/auto/ArrayToElements.xml
3 ms. Memory: 581632K Free: 232761K (40%)
----------------- Invoking toplevel() on ptolemy.moml.MoMLSimpleApplication@7ec6d5d9
----------------- Done invoking toplevel() on ptolemy.moml.MoMLSimpleApplication@7ec6d5d9
reloadAllAccessors: .ArrayToElements

===========================================================================================
----------------- testing Wed Jun 12 04:30:31 UTC 2019 /home/travis/build/icyphy/ptII/ptolemy/actor/lib/test/auto/ArrayToMatrix.xml
----------------- Instantiating /home/travis/build/icyphy/ptII/ptolemy/actor/lib/test/auto/ArrayToMatrix.xml
5 ms. Memory: 581632K Free: 216530K (37%)
----------------- Invoking toplevel() on ptolemy.moml.MoMLSimpleApplication@f4900e8
----------------- Done invoking toplevel() on ptolemy.moml.MoMLSimpleApplication@f4900e8
reloadAllAccessors: .ArrayToMatrix

===========================================================================================
----------------- testing Wed Jun 12 04:30:31 UTC 2019 /home/travis/build/icyphy/ptII/ptolemy/actor/lib/test/auto/ArrayUpdate1.xml
----------------- Instantiating /home/travis/build/icyphy/ptII/ptolemy/actor/lib/test/auto/ArrayUpdate1.xml
1 ms. Memory: 581632K Free: 210038K (36%)
----------------- Invoking toplevel() on ptolemy.moml.MoMLSimpleApplication@44e9766f
----------------- Done invoking toplevel() on ptolemy.moml.MoMLSimpleApplication@44e9766f
reloadAllAccessors: .ArrayUpdate1

===========================================================================================
----------------- testing Wed Jun 12 04:30:31 UTC 2019 /home/travis/build/icyphy/ptII/ptolemy/actor/lib/test/auto/ArrayUpdate2.xml
----------------- Instantiating /home/travis/build/icyphy/ptII/ptolemy/actor/lib/test/auto/ArrayUpdate2.xml
12 ms. Memory: 581632K Free: 192320K (33%)
----------------- Invoking toplevel() on ptolemy.moml.MoMLSimpleApplication@ef4fe5
----------------- Done invoking toplevel() on ptolemy.moml.MoMLSimpleApplication@ef4fe5
reloadAllAccessors: .ArrayUpdate2

===========================================================================================
----------------- testing Wed Jun 12 04:30:31 UTC 2019 /home/travis/build/icyphy/ptII/ptolemy/actor/lib/test/auto/ArrayUpdate3.xml
----------------- Instantiating /home/travis/build/icyphy/ptII/ptolemy/actor/lib/test/auto/ArrayUpdate3.xml
6 ms. Memory: 581632K Free: 185828K (32%)
----------------- Invoking toplevel() on ptolemy.moml.MoMLSimpleApplication@3768ce0e
----------------- Done invoking toplevel() on ptolemy.moml.MoMLSimpleApplication@3768ce0e
reloadAllAccessors: .ArrayUpdate3

===========================================================================================
----------------- testing Wed Jun 12 04:30:31 UTC 2019 /home/travis/build/icyphy/ptII/ptolemy/actor/lib/test/auto/Assert1.xml
----------------- Instantiating /home/travis/build/icyphy/ptII/ptolemy/actor/lib/test/auto/Assert1.xml
5 ms. Memory: 581632K Free: 179336K (31%)
----------------- Invoking toplevel() on ptolemy.moml.MoMLSimpleApplication@57d1ecc3
----------------- Done invoking toplevel() on ptolemy.moml.MoMLSimpleApplication@57d1ecc3
reloadAllAccessors: .Assert1

===========================================================================================
----------------- testing Wed Jun 12 04:30:31 UTC 2019 /home/travis/build/icyphy/ptII/ptolemy/actor/lib/test/auto/Assert2.xml
----------------- Instantiating /home/travis/build/icyphy/ptII/ptolemy/actor/lib/test/auto/Assert2.xml
3 ms. Memory: 581632K Free: 164880K (28%)
----------------- Invoking toplevel() on ptolemy.moml.MoMLSimpleApplication@6dc5993
----------------- Done invoking toplevel() on ptolemy.moml.MoMLSimpleApplication@6dc5993
reloadAllAccessors: .Assert2

===========================================================================================
----------------- testing Wed Jun 12 04:30:31 UTC 2019 /home/travis/build/icyphy/ptII/ptolemy/actor/lib/test/auto/BooleanMultiplexor.xml
----------------- Instantiating /home/travis/build/icyphy/ptII/ptolemy/actor/lib/test/auto/BooleanMultiplexor.xml
2 ms. Memory: 581632K Free: 158388K (27%)
----------------- Invoking toplevel() on ptolemy.moml.MoMLSimpleApplication@2d11ed4d
----------------- Done invoking toplevel() on ptolemy.moml.MoMLSimpleApplication@2d11ed4d
reloadAllAccessors: .BooleanMultiplexor

===========================================================================================
----------------- testing Wed Jun 12 04:30:31 UTC 2019 /home/travis/build/icyphy/ptII/ptolemy/actor/lib/test/auto/BooleanMultiplexor2.xml
----------------- Instantiating /home/travis/build/icyphy/ptII/ptolemy/actor/lib/test/auto/BooleanMultiplexor2.xml
3 ms. Memory: 581632K Free: 148634K (26%)
----------------- Invoking toplevel() on ptolemy.moml.MoMLSimpleApplication@7ee5a73a
----------------- Done invoking toplevel() on ptolemy.moml.MoMLSimpleApplication@7ee5a73a
reloadAllAccessors: .BooleanMultiplexor2

===========================================================================================
----------------- testing Wed Jun 12 04:30:31 UTC 2019 /home/travis/build/icyphy/ptII/ptolemy/actor/lib/test/auto/BooleanMultiplexor3.xml
----------------- Instantiating /home/travis/build/icyphy/ptII/ptolemy/actor/lib/test/auto/BooleanMultiplexor3.xml
2 ms. Memory: 581632K Free: 142142K (24%)
----------------- Invoking toplevel() on ptolemy.moml.MoMLSimpleApplication@5454f09
----------------- Done invoking toplevel() on ptolemy.moml.MoMLSimpleApplication@5454f09
reloadAllAccessors: .BooleanMultiplexor3

===========================================================================================
----------------- testing Wed Jun 12 04:30:31 UTC 2019 /home/travis/build/icyphy/ptII/ptolemy/actor/lib/test/auto/BooleanSelect.xml
----------------- Instantiating /home/travis/build/icyphy/ptII/ptolemy/actor/lib/test/auto/BooleanSelect.xml
6 ms. Memory: 581632K Free: 124424K (21%)
----------------- Invoking toplevel() on ptolemy.moml.MoMLSimpleApplication@74c18cb1
----------------- Done invoking toplevel() on ptolemy.moml.MoMLSimpleApplication@74c18cb1
reloadAllAccessors: .BooleanSelect

===========================================================================================
----------------- testing Wed Jun 12 04:30:31 UTC 2019 /home/travis/build/icyphy/ptII/ptolemy/actor/lib/test/auto/BooleanSelect2.xml
----------------- Instantiating /home/travis/build/icyphy/ptII/ptolemy/actor/lib/test/auto/BooleanSelect2.xml
1 ms. Memory: 581632K Free: 117932K (20%)
----------------- Invoking toplevel() on ptolemy.moml.MoMLSimpleApplication@7016a9f3
----------------- Done invoking toplevel() on ptolemy.moml.MoMLSimpleApplication@7016a9f3
reloadAllAccessors: .BooleanSelect2

===========================================================================================
----------------- testing Wed Jun 12 04:30:31 UTC 2019 /home/travis/build/icyphy/ptII/ptolemy/actor/lib/test/auto/BooleanSwitch.xml
----------------- Instantiating /home/travis/build/icyphy/ptII/ptolemy/actor/lib/test/auto/BooleanSwitch.xml
5 ms. Memory: 581632K Free: 108186K (19%)
----------------- Invoking toplevel() on ptolemy.moml.MoMLSimpleApplication@571b970b
----------------- Done invoking toplevel() on ptolemy.moml.MoMLSimpleApplication@571b970b
reloadAllAccessors: .BooleanSwitch

===========================================================================================
----------------- testing Wed Jun 12 04:30:31 UTC 2019 /home/travis/build/icyphy/ptII/ptolemy/actor/lib/test/auto/BooleanSwitch2.xml
----------------- Instantiating /home/travis/build/icyphy/ptII/ptolemy/actor/lib/test/auto/BooleanSwitch2.xml
1 ms. Memory: 581632K Free: 101694K (17%)
----------------- Invoking toplevel() on ptolemy.moml.MoMLSimpleApplication@1250e734
----------------- Done invoking toplevel() on ptolemy.moml.MoMLSimpleApplication@1250e734
reloadAllAccessors: .BooleanSwitch2

===========================================================================================
----------------- testing Wed Jun 12 04:30:31 UTC 2019 /home/travis/build/icyphy/ptII/ptolemy/actor/lib/test/auto/BooleanSwitchCloningBugWithClassRelationGroup.xml
----------------- Instantiating /home/travis/build/icyphy/ptII/ptolemy/actor/lib/test/auto/BooleanSwitchCloningBugWithClassRelationGroup.xml
2 ms. Memory: 581632K Free: 83976K (14%)
----------------- Invoking toplevel() on ptolemy.moml.MoMLSimpleApplication@14149bd9
----------------- Done invoking toplevel() on ptolemy.moml.MoMLSimpleApplication@14149bd9
reloadAllAccessors: .BooleanSwitchCloningBugWithClassRelationGroup

===========================================================================================
----------------- testing Wed Jun 12 04:30:31 UTC 2019 /home/travis/build/icyphy/ptII/ptolemy/actor/lib/test/auto/BusActors.xml
----------------- Instantiating /home/travis/build/icyphy/ptII/ptolemy/actor/lib/test/auto/BusActors.xml
3 ms. Memory: 581632K Free: 74222K (13%)
----------------- Invoking toplevel() on ptolemy.moml.MoMLSimpleApplication@7f90f9d4
----------------- Done invoking toplevel() on ptolemy.moml.MoMLSimpleApplication@7f90f9d4
reloadAllAccessors: .BusActors

===========================================================================================
----------------- testing Wed Jun 12 04:30:31 UTC 2019 /home/travis/build/icyphy/ptII/ptolemy/actor/lib/test/auto/ClassWrapper.xml
----------------- Instantiating /home/travis/build/icyphy/ptII/ptolemy/actor/lib/test/auto/ClassWrapper.xml
2 ms. Memory: 581632K Free: 67730K (12%)
----------------- Invoking toplevel() on ptolemy.moml.MoMLSimpleApplication@70106439
----------------- Done invoking toplevel() on ptolemy.moml.MoMLSimpleApplication@70106439
reloadAllAccessors: .ClassWrapper

===========================================================================================
----------------- testing Wed Jun 12 04:30:31 UTC 2019 /home/travis/build/icyphy/ptII/ptolemy/actor/lib/test/auto/Clock.xml
----------------- Instantiating /home/travis/build/icyphy/ptII/ptolemy/actor/lib/test/auto/Clock.xml
4 ms. Memory: 581632K Free: 54554K (9%)
----------------- Invoking toplevel() on ptolemy.moml.MoMLSimpleApplication@7ea77b68
----------------- Done invoking toplevel() on ptolemy.moml.MoMLSimpleApplication@7ea77b68
reloadAllAccessors: .Clock

===========================================================================================
----------------- testing Wed Jun 12 04:30:31 UTC 2019 /home/travis/build/icyphy/ptII/ptolemy/actor/lib/test/auto/Clock10.xml
----------------- Instantiating /home/travis/build/icyphy/ptII/ptolemy/actor/lib/test/auto/Clock10.xml
4 ms. Memory: 880128K Free: 828662K (94%)
----------------- Invoking toplevel() on ptolemy.moml.MoMLSimpleApplication@52388db5
----------------- Done invoking toplevel() on ptolemy.moml.MoMLSimpleApplication@52388db5
reloadAllAccessors: .Clock10

===========================================================================================
----------------- testing Wed Jun 12 04:30:32 UTC 2019 /home/travis/build/icyphy/ptII/ptolemy/actor/lib/test/auto/Clock11.xml
----------------- Instantiating /home/travis/build/icyphy/ptII/ptolemy/actor/lib/test/auto/Clock11.xml
6 ms. Memory: 880128K Free: 809003K (92%)
----------------- Invoking toplevel() on ptolemy.moml.MoMLSimpleApplication@1a6f801a
----------------- Done invoking toplevel() on ptolemy.moml.MoMLSimpleApplication@1a6f801a
reloadAllAccessors: .Clock11

===========================================================================================
----------------- testing Wed Jun 12 04:30:32 UTC 2019 /home/travis/build/icyphy/ptII/ptolemy/actor/lib/test/auto/Clock12.xml
----------------- Instantiating /home/travis/build/icyphy/ptII/ptolemy/actor/lib/test/auto/Clock12.xml
5 ms. Memory: 880128K Free: 798613K (91%)
----------------- Invoking toplevel() on ptolemy.moml.MoMLSimpleApplication@6de5313e
----------------- Done invoking toplevel() on ptolemy.moml.MoMLSimpleApplication@6de5313e
reloadAllAccessors: .Clock12

===========================================================================================
----------------- testing Wed Jun 12 04:30:32 UTC 2019 /home/travis/build/icyphy/ptII/ptolemy/actor/lib/test/auto/Clock13.xml
----------------- Instantiating /home/travis/build/icyphy/ptII/ptolemy/actor/lib/test/auto/Clock13.xml
9 ms. Memory: 880128K Free: 788223K (90%)
----------------- Invoking toplevel() on ptolemy.moml.MoMLSimpleApplication@43c23171
----------------- Done invoking toplevel() on ptolemy.moml.MoMLSimpleApplication@43c23171
reloadAllAccessors: .Clock13

===========================================================================================
----------------- testing Wed Jun 12 04:30:32 UTC 2019 /home/travis/build/icyphy/ptII/ptolemy/actor/lib/test/auto/Clock14.xml
----------------- Instantiating /home/travis/build/icyphy/ptII/ptolemy/actor/lib/test/auto/Clock14.xml
8 ms. Memory: 880128K Free: 777832K (88%)
----------------- Invoking toplevel() on ptolemy.moml.MoMLSimpleApplication@6240314f
----------------- Done invoking toplevel() on ptolemy.moml.MoMLSimpleApplication@6240314f
reloadAllAccessors: .Clock14

===========================================================================================
----------------- testing Wed Jun 12 04:30:32 UTC 2019 /home/travis/build/icyphy/ptII/ptolemy/actor/lib/test/auto/Clock15.xml
----------------- Instantiating /home/travis/build/icyphy/ptII/ptolemy/actor/lib/test/auto/Clock15.xml
6 ms. Memory: 880128K Free: 758173K (86%)
----------------- Invoking toplevel() on ptolemy.moml.MoMLSimpleApplication@54ceb9ab
----------------- Done invoking toplevel() on ptolemy.moml.MoMLSimpleApplication@54ceb9ab
reloadAllAccessors: .Clock15

===========================================================================================
----------------- testing Wed Jun 12 04:30:32 UTC 2019 /home/travis/build/icyphy/ptII/ptolemy/actor/lib/test/auto/Clock16.xml
----------------- Instantiating /home/travis/build/icyphy/ptII/ptolemy/actor/lib/test/auto/Clock16.xml
25 ms. Memory: 880128K Free: 742572K (84%)
----------------- Invoking toplevel() on ptolemy.moml.MoMLSimpleApplication@4ff3e28e
----------------- Done invoking toplevel() on ptolemy.moml.MoMLSimpleApplication@4ff3e28e
reloadAllAccessors: .Clock16

===========================================================================================
----------------- testing Wed Jun 12 04:30:32 UTC 2019 /home/travis/build/icyphy/ptII/ptolemy/actor/lib/test/auto/Clock17.xml
----------------- Instantiating /home/travis/build/icyphy/ptII/ptolemy/actor/lib/test/auto/Clock17.xml
26 ms. Memory: 880128K Free: 726970K (83%)
----------------- Invoking toplevel() on ptolemy.moml.MoMLSimpleApplication@67c382e1
----------------- Done invoking toplevel() on ptolemy.moml.MoMLSimpleApplication@67c382e1
reloadAllAccessors: .Clock17

===========================================================================================
----------------- testing Wed Jun 12 04:30:32 UTC 2019 /home/travis/build/icyphy/ptII/ptolemy/actor/lib/test/auto/Clock18.xml
----------------- Instantiating /home/travis/build/icyphy/ptII/ptolemy/actor/lib/test/auto/Clock18.xml
25 ms. Memory: 880128K Free: 711369K (81%)
----------------- Invoking toplevel() on ptolemy.moml.MoMLSimpleApplication@3ca0b80e
----------------- Done invoking toplevel() on ptolemy.moml.MoMLSimpleApplication@3ca0b80e
reloadAllAccessors: .Clock18

===========================================================================================
----------------- testing Wed Jun 12 04:30:32 UTC 2019 /home/travis/build/icyphy/ptII/ptolemy/actor/lib/test/auto/Clock19.xml
----------------- Instantiating /home/travis/build/icyphy/ptII/ptolemy/actor/lib/test/auto/Clock19.xml
18 ms. Memory: 880128K Free: 686507K (78%)
----------------- Invoking toplevel() on ptolemy.moml.MoMLSimpleApplication@6f32422e
----------------- Done invoking toplevel() on ptolemy.moml.MoMLSimpleApplication@6f32422e
reloadAllAccessors: .Clock19

===========================================================================================
----------------- testing Wed Jun 12 04:30:32 UTC 2019 /home/travis/build/icyphy/ptII/ptolemy/actor/lib/test/auto/Clock2.xml
----------------- Instantiating /home/travis/build/icyphy/ptII/ptolemy/actor/lib/test/auto/Clock2.xml
10 ms. Memory: 880128K Free: 676116K (77%)
----------------- Invoking toplevel() on ptolemy.moml.MoMLSimpleApplication@488669e0
----------------- Done invoking toplevel() on ptolemy.moml.MoMLSimpleApplication@488669e0
reloadAllAccessors: .Clock2

===========================================================================================
----------------- testing Wed Jun 12 04:30:32 UTC 2019 /home/travis/build/icyphy/ptII/ptolemy/actor/lib/test/auto/Clock20.xml
----------------- Instantiating /home/travis/build/icyphy/ptII/ptolemy/actor/lib/test/auto/Clock20.xml
11 ms. Memory: 880128K Free: 665726K (76%)
----------------- Invoking toplevel() on ptolemy.moml.MoMLSimpleApplication@52e79629
----------------- Done invoking toplevel() on ptolemy.moml.MoMLSimpleApplication@52e79629
reloadAllAccessors: .Clock20

===========================================================================================
----------------- testing Wed Jun 12 04:30:32 UTC 2019 /home/travis/build/icyphy/ptII/ptolemy/actor/lib/test/auto/Clock21.xml
----------------- Instantiating /home/travis/build/icyphy/ptII/ptolemy/actor/lib/test/auto/Clock21.xml
7 ms. Memory: 880128K Free: 655336K (74%)
----------------- Invoking toplevel() on ptolemy.moml.MoMLSimpleApplication@17b374b5
----------------- Done invoking toplevel() on ptolemy.moml.MoMLSimpleApplication@17b374b5
reloadAllAccessors: .Clock21

===========================================================================================
----------------- testing Wed Jun 12 04:30:32 UTC 2019 /home/travis/build/icyphy/ptII/ptolemy/actor/lib/test/auto/Clock22.xml
----------------- Instantiating /home/travis/build/icyphy/ptII/ptolemy/actor/lib/test/auto/Clock22.xml
7 ms. Memory: 880128K Free: 635677K (72%)
----------------- Invoking toplevel() on ptolemy.moml.MoMLSimpleApplication@7d54a7af
----------------- Done invoking toplevel() on ptolemy.moml.MoMLSimpleApplication@7d54a7af
reloadAllAccessors: .Clock22

===========================================================================================
----------------- testing Wed Jun 12 04:30:32 UTC 2019 /home/travis/build/icyphy/ptII/ptolemy/actor/lib/test/auto/Clock23.xml
----------------- Instantiating /home/travis/build/icyphy/ptII/ptolemy/actor/lib/test/auto/Clock23.xml
6 ms. Memory: 880128K Free: 625287K (71%)
----------------- Invoking toplevel() on ptolemy.moml.MoMLSimpleApplication@4f1e4516
----------------- Done invoking toplevel() on ptolemy.moml.MoMLSimpleApplication@4f1e4516
reloadAllAccessors: .Clock23

===========================================================================================
----------------- testing Wed Jun 12 04:30:32 UTC 2019 /home/travis/build/icyphy/ptII/ptolemy/actor/lib/test/auto/Clock24.xml
----------------- Instantiating /home/travis/build/icyphy/ptII/ptolemy/actor/lib/test/auto/Clock24.xml
7 ms. Memory: 880128K Free: 614897K (70%)
----------------- Invoking toplevel() on ptolemy.moml.MoMLSimpleApplication@85ed1e7
----------------- Done invoking toplevel() on ptolemy.moml.MoMLSimpleApplication@85ed1e7
reloadAllAccessors: .Clock24

===========================================================================================
----------------- testing Wed Jun 12 04:30:32 UTC 2019 /home/travis/build/icyphy/ptII/ptolemy/actor/lib/test/auto/Clock4.xml
----------------- Instantiating /home/travis/build/icyphy/ptII/ptolemy/actor/lib/test/auto/Clock4.xml
4 ms. Memory: 880128K Free: 604506K (69%)
----------------- Invoking toplevel() on ptolemy.moml.MoMLSimpleApplication@56b91f88
----------------- Done invoking toplevel() on ptolemy.moml.MoMLSimpleApplication@56b91f88
reloadAllAccessors: .Clock4

===========================================================================================
----------------- testing Wed Jun 12 04:30:32 UTC 2019 /home/travis/build/icyphy/ptII/ptolemy/actor/lib/test/auto/Clock5.xml
----------------- Instantiating /home/travis/build/icyphy/ptII/ptolemy/actor/lib/test/auto/Clock5.xml
2 ms. Memory: 880128K Free: 584847K (66%)
----------------- Invoking toplevel() on ptolemy.moml.MoMLSimpleApplication@55047562
----------------- Done invoking toplevel() on ptolemy.moml.MoMLSimpleApplication@55047562
reloadAllAccessors: .Clock5

===========================================================================================
----------------- testing Wed Jun 12 04:30:32 UTC 2019 /home/travis/build/icyphy/ptII/ptolemy/actor/lib/test/auto/Clock6.xml
----------------- Instantiating /home/travis/build/icyphy/ptII/ptolemy/actor/lib/test/auto/Clock6.xml
3 ms. Memory: 880128K Free: 574457K (65%)
----------------- Invoking toplevel() on ptolemy.moml.MoMLSimpleApplication@7ccdc7e3
----------------- Done invoking toplevel() on ptolemy.moml.MoMLSimpleApplication@7ccdc7e3
reloadAllAccessors: .Clock6

===========================================================================================
----------------- testing Wed Jun 12 04:30:32 UTC 2019 /home/travis/build/icyphy/ptII/ptolemy/actor/lib/test/auto/Clock7.xml
----------------- Instantiating /home/travis/build/icyphy/ptII/ptolemy/actor/lib/test/auto/Clock7.xml
2 ms. Memory: 880128K Free: 564066K (64%)
----------------- Invoking toplevel() on ptolemy.moml.MoMLSimpleApplication@41e3fce9
----------------- Done invoking toplevel() on ptolemy.moml.MoMLSimpleApplication@41e3fce9
reloadAllAccessors: .Clock7

===========================================================================================
----------------- testing Wed Jun 12 04:30:32 UTC 2019 /home/travis/build/icyphy/ptII/ptolemy/actor/lib/test/auto/Clock8.xml
----------------- Instantiating /home/travis/build/icyphy/ptII/ptolemy/actor/lib/test/auto/Clock8.xml
6 ms. Memory: 880128K Free: 553676K (63%)
----------------- Invoking toplevel() on ptolemy.moml.MoMLSimpleApplication@40f560bf
----------------- Done invoking toplevel() on ptolemy.moml.MoMLSimpleApplication@40f560bf
reloadAllAccessors: .Clock8

===========================================================================================
----------------- testing Wed Jun 12 04:30:32 UTC 2019 /home/travis/build/icyphy/ptII/ptolemy/actor/lib/test/auto/Clock9.xml
----------------- Instantiating /home/travis/build/icyphy/ptII/ptolemy/actor/lib/test/auto/Clock9.xml
8 ms. Memory: 880128K Free: 534017K (61%)
----------------- Invoking toplevel() on ptolemy.moml.MoMLSimpleApplication@39475380
----------------- Done invoking toplevel() on ptolemy.moml.MoMLSimpleApplication@39475380
reloadAllAccessors: .Clock9

===========================================================================================
----------------- testing Wed Jun 12 04:30:32 UTC 2019 /home/travis/build/icyphy/ptII/ptolemy/actor/lib/test/auto/CommDistDiscard.xml
----------------- Instantiating /home/travis/build/icyphy/ptII/ptolemy/actor/lib/test/auto/CommDistDiscard.xml
4 ms. Memory: 880128K Free: 523627K (59%)
----------------- Invoking toplevel() on ptolemy.moml.MoMLSimpleApplication@42ee2400
----------------- Done invoking toplevel() on ptolemy.moml.MoMLSimpleApplication@42ee2400
reloadAllAccessors: .CommDistDiscard

===========================================================================================
----------------- testing Wed Jun 12 04:30:32 UTC 2019 /home/travis/build/icyphy/ptII/ptolemy/actor/lib/test/auto/Commutator.xml
----------------- Instantiating /home/travis/build/icyphy/ptII/ptolemy/actor/lib/test/auto/Commutator.xml
3 ms. Memory: 880128K Free: 513237K (58%)
----------------- Invoking toplevel() on ptolemy.moml.MoMLSimpleApplication@e8d2044
----------------- Done invoking toplevel() on ptolemy.moml.MoMLSimpleApplication@e8d2044
reloadAllAccessors: .Commutator

===========================================================================================
----------------- testing Wed Jun 12 04:30:32 UTC 2019 /home/travis/build/icyphy/ptII/ptolemy/actor/lib/test/auto/Commutator2.xml
----------------- Instantiating /home/travis/build/icyphy/ptII/ptolemy/actor/lib/test/auto/Commutator2.xml
1 ms. Memory: 880128K Free: 502847K (57%)
----------------- Invoking toplevel() on ptolemy.moml.MoMLSimpleApplication@386b16d1
----------------- Done invoking toplevel() on ptolemy.moml.MoMLSimpleApplication@386b16d1
reloadAllAccessors: .Commutator2

===========================================================================================
----------------- testing Wed Jun 12 04:30:32 UTC 2019 /home/travis/build/icyphy/ptII/ptolemy/actor/lib/test/auto/Commutator3.xml
----------------- Instantiating /home/travis/build/icyphy/ptII/ptolemy/actor/lib/test/auto/Commutator3.xml
2 ms. Memory: 880128K Free: 483187K (55%)
----------------- Invoking toplevel() on ptolemy.moml.MoMLSimpleApplication@36aac1fd
----------------- Done invoking toplevel() on ptolemy.moml.MoMLSimpleApplication@36aac1fd
reloadAllAccessors: .Commutator3

===========================================================================================
----------------- testing Wed Jun 12 04:30:32 UTC 2019 /home/travis/build/icyphy/ptII/ptolemy/actor/lib/test/auto/Compare.xml
----------------- Instantiating /home/travis/build/icyphy/ptII/ptolemy/actor/lib/test/auto/Compare.xml
2 ms. Memory: 880128K Free: 472797K (54%)
----------------- Invoking toplevel() on ptolemy.moml.MoMLSimpleApplication@1b7c6270
----------------- Done invoking toplevel() on ptolemy.moml.MoMLSimpleApplication@1b7c6270
reloadAllAccessors: .Compare

===========================================================================================
----------------- testing Wed Jun 12 04:30:32 UTC 2019 /home/travis/build/icyphy/ptII/ptolemy/actor/lib/test/auto/CompareDE.xml
----------------- Instantiating /home/travis/build/icyphy/ptII/ptolemy/actor/lib/test/auto/CompareDE.xml
3 ms. Memory: 880128K Free: 462407K (53%)
----------------- Invoking toplevel() on ptolemy.moml.MoMLSimpleApplication@65bc583a
----------------- Done invoking toplevel() on ptolemy.moml.MoMLSimpleApplication@65bc583a
reloadAllAccessors: .CompareDE

===========================================================================================
----------------- testing Wed Jun 12 04:30:32 UTC 2019 /home/travis/build/icyphy/ptII/ptolemy/actor/lib/test/auto/ComplexDivide.xml
----------------- Instantiating /home/travis/build/icyphy/ptII/ptolemy/actor/lib/test/auto/ComplexDivide.xml
1 ms. Memory: 880128K Free: 452017K (51%)
----------------- Invoking toplevel() on ptolemy.moml.MoMLSimpleApplication@2697c97a
----------------- Done invoking toplevel() on ptolemy.moml.MoMLSimpleApplication@2697c97a
reloadAllAccessors: .ComplexDivide

===========================================================================================
----------------- testing Wed Jun 12 04:30:32 UTC 2019 /home/travis/build/icyphy/ptII/ptolemy/actor/lib/test/auto/ComputeHistogram.xml
----------------- Instantiating /home/travis/build/icyphy/ptII/ptolemy/actor/lib/test/auto/ComputeHistogram.xml
37 ms. Memory: 880128K Free: 427154K (49%)
----------------- Invoking toplevel() on ptolemy.moml.MoMLSimpleApplication@63fe3de
----------------- Done invoking toplevel() on ptolemy.moml.MoMLSimpleApplication@63fe3de
reloadAllAccessors: .ComputeHistogram

===========================================================================================
----------------- testing Wed Jun 12 04:30:32 UTC 2019 /home/travis/build/icyphy/ptII/ptolemy/actor/lib/test/auto/ConfigurationSelect.xml
----------------- Instantiating /home/travis/build/icyphy/ptII/ptolemy/actor/lib/test/auto/ConfigurationSelect.xml
3 ms. Memory: 880128K Free: 416764K (47%)
----------------- Invoking toplevel() on ptolemy.moml.MoMLSimpleApplication@5c1cddbf
----------------- Done invoking toplevel() on ptolemy.moml.MoMLSimpleApplication@5c1cddbf
reloadAllAccessors: .ConfigurationSelect

===========================================================================================
----------------- testing Wed Jun 12 04:30:32 UTC 2019 /home/travis/build/icyphy/ptII/ptolemy/actor/lib/test/auto/ConfigurationSelect2.xml
----------------- Instantiating /home/travis/build/icyphy/ptII/ptolemy/actor/lib/test/auto/ConfigurationSelect2.xml
1 ms. Memory: 880128K Free: 406374K (46%)
----------------- Invoking toplevel() on ptolemy.moml.MoMLSimpleApplication@26e6369a
----------------- Done invoking toplevel() on ptolemy.moml.MoMLSimpleApplication@26e6369a
reloadAllAccessors: .ConfigurationSelect2

===========================================================================================
----------------- testing Wed Jun 12 04:30:32 UTC 2019 /home/travis/build/icyphy/ptII/ptolemy/actor/lib/test/auto/ConfigurationSwitch.xml
----------------- Instantiating /home/travis/build/icyphy/ptII/ptolemy/actor/lib/test/auto/ConfigurationSwitch.xml
2 ms. Memory: 880128K Free: 395984K (45%)
----------------- Invoking toplevel() on ptolemy.moml.MoMLSimpleApplication@6570f98a
----------------- Done invoking toplevel() on ptolemy.moml.MoMLSimpleApplication@6570f98a
reloadAllAccessors: .ConfigurationSwitch

===========================================================================================
----------------- testing Wed Jun 12 04:30:32 UTC 2019 /home/travis/build/icyphy/ptII/ptolemy/actor/lib/test/auto/ConfigurationSwitch2.xml
----------------- Instantiating /home/travis/build/icyphy/ptII/ptolemy/actor/lib/test/auto/ConfigurationSwitch2.xml
2 ms. Memory: 880128K Free: 376325K (43%)
----------------- Invoking toplevel() on ptolemy.moml.MoMLSimpleApplication@5dbc95dc
----------------- Done invoking toplevel() on ptolemy.moml.MoMLSimpleApplication@5dbc95dc
reloadAllAccessors: .ConfigurationSwitch2

===========================================================================================
----------------- testing Wed Jun 12 04:30:32 UTC 2019 /home/travis/build/icyphy/ptII/ptolemy/actor/lib/test/auto/ConfigurationSwitchCloningBugWithClassRelationGroup.xml
----------------- Instantiating /home/travis/build/icyphy/ptII/ptolemy/actor/lib/test/auto/ConfigurationSwitchCloningBugWithClassRelationGroup.xml
1 ms. Memory: 880128K Free: 365934K (42%)
----------------- Invoking toplevel() on ptolemy.moml.MoMLSimpleApplication@6dcc5f46
----------------- Done invoking toplevel() on ptolemy.moml.MoMLSimpleApplication@6dcc5f46
reloadAllAccessors: .ConfigurationSwitchCloningBugWithClassRelationGroup

===========================================================================================
----------------- testing Wed Jun 12 04:30:32 UTC 2019 /home/travis/build/icyphy/ptII/ptolemy/actor/lib/test/auto/ConfigurationSwitchSelectSDF.xml
----------------- Instantiating /home/travis/build/icyphy/ptII/ptolemy/actor/lib/test/auto/ConfigurationSwitchSelectSDF.xml
2 ms. Memory: 880128K Free: 355544K (40%)
----------------- Invoking toplevel() on ptolemy.moml.MoMLSimpleApplication@53a8e55b
----------------- Done invoking toplevel() on ptolemy.moml.MoMLSimpleApplication@53a8e55b
reloadAllAccessors: .ConfigurationSwitchSelectSDF

===========================================================================================
----------------- testing Wed Jun 12 04:30:33 UTC 2019 /home/travis/build/icyphy/ptII/ptolemy/actor/lib/test/auto/ConfigurationSwitchSelectSDF2.xml
----------------- Instantiating /home/travis/build/icyphy/ptII/ptolemy/actor/lib/test/auto/ConfigurationSwitchSelectSDF2.xml
2 ms. Memory: 880128K Free: 345154K (39%)
----------------- Invoking toplevel() on ptolemy.moml.MoMLSimpleApplication@3b788972
----------------- Done invoking toplevel() on ptolemy.moml.MoMLSimpleApplication@3b788972
reloadAllAccessors: .ConfigurationSwitchSelectSDF2

===========================================================================================
----------------- testing Wed Jun 12 04:30:33 UTC 2019 /home/travis/build/icyphy/ptII/ptolemy/actor/lib/test/auto/Const.xml
----------------- Instantiating /home/travis/build/icyphy/ptII/ptolemy/actor/lib/test/auto/Const.xml
1 ms. Memory: 880128K Free: 325495K (37%)
----------------- Invoking toplevel() on ptolemy.moml.MoMLSimpleApplication@7a141354
----------------- Done invoking toplevel() on ptolemy.moml.MoMLSimpleApplication@7a141354
reloadAllAccessors: .Const

===========================================================================================
----------------- testing Wed Jun 12 04:30:33 UTC 2019 /home/travis/build/icyphy/ptII/ptolemy/actor/lib/test/auto/Const2.xml
----------------- Instantiating /home/travis/build/icyphy/ptII/ptolemy/actor/lib/test/auto/Const2.xml
2 ms. Memory: 880128K Free: 315105K (36%)
----------------- Invoking toplevel() on ptolemy.moml.MoMLSimpleApplication@5b64e0b8
----------------- Done invoking toplevel() on ptolemy.moml.MoMLSimpleApplication@5b64e0b8
reloadAllAccessors: .Const2

===========================================================================================
----------------- testing Wed Jun 12 04:30:33 UTC 2019 /home/travis/build/icyphy/ptII/ptolemy/actor/lib/test/auto/Const3.xml
----------------- Instantiating /home/travis/build/icyphy/ptII/ptolemy/actor/lib/test/auto/Const3.xml
1 ms. Memory: 880128K Free: 304715K (35%)
----------------- Invoking toplevel() on ptolemy.moml.MoMLSimpleApplication@534414e9
----------------- Done invoking toplevel() on ptolemy.moml.MoMLSimpleApplication@534414e9
reloadAllAccessors: .Const3

===========================================================================================
----------------- testing Wed Jun 12 04:30:33 UTC 2019 /home/travis/build/icyphy/ptII/ptolemy/actor/lib/test/auto/ConstantPublisherPort1.xml
----------------- Instantiating /home/travis/build/icyphy/ptII/ptolemy/actor/lib/test/auto/ConstantPublisherPort1.xml
9 ms. Memory: 880128K Free: 289121K (33%)
----------------- Invoking toplevel() on ptolemy.moml.MoMLSimpleApplication@1728ada2
----------------- Done invoking toplevel() on ptolemy.moml.MoMLSimpleApplication@1728ada2
reloadAllAccessors: .ConstantPublisherPort1

===========================================================================================
----------------- testing Wed Jun 12 04:30:33 UTC 2019 /home/travis/build/icyphy/ptII/ptolemy/actor/lib/test/auto/ConstantPublisherPort2.xml
----------------- Instantiating /home/travis/build/icyphy/ptII/ptolemy/actor/lib/test/auto/ConstantPublisherPort2.xml
9 ms. Memory: 880128K Free: 269462K (31%)
----------------- Invoking toplevel() on ptolemy.moml.MoMLSimpleApplication@131381f6
----------------- Done invoking toplevel() on ptolemy.moml.MoMLSimpleApplication@131381f6
reloadAllAccessors: .ConstantPublisherPort2

===========================================================================================
----------------- testing Wed Jun 12 04:30:33 UTC 2019 /home/travis/build/icyphy/ptII/ptolemy/actor/lib/test/auto/ConstantPublisherPort3.xml
----------------- Instantiating /home/travis/build/icyphy/ptII/ptolemy/actor/lib/test/auto/ConstantPublisherPort3.xml
5 ms. Memory: 880128K Free: 259072K (29%)
----------------- Invoking toplevel() on ptolemy.moml.MoMLSimpleApplication@3e8f632d
----------------- Done invoking toplevel() on ptolemy.moml.MoMLSimpleApplication@3e8f632d
reloadAllAccessors: .ConstantPublisherPort3

===========================================================================================
----------------- testing Wed Jun 12 04:30:33 UTC 2019 /home/travis/build/icyphy/ptII/ptolemy/actor/lib/test/auto/ConstantPublisherPort4.xml
----------------- Instantiating /home/travis/build/icyphy/ptII/ptolemy/actor/lib/test/auto/ConstantPublisherPort4.xml
3 ms. Memory: 880128K Free: 248682K (28%)
----------------- Invoking toplevel() on ptolemy.moml.MoMLSimpleApplication@5965f917
----------------- Done invoking toplevel() on ptolemy.moml.MoMLSimpleApplication@5965f917
reloadAllAccessors: .ConstantPublisherPort4

===========================================================================================
----------------- testing Wed Jun 12 04:30:33 UTC 2019 /home/travis/build/icyphy/ptII/ptolemy/actor/lib/test/auto/ConstantPublisherPort5.xml
----------------- Instantiating /home/travis/build/icyphy/ptII/ptolemy/actor/lib/test/auto/ConstantPublisherPort5.xml
32 ms. Memory: 880128K Free: 222706K (25%)
----------------- Invoking toplevel() on ptolemy.moml.MoMLSimpleApplication@7ee5f704
----------------- Done invoking toplevel() on ptolemy.moml.MoMLSimpleApplication@7ee5f704
reloadAllAccessors: .ConstantPublisherPort5

===========================================================================================
----------------- testing Wed Jun 12 04:30:33 UTC 2019 /home/travis/build/icyphy/ptII/ptolemy/actor/lib/test/auto/ConstantPublisherPort6.xml
----------------- Instantiating /home/travis/build/icyphy/ptII/ptolemy/actor/lib/test/auto/ConstantPublisherPort6.xml
14 ms. Memory: 880128K Free: 196731K (22%)
----------------- Invoking toplevel() on ptolemy.moml.MoMLSimpleApplication@25122432
----------------- Done invoking toplevel() on ptolemy.moml.MoMLSimpleApplication@25122432
reloadAllAccessors: .ConstantPublisherPort6

===========================================================================================
----------------- testing Wed Jun 12 04:30:33 UTC 2019 /home/travis/build/icyphy/ptII/ptolemy/actor/lib/test/auto/ConstantPublisherPort7.xml
----------------- Instantiating /home/travis/build/icyphy/ptII/ptolemy/actor/lib/test/auto/ConstantPublisherPort7.xml
15 ms. Memory: 880128K Free: 161486K (18%)
----------------- Invoking toplevel() on ptolemy.moml.MoMLSimpleApplication@101cb011
----------------- Done invoking toplevel() on ptolemy.moml.MoMLSimpleApplication@101cb011
reloadAllAccessors: .ConstantPublisherPort7

===========================================================================================
----------------- testing Wed Jun 12 04:30:33 UTC 2019 /home/travis/build/icyphy/ptII/ptolemy/actor/lib/test/auto/ConstraintMonitor1.xml
----------------- Instantiating /home/travis/build/icyphy/ptII/ptolemy/actor/lib/test/auto/ConstraintMonitor1.xml
3 ms. Memory: 880128K Free: 146031K (17%)
----------------- Invoking toplevel() on ptolemy.moml.MoMLSimpleApplication@3bd32f2c
----------------- Done invoking toplevel() on ptolemy.moml.MoMLSimpleApplication@3bd32f2c
reloadAllAccessors: .ConstraintMonitor1

===========================================================================================
----------------- testing Wed Jun 12 04:30:33 UTC 2019 /home/travis/build/icyphy/ptII/ptolemy/actor/lib/test/auto/ConstraintMonitor2.xml
----------------- Instantiating /home/travis/build/icyphy/ptII/ptolemy/actor/lib/test/auto/ConstraintMonitor2.xml
2 ms. Memory: 880128K Free: 135641K (15%)
----------------- Invoking toplevel() on ptolemy.moml.MoMLSimpleApplication@3475f123
----------------- Done invoking toplevel() on ptolemy.moml.MoMLSimpleApplication@3475f123
reloadAllAccessors: .ConstraintMonitor2

===========================================================================================
----------------- testing Wed Jun 12 04:30:33 UTC 2019 /home/travis/build/icyphy/ptII/ptolemy/actor/lib/test/auto/ConstraintMonitor3.xml
----------------- Instantiating /home/travis/build/icyphy/ptII/ptolemy/actor/lib/test/auto/ConstraintMonitor3.xml
3 ms. Memory: 880128K Free: 125250K (14%)
----------------- Invoking toplevel() on ptolemy.moml.MoMLSimpleApplication@1b4ad2c0
----------------- Done invoking toplevel() on ptolemy.moml.MoMLSimpleApplication@1b4ad2c0
reloadAllAccessors: .ConstraintMonitor3

===========================================================================================
----------------- testing Wed Jun 12 04:30:33 UTC 2019 /home/travis/build/icyphy/ptII/ptolemy/actor/lib/test/auto/ConstraintMonitor4.xml
----------------- Instantiating /home/travis/build/icyphy/ptII/ptolemy/actor/lib/test/auto/ConstraintMonitor4.xml
2 ms. Memory: 880128K Free: 105591K (12%)
----------------- Invoking toplevel() on ptolemy.moml.MoMLSimpleApplication@e8ee364
----------------- Done invoking toplevel() on ptolemy.moml.MoMLSimpleApplication@e8ee364
reloadAllAccessors: .ConstraintMonitor4

===========================================================================================
----------------- testing Wed Jun 12 04:30:33 UTC 2019 /home/travis/build/icyphy/ptII/ptolemy/actor/lib/test/auto/ConstraintMonitor5.xml
----------------- Instantiating /home/travis/build/icyphy/ptII/ptolemy/actor/lib/test/auto/ConstraintMonitor5.xml
2 ms. Memory: 880128K Free: 95201K (11%)
----------------- Invoking toplevel() on ptolemy.moml.MoMLSimpleApplication@7a0a5482
----------------- Done invoking toplevel() on ptolemy.moml.MoMLSimpleApplication@7a0a5482
reloadAllAccessors: .ConstraintMonitor5

===========================================================================================
----------------- testing Wed Jun 12 04:30:33 UTC 2019 /home/travis/build/icyphy/ptII/ptolemy/actor/lib/test/auto/ConstraintMonitor6.xml
----------------- Instantiating /home/travis/build/icyphy/ptII/ptolemy/actor/lib/test/auto/ConstraintMonitor6.xml
8 ms. Memory: 880128K Free: 84811K (10%)
----------------- Invoking toplevel() on ptolemy.moml.MoMLSimpleApplication@4edc1fb7
----------------- Done invoking toplevel() on ptolemy.moml.MoMLSimpleApplication@4edc1fb7
reloadAllAccessors: .ConstraintMonitor6

===========================================================================================
----------------- testing Wed Jun 12 04:30:33 UTC 2019 /home/travis/build/icyphy/ptII/ptolemy/actor/lib/test/auto/ConstraintMonitor7.xml
----------------- Instantiating /home/travis/build/icyphy/ptII/ptolemy/actor/lib/test/auto/ConstraintMonitor7.xml
7 ms. Memory: 880128K Free: 74421K (8%)
----------------- Invoking toplevel() on ptolemy.moml.MoMLSimpleApplication@6c0c4267
----------------- Done invoking toplevel() on ptolemy.moml.MoMLSimpleApplication@6c0c4267
reloadAllAccessors: .ConstraintMonitor7

===========================================================================================
----------------- testing Wed Jun 12 04:30:33 UTC 2019 /home/travis/build/icyphy/ptII/ptolemy/actor/lib/test/auto/ConstraintMonitor8.xml
----------------- Instantiating /home/travis/build/icyphy/ptII/ptolemy/actor/lib/test/auto/ConstraintMonitor8.xml
40 ms. Memory: 881152K Free: 831965K (94%)
----------------- Invoking toplevel() on ptolemy.moml.MoMLSimpleApplication@217270af
----------------- Done invoking toplevel() on ptolemy.moml.MoMLSimpleApplication@217270af
reloadAllAccessors: .ConstraintMonitor8

===========================================================================================
----------------- testing Wed Jun 12 04:30:33 UTC 2019 /home/travis/build/icyphy/ptII/ptolemy/actor/lib/test/auto/Counter.xml
----------------- Instantiating /home/travis/build/icyphy/ptII/ptolemy/actor/lib/test/auto/Counter.xml
3 ms. Memory: 881152K Free: 814581K (92%)
----------------- Invoking toplevel() on ptolemy.moml.MoMLSimpleApplication@5bba22b2
----------------- Done invoking toplevel() on ptolemy.moml.MoMLSimpleApplication@5bba22b2
reloadAllAccessors: .Counter

===========================================================================================
----------------- testing Wed Jun 12 04:30:33 UTC 2019 /home/travis/build/icyphy/ptII/ptolemy/actor/lib/test/auto/CurrentTimeSDF.xml
----------------- Instantiating /home/travis/build/icyphy/ptII/ptolemy/actor/lib/test/auto/CurrentTimeSDF.xml
2 ms. Memory: 881152K Free: 806788K (92%)
----------------- Invoking toplevel() on ptolemy.moml.MoMLSimpleApplication@3de76ddf
----------------- Done invoking toplevel() on ptolemy.moml.MoMLSimpleApplication@3de76ddf
reloadAllAccessors: .CurrentTimeSDF

===========================================================================================
----------------- testing Wed Jun 12 04:30:33 UTC 2019 /home/travis/build/icyphy/ptII/ptolemy/actor/lib/test/auto/DB.xml
----------------- Instantiating /home/travis/build/icyphy/ptII/ptolemy/actor/lib/test/auto/DB.xml
3 ms. Memory: 881152K Free: 792107K (90%)
----------------- Invoking toplevel() on ptolemy.moml.MoMLSimpleApplication@59126e2d
----------------- Done invoking toplevel() on ptolemy.moml.MoMLSimpleApplication@59126e2d
reloadAllAccessors: .DB

===========================================================================================
----------------- testing Wed Jun 12 04:30:33 UTC 2019 /home/travis/build/icyphy/ptII/ptolemy/actor/lib/test/auto/DBDE.xml
----------------- Instantiating /home/travis/build/icyphy/ptII/ptolemy/actor/lib/test/auto/DBDE.xml
4 ms. Memory: 881152K Free: 784314K (89%)
----------------- Invoking toplevel() on ptolemy.moml.MoMLSimpleApplication@2c29d818
----------------- Done invoking toplevel() on ptolemy.moml.MoMLSimpleApplication@2c29d818
reloadAllAccessors: .DBDE

===========================================================================================
----------------- testing Wed Jun 12 04:30:33 UTC 2019 /home/travis/build/icyphy/ptII/ptolemy/actor/lib/test/auto/DateConstructor.xml
----------------- Instantiating /home/travis/build/icyphy/ptII/ptolemy/actor/lib/test/auto/DateConstructor.xml
15 ms. Memory: 881152K Free: 764801K (87%)
----------------- Invoking toplevel() on ptolemy.moml.MoMLSimpleApplication@66c7edf0
----------------- Done invoking toplevel() on ptolemy.moml.MoMLSimpleApplication@66c7edf0
reloadAllAccessors: .DateConstructor

===========================================================================================
----------------- testing Wed Jun 12 04:30:33 UTC 2019 /home/travis/build/icyphy/ptII/ptolemy/actor/lib/test/auto/DelayTime.xml
----------------- Instantiating /home/travis/build/icyphy/ptII/ptolemy/actor/lib/test/auto/DelayTime.xml
3 ms. Memory: 881152K Free: 750119K (85%)
----------------- Invoking toplevel() on ptolemy.moml.MoMLSimpleApplication@1e404820
----------------- Done invoking toplevel() on ptolemy.moml.MoMLSimpleApplication@1e404820
reloadAllAccessors: .DelayTime

===========================================================================================
----------------- testing Wed Jun 12 04:30:33 UTC 2019 /home/travis/build/icyphy/ptII/ptolemy/actor/lib/test/auto/Dictionary1.xml
----------------- Instantiating /home/travis/build/icyphy/ptII/ptolemy/actor/lib/test/auto/Dictionary1.xml
2 ms. Memory: 881152K Free: 742326K (84%)
----------------- Invoking toplevel() on ptolemy.moml.MoMLSimpleApplication@27b00662
----------------- Done invoking toplevel() on ptolemy.moml.MoMLSimpleApplication@27b00662
reloadAllAccessors: .Dictionary1

===========================================================================================
----------------- testing Wed Jun 12 04:30:33 UTC 2019 /home/travis/build/icyphy/ptII/ptolemy/actor/lib/test/auto/Dictionary2.xml
----------------- Instantiating /home/travis/build/icyphy/ptII/ptolemy/actor/lib/test/auto/Dictionary2.xml
3 ms. Memory: 881152K Free: 734534K (83%)
----------------- Invoking toplevel() on ptolemy.moml.MoMLSimpleApplication@7b20ebcc
----------------- Done invoking toplevel() on ptolemy.moml.MoMLSimpleApplication@7b20ebcc
reloadAllAccessors: .Dictionary2

===========================================================================================
----------------- testing Wed Jun 12 04:30:33 UTC 2019 /home/travis/build/icyphy/ptII/ptolemy/actor/lib/test/auto/Dictionary3.xml
----------------- Instantiating /home/travis/build/icyphy/ptII/ptolemy/actor/lib/test/auto/Dictionary3.xml
1 ms. Memory: 881152K Free: 719852K (82%)
----------------- Invoking toplevel() on ptolemy.moml.MoMLSimpleApplication@7247bfdf
----------------- Done invoking toplevel() on ptolemy.moml.MoMLSimpleApplication@7247bfdf
reloadAllAccessors: .Dictionary3

===========================================================================================
----------------- testing Wed Jun 12 04:30:33 UTC 2019 /home/travis/build/icyphy/ptII/ptolemy/actor/lib/test/auto/Dictionary4.xml
----------------- Instantiating /home/travis/build/icyphy/ptII/ptolemy/actor/lib/test/auto/Dictionary4.xml
3 ms. Memory: 881152K Free: 708147K (80%)
----------------- Invoking toplevel() on ptolemy.moml.MoMLSimpleApplication@80be1ea
----------------- Done invoking toplevel() on ptolemy.moml.MoMLSimpleApplication@80be1ea
reloadAllAccessors: .Dictionary4

===========================================================================================
----------------- testing Wed Jun 12 04:30:33 UTC 2019 /home/travis/build/icyphy/ptII/ptolemy/actor/lib/test/auto/Differential.xml
----------------- Instantiating /home/travis/build/icyphy/ptII/ptolemy/actor/lib/test/auto/Differential.xml
3 ms. Memory: 881152K Free: 700355K (79%)
----------------- Invoking toplevel() on ptolemy.moml.MoMLSimpleApplication@2d077b2c
----------------- Done invoking toplevel() on ptolemy.moml.MoMLSimpleApplication@2d077b2c
reloadAllAccessors: .Differential

===========================================================================================
----------------- testing Wed Jun 12 04:30:33 UTC 2019 /home/travis/build/icyphy/ptII/ptolemy/actor/lib/test/auto/Director.xml
----------------- Instantiating /home/travis/build/icyphy/ptII/ptolemy/actor/lib/test/auto/Director.xml
1 ms. Memory: 881152K Free: 685673K (78%)
----------------- Invoking toplevel() on ptolemy.moml.MoMLSimpleApplication@21a899fd
----------------- Done invoking toplevel() on ptolemy.moml.MoMLSimpleApplication@21a899fd
reloadAllAccessors: .Director

===========================================================================================
----------------- testing Wed Jun 12 04:30:33 UTC 2019 /home/travis/build/icyphy/ptII/ptolemy/actor/lib/test/auto/DiscreteClock.xml
----------------- Instantiating /home/travis/build/icyphy/ptII/ptolemy/actor/lib/test/auto/DiscreteClock.xml
1 ms. Memory: 881152K Free: 677880K (77%)
----------------- Invoking toplevel() on ptolemy.moml.MoMLSimpleApplication@3a57aa80
----------------- Done invoking toplevel() on ptolemy.moml.MoMLSimpleApplication@3a57aa80
reloadAllAccessors: .DiscreteClock

===========================================================================================
----------------- testing Wed Jun 12 04:30:33 UTC 2019 /home/travis/build/icyphy/ptII/ptolemy/actor/lib/test/auto/DiscreteClock10.xml
----------------- Instantiating /home/travis/build/icyphy/ptII/ptolemy/actor/lib/test/auto/DiscreteClock10.xml
4 ms. Memory: 881152K Free: 670088K (76%)
----------------- Invoking toplevel() on ptolemy.moml.MoMLSimpleApplication@656c5194
----------------- Done invoking toplevel() on ptolemy.moml.MoMLSimpleApplication@656c5194
reloadAllAccessors: .DiscreteClock10

===========================================================================================
----------------- testing Wed Jun 12 04:30:33 UTC 2019 /home/travis/build/icyphy/ptII/ptolemy/actor/lib/test/auto/DiscreteClock11.xml
----------------- Instantiating /home/travis/build/icyphy/ptII/ptolemy/actor/lib/test/auto/DiscreteClock11.xml
2 ms. Memory: 881152K Free: 655406K (74%)
----------------- Invoking toplevel() on ptolemy.moml.MoMLSimpleApplication@77fc4ebc
----------------- Done invoking toplevel() on ptolemy.moml.MoMLSimpleApplication@77fc4ebc
reloadAllAccessors: .DiscreteClock11

===========================================================================================
----------------- testing Wed Jun 12 04:30:33 UTC 2019 /home/travis/build/icyphy/ptII/ptolemy/actor/lib/test/auto/DiscreteClock12.xml
----------------- Instantiating /home/travis/build/icyphy/ptII/ptolemy/actor/lib/test/auto/DiscreteClock12.xml
2 ms. Memory: 881152K Free: 647614K (73%)
----------------- Invoking toplevel() on ptolemy.moml.MoMLSimpleApplication@1fa6c8e1
----------------- Done invoking toplevel() on ptolemy.moml.MoMLSimpleApplication@1fa6c8e1
reloadAllAccessors: .DiscreteClock12

===========================================================================================
----------------- testing Wed Jun 12 04:30:33 UTC 2019 /home/travis/build/icyphy/ptII/ptolemy/actor/lib/test/auto/DiscreteClock13.xml
----------------- Instantiating /home/travis/build/icyphy/ptII/ptolemy/actor/lib/test/auto/DiscreteClock13.xml
2 ms. Memory: 881152K Free: 639821K (73%)
----------------- Invoking toplevel() on ptolemy.moml.MoMLSimpleApplication@2b71f2f9
----------------- Done invoking toplevel() on ptolemy.moml.MoMLSimpleApplication@2b71f2f9
reloadAllAccessors: .DiscreteClock13

===========================================================================================
----------------- testing Wed Jun 12 04:30:33 UTC 2019 /home/travis/build/icyphy/ptII/ptolemy/actor/lib/test/auto/DiscreteClock14.xml
----------------- Instantiating /home/travis/build/icyphy/ptII/ptolemy/actor/lib/test/auto/DiscreteClock14.xml
5 ms. Memory: 881152K Free: 625140K (71%)
----------------- Invoking toplevel() on ptolemy.moml.MoMLSimpleApplication@4bc9a53b
----------------- Done invoking toplevel() on ptolemy.moml.MoMLSimpleApplication@4bc9a53b
reloadAllAccessors: .DiscreteClock14

===========================================================================================
----------------- testing Wed Jun 12 04:30:33 UTC 2019 /home/travis/build/icyphy/ptII/ptolemy/actor/lib/test/auto/DiscreteClock15.xml
----------------- Instantiating /home/travis/build/icyphy/ptII/ptolemy/actor/lib/test/auto/DiscreteClock15.xml
3 ms. Memory: 881152K Free: 617347K (70%)
----------------- Invoking toplevel() on ptolemy.moml.MoMLSimpleApplication@28a13cbb
----------------- Done invoking toplevel() on ptolemy.moml.MoMLSimpleApplication@28a13cbb
reloadAllAccessors: .DiscreteClock15

===========================================================================================
----------------- testing Wed Jun 12 04:30:33 UTC 2019 /home/travis/build/icyphy/ptII/ptolemy/actor/lib/test/auto/DiscreteClock16.xml
----------------- Instantiating /home/travis/build/icyphy/ptII/ptolemy/actor/lib/test/auto/DiscreteClock16.xml
8 ms. Memory: 881152K Free: 601753K (68%)
----------------- Invoking toplevel() on ptolemy.moml.MoMLSimpleApplication@4e0dff30
----------------- Done invoking toplevel() on ptolemy.moml.MoMLSimpleApplication@4e0dff30
reloadAllAccessors: .DiscreteClock16

===========================================================================================
----------------- testing Wed Jun 12 04:30:34 UTC 2019 /home/travis/build/icyphy/ptII/ptolemy/actor/lib/test/auto/DiscreteClock17.xml
----------------- Instantiating /home/travis/build/icyphy/ptII/ptolemy/actor/lib/test/auto/DiscreteClock17.xml
14 ms. Memory: 881152K Free: 579247K (66%)
----------------- Invoking toplevel() on ptolemy.moml.MoMLSimpleApplication@49f141d1
----------------- Done invoking toplevel() on ptolemy.moml.MoMLSimpleApplication@49f141d1
reloadAllAccessors: .DiscreteClock17

===========================================================================================
----------------- testing Wed Jun 12 04:30:34 UTC 2019 /home/travis/build/icyphy/ptII/ptolemy/actor/lib/test/auto/DiscreteClock18.xml
----------------- Instantiating /home/travis/build/icyphy/ptII/ptolemy/actor/lib/test/auto/DiscreteClock18.xml
434 ms. Memory: 1365504K Free: 1313755K (96%)
----------------- Invoking toplevel() on ptolemy.moml.MoMLSimpleApplication@65426b50
----------------- Done invoking toplevel() on ptolemy.moml.MoMLSimpleApplication@65426b50
reloadAllAccessors: .DiscreteClock18

===========================================================================================
----------------- testing Wed Jun 12 04:30:34 UTC 2019 /home/travis/build/icyphy/ptII/ptolemy/actor/lib/test/auto/DiscreteClock19.xml
----------------- Instantiating /home/travis/build/icyphy/ptII/ptolemy/actor/lib/test/auto/DiscreteClock19.xml
15 ms. Memory: 1365504K Free: 1277785K (94%)
----------------- Invoking toplevel() on ptolemy.moml.MoMLSimpleApplication@23e65da
----------------- Done invoking toplevel() on ptolemy.moml.MoMLSimpleApplication@23e65da
reloadAllAccessors: .DiscreteClock19

===========================================================================================
----------------- testing Wed Jun 12 04:30:34 UTC 2019 /home/travis/build/icyphy/ptII/ptolemy/actor/lib/test/auto/DiscreteClock2.xml
----------------- Instantiating /home/travis/build/icyphy/ptII/ptolemy/actor/lib/test/auto/DiscreteClock2.xml
1 ms. Memory: 1365504K Free: 1265312K (93%)
----------------- Invoking toplevel() on ptolemy.moml.MoMLSimpleApplication@948e44b
----------------- Done invoking toplevel() on ptolemy.moml.MoMLSimpleApplication@948e44b
reloadAllAccessors: .DiscreteClock2

===========================================================================================
----------------- testing Wed Jun 12 04:30:34 UTC 2019 /home/travis/build/icyphy/ptII/ptolemy/actor/lib/test/auto/DiscreteClock20.xml
----------------- Instantiating /home/travis/build/icyphy/ptII/ptolemy/actor/lib/test/auto/DiscreteClock20.xml
5 ms. Memory: 1365504K Free: 1252840K (92%)
----------------- Invoking toplevel() on ptolemy.moml.MoMLSimpleApplication@ad7034f
----------------- Done invoking toplevel() on ptolemy.moml.MoMLSimpleApplication@ad7034f
reloadAllAccessors: .DiscreteClock20

===========================================================================================
----------------- testing Wed Jun 12 04:30:34 UTC 2019 /home/travis/build/icyphy/ptII/ptolemy/actor/lib/test/auto/DiscreteClock21.xml
----------------- Instantiating /home/travis/build/icyphy/ptII/ptolemy/actor/lib/test/auto/DiscreteClock21.xml
8 ms. Memory: 1365504K Free: 1240368K (91%)
----------------- Invoking toplevel() on ptolemy.moml.MoMLSimpleApplication@71603db3
----------------- Done invoking toplevel() on ptolemy.moml.MoMLSimpleApplication@71603db3
reloadAllAccessors: .DiscreteClock21

===========================================================================================
----------------- testing Wed Jun 12 04:30:34 UTC 2019 /home/travis/build/icyphy/ptII/ptolemy/actor/lib/test/auto/DiscreteClock22.xml
----------------- Instantiating /home/travis/build/icyphy/ptII/ptolemy/actor/lib/test/auto/DiscreteClock22.xml
9 ms. Memory: 1365504K Free: 1216869K (89%)
----------------- Invoking toplevel() on ptolemy.moml.MoMLSimpleApplication@24e1434e
----------------- Done invoking toplevel() on ptolemy.moml.MoMLSimpleApplication@24e1434e
reloadAllAccessors: .DiscreteClock22

===========================================================================================
----------------- testing Wed Jun 12 04:30:34 UTC 2019 /home/travis/build/icyphy/ptII/ptolemy/actor/lib/test/auto/DiscreteClock23.xml
----------------- Instantiating /home/travis/build/icyphy/ptII/ptolemy/actor/lib/test/auto/DiscreteClock23.xml
10 ms. Memory: 1365504K Free: 1204397K (88%)
----------------- Invoking toplevel() on ptolemy.moml.MoMLSimpleApplication@7392bf26
----------------- Done invoking toplevel() on ptolemy.moml.MoMLSimpleApplication@7392bf26
reloadAllAccessors: .DiscreteClock23

===========================================================================================
----------------- testing Wed Jun 12 04:30:34 UTC 2019 /home/travis/build/icyphy/ptII/ptolemy/actor/lib/test/auto/DiscreteClock24.xml
----------------- Instantiating /home/travis/build/icyphy/ptII/ptolemy/actor/lib/test/auto/DiscreteClock24.xml
8 ms. Memory: 1365504K Free: 1191925K (87%)
----------------- Invoking toplevel() on ptolemy.moml.MoMLSimpleApplication@4257d9b5
----------------- Done invoking toplevel() on ptolemy.moml.MoMLSimpleApplication@4257d9b5
reloadAllAccessors: .DiscreteClock24

===========================================================================================
----------------- testing Wed Jun 12 04:30:34 UTC 2019 /home/travis/build/icyphy/ptII/ptolemy/actor/lib/test/auto/DiscreteClock4.xml
----------------- Instantiating /home/travis/build/icyphy/ptII/ptolemy/actor/lib/test/auto/DiscreteClock4.xml
2 ms. Memory: 1365504K Free: 1179452K (86%)
----------------- Invoking toplevel() on ptolemy.moml.MoMLSimpleApplication@390e4de1
----------------- Done invoking toplevel() on ptolemy.moml.MoMLSimpleApplication@390e4de1
reloadAllAccessors: .DiscreteClock4

===========================================================================================
----------------- testing Wed Jun 12 04:30:34 UTC 2019 /home/travis/build/icyphy/ptII/ptolemy/actor/lib/test/auto/DiscreteClock5.xml
----------------- Instantiating /home/travis/build/icyphy/ptII/ptolemy/actor/lib/test/auto/DiscreteClock5.xml
1 ms. Memory: 1365504K Free: 1166980K (85%)
----------------- Invoking toplevel() on ptolemy.moml.MoMLSimpleApplication@6c6c10c7
----------------- Done invoking toplevel() on ptolemy.moml.MoMLSimpleApplication@6c6c10c7
reloadAllAccessors: .DiscreteClock5

===========================================================================================
----------------- testing Wed Jun 12 04:30:34 UTC 2019 /home/travis/build/icyphy/ptII/ptolemy/actor/lib/test/auto/DiscreteClock6.xml
----------------- Instantiating /home/travis/build/icyphy/ptII/ptolemy/actor/lib/test/auto/DiscreteClock6.xml
1 ms. Memory: 1365504K Free: 1143482K (84%)
----------------- Invoking toplevel() on ptolemy.moml.MoMLSimpleApplication@4126432e
----------------- Done invoking toplevel() on ptolemy.moml.MoMLSimpleApplication@4126432e
reloadAllAccessors: .DiscreteClock6

===========================================================================================
----------------- testing Wed Jun 12 04:30:34 UTC 2019 /home/travis/build/icyphy/ptII/ptolemy/actor/lib/test/auto/DiscreteClock7.xml
----------------- Instantiating /home/travis/build/icyphy/ptII/ptolemy/actor/lib/test/auto/DiscreteClock7.xml
2 ms. Memory: 1365504K Free: 1131010K (83%)
----------------- Invoking toplevel() on ptolemy.moml.MoMLSimpleApplication@26d9381
----------------- Done invoking toplevel() on ptolemy.moml.MoMLSimpleApplication@26d9381
reloadAllAccessors: .DiscreteClock7

===========================================================================================
----------------- testing Wed Jun 12 04:30:34 UTC 2019 /home/travis/build/icyphy/ptII/ptolemy/actor/lib/test/auto/DiscreteClock8.xml
----------------- Instantiating /home/travis/build/icyphy/ptII/ptolemy/actor/lib/test/auto/DiscreteClock8.xml
3 ms. Memory: 1365504K Free: 1118537K (82%)
----------------- Invoking toplevel() on ptolemy.moml.MoMLSimpleApplication@4d4eb849
----------------- Done invoking toplevel() on ptolemy.moml.MoMLSimpleApplication@4d4eb849
reloadAllAccessors: .DiscreteClock8

===========================================================================================
----------------- testing Wed Jun 12 04:30:34 UTC 2019 /home/travis/build/icyphy/ptII/ptolemy/actor/lib/test/auto/DiscreteClock9.xml
----------------- Instantiating /home/travis/build/icyphy/ptII/ptolemy/actor/lib/test/auto/DiscreteClock9.xml
4 ms. Memory: 1365504K Free: 1106065K (81%)
----------------- Invoking toplevel() on ptolemy.moml.MoMLSimpleApplication@141f9d15
----------------- Done invoking toplevel() on ptolemy.moml.MoMLSimpleApplication@141f9d15
reloadAllAccessors: .DiscreteClock9

===========================================================================================
----------------- testing Wed Jun 12 04:30:34 UTC 2019 /home/travis/build/icyphy/ptII/ptolemy/actor/lib/test/auto/DisplayArray.xml
----------------- Instantiating /home/travis/build/icyphy/ptII/ptolemy/actor/lib/test/auto/DisplayArray.xml
1 ms. Memory: 1365504K Free: 1093593K (80%)
----------------- Invoking toplevel() on ptolemy.moml.MoMLSimpleApplication@67c7d525
----------------- Done invoking toplevel() on ptolemy.moml.MoMLSimpleApplication@67c7d525
reloadAllAccessors: .DisplayArray

===========================================================================================
----------------- testing Wed Jun 12 04:30:34 UTC 2019 /home/travis/build/icyphy/ptII/ptolemy/actor/lib/test/auto/Distributor.xml
----------------- Instantiating /home/travis/build/icyphy/ptII/ptolemy/actor/lib/test/auto/Distributor.xml
1 ms. Memory: 1365504K Free: 1070094K (78%)
----------------- Invoking toplevel() on ptolemy.moml.MoMLSimpleApplication@1b8f1520
----------------- Done invoking toplevel() on ptolemy.moml.MoMLSimpleApplication@1b8f1520
reloadAllAccessors: .Distributor

===========================================================================================
----------------- testing Wed Jun 12 04:30:34 UTC 2019 /home/travis/build/icyphy/ptII/ptolemy/actor/lib/test/auto/Distributor2.xml
----------------- Instantiating /home/travis/build/icyphy/ptII/ptolemy/actor/lib/test/auto/Distributor2.xml
2 ms. Memory: 1365504K Free: 1057622K (77%)
----------------- Invoking toplevel() on ptolemy.moml.MoMLSimpleApplication@521545eb
----------------- Done invoking toplevel() on ptolemy.moml.MoMLSimpleApplication@521545eb
reloadAllAccessors: .Distributor2

===========================================================================================
----------------- testing Wed Jun 12 04:30:34 UTC 2019 /home/travis/build/icyphy/ptII/ptolemy/actor/lib/test/auto/DownSample.xml
----------------- Instantiating /home/travis/build/icyphy/ptII/ptolemy/actor/lib/test/auto/DownSample.xml
6 ms. Memory: 1365504K Free: 1045150K (77%)
----------------- Invoking toplevel() on ptolemy.moml.MoMLSimpleApplication@7f768567
----------------- Done invoking toplevel() on ptolemy.moml.MoMLSimpleApplication@7f768567
reloadAllAccessors: .DownSample

===========================================================================================
----------------- testing Wed Jun 12 04:30:34 UTC 2019 /home/travis/build/icyphy/ptII/ptolemy/actor/lib/test/auto/ElectronicUnitBase1.xml
----------------- Instantiating /home/travis/build/icyphy/ptII/ptolemy/actor/lib/test/auto/ElectronicUnitBase1.xml
38 ms. Memory: 1365504K Free: 1020189K (75%)
----------------- Invoking toplevel() on ptolemy.moml.MoMLSimpleApplication@37ca277
----------------- Done invoking toplevel() on ptolemy.moml.MoMLSimpleApplication@37ca277
reloadAllAccessors: .ElectronicUnitBase1

===========================================================================================
----------------- testing Wed Jun 12 04:30:34 UTC 2019 /home/travis/build/icyphy/ptII/ptolemy/actor/lib/test/auto/ElementsToArray.xml
----------------- Instantiating /home/travis/build/icyphy/ptII/ptolemy/actor/lib/test/auto/ElementsToArray.xml
2 ms. Memory: 1365504K Free: 996691K (73%)
----------------- Invoking toplevel() on ptolemy.moml.MoMLSimpleApplication@20a6edf0
----------------- Done invoking toplevel() on ptolemy.moml.MoMLSimpleApplication@20a6edf0
reloadAllAccessors: .ElementsToArray

===========================================================================================
----------------- testing Wed Jun 12 04:30:35 UTC 2019 /home/travis/build/icyphy/ptII/ptolemy/actor/lib/test/auto/Equals.xml
----------------- Instantiating /home/travis/build/icyphy/ptII/ptolemy/actor/lib/test/auto/Equals.xml
3 ms. Memory: 1365504K Free: 984219K (72%)
----------------- Invoking toplevel() on ptolemy.moml.MoMLSimpleApplication@470f340d
----------------- Done invoking toplevel() on ptolemy.moml.MoMLSimpleApplication@470f340d
reloadAllAccessors: .Equals

===========================================================================================
----------------- testing Wed Jun 12 04:30:35 UTC 2019 /home/travis/build/icyphy/ptII/ptolemy/actor/lib/test/auto/Exec.xml
----------------- Instantiating /home/travis/build/icyphy/ptII/ptolemy/actor/lib/test/auto/Exec.xml
11 ms. Memory: 1365504K Free: 959274K (70%)
----------------- Invoking toplevel() on ptolemy.moml.MoMLSimpleApplication@50685911
----------------- Done invoking toplevel() on ptolemy.moml.MoMLSimpleApplication@50685911
reloadAllAccessors: .Exec

===========================================================================================
----------------- testing Wed Jun 12 04:30:35 UTC 2019 /home/travis/build/icyphy/ptII/ptolemy/actor/lib/test/auto/ExecEnvironment.xml
----------------- Instantiating /home/travis/build/icyphy/ptII/ptolemy/actor/lib/test/auto/ExecEnvironment.xml
25 ms. Memory: 1365504K Free: 940565K (69%)
----------------- Invoking toplevel() on ptolemy.moml.MoMLSimpleApplication@32b0c40a
----------------- Done invoking toplevel() on ptolemy.moml.MoMLSimpleApplication@32b0c40a
reloadAllAccessors: .ExecEnvironment

===========================================================================================
----------------- testing Wed Jun 12 04:30:35 UTC 2019 /home/travis/build/icyphy/ptII/ptolemy/actor/lib/test/auto/ExecNonZeroReturnOutput.xml
----------------- Instantiating /home/travis/build/icyphy/ptII/ptolemy/actor/lib/test/auto/ExecNonZeroReturnOutput.xml
123 ms. Memory: 1365504K Free: 847022K (62%)
----------------- Invoking toplevel() on ptolemy.moml.MoMLSimpleApplication@14813d70
----------------- Done invoking toplevel() on ptolemy.moml.MoMLSimpleApplication@14813d70
reloadAllAccessors: .ExecNonZeroReturnOutput

===========================================================================================
----------------- testing Wed Jun 12 04:30:35 UTC 2019 /home/travis/build/icyphy/ptII/ptolemy/actor/lib/test/auto/ExecRunDemos.xml
----------------- Instantiating /home/travis/build/icyphy/ptII/ptolemy/actor/lib/test/auto/ExecRunDemos.xml
Finished: 90 ms. Memory: 116224K Free: 100561K (87%)

Finished: 52 ms. Memory: 116224K Free: 97678K (84%)

Finished: 48 ms. Memory: 116224K Free: 98221K (85%)

Finished: 35 ms. Memory: 116224K Free: 99546K (86%)

Finished: 35 ms. Memory: 116224K Free: 100660K (87%)

9073 ms. Memory: 1365504K Free: 748663K (55%)
----------------- Invoking toplevel() on ptolemy.moml.MoMLSimpleApplication@75c9b483
----------------- Done invoking toplevel() on ptolemy.moml.MoMLSimpleApplication@75c9b483
reloadAllAccessors: .ExecRunDemos

===========================================================================================
----------------- testing Wed Jun 12 04:30:44 UTC 2019 /home/travis/build/icyphy/ptII/ptolemy/actor/lib/test/auto/ExecStop.xml
----------------- Instantiating /home/travis/build/icyphy/ptII/ptolemy/actor/lib/test/auto/ExecStop.xml
5010 ms. Memory: 1365504K Free: 549105K (40%)
----------------- Invoking toplevel() on ptolemy.moml.MoMLSimpleApplication@4fb91477
----------------- Done invoking toplevel() on ptolemy.moml.MoMLSimpleApplication@4fb91477
reloadAllAccessors: .ExecStop

===========================================================================================
----------------- testing Wed Jun 12 04:30:49 UTC 2019 /home/travis/build/icyphy/ptII/ptolemy/actor/lib/test/auto/ExecutionTimeSDF.xml
----------------- Instantiating /home/travis/build/icyphy/ptII/ptolemy/actor/lib/test/auto/ExecutionTimeSDF.xml
Fired ExecutionTime: -1912567296
Fired ExecutionTime: 1002400000
Fired ExecutionTime: -1644567296
6007 ms. Memory: 1365504K Free: 530397K (39%)
----------------- Invoking toplevel() on ptolemy.moml.MoMLSimpleApplication@4087bbef
----------------- Done invoking toplevel() on ptolemy.moml.MoMLSimpleApplication@4087bbef
reloadAllAccessors: .ExecutionTimeSDF

===========================================================================================
----------------- testing Wed Jun 12 04:30:55 UTC 2019 /home/travis/build/icyphy/ptII/ptolemy/actor/lib/test/auto/Expression1.xml
----------------- Instantiating /home/travis/build/icyphy/ptII/ptolemy/actor/lib/test/auto/Expression1.xml
2 ms. Memory: 1365504K Free: 517924K (38%)
----------------- Invoking toplevel() on ptolemy.moml.MoMLSimpleApplication@63a69296
----------------- Done invoking toplevel() on ptolemy.moml.MoMLSimpleApplication@63a69296
reloadAllAccessors: .Expression1

===========================================================================================
----------------- testing Wed Jun 12 04:30:55 UTC 2019 /home/travis/build/icyphy/ptII/ptolemy/actor/lib/test/auto/Expression10.xml
----------------- Instantiating /home/travis/build/icyphy/ptII/ptolemy/actor/lib/test/auto/Expression10.xml
5 ms. Memory: 1365504K Free: 505452K (37%)
----------------- Invoking toplevel() on ptolemy.moml.MoMLSimpleApplication@6ea0a73d
----------------- Done invoking toplevel() on ptolemy.moml.MoMLSimpleApplication@6ea0a73d
reloadAllAccessors: .Expression10

===========================================================================================
----------------- testing Wed Jun 12 04:30:55 UTC 2019 /home/travis/build/icyphy/ptII/ptolemy/actor/lib/test/auto/Expression11.xml
----------------- Instantiating /home/travis/build/icyphy/ptII/ptolemy/actor/lib/test/auto/Expression11.xml
2 ms. Memory: 1365504K Free: 481954K (35%)
----------------- Invoking toplevel() on ptolemy.moml.MoMLSimpleApplication@4a020acd
----------------- Done invoking toplevel() on ptolemy.moml.MoMLSimpleApplication@4a020acd
reloadAllAccessors: .Expression11

===========================================================================================
----------------- testing Wed Jun 12 04:30:55 UTC 2019 /home/travis/build/icyphy/ptII/ptolemy/actor/lib/test/auto/Expression12.xml
----------------- Instantiating /home/travis/build/icyphy/ptII/ptolemy/actor/lib/test/auto/Expression12.xml
2 ms. Memory: 1365504K Free: 469481K (34%)
----------------- Invoking toplevel() on ptolemy.moml.MoMLSimpleApplication@2fbd6b71
----------------- Done invoking toplevel() on ptolemy.moml.MoMLSimpleApplication@2fbd6b71
reloadAllAccessors: .Expression12

===========================================================================================
----------------- testing Wed Jun 12 04:30:55 UTC 2019 /home/travis/build/icyphy/ptII/ptolemy/actor/lib/test/auto/Expression13.xml
----------------- Instantiating /home/travis/build/icyphy/ptII/ptolemy/actor/lib/test/auto/Expression13.xml
2 ms. Memory: 1365504K Free: 457009K (33%)
----------------- Invoking toplevel() on ptolemy.moml.MoMLSimpleApplication@68d9f45a
----------------- Done invoking toplevel() on ptolemy.moml.MoMLSimpleApplication@68d9f45a
reloadAllAccessors: .Expression13

===========================================================================================
----------------- testing Wed Jun 12 04:30:55 UTC 2019 /home/travis/build/icyphy/ptII/ptolemy/actor/lib/test/auto/Expression14.xml
----------------- Instantiating /home/travis/build/icyphy/ptII/ptolemy/actor/lib/test/auto/Expression14.xml
6 ms. Memory: 1365504K Free: 444537K (33%)
----------------- Invoking toplevel() on ptolemy.moml.MoMLSimpleApplication@7dbba904
----------------- Done invoking toplevel() on ptolemy.moml.MoMLSimpleApplication@7dbba904
reloadAllAccessors: .Expression14

===========================================================================================
----------------- testing Wed Jun 12 04:30:55 UTC 2019 /home/travis/build/icyphy/ptII/ptolemy/actor/lib/test/auto/Expression15.xml
----------------- Instantiating /home/travis/build/icyphy/ptII/ptolemy/actor/lib/test/auto/Expression15.xml
1 ms. Memory: 1365504K Free: 421039K (31%)
----------------- Invoking toplevel() on ptolemy.moml.MoMLSimpleApplication@2f623982
----------------- Done invoking toplevel() on ptolemy.moml.MoMLSimpleApplication@2f623982
reloadAllAccessors: .Expression15

===========================================================================================
----------------- testing Wed Jun 12 04:30:55 UTC 2019 /home/travis/build/icyphy/ptII/ptolemy/actor/lib/test/auto/Expression16.xml
----------------- Instantiating /home/travis/build/icyphy/ptII/ptolemy/actor/lib/test/auto/Expression16.xml
4 ms. Memory: 1365504K Free: 408566K (30%)
----------------- Invoking toplevel() on ptolemy.moml.MoMLSimpleApplication@3e6b6bc9
----------------- Done invoking toplevel() on ptolemy.moml.MoMLSimpleApplication@3e6b6bc9
reloadAllAccessors: .Expression16

===========================================================================================
----------------- testing Wed Jun 12 04:30:55 UTC 2019 /home/travis/build/icyphy/ptII/ptolemy/actor/lib/test/auto/Expression17.xml
----------------- Instantiating /home/travis/build/icyphy/ptII/ptolemy/actor/lib/test/auto/Expression17.xml
3 ms. Memory: 1365504K Free: 396094K (29%)
----------------- Invoking toplevel() on ptolemy.moml.MoMLSimpleApplication@61a982cf
----------------- Done invoking toplevel() on ptolemy.moml.MoMLSimpleApplication@61a982cf
reloadAllAccessors: .Expression17

===========================================================================================
----------------- testing Wed Jun 12 04:30:55 UTC 2019 /home/travis/build/icyphy/ptII/ptolemy/actor/lib/test/auto/Expression18.xml
----------------- Instantiating /home/travis/build/icyphy/ptII/ptolemy/actor/lib/test/auto/Expression18.xml
3 ms. Memory: 1365504K Free: 383622K (28%)
----------------- Invoking toplevel() on ptolemy.moml.MoMLSimpleApplication@1e54451
----------------- Done invoking toplevel() on ptolemy.moml.MoMLSimpleApplication@1e54451
reloadAllAccessors: .Expression18

===========================================================================================
----------------- testing Wed Jun 12 04:30:55 UTC 2019 /home/travis/build/icyphy/ptII/ptolemy/actor/lib/test/auto/Expression2.xml
----------------- Instantiating /home/travis/build/icyphy/ptII/ptolemy/actor/lib/test/auto/Expression2.xml
3 ms. Memory: 1365504K Free: 371149K (27%)
----------------- Invoking toplevel() on ptolemy.moml.MoMLSimpleApplication@415bbee7
----------------- Done invoking toplevel() on ptolemy.moml.MoMLSimpleApplication@415bbee7
reloadAllAccessors: .Expression2

===========================================================================================
----------------- testing Wed Jun 12 04:30:55 UTC 2019 /home/travis/build/icyphy/ptII/ptolemy/actor/lib/test/auto/Expression3.xml
----------------- Instantiating /home/travis/build/icyphy/ptII/ptolemy/actor/lib/test/auto/Expression3.xml
3 ms. Memory: 1365504K Free: 347651K (25%)
----------------- Invoking toplevel() on ptolemy.moml.MoMLSimpleApplication@3ae1476b
----------------- Done invoking toplevel() on ptolemy.moml.MoMLSimpleApplication@3ae1476b
reloadAllAccessors: .Expression3

===========================================================================================
----------------- testing Wed Jun 12 04:30:55 UTC 2019 /home/travis/build/icyphy/ptII/ptolemy/actor/lib/test/auto/Expression4.xml
----------------- Instantiating /home/travis/build/icyphy/ptII/ptolemy/actor/lib/test/auto/Expression4.xml
4 ms. Memory: 1365504K Free: 335179K (25%)
----------------- Invoking toplevel() on ptolemy.moml.MoMLSimpleApplication@7c8e36e5
----------------- Done invoking toplevel() on ptolemy.moml.MoMLSimpleApplication@7c8e36e5
reloadAllAccessors: .Expression4

===========================================================================================
----------------- testing Wed Jun 12 04:30:55 UTC 2019 /home/travis/build/icyphy/ptII/ptolemy/actor/lib/test/auto/Expression5.xml
----------------- Instantiating /home/travis/build/icyphy/ptII/ptolemy/actor/lib/test/auto/Expression5.xml
4 ms. Memory: 1365504K Free: 322706K (24%)
----------------- Invoking toplevel() on ptolemy.moml.MoMLSimpleApplication@15141e5
----------------- Done invoking toplevel() on ptolemy.moml.MoMLSimpleApplication@15141e5
reloadAllAccessors: .Expression5

===========================================================================================
----------------- testing Wed Jun 12 04:30:55 UTC 2019 /home/travis/build/icyphy/ptII/ptolemy/actor/lib/test/auto/Expression6.xml
----------------- Instantiating /home/travis/build/icyphy/ptII/ptolemy/actor/lib/test/auto/Expression6.xml
3 ms. Memory: 1365504K Free: 310234K (23%)
----------------- Invoking toplevel() on ptolemy.moml.MoMLSimpleApplication@5c880fa2
----------------- Done invoking toplevel() on ptolemy.moml.MoMLSimpleApplication@5c880fa2
reloadAllAccessors: .Expression6

===========================================================================================
----------------- testing Wed Jun 12 04:30:55 UTC 2019 /home/travis/build/icyphy/ptII/ptolemy/actor/lib/test/auto/Expression7.xml
----------------- Instantiating /home/travis/build/icyphy/ptII/ptolemy/actor/lib/test/auto/Expression7.xml
3 ms. Memory: 1365504K Free: 297762K (22%)
----------------- Invoking toplevel() on ptolemy.moml.MoMLSimpleApplication@365f13bc
----------------- Done invoking toplevel() on ptolemy.moml.MoMLSimpleApplication@365f13bc
reloadAllAccessors: .Expression7

===========================================================================================
----------------- testing Wed Jun 12 04:30:55 UTC 2019 /home/travis/build/icyphy/ptII/ptolemy/actor/lib/test/auto/Expression8.xml
----------------- Instantiating /home/travis/build/icyphy/ptII/ptolemy/actor/lib/test/auto/Expression8.xml
4 ms. Memory: 1365504K Free: 274264K (20%)
----------------- Invoking toplevel() on ptolemy.moml.MoMLSimpleApplication@3fd04ce5
----------------- Done invoking toplevel() on ptolemy.moml.MoMLSimpleApplication@3fd04ce5
reloadAllAccessors: .Expression8

===========================================================================================
----------------- testing Wed Jun 12 04:30:55 UTC 2019 /home/travis/build/icyphy/ptII/ptolemy/actor/lib/test/auto/Expression9.xml
----------------- Instantiating /home/travis/build/icyphy/ptII/ptolemy/actor/lib/test/auto/Expression9.xml
1 ms. Memory: 1365504K Free: 261791K (19%)
----------------- Invoking toplevel() on ptolemy.moml.MoMLSimpleApplication@1e224578
----------------- Done invoking toplevel() on ptolemy.moml.MoMLSimpleApplication@1e224578
reloadAllAccessors: .Expression9

===========================================================================================
----------------- testing Wed Jun 12 04:30:55 UTC 2019 /home/travis/build/icyphy/ptII/ptolemy/actor/lib/test/auto/ExpressionConcatenateArrayType.xml
----------------- Instantiating /home/travis/build/icyphy/ptII/ptolemy/actor/lib/test/auto/ExpressionConcatenateArrayType.xml
2 ms. Memory: 1365504K Free: 249319K (18%)
----------------- Invoking toplevel() on ptolemy.moml.MoMLSimpleApplication@50b99dc3
----------------- Done invoking toplevel() on ptolemy.moml.MoMLSimpleApplication@50b99dc3
reloadAllAccessors: .ExpressionConcatenateArrayType

===========================================================================================
----------------- testing Wed Jun 12 04:30:55 UTC 2019 /home/travis/build/icyphy/ptII/ptolemy/actor/lib/test/auto/ExpressionConcatenateArrayType2.xml
----------------- Instantiating /home/travis/build/icyphy/ptII/ptolemy/actor/lib/test/auto/ExpressionConcatenateArrayType2.xml
2 ms. Memory: 1365504K Free: 236847K (17%)
----------------- Invoking toplevel() on ptolemy.moml.MoMLSimpleApplication@244b58b3
----------------- Done invoking toplevel() on ptolemy.moml.MoMLSimpleApplication@244b58b3
reloadAllAccessors: .ExpressionConcatenateArrayType2

===========================================================================================
----------------- testing Wed Jun 12 04:30:55 UTC 2019 /home/travis/build/icyphy/ptII/ptolemy/actor/lib/test/auto/ExpressionFix.xml
----------------- Instantiating /home/travis/build/icyphy/ptII/ptolemy/actor/lib/test/auto/ExpressionFix.xml
9 ms. Memory: 1365504K Free: 213348K (16%)
----------------- Invoking toplevel() on ptolemy.moml.MoMLSimpleApplication@534aa10
----------------- Done invoking toplevel() on ptolemy.moml.MoMLSimpleApplication@534aa10
reloadAllAccessors: .ExpressionFix

===========================================================================================
----------------- testing Wed Jun 12 04:30:55 UTC 2019 /home/travis/build/icyphy/ptII/ptolemy/actor/lib/test/auto/ExpressionFix2.xml
----------------- Instantiating /home/travis/build/icyphy/ptII/ptolemy/actor/lib/test/auto/ExpressionFix2.xml
2 ms. Memory: 1365504K Free: 200876K (15%)
----------------- Invoking toplevel() on ptolemy.moml.MoMLSimpleApplication@23b52995
----------------- Done invoking toplevel() on ptolemy.moml.MoMLSimpleApplication@23b52995
reloadAllAccessors: .ExpressionFix2

===========================================================================================
----------------- testing Wed Jun 12 04:30:55 UTC 2019 /home/travis/build/icyphy/ptII/ptolemy/actor/lib/test/auto/ExpressionFix3.xml
----------------- Instantiating /home/travis/build/icyphy/ptII/ptolemy/actor/lib/test/auto/ExpressionFix3.xml
2 ms. Memory: 1365504K Free: 188404K (14%)
----------------- Invoking toplevel() on ptolemy.moml.MoMLSimpleApplication@33799dd8
----------------- Done invoking toplevel() on ptolemy.moml.MoMLSimpleApplication@33799dd8
reloadAllAccessors: .ExpressionFix3

===========================================================================================
----------------- testing Wed Jun 12 04:30:55 UTC 2019 /home/travis/build/icyphy/ptII/ptolemy/actor/lib/test/auto/FileWriter1.xml
----------------- Instantiating /home/travis/build/icyphy/ptII/ptolemy/actor/lib/test/auto/FileWriter1.xml
2 ms. Memory: 1365504K Free: 175931K (13%)
----------------- Invoking toplevel() on ptolemy.moml.MoMLSimpleApplication@5061e748
----------------- Done invoking toplevel() on ptolemy.moml.MoMLSimpleApplication@5061e748
reloadAllAccessors: .FileWriter1

===========================================================================================
----------------- testing Wed Jun 12 04:30:55 UTC 2019 /home/travis/build/icyphy/ptII/ptolemy/actor/lib/test/auto/FileWriter2.xml
----------------- Instantiating /home/travis/build/icyphy/ptII/ptolemy/actor/lib/test/auto/FileWriter2.xml
4 ms. Memory: 1365504K Free: 163459K (12%)
----------------- Invoking toplevel() on ptolemy.moml.MoMLSimpleApplication@450995a5
----------------- Done invoking toplevel() on ptolemy.moml.MoMLSimpleApplication@450995a5
reloadAllAccessors: .FileWriter2

===========================================================================================
----------------- testing Wed Jun 12 04:30:55 UTC 2019 /home/travis/build/icyphy/ptII/ptolemy/actor/lib/test/auto/FileWriter3.xml
----------------- Instantiating /home/travis/build/icyphy/ptII/ptolemy/actor/lib/test/auto/FileWriter3.xml
7 ms. Memory: 1365504K Free: 139961K (10%)
----------------- Invoking toplevel() on ptolemy.moml.MoMLSimpleApplication@7657b65e
----------------- Done invoking toplevel() on ptolemy.moml.MoMLSimpleApplication@7657b65e
reloadAllAccessors: .FileWriter3

===========================================================================================
----------------- testing Wed Jun 12 04:30:55 UTC 2019 /home/travis/build/icyphy/ptII/ptolemy/actor/lib/test/auto/Gaussian.xml
----------------- Instantiating /home/travis/build/icyphy/ptII/ptolemy/actor/lib/test/auto/Gaussian.xml
2 ms. Memory: 1365504K Free: 127489K (9%)
----------------- Invoking toplevel() on ptolemy.moml.MoMLSimpleApplication@bc9bfc9
----------------- Done invoking toplevel() on ptolemy.moml.MoMLSimpleApplication@bc9bfc9
reloadAllAccessors: .Gaussian

===========================================================================================
----------------- testing Wed Jun 12 04:30:55 UTC 2019 /home/travis/build/icyphy/ptII/ptolemy/actor/lib/test/auto/Gaussian1.xml
----------------- Instantiating /home/travis/build/icyphy/ptII/ptolemy/actor/lib/test/auto/Gaussian1.xml
2 ms. Memory: 1365504K Free: 115016K (8%)
----------------- Invoking toplevel() on ptolemy.moml.MoMLSimpleApplication@75e10bc1
----------------- Done invoking toplevel() on ptolemy.moml.MoMLSimpleApplication@75e10bc1
reloadAllAccessors: .Gaussian1

===========================================================================================
----------------- testing Wed Jun 12 04:30:56 UTC 2019 /home/travis/build/icyphy/ptII/ptolemy/actor/lib/test/auto/Gaussian2.xml
----------------- Instantiating /home/travis/build/icyphy/ptII/ptolemy/actor/lib/test/auto/Gaussian2.xml
3 ms. Memory: 1365504K Free: 102544K (8%)
----------------- Invoking toplevel() on ptolemy.moml.MoMLSimpleApplication@7a5d665c
----------------- Done invoking toplevel() on ptolemy.moml.MoMLSimpleApplication@7a5d665c
reloadAllAccessors: .Gaussian2

===========================================================================================
----------------- testing Wed Jun 12 04:30:56 UTC 2019 /home/travis/build/icyphy/ptII/ptolemy/actor/lib/test/auto/GradientAdaptiveLattice.xml
----------------- Instantiating /home/travis/build/icyphy/ptII/ptolemy/actor/lib/test/auto/GradientAdaptiveLattice.xml
3 ms. Memory: 1365504K Free: 90072K (7%)
----------------- Invoking toplevel() on ptolemy.moml.MoMLSimpleApplication@7624db4d
----------------- Done invoking toplevel() on ptolemy.moml.MoMLSimpleApplication@7624db4d
reloadAllAccessors: .GradientAdaptiveLattice

===========================================================================================
----------------- testing Wed Jun 12 04:30:56 UTC 2019 /home/travis/build/icyphy/ptII/ptolemy/actor/lib/test/auto/IIR.xml
----------------- Instantiating /home/travis/build/icyphy/ptII/ptolemy/actor/lib/test/auto/IIR.xml
2 ms. Memory: 1365504K Free: 1314686K (96%)
----------------- Invoking toplevel() on ptolemy.moml.MoMLSimpleApplication@53225963
----------------- Done invoking toplevel() on ptolemy.moml.MoMLSimpleApplication@53225963
reloadAllAccessors: .IIR

===========================================================================================
----------------- testing Wed Jun 12 04:30:56 UTC 2019 /home/travis/build/icyphy/ptII/ptolemy/actor/lib/test/auto/InputOutputTransparentPorts.xml
----------------- Instantiating /home/travis/build/icyphy/ptII/ptolemy/actor/lib/test/auto/InputOutputTransparentPorts.xml
2 ms. Memory: 1365504K Free: 1294121K (95%)
----------------- Invoking toplevel() on ptolemy.moml.MoMLSimpleApplication@256e455f
----------------- Done invoking toplevel() on ptolemy.moml.MoMLSimpleApplication@256e455f
reloadAllAccessors: .InputOutputTransparentPorts

===========================================================================================
----------------- testing Wed Jun 12 04:30:56 UTC 2019 /home/travis/build/icyphy/ptII/ptolemy/actor/lib/test/auto/Interpolator.xml
----------------- Instantiating /home/travis/build/icyphy/ptII/ptolemy/actor/lib/test/auto/Interpolator.xml
3 ms. Memory: 1365504K Free: 1281649K (94%)
----------------- Invoking toplevel() on ptolemy.moml.MoMLSimpleApplication@4c55e406
----------------- Done invoking toplevel() on ptolemy.moml.MoMLSimpleApplication@4c55e406
reloadAllAccessors: .Interpolator

===========================================================================================
----------------- testing Wed Jun 12 04:30:56 UTC 2019 /home/travis/build/icyphy/ptII/ptolemy/actor/lib/test/auto/InterpolatorFiringLimitDE.xml
----------------- Instantiating /home/travis/build/icyphy/ptII/ptolemy/actor/lib/test/auto/InterpolatorFiringLimitDE.xml
2 ms. Memory: 1365504K Free: 1269177K (93%)
----------------- Invoking toplevel() on ptolemy.moml.MoMLSimpleApplication@63fc6294
----------------- Done invoking toplevel() on ptolemy.moml.MoMLSimpleApplication@63fc6294
reloadAllAccessors: .InterpolatorFiringLimitDE

===========================================================================================
----------------- testing Wed Jun 12 04:30:56 UTC 2019 /home/travis/build/icyphy/ptII/ptolemy/actor/lib/test/auto/Lattice.xml
----------------- Instantiating /home/travis/build/icyphy/ptII/ptolemy/actor/lib/test/auto/Lattice.xml
1 ms. Memory: 1365504K Free: 1248611K (91%)
----------------- Invoking toplevel() on ptolemy.moml.MoMLSimpleApplication@50143950
----------------- Done invoking toplevel() on ptolemy.moml.MoMLSimpleApplication@50143950
reloadAllAccessors: .Lattice

===========================================================================================
----------------- testing Wed Jun 12 04:30:56 UTC 2019 /home/travis/build/icyphy/ptII/ptolemy/actor/lib/test/auto/LazyAOCTestLazy.xml
----------------- Instantiating /home/travis/build/icyphy/ptII/ptolemy/actor/lib/test/auto/LazyAOCTestLazy.xml
19 ms. Memory: 1365504K Free: 1236139K (91%)
----------------- Invoking toplevel() on ptolemy.moml.MoMLSimpleApplication@48a42a4b
----------------- Done invoking toplevel() on ptolemy.moml.MoMLSimpleApplication@48a42a4b
reloadAllAccessors: .LazyAOCTestLazy

===========================================================================================
----------------- testing Wed Jun 12 04:30:56 UTC 2019 /home/travis/build/icyphy/ptII/ptolemy/actor/lib/test/auto/LazyAOCTestNonLazy.xml
----------------- Instantiating /home/travis/build/icyphy/ptII/ptolemy/actor/lib/test/auto/LazyAOCTestNonLazy.xml
10 ms. Memory: 1365504K Free: 1223667K (90%)
----------------- Invoking toplevel() on ptolemy.moml.MoMLSimpleApplication@372ec1f0
----------------- Done invoking toplevel() on ptolemy.moml.MoMLSimpleApplication@372ec1f0
reloadAllAccessors: .LazyAOCTestNonLazy

===========================================================================================
----------------- testing Wed Jun 12 04:30:56 UTC 2019 /home/travis/build/icyphy/ptII/ptolemy/actor/lib/test/auto/LazyInnerClass.xml
----------------- Instantiating /home/travis/build/icyphy/ptII/ptolemy/actor/lib/test/auto/LazyInnerClass.xml
24 ms. Memory: 1365504K Free: 1203101K (88%)
----------------- Invoking toplevel() on ptolemy.moml.MoMLSimpleApplication@7545d971
----------------- Done invoking toplevel() on ptolemy.moml.MoMLSimpleApplication@7545d971
reloadAllAccessors: .LazyInnerClass

===========================================================================================
----------------- testing Wed Jun 12 04:30:56 UTC 2019 /home/travis/build/icyphy/ptII/ptolemy/actor/lib/test/auto/LazyPubSub.xml
----------------- Instantiating /home/travis/build/icyphy/ptII/ptolemy/actor/lib/test/auto/LazyPubSub.xml
16 ms. Memory: 1365504K Free: 1190520K (87%)
----------------- Invoking toplevel() on ptolemy.moml.MoMLSimpleApplication@590a4ac6
----------------- Done invoking toplevel() on ptolemy.moml.MoMLSimpleApplication@590a4ac6
reloadAllAccessors: .LazyPubSub

===========================================================================================
----------------- testing Wed Jun 12 04:30:56 UTC 2019 /home/travis/build/icyphy/ptII/ptolemy/actor/lib/test/auto/LazyPubSub2.xml
----------------- Instantiating /home/travis/build/icyphy/ptII/ptolemy/actor/lib/test/auto/LazyPubSub2.xml
12 ms. Memory: 1365504K Free: 1178047K (86%)
----------------- Invoking toplevel() on ptolemy.moml.MoMLSimpleApplication@71cd9df
----------------- Done invoking toplevel() on ptolemy.moml.MoMLSimpleApplication@71cd9df
reloadAllAccessors: .LazyPubSub2

===========================================================================================
----------------- testing Wed Jun 12 04:30:56 UTC 2019 /home/travis/build/icyphy/ptII/ptolemy/actor/lib/test/auto/LazyPubSub3.xml
----------------- Instantiating /home/travis/build/icyphy/ptII/ptolemy/actor/lib/test/auto/LazyPubSub3.xml
10 ms. Memory: 1365504K Free: 1165575K (85%)
----------------- Invoking toplevel() on ptolemy.moml.MoMLSimpleApplication@27eac8a
----------------- Done invoking toplevel() on ptolemy.moml.MoMLSimpleApplication@27eac8a
reloadAllAccessors: .LazyPubSub3

===========================================================================================
----------------- testing Wed Jun 12 04:30:56 UTC 2019 /home/travis/build/icyphy/ptII/ptolemy/actor/lib/test/auto/LazySubClassModel.xml
----------------- Instantiating /home/travis/build/icyphy/ptII/ptolemy/actor/lib/test/auto/LazySubClassModel.xml
2 ms. Memory: 1365504K Free: 1138765K (83%)
----------------- Invoking toplevel() on ptolemy.moml.MoMLSimpleApplication@275a7ee4
----------------- Done invoking toplevel() on ptolemy.moml.MoMLSimpleApplication@275a7ee4
reloadAllAccessors: .LazySubClassModel

===========================================================================================
----------------- testing Wed Jun 12 04:30:56 UTC 2019 /home/travis/build/icyphy/ptII/ptolemy/actor/lib/test/auto/LevelCrossTest1.xml
----------------- Instantiating /home/travis/build/icyphy/ptII/ptolemy/actor/lib/test/auto/LevelCrossTest1.xml
1 ms. Memory: 1365504K Free: 1126293K (82%)
----------------- Invoking toplevel() on ptolemy.moml.MoMLSimpleApplication@409dd1de
----------------- Done invoking toplevel() on ptolemy.moml.MoMLSimpleApplication@409dd1de
reloadAllAccessors: .broken

===========================================================================================
----------------- testing Wed Jun 12 04:30:56 UTC 2019 /home/travis/build/icyphy/ptII/ptolemy/actor/lib/test/auto/LevelCrossTest10.xml
----------------- Instantiating /home/travis/build/icyphy/ptII/ptolemy/actor/lib/test/auto/LevelCrossTest10.xml
1 ms. Memory: 1365504K Free: 1113821K (82%)
----------------- Invoking toplevel() on ptolemy.moml.MoMLSimpleApplication@538c527a
----------------- Done invoking toplevel() on ptolemy.moml.MoMLSimpleApplication@538c527a
reloadAllAccessors: .LevelCrossTest10

===========================================================================================
----------------- testing Wed Jun 12 04:30:56 UTC 2019 /home/travis/build/icyphy/ptII/ptolemy/actor/lib/test/auto/LevelCrossTest11.xml
----------------- Instantiating /home/travis/build/icyphy/ptII/ptolemy/actor/lib/test/auto/LevelCrossTest11.xml
1 ms. Memory: 1365504K Free: 1093255K (80%)
----------------- Invoking toplevel() on ptolemy.moml.MoMLSimpleApplication@4699e4ab
----------------- Done invoking toplevel() on ptolemy.moml.MoMLSimpleApplication@4699e4ab
reloadAllAccessors: .LevelCrossTest11

===========================================================================================
----------------- testing Wed Jun 12 04:30:56 UTC 2019 /home/travis/build/icyphy/ptII/ptolemy/actor/lib/test/auto/LevelCrossTest12.xml
----------------- Instantiating /home/travis/build/icyphy/ptII/ptolemy/actor/lib/test/auto/LevelCrossTest12.xml
1 ms. Memory: 1365504K Free: 1080783K (79%)
----------------- Invoking toplevel() on ptolemy.moml.MoMLSimpleApplication@4cab70e1
----------------- Done invoking toplevel() on ptolemy.moml.MoMLSimpleApplication@4cab70e1
reloadAllAccessors: .LevelCrossTest12

===========================================================================================
----------------- testing Wed Jun 12 04:30:56 UTC 2019 /home/travis/build/icyphy/ptII/ptolemy/actor/lib/test/auto/LevelCrossTest13.xml
----------------- Instantiating /home/travis/build/icyphy/ptII/ptolemy/actor/lib/test/auto/LevelCrossTest13.xml
1 ms. Memory: 1365504K Free: 1068311K (78%)
----------------- Invoking toplevel() on ptolemy.moml.MoMLSimpleApplication@246e8245
----------------- Done invoking toplevel() on ptolemy.moml.MoMLSimpleApplication@246e8245
reloadAllAccessors: .LevelCrossTest13

===========================================================================================
----------------- testing Wed Jun 12 04:30:56 UTC 2019 /home/travis/build/icyphy/ptII/ptolemy/actor/lib/test/auto/LevelCrossTest2.xml
----------------- Instantiating /home/travis/build/icyphy/ptII/ptolemy/actor/lib/test/auto/LevelCrossTest2.xml
1 ms. Memory: 1365504K Free: 1047745K (77%)
----------------- Invoking toplevel() on ptolemy.moml.MoMLSimpleApplication@62040777
----------------- Done invoking toplevel() on ptolemy.moml.MoMLSimpleApplication@62040777
reloadAllAccessors: .broken

===========================================================================================
----------------- testing Wed Jun 12 04:30:56 UTC 2019 /home/travis/build/icyphy/ptII/ptolemy/actor/lib/test/auto/LevelCrossTest3.xml
----------------- Instantiating /home/travis/build/icyphy/ptII/ptolemy/actor/lib/test/auto/LevelCrossTest3.xml
1 ms. Memory: 1365504K Free: 1035273K (76%)
----------------- Invoking toplevel() on ptolemy.moml.MoMLSimpleApplication@de92eb5
----------------- Done invoking toplevel() on ptolemy.moml.MoMLSimpleApplication@de92eb5
reloadAllAccessors: .LevelCrossTest3

===========================================================================================
----------------- testing Wed Jun 12 04:30:56 UTC 2019 /home/travis/build/icyphy/ptII/ptolemy/actor/lib/test/auto/LevelCrossTest4.xml
----------------- Instantiating /home/travis/build/icyphy/ptII/ptolemy/actor/lib/test/auto/LevelCrossTest4.xml
1 ms. Memory: 1365504K Free: 1022801K (75%)
----------------- Invoking toplevel() on ptolemy.moml.MoMLSimpleApplication@70e76b2e
----------------- Done invoking toplevel() on ptolemy.moml.MoMLSimpleApplication@70e76b2e
reloadAllAccessors: .broken

===========================================================================================
----------------- testing Wed Jun 12 04:30:56 UTC 2019 /home/travis/build/icyphy/ptII/ptolemy/actor/lib/test/auto/LevelCrossTest5.xml
----------------- Instantiating /home/travis/build/icyphy/ptII/ptolemy/actor/lib/test/auto/LevelCrossTest5.xml
2 ms. Memory: 1365504K Free: 1010328K (74%)
----------------- Invoking toplevel() on ptolemy.moml.MoMLSimpleApplication@5060c5d
----------------- Done invoking toplevel() on ptolemy.moml.MoMLSimpleApplication@5060c5d
reloadAllAccessors: .LevelCrossTest5

===========================================================================================
----------------- testing Wed Jun 12 04:30:56 UTC 2019 /home/travis/build/icyphy/ptII/ptolemy/actor/lib/test/auto/LevelCrossTest6.xml
----------------- Instantiating /home/travis/build/icyphy/ptII/ptolemy/actor/lib/test/auto/LevelCrossTest6.xml
1 ms. Memory: 1365504K Free: 989763K (72%)
----------------- Invoking toplevel() on ptolemy.moml.MoMLSimpleApplication@43a73b3f
----------------- Done invoking toplevel() on ptolemy.moml.MoMLSimpleApplication@43a73b3f
reloadAllAccessors: .LevelCrossTest6

===========================================================================================
----------------- testing Wed Jun 12 04:30:56 UTC 2019 /home/travis/build/icyphy/ptII/ptolemy/actor/lib/test/auto/LevelCrossTest7.xml
----------------- Instantiating /home/travis/build/icyphy/ptII/ptolemy/actor/lib/test/auto/LevelCrossTest7.xml
1 ms. Memory: 1365504K Free: 977291K (72%)
----------------- Invoking toplevel() on ptolemy.moml.MoMLSimpleApplication@2647fdff
----------------- Done invoking toplevel() on ptolemy.moml.MoMLSimpleApplication@2647fdff
reloadAllAccessors: .LevelCrossTest7

===========================================================================================
----------------- testing Wed Jun 12 04:30:56 UTC 2019 /home/travis/build/icyphy/ptII/ptolemy/actor/lib/test/auto/LevelCrossTest8.xml
----------------- Instantiating /home/travis/build/icyphy/ptII/ptolemy/actor/lib/test/auto/LevelCrossTest8.xml
1 ms. Memory: 1365504K Free: 964818K (71%)
----------------- Invoking toplevel() on ptolemy.moml.MoMLSimpleApplication@180ef28d
----------------- Done invoking toplevel() on ptolemy.moml.MoMLSimpleApplication@180ef28d
reloadAllAccessors: .LevelCrossTest8

===========================================================================================
----------------- testing Wed Jun 12 04:30:56 UTC 2019 /home/travis/build/icyphy/ptII/ptolemy/actor/lib/test/auto/LevelCrossTest9.xml
----------------- Instantiating /home/travis/build/icyphy/ptII/ptolemy/actor/lib/test/auto/LevelCrossTest9.xml
2 ms. Memory: 1365504K Free: 944253K (69%)
----------------- Invoking toplevel() on ptolemy.moml.MoMLSimpleApplication@195ee8ec
----------------- Done invoking toplevel() on ptolemy.moml.MoMLSimpleApplication@195ee8ec
reloadAllAccessors: .LevelCrossTest9

===========================================================================================
----------------- testing Wed Jun 12 04:30:56 UTC 2019 /home/travis/build/icyphy/ptII/ptolemy/actor/lib/test/auto/LevinsonDurbin.xml
----------------- Instantiating /home/travis/build/icyphy/ptII/ptolemy/actor/lib/test/auto/LevinsonDurbin.xml
2 ms. Memory: 1365504K Free: 931781K (68%)
----------------- Invoking toplevel() on ptolemy.moml.MoMLSimpleApplication@4223a69f
----------------- Done invoking toplevel() on ptolemy.moml.MoMLSimpleApplication@4223a69f
reloadAllAccessors: .LevinsonDurbin

===========================================================================================
----------------- testing Wed Jun 12 04:30:56 UTC 2019 /home/travis/build/icyphy/ptII/ptolemy/actor/lib/test/auto/LevinsonDurbin2.xml
----------------- Instantiating /home/travis/build/icyphy/ptII/ptolemy/actor/lib/test/auto/LevinsonDurbin2.xml
2 ms. Memory: 1365504K Free: 919308K (67%)
----------------- Invoking toplevel() on ptolemy.moml.MoMLSimpleApplication@5391f182
----------------- Done invoking toplevel() on ptolemy.moml.MoMLSimpleApplication@5391f182
reloadAllAccessors: .LevinsonDurbin2

===========================================================================================
----------------- testing Wed Jun 12 04:30:56 UTC 2019 /home/travis/build/icyphy/ptII/ptolemy/actor/lib/test/auto/LevinsonDurbin3.xml
----------------- Instantiating /home/travis/build/icyphy/ptII/ptolemy/actor/lib/test/auto/LevinsonDurbin3.xml
2 ms. Memory: 1365504K Free: 898743K (66%)
----------------- Invoking toplevel() on ptolemy.moml.MoMLSimpleApplication@a9070fc
----------------- Done invoking toplevel() on ptolemy.moml.MoMLSimpleApplication@a9070fc
reloadAllAccessors: .LevinsonDurbin3

===========================================================================================
----------------- testing Wed Jun 12 04:30:56 UTC 2019 /home/travis/build/icyphy/ptII/ptolemy/actor/lib/test/auto/Limiter.xml
----------------- Instantiating /home/travis/build/icyphy/ptII/ptolemy/actor/lib/test/auto/Limiter.xml
6 ms. Memory: 1365504K Free: 886271K (65%)
----------------- Invoking toplevel() on ptolemy.moml.MoMLSimpleApplication@1ee8a49f
----------------- Done invoking toplevel() on ptolemy.moml.MoMLSimpleApplication@1ee8a49f
reloadAllAccessors: .Limiter

===========================================================================================
----------------- testing Wed Jun 12 04:30:56 UTC 2019 /home/travis/build/icyphy/ptII/ptolemy/actor/lib/test/auto/LinearDifferenceEquationSystem.xml
----------------- Instantiating /home/travis/build/icyphy/ptII/ptolemy/actor/lib/test/auto/LinearDifferenceEquationSystem.xml
4 ms. Memory: 1365504K Free: 873799K (64%)
----------------- Invoking toplevel() on ptolemy.moml.MoMLSimpleApplication@1d5a037c
----------------- Done invoking toplevel() on ptolemy.moml.MoMLSimpleApplication@1d5a037c
reloadAllAccessors: .LinearDifferenceEquationSystem

===========================================================================================
----------------- testing Wed Jun 12 04:30:56 UTC 2019 /home/travis/build/icyphy/ptII/ptolemy/actor/lib/test/auto/LookupTable.xml
----------------- Instantiating /home/travis/build/icyphy/ptII/ptolemy/actor/lib/test/auto/LookupTable.xml
1 ms. Memory: 1365504K Free: 861326K (63%)
----------------- Invoking toplevel() on ptolemy.moml.MoMLSimpleApplication@364f4f01
----------------- Done invoking toplevel() on ptolemy.moml.MoMLSimpleApplication@364f4f01
reloadAllAccessors: .LookupTable

===========================================================================================
----------------- testing Wed Jun 12 04:30:56 UTC 2019 /home/travis/build/icyphy/ptII/ptolemy/actor/lib/test/auto/MathFunction.xml
----------------- Instantiating /home/travis/build/icyphy/ptII/ptolemy/actor/lib/test/auto/MathFunction.xml
9 ms. Memory: 1365504K Free: 840761K (62%)
----------------- Invoking toplevel() on ptolemy.moml.MoMLSimpleApplication@5cb0db20
----------------- Done invoking toplevel() on ptolemy.moml.MoMLSimpleApplication@5cb0db20
reloadAllAccessors: .MathFunction

===========================================================================================
----------------- testing Wed Jun 12 04:30:56 UTC 2019 /home/travis/build/icyphy/ptII/ptolemy/actor/lib/test/auto/MathFunction2.xml
----------------- Instantiating /home/travis/build/icyphy/ptII/ptolemy/actor/lib/test/auto/MathFunction2.xml
1 ms. Memory: 1365504K Free: 828288K (61%)
----------------- Invoking toplevel() on ptolemy.moml.MoMLSimpleApplication@46bf418d
----------------- Done invoking toplevel() on ptolemy.moml.MoMLSimpleApplication@46bf418d
reloadAllAccessors: .MathFunction2

===========================================================================================
----------------- testing Wed Jun 12 04:30:56 UTC 2019 /home/travis/build/icyphy/ptII/ptolemy/actor/lib/test/auto/MathFunction3.xml
----------------- Instantiating /home/travis/build/icyphy/ptII/ptolemy/actor/lib/test/auto/MathFunction3.xml
2 ms. Memory: 1365504K Free: 815816K (60%)
----------------- Invoking toplevel() on ptolemy.moml.MoMLSimpleApplication@7845307c
----------------- Done invoking toplevel() on ptolemy.moml.MoMLSimpleApplication@7845307c
reloadAllAccessors: .MathFunction3

===========================================================================================
----------------- testing Wed Jun 12 04:30:56 UTC 2019 /home/travis/build/icyphy/ptII/ptolemy/actor/lib/test/auto/MatrixCropBoolean.xml
----------------- Instantiating /home/travis/build/icyphy/ptII/ptolemy/actor/lib/test/auto/MatrixCropBoolean.xml
1 ms. Memory: 1365504K Free: 795250K (58%)
----------------- Invoking toplevel() on ptolemy.moml.MoMLSimpleApplication@58e930ba
----------------- Done invoking toplevel() on ptolemy.moml.MoMLSimpleApplication@58e930ba
reloadAllAccessors: .MatrixCropBoolean

===========================================================================================
----------------- testing Wed Jun 12 04:30:56 UTC 2019 /home/travis/build/icyphy/ptII/ptolemy/actor/lib/test/auto/MatrixCropComplex.xml
----------------- Instantiating /home/travis/build/icyphy/ptII/ptolemy/actor/lib/test/auto/MatrixCropComplex.xml
1 ms. Memory: 1365504K Free: 782778K (57%)
----------------- Invoking toplevel() on ptolemy.moml.MoMLSimpleApplication@6b12ec82
----------------- Done invoking toplevel() on ptolemy.moml.MoMLSimpleApplication@6b12ec82
reloadAllAccessors: .MatrixCropComplex

===========================================================================================
----------------- testing Wed Jun 12 04:30:56 UTC 2019 /home/travis/build/icyphy/ptII/ptolemy/actor/lib/test/auto/MatrixCropDouble.xml
----------------- Instantiating /home/travis/build/icyphy/ptII/ptolemy/actor/lib/test/auto/MatrixCropDouble.xml
1 ms. Memory: 1365504K Free: 770306K (56%)
----------------- Invoking toplevel() on ptolemy.moml.MoMLSimpleApplication@6be597b5
----------------- Done invoking toplevel() on ptolemy.moml.MoMLSimpleApplication@6be597b5
reloadAllAccessors: .MatrixCropDouble

===========================================================================================
----------------- testing Wed Jun 12 04:30:56 UTC 2019 /home/travis/build/icyphy/ptII/ptolemy/actor/lib/test/auto/MatrixCropFix.xml
----------------- Instantiating /home/travis/build/icyphy/ptII/ptolemy/actor/lib/test/auto/MatrixCropFix.xml
2 ms. Memory: 1365504K Free: 749741K (55%)
----------------- Invoking toplevel() on ptolemy.moml.MoMLSimpleApplication@458dfdc3
----------------- Done invoking toplevel() on ptolemy.moml.MoMLSimpleApplication@458dfdc3
reloadAllAccessors: .MatrixCropFix

===========================================================================================
----------------- testing Wed Jun 12 04:30:56 UTC 2019 /home/travis/build/icyphy/ptII/ptolemy/actor/lib/test/auto/MatrixCropInt.xml
----------------- Instantiating /home/travis/build/icyphy/ptII/ptolemy/actor/lib/test/auto/MatrixCropInt.xml
2 ms. Memory: 1365504K Free: 737268K (54%)
----------------- Invoking toplevel() on ptolemy.moml.MoMLSimpleApplication@270a6fe0
----------------- Done invoking toplevel() on ptolemy.moml.MoMLSimpleApplication@270a6fe0
reloadAllAccessors: .MatrixCropInt

===========================================================================================
----------------- testing Wed Jun 12 04:30:56 UTC 2019 /home/travis/build/icyphy/ptII/ptolemy/actor/lib/test/auto/MatrixCropLong.xml
----------------- Instantiating /home/travis/build/icyphy/ptII/ptolemy/actor/lib/test/auto/MatrixCropLong.xml
2 ms. Memory: 1365504K Free: 724796K (53%)
----------------- Invoking toplevel() on ptolemy.moml.MoMLSimpleApplication@4df3fd5
----------------- Done invoking toplevel() on ptolemy.moml.MoMLSimpleApplication@4df3fd5
reloadAllAccessors: .MatrixCropLong

===========================================================================================
----------------- testing Wed Jun 12 04:30:56 UTC 2019 /home/travis/build/icyphy/ptII/ptolemy/actor/lib/test/auto/MatrixToArray.xml
----------------- Instantiating /home/travis/build/icyphy/ptII/ptolemy/actor/lib/test/auto/MatrixToArray.xml
5 ms. Memory: 1365504K Free: 691735K (51%)
----------------- Invoking toplevel() on ptolemy.moml.MoMLSimpleApplication@240c54e6
----------------- Done invoking toplevel() on ptolemy.moml.MoMLSimpleApplication@240c54e6
reloadAllAccessors: .MatrixToArray

===========================================================================================
----------------- testing Wed Jun 12 04:30:57 UTC 2019 /home/travis/build/icyphy/ptII/ptolemy/actor/lib/test/auto/MaxIndex.xml
----------------- Instantiating /home/travis/build/icyphy/ptII/ptolemy/actor/lib/test/auto/MaxIndex.xml
2 ms. Memory: 1365504K Free: 679262K (50%)
----------------- Invoking toplevel() on ptolemy.moml.MoMLSimpleApplication@5866abaa
----------------- Done invoking toplevel() on ptolemy.moml.MoMLSimpleApplication@5866abaa
reloadAllAccessors: .MaxIndex

===========================================================================================
----------------- testing Wed Jun 12 04:30:57 UTC 2019 /home/travis/build/icyphy/ptII/ptolemy/actor/lib/test/auto/Maximum.xml
----------------- Instantiating /home/travis/build/icyphy/ptII/ptolemy/actor/lib/test/auto/Maximum.xml
2 ms. Memory: 1365504K Free: 666790K (49%)
----------------- Invoking toplevel() on ptolemy.moml.MoMLSimpleApplication@1e850d75
----------------- Done invoking toplevel() on ptolemy.moml.MoMLSimpleApplication@1e850d75
reloadAllAccessors: .Maximum

===========================================================================================
----------------- testing Wed Jun 12 04:30:57 UTC 2019 /home/travis/build/icyphy/ptII/ptolemy/actor/lib/test/auto/MaximumComplex.xml
----------------- Instantiating /home/travis/build/icyphy/ptII/ptolemy/actor/lib/test/auto/MaximumComplex.xml
3 ms. Memory: 1365504K Free: 654318K (48%)
----------------- Invoking toplevel() on ptolemy.moml.MoMLSimpleApplication@27da83ca
----------------- Done invoking toplevel() on ptolemy.moml.MoMLSimpleApplication@27da83ca
reloadAllAccessors: .MaximumComplex

===========================================================================================
----------------- testing Wed Jun 12 04:30:57 UTC 2019 /home/travis/build/icyphy/ptII/ptolemy/actor/lib/test/auto/MethodCallTest.xml
----------------- Instantiating /home/travis/build/icyphy/ptII/ptolemy/actor/lib/test/auto/MethodCallTest.xml
2 ms. Memory: 1365504K Free: 633752K (46%)
----------------- Invoking toplevel() on ptolemy.moml.MoMLSimpleApplication@73dd92a1
----------------- Done invoking toplevel() on ptolemy.moml.MoMLSimpleApplication@73dd92a1
reloadAllAccessors: .MethodCallTest

===========================================================================================
----------------- testing Wed Jun 12 04:30:57 UTC 2019 /home/travis/build/icyphy/ptII/ptolemy/actor/lib/test/auto/Minimum.xml
----------------- Instantiating /home/travis/build/icyphy/ptII/ptolemy/actor/lib/test/auto/Minimum.xml
2 ms. Memory: 1365504K Free: 621280K (45%)
----------------- Invoking toplevel() on ptolemy.moml.MoMLSimpleApplication@2dfb4f2
----------------- Done invoking toplevel() on ptolemy.moml.MoMLSimpleApplication@2dfb4f2
reloadAllAccessors: .Minimum

===========================================================================================
----------------- testing Wed Jun 12 04:30:57 UTC 2019 /home/travis/build/icyphy/ptII/ptolemy/actor/lib/test/auto/MinimumComplex.xml
----------------- Instantiating /home/travis/build/icyphy/ptII/ptolemy/actor/lib/test/auto/MinimumComplex.xml
2 ms. Memory: 1365504K Free: 608807K (45%)
----------------- Invoking toplevel() on ptolemy.moml.MoMLSimpleApplication@4e508c59
----------------- Done invoking toplevel() on ptolemy.moml.MoMLSimpleApplication@4e508c59
reloadAllAccessors: .MinimumComplex

===========================================================================================
----------------- testing Wed Jun 12 04:30:57 UTC 2019 /home/travis/build/icyphy/ptII/ptolemy/actor/lib/test/auto/MinimumMultiports.xml
----------------- Instantiating /home/travis/build/icyphy/ptII/ptolemy/actor/lib/test/auto/MinimumMultiports.xml
3 ms. Memory: 1365504K Free: 588242K (43%)
----------------- Invoking toplevel() on ptolemy.moml.MoMLSimpleApplication@8e94c5f
----------------- Done invoking toplevel() on ptolemy.moml.MoMLSimpleApplication@8e94c5f
reloadAllAccessors: .MinimumMultiports

===========================================================================================
----------------- testing Wed Jun 12 04:30:57 UTC 2019 /home/travis/build/icyphy/ptII/ptolemy/actor/lib/test/auto/ModifyDate.xml
----------------- Instantiating /home/travis/build/icyphy/ptII/ptolemy/actor/lib/test/auto/ModifyDate.xml
4 ms. Memory: 1365504K Free: 569517K (42%)
----------------- Invoking toplevel() on ptolemy.moml.MoMLSimpleApplication@2b6c4a22
----------------- Done invoking toplevel() on ptolemy.moml.MoMLSimpleApplication@2b6c4a22
reloadAllAccessors: .ModifyDate

===========================================================================================
----------------- testing Wed Jun 12 04:30:57 UTC 2019 /home/travis/build/icyphy/ptII/ptolemy/actor/lib/test/auto/ModifyDate2.xml
----------------- Instantiating /home/travis/build/icyphy/ptII/ptolemy/actor/lib/test/auto/ModifyDate2.xml
4 ms. Memory: 1365504K Free: 550793K (40%)
----------------- Invoking toplevel() on ptolemy.moml.MoMLSimpleApplication@9b8ffe1
----------------- Done invoking toplevel() on ptolemy.moml.MoMLSimpleApplication@9b8ffe1
reloadAllAccessors: .ModifyDate2

===========================================================================================
----------------- testing Wed Jun 12 04:30:57 UTC 2019 /home/travis/build/icyphy/ptII/ptolemy/actor/lib/test/auto/MovingAverage.xml
----------------- Instantiating /home/travis/build/icyphy/ptII/ptolemy/actor/lib/test/auto/MovingAverage.xml
2 ms. Memory: 1365504K Free: 530228K (39%)
----------------- Invoking toplevel() on ptolemy.moml.MoMLSimpleApplication@3176c044
----------------- Done invoking toplevel() on ptolemy.moml.MoMLSimpleApplication@3176c044
reloadAllAccessors: .MovingAverage

===========================================================================================
----------------- testing Wed Jun 12 04:30:57 UTC 2019 /home/travis/build/icyphy/ptII/ptolemy/actor/lib/test/auto/MovingMaximum.xml
----------------- Instantiating /home/travis/build/icyphy/ptII/ptolemy/actor/lib/test/auto/MovingMaximum.xml
1 ms. Memory: 1365504K Free: 517755K (38%)
----------------- Invoking toplevel() on ptolemy.moml.MoMLSimpleApplication@77acf739
----------------- Done invoking toplevel() on ptolemy.moml.MoMLSimpleApplication@77acf739
reloadAllAccessors: .MovingMaximum

===========================================================================================
----------------- testing Wed Jun 12 04:30:57 UTC 2019 /home/travis/build/icyphy/ptII/ptolemy/actor/lib/test/auto/MultipleLinksToSameRelation.xml
----------------- Instantiating /home/travis/build/icyphy/ptII/ptolemy/actor/lib/test/auto/MultipleLinksToSameRelation.xml
1 ms. Memory: 1365504K Free: 505283K (37%)
----------------- Invoking toplevel() on ptolemy.moml.MoMLSimpleApplication@1d9ce889
----------------- Done invoking toplevel() on ptolemy.moml.MoMLSimpleApplication@1d9ce889
reloadAllAccessors: .MultipleLinksToSameRelation

===========================================================================================
----------------- testing Wed Jun 12 04:30:57 UTC 2019 /home/travis/build/icyphy/ptII/ptolemy/actor/lib/test/auto/MultipleLinksToSameRelationDE.xml
----------------- Instantiating /home/travis/build/icyphy/ptII/ptolemy/actor/lib/test/auto/MultipleLinksToSameRelationDE.xml
2 ms. Memory: 1365504K Free: 492811K (36%)
----------------- Invoking toplevel() on ptolemy.moml.MoMLSimpleApplication@46844fe9
----------------- Done invoking toplevel() on ptolemy.moml.MoMLSimpleApplication@46844fe9
reloadAllAccessors: .MultipleLinksToSameRelationDE

===========================================================================================
----------------- testing Wed Jun 12 04:30:57 UTC 2019 /home/travis/build/icyphy/ptII/ptolemy/actor/lib/test/auto/Multiplexor.xml
----------------- Instantiating /home/travis/build/icyphy/ptII/ptolemy/actor/lib/test/auto/Multiplexor.xml
2 ms. Memory: 1365504K Free: 472245K (35%)
----------------- Invoking toplevel() on ptolemy.moml.MoMLSimpleApplication@2826b425
----------------- Done invoking toplevel() on ptolemy.moml.MoMLSimpleApplication@2826b425
reloadAllAccessors: .Multiplexor

===========================================================================================
----------------- testing Wed Jun 12 04:30:57 UTC 2019 /home/travis/build/icyphy/ptII/ptolemy/actor/lib/test/auto/Multiplexor1.xml
----------------- Instantiating /home/travis/build/icyphy/ptII/ptolemy/actor/lib/test/auto/Multiplexor1.xml
1 ms. Memory: 1365504K Free: 459773K (34%)
----------------- Invoking toplevel() on ptolemy.moml.MoMLSimpleApplication@5ddcf2d9
----------------- Done invoking toplevel() on ptolemy.moml.MoMLSimpleApplication@5ddcf2d9
reloadAllAccessors: .Multiplexor1

===========================================================================================
----------------- testing Wed Jun 12 04:30:57 UTC 2019 /home/travis/build/icyphy/ptII/ptolemy/actor/lib/test/auto/Multiplexor2.xml
----------------- Instantiating /home/travis/build/icyphy/ptII/ptolemy/actor/lib/test/auto/Multiplexor2.xml
2 ms. Memory: 1365504K Free: 447301K (33%)
----------------- Invoking toplevel() on ptolemy.moml.MoMLSimpleApplication@7cff03cf
----------------- Done invoking toplevel() on ptolemy.moml.MoMLSimpleApplication@7cff03cf
reloadAllAccessors: .Multiplexor2

===========================================================================================
----------------- testing Wed Jun 12 04:30:57 UTC 2019 /home/travis/build/icyphy/ptII/ptolemy/actor/lib/test/auto/Multiplexor3.xml
----------------- Instantiating /home/travis/build/icyphy/ptII/ptolemy/actor/lib/test/auto/Multiplexor3.xml
2 ms. Memory: 1365504K Free: 426736K (31%)
----------------- Invoking toplevel() on ptolemy.moml.MoMLSimpleApplication@78d39a9b
----------------- Done invoking toplevel() on ptolemy.moml.MoMLSimpleApplication@78d39a9b
reloadAllAccessors: .Multiplexor3

===========================================================================================
----------------- testing Wed Jun 12 04:30:57 UTC 2019 /home/travis/build/icyphy/ptII/ptolemy/actor/lib/test/auto/MultiplexorDE.xml
----------------- Instantiating /home/travis/build/icyphy/ptII/ptolemy/actor/lib/test/auto/MultiplexorDE.xml
2 ms. Memory: 1365504K Free: 414263K (30%)
----------------- Invoking toplevel() on ptolemy.moml.MoMLSimpleApplication@2273e676
----------------- Done invoking toplevel() on ptolemy.moml.MoMLSimpleApplication@2273e676
reloadAllAccessors: .MultiplexorDE

===========================================================================================
----------------- testing Wed Jun 12 04:30:57 UTC 2019 /home/travis/build/icyphy/ptII/ptolemy/actor/lib/test/auto/MultiportBroadcastTest.xml
----------------- Instantiating /home/travis/build/icyphy/ptII/ptolemy/actor/lib/test/auto/MultiportBroadcastTest.xml
51 ms. Memory: 1365504K Free: 401791K (29%)
----------------- Invoking toplevel() on ptolemy.moml.MoMLSimpleApplication@59ceb04d
----------------- Done invoking toplevel() on ptolemy.moml.MoMLSimpleApplication@59ceb04d
reloadAllAccessors: .MultiportBroadcastTest

===========================================================================================
----------------- testing Wed Jun 12 04:30:57 UTC 2019 /home/travis/build/icyphy/ptII/ptolemy/actor/lib/test/auto/MultiportOutHangDuringGetWidth.xml
----------------- Instantiating /home/travis/build/icyphy/ptII/ptolemy/actor/lib/test/auto/MultiportOutHangDuringGetWidth.xml
4 ms. Memory: 1365504K Free: 374990K (27%)
----------------- Invoking toplevel() on ptolemy.moml.MoMLSimpleApplication@2ece54c
----------------- Done invoking toplevel() on ptolemy.moml.MoMLSimpleApplication@2ece54c
reloadAllAccessors: .MultiportOutHangDuringGetWidth

===========================================================================================
----------------- testing Wed Jun 12 04:30:57 UTC 2019 /home/travis/build/icyphy/ptII/ptolemy/actor/lib/test/auto/NilToken.xml
----------------- Instantiating /home/travis/build/icyphy/ptII/ptolemy/actor/lib/test/auto/NilToken.xml
1 ms. Memory: 1365504K Free: 362517K (27%)
----------------- Invoking toplevel() on ptolemy.moml.MoMLSimpleApplication@1063431e
----------------- Done invoking toplevel() on ptolemy.moml.MoMLSimpleApplication@1063431e
reloadAllAccessors: .NilToken

===========================================================================================
----------------- testing Wed Jun 12 04:30:57 UTC 2019 /home/travis/build/icyphy/ptII/ptolemy/actor/lib/test/auto/NilTokenNonStrictTest.xml
----------------- Instantiating /home/travis/build/icyphy/ptII/ptolemy/actor/lib/test/auto/NilTokenNonStrictTest.xml
2 ms. Memory: 1365504K Free: 350045K (26%)
----------------- Invoking toplevel() on ptolemy.moml.MoMLSimpleApplication@2a989f53
----------------- Done invoking toplevel() on ptolemy.moml.MoMLSimpleApplication@2a989f53
reloadAllAccessors: .NilTokenNonStrictTest

===========================================================================================
----------------- testing Wed Jun 12 04:30:57 UTC 2019 /home/travis/build/icyphy/ptII/ptolemy/actor/lib/test/auto/NilTokenRecord.xml
----------------- Instantiating /home/travis/build/icyphy/ptII/ptolemy/actor/lib/test/auto/NilTokenRecord.xml
5 ms. Memory: 1365504K Free: 329480K (24%)
----------------- Invoking toplevel() on ptolemy.moml.MoMLSimpleApplication@1acee832
----------------- Done invoking toplevel() on ptolemy.moml.MoMLSimpleApplication@1acee832
reloadAllAccessors: .NilTokenRecord

===========================================================================================
----------------- testing Wed Jun 12 04:30:57 UTC 2019 /home/travis/build/icyphy/ptII/ptolemy/actor/lib/test/auto/NilTokenTypeTest.xml
----------------- Instantiating /home/travis/build/icyphy/ptII/ptolemy/actor/lib/test/auto/NilTokenTypeTest.xml
4 ms. Memory: 1365504K Free: 310771K (23%)
----------------- Invoking toplevel() on ptolemy.moml.MoMLSimpleApplication@1c722c23
----------------- Done invoking toplevel() on ptolemy.moml.MoMLSimpleApplication@1c722c23
reloadAllAccessors: .NilTokenTypeTest

===========================================================================================
----------------- testing Wed Jun 12 04:30:57 UTC 2019 /home/travis/build/icyphy/ptII/ptolemy/actor/lib/test/auto/ObjectToken1.xml
----------------- Instantiating /home/travis/build/icyphy/ptII/ptolemy/actor/lib/test/auto/ObjectToken1.xml
1 ms. Memory: 1365504K Free: 298299K (22%)
----------------- Invoking toplevel() on ptolemy.moml.MoMLSimpleApplication@48e53daf
----------------- Done invoking toplevel() on ptolemy.moml.MoMLSimpleApplication@48e53daf
reloadAllAccessors: .ObjectToken1

===========================================================================================
----------------- testing Wed Jun 12 04:30:57 UTC 2019 /home/travis/build/icyphy/ptII/ptolemy/actor/lib/test/auto/OrderedMerge.xml
----------------- Instantiating /home/travis/build/icyphy/ptII/ptolemy/actor/lib/test/auto/OrderedMerge.xml
4 ms. Memory: 1365504K Free: 260882K (19%)
----------------- Invoking toplevel() on ptolemy.moml.MoMLSimpleApplication@5b546399
----------------- Done invoking toplevel() on ptolemy.moml.MoMLSimpleApplication@5b546399
reloadAllAccessors: .OrderedMerge

===========================================================================================
----------------- testing Wed Jun 12 04:30:57 UTC 2019 /home/travis/build/icyphy/ptII/ptolemy/actor/lib/test/auto/OrderedRecordDisassembler.xml
----------------- Instantiating /home/travis/build/icyphy/ptII/ptolemy/actor/lib/test/auto/OrderedRecordDisassembler.xml
2 ms. Memory: 1365504K Free: 240317K (18%)
----------------- Invoking toplevel() on ptolemy.moml.MoMLSimpleApplication@76ccf534
----------------- Done invoking toplevel() on ptolemy.moml.MoMLSimpleApplication@76ccf534
reloadAllAccessors: .OrderedRecordDisassembler

===========================================================================================
----------------- testing Wed Jun 12 04:30:57 UTC 2019 /home/travis/build/icyphy/ptII/ptolemy/actor/lib/test/auto/OrderedRecordDisassembler2.xml
----------------- Instantiating /home/travis/build/icyphy/ptII/ptolemy/actor/lib/test/auto/OrderedRecordDisassembler2.xml
3 ms. Memory: 1365504K Free: 227844K (17%)
----------------- Invoking toplevel() on ptolemy.moml.MoMLSimpleApplication@506573d9
----------------- Done invoking toplevel() on ptolemy.moml.MoMLSimpleApplication@506573d9
reloadAllAccessors: .OrderedRecordDisassembler2

===========================================================================================
----------------- testing Wed Jun 12 04:30:57 UTC 2019 /home/travis/build/icyphy/ptII/ptolemy/actor/lib/test/auto/OrderedRecordUpdater.xml
----------------- Instantiating /home/travis/build/icyphy/ptII/ptolemy/actor/lib/test/auto/OrderedRecordUpdater.xml
1 ms. Memory: 1365504K Free: 215372K (16%)
----------------- Invoking toplevel() on ptolemy.moml.MoMLSimpleApplication@220a384
----------------- Done invoking toplevel() on ptolemy.moml.MoMLSimpleApplication@220a384
reloadAllAccessors: .RecordUpdater

===========================================================================================
----------------- testing Wed Jun 12 04:30:57 UTC 2019 /home/travis/build/icyphy/ptII/ptolemy/actor/lib/test/auto/OrderedRecordUpdater2.xml
----------------- Instantiating /home/travis/build/icyphy/ptII/ptolemy/actor/lib/test/auto/OrderedRecordUpdater2.xml
3 ms. Memory: 1365504K Free: 194807K (14%)
----------------- Invoking toplevel() on ptolemy.moml.MoMLSimpleApplication@13b04965
----------------- Done invoking toplevel() on ptolemy.moml.MoMLSimpleApplication@13b04965
reloadAllAccessors: .RecordUpdater2

===========================================================================================
----------------- testing Wed Jun 12 04:30:57 UTC 2019 /home/travis/build/icyphy/ptII/ptolemy/actor/lib/test/auto/PhaseUnwrap.xml
----------------- Instantiating /home/travis/build/icyphy/ptII/ptolemy/actor/lib/test/auto/PhaseUnwrap.xml
2 ms. Memory: 1365504K Free: 182334K (13%)
----------------- Invoking toplevel() on ptolemy.moml.MoMLSimpleApplication@4ffc783e
----------------- Done invoking toplevel() on ptolemy.moml.MoMLSimpleApplication@4ffc783e
reloadAllAccessors: .PhaseUnwrap

===========================================================================================
----------------- testing Wed Jun 12 04:30:57 UTC 2019 /home/travis/build/icyphy/ptII/ptolemy/actor/lib/test/auto/PoissonClock.xml
----------------- Instantiating /home/travis/build/icyphy/ptII/ptolemy/actor/lib/test/auto/PoissonClock.xml
2 ms. Memory: 1365504K Free: 169862K (12%)
----------------- Invoking toplevel() on ptolemy.moml.MoMLSimpleApplication@4f802fc8
----------------- Done invoking toplevel() on ptolemy.moml.MoMLSimpleApplication@4f802fc8
reloadAllAccessors: .PoissonClock

===========================================================================================
----------------- testing Wed Jun 12 04:30:57 UTC 2019 /home/travis/build/icyphy/ptII/ptolemy/actor/lib/test/auto/PoissonClock2.xml
----------------- Instantiating /home/travis/build/icyphy/ptII/ptolemy/actor/lib/test/auto/PoissonClock2.xml
2 ms. Memory: 1365504K Free: 149297K (11%)
----------------- Invoking toplevel() on ptolemy.moml.MoMLSimpleApplication@5a8b99f1
----------------- Done invoking toplevel() on ptolemy.moml.MoMLSimpleApplication@5a8b99f1
reloadAllAccessors: .PoissonClock2

===========================================================================================
----------------- testing Wed Jun 12 04:30:57 UTC 2019 /home/travis/build/icyphy/ptII/ptolemy/actor/lib/test/auto/PoissonClock3.xml
----------------- Instantiating /home/travis/build/icyphy/ptII/ptolemy/actor/lib/test/auto/PoissonClock3.xml
1 ms. Memory: 1365504K Free: 136824K (10%)
----------------- Invoking toplevel() on ptolemy.moml.MoMLSimpleApplication@1e75bf4a
----------------- Done invoking toplevel() on ptolemy.moml.MoMLSimpleApplication@1e75bf4a
reloadAllAccessors: .PoissonClock3

===========================================================================================
----------------- testing Wed Jun 12 04:30:57 UTC 2019 /home/travis/build/icyphy/ptII/ptolemy/actor/lib/test/auto/PubSubWithInitialTokens.xml
----------------- Instantiating /home/travis/build/icyphy/ptII/ptolemy/actor/lib/test/auto/PubSubWithInitialTokens.xml
2 ms. Memory: 1365504K Free: 124352K (9%)
----------------- Invoking toplevel() on ptolemy.moml.MoMLSimpleApplication@76007c4c
----------------- Done invoking toplevel() on ptolemy.moml.MoMLSimpleApplication@76007c4c
reloadAllAccessors: .PubSubWithInitialTokens

===========================================================================================
----------------- testing Wed Jun 12 04:30:57 UTC 2019 /home/travis/build/icyphy/ptII/ptolemy/actor/lib/test/auto/PubSubWithInitialTokens2.xml
----------------- Instantiating /home/travis/build/icyphy/ptII/ptolemy/actor/lib/test/auto/PubSubWithInitialTokens2.xml
2 ms. Memory: 1365504K Free: 103787K (8%)
----------------- Invoking toplevel() on ptolemy.moml.MoMLSimpleApplication@212f23bc
----------------- Done invoking toplevel() on ptolemy.moml.MoMLSimpleApplication@212f23bc
reloadAllAccessors: .PubSubWithInitialTokens2

===========================================================================================
----------------- testing Wed Jun 12 04:30:57 UTC 2019 /home/travis/build/icyphy/ptII/ptolemy/actor/lib/test/auto/PublisherClassNoParameter.xml
----------------- Instantiating /home/travis/build/icyphy/ptII/ptolemy/actor/lib/test/auto/PublisherClassNoParameter.xml
3 ms. Memory: 1365504K Free: 85062K (6%)
----------------- Invoking toplevel() on ptolemy.moml.MoMLSimpleApplication@55f26193
----------------- Done invoking toplevel() on ptolemy.moml.MoMLSimpleApplication@55f26193
reloadAllAccessors: .PublisherClassNoParameter

===========================================================================================
----------------- testing Wed Jun 12 04:30:57 UTC 2019 /home/travis/build/icyphy/ptII/ptolemy/actor/lib/test/auto/PublisherClassParameter.xml
----------------- Instantiating /home/travis/build/icyphy/ptII/ptolemy/actor/lib/test/auto/PublisherClassParameter.xml
2 ms. Memory: 1573376K Free: 1523167K (97%)
----------------- Invoking toplevel() on ptolemy.moml.MoMLSimpleApplication@628d7852
----------------- Done invoking toplevel() on ptolemy.moml.MoMLSimpleApplication@628d7852
reloadAllAccessors: .PublisherClassParameter

===========================================================================================
----------------- testing Wed Jun 12 04:30:57 UTC 2019 /home/travis/build/icyphy/ptII/ptolemy/actor/lib/test/auto/PublisherNonStrictTest.xml
----------------- Instantiating /home/travis/build/icyphy/ptII/ptolemy/actor/lib/test/auto/PublisherNonStrictTest.xml
2 ms. Memory: 1573376K Free: 1500642K (95%)
----------------- Invoking toplevel() on ptolemy.moml.MoMLSimpleApplication@6fb12c66
----------------- Done invoking toplevel() on ptolemy.moml.MoMLSimpleApplication@6fb12c66
reloadAllAccessors: .PublisherNonStrictTest

===========================================================================================
----------------- testing Wed Jun 12 04:30:57 UTC 2019 /home/travis/build/icyphy/ptII/ptolemy/actor/lib/test/auto/PublisherPort1.xml
----------------- Instantiating /home/travis/build/icyphy/ptII/ptolemy/actor/lib/test/auto/PublisherPort1.xml
2 ms. Memory: 1573376K Free: 1485896K (94%)
----------------- Invoking toplevel() on ptolemy.moml.MoMLSimpleApplication@45fbf355
----------------- Done invoking toplevel() on ptolemy.moml.MoMLSimpleApplication@45fbf355
reloadAllAccessors: .PublisherPort1

===========================================================================================
----------------- testing Wed Jun 12 04:30:57 UTC 2019 /home/travis/build/icyphy/ptII/ptolemy/actor/lib/test/auto/PublisherPort2.xml
----------------- Instantiating /home/travis/build/icyphy/ptII/ptolemy/actor/lib/test/auto/PublisherPort2.xml
1 ms. Memory: 1573376K Free: 1471150K (94%)
----------------- Invoking toplevel() on ptolemy.moml.MoMLSimpleApplication@5815d6d7
----------------- Done invoking toplevel() on ptolemy.moml.MoMLSimpleApplication@5815d6d7
reloadAllAccessors: .PublisherPort2

===========================================================================================
----------------- testing Wed Jun 12 04:30:57 UTC 2019 /home/travis/build/icyphy/ptII/ptolemy/actor/lib/test/auto/PublisherPort3.xml
----------------- Instantiating /home/travis/build/icyphy/ptII/ptolemy/actor/lib/test/auto/PublisherPort3.xml
3 ms. Memory: 1573376K Free: 1448625K (92%)
----------------- Invoking toplevel() on ptolemy.moml.MoMLSimpleApplication@1558ae8e
----------------- Done invoking toplevel() on ptolemy.moml.MoMLSimpleApplication@1558ae8e
reloadAllAccessors: .PublisherPort3

===========================================================================================
----------------- testing Wed Jun 12 04:30:57 UTC 2019 /home/travis/build/icyphy/ptII/ptolemy/actor/lib/test/auto/PublisherPort4.xml
----------------- Instantiating /home/travis/build/icyphy/ptII/ptolemy/actor/lib/test/auto/PublisherPort4.xml
2 ms. Memory: 1573376K Free: 1433880K (91%)
----------------- Invoking toplevel() on ptolemy.moml.MoMLSimpleApplication@3656fd59
----------------- Done invoking toplevel() on ptolemy.moml.MoMLSimpleApplication@3656fd59
reloadAllAccessors: .PublisherPort4

===========================================================================================
----------------- testing Wed Jun 12 04:30:57 UTC 2019 /home/travis/build/icyphy/ptII/ptolemy/actor/lib/test/auto/PublisherPort5.xml
----------------- Instantiating /home/travis/build/icyphy/ptII/ptolemy/actor/lib/test/auto/PublisherPort5.xml
3 ms. Memory: 1573376K Free: 1419134K (90%)
----------------- Invoking toplevel() on ptolemy.moml.MoMLSimpleApplication@b348de7
----------------- Done invoking toplevel() on ptolemy.moml.MoMLSimpleApplication@b348de7
reloadAllAccessors: .PublisherPort5

===========================================================================================
----------------- testing Wed Jun 12 04:30:57 UTC 2019 /home/travis/build/icyphy/ptII/ptolemy/actor/lib/test/auto/PublisherPort5LookAlike.xml
----------------- Instantiating /home/travis/build/icyphy/ptII/ptolemy/actor/lib/test/auto/PublisherPort5LookAlike.xml
3 ms. Memory: 1573376K Free: 1396524K (89%)
----------------- Invoking toplevel() on ptolemy.moml.MoMLSimpleApplication@2928a7f4
----------------- Done invoking toplevel() on ptolemy.moml.MoMLSimpleApplication@2928a7f4
reloadAllAccessors: .PublisherPort5LookAlike

===========================================================================================
----------------- testing Wed Jun 12 04:30:57 UTC 2019 /home/travis/build/icyphy/ptII/ptolemy/actor/lib/test/auto/PublisherPort6.xml
----------------- Instantiating /home/travis/build/icyphy/ptII/ptolemy/actor/lib/test/auto/PublisherPort6.xml
2 ms. Memory: 1573376K Free: 1381779K (88%)
----------------- Invoking toplevel() on ptolemy.moml.MoMLSimpleApplication@67580c7c
----------------- Done invoking toplevel() on ptolemy.moml.MoMLSimpleApplication@67580c7c
reloadAllAccessors: .PublisherPort6

===========================================================================================
----------------- testing Wed Jun 12 04:30:57 UTC 2019 /home/travis/build/icyphy/ptII/ptolemy/actor/lib/test/auto/PublisherPort7.xml
----------------- Instantiating /home/travis/build/icyphy/ptII/ptolemy/actor/lib/test/auto/PublisherPort7.xml
3 ms. Memory: 1573376K Free: 1367033K (87%)
----------------- Invoking toplevel() on ptolemy.moml.MoMLSimpleApplication@2144e6d9
----------------- Done invoking toplevel() on ptolemy.moml.MoMLSimpleApplication@2144e6d9
reloadAllAccessors: .PublisherPort7

===========================================================================================
----------------- testing Wed Jun 12 04:30:57 UTC 2019 /home/travis/build/icyphy/ptII/ptolemy/actor/lib/test/auto/PublisherPort8.xml
----------------- Instantiating /home/travis/build/icyphy/ptII/ptolemy/actor/lib/test/auto/PublisherPort8.xml
4 ms. Memory: 1573376K Free: 1344508K (85%)
----------------- Invoking toplevel() on ptolemy.moml.MoMLSimpleApplication@7990c61b
----------------- Done invoking toplevel() on ptolemy.moml.MoMLSimpleApplication@7990c61b
reloadAllAccessors: .PublisherPort8

===========================================================================================
----------------- testing Wed Jun 12 04:30:58 UTC 2019 /home/travis/build/icyphy/ptII/ptolemy/actor/lib/test/auto/PublisherPortSubscriberChannelVariablesAOC2.xml
----------------- Instantiating /home/travis/build/icyphy/ptII/ptolemy/actor/lib/test/auto/PublisherPortSubscriberChannelVariablesAOC2.xml
2 ms. Memory: 1573376K Free: 1322374K (84%)
----------------- Invoking toplevel() on ptolemy.moml.MoMLSimpleApplication@3e39213e
----------------- Done invoking toplevel() on ptolemy.moml.MoMLSimpleApplication@3e39213e
reloadAllAccessors: .PublisherPortSubscriberChannelVariablesAOC2

===========================================================================================
----------------- testing Wed Jun 12 04:30:58 UTC 2019 /home/travis/build/icyphy/ptII/ptolemy/actor/lib/test/auto/PublisherPortSubscriberOpaqueWidthInference.xml
----------------- Instantiating /home/travis/build/icyphy/ptII/ptolemy/actor/lib/test/auto/PublisherPortSubscriberOpaqueWidthInference.xml
3 ms. Memory: 1573376K Free: 1307628K (83%)
----------------- Invoking toplevel() on ptolemy.moml.MoMLSimpleApplication@5d2d4b8b
----------------- Done invoking toplevel() on ptolemy.moml.MoMLSimpleApplication@5d2d4b8b
reloadAllAccessors: .PublisherPortSubscriberOpaqueWidthInference

===========================================================================================
----------------- testing Wed Jun 12 04:30:58 UTC 2019 /home/travis/build/icyphy/ptII/ptolemy/actor/lib/test/auto/PublisherPortSubscriberPortAdjacent.xml
----------------- Instantiating /home/travis/build/icyphy/ptII/ptolemy/actor/lib/test/auto/PublisherPortSubscriberPortAdjacent.xml
2 ms. Memory: 1573376K Free: 1285103K (82%)
----------------- Invoking toplevel() on ptolemy.moml.MoMLSimpleApplication@1f706f0d
----------------- Done invoking toplevel() on ptolemy.moml.MoMLSimpleApplication@1f706f0d
reloadAllAccessors: .PublisherPortSubscriberPortAdjacent

===========================================================================================
----------------- testing Wed Jun 12 04:30:58 UTC 2019 /home/travis/build/icyphy/ptII/ptolemy/actor/lib/test/auto/PublisherPortSubscriberPortExpression.xml
----------------- Instantiating /home/travis/build/icyphy/ptII/ptolemy/actor/lib/test/auto/PublisherPortSubscriberPortExpression.xml
3 ms. Memory: 1573376K Free: 1270357K (81%)
----------------- Invoking toplevel() on ptolemy.moml.MoMLSimpleApplication@70f8b484
----------------- Done invoking toplevel() on ptolemy.moml.MoMLSimpleApplication@70f8b484
reloadAllAccessors: .PublisherPortSubscriberPortExpression

===========================================================================================
----------------- testing Wed Jun 12 04:30:58 UTC 2019 /home/travis/build/icyphy/ptII/ptolemy/actor/lib/test/auto/PublisherPortSubscriberPortOpaqueD3Reverse.xml
----------------- Instantiating /home/travis/build/icyphy/ptII/ptolemy/actor/lib/test/auto/PublisherPortSubscriberPortOpaqueD3Reverse.xml
6 ms. Memory: 1573376K Free: 1255612K (80%)
----------------- Invoking toplevel() on ptolemy.moml.MoMLSimpleApplication@21d8ab88
----------------- Done invoking toplevel() on ptolemy.moml.MoMLSimpleApplication@21d8ab88
reloadAllAccessors: .PublisherPortSubscriberPortOpaqueD3Reverse

===========================================================================================
----------------- testing Wed Jun 12 04:30:58 UTC 2019 /home/travis/build/icyphy/ptII/ptolemy/actor/lib/test/auto/PublisherPortSubscriberPortOpaqueWidthInference.xml
----------------- Instantiating /home/travis/build/icyphy/ptII/ptolemy/actor/lib/test/auto/PublisherPortSubscriberPortOpaqueWidthInference.xml
3 ms. Memory: 1573376K Free: 1233086K (78%)
----------------- Invoking toplevel() on ptolemy.moml.MoMLSimpleApplication@79a56013
----------------- Done invoking toplevel() on ptolemy.moml.MoMLSimpleApplication@79a56013
reloadAllAccessors: .PublisherPortSubscriberPortOpaqueWidthInference

===========================================================================================
----------------- testing Wed Jun 12 04:30:58 UTC 2019 /home/travis/build/icyphy/ptII/ptolemy/actor/lib/test/auto/PublisherPortToplevelSubscriberPortAOC.xml
----------------- Instantiating /home/travis/build/icyphy/ptII/ptolemy/actor/lib/test/auto/PublisherPortToplevelSubscriberPortAOC.xml
.PublisherPortToplevelSubscriberPortAOC.TestExceptionAttribute: initialize() was not invoked, but wrapup() was.  This is unusual, but not always a problem.  For example, exporting JNLP will do this.
0 ms. Memory: 1573376K Free: 1218341K (77%)
----------------- Invoking toplevel() on ptolemy.moml.MoMLSimpleApplication@1f44c3b3
----------------- Done invoking toplevel() on ptolemy.moml.MoMLSimpleApplication@1f44c3b3
reloadAllAccessors: .PublisherPortToplevelSubscriberPortAOC

===========================================================================================
----------------- testing Wed Jun 12 04:30:58 UTC 2019 /home/travis/build/icyphy/ptII/ptolemy/actor/lib/test/auto/PublisherSubscriber.xml
----------------- Instantiating /home/travis/build/icyphy/ptII/ptolemy/actor/lib/test/auto/PublisherSubscriber.xml
2 ms. Memory: 1573376K Free: 1203595K (76%)
----------------- Invoking toplevel() on ptolemy.moml.MoMLSimpleApplication@56997af5
----------------- Done invoking toplevel() on ptolemy.moml.MoMLSimpleApplication@56997af5
reloadAllAccessors: .PublisherSubscriber

===========================================================================================
----------------- testing Wed Jun 12 04:30:58 UTC 2019 /home/travis/build/icyphy/ptII/ptolemy/actor/lib/test/auto/PublisherSubscriber10.xml
----------------- Instantiating /home/travis/build/icyphy/ptII/ptolemy/actor/lib/test/auto/PublisherSubscriber10.xml
4 ms. Memory: 1573376K Free: 1181070K (75%)
----------------- Invoking toplevel() on ptolemy.moml.MoMLSimpleApplication@49fb34ac
----------------- Done invoking toplevel() on ptolemy.moml.MoMLSimpleApplication@49fb34ac
reloadAllAccessors: .PublisherSubscriber10

===========================================================================================
----------------- testing Wed Jun 12 04:30:58 UTC 2019 /home/travis/build/icyphy/ptII/ptolemy/actor/lib/test/auto/PublisherSubscriber10InitialOutputs.xml
----------------- Instantiating /home/travis/build/icyphy/ptII/ptolemy/actor/lib/test/auto/PublisherSubscriber10InitialOutputs.xml
4 ms. Memory: 1573376K Free: 1166324K (74%)
----------------- Invoking toplevel() on ptolemy.moml.MoMLSimpleApplication@57fa9b4
----------------- Done invoking toplevel() on ptolemy.moml.MoMLSimpleApplication@57fa9b4
reloadAllAccessors: .PublisherSubscriber10InitialOutputs

===========================================================================================
----------------- testing Wed Jun 12 04:30:58 UTC 2019 /home/travis/build/icyphy/ptII/ptolemy/actor/lib/test/auto/PublisherSubscriber11.xml
----------------- Instantiating /home/travis/build/icyphy/ptII/ptolemy/actor/lib/test/auto/PublisherSubscriber11.xml
2 ms. Memory: 1573376K Free: 1151579K (73%)
----------------- Invoking toplevel() on ptolemy.moml.MoMLSimpleApplication@30649735
----------------- Done invoking toplevel() on ptolemy.moml.MoMLSimpleApplication@30649735
reloadAllAccessors: .PublisherSubscriber11

===========================================================================================
----------------- testing Wed Jun 12 04:30:58 UTC 2019 /home/travis/build/icyphy/ptII/ptolemy/actor/lib/test/auto/PublisherSubscriber12.xml
----------------- Instantiating /home/travis/build/icyphy/ptII/ptolemy/actor/lib/test/auto/PublisherSubscriber12.xml
2 ms. Memory: 1573376K Free: 1129054K (72%)
----------------- Invoking toplevel() on ptolemy.moml.MoMLSimpleApplication@20f1278d
----------------- Done invoking toplevel() on ptolemy.moml.MoMLSimpleApplication@20f1278d
reloadAllAccessors: .PublisherSubscriber12

===========================================================================================
----------------- testing Wed Jun 12 04:30:58 UTC 2019 /home/travis/build/icyphy/ptII/ptolemy/actor/lib/test/auto/PublisherSubscriber13.xml
----------------- Instantiating /home/travis/build/icyphy/ptII/ptolemy/actor/lib/test/auto/PublisherSubscriber13.xml
2 ms. Memory: 1573376K Free: 1114308K (71%)
----------------- Invoking toplevel() on ptolemy.moml.MoMLSimpleApplication@593f9cbc
----------------- Done invoking toplevel() on ptolemy.moml.MoMLSimpleApplication@593f9cbc
reloadAllAccessors: .PublisherSubscriber13

===========================================================================================
----------------- testing Wed Jun 12 04:30:58 UTC 2019 /home/travis/build/icyphy/ptII/ptolemy/actor/lib/test/auto/PublisherSubscriber14.xml
----------------- Instantiating /home/travis/build/icyphy/ptII/ptolemy/actor/lib/test/auto/PublisherSubscriber14.xml
2 ms. Memory: 1573376K Free: 1099562K (70%)
----------------- Invoking toplevel() on ptolemy.moml.MoMLSimpleApplication@770db1ad
----------------- Done invoking toplevel() on ptolemy.moml.MoMLSimpleApplication@770db1ad
reloadAllAccessors: .PublisherSubscriber14

===========================================================================================
----------------- testing Wed Jun 12 04:30:58 UTC 2019 /home/travis/build/icyphy/ptII/ptolemy/actor/lib/test/auto/PublisherSubscriber2.xml
----------------- Instantiating /home/travis/build/icyphy/ptII/ptolemy/actor/lib/test/auto/PublisherSubscriber2.xml
3 ms. Memory: 1573376K Free: 1077037K (68%)
----------------- Invoking toplevel() on ptolemy.moml.MoMLSimpleApplication@702257bc
----------------- Done invoking toplevel() on ptolemy.moml.MoMLSimpleApplication@702257bc
reloadAllAccessors: .PublisherSubscriber2

===========================================================================================
----------------- testing Wed Jun 12 04:30:58 UTC 2019 /home/travis/build/icyphy/ptII/ptolemy/actor/lib/test/auto/PublisherSubscriber3.xml
----------------- Instantiating /home/travis/build/icyphy/ptII/ptolemy/actor/lib/test/auto/PublisherSubscriber3.xml
1 ms. Memory: 1573376K Free: 1062292K (68%)
----------------- Invoking toplevel() on ptolemy.moml.MoMLSimpleApplication@57b05743
----------------- Done invoking toplevel() on ptolemy.moml.MoMLSimpleApplication@57b05743
reloadAllAccessors: .PublisherSubscriber3

===========================================================================================
----------------- testing Wed Jun 12 04:30:58 UTC 2019 /home/travis/build/icyphy/ptII/ptolemy/actor/lib/test/auto/PublisherSubscriber4.xml
----------------- Instantiating /home/travis/build/icyphy/ptII/ptolemy/actor/lib/test/auto/PublisherSubscriber4.xml
2 ms. Memory: 1573376K Free: 1047546K (67%)
----------------- Invoking toplevel() on ptolemy.moml.MoMLSimpleApplication@24527877
----------------- Done invoking toplevel() on ptolemy.moml.MoMLSimpleApplication@24527877
reloadAllAccessors: .PublisherSubscriber4

===========================================================================================
----------------- testing Wed Jun 12 04:30:58 UTC 2019 /home/travis/build/icyphy/ptII/ptolemy/actor/lib/test/auto/PublisherSubscriber5.xml
----------------- Instantiating /home/travis/build/icyphy/ptII/ptolemy/actor/lib/test/auto/PublisherSubscriber5.xml
6 ms. Memory: 1573376K Free: 1025021K (65%)
----------------- Invoking toplevel() on ptolemy.moml.MoMLSimpleApplication@34c098f8
----------------- Done invoking toplevel() on ptolemy.moml.MoMLSimpleApplication@34c098f8
reloadAllAccessors: .PublisherSubscriber5

===========================================================================================
----------------- testing Wed Jun 12 04:30:58 UTC 2019 /home/travis/build/icyphy/ptII/ptolemy/actor/lib/test/auto/PublisherSubscriber6.xml
----------------- Instantiating /home/travis/build/icyphy/ptII/ptolemy/actor/lib/test/auto/PublisherSubscriber6.xml
4 ms. Memory: 1573376K Free: 1010275K (64%)
----------------- Invoking toplevel() on ptolemy.moml.MoMLSimpleApplication@910e54e
----------------- Done invoking toplevel() on ptolemy.moml.MoMLSimpleApplication@910e54e
reloadAllAccessors: .PublisherSubscriber6

===========================================================================================
----------------- testing Wed Jun 12 04:30:58 UTC 2019 /home/travis/build/icyphy/ptII/ptolemy/actor/lib/test/auto/PublisherSubscriber7.xml
----------------- Instantiating /home/travis/build/icyphy/ptII/ptolemy/actor/lib/test/auto/PublisherSubscriber7.xml
6 ms. Memory: 1573376K Free: 995530K (63%)
----------------- Invoking toplevel() on ptolemy.moml.MoMLSimpleApplication@4f800a15
----------------- Done invoking toplevel() on ptolemy.moml.MoMLSimpleApplication@4f800a15
reloadAllAccessors: .PublisherSubscriber7

===========================================================================================
----------------- testing Wed Jun 12 04:30:58 UTC 2019 /home/travis/build/icyphy/ptII/ptolemy/actor/lib/test/auto/PublisherSubscriber8.xml
----------------- Instantiating /home/travis/build/icyphy/ptII/ptolemy/actor/lib/test/auto/PublisherSubscriber8.xml
19 ms. Memory: 1573376K Free: 899276K (57%)
----------------- Invoking toplevel() on ptolemy.moml.MoMLSimpleApplication@5fc7ebea
----------------- Done invoking toplevel() on ptolemy.moml.MoMLSimpleApplication@5fc7ebea
reloadAllAccessors: .PublisherSubscriber8

===========================================================================================
----------------- testing Wed Jun 12 04:30:58 UTC 2019 /home/travis/build/icyphy/ptII/ptolemy/actor/lib/test/auto/PublisherSubscriber9.xml
----------------- Instantiating /home/travis/build/icyphy/ptII/ptolemy/actor/lib/test/auto/PublisherSubscriber9.xml
2 ms. Memory: 1573376K Free: 884531K (56%)
----------------- Invoking toplevel() on ptolemy.moml.MoMLSimpleApplication@6c1a5aa5
----------------- Done invoking toplevel() on ptolemy.moml.MoMLSimpleApplication@6c1a5aa5
reloadAllAccessors: .PublisherSubscriber9

===========================================================================================
----------------- testing Wed Jun 12 04:30:58 UTC 2019 /home/travis/build/icyphy/ptII/ptolemy/actor/lib/test/auto/PublisherSubscriberAdjacent.xml
----------------- Instantiating /home/travis/build/icyphy/ptII/ptolemy/actor/lib/test/auto/PublisherSubscriberAdjacent.xml
1 ms. Memory: 1573376K Free: 869785K (55%)
----------------- Invoking toplevel() on ptolemy.moml.MoMLSimpleApplication@7302cb5c
----------------- Done invoking toplevel() on ptolemy.moml.MoMLSimpleApplication@7302cb5c
reloadAllAccessors: .PublisherSubscriberAdjacent

===========================================================================================
----------------- testing Wed Jun 12 04:30:58 UTC 2019 /home/travis/build/icyphy/ptII/ptolemy/actor/lib/test/auto/PublisherSubscriberChannelVariablesAOC2.xml
----------------- Instantiating /home/travis/build/icyphy/ptII/ptolemy/actor/lib/test/auto/PublisherSubscriberChannelVariablesAOC2.xml
2 ms. Memory: 1573376K Free: 839879K (53%)
----------------- Invoking toplevel() on ptolemy.moml.MoMLSimpleApplication@677d4c39
----------------- Done invoking toplevel() on ptolemy.moml.MoMLSimpleApplication@677d4c39
reloadAllAccessors: .PublisherSubscriberChannelVariablesAOC2

===========================================================================================
----------------- testing Wed Jun 12 04:30:58 UTC 2019 /home/travis/build/icyphy/ptII/ptolemy/actor/lib/test/auto/PublisherSubscriberD3.xml
----------------- Instantiating /home/travis/build/icyphy/ptII/ptolemy/actor/lib/test/auto/PublisherSubscriberD3.xml
1 ms. Memory: 1573376K Free: 825134K (52%)
----------------- Invoking toplevel() on ptolemy.moml.MoMLSimpleApplication@17d3852
----------------- Done invoking toplevel() on ptolemy.moml.MoMLSimpleApplication@17d3852
reloadAllAccessors: .PublisherSubscriberD3

===========================================================================================
----------------- testing Wed Jun 12 04:30:58 UTC 2019 /home/travis/build/icyphy/ptII/ptolemy/actor/lib/test/auto/PublisherSubscriberD3Reverse.xml
----------------- Instantiating /home/travis/build/icyphy/ptII/ptolemy/actor/lib/test/auto/PublisherSubscriberD3Reverse.xml
3 ms. Memory: 1573376K Free: 810388K (52%)
----------------- Invoking toplevel() on ptolemy.moml.MoMLSimpleApplication@41a47a04
----------------- Done invoking toplevel() on ptolemy.moml.MoMLSimpleApplication@41a47a04
reloadAllAccessors: .PublisherSubscriberD3Reverse

===========================================================================================
----------------- testing Wed Jun 12 04:30:58 UTC 2019 /home/travis/build/icyphy/ptII/ptolemy/actor/lib/test/auto/PublisherSubscriberExpression.xml
----------------- Instantiating /home/travis/build/icyphy/ptII/ptolemy/actor/lib/test/auto/PublisherSubscriberExpression.xml
3 ms. Memory: 1573376K Free: 787863K (50%)
----------------- Invoking toplevel() on ptolemy.moml.MoMLSimpleApplication@5072aca0
----------------- Done invoking toplevel() on ptolemy.moml.MoMLSimpleApplication@5072aca0
reloadAllAccessors: .PublisherSubscriberExpression

===========================================================================================
----------------- testing Wed Jun 12 04:30:58 UTC 2019 /home/travis/build/icyphy/ptII/ptolemy/actor/lib/test/auto/PublisherSubscriberOpaque.xml
----------------- Instantiating /home/travis/build/icyphy/ptII/ptolemy/actor/lib/test/auto/PublisherSubscriberOpaque.xml
3 ms. Memory: 1573376K Free: 773118K (49%)
----------------- Invoking toplevel() on ptolemy.moml.MoMLSimpleApplication@649838e8
----------------- Done invoking toplevel() on ptolemy.moml.MoMLSimpleApplication@649838e8
reloadAllAccessors: .PublisherSubscriberOpaque

===========================================================================================
----------------- testing Wed Jun 12 04:30:58 UTC 2019 /home/travis/build/icyphy/ptII/ptolemy/actor/lib/test/auto/PublisherSubscriberOpaqueD3.xml
----------------- Instantiating /home/travis/build/icyphy/ptII/ptolemy/actor/lib/test/auto/PublisherSubscriberOpaqueD3.xml
5 ms. Memory: 1573376K Free: 750999K (48%)
----------------- Invoking toplevel() on ptolemy.moml.MoMLSimpleApplication@21fb7607
----------------- Done invoking toplevel() on ptolemy.moml.MoMLSimpleApplication@21fb7607
reloadAllAccessors: .PublisherSubscriberOpaqueD3

===========================================================================================
----------------- testing Wed Jun 12 04:30:58 UTC 2019 /home/travis/build/icyphy/ptII/ptolemy/actor/lib/test/auto/PublisherSubscriberOpaqueD3Reverse.xml
----------------- Instantiating /home/travis/build/icyphy/ptII/ptolemy/actor/lib/test/auto/PublisherSubscriberOpaqueD3Reverse.xml
6 ms. Memory: 1573376K Free: 728474K (46%)
----------------- Invoking toplevel() on ptolemy.moml.MoMLSimpleApplication@68aca978
----------------- Done invoking toplevel() on ptolemy.moml.MoMLSimpleApplication@68aca978
reloadAllAccessors: .PublisherSubscriberOpaqueD3Reverse

===========================================================================================
----------------- testing Wed Jun 12 04:30:58 UTC 2019 /home/travis/build/icyphy/ptII/ptolemy/actor/lib/test/auto/PublisherSubscriberOpaqueWidthInference.xml
----------------- Instantiating /home/travis/build/icyphy/ptII/ptolemy/actor/lib/test/auto/PublisherSubscriberOpaqueWidthInference.xml
4 ms. Memory: 1573376K Free: 713728K (45%)
----------------- Invoking toplevel() on ptolemy.moml.MoMLSimpleApplication@42f632d4
----------------- Done invoking toplevel() on ptolemy.moml.MoMLSimpleApplication@42f632d4
reloadAllAccessors: .PublisherSubscriberOpaqueWidthInference

===========================================================================================
----------------- testing Wed Jun 12 04:30:58 UTC 2019 /home/travis/build/icyphy/ptII/ptolemy/actor/lib/test/auto/PublisherTestSubscriber.xml
----------------- Instantiating /home/travis/build/icyphy/ptII/ptolemy/actor/lib/test/auto/PublisherTestSubscriber.xml
3 ms. Memory: 1573376K Free: 698983K (44%)
----------------- Invoking toplevel() on ptolemy.moml.MoMLSimpleApplication@7f7af302
----------------- Done invoking toplevel() on ptolemy.moml.MoMLSimpleApplication@7f7af302
reloadAllAccessors: .PublisherTestSubscriber

===========================================================================================
----------------- testing Wed Jun 12 04:30:58 UTC 2019 /home/travis/build/icyphy/ptII/ptolemy/actor/lib/test/auto/PublisherToplevelSubscriberPortAOC.xml
----------------- Instantiating /home/travis/build/icyphy/ptII/ptolemy/actor/lib/test/auto/PublisherToplevelSubscriberPortAOC.xml
2 ms. Memory: 1573376K Free: 676458K (43%)
----------------- Invoking toplevel() on ptolemy.moml.MoMLSimpleApplication@fbae6a9
----------------- Done invoking toplevel() on ptolemy.moml.MoMLSimpleApplication@fbae6a9
reloadAllAccessors: .PublisherToplevelSubscriberPortAOC

===========================================================================================
----------------- testing Wed Jun 12 04:30:58 UTC 2019 /home/travis/build/icyphy/ptII/ptolemy/actor/lib/test/auto/PulseFiringLimitDE.xml
----------------- Instantiating /home/travis/build/icyphy/ptII/ptolemy/actor/lib/test/auto/PulseFiringLimitDE.xml
2 ms. Memory: 1573376K Free: 661712K (42%)
----------------- Invoking toplevel() on ptolemy.moml.MoMLSimpleApplication@350f6df4
----------------- Done invoking toplevel() on ptolemy.moml.MoMLSimpleApplication@350f6df4
reloadAllAccessors: .PulseFiringLimitDE

===========================================================================================
----------------- testing Wed Jun 12 04:30:58 UTC 2019 /home/travis/build/icyphy/ptII/ptolemy/actor/lib/test/auto/Ramp1.xml
----------------- Instantiating /home/travis/build/icyphy/ptII/ptolemy/actor/lib/test/auto/Ramp1.xml
1 ms. Memory: 1573376K Free: 646966K (41%)
----------------- Invoking toplevel() on ptolemy.moml.MoMLSimpleApplication@7697e66a
----------------- Done invoking toplevel() on ptolemy.moml.MoMLSimpleApplication@7697e66a
reloadAllAccessors: .Ramp1

===========================================================================================
----------------- testing Wed Jun 12 04:30:58 UTC 2019 /home/travis/build/icyphy/ptII/ptolemy/actor/lib/test/auto/RampFiringLimitDE.xml
----------------- Instantiating /home/travis/build/icyphy/ptII/ptolemy/actor/lib/test/auto/RampFiringLimitDE.xml
2 ms. Memory: 1573376K Free: 624441K (40%)
----------------- Invoking toplevel() on ptolemy.moml.MoMLSimpleApplication@726888ce
----------------- Done invoking toplevel() on ptolemy.moml.MoMLSimpleApplication@726888ce
reloadAllAccessors: .RampFiringLimitDE

===========================================================================================
----------------- testing Wed Jun 12 04:30:58 UTC 2019 /home/travis/build/icyphy/ptII/ptolemy/actor/lib/test/auto/RampFiringLimitSDF.xml
----------------- Instantiating /home/travis/build/icyphy/ptII/ptolemy/actor/lib/test/auto/RampFiringLimitSDF.xml
2 ms. Memory: 1573376K Free: 609696K (39%)
----------------- Invoking toplevel() on ptolemy.moml.MoMLSimpleApplication@2baac2a9
----------------- Done invoking toplevel() on ptolemy.moml.MoMLSimpleApplication@2baac2a9
reloadAllAccessors: .RampFiringLimitSDF

===========================================================================================
----------------- testing Wed Jun 12 04:30:58 UTC 2019 /home/travis/build/icyphy/ptII/ptolemy/actor/lib/test/auto/RandomInteger.xml
----------------- Instantiating /home/travis/build/icyphy/ptII/ptolemy/actor/lib/test/auto/RandomInteger.xml
2 ms. Memory: 1573376K Free: 594950K (38%)
----------------- Invoking toplevel() on ptolemy.moml.MoMLSimpleApplication@2bc3f093
----------------- Done invoking toplevel() on ptolemy.moml.MoMLSimpleApplication@2bc3f093
reloadAllAccessors: .RandomInteger

===========================================================================================
----------------- testing Wed Jun 12 04:30:58 UTC 2019 /home/travis/build/icyphy/ptII/ptolemy/actor/lib/test/auto/ReadFile1.xml
----------------- Instantiating /home/travis/build/icyphy/ptII/ptolemy/actor/lib/test/auto/ReadFile1.xml
1 ms. Memory: 1573376K Free: 580205K (37%)
----------------- Invoking toplevel() on ptolemy.moml.MoMLSimpleApplication@3ba26032
----------------- Done invoking toplevel() on ptolemy.moml.MoMLSimpleApplication@3ba26032
reloadAllAccessors: .ReadFile1

===========================================================================================
----------------- testing Wed Jun 12 04:30:58 UTC 2019 /home/travis/build/icyphy/ptII/ptolemy/actor/lib/test/auto/ReadFile2.xml
----------------- Instantiating /home/travis/build/icyphy/ptII/ptolemy/actor/lib/test/auto/ReadFile2.xml
1 ms. Memory: 1573376K Free: 557679K (35%)
----------------- Invoking toplevel() on ptolemy.moml.MoMLSimpleApplication@3293412f
----------------- Done invoking toplevel() on ptolemy.moml.MoMLSimpleApplication@3293412f
reloadAllAccessors: .ReadFile2

===========================================================================================
----------------- testing Wed Jun 12 04:30:58 UTC 2019 /home/travis/build/icyphy/ptII/ptolemy/actor/lib/test/auto/Reader.xml
----------------- Instantiating /home/travis/build/icyphy/ptII/ptolemy/actor/lib/test/auto/Reader.xml
actor.lib.Reader is obsolete, use actor.lib.io.ExpressionReader instead
2 ms. Memory: 1573376K Free: 542934K (35%)
----------------- Invoking toplevel() on ptolemy.moml.MoMLSimpleApplication@720682ff
----------------- Done invoking toplevel() on ptolemy.moml.MoMLSimpleApplication@720682ff
reloadAllAccessors: .Reader

===========================================================================================
----------------- testing Wed Jun 12 04:30:58 UTC 2019 /home/travis/build/icyphy/ptII/ptolemy/actor/lib/test/auto/RecordAssemblerDisplayNameTest.xml
----------------- Instantiating /home/travis/build/icyphy/ptII/ptolemy/actor/lib/test/auto/RecordAssemblerDisplayNameTest.xml
2864 ms. Memory: 1611776K Free: 795946K (49%)
----------------- Invoking toplevel() on ptolemy.moml.MoMLSimpleApplication@388a47bb
----------------- Done invoking toplevel() on ptolemy.moml.MoMLSimpleApplication@388a47bb
reloadAllAccessors: .RecordAssemblerDisplayNameTest

===========================================================================================
----------------- testing Wed Jun 12 04:31:01 UTC 2019 /home/travis/build/icyphy/ptII/ptolemy/actor/lib/test/auto/RecordAssemblerTypeError.xml
----------------- Instantiating /home/travis/build/icyphy/ptII/ptolemy/actor/lib/test/auto/RecordAssemblerTypeError.xml
4 ms. Memory: 1611776K Free: 763742K (47%)
----------------- Invoking toplevel() on ptolemy.moml.MoMLSimpleApplication@7cf09c15
----------------- Done invoking toplevel() on ptolemy.moml.MoMLSimpleApplication@7cf09c15
reloadAllAccessors: .RecordAssemblerTypeError

===========================================================================================
----------------- testing Wed Jun 12 04:31:01 UTC 2019 /home/travis/build/icyphy/ptII/ptolemy/actor/lib/test/auto/RecordDisassember.xml
----------------- Instantiating /home/travis/build/icyphy/ptII/ptolemy/actor/lib/test/auto/RecordDisassember.xml
2 ms. Memory: 1611776K Free: 748746K (46%)
----------------- Invoking toplevel() on ptolemy.moml.MoMLSimpleApplication@31be0dd
----------------- Done invoking toplevel() on ptolemy.moml.MoMLSimpleApplication@31be0dd
reloadAllAccessors: .RecordDisassember

===========================================================================================
----------------- testing Wed Jun 12 04:31:01 UTC 2019 /home/travis/build/icyphy/ptII/ptolemy/actor/lib/test/auto/RecordDisassemberDisplayNameTest.xml
----------------- Instantiating /home/travis/build/icyphy/ptII/ptolemy/actor/lib/test/auto/RecordDisassemberDisplayNameTest.xml
4 ms. Memory: 1611776K Free: 727762K (45%)
----------------- Invoking toplevel() on ptolemy.moml.MoMLSimpleApplication@5c5d77f1
----------------- Done invoking toplevel() on ptolemy.moml.MoMLSimpleApplication@5c5d77f1
reloadAllAccessors: .RecordDisassemberDisplayNameTest

===========================================================================================
----------------- testing Wed Jun 12 04:31:01 UTC 2019 /home/travis/build/icyphy/ptII/ptolemy/actor/lib/test/auto/RecordDisassembler.xml
----------------- Instantiating /home/travis/build/icyphy/ptII/ptolemy/actor/lib/test/auto/RecordDisassembler.xml
2 ms. Memory: 1611776K Free: 712822K (44%)
----------------- Invoking toplevel() on ptolemy.moml.MoMLSimpleApplication@6841c5ab
----------------- Done invoking toplevel() on ptolemy.moml.MoMLSimpleApplication@6841c5ab
reloadAllAccessors: .RecordDisassembler

===========================================================================================
----------------- testing Wed Jun 12 04:31:01 UTC 2019 /home/travis/build/icyphy/ptII/ptolemy/actor/lib/test/auto/RecordDisassembler2.xml
----------------- Instantiating /home/travis/build/icyphy/ptII/ptolemy/actor/lib/test/auto/RecordDisassembler2.xml
2 ms. Memory: 1611776K Free: 691839K (43%)
----------------- Invoking toplevel() on ptolemy.moml.MoMLSimpleApplication@5e1c7233
----------------- Done invoking toplevel() on ptolemy.moml.MoMLSimpleApplication@5e1c7233
reloadAllAccessors: .RecordDisassembler2

===========================================================================================
----------------- testing Wed Jun 12 04:31:01 UTC 2019 /home/travis/build/icyphy/ptII/ptolemy/actor/lib/test/auto/RecordUpdater.xml
----------------- Instantiating /home/travis/build/icyphy/ptII/ptolemy/actor/lib/test/auto/RecordUpdater.xml
1 ms. Memory: 1611776K Free: 676898K (42%)
----------------- Invoking toplevel() on ptolemy.moml.MoMLSimpleApplication@56e6e9da
----------------- Done invoking toplevel() on ptolemy.moml.MoMLSimpleApplication@56e6e9da
reloadAllAccessors: .RecordUpdater

===========================================================================================
----------------- testing Wed Jun 12 04:31:01 UTC 2019 /home/travis/build/icyphy/ptII/ptolemy/actor/lib/test/auto/RecordUpdater2.xml
----------------- Instantiating /home/travis/build/icyphy/ptII/ptolemy/actor/lib/test/auto/RecordUpdater2.xml
1 ms. Memory: 1611776K Free: 661958K (41%)
----------------- Invoking toplevel() on ptolemy.moml.MoMLSimpleApplication@550f7a4e
----------------- Done invoking toplevel() on ptolemy.moml.MoMLSimpleApplication@550f7a4e
reloadAllAccessors: .RecordUpdater2

===========================================================================================
----------------- testing Wed Jun 12 04:31:01 UTC 2019 /home/travis/build/icyphy/ptII/ptolemy/actor/lib/test/auto/RecursiveLattice.xml
----------------- Instantiating /home/travis/build/icyphy/ptII/ptolemy/actor/lib/test/auto/RecursiveLattice.xml
1 ms. Memory: 1611776K Free: 640975K (40%)
----------------- Invoking toplevel() on ptolemy.moml.MoMLSimpleApplication@3e952734
----------------- Done invoking toplevel() on ptolemy.moml.MoMLSimpleApplication@3e952734
reloadAllAccessors: .RecursiveLattice

===========================================================================================
----------------- testing Wed Jun 12 04:31:01 UTC 2019 /home/travis/build/icyphy/ptII/ptolemy/actor/lib/test/auto/Router.xml
----------------- Instantiating /home/travis/build/icyphy/ptII/ptolemy/actor/lib/test/auto/Router.xml
3004 ms. Memory: 1611776K Free: 626035K (39%)
----------------- Invoking toplevel() on ptolemy.moml.MoMLSimpleApplication@4b95202f
----------------- Done invoking toplevel() on ptolemy.moml.MoMLSimpleApplication@4b95202f
reloadAllAccessors: .Router

===========================================================================================
----------------- testing Wed Jun 12 04:31:04 UTC 2019 /home/travis/build/icyphy/ptII/ptolemy/actor/lib/test/auto/Router2.xml
----------------- Instantiating /home/travis/build/icyphy/ptII/ptolemy/actor/lib/test/auto/Router2.xml
3003 ms. Memory: 1611776K Free: 605051K (38%)
----------------- Invoking toplevel() on ptolemy.moml.MoMLSimpleApplication@27abc5c
----------------- Done invoking toplevel() on ptolemy.moml.MoMLSimpleApplication@27abc5c
reloadAllAccessors: .Router2

===========================================================================================
----------------- testing Wed Jun 12 04:31:07 UTC 2019 /home/travis/build/icyphy/ptII/ptolemy/actor/lib/test/auto/RunningMaximum.xml
----------------- Instantiating /home/travis/build/icyphy/ptII/ptolemy/actor/lib/test/auto/RunningMaximum.xml
4 ms. Memory: 1611776K Free: 590111K (37%)
----------------- Invoking toplevel() on ptolemy.moml.MoMLSimpleApplication@32ead4c5
----------------- Done invoking toplevel() on ptolemy.moml.MoMLSimpleApplication@32ead4c5
reloadAllAccessors: .RunningMaximum

===========================================================================================
----------------- testing Wed Jun 12 04:31:07 UTC 2019 /home/travis/build/icyphy/ptII/ptolemy/actor/lib/test/auto/RunningMinimum.xml
----------------- Instantiating /home/travis/build/icyphy/ptII/ptolemy/actor/lib/test/auto/RunningMinimum.xml
2 ms. Memory: 1611776K Free: 569128K (35%)
----------------- Invoking toplevel() on ptolemy.moml.MoMLSimpleApplication@569c5583
----------------- Done invoking toplevel() on ptolemy.moml.MoMLSimpleApplication@569c5583
reloadAllAccessors: .RunningMinimum

===========================================================================================
----------------- testing Wed Jun 12 04:31:07 UTC 2019 /home/travis/build/icyphy/ptII/ptolemy/actor/lib/test/auto/Scale.xml
----------------- Instantiating /home/travis/build/icyphy/ptII/ptolemy/actor/lib/test/auto/Scale.xml
2 ms. Memory: 1611776K Free: 554187K (34%)
----------------- Invoking toplevel() on ptolemy.moml.MoMLSimpleApplication@999e5d1
----------------- Done invoking toplevel() on ptolemy.moml.MoMLSimpleApplication@999e5d1
reloadAllAccessors: .Scale

===========================================================================================
----------------- testing Wed Jun 12 04:31:07 UTC 2019 /home/travis/build/icyphy/ptII/ptolemy/actor/lib/test/auto/Scale2.xml
----------------- Instantiating /home/travis/build/icyphy/ptII/ptolemy/actor/lib/test/auto/Scale2.xml
2 ms. Memory: 1611776K Free: 539247K (33%)
----------------- Invoking toplevel() on ptolemy.moml.MoMLSimpleApplication@62335f5
----------------- Done invoking toplevel() on ptolemy.moml.MoMLSimpleApplication@62335f5
reloadAllAccessors: .Scale2

===========================================================================================
----------------- testing Wed Jun 12 04:31:07 UTC 2019 /home/travis/build/icyphy/ptII/ptolemy/actor/lib/test/auto/Scale3.xml
----------------- Instantiating /home/travis/build/icyphy/ptII/ptolemy/actor/lib/test/auto/Scale3.xml
3 ms. Memory: 1611776K Free: 518264K (32%)
----------------- Invoking toplevel() on ptolemy.moml.MoMLSimpleApplication@60d272d8
----------------- Done invoking toplevel() on ptolemy.moml.MoMLSimpleApplication@60d272d8
reloadAllAccessors: .Scale3

===========================================================================================
----------------- testing Wed Jun 12 04:31:08 UTC 2019 /home/travis/build/icyphy/ptII/ptolemy/actor/lib/test/auto/ScaleArray.xml
----------------- Instantiating /home/travis/build/icyphy/ptII/ptolemy/actor/lib/test/auto/ScaleArray.xml
1 ms. Memory: 1611776K Free: 503324K (31%)
----------------- Invoking toplevel() on ptolemy.moml.MoMLSimpleApplication@71053e8e
----------------- Done invoking toplevel() on ptolemy.moml.MoMLSimpleApplication@71053e8e
reloadAllAccessors: .ScaleArray

===========================================================================================
----------------- testing Wed Jun 12 04:31:08 UTC 2019 /home/travis/build/icyphy/ptII/ptolemy/actor/lib/test/auto/ScaleArray2.xml
----------------- Instantiating /home/travis/build/icyphy/ptII/ptolemy/actor/lib/test/auto/ScaleArray2.xml
1 ms. Memory: 1611776K Free: 482340K (30%)
----------------- Invoking toplevel() on ptolemy.moml.MoMLSimpleApplication@43dd79e4
----------------- Done invoking toplevel() on ptolemy.moml.MoMLSimpleApplication@43dd79e4
reloadAllAccessors: .ScaleArray2

===========================================================================================
----------------- testing Wed Jun 12 04:31:08 UTC 2019 /home/travis/build/icyphy/ptII/ptolemy/actor/lib/test/auto/ScaleMatrix.xml
----------------- Instantiating /home/travis/build/icyphy/ptII/ptolemy/actor/lib/test/auto/ScaleMatrix.xml
103 ms. Memory: 1611776K Free: 459930K (29%)
----------------- Invoking toplevel() on ptolemy.moml.MoMLSimpleApplication@5dfdda6d
----------------- Done invoking toplevel() on ptolemy.moml.MoMLSimpleApplication@5dfdda6d
reloadAllAccessors: .ScaleMatrix

===========================================================================================
----------------- testing Wed Jun 12 04:31:08 UTC 2019 /home/travis/build/icyphy/ptII/ptolemy/actor/lib/test/auto/Select.xml
----------------- Instantiating /home/travis/build/icyphy/ptII/ptolemy/actor/lib/test/auto/Select.xml
2 ms. Memory: 1611776K Free: 444990K (28%)
----------------- Invoking toplevel() on ptolemy.moml.MoMLSimpleApplication@1d81df10
----------------- Done invoking toplevel() on ptolemy.moml.MoMLSimpleApplication@1d81df10
reloadAllAccessors: .Select

===========================================================================================
----------------- testing Wed Jun 12 04:31:08 UTC 2019 /home/travis/build/icyphy/ptII/ptolemy/actor/lib/test/auto/Select2.xml
----------------- Instantiating /home/travis/build/icyphy/ptII/ptolemy/actor/lib/test/auto/Select2.xml
1 ms. Memory: 1611776K Free: 424006K (26%)
----------------- Invoking toplevel() on ptolemy.moml.MoMLSimpleApplication@4f8a0766
----------------- Done invoking toplevel() on ptolemy.moml.MoMLSimpleApplication@4f8a0766
reloadAllAccessors: .Select2

===========================================================================================
----------------- testing Wed Jun 12 04:31:08 UTC 2019 /home/travis/build/icyphy/ptII/ptolemy/actor/lib/test/auto/SequenceToArray2.xml
----------------- Instantiating /home/travis/build/icyphy/ptII/ptolemy/actor/lib/test/auto/SequenceToArray2.xml
69 ms. Memory: 1611776K Free: 334357K (21%)
----------------- Invoking toplevel() on ptolemy.moml.MoMLSimpleApplication@77280271
----------------- Done invoking toplevel() on ptolemy.moml.MoMLSimpleApplication@77280271
reloadAllAccessors: .SequenceToArray2

===========================================================================================
----------------- testing Wed Jun 12 04:31:08 UTC 2019 /home/travis/build/icyphy/ptII/ptolemy/actor/lib/test/auto/SequentialClock.xml
----------------- Instantiating /home/travis/build/icyphy/ptII/ptolemy/actor/lib/test/auto/SequentialClock.xml
1 ms. Memory: 1611776K Free: 313374K (19%)
----------------- Invoking toplevel() on ptolemy.moml.MoMLSimpleApplication@3956022c
----------------- Done invoking toplevel() on ptolemy.moml.MoMLSimpleApplication@3956022c
reloadAllAccessors: .SequentialClock

===========================================================================================
----------------- testing Wed Jun 12 04:31:08 UTC 2019 /home/travis/build/icyphy/ptII/ptolemy/actor/lib/test/auto/SetVariable.xml
----------------- Instantiating /home/travis/build/icyphy/ptII/ptolemy/actor/lib/test/auto/SetVariable.xml
2 ms. Memory: 1611776K Free: 298433K (19%)
----------------- Invoking toplevel() on ptolemy.moml.MoMLSimpleApplication@7ad03d2b
----------------- Done invoking toplevel() on ptolemy.moml.MoMLSimpleApplication@7ad03d2b
reloadAllAccessors: .SetVariable

===========================================================================================
----------------- testing Wed Jun 12 04:31:08 UTC 2019 /home/travis/build/icyphy/ptII/ptolemy/actor/lib/test/auto/SetVariable2.xml
----------------- Instantiating /home/travis/build/icyphy/ptII/ptolemy/actor/lib/test/auto/SetVariable2.xml
1 ms. Memory: 1611776K Free: 277450K (17%)
----------------- Invoking toplevel() on ptolemy.moml.MoMLSimpleApplication@36f3f0c2
----------------- Done invoking toplevel() on ptolemy.moml.MoMLSimpleApplication@36f3f0c2
reloadAllAccessors: .SetVariable2

===========================================================================================
----------------- testing Wed Jun 12 04:31:08 UTC 2019 /home/travis/build/icyphy/ptII/ptolemy/actor/lib/test/auto/SetVariable3.xml
----------------- Instantiating /home/travis/build/icyphy/ptII/ptolemy/actor/lib/test/auto/SetVariable3.xml
2 ms. Memory: 1611776K Free: 262510K (16%)
----------------- Invoking toplevel() on ptolemy.moml.MoMLSimpleApplication@3277e237
----------------- Done invoking toplevel() on ptolemy.moml.MoMLSimpleApplication@3277e237
reloadAllAccessors: .SetVariable3

===========================================================================================
----------------- testing Wed Jun 12 04:31:08 UTC 2019 /home/travis/build/icyphy/ptII/ptolemy/actor/lib/test/auto/SetVariable4.xml
----------------- Instantiating /home/travis/build/icyphy/ptII/ptolemy/actor/lib/test/auto/SetVariable4.xml
14 ms. Memory: 1611776K Free: 195279K (12%)
----------------- Invoking toplevel() on ptolemy.moml.MoMLSimpleApplication@70ba66a4
----------------- Done invoking toplevel() on ptolemy.moml.MoMLSimpleApplication@70ba66a4
reloadAllAccessors: .SetVariable4

===========================================================================================
----------------- testing Wed Jun 12 04:31:08 UTC 2019 /home/travis/build/icyphy/ptII/ptolemy/actor/lib/test/auto/SetVariable5.xml
----------------- Instantiating /home/travis/build/icyphy/ptII/ptolemy/actor/lib/test/auto/SetVariable5.xml
8 ms. Memory: 1611776K Free: 174296K (11%)
----------------- Invoking toplevel() on ptolemy.moml.MoMLSimpleApplication@3ec1a79b
----------------- Done invoking toplevel() on ptolemy.moml.MoMLSimpleApplication@3ec1a79b
reloadAllAccessors: .SetVariable5

===========================================================================================
----------------- testing Wed Jun 12 04:31:08 UTC 2019 /home/travis/build/icyphy/ptII/ptolemy/actor/lib/test/auto/Sinewave.xml
----------------- Instantiating /home/travis/build/icyphy/ptII/ptolemy/actor/lib/test/auto/Sinewave.xml
4 ms. Memory: 1611776K Free: 151885K (9%)
----------------- Invoking toplevel() on ptolemy.moml.MoMLSimpleApplication@289fcbb8
----------------- Done invoking toplevel() on ptolemy.moml.MoMLSimpleApplication@289fcbb8
reloadAllAccessors: .Sinewave

===========================================================================================
----------------- testing Wed Jun 12 04:31:08 UTC 2019 /home/travis/build/icyphy/ptII/ptolemy/actor/lib/test/auto/Sinewave2.xml
----------------- Instantiating /home/travis/build/icyphy/ptII/ptolemy/actor/lib/test/auto/Sinewave2.xml
4 ms. Memory: 1611776K Free: 130902K (8%)
----------------- Invoking toplevel() on ptolemy.moml.MoMLSimpleApplication@56aa812d
----------------- Done invoking toplevel() on ptolemy.moml.MoMLSimpleApplication@56aa812d
reloadAllAccessors: .Sinewave2

===========================================================================================
----------------- testing Wed Jun 12 04:31:08 UTC 2019 /home/travis/build/icyphy/ptII/ptolemy/actor/lib/test/auto/Sinewave3.xml
----------------- Instantiating /home/travis/build/icyphy/ptII/ptolemy/actor/lib/test/auto/Sinewave3.xml
5 ms. Memory: 1611776K Free: 115962K (7%)
----------------- Invoking toplevel() on ptolemy.moml.MoMLSimpleApplication@9035a2
----------------- Done invoking toplevel() on ptolemy.moml.MoMLSimpleApplication@9035a2
reloadAllAccessors: .Sinewave3

===========================================================================================
----------------- testing Wed Jun 12 04:31:08 UTC 2019 /home/travis/build/icyphy/ptII/ptolemy/actor/lib/test/auto/SingleEvent.xml
----------------- Instantiating /home/travis/build/icyphy/ptII/ptolemy/actor/lib/test/auto/SingleEvent.xml
1 ms. Memory: 1611776K Free: 94978K (6%)
----------------- Invoking toplevel() on ptolemy.moml.MoMLSimpleApplication@1f0fe3bf
----------------- Done invoking toplevel() on ptolemy.moml.MoMLSimpleApplication@1f0fe3bf
reloadAllAccessors: .SingleEvent

===========================================================================================
----------------- testing Wed Jun 12 04:31:08 UTC 2019 /home/travis/build/icyphy/ptII/ptolemy/actor/lib/test/auto/Sleep.xml
----------------- Instantiating /home/travis/build/icyphy/ptII/ptolemy/actor/lib/test/auto/Sleep.xml
6004 ms. Memory: 1611776K Free: 80038K (5%)
----------------- Invoking toplevel() on ptolemy.moml.MoMLSimpleApplication@45354ad1
----------------- Done invoking toplevel() on ptolemy.moml.MoMLSimpleApplication@45354ad1
reloadAllAccessors: .Sleep

===========================================================================================
----------------- testing Wed Jun 12 04:31:14 UTC 2019 /home/travis/build/icyphy/ptII/ptolemy/actor/lib/test/auto/SleepMultipleFire.xml
----------------- Instantiating /home/travis/build/icyphy/ptII/ptolemy/actor/lib/test/auto/SleepMultipleFire.xml
1005 ms. Memory: 1780736K Free: 1728728K (97%)
----------------- Invoking toplevel() on ptolemy.moml.MoMLSimpleApplication@1541a83
----------------- Done invoking toplevel() on ptolemy.moml.MoMLSimpleApplication@1541a83
reloadAllAccessors: .SleepMultipleFire

===========================================================================================
----------------- testing Wed Jun 12 04:31:15 UTC 2019 /home/travis/build/icyphy/ptII/ptolemy/actor/lib/test/auto/StopDE.xml
----------------- Instantiating /home/travis/build/icyphy/ptII/ptolemy/actor/lib/test/auto/StopDE.xml
2 ms. Memory: 1780736K Free: 1707027K (96%)
----------------- Invoking toplevel() on ptolemy.moml.MoMLSimpleApplication@7d3f1a81
----------------- Done invoking toplevel() on ptolemy.moml.MoMLSimpleApplication@7d3f1a81
reloadAllAccessors: .StopDE

===========================================================================================
----------------- testing Wed Jun 12 04:31:15 UTC 2019 /home/travis/build/icyphy/ptII/ptolemy/actor/lib/test/auto/StopSDF.xml
----------------- Instantiating /home/travis/build/icyphy/ptII/ptolemy/actor/lib/test/auto/StopSDF.xml
2 ms. Memory: 1780736K Free: 1685326K (95%)
----------------- Invoking toplevel() on ptolemy.moml.MoMLSimpleApplication@53cd7df
----------------- Done invoking toplevel() on ptolemy.moml.MoMLSimpleApplication@53cd7df
reloadAllAccessors: .StopSDF

===========================================================================================
----------------- testing Wed Jun 12 04:31:15 UTC 2019 /home/travis/build/icyphy/ptII/ptolemy/actor/lib/test/auto/StringConstant.xml
----------------- Instantiating /home/travis/build/icyphy/ptII/ptolemy/actor/lib/test/auto/StringConstant.xml
4 ms. Memory: 1780736K Free: 1668676K (94%)
----------------- Invoking toplevel() on ptolemy.moml.MoMLSimpleApplication@12144302
----------------- Done invoking toplevel() on ptolemy.moml.MoMLSimpleApplication@12144302
reloadAllAccessors: .StringConstant

===========================================================================================
----------------- testing Wed Jun 12 04:31:15 UTC 2019 /home/travis/build/icyphy/ptII/ptolemy/actor/lib/test/auto/SubscriberPortInitialValues1.xml
----------------- Instantiating /home/travis/build/icyphy/ptII/ptolemy/actor/lib/test/auto/SubscriberPortInitialValues1.xml
9 ms. Memory: 1780736K Free: 1646975K (92%)
----------------- Invoking toplevel() on ptolemy.moml.MoMLSimpleApplication@1794db9f
----------------- Done invoking toplevel() on ptolemy.moml.MoMLSimpleApplication@1794db9f
reloadAllAccessors: .SubscriberPortInitialValues1

===========================================================================================
----------------- testing Wed Jun 12 04:31:15 UTC 2019 /home/travis/build/icyphy/ptII/ptolemy/actor/lib/test/auto/SubscriberPortInitialValues13.xml
----------------- Instantiating /home/travis/build/icyphy/ptII/ptolemy/actor/lib/test/auto/SubscriberPortInitialValues13.xml
4 ms. Memory: 1780736K Free: 1621984K (91%)
----------------- Invoking toplevel() on ptolemy.moml.MoMLSimpleApplication@66a027ab
----------------- Done invoking toplevel() on ptolemy.moml.MoMLSimpleApplication@66a027ab
reloadAllAccessors: .SubscriberPortInitialValues13

===========================================================================================
----------------- testing Wed Jun 12 04:31:15 UTC 2019 /home/travis/build/icyphy/ptII/ptolemy/actor/lib/test/auto/SubscriberPortInitialValues14.xml
----------------- Instantiating /home/travis/build/icyphy/ptII/ptolemy/actor/lib/test/auto/SubscriberPortInitialValues14.xml
4 ms. Memory: 1780736K Free: 1600283K (90%)
----------------- Invoking toplevel() on ptolemy.moml.MoMLSimpleApplication@628ccd7b
----------------- Done invoking toplevel() on ptolemy.moml.MoMLSimpleApplication@628ccd7b
reloadAllAccessors: .SubscriberPortInitialValues14

===========================================================================================
----------------- testing Wed Jun 12 04:31:15 UTC 2019 /home/travis/build/icyphy/ptII/ptolemy/actor/lib/test/auto/SubscriberPortInitialValues2.xml
----------------- Instantiating /home/travis/build/icyphy/ptII/ptolemy/actor/lib/test/auto/SubscriberPortInitialValues2.xml
3 ms. Memory: 1780736K Free: 1583633K (89%)
----------------- Invoking toplevel() on ptolemy.moml.MoMLSimpleApplication@7c7d9e6a
----------------- Done invoking toplevel() on ptolemy.moml.MoMLSimpleApplication@7c7d9e6a
reloadAllAccessors: .SubscriberPortInitialValues2

===========================================================================================
----------------- testing Wed Jun 12 04:31:15 UTC 2019 /home/travis/build/icyphy/ptII/ptolemy/actor/lib/test/auto/SubscriberPortInitialValues3.xml
----------------- Instantiating /home/travis/build/icyphy/ptII/ptolemy/actor/lib/test/auto/SubscriberPortInitialValues3.xml
3 ms. Memory: 1780736K Free: 1561932K (88%)
----------------- Invoking toplevel() on ptolemy.moml.MoMLSimpleApplication@53d45dd8
----------------- Done invoking toplevel() on ptolemy.moml.MoMLSimpleApplication@53d45dd8
reloadAllAccessors: .SubscriberPortInitialValues3

===========================================================================================
----------------- testing Wed Jun 12 04:31:15 UTC 2019 /home/travis/build/icyphy/ptII/ptolemy/actor/lib/test/auto/SubscriptionAggregator.xml
----------------- Instantiating /home/travis/build/icyphy/ptII/ptolemy/actor/lib/test/auto/SubscriptionAggregator.xml
3 ms. Memory: 1780736K Free: 1545282K (87%)
----------------- Invoking toplevel() on ptolemy.moml.MoMLSimpleApplication@5513642c
----------------- Done invoking toplevel() on ptolemy.moml.MoMLSimpleApplication@5513642c
reloadAllAccessors: .SubscriptionAggregator

===========================================================================================
----------------- testing Wed Jun 12 04:31:15 UTC 2019 /home/travis/build/icyphy/ptII/ptolemy/actor/lib/test/auto/SubscriptionAggregator2.xml
----------------- Instantiating /home/travis/build/icyphy/ptII/ptolemy/actor/lib/test/auto/SubscriptionAggregator2.xml
2 ms. Memory: 1780736K Free: 1523581K (86%)
----------------- Invoking toplevel() on ptolemy.moml.MoMLSimpleApplication@355286f1
----------------- Done invoking toplevel() on ptolemy.moml.MoMLSimpleApplication@355286f1
reloadAllAccessors: .SubscriptionAggregator2

===========================================================================================
----------------- testing Wed Jun 12 04:31:15 UTC 2019 /home/travis/build/icyphy/ptII/ptolemy/actor/lib/test/auto/SubscriptionAggregator3.xml
----------------- Instantiating /home/travis/build/icyphy/ptII/ptolemy/actor/lib/test/auto/SubscriptionAggregator3.xml
2 ms. Memory: 1780736K Free: 1506931K (85%)
----------------- Invoking toplevel() on ptolemy.moml.MoMLSimpleApplication@8b1a619
----------------- Done invoking toplevel() on ptolemy.moml.MoMLSimpleApplication@8b1a619
reloadAllAccessors: .SubscriptionAggregator3

===========================================================================================
----------------- testing Wed Jun 12 04:31:15 UTC 2019 /home/travis/build/icyphy/ptII/ptolemy/actor/lib/test/auto/SubscriptionAggregatorMultiply.xml
----------------- Instantiating /home/travis/build/icyphy/ptII/ptolemy/actor/lib/test/auto/SubscriptionAggregatorMultiply.xml
2 ms. Memory: 1780736K Free: 1485230K (83%)
----------------- Invoking toplevel() on ptolemy.moml.MoMLSimpleApplication@5286236c
----------------- Done invoking toplevel() on ptolemy.moml.MoMLSimpleApplication@5286236c
reloadAllAccessors: .SubscriptionAggregatorMultiply

===========================================================================================
----------------- testing Wed Jun 12 04:31:15 UTC 2019 /home/travis/build/icyphy/ptII/ptolemy/actor/lib/test/auto/SubscriptionAggregatorPortMultiply1.xml
----------------- Instantiating /home/travis/build/icyphy/ptII/ptolemy/actor/lib/test/auto/SubscriptionAggregatorPortMultiply1.xml
3 ms. Memory: 1780736K Free: 1468579K (82%)
----------------- Invoking toplevel() on ptolemy.moml.MoMLSimpleApplication@12b1d42f
----------------- Done invoking toplevel() on ptolemy.moml.MoMLSimpleApplication@12b1d42f
reloadAllAccessors: .SubscriptionAggregatorPortMultiply1

===========================================================================================
----------------- testing Wed Jun 12 04:31:15 UTC 2019 /home/travis/build/icyphy/ptII/ptolemy/actor/lib/test/auto/Switch.xml
----------------- Instantiating /home/travis/build/icyphy/ptII/ptolemy/actor/lib/test/auto/Switch.xml
4 ms. Memory: 1780736K Free: 1396887K (78%)
----------------- Invoking toplevel() on ptolemy.moml.MoMLSimpleApplication@6ba9c73b
----------------- Done invoking toplevel() on ptolemy.moml.MoMLSimpleApplication@6ba9c73b
reloadAllAccessors: .Switch

===========================================================================================
----------------- testing Wed Jun 12 04:31:15 UTC 2019 /home/travis/build/icyphy/ptII/ptolemy/actor/lib/test/auto/Switch2.xml
----------------- Instantiating /home/travis/build/icyphy/ptII/ptolemy/actor/lib/test/auto/Switch2.xml
1 ms. Memory: 1780736K Free: 1380237K (78%)
----------------- Invoking toplevel() on ptolemy.moml.MoMLSimpleApplication@51322f8a
----------------- Done invoking toplevel() on ptolemy.moml.MoMLSimpleApplication@51322f8a
reloadAllAccessors: .Switch2

===========================================================================================
----------------- testing Wed Jun 12 04:31:15 UTC 2019 /home/travis/build/icyphy/ptII/ptolemy/actor/lib/test/auto/SwitchDE.xml
----------------- Instantiating /home/travis/build/icyphy/ptII/ptolemy/actor/lib/test/auto/SwitchDE.xml
2 ms. Memory: 1780736K Free: 1358536K (76%)
----------------- Invoking toplevel() on ptolemy.moml.MoMLSimpleApplication@5ce8d4a7
----------------- Done invoking toplevel() on ptolemy.moml.MoMLSimpleApplication@5ce8d4a7
reloadAllAccessors: .SwitchDE

===========================================================================================
----------------- testing Wed Jun 12 04:31:15 UTC 2019 /home/travis/build/icyphy/ptII/ptolemy/actor/lib/test/auto/SynchronizerDE.xml
----------------- Instantiating /home/travis/build/icyphy/ptII/ptolemy/actor/lib/test/auto/SynchronizerDE.xml
3 ms. Memory: 1780736K Free: 1341886K (75%)
----------------- Invoking toplevel() on ptolemy.moml.MoMLSimpleApplication@16e44f5f
----------------- Done invoking toplevel() on ptolemy.moml.MoMLSimpleApplication@16e44f5f
reloadAllAccessors: .SynchronizerDE

===========================================================================================
----------------- testing Wed Jun 12 04:31:15 UTC 2019 /home/travis/build/icyphy/ptII/ptolemy/actor/lib/test/auto/Test.xml
----------------- Instantiating /home/travis/build/icyphy/ptII/ptolemy/actor/lib/test/auto/Test.xml
1 ms. Memory: 1780736K Free: 1320185K (74%)
----------------- Invoking toplevel() on ptolemy.moml.MoMLSimpleApplication@4c70f9b0
----------------- Done invoking toplevel() on ptolemy.moml.MoMLSimpleApplication@4c70f9b0
reloadAllAccessors: .Test

===========================================================================================
----------------- testing Wed Jun 12 04:31:15 UTC 2019 /home/travis/build/icyphy/ptII/ptolemy/actor/lib/test/auto/TestExceptionAttribute1.xml
----------------- Instantiating /home/travis/build/icyphy/ptII/ptolemy/actor/lib/test/auto/TestExceptionAttribute1.xml
0 ms. Memory: 1780736K Free: 1303535K (73%)
----------------- Invoking toplevel() on ptolemy.moml.MoMLSimpleApplication@14bf023f
----------------- Done invoking toplevel() on ptolemy.moml.MoMLSimpleApplication@14bf023f
reloadAllAccessors: .TestExceptionAttribute1

===========================================================================================
----------------- testing Wed Jun 12 04:31:15 UTC 2019 /home/travis/build/icyphy/ptII/ptolemy/actor/lib/test/auto/TestExceptionAttribute2.xml
----------------- Instantiating /home/travis/build/icyphy/ptII/ptolemy/actor/lib/test/auto/TestExceptionAttribute2.xml
1 ms. Memory: 1780736K Free: 1281834K (72%)
----------------- Invoking toplevel() on ptolemy.moml.MoMLSimpleApplication@7c3d094f
----------------- Done invoking toplevel() on ptolemy.moml.MoMLSimpleApplication@7c3d094f
reloadAllAccessors: .TestExceptionAttribute2

===========================================================================================
----------------- testing Wed Jun 12 04:31:15 UTC 2019 /home/travis/build/icyphy/ptII/ptolemy/actor/lib/test/auto/TestExceptionAttribute3.xml
----------------- Instantiating /home/travis/build/icyphy/ptII/ptolemy/actor/lib/test/auto/TestExceptionAttribute3.xml
.TestExceptionAttribute3.TestExceptionAttribute: initialize() was not invoked, but wrapup() was.  This is unusual, but not always a problem.  For example, exporting JNLP will do this.
0 ms. Memory: 1780736K Free: 1265184K (71%)
----------------- Invoking toplevel() on ptolemy.moml.MoMLSimpleApplication@14e89692
----------------- Done invoking toplevel() on ptolemy.moml.MoMLSimpleApplication@14e89692
reloadAllAccessors: .TestExceptionAttribute3

===========================================================================================
----------------- testing Wed Jun 12 04:31:15 UTC 2019 /home/travis/build/icyphy/ptII/ptolemy/actor/lib/test/auto/TestExceptionAttribute4.xml
----------------- Instantiating /home/travis/build/icyphy/ptII/ptolemy/actor/lib/test/auto/TestExceptionAttribute4.xml
.TestExceptionAttribute4.TestExceptionAttribute: initialize() was not invoked, but wrapup() was.  This is unusual, but not always a problem.  For example, exporting JNLP will do this.
.TestExceptionAttribute4.TestExceptionAttribute2: initialize() was not invoked, but wrapup() was.  This is unusual, but not always a problem.  For example, exporting JNLP will do this.
1 ms. Memory: 1780736K Free: 1243483K (70%)
----------------- Invoking toplevel() on ptolemy.moml.MoMLSimpleApplication@2b6363fb
----------------- Done invoking toplevel() on ptolemy.moml.MoMLSimpleApplication@2b6363fb
reloadAllAccessors: .TestExceptionAttribute4

===========================================================================================
----------------- testing Wed Jun 12 04:31:15 UTC 2019 /home/travis/build/icyphy/ptII/ptolemy/actor/lib/test/auto/TestExceptionHandler1.xml
----------------- Instantiating /home/travis/build/icyphy/ptII/ptolemy/actor/lib/test/auto/TestExceptionHandler1.xml
1 ms. Memory: 1780736K Free: 1226833K (69%)
----------------- Invoking toplevel() on ptolemy.moml.MoMLSimpleApplication@7609895c
----------------- Done invoking toplevel() on ptolemy.moml.MoMLSimpleApplication@7609895c
reloadAllAccessors: .TestExceptionHandler1

===========================================================================================
----------------- testing Wed Jun 12 04:31:15 UTC 2019 /home/travis/build/icyphy/ptII/ptolemy/actor/lib/test/auto/TestExceptionHandler2.xml
----------------- Instantiating /home/travis/build/icyphy/ptII/ptolemy/actor/lib/test/auto/TestExceptionHandler2.xml
1 ms. Memory: 1780736K Free: 1205131K (68%)
----------------- Invoking toplevel() on ptolemy.moml.MoMLSimpleApplication@5e58ca09
----------------- Done invoking toplevel() on ptolemy.moml.MoMLSimpleApplication@5e58ca09
reloadAllAccessors: .TestExceptionHandler2

===========================================================================================
----------------- testing Wed Jun 12 04:31:15 UTC 2019 /home/travis/build/icyphy/ptII/ptolemy/actor/lib/test/auto/TestExceptionHandler3.xml
----------------- Instantiating /home/travis/build/icyphy/ptII/ptolemy/actor/lib/test/auto/TestExceptionHandler3.xml
1 ms. Memory: 1780736K Free: 1188481K (67%)
----------------- Invoking toplevel() on ptolemy.moml.MoMLSimpleApplication@7375e3f3
----------------- Done invoking toplevel() on ptolemy.moml.MoMLSimpleApplication@7375e3f3
reloadAllAccessors: .TestExceptionHandler3

===========================================================================================
----------------- testing Wed Jun 12 04:31:15 UTC 2019 /home/travis/build/icyphy/ptII/ptolemy/actor/lib/test/auto/TestExceptionHandler4.xml
----------------- Instantiating /home/travis/build/icyphy/ptII/ptolemy/actor/lib/test/auto/TestExceptionHandler4.xml
3 ms. Memory: 1780736K Free: 1166780K (66%)
----------------- Invoking toplevel() on ptolemy.moml.MoMLSimpleApplication@46252731
----------------- Done invoking toplevel() on ptolemy.moml.MoMLSimpleApplication@46252731
reloadAllAccessors: .TestExceptionHandler4

===========================================================================================
----------------- testing Wed Jun 12 04:31:15 UTC 2019 /home/travis/build/icyphy/ptII/ptolemy/actor/lib/test/auto/TestRequireCorrectOrder.xml
----------------- Instantiating /home/travis/build/icyphy/ptII/ptolemy/actor/lib/test/auto/TestRequireCorrectOrder.xml
2 ms. Memory: 1780736K Free: 1150130K (65%)
----------------- Invoking toplevel() on ptolemy.moml.MoMLSimpleApplication@2a192f20
----------------- Done invoking toplevel() on ptolemy.moml.MoMLSimpleApplication@2a192f20
reloadAllAccessors: .TestRequireCorrectOrder

===========================================================================================
----------------- testing Wed Jun 12 04:31:15 UTC 2019 /home/travis/build/icyphy/ptII/ptolemy/actor/lib/test/auto/TestSimple.xml
----------------- Instantiating /home/travis/build/icyphy/ptII/ptolemy/actor/lib/test/auto/TestSimple.xml
1 ms. Memory: 1780736K Free: 1128429K (63%)
----------------- Invoking toplevel() on ptolemy.moml.MoMLSimpleApplication@3c942b70
----------------- Done invoking toplevel() on ptolemy.moml.MoMLSimpleApplication@3c942b70
reloadAllAccessors: .TestSimple

===========================================================================================
----------------- testing Wed Jun 12 04:31:15 UTC 2019 /home/travis/build/icyphy/ptII/ptolemy/actor/lib/test/auto/ThrowModelError.xml
----------------- Instantiating /home/travis/build/icyphy/ptII/ptolemy/actor/lib/test/auto/ThrowModelError.xml
1 ms. Memory: 1780736K Free: 1111779K (62%)
----------------- Invoking toplevel() on ptolemy.moml.MoMLSimpleApplication@31425b36
----------------- Done invoking toplevel() on ptolemy.moml.MoMLSimpleApplication@31425b36
reloadAllAccessors: .ThrowModelError

===========================================================================================
----------------- testing Wed Jun 12 04:31:15 UTC 2019 /home/travis/build/icyphy/ptII/ptolemy/actor/lib/test/auto/TimeDelayMicrosteps.xml
----------------- Instantiating /home/travis/build/icyphy/ptII/ptolemy/actor/lib/test/auto/TimeDelayMicrosteps.xml
2 ms. Memory: 1780736K Free: 1090078K (61%)
----------------- Invoking toplevel() on ptolemy.moml.MoMLSimpleApplication@73027e7b
----------------- Done invoking toplevel() on ptolemy.moml.MoMLSimpleApplication@73027e7b
reloadAllAccessors: .TimeDelayMicrosteps

===========================================================================================
----------------- testing Wed Jun 12 04:31:16 UTC 2019 /home/travis/build/icyphy/ptII/ptolemy/actor/lib/test/auto/TimeDelayMicrosteps2.xml
----------------- Instantiating /home/travis/build/icyphy/ptII/ptolemy/actor/lib/test/auto/TimeDelayMicrosteps2.xml
3 ms. Memory: 1780736K Free: 1073428K (60%)
----------------- Invoking toplevel() on ptolemy.moml.MoMLSimpleApplication@1342e28c
----------------- Done invoking toplevel() on ptolemy.moml.MoMLSimpleApplication@1342e28c
reloadAllAccessors: .TimeDelayMicrosteps2

===========================================================================================
----------------- testing Wed Jun 12 04:31:16 UTC 2019 /home/travis/build/icyphy/ptII/ptolemy/actor/lib/test/auto/TimeDelayMicrosteps3.xml
----------------- Instantiating /home/travis/build/icyphy/ptII/ptolemy/actor/lib/test/auto/TimeDelayMicrosteps3.xml
3 ms. Memory: 1780736K Free: 1051727K (59%)
----------------- Invoking toplevel() on ptolemy.moml.MoMLSimpleApplication@4a4d1598
----------------- Done invoking toplevel() on ptolemy.moml.MoMLSimpleApplication@4a4d1598
reloadAllAccessors: .TimeDelayMicrosteps3

===========================================================================================
----------------- testing Wed Jun 12 04:31:16 UTC 2019 /home/travis/build/icyphy/ptII/ptolemy/actor/lib/test/auto/TimeDelayVariableMicrosteps.xml
----------------- Instantiating /home/travis/build/icyphy/ptII/ptolemy/actor/lib/test/auto/TimeDelayVariableMicrosteps.xml
2 ms. Memory: 1780736K Free: 1035077K (58%)
----------------- Invoking toplevel() on ptolemy.moml.MoMLSimpleApplication@52d4ab21
----------------- Done invoking toplevel() on ptolemy.moml.MoMLSimpleApplication@52d4ab21
reloadAllAccessors: .TimeDelayVariableMicrosteps

===========================================================================================
----------------- testing Wed Jun 12 04:31:16 UTC 2019 /home/travis/build/icyphy/ptII/ptolemy/actor/lib/test/auto/TimeGap.xml
----------------- Instantiating /home/travis/build/icyphy/ptII/ptolemy/actor/lib/test/auto/TimeGap.xml
2 ms. Memory: 1780736K Free: 1013376K (57%)
----------------- Invoking toplevel() on ptolemy.moml.MoMLSimpleApplication@4bc5fc48
----------------- Done invoking toplevel() on ptolemy.moml.MoMLSimpleApplication@4bc5fc48
reloadAllAccessors: .TimeGap

===========================================================================================
----------------- testing Wed Jun 12 04:31:16 UTC 2019 /home/travis/build/icyphy/ptII/ptolemy/actor/lib/test/auto/TimeGap2.xml
----------------- Instantiating /home/travis/build/icyphy/ptII/ptolemy/actor/lib/test/auto/TimeGap2.xml
2 ms. Memory: 1780736K Free: 996726K (56%)
----------------- Invoking toplevel() on ptolemy.moml.MoMLSimpleApplication@6b4e3784
----------------- Done invoking toplevel() on ptolemy.moml.MoMLSimpleApplication@6b4e3784
reloadAllAccessors: .TimeGap2

===========================================================================================
----------------- testing Wed Jun 12 04:31:16 UTC 2019 /home/travis/build/icyphy/ptII/ptolemy/actor/lib/test/auto/TimedSinewave.xml
----------------- Instantiating /home/travis/build/icyphy/ptII/ptolemy/actor/lib/test/auto/TimedSinewave.xml
13 ms. Memory: 1780736K Free: 966684K (54%)
----------------- Invoking toplevel() on ptolemy.moml.MoMLSimpleApplication@45263045
----------------- Done invoking toplevel() on ptolemy.moml.MoMLSimpleApplication@45263045
reloadAllAccessors: .TimedSinewave

===========================================================================================
----------------- testing Wed Jun 12 04:31:16 UTC 2019 /home/travis/build/icyphy/ptII/ptolemy/actor/lib/test/auto/TimedSinewavePhase.xml
----------------- Instantiating /home/travis/build/icyphy/ptII/ptolemy/actor/lib/test/auto/TimedSinewavePhase.xml
8 ms. Memory: 1780736K Free: 950034K (53%)
----------------- Invoking toplevel() on ptolemy.moml.MoMLSimpleApplication@1338d556
----------------- Done invoking toplevel() on ptolemy.moml.MoMLSimpleApplication@1338d556
reloadAllAccessors: .TimedSinewavePhase

===========================================================================================
----------------- testing Wed Jun 12 04:31:16 UTC 2019 /home/travis/build/icyphy/ptII/ptolemy/actor/lib/test/auto/Timer.xml
----------------- Instantiating /home/travis/build/icyphy/ptII/ptolemy/actor/lib/test/auto/Timer.xml
2 ms. Memory: 1780736K Free: 928333K (52%)
----------------- Invoking toplevel() on ptolemy.moml.MoMLSimpleApplication@406dd39b
----------------- Done invoking toplevel() on ptolemy.moml.MoMLSimpleApplication@406dd39b
reloadAllAccessors: .Timer

===========================================================================================
----------------- testing Wed Jun 12 04:31:16 UTC 2019 /home/travis/build/icyphy/ptII/ptolemy/actor/lib/test/auto/TriangularDistTestModel.xml
----------------- Instantiating /home/travis/build/icyphy/ptII/ptolemy/actor/lib/test/auto/TriangularDistTestModel.xml
1 ms. Memory: 1780736K Free: 906632K (51%)
----------------- Invoking toplevel() on ptolemy.moml.MoMLSimpleApplication@47f2f270
----------------- Done invoking toplevel() on ptolemy.moml.MoMLSimpleApplication@47f2f270
reloadAllAccessors: .TriangularDistTestModel

===========================================================================================
----------------- testing Wed Jun 12 04:31:16 UTC 2019 /home/travis/build/icyphy/ptII/ptolemy/actor/lib/test/auto/TrigFunction.xml
----------------- Instantiating /home/travis/build/icyphy/ptII/ptolemy/actor/lib/test/auto/TrigFunction.xml
1 ms. Memory: 1780736K Free: 889982K (50%)
----------------- Invoking toplevel() on ptolemy.moml.MoMLSimpleApplication@6902cceb
----------------- Done invoking toplevel() on ptolemy.moml.MoMLSimpleApplication@6902cceb
reloadAllAccessors: .TrigFunction

===========================================================================================
----------------- testing Wed Jun 12 04:31:16 UTC 2019 /home/travis/build/icyphy/ptII/ptolemy/actor/lib/test/auto/TrigFunctionDE.xml
----------------- Instantiating /home/travis/build/icyphy/ptII/ptolemy/actor/lib/test/auto/TrigFunctionDE.xml
1 ms. Memory: 1780736K Free: 868281K (49%)
----------------- Invoking toplevel() on ptolemy.moml.MoMLSimpleApplication@6f73ac9d
----------------- Done invoking toplevel() on ptolemy.moml.MoMLSimpleApplication@6f73ac9d
reloadAllAccessors: .TrigFunctionDE

===========================================================================================
----------------- testing Wed Jun 12 04:31:16 UTC 2019 /home/travis/build/icyphy/ptII/ptolemy/actor/lib/test/auto/TrigFunctionInverse.xml
----------------- Instantiating /home/travis/build/icyphy/ptII/ptolemy/actor/lib/test/auto/TrigFunctionInverse.xml
1 ms. Memory: 1780736K Free: 851631K (48%)
----------------- Invoking toplevel() on ptolemy.moml.MoMLSimpleApplication@57967d5f
----------------- Done invoking toplevel() on ptolemy.moml.MoMLSimpleApplication@57967d5f
reloadAllAccessors: .TrigFunctionInverse

===========================================================================================
----------------- testing Wed Jun 12 04:31:16 UTC 2019 /home/travis/build/icyphy/ptII/ptolemy/actor/lib/test/auto/TrigFunctionTan.xml
----------------- Instantiating /home/travis/build/icyphy/ptII/ptolemy/actor/lib/test/auto/TrigFunctionTan.xml
1 ms. Memory: 1780736K Free: 829930K (47%)
----------------- Invoking toplevel() on ptolemy.moml.MoMLSimpleApplication@546d7fc7
----------------- Done invoking toplevel() on ptolemy.moml.MoMLSimpleApplication@546d7fc7
reloadAllAccessors: .TrigFunctionTan

===========================================================================================
----------------- testing Wed Jun 12 04:31:16 UTC 2019 /home/travis/build/icyphy/ptII/ptolemy/actor/lib/test/auto/TriggeredClock.xml
----------------- Instantiating /home/travis/build/icyphy/ptII/ptolemy/actor/lib/test/auto/TriggeredClock.xml
1 ms. Memory: 1780736K Free: 813280K (46%)
----------------- Invoking toplevel() on ptolemy.moml.MoMLSimpleApplication@3682f491
----------------- Done invoking toplevel() on ptolemy.moml.MoMLSimpleApplication@3682f491
reloadAllAccessors: .TriggeredClock

===========================================================================================
----------------- testing Wed Jun 12 04:31:16 UTC 2019 /home/travis/build/icyphy/ptII/ptolemy/actor/lib/test/auto/URLDirectoryReader.xml
----------------- Instantiating /home/travis/build/icyphy/ptII/ptolemy/actor/lib/test/auto/URLDirectoryReader.xml
29 ms. Memory: 1780736K Free: 791579K (44%)
----------------- Invoking toplevel() on ptolemy.moml.MoMLSimpleApplication@4af790ec
----------------- Done invoking toplevel() on ptolemy.moml.MoMLSimpleApplication@4af790ec
reloadAllAccessors: .URLDirectoryReader

===========================================================================================
----------------- testing Wed Jun 12 04:31:16 UTC 2019 /home/travis/build/icyphy/ptII/ptolemy/actor/lib/test/auto/URLDirectoryReader3.xml
----------------- Instantiating /home/travis/build/icyphy/ptII/ptolemy/actor/lib/test/auto/URLDirectoryReader3.xml
1107 ms. Memory: 1780736K Free: 733303K (41%)
----------------- Invoking toplevel() on ptolemy.moml.MoMLSimpleApplication@5cd98795
----------------- Done invoking toplevel() on ptolemy.moml.MoMLSimpleApplication@5cd98795
reloadAllAccessors: .URLDirectoryReader3

===========================================================================================
----------------- testing Wed Jun 12 04:31:17 UTC 2019 /home/travis/build/icyphy/ptII/ptolemy/actor/lib/test/auto/UnaryMathFunction.xml
----------------- Instantiating /home/travis/build/icyphy/ptII/ptolemy/actor/lib/test/auto/UnaryMathFunction.xml
6 ms. Memory: 1780736K Free: 711602K (40%)
----------------- Invoking toplevel() on ptolemy.moml.MoMLSimpleApplication@1ba18d22
----------------- Done invoking toplevel() on ptolemy.moml.MoMLSimpleApplication@1ba18d22
reloadAllAccessors: .UnaryMathFunction

===========================================================================================
----------------- testing Wed Jun 12 04:31:17 UTC 2019 /home/travis/build/icyphy/ptII/ptolemy/actor/lib/test/auto/Uniform.xml
----------------- Instantiating /home/travis/build/icyphy/ptII/ptolemy/actor/lib/test/auto/Uniform.xml
10 ms. Memory: 1780736K Free: 694952K (39%)
----------------- Invoking toplevel() on ptolemy.moml.MoMLSimpleApplication@67349961
----------------- Done invoking toplevel() on ptolemy.moml.MoMLSimpleApplication@67349961
reloadAllAccessors: .Uniform

===========================================================================================
----------------- testing Wed Jun 12 04:31:17 UTC 2019 /home/travis/build/icyphy/ptII/ptolemy/actor/lib/test/auto/UnionDisassemblerTest.xml
----------------- Instantiating /home/travis/build/icyphy/ptII/ptolemy/actor/lib/test/auto/UnionDisassemblerTest.xml
14 ms. Memory: 1780736K Free: 673251K (38%)
----------------- Invoking toplevel() on ptolemy.moml.MoMLSimpleApplication@f309850
----------------- Done invoking toplevel() on ptolemy.moml.MoMLSimpleApplication@f309850
reloadAllAccessors: .UnionDisassemblerTest

===========================================================================================
----------------- testing Wed Jun 12 04:31:17 UTC 2019 /home/travis/build/icyphy/ptII/ptolemy/actor/lib/test/auto/UtilityFunctions.xml
----------------- Instantiating /home/travis/build/icyphy/ptII/ptolemy/actor/lib/test/auto/UtilityFunctions.xml
9 ms. Memory: 1780736K Free: 656601K (37%)
----------------- Invoking toplevel() on ptolemy.moml.MoMLSimpleApplication@4b1d30db
----------------- Done invoking toplevel() on ptolemy.moml.MoMLSimpleApplication@4b1d30db
reloadAllAccessors: .UtilityFunctions

===========================================================================================
----------------- testing Wed Jun 12 04:31:17 UTC 2019 /home/travis/build/icyphy/ptII/ptolemy/actor/lib/test/auto/VariableSleep.xml
----------------- Instantiating /home/travis/build/icyphy/ptII/ptolemy/actor/lib/test/auto/VariableSleep.xml
511 ms. Memory: 1780736K Free: 634900K (36%)
----------------- Invoking toplevel() on ptolemy.moml.MoMLSimpleApplication@36a91161
----------------- Done invoking toplevel() on ptolemy.moml.MoMLSimpleApplication@36a91161
reloadAllAccessors: .VariableSleep

===========================================================================================
----------------- testing Wed Jun 12 04:31:18 UTC 2019 /home/travis/build/icyphy/ptII/ptolemy/actor/lib/test/auto/VectorAssemblerDisassemblerCT.xml
----------------- Instantiating /home/travis/build/icyphy/ptII/ptolemy/actor/lib/test/auto/VectorAssemblerDisassemblerCT.xml
54 ms. Memory: 1780736K Free: 609924K (34%)
----------------- Invoking toplevel() on ptolemy.moml.MoMLSimpleApplication@24c7948e
----------------- Done invoking toplevel() on ptolemy.moml.MoMLSimpleApplication@24c7948e
reloadAllAccessors: .VectorAssemblerDisassemblerCT

===========================================================================================
----------------- testing Wed Jun 12 04:31:18 UTC 2019 /home/travis/build/icyphy/ptII/ptolemy/actor/lib/test/auto/VectorAssemblerDisassemblerDE.xml
----------------- Instantiating /home/travis/build/icyphy/ptII/ptolemy/actor/lib/test/auto/VectorAssemblerDisassemblerDE.xml
3 ms. Memory: 1780736K Free: 588223K (33%)
----------------- Invoking toplevel() on ptolemy.moml.MoMLSimpleApplication@3447d5e3
----------------- Done invoking toplevel() on ptolemy.moml.MoMLSimpleApplication@3447d5e3
reloadAllAccessors: .VectorAssemblerDisassemblerDE

===========================================================================================
----------------- testing Wed Jun 12 04:31:18 UTC 2019 /home/travis/build/icyphy/ptII/ptolemy/actor/lib/test/auto/VectorAssemblerDisassemblerSDF.xml
----------------- Instantiating /home/travis/build/icyphy/ptII/ptolemy/actor/lib/test/auto/VectorAssemblerDisassemblerSDF.xml
2 ms. Memory: 1780736K Free: 571573K (32%)
----------------- Invoking toplevel() on ptolemy.moml.MoMLSimpleApplication@4271f3df
----------------- Done invoking toplevel() on ptolemy.moml.MoMLSimpleApplication@4271f3df
reloadAllAccessors: .VectorAssemblerDisassemblerSDF

===========================================================================================
----------------- testing Wed Jun 12 04:31:18 UTC 2019 /home/travis/build/icyphy/ptII/ptolemy/actor/lib/test/auto/WallClockTime.xml
----------------- Instantiating /home/travis/build/icyphy/ptII/ptolemy/actor/lib/test/auto/WallClockTime.xml
1005 ms. Memory: 1780736K Free: 549872K (31%)
----------------- Invoking toplevel() on ptolemy.moml.MoMLSimpleApplication@7dc63512
----------------- Done invoking toplevel() on ptolemy.moml.MoMLSimpleApplication@7dc63512
reloadAllAccessors: .WallClockTime

===========================================================================================
----------------- testing Wed Jun 12 04:31:19 UTC 2019 /home/travis/build/icyphy/ptII/ptolemy/actor/lib/test/auto/WidthTestWithSubscriberPublisher.xml
----------------- Instantiating /home/travis/build/icyphy/ptII/ptolemy/actor/lib/test/auto/WidthTestWithSubscriberPublisher.xml
7 ms. Memory: 1780736K Free: 524880K (29%)
----------------- Invoking toplevel() on ptolemy.moml.MoMLSimpleApplication@5830b6a4
----------------- Done invoking toplevel() on ptolemy.moml.MoMLSimpleApplication@5830b6a4
reloadAllAccessors: .WidthTestWithSubscriberPublisher

===========================================================================================
----------------- testing Wed Jun 12 04:31:19 UTC 2019 /home/travis/build/icyphy/ptII/ptolemy/actor/lib/test/auto/WidthTestWithSubscriberPublisher2.xml
----------------- Instantiating /home/travis/build/icyphy/ptII/ptolemy/actor/lib/test/auto/WidthTestWithSubscriberPublisher2.xml
2 ms. Memory: 1780736K Free: 503179K (28%)
----------------- Invoking toplevel() on ptolemy.moml.MoMLSimpleApplication@1a67522e
----------------- Done invoking toplevel() on ptolemy.moml.MoMLSimpleApplication@1a67522e
reloadAllAccessors: .WidthTestWithSubscriberPublisher2

===========================================================================================
----------------- testing Wed Jun 12 04:31:19 UTC 2019 /home/travis/build/icyphy/ptII/ptolemy/actor/lib/test/auto/WidthTestWithSubscriberPublisher3.xml
----------------- Instantiating /home/travis/build/icyphy/ptII/ptolemy/actor/lib/test/auto/WidthTestWithSubscriberPublisher3.xml
2 ms. Memory: 1780736K Free: 486529K (27%)
----------------- Invoking toplevel() on ptolemy.moml.MoMLSimpleApplication@b7ff308
----------------- Done invoking toplevel() on ptolemy.moml.MoMLSimpleApplication@b7ff308
reloadAllAccessors: .WidthTestWithSubscriberPublisher3

===========================================================================================
----------------- testing Wed Jun 12 04:31:19 UTC 2019 /home/travis/build/icyphy/ptII/ptolemy/actor/lib/test/auto/Writer.xml
----------------- Instantiating /home/travis/build/icyphy/ptII/ptolemy/actor/lib/test/auto/Writer.xml
0
1
2
3
4
2 ms. Memory: 1780736K Free: 464828K (26%)
----------------- Invoking toplevel() on ptolemy.moml.MoMLSimpleApplication@66badd0b
----------------- Done invoking toplevel() on ptolemy.moml.MoMLSimpleApplication@66badd0b
reloadAllAccessors: .Writer

===========================================================================================
----------------- testing Wed Jun 12 04:31:19 UTC 2019 /home/travis/build/icyphy/ptII/ptolemy/actor/lib/test/auto/array.xml
----------------- Instantiating /home/travis/build/icyphy/ptII/ptolemy/actor/lib/test/auto/array.xml
1 ms. Memory: 1780736K Free: 448178K (25%)
----------------- Invoking toplevel() on ptolemy.moml.MoMLSimpleApplication@346aeba0
----------------- Done invoking toplevel() on ptolemy.moml.MoMLSimpleApplication@346aeba0
reloadAllAccessors: .array

===========================================================================================
----------------- testing Wed Jun 12 04:31:19 UTC 2019 /home/travis/build/icyphy/ptII/ptolemy/actor/lib/test/auto/array2.xml
----------------- Instantiating /home/travis/build/icyphy/ptII/ptolemy/actor/lib/test/auto/array2.xml
2 ms. Memory: 1780736K Free: 426477K (24%)
----------------- Invoking toplevel() on ptolemy.moml.MoMLSimpleApplication@668e1b0f
----------------- Done invoking toplevel() on ptolemy.moml.MoMLSimpleApplication@668e1b0f
reloadAllAccessors: .array2

===========================================================================================
----------------- testing Wed Jun 12 04:31:19 UTC 2019 /home/travis/build/icyphy/ptII/ptolemy/actor/lib/test/auto/arrayType.xml
----------------- Instantiating /home/travis/build/icyphy/ptII/ptolemy/actor/lib/test/auto/arrayType.xml
2 ms. Memory: 1780736K Free: 404776K (23%)
----------------- Invoking toplevel() on ptolemy.moml.MoMLSimpleApplication@79da5674
----------------- Done invoking toplevel() on ptolemy.moml.MoMLSimpleApplication@79da5674
reloadAllAccessors: .arrayType

===========================================================================================
----------------- testing Wed Jun 12 04:31:19 UTC 2019 /home/travis/build/icyphy/ptII/ptolemy/actor/lib/test/auto/arrayType10.xml
----------------- Instantiating /home/travis/build/icyphy/ptII/ptolemy/actor/lib/test/auto/arrayType10.xml
1 ms. Memory: 1780736K Free: 388126K (22%)
----------------- Invoking toplevel() on ptolemy.moml.MoMLSimpleApplication@519dc603
----------------- Done invoking toplevel() on ptolemy.moml.MoMLSimpleApplication@519dc603
reloadAllAccessors: .arrayType10

===========================================================================================
----------------- testing Wed Jun 12 04:31:19 UTC 2019 /home/travis/build/icyphy/ptII/ptolemy/actor/lib/test/auto/arrayType11.xml
----------------- Instantiating /home/travis/build/icyphy/ptII/ptolemy/actor/lib/test/auto/arrayType11.xml
2 ms. Memory: 1780736K Free: 366425K (21%)
----------------- Invoking toplevel() on ptolemy.moml.MoMLSimpleApplication@3115365
----------------- Done invoking toplevel() on ptolemy.moml.MoMLSimpleApplication@3115365
reloadAllAccessors: .arrayType11

===========================================================================================
----------------- testing Wed Jun 12 04:31:19 UTC 2019 /home/travis/build/icyphy/ptII/ptolemy/actor/lib/test/auto/arrayType12.xml
----------------- Instantiating /home/travis/build/icyphy/ptII/ptolemy/actor/lib/test/auto/arrayType12.xml
1 ms. Memory: 1780736K Free: 349775K (20%)
----------------- Invoking toplevel() on ptolemy.moml.MoMLSimpleApplication@5ca8556f
----------------- Done invoking toplevel() on ptolemy.moml.MoMLSimpleApplication@5ca8556f
reloadAllAccessors: .arrayType12

===========================================================================================
----------------- testing Wed Jun 12 04:31:19 UTC 2019 /home/travis/build/icyphy/ptII/ptolemy/actor/lib/test/auto/arrayType13.xml
----------------- Instantiating /home/travis/build/icyphy/ptII/ptolemy/actor/lib/test/auto/arrayType13.xml
1 ms. Memory: 1780736K Free: 328074K (18%)
----------------- Invoking toplevel() on ptolemy.moml.MoMLSimpleApplication@42f98c82
----------------- Done invoking toplevel() on ptolemy.moml.MoMLSimpleApplication@42f98c82
reloadAllAccessors: .arrayType13

===========================================================================================
----------------- testing Wed Jun 12 04:31:19 UTC 2019 /home/travis/build/icyphy/ptII/ptolemy/actor/lib/test/auto/arrayType14.xml
----------------- Instantiating /home/travis/build/icyphy/ptII/ptolemy/actor/lib/test/auto/arrayType14.xml
7 ms. Memory: 1780736K Free: 311424K (17%)
----------------- Invoking toplevel() on ptolemy.moml.MoMLSimpleApplication@27b4186a
----------------- Done invoking toplevel() on ptolemy.moml.MoMLSimpleApplication@27b4186a
reloadAllAccessors: .arrayType14

===========================================================================================
----------------- testing Wed Jun 12 04:31:19 UTC 2019 /home/travis/build/icyphy/ptII/ptolemy/actor/lib/test/auto/arrayType15.xml
----------------- Instantiating /home/travis/build/icyphy/ptII/ptolemy/actor/lib/test/auto/arrayType15.xml
2 ms. Memory: 1780736K Free: 289723K (16%)
----------------- Invoking toplevel() on ptolemy.moml.MoMLSimpleApplication@5d13fe41
----------------- Done invoking toplevel() on ptolemy.moml.MoMLSimpleApplication@5d13fe41
reloadAllAccessors: .arrayType15

===========================================================================================
----------------- testing Wed Jun 12 04:31:19 UTC 2019 /home/travis/build/icyphy/ptII/ptolemy/actor/lib/test/auto/arrayType16.xml
----------------- Instantiating /home/travis/build/icyphy/ptII/ptolemy/actor/lib/test/auto/arrayType16.xml
2 ms. Memory: 1780736K Free: 273073K (15%)
----------------- Invoking toplevel() on ptolemy.moml.MoMLSimpleApplication@37f911b1
----------------- Done invoking toplevel() on ptolemy.moml.MoMLSimpleApplication@37f911b1
reloadAllAccessors: .arrayType16

===========================================================================================
----------------- testing Wed Jun 12 04:31:19 UTC 2019 /home/travis/build/icyphy/ptII/ptolemy/actor/lib/test/auto/arrayType17.xml
----------------- Instantiating /home/travis/build/icyphy/ptII/ptolemy/actor/lib/test/auto/arrayType17.xml
2 ms. Memory: 1780736K Free: 251372K (14%)
----------------- Invoking toplevel() on ptolemy.moml.MoMLSimpleApplication@53e7567b
----------------- Done invoking toplevel() on ptolemy.moml.MoMLSimpleApplication@53e7567b
reloadAllAccessors: .arrayType17

===========================================================================================
----------------- testing Wed Jun 12 04:31:19 UTC 2019 /home/travis/build/icyphy/ptII/ptolemy/actor/lib/test/auto/arrayType18.xml
----------------- Instantiating /home/travis/build/icyphy/ptII/ptolemy/actor/lib/test/auto/arrayType18.xml
2 ms. Memory: 1780736K Free: 234722K (13%)
----------------- Invoking toplevel() on ptolemy.moml.MoMLSimpleApplication@5752327d
----------------- Done invoking toplevel() on ptolemy.moml.MoMLSimpleApplication@5752327d
reloadAllAccessors: .arrayType18

===========================================================================================
----------------- testing Wed Jun 12 04:31:19 UTC 2019 /home/travis/build/icyphy/ptII/ptolemy/actor/lib/test/auto/arrayType19.xml
----------------- Instantiating /home/travis/build/icyphy/ptII/ptolemy/actor/lib/test/auto/arrayType19.xml
2 ms. Memory: 1780736K Free: 213021K (12%)
----------------- Invoking toplevel() on ptolemy.moml.MoMLSimpleApplication@5aea5e7d
----------------- Done invoking toplevel() on ptolemy.moml.MoMLSimpleApplication@5aea5e7d
reloadAllAccessors: .arrayType19

===========================================================================================
----------------- testing Wed Jun 12 04:31:19 UTC 2019 /home/travis/build/icyphy/ptII/ptolemy/actor/lib/test/auto/arrayType2.xml
----------------- Instantiating /home/travis/build/icyphy/ptII/ptolemy/actor/lib/test/auto/arrayType2.xml
1 ms. Memory: 1780736K Free: 196371K (11%)
----------------- Invoking toplevel() on ptolemy.moml.MoMLSimpleApplication@f741cc
----------------- Done invoking toplevel() on ptolemy.moml.MoMLSimpleApplication@f741cc
reloadAllAccessors: .arrayType2

===========================================================================================
----------------- testing Wed Jun 12 04:31:19 UTC 2019 /home/travis/build/icyphy/ptII/ptolemy/actor/lib/test/auto/arrayType20.xml
----------------- Instantiating /home/travis/build/icyphy/ptII/ptolemy/actor/lib/test/auto/arrayType20.xml
2 ms. Memory: 1780736K Free: 174670K (10%)
----------------- Invoking toplevel() on ptolemy.moml.MoMLSimpleApplication@38710d8f
----------------- Done invoking toplevel() on ptolemy.moml.MoMLSimpleApplication@38710d8f
reloadAllAccessors: .arrayType20

===========================================================================================
----------------- testing Wed Jun 12 04:31:19 UTC 2019 /home/travis/build/icyphy/ptII/ptolemy/actor/lib/test/auto/arrayType21.xml
----------------- Instantiating /home/travis/build/icyphy/ptII/ptolemy/actor/lib/test/auto/arrayType21.xml
1 ms. Memory: 1780736K Free: 158019K (9%)
----------------- Invoking toplevel() on ptolemy.moml.MoMLSimpleApplication@147ddcba
----------------- Done invoking toplevel() on ptolemy.moml.MoMLSimpleApplication@147ddcba
reloadAllAccessors: .arrayType21

===========================================================================================
----------------- testing Wed Jun 12 04:31:19 UTC 2019 /home/travis/build/icyphy/ptII/ptolemy/actor/lib/test/auto/arrayType22.xml
----------------- Instantiating /home/travis/build/icyphy/ptII/ptolemy/actor/lib/test/auto/arrayType22.xml
1 ms. Memory: 1780736K Free: 136319K (8%)
----------------- Invoking toplevel() on ptolemy.moml.MoMLSimpleApplication@37332c3
----------------- Done invoking toplevel() on ptolemy.moml.MoMLSimpleApplication@37332c3
reloadAllAccessors: .arrayType22

===========================================================================================
----------------- testing Wed Jun 12 04:31:19 UTC 2019 /home/travis/build/icyphy/ptII/ptolemy/actor/lib/test/auto/arrayType23.xml
----------------- Instantiating /home/travis/build/icyphy/ptII/ptolemy/actor/lib/test/auto/arrayType23.xml
1 ms. Memory: 1780736K Free: 119668K (7%)
----------------- Invoking toplevel() on ptolemy.moml.MoMLSimpleApplication@6dea30aa
----------------- Done invoking toplevel() on ptolemy.moml.MoMLSimpleApplication@6dea30aa
reloadAllAccessors: .arrayType23

===========================================================================================
----------------- testing Wed Jun 12 04:31:19 UTC 2019 /home/travis/build/icyphy/ptII/ptolemy/actor/lib/test/auto/arrayType24.xml
----------------- Instantiating /home/travis/build/icyphy/ptII/ptolemy/actor/lib/test/auto/arrayType24.xml
2 ms. Memory: 1780736K Free: 97967K (6%)
----------------- Invoking toplevel() on ptolemy.moml.MoMLSimpleApplication@3d131307
----------------- Done invoking toplevel() on ptolemy.moml.MoMLSimpleApplication@3d131307
reloadAllAccessors: .arrayType24

===========================================================================================
----------------- testing Wed Jun 12 04:31:19 UTC 2019 /home/travis/build/icyphy/ptII/ptolemy/actor/lib/test/auto/arrayType25.xml
----------------- Instantiating /home/travis/build/icyphy/ptII/ptolemy/actor/lib/test/auto/arrayType25.xml
2 ms. Memory: 1780736K Free: 81317K (5%)
----------------- Invoking toplevel() on ptolemy.moml.MoMLSimpleApplication@6481082
----------------- Done invoking toplevel() on ptolemy.moml.MoMLSimpleApplication@6481082
reloadAllAccessors: .arrayType25

===========================================================================================
----------------- testing Wed Jun 12 04:31:19 UTC 2019 /home/travis/build/icyphy/ptII/ptolemy/actor/lib/test/auto/arrayType26.xml
----------------- Instantiating /home/travis/build/icyphy/ptII/ptolemy/actor/lib/test/auto/arrayType26.xml
2 ms. Memory: 1781760K Free: 1718350K (96%)
----------------- Invoking toplevel() on ptolemy.moml.MoMLSimpleApplication@5598b10c
----------------- Done invoking toplevel() on ptolemy.moml.MoMLSimpleApplication@5598b10c
reloadAllAccessors: .arrayType26

===========================================================================================
----------------- testing Wed Jun 12 04:31:20 UTC 2019 /home/travis/build/icyphy/ptII/ptolemy/actor/lib/test/auto/arrayType27.xml
----------------- Instantiating /home/travis/build/icyphy/ptII/ptolemy/actor/lib/test/auto/arrayType27.xml
3 ms. Memory: 1781760K Free: 1696930K (95%)
----------------- Invoking toplevel() on ptolemy.moml.MoMLSimpleApplication@5ba4a46
----------------- Done invoking toplevel() on ptolemy.moml.MoMLSimpleApplication@5ba4a46
reloadAllAccessors: .arrayType27

===========================================================================================
----------------- testing Wed Jun 12 04:31:20 UTC 2019 /home/travis/build/icyphy/ptII/ptolemy/actor/lib/test/auto/arrayType28.xml
----------------- Instantiating /home/travis/build/icyphy/ptII/ptolemy/actor/lib/test/auto/arrayType28.xml
1 ms. Memory: 1781760K Free: 1675510K (94%)
----------------- Invoking toplevel() on ptolemy.moml.MoMLSimpleApplication@230446ef
----------------- Done invoking toplevel() on ptolemy.moml.MoMLSimpleApplication@230446ef
reloadAllAccessors: .arrayType28

===========================================================================================
----------------- testing Wed Jun 12 04:31:20 UTC 2019 /home/travis/build/icyphy/ptII/ptolemy/actor/lib/test/auto/arrayType3.xml
----------------- Instantiating /home/travis/build/icyphy/ptII/ptolemy/actor/lib/test/auto/arrayType3.xml
5 ms. Memory: 1781760K Free: 1658860K (93%)
----------------- Invoking toplevel() on ptolemy.moml.MoMLSimpleApplication@6f5c6185
----------------- Done invoking toplevel() on ptolemy.moml.MoMLSimpleApplication@6f5c6185
reloadAllAccessors: .arrayType3

===========================================================================================
----------------- testing Wed Jun 12 04:31:20 UTC 2019 /home/travis/build/icyphy/ptII/ptolemy/actor/lib/test/auto/arrayType4.xml
----------------- Instantiating /home/travis/build/icyphy/ptII/ptolemy/actor/lib/test/auto/arrayType4.xml
2 ms. Memory: 1781760K Free: 1637440K (92%)
----------------- Invoking toplevel() on ptolemy.moml.MoMLSimpleApplication@4278122f
----------------- Done invoking toplevel() on ptolemy.moml.MoMLSimpleApplication@4278122f
reloadAllAccessors: .arrayType4

===========================================================================================
----------------- testing Wed Jun 12 04:31:20 UTC 2019 /home/travis/build/icyphy/ptII/ptolemy/actor/lib/test/auto/arrayType5.xml
----------------- Instantiating /home/travis/build/icyphy/ptII/ptolemy/actor/lib/test/auto/arrayType5.xml
1 ms. Memory: 1781760K Free: 1620763K (91%)
----------------- Invoking toplevel() on ptolemy.moml.MoMLSimpleApplication@42c0a3d8
----------------- Done invoking toplevel() on ptolemy.moml.MoMLSimpleApplication@42c0a3d8
reloadAllAccessors: .arrayType5

===========================================================================================
----------------- testing Wed Jun 12 04:31:20 UTC 2019 /home/travis/build/icyphy/ptII/ptolemy/actor/lib/test/auto/arrayType6.xml
----------------- Instantiating /home/travis/build/icyphy/ptII/ptolemy/actor/lib/test/auto/arrayType6.xml
1 ms. Memory: 1781760K Free: 1599343K (90%)
----------------- Invoking toplevel() on ptolemy.moml.MoMLSimpleApplication@3ac13590
----------------- Done invoking toplevel() on ptolemy.moml.MoMLSimpleApplication@3ac13590
reloadAllAccessors: .arrayType6

===========================================================================================
----------------- testing Wed Jun 12 04:31:20 UTC 2019 /home/travis/build/icyphy/ptII/ptolemy/actor/lib/test/auto/arrayType7.xml
----------------- Instantiating /home/travis/build/icyphy/ptII/ptolemy/actor/lib/test/auto/arrayType7.xml
1 ms. Memory: 1781760K Free: 1582693K (89%)
----------------- Invoking toplevel() on ptolemy.moml.MoMLSimpleApplication@e779c8b
----------------- Done invoking toplevel() on ptolemy.moml.MoMLSimpleApplication@e779c8b
reloadAllAccessors: .arrayType7

===========================================================================================
----------------- testing Wed Jun 12 04:31:20 UTC 2019 /home/travis/build/icyphy/ptII/ptolemy/actor/lib/test/auto/arrayType8.xml
----------------- Instantiating /home/travis/build/icyphy/ptII/ptolemy/actor/lib/test/auto/arrayType8.xml
2 ms. Memory: 1781760K Free: 1561273K (88%)
----------------- Invoking toplevel() on ptolemy.moml.MoMLSimpleApplication@61d86e00
----------------- Done invoking toplevel() on ptolemy.moml.MoMLSimpleApplication@61d86e00
reloadAllAccessors: .arrayType8

===========================================================================================
----------------- testing Wed Jun 12 04:31:20 UTC 2019 /home/travis/build/icyphy/ptII/ptolemy/actor/lib/test/auto/arrayType9.xml
----------------- Instantiating /home/travis/build/icyphy/ptII/ptolemy/actor/lib/test/auto/arrayType9.xml
1 ms. Memory: 1781760K Free: 1539853K (86%)
----------------- Invoking toplevel() on ptolemy.moml.MoMLSimpleApplication@7f733cf4
----------------- Done invoking toplevel() on ptolemy.moml.MoMLSimpleApplication@7f733cf4
reloadAllAccessors: .arrayType9

===========================================================================================
----------------- testing Wed Jun 12 04:31:20 UTC 2019 /home/travis/build/icyphy/ptII/ptolemy/actor/lib/test/auto/cast.xml
----------------- Instantiating /home/travis/build/icyphy/ptII/ptolemy/actor/lib/test/auto/cast.xml
1 ms. Memory: 1781760K Free: 1523203K (85%)
----------------- Invoking toplevel() on ptolemy.moml.MoMLSimpleApplication@8329fcc
----------------- Done invoking toplevel() on ptolemy.moml.MoMLSimpleApplication@8329fcc
reloadAllAccessors: .cast

===========================================================================================
----------------- testing Wed Jun 12 04:31:20 UTC 2019 /home/travis/build/icyphy/ptII/ptolemy/actor/lib/test/auto/compositeMultiPort.xml
----------------- Instantiating /home/travis/build/icyphy/ptII/ptolemy/actor/lib/test/auto/compositeMultiPort.xml
3 ms. Memory: 1781760K Free: 1501782K (84%)
----------------- Invoking toplevel() on ptolemy.moml.MoMLSimpleApplication@7070e829
----------------- Done invoking toplevel() on ptolemy.moml.MoMLSimpleApplication@7070e829
reloadAllAccessors: .compositeMultiPort

===========================================================================================
----------------- testing Wed Jun 12 04:31:20 UTC 2019 /home/travis/build/icyphy/ptII/ptolemy/actor/lib/test/auto/expressionCastInference.xml
----------------- Instantiating /home/travis/build/icyphy/ptII/ptolemy/actor/lib/test/auto/expressionCastInference.xml
2 ms. Memory: 1781760K Free: 1485132K (83%)
----------------- Invoking toplevel() on ptolemy.moml.MoMLSimpleApplication@235372ea
----------------- Done invoking toplevel() on ptolemy.moml.MoMLSimpleApplication@235372ea
reloadAllAccessors: .expressionCastInference

===========================================================================================
----------------- testing Wed Jun 12 04:31:20 UTC 2019 /home/travis/build/icyphy/ptII/ptolemy/actor/lib/test/auto/expressionCastInference2.xml
----------------- Instantiating /home/travis/build/icyphy/ptII/ptolemy/actor/lib/test/auto/expressionCastInference2.xml
1 ms. Memory: 1781760K Free: 1463712K (82%)
----------------- Invoking toplevel() on ptolemy.moml.MoMLSimpleApplication@7524bd81
----------------- Done invoking toplevel() on ptolemy.moml.MoMLSimpleApplication@7524bd81
reloadAllAccessors: .expressionCastInference2

===========================================================================================
----------------- testing Wed Jun 12 04:31:20 UTC 2019 /home/travis/build/icyphy/ptII/ptolemy/actor/lib/test/auto/expressionInference.xml
----------------- Instantiating /home/travis/build/icyphy/ptII/ptolemy/actor/lib/test/auto/expressionInference.xml
1 ms. Memory: 1781760K Free: 1447062K (81%)
----------------- Invoking toplevel() on ptolemy.moml.MoMLSimpleApplication@9409a70
----------------- Done invoking toplevel() on ptolemy.moml.MoMLSimpleApplication@9409a70
reloadAllAccessors: .expressionInference

===========================================================================================
----------------- testing Wed Jun 12 04:31:20 UTC 2019 /home/travis/build/icyphy/ptII/ptolemy/actor/lib/test/auto/expression_bug.xml
----------------- Instantiating /home/travis/build/icyphy/ptII/ptolemy/actor/lib/test/auto/expression_bug.xml
2 ms. Memory: 1781760K Free: 1425642K (80%)
----------------- Invoking toplevel() on ptolemy.moml.MoMLSimpleApplication@5ecd7574
----------------- Done invoking toplevel() on ptolemy.moml.MoMLSimpleApplication@5ecd7574
reloadAllAccessors: .expression_bug

===========================================================================================
----------------- testing Wed Jun 12 04:31:20 UTC 2019 /home/travis/build/icyphy/ptII/ptolemy/actor/lib/test/auto/factorial.xml
----------------- Instantiating /home/travis/build/icyphy/ptII/ptolemy/actor/lib/test/auto/factorial.xml
27 ms. Memory: 1781760K Free: 1408992K (79%)
----------------- Invoking toplevel() on ptolemy.moml.MoMLSimpleApplication@5de18b84
----------------- Done invoking toplevel() on ptolemy.moml.MoMLSimpleApplication@5de18b84
reloadAllAccessors: .factorial

===========================================================================================
----------------- testing Wed Jun 12 04:31:20 UTC 2019 /home/travis/build/icyphy/ptII/ptolemy/actor/lib/test/auto/filterTest1.xml
----------------- Instantiating /home/travis/build/icyphy/ptII/ptolemy/actor/lib/test/auto/filterTest1.xml
3 ms. Memory: 1781760K Free: 1387572K (78%)
----------------- Invoking toplevel() on ptolemy.moml.MoMLSimpleApplication@557dc871
----------------- Done invoking toplevel() on ptolemy.moml.MoMLSimpleApplication@557dc871
reloadAllAccessors: .filterTest1

===========================================================================================
----------------- testing Wed Jun 12 04:31:20 UTC 2019 /home/travis/build/icyphy/ptII/ptolemy/actor/lib/test/auto/funcApplyInConst.xml
----------------- Instantiating /home/travis/build/icyphy/ptII/ptolemy/actor/lib/test/auto/funcApplyInConst.xml
1 ms. Memory: 1781760K Free: 1366152K (77%)
----------------- Invoking toplevel() on ptolemy.moml.MoMLSimpleApplication@2e32ef48
----------------- Done invoking toplevel() on ptolemy.moml.MoMLSimpleApplication@2e32ef48
reloadAllAccessors: .funcApplyInConst

===========================================================================================
----------------- testing Wed Jun 12 04:31:20 UTC 2019 /home/travis/build/icyphy/ptII/ptolemy/actor/lib/test/auto/funcApplyInExpr.xml
----------------- Instantiating /home/travis/build/icyphy/ptII/ptolemy/actor/lib/test/auto/funcApplyInExpr.xml
1 ms. Memory: 1781760K Free: 1349502K (76%)
----------------- Invoking toplevel() on ptolemy.moml.MoMLSimpleApplication@5993cdf9
----------------- Done invoking toplevel() on ptolemy.moml.MoMLSimpleApplication@5993cdf9
reloadAllAccessors: .funcApplyInExpr

===========================================================================================
----------------- testing Wed Jun 12 04:31:20 UTC 2019 /home/travis/build/icyphy/ptII/ptolemy/actor/lib/test/auto/function.xml
----------------- Instantiating /home/travis/build/icyphy/ptII/ptolemy/actor/lib/test/auto/function.xml
2 ms. Memory: 1781760K Free: 1328082K (75%)
----------------- Invoking toplevel() on ptolemy.moml.MoMLSimpleApplication@5478be6a
----------------- Done invoking toplevel() on ptolemy.moml.MoMLSimpleApplication@5478be6a
reloadAllAccessors: .function

===========================================================================================
----------------- testing Wed Jun 12 04:31:20 UTC 2019 /home/travis/build/icyphy/ptII/ptolemy/actor/lib/test/auto/function2.xml
----------------- Instantiating /home/travis/build/icyphy/ptII/ptolemy/actor/lib/test/auto/function2.xml
2 ms. Memory: 1781760K Free: 1311432K (74%)
----------------- Invoking toplevel() on ptolemy.moml.MoMLSimpleApplication@15f144c1
----------------- Done invoking toplevel() on ptolemy.moml.MoMLSimpleApplication@15f144c1
reloadAllAccessors: .function2

===========================================================================================
----------------- testing Wed Jun 12 04:31:20 UTC 2019 /home/travis/build/icyphy/ptII/ptolemy/actor/lib/test/auto/function3.xml
----------------- Instantiating /home/travis/build/icyphy/ptII/ptolemy/actor/lib/test/auto/function3.xml
1 ms. Memory: 1781760K Free: 1290012K (72%)
----------------- Invoking toplevel() on ptolemy.moml.MoMLSimpleApplication@24edadbe
----------------- Done invoking toplevel() on ptolemy.moml.MoMLSimpleApplication@24edadbe
reloadAllAccessors: .function3

===========================================================================================
----------------- testing Wed Jun 12 04:31:20 UTC 2019 /home/travis/build/icyphy/ptII/ptolemy/actor/lib/test/auto/functionClosureTest1.xml
----------------- Instantiating /home/travis/build/icyphy/ptII/ptolemy/actor/lib/test/auto/functionClosureTest1.xml
2 ms. Memory: 1781760K Free: 1273361K (71%)
----------------- Invoking toplevel() on ptolemy.moml.MoMLSimpleApplication@5959503f
----------------- Done invoking toplevel() on ptolemy.moml.MoMLSimpleApplication@5959503f
reloadAllAccessors: .functionClosureTest1

===========================================================================================
----------------- testing Wed Jun 12 04:31:20 UTC 2019 /home/travis/build/icyphy/ptII/ptolemy/actor/lib/test/auto/functionClosureTest2.xml
----------------- Instantiating /home/travis/build/icyphy/ptII/ptolemy/actor/lib/test/auto/functionClosureTest2.xml
1 ms. Memory: 1781760K Free: 1251941K (70%)
----------------- Invoking toplevel() on ptolemy.moml.MoMLSimpleApplication@78eb2e6c
----------------- Done invoking toplevel() on ptolemy.moml.MoMLSimpleApplication@78eb2e6c
reloadAllAccessors: .functionClosureTest2

===========================================================================================
----------------- testing Wed Jun 12 04:31:20 UTC 2019 /home/travis/build/icyphy/ptII/ptolemy/actor/lib/test/auto/functionClosureTest3.xml
----------------- Instantiating /home/travis/build/icyphy/ptII/ptolemy/actor/lib/test/auto/functionClosureTest3.xml
1 ms. Memory: 1781760K Free: 1230522K (69%)
----------------- Invoking toplevel() on ptolemy.moml.MoMLSimpleApplication@4d68f871
----------------- Done invoking toplevel() on ptolemy.moml.MoMLSimpleApplication@4d68f871
reloadAllAccessors: .functionClosureTest3

===========================================================================================
----------------- testing Wed Jun 12 04:31:20 UTC 2019 /home/travis/build/icyphy/ptII/ptolemy/actor/lib/test/auto/functionClosureTest4.xml
----------------- Instantiating /home/travis/build/icyphy/ptII/ptolemy/actor/lib/test/auto/functionClosureTest4.xml
2 ms. Memory: 1781760K Free: 1213871K (68%)
----------------- Invoking toplevel() on ptolemy.moml.MoMLSimpleApplication@c286336
----------------- Done invoking toplevel() on ptolemy.moml.MoMLSimpleApplication@c286336
reloadAllAccessors: .functionClosureTest4

===========================================================================================
----------------- testing Wed Jun 12 04:31:20 UTC 2019 /home/travis/build/icyphy/ptII/ptolemy/actor/lib/test/auto/functionClosureTest5.xml
----------------- Instantiating /home/travis/build/icyphy/ptII/ptolemy/actor/lib/test/auto/functionClosureTest5.xml
3 ms. Memory: 1781760K Free: 1192451K (67%)
----------------- Invoking toplevel() on ptolemy.moml.MoMLSimpleApplication@3b11f72a
----------------- Done invoking toplevel() on ptolemy.moml.MoMLSimpleApplication@3b11f72a
reloadAllAccessors: .functionClosureTest5

===========================================================================================
----------------- testing Wed Jun 12 04:31:20 UTC 2019 /home/travis/build/icyphy/ptII/ptolemy/actor/lib/test/auto/functionClosureTest6.xml
----------------- Instantiating /home/travis/build/icyphy/ptII/ptolemy/actor/lib/test/auto/functionClosureTest6.xml
1 ms. Memory: 1781760K Free: 1175801K (66%)
----------------- Invoking toplevel() on ptolemy.moml.MoMLSimpleApplication@170c24c3
----------------- Done invoking toplevel() on ptolemy.moml.MoMLSimpleApplication@170c24c3
reloadAllAccessors: .functionClosureTest6

===========================================================================================
----------------- testing Wed Jun 12 04:31:20 UTC 2019 /home/travis/build/icyphy/ptII/ptolemy/actor/lib/test/auto/functionsOnArcs.xml
----------------- Instantiating /home/travis/build/icyphy/ptII/ptolemy/actor/lib/test/auto/functionsOnArcs.xml
2 ms. Memory: 1781760K Free: 1154381K (65%)
----------------- Invoking toplevel() on ptolemy.moml.MoMLSimpleApplication@3dcd11b1
----------------- Done invoking toplevel() on ptolemy.moml.MoMLSimpleApplication@3dcd11b1
reloadAllAccessors: .functionsOnArcs

===========================================================================================
----------------- testing Wed Jun 12 04:31:20 UTC 2019 /home/travis/build/icyphy/ptII/ptolemy/actor/lib/test/auto/functionsOnArcsHOF.xml
----------------- Instantiating /home/travis/build/icyphy/ptII/ptolemy/actor/lib/test/auto/functionsOnArcsHOF.xml
2 ms. Memory: 1781760K Free: 1137731K (64%)
----------------- Invoking toplevel() on ptolemy.moml.MoMLSimpleApplication@15730710
----------------- Done invoking toplevel() on ptolemy.moml.MoMLSimpleApplication@15730710
reloadAllAccessors: .functionsOnArcsHOF

===========================================================================================
----------------- testing Wed Jun 12 04:31:20 UTC 2019 /home/travis/build/icyphy/ptII/ptolemy/actor/lib/test/auto/logic.xml
----------------- Instantiating /home/travis/build/icyphy/ptII/ptolemy/actor/lib/test/auto/logic.xml
1 ms. Memory: 1781760K Free: 1116311K (63%)
----------------- Invoking toplevel() on ptolemy.moml.MoMLSimpleApplication@42f1e698
----------------- Done invoking toplevel() on ptolemy.moml.MoMLSimpleApplication@42f1e698
reloadAllAccessors: .logic

===========================================================================================
----------------- testing Wed Jun 12 04:31:20 UTC 2019 /home/travis/build/icyphy/ptII/ptolemy/actor/lib/test/auto/matrixType.xml
----------------- Instantiating /home/travis/build/icyphy/ptII/ptolemy/actor/lib/test/auto/matrixType.xml
1 ms. Memory: 1781760K Free: 1094891K (61%)
----------------- Invoking toplevel() on ptolemy.moml.MoMLSimpleApplication@53e47d05
----------------- Done invoking toplevel() on ptolemy.moml.MoMLSimpleApplication@53e47d05
reloadAllAccessors: .matrixType

===========================================================================================
----------------- testing Wed Jun 12 04:31:20 UTC 2019 /home/travis/build/icyphy/ptII/ptolemy/actor/lib/test/auto/matrixType10.xml
----------------- Instantiating /home/travis/build/icyphy/ptII/ptolemy/actor/lib/test/auto/matrixType10.xml
2 ms. Memory: 1781760K Free: 1078241K (61%)
----------------- Invoking toplevel() on ptolemy.moml.MoMLSimpleApplication@fd930d8
----------------- Done invoking toplevel() on ptolemy.moml.MoMLSimpleApplication@fd930d8
reloadAllAccessors: .matrixType10

===========================================================================================
----------------- testing Wed Jun 12 04:31:20 UTC 2019 /home/travis/build/icyphy/ptII/ptolemy/actor/lib/test/auto/matrixType11.xml
----------------- Instantiating /home/travis/build/icyphy/ptII/ptolemy/actor/lib/test/auto/matrixType11.xml
2 ms. Memory: 1781760K Free: 1056821K (59%)
----------------- Invoking toplevel() on ptolemy.moml.MoMLSimpleApplication@4b2f4e4c
----------------- Done invoking toplevel() on ptolemy.moml.MoMLSimpleApplication@4b2f4e4c
reloadAllAccessors: .matrixType11

===========================================================================================
----------------- testing Wed Jun 12 04:31:20 UTC 2019 /home/travis/build/icyphy/ptII/ptolemy/actor/lib/test/auto/matrixType12.xml
----------------- Instantiating /home/travis/build/icyphy/ptII/ptolemy/actor/lib/test/auto/matrixType12.xml
1 ms. Memory: 1781760K Free: 1040170K (58%)
----------------- Invoking toplevel() on ptolemy.moml.MoMLSimpleApplication@48447149
----------------- Done invoking toplevel() on ptolemy.moml.MoMLSimpleApplication@48447149
reloadAllAccessors: .matrixType12

===========================================================================================
----------------- testing Wed Jun 12 04:31:20 UTC 2019 /home/travis/build/icyphy/ptII/ptolemy/actor/lib/test/auto/matrixType13.xml
----------------- Instantiating /home/travis/build/icyphy/ptII/ptolemy/actor/lib/test/auto/matrixType13.xml
1 ms. Memory: 1781760K Free: 1018750K (57%)
----------------- Invoking toplevel() on ptolemy.moml.MoMLSimpleApplication@22b5fa00
----------------- Done invoking toplevel() on ptolemy.moml.MoMLSimpleApplication@22b5fa00
reloadAllAccessors: .matrixType13

===========================================================================================
----------------- testing Wed Jun 12 04:31:20 UTC 2019 /home/travis/build/icyphy/ptII/ptolemy/actor/lib/test/auto/matrixType14.xml
----------------- Instantiating /home/travis/build/icyphy/ptII/ptolemy/actor/lib/test/auto/matrixType14.xml
1 ms. Memory: 1781760K Free: 1002100K (56%)
----------------- Invoking toplevel() on ptolemy.moml.MoMLSimpleApplication@13225f5d
----------------- Done invoking toplevel() on ptolemy.moml.MoMLSimpleApplication@13225f5d
reloadAllAccessors: .matrixType14

===========================================================================================
----------------- testing Wed Jun 12 04:31:20 UTC 2019 /home/travis/build/icyphy/ptII/ptolemy/actor/lib/test/auto/matrixType2.xml
----------------- Instantiating /home/travis/build/icyphy/ptII/ptolemy/actor/lib/test/auto/matrixType2.xml
1 ms. Memory: 1781760K Free: 980680K (55%)
----------------- Invoking toplevel() on ptolemy.moml.MoMLSimpleApplication@31b449b2
----------------- Done invoking toplevel() on ptolemy.moml.MoMLSimpleApplication@31b449b2
reloadAllAccessors: .matrixType2

===========================================================================================
----------------- testing Wed Jun 12 04:31:20 UTC 2019 /home/travis/build/icyphy/ptII/ptolemy/actor/lib/test/auto/matrixType3.xml
----------------- Instantiating /home/travis/build/icyphy/ptII/ptolemy/actor/lib/test/auto/matrixType3.xml
1 ms. Memory: 1781760K Free: 959260K (54%)
----------------- Invoking toplevel() on ptolemy.moml.MoMLSimpleApplication@5666626c
----------------- Done invoking toplevel() on ptolemy.moml.MoMLSimpleApplication@5666626c
reloadAllAccessors: .matrixType3

===========================================================================================
----------------- testing Wed Jun 12 04:31:20 UTC 2019 /home/travis/build/icyphy/ptII/ptolemy/actor/lib/test/auto/matrixType4.xml
----------------- Instantiating /home/travis/build/icyphy/ptII/ptolemy/actor/lib/test/auto/matrixType4.xml
2 ms. Memory: 1781760K Free: 942610K (53%)
----------------- Invoking toplevel() on ptolemy.moml.MoMLSimpleApplication@5ab6c27f
----------------- Done invoking toplevel() on ptolemy.moml.MoMLSimpleApplication@5ab6c27f
reloadAllAccessors: .matrixType4

===========================================================================================
----------------- testing Wed Jun 12 04:31:20 UTC 2019 /home/travis/build/icyphy/ptII/ptolemy/actor/lib/test/auto/matrixType5.xml
----------------- Instantiating /home/travis/build/icyphy/ptII/ptolemy/actor/lib/test/auto/matrixType5.xml
1 ms. Memory: 1781760K Free: 921190K (52%)
----------------- Invoking toplevel() on ptolemy.moml.MoMLSimpleApplication@5aeedefe
----------------- Done invoking toplevel() on ptolemy.moml.MoMLSimpleApplication@5aeedefe
reloadAllAccessors: .matrixType5

===========================================================================================
----------------- testing Wed Jun 12 04:31:20 UTC 2019 /home/travis/build/icyphy/ptII/ptolemy/actor/lib/test/auto/matrixType6.xml
----------------- Instantiating /home/travis/build/icyphy/ptII/ptolemy/actor/lib/test/auto/matrixType6.xml
2 ms. Memory: 1781760K Free: 904540K (51%)
----------------- Invoking toplevel() on ptolemy.moml.MoMLSimpleApplication@662d460c
----------------- Done invoking toplevel() on ptolemy.moml.MoMLSimpleApplication@662d460c
reloadAllAccessors: .matrixType6

===========================================================================================
----------------- testing Wed Jun 12 04:31:20 UTC 2019 /home/travis/build/icyphy/ptII/ptolemy/actor/lib/test/auto/matrixType7.xml
----------------- Instantiating /home/travis/build/icyphy/ptII/ptolemy/actor/lib/test/auto/matrixType7.xml
1 ms. Memory: 1781760K Free: 883120K (50%)
----------------- Invoking toplevel() on ptolemy.moml.MoMLSimpleApplication@4c07884b
----------------- Done invoking toplevel() on ptolemy.moml.MoMLSimpleApplication@4c07884b
reloadAllAccessors: .matrixType7

===========================================================================================
----------------- testing Wed Jun 12 04:31:20 UTC 2019 /home/travis/build/icyphy/ptII/ptolemy/actor/lib/test/auto/matrixType8.xml
----------------- Instantiating /home/travis/build/icyphy/ptII/ptolemy/actor/lib/test/auto/matrixType8.xml
1 ms. Memory: 1781760K Free: 866470K (49%)
----------------- Invoking toplevel() on ptolemy.moml.MoMLSimpleApplication@3025c026
----------------- Done invoking toplevel() on ptolemy.moml.MoMLSimpleApplication@3025c026
reloadAllAccessors: .matrixType8

===========================================================================================
----------------- testing Wed Jun 12 04:31:20 UTC 2019 /home/travis/build/icyphy/ptII/ptolemy/actor/lib/test/auto/matrixType9.xml
----------------- Instantiating /home/travis/build/icyphy/ptII/ptolemy/actor/lib/test/auto/matrixType9.xml
2 ms. Memory: 1781760K Free: 845049K (47%)
----------------- Invoking toplevel() on ptolemy.moml.MoMLSimpleApplication@5977c5e3
----------------- Done invoking toplevel() on ptolemy.moml.MoMLSimpleApplication@5977c5e3
reloadAllAccessors: .matrixType9

===========================================================================================
----------------- testing Wed Jun 12 04:31:20 UTC 2019 /home/travis/build/icyphy/ptII/ptolemy/actor/lib/test/auto/paraFunctest.xml
----------------- Instantiating /home/travis/build/icyphy/ptII/ptolemy/actor/lib/test/auto/paraFunctest.xml
2 ms. Memory: 1781760K Free: 823630K (46%)
----------------- Invoking toplevel() on ptolemy.moml.MoMLSimpleApplication@2e9d99b
----------------- Done invoking toplevel() on ptolemy.moml.MoMLSimpleApplication@2e9d99b
reloadAllAccessors: .paraFunctest

===========================================================================================
----------------- testing Wed Jun 12 04:31:20 UTC 2019 /home/travis/build/icyphy/ptII/ptolemy/actor/lib/test/auto/paraFunctest2.xml
----------------- Instantiating /home/travis/build/icyphy/ptII/ptolemy/actor/lib/test/auto/paraFunctest2.xml
2 ms. Memory: 1781760K Free: 806979K (45%)
----------------- Invoking toplevel() on ptolemy.moml.MoMLSimpleApplication@6e2ef715
----------------- Done invoking toplevel() on ptolemy.moml.MoMLSimpleApplication@6e2ef715
reloadAllAccessors: .paraFunctest2

===========================================================================================
----------------- testing Wed Jun 12 04:31:20 UTC 2019 /home/travis/build/icyphy/ptII/ptolemy/actor/lib/test/auto/parameterPassing.xml
----------------- Instantiating /home/travis/build/icyphy/ptII/ptolemy/actor/lib/test/auto/parameterPassing.xml
1 ms. Memory: 1781760K Free: 785559K (44%)
----------------- Invoking toplevel() on ptolemy.moml.MoMLSimpleApplication@ee5c6c
----------------- Done invoking toplevel() on ptolemy.moml.MoMLSimpleApplication@ee5c6c
reloadAllAccessors: .parameterPassing

===========================================================================================
----------------- testing Wed Jun 12 04:31:20 UTC 2019 /home/travis/build/icyphy/ptII/ptolemy/actor/lib/test/auto/record.xml
----------------- Instantiating /home/travis/build/icyphy/ptII/ptolemy/actor/lib/test/auto/record.xml
2 ms. Memory: 1781760K Free: 768909K (43%)
----------------- Invoking toplevel() on ptolemy.moml.MoMLSimpleApplication@151d4ca1
----------------- Done invoking toplevel() on ptolemy.moml.MoMLSimpleApplication@151d4ca1
reloadAllAccessors: .record

===========================================================================================
----------------- testing Wed Jun 12 04:31:20 UTC 2019 /home/travis/build/icyphy/ptII/ptolemy/actor/lib/test/auto/sizedarray1.xml
----------------- Instantiating /home/travis/build/icyphy/ptII/ptolemy/actor/lib/test/auto/sizedarray1.xml
1 ms. Memory: 1781760K Free: 747489K (42%)
----------------- Invoking toplevel() on ptolemy.moml.MoMLSimpleApplication@6a94592b
----------------- Done invoking toplevel() on ptolemy.moml.MoMLSimpleApplication@6a94592b
reloadAllAccessors: .sizedarray1

===========================================================================================
----------------- testing Wed Jun 12 04:31:20 UTC 2019 /home/travis/build/icyphy/ptII/ptolemy/actor/lib/test/auto/sizedarray2.xml
----------------- Instantiating /home/travis/build/icyphy/ptII/ptolemy/actor/lib/test/auto/sizedarray2.xml
1 ms. Memory: 1781760K Free: 730839K (41%)
----------------- Invoking toplevel() on ptolemy.moml.MoMLSimpleApplication@1dfb4331
----------------- Done invoking toplevel() on ptolemy.moml.MoMLSimpleApplication@1dfb4331
reloadAllAccessors: .sizedarray2

===========================================================================================
----------------- testing Wed Jun 12 04:31:20 UTC 2019 /home/travis/build/icyphy/ptII/ptolemy/actor/lib/test/auto/twoPublishers.xml
----------------- Instantiating /home/travis/build/icyphy/ptII/ptolemy/actor/lib/test/auto/twoPublishers.xml
2 ms. Memory: 1781760K Free: 701078K (39%)
----------------- Invoking toplevel() on ptolemy.moml.MoMLSimpleApplication@75a9be0a
----------------- Done invoking toplevel() on ptolemy.moml.MoMLSimpleApplication@75a9be0a
reloadAllAccessors: .twoPublishers
AutoTests.java: About to close Vertx.
AutoTests.java: Vertx closed.
]]></system-out>
  <system-err><![CDATA[java.lang.RuntimeException: Execution failed
	at ptolemy.moml.MoMLSimpleApplication$UnloadThread.run(MoMLSimpleApplication.java:402)
Caused by: java.lang.RuntimeException: StringUtilities.exit() was called. Normally, we would exit here because Manager.exitAfterWrapup() was called.  However, because the ptolemy.ptII.exitAfterWrapup property is set, we throw this exception instead.
	at ptolemy.util.StringUtilities.exit(StringUtilities.java:363)
	at ptolemy.actor.Manager.wrapup(Manager.java:1531)
	at ptolemy.actor.Manager.execute(Manager.java:407)
	at ptolemy.actor.Manager.run(Manager.java:1263)
	at ptolemy.actor.Manager$PtolemyRunThread.run(Manager.java:1915)
Warning: '.top.test' is in training mode, set the trainingMode parameter to false before checking in
Warning: '.top.test' is in training mode, set the trainingMode parameter to false before checking in
Warning: '.top.test' is in training mode, set the trainingMode parameter to false before checking in
Warning: '.BooleanSwitch_RegressionTest_WrongTrainingValues.Test' is in training mode, set the trainingMode parameter to false before checking in
Warning: '.BooleanSwitch_RegressionTest_WrongTrainingValues.Test2' is in training mode, set the trainingMode parameter to false before checking in
Warning: '.BooleanSwitch_RegressionTest_WrongTrainingValues.Test2' The test produced 0 tokens.
Warning: '.top.testExceptionHandler' is in training mode, set the trainingMode parameter to false before checking in
java.lang.RuntimeException: Execution failed
	at ptolemy.moml.MoMLSimpleApplication$UnloadThread.run(MoMLSimpleApplication.java:402)
Caused by: ptolemy.kernel.util.IllegalActionException: PublisherPorts cannot be used at the top level, use a Publisher actor instead.
  in .PublisherPortToplevelSubscriber.PublisherPort
	at ptolemy.actor.PublisherPort.preinitialize(PublisherPort.java:403)
	at ptolemy.actor.CompositeActor.preinitialize(CompositeActor.java:1769)
	at ptolemy.actor.Manager.preinitializeAndResolveTypes(Manager.java:1040)
	at ptolemy.actor.Manager.initialize(Manager.java:710)
	at ptolemy.actor.Manager.execute(Manager.java:356)
	at ptolemy.actor.Manager.run(Manager.java:1263)
	at ptolemy.actor.Manager$PtolemyRunThread.run(Manager.java:1915)
java.lang.reflect.InvocationTargetException
	at sun.reflect.NativeConstructorAccessorImpl.newInstance0(Native Method)
	at sun.reflect.NativeConstructorAccessorImpl.newInstance(NativeConstructorAccessorImpl.java:62)
	at sun.reflect.DelegatingConstructorAccessorImpl.newInstance(DelegatingConstructorAccessorImpl.java:45)
	at java.lang.reflect.Constructor.newInstance(Constructor.java:423)
	at ptolemy.util.test.junit.AutoKnownFailedTests.RunModel(AutoKnownFailedTests.java:105)
	at sun.reflect.NativeMethodAccessorImpl.invoke0(Native Method)
	at sun.reflect.NativeMethodAccessorImpl.invoke(NativeMethodAccessorImpl.java:62)
	at sun.reflect.DelegatingMethodAccessorImpl.invoke(DelegatingMethodAccessorImpl.java:43)
	at java.lang.reflect.Method.invoke(Method.java:498)
	at org.junit.runners.model.FrameworkMethod$1.runReflectiveCall(FrameworkMethod.java:44)
	at org.junit.internal.runners.model.ReflectiveCallable.run(ReflectiveCallable.java:15)
	at org.junit.runners.model.FrameworkMethod.invokeExplosively(FrameworkMethod.java:41)
	at junitparams.internal.InvokeParameterisedMethod.evaluate(InvokeParameterisedMethod.java:102)
	at org.junit.internal.runners.statements.FailOnTimeout$1.run(FailOnTimeout.java:28)
Caused by: ptolemy.kernel.util.IllegalActionException: PublisherPorts cannot be used at the top level, use a Publisher actor instead.
  in .PublisherPortToplevelSubscriber.PublisherPort
	at ptolemy.actor.PublisherPort.preinitialize(PublisherPort.java:403)
	at ptolemy.actor.CompositeActor.preinitialize(CompositeActor.java:1769)
	at ptolemy.actor.Manager.preinitializeAndResolveTypes(Manager.java:1040)
	at ptolemy.actor.Manager.initialize(Manager.java:710)
	at ptolemy.actor.Manager.execute(Manager.java:356)
	at ptolemy.actor.Manager.run(Manager.java:1263)
	at ptolemy.actor.Manager$PtolemyRunThread.run(Manager.java:1915)
java.lang.RuntimeException: Execution failed
	at ptolemy.moml.MoMLSimpleApplication$UnloadThread.run(MoMLSimpleApplication.java:402)
Caused by: ptolemy.kernel.util.IllegalActionException: SubscriberPorts cannot be used at the top level, use a Subscriber actor instead.
  in .PublisherSubscriberPortToplevel.SubscriberPort
	at ptolemy.actor.SubscriberPort.preinitialize(SubscriberPort.java:328)
	at ptolemy.actor.CompositeActor.preinitialize(CompositeActor.java:1769)
	at ptolemy.actor.Manager.preinitializeAndResolveTypes(Manager.java:1040)
	at ptolemy.actor.Manager.initialize(Manager.java:710)
	at ptolemy.actor.Manager.execute(Manager.java:356)
	at ptolemy.actor.Manager.run(Manager.java:1263)
	at ptolemy.actor.Manager$PtolemyRunThread.run(Manager.java:1915)
java.lang.reflect.InvocationTargetException
	at sun.reflect.NativeConstructorAccessorImpl.newInstance0(Native Method)
	at sun.reflect.NativeConstructorAccessorImpl.newInstance(NativeConstructorAccessorImpl.java:62)
	at sun.reflect.DelegatingConstructorAccessorImpl.newInstance(DelegatingConstructorAccessorImpl.java:45)
	at java.lang.reflect.Constructor.newInstance(Constructor.java:423)
	at ptolemy.util.test.junit.AutoKnownFailedTests.RunModel(AutoKnownFailedTests.java:105)
	at sun.reflect.NativeMethodAccessorImpl.invoke0(Native Method)
	at sun.reflect.NativeMethodAccessorImpl.invoke(NativeMethodAccessorImpl.java:62)
	at sun.reflect.DelegatingMethodAccessorImpl.invoke(DelegatingMethodAccessorImpl.java:43)
	at java.lang.reflect.Method.invoke(Method.java:498)
	at org.junit.runners.model.FrameworkMethod$1.runReflectiveCall(FrameworkMethod.java:44)
	at org.junit.internal.runners.model.ReflectiveCallable.run(ReflectiveCallable.java:15)
	at org.junit.runners.model.FrameworkMethod.invokeExplosively(FrameworkMethod.java:41)
	at junitparams.internal.InvokeParameterisedMethod.evaluate(InvokeParameterisedMethod.java:102)
	at org.junit.internal.runners.statements.FailOnTimeout$1.run(FailOnTimeout.java:28)
Caused by: ptolemy.kernel.util.IllegalActionException: SubscriberPorts cannot be used at the top level, use a Subscriber actor instead.
  in .PublisherSubscriberPortToplevel.SubscriberPort
	at ptolemy.actor.SubscriberPort.preinitialize(SubscriberPort.java:328)
	at ptolemy.actor.CompositeActor.preinitialize(CompositeActor.java:1769)
	at ptolemy.actor.Manager.preinitializeAndResolveTypes(Manager.java:1040)
	at ptolemy.actor.Manager.initialize(Manager.java:710)
	at ptolemy.actor.Manager.execute(Manager.java:356)
	at ptolemy.actor.Manager.run(Manager.java:1263)
	at ptolemy.actor.Manager$PtolemyRunThread.run(Manager.java:1915)
java.lang.RuntimeException: Execution failed
	at ptolemy.moml.MoMLSimpleApplication$UnloadThread.run(MoMLSimpleApplication.java:402)
Caused by: ptolemy.kernel.util.IllegalActionException: SubscriptionAggregatorPorts cannot be used at the top level, use a SubscriptionAggregator actor instead.
  in .PublisherSubscriptionAggregatorPort.SubscriptionAggregatorPort
	at ptolemy.actor.SubscriptionAggregatorPort.preinitialize(SubscriptionAggregatorPort.java:353)
	at ptolemy.actor.CompositeActor.preinitialize(CompositeActor.java:1769)
	at ptolemy.actor.Manager.preinitializeAndResolveTypes(Manager.java:1040)
	at ptolemy.actor.Manager.initialize(Manager.java:710)
	at ptolemy.actor.Manager.execute(Manager.java:356)
	at ptolemy.actor.Manager.run(Manager.java:1263)
	at ptolemy.actor.Manager$PtolemyRunThread.run(Manager.java:1915)
java.lang.reflect.InvocationTargetException
	at sun.reflect.NativeConstructorAccessorImpl.newInstance0(Native Method)
	at sun.reflect.NativeConstructorAccessorImpl.newInstance(NativeConstructorAccessorImpl.java:62)
	at sun.reflect.DelegatingConstructorAccessorImpl.newInstance(DelegatingConstructorAccessorImpl.java:45)
	at java.lang.reflect.Constructor.newInstance(Constructor.java:423)
	at ptolemy.util.test.junit.AutoKnownFailedTests.RunModel(AutoKnownFailedTests.java:105)
	at sun.reflect.NativeMethodAccessorImpl.invoke0(Native Method)
	at sun.reflect.NativeMethodAccessorImpl.invoke(NativeMethodAccessorImpl.java:62)
	at sun.reflect.DelegatingMethodAccessorImpl.invoke(DelegatingMethodAccessorImpl.java:43)
	at java.lang.reflect.Method.invoke(Method.java:498)
	at org.junit.runners.model.FrameworkMethod$1.runReflectiveCall(FrameworkMethod.java:44)
	at org.junit.internal.runners.model.ReflectiveCallable.run(ReflectiveCallable.java:15)
	at org.junit.runners.model.FrameworkMethod.invokeExplosively(FrameworkMethod.java:41)
	at junitparams.internal.InvokeParameterisedMethod.evaluate(InvokeParameterisedMethod.java:102)
	at org.junit.internal.runners.statements.FailOnTimeout$1.run(FailOnTimeout.java:28)
Caused by: ptolemy.kernel.util.IllegalActionException: SubscriptionAggregatorPorts cannot be used at the top level, use a SubscriptionAggregator actor instead.
  in .PublisherSubscriptionAggregatorPort.SubscriptionAggregatorPort
	at ptolemy.actor.SubscriptionAggregatorPort.preinitialize(SubscriptionAggregatorPort.java:353)
	at ptolemy.actor.CompositeActor.preinitialize(CompositeActor.java:1769)
	at ptolemy.actor.Manager.preinitializeAndResolveTypes(Manager.java:1040)
	at ptolemy.actor.Manager.initialize(Manager.java:710)
	at ptolemy.actor.Manager.execute(Manager.java:356)
	at ptolemy.actor.Manager.run(Manager.java:1263)
	at ptolemy.actor.Manager$PtolemyRunThread.run(Manager.java:1915)
java.lang.RuntimeException: Execution failed
	at ptolemy.moml.MoMLSimpleApplication$UnloadThread.run(MoMLSimpleApplication.java:402)
Caused by: ptolemy.kernel.util.IllegalActionException: TypeTest actor has no training data.
  in .sizedarray3.TypeTest
	at ptolemy.actor.lib.TypeTest.initialize(TypeTest.java:250)
	at ptolemy.actor.Director.initialize(Director.java:938)
	at ptolemy.actor.Director.initialize(Director.java:907)
	at ptolemy.actor.sched.StaticSchedulingDirector.initialize(StaticSchedulingDirector.java:159)
	at ptolemy.domains.sdf.kernel.SDFDirector.initialize(SDFDirector.java:544)
	at ptolemy.actor.CompositeActor.initialize(CompositeActor.java:935)
	at ptolemy.actor.Manager.initialize(Manager.java:724)
	at ptolemy.actor.Manager.execute(Manager.java:356)
	at ptolemy.actor.Manager.run(Manager.java:1263)
	at ptolemy.actor.Manager$PtolemyRunThread.run(Manager.java:1915)
java.lang.reflect.InvocationTargetException
	at sun.reflect.NativeConstructorAccessorImpl.newInstance0(Native Method)
	at sun.reflect.NativeConstructorAccessorImpl.newInstance(NativeConstructorAccessorImpl.java:62)
	at sun.reflect.DelegatingConstructorAccessorImpl.newInstance(DelegatingConstructorAccessorImpl.java:45)
	at java.lang.reflect.Constructor.newInstance(Constructor.java:423)
	at ptolemy.util.test.junit.AutoKnownFailedTests.RunModel(AutoKnownFailedTests.java:105)
	at sun.reflect.NativeMethodAccessorImpl.invoke0(Native Method)
	at sun.reflect.NativeMethodAccessorImpl.invoke(NativeMethodAccessorImpl.java:62)
	at sun.reflect.DelegatingMethodAccessorImpl.invoke(DelegatingMethodAccessorImpl.java:43)
	at java.lang.reflect.Method.invoke(Method.java:498)
	at org.junit.runners.model.FrameworkMethod$1.runReflectiveCall(FrameworkMethod.java:44)
	at org.junit.internal.runners.model.ReflectiveCallable.run(ReflectiveCallable.java:15)
	at org.junit.runners.model.FrameworkMethod.invokeExplosively(FrameworkMethod.java:41)
	at junitparams.internal.InvokeParameterisedMethod.evaluate(InvokeParameterisedMethod.java:102)
	at org.junit.internal.runners.statements.FailOnTimeout$1.run(FailOnTimeout.java:28)
Caused by: ptolemy.kernel.util.IllegalActionException: TypeTest actor has no training data.
  in .sizedarray3.TypeTest
	at ptolemy.actor.lib.TypeTest.initialize(TypeTest.java:250)
	at ptolemy.actor.Director.initialize(Director.java:938)
	at ptolemy.actor.Director.initialize(Director.java:907)
	at ptolemy.actor.sched.StaticSchedulingDirector.initialize(StaticSchedulingDirector.java:159)
	at ptolemy.domains.sdf.kernel.SDFDirector.initialize(SDFDirector.java:544)
	at ptolemy.actor.CompositeActor.initialize(CompositeActor.java:935)
	at ptolemy.actor.Manager.initialize(Manager.java:724)
	at ptolemy.actor.Manager.execute(Manager.java:356)
	at ptolemy.actor.Manager.run(Manager.java:1263)
	at ptolemy.actor.Manager$PtolemyRunThread.run(Manager.java:1915)
]]></system-err>
</testsuite>
