<?xml version="1.0" encoding="UTF-8" ?>
<testsuite errors="0" failures="0" hostname="travis-job-434c24e8-1a9d-4333-a495-288cb3d798bb" name="ptolemy.domains.de.test.junit.JUnitTclTest" skipped="0" tests="101" time="128.022" timestamp="2018-12-04T02:55:50">
  <properties>
    <property name="npm.executable" value="npm" />
    <property name="file.encoding.pkg" value="sun.io" />
    <property name="env.TRAVIS_ROOT" value="/" />
    <property name="ptII.mk.exists" value="true" />
    <property name="env.TRAVIS_APP_HOST" value="build.travis-ci.org" />
    <property name="env.rvm_bin_path" value="/home/travis/.rvm/bin" />
    <property name="java.home" value="/usr/lib/jvm/java-8-oracle/jre" />
    <property name="env.TRAVIS_JOB_NUMBER" value="850.9" />
    <property name="env.TRAVIS_HOME" value="/home/travis" />
    <property name="env.DISPLAY" value=":99.0" />
    <property name="java.net.preferIPv4Stack" value="true" />
    <property name="env.TRAVIS_INIT" value="upstart" />
    <property name="env.SSH_TTY" value="/dev/pts/0" />
    <property name="env.RUN_TESTS" value="false" />
    <property name="timeout.short" value="1000000" />
    <property name="env.TRAVIS_JOB_NAME" value="" />
    <property name="env.TRAVIS_STACK_NODE_ATTRIBUTES" value="/.node-attributes.yml" />
    <property name="junit.formatter" value="xml" />
    <property name="java.endorsed.dirs" value="/usr/lib/jvm/java-8-oracle/jre/lib/endorsed" />
    <property name="env.TRAVIS_SUDO" value="true" />
    <property name="env.LOGNAME" value="travis" />
    <property name="jsdoc.home" value="node_modules/@terraswarm/jsdoc" />
    <property name="debuglevel" value="source,lines,vars" />
    <property name="checkstyle.formatter" value="xml" />
    <property name="bin.vergil.makeable" value="true" />
    <property name="env._system_version" value="14.04" />
    <property name="sun.os.patch.level" value="unknown" />
    <property name="java.vendor.url" value="http://java.oracle.com/" />
    <property name="env.TRAVIS_BUILD_WEB_URL" value="https://travis-ci.org/icyphy/ptII/builds/463121380" />
    <property name="java.version" value="1.8.0_151" />
    <property name="env.TZ" value="UTC" />
    <property name="env.PT_NO_NET" value="true" />
    <property name="env.TRAVIS_PULL_REQUEST_SHA" value="" />
    <property name="env.TRAVIS_SECURE_ENV_VARS" value="true" />
    <property name="env._system_type" value="Linux" />
    <property name="java.vendor.url.bug" value="http://bugreport.sun.com/bugreport/" />
    <property name="env.SSH_CLIENT" value="10.10.7.240 42706 22" />
    <property name="npmjs-org-is-up" value="true" />
    <property name="env.GEM_HOME" value="/home/travis/.rvm/gems/ruby-2.4.1" />
    <property name="env.HAS_ANTARES_THREE_LITTLE_FRONZIES_BADGE" value="true" />
    <property name="env.PS4" value="+" />
    <property name="ant.project.invoked-targets" value="build,test.core2.xml" />
    <property name="env.TRAVIS_PULL_REQUEST_BRANCH" value="" />
    <property name="env.TRAVIS_REPO_SLUG" value="icyphy/ptII" />
    <property name="env.TRAVIS_APT_PROXY" value="http://build-cache.travisci.net" />
    <property name="node.in.path" value="true" />
    <property name="java.maxmemory" value="1400m" />
    <property name="env.RUBY_VERSION" value="ruby-2.4.1" />
    <property name="user.name" value="travis" />
    <property name="env.LANG" value="en_US.UTF-8" />
    <property name="sun.io.unicode.encoding" value="UnicodeLittle" />
    <property name="sun.jnu.encoding" value="UTF-8" />
    <property name="java.runtime.name" value="Java(TM) SE Runtime Environment" />
    <property name="usefile" value="false" />
    <property name="return.code" value="0" />
    <property name="junit.single.formatter" value="plain" />
    <property name="env.DYLD_LIBRARY_PATH" value="/home/travis/pthla/certi-tools/lib:" />
    <property name="env.DEBIAN_FRONTEND" value="noninteractive" />
    <property name="env.SSH_CONNECTION" value="10.10.7.240 42706 10.20.0.97 22" />
    <property name="env.MYSQL_UNIX_PORT" value="/var/run/mysqld/mysqld.sock" />
    <property name="env.TRAVIS_ALLOW_FAILURE" value="false" />
    <property name="env.LC_ALL" value="en_US.UTF-8" />
    <property name="env.TRAVIS_JOB_WEB_URL" value="https://travis-ci.org/icyphy/ptII/jobs/463121389" />
    <property name="java.specification.name" value="Java Platform API Specification" />
    <property name="node.works" value="true" />
    <property name="user.timezone" value="" />
    <property name="path.separator" value=":" />
    <property name="env.TRAVIS_ENABLE_INFRA_DETECTION" value="true" />
    <property name="env.PYTHON_CFLAGS" value="-g -fstack-protector --param=ssp-buffer-size=4 -Wformat -Werror=format-security" />
    <property name="timeout.long" value="4000000" />
    <property name="env.CERTI_HOME" value="/home/travis/pthla/certi-tools" />
    <property name="file.encoding" value="UTF-8" />
    <property name="ant.file.ptII" value="/home/travis/build/icyphy/ptII/build.xml" />
    <property name="javadoc.packagenames" value="com.*,diva.*,lbnl.*,org.hlacerti.*,org.json.*,org.ptolemy.*,org.terraswarm.*,ptolemy.*,ptserver.*" />
    <property name="env.TRAVIS_PULL_REQUEST_SLUG" value="" />
    <property name="ant.project.default-target" value="build" />
    <property name="env.GIT_ASKPASS" value="echo" />
    <property name="env.HOME" value="/home/travis" />
    <property name="sun.java.command" value="org.apache.tools.ant.taskdefs.optional.junit.JUnitTestRunner ptolemy.domains.de.test.junit.JUnitTclTest skipNonTests=false filtertrace=true haltOnError=false haltOnFailure=false formatter=org.apache.tools.ant.taskdefs.optional.junit.OutErrSummaryJUnitResultFormatter showoutput=true outputtoformatters=true logfailedtests=true threadid=0 logtestlistenerevents=false formatter=org.apache.tools.ant.taskdefs.optional.junit.XMLJUnitResultFormatter,/home/travis/build/icyphy/ptII/reports/junit/TEST-ptolemy.domains.de.test.junit.JUnitTclTest.xml crashfile=/home/travis/build/icyphy/ptII/junitvmwatcher3341103278924559201.properties propsfile=/home/travis/build/icyphy/ptII/junit8503084799896149115.properties" />
    <property name="env.MANPATH" value="/home/travis/.nvm/versions/node/v7.10.1/share/man:/home/travis/.kiex/elixirs/elixir-1.4.5/man:/home/travis/.rvm/rubies/ruby-2.4.1/share/man:/usr/local/man:/usr/local/cmake-3.9.2/man:/usr/local/clang-5.0.0/share/man:/usr/local/share/man:/usr/share/man:/home/travis/.rvm/man" />
    <property name="env.COMPOSER_NO_INTERACTION" value="1" />
    <property name="env.JDK_SWITCHER_DEFAULT" value="oraclejdk8" />
    <property name="env.TRAVIS_TIMER_ID" value="033a2e6b" />
    <property name="ant.file" value="/home/travis/build/icyphy/ptII/build.xml" />
    <property name="env.TRAVIS_COMMIT_RANGE" value="7249f0c5052598d9a05e0d03390fb0da6be9e695...cfeddb3a3e3d7b0985f53f66c4e032637b909d04" />
    <property name="env._system_name" value="Ubuntu" />
    <property name="timeout" value="2400000" />
    <property name="ptII.classpath.optional.property" value="/home/travis/build/icyphy/ptII/lib/bsh-2.0b4.jar:/home/travis/build/icyphy/ptII/lib/ptCal.jar:/home/travis/build/icyphy/ptII/lib/java_cup.jar:/home/travis/build/icyphy/ptII/lib/saxon8.jar:/home/travis/build/icyphy/ptII/lib/saxon8-dom.jar:/home/travis/build/icyphy/ptII/lib/chic.jar:/home/travis/build/icyphy/ptII/lib/ptcolt.jar:/usr/lib/jvm/java-8-oracle/lib/tools.jar:/usr/lib/eclipse/plugins/org.eclipse.jdt.core_3.8.2.dist.jar:/usr/lib/eclipse/plugins/org.eclipse.core.runtime_3.8.0.dist.jar:/usr/lib/eclipse/plugins/org.eclipse.osgi_3.8.1.dist.jar:/usr/lib/eclipse/plugins/org.eclipse.core.resources_3.8.1.dist.jar:/usr/lib/eclipse/plugins/org.eclipse.equinox.common_3.6.100.dist.jar:/usr/lib/eclipse/plugins/org.eclipse.core.jobs_3.5.200.dist.jar:/usr/lib/eclipse/plugins/org.eclipse.core.contenttype_3.4.200.dist.jar:/usr/lib/eclipse/plugins/org.eclipse.equinox.preferences_3.5.0.dist.jar:/usr/lib/eclipse/plugins/org.eclipse.text_3.5.200.dist.jar:/usr/lib/eclipse/plugins/org.eclipse.ui.workbench_3.8.1.dist.jar:/usr/lib/eclipse/plugins/org.eclipse.jface_3.8.0.dist.jar:/usr/lib/eclipse/plugins/org.eclipse.swt_3.8.2.jar:/usr/lib/eclipse/plugins/org.eclipse.jface.text_3.8.1.dist.jar:/usr/lib/eclipse/plugins/org.eclipse.ui.workbench.texteditor_3.8.0.dist.jar:/usr/lib/eclipse/plugins/org.eclipse.ui.editors_3.8.0.dist.jar:/usr/lib/eclipse/plugins/org.eclipse.core.commands_3.6.1.dist.jar:/usr/lib/eclipse/plugins/org.eclipse.equinox.registry_3.5.200.dist.jar:/usr/lib/eclipse/plugins/org.eclipse.ui.console_3.5.100.dist.jar:/usr/lib/eclipse/plugins/org.eclipse.ui.forms_3.5.200.dist.jar:/usr/lib/eclipse/plugins/org.eclipse.ui.ide_3.8.1.dist.jar:/home/travis/build/icyphy/ptII/vendors/oracle/dbxml.jar:/home/travis/build/icyphy/ptII/vendors/oracle/db.jar:/home/travis/build/icyphy/ptII/vendors/misc/itext/iText.jar:/home/travis/build/icyphy/ptII/lib/g4ltl.jar:/home/travis/build/icyphy/ptII/lib/StructuralCoder.jar:/home/travis/build/icyphy/ptII/lib/org-openide-util.jar:/home/travis/build/icyphy/ptII/lib/org-openide-util-lookup.jar:/home/travis/build/icyphy/ptII/lib/org-netbeans-api-visual.jar:/home/travis/build/icyphy/ptII/vendors/jai-1_1_2_01/lib/jai_core.jar:/home/travis/build/icyphy/ptII/vendors/jai-1_1_2_01/lib/jai_codec.jar:/home/travis/build/icyphy/ptII/lib/jcerti.jar:/home/travis/build/icyphy/ptII/lib/smack.jar:/home/travis/build/icyphy/ptII/lib/smackx.jar:/home/travis/build/icyphy/ptII/lib/jetty-all-8.1.5-v20120716.jar:/home/travis/build/icyphy/ptII/lib/javax.servlet-api-3.0.1.jar:/home/travis/build/icyphy/ptII/lib/javax.mail.jar:/home/travis/build/icyphy/ptII/vendors/JMF-2.1.1e/lib/jmf.jar:/home/travis/build/icyphy/ptII/lib/jna-4.0.0-variadic.jar:/home/travis/build/icyphy/ptII/vendors/misc/joystick/Joystick.jar:/home/travis/build/icyphy/ptII/lib/ptjacl.jar:/home/travis/build/icyphy/ptII/lib/jsoup-1.8.2.jar:/home/travis/build/icyphy/ptII/lib/junit-4.8.2.jar:/home/travis/build/icyphy/ptII/lib/JUnitParams-0.4.0.jar:/home/travis/build/icyphy/ptII/ptolemy/actor/lib/excel/jxl.jar:/home/travis/build/icyphy/ptII/lib/jython.jar:/home/travis/build/icyphy/ptII/lib/kieler.jar:/home/travis/build/icyphy/ptII/vendors/opencv/share/OpenCV/java/opencv-341.jar:/home/travis/build/icyphy/ptII/lib/oscP5.jar:/home/travis/build/icyphy/ptII/lib/nrjavaserial-3.11.0.devel.jar:/home/travis/build/icyphy/ptII/vendors/j3d/lib/j3dcore.jar:/home/travis/build/icyphy/ptII/vendors/j3d/lib/j3dutils.jar:/home/travis/build/icyphy/ptII/vendors/j3d/lib/vecmath.jar:/home/travis/build/icyphy/ptII/ptolemy/distributed/jini/jar/jini-core.jar:/home/travis/build/icyphy/ptII/ptolemy/distributed/jini/jar/jini-ext.jar:/home/travis/build/icyphy/ptII/ptolemy/distributed/jini/jar/sun-util.jar:/home/travis/build/icyphy/ptII/lib/protobuf-java-2.4.1.jar:/home/travis/build/icyphy/ptII/lib/org.eclipse.paho.client.mqttv3.jar:/home/travis/build/icyphy/ptII/ptserver/lib/hessian-4.0.7.jar:/home/travis/build/icyphy/ptII/ptserver/lib/wmqtt.jar:/home/travis/build/icyphy/ptII/lib/mapss.jar:/home/travis/build/icyphy/ptII/ptolemy/actor/ptalon/antlr/antlr.jar:/home/travis/build/icyphy/ptII/lib/JRI.jar:/home/travis/build/icyphy/ptII/lib/commons-lang-2.6.jar:/home/travis/build/icyphy/ptII/lib/commons-logging-1.1.1.jar:/home/travis/build/icyphy/ptII/lib/sootclasses.jar:/home/travis/build/icyphy/ptII/ptolemy/actor/lib/database/mysql-connector-java-5.1.6-bin.jar:/home/travis/build/icyphy/ptII/vendors/misc/sphinx4/sphinx4-data-5prealpha.jar:/home/travis/build/icyphy/ptII/vendors/misc/sphinx4/sphinx4-core-5prealpha.jar:/home/travis/build/icyphy/ptII/lib/PDFRenderer.jar:/home/travis/build/icyphy/ptII/lib/svgSalamander.jar:/home/travis/build/icyphy/ptII/lib/rsyntaxtextarea-2.6.0-SNAPSHOT.jar:/home/travis/build/icyphy/ptII/lib/hazelcast-3.8.2.jar:/home/travis/build/icyphy/ptII/lib/jackson-annotations-2.9.0.jar:/home/travis/build/icyphy/ptII/lib/jackson-core-2.9.3.jar:/home/travis/build/icyphy/ptII/lib/jackson-databind-2.9.3.jar:/home/travis/build/icyphy/ptII/lib/netty-buffer-4.1.19.Final.jar:/home/travis/build/icyphy/ptII/lib/netty-codec-4.1.19.Final.jar:/home/travis/build/icyphy/ptII/lib/netty-codec-dns-4.1.19.Final.jar:/home/travis/build/icyphy/ptII/lib/netty-codec-http-4.1.19.Final.jar:/home/travis/build/icyphy/ptII/lib/netty-codec-http2-4.1.19.Final.jar:/home/travis/build/icyphy/ptII/lib/netty-common-4.1.19.Final.jar:/home/travis/build/icyphy/ptII/lib/netty-handler-4.1.19.Final.jar:/home/travis/build/icyphy/ptII/lib/netty-resolver-4.1.19.Final.jar:/home/travis/build/icyphy/ptII/lib/netty-resolver-dns-4.1.19.Final.jar:/home/travis/build/icyphy/ptII/lib/netty-transport-4.1.19.Final.jar:/home/travis/build/icyphy/ptII/lib/vertx-codegen-3.5.1.jar:/home/travis/build/icyphy/ptII/lib/vertx-core-3.5.2-SNAPSHOT.jar:/home/travis/build/icyphy/ptII/lib/vertx-hazelcast-3.5.1.jar:/home/travis/build/icyphy/ptII/lib/vertx-lang-js-3.5.1.jar:/home/travis/build/icyphy/ptII/lib/vertx-service-proxy-3.5.1.jar:/home/travis/build/icyphy/ptII/lib/vertx-web-3.5.1.jar:/home/travis/build/icyphy/ptII/lib/slf4j-api-1.7.13.jar:/home/travis/build/icyphy/ptII/lib/slf4j-simple-1.7.13.jar:/home/travis/build/icyphy/ptII/lib/webcam-capture-0.3.12.jar:/home/travis/build/icyphy/ptII/lib/bridj-0.7.0.jar:/home/travis/build/icyphy/ptII/lib/xbjlib-1.1.0.nrjavaserial.jar" />
    <property name="test.batch" value="**/junit/*.java" />
    <property name="env._" value="/usr/bin/timeout" />
    <property name="java.io.tmpdir" value="/tmp" />
    <property name="env.TRAVIS_INTERNAL_RUBY_REGEX" value="^ruby-(2\.[0-4]\.[0-9]|1\.9\.3)" />
    <property name="user.language" value="en" />
    <property name="env.HISTCONTROL" value="ignoredups:ignorespace" />
    <property name="env.GOROOT" value="/home/travis/.gimme/versions/go1.7.4.linux.amd64" />
    <property name="line.separator" value="&#xa;" />
    <property name="target" value="1.8" />
    <property name="env.TRAVIS_BUILD_DIR" value="/home/travis/build/icyphy/ptII" />
    <property name="env.ANT_OPTS" value="-Xmx2048m" />
    <property name="ant.file.type" value="file" />
    <property name="ptolemy.ptII.batchMode" value="true" />
    <property name="env.HISTSIZE" value="1000" />
    <property name="env.MERB_ENV" value="test" />
    <property name="java.vm.info" value="mixed mode" />
    <property name="source" value="1.8" />
    <property name="java.vm.specification.name" value="Java Virtual Machine Specification" />
    <property name="env.TRAVIS_TEST_RESULT" value="0" />
    <property name="jsdoc.command" value="node_modules/@terraswarm/jsdoc/jsdoc.js" />
    <property name="npm.works" value="true" />
    <property name="cobertura.dir" value="/home/travis/build/icyphy/ptII/vendors/cobertura-2.0.3" />
    <property name="env.rvm_path" value="/home/travis/.rvm" />
    <property name="env.GEM_PATH" value="/home/travis/.rvm/gems/ruby-2.4.1:/home/travis/.rvm/gems/ruby-2.4.1@global" />
    <property name="env.LC_CTYPE" value="en_US.UTF-8" />
    <property name="java.awt.printerjob" value="sun.print.PSPrinterJob" />
    <property name="env.TRAVIS_CMD" value="$PTII/bin/ptIITravisBuild.sh $SECONDS" />
    <property name="env.TRAVIS_STACK_NAME" value="garnet" />
    <property name="env.TRAVIS_TIMER_START_TIME" value="1543891663823588852" />
    <property name="ant.version" value="Apache Ant(TM) version 1.10.1 compiled on February 2 2017" />
    <property name="ptII.reports" value="/home/travis/build/icyphy/ptII/reports" />
    <property name="env.TRAVIS_STACK_TIMESTAMP" value="2017-12-05 19:33:09 UTC" />
    <property name="ant.file.type.ptII" value="file" />
    <property name="env.RBENV_SHELL" value="bash" />
    <property name="os.name" value="Linux" />
    <property name="java.specification.vendor" value="Oracle Corporation" />
    <property name="env.rvm_version" value="1.29.3 (latest)" />
    <property name="env.TRAVIS_INFRA" value="gce" />
    <property name="env.TERM" value="xterm" />
    <property name="java.vm.name" value="Java HotSpot(TM) 64-Bit Server VM" />
    <property name="env.TRAVIS_BUILD_NUMBER" value="850" />
    <property name="env.CI" value="true" />
    <property name="java.library.path" value="/home/travis/pthla/certi-tools/lib:/usr/lib/jni:/usr/local/share/OpenCV/java/:/usr/share/OpenCV/java::/usr/java/packages/lib/amd64:/usr/lib64:/lib64:/lib:/usr/lib" />
    <property name="env.rvm_prefix" value="/home/travis" />
    <property name="env.PATH" value="/home/travis/pthla/certi-tools/share/scripts:/home/travis/.rvm/gems/ruby-2.4.1/bin:/home/travis/.rvm/gems/ruby-2.4.1@global/bin:/home/travis/.rvm/rubies/ruby-2.4.1/bin:/home/travis/.rvm/bin:/home/travis/.nvm/versions/node/v7.10.1/bin:./node_modules/.bin:/home/travis/build/icyphy/ptII/bin:/home/travis/pthla/certi-tools/bin:/home/travis/bin:/home/travis/.local/bin:/opt/pyenv/shims:/home/travis/.phpenv/shims:/home/travis/perl5/perlbrew/bin:/home/travis/.kiex/elixirs/elixir-1.4.5/bin:/home/travis/.kiex/bin:/home/travis/gopath/bin:/home/travis/.gimme/versions/go1.7.4.linux.amd64/bin:/usr/local/phantomjs/bin:/usr/local/phantomjs:/usr/local/neo4j-3.2.7/bin:/usr/local/maven-3.5.2/bin:/usr/local/cmake-3.9.2/bin:/usr/local/clang-5.0.0/bin:/usr/local/sbin:/usr/local/bin:/usr/sbin:/usr/bin:/sbin:/bin:/home/travis/.phpenv/bin:/opt/pyenv/bin:/home/travis/.yarn/bin" />
    <property name="env.TRAVIS_OS_NAME" value="linux" />
    <property name="ant.java.version" value="1.8" />
    <property name="basedir" value="/home/travis/build/icyphy/ptII" />
    <property name="java.class.version" value="52.0" />
    <property name="env.SHLVL" value="3" />
    <property name="env.LD_LIBRARY_PATH" value="/home/travis/pthla/certi-tools/lib:/usr/lib/jni:/usr/local/share/OpenCV/java/:/usr/share/OpenCV/java:" />
    <property name="env.RACK_ENV" value="test" />
    <property name="ant.home" value="/home/travis/build/icyphy/ptII/ant" />
    <property name="env.PERLBREW_BASHRC_VERSION" value="0.80" />
    <property name="env.NVM_DIR" value="/home/travis/.nvm" />
    <property name="env.TRAVIS_BUILD_ID" value="463121380" />
    <property name="env.CERTI_FOM_PATH" value="/home/travis/pthla/certi-tools/share/federations" />
    <property name="env.PYENV_ROOT" value="/opt/pyenv" />
    <property name="env.TRAVIS_UID" value="2000" />
    <property name="env.rvm_pretty_print_flag" value="auto" />
    <property name="env.NVM_BIN" value="/home/travis/.nvm/versions/node/v7.10.1/bin" />
    <property name="env.TRAVIS_COMMIT" value="cfeddb3a3e3d7b0985f53f66c4e032637b909d04" />
    <property name="env._system_arch" value="x86_64" />
    <property name="node.executable" value="node" />
    <property name="sun.boot.library.path" value="/usr/lib/jvm/java-8-oracle/jre/lib/amd64" />
    <property name="sun.management.compiler" value="HotSpot 64-Bit Tiered Compilers" />
    <property name="env.GOPATH" value="/home/travis/gopath" />
    <property name="java.awt.graphicsenv" value="sun.awt.X11GraphicsEnvironment" />
    <property name="ptolemy.ptII.dir" value="/home/travis/build/icyphy/ptII" />
    <property name="env.USER" value="travis" />
    <property name="env.HISTFILESIZE" value="2000" />
    <property name="timeout.longest" value="19000000" />
    <property name="env.TRAVIS_STACK_FEATURES" value="basic cassandra chromium couchdb disabled-ipv6 docker docker-compose elasticsearch firefox go-toolchain google-chrome jdk memcached mongodb mysql neo4j nodejs_interpreter perl_interpreter perlbrew phantomjs postgresql python_interpreter rabbitmq redis riak ruby_interpreter sqlite xserver" />
    <property name="env.TRAVIS_PULL_REQUEST" value="false" />
    <property name="env.PYENV_SHELL" value="bash" />
    <property name="ant.project.name" value="ptII" />
    <property name="java.vm.specification.version" value="1.8" />
    <property name="env.ANSI_RESET" value="\033[0m" />
    <property name="env.TRAVIS_DIST" value="trusty" />
    <property name="env.CERTI_VERSION" value="4.0.0" />
    <property name="env.NLSPATH" value="/usr/dt/lib/nls/msg/%L/%N.cat" />
    <property name="awt.toolkit" value="sun.awt.X11.XToolkit" />
    <property name="env.CERTI_HOST" value="localhost" />
    <property name="env.MY_RUBY_HOME" value="/home/travis/.rvm/rubies/ruby-2.4.1" />
    <property name="sun.cpu.isalist" value="" />
    <property name="env.TRAVIS_TMPDIR" value="/tmp/tmp.uL5sxtjMxI" />
    <property name="java.ext.dirs" value="/usr/lib/jvm/java-8-oracle/jre/lib/ext:/usr/java/packages/lib/ext" />
    <property name="os.version" value="4.4.0-101-generic" />
    <property name="user.home" value="/home/travis" />
    <property name="env.MIX_ARCHIVES" value="/home/travis/.kiex/mix/elixir-1.4.5" />
    <property name="java.vm.vendor" value="Oracle Corporation" />
    <property name="env.TRAVIS_TAG" value="nightly" />
    <property name="env.ANSI_YELLOW" value="\033[33;1m" />
    <property name="env.TRAVIS_FILTERED" value="redirect_io" />
    <property name="env.ANSI_GREEN" value="\033[32;1m" />
    <property name="env.JAVA_HOME" value="/usr/lib/jvm/java-8-oracle" />
    <property name="env.PTII" value="/home/travis/build/icyphy/ptII" />
    <property name="javadoc.excludepackagenames" value="adm.cvs2svn.*,build.*,config.*,doc.coding.templates.*,jni.test.jni.meaningOfLife.*,jni.test.jni.testDeux.*,jni.test.jni.testTrois.*,org.terraswarm.accessor.accessors.web.node_modules.*,org.terraswarm.accessor.accessors.web.hosts.cordova.demo.*,org.terraswarm.accessor.accessors.web.hosts.cordova.plugins.*,org.terraswarm.accessor.accessors-svn.*,pt-modules.*,ptolemy.apps.agilent.*,ptolemy.apps.anytimecontrol.*,ptolemy.apps.apes.*,ptolemy.apps.charon.*,ptolemy.apps.crazyboard.*,ptolemy.apps.eclipse.*,ptolemy.apps.etherealSting.*,ptolemy.apps.fullscreen.*,ptolemy.apps.giotto.*,ptolemy.apps.ia.*,ptolemy.apps.interfaces.*,ptolemy.apps.jmf.*,ptolemy.apps.kurt.*,ptolemy.apps.kvm.*,ptolemy.apps.lego.*,ptolemy.apps.lejos.*,ptolemy.apps.midp.*,ptolemy.apps.mobileCoding.*,ptolemy.apps.pendulum.*,ptolemy.apps.rijndael.*,ptolemy.apps.robot.*,ptolemy.apps.security.*,ptolemy.apps.sobel.*,ptolemy.apps.soot.*,ptolemy.apps.throttle.*,ptolemy.apps.tini.*,ptolemy.apps.transmission.*,ptolemy.apps.vergil.*,ptolemy.apps.waba.*,ptolemy.apps.websensor.*,ptolemy.apps.webstart.*,ptolemy.apps.xsl.*,ptolemy.apps.zaurus.*,ptolemy.backtrack.eclipse.plugin.*,ptolemy.backtrack.test.*,ptolemy.codegen.c.actor.lib.oldJavaFiles.*,ptolemy.codegen.dsp.lib.*,ptolemy.codegen.kernel.newInterfaces.*,ptolemy.codegen.lib.*,ptolemy.copernicus.kernel.fragment.*,ptolemy.copernicus.shallow.cg.*,ptolemy.domains.giotto.demo.Hierarchy.Hierarchy.*,ptolemy.domains.giotto.demo.Multimode.Multimode.*,ptolemy.domains.giotto.demo.Simple.Simple.*,ptolemy.domains.gr.lib.experimental.*,ptolemy.domains.gro.*,ptolemy.domains.pdf.*,ptolemy.domains.ptinyos.demo.Surge.output.*,ptolemy.moml.test.NoPackageActor.java*,ptolemy.plot.adm.*,ptolemy.plot.servlet.*,reports.*,signed.*,src.*,target.*,vendors.*,ptolemy.cg.adapter.generic.program.procedural.c.mbed*,ptolemy.actor.lib.fmi.fmus.omc*,ptolemy.domains.openmodelica*,ptdb.kernel.bl.save.test.*,ptdb.kernel.bl.load.test.*,ptdb.kernel.bl.search.test.*,ptdb.kernel.bl.migration.test.*,ptdb.kernel.database.test.*,ptdb.test.*,ptdb.gui.test.*,org.ptolemy.scala.*,diva.util.java2d.svg.*,ptolemy.domains.ptinyos.*,ptolemy.actor.lib.fmi.fmipp.*,,org.terraswarm.accessor.accessors.web.node_modules.*,org.terraswarm.accessor.accessors-svn,ptolemy.apps.*,ptolemy.actor.ptalon.demo.ptinyos.SendAndReceiveCnt.output,ptolemy.actor.ptalon.demo.ptinyos.SenseToLeds.output,ptolemy.domains.ptinyos.demo.CntToLedsAndRfm.output,ptolemy.domains.ptinyos.demo.RfmToLeds.output,ptolemy.domains.ptinyos.demo.SendAndReceiveCnt.output,ptolemy.domains.ptinyos.demo.SenseToLeds.output,ptolemy.actor.lib.jjs.modules.udpSocket.*" />
    <property name="env.TRAVIS_COMMIT_MESSAGE" value="Merge branch &apos;master&apos; of https://github.com/icyphy/ptII" />
    <property name="keystore" value="ptKeystore" />
    <property name="env.XDG_SESSION_ID" value="2" />
    <property name="junit.output.dir" value="/home/travis/build/icyphy/ptII/reports/junit" />
    <property name="npm.return.code" value="0" />
    <property name="user.dir" value="/home/travis/build/icyphy/ptII/ptolemy/domains/de/test" />
    <property name="env.TRAVIS_NODE_VERSION" value="7" />
    <property name="env.XFILESEARCHPATH" value="/usr/dt/app-defaults/%L/Dt" />
    <property name="env.TRAVIS_EVENT_TYPE" value="cron" />
    <property name="env.MAIL" value="/var/mail/travis" />
    <property name="env.PWD" value="/home/travis/build/icyphy/ptII" />
    <property name="env.PERLBREW_ROOT" value="/home/travis/perl5/perlbrew" />
    <property name="timeout.npm" value="45000" />
    <property name="env.PT_TRAVIS_TEST_CORE2_XML" value="true" />
    <property name="env.TRAVIS_ARCH" value="amd64" />
    <property name="env.PAGER" value="cat" />
    <property name="sun.cpu.endian" value="little" />
    <property name="env.TRAVIS_BUILD_STAGE_NAME" value="Test" />
    <property name="env.PERLBREW_HOME" value="/home/travis/.perlbrew" />
    <property name="env.RAILS_ENV" value="test" />
    <property name="java.vm.version" value="25.151-b12" />
    <property name="java.class.path" value="/home/travis/build/icyphy/ptII:/home/travis/build/icyphy/ptII/lib/bsh-2.0b4.jar:/home/travis/build/icyphy/ptII/lib/ptCal.jar:/home/travis/build/icyphy/ptII/lib/java_cup.jar:/home/travis/build/icyphy/ptII/lib/saxon8.jar:/home/travis/build/icyphy/ptII/lib/saxon8-dom.jar:/home/travis/build/icyphy/ptII/lib/chic.jar:/home/travis/build/icyphy/ptII/lib/ptcolt.jar:/usr/lib/jvm/java-8-oracle/lib/tools.jar:/usr/lib/eclipse/plugins/org.eclipse.jdt.core_3.8.2.dist.jar:/usr/lib/eclipse/plugins/org.eclipse.core.runtime_3.8.0.dist.jar:/usr/lib/eclipse/plugins/org.eclipse.osgi_3.8.1.dist.jar:/usr/lib/eclipse/plugins/org.eclipse.core.resources_3.8.1.dist.jar:/usr/lib/eclipse/plugins/org.eclipse.equinox.common_3.6.100.dist.jar:/usr/lib/eclipse/plugins/org.eclipse.core.jobs_3.5.200.dist.jar:/usr/lib/eclipse/plugins/org.eclipse.core.contenttype_3.4.200.dist.jar:/usr/lib/eclipse/plugins/org.eclipse.equinox.preferences_3.5.0.dist.jar:/usr/lib/eclipse/plugins/org.eclipse.text_3.5.200.dist.jar:/usr/lib/eclipse/plugins/org.eclipse.ui.workbench_3.8.1.dist.jar:/usr/lib/eclipse/plugins/org.eclipse.jface_3.8.0.dist.jar:/usr/lib/eclipse/plugins/org.eclipse.swt_3.8.2.jar:/usr/lib/eclipse/plugins/org.eclipse.jface.text_3.8.1.dist.jar:/usr/lib/eclipse/plugins/org.eclipse.ui.workbench.texteditor_3.8.0.dist.jar:/usr/lib/eclipse/plugins/org.eclipse.ui.editors_3.8.0.dist.jar:/usr/lib/eclipse/plugins/org.eclipse.core.commands_3.6.1.dist.jar:/usr/lib/eclipse/plugins/org.eclipse.equinox.registry_3.5.200.dist.jar:/usr/lib/eclipse/plugins/org.eclipse.ui.console_3.5.100.dist.jar:/usr/lib/eclipse/plugins/org.eclipse.ui.forms_3.5.200.dist.jar:/usr/lib/eclipse/plugins/org.eclipse.ui.ide_3.8.1.dist.jar:/home/travis/build/icyphy/ptII/vendors/oracle/dbxml.jar:/home/travis/build/icyphy/ptII/vendors/oracle/db.jar:/home/travis/build/icyphy/ptII/vendors/misc/itext/iText.jar:/home/travis/build/icyphy/ptII/lib/g4ltl.jar:/home/travis/build/icyphy/ptII/lib/StructuralCoder.jar:/home/travis/build/icyphy/ptII/lib/org-openide-util.jar:/home/travis/build/icyphy/ptII/lib/org-openide-util-lookup.jar:/home/travis/build/icyphy/ptII/lib/org-netbeans-api-visual.jar:/home/travis/build/icyphy/ptII/vendors/jai-1_1_2_01/lib/jai_core.jar:/home/travis/build/icyphy/ptII/vendors/jai-1_1_2_01/lib/jai_codec.jar:/home/travis/build/icyphy/ptII/lib/jcerti.jar:/home/travis/build/icyphy/ptII/lib/smack.jar:/home/travis/build/icyphy/ptII/lib/smackx.jar:/home/travis/build/icyphy/ptII/lib/jetty-all-8.1.5-v20120716.jar:/home/travis/build/icyphy/ptII/lib/javax.servlet-api-3.0.1.jar:/home/travis/build/icyphy/ptII/lib/javax.mail.jar:/home/travis/build/icyphy/ptII/vendors/JMF-2.1.1e/lib/jmf.jar:/home/travis/build/icyphy/ptII/lib/jna-4.0.0-variadic.jar:/home/travis/build/icyphy/ptII/vendors/misc/joystick/Joystick.jar:/home/travis/build/icyphy/ptII/lib/ptjacl.jar:/home/travis/build/icyphy/ptII/lib/jsoup-1.8.2.jar:/home/travis/build/icyphy/ptII/lib/junit-4.8.2.jar:/home/travis/build/icyphy/ptII/lib/JUnitParams-0.4.0.jar:/home/travis/build/icyphy/ptII/ptolemy/actor/lib/excel/jxl.jar:/home/travis/build/icyphy/ptII/lib/jython.jar:/home/travis/build/icyphy/ptII/lib/kieler.jar:/home/travis/build/icyphy/ptII/vendors/opencv/share/OpenCV/java/opencv-341.jar:/home/travis/build/icyphy/ptII/lib/oscP5.jar:/home/travis/build/icyphy/ptII/lib/nrjavaserial-3.11.0.devel.jar:/home/travis/build/icyphy/ptII/vendors/j3d/lib/j3dcore.jar:/home/travis/build/icyphy/ptII/vendors/j3d/lib/j3dutils.jar:/home/travis/build/icyphy/ptII/vendors/j3d/lib/vecmath.jar:/home/travis/build/icyphy/ptII/ptolemy/distributed/jini/jar/jini-core.jar:/home/travis/build/icyphy/ptII/ptolemy/distributed/jini/jar/jini-ext.jar:/home/travis/build/icyphy/ptII/ptolemy/distributed/jini/jar/sun-util.jar:/home/travis/build/icyphy/ptII/lib/protobuf-java-2.4.1.jar:/home/travis/build/icyphy/ptII/lib/org.eclipse.paho.client.mqttv3.jar:/home/travis/build/icyphy/ptII/ptserver/lib/hessian-4.0.7.jar:/home/travis/build/icyphy/ptII/ptserver/lib/wmqtt.jar:/home/travis/build/icyphy/ptII/lib/mapss.jar:/home/travis/build/icyphy/ptII/ptolemy/actor/ptalon/antlr/antlr.jar:/home/travis/build/icyphy/ptII/lib/JRI.jar:/home/travis/build/icyphy/ptII/lib/commons-lang-2.6.jar:/home/travis/build/icyphy/ptII/lib/commons-logging-1.1.1.jar:/home/travis/build/icyphy/ptII/lib/sootclasses.jar:/home/travis/build/icyphy/ptII/ptolemy/actor/lib/database/mysql-connector-java-5.1.6-bin.jar:/home/travis/build/icyphy/ptII/vendors/misc/sphinx4/sphinx4-data-5prealpha.jar:/home/travis/build/icyphy/ptII/vendors/misc/sphinx4/sphinx4-core-5prealpha.jar:/home/travis/build/icyphy/ptII/lib/PDFRenderer.jar:/home/travis/build/icyphy/ptII/lib/svgSalamander.jar:/home/travis/build/icyphy/ptII/lib/rsyntaxtextarea-2.6.0-SNAPSHOT.jar:/home/travis/build/icyphy/ptII/lib/hazelcast-3.8.2.jar:/home/travis/build/icyphy/ptII/lib/jackson-annotations-2.9.0.jar:/home/travis/build/icyphy/ptII/lib/jackson-core-2.9.3.jar:/home/travis/build/icyphy/ptII/lib/jackson-databind-2.9.3.jar:/home/travis/build/icyphy/ptII/lib/netty-buffer-4.1.19.Final.jar:/home/travis/build/icyphy/ptII/lib/netty-codec-4.1.19.Final.jar:/home/travis/build/icyphy/ptII/lib/netty-codec-dns-4.1.19.Final.jar:/home/travis/build/icyphy/ptII/lib/netty-codec-http-4.1.19.Final.jar:/home/travis/build/icyphy/ptII/lib/netty-codec-http2-4.1.19.Final.jar:/home/travis/build/icyphy/ptII/lib/netty-common-4.1.19.Final.jar:/home/travis/build/icyphy/ptII/lib/netty-handler-4.1.19.Final.jar:/home/travis/build/icyphy/ptII/lib/netty-resolver-4.1.19.Final.jar:/home/travis/build/icyphy/ptII/lib/netty-resolver-dns-4.1.19.Final.jar:/home/travis/build/icyphy/ptII/lib/netty-transport-4.1.19.Final.jar:/home/travis/build/icyphy/ptII/lib/vertx-codegen-3.5.1.jar:/home/travis/build/icyphy/ptII/lib/vertx-core-3.5.2-SNAPSHOT.jar:/home/travis/build/icyphy/ptII/lib/vertx-hazelcast-3.5.1.jar:/home/travis/build/icyphy/ptII/lib/vertx-lang-js-3.5.1.jar:/home/travis/build/icyphy/ptII/lib/vertx-service-proxy-3.5.1.jar:/home/travis/build/icyphy/ptII/lib/vertx-web-3.5.1.jar:/home/travis/build/icyphy/ptII/lib/slf4j-api-1.7.13.jar:/home/travis/build/icyphy/ptII/lib/slf4j-simple-1.7.13.jar:/home/travis/build/icyphy/ptII/lib/webcam-capture-0.3.12.jar:/home/travis/build/icyphy/ptII/lib/bridj-0.7.0.jar:/home/travis/build/icyphy/ptII/lib/xbjlib-1.1.0.nrjavaserial.jar:/home/travis/build/icyphy/ptII/ptolemy/moml/test:/home/travis/build/icyphy/ptII/ant/lib/ant-launcher.jar:/home/travis/build/icyphy/ptII/ant/lib/ant.jar:/home/travis/build/icyphy/ptII/ant/lib/ant-junit.jar:/home/travis/build/icyphy/ptII/ant/lib/ant-junit4.jar" />
    <property name="ant.library.dir" value="/home/travis/build/icyphy/ptII/ant/lib" />
    <property name="os.arch" value="amd64" />
    <property name="env.TRAVIS_LANGUAGE" value="node_js" />
    <property name="env.CONTINUOUS_INTEGRATION" value="true" />
    <property name="env.TRAVIS_STACK_LANGUAGES" value="__garnet__ c c++ clojure cplusplus cpp default go groovy java node_js php pure_java python ruby scala" />
    <property name="test.name" value="ptolemy.actor.lib.test.junit.JUnitTclTest" />
    <property name="sun.java.launcher" value="SUN_STANDARD" />
    <property name="env.PYTHON_CONFIGURE_OPTS" value="--enable-unicode=ucs4 --with-wide-unicode --enable-shared --enable-ipv6 --enable-loadable-sqlite-extensions --with-computed-gotos" />
    <property name="ant.core.lib" value="/home/travis/build/icyphy/ptII/ant/lib/ant.jar" />
    <property name="java.vm.specification.vendor" value="Oracle Corporation" />
    <property name="env.BCVTB_HOME" value="/home/travis/build/icyphy/ptII/lbnl" />
    <property name="file.separator" value="/" />
    <property name="spotbugs.home" value="/home/travis/build/icyphy/ptII/vendors/spotbugs-3.1.1" />
    <property name="java.runtime.version" value="1.8.0_151-b12" />
    <property name="sun.boot.class.path" value="/usr/lib/jvm/java-8-oracle/jre/lib/resources.jar:/usr/lib/jvm/java-8-oracle/jre/lib/rt.jar:/usr/lib/jvm/java-8-oracle/jre/lib/sunrsasign.jar:/usr/lib/jvm/java-8-oracle/jre/lib/jsse.jar:/usr/lib/jvm/java-8-oracle/jre/lib/jce.jar:/usr/lib/jvm/java-8-oracle/jre/lib/charsets.jar:/usr/lib/jvm/java-8-oracle/jre/lib/jfr.jar:/usr/lib/jvm/java-8-oracle/jre/classes" />
    <property name="env.ANSI_CLEAR" value="\033[0K" />
    <property name="env.HAS_JOSH_K_SEAL_OF_APPROVAL" value="true" />
    <property name="env.XDG_RUNTIME_DIR" value="/run/user/2000" />
    <property name="env.TRAVIS_OSX_IMAGE" value="" />
    <property name="env.TRAVIS_BRANCH" value="master" />
    <property name="env.TRAVIS_JOB_ID" value="463121389" />
    <property name="user.country" value="US" />
    <property name="env.CERTI_HOME_TRAVIS" value="/home/travis/pthla/certi-tools" />
    <property name="env.SHELL" value="/bin/bash" />
    <property name="java.maxmemory.large" value="5000m" />
    <property name="model" value="" />
    <property name="env.CASHER_DIR" value="/home/travis/.casher" />
    <property name="env.NVM_CD_FLAGS" value="" />
    <property name="jshint.executable" value="/home/travis/node_modules/jshint/bin/jshint" />
    <property name="java.vendor" value="Oracle Corporation" />
    <property name="env.JRUBY_OPTS" value=" --client -J-XX:+TieredCompilation -J-XX:TieredStopAtLevel=1 -J-Xss2m -Xcompile.invokedynamic=false" />
    <property name="env.TRAVIS_PRE_CHEF_BOOTSTRAP_TIME" value="2017-12-05T19:32:55" />
    <property name="env.TRAVIS_STACK_JOB_BOARD_REGISTER" value="/.job-board-register.yml" />
    <property name="env.ELIXIR_VERSION" value="1.4.5" />
    <property name="env.ANSI_RED" value="\033[31;1m" />
    <property name="java.specification.version" value="1.8" />
    <property name="env.TRAVIS" value="true" />
    <property name="env.IRBRC" value="/home/travis/.rvm/rubies/ruby-2.4.1/.irbrc" />
    <property name="sun.arch.data.model" value="64" />
  </properties>
  <testcase classname="ptolemy.util.test.junit.TclTests" name="[0] /home/travis/build/icyphy/ptII/ptolemy/domains/de/test/DependencyLoop.tcl (RunTclFile)" time="0.742" />
  <testcase classname="ptolemy.util.test.junit.TclTests" name="[1] /home/travis/build/icyphy/ptII/ptolemy/domains/de/test/RunDETestsAsQSS.tcl (RunTclFile)" time="86.894" />
  <testcase classname="ptolemy.util.test.junit.AutoKnownFailedTests" name="[0] /home/travis/build/icyphy/ptII/ptolemy/domains/de/test/auto/knownFailedTests/DESDFClockTest.xml (RunModel)" time="2.026" />
  <testcase classname="ptolemy.util.test.junit.AutoKnownFailedTests" name="[1] /home/travis/build/icyphy/ptII/ptolemy/domains/de/test/auto/knownFailedTests/DirectFeedback.xml (RunModel)" time="0.008" />
  <testcase classname="ptolemy.util.test.junit.AutoKnownFailedTests" name="[2] /home/travis/build/icyphy/ptII/ptolemy/domains/de/test/auto/knownFailedTests/FSMSource.xml (RunModel)" time="0.022" />
  <testcase classname="ptolemy.util.test.junit.AutoKnownFailedTests" name="[3] /home/travis/build/icyphy/ptII/ptolemy/domains/de/test/auto/knownFailedTests/HierarchicalModel.xml (RunModel)" time="0.035" />
  <testcase classname="ptolemy.util.test.junit.AutoKnownFailedTests" name="[4] /home/travis/build/icyphy/ptII/ptolemy/domains/de/test/auto/knownFailedTests/dependencyLoop.xml (RunModel)" time="0.038" />
  <testcase classname="ptolemy.util.test.junit.AutoKnownFailedTests" name="[5] /home/travis/build/icyphy/ptII/ptolemy/domains/de/test/auto/knownFailedTests/dependencyLoop2.xml (RunModel)" time="0.038" />
  <testcase classname="ptolemy.util.test.junit.AutoNameArchTests" name="[0] ThereAreNoAutoArchTests (RunModel)" time="0.0" />
  <testcase classname="ptolemy.util.test.junit.AutoTests" name="[0] /home/travis/build/icyphy/ptII/ptolemy/domains/de/test/auto/ActorDepthCalculation_actorWithoutPorts.xml (RunModel)" time="0.015" />
  <testcase classname="ptolemy.util.test.junit.AutoTests" name="[1] /home/travis/build/icyphy/ptII/ptolemy/domains/de/test/auto/AssemblyLine.xml (RunModel)" time="0.018" />
  <testcase classname="ptolemy.util.test.junit.AutoTests" name="[2] /home/travis/build/icyphy/ptII/ptolemy/domains/de/test/auto/CQBug1.xml (RunModel)" time="0.008" />
  <testcase classname="ptolemy.util.test.junit.AutoTests" name="[3] /home/travis/build/icyphy/ptII/ptolemy/domains/de/test/auto/CancelFireAt.xml (RunModel)" time="0.01" />
  <testcase classname="ptolemy.util.test.junit.AutoTests" name="[4] /home/travis/build/icyphy/ptII/ptolemy/domains/de/test/auto/CausalityAndComposabilityAnalysis.xml (RunModel)" time="0.01" />
  <testcase classname="ptolemy.util.test.junit.AutoTests" name="[5] /home/travis/build/icyphy/ptII/ptolemy/domains/de/test/auto/CausalityInterface1.xml (RunModel)" time="0.01" />
  <testcase classname="ptolemy.util.test.junit.AutoTests" name="[6] /home/travis/build/icyphy/ptII/ptolemy/domains/de/test/auto/CausalityInterface15.xml (RunModel)" time="0.017" />
  <testcase classname="ptolemy.util.test.junit.AutoTests" name="[7] /home/travis/build/icyphy/ptII/ptolemy/domains/de/test/auto/CausalityInterface2.xml (RunModel)" time="0.01" />
  <testcase classname="ptolemy.util.test.junit.AutoTests" name="[8] /home/travis/build/icyphy/ptII/ptolemy/domains/de/test/auto/CausalityInterface3.xml (RunModel)" time="0.007" />
  <testcase classname="ptolemy.util.test.junit.AutoTests" name="[9] /home/travis/build/icyphy/ptII/ptolemy/domains/de/test/auto/ClockDrift.xml (RunModel)" time="0.031" />
  <testcase classname="ptolemy.util.test.junit.AutoTests" name="[10] /home/travis/build/icyphy/ptII/ptolemy/domains/de/test/auto/ClockDriftAndValueChange.xml (RunModel)" time="0.023" />
  <testcase classname="ptolemy.util.test.junit.AutoTests" name="[11] /home/travis/build/icyphy/ptII/ptolemy/domains/de/test/auto/ClockDriftChange.xml (RunModel)" time="0.025" />
  <testcase classname="ptolemy.util.test.junit.AutoTests" name="[12] /home/travis/build/icyphy/ptII/ptolemy/domains/de/test/auto/ComposableCausalityAnalysis.xml (RunModel)" time="0.018" />
  <testcase classname="ptolemy.util.test.junit.AutoTests" name="[13] /home/travis/build/icyphy/ptII/ptolemy/domains/de/test/auto/DEFixedPointLimitation.xml (RunModel)" time="0.007" />
  <testcase classname="ptolemy.util.test.junit.AutoTests" name="[14] /home/travis/build/icyphy/ptII/ptolemy/domains/de/test/auto/DEScheduleTest.xml (RunModel)" time="0.025" />
  <testcase classname="ptolemy.util.test.junit.AutoTests" name="[15] /home/travis/build/icyphy/ptII/ptolemy/domains/de/test/auto/DEinDEwithStartTimes.xml (RunModel)" time="0.014" />
  <testcase classname="ptolemy.util.test.junit.AutoTests" name="[16] /home/travis/build/icyphy/ptII/ptolemy/domains/de/test/auto/DEinDEwithStartTimes2.xml (RunModel)" time="0.014" />
  <testcase classname="ptolemy.util.test.junit.AutoTests" name="[17] /home/travis/build/icyphy/ptII/ptolemy/domains/de/test/auto/DateDemo.xml (RunModel)" time="0.022" />
  <testcase classname="ptolemy.util.test.junit.AutoTests" name="[18] /home/travis/build/icyphy/ptII/ptolemy/domains/de/test/auto/DateToEvent.xml (RunModel)" time="2.031" />
  <testcase classname="ptolemy.util.test.junit.AutoTests" name="[19] /home/travis/build/icyphy/ptII/ptolemy/domains/de/test/auto/DepthTest1.xml (RunModel)" time="0.014" />
  <testcase classname="ptolemy.util.test.junit.AutoTests" name="[20] /home/travis/build/icyphy/ptII/ptolemy/domains/de/test/auto/DepthTest2.xml (RunModel)" time="0.015" />
  <testcase classname="ptolemy.util.test.junit.AutoTests" name="[21] /home/travis/build/icyphy/ptII/ptolemy/domains/de/test/auto/DepthTest3.xml (RunModel)" time="0.007" />
  <testcase classname="ptolemy.util.test.junit.AutoTests" name="[22] /home/travis/build/icyphy/ptII/ptolemy/domains/de/test/auto/DepthTest4.xml (RunModel)" time="0.012" />
  <testcase classname="ptolemy.util.test.junit.AutoTests" name="[23] /home/travis/build/icyphy/ptII/ptolemy/domains/de/test/auto/DepthTest5.xml (RunModel)" time="0.012" />
  <testcase classname="ptolemy.util.test.junit.AutoTests" name="[24] /home/travis/build/icyphy/ptII/ptolemy/domains/de/test/auto/DepthTest6.xml (RunModel)" time="0.012" />
  <testcase classname="ptolemy.util.test.junit.AutoTests" name="[25] /home/travis/build/icyphy/ptII/ptolemy/domains/de/test/auto/DepthTest7.xml (RunModel)" time="0.011" />
  <testcase classname="ptolemy.util.test.junit.AutoTests" name="[26] /home/travis/build/icyphy/ptII/ptolemy/domains/de/test/auto/EventToDate.xml (RunModel)" time="3.034" />
  <testcase classname="ptolemy.util.test.junit.AutoTests" name="[27] /home/travis/build/icyphy/ptII/ptolemy/domains/de/test/auto/FSM1.xml (RunModel)" time="0.054" />
  <testcase classname="ptolemy.util.test.junit.AutoTests" name="[28] /home/travis/build/icyphy/ptII/ptolemy/domains/de/test/auto/FSM7.xml (RunModel)" time="0.028" />
  <testcase classname="ptolemy.util.test.junit.AutoTests" name="[29] /home/travis/build/icyphy/ptII/ptolemy/domains/de/test/auto/Inspection.xml (RunModel)" time="0.037" />
  <testcase classname="ptolemy.util.test.junit.AutoTests" name="[30] /home/travis/build/icyphy/ptII/ptolemy/domains/de/test/auto/Iteration.xml (RunModel)" time="0.025" />
  <testcase classname="ptolemy.util.test.junit.AutoTests" name="[31] /home/travis/build/icyphy/ptII/ptolemy/domains/de/test/auto/LineFault.xml (RunModel)" time="0.543" />
  <testcase classname="ptolemy.util.test.junit.AutoTests" name="[32] /home/travis/build/icyphy/ptII/ptolemy/domains/de/test/auto/MergeModel1Add.xml (RunModel)" time="0.042" />
  <testcase classname="ptolemy.util.test.junit.AutoTests" name="[33] /home/travis/build/icyphy/ptII/ptolemy/domains/de/test/auto/MergeModel2Add.xml (RunModel)" time="0.036" />
  <testcase classname="ptolemy.util.test.junit.AutoTests" name="[34] /home/travis/build/icyphy/ptII/ptolemy/domains/de/test/auto/MergeModel3Add.xml (RunModel)" time="0.037" />
  <testcase classname="ptolemy.util.test.junit.AutoTests" name="[35] /home/travis/build/icyphy/ptII/ptolemy/domains/de/test/auto/MergeWithoutDiscard.xml (RunModel)" time="0.009" />
  <testcase classname="ptolemy.util.test.junit.AutoTests" name="[36] /home/travis/build/icyphy/ptII/ptolemy/domains/de/test/auto/Modal1.xml (RunModel)" time="0.03" />
  <testcase classname="ptolemy.util.test.junit.AutoTests" name="[37] /home/travis/build/icyphy/ptII/ptolemy/domains/de/test/auto/Modal2.xml (RunModel)" time="0.026" />
  <testcase classname="ptolemy.util.test.junit.AutoTests" name="[38] /home/travis/build/icyphy/ptII/ptolemy/domains/de/test/auto/Modal3.xml (RunModel)" time="0.032" />
  <testcase classname="ptolemy.util.test.junit.AutoTests" name="[39] /home/travis/build/icyphy/ptII/ptolemy/domains/de/test/auto/Modal4.xml (RunModel)" time="0.035" />
  <testcase classname="ptolemy.util.test.junit.AutoTests" name="[40] /home/travis/build/icyphy/ptII/ptolemy/domains/de/test/auto/Modal5.xml (RunModel)" time="0.025" />
  <testcase classname="ptolemy.util.test.junit.AutoTests" name="[41] /home/travis/build/icyphy/ptII/ptolemy/domains/de/test/auto/Modal6.xml (RunModel)" time="0.027" />
  <testcase classname="ptolemy.util.test.junit.AutoTests" name="[42] /home/travis/build/icyphy/ptII/ptolemy/domains/de/test/auto/Modal7.xml (RunModel)" time="0.025" />
  <testcase classname="ptolemy.util.test.junit.AutoTests" name="[43] /home/travis/build/icyphy/ptII/ptolemy/domains/de/test/auto/ModalModel.xml (RunModel)" time="0.146" />
  <testcase classname="ptolemy.util.test.junit.AutoTests" name="[44] /home/travis/build/icyphy/ptII/ptolemy/domains/de/test/auto/ModalSource.xml (RunModel)" time="0.015" />
  <testcase classname="ptolemy.util.test.junit.AutoTests" name="[45] /home/travis/build/icyphy/ptII/ptolemy/domains/de/test/auto/NonInterruptibleTimerZeroDelay.xml (RunModel)" time="0.009" />
  <testcase classname="ptolemy.util.test.junit.AutoTests" name="[46] /home/travis/build/icyphy/ptII/ptolemy/domains/de/test/auto/OpenQueueingNetwork.xml (RunModel)" time="2.259" />
  <testcase classname="ptolemy.util.test.junit.AutoTests" name="[47] /home/travis/build/icyphy/ptII/ptolemy/domains/de/test/auto/OpenQueuingNetwork.xml (RunModel)" time="0.248" />
  <testcase classname="ptolemy.util.test.junit.AutoTests" name="[48] /home/travis/build/icyphy/ptII/ptolemy/domains/de/test/auto/PeriodicSampler.xml (RunModel)" time="0.008" />
  <testcase classname="ptolemy.util.test.junit.AutoTests" name="[49] /home/travis/build/icyphy/ptII/ptolemy/domains/de/test/auto/PersistentIO.xml (RunModel)" time="0.015" />
  <testcase classname="ptolemy.util.test.junit.AutoTests" name="[50] /home/travis/build/icyphy/ptII/ptolemy/domains/de/test/auto/PortParameterResetOnInitialize.xml (RunModel)" time="0.008" />
  <testcase classname="ptolemy.util.test.junit.AutoTests" name="[51] /home/travis/build/icyphy/ptII/ptolemy/domains/de/test/auto/PortParameterUpdates.xml (RunModel)" time="0.015" />
  <testcase classname="ptolemy.util.test.junit.AutoTests" name="[52] /home/travis/build/icyphy/ptII/ptolemy/domains/de/test/auto/QueueAndServer.xml (RunModel)" time="0.017" />
  <testcase classname="ptolemy.util.test.junit.AutoTests" name="[53] /home/travis/build/icyphy/ptII/ptolemy/domains/de/test/auto/Records.xml (RunModel)" time="0.012" />
  <testcase classname="ptolemy.util.test.junit.AutoTests" name="[54] /home/travis/build/icyphy/ptII/ptolemy/domains/de/test/auto/ResetTransitionWithStartTime1.xml (RunModel)" time="0.016" />
  <testcase classname="ptolemy.util.test.junit.AutoTests" name="[55] /home/travis/build/icyphy/ptII/ptolemy/domains/de/test/auto/ResetTransitionWithStartTime2.xml (RunModel)" time="0.015" />
  <testcase classname="ptolemy.util.test.junit.AutoTests" name="[56] /home/travis/build/icyphy/ptII/ptolemy/domains/de/test/auto/ResetTransitionWithStartTime3.xml (RunModel)" time="0.015" />
  <testcase classname="ptolemy.util.test.junit.AutoTests" name="[57] /home/travis/build/icyphy/ptII/ptolemy/domains/de/test/auto/ResetTransitionWithStartTime4.xml (RunModel)" time="0.015" />
  <testcase classname="ptolemy.util.test.junit.AutoTests" name="[58] /home/travis/build/icyphy/ptII/ptolemy/domains/de/test/auto/ResettableTimer1.xml (RunModel)" time="0.009" />
  <testcase classname="ptolemy.util.test.junit.AutoTests" name="[59] /home/travis/build/icyphy/ptII/ptolemy/domains/de/test/auto/ResettableTimer2.xml (RunModel)" time="0.008" />
  <testcase classname="ptolemy.util.test.junit.AutoTests" name="[60] /home/travis/build/icyphy/ptII/ptolemy/domains/de/test/auto/ResettableTimer3.xml (RunModel)" time="0.008" />
  <testcase classname="ptolemy.util.test.junit.AutoTests" name="[61] /home/travis/build/icyphy/ptII/ptolemy/domains/de/test/auto/ResettableTimer4.xml (RunModel)" time="0.008" />
  <testcase classname="ptolemy.util.test.junit.AutoTests" name="[62] /home/travis/build/icyphy/ptII/ptolemy/domains/de/test/auto/ResettableTimer5.xml (RunModel)" time="0.009" />
  <testcase classname="ptolemy.util.test.junit.AutoTests" name="[63] /home/travis/build/icyphy/ptII/ptolemy/domains/de/test/auto/ResettableTimer6.xml (RunModel)" time="0.009" />
  <testcase classname="ptolemy.util.test.junit.AutoTests" name="[64] /home/travis/build/icyphy/ptII/ptolemy/domains/de/test/auto/ServerZeroDelay.xml (RunModel)" time="0.009" />
  <testcase classname="ptolemy.util.test.junit.AutoTests" name="[65] /home/travis/build/icyphy/ptII/ptolemy/domains/de/test/auto/SmartSender.xml (RunModel)" time="3.008" />
  <testcase classname="ptolemy.util.test.junit.AutoTests" name="[66] /home/travis/build/icyphy/ptII/ptolemy/domains/de/test/auto/ThreadedComposite.xml (RunModel)" time="1.395" />
  <testcase classname="ptolemy.util.test.junit.AutoTests" name="[67] /home/travis/build/icyphy/ptII/ptolemy/domains/de/test/auto/Time.xml (RunModel)" time="0.449" />
  <testcase classname="ptolemy.util.test.junit.AutoTests" name="[68] /home/travis/build/icyphy/ptII/ptolemy/domains/de/test/auto/TimeDelayZeroDelay.xml (RunModel)" time="0.012" />
  <testcase classname="ptolemy.util.test.junit.AutoTests" name="[69] /home/travis/build/icyphy/ptII/ptolemy/domains/de/test/auto/TimerZeroDelay.xml (RunModel)" time="0.008" />
  <testcase classname="ptolemy.util.test.junit.AutoTests" name="[70] /home/travis/build/icyphy/ptII/ptolemy/domains/de/test/auto/TimingParadox.xml (RunModel)" time="0.355" />
  <testcase classname="ptolemy.util.test.junit.AutoTests" name="[71] /home/travis/build/icyphy/ptII/ptolemy/domains/de/test/auto/TransferInputs.xml (RunModel)" time="0.014" />
  <testcase classname="ptolemy.util.test.junit.AutoTests" name="[72] /home/travis/build/icyphy/ptII/ptolemy/domains/de/test/auto/TransferOutputs2.xml (RunModel)" time="0.016" />
  <testcase classname="ptolemy.util.test.junit.AutoTests" name="[73] /home/travis/build/icyphy/ptII/ptolemy/domains/de/test/auto/Trilateration.xml (RunModel)" time="11.185" />
  <testcase classname="ptolemy.util.test.junit.AutoTests" name="[74] /home/travis/build/icyphy/ptII/ptolemy/domains/de/test/auto/TwoSigmaDelta.xml (RunModel)" time="1.931" />
  <testcase classname="ptolemy.util.test.junit.AutoTests" name="[75] /home/travis/build/icyphy/ptII/ptolemy/domains/de/test/auto/VariableDelay.xml (RunModel)" time="0.009" />
  <testcase classname="ptolemy.util.test.junit.AutoTests" name="[76] /home/travis/build/icyphy/ptII/ptolemy/domains/de/test/auto/VariableDelay2.xml (RunModel)" time="0.006" />
  <testcase classname="ptolemy.util.test.junit.AutoTests" name="[77] /home/travis/build/icyphy/ptII/ptolemy/domains/de/test/auto/VariableDelayZeroDelay.xml (RunModel)" time="0.01" />
  <testcase classname="ptolemy.util.test.junit.AutoTests" name="[78] /home/travis/build/icyphy/ptII/ptolemy/domains/de/test/auto/VariableDelayZeroDelay2.xml (RunModel)" time="0.017" />
  <testcase classname="ptolemy.util.test.junit.AutoTests" name="[79] /home/travis/build/icyphy/ptII/ptolemy/domains/de/test/auto/deInCt.xml (RunModel)" time="0.02" />
  <testcase classname="ptolemy.util.test.junit.AutoTests" name="[80] /home/travis/build/icyphy/ptII/ptolemy/domains/de/test/auto/deInCt2.xml (RunModel)" time="0.028" />
  <testcase classname="ptolemy.util.test.junit.AutoTests" name="[81] /home/travis/build/icyphy/ptII/ptolemy/domains/de/test/auto/dynamicCausalityInterface1.xml (RunModel)" time="0.027" />
  <testcase classname="ptolemy.util.test.junit.AutoTests" name="[82] /home/travis/build/icyphy/ptII/ptolemy/domains/de/test/auto/fsm_de_test.xml (RunModel)" time="0.035" />
  <testcase classname="ptolemy.util.test.junit.AutoTests" name="[83] /home/travis/build/icyphy/ptII/ptolemy/domains/de/test/auto/functionDependencyReconstruction.xml (RunModel)" time="0.03" />
  <testcase classname="ptolemy.util.test.junit.AutoTests" name="[84] /home/travis/build/icyphy/ptII/ptolemy/domains/de/test/auto/multirate.xml (RunModel)" time="0.015" />
  <testcase classname="ptolemy.util.test.junit.AutoTests" name="[85] /home/travis/build/icyphy/ptII/ptolemy/domains/de/test/auto/multirate2.xml (RunModel)" time="0.016" />
  <testcase classname="ptolemy.util.test.junit.AutoTests" name="[86] /home/travis/build/icyphy/ptII/ptolemy/domains/de/test/auto/realtime.xml (RunModel)" time="10.01" />
  <testcase classname="ptolemy.util.test.junit.AutoTests" name="[87] /home/travis/build/icyphy/ptII/ptolemy/domains/de/test/auto/relationGroup.xml (RunModel)" time="0.006" />
  <testcase classname="ptolemy.util.test.junit.AutoTests" name="[88] /home/travis/build/icyphy/ptII/ptolemy/domains/de/test/auto/relationGroup2.xml (RunModel)" time="0.005" />
  <testcase classname="ptolemy.util.test.junit.AutoTests" name="[89] /home/travis/build/icyphy/ptII/ptolemy/domains/de/test/auto/sortWithOpaquePorts.xml (RunModel)" time="0.009" />
  <testcase classname="ptolemy.util.test.junit.AutoTests" name="[90] /home/travis/build/icyphy/ptII/ptolemy/domains/de/test/auto/transferInputsandOutputs.xml (RunModel)" time="0.015" />
  <testcase classname="ptolemy.util.test.junit.AutoTests" name="[91] /home/travis/build/icyphy/ptII/ptolemy/domains/de/test/auto/triggerType.xml (RunModel)" time="0.01" />
  <system-out><![CDATA[/home/travis/build/icyphy/ptII/ptolemy/domains/de/test/DependencyLoop.tcl
testDefs.tcl: setting time out to 9000 seconds at Tue Dec 04 02:55:50 UTC 2018
20 ms. Memory: 116224K Free: 93949K (81%)
9 ms. Memory: 146944K Free: 135466K (92%)
/home/travis/build/icyphy/ptII/ptolemy/domains/de/test/RunDETestsAsQSS.tcl
Run the DE tests using ptolemy.domains.qss.test.QSSDirectorTest, which extends QSSDirector and prints a message in the constructors.
------------------ testing $PTII/ptolemy/domains/de/test/auto/knownFailedTests/dependencyLoop.xml (Known Failure) 
10 ms. Memory: 146944K Free: 132354K (90%)


==== $PTIIhome/travis/build/icyphy/ptII/ptolemy/domains/de/test/../../../../: Auto Automatic test in file $PTII/ptolemy/domains/de/test/auto/knownFailedTests/dependencyLoop.xml
==== Contents of test case:

	    # FIXME: we should use $relativeFilename here, but it
	    # might have backslashes under Windows, which causes no end
	    # of trouble.
	    createAndExecute $file
	    list {}
	
.... Test generated KNOWN error:
    while executing
ptolemy.kernel.util.IllegalActionException: Found a zero delay loop containing .dependencyLoop.original
  in .dependencyLoop and .dependencyLoop.original
	at ptolemy.actor.util.CausalityInterfaceForComposites._computeOutputPortDepth(CausalityInterfaceForComposites.java:759)
	at ptolemy.actor.util.CausalityInterfaceForComposites._computeInputDepth(CausalityInterfaceForComposites.java:696)
	at ptolemy.actor.util.CausalityInterfaceForComposites._computeOutputPortDepth(CausalityInterfaceForComposites.java:765)
	at ptolemy.actor.util.CausalityInterfaceForComposites._computeInputDepth(CausalityInterfaceForComposites.java:696)
	at ptolemy.actor.util.CausalityInterfaceForComposites._computeOutputPortDepth(CausalityInterfaceForComposites.java:765)
	at ptolemy.actor.util.CausalityInterfaceForComposites._computeInputDepth(CausalityInterfaceForComposites.java:696)
	at ptolemy.actor.util.CausalityInterfaceForComposites._computeActorDepth(CausalityInterfaceForComposites.java:532)
	at ptolemy.actor.util.CausalityInterfaceForComposites.checkForCycles(CausalityInterfaceForComposites.java:96)
	at ptolemy.domains.de.kernel.DEDirector.preinitialize(DEDirector.java:1338)
	at ptolemy.actor.CompositeActor.preinitialize(CompositeActor.java:1828)
	at ptolemy.actor.Manager.preinitializeAndResolveTypes(Manager.java:1040)
	at ptolemy.actor.Manager.initialize(Manager.java:710)
	at ptolemy.actor.Manager.execute(Manager.java:356)
	at ptolemy.actor.Manager.run(Manager.java:1263)
	at ptolemy.actor.Manager$PtolemyRunThread.run(Manager.java:1915)

    while executing
ptolemy.kernel.util.IllegalActionException: Found a zero delay loop containing .dependencyLoop.original
  in .dependencyLoop and .dependencyLoop.original
    while executing
"java::new ptolemy.moml.MoMLSimpleApplication $file
"
    (procedure "createAndExecute" line 2)
    invoked from within
"createAndExecute $file"
    ("uplevel" body line 5)
    invoked from within
"uplevel $contents_of_test"
------------------ testing $PTII/ptolemy/domains/de/test/auto/knownFailedTests/DESDFClockTest.xml (Known Failure) 
2069 ms. Memory: 146944K Free: 116527K (79%)


==== $PTIIhome/travis/build/icyphy/ptII/ptolemy/domains/de/test/../../../../: Auto Automatic test in file $PTII/ptolemy/domains/de/test/auto/knownFailedTests/DESDFClockTest.xml
==== Contents of test case:

	    # FIXME: we should use $relativeFilename here, but it
	    # might have backslashes under Windows, which causes no end
	    # of trouble.
	    createAndExecute $file
	    list {}
	
.... Test generated KNOWN error:
    while executing
ptolemy.kernel.util.IllegalActionException: Actor is not ready to fire.  Perhaps UpSample.prefire() returned false? Try debugging the actor by selecting "Listen to Actor".  Also, for SDF check moml for tokenConsumptionRate on input.
  in .DESDFClockTest.Play Bell.Copy1:SDF Director and .DESDFClockTest.Play Bell.UpSample
	at ptolemy.actor.sched.StaticSchedulingDirector.fire(StaticSchedulingDirector.java:227)
	at ptolemy.domains.sdf.kernel.SDFDirector.fire(SDFDirector.java:500)
	at ptolemy.actor.CompositeActor.fire(CompositeActor.java:455)
	at ptolemy.domains.de.kernel.DEDirector._fire(DEDirector.java:1949)
	at ptolemy.domains.de.kernel.DEDirector.fire(DEDirector.java:502)
	at ptolemy.actor.CompositeActor.fire(CompositeActor.java:455)
	at ptolemy.actor.Manager.iterate(Manager.java:851)
	at ptolemy.actor.Manager.execute(Manager.java:369)
	at ptolemy.actor.Manager.run(Manager.java:1263)
	at ptolemy.actor.Manager$PtolemyRunThread.run(Manager.java:1915)

    while executing
ptolemy.kernel.util.IllegalActionException: Actor is not ready to fire.  Perhaps UpSample.prefire() returned false? Try debugging the actor by selecting "Listen to Actor".  Also, for SDF check moml for tokenConsumptionRate on input.
  in .DESDFClockTest.Play Bell.Copy1:SDF Director and .DESDFClockTest.Play Bell.UpSample
    while executing
"java::new ptolemy.moml.MoMLSimpleApplication $file
"
    (procedure "createAndExecute" line 2)
    invoked from within
"createAndExecute $file"
    ("uplevel" body line 5)
    invoked from within
"uplevel $contents_of_test"
------------------ testing $PTII/ptolemy/domains/de/test/auto/knownFailedTests/FSMSource.xml (Known Failure) 
27 ms. Memory: 146944K Free: 107019K (73%)
!!!! Auto was marked as failing, but now passes
------------------ testing $PTII/ptolemy/domains/de/test/auto/knownFailedTests/dependencyLoop2.xml (Known Failure) 
6 ms. Memory: 146944K Free: 105160K (72%)


==== $PTIIhome/travis/build/icyphy/ptII/ptolemy/domains/de/test/../../../../: Auto Automatic test in file $PTII/ptolemy/domains/de/test/auto/knownFailedTests/dependencyLoop2.xml
==== Contents of test case:

	    # FIXME: we should use $relativeFilename here, but it
	    # might have backslashes under Windows, which causes no end
	    # of trouble.
	    createAndExecute $file
	    list {}
	
.... Test generated KNOWN error:
    while executing
ptolemy.kernel.util.IllegalActionException: Found a zero delay loop containing .dependencyLoop2.original
  in .dependencyLoop2 and .dependencyLoop2.original
	at ptolemy.actor.util.CausalityInterfaceForComposites._computeOutputPortDepth(CausalityInterfaceForComposites.java:759)
	at ptolemy.actor.util.CausalityInterfaceForComposites._computeInputDepth(CausalityInterfaceForComposites.java:696)
	at ptolemy.actor.util.CausalityInterfaceForComposites._computeOutputPortDepth(CausalityInterfaceForComposites.java:765)
	at ptolemy.actor.util.CausalityInterfaceForComposites._computeInputDepth(CausalityInterfaceForComposites.java:696)
	at ptolemy.actor.util.CausalityInterfaceForComposites._computeOutputPortDepth(CausalityInterfaceForComposites.java:765)
	at ptolemy.actor.util.CausalityInterfaceForComposites._computeInputDepth(CausalityInterfaceForComposites.java:696)
	at ptolemy.actor.util.CausalityInterfaceForComposites._computeActorDepth(CausalityInterfaceForComposites.java:532)
	at ptolemy.actor.util.CausalityInterfaceForComposites.checkForCycles(CausalityInterfaceForComposites.java:96)
	at ptolemy.domains.de.kernel.DEDirector.preinitialize(DEDirector.java:1338)
	at ptolemy.actor.CompositeActor.preinitialize(CompositeActor.java:1828)
	at ptolemy.actor.Manager.preinitializeAndResolveTypes(Manager.java:1040)
	at ptolemy.actor.Manager.initialize(Manager.java:710)
	at ptolemy.actor.Manager.execute(Manager.java:356)
	at ptolemy.actor.Manager.run(Manager.java:1263)
	at ptolemy.actor.Manager$PtolemyRunThread.run(Manager.java:1915)

    while executing
ptolemy.kernel.util.IllegalActionException: Found a zero delay loop containing .dependencyLoop2.original
  in .dependencyLoop2 and .dependencyLoop2.original
    while executing
"java::new ptolemy.moml.MoMLSimpleApplication $file
"
    (procedure "createAndExecute" line 2)
    invoked from within
"createAndExecute $file"
    ("uplevel" body line 5)
    invoked from within
"uplevel $contents_of_test"
------------------ testing $PTII/ptolemy/domains/de/test/auto/knownFailedTests/HierarchicalModel.xml (Known Failure) 
6 ms. Memory: 146944K Free: 83492K (57%)


==== $PTIIhome/travis/build/icyphy/ptII/ptolemy/domains/de/test/../../../../: Auto Automatic test in file $PTII/ptolemy/domains/de/test/auto/knownFailedTests/HierarchicalModel.xml
==== Contents of test case:

	    # FIXME: we should use $relativeFilename here, but it
	    # might have backslashes under Windows, which causes no end
	    # of trouble.
	    createAndExecute $file
	    list {}
	
.... Test generated KNOWN error:
    while executing
ptolemy.kernel.util.IllegalActionException: Found a zero delay loop containing .HierarchicalModel.A
  in .HierarchicalModel and .HierarchicalModel.A
	at ptolemy.actor.util.CausalityInterfaceForComposites._computeOutputPortDepth(CausalityInterfaceForComposites.java:759)
	at ptolemy.actor.util.CausalityInterfaceForComposites._computeInputDepth(CausalityInterfaceForComposites.java:696)
	at ptolemy.actor.util.CausalityInterfaceForComposites._computeOutputPortDepth(CausalityInterfaceForComposites.java:765)
	at ptolemy.actor.util.CausalityInterfaceForComposites._computeInputDepth(CausalityInterfaceForComposites.java:696)
	at ptolemy.actor.util.CausalityInterfaceForComposites._computeOutputPortDepth(CausalityInterfaceForComposites.java:765)
	at ptolemy.actor.util.CausalityInterfaceForComposites._computeInputDepth(CausalityInterfaceForComposites.java:696)
	at ptolemy.actor.util.CausalityInterfaceForComposites._computeActorDepth(CausalityInterfaceForComposites.java:532)
	at ptolemy.actor.util.CausalityInterfaceForComposites.checkForCycles(CausalityInterfaceForComposites.java:96)
	at ptolemy.domains.de.kernel.DEDirector.preinitialize(DEDirector.java:1338)
	at ptolemy.actor.CompositeActor.preinitialize(CompositeActor.java:1828)
	at ptolemy.actor.Manager.preinitializeAndResolveTypes(Manager.java:1040)
	at ptolemy.actor.Manager.initialize(Manager.java:710)
	at ptolemy.actor.Manager.execute(Manager.java:356)
	at ptolemy.actor.Manager.run(Manager.java:1263)
	at ptolemy.actor.Manager$PtolemyRunThread.run(Manager.java:1915)

    while executing
ptolemy.kernel.util.IllegalActionException: Found a zero delay loop containing .HierarchicalModel.A
  in .HierarchicalModel and .HierarchicalModel.A
    while executing
"java::new ptolemy.moml.MoMLSimpleApplication $file
"
    (procedure "createAndExecute" line 2)
    invoked from within
"createAndExecute $file"
    ("uplevel" body line 5)
    invoked from within
"uplevel $contents_of_test"
------------------ testing $PTII/ptolemy/domains/de/test/auto/knownFailedTests/DirectFeedback.xml (Known Failure) 
10 ms. Memory: 146944K Free: 140153K (95%)


==== $PTIIhome/travis/build/icyphy/ptII/ptolemy/domains/de/test/../../../../: Auto Automatic test in file $PTII/ptolemy/domains/de/test/auto/knownFailedTests/DirectFeedback.xml
==== Contents of test case:

	    # FIXME: we should use $relativeFilename here, but it
	    # might have backslashes under Windows, which causes no end
	    # of trouble.
	    createAndExecute $file
	    list {}
	
.... Test generated KNOWN error:
    while executing
ptolemy.kernel.util.IllegalActionException: Test fails in iteration 1.
Value was: 1.0. Should have been: 2.0
  in .DirectFeedback.Test
	at ptolemy.actor.lib.Test.fire(Test.java:268)
	at ptolemy.domains.de.kernel.DEDirector._fire(DEDirector.java:1949)
	at ptolemy.domains.de.kernel.DEDirector.fire(DEDirector.java:502)
	at ptolemy.actor.CompositeActor.fire(CompositeActor.java:455)
	at ptolemy.actor.Manager.iterate(Manager.java:851)
	at ptolemy.actor.Manager.execute(Manager.java:369)
	at ptolemy.actor.Manager.run(Manager.java:1263)
	at ptolemy.actor.Manager$PtolemyRunThread.run(Manager.java:1915)

    while executing
ptolemy.kernel.util.IllegalActionException: Test fails in iteration 1.
Value was: 1.0. Should have been: 2.0
  in .DirectFeedback.Test
    while executing
"java::new ptolemy.moml.MoMLSimpleApplication $file
"
    (procedure "createAndExecute" line 2)
    invoked from within
"createAndExecute $file"
    ("uplevel" body line 5)
    invoked from within
"uplevel $contents_of_test"
------------------ testing $PTII/ptolemy/domains/de/test/auto/ActorDepthCalculation_actorWithoutPorts.xml
auto.tcl: Setting watchdog for 200 seconds at Tue Dec 04 02:55:54 UTC 2018
7 ms. Memory: 146944K Free: 131497K (89%)
ptolemy.util.test.WatchDog.cancel(): canceling Tue Dec 04 02:55:54 UTC 2018
auto.tcl: Setting watchdog for 200 seconds at Tue Dec 04 02:55:54 UTC 2018
6 ms. Memory: 146944K Free: 130464K (89%)
ptolemy.util.test.WatchDog.cancel(): canceling Tue Dec 04 02:55:54 UTC 2018
------------------ testing $PTII/ptolemy/domains/de/test/auto/AssemblyLine.xml
auto.tcl: Setting watchdog for 200 seconds at Tue Dec 04 02:55:54 UTC 2018
12 ms. Memory: 208384K Free: 183192K (88%)
ptolemy.util.test.WatchDog.cancel(): canceling Tue Dec 04 02:55:54 UTC 2018
auto.tcl: Setting watchdog for 200 seconds at Tue Dec 04 02:55:54 UTC 2018
10 ms. Memory: 208384K Free: 183192K (88%)
ptolemy.util.test.WatchDog.cancel(): canceling Tue Dec 04 02:55:54 UTC 2018
------------------ testing $PTII/ptolemy/domains/de/test/auto/CQBug1.xml
auto.tcl: Setting watchdog for 200 seconds at Tue Dec 04 02:55:54 UTC 2018
11 ms. Memory: 208384K Free: 197309K (95%)
ptolemy.util.test.WatchDog.cancel(): canceling Tue Dec 04 02:55:54 UTC 2018
auto.tcl: Setting watchdog for 200 seconds at Tue Dec 04 02:55:54 UTC 2018
2 ms. Memory: 208384K Free: 197309K (95%)
ptolemy.util.test.WatchDog.cancel(): canceling Tue Dec 04 02:55:54 UTC 2018
------------------ testing $PTII/ptolemy/domains/de/test/auto/CancelFireAt.xml
auto.tcl: Setting watchdog for 200 seconds at Tue Dec 04 02:55:54 UTC 2018
5 ms. Memory: 208384K Free: 201026K (96%)
ptolemy.util.test.WatchDog.cancel(): canceling Tue Dec 04 02:55:54 UTC 2018
auto.tcl: Setting watchdog for 200 seconds at Tue Dec 04 02:55:54 UTC 2018
10 ms. Memory: 208384K Free: 198927K (95%)
ptolemy.util.test.WatchDog.cancel(): canceling Tue Dec 04 02:55:54 UTC 2018
------------------ testing $PTII/ptolemy/domains/de/test/auto/CausalityAndComposabilityAnalysis.xml
auto.tcl: Setting watchdog for 200 seconds at Tue Dec 04 02:55:54 UTC 2018
7 ms. Memory: 208384K Free: 196841K (94%)
ptolemy.util.test.WatchDog.cancel(): canceling Tue Dec 04 02:55:54 UTC 2018
auto.tcl: Setting watchdog for 200 seconds at Tue Dec 04 02:55:54 UTC 2018
4 ms. Memory: 208384K Free: 196841K (94%)
ptolemy.util.test.WatchDog.cancel(): canceling Tue Dec 04 02:55:54 UTC 2018
------------------ testing $PTII/ptolemy/domains/de/test/auto/CausalityInterface1.xml
auto.tcl: Setting watchdog for 200 seconds at Tue Dec 04 02:55:55 UTC 2018
16 ms. Memory: 208384K Free: 196442K (94%)
ptolemy.util.test.WatchDog.cancel(): canceling Tue Dec 04 02:55:55 UTC 2018
auto.tcl: Setting watchdog for 200 seconds at Tue Dec 04 02:55:55 UTC 2018
4 ms. Memory: 208384K Free: 196442K (94%)
ptolemy.util.test.WatchDog.cancel(): canceling Tue Dec 04 02:55:55 UTC 2018
------------------ testing $PTII/ptolemy/domains/de/test/auto/CausalityInterface15.xml
auto.tcl: Setting watchdog for 200 seconds at Tue Dec 04 02:55:55 UTC 2018
4 ms. Memory: 208384K Free: 196432K (94%)
ptolemy.util.test.WatchDog.cancel(): canceling Tue Dec 04 02:55:55 UTC 2018
auto.tcl: Setting watchdog for 200 seconds at Tue Dec 04 02:55:55 UTC 2018
8 ms. Memory: 208384K Free: 196432K (94%)
ptolemy.util.test.WatchDog.cancel(): canceling Tue Dec 04 02:55:55 UTC 2018
------------------ testing $PTII/ptolemy/domains/de/test/auto/CausalityInterface2.xml
auto.tcl: Setting watchdog for 200 seconds at Tue Dec 04 02:55:55 UTC 2018
3 ms. Memory: 208384K Free: 196753K (94%)
ptolemy.util.test.WatchDog.cancel(): canceling Tue Dec 04 02:55:55 UTC 2018
auto.tcl: Setting watchdog for 200 seconds at Tue Dec 04 02:55:55 UTC 2018
3 ms. Memory: 208384K Free: 196415K (94%)
ptolemy.util.test.WatchDog.cancel(): canceling Tue Dec 04 02:55:55 UTC 2018
------------------ testing $PTII/ptolemy/domains/de/test/auto/CausalityInterface3.xml
auto.tcl: Setting watchdog for 200 seconds at Tue Dec 04 02:55:55 UTC 2018
3 ms. Memory: 208384K Free: 196429K (94%)
ptolemy.util.test.WatchDog.cancel(): canceling Tue Dec 04 02:55:55 UTC 2018
auto.tcl: Setting watchdog for 200 seconds at Tue Dec 04 02:55:55 UTC 2018
6 ms. Memory: 208384K Free: 196429K (94%)
ptolemy.util.test.WatchDog.cancel(): canceling Tue Dec 04 02:55:55 UTC 2018
------------------ testing $PTII/ptolemy/domains/de/test/auto/ClockDrift.xml
auto.tcl: Setting watchdog for 200 seconds at Tue Dec 04 02:55:55 UTC 2018
97 ms. Memory: 208384K Free: 187671K (90%)
ptolemy.util.test.WatchDog.cancel(): canceling Tue Dec 04 02:55:55 UTC 2018
auto.tcl: Setting watchdog for 200 seconds at Tue Dec 04 02:55:55 UTC 2018
42 ms. Memory: 208384K Free: 185575K (89%)
ptolemy.util.test.WatchDog.cancel(): canceling Tue Dec 04 02:55:55 UTC 2018
------------------ testing $PTII/ptolemy/domains/de/test/auto/ClockDriftAndValueChange.xml
auto.tcl: Setting watchdog for 200 seconds at Tue Dec 04 02:55:55 UTC 2018
41 ms. Memory: 208384K Free: 187499K (90%)
ptolemy.util.test.WatchDog.cancel(): canceling Tue Dec 04 02:55:55 UTC 2018
auto.tcl: Setting watchdog for 200 seconds at Tue Dec 04 02:55:55 UTC 2018
19 ms. Memory: 208384K Free: 185403K (89%)
ptolemy.util.test.WatchDog.cancel(): canceling Tue Dec 04 02:55:55 UTC 2018
------------------ testing $PTII/ptolemy/domains/de/test/auto/ClockDriftChange.xml
auto.tcl: Setting watchdog for 200 seconds at Tue Dec 04 02:55:55 UTC 2018
23 ms. Memory: 208384K Free: 190822K (92%)
ptolemy.util.test.WatchDog.cancel(): canceling Tue Dec 04 02:55:55 UTC 2018
auto.tcl: Setting watchdog for 200 seconds at Tue Dec 04 02:55:55 UTC 2018
25 ms. Memory: 208384K Free: 188726K (91%)
ptolemy.util.test.WatchDog.cancel(): canceling Tue Dec 04 02:55:56 UTC 2018
------------------ testing $PTII/ptolemy/domains/de/test/auto/ComposableCausalityAnalysis.xml
auto.tcl: Setting watchdog for 200 seconds at Tue Dec 04 02:55:56 UTC 2018
3 ms. Memory: 208384K Free: 196279K (94%)
ptolemy.util.test.WatchDog.cancel(): canceling Tue Dec 04 02:55:56 UTC 2018
auto.tcl: Setting watchdog for 200 seconds at Tue Dec 04 02:55:56 UTC 2018
1 ms. Memory: 208384K Free: 194183K (93%)
ptolemy.util.test.WatchDog.cancel(): canceling Tue Dec 04 02:55:56 UTC 2018
------------------ testing $PTII/ptolemy/domains/de/test/auto/DEFixedPointLimitation.xml
auto.tcl: Setting watchdog for 200 seconds at Tue Dec 04 02:55:56 UTC 2018
8 ms. Memory: 208384K Free: 196360K (94%)
ptolemy.util.test.WatchDog.cancel(): canceling Tue Dec 04 02:55:56 UTC 2018
auto.tcl: Setting watchdog for 200 seconds at Tue Dec 04 02:55:56 UTC 2018
1 ms. Memory: 208384K Free: 196360K (94%)
ptolemy.util.test.WatchDog.cancel(): canceling Tue Dec 04 02:55:56 UTC 2018
------------------ testing $PTII/ptolemy/domains/de/test/auto/DEScheduleTest.xml
auto.tcl: Setting watchdog for 200 seconds at Tue Dec 04 02:55:56 UTC 2018
4 ms. Memory: 208384K Free: 198492K (95%)
ptolemy.util.test.WatchDog.cancel(): canceling Tue Dec 04 02:55:56 UTC 2018
auto.tcl: Setting watchdog for 200 seconds at Tue Dec 04 02:55:56 UTC 2018
7 ms. Memory: 208384K Free: 196396K (94%)
ptolemy.util.test.WatchDog.cancel(): canceling Tue Dec 04 02:55:56 UTC 2018
------------------ testing $PTII/ptolemy/domains/de/test/auto/DEinDEwithStartTimes.xml
auto.tcl: Setting watchdog for 200 seconds at Tue Dec 04 02:55:56 UTC 2018
3 ms. Memory: 208384K Free: 196365K (94%)
ptolemy.util.test.WatchDog.cancel(): canceling Tue Dec 04 02:55:56 UTC 2018
auto.tcl: Setting watchdog for 200 seconds at Tue Dec 04 02:55:56 UTC 2018
3 ms. Memory: 208384K Free: 194269K (93%)
ptolemy.util.test.WatchDog.cancel(): canceling Tue Dec 04 02:55:56 UTC 2018
------------------ testing $PTII/ptolemy/domains/de/test/auto/DEinDEwithStartTimes2.xml
auto.tcl: Setting watchdog for 200 seconds at Tue Dec 04 02:55:56 UTC 2018
6 ms. Memory: 208384K Free: 196345K (94%)
ptolemy.util.test.WatchDog.cancel(): canceling Tue Dec 04 02:55:56 UTC 2018
auto.tcl: Setting watchdog for 200 seconds at Tue Dec 04 02:55:56 UTC 2018
4 ms. Memory: 208384K Free: 194249K (93%)
ptolemy.util.test.WatchDog.cancel(): canceling Tue Dec 04 02:55:56 UTC 2018
------------------ testing $PTII/ptolemy/domains/de/test/auto/DateDemo.xml
auto.tcl: Setting watchdog for 200 seconds at Tue Dec 04 02:55:56 UTC 2018
7 ms. Memory: 208384K Free: 188794K (91%)
ptolemy.util.test.WatchDog.cancel(): canceling Tue Dec 04 02:55:56 UTC 2018
auto.tcl: Setting watchdog for 200 seconds at Tue Dec 04 02:55:56 UTC 2018
5 ms. Memory: 208384K Free: 186698K (90%)
ptolemy.util.test.WatchDog.cancel(): canceling Tue Dec 04 02:55:56 UTC 2018
------------------ testing $PTII/ptolemy/domains/de/test/auto/DateToEvent.xml
auto.tcl: Setting watchdog for 200 seconds at Tue Dec 04 02:55:56 UTC 2018
2010 ms. Memory: 208384K Free: 183528K (88%)
ptolemy.util.test.WatchDog.cancel(): canceling Tue Dec 04 02:55:58 UTC 2018
auto.tcl: Setting watchdog for 200 seconds at Tue Dec 04 02:55:58 UTC 2018
2006 ms. Memory: 208384K Free: 183528K (88%)
ptolemy.util.test.WatchDog.cancel(): canceling Tue Dec 04 02:56:00 UTC 2018
------------------ testing $PTII/ptolemy/domains/de/test/auto/DepthTest1.xml
auto.tcl: Setting watchdog for 200 seconds at Tue Dec 04 02:56:00 UTC 2018
4 ms. Memory: 208384K Free: 198021K (95%)
ptolemy.util.test.WatchDog.cancel(): canceling Tue Dec 04 02:56:00 UTC 2018
auto.tcl: Setting watchdog for 200 seconds at Tue Dec 04 02:56:00 UTC 2018
9 ms. Memory: 208384K Free: 198021K (95%)
ptolemy.util.test.WatchDog.cancel(): canceling Tue Dec 04 02:56:00 UTC 2018
------------------ testing $PTII/ptolemy/domains/de/test/auto/DepthTest2.xml
auto.tcl: Setting watchdog for 200 seconds at Tue Dec 04 02:56:00 UTC 2018
3 ms. Memory: 208384K Free: 194229K (93%)
ptolemy.util.test.WatchDog.cancel(): canceling Tue Dec 04 02:56:00 UTC 2018
auto.tcl: Setting watchdog for 200 seconds at Tue Dec 04 02:56:00 UTC 2018
3 ms. Memory: 208384K Free: 194229K (93%)
ptolemy.util.test.WatchDog.cancel(): canceling Tue Dec 04 02:56:00 UTC 2018
------------------ testing $PTII/ptolemy/domains/de/test/auto/DepthTest3.xml
auto.tcl: Setting watchdog for 200 seconds at Tue Dec 04 02:56:00 UTC 2018
3 ms. Memory: 208384K Free: 198354K (95%)
ptolemy.util.test.WatchDog.cancel(): canceling Tue Dec 04 02:56:00 UTC 2018
auto.tcl: Setting watchdog for 200 seconds at Tue Dec 04 02:56:00 UTC 2018
2 ms. Memory: 208384K Free: 198354K (95%)
ptolemy.util.test.WatchDog.cancel(): canceling Tue Dec 04 02:56:00 UTC 2018
------------------ testing $PTII/ptolemy/domains/de/test/auto/DepthTest4.xml
auto.tcl: Setting watchdog for 200 seconds at Tue Dec 04 02:56:00 UTC 2018
4 ms. Memory: 208384K Free: 196345K (94%)
ptolemy.util.test.WatchDog.cancel(): canceling Tue Dec 04 02:56:00 UTC 2018
auto.tcl: Setting watchdog for 200 seconds at Tue Dec 04 02:56:00 UTC 2018
2 ms. Memory: 208384K Free: 196345K (94%)
ptolemy.util.test.WatchDog.cancel(): canceling Tue Dec 04 02:56:00 UTC 2018
------------------ testing $PTII/ptolemy/domains/de/test/auto/DepthTest5.xml
auto.tcl: Setting watchdog for 200 seconds at Tue Dec 04 02:56:00 UTC 2018
5 ms. Memory: 208384K Free: 196630K (94%)
ptolemy.util.test.WatchDog.cancel(): canceling Tue Dec 04 02:56:00 UTC 2018
auto.tcl: Setting watchdog for 200 seconds at Tue Dec 04 02:56:00 UTC 2018
2 ms. Memory: 208384K Free: 196630K (94%)
ptolemy.util.test.WatchDog.cancel(): canceling Tue Dec 04 02:56:00 UTC 2018
------------------ testing $PTII/ptolemy/domains/de/test/auto/DepthTest6.xml
auto.tcl: Setting watchdog for 200 seconds at Tue Dec 04 02:56:00 UTC 2018
6 ms. Memory: 208384K Free: 196598K (94%)
ptolemy.util.test.WatchDog.cancel(): canceling Tue Dec 04 02:56:01 UTC 2018
auto.tcl: Setting watchdog for 200 seconds at Tue Dec 04 02:56:01 UTC 2018
2 ms. Memory: 208384K Free: 196598K (94%)
ptolemy.util.test.WatchDog.cancel(): canceling Tue Dec 04 02:56:01 UTC 2018
------------------ testing $PTII/ptolemy/domains/de/test/auto/DepthTest7.xml
auto.tcl: Setting watchdog for 200 seconds at Tue Dec 04 02:56:01 UTC 2018
2 ms. Memory: 208384K Free: 195020K (94%)
ptolemy.util.test.WatchDog.cancel(): canceling Tue Dec 04 02:56:01 UTC 2018
auto.tcl: Setting watchdog for 200 seconds at Tue Dec 04 02:56:01 UTC 2018
1 ms. Memory: 208384K Free: 195020K (94%)
ptolemy.util.test.WatchDog.cancel(): canceling Tue Dec 04 02:56:01 UTC 2018
------------------ testing $PTII/ptolemy/domains/de/test/auto/EventToDate.xml
auto.tcl: Setting watchdog for 200 seconds at Tue Dec 04 02:56:01 UTC 2018
3009 ms. Memory: 208384K Free: 185789K (89%)
ptolemy.util.test.WatchDog.cancel(): canceling Tue Dec 04 02:56:04 UTC 2018
auto.tcl: Setting watchdog for 200 seconds at Tue Dec 04 02:56:04 UTC 2018
3004 ms. Memory: 208384K Free: 185789K (89%)
ptolemy.util.test.WatchDog.cancel(): canceling Tue Dec 04 02:56:07 UTC 2018
------------------ testing $PTII/ptolemy/domains/de/test/auto/FSM1.xml
auto.tcl: Setting watchdog for 200 seconds at Tue Dec 04 02:56:07 UTC 2018
20 ms. Memory: 208384K Free: 189309K (91%)
ptolemy.util.test.WatchDog.cancel(): canceling Tue Dec 04 02:56:07 UTC 2018
auto.tcl: Setting watchdog for 200 seconds at Tue Dec 04 02:56:07 UTC 2018
14 ms. Memory: 208384K Free: 185117K (89%)
ptolemy.util.test.WatchDog.cancel(): canceling Tue Dec 04 02:56:07 UTC 2018
------------------ testing $PTII/ptolemy/domains/de/test/auto/FSM7.xml
auto.tcl: Setting watchdog for 200 seconds at Tue Dec 04 02:56:07 UTC 2018
13 ms. Memory: 208384K Free: 187750K (90%)
ptolemy.util.test.WatchDog.cancel(): canceling Tue Dec 04 02:56:07 UTC 2018
auto.tcl: Setting watchdog for 200 seconds at Tue Dec 04 02:56:07 UTC 2018
17 ms. Memory: 208384K Free: 185316K (89%)
ptolemy.util.test.WatchDog.cancel(): canceling Tue Dec 04 02:56:07 UTC 2018
------------------ testing $PTII/ptolemy/domains/de/test/auto/Inspection.xml
auto.tcl: Setting watchdog for 200 seconds at Tue Dec 04 02:56:07 UTC 2018
19 ms. Memory: 208384K Free: 188966K (91%)
ptolemy.util.test.WatchDog.cancel(): canceling Tue Dec 04 02:56:07 UTC 2018
auto.tcl: Setting watchdog for 200 seconds at Tue Dec 04 02:56:07 UTC 2018
22 ms. Memory: 208384K Free: 186869K (90%)
ptolemy.util.test.WatchDog.cancel(): canceling Tue Dec 04 02:56:07 UTC 2018
------------------ testing $PTII/ptolemy/domains/de/test/auto/Iteration.xml
auto.tcl: Setting watchdog for 200 seconds at Tue Dec 04 02:56:07 UTC 2018
8 ms. Memory: 208384K Free: 196393K (94%)
ptolemy.util.test.WatchDog.cancel(): canceling Tue Dec 04 02:56:07 UTC 2018
auto.tcl: Setting watchdog for 200 seconds at Tue Dec 04 02:56:07 UTC 2018
8 ms. Memory: 208384K Free: 194296K (93%)
ptolemy.util.test.WatchDog.cancel(): canceling Tue Dec 04 02:56:07 UTC 2018
------------------ testing $PTII/ptolemy/domains/de/test/auto/LineFault.xml
auto.tcl: Setting watchdog for 200 seconds at Tue Dec 04 02:56:07 UTC 2018
701 ms. Memory: 208384K Free: 196658K (94%)
ptolemy.util.test.WatchDog.cancel(): canceling Tue Dec 04 02:56:08 UTC 2018
auto.tcl: Setting watchdog for 200 seconds at Tue Dec 04 02:56:08 UTC 2018
594 ms. Memory: 208384K Free: 139421K (67%)
ptolemy.util.test.WatchDog.cancel(): canceling Tue Dec 04 02:56:09 UTC 2018
------------------ testing $PTII/ptolemy/domains/de/test/auto/MergeModel1Add.xml
auto.tcl: Setting watchdog for 200 seconds at Tue Dec 04 02:56:09 UTC 2018
18 ms. Memory: 331264K Free: 298800K (90%)
ptolemy.util.test.WatchDog.cancel(): canceling Tue Dec 04 02:56:09 UTC 2018
auto.tcl: Setting watchdog for 200 seconds at Tue Dec 04 02:56:09 UTC 2018
9 ms. Memory: 331264K Free: 298800K (90%)
ptolemy.util.test.WatchDog.cancel(): canceling Tue Dec 04 02:56:09 UTC 2018
------------------ testing $PTII/ptolemy/domains/de/test/auto/MergeModel2Add.xml
auto.tcl: Setting watchdog for 200 seconds at Tue Dec 04 02:56:09 UTC 2018
8 ms. Memory: 331264K Free: 304095K (92%)
ptolemy.util.test.WatchDog.cancel(): canceling Tue Dec 04 02:56:09 UTC 2018
auto.tcl: Setting watchdog for 200 seconds at Tue Dec 04 02:56:09 UTC 2018
6 ms. Memory: 331264K Free: 300138K (91%)
ptolemy.util.test.WatchDog.cancel(): canceling Tue Dec 04 02:56:09 UTC 2018
------------------ testing $PTII/ptolemy/domains/de/test/auto/MergeModel3Add.xml
auto.tcl: Setting watchdog for 200 seconds at Tue Dec 04 02:56:09 UTC 2018
15 ms. Memory: 331264K Free: 304105K (92%)
ptolemy.util.test.WatchDog.cancel(): canceling Tue Dec 04 02:56:09 UTC 2018
auto.tcl: Setting watchdog for 200 seconds at Tue Dec 04 02:56:09 UTC 2018
5 ms. Memory: 331264K Free: 300148K (91%)
ptolemy.util.test.WatchDog.cancel(): canceling Tue Dec 04 02:56:09 UTC 2018
------------------ testing $PTII/ptolemy/domains/de/test/auto/MergeWithoutDiscard.xml
auto.tcl: Setting watchdog for 200 seconds at Tue Dec 04 02:56:09 UTC 2018
2 ms. Memory: 331264K Free: 320215K (97%)
ptolemy.util.test.WatchDog.cancel(): canceling Tue Dec 04 02:56:09 UTC 2018
auto.tcl: Setting watchdog for 200 seconds at Tue Dec 04 02:56:09 UTC 2018
1 ms. Memory: 331264K Free: 316258K (95%)
ptolemy.util.test.WatchDog.cancel(): canceling Tue Dec 04 02:56:09 UTC 2018
------------------ testing $PTII/ptolemy/domains/de/test/auto/Modal1.xml
auto.tcl: Setting watchdog for 200 seconds at Tue Dec 04 02:56:09 UTC 2018
10 ms. Memory: 331264K Free: 309857K (94%)
ptolemy.util.test.WatchDog.cancel(): canceling Tue Dec 04 02:56:09 UTC 2018
auto.tcl: Setting watchdog for 200 seconds at Tue Dec 04 02:56:09 UTC 2018
10 ms. Memory: 331264K Free: 305900K (92%)
ptolemy.util.test.WatchDog.cancel(): canceling Tue Dec 04 02:56:09 UTC 2018
------------------ testing $PTII/ptolemy/domains/de/test/auto/Modal2.xml
auto.tcl: Setting watchdog for 200 seconds at Tue Dec 04 02:56:09 UTC 2018
19 ms. Memory: 331264K Free: 309730K (93%)
ptolemy.util.test.WatchDog.cancel(): canceling Tue Dec 04 02:56:09 UTC 2018
auto.tcl: Setting watchdog for 200 seconds at Tue Dec 04 02:56:09 UTC 2018
16 ms. Memory: 331264K Free: 305773K (92%)
ptolemy.util.test.WatchDog.cancel(): canceling Tue Dec 04 02:56:09 UTC 2018
------------------ testing $PTII/ptolemy/domains/de/test/auto/Modal3.xml
auto.tcl: Setting watchdog for 200 seconds at Tue Dec 04 02:56:10 UTC 2018
15 ms. Memory: 331264K Free: 309742K (94%)
ptolemy.util.test.WatchDog.cancel(): canceling Tue Dec 04 02:56:10 UTC 2018
auto.tcl: Setting watchdog for 200 seconds at Tue Dec 04 02:56:10 UTC 2018
15 ms. Memory: 331264K Free: 305785K (92%)
ptolemy.util.test.WatchDog.cancel(): canceling Tue Dec 04 02:56:10 UTC 2018
------------------ testing $PTII/ptolemy/domains/de/test/auto/Modal4.xml
auto.tcl: Setting watchdog for 200 seconds at Tue Dec 04 02:56:10 UTC 2018
12 ms. Memory: 331264K Free: 309741K (94%)
ptolemy.util.test.WatchDog.cancel(): canceling Tue Dec 04 02:56:10 UTC 2018
auto.tcl: Setting watchdog for 200 seconds at Tue Dec 04 02:56:10 UTC 2018
12 ms. Memory: 331264K Free: 305784K (92%)
ptolemy.util.test.WatchDog.cancel(): canceling Tue Dec 04 02:56:10 UTC 2018
------------------ testing $PTII/ptolemy/domains/de/test/auto/Modal5.xml
auto.tcl: Setting watchdog for 200 seconds at Tue Dec 04 02:56:10 UTC 2018
19 ms. Memory: 331264K Free: 309730K (93%)
ptolemy.util.test.WatchDog.cancel(): canceling Tue Dec 04 02:56:10 UTC 2018
auto.tcl: Setting watchdog for 200 seconds at Tue Dec 04 02:56:10 UTC 2018
10 ms. Memory: 331264K Free: 305773K (92%)
ptolemy.util.test.WatchDog.cancel(): canceling Tue Dec 04 02:56:10 UTC 2018
------------------ testing $PTII/ptolemy/domains/de/test/auto/Modal6.xml
auto.tcl: Setting watchdog for 200 seconds at Tue Dec 04 02:56:10 UTC 2018
11 ms. Memory: 331264K Free: 309725K (93%)
ptolemy.util.test.WatchDog.cancel(): canceling Tue Dec 04 02:56:10 UTC 2018
auto.tcl: Setting watchdog for 200 seconds at Tue Dec 04 02:56:10 UTC 2018
12 ms. Memory: 331264K Free: 305769K (92%)
ptolemy.util.test.WatchDog.cancel(): canceling Tue Dec 04 02:56:10 UTC 2018
------------------ testing $PTII/ptolemy/domains/de/test/auto/Modal7.xml
auto.tcl: Setting watchdog for 200 seconds at Tue Dec 04 02:56:10 UTC 2018
14 ms. Memory: 331264K Free: 309726K (93%)
ptolemy.util.test.WatchDog.cancel(): canceling Tue Dec 04 02:56:10 UTC 2018
auto.tcl: Setting watchdog for 200 seconds at Tue Dec 04 02:56:10 UTC 2018
11 ms. Memory: 331264K Free: 305769K (92%)
ptolemy.util.test.WatchDog.cancel(): canceling Tue Dec 04 02:56:10 UTC 2018
------------------ testing $PTII/ptolemy/domains/de/test/auto/ModalModel.xml
auto.tcl: Setting watchdog for 200 seconds at Tue Dec 04 02:56:10 UTC 2018
146 ms. Memory: 331264K Free: 246213K (74%)
ptolemy.util.test.WatchDog.cancel(): canceling Tue Dec 04 02:56:10 UTC 2018
auto.tcl: Setting watchdog for 200 seconds at Tue Dec 04 02:56:10 UTC 2018
164 ms. Memory: 331264K Free: 190787K (58%)
ptolemy.util.test.WatchDog.cancel(): canceling Tue Dec 04 02:56:10 UTC 2018
------------------ testing $PTII/ptolemy/domains/de/test/auto/ModalSource.xml
auto.tcl: Setting watchdog for 200 seconds at Tue Dec 04 02:56:10 UTC 2018
5 ms. Memory: 331264K Free: 316510K (96%)
ptolemy.util.test.WatchDog.cancel(): canceling Tue Dec 04 02:56:10 UTC 2018
auto.tcl: Setting watchdog for 200 seconds at Tue Dec 04 02:56:10 UTC 2018
6 ms. Memory: 331264K Free: 312988K (94%)
ptolemy.util.test.WatchDog.cancel(): canceling Tue Dec 04 02:56:10 UTC 2018
------------------ testing $PTII/ptolemy/domains/de/test/auto/NonInterruptibleTimerZeroDelay.xml
auto.tcl: Setting watchdog for 200 seconds at Tue Dec 04 02:56:10 UTC 2018
4 ms. Memory: 331264K Free: 320886K (97%)
ptolemy.util.test.WatchDog.cancel(): canceling Tue Dec 04 02:56:11 UTC 2018
auto.tcl: Setting watchdog for 200 seconds at Tue Dec 04 02:56:11 UTC 2018
2 ms. Memory: 331264K Free: 317348K (96%)
ptolemy.util.test.WatchDog.cancel(): canceling Tue Dec 04 02:56:11 UTC 2018
------------------ testing $PTII/ptolemy/domains/de/test/auto/OpenQueueingNetwork.xml
auto.tcl: Setting watchdog for 200 seconds at Tue Dec 04 02:56:11 UTC 2018
2707 ms. Memory: 573952K Free: 406235K (71%)
ptolemy.util.test.WatchDog.cancel(): canceling Tue Dec 04 02:56:13 UTC 2018
auto.tcl: Setting watchdog for 200 seconds at Tue Dec 04 02:56:13 UTC 2018
2220 ms. Memory: 550912K Free: 319107K (58%)
ptolemy.util.test.WatchDog.cancel(): canceling Tue Dec 04 02:56:16 UTC 2018
------------------ testing $PTII/ptolemy/domains/de/test/auto/OpenQueuingNetwork.xml
auto.tcl: Setting watchdog for 200 seconds at Tue Dec 04 02:56:16 UTC 2018
208 ms. Memory: 549888K Free: 446049K (81%)
ptolemy.util.test.WatchDog.cancel(): canceling Tue Dec 04 02:56:16 UTC 2018
auto.tcl: Setting watchdog for 200 seconds at Tue Dec 04 02:56:16 UTC 2018
210 ms. Memory: 549888K Free: 386986K (70%)
ptolemy.util.test.WatchDog.cancel(): canceling Tue Dec 04 02:56:16 UTC 2018
------------------ testing $PTII/ptolemy/domains/de/test/auto/PeriodicSampler.xml
auto.tcl: Setting watchdog for 200 seconds at Tue Dec 04 02:56:16 UTC 2018
2 ms. Memory: 551936K Free: 531961K (96%)
ptolemy.util.test.WatchDog.cancel(): canceling Tue Dec 04 02:56:16 UTC 2018
auto.tcl: Setting watchdog for 200 seconds at Tue Dec 04 02:56:16 UTC 2018
1 ms. Memory: 551936K Free: 531961K (96%)
ptolemy.util.test.WatchDog.cancel(): canceling Tue Dec 04 02:56:16 UTC 2018
------------------ testing $PTII/ptolemy/domains/de/test/auto/PersistentIO.xml
auto.tcl: Setting watchdog for 200 seconds at Tue Dec 04 02:56:16 UTC 2018
5 ms. Memory: 549376K Free: 524843K (96%)
ptolemy.util.test.WatchDog.cancel(): canceling Tue Dec 04 02:56:16 UTC 2018
auto.tcl: Setting watchdog for 200 seconds at Tue Dec 04 02:56:16 UTC 2018
3 ms. Memory: 549376K Free: 524843K (96%)
ptolemy.util.test.WatchDog.cancel(): canceling Tue Dec 04 02:56:16 UTC 2018
------------------ testing $PTII/ptolemy/domains/de/test/auto/PortParameterResetOnInitialize.xml
auto.tcl: Setting watchdog for 200 seconds at Tue Dec 04 02:56:16 UTC 2018
2 ms. Memory: 551424K Free: 531909K (96%)
ptolemy.util.test.WatchDog.cancel(): canceling Tue Dec 04 02:56:16 UTC 2018
auto.tcl: Setting watchdog for 200 seconds at Tue Dec 04 02:56:16 UTC 2018
2 ms. Memory: 551424K Free: 531909K (96%)
ptolemy.util.test.WatchDog.cancel(): canceling Tue Dec 04 02:56:16 UTC 2018
------------------ testing $PTII/ptolemy/domains/de/test/auto/PortParameterUpdates.xml
auto.tcl: Setting watchdog for 200 seconds at Tue Dec 04 02:56:16 UTC 2018
6 ms. Memory: 549376K Free: 519930K (95%)
ptolemy.util.test.WatchDog.cancel(): canceling Tue Dec 04 02:56:16 UTC 2018
auto.tcl: Setting watchdog for 200 seconds at Tue Dec 04 02:56:16 UTC 2018
3 ms. Memory: 549376K Free: 519930K (95%)
ptolemy.util.test.WatchDog.cancel(): canceling Tue Dec 04 02:56:16 UTC 2018
------------------ testing $PTII/ptolemy/domains/de/test/auto/QueueAndServer.xml
auto.tcl: Setting watchdog for 200 seconds at Tue Dec 04 02:56:17 UTC 2018
14 ms. Memory: 551424K Free: 531316K (96%)
ptolemy.util.test.WatchDog.cancel(): canceling Tue Dec 04 02:56:17 UTC 2018
auto.tcl: Setting watchdog for 200 seconds at Tue Dec 04 02:56:17 UTC 2018
6 ms. Memory: 551424K Free: 531316K (96%)
ptolemy.util.test.WatchDog.cancel(): canceling Tue Dec 04 02:56:17 UTC 2018
------------------ testing $PTII/ptolemy/domains/de/test/auto/Records.xml
auto.tcl: Setting watchdog for 200 seconds at Tue Dec 04 02:56:17 UTC 2018
5 ms. Memory: 549376K Free: 534576K (97%)
ptolemy.util.test.WatchDog.cancel(): canceling Tue Dec 04 02:56:17 UTC 2018
auto.tcl: Setting watchdog for 200 seconds at Tue Dec 04 02:56:17 UTC 2018
2 ms. Memory: 549376K Free: 529206K (96%)
ptolemy.util.test.WatchDog.cancel(): canceling Tue Dec 04 02:56:17 UTC 2018
------------------ testing $PTII/ptolemy/domains/de/test/auto/ResetTransitionWithStartTime1.xml
auto.tcl: Setting watchdog for 200 seconds at Tue Dec 04 02:56:17 UTC 2018
7 ms. Memory: 551424K Free: 531264K (96%)
ptolemy.util.test.WatchDog.cancel(): canceling Tue Dec 04 02:56:17 UTC 2018
auto.tcl: Setting watchdog for 200 seconds at Tue Dec 04 02:56:17 UTC 2018
5 ms. Memory: 551424K Free: 531264K (96%)
ptolemy.util.test.WatchDog.cancel(): canceling Tue Dec 04 02:56:17 UTC 2018
------------------ testing $PTII/ptolemy/domains/de/test/auto/ResetTransitionWithStartTime2.xml
auto.tcl: Setting watchdog for 200 seconds at Tue Dec 04 02:56:17 UTC 2018
4 ms. Memory: 549376K Free: 529436K (96%)
ptolemy.util.test.WatchDog.cancel(): canceling Tue Dec 04 02:56:17 UTC 2018
auto.tcl: Setting watchdog for 200 seconds at Tue Dec 04 02:56:17 UTC 2018
9 ms. Memory: 549376K Free: 529436K (96%)
ptolemy.util.test.WatchDog.cancel(): canceling Tue Dec 04 02:56:17 UTC 2018
------------------ testing $PTII/ptolemy/domains/de/test/auto/ResetTransitionWithStartTime3.xml
auto.tcl: Setting watchdog for 200 seconds at Tue Dec 04 02:56:17 UTC 2018
11 ms. Memory: 550912K Free: 530741K (96%)
ptolemy.util.test.WatchDog.cancel(): canceling Tue Dec 04 02:56:17 UTC 2018
auto.tcl: Setting watchdog for 200 seconds at Tue Dec 04 02:56:17 UTC 2018
8 ms. Memory: 550912K Free: 530741K (96%)
ptolemy.util.test.WatchDog.cancel(): canceling Tue Dec 04 02:56:17 UTC 2018
------------------ testing $PTII/ptolemy/domains/de/test/auto/ResetTransitionWithStartTime4.xml
auto.tcl: Setting watchdog for 200 seconds at Tue Dec 04 02:56:17 UTC 2018
4 ms. Memory: 549376K Free: 529203K (96%)
ptolemy.util.test.WatchDog.cancel(): canceling Tue Dec 04 02:56:17 UTC 2018
auto.tcl: Setting watchdog for 200 seconds at Tue Dec 04 02:56:17 UTC 2018
3 ms. Memory: 549376K Free: 529203K (96%)
ptolemy.util.test.WatchDog.cancel(): canceling Tue Dec 04 02:56:17 UTC 2018
------------------ testing $PTII/ptolemy/domains/de/test/auto/ResettableTimer1.xml
auto.tcl: Setting watchdog for 200 seconds at Tue Dec 04 02:56:17 UTC 2018
3 ms. Memory: 550912K Free: 536120K (97%)
ptolemy.util.test.WatchDog.cancel(): canceling Tue Dec 04 02:56:17 UTC 2018
auto.tcl: Setting watchdog for 200 seconds at Tue Dec 04 02:56:17 UTC 2018
2 ms. Memory: 550912K Free: 536120K (97%)
ptolemy.util.test.WatchDog.cancel(): canceling Tue Dec 04 02:56:17 UTC 2018
------------------ testing $PTII/ptolemy/domains/de/test/auto/ResettableTimer2.xml
auto.tcl: Setting watchdog for 200 seconds at Tue Dec 04 02:56:17 UTC 2018
3 ms. Memory: 549376K Free: 534872K (97%)
ptolemy.util.test.WatchDog.cancel(): canceling Tue Dec 04 02:56:17 UTC 2018
auto.tcl: Setting watchdog for 200 seconds at Tue Dec 04 02:56:17 UTC 2018
2 ms. Memory: 549376K Free: 534872K (97%)
ptolemy.util.test.WatchDog.cancel(): canceling Tue Dec 04 02:56:17 UTC 2018
------------------ testing $PTII/ptolemy/domains/de/test/auto/ResettableTimer3.xml
auto.tcl: Setting watchdog for 200 seconds at Tue Dec 04 02:56:17 UTC 2018
1 ms. Memory: 550912K Free: 536176K (97%)
ptolemy.util.test.WatchDog.cancel(): canceling Tue Dec 04 02:56:17 UTC 2018
auto.tcl: Setting watchdog for 200 seconds at Tue Dec 04 02:56:17 UTC 2018
1 ms. Memory: 550912K Free: 536176K (97%)
ptolemy.util.test.WatchDog.cancel(): canceling Tue Dec 04 02:56:17 UTC 2018
------------------ testing $PTII/ptolemy/domains/de/test/auto/ResettableTimer4.xml
auto.tcl: Setting watchdog for 200 seconds at Tue Dec 04 02:56:17 UTC 2018
1 ms. Memory: 549376K Free: 534883K (97%)
ptolemy.util.test.WatchDog.cancel(): canceling Tue Dec 04 02:56:17 UTC 2018
auto.tcl: Setting watchdog for 200 seconds at Tue Dec 04 02:56:17 UTC 2018
1 ms. Memory: 549376K Free: 534883K (97%)
ptolemy.util.test.WatchDog.cancel(): canceling Tue Dec 04 02:56:17 UTC 2018
------------------ testing $PTII/ptolemy/domains/de/test/auto/ResettableTimer5.xml
auto.tcl: Setting watchdog for 200 seconds at Tue Dec 04 02:56:17 UTC 2018
2 ms. Memory: 550400K Free: 531225K (97%)
ptolemy.util.test.WatchDog.cancel(): canceling Tue Dec 04 02:56:17 UTC 2018
auto.tcl: Setting watchdog for 200 seconds at Tue Dec 04 02:56:17 UTC 2018
1 ms. Memory: 550400K Free: 531225K (97%)
ptolemy.util.test.WatchDog.cancel(): canceling Tue Dec 04 02:56:17 UTC 2018
------------------ testing $PTII/ptolemy/domains/de/test/auto/ResettableTimer6.xml
auto.tcl: Setting watchdog for 200 seconds at Tue Dec 04 02:56:17 UTC 2018
2 ms. Memory: 549376K Free: 529921K (96%)
ptolemy.util.test.WatchDog.cancel(): canceling Tue Dec 04 02:56:17 UTC 2018
auto.tcl: Setting watchdog for 200 seconds at Tue Dec 04 02:56:17 UTC 2018
1 ms. Memory: 549376K Free: 529921K (96%)
ptolemy.util.test.WatchDog.cancel(): canceling Tue Dec 04 02:56:17 UTC 2018
------------------ testing $PTII/ptolemy/domains/de/test/auto/ServerZeroDelay.xml
auto.tcl: Setting watchdog for 200 seconds at Tue Dec 04 02:56:17 UTC 2018
3 ms. Memory: 550400K Free: 535845K (97%)
ptolemy.util.test.WatchDog.cancel(): canceling Tue Dec 04 02:56:17 UTC 2018
auto.tcl: Setting watchdog for 200 seconds at Tue Dec 04 02:56:17 UTC 2018
2 ms. Memory: 550400K Free: 535845K (97%)
ptolemy.util.test.WatchDog.cancel(): canceling Tue Dec 04 02:56:17 UTC 2018
------------------ testing $PTII/ptolemy/domains/de/test/auto/SmartSender.xml
auto.tcl: Setting watchdog for 200 seconds at Tue Dec 04 02:56:17 UTC 2018
3001 ms. Memory: 549376K Free: 529907K (96%)
ptolemy.util.test.WatchDog.cancel(): canceling Tue Dec 04 02:56:20 UTC 2018
auto.tcl: Setting watchdog for 200 seconds at Tue Dec 04 02:56:20 UTC 2018
3003 ms. Memory: 549376K Free: 529907K (96%)
ptolemy.util.test.WatchDog.cancel(): canceling Tue Dec 04 02:56:23 UTC 2018
------------------ testing $PTII/ptolemy/domains/de/test/auto/ThreadedComposite.xml
auto.tcl: Setting watchdog for 200 seconds at Tue Dec 04 02:56:23 UTC 2018
260 ms. Memory: 550400K Free: 510830K (93%)
ptolemy.util.test.WatchDog.cancel(): canceling Tue Dec 04 02:56:24 UTC 2018
auto.tcl: Setting watchdog for 200 seconds at Tue Dec 04 02:56:24 UTC 2018
163 ms. Memory: 550400K Free: 496102K (90%)
ptolemy.util.test.WatchDog.cancel(): canceling Tue Dec 04 02:56:24 UTC 2018
------------------ testing $PTII/ptolemy/domains/de/test/auto/Time.xml
auto.tcl: Setting watchdog for 200 seconds at Tue Dec 04 02:56:24 UTC 2018
528 ms. Memory: 549376K Free: 482835K (88%)
ptolemy.util.test.WatchDog.cancel(): canceling Tue Dec 04 02:56:24 UTC 2018
auto.tcl: Setting watchdog for 200 seconds at Tue Dec 04 02:56:24 UTC 2018
520 ms. Memory: 549376K Free: 429142K (78%)
ptolemy.util.test.WatchDog.cancel(): canceling Tue Dec 04 02:56:25 UTC 2018
------------------ testing $PTII/ptolemy/domains/de/test/auto/TimeDelayZeroDelay.xml
auto.tcl: Setting watchdog for 200 seconds at Tue Dec 04 02:56:25 UTC 2018
2 ms. Memory: 550400K Free: 535533K (97%)
ptolemy.util.test.WatchDog.cancel(): canceling Tue Dec 04 02:56:25 UTC 2018
auto.tcl: Setting watchdog for 200 seconds at Tue Dec 04 02:56:25 UTC 2018
2 ms. Memory: 550400K Free: 535533K (97%)
ptolemy.util.test.WatchDog.cancel(): canceling Tue Dec 04 02:56:25 UTC 2018
------------------ testing $PTII/ptolemy/domains/de/test/auto/TimerZeroDelay.xml
auto.tcl: Setting watchdog for 200 seconds at Tue Dec 04 02:56:25 UTC 2018
2 ms. Memory: 549376K Free: 534783K (97%)
ptolemy.util.test.WatchDog.cancel(): canceling Tue Dec 04 02:56:25 UTC 2018
auto.tcl: Setting watchdog for 200 seconds at Tue Dec 04 02:56:25 UTC 2018
2 ms. Memory: 549376K Free: 534783K (97%)
ptolemy.util.test.WatchDog.cancel(): canceling Tue Dec 04 02:56:25 UTC 2018
------------------ testing $PTII/ptolemy/domains/de/test/auto/TimingParadox.xml
auto.tcl: Setting watchdog for 200 seconds at Tue Dec 04 02:56:25 UTC 2018
325 ms. Memory: 549888K Free: 470051K (85%)
ptolemy.util.test.WatchDog.cancel(): canceling Tue Dec 04 02:56:26 UTC 2018
auto.tcl: Setting watchdog for 200 seconds at Tue Dec 04 02:56:26 UTC 2018
293 ms. Memory: 549888K Free: 437835K (80%)
ptolemy.util.test.WatchDog.cancel(): canceling Tue Dec 04 02:56:26 UTC 2018
------------------ testing $PTII/ptolemy/domains/de/test/auto/TransferInputs.xml
auto.tcl: Setting watchdog for 200 seconds at Tue Dec 04 02:56:26 UTC 2018
1 ms. Memory: 549888K Free: 534199K (97%)
ptolemy.util.test.WatchDog.cancel(): canceling Tue Dec 04 02:56:26 UTC 2018
auto.tcl: Setting watchdog for 200 seconds at Tue Dec 04 02:56:26 UTC 2018
2 ms. Memory: 549888K Free: 534199K (97%)
ptolemy.util.test.WatchDog.cancel(): canceling Tue Dec 04 02:56:26 UTC 2018
------------------ testing $PTII/ptolemy/domains/de/test/auto/TransferOutputs2.xml
auto.tcl: Setting watchdog for 200 seconds at Tue Dec 04 02:56:26 UTC 2018
3 ms. Memory: 549376K Free: 529404K (96%)
ptolemy.util.test.WatchDog.cancel(): canceling Tue Dec 04 02:56:26 UTC 2018
auto.tcl: Setting watchdog for 200 seconds at Tue Dec 04 02:56:26 UTC 2018
3 ms. Memory: 549376K Free: 529404K (96%)
ptolemy.util.test.WatchDog.cancel(): canceling Tue Dec 04 02:56:26 UTC 2018
------------------ testing $PTII/ptolemy/domains/de/test/auto/Trilateration.xml
auto.tcl: Setting watchdog for 200 seconds at Tue Dec 04 02:56:26 UTC 2018
13487 ms. Memory: 766976K Free: 252322K (33%)
ptolemy.util.test.WatchDog.cancel(): canceling Tue Dec 04 02:56:41 UTC 2018
auto.tcl: Setting watchdog for 200 seconds at Tue Dec 04 02:56:41 UTC 2018
10864 ms. Memory: 646144K Free: 117847K (18%)
ptolemy.util.test.WatchDog.cancel(): canceling Tue Dec 04 02:56:51 UTC 2018
------------------ testing $PTII/ptolemy/domains/de/test/auto/TwoSigmaDelta.xml
auto.tcl: Setting watchdog for 200 seconds at Tue Dec 04 02:56:52 UTC 2018
2711 ms. Memory: 649728K Free: 331198K (51%)
ptolemy.util.test.WatchDog.cancel(): canceling Tue Dec 04 02:56:54 UTC 2018
auto.tcl: Setting watchdog for 200 seconds at Tue Dec 04 02:56:54 UTC 2018
2307 ms. Memory: 649728K Free: 84937K (13%)
ptolemy.util.test.WatchDog.cancel(): canceling Tue Dec 04 02:56:57 UTC 2018
------------------ testing $PTII/ptolemy/domains/de/test/auto/VariableDelay.xml
auto.tcl: Setting watchdog for 200 seconds at Tue Dec 04 02:56:57 UTC 2018
2 ms. Memory: 646656K Free: 627304K (97%)
ptolemy.util.test.WatchDog.cancel(): canceling Tue Dec 04 02:56:57 UTC 2018
auto.tcl: Setting watchdog for 200 seconds at Tue Dec 04 02:56:57 UTC 2018
1 ms. Memory: 646656K Free: 627304K (97%)
ptolemy.util.test.WatchDog.cancel(): canceling Tue Dec 04 02:56:57 UTC 2018
------------------ testing $PTII/ptolemy/domains/de/test/auto/VariableDelay2.xml
auto.tcl: Setting watchdog for 200 seconds at Tue Dec 04 02:56:57 UTC 2018
4 ms. Memory: 646144K Free: 627237K (97%)
ptolemy.util.test.WatchDog.cancel(): canceling Tue Dec 04 02:56:57 UTC 2018
auto.tcl: Setting watchdog for 200 seconds at Tue Dec 04 02:56:57 UTC 2018
2 ms. Memory: 646144K Free: 627237K (97%)
ptolemy.util.test.WatchDog.cancel(): canceling Tue Dec 04 02:56:57 UTC 2018
------------------ testing $PTII/ptolemy/domains/de/test/auto/VariableDelayZeroDelay.xml
auto.tcl: Setting watchdog for 200 seconds at Tue Dec 04 02:56:57 UTC 2018
2 ms. Memory: 646144K Free: 621589K (96%)
ptolemy.util.test.WatchDog.cancel(): canceling Tue Dec 04 02:56:57 UTC 2018
auto.tcl: Setting watchdog for 200 seconds at Tue Dec 04 02:56:57 UTC 2018
2 ms. Memory: 646144K Free: 621589K (96%)
ptolemy.util.test.WatchDog.cancel(): canceling Tue Dec 04 02:56:57 UTC 2018
------------------ testing $PTII/ptolemy/domains/de/test/auto/VariableDelayZeroDelay2.xml
auto.tcl: Setting watchdog for 200 seconds at Tue Dec 04 02:56:57 UTC 2018
1 ms. Memory: 649216K Free: 624659K (96%)
ptolemy.util.test.WatchDog.cancel(): canceling Tue Dec 04 02:56:57 UTC 2018
auto.tcl: Setting watchdog for 200 seconds at Tue Dec 04 02:56:57 UTC 2018
1 ms. Memory: 649216K Free: 624659K (96%)
ptolemy.util.test.WatchDog.cancel(): canceling Tue Dec 04 02:56:57 UTC 2018
------------------ testing $PTII/ptolemy/domains/de/test/auto/deInCt.xml
auto.tcl: Setting watchdog for 200 seconds at Tue Dec 04 02:56:57 UTC 2018
0
1
1
1
0
0
0
0
1
1
1
1
0
0
0
0
1
1
0
0
0
1
1
0
0
0
0
1
1
1
1
0
0
0
1
1
1
1
10 ms. Memory: 646144K Free: 621553K (96%)
ptolemy.util.test.WatchDog.cancel(): canceling Tue Dec 04 02:56:57 UTC 2018
auto.tcl: Setting watchdog for 200 seconds at Tue Dec 04 02:56:57 UTC 2018
0
1
1
1
1
0
0
0
1
1
1
0
0
0
0
1
1
1
0
0
0
0
0
0
1
1
1
0
0
0
1
1
1
0
0
0
6 ms. Memory: 646144K Free: 621553K (96%)
ptolemy.util.test.WatchDog.cancel(): canceling Tue Dec 04 02:56:57 UTC 2018
------------------ testing $PTII/ptolemy/domains/de/test/auto/deInCt2.xml
auto.tcl: Setting watchdog for 200 seconds at Tue Dec 04 02:56:57 UTC 2018
0
1
1
1
0
0
1
1
1
0
0
1
1
1
0
0
1
1
1
0
0
1
1
1
0
0
1
1
1
0
0
1
1
1
0
0
1
1
1
0
0
0
9 ms. Memory: 648704K Free: 624113K (96%)
ptolemy.util.test.WatchDog.cancel(): canceling Tue Dec 04 02:56:57 UTC 2018
auto.tcl: Setting watchdog for 200 seconds at Tue Dec 04 02:56:57 UTC 2018
0
1
1
1
0
0
1
1
1
0
0
1
1
1
0
0
1
1
1
0
0
1
1
1
0
0
1
1
1
0
0
1
1
1
0
0
1
1
1
0
0
0
5 ms. Memory: 648704K Free: 624113K (96%)
ptolemy.util.test.WatchDog.cancel(): canceling Tue Dec 04 02:56:57 UTC 2018
------------------ testing $PTII/ptolemy/domains/de/test/auto/dynamicCausalityInterface1.xml
auto.tcl: Setting watchdog for 200 seconds at Tue Dec 04 02:56:57 UTC 2018
2 ms. Memory: 646144K Free: 618618K (96%)
ptolemy.util.test.WatchDog.cancel(): canceling Tue Dec 04 02:56:57 UTC 2018
auto.tcl: Setting watchdog for 200 seconds at Tue Dec 04 02:56:57 UTC 2018
1 ms. Memory: 646144K Free: 618618K (96%)
ptolemy.util.test.WatchDog.cancel(): canceling Tue Dec 04 02:56:57 UTC 2018
------------------ testing $PTII/ptolemy/domains/de/test/auto/fsm_de_test.xml
auto.tcl: Setting watchdog for 200 seconds at Tue Dec 04 02:56:57 UTC 2018
12 ms. Memory: 648192K Free: 623523K (96%)
ptolemy.util.test.WatchDog.cancel(): canceling Tue Dec 04 02:56:57 UTC 2018
auto.tcl: Setting watchdog for 200 seconds at Tue Dec 04 02:56:57 UTC 2018
7 ms. Memory: 648192K Free: 614914K (95%)
ptolemy.util.test.WatchDog.cancel(): canceling Tue Dec 04 02:56:57 UTC 2018
------------------ testing $PTII/ptolemy/domains/de/test/auto/functionDependencyReconstruction.xml
auto.tcl: Setting watchdog for 200 seconds at Tue Dec 04 02:56:57 UTC 2018
2 ms. Memory: 646144K Free: 612857K (95%)
ptolemy.util.test.WatchDog.cancel(): canceling Tue Dec 04 02:56:57 UTC 2018
auto.tcl: Setting watchdog for 200 seconds at Tue Dec 04 02:56:57 UTC 2018
2 ms. Memory: 646144K Free: 604247K (94%)
ptolemy.util.test.WatchDog.cancel(): canceling Tue Dec 04 02:56:57 UTC 2018
------------------ testing $PTII/ptolemy/domains/de/test/auto/multirate.xml
auto.tcl: Setting watchdog for 200 seconds at Tue Dec 04 02:56:57 UTC 2018
5 ms. Memory: 648192K Free: 623390K (96%)
ptolemy.util.test.WatchDog.cancel(): canceling Tue Dec 04 02:56:57 UTC 2018
auto.tcl: Setting watchdog for 200 seconds at Tue Dec 04 02:56:57 UTC 2018
3 ms. Memory: 648192K Free: 623390K (96%)
ptolemy.util.test.WatchDog.cancel(): canceling Tue Dec 04 02:56:57 UTC 2018
------------------ testing $PTII/ptolemy/domains/de/test/auto/multirate2.xml
auto.tcl: Setting watchdog for 200 seconds at Tue Dec 04 02:56:57 UTC 2018
8 ms. Memory: 646144K Free: 621531K (96%)
ptolemy.util.test.WatchDog.cancel(): canceling Tue Dec 04 02:56:58 UTC 2018
auto.tcl: Setting watchdog for 200 seconds at Tue Dec 04 02:56:58 UTC 2018
3 ms. Memory: 646144K Free: 621531K (96%)
ptolemy.util.test.WatchDog.cancel(): canceling Tue Dec 04 02:56:58 UTC 2018
------------------ testing $PTII/ptolemy/domains/de/test/auto/realtime.xml
auto.tcl: Setting watchdog for 200 seconds at Tue Dec 04 02:56:58 UTC 2018
10002 ms. Memory: 647680K Free: 623033K (96%)
ptolemy.util.test.WatchDog.cancel(): canceling Tue Dec 04 02:57:08 UTC 2018
auto.tcl: Setting watchdog for 200 seconds at Tue Dec 04 02:57:08 UTC 2018
10001 ms. Memory: 647680K Free: 623033K (96%)
ptolemy.util.test.WatchDog.cancel(): canceling Tue Dec 04 02:57:18 UTC 2018
------------------ testing $PTII/ptolemy/domains/de/test/auto/relationGroup.xml
auto.tcl: Setting watchdog for 200 seconds at Tue Dec 04 02:57:18 UTC 2018
1 ms. Memory: 646144K Free: 621555K (96%)
ptolemy.util.test.WatchDog.cancel(): canceling Tue Dec 04 02:57:18 UTC 2018
auto.tcl: Setting watchdog for 200 seconds at Tue Dec 04 02:57:18 UTC 2018
1 ms. Memory: 646144K Free: 621555K (96%)
ptolemy.util.test.WatchDog.cancel(): canceling Tue Dec 04 02:57:18 UTC 2018
------------------ testing $PTII/ptolemy/domains/de/test/auto/relationGroup2.xml
auto.tcl: Setting watchdog for 200 seconds at Tue Dec 04 02:57:18 UTC 2018
1 ms. Memory: 647680K Free: 623116K (96%)
ptolemy.util.test.WatchDog.cancel(): canceling Tue Dec 04 02:57:18 UTC 2018
auto.tcl: Setting watchdog for 200 seconds at Tue Dec 04 02:57:18 UTC 2018
1 ms. Memory: 647680K Free: 623116K (96%)
ptolemy.util.test.WatchDog.cancel(): canceling Tue Dec 04 02:57:18 UTC 2018
------------------ testing $PTII/ptolemy/domains/de/test/auto/sortWithOpaquePorts.xml
auto.tcl: Setting watchdog for 200 seconds at Tue Dec 04 02:57:18 UTC 2018
1 ms. Memory: 646144K Free: 621582K (96%)
ptolemy.util.test.WatchDog.cancel(): canceling Tue Dec 04 02:57:18 UTC 2018
auto.tcl: Setting watchdog for 200 seconds at Tue Dec 04 02:57:18 UTC 2018
2 ms. Memory: 646144K Free: 621582K (96%)
ptolemy.util.test.WatchDog.cancel(): canceling Tue Dec 04 02:57:18 UTC 2018
------------------ testing $PTII/ptolemy/domains/de/test/auto/transferInputsandOutputs.xml
auto.tcl: Setting watchdog for 200 seconds at Tue Dec 04 02:57:18 UTC 2018
2 ms. Memory: 647168K Free: 622594K (96%)
ptolemy.util.test.WatchDog.cancel(): canceling Tue Dec 04 02:57:18 UTC 2018
auto.tcl: Setting watchdog for 200 seconds at Tue Dec 04 02:57:18 UTC 2018
3 ms. Memory: 647168K Free: 622594K (96%)
ptolemy.util.test.WatchDog.cancel(): canceling Tue Dec 04 02:57:18 UTC 2018
------------------ testing $PTII/ptolemy/domains/de/test/auto/triggerType.xml
auto.tcl: Setting watchdog for 200 seconds at Tue Dec 04 02:57:18 UTC 2018
1 ms. Memory: 646144K Free: 621520K (96%)
ptolemy.util.test.WatchDog.cancel(): canceling Tue Dec 04 02:57:18 UTC 2018
auto.tcl: Setting watchdog for 200 seconds at Tue Dec 04 02:57:18 UTC 2018
1 ms. Memory: 646144K Free: 621520K (96%)
ptolemy.util.test.WatchDog.cancel(): canceling Tue Dec 04 02:57:18 UTC 2018
12/04/18 02:57:18
Failed: 0  Total Tests: 192  ((Passed: 187, Newly Passed: 1)  Known Failed: 5) /home/travis/build/icyphy/ptII/ptolemy/domains/de/test
12/04/18 02:57:18
Failed: 0  Total Tests: 192  ((Passed: 187, Newly Passed: 1)  Known Failed: 5) /home/travis/build/icyphy/ptII/ptolemy/domains/de/test
----------------- testing (KnownFailure) /home/travis/build/icyphy/ptII/ptolemy/domains/de/test/auto/knownFailedTests/DESDFClockTest.xml
2007 ms. Memory: 647168K Free: 611271K (94%)
Known Failure: java.lang.reflect.InvocationTargetException
----------------- testing (KnownFailure) /home/travis/build/icyphy/ptII/ptolemy/domains/de/test/auto/knownFailedTests/DirectFeedback.xml
1 ms. Memory: 647168K Free: 566091K (87%)
Known Failure: java.lang.reflect.InvocationTargetException
----------------- testing (KnownFailure) /home/travis/build/icyphy/ptII/ptolemy/domains/de/test/auto/knownFailedTests/FSMSource.xml
9 ms. Memory: 647168K Free: 520912K (80%)
----------------- testing (KnownFailure) /home/travis/build/icyphy/ptII/ptolemy/domains/de/test/auto/knownFailedTests/HierarchicalModel.xml
1 ms. Memory: 647168K Free: 487012K (75%)
Known Failure: java.lang.reflect.InvocationTargetException
----------------- testing (KnownFailure) /home/travis/build/icyphy/ptII/ptolemy/domains/de/test/auto/knownFailedTests/dependencyLoop.xml
4 ms. Memory: 647168K Free: 430522K (67%)
Known Failure: java.lang.reflect.InvocationTargetException
----------------- testing (KnownFailure) /home/travis/build/icyphy/ptII/ptolemy/domains/de/test/auto/knownFailedTests/dependencyLoop2.xml
4 ms. Memory: 647168K Free: 374032K (58%)
Known Failure: java.lang.reflect.InvocationTargetException
No auto/linux-amd64/*.xml tests in /home/travis/build/icyphy/ptII/ptolemy/domains/de/test
AutoTests.java: About to close Vertx.
AutoTests.java: Vertx closed.

===========================================================================================
----------------- testing Tue Dec 04 02:57:20 UTC 2018 /home/travis/build/icyphy/ptII/ptolemy/domains/de/test/auto/ActorDepthCalculation_actorWithoutPorts.xml
----------------- Instantiating /home/travis/build/icyphy/ptII/ptolemy/domains/de/test/auto/ActorDepthCalculation_actorWithoutPorts.xml
1 ms. Memory: 647168K Free: 317558K (49%)
----------------- Invoking toplevel() on ptolemy.moml.MoMLSimpleApplication@6639c7e9
----------------- Done invoking toplevel() on ptolemy.moml.MoMLSimpleApplication@6639c7e9
reloadAllAccessors: .ActorDepthCalculation_actorWithoutPorts

===========================================================================================
----------------- testing Tue Dec 04 02:57:20 UTC 2018 /home/travis/build/icyphy/ptII/ptolemy/domains/de/test/auto/AssemblyLine.xml
----------------- Instantiating /home/travis/build/icyphy/ptII/ptolemy/domains/de/test/auto/AssemblyLine.xml
2 ms. Memory: 647168K Free: 294969K (46%)
----------------- Invoking toplevel() on ptolemy.moml.MoMLSimpleApplication@4bedb040
----------------- Done invoking toplevel() on ptolemy.moml.MoMLSimpleApplication@4bedb040
reloadAllAccessors: .AssemblyLine

===========================================================================================
----------------- testing Tue Dec 04 02:57:20 UTC 2018 /home/travis/build/icyphy/ptII/ptolemy/domains/de/test/auto/CQBug1.xml
----------------- Instantiating /home/travis/build/icyphy/ptII/ptolemy/domains/de/test/auto/CQBug1.xml
0 ms. Memory: 647168K Free: 272380K (42%)
----------------- Invoking toplevel() on ptolemy.moml.MoMLSimpleApplication@6285dde8
----------------- Done invoking toplevel() on ptolemy.moml.MoMLSimpleApplication@6285dde8
reloadAllAccessors: .CQBug1

===========================================================================================
----------------- testing Tue Dec 04 02:57:20 UTC 2018 /home/travis/build/icyphy/ptII/ptolemy/domains/de/test/auto/CancelFireAt.xml
----------------- Instantiating /home/travis/build/icyphy/ptII/ptolemy/domains/de/test/auto/CancelFireAt.xml
1 ms. Memory: 647168K Free: 249790K (39%)
----------------- Invoking toplevel() on ptolemy.moml.MoMLSimpleApplication@17957128
----------------- Done invoking toplevel() on ptolemy.moml.MoMLSimpleApplication@17957128
reloadAllAccessors: .CancelFireAt

===========================================================================================
----------------- testing Tue Dec 04 02:57:20 UTC 2018 /home/travis/build/icyphy/ptII/ptolemy/domains/de/test/auto/CausalityAndComposabilityAnalysis.xml
----------------- Instantiating /home/travis/build/icyphy/ptII/ptolemy/domains/de/test/auto/CausalityAndComposabilityAnalysis.xml
2 ms. Memory: 647168K Free: 227201K (35%)
----------------- Invoking toplevel() on ptolemy.moml.MoMLSimpleApplication@4489857a
----------------- Done invoking toplevel() on ptolemy.moml.MoMLSimpleApplication@4489857a
reloadAllAccessors: .CausalityAndComposabilityAnalysis

===========================================================================================
----------------- testing Tue Dec 04 02:57:20 UTC 2018 /home/travis/build/icyphy/ptII/ptolemy/domains/de/test/auto/CausalityInterface1.xml
----------------- Instantiating /home/travis/build/icyphy/ptII/ptolemy/domains/de/test/auto/CausalityInterface1.xml
4 ms. Memory: 647168K Free: 204611K (32%)
----------------- Invoking toplevel() on ptolemy.moml.MoMLSimpleApplication@474c8fe3
----------------- Done invoking toplevel() on ptolemy.moml.MoMLSimpleApplication@474c8fe3
reloadAllAccessors: .CausalityInterface1

===========================================================================================
----------------- testing Tue Dec 04 02:57:20 UTC 2018 /home/travis/build/icyphy/ptII/ptolemy/domains/de/test/auto/CausalityInterface15.xml
----------------- Instantiating /home/travis/build/icyphy/ptII/ptolemy/domains/de/test/auto/CausalityInterface15.xml
1 ms. Memory: 647168K Free: 182022K (28%)
----------------- Invoking toplevel() on ptolemy.moml.MoMLSimpleApplication@5782121f
----------------- Done invoking toplevel() on ptolemy.moml.MoMLSimpleApplication@5782121f
reloadAllAccessors: .CausalityInterface15

===========================================================================================
----------------- testing Tue Dec 04 02:57:20 UTC 2018 /home/travis/build/icyphy/ptII/ptolemy/domains/de/test/auto/CausalityInterface2.xml
----------------- Instantiating /home/travis/build/icyphy/ptII/ptolemy/domains/de/test/auto/CausalityInterface2.xml
1 ms. Memory: 647168K Free: 159432K (25%)
----------------- Invoking toplevel() on ptolemy.moml.MoMLSimpleApplication@29ddb435
----------------- Done invoking toplevel() on ptolemy.moml.MoMLSimpleApplication@29ddb435
reloadAllAccessors: .CausalityInterface2

===========================================================================================
----------------- testing Tue Dec 04 02:57:20 UTC 2018 /home/travis/build/icyphy/ptII/ptolemy/domains/de/test/auto/CausalityInterface3.xml
----------------- Instantiating /home/travis/build/icyphy/ptII/ptolemy/domains/de/test/auto/CausalityInterface3.xml
1 ms. Memory: 647168K Free: 136843K (21%)
----------------- Invoking toplevel() on ptolemy.moml.MoMLSimpleApplication@308559b7
----------------- Done invoking toplevel() on ptolemy.moml.MoMLSimpleApplication@308559b7
reloadAllAccessors: .CausalityInterface3

===========================================================================================
----------------- testing Tue Dec 04 02:57:20 UTC 2018 /home/travis/build/icyphy/ptII/ptolemy/domains/de/test/auto/ClockDrift.xml
----------------- Instantiating /home/travis/build/icyphy/ptII/ptolemy/domains/de/test/auto/ClockDrift.xml
12 ms. Memory: 647168K Free: 114253K (18%)
----------------- Invoking toplevel() on ptolemy.moml.MoMLSimpleApplication@f69e34c
----------------- Done invoking toplevel() on ptolemy.moml.MoMLSimpleApplication@f69e34c
reloadAllAccessors: .ClockDrift

===========================================================================================
----------------- testing Tue Dec 04 02:57:20 UTC 2018 /home/travis/build/icyphy/ptII/ptolemy/domains/de/test/auto/ClockDriftAndValueChange.xml
----------------- Instantiating /home/travis/build/icyphy/ptII/ptolemy/domains/de/test/auto/ClockDriftAndValueChange.xml
9 ms. Memory: 647168K Free: 91664K (14%)
----------------- Invoking toplevel() on ptolemy.moml.MoMLSimpleApplication@4866d47
----------------- Done invoking toplevel() on ptolemy.moml.MoMLSimpleApplication@4866d47
reloadAllAccessors: .ClockDriftAndValueChange

===========================================================================================
----------------- testing Tue Dec 04 02:57:20 UTC 2018 /home/travis/build/icyphy/ptII/ptolemy/domains/de/test/auto/ClockDriftChange.xml
----------------- Instantiating /home/travis/build/icyphy/ptII/ptolemy/domains/de/test/auto/ClockDriftChange.xml
7 ms. Memory: 647168K Free: 77750K (12%)
----------------- Invoking toplevel() on ptolemy.moml.MoMLSimpleApplication@a96ae6c
----------------- Done invoking toplevel() on ptolemy.moml.MoMLSimpleApplication@a96ae6c
reloadAllAccessors: .ClockDriftChange

===========================================================================================
----------------- testing Tue Dec 04 02:57:20 UTC 2018 /home/travis/build/icyphy/ptII/ptolemy/domains/de/test/auto/ComposableCausalityAnalysis.xml
----------------- Instantiating /home/travis/build/icyphy/ptII/ptolemy/domains/de/test/auto/ComposableCausalityAnalysis.xml
1 ms. Memory: 619520K Free: 593024K (96%)
----------------- Invoking toplevel() on ptolemy.moml.MoMLSimpleApplication@502e1017
----------------- Done invoking toplevel() on ptolemy.moml.MoMLSimpleApplication@502e1017
reloadAllAccessors: .ComposableCausalityAnalysis

===========================================================================================
----------------- testing Tue Dec 04 02:57:20 UTC 2018 /home/travis/build/icyphy/ptII/ptolemy/domains/de/test/auto/DEFixedPointLimitation.xml
----------------- Instantiating /home/travis/build/icyphy/ptII/ptolemy/domains/de/test/auto/DEFixedPointLimitation.xml
1 ms. Memory: 619520K Free: 566177K (91%)
----------------- Invoking toplevel() on ptolemy.moml.MoMLSimpleApplication@2785abd7
----------------- Done invoking toplevel() on ptolemy.moml.MoMLSimpleApplication@2785abd7
reloadAllAccessors: .DEFixedPointLimitation

===========================================================================================
----------------- testing Tue Dec 04 02:57:20 UTC 2018 /home/travis/build/icyphy/ptII/ptolemy/domains/de/test/auto/DEScheduleTest.xml
----------------- Instantiating /home/travis/build/icyphy/ptII/ptolemy/domains/de/test/auto/DEScheduleTest.xml
2 ms. Memory: 619520K Free: 544653K (88%)
----------------- Invoking toplevel() on ptolemy.moml.MoMLSimpleApplication@553997a1
----------------- Done invoking toplevel() on ptolemy.moml.MoMLSimpleApplication@553997a1
reloadAllAccessors: .DEScheduleTest

===========================================================================================
----------------- testing Tue Dec 04 02:57:20 UTC 2018 /home/travis/build/icyphy/ptII/ptolemy/domains/de/test/auto/DEinDEwithStartTimes.xml
----------------- Instantiating /home/travis/build/icyphy/ptII/ptolemy/domains/de/test/auto/DEinDEwithStartTimes.xml
1 ms. Memory: 619520K Free: 523128K (84%)
----------------- Invoking toplevel() on ptolemy.moml.MoMLSimpleApplication@7e0205c9
----------------- Done invoking toplevel() on ptolemy.moml.MoMLSimpleApplication@7e0205c9
reloadAllAccessors: .DEinDEwithStartTimes

===========================================================================================
----------------- testing Tue Dec 04 02:57:20 UTC 2018 /home/travis/build/icyphy/ptII/ptolemy/domains/de/test/auto/DEinDEwithStartTimes2.xml
----------------- Instantiating /home/travis/build/icyphy/ptII/ptolemy/domains/de/test/auto/DEinDEwithStartTimes2.xml
2 ms. Memory: 619520K Free: 501584K (81%)
----------------- Invoking toplevel() on ptolemy.moml.MoMLSimpleApplication@23ff0447
----------------- Done invoking toplevel() on ptolemy.moml.MoMLSimpleApplication@23ff0447
reloadAllAccessors: .DEinDEwithStartTimes2

===========================================================================================
----------------- testing Tue Dec 04 02:57:20 UTC 2018 /home/travis/build/icyphy/ptII/ptolemy/domains/de/test/auto/DateDemo.xml
----------------- Instantiating /home/travis/build/icyphy/ptII/ptolemy/domains/de/test/auto/DateDemo.xml
4 ms. Memory: 619520K Free: 480059K (77%)
----------------- Invoking toplevel() on ptolemy.moml.MoMLSimpleApplication@47b77caa
----------------- Done invoking toplevel() on ptolemy.moml.MoMLSimpleApplication@47b77caa
reloadAllAccessors: .DateDemo

===========================================================================================
----------------- testing Tue Dec 04 02:57:20 UTC 2018 /home/travis/build/icyphy/ptII/ptolemy/domains/de/test/auto/DateToEvent.xml
----------------- Instantiating /home/travis/build/icyphy/ptII/ptolemy/domains/de/test/auto/DateToEvent.xml
2004 ms. Memory: 619520K Free: 447757K (72%)
----------------- Invoking toplevel() on ptolemy.moml.MoMLSimpleApplication@cd80514
----------------- Done invoking toplevel() on ptolemy.moml.MoMLSimpleApplication@cd80514
reloadAllAccessors: .DateToEvent

===========================================================================================
----------------- testing Tue Dec 04 02:57:22 UTC 2018 /home/travis/build/icyphy/ptII/ptolemy/domains/de/test/auto/DepthTest1.xml
----------------- Instantiating /home/travis/build/icyphy/ptII/ptolemy/domains/de/test/auto/DepthTest1.xml
7 ms. Memory: 619520K Free: 426232K (69%)
----------------- Invoking toplevel() on ptolemy.moml.MoMLSimpleApplication@34c9d8f0
----------------- Done invoking toplevel() on ptolemy.moml.MoMLSimpleApplication@34c9d8f0
reloadAllAccessors: .DepthTest1

===========================================================================================
----------------- testing Tue Dec 04 02:57:22 UTC 2018 /home/travis/build/icyphy/ptII/ptolemy/domains/de/test/auto/DepthTest2.xml
----------------- Instantiating /home/travis/build/icyphy/ptII/ptolemy/domains/de/test/auto/DepthTest2.xml
1 ms. Memory: 619520K Free: 404708K (65%)
----------------- Invoking toplevel() on ptolemy.moml.MoMLSimpleApplication@69845d49
----------------- Done invoking toplevel() on ptolemy.moml.MoMLSimpleApplication@69845d49
reloadAllAccessors: .DepthTest2

===========================================================================================
----------------- testing Tue Dec 04 02:57:22 UTC 2018 /home/travis/build/icyphy/ptII/ptolemy/domains/de/test/auto/DepthTest3.xml
----------------- Instantiating /home/travis/build/icyphy/ptII/ptolemy/domains/de/test/auto/DepthTest3.xml
0 ms. Memory: 619520K Free: 383183K (62%)
----------------- Invoking toplevel() on ptolemy.moml.MoMLSimpleApplication@3ef5c823
----------------- Done invoking toplevel() on ptolemy.moml.MoMLSimpleApplication@3ef5c823
reloadAllAccessors: .DepthTest3

===========================================================================================
----------------- testing Tue Dec 04 02:57:22 UTC 2018 /home/travis/build/icyphy/ptII/ptolemy/domains/de/test/auto/DepthTest4.xml
----------------- Instantiating /home/travis/build/icyphy/ptII/ptolemy/domains/de/test/auto/DepthTest4.xml
1 ms. Memory: 619520K Free: 361659K (58%)
----------------- Invoking toplevel() on ptolemy.moml.MoMLSimpleApplication@253c635
----------------- Done invoking toplevel() on ptolemy.moml.MoMLSimpleApplication@253c635
reloadAllAccessors: .DepthTest4

===========================================================================================
----------------- testing Tue Dec 04 02:57:22 UTC 2018 /home/travis/build/icyphy/ptII/ptolemy/domains/de/test/auto/DepthTest5.xml
----------------- Instantiating /home/travis/build/icyphy/ptII/ptolemy/domains/de/test/auto/DepthTest5.xml
2 ms. Memory: 619520K Free: 340134K (55%)
----------------- Invoking toplevel() on ptolemy.moml.MoMLSimpleApplication@42e12d24
----------------- Done invoking toplevel() on ptolemy.moml.MoMLSimpleApplication@42e12d24
reloadAllAccessors: .DepthTest5

===========================================================================================
----------------- testing Tue Dec 04 02:57:22 UTC 2018 /home/travis/build/icyphy/ptII/ptolemy/domains/de/test/auto/DepthTest6.xml
----------------- Instantiating /home/travis/build/icyphy/ptII/ptolemy/domains/de/test/auto/DepthTest6.xml
2 ms. Memory: 619520K Free: 313287K (51%)
----------------- Invoking toplevel() on ptolemy.moml.MoMLSimpleApplication@50003447
----------------- Done invoking toplevel() on ptolemy.moml.MoMLSimpleApplication@50003447
reloadAllAccessors: .DepthTest6

===========================================================================================
----------------- testing Tue Dec 04 02:57:23 UTC 2018 /home/travis/build/icyphy/ptII/ptolemy/domains/de/test/auto/DepthTest7.xml
----------------- Instantiating /home/travis/build/icyphy/ptII/ptolemy/domains/de/test/auto/DepthTest7.xml
1 ms. Memory: 619520K Free: 291762K (47%)
----------------- Invoking toplevel() on ptolemy.moml.MoMLSimpleApplication@4bb713bc
----------------- Done invoking toplevel() on ptolemy.moml.MoMLSimpleApplication@4bb713bc
reloadAllAccessors: .DepthTest7

===========================================================================================
----------------- testing Tue Dec 04 02:57:23 UTC 2018 /home/travis/build/icyphy/ptII/ptolemy/domains/de/test/auto/EventToDate.xml
----------------- Instantiating /home/travis/build/icyphy/ptII/ptolemy/domains/de/test/auto/EventToDate.xml
3004 ms. Memory: 619520K Free: 259476K (42%)
----------------- Invoking toplevel() on ptolemy.moml.MoMLSimpleApplication@523d09d5
----------------- Done invoking toplevel() on ptolemy.moml.MoMLSimpleApplication@523d09d5
reloadAllAccessors: .EventToDate

===========================================================================================
----------------- testing Tue Dec 04 02:57:26 UTC 2018 /home/travis/build/icyphy/ptII/ptolemy/domains/de/test/auto/FSM1.xml
----------------- Instantiating /home/travis/build/icyphy/ptII/ptolemy/domains/de/test/auto/FSM1.xml
17 ms. Memory: 619520K Free: 237951K (38%)
----------------- Invoking toplevel() on ptolemy.moml.MoMLSimpleApplication@66467ab0
----------------- Done invoking toplevel() on ptolemy.moml.MoMLSimpleApplication@66467ab0
reloadAllAccessors: .FSM1

===========================================================================================
----------------- testing Tue Dec 04 02:57:26 UTC 2018 /home/travis/build/icyphy/ptII/ptolemy/domains/de/test/auto/FSM7.xml
----------------- Instantiating /home/travis/build/icyphy/ptII/ptolemy/domains/de/test/auto/FSM7.xml
7 ms. Memory: 619520K Free: 216427K (35%)
----------------- Invoking toplevel() on ptolemy.moml.MoMLSimpleApplication@3e4aafd1
----------------- Done invoking toplevel() on ptolemy.moml.MoMLSimpleApplication@3e4aafd1
reloadAllAccessors: .FSM7

===========================================================================================
----------------- testing Tue Dec 04 02:57:26 UTC 2018 /home/travis/build/icyphy/ptII/ptolemy/domains/de/test/auto/Inspection.xml
----------------- Instantiating /home/travis/build/icyphy/ptII/ptolemy/domains/de/test/auto/Inspection.xml
12 ms. Memory: 619520K Free: 184124K (30%)
----------------- Invoking toplevel() on ptolemy.moml.MoMLSimpleApplication@660ce371
----------------- Done invoking toplevel() on ptolemy.moml.MoMLSimpleApplication@660ce371
reloadAllAccessors: .Inspection

===========================================================================================
----------------- testing Tue Dec 04 02:57:26 UTC 2018 /home/travis/build/icyphy/ptII/ptolemy/domains/de/test/auto/Iteration.xml
----------------- Instantiating /home/travis/build/icyphy/ptII/ptolemy/domains/de/test/auto/Iteration.xml
4 ms. Memory: 619520K Free: 162600K (26%)
----------------- Invoking toplevel() on ptolemy.moml.MoMLSimpleApplication@56e598ba
----------------- Done invoking toplevel() on ptolemy.moml.MoMLSimpleApplication@56e598ba
reloadAllAccessors: .Iteration

===========================================================================================
----------------- testing Tue Dec 04 02:57:26 UTC 2018 /home/travis/build/icyphy/ptII/ptolemy/domains/de/test/auto/LineFault.xml
----------------- Instantiating /home/travis/build/icyphy/ptII/ptolemy/domains/de/test/auto/LineFault.xml
413 ms. Memory: 595456K Free: 546744K (92%)
----------------- Invoking toplevel() on ptolemy.moml.MoMLSimpleApplication@7b5d8da6
----------------- Done invoking toplevel() on ptolemy.moml.MoMLSimpleApplication@7b5d8da6
reloadAllAccessors: .LineFault

===========================================================================================
----------------- testing Tue Dec 04 02:57:26 UTC 2018 /home/travis/build/icyphy/ptII/ptolemy/domains/de/test/auto/MergeModel1Add.xml
----------------- Instantiating /home/travis/build/icyphy/ptII/ptolemy/domains/de/test/auto/MergeModel1Add.xml
5 ms. Memory: 595456K Free: 511952K (86%)
----------------- Invoking toplevel() on ptolemy.moml.MoMLSimpleApplication@414f1ce3
----------------- Done invoking toplevel() on ptolemy.moml.MoMLSimpleApplication@414f1ce3
reloadAllAccessors: .MergeModel1Add

===========================================================================================
----------------- testing Tue Dec 04 02:57:26 UTC 2018 /home/travis/build/icyphy/ptII/ptolemy/domains/de/test/auto/MergeModel2Add.xml
----------------- Instantiating /home/travis/build/icyphy/ptII/ptolemy/domains/de/test/auto/MergeModel2Add.xml
7 ms. Memory: 595456K Free: 486268K (82%)
----------------- Invoking toplevel() on ptolemy.moml.MoMLSimpleApplication@55b15fd7
----------------- Done invoking toplevel() on ptolemy.moml.MoMLSimpleApplication@55b15fd7
reloadAllAccessors: .MergeModel2Add

===========================================================================================
----------------- testing Tue Dec 04 02:57:26 UTC 2018 /home/travis/build/icyphy/ptII/ptolemy/domains/de/test/auto/MergeModel3Add.xml
----------------- Instantiating /home/travis/build/icyphy/ptII/ptolemy/domains/de/test/auto/MergeModel3Add.xml
5 ms. Memory: 595456K Free: 460573K (77%)
----------------- Invoking toplevel() on ptolemy.moml.MoMLSimpleApplication@4fe85e38
----------------- Done invoking toplevel() on ptolemy.moml.MoMLSimpleApplication@4fe85e38
reloadAllAccessors: .MergeModel3Add

===========================================================================================
----------------- testing Tue Dec 04 02:57:26 UTC 2018 /home/travis/build/icyphy/ptII/ptolemy/domains/de/test/auto/MergeWithoutDiscard.xml
----------------- Instantiating /home/travis/build/icyphy/ptII/ptolemy/domains/de/test/auto/MergeWithoutDiscard.xml
1 ms. Memory: 595456K Free: 450312K (76%)
----------------- Invoking toplevel() on ptolemy.moml.MoMLSimpleApplication@1cfeb309
----------------- Done invoking toplevel() on ptolemy.moml.MoMLSimpleApplication@1cfeb309
reloadAllAccessors: .MergeWithoutDiscard

===========================================================================================
----------------- testing Tue Dec 04 02:57:26 UTC 2018 /home/travis/build/icyphy/ptII/ptolemy/domains/de/test/auto/Modal1.xml
----------------- Instantiating /home/travis/build/icyphy/ptII/ptolemy/domains/de/test/auto/Modal1.xml
7 ms. Memory: 595456K Free: 434905K (73%)
----------------- Invoking toplevel() on ptolemy.moml.MoMLSimpleApplication@4d6e37e2
----------------- Done invoking toplevel() on ptolemy.moml.MoMLSimpleApplication@4d6e37e2
reloadAllAccessors: .Modal1

===========================================================================================
----------------- testing Tue Dec 04 02:57:26 UTC 2018 /home/travis/build/icyphy/ptII/ptolemy/domains/de/test/auto/Modal2.xml
----------------- Instantiating /home/travis/build/icyphy/ptII/ptolemy/domains/de/test/auto/Modal2.xml
6 ms. Memory: 595456K Free: 419499K (70%)
----------------- Invoking toplevel() on ptolemy.moml.MoMLSimpleApplication@64099996
----------------- Done invoking toplevel() on ptolemy.moml.MoMLSimpleApplication@64099996
reloadAllAccessors: .Modal2

===========================================================================================
----------------- testing Tue Dec 04 02:57:26 UTC 2018 /home/travis/build/icyphy/ptII/ptolemy/domains/de/test/auto/Modal3.xml
----------------- Instantiating /home/travis/build/icyphy/ptII/ptolemy/domains/de/test/auto/Modal3.xml
12 ms. Memory: 595456K Free: 400713K (67%)
----------------- Invoking toplevel() on ptolemy.moml.MoMLSimpleApplication@23202b
----------------- Done invoking toplevel() on ptolemy.moml.MoMLSimpleApplication@23202b
reloadAllAccessors: .Modal3

===========================================================================================
----------------- testing Tue Dec 04 02:57:26 UTC 2018 /home/travis/build/icyphy/ptII/ptolemy/domains/de/test/auto/Modal4.xml
----------------- Instantiating /home/travis/build/icyphy/ptII/ptolemy/domains/de/test/auto/Modal4.xml
9 ms. Memory: 595456K Free: 385306K (65%)
----------------- Invoking toplevel() on ptolemy.moml.MoMLSimpleApplication@6638729b
----------------- Done invoking toplevel() on ptolemy.moml.MoMLSimpleApplication@6638729b
reloadAllAccessors: .Modal4

===========================================================================================
----------------- testing Tue Dec 04 02:57:27 UTC 2018 /home/travis/build/icyphy/ptII/ptolemy/domains/de/test/auto/Modal5.xml
----------------- Instantiating /home/travis/build/icyphy/ptII/ptolemy/domains/de/test/auto/Modal5.xml
7 ms. Memory: 595456K Free: 369899K (62%)
----------------- Invoking toplevel() on ptolemy.moml.MoMLSimpleApplication@764c669f
----------------- Done invoking toplevel() on ptolemy.moml.MoMLSimpleApplication@764c669f
reloadAllAccessors: .Modal5

===========================================================================================
----------------- testing Tue Dec 04 02:57:27 UTC 2018 /home/travis/build/icyphy/ptII/ptolemy/domains/de/test/auto/Modal6.xml
----------------- Instantiating /home/travis/build/icyphy/ptII/ptolemy/domains/de/test/auto/Modal6.xml
7 ms. Memory: 595456K Free: 354500K (60%)
----------------- Invoking toplevel() on ptolemy.moml.MoMLSimpleApplication@7d6b0811
----------------- Done invoking toplevel() on ptolemy.moml.MoMLSimpleApplication@7d6b0811
reloadAllAccessors: .Modal6

===========================================================================================
----------------- testing Tue Dec 04 02:57:27 UTC 2018 /home/travis/build/icyphy/ptII/ptolemy/domains/de/test/auto/Modal7.xml
----------------- Instantiating /home/travis/build/icyphy/ptII/ptolemy/domains/de/test/auto/Modal7.xml
6 ms. Memory: 595456K Free: 333963K (56%)
----------------- Invoking toplevel() on ptolemy.moml.MoMLSimpleApplication@6064e1d6
----------------- Done invoking toplevel() on ptolemy.moml.MoMLSimpleApplication@6064e1d6
reloadAllAccessors: .Modal7

===========================================================================================
----------------- testing Tue Dec 04 02:57:27 UTC 2018 /home/travis/build/icyphy/ptII/ptolemy/domains/de/test/auto/ModalModel.xml
----------------- Instantiating /home/travis/build/icyphy/ptII/ptolemy/domains/de/test/auto/ModalModel.xml
108 ms. Memory: 595456K Free: 262035K (44%)
----------------- Invoking toplevel() on ptolemy.moml.MoMLSimpleApplication@2be3c70b
----------------- Done invoking toplevel() on ptolemy.moml.MoMLSimpleApplication@2be3c70b
reloadAllAccessors: .ModalModel

===========================================================================================
----------------- testing Tue Dec 04 02:57:27 UTC 2018 /home/travis/build/icyphy/ptII/ptolemy/domains/de/test/auto/ModalSource.xml
----------------- Instantiating /home/travis/build/icyphy/ptII/ptolemy/domains/de/test/auto/ModalSource.xml
4 ms. Memory: 595456K Free: 246636K (41%)
----------------- Invoking toplevel() on ptolemy.moml.MoMLSimpleApplication@3bc13d27
----------------- Done invoking toplevel() on ptolemy.moml.MoMLSimpleApplication@3bc13d27
reloadAllAccessors: .ModalSource

===========================================================================================
----------------- testing Tue Dec 04 02:57:27 UTC 2018 /home/travis/build/icyphy/ptII/ptolemy/domains/de/test/auto/NonInterruptibleTimerZeroDelay.xml
----------------- Instantiating /home/travis/build/icyphy/ptII/ptolemy/domains/de/test/auto/NonInterruptibleTimerZeroDelay.xml
1 ms. Memory: 595456K Free: 232997K (39%)
----------------- Invoking toplevel() on ptolemy.moml.MoMLSimpleApplication@7cd54ae3
----------------- Done invoking toplevel() on ptolemy.moml.MoMLSimpleApplication@7cd54ae3
reloadAllAccessors: .NonInterruptibleTimerZeroDelay

===========================================================================================
----------------- testing Tue Dec 04 02:57:27 UTC 2018 /home/travis/build/icyphy/ptII/ptolemy/domains/de/test/auto/OpenQueueingNetwork.xml
----------------- Instantiating /home/travis/build/icyphy/ptII/ptolemy/domains/de/test/auto/OpenQueueingNetwork.xml
2174 ms. Memory: 571392K Free: 86712K (15%)
----------------- Invoking toplevel() on ptolemy.moml.MoMLSimpleApplication@112d6da9
----------------- Done invoking toplevel() on ptolemy.moml.MoMLSimpleApplication@112d6da9
reloadAllAccessors: .OpenQueueingNetwork

===========================================================================================
----------------- testing Tue Dec 04 02:57:29 UTC 2018 /home/travis/build/icyphy/ptII/ptolemy/domains/de/test/auto/OpenQueuingNetwork.xml
----------------- Instantiating /home/travis/build/icyphy/ptII/ptolemy/domains/de/test/auto/OpenQueuingNetwork.xml
197 ms. Memory: 548352K Free: 459598K (84%)
----------------- Invoking toplevel() on ptolemy.moml.MoMLSimpleApplication@5bf697aa
----------------- Done invoking toplevel() on ptolemy.moml.MoMLSimpleApplication@5bf697aa
reloadAllAccessors: .OpenQueuingNetwork

===========================================================================================
----------------- testing Tue Dec 04 02:57:29 UTC 2018 /home/travis/build/icyphy/ptII/ptolemy/domains/de/test/auto/PeriodicSampler.xml
----------------- Instantiating /home/travis/build/icyphy/ptII/ptolemy/domains/de/test/auto/PeriodicSampler.xml
2 ms. Memory: 548352K Free: 452034K (82%)
----------------- Invoking toplevel() on ptolemy.moml.MoMLSimpleApplication@3a7b9fbd
----------------- Done invoking toplevel() on ptolemy.moml.MoMLSimpleApplication@3a7b9fbd
reloadAllAccessors: .PeriodicSampler

===========================================================================================
----------------- testing Tue Dec 04 02:57:29 UTC 2018 /home/travis/build/icyphy/ptII/ptolemy/domains/de/test/auto/PersistentIO.xml
----------------- Instantiating /home/travis/build/icyphy/ptII/ptolemy/domains/de/test/auto/PersistentIO.xml
3 ms. Memory: 548352K Free: 439580K (80%)
----------------- Invoking toplevel() on ptolemy.moml.MoMLSimpleApplication@2af0f1f4
----------------- Done invoking toplevel() on ptolemy.moml.MoMLSimpleApplication@2af0f1f4
reloadAllAccessors: .PersistentIO

===========================================================================================
----------------- testing Tue Dec 04 02:57:29 UTC 2018 /home/travis/build/icyphy/ptII/ptolemy/domains/de/test/auto/PortParameterResetOnInitialize.xml
----------------- Instantiating /home/travis/build/icyphy/ptII/ptolemy/domains/de/test/auto/PortParameterResetOnInitialize.xml
1 ms. Memory: 548352K Free: 428906K (78%)
----------------- Invoking toplevel() on ptolemy.moml.MoMLSimpleApplication@2af9bd39
----------------- Done invoking toplevel() on ptolemy.moml.MoMLSimpleApplication@2af9bd39
reloadAllAccessors: .PortParameterResetOnInitialize

===========================================================================================
----------------- testing Tue Dec 04 02:57:29 UTC 2018 /home/travis/build/icyphy/ptII/ptolemy/domains/de/test/auto/PortParameterUpdates.xml
----------------- Instantiating /home/travis/build/icyphy/ptII/ptolemy/domains/de/test/auto/PortParameterUpdates.xml
3 ms. Memory: 548352K Free: 419561K (77%)
----------------- Invoking toplevel() on ptolemy.moml.MoMLSimpleApplication@49ab0807
----------------- Done invoking toplevel() on ptolemy.moml.MoMLSimpleApplication@49ab0807
reloadAllAccessors: .PortParameterUpdates

===========================================================================================
----------------- testing Tue Dec 04 02:57:29 UTC 2018 /home/travis/build/icyphy/ptII/ptolemy/domains/de/test/auto/QueueAndServer.xml
----------------- Instantiating /home/travis/build/icyphy/ptII/ptolemy/domains/de/test/auto/QueueAndServer.xml
5 ms. Memory: 548352K Free: 410225K (75%)
----------------- Invoking toplevel() on ptolemy.moml.MoMLSimpleApplication@38d9dd43
----------------- Done invoking toplevel() on ptolemy.moml.MoMLSimpleApplication@38d9dd43
reloadAllAccessors: .QueueAndServer

===========================================================================================
----------------- testing Tue Dec 04 02:57:29 UTC 2018 /home/travis/build/icyphy/ptII/ptolemy/domains/de/test/auto/Records.xml
----------------- Instantiating /home/travis/build/icyphy/ptII/ptolemy/domains/de/test/auto/Records.xml
2 ms. Memory: 548352K Free: 399551K (73%)
----------------- Invoking toplevel() on ptolemy.moml.MoMLSimpleApplication@1beb00e
----------------- Done invoking toplevel() on ptolemy.moml.MoMLSimpleApplication@1beb00e
reloadAllAccessors: .Records

===========================================================================================
----------------- testing Tue Dec 04 02:57:29 UTC 2018 /home/travis/build/icyphy/ptII/ptolemy/domains/de/test/auto/ResetTransitionWithStartTime1.xml
----------------- Instantiating /home/travis/build/icyphy/ptII/ptolemy/domains/de/test/auto/ResetTransitionWithStartTime1.xml
5 ms. Memory: 548352K Free: 387097K (71%)
----------------- Invoking toplevel() on ptolemy.moml.MoMLSimpleApplication@12d831b8
----------------- Done invoking toplevel() on ptolemy.moml.MoMLSimpleApplication@12d831b8
reloadAllAccessors: .ResetTransitionWithStartTime1

===========================================================================================
----------------- testing Tue Dec 04 02:57:29 UTC 2018 /home/travis/build/icyphy/ptII/ptolemy/domains/de/test/auto/ResetTransitionWithStartTime2.xml
----------------- Instantiating /home/travis/build/icyphy/ptII/ptolemy/domains/de/test/auto/ResetTransitionWithStartTime2.xml
4 ms. Memory: 548352K Free: 373298K (68%)
----------------- Invoking toplevel() on ptolemy.moml.MoMLSimpleApplication@28503cd1
----------------- Done invoking toplevel() on ptolemy.moml.MoMLSimpleApplication@28503cd1
reloadAllAccessors: .ResetTransitionWithStartTime2

===========================================================================================
----------------- testing Tue Dec 04 02:57:29 UTC 2018 /home/travis/build/icyphy/ptII/ptolemy/domains/de/test/auto/ResetTransitionWithStartTime3.xml
----------------- Instantiating /home/travis/build/icyphy/ptII/ptolemy/domains/de/test/auto/ResetTransitionWithStartTime3.xml
3 ms. Memory: 548352K Free: 360827K (66%)
----------------- Invoking toplevel() on ptolemy.moml.MoMLSimpleApplication@7ebf21a6
----------------- Done invoking toplevel() on ptolemy.moml.MoMLSimpleApplication@7ebf21a6
reloadAllAccessors: .ResetTransitionWithStartTime3

===========================================================================================
----------------- testing Tue Dec 04 02:57:29 UTC 2018 /home/travis/build/icyphy/ptII/ptolemy/domains/de/test/auto/ResetTransitionWithStartTime4.xml
----------------- Instantiating /home/travis/build/icyphy/ptII/ptolemy/domains/de/test/auto/ResetTransitionWithStartTime4.xml
2 ms. Memory: 548352K Free: 348357K (64%)
----------------- Invoking toplevel() on ptolemy.moml.MoMLSimpleApplication@76d19fa9
----------------- Done invoking toplevel() on ptolemy.moml.MoMLSimpleApplication@76d19fa9
reloadAllAccessors: .ResetTransitionWithStartTime4

===========================================================================================
----------------- testing Tue Dec 04 02:57:29 UTC 2018 /home/travis/build/icyphy/ptII/ptolemy/domains/de/test/auto/ResettableTimer1.xml
----------------- Instantiating /home/travis/build/icyphy/ptII/ptolemy/domains/de/test/auto/ResettableTimer1.xml
2 ms. Memory: 548352K Free: 340793K (62%)
----------------- Invoking toplevel() on ptolemy.moml.MoMLSimpleApplication@3e396aa
----------------- Done invoking toplevel() on ptolemy.moml.MoMLSimpleApplication@3e396aa
reloadAllAccessors: .ResettableTimer1

===========================================================================================
----------------- testing Tue Dec 04 02:57:29 UTC 2018 /home/travis/build/icyphy/ptII/ptolemy/domains/de/test/auto/ResettableTimer2.xml
----------------- Instantiating /home/travis/build/icyphy/ptII/ptolemy/domains/de/test/auto/ResettableTimer2.xml
2 ms. Memory: 548352K Free: 331448K (60%)
----------------- Invoking toplevel() on ptolemy.moml.MoMLSimpleApplication@4d32157b
----------------- Done invoking toplevel() on ptolemy.moml.MoMLSimpleApplication@4d32157b
reloadAllAccessors: .ResettableTimer2

===========================================================================================
----------------- testing Tue Dec 04 02:57:29 UTC 2018 /home/travis/build/icyphy/ptII/ptolemy/domains/de/test/auto/ResettableTimer3.xml
----------------- Instantiating /home/travis/build/icyphy/ptII/ptolemy/domains/de/test/auto/ResettableTimer3.xml
1 ms. Memory: 548352K Free: 322104K (59%)
----------------- Invoking toplevel() on ptolemy.moml.MoMLSimpleApplication@1986ff7d
----------------- Done invoking toplevel() on ptolemy.moml.MoMLSimpleApplication@1986ff7d
reloadAllAccessors: .ResettableTimer3

===========================================================================================
----------------- testing Tue Dec 04 02:57:29 UTC 2018 /home/travis/build/icyphy/ptII/ptolemy/domains/de/test/auto/ResettableTimer4.xml
----------------- Instantiating /home/travis/build/icyphy/ptII/ptolemy/domains/de/test/auto/ResettableTimer4.xml
1 ms. Memory: 548352K Free: 311414K (57%)
----------------- Invoking toplevel() on ptolemy.moml.MoMLSimpleApplication@518cf436
----------------- Done invoking toplevel() on ptolemy.moml.MoMLSimpleApplication@518cf436
reloadAllAccessors: .ResettableTimer4

===========================================================================================
----------------- testing Tue Dec 04 02:57:29 UTC 2018 /home/travis/build/icyphy/ptII/ptolemy/domains/de/test/auto/ResettableTimer5.xml
----------------- Instantiating /home/travis/build/icyphy/ptII/ptolemy/domains/de/test/auto/ResettableTimer5.xml
1 ms. Memory: 548352K Free: 302069K (55%)
----------------- Invoking toplevel() on ptolemy.moml.MoMLSimpleApplication@38f8451c
----------------- Done invoking toplevel() on ptolemy.moml.MoMLSimpleApplication@38f8451c
reloadAllAccessors: .ResettableTimer5

===========================================================================================
----------------- testing Tue Dec 04 02:57:29 UTC 2018 /home/travis/build/icyphy/ptII/ptolemy/domains/de/test/auto/ResettableTimer6.xml
----------------- Instantiating /home/travis/build/icyphy/ptII/ptolemy/domains/de/test/auto/ResettableTimer6.xml
1 ms. Memory: 548352K Free: 291380K (53%)
----------------- Invoking toplevel() on ptolemy.moml.MoMLSimpleApplication@7756a899
----------------- Done invoking toplevel() on ptolemy.moml.MoMLSimpleApplication@7756a899
reloadAllAccessors: .ResettableTimer6

===========================================================================================
----------------- testing Tue Dec 04 02:57:29 UTC 2018 /home/travis/build/icyphy/ptII/ptolemy/domains/de/test/auto/ServerZeroDelay.xml
----------------- Instantiating /home/travis/build/icyphy/ptII/ptolemy/domains/de/test/auto/ServerZeroDelay.xml
1 ms. Memory: 548352K Free: 285161K (52%)
----------------- Invoking toplevel() on ptolemy.moml.MoMLSimpleApplication@3b699385
----------------- Done invoking toplevel() on ptolemy.moml.MoMLSimpleApplication@3b699385
reloadAllAccessors: .ServerZeroDelay

===========================================================================================
----------------- testing Tue Dec 04 02:57:30 UTC 2018 /home/travis/build/icyphy/ptII/ptolemy/domains/de/test/auto/SmartSender.xml
----------------- Instantiating /home/travis/build/icyphy/ptII/ptolemy/domains/de/test/auto/SmartSender.xml
3000 ms. Memory: 548352K Free: 275824K (50%)
----------------- Invoking toplevel() on ptolemy.moml.MoMLSimpleApplication@13d2a42c
----------------- Done invoking toplevel() on ptolemy.moml.MoMLSimpleApplication@13d2a42c
reloadAllAccessors: .SmartSender

===========================================================================================
----------------- testing Tue Dec 04 02:57:33 UTC 2018 /home/travis/build/icyphy/ptII/ptolemy/domains/de/test/auto/ThreadedComposite.xml
----------------- Instantiating /home/travis/build/icyphy/ptII/ptolemy/domains/de/test/auto/ThreadedComposite.xml
1373 ms. Memory: 548352K Free: 112758K (21%)
----------------- Invoking toplevel() on ptolemy.moml.MoMLSimpleApplication@20ccde13
----------------- Done invoking toplevel() on ptolemy.moml.MoMLSimpleApplication@20ccde13
reloadAllAccessors: .ThreadedComposite

===========================================================================================
----------------- testing Tue Dec 04 02:57:34 UTC 2018 /home/travis/build/icyphy/ptII/ptolemy/domains/de/test/auto/Time.xml
----------------- Instantiating /home/travis/build/icyphy/ptII/ptolemy/domains/de/test/auto/Time.xml
420 ms. Memory: 526336K Free: 501686K (95%)
----------------- Invoking toplevel() on ptolemy.moml.MoMLSimpleApplication@50d8c1e2
----------------- Done invoking toplevel() on ptolemy.moml.MoMLSimpleApplication@50d8c1e2
reloadAllAccessors: .Time

===========================================================================================
----------------- testing Tue Dec 04 02:57:34 UTC 2018 /home/travis/build/icyphy/ptII/ptolemy/domains/de/test/auto/TimeDelayZeroDelay.xml
----------------- Instantiating /home/travis/build/icyphy/ptII/ptolemy/domains/de/test/auto/TimeDelayZeroDelay.xml
2 ms. Memory: 526336K Free: 493341K (94%)
----------------- Invoking toplevel() on ptolemy.moml.MoMLSimpleApplication@6b37ddb7
----------------- Done invoking toplevel() on ptolemy.moml.MoMLSimpleApplication@6b37ddb7
reloadAllAccessors: .TimeDelayZeroDelay

===========================================================================================
----------------- testing Tue Dec 04 02:57:34 UTC 2018 /home/travis/build/icyphy/ptII/ptolemy/domains/de/test/auto/TimerZeroDelay.xml
----------------- Instantiating /home/travis/build/icyphy/ptII/ptolemy/domains/de/test/auto/TimerZeroDelay.xml
2 ms. Memory: 526336K Free: 486508K (92%)
----------------- Invoking toplevel() on ptolemy.moml.MoMLSimpleApplication@703b8d9b
----------------- Done invoking toplevel() on ptolemy.moml.MoMLSimpleApplication@703b8d9b
reloadAllAccessors: .TimerZeroDelay

===========================================================================================
----------------- testing Tue Dec 04 02:57:34 UTC 2018 /home/travis/build/icyphy/ptII/ptolemy/domains/de/test/auto/TimingParadox.xml
----------------- Instantiating /home/travis/build/icyphy/ptII/ptolemy/domains/de/test/auto/TimingParadox.xml
280 ms. Memory: 526336K Free: 415231K (79%)
----------------- Invoking toplevel() on ptolemy.moml.MoMLSimpleApplication@4b85cbc6
----------------- Done invoking toplevel() on ptolemy.moml.MoMLSimpleApplication@4b85cbc6
reloadAllAccessors: .TimingParadox

===========================================================================================
----------------- testing Tue Dec 04 02:57:35 UTC 2018 /home/travis/build/icyphy/ptII/ptolemy/domains/de/test/auto/TransferInputs.xml
----------------- Instantiating /home/travis/build/icyphy/ptII/ptolemy/domains/de/test/auto/TransferInputs.xml
1 ms. Memory: 526336K Free: 405417K (77%)
----------------- Invoking toplevel() on ptolemy.moml.MoMLSimpleApplication@55e0204f
----------------- Done invoking toplevel() on ptolemy.moml.MoMLSimpleApplication@55e0204f
reloadAllAccessors: .TransferInputs

===========================================================================================
----------------- testing Tue Dec 04 02:57:35 UTC 2018 /home/travis/build/icyphy/ptII/ptolemy/domains/de/test/auto/TransferOutputs2.xml
----------------- Instantiating /home/travis/build/icyphy/ptII/ptolemy/domains/de/test/auto/TransferOutputs2.xml
3 ms. Memory: 526336K Free: 393528K (75%)
----------------- Invoking toplevel() on ptolemy.moml.MoMLSimpleApplication@1dc0c575
----------------- Done invoking toplevel() on ptolemy.moml.MoMLSimpleApplication@1dc0c575
reloadAllAccessors: .TransferOutputs2

===========================================================================================
----------------- testing Tue Dec 04 02:57:35 UTC 2018 /home/travis/build/icyphy/ptII/ptolemy/domains/de/test/auto/Trilateration.xml
----------------- Instantiating /home/travis/build/icyphy/ptII/ptolemy/domains/de/test/auto/Trilateration.xml
10481 ms. Memory: 407552K Free: 121553K (30%)
----------------- Invoking toplevel() on ptolemy.moml.MoMLSimpleApplication@157b51d3
----------------- Done invoking toplevel() on ptolemy.moml.MoMLSimpleApplication@157b51d3
reloadAllAccessors: .Trilateration

===========================================================================================
----------------- testing Tue Dec 04 02:57:46 UTC 2018 /home/travis/build/icyphy/ptII/ptolemy/domains/de/test/auto/TwoSigmaDelta.xml
----------------- Instantiating /home/travis/build/icyphy/ptII/ptolemy/domains/de/test/auto/TwoSigmaDelta.xml
1900 ms. Memory: 388608K Free: 128150K (33%)
----------------- Invoking toplevel() on ptolemy.moml.MoMLSimpleApplication@60dd4542
----------------- Done invoking toplevel() on ptolemy.moml.MoMLSimpleApplication@60dd4542
reloadAllAccessors: .TwoSigmaDelta

===========================================================================================
----------------- testing Tue Dec 04 02:57:48 UTC 2018 /home/travis/build/icyphy/ptII/ptolemy/domains/de/test/auto/VariableDelay.xml
----------------- Instantiating /home/travis/build/icyphy/ptII/ptolemy/domains/de/test/auto/VariableDelay.xml
2 ms. Memory: 388608K Free: 115130K (30%)
----------------- Invoking toplevel() on ptolemy.moml.MoMLSimpleApplication@266db915
----------------- Done invoking toplevel() on ptolemy.moml.MoMLSimpleApplication@266db915
reloadAllAccessors: .VariableDelay

===========================================================================================
----------------- testing Tue Dec 04 02:57:48 UTC 2018 /home/travis/build/icyphy/ptII/ptolemy/domains/de/test/auto/VariableDelay2.xml
----------------- Instantiating /home/travis/build/icyphy/ptII/ptolemy/domains/de/test/auto/VariableDelay2.xml
1 ms. Memory: 388608K Free: 105376K (27%)
----------------- Invoking toplevel() on ptolemy.moml.MoMLSimpleApplication@7320fe0
----------------- Done invoking toplevel() on ptolemy.moml.MoMLSimpleApplication@7320fe0
reloadAllAccessors: .VariableDelay2

===========================================================================================
----------------- testing Tue Dec 04 02:57:48 UTC 2018 /home/travis/build/icyphy/ptII/ptolemy/domains/de/test/auto/VariableDelayZeroDelay.xml
----------------- Instantiating /home/travis/build/icyphy/ptII/ptolemy/domains/de/test/auto/VariableDelayZeroDelay.xml
2 ms. Memory: 388608K Free: 98689K (25%)
----------------- Invoking toplevel() on ptolemy.moml.MoMLSimpleApplication@72aaee00
----------------- Done invoking toplevel() on ptolemy.moml.MoMLSimpleApplication@72aaee00
reloadAllAccessors: .VariableDelayZeroDelay

===========================================================================================
----------------- testing Tue Dec 04 02:57:48 UTC 2018 /home/travis/build/icyphy/ptII/ptolemy/domains/de/test/auto/VariableDelayZeroDelay2.xml
----------------- Instantiating /home/travis/build/icyphy/ptII/ptolemy/domains/de/test/auto/VariableDelayZeroDelay2.xml
2 ms. Memory: 388608K Free: 88936K (23%)
----------------- Invoking toplevel() on ptolemy.moml.MoMLSimpleApplication@7dbf0c08
----------------- Done invoking toplevel() on ptolemy.moml.MoMLSimpleApplication@7dbf0c08
reloadAllAccessors: .VariableDelayZeroDelay2

===========================================================================================
----------------- testing Tue Dec 04 02:57:48 UTC 2018 /home/travis/build/icyphy/ptII/ptolemy/domains/de/test/auto/deInCt.xml
----------------- Instantiating /home/travis/build/icyphy/ptII/ptolemy/domains/de/test/auto/deInCt.xml
0
1
1
1
0
0
0
0
0
1
1
1
1
0
0
0
1
1
0
0
0
1
1
1
1
0
0
0
1
1
1
0
0
1
1
1
0
0
0
1
1
1
0
0
0
1
1
1
11 ms. Memory: 388608K Free: 79174K (20%)
----------------- Invoking toplevel() on ptolemy.moml.MoMLSimpleApplication@7ba41920
----------------- Done invoking toplevel() on ptolemy.moml.MoMLSimpleApplication@7ba41920
reloadAllAccessors: .deInCt

===========================================================================================
----------------- testing Tue Dec 04 02:57:48 UTC 2018 /home/travis/build/icyphy/ptII/ptolemy/domains/de/test/auto/deInCt2.xml
----------------- Instantiating /home/travis/build/icyphy/ptII/ptolemy/domains/de/test/auto/deInCt2.xml
0
1
1
1
0
0
1
1
1
0
0
1
1
1
0
0
1
1
1
0
0
1
1
1
0
0
1
1
1
0
0
1
1
1
0
0
1
1
1
0
0
0
18 ms. Memory: 388608K Free: 69413K (18%)
----------------- Invoking toplevel() on ptolemy.moml.MoMLSimpleApplication@6d7db22a
----------------- Done invoking toplevel() on ptolemy.moml.MoMLSimpleApplication@6d7db22a
reloadAllAccessors: .deInCt2

===========================================================================================
----------------- testing Tue Dec 04 02:57:48 UTC 2018 /home/travis/build/icyphy/ptII/ptolemy/domains/de/test/auto/dynamicCausalityInterface1.xml
----------------- Instantiating /home/travis/build/icyphy/ptII/ptolemy/domains/de/test/auto/dynamicCausalityInterface1.xml
0 ms. Memory: 388608K Free: 58656K (15%)
----------------- Invoking toplevel() on ptolemy.moml.MoMLSimpleApplication@3bd5b70f
----------------- Done invoking toplevel() on ptolemy.moml.MoMLSimpleApplication@3bd5b70f
reloadAllAccessors: .dynamicCausalityInterface1

===========================================================================================
----------------- testing Tue Dec 04 02:57:48 UTC 2018 /home/travis/build/icyphy/ptII/ptolemy/domains/de/test/auto/fsm_de_test.xml
----------------- Instantiating /home/travis/build/icyphy/ptII/ptolemy/domains/de/test/auto/fsm_de_test.xml
8 ms. Memory: 378880K Free: 343108K (91%)
----------------- Invoking toplevel() on ptolemy.moml.MoMLSimpleApplication@7042a9cc
----------------- Done invoking toplevel() on ptolemy.moml.MoMLSimpleApplication@7042a9cc
reloadAllAccessors: .fsm_de_test

===========================================================================================
----------------- testing Tue Dec 04 02:57:48 UTC 2018 /home/travis/build/icyphy/ptII/ptolemy/domains/de/test/auto/functionDependencyReconstruction.xml
----------------- Instantiating /home/travis/build/icyphy/ptII/ptolemy/domains/de/test/auto/functionDependencyReconstruction.xml
2 ms. Memory: 378880K Free: 321965K (85%)
----------------- Invoking toplevel() on ptolemy.moml.MoMLSimpleApplication@3a24785c
----------------- Done invoking toplevel() on ptolemy.moml.MoMLSimpleApplication@3a24785c
reloadAllAccessors: .functionDependencyReconstruction

===========================================================================================
----------------- testing Tue Dec 04 02:57:48 UTC 2018 /home/travis/build/icyphy/ptII/ptolemy/domains/de/test/auto/multirate.xml
----------------- Instantiating /home/travis/build/icyphy/ptII/ptolemy/domains/de/test/auto/multirate.xml
2 ms. Memory: 378880K Free: 312775K (83%)
----------------- Invoking toplevel() on ptolemy.moml.MoMLSimpleApplication@b578fbb
----------------- Done invoking toplevel() on ptolemy.moml.MoMLSimpleApplication@b578fbb
reloadAllAccessors: .multirate

===========================================================================================
----------------- testing Tue Dec 04 02:57:48 UTC 2018 /home/travis/build/icyphy/ptII/ptolemy/domains/de/test/auto/multirate2.xml
----------------- Instantiating /home/travis/build/icyphy/ptII/ptolemy/domains/de/test/auto/multirate2.xml
2 ms. Memory: 378880K Free: 303386K (80%)
----------------- Invoking toplevel() on ptolemy.moml.MoMLSimpleApplication@2cd450c2
----------------- Done invoking toplevel() on ptolemy.moml.MoMLSimpleApplication@2cd450c2
reloadAllAccessors: .multirate2

===========================================================================================
----------------- testing Tue Dec 04 02:57:48 UTC 2018 /home/travis/build/icyphy/ptII/ptolemy/domains/de/test/auto/realtime.xml
----------------- Instantiating /home/travis/build/icyphy/ptII/ptolemy/domains/de/test/auto/realtime.xml
10002 ms. Memory: 378880K Free: 293997K (78%)
----------------- Invoking toplevel() on ptolemy.moml.MoMLSimpleApplication@251b78f
----------------- Done invoking toplevel() on ptolemy.moml.MoMLSimpleApplication@251b78f
reloadAllAccessors: .realtime

===========================================================================================
----------------- testing Tue Dec 04 02:57:58 UTC 2018 /home/travis/build/icyphy/ptII/ptolemy/domains/de/test/auto/relationGroup.xml
----------------- Instantiating /home/travis/build/icyphy/ptII/ptolemy/domains/de/test/auto/relationGroup.xml
1 ms. Memory: 378880K Free: 287545K (76%)
----------------- Invoking toplevel() on ptolemy.moml.MoMLSimpleApplication@234e01e
----------------- Done invoking toplevel() on ptolemy.moml.MoMLSimpleApplication@234e01e
reloadAllAccessors: .relationGroup

===========================================================================================
----------------- testing Tue Dec 04 02:57:58 UTC 2018 /home/travis/build/icyphy/ptII/ptolemy/domains/de/test/auto/relationGroup2.xml
----------------- Instantiating /home/travis/build/icyphy/ptII/ptolemy/domains/de/test/auto/relationGroup2.xml
1 ms. Memory: 378880K Free: 281094K (74%)
----------------- Invoking toplevel() on ptolemy.moml.MoMLSimpleApplication@59a14ad0
----------------- Done invoking toplevel() on ptolemy.moml.MoMLSimpleApplication@59a14ad0
reloadAllAccessors: .relationGroup2

===========================================================================================
----------------- testing Tue Dec 04 02:57:58 UTC 2018 /home/travis/build/icyphy/ptII/ptolemy/domains/de/test/auto/sortWithOpaquePorts.xml
----------------- Instantiating /home/travis/build/icyphy/ptII/ptolemy/domains/de/test/auto/sortWithOpaquePorts.xml
1 ms. Memory: 378880K Free: 271896K (72%)
----------------- Invoking toplevel() on ptolemy.moml.MoMLSimpleApplication@7952a9c1
----------------- Done invoking toplevel() on ptolemy.moml.MoMLSimpleApplication@7952a9c1
reloadAllAccessors: .sortWithOpaquePorts

===========================================================================================
----------------- testing Tue Dec 04 02:57:58 UTC 2018 /home/travis/build/icyphy/ptII/ptolemy/domains/de/test/auto/transferInputsandOutputs.xml
----------------- Instantiating /home/travis/build/icyphy/ptII/ptolemy/domains/de/test/auto/transferInputsandOutputs.xml
2 ms. Memory: 378880K Free: 262499K (69%)
----------------- Invoking toplevel() on ptolemy.moml.MoMLSimpleApplication@1aedd0f6
----------------- Done invoking toplevel() on ptolemy.moml.MoMLSimpleApplication@1aedd0f6
reloadAllAccessors: .transferInputsandOutputs

===========================================================================================
----------------- testing Tue Dec 04 02:57:58 UTC 2018 /home/travis/build/icyphy/ptII/ptolemy/domains/de/test/auto/triggerType.xml
----------------- Instantiating /home/travis/build/icyphy/ptII/ptolemy/domains/de/test/auto/triggerType.xml
2 ms. Memory: 378880K Free: 253102K (67%)
----------------- Invoking toplevel() on ptolemy.moml.MoMLSimpleApplication@31192614
----------------- Done invoking toplevel() on ptolemy.moml.MoMLSimpleApplication@31192614
reloadAllAccessors: .triggerType
AutoTests.java: About to close Vertx.
AutoTests.java: Vertx closed.
]]></system-out>
  <system-err><![CDATA[java.lang.RuntimeException: Execution failed
	at ptolemy.moml.MoMLSimpleApplication$UnloadThread.run(MoMLSimpleApplication.java:402)
Caused by: ptolemy.kernel.util.IllegalActionException: Found a zero delay loop containing .dependencyLoop.original
  in .dependencyLoop and .dependencyLoop.original
	at ptolemy.actor.util.CausalityInterfaceForComposites._computeOutputPortDepth(CausalityInterfaceForComposites.java:759)
	at ptolemy.actor.util.CausalityInterfaceForComposites._computeInputDepth(CausalityInterfaceForComposites.java:696)
	at ptolemy.actor.util.CausalityInterfaceForComposites._computeOutputPortDepth(CausalityInterfaceForComposites.java:765)
	at ptolemy.actor.util.CausalityInterfaceForComposites._computeInputDepth(CausalityInterfaceForComposites.java:696)
	at ptolemy.actor.util.CausalityInterfaceForComposites._computeOutputPortDepth(CausalityInterfaceForComposites.java:765)
	at ptolemy.actor.util.CausalityInterfaceForComposites._computeInputDepth(CausalityInterfaceForComposites.java:696)
	at ptolemy.actor.util.CausalityInterfaceForComposites._computeActorDepth(CausalityInterfaceForComposites.java:532)
	at ptolemy.actor.util.CausalityInterfaceForComposites.checkForCycles(CausalityInterfaceForComposites.java:96)
	at ptolemy.domains.de.kernel.DEDirector.preinitialize(DEDirector.java:1338)
	at ptolemy.actor.CompositeActor.preinitialize(CompositeActor.java:1828)
	at ptolemy.actor.Manager.preinitializeAndResolveTypes(Manager.java:1040)
	at ptolemy.actor.Manager.initialize(Manager.java:710)
	at ptolemy.actor.Manager.execute(Manager.java:356)
	at ptolemy.actor.Manager.run(Manager.java:1263)
	at ptolemy.actor.Manager$PtolemyRunThread.run(Manager.java:1915)
java.lang.RuntimeException: Execution failed
	at ptolemy.moml.MoMLSimpleApplication$UnloadThread.run(MoMLSimpleApplication.java:402)
Caused by: ptolemy.kernel.util.IllegalActionException: Found a zero delay loop containing .dependencyLoop2.original
  in .dependencyLoop2 and .dependencyLoop2.original
	at ptolemy.actor.util.CausalityInterfaceForComposites._computeOutputPortDepth(CausalityInterfaceForComposites.java:759)
	at ptolemy.actor.util.CausalityInterfaceForComposites._computeInputDepth(CausalityInterfaceForComposites.java:696)
	at ptolemy.actor.util.CausalityInterfaceForComposites._computeOutputPortDepth(CausalityInterfaceForComposites.java:765)
	at ptolemy.actor.util.CausalityInterfaceForComposites._computeInputDepth(CausalityInterfaceForComposites.java:696)
	at ptolemy.actor.util.CausalityInterfaceForComposites._computeOutputPortDepth(CausalityInterfaceForComposites.java:765)
	at ptolemy.actor.util.CausalityInterfaceForComposites._computeInputDepth(CausalityInterfaceForComposites.java:696)
	at ptolemy.actor.util.CausalityInterfaceForComposites._computeActorDepth(CausalityInterfaceForComposites.java:532)
	at ptolemy.actor.util.CausalityInterfaceForComposites.checkForCycles(CausalityInterfaceForComposites.java:96)
	at ptolemy.domains.de.kernel.DEDirector.preinitialize(DEDirector.java:1338)
	at ptolemy.actor.CompositeActor.preinitialize(CompositeActor.java:1828)
	at ptolemy.actor.Manager.preinitializeAndResolveTypes(Manager.java:1040)
	at ptolemy.actor.Manager.initialize(Manager.java:710)
	at ptolemy.actor.Manager.execute(Manager.java:356)
	at ptolemy.actor.Manager.run(Manager.java:1263)
	at ptolemy.actor.Manager$PtolemyRunThread.run(Manager.java:1915)
java.lang.RuntimeException: Execution failed
	at ptolemy.moml.MoMLSimpleApplication$UnloadThread.run(MoMLSimpleApplication.java:402)
Caused by: ptolemy.kernel.util.IllegalActionException: Found a zero delay loop containing .dependencyLoop.original
  in .dependencyLoop and .dependencyLoop.original
	at ptolemy.actor.util.CausalityInterfaceForComposites._computeOutputPortDepth(CausalityInterfaceForComposites.java:759)
	at ptolemy.actor.util.CausalityInterfaceForComposites._computeInputDepth(CausalityInterfaceForComposites.java:696)
	at ptolemy.actor.util.CausalityInterfaceForComposites._computeOutputPortDepth(CausalityInterfaceForComposites.java:765)
	at ptolemy.actor.util.CausalityInterfaceForComposites._computeInputDepth(CausalityInterfaceForComposites.java:696)
	at ptolemy.actor.util.CausalityInterfaceForComposites._computeOutputPortDepth(CausalityInterfaceForComposites.java:765)
	at ptolemy.actor.util.CausalityInterfaceForComposites._computeInputDepth(CausalityInterfaceForComposites.java:696)
	at ptolemy.actor.util.CausalityInterfaceForComposites._computeActorDepth(CausalityInterfaceForComposites.java:532)
	at ptolemy.actor.util.CausalityInterfaceForComposites.checkForCycles(CausalityInterfaceForComposites.java:96)
	at ptolemy.domains.de.kernel.DEDirector.preinitialize(DEDirector.java:1338)
	at ptolemy.actor.CompositeActor.preinitialize(CompositeActor.java:1828)
	at ptolemy.actor.Manager.preinitializeAndResolveTypes(Manager.java:1040)
	at ptolemy.actor.Manager.initialize(Manager.java:710)
	at ptolemy.actor.Manager.execute(Manager.java:356)
	at ptolemy.actor.Manager.run(Manager.java:1263)
	at ptolemy.actor.Manager$PtolemyRunThread.run(Manager.java:1915)
java.lang.RuntimeException: Execution failed
	at ptolemy.moml.MoMLSimpleApplication$UnloadThread.run(MoMLSimpleApplication.java:402)
Caused by: ptolemy.kernel.util.IllegalActionException: Actor is not ready to fire.  Perhaps UpSample.prefire() returned false? Try debugging the actor by selecting "Listen to Actor".  Also, for SDF check moml for tokenConsumptionRate on input.
  in .DESDFClockTest.Play Bell.Copy1:SDF Director and .DESDFClockTest.Play Bell.UpSample
	at ptolemy.actor.sched.StaticSchedulingDirector.fire(StaticSchedulingDirector.java:227)
	at ptolemy.domains.sdf.kernel.SDFDirector.fire(SDFDirector.java:500)
	at ptolemy.actor.CompositeActor.fire(CompositeActor.java:455)
	at ptolemy.domains.de.kernel.DEDirector._fire(DEDirector.java:1949)
	at ptolemy.domains.de.kernel.DEDirector.fire(DEDirector.java:502)
	at ptolemy.actor.CompositeActor.fire(CompositeActor.java:455)
	at ptolemy.actor.Manager.iterate(Manager.java:851)
	at ptolemy.actor.Manager.execute(Manager.java:369)
	at ptolemy.actor.Manager.run(Manager.java:1263)
	at ptolemy.actor.Manager$PtolemyRunThread.run(Manager.java:1915)
java.lang.RuntimeException: Execution failed
	at ptolemy.moml.MoMLSimpleApplication$UnloadThread.run(MoMLSimpleApplication.java:402)
Caused by: ptolemy.kernel.util.IllegalActionException: Found a zero delay loop containing .dependencyLoop2.original
  in .dependencyLoop2 and .dependencyLoop2.original
	at ptolemy.actor.util.CausalityInterfaceForComposites._computeOutputPortDepth(CausalityInterfaceForComposites.java:759)
	at ptolemy.actor.util.CausalityInterfaceForComposites._computeInputDepth(CausalityInterfaceForComposites.java:696)
	at ptolemy.actor.util.CausalityInterfaceForComposites._computeOutputPortDepth(CausalityInterfaceForComposites.java:765)
	at ptolemy.actor.util.CausalityInterfaceForComposites._computeInputDepth(CausalityInterfaceForComposites.java:696)
	at ptolemy.actor.util.CausalityInterfaceForComposites._computeOutputPortDepth(CausalityInterfaceForComposites.java:765)
	at ptolemy.actor.util.CausalityInterfaceForComposites._computeInputDepth(CausalityInterfaceForComposites.java:696)
	at ptolemy.actor.util.CausalityInterfaceForComposites._computeActorDepth(CausalityInterfaceForComposites.java:532)
	at ptolemy.actor.util.CausalityInterfaceForComposites.checkForCycles(CausalityInterfaceForComposites.java:96)
	at ptolemy.domains.de.kernel.DEDirector.preinitialize(DEDirector.java:1338)
	at ptolemy.actor.CompositeActor.preinitialize(CompositeActor.java:1828)
	at ptolemy.actor.Manager.preinitializeAndResolveTypes(Manager.java:1040)
	at ptolemy.actor.Manager.initialize(Manager.java:710)
	at ptolemy.actor.Manager.execute(Manager.java:356)
	at ptolemy.actor.Manager.run(Manager.java:1263)
	at ptolemy.actor.Manager$PtolemyRunThread.run(Manager.java:1915)
java.lang.RuntimeException: Execution failed
	at ptolemy.moml.MoMLSimpleApplication$UnloadThread.run(MoMLSimpleApplication.java:402)
Caused by: ptolemy.kernel.util.IllegalActionException: Found a zero delay loop containing .HierarchicalModel.A
  in .HierarchicalModel and .HierarchicalModel.A
	at ptolemy.actor.util.CausalityInterfaceForComposites._computeOutputPortDepth(CausalityInterfaceForComposites.java:759)
	at ptolemy.actor.util.CausalityInterfaceForComposites._computeInputDepth(CausalityInterfaceForComposites.java:696)
	at ptolemy.actor.util.CausalityInterfaceForComposites._computeOutputPortDepth(CausalityInterfaceForComposites.java:765)
	at ptolemy.actor.util.CausalityInterfaceForComposites._computeInputDepth(CausalityInterfaceForComposites.java:696)
	at ptolemy.actor.util.CausalityInterfaceForComposites._computeOutputPortDepth(CausalityInterfaceForComposites.java:765)
	at ptolemy.actor.util.CausalityInterfaceForComposites._computeInputDepth(CausalityInterfaceForComposites.java:696)
	at ptolemy.actor.util.CausalityInterfaceForComposites._computeActorDepth(CausalityInterfaceForComposites.java:532)
	at ptolemy.actor.util.CausalityInterfaceForComposites.checkForCycles(CausalityInterfaceForComposites.java:96)
	at ptolemy.domains.de.kernel.DEDirector.preinitialize(DEDirector.java:1338)
	at ptolemy.actor.CompositeActor.preinitialize(CompositeActor.java:1828)
	at ptolemy.actor.Manager.preinitializeAndResolveTypes(Manager.java:1040)
	at ptolemy.actor.Manager.initialize(Manager.java:710)
	at ptolemy.actor.Manager.execute(Manager.java:356)
	at ptolemy.actor.Manager.run(Manager.java:1263)
	at ptolemy.actor.Manager$PtolemyRunThread.run(Manager.java:1915)
java.lang.RuntimeException: Execution failed
	at ptolemy.moml.MoMLSimpleApplication$UnloadThread.run(MoMLSimpleApplication.java:402)
Caused by: ptolemy.kernel.util.IllegalActionException: Test fails in iteration 1.
Value was: 1.0. Should have been: 2.0
  in .DirectFeedback.Test
	at ptolemy.actor.lib.Test.fire(Test.java:268)
	at ptolemy.domains.de.kernel.DEDirector._fire(DEDirector.java:1949)
	at ptolemy.domains.de.kernel.DEDirector.fire(DEDirector.java:502)
	at ptolemy.actor.CompositeActor.fire(CompositeActor.java:455)
	at ptolemy.actor.Manager.iterate(Manager.java:851)
	at ptolemy.actor.Manager.execute(Manager.java:369)
	at ptolemy.actor.Manager.run(Manager.java:1263)
	at ptolemy.actor.Manager$PtolemyRunThread.run(Manager.java:1915)
java.lang.RuntimeException: Execution failed
	at ptolemy.moml.MoMLSimpleApplication$UnloadThread.run(MoMLSimpleApplication.java:402)
Caused by: ptolemy.kernel.util.IllegalActionException: Actor is not ready to fire.  Perhaps UpSample.prefire() returned false? Try debugging the actor by selecting "Listen to Actor".  Also, for SDF check moml for tokenConsumptionRate on input.
  in .DESDFClockTest.Play Bell.Copy1:SDF Director and .DESDFClockTest.Play Bell.UpSample
	at ptolemy.actor.sched.StaticSchedulingDirector.fire(StaticSchedulingDirector.java:227)
	at ptolemy.domains.sdf.kernel.SDFDirector.fire(SDFDirector.java:500)
	at ptolemy.actor.CompositeActor.fire(CompositeActor.java:455)
	at ptolemy.domains.de.kernel.DEDirector._fire(DEDirector.java:1949)
	at ptolemy.domains.de.kernel.DEDirector.fire(DEDirector.java:502)
	at ptolemy.actor.CompositeActor.fire(CompositeActor.java:455)
	at ptolemy.actor.Manager.iterate(Manager.java:851)
	at ptolemy.actor.Manager.execute(Manager.java:369)
	at ptolemy.actor.Manager.run(Manager.java:1263)
	at ptolemy.actor.Manager$PtolemyRunThread.run(Manager.java:1915)
java.lang.reflect.InvocationTargetException
	at sun.reflect.NativeConstructorAccessorImpl.newInstance0(Native Method)
	at sun.reflect.NativeConstructorAccessorImpl.newInstance(NativeConstructorAccessorImpl.java:62)
	at sun.reflect.DelegatingConstructorAccessorImpl.newInstance(DelegatingConstructorAccessorImpl.java:45)
	at java.lang.reflect.Constructor.newInstance(Constructor.java:423)
	at ptolemy.util.test.junit.AutoKnownFailedTests.RunModel(AutoKnownFailedTests.java:105)
	at sun.reflect.NativeMethodAccessorImpl.invoke0(Native Method)
	at sun.reflect.NativeMethodAccessorImpl.invoke(NativeMethodAccessorImpl.java:62)
	at sun.reflect.DelegatingMethodAccessorImpl.invoke(DelegatingMethodAccessorImpl.java:43)
	at java.lang.reflect.Method.invoke(Method.java:498)
	at org.junit.runners.model.FrameworkMethod$1.runReflectiveCall(FrameworkMethod.java:44)
	at org.junit.internal.runners.model.ReflectiveCallable.run(ReflectiveCallable.java:15)
	at org.junit.runners.model.FrameworkMethod.invokeExplosively(FrameworkMethod.java:41)
	at junitparams.internal.InvokeParameterisedMethod.evaluate(InvokeParameterisedMethod.java:102)
	at org.junit.internal.runners.statements.FailOnTimeout$1.run(FailOnTimeout.java:28)
Caused by: ptolemy.kernel.util.IllegalActionException: Actor is not ready to fire.  Perhaps UpSample.prefire() returned false? Try debugging the actor by selecting "Listen to Actor".  Also, for SDF check moml for tokenConsumptionRate on input.
  in .DESDFClockTest.Play Bell.Copy1:SDF Director and .DESDFClockTest.Play Bell.UpSample
	at ptolemy.actor.sched.StaticSchedulingDirector.fire(StaticSchedulingDirector.java:227)
	at ptolemy.domains.sdf.kernel.SDFDirector.fire(SDFDirector.java:500)
	at ptolemy.actor.CompositeActor.fire(CompositeActor.java:455)
	at ptolemy.domains.de.kernel.DEDirector._fire(DEDirector.java:1949)
	at ptolemy.domains.de.kernel.DEDirector.fire(DEDirector.java:502)
	at ptolemy.actor.CompositeActor.fire(CompositeActor.java:455)
	at ptolemy.actor.Manager.iterate(Manager.java:851)
	at ptolemy.actor.Manager.execute(Manager.java:369)
	at ptolemy.actor.Manager.run(Manager.java:1263)
	at ptolemy.actor.Manager$PtolemyRunThread.run(Manager.java:1915)
java.lang.RuntimeException: Execution failed
	at ptolemy.moml.MoMLSimpleApplication$UnloadThread.run(MoMLSimpleApplication.java:402)
Caused by: ptolemy.kernel.util.IllegalActionException: Test fails in iteration 1.
Value was: 1.0. Should have been: 2.0
  in .DirectFeedback.Test
	at ptolemy.actor.lib.Test.fire(Test.java:268)
	at ptolemy.domains.de.kernel.DEDirector._fire(DEDirector.java:1949)
	at ptolemy.domains.de.kernel.DEDirector.fire(DEDirector.java:502)
	at ptolemy.actor.CompositeActor.fire(CompositeActor.java:455)
	at ptolemy.actor.Manager.iterate(Manager.java:851)
	at ptolemy.actor.Manager.execute(Manager.java:369)
	at ptolemy.actor.Manager.run(Manager.java:1263)
	at ptolemy.actor.Manager$PtolemyRunThread.run(Manager.java:1915)
java.lang.reflect.InvocationTargetException
	at sun.reflect.NativeConstructorAccessorImpl.newInstance0(Native Method)
	at sun.reflect.NativeConstructorAccessorImpl.newInstance(NativeConstructorAccessorImpl.java:62)
	at sun.reflect.DelegatingConstructorAccessorImpl.newInstance(DelegatingConstructorAccessorImpl.java:45)
	at java.lang.reflect.Constructor.newInstance(Constructor.java:423)
	at ptolemy.util.test.junit.AutoKnownFailedTests.RunModel(AutoKnownFailedTests.java:105)
	at sun.reflect.NativeMethodAccessorImpl.invoke0(Native Method)
	at sun.reflect.NativeMethodAccessorImpl.invoke(NativeMethodAccessorImpl.java:62)
	at sun.reflect.DelegatingMethodAccessorImpl.invoke(DelegatingMethodAccessorImpl.java:43)
	at java.lang.reflect.Method.invoke(Method.java:498)
	at org.junit.runners.model.FrameworkMethod$1.runReflectiveCall(FrameworkMethod.java:44)
	at org.junit.internal.runners.model.ReflectiveCallable.run(ReflectiveCallable.java:15)
	at org.junit.runners.model.FrameworkMethod.invokeExplosively(FrameworkMethod.java:41)
	at junitparams.internal.InvokeParameterisedMethod.evaluate(InvokeParameterisedMethod.java:102)
	at org.junit.internal.runners.statements.FailOnTimeout$1.run(FailOnTimeout.java:28)
Caused by: ptolemy.kernel.util.IllegalActionException: Test fails in iteration 1.
Value was: 1.0. Should have been: 2.0
  in .DirectFeedback.Test
	at ptolemy.actor.lib.Test.fire(Test.java:268)
	at ptolemy.domains.de.kernel.DEDirector._fire(DEDirector.java:1949)
	at ptolemy.domains.de.kernel.DEDirector.fire(DEDirector.java:502)
	at ptolemy.actor.CompositeActor.fire(CompositeActor.java:455)
	at ptolemy.actor.Manager.iterate(Manager.java:851)
	at ptolemy.actor.Manager.execute(Manager.java:369)
	at ptolemy.actor.Manager.run(Manager.java:1263)
	at ptolemy.actor.Manager$PtolemyRunThread.run(Manager.java:1915)
java.lang.RuntimeException: Execution failed
	at ptolemy.moml.MoMLSimpleApplication$UnloadThread.run(MoMLSimpleApplication.java:402)
Caused by: ptolemy.kernel.util.IllegalActionException: Found a zero delay loop containing .HierarchicalModel.A
  in .HierarchicalModel and .HierarchicalModel.A
	at ptolemy.actor.util.CausalityInterfaceForComposites._computeOutputPortDepth(CausalityInterfaceForComposites.java:759)
	at ptolemy.actor.util.CausalityInterfaceForComposites._computeInputDepth(CausalityInterfaceForComposites.java:696)
	at ptolemy.actor.util.CausalityInterfaceForComposites._computeOutputPortDepth(CausalityInterfaceForComposites.java:765)
	at ptolemy.actor.util.CausalityInterfaceForComposites._computeInputDepth(CausalityInterfaceForComposites.java:696)
	at ptolemy.actor.util.CausalityInterfaceForComposites._computeOutputPortDepth(CausalityInterfaceForComposites.java:765)
	at ptolemy.actor.util.CausalityInterfaceForComposites._computeInputDepth(CausalityInterfaceForComposites.java:696)
	at ptolemy.actor.util.CausalityInterfaceForComposites._computeActorDepth(CausalityInterfaceForComposites.java:532)
	at ptolemy.actor.util.CausalityInterfaceForComposites.checkForCycles(CausalityInterfaceForComposites.java:96)
	at ptolemy.domains.de.kernel.DEDirector.preinitialize(DEDirector.java:1338)
	at ptolemy.actor.CompositeActor.preinitialize(CompositeActor.java:1828)
	at ptolemy.actor.Manager.preinitializeAndResolveTypes(Manager.java:1040)
	at ptolemy.actor.Manager.initialize(Manager.java:710)
	at ptolemy.actor.Manager.execute(Manager.java:356)
	at ptolemy.actor.Manager.run(Manager.java:1263)
	at ptolemy.actor.Manager$PtolemyRunThread.run(Manager.java:1915)
java.lang.reflect.InvocationTargetException
	at sun.reflect.NativeConstructorAccessorImpl.newInstance0(Native Method)
	at sun.reflect.NativeConstructorAccessorImpl.newInstance(NativeConstructorAccessorImpl.java:62)
	at sun.reflect.DelegatingConstructorAccessorImpl.newInstance(DelegatingConstructorAccessorImpl.java:45)
	at java.lang.reflect.Constructor.newInstance(Constructor.java:423)
	at ptolemy.util.test.junit.AutoKnownFailedTests.RunModel(AutoKnownFailedTests.java:105)
	at sun.reflect.NativeMethodAccessorImpl.invoke0(Native Method)
	at sun.reflect.NativeMethodAccessorImpl.invoke(NativeMethodAccessorImpl.java:62)
	at sun.reflect.DelegatingMethodAccessorImpl.invoke(DelegatingMethodAccessorImpl.java:43)
	at java.lang.reflect.Method.invoke(Method.java:498)
	at org.junit.runners.model.FrameworkMethod$1.runReflectiveCall(FrameworkMethod.java:44)
	at org.junit.internal.runners.model.ReflectiveCallable.run(ReflectiveCallable.java:15)
	at org.junit.runners.model.FrameworkMethod.invokeExplosively(FrameworkMethod.java:41)
	at junitparams.internal.InvokeParameterisedMethod.evaluate(InvokeParameterisedMethod.java:102)
	at org.junit.internal.runners.statements.FailOnTimeout$1.run(FailOnTimeout.java:28)
Caused by: ptolemy.kernel.util.IllegalActionException: Found a zero delay loop containing .HierarchicalModel.A
  in .HierarchicalModel and .HierarchicalModel.A
	at ptolemy.actor.util.CausalityInterfaceForComposites._computeOutputPortDepth(CausalityInterfaceForComposites.java:759)
	at ptolemy.actor.util.CausalityInterfaceForComposites._computeInputDepth(CausalityInterfaceForComposites.java:696)
	at ptolemy.actor.util.CausalityInterfaceForComposites._computeOutputPortDepth(CausalityInterfaceForComposites.java:765)
	at ptolemy.actor.util.CausalityInterfaceForComposites._computeInputDepth(CausalityInterfaceForComposites.java:696)
	at ptolemy.actor.util.CausalityInterfaceForComposites._computeOutputPortDepth(CausalityInterfaceForComposites.java:765)
	at ptolemy.actor.util.CausalityInterfaceForComposites._computeInputDepth(CausalityInterfaceForComposites.java:696)
	at ptolemy.actor.util.CausalityInterfaceForComposites._computeActorDepth(CausalityInterfaceForComposites.java:532)
	at ptolemy.actor.util.CausalityInterfaceForComposites.checkForCycles(CausalityInterfaceForComposites.java:96)
	at ptolemy.domains.de.kernel.DEDirector.preinitialize(DEDirector.java:1338)
	at ptolemy.actor.CompositeActor.preinitialize(CompositeActor.java:1828)
	at ptolemy.actor.Manager.preinitializeAndResolveTypes(Manager.java:1040)
	at ptolemy.actor.Manager.initialize(Manager.java:710)
	at ptolemy.actor.Manager.execute(Manager.java:356)
	at ptolemy.actor.Manager.run(Manager.java:1263)
	at ptolemy.actor.Manager$PtolemyRunThread.run(Manager.java:1915)
java.lang.RuntimeException: Execution failed
	at ptolemy.moml.MoMLSimpleApplication$UnloadThread.run(MoMLSimpleApplication.java:402)
Caused by: ptolemy.kernel.util.IllegalActionException: Found a zero delay loop containing .dependencyLoop.original
  in .dependencyLoop and .dependencyLoop.original
	at ptolemy.actor.util.CausalityInterfaceForComposites._computeOutputPortDepth(CausalityInterfaceForComposites.java:759)
	at ptolemy.actor.util.CausalityInterfaceForComposites._computeInputDepth(CausalityInterfaceForComposites.java:696)
	at ptolemy.actor.util.CausalityInterfaceForComposites._computeOutputPortDepth(CausalityInterfaceForComposites.java:765)
	at ptolemy.actor.util.CausalityInterfaceForComposites._computeInputDepth(CausalityInterfaceForComposites.java:696)
	at ptolemy.actor.util.CausalityInterfaceForComposites._computeOutputPortDepth(CausalityInterfaceForComposites.java:765)
	at ptolemy.actor.util.CausalityInterfaceForComposites._computeInputDepth(CausalityInterfaceForComposites.java:696)
	at ptolemy.actor.util.CausalityInterfaceForComposites._computeActorDepth(CausalityInterfaceForComposites.java:532)
	at ptolemy.actor.util.CausalityInterfaceForComposites.checkForCycles(CausalityInterfaceForComposites.java:96)
	at ptolemy.domains.de.kernel.DEDirector.preinitialize(DEDirector.java:1338)
	at ptolemy.actor.CompositeActor.preinitialize(CompositeActor.java:1828)
	at ptolemy.actor.Manager.preinitializeAndResolveTypes(Manager.java:1040)
	at ptolemy.actor.Manager.initialize(Manager.java:710)
	at ptolemy.actor.Manager.execute(Manager.java:356)
	at ptolemy.actor.Manager.run(Manager.java:1263)
	at ptolemy.actor.Manager$PtolemyRunThread.run(Manager.java:1915)
java.lang.reflect.InvocationTargetException
	at sun.reflect.NativeConstructorAccessorImpl.newInstance0(Native Method)
	at sun.reflect.NativeConstructorAccessorImpl.newInstance(NativeConstructorAccessorImpl.java:62)
	at sun.reflect.DelegatingConstructorAccessorImpl.newInstance(DelegatingConstructorAccessorImpl.java:45)
	at java.lang.reflect.Constructor.newInstance(Constructor.java:423)
	at ptolemy.util.test.junit.AutoKnownFailedTests.RunModel(AutoKnownFailedTests.java:105)
	at sun.reflect.NativeMethodAccessorImpl.invoke0(Native Method)
	at sun.reflect.NativeMethodAccessorImpl.invoke(NativeMethodAccessorImpl.java:62)
	at sun.reflect.DelegatingMethodAccessorImpl.invoke(DelegatingMethodAccessorImpl.java:43)
	at java.lang.reflect.Method.invoke(Method.java:498)
	at org.junit.runners.model.FrameworkMethod$1.runReflectiveCall(FrameworkMethod.java:44)
	at org.junit.internal.runners.model.ReflectiveCallable.run(ReflectiveCallable.java:15)
	at org.junit.runners.model.FrameworkMethod.invokeExplosively(FrameworkMethod.java:41)
	at junitparams.internal.InvokeParameterisedMethod.evaluate(InvokeParameterisedMethod.java:102)
	at org.junit.internal.runners.statements.FailOnTimeout$1.run(FailOnTimeout.java:28)
Caused by: ptolemy.kernel.util.IllegalActionException: Found a zero delay loop containing .dependencyLoop.original
  in .dependencyLoop and .dependencyLoop.original
	at ptolemy.actor.util.CausalityInterfaceForComposites._computeOutputPortDepth(CausalityInterfaceForComposites.java:759)
	at ptolemy.actor.util.CausalityInterfaceForComposites._computeInputDepth(CausalityInterfaceForComposites.java:696)
	at ptolemy.actor.util.CausalityInterfaceForComposites._computeOutputPortDepth(CausalityInterfaceForComposites.java:765)
	at ptolemy.actor.util.CausalityInterfaceForComposites._computeInputDepth(CausalityInterfaceForComposites.java:696)
	at ptolemy.actor.util.CausalityInterfaceForComposites._computeOutputPortDepth(CausalityInterfaceForComposites.java:765)
	at ptolemy.actor.util.CausalityInterfaceForComposites._computeInputDepth(CausalityInterfaceForComposites.java:696)
	at ptolemy.actor.util.CausalityInterfaceForComposites._computeActorDepth(CausalityInterfaceForComposites.java:532)
	at ptolemy.actor.util.CausalityInterfaceForComposites.checkForCycles(CausalityInterfaceForComposites.java:96)
	at ptolemy.domains.de.kernel.DEDirector.preinitialize(DEDirector.java:1338)
	at ptolemy.actor.CompositeActor.preinitialize(CompositeActor.java:1828)
	at ptolemy.actor.Manager.preinitializeAndResolveTypes(Manager.java:1040)
	at ptolemy.actor.Manager.initialize(Manager.java:710)
	at ptolemy.actor.Manager.execute(Manager.java:356)
	at ptolemy.actor.Manager.run(Manager.java:1263)
	at ptolemy.actor.Manager$PtolemyRunThread.run(Manager.java:1915)
java.lang.RuntimeException: Execution failed
	at ptolemy.moml.MoMLSimpleApplication$UnloadThread.run(MoMLSimpleApplication.java:402)
Caused by: ptolemy.kernel.util.IllegalActionException: Found a zero delay loop containing .dependencyLoop2.original
  in .dependencyLoop2 and .dependencyLoop2.original
	at ptolemy.actor.util.CausalityInterfaceForComposites._computeOutputPortDepth(CausalityInterfaceForComposites.java:759)
	at ptolemy.actor.util.CausalityInterfaceForComposites._computeInputDepth(CausalityInterfaceForComposites.java:696)
	at ptolemy.actor.util.CausalityInterfaceForComposites._computeOutputPortDepth(CausalityInterfaceForComposites.java:765)
	at ptolemy.actor.util.CausalityInterfaceForComposites._computeInputDepth(CausalityInterfaceForComposites.java:696)
	at ptolemy.actor.util.CausalityInterfaceForComposites._computeOutputPortDepth(CausalityInterfaceForComposites.java:765)
	at ptolemy.actor.util.CausalityInterfaceForComposites._computeInputDepth(CausalityInterfaceForComposites.java:696)
	at ptolemy.actor.util.CausalityInterfaceForComposites._computeActorDepth(CausalityInterfaceForComposites.java:532)
	at ptolemy.actor.util.CausalityInterfaceForComposites.checkForCycles(CausalityInterfaceForComposites.java:96)
	at ptolemy.domains.de.kernel.DEDirector.preinitialize(DEDirector.java:1338)
	at ptolemy.actor.CompositeActor.preinitialize(CompositeActor.java:1828)
	at ptolemy.actor.Manager.preinitializeAndResolveTypes(Manager.java:1040)
	at ptolemy.actor.Manager.initialize(Manager.java:710)
	at ptolemy.actor.Manager.execute(Manager.java:356)
	at ptolemy.actor.Manager.run(Manager.java:1263)
	at ptolemy.actor.Manager$PtolemyRunThread.run(Manager.java:1915)
java.lang.reflect.InvocationTargetException
	at sun.reflect.NativeConstructorAccessorImpl.newInstance0(Native Method)
	at sun.reflect.NativeConstructorAccessorImpl.newInstance(NativeConstructorAccessorImpl.java:62)
	at sun.reflect.DelegatingConstructorAccessorImpl.newInstance(DelegatingConstructorAccessorImpl.java:45)
	at java.lang.reflect.Constructor.newInstance(Constructor.java:423)
	at ptolemy.util.test.junit.AutoKnownFailedTests.RunModel(AutoKnownFailedTests.java:105)
	at sun.reflect.NativeMethodAccessorImpl.invoke0(Native Method)
	at sun.reflect.NativeMethodAccessorImpl.invoke(NativeMethodAccessorImpl.java:62)
	at sun.reflect.DelegatingMethodAccessorImpl.invoke(DelegatingMethodAccessorImpl.java:43)
	at java.lang.reflect.Method.invoke(Method.java:498)
	at org.junit.runners.model.FrameworkMethod$1.runReflectiveCall(FrameworkMethod.java:44)
	at org.junit.internal.runners.model.ReflectiveCallable.run(ReflectiveCallable.java:15)
	at org.junit.runners.model.FrameworkMethod.invokeExplosively(FrameworkMethod.java:41)
	at junitparams.internal.InvokeParameterisedMethod.evaluate(InvokeParameterisedMethod.java:102)
	at org.junit.internal.runners.statements.FailOnTimeout$1.run(FailOnTimeout.java:28)
Caused by: ptolemy.kernel.util.IllegalActionException: Found a zero delay loop containing .dependencyLoop2.original
  in .dependencyLoop2 and .dependencyLoop2.original
	at ptolemy.actor.util.CausalityInterfaceForComposites._computeOutputPortDepth(CausalityInterfaceForComposites.java:759)
	at ptolemy.actor.util.CausalityInterfaceForComposites._computeInputDepth(CausalityInterfaceForComposites.java:696)
	at ptolemy.actor.util.CausalityInterfaceForComposites._computeOutputPortDepth(CausalityInterfaceForComposites.java:765)
	at ptolemy.actor.util.CausalityInterfaceForComposites._computeInputDepth(CausalityInterfaceForComposites.java:696)
	at ptolemy.actor.util.CausalityInterfaceForComposites._computeOutputPortDepth(CausalityInterfaceForComposites.java:765)
	at ptolemy.actor.util.CausalityInterfaceForComposites._computeInputDepth(CausalityInterfaceForComposites.java:696)
	at ptolemy.actor.util.CausalityInterfaceForComposites._computeActorDepth(CausalityInterfaceForComposites.java:532)
	at ptolemy.actor.util.CausalityInterfaceForComposites.checkForCycles(CausalityInterfaceForComposites.java:96)
	at ptolemy.domains.de.kernel.DEDirector.preinitialize(DEDirector.java:1338)
	at ptolemy.actor.CompositeActor.preinitialize(CompositeActor.java:1828)
	at ptolemy.actor.Manager.preinitializeAndResolveTypes(Manager.java:1040)
	at ptolemy.actor.Manager.initialize(Manager.java:710)
	at ptolemy.actor.Manager.execute(Manager.java:356)
	at ptolemy.actor.Manager.run(Manager.java:1263)
	at ptolemy.actor.Manager$PtolemyRunThread.run(Manager.java:1915)
]]></system-err>
</testsuite>
