<?xml version="1.0" encoding="UTF-8" ?>
<testsuite errors="0" failures="0" hostname="travis-job-3307ce47-ed0c-456e-9504-7536df0445a7" name="ptolemy.domains.de.test.junit.JUnitTclTest" skipped="0" tests="101" time="140.068" timestamp="2018-10-31T02:37:40">
  <properties>
    <property name="npm.executable" value="npm" />
    <property name="file.encoding.pkg" value="sun.io" />
    <property name="env.TRAVIS_ROOT" value="/" />
    <property name="ptII.mk.exists" value="true" />
    <property name="env.TRAVIS_APP_HOST" value="build.travis-ci.org" />
    <property name="env.rvm_bin_path" value="/home/travis/.rvm/bin" />
    <property name="java.home" value="/usr/lib/jvm/java-8-oracle/jre" />
    <property name="env.TRAVIS_JOB_NUMBER" value="803.9" />
    <property name="env.TRAVIS_HOME" value="/home/travis" />
    <property name="env.DISPLAY" value=":99.0" />
    <property name="java.net.preferIPv4Stack" value="true" />
    <property name="env.TRAVIS_INIT" value="upstart" />
    <property name="env.SSH_TTY" value="/dev/pts/0" />
    <property name="env.RUN_TESTS" value="false" />
    <property name="timeout.short" value="1000000" />
    <property name="env.TRAVIS_STACK_NODE_ATTRIBUTES" value="/.node-attributes.yml" />
    <property name="junit.formatter" value="xml" />
    <property name="java.endorsed.dirs" value="/usr/lib/jvm/java-8-oracle/jre/lib/endorsed" />
    <property name="env.TRAVIS_SUDO" value="true" />
    <property name="env.LOGNAME" value="travis" />
    <property name="jsdoc.home" value="node_modules/@terraswarm/jsdoc" />
    <property name="debuglevel" value="source,lines,vars" />
    <property name="checkstyle.formatter" value="xml" />
    <property name="bin.vergil.makeable" value="true" />
    <property name="env._system_version" value="14.04" />
    <property name="sun.os.patch.level" value="unknown" />
    <property name="java.vendor.url" value="http://java.oracle.com/" />
    <property name="env.TRAVIS_BUILD_WEB_URL" value="https://travis-ci.org/icyphy/ptII/builds/448651954" />
    <property name="java.version" value="1.8.0_151" />
    <property name="env.TZ" value="UTC" />
    <property name="env.PT_NO_NET" value="true" />
    <property name="env.TRAVIS_PULL_REQUEST_SHA" value="" />
    <property name="env.TRAVIS_SECURE_ENV_VARS" value="true" />
    <property name="env._system_type" value="Linux" />
    <property name="java.vendor.url.bug" value="http://bugreport.sun.com/bugreport/" />
    <property name="env.SSH_CLIENT" value="10.10.19.214 35394 22" />
    <property name="npmjs-org-is-up" value="true" />
    <property name="env.GEM_HOME" value="/home/travis/.rvm/gems/ruby-2.4.1" />
    <property name="env.HAS_ANTARES_THREE_LITTLE_FRONZIES_BADGE" value="true" />
    <property name="env.PS4" value="+" />
    <property name="ant.project.invoked-targets" value="build,test.core2.xml" />
    <property name="env.TRAVIS_PULL_REQUEST_BRANCH" value="" />
    <property name="env.TRAVIS_REPO_SLUG" value="icyphy/ptII" />
    <property name="node.in.path" value="true" />
    <property name="java.maxmemory" value="1400m" />
    <property name="env.RUBY_VERSION" value="ruby-2.4.1" />
    <property name="user.name" value="travis" />
    <property name="env.LANG" value="en_US.UTF-8" />
    <property name="sun.io.unicode.encoding" value="UnicodeLittle" />
    <property name="sun.jnu.encoding" value="UTF-8" />
    <property name="java.runtime.name" value="Java(TM) SE Runtime Environment" />
    <property name="usefile" value="false" />
    <property name="return.code" value="0" />
    <property name="junit.single.formatter" value="plain" />
    <property name="env.DYLD_LIBRARY_PATH" value="/home/travis/pthla/certi-tools/lib:" />
    <property name="env.DEBIAN_FRONTEND" value="noninteractive" />
    <property name="env.SSH_CONNECTION" value="10.10.19.214 35394 10.20.1.147 22" />
    <property name="env.MYSQL_UNIX_PORT" value="/var/run/mysqld/mysqld.sock" />
    <property name="env.TRAVIS_ALLOW_FAILURE" value="false" />
    <property name="env.LC_ALL" value="en_US.UTF-8" />
    <property name="env.TRAVIS_JOB_WEB_URL" value="https://travis-ci.org/icyphy/ptII/jobs/448651963" />
    <property name="java.specification.name" value="Java Platform API Specification" />
    <property name="node.works" value="true" />
    <property name="user.timezone" value="" />
    <property name="path.separator" value=":" />
    <property name="env.TRAVIS_ENABLE_INFRA_DETECTION" value="true" />
    <property name="env.PYTHON_CFLAGS" value="-g -fstack-protector --param=ssp-buffer-size=4 -Wformat -Werror=format-security" />
    <property name="timeout.long" value="4000000" />
    <property name="env.CERTI_HOME" value="/home/travis/pthla/certi-tools" />
    <property name="file.encoding" value="UTF-8" />
    <property name="ant.file.ptII" value="/home/travis/build/icyphy/ptII/build.xml" />
    <property name="javadoc.packagenames" value="com.*,diva.*,lbnl.*,org.hlacerti.*,org.json.*,org.ptolemy.*,org.terraswarm.*,ptolemy.*,ptserver.*" />
    <property name="env.TRAVIS_PULL_REQUEST_SLUG" value="" />
    <property name="ant.project.default-target" value="build" />
    <property name="env.GIT_ASKPASS" value="echo" />
    <property name="env.HOME" value="/home/travis" />
    <property name="sun.java.command" value="org.apache.tools.ant.taskdefs.optional.junit.JUnitTestRunner ptolemy.domains.de.test.junit.JUnitTclTest skipNonTests=false filtertrace=true haltOnError=false haltOnFailure=false formatter=org.apache.tools.ant.taskdefs.optional.junit.OutErrSummaryJUnitResultFormatter showoutput=true outputtoformatters=true logfailedtests=true threadid=0 logtestlistenerevents=false formatter=org.apache.tools.ant.taskdefs.optional.junit.XMLJUnitResultFormatter,/home/travis/build/icyphy/ptII/reports/junit/TEST-ptolemy.domains.de.test.junit.JUnitTclTest.xml crashfile=/home/travis/build/icyphy/ptII/junitvmwatcher5927667597511164254.properties propsfile=/home/travis/build/icyphy/ptII/junit228970803056296490.properties" />
    <property name="env.MANPATH" value="/home/travis/.nvm/versions/node/v7.10.1/share/man:/home/travis/.kiex/elixirs/elixir-1.4.5/man:/home/travis/.rvm/rubies/ruby-2.4.1/share/man:/usr/local/man:/usr/local/cmake-3.9.2/man:/usr/local/clang-5.0.0/share/man:/usr/local/share/man:/usr/share/man:/home/travis/.rvm/man" />
    <property name="env.COMPOSER_NO_INTERACTION" value="1" />
    <property name="env.JDK_SWITCHER_DEFAULT" value="oraclejdk8" />
    <property name="env.TRAVIS_TIMER_ID" value="01c88a7b" />
    <property name="ant.file" value="/home/travis/build/icyphy/ptII/build.xml" />
    <property name="env.TRAVIS_COMMIT_RANGE" value="266362fdd7fec1c11f86a883b758bf967cd42763...88906283d1ef8600739cec7f6a1290cf61dda42a" />
    <property name="env._system_name" value="Ubuntu" />
    <property name="timeout" value="2400000" />
    <property name="ptII.classpath.optional.property" value="/home/travis/build/icyphy/ptII/lib/bsh-2.0b4.jar:/home/travis/build/icyphy/ptII/lib/ptCal.jar:/home/travis/build/icyphy/ptII/lib/java_cup.jar:/home/travis/build/icyphy/ptII/lib/saxon8.jar:/home/travis/build/icyphy/ptII/lib/saxon8-dom.jar:/home/travis/build/icyphy/ptII/lib/chic.jar:/home/travis/build/icyphy/ptII/lib/ptcolt.jar:/usr/lib/jvm/java-8-oracle/lib/tools.jar:/usr/lib/eclipse/plugins/org.eclipse.jdt.core_3.8.2.dist.jar:/usr/lib/eclipse/plugins/org.eclipse.core.runtime_3.8.0.dist.jar:/usr/lib/eclipse/plugins/org.eclipse.osgi_3.8.1.dist.jar:/usr/lib/eclipse/plugins/org.eclipse.core.resources_3.8.1.dist.jar:/usr/lib/eclipse/plugins/org.eclipse.equinox.common_3.6.100.dist.jar:/usr/lib/eclipse/plugins/org.eclipse.core.jobs_3.5.200.dist.jar:/usr/lib/eclipse/plugins/org.eclipse.core.contenttype_3.4.200.dist.jar:/usr/lib/eclipse/plugins/org.eclipse.equinox.preferences_3.5.0.dist.jar:/usr/lib/eclipse/plugins/org.eclipse.text_3.5.200.dist.jar:/usr/lib/eclipse/plugins/org.eclipse.ui.workbench_3.8.1.dist.jar:/usr/lib/eclipse/plugins/org.eclipse.jface_3.8.0.dist.jar:/usr/lib/eclipse/plugins/org.eclipse.swt_3.8.2.jar:/usr/lib/eclipse/plugins/org.eclipse.jface.text_3.8.1.dist.jar:/usr/lib/eclipse/plugins/org.eclipse.ui.workbench.texteditor_3.8.0.dist.jar:/usr/lib/eclipse/plugins/org.eclipse.ui.editors_3.8.0.dist.jar:/usr/lib/eclipse/plugins/org.eclipse.core.commands_3.6.1.dist.jar:/usr/lib/eclipse/plugins/org.eclipse.equinox.registry_3.5.200.dist.jar:/usr/lib/eclipse/plugins/org.eclipse.ui.console_3.5.100.dist.jar:/usr/lib/eclipse/plugins/org.eclipse.ui.forms_3.5.200.dist.jar:/usr/lib/eclipse/plugins/org.eclipse.ui.ide_3.8.1.dist.jar:/home/travis/build/icyphy/ptII/vendors/oracle/dbxml.jar:/home/travis/build/icyphy/ptII/vendors/oracle/db.jar:/home/travis/build/icyphy/ptII/vendors/misc/itext/iText.jar:/home/travis/build/icyphy/ptII/lib/g4ltl.jar:/home/travis/build/icyphy/ptII/lib/StructuralCoder.jar:/home/travis/build/icyphy/ptII/lib/org-openide-util.jar:/home/travis/build/icyphy/ptII/lib/org-openide-util-lookup.jar:/home/travis/build/icyphy/ptII/lib/org-netbeans-api-visual.jar:/home/travis/build/icyphy/ptII/vendors/jai-1_1_2_01/lib/jai_core.jar:/home/travis/build/icyphy/ptII/vendors/jai-1_1_2_01/lib/jai_codec.jar:/home/travis/build/icyphy/ptII/lib/jcerti.jar:/home/travis/build/icyphy/ptII/lib/smack.jar:/home/travis/build/icyphy/ptII/lib/smackx.jar:/home/travis/build/icyphy/ptII/lib/jetty-all-8.1.5-v20120716.jar:/home/travis/build/icyphy/ptII/lib/javax.servlet-api-3.0.1.jar:/home/travis/build/icyphy/ptII/lib/javax.mail.jar:/home/travis/build/icyphy/ptII/vendors/JMF-2.1.1e/lib/jmf.jar:/home/travis/build/icyphy/ptII/lib/jna-4.0.0-variadic.jar:/home/travis/build/icyphy/ptII/vendors/misc/joystick/Joystick.jar:/home/travis/build/icyphy/ptII/lib/ptjacl.jar:/home/travis/build/icyphy/ptII/lib/jsoup-1.8.2.jar:/home/travis/build/icyphy/ptII/lib/junit-4.8.2.jar:/home/travis/build/icyphy/ptII/lib/JUnitParams-0.4.0.jar:/home/travis/build/icyphy/ptII/ptolemy/actor/lib/excel/jxl.jar:/home/travis/build/icyphy/ptII/lib/jython.jar:/home/travis/build/icyphy/ptII/lib/kieler.jar:/home/travis/build/icyphy/ptII/vendors/opencv/share/OpenCV/java/opencv-341.jar:/home/travis/build/icyphy/ptII/lib/oscP5.jar:/home/travis/build/icyphy/ptII/lib/nrjavaserial-3.11.0.devel.jar:/home/travis/build/icyphy/ptII/vendors/j3d/lib/j3dcore.jar:/home/travis/build/icyphy/ptII/vendors/j3d/lib/j3dutils.jar:/home/travis/build/icyphy/ptII/vendors/j3d/lib/vecmath.jar:/home/travis/build/icyphy/ptII/ptolemy/distributed/jini/jar/jini-core.jar:/home/travis/build/icyphy/ptII/ptolemy/distributed/jini/jar/jini-ext.jar:/home/travis/build/icyphy/ptII/ptolemy/distributed/jini/jar/sun-util.jar:/home/travis/build/icyphy/ptII/lib/protobuf-java-2.4.1.jar:/home/travis/build/icyphy/ptII/lib/org.eclipse.paho.client.mqttv3.jar:/home/travis/build/icyphy/ptII/ptserver/lib/hessian-4.0.7.jar:/home/travis/build/icyphy/ptII/ptserver/lib/wmqtt.jar:/home/travis/build/icyphy/ptII/lib/mapss.jar:/home/travis/build/icyphy/ptII/ptolemy/actor/ptalon/antlr/antlr.jar:/home/travis/build/icyphy/ptII/lib/JRI.jar:/home/travis/build/icyphy/ptII/lib/commons-lang-2.6.jar:/home/travis/build/icyphy/ptII/lib/commons-logging-1.1.1.jar:/home/travis/build/icyphy/ptII/lib/sootclasses.jar:/home/travis/build/icyphy/ptII/ptolemy/actor/lib/database/mysql-connector-java-5.1.6-bin.jar:/home/travis/build/icyphy/ptII/vendors/misc/sphinx4/sphinx4-data-5prealpha.jar:/home/travis/build/icyphy/ptII/vendors/misc/sphinx4/sphinx4-core-5prealpha.jar:/home/travis/build/icyphy/ptII/lib/PDFRenderer.jar:/home/travis/build/icyphy/ptII/lib/svgSalamander.jar:/home/travis/build/icyphy/ptII/lib/rsyntaxtextarea-2.6.0-SNAPSHOT.jar:/home/travis/build/icyphy/ptII/lib/hazelcast-3.8.2.jar:/home/travis/build/icyphy/ptII/lib/jackson-annotations-2.9.0.jar:/home/travis/build/icyphy/ptII/lib/jackson-core-2.9.3.jar:/home/travis/build/icyphy/ptII/lib/jackson-databind-2.9.3.jar:/home/travis/build/icyphy/ptII/lib/netty-buffer-4.1.19.Final.jar:/home/travis/build/icyphy/ptII/lib/netty-codec-4.1.19.Final.jar:/home/travis/build/icyphy/ptII/lib/netty-codec-dns-4.1.19.Final.jar:/home/travis/build/icyphy/ptII/lib/netty-codec-http-4.1.19.Final.jar:/home/travis/build/icyphy/ptII/lib/netty-codec-http2-4.1.19.Final.jar:/home/travis/build/icyphy/ptII/lib/netty-common-4.1.19.Final.jar:/home/travis/build/icyphy/ptII/lib/netty-handler-4.1.19.Final.jar:/home/travis/build/icyphy/ptII/lib/netty-resolver-4.1.19.Final.jar:/home/travis/build/icyphy/ptII/lib/netty-resolver-dns-4.1.19.Final.jar:/home/travis/build/icyphy/ptII/lib/netty-transport-4.1.19.Final.jar:/home/travis/build/icyphy/ptII/lib/vertx-codegen-3.5.1.jar:/home/travis/build/icyphy/ptII/lib/vertx-core-3.5.2-SNAPSHOT.jar:/home/travis/build/icyphy/ptII/lib/vertx-hazelcast-3.5.1.jar:/home/travis/build/icyphy/ptII/lib/vertx-lang-js-3.5.1.jar:/home/travis/build/icyphy/ptII/lib/vertx-service-proxy-3.5.1.jar:/home/travis/build/icyphy/ptII/lib/vertx-web-3.5.1.jar:/home/travis/build/icyphy/ptII/lib/slf4j-api-1.7.13.jar:/home/travis/build/icyphy/ptII/lib/slf4j-simple-1.7.13.jar:/home/travis/build/icyphy/ptII/lib/webcam-capture-0.3.12.jar:/home/travis/build/icyphy/ptII/lib/bridj-0.7.0.jar:/home/travis/build/icyphy/ptII/lib/xbjlib-1.1.0.nrjavaserial.jar" />
    <property name="test.batch" value="**/junit/*.java" />
    <property name="env._" value="/usr/bin/timeout" />
    <property name="java.io.tmpdir" value="/tmp" />
    <property name="env.TRAVIS_INTERNAL_RUBY_REGEX" value="^ruby-(2\.[0-4]\.[0-9]|1\.9\.3)" />
    <property name="user.language" value="en" />
    <property name="env.HISTCONTROL" value="ignoredups:ignorespace" />
    <property name="env.GOROOT" value="/home/travis/.gimme/versions/go1.7.4.linux.amd64" />
    <property name="line.separator" value="&#xa;" />
    <property name="target" value="1.8" />
    <property name="env.TRAVIS_BUILD_DIR" value="/home/travis/build/icyphy/ptII" />
    <property name="env.ANT_OPTS" value="-Xmx2048m" />
    <property name="ant.file.type" value="file" />
    <property name="ptolemy.ptII.batchMode" value="true" />
    <property name="env.HISTSIZE" value="1000" />
    <property name="env.MERB_ENV" value="test" />
    <property name="java.vm.info" value="mixed mode" />
    <property name="source" value="1.8" />
    <property name="java.vm.specification.name" value="Java Virtual Machine Specification" />
    <property name="env.TRAVIS_TEST_RESULT" value="0" />
    <property name="jsdoc.command" value="node_modules/@terraswarm/jsdoc/jsdoc.js" />
    <property name="npm.works" value="true" />
    <property name="cobertura.dir" value="/home/travis/build/icyphy/ptII/vendors/cobertura-2.0.3" />
    <property name="env.rvm_path" value="/home/travis/.rvm" />
    <property name="env.GEM_PATH" value="/home/travis/.rvm/gems/ruby-2.4.1:/home/travis/.rvm/gems/ruby-2.4.1@global" />
    <property name="env.LC_CTYPE" value="en_US.UTF-8" />
    <property name="java.awt.printerjob" value="sun.print.PSPrinterJob" />
    <property name="env.TRAVIS_CMD" value="$PTII/bin/ptIITravisBuild.sh $SECONDS" />
    <property name="env.TRAVIS_STACK_NAME" value="garnet" />
    <property name="env.TRAVIS_TIMER_START_TIME" value="1540952910571752829" />
    <property name="ant.version" value="Apache Ant(TM) version 1.10.1 compiled on February 2 2017" />
    <property name="ptII.reports" value="/home/travis/build/icyphy/ptII/reports" />
    <property name="env.TRAVIS_STACK_TIMESTAMP" value="2017-12-05 19:33:09 UTC" />
    <property name="ant.file.type.ptII" value="file" />
    <property name="env.RBENV_SHELL" value="bash" />
    <property name="os.name" value="Linux" />
    <property name="java.specification.vendor" value="Oracle Corporation" />
    <property name="env.rvm_version" value="1.29.3 (latest)" />
    <property name="env.TRAVIS_INFRA" value="gce" />
    <property name="env.TERM" value="xterm" />
    <property name="java.vm.name" value="Java HotSpot(TM) 64-Bit Server VM" />
    <property name="env.TRAVIS_BUILD_NUMBER" value="803" />
    <property name="env.CI" value="true" />
    <property name="java.library.path" value="/home/travis/pthla/certi-tools/lib:/usr/lib/jni:/usr/local/share/OpenCV/java/:/usr/share/OpenCV/java::/usr/java/packages/lib/amd64:/usr/lib64:/lib64:/lib:/usr/lib" />
    <property name="env.rvm_prefix" value="/home/travis" />
    <property name="env.PATH" value="/home/travis/pthla/certi-tools/share/scripts:/home/travis/.rvm/gems/ruby-2.4.1/bin:/home/travis/.rvm/gems/ruby-2.4.1@global/bin:/home/travis/.rvm/rubies/ruby-2.4.1/bin:/home/travis/.rvm/bin:/home/travis/.nvm/versions/node/v7.10.1/bin:./node_modules/.bin:/home/travis/build/icyphy/ptII/bin:/home/travis/pthla/certi-tools/bin:/home/travis/bin:/home/travis/.local/bin:/opt/pyenv/shims:/home/travis/.phpenv/shims:/home/travis/perl5/perlbrew/bin:/home/travis/.kiex/elixirs/elixir-1.4.5/bin:/home/travis/.kiex/bin:/home/travis/gopath/bin:/home/travis/.gimme/versions/go1.7.4.linux.amd64/bin:/usr/local/phantomjs/bin:/usr/local/phantomjs:/usr/local/neo4j-3.2.7/bin:/usr/local/maven-3.5.2/bin:/usr/local/cmake-3.9.2/bin:/usr/local/clang-5.0.0/bin:/usr/local/sbin:/usr/local/bin:/usr/sbin:/usr/bin:/sbin:/bin:/home/travis/.phpenv/bin:/opt/pyenv/bin:/home/travis/.yarn/bin" />
    <property name="env.TRAVIS_OS_NAME" value="linux" />
    <property name="ant.java.version" value="1.8" />
    <property name="basedir" value="/home/travis/build/icyphy/ptII" />
    <property name="java.class.version" value="52.0" />
    <property name="env.SHLVL" value="3" />
    <property name="env.LD_LIBRARY_PATH" value="/home/travis/pthla/certi-tools/lib:/usr/lib/jni:/usr/local/share/OpenCV/java/:/usr/share/OpenCV/java:" />
    <property name="env.RACK_ENV" value="test" />
    <property name="ant.home" value="/home/travis/build/icyphy/ptII/ant" />
    <property name="env.NVM_DIR" value="/home/travis/.nvm" />
    <property name="env.PERLBREW_BASHRC_VERSION" value="0.80" />
    <property name="env.CERTI_FOM_PATH" value="/home/travis/pthla/certi-tools/share/federations" />
    <property name="env.TRAVIS_BUILD_ID" value="448651954" />
    <property name="env.PYENV_ROOT" value="/opt/pyenv" />
    <property name="env.TRAVIS_UID" value="2000" />
    <property name="env.rvm_pretty_print_flag" value="auto" />
    <property name="env.NVM_BIN" value="/home/travis/.nvm/versions/node/v7.10.1/bin" />
    <property name="env.TRAVIS_COMMIT" value="88906283d1ef8600739cec7f6a1290cf61dda42a" />
    <property name="env._system_arch" value="x86_64" />
    <property name="node.executable" value="node" />
    <property name="sun.boot.library.path" value="/usr/lib/jvm/java-8-oracle/jre/lib/amd64" />
    <property name="sun.management.compiler" value="HotSpot 64-Bit Tiered Compilers" />
    <property name="env.GOPATH" value="/home/travis/gopath" />
    <property name="java.awt.graphicsenv" value="sun.awt.X11GraphicsEnvironment" />
    <property name="ptolemy.ptII.dir" value="/home/travis/build/icyphy/ptII" />
    <property name="env.USER" value="travis" />
    <property name="env.HISTFILESIZE" value="2000" />
    <property name="timeout.longest" value="19000000" />
    <property name="env.TRAVIS_STACK_FEATURES" value="basic cassandra chromium couchdb disabled-ipv6 docker docker-compose elasticsearch firefox go-toolchain google-chrome jdk memcached mongodb mysql neo4j nodejs_interpreter perl_interpreter perlbrew phantomjs postgresql python_interpreter rabbitmq redis riak ruby_interpreter sqlite xserver" />
    <property name="env.TRAVIS_PULL_REQUEST" value="false" />
    <property name="env.PYENV_SHELL" value="bash" />
    <property name="ant.project.name" value="ptII" />
    <property name="java.vm.specification.version" value="1.8" />
    <property name="env.ANSI_RESET" value="\033[0m" />
    <property name="env.TRAVIS_DIST" value="trusty" />
    <property name="env.CERTI_VERSION" value="4.0.0" />
    <property name="env.NLSPATH" value="/usr/dt/lib/nls/msg/%L/%N.cat" />
    <property name="env.CERTI_HOST" value="localhost" />
    <property name="awt.toolkit" value="sun.awt.X11.XToolkit" />
    <property name="env.MY_RUBY_HOME" value="/home/travis/.rvm/rubies/ruby-2.4.1" />
    <property name="sun.cpu.isalist" value="" />
    <property name="env.TRAVIS_TMPDIR" value="/tmp/tmp.zHZ6ICRJEG" />
    <property name="java.ext.dirs" value="/usr/lib/jvm/java-8-oracle/jre/lib/ext:/usr/java/packages/lib/ext" />
    <property name="os.version" value="4.4.0-101-generic" />
    <property name="user.home" value="/home/travis" />
    <property name="env.MIX_ARCHIVES" value="/home/travis/.kiex/mix/elixir-1.4.5" />
    <property name="java.vm.vendor" value="Oracle Corporation" />
    <property name="env.TRAVIS_TAG" value="nightly" />
    <property name="env.ANSI_YELLOW" value="\033[33;1m" />
    <property name="env.TRAVIS_FILTERED" value="redirect_io" />
    <property name="env.ANSI_GREEN" value="\033[32;1m" />
    <property name="javadoc.excludepackagenames" value="adm.cvs2svn.*,build.*,config.*,doc.coding.templates.*,jni.test.jni.meaningOfLife.*,jni.test.jni.testDeux.*,jni.test.jni.testTrois.*,org.terraswarm.accessor.accessors.web.node_modules.*,org.terraswarm.accessor.accessors.web.hosts.cordova.demo.*,org.terraswarm.accessor.accessors.web.hosts.cordova.plugins.*,org.terraswarm.accessor.accessors-svn.*,pt-modules.*,ptolemy.apps.agilent.*,ptolemy.apps.anytimecontrol.*,ptolemy.apps.apes.*,ptolemy.apps.charon.*,ptolemy.apps.crazyboard.*,ptolemy.apps.eclipse.*,ptolemy.apps.etherealSting.*,ptolemy.apps.fullscreen.*,ptolemy.apps.giotto.*,ptolemy.apps.ia.*,ptolemy.apps.interfaces.*,ptolemy.apps.jmf.*,ptolemy.apps.kurt.*,ptolemy.apps.kvm.*,ptolemy.apps.lego.*,ptolemy.apps.lejos.*,ptolemy.apps.midp.*,ptolemy.apps.mobileCoding.*,ptolemy.apps.pendulum.*,ptolemy.apps.rijndael.*,ptolemy.apps.robot.*,ptolemy.apps.security.*,ptolemy.apps.sobel.*,ptolemy.apps.soot.*,ptolemy.apps.throttle.*,ptolemy.apps.tini.*,ptolemy.apps.transmission.*,ptolemy.apps.vergil.*,ptolemy.apps.waba.*,ptolemy.apps.websensor.*,ptolemy.apps.webstart.*,ptolemy.apps.xsl.*,ptolemy.apps.zaurus.*,ptolemy.backtrack.eclipse.plugin.*,ptolemy.backtrack.test.*,ptolemy.codegen.c.actor.lib.oldJavaFiles.*,ptolemy.codegen.dsp.lib.*,ptolemy.codegen.kernel.newInterfaces.*,ptolemy.codegen.lib.*,ptolemy.copernicus.kernel.fragment.*,ptolemy.copernicus.shallow.cg.*,ptolemy.domains.giotto.demo.Hierarchy.Hierarchy.*,ptolemy.domains.giotto.demo.Multimode.Multimode.*,ptolemy.domains.giotto.demo.Simple.Simple.*,ptolemy.domains.gr.lib.experimental.*,ptolemy.domains.gro.*,ptolemy.domains.pdf.*,ptolemy.domains.ptinyos.demo.Surge.output.*,ptolemy.moml.test.NoPackageActor.java*,ptolemy.plot.adm.*,ptolemy.plot.servlet.*,reports.*,signed.*,src.*,target.*,vendors.*,ptolemy.cg.adapter.generic.program.procedural.c.mbed*,ptolemy.actor.lib.fmi.fmus.omc*,ptolemy.domains.openmodelica*,ptdb.kernel.bl.save.test.*,ptdb.kernel.bl.load.test.*,ptdb.kernel.bl.search.test.*,ptdb.kernel.bl.migration.test.*,ptdb.kernel.database.test.*,ptdb.test.*,ptdb.gui.test.*,org.ptolemy.scala.*,diva.util.java2d.svg.*,ptolemy.domains.ptinyos.*,ptolemy.actor.lib.fmi.fmipp.*,,org.terraswarm.accessor.accessors.web.node_modules.*,org.terraswarm.accessor.accessors-svn,ptolemy.apps.*,ptolemy.actor.ptalon.demo.ptinyos.SendAndReceiveCnt.output,ptolemy.actor.ptalon.demo.ptinyos.SenseToLeds.output,ptolemy.domains.ptinyos.demo.CntToLedsAndRfm.output,ptolemy.domains.ptinyos.demo.RfmToLeds.output,ptolemy.domains.ptinyos.demo.SendAndReceiveCnt.output,ptolemy.domains.ptinyos.demo.SenseToLeds.output,ptolemy.actor.lib.jjs.modules.udpSocket.*" />
    <property name="env.JAVA_HOME" value="/usr/lib/jvm/java-8-oracle" />
    <property name="env.PTII" value="/home/travis/build/icyphy/ptII" />
    <property name="env.XDG_SESSION_ID" value="2" />
    <property name="keystore" value="ptKeystore" />
    <property name="env.TRAVIS_COMMIT_MESSAGE" value="First pass on cleaning up documentation and parameter names" />
    <property name="junit.output.dir" value="/home/travis/build/icyphy/ptII/reports/junit" />
    <property name="npm.return.code" value="0" />
    <property name="user.dir" value="/home/travis/build/icyphy/ptII/ptolemy/domains/de/test" />
    <property name="env.TRAVIS_NODE_VERSION" value="7" />
    <property name="env.XFILESEARCHPATH" value="/usr/dt/app-defaults/%L/Dt" />
    <property name="env.MAIL" value="/var/mail/travis" />
    <property name="env.TRAVIS_EVENT_TYPE" value="cron" />
    <property name="env.PERLBREW_ROOT" value="/home/travis/perl5/perlbrew" />
    <property name="env.PWD" value="/home/travis/build/icyphy/ptII" />
    <property name="timeout.npm" value="45000" />
    <property name="env.PT_TRAVIS_TEST_CORE2_XML" value="true" />
    <property name="env.TRAVIS_ARCH" value="amd64" />
    <property name="env.PAGER" value="cat" />
    <property name="sun.cpu.endian" value="little" />
    <property name="env.TRAVIS_BUILD_STAGE_NAME" value="Test" />
    <property name="env.PERLBREW_HOME" value="/home/travis/.perlbrew" />
    <property name="env.RAILS_ENV" value="test" />
    <property name="java.vm.version" value="25.151-b12" />
    <property name="java.class.path" value="/home/travis/build/icyphy/ptII:/home/travis/build/icyphy/ptII/lib/bsh-2.0b4.jar:/home/travis/build/icyphy/ptII/lib/ptCal.jar:/home/travis/build/icyphy/ptII/lib/java_cup.jar:/home/travis/build/icyphy/ptII/lib/saxon8.jar:/home/travis/build/icyphy/ptII/lib/saxon8-dom.jar:/home/travis/build/icyphy/ptII/lib/chic.jar:/home/travis/build/icyphy/ptII/lib/ptcolt.jar:/usr/lib/jvm/java-8-oracle/lib/tools.jar:/usr/lib/eclipse/plugins/org.eclipse.jdt.core_3.8.2.dist.jar:/usr/lib/eclipse/plugins/org.eclipse.core.runtime_3.8.0.dist.jar:/usr/lib/eclipse/plugins/org.eclipse.osgi_3.8.1.dist.jar:/usr/lib/eclipse/plugins/org.eclipse.core.resources_3.8.1.dist.jar:/usr/lib/eclipse/plugins/org.eclipse.equinox.common_3.6.100.dist.jar:/usr/lib/eclipse/plugins/org.eclipse.core.jobs_3.5.200.dist.jar:/usr/lib/eclipse/plugins/org.eclipse.core.contenttype_3.4.200.dist.jar:/usr/lib/eclipse/plugins/org.eclipse.equinox.preferences_3.5.0.dist.jar:/usr/lib/eclipse/plugins/org.eclipse.text_3.5.200.dist.jar:/usr/lib/eclipse/plugins/org.eclipse.ui.workbench_3.8.1.dist.jar:/usr/lib/eclipse/plugins/org.eclipse.jface_3.8.0.dist.jar:/usr/lib/eclipse/plugins/org.eclipse.swt_3.8.2.jar:/usr/lib/eclipse/plugins/org.eclipse.jface.text_3.8.1.dist.jar:/usr/lib/eclipse/plugins/org.eclipse.ui.workbench.texteditor_3.8.0.dist.jar:/usr/lib/eclipse/plugins/org.eclipse.ui.editors_3.8.0.dist.jar:/usr/lib/eclipse/plugins/org.eclipse.core.commands_3.6.1.dist.jar:/usr/lib/eclipse/plugins/org.eclipse.equinox.registry_3.5.200.dist.jar:/usr/lib/eclipse/plugins/org.eclipse.ui.console_3.5.100.dist.jar:/usr/lib/eclipse/plugins/org.eclipse.ui.forms_3.5.200.dist.jar:/usr/lib/eclipse/plugins/org.eclipse.ui.ide_3.8.1.dist.jar:/home/travis/build/icyphy/ptII/vendors/oracle/dbxml.jar:/home/travis/build/icyphy/ptII/vendors/oracle/db.jar:/home/travis/build/icyphy/ptII/vendors/misc/itext/iText.jar:/home/travis/build/icyphy/ptII/lib/g4ltl.jar:/home/travis/build/icyphy/ptII/lib/StructuralCoder.jar:/home/travis/build/icyphy/ptII/lib/org-openide-util.jar:/home/travis/build/icyphy/ptII/lib/org-openide-util-lookup.jar:/home/travis/build/icyphy/ptII/lib/org-netbeans-api-visual.jar:/home/travis/build/icyphy/ptII/vendors/jai-1_1_2_01/lib/jai_core.jar:/home/travis/build/icyphy/ptII/vendors/jai-1_1_2_01/lib/jai_codec.jar:/home/travis/build/icyphy/ptII/lib/jcerti.jar:/home/travis/build/icyphy/ptII/lib/smack.jar:/home/travis/build/icyphy/ptII/lib/smackx.jar:/home/travis/build/icyphy/ptII/lib/jetty-all-8.1.5-v20120716.jar:/home/travis/build/icyphy/ptII/lib/javax.servlet-api-3.0.1.jar:/home/travis/build/icyphy/ptII/lib/javax.mail.jar:/home/travis/build/icyphy/ptII/vendors/JMF-2.1.1e/lib/jmf.jar:/home/travis/build/icyphy/ptII/lib/jna-4.0.0-variadic.jar:/home/travis/build/icyphy/ptII/vendors/misc/joystick/Joystick.jar:/home/travis/build/icyphy/ptII/lib/ptjacl.jar:/home/travis/build/icyphy/ptII/lib/jsoup-1.8.2.jar:/home/travis/build/icyphy/ptII/lib/junit-4.8.2.jar:/home/travis/build/icyphy/ptII/lib/JUnitParams-0.4.0.jar:/home/travis/build/icyphy/ptII/ptolemy/actor/lib/excel/jxl.jar:/home/travis/build/icyphy/ptII/lib/jython.jar:/home/travis/build/icyphy/ptII/lib/kieler.jar:/home/travis/build/icyphy/ptII/vendors/opencv/share/OpenCV/java/opencv-341.jar:/home/travis/build/icyphy/ptII/lib/oscP5.jar:/home/travis/build/icyphy/ptII/lib/nrjavaserial-3.11.0.devel.jar:/home/travis/build/icyphy/ptII/vendors/j3d/lib/j3dcore.jar:/home/travis/build/icyphy/ptII/vendors/j3d/lib/j3dutils.jar:/home/travis/build/icyphy/ptII/vendors/j3d/lib/vecmath.jar:/home/travis/build/icyphy/ptII/ptolemy/distributed/jini/jar/jini-core.jar:/home/travis/build/icyphy/ptII/ptolemy/distributed/jini/jar/jini-ext.jar:/home/travis/build/icyphy/ptII/ptolemy/distributed/jini/jar/sun-util.jar:/home/travis/build/icyphy/ptII/lib/protobuf-java-2.4.1.jar:/home/travis/build/icyphy/ptII/lib/org.eclipse.paho.client.mqttv3.jar:/home/travis/build/icyphy/ptII/ptserver/lib/hessian-4.0.7.jar:/home/travis/build/icyphy/ptII/ptserver/lib/wmqtt.jar:/home/travis/build/icyphy/ptII/lib/mapss.jar:/home/travis/build/icyphy/ptII/ptolemy/actor/ptalon/antlr/antlr.jar:/home/travis/build/icyphy/ptII/lib/JRI.jar:/home/travis/build/icyphy/ptII/lib/commons-lang-2.6.jar:/home/travis/build/icyphy/ptII/lib/commons-logging-1.1.1.jar:/home/travis/build/icyphy/ptII/lib/sootclasses.jar:/home/travis/build/icyphy/ptII/ptolemy/actor/lib/database/mysql-connector-java-5.1.6-bin.jar:/home/travis/build/icyphy/ptII/vendors/misc/sphinx4/sphinx4-data-5prealpha.jar:/home/travis/build/icyphy/ptII/vendors/misc/sphinx4/sphinx4-core-5prealpha.jar:/home/travis/build/icyphy/ptII/lib/PDFRenderer.jar:/home/travis/build/icyphy/ptII/lib/svgSalamander.jar:/home/travis/build/icyphy/ptII/lib/rsyntaxtextarea-2.6.0-SNAPSHOT.jar:/home/travis/build/icyphy/ptII/lib/hazelcast-3.8.2.jar:/home/travis/build/icyphy/ptII/lib/jackson-annotations-2.9.0.jar:/home/travis/build/icyphy/ptII/lib/jackson-core-2.9.3.jar:/home/travis/build/icyphy/ptII/lib/jackson-databind-2.9.3.jar:/home/travis/build/icyphy/ptII/lib/netty-buffer-4.1.19.Final.jar:/home/travis/build/icyphy/ptII/lib/netty-codec-4.1.19.Final.jar:/home/travis/build/icyphy/ptII/lib/netty-codec-dns-4.1.19.Final.jar:/home/travis/build/icyphy/ptII/lib/netty-codec-http-4.1.19.Final.jar:/home/travis/build/icyphy/ptII/lib/netty-codec-http2-4.1.19.Final.jar:/home/travis/build/icyphy/ptII/lib/netty-common-4.1.19.Final.jar:/home/travis/build/icyphy/ptII/lib/netty-handler-4.1.19.Final.jar:/home/travis/build/icyphy/ptII/lib/netty-resolver-4.1.19.Final.jar:/home/travis/build/icyphy/ptII/lib/netty-resolver-dns-4.1.19.Final.jar:/home/travis/build/icyphy/ptII/lib/netty-transport-4.1.19.Final.jar:/home/travis/build/icyphy/ptII/lib/vertx-codegen-3.5.1.jar:/home/travis/build/icyphy/ptII/lib/vertx-core-3.5.2-SNAPSHOT.jar:/home/travis/build/icyphy/ptII/lib/vertx-hazelcast-3.5.1.jar:/home/travis/build/icyphy/ptII/lib/vertx-lang-js-3.5.1.jar:/home/travis/build/icyphy/ptII/lib/vertx-service-proxy-3.5.1.jar:/home/travis/build/icyphy/ptII/lib/vertx-web-3.5.1.jar:/home/travis/build/icyphy/ptII/lib/slf4j-api-1.7.13.jar:/home/travis/build/icyphy/ptII/lib/slf4j-simple-1.7.13.jar:/home/travis/build/icyphy/ptII/lib/webcam-capture-0.3.12.jar:/home/travis/build/icyphy/ptII/lib/bridj-0.7.0.jar:/home/travis/build/icyphy/ptII/lib/xbjlib-1.1.0.nrjavaserial.jar:/home/travis/build/icyphy/ptII/ptolemy/moml/test:/home/travis/build/icyphy/ptII/ant/lib/ant-launcher.jar:/home/travis/build/icyphy/ptII/ant/lib/ant.jar:/home/travis/build/icyphy/ptII/ant/lib/ant-junit.jar:/home/travis/build/icyphy/ptII/ant/lib/ant-junit4.jar" />
    <property name="ant.library.dir" value="/home/travis/build/icyphy/ptII/ant/lib" />
    <property name="os.arch" value="amd64" />
    <property name="env.TRAVIS_LANGUAGE" value="node_js" />
    <property name="env.CONTINUOUS_INTEGRATION" value="true" />
    <property name="env.TRAVIS_STACK_LANGUAGES" value="__garnet__ c c++ clojure cplusplus cpp default go groovy java node_js php pure_java python ruby scala" />
    <property name="test.name" value="ptolemy.actor.lib.test.junit.JUnitTclTest" />
    <property name="sun.java.launcher" value="SUN_STANDARD" />
    <property name="env.PYTHON_CONFIGURE_OPTS" value="--enable-unicode=ucs4 --with-wide-unicode --enable-shared --enable-ipv6 --enable-loadable-sqlite-extensions --with-computed-gotos" />
    <property name="ant.core.lib" value="/home/travis/build/icyphy/ptII/ant/lib/ant.jar" />
    <property name="java.vm.specification.vendor" value="Oracle Corporation" />
    <property name="env.BCVTB_HOME" value="/home/travis/build/icyphy/ptII/lbnl" />
    <property name="file.separator" value="/" />
    <property name="spotbugs.home" value="/home/travis/build/icyphy/ptII/vendors/spotbugs-3.1.1" />
    <property name="java.runtime.version" value="1.8.0_151-b12" />
    <property name="sun.boot.class.path" value="/usr/lib/jvm/java-8-oracle/jre/lib/resources.jar:/usr/lib/jvm/java-8-oracle/jre/lib/rt.jar:/usr/lib/jvm/java-8-oracle/jre/lib/sunrsasign.jar:/usr/lib/jvm/java-8-oracle/jre/lib/jsse.jar:/usr/lib/jvm/java-8-oracle/jre/lib/jce.jar:/usr/lib/jvm/java-8-oracle/jre/lib/charsets.jar:/usr/lib/jvm/java-8-oracle/jre/lib/jfr.jar:/usr/lib/jvm/java-8-oracle/jre/classes" />
    <property name="env.ANSI_CLEAR" value="\033[0K" />
    <property name="env.HAS_JOSH_K_SEAL_OF_APPROVAL" value="true" />
    <property name="env.TRAVIS_OSX_IMAGE" value="" />
    <property name="env.XDG_RUNTIME_DIR" value="/run/user/2000" />
    <property name="env.TRAVIS_BRANCH" value="master" />
    <property name="env.TRAVIS_JOB_ID" value="448651963" />
    <property name="env.CERTI_HOME_TRAVIS" value="/home/travis/pthla/certi-tools" />
    <property name="user.country" value="US" />
    <property name="env.SHELL" value="/bin/bash" />
    <property name="model" value="" />
    <property name="java.maxmemory.large" value="5000m" />
    <property name="env.CASHER_DIR" value="/home/travis/.casher" />
    <property name="env.NVM_CD_FLAGS" value="" />
    <property name="jshint.executable" value="/home/travis/node_modules/jshint/bin/jshint" />
    <property name="env.JRUBY_OPTS" value=" --client -J-XX:+TieredCompilation -J-XX:TieredStopAtLevel=1 -J-Xss2m -Xcompile.invokedynamic=false" />
    <property name="java.vendor" value="Oracle Corporation" />
    <property name="env.TRAVIS_PRE_CHEF_BOOTSTRAP_TIME" value="2017-12-05T19:32:55" />
    <property name="env.ELIXIR_VERSION" value="1.4.5" />
    <property name="env.TRAVIS_STACK_JOB_BOARD_REGISTER" value="/.job-board-register.yml" />
    <property name="env.ANSI_RED" value="\033[31;1m" />
    <property name="java.specification.version" value="1.8" />
    <property name="env.TRAVIS" value="true" />
    <property name="env.IRBRC" value="/home/travis/.rvm/rubies/ruby-2.4.1/.irbrc" />
    <property name="sun.arch.data.model" value="64" />
  </properties>
  <testcase classname="ptolemy.util.test.junit.TclTests" name="[0] /home/travis/build/icyphy/ptII/ptolemy/domains/de/test/DependencyLoop.tcl (RunTclFile)" time="0.914" />
  <testcase classname="ptolemy.util.test.junit.TclTests" name="[1] /home/travis/build/icyphy/ptII/ptolemy/domains/de/test/RunDETestsAsQSS.tcl (RunTclFile)" time="96.01" />
  <testcase classname="ptolemy.util.test.junit.AutoKnownFailedTests" name="[0] /home/travis/build/icyphy/ptII/ptolemy/domains/de/test/auto/knownFailedTests/DESDFClockTest.xml (RunModel)" time="2.061" />
  <testcase classname="ptolemy.util.test.junit.AutoKnownFailedTests" name="[1] /home/travis/build/icyphy/ptII/ptolemy/domains/de/test/auto/knownFailedTests/DirectFeedback.xml (RunModel)" time="0.04" />
  <testcase classname="ptolemy.util.test.junit.AutoKnownFailedTests" name="[2] /home/travis/build/icyphy/ptII/ptolemy/domains/de/test/auto/knownFailedTests/FSMSource.xml (RunModel)" time="0.055" />
  <testcase classname="ptolemy.util.test.junit.AutoKnownFailedTests" name="[3] /home/travis/build/icyphy/ptII/ptolemy/domains/de/test/auto/knownFailedTests/HierarchicalModel.xml (RunModel)" time="0.071" />
  <testcase classname="ptolemy.util.test.junit.AutoKnownFailedTests" name="[4] /home/travis/build/icyphy/ptII/ptolemy/domains/de/test/auto/knownFailedTests/dependencyLoop.xml (RunModel)" time="0.048" />
  <testcase classname="ptolemy.util.test.junit.AutoKnownFailedTests" name="[5] /home/travis/build/icyphy/ptII/ptolemy/domains/de/test/auto/knownFailedTests/dependencyLoop2.xml (RunModel)" time="0.051" />
  <testcase classname="ptolemy.util.test.junit.AutoNameArchTests" name="[0] ThereAreNoAutoArchTests (RunModel)" time="0.005" />
  <testcase classname="ptolemy.util.test.junit.AutoTests" name="[0] /home/travis/build/icyphy/ptII/ptolemy/domains/de/test/auto/ActorDepthCalculation_actorWithoutPorts.xml (RunModel)" time="0.02" />
  <testcase classname="ptolemy.util.test.junit.AutoTests" name="[1] /home/travis/build/icyphy/ptII/ptolemy/domains/de/test/auto/AssemblyLine.xml (RunModel)" time="0.03" />
  <testcase classname="ptolemy.util.test.junit.AutoTests" name="[2] /home/travis/build/icyphy/ptII/ptolemy/domains/de/test/auto/CQBug1.xml (RunModel)" time="0.017" />
  <testcase classname="ptolemy.util.test.junit.AutoTests" name="[3] /home/travis/build/icyphy/ptII/ptolemy/domains/de/test/auto/CancelFireAt.xml (RunModel)" time="0.011" />
  <testcase classname="ptolemy.util.test.junit.AutoTests" name="[4] /home/travis/build/icyphy/ptII/ptolemy/domains/de/test/auto/CausalityAndComposabilityAnalysis.xml (RunModel)" time="0.014" />
  <testcase classname="ptolemy.util.test.junit.AutoTests" name="[5] /home/travis/build/icyphy/ptII/ptolemy/domains/de/test/auto/CausalityInterface1.xml (RunModel)" time="0.018" />
  <testcase classname="ptolemy.util.test.junit.AutoTests" name="[6] /home/travis/build/icyphy/ptII/ptolemy/domains/de/test/auto/CausalityInterface15.xml (RunModel)" time="0.016" />
  <testcase classname="ptolemy.util.test.junit.AutoTests" name="[7] /home/travis/build/icyphy/ptII/ptolemy/domains/de/test/auto/CausalityInterface2.xml (RunModel)" time="0.021" />
  <testcase classname="ptolemy.util.test.junit.AutoTests" name="[8] /home/travis/build/icyphy/ptII/ptolemy/domains/de/test/auto/CausalityInterface3.xml (RunModel)" time="0.018" />
  <testcase classname="ptolemy.util.test.junit.AutoTests" name="[9] /home/travis/build/icyphy/ptII/ptolemy/domains/de/test/auto/ClockDrift.xml (RunModel)" time="0.053" />
  <testcase classname="ptolemy.util.test.junit.AutoTests" name="[10] /home/travis/build/icyphy/ptII/ptolemy/domains/de/test/auto/ClockDriftAndValueChange.xml (RunModel)" time="0.048" />
  <testcase classname="ptolemy.util.test.junit.AutoTests" name="[11] /home/travis/build/icyphy/ptII/ptolemy/domains/de/test/auto/ClockDriftChange.xml (RunModel)" time="0.054" />
  <testcase classname="ptolemy.util.test.junit.AutoTests" name="[12] /home/travis/build/icyphy/ptII/ptolemy/domains/de/test/auto/ComposableCausalityAnalysis.xml (RunModel)" time="0.029" />
  <testcase classname="ptolemy.util.test.junit.AutoTests" name="[13] /home/travis/build/icyphy/ptII/ptolemy/domains/de/test/auto/DEFixedPointLimitation.xml (RunModel)" time="0.013" />
  <testcase classname="ptolemy.util.test.junit.AutoTests" name="[14] /home/travis/build/icyphy/ptII/ptolemy/domains/de/test/auto/DEScheduleTest.xml (RunModel)" time="0.015" />
  <testcase classname="ptolemy.util.test.junit.AutoTests" name="[15] /home/travis/build/icyphy/ptII/ptolemy/domains/de/test/auto/DEinDEwithStartTimes.xml (RunModel)" time="0.021" />
  <testcase classname="ptolemy.util.test.junit.AutoTests" name="[16] /home/travis/build/icyphy/ptII/ptolemy/domains/de/test/auto/DEinDEwithStartTimes2.xml (RunModel)" time="0.024" />
  <testcase classname="ptolemy.util.test.junit.AutoTests" name="[17] /home/travis/build/icyphy/ptII/ptolemy/domains/de/test/auto/DateDemo.xml (RunModel)" time="0.044" />
  <testcase classname="ptolemy.util.test.junit.AutoTests" name="[18] /home/travis/build/icyphy/ptII/ptolemy/domains/de/test/auto/DateToEvent.xml (RunModel)" time="2.053" />
  <testcase classname="ptolemy.util.test.junit.AutoTests" name="[19] /home/travis/build/icyphy/ptII/ptolemy/domains/de/test/auto/DepthTest1.xml (RunModel)" time="0.012" />
  <testcase classname="ptolemy.util.test.junit.AutoTests" name="[20] /home/travis/build/icyphy/ptII/ptolemy/domains/de/test/auto/DepthTest2.xml (RunModel)" time="0.023" />
  <testcase classname="ptolemy.util.test.junit.AutoTests" name="[21] /home/travis/build/icyphy/ptII/ptolemy/domains/de/test/auto/DepthTest3.xml (RunModel)" time="0.009" />
  <testcase classname="ptolemy.util.test.junit.AutoTests" name="[22] /home/travis/build/icyphy/ptII/ptolemy/domains/de/test/auto/DepthTest4.xml (RunModel)" time="0.017" />
  <testcase classname="ptolemy.util.test.junit.AutoTests" name="[23] /home/travis/build/icyphy/ptII/ptolemy/domains/de/test/auto/DepthTest5.xml (RunModel)" time="0.015" />
  <testcase classname="ptolemy.util.test.junit.AutoTests" name="[24] /home/travis/build/icyphy/ptII/ptolemy/domains/de/test/auto/DepthTest6.xml (RunModel)" time="0.018" />
  <testcase classname="ptolemy.util.test.junit.AutoTests" name="[25] /home/travis/build/icyphy/ptII/ptolemy/domains/de/test/auto/DepthTest7.xml (RunModel)" time="0.014" />
  <testcase classname="ptolemy.util.test.junit.AutoTests" name="[26] /home/travis/build/icyphy/ptII/ptolemy/domains/de/test/auto/EventToDate.xml (RunModel)" time="3.045" />
  <testcase classname="ptolemy.util.test.junit.AutoTests" name="[27] /home/travis/build/icyphy/ptII/ptolemy/domains/de/test/auto/FSM1.xml (RunModel)" time="0.035" />
  <testcase classname="ptolemy.util.test.junit.AutoTests" name="[28] /home/travis/build/icyphy/ptII/ptolemy/domains/de/test/auto/FSM7.xml (RunModel)" time="0.046" />
  <testcase classname="ptolemy.util.test.junit.AutoTests" name="[29] /home/travis/build/icyphy/ptII/ptolemy/domains/de/test/auto/Inspection.xml (RunModel)" time="0.053" />
  <testcase classname="ptolemy.util.test.junit.AutoTests" name="[30] /home/travis/build/icyphy/ptII/ptolemy/domains/de/test/auto/Iteration.xml (RunModel)" time="0.043" />
  <testcase classname="ptolemy.util.test.junit.AutoTests" name="[31] /home/travis/build/icyphy/ptII/ptolemy/domains/de/test/auto/LineFault.xml (RunModel)" time="0.63" />
  <testcase classname="ptolemy.util.test.junit.AutoTests" name="[32] /home/travis/build/icyphy/ptII/ptolemy/domains/de/test/auto/MergeModel1Add.xml (RunModel)" time="0.052" />
  <testcase classname="ptolemy.util.test.junit.AutoTests" name="[33] /home/travis/build/icyphy/ptII/ptolemy/domains/de/test/auto/MergeModel2Add.xml (RunModel)" time="0.044" />
  <testcase classname="ptolemy.util.test.junit.AutoTests" name="[34] /home/travis/build/icyphy/ptII/ptolemy/domains/de/test/auto/MergeModel3Add.xml (RunModel)" time="0.052" />
  <testcase classname="ptolemy.util.test.junit.AutoTests" name="[35] /home/travis/build/icyphy/ptII/ptolemy/domains/de/test/auto/MergeWithoutDiscard.xml (RunModel)" time="0.016" />
  <testcase classname="ptolemy.util.test.junit.AutoTests" name="[36] /home/travis/build/icyphy/ptII/ptolemy/domains/de/test/auto/Modal1.xml (RunModel)" time="0.029" />
  <testcase classname="ptolemy.util.test.junit.AutoTests" name="[37] /home/travis/build/icyphy/ptII/ptolemy/domains/de/test/auto/Modal2.xml (RunModel)" time="0.036" />
  <testcase classname="ptolemy.util.test.junit.AutoTests" name="[38] /home/travis/build/icyphy/ptII/ptolemy/domains/de/test/auto/Modal3.xml (RunModel)" time="0.024" />
  <testcase classname="ptolemy.util.test.junit.AutoTests" name="[39] /home/travis/build/icyphy/ptII/ptolemy/domains/de/test/auto/Modal4.xml (RunModel)" time="0.025" />
  <testcase classname="ptolemy.util.test.junit.AutoTests" name="[40] /home/travis/build/icyphy/ptII/ptolemy/domains/de/test/auto/Modal5.xml (RunModel)" time="0.026" />
  <testcase classname="ptolemy.util.test.junit.AutoTests" name="[41] /home/travis/build/icyphy/ptII/ptolemy/domains/de/test/auto/Modal6.xml (RunModel)" time="0.029" />
  <testcase classname="ptolemy.util.test.junit.AutoTests" name="[42] /home/travis/build/icyphy/ptII/ptolemy/domains/de/test/auto/Modal7.xml (RunModel)" time="0.036" />
  <testcase classname="ptolemy.util.test.junit.AutoTests" name="[43] /home/travis/build/icyphy/ptII/ptolemy/domains/de/test/auto/ModalModel.xml (RunModel)" time="0.186" />
  <testcase classname="ptolemy.util.test.junit.AutoTests" name="[44] /home/travis/build/icyphy/ptII/ptolemy/domains/de/test/auto/ModalSource.xml (RunModel)" time="0.021" />
  <testcase classname="ptolemy.util.test.junit.AutoTests" name="[45] /home/travis/build/icyphy/ptII/ptolemy/domains/de/test/auto/NonInterruptibleTimerZeroDelay.xml (RunModel)" time="0.015" />
  <testcase classname="ptolemy.util.test.junit.AutoTests" name="[46] /home/travis/build/icyphy/ptII/ptolemy/domains/de/test/auto/OpenQueueingNetwork.xml (RunModel)" time="2.481" />
  <testcase classname="ptolemy.util.test.junit.AutoTests" name="[47] /home/travis/build/icyphy/ptII/ptolemy/domains/de/test/auto/OpenQueuingNetwork.xml (RunModel)" time="0.304" />
  <testcase classname="ptolemy.util.test.junit.AutoTests" name="[48] /home/travis/build/icyphy/ptII/ptolemy/domains/de/test/auto/PeriodicSampler.xml (RunModel)" time="0.01" />
  <testcase classname="ptolemy.util.test.junit.AutoTests" name="[49] /home/travis/build/icyphy/ptII/ptolemy/domains/de/test/auto/PersistentIO.xml (RunModel)" time="0.03" />
  <testcase classname="ptolemy.util.test.junit.AutoTests" name="[50] /home/travis/build/icyphy/ptII/ptolemy/domains/de/test/auto/PortParameterResetOnInitialize.xml (RunModel)" time="0.014" />
  <testcase classname="ptolemy.util.test.junit.AutoTests" name="[51] /home/travis/build/icyphy/ptII/ptolemy/domains/de/test/auto/PortParameterUpdates.xml (RunModel)" time="0.023" />
  <testcase classname="ptolemy.util.test.junit.AutoTests" name="[52] /home/travis/build/icyphy/ptII/ptolemy/domains/de/test/auto/QueueAndServer.xml (RunModel)" time="0.023" />
  <testcase classname="ptolemy.util.test.junit.AutoTests" name="[53] /home/travis/build/icyphy/ptII/ptolemy/domains/de/test/auto/Records.xml (RunModel)" time="0.026" />
  <testcase classname="ptolemy.util.test.junit.AutoTests" name="[54] /home/travis/build/icyphy/ptII/ptolemy/domains/de/test/auto/ResetTransitionWithStartTime1.xml (RunModel)" time="0.028" />
  <testcase classname="ptolemy.util.test.junit.AutoTests" name="[55] /home/travis/build/icyphy/ptII/ptolemy/domains/de/test/auto/ResetTransitionWithStartTime2.xml (RunModel)" time="0.022" />
  <testcase classname="ptolemy.util.test.junit.AutoTests" name="[56] /home/travis/build/icyphy/ptII/ptolemy/domains/de/test/auto/ResetTransitionWithStartTime3.xml (RunModel)" time="0.028" />
  <testcase classname="ptolemy.util.test.junit.AutoTests" name="[57] /home/travis/build/icyphy/ptII/ptolemy/domains/de/test/auto/ResetTransitionWithStartTime4.xml (RunModel)" time="0.021" />
  <testcase classname="ptolemy.util.test.junit.AutoTests" name="[58] /home/travis/build/icyphy/ptII/ptolemy/domains/de/test/auto/ResettableTimer1.xml (RunModel)" time="0.011" />
  <testcase classname="ptolemy.util.test.junit.AutoTests" name="[59] /home/travis/build/icyphy/ptII/ptolemy/domains/de/test/auto/ResettableTimer2.xml (RunModel)" time="0.011" />
  <testcase classname="ptolemy.util.test.junit.AutoTests" name="[60] /home/travis/build/icyphy/ptII/ptolemy/domains/de/test/auto/ResettableTimer3.xml (RunModel)" time="0.009" />
  <testcase classname="ptolemy.util.test.junit.AutoTests" name="[61] /home/travis/build/icyphy/ptII/ptolemy/domains/de/test/auto/ResettableTimer4.xml (RunModel)" time="0.009" />
  <testcase classname="ptolemy.util.test.junit.AutoTests" name="[62] /home/travis/build/icyphy/ptII/ptolemy/domains/de/test/auto/ResettableTimer5.xml (RunModel)" time="0.01" />
  <testcase classname="ptolemy.util.test.junit.AutoTests" name="[63] /home/travis/build/icyphy/ptII/ptolemy/domains/de/test/auto/ResettableTimer6.xml (RunModel)" time="0.017" />
  <testcase classname="ptolemy.util.test.junit.AutoTests" name="[64] /home/travis/build/icyphy/ptII/ptolemy/domains/de/test/auto/ServerZeroDelay.xml (RunModel)" time="0.014" />
  <testcase classname="ptolemy.util.test.junit.AutoTests" name="[65] /home/travis/build/icyphy/ptII/ptolemy/domains/de/test/auto/SmartSender.xml (RunModel)" time="3.009" />
  <testcase classname="ptolemy.util.test.junit.AutoTests" name="[66] /home/travis/build/icyphy/ptII/ptolemy/domains/de/test/auto/ThreadedComposite.xml (RunModel)" time="0.164" />
  <testcase classname="ptolemy.util.test.junit.AutoTests" name="[67] /home/travis/build/icyphy/ptII/ptolemy/domains/de/test/auto/Time.xml (RunModel)" time="0.447" />
  <testcase classname="ptolemy.util.test.junit.AutoTests" name="[68] /home/travis/build/icyphy/ptII/ptolemy/domains/de/test/auto/TimeDelayZeroDelay.xml (RunModel)" time="0.015" />
  <testcase classname="ptolemy.util.test.junit.AutoTests" name="[69] /home/travis/build/icyphy/ptII/ptolemy/domains/de/test/auto/TimerZeroDelay.xml (RunModel)" time="0.014" />
  <testcase classname="ptolemy.util.test.junit.AutoTests" name="[70] /home/travis/build/icyphy/ptII/ptolemy/domains/de/test/auto/TimingParadox.xml (RunModel)" time="0.366" />
  <testcase classname="ptolemy.util.test.junit.AutoTests" name="[71] /home/travis/build/icyphy/ptII/ptolemy/domains/de/test/auto/TransferInputs.xml (RunModel)" time="0.016" />
  <testcase classname="ptolemy.util.test.junit.AutoTests" name="[72] /home/travis/build/icyphy/ptII/ptolemy/domains/de/test/auto/TransferOutputs2.xml (RunModel)" time="0.025" />
  <testcase classname="ptolemy.util.test.junit.AutoTests" name="[73] /home/travis/build/icyphy/ptII/ptolemy/domains/de/test/auto/Trilateration.xml (RunModel)" time="13.44" />
  <testcase classname="ptolemy.util.test.junit.AutoTests" name="[74] /home/travis/build/icyphy/ptII/ptolemy/domains/de/test/auto/TwoSigmaDelta.xml (RunModel)" time="2.53" />
  <testcase classname="ptolemy.util.test.junit.AutoTests" name="[75] /home/travis/build/icyphy/ptII/ptolemy/domains/de/test/auto/VariableDelay.xml (RunModel)" time="0.014" />
  <testcase classname="ptolemy.util.test.junit.AutoTests" name="[76] /home/travis/build/icyphy/ptII/ptolemy/domains/de/test/auto/VariableDelay2.xml (RunModel)" time="0.013" />
  <testcase classname="ptolemy.util.test.junit.AutoTests" name="[77] /home/travis/build/icyphy/ptII/ptolemy/domains/de/test/auto/VariableDelayZeroDelay.xml (RunModel)" time="0.013" />
  <testcase classname="ptolemy.util.test.junit.AutoTests" name="[78] /home/travis/build/icyphy/ptII/ptolemy/domains/de/test/auto/VariableDelayZeroDelay2.xml (RunModel)" time="0.02" />
  <testcase classname="ptolemy.util.test.junit.AutoTests" name="[79] /home/travis/build/icyphy/ptII/ptolemy/domains/de/test/auto/deInCt.xml (RunModel)" time="0.017" />
  <testcase classname="ptolemy.util.test.junit.AutoTests" name="[80] /home/travis/build/icyphy/ptII/ptolemy/domains/de/test/auto/deInCt2.xml (RunModel)" time="0.018" />
  <testcase classname="ptolemy.util.test.junit.AutoTests" name="[81] /home/travis/build/icyphy/ptII/ptolemy/domains/de/test/auto/dynamicCausalityInterface1.xml (RunModel)" time="0.018" />
  <testcase classname="ptolemy.util.test.junit.AutoTests" name="[82] /home/travis/build/icyphy/ptII/ptolemy/domains/de/test/auto/fsm_de_test.xml (RunModel)" time="0.021" />
  <testcase classname="ptolemy.util.test.junit.AutoTests" name="[83] /home/travis/build/icyphy/ptII/ptolemy/domains/de/test/auto/functionDependencyReconstruction.xml (RunModel)" time="0.031" />
  <testcase classname="ptolemy.util.test.junit.AutoTests" name="[84] /home/travis/build/icyphy/ptII/ptolemy/domains/de/test/auto/multirate.xml (RunModel)" time="0.014" />
  <testcase classname="ptolemy.util.test.junit.AutoTests" name="[85] /home/travis/build/icyphy/ptII/ptolemy/domains/de/test/auto/multirate2.xml (RunModel)" time="0.018" />
  <testcase classname="ptolemy.util.test.junit.AutoTests" name="[86] /home/travis/build/icyphy/ptII/ptolemy/domains/de/test/auto/realtime.xml (RunModel)" time="10.012" />
  <testcase classname="ptolemy.util.test.junit.AutoTests" name="[87] /home/travis/build/icyphy/ptII/ptolemy/domains/de/test/auto/relationGroup.xml (RunModel)" time="0.016" />
  <testcase classname="ptolemy.util.test.junit.AutoTests" name="[88] /home/travis/build/icyphy/ptII/ptolemy/domains/de/test/auto/relationGroup2.xml (RunModel)" time="0.013" />
  <testcase classname="ptolemy.util.test.junit.AutoTests" name="[89] /home/travis/build/icyphy/ptII/ptolemy/domains/de/test/auto/sortWithOpaquePorts.xml (RunModel)" time="0.011" />
  <testcase classname="ptolemy.util.test.junit.AutoTests" name="[90] /home/travis/build/icyphy/ptII/ptolemy/domains/de/test/auto/transferInputsandOutputs.xml (RunModel)" time="0.016" />
  <testcase classname="ptolemy.util.test.junit.AutoTests" name="[91] /home/travis/build/icyphy/ptII/ptolemy/domains/de/test/auto/triggerType.xml (RunModel)" time="0.008" />
  <system-out><![CDATA[/home/travis/build/icyphy/ptII/ptolemy/domains/de/test/DependencyLoop.tcl
testDefs.tcl: setting time out to 9000 seconds at Wed Oct 31 02:37:40 UTC 2018
14 ms. Memory: 116224K Free: 93363K (80%)
8 ms. Memory: 146944K Free: 136693K (93%)
/home/travis/build/icyphy/ptII/ptolemy/domains/de/test/RunDETestsAsQSS.tcl
Run the DE tests using ptolemy.domains.qss.test.QSSDirectorTest, which extends QSSDirector and prints a message in the constructors.
------------------ testing $PTII/ptolemy/domains/de/test/auto/knownFailedTests/dependencyLoop.xml (Known Failure) 
9 ms. Memory: 146944K Free: 133581K (91%)


==== $PTIIhome/travis/build/icyphy/ptII/ptolemy/domains/de/test/../../../../: Auto Automatic test in file $PTII/ptolemy/domains/de/test/auto/knownFailedTests/dependencyLoop.xml
==== Contents of test case:

	    # FIXME: we should use $relativeFilename here, but it
	    # might have backslashes under Windows, which causes no end
	    # of trouble.
	    createAndExecute $file
	    list {}
	
.... Test generated KNOWN error:
    while executing
ptolemy.kernel.util.IllegalActionException: Found a zero delay loop containing .dependencyLoop.original
  in .dependencyLoop and .dependencyLoop.original
	at ptolemy.actor.util.CausalityInterfaceForComposites._computeOutputPortDepth(CausalityInterfaceForComposites.java:759)
	at ptolemy.actor.util.CausalityInterfaceForComposites._computeInputDepth(CausalityInterfaceForComposites.java:696)
	at ptolemy.actor.util.CausalityInterfaceForComposites._computeOutputPortDepth(CausalityInterfaceForComposites.java:765)
	at ptolemy.actor.util.CausalityInterfaceForComposites._computeInputDepth(CausalityInterfaceForComposites.java:696)
	at ptolemy.actor.util.CausalityInterfaceForComposites._computeOutputPortDepth(CausalityInterfaceForComposites.java:765)
	at ptolemy.actor.util.CausalityInterfaceForComposites._computeInputDepth(CausalityInterfaceForComposites.java:696)
	at ptolemy.actor.util.CausalityInterfaceForComposites._computeActorDepth(CausalityInterfaceForComposites.java:532)
	at ptolemy.actor.util.CausalityInterfaceForComposites.checkForCycles(CausalityInterfaceForComposites.java:96)
	at ptolemy.domains.de.kernel.DEDirector.preinitialize(DEDirector.java:1338)
	at ptolemy.actor.CompositeActor.preinitialize(CompositeActor.java:1828)
	at ptolemy.actor.Manager.preinitializeAndResolveTypes(Manager.java:1040)
	at ptolemy.actor.Manager.initialize(Manager.java:710)
	at ptolemy.actor.Manager.execute(Manager.java:356)
	at ptolemy.actor.Manager.run(Manager.java:1263)
	at ptolemy.actor.Manager$PtolemyRunThread.run(Manager.java:1915)

    while executing
ptolemy.kernel.util.IllegalActionException: Found a zero delay loop containing .dependencyLoop.original
  in .dependencyLoop and .dependencyLoop.original
    while executing
"java::new ptolemy.moml.MoMLSimpleApplication $file
"
    (procedure "createAndExecute" line 2)
    invoked from within
"createAndExecute $file"
    ("uplevel" body line 5)
    invoked from within
"uplevel $contents_of_test"
------------------ testing $PTII/ptolemy/domains/de/test/auto/knownFailedTests/DESDFClockTest.xml (Known Failure) 
2082 ms. Memory: 146944K Free: 117755K (80%)


==== $PTIIhome/travis/build/icyphy/ptII/ptolemy/domains/de/test/../../../../: Auto Automatic test in file $PTII/ptolemy/domains/de/test/auto/knownFailedTests/DESDFClockTest.xml
==== Contents of test case:

	    # FIXME: we should use $relativeFilename here, but it
	    # might have backslashes under Windows, which causes no end
	    # of trouble.
	    createAndExecute $file
	    list {}
	
.... Test generated KNOWN error:
    while executing
ptolemy.kernel.util.IllegalActionException: Actor is not ready to fire.  Perhaps UpSample.prefire() returned false? Try debugging the actor by selecting "Listen to Actor".  Also, for SDF check moml for tokenConsumptionRate on input.
  in .DESDFClockTest.Play Bell.Copy1:SDF Director and .DESDFClockTest.Play Bell.UpSample
	at ptolemy.actor.sched.StaticSchedulingDirector.fire(StaticSchedulingDirector.java:227)
	at ptolemy.domains.sdf.kernel.SDFDirector.fire(SDFDirector.java:500)
	at ptolemy.actor.CompositeActor.fire(CompositeActor.java:455)
	at ptolemy.domains.de.kernel.DEDirector._fire(DEDirector.java:1949)
	at ptolemy.domains.de.kernel.DEDirector.fire(DEDirector.java:502)
	at ptolemy.actor.CompositeActor.fire(CompositeActor.java:455)
	at ptolemy.actor.Manager.iterate(Manager.java:851)
	at ptolemy.actor.Manager.execute(Manager.java:369)
	at ptolemy.actor.Manager.run(Manager.java:1263)
	at ptolemy.actor.Manager$PtolemyRunThread.run(Manager.java:1915)

    while executing
ptolemy.kernel.util.IllegalActionException: Actor is not ready to fire.  Perhaps UpSample.prefire() returned false? Try debugging the actor by selecting "Listen to Actor".  Also, for SDF check moml for tokenConsumptionRate on input.
  in .DESDFClockTest.Play Bell.Copy1:SDF Director and .DESDFClockTest.Play Bell.UpSample
    while executing
"java::new ptolemy.moml.MoMLSimpleApplication $file
"
    (procedure "createAndExecute" line 2)
    invoked from within
"createAndExecute $file"
    ("uplevel" body line 5)
    invoked from within
"uplevel $contents_of_test"
------------------ testing $PTII/ptolemy/domains/de/test/auto/knownFailedTests/FSMSource.xml (Known Failure) 
32 ms. Memory: 146944K Free: 108764K (74%)
!!!! Auto was marked as failing, but now passes
------------------ testing $PTII/ptolemy/domains/de/test/auto/knownFailedTests/dependencyLoop2.xml (Known Failure) 
11 ms. Memory: 146944K Free: 106880K (73%)


==== $PTIIhome/travis/build/icyphy/ptII/ptolemy/domains/de/test/../../../../: Auto Automatic test in file $PTII/ptolemy/domains/de/test/auto/knownFailedTests/dependencyLoop2.xml
==== Contents of test case:

	    # FIXME: we should use $relativeFilename here, but it
	    # might have backslashes under Windows, which causes no end
	    # of trouble.
	    createAndExecute $file
	    list {}
	
.... Test generated KNOWN error:
    while executing
ptolemy.kernel.util.IllegalActionException: Found a zero delay loop containing .dependencyLoop2.original
  in .dependencyLoop2 and .dependencyLoop2.original
	at ptolemy.actor.util.CausalityInterfaceForComposites._computeOutputPortDepth(CausalityInterfaceForComposites.java:759)
	at ptolemy.actor.util.CausalityInterfaceForComposites._computeInputDepth(CausalityInterfaceForComposites.java:696)
	at ptolemy.actor.util.CausalityInterfaceForComposites._computeOutputPortDepth(CausalityInterfaceForComposites.java:765)
	at ptolemy.actor.util.CausalityInterfaceForComposites._computeInputDepth(CausalityInterfaceForComposites.java:696)
	at ptolemy.actor.util.CausalityInterfaceForComposites._computeOutputPortDepth(CausalityInterfaceForComposites.java:765)
	at ptolemy.actor.util.CausalityInterfaceForComposites._computeInputDepth(CausalityInterfaceForComposites.java:696)
	at ptolemy.actor.util.CausalityInterfaceForComposites._computeActorDepth(CausalityInterfaceForComposites.java:532)
	at ptolemy.actor.util.CausalityInterfaceForComposites.checkForCycles(CausalityInterfaceForComposites.java:96)
	at ptolemy.domains.de.kernel.DEDirector.preinitialize(DEDirector.java:1338)
	at ptolemy.actor.CompositeActor.preinitialize(CompositeActor.java:1828)
	at ptolemy.actor.Manager.preinitializeAndResolveTypes(Manager.java:1040)
	at ptolemy.actor.Manager.initialize(Manager.java:710)
	at ptolemy.actor.Manager.execute(Manager.java:356)
	at ptolemy.actor.Manager.run(Manager.java:1263)
	at ptolemy.actor.Manager$PtolemyRunThread.run(Manager.java:1915)

    while executing
ptolemy.kernel.util.IllegalActionException: Found a zero delay loop containing .dependencyLoop2.original
  in .dependencyLoop2 and .dependencyLoop2.original
    while executing
"java::new ptolemy.moml.MoMLSimpleApplication $file
"
    (procedure "createAndExecute" line 2)
    invoked from within
"createAndExecute $file"
    ("uplevel" body line 5)
    invoked from within
"uplevel $contents_of_test"
------------------ testing $PTII/ptolemy/domains/de/test/auto/knownFailedTests/HierarchicalModel.xml (Known Failure) 
9 ms. Memory: 146944K Free: 86378K (59%)


==== $PTIIhome/travis/build/icyphy/ptII/ptolemy/domains/de/test/../../../../: Auto Automatic test in file $PTII/ptolemy/domains/de/test/auto/knownFailedTests/HierarchicalModel.xml
==== Contents of test case:

	    # FIXME: we should use $relativeFilename here, but it
	    # might have backslashes under Windows, which causes no end
	    # of trouble.
	    createAndExecute $file
	    list {}
	
.... Test generated KNOWN error:
    while executing
ptolemy.kernel.util.IllegalActionException: Found a zero delay loop containing .HierarchicalModel.A
  in .HierarchicalModel and .HierarchicalModel.A
	at ptolemy.actor.util.CausalityInterfaceForComposites._computeOutputPortDepth(CausalityInterfaceForComposites.java:759)
	at ptolemy.actor.util.CausalityInterfaceForComposites._computeInputDepth(CausalityInterfaceForComposites.java:696)
	at ptolemy.actor.util.CausalityInterfaceForComposites._computeOutputPortDepth(CausalityInterfaceForComposites.java:765)
	at ptolemy.actor.util.CausalityInterfaceForComposites._computeInputDepth(CausalityInterfaceForComposites.java:696)
	at ptolemy.actor.util.CausalityInterfaceForComposites._computeOutputPortDepth(CausalityInterfaceForComposites.java:765)
	at ptolemy.actor.util.CausalityInterfaceForComposites._computeInputDepth(CausalityInterfaceForComposites.java:696)
	at ptolemy.actor.util.CausalityInterfaceForComposites._computeActorDepth(CausalityInterfaceForComposites.java:532)
	at ptolemy.actor.util.CausalityInterfaceForComposites.checkForCycles(CausalityInterfaceForComposites.java:96)
	at ptolemy.domains.de.kernel.DEDirector.preinitialize(DEDirector.java:1338)
	at ptolemy.actor.CompositeActor.preinitialize(CompositeActor.java:1828)
	at ptolemy.actor.Manager.preinitializeAndResolveTypes(Manager.java:1040)
	at ptolemy.actor.Manager.initialize(Manager.java:710)
	at ptolemy.actor.Manager.execute(Manager.java:356)
	at ptolemy.actor.Manager.run(Manager.java:1263)
	at ptolemy.actor.Manager$PtolemyRunThread.run(Manager.java:1915)

    while executing
ptolemy.kernel.util.IllegalActionException: Found a zero delay loop containing .HierarchicalModel.A
  in .HierarchicalModel and .HierarchicalModel.A
    while executing
"java::new ptolemy.moml.MoMLSimpleApplication $file
"
    (procedure "createAndExecute" line 2)
    invoked from within
"createAndExecute $file"
    ("uplevel" body line 5)
    invoked from within
"uplevel $contents_of_test"
------------------ testing $PTII/ptolemy/domains/de/test/auto/knownFailedTests/DirectFeedback.xml (Known Failure) 
43 ms. Memory: 146944K Free: 142286K (97%)


==== $PTIIhome/travis/build/icyphy/ptII/ptolemy/domains/de/test/../../../../: Auto Automatic test in file $PTII/ptolemy/domains/de/test/auto/knownFailedTests/DirectFeedback.xml
==== Contents of test case:

	    # FIXME: we should use $relativeFilename here, but it
	    # might have backslashes under Windows, which causes no end
	    # of trouble.
	    createAndExecute $file
	    list {}
	
.... Test generated KNOWN error:
    while executing
ptolemy.kernel.util.IllegalActionException: Test fails in iteration 1.
Value was: 1.0. Should have been: 2.0
  in .DirectFeedback.Test
	at ptolemy.actor.lib.Test.fire(Test.java:268)
	at ptolemy.domains.de.kernel.DEDirector._fire(DEDirector.java:1949)
	at ptolemy.domains.de.kernel.DEDirector.fire(DEDirector.java:502)
	at ptolemy.actor.CompositeActor.fire(CompositeActor.java:455)
	at ptolemy.actor.Manager.iterate(Manager.java:851)
	at ptolemy.actor.Manager.execute(Manager.java:369)
	at ptolemy.actor.Manager.run(Manager.java:1263)
	at ptolemy.actor.Manager$PtolemyRunThread.run(Manager.java:1915)

    while executing
ptolemy.kernel.util.IllegalActionException: Test fails in iteration 1.
Value was: 1.0. Should have been: 2.0
  in .DirectFeedback.Test
    while executing
"java::new ptolemy.moml.MoMLSimpleApplication $file
"
    (procedure "createAndExecute" line 2)
    invoked from within
"createAndExecute $file"
    ("uplevel" body line 5)
    invoked from within
"uplevel $contents_of_test"
------------------ testing $PTII/ptolemy/domains/de/test/auto/ActorDepthCalculation_actorWithoutPorts.xml
auto.tcl: Setting watchdog for 200 seconds at Wed Oct 31 02:37:44 UTC 2018
16 ms. Memory: 146944K Free: 133532K (91%)
ptolemy.util.test.WatchDog.cancel(): canceling Wed Oct 31 02:37:44 UTC 2018
auto.tcl: Setting watchdog for 200 seconds at Wed Oct 31 02:37:44 UTC 2018
6 ms. Memory: 146944K Free: 132486K (90%)
ptolemy.util.test.WatchDog.cancel(): canceling Wed Oct 31 02:37:44 UTC 2018
------------------ testing $PTII/ptolemy/domains/de/test/auto/AssemblyLine.xml
auto.tcl: Setting watchdog for 200 seconds at Wed Oct 31 02:37:45 UTC 2018
10 ms. Memory: 208384K Free: 182204K (87%)
ptolemy.util.test.WatchDog.cancel(): canceling Wed Oct 31 02:37:45 UTC 2018
auto.tcl: Setting watchdog for 200 seconds at Wed Oct 31 02:37:45 UTC 2018
9 ms. Memory: 208384K Free: 182204K (87%)
ptolemy.util.test.WatchDog.cancel(): canceling Wed Oct 31 02:37:45 UTC 2018
------------------ testing $PTII/ptolemy/domains/de/test/auto/CQBug1.xml
auto.tcl: Setting watchdog for 200 seconds at Wed Oct 31 02:37:45 UTC 2018
11 ms. Memory: 208384K Free: 196471K (94%)
ptolemy.util.test.WatchDog.cancel(): canceling Wed Oct 31 02:37:45 UTC 2018
auto.tcl: Setting watchdog for 200 seconds at Wed Oct 31 02:37:45 UTC 2018
2 ms. Memory: 208384K Free: 196471K (94%)
ptolemy.util.test.WatchDog.cancel(): canceling Wed Oct 31 02:37:45 UTC 2018
------------------ testing $PTII/ptolemy/domains/de/test/auto/CancelFireAt.xml
auto.tcl: Setting watchdog for 200 seconds at Wed Oct 31 02:37:45 UTC 2018
11 ms. Memory: 208384K Free: 201417K (97%)
ptolemy.util.test.WatchDog.cancel(): canceling Wed Oct 31 02:37:45 UTC 2018
auto.tcl: Setting watchdog for 200 seconds at Wed Oct 31 02:37:45 UTC 2018
3 ms. Memory: 208384K Free: 199318K (96%)
ptolemy.util.test.WatchDog.cancel(): canceling Wed Oct 31 02:37:45 UTC 2018
------------------ testing $PTII/ptolemy/domains/de/test/auto/CausalityAndComposabilityAnalysis.xml
auto.tcl: Setting watchdog for 200 seconds at Wed Oct 31 02:37:45 UTC 2018
13 ms. Memory: 208384K Free: 196819K (94%)
ptolemy.util.test.WatchDog.cancel(): canceling Wed Oct 31 02:37:45 UTC 2018
auto.tcl: Setting watchdog for 200 seconds at Wed Oct 31 02:37:45 UTC 2018
5 ms. Memory: 208384K Free: 196819K (94%)
ptolemy.util.test.WatchDog.cancel(): canceling Wed Oct 31 02:37:45 UTC 2018
------------------ testing $PTII/ptolemy/domains/de/test/auto/CausalityInterface1.xml
auto.tcl: Setting watchdog for 200 seconds at Wed Oct 31 02:37:45 UTC 2018
22 ms. Memory: 208384K Free: 196420K (94%)
ptolemy.util.test.WatchDog.cancel(): canceling Wed Oct 31 02:37:45 UTC 2018
auto.tcl: Setting watchdog for 200 seconds at Wed Oct 31 02:37:45 UTC 2018
15 ms. Memory: 208384K Free: 196420K (94%)
ptolemy.util.test.WatchDog.cancel(): canceling Wed Oct 31 02:37:45 UTC 2018
------------------ testing $PTII/ptolemy/domains/de/test/auto/CausalityInterface15.xml
auto.tcl: Setting watchdog for 200 seconds at Wed Oct 31 02:37:45 UTC 2018
26 ms. Memory: 208384K Free: 196411K (94%)
ptolemy.util.test.WatchDog.cancel(): canceling Wed Oct 31 02:37:46 UTC 2018
auto.tcl: Setting watchdog for 200 seconds at Wed Oct 31 02:37:46 UTC 2018
4 ms. Memory: 208384K Free: 196411K (94%)
ptolemy.util.test.WatchDog.cancel(): canceling Wed Oct 31 02:37:46 UTC 2018
------------------ testing $PTII/ptolemy/domains/de/test/auto/CausalityInterface2.xml
auto.tcl: Setting watchdog for 200 seconds at Wed Oct 31 02:37:46 UTC 2018
10 ms. Memory: 208384K Free: 196396K (94%)
ptolemy.util.test.WatchDog.cancel(): canceling Wed Oct 31 02:37:46 UTC 2018
auto.tcl: Setting watchdog for 200 seconds at Wed Oct 31 02:37:46 UTC 2018
4 ms. Memory: 208384K Free: 196396K (94%)
ptolemy.util.test.WatchDog.cancel(): canceling Wed Oct 31 02:37:46 UTC 2018
------------------ testing $PTII/ptolemy/domains/de/test/auto/CausalityInterface3.xml
auto.tcl: Setting watchdog for 200 seconds at Wed Oct 31 02:37:46 UTC 2018
10 ms. Memory: 208384K Free: 196408K (94%)
ptolemy.util.test.WatchDog.cancel(): canceling Wed Oct 31 02:37:46 UTC 2018
auto.tcl: Setting watchdog for 200 seconds at Wed Oct 31 02:37:46 UTC 2018
3 ms. Memory: 208384K Free: 196408K (94%)
ptolemy.util.test.WatchDog.cancel(): canceling Wed Oct 31 02:37:46 UTC 2018
------------------ testing $PTII/ptolemy/domains/de/test/auto/ClockDrift.xml
auto.tcl: Setting watchdog for 200 seconds at Wed Oct 31 02:37:46 UTC 2018
121 ms. Memory: 208384K Free: 187646K (90%)
ptolemy.util.test.WatchDog.cancel(): canceling Wed Oct 31 02:37:46 UTC 2018
auto.tcl: Setting watchdog for 200 seconds at Wed Oct 31 02:37:46 UTC 2018
40 ms. Memory: 208384K Free: 185548K (89%)
ptolemy.util.test.WatchDog.cancel(): canceling Wed Oct 31 02:37:46 UTC 2018
------------------ testing $PTII/ptolemy/domains/de/test/auto/ClockDriftAndValueChange.xml
auto.tcl: Setting watchdog for 200 seconds at Wed Oct 31 02:37:46 UTC 2018
54 ms. Memory: 208384K Free: 187479K (90%)
ptolemy.util.test.WatchDog.cancel(): canceling Wed Oct 31 02:37:46 UTC 2018
auto.tcl: Setting watchdog for 200 seconds at Wed Oct 31 02:37:46 UTC 2018
32 ms. Memory: 208384K Free: 185382K (89%)
ptolemy.util.test.WatchDog.cancel(): canceling Wed Oct 31 02:37:46 UTC 2018
------------------ testing $PTII/ptolemy/domains/de/test/auto/ClockDriftChange.xml
auto.tcl: Setting watchdog for 200 seconds at Wed Oct 31 02:37:46 UTC 2018
23 ms. Memory: 208384K Free: 190799K (92%)
ptolemy.util.test.WatchDog.cancel(): canceling Wed Oct 31 02:37:46 UTC 2018
auto.tcl: Setting watchdog for 200 seconds at Wed Oct 31 02:37:46 UTC 2018
28 ms. Memory: 208384K Free: 188701K (91%)
ptolemy.util.test.WatchDog.cancel(): canceling Wed Oct 31 02:37:46 UTC 2018
------------------ testing $PTII/ptolemy/domains/de/test/auto/ComposableCausalityAnalysis.xml
auto.tcl: Setting watchdog for 200 seconds at Wed Oct 31 02:37:46 UTC 2018
7 ms. Memory: 208384K Free: 196262K (94%)
ptolemy.util.test.WatchDog.cancel(): canceling Wed Oct 31 02:37:47 UTC 2018
auto.tcl: Setting watchdog for 200 seconds at Wed Oct 31 02:37:47 UTC 2018
3 ms. Memory: 208384K Free: 194164K (93%)
ptolemy.util.test.WatchDog.cancel(): canceling Wed Oct 31 02:37:47 UTC 2018
------------------ testing $PTII/ptolemy/domains/de/test/auto/DEFixedPointLimitation.xml
auto.tcl: Setting watchdog for 200 seconds at Wed Oct 31 02:37:47 UTC 2018
2 ms. Memory: 208384K Free: 196343K (94%)
ptolemy.util.test.WatchDog.cancel(): canceling Wed Oct 31 02:37:47 UTC 2018
auto.tcl: Setting watchdog for 200 seconds at Wed Oct 31 02:37:47 UTC 2018
2 ms. Memory: 208384K Free: 196343K (94%)
ptolemy.util.test.WatchDog.cancel(): canceling Wed Oct 31 02:37:47 UTC 2018
------------------ testing $PTII/ptolemy/domains/de/test/auto/DEScheduleTest.xml
auto.tcl: Setting watchdog for 200 seconds at Wed Oct 31 02:37:47 UTC 2018
7 ms. Memory: 208384K Free: 198476K (95%)
ptolemy.util.test.WatchDog.cancel(): canceling Wed Oct 31 02:37:47 UTC 2018
auto.tcl: Setting watchdog for 200 seconds at Wed Oct 31 02:37:47 UTC 2018
4 ms. Memory: 208384K Free: 196379K (94%)
ptolemy.util.test.WatchDog.cancel(): canceling Wed Oct 31 02:37:47 UTC 2018
------------------ testing $PTII/ptolemy/domains/de/test/auto/DEinDEwithStartTimes.xml
auto.tcl: Setting watchdog for 200 seconds at Wed Oct 31 02:37:47 UTC 2018
4 ms. Memory: 208384K Free: 196348K (94%)
ptolemy.util.test.WatchDog.cancel(): canceling Wed Oct 31 02:37:47 UTC 2018
auto.tcl: Setting watchdog for 200 seconds at Wed Oct 31 02:37:47 UTC 2018
7 ms. Memory: 208384K Free: 194250K (93%)
ptolemy.util.test.WatchDog.cancel(): canceling Wed Oct 31 02:37:47 UTC 2018
------------------ testing $PTII/ptolemy/domains/de/test/auto/DEinDEwithStartTimes2.xml
auto.tcl: Setting watchdog for 200 seconds at Wed Oct 31 02:37:47 UTC 2018
4 ms. Memory: 208384K Free: 196666K (94%)
ptolemy.util.test.WatchDog.cancel(): canceling Wed Oct 31 02:37:47 UTC 2018
auto.tcl: Setting watchdog for 200 seconds at Wed Oct 31 02:37:47 UTC 2018
4 ms. Memory: 208384K Free: 194230K (93%)
ptolemy.util.test.WatchDog.cancel(): canceling Wed Oct 31 02:37:47 UTC 2018
------------------ testing $PTII/ptolemy/domains/de/test/auto/DateDemo.xml
auto.tcl: Setting watchdog for 200 seconds at Wed Oct 31 02:37:47 UTC 2018
21 ms. Memory: 208384K Free: 188772K (91%)
ptolemy.util.test.WatchDog.cancel(): canceling Wed Oct 31 02:37:47 UTC 2018
auto.tcl: Setting watchdog for 200 seconds at Wed Oct 31 02:37:47 UTC 2018
11 ms. Memory: 208384K Free: 186674K (90%)
ptolemy.util.test.WatchDog.cancel(): canceling Wed Oct 31 02:37:47 UTC 2018
------------------ testing $PTII/ptolemy/domains/de/test/auto/DateToEvent.xml
auto.tcl: Setting watchdog for 200 seconds at Wed Oct 31 02:37:47 UTC 2018
2019 ms. Memory: 208384K Free: 183501K (88%)
ptolemy.util.test.WatchDog.cancel(): canceling Wed Oct 31 02:37:49 UTC 2018
auto.tcl: Setting watchdog for 200 seconds at Wed Oct 31 02:37:49 UTC 2018
2006 ms. Memory: 208384K Free: 181043K (87%)
ptolemy.util.test.WatchDog.cancel(): canceling Wed Oct 31 02:37:51 UTC 2018
------------------ testing $PTII/ptolemy/domains/de/test/auto/DepthTest1.xml
auto.tcl: Setting watchdog for 200 seconds at Wed Oct 31 02:37:51 UTC 2018
5 ms. Memory: 208384K Free: 198342K (95%)
ptolemy.util.test.WatchDog.cancel(): canceling Wed Oct 31 02:37:51 UTC 2018
auto.tcl: Setting watchdog for 200 seconds at Wed Oct 31 02:37:51 UTC 2018
2 ms. Memory: 208384K Free: 198342K (95%)
ptolemy.util.test.WatchDog.cancel(): canceling Wed Oct 31 02:37:51 UTC 2018
------------------ testing $PTII/ptolemy/domains/de/test/auto/DepthTest2.xml
auto.tcl: Setting watchdog for 200 seconds at Wed Oct 31 02:37:51 UTC 2018
5 ms. Memory: 208384K Free: 194210K (93%)
ptolemy.util.test.WatchDog.cancel(): canceling Wed Oct 31 02:37:52 UTC 2018
auto.tcl: Setting watchdog for 200 seconds at Wed Oct 31 02:37:52 UTC 2018
3 ms. Memory: 208384K Free: 194210K (93%)
ptolemy.util.test.WatchDog.cancel(): canceling Wed Oct 31 02:37:52 UTC 2018
------------------ testing $PTII/ptolemy/domains/de/test/auto/DepthTest3.xml
auto.tcl: Setting watchdog for 200 seconds at Wed Oct 31 02:37:52 UTC 2018
5 ms. Memory: 208384K Free: 198339K (95%)
ptolemy.util.test.WatchDog.cancel(): canceling Wed Oct 31 02:37:52 UTC 2018
auto.tcl: Setting watchdog for 200 seconds at Wed Oct 31 02:37:52 UTC 2018
2 ms. Memory: 208384K Free: 198339K (95%)
ptolemy.util.test.WatchDog.cancel(): canceling Wed Oct 31 02:37:52 UTC 2018
------------------ testing $PTII/ptolemy/domains/de/test/auto/DepthTest4.xml
auto.tcl: Setting watchdog for 200 seconds at Wed Oct 31 02:37:52 UTC 2018
11 ms. Memory: 208384K Free: 196329K (94%)
ptolemy.util.test.WatchDog.cancel(): canceling Wed Oct 31 02:37:52 UTC 2018
auto.tcl: Setting watchdog for 200 seconds at Wed Oct 31 02:37:52 UTC 2018
2 ms. Memory: 208384K Free: 196329K (94%)
ptolemy.util.test.WatchDog.cancel(): canceling Wed Oct 31 02:37:52 UTC 2018
------------------ testing $PTII/ptolemy/domains/de/test/auto/DepthTest5.xml
auto.tcl: Setting watchdog for 200 seconds at Wed Oct 31 02:37:52 UTC 2018
8 ms. Memory: 208384K Free: 196276K (94%)
ptolemy.util.test.WatchDog.cancel(): canceling Wed Oct 31 02:37:52 UTC 2018
auto.tcl: Setting watchdog for 200 seconds at Wed Oct 31 02:37:52 UTC 2018
4 ms. Memory: 208384K Free: 196276K (94%)
ptolemy.util.test.WatchDog.cancel(): canceling Wed Oct 31 02:37:52 UTC 2018
------------------ testing $PTII/ptolemy/domains/de/test/auto/DepthTest6.xml
auto.tcl: Setting watchdog for 200 seconds at Wed Oct 31 02:37:52 UTC 2018
18 ms. Memory: 208384K Free: 196582K (94%)
ptolemy.util.test.WatchDog.cancel(): canceling Wed Oct 31 02:37:52 UTC 2018
auto.tcl: Setting watchdog for 200 seconds at Wed Oct 31 02:37:52 UTC 2018
3 ms. Memory: 208384K Free: 196582K (94%)
ptolemy.util.test.WatchDog.cancel(): canceling Wed Oct 31 02:37:52 UTC 2018
------------------ testing $PTII/ptolemy/domains/de/test/auto/DepthTest7.xml
auto.tcl: Setting watchdog for 200 seconds at Wed Oct 31 02:37:52 UTC 2018
6 ms. Memory: 208384K Free: 196234K (94%)
ptolemy.util.test.WatchDog.cancel(): canceling Wed Oct 31 02:37:52 UTC 2018
auto.tcl: Setting watchdog for 200 seconds at Wed Oct 31 02:37:52 UTC 2018
4 ms. Memory: 208384K Free: 196234K (94%)
ptolemy.util.test.WatchDog.cancel(): canceling Wed Oct 31 02:37:52 UTC 2018
------------------ testing $PTII/ptolemy/domains/de/test/auto/EventToDate.xml
auto.tcl: Setting watchdog for 200 seconds at Wed Oct 31 02:37:52 UTC 2018
3014 ms. Memory: 208384K Free: 185766K (89%)
ptolemy.util.test.WatchDog.cancel(): canceling Wed Oct 31 02:37:55 UTC 2018
auto.tcl: Setting watchdog for 200 seconds at Wed Oct 31 02:37:55 UTC 2018
3004 ms. Memory: 208384K Free: 185766K (89%)
ptolemy.util.test.WatchDog.cancel(): canceling Wed Oct 31 02:37:58 UTC 2018
------------------ testing $PTII/ptolemy/domains/de/test/auto/FSM1.xml
auto.tcl: Setting watchdog for 200 seconds at Wed Oct 31 02:37:58 UTC 2018
22 ms. Memory: 208384K Free: 189234K (91%)
ptolemy.util.test.WatchDog.cancel(): canceling Wed Oct 31 02:37:58 UTC 2018
auto.tcl: Setting watchdog for 200 seconds at Wed Oct 31 02:37:58 UTC 2018
26 ms. Memory: 208384K Free: 185022K (89%)
ptolemy.util.test.WatchDog.cancel(): canceling Wed Oct 31 02:37:58 UTC 2018
------------------ testing $PTII/ptolemy/domains/de/test/auto/FSM7.xml
auto.tcl: Setting watchdog for 200 seconds at Wed Oct 31 02:37:58 UTC 2018
18 ms. Memory: 208384K Free: 187346K (90%)
ptolemy.util.test.WatchDog.cancel(): canceling Wed Oct 31 02:37:58 UTC 2018
auto.tcl: Setting watchdog for 200 seconds at Wed Oct 31 02:37:58 UTC 2018
19 ms. Memory: 208384K Free: 185232K (89%)
ptolemy.util.test.WatchDog.cancel(): canceling Wed Oct 31 02:37:58 UTC 2018
------------------ testing $PTII/ptolemy/domains/de/test/auto/Inspection.xml
auto.tcl: Setting watchdog for 200 seconds at Wed Oct 31 02:37:58 UTC 2018
43 ms. Memory: 208384K Free: 188568K (90%)
ptolemy.util.test.WatchDog.cancel(): canceling Wed Oct 31 02:37:59 UTC 2018
auto.tcl: Setting watchdog for 200 seconds at Wed Oct 31 02:37:59 UTC 2018
24 ms. Memory: 208384K Free: 186454K (89%)
ptolemy.util.test.WatchDog.cancel(): canceling Wed Oct 31 02:37:59 UTC 2018
------------------ testing $PTII/ptolemy/domains/de/test/auto/Iteration.xml
auto.tcl: Setting watchdog for 200 seconds at Wed Oct 31 02:37:59 UTC 2018
13 ms. Memory: 208384K Free: 196023K (94%)
ptolemy.util.test.WatchDog.cancel(): canceling Wed Oct 31 02:37:59 UTC 2018
auto.tcl: Setting watchdog for 200 seconds at Wed Oct 31 02:37:59 UTC 2018
8 ms. Memory: 208384K Free: 193917K (93%)
ptolemy.util.test.WatchDog.cancel(): canceling Wed Oct 31 02:37:59 UTC 2018
------------------ testing $PTII/ptolemy/domains/de/test/auto/LineFault.xml
auto.tcl: Setting watchdog for 200 seconds at Wed Oct 31 02:37:59 UTC 2018
901 ms. Memory: 208384K Free: 196249K (94%)
ptolemy.util.test.WatchDog.cancel(): canceling Wed Oct 31 02:38:00 UTC 2018
auto.tcl: Setting watchdog for 200 seconds at Wed Oct 31 02:38:00 UTC 2018
705 ms. Memory: 208384K Free: 138894K (67%)
ptolemy.util.test.WatchDog.cancel(): canceling Wed Oct 31 02:38:01 UTC 2018
------------------ testing $PTII/ptolemy/domains/de/test/auto/MergeModel1Add.xml
auto.tcl: Setting watchdog for 200 seconds at Wed Oct 31 02:38:01 UTC 2018
23 ms. Memory: 331264K Free: 298832K (90%)
ptolemy.util.test.WatchDog.cancel(): canceling Wed Oct 31 02:38:01 UTC 2018
auto.tcl: Setting watchdog for 200 seconds at Wed Oct 31 02:38:01 UTC 2018
12 ms. Memory: 331264K Free: 298832K (90%)
ptolemy.util.test.WatchDog.cancel(): canceling Wed Oct 31 02:38:01 UTC 2018
------------------ testing $PTII/ptolemy/domains/de/test/auto/MergeModel2Add.xml
auto.tcl: Setting watchdog for 200 seconds at Wed Oct 31 02:38:01 UTC 2018
20 ms. Memory: 331264K Free: 304122K (92%)
ptolemy.util.test.WatchDog.cancel(): canceling Wed Oct 31 02:38:01 UTC 2018
auto.tcl: Setting watchdog for 200 seconds at Wed Oct 31 02:38:01 UTC 2018
18 ms. Memory: 331264K Free: 300162K (91%)
ptolemy.util.test.WatchDog.cancel(): canceling Wed Oct 31 02:38:01 UTC 2018
------------------ testing $PTII/ptolemy/domains/de/test/auto/MergeModel3Add.xml
auto.tcl: Setting watchdog for 200 seconds at Wed Oct 31 02:38:01 UTC 2018
12 ms. Memory: 331264K Free: 304124K (92%)
ptolemy.util.test.WatchDog.cancel(): canceling Wed Oct 31 02:38:01 UTC 2018
auto.tcl: Setting watchdog for 200 seconds at Wed Oct 31 02:38:01 UTC 2018
13 ms. Memory: 331264K Free: 300180K (91%)
ptolemy.util.test.WatchDog.cancel(): canceling Wed Oct 31 02:38:01 UTC 2018
------------------ testing $PTII/ptolemy/domains/de/test/auto/MergeWithoutDiscard.xml
auto.tcl: Setting watchdog for 200 seconds at Wed Oct 31 02:38:01 UTC 2018
5 ms. Memory: 331264K Free: 319931K (97%)
ptolemy.util.test.WatchDog.cancel(): canceling Wed Oct 31 02:38:01 UTC 2018
auto.tcl: Setting watchdog for 200 seconds at Wed Oct 31 02:38:01 UTC 2018
2 ms. Memory: 331264K Free: 315987K (95%)
ptolemy.util.test.WatchDog.cancel(): canceling Wed Oct 31 02:38:01 UTC 2018
------------------ testing $PTII/ptolemy/domains/de/test/auto/Modal1.xml
auto.tcl: Setting watchdog for 200 seconds at Wed Oct 31 02:38:01 UTC 2018
15 ms. Memory: 331264K Free: 309867K (94%)
ptolemy.util.test.WatchDog.cancel(): canceling Wed Oct 31 02:38:01 UTC 2018
auto.tcl: Setting watchdog for 200 seconds at Wed Oct 31 02:38:01 UTC 2018
21 ms. Memory: 331264K Free: 305922K (92%)
ptolemy.util.test.WatchDog.cancel(): canceling Wed Oct 31 02:38:02 UTC 2018
------------------ testing $PTII/ptolemy/domains/de/test/auto/Modal2.xml
auto.tcl: Setting watchdog for 200 seconds at Wed Oct 31 02:38:02 UTC 2018
16 ms. Memory: 331264K Free: 309756K (94%)
ptolemy.util.test.WatchDog.cancel(): canceling Wed Oct 31 02:38:02 UTC 2018
auto.tcl: Setting watchdog for 200 seconds at Wed Oct 31 02:38:02 UTC 2018
13 ms. Memory: 331264K Free: 305812K (92%)
ptolemy.util.test.WatchDog.cancel(): canceling Wed Oct 31 02:38:02 UTC 2018
------------------ testing $PTII/ptolemy/domains/de/test/auto/Modal3.xml
auto.tcl: Setting watchdog for 200 seconds at Wed Oct 31 02:38:02 UTC 2018
21 ms. Memory: 331264K Free: 309529K (93%)
ptolemy.util.test.WatchDog.cancel(): canceling Wed Oct 31 02:38:02 UTC 2018
auto.tcl: Setting watchdog for 200 seconds at Wed Oct 31 02:38:02 UTC 2018
18 ms. Memory: 331264K Free: 305569K (92%)
ptolemy.util.test.WatchDog.cancel(): canceling Wed Oct 31 02:38:02 UTC 2018
------------------ testing $PTII/ptolemy/domains/de/test/auto/Modal4.xml
auto.tcl: Setting watchdog for 200 seconds at Wed Oct 31 02:38:02 UTC 2018
22 ms. Memory: 331264K Free: 309558K (93%)
ptolemy.util.test.WatchDog.cancel(): canceling Wed Oct 31 02:38:02 UTC 2018
auto.tcl: Setting watchdog for 200 seconds at Wed Oct 31 02:38:02 UTC 2018
16 ms. Memory: 331264K Free: 305613K (92%)
ptolemy.util.test.WatchDog.cancel(): canceling Wed Oct 31 02:38:02 UTC 2018
------------------ testing $PTII/ptolemy/domains/de/test/auto/Modal5.xml
auto.tcl: Setting watchdog for 200 seconds at Wed Oct 31 02:38:02 UTC 2018
16 ms. Memory: 331264K Free: 309537K (93%)
ptolemy.util.test.WatchDog.cancel(): canceling Wed Oct 31 02:38:02 UTC 2018
auto.tcl: Setting watchdog for 200 seconds at Wed Oct 31 02:38:02 UTC 2018
12 ms. Memory: 331264K Free: 305592K (92%)
ptolemy.util.test.WatchDog.cancel(): canceling Wed Oct 31 02:38:02 UTC 2018
------------------ testing $PTII/ptolemy/domains/de/test/auto/Modal6.xml
auto.tcl: Setting watchdog for 200 seconds at Wed Oct 31 02:38:02 UTC 2018
20 ms. Memory: 331264K Free: 304627K (92%)
ptolemy.util.test.WatchDog.cancel(): canceling Wed Oct 31 02:38:02 UTC 2018
auto.tcl: Setting watchdog for 200 seconds at Wed Oct 31 02:38:02 UTC 2018
21 ms. Memory: 331264K Free: 300674K (91%)
ptolemy.util.test.WatchDog.cancel(): canceling Wed Oct 31 02:38:02 UTC 2018
------------------ testing $PTII/ptolemy/domains/de/test/auto/Modal7.xml
auto.tcl: Setting watchdog for 200 seconds at Wed Oct 31 02:38:02 UTC 2018
12 ms. Memory: 331264K Free: 309526K (93%)
ptolemy.util.test.WatchDog.cancel(): canceling Wed Oct 31 02:38:02 UTC 2018
auto.tcl: Setting watchdog for 200 seconds at Wed Oct 31 02:38:02 UTC 2018
13 ms. Memory: 331264K Free: 305582K (92%)
ptolemy.util.test.WatchDog.cancel(): canceling Wed Oct 31 02:38:02 UTC 2018
------------------ testing $PTII/ptolemy/domains/de/test/auto/ModalModel.xml
auto.tcl: Setting watchdog for 200 seconds at Wed Oct 31 02:38:02 UTC 2018
174 ms. Memory: 331264K Free: 245851K (74%)
ptolemy.util.test.WatchDog.cancel(): canceling Wed Oct 31 02:38:03 UTC 2018
auto.tcl: Setting watchdog for 200 seconds at Wed Oct 31 02:38:03 UTC 2018
178 ms. Memory: 331264K Free: 190469K (57%)
ptolemy.util.test.WatchDog.cancel(): canceling Wed Oct 31 02:38:03 UTC 2018
------------------ testing $PTII/ptolemy/domains/de/test/auto/ModalSource.xml
auto.tcl: Setting watchdog for 200 seconds at Wed Oct 31 02:38:03 UTC 2018
17 ms. Memory: 331264K Free: 316310K (95%)
ptolemy.util.test.WatchDog.cancel(): canceling Wed Oct 31 02:38:03 UTC 2018
auto.tcl: Setting watchdog for 200 seconds at Wed Oct 31 02:38:03 UTC 2018
6 ms. Memory: 331264K Free: 312781K (94%)
ptolemy.util.test.WatchDog.cancel(): canceling Wed Oct 31 02:38:03 UTC 2018
------------------ testing $PTII/ptolemy/domains/de/test/auto/NonInterruptibleTimerZeroDelay.xml
auto.tcl: Setting watchdog for 200 seconds at Wed Oct 31 02:38:03 UTC 2018
5 ms. Memory: 331264K Free: 320490K (97%)
ptolemy.util.test.WatchDog.cancel(): canceling Wed Oct 31 02:38:03 UTC 2018
auto.tcl: Setting watchdog for 200 seconds at Wed Oct 31 02:38:03 UTC 2018
2 ms. Memory: 331264K Free: 316970K (96%)
ptolemy.util.test.WatchDog.cancel(): canceling Wed Oct 31 02:38:03 UTC 2018
------------------ testing $PTII/ptolemy/domains/de/test/auto/OpenQueueingNetwork.xml
auto.tcl: Setting watchdog for 200 seconds at Wed Oct 31 02:38:03 UTC 2018
3150 ms. Memory: 573952K Free: 421102K (73%)
ptolemy.util.test.WatchDog.cancel(): canceling Wed Oct 31 02:38:06 UTC 2018
auto.tcl: Setting watchdog for 200 seconds at Wed Oct 31 02:38:06 UTC 2018
2671 ms. Memory: 550912K Free: 331431K (60%)
ptolemy.util.test.WatchDog.cancel(): canceling Wed Oct 31 02:38:09 UTC 2018
------------------ testing $PTII/ptolemy/domains/de/test/auto/OpenQueuingNetwork.xml
auto.tcl: Setting watchdog for 200 seconds at Wed Oct 31 02:38:09 UTC 2018
231 ms. Memory: 549888K Free: 445260K (81%)
ptolemy.util.test.WatchDog.cancel(): canceling Wed Oct 31 02:38:10 UTC 2018
auto.tcl: Setting watchdog for 200 seconds at Wed Oct 31 02:38:10 UTC 2018
256 ms. Memory: 549888K Free: 385186K (70%)
ptolemy.util.test.WatchDog.cancel(): canceling Wed Oct 31 02:38:10 UTC 2018
------------------ testing $PTII/ptolemy/domains/de/test/auto/PeriodicSampler.xml
auto.tcl: Setting watchdog for 200 seconds at Wed Oct 31 02:38:10 UTC 2018
4 ms. Memory: 551936K Free: 531886K (96%)
ptolemy.util.test.WatchDog.cancel(): canceling Wed Oct 31 02:38:10 UTC 2018
auto.tcl: Setting watchdog for 200 seconds at Wed Oct 31 02:38:10 UTC 2018
3 ms. Memory: 551936K Free: 531886K (96%)
ptolemy.util.test.WatchDog.cancel(): canceling Wed Oct 31 02:38:10 UTC 2018
------------------ testing $PTII/ptolemy/domains/de/test/auto/PersistentIO.xml
auto.tcl: Setting watchdog for 200 seconds at Wed Oct 31 02:38:10 UTC 2018
12 ms. Memory: 549376K Free: 524456K (95%)
ptolemy.util.test.WatchDog.cancel(): canceling Wed Oct 31 02:38:10 UTC 2018
auto.tcl: Setting watchdog for 200 seconds at Wed Oct 31 02:38:10 UTC 2018
4 ms. Memory: 549376K Free: 524456K (95%)
ptolemy.util.test.WatchDog.cancel(): canceling Wed Oct 31 02:38:10 UTC 2018
------------------ testing $PTII/ptolemy/domains/de/test/auto/PortParameterResetOnInitialize.xml
auto.tcl: Setting watchdog for 200 seconds at Wed Oct 31 02:38:10 UTC 2018
2 ms. Memory: 551424K Free: 531605K (96%)
ptolemy.util.test.WatchDog.cancel(): canceling Wed Oct 31 02:38:10 UTC 2018
auto.tcl: Setting watchdog for 200 seconds at Wed Oct 31 02:38:10 UTC 2018
2 ms. Memory: 551424K Free: 531605K (96%)
ptolemy.util.test.WatchDog.cancel(): canceling Wed Oct 31 02:38:10 UTC 2018
------------------ testing $PTII/ptolemy/domains/de/test/auto/PortParameterUpdates.xml
auto.tcl: Setting watchdog for 200 seconds at Wed Oct 31 02:38:10 UTC 2018
8 ms. Memory: 549376K Free: 529919K (96%)
ptolemy.util.test.WatchDog.cancel(): canceling Wed Oct 31 02:38:10 UTC 2018
auto.tcl: Setting watchdog for 200 seconds at Wed Oct 31 02:38:10 UTC 2018
7 ms. Memory: 549376K Free: 524457K (95%)
ptolemy.util.test.WatchDog.cancel(): canceling Wed Oct 31 02:38:10 UTC 2018
------------------ testing $PTII/ptolemy/domains/de/test/auto/QueueAndServer.xml
auto.tcl: Setting watchdog for 200 seconds at Wed Oct 31 02:38:10 UTC 2018
18 ms. Memory: 551424K Free: 530903K (96%)
ptolemy.util.test.WatchDog.cancel(): canceling Wed Oct 31 02:38:10 UTC 2018
auto.tcl: Setting watchdog for 200 seconds at Wed Oct 31 02:38:10 UTC 2018
8 ms. Memory: 551424K Free: 530903K (96%)
ptolemy.util.test.WatchDog.cancel(): canceling Wed Oct 31 02:38:10 UTC 2018
------------------ testing $PTII/ptolemy/domains/de/test/auto/Records.xml
auto.tcl: Setting watchdog for 200 seconds at Wed Oct 31 02:38:10 UTC 2018
3 ms. Memory: 549376K Free: 534274K (97%)
ptolemy.util.test.WatchDog.cancel(): canceling Wed Oct 31 02:38:10 UTC 2018
auto.tcl: Setting watchdog for 200 seconds at Wed Oct 31 02:38:10 UTC 2018
2 ms. Memory: 549376K Free: 528813K (96%)
ptolemy.util.test.WatchDog.cancel(): canceling Wed Oct 31 02:38:10 UTC 2018
------------------ testing $PTII/ptolemy/domains/de/test/auto/ResetTransitionWithStartTime1.xml
auto.tcl: Setting watchdog for 200 seconds at Wed Oct 31 02:38:10 UTC 2018
14 ms. Memory: 551424K Free: 530871K (96%)
ptolemy.util.test.WatchDog.cancel(): canceling Wed Oct 31 02:38:10 UTC 2018
auto.tcl: Setting watchdog for 200 seconds at Wed Oct 31 02:38:10 UTC 2018
10 ms. Memory: 551424K Free: 530871K (96%)
ptolemy.util.test.WatchDog.cancel(): canceling Wed Oct 31 02:38:10 UTC 2018
------------------ testing $PTII/ptolemy/domains/de/test/auto/ResetTransitionWithStartTime2.xml
auto.tcl: Setting watchdog for 200 seconds at Wed Oct 31 02:38:10 UTC 2018
7 ms. Memory: 549376K Free: 529043K (96%)
ptolemy.util.test.WatchDog.cancel(): canceling Wed Oct 31 02:38:11 UTC 2018
auto.tcl: Setting watchdog for 200 seconds at Wed Oct 31 02:38:11 UTC 2018
6 ms. Memory: 549376K Free: 529043K (96%)
ptolemy.util.test.WatchDog.cancel(): canceling Wed Oct 31 02:38:11 UTC 2018
------------------ testing $PTII/ptolemy/domains/de/test/auto/ResetTransitionWithStartTime3.xml
auto.tcl: Setting watchdog for 200 seconds at Wed Oct 31 02:38:11 UTC 2018
5 ms. Memory: 550912K Free: 530348K (96%)
ptolemy.util.test.WatchDog.cancel(): canceling Wed Oct 31 02:38:11 UTC 2018
auto.tcl: Setting watchdog for 200 seconds at Wed Oct 31 02:38:11 UTC 2018
8 ms. Memory: 550912K Free: 530348K (96%)
ptolemy.util.test.WatchDog.cancel(): canceling Wed Oct 31 02:38:11 UTC 2018
------------------ testing $PTII/ptolemy/domains/de/test/auto/ResetTransitionWithStartTime4.xml
auto.tcl: Setting watchdog for 200 seconds at Wed Oct 31 02:38:11 UTC 2018
5 ms. Memory: 549376K Free: 528811K (96%)
ptolemy.util.test.WatchDog.cancel(): canceling Wed Oct 31 02:38:11 UTC 2018
auto.tcl: Setting watchdog for 200 seconds at Wed Oct 31 02:38:11 UTC 2018
5 ms. Memory: 549376K Free: 528811K (96%)
ptolemy.util.test.WatchDog.cancel(): canceling Wed Oct 31 02:38:11 UTC 2018
------------------ testing $PTII/ptolemy/domains/de/test/auto/ResettableTimer1.xml
auto.tcl: Setting watchdog for 200 seconds at Wed Oct 31 02:38:11 UTC 2018
3 ms. Memory: 550912K Free: 535819K (97%)
ptolemy.util.test.WatchDog.cancel(): canceling Wed Oct 31 02:38:11 UTC 2018
auto.tcl: Setting watchdog for 200 seconds at Wed Oct 31 02:38:11 UTC 2018
3 ms. Memory: 550912K Free: 535819K (97%)
ptolemy.util.test.WatchDog.cancel(): canceling Wed Oct 31 02:38:11 UTC 2018
------------------ testing $PTII/ptolemy/domains/de/test/auto/ResettableTimer2.xml
auto.tcl: Setting watchdog for 200 seconds at Wed Oct 31 02:38:11 UTC 2018
4 ms. Memory: 549376K Free: 534571K (97%)
ptolemy.util.test.WatchDog.cancel(): canceling Wed Oct 31 02:38:11 UTC 2018
auto.tcl: Setting watchdog for 200 seconds at Wed Oct 31 02:38:11 UTC 2018
2 ms. Memory: 549376K Free: 534571K (97%)
ptolemy.util.test.WatchDog.cancel(): canceling Wed Oct 31 02:38:11 UTC 2018
------------------ testing $PTII/ptolemy/domains/de/test/auto/ResettableTimer3.xml
auto.tcl: Setting watchdog for 200 seconds at Wed Oct 31 02:38:11 UTC 2018
2 ms. Memory: 550912K Free: 535877K (97%)
ptolemy.util.test.WatchDog.cancel(): canceling Wed Oct 31 02:38:11 UTC 2018
auto.tcl: Setting watchdog for 200 seconds at Wed Oct 31 02:38:11 UTC 2018
2 ms. Memory: 550912K Free: 535877K (97%)
ptolemy.util.test.WatchDog.cancel(): canceling Wed Oct 31 02:38:11 UTC 2018
------------------ testing $PTII/ptolemy/domains/de/test/auto/ResettableTimer4.xml
auto.tcl: Setting watchdog for 200 seconds at Wed Oct 31 02:38:11 UTC 2018
2 ms. Memory: 549376K Free: 534353K (97%)
ptolemy.util.test.WatchDog.cancel(): canceling Wed Oct 31 02:38:11 UTC 2018
auto.tcl: Setting watchdog for 200 seconds at Wed Oct 31 02:38:11 UTC 2018
1 ms. Memory: 549376K Free: 534353K (97%)
ptolemy.util.test.WatchDog.cancel(): canceling Wed Oct 31 02:38:11 UTC 2018
------------------ testing $PTII/ptolemy/domains/de/test/auto/ResettableTimer5.xml
auto.tcl: Setting watchdog for 200 seconds at Wed Oct 31 02:38:11 UTC 2018
1 ms. Memory: 550400K Free: 535605K (97%)
ptolemy.util.test.WatchDog.cancel(): canceling Wed Oct 31 02:38:11 UTC 2018
auto.tcl: Setting watchdog for 200 seconds at Wed Oct 31 02:38:11 UTC 2018
1 ms. Memory: 550400K Free: 535605K (97%)
ptolemy.util.test.WatchDog.cancel(): canceling Wed Oct 31 02:38:11 UTC 2018
------------------ testing $PTII/ptolemy/domains/de/test/auto/ResettableTimer6.xml
auto.tcl: Setting watchdog for 200 seconds at Wed Oct 31 02:38:11 UTC 2018
2 ms. Memory: 549376K Free: 534301K (97%)
ptolemy.util.test.WatchDog.cancel(): canceling Wed Oct 31 02:38:11 UTC 2018
auto.tcl: Setting watchdog for 200 seconds at Wed Oct 31 02:38:11 UTC 2018
1 ms. Memory: 549376K Free: 534301K (97%)
ptolemy.util.test.WatchDog.cancel(): canceling Wed Oct 31 02:38:11 UTC 2018
------------------ testing $PTII/ptolemy/domains/de/test/auto/ServerZeroDelay.xml
auto.tcl: Setting watchdog for 200 seconds at Wed Oct 31 02:38:11 UTC 2018
3 ms. Memory: 550400K Free: 535544K (97%)
ptolemy.util.test.WatchDog.cancel(): canceling Wed Oct 31 02:38:11 UTC 2018
auto.tcl: Setting watchdog for 200 seconds at Wed Oct 31 02:38:11 UTC 2018
7 ms. Memory: 550400K Free: 535544K (97%)
ptolemy.util.test.WatchDog.cancel(): canceling Wed Oct 31 02:38:11 UTC 2018
------------------ testing $PTII/ptolemy/domains/de/test/auto/SmartSender.xml
auto.tcl: Setting watchdog for 200 seconds at Wed Oct 31 02:38:11 UTC 2018
3002 ms. Memory: 549376K Free: 529836K (96%)
ptolemy.util.test.WatchDog.cancel(): canceling Wed Oct 31 02:38:14 UTC 2018
auto.tcl: Setting watchdog for 200 seconds at Wed Oct 31 02:38:14 UTC 2018
3001 ms. Memory: 549376K Free: 529836K (96%)
ptolemy.util.test.WatchDog.cancel(): canceling Wed Oct 31 02:38:17 UTC 2018
------------------ testing $PTII/ptolemy/domains/de/test/auto/ThreadedComposite.xml
auto.tcl: Setting watchdog for 200 seconds at Wed Oct 31 02:38:17 UTC 2018
158 ms. Memory: 550400K Free: 510346K (93%)
ptolemy.util.test.WatchDog.cancel(): canceling Wed Oct 31 02:38:18 UTC 2018
auto.tcl: Setting watchdog for 200 seconds at Wed Oct 31 02:38:18 UTC 2018
124 ms. Memory: 550400K Free: 495525K (90%)
ptolemy.util.test.WatchDog.cancel(): canceling Wed Oct 31 02:38:18 UTC 2018
------------------ testing $PTII/ptolemy/domains/de/test/auto/Time.xml
auto.tcl: Setting watchdog for 200 seconds at Wed Oct 31 02:38:18 UTC 2018
542 ms. Memory: 549376K Free: 482533K (88%)
ptolemy.util.test.WatchDog.cancel(): canceling Wed Oct 31 02:38:18 UTC 2018
auto.tcl: Setting watchdog for 200 seconds at Wed Oct 31 02:38:18 UTC 2018
521 ms. Memory: 549376K Free: 427920K (78%)
ptolemy.util.test.WatchDog.cancel(): canceling Wed Oct 31 02:38:19 UTC 2018
------------------ testing $PTII/ptolemy/domains/de/test/auto/TimeDelayZeroDelay.xml
auto.tcl: Setting watchdog for 200 seconds at Wed Oct 31 02:38:19 UTC 2018
3 ms. Memory: 550400K Free: 535231K (97%)
ptolemy.util.test.WatchDog.cancel(): canceling Wed Oct 31 02:38:19 UTC 2018
auto.tcl: Setting watchdog for 200 seconds at Wed Oct 31 02:38:19 UTC 2018
2 ms. Memory: 550400K Free: 535231K (97%)
ptolemy.util.test.WatchDog.cancel(): canceling Wed Oct 31 02:38:19 UTC 2018
------------------ testing $PTII/ptolemy/domains/de/test/auto/TimerZeroDelay.xml
auto.tcl: Setting watchdog for 200 seconds at Wed Oct 31 02:38:19 UTC 2018
2 ms. Memory: 549376K Free: 534481K (97%)
ptolemy.util.test.WatchDog.cancel(): canceling Wed Oct 31 02:38:19 UTC 2018
auto.tcl: Setting watchdog for 200 seconds at Wed Oct 31 02:38:19 UTC 2018
2 ms. Memory: 549376K Free: 534481K (97%)
ptolemy.util.test.WatchDog.cancel(): canceling Wed Oct 31 02:38:19 UTC 2018
------------------ testing $PTII/ptolemy/domains/de/test/auto/TimingParadox.xml
auto.tcl: Setting watchdog for 200 seconds at Wed Oct 31 02:38:19 UTC 2018
346 ms. Memory: 549888K Free: 469204K (85%)
ptolemy.util.test.WatchDog.cancel(): canceling Wed Oct 31 02:38:20 UTC 2018
auto.tcl: Setting watchdog for 200 seconds at Wed Oct 31 02:38:20 UTC 2018
302 ms. Memory: 549888K Free: 436436K (79%)
ptolemy.util.test.WatchDog.cancel(): canceling Wed Oct 31 02:38:20 UTC 2018
------------------ testing $PTII/ptolemy/domains/de/test/auto/TransferInputs.xml
auto.tcl: Setting watchdog for 200 seconds at Wed Oct 31 02:38:20 UTC 2018
2 ms. Memory: 549888K Free: 533896K (97%)
ptolemy.util.test.WatchDog.cancel(): canceling Wed Oct 31 02:38:20 UTC 2018
auto.tcl: Setting watchdog for 200 seconds at Wed Oct 31 02:38:20 UTC 2018
1 ms. Memory: 549888K Free: 533896K (97%)
ptolemy.util.test.WatchDog.cancel(): canceling Wed Oct 31 02:38:20 UTC 2018
------------------ testing $PTII/ptolemy/domains/de/test/auto/TransferOutputs2.xml
auto.tcl: Setting watchdog for 200 seconds at Wed Oct 31 02:38:20 UTC 2018
11 ms. Memory: 549376K Free: 524345K (95%)
ptolemy.util.test.WatchDog.cancel(): canceling Wed Oct 31 02:38:20 UTC 2018
auto.tcl: Setting watchdog for 200 seconds at Wed Oct 31 02:38:20 UTC 2018
3 ms. Memory: 549376K Free: 524345K (95%)
ptolemy.util.test.WatchDog.cancel(): canceling Wed Oct 31 02:38:20 UTC 2018
------------------ testing $PTII/ptolemy/domains/de/test/auto/Trilateration.xml
auto.tcl: Setting watchdog for 200 seconds at Wed Oct 31 02:38:20 UTC 2018
15292 ms. Memory: 766976K Free: 238759K (31%)
ptolemy.util.test.WatchDog.cancel(): canceling Wed Oct 31 02:38:37 UTC 2018
auto.tcl: Setting watchdog for 200 seconds at Wed Oct 31 02:38:37 UTC 2018
12813 ms. Memory: 646144K Free: 88535K (14%)
ptolemy.util.test.WatchDog.cancel(): canceling Wed Oct 31 02:38:49 UTC 2018
------------------ testing $PTII/ptolemy/domains/de/test/auto/TwoSigmaDelta.xml
auto.tcl: Setting watchdog for 200 seconds at Wed Oct 31 02:38:50 UTC 2018
3289 ms. Memory: 649728K Free: 342278K (53%)
ptolemy.util.test.WatchDog.cancel(): canceling Wed Oct 31 02:38:53 UTC 2018
auto.tcl: Setting watchdog for 200 seconds at Wed Oct 31 02:38:53 UTC 2018
2401 ms. Memory: 649728K Free: 116545K (18%)
ptolemy.util.test.WatchDog.cancel(): canceling Wed Oct 31 02:38:55 UTC 2018
------------------ testing $PTII/ptolemy/domains/de/test/auto/VariableDelay.xml
auto.tcl: Setting watchdog for 200 seconds at Wed Oct 31 02:38:56 UTC 2018
5 ms. Memory: 646656K Free: 627123K (97%)
ptolemy.util.test.WatchDog.cancel(): canceling Wed Oct 31 02:38:56 UTC 2018
auto.tcl: Setting watchdog for 200 seconds at Wed Oct 31 02:38:56 UTC 2018
3 ms. Memory: 646656K Free: 627123K (97%)
ptolemy.util.test.WatchDog.cancel(): canceling Wed Oct 31 02:38:56 UTC 2018
------------------ testing $PTII/ptolemy/domains/de/test/auto/VariableDelay2.xml
auto.tcl: Setting watchdog for 200 seconds at Wed Oct 31 02:38:56 UTC 2018
3 ms. Memory: 646144K Free: 627057K (97%)
ptolemy.util.test.WatchDog.cancel(): canceling Wed Oct 31 02:38:56 UTC 2018
auto.tcl: Setting watchdog for 200 seconds at Wed Oct 31 02:38:56 UTC 2018
2 ms. Memory: 646144K Free: 627057K (97%)
ptolemy.util.test.WatchDog.cancel(): canceling Wed Oct 31 02:38:56 UTC 2018
------------------ testing $PTII/ptolemy/domains/de/test/auto/VariableDelayZeroDelay.xml
auto.tcl: Setting watchdog for 200 seconds at Wed Oct 31 02:38:56 UTC 2018
8 ms. Memory: 646144K Free: 621408K (96%)
ptolemy.util.test.WatchDog.cancel(): canceling Wed Oct 31 02:38:56 UTC 2018
auto.tcl: Setting watchdog for 200 seconds at Wed Oct 31 02:38:56 UTC 2018
3 ms. Memory: 646144K Free: 621408K (96%)
ptolemy.util.test.WatchDog.cancel(): canceling Wed Oct 31 02:38:56 UTC 2018
------------------ testing $PTII/ptolemy/domains/de/test/auto/VariableDelayZeroDelay2.xml
auto.tcl: Setting watchdog for 200 seconds at Wed Oct 31 02:38:56 UTC 2018
6 ms. Memory: 649216K Free: 624479K (96%)
ptolemy.util.test.WatchDog.cancel(): canceling Wed Oct 31 02:38:56 UTC 2018
auto.tcl: Setting watchdog for 200 seconds at Wed Oct 31 02:38:56 UTC 2018
3 ms. Memory: 649216K Free: 624479K (96%)
ptolemy.util.test.WatchDog.cancel(): canceling Wed Oct 31 02:38:56 UTC 2018
------------------ testing $PTII/ptolemy/domains/de/test/auto/deInCt.xml
auto.tcl: Setting watchdog for 200 seconds at Wed Oct 31 02:38:56 UTC 2018
0
1
1
1
1
1
0
0
0
0
1
1
1
1
0
0
0
1
1
1
0
0
0
0
0
1
1
1
1
1
26 ms. Memory: 646144K Free: 621371K (96%)
ptolemy.util.test.WatchDog.cancel(): canceling Wed Oct 31 02:38:56 UTC 2018
auto.tcl: Setting watchdog for 200 seconds at Wed Oct 31 02:38:56 UTC 2018
0
1
1
1
1
1
0
0
0
1
1
1
0
0
0
1
1
1
1
0
0
0
0
0
1
1
1
0
0
0
0
0
6 ms. Memory: 646144K Free: 621371K (96%)
ptolemy.util.test.WatchDog.cancel(): canceling Wed Oct 31 02:38:56 UTC 2018
------------------ testing $PTII/ptolemy/domains/de/test/auto/deInCt2.xml
auto.tcl: Setting watchdog for 200 seconds at Wed Oct 31 02:38:56 UTC 2018
0
1
1
1
0
0
1
1
1
0
0
1
1
1
0
0
1
1
1
0
0
1
1
1
0
0
1
1
1
0
0
1
1
1
0
0
1
1
1
0
0
0
11 ms. Memory: 648704K Free: 623932K (96%)
ptolemy.util.test.WatchDog.cancel(): canceling Wed Oct 31 02:38:56 UTC 2018
auto.tcl: Setting watchdog for 200 seconds at Wed Oct 31 02:38:56 UTC 2018
0
1
1
1
0
0
1
1
1
0
0
1
1
1
0
0
1
1
1
0
0
1
1
1
0
0
1
1
1
0
0
1
1
1
0
0
1
1
1
0
0
0
9 ms. Memory: 648704K Free: 623932K (96%)
ptolemy.util.test.WatchDog.cancel(): canceling Wed Oct 31 02:38:56 UTC 2018
------------------ testing $PTII/ptolemy/domains/de/test/auto/dynamicCausalityInterface1.xml
auto.tcl: Setting watchdog for 200 seconds at Wed Oct 31 02:38:56 UTC 2018
1 ms. Memory: 646144K Free: 618484K (96%)
ptolemy.util.test.WatchDog.cancel(): canceling Wed Oct 31 02:38:56 UTC 2018
auto.tcl: Setting watchdog for 200 seconds at Wed Oct 31 02:38:56 UTC 2018
1 ms. Memory: 646144K Free: 618484K (96%)
ptolemy.util.test.WatchDog.cancel(): canceling Wed Oct 31 02:38:56 UTC 2018
------------------ testing $PTII/ptolemy/domains/de/test/auto/fsm_de_test.xml
auto.tcl: Setting watchdog for 200 seconds at Wed Oct 31 02:38:56 UTC 2018
22 ms. Memory: 648192K Free: 623342K (96%)
ptolemy.util.test.WatchDog.cancel(): canceling Wed Oct 31 02:38:56 UTC 2018
auto.tcl: Setting watchdog for 200 seconds at Wed Oct 31 02:38:56 UTC 2018
11 ms. Memory: 648192K Free: 614771K (95%)
ptolemy.util.test.WatchDog.cancel(): canceling Wed Oct 31 02:38:56 UTC 2018
------------------ testing $PTII/ptolemy/domains/de/test/auto/functionDependencyReconstruction.xml
auto.tcl: Setting watchdog for 200 seconds at Wed Oct 31 02:38:56 UTC 2018
3 ms. Memory: 646144K Free: 612715K (95%)
ptolemy.util.test.WatchDog.cancel(): canceling Wed Oct 31 02:38:56 UTC 2018
auto.tcl: Setting watchdog for 200 seconds at Wed Oct 31 02:38:56 UTC 2018
3 ms. Memory: 646144K Free: 604144K (93%)
ptolemy.util.test.WatchDog.cancel(): canceling Wed Oct 31 02:38:56 UTC 2018
------------------ testing $PTII/ptolemy/domains/de/test/auto/multirate.xml
auto.tcl: Setting watchdog for 200 seconds at Wed Oct 31 02:38:57 UTC 2018
8 ms. Memory: 648192K Free: 623210K (96%)
ptolemy.util.test.WatchDog.cancel(): canceling Wed Oct 31 02:38:57 UTC 2018
auto.tcl: Setting watchdog for 200 seconds at Wed Oct 31 02:38:57 UTC 2018
3 ms. Memory: 648192K Free: 623210K (96%)
ptolemy.util.test.WatchDog.cancel(): canceling Wed Oct 31 02:38:57 UTC 2018
------------------ testing $PTII/ptolemy/domains/de/test/auto/multirate2.xml
auto.tcl: Setting watchdog for 200 seconds at Wed Oct 31 02:38:57 UTC 2018
5 ms. Memory: 646144K Free: 621350K (96%)
ptolemy.util.test.WatchDog.cancel(): canceling Wed Oct 31 02:38:57 UTC 2018
auto.tcl: Setting watchdog for 200 seconds at Wed Oct 31 02:38:57 UTC 2018
3 ms. Memory: 646144K Free: 621350K (96%)
ptolemy.util.test.WatchDog.cancel(): canceling Wed Oct 31 02:38:57 UTC 2018
------------------ testing $PTII/ptolemy/domains/de/test/auto/realtime.xml
auto.tcl: Setting watchdog for 200 seconds at Wed Oct 31 02:38:57 UTC 2018
10001 ms. Memory: 647680K Free: 622852K (96%)
ptolemy.util.test.WatchDog.cancel(): canceling Wed Oct 31 02:39:07 UTC 2018
auto.tcl: Setting watchdog for 200 seconds at Wed Oct 31 02:39:07 UTC 2018
10002 ms. Memory: 647680K Free: 622852K (96%)
ptolemy.util.test.WatchDog.cancel(): canceling Wed Oct 31 02:39:17 UTC 2018
------------------ testing $PTII/ptolemy/domains/de/test/auto/relationGroup.xml
auto.tcl: Setting watchdog for 200 seconds at Wed Oct 31 02:39:17 UTC 2018
3 ms. Memory: 646144K Free: 621373K (96%)
ptolemy.util.test.WatchDog.cancel(): canceling Wed Oct 31 02:39:17 UTC 2018
auto.tcl: Setting watchdog for 200 seconds at Wed Oct 31 02:39:17 UTC 2018
2 ms. Memory: 646144K Free: 621373K (96%)
ptolemy.util.test.WatchDog.cancel(): canceling Wed Oct 31 02:39:17 UTC 2018
------------------ testing $PTII/ptolemy/domains/de/test/auto/relationGroup2.xml
auto.tcl: Setting watchdog for 200 seconds at Wed Oct 31 02:39:17 UTC 2018
1 ms. Memory: 647680K Free: 622935K (96%)
ptolemy.util.test.WatchDog.cancel(): canceling Wed Oct 31 02:39:17 UTC 2018
auto.tcl: Setting watchdog for 200 seconds at Wed Oct 31 02:39:17 UTC 2018
1 ms. Memory: 647680K Free: 622935K (96%)
ptolemy.util.test.WatchDog.cancel(): canceling Wed Oct 31 02:39:17 UTC 2018
------------------ testing $PTII/ptolemy/domains/de/test/auto/sortWithOpaquePorts.xml
auto.tcl: Setting watchdog for 200 seconds at Wed Oct 31 02:39:17 UTC 2018
1 ms. Memory: 646144K Free: 621400K (96%)
ptolemy.util.test.WatchDog.cancel(): canceling Wed Oct 31 02:39:17 UTC 2018
auto.tcl: Setting watchdog for 200 seconds at Wed Oct 31 02:39:17 UTC 2018
2 ms. Memory: 646144K Free: 621400K (96%)
ptolemy.util.test.WatchDog.cancel(): canceling Wed Oct 31 02:39:17 UTC 2018
------------------ testing $PTII/ptolemy/domains/de/test/auto/transferInputsandOutputs.xml
auto.tcl: Setting watchdog for 200 seconds at Wed Oct 31 02:39:17 UTC 2018
3 ms. Memory: 647168K Free: 622411K (96%)
ptolemy.util.test.WatchDog.cancel(): canceling Wed Oct 31 02:39:17 UTC 2018
auto.tcl: Setting watchdog for 200 seconds at Wed Oct 31 02:39:17 UTC 2018
3 ms. Memory: 647168K Free: 622411K (96%)
ptolemy.util.test.WatchDog.cancel(): canceling Wed Oct 31 02:39:17 UTC 2018
------------------ testing $PTII/ptolemy/domains/de/test/auto/triggerType.xml
auto.tcl: Setting watchdog for 200 seconds at Wed Oct 31 02:39:17 UTC 2018
2 ms. Memory: 646144K Free: 621338K (96%)
ptolemy.util.test.WatchDog.cancel(): canceling Wed Oct 31 02:39:17 UTC 2018
auto.tcl: Setting watchdog for 200 seconds at Wed Oct 31 02:39:17 UTC 2018
2 ms. Memory: 646144K Free: 621338K (96%)
ptolemy.util.test.WatchDog.cancel(): canceling Wed Oct 31 02:39:17 UTC 2018
10/31/18 02:39:17
Failed: 0  Total Tests: 192  ((Passed: 187, Newly Passed: 1)  Known Failed: 5) /home/travis/build/icyphy/ptII/ptolemy/domains/de/test
10/31/18 02:39:17
Failed: 0  Total Tests: 192  ((Passed: 187, Newly Passed: 1)  Known Failed: 5) /home/travis/build/icyphy/ptII/ptolemy/domains/de/test
----------------- testing (KnownFailure) /home/travis/build/icyphy/ptII/ptolemy/domains/de/test/auto/knownFailedTests/DESDFClockTest.xml
2022 ms. Memory: 647168K Free: 611089K (94%)
Known Failure: java.lang.reflect.InvocationTargetException
----------------- testing (KnownFailure) /home/travis/build/icyphy/ptII/ptolemy/domains/de/test/auto/knownFailedTests/DirectFeedback.xml
9 ms. Memory: 647168K Free: 565910K (87%)
Known Failure: java.lang.reflect.InvocationTargetException
----------------- testing (KnownFailure) /home/travis/build/icyphy/ptII/ptolemy/domains/de/test/auto/knownFailedTests/FSMSource.xml
17 ms. Memory: 647168K Free: 520731K (80%)
----------------- testing (KnownFailure) /home/travis/build/icyphy/ptII/ptolemy/domains/de/test/auto/knownFailedTests/HierarchicalModel.xml
6 ms. Memory: 647168K Free: 486846K (75%)
Known Failure: java.lang.reflect.InvocationTargetException
----------------- testing (KnownFailure) /home/travis/build/icyphy/ptII/ptolemy/domains/de/test/auto/knownFailedTests/dependencyLoop.xml
3 ms. Memory: 647168K Free: 430357K (66%)
Known Failure: java.lang.reflect.InvocationTargetException
----------------- testing (KnownFailure) /home/travis/build/icyphy/ptII/ptolemy/domains/de/test/auto/knownFailedTests/dependencyLoop2.xml
3 ms. Memory: 647168K Free: 373875K (58%)
Known Failure: java.lang.reflect.InvocationTargetException
No auto/linux-amd64/*.xml tests in /home/travis/build/icyphy/ptII/ptolemy/domains/de/test
AutoTests.java: About to close Vertx.
AutoTests.java: Vertx closed.

===========================================================================================
----------------- testing Wed Oct 31 02:39:20 UTC 2018 /home/travis/build/icyphy/ptII/ptolemy/domains/de/test/auto/ActorDepthCalculation_actorWithoutPorts.xml
----------------- Instantiating /home/travis/build/icyphy/ptII/ptolemy/domains/de/test/auto/ActorDepthCalculation_actorWithoutPorts.xml
3 ms. Memory: 647168K Free: 317401K (49%)
----------------- Invoking toplevel() on ptolemy.moml.MoMLSimpleApplication@5b5e0e85
----------------- Done invoking toplevel() on ptolemy.moml.MoMLSimpleApplication@5b5e0e85
reloadAllAccessors: .ActorDepthCalculation_actorWithoutPorts

===========================================================================================
----------------- testing Wed Oct 31 02:39:20 UTC 2018 /home/travis/build/icyphy/ptII/ptolemy/domains/de/test/auto/AssemblyLine.xml
----------------- Instantiating /home/travis/build/icyphy/ptII/ptolemy/domains/de/test/auto/AssemblyLine.xml
5 ms. Memory: 647168K Free: 294811K (46%)
----------------- Invoking toplevel() on ptolemy.moml.MoMLSimpleApplication@4f9c6283
----------------- Done invoking toplevel() on ptolemy.moml.MoMLSimpleApplication@4f9c6283
reloadAllAccessors: .AssemblyLine

===========================================================================================
----------------- testing Wed Oct 31 02:39:20 UTC 2018 /home/travis/build/icyphy/ptII/ptolemy/domains/de/test/auto/CQBug1.xml
----------------- Instantiating /home/travis/build/icyphy/ptII/ptolemy/domains/de/test/auto/CQBug1.xml
1 ms. Memory: 647168K Free: 272222K (42%)
----------------- Invoking toplevel() on ptolemy.moml.MoMLSimpleApplication@42b77f34
----------------- Done invoking toplevel() on ptolemy.moml.MoMLSimpleApplication@42b77f34
reloadAllAccessors: .CQBug1

===========================================================================================
----------------- testing Wed Oct 31 02:39:20 UTC 2018 /home/travis/build/icyphy/ptII/ptolemy/domains/de/test/auto/CancelFireAt.xml
----------------- Instantiating /home/travis/build/icyphy/ptII/ptolemy/domains/de/test/auto/CancelFireAt.xml
2 ms. Memory: 647168K Free: 249632K (39%)
----------------- Invoking toplevel() on ptolemy.moml.MoMLSimpleApplication@7aac4e71
----------------- Done invoking toplevel() on ptolemy.moml.MoMLSimpleApplication@7aac4e71
reloadAllAccessors: .CancelFireAt

===========================================================================================
----------------- testing Wed Oct 31 02:39:20 UTC 2018 /home/travis/build/icyphy/ptII/ptolemy/domains/de/test/auto/CausalityAndComposabilityAnalysis.xml
----------------- Instantiating /home/travis/build/icyphy/ptII/ptolemy/domains/de/test/auto/CausalityAndComposabilityAnalysis.xml
2 ms. Memory: 647168K Free: 227043K (35%)
----------------- Invoking toplevel() on ptolemy.moml.MoMLSimpleApplication@8ecae
----------------- Done invoking toplevel() on ptolemy.moml.MoMLSimpleApplication@8ecae
reloadAllAccessors: .CausalityAndComposabilityAnalysis

===========================================================================================
----------------- testing Wed Oct 31 02:39:20 UTC 2018 /home/travis/build/icyphy/ptII/ptolemy/domains/de/test/auto/CausalityInterface1.xml
----------------- Instantiating /home/travis/build/icyphy/ptII/ptolemy/domains/de/test/auto/CausalityInterface1.xml
6 ms. Memory: 647168K Free: 204453K (32%)
----------------- Invoking toplevel() on ptolemy.moml.MoMLSimpleApplication@40561803
----------------- Done invoking toplevel() on ptolemy.moml.MoMLSimpleApplication@40561803
reloadAllAccessors: .CausalityInterface1

===========================================================================================
----------------- testing Wed Oct 31 02:39:20 UTC 2018 /home/travis/build/icyphy/ptII/ptolemy/domains/de/test/auto/CausalityInterface15.xml
----------------- Instantiating /home/travis/build/icyphy/ptII/ptolemy/domains/de/test/auto/CausalityInterface15.xml
2 ms. Memory: 647168K Free: 181864K (28%)
----------------- Invoking toplevel() on ptolemy.moml.MoMLSimpleApplication@315936aa
----------------- Done invoking toplevel() on ptolemy.moml.MoMLSimpleApplication@315936aa
reloadAllAccessors: .CausalityInterface15

===========================================================================================
----------------- testing Wed Oct 31 02:39:20 UTC 2018 /home/travis/build/icyphy/ptII/ptolemy/domains/de/test/auto/CausalityInterface2.xml
----------------- Instantiating /home/travis/build/icyphy/ptII/ptolemy/domains/de/test/auto/CausalityInterface2.xml
3 ms. Memory: 647168K Free: 159274K (25%)
----------------- Invoking toplevel() on ptolemy.moml.MoMLSimpleApplication@21f62841
----------------- Done invoking toplevel() on ptolemy.moml.MoMLSimpleApplication@21f62841
reloadAllAccessors: .CausalityInterface2

===========================================================================================
----------------- testing Wed Oct 31 02:39:20 UTC 2018 /home/travis/build/icyphy/ptII/ptolemy/domains/de/test/auto/CausalityInterface3.xml
----------------- Instantiating /home/travis/build/icyphy/ptII/ptolemy/domains/de/test/auto/CausalityInterface3.xml
2 ms. Memory: 647168K Free: 136685K (21%)
----------------- Invoking toplevel() on ptolemy.moml.MoMLSimpleApplication@61c9ef05
----------------- Done invoking toplevel() on ptolemy.moml.MoMLSimpleApplication@61c9ef05
reloadAllAccessors: .CausalityInterface3

===========================================================================================
----------------- testing Wed Oct 31 02:39:20 UTC 2018 /home/travis/build/icyphy/ptII/ptolemy/domains/de/test/auto/ClockDrift.xml
----------------- Instantiating /home/travis/build/icyphy/ptII/ptolemy/domains/de/test/auto/ClockDrift.xml
20 ms. Memory: 647168K Free: 114095K (18%)
----------------- Invoking toplevel() on ptolemy.moml.MoMLSimpleApplication@6621c5ae
----------------- Done invoking toplevel() on ptolemy.moml.MoMLSimpleApplication@6621c5ae
reloadAllAccessors: .ClockDrift

===========================================================================================
----------------- testing Wed Oct 31 02:39:20 UTC 2018 /home/travis/build/icyphy/ptII/ptolemy/domains/de/test/auto/ClockDriftAndValueChange.xml
----------------- Instantiating /home/travis/build/icyphy/ptII/ptolemy/domains/de/test/auto/ClockDriftAndValueChange.xml
14 ms. Memory: 647168K Free: 91506K (14%)
----------------- Invoking toplevel() on ptolemy.moml.MoMLSimpleApplication@1a9a9dae
----------------- Done invoking toplevel() on ptolemy.moml.MoMLSimpleApplication@1a9a9dae
reloadAllAccessors: .ClockDriftAndValueChange

===========================================================================================
----------------- testing Wed Oct 31 02:39:20 UTC 2018 /home/travis/build/icyphy/ptII/ptolemy/domains/de/test/auto/ClockDriftChange.xml
----------------- Instantiating /home/travis/build/icyphy/ptII/ptolemy/domains/de/test/auto/ClockDriftChange.xml
14 ms. Memory: 647168K Free: 77529K (12%)
----------------- Invoking toplevel() on ptolemy.moml.MoMLSimpleApplication@6c99d724
----------------- Done invoking toplevel() on ptolemy.moml.MoMLSimpleApplication@6c99d724
reloadAllAccessors: .ClockDriftChange

===========================================================================================
----------------- testing Wed Oct 31 02:39:20 UTC 2018 /home/travis/build/icyphy/ptII/ptolemy/domains/de/test/auto/ComposableCausalityAnalysis.xml
----------------- Instantiating /home/travis/build/icyphy/ptII/ptolemy/domains/de/test/auto/ComposableCausalityAnalysis.xml
1 ms. Memory: 619520K Free: 592836K (96%)
----------------- Invoking toplevel() on ptolemy.moml.MoMLSimpleApplication@3783ee6c
----------------- Done invoking toplevel() on ptolemy.moml.MoMLSimpleApplication@3783ee6c
reloadAllAccessors: .ComposableCausalityAnalysis

===========================================================================================
----------------- testing Wed Oct 31 02:39:20 UTC 2018 /home/travis/build/icyphy/ptII/ptolemy/domains/de/test/auto/DEFixedPointLimitation.xml
----------------- Instantiating /home/travis/build/icyphy/ptII/ptolemy/domains/de/test/auto/DEFixedPointLimitation.xml
2 ms. Memory: 619520K Free: 566013K (91%)
----------------- Invoking toplevel() on ptolemy.moml.MoMLSimpleApplication@605a6cf7
----------------- Done invoking toplevel() on ptolemy.moml.MoMLSimpleApplication@605a6cf7
reloadAllAccessors: .DEFixedPointLimitation

===========================================================================================
----------------- testing Wed Oct 31 02:39:20 UTC 2018 /home/travis/build/icyphy/ptII/ptolemy/domains/de/test/auto/DEScheduleTest.xml
----------------- Instantiating /home/travis/build/icyphy/ptII/ptolemy/domains/de/test/auto/DEScheduleTest.xml
2 ms. Memory: 619520K Free: 544488K (88%)
----------------- Invoking toplevel() on ptolemy.moml.MoMLSimpleApplication@21692489
----------------- Done invoking toplevel() on ptolemy.moml.MoMLSimpleApplication@21692489
reloadAllAccessors: .DEScheduleTest

===========================================================================================
----------------- testing Wed Oct 31 02:39:20 UTC 2018 /home/travis/build/icyphy/ptII/ptolemy/domains/de/test/auto/DEinDEwithStartTimes.xml
----------------- Instantiating /home/travis/build/icyphy/ptII/ptolemy/domains/de/test/auto/DEinDEwithStartTimes.xml
3 ms. Memory: 619520K Free: 522964K (84%)
----------------- Invoking toplevel() on ptolemy.moml.MoMLSimpleApplication@69ec1f1e
----------------- Done invoking toplevel() on ptolemy.moml.MoMLSimpleApplication@69ec1f1e
reloadAllAccessors: .DEinDEwithStartTimes

===========================================================================================
----------------- testing Wed Oct 31 02:39:20 UTC 2018 /home/travis/build/icyphy/ptII/ptolemy/domains/de/test/auto/DEinDEwithStartTimes2.xml
----------------- Instantiating /home/travis/build/icyphy/ptII/ptolemy/domains/de/test/auto/DEinDEwithStartTimes2.xml
5 ms. Memory: 619520K Free: 501419K (81%)
----------------- Invoking toplevel() on ptolemy.moml.MoMLSimpleApplication@3c0ae1b6
----------------- Done invoking toplevel() on ptolemy.moml.MoMLSimpleApplication@3c0ae1b6
reloadAllAccessors: .DEinDEwithStartTimes2

===========================================================================================
----------------- testing Wed Oct 31 02:39:20 UTC 2018 /home/travis/build/icyphy/ptII/ptolemy/domains/de/test/auto/DateDemo.xml
----------------- Instantiating /home/travis/build/icyphy/ptII/ptolemy/domains/de/test/auto/DateDemo.xml
9 ms. Memory: 619520K Free: 479895K (77%)
----------------- Invoking toplevel() on ptolemy.moml.MoMLSimpleApplication@54f4f9eb
----------------- Done invoking toplevel() on ptolemy.moml.MoMLSimpleApplication@54f4f9eb
reloadAllAccessors: .DateDemo

===========================================================================================
----------------- testing Wed Oct 31 02:39:20 UTC 2018 /home/travis/build/icyphy/ptII/ptolemy/domains/de/test/auto/DateToEvent.xml
----------------- Instantiating /home/travis/build/icyphy/ptII/ptolemy/domains/de/test/auto/DateToEvent.xml
2005 ms. Memory: 619520K Free: 447592K (72%)
----------------- Invoking toplevel() on ptolemy.moml.MoMLSimpleApplication@b0c0210
----------------- Done invoking toplevel() on ptolemy.moml.MoMLSimpleApplication@b0c0210
reloadAllAccessors: .DateToEvent

===========================================================================================
----------------- testing Wed Oct 31 02:39:22 UTC 2018 /home/travis/build/icyphy/ptII/ptolemy/domains/de/test/auto/DepthTest1.xml
----------------- Instantiating /home/travis/build/icyphy/ptII/ptolemy/domains/de/test/auto/DepthTest1.xml
2 ms. Memory: 619520K Free: 426068K (69%)
----------------- Invoking toplevel() on ptolemy.moml.MoMLSimpleApplication@12889296
----------------- Done invoking toplevel() on ptolemy.moml.MoMLSimpleApplication@12889296
reloadAllAccessors: .DepthTest1

===========================================================================================
----------------- testing Wed Oct 31 02:39:22 UTC 2018 /home/travis/build/icyphy/ptII/ptolemy/domains/de/test/auto/DepthTest2.xml
----------------- Instantiating /home/travis/build/icyphy/ptII/ptolemy/domains/de/test/auto/DepthTest2.xml
2 ms. Memory: 619520K Free: 404543K (65%)
----------------- Invoking toplevel() on ptolemy.moml.MoMLSimpleApplication@1071ffe1
----------------- Done invoking toplevel() on ptolemy.moml.MoMLSimpleApplication@1071ffe1
reloadAllAccessors: .DepthTest2

===========================================================================================
----------------- testing Wed Oct 31 02:39:22 UTC 2018 /home/travis/build/icyphy/ptII/ptolemy/domains/de/test/auto/DepthTest3.xml
----------------- Instantiating /home/travis/build/icyphy/ptII/ptolemy/domains/de/test/auto/DepthTest3.xml
1 ms. Memory: 619520K Free: 383018K (62%)
----------------- Invoking toplevel() on ptolemy.moml.MoMLSimpleApplication@ccae22a
----------------- Done invoking toplevel() on ptolemy.moml.MoMLSimpleApplication@ccae22a
reloadAllAccessors: .DepthTest3

===========================================================================================
----------------- testing Wed Oct 31 02:39:22 UTC 2018 /home/travis/build/icyphy/ptII/ptolemy/domains/de/test/auto/DepthTest4.xml
----------------- Instantiating /home/travis/build/icyphy/ptII/ptolemy/domains/de/test/auto/DepthTest4.xml
2 ms. Memory: 619520K Free: 361494K (58%)
----------------- Invoking toplevel() on ptolemy.moml.MoMLSimpleApplication@6dcdcc83
----------------- Done invoking toplevel() on ptolemy.moml.MoMLSimpleApplication@6dcdcc83
reloadAllAccessors: .DepthTest4

===========================================================================================
----------------- testing Wed Oct 31 02:39:22 UTC 2018 /home/travis/build/icyphy/ptII/ptolemy/domains/de/test/auto/DepthTest5.xml
----------------- Instantiating /home/travis/build/icyphy/ptII/ptolemy/domains/de/test/auto/DepthTest5.xml
2 ms. Memory: 619520K Free: 339969K (55%)
----------------- Invoking toplevel() on ptolemy.moml.MoMLSimpleApplication@2640dc58
----------------- Done invoking toplevel() on ptolemy.moml.MoMLSimpleApplication@2640dc58
reloadAllAccessors: .DepthTest5

===========================================================================================
----------------- testing Wed Oct 31 02:39:22 UTC 2018 /home/travis/build/icyphy/ptII/ptolemy/domains/de/test/auto/DepthTest6.xml
----------------- Instantiating /home/travis/build/icyphy/ptII/ptolemy/domains/de/test/auto/DepthTest6.xml
2 ms. Memory: 619520K Free: 313147K (51%)
----------------- Invoking toplevel() on ptolemy.moml.MoMLSimpleApplication@3b03a585
----------------- Done invoking toplevel() on ptolemy.moml.MoMLSimpleApplication@3b03a585
reloadAllAccessors: .DepthTest6

===========================================================================================
----------------- testing Wed Oct 31 02:39:22 UTC 2018 /home/travis/build/icyphy/ptII/ptolemy/domains/de/test/auto/DepthTest7.xml
----------------- Instantiating /home/travis/build/icyphy/ptII/ptolemy/domains/de/test/auto/DepthTest7.xml
2 ms. Memory: 619520K Free: 291622K (47%)
----------------- Invoking toplevel() on ptolemy.moml.MoMLSimpleApplication@639940d7
----------------- Done invoking toplevel() on ptolemy.moml.MoMLSimpleApplication@639940d7
reloadAllAccessors: .DepthTest7

===========================================================================================
----------------- testing Wed Oct 31 02:39:22 UTC 2018 /home/travis/build/icyphy/ptII/ptolemy/domains/de/test/auto/EventToDate.xml
----------------- Instantiating /home/travis/build/icyphy/ptII/ptolemy/domains/de/test/auto/EventToDate.xml
3009 ms. Memory: 619520K Free: 259319K (42%)
----------------- Invoking toplevel() on ptolemy.moml.MoMLSimpleApplication@b8c513e
----------------- Done invoking toplevel() on ptolemy.moml.MoMLSimpleApplication@b8c513e
reloadAllAccessors: .EventToDate

===========================================================================================
----------------- testing Wed Oct 31 02:39:25 UTC 2018 /home/travis/build/icyphy/ptII/ptolemy/domains/de/test/auto/FSM1.xml
----------------- Instantiating /home/travis/build/icyphy/ptII/ptolemy/domains/de/test/auto/FSM1.xml
12 ms. Memory: 619520K Free: 237795K (38%)
----------------- Invoking toplevel() on ptolemy.moml.MoMLSimpleApplication@16f29410
----------------- Done invoking toplevel() on ptolemy.moml.MoMLSimpleApplication@16f29410
reloadAllAccessors: .FSM1

===========================================================================================
----------------- testing Wed Oct 31 02:39:25 UTC 2018 /home/travis/build/icyphy/ptII/ptolemy/domains/de/test/auto/FSM7.xml
----------------- Instantiating /home/travis/build/icyphy/ptII/ptolemy/domains/de/test/auto/FSM7.xml
15 ms. Memory: 619520K Free: 216270K (35%)
----------------- Invoking toplevel() on ptolemy.moml.MoMLSimpleApplication@5c30abe8
----------------- Done invoking toplevel() on ptolemy.moml.MoMLSimpleApplication@5c30abe8
reloadAllAccessors: .FSM7

===========================================================================================
----------------- testing Wed Oct 31 02:39:26 UTC 2018 /home/travis/build/icyphy/ptII/ptolemy/domains/de/test/auto/Inspection.xml
----------------- Instantiating /home/travis/build/icyphy/ptII/ptolemy/domains/de/test/auto/Inspection.xml
19 ms. Memory: 619520K Free: 183968K (30%)
----------------- Invoking toplevel() on ptolemy.moml.MoMLSimpleApplication@3f3da4a2
----------------- Done invoking toplevel() on ptolemy.moml.MoMLSimpleApplication@3f3da4a2
reloadAllAccessors: .Inspection

===========================================================================================
----------------- testing Wed Oct 31 02:39:26 UTC 2018 /home/travis/build/icyphy/ptII/ptolemy/domains/de/test/auto/Iteration.xml
----------------- Instantiating /home/travis/build/icyphy/ptII/ptolemy/domains/de/test/auto/Iteration.xml
16 ms. Memory: 619520K Free: 162443K (26%)
----------------- Invoking toplevel() on ptolemy.moml.MoMLSimpleApplication@3c2ff13e
----------------- Done invoking toplevel() on ptolemy.moml.MoMLSimpleApplication@3c2ff13e
reloadAllAccessors: .Iteration

===========================================================================================
----------------- testing Wed Oct 31 02:39:26 UTC 2018 /home/travis/build/icyphy/ptII/ptolemy/domains/de/test/auto/LineFault.xml
----------------- Instantiating /home/travis/build/icyphy/ptII/ptolemy/domains/de/test/auto/LineFault.xml
464 ms. Memory: 595456K Free: 546511K (92%)
----------------- Invoking toplevel() on ptolemy.moml.MoMLSimpleApplication@24048399
----------------- Done invoking toplevel() on ptolemy.moml.MoMLSimpleApplication@24048399
reloadAllAccessors: .LineFault

===========================================================================================
----------------- testing Wed Oct 31 02:39:26 UTC 2018 /home/travis/build/icyphy/ptII/ptolemy/domains/de/test/auto/MergeModel1Add.xml
----------------- Instantiating /home/travis/build/icyphy/ptII/ptolemy/domains/de/test/auto/MergeModel1Add.xml
6 ms. Memory: 595456K Free: 511733K (86%)
----------------- Invoking toplevel() on ptolemy.moml.MoMLSimpleApplication@5817f21
----------------- Done invoking toplevel() on ptolemy.moml.MoMLSimpleApplication@5817f21
reloadAllAccessors: .MergeModel1Add

===========================================================================================
----------------- testing Wed Oct 31 02:39:26 UTC 2018 /home/travis/build/icyphy/ptII/ptolemy/domains/de/test/auto/MergeModel2Add.xml
----------------- Instantiating /home/travis/build/icyphy/ptII/ptolemy/domains/de/test/auto/MergeModel2Add.xml
6 ms. Memory: 595456K Free: 486050K (82%)
----------------- Invoking toplevel() on ptolemy.moml.MoMLSimpleApplication@4769da24
----------------- Done invoking toplevel() on ptolemy.moml.MoMLSimpleApplication@4769da24
reloadAllAccessors: .MergeModel2Add

===========================================================================================
----------------- testing Wed Oct 31 02:39:26 UTC 2018 /home/travis/build/icyphy/ptII/ptolemy/domains/de/test/auto/MergeModel3Add.xml
----------------- Instantiating /home/travis/build/icyphy/ptII/ptolemy/domains/de/test/auto/MergeModel3Add.xml
6 ms. Memory: 595456K Free: 460375K (77%)
----------------- Invoking toplevel() on ptolemy.moml.MoMLSimpleApplication@7e4d87fd
----------------- Done invoking toplevel() on ptolemy.moml.MoMLSimpleApplication@7e4d87fd
reloadAllAccessors: .MergeModel3Add

===========================================================================================
----------------- testing Wed Oct 31 02:39:26 UTC 2018 /home/travis/build/icyphy/ptII/ptolemy/domains/de/test/auto/MergeWithoutDiscard.xml
----------------- Instantiating /home/travis/build/icyphy/ptII/ptolemy/domains/de/test/auto/MergeWithoutDiscard.xml
1 ms. Memory: 595456K Free: 450114K (76%)
----------------- Invoking toplevel() on ptolemy.moml.MoMLSimpleApplication@1ea5a39c
----------------- Done invoking toplevel() on ptolemy.moml.MoMLSimpleApplication@1ea5a39c
reloadAllAccessors: .MergeWithoutDiscard

===========================================================================================
----------------- testing Wed Oct 31 02:39:26 UTC 2018 /home/travis/build/icyphy/ptII/ptolemy/domains/de/test/auto/Modal1.xml
----------------- Instantiating /home/travis/build/icyphy/ptII/ptolemy/domains/de/test/auto/Modal1.xml
6 ms. Memory: 595456K Free: 434716K (73%)
----------------- Invoking toplevel() on ptolemy.moml.MoMLSimpleApplication@4762dd00
----------------- Done invoking toplevel() on ptolemy.moml.MoMLSimpleApplication@4762dd00
reloadAllAccessors: .Modal1

===========================================================================================
----------------- testing Wed Oct 31 02:39:26 UTC 2018 /home/travis/build/icyphy/ptII/ptolemy/domains/de/test/auto/Modal2.xml
----------------- Instantiating /home/travis/build/icyphy/ptII/ptolemy/domains/de/test/auto/Modal2.xml
9 ms. Memory: 595456K Free: 419296K (70%)
----------------- Invoking toplevel() on ptolemy.moml.MoMLSimpleApplication@5f2e1825
----------------- Done invoking toplevel() on ptolemy.moml.MoMLSimpleApplication@5f2e1825
reloadAllAccessors: .Modal2

===========================================================================================
----------------- testing Wed Oct 31 02:39:26 UTC 2018 /home/travis/build/icyphy/ptII/ptolemy/domains/de/test/auto/Modal3.xml
----------------- Instantiating /home/travis/build/icyphy/ptII/ptolemy/domains/de/test/auto/Modal3.xml
5 ms. Memory: 595456K Free: 400526K (67%)
----------------- Invoking toplevel() on ptolemy.moml.MoMLSimpleApplication@29e20739
----------------- Done invoking toplevel() on ptolemy.moml.MoMLSimpleApplication@29e20739
reloadAllAccessors: .Modal3

===========================================================================================
----------------- testing Wed Oct 31 02:39:27 UTC 2018 /home/travis/build/icyphy/ptII/ptolemy/domains/de/test/auto/Modal4.xml
----------------- Instantiating /home/travis/build/icyphy/ptII/ptolemy/domains/de/test/auto/Modal4.xml
8 ms. Memory: 595456K Free: 385119K (65%)
----------------- Invoking toplevel() on ptolemy.moml.MoMLSimpleApplication@6d67de3d
----------------- Done invoking toplevel() on ptolemy.moml.MoMLSimpleApplication@6d67de3d
reloadAllAccessors: .Modal4

===========================================================================================
----------------- testing Wed Oct 31 02:39:27 UTC 2018 /home/travis/build/icyphy/ptII/ptolemy/domains/de/test/auto/Modal5.xml
----------------- Instantiating /home/travis/build/icyphy/ptII/ptolemy/domains/de/test/auto/Modal5.xml
7 ms. Memory: 595456K Free: 369712K (62%)
----------------- Invoking toplevel() on ptolemy.moml.MoMLSimpleApplication@184c6aee
----------------- Done invoking toplevel() on ptolemy.moml.MoMLSimpleApplication@184c6aee
reloadAllAccessors: .Modal5

===========================================================================================
----------------- testing Wed Oct 31 02:39:27 UTC 2018 /home/travis/build/icyphy/ptII/ptolemy/domains/de/test/auto/Modal6.xml
----------------- Instantiating /home/travis/build/icyphy/ptII/ptolemy/domains/de/test/auto/Modal6.xml
10 ms. Memory: 595456K Free: 354305K (60%)
----------------- Invoking toplevel() on ptolemy.moml.MoMLSimpleApplication@4663b430
----------------- Done invoking toplevel() on ptolemy.moml.MoMLSimpleApplication@4663b430
reloadAllAccessors: .Modal6

===========================================================================================
----------------- testing Wed Oct 31 02:39:27 UTC 2018 /home/travis/build/icyphy/ptII/ptolemy/domains/de/test/auto/Modal7.xml
----------------- Instantiating /home/travis/build/icyphy/ptII/ptolemy/domains/de/test/auto/Modal7.xml
7 ms. Memory: 595456K Free: 333760K (56%)
----------------- Invoking toplevel() on ptolemy.moml.MoMLSimpleApplication@575e6863
----------------- Done invoking toplevel() on ptolemy.moml.MoMLSimpleApplication@575e6863
reloadAllAccessors: .Modal7

===========================================================================================
----------------- testing Wed Oct 31 02:39:27 UTC 2018 /home/travis/build/icyphy/ptII/ptolemy/domains/de/test/auto/ModalModel.xml
----------------- Instantiating /home/travis/build/icyphy/ptII/ptolemy/domains/de/test/auto/ModalModel.xml
134 ms. Memory: 595456K Free: 261809K (44%)
----------------- Invoking toplevel() on ptolemy.moml.MoMLSimpleApplication@7797609c
----------------- Done invoking toplevel() on ptolemy.moml.MoMLSimpleApplication@7797609c
reloadAllAccessors: .ModalModel

===========================================================================================
----------------- testing Wed Oct 31 02:39:27 UTC 2018 /home/travis/build/icyphy/ptII/ptolemy/domains/de/test/auto/ModalSource.xml
----------------- Instantiating /home/travis/build/icyphy/ptII/ptolemy/domains/de/test/auto/ModalSource.xml
5 ms. Memory: 595456K Free: 246402K (41%)
----------------- Invoking toplevel() on ptolemy.moml.MoMLSimpleApplication@5e002079
----------------- Done invoking toplevel() on ptolemy.moml.MoMLSimpleApplication@5e002079
reloadAllAccessors: .ModalSource

===========================================================================================
----------------- testing Wed Oct 31 02:39:27 UTC 2018 /home/travis/build/icyphy/ptII/ptolemy/domains/de/test/auto/NonInterruptibleTimerZeroDelay.xml
----------------- Instantiating /home/travis/build/icyphy/ptII/ptolemy/domains/de/test/auto/NonInterruptibleTimerZeroDelay.xml
2 ms. Memory: 595456K Free: 232777K (39%)
----------------- Invoking toplevel() on ptolemy.moml.MoMLSimpleApplication@2742fdf0
----------------- Done invoking toplevel() on ptolemy.moml.MoMLSimpleApplication@2742fdf0
reloadAllAccessors: .NonInterruptibleTimerZeroDelay

===========================================================================================
----------------- testing Wed Oct 31 02:39:27 UTC 2018 /home/travis/build/icyphy/ptII/ptolemy/domains/de/test/auto/OpenQueueingNetwork.xml
----------------- Instantiating /home/travis/build/icyphy/ptII/ptolemy/domains/de/test/auto/OpenQueueingNetwork.xml
2378 ms. Memory: 571392K Free: 107733K (19%)
----------------- Invoking toplevel() on ptolemy.moml.MoMLSimpleApplication@69100756
----------------- Done invoking toplevel() on ptolemy.moml.MoMLSimpleApplication@69100756
reloadAllAccessors: .OpenQueueingNetwork

===========================================================================================
----------------- testing Wed Oct 31 02:39:29 UTC 2018 /home/travis/build/icyphy/ptII/ptolemy/domains/de/test/auto/OpenQueuingNetwork.xml
----------------- Instantiating /home/travis/build/icyphy/ptII/ptolemy/domains/de/test/auto/OpenQueuingNetwork.xml
252 ms. Memory: 548352K Free: 478387K (87%)
----------------- Invoking toplevel() on ptolemy.moml.MoMLSimpleApplication@184f223f
----------------- Done invoking toplevel() on ptolemy.moml.MoMLSimpleApplication@184f223f
reloadAllAccessors: .OpenQueuingNetwork

===========================================================================================
----------------- testing Wed Oct 31 02:39:30 UTC 2018 /home/travis/build/icyphy/ptII/ptolemy/domains/de/test/auto/PeriodicSampler.xml
----------------- Instantiating /home/travis/build/icyphy/ptII/ptolemy/domains/de/test/auto/PeriodicSampler.xml
2 ms. Memory: 548352K Free: 469025K (86%)
----------------- Invoking toplevel() on ptolemy.moml.MoMLSimpleApplication@2351cf45
----------------- Done invoking toplevel() on ptolemy.moml.MoMLSimpleApplication@2351cf45
reloadAllAccessors: .PeriodicSampler

===========================================================================================
----------------- testing Wed Oct 31 02:39:30 UTC 2018 /home/travis/build/icyphy/ptII/ptolemy/domains/de/test/auto/PersistentIO.xml
----------------- Instantiating /home/travis/build/icyphy/ptII/ptolemy/domains/de/test/auto/PersistentIO.xml
3 ms. Memory: 548352K Free: 456587K (83%)
----------------- Invoking toplevel() on ptolemy.moml.MoMLSimpleApplication@711d6fcd
----------------- Done invoking toplevel() on ptolemy.moml.MoMLSimpleApplication@711d6fcd
reloadAllAccessors: .PersistentIO

===========================================================================================
----------------- testing Wed Oct 31 02:39:30 UTC 2018 /home/travis/build/icyphy/ptII/ptolemy/domains/de/test/auto/PortParameterResetOnInitialize.xml
----------------- Instantiating /home/travis/build/icyphy/ptII/ptolemy/domains/de/test/auto/PortParameterResetOnInitialize.xml
6 ms. Memory: 548352K Free: 445911K (81%)
----------------- Invoking toplevel() on ptolemy.moml.MoMLSimpleApplication@705a8ae6
----------------- Done invoking toplevel() on ptolemy.moml.MoMLSimpleApplication@705a8ae6
reloadAllAccessors: .PortParameterResetOnInitialize

===========================================================================================
----------------- testing Wed Oct 31 02:39:30 UTC 2018 /home/travis/build/icyphy/ptII/ptolemy/domains/de/test/auto/PortParameterUpdates.xml
----------------- Instantiating /home/travis/build/icyphy/ptII/ptolemy/domains/de/test/auto/PortParameterUpdates.xml
4 ms. Memory: 548352K Free: 436566K (80%)
----------------- Invoking toplevel() on ptolemy.moml.MoMLSimpleApplication@df8cd65
----------------- Done invoking toplevel() on ptolemy.moml.MoMLSimpleApplication@df8cd65
reloadAllAccessors: .PortParameterUpdates

===========================================================================================
----------------- testing Wed Oct 31 02:39:30 UTC 2018 /home/travis/build/icyphy/ptII/ptolemy/domains/de/test/auto/QueueAndServer.xml
----------------- Instantiating /home/travis/build/icyphy/ptII/ptolemy/domains/de/test/auto/QueueAndServer.xml
5 ms. Memory: 548352K Free: 427229K (78%)
----------------- Invoking toplevel() on ptolemy.moml.MoMLSimpleApplication@35fcf88d
----------------- Done invoking toplevel() on ptolemy.moml.MoMLSimpleApplication@35fcf88d
reloadAllAccessors: .QueueAndServer

===========================================================================================
----------------- testing Wed Oct 31 02:39:30 UTC 2018 /home/travis/build/icyphy/ptII/ptolemy/domains/de/test/auto/Records.xml
----------------- Instantiating /home/travis/build/icyphy/ptII/ptolemy/domains/de/test/auto/Records.xml
8 ms. Memory: 548352K Free: 416545K (76%)
----------------- Invoking toplevel() on ptolemy.moml.MoMLSimpleApplication@38548b54
----------------- Done invoking toplevel() on ptolemy.moml.MoMLSimpleApplication@38548b54
reloadAllAccessors: .Records

===========================================================================================
----------------- testing Wed Oct 31 02:39:30 UTC 2018 /home/travis/build/icyphy/ptII/ptolemy/domains/de/test/auto/ResetTransitionWithStartTime1.xml
----------------- Instantiating /home/travis/build/icyphy/ptII/ptolemy/domains/de/test/auto/ResetTransitionWithStartTime1.xml
4 ms. Memory: 548352K Free: 404091K (74%)
----------------- Invoking toplevel() on ptolemy.moml.MoMLSimpleApplication@33b523b2
----------------- Done invoking toplevel() on ptolemy.moml.MoMLSimpleApplication@33b523b2
reloadAllAccessors: .ResetTransitionWithStartTime1

===========================================================================================
----------------- testing Wed Oct 31 02:39:30 UTC 2018 /home/travis/build/icyphy/ptII/ptolemy/domains/de/test/auto/ResetTransitionWithStartTime2.xml
----------------- Instantiating /home/travis/build/icyphy/ptII/ptolemy/domains/de/test/auto/ResetTransitionWithStartTime2.xml
5 ms. Memory: 548352K Free: 390282K (71%)
----------------- Invoking toplevel() on ptolemy.moml.MoMLSimpleApplication@7de50248
----------------- Done invoking toplevel() on ptolemy.moml.MoMLSimpleApplication@7de50248
reloadAllAccessors: .ResetTransitionWithStartTime2

===========================================================================================
----------------- testing Wed Oct 31 02:39:30 UTC 2018 /home/travis/build/icyphy/ptII/ptolemy/domains/de/test/auto/ResetTransitionWithStartTime3.xml
----------------- Instantiating /home/travis/build/icyphy/ptII/ptolemy/domains/de/test/auto/ResetTransitionWithStartTime3.xml
4 ms. Memory: 548352K Free: 377827K (69%)
----------------- Invoking toplevel() on ptolemy.moml.MoMLSimpleApplication@256a23a2
----------------- Done invoking toplevel() on ptolemy.moml.MoMLSimpleApplication@256a23a2
reloadAllAccessors: .ResetTransitionWithStartTime3

===========================================================================================
----------------- testing Wed Oct 31 02:39:30 UTC 2018 /home/travis/build/icyphy/ptII/ptolemy/domains/de/test/auto/ResetTransitionWithStartTime4.xml
----------------- Instantiating /home/travis/build/icyphy/ptII/ptolemy/domains/de/test/auto/ResetTransitionWithStartTime4.xml
3 ms. Memory: 548352K Free: 365365K (67%)
----------------- Invoking toplevel() on ptolemy.moml.MoMLSimpleApplication@527a956f
----------------- Done invoking toplevel() on ptolemy.moml.MoMLSimpleApplication@527a956f
reloadAllAccessors: .ResetTransitionWithStartTime4

===========================================================================================
----------------- testing Wed Oct 31 02:39:30 UTC 2018 /home/travis/build/icyphy/ptII/ptolemy/domains/de/test/auto/ResettableTimer1.xml
----------------- Instantiating /home/travis/build/icyphy/ptII/ptolemy/domains/de/test/auto/ResettableTimer1.xml
1 ms. Memory: 548352K Free: 357807K (65%)
----------------- Invoking toplevel() on ptolemy.moml.MoMLSimpleApplication@3038abba
----------------- Done invoking toplevel() on ptolemy.moml.MoMLSimpleApplication@3038abba
reloadAllAccessors: .ResettableTimer1

===========================================================================================
----------------- testing Wed Oct 31 02:39:30 UTC 2018 /home/travis/build/icyphy/ptII/ptolemy/domains/de/test/auto/ResettableTimer2.xml
----------------- Instantiating /home/travis/build/icyphy/ptII/ptolemy/domains/de/test/auto/ResettableTimer2.xml
3 ms. Memory: 548352K Free: 348462K (64%)
----------------- Invoking toplevel() on ptolemy.moml.MoMLSimpleApplication@3437fb66
----------------- Done invoking toplevel() on ptolemy.moml.MoMLSimpleApplication@3437fb66
reloadAllAccessors: .ResettableTimer2

===========================================================================================
----------------- testing Wed Oct 31 02:39:30 UTC 2018 /home/travis/build/icyphy/ptII/ptolemy/domains/de/test/auto/ResettableTimer3.xml
----------------- Instantiating /home/travis/build/icyphy/ptII/ptolemy/domains/de/test/auto/ResettableTimer3.xml
1 ms. Memory: 548352K Free: 339117K (62%)
----------------- Invoking toplevel() on ptolemy.moml.MoMLSimpleApplication@1b2281e2
----------------- Done invoking toplevel() on ptolemy.moml.MoMLSimpleApplication@1b2281e2
reloadAllAccessors: .ResettableTimer3

===========================================================================================
----------------- testing Wed Oct 31 02:39:30 UTC 2018 /home/travis/build/icyphy/ptII/ptolemy/domains/de/test/auto/ResettableTimer4.xml
----------------- Instantiating /home/travis/build/icyphy/ptII/ptolemy/domains/de/test/auto/ResettableTimer4.xml
1 ms. Memory: 548352K Free: 328433K (60%)
----------------- Invoking toplevel() on ptolemy.moml.MoMLSimpleApplication@6a3c9f59
----------------- Done invoking toplevel() on ptolemy.moml.MoMLSimpleApplication@6a3c9f59
reloadAllAccessors: .ResettableTimer4

===========================================================================================
----------------- testing Wed Oct 31 02:39:30 UTC 2018 /home/travis/build/icyphy/ptII/ptolemy/domains/de/test/auto/ResettableTimer5.xml
----------------- Instantiating /home/travis/build/icyphy/ptII/ptolemy/domains/de/test/auto/ResettableTimer5.xml
1 ms. Memory: 548352K Free: 319105K (58%)
----------------- Invoking toplevel() on ptolemy.moml.MoMLSimpleApplication@3ab58870
----------------- Done invoking toplevel() on ptolemy.moml.MoMLSimpleApplication@3ab58870
reloadAllAccessors: .ResettableTimer5

===========================================================================================
----------------- testing Wed Oct 31 02:39:30 UTC 2018 /home/travis/build/icyphy/ptII/ptolemy/domains/de/test/auto/ResettableTimer6.xml
----------------- Instantiating /home/travis/build/icyphy/ptII/ptolemy/domains/de/test/auto/ResettableTimer6.xml
2 ms. Memory: 548352K Free: 308416K (56%)
----------------- Invoking toplevel() on ptolemy.moml.MoMLSimpleApplication@20c51549
----------------- Done invoking toplevel() on ptolemy.moml.MoMLSimpleApplication@20c51549
reloadAllAccessors: .ResettableTimer6

===========================================================================================
----------------- testing Wed Oct 31 02:39:30 UTC 2018 /home/travis/build/icyphy/ptII/ptolemy/domains/de/test/auto/ServerZeroDelay.xml
----------------- Instantiating /home/travis/build/icyphy/ptII/ptolemy/domains/de/test/auto/ServerZeroDelay.xml
2 ms. Memory: 548352K Free: 302196K (55%)
----------------- Invoking toplevel() on ptolemy.moml.MoMLSimpleApplication@33639597
----------------- Done invoking toplevel() on ptolemy.moml.MoMLSimpleApplication@33639597
reloadAllAccessors: .ServerZeroDelay

===========================================================================================
----------------- testing Wed Oct 31 02:39:30 UTC 2018 /home/travis/build/icyphy/ptII/ptolemy/domains/de/test/auto/SmartSender.xml
----------------- Instantiating /home/travis/build/icyphy/ptII/ptolemy/domains/de/test/auto/SmartSender.xml
3001 ms. Memory: 548352K Free: 292852K (53%)
----------------- Invoking toplevel() on ptolemy.moml.MoMLSimpleApplication@60c091e3
----------------- Done invoking toplevel() on ptolemy.moml.MoMLSimpleApplication@60c091e3
reloadAllAccessors: .SmartSender

===========================================================================================
----------------- testing Wed Oct 31 02:39:33 UTC 2018 /home/travis/build/icyphy/ptII/ptolemy/domains/de/test/auto/ThreadedComposite.xml
----------------- Instantiating /home/travis/build/icyphy/ptII/ptolemy/domains/de/test/auto/ThreadedComposite.xml
120 ms. Memory: 548352K Free: 263510K (48%)
----------------- Invoking toplevel() on ptolemy.moml.MoMLSimpleApplication@14826581
----------------- Done invoking toplevel() on ptolemy.moml.MoMLSimpleApplication@14826581
reloadAllAccessors: .ThreadedComposite

===========================================================================================
----------------- testing Wed Oct 31 02:39:33 UTC 2018 /home/travis/build/icyphy/ptII/ptolemy/domains/de/test/auto/Time.xml
----------------- Instantiating /home/travis/build/icyphy/ptII/ptolemy/domains/de/test/auto/Time.xml
430 ms. Memory: 548352K Free: 207538K (38%)
----------------- Invoking toplevel() on ptolemy.moml.MoMLSimpleApplication@c610d5f
----------------- Done invoking toplevel() on ptolemy.moml.MoMLSimpleApplication@c610d5f
reloadAllAccessors: .Time

===========================================================================================
----------------- testing Wed Oct 31 02:39:34 UTC 2018 /home/travis/build/icyphy/ptII/ptolemy/domains/de/test/auto/TimeDelayZeroDelay.xml
----------------- Instantiating /home/travis/build/icyphy/ptII/ptolemy/domains/de/test/auto/TimeDelayZeroDelay.xml
4 ms. Memory: 548352K Free: 199980K (36%)
----------------- Invoking toplevel() on ptolemy.moml.MoMLSimpleApplication@399ae730
----------------- Done invoking toplevel() on ptolemy.moml.MoMLSimpleApplication@399ae730
reloadAllAccessors: .TimeDelayZeroDelay

===========================================================================================
----------------- testing Wed Oct 31 02:39:34 UTC 2018 /home/travis/build/icyphy/ptII/ptolemy/domains/de/test/auto/TimerZeroDelay.xml
----------------- Instantiating /home/travis/build/icyphy/ptII/ptolemy/domains/de/test/auto/TimerZeroDelay.xml
2 ms. Memory: 548352K Free: 193761K (35%)
----------------- Invoking toplevel() on ptolemy.moml.MoMLSimpleApplication@fbfb166
----------------- Done invoking toplevel() on ptolemy.moml.MoMLSimpleApplication@fbfb166
reloadAllAccessors: .TimerZeroDelay

===========================================================================================
----------------- testing Wed Oct 31 02:39:34 UTC 2018 /home/travis/build/icyphy/ptII/ptolemy/domains/de/test/auto/TimingParadox.xml
----------------- Instantiating /home/travis/build/icyphy/ptII/ptolemy/domains/de/test/auto/TimingParadox.xml
288 ms. Memory: 548352K Free: 125270K (23%)
----------------- Invoking toplevel() on ptolemy.moml.MoMLSimpleApplication@5bcf2261
----------------- Done invoking toplevel() on ptolemy.moml.MoMLSimpleApplication@5bcf2261
reloadAllAccessors: .TimingParadox

===========================================================================================
----------------- testing Wed Oct 31 02:39:34 UTC 2018 /home/travis/build/icyphy/ptII/ptolemy/domains/de/test/auto/TransferInputs.xml
----------------- Instantiating /home/travis/build/icyphy/ptII/ptolemy/domains/de/test/auto/TransferInputs.xml
3 ms. Memory: 548352K Free: 114586K (21%)
----------------- Invoking toplevel() on ptolemy.moml.MoMLSimpleApplication@46cdda56
----------------- Done invoking toplevel() on ptolemy.moml.MoMLSimpleApplication@46cdda56
reloadAllAccessors: .TransferInputs

===========================================================================================
----------------- testing Wed Oct 31 02:39:34 UTC 2018 /home/travis/build/icyphy/ptII/ptolemy/domains/de/test/auto/TransferOutputs2.xml
----------------- Instantiating /home/travis/build/icyphy/ptII/ptolemy/domains/de/test/auto/TransferOutputs2.xml
6 ms. Memory: 548352K Free: 102124K (19%)
----------------- Invoking toplevel() on ptolemy.moml.MoMLSimpleApplication@570b0f3
----------------- Done invoking toplevel() on ptolemy.moml.MoMLSimpleApplication@570b0f3
reloadAllAccessors: .TransferOutputs2

===========================================================================================
----------------- testing Wed Oct 31 02:39:34 UTC 2018 /home/travis/build/icyphy/ptII/ptolemy/domains/de/test/auto/Trilateration.xml
----------------- Instantiating /home/travis/build/icyphy/ptII/ptolemy/domains/de/test/auto/Trilateration.xml
12614 ms. Memory: 924160K Free: 884257K (96%)
----------------- Invoking toplevel() on ptolemy.moml.MoMLSimpleApplication@638363a2
----------------- Done invoking toplevel() on ptolemy.moml.MoMLSimpleApplication@638363a2
reloadAllAccessors: .Trilateration

===========================================================================================
----------------- testing Wed Oct 31 02:39:48 UTC 2018 /home/travis/build/icyphy/ptII/ptolemy/domains/de/test/auto/TwoSigmaDelta.xml
----------------- Instantiating /home/travis/build/icyphy/ptII/ptolemy/domains/de/test/auto/TwoSigmaDelta.xml
2472 ms. Memory: 924160K Free: 589205K (64%)
----------------- Invoking toplevel() on ptolemy.moml.MoMLSimpleApplication@12453c5b
----------------- Done invoking toplevel() on ptolemy.moml.MoMLSimpleApplication@12453c5b
reloadAllAccessors: .TwoSigmaDelta

===========================================================================================
----------------- testing Wed Oct 31 02:39:50 UTC 2018 /home/travis/build/icyphy/ptII/ptolemy/domains/de/test/auto/VariableDelay.xml
----------------- Instantiating /home/travis/build/icyphy/ptII/ptolemy/domains/de/test/auto/VariableDelay.xml
3 ms. Memory: 924160K Free: 572350K (62%)
----------------- Invoking toplevel() on ptolemy.moml.MoMLSimpleApplication@7882560a
----------------- Done invoking toplevel() on ptolemy.moml.MoMLSimpleApplication@7882560a
reloadAllAccessors: .VariableDelay

===========================================================================================
----------------- testing Wed Oct 31 02:39:50 UTC 2018 /home/travis/build/icyphy/ptII/ptolemy/domains/de/test/auto/VariableDelay2.xml
----------------- Instantiating /home/travis/build/icyphy/ptII/ptolemy/domains/de/test/auto/VariableDelay2.xml
3 ms. Memory: 924160K Free: 555495K (60%)
----------------- Invoking toplevel() on ptolemy.moml.MoMLSimpleApplication@13808b6f
----------------- Done invoking toplevel() on ptolemy.moml.MoMLSimpleApplication@13808b6f
reloadAllAccessors: .VariableDelay2

===========================================================================================
----------------- testing Wed Oct 31 02:39:50 UTC 2018 /home/travis/build/icyphy/ptII/ptolemy/domains/de/test/auto/VariableDelayZeroDelay.xml
----------------- Instantiating /home/travis/build/icyphy/ptII/ptolemy/domains/de/test/auto/VariableDelayZeroDelay.xml
2 ms. Memory: 924160K Free: 536891K (58%)
----------------- Invoking toplevel() on ptolemy.moml.MoMLSimpleApplication@ddb80a2
----------------- Done invoking toplevel() on ptolemy.moml.MoMLSimpleApplication@ddb80a2
reloadAllAccessors: .VariableDelayZeroDelay

===========================================================================================
----------------- testing Wed Oct 31 02:39:50 UTC 2018 /home/travis/build/icyphy/ptII/ptolemy/domains/de/test/auto/VariableDelayZeroDelay2.xml
----------------- Instantiating /home/travis/build/icyphy/ptII/ptolemy/domains/de/test/auto/VariableDelayZeroDelay2.xml
2 ms. Memory: 924160K Free: 520036K (56%)
----------------- Invoking toplevel() on ptolemy.moml.MoMLSimpleApplication@7b45c994
----------------- Done invoking toplevel() on ptolemy.moml.MoMLSimpleApplication@7b45c994
reloadAllAccessors: .VariableDelayZeroDelay2

===========================================================================================
----------------- testing Wed Oct 31 02:39:50 UTC 2018 /home/travis/build/icyphy/ptII/ptolemy/domains/de/test/auto/deInCt.xml
----------------- Instantiating /home/travis/build/icyphy/ptII/ptolemy/domains/de/test/auto/deInCt.xml
0
1
1
1
0
0
0
1
1
1
1
1
1
1
0
0
0
0
1
1
1
0
0
0
0
1
1
1
0
0
0
0
4 ms. Memory: 924160K Free: 503181K (54%)
----------------- Invoking toplevel() on ptolemy.moml.MoMLSimpleApplication@67e794d8
----------------- Done invoking toplevel() on ptolemy.moml.MoMLSimpleApplication@67e794d8
reloadAllAccessors: .deInCt

===========================================================================================
----------------- testing Wed Oct 31 02:39:50 UTC 2018 /home/travis/build/icyphy/ptII/ptolemy/domains/de/test/auto/deInCt2.xml
----------------- Instantiating /home/travis/build/icyphy/ptII/ptolemy/domains/de/test/auto/deInCt2.xml
0
1
1
1
0
0
1
1
1
0
0
1
1
1
0
0
1
1
1
0
0
1
1
1
0
0
1
1
1
0
0
1
1
1
0
0
1
1
1
0
0
0
5 ms. Memory: 924160K Free: 484578K (52%)
----------------- Invoking toplevel() on ptolemy.moml.MoMLSimpleApplication@634f1153
----------------- Done invoking toplevel() on ptolemy.moml.MoMLSimpleApplication@634f1153
reloadAllAccessors: .deInCt2

===========================================================================================
----------------- testing Wed Oct 31 02:39:50 UTC 2018 /home/travis/build/icyphy/ptII/ptolemy/domains/de/test/auto/dynamicCausalityInterface1.xml
----------------- Instantiating /home/travis/build/icyphy/ptII/ptolemy/domains/de/test/auto/dynamicCausalityInterface1.xml
1 ms. Memory: 924160K Free: 459295K (50%)
----------------- Invoking toplevel() on ptolemy.moml.MoMLSimpleApplication@3823ad68
----------------- Done invoking toplevel() on ptolemy.moml.MoMLSimpleApplication@3823ad68
reloadAllAccessors: .dynamicCausalityInterface1

===========================================================================================
----------------- testing Wed Oct 31 02:39:50 UTC 2018 /home/travis/build/icyphy/ptII/ptolemy/domains/de/test/auto/fsm_de_test.xml
----------------- Instantiating /home/travis/build/icyphy/ptII/ptolemy/domains/de/test/auto/fsm_de_test.xml
4 ms. Memory: 924160K Free: 442436K (48%)
----------------- Invoking toplevel() on ptolemy.moml.MoMLSimpleApplication@7bf8284c
----------------- Done invoking toplevel() on ptolemy.moml.MoMLSimpleApplication@7bf8284c
reloadAllAccessors: .fsm_de_test

===========================================================================================
----------------- testing Wed Oct 31 02:39:50 UTC 2018 /home/travis/build/icyphy/ptII/ptolemy/domains/de/test/auto/functionDependencyReconstruction.xml
----------------- Instantiating /home/travis/build/icyphy/ptII/ptolemy/domains/de/test/auto/functionDependencyReconstruction.xml
2 ms. Memory: 924160K Free: 415389K (45%)
----------------- Invoking toplevel() on ptolemy.moml.MoMLSimpleApplication@4b5f54b1
----------------- Done invoking toplevel() on ptolemy.moml.MoMLSimpleApplication@4b5f54b1
reloadAllAccessors: .functionDependencyReconstruction

===========================================================================================
----------------- testing Wed Oct 31 02:39:50 UTC 2018 /home/travis/build/icyphy/ptII/ptolemy/domains/de/test/auto/multirate.xml
----------------- Instantiating /home/travis/build/icyphy/ptII/ptolemy/domains/de/test/auto/multirate.xml
2 ms. Memory: 924160K Free: 398534K (43%)
----------------- Invoking toplevel() on ptolemy.moml.MoMLSimpleApplication@6c60028
----------------- Done invoking toplevel() on ptolemy.moml.MoMLSimpleApplication@6c60028
reloadAllAccessors: .multirate

===========================================================================================
----------------- testing Wed Oct 31 02:39:50 UTC 2018 /home/travis/build/icyphy/ptII/ptolemy/domains/de/test/auto/multirate2.xml
----------------- Instantiating /home/travis/build/icyphy/ptII/ptolemy/domains/de/test/auto/multirate2.xml
3 ms. Memory: 924160K Free: 381679K (41%)
----------------- Invoking toplevel() on ptolemy.moml.MoMLSimpleApplication@58977fd5
----------------- Done invoking toplevel() on ptolemy.moml.MoMLSimpleApplication@58977fd5
reloadAllAccessors: .multirate2

===========================================================================================
----------------- testing Wed Oct 31 02:39:50 UTC 2018 /home/travis/build/icyphy/ptII/ptolemy/domains/de/test/auto/realtime.xml
----------------- Instantiating /home/travis/build/icyphy/ptII/ptolemy/domains/de/test/auto/realtime.xml
10003 ms. Memory: 924160K Free: 363075K (39%)
----------------- Invoking toplevel() on ptolemy.moml.MoMLSimpleApplication@6152a03d
----------------- Done invoking toplevel() on ptolemy.moml.MoMLSimpleApplication@6152a03d
reloadAllAccessors: .realtime

===========================================================================================
----------------- testing Wed Oct 31 02:40:00 UTC 2018 /home/travis/build/icyphy/ptII/ptolemy/domains/de/test/auto/relationGroup.xml
----------------- Instantiating /home/travis/build/icyphy/ptII/ptolemy/domains/de/test/auto/relationGroup.xml
2 ms. Memory: 924160K Free: 346220K (37%)
----------------- Invoking toplevel() on ptolemy.moml.MoMLSimpleApplication@a76eb03
----------------- Done invoking toplevel() on ptolemy.moml.MoMLSimpleApplication@a76eb03
reloadAllAccessors: .relationGroup

===========================================================================================
----------------- testing Wed Oct 31 02:40:00 UTC 2018 /home/travis/build/icyphy/ptII/ptolemy/domains/de/test/auto/relationGroup2.xml
----------------- Instantiating /home/travis/build/icyphy/ptII/ptolemy/domains/de/test/auto/relationGroup2.xml
3 ms. Memory: 924160K Free: 329365K (36%)
----------------- Invoking toplevel() on ptolemy.moml.MoMLSimpleApplication@442132ef
----------------- Done invoking toplevel() on ptolemy.moml.MoMLSimpleApplication@442132ef
reloadAllAccessors: .relationGroup2

===========================================================================================
----------------- testing Wed Oct 31 02:40:00 UTC 2018 /home/travis/build/icyphy/ptII/ptolemy/domains/de/test/auto/sortWithOpaquePorts.xml
----------------- Instantiating /home/travis/build/icyphy/ptII/ptolemy/domains/de/test/auto/sortWithOpaquePorts.xml
2 ms. Memory: 924160K Free: 310762K (34%)
----------------- Invoking toplevel() on ptolemy.moml.MoMLSimpleApplication@7c7ccc56
----------------- Done invoking toplevel() on ptolemy.moml.MoMLSimpleApplication@7c7ccc56
reloadAllAccessors: .sortWithOpaquePorts

===========================================================================================
----------------- testing Wed Oct 31 02:40:00 UTC 2018 /home/travis/build/icyphy/ptII/ptolemy/domains/de/test/auto/transferInputsandOutputs.xml
----------------- Instantiating /home/travis/build/icyphy/ptII/ptolemy/domains/de/test/auto/transferInputsandOutputs.xml
2 ms. Memory: 924160K Free: 293906K (32%)
----------------- Invoking toplevel() on ptolemy.moml.MoMLSimpleApplication@46658670
----------------- Done invoking toplevel() on ptolemy.moml.MoMLSimpleApplication@46658670
reloadAllAccessors: .transferInputsandOutputs

===========================================================================================
----------------- testing Wed Oct 31 02:40:00 UTC 2018 /home/travis/build/icyphy/ptII/ptolemy/domains/de/test/auto/triggerType.xml
----------------- Instantiating /home/travis/build/icyphy/ptII/ptolemy/domains/de/test/auto/triggerType.xml
1 ms. Memory: 924160K Free: 277051K (30%)
----------------- Invoking toplevel() on ptolemy.moml.MoMLSimpleApplication@2e0d988f
----------------- Done invoking toplevel() on ptolemy.moml.MoMLSimpleApplication@2e0d988f
reloadAllAccessors: .triggerType
AutoTests.java: About to close Vertx.
AutoTests.java: Vertx closed.
]]></system-out>
  <system-err><![CDATA[java.lang.RuntimeException: Execution failed
	at ptolemy.moml.MoMLSimpleApplication$UnloadThread.run(MoMLSimpleApplication.java:402)
Caused by: ptolemy.kernel.util.IllegalActionException: Found a zero delay loop containing .dependencyLoop.original
  in .dependencyLoop and .dependencyLoop.original
	at ptolemy.actor.util.CausalityInterfaceForComposites._computeOutputPortDepth(CausalityInterfaceForComposites.java:759)
	at ptolemy.actor.util.CausalityInterfaceForComposites._computeInputDepth(CausalityInterfaceForComposites.java:696)
	at ptolemy.actor.util.CausalityInterfaceForComposites._computeOutputPortDepth(CausalityInterfaceForComposites.java:765)
	at ptolemy.actor.util.CausalityInterfaceForComposites._computeInputDepth(CausalityInterfaceForComposites.java:696)
	at ptolemy.actor.util.CausalityInterfaceForComposites._computeOutputPortDepth(CausalityInterfaceForComposites.java:765)
	at ptolemy.actor.util.CausalityInterfaceForComposites._computeInputDepth(CausalityInterfaceForComposites.java:696)
	at ptolemy.actor.util.CausalityInterfaceForComposites._computeActorDepth(CausalityInterfaceForComposites.java:532)
	at ptolemy.actor.util.CausalityInterfaceForComposites.checkForCycles(CausalityInterfaceForComposites.java:96)
	at ptolemy.domains.de.kernel.DEDirector.preinitialize(DEDirector.java:1338)
	at ptolemy.actor.CompositeActor.preinitialize(CompositeActor.java:1828)
	at ptolemy.actor.Manager.preinitializeAndResolveTypes(Manager.java:1040)
	at ptolemy.actor.Manager.initialize(Manager.java:710)
	at ptolemy.actor.Manager.execute(Manager.java:356)
	at ptolemy.actor.Manager.run(Manager.java:1263)
	at ptolemy.actor.Manager$PtolemyRunThread.run(Manager.java:1915)
java.lang.RuntimeException: Execution failed
	at ptolemy.moml.MoMLSimpleApplication$UnloadThread.run(MoMLSimpleApplication.java:402)
Caused by: ptolemy.kernel.util.IllegalActionException: Found a zero delay loop containing .dependencyLoop2.original
  in .dependencyLoop2 and .dependencyLoop2.original
	at ptolemy.actor.util.CausalityInterfaceForComposites._computeOutputPortDepth(CausalityInterfaceForComposites.java:759)
	at ptolemy.actor.util.CausalityInterfaceForComposites._computeInputDepth(CausalityInterfaceForComposites.java:696)
	at ptolemy.actor.util.CausalityInterfaceForComposites._computeOutputPortDepth(CausalityInterfaceForComposites.java:765)
	at ptolemy.actor.util.CausalityInterfaceForComposites._computeInputDepth(CausalityInterfaceForComposites.java:696)
	at ptolemy.actor.util.CausalityInterfaceForComposites._computeOutputPortDepth(CausalityInterfaceForComposites.java:765)
	at ptolemy.actor.util.CausalityInterfaceForComposites._computeInputDepth(CausalityInterfaceForComposites.java:696)
	at ptolemy.actor.util.CausalityInterfaceForComposites._computeActorDepth(CausalityInterfaceForComposites.java:532)
	at ptolemy.actor.util.CausalityInterfaceForComposites.checkForCycles(CausalityInterfaceForComposites.java:96)
	at ptolemy.domains.de.kernel.DEDirector.preinitialize(DEDirector.java:1338)
	at ptolemy.actor.CompositeActor.preinitialize(CompositeActor.java:1828)
	at ptolemy.actor.Manager.preinitializeAndResolveTypes(Manager.java:1040)
	at ptolemy.actor.Manager.initialize(Manager.java:710)
	at ptolemy.actor.Manager.execute(Manager.java:356)
	at ptolemy.actor.Manager.run(Manager.java:1263)
	at ptolemy.actor.Manager$PtolemyRunThread.run(Manager.java:1915)
java.lang.RuntimeException: Execution failed
	at ptolemy.moml.MoMLSimpleApplication$UnloadThread.run(MoMLSimpleApplication.java:402)
Caused by: ptolemy.kernel.util.IllegalActionException: Found a zero delay loop containing .dependencyLoop.original
  in .dependencyLoop and .dependencyLoop.original
	at ptolemy.actor.util.CausalityInterfaceForComposites._computeOutputPortDepth(CausalityInterfaceForComposites.java:759)
	at ptolemy.actor.util.CausalityInterfaceForComposites._computeInputDepth(CausalityInterfaceForComposites.java:696)
	at ptolemy.actor.util.CausalityInterfaceForComposites._computeOutputPortDepth(CausalityInterfaceForComposites.java:765)
	at ptolemy.actor.util.CausalityInterfaceForComposites._computeInputDepth(CausalityInterfaceForComposites.java:696)
	at ptolemy.actor.util.CausalityInterfaceForComposites._computeOutputPortDepth(CausalityInterfaceForComposites.java:765)
	at ptolemy.actor.util.CausalityInterfaceForComposites._computeInputDepth(CausalityInterfaceForComposites.java:696)
	at ptolemy.actor.util.CausalityInterfaceForComposites._computeActorDepth(CausalityInterfaceForComposites.java:532)
	at ptolemy.actor.util.CausalityInterfaceForComposites.checkForCycles(CausalityInterfaceForComposites.java:96)
	at ptolemy.domains.de.kernel.DEDirector.preinitialize(DEDirector.java:1338)
	at ptolemy.actor.CompositeActor.preinitialize(CompositeActor.java:1828)
	at ptolemy.actor.Manager.preinitializeAndResolveTypes(Manager.java:1040)
	at ptolemy.actor.Manager.initialize(Manager.java:710)
	at ptolemy.actor.Manager.execute(Manager.java:356)
	at ptolemy.actor.Manager.run(Manager.java:1263)
	at ptolemy.actor.Manager$PtolemyRunThread.run(Manager.java:1915)
java.lang.RuntimeException: Execution failed
	at ptolemy.moml.MoMLSimpleApplication$UnloadThread.run(MoMLSimpleApplication.java:402)
Caused by: ptolemy.kernel.util.IllegalActionException: Actor is not ready to fire.  Perhaps UpSample.prefire() returned false? Try debugging the actor by selecting "Listen to Actor".  Also, for SDF check moml for tokenConsumptionRate on input.
  in .DESDFClockTest.Play Bell.Copy1:SDF Director and .DESDFClockTest.Play Bell.UpSample
	at ptolemy.actor.sched.StaticSchedulingDirector.fire(StaticSchedulingDirector.java:227)
	at ptolemy.domains.sdf.kernel.SDFDirector.fire(SDFDirector.java:500)
	at ptolemy.actor.CompositeActor.fire(CompositeActor.java:455)
	at ptolemy.domains.de.kernel.DEDirector._fire(DEDirector.java:1949)
	at ptolemy.domains.de.kernel.DEDirector.fire(DEDirector.java:502)
	at ptolemy.actor.CompositeActor.fire(CompositeActor.java:455)
	at ptolemy.actor.Manager.iterate(Manager.java:851)
	at ptolemy.actor.Manager.execute(Manager.java:369)
	at ptolemy.actor.Manager.run(Manager.java:1263)
	at ptolemy.actor.Manager$PtolemyRunThread.run(Manager.java:1915)
java.lang.RuntimeException: Execution failed
	at ptolemy.moml.MoMLSimpleApplication$UnloadThread.run(MoMLSimpleApplication.java:402)
Caused by: ptolemy.kernel.util.IllegalActionException: Found a zero delay loop containing .dependencyLoop2.original
  in .dependencyLoop2 and .dependencyLoop2.original
	at ptolemy.actor.util.CausalityInterfaceForComposites._computeOutputPortDepth(CausalityInterfaceForComposites.java:759)
	at ptolemy.actor.util.CausalityInterfaceForComposites._computeInputDepth(CausalityInterfaceForComposites.java:696)
	at ptolemy.actor.util.CausalityInterfaceForComposites._computeOutputPortDepth(CausalityInterfaceForComposites.java:765)
	at ptolemy.actor.util.CausalityInterfaceForComposites._computeInputDepth(CausalityInterfaceForComposites.java:696)
	at ptolemy.actor.util.CausalityInterfaceForComposites._computeOutputPortDepth(CausalityInterfaceForComposites.java:765)
	at ptolemy.actor.util.CausalityInterfaceForComposites._computeInputDepth(CausalityInterfaceForComposites.java:696)
	at ptolemy.actor.util.CausalityInterfaceForComposites._computeActorDepth(CausalityInterfaceForComposites.java:532)
	at ptolemy.actor.util.CausalityInterfaceForComposites.checkForCycles(CausalityInterfaceForComposites.java:96)
	at ptolemy.domains.de.kernel.DEDirector.preinitialize(DEDirector.java:1338)
	at ptolemy.actor.CompositeActor.preinitialize(CompositeActor.java:1828)
	at ptolemy.actor.Manager.preinitializeAndResolveTypes(Manager.java:1040)
	at ptolemy.actor.Manager.initialize(Manager.java:710)
	at ptolemy.actor.Manager.execute(Manager.java:356)
	at ptolemy.actor.Manager.run(Manager.java:1263)
	at ptolemy.actor.Manager$PtolemyRunThread.run(Manager.java:1915)
java.lang.RuntimeException: Execution failed
	at ptolemy.moml.MoMLSimpleApplication$UnloadThread.run(MoMLSimpleApplication.java:402)
Caused by: ptolemy.kernel.util.IllegalActionException: Found a zero delay loop containing .HierarchicalModel.A
  in .HierarchicalModel and .HierarchicalModel.A
	at ptolemy.actor.util.CausalityInterfaceForComposites._computeOutputPortDepth(CausalityInterfaceForComposites.java:759)
	at ptolemy.actor.util.CausalityInterfaceForComposites._computeInputDepth(CausalityInterfaceForComposites.java:696)
	at ptolemy.actor.util.CausalityInterfaceForComposites._computeOutputPortDepth(CausalityInterfaceForComposites.java:765)
	at ptolemy.actor.util.CausalityInterfaceForComposites._computeInputDepth(CausalityInterfaceForComposites.java:696)
	at ptolemy.actor.util.CausalityInterfaceForComposites._computeOutputPortDepth(CausalityInterfaceForComposites.java:765)
	at ptolemy.actor.util.CausalityInterfaceForComposites._computeInputDepth(CausalityInterfaceForComposites.java:696)
	at ptolemy.actor.util.CausalityInterfaceForComposites._computeActorDepth(CausalityInterfaceForComposites.java:532)
	at ptolemy.actor.util.CausalityInterfaceForComposites.checkForCycles(CausalityInterfaceForComposites.java:96)
	at ptolemy.domains.de.kernel.DEDirector.preinitialize(DEDirector.java:1338)
	at ptolemy.actor.CompositeActor.preinitialize(CompositeActor.java:1828)
	at ptolemy.actor.Manager.preinitializeAndResolveTypes(Manager.java:1040)
	at ptolemy.actor.Manager.initialize(Manager.java:710)
	at ptolemy.actor.Manager.execute(Manager.java:356)
	at ptolemy.actor.Manager.run(Manager.java:1263)
	at ptolemy.actor.Manager$PtolemyRunThread.run(Manager.java:1915)
java.lang.RuntimeException: Execution failed
	at ptolemy.moml.MoMLSimpleApplication$UnloadThread.run(MoMLSimpleApplication.java:402)
Caused by: ptolemy.kernel.util.IllegalActionException: Test fails in iteration 1.
Value was: 1.0. Should have been: 2.0
  in .DirectFeedback.Test
	at ptolemy.actor.lib.Test.fire(Test.java:268)
	at ptolemy.domains.de.kernel.DEDirector._fire(DEDirector.java:1949)
	at ptolemy.domains.de.kernel.DEDirector.fire(DEDirector.java:502)
	at ptolemy.actor.CompositeActor.fire(CompositeActor.java:455)
	at ptolemy.actor.Manager.iterate(Manager.java:851)
	at ptolemy.actor.Manager.execute(Manager.java:369)
	at ptolemy.actor.Manager.run(Manager.java:1263)
	at ptolemy.actor.Manager$PtolemyRunThread.run(Manager.java:1915)
java.lang.RuntimeException: Execution failed
	at ptolemy.moml.MoMLSimpleApplication$UnloadThread.run(MoMLSimpleApplication.java:402)
Caused by: ptolemy.kernel.util.IllegalActionException: Actor is not ready to fire.  Perhaps UpSample.prefire() returned false? Try debugging the actor by selecting "Listen to Actor".  Also, for SDF check moml for tokenConsumptionRate on input.
  in .DESDFClockTest.Play Bell.Copy1:SDF Director and .DESDFClockTest.Play Bell.UpSample
	at ptolemy.actor.sched.StaticSchedulingDirector.fire(StaticSchedulingDirector.java:227)
	at ptolemy.domains.sdf.kernel.SDFDirector.fire(SDFDirector.java:500)
	at ptolemy.actor.CompositeActor.fire(CompositeActor.java:455)
	at ptolemy.domains.de.kernel.DEDirector._fire(DEDirector.java:1949)
	at ptolemy.domains.de.kernel.DEDirector.fire(DEDirector.java:502)
	at ptolemy.actor.CompositeActor.fire(CompositeActor.java:455)
	at ptolemy.actor.Manager.iterate(Manager.java:851)
	at ptolemy.actor.Manager.execute(Manager.java:369)
	at ptolemy.actor.Manager.run(Manager.java:1263)
	at ptolemy.actor.Manager$PtolemyRunThread.run(Manager.java:1915)
java.lang.reflect.InvocationTargetException
	at sun.reflect.NativeConstructorAccessorImpl.newInstance0(Native Method)
	at sun.reflect.NativeConstructorAccessorImpl.newInstance(NativeConstructorAccessorImpl.java:62)
	at sun.reflect.DelegatingConstructorAccessorImpl.newInstance(DelegatingConstructorAccessorImpl.java:45)
	at java.lang.reflect.Constructor.newInstance(Constructor.java:423)
	at ptolemy.util.test.junit.AutoKnownFailedTests.RunModel(AutoKnownFailedTests.java:105)
	at sun.reflect.NativeMethodAccessorImpl.invoke0(Native Method)
	at sun.reflect.NativeMethodAccessorImpl.invoke(NativeMethodAccessorImpl.java:62)
	at sun.reflect.DelegatingMethodAccessorImpl.invoke(DelegatingMethodAccessorImpl.java:43)
	at java.lang.reflect.Method.invoke(Method.java:498)
	at org.junit.runners.model.FrameworkMethod$1.runReflectiveCall(FrameworkMethod.java:44)
	at org.junit.internal.runners.model.ReflectiveCallable.run(ReflectiveCallable.java:15)
	at org.junit.runners.model.FrameworkMethod.invokeExplosively(FrameworkMethod.java:41)
	at junitparams.internal.InvokeParameterisedMethod.evaluate(InvokeParameterisedMethod.java:102)
	at org.junit.internal.runners.statements.FailOnTimeout$1.run(FailOnTimeout.java:28)
Caused by: ptolemy.kernel.util.IllegalActionException: Actor is not ready to fire.  Perhaps UpSample.prefire() returned false? Try debugging the actor by selecting "Listen to Actor".  Also, for SDF check moml for tokenConsumptionRate on input.
  in .DESDFClockTest.Play Bell.Copy1:SDF Director and .DESDFClockTest.Play Bell.UpSample
	at ptolemy.actor.sched.StaticSchedulingDirector.fire(StaticSchedulingDirector.java:227)
	at ptolemy.domains.sdf.kernel.SDFDirector.fire(SDFDirector.java:500)
	at ptolemy.actor.CompositeActor.fire(CompositeActor.java:455)
	at ptolemy.domains.de.kernel.DEDirector._fire(DEDirector.java:1949)
	at ptolemy.domains.de.kernel.DEDirector.fire(DEDirector.java:502)
	at ptolemy.actor.CompositeActor.fire(CompositeActor.java:455)
	at ptolemy.actor.Manager.iterate(Manager.java:851)
	at ptolemy.actor.Manager.execute(Manager.java:369)
	at ptolemy.actor.Manager.run(Manager.java:1263)
	at ptolemy.actor.Manager$PtolemyRunThread.run(Manager.java:1915)
java.lang.RuntimeException: Execution failed
	at ptolemy.moml.MoMLSimpleApplication$UnloadThread.run(MoMLSimpleApplication.java:402)
Caused by: ptolemy.kernel.util.IllegalActionException: Test fails in iteration 1.
Value was: 1.0. Should have been: 2.0
  in .DirectFeedback.Test
	at ptolemy.actor.lib.Test.fire(Test.java:268)
	at ptolemy.domains.de.kernel.DEDirector._fire(DEDirector.java:1949)
	at ptolemy.domains.de.kernel.DEDirector.fire(DEDirector.java:502)
	at ptolemy.actor.CompositeActor.fire(CompositeActor.java:455)
	at ptolemy.actor.Manager.iterate(Manager.java:851)
	at ptolemy.actor.Manager.execute(Manager.java:369)
	at ptolemy.actor.Manager.run(Manager.java:1263)
	at ptolemy.actor.Manager$PtolemyRunThread.run(Manager.java:1915)
java.lang.reflect.InvocationTargetException
	at sun.reflect.NativeConstructorAccessorImpl.newInstance0(Native Method)
	at sun.reflect.NativeConstructorAccessorImpl.newInstance(NativeConstructorAccessorImpl.java:62)
	at sun.reflect.DelegatingConstructorAccessorImpl.newInstance(DelegatingConstructorAccessorImpl.java:45)
	at java.lang.reflect.Constructor.newInstance(Constructor.java:423)
	at ptolemy.util.test.junit.AutoKnownFailedTests.RunModel(AutoKnownFailedTests.java:105)
	at sun.reflect.NativeMethodAccessorImpl.invoke0(Native Method)
	at sun.reflect.NativeMethodAccessorImpl.invoke(NativeMethodAccessorImpl.java:62)
	at sun.reflect.DelegatingMethodAccessorImpl.invoke(DelegatingMethodAccessorImpl.java:43)
	at java.lang.reflect.Method.invoke(Method.java:498)
	at org.junit.runners.model.FrameworkMethod$1.runReflectiveCall(FrameworkMethod.java:44)
	at org.junit.internal.runners.model.ReflectiveCallable.run(ReflectiveCallable.java:15)
	at org.junit.runners.model.FrameworkMethod.invokeExplosively(FrameworkMethod.java:41)
	at junitparams.internal.InvokeParameterisedMethod.evaluate(InvokeParameterisedMethod.java:102)
	at org.junit.internal.runners.statements.FailOnTimeout$1.run(FailOnTimeout.java:28)
Caused by: ptolemy.kernel.util.IllegalActionException: Test fails in iteration 1.
Value was: 1.0. Should have been: 2.0
  in .DirectFeedback.Test
	at ptolemy.actor.lib.Test.fire(Test.java:268)
	at ptolemy.domains.de.kernel.DEDirector._fire(DEDirector.java:1949)
	at ptolemy.domains.de.kernel.DEDirector.fire(DEDirector.java:502)
	at ptolemy.actor.CompositeActor.fire(CompositeActor.java:455)
	at ptolemy.actor.Manager.iterate(Manager.java:851)
	at ptolemy.actor.Manager.execute(Manager.java:369)
	at ptolemy.actor.Manager.run(Manager.java:1263)
	at ptolemy.actor.Manager$PtolemyRunThread.run(Manager.java:1915)
java.lang.RuntimeException: Execution failed
	at ptolemy.moml.MoMLSimpleApplication$UnloadThread.run(MoMLSimpleApplication.java:402)
Caused by: ptolemy.kernel.util.IllegalActionException: Found a zero delay loop containing .HierarchicalModel.A
  in .HierarchicalModel and .HierarchicalModel.A
	at ptolemy.actor.util.CausalityInterfaceForComposites._computeOutputPortDepth(CausalityInterfaceForComposites.java:759)
	at ptolemy.actor.util.CausalityInterfaceForComposites._computeInputDepth(CausalityInterfaceForComposites.java:696)
	at ptolemy.actor.util.CausalityInterfaceForComposites._computeOutputPortDepth(CausalityInterfaceForComposites.java:765)
	at ptolemy.actor.util.CausalityInterfaceForComposites._computeInputDepth(CausalityInterfaceForComposites.java:696)
	at ptolemy.actor.util.CausalityInterfaceForComposites._computeOutputPortDepth(CausalityInterfaceForComposites.java:765)
	at ptolemy.actor.util.CausalityInterfaceForComposites._computeInputDepth(CausalityInterfaceForComposites.java:696)
	at ptolemy.actor.util.CausalityInterfaceForComposites._computeActorDepth(CausalityInterfaceForComposites.java:532)
	at ptolemy.actor.util.CausalityInterfaceForComposites.checkForCycles(CausalityInterfaceForComposites.java:96)
	at ptolemy.domains.de.kernel.DEDirector.preinitialize(DEDirector.java:1338)
	at ptolemy.actor.CompositeActor.preinitialize(CompositeActor.java:1828)
	at ptolemy.actor.Manager.preinitializeAndResolveTypes(Manager.java:1040)
	at ptolemy.actor.Manager.initialize(Manager.java:710)
	at ptolemy.actor.Manager.execute(Manager.java:356)
	at ptolemy.actor.Manager.run(Manager.java:1263)
	at ptolemy.actor.Manager$PtolemyRunThread.run(Manager.java:1915)
java.lang.reflect.InvocationTargetException
	at sun.reflect.NativeConstructorAccessorImpl.newInstance0(Native Method)
	at sun.reflect.NativeConstructorAccessorImpl.newInstance(NativeConstructorAccessorImpl.java:62)
	at sun.reflect.DelegatingConstructorAccessorImpl.newInstance(DelegatingConstructorAccessorImpl.java:45)
	at java.lang.reflect.Constructor.newInstance(Constructor.java:423)
	at ptolemy.util.test.junit.AutoKnownFailedTests.RunModel(AutoKnownFailedTests.java:105)
	at sun.reflect.NativeMethodAccessorImpl.invoke0(Native Method)
	at sun.reflect.NativeMethodAccessorImpl.invoke(NativeMethodAccessorImpl.java:62)
	at sun.reflect.DelegatingMethodAccessorImpl.invoke(DelegatingMethodAccessorImpl.java:43)
	at java.lang.reflect.Method.invoke(Method.java:498)
	at org.junit.runners.model.FrameworkMethod$1.runReflectiveCall(FrameworkMethod.java:44)
	at org.junit.internal.runners.model.ReflectiveCallable.run(ReflectiveCallable.java:15)
	at org.junit.runners.model.FrameworkMethod.invokeExplosively(FrameworkMethod.java:41)
	at junitparams.internal.InvokeParameterisedMethod.evaluate(InvokeParameterisedMethod.java:102)
	at org.junit.internal.runners.statements.FailOnTimeout$1.run(FailOnTimeout.java:28)
Caused by: ptolemy.kernel.util.IllegalActionException: Found a zero delay loop containing .HierarchicalModel.A
  in .HierarchicalModel and .HierarchicalModel.A
	at ptolemy.actor.util.CausalityInterfaceForComposites._computeOutputPortDepth(CausalityInterfaceForComposites.java:759)
	at ptolemy.actor.util.CausalityInterfaceForComposites._computeInputDepth(CausalityInterfaceForComposites.java:696)
	at ptolemy.actor.util.CausalityInterfaceForComposites._computeOutputPortDepth(CausalityInterfaceForComposites.java:765)
	at ptolemy.actor.util.CausalityInterfaceForComposites._computeInputDepth(CausalityInterfaceForComposites.java:696)
	at ptolemy.actor.util.CausalityInterfaceForComposites._computeOutputPortDepth(CausalityInterfaceForComposites.java:765)
	at ptolemy.actor.util.CausalityInterfaceForComposites._computeInputDepth(CausalityInterfaceForComposites.java:696)
	at ptolemy.actor.util.CausalityInterfaceForComposites._computeActorDepth(CausalityInterfaceForComposites.java:532)
	at ptolemy.actor.util.CausalityInterfaceForComposites.checkForCycles(CausalityInterfaceForComposites.java:96)
	at ptolemy.domains.de.kernel.DEDirector.preinitialize(DEDirector.java:1338)
	at ptolemy.actor.CompositeActor.preinitialize(CompositeActor.java:1828)
	at ptolemy.actor.Manager.preinitializeAndResolveTypes(Manager.java:1040)
	at ptolemy.actor.Manager.initialize(Manager.java:710)
	at ptolemy.actor.Manager.execute(Manager.java:356)
	at ptolemy.actor.Manager.run(Manager.java:1263)
	at ptolemy.actor.Manager$PtolemyRunThread.run(Manager.java:1915)
java.lang.RuntimeException: Execution failed
	at ptolemy.moml.MoMLSimpleApplication$UnloadThread.run(MoMLSimpleApplication.java:402)
Caused by: ptolemy.kernel.util.IllegalActionException: Found a zero delay loop containing .dependencyLoop.original
  in .dependencyLoop and .dependencyLoop.original
	at ptolemy.actor.util.CausalityInterfaceForComposites._computeOutputPortDepth(CausalityInterfaceForComposites.java:759)
	at ptolemy.actor.util.CausalityInterfaceForComposites._computeInputDepth(CausalityInterfaceForComposites.java:696)
	at ptolemy.actor.util.CausalityInterfaceForComposites._computeOutputPortDepth(CausalityInterfaceForComposites.java:765)
	at ptolemy.actor.util.CausalityInterfaceForComposites._computeInputDepth(CausalityInterfaceForComposites.java:696)
	at ptolemy.actor.util.CausalityInterfaceForComposites._computeOutputPortDepth(CausalityInterfaceForComposites.java:765)
	at ptolemy.actor.util.CausalityInterfaceForComposites._computeInputDepth(CausalityInterfaceForComposites.java:696)
	at ptolemy.actor.util.CausalityInterfaceForComposites._computeActorDepth(CausalityInterfaceForComposites.java:532)
	at ptolemy.actor.util.CausalityInterfaceForComposites.checkForCycles(CausalityInterfaceForComposites.java:96)
	at ptolemy.domains.de.kernel.DEDirector.preinitialize(DEDirector.java:1338)
	at ptolemy.actor.CompositeActor.preinitialize(CompositeActor.java:1828)
	at ptolemy.actor.Manager.preinitializeAndResolveTypes(Manager.java:1040)
	at ptolemy.actor.Manager.initialize(Manager.java:710)
	at ptolemy.actor.Manager.execute(Manager.java:356)
	at ptolemy.actor.Manager.run(Manager.java:1263)
	at ptolemy.actor.Manager$PtolemyRunThread.run(Manager.java:1915)
java.lang.reflect.InvocationTargetException
	at sun.reflect.NativeConstructorAccessorImpl.newInstance0(Native Method)
	at sun.reflect.NativeConstructorAccessorImpl.newInstance(NativeConstructorAccessorImpl.java:62)
	at sun.reflect.DelegatingConstructorAccessorImpl.newInstance(DelegatingConstructorAccessorImpl.java:45)
	at java.lang.reflect.Constructor.newInstance(Constructor.java:423)
	at ptolemy.util.test.junit.AutoKnownFailedTests.RunModel(AutoKnownFailedTests.java:105)
	at sun.reflect.NativeMethodAccessorImpl.invoke0(Native Method)
	at sun.reflect.NativeMethodAccessorImpl.invoke(NativeMethodAccessorImpl.java:62)
	at sun.reflect.DelegatingMethodAccessorImpl.invoke(DelegatingMethodAccessorImpl.java:43)
	at java.lang.reflect.Method.invoke(Method.java:498)
	at org.junit.runners.model.FrameworkMethod$1.runReflectiveCall(FrameworkMethod.java:44)
	at org.junit.internal.runners.model.ReflectiveCallable.run(ReflectiveCallable.java:15)
	at org.junit.runners.model.FrameworkMethod.invokeExplosively(FrameworkMethod.java:41)
	at junitparams.internal.InvokeParameterisedMethod.evaluate(InvokeParameterisedMethod.java:102)
	at org.junit.internal.runners.statements.FailOnTimeout$1.run(FailOnTimeout.java:28)
Caused by: ptolemy.kernel.util.IllegalActionException: Found a zero delay loop containing .dependencyLoop.original
  in .dependencyLoop and .dependencyLoop.original
	at ptolemy.actor.util.CausalityInterfaceForComposites._computeOutputPortDepth(CausalityInterfaceForComposites.java:759)
	at ptolemy.actor.util.CausalityInterfaceForComposites._computeInputDepth(CausalityInterfaceForComposites.java:696)
	at ptolemy.actor.util.CausalityInterfaceForComposites._computeOutputPortDepth(CausalityInterfaceForComposites.java:765)
	at ptolemy.actor.util.CausalityInterfaceForComposites._computeInputDepth(CausalityInterfaceForComposites.java:696)
	at ptolemy.actor.util.CausalityInterfaceForComposites._computeOutputPortDepth(CausalityInterfaceForComposites.java:765)
	at ptolemy.actor.util.CausalityInterfaceForComposites._computeInputDepth(CausalityInterfaceForComposites.java:696)
	at ptolemy.actor.util.CausalityInterfaceForComposites._computeActorDepth(CausalityInterfaceForComposites.java:532)
	at ptolemy.actor.util.CausalityInterfaceForComposites.checkForCycles(CausalityInterfaceForComposites.java:96)
	at ptolemy.domains.de.kernel.DEDirector.preinitialize(DEDirector.java:1338)
	at ptolemy.actor.CompositeActor.preinitialize(CompositeActor.java:1828)
	at ptolemy.actor.Manager.preinitializeAndResolveTypes(Manager.java:1040)
	at ptolemy.actor.Manager.initialize(Manager.java:710)
	at ptolemy.actor.Manager.execute(Manager.java:356)
	at ptolemy.actor.Manager.run(Manager.java:1263)
	at ptolemy.actor.Manager$PtolemyRunThread.run(Manager.java:1915)
java.lang.RuntimeException: Execution failed
	at ptolemy.moml.MoMLSimpleApplication$UnloadThread.run(MoMLSimpleApplication.java:402)
Caused by: ptolemy.kernel.util.IllegalActionException: Found a zero delay loop containing .dependencyLoop2.original
  in .dependencyLoop2 and .dependencyLoop2.original
	at ptolemy.actor.util.CausalityInterfaceForComposites._computeOutputPortDepth(CausalityInterfaceForComposites.java:759)
	at ptolemy.actor.util.CausalityInterfaceForComposites._computeInputDepth(CausalityInterfaceForComposites.java:696)
	at ptolemy.actor.util.CausalityInterfaceForComposites._computeOutputPortDepth(CausalityInterfaceForComposites.java:765)
	at ptolemy.actor.util.CausalityInterfaceForComposites._computeInputDepth(CausalityInterfaceForComposites.java:696)
	at ptolemy.actor.util.CausalityInterfaceForComposites._computeOutputPortDepth(CausalityInterfaceForComposites.java:765)
	at ptolemy.actor.util.CausalityInterfaceForComposites._computeInputDepth(CausalityInterfaceForComposites.java:696)
	at ptolemy.actor.util.CausalityInterfaceForComposites._computeActorDepth(CausalityInterfaceForComposites.java:532)
	at ptolemy.actor.util.CausalityInterfaceForComposites.checkForCycles(CausalityInterfaceForComposites.java:96)
	at ptolemy.domains.de.kernel.DEDirector.preinitialize(DEDirector.java:1338)
	at ptolemy.actor.CompositeActor.preinitialize(CompositeActor.java:1828)
	at ptolemy.actor.Manager.preinitializeAndResolveTypes(Manager.java:1040)
	at ptolemy.actor.Manager.initialize(Manager.java:710)
	at ptolemy.actor.Manager.execute(Manager.java:356)
	at ptolemy.actor.Manager.run(Manager.java:1263)
	at ptolemy.actor.Manager$PtolemyRunThread.run(Manager.java:1915)
java.lang.reflect.InvocationTargetException
	at sun.reflect.NativeConstructorAccessorImpl.newInstance0(Native Method)
	at sun.reflect.NativeConstructorAccessorImpl.newInstance(NativeConstructorAccessorImpl.java:62)
	at sun.reflect.DelegatingConstructorAccessorImpl.newInstance(DelegatingConstructorAccessorImpl.java:45)
	at java.lang.reflect.Constructor.newInstance(Constructor.java:423)
	at ptolemy.util.test.junit.AutoKnownFailedTests.RunModel(AutoKnownFailedTests.java:105)
	at sun.reflect.NativeMethodAccessorImpl.invoke0(Native Method)
	at sun.reflect.NativeMethodAccessorImpl.invoke(NativeMethodAccessorImpl.java:62)
	at sun.reflect.DelegatingMethodAccessorImpl.invoke(DelegatingMethodAccessorImpl.java:43)
	at java.lang.reflect.Method.invoke(Method.java:498)
	at org.junit.runners.model.FrameworkMethod$1.runReflectiveCall(FrameworkMethod.java:44)
	at org.junit.internal.runners.model.ReflectiveCallable.run(ReflectiveCallable.java:15)
	at org.junit.runners.model.FrameworkMethod.invokeExplosively(FrameworkMethod.java:41)
	at junitparams.internal.InvokeParameterisedMethod.evaluate(InvokeParameterisedMethod.java:102)
	at org.junit.internal.runners.statements.FailOnTimeout$1.run(FailOnTimeout.java:28)
Caused by: ptolemy.kernel.util.IllegalActionException: Found a zero delay loop containing .dependencyLoop2.original
  in .dependencyLoop2 and .dependencyLoop2.original
	at ptolemy.actor.util.CausalityInterfaceForComposites._computeOutputPortDepth(CausalityInterfaceForComposites.java:759)
	at ptolemy.actor.util.CausalityInterfaceForComposites._computeInputDepth(CausalityInterfaceForComposites.java:696)
	at ptolemy.actor.util.CausalityInterfaceForComposites._computeOutputPortDepth(CausalityInterfaceForComposites.java:765)
	at ptolemy.actor.util.CausalityInterfaceForComposites._computeInputDepth(CausalityInterfaceForComposites.java:696)
	at ptolemy.actor.util.CausalityInterfaceForComposites._computeOutputPortDepth(CausalityInterfaceForComposites.java:765)
	at ptolemy.actor.util.CausalityInterfaceForComposites._computeInputDepth(CausalityInterfaceForComposites.java:696)
	at ptolemy.actor.util.CausalityInterfaceForComposites._computeActorDepth(CausalityInterfaceForComposites.java:532)
	at ptolemy.actor.util.CausalityInterfaceForComposites.checkForCycles(CausalityInterfaceForComposites.java:96)
	at ptolemy.domains.de.kernel.DEDirector.preinitialize(DEDirector.java:1338)
	at ptolemy.actor.CompositeActor.preinitialize(CompositeActor.java:1828)
	at ptolemy.actor.Manager.preinitializeAndResolveTypes(Manager.java:1040)
	at ptolemy.actor.Manager.initialize(Manager.java:710)
	at ptolemy.actor.Manager.execute(Manager.java:356)
	at ptolemy.actor.Manager.run(Manager.java:1263)
	at ptolemy.actor.Manager$PtolemyRunThread.run(Manager.java:1915)
]]></system-err>
</testsuite>
