<?xml version="1.0" encoding="UTF-8" ?>
<testsuite errors="0" failures="0" hostname="travis-job-f099ea09-a828-4b4e-a11a-18b81091c044" name="ptolemy.domains.de.test.junit.JUnitTclTest" skipped="0" tests="101" time="134.277" timestamp="2019-10-12T06:05:14">
  <properties>
    <property name="npm.executable" value="npm" />
    <property name="env.TRAVIS_ROOT" value="/" />
    <property name="ptII.mk.exists" value="true" />
    <property name="env.TRAVIS_APP_HOST" value="build.travis-ci.org" />
    <property name="env.rvm_bin_path" value="/home/travis/.rvm/bin" />
    <property name="java.home" value="/usr/local/lib/jvm/openjdk11" />
    <property name="env.TRAVIS_JOB_NUMBER" value="1361.9" />
    <property name="env.TRAVIS_HOME" value="/home/travis" />
    <property name="env.DISPLAY" value=":99.0" />
    <property name="env.TRAVIS_INIT" value="systemd" />
    <property name="env.SSH_TTY" value="/dev/pts/0" />
    <property name="java.net.preferIPv4Stack" value="true" />
    <property name="env.RUN_TESTS" value="true" />
    <property name="timeout.short" value="1000000" />
    <property name="junit.formatter" value="xml" />
    <property name="env.TRAVIS_SUDO" value="true" />
    <property name="env.TRAVIS_JOB_NAME" value="" />
    <property name="env.TRAVIS_STACK_NODE_ATTRIBUTES" value="/.node-attributes.yml" />
    <property name="env.LOGNAME" value="travis" />
    <property name="jsdoc.home" value="node_modules/@terraswarm/jsdoc" />
    <property name="debuglevel" value="source,lines,vars" />
    <property name="checkstyle.formatter" value="xml" />
    <property name="env._system_version" value="16.04" />
    <property name="bin.vergil.makeable" value="true" />
    <property name="sun.os.patch.level" value="unknown" />
    <property name="java.vendor.url" value="http://java.oracle.com/" />
    <property name="env.TRAVIS_BUILD_WEB_URL" value="https://travis-ci.org/icyphy/ptII/builds/596891889" />
    <property name="java.version" value="11.0.2" />
    <property name="env.TZ" value="UTC" />
    <property name="env.TRAVIS_PULL_REQUEST_SHA" value="" />
    <property name="env.PT_NO_NET" value="true" />
    <property name="env.TRAVIS_SECURE_ENV_VARS" value="true" />
    <property name="env._system_type" value="Linux" />
    <property name="java.vendor.url.bug" value="http://bugreport.java.com/bugreport/" />
    <property name="npmjs-org-is-up" value="true" />
    <property name="env.LANGUAGE" value="en_US.UTF-8" />
    <property name="env.SSH_CLIENT" value="10.16.6.15 52820 22" />
    <property name="env.GEM_HOME" value="/home/travis/.rvm/gems/ruby-2.5.3" />
    <property name="env.HAS_ANTARES_THREE_LITTLE_FRONZIES_BADGE" value="true" />
    <property name="java.version.date" value="2019-01-15" />
    <property name="env.PS4" value="+" />
    <property name="ant.project.invoked-targets" value="build,test.core2.xml" />
    <property name="env.TRAVIS_PULL_REQUEST_BRANCH" value="" />
    <property name="env.TRAVIS_REPO_SLUG" value="icyphy/ptII" />
    <property name="env.XDG_DATA_DIRS" value="/usr/local/share:/usr/share:/var/lib/snapd/desktop" />
    <property name="jdk.debug" value="release" />
    <property name="env.TRAVIS_APT_PROXY" value="http://apt.cache.travis-ci.com" />
    <property name="node.in.path" value="true" />
    <property name="user.name" value="travis" />
    <property name="java.maxmemory" value="1400m" />
    <property name="env.RUBY_VERSION" value="ruby-2.5.3" />
    <property name="env.LANG" value="en_US.UTF-8" />
    <property name="sun.io.unicode.encoding" value="UnicodeLittle" />
    <property name="sun.jnu.encoding" value="UTF-8" />
    <property name="java.runtime.name" value="OpenJDK Runtime Environment" />
    <property name="usefile" value="false" />
    <property name="return.code" value="0" />
    <property name="junit.single.formatter" value="plain" />
    <property name="env.DYLD_LIBRARY_PATH" value="/home/travis/pthla/certi-tools/lib:" />
    <property name="env.DEBIAN_FRONTEND" value="noninteractive" />
    <property name="env.SSH_CONNECTION" value="10.16.6.15 52820 10.20.1.42 22" />
    <property name="env.MYSQL_UNIX_PORT" value="/var/run/mysqld/mysqld.sock" />
    <property name="env.LC_ALL" value="en_US.UTF-8" />
    <property name="env.TRAVIS_ALLOW_FAILURE" value="false" />
    <property name="env.TRAVIS_JOB_WEB_URL" value="https://travis-ci.org/icyphy/ptII/jobs/596891898" />
    <property name="java.specification.name" value="Java Platform API Specification" />
    <property name="node.works" value="true" />
    <property name="user.timezone" value="" />
    <property name="path.separator" value=":" />
    <property name="env.TRAVIS_ENABLE_INFRA_DETECTION" value="true" />
    <property name="env.PYTHON_CFLAGS" value="-g -fstack-protector --param=ssp-buffer-size=4 -Wformat -Werror=format-security" />
    <property name="timeout.long" value="4000000" />
    <property name="env.CERTI_HOME" value="/home/travis/pthla/certi-tools" />
    <property name="ant.file.ptII" value="/home/travis/build/icyphy/ptII/build.xml" />
    <property name="javadoc.packagenames" value="com.*,diva.*,lbnl.*,org.hlacerti.*,org.json.*,org.ptolemy.*,org.terraswarm.*,ptolemy.*,ptserver.*" />
    <property name="file.encoding" value="UTF-8" />
    <property name="env.TRAVIS_PULL_REQUEST_SLUG" value="" />
    <property name="ant.project.default-target" value="build" />
    <property name="env.GIT_ASKPASS" value="echo" />
    <property name="env.HOME" value="/home/travis" />
    <property name="sun.java.command" value="org.apache.tools.ant.taskdefs.optional.junit.JUnitTestRunner ptolemy.domains.de.test.junit.JUnitTclTest skipNonTests=false filtertrace=true haltOnError=false haltOnFailure=false formatter=org.apache.tools.ant.taskdefs.optional.junit.OutErrSummaryJUnitResultFormatter showoutput=true outputtoformatters=true logfailedtests=true threadid=0 logtestlistenerevents=false formatter=org.apache.tools.ant.taskdefs.optional.junit.XMLJUnitResultFormatter,/home/travis/build/icyphy/ptII/reports/junit/TEST-ptolemy.domains.de.test.junit.JUnitTclTest.xml crashfile=/home/travis/build/icyphy/ptII/junitvmwatcher12317697759566095832.properties propsfile=/home/travis/build/icyphy/ptII/junit6249860946238316207.properties" />
    <property name="env.COMPOSER_NO_INTERACTION" value="1" />
    <property name="env.MANPATH" value="/home/travis/.nvm/versions/node/v7.10.1/share/man:/home/travis/.rvm/rubies/ruby-2.5.3/share/man:/usr/local/cmake-3.12.4/man:/usr/local/clang-7.0.0/share/man:/usr/local/man:/usr/local/share/man:/usr/share/man:/home/travis/.rvm/man" />
    <property name="env.TRAVIS_TIMER_ID" value="0f753150" />
    <property name="ant.file" value="/home/travis/build/icyphy/ptII/build.xml" />
    <property name="env.TRAVIS_COMMIT_RANGE" value="88f03a27763bfaa83d68e8c126d7dc69b4b351f6...948bf656f66248ff65af09b7e6cc9885ef1f544d" />
    <property name="env._system_name" value="Ubuntu" />
    <property name="ptII.classpath.optional.property" value="/home/travis/build/icyphy/ptII/lib/bsh-2.0b4.jar:/home/travis/build/icyphy/ptII/lib/ptCal.jar:/home/travis/build/icyphy/ptII/lib/java_cup.jar:/home/travis/build/icyphy/ptII/lib/saxon8.jar:/home/travis/build/icyphy/ptII/lib/saxon8-dom.jar:/home/travis/build/icyphy/ptII/lib/chic.jar:/home/travis/build/icyphy/ptII/lib/ptcolt.jar:/home/travis/build/icyphy/ptII/vendors/misc/itext/iText.jar:/home/travis/build/icyphy/ptII/lib/g4ltl.jar:/home/travis/build/icyphy/ptII/lib/StructuralCoder.jar:/home/travis/build/icyphy/ptII/lib/jcerti.jar:/home/travis/build/icyphy/ptII/lib/javax.mail.jar:/home/travis/build/icyphy/ptII/vendors/JMF-2.1.1e/lib/jmf.jar:/home/travis/build/icyphy/ptII/lib/jna-4.0.0-variadic.jar:/home/travis/build/icyphy/ptII/vendors/misc/joystick/Joystick.jar:/home/travis/build/icyphy/ptII/lib/ptjacl.jar:/home/travis/build/icyphy/ptII/lib/jsoup-1.8.2.jar:/home/travis/build/icyphy/ptII/lib/junit-4.8.2.jar:/home/travis/build/icyphy/ptII/lib/JUnitParams-0.4.0.jar:/home/travis/build/icyphy/ptII/ptolemy/actor/lib/excel/jxl.jar:/home/travis/build/icyphy/ptII/lib/jython.jar:/home/travis/build/icyphy/ptII/lib/kieler.jar:/home/travis/build/icyphy/ptII/vendors/opencv/share/OpenCV/java/opencv-341.jar:/home/travis/build/icyphy/ptII/lib/oscP5.jar:/home/travis/build/icyphy/ptII/lib/nrjavaserial-3.11.0.devel.jar:/home/travis/build/icyphy/ptII/vendors/j3d/lib/Linux/j3dcore.jar:/home/travis/build/icyphy/ptII/vendors/j3d/lib/Linux/j3dutils.jar:/home/travis/build/icyphy/ptII/vendors/j3d/lib/Linux/vecmath.jar:/home/travis/build/icyphy/ptII/vendors/jogl/lib/Linux/gluegen-rt-natives-linux-amd64.jar:/home/travis/build/icyphy/ptII/vendors/jogl/lib/Linux/gluegen-rt.jar:/home/travis/build/icyphy/ptII/vendors/jogl/lib/Linux/jogl-all-natives-linux-amd64.jar:/home/travis/build/icyphy/ptII/vendors/jogl/lib/Linux/jogl-all.jar:/home/travis/build/icyphy/ptII/ptolemy/distributed/jini/jar/jini-core.jar:/home/travis/build/icyphy/ptII/ptolemy/distributed/jini/jar/jini-ext.jar:/home/travis/build/icyphy/ptII/ptolemy/distributed/jini/jar/sun-util.jar:/home/travis/build/icyphy/ptII/lib/protobuf-java-2.4.1.jar:/home/travis/build/icyphy/ptII/lib/org.eclipse.paho.client.mqttv3.jar:/home/travis/build/icyphy/ptII/lib/mapss.jar:/home/travis/build/icyphy/ptII/ptolemy/actor/ptalon/antlr/antlr.jar:/home/travis/build/icyphy/ptII/lib/JRI.jar:/home/travis/build/icyphy/ptII/lib/commons-lang-2.6.jar:/home/travis/build/icyphy/ptII/lib/commons-logging-1.1.1.jar:/home/travis/build/icyphy/ptII/lib/sootclasses.jar:/home/travis/build/icyphy/ptII/ptolemy/actor/lib/database/mysql-connector-java-5.1.6-bin.jar:/home/travis/build/icyphy/ptII/vendors/misc/sphinx4/sphinx4-data-5prealpha.jar:/home/travis/build/icyphy/ptII/vendors/misc/sphinx4/sphinx4-core-5prealpha.jar:/home/travis/build/icyphy/ptII/lib/PDFRenderer.jar:/home/travis/build/icyphy/ptII/lib/svgSalamander.jar:/home/travis/build/icyphy/ptII/lib/rsyntaxtextarea-2.6.0-SNAPSHOT.jar:/home/travis/build/icyphy/ptII/lib/hazelcast-3.8.2.jar:/home/travis/build/icyphy/ptII/lib/jackson-annotations-2.9.0.jar:/home/travis/build/icyphy/ptII/lib/jackson-core-2.9.3.jar:/home/travis/build/icyphy/ptII/lib/jackson-databind-2.9.3.jar:/home/travis/build/icyphy/ptII/lib/netty-buffer-4.1.19.Final.jar:/home/travis/build/icyphy/ptII/lib/netty-codec-4.1.19.Final.jar:/home/travis/build/icyphy/ptII/lib/netty-codec-dns-4.1.19.Final.jar:/home/travis/build/icyphy/ptII/lib/netty-codec-http-4.1.19.Final.jar:/home/travis/build/icyphy/ptII/lib/netty-codec-http2-4.1.19.Final.jar:/home/travis/build/icyphy/ptII/lib/netty-common-4.1.19.Final.jar:/home/travis/build/icyphy/ptII/lib/netty-handler-4.1.19.Final.jar:/home/travis/build/icyphy/ptII/lib/netty-resolver-4.1.19.Final.jar:/home/travis/build/icyphy/ptII/lib/netty-resolver-dns-4.1.19.Final.jar:/home/travis/build/icyphy/ptII/lib/netty-transport-4.1.19.Final.jar:/home/travis/build/icyphy/ptII/lib/vertx-codegen-3.5.1.jar:/home/travis/build/icyphy/ptII/lib/vertx-core-3.5.2-SNAPSHOT.jar:/home/travis/build/icyphy/ptII/lib/vertx-hazelcast-3.5.1.jar:/home/travis/build/icyphy/ptII/lib/vertx-lang-js-3.5.1.jar:/home/travis/build/icyphy/ptII/lib/vertx-service-proxy-3.5.1.jar:/home/travis/build/icyphy/ptII/lib/vertx-web-3.5.1.jar:/home/travis/build/icyphy/ptII/lib/slf4j-api-1.7.13.jar:/home/travis/build/icyphy/ptII/lib/slf4j-simple-1.7.13.jar:/home/travis/build/icyphy/ptII/lib/webcam-capture-0.3.12.jar:/home/travis/build/icyphy/ptII/lib/bridj-0.7.0.jar:/home/travis/build/icyphy/ptII/lib/xbjlib-1.1.0.nrjavaserial.jar" />
    <property name="timeout" value="2400000" />
    <property name="test.batch" value="**/junit/*.java" />
    <property name="env._" value="/usr/bin/timeout" />
    <property name="java.io.tmpdir" value="/tmp" />
    <property name="user.language" value="en" />
    <property name="env.TRAVIS_INTERNAL_RUBY_REGEX" value="^ruby-(2\.[0-4]\.[0-9]|1\.9\.3)" />
    <property name="env.HISTCONTROL" value="ignoredups:ignorespace" />
    <property name="env.GOROOT" value="/home/travis/.gimme/versions/go1.11.1.linux.amd64" />
    <property name="line.separator" value="&#xa;" />
    <property name="target" value="11" />
    <property name="env.TRAVIS_BUILD_DIR" value="/home/travis/build/icyphy/ptII" />
    <property name="env.ANT_OPTS" value="-Xmx2048m" />
    <property name="ant.file.type" value="file" />
    <property name="ptolemy.ptII.batchMode" value="true" />
    <property name="env.HISTSIZE" value="1000" />
    <property name="env.MERB_ENV" value="test" />
    <property name="java.vm.info" value="mixed mode" />
    <property name="source" value="11" />
    <property name="java.vm.specification.name" value="Java Virtual Machine Specification" />
    <property name="env.TRAVIS_TEST_RESULT" value="0" />
    <property name="jsdoc.command" value="node_modules/@terraswarm/jsdoc/jsdoc.js" />
    <property name="npm.works" value="true" />
    <property name="cobertura.dir" value="/home/travis/build/icyphy/ptII/vendors/cobertura-2.0.3" />
    <property name="jsdoc.command.exists" value="true" />
    <property name="env.rvm_path" value="/home/travis/.rvm" />
    <property name="env.GEM_PATH" value="/home/travis/.rvm/gems/ruby-2.5.3:/home/travis/.rvm/gems/ruby-2.5.3@global" />
    <property name="env.LC_CTYPE" value="en_US.UTF-8" />
    <property name="env.TRAVIS_CMD" value="$PTII/bin/ptIITravisBuild.sh $SECONDS" />
    <property name="java.awt.printerjob" value="sun.print.PSPrinterJob" />
    <property name="env.TRAVIS_STACK_NAME" value="sardonyx" />
    <property name="env.TRAVIS_TIMER_START_TIME" value="1570860074287550311" />
    <property name="ant.version" value="Apache Ant(TM) version 1.10.1 compiled on February 2 2017" />
    <property name="ptII.reports" value="/home/travis/build/icyphy/ptII/reports" />
    <property name="env.TRAVIS_STACK_TIMESTAMP" value="2019-03-25 16:16:56 UTC" />
    <property name="ant.file.type.ptII" value="file" />
    <property name="env.RBENV_SHELL" value="bash" />
    <property name="os.name" value="Linux" />
    <property name="java.specification.vendor" value="Oracle Corporation" />
    <property name="env.rvm_version" value="1.29.7 (latest)" />
    <property name="env.TRAVIS_INFRA" value="gce" />
    <property name="env.TERM" value="xterm" />
    <property name="java.vm.name" value="OpenJDK 64-Bit Server VM" />
    <property name="env.TRAVIS_BUILD_NUMBER" value="1361" />
    <property name="env.CI" value="true" />
    <property name="java.library.path" value="/home/travis/pthla/certi-tools/lib:/usr/lib/jni:/usr/local/share/OpenCV/java/:/usr/share/OpenCV/java::/usr/java/packages/lib:/usr/lib64:/lib64:/lib:/usr/lib" />
    <property name="jdk.module.path" value="/home/travis/build/icyphy/ptII/vendors/javafx/javafx-sdk-11.0.2/lib:" />
    <property name="env.rvm_prefix" value="/home/travis" />
    <property name="env.PATH" value="/home/travis/pthla/certi-tools/share/scripts:/home/travis/.rvm/gems/ruby-2.5.3/bin:/home/travis/.rvm/gems/ruby-2.5.3@global/bin:/home/travis/.rvm/rubies/ruby-2.5.3/bin:/home/travis/.rvm/bin:/home/travis/.nvm/versions/node/v7.10.1/bin:./node_modules/.bin:/home/travis/build/icyphy/ptII/bin:/home/travis/pthla/certi-tools/bin:/home/travis/bin:/home/travis/.local/bin:/usr/local/lib/jvm/openjdk11/bin:/opt/pyenv/shims:/home/travis/.phpenv/shims:/home/travis/perl5/perlbrew/bin:/home/travis/gopath/bin:/home/travis/.gimme/versions/go1.11.1.linux.amd64/bin:/usr/local/maven-3.6.0/bin:/usr/local/cmake-3.12.4/bin:/usr/local/clang-7.0.0/bin:/usr/local/sbin:/usr/local/bin:/usr/sbin:/usr/bin:/sbin:/bin:/snap/bin:/home/travis/.phpenv/bin:/opt/pyenv/bin:/home/travis/.yarn/bin" />
    <property name="env.TRAVIS_OS_NAME" value="linux" />
    <property name="ant.java.version" value="9" />
    <property name="basedir" value="/home/travis/build/icyphy/ptII" />
    <property name="java.class.version" value="55.0" />
    <property name="env.SHLVL" value="3" />
    <property name="env.LD_LIBRARY_PATH" value="/home/travis/pthla/certi-tools/lib:/usr/lib/jni:/usr/local/share/OpenCV/java/:/usr/share/OpenCV/java:" />
    <property name="env.RACK_ENV" value="test" />
    <property name="ant.home" value="/home/travis/build/icyphy/ptII/ant" />
    <property name="env.NVM_DIR" value="/home/travis/.nvm" />
    <property name="env.CERTI_FOM_PATH" value="/home/travis/pthla/certi-tools/share/federations" />
    <property name="env.TRAVIS_BUILD_ID" value="596891889" />
    <property name="env.PYENV_ROOT" value="/opt/pyenv" />
    <property name="env.TRAVIS_UID" value="2000" />
    <property name="prism.verbose" value="true" />
    <property name="env.NVM_BIN" value="/home/travis/.nvm/versions/node/v7.10.1/bin" />
    <property name="env.TRAVIS_COMMIT" value="948bf656f66248ff65af09b7e6cc9885ef1f544d" />
    <property name="env._system_arch" value="x86_64" />
    <property name="node.executable" value="node" />
    <property name="sun.boot.library.path" value="/usr/local/lib/jvm/openjdk11/lib" />
    <property name="sun.management.compiler" value="HotSpot 64-Bit Tiered Compilers" />
    <property name="java.awt.graphicsenv" value="sun.awt.X11GraphicsEnvironment" />
    <property name="env.GOPATH" value="/home/travis/gopath" />
    <property name="ptolemy.ptII.dir" value="/home/travis/build/icyphy/ptII" />
    <property name="env.USER" value="travis" />
    <property name="env.HISTFILESIZE" value="2000" />
    <property name="timeout.longest" value="19000000" />
    <property name="env.PERLBREW_SHELLRC_VERSION" value="0.86" />
    <property name="env.TRAVIS_STACK_FEATURES" value="basic couchdb disabled-ipv6 docker docker-compose elasticsearch firefox go-toolchain google-chrome jdk memcached mongodb mysql nodejs_interpreter perl_interpreter perlbrew phantomjs postgresql python_interpreter redis ruby_interpreter sqlite xserver" />
    <property name="env.TRAVIS_PULL_REQUEST" value="false" />
    <property name="env.PYENV_SHELL" value="bash" />
    <property name="ant.project.name" value="ptII" />
    <property name="env.ANSI_RESET" value="\033[0m" />
    <property name="java.vm.specification.version" value="11" />
    <property name="env.TRAVIS_DIST" value="xenial" />
    <property name="env.CERTI_VERSION" value="4.0.0" />
    <property name="env.CERTI_HOST" value="localhost" />
    <property name="awt.toolkit" value="sun.awt.X11.XToolkit" />
    <property name="env.MY_RUBY_HOME" value="/home/travis/.rvm/rubies/ruby-2.5.3" />
    <property name="sun.cpu.isalist" value="" />
    <property name="env.TRAVIS_TMPDIR" value="/tmp/tmp.EgMGj1gpiy" />
    <property name="java.vm.compressedOopsMode" value="Zero based" />
    <property name="os.version" value="4.15.0-1028-gcp" />
    <property name="user.home" value="/home/travis" />
    <property name="java.vm.vendor" value="Oracle Corporation" />
    <property name="env.TRAVIS_TAG" value="nightly" />
    <property name="env.ANSI_YELLOW" value="\033[33;1m" />
    <property name="env.TRAVIS_FILTERED" value="redirect_io" />
    <property name="env.ANSI_GREEN" value="\033[32;1m" />
    <property name="env.JAVA_HOME" value="/usr/local/lib/jvm/openjdk11" />
    <property name="javadoc.excludepackagenames" value="adm.cvs2svn.*,build.*,config.*,doc.coding.templates.*,jni.test.jni.meaningOfLife.*,jni.test.jni.testDeux.*,jni.test.jni.testTrois.*,org.terraswarm.accessor.accessors.web.node_modules.*,org.terraswarm.accessor.accessors.web.hosts.cordova.demo.*,org.terraswarm.accessor.accessors.web.hosts.cordova.plugins.*,org.terraswarm.accessor.accessors-svn.*,pt-modules.*,ptolemy.apps.agilent.*,ptolemy.apps.anytimecontrol.*,ptolemy.apps.apes.*,ptolemy.apps.charon.*,ptolemy.apps.crazyboard.*,ptolemy.apps.eclipse.*,ptolemy.apps.etherealSting.*,ptolemy.apps.fullscreen.*,ptolemy.apps.giotto.*,ptolemy.apps.ia.*,ptolemy.apps.interfaces.*,ptolemy.apps.jmf.*,ptolemy.apps.kurt.*,ptolemy.apps.kvm.*,ptolemy.apps.lego.*,ptolemy.apps.lejos.*,ptolemy.apps.midp.*,ptolemy.apps.mobileCoding.*,ptolemy.apps.pendulum.*,ptolemy.apps.rijndael.*,ptolemy.apps.robot.*,ptolemy.apps.security.*,ptolemy.apps.sobel.*,ptolemy.apps.soot.*,ptolemy.apps.throttle.*,ptolemy.apps.tini.*,ptolemy.apps.transmission.*,ptolemy.apps.vergil.*,ptolemy.apps.waba.*,ptolemy.apps.websensor.*,ptolemy.apps.webstart.*,ptolemy.apps.xsl.*,ptolemy.apps.zaurus.*,ptolemy.codegen.c.actor.lib.oldJavaFiles.*,ptolemy.codegen.dsp.lib.*,ptolemy.codegen.kernel.newInterfaces.*,ptolemy.codegen.lib.*,ptolemy.copernicus.kernel.fragment.*,ptolemy.copernicus.shallow.cg.*,ptolemy.domains.giotto.demo.Hierarchy.Hierarchy.*,ptolemy.domains.giotto.demo.Multimode.Multimode.*,ptolemy.domains.giotto.demo.Simple.Simple.*,ptolemy.domains.gr.lib.experimental.*,ptolemy.domains.gro.*,ptolemy.domains.pdf.*,ptolemy.domains.ptinyos.demo.Surge.output.*,ptolemy.moml.test.NoPackageActor.java*,ptolemy.plot.adm.*,ptolemy.plot.servlet.*,reports.*,signed.*,src.*,target.*,vendors.*,ptolemy.copernicus.applet.*,ptolemy.media.viewer.*,ptolemy.actor.corba.*,doc.doclets.*,ptolemy.apps.eclipse.awt.*,ptolemy.backtrack.*,ptolemy.backtrack.ast.*,ptolemy.cg.adapter.generic.program.procedural.c.mbed*,ptolemy.homer.*,ptolemy.actor.lib.jai.*,org.ptolemy.scala.*,diva.util.java2d.svg.*,ptolemy.domains.ptinyos.*,ptolemy.actor.lib.fmi.fmipp.*,,org.terraswarm.accessor.accessors.web.node_modules.*,org.terraswarm.accessor.accessors-svn,ptolemy.apps.*,ptolemy.actor.ptalon.demo.ptinyos.SendAndReceiveCnt.output,ptolemy.actor.ptalon.demo.ptinyos.SenseToLeds.output,ptolemy.domains.ptinyos.demo.CntToLedsAndRfm.output,ptolemy.domains.ptinyos.demo.RfmToLeds.output,ptolemy.domains.ptinyos.demo.SendAndReceiveCnt.output,ptolemy.domains.ptinyos.demo.SenseToLeds.output,ptolemy.actor.lib.jjs.modules.udpSocket.*" />
    <property name="env.PTII" value="/home/travis/build/icyphy/ptII" />
    <property name="env.XDG_SESSION_ID" value="2" />
    <property name="keystore" value="ptKeystore" />
    <property name="env.TRAVIS_COMMIT_MESSAGE" value="Updating org.hlacerti.models.StaticMultiInstanceJoker." />
    <property name="junit.output.dir" value="/home/travis/build/icyphy/ptII/reports/junit" />
    <property name="npm.return.code" value="0" />
    <property name="user.dir" value="/home/travis/build/icyphy/ptII/ptolemy/domains/de/test" />
    <property name="env.TRAVIS_NODE_VERSION" value="7" />
    <property name="env.TRAVIS_EVENT_TYPE" value="cron" />
    <property name="env.MAIL" value="/var/mail/travis" />
    <property name="env.PERLBREW_ROOT" value="/home/travis/perl5/perlbrew" />
    <property name="env.PWD" value="/home/travis/build/icyphy/ptII" />
    <property name="timeout.npm" value="45000" />
    <property name="env.PT_TRAVIS_TEST_CORE2_XML" value="true" />
    <property name="env.TRAVIS_ARCH" value="amd64" />
    <property name="sun.cpu.endian" value="little" />
    <property name="env.PAGER" value="cat" />
    <property name="env.TRAVIS_BUILD_STAGE_NAME" value="Test" />
    <property name="env.PERLBREW_HOME" value="/home/travis/.perlbrew" />
    <property name="java.vm.version" value="11.0.2+9" />
    <property name="env.RAILS_ENV" value="test" />
    <property name="java.class.path" value="/home/travis/build/icyphy/ptII:/home/travis/build/icyphy/ptII/lib/bsh-2.0b4.jar:/home/travis/build/icyphy/ptII/lib/ptCal.jar:/home/travis/build/icyphy/ptII/lib/java_cup.jar:/home/travis/build/icyphy/ptII/lib/saxon8.jar:/home/travis/build/icyphy/ptII/lib/saxon8-dom.jar:/home/travis/build/icyphy/ptII/lib/chic.jar:/home/travis/build/icyphy/ptII/lib/ptcolt.jar:/home/travis/build/icyphy/ptII/vendors/misc/itext/iText.jar:/home/travis/build/icyphy/ptII/lib/g4ltl.jar:/home/travis/build/icyphy/ptII/lib/StructuralCoder.jar:/home/travis/build/icyphy/ptII/lib/jcerti.jar:/home/travis/build/icyphy/ptII/lib/javax.mail.jar:/home/travis/build/icyphy/ptII/vendors/JMF-2.1.1e/lib/jmf.jar:/home/travis/build/icyphy/ptII/lib/jna-4.0.0-variadic.jar:/home/travis/build/icyphy/ptII/vendors/misc/joystick/Joystick.jar:/home/travis/build/icyphy/ptII/lib/ptjacl.jar:/home/travis/build/icyphy/ptII/lib/jsoup-1.8.2.jar:/home/travis/build/icyphy/ptII/lib/junit-4.8.2.jar:/home/travis/build/icyphy/ptII/lib/JUnitParams-0.4.0.jar:/home/travis/build/icyphy/ptII/ptolemy/actor/lib/excel/jxl.jar:/home/travis/build/icyphy/ptII/lib/jython.jar:/home/travis/build/icyphy/ptII/lib/kieler.jar:/home/travis/build/icyphy/ptII/vendors/opencv/share/OpenCV/java/opencv-341.jar:/home/travis/build/icyphy/ptII/lib/oscP5.jar:/home/travis/build/icyphy/ptII/lib/nrjavaserial-3.11.0.devel.jar:/home/travis/build/icyphy/ptII/vendors/j3d/lib/Linux/j3dcore.jar:/home/travis/build/icyphy/ptII/vendors/j3d/lib/Linux/j3dutils.jar:/home/travis/build/icyphy/ptII/vendors/j3d/lib/Linux/vecmath.jar:/home/travis/build/icyphy/ptII/vendors/jogl/lib/Linux/gluegen-rt-natives-linux-amd64.jar:/home/travis/build/icyphy/ptII/vendors/jogl/lib/Linux/gluegen-rt.jar:/home/travis/build/icyphy/ptII/vendors/jogl/lib/Linux/jogl-all-natives-linux-amd64.jar:/home/travis/build/icyphy/ptII/vendors/jogl/lib/Linux/jogl-all.jar:/home/travis/build/icyphy/ptII/ptolemy/distributed/jini/jar/jini-core.jar:/home/travis/build/icyphy/ptII/ptolemy/distributed/jini/jar/jini-ext.jar:/home/travis/build/icyphy/ptII/ptolemy/distributed/jini/jar/sun-util.jar:/home/travis/build/icyphy/ptII/lib/protobuf-java-2.4.1.jar:/home/travis/build/icyphy/ptII/lib/org.eclipse.paho.client.mqttv3.jar:/home/travis/build/icyphy/ptII/lib/mapss.jar:/home/travis/build/icyphy/ptII/ptolemy/actor/ptalon/antlr/antlr.jar:/home/travis/build/icyphy/ptII/lib/JRI.jar:/home/travis/build/icyphy/ptII/lib/commons-lang-2.6.jar:/home/travis/build/icyphy/ptII/lib/commons-logging-1.1.1.jar:/home/travis/build/icyphy/ptII/lib/sootclasses.jar:/home/travis/build/icyphy/ptII/ptolemy/actor/lib/database/mysql-connector-java-5.1.6-bin.jar:/home/travis/build/icyphy/ptII/vendors/misc/sphinx4/sphinx4-data-5prealpha.jar:/home/travis/build/icyphy/ptII/vendors/misc/sphinx4/sphinx4-core-5prealpha.jar:/home/travis/build/icyphy/ptII/lib/PDFRenderer.jar:/home/travis/build/icyphy/ptII/lib/svgSalamander.jar:/home/travis/build/icyphy/ptII/lib/rsyntaxtextarea-2.6.0-SNAPSHOT.jar:/home/travis/build/icyphy/ptII/lib/hazelcast-3.8.2.jar:/home/travis/build/icyphy/ptII/lib/jackson-annotations-2.9.0.jar:/home/travis/build/icyphy/ptII/lib/jackson-core-2.9.3.jar:/home/travis/build/icyphy/ptII/lib/jackson-databind-2.9.3.jar:/home/travis/build/icyphy/ptII/lib/netty-buffer-4.1.19.Final.jar:/home/travis/build/icyphy/ptII/lib/netty-codec-4.1.19.Final.jar:/home/travis/build/icyphy/ptII/lib/netty-codec-dns-4.1.19.Final.jar:/home/travis/build/icyphy/ptII/lib/netty-codec-http-4.1.19.Final.jar:/home/travis/build/icyphy/ptII/lib/netty-codec-http2-4.1.19.Final.jar:/home/travis/build/icyphy/ptII/lib/netty-common-4.1.19.Final.jar:/home/travis/build/icyphy/ptII/lib/netty-handler-4.1.19.Final.jar:/home/travis/build/icyphy/ptII/lib/netty-resolver-4.1.19.Final.jar:/home/travis/build/icyphy/ptII/lib/netty-resolver-dns-4.1.19.Final.jar:/home/travis/build/icyphy/ptII/lib/netty-transport-4.1.19.Final.jar:/home/travis/build/icyphy/ptII/lib/vertx-codegen-3.5.1.jar:/home/travis/build/icyphy/ptII/lib/vertx-core-3.5.2-SNAPSHOT.jar:/home/travis/build/icyphy/ptII/lib/vertx-hazelcast-3.5.1.jar:/home/travis/build/icyphy/ptII/lib/vertx-lang-js-3.5.1.jar:/home/travis/build/icyphy/ptII/lib/vertx-service-proxy-3.5.1.jar:/home/travis/build/icyphy/ptII/lib/vertx-web-3.5.1.jar:/home/travis/build/icyphy/ptII/lib/slf4j-api-1.7.13.jar:/home/travis/build/icyphy/ptII/lib/slf4j-simple-1.7.13.jar:/home/travis/build/icyphy/ptII/lib/webcam-capture-0.3.12.jar:/home/travis/build/icyphy/ptII/lib/bridj-0.7.0.jar:/home/travis/build/icyphy/ptII/lib/xbjlib-1.1.0.nrjavaserial.jar:/home/travis/build/icyphy/ptII/ptolemy/moml/test:/home/travis/build/icyphy/ptII/ant/lib/ant-launcher.jar:/home/travis/build/icyphy/ptII/ant/lib/ant.jar:/home/travis/build/icyphy/ptII/ant/lib/ant-junit.jar:/home/travis/build/icyphy/ptII/ant/lib/ant-junit4.jar" />
    <property name="ant.library.dir" value="/home/travis/build/icyphy/ptII/ant/lib" />
    <property name="os.arch" value="amd64" />
    <property name="env.CONTINUOUS_INTEGRATION" value="true" />
    <property name="env.TRAVIS_LANGUAGE" value="node_js" />
    <property name="env.TRAVIS_STACK_LANGUAGES" value="__sardonyx__ c c++ clojure cplusplus cpp default generic go groovy java node_js php pure_java python ruby scala" />
    <property name="test.name" value="ptolemy.actor.lib.test.junit.JUnitTclTest" />
    <property name="env.APT_KEY_DONT_WARN_ON_DANGEROUS_USAGE" value="1" />
    <property name="sun.java.launcher" value="SUN_STANDARD" />
    <property name="env.PYTHON_CONFIGURE_OPTS" value="--enable-unicode=ucs4 --with-wide-unicode --enable-shared --enable-ipv6 --enable-loadable-sqlite-extensions --with-computed-gotos" />
    <property name="ant.core.lib" value="/home/travis/build/icyphy/ptII/ant/lib/ant.jar" />
    <property name="java.vm.specification.vendor" value="Oracle Corporation" />
    <property name="env.BCVTB_HOME" value="/home/travis/build/icyphy/ptII/lbnl" />
    <property name="file.separator" value="/" />
    <property name="spotbugs.home" value="/home/travis/build/icyphy/ptII/vendors/spotbugs-3.1.1" />
    <property name="java.runtime.version" value="11.0.2+9" />
    <property name="env.ANSI_CLEAR" value="\033[0K" />
    <property name="javafx.verbose" value="true" />
    <property name="env.HAS_JOSH_K_SEAL_OF_APPROVAL" value="true" />
    <property name="env.XDG_RUNTIME_DIR" value="/run/user/2000" />
    <property name="env.TRAVIS_OSX_IMAGE" value="" />
    <property name="env.TRAVIS_JOB_ID" value="596891898" />
    <property name="env.TRAVIS_BRANCH" value="master" />
    <property name="user.country" value="US" />
    <property name="env.CERTI_HOME_TRAVIS" value="/home/travis/pthla/certi-tools" />
    <property name="env.SHELL" value="/bin/bash" />
    <property name="java.maxmemory.large" value="3200m" />
    <property name="model" value="" />
    <property name="env.CASHER_DIR" value="/home/travis/.casher" />
    <property name="env.NVM_CD_FLAGS" value="" />
    <property name="java.vendor.version" value="18.9" />
    <property name="jshint.executable" value="/home/travis/node_modules/jshint/bin/jshint" />
    <property name="env.JRUBY_OPTS" value=" --client -J-XX:+TieredCompilation -J-XX:TieredStopAtLevel=1 -J-Xss2m -Xcompile.invokedynamic=false" />
    <property name="java.vendor" value="Oracle Corporation" />
    <property name="env.TRAVIS_PRE_CHEF_BOOTSTRAP_TIME" value="2019-03-25T16:16:42" />
    <property name="env.TRAVIS_STACK_JOB_BOARD_REGISTER" value="/.job-board-register.yml" />
    <property name="env.ANSI_RED" value="\033[31;1m" />
    <property name="java.specification.version" value="11" />
    <property name="env.IRBRC" value="/home/travis/.rvm/rubies/ruby-2.5.3/.irbrc" />
    <property name="env.TRAVIS" value="true" />
    <property name="sun.arch.data.model" value="64" />
  </properties>
  <testcase classname="ptolemy.util.test.junit.TclTests" name="[0] /home/travis/build/icyphy/ptII/ptolemy/domains/de/test/DependencyLoop.tcl (RunTclFile)" time="1.035" />
  <testcase classname="ptolemy.util.test.junit.TclTests" name="[1] /home/travis/build/icyphy/ptII/ptolemy/domains/de/test/RunDETestsAsQSS.tcl (RunTclFile)" time="90.845" />
  <testcase classname="ptolemy.util.test.junit.AutoKnownFailedTests" name="[0] /home/travis/build/icyphy/ptII/ptolemy/domains/de/test/auto/knownFailedTests/DESDFClockTest.xml (RunModel)" time="2.038" />
  <testcase classname="ptolemy.util.test.junit.AutoKnownFailedTests" name="[1] /home/travis/build/icyphy/ptII/ptolemy/domains/de/test/auto/knownFailedTests/DirectFeedback.xml (RunModel)" time="0.023" />
  <testcase classname="ptolemy.util.test.junit.AutoKnownFailedTests" name="[2] /home/travis/build/icyphy/ptII/ptolemy/domains/de/test/auto/knownFailedTests/FSMSource.xml (RunModel)" time="0.032" />
  <testcase classname="ptolemy.util.test.junit.AutoKnownFailedTests" name="[3] /home/travis/build/icyphy/ptII/ptolemy/domains/de/test/auto/knownFailedTests/HierarchicalModel.xml (RunModel)" time="0.055" />
  <testcase classname="ptolemy.util.test.junit.AutoKnownFailedTests" name="[4] /home/travis/build/icyphy/ptII/ptolemy/domains/de/test/auto/knownFailedTests/dependencyLoop.xml (RunModel)" time="0.042" />
  <testcase classname="ptolemy.util.test.junit.AutoKnownFailedTests" name="[5] /home/travis/build/icyphy/ptII/ptolemy/domains/de/test/auto/knownFailedTests/dependencyLoop2.xml (RunModel)" time="0.046" />
  <testcase classname="ptolemy.util.test.junit.AutoNameArchTests" name="[0] ThereAreNoAutoArchTests (RunModel)" time="0.001" />
  <testcase classname="ptolemy.util.test.junit.AutoTests" name="[0] /home/travis/build/icyphy/ptII/ptolemy/domains/de/test/auto/ActorDepthCalculation_actorWithoutPorts.xml (RunModel)" time="0.014" />
  <testcase classname="ptolemy.util.test.junit.AutoTests" name="[1] /home/travis/build/icyphy/ptII/ptolemy/domains/de/test/auto/AssemblyLine.xml (RunModel)" time="0.026" />
  <testcase classname="ptolemy.util.test.junit.AutoTests" name="[2] /home/travis/build/icyphy/ptII/ptolemy/domains/de/test/auto/CQBug1.xml (RunModel)" time="0.01" />
  <testcase classname="ptolemy.util.test.junit.AutoTests" name="[3] /home/travis/build/icyphy/ptII/ptolemy/domains/de/test/auto/CancelFireAt.xml (RunModel)" time="0.014" />
  <testcase classname="ptolemy.util.test.junit.AutoTests" name="[4] /home/travis/build/icyphy/ptII/ptolemy/domains/de/test/auto/CausalityAndComposabilityAnalysis.xml (RunModel)" time="0.023" />
  <testcase classname="ptolemy.util.test.junit.AutoTests" name="[5] /home/travis/build/icyphy/ptII/ptolemy/domains/de/test/auto/CausalityInterface1.xml (RunModel)" time="0.029" />
  <testcase classname="ptolemy.util.test.junit.AutoTests" name="[6] /home/travis/build/icyphy/ptII/ptolemy/domains/de/test/auto/CausalityInterface15.xml (RunModel)" time="0.02" />
  <testcase classname="ptolemy.util.test.junit.AutoTests" name="[7] /home/travis/build/icyphy/ptII/ptolemy/domains/de/test/auto/CausalityInterface2.xml (RunModel)" time="0.014" />
  <testcase classname="ptolemy.util.test.junit.AutoTests" name="[8] /home/travis/build/icyphy/ptII/ptolemy/domains/de/test/auto/CausalityInterface3.xml (RunModel)" time="0.015" />
  <testcase classname="ptolemy.util.test.junit.AutoTests" name="[9] /home/travis/build/icyphy/ptII/ptolemy/domains/de/test/auto/ClockDrift.xml (RunModel)" time="0.06" />
  <testcase classname="ptolemy.util.test.junit.AutoTests" name="[10] /home/travis/build/icyphy/ptII/ptolemy/domains/de/test/auto/ClockDriftAndValueChange.xml (RunModel)" time="0.039" />
  <testcase classname="ptolemy.util.test.junit.AutoTests" name="[11] /home/travis/build/icyphy/ptII/ptolemy/domains/de/test/auto/ClockDriftChange.xml (RunModel)" time="0.031" />
  <testcase classname="ptolemy.util.test.junit.AutoTests" name="[12] /home/travis/build/icyphy/ptII/ptolemy/domains/de/test/auto/ComposableCausalityAnalysis.xml (RunModel)" time="0.015" />
  <testcase classname="ptolemy.util.test.junit.AutoTests" name="[13] /home/travis/build/icyphy/ptII/ptolemy/domains/de/test/auto/DEFixedPointLimitation.xml (RunModel)" time="0.015" />
  <testcase classname="ptolemy.util.test.junit.AutoTests" name="[14] /home/travis/build/icyphy/ptII/ptolemy/domains/de/test/auto/DEScheduleTest.xml (RunModel)" time="0.014" />
  <testcase classname="ptolemy.util.test.junit.AutoTests" name="[15] /home/travis/build/icyphy/ptII/ptolemy/domains/de/test/auto/DEinDEwithStartTimes.xml (RunModel)" time="0.016" />
  <testcase classname="ptolemy.util.test.junit.AutoTests" name="[16] /home/travis/build/icyphy/ptII/ptolemy/domains/de/test/auto/DEinDEwithStartTimes2.xml (RunModel)" time="0.019" />
  <testcase classname="ptolemy.util.test.junit.AutoTests" name="[17] /home/travis/build/icyphy/ptII/ptolemy/domains/de/test/auto/DateDemo.xml (RunModel)" time="0.03" />
  <testcase classname="ptolemy.util.test.junit.AutoTests" name="[18] /home/travis/build/icyphy/ptII/ptolemy/domains/de/test/auto/DateToEvent.xml (RunModel)" time="2.055" />
  <testcase classname="ptolemy.util.test.junit.AutoTests" name="[19] /home/travis/build/icyphy/ptII/ptolemy/domains/de/test/auto/DepthTest1.xml (RunModel)" time="0.013" />
  <testcase classname="ptolemy.util.test.junit.AutoTests" name="[20] /home/travis/build/icyphy/ptII/ptolemy/domains/de/test/auto/DepthTest2.xml (RunModel)" time="0.021" />
  <testcase classname="ptolemy.util.test.junit.AutoTests" name="[21] /home/travis/build/icyphy/ptII/ptolemy/domains/de/test/auto/DepthTest3.xml (RunModel)" time="0.016" />
  <testcase classname="ptolemy.util.test.junit.AutoTests" name="[22] /home/travis/build/icyphy/ptII/ptolemy/domains/de/test/auto/DepthTest4.xml (RunModel)" time="0.025" />
  <testcase classname="ptolemy.util.test.junit.AutoTests" name="[23] /home/travis/build/icyphy/ptII/ptolemy/domains/de/test/auto/DepthTest5.xml (RunModel)" time="0.013" />
  <testcase classname="ptolemy.util.test.junit.AutoTests" name="[24] /home/travis/build/icyphy/ptII/ptolemy/domains/de/test/auto/DepthTest6.xml (RunModel)" time="0.014" />
  <testcase classname="ptolemy.util.test.junit.AutoTests" name="[25] /home/travis/build/icyphy/ptII/ptolemy/domains/de/test/auto/DepthTest7.xml (RunModel)" time="0.015" />
  <testcase classname="ptolemy.util.test.junit.AutoTests" name="[26] /home/travis/build/icyphy/ptII/ptolemy/domains/de/test/auto/EventToDate.xml (RunModel)" time="3.049" />
  <testcase classname="ptolemy.util.test.junit.AutoTests" name="[27] /home/travis/build/icyphy/ptII/ptolemy/domains/de/test/auto/FSM1.xml (RunModel)" time="0.031" />
  <testcase classname="ptolemy.util.test.junit.AutoTests" name="[28] /home/travis/build/icyphy/ptII/ptolemy/domains/de/test/auto/FSM7.xml (RunModel)" time="0.04" />
  <testcase classname="ptolemy.util.test.junit.AutoTests" name="[29] /home/travis/build/icyphy/ptII/ptolemy/domains/de/test/auto/Inspection.xml (RunModel)" time="0.053" />
  <testcase classname="ptolemy.util.test.junit.AutoTests" name="[30] /home/travis/build/icyphy/ptII/ptolemy/domains/de/test/auto/Iteration.xml (RunModel)" time="0.061" />
  <testcase classname="ptolemy.util.test.junit.AutoTests" name="[31] /home/travis/build/icyphy/ptII/ptolemy/domains/de/test/auto/LineFault.xml (RunModel)" time="0.577" />
  <testcase classname="ptolemy.util.test.junit.AutoTests" name="[32] /home/travis/build/icyphy/ptII/ptolemy/domains/de/test/auto/MergeModel1Add.xml (RunModel)" time="0.058" />
  <testcase classname="ptolemy.util.test.junit.AutoTests" name="[33] /home/travis/build/icyphy/ptII/ptolemy/domains/de/test/auto/MergeModel2Add.xml (RunModel)" time="0.047" />
  <testcase classname="ptolemy.util.test.junit.AutoTests" name="[34] /home/travis/build/icyphy/ptII/ptolemy/domains/de/test/auto/MergeModel3Add.xml (RunModel)" time="0.046" />
  <testcase classname="ptolemy.util.test.junit.AutoTests" name="[35] /home/travis/build/icyphy/ptII/ptolemy/domains/de/test/auto/MergeWithoutDiscard.xml (RunModel)" time="0.016" />
  <testcase classname="ptolemy.util.test.junit.AutoTests" name="[36] /home/travis/build/icyphy/ptII/ptolemy/domains/de/test/auto/Modal1.xml (RunModel)" time="0.035" />
  <testcase classname="ptolemy.util.test.junit.AutoTests" name="[37] /home/travis/build/icyphy/ptII/ptolemy/domains/de/test/auto/Modal2.xml (RunModel)" time="0.033" />
  <testcase classname="ptolemy.util.test.junit.AutoTests" name="[38] /home/travis/build/icyphy/ptII/ptolemy/domains/de/test/auto/Modal3.xml (RunModel)" time="0.034" />
  <testcase classname="ptolemy.util.test.junit.AutoTests" name="[39] /home/travis/build/icyphy/ptII/ptolemy/domains/de/test/auto/Modal4.xml (RunModel)" time="0.036" />
  <testcase classname="ptolemy.util.test.junit.AutoTests" name="[40] /home/travis/build/icyphy/ptII/ptolemy/domains/de/test/auto/Modal5.xml (RunModel)" time="0.038" />
  <testcase classname="ptolemy.util.test.junit.AutoTests" name="[41] /home/travis/build/icyphy/ptII/ptolemy/domains/de/test/auto/Modal6.xml (RunModel)" time="0.03" />
  <testcase classname="ptolemy.util.test.junit.AutoTests" name="[42] /home/travis/build/icyphy/ptII/ptolemy/domains/de/test/auto/Modal7.xml (RunModel)" time="0.03" />
  <testcase classname="ptolemy.util.test.junit.AutoTests" name="[43] /home/travis/build/icyphy/ptII/ptolemy/domains/de/test/auto/ModalModel.xml (RunModel)" time="0.202" />
  <testcase classname="ptolemy.util.test.junit.AutoTests" name="[44] /home/travis/build/icyphy/ptII/ptolemy/domains/de/test/auto/ModalSource.xml (RunModel)" time="0.02" />
  <testcase classname="ptolemy.util.test.junit.AutoTests" name="[45] /home/travis/build/icyphy/ptII/ptolemy/domains/de/test/auto/NonInterruptibleTimerZeroDelay.xml (RunModel)" time="0.015" />
  <testcase classname="ptolemy.util.test.junit.AutoTests" name="[46] /home/travis/build/icyphy/ptII/ptolemy/domains/de/test/auto/OpenQueueingNetwork.xml (RunModel)" time="2.542" />
  <testcase classname="ptolemy.util.test.junit.AutoTests" name="[47] /home/travis/build/icyphy/ptII/ptolemy/domains/de/test/auto/OpenQueuingNetwork.xml (RunModel)" time="0.341" />
  <testcase classname="ptolemy.util.test.junit.AutoTests" name="[48] /home/travis/build/icyphy/ptII/ptolemy/domains/de/test/auto/PeriodicSampler.xml (RunModel)" time="0.008" />
  <testcase classname="ptolemy.util.test.junit.AutoTests" name="[49] /home/travis/build/icyphy/ptII/ptolemy/domains/de/test/auto/PersistentIO.xml (RunModel)" time="0.026" />
  <testcase classname="ptolemy.util.test.junit.AutoTests" name="[50] /home/travis/build/icyphy/ptII/ptolemy/domains/de/test/auto/PortParameterResetOnInitialize.xml (RunModel)" time="0.014" />
  <testcase classname="ptolemy.util.test.junit.AutoTests" name="[51] /home/travis/build/icyphy/ptII/ptolemy/domains/de/test/auto/PortParameterUpdates.xml (RunModel)" time="0.015" />
  <testcase classname="ptolemy.util.test.junit.AutoTests" name="[52] /home/travis/build/icyphy/ptII/ptolemy/domains/de/test/auto/QueueAndServer.xml (RunModel)" time="0.023" />
  <testcase classname="ptolemy.util.test.junit.AutoTests" name="[53] /home/travis/build/icyphy/ptII/ptolemy/domains/de/test/auto/Records.xml (RunModel)" time="0.019" />
  <testcase classname="ptolemy.util.test.junit.AutoTests" name="[54] /home/travis/build/icyphy/ptII/ptolemy/domains/de/test/auto/ResetTransitionWithStartTime1.xml (RunModel)" time="0.024" />
  <testcase classname="ptolemy.util.test.junit.AutoTests" name="[55] /home/travis/build/icyphy/ptII/ptolemy/domains/de/test/auto/ResetTransitionWithStartTime2.xml (RunModel)" time="0.02" />
  <testcase classname="ptolemy.util.test.junit.AutoTests" name="[56] /home/travis/build/icyphy/ptII/ptolemy/domains/de/test/auto/ResetTransitionWithStartTime3.xml (RunModel)" time="0.018" />
  <testcase classname="ptolemy.util.test.junit.AutoTests" name="[57] /home/travis/build/icyphy/ptII/ptolemy/domains/de/test/auto/ResetTransitionWithStartTime4.xml (RunModel)" time="0.021" />
  <testcase classname="ptolemy.util.test.junit.AutoTests" name="[58] /home/travis/build/icyphy/ptII/ptolemy/domains/de/test/auto/ResettableTimer1.xml (RunModel)" time="0.01" />
  <testcase classname="ptolemy.util.test.junit.AutoTests" name="[59] /home/travis/build/icyphy/ptII/ptolemy/domains/de/test/auto/ResettableTimer2.xml (RunModel)" time="0.011" />
  <testcase classname="ptolemy.util.test.junit.AutoTests" name="[60] /home/travis/build/icyphy/ptII/ptolemy/domains/de/test/auto/ResettableTimer3.xml (RunModel)" time="0.01" />
  <testcase classname="ptolemy.util.test.junit.AutoTests" name="[61] /home/travis/build/icyphy/ptII/ptolemy/domains/de/test/auto/ResettableTimer4.xml (RunModel)" time="0.01" />
  <testcase classname="ptolemy.util.test.junit.AutoTests" name="[62] /home/travis/build/icyphy/ptII/ptolemy/domains/de/test/auto/ResettableTimer5.xml (RunModel)" time="0.01" />
  <testcase classname="ptolemy.util.test.junit.AutoTests" name="[63] /home/travis/build/icyphy/ptII/ptolemy/domains/de/test/auto/ResettableTimer6.xml (RunModel)" time="0.018" />
  <testcase classname="ptolemy.util.test.junit.AutoTests" name="[64] /home/travis/build/icyphy/ptII/ptolemy/domains/de/test/auto/ServerZeroDelay.xml (RunModel)" time="0.009" />
  <testcase classname="ptolemy.util.test.junit.AutoTests" name="[65] /home/travis/build/icyphy/ptII/ptolemy/domains/de/test/auto/SmartSender.xml (RunModel)" time="3.008" />
  <testcase classname="ptolemy.util.test.junit.AutoTests" name="[66] /home/travis/build/icyphy/ptII/ptolemy/domains/de/test/auto/ThreadedComposite.xml (RunModel)" time="0.152" />
  <testcase classname="ptolemy.util.test.junit.AutoTests" name="[67] /home/travis/build/icyphy/ptII/ptolemy/domains/de/test/auto/Time.xml (RunModel)" time="0.462" />
  <testcase classname="ptolemy.util.test.junit.AutoTests" name="[68] /home/travis/build/icyphy/ptII/ptolemy/domains/de/test/auto/TimeDelayZeroDelay.xml (RunModel)" time="0.015" />
  <testcase classname="ptolemy.util.test.junit.AutoTests" name="[69] /home/travis/build/icyphy/ptII/ptolemy/domains/de/test/auto/TimerZeroDelay.xml (RunModel)" time="0.014" />
  <testcase classname="ptolemy.util.test.junit.AutoTests" name="[70] /home/travis/build/icyphy/ptII/ptolemy/domains/de/test/auto/TimingParadox.xml (RunModel)" time="0.384" />
  <testcase classname="ptolemy.util.test.junit.AutoTests" name="[71] /home/travis/build/icyphy/ptII/ptolemy/domains/de/test/auto/TransferInputs.xml (RunModel)" time="0.017" />
  <testcase classname="ptolemy.util.test.junit.AutoTests" name="[72] /home/travis/build/icyphy/ptII/ptolemy/domains/de/test/auto/TransferOutputs2.xml (RunModel)" time="0.016" />
  <testcase classname="ptolemy.util.test.junit.AutoTests" name="[73] /home/travis/build/icyphy/ptII/ptolemy/domains/de/test/auto/Trilateration.xml (RunModel)" time="13.007" />
  <testcase classname="ptolemy.util.test.junit.AutoTests" name="[74] /home/travis/build/icyphy/ptII/ptolemy/domains/de/test/auto/TwoSigmaDelta.xml (RunModel)" time="2.205" />
  <testcase classname="ptolemy.util.test.junit.AutoTests" name="[75] /home/travis/build/icyphy/ptII/ptolemy/domains/de/test/auto/VariableDelay.xml (RunModel)" time="0.015" />
  <testcase classname="ptolemy.util.test.junit.AutoTests" name="[76] /home/travis/build/icyphy/ptII/ptolemy/domains/de/test/auto/VariableDelay2.xml (RunModel)" time="0.011" />
  <testcase classname="ptolemy.util.test.junit.AutoTests" name="[77] /home/travis/build/icyphy/ptII/ptolemy/domains/de/test/auto/VariableDelayZeroDelay.xml (RunModel)" time="0.014" />
  <testcase classname="ptolemy.util.test.junit.AutoTests" name="[78] /home/travis/build/icyphy/ptII/ptolemy/domains/de/test/auto/VariableDelayZeroDelay2.xml (RunModel)" time="0.01" />
  <testcase classname="ptolemy.util.test.junit.AutoTests" name="[79] /home/travis/build/icyphy/ptII/ptolemy/domains/de/test/auto/deInCt.xml (RunModel)" time="0.017" />
  <testcase classname="ptolemy.util.test.junit.AutoTests" name="[80] /home/travis/build/icyphy/ptII/ptolemy/domains/de/test/auto/deInCt2.xml (RunModel)" time="0.017" />
  <testcase classname="ptolemy.util.test.junit.AutoTests" name="[81] /home/travis/build/icyphy/ptII/ptolemy/domains/de/test/auto/dynamicCausalityInterface1.xml (RunModel)" time="0.022" />
  <testcase classname="ptolemy.util.test.junit.AutoTests" name="[82] /home/travis/build/icyphy/ptII/ptolemy/domains/de/test/auto/fsm_de_test.xml (RunModel)" time="0.022" />
  <testcase classname="ptolemy.util.test.junit.AutoTests" name="[83] /home/travis/build/icyphy/ptII/ptolemy/domains/de/test/auto/functionDependencyReconstruction.xml (RunModel)" time="0.031" />
  <testcase classname="ptolemy.util.test.junit.AutoTests" name="[84] /home/travis/build/icyphy/ptII/ptolemy/domains/de/test/auto/multirate.xml (RunModel)" time="0.017" />
  <testcase classname="ptolemy.util.test.junit.AutoTests" name="[85] /home/travis/build/icyphy/ptII/ptolemy/domains/de/test/auto/multirate2.xml (RunModel)" time="0.015" />
  <testcase classname="ptolemy.util.test.junit.AutoTests" name="[86] /home/travis/build/icyphy/ptII/ptolemy/domains/de/test/auto/realtime.xml (RunModel)" time="10.01" />
  <testcase classname="ptolemy.util.test.junit.AutoTests" name="[87] /home/travis/build/icyphy/ptII/ptolemy/domains/de/test/auto/relationGroup.xml (RunModel)" time="0.011" />
  <testcase classname="ptolemy.util.test.junit.AutoTests" name="[88] /home/travis/build/icyphy/ptII/ptolemy/domains/de/test/auto/relationGroup2.xml (RunModel)" time="0.008" />
  <testcase classname="ptolemy.util.test.junit.AutoTests" name="[89] /home/travis/build/icyphy/ptII/ptolemy/domains/de/test/auto/sortWithOpaquePorts.xml (RunModel)" time="0.017" />
  <testcase classname="ptolemy.util.test.junit.AutoTests" name="[90] /home/travis/build/icyphy/ptII/ptolemy/domains/de/test/auto/transferInputsandOutputs.xml (RunModel)" time="0.025" />
  <testcase classname="ptolemy.util.test.junit.AutoTests" name="[91] /home/travis/build/icyphy/ptII/ptolemy/domains/de/test/auto/triggerType.xml (RunModel)" time="0.034" />
  <system-out><![CDATA[/home/travis/build/icyphy/ptII/ptolemy/domains/de/test/DependencyLoop.tcl
testDefs.tcl: setting time out to 9000 seconds at Sat Oct 12 06:05:14 UTC 2019
76 ms. Memory: 120832K Free: 72012K (60%)
23 ms. Memory: 120832K Free: 54589K (45%)
/home/travis/build/icyphy/ptII/ptolemy/domains/de/test/RunDETestsAsQSS.tcl
Run the DE tests using ptolemy.domains.qss.test.QSSDirectorTest, which extends QSSDirector and prints a message in the constructors.
------------------ testing $PTII/ptolemy/domains/de/test/auto/knownFailedTests/DirectFeedback.xml (Known Failure) 
51 ms. Memory: 120832K Free: 48974K (41%)


==== $PTIIhome/travis/build/icyphy/ptII/ptolemy/domains/de/test/../../../../: Auto Automatic test in file $PTII/ptolemy/domains/de/test/auto/knownFailedTests/DirectFeedback.xml
==== Contents of test case:

	    # FIXME: we should use $relativeFilename here, but it
	    # might have backslashes under Windows, which causes no end
	    # of trouble.
	    createAndExecute $file
	    list {}
	
.... Test generated KNOWN error:
    while executing
ptolemy.kernel.util.IllegalActionException: Test fails in iteration 1.
Value was: 1.0. Should have been: 2.0
  in .DirectFeedback.Test
	at ptolemy.actor.lib.Test.fire(Test.java:268)
	at ptolemy.domains.de.kernel.DEDirector._fire(DEDirector.java:1949)
	at ptolemy.domains.de.kernel.DEDirector.fire(DEDirector.java:502)
	at ptolemy.actor.CompositeActor.fire(CompositeActor.java:455)
	at ptolemy.actor.Manager.iterate(Manager.java:851)
	at ptolemy.actor.Manager.execute(Manager.java:369)
	at ptolemy.actor.Manager.run(Manager.java:1263)
	at ptolemy.actor.Manager$PtolemyRunThread.run(Manager.java:1933)

    while executing
ptolemy.kernel.util.IllegalActionException: Test fails in iteration 1.
Value was: 1.0. Should have been: 2.0
  in .DirectFeedback.Test
    while executing
"java::new ptolemy.moml.MoMLSimpleApplication $file
"
    (procedure "createAndExecute" line 2)
    invoked from within
"createAndExecute $file"
    ("uplevel" body line 5)
    invoked from within
"uplevel $contents_of_test"
------------------ testing $PTII/ptolemy/domains/de/test/auto/knownFailedTests/dependencyLoop.xml (Known Failure) 
17 ms. Memory: 120832K Free: 45902K (38%)


==== $PTIIhome/travis/build/icyphy/ptII/ptolemy/domains/de/test/../../../../: Auto Automatic test in file $PTII/ptolemy/domains/de/test/auto/knownFailedTests/dependencyLoop.xml
==== Contents of test case:

	    # FIXME: we should use $relativeFilename here, but it
	    # might have backslashes under Windows, which causes no end
	    # of trouble.
	    createAndExecute $file
	    list {}
	
.... Test generated KNOWN error:
    while executing
ptolemy.kernel.util.IllegalActionException: Found a zero delay loop containing .dependencyLoop.original
  in .dependencyLoop and .dependencyLoop.original
	at ptolemy.actor.util.CausalityInterfaceForComposites._computeOutputPortDepth(CausalityInterfaceForComposites.java:759)
	at ptolemy.actor.util.CausalityInterfaceForComposites._computeInputDepth(CausalityInterfaceForComposites.java:696)
	at ptolemy.actor.util.CausalityInterfaceForComposites._computeOutputPortDepth(CausalityInterfaceForComposites.java:765)
	at ptolemy.actor.util.CausalityInterfaceForComposites._computeInputDepth(CausalityInterfaceForComposites.java:696)
	at ptolemy.actor.util.CausalityInterfaceForComposites._computeOutputPortDepth(CausalityInterfaceForComposites.java:765)
	at ptolemy.actor.util.CausalityInterfaceForComposites._computeInputDepth(CausalityInterfaceForComposites.java:696)
	at ptolemy.actor.util.CausalityInterfaceForComposites._computeActorDepth(CausalityInterfaceForComposites.java:532)
	at ptolemy.actor.util.CausalityInterfaceForComposites.checkForCycles(CausalityInterfaceForComposites.java:96)
	at ptolemy.domains.de.kernel.DEDirector.preinitialize(DEDirector.java:1338)
	at ptolemy.actor.CompositeActor.preinitialize(CompositeActor.java:1828)
	at ptolemy.actor.Manager.preinitializeAndResolveTypes(Manager.java:1040)
	at ptolemy.actor.Manager.initialize(Manager.java:710)
	at ptolemy.actor.Manager.execute(Manager.java:356)
	at ptolemy.actor.Manager.run(Manager.java:1263)
	at ptolemy.actor.Manager$PtolemyRunThread.run(Manager.java:1933)

    while executing
ptolemy.kernel.util.IllegalActionException: Found a zero delay loop containing .dependencyLoop.original
  in .dependencyLoop and .dependencyLoop.original
    while executing
"java::new ptolemy.moml.MoMLSimpleApplication $file
"
    (procedure "createAndExecute" line 2)
    invoked from within
"createAndExecute $file"
    ("uplevel" body line 5)
    invoked from within
"uplevel $contents_of_test"
------------------ testing $PTII/ptolemy/domains/de/test/auto/knownFailedTests/FSMSource.xml (Known Failure) 
45 ms. Memory: 120832K Free: 99654K (82%)
!!!! Auto was marked as failing, but now passes
------------------ testing $PTII/ptolemy/domains/de/test/auto/knownFailedTests/HierarchicalModel.xml (Known Failure) 
5 ms. Memory: 120832K Free: 82276K (68%)


==== $PTIIhome/travis/build/icyphy/ptII/ptolemy/domains/de/test/../../../../: Auto Automatic test in file $PTII/ptolemy/domains/de/test/auto/knownFailedTests/HierarchicalModel.xml
==== Contents of test case:

	    # FIXME: we should use $relativeFilename here, but it
	    # might have backslashes under Windows, which causes no end
	    # of trouble.
	    createAndExecute $file
	    list {}
	
.... Test generated KNOWN error:
    while executing
ptolemy.kernel.util.IllegalActionException: Found a zero delay loop containing .HierarchicalModel.A
  in .HierarchicalModel and .HierarchicalModel.A
	at ptolemy.actor.util.CausalityInterfaceForComposites._computeOutputPortDepth(CausalityInterfaceForComposites.java:759)
	at ptolemy.actor.util.CausalityInterfaceForComposites._computeInputDepth(CausalityInterfaceForComposites.java:696)
	at ptolemy.actor.util.CausalityInterfaceForComposites._computeOutputPortDepth(CausalityInterfaceForComposites.java:765)
	at ptolemy.actor.util.CausalityInterfaceForComposites._computeInputDepth(CausalityInterfaceForComposites.java:696)
	at ptolemy.actor.util.CausalityInterfaceForComposites._computeOutputPortDepth(CausalityInterfaceForComposites.java:765)
	at ptolemy.actor.util.CausalityInterfaceForComposites._computeInputDepth(CausalityInterfaceForComposites.java:696)
	at ptolemy.actor.util.CausalityInterfaceForComposites._computeActorDepth(CausalityInterfaceForComposites.java:532)
	at ptolemy.actor.util.CausalityInterfaceForComposites.checkForCycles(CausalityInterfaceForComposites.java:96)
	at ptolemy.domains.de.kernel.DEDirector.preinitialize(DEDirector.java:1338)
	at ptolemy.actor.CompositeActor.preinitialize(CompositeActor.java:1828)
	at ptolemy.actor.Manager.preinitializeAndResolveTypes(Manager.java:1040)
	at ptolemy.actor.Manager.initialize(Manager.java:710)
	at ptolemy.actor.Manager.execute(Manager.java:356)
	at ptolemy.actor.Manager.run(Manager.java:1263)
	at ptolemy.actor.Manager$PtolemyRunThread.run(Manager.java:1933)

    while executing
ptolemy.kernel.util.IllegalActionException: Found a zero delay loop containing .HierarchicalModel.A
  in .HierarchicalModel and .HierarchicalModel.A
    while executing
"java::new ptolemy.moml.MoMLSimpleApplication $file
"
    (procedure "createAndExecute" line 2)
    invoked from within
"createAndExecute $file"
    ("uplevel" body line 5)
    invoked from within
"uplevel $contents_of_test"
------------------ testing $PTII/ptolemy/domains/de/test/auto/knownFailedTests/dependencyLoop2.xml (Known Failure) 
12 ms. Memory: 120832K Free: 66332K (55%)


==== $PTIIhome/travis/build/icyphy/ptII/ptolemy/domains/de/test/../../../../: Auto Automatic test in file $PTII/ptolemy/domains/de/test/auto/knownFailedTests/dependencyLoop2.xml
==== Contents of test case:

	    # FIXME: we should use $relativeFilename here, but it
	    # might have backslashes under Windows, which causes no end
	    # of trouble.
	    createAndExecute $file
	    list {}
	
.... Test generated KNOWN error:
    while executing
ptolemy.kernel.util.IllegalActionException: Found a zero delay loop containing .dependencyLoop2.original
  in .dependencyLoop2 and .dependencyLoop2.original
	at ptolemy.actor.util.CausalityInterfaceForComposites._computeOutputPortDepth(CausalityInterfaceForComposites.java:759)
	at ptolemy.actor.util.CausalityInterfaceForComposites._computeInputDepth(CausalityInterfaceForComposites.java:696)
	at ptolemy.actor.util.CausalityInterfaceForComposites._computeOutputPortDepth(CausalityInterfaceForComposites.java:765)
	at ptolemy.actor.util.CausalityInterfaceForComposites._computeInputDepth(CausalityInterfaceForComposites.java:696)
	at ptolemy.actor.util.CausalityInterfaceForComposites._computeOutputPortDepth(CausalityInterfaceForComposites.java:765)
	at ptolemy.actor.util.CausalityInterfaceForComposites._computeInputDepth(CausalityInterfaceForComposites.java:696)
	at ptolemy.actor.util.CausalityInterfaceForComposites._computeActorDepth(CausalityInterfaceForComposites.java:532)
	at ptolemy.actor.util.CausalityInterfaceForComposites.checkForCycles(CausalityInterfaceForComposites.java:96)
	at ptolemy.domains.de.kernel.DEDirector.preinitialize(DEDirector.java:1338)
	at ptolemy.actor.CompositeActor.preinitialize(CompositeActor.java:1828)
	at ptolemy.actor.Manager.preinitializeAndResolveTypes(Manager.java:1040)
	at ptolemy.actor.Manager.initialize(Manager.java:710)
	at ptolemy.actor.Manager.execute(Manager.java:356)
	at ptolemy.actor.Manager.run(Manager.java:1263)
	at ptolemy.actor.Manager$PtolemyRunThread.run(Manager.java:1933)

    while executing
ptolemy.kernel.util.IllegalActionException: Found a zero delay loop containing .dependencyLoop2.original
  in .dependencyLoop2 and .dependencyLoop2.original
    while executing
"java::new ptolemy.moml.MoMLSimpleApplication $file
"
    (procedure "createAndExecute" line 2)
    invoked from within
"createAndExecute $file"
    ("uplevel" body line 5)
    invoked from within
"uplevel $contents_of_test"
------------------ testing $PTII/ptolemy/domains/de/test/auto/knownFailedTests/DESDFClockTest.xml (Known Failure) 
2043 ms. Memory: 120832K Free: 95993K (79%)


==== $PTIIhome/travis/build/icyphy/ptII/ptolemy/domains/de/test/../../../../: Auto Automatic test in file $PTII/ptolemy/domains/de/test/auto/knownFailedTests/DESDFClockTest.xml
==== Contents of test case:

	    # FIXME: we should use $relativeFilename here, but it
	    # might have backslashes under Windows, which causes no end
	    # of trouble.
	    createAndExecute $file
	    list {}
	
.... Test generated KNOWN error:
    while executing
ptolemy.kernel.util.IllegalActionException: Actor is not ready to fire.  Perhaps UpSample.prefire() returned false? Try debugging the actor by selecting "Listen to Actor".  Also, for SDF check moml for tokenConsumptionRate on input.
  in .DESDFClockTest.Play Bell.Copy1:SDF Director and .DESDFClockTest.Play Bell.UpSample
	at ptolemy.actor.sched.StaticSchedulingDirector.fire(StaticSchedulingDirector.java:227)
	at ptolemy.domains.sdf.kernel.SDFDirector.fire(SDFDirector.java:500)
	at ptolemy.actor.CompositeActor.fire(CompositeActor.java:455)
	at ptolemy.domains.de.kernel.DEDirector._fire(DEDirector.java:1949)
	at ptolemy.domains.de.kernel.DEDirector.fire(DEDirector.java:502)
	at ptolemy.actor.CompositeActor.fire(CompositeActor.java:455)
	at ptolemy.actor.Manager.iterate(Manager.java:851)
	at ptolemy.actor.Manager.execute(Manager.java:369)
	at ptolemy.actor.Manager.run(Manager.java:1263)
	at ptolemy.actor.Manager$PtolemyRunThread.run(Manager.java:1933)

    while executing
ptolemy.kernel.util.IllegalActionException: Actor is not ready to fire.  Perhaps UpSample.prefire() returned false? Try debugging the actor by selecting "Listen to Actor".  Also, for SDF check moml for tokenConsumptionRate on input.
  in .DESDFClockTest.Play Bell.Copy1:SDF Director and .DESDFClockTest.Play Bell.UpSample
    while executing
"java::new ptolemy.moml.MoMLSimpleApplication $file
"
    (procedure "createAndExecute" line 2)
    invoked from within
"createAndExecute $file"
    ("uplevel" body line 5)
    invoked from within
"uplevel $contents_of_test"
------------------ testing $PTII/ptolemy/domains/de/test/auto/ActorDepthCalculation_actorWithoutPorts.xml
auto.tcl: Setting watchdog for 200 seconds at Sat Oct 12 06:05:18 UTC 2019
8 ms. Memory: 120832K Free: 88825K (74%)
ptolemy.util.test.WatchDog.cancel(): canceling Sat Oct 12 06:05:18 UTC 2019
auto.tcl: Setting watchdog for 200 seconds at Sat Oct 12 06:05:18 UTC 2019
4 ms. Memory: 120832K Free: 87273K (72%)
ptolemy.util.test.WatchDog.cancel(): canceling Sat Oct 12 06:05:18 UTC 2019
------------------ testing $PTII/ptolemy/domains/de/test/auto/AssemblyLine.xml
auto.tcl: Setting watchdog for 200 seconds at Sat Oct 12 06:05:18 UTC 2019
10 ms. Memory: 48128K Free: 26546K (55%)
ptolemy.util.test.WatchDog.cancel(): canceling Sat Oct 12 06:05:18 UTC 2019
auto.tcl: Setting watchdog for 200 seconds at Sat Oct 12 06:05:18 UTC 2019
10 ms. Memory: 48128K Free: 24860K (52%)
ptolemy.util.test.WatchDog.cancel(): canceling Sat Oct 12 06:05:18 UTC 2019
------------------ testing $PTII/ptolemy/domains/de/test/auto/CQBug1.xml
auto.tcl: Setting watchdog for 200 seconds at Sat Oct 12 06:05:18 UTC 2019
10 ms. Memory: 48128K Free: 31553K (66%)
ptolemy.util.test.WatchDog.cancel(): canceling Sat Oct 12 06:05:18 UTC 2019
auto.tcl: Setting watchdog for 200 seconds at Sat Oct 12 06:05:18 UTC 2019
2 ms. Memory: 48128K Free: 31118K (65%)
ptolemy.util.test.WatchDog.cancel(): canceling Sat Oct 12 06:05:18 UTC 2019
------------------ testing $PTII/ptolemy/domains/de/test/auto/CancelFireAt.xml
auto.tcl: Setting watchdog for 200 seconds at Sat Oct 12 06:05:18 UTC 2019
5 ms. Memory: 48128K Free: 32672K (68%)
ptolemy.util.test.WatchDog.cancel(): canceling Sat Oct 12 06:05:18 UTC 2019
auto.tcl: Setting watchdog for 200 seconds at Sat Oct 12 06:05:18 UTC 2019
2 ms. Memory: 48128K Free: 32236K (67%)
ptolemy.util.test.WatchDog.cancel(): canceling Sat Oct 12 06:05:18 UTC 2019
------------------ testing $PTII/ptolemy/domains/de/test/auto/CausalityAndComposabilityAnalysis.xml
auto.tcl: Setting watchdog for 200 seconds at Sat Oct 12 06:05:18 UTC 2019
6 ms. Memory: 48128K Free: 30427K (63%)
ptolemy.util.test.WatchDog.cancel(): canceling Sat Oct 12 06:05:18 UTC 2019
auto.tcl: Setting watchdog for 200 seconds at Sat Oct 12 06:05:18 UTC 2019
6 ms. Memory: 48128K Free: 29992K (62%)
ptolemy.util.test.WatchDog.cancel(): canceling Sat Oct 12 06:05:19 UTC 2019
------------------ testing $PTII/ptolemy/domains/de/test/auto/CausalityInterface1.xml
auto.tcl: Setting watchdog for 200 seconds at Sat Oct 12 06:05:19 UTC 2019
17 ms. Memory: 48128K Free: 29315K (61%)
ptolemy.util.test.WatchDog.cancel(): canceling Sat Oct 12 06:05:19 UTC 2019
auto.tcl: Setting watchdog for 200 seconds at Sat Oct 12 06:05:19 UTC 2019
4 ms. Memory: 48128K Free: 28422K (59%)
ptolemy.util.test.WatchDog.cancel(): canceling Sat Oct 12 06:05:19 UTC 2019
------------------ testing $PTII/ptolemy/domains/de/test/auto/CausalityInterface15.xml
auto.tcl: Setting watchdog for 200 seconds at Sat Oct 12 06:05:19 UTC 2019
9 ms. Memory: 48128K Free: 29077K (60%)
ptolemy.util.test.WatchDog.cancel(): canceling Sat Oct 12 06:05:19 UTC 2019
auto.tcl: Setting watchdog for 200 seconds at Sat Oct 12 06:05:19 UTC 2019
7 ms. Memory: 48128K Free: 28388K (59%)
ptolemy.util.test.WatchDog.cancel(): canceling Sat Oct 12 06:05:19 UTC 2019
------------------ testing $PTII/ptolemy/domains/de/test/auto/CausalityInterface2.xml
auto.tcl: Setting watchdog for 200 seconds at Sat Oct 12 06:05:19 UTC 2019
6 ms. Memory: 48128K Free: 30070K (62%)
ptolemy.util.test.WatchDog.cancel(): canceling Sat Oct 12 06:05:19 UTC 2019
auto.tcl: Setting watchdog for 200 seconds at Sat Oct 12 06:05:19 UTC 2019
3 ms. Memory: 48128K Free: 28976K (60%)
ptolemy.util.test.WatchDog.cancel(): canceling Sat Oct 12 06:05:19 UTC 2019
------------------ testing $PTII/ptolemy/domains/de/test/auto/CausalityInterface3.xml
auto.tcl: Setting watchdog for 200 seconds at Sat Oct 12 06:05:19 UTC 2019
5 ms. Memory: 48128K Free: 29597K (61%)
ptolemy.util.test.WatchDog.cancel(): canceling Sat Oct 12 06:05:19 UTC 2019
auto.tcl: Setting watchdog for 200 seconds at Sat Oct 12 06:05:19 UTC 2019
2 ms. Memory: 48128K Free: 28835K (60%)
ptolemy.util.test.WatchDog.cancel(): canceling Sat Oct 12 06:05:19 UTC 2019
------------------ testing $PTII/ptolemy/domains/de/test/auto/ClockDrift.xml
auto.tcl: Setting watchdog for 200 seconds at Sat Oct 12 06:05:19 UTC 2019
97 ms. Memory: 45056K Free: 18661K (41%)
ptolemy.util.test.WatchDog.cancel(): canceling Sat Oct 12 06:05:19 UTC 2019
auto.tcl: Setting watchdog for 200 seconds at Sat Oct 12 06:05:19 UTC 2019
60 ms. Memory: 45056K Free: 15698K (35%)
ptolemy.util.test.WatchDog.cancel(): canceling Sat Oct 12 06:05:19 UTC 2019
------------------ testing $PTII/ptolemy/domains/de/test/auto/ClockDriftAndValueChange.xml
auto.tcl: Setting watchdog for 200 seconds at Sat Oct 12 06:05:19 UTC 2019
24 ms. Memory: 45056K Free: 19470K (43%)
ptolemy.util.test.WatchDog.cancel(): canceling Sat Oct 12 06:05:19 UTC 2019
auto.tcl: Setting watchdog for 200 seconds at Sat Oct 12 06:05:19 UTC 2019
24 ms. Memory: 45056K Free: 16277K (36%)
ptolemy.util.test.WatchDog.cancel(): canceling Sat Oct 12 06:05:19 UTC 2019
------------------ testing $PTII/ptolemy/domains/de/test/auto/ClockDriftChange.xml
auto.tcl: Setting watchdog for 200 seconds at Sat Oct 12 06:05:19 UTC 2019
26 ms. Memory: 45056K Free: 21169K (47%)
ptolemy.util.test.WatchDog.cancel(): canceling Sat Oct 12 06:05:19 UTC 2019
auto.tcl: Setting watchdog for 200 seconds at Sat Oct 12 06:05:19 UTC 2019
28 ms. Memory: 45056K Free: 18602K (41%)
ptolemy.util.test.WatchDog.cancel(): canceling Sat Oct 12 06:05:19 UTC 2019
------------------ testing $PTII/ptolemy/domains/de/test/auto/ComposableCausalityAnalysis.xml
auto.tcl: Setting watchdog for 200 seconds at Sat Oct 12 06:05:19 UTC 2019
2 ms. Memory: 45056K Free: 25796K (57%)
ptolemy.util.test.WatchDog.cancel(): canceling Sat Oct 12 06:05:20 UTC 2019
auto.tcl: Setting watchdog for 200 seconds at Sat Oct 12 06:05:20 UTC 2019
6 ms. Memory: 45056K Free: 24775K (55%)
ptolemy.util.test.WatchDog.cancel(): canceling Sat Oct 12 06:05:20 UTC 2019
------------------ testing $PTII/ptolemy/domains/de/test/auto/DEFixedPointLimitation.xml
auto.tcl: Setting watchdog for 200 seconds at Sat Oct 12 06:05:20 UTC 2019
2 ms. Memory: 45056K Free: 27084K (60%)
ptolemy.util.test.WatchDog.cancel(): canceling Sat Oct 12 06:05:20 UTC 2019
auto.tcl: Setting watchdog for 200 seconds at Sat Oct 12 06:05:20 UTC 2019
1 ms. Memory: 45056K Free: 26253K (58%)
ptolemy.util.test.WatchDog.cancel(): canceling Sat Oct 12 06:05:20 UTC 2019
------------------ testing $PTII/ptolemy/domains/de/test/auto/DEScheduleTest.xml
auto.tcl: Setting watchdog for 200 seconds at Sat Oct 12 06:05:20 UTC 2019
7 ms. Memory: 45056K Free: 27463K (61%)
ptolemy.util.test.WatchDog.cancel(): canceling Sat Oct 12 06:05:20 UTC 2019
auto.tcl: Setting watchdog for 200 seconds at Sat Oct 12 06:05:20 UTC 2019
3 ms. Memory: 45056K Free: 26666K (59%)
ptolemy.util.test.WatchDog.cancel(): canceling Sat Oct 12 06:05:20 UTC 2019
------------------ testing $PTII/ptolemy/domains/de/test/auto/DEinDEwithStartTimes.xml
auto.tcl: Setting watchdog for 200 seconds at Sat Oct 12 06:05:20 UTC 2019
4 ms. Memory: 45056K Free: 25604K (57%)
ptolemy.util.test.WatchDog.cancel(): canceling Sat Oct 12 06:05:20 UTC 2019
auto.tcl: Setting watchdog for 200 seconds at Sat Oct 12 06:05:20 UTC 2019
4 ms. Memory: 45056K Free: 24199K (54%)
ptolemy.util.test.WatchDog.cancel(): canceling Sat Oct 12 06:05:20 UTC 2019
------------------ testing $PTII/ptolemy/domains/de/test/auto/DEinDEwithStartTimes2.xml
auto.tcl: Setting watchdog for 200 seconds at Sat Oct 12 06:05:20 UTC 2019
7 ms. Memory: 45056K Free: 24855K (55%)
ptolemy.util.test.WatchDog.cancel(): canceling Sat Oct 12 06:05:20 UTC 2019
auto.tcl: Setting watchdog for 200 seconds at Sat Oct 12 06:05:20 UTC 2019
4 ms. Memory: 45056K Free: 23525K (52%)
ptolemy.util.test.WatchDog.cancel(): canceling Sat Oct 12 06:05:20 UTC 2019
------------------ testing $PTII/ptolemy/domains/de/test/auto/DateDemo.xml
auto.tcl: Setting watchdog for 200 seconds at Sat Oct 12 06:05:20 UTC 2019
25 ms. Memory: 45056K Free: 19764K (44%)
ptolemy.util.test.WatchDog.cancel(): canceling Sat Oct 12 06:05:20 UTC 2019
auto.tcl: Setting watchdog for 200 seconds at Sat Oct 12 06:05:20 UTC 2019
7 ms. Memory: 45056K Free: 18026K (40%)
ptolemy.util.test.WatchDog.cancel(): canceling Sat Oct 12 06:05:20 UTC 2019
------------------ testing $PTII/ptolemy/domains/de/test/auto/DateToEvent.xml
auto.tcl: Setting watchdog for 200 seconds at Sat Oct 12 06:05:20 UTC 2019
2013 ms. Memory: 45056K Free: 14656K (33%)
ptolemy.util.test.WatchDog.cancel(): canceling Sat Oct 12 06:05:22 UTC 2019
auto.tcl: Setting watchdog for 200 seconds at Sat Oct 12 06:05:22 UTC 2019
2005 ms. Memory: 45056K Free: 14263K (32%)
ptolemy.util.test.WatchDog.cancel(): canceling Sat Oct 12 06:05:24 UTC 2019
------------------ testing $PTII/ptolemy/domains/de/test/auto/DepthTest1.xml
auto.tcl: Setting watchdog for 200 seconds at Sat Oct 12 06:05:24 UTC 2019
3 ms. Memory: 45056K Free: 28228K (63%)
ptolemy.util.test.WatchDog.cancel(): canceling Sat Oct 12 06:05:24 UTC 2019
auto.tcl: Setting watchdog for 200 seconds at Sat Oct 12 06:05:24 UTC 2019
2 ms. Memory: 45056K Free: 27847K (62%)
ptolemy.util.test.WatchDog.cancel(): canceling Sat Oct 12 06:05:24 UTC 2019
------------------ testing $PTII/ptolemy/domains/de/test/auto/DepthTest2.xml
auto.tcl: Setting watchdog for 200 seconds at Sat Oct 12 06:05:24 UTC 2019
4 ms. Memory: 45056K Free: 25120K (56%)
ptolemy.util.test.WatchDog.cancel(): canceling Sat Oct 12 06:05:24 UTC 2019
auto.tcl: Setting watchdog for 200 seconds at Sat Oct 12 06:05:24 UTC 2019
2 ms. Memory: 45056K Free: 24559K (55%)
ptolemy.util.test.WatchDog.cancel(): canceling Sat Oct 12 06:05:24 UTC 2019
------------------ testing $PTII/ptolemy/domains/de/test/auto/DepthTest3.xml
auto.tcl: Setting watchdog for 200 seconds at Sat Oct 12 06:05:24 UTC 2019
4 ms. Memory: 45056K Free: 28703K (64%)
ptolemy.util.test.WatchDog.cancel(): canceling Sat Oct 12 06:05:24 UTC 2019
auto.tcl: Setting watchdog for 200 seconds at Sat Oct 12 06:05:24 UTC 2019
2 ms. Memory: 45056K Free: 28166K (63%)
ptolemy.util.test.WatchDog.cancel(): canceling Sat Oct 12 06:05:24 UTC 2019
------------------ testing $PTII/ptolemy/domains/de/test/auto/DepthTest4.xml
auto.tcl: Setting watchdog for 200 seconds at Sat Oct 12 06:05:24 UTC 2019
6 ms. Memory: 45056K Free: 26925K (60%)
ptolemy.util.test.WatchDog.cancel(): canceling Sat Oct 12 06:05:24 UTC 2019
auto.tcl: Setting watchdog for 200 seconds at Sat Oct 12 06:05:24 UTC 2019
3 ms. Memory: 45056K Free: 26193K (58%)
ptolemy.util.test.WatchDog.cancel(): canceling Sat Oct 12 06:05:24 UTC 2019
------------------ testing $PTII/ptolemy/domains/de/test/auto/DepthTest5.xml
auto.tcl: Setting watchdog for 200 seconds at Sat Oct 12 06:05:24 UTC 2019
5 ms. Memory: 45056K Free: 26329K (58%)
ptolemy.util.test.WatchDog.cancel(): canceling Sat Oct 12 06:05:25 UTC 2019
auto.tcl: Setting watchdog for 200 seconds at Sat Oct 12 06:05:25 UTC 2019
3 ms. Memory: 45056K Free: 25602K (57%)
ptolemy.util.test.WatchDog.cancel(): canceling Sat Oct 12 06:05:25 UTC 2019
------------------ testing $PTII/ptolemy/domains/de/test/auto/DepthTest6.xml
auto.tcl: Setting watchdog for 200 seconds at Sat Oct 12 06:05:25 UTC 2019
4 ms. Memory: 45056K Free: 26013K (58%)
ptolemy.util.test.WatchDog.cancel(): canceling Sat Oct 12 06:05:25 UTC 2019
auto.tcl: Setting watchdog for 200 seconds at Sat Oct 12 06:05:25 UTC 2019
3 ms. Memory: 45056K Free: 25499K (57%)
ptolemy.util.test.WatchDog.cancel(): canceling Sat Oct 12 06:05:25 UTC 2019
------------------ testing $PTII/ptolemy/domains/de/test/auto/DepthTest7.xml
auto.tcl: Setting watchdog for 200 seconds at Sat Oct 12 06:05:25 UTC 2019
3 ms. Memory: 45056K Free: 26520K (59%)
ptolemy.util.test.WatchDog.cancel(): canceling Sat Oct 12 06:05:25 UTC 2019
auto.tcl: Setting watchdog for 200 seconds at Sat Oct 12 06:05:25 UTC 2019
2 ms. Memory: 45056K Free: 26155K (58%)
ptolemy.util.test.WatchDog.cancel(): canceling Sat Oct 12 06:05:25 UTC 2019
------------------ testing $PTII/ptolemy/domains/de/test/auto/EventToDate.xml
auto.tcl: Setting watchdog for 200 seconds at Sat Oct 12 06:05:25 UTC 2019
3006 ms. Memory: 45056K Free: 17663K (39%)
ptolemy.util.test.WatchDog.cancel(): canceling Sat Oct 12 06:05:28 UTC 2019
auto.tcl: Setting watchdog for 200 seconds at Sat Oct 12 06:05:28 UTC 2019
3004 ms. Memory: 45056K Free: 16945K (38%)
ptolemy.util.test.WatchDog.cancel(): canceling Sat Oct 12 06:05:31 UTC 2019
------------------ testing $PTII/ptolemy/domains/de/test/auto/FSM1.xml
auto.tcl: Setting watchdog for 200 seconds at Sat Oct 12 06:05:31 UTC 2019
46 ms. Memory: 45056K Free: 18323K (41%)
ptolemy.util.test.WatchDog.cancel(): canceling Sat Oct 12 06:05:31 UTC 2019
auto.tcl: Setting watchdog for 200 seconds at Sat Oct 12 06:05:31 UTC 2019
26 ms. Memory: 45056K Free: 15225K (34%)
ptolemy.util.test.WatchDog.cancel(): canceling Sat Oct 12 06:05:31 UTC 2019
------------------ testing $PTII/ptolemy/domains/de/test/auto/FSM7.xml
auto.tcl: Setting watchdog for 200 seconds at Sat Oct 12 06:05:31 UTC 2019
15 ms. Memory: 45056K Free: 18571K (41%)
ptolemy.util.test.WatchDog.cancel(): canceling Sat Oct 12 06:05:31 UTC 2019
auto.tcl: Setting watchdog for 200 seconds at Sat Oct 12 06:05:31 UTC 2019
22 ms. Memory: 45056K Free: 15438K (34%)
ptolemy.util.test.WatchDog.cancel(): canceling Sat Oct 12 06:05:31 UTC 2019
------------------ testing $PTII/ptolemy/domains/de/test/auto/Inspection.xml
auto.tcl: Setting watchdog for 200 seconds at Sat Oct 12 06:05:31 UTC 2019
38 ms. Memory: 45056K Free: 18391K (41%)
ptolemy.util.test.WatchDog.cancel(): canceling Sat Oct 12 06:05:31 UTC 2019
auto.tcl: Setting watchdog for 200 seconds at Sat Oct 12 06:05:31 UTC 2019
33 ms. Memory: 45056K Free: 16511K (37%)
ptolemy.util.test.WatchDog.cancel(): canceling Sat Oct 12 06:05:31 UTC 2019
------------------ testing $PTII/ptolemy/domains/de/test/auto/Iteration.xml
auto.tcl: Setting watchdog for 200 seconds at Sat Oct 12 06:05:31 UTC 2019
11 ms. Memory: 45056K Free: 24288K (54%)
ptolemy.util.test.WatchDog.cancel(): canceling Sat Oct 12 06:05:31 UTC 2019
auto.tcl: Setting watchdog for 200 seconds at Sat Oct 12 06:05:31 UTC 2019
8 ms. Memory: 45056K Free: 23264K (52%)
ptolemy.util.test.WatchDog.cancel(): canceling Sat Oct 12 06:05:31 UTC 2019
------------------ testing $PTII/ptolemy/domains/de/test/auto/LineFault.xml
auto.tcl: Setting watchdog for 200 seconds at Sat Oct 12 06:05:31 UTC 2019
683 ms. Memory: 45056K Free: 11761K (26%)
ptolemy.util.test.WatchDog.cancel(): canceling Sat Oct 12 06:05:32 UTC 2019
auto.tcl: Setting watchdog for 200 seconds at Sat Oct 12 06:05:32 UTC 2019
613 ms. Memory: 59392K Free: 34004K (57%)
ptolemy.util.test.WatchDog.cancel(): canceling Sat Oct 12 06:05:33 UTC 2019
------------------ testing $PTII/ptolemy/domains/de/test/auto/MergeModel1Add.xml
auto.tcl: Setting watchdog for 200 seconds at Sat Oct 12 06:05:33 UTC 2019
17 ms. Memory: 55296K Free: 20259K (37%)
ptolemy.util.test.WatchDog.cancel(): canceling Sat Oct 12 06:05:33 UTC 2019
auto.tcl: Setting watchdog for 200 seconds at Sat Oct 12 06:05:33 UTC 2019
11 ms. Memory: 55296K Free: 18719K (34%)
ptolemy.util.test.WatchDog.cancel(): canceling Sat Oct 12 06:05:33 UTC 2019
------------------ testing $PTII/ptolemy/domains/de/test/auto/MergeModel2Add.xml
auto.tcl: Setting watchdog for 200 seconds at Sat Oct 12 06:05:33 UTC 2019
9 ms. Memory: 51200K Free: 18752K (37%)
ptolemy.util.test.WatchDog.cancel(): canceling Sat Oct 12 06:05:33 UTC 2019
auto.tcl: Setting watchdog for 200 seconds at Sat Oct 12 06:05:33 UTC 2019
8 ms. Memory: 51200K Free: 17123K (33%)
ptolemy.util.test.WatchDog.cancel(): canceling Sat Oct 12 06:05:33 UTC 2019
------------------ testing $PTII/ptolemy/domains/de/test/auto/MergeModel3Add.xml
auto.tcl: Setting watchdog for 200 seconds at Sat Oct 12 06:05:33 UTC 2019
7 ms. Memory: 51200K Free: 18511K (36%)
ptolemy.util.test.WatchDog.cancel(): canceling Sat Oct 12 06:05:33 UTC 2019
auto.tcl: Setting watchdog for 200 seconds at Sat Oct 12 06:05:33 UTC 2019
7 ms. Memory: 51200K Free: 17154K (34%)
ptolemy.util.test.WatchDog.cancel(): canceling Sat Oct 12 06:05:33 UTC 2019
------------------ testing $PTII/ptolemy/domains/de/test/auto/MergeWithoutDiscard.xml
auto.tcl: Setting watchdog for 200 seconds at Sat Oct 12 06:05:33 UTC 2019
1 ms. Memory: 51200K Free: 33419K (65%)
ptolemy.util.test.WatchDog.cancel(): canceling Sat Oct 12 06:05:33 UTC 2019
auto.tcl: Setting watchdog for 200 seconds at Sat Oct 12 06:05:33 UTC 2019
2 ms. Memory: 51200K Free: 32898K (64%)
ptolemy.util.test.WatchDog.cancel(): canceling Sat Oct 12 06:05:33 UTC 2019
------------------ testing $PTII/ptolemy/domains/de/test/auto/Modal1.xml
auto.tcl: Setting watchdog for 200 seconds at Sat Oct 12 06:05:33 UTC 2019
17 ms. Memory: 48128K Free: 21926K (46%)
ptolemy.util.test.WatchDog.cancel(): canceling Sat Oct 12 06:05:34 UTC 2019
auto.tcl: Setting watchdog for 200 seconds at Sat Oct 12 06:05:34 UTC 2019
22 ms. Memory: 48128K Free: 18504K (38%)
ptolemy.util.test.WatchDog.cancel(): canceling Sat Oct 12 06:05:34 UTC 2019
------------------ testing $PTII/ptolemy/domains/de/test/auto/Modal2.xml
auto.tcl: Setting watchdog for 200 seconds at Sat Oct 12 06:05:34 UTC 2019
11 ms. Memory: 48128K Free: 22028K (46%)
ptolemy.util.test.WatchDog.cancel(): canceling Sat Oct 12 06:05:34 UTC 2019
auto.tcl: Setting watchdog for 200 seconds at Sat Oct 12 06:05:34 UTC 2019
10 ms. Memory: 48128K Free: 18803K (39%)
ptolemy.util.test.WatchDog.cancel(): canceling Sat Oct 12 06:05:34 UTC 2019
------------------ testing $PTII/ptolemy/domains/de/test/auto/Modal3.xml
auto.tcl: Setting watchdog for 200 seconds at Sat Oct 12 06:05:34 UTC 2019
17 ms. Memory: 48128K Free: 21748K (45%)
ptolemy.util.test.WatchDog.cancel(): canceling Sat Oct 12 06:05:34 UTC 2019
auto.tcl: Setting watchdog for 200 seconds at Sat Oct 12 06:05:34 UTC 2019
14 ms. Memory: 48128K Free: 18428K (38%)
ptolemy.util.test.WatchDog.cancel(): canceling Sat Oct 12 06:05:34 UTC 2019
------------------ testing $PTII/ptolemy/domains/de/test/auto/Modal4.xml
auto.tcl: Setting watchdog for 200 seconds at Sat Oct 12 06:05:34 UTC 2019
21 ms. Memory: 48128K Free: 20986K (44%)
ptolemy.util.test.WatchDog.cancel(): canceling Sat Oct 12 06:05:34 UTC 2019
auto.tcl: Setting watchdog for 200 seconds at Sat Oct 12 06:05:34 UTC 2019
17 ms. Memory: 48128K Free: 17131K (36%)
ptolemy.util.test.WatchDog.cancel(): canceling Sat Oct 12 06:05:34 UTC 2019
------------------ testing $PTII/ptolemy/domains/de/test/auto/Modal5.xml
auto.tcl: Setting watchdog for 200 seconds at Sat Oct 12 06:05:34 UTC 2019
14 ms. Memory: 48128K Free: 20965K (44%)
ptolemy.util.test.WatchDog.cancel(): canceling Sat Oct 12 06:05:34 UTC 2019
auto.tcl: Setting watchdog for 200 seconds at Sat Oct 12 06:05:34 UTC 2019
14 ms. Memory: 48128K Free: 17118K (36%)
ptolemy.util.test.WatchDog.cancel(): canceling Sat Oct 12 06:05:34 UTC 2019
------------------ testing $PTII/ptolemy/domains/de/test/auto/Modal6.xml
auto.tcl: Setting watchdog for 200 seconds at Sat Oct 12 06:05:34 UTC 2019
11 ms. Memory: 48128K Free: 21737K (45%)
ptolemy.util.test.WatchDog.cancel(): canceling Sat Oct 12 06:05:34 UTC 2019
auto.tcl: Setting watchdog for 200 seconds at Sat Oct 12 06:05:34 UTC 2019
13 ms. Memory: 48128K Free: 17795K (37%)
ptolemy.util.test.WatchDog.cancel(): canceling Sat Oct 12 06:05:34 UTC 2019
------------------ testing $PTII/ptolemy/domains/de/test/auto/Modal7.xml
auto.tcl: Setting watchdog for 200 seconds at Sat Oct 12 06:05:34 UTC 2019
17 ms. Memory: 48128K Free: 20739K (43%)
ptolemy.util.test.WatchDog.cancel(): canceling Sat Oct 12 06:05:34 UTC 2019
auto.tcl: Setting watchdog for 200 seconds at Sat Oct 12 06:05:34 UTC 2019
12 ms. Memory: 48128K Free: 17132K (36%)
ptolemy.util.test.WatchDog.cancel(): canceling Sat Oct 12 06:05:34 UTC 2019
------------------ testing $PTII/ptolemy/domains/de/test/auto/ModalModel.xml
auto.tcl: Setting watchdog for 200 seconds at Sat Oct 12 06:05:34 UTC 2019
217 ms. Memory: 68608K Free: 49575K (72%)
ptolemy.util.test.WatchDog.cancel(): canceling Sat Oct 12 06:05:35 UTC 2019
auto.tcl: Setting watchdog for 200 seconds at Sat Oct 12 06:05:35 UTC 2019
236 ms. Memory: 68608K Free: 52061K (76%)
ptolemy.util.test.WatchDog.cancel(): canceling Sat Oct 12 06:05:35 UTC 2019
------------------ testing $PTII/ptolemy/domains/de/test/auto/ModalSource.xml
auto.tcl: Setting watchdog for 200 seconds at Sat Oct 12 06:05:35 UTC 2019
7 ms. Memory: 48128K Free: 25825K (54%)
ptolemy.util.test.WatchDog.cancel(): canceling Sat Oct 12 06:05:35 UTC 2019
auto.tcl: Setting watchdog for 200 seconds at Sat Oct 12 06:05:35 UTC 2019
6 ms. Memory: 48128K Free: 23743K (49%)
ptolemy.util.test.WatchDog.cancel(): canceling Sat Oct 12 06:05:35 UTC 2019
------------------ testing $PTII/ptolemy/domains/de/test/auto/NonInterruptibleTimerZeroDelay.xml
auto.tcl: Setting watchdog for 200 seconds at Sat Oct 12 06:05:35 UTC 2019
3 ms. Memory: 48128K Free: 30819K (64%)
ptolemy.util.test.WatchDog.cancel(): canceling Sat Oct 12 06:05:35 UTC 2019
auto.tcl: Setting watchdog for 200 seconds at Sat Oct 12 06:05:35 UTC 2019
2 ms. Memory: 48128K Free: 30065K (62%)
ptolemy.util.test.WatchDog.cancel(): canceling Sat Oct 12 06:05:35 UTC 2019
------------------ testing $PTII/ptolemy/domains/de/test/auto/OpenQueueingNetwork.xml
auto.tcl: Setting watchdog for 200 seconds at Sat Oct 12 06:05:35 UTC 2019
3303 ms. Memory: 97280K Free: 32774K (34%)
ptolemy.util.test.WatchDog.cancel(): canceling Sat Oct 12 06:05:38 UTC 2019
auto.tcl: Setting watchdog for 200 seconds at Sat Oct 12 06:05:38 UTC 2019
2716 ms. Memory: 116736K Free: 34391K (29%)
ptolemy.util.test.WatchDog.cancel(): canceling Sat Oct 12 06:05:41 UTC 2019
------------------ testing $PTII/ptolemy/domains/de/test/auto/OpenQueuingNetwork.xml
auto.tcl: Setting watchdog for 200 seconds at Sat Oct 12 06:05:41 UTC 2019
278 ms. Memory: 51200K Free: 16284K (32%)
ptolemy.util.test.WatchDog.cancel(): canceling Sat Oct 12 06:05:42 UTC 2019
auto.tcl: Setting watchdog for 200 seconds at Sat Oct 12 06:05:42 UTC 2019
277 ms. Memory: 61440K Free: 31875K (52%)
ptolemy.util.test.WatchDog.cancel(): canceling Sat Oct 12 06:05:42 UTC 2019
------------------ testing $PTII/ptolemy/domains/de/test/auto/PeriodicSampler.xml
auto.tcl: Setting watchdog for 200 seconds at Sat Oct 12 06:05:42 UTC 2019
2 ms. Memory: 48128K Free: 29923K (62%)
ptolemy.util.test.WatchDog.cancel(): canceling Sat Oct 12 06:05:42 UTC 2019
auto.tcl: Setting watchdog for 200 seconds at Sat Oct 12 06:05:42 UTC 2019
2 ms. Memory: 48128K Free: 28986K (60%)
ptolemy.util.test.WatchDog.cancel(): canceling Sat Oct 12 06:05:42 UTC 2019
------------------ testing $PTII/ptolemy/domains/de/test/auto/PersistentIO.xml
auto.tcl: Setting watchdog for 200 seconds at Sat Oct 12 06:05:42 UTC 2019
6 ms. Memory: 48128K Free: 24848K (52%)
ptolemy.util.test.WatchDog.cancel(): canceling Sat Oct 12 06:05:42 UTC 2019
auto.tcl: Setting watchdog for 200 seconds at Sat Oct 12 06:05:42 UTC 2019
4 ms. Memory: 48128K Free: 23422K (49%)
ptolemy.util.test.WatchDog.cancel(): canceling Sat Oct 12 06:05:42 UTC 2019
------------------ testing $PTII/ptolemy/domains/de/test/auto/PortParameterResetOnInitialize.xml
auto.tcl: Setting watchdog for 200 seconds at Sat Oct 12 06:05:42 UTC 2019
2 ms. Memory: 48128K Free: 29831K (62%)
ptolemy.util.test.WatchDog.cancel(): canceling Sat Oct 12 06:05:42 UTC 2019
auto.tcl: Setting watchdog for 200 seconds at Sat Oct 12 06:05:42 UTC 2019
2 ms. Memory: 48128K Free: 29395K (61%)
ptolemy.util.test.WatchDog.cancel(): canceling Sat Oct 12 06:05:42 UTC 2019
------------------ testing $PTII/ptolemy/domains/de/test/auto/PortParameterUpdates.xml
auto.tcl: Setting watchdog for 200 seconds at Sat Oct 12 06:05:42 UTC 2019
4 ms. Memory: 48128K Free: 28175K (59%)
ptolemy.util.test.WatchDog.cancel(): canceling Sat Oct 12 06:05:42 UTC 2019
auto.tcl: Setting watchdog for 200 seconds at Sat Oct 12 06:05:42 UTC 2019
4 ms. Memory: 48128K Free: 26948K (56%)
ptolemy.util.test.WatchDog.cancel(): canceling Sat Oct 12 06:05:42 UTC 2019
------------------ testing $PTII/ptolemy/domains/de/test/auto/QueueAndServer.xml
auto.tcl: Setting watchdog for 200 seconds at Sat Oct 12 06:05:42 UTC 2019
14 ms. Memory: 48128K Free: 27116K (56%)
ptolemy.util.test.WatchDog.cancel(): canceling Sat Oct 12 06:05:42 UTC 2019
auto.tcl: Setting watchdog for 200 seconds at Sat Oct 12 06:05:42 UTC 2019
7 ms. Memory: 48128K Free: 25471K (53%)
ptolemy.util.test.WatchDog.cancel(): canceling Sat Oct 12 06:05:42 UTC 2019
------------------ testing $PTII/ptolemy/domains/de/test/auto/Records.xml
auto.tcl: Setting watchdog for 200 seconds at Sat Oct 12 06:05:42 UTC 2019
3 ms. Memory: 48128K Free: 29412K (61%)
ptolemy.util.test.WatchDog.cancel(): canceling Sat Oct 12 06:05:42 UTC 2019
auto.tcl: Setting watchdog for 200 seconds at Sat Oct 12 06:05:42 UTC 2019
2 ms. Memory: 48128K Free: 28923K (60%)
ptolemy.util.test.WatchDog.cancel(): canceling Sat Oct 12 06:05:42 UTC 2019
------------------ testing $PTII/ptolemy/domains/de/test/auto/ResetTransitionWithStartTime1.xml
auto.tcl: Setting watchdog for 200 seconds at Sat Oct 12 06:05:42 UTC 2019
10 ms. Memory: 48128K Free: 26492K (55%)
ptolemy.util.test.WatchDog.cancel(): canceling Sat Oct 12 06:05:42 UTC 2019
auto.tcl: Setting watchdog for 200 seconds at Sat Oct 12 06:05:42 UTC 2019
6 ms. Memory: 48128K Free: 24283K (50%)
ptolemy.util.test.WatchDog.cancel(): canceling Sat Oct 12 06:05:42 UTC 2019
------------------ testing $PTII/ptolemy/domains/de/test/auto/ResetTransitionWithStartTime2.xml
auto.tcl: Setting watchdog for 200 seconds at Sat Oct 12 06:05:43 UTC 2019
7 ms. Memory: 48128K Free: 26285K (55%)
ptolemy.util.test.WatchDog.cancel(): canceling Sat Oct 12 06:05:43 UTC 2019
auto.tcl: Setting watchdog for 200 seconds at Sat Oct 12 06:05:43 UTC 2019
8 ms. Memory: 48128K Free: 23785K (49%)
ptolemy.util.test.WatchDog.cancel(): canceling Sat Oct 12 06:05:43 UTC 2019
------------------ testing $PTII/ptolemy/domains/de/test/auto/ResetTransitionWithStartTime3.xml
auto.tcl: Setting watchdog for 200 seconds at Sat Oct 12 06:05:43 UTC 2019
10 ms. Memory: 48128K Free: 26284K (55%)
ptolemy.util.test.WatchDog.cancel(): canceling Sat Oct 12 06:05:43 UTC 2019
auto.tcl: Setting watchdog for 200 seconds at Sat Oct 12 06:05:43 UTC 2019
6 ms. Memory: 48128K Free: 23798K (49%)
ptolemy.util.test.WatchDog.cancel(): canceling Sat Oct 12 06:05:43 UTC 2019
------------------ testing $PTII/ptolemy/domains/de/test/auto/ResetTransitionWithStartTime4.xml
auto.tcl: Setting watchdog for 200 seconds at Sat Oct 12 06:05:43 UTC 2019
9 ms. Memory: 48128K Free: 26773K (56%)
ptolemy.util.test.WatchDog.cancel(): canceling Sat Oct 12 06:05:43 UTC 2019
auto.tcl: Setting watchdog for 200 seconds at Sat Oct 12 06:05:43 UTC 2019
3 ms. Memory: 48128K Free: 25400K (53%)
ptolemy.util.test.WatchDog.cancel(): canceling Sat Oct 12 06:05:43 UTC 2019
------------------ testing $PTII/ptolemy/domains/de/test/auto/ResettableTimer1.xml
auto.tcl: Setting watchdog for 200 seconds at Sat Oct 12 06:05:43 UTC 2019
3 ms. Memory: 48128K Free: 30789K (64%)
ptolemy.util.test.WatchDog.cancel(): canceling Sat Oct 12 06:05:43 UTC 2019
auto.tcl: Setting watchdog for 200 seconds at Sat Oct 12 06:05:43 UTC 2019
4 ms. Memory: 48128K Free: 29923K (62%)
ptolemy.util.test.WatchDog.cancel(): canceling Sat Oct 12 06:05:43 UTC 2019
------------------ testing $PTII/ptolemy/domains/de/test/auto/ResettableTimer2.xml
auto.tcl: Setting watchdog for 200 seconds at Sat Oct 12 06:05:43 UTC 2019
3 ms. Memory: 48128K Free: 30418K (63%)
ptolemy.util.test.WatchDog.cancel(): canceling Sat Oct 12 06:05:43 UTC 2019
auto.tcl: Setting watchdog for 200 seconds at Sat Oct 12 06:05:43 UTC 2019
4 ms. Memory: 48128K Free: 29527K (61%)
ptolemy.util.test.WatchDog.cancel(): canceling Sat Oct 12 06:05:43 UTC 2019
------------------ testing $PTII/ptolemy/domains/de/test/auto/ResettableTimer3.xml
auto.tcl: Setting watchdog for 200 seconds at Sat Oct 12 06:05:43 UTC 2019
1 ms. Memory: 48128K Free: 30927K (64%)
ptolemy.util.test.WatchDog.cancel(): canceling Sat Oct 12 06:05:43 UTC 2019
auto.tcl: Setting watchdog for 200 seconds at Sat Oct 12 06:05:43 UTC 2019
2 ms. Memory: 48128K Free: 30474K (63%)
ptolemy.util.test.WatchDog.cancel(): canceling Sat Oct 12 06:05:43 UTC 2019
------------------ testing $PTII/ptolemy/domains/de/test/auto/ResettableTimer4.xml
auto.tcl: Setting watchdog for 200 seconds at Sat Oct 12 06:05:43 UTC 2019
1 ms. Memory: 48128K Free: 30927K (64%)
ptolemy.util.test.WatchDog.cancel(): canceling Sat Oct 12 06:05:43 UTC 2019
auto.tcl: Setting watchdog for 200 seconds at Sat Oct 12 06:05:43 UTC 2019
2 ms. Memory: 48128K Free: 30431K (63%)
ptolemy.util.test.WatchDog.cancel(): canceling Sat Oct 12 06:05:43 UTC 2019
------------------ testing $PTII/ptolemy/domains/de/test/auto/ResettableTimer5.xml
auto.tcl: Setting watchdog for 200 seconds at Sat Oct 12 06:05:43 UTC 2019
2 ms. Memory: 48128K Free: 29901K (62%)
ptolemy.util.test.WatchDog.cancel(): canceling Sat Oct 12 06:05:43 UTC 2019
auto.tcl: Setting watchdog for 200 seconds at Sat Oct 12 06:05:43 UTC 2019
1 ms. Memory: 48128K Free: 29432K (61%)
ptolemy.util.test.WatchDog.cancel(): canceling Sat Oct 12 06:05:43 UTC 2019
------------------ testing $PTII/ptolemy/domains/de/test/auto/ResettableTimer6.xml
auto.tcl: Setting watchdog for 200 seconds at Sat Oct 12 06:05:43 UTC 2019
1 ms. Memory: 48128K Free: 29891K (62%)
ptolemy.util.test.WatchDog.cancel(): canceling Sat Oct 12 06:05:43 UTC 2019
auto.tcl: Setting watchdog for 200 seconds at Sat Oct 12 06:05:43 UTC 2019
2 ms. Memory: 48128K Free: 29439K (61%)
ptolemy.util.test.WatchDog.cancel(): canceling Sat Oct 12 06:05:43 UTC 2019
------------------ testing $PTII/ptolemy/domains/de/test/auto/ServerZeroDelay.xml
auto.tcl: Setting watchdog for 200 seconds at Sat Oct 12 06:05:43 UTC 2019
3 ms. Memory: 48128K Free: 30410K (63%)
ptolemy.util.test.WatchDog.cancel(): canceling Sat Oct 12 06:05:43 UTC 2019
auto.tcl: Setting watchdog for 200 seconds at Sat Oct 12 06:05:43 UTC 2019
4 ms. Memory: 48128K Free: 29519K (61%)
ptolemy.util.test.WatchDog.cancel(): canceling Sat Oct 12 06:05:43 UTC 2019
------------------ testing $PTII/ptolemy/domains/de/test/auto/SmartSender.xml
auto.tcl: Setting watchdog for 200 seconds at Sat Oct 12 06:05:43 UTC 2019
3002 ms. Memory: 48128K Free: 30464K (63%)
ptolemy.util.test.WatchDog.cancel(): canceling Sat Oct 12 06:05:46 UTC 2019
auto.tcl: Setting watchdog for 200 seconds at Sat Oct 12 06:05:46 UTC 2019
3002 ms. Memory: 48128K Free: 29966K (62%)
ptolemy.util.test.WatchDog.cancel(): canceling Sat Oct 12 06:05:49 UTC 2019
------------------ testing $PTII/ptolemy/domains/de/test/auto/ThreadedComposite.xml
auto.tcl: Setting watchdog for 200 seconds at Sat Oct 12 06:05:49 UTC 2019
945 ms. Memory: 48128K Free: 14761K (31%)
ptolemy.util.test.WatchDog.cancel(): canceling Sat Oct 12 06:05:50 UTC 2019
auto.tcl: Setting watchdog for 200 seconds at Sat Oct 12 06:05:50 UTC 2019
150 ms. Memory: 48128K Free: 27673K (57%)
ptolemy.util.test.WatchDog.cancel(): canceling Sat Oct 12 06:05:50 UTC 2019
------------------ testing $PTII/ptolemy/domains/de/test/auto/Time.xml
auto.tcl: Setting watchdog for 200 seconds at Sat Oct 12 06:05:51 UTC 2019
556 ms. Memory: 48128K Free: 30202K (63%)
ptolemy.util.test.WatchDog.cancel(): canceling Sat Oct 12 06:05:51 UTC 2019
auto.tcl: Setting watchdog for 200 seconds at Sat Oct 12 06:05:51 UTC 2019
507 ms. Memory: 48128K Free: 30278K (63%)
ptolemy.util.test.WatchDog.cancel(): canceling Sat Oct 12 06:05:52 UTC 2019
------------------ testing $PTII/ptolemy/domains/de/test/auto/TimeDelayZeroDelay.xml
auto.tcl: Setting watchdog for 200 seconds at Sat Oct 12 06:05:52 UTC 2019
2 ms. Memory: 48128K Free: 30832K (64%)
ptolemy.util.test.WatchDog.cancel(): canceling Sat Oct 12 06:05:52 UTC 2019
auto.tcl: Setting watchdog for 200 seconds at Sat Oct 12 06:05:52 UTC 2019
3 ms. Memory: 48128K Free: 29934K (62%)
ptolemy.util.test.WatchDog.cancel(): canceling Sat Oct 12 06:05:52 UTC 2019
------------------ testing $PTII/ptolemy/domains/de/test/auto/TimerZeroDelay.xml
auto.tcl: Setting watchdog for 200 seconds at Sat Oct 12 06:05:52 UTC 2019
3 ms. Memory: 48128K Free: 30822K (64%)
ptolemy.util.test.WatchDog.cancel(): canceling Sat Oct 12 06:05:52 UTC 2019
auto.tcl: Setting watchdog for 200 seconds at Sat Oct 12 06:05:52 UTC 2019
2 ms. Memory: 48128K Free: 29977K (62%)
ptolemy.util.test.WatchDog.cancel(): canceling Sat Oct 12 06:05:52 UTC 2019
------------------ testing $PTII/ptolemy/domains/de/test/auto/TimingParadox.xml
auto.tcl: Setting watchdog for 200 seconds at Sat Oct 12 06:05:52 UTC 2019
376 ms. Memory: 48128K Free: 13859K (29%)
ptolemy.util.test.WatchDog.cancel(): canceling Sat Oct 12 06:05:52 UTC 2019
auto.tcl: Setting watchdog for 200 seconds at Sat Oct 12 06:05:52 UTC 2019
385 ms. Memory: 92160K Free: 70208K (76%)
ptolemy.util.test.WatchDog.cancel(): canceling Sat Oct 12 06:05:53 UTC 2019
------------------ testing $PTII/ptolemy/domains/de/test/auto/TransferInputs.xml
auto.tcl: Setting watchdog for 200 seconds at Sat Oct 12 06:05:53 UTC 2019
2 ms. Memory: 51200K Free: 31927K (62%)
ptolemy.util.test.WatchDog.cancel(): canceling Sat Oct 12 06:05:53 UTC 2019
auto.tcl: Setting watchdog for 200 seconds at Sat Oct 12 06:05:53 UTC 2019
2 ms. Memory: 51200K Free: 31012K (61%)
ptolemy.util.test.WatchDog.cancel(): canceling Sat Oct 12 06:05:53 UTC 2019
------------------ testing $PTII/ptolemy/domains/de/test/auto/TransferOutputs2.xml
auto.tcl: Setting watchdog for 200 seconds at Sat Oct 12 06:05:53 UTC 2019
4 ms. Memory: 48128K Free: 26289K (55%)
ptolemy.util.test.WatchDog.cancel(): canceling Sat Oct 12 06:05:53 UTC 2019
auto.tcl: Setting watchdog for 200 seconds at Sat Oct 12 06:05:53 UTC 2019
2 ms. Memory: 48128K Free: 24897K (52%)
ptolemy.util.test.WatchDog.cancel(): canceling Sat Oct 12 06:05:53 UTC 2019
------------------ testing $PTII/ptolemy/domains/de/test/auto/Trilateration.xml
auto.tcl: Setting watchdog for 200 seconds at Sat Oct 12 06:05:53 UTC 2019
14241 ms. Memory: 434176K Free: 187081K (43%)
ptolemy.util.test.WatchDog.cancel(): canceling Sat Oct 12 06:06:08 UTC 2019
auto.tcl: Setting watchdog for 200 seconds at Sat Oct 12 06:06:08 UTC 2019
10916 ms. Memory: 434176K Free: 394066K (91%)
ptolemy.util.test.WatchDog.cancel(): canceling Sat Oct 12 06:06:19 UTC 2019
------------------ testing $PTII/ptolemy/domains/de/test/auto/TwoSigmaDelta.xml
auto.tcl: Setting watchdog for 200 seconds at Sat Oct 12 06:06:19 UTC 2019
2702 ms. Memory: 89088K Free: 25486K (29%)
ptolemy.util.test.WatchDog.cancel(): canceling Sat Oct 12 06:06:22 UTC 2019
auto.tcl: Setting watchdog for 200 seconds at Sat Oct 12 06:06:22 UTC 2019
2105 ms. Memory: 89088K Free: 25465K (29%)
ptolemy.util.test.WatchDog.cancel(): canceling Sat Oct 12 06:06:24 UTC 2019
------------------ testing $PTII/ptolemy/domains/de/test/auto/VariableDelay.xml
auto.tcl: Setting watchdog for 200 seconds at Sat Oct 12 06:06:24 UTC 2019
2 ms. Memory: 51200K Free: 32399K (63%)
ptolemy.util.test.WatchDog.cancel(): canceling Sat Oct 12 06:06:24 UTC 2019
auto.tcl: Setting watchdog for 200 seconds at Sat Oct 12 06:06:24 UTC 2019
2 ms. Memory: 51200K Free: 31405K (61%)
ptolemy.util.test.WatchDog.cancel(): canceling Sat Oct 12 06:06:24 UTC 2019
------------------ testing $PTII/ptolemy/domains/de/test/auto/VariableDelay2.xml
auto.tcl: Setting watchdog for 200 seconds at Sat Oct 12 06:06:24 UTC 2019
6 ms. Memory: 51200K Free: 33425K (65%)
ptolemy.util.test.WatchDog.cancel(): canceling Sat Oct 12 06:06:24 UTC 2019
auto.tcl: Setting watchdog for 200 seconds at Sat Oct 12 06:06:24 UTC 2019
1 ms. Memory: 51200K Free: 32318K (63%)
ptolemy.util.test.WatchDog.cancel(): canceling Sat Oct 12 06:06:24 UTC 2019
------------------ testing $PTII/ptolemy/domains/de/test/auto/VariableDelayZeroDelay.xml
auto.tcl: Setting watchdog for 200 seconds at Sat Oct 12 06:06:24 UTC 2019
2 ms. Memory: 51200K Free: 33341K (65%)
ptolemy.util.test.WatchDog.cancel(): canceling Sat Oct 12 06:06:25 UTC 2019
auto.tcl: Setting watchdog for 200 seconds at Sat Oct 12 06:06:25 UTC 2019
2 ms. Memory: 51200K Free: 32813K (64%)
ptolemy.util.test.WatchDog.cancel(): canceling Sat Oct 12 06:06:25 UTC 2019
------------------ testing $PTII/ptolemy/domains/de/test/auto/VariableDelayZeroDelay2.xml
auto.tcl: Setting watchdog for 200 seconds at Sat Oct 12 06:06:25 UTC 2019
2 ms. Memory: 51200K Free: 33340K (65%)
ptolemy.util.test.WatchDog.cancel(): canceling Sat Oct 12 06:06:25 UTC 2019
auto.tcl: Setting watchdog for 200 seconds at Sat Oct 12 06:06:25 UTC 2019
2 ms. Memory: 51200K Free: 32316K (63%)
ptolemy.util.test.WatchDog.cancel(): canceling Sat Oct 12 06:06:25 UTC 2019
------------------ testing $PTII/ptolemy/domains/de/test/auto/deInCt.xml
auto.tcl: Setting watchdog for 200 seconds at Sat Oct 12 06:06:25 UTC 2019
0
1
1
1
0
0
0
1
1
1
0
0
0
0
0
0
1
1
1
1
0
0
0
1
1
1
0
0
0
1
1
1
1
0
0
0
0
9 ms. Memory: 51200K Free: 32313K (63%)
ptolemy.util.test.WatchDog.cancel(): canceling Sat Oct 12 06:06:25 UTC 2019
auto.tcl: Setting watchdog for 200 seconds at Sat Oct 12 06:06:25 UTC 2019
0
1
1
1
0
0
0
0
1
1
1
0
0
0
1
1
1
0
0
0
1
1
1
0
0
0
0
1
1
1
1
0
0
1
1
1
1
0
0
0
1
1
1
0
0
0
0
6 ms. Memory: 51200K Free: 30775K (60%)
ptolemy.util.test.WatchDog.cancel(): canceling Sat Oct 12 06:06:25 UTC 2019
------------------ testing $PTII/ptolemy/domains/de/test/auto/deInCt2.xml
auto.tcl: Setting watchdog for 200 seconds at Sat Oct 12 06:06:25 UTC 2019
0
1
1
1
0
0
1
1
1
0
0
1
1
1
0
0
1
1
1
0
0
1
1
1
0
0
1
1
1
0
0
1
1
1
0
0
1
1
1
0
0
0
11 ms. Memory: 51200K Free: 32315K (63%)
ptolemy.util.test.WatchDog.cancel(): canceling Sat Oct 12 06:06:25 UTC 2019
auto.tcl: Setting watchdog for 200 seconds at Sat Oct 12 06:06:25 UTC 2019
0
1
1
1
0
0
1
1
1
0
0
1
1
1
0
0
1
1
1
0
0
1
1
1
0
0
1
1
1
0
0
1
1
1
0
0
1
1
1
0
0
0
9 ms. Memory: 51200K Free: 30763K (60%)
ptolemy.util.test.WatchDog.cancel(): canceling Sat Oct 12 06:06:25 UTC 2019
------------------ testing $PTII/ptolemy/domains/de/test/auto/dynamicCausalityInterface1.xml
auto.tcl: Setting watchdog for 200 seconds at Sat Oct 12 06:06:25 UTC 2019
2 ms. Memory: 51200K Free: 28214K (55%)
ptolemy.util.test.WatchDog.cancel(): canceling Sat Oct 12 06:06:25 UTC 2019
auto.tcl: Setting watchdog for 200 seconds at Sat Oct 12 06:06:25 UTC 2019
1 ms. Memory: 51200K Free: 27700K (54%)
ptolemy.util.test.WatchDog.cancel(): canceling Sat Oct 12 06:06:25 UTC 2019
------------------ testing $PTII/ptolemy/domains/de/test/auto/fsm_de_test.xml
auto.tcl: Setting watchdog for 200 seconds at Sat Oct 12 06:06:25 UTC 2019
6 ms. Memory: 51200K Free: 28112K (55%)
ptolemy.util.test.WatchDog.cancel(): canceling Sat Oct 12 06:06:25 UTC 2019
auto.tcl: Setting watchdog for 200 seconds at Sat Oct 12 06:06:25 UTC 2019
7 ms. Memory: 51200K Free: 26064K (51%)
ptolemy.util.test.WatchDog.cancel(): canceling Sat Oct 12 06:06:25 UTC 2019
------------------ testing $PTII/ptolemy/domains/de/test/auto/functionDependencyReconstruction.xml
auto.tcl: Setting watchdog for 200 seconds at Sat Oct 12 06:06:25 UTC 2019
3 ms. Memory: 51200K Free: 22081K (43%)
ptolemy.util.test.WatchDog.cancel(): canceling Sat Oct 12 06:06:25 UTC 2019
auto.tcl: Setting watchdog for 200 seconds at Sat Oct 12 06:06:25 UTC 2019
2 ms. Memory: 51200K Free: 19910K (39%)
ptolemy.util.test.WatchDog.cancel(): canceling Sat Oct 12 06:06:25 UTC 2019
------------------ testing $PTII/ptolemy/domains/de/test/auto/multirate.xml
auto.tcl: Setting watchdog for 200 seconds at Sat Oct 12 06:06:25 UTC 2019
3 ms. Memory: 51200K Free: 30687K (60%)
ptolemy.util.test.WatchDog.cancel(): canceling Sat Oct 12 06:06:25 UTC 2019
auto.tcl: Setting watchdog for 200 seconds at Sat Oct 12 06:06:25 UTC 2019
4 ms. Memory: 51200K Free: 29008K (57%)
ptolemy.util.test.WatchDog.cancel(): canceling Sat Oct 12 06:06:25 UTC 2019
------------------ testing $PTII/ptolemy/domains/de/test/auto/multirate2.xml
auto.tcl: Setting watchdog for 200 seconds at Sat Oct 12 06:06:25 UTC 2019
6 ms. Memory: 51200K Free: 30908K (60%)
ptolemy.util.test.WatchDog.cancel(): canceling Sat Oct 12 06:06:25 UTC 2019
auto.tcl: Setting watchdog for 200 seconds at Sat Oct 12 06:06:25 UTC 2019
3 ms. Memory: 51200K Free: 29669K (58%)
ptolemy.util.test.WatchDog.cancel(): canceling Sat Oct 12 06:06:25 UTC 2019
------------------ testing $PTII/ptolemy/domains/de/test/auto/realtime.xml
auto.tcl: Setting watchdog for 200 seconds at Sat Oct 12 06:06:25 UTC 2019
10001 ms. Memory: 51200K Free: 32985K (64%)
ptolemy.util.test.WatchDog.cancel(): canceling Sat Oct 12 06:06:35 UTC 2019
auto.tcl: Setting watchdog for 200 seconds at Sat Oct 12 06:06:35 UTC 2019
10003 ms. Memory: 51200K Free: 32260K (63%)
ptolemy.util.test.WatchDog.cancel(): canceling Sat Oct 12 06:06:45 UTC 2019
------------------ testing $PTII/ptolemy/domains/de/test/auto/relationGroup.xml
auto.tcl: Setting watchdog for 200 seconds at Sat Oct 12 06:06:45 UTC 2019
1 ms. Memory: 51200K Free: 34066K (67%)
ptolemy.util.test.WatchDog.cancel(): canceling Sat Oct 12 06:06:45 UTC 2019
auto.tcl: Setting watchdog for 200 seconds at Sat Oct 12 06:06:45 UTC 2019
1 ms. Memory: 51200K Free: 33341K (65%)
ptolemy.util.test.WatchDog.cancel(): canceling Sat Oct 12 06:06:45 UTC 2019
------------------ testing $PTII/ptolemy/domains/de/test/auto/relationGroup2.xml
auto.tcl: Setting watchdog for 200 seconds at Sat Oct 12 06:06:45 UTC 2019
2 ms. Memory: 48128K Free: 31040K (64%)
ptolemy.util.test.WatchDog.cancel(): canceling Sat Oct 12 06:06:45 UTC 2019
auto.tcl: Setting watchdog for 200 seconds at Sat Oct 12 06:06:45 UTC 2019
2 ms. Memory: 48128K Free: 30294K (63%)
ptolemy.util.test.WatchDog.cancel(): canceling Sat Oct 12 06:06:45 UTC 2019
------------------ testing $PTII/ptolemy/domains/de/test/auto/sortWithOpaquePorts.xml
auto.tcl: Setting watchdog for 200 seconds at Sat Oct 12 06:06:45 UTC 2019
1 ms. Memory: 48128K Free: 29767K (62%)
ptolemy.util.test.WatchDog.cancel(): canceling Sat Oct 12 06:06:45 UTC 2019
auto.tcl: Setting watchdog for 200 seconds at Sat Oct 12 06:06:45 UTC 2019
2 ms. Memory: 48128K Free: 28787K (60%)
ptolemy.util.test.WatchDog.cancel(): canceling Sat Oct 12 06:06:45 UTC 2019
------------------ testing $PTII/ptolemy/domains/de/test/auto/transferInputsandOutputs.xml
auto.tcl: Setting watchdog for 200 seconds at Sat Oct 12 06:06:45 UTC 2019
3 ms. Memory: 48128K Free: 27211K (57%)
ptolemy.util.test.WatchDog.cancel(): canceling Sat Oct 12 06:06:45 UTC 2019
auto.tcl: Setting watchdog for 200 seconds at Sat Oct 12 06:06:45 UTC 2019
3 ms. Memory: 48128K Free: 26236K (55%)
ptolemy.util.test.WatchDog.cancel(): canceling Sat Oct 12 06:06:45 UTC 2019
------------------ testing $PTII/ptolemy/domains/de/test/auto/triggerType.xml
auto.tcl: Setting watchdog for 200 seconds at Sat Oct 12 06:06:46 UTC 2019
2 ms. Memory: 48128K Free: 30236K (63%)
ptolemy.util.test.WatchDog.cancel(): canceling Sat Oct 12 06:06:46 UTC 2019
auto.tcl: Setting watchdog for 200 seconds at Sat Oct 12 06:06:46 UTC 2019
2 ms. Memory: 48128K Free: 29232K (61%)
ptolemy.util.test.WatchDog.cancel(): canceling Sat Oct 12 06:06:46 UTC 2019
10/12/19 06:06:46
Failed: 0  Total Tests: 192  ((Passed: 187, Newly Passed: 1)  Known Failed: 5) /home/travis/build/icyphy/ptII/ptolemy/domains/de/test
10/12/19 06:06:46
Failed: 0  Total Tests: 192  ((Passed: 187, Newly Passed: 1)  Known Failed: 5) /home/travis/build/icyphy/ptII/ptolemy/domains/de/test
----------------- testing (KnownFailure) /home/travis/build/icyphy/ptII/ptolemy/domains/de/test/auto/knownFailedTests/DESDFClockTest.xml
2012 ms. Memory: 48128K Free: 23121K (48%)
Known Failure: java.lang.reflect.InvocationTargetException
----------------- testing (KnownFailure) /home/travis/build/icyphy/ptII/ptolemy/domains/de/test/auto/knownFailedTests/DirectFeedback.xml
1 ms. Memory: 48128K Free: 19535K (41%)
Known Failure: java.lang.reflect.InvocationTargetException
----------------- testing (KnownFailure) /home/travis/build/icyphy/ptII/ptolemy/domains/de/test/auto/knownFailedTests/FSMSource.xml
17 ms. Memory: 48128K Free: 11857K (25%)
----------------- testing (KnownFailure) /home/travis/build/icyphy/ptII/ptolemy/domains/de/test/auto/knownFailedTests/HierarchicalModel.xml
7 ms. Memory: 48128K Free: 22750K (47%)
Known Failure: java.lang.reflect.InvocationTargetException
----------------- testing (KnownFailure) /home/travis/build/icyphy/ptII/ptolemy/domains/de/test/auto/knownFailedTests/dependencyLoop.xml
2 ms. Memory: 48128K Free: 7680K (16%)
Known Failure: java.lang.reflect.InvocationTargetException
----------------- testing (KnownFailure) /home/travis/build/icyphy/ptII/ptolemy/domains/de/test/auto/knownFailedTests/dependencyLoop2.xml
3 ms. Memory: 48128K Free: 19134K (40%)
Known Failure: java.lang.reflect.InvocationTargetException
No auto/linux-amd64/*.xml tests in /home/travis/build/icyphy/ptII/ptolemy/domains/de/test
AutoTests.java: About to close Vertx.
AutoTests.java: Vertx closed.

===========================================================================================
----------------- testing Sat Oct 12 06:06:48 UTC 2019 /home/travis/build/icyphy/ptII/ptolemy/domains/de/test/auto/ActorDepthCalculation_actorWithoutPorts.xml
----------------- Instantiating /home/travis/build/icyphy/ptII/ptolemy/domains/de/test/auto/ActorDepthCalculation_actorWithoutPorts.xml
2 ms. Memory: 48128K Free: 12729K (26%)
----------------- Invoking toplevel() on ptolemy.moml.MoMLSimpleApplication@125ac775
----------------- Done invoking toplevel() on ptolemy.moml.MoMLSimpleApplication@125ac775
reloadAllAccessors: .ActorDepthCalculation_actorWithoutPorts

===========================================================================================
----------------- testing Sat Oct 12 06:06:48 UTC 2019 /home/travis/build/icyphy/ptII/ptolemy/domains/de/test/auto/AssemblyLine.xml
----------------- Instantiating /home/travis/build/icyphy/ptII/ptolemy/domains/de/test/auto/AssemblyLine.xml
2 ms. Memory: 48128K Free: 32351K (67%)
----------------- Invoking toplevel() on ptolemy.moml.MoMLSimpleApplication@4c21b793
----------------- Done invoking toplevel() on ptolemy.moml.MoMLSimpleApplication@4c21b793
reloadAllAccessors: .AssemblyLine

===========================================================================================
----------------- testing Sat Oct 12 06:06:48 UTC 2019 /home/travis/build/icyphy/ptII/ptolemy/domains/de/test/auto/CQBug1.xml
----------------- Instantiating /home/travis/build/icyphy/ptII/ptolemy/domains/de/test/auto/CQBug1.xml
2 ms. Memory: 48128K Free: 29325K (61%)
----------------- Invoking toplevel() on ptolemy.moml.MoMLSimpleApplication@481c5137
----------------- Done invoking toplevel() on ptolemy.moml.MoMLSimpleApplication@481c5137
reloadAllAccessors: .CQBug1

===========================================================================================
----------------- testing Sat Oct 12 06:06:48 UTC 2019 /home/travis/build/icyphy/ptII/ptolemy/domains/de/test/auto/CancelFireAt.xml
----------------- Instantiating /home/travis/build/icyphy/ptII/ptolemy/domains/de/test/auto/CancelFireAt.xml
1 ms. Memory: 48128K Free: 27045K (56%)
----------------- Invoking toplevel() on ptolemy.moml.MoMLSimpleApplication@19bb0f7e
----------------- Done invoking toplevel() on ptolemy.moml.MoMLSimpleApplication@19bb0f7e
reloadAllAccessors: .CancelFireAt

===========================================================================================
----------------- testing Sat Oct 12 06:06:48 UTC 2019 /home/travis/build/icyphy/ptII/ptolemy/domains/de/test/auto/CausalityAndComposabilityAnalysis.xml
----------------- Instantiating /home/travis/build/icyphy/ptII/ptolemy/domains/de/test/auto/CausalityAndComposabilityAnalysis.xml
11 ms. Memory: 48128K Free: 22970K (48%)
----------------- Invoking toplevel() on ptolemy.moml.MoMLSimpleApplication@5a057b4a
----------------- Done invoking toplevel() on ptolemy.moml.MoMLSimpleApplication@5a057b4a
reloadAllAccessors: .CausalityAndComposabilityAnalysis

===========================================================================================
----------------- testing Sat Oct 12 06:06:48 UTC 2019 /home/travis/build/icyphy/ptII/ptolemy/domains/de/test/auto/CausalityInterface1.xml
----------------- Instantiating /home/travis/build/icyphy/ptII/ptolemy/domains/de/test/auto/CausalityInterface1.xml
5 ms. Memory: 48128K Free: 18085K (38%)
----------------- Invoking toplevel() on ptolemy.moml.MoMLSimpleApplication@22a1a435
----------------- Done invoking toplevel() on ptolemy.moml.MoMLSimpleApplication@22a1a435
reloadAllAccessors: .CausalityInterface1

===========================================================================================
----------------- testing Sat Oct 12 06:06:48 UTC 2019 /home/travis/build/icyphy/ptII/ptolemy/domains/de/test/auto/CausalityInterface15.xml
----------------- Instantiating /home/travis/build/icyphy/ptII/ptolemy/domains/de/test/auto/CausalityInterface15.xml
3 ms. Memory: 48128K Free: 12588K (26%)
----------------- Invoking toplevel() on ptolemy.moml.MoMLSimpleApplication@29e34d70
----------------- Done invoking toplevel() on ptolemy.moml.MoMLSimpleApplication@29e34d70
reloadAllAccessors: .CausalityInterface15

===========================================================================================
----------------- testing Sat Oct 12 06:06:48 UTC 2019 /home/travis/build/icyphy/ptII/ptolemy/domains/de/test/auto/CausalityInterface2.xml
----------------- Instantiating /home/travis/build/icyphy/ptII/ptolemy/domains/de/test/auto/CausalityInterface2.xml
2 ms. Memory: 48128K Free: 7807K (16%)
----------------- Invoking toplevel() on ptolemy.moml.MoMLSimpleApplication@4aab2c2
----------------- Done invoking toplevel() on ptolemy.moml.MoMLSimpleApplication@4aab2c2
reloadAllAccessors: .CausalityInterface2

===========================================================================================
----------------- testing Sat Oct 12 06:06:48 UTC 2019 /home/travis/build/icyphy/ptII/ptolemy/domains/de/test/auto/CausalityInterface3.xml
----------------- Instantiating /home/travis/build/icyphy/ptII/ptolemy/domains/de/test/auto/CausalityInterface3.xml
3 ms. Memory: 48128K Free: 29776K (62%)
----------------- Invoking toplevel() on ptolemy.moml.MoMLSimpleApplication@2e194775
----------------- Done invoking toplevel() on ptolemy.moml.MoMLSimpleApplication@2e194775
reloadAllAccessors: .CausalityInterface3

===========================================================================================
----------------- testing Sat Oct 12 06:06:48 UTC 2019 /home/travis/build/icyphy/ptII/ptolemy/domains/de/test/auto/ClockDrift.xml
----------------- Instantiating /home/travis/build/icyphy/ptII/ptolemy/domains/de/test/auto/ClockDrift.xml
18 ms. Memory: 48128K Free: 18009K (37%)
----------------- Invoking toplevel() on ptolemy.moml.MoMLSimpleApplication@223a6fdf
----------------- Done invoking toplevel() on ptolemy.moml.MoMLSimpleApplication@223a6fdf
reloadAllAccessors: .ClockDrift

===========================================================================================
----------------- testing Sat Oct 12 06:06:48 UTC 2019 /home/travis/build/icyphy/ptII/ptolemy/domains/de/test/auto/ClockDriftAndValueChange.xml
----------------- Instantiating /home/travis/build/icyphy/ptII/ptolemy/domains/de/test/auto/ClockDriftAndValueChange.xml
15 ms. Memory: 48128K Free: 32858K (68%)
----------------- Invoking toplevel() on ptolemy.moml.MoMLSimpleApplication@463ea89e
----------------- Done invoking toplevel() on ptolemy.moml.MoMLSimpleApplication@463ea89e
reloadAllAccessors: .ClockDriftAndValueChange

===========================================================================================
----------------- testing Sat Oct 12 06:06:48 UTC 2019 /home/travis/build/icyphy/ptII/ptolemy/domains/de/test/auto/ClockDriftChange.xml
----------------- Instantiating /home/travis/build/icyphy/ptII/ptolemy/domains/de/test/auto/ClockDriftChange.xml
11 ms. Memory: 48128K Free: 23059K (48%)
----------------- Invoking toplevel() on ptolemy.moml.MoMLSimpleApplication@1284a90e
----------------- Done invoking toplevel() on ptolemy.moml.MoMLSimpleApplication@1284a90e
reloadAllAccessors: .ClockDriftChange

===========================================================================================
----------------- testing Sat Oct 12 06:06:48 UTC 2019 /home/travis/build/icyphy/ptII/ptolemy/domains/de/test/auto/ComposableCausalityAnalysis.xml
----------------- Instantiating /home/travis/build/icyphy/ptII/ptolemy/domains/de/test/auto/ComposableCausalityAnalysis.xml
1 ms. Memory: 48128K Free: 17216K (36%)
----------------- Invoking toplevel() on ptolemy.moml.MoMLSimpleApplication@33128e88
----------------- Done invoking toplevel() on ptolemy.moml.MoMLSimpleApplication@33128e88
reloadAllAccessors: .ComposableCausalityAnalysis

===========================================================================================
----------------- testing Sat Oct 12 06:06:48 UTC 2019 /home/travis/build/icyphy/ptII/ptolemy/domains/de/test/auto/DEFixedPointLimitation.xml
----------------- Instantiating /home/travis/build/icyphy/ptII/ptolemy/domains/de/test/auto/DEFixedPointLimitation.xml
1 ms. Memory: 48128K Free: 12747K (26%)
----------------- Invoking toplevel() on ptolemy.moml.MoMLSimpleApplication@2e2fb4f0
----------------- Done invoking toplevel() on ptolemy.moml.MoMLSimpleApplication@2e2fb4f0
reloadAllAccessors: .DEFixedPointLimitation

===========================================================================================
----------------- testing Sat Oct 12 06:06:48 UTC 2019 /home/travis/build/icyphy/ptII/ptolemy/domains/de/test/auto/DEScheduleTest.xml
----------------- Instantiating /home/travis/build/icyphy/ptII/ptolemy/domains/de/test/auto/DEScheduleTest.xml
2 ms. Memory: 48128K Free: 8604K (18%)
----------------- Invoking toplevel() on ptolemy.moml.MoMLSimpleApplication@6cb73fa2
----------------- Done invoking toplevel() on ptolemy.moml.MoMLSimpleApplication@6cb73fa2
reloadAllAccessors: .DEScheduleTest

===========================================================================================
----------------- testing Sat Oct 12 06:06:48 UTC 2019 /home/travis/build/icyphy/ptII/ptolemy/domains/de/test/auto/DEinDEwithStartTimes.xml
----------------- Instantiating /home/travis/build/icyphy/ptII/ptolemy/domains/de/test/auto/DEinDEwithStartTimes.xml
2 ms. Memory: 48128K Free: 28633K (59%)
----------------- Invoking toplevel() on ptolemy.moml.MoMLSimpleApplication@70ccb2f8
----------------- Done invoking toplevel() on ptolemy.moml.MoMLSimpleApplication@70ccb2f8
reloadAllAccessors: .DEinDEwithStartTimes

===========================================================================================
----------------- testing Sat Oct 12 06:06:48 UTC 2019 /home/travis/build/icyphy/ptII/ptolemy/domains/de/test/auto/DEinDEwithStartTimes2.xml
----------------- Instantiating /home/travis/build/icyphy/ptII/ptolemy/domains/de/test/auto/DEinDEwithStartTimes2.xml
2 ms. Memory: 48128K Free: 21913K (46%)
----------------- Invoking toplevel() on ptolemy.moml.MoMLSimpleApplication@fca2f13
----------------- Done invoking toplevel() on ptolemy.moml.MoMLSimpleApplication@fca2f13
reloadAllAccessors: .DEinDEwithStartTimes2

===========================================================================================
----------------- testing Sat Oct 12 06:06:48 UTC 2019 /home/travis/build/icyphy/ptII/ptolemy/domains/de/test/auto/DateDemo.xml
----------------- Instantiating /home/travis/build/icyphy/ptII/ptolemy/domains/de/test/auto/DateDemo.xml
7 ms. Memory: 48128K Free: 10849K (23%)
----------------- Invoking toplevel() on ptolemy.moml.MoMLSimpleApplication@2568fec2
----------------- Done invoking toplevel() on ptolemy.moml.MoMLSimpleApplication@2568fec2
reloadAllAccessors: .DateDemo

===========================================================================================
----------------- testing Sat Oct 12 06:06:48 UTC 2019 /home/travis/build/icyphy/ptII/ptolemy/domains/de/test/auto/DateToEvent.xml
----------------- Instantiating /home/travis/build/icyphy/ptII/ptolemy/domains/de/test/auto/DateToEvent.xml
2013 ms. Memory: 48128K Free: 20236K (42%)
----------------- Invoking toplevel() on ptolemy.moml.MoMLSimpleApplication@27151896
----------------- Done invoking toplevel() on ptolemy.moml.MoMLSimpleApplication@27151896
reloadAllAccessors: .DateToEvent

===========================================================================================
----------------- testing Sat Oct 12 06:06:50 UTC 2019 /home/travis/build/icyphy/ptII/ptolemy/domains/de/test/auto/DepthTest1.xml
----------------- Instantiating /home/travis/build/icyphy/ptII/ptolemy/domains/de/test/auto/DepthTest1.xml
1 ms. Memory: 48128K Free: 17308K (36%)
----------------- Invoking toplevel() on ptolemy.moml.MoMLSimpleApplication@720084b2
----------------- Done invoking toplevel() on ptolemy.moml.MoMLSimpleApplication@720084b2
reloadAllAccessors: .DepthTest1

===========================================================================================
----------------- testing Sat Oct 12 06:06:50 UTC 2019 /home/travis/build/icyphy/ptII/ptolemy/domains/de/test/auto/DepthTest2.xml
----------------- Instantiating /home/travis/build/icyphy/ptII/ptolemy/domains/de/test/auto/DepthTest2.xml
2 ms. Memory: 48128K Free: 10762K (22%)
----------------- Invoking toplevel() on ptolemy.moml.MoMLSimpleApplication@2fe7358e
----------------- Done invoking toplevel() on ptolemy.moml.MoMLSimpleApplication@2fe7358e
reloadAllAccessors: .DepthTest2

===========================================================================================
----------------- testing Sat Oct 12 06:06:50 UTC 2019 /home/travis/build/icyphy/ptII/ptolemy/domains/de/test/auto/DepthTest3.xml
----------------- Instantiating /home/travis/build/icyphy/ptII/ptolemy/domains/de/test/auto/DepthTest3.xml
6 ms. Memory: 48128K Free: 33855K (70%)
----------------- Invoking toplevel() on ptolemy.moml.MoMLSimpleApplication@1d0cf57
----------------- Done invoking toplevel() on ptolemy.moml.MoMLSimpleApplication@1d0cf57
reloadAllAccessors: .DepthTest3

===========================================================================================
----------------- testing Sat Oct 12 06:06:50 UTC 2019 /home/travis/build/icyphy/ptII/ptolemy/domains/de/test/auto/DepthTest4.xml
----------------- Instantiating /home/travis/build/icyphy/ptII/ptolemy/domains/de/test/auto/DepthTest4.xml
1 ms. Memory: 48128K Free: 28928K (60%)
----------------- Invoking toplevel() on ptolemy.moml.MoMLSimpleApplication@3c77da68
----------------- Done invoking toplevel() on ptolemy.moml.MoMLSimpleApplication@3c77da68
reloadAllAccessors: .DepthTest4

===========================================================================================
----------------- testing Sat Oct 12 06:06:50 UTC 2019 /home/travis/build/icyphy/ptII/ptolemy/domains/de/test/auto/DepthTest5.xml
----------------- Instantiating /home/travis/build/icyphy/ptII/ptolemy/domains/de/test/auto/DepthTest5.xml
2 ms. Memory: 48128K Free: 23750K (49%)
----------------- Invoking toplevel() on ptolemy.moml.MoMLSimpleApplication@e0ca20e
----------------- Done invoking toplevel() on ptolemy.moml.MoMLSimpleApplication@e0ca20e
reloadAllAccessors: .DepthTest5

===========================================================================================
----------------- testing Sat Oct 12 06:06:51 UTC 2019 /home/travis/build/icyphy/ptII/ptolemy/domains/de/test/auto/DepthTest6.xml
----------------- Instantiating /home/travis/build/icyphy/ptII/ptolemy/domains/de/test/auto/DepthTest6.xml
1 ms. Memory: 48128K Free: 18443K (38%)
----------------- Invoking toplevel() on ptolemy.moml.MoMLSimpleApplication@4b43da0b
----------------- Done invoking toplevel() on ptolemy.moml.MoMLSimpleApplication@4b43da0b
reloadAllAccessors: .DepthTest6

===========================================================================================
----------------- testing Sat Oct 12 06:06:51 UTC 2019 /home/travis/build/icyphy/ptII/ptolemy/domains/de/test/auto/DepthTest7.xml
----------------- Instantiating /home/travis/build/icyphy/ptII/ptolemy/domains/de/test/auto/DepthTest7.xml
1 ms. Memory: 48128K Free: 13552K (28%)
----------------- Invoking toplevel() on ptolemy.moml.MoMLSimpleApplication@58954e70
----------------- Done invoking toplevel() on ptolemy.moml.MoMLSimpleApplication@58954e70
reloadAllAccessors: .DepthTest7

===========================================================================================
----------------- testing Sat Oct 12 06:06:51 UTC 2019 /home/travis/build/icyphy/ptII/ptolemy/domains/de/test/auto/EventToDate.xml
----------------- Instantiating /home/travis/build/icyphy/ptII/ptolemy/domains/de/test/auto/EventToDate.xml
3003 ms. Memory: 48128K Free: 25612K (53%)
----------------- Invoking toplevel() on ptolemy.moml.MoMLSimpleApplication@568831f2
----------------- Done invoking toplevel() on ptolemy.moml.MoMLSimpleApplication@568831f2
reloadAllAccessors: .EventToDate

===========================================================================================
----------------- testing Sat Oct 12 06:06:54 UTC 2019 /home/travis/build/icyphy/ptII/ptolemy/domains/de/test/auto/FSM1.xml
----------------- Instantiating /home/travis/build/icyphy/ptII/ptolemy/domains/de/test/auto/FSM1.xml
9 ms. Memory: 48128K Free: 13681K (28%)
----------------- Invoking toplevel() on ptolemy.moml.MoMLSimpleApplication@674566fe
----------------- Done invoking toplevel() on ptolemy.moml.MoMLSimpleApplication@674566fe
reloadAllAccessors: .FSM1

===========================================================================================
----------------- testing Sat Oct 12 06:06:54 UTC 2019 /home/travis/build/icyphy/ptII/ptolemy/domains/de/test/auto/FSM7.xml
----------------- Instantiating /home/travis/build/icyphy/ptII/ptolemy/domains/de/test/auto/FSM7.xml
9 ms. Memory: 48128K Free: 26943K (56%)
----------------- Invoking toplevel() on ptolemy.moml.MoMLSimpleApplication@35b3e3
----------------- Done invoking toplevel() on ptolemy.moml.MoMLSimpleApplication@35b3e3
reloadAllAccessors: .FSM7

===========================================================================================
----------------- testing Sat Oct 12 06:06:54 UTC 2019 /home/travis/build/icyphy/ptII/ptolemy/domains/de/test/auto/Inspection.xml
----------------- Instantiating /home/travis/build/icyphy/ptII/ptolemy/domains/de/test/auto/Inspection.xml
23 ms. Memory: 48128K Free: 14833K (31%)
----------------- Invoking toplevel() on ptolemy.moml.MoMLSimpleApplication@3b7195ec
----------------- Done invoking toplevel() on ptolemy.moml.MoMLSimpleApplication@3b7195ec
reloadAllAccessors: .Inspection

===========================================================================================
----------------- testing Sat Oct 12 06:06:54 UTC 2019 /home/travis/build/icyphy/ptII/ptolemy/domains/de/test/auto/Iteration.xml
----------------- Instantiating /home/travis/build/icyphy/ptII/ptolemy/domains/de/test/auto/Iteration.xml
15 ms. Memory: 48128K Free: 33660K (70%)
----------------- Invoking toplevel() on ptolemy.moml.MoMLSimpleApplication@1bc9e570
----------------- Done invoking toplevel() on ptolemy.moml.MoMLSimpleApplication@1bc9e570
reloadAllAccessors: .Iteration

===========================================================================================
----------------- testing Sat Oct 12 06:06:54 UTC 2019 /home/travis/build/icyphy/ptII/ptolemy/domains/de/test/auto/LineFault.xml
----------------- Instantiating /home/travis/build/icyphy/ptII/ptolemy/domains/de/test/auto/LineFault.xml
439 ms. Memory: 48128K Free: 18679K (39%)
----------------- Invoking toplevel() on ptolemy.moml.MoMLSimpleApplication@474325c6
----------------- Done invoking toplevel() on ptolemy.moml.MoMLSimpleApplication@474325c6
reloadAllAccessors: .LineFault

===========================================================================================
----------------- testing Sat Oct 12 06:06:54 UTC 2019 /home/travis/build/icyphy/ptII/ptolemy/domains/de/test/auto/MergeModel1Add.xml
----------------- Instantiating /home/travis/build/icyphy/ptII/ptolemy/domains/de/test/auto/MergeModel1Add.xml
5 ms. Memory: 48128K Free: 21448K (45%)
----------------- Invoking toplevel() on ptolemy.moml.MoMLSimpleApplication@2f44749
----------------- Done invoking toplevel() on ptolemy.moml.MoMLSimpleApplication@2f44749
reloadAllAccessors: .MergeModel1Add

===========================================================================================
----------------- testing Sat Oct 12 06:06:54 UTC 2019 /home/travis/build/icyphy/ptII/ptolemy/domains/de/test/auto/MergeModel2Add.xml
----------------- Instantiating /home/travis/build/icyphy/ptII/ptolemy/domains/de/test/auto/MergeModel2Add.xml
9 ms. Memory: 58368K Free: 36142K (62%)
----------------- Invoking toplevel() on ptolemy.moml.MoMLSimpleApplication@78123f99
----------------- Done invoking toplevel() on ptolemy.moml.MoMLSimpleApplication@78123f99
reloadAllAccessors: .MergeModel2Add

===========================================================================================
----------------- testing Sat Oct 12 06:06:54 UTC 2019 /home/travis/build/icyphy/ptII/ptolemy/domains/de/test/auto/MergeModel3Add.xml
----------------- Instantiating /home/travis/build/icyphy/ptII/ptolemy/domains/de/test/auto/MergeModel3Add.xml
6 ms. Memory: 58368K Free: 18019K (31%)
----------------- Invoking toplevel() on ptolemy.moml.MoMLSimpleApplication@306df546
----------------- Done invoking toplevel() on ptolemy.moml.MoMLSimpleApplication@306df546
reloadAllAccessors: .MergeModel3Add

===========================================================================================
----------------- testing Sat Oct 12 06:06:55 UTC 2019 /home/travis/build/icyphy/ptII/ptolemy/domains/de/test/auto/MergeWithoutDiscard.xml
----------------- Instantiating /home/travis/build/icyphy/ptII/ptolemy/domains/de/test/auto/MergeWithoutDiscard.xml
1 ms. Memory: 58368K Free: 13614K (23%)
----------------- Invoking toplevel() on ptolemy.moml.MoMLSimpleApplication@44345fa1
----------------- Done invoking toplevel() on ptolemy.moml.MoMLSimpleApplication@44345fa1
reloadAllAccessors: .MergeWithoutDiscard

===========================================================================================
----------------- testing Sat Oct 12 06:06:55 UTC 2019 /home/travis/build/icyphy/ptII/ptolemy/domains/de/test/auto/Modal1.xml
----------------- Instantiating /home/travis/build/icyphy/ptII/ptolemy/domains/de/test/auto/Modal1.xml
8 ms. Memory: 58368K Free: 30358K (52%)
----------------- Invoking toplevel() on ptolemy.moml.MoMLSimpleApplication@2f681908
----------------- Done invoking toplevel() on ptolemy.moml.MoMLSimpleApplication@2f681908
reloadAllAccessors: .Modal1

===========================================================================================
----------------- testing Sat Oct 12 06:06:55 UTC 2019 /home/travis/build/icyphy/ptII/ptolemy/domains/de/test/auto/Modal2.xml
----------------- Instantiating /home/travis/build/icyphy/ptII/ptolemy/domains/de/test/auto/Modal2.xml
12 ms. Memory: 58368K Free: 18409K (32%)
----------------- Invoking toplevel() on ptolemy.moml.MoMLSimpleApplication@439c3ab6
----------------- Done invoking toplevel() on ptolemy.moml.MoMLSimpleApplication@439c3ab6
reloadAllAccessors: .Modal2

===========================================================================================
----------------- testing Sat Oct 12 06:06:55 UTC 2019 /home/travis/build/icyphy/ptII/ptolemy/domains/de/test/auto/Modal3.xml
----------------- Instantiating /home/travis/build/icyphy/ptII/ptolemy/domains/de/test/auto/Modal3.xml
8 ms. Memory: 58368K Free: 36908K (63%)
----------------- Invoking toplevel() on ptolemy.moml.MoMLSimpleApplication@b223276
----------------- Done invoking toplevel() on ptolemy.moml.MoMLSimpleApplication@b223276
reloadAllAccessors: .Modal3

===========================================================================================
----------------- testing Sat Oct 12 06:06:55 UTC 2019 /home/travis/build/icyphy/ptII/ptolemy/domains/de/test/auto/Modal4.xml
----------------- Instantiating /home/travis/build/icyphy/ptII/ptolemy/domains/de/test/auto/Modal4.xml
13 ms. Memory: 58368K Free: 23949K (41%)
----------------- Invoking toplevel() on ptolemy.moml.MoMLSimpleApplication@40965b5f
----------------- Done invoking toplevel() on ptolemy.moml.MoMLSimpleApplication@40965b5f
reloadAllAccessors: .Modal4

===========================================================================================
----------------- testing Sat Oct 12 06:06:55 UTC 2019 /home/travis/build/icyphy/ptII/ptolemy/domains/de/test/auto/Modal5.xml
----------------- Instantiating /home/travis/build/icyphy/ptII/ptolemy/domains/de/test/auto/Modal5.xml
17 ms. Memory: 58368K Free: 41720K (71%)
----------------- Invoking toplevel() on ptolemy.moml.MoMLSimpleApplication@190d73b7
----------------- Done invoking toplevel() on ptolemy.moml.MoMLSimpleApplication@190d73b7
reloadAllAccessors: .Modal5

===========================================================================================
----------------- testing Sat Oct 12 06:06:55 UTC 2019 /home/travis/build/icyphy/ptII/ptolemy/domains/de/test/auto/Modal6.xml
----------------- Instantiating /home/travis/build/icyphy/ptII/ptolemy/domains/de/test/auto/Modal6.xml
10 ms. Memory: 58368K Free: 29167K (50%)
----------------- Invoking toplevel() on ptolemy.moml.MoMLSimpleApplication@289a1a69
----------------- Done invoking toplevel() on ptolemy.moml.MoMLSimpleApplication@289a1a69
reloadAllAccessors: .Modal6

===========================================================================================
----------------- testing Sat Oct 12 06:06:55 UTC 2019 /home/travis/build/icyphy/ptII/ptolemy/domains/de/test/auto/Modal7.xml
----------------- Instantiating /home/travis/build/icyphy/ptII/ptolemy/domains/de/test/auto/Modal7.xml
7 ms. Memory: 58368K Free: 15864K (27%)
----------------- Invoking toplevel() on ptolemy.moml.MoMLSimpleApplication@675b6624
----------------- Done invoking toplevel() on ptolemy.moml.MoMLSimpleApplication@675b6624
reloadAllAccessors: .Modal7

===========================================================================================
----------------- testing Sat Oct 12 06:06:55 UTC 2019 /home/travis/build/icyphy/ptII/ptolemy/domains/de/test/auto/ModalModel.xml
----------------- Instantiating /home/travis/build/icyphy/ptII/ptolemy/domains/de/test/auto/ModalModel.xml
142 ms. Memory: 84992K Free: 34883K (41%)
----------------- Invoking toplevel() on ptolemy.moml.MoMLSimpleApplication@644046b6
----------------- Done invoking toplevel() on ptolemy.moml.MoMLSimpleApplication@644046b6
reloadAllAccessors: .ModalModel

===========================================================================================
----------------- testing Sat Oct 12 06:06:55 UTC 2019 /home/travis/build/icyphy/ptII/ptolemy/domains/de/test/auto/ModalSource.xml
----------------- Instantiating /home/travis/build/icyphy/ptII/ptolemy/domains/de/test/auto/ModalSource.xml
4 ms. Memory: 84992K Free: 26278K (31%)
----------------- Invoking toplevel() on ptolemy.moml.MoMLSimpleApplication@18858023
----------------- Done invoking toplevel() on ptolemy.moml.MoMLSimpleApplication@18858023
reloadAllAccessors: .ModalSource

===========================================================================================
----------------- testing Sat Oct 12 06:06:55 UTC 2019 /home/travis/build/icyphy/ptII/ptolemy/domains/de/test/auto/NonInterruptibleTimerZeroDelay.xml
----------------- Instantiating /home/travis/build/icyphy/ptII/ptolemy/domains/de/test/auto/NonInterruptibleTimerZeroDelay.xml
2 ms. Memory: 84992K Free: 64753K (76%)
----------------- Invoking toplevel() on ptolemy.moml.MoMLSimpleApplication@41d93d67
----------------- Done invoking toplevel() on ptolemy.moml.MoMLSimpleApplication@41d93d67
reloadAllAccessors: .NonInterruptibleTimerZeroDelay

===========================================================================================
----------------- testing Sat Oct 12 06:06:55 UTC 2019 /home/travis/build/icyphy/ptII/ptolemy/domains/de/test/auto/OpenQueueingNetwork.xml
----------------- Instantiating /home/travis/build/icyphy/ptII/ptolemy/domains/de/test/auto/OpenQueueingNetwork.xml
2437 ms. Memory: 227328K Free: 202477K (89%)
----------------- Invoking toplevel() on ptolemy.moml.MoMLSimpleApplication@2aae45f9
----------------- Done invoking toplevel() on ptolemy.moml.MoMLSimpleApplication@2aae45f9
reloadAllAccessors: .OpenQueueingNetwork

===========================================================================================
----------------- testing Sat Oct 12 06:06:58 UTC 2019 /home/travis/build/icyphy/ptII/ptolemy/domains/de/test/auto/OpenQueuingNetwork.xml
----------------- Instantiating /home/travis/build/icyphy/ptII/ptolemy/domains/de/test/auto/OpenQueuingNetwork.xml
266 ms. Memory: 227328K Free: 125677K (55%)
----------------- Invoking toplevel() on ptolemy.moml.MoMLSimpleApplication@5e3ded69
----------------- Done invoking toplevel() on ptolemy.moml.MoMLSimpleApplication@5e3ded69
reloadAllAccessors: .OpenQueuingNetwork

===========================================================================================
----------------- testing Sat Oct 12 06:06:58 UTC 2019 /home/travis/build/icyphy/ptII/ptolemy/domains/de/test/auto/PeriodicSampler.xml
----------------- Instantiating /home/travis/build/icyphy/ptII/ptolemy/domains/de/test/auto/PeriodicSampler.xml
1 ms. Memory: 227328K Free: 121581K (53%)
----------------- Invoking toplevel() on ptolemy.moml.MoMLSimpleApplication@40aade4
----------------- Done invoking toplevel() on ptolemy.moml.MoMLSimpleApplication@40aade4
reloadAllAccessors: .PeriodicSampler

===========================================================================================
----------------- testing Sat Oct 12 06:06:58 UTC 2019 /home/travis/build/icyphy/ptII/ptolemy/domains/de/test/auto/PersistentIO.xml
----------------- Instantiating /home/travis/build/icyphy/ptII/ptolemy/domains/de/test/auto/PersistentIO.xml
9 ms. Memory: 227328K Free: 112365K (49%)
----------------- Invoking toplevel() on ptolemy.moml.MoMLSimpleApplication@6926f325
----------------- Done invoking toplevel() on ptolemy.moml.MoMLSimpleApplication@6926f325
reloadAllAccessors: .PersistentIO

===========================================================================================
----------------- testing Sat Oct 12 06:06:58 UTC 2019 /home/travis/build/icyphy/ptII/ptolemy/domains/de/test/auto/PortParameterResetOnInitialize.xml
----------------- Instantiating /home/travis/build/icyphy/ptII/ptolemy/domains/de/test/auto/PortParameterResetOnInitialize.xml
5 ms. Memory: 227328K Free: 107749K (47%)
----------------- Invoking toplevel() on ptolemy.moml.MoMLSimpleApplication@1c049010
----------------- Done invoking toplevel() on ptolemy.moml.MoMLSimpleApplication@1c049010
reloadAllAccessors: .PortParameterResetOnInitialize

===========================================================================================
----------------- testing Sat Oct 12 06:06:58 UTC 2019 /home/travis/build/icyphy/ptII/ptolemy/domains/de/test/auto/PortParameterUpdates.xml
----------------- Instantiating /home/travis/build/icyphy/ptII/ptolemy/domains/de/test/auto/PortParameterUpdates.xml
4 ms. Memory: 227328K Free: 101101K (44%)
----------------- Invoking toplevel() on ptolemy.moml.MoMLSimpleApplication@638f35d3
----------------- Done invoking toplevel() on ptolemy.moml.MoMLSimpleApplication@638f35d3
reloadAllAccessors: .PortParameterUpdates

===========================================================================================
----------------- testing Sat Oct 12 06:06:58 UTC 2019 /home/travis/build/icyphy/ptII/ptolemy/domains/de/test/auto/QueueAndServer.xml
----------------- Instantiating /home/travis/build/icyphy/ptII/ptolemy/domains/de/test/auto/QueueAndServer.xml
6 ms. Memory: 227328K Free: 93419K (41%)
----------------- Invoking toplevel() on ptolemy.moml.MoMLSimpleApplication@1e9cce4c
----------------- Done invoking toplevel() on ptolemy.moml.MoMLSimpleApplication@1e9cce4c
reloadAllAccessors: .QueueAndServer

===========================================================================================
----------------- testing Sat Oct 12 06:06:58 UTC 2019 /home/travis/build/icyphy/ptII/ptolemy/domains/de/test/auto/Records.xml
----------------- Instantiating /home/travis/build/icyphy/ptII/ptolemy/domains/de/test/auto/Records.xml
9 ms. Memory: 227328K Free: 87789K (39%)
----------------- Invoking toplevel() on ptolemy.moml.MoMLSimpleApplication@61943788
----------------- Done invoking toplevel() on ptolemy.moml.MoMLSimpleApplication@61943788
reloadAllAccessors: .Records

===========================================================================================
----------------- testing Sat Oct 12 06:06:58 UTC 2019 /home/travis/build/icyphy/ptII/ptolemy/domains/de/test/auto/ResetTransitionWithStartTime1.xml
----------------- Instantiating /home/travis/build/icyphy/ptII/ptolemy/domains/de/test/auto/ResetTransitionWithStartTime1.xml
4 ms. Memory: 227328K Free: 204619K (90%)
----------------- Invoking toplevel() on ptolemy.moml.MoMLSimpleApplication@5219d313
----------------- Done invoking toplevel() on ptolemy.moml.MoMLSimpleApplication@5219d313
reloadAllAccessors: .ResetTransitionWithStartTime1

===========================================================================================
----------------- testing Sat Oct 12 06:06:58 UTC 2019 /home/travis/build/icyphy/ptII/ptolemy/domains/de/test/auto/ResetTransitionWithStartTime2.xml
----------------- Instantiating /home/travis/build/icyphy/ptII/ptolemy/domains/de/test/auto/ResetTransitionWithStartTime2.xml
5 ms. Memory: 227328K Free: 196427K (86%)
----------------- Invoking toplevel() on ptolemy.moml.MoMLSimpleApplication@695f6010
----------------- Done invoking toplevel() on ptolemy.moml.MoMLSimpleApplication@695f6010
reloadAllAccessors: .ResetTransitionWithStartTime2

===========================================================================================
----------------- testing Sat Oct 12 06:06:58 UTC 2019 /home/travis/build/icyphy/ptII/ptolemy/domains/de/test/auto/ResetTransitionWithStartTime3.xml
----------------- Instantiating /home/travis/build/icyphy/ptII/ptolemy/domains/de/test/auto/ResetTransitionWithStartTime3.xml
4 ms. Memory: 227328K Free: 188235K (83%)
----------------- Invoking toplevel() on ptolemy.moml.MoMLSimpleApplication@5a89ced9
----------------- Done invoking toplevel() on ptolemy.moml.MoMLSimpleApplication@5a89ced9
reloadAllAccessors: .ResetTransitionWithStartTime3

===========================================================================================
----------------- testing Sat Oct 12 06:06:58 UTC 2019 /home/travis/build/icyphy/ptII/ptolemy/domains/de/test/auto/ResetTransitionWithStartTime4.xml
----------------- Instantiating /home/travis/build/icyphy/ptII/ptolemy/domains/de/test/auto/ResetTransitionWithStartTime4.xml
6 ms. Memory: 227328K Free: 180547K (79%)
----------------- Invoking toplevel() on ptolemy.moml.MoMLSimpleApplication@3919cd03
----------------- Done invoking toplevel() on ptolemy.moml.MoMLSimpleApplication@3919cd03
reloadAllAccessors: .ResetTransitionWithStartTime4

===========================================================================================
----------------- testing Sat Oct 12 06:06:58 UTC 2019 /home/travis/build/icyphy/ptII/ptolemy/domains/de/test/auto/ResettableTimer1.xml
----------------- Instantiating /home/travis/build/icyphy/ptII/ptolemy/domains/de/test/auto/ResettableTimer1.xml
2 ms. Memory: 227328K Free: 176443K (78%)
----------------- Invoking toplevel() on ptolemy.moml.MoMLSimpleApplication@1d8a0d66
----------------- Done invoking toplevel() on ptolemy.moml.MoMLSimpleApplication@1d8a0d66
reloadAllAccessors: .ResettableTimer1

===========================================================================================
----------------- testing Sat Oct 12 06:06:58 UTC 2019 /home/travis/build/icyphy/ptII/ptolemy/domains/de/test/auto/ResettableTimer2.xml
----------------- Instantiating /home/travis/build/icyphy/ptII/ptolemy/domains/de/test/auto/ResettableTimer2.xml
2 ms. Memory: 227328K Free: 172347K (76%)
----------------- Invoking toplevel() on ptolemy.moml.MoMLSimpleApplication@316b3477
----------------- Done invoking toplevel() on ptolemy.moml.MoMLSimpleApplication@316b3477
reloadAllAccessors: .ResettableTimer2

===========================================================================================
----------------- testing Sat Oct 12 06:06:58 UTC 2019 /home/travis/build/icyphy/ptII/ptolemy/domains/de/test/auto/ResettableTimer3.xml
----------------- Instantiating /home/travis/build/icyphy/ptII/ptolemy/domains/de/test/auto/ResettableTimer3.xml
3 ms. Memory: 227328K Free: 168265K (74%)
----------------- Invoking toplevel() on ptolemy.moml.MoMLSimpleApplication@6a67bf37
----------------- Done invoking toplevel() on ptolemy.moml.MoMLSimpleApplication@6a67bf37
reloadAllAccessors: .ResettableTimer3

===========================================================================================
----------------- testing Sat Oct 12 06:06:58 UTC 2019 /home/travis/build/icyphy/ptII/ptolemy/domains/de/test/auto/ResettableTimer4.xml
----------------- Instantiating /home/travis/build/icyphy/ptII/ptolemy/domains/de/test/auto/ResettableTimer4.xml
2 ms. Memory: 227328K Free: 164683K (72%)
----------------- Invoking toplevel() on ptolemy.moml.MoMLSimpleApplication@6f05f05f
----------------- Done invoking toplevel() on ptolemy.moml.MoMLSimpleApplication@6f05f05f
reloadAllAccessors: .ResettableTimer4

===========================================================================================
----------------- testing Sat Oct 12 06:06:58 UTC 2019 /home/travis/build/icyphy/ptII/ptolemy/domains/de/test/auto/ResettableTimer5.xml
----------------- Instantiating /home/travis/build/icyphy/ptII/ptolemy/domains/de/test/auto/ResettableTimer5.xml
2 ms. Memory: 227328K Free: 160073K (70%)
----------------- Invoking toplevel() on ptolemy.moml.MoMLSimpleApplication@2015e22f
----------------- Done invoking toplevel() on ptolemy.moml.MoMLSimpleApplication@2015e22f
reloadAllAccessors: .ResettableTimer5

===========================================================================================
----------------- testing Sat Oct 12 06:06:58 UTC 2019 /home/travis/build/icyphy/ptII/ptolemy/domains/de/test/auto/ResettableTimer6.xml
----------------- Instantiating /home/travis/build/icyphy/ptII/ptolemy/domains/de/test/auto/ResettableTimer6.xml
6 ms. Memory: 227328K Free: 155465K (68%)
----------------- Invoking toplevel() on ptolemy.moml.MoMLSimpleApplication@35a33e48
----------------- Done invoking toplevel() on ptolemy.moml.MoMLSimpleApplication@35a33e48
reloadAllAccessors: .ResettableTimer6

===========================================================================================
----------------- testing Sat Oct 12 06:06:58 UTC 2019 /home/travis/build/icyphy/ptII/ptolemy/domains/de/test/auto/ServerZeroDelay.xml
----------------- Instantiating /home/travis/build/icyphy/ptII/ptolemy/domains/de/test/auto/ServerZeroDelay.xml
2 ms. Memory: 227328K Free: 151371K (67%)
----------------- Invoking toplevel() on ptolemy.moml.MoMLSimpleApplication@7da4fcc6
----------------- Done invoking toplevel() on ptolemy.moml.MoMLSimpleApplication@7da4fcc6
reloadAllAccessors: .ServerZeroDelay

===========================================================================================
----------------- testing Sat Oct 12 06:06:58 UTC 2019 /home/travis/build/icyphy/ptII/ptolemy/domains/de/test/auto/SmartSender.xml
----------------- Instantiating /home/travis/build/icyphy/ptII/ptolemy/domains/de/test/auto/SmartSender.xml
3001 ms. Memory: 227328K Free: 147275K (65%)
----------------- Invoking toplevel() on ptolemy.moml.MoMLSimpleApplication@37f8d575
----------------- Done invoking toplevel() on ptolemy.moml.MoMLSimpleApplication@37f8d575
reloadAllAccessors: .SmartSender

===========================================================================================
----------------- testing Sat Oct 12 06:07:01 UTC 2019 /home/travis/build/icyphy/ptII/ptolemy/domains/de/test/auto/ThreadedComposite.xml
----------------- Instantiating /home/travis/build/icyphy/ptII/ptolemy/domains/de/test/auto/ThreadedComposite.xml
130 ms. Memory: 227328K Free: 125257K (55%)
----------------- Invoking toplevel() on ptolemy.moml.MoMLSimpleApplication@2077a242
----------------- Done invoking toplevel() on ptolemy.moml.MoMLSimpleApplication@2077a242
reloadAllAccessors: .ThreadedComposite

===========================================================================================
----------------- testing Sat Oct 12 06:07:01 UTC 2019 /home/travis/build/icyphy/ptII/ptolemy/domains/de/test/auto/Time.xml
----------------- Instantiating /home/travis/build/icyphy/ptII/ptolemy/domains/de/test/auto/Time.xml
444 ms. Memory: 227328K Free: 204488K (90%)
----------------- Invoking toplevel() on ptolemy.moml.MoMLSimpleApplication@4a7a2721
----------------- Done invoking toplevel() on ptolemy.moml.MoMLSimpleApplication@4a7a2721
reloadAllAccessors: .Time

===========================================================================================
----------------- testing Sat Oct 12 06:07:02 UTC 2019 /home/travis/build/icyphy/ptII/ptolemy/domains/de/test/auto/TimeDelayZeroDelay.xml
----------------- Instantiating /home/travis/build/icyphy/ptII/ptolemy/domains/de/test/auto/TimeDelayZeroDelay.xml
2 ms. Memory: 227328K Free: 199882K (88%)
----------------- Invoking toplevel() on ptolemy.moml.MoMLSimpleApplication@4d2247f3
----------------- Done invoking toplevel() on ptolemy.moml.MoMLSimpleApplication@4d2247f3
reloadAllAccessors: .TimeDelayZeroDelay

===========================================================================================
----------------- testing Sat Oct 12 06:07:02 UTC 2019 /home/travis/build/icyphy/ptII/ptolemy/domains/de/test/auto/TimerZeroDelay.xml
----------------- Instantiating /home/travis/build/icyphy/ptII/ptolemy/domains/de/test/auto/TimerZeroDelay.xml
3 ms. Memory: 227328K Free: 195786K (86%)
----------------- Invoking toplevel() on ptolemy.moml.MoMLSimpleApplication@6ade7139
----------------- Done invoking toplevel() on ptolemy.moml.MoMLSimpleApplication@6ade7139
reloadAllAccessors: .TimerZeroDelay

===========================================================================================
----------------- testing Sat Oct 12 06:07:02 UTC 2019 /home/travis/build/icyphy/ptII/ptolemy/domains/de/test/auto/TimingParadox.xml
----------------- Instantiating /home/travis/build/icyphy/ptII/ptolemy/domains/de/test/auto/TimingParadox.xml
316 ms. Memory: 227328K Free: 128712K (57%)
----------------- Invoking toplevel() on ptolemy.moml.MoMLSimpleApplication@689ae710
----------------- Done invoking toplevel() on ptolemy.moml.MoMLSimpleApplication@689ae710
reloadAllAccessors: .TimingParadox

===========================================================================================
----------------- testing Sat Oct 12 06:07:02 UTC 2019 /home/travis/build/icyphy/ptII/ptolemy/domains/de/test/auto/TransferInputs.xml
----------------- Instantiating /home/travis/build/icyphy/ptII/ptolemy/domains/de/test/auto/TransferInputs.xml
1 ms. Memory: 227328K Free: 124106K (55%)
----------------- Invoking toplevel() on ptolemy.moml.MoMLSimpleApplication@14c50d77
----------------- Done invoking toplevel() on ptolemy.moml.MoMLSimpleApplication@14c50d77
reloadAllAccessors: .TransferInputs

===========================================================================================
----------------- testing Sat Oct 12 06:07:02 UTC 2019 /home/travis/build/icyphy/ptII/ptolemy/domains/de/test/auto/TransferOutputs2.xml
----------------- Instantiating /home/travis/build/icyphy/ptII/ptolemy/domains/de/test/auto/TransferOutputs2.xml
3 ms. Memory: 227328K Free: 115914K (51%)
----------------- Invoking toplevel() on ptolemy.moml.MoMLSimpleApplication@4c3d53ad
----------------- Done invoking toplevel() on ptolemy.moml.MoMLSimpleApplication@4c3d53ad
reloadAllAccessors: .TransferOutputs2

===========================================================================================
----------------- testing Sat Oct 12 06:07:02 UTC 2019 /home/travis/build/icyphy/ptII/ptolemy/domains/de/test/auto/Trilateration.xml
----------------- Instantiating /home/travis/build/icyphy/ptII/ptolemy/domains/de/test/auto/Trilateration.xml
12294 ms. Memory: 404480K Free: 281559K (70%)
----------------- Invoking toplevel() on ptolemy.moml.MoMLSimpleApplication@216aa964
----------------- Done invoking toplevel() on ptolemy.moml.MoMLSimpleApplication@216aa964
reloadAllAccessors: .Trilateration

===========================================================================================
----------------- testing Sat Oct 12 06:07:15 UTC 2019 /home/travis/build/icyphy/ptII/ptolemy/domains/de/test/auto/TwoSigmaDelta.xml
----------------- Instantiating /home/travis/build/icyphy/ptII/ptolemy/domains/de/test/auto/TwoSigmaDelta.xml
2146 ms. Memory: 404480K Free: 315602K (78%)
----------------- Invoking toplevel() on ptolemy.moml.MoMLSimpleApplication@53930a9
----------------- Done invoking toplevel() on ptolemy.moml.MoMLSimpleApplication@53930a9
reloadAllAccessors: .TwoSigmaDelta

===========================================================================================
----------------- testing Sat Oct 12 06:07:18 UTC 2019 /home/travis/build/icyphy/ptII/ptolemy/domains/de/test/auto/VariableDelay.xml
----------------- Instantiating /home/travis/build/icyphy/ptII/ptolemy/domains/de/test/auto/VariableDelay.xml
2 ms. Memory: 404480K Free: 310482K (77%)
----------------- Invoking toplevel() on ptolemy.moml.MoMLSimpleApplication@18d2de6f
----------------- Done invoking toplevel() on ptolemy.moml.MoMLSimpleApplication@18d2de6f
reloadAllAccessors: .VariableDelay

===========================================================================================
----------------- testing Sat Oct 12 06:07:18 UTC 2019 /home/travis/build/icyphy/ptII/ptolemy/domains/de/test/auto/VariableDelay2.xml
----------------- Instantiating /home/travis/build/icyphy/ptII/ptolemy/domains/de/test/auto/VariableDelay2.xml
2 ms. Memory: 404480K Free: 305858K (76%)
----------------- Invoking toplevel() on ptolemy.moml.MoMLSimpleApplication@7baf4d48
----------------- Done invoking toplevel() on ptolemy.moml.MoMLSimpleApplication@7baf4d48
reloadAllAccessors: .VariableDelay2

===========================================================================================
----------------- testing Sat Oct 12 06:07:18 UTC 2019 /home/travis/build/icyphy/ptII/ptolemy/domains/de/test/auto/VariableDelayZeroDelay.xml
----------------- Instantiating /home/travis/build/icyphy/ptII/ptolemy/domains/de/test/auto/VariableDelayZeroDelay.xml
4 ms. Memory: 404480K Free: 301776K (75%)
----------------- Invoking toplevel() on ptolemy.moml.MoMLSimpleApplication@3bb1f510
----------------- Done invoking toplevel() on ptolemy.moml.MoMLSimpleApplication@3bb1f510
reloadAllAccessors: .VariableDelayZeroDelay

===========================================================================================
----------------- testing Sat Oct 12 06:07:18 UTC 2019 /home/travis/build/icyphy/ptII/ptolemy/domains/de/test/auto/VariableDelayZeroDelay2.xml
----------------- Instantiating /home/travis/build/icyphy/ptII/ptolemy/domains/de/test/auto/VariableDelayZeroDelay2.xml
2 ms. Memory: 404480K Free: 297680K (74%)
----------------- Invoking toplevel() on ptolemy.moml.MoMLSimpleApplication@120f8fb0
----------------- Done invoking toplevel() on ptolemy.moml.MoMLSimpleApplication@120f8fb0
reloadAllAccessors: .VariableDelayZeroDelay2

===========================================================================================
----------------- testing Sat Oct 12 06:07:18 UTC 2019 /home/travis/build/icyphy/ptII/ptolemy/domains/de/test/auto/deInCt.xml
----------------- Instantiating /home/travis/build/icyphy/ptII/ptolemy/domains/de/test/auto/deInCt.xml
0
1
1
1
0
0
0
1
1
1
1
0
0
0
0
1
1
1
0
0
0
1
1
1
0
0
0
1
1
1
1
0
0
0
0
0
7 ms. Memory: 404480K Free: 292560K (72%)
----------------- Invoking toplevel() on ptolemy.moml.MoMLSimpleApplication@6225870a
----------------- Done invoking toplevel() on ptolemy.moml.MoMLSimpleApplication@6225870a
reloadAllAccessors: .deInCt

===========================================================================================
----------------- testing Sat Oct 12 06:07:18 UTC 2019 /home/travis/build/icyphy/ptII/ptolemy/domains/de/test/auto/deInCt2.xml
----------------- Instantiating /home/travis/build/icyphy/ptII/ptolemy/domains/de/test/auto/deInCt2.xml
0
1
1
1
0
0
1
1
1
0
0
1
1
1
0
0
1
1
1
0
0
1
1
1
0
0
1
1
1
0
0
1
1
1
0
0
1
1
1
0
0
0
8 ms. Memory: 404480K Free: 287434K (71%)
----------------- Invoking toplevel() on ptolemy.moml.MoMLSimpleApplication@4d7b7e21
----------------- Done invoking toplevel() on ptolemy.moml.MoMLSimpleApplication@4d7b7e21
reloadAllAccessors: .deInCt2

===========================================================================================
----------------- testing Sat Oct 12 06:07:18 UTC 2019 /home/travis/build/icyphy/ptII/ptolemy/domains/de/test/auto/dynamicCausalityInterface1.xml
----------------- Instantiating /home/travis/build/icyphy/ptII/ptolemy/domains/de/test/auto/dynamicCausalityInterface1.xml
0 ms. Memory: 404480K Free: 278224K (69%)
----------------- Invoking toplevel() on ptolemy.moml.MoMLSimpleApplication@3380ede1
----------------- Done invoking toplevel() on ptolemy.moml.MoMLSimpleApplication@3380ede1
reloadAllAccessors: .dynamicCausalityInterface1

===========================================================================================
----------------- testing Sat Oct 12 06:07:18 UTC 2019 /home/travis/build/icyphy/ptII/ptolemy/domains/de/test/auto/fsm_de_test.xml
----------------- Instantiating /home/travis/build/icyphy/ptII/ptolemy/domains/de/test/auto/fsm_de_test.xml
5 ms. Memory: 404480K Free: 268978K (66%)
----------------- Invoking toplevel() on ptolemy.moml.MoMLSimpleApplication@2f03dedf
----------------- Done invoking toplevel() on ptolemy.moml.MoMLSimpleApplication@2f03dedf
reloadAllAccessors: .fsm_de_test

===========================================================================================
----------------- testing Sat Oct 12 06:07:18 UTC 2019 /home/travis/build/icyphy/ptII/ptolemy/domains/de/test/auto/functionDependencyReconstruction.xml
----------------- Instantiating /home/travis/build/icyphy/ptII/ptolemy/domains/de/test/auto/functionDependencyReconstruction.xml
2 ms. Memory: 404480K Free: 254162K (63%)
----------------- Invoking toplevel() on ptolemy.moml.MoMLSimpleApplication@552e941c
----------------- Done invoking toplevel() on ptolemy.moml.MoMLSimpleApplication@552e941c
reloadAllAccessors: .functionDependencyReconstruction

===========================================================================================
----------------- testing Sat Oct 12 06:07:18 UTC 2019 /home/travis/build/icyphy/ptII/ptolemy/domains/de/test/auto/multirate.xml
----------------- Instantiating /home/travis/build/icyphy/ptII/ptolemy/domains/de/test/auto/multirate.xml
3 ms. Memory: 404480K Free: 247490K (61%)
----------------- Invoking toplevel() on ptolemy.moml.MoMLSimpleApplication@3de8d256
----------------- Done invoking toplevel() on ptolemy.moml.MoMLSimpleApplication@3de8d256
reloadAllAccessors: .multirate

===========================================================================================
----------------- testing Sat Oct 12 06:07:18 UTC 2019 /home/travis/build/icyphy/ptII/ptolemy/domains/de/test/auto/multirate2.xml
----------------- Instantiating /home/travis/build/icyphy/ptII/ptolemy/domains/de/test/auto/multirate2.xml
2 ms. Memory: 404480K Free: 240850K (60%)
----------------- Invoking toplevel() on ptolemy.moml.MoMLSimpleApplication@642e6a34
----------------- Done invoking toplevel() on ptolemy.moml.MoMLSimpleApplication@642e6a34
reloadAllAccessors: .multirate2

===========================================================================================
----------------- testing Sat Oct 12 06:07:18 UTC 2019 /home/travis/build/icyphy/ptII/ptolemy/domains/de/test/auto/realtime.xml
----------------- Instantiating /home/travis/build/icyphy/ptII/ptolemy/domains/de/test/auto/realtime.xml
10001 ms. Memory: 404480K Free: 236240K (58%)
----------------- Invoking toplevel() on ptolemy.moml.MoMLSimpleApplication@7fcf4057
----------------- Done invoking toplevel() on ptolemy.moml.MoMLSimpleApplication@7fcf4057
reloadAllAccessors: .realtime

===========================================================================================
----------------- testing Sat Oct 12 06:07:28 UTC 2019 /home/travis/build/icyphy/ptII/ptolemy/domains/de/test/auto/relationGroup.xml
----------------- Instantiating /home/travis/build/icyphy/ptII/ptolemy/domains/de/test/auto/relationGroup.xml
4 ms. Memory: 404480K Free: 232658K (58%)
----------------- Invoking toplevel() on ptolemy.moml.MoMLSimpleApplication@3798a4cc
----------------- Done invoking toplevel() on ptolemy.moml.MoMLSimpleApplication@3798a4cc
reloadAllAccessors: .relationGroup

===========================================================================================
----------------- testing Sat Oct 12 06:07:28 UTC 2019 /home/travis/build/icyphy/ptII/ptolemy/domains/de/test/auto/relationGroup2.xml
----------------- Instantiating /home/travis/build/icyphy/ptII/ptolemy/domains/de/test/auto/relationGroup2.xml
1 ms. Memory: 404480K Free: 229072K (57%)
----------------- Invoking toplevel() on ptolemy.moml.MoMLSimpleApplication@638d00aa
----------------- Done invoking toplevel() on ptolemy.moml.MoMLSimpleApplication@638d00aa
reloadAllAccessors: .relationGroup2

===========================================================================================
----------------- testing Sat Oct 12 06:07:28 UTC 2019 /home/travis/build/icyphy/ptII/ptolemy/domains/de/test/auto/sortWithOpaquePorts.xml
----------------- Instantiating /home/travis/build/icyphy/ptII/ptolemy/domains/de/test/auto/sortWithOpaquePorts.xml
2 ms. Memory: 404480K Free: 224466K (55%)
----------------- Invoking toplevel() on ptolemy.moml.MoMLSimpleApplication@4fbec893
----------------- Done invoking toplevel() on ptolemy.moml.MoMLSimpleApplication@4fbec893
reloadAllAccessors: .sortWithOpaquePorts

===========================================================================================
----------------- testing Sat Oct 12 06:07:28 UTC 2019 /home/travis/build/icyphy/ptII/ptolemy/domains/de/test/auto/transferInputsandOutputs.xml
----------------- Instantiating /home/travis/build/icyphy/ptII/ptolemy/domains/de/test/auto/transferInputsandOutputs.xml
2 ms. Memory: 404480K Free: 217298K (54%)
----------------- Invoking toplevel() on ptolemy.moml.MoMLSimpleApplication@4abacbfd
----------------- Done invoking toplevel() on ptolemy.moml.MoMLSimpleApplication@4abacbfd
reloadAllAccessors: .transferInputsandOutputs

===========================================================================================
----------------- testing Sat Oct 12 06:07:28 UTC 2019 /home/travis/build/icyphy/ptII/ptolemy/domains/de/test/auto/triggerType.xml
----------------- Instantiating /home/travis/build/icyphy/ptII/ptolemy/domains/de/test/auto/triggerType.xml
1 ms. Memory: 404480K Free: 213202K (53%)
----------------- Invoking toplevel() on ptolemy.moml.MoMLSimpleApplication@50873f45
----------------- Done invoking toplevel() on ptolemy.moml.MoMLSimpleApplication@50873f45
reloadAllAccessors: .triggerType
AutoTests.java: About to close Vertx.
AutoTests.java: Vertx closed.
]]></system-out>
  <system-err><![CDATA[java.lang.RuntimeException: Execution failed
	at ptolemy.moml.MoMLSimpleApplication$UnloadThread.run(MoMLSimpleApplication.java:402)
Caused by: ptolemy.kernel.util.IllegalActionException: Found a zero delay loop containing .dependencyLoop.original
  in .dependencyLoop and .dependencyLoop.original
	at ptolemy.actor.util.CausalityInterfaceForComposites._computeOutputPortDepth(CausalityInterfaceForComposites.java:759)
	at ptolemy.actor.util.CausalityInterfaceForComposites._computeInputDepth(CausalityInterfaceForComposites.java:696)
	at ptolemy.actor.util.CausalityInterfaceForComposites._computeOutputPortDepth(CausalityInterfaceForComposites.java:765)
	at ptolemy.actor.util.CausalityInterfaceForComposites._computeInputDepth(CausalityInterfaceForComposites.java:696)
	at ptolemy.actor.util.CausalityInterfaceForComposites._computeOutputPortDepth(CausalityInterfaceForComposites.java:765)
	at ptolemy.actor.util.CausalityInterfaceForComposites._computeInputDepth(CausalityInterfaceForComposites.java:696)
	at ptolemy.actor.util.CausalityInterfaceForComposites._computeActorDepth(CausalityInterfaceForComposites.java:532)
	at ptolemy.actor.util.CausalityInterfaceForComposites.checkForCycles(CausalityInterfaceForComposites.java:96)
	at ptolemy.domains.de.kernel.DEDirector.preinitialize(DEDirector.java:1338)
	at ptolemy.actor.CompositeActor.preinitialize(CompositeActor.java:1828)
	at ptolemy.actor.Manager.preinitializeAndResolveTypes(Manager.java:1040)
	at ptolemy.actor.Manager.initialize(Manager.java:710)
	at ptolemy.actor.Manager.execute(Manager.java:356)
	at ptolemy.actor.Manager.run(Manager.java:1263)
	at ptolemy.actor.Manager$PtolemyRunThread.run(Manager.java:1933)
java.lang.RuntimeException: Execution failed
	at ptolemy.moml.MoMLSimpleApplication$UnloadThread.run(MoMLSimpleApplication.java:402)
Caused by: ptolemy.kernel.util.IllegalActionException: Found a zero delay loop containing .dependencyLoop2.original
  in .dependencyLoop2 and .dependencyLoop2.original
	at ptolemy.actor.util.CausalityInterfaceForComposites._computeOutputPortDepth(CausalityInterfaceForComposites.java:759)
	at ptolemy.actor.util.CausalityInterfaceForComposites._computeInputDepth(CausalityInterfaceForComposites.java:696)
	at ptolemy.actor.util.CausalityInterfaceForComposites._computeOutputPortDepth(CausalityInterfaceForComposites.java:765)
	at ptolemy.actor.util.CausalityInterfaceForComposites._computeInputDepth(CausalityInterfaceForComposites.java:696)
	at ptolemy.actor.util.CausalityInterfaceForComposites._computeOutputPortDepth(CausalityInterfaceForComposites.java:765)
	at ptolemy.actor.util.CausalityInterfaceForComposites._computeInputDepth(CausalityInterfaceForComposites.java:696)
	at ptolemy.actor.util.CausalityInterfaceForComposites._computeActorDepth(CausalityInterfaceForComposites.java:532)
	at ptolemy.actor.util.CausalityInterfaceForComposites.checkForCycles(CausalityInterfaceForComposites.java:96)
	at ptolemy.domains.de.kernel.DEDirector.preinitialize(DEDirector.java:1338)
	at ptolemy.actor.CompositeActor.preinitialize(CompositeActor.java:1828)
	at ptolemy.actor.Manager.preinitializeAndResolveTypes(Manager.java:1040)
	at ptolemy.actor.Manager.initialize(Manager.java:710)
	at ptolemy.actor.Manager.execute(Manager.java:356)
	at ptolemy.actor.Manager.run(Manager.java:1263)
	at ptolemy.actor.Manager$PtolemyRunThread.run(Manager.java:1933)
java.lang.RuntimeException: Execution failed
	at ptolemy.moml.MoMLSimpleApplication$UnloadThread.run(MoMLSimpleApplication.java:402)
Caused by: ptolemy.kernel.util.IllegalActionException: Test fails in iteration 1.
Value was: 1.0. Should have been: 2.0
  in .DirectFeedback.Test
	at ptolemy.actor.lib.Test.fire(Test.java:268)
	at ptolemy.domains.de.kernel.DEDirector._fire(DEDirector.java:1949)
	at ptolemy.domains.de.kernel.DEDirector.fire(DEDirector.java:502)
	at ptolemy.actor.CompositeActor.fire(CompositeActor.java:455)
	at ptolemy.actor.Manager.iterate(Manager.java:851)
	at ptolemy.actor.Manager.execute(Manager.java:369)
	at ptolemy.actor.Manager.run(Manager.java:1263)
	at ptolemy.actor.Manager$PtolemyRunThread.run(Manager.java:1933)
java.lang.RuntimeException: Execution failed
	at ptolemy.moml.MoMLSimpleApplication$UnloadThread.run(MoMLSimpleApplication.java:402)
Caused by: ptolemy.kernel.util.IllegalActionException: Found a zero delay loop containing .dependencyLoop.original
  in .dependencyLoop and .dependencyLoop.original
	at ptolemy.actor.util.CausalityInterfaceForComposites._computeOutputPortDepth(CausalityInterfaceForComposites.java:759)
	at ptolemy.actor.util.CausalityInterfaceForComposites._computeInputDepth(CausalityInterfaceForComposites.java:696)
	at ptolemy.actor.util.CausalityInterfaceForComposites._computeOutputPortDepth(CausalityInterfaceForComposites.java:765)
	at ptolemy.actor.util.CausalityInterfaceForComposites._computeInputDepth(CausalityInterfaceForComposites.java:696)
	at ptolemy.actor.util.CausalityInterfaceForComposites._computeOutputPortDepth(CausalityInterfaceForComposites.java:765)
	at ptolemy.actor.util.CausalityInterfaceForComposites._computeInputDepth(CausalityInterfaceForComposites.java:696)
	at ptolemy.actor.util.CausalityInterfaceForComposites._computeActorDepth(CausalityInterfaceForComposites.java:532)
	at ptolemy.actor.util.CausalityInterfaceForComposites.checkForCycles(CausalityInterfaceForComposites.java:96)
	at ptolemy.domains.de.kernel.DEDirector.preinitialize(DEDirector.java:1338)
	at ptolemy.actor.CompositeActor.preinitialize(CompositeActor.java:1828)
	at ptolemy.actor.Manager.preinitializeAndResolveTypes(Manager.java:1040)
	at ptolemy.actor.Manager.initialize(Manager.java:710)
	at ptolemy.actor.Manager.execute(Manager.java:356)
	at ptolemy.actor.Manager.run(Manager.java:1263)
	at ptolemy.actor.Manager$PtolemyRunThread.run(Manager.java:1933)
java.lang.RuntimeException: Execution failed
	at ptolemy.moml.MoMLSimpleApplication$UnloadThread.run(MoMLSimpleApplication.java:402)
Caused by: ptolemy.kernel.util.IllegalActionException: Found a zero delay loop containing .HierarchicalModel.A
  in .HierarchicalModel and .HierarchicalModel.A
	at ptolemy.actor.util.CausalityInterfaceForComposites._computeOutputPortDepth(CausalityInterfaceForComposites.java:759)
	at ptolemy.actor.util.CausalityInterfaceForComposites._computeInputDepth(CausalityInterfaceForComposites.java:696)
	at ptolemy.actor.util.CausalityInterfaceForComposites._computeOutputPortDepth(CausalityInterfaceForComposites.java:765)
	at ptolemy.actor.util.CausalityInterfaceForComposites._computeInputDepth(CausalityInterfaceForComposites.java:696)
	at ptolemy.actor.util.CausalityInterfaceForComposites._computeOutputPortDepth(CausalityInterfaceForComposites.java:765)
	at ptolemy.actor.util.CausalityInterfaceForComposites._computeInputDepth(CausalityInterfaceForComposites.java:696)
	at ptolemy.actor.util.CausalityInterfaceForComposites._computeActorDepth(CausalityInterfaceForComposites.java:532)
	at ptolemy.actor.util.CausalityInterfaceForComposites.checkForCycles(CausalityInterfaceForComposites.java:96)
	at ptolemy.domains.de.kernel.DEDirector.preinitialize(DEDirector.java:1338)
	at ptolemy.actor.CompositeActor.preinitialize(CompositeActor.java:1828)
	at ptolemy.actor.Manager.preinitializeAndResolveTypes(Manager.java:1040)
	at ptolemy.actor.Manager.initialize(Manager.java:710)
	at ptolemy.actor.Manager.execute(Manager.java:356)
	at ptolemy.actor.Manager.run(Manager.java:1263)
	at ptolemy.actor.Manager$PtolemyRunThread.run(Manager.java:1933)
java.lang.RuntimeException: Execution failed
	at ptolemy.moml.MoMLSimpleApplication$UnloadThread.run(MoMLSimpleApplication.java:402)
Caused by: ptolemy.kernel.util.IllegalActionException: Found a zero delay loop containing .dependencyLoop2.original
  in .dependencyLoop2 and .dependencyLoop2.original
	at ptolemy.actor.util.CausalityInterfaceForComposites._computeOutputPortDepth(CausalityInterfaceForComposites.java:759)
	at ptolemy.actor.util.CausalityInterfaceForComposites._computeInputDepth(CausalityInterfaceForComposites.java:696)
	at ptolemy.actor.util.CausalityInterfaceForComposites._computeOutputPortDepth(CausalityInterfaceForComposites.java:765)
	at ptolemy.actor.util.CausalityInterfaceForComposites._computeInputDepth(CausalityInterfaceForComposites.java:696)
	at ptolemy.actor.util.CausalityInterfaceForComposites._computeOutputPortDepth(CausalityInterfaceForComposites.java:765)
	at ptolemy.actor.util.CausalityInterfaceForComposites._computeInputDepth(CausalityInterfaceForComposites.java:696)
	at ptolemy.actor.util.CausalityInterfaceForComposites._computeActorDepth(CausalityInterfaceForComposites.java:532)
	at ptolemy.actor.util.CausalityInterfaceForComposites.checkForCycles(CausalityInterfaceForComposites.java:96)
	at ptolemy.domains.de.kernel.DEDirector.preinitialize(DEDirector.java:1338)
	at ptolemy.actor.CompositeActor.preinitialize(CompositeActor.java:1828)
	at ptolemy.actor.Manager.preinitializeAndResolveTypes(Manager.java:1040)
	at ptolemy.actor.Manager.initialize(Manager.java:710)
	at ptolemy.actor.Manager.execute(Manager.java:356)
	at ptolemy.actor.Manager.run(Manager.java:1263)
	at ptolemy.actor.Manager$PtolemyRunThread.run(Manager.java:1933)
java.lang.RuntimeException: Execution failed
	at ptolemy.moml.MoMLSimpleApplication$UnloadThread.run(MoMLSimpleApplication.java:402)
Caused by: ptolemy.kernel.util.IllegalActionException: Actor is not ready to fire.  Perhaps UpSample.prefire() returned false? Try debugging the actor by selecting "Listen to Actor".  Also, for SDF check moml for tokenConsumptionRate on input.
  in .DESDFClockTest.Play Bell.Copy1:SDF Director and .DESDFClockTest.Play Bell.UpSample
	at ptolemy.actor.sched.StaticSchedulingDirector.fire(StaticSchedulingDirector.java:227)
	at ptolemy.domains.sdf.kernel.SDFDirector.fire(SDFDirector.java:500)
	at ptolemy.actor.CompositeActor.fire(CompositeActor.java:455)
	at ptolemy.domains.de.kernel.DEDirector._fire(DEDirector.java:1949)
	at ptolemy.domains.de.kernel.DEDirector.fire(DEDirector.java:502)
	at ptolemy.actor.CompositeActor.fire(CompositeActor.java:455)
	at ptolemy.actor.Manager.iterate(Manager.java:851)
	at ptolemy.actor.Manager.execute(Manager.java:369)
	at ptolemy.actor.Manager.run(Manager.java:1263)
	at ptolemy.actor.Manager$PtolemyRunThread.run(Manager.java:1933)
java.lang.RuntimeException: Execution failed
	at ptolemy.moml.MoMLSimpleApplication$UnloadThread.run(MoMLSimpleApplication.java:402)
Caused by: ptolemy.kernel.util.IllegalActionException: Actor is not ready to fire.  Perhaps UpSample.prefire() returned false? Try debugging the actor by selecting "Listen to Actor".  Also, for SDF check moml for tokenConsumptionRate on input.
  in .DESDFClockTest.Play Bell.Copy1:SDF Director and .DESDFClockTest.Play Bell.UpSample
	at ptolemy.actor.sched.StaticSchedulingDirector.fire(StaticSchedulingDirector.java:227)
	at ptolemy.domains.sdf.kernel.SDFDirector.fire(SDFDirector.java:500)
	at ptolemy.actor.CompositeActor.fire(CompositeActor.java:455)
	at ptolemy.domains.de.kernel.DEDirector._fire(DEDirector.java:1949)
	at ptolemy.domains.de.kernel.DEDirector.fire(DEDirector.java:502)
	at ptolemy.actor.CompositeActor.fire(CompositeActor.java:455)
	at ptolemy.actor.Manager.iterate(Manager.java:851)
	at ptolemy.actor.Manager.execute(Manager.java:369)
	at ptolemy.actor.Manager.run(Manager.java:1263)
	at ptolemy.actor.Manager$PtolemyRunThread.run(Manager.java:1933)
java.lang.reflect.InvocationTargetException
	at java.base/jdk.internal.reflect.NativeConstructorAccessorImpl.newInstance0(Native Method)
	at java.base/jdk.internal.reflect.NativeConstructorAccessorImpl.newInstance(NativeConstructorAccessorImpl.java:62)
	at java.base/jdk.internal.reflect.DelegatingConstructorAccessorImpl.newInstance(DelegatingConstructorAccessorImpl.java:45)
	at java.base/java.lang.reflect.Constructor.newInstance(Constructor.java:490)
	at ptolemy.util.test.junit.AutoKnownFailedTests.RunModel(AutoKnownFailedTests.java:105)
	at java.base/jdk.internal.reflect.NativeMethodAccessorImpl.invoke0(Native Method)
	at java.base/jdk.internal.reflect.NativeMethodAccessorImpl.invoke(NativeMethodAccessorImpl.java:62)
	at java.base/jdk.internal.reflect.DelegatingMethodAccessorImpl.invoke(DelegatingMethodAccessorImpl.java:43)
	at java.base/java.lang.reflect.Method.invoke(Method.java:566)
	at org.junit.runners.model.FrameworkMethod$1.runReflectiveCall(FrameworkMethod.java:44)
	at org.junit.internal.runners.model.ReflectiveCallable.run(ReflectiveCallable.java:15)
	at org.junit.runners.model.FrameworkMethod.invokeExplosively(FrameworkMethod.java:41)
	at junitparams.internal.InvokeParameterisedMethod.evaluate(InvokeParameterisedMethod.java:102)
	at org.junit.internal.runners.statements.FailOnTimeout$1.run(FailOnTimeout.java:28)
Caused by: ptolemy.kernel.util.IllegalActionException: Actor is not ready to fire.  Perhaps UpSample.prefire() returned false? Try debugging the actor by selecting "Listen to Actor".  Also, for SDF check moml for tokenConsumptionRate on input.
  in .DESDFClockTest.Play Bell.Copy1:SDF Director and .DESDFClockTest.Play Bell.UpSample
	at ptolemy.actor.sched.StaticSchedulingDirector.fire(StaticSchedulingDirector.java:227)
	at ptolemy.domains.sdf.kernel.SDFDirector.fire(SDFDirector.java:500)
	at ptolemy.actor.CompositeActor.fire(CompositeActor.java:455)
	at ptolemy.domains.de.kernel.DEDirector._fire(DEDirector.java:1949)
	at ptolemy.domains.de.kernel.DEDirector.fire(DEDirector.java:502)
	at ptolemy.actor.CompositeActor.fire(CompositeActor.java:455)
	at ptolemy.actor.Manager.iterate(Manager.java:851)
	at ptolemy.actor.Manager.execute(Manager.java:369)
	at ptolemy.actor.Manager.run(Manager.java:1263)
	at ptolemy.actor.Manager$PtolemyRunThread.run(Manager.java:1933)
java.lang.RuntimeException: Execution failed
	at ptolemy.moml.MoMLSimpleApplication$UnloadThread.run(MoMLSimpleApplication.java:402)
Caused by: ptolemy.kernel.util.IllegalActionException: Test fails in iteration 1.
Value was: 1.0. Should have been: 2.0
  in .DirectFeedback.Test
	at ptolemy.actor.lib.Test.fire(Test.java:268)
	at ptolemy.domains.de.kernel.DEDirector._fire(DEDirector.java:1949)
	at ptolemy.domains.de.kernel.DEDirector.fire(DEDirector.java:502)
	at ptolemy.actor.CompositeActor.fire(CompositeActor.java:455)
	at ptolemy.actor.Manager.iterate(Manager.java:851)
	at ptolemy.actor.Manager.execute(Manager.java:369)
	at ptolemy.actor.Manager.run(Manager.java:1263)
	at ptolemy.actor.Manager$PtolemyRunThread.run(Manager.java:1933)
java.lang.reflect.InvocationTargetException
	at java.base/jdk.internal.reflect.NativeConstructorAccessorImpl.newInstance0(Native Method)
	at java.base/jdk.internal.reflect.NativeConstructorAccessorImpl.newInstance(NativeConstructorAccessorImpl.java:62)
	at java.base/jdk.internal.reflect.DelegatingConstructorAccessorImpl.newInstance(DelegatingConstructorAccessorImpl.java:45)
	at java.base/java.lang.reflect.Constructor.newInstance(Constructor.java:490)
	at ptolemy.util.test.junit.AutoKnownFailedTests.RunModel(AutoKnownFailedTests.java:105)
	at java.base/jdk.internal.reflect.NativeMethodAccessorImpl.invoke0(Native Method)
	at java.base/jdk.internal.reflect.NativeMethodAccessorImpl.invoke(NativeMethodAccessorImpl.java:62)
	at java.base/jdk.internal.reflect.DelegatingMethodAccessorImpl.invoke(DelegatingMethodAccessorImpl.java:43)
	at java.base/java.lang.reflect.Method.invoke(Method.java:566)
	at org.junit.runners.model.FrameworkMethod$1.runReflectiveCall(FrameworkMethod.java:44)
	at org.junit.internal.runners.model.ReflectiveCallable.run(ReflectiveCallable.java:15)
	at org.junit.runners.model.FrameworkMethod.invokeExplosively(FrameworkMethod.java:41)
	at junitparams.internal.InvokeParameterisedMethod.evaluate(InvokeParameterisedMethod.java:102)
	at org.junit.internal.runners.statements.FailOnTimeout$1.run(FailOnTimeout.java:28)
Caused by: ptolemy.kernel.util.IllegalActionException: Test fails in iteration 1.
Value was: 1.0. Should have been: 2.0
  in .DirectFeedback.Test
	at ptolemy.actor.lib.Test.fire(Test.java:268)
	at ptolemy.domains.de.kernel.DEDirector._fire(DEDirector.java:1949)
	at ptolemy.domains.de.kernel.DEDirector.fire(DEDirector.java:502)
	at ptolemy.actor.CompositeActor.fire(CompositeActor.java:455)
	at ptolemy.actor.Manager.iterate(Manager.java:851)
	at ptolemy.actor.Manager.execute(Manager.java:369)
	at ptolemy.actor.Manager.run(Manager.java:1263)
	at ptolemy.actor.Manager$PtolemyRunThread.run(Manager.java:1933)
java.lang.RuntimeException: Execution failed
	at ptolemy.moml.MoMLSimpleApplication$UnloadThread.run(MoMLSimpleApplication.java:402)
Caused by: ptolemy.kernel.util.IllegalActionException: Found a zero delay loop containing .HierarchicalModel.A
  in .HierarchicalModel and .HierarchicalModel.A
	at ptolemy.actor.util.CausalityInterfaceForComposites._computeOutputPortDepth(CausalityInterfaceForComposites.java:759)
	at ptolemy.actor.util.CausalityInterfaceForComposites._computeInputDepth(CausalityInterfaceForComposites.java:696)
	at ptolemy.actor.util.CausalityInterfaceForComposites._computeOutputPortDepth(CausalityInterfaceForComposites.java:765)
	at ptolemy.actor.util.CausalityInterfaceForComposites._computeInputDepth(CausalityInterfaceForComposites.java:696)
	at ptolemy.actor.util.CausalityInterfaceForComposites._computeOutputPortDepth(CausalityInterfaceForComposites.java:765)
	at ptolemy.actor.util.CausalityInterfaceForComposites._computeInputDepth(CausalityInterfaceForComposites.java:696)
	at ptolemy.actor.util.CausalityInterfaceForComposites._computeActorDepth(CausalityInterfaceForComposites.java:532)
	at ptolemy.actor.util.CausalityInterfaceForComposites.checkForCycles(CausalityInterfaceForComposites.java:96)
	at ptolemy.domains.de.kernel.DEDirector.preinitialize(DEDirector.java:1338)
	at ptolemy.actor.CompositeActor.preinitialize(CompositeActor.java:1828)
	at ptolemy.actor.Manager.preinitializeAndResolveTypes(Manager.java:1040)
	at ptolemy.actor.Manager.initialize(Manager.java:710)
	at ptolemy.actor.Manager.execute(Manager.java:356)
	at ptolemy.actor.Manager.run(Manager.java:1263)
	at ptolemy.actor.Manager$PtolemyRunThread.run(Manager.java:1933)
java.lang.reflect.InvocationTargetException
	at java.base/jdk.internal.reflect.NativeConstructorAccessorImpl.newInstance0(Native Method)
	at java.base/jdk.internal.reflect.NativeConstructorAccessorImpl.newInstance(NativeConstructorAccessorImpl.java:62)
	at java.base/jdk.internal.reflect.DelegatingConstructorAccessorImpl.newInstance(DelegatingConstructorAccessorImpl.java:45)
	at java.base/java.lang.reflect.Constructor.newInstance(Constructor.java:490)
	at ptolemy.util.test.junit.AutoKnownFailedTests.RunModel(AutoKnownFailedTests.java:105)
	at java.base/jdk.internal.reflect.NativeMethodAccessorImpl.invoke0(Native Method)
	at java.base/jdk.internal.reflect.NativeMethodAccessorImpl.invoke(NativeMethodAccessorImpl.java:62)
	at java.base/jdk.internal.reflect.DelegatingMethodAccessorImpl.invoke(DelegatingMethodAccessorImpl.java:43)
	at java.base/java.lang.reflect.Method.invoke(Method.java:566)
	at org.junit.runners.model.FrameworkMethod$1.runReflectiveCall(FrameworkMethod.java:44)
	at org.junit.internal.runners.model.ReflectiveCallable.run(ReflectiveCallable.java:15)
	at org.junit.runners.model.FrameworkMethod.invokeExplosively(FrameworkMethod.java:41)
	at junitparams.internal.InvokeParameterisedMethod.evaluate(InvokeParameterisedMethod.java:102)
	at org.junit.internal.runners.statements.FailOnTimeout$1.run(FailOnTimeout.java:28)
Caused by: ptolemy.kernel.util.IllegalActionException: Found a zero delay loop containing .HierarchicalModel.A
  in .HierarchicalModel and .HierarchicalModel.A
	at ptolemy.actor.util.CausalityInterfaceForComposites._computeOutputPortDepth(CausalityInterfaceForComposites.java:759)
	at ptolemy.actor.util.CausalityInterfaceForComposites._computeInputDepth(CausalityInterfaceForComposites.java:696)
	at ptolemy.actor.util.CausalityInterfaceForComposites._computeOutputPortDepth(CausalityInterfaceForComposites.java:765)
	at ptolemy.actor.util.CausalityInterfaceForComposites._computeInputDepth(CausalityInterfaceForComposites.java:696)
	at ptolemy.actor.util.CausalityInterfaceForComposites._computeOutputPortDepth(CausalityInterfaceForComposites.java:765)
	at ptolemy.actor.util.CausalityInterfaceForComposites._computeInputDepth(CausalityInterfaceForComposites.java:696)
	at ptolemy.actor.util.CausalityInterfaceForComposites._computeActorDepth(CausalityInterfaceForComposites.java:532)
	at ptolemy.actor.util.CausalityInterfaceForComposites.checkForCycles(CausalityInterfaceForComposites.java:96)
	at ptolemy.domains.de.kernel.DEDirector.preinitialize(DEDirector.java:1338)
	at ptolemy.actor.CompositeActor.preinitialize(CompositeActor.java:1828)
	at ptolemy.actor.Manager.preinitializeAndResolveTypes(Manager.java:1040)
	at ptolemy.actor.Manager.initialize(Manager.java:710)
	at ptolemy.actor.Manager.execute(Manager.java:356)
	at ptolemy.actor.Manager.run(Manager.java:1263)
	at ptolemy.actor.Manager$PtolemyRunThread.run(Manager.java:1933)
java.lang.RuntimeException: Execution failed
	at ptolemy.moml.MoMLSimpleApplication$UnloadThread.run(MoMLSimpleApplication.java:402)
Caused by: ptolemy.kernel.util.IllegalActionException: Found a zero delay loop containing .dependencyLoop.original
  in .dependencyLoop and .dependencyLoop.original
	at ptolemy.actor.util.CausalityInterfaceForComposites._computeOutputPortDepth(CausalityInterfaceForComposites.java:759)
	at ptolemy.actor.util.CausalityInterfaceForComposites._computeInputDepth(CausalityInterfaceForComposites.java:696)
	at ptolemy.actor.util.CausalityInterfaceForComposites._computeOutputPortDepth(CausalityInterfaceForComposites.java:765)
	at ptolemy.actor.util.CausalityInterfaceForComposites._computeInputDepth(CausalityInterfaceForComposites.java:696)
	at ptolemy.actor.util.CausalityInterfaceForComposites._computeOutputPortDepth(CausalityInterfaceForComposites.java:765)
	at ptolemy.actor.util.CausalityInterfaceForComposites._computeInputDepth(CausalityInterfaceForComposites.java:696)
	at ptolemy.actor.util.CausalityInterfaceForComposites._computeActorDepth(CausalityInterfaceForComposites.java:532)
	at ptolemy.actor.util.CausalityInterfaceForComposites.checkForCycles(CausalityInterfaceForComposites.java:96)
	at ptolemy.domains.de.kernel.DEDirector.preinitialize(DEDirector.java:1338)
	at ptolemy.actor.CompositeActor.preinitialize(CompositeActor.java:1828)
	at ptolemy.actor.Manager.preinitializeAndResolveTypes(Manager.java:1040)
	at ptolemy.actor.Manager.initialize(Manager.java:710)
	at ptolemy.actor.Manager.execute(Manager.java:356)
	at ptolemy.actor.Manager.run(Manager.java:1263)
	at ptolemy.actor.Manager$PtolemyRunThread.run(Manager.java:1933)
java.lang.reflect.InvocationTargetException
	at java.base/jdk.internal.reflect.NativeConstructorAccessorImpl.newInstance0(Native Method)
	at java.base/jdk.internal.reflect.NativeConstructorAccessorImpl.newInstance(NativeConstructorAccessorImpl.java:62)
	at java.base/jdk.internal.reflect.DelegatingConstructorAccessorImpl.newInstance(DelegatingConstructorAccessorImpl.java:45)
	at java.base/java.lang.reflect.Constructor.newInstance(Constructor.java:490)
	at ptolemy.util.test.junit.AutoKnownFailedTests.RunModel(AutoKnownFailedTests.java:105)
	at java.base/jdk.internal.reflect.NativeMethodAccessorImpl.invoke0(Native Method)
	at java.base/jdk.internal.reflect.NativeMethodAccessorImpl.invoke(NativeMethodAccessorImpl.java:62)
	at java.base/jdk.internal.reflect.DelegatingMethodAccessorImpl.invoke(DelegatingMethodAccessorImpl.java:43)
	at java.base/java.lang.reflect.Method.invoke(Method.java:566)
	at org.junit.runners.model.FrameworkMethod$1.runReflectiveCall(FrameworkMethod.java:44)
	at org.junit.internal.runners.model.ReflectiveCallable.run(ReflectiveCallable.java:15)
	at org.junit.runners.model.FrameworkMethod.invokeExplosively(FrameworkMethod.java:41)
	at junitparams.internal.InvokeParameterisedMethod.evaluate(InvokeParameterisedMethod.java:102)
	at org.junit.internal.runners.statements.FailOnTimeout$1.run(FailOnTimeout.java:28)
Caused by: ptolemy.kernel.util.IllegalActionException: Found a zero delay loop containing .dependencyLoop.original
  in .dependencyLoop and .dependencyLoop.original
	at ptolemy.actor.util.CausalityInterfaceForComposites._computeOutputPortDepth(CausalityInterfaceForComposites.java:759)
	at ptolemy.actor.util.CausalityInterfaceForComposites._computeInputDepth(CausalityInterfaceForComposites.java:696)
	at ptolemy.actor.util.CausalityInterfaceForComposites._computeOutputPortDepth(CausalityInterfaceForComposites.java:765)
	at ptolemy.actor.util.CausalityInterfaceForComposites._computeInputDepth(CausalityInterfaceForComposites.java:696)
	at ptolemy.actor.util.CausalityInterfaceForComposites._computeOutputPortDepth(CausalityInterfaceForComposites.java:765)
	at ptolemy.actor.util.CausalityInterfaceForComposites._computeInputDepth(CausalityInterfaceForComposites.java:696)
	at ptolemy.actor.util.CausalityInterfaceForComposites._computeActorDepth(CausalityInterfaceForComposites.java:532)
	at ptolemy.actor.util.CausalityInterfaceForComposites.checkForCycles(CausalityInterfaceForComposites.java:96)
	at ptolemy.domains.de.kernel.DEDirector.preinitialize(DEDirector.java:1338)
	at ptolemy.actor.CompositeActor.preinitialize(CompositeActor.java:1828)
	at ptolemy.actor.Manager.preinitializeAndResolveTypes(Manager.java:1040)
	at ptolemy.actor.Manager.initialize(Manager.java:710)
	at ptolemy.actor.Manager.execute(Manager.java:356)
	at ptolemy.actor.Manager.run(Manager.java:1263)
	at ptolemy.actor.Manager$PtolemyRunThread.run(Manager.java:1933)
java.lang.RuntimeException: Execution failed
	at ptolemy.moml.MoMLSimpleApplication$UnloadThread.run(MoMLSimpleApplication.java:402)
Caused by: ptolemy.kernel.util.IllegalActionException: Found a zero delay loop containing .dependencyLoop2.original
  in .dependencyLoop2 and .dependencyLoop2.original
	at ptolemy.actor.util.CausalityInterfaceForComposites._computeOutputPortDepth(CausalityInterfaceForComposites.java:759)
	at ptolemy.actor.util.CausalityInterfaceForComposites._computeInputDepth(CausalityInterfaceForComposites.java:696)
	at ptolemy.actor.util.CausalityInterfaceForComposites._computeOutputPortDepth(CausalityInterfaceForComposites.java:765)
	at ptolemy.actor.util.CausalityInterfaceForComposites._computeInputDepth(CausalityInterfaceForComposites.java:696)
	at ptolemy.actor.util.CausalityInterfaceForComposites._computeOutputPortDepth(CausalityInterfaceForComposites.java:765)
	at ptolemy.actor.util.CausalityInterfaceForComposites._computeInputDepth(CausalityInterfaceForComposites.java:696)
	at ptolemy.actor.util.CausalityInterfaceForComposites._computeActorDepth(CausalityInterfaceForComposites.java:532)
	at ptolemy.actor.util.CausalityInterfaceForComposites.checkForCycles(CausalityInterfaceForComposites.java:96)
	at ptolemy.domains.de.kernel.DEDirector.preinitialize(DEDirector.java:1338)
	at ptolemy.actor.CompositeActor.preinitialize(CompositeActor.java:1828)
	at ptolemy.actor.Manager.preinitializeAndResolveTypes(Manager.java:1040)
	at ptolemy.actor.Manager.initialize(Manager.java:710)
	at ptolemy.actor.Manager.execute(Manager.java:356)
	at ptolemy.actor.Manager.run(Manager.java:1263)
	at ptolemy.actor.Manager$PtolemyRunThread.run(Manager.java:1933)
java.lang.reflect.InvocationTargetException
	at java.base/jdk.internal.reflect.NativeConstructorAccessorImpl.newInstance0(Native Method)
	at java.base/jdk.internal.reflect.NativeConstructorAccessorImpl.newInstance(NativeConstructorAccessorImpl.java:62)
	at java.base/jdk.internal.reflect.DelegatingConstructorAccessorImpl.newInstance(DelegatingConstructorAccessorImpl.java:45)
	at java.base/java.lang.reflect.Constructor.newInstance(Constructor.java:490)
	at ptolemy.util.test.junit.AutoKnownFailedTests.RunModel(AutoKnownFailedTests.java:105)
	at java.base/jdk.internal.reflect.NativeMethodAccessorImpl.invoke0(Native Method)
	at java.base/jdk.internal.reflect.NativeMethodAccessorImpl.invoke(NativeMethodAccessorImpl.java:62)
	at java.base/jdk.internal.reflect.DelegatingMethodAccessorImpl.invoke(DelegatingMethodAccessorImpl.java:43)
	at java.base/java.lang.reflect.Method.invoke(Method.java:566)
	at org.junit.runners.model.FrameworkMethod$1.runReflectiveCall(FrameworkMethod.java:44)
	at org.junit.internal.runners.model.ReflectiveCallable.run(ReflectiveCallable.java:15)
	at org.junit.runners.model.FrameworkMethod.invokeExplosively(FrameworkMethod.java:41)
	at junitparams.internal.InvokeParameterisedMethod.evaluate(InvokeParameterisedMethod.java:102)
	at org.junit.internal.runners.statements.FailOnTimeout$1.run(FailOnTimeout.java:28)
Caused by: ptolemy.kernel.util.IllegalActionException: Found a zero delay loop containing .dependencyLoop2.original
  in .dependencyLoop2 and .dependencyLoop2.original
	at ptolemy.actor.util.CausalityInterfaceForComposites._computeOutputPortDepth(CausalityInterfaceForComposites.java:759)
	at ptolemy.actor.util.CausalityInterfaceForComposites._computeInputDepth(CausalityInterfaceForComposites.java:696)
	at ptolemy.actor.util.CausalityInterfaceForComposites._computeOutputPortDepth(CausalityInterfaceForComposites.java:765)
	at ptolemy.actor.util.CausalityInterfaceForComposites._computeInputDepth(CausalityInterfaceForComposites.java:696)
	at ptolemy.actor.util.CausalityInterfaceForComposites._computeOutputPortDepth(CausalityInterfaceForComposites.java:765)
	at ptolemy.actor.util.CausalityInterfaceForComposites._computeInputDepth(CausalityInterfaceForComposites.java:696)
	at ptolemy.actor.util.CausalityInterfaceForComposites._computeActorDepth(CausalityInterfaceForComposites.java:532)
	at ptolemy.actor.util.CausalityInterfaceForComposites.checkForCycles(CausalityInterfaceForComposites.java:96)
	at ptolemy.domains.de.kernel.DEDirector.preinitialize(DEDirector.java:1338)
	at ptolemy.actor.CompositeActor.preinitialize(CompositeActor.java:1828)
	at ptolemy.actor.Manager.preinitializeAndResolveTypes(Manager.java:1040)
	at ptolemy.actor.Manager.initialize(Manager.java:710)
	at ptolemy.actor.Manager.execute(Manager.java:356)
	at ptolemy.actor.Manager.run(Manager.java:1263)
	at ptolemy.actor.Manager$PtolemyRunThread.run(Manager.java:1933)
]]></system-err>
</testsuite>
