<?xml version="1.0" encoding="UTF-8" ?>
<testsuite errors="0" failures="0" hostname="travis-job-e729286d-9d9a-472a-9703-3107b27026bc" name="ptolemy.actor.lib.test.junit.JUnitTclTest" skipped="0" tests="517" time="60.86" timestamp="2021-09-08T18:58:50">
  <properties>
    <property name="npm.executable" value="npm" />
    <property name="env.TRAVIS_ROOT" value="/" />
    <property name="ptII.mk.exists" value="true" />
    <property name="env.TRAVIS_APP_HOST" value="build.travis-ci.com" />
    <property name="env.rvm_bin_path" value="/home/travis/.rvm/bin" />
    <property name="java.home" value="/usr/local/lib/jvm/openjdk11" />
    <property name="env.TRAVIS_JOB_NUMBER" value="1838.8" />
    <property name="env.TRAVIS_HOME" value="/home/travis" />
    <property name="env.DISPLAY" value=":99.0" />
    <property name="env.TRAVIS_INIT" value="systemd" />
    <property name="env.SSH_TTY" value="/dev/pts/0" />
    <property name="java.net.preferIPv4Stack" value="true" />
    <property name="env.RUN_TESTS" value="true" />
    <property name="timeout.short" value="1000000" />
    <property name="junit.formatter" value="xml" />
    <property name="env.TRAVIS_SUDO" value="true" />
    <property name="env.TRAVIS_JOB_NAME" value="" />
    <property name="env.TRAVIS_STACK_NODE_ATTRIBUTES" value="/.node-attributes.yml" />
    <property name="env.LOGNAME" value="travis" />
    <property name="env.PT_TRAVIS_TEST_CORE1_XML" value="true" />
    <property name="jsdoc.home" value="node_modules/@terraswarm/jsdoc" />
    <property name="debuglevel" value="source,lines,vars" />
    <property name="checkstyle.formatter" value="xml" />
    <property name="bin.vergil.makeable" value="true" />
    <property name="sun.os.patch.level" value="unknown" />
    <property name="java.vendor.url" value="http://java.oracle.com/" />
    <property name="env.TRAVIS_BUILD_WEB_URL" value="https://app.travis-ci.com/icyphy/ptII/builds/237203866" />
    <property name="java.version" value="11.0.2" />
    <property name="env.TZ" value="UTC" />
    <property name="env.TRAVIS_PULL_REQUEST_SHA" value="" />
    <property name="env.PT_NO_NET" value="true" />
    <property name="env.TRAVIS_SECURE_ENV_VARS" value="true" />
    <property name="java.vendor.url.bug" value="http://bugreport.java.com/bugreport/" />
    <property name="npmjs-org-is-up" value="true" />
    <property name="env.LANGUAGE" value="en_US.UTF-8" />
    <property name="env.SSH_CLIENT" value="10.16.5.15 44438 22" />
    <property name="env.GEM_HOME" value="/home/travis/.rvm/gems/ruby-2.5.3" />
    <property name="env.HAS_ANTARES_THREE_LITTLE_FRONZIES_BADGE" value="true" />
    <property name="java.version.date" value="2019-01-15" />
    <property name="env.PS4" value="+" />
    <property name="ant.project.invoked-targets" value="build,test.core1.xml" />
    <property name="env.TRAVIS_PULL_REQUEST_BRANCH" value="" />
    <property name="env.TRAVIS_REPO_SLUG" value="icyphy/ptII" />
    <property name="env.XDG_DATA_DIRS" value="/usr/local/share:/usr/share:/var/lib/snapd/desktop" />
    <property name="jdk.debug" value="release" />
    <property name="env.TRAVIS_APT_PROXY" value="http://build-cache.travisci.net" />
    <property name="env.TRAVIS_CPU_ARCH" value="amd64" />
    <property name="node.in.path" value="true" />
    <property name="user.name" value="travis" />
    <property name="java.maxmemory" value="1400m" />
    <property name="env.RUBY_VERSION" value="ruby-2.5.3" />
    <property name="env.LANG" value="en_US.UTF-8" />
    <property name="sun.io.unicode.encoding" value="UnicodeLittle" />
    <property name="sun.jnu.encoding" value="UTF-8" />
    <property name="java.runtime.name" value="OpenJDK Runtime Environment" />
    <property name="usefile" value="false" />
    <property name="return.code" value="0" />
    <property name="junit.single.formatter" value="plain" />
    <property name="env.DYLD_LIBRARY_PATH" value="/home/travis/pthla/certi-tools/lib:" />
    <property name="env.DEBIAN_FRONTEND" value="noninteractive" />
    <property name="env.SSH_CONNECTION" value="10.16.5.15 44438 10.30.0.62 22" />
    <property name="env.MYSQL_UNIX_PORT" value="/var/run/mysqld/mysqld.sock" />
    <property name="env.LC_ALL" value="en_US.UTF-8" />
    <property name="env.TRAVIS_ALLOW_FAILURE" value="" />
    <property name="env.TRAVIS_JOB_WEB_URL" value="https://app.travis-ci.com/icyphy/ptII/jobs/536221699" />
    <property name="java.specification.name" value="Java Platform API Specification" />
    <property name="node.works" value="true" />
    <property name="user.timezone" value="" />
    <property name="path.separator" value=":" />
    <property name="env.TRAVIS_ENABLE_INFRA_DETECTION" value="true" />
    <property name="env.PYTHON_CFLAGS" value="-g -fstack-protector --param=ssp-buffer-size=4 -Wformat -Werror=format-security" />
    <property name="timeout.long" value="4000000" />
    <property name="env.CERTI_HOME" value="/home/travis/pthla/certi-tools" />
    <property name="ant.file.ptII" value="/home/travis/build/icyphy/ptII/build.xml" />
    <property name="javadoc.packagenames" value="com.*,diva.*,lbnl.*,org.hlacerti.*,org.json.*,org.ptolemy.*,org.terraswarm.*,ptolemy.*,ptserver.*" />
    <property name="file.encoding" value="UTF-8" />
    <property name="env.TRAVIS_PULL_REQUEST_SLUG" value="" />
    <property name="ant.project.default-target" value="build" />
    <property name="env.GIT_ASKPASS" value="echo" />
    <property name="env.HOME" value="/home/travis" />
    <property name="sun.java.command" value="org.apache.tools.ant.taskdefs.optional.junit.JUnitTestRunner ptolemy.actor.lib.test.junit.JUnitTclTest skipNonTests=false filtertrace=true haltOnError=false haltOnFailure=false formatter=org.apache.tools.ant.taskdefs.optional.junit.OutErrSummaryJUnitResultFormatter showoutput=true outputtoformatters=true logfailedtests=true threadid=0 logtestlistenerevents=false formatter=org.apache.tools.ant.taskdefs.optional.junit.XMLJUnitResultFormatter,/home/travis/build/icyphy/ptII/reports/junit/TEST-ptolemy.actor.lib.test.junit.JUnitTclTest.xml crashfile=/home/travis/build/icyphy/ptII/junitvmwatcher6044001016956680007.properties propsfile=/home/travis/build/icyphy/ptII/junit771039930658639833.properties" />
    <property name="env.COMPOSER_NO_INTERACTION" value="1" />
    <property name="env.MANPATH" value="/home/travis/.nvm/versions/node/v7.10.1/share/man:/home/travis/.rvm/rubies/ruby-2.5.3/share/man:/usr/local/cmake-3.12.4/man:/usr/local/clang-7.0.0/share/man:/usr/local/man:/usr/local/share/man:/usr/share/man:/home/travis/.rvm/man" />
    <property name="env.TRAVIS_TIMER_ID" value="113fc2a4" />
    <property name="ant.file" value="/home/travis/build/icyphy/ptII/build.xml" />
    <property name="env.TRAVIS_COMMIT_RANGE" value="925adca1e321f264a777db3951cf72c0365f6793...e653f988ec0e1257fe395e15d42f9e399c48a113" />
    <property name="ptII.classpath.optional.property" value="/home/travis/build/icyphy/ptII/lib/asm-all-5.2.jar:/home/travis/build/icyphy/ptII/lib/nashorn-core-15.3.jar:/home/travis/build/icyphy/ptII/lib/bsh-2.0b4.jar:/home/travis/build/icyphy/ptII/lib/ptCal.jar:/home/travis/build/icyphy/ptII/lib/java_cup.jar:/home/travis/build/icyphy/ptII/lib/saxon8.jar:/home/travis/build/icyphy/ptII/lib/saxon8-dom.jar:/home/travis/build/icyphy/ptII/lib/chic.jar:/home/travis/build/icyphy/ptII/lib/ptcolt.jar:/home/travis/build/icyphy/ptII/vendors/misc/itext/iText.jar:/home/travis/build/icyphy/ptII/lib/g4ltl.jar:/home/travis/build/icyphy/ptII/lib/StructuralCoder.jar:/home/travis/build/icyphy/ptII/lib/jcerti.jar:/home/travis/build/icyphy/ptII/lib/javax.mail.jar:/home/travis/build/icyphy/ptII/vendors/JMF-2.1.1e/lib/jmf.jar:/home/travis/build/icyphy/ptII/lib/jna-4.0.0-variadic.jar:/home/travis/build/icyphy/ptII/vendors/misc/joystick/Joystick.jar:/home/travis/build/icyphy/ptII/lib/ptjacl.jar:/home/travis/build/icyphy/ptII/lib/jsoup-1.14.2.jar:/home/travis/build/icyphy/ptII/lib/junit-4.8.2.jar:/home/travis/build/icyphy/ptII/lib/JUnitParams-0.4.0.jar:/home/travis/build/icyphy/ptII/ptolemy/actor/lib/excel/jxl.jar:/home/travis/build/icyphy/ptII/lib/jython.jar:/home/travis/build/icyphy/ptII/lib/kieler.jar:/home/travis/build/icyphy/ptII/vendors/opencv/share/OpenCV/java/opencv-341.jar:/home/travis/build/icyphy/ptII/lib/oscP5.jar:/home/travis/build/icyphy/ptII/lib/nrjavaserial-3.11.0.devel.jar:/home/travis/build/icyphy/ptII/vendors/j3d/lib/Linux/j3dcore.jar:/home/travis/build/icyphy/ptII/vendors/j3d/lib/Linux/j3dutils.jar:/home/travis/build/icyphy/ptII/vendors/j3d/lib/Linux/vecmath.jar:/home/travis/build/icyphy/ptII/vendors/jogl/lib/Linux/gluegen-rt-natives-linux-amd64.jar:/home/travis/build/icyphy/ptII/vendors/jogl/lib/Linux/gluegen-rt.jar:/home/travis/build/icyphy/ptII/vendors/jogl/lib/Linux/jogl-all-natives-linux-amd64.jar:/home/travis/build/icyphy/ptII/vendors/jogl/lib/Linux/jogl-all.jar:/home/travis/build/icyphy/ptII/ptolemy/distributed/jini/jar/jini-core.jar:/home/travis/build/icyphy/ptII/ptolemy/distributed/jini/jar/jini-ext.jar:/home/travis/build/icyphy/ptII/ptolemy/distributed/jini/jar/sun-util.jar:/home/travis/build/icyphy/ptII/lib/protobuf-java-2.4.1.jar:/home/travis/build/icyphy/ptII/lib/org.eclipse.paho.client.mqttv3.jar:/home/travis/build/icyphy/ptII/lib/mapss.jar:/home/travis/build/icyphy/ptII/ptolemy/actor/ptalon/antlr/antlr.jar:/home/travis/build/icyphy/ptII/lib/JRI.jar:/home/travis/build/icyphy/ptII/lib/commons-lang-2.6.jar:/home/travis/build/icyphy/ptII/lib/commons-logging-1.1.1.jar:/home/travis/build/icyphy/ptII/lib/sootclasses.jar:/home/travis/build/icyphy/ptII/ptolemy/actor/lib/database/mysql-connector-java-8.0.26.jar:/home/travis/build/icyphy/ptII/vendors/misc/sphinx4/sphinx4-data-5prealpha.jar:/home/travis/build/icyphy/ptII/vendors/misc/sphinx4/sphinx4-core-5prealpha.jar:/home/travis/build/icyphy/ptII/lib/PDFRenderer.jar:/home/travis/build/icyphy/ptII/lib/svgSalamander.jar:/home/travis/build/icyphy/ptII/lib/rsyntaxtextarea-2.6.0-SNAPSHOT.jar:/home/travis/build/icyphy/ptII/lib/hazelcast-3.8.2.jar:/home/travis/build/icyphy/ptII/lib/jackson-annotations-2.9.0.jar:/home/travis/build/icyphy/ptII/lib/jackson-core-2.9.3.jar:/home/travis/build/icyphy/ptII/lib/jackson-databind-2.9.3.jar:/home/travis/build/icyphy/ptII/lib/netty-buffer-4.1.19.Final.jar:/home/travis/build/icyphy/ptII/lib/netty-codec-4.1.19.Final.jar:/home/travis/build/icyphy/ptII/lib/netty-codec-dns-4.1.19.Final.jar:/home/travis/build/icyphy/ptII/lib/netty-codec-http-4.1.19.Final.jar:/home/travis/build/icyphy/ptII/lib/netty-codec-http2-4.1.19.Final.jar:/home/travis/build/icyphy/ptII/lib/netty-common-4.1.19.Final.jar:/home/travis/build/icyphy/ptII/lib/netty-handler-4.1.19.Final.jar:/home/travis/build/icyphy/ptII/lib/netty-resolver-4.1.19.Final.jar:/home/travis/build/icyphy/ptII/lib/netty-resolver-dns-4.1.19.Final.jar:/home/travis/build/icyphy/ptII/lib/netty-transport-4.1.19.Final.jar:/home/travis/build/icyphy/ptII/lib/vertx-codegen-3.5.1.jar:/home/travis/build/icyphy/ptII/lib/vertx-core-3.5.2-SNAPSHOT.jar:/home/travis/build/icyphy/ptII/lib/vertx-hazelcast-3.5.1.jar:/home/travis/build/icyphy/ptII/lib/vertx-lang-js-3.5.1.jar:/home/travis/build/icyphy/ptII/lib/vertx-service-proxy-3.5.1.jar:/home/travis/build/icyphy/ptII/lib/vertx-web-3.5.1.jar:/home/travis/build/icyphy/ptII/lib/slf4j-api-1.7.13.jar:/home/travis/build/icyphy/ptII/lib/slf4j-simple-1.7.13.jar:/home/travis/build/icyphy/ptII/lib/webcam-capture-0.3.12.jar:/home/travis/build/icyphy/ptII/lib/bridj-0.7.0.jar:/home/travis/build/icyphy/ptII/lib/xbjlib-1.1.0.nrjavaserial.jar" />
    <property name="timeout" value="2400000" />
    <property name="test.batch" value="**/junit/*.java" />
    <property name="env._" value="/usr/bin/timeout" />
    <property name="java.io.tmpdir" value="/tmp" />
    <property name="user.language" value="en" />
    <property name="env.TRAVIS_INTERNAL_RUBY_REGEX" value="^ruby-(2\.[0-4]\.[0-9]|1\.9\.3)" />
    <property name="env.HISTCONTROL" value="ignoredups:ignorespace" />
    <property name="env.GOROOT" value="/home/travis/.gimme/versions/go1.11.1.linux.amd64" />
    <property name="line.separator" value="&#xa;" />
    <property name="target" value="11" />
    <property name="env.TRAVIS_BUILD_DIR" value="/home/travis/build/icyphy/ptII" />
    <property name="env.ANT_OPTS" value="-Xmx2048m" />
    <property name="ant.file.type" value="file" />
    <property name="ptolemy.ptII.batchMode" value="true" />
    <property name="env.HISTSIZE" value="1000" />
    <property name="env.MERB_ENV" value="test" />
    <property name="java.vm.info" value="mixed mode" />
    <property name="source" value="11" />
    <property name="java.vm.specification.name" value="Java Virtual Machine Specification" />
    <property name="env.TRAVIS_TEST_RESULT" value="0" />
    <property name="jsdoc.command" value="node_modules/@terraswarm/jsdoc/jsdoc.js" />
    <property name="npm.works" value="true" />
    <property name="cobertura.dir" value="/home/travis/build/icyphy/ptII/vendors/cobertura-2.0.3" />
    <property name="jsdoc.command.exists" value="true" />
    <property name="env.rvm_path" value="/home/travis/.rvm" />
    <property name="env.GEM_PATH" value="/home/travis/.rvm/gems/ruby-2.5.3:/home/travis/.rvm/gems/ruby-2.5.3@global" />
    <property name="env.LC_CTYPE" value="en_US.UTF-8" />
    <property name="env.TRAVIS_CMD" value="$PTII/bin/ptIITravisBuild.sh $SECONDS" />
    <property name="java.awt.printerjob" value="sun.print.PSPrinterJob" />
    <property name="env.TRAVIS_STACK_NAME" value="sardonyx" />
    <property name="env.TRAVIS_TIMER_START_TIME" value="1631127163623663809" />
    <property name="ant.version" value="Apache Ant(TM) version 1.10.1 compiled on February 2 2017" />
    <property name="ptII.reports" value="/home/travis/build/icyphy/ptII/reports" />
    <property name="env.TRAVIS_STACK_TIMESTAMP" value="2020-06-24 13:13:18 UTC" />
    <property name="ant.file.type.ptII" value="file" />
    <property name="env.RBENV_SHELL" value="bash" />
    <property name="os.name" value="Linux" />
    <property name="java.specification.vendor" value="Oracle Corporation" />
    <property name="env.rvm_version" value="1.29.10 (latest)" />
    <property name="env.TRAVIS_INFRA" value="unknown" />
    <property name="env.TERM" value="xterm" />
    <property name="java.vm.name" value="OpenJDK 64-Bit Server VM" />
    <property name="env.TRAVIS_BUILD_NUMBER" value="1838" />
    <property name="env.CI" value="true" />
    <property name="java.library.path" value="/home/travis/pthla/certi-tools/lib:/usr/lib/jni:/usr/local/share/OpenCV/java/:/usr/share/OpenCV/java::/usr/java/packages/lib:/usr/lib64:/lib64:/lib:/usr/lib" />
    <property name="jdk.module.path" value="/home/travis/build/icyphy/ptII/vendors/javafx/javafx-sdk-11.0.2/lib:" />
    <property name="env.rvm_prefix" value="/home/travis" />
    <property name="env.PATH" value="/home/travis/pthla/certi-tools/share/scripts:/home/travis/.rvm/gems/ruby-2.5.3/bin:/home/travis/.rvm/gems/ruby-2.5.3@global/bin:/home/travis/.rvm/rubies/ruby-2.5.3/bin:/home/travis/.rvm/bin:./node_modules/.bin:/home/travis/build/icyphy/ptII/bin:/home/travis/pthla/certi-tools/bin:/home/travis/bin:/home/travis/.local/bin:/usr/local/lib/jvm/openjdk11/bin:/opt/pyenv/shims:/home/travis/.phpenv/shims:/home/travis/perl5/perlbrew/bin:/home/travis/.nvm/versions/node/v7.10.1/bin:/home/travis/gopath/bin:/home/travis/.gimme/versions/go1.11.1.linux.amd64/bin:/usr/local/maven-3.6.3/bin:/usr/local/cmake-3.12.4/bin:/usr/local/clang-7.0.0/bin:/usr/local/sbin:/usr/local/bin:/usr/sbin:/usr/bin:/sbin:/bin:/snap/bin:/home/travis/.phpenv/bin:/opt/pyenv/bin:/home/travis/.yarn/bin" />
    <property name="env.TRAVIS_OS_NAME" value="linux" />
    <property name="ant.java.version" value="9" />
    <property name="basedir" value="/home/travis/build/icyphy/ptII" />
    <property name="java.class.version" value="55.0" />
    <property name="env.SHLVL" value="3" />
    <property name="env.LD_LIBRARY_PATH" value="/home/travis/pthla/certi-tools/lib:/usr/lib/jni:/usr/local/share/OpenCV/java/:/usr/share/OpenCV/java:" />
    <property name="env.RACK_ENV" value="test" />
    <property name="ant.home" value="/home/travis/build/icyphy/ptII/ant" />
    <property name="env.NVM_DIR" value="/home/travis/.nvm" />
    <property name="env.CERTI_FOM_PATH" value="/home/travis/pthla/certi-tools/share/federations" />
    <property name="env.TRAVIS_BUILD_ID" value="237203866" />
    <property name="env.PYENV_ROOT" value="/opt/pyenv" />
    <property name="env.TRAVIS_UID" value="2000" />
    <property name="prism.verbose" value="true" />
    <property name="env.NVM_BIN" value="/home/travis/.nvm/versions/node/v7.10.1/bin" />
    <property name="env.TRAVIS_COMMIT" value="e653f988ec0e1257fe395e15d42f9e399c48a113" />
    <property name="node.executable" value="node" />
    <property name="sun.boot.library.path" value="/usr/local/lib/jvm/openjdk11/lib" />
    <property name="sun.management.compiler" value="HotSpot 64-Bit Tiered Compilers" />
    <property name="java.awt.graphicsenv" value="sun.awt.X11GraphicsEnvironment" />
    <property name="env.GOPATH" value="/home/travis/gopath" />
    <property name="ptolemy.ptII.dir" value="/home/travis/build/icyphy/ptII" />
    <property name="env.USER" value="travis" />
    <property name="env.HISTFILESIZE" value="2000" />
    <property name="env.NVM_INC" value="/home/travis/.nvm/versions/node/v7.10.1/include/node" />
    <property name="timeout.longest" value="19000000" />
    <property name="env.PERLBREW_SHELLRC_VERSION" value="0.88" />
    <property name="env.TRAVIS_STACK_FEATURES" value="basic couchdb disabled-ipv6 docker docker-compose elasticsearch firefox go-toolchain google-chrome jdk memcached mongodb mysql nodejs_interpreter perl_interpreter perlbrew phantomjs postgresql python_interpreter redis ruby_interpreter sqlite xserver" />
    <property name="env.TRAVIS_PULL_REQUEST" value="false" />
    <property name="env.PYENV_SHELL" value="bash" />
    <property name="ant.project.name" value="ptII" />
    <property name="env.ANSI_RESET" value="\033[0m" />
    <property name="java.vm.specification.version" value="11" />
    <property name="env.TRAVIS_DIST" value="xenial" />
    <property name="env.CERTI_VERSION" value="4.0.0" />
    <property name="env.CERTI_HOST" value="localhost" />
    <property name="awt.toolkit" value="sun.awt.X11.XToolkit" />
    <property name="env.MY_RUBY_HOME" value="/home/travis/.rvm/rubies/ruby-2.5.3" />
    <property name="sun.cpu.isalist" value="" />
    <property name="env.TRAVIS_TMPDIR" value="/tmp/tmp.dAwze9LVq2" />
    <property name="java.vm.compressedOopsMode" value="Zero based" />
    <property name="os.version" value="4.15.0-1077-gcp" />
    <property name="user.home" value="/home/travis" />
    <property name="java.vm.vendor" value="Oracle Corporation" />
    <property name="env.TRAVIS_TAG" value="nightly" />
    <property name="env.ANSI_YELLOW" value="\033[33;1m" />
    <property name="env.TRAVIS_FILTERED" value="redirect_io" />
    <property name="env.ANSI_GREEN" value="\033[32;1m" />
    <property name="env.JAVA_HOME" value="/usr/local/lib/jvm/openjdk11" />
    <property name="javadoc.excludepackagenames" value="adm.cvs2svn.*,build.*,config.*,doc.coding.templates.*,jni.test.jni.meaningOfLife.*,jni.test.jni.testDeux.*,jni.test.jni.testTrois.*,org.terraswarm.accessor.accessors.web.node_modules.*,org.terraswarm.accessor.accessors.web.hosts.cordova.demo.*,org.terraswarm.accessor.accessors.web.hosts.cordova.plugins.*,org.terraswarm.accessor.accessors-svn.*,pt-modules.*,ptolemy.apps.agilent.*,ptolemy.apps.anytimecontrol.*,ptolemy.apps.apes.*,ptolemy.apps.charon.*,ptolemy.apps.crazyboard.*,ptolemy.apps.eclipse.*,ptolemy.apps.etherealSting.*,ptolemy.apps.fullscreen.*,ptolemy.apps.giotto.*,ptolemy.apps.ia.*,ptolemy.apps.interfaces.*,ptolemy.apps.jmf.*,ptolemy.apps.kurt.*,ptolemy.apps.kvm.*,ptolemy.apps.lego.*,ptolemy.apps.lejos.*,ptolemy.apps.midp.*,ptolemy.apps.mobileCoding.*,ptolemy.apps.pendulum.*,ptolemy.apps.rijndael.*,ptolemy.apps.robot.*,ptolemy.apps.security.*,ptolemy.apps.sobel.*,ptolemy.apps.soot.*,ptolemy.apps.throttle.*,ptolemy.apps.tini.*,ptolemy.apps.transmission.*,ptolemy.apps.vergil.*,ptolemy.apps.waba.*,ptolemy.apps.websensor.*,ptolemy.apps.webstart.*,ptolemy.apps.xsl.*,ptolemy.apps.zaurus.*,ptolemy.codegen.c.actor.lib.oldJavaFiles.*,ptolemy.codegen.dsp.lib.*,ptolemy.codegen.kernel.newInterfaces.*,ptolemy.codegen.lib.*,ptolemy.copernicus.kernel.fragment.*,ptolemy.copernicus.shallow.cg.*,ptolemy.domains.giotto.demo.Hierarchy.Hierarchy.*,ptolemy.domains.giotto.demo.Multimode.Multimode.*,ptolemy.domains.giotto.demo.Simple.Simple.*,ptolemy.domains.gr.lib.experimental.*,ptolemy.domains.gro.*,ptolemy.domains.pdf.*,ptolemy.domains.ptinyos.demo.Surge.output.*,ptolemy.moml.test.NoPackageActor.java*,ptolemy.plot.adm.*,ptolemy.plot.servlet.*,reports.*,signed.*,src.*,target.*,vendors.*,ptolemy.copernicus.applet.*,ptolemy.media.viewer.*,ptolemy.actor.corba.*,doc.doclets.*,ptolemy.apps.eclipse.awt.*,ptolemy.backtrack.*,ptolemy.backtrack.ast.*,ptolemy.cg.adapter.generic.program.procedural.c.mbed*,ptolemy.homer.*,ptolemy.actor.lib.jai.*,org.ptolemy.scala.*,diva.util.java2d.svg.*,ptolemy.domains.ptinyos.*,ptolemy.actor.lib.fmi.fmipp.*,,org.terraswarm.accessor.accessors.web.node_modules.*,org.terraswarm.accessor.accessors-svn,ptolemy.apps.*,ptolemy.actor.ptalon.demo.ptinyos.SendAndReceiveCnt.output,ptolemy.actor.ptalon.demo.ptinyos.SenseToLeds.output,ptolemy.domains.ptinyos.demo.CntToLedsAndRfm.output,ptolemy.domains.ptinyos.demo.RfmToLeds.output,ptolemy.domains.ptinyos.demo.SendAndReceiveCnt.output,ptolemy.domains.ptinyos.demo.SenseToLeds.output,ptolemy.actor.lib.jjs.modules.udpSocket.*" />
    <property name="env.PTII" value="/home/travis/build/icyphy/ptII" />
    <property name="env.XDG_SESSION_ID" value="2" />
    <property name="keystore" value="ptKeystore" />
    <property name="env.TRAVIS_COMMIT_MESSAGE" value="Support compiling with the standalone Nashorn jar." />
    <property name="junit.output.dir" value="/home/travis/build/icyphy/ptII/reports/junit" />
    <property name="npm.return.code" value="0" />
    <property name="user.dir" value="/home/travis/build/icyphy/ptII/ptolemy/actor/lib/test" />
    <property name="env.TRAVIS_NODE_VERSION" value="7" />
    <property name="env.TRAVIS_EVENT_TYPE" value="api" />
    <property name="env.MAIL" value="/var/mail/travis" />
    <property name="env.PERLBREW_ROOT" value="/home/travis/perl5/perlbrew" />
    <property name="env.PWD" value="/home/travis/build/icyphy/ptII" />
    <property name="timeout.npm" value="45000" />
    <property name="env.TRAVIS_ARCH" value="amd64" />
    <property name="sun.cpu.endian" value="little" />
    <property name="env.PAGER" value="cat" />
    <property name="env.TRAVIS_BUILD_STAGE_NAME" value="test" />
    <property name="env.PERLBREW_HOME" value="/home/travis/.perlbrew" />
    <property name="java.vm.version" value="11.0.2+9" />
    <property name="env.RAILS_ENV" value="test" />
    <property name="java.class.path" value="/home/travis/.ptolemyII:/home/travis/.ptolemyII/*:/home/travis/build/icyphy/ptII:/home/travis/build/icyphy/ptII/lib/asm-all-5.2.jar:/home/travis/build/icyphy/ptII/lib/nashorn-core-15.3.jar:/home/travis/build/icyphy/ptII/lib/bsh-2.0b4.jar:/home/travis/build/icyphy/ptII/lib/ptCal.jar:/home/travis/build/icyphy/ptII/lib/java_cup.jar:/home/travis/build/icyphy/ptII/lib/saxon8.jar:/home/travis/build/icyphy/ptII/lib/saxon8-dom.jar:/home/travis/build/icyphy/ptII/lib/chic.jar:/home/travis/build/icyphy/ptII/lib/ptcolt.jar:/home/travis/build/icyphy/ptII/vendors/misc/itext/iText.jar:/home/travis/build/icyphy/ptII/lib/g4ltl.jar:/home/travis/build/icyphy/ptII/lib/StructuralCoder.jar:/home/travis/build/icyphy/ptII/lib/jcerti.jar:/home/travis/build/icyphy/ptII/lib/javax.mail.jar:/home/travis/build/icyphy/ptII/vendors/JMF-2.1.1e/lib/jmf.jar:/home/travis/build/icyphy/ptII/lib/jna-4.0.0-variadic.jar:/home/travis/build/icyphy/ptII/vendors/misc/joystick/Joystick.jar:/home/travis/build/icyphy/ptII/lib/ptjacl.jar:/home/travis/build/icyphy/ptII/lib/jsoup-1.14.2.jar:/home/travis/build/icyphy/ptII/lib/junit-4.8.2.jar:/home/travis/build/icyphy/ptII/lib/JUnitParams-0.4.0.jar:/home/travis/build/icyphy/ptII/ptolemy/actor/lib/excel/jxl.jar:/home/travis/build/icyphy/ptII/lib/jython.jar:/home/travis/build/icyphy/ptII/lib/kieler.jar:/home/travis/build/icyphy/ptII/vendors/opencv/share/OpenCV/java/opencv-341.jar:/home/travis/build/icyphy/ptII/lib/oscP5.jar:/home/travis/build/icyphy/ptII/lib/nrjavaserial-3.11.0.devel.jar:/home/travis/build/icyphy/ptII/vendors/j3d/lib/Linux/j3dcore.jar:/home/travis/build/icyphy/ptII/vendors/j3d/lib/Linux/j3dutils.jar:/home/travis/build/icyphy/ptII/vendors/j3d/lib/Linux/vecmath.jar:/home/travis/build/icyphy/ptII/vendors/jogl/lib/Linux/gluegen-rt-natives-linux-amd64.jar:/home/travis/build/icyphy/ptII/vendors/jogl/lib/Linux/gluegen-rt.jar:/home/travis/build/icyphy/ptII/vendors/jogl/lib/Linux/jogl-all-natives-linux-amd64.jar:/home/travis/build/icyphy/ptII/vendors/jogl/lib/Linux/jogl-all.jar:/home/travis/build/icyphy/ptII/ptolemy/distributed/jini/jar/jini-core.jar:/home/travis/build/icyphy/ptII/ptolemy/distributed/jini/jar/jini-ext.jar:/home/travis/build/icyphy/ptII/ptolemy/distributed/jini/jar/sun-util.jar:/home/travis/build/icyphy/ptII/lib/protobuf-java-2.4.1.jar:/home/travis/build/icyphy/ptII/lib/org.eclipse.paho.client.mqttv3.jar:/home/travis/build/icyphy/ptII/lib/mapss.jar:/home/travis/build/icyphy/ptII/ptolemy/actor/ptalon/antlr/antlr.jar:/home/travis/build/icyphy/ptII/lib/JRI.jar:/home/travis/build/icyphy/ptII/lib/commons-lang-2.6.jar:/home/travis/build/icyphy/ptII/lib/commons-logging-1.1.1.jar:/home/travis/build/icyphy/ptII/lib/sootclasses.jar:/home/travis/build/icyphy/ptII/ptolemy/actor/lib/database/mysql-connector-java-8.0.26.jar:/home/travis/build/icyphy/ptII/vendors/misc/sphinx4/sphinx4-data-5prealpha.jar:/home/travis/build/icyphy/ptII/vendors/misc/sphinx4/sphinx4-core-5prealpha.jar:/home/travis/build/icyphy/ptII/lib/PDFRenderer.jar:/home/travis/build/icyphy/ptII/lib/svgSalamander.jar:/home/travis/build/icyphy/ptII/lib/rsyntaxtextarea-2.6.0-SNAPSHOT.jar:/home/travis/build/icyphy/ptII/lib/hazelcast-3.8.2.jar:/home/travis/build/icyphy/ptII/lib/jackson-annotations-2.9.0.jar:/home/travis/build/icyphy/ptII/lib/jackson-core-2.9.3.jar:/home/travis/build/icyphy/ptII/lib/jackson-databind-2.9.3.jar:/home/travis/build/icyphy/ptII/lib/netty-buffer-4.1.19.Final.jar:/home/travis/build/icyphy/ptII/lib/netty-codec-4.1.19.Final.jar:/home/travis/build/icyphy/ptII/lib/netty-codec-dns-4.1.19.Final.jar:/home/travis/build/icyphy/ptII/lib/netty-codec-http-4.1.19.Final.jar:/home/travis/build/icyphy/ptII/lib/netty-codec-http2-4.1.19.Final.jar:/home/travis/build/icyphy/ptII/lib/netty-common-4.1.19.Final.jar:/home/travis/build/icyphy/ptII/lib/netty-handler-4.1.19.Final.jar:/home/travis/build/icyphy/ptII/lib/netty-resolver-4.1.19.Final.jar:/home/travis/build/icyphy/ptII/lib/netty-resolver-dns-4.1.19.Final.jar:/home/travis/build/icyphy/ptII/lib/netty-transport-4.1.19.Final.jar:/home/travis/build/icyphy/ptII/lib/vertx-codegen-3.5.1.jar:/home/travis/build/icyphy/ptII/lib/vertx-core-3.5.2-SNAPSHOT.jar:/home/travis/build/icyphy/ptII/lib/vertx-hazelcast-3.5.1.jar:/home/travis/build/icyphy/ptII/lib/vertx-lang-js-3.5.1.jar:/home/travis/build/icyphy/ptII/lib/vertx-service-proxy-3.5.1.jar:/home/travis/build/icyphy/ptII/lib/vertx-web-3.5.1.jar:/home/travis/build/icyphy/ptII/lib/slf4j-api-1.7.13.jar:/home/travis/build/icyphy/ptII/lib/slf4j-simple-1.7.13.jar:/home/travis/build/icyphy/ptII/lib/webcam-capture-0.3.12.jar:/home/travis/build/icyphy/ptII/lib/bridj-0.7.0.jar:/home/travis/build/icyphy/ptII/lib/xbjlib-1.1.0.nrjavaserial.jar:/home/travis/build/icyphy/ptII/ptolemy/moml/test:/home/travis/build/icyphy/ptII/ant/lib/ant-launcher.jar:/home/travis/build/icyphy/ptII/ant/lib/ant.jar:/home/travis/build/icyphy/ptII/ant/lib/ant-junit.jar:/home/travis/build/icyphy/ptII/ant/lib/ant-junit4.jar" />
    <property name="ant.library.dir" value="/home/travis/build/icyphy/ptII/ant/lib" />
    <property name="os.arch" value="amd64" />
    <property name="env.CONTINUOUS_INTEGRATION" value="true" />
    <property name="env.TRAVIS_LANGUAGE" value="node_js" />
    <property name="env.TRAVIS_STACK_LANGUAGES" value="__sardonyx__ c c++ clojure cplusplus cpp default generic go groovy java node_js php pure_java python ruby scala" />
    <property name="test.name" value="ptolemy.actor.lib.test.junit.JUnitTclTest" />
    <property name="env.APT_KEY_DONT_WARN_ON_DANGEROUS_USAGE" value="1" />
    <property name="sun.java.launcher" value="SUN_STANDARD" />
    <property name="env.PYTHON_CONFIGURE_OPTS" value="--enable-unicode=ucs4 --with-wide-unicode --enable-shared --enable-ipv6 --enable-loadable-sqlite-extensions --with-computed-gotos" />
    <property name="ant.core.lib" value="/home/travis/build/icyphy/ptII/ant/lib/ant.jar" />
    <property name="java.vm.specification.vendor" value="Oracle Corporation" />
    <property name="env.BCVTB_HOME" value="/home/travis/build/icyphy/ptII/lbnl" />
    <property name="file.separator" value="/" />
    <property name="spotbugs.home" value="/home/travis/build/icyphy/ptII/vendors/spotbugs-3.1.1" />
    <property name="java.runtime.version" value="11.0.2+9" />
    <property name="env.ANSI_CLEAR" value="\033[0K" />
    <property name="javafx.verbose" value="true" />
    <property name="env.HAS_JOSH_K_SEAL_OF_APPROVAL" value="true" />
    <property name="env.XDG_RUNTIME_DIR" value="/run/user/2000" />
    <property name="env.TRAVIS_OSX_IMAGE" value="" />
    <property name="env.TRAVIS_JOB_ID" value="536221699" />
    <property name="env.TRAVIS_BRANCH" value="master" />
    <property name="user.country" value="US" />
    <property name="env.CERTI_HOME_TRAVIS" value="/home/travis/pthla/certi-tools" />
    <property name="env.SHELL" value="/bin/bash" />
    <property name="java.maxmemory.large" value="3200m" />
    <property name="model" value="" />
    <property name="env.CASHER_DIR" value="/home/travis/.casher" />
    <property name="env.NVM_CD_FLAGS" value="" />
    <property name="java.vendor.version" value="18.9" />
    <property name="jshint.executable" value="/home/travis/node_modules/jshint/bin/jshint" />
    <property name="env.JRUBY_OPTS" value=" --client -J-XX:+TieredCompilation -J-XX:TieredStopAtLevel=1 -J-Xss2m -Xcompile.invokedynamic=false" />
    <property name="java.vendor" value="Oracle Corporation" />
    <property name="env.TRAVIS_PRE_CHEF_BOOTSTRAP_TIME" value="2020-06-24T13:13:03" />
    <property name="env.TRAVIS_STACK_JOB_BOARD_REGISTER" value="/.job-board-register.yml" />
    <property name="env.ANSI_RED" value="\033[31;1m" />
    <property name="java.specification.version" value="11" />
    <property name="env.IRBRC" value="/home/travis/.rvm/rubies/ruby-2.5.3/.irbrc" />
    <property name="env.TRAVIS" value="true" />
    <property name="sun.arch.data.model" value="64" />
  </properties>
  <testcase classname="ptolemy.util.test.junit.TclTests" name="[0] /home/travis/build/icyphy/ptII/ptolemy/actor/lib/test/AbsoluteValue.tcl (RunTclFile)" time="0.552" />
  <testcase classname="ptolemy.util.test.junit.TclTests" name="[1] /home/travis/build/icyphy/ptII/ptolemy/actor/lib/test/AddSubtract.tcl (RunTclFile)" time="0.191" />
  <testcase classname="ptolemy.util.test.junit.TclTests" name="[2] /home/travis/build/icyphy/ptII/ptolemy/actor/lib/test/Average.tcl (RunTclFile)" time="0.073" />
  <testcase classname="ptolemy.util.test.junit.TclTests" name="[3] /home/travis/build/icyphy/ptII/ptolemy/actor/lib/test/Bernoulli.tcl (RunTclFile)" time="0.044" />
  <testcase classname="ptolemy.util.test.junit.TclTests" name="[4] /home/travis/build/icyphy/ptII/ptolemy/actor/lib/test/Clock.tcl (RunTclFile)" time="0.112" />
  <testcase classname="ptolemy.util.test.junit.TclTests" name="[5] /home/travis/build/icyphy/ptII/ptolemy/actor/lib/test/Commutator.tcl (RunTclFile)" time="0.122" />
  <testcase classname="ptolemy.util.test.junit.TclTests" name="[6] /home/travis/build/icyphy/ptII/ptolemy/actor/lib/test/Const.tcl (RunTclFile)" time="0.144" />
  <testcase classname="ptolemy.util.test.junit.TclTests" name="[7] /home/travis/build/icyphy/ptII/ptolemy/actor/lib/test/CurrentTime.tcl (RunTclFile)" time="0.04" />
  <testcase classname="ptolemy.util.test.junit.TclTests" name="[8] /home/travis/build/icyphy/ptII/ptolemy/actor/lib/test/DB.tcl (RunTclFile)" time="0.039" />
  <testcase classname="ptolemy.util.test.junit.TclTests" name="[9] /home/travis/build/icyphy/ptII/ptolemy/actor/lib/test/DiscreteRandomSource.tcl (RunTclFile)" time="0.067" />
  <testcase classname="ptolemy.util.test.junit.TclTests" name="[10] /home/travis/build/icyphy/ptII/ptolemy/actor/lib/test/Distributor.tcl (RunTclFile)" time="0.082" />
  <testcase classname="ptolemy.util.test.junit.TclTests" name="[11] /home/travis/build/icyphy/ptII/ptolemy/actor/lib/test/Exit.tcl (RunTclFile)" time="0.092" />
  <testcase classname="ptolemy.util.test.junit.TclTests" name="[12] /home/travis/build/icyphy/ptII/ptolemy/actor/lib/test/Expression.tcl (RunTclFile)" time="0.139" />
  <testcase classname="ptolemy.util.test.junit.TclTests" name="[13] /home/travis/build/icyphy/ptII/ptolemy/actor/lib/test/Gaussian.tcl (RunTclFile)" time="0.647" />
  <testcase classname="ptolemy.util.test.junit.TclTests" name="[14] /home/travis/build/icyphy/ptII/ptolemy/actor/lib/test/IIR.tcl (RunTclFile)" time="0.036" />
  <testcase classname="ptolemy.util.test.junit.TclTests" name="[15] /home/travis/build/icyphy/ptII/ptolemy/actor/lib/test/Interpolator.tcl (RunTclFile)" time="0.095" />
  <testcase classname="ptolemy.util.test.junit.TclTests" name="[16] /home/travis/build/icyphy/ptII/ptolemy/actor/lib/test/MathFunction.tcl (RunTclFile)" time="0.042" />
  <testcase classname="ptolemy.util.test.junit.TclTests" name="[17] /home/travis/build/icyphy/ptII/ptolemy/actor/lib/test/Maximum.tcl (RunTclFile)" time="0.022" />
  <testcase classname="ptolemy.util.test.junit.TclTests" name="[18] /home/travis/build/icyphy/ptII/ptolemy/actor/lib/test/Minimum.tcl (RunTclFile)" time="0.019" />
  <testcase classname="ptolemy.util.test.junit.TclTests" name="[19] /home/travis/build/icyphy/ptII/ptolemy/actor/lib/test/MultiplyDivide.tcl (RunTclFile)" time="0.022" />
  <testcase classname="ptolemy.util.test.junit.TclTests" name="[20] /home/travis/build/icyphy/ptII/ptolemy/actor/lib/test/OrderedMerge.tcl (RunTclFile)" time="0.113" />
  <testcase classname="ptolemy.util.test.junit.TclTests" name="[21] /home/travis/build/icyphy/ptII/ptolemy/actor/lib/test/Publisher.tcl (RunTclFile)" time="0.78" />
  <testcase classname="ptolemy.util.test.junit.TclTests" name="[22] /home/travis/build/icyphy/ptII/ptolemy/actor/lib/test/Pulse.tcl (RunTclFile)" time="0.068" />
  <testcase classname="ptolemy.util.test.junit.TclTests" name="[23] /home/travis/build/icyphy/ptII/ptolemy/actor/lib/test/Ramp.tcl (RunTclFile)" time="2.078" />
  <testcase classname="ptolemy.util.test.junit.TclTests" name="[24] /home/travis/build/icyphy/ptII/ptolemy/actor/lib/test/RampContinuous.tcl (RunTclFile)" time="0.017" />
  <testcase classname="ptolemy.util.test.junit.TclTests" name="[25] /home/travis/build/icyphy/ptII/ptolemy/actor/lib/test/RecordAssembler.tcl (RunTclFile)" time="0.017" />
  <testcase classname="ptolemy.util.test.junit.TclTests" name="[26] /home/travis/build/icyphy/ptII/ptolemy/actor/lib/test/RecordDisassembler.tcl (RunTclFile)" time="0.034" />
  <testcase classname="ptolemy.util.test.junit.TclTests" name="[27] /home/travis/build/icyphy/ptII/ptolemy/actor/lib/test/Scale.tcl (RunTclFile)" time="0.022" />
  <testcase classname="ptolemy.util.test.junit.TclTests" name="[28] /home/travis/build/icyphy/ptII/ptolemy/actor/lib/test/SequentialClock.tcl (RunTclFile)" time="0.014" />
  <testcase classname="ptolemy.util.test.junit.TclTests" name="[29] /home/travis/build/icyphy/ptII/ptolemy/actor/lib/test/SetVariable.tcl (RunTclFile)" time="0.012" />
  <testcase classname="ptolemy.util.test.junit.TclTests" name="[30] /home/travis/build/icyphy/ptII/ptolemy/actor/lib/test/Sinewave.tcl (RunTclFile)" time="0.052" />
  <testcase classname="ptolemy.util.test.junit.TclTests" name="[31] /home/travis/build/icyphy/ptII/ptolemy/actor/lib/test/SubscriptionAggregator.tcl (RunTclFile)" time="1.953" />
  <testcase classname="ptolemy.util.test.junit.TclTests" name="[32] /home/travis/build/icyphy/ptII/ptolemy/actor/lib/test/Test.tcl (RunTclFile)" time="0.116" />
  <testcase classname="ptolemy.util.test.junit.TclTests" name="[33] /home/travis/build/icyphy/ptII/ptolemy/actor/lib/test/TestExceptionHandler.tcl (RunTclFile)" time="0.016" />
  <testcase classname="ptolemy.util.test.junit.TclTests" name="[34] /home/travis/build/icyphy/ptII/ptolemy/actor/lib/test/UnionDisassembler.tcl (RunTclFile)" time="0.077" />
  <testcase classname="ptolemy.util.test.junit.TclTests" name="[35] /home/travis/build/icyphy/ptII/ptolemy/actor/lib/test/VariableClock.tcl (RunTclFile)" time="0.025" />
  <testcase classname="ptolemy.util.test.junit.AutoKnownFailedTests" name="[0] /home/travis/build/icyphy/ptII/ptolemy/actor/lib/test/auto/knownFailedTests/PublisherPortToplevelSubscriber.xml (RunModel)" time="0.029" />
  <testcase classname="ptolemy.util.test.junit.AutoKnownFailedTests" name="[1] /home/travis/build/icyphy/ptII/ptolemy/actor/lib/test/auto/knownFailedTests/PublisherSubscriberPortToplevel.xml (RunModel)" time="0.016" />
  <testcase classname="ptolemy.util.test.junit.AutoKnownFailedTests" name="[2] /home/travis/build/icyphy/ptII/ptolemy/actor/lib/test/auto/knownFailedTests/PublisherSubscriptionAggregatorPort.xml (RunModel)" time="0.019" />
  <testcase classname="ptolemy.util.test.junit.AutoKnownFailedTests" name="[3] /home/travis/build/icyphy/ptII/ptolemy/actor/lib/test/auto/knownFailedTests/sizedarray3.xml (RunModel)" time="0.023" />
  <testcase classname="ptolemy.util.test.junit.AutoNameArchTests" name="[0] ThereAreNoAutoArchTests (RunModel)" time="0.005" />
  <testcase classname="ptolemy.util.test.junit.AutoTests" name="[0] /home/travis/build/icyphy/ptII/ptolemy/actor/lib/test/auto/AbsoluteValue.xml (RunModel)" time="0.109" />
  <testcase classname="ptolemy.util.test.junit.AutoTests" name="[1] /home/travis/build/icyphy/ptII/ptolemy/actor/lib/test/auto/AbsoluteValue2.xml (RunModel)" time="0.076" />
  <testcase classname="ptolemy.util.test.junit.AutoTests" name="[2] /home/travis/build/icyphy/ptII/ptolemy/actor/lib/test/auto/Accumulator.xml (RunModel)" time="0.091" />
  <testcase classname="ptolemy.util.test.junit.AutoTests" name="[3] /home/travis/build/icyphy/ptII/ptolemy/actor/lib/test/auto/Accumulator2.xml (RunModel)" time="0.025" />
  <testcase classname="ptolemy.util.test.junit.AutoTests" name="[4] /home/travis/build/icyphy/ptII/ptolemy/actor/lib/test/auto/Accumulator3.xml (RunModel)" time="0.041" />
  <testcase classname="ptolemy.util.test.junit.AutoTests" name="[5] /home/travis/build/icyphy/ptII/ptolemy/actor/lib/test/auto/ArrayAppend.xml (RunModel)" time="0.034" />
  <testcase classname="ptolemy.util.test.junit.AutoTests" name="[6] /home/travis/build/icyphy/ptII/ptolemy/actor/lib/test/auto/ArrayAppend2.xml (RunModel)" time="0.306" />
  <testcase classname="ptolemy.util.test.junit.AutoTests" name="[7] /home/travis/build/icyphy/ptII/ptolemy/actor/lib/test/auto/ArrayAppend3.xml (RunModel)" time="0.023" />
  <testcase classname="ptolemy.util.test.junit.AutoTests" name="[8] /home/travis/build/icyphy/ptII/ptolemy/actor/lib/test/auto/ArrayAppend4.xml (RunModel)" time="0.018" />
  <testcase classname="ptolemy.util.test.junit.AutoTests" name="[9] /home/travis/build/icyphy/ptII/ptolemy/actor/lib/test/auto/ArrayAppend5.xml (RunModel)" time="0.02" />
  <testcase classname="ptolemy.util.test.junit.AutoTests" name="[10] /home/travis/build/icyphy/ptII/ptolemy/actor/lib/test/auto/ArrayAppend6.xml (RunModel)" time="0.02" />
  <testcase classname="ptolemy.util.test.junit.AutoTests" name="[11] /home/travis/build/icyphy/ptII/ptolemy/actor/lib/test/auto/ArrayAppendPerformanceTest.xml (RunModel)" time="0.04" />
  <testcase classname="ptolemy.util.test.junit.AutoTests" name="[12] /home/travis/build/icyphy/ptII/ptolemy/actor/lib/test/auto/ArrayAppendWithEmptyInput.xml (RunModel)" time="0.038" />
  <testcase classname="ptolemy.util.test.junit.AutoTests" name="[13] /home/travis/build/icyphy/ptII/ptolemy/actor/lib/test/auto/ArrayAverage.xml (RunModel)" time="0.028" />
  <testcase classname="ptolemy.util.test.junit.AutoTests" name="[14] /home/travis/build/icyphy/ptII/ptolemy/actor/lib/test/auto/ArrayContains.xml (RunModel)" time="0.015" />
  <testcase classname="ptolemy.util.test.junit.AutoTests" name="[15] /home/travis/build/icyphy/ptII/ptolemy/actor/lib/test/auto/ArrayElement.xml (RunModel)" time="0.084" />
  <testcase classname="ptolemy.util.test.junit.AutoTests" name="[16] /home/travis/build/icyphy/ptII/ptolemy/actor/lib/test/auto/ArrayElementAsMatrix.xml (RunModel)" time="0.041" />
  <testcase classname="ptolemy.util.test.junit.AutoTests" name="[17] /home/travis/build/icyphy/ptII/ptolemy/actor/lib/test/auto/ArrayElementI.xml (RunModel)" time="0.022" />
  <testcase classname="ptolemy.util.test.junit.AutoTests" name="[18] /home/travis/build/icyphy/ptII/ptolemy/actor/lib/test/auto/ArrayExtract.xml (RunModel)" time="0.033" />
  <testcase classname="ptolemy.util.test.junit.AutoTests" name="[19] /home/travis/build/icyphy/ptII/ptolemy/actor/lib/test/auto/ArrayExtract2.xml (RunModel)" time="0.024" />
  <testcase classname="ptolemy.util.test.junit.AutoTests" name="[20] /home/travis/build/icyphy/ptII/ptolemy/actor/lib/test/auto/ArrayLength.xml (RunModel)" time="0.02" />
  <testcase classname="ptolemy.util.test.junit.AutoTests" name="[21] /home/travis/build/icyphy/ptII/ptolemy/actor/lib/test/auto/ArrayLevelCrossing.xml (RunModel)" time="0.031" />
  <testcase classname="ptolemy.util.test.junit.AutoTests" name="[22] /home/travis/build/icyphy/ptII/ptolemy/actor/lib/test/auto/ArrayLevelCrossing2.xml (RunModel)" time="0.02" />
  <testcase classname="ptolemy.util.test.junit.AutoTests" name="[23] /home/travis/build/icyphy/ptII/ptolemy/actor/lib/test/auto/ArrayPeakSearch.xml (RunModel)" time="0.044" />
  <testcase classname="ptolemy.util.test.junit.AutoTests" name="[24] /home/travis/build/icyphy/ptII/ptolemy/actor/lib/test/auto/ArrayPeakSearch2.xml (RunModel)" time="0.039" />
  <testcase classname="ptolemy.util.test.junit.AutoTests" name="[25] /home/travis/build/icyphy/ptII/ptolemy/actor/lib/test/auto/ArrayPeakSearch3.xml (RunModel)" time="0.027" />
  <testcase classname="ptolemy.util.test.junit.AutoTests" name="[26] /home/travis/build/icyphy/ptII/ptolemy/actor/lib/test/auto/ArrayRemoveElement.xml (RunModel)" time="0.024" />
  <testcase classname="ptolemy.util.test.junit.AutoTests" name="[27] /home/travis/build/icyphy/ptII/ptolemy/actor/lib/test/auto/ArraySort.xml (RunModel)" time="0.028" />
  <testcase classname="ptolemy.util.test.junit.AutoTests" name="[28] /home/travis/build/icyphy/ptII/ptolemy/actor/lib/test/auto/ArraySum.xml (RunModel)" time="0.024" />
  <testcase classname="ptolemy.util.test.junit.AutoTests" name="[29] /home/travis/build/icyphy/ptII/ptolemy/actor/lib/test/auto/ArrayToElements.xml (RunModel)" time="0.023" />
  <testcase classname="ptolemy.util.test.junit.AutoTests" name="[30] /home/travis/build/icyphy/ptII/ptolemy/actor/lib/test/auto/ArrayToMatrix.xml (RunModel)" time="0.053" />
  <testcase classname="ptolemy.util.test.junit.AutoTests" name="[31] /home/travis/build/icyphy/ptII/ptolemy/actor/lib/test/auto/ArrayUpdate1.xml (RunModel)" time="0.026" />
  <testcase classname="ptolemy.util.test.junit.AutoTests" name="[32] /home/travis/build/icyphy/ptII/ptolemy/actor/lib/test/auto/ArrayUpdate2.xml (RunModel)" time="0.02" />
  <testcase classname="ptolemy.util.test.junit.AutoTests" name="[33] /home/travis/build/icyphy/ptII/ptolemy/actor/lib/test/auto/ArrayUpdate3.xml (RunModel)" time="0.016" />
  <testcase classname="ptolemy.util.test.junit.AutoTests" name="[34] /home/travis/build/icyphy/ptII/ptolemy/actor/lib/test/auto/Assert1.xml (RunModel)" time="0.022" />
  <testcase classname="ptolemy.util.test.junit.AutoTests" name="[35] /home/travis/build/icyphy/ptII/ptolemy/actor/lib/test/auto/Assert2.xml (RunModel)" time="0.013" />
  <testcase classname="ptolemy.util.test.junit.AutoTests" name="[36] /home/travis/build/icyphy/ptII/ptolemy/actor/lib/test/auto/BooleanMultiplexor.xml (RunModel)" time="0.05" />
  <testcase classname="ptolemy.util.test.junit.AutoTests" name="[37] /home/travis/build/icyphy/ptII/ptolemy/actor/lib/test/auto/BooleanMultiplexor2.xml (RunModel)" time="0.025" />
  <testcase classname="ptolemy.util.test.junit.AutoTests" name="[38] /home/travis/build/icyphy/ptII/ptolemy/actor/lib/test/auto/BooleanMultiplexor3.xml (RunModel)" time="0.018" />
  <testcase classname="ptolemy.util.test.junit.AutoTests" name="[39] /home/travis/build/icyphy/ptII/ptolemy/actor/lib/test/auto/BooleanSelect.xml (RunModel)" time="0.023" />
  <testcase classname="ptolemy.util.test.junit.AutoTests" name="[40] /home/travis/build/icyphy/ptII/ptolemy/actor/lib/test/auto/BooleanSelect2.xml (RunModel)" time="0.017" />
  <testcase classname="ptolemy.util.test.junit.AutoTests" name="[41] /home/travis/build/icyphy/ptII/ptolemy/actor/lib/test/auto/BooleanSwitch.xml (RunModel)" time="0.024" />
  <testcase classname="ptolemy.util.test.junit.AutoTests" name="[42] /home/travis/build/icyphy/ptII/ptolemy/actor/lib/test/auto/BooleanSwitch2.xml (RunModel)" time="0.014" />
  <testcase classname="ptolemy.util.test.junit.AutoTests" name="[43] /home/travis/build/icyphy/ptII/ptolemy/actor/lib/test/auto/BooleanSwitchCloningBugWithClassRelationGroup.xml (RunModel)" time="0.032" />
  <testcase classname="ptolemy.util.test.junit.AutoTests" name="[44] /home/travis/build/icyphy/ptII/ptolemy/actor/lib/test/auto/BusActors.xml (RunModel)" time="0.052" />
  <testcase classname="ptolemy.util.test.junit.AutoTests" name="[45] /home/travis/build/icyphy/ptII/ptolemy/actor/lib/test/auto/ClassWrapper.xml (RunModel)" time="0.011" />
  <testcase classname="ptolemy.util.test.junit.AutoTests" name="[46] /home/travis/build/icyphy/ptII/ptolemy/actor/lib/test/auto/Clock.xml (RunModel)" time="0.011" />
  <testcase classname="ptolemy.util.test.junit.AutoTests" name="[47] /home/travis/build/icyphy/ptII/ptolemy/actor/lib/test/auto/Clock10.xml (RunModel)" time="0.017" />
  <testcase classname="ptolemy.util.test.junit.AutoTests" name="[48] /home/travis/build/icyphy/ptII/ptolemy/actor/lib/test/auto/Clock11.xml (RunModel)" time="0.018" />
  <testcase classname="ptolemy.util.test.junit.AutoTests" name="[49] /home/travis/build/icyphy/ptII/ptolemy/actor/lib/test/auto/Clock12.xml (RunModel)" time="0.024" />
  <testcase classname="ptolemy.util.test.junit.AutoTests" name="[50] /home/travis/build/icyphy/ptII/ptolemy/actor/lib/test/auto/Clock13.xml (RunModel)" time="0.023" />
  <testcase classname="ptolemy.util.test.junit.AutoTests" name="[51] /home/travis/build/icyphy/ptII/ptolemy/actor/lib/test/auto/Clock14.xml (RunModel)" time="0.021" />
  <testcase classname="ptolemy.util.test.junit.AutoTests" name="[52] /home/travis/build/icyphy/ptII/ptolemy/actor/lib/test/auto/Clock15.xml (RunModel)" time="0.014" />
  <testcase classname="ptolemy.util.test.junit.AutoTests" name="[53] /home/travis/build/icyphy/ptII/ptolemy/actor/lib/test/auto/Clock16.xml (RunModel)" time="0.091" />
  <testcase classname="ptolemy.util.test.junit.AutoTests" name="[54] /home/travis/build/icyphy/ptII/ptolemy/actor/lib/test/auto/Clock17.xml (RunModel)" time="0.072" />
  <testcase classname="ptolemy.util.test.junit.AutoTests" name="[55] /home/travis/build/icyphy/ptII/ptolemy/actor/lib/test/auto/Clock18.xml (RunModel)" time="0.046" />
  <testcase classname="ptolemy.util.test.junit.AutoTests" name="[56] /home/travis/build/icyphy/ptII/ptolemy/actor/lib/test/auto/Clock19.xml (RunModel)" time="0.038" />
  <testcase classname="ptolemy.util.test.junit.AutoTests" name="[57] /home/travis/build/icyphy/ptII/ptolemy/actor/lib/test/auto/Clock2.xml (RunModel)" time="0.054" />
  <testcase classname="ptolemy.util.test.junit.AutoTests" name="[58] /home/travis/build/icyphy/ptII/ptolemy/actor/lib/test/auto/Clock20.xml (RunModel)" time="0.023" />
  <testcase classname="ptolemy.util.test.junit.AutoTests" name="[59] /home/travis/build/icyphy/ptII/ptolemy/actor/lib/test/auto/Clock21.xml (RunModel)" time="0.02" />
  <testcase classname="ptolemy.util.test.junit.AutoTests" name="[60] /home/travis/build/icyphy/ptII/ptolemy/actor/lib/test/auto/Clock22.xml (RunModel)" time="0.02" />
  <testcase classname="ptolemy.util.test.junit.AutoTests" name="[61] /home/travis/build/icyphy/ptII/ptolemy/actor/lib/test/auto/Clock23.xml (RunModel)" time="0.02" />
  <testcase classname="ptolemy.util.test.junit.AutoTests" name="[62] /home/travis/build/icyphy/ptII/ptolemy/actor/lib/test/auto/Clock24.xml (RunModel)" time="0.017" />
  <testcase classname="ptolemy.util.test.junit.AutoTests" name="[63] /home/travis/build/icyphy/ptII/ptolemy/actor/lib/test/auto/Clock4.xml (RunModel)" time="0.018" />
  <testcase classname="ptolemy.util.test.junit.AutoTests" name="[64] /home/travis/build/icyphy/ptII/ptolemy/actor/lib/test/auto/Clock5.xml (RunModel)" time="0.02" />
  <testcase classname="ptolemy.util.test.junit.AutoTests" name="[65] /home/travis/build/icyphy/ptII/ptolemy/actor/lib/test/auto/Clock6.xml (RunModel)" time="0.015" />
  <testcase classname="ptolemy.util.test.junit.AutoTests" name="[66] /home/travis/build/icyphy/ptII/ptolemy/actor/lib/test/auto/Clock7.xml (RunModel)" time="0.012" />
  <testcase classname="ptolemy.util.test.junit.AutoTests" name="[67] /home/travis/build/icyphy/ptII/ptolemy/actor/lib/test/auto/Clock8.xml (RunModel)" time="0.018" />
  <testcase classname="ptolemy.util.test.junit.AutoTests" name="[68] /home/travis/build/icyphy/ptII/ptolemy/actor/lib/test/auto/Clock9.xml (RunModel)" time="0.014" />
  <testcase classname="ptolemy.util.test.junit.AutoTests" name="[69] /home/travis/build/icyphy/ptII/ptolemy/actor/lib/test/auto/CommDistDiscard.xml (RunModel)" time="0.026" />
  <testcase classname="ptolemy.util.test.junit.AutoTests" name="[70] /home/travis/build/icyphy/ptII/ptolemy/actor/lib/test/auto/Commutator.xml (RunModel)" time="0.016" />
  <testcase classname="ptolemy.util.test.junit.AutoTests" name="[71] /home/travis/build/icyphy/ptII/ptolemy/actor/lib/test/auto/Commutator2.xml (RunModel)" time="0.012" />
  <testcase classname="ptolemy.util.test.junit.AutoTests" name="[72] /home/travis/build/icyphy/ptII/ptolemy/actor/lib/test/auto/Commutator3.xml (RunModel)" time="0.015" />
  <testcase classname="ptolemy.util.test.junit.AutoTests" name="[73] /home/travis/build/icyphy/ptII/ptolemy/actor/lib/test/auto/Compare.xml (RunModel)" time="0.025" />
  <testcase classname="ptolemy.util.test.junit.AutoTests" name="[74] /home/travis/build/icyphy/ptII/ptolemy/actor/lib/test/auto/CompareDE.xml (RunModel)" time="0.027" />
  <testcase classname="ptolemy.util.test.junit.AutoTests" name="[75] /home/travis/build/icyphy/ptII/ptolemy/actor/lib/test/auto/ComplexDivide.xml (RunModel)" time="0.011" />
  <testcase classname="ptolemy.util.test.junit.AutoTests" name="[76] /home/travis/build/icyphy/ptII/ptolemy/actor/lib/test/auto/ComputeHistogram.xml (RunModel)" time="0.078" />
  <testcase classname="ptolemy.util.test.junit.AutoTests" name="[77] /home/travis/build/icyphy/ptII/ptolemy/actor/lib/test/auto/ConfigurationSelect.xml (RunModel)" time="0.022" />
  <testcase classname="ptolemy.util.test.junit.AutoTests" name="[78] /home/travis/build/icyphy/ptII/ptolemy/actor/lib/test/auto/ConfigurationSelect2.xml (RunModel)" time="0.016" />
  <testcase classname="ptolemy.util.test.junit.AutoTests" name="[79] /home/travis/build/icyphy/ptII/ptolemy/actor/lib/test/auto/ConfigurationSwitch.xml (RunModel)" time="0.023" />
  <testcase classname="ptolemy.util.test.junit.AutoTests" name="[80] /home/travis/build/icyphy/ptII/ptolemy/actor/lib/test/auto/ConfigurationSwitch2.xml (RunModel)" time="0.024" />
  <testcase classname="ptolemy.util.test.junit.AutoTests" name="[81] /home/travis/build/icyphy/ptII/ptolemy/actor/lib/test/auto/ConfigurationSwitchCloningBugWithClassRelationGroup.xml (RunModel)" time="0.018" />
  <testcase classname="ptolemy.util.test.junit.AutoTests" name="[82] /home/travis/build/icyphy/ptII/ptolemy/actor/lib/test/auto/ConfigurationSwitchSelectSDF.xml (RunModel)" time="0.014" />
  <testcase classname="ptolemy.util.test.junit.AutoTests" name="[83] /home/travis/build/icyphy/ptII/ptolemy/actor/lib/test/auto/ConfigurationSwitchSelectSDF2.xml (RunModel)" time="0.013" />
  <testcase classname="ptolemy.util.test.junit.AutoTests" name="[84] /home/travis/build/icyphy/ptII/ptolemy/actor/lib/test/auto/Const.xml (RunModel)" time="0.008" />
  <testcase classname="ptolemy.util.test.junit.AutoTests" name="[85] /home/travis/build/icyphy/ptII/ptolemy/actor/lib/test/auto/Const2.xml (RunModel)" time="0.009" />
  <testcase classname="ptolemy.util.test.junit.AutoTests" name="[86] /home/travis/build/icyphy/ptII/ptolemy/actor/lib/test/auto/Const3.xml (RunModel)" time="0.007" />
  <testcase classname="ptolemy.util.test.junit.AutoTests" name="[87] /home/travis/build/icyphy/ptII/ptolemy/actor/lib/test/auto/ConstantPublisherPort1.xml (RunModel)" time="0.023" />
  <testcase classname="ptolemy.util.test.junit.AutoTests" name="[88] /home/travis/build/icyphy/ptII/ptolemy/actor/lib/test/auto/ConstantPublisherPort2.xml (RunModel)" time="0.028" />
  <testcase classname="ptolemy.util.test.junit.AutoTests" name="[89] /home/travis/build/icyphy/ptII/ptolemy/actor/lib/test/auto/ConstantPublisherPort3.xml (RunModel)" time="0.027" />
  <testcase classname="ptolemy.util.test.junit.AutoTests" name="[90] /home/travis/build/icyphy/ptII/ptolemy/actor/lib/test/auto/ConstantPublisherPort4.xml (RunModel)" time="0.034" />
  <testcase classname="ptolemy.util.test.junit.AutoTests" name="[91] /home/travis/build/icyphy/ptII/ptolemy/actor/lib/test/auto/ConstantPublisherPort5.xml (RunModel)" time="0.051" />
  <testcase classname="ptolemy.util.test.junit.AutoTests" name="[92] /home/travis/build/icyphy/ptII/ptolemy/actor/lib/test/auto/ConstantPublisherPort6.xml (RunModel)" time="0.029" />
  <testcase classname="ptolemy.util.test.junit.AutoTests" name="[93] /home/travis/build/icyphy/ptII/ptolemy/actor/lib/test/auto/ConstantPublisherPort7.xml (RunModel)" time="0.031" />
  <testcase classname="ptolemy.util.test.junit.AutoTests" name="[94] /home/travis/build/icyphy/ptII/ptolemy/actor/lib/test/auto/ConstraintMonitor1.xml (RunModel)" time="0.051" />
  <testcase classname="ptolemy.util.test.junit.AutoTests" name="[95] /home/travis/build/icyphy/ptII/ptolemy/actor/lib/test/auto/ConstraintMonitor2.xml (RunModel)" time="0.014" />
  <testcase classname="ptolemy.util.test.junit.AutoTests" name="[96] /home/travis/build/icyphy/ptII/ptolemy/actor/lib/test/auto/ConstraintMonitor3.xml (RunModel)" time="0.015" />
  <testcase classname="ptolemy.util.test.junit.AutoTests" name="[97] /home/travis/build/icyphy/ptII/ptolemy/actor/lib/test/auto/ConstraintMonitor4.xml (RunModel)" time="0.011" />
  <testcase classname="ptolemy.util.test.junit.AutoTests" name="[98] /home/travis/build/icyphy/ptII/ptolemy/actor/lib/test/auto/ConstraintMonitor5.xml (RunModel)" time="0.019" />
  <testcase classname="ptolemy.util.test.junit.AutoTests" name="[99] /home/travis/build/icyphy/ptII/ptolemy/actor/lib/test/auto/ConstraintMonitor6.xml (RunModel)" time="0.023" />
  <testcase classname="ptolemy.util.test.junit.AutoTests" name="[100] /home/travis/build/icyphy/ptII/ptolemy/actor/lib/test/auto/ConstraintMonitor7.xml (RunModel)" time="0.018" />
  <testcase classname="ptolemy.util.test.junit.AutoTests" name="[101] /home/travis/build/icyphy/ptII/ptolemy/actor/lib/test/auto/ConstraintMonitor8.xml (RunModel)" time="0.019" />
  <testcase classname="ptolemy.util.test.junit.AutoTests" name="[102] /home/travis/build/icyphy/ptII/ptolemy/actor/lib/test/auto/Counter.xml (RunModel)" time="0.02" />
  <testcase classname="ptolemy.util.test.junit.AutoTests" name="[103] /home/travis/build/icyphy/ptII/ptolemy/actor/lib/test/auto/CurrentTimeSDF.xml (RunModel)" time="0.011" />
  <testcase classname="ptolemy.util.test.junit.AutoTests" name="[104] /home/travis/build/icyphy/ptII/ptolemy/actor/lib/test/auto/DB.xml (RunModel)" time="0.01" />
  <testcase classname="ptolemy.util.test.junit.AutoTests" name="[105] /home/travis/build/icyphy/ptII/ptolemy/actor/lib/test/auto/DBDE.xml (RunModel)" time="0.013" />
  <testcase classname="ptolemy.util.test.junit.AutoTests" name="[106] /home/travis/build/icyphy/ptII/ptolemy/actor/lib/test/auto/DateConstructor.xml (RunModel)" time="0.069" />
  <testcase classname="ptolemy.util.test.junit.AutoTests" name="[107] /home/travis/build/icyphy/ptII/ptolemy/actor/lib/test/auto/DelayTime.xml (RunModel)" time="0.015" />
  <testcase classname="ptolemy.util.test.junit.AutoTests" name="[108] /home/travis/build/icyphy/ptII/ptolemy/actor/lib/test/auto/Dictionary1.xml (RunModel)" time="0.048" />
  <testcase classname="ptolemy.util.test.junit.AutoTests" name="[109] /home/travis/build/icyphy/ptII/ptolemy/actor/lib/test/auto/Dictionary2.xml (RunModel)" time="0.017" />
  <testcase classname="ptolemy.util.test.junit.AutoTests" name="[110] /home/travis/build/icyphy/ptII/ptolemy/actor/lib/test/auto/Dictionary3.xml (RunModel)" time="0.016" />
  <testcase classname="ptolemy.util.test.junit.AutoTests" name="[111] /home/travis/build/icyphy/ptII/ptolemy/actor/lib/test/auto/Dictionary4.xml (RunModel)" time="0.019" />
  <testcase classname="ptolemy.util.test.junit.AutoTests" name="[112] /home/travis/build/icyphy/ptII/ptolemy/actor/lib/test/auto/Differential.xml (RunModel)" time="0.012" />
  <testcase classname="ptolemy.util.test.junit.AutoTests" name="[113] /home/travis/build/icyphy/ptII/ptolemy/actor/lib/test/auto/Director.xml (RunModel)" time="0.01" />
  <testcase classname="ptolemy.util.test.junit.AutoTests" name="[114] /home/travis/build/icyphy/ptII/ptolemy/actor/lib/test/auto/DiscreteClock.xml (RunModel)" time="0.009" />
  <testcase classname="ptolemy.util.test.junit.AutoTests" name="[115] /home/travis/build/icyphy/ptII/ptolemy/actor/lib/test/auto/DiscreteClock10.xml (RunModel)" time="0.011" />
  <testcase classname="ptolemy.util.test.junit.AutoTests" name="[116] /home/travis/build/icyphy/ptII/ptolemy/actor/lib/test/auto/DiscreteClock11.xml (RunModel)" time="0.01" />
  <testcase classname="ptolemy.util.test.junit.AutoTests" name="[117] /home/travis/build/icyphy/ptII/ptolemy/actor/lib/test/auto/DiscreteClock12.xml (RunModel)" time="0.013" />
  <testcase classname="ptolemy.util.test.junit.AutoTests" name="[118] /home/travis/build/icyphy/ptII/ptolemy/actor/lib/test/auto/DiscreteClock13.xml (RunModel)" time="0.014" />
  <testcase classname="ptolemy.util.test.junit.AutoTests" name="[119] /home/travis/build/icyphy/ptII/ptolemy/actor/lib/test/auto/DiscreteClock14.xml (RunModel)" time="0.014" />
  <testcase classname="ptolemy.util.test.junit.AutoTests" name="[120] /home/travis/build/icyphy/ptII/ptolemy/actor/lib/test/auto/DiscreteClock15.xml (RunModel)" time="0.016" />
  <testcase classname="ptolemy.util.test.junit.AutoTests" name="[121] /home/travis/build/icyphy/ptII/ptolemy/actor/lib/test/auto/DiscreteClock16.xml (RunModel)" time="0.04" />
  <testcase classname="ptolemy.util.test.junit.AutoTests" name="[122] /home/travis/build/icyphy/ptII/ptolemy/actor/lib/test/auto/DiscreteClock17.xml (RunModel)" time="0.037" />
  <testcase classname="ptolemy.util.test.junit.AutoTests" name="[123] /home/travis/build/icyphy/ptII/ptolemy/actor/lib/test/auto/DiscreteClock18.xml (RunModel)" time="0.041" />
  <testcase classname="ptolemy.util.test.junit.AutoTests" name="[124] /home/travis/build/icyphy/ptII/ptolemy/actor/lib/test/auto/DiscreteClock19.xml (RunModel)" time="0.043" />
  <testcase classname="ptolemy.util.test.junit.AutoTests" name="[125] /home/travis/build/icyphy/ptII/ptolemy/actor/lib/test/auto/DiscreteClock2.xml (RunModel)" time="0.011" />
  <testcase classname="ptolemy.util.test.junit.AutoTests" name="[126] /home/travis/build/icyphy/ptII/ptolemy/actor/lib/test/auto/DiscreteClock20.xml (RunModel)" time="0.019" />
  <testcase classname="ptolemy.util.test.junit.AutoTests" name="[127] /home/travis/build/icyphy/ptII/ptolemy/actor/lib/test/auto/DiscreteClock21.xml (RunModel)" time="0.02" />
  <testcase classname="ptolemy.util.test.junit.AutoTests" name="[128] /home/travis/build/icyphy/ptII/ptolemy/actor/lib/test/auto/DiscreteClock22.xml (RunModel)" time="0.015" />
  <testcase classname="ptolemy.util.test.junit.AutoTests" name="[129] /home/travis/build/icyphy/ptII/ptolemy/actor/lib/test/auto/DiscreteClock23.xml (RunModel)" time="0.02" />
  <testcase classname="ptolemy.util.test.junit.AutoTests" name="[130] /home/travis/build/icyphy/ptII/ptolemy/actor/lib/test/auto/DiscreteClock24.xml (RunModel)" time="0.017" />
  <testcase classname="ptolemy.util.test.junit.AutoTests" name="[131] /home/travis/build/icyphy/ptII/ptolemy/actor/lib/test/auto/DiscreteClock4.xml (RunModel)" time="0.011" />
  <testcase classname="ptolemy.util.test.junit.AutoTests" name="[132] /home/travis/build/icyphy/ptII/ptolemy/actor/lib/test/auto/DiscreteClock5.xml (RunModel)" time="0.011" />
  <testcase classname="ptolemy.util.test.junit.AutoTests" name="[133] /home/travis/build/icyphy/ptII/ptolemy/actor/lib/test/auto/DiscreteClock6.xml (RunModel)" time="0.011" />
  <testcase classname="ptolemy.util.test.junit.AutoTests" name="[134] /home/travis/build/icyphy/ptII/ptolemy/actor/lib/test/auto/DiscreteClock7.xml (RunModel)" time="0.01" />
  <testcase classname="ptolemy.util.test.junit.AutoTests" name="[135] /home/travis/build/icyphy/ptII/ptolemy/actor/lib/test/auto/DiscreteClock8.xml (RunModel)" time="0.025" />
  <testcase classname="ptolemy.util.test.junit.AutoTests" name="[136] /home/travis/build/icyphy/ptII/ptolemy/actor/lib/test/auto/DiscreteClock9.xml (RunModel)" time="0.012" />
  <testcase classname="ptolemy.util.test.junit.AutoTests" name="[137] /home/travis/build/icyphy/ptII/ptolemy/actor/lib/test/auto/DisplayArray.xml (RunModel)" time="0.008" />
  <testcase classname="ptolemy.util.test.junit.AutoTests" name="[138] /home/travis/build/icyphy/ptII/ptolemy/actor/lib/test/auto/Distributor.xml (RunModel)" time="0.009" />
  <testcase classname="ptolemy.util.test.junit.AutoTests" name="[139] /home/travis/build/icyphy/ptII/ptolemy/actor/lib/test/auto/Distributor2.xml (RunModel)" time="0.012" />
  <testcase classname="ptolemy.util.test.junit.AutoTests" name="[140] /home/travis/build/icyphy/ptII/ptolemy/actor/lib/test/auto/DownSample.xml (RunModel)" time="0.026" />
  <testcase classname="ptolemy.util.test.junit.AutoTests" name="[141] /home/travis/build/icyphy/ptII/ptolemy/actor/lib/test/auto/ElectronicUnitBase1.xml (RunModel)" time="0.06" />
  <testcase classname="ptolemy.util.test.junit.AutoTests" name="[142] /home/travis/build/icyphy/ptII/ptolemy/actor/lib/test/auto/ElementsToArray.xml (RunModel)" time="0.01" />
  <testcase classname="ptolemy.util.test.junit.AutoTests" name="[143] /home/travis/build/icyphy/ptII/ptolemy/actor/lib/test/auto/Equals.xml (RunModel)" time="0.013" />
  <testcase classname="ptolemy.util.test.junit.AutoTests" name="[144] /home/travis/build/icyphy/ptII/ptolemy/actor/lib/test/auto/Exec.xml (RunModel)" time="0.029" />
  <testcase classname="ptolemy.util.test.junit.AutoTests" name="[145] /home/travis/build/icyphy/ptII/ptolemy/actor/lib/test/auto/ExecEnvironment.xml (RunModel)" time="0.036" />
  <testcase classname="ptolemy.util.test.junit.AutoTests" name="[146] /home/travis/build/icyphy/ptII/ptolemy/actor/lib/test/auto/ExecNonZeroReturnOutput.xml (RunModel)" time="0.176" />
  <testcase classname="ptolemy.util.test.junit.AutoTests" name="[147] /home/travis/build/icyphy/ptII/ptolemy/actor/lib/test/auto/ExecRunDemos.xml (RunModel)" time="10.321" />
  <testcase classname="ptolemy.util.test.junit.AutoTests" name="[148] /home/travis/build/icyphy/ptII/ptolemy/actor/lib/test/auto/ExecStop.xml (RunModel)" time="5.037" />
  <testcase classname="ptolemy.util.test.junit.AutoTests" name="[149] /home/travis/build/icyphy/ptII/ptolemy/actor/lib/test/auto/ExecutionTimeSDF.xml (RunModel)" time="6.03" />
  <testcase classname="ptolemy.util.test.junit.AutoTests" name="[150] /home/travis/build/icyphy/ptII/ptolemy/actor/lib/test/auto/Expression1.xml (RunModel)" time="0.021" />
  <testcase classname="ptolemy.util.test.junit.AutoTests" name="[151] /home/travis/build/icyphy/ptII/ptolemy/actor/lib/test/auto/Expression10.xml (RunModel)" time="0.018" />
  <testcase classname="ptolemy.util.test.junit.AutoTests" name="[152] /home/travis/build/icyphy/ptII/ptolemy/actor/lib/test/auto/Expression11.xml (RunModel)" time="0.011" />
  <testcase classname="ptolemy.util.test.junit.AutoTests" name="[153] /home/travis/build/icyphy/ptII/ptolemy/actor/lib/test/auto/Expression12.xml (RunModel)" time="0.014" />
  <testcase classname="ptolemy.util.test.junit.AutoTests" name="[154] /home/travis/build/icyphy/ptII/ptolemy/actor/lib/test/auto/Expression13.xml (RunModel)" time="0.011" />
  <testcase classname="ptolemy.util.test.junit.AutoTests" name="[155] /home/travis/build/icyphy/ptII/ptolemy/actor/lib/test/auto/Expression14.xml (RunModel)" time="0.018" />
  <testcase classname="ptolemy.util.test.junit.AutoTests" name="[156] /home/travis/build/icyphy/ptII/ptolemy/actor/lib/test/auto/Expression15.xml (RunModel)" time="0.007" />
  <testcase classname="ptolemy.util.test.junit.AutoTests" name="[157] /home/travis/build/icyphy/ptII/ptolemy/actor/lib/test/auto/Expression16.xml (RunModel)" time="0.013" />
  <testcase classname="ptolemy.util.test.junit.AutoTests" name="[158] /home/travis/build/icyphy/ptII/ptolemy/actor/lib/test/auto/Expression17.xml (RunModel)" time="0.011" />
  <testcase classname="ptolemy.util.test.junit.AutoTests" name="[159] /home/travis/build/icyphy/ptII/ptolemy/actor/lib/test/auto/Expression18.xml (RunModel)" time="0.013" />
  <testcase classname="ptolemy.util.test.junit.AutoTests" name="[160] /home/travis/build/icyphy/ptII/ptolemy/actor/lib/test/auto/Expression2.xml (RunModel)" time="0.011" />
  <testcase classname="ptolemy.util.test.junit.AutoTests" name="[161] /home/travis/build/icyphy/ptII/ptolemy/actor/lib/test/auto/Expression3.xml (RunModel)" time="0.013" />
  <testcase classname="ptolemy.util.test.junit.AutoTests" name="[162] /home/travis/build/icyphy/ptII/ptolemy/actor/lib/test/auto/Expression4.xml (RunModel)" time="0.02" />
  <testcase classname="ptolemy.util.test.junit.AutoTests" name="[163] /home/travis/build/icyphy/ptII/ptolemy/actor/lib/test/auto/Expression5.xml (RunModel)" time="0.01" />
  <testcase classname="ptolemy.util.test.junit.AutoTests" name="[164] /home/travis/build/icyphy/ptII/ptolemy/actor/lib/test/auto/Expression6.xml (RunModel)" time="0.01" />
  <testcase classname="ptolemy.util.test.junit.AutoTests" name="[165] /home/travis/build/icyphy/ptII/ptolemy/actor/lib/test/auto/Expression7.xml (RunModel)" time="0.015" />
  <testcase classname="ptolemy.util.test.junit.AutoTests" name="[166] /home/travis/build/icyphy/ptII/ptolemy/actor/lib/test/auto/Expression8.xml (RunModel)" time="0.017" />
  <testcase classname="ptolemy.util.test.junit.AutoTests" name="[167] /home/travis/build/icyphy/ptII/ptolemy/actor/lib/test/auto/Expression9.xml (RunModel)" time="0.012" />
  <testcase classname="ptolemy.util.test.junit.AutoTests" name="[168] /home/travis/build/icyphy/ptII/ptolemy/actor/lib/test/auto/ExpressionConcatenateArrayType.xml (RunModel)" time="0.03" />
  <testcase classname="ptolemy.util.test.junit.AutoTests" name="[169] /home/travis/build/icyphy/ptII/ptolemy/actor/lib/test/auto/ExpressionConcatenateArrayType2.xml (RunModel)" time="0.021" />
  <testcase classname="ptolemy.util.test.junit.AutoTests" name="[170] /home/travis/build/icyphy/ptII/ptolemy/actor/lib/test/auto/ExpressionFix.xml (RunModel)" time="0.028" />
  <testcase classname="ptolemy.util.test.junit.AutoTests" name="[171] /home/travis/build/icyphy/ptII/ptolemy/actor/lib/test/auto/ExpressionFix2.xml (RunModel)" time="0.009" />
  <testcase classname="ptolemy.util.test.junit.AutoTests" name="[172] /home/travis/build/icyphy/ptII/ptolemy/actor/lib/test/auto/ExpressionFix3.xml (RunModel)" time="0.01" />
  <testcase classname="ptolemy.util.test.junit.AutoTests" name="[173] /home/travis/build/icyphy/ptII/ptolemy/actor/lib/test/auto/FileWriter1.xml (RunModel)" time="0.01" />
  <testcase classname="ptolemy.util.test.junit.AutoTests" name="[174] /home/travis/build/icyphy/ptII/ptolemy/actor/lib/test/auto/FileWriter2.xml (RunModel)" time="0.021" />
  <testcase classname="ptolemy.util.test.junit.AutoTests" name="[175] /home/travis/build/icyphy/ptII/ptolemy/actor/lib/test/auto/FileWriter3.xml (RunModel)" time="0.013" />
  <testcase classname="ptolemy.util.test.junit.AutoTests" name="[176] /home/travis/build/icyphy/ptII/ptolemy/actor/lib/test/auto/Gaussian.xml (RunModel)" time="0.013" />
  <testcase classname="ptolemy.util.test.junit.AutoTests" name="[177] /home/travis/build/icyphy/ptII/ptolemy/actor/lib/test/auto/Gaussian1.xml (RunModel)" time="0.012" />
  <testcase classname="ptolemy.util.test.junit.AutoTests" name="[178] /home/travis/build/icyphy/ptII/ptolemy/actor/lib/test/auto/Gaussian2.xml (RunModel)" time="0.022" />
  <testcase classname="ptolemy.util.test.junit.AutoTests" name="[179] /home/travis/build/icyphy/ptII/ptolemy/actor/lib/test/auto/GradientAdaptiveLattice.xml (RunModel)" time="0.017" />
  <testcase classname="ptolemy.util.test.junit.AutoTests" name="[180] /home/travis/build/icyphy/ptII/ptolemy/actor/lib/test/auto/IIR.xml (RunModel)" time="0.009" />
  <testcase classname="ptolemy.util.test.junit.AutoTests" name="[181] /home/travis/build/icyphy/ptII/ptolemy/actor/lib/test/auto/InputOutputTransparentPorts.xml (RunModel)" time="0.018" />
  <testcase classname="ptolemy.util.test.junit.AutoTests" name="[182] /home/travis/build/icyphy/ptII/ptolemy/actor/lib/test/auto/Interpolator.xml (RunModel)" time="0.014" />
  <testcase classname="ptolemy.util.test.junit.AutoTests" name="[183] /home/travis/build/icyphy/ptII/ptolemy/actor/lib/test/auto/InterpolatorFiringLimitDE.xml (RunModel)" time="0.014" />
  <testcase classname="ptolemy.util.test.junit.AutoTests" name="[184] /home/travis/build/icyphy/ptII/ptolemy/actor/lib/test/auto/Lattice.xml (RunModel)" time="0.008" />
  <testcase classname="ptolemy.util.test.junit.AutoTests" name="[185] /home/travis/build/icyphy/ptII/ptolemy/actor/lib/test/auto/LazyAOCTestLazy.xml (RunModel)" time="0.078" />
  <testcase classname="ptolemy.util.test.junit.AutoTests" name="[186] /home/travis/build/icyphy/ptII/ptolemy/actor/lib/test/auto/LazyAOCTestNonLazy.xml (RunModel)" time="0.051" />
  <testcase classname="ptolemy.util.test.junit.AutoTests" name="[187] /home/travis/build/icyphy/ptII/ptolemy/actor/lib/test/auto/LazyInnerClass.xml (RunModel)" time="0.025" />
  <testcase classname="ptolemy.util.test.junit.AutoTests" name="[188] /home/travis/build/icyphy/ptII/ptolemy/actor/lib/test/auto/LazyPubSub.xml (RunModel)" time="0.05" />
  <testcase classname="ptolemy.util.test.junit.AutoTests" name="[189] /home/travis/build/icyphy/ptII/ptolemy/actor/lib/test/auto/LazyPubSub2.xml (RunModel)" time="0.034" />
  <testcase classname="ptolemy.util.test.junit.AutoTests" name="[190] /home/travis/build/icyphy/ptII/ptolemy/actor/lib/test/auto/LazyPubSub3.xml (RunModel)" time="0.023" />
  <testcase classname="ptolemy.util.test.junit.AutoTests" name="[191] /home/travis/build/icyphy/ptII/ptolemy/actor/lib/test/auto/LazySubClassModel.xml (RunModel)" time="0.021" />
  <testcase classname="ptolemy.util.test.junit.AutoTests" name="[192] /home/travis/build/icyphy/ptII/ptolemy/actor/lib/test/auto/LevelCrossTest1.xml (RunModel)" time="0.009" />
  <testcase classname="ptolemy.util.test.junit.AutoTests" name="[193] /home/travis/build/icyphy/ptII/ptolemy/actor/lib/test/auto/LevelCrossTest10.xml (RunModel)" time="0.014" />
  <testcase classname="ptolemy.util.test.junit.AutoTests" name="[194] /home/travis/build/icyphy/ptII/ptolemy/actor/lib/test/auto/LevelCrossTest11.xml (RunModel)" time="0.017" />
  <testcase classname="ptolemy.util.test.junit.AutoTests" name="[195] /home/travis/build/icyphy/ptII/ptolemy/actor/lib/test/auto/LevelCrossTest12.xml (RunModel)" time="0.015" />
  <testcase classname="ptolemy.util.test.junit.AutoTests" name="[196] /home/travis/build/icyphy/ptII/ptolemy/actor/lib/test/auto/LevelCrossTest13.xml (RunModel)" time="0.013" />
  <testcase classname="ptolemy.util.test.junit.AutoTests" name="[197] /home/travis/build/icyphy/ptII/ptolemy/actor/lib/test/auto/LevelCrossTest2.xml (RunModel)" time="0.01" />
  <testcase classname="ptolemy.util.test.junit.AutoTests" name="[198] /home/travis/build/icyphy/ptII/ptolemy/actor/lib/test/auto/LevelCrossTest3.xml (RunModel)" time="0.011" />
  <testcase classname="ptolemy.util.test.junit.AutoTests" name="[199] /home/travis/build/icyphy/ptII/ptolemy/actor/lib/test/auto/LevelCrossTest4.xml (RunModel)" time="0.012" />
  <testcase classname="ptolemy.util.test.junit.AutoTests" name="[200] /home/travis/build/icyphy/ptII/ptolemy/actor/lib/test/auto/LevelCrossTest5.xml (RunModel)" time="0.012" />
  <testcase classname="ptolemy.util.test.junit.AutoTests" name="[201] /home/travis/build/icyphy/ptII/ptolemy/actor/lib/test/auto/LevelCrossTest6.xml (RunModel)" time="0.011" />
  <testcase classname="ptolemy.util.test.junit.AutoTests" name="[202] /home/travis/build/icyphy/ptII/ptolemy/actor/lib/test/auto/LevelCrossTest7.xml (RunModel)" time="0.018" />
  <testcase classname="ptolemy.util.test.junit.AutoTests" name="[203] /home/travis/build/icyphy/ptII/ptolemy/actor/lib/test/auto/LevelCrossTest8.xml (RunModel)" time="0.013" />
  <testcase classname="ptolemy.util.test.junit.AutoTests" name="[204] /home/travis/build/icyphy/ptII/ptolemy/actor/lib/test/auto/LevelCrossTest9.xml (RunModel)" time="0.013" />
  <testcase classname="ptolemy.util.test.junit.AutoTests" name="[205] /home/travis/build/icyphy/ptII/ptolemy/actor/lib/test/auto/LevinsonDurbin.xml (RunModel)" time="0.008" />
  <testcase classname="ptolemy.util.test.junit.AutoTests" name="[206] /home/travis/build/icyphy/ptII/ptolemy/actor/lib/test/auto/LevinsonDurbin2.xml (RunModel)" time="0.008" />
  <testcase classname="ptolemy.util.test.junit.AutoTests" name="[207] /home/travis/build/icyphy/ptII/ptolemy/actor/lib/test/auto/LevinsonDurbin3.xml (RunModel)" time="0.009" />
  <testcase classname="ptolemy.util.test.junit.AutoTests" name="[208] /home/travis/build/icyphy/ptII/ptolemy/actor/lib/test/auto/Limiter.xml (RunModel)" time="0.041" />
  <testcase classname="ptolemy.util.test.junit.AutoTests" name="[209] /home/travis/build/icyphy/ptII/ptolemy/actor/lib/test/auto/LinearDifferenceEquationSystem.xml (RunModel)" time="0.025" />
  <testcase classname="ptolemy.util.test.junit.AutoTests" name="[210] /home/travis/build/icyphy/ptII/ptolemy/actor/lib/test/auto/LookupTable.xml (RunModel)" time="0.01" />
  <testcase classname="ptolemy.util.test.junit.AutoTests" name="[211] /home/travis/build/icyphy/ptII/ptolemy/actor/lib/test/auto/MathFunction.xml (RunModel)" time="0.018" />
  <testcase classname="ptolemy.util.test.junit.AutoTests" name="[212] /home/travis/build/icyphy/ptII/ptolemy/actor/lib/test/auto/MathFunction2.xml (RunModel)" time="0.013" />
  <testcase classname="ptolemy.util.test.junit.AutoTests" name="[213] /home/travis/build/icyphy/ptII/ptolemy/actor/lib/test/auto/MathFunction3.xml (RunModel)" time="0.018" />
  <testcase classname="ptolemy.util.test.junit.AutoTests" name="[214] /home/travis/build/icyphy/ptII/ptolemy/actor/lib/test/auto/MatrixCropBoolean.xml (RunModel)" time="0.012" />
  <testcase classname="ptolemy.util.test.junit.AutoTests" name="[215] /home/travis/build/icyphy/ptII/ptolemy/actor/lib/test/auto/MatrixCropComplex.xml (RunModel)" time="0.01" />
  <testcase classname="ptolemy.util.test.junit.AutoTests" name="[216] /home/travis/build/icyphy/ptII/ptolemy/actor/lib/test/auto/MatrixCropDouble.xml (RunModel)" time="0.009" />
  <testcase classname="ptolemy.util.test.junit.AutoTests" name="[217] /home/travis/build/icyphy/ptII/ptolemy/actor/lib/test/auto/MatrixCropFix.xml (RunModel)" time="0.012" />
  <testcase classname="ptolemy.util.test.junit.AutoTests" name="[218] /home/travis/build/icyphy/ptII/ptolemy/actor/lib/test/auto/MatrixCropInt.xml (RunModel)" time="0.01" />
  <testcase classname="ptolemy.util.test.junit.AutoTests" name="[219] /home/travis/build/icyphy/ptII/ptolemy/actor/lib/test/auto/MatrixCropLong.xml (RunModel)" time="0.009" />
  <testcase classname="ptolemy.util.test.junit.AutoTests" name="[220] /home/travis/build/icyphy/ptII/ptolemy/actor/lib/test/auto/MatrixToArray.xml (RunModel)" time="0.063" />
  <testcase classname="ptolemy.util.test.junit.AutoTests" name="[221] /home/travis/build/icyphy/ptII/ptolemy/actor/lib/test/auto/MaxIndex.xml (RunModel)" time="0.011" />
  <testcase classname="ptolemy.util.test.junit.AutoTests" name="[222] /home/travis/build/icyphy/ptII/ptolemy/actor/lib/test/auto/Maximum.xml (RunModel)" time="0.012" />
  <testcase classname="ptolemy.util.test.junit.AutoTests" name="[223] /home/travis/build/icyphy/ptII/ptolemy/actor/lib/test/auto/MaximumComplex.xml (RunModel)" time="0.012" />
  <testcase classname="ptolemy.util.test.junit.AutoTests" name="[224] /home/travis/build/icyphy/ptII/ptolemy/actor/lib/test/auto/MethodCallTest.xml (RunModel)" time="0.02" />
  <testcase classname="ptolemy.util.test.junit.AutoTests" name="[225] /home/travis/build/icyphy/ptII/ptolemy/actor/lib/test/auto/Minimum.xml (RunModel)" time="0.015" />
  <testcase classname="ptolemy.util.test.junit.AutoTests" name="[226] /home/travis/build/icyphy/ptII/ptolemy/actor/lib/test/auto/MinimumComplex.xml (RunModel)" time="0.023" />
  <testcase classname="ptolemy.util.test.junit.AutoTests" name="[227] /home/travis/build/icyphy/ptII/ptolemy/actor/lib/test/auto/MinimumMultiports.xml (RunModel)" time="0.015" />
  <testcase classname="ptolemy.util.test.junit.AutoTests" name="[228] /home/travis/build/icyphy/ptII/ptolemy/actor/lib/test/auto/ModifyDate.xml (RunModel)" time="0.038" />
  <testcase classname="ptolemy.util.test.junit.AutoTests" name="[229] /home/travis/build/icyphy/ptII/ptolemy/actor/lib/test/auto/ModifyDate2.xml (RunModel)" time="0.026" />
  <testcase classname="ptolemy.util.test.junit.AutoTests" name="[230] /home/travis/build/icyphy/ptII/ptolemy/actor/lib/test/auto/MovingAverage.xml (RunModel)" time="0.013" />
  <testcase classname="ptolemy.util.test.junit.AutoTests" name="[231] /home/travis/build/icyphy/ptII/ptolemy/actor/lib/test/auto/MovingMaximum.xml (RunModel)" time="0.012" />
  <testcase classname="ptolemy.util.test.junit.AutoTests" name="[232] /home/travis/build/icyphy/ptII/ptolemy/actor/lib/test/auto/MultipleLinksToSameRelation.xml (RunModel)" time="0.015" />
  <testcase classname="ptolemy.util.test.junit.AutoTests" name="[233] /home/travis/build/icyphy/ptII/ptolemy/actor/lib/test/auto/MultipleLinksToSameRelationDE.xml (RunModel)" time="0.018" />
  <testcase classname="ptolemy.util.test.junit.AutoTests" name="[234] /home/travis/build/icyphy/ptII/ptolemy/actor/lib/test/auto/Multiplexor.xml (RunModel)" time="0.013" />
  <testcase classname="ptolemy.util.test.junit.AutoTests" name="[235] /home/travis/build/icyphy/ptII/ptolemy/actor/lib/test/auto/Multiplexor1.xml (RunModel)" time="0.012" />
  <testcase classname="ptolemy.util.test.junit.AutoTests" name="[236] /home/travis/build/icyphy/ptII/ptolemy/actor/lib/test/auto/Multiplexor2.xml (RunModel)" time="0.014" />
  <testcase classname="ptolemy.util.test.junit.AutoTests" name="[237] /home/travis/build/icyphy/ptII/ptolemy/actor/lib/test/auto/Multiplexor3.xml (RunModel)" time="0.011" />
  <testcase classname="ptolemy.util.test.junit.AutoTests" name="[238] /home/travis/build/icyphy/ptII/ptolemy/actor/lib/test/auto/MultiplexorDE.xml (RunModel)" time="0.017" />
  <testcase classname="ptolemy.util.test.junit.AutoTests" name="[239] /home/travis/build/icyphy/ptII/ptolemy/actor/lib/test/auto/MultiportBroadcastTest.xml (RunModel)" time="0.104" />
  <testcase classname="ptolemy.util.test.junit.AutoTests" name="[240] /home/travis/build/icyphy/ptII/ptolemy/actor/lib/test/auto/MultiportOutHangDuringGetWidth.xml (RunModel)" time="0.038" />
  <testcase classname="ptolemy.util.test.junit.AutoTests" name="[241] /home/travis/build/icyphy/ptII/ptolemy/actor/lib/test/auto/NilToken.xml (RunModel)" time="0.015" />
  <testcase classname="ptolemy.util.test.junit.AutoTests" name="[242] /home/travis/build/icyphy/ptII/ptolemy/actor/lib/test/auto/NilTokenNonStrictTest.xml (RunModel)" time="0.02" />
  <testcase classname="ptolemy.util.test.junit.AutoTests" name="[243] /home/travis/build/icyphy/ptII/ptolemy/actor/lib/test/auto/NilTokenRecord.xml (RunModel)" time="0.024" />
  <testcase classname="ptolemy.util.test.junit.AutoTests" name="[244] /home/travis/build/icyphy/ptII/ptolemy/actor/lib/test/auto/NilTokenTypeTest.xml (RunModel)" time="0.027" />
  <testcase classname="ptolemy.util.test.junit.AutoTests" name="[245] /home/travis/build/icyphy/ptII/ptolemy/actor/lib/test/auto/ObjectToken1.xml (RunModel)" time="0.008" />
  <testcase classname="ptolemy.util.test.junit.AutoTests" name="[246] /home/travis/build/icyphy/ptII/ptolemy/actor/lib/test/auto/OrderedMerge.xml (RunModel)" time="0.021" />
  <testcase classname="ptolemy.util.test.junit.AutoTests" name="[247] /home/travis/build/icyphy/ptII/ptolemy/actor/lib/test/auto/OrderedRecordDisassembler.xml (RunModel)" time="0.016" />
  <testcase classname="ptolemy.util.test.junit.AutoTests" name="[248] /home/travis/build/icyphy/ptII/ptolemy/actor/lib/test/auto/OrderedRecordDisassembler2.xml (RunModel)" time="0.016" />
  <testcase classname="ptolemy.util.test.junit.AutoTests" name="[249] /home/travis/build/icyphy/ptII/ptolemy/actor/lib/test/auto/OrderedRecordUpdater.xml (RunModel)" time="0.01" />
  <testcase classname="ptolemy.util.test.junit.AutoTests" name="[250] /home/travis/build/icyphy/ptII/ptolemy/actor/lib/test/auto/OrderedRecordUpdater2.xml (RunModel)" time="0.016" />
  <testcase classname="ptolemy.util.test.junit.AutoTests" name="[251] /home/travis/build/icyphy/ptII/ptolemy/actor/lib/test/auto/PhaseUnwrap.xml (RunModel)" time="0.011" />
  <testcase classname="ptolemy.util.test.junit.AutoTests" name="[252] /home/travis/build/icyphy/ptII/ptolemy/actor/lib/test/auto/PoissonClock.xml (RunModel)" time="0.01" />
  <testcase classname="ptolemy.util.test.junit.AutoTests" name="[253] /home/travis/build/icyphy/ptII/ptolemy/actor/lib/test/auto/PoissonClock2.xml (RunModel)" time="0.006" />
  <testcase classname="ptolemy.util.test.junit.AutoTests" name="[254] /home/travis/build/icyphy/ptII/ptolemy/actor/lib/test/auto/PoissonClock3.xml (RunModel)" time="0.023" />
  <testcase classname="ptolemy.util.test.junit.AutoTests" name="[255] /home/travis/build/icyphy/ptII/ptolemy/actor/lib/test/auto/PubSubWithInitialTokens.xml (RunModel)" time="0.016" />
  <testcase classname="ptolemy.util.test.junit.AutoTests" name="[256] /home/travis/build/icyphy/ptII/ptolemy/actor/lib/test/auto/PubSubWithInitialTokens2.xml (RunModel)" time="0.012" />
  <testcase classname="ptolemy.util.test.junit.AutoTests" name="[257] /home/travis/build/icyphy/ptII/ptolemy/actor/lib/test/auto/PublisherClassNoParameter.xml (RunModel)" time="0.021" />
  <testcase classname="ptolemy.util.test.junit.AutoTests" name="[258] /home/travis/build/icyphy/ptII/ptolemy/actor/lib/test/auto/PublisherClassParameter.xml (RunModel)" time="0.02" />
  <testcase classname="ptolemy.util.test.junit.AutoTests" name="[259] /home/travis/build/icyphy/ptII/ptolemy/actor/lib/test/auto/PublisherNonStrictTest.xml (RunModel)" time="0.014" />
  <testcase classname="ptolemy.util.test.junit.AutoTests" name="[260] /home/travis/build/icyphy/ptII/ptolemy/actor/lib/test/auto/PublisherPort1.xml (RunModel)" time="0.009" />
  <testcase classname="ptolemy.util.test.junit.AutoTests" name="[261] /home/travis/build/icyphy/ptII/ptolemy/actor/lib/test/auto/PublisherPort2.xml (RunModel)" time="0.009" />
  <testcase classname="ptolemy.util.test.junit.AutoTests" name="[262] /home/travis/build/icyphy/ptII/ptolemy/actor/lib/test/auto/PublisherPort3.xml (RunModel)" time="0.02" />
  <testcase classname="ptolemy.util.test.junit.AutoTests" name="[263] /home/travis/build/icyphy/ptII/ptolemy/actor/lib/test/auto/PublisherPort4.xml (RunModel)" time="0.013" />
  <testcase classname="ptolemy.util.test.junit.AutoTests" name="[264] /home/travis/build/icyphy/ptII/ptolemy/actor/lib/test/auto/PublisherPort5.xml (RunModel)" time="0.013" />
  <testcase classname="ptolemy.util.test.junit.AutoTests" name="[265] /home/travis/build/icyphy/ptII/ptolemy/actor/lib/test/auto/PublisherPort5LookAlike.xml (RunModel)" time="0.017" />
  <testcase classname="ptolemy.util.test.junit.AutoTests" name="[266] /home/travis/build/icyphy/ptII/ptolemy/actor/lib/test/auto/PublisherPort6.xml (RunModel)" time="0.011" />
  <testcase classname="ptolemy.util.test.junit.AutoTests" name="[267] /home/travis/build/icyphy/ptII/ptolemy/actor/lib/test/auto/PublisherPort7.xml (RunModel)" time="0.014" />
  <testcase classname="ptolemy.util.test.junit.AutoTests" name="[268] /home/travis/build/icyphy/ptII/ptolemy/actor/lib/test/auto/PublisherPort8.xml (RunModel)" time="0.015" />
  <testcase classname="ptolemy.util.test.junit.AutoTests" name="[269] /home/travis/build/icyphy/ptII/ptolemy/actor/lib/test/auto/PublisherPortSubscriberChannelVariablesAOC2.xml (RunModel)" time="0.038" />
  <testcase classname="ptolemy.util.test.junit.AutoTests" name="[270] /home/travis/build/icyphy/ptII/ptolemy/actor/lib/test/auto/PublisherPortSubscriberOpaqueWidthInference.xml (RunModel)" time="0.014" />
  <testcase classname="ptolemy.util.test.junit.AutoTests" name="[271] /home/travis/build/icyphy/ptII/ptolemy/actor/lib/test/auto/PublisherPortSubscriberPortAdjacent.xml (RunModel)" time="0.016" />
  <testcase classname="ptolemy.util.test.junit.AutoTests" name="[272] /home/travis/build/icyphy/ptII/ptolemy/actor/lib/test/auto/PublisherPortSubscriberPortExpression.xml (RunModel)" time="0.021" />
  <testcase classname="ptolemy.util.test.junit.AutoTests" name="[273] /home/travis/build/icyphy/ptII/ptolemy/actor/lib/test/auto/PublisherPortSubscriberPortOpaqueD3Reverse.xml (RunModel)" time="0.02" />
  <testcase classname="ptolemy.util.test.junit.AutoTests" name="[274] /home/travis/build/icyphy/ptII/ptolemy/actor/lib/test/auto/PublisherPortSubscriberPortOpaqueWidthInference.xml (RunModel)" time="0.013" />
  <testcase classname="ptolemy.util.test.junit.AutoTests" name="[275] /home/travis/build/icyphy/ptII/ptolemy/actor/lib/test/auto/PublisherPortToplevelSubscriberPortAOC.xml (RunModel)" time="0.01" />
  <testcase classname="ptolemy.util.test.junit.AutoTests" name="[276] /home/travis/build/icyphy/ptII/ptolemy/actor/lib/test/auto/PublisherSubscriber.xml (RunModel)" time="0.013" />
  <testcase classname="ptolemy.util.test.junit.AutoTests" name="[277] /home/travis/build/icyphy/ptII/ptolemy/actor/lib/test/auto/PublisherSubscriber10.xml (RunModel)" time="0.019" />
  <testcase classname="ptolemy.util.test.junit.AutoTests" name="[278] /home/travis/build/icyphy/ptII/ptolemy/actor/lib/test/auto/PublisherSubscriber10InitialOutputs.xml (RunModel)" time="0.028" />
  <testcase classname="ptolemy.util.test.junit.AutoTests" name="[279] /home/travis/build/icyphy/ptII/ptolemy/actor/lib/test/auto/PublisherSubscriber11.xml (RunModel)" time="0.019" />
  <testcase classname="ptolemy.util.test.junit.AutoTests" name="[280] /home/travis/build/icyphy/ptII/ptolemy/actor/lib/test/auto/PublisherSubscriber12.xml (RunModel)" time="0.023" />
  <testcase classname="ptolemy.util.test.junit.AutoTests" name="[281] /home/travis/build/icyphy/ptII/ptolemy/actor/lib/test/auto/PublisherSubscriber13.xml (RunModel)" time="0.009" />
  <testcase classname="ptolemy.util.test.junit.AutoTests" name="[282] /home/travis/build/icyphy/ptII/ptolemy/actor/lib/test/auto/PublisherSubscriber14.xml (RunModel)" time="0.028" />
  <testcase classname="ptolemy.util.test.junit.AutoTests" name="[283] /home/travis/build/icyphy/ptII/ptolemy/actor/lib/test/auto/PublisherSubscriber2.xml (RunModel)" time="0.011" />
  <testcase classname="ptolemy.util.test.junit.AutoTests" name="[284] /home/travis/build/icyphy/ptII/ptolemy/actor/lib/test/auto/PublisherSubscriber3.xml (RunModel)" time="0.009" />
  <testcase classname="ptolemy.util.test.junit.AutoTests" name="[285] /home/travis/build/icyphy/ptII/ptolemy/actor/lib/test/auto/PublisherSubscriber4.xml (RunModel)" time="0.008" />
  <testcase classname="ptolemy.util.test.junit.AutoTests" name="[286] /home/travis/build/icyphy/ptII/ptolemy/actor/lib/test/auto/PublisherSubscriber5.xml (RunModel)" time="0.011" />
  <testcase classname="ptolemy.util.test.junit.AutoTests" name="[287] /home/travis/build/icyphy/ptII/ptolemy/actor/lib/test/auto/PublisherSubscriber6.xml (RunModel)" time="0.013" />
  <testcase classname="ptolemy.util.test.junit.AutoTests" name="[288] /home/travis/build/icyphy/ptII/ptolemy/actor/lib/test/auto/PublisherSubscriber7.xml (RunModel)" time="0.017" />
  <testcase classname="ptolemy.util.test.junit.AutoTests" name="[289] /home/travis/build/icyphy/ptII/ptolemy/actor/lib/test/auto/PublisherSubscriber8.xml (RunModel)" time="0.035" />
  <testcase classname="ptolemy.util.test.junit.AutoTests" name="[290] /home/travis/build/icyphy/ptII/ptolemy/actor/lib/test/auto/PublisherSubscriber9.xml (RunModel)" time="0.017" />
  <testcase classname="ptolemy.util.test.junit.AutoTests" name="[291] /home/travis/build/icyphy/ptII/ptolemy/actor/lib/test/auto/PublisherSubscriberAdjacent.xml (RunModel)" time="0.014" />
  <testcase classname="ptolemy.util.test.junit.AutoTests" name="[292] /home/travis/build/icyphy/ptII/ptolemy/actor/lib/test/auto/PublisherSubscriberChannelVariablesAOC2.xml (RunModel)" time="0.026" />
  <testcase classname="ptolemy.util.test.junit.AutoTests" name="[293] /home/travis/build/icyphy/ptII/ptolemy/actor/lib/test/auto/PublisherSubscriberD3.xml (RunModel)" time="0.012" />
  <testcase classname="ptolemy.util.test.junit.AutoTests" name="[294] /home/travis/build/icyphy/ptII/ptolemy/actor/lib/test/auto/PublisherSubscriberD3Reverse.xml (RunModel)" time="0.009" />
  <testcase classname="ptolemy.util.test.junit.AutoTests" name="[295] /home/travis/build/icyphy/ptII/ptolemy/actor/lib/test/auto/PublisherSubscriberExpression.xml (RunModel)" time="0.016" />
  <testcase classname="ptolemy.util.test.junit.AutoTests" name="[296] /home/travis/build/icyphy/ptII/ptolemy/actor/lib/test/auto/PublisherSubscriberOpaque.xml (RunModel)" time="0.014" />
  <testcase classname="ptolemy.util.test.junit.AutoTests" name="[297] /home/travis/build/icyphy/ptII/ptolemy/actor/lib/test/auto/PublisherSubscriberOpaqueD3.xml (RunModel)" time="0.019" />
  <testcase classname="ptolemy.util.test.junit.AutoTests" name="[298] /home/travis/build/icyphy/ptII/ptolemy/actor/lib/test/auto/PublisherSubscriberOpaqueD3Reverse.xml (RunModel)" time="0.019" />
  <testcase classname="ptolemy.util.test.junit.AutoTests" name="[299] /home/travis/build/icyphy/ptII/ptolemy/actor/lib/test/auto/PublisherSubscriberOpaqueWidthInference.xml (RunModel)" time="0.015" />
  <testcase classname="ptolemy.util.test.junit.AutoTests" name="[300] /home/travis/build/icyphy/ptII/ptolemy/actor/lib/test/auto/PublisherTestSubscriber.xml (RunModel)" time="0.018" />
  <testcase classname="ptolemy.util.test.junit.AutoTests" name="[301] /home/travis/build/icyphy/ptII/ptolemy/actor/lib/test/auto/PublisherToplevelSubscriberPortAOC.xml (RunModel)" time="0.012" />
  <testcase classname="ptolemy.util.test.junit.AutoTests" name="[302] /home/travis/build/icyphy/ptII/ptolemy/actor/lib/test/auto/PulseFiringLimitDE.xml (RunModel)" time="0.013" />
  <testcase classname="ptolemy.util.test.junit.AutoTests" name="[303] /home/travis/build/icyphy/ptII/ptolemy/actor/lib/test/auto/Ramp1.xml (RunModel)" time="0.006" />
  <testcase classname="ptolemy.util.test.junit.AutoTests" name="[304] /home/travis/build/icyphy/ptII/ptolemy/actor/lib/test/auto/RampFiringLimitDE.xml (RunModel)" time="0.01" />
  <testcase classname="ptolemy.util.test.junit.AutoTests" name="[305] /home/travis/build/icyphy/ptII/ptolemy/actor/lib/test/auto/RampFiringLimitSDF.xml (RunModel)" time="0.01" />
  <testcase classname="ptolemy.util.test.junit.AutoTests" name="[306] /home/travis/build/icyphy/ptII/ptolemy/actor/lib/test/auto/RandomInteger.xml (RunModel)" time="0.008" />
  <testcase classname="ptolemy.util.test.junit.AutoTests" name="[307] /home/travis/build/icyphy/ptII/ptolemy/actor/lib/test/auto/ReadFile1.xml (RunModel)" time="0.007" />
  <testcase classname="ptolemy.util.test.junit.AutoTests" name="[308] /home/travis/build/icyphy/ptII/ptolemy/actor/lib/test/auto/ReadFile2.xml (RunModel)" time="0.007" />
  <testcase classname="ptolemy.util.test.junit.AutoTests" name="[309] /home/travis/build/icyphy/ptII/ptolemy/actor/lib/test/auto/Reader.xml (RunModel)" time="0.011" />
  <testcase classname="ptolemy.util.test.junit.AutoTests" name="[310] /home/travis/build/icyphy/ptII/ptolemy/actor/lib/test/auto/RecordAssemblerDisplayNameTest.xml (RunModel)" time="3.111" />
  <testcase classname="ptolemy.util.test.junit.AutoTests" name="[311] /home/travis/build/icyphy/ptII/ptolemy/actor/lib/test/auto/RecordAssemblerTypeError.xml (RunModel)" time="0.053" />
  <testcase classname="ptolemy.util.test.junit.AutoTests" name="[312] /home/travis/build/icyphy/ptII/ptolemy/actor/lib/test/auto/RecordDisassember.xml (RunModel)" time="0.017" />
  <testcase classname="ptolemy.util.test.junit.AutoTests" name="[313] /home/travis/build/icyphy/ptII/ptolemy/actor/lib/test/auto/RecordDisassemberDisplayNameTest.xml (RunModel)" time="0.025" />
  <testcase classname="ptolemy.util.test.junit.AutoTests" name="[314] /home/travis/build/icyphy/ptII/ptolemy/actor/lib/test/auto/RecordDisassembler.xml (RunModel)" time="0.012" />
  <testcase classname="ptolemy.util.test.junit.AutoTests" name="[315] /home/travis/build/icyphy/ptII/ptolemy/actor/lib/test/auto/RecordDisassembler2.xml (RunModel)" time="0.009" />
  <testcase classname="ptolemy.util.test.junit.AutoTests" name="[316] /home/travis/build/icyphy/ptII/ptolemy/actor/lib/test/auto/RecordUpdater.xml (RunModel)" time="0.008" />
  <testcase classname="ptolemy.util.test.junit.AutoTests" name="[317] /home/travis/build/icyphy/ptII/ptolemy/actor/lib/test/auto/RecordUpdater2.xml (RunModel)" time="0.013" />
  <testcase classname="ptolemy.util.test.junit.AutoTests" name="[318] /home/travis/build/icyphy/ptII/ptolemy/actor/lib/test/auto/RecursiveLattice.xml (RunModel)" time="0.008" />
  <testcase classname="ptolemy.util.test.junit.AutoTests" name="[319] /home/travis/build/icyphy/ptII/ptolemy/actor/lib/test/auto/Router.xml (RunModel)" time="3.024" />
  <testcase classname="ptolemy.util.test.junit.AutoTests" name="[320] /home/travis/build/icyphy/ptII/ptolemy/actor/lib/test/auto/Router2.xml (RunModel)" time="3.026" />
  <testcase classname="ptolemy.util.test.junit.AutoTests" name="[321] /home/travis/build/icyphy/ptII/ptolemy/actor/lib/test/auto/RunningMaximum.xml (RunModel)" time="0.015" />
  <testcase classname="ptolemy.util.test.junit.AutoTests" name="[322] /home/travis/build/icyphy/ptII/ptolemy/actor/lib/test/auto/RunningMinimum.xml (RunModel)" time="0.043" />
  <testcase classname="ptolemy.util.test.junit.AutoTests" name="[323] /home/travis/build/icyphy/ptII/ptolemy/actor/lib/test/auto/Scale.xml (RunModel)" time="0.013" />
  <testcase classname="ptolemy.util.test.junit.AutoTests" name="[324] /home/travis/build/icyphy/ptII/ptolemy/actor/lib/test/auto/Scale2.xml (RunModel)" time="0.028" />
  <testcase classname="ptolemy.util.test.junit.AutoTests" name="[325] /home/travis/build/icyphy/ptII/ptolemy/actor/lib/test/auto/Scale3.xml (RunModel)" time="0.02" />
  <testcase classname="ptolemy.util.test.junit.AutoTests" name="[326] /home/travis/build/icyphy/ptII/ptolemy/actor/lib/test/auto/ScaleArray.xml (RunModel)" time="0.015" />
  <testcase classname="ptolemy.util.test.junit.AutoTests" name="[327] /home/travis/build/icyphy/ptII/ptolemy/actor/lib/test/auto/ScaleArray2.xml (RunModel)" time="0.007" />
  <testcase classname="ptolemy.util.test.junit.AutoTests" name="[328] /home/travis/build/icyphy/ptII/ptolemy/actor/lib/test/auto/ScaleMatrix.xml (RunModel)" time="0.093" />
  <testcase classname="ptolemy.util.test.junit.AutoTests" name="[329] /home/travis/build/icyphy/ptII/ptolemy/actor/lib/test/auto/Select.xml (RunModel)" time="0.021" />
  <testcase classname="ptolemy.util.test.junit.AutoTests" name="[330] /home/travis/build/icyphy/ptII/ptolemy/actor/lib/test/auto/Select2.xml (RunModel)" time="0.007" />
  <testcase classname="ptolemy.util.test.junit.AutoTests" name="[331] /home/travis/build/icyphy/ptII/ptolemy/actor/lib/test/auto/SequenceToArray2.xml (RunModel)" time="0.135" />
  <testcase classname="ptolemy.util.test.junit.AutoTests" name="[332] /home/travis/build/icyphy/ptII/ptolemy/actor/lib/test/auto/SequentialClock.xml (RunModel)" time="0.012" />
  <testcase classname="ptolemy.util.test.junit.AutoTests" name="[333] /home/travis/build/icyphy/ptII/ptolemy/actor/lib/test/auto/SetVariable.xml (RunModel)" time="0.015" />
  <testcase classname="ptolemy.util.test.junit.AutoTests" name="[334] /home/travis/build/icyphy/ptII/ptolemy/actor/lib/test/auto/SetVariable2.xml (RunModel)" time="0.01" />
  <testcase classname="ptolemy.util.test.junit.AutoTests" name="[335] /home/travis/build/icyphy/ptII/ptolemy/actor/lib/test/auto/SetVariable3.xml (RunModel)" time="0.013" />
  <testcase classname="ptolemy.util.test.junit.AutoTests" name="[336] /home/travis/build/icyphy/ptII/ptolemy/actor/lib/test/auto/SetVariable4.xml (RunModel)" time="0.027" />
  <testcase classname="ptolemy.util.test.junit.AutoTests" name="[337] /home/travis/build/icyphy/ptII/ptolemy/actor/lib/test/auto/SetVariable5.xml (RunModel)" time="0.035" />
  <testcase classname="ptolemy.util.test.junit.AutoTests" name="[338] /home/travis/build/icyphy/ptII/ptolemy/actor/lib/test/auto/Sinewave.xml (RunModel)" time="0.021" />
  <testcase classname="ptolemy.util.test.junit.AutoTests" name="[339] /home/travis/build/icyphy/ptII/ptolemy/actor/lib/test/auto/Sinewave2.xml (RunModel)" time="0.015" />
  <testcase classname="ptolemy.util.test.junit.AutoTests" name="[340] /home/travis/build/icyphy/ptII/ptolemy/actor/lib/test/auto/Sinewave3.xml (RunModel)" time="0.02" />
  <testcase classname="ptolemy.util.test.junit.AutoTests" name="[341] /home/travis/build/icyphy/ptII/ptolemy/actor/lib/test/auto/SingleEvent.xml (RunModel)" time="0.006" />
  <testcase classname="ptolemy.util.test.junit.AutoTests" name="[342] /home/travis/build/icyphy/ptII/ptolemy/actor/lib/test/auto/Sleep.xml (RunModel)" time="6.018" />
  <testcase classname="ptolemy.util.test.junit.AutoTests" name="[343] /home/travis/build/icyphy/ptII/ptolemy/actor/lib/test/auto/SleepMultipleFire.xml (RunModel)" time="1.026" />
  <testcase classname="ptolemy.util.test.junit.AutoTests" name="[344] /home/travis/build/icyphy/ptII/ptolemy/actor/lib/test/auto/StopDE.xml (RunModel)" time="0.014" />
  <testcase classname="ptolemy.util.test.junit.AutoTests" name="[345] /home/travis/build/icyphy/ptII/ptolemy/actor/lib/test/auto/StopSDF.xml (RunModel)" time="0.011" />
  <testcase classname="ptolemy.util.test.junit.AutoTests" name="[346] /home/travis/build/icyphy/ptII/ptolemy/actor/lib/test/auto/StringConstant.xml (RunModel)" time="0.021" />
  <testcase classname="ptolemy.util.test.junit.AutoTests" name="[347] /home/travis/build/icyphy/ptII/ptolemy/actor/lib/test/auto/SubscriberPortInitialValues1.xml (RunModel)" time="0.023" />
  <testcase classname="ptolemy.util.test.junit.AutoTests" name="[348] /home/travis/build/icyphy/ptII/ptolemy/actor/lib/test/auto/SubscriberPortInitialValues13.xml (RunModel)" time="0.033" />
  <testcase classname="ptolemy.util.test.junit.AutoTests" name="[349] /home/travis/build/icyphy/ptII/ptolemy/actor/lib/test/auto/SubscriberPortInitialValues14.xml (RunModel)" time="0.013" />
  <testcase classname="ptolemy.util.test.junit.AutoTests" name="[350] /home/travis/build/icyphy/ptII/ptolemy/actor/lib/test/auto/SubscriberPortInitialValues2.xml (RunModel)" time="0.013" />
  <testcase classname="ptolemy.util.test.junit.AutoTests" name="[351] /home/travis/build/icyphy/ptII/ptolemy/actor/lib/test/auto/SubscriberPortInitialValues3.xml (RunModel)" time="0.018" />
  <testcase classname="ptolemy.util.test.junit.AutoTests" name="[352] /home/travis/build/icyphy/ptII/ptolemy/actor/lib/test/auto/SubscriptionAggregator.xml (RunModel)" time="0.01" />
  <testcase classname="ptolemy.util.test.junit.AutoTests" name="[353] /home/travis/build/icyphy/ptII/ptolemy/actor/lib/test/auto/SubscriptionAggregator2.xml (RunModel)" time="0.01" />
  <testcase classname="ptolemy.util.test.junit.AutoTests" name="[354] /home/travis/build/icyphy/ptII/ptolemy/actor/lib/test/auto/SubscriptionAggregator3.xml (RunModel)" time="0.017" />
  <testcase classname="ptolemy.util.test.junit.AutoTests" name="[355] /home/travis/build/icyphy/ptII/ptolemy/actor/lib/test/auto/SubscriptionAggregatorMultiply.xml (RunModel)" time="0.023" />
  <testcase classname="ptolemy.util.test.junit.AutoTests" name="[356] /home/travis/build/icyphy/ptII/ptolemy/actor/lib/test/auto/SubscriptionAggregatorPortMultiply1.xml (RunModel)" time="0.012" />
  <testcase classname="ptolemy.util.test.junit.AutoTests" name="[357] /home/travis/build/icyphy/ptII/ptolemy/actor/lib/test/auto/Switch.xml (RunModel)" time="0.015" />
  <testcase classname="ptolemy.util.test.junit.AutoTests" name="[358] /home/travis/build/icyphy/ptII/ptolemy/actor/lib/test/auto/Switch2.xml (RunModel)" time="0.012" />
  <testcase classname="ptolemy.util.test.junit.AutoTests" name="[359] /home/travis/build/icyphy/ptII/ptolemy/actor/lib/test/auto/SwitchDE.xml (RunModel)" time="0.013" />
  <testcase classname="ptolemy.util.test.junit.AutoTests" name="[360] /home/travis/build/icyphy/ptII/ptolemy/actor/lib/test/auto/SynchronizerDE.xml (RunModel)" time="0.019" />
  <testcase classname="ptolemy.util.test.junit.AutoTests" name="[361] /home/travis/build/icyphy/ptII/ptolemy/actor/lib/test/auto/Test.xml (RunModel)" time="0.008" />
  <testcase classname="ptolemy.util.test.junit.AutoTests" name="[362] /home/travis/build/icyphy/ptII/ptolemy/actor/lib/test/auto/TestExceptionAttribute1.xml (RunModel)" time="0.007" />
  <testcase classname="ptolemy.util.test.junit.AutoTests" name="[363] /home/travis/build/icyphy/ptII/ptolemy/actor/lib/test/auto/TestExceptionAttribute2.xml (RunModel)" time="0.011" />
  <testcase classname="ptolemy.util.test.junit.AutoTests" name="[364] /home/travis/build/icyphy/ptII/ptolemy/actor/lib/test/auto/TestExceptionAttribute3.xml (RunModel)" time="0.01" />
  <testcase classname="ptolemy.util.test.junit.AutoTests" name="[365] /home/travis/build/icyphy/ptII/ptolemy/actor/lib/test/auto/TestExceptionAttribute4.xml (RunModel)" time="0.006" />
  <testcase classname="ptolemy.util.test.junit.AutoTests" name="[366] /home/travis/build/icyphy/ptII/ptolemy/actor/lib/test/auto/TestExceptionHandler1.xml (RunModel)" time="0.007" />
  <testcase classname="ptolemy.util.test.junit.AutoTests" name="[367] /home/travis/build/icyphy/ptII/ptolemy/actor/lib/test/auto/TestExceptionHandler2.xml (RunModel)" time="0.009" />
  <testcase classname="ptolemy.util.test.junit.AutoTests" name="[368] /home/travis/build/icyphy/ptII/ptolemy/actor/lib/test/auto/TestExceptionHandler3.xml (RunModel)" time="0.005" />
  <testcase classname="ptolemy.util.test.junit.AutoTests" name="[369] /home/travis/build/icyphy/ptII/ptolemy/actor/lib/test/auto/TestExceptionHandler4.xml (RunModel)" time="0.006" />
  <testcase classname="ptolemy.util.test.junit.AutoTests" name="[370] /home/travis/build/icyphy/ptII/ptolemy/actor/lib/test/auto/TestRequireCorrectOrder.xml (RunModel)" time="0.012" />
  <testcase classname="ptolemy.util.test.junit.AutoTests" name="[371] /home/travis/build/icyphy/ptII/ptolemy/actor/lib/test/auto/TestSimple.xml (RunModel)" time="0.006" />
  <testcase classname="ptolemy.util.test.junit.AutoTests" name="[372] /home/travis/build/icyphy/ptII/ptolemy/actor/lib/test/auto/ThrowModelError.xml (RunModel)" time="0.01" />
  <testcase classname="ptolemy.util.test.junit.AutoTests" name="[373] /home/travis/build/icyphy/ptII/ptolemy/actor/lib/test/auto/TimeDelayMicrosteps.xml (RunModel)" time="0.014" />
  <testcase classname="ptolemy.util.test.junit.AutoTests" name="[374] /home/travis/build/icyphy/ptII/ptolemy/actor/lib/test/auto/TimeDelayMicrosteps2.xml (RunModel)" time="0.016" />
  <testcase classname="ptolemy.util.test.junit.AutoTests" name="[375] /home/travis/build/icyphy/ptII/ptolemy/actor/lib/test/auto/TimeDelayMicrosteps3.xml (RunModel)" time="0.013" />
  <testcase classname="ptolemy.util.test.junit.AutoTests" name="[376] /home/travis/build/icyphy/ptII/ptolemy/actor/lib/test/auto/TimeDelayVariableMicrosteps.xml (RunModel)" time="0.012" />
  <testcase classname="ptolemy.util.test.junit.AutoTests" name="[377] /home/travis/build/icyphy/ptII/ptolemy/actor/lib/test/auto/TimeGap.xml (RunModel)" time="0.018" />
  <testcase classname="ptolemy.util.test.junit.AutoTests" name="[378] /home/travis/build/icyphy/ptII/ptolemy/actor/lib/test/auto/TimeGap2.xml (RunModel)" time="0.01" />
  <testcase classname="ptolemy.util.test.junit.AutoTests" name="[379] /home/travis/build/icyphy/ptII/ptolemy/actor/lib/test/auto/TimedSinewave.xml (RunModel)" time="0.05" />
  <testcase classname="ptolemy.util.test.junit.AutoTests" name="[380] /home/travis/build/icyphy/ptII/ptolemy/actor/lib/test/auto/TimedSinewavePhase.xml (RunModel)" time="0.037" />
  <testcase classname="ptolemy.util.test.junit.AutoTests" name="[381] /home/travis/build/icyphy/ptII/ptolemy/actor/lib/test/auto/Timer.xml (RunModel)" time="0.015" />
  <testcase classname="ptolemy.util.test.junit.AutoTests" name="[382] /home/travis/build/icyphy/ptII/ptolemy/actor/lib/test/auto/TriangularDistTestModel.xml (RunModel)" time="0.015" />
  <testcase classname="ptolemy.util.test.junit.AutoTests" name="[383] /home/travis/build/icyphy/ptII/ptolemy/actor/lib/test/auto/TrigFunction.xml (RunModel)" time="0.007" />
  <testcase classname="ptolemy.util.test.junit.AutoTests" name="[384] /home/travis/build/icyphy/ptII/ptolemy/actor/lib/test/auto/TrigFunctionDE.xml (RunModel)" time="0.009" />
  <testcase classname="ptolemy.util.test.junit.AutoTests" name="[385] /home/travis/build/icyphy/ptII/ptolemy/actor/lib/test/auto/TrigFunctionInverse.xml (RunModel)" time="0.009" />
  <testcase classname="ptolemy.util.test.junit.AutoTests" name="[386] /home/travis/build/icyphy/ptII/ptolemy/actor/lib/test/auto/TrigFunctionTan.xml (RunModel)" time="0.006" />
  <testcase classname="ptolemy.util.test.junit.AutoTests" name="[387] /home/travis/build/icyphy/ptII/ptolemy/actor/lib/test/auto/TriggeredClock.xml (RunModel)" time="0.008" />
  <testcase classname="ptolemy.util.test.junit.AutoTests" name="[388] /home/travis/build/icyphy/ptII/ptolemy/actor/lib/test/auto/URLDirectoryReader.xml (RunModel)" time="0.111" />
  <testcase classname="ptolemy.util.test.junit.AutoTests" name="[389] /home/travis/build/icyphy/ptII/ptolemy/actor/lib/test/auto/URLDirectoryReader3.xml (RunModel)" time="1.492" />
  <testcase classname="ptolemy.util.test.junit.AutoTests" name="[390] /home/travis/build/icyphy/ptII/ptolemy/actor/lib/test/auto/UnaryMathFunction.xml (RunModel)" time="0.027" />
  <testcase classname="ptolemy.util.test.junit.AutoTests" name="[391] /home/travis/build/icyphy/ptII/ptolemy/actor/lib/test/auto/Uniform.xml (RunModel)" time="0.01" />
  <testcase classname="ptolemy.util.test.junit.AutoTests" name="[392] /home/travis/build/icyphy/ptII/ptolemy/actor/lib/test/auto/UnionDisassemblerTest.xml (RunModel)" time="0.015" />
  <testcase classname="ptolemy.util.test.junit.AutoTests" name="[393] /home/travis/build/icyphy/ptII/ptolemy/actor/lib/test/auto/UtilityFunctions.xml (RunModel)" time="0.007" />
  <testcase classname="ptolemy.util.test.junit.AutoTests" name="[394] /home/travis/build/icyphy/ptII/ptolemy/actor/lib/test/auto/VariableSleep.xml (RunModel)" time="0.51" />
  <testcase classname="ptolemy.util.test.junit.AutoTests" name="[395] /home/travis/build/icyphy/ptII/ptolemy/actor/lib/test/auto/VectorAssemblerDisassemblerCT.xml (RunModel)" time="0.08" />
  <testcase classname="ptolemy.util.test.junit.AutoTests" name="[396] /home/travis/build/icyphy/ptII/ptolemy/actor/lib/test/auto/VectorAssemblerDisassemblerDE.xml (RunModel)" time="0.018" />
  <testcase classname="ptolemy.util.test.junit.AutoTests" name="[397] /home/travis/build/icyphy/ptII/ptolemy/actor/lib/test/auto/VectorAssemblerDisassemblerSDF.xml (RunModel)" time="0.011" />
  <testcase classname="ptolemy.util.test.junit.AutoTests" name="[398] /home/travis/build/icyphy/ptII/ptolemy/actor/lib/test/auto/WallClockTime.xml (RunModel)" time="1.01" />
  <testcase classname="ptolemy.util.test.junit.AutoTests" name="[399] /home/travis/build/icyphy/ptII/ptolemy/actor/lib/test/auto/WidthTestWithSubscriberPublisher.xml (RunModel)" time="0.033" />
  <testcase classname="ptolemy.util.test.junit.AutoTests" name="[400] /home/travis/build/icyphy/ptII/ptolemy/actor/lib/test/auto/WidthTestWithSubscriberPublisher2.xml (RunModel)" time="0.013" />
  <testcase classname="ptolemy.util.test.junit.AutoTests" name="[401] /home/travis/build/icyphy/ptII/ptolemy/actor/lib/test/auto/WidthTestWithSubscriberPublisher3.xml (RunModel)" time="0.009" />
  <testcase classname="ptolemy.util.test.junit.AutoTests" name="[402] /home/travis/build/icyphy/ptII/ptolemy/actor/lib/test/auto/Writer.xml (RunModel)" time="0.007" />
  <testcase classname="ptolemy.util.test.junit.AutoTests" name="[403] /home/travis/build/icyphy/ptII/ptolemy/actor/lib/test/auto/array.xml (RunModel)" time="0.018" />
  <testcase classname="ptolemy.util.test.junit.AutoTests" name="[404] /home/travis/build/icyphy/ptII/ptolemy/actor/lib/test/auto/array2.xml (RunModel)" time="0.009" />
  <testcase classname="ptolemy.util.test.junit.AutoTests" name="[405] /home/travis/build/icyphy/ptII/ptolemy/actor/lib/test/auto/arrayType.xml (RunModel)" time="0.008" />
  <testcase classname="ptolemy.util.test.junit.AutoTests" name="[406] /home/travis/build/icyphy/ptII/ptolemy/actor/lib/test/auto/arrayType10.xml (RunModel)" time="0.007" />
  <testcase classname="ptolemy.util.test.junit.AutoTests" name="[407] /home/travis/build/icyphy/ptII/ptolemy/actor/lib/test/auto/arrayType11.xml (RunModel)" time="0.007" />
  <testcase classname="ptolemy.util.test.junit.AutoTests" name="[408] /home/travis/build/icyphy/ptII/ptolemy/actor/lib/test/auto/arrayType12.xml (RunModel)" time="0.007" />
  <testcase classname="ptolemy.util.test.junit.AutoTests" name="[409] /home/travis/build/icyphy/ptII/ptolemy/actor/lib/test/auto/arrayType13.xml (RunModel)" time="0.009" />
  <testcase classname="ptolemy.util.test.junit.AutoTests" name="[410] /home/travis/build/icyphy/ptII/ptolemy/actor/lib/test/auto/arrayType14.xml (RunModel)" time="0.011" />
  <testcase classname="ptolemy.util.test.junit.AutoTests" name="[411] /home/travis/build/icyphy/ptII/ptolemy/actor/lib/test/auto/arrayType15.xml (RunModel)" time="0.009" />
  <testcase classname="ptolemy.util.test.junit.AutoTests" name="[412] /home/travis/build/icyphy/ptII/ptolemy/actor/lib/test/auto/arrayType16.xml (RunModel)" time="0.007" />
  <testcase classname="ptolemy.util.test.junit.AutoTests" name="[413] /home/travis/build/icyphy/ptII/ptolemy/actor/lib/test/auto/arrayType17.xml (RunModel)" time="0.007" />
  <testcase classname="ptolemy.util.test.junit.AutoTests" name="[414] /home/travis/build/icyphy/ptII/ptolemy/actor/lib/test/auto/arrayType18.xml (RunModel)" time="0.006" />
  <testcase classname="ptolemy.util.test.junit.AutoTests" name="[415] /home/travis/build/icyphy/ptII/ptolemy/actor/lib/test/auto/arrayType19.xml (RunModel)" time="0.006" />
  <testcase classname="ptolemy.util.test.junit.AutoTests" name="[416] /home/travis/build/icyphy/ptII/ptolemy/actor/lib/test/auto/arrayType2.xml (RunModel)" time="0.008" />
  <testcase classname="ptolemy.util.test.junit.AutoTests" name="[417] /home/travis/build/icyphy/ptII/ptolemy/actor/lib/test/auto/arrayType20.xml (RunModel)" time="0.008" />
  <testcase classname="ptolemy.util.test.junit.AutoTests" name="[418] /home/travis/build/icyphy/ptII/ptolemy/actor/lib/test/auto/arrayType21.xml (RunModel)" time="0.007" />
  <testcase classname="ptolemy.util.test.junit.AutoTests" name="[419] /home/travis/build/icyphy/ptII/ptolemy/actor/lib/test/auto/arrayType22.xml (RunModel)" time="0.009" />
  <testcase classname="ptolemy.util.test.junit.AutoTests" name="[420] /home/travis/build/icyphy/ptII/ptolemy/actor/lib/test/auto/arrayType23.xml (RunModel)" time="0.009" />
  <testcase classname="ptolemy.util.test.junit.AutoTests" name="[421] /home/travis/build/icyphy/ptII/ptolemy/actor/lib/test/auto/arrayType24.xml (RunModel)" time="0.008" />
  <testcase classname="ptolemy.util.test.junit.AutoTests" name="[422] /home/travis/build/icyphy/ptII/ptolemy/actor/lib/test/auto/arrayType25.xml (RunModel)" time="0.007" />
  <testcase classname="ptolemy.util.test.junit.AutoTests" name="[423] /home/travis/build/icyphy/ptII/ptolemy/actor/lib/test/auto/arrayType26.xml (RunModel)" time="0.007" />
  <testcase classname="ptolemy.util.test.junit.AutoTests" name="[424] /home/travis/build/icyphy/ptII/ptolemy/actor/lib/test/auto/arrayType27.xml (RunModel)" time="0.008" />
  <testcase classname="ptolemy.util.test.junit.AutoTests" name="[425] /home/travis/build/icyphy/ptII/ptolemy/actor/lib/test/auto/arrayType28.xml (RunModel)" time="0.015" />
  <testcase classname="ptolemy.util.test.junit.AutoTests" name="[426] /home/travis/build/icyphy/ptII/ptolemy/actor/lib/test/auto/arrayType3.xml (RunModel)" time="0.008" />
  <testcase classname="ptolemy.util.test.junit.AutoTests" name="[427] /home/travis/build/icyphy/ptII/ptolemy/actor/lib/test/auto/arrayType4.xml (RunModel)" time="0.007" />
  <testcase classname="ptolemy.util.test.junit.AutoTests" name="[428] /home/travis/build/icyphy/ptII/ptolemy/actor/lib/test/auto/arrayType5.xml (RunModel)" time="0.015" />
  <testcase classname="ptolemy.util.test.junit.AutoTests" name="[429] /home/travis/build/icyphy/ptII/ptolemy/actor/lib/test/auto/arrayType6.xml (RunModel)" time="0.007" />
  <testcase classname="ptolemy.util.test.junit.AutoTests" name="[430] /home/travis/build/icyphy/ptII/ptolemy/actor/lib/test/auto/arrayType7.xml (RunModel)" time="0.017" />
  <testcase classname="ptolemy.util.test.junit.AutoTests" name="[431] /home/travis/build/icyphy/ptII/ptolemy/actor/lib/test/auto/arrayType8.xml (RunModel)" time="0.008" />
  <testcase classname="ptolemy.util.test.junit.AutoTests" name="[432] /home/travis/build/icyphy/ptII/ptolemy/actor/lib/test/auto/arrayType9.xml (RunModel)" time="0.007" />
  <testcase classname="ptolemy.util.test.junit.AutoTests" name="[433] /home/travis/build/icyphy/ptII/ptolemy/actor/lib/test/auto/cast.xml (RunModel)" time="0.007" />
  <testcase classname="ptolemy.util.test.junit.AutoTests" name="[434] /home/travis/build/icyphy/ptII/ptolemy/actor/lib/test/auto/compositeMultiPort.xml (RunModel)" time="0.015" />
  <testcase classname="ptolemy.util.test.junit.AutoTests" name="[435] /home/travis/build/icyphy/ptII/ptolemy/actor/lib/test/auto/expressionCastInference.xml (RunModel)" time="0.009" />
  <testcase classname="ptolemy.util.test.junit.AutoTests" name="[436] /home/travis/build/icyphy/ptII/ptolemy/actor/lib/test/auto/expressionCastInference2.xml (RunModel)" time="0.007" />
  <testcase classname="ptolemy.util.test.junit.AutoTests" name="[437] /home/travis/build/icyphy/ptII/ptolemy/actor/lib/test/auto/expressionInference.xml (RunModel)" time="0.006" />
  <testcase classname="ptolemy.util.test.junit.AutoTests" name="[438] /home/travis/build/icyphy/ptII/ptolemy/actor/lib/test/auto/expression_bug.xml (RunModel)" time="0.006" />
  <testcase classname="ptolemy.util.test.junit.AutoTests" name="[439] /home/travis/build/icyphy/ptII/ptolemy/actor/lib/test/auto/factorial.xml (RunModel)" time="0.045" />
  <testcase classname="ptolemy.util.test.junit.AutoTests" name="[440] /home/travis/build/icyphy/ptII/ptolemy/actor/lib/test/auto/filterTest1.xml (RunModel)" time="0.015" />
  <testcase classname="ptolemy.util.test.junit.AutoTests" name="[441] /home/travis/build/icyphy/ptII/ptolemy/actor/lib/test/auto/funcApplyInConst.xml (RunModel)" time="0.005" />
  <testcase classname="ptolemy.util.test.junit.AutoTests" name="[442] /home/travis/build/icyphy/ptII/ptolemy/actor/lib/test/auto/funcApplyInExpr.xml (RunModel)" time="0.005" />
  <testcase classname="ptolemy.util.test.junit.AutoTests" name="[443] /home/travis/build/icyphy/ptII/ptolemy/actor/lib/test/auto/function.xml (RunModel)" time="0.028" />
  <testcase classname="ptolemy.util.test.junit.AutoTests" name="[444] /home/travis/build/icyphy/ptII/ptolemy/actor/lib/test/auto/function2.xml (RunModel)" time="0.036" />
  <testcase classname="ptolemy.util.test.junit.AutoTests" name="[445] /home/travis/build/icyphy/ptII/ptolemy/actor/lib/test/auto/function3.xml (RunModel)" time="0.013" />
  <testcase classname="ptolemy.util.test.junit.AutoTests" name="[446] /home/travis/build/icyphy/ptII/ptolemy/actor/lib/test/auto/functionClosureTest1.xml (RunModel)" time="0.01" />
  <testcase classname="ptolemy.util.test.junit.AutoTests" name="[447] /home/travis/build/icyphy/ptII/ptolemy/actor/lib/test/auto/functionClosureTest2.xml (RunModel)" time="0.006" />
  <testcase classname="ptolemy.util.test.junit.AutoTests" name="[448] /home/travis/build/icyphy/ptII/ptolemy/actor/lib/test/auto/functionClosureTest3.xml (RunModel)" time="0.009" />
  <testcase classname="ptolemy.util.test.junit.AutoTests" name="[449] /home/travis/build/icyphy/ptII/ptolemy/actor/lib/test/auto/functionClosureTest4.xml (RunModel)" time="0.029" />
  <testcase classname="ptolemy.util.test.junit.AutoTests" name="[450] /home/travis/build/icyphy/ptII/ptolemy/actor/lib/test/auto/functionClosureTest5.xml (RunModel)" time="0.055" />
  <testcase classname="ptolemy.util.test.junit.AutoTests" name="[451] /home/travis/build/icyphy/ptII/ptolemy/actor/lib/test/auto/functionClosureTest6.xml (RunModel)" time="0.007" />
  <testcase classname="ptolemy.util.test.junit.AutoTests" name="[452] /home/travis/build/icyphy/ptII/ptolemy/actor/lib/test/auto/functionsOnArcs.xml (RunModel)" time="0.008" />
  <testcase classname="ptolemy.util.test.junit.AutoTests" name="[453] /home/travis/build/icyphy/ptII/ptolemy/actor/lib/test/auto/functionsOnArcsHOF.xml (RunModel)" time="0.01" />
  <testcase classname="ptolemy.util.test.junit.AutoTests" name="[454] /home/travis/build/icyphy/ptII/ptolemy/actor/lib/test/auto/logic.xml (RunModel)" time="0.016" />
  <testcase classname="ptolemy.util.test.junit.AutoTests" name="[455] /home/travis/build/icyphy/ptII/ptolemy/actor/lib/test/auto/matrixType.xml (RunModel)" time="0.022" />
  <testcase classname="ptolemy.util.test.junit.AutoTests" name="[456] /home/travis/build/icyphy/ptII/ptolemy/actor/lib/test/auto/matrixType10.xml (RunModel)" time="0.029" />
  <testcase classname="ptolemy.util.test.junit.AutoTests" name="[457] /home/travis/build/icyphy/ptII/ptolemy/actor/lib/test/auto/matrixType11.xml (RunModel)" time="0.015" />
  <testcase classname="ptolemy.util.test.junit.AutoTests" name="[458] /home/travis/build/icyphy/ptII/ptolemy/actor/lib/test/auto/matrixType12.xml (RunModel)" time="0.01" />
  <testcase classname="ptolemy.util.test.junit.AutoTests" name="[459] /home/travis/build/icyphy/ptII/ptolemy/actor/lib/test/auto/matrixType13.xml (RunModel)" time="0.007" />
  <testcase classname="ptolemy.util.test.junit.AutoTests" name="[460] /home/travis/build/icyphy/ptII/ptolemy/actor/lib/test/auto/matrixType14.xml (RunModel)" time="0.008" />
  <testcase classname="ptolemy.util.test.junit.AutoTests" name="[461] /home/travis/build/icyphy/ptII/ptolemy/actor/lib/test/auto/matrixType2.xml (RunModel)" time="0.008" />
  <testcase classname="ptolemy.util.test.junit.AutoTests" name="[462] /home/travis/build/icyphy/ptII/ptolemy/actor/lib/test/auto/matrixType3.xml (RunModel)" time="0.009" />
  <testcase classname="ptolemy.util.test.junit.AutoTests" name="[463] /home/travis/build/icyphy/ptII/ptolemy/actor/lib/test/auto/matrixType4.xml (RunModel)" time="0.008" />
  <testcase classname="ptolemy.util.test.junit.AutoTests" name="[464] /home/travis/build/icyphy/ptII/ptolemy/actor/lib/test/auto/matrixType5.xml (RunModel)" time="0.008" />
  <testcase classname="ptolemy.util.test.junit.AutoTests" name="[465] /home/travis/build/icyphy/ptII/ptolemy/actor/lib/test/auto/matrixType6.xml (RunModel)" time="0.012" />
  <testcase classname="ptolemy.util.test.junit.AutoTests" name="[466] /home/travis/build/icyphy/ptII/ptolemy/actor/lib/test/auto/matrixType7.xml (RunModel)" time="0.008" />
  <testcase classname="ptolemy.util.test.junit.AutoTests" name="[467] /home/travis/build/icyphy/ptII/ptolemy/actor/lib/test/auto/matrixType8.xml (RunModel)" time="0.008" />
  <testcase classname="ptolemy.util.test.junit.AutoTests" name="[468] /home/travis/build/icyphy/ptII/ptolemy/actor/lib/test/auto/matrixType9.xml (RunModel)" time="0.007" />
  <testcase classname="ptolemy.util.test.junit.AutoTests" name="[469] /home/travis/build/icyphy/ptII/ptolemy/actor/lib/test/auto/paraFunctest.xml (RunModel)" time="0.007" />
  <testcase classname="ptolemy.util.test.junit.AutoTests" name="[470] /home/travis/build/icyphy/ptII/ptolemy/actor/lib/test/auto/paraFunctest2.xml (RunModel)" time="0.008" />
  <testcase classname="ptolemy.util.test.junit.AutoTests" name="[471] /home/travis/build/icyphy/ptII/ptolemy/actor/lib/test/auto/parameterPassing.xml (RunModel)" time="0.008" />
  <testcase classname="ptolemy.util.test.junit.AutoTests" name="[472] /home/travis/build/icyphy/ptII/ptolemy/actor/lib/test/auto/record.xml (RunModel)" time="0.008" />
  <testcase classname="ptolemy.util.test.junit.AutoTests" name="[473] /home/travis/build/icyphy/ptII/ptolemy/actor/lib/test/auto/sizedarray1.xml (RunModel)" time="0.009" />
  <testcase classname="ptolemy.util.test.junit.AutoTests" name="[474] /home/travis/build/icyphy/ptII/ptolemy/actor/lib/test/auto/sizedarray2.xml (RunModel)" time="0.012" />
  <testcase classname="ptolemy.util.test.junit.AutoTests" name="[475] /home/travis/build/icyphy/ptII/ptolemy/actor/lib/test/auto/twoPublishers.xml (RunModel)" time="0.027" />
  <system-out><![CDATA[/home/travis/build/icyphy/ptII/ptolemy/actor/lib/test/AbsoluteValue.tcl
testDefs.tcl: setting time out to 9000 seconds at Wed Sep 08 18:58:50 UTC 2021
103 ms. Memory: 129024K Free: 92583K (72%)
5 ms. Memory: 129024K Free: 90535K (70%)
4 ms. Memory: 129024K Free: 90031K (70%)
11 ms. Memory: 129024K Free: 89007K (69%)
/home/travis/build/icyphy/ptII/ptolemy/actor/lib/test/AddSubtract.tcl
17 ms. Memory: 129024K Free: 86959K (67%)
16 ms. Memory: 129024K Free: 86439K (67%)
10 ms. Memory: 129024K Free: 85421K (66%)
12 ms. Memory: 129024K Free: 84911K (66%)
75 ms. Memory: 129024K Free: 81839K (63%)
14 ms. Memory: 129024K Free: 81325K (63%)
/home/travis/build/icyphy/ptII/ptolemy/actor/lib/test/Average.tcl
18 ms. Memory: 129024K Free: 79791K (62%)
7 ms. Memory: 129024K Free: 78239K (61%)
/home/travis/build/icyphy/ptII/ptolemy/actor/lib/test/Bernoulli.tcl
11 ms. Memory: 129024K Free: 76719K (59%)
5 ms. Memory: 129024K Free: 76191K (59%)
/home/travis/build/icyphy/ptII/ptolemy/actor/lib/test/Clock.tcl
preinitializing
resolving types
initializing
executing number 1
wrapping up
idle
38 ms. Memory: 129024K Free: 73647K (57%)
Completed execution with 5 iterations
preinitializing
resolving types
initializing
executing number 1
wrapping up
idle
3 ms. Memory: 129024K Free: 72623K (56%)
Completed execution with 5 iterations
preinitializing
resolving types
initializing
executing number 1
wrapping up
idle
6 ms. Memory: 129024K Free: 72109K (56%)
Completed execution with 5 iterations
/home/travis/build/icyphy/ptII/ptolemy/actor/lib/test/Commutator.tcl
14 ms. Memory: 129024K Free: 70031K (54%)
5 ms. Memory: 129024K Free: 69037K (54%)
8 ms. Memory: 129024K Free: 63407K (49%)
/home/travis/build/icyphy/ptII/ptolemy/actor/lib/test/Const.tcl
4 ms. Memory: 129024K Free: 61869K (48%)
2 ms. Memory: 129024K Free: 61359K (48%)
3 ms. Memory: 129024K Free: 60845K (47%)
4 ms. Memory: 129024K Free: 60335K (47%)
2 ms. Memory: 129024K Free: 59821K (46%)
19 ms. Memory: 129024K Free: 58287K (45%)
16 ms. Memory: 129024K Free: 57263K (44%)
3 ms. Memory: 129024K Free: 56239K (44%)
/home/travis/build/icyphy/ptII/ptolemy/actor/lib/test/CurrentTime.tcl
preinitializing
resolving types
initializing
executing number 1
wrapping up
idle
17 ms. Memory: 129024K Free: 54191K (42%)
Completed execution with 11 iterations
/home/travis/build/icyphy/ptII/ptolemy/actor/lib/test/DB.tcl
8 ms. Memory: 129024K Free: 52143K (40%)
5 ms. Memory: 129024K Free: 51629K (40%)
2 ms. Memory: 129024K Free: 51119K (40%)
/home/travis/build/icyphy/ptII/ptolemy/actor/lib/test/DiscreteRandomSource.tcl
preinitializing
resolving types
initializing
executing number 1
wrapping up
idle
5 ms. Memory: 129024K Free: 49567K (38%)
Completed execution with 4 iterations
preinitializing
resolving types
initializing
executing number 1
wrapping up
idle
5 ms. Memory: 129024K Free: 49071K (38%)
Completed execution with 4 iterations
preinitializing
resolving types
initializing
executing number 1
wrapping up
idle
7 ms. Memory: 129024K Free: 48557K (38%)
Completed execution with 4 iterations
preinitializing
resolving types
initializing
executing number 1
wrapping up
idle
2 ms. Memory: 129024K Free: 48047K (37%)
Completed execution with 4 iterations
preinitializing
resolving types
29 ms. Memory: 129024K Free: 113960K (88%)
/home/travis/build/icyphy/ptII/ptolemy/actor/lib/test/Distributor.tcl
8 ms. Memory: 129024K Free: 112586K (87%)
9 ms. Memory: 129024K Free: 112037K (87%)
StreamChangeRequest.changeExecuted(): <deleteEntity name="rec2"/> succeeded
StreamChangeRequest.changeExecuted(): <deleteRelation name="r2"/> succeeded
StreamChangeRequest.changeExecuted(): Record firings per iteration succeeded
16 ms. Memory: 129024K Free: 109538K (85%)
/home/travis/build/icyphy/ptII/ptolemy/actor/lib/test/Exit.tcl
Exit.tcl: this will print a message about Manager.exitAfterWrapup, which can be ignored.
10 ms. Memory: 129024K Free: 106434K (82%)
/home/travis/build/icyphy/ptII/ptolemy/actor/lib/test/Expression.tcl
22 ms. Memory: 129024K Free: 103288K (80%)
9 ms. Memory: 129024K Free: 102368K (79%)
4 ms. Memory: 129024K Free: 101797K (79%)
preinitializing
resolving types
initializing
executing number 1
wrapping up
idle
15 ms. Memory: 129024K Free: 100314K (78%)
Completed execution with 6 iterations
3 ms. Memory: 129024K Free: 99328K (77%)
11 ms. Memory: 129024K Free: 98725K (77%)
12 ms. Memory: 129024K Free: 97226K (75%)
3 ms. Memory: 129024K Free: 96186K (75%)
8 ms. Memory: 129024K Free: 95096K (74%)
/home/travis/build/icyphy/ptII/ptolemy/actor/lib/test/Gaussian.tcl
7 ms. Memory: 129024K Free: 93176K (72%)
sleeping 1 seconds: ........................................................................................................................................................................................................................................................................................................................................................................................................................................................................................................................................................................................................................................................................................................................................................................................................................................................................................................................................................................................................................................................................................................................................................................................................................................................................................................................................................................................................................................................................................................................................................................................................................................................................................................................................................................................................................................................................................................................................................................................................................................................................................................................................................................................................................................................................................................................................................................................................................................................................................................................................................................................................................................................................................................................................................................................................................................................................................................................................................................................................................................................................................................................................................................................................................................................................................................................................................................................................................................................................................................................................................................................................................................................................................................................................................................................................................................................................................................................................................................................................................................................................................................................................................................................................................................................................................................................................................................................................................................................................................................................................................................................................................................................................................................................................................................................................................................................................................................................................................................................................................................................................................................................................................................................................................................................................................................................................................................................................................................................................................................................................................................................................................................................................................................................................................................................................................................................................................................................................................................................................................................................................................................................................................................................................................................................................................................................................................................................................................................................................................................................................................................................................................................................................................................................................................................................................................................................................................................................................................................................................................................................................................................................................................................................................................................................................................................................................................................................................................................................................................................................................................................................................................................................................................................................................................................................................................................................................................................................................................................................................................................................................................................................................................................................................................................................................................................................................................................................................................................................................................................................................................................................................................................................................................................................................................................................................................................................................................................................................................................................................................................................................................................................................................................................................................................................................................................................................................................................................................................................................................................................................................................................................................................................................................................................................................................................................................................................................................................................................................................................................................................................................................................................................................................................................................................................................................................................................................................................................................................................................................................................................................................................................................................................................................................................................................................................................................................................................................................................................................................................................................................................................................................................................................................................................................................................................................................................................................................................................................................................................................................................................................................................................................................................................................................................................................................................................................................................................................................................................................................................................................................................................................................................................................................................................................................................................................................................................................................................................................................................................................................................................................................................................................................................................................................................................................................................................................................................................................................................................................................................................................................................................................................................................................................................................................................................................................................................................................................................................................................................................................................................................................................................................................................................................................................................................................................................................................................................................................................................................................................................................................................................................................................................................................................................................................................................................................................................................................................................................................................................................................................................................................................................................................................................................................................................................................................................................................................................................................................................................................................................................................................................................................................................................................................................................................................................................................................................................................................................................................................................................................................................................................................................................................................................................................................................................................................................................................................................................................................................................................................................................................................................................................................................................................................................................................................................................................................................................................................................................................................................................................................................................................................................................................................................................................................................................................................................................................................................................................................................................................................................................................................................................................................................................................................................................................................................................................................................................................................................................................................................................................................................................................................................................................................................................................................................................................................................................................................................................................................................................................................................................................................................................................................................................................................................................................................................................................................................................................................................................................................................................................................................................................................................................................................................................................................................................................................................................................................................................................................................................................................................................................................................................................................................................................................................................................................................................................................................................................................................................................................................................................................................................................................................................................................................................................................................................................................................................................................................................................................................................................................................................................................................................................................................................................................................................................................................................................................................................................................................................................................................................................................................................................................................................................................................................................................................................................................................................................................................................................................................................................................................................................................................................................................................................................................................................................................................................................................................................................................................................................................................................................................................................................................................................................................................................................................................................................................................................................................................................................................................................................................................................................................................................................................................................................................................................................................................................................................................................................................................................................................................................................................................................................................................................................................................................................................................................................................................................................................................................................................................................................................................................................................................................................................................................................................................................................................................................................................................................................................................................................................................................................................................................................................................................................................................................................................................................................................................................................................................................................................................................................................................................................................................................................................................................................................................................................................................................................................................................................................................................................................................................................................................................................................................................................................................................................................................................................................................................................................................................................................................................................................................................................................................................................................................................................................................................................................................................................................................................................................................................................................................................................................................................................................................................................................................................................................................................................................................................................................................................................................................................................................................................................................................................................................................................................................................................................................................................................................................................................................................................................................................................................................................................................................................................................................................................................................................................................................................................................................................................................................................................................................................................................................................................................................................................................................................................................................................................................................................................................................................................................................................................................................................................................................................................................................................................................................................................................................................................................................................................................................................................................................................................................................................................................................................................................................................................................................................................................................................................................................................................................................................................................................................................................................................................................................................................................................................................................................................................................................................................................................................................................................................................................................................................................................................................................................................................................................................................................................................................................................................................................................................................................................................................................................................................................................................................................................................................................................................................................................................................................................................................................................................................................................................................................................................................................................................................................................................................................................2 ms. Memory: 129024K Free: 72342K (56%)
2 ms. Memory: 129024K Free: 71832K (56%)
2 ms. Memory: 129024K Free: 71318K (55%)
6 ms. Memory: 129024K Free: 70125K (54%)
3 ms. Memory: 129024K Free: 69784K (54%)
/home/travis/build/icyphy/ptII/ptolemy/actor/lib/test/IIR.tcl
/home/travis/build/icyphy/ptII/ptolemy/actor/lib/test/Interpolator.tcl
4 ms. Memory: 129024K Free: 66184K (51%)
1 ms. Memory: 129024K Free: 65144K (50%)
2 ms. Memory: 129024K Free: 64664K (50%)
4 ms. Memory: 129024K Free: 64120K (50%)
5 ms. Memory: 129024K Free: 63126K (49%)
4 ms. Memory: 129024K Free: 62616K (49%)
2 ms. Memory: 129024K Free: 61592K (48%)
2 ms. Memory: 129024K Free: 60568K (47%)
4 ms. Memory: 129024K Free: 60054K (47%)
2 ms. Memory: 129024K Free: 59030K (46%)
/home/travis/build/icyphy/ptII/ptolemy/actor/lib/test/MathFunction.tcl
7 ms. Memory: 129024K Free: 112926K (88%)
2 ms. Memory: 129024K Free: 111902K (87%)
2 ms. Memory: 129024K Free: 110864K (86%)
2 ms. Memory: 129024K Free: 109854K (85%)
3 ms. Memory: 129024K Free: 108816K (84%)
6 ms. Memory: 129024K Free: 106782K (83%)
/home/travis/build/icyphy/ptII/ptolemy/actor/lib/test/Maximum.tcl
3 ms. Memory: 129024K Free: 104704K (81%)
2 ms. Memory: 129024K Free: 104224K (81%)
2 ms. Memory: 129024K Free: 103200K (80%)
2 ms. Memory: 129024K Free: 102680K (80%)
/home/travis/build/icyphy/ptII/ptolemy/actor/lib/test/Minimum.tcl
3 ms. Memory: 129024K Free: 101152K (78%)
1 ms. Memory: 129024K Free: 100638K (78%)
2 ms. Memory: 129024K Free: 99614K (77%)
2 ms. Memory: 129024K Free: 99104K (77%)
/home/travis/build/icyphy/ptII/ptolemy/actor/lib/test/MultiplyDivide.tcl
4 ms. Memory: 129024K Free: 97056K (75%)
2 ms. Memory: 129024K Free: 96542K (75%)
3 ms. Memory: 129024K Free: 95512K (74%)
3 ms. Memory: 129024K Free: 95008K (74%)
2 ms. Memory: 129024K Free: 94480K (73%)
/home/travis/build/icyphy/ptII/ptolemy/actor/lib/test/OrderedMerge.tcl
Connections changed on port: inputA
Connections changed on port: inputB
Connections changed on port: output
Connections changed on port: output
Connections changed on port: output
Connections changed on port: input
.top. Preinitializing ...
Invoking preinitialize():  .top.OrderedMerge
Called preinitialize()
Invoking preinitialize():  .top.Ramp
Called preinitialize()
Invoking preinitialize():  .top.Ramp2
Called preinitialize()
Invoking preinitialize():  .top.Test
Called preinitialize()
Connections changed on port: inputA
Connections changed on port: output
Connections changed on port: inputB
Connections changed on port: output
Connections changed on port: output
Connections changed on port: input
.top. Finished preinitialize().
Called initialize().
Invoking initialize():  .top.OrderedMerge
Initializing actor: .top.OrderedMerge
Adding a thread: .top.OrderedMerge
Invoking initialize():  .top.Ramp
Initializing actor: .top.Ramp
Adding a thread: .top.Ramp
Invoking initialize():  .top.Ramp2
Initializing actor: .top.Ramp2
Adding a thread: .top.Ramp2
Invoking initialize():  .top.Test
Initializing actor: .top.Test
Adding a thread: .top.Test
-- Starting thread.
Called initialize()
Called fire().
Checking for deadlock:
Called prefire()
Called fire()
-- Starting thread.
Called initialize()
-- Starting thread.
Called prefire()
Called initialize()
Called fire()
Called prefire()
Called fire()
-- Starting thread.
Called initialize()
Called prefire()
Called fire()
There are 0 Blocked actors, 0 Stopped actors, and 4 active threads.
Waiting for actors to stop.
Called postfire()
Called prefire()
Called fire()
Called postfire()
Called prefire()
Called fire()
Called postfire()
Called prefire()
Called fire()
Checking for deadlock:
There are 3 Blocked actors, 0 Stopped actors, and 4 active threads.
Waiting for actors to stop.
Read input token from inputA with value 0.0
Next port to read input from is inputB
Called postfire()
Called prefire()
Called fire()
Read input token from inputB with value 0.0
Sent output token with value 0.0
Next port to read input from is inputA
Called postfire()
Called postfire()
Called prefire()
Called prefire()
Called fire()
Checking for deadlock:
Called fire()
There are 1 Blocked actors, 0 Stopped actors, and 4 active threads.
Waiting for actors to stop.
Read input token from inputA with value 1.0
Checking for deadlock:
There are 2 Blocked actors, 0 Stopped actors, and 4 active threads.
Waiting for actors to stop.
Sent output token with value 0.0
Next port to read input from is inputB
Called postfire()
Called prefire()
Called fire()
Read input token from inputB with value 1.5
Checking for deadlock:
There are 1 Blocked actors, 0 Stopped actors, and 4 active threads.
Waiting for actors to stop.
Called postfire()
Called prefire()
Called fire()
Called postfire()
Called prefire()
Called fire()
-- Read input: 0.0, which is expected to match: 0.0
Called prefire()
Called fire()
-- Read input: 0.0, which is expected to match: 0.0
Called prefire()
Called fire()
Checking for deadlock:
There are 3 Blocked actors, 0 Stopped actors, and 4 active threads.
Waiting for actors to stop.
Sent output token with value 1.0
Next port to read input from is inputA
Called postfire()
Called prefire()
Called fire()
Read input token from inputA with value 2.0
Called postfire()
Called prefire()
Called fire()
Checking for deadlock:
There are 3 Blocked actors, 0 Stopped actors, and 4 active threads.
Waiting for actors to stop.
Checking for deadlock:
-- Read input: 1.0, which is expected to match: 1.0
There are 2 Blocked actors, 0 Stopped actors, and 4 active threads.
Waiting for actors to stop.
Called prefire()
Called fire()
Sent output token with value 1.5
-- Read input: 1.5, which is expected to match: 1.5
Next port to read input from is inputB
Called postfire()
Called prefire()
Called prefire()
Called fire()
Called fire()
Read input token from inputB with value 3.0
Sent output token with value 2.0
Next port to read input from is inputA
Called postfire()
Called prefire()
Called fire()
Read input token from inputA with value 3.0
Called postfire()
Called prefire()
Called fire()
-- Read input: 2.0, which is expected to match: 2.0
Called prefire()
Called fire()
Checking for deadlock:
There are 2 Blocked actors, 0 Stopped actors, and 4 active threads.
Waiting for actors to stop.
Called postfire()
Called prefire()
Called fire()
Sent output token with value 3.0
Next port to read input from is inputB
Called postfire()
Called prefire()
Called fire()
Read input token from inputB with value 4.5
Checking for deadlock:
There are 2 Blocked actors, 0 Stopped actors, and 4 active threads.
Waiting for actors to stop.
Called postfire()
-- Read input: 3.0, which is expected to match: 3.0
Called prefire()
Checking for deadlock:
Called prefire()
Called fire()
Called fire()
There are 1 Blocked actors, 0 Stopped actors, and 4 active threads.
Waiting for actors to stop.
Sent output token with value 3.0
Next port to read input from is inputA
Called postfire()
Called prefire()
Called fire()
Read input token from inputA with value 4.0
Checking for deadlock:
There are 2 Blocked actors, 0 Stopped actors, and 4 active threads.
Waiting for actors to stop.
Checking for deadlock:
There are 1 Blocked actors, 0 Stopped actors, and 4 active threads.
-- Read input: 3.0, which is expected to match: 3.0
Waiting for actors to stop.
Called prefire()
Called fire()
-- Read input: 4.0, which is expected to match: 4.0
Called prefire()
Called fire()
Past the end of training data. Read and discard all inputs.
Sent output token with value 4.0
Next port to read input from is inputA
Called postfire()
Called prefire()
Called fire()
Called postfire()
Called prefire()
Called fire()
Checking for deadlock:
There are 3 Blocked actors, 0 Stopped actors, and 4 active threads.
Waiting for actors to stop.
Read input token from inputA with value 5.0
Sent output token with value 4.5
Next port to read input from is inputB
Called postfire()
Called prefire()
Called fire()
Read input token from inputB with value 6.0
Called postfire()
Called prefire()
Called fire()
Called postfire()
Called prefire()
Called prefire()
Checking for deadlock:
Called fire()
Called fire()
Past the end of training data. Read and discard all inputs.
There are 1 Blocked actors, 0 Stopped actors, and 4 active threads.
Waiting for actors to stop.
Sent output token with value 5.0
Next port to read input from is inputA
Called postfire()
Called prefire()
Called fire()
Read input token from inputA with value 6.0
Checking for deadlock:
There are 2 Blocked actors, 0 Stopped actors, and 4 active threads.
Waiting for actors to stop.
Called prefire()
Called postfire()
Called fire()
Past the end of training data. Read and discard all inputs.
Called prefire()
Called fire()
Checking for deadlock:
There are 3 Blocked actors, 0 Stopped actors, and 4 active threads.
Waiting for actors to stop.
Sent output token with value 6.0
Next port to read input from is inputB
Called postfire()
Called prefire()
Called fire()
Read input token from inputB with value 7.5
Called postfire()
Called prefire()
Called prefire()
Called fire()
Called fire()
Past the end of training data. Read and discard all inputs.
Checking for deadlock:
There are 2 Blocked actors, 0 Stopped actors, and 4 active threads.
Waiting for actors to stop.
Sent output token with value 6.0
Next port to read input from is inputA
Called postfire()
Called prefire()
Called fire()
Read input token from inputA with value 7.0
Checking for deadlock:
There are 2 Blocked actors, 0 Stopped actors, and 4 active threads.
Waiting for actors to stop.
Called postfire()
Called prefire()
Called prefire()
Called fire()
Called fire()
Past the end of training data. Read and discard all inputs.
Sent output token with value 7.0
Next port to read input from is inputA
Called postfire()
Called prefire()
Called fire()
Read input token from inputA with value 8.0
Checking for deadlock:
There are 2 Blocked actors, 0 Stopped actors, and 4 active threads.
Waiting for actors to stop.
Called prefire()
Called fire()
Past the end of training data. Read and discard all inputs.
-- Thread wrapup() called.
Called wrapup()
Thread .top.Ramp is exiting.
-- Thread stopped.
Sent output token with value 7.5
Next port to read input from is inputB
Called postfire()
Called prefire()
Called fire()
Read input token from inputB with value 9.0
Called postfire()
Called prefire()
Called fire()
Checking for deadlock:
There are 2 Blocked actors, 0 Stopped actors, and 3 active threads.
Waiting for actors to stop.
Called prefire()
Called fire()
Past the end of training data. Read and discard all inputs.
Sent output token with value 8.0
Called prefire()
Called fire()
Past the end of training data. Read and discard all inputs.
Next port to read input from is inputA
Called postfire()
Called prefire()
Called fire()
Read input token from inputA with value 9.0
Sent output token with value 9.0
Next port to read input from is inputB
Called postfire()
Called prefire()
Called fire()
Read input token from inputB with value 10.5
Checking for deadlock:
There are 1 Blocked actors, 0 Stopped actors, and 3 active threads.
Waiting for actors to stop.
Called postfire()
Called prefire()
Checking for deadlock:
Called prefire()
Called fire()
Called fire()
Past the end of training data. Read and discard all inputs.
There are 0 Blocked actors, 0 Stopped actors, and 3 active threads.
Waiting for actors to stop.
Called prefire()
Called fire()
Checking for deadlock:
Sent output token with value 9.0
Past the end of training data. Read and discard all inputs.
Next port to read input from is inputA
Called postfire()
Called prefire()
Called fire()
There are 1 Blocked actors, 0 Stopped actors, and 3 active threads.
Waiting for actors to stop.
Checking for deadlock:
There are 2 Blocked actors, 0 Stopped actors, and 3 active threads.
Waiting for actors to stop.
Checking for deadlock:
There are 3 Blocked actors, 0 Stopped actors, and 3 active threads.
Actors have stopped.
Checking for deadlock:
There are 3 Blocked actors, 0 Stopped actors, and 3 active threads.
Deadlock detected.
Resolving Deadlock
Checking for deadlock:
There are 3 Blocked actors, 0 Stopped actors, and 3 active threads.
Artificial Deadlock - increasing queue capacity.
increasing the capacity of receiver ptolemy.actor.TypedIOPort {.top.OrderedMerge.inputB} to 2
-- Thread wrapup() called.
Called wrapup()
Thread .top.Ramp2 is exiting.
-- Thread stopped.
Director: Called postfire().
Called postfire().
_stopRequested = false
_stopFireRequested = false
Returning from postfire(): true
Called fire().
Checking for deadlock:
There are 2 Blocked actors, 0 Stopped actors, and 2 active threads.
Actors have stopped.
Checking for deadlock:
There are 2 Blocked actors, 0 Stopped actors, and 2 active threads.
Deadlock detected.
Resolving Deadlock
Checking for deadlock:
There are 2 Blocked actors, 0 Stopped actors, and 2 active threads.
Deadlock detected: no processes blocked on write, but some are blocked on read.
Called postfire().
_stopRequested = false
_stopFireRequested = false
Returning from postfire(): false
Finished deactivating branches.
Called wrapup().
-- Thread wrapup() called.
-- Thread wrapup() called.
Called wrapup()
Called wrapup()
Thread .top.OrderedMerge is exiting.
-- Thread stopped.
-- Blocked Receiver call threw TerminateProcessException.
Thread .top.Test is exiting.
-- Thread stopped.
-- Blocked Receiver call threw TerminateProcessException.
59 ms. Memory: 129024K Free: 89374K (69%)
.top. Preinitializing ...
Invoking preinitialize():  .top.OrderedMerge
Called preinitialize()
Invoking preinitialize():  .top.Ramp
Called preinitialize()
Invoking preinitialize():  .top.Ramp2
Called preinitialize()
Invoking preinitialize():  .top.Test
Called preinitialize()
.top. Finished preinitialize().
Called initialize().
Invoking initialize():  .top.OrderedMerge
Initializing actor: .top.OrderedMerge
Adding a thread: .top.OrderedMerge
Invoking initialize():  .top.Ramp
Initializing actor: .top.Ramp
Adding a thread: .top.Ramp
Invoking initialize():  .top.Ramp2
Initializing actor: .top.Ramp2
Adding a thread: .top.Ramp2
Invoking initialize():  .top.Test
Initializing actor: .top.Test
Adding a thread: .top.Test
-- Starting thread.
Called initialize()
Called prefire()
Called fire()
-- Starting thread.
Called initialize()
Called prefire()
Called fire()
Called postfire()
Called prefire()
Called fire()
-- Starting thread.
Called initialize()
Called prefire()
Called fire()
Called postfire()
Called prefire()
Called fire()
Called fire().
Checking for deadlock:
There are 3 Blocked actors, 0 Stopped actors, and 4 active threads.
Waiting for actors to stop.
-- Starting thread.
Called initialize()
Called prefire()
Called fire()
Checking for deadlock:
There are 2 Blocked actors, 0 Stopped actors, and 4 active threads.
Waiting for actors to stop.
Called postfire()
Called prefire()
Called fire()
Checking for deadlock:
There are 3 Blocked actors, 0 Stopped actors, and 4 active threads.
Waiting for actors to stop.
Read input token from inputA with value 0.0
Next port to read input from is inputB
Called postfire()
Called prefire()
Called fire()
Called postfire()
Called prefire()
Called fire()
Checking for deadlock:
There are 3 Blocked actors, 0 Stopped actors, and 4 active threads.
Waiting for actors to stop.
Read input token from inputB with value 0.0
-- Read input: 0.0, which is expected to match: 0.0
Called prefire()
Called fire()
Checking for deadlock:
There are 3 Blocked actors, 0 Stopped actors, and 4 active threads.
Waiting for actors to stop.
Sent output token with value 0.0
Next port to read input from is inputA
Called postfire()
Called prefire()
Called fire()
Checking for deadlock:
There are 2 Blocked actors, 0 Stopped actors, and 4 active threads.
Waiting for actors to stop.
Called postfire()
Called prefire()
Called fire()
Checking for deadlock:
There are 3 Blocked actors, 0 Stopped actors, and 4 active threads.
Waiting for actors to stop.
Read input token from inputA with value 1.0
Checking for deadlock:
There are 2 Blocked actors, 0 Stopped actors, and 4 active threads.
Waiting for actors to stop.
-- Read input: 0.0, which is expected to match: 0.0
Called prefire()
Called fire()
Checking for deadlock:
There are 3 Blocked actors, 0 Stopped actors, and 4 active threads.
Waiting for actors to stop.
Sent output token with value 0.0
Next port to read input from is inputB
Called postfire()
Called prefire()
Called fire()
Checking for deadlock:
There are 2 Blocked actors, 0 Stopped actors, and 4 active threads.
Waiting for actors to stop.
Called postfire()
Called prefire()
Called fire()
Checking for deadlock:
There are 3 Blocked actors, 0 Stopped actors, and 4 active threads.
Waiting for actors to stop.
Read input token from inputB with value 1.5
Checking for deadlock:
There are 2 Blocked actors, 0 Stopped actors, and 4 active threads.
Waiting for actors to stop.
-- Read input: 1.0, which is expected to match: 1.0
Called prefire()
Called fire()
Checking for deadlock:
There are 3 Blocked actors, 0 Stopped actors, and 4 active threads.
Waiting for actors to stop.
Sent output token with value 1.0
Next port to read input from is inputA
Called postfire()
Called prefire()
Called fire()
Checking for deadlock:
There are 2 Blocked actors, 0 Stopped actors, and 4 active threads.
Waiting for actors to stop.
Called postfire()
Called prefire()
Called fire()
Checking for deadlock:
There are 3 Blocked actors, 0 Stopped actors, and 4 active threads.
Waiting for actors to stop.
Read input token from inputA with value 2.0
Checking for deadlock:
There are 2 Blocked actors, 0 Stopped actors, and 4 active threads.
Waiting for actors to stop.
-- Read input: 1.5, which is expected to match: 1.5
Called prefire()
Called fire()
Checking for deadlock:
There are 3 Blocked actors, 0 Stopped actors, and 4 active threads.
Waiting for actors to stop.
Sent output token with value 1.5
Next port to read input from is inputB
Called postfire()
Called prefire()
Called fire()
Read input token from inputB with value 3.0
Called postfire()
Called prefire()
Called fire()
Sent output token with value 2.0
Checking for deadlock:
Next port to read input from is inputA
There are 2 Blocked actors, 0 Stopped actors, and 4 active threads.
Waiting for actors to stop.
-- Read input: 2.0, which is expected to match: 2.0
Called prefire()
Called fire()
Checking for deadlock:
There are 3 Blocked actors, 0 Stopped actors, and 4 active threads.
Waiting for actors to stop.
Called postfire()
Called prefire()
Called fire()
Checking for deadlock:
There are 2 Blocked actors, 0 Stopped actors, and 4 active threads.
Waiting for actors to stop.
Called postfire()
Called prefire()
Called fire()
Checking for deadlock:
There are 3 Blocked actors, 0 Stopped actors, and 4 active threads.
Waiting for actors to stop.
Read input token from inputA with value 3.0
Checking for deadlock:
There are 2 Blocked actors, 0 Stopped actors, and 4 active threads.
Waiting for actors to stop.
-- Read input: 3.0, which is expected to match: 3.0
Called prefire()
Called fire()
Checking for deadlock:
There are 3 Blocked actors, 0 Stopped actors, and 4 active threads.
Waiting for actors to stop.
Sent output token with value 3.0
Next port to read input from is inputB
Called postfire()
Called prefire()
Called fire()
Called postfire()
Called prefire()
Called fire()
Checking for deadlock:
There are 3 Blocked actors, 0 Stopped actors, and 4 active threads.
Waiting for actors to stop.
Read input token from inputB with value 4.5
-- Read input: 3.0, which is expected to match: 3.0
Called prefire()
Called fire()
Checking for deadlock:
There are 3 Blocked actors, 0 Stopped actors, and 4 active threads.
Waiting for actors to stop.
Sent output token with value 3.0
Next port to read input from is inputA
Called postfire()
Called prefire()
Called fire()
Checking for deadlock:
There are 2 Blocked actors, 0 Stopped actors, and 4 active threads.
Waiting for actors to stop.
Called postfire()
Called prefire()
Called fire()
Checking for deadlock:
There are 3 Blocked actors, 0 Stopped actors, and 4 active threads.
Waiting for actors to stop.
Read input token from inputA with value 4.0
Checking for deadlock:
There are 2 Blocked actors, 0 Stopped actors, and 4 active threads.
Waiting for actors to stop.
-- Read input: 4.0, which is expected to match: 4.0
Called prefire()
Called fire()
Past the end of training data. Read and discard all inputs.
Checking for deadlock:
There are 3 Blocked actors, 0 Stopped actors, and 4 active threads.
Waiting for actors to stop.
Sent output token with value 4.0
Next port to read input from is inputA
Called postfire()
Called prefire()
Called fire()
Checking for deadlock:
There are 2 Blocked actors, 0 Stopped actors, and 4 active threads.
Waiting for actors to stop.
Called postfire()
Called prefire()
Called fire()
Checking for deadlock:
There are 3 Blocked actors, 0 Stopped actors, and 4 active threads.
Waiting for actors to stop.
Read input token from inputA with value 5.0
Checking for deadlock:
There are 2 Blocked actors, 0 Stopped actors, and 4 active threads.
Waiting for actors to stop.
Called prefire()
Called fire()
Past the end of training data. Read and discard all inputs.
Checking for deadlock:
There are 3 Blocked actors, 0 Stopped actors, and 4 active threads.
Waiting for actors to stop.
Sent output token with value 4.5
Next port to read input from is inputB
Called postfire()
Called prefire()
Called fire()
Called postfire()
Called prefire()
Called fire()
Checking for deadlock:
There are 3 Blocked actors, 0 Stopped actors, and 4 active threads.
Waiting for actors to stop.
Read input token from inputB with value 6.0
Called prefire()
Called fire()
Past the end of training data. Read and discard all inputs.
Checking for deadlock:
There are 3 Blocked actors, 0 Stopped actors, and 4 active threads.
Waiting for actors to stop.
Sent output token with value 5.0
Next port to read input from is inputA
Called postfire()
Called prefire()
Called fire()
Checking for deadlock:
There are 2 Blocked actors, 0 Stopped actors, and 4 active threads.
Waiting for actors to stop.
Called postfire()
Called prefire()
Called fire()
Checking for deadlock:
There are 3 Blocked actors, 0 Stopped actors, and 4 active threads.
Waiting for actors to stop.
Read input token from inputA with value 6.0
Checking for deadlock:
There are 2 Blocked actors, 0 Stopped actors, and 4 active threads.
Waiting for actors to stop.
Called prefire()
Called fire()
Past the end of training data. Read and discard all inputs.
Checking for deadlock:
There are 3 Blocked actors, 0 Stopped actors, and 4 active threads.
Waiting for actors to stop.
Sent output token with value 6.0
Next port to read input from is inputB
Called postfire()
Called prefire()
Called fire()
Checking for deadlock:
There are 2 Blocked actors, 0 Stopped actors, and 4 active threads.
Waiting for actors to stop.
Called postfire()
Called prefire()
Called fire()
Checking for deadlock:
There are 3 Blocked actors, 0 Stopped actors, and 4 active threads.
Waiting for actors to stop.
Read input token from inputB with value 7.5
Checking for deadlock:
There are 2 Blocked actors, 0 Stopped actors, and 4 active threads.
Waiting for actors to stop.
Called prefire()
Called fire()
Past the end of training data. Read and discard all inputs.
Checking for deadlock:
There are 3 Blocked actors, 0 Stopped actors, and 4 active threads.
Waiting for actors to stop.
Sent output token with value 6.0
Next port to read input from is inputA
Called postfire()
Called prefire()
Called fire()
Checking for deadlock:
There are 2 Blocked actors, 0 Stopped actors, and 4 active threads.
Waiting for actors to stop.
Called postfire()
Called prefire()
Called fire()
Checking for deadlock:
There are 3 Blocked actors, 0 Stopped actors, and 4 active threads.
Waiting for actors to stop.
Read input token from inputA with value 7.0
Checking for deadlock:
There are 2 Blocked actors, 0 Stopped actors, and 4 active threads.
Waiting for actors to stop.
Called prefire()
Called fire()
Past the end of training data. Read and discard all inputs.
Checking for deadlock:
There are 3 Blocked actors, 0 Stopped actors, and 4 active threads.
Waiting for actors to stop.
Sent output token with value 7.0
Next port to read input from is inputA
Called postfire()
Called prefire()
Called fire()
Checking for deadlock:
There are 2 Blocked actors, 0 Stopped actors, and 4 active threads.
Waiting for actors to stop.
-- Thread wrapup() called.
Called wrapup()
Thread .top.Ramp is exiting.
Checking for deadlock:
There are 2 Blocked actors, 0 Stopped actors, and 3 active threads.
Waiting for actors to stop.
-- Thread stopped.
Read input token from inputA with value 8.0
Called prefire()
Called fire()
Past the end of training data. Read and discard all inputs.
Checking for deadlock:
There are 2 Blocked actors, 0 Stopped actors, and 3 active threads.
Waiting for actors to stop.
Sent output token with value 7.5
Next port to read input from is inputB
Called postfire()
Called prefire()
Called fire()
Checking for deadlock:
There are 1 Blocked actors, 0 Stopped actors, and 3 active threads.
Waiting for actors to stop.
Called postfire()
Called prefire()
Called fire()
Checking for deadlock:
There are 2 Blocked actors, 0 Stopped actors, and 3 active threads.
Waiting for actors to stop.
Read input token from inputB with value 9.0
Checking for deadlock:
There are 1 Blocked actors, 0 Stopped actors, and 3 active threads.
Waiting for actors to stop.
Called prefire()
Called fire()
Past the end of training data. Read and discard all inputs.
Checking for deadlock:
There are 2 Blocked actors, 0 Stopped actors, and 3 active threads.
Waiting for actors to stop.
Sent output token with value 8.0
Next port to read input from is inputA
Called postfire()
Called prefire()
Called fire()
Read input token from inputA with value 9.0
Called prefire()
Called fire()
Past the end of training data. Read and discard all inputs.
Checking for deadlock:
There are 2 Blocked actors, 0 Stopped actors, and 3 active threads.
Waiting for actors to stop.
Sent output token with value 9.0
Next port to read input from is inputB
Called postfire()
Called prefire()
Called fire()
Called postfire()
Called prefire()
Called fire()
Checking for deadlock:
There are 2 Blocked actors, 0 Stopped actors, and 3 active threads.
Waiting for actors to stop.
Read input token from inputB with value 10.5
Called prefire()
Called fire()
Past the end of training data. Read and discard all inputs.
Checking for deadlock:
There are 2 Blocked actors, 0 Stopped actors, and 3 active threads.
Waiting for actors to stop.
Sent output token with value 9.0
Next port to read input from is inputA
Called postfire()
Called prefire()
Called fire()
Checking for deadlock:
There are 3 Blocked actors, 0 Stopped actors, and 3 active threads.
Actors have stopped.
Checking for deadlock:
There are 3 Blocked actors, 0 Stopped actors, and 3 active threads.
Deadlock detected.
Resolving Deadlock
Checking for deadlock:
There are 3 Blocked actors, 0 Stopped actors, and 3 active threads.
Artificial Deadlock - increasing queue capacity.
increasing the capacity of receiver ptolemy.actor.TypedIOPort {.top.OrderedMerge.inputB} to 2
Director: Called postfire().
Called postfire().
_stopRequested = false
_stopFireRequested = false
Returning from postfire(): true
Called fire().
Checking for deadlock:
There are 2 Blocked actors, 0 Stopped actors, and 3 active threads.
Waiting for actors to stop.
-- Thread wrapup() called.
Called wrapup()
Thread .top.Ramp2 is exiting.
-- Thread stopped.
Checking for deadlock:
There are 2 Blocked actors, 0 Stopped actors, and 2 active threads.
Actors have stopped.
Checking for deadlock:
There are 2 Blocked actors, 0 Stopped actors, and 2 active threads.
Deadlock detected.
Resolving Deadlock
Checking for deadlock:
There are 2 Blocked actors, 0 Stopped actors, and 2 active threads.
Deadlock detected: no processes blocked on write, but some are blocked on read.
Called postfire().
_stopRequested = false
_stopFireRequested = false
Returning from postfire(): false
Finished deactivating branches.
Called wrapup().
-- Thread wrapup() called.
Called wrapup()
-- Thread wrapup() called.
Called wrapup()
Thread .top.Test is exiting.
-- Thread stopped.
-- Blocked Receiver call threw TerminateProcessException.
Thread .top.OrderedMerge is exiting.
37 ms. Memory: 129024K Free: 86816K (67%)
/home/travis/build/icyphy/ptII/ptolemy/actor/lib/test/Publisher.tcl
-- Thread stopped.
-- Blocked Receiver call threw TerminateProcessException.
23 ms. Memory: 129024K Free: 80672K (63%)
15 ms. Memory: 129024K Free: 107971K (84%)
3 ms. Memory: 129024K Free: 103875K (81%)
3 ms. Memory: 129024K Free: 102844K (80%)
8 ms. Memory: 129024K Free: 102341K (79%)
4 ms. Memory: 129024K Free: 101317K (79%)
2 ms. Memory: 129024K Free: 100772K (78%)
3 ms. Memory: 129024K Free: 99779K (77%)
23 ms. Memory: 129024K Free: 89539K (69%)
3 ms. Memory: 129024K Free: 85957K (67%)
2 ms. Memory: 129024K Free: 85443K (66%)
14 ms. Memory: 129024K Free: 82885K (64%)
6 ms. Memory: 129024K Free: 75196K (58%)
5 ms. Memory: 129024K Free: 65987K (51%)
6 ms. Memory: 129024K Free: 55237K (43%)
/home/travis/build/icyphy/ptII/ptolemy/actor/lib/test/Pulse.tcl
4 ms. Memory: 162816K Free: 114446K (70%)
9 ms. Memory: 162816K Free: 113422K (70%)
2 ms. Memory: 162816K Free: 112912K (69%)
4 ms. Memory: 162816K Free: 112384K (69%)
2 ms. Memory: 162816K Free: 111888K (69%)
7 ms. Memory: 162816K Free: 110864K (68%)
7 ms. Memory: 162816K Free: 109838K (67%)
3 ms. Memory: 162816K Free: 109326K (67%)
3 ms. Memory: 162816K Free: 108272K (66%)
/home/travis/build/icyphy/ptII/ptolemy/actor/lib/test/Ramp.tcl
8 ms. Memory: 162816K Free: 106768K (66%)
3 ms. Memory: 162816K Free: 105744K (65%)
2 ms. Memory: 162816K Free: 105216K (65%)
5 ms. Memory: 162816K Free: 104192K (64%)
5 ms. Memory: 162816K Free: 103696K (64%)
8 ms. Memory: 162816K Free: 102672K (63%)
5 ms. Memory: 162816K Free: 101648K (62%)
5 actors
7000 microseconds per iteration to create
10 ms. Memory: 162816K Free: 99072K (61%)
1 ms. Memory: 162816K Free: 98576K (61%)
4 ms. Memory: 162816K Free: 98048K (60%)
2 ms. Memory: 162816K Free: 97038K (60%)
50 actors
42000 microseconds per iteration to create
37 ms. Memory: 162816K Free: 81678K (50%)
14 ms. Memory: 162816K Free: 80654K (50%)
5 ms. Memory: 162816K Free: 79630K (49%)
13 ms. Memory: 162816K Free: 78606K (48%)
500 actors
1489000 microseconds per iteration to create
251 ms. Memory: 162816K Free: 67759K (42%)
42 ms. Memory: 162816K Free: 62639K (38%)
55 ms. Memory: 162816K Free: 136503K (84%)
35 ms. Memory: 162816K Free: 131383K (81%)
/home/travis/build/icyphy/ptII/ptolemy/actor/lib/test/RampContinuous.tcl
6 ms. Memory: 162816K Free: 129849K (80%)
/home/travis/build/icyphy/ptII/ptolemy/actor/lib/test/RecordAssembler.tcl
4 ms. Memory: 162816K Free: 128296K (79%)
6 ms. Memory: 162816K Free: 127256K (78%)
/home/travis/build/icyphy/ptII/ptolemy/actor/lib/test/RecordDisassembler.tcl
10 ms. Memory: 162816K Free: 125753K (77%)
3 ms. Memory: 162816K Free: 124729K (77%)
8 ms. Memory: 162816K Free: 123705K (76%)
/home/travis/build/icyphy/ptII/ptolemy/actor/lib/test/Scale.tcl
2 ms. Memory: 162816K Free: 121657K (75%)
1 ms. Memory: 162816K Free: 121143K (74%)
1 ms. Memory: 162816K Free: 120119K (74%)
2 ms. Memory: 162816K Free: 119609K (73%)
2 ms. Memory: 162816K Free: 118585K (73%)
/home/travis/build/icyphy/ptII/ptolemy/actor/lib/test/SequentialClock.tcl
preinitializing
resolving types
initializing
executing number 1
wrapping up
idle
3 ms. Memory: 162816K Free: 117561K (72%)
Completed execution with 5 iterations
preinitializing
resolving types
initializing
executing number 1
wrapping up
idle
1 ms. Memory: 162816K Free: 116537K (72%)
Completed execution with 5 iterations
preinitializing
resolving types
initializing
executing number 1
wrapping up
idle
1 ms. Memory: 162816K Free: 116023K (71%)
Completed execution with 5 iterations
/home/travis/build/icyphy/ptII/ptolemy/actor/lib/test/SetVariable.tcl
4 ms. Memory: 162816K Free: 114489K (70%)
/home/travis/build/icyphy/ptII/ptolemy/actor/lib/test/Sinewave.tcl
/home/travis/build/icyphy/ptII/ptolemy/actor/lib/test/SubscriptionAggregator.tcl
4 ms. Memory: 162816K Free: 103225K (63%)
2 ms. Memory: 162816K Free: 102696K (63%)
1 ms. Memory: 162816K Free: 102201K (63%)
0 ms. Memory: 162816K Free: 101656K (62%)
4 ms. Memory: 162816K Free: 98105K (60%)
8 ms. Memory: 162816K Free: 96057K (59%)
...............................................................855 ms. Memory: 270336K Free: 173216K (64%)
/home/travis/build/icyphy/ptII/ptolemy/actor/lib/test/Test.tcl
 The next command will produce a warning about training mode,
   which may be ignored.
5 ms. Memory: 270336K Free: 171170K (63%)
5 ms. Memory: 270336K Free: 170146K (63%)
1 ms. Memory: 270336K Free: 169601K (63%)
1 ms. Memory: 270336K Free: 169122K (63%)
3 ms. Memory: 270336K Free: 168601K (62%)
3 ms. Memory: 270336K Free: 167074K (62%)
3 ms. Memory: 270336K Free: 166050K (61%)
 The next command will produce a warning about training mode,
   which may be ignored.
5 ms. Memory: 270336K Free: 163481K (60%)
 The next command will produce a warning about training mode,
   which may be ignored.
3 ms. Memory: 270336K Free: 162457K (60%)
2 ms. Memory: 270336K Free: 161954K (60%)
2 ms. Memory: 270336K Free: 161409K (60%)
4 ms. Memory: 270336K Free: 160930K (60%)
7 ms. Memory: 270336K Free: 159906K (59%)
6 ms. Memory: 270336K Free: 155810K (58%)
/home/travis/build/icyphy/ptII/ptolemy/actor/lib/test/TestExceptionHandler.tcl
 The next command will produce a warning about training mode,
   which may be ignored.
4 ms. Memory: 270336K Free: 154786K (57%)
0 ms. Memory: 270336K Free: 154265K (57%)
1 ms. Memory: 270336K Free: 153762K (57%)
/home/travis/build/icyphy/ptII/ptolemy/actor/lib/test/UnionDisassembler.tcl
27 ms. Memory: 270336K Free: 146594K (54%)
/home/travis/build/icyphy/ptII/ptolemy/actor/lib/test/VariableClock.tcl
preinitializing
resolving types
initializing
executing number 1
wrapping up
idle
11 ms. Memory: 270336K Free: 144546K (53%)
Completed execution with 11 iterations
preinitializing
resolving types
initializing
executing number 1
wrapping up
idle
3 ms. Memory: 270336K Free: 142993K (53%)
Completed execution with 10 iterations
09/08/21 06:58:58
Failed: 0  Total Tests: 233  ((Passed: 233, Newly Passed: 0)  Known Failed: 0) /home/travis/build/icyphy/ptII/ptolemy/actor/lib/test
----------------- testing (KnownFailure) /home/travis/build/icyphy/ptII/ptolemy/actor/lib/test/auto/knownFailedTests/PublisherPortToplevelSubscriber.xml
0 ms. Memory: 270336K Free: 139426K (52%)
Known Failure: java.lang.reflect.InvocationTargetException
----------------- testing (KnownFailure) /home/travis/build/icyphy/ptII/ptolemy/actor/lib/test/auto/knownFailedTests/PublisherSubscriberPortToplevel.xml
4 ms. Memory: 270336K Free: 135840K (50%)
Known Failure: java.lang.reflect.InvocationTargetException
----------------- testing (KnownFailure) /home/travis/build/icyphy/ptII/ptolemy/actor/lib/test/auto/knownFailedTests/PublisherSubscriptionAggregatorPort.xml
1 ms. Memory: 270336K Free: 131744K (49%)
Known Failure: java.lang.reflect.InvocationTargetException
----------------- testing (KnownFailure) /home/travis/build/icyphy/ptII/ptolemy/actor/lib/test/auto/knownFailedTests/sizedarray3.xml
5 ms. Memory: 270336K Free: 127648K (47%)
Known Failure: java.lang.reflect.InvocationTargetException
No auto/linux-amd64/*.xml tests in /home/travis/build/icyphy/ptII/ptolemy/actor/lib/test
AutoTests.java: About to close Vertx.
AutoTests.java: Vertx closed.

===========================================================================================
----------------- testing Wed Sep 08 18:58:59 UTC 2021 /home/travis/build/icyphy/ptII/ptolemy/actor/lib/test/auto/AbsoluteValue.xml
----------------- Instantiating /home/travis/build/icyphy/ptII/ptolemy/actor/lib/test/auto/AbsoluteValue.xml
12 ms. Memory: 270336K Free: 104096K (39%)
----------------- Invoking toplevel() on ptolemy.moml.MoMLSimpleApplication@3f0e1364
----------------- Done invoking toplevel() on ptolemy.moml.MoMLSimpleApplication@3f0e1364
reloadAllAccessors: .AbsoluteValue

===========================================================================================
----------------- testing Wed Sep 08 18:58:59 UTC 2021 /home/travis/build/icyphy/ptII/ptolemy/actor/lib/test/auto/AbsoluteValue2.xml
----------------- Instantiating /home/travis/build/icyphy/ptII/ptolemy/actor/lib/test/auto/AbsoluteValue2.xml
5 ms. Memory: 270336K Free: 96928K (36%)
----------------- Invoking toplevel() on ptolemy.moml.MoMLSimpleApplication@64261b79
----------------- Done invoking toplevel() on ptolemy.moml.MoMLSimpleApplication@64261b79
reloadAllAccessors: .AbsoluteValue2

===========================================================================================
----------------- testing Wed Sep 08 18:58:59 UTC 2021 /home/travis/build/icyphy/ptII/ptolemy/actor/lib/test/auto/Accumulator.xml
----------------- Instantiating /home/travis/build/icyphy/ptII/ptolemy/actor/lib/test/auto/Accumulator.xml
12 ms. Memory: 270336K Free: 215809K (80%)
----------------- Invoking toplevel() on ptolemy.moml.MoMLSimpleApplication@448f838b
----------------- Done invoking toplevel() on ptolemy.moml.MoMLSimpleApplication@448f838b
reloadAllAccessors: .Accumulator

===========================================================================================
----------------- testing Wed Sep 08 18:58:59 UTC 2021 /home/travis/build/icyphy/ptII/ptolemy/actor/lib/test/auto/Accumulator2.xml
----------------- Instantiating /home/travis/build/icyphy/ptII/ptolemy/actor/lib/test/auto/Accumulator2.xml
3 ms. Memory: 270336K Free: 210175K (78%)
----------------- Invoking toplevel() on ptolemy.moml.MoMLSimpleApplication@567339ae
----------------- Done invoking toplevel() on ptolemy.moml.MoMLSimpleApplication@567339ae
reloadAllAccessors: .Accumulator2

===========================================================================================
----------------- testing Wed Sep 08 18:58:59 UTC 2021 /home/travis/build/icyphy/ptII/ptolemy/actor/lib/test/auto/Accumulator3.xml
----------------- Instantiating /home/travis/build/icyphy/ptII/ptolemy/actor/lib/test/auto/Accumulator3.xml
2 ms. Memory: 270336K Free: 206079K (76%)
----------------- Invoking toplevel() on ptolemy.moml.MoMLSimpleApplication@21dba20a
----------------- Done invoking toplevel() on ptolemy.moml.MoMLSimpleApplication@21dba20a
reloadAllAccessors: .Accumulator3

===========================================================================================
----------------- testing Wed Sep 08 18:58:59 UTC 2021 /home/travis/build/icyphy/ptII/ptolemy/actor/lib/test/auto/ArrayAppend.xml
----------------- Instantiating /home/travis/build/icyphy/ptII/ptolemy/actor/lib/test/auto/ArrayAppend.xml
7 ms. Memory: 270336K Free: 199920K (74%)
----------------- Invoking toplevel() on ptolemy.moml.MoMLSimpleApplication@65dbbc05
----------------- Done invoking toplevel() on ptolemy.moml.MoMLSimpleApplication@65dbbc05
reloadAllAccessors: .ArrayAppend

===========================================================================================
----------------- testing Wed Sep 08 18:58:59 UTC 2021 /home/travis/build/icyphy/ptII/ptolemy/actor/lib/test/auto/ArrayAppend2.xml
----------------- Instantiating /home/travis/build/icyphy/ptII/ptolemy/actor/lib/test/auto/ArrayAppend2.xml
281 ms. Memory: 270336K Free: 135423K (50%)
----------------- Invoking toplevel() on ptolemy.moml.MoMLSimpleApplication@2b27d815
----------------- Done invoking toplevel() on ptolemy.moml.MoMLSimpleApplication@2b27d815
reloadAllAccessors: .ArrayAppend2

===========================================================================================
----------------- testing Wed Sep 08 18:58:59 UTC 2021 /home/travis/build/icyphy/ptII/ptolemy/actor/lib/test/auto/ArrayAppend3.xml
----------------- Instantiating /home/travis/build/icyphy/ptII/ptolemy/actor/lib/test/auto/ArrayAppend3.xml
12 ms. Memory: 270336K Free: 130303K (48%)
----------------- Invoking toplevel() on ptolemy.moml.MoMLSimpleApplication@78f04aa4
----------------- Done invoking toplevel() on ptolemy.moml.MoMLSimpleApplication@78f04aa4
reloadAllAccessors: .ArrayAppend3

===========================================================================================
----------------- testing Wed Sep 08 18:58:59 UTC 2021 /home/travis/build/icyphy/ptII/ptolemy/actor/lib/test/auto/ArrayAppend4.xml
----------------- Instantiating /home/travis/build/icyphy/ptII/ptolemy/actor/lib/test/auto/ArrayAppend4.xml
3 ms. Memory: 270336K Free: 125183K (46%)
----------------- Invoking toplevel() on ptolemy.moml.MoMLSimpleApplication@6c670ffd
----------------- Done invoking toplevel() on ptolemy.moml.MoMLSimpleApplication@6c670ffd
reloadAllAccessors: .ArrayAppend4

===========================================================================================
----------------- testing Wed Sep 08 18:58:59 UTC 2021 /home/travis/build/icyphy/ptII/ptolemy/actor/lib/test/auto/ArrayAppend5.xml
----------------- Instantiating /home/travis/build/icyphy/ptII/ptolemy/actor/lib/test/auto/ArrayAppend5.xml
5 ms. Memory: 270336K Free: 120063K (44%)
----------------- Invoking toplevel() on ptolemy.moml.MoMLSimpleApplication@369523c5
----------------- Done invoking toplevel() on ptolemy.moml.MoMLSimpleApplication@369523c5
reloadAllAccessors: .ArrayAppend5

===========================================================================================
----------------- testing Wed Sep 08 18:58:59 UTC 2021 /home/travis/build/icyphy/ptII/ptolemy/actor/lib/test/auto/ArrayAppend6.xml
----------------- Instantiating /home/travis/build/icyphy/ptII/ptolemy/actor/lib/test/auto/ArrayAppend6.xml
3 ms. Memory: 270336K Free: 114943K (43%)
----------------- Invoking toplevel() on ptolemy.moml.MoMLSimpleApplication@7bdb1c54
----------------- Done invoking toplevel() on ptolemy.moml.MoMLSimpleApplication@7bdb1c54
reloadAllAccessors: .ArrayAppend6

===========================================================================================
----------------- testing Wed Sep 08 18:59:00 UTC 2021 /home/travis/build/icyphy/ptII/ptolemy/actor/lib/test/auto/ArrayAppendPerformanceTest.xml
----------------- Instantiating /home/travis/build/icyphy/ptII/ptolemy/actor/lib/test/auto/ArrayAppendPerformanceTest.xml
22 ms. Memory: 270336K Free: 103679K (38%)
----------------- Invoking toplevel() on ptolemy.moml.MoMLSimpleApplication@19b914ff
----------------- Done invoking toplevel() on ptolemy.moml.MoMLSimpleApplication@19b914ff
reloadAllAccessors: .ArrayAppendPerformanceTest

===========================================================================================
----------------- testing Wed Sep 08 18:59:00 UTC 2021 /home/travis/build/icyphy/ptII/ptolemy/actor/lib/test/auto/ArrayAppendWithEmptyInput.xml
----------------- Instantiating /home/travis/build/icyphy/ptII/ptolemy/actor/lib/test/auto/ArrayAppendWithEmptyInput.xml
9 ms. Memory: 270336K Free: 95487K (35%)
----------------- Invoking toplevel() on ptolemy.moml.MoMLSimpleApplication@356f0060
----------------- Done invoking toplevel() on ptolemy.moml.MoMLSimpleApplication@356f0060
reloadAllAccessors: .ArrayAppendWithEmptyInput

===========================================================================================
----------------- testing Wed Sep 08 18:59:00 UTC 2021 /home/travis/build/icyphy/ptII/ptolemy/actor/lib/test/auto/ArrayAverage.xml
----------------- Instantiating /home/travis/build/icyphy/ptII/ptolemy/actor/lib/test/auto/ArrayAverage.xml
5 ms. Memory: 270336K Free: 87809K (32%)
----------------- Invoking toplevel() on ptolemy.moml.MoMLSimpleApplication@4e78dee8
----------------- Done invoking toplevel() on ptolemy.moml.MoMLSimpleApplication@4e78dee8
reloadAllAccessors: .ArrayAverage

===========================================================================================
----------------- testing Wed Sep 08 18:59:00 UTC 2021 /home/travis/build/icyphy/ptII/ptolemy/actor/lib/test/auto/ArrayContains.xml
----------------- Instantiating /home/travis/build/icyphy/ptII/ptolemy/actor/lib/test/auto/ArrayContains.xml
2 ms. Memory: 270336K Free: 82175K (30%)
----------------- Invoking toplevel() on ptolemy.moml.MoMLSimpleApplication@24154a4c
----------------- Done invoking toplevel() on ptolemy.moml.MoMLSimpleApplication@24154a4c
reloadAllAccessors: .ArrayContains

===========================================================================================
----------------- testing Wed Sep 08 18:59:00 UTC 2021 /home/travis/build/icyphy/ptII/ptolemy/actor/lib/test/auto/ArrayElement.xml
----------------- Instantiating /home/travis/build/icyphy/ptII/ptolemy/actor/lib/test/auto/ArrayElement.xml
2 ms. Memory: 270336K Free: 217600K (80%)
----------------- Invoking toplevel() on ptolemy.moml.MoMLSimpleApplication@7404d5ed
----------------- Done invoking toplevel() on ptolemy.moml.MoMLSimpleApplication@7404d5ed
reloadAllAccessors: .ArrayElement

===========================================================================================
----------------- testing Wed Sep 08 18:59:00 UTC 2021 /home/travis/build/icyphy/ptII/ptolemy/actor/lib/test/auto/ArrayElementAsMatrix.xml
----------------- Instantiating /home/travis/build/icyphy/ptII/ptolemy/actor/lib/test/auto/ArrayElementAsMatrix.xml
14 ms. Memory: 270336K Free: 207360K (77%)
----------------- Invoking toplevel() on ptolemy.moml.MoMLSimpleApplication@7392a95c
----------------- Done invoking toplevel() on ptolemy.moml.MoMLSimpleApplication@7392a95c
reloadAllAccessors: .ArrayElementAsMatrix

===========================================================================================
----------------- testing Wed Sep 08 18:59:00 UTC 2021 /home/travis/build/icyphy/ptII/ptolemy/actor/lib/test/auto/ArrayElementI.xml
----------------- Instantiating /home/travis/build/icyphy/ptII/ptolemy/actor/lib/test/auto/ArrayElementI.xml
4 ms. Memory: 270336K Free: 202240K (75%)
----------------- Invoking toplevel() on ptolemy.moml.MoMLSimpleApplication@3328c83
----------------- Done invoking toplevel() on ptolemy.moml.MoMLSimpleApplication@3328c83
reloadAllAccessors: .ArrayElementI

===========================================================================================
----------------- testing Wed Sep 08 18:59:00 UTC 2021 /home/travis/build/icyphy/ptII/ptolemy/actor/lib/test/auto/ArrayExtract.xml
----------------- Instantiating /home/travis/build/icyphy/ptII/ptolemy/actor/lib/test/auto/ArrayExtract.xml
9 ms. Memory: 270336K Free: 193534K (72%)
----------------- Invoking toplevel() on ptolemy.moml.MoMLSimpleApplication@263adecc
----------------- Done invoking toplevel() on ptolemy.moml.MoMLSimpleApplication@263adecc
reloadAllAccessors: .ArrayExtract

===========================================================================================
----------------- testing Wed Sep 08 18:59:00 UTC 2021 /home/travis/build/icyphy/ptII/ptolemy/actor/lib/test/auto/ArrayExtract2.xml
----------------- Instantiating /home/travis/build/icyphy/ptII/ptolemy/actor/lib/test/auto/ArrayExtract2.xml
5 ms. Memory: 270336K Free: 188399K (70%)
----------------- Invoking toplevel() on ptolemy.moml.MoMLSimpleApplication@5fb2a0de
----------------- Done invoking toplevel() on ptolemy.moml.MoMLSimpleApplication@5fb2a0de
reloadAllAccessors: .ArrayExtract2

===========================================================================================
----------------- testing Wed Sep 08 18:59:00 UTC 2021 /home/travis/build/icyphy/ptII/ptolemy/actor/lib/test/auto/ArrayLength.xml
----------------- Instantiating /home/travis/build/icyphy/ptII/ptolemy/actor/lib/test/auto/ArrayLength.xml
2 ms. Memory: 270336K Free: 184318K (68%)
----------------- Invoking toplevel() on ptolemy.moml.MoMLSimpleApplication@5bed714e
----------------- Done invoking toplevel() on ptolemy.moml.MoMLSimpleApplication@5bed714e
reloadAllAccessors: .ArrayLength

===========================================================================================
----------------- testing Wed Sep 08 18:59:00 UTC 2021 /home/travis/build/icyphy/ptII/ptolemy/actor/lib/test/auto/ArrayLevelCrossing.xml
----------------- Instantiating /home/travis/build/icyphy/ptII/ptolemy/actor/lib/test/auto/ArrayLevelCrossing.xml
3 ms. Memory: 270336K Free: 176640K (65%)
----------------- Invoking toplevel() on ptolemy.moml.MoMLSimpleApplication@3c2a7835
----------------- Done invoking toplevel() on ptolemy.moml.MoMLSimpleApplication@3c2a7835
reloadAllAccessors: .ArrayLevelCrossing

===========================================================================================
----------------- testing Wed Sep 08 18:59:00 UTC 2021 /home/travis/build/icyphy/ptII/ptolemy/actor/lib/test/auto/ArrayLevelCrossing2.xml
----------------- Instantiating /home/travis/build/icyphy/ptII/ptolemy/actor/lib/test/auto/ArrayLevelCrossing2.xml
3 ms. Memory: 270336K Free: 169472K (63%)
----------------- Invoking toplevel() on ptolemy.moml.MoMLSimpleApplication@32c63423
----------------- Done invoking toplevel() on ptolemy.moml.MoMLSimpleApplication@32c63423
reloadAllAccessors: .ArrayLevelCrossing2

===========================================================================================
----------------- testing Wed Sep 08 18:59:00 UTC 2021 /home/travis/build/icyphy/ptII/ptolemy/actor/lib/test/auto/ArrayPeakSearch.xml
----------------- Instantiating /home/travis/build/icyphy/ptII/ptolemy/actor/lib/test/auto/ArrayPeakSearch.xml
10 ms. Memory: 270336K Free: 160766K (59%)
----------------- Invoking toplevel() on ptolemy.moml.MoMLSimpleApplication@4b645b65
----------------- Done invoking toplevel() on ptolemy.moml.MoMLSimpleApplication@4b645b65
reloadAllAccessors: .ArrayPeakSearch

===========================================================================================
----------------- testing Wed Sep 08 18:59:00 UTC 2021 /home/travis/build/icyphy/ptII/ptolemy/actor/lib/test/auto/ArrayPeakSearch2.xml
----------------- Instantiating /home/travis/build/icyphy/ptII/ptolemy/actor/lib/test/auto/ArrayPeakSearch2.xml
5 ms. Memory: 270336K Free: 150016K (55%)
----------------- Invoking toplevel() on ptolemy.moml.MoMLSimpleApplication@19de14f8
----------------- Done invoking toplevel() on ptolemy.moml.MoMLSimpleApplication@19de14f8
reloadAllAccessors: .ArrayPeakSearch2

===========================================================================================
----------------- testing Wed Sep 08 18:59:00 UTC 2021 /home/travis/build/icyphy/ptII/ptolemy/actor/lib/test/auto/ArrayPeakSearch3.xml
----------------- Instantiating /home/travis/build/icyphy/ptII/ptolemy/actor/lib/test/auto/ArrayPeakSearch3.xml
4 ms. Memory: 270336K Free: 141310K (52%)
----------------- Invoking toplevel() on ptolemy.moml.MoMLSimpleApplication@4c92304e
----------------- Done invoking toplevel() on ptolemy.moml.MoMLSimpleApplication@4c92304e
reloadAllAccessors: .ArrayPeakSearch3

===========================================================================================
----------------- testing Wed Sep 08 18:59:00 UTC 2021 /home/travis/build/icyphy/ptII/ptolemy/actor/lib/test/auto/ArrayRemoveElement.xml
----------------- Instantiating /home/travis/build/icyphy/ptII/ptolemy/actor/lib/test/auto/ArrayRemoveElement.xml
3 ms. Memory: 270336K Free: 133118K (49%)
----------------- Invoking toplevel() on ptolemy.moml.MoMLSimpleApplication@a353e1c
----------------- Done invoking toplevel() on ptolemy.moml.MoMLSimpleApplication@a353e1c
reloadAllAccessors: .ArrayRemoveElement

===========================================================================================
----------------- testing Wed Sep 08 18:59:00 UTC 2021 /home/travis/build/icyphy/ptII/ptolemy/actor/lib/test/auto/ArraySort.xml
----------------- Instantiating /home/travis/build/icyphy/ptII/ptolemy/actor/lib/test/auto/ArraySort.xml
5 ms. Memory: 270336K Free: 124416K (46%)
----------------- Invoking toplevel() on ptolemy.moml.MoMLSimpleApplication@860fc3
----------------- Done invoking toplevel() on ptolemy.moml.MoMLSimpleApplication@860fc3
reloadAllAccessors: .ArraySort

===========================================================================================
----------------- testing Wed Sep 08 18:59:00 UTC 2021 /home/travis/build/icyphy/ptII/ptolemy/actor/lib/test/auto/ArraySum.xml
----------------- Instantiating /home/travis/build/icyphy/ptII/ptolemy/actor/lib/test/auto/ArraySum.xml
5 ms. Memory: 270336K Free: 118782K (44%)
----------------- Invoking toplevel() on ptolemy.moml.MoMLSimpleApplication@544b8690
----------------- Done invoking toplevel() on ptolemy.moml.MoMLSimpleApplication@544b8690
reloadAllAccessors: .ArraySum

===========================================================================================
----------------- testing Wed Sep 08 18:59:00 UTC 2021 /home/travis/build/icyphy/ptII/ptolemy/actor/lib/test/auto/ArrayToElements.xml
----------------- Instantiating /home/travis/build/icyphy/ptII/ptolemy/actor/lib/test/auto/ArrayToElements.xml
9 ms. Memory: 270336K Free: 113662K (42%)
----------------- Invoking toplevel() on ptolemy.moml.MoMLSimpleApplication@13dce20b
----------------- Done invoking toplevel() on ptolemy.moml.MoMLSimpleApplication@13dce20b
reloadAllAccessors: .ArrayToElements

===========================================================================================
----------------- testing Wed Sep 08 18:59:00 UTC 2021 /home/travis/build/icyphy/ptII/ptolemy/actor/lib/test/auto/ArrayToMatrix.xml
----------------- Instantiating /home/travis/build/icyphy/ptII/ptolemy/actor/lib/test/auto/ArrayToMatrix.xml
19 ms. Memory: 270336K Free: 99326K (37%)
----------------- Invoking toplevel() on ptolemy.moml.MoMLSimpleApplication@51d1e7dd
----------------- Done invoking toplevel() on ptolemy.moml.MoMLSimpleApplication@51d1e7dd
reloadAllAccessors: .ArrayToMatrix

===========================================================================================
----------------- testing Wed Sep 08 18:59:00 UTC 2021 /home/travis/build/icyphy/ptII/ptolemy/actor/lib/test/auto/ArrayUpdate1.xml
----------------- Instantiating /home/travis/build/icyphy/ptII/ptolemy/actor/lib/test/auto/ArrayUpdate1.xml
4 ms. Memory: 270336K Free: 94720K (35%)
----------------- Invoking toplevel() on ptolemy.moml.MoMLSimpleApplication@44618f8f
----------------- Done invoking toplevel() on ptolemy.moml.MoMLSimpleApplication@44618f8f
reloadAllAccessors: .ArrayUpdate1

===========================================================================================
----------------- testing Wed Sep 08 18:59:00 UTC 2021 /home/travis/build/icyphy/ptII/ptolemy/actor/lib/test/auto/ArrayUpdate2.xml
----------------- Instantiating /home/travis/build/icyphy/ptII/ptolemy/actor/lib/test/auto/ArrayUpdate2.xml
7 ms. Memory: 270336K Free: 88062K (33%)
----------------- Invoking toplevel() on ptolemy.moml.MoMLSimpleApplication@1231034b
----------------- Done invoking toplevel() on ptolemy.moml.MoMLSimpleApplication@1231034b
reloadAllAccessors: .ArrayUpdate2

===========================================================================================
----------------- testing Wed Sep 08 18:59:00 UTC 2021 /home/travis/build/icyphy/ptII/ptolemy/actor/lib/test/auto/ArrayUpdate3.xml
----------------- Instantiating /home/travis/build/icyphy/ptII/ptolemy/actor/lib/test/auto/ArrayUpdate3.xml
4 ms. Memory: 270336K Free: 83456K (31%)
----------------- Invoking toplevel() on ptolemy.moml.MoMLSimpleApplication@4aec0937
----------------- Done invoking toplevel() on ptolemy.moml.MoMLSimpleApplication@4aec0937
reloadAllAccessors: .ArrayUpdate3

===========================================================================================
----------------- testing Wed Sep 08 18:59:00 UTC 2021 /home/travis/build/icyphy/ptII/ptolemy/actor/lib/test/auto/Assert1.xml
----------------- Instantiating /home/travis/build/icyphy/ptII/ptolemy/actor/lib/test/auto/Assert1.xml
6 ms. Memory: 270336K Free: 79360K (29%)
----------------- Invoking toplevel() on ptolemy.moml.MoMLSimpleApplication@b704a50
----------------- Done invoking toplevel() on ptolemy.moml.MoMLSimpleApplication@b704a50
reloadAllAccessors: .Assert1

===========================================================================================
----------------- testing Wed Sep 08 18:59:00 UTC 2021 /home/travis/build/icyphy/ptII/ptolemy/actor/lib/test/auto/Assert2.xml
----------------- Instantiating /home/travis/build/icyphy/ptII/ptolemy/actor/lib/test/auto/Assert2.xml
3 ms. Memory: 270336K Free: 73726K (27%)
----------------- Invoking toplevel() on ptolemy.moml.MoMLSimpleApplication@53746b44
----------------- Done invoking toplevel() on ptolemy.moml.MoMLSimpleApplication@53746b44
reloadAllAccessors: .Assert2

===========================================================================================
----------------- testing Wed Sep 08 18:59:00 UTC 2021 /home/travis/build/icyphy/ptII/ptolemy/actor/lib/test/auto/BooleanMultiplexor.xml
----------------- Instantiating /home/travis/build/icyphy/ptII/ptolemy/actor/lib/test/auto/BooleanMultiplexor.xml
2 ms. Memory: 270336K Free: 217055K (80%)
----------------- Invoking toplevel() on ptolemy.moml.MoMLSimpleApplication@65ebcc79
----------------- Done invoking toplevel() on ptolemy.moml.MoMLSimpleApplication@65ebcc79
reloadAllAccessors: .BooleanMultiplexor

===========================================================================================
----------------- testing Wed Sep 08 18:59:00 UTC 2021 /home/travis/build/icyphy/ptII/ptolemy/actor/lib/test/auto/BooleanMultiplexor2.xml
----------------- Instantiating /home/travis/build/icyphy/ptII/ptolemy/actor/lib/test/auto/BooleanMultiplexor2.xml
13 ms. Memory: 270336K Free: 210432K (78%)
----------------- Invoking toplevel() on ptolemy.moml.MoMLSimpleApplication@553ed566
----------------- Done invoking toplevel() on ptolemy.moml.MoMLSimpleApplication@553ed566
reloadAllAccessors: .BooleanMultiplexor2

===========================================================================================
----------------- testing Wed Sep 08 18:59:00 UTC 2021 /home/travis/build/icyphy/ptII/ptolemy/actor/lib/test/auto/BooleanMultiplexor3.xml
----------------- Instantiating /home/travis/build/icyphy/ptII/ptolemy/actor/lib/test/auto/BooleanMultiplexor3.xml
3 ms. Memory: 270336K Free: 206336K (76%)
----------------- Invoking toplevel() on ptolemy.moml.MoMLSimpleApplication@561e9fa2
----------------- Done invoking toplevel() on ptolemy.moml.MoMLSimpleApplication@561e9fa2
reloadAllAccessors: .BooleanMultiplexor3

===========================================================================================
----------------- testing Wed Sep 08 18:59:00 UTC 2021 /home/travis/build/icyphy/ptII/ptolemy/actor/lib/test/auto/BooleanSelect.xml
----------------- Instantiating /home/travis/build/icyphy/ptII/ptolemy/actor/lib/test/auto/BooleanSelect.xml
8 ms. Memory: 270336K Free: 200671K (74%)
----------------- Invoking toplevel() on ptolemy.moml.MoMLSimpleApplication@7ae7ccb0
----------------- Done invoking toplevel() on ptolemy.moml.MoMLSimpleApplication@7ae7ccb0
reloadAllAccessors: .BooleanSelect

===========================================================================================
----------------- testing Wed Sep 08 18:59:01 UTC 2021 /home/travis/build/icyphy/ptII/ptolemy/actor/lib/test/auto/BooleanSelect2.xml
----------------- Instantiating /home/travis/build/icyphy/ptII/ptolemy/actor/lib/test/auto/BooleanSelect2.xml
3 ms. Memory: 270336K Free: 196096K (73%)
----------------- Invoking toplevel() on ptolemy.moml.MoMLSimpleApplication@77afd997
----------------- Done invoking toplevel() on ptolemy.moml.MoMLSimpleApplication@77afd997
reloadAllAccessors: .BooleanSelect2

===========================================================================================
----------------- testing Wed Sep 08 18:59:01 UTC 2021 /home/travis/build/icyphy/ptII/ptolemy/actor/lib/test/auto/BooleanSwitch.xml
----------------- Instantiating /home/travis/build/icyphy/ptII/ptolemy/actor/lib/test/auto/BooleanSwitch.xml
8 ms. Memory: 270336K Free: 190462K (70%)
----------------- Invoking toplevel() on ptolemy.moml.MoMLSimpleApplication@3f267854
----------------- Done invoking toplevel() on ptolemy.moml.MoMLSimpleApplication@3f267854
reloadAllAccessors: .BooleanSwitch

===========================================================================================
----------------- testing Wed Sep 08 18:59:01 UTC 2021 /home/travis/build/icyphy/ptII/ptolemy/actor/lib/test/auto/BooleanSwitch2.xml
----------------- Instantiating /home/travis/build/icyphy/ptII/ptolemy/actor/lib/test/auto/BooleanSwitch2.xml
2 ms. Memory: 270336K Free: 185856K (69%)
----------------- Invoking toplevel() on ptolemy.moml.MoMLSimpleApplication@13167be9
----------------- Done invoking toplevel() on ptolemy.moml.MoMLSimpleApplication@13167be9
reloadAllAccessors: .BooleanSwitch2

===========================================================================================
----------------- testing Wed Sep 08 18:59:01 UTC 2021 /home/travis/build/icyphy/ptII/ptolemy/actor/lib/test/auto/BooleanSwitchCloningBugWithClassRelationGroup.xml
----------------- Instantiating /home/travis/build/icyphy/ptII/ptolemy/actor/lib/test/auto/BooleanSwitchCloningBugWithClassRelationGroup.xml
4 ms. Memory: 270336K Free: 179712K (66%)
----------------- Invoking toplevel() on ptolemy.moml.MoMLSimpleApplication@50975704
----------------- Done invoking toplevel() on ptolemy.moml.MoMLSimpleApplication@50975704
reloadAllAccessors: .BooleanSwitchCloningBugWithClassRelationGroup

===========================================================================================
----------------- testing Wed Sep 08 18:59:01 UTC 2021 /home/travis/build/icyphy/ptII/ptolemy/actor/lib/test/auto/BusActors.xml
----------------- Instantiating /home/travis/build/icyphy/ptII/ptolemy/actor/lib/test/auto/BusActors.xml
4 ms. Memory: 270336K Free: 171520K (63%)
----------------- Invoking toplevel() on ptolemy.moml.MoMLSimpleApplication@502165e8
----------------- Done invoking toplevel() on ptolemy.moml.MoMLSimpleApplication@502165e8
reloadAllAccessors: .BusActors

===========================================================================================
----------------- testing Wed Sep 08 18:59:01 UTC 2021 /home/travis/build/icyphy/ptII/ptolemy/actor/lib/test/auto/ClassWrapper.xml
----------------- Instantiating /home/travis/build/icyphy/ptII/ptolemy/actor/lib/test/auto/ClassWrapper.xml
2 ms. Memory: 270336K Free: 167424K (62%)
----------------- Invoking toplevel() on ptolemy.moml.MoMLSimpleApplication@8fee37
----------------- Done invoking toplevel() on ptolemy.moml.MoMLSimpleApplication@8fee37
reloadAllAccessors: .ClassWrapper

===========================================================================================
----------------- testing Wed Sep 08 18:59:01 UTC 2021 /home/travis/build/icyphy/ptII/ptolemy/actor/lib/test/auto/Clock.xml
----------------- Instantiating /home/travis/build/icyphy/ptII/ptolemy/actor/lib/test/auto/Clock.xml
2 ms. Memory: 270336K Free: 163328K (60%)
----------------- Invoking toplevel() on ptolemy.moml.MoMLSimpleApplication@16519c38
----------------- Done invoking toplevel() on ptolemy.moml.MoMLSimpleApplication@16519c38
reloadAllAccessors: .Clock

===========================================================================================
----------------- testing Wed Sep 08 18:59:01 UTC 2021 /home/travis/build/icyphy/ptII/ptolemy/actor/lib/test/auto/Clock10.xml
----------------- Instantiating /home/travis/build/icyphy/ptII/ptolemy/actor/lib/test/auto/Clock10.xml
4 ms. Memory: 270336K Free: 157694K (58%)
----------------- Invoking toplevel() on ptolemy.moml.MoMLSimpleApplication@4295e7e6
----------------- Done invoking toplevel() on ptolemy.moml.MoMLSimpleApplication@4295e7e6
reloadAllAccessors: .Clock10

===========================================================================================
----------------- testing Wed Sep 08 18:59:01 UTC 2021 /home/travis/build/icyphy/ptII/ptolemy/actor/lib/test/auto/Clock11.xml
----------------- Instantiating /home/travis/build/icyphy/ptII/ptolemy/actor/lib/test/auto/Clock11.xml
5 ms. Memory: 270336K Free: 151550K (56%)
----------------- Invoking toplevel() on ptolemy.moml.MoMLSimpleApplication@2adc3a56
----------------- Done invoking toplevel() on ptolemy.moml.MoMLSimpleApplication@2adc3a56
reloadAllAccessors: .Clock11

===========================================================================================
----------------- testing Wed Sep 08 18:59:01 UTC 2021 /home/travis/build/icyphy/ptII/ptolemy/actor/lib/test/auto/Clock12.xml
----------------- Instantiating /home/travis/build/icyphy/ptII/ptolemy/actor/lib/test/auto/Clock12.xml
5 ms. Memory: 270336K Free: 145920K (54%)
----------------- Invoking toplevel() on ptolemy.moml.MoMLSimpleApplication@276441e3
----------------- Done invoking toplevel() on ptolemy.moml.MoMLSimpleApplication@276441e3
reloadAllAccessors: .Clock12

===========================================================================================
----------------- testing Wed Sep 08 18:59:01 UTC 2021 /home/travis/build/icyphy/ptII/ptolemy/actor/lib/test/auto/Clock13.xml
----------------- Instantiating /home/travis/build/icyphy/ptII/ptolemy/actor/lib/test/auto/Clock13.xml
7 ms. Memory: 270336K Free: 139776K (52%)
----------------- Invoking toplevel() on ptolemy.moml.MoMLSimpleApplication@22804f47
----------------- Done invoking toplevel() on ptolemy.moml.MoMLSimpleApplication@22804f47
reloadAllAccessors: .Clock13

===========================================================================================
----------------- testing Wed Sep 08 18:59:01 UTC 2021 /home/travis/build/icyphy/ptII/ptolemy/actor/lib/test/auto/Clock14.xml
----------------- Instantiating /home/travis/build/icyphy/ptII/ptolemy/actor/lib/test/auto/Clock14.xml
6 ms. Memory: 270336K Free: 134135K (50%)
----------------- Invoking toplevel() on ptolemy.moml.MoMLSimpleApplication@2d97c298
----------------- Done invoking toplevel() on ptolemy.moml.MoMLSimpleApplication@2d97c298
reloadAllAccessors: .Clock14

===========================================================================================
----------------- testing Wed Sep 08 18:59:01 UTC 2021 /home/travis/build/icyphy/ptII/ptolemy/actor/lib/test/auto/Clock15.xml
----------------- Instantiating /home/travis/build/icyphy/ptII/ptolemy/actor/lib/test/auto/Clock15.xml
5 ms. Memory: 270336K Free: 127967K (47%)
----------------- Invoking toplevel() on ptolemy.moml.MoMLSimpleApplication@23074f9b
----------------- Done invoking toplevel() on ptolemy.moml.MoMLSimpleApplication@23074f9b
reloadAllAccessors: .Clock15

===========================================================================================
----------------- testing Wed Sep 08 18:59:01 UTC 2021 /home/travis/build/icyphy/ptII/ptolemy/actor/lib/test/auto/Clock16.xml
----------------- Instantiating /home/travis/build/icyphy/ptII/ptolemy/actor/lib/test/auto/Clock16.xml
36 ms. Memory: 270336K Free: 113152K (42%)
----------------- Invoking toplevel() on ptolemy.moml.MoMLSimpleApplication@45849201
----------------- Done invoking toplevel() on ptolemy.moml.MoMLSimpleApplication@45849201
reloadAllAccessors: .Clock16

===========================================================================================
----------------- testing Wed Sep 08 18:59:01 UTC 2021 /home/travis/build/icyphy/ptII/ptolemy/actor/lib/test/auto/Clock17.xml
----------------- Instantiating /home/travis/build/icyphy/ptII/ptolemy/actor/lib/test/auto/Clock17.xml
24 ms. Memory: 270336K Free: 99311K (37%)
----------------- Invoking toplevel() on ptolemy.moml.MoMLSimpleApplication@70b601fa
----------------- Done invoking toplevel() on ptolemy.moml.MoMLSimpleApplication@70b601fa
reloadAllAccessors: .Clock17

===========================================================================================
----------------- testing Wed Sep 08 18:59:01 UTC 2021 /home/travis/build/icyphy/ptII/ptolemy/actor/lib/test/auto/Clock18.xml
----------------- Instantiating /home/travis/build/icyphy/ptII/ptolemy/actor/lib/test/auto/Clock18.xml
23 ms. Memory: 270336K Free: 85504K (32%)
----------------- Invoking toplevel() on ptolemy.moml.MoMLSimpleApplication@5cb97eaf
----------------- Done invoking toplevel() on ptolemy.moml.MoMLSimpleApplication@5cb97eaf
reloadAllAccessors: .Clock18

===========================================================================================
----------------- testing Wed Sep 08 18:59:01 UTC 2021 /home/travis/build/icyphy/ptII/ptolemy/actor/lib/test/auto/Clock19.xml
----------------- Instantiating /home/travis/build/icyphy/ptII/ptolemy/actor/lib/test/auto/Clock19.xml
13 ms. Memory: 270336K Free: 72671K (27%)
----------------- Invoking toplevel() on ptolemy.moml.MoMLSimpleApplication@5d608d88
----------------- Done invoking toplevel() on ptolemy.moml.MoMLSimpleApplication@5d608d88
reloadAllAccessors: .Clock19

===========================================================================================
----------------- testing Wed Sep 08 18:59:01 UTC 2021 /home/travis/build/icyphy/ptII/ptolemy/actor/lib/test/auto/Clock2.xml
----------------- Instantiating /home/travis/build/icyphy/ptII/ptolemy/actor/lib/test/auto/Clock2.xml
7 ms. Memory: 533504K Free: 482271K (90%)
----------------- Invoking toplevel() on ptolemy.moml.MoMLSimpleApplication@7e7bae7
----------------- Done invoking toplevel() on ptolemy.moml.MoMLSimpleApplication@7e7bae7
reloadAllAccessors: .Clock2

===========================================================================================
----------------- testing Wed Sep 08 18:59:01 UTC 2021 /home/travis/build/icyphy/ptII/ptolemy/actor/lib/test/auto/Clock20.xml
----------------- Instantiating /home/travis/build/icyphy/ptII/ptolemy/actor/lib/test/auto/Clock20.xml
10 ms. Memory: 533504K Free: 476667K (89%)
----------------- Invoking toplevel() on ptolemy.moml.MoMLSimpleApplication@6e4150d4
----------------- Done invoking toplevel() on ptolemy.moml.MoMLSimpleApplication@6e4150d4
reloadAllAccessors: .Clock20

===========================================================================================
----------------- testing Wed Sep 08 18:59:01 UTC 2021 /home/travis/build/icyphy/ptII/ptolemy/actor/lib/test/auto/Clock21.xml
----------------- Instantiating /home/travis/build/icyphy/ptII/ptolemy/actor/lib/test/auto/Clock21.xml
6 ms. Memory: 533504K Free: 471038K (88%)
----------------- Invoking toplevel() on ptolemy.moml.MoMLSimpleApplication@2ef21ad0
----------------- Done invoking toplevel() on ptolemy.moml.MoMLSimpleApplication@2ef21ad0
reloadAllAccessors: .Clock21

===========================================================================================
----------------- testing Wed Sep 08 18:59:01 UTC 2021 /home/travis/build/icyphy/ptII/ptolemy/actor/lib/test/auto/Clock22.xml
----------------- Instantiating /home/travis/build/icyphy/ptII/ptolemy/actor/lib/test/auto/Clock22.xml
6 ms. Memory: 533504K Free: 465918K (87%)
----------------- Invoking toplevel() on ptolemy.moml.MoMLSimpleApplication@5f745a9c
----------------- Done invoking toplevel() on ptolemy.moml.MoMLSimpleApplication@5f745a9c
reloadAllAccessors: .Clock22

===========================================================================================
----------------- testing Wed Sep 08 18:59:01 UTC 2021 /home/travis/build/icyphy/ptII/ptolemy/actor/lib/test/auto/Clock23.xml
----------------- Instantiating /home/travis/build/icyphy/ptII/ptolemy/actor/lib/test/auto/Clock23.xml
6 ms. Memory: 533504K Free: 460288K (86%)
----------------- Invoking toplevel() on ptolemy.moml.MoMLSimpleApplication@6fd1f69c
----------------- Done invoking toplevel() on ptolemy.moml.MoMLSimpleApplication@6fd1f69c
reloadAllAccessors: .Clock23

===========================================================================================
----------------- testing Wed Sep 08 18:59:01 UTC 2021 /home/travis/build/icyphy/ptII/ptolemy/actor/lib/test/auto/Clock24.xml
----------------- Instantiating /home/travis/build/icyphy/ptII/ptolemy/actor/lib/test/auto/Clock24.xml
5 ms. Memory: 533504K Free: 455168K (85%)
----------------- Invoking toplevel() on ptolemy.moml.MoMLSimpleApplication@4641bc62
----------------- Done invoking toplevel() on ptolemy.moml.MoMLSimpleApplication@4641bc62
reloadAllAccessors: .Clock24

===========================================================================================
----------------- testing Wed Sep 08 18:59:01 UTC 2021 /home/travis/build/icyphy/ptII/ptolemy/actor/lib/test/auto/Clock4.xml
----------------- Instantiating /home/travis/build/icyphy/ptII/ptolemy/actor/lib/test/auto/Clock4.xml
2 ms. Memory: 533504K Free: 450048K (84%)
----------------- Invoking toplevel() on ptolemy.moml.MoMLSimpleApplication@39d149fe
----------------- Done invoking toplevel() on ptolemy.moml.MoMLSimpleApplication@39d149fe
reloadAllAccessors: .Clock4

===========================================================================================
----------------- testing Wed Sep 08 18:59:01 UTC 2021 /home/travis/build/icyphy/ptII/ptolemy/actor/lib/test/auto/Clock5.xml
----------------- Instantiating /home/travis/build/icyphy/ptII/ptolemy/actor/lib/test/auto/Clock5.xml
2 ms. Memory: 533504K Free: 444928K (83%)
----------------- Invoking toplevel() on ptolemy.moml.MoMLSimpleApplication@394986db
----------------- Done invoking toplevel() on ptolemy.moml.MoMLSimpleApplication@394986db
reloadAllAccessors: .Clock5

===========================================================================================
----------------- testing Wed Sep 08 18:59:01 UTC 2021 /home/travis/build/icyphy/ptII/ptolemy/actor/lib/test/auto/Clock6.xml
----------------- Instantiating /home/travis/build/icyphy/ptII/ptolemy/actor/lib/test/auto/Clock6.xml
4 ms. Memory: 533504K Free: 440318K (83%)
----------------- Invoking toplevel() on ptolemy.moml.MoMLSimpleApplication@96bc9f6
----------------- Done invoking toplevel() on ptolemy.moml.MoMLSimpleApplication@96bc9f6
reloadAllAccessors: .Clock6

===========================================================================================
----------------- testing Wed Sep 08 18:59:01 UTC 2021 /home/travis/build/icyphy/ptII/ptolemy/actor/lib/test/auto/Clock7.xml
----------------- Instantiating /home/travis/build/icyphy/ptII/ptolemy/actor/lib/test/auto/Clock7.xml
2 ms. Memory: 533504K Free: 436222K (82%)
----------------- Invoking toplevel() on ptolemy.moml.MoMLSimpleApplication@6955a62e
----------------- Done invoking toplevel() on ptolemy.moml.MoMLSimpleApplication@6955a62e
reloadAllAccessors: .Clock7

===========================================================================================
----------------- testing Wed Sep 08 18:59:01 UTC 2021 /home/travis/build/icyphy/ptII/ptolemy/actor/lib/test/auto/Clock8.xml
----------------- Instantiating /home/travis/build/icyphy/ptII/ptolemy/actor/lib/test/auto/Clock8.xml
5 ms. Memory: 533504K Free: 430592K (81%)
----------------- Invoking toplevel() on ptolemy.moml.MoMLSimpleApplication@3b92384
----------------- Done invoking toplevel() on ptolemy.moml.MoMLSimpleApplication@3b92384
reloadAllAccessors: .Clock8

===========================================================================================
----------------- testing Wed Sep 08 18:59:01 UTC 2021 /home/travis/build/icyphy/ptII/ptolemy/actor/lib/test/auto/Clock9.xml
----------------- Instantiating /home/travis/build/icyphy/ptII/ptolemy/actor/lib/test/auto/Clock9.xml
4 ms. Memory: 533504K Free: 425472K (80%)
----------------- Invoking toplevel() on ptolemy.moml.MoMLSimpleApplication@5756c0f7
----------------- Done invoking toplevel() on ptolemy.moml.MoMLSimpleApplication@5756c0f7
reloadAllAccessors: .Clock9

===========================================================================================
----------------- testing Wed Sep 08 18:59:01 UTC 2021 /home/travis/build/icyphy/ptII/ptolemy/actor/lib/test/auto/CommDistDiscard.xml
----------------- Instantiating /home/travis/build/icyphy/ptII/ptolemy/actor/lib/test/auto/CommDistDiscard.xml
4 ms. Memory: 533504K Free: 419838K (79%)
----------------- Invoking toplevel() on ptolemy.moml.MoMLSimpleApplication@33f77f28
----------------- Done invoking toplevel() on ptolemy.moml.MoMLSimpleApplication@33f77f28
reloadAllAccessors: .CommDistDiscard

===========================================================================================
----------------- testing Wed Sep 08 18:59:01 UTC 2021 /home/travis/build/icyphy/ptII/ptolemy/actor/lib/test/auto/Commutator.xml
----------------- Instantiating /home/travis/build/icyphy/ptII/ptolemy/actor/lib/test/auto/Commutator.xml
2 ms. Memory: 533504K Free: 415742K (78%)
----------------- Invoking toplevel() on ptolemy.moml.MoMLSimpleApplication@33fb0196
----------------- Done invoking toplevel() on ptolemy.moml.MoMLSimpleApplication@33fb0196
reloadAllAccessors: .Commutator

===========================================================================================
----------------- testing Wed Sep 08 18:59:02 UTC 2021 /home/travis/build/icyphy/ptII/ptolemy/actor/lib/test/auto/Commutator2.xml
----------------- Instantiating /home/travis/build/icyphy/ptII/ptolemy/actor/lib/test/auto/Commutator2.xml
2 ms. Memory: 533504K Free: 411136K (77%)
----------------- Invoking toplevel() on ptolemy.moml.MoMLSimpleApplication@2a85c21a
----------------- Done invoking toplevel() on ptolemy.moml.MoMLSimpleApplication@2a85c21a
reloadAllAccessors: .Commutator2

===========================================================================================
----------------- testing Wed Sep 08 18:59:02 UTC 2021 /home/travis/build/icyphy/ptII/ptolemy/actor/lib/test/auto/Commutator3.xml
----------------- Instantiating /home/travis/build/icyphy/ptII/ptolemy/actor/lib/test/auto/Commutator3.xml
3 ms. Memory: 533504K Free: 406526K (76%)
----------------- Invoking toplevel() on ptolemy.moml.MoMLSimpleApplication@75ef7f7a
----------------- Done invoking toplevel() on ptolemy.moml.MoMLSimpleApplication@75ef7f7a
reloadAllAccessors: .Commutator3

===========================================================================================
----------------- testing Wed Sep 08 18:59:02 UTC 2021 /home/travis/build/icyphy/ptII/ptolemy/actor/lib/test/auto/Compare.xml
----------------- Instantiating /home/travis/build/icyphy/ptII/ptolemy/actor/lib/test/auto/Compare.xml
2 ms. Memory: 533504K Free: 400382K (75%)
----------------- Invoking toplevel() on ptolemy.moml.MoMLSimpleApplication@51a69a98
----------------- Done invoking toplevel() on ptolemy.moml.MoMLSimpleApplication@51a69a98
reloadAllAccessors: .Compare

===========================================================================================
----------------- testing Wed Sep 08 18:59:02 UTC 2021 /home/travis/build/icyphy/ptII/ptolemy/actor/lib/test/auto/CompareDE.xml
----------------- Instantiating /home/travis/build/icyphy/ptII/ptolemy/actor/lib/test/auto/CompareDE.xml
5 ms. Memory: 533504K Free: 393199K (74%)
----------------- Invoking toplevel() on ptolemy.moml.MoMLSimpleApplication@1461edcf
----------------- Done invoking toplevel() on ptolemy.moml.MoMLSimpleApplication@1461edcf
reloadAllAccessors: .CompareDE

===========================================================================================
----------------- testing Wed Sep 08 18:59:02 UTC 2021 /home/travis/build/icyphy/ptII/ptolemy/actor/lib/test/auto/ComplexDivide.xml
----------------- Instantiating /home/travis/build/icyphy/ptII/ptolemy/actor/lib/test/auto/ComplexDivide.xml
2 ms. Memory: 533504K Free: 389632K (73%)
----------------- Invoking toplevel() on ptolemy.moml.MoMLSimpleApplication@7b705d57
----------------- Done invoking toplevel() on ptolemy.moml.MoMLSimpleApplication@7b705d57
reloadAllAccessors: .ComplexDivide

===========================================================================================
----------------- testing Wed Sep 08 18:59:02 UTC 2021 /home/travis/build/icyphy/ptII/ptolemy/actor/lib/test/auto/ComputeHistogram.xml
----------------- Instantiating /home/travis/build/icyphy/ptII/ptolemy/actor/lib/test/auto/ComputeHistogram.xml
39 ms. Memory: 533504K Free: 376830K (71%)
----------------- Invoking toplevel() on ptolemy.moml.MoMLSimpleApplication@16a688e9
----------------- Done invoking toplevel() on ptolemy.moml.MoMLSimpleApplication@16a688e9
reloadAllAccessors: .ComputeHistogram

===========================================================================================
----------------- testing Wed Sep 08 18:59:02 UTC 2021 /home/travis/build/icyphy/ptII/ptolemy/actor/lib/test/auto/ConfigurationSelect.xml
----------------- Instantiating /home/travis/build/icyphy/ptII/ptolemy/actor/lib/test/auto/ConfigurationSelect.xml
9 ms. Memory: 533504K Free: 371695K (70%)
----------------- Invoking toplevel() on ptolemy.moml.MoMLSimpleApplication@7a15007e
----------------- Done invoking toplevel() on ptolemy.moml.MoMLSimpleApplication@7a15007e
reloadAllAccessors: .ConfigurationSelect

===========================================================================================
----------------- testing Wed Sep 08 18:59:02 UTC 2021 /home/travis/build/icyphy/ptII/ptolemy/actor/lib/test/auto/ConfigurationSelect2.xml
----------------- Instantiating /home/travis/build/icyphy/ptII/ptolemy/actor/lib/test/auto/ConfigurationSelect2.xml
2 ms. Memory: 533504K Free: 367104K (69%)
----------------- Invoking toplevel() on ptolemy.moml.MoMLSimpleApplication@73142849
----------------- Done invoking toplevel() on ptolemy.moml.MoMLSimpleApplication@73142849
reloadAllAccessors: .ConfigurationSelect2

===========================================================================================
----------------- testing Wed Sep 08 18:59:02 UTC 2021 /home/travis/build/icyphy/ptII/ptolemy/actor/lib/test/auto/ConfigurationSwitch.xml
----------------- Instantiating /home/travis/build/icyphy/ptII/ptolemy/actor/lib/test/auto/ConfigurationSwitch.xml
2 ms. Memory: 533504K Free: 361470K (68%)
----------------- Invoking toplevel() on ptolemy.moml.MoMLSimpleApplication@58d238f4
----------------- Done invoking toplevel() on ptolemy.moml.MoMLSimpleApplication@58d238f4
reloadAllAccessors: .ConfigurationSwitch

===========================================================================================
----------------- testing Wed Sep 08 18:59:02 UTC 2021 /home/travis/build/icyphy/ptII/ptolemy/actor/lib/test/auto/ConfigurationSwitch2.xml
----------------- Instantiating /home/travis/build/icyphy/ptII/ptolemy/actor/lib/test/auto/ConfigurationSwitch2.xml
3 ms. Memory: 533504K Free: 356350K (67%)
----------------- Invoking toplevel() on ptolemy.moml.MoMLSimpleApplication@14c7bf0f
----------------- Done invoking toplevel() on ptolemy.moml.MoMLSimpleApplication@14c7bf0f
reloadAllAccessors: .ConfigurationSwitch2

===========================================================================================
----------------- testing Wed Sep 08 18:59:02 UTC 2021 /home/travis/build/icyphy/ptII/ptolemy/actor/lib/test/auto/ConfigurationSwitchCloningBugWithClassRelationGroup.xml
----------------- Instantiating /home/travis/build/icyphy/ptII/ptolemy/actor/lib/test/auto/ConfigurationSwitchCloningBugWithClassRelationGroup.xml
1 ms. Memory: 533504K Free: 349696K (66%)
----------------- Invoking toplevel() on ptolemy.moml.MoMLSimpleApplication@46303521
----------------- Done invoking toplevel() on ptolemy.moml.MoMLSimpleApplication@46303521
reloadAllAccessors: .ConfigurationSwitchCloningBugWithClassRelationGroup

===========================================================================================
----------------- testing Wed Sep 08 18:59:02 UTC 2021 /home/travis/build/icyphy/ptII/ptolemy/actor/lib/test/auto/ConfigurationSwitchSelectSDF.xml
----------------- Instantiating /home/travis/build/icyphy/ptII/ptolemy/actor/lib/test/auto/ConfigurationSwitchSelectSDF.xml
3 ms. Memory: 533504K Free: 344576K (65%)
----------------- Invoking toplevel() on ptolemy.moml.MoMLSimpleApplication@2362dc51
----------------- Done invoking toplevel() on ptolemy.moml.MoMLSimpleApplication@2362dc51
reloadAllAccessors: .ConfigurationSwitchSelectSDF

===========================================================================================
----------------- testing Wed Sep 08 18:59:02 UTC 2021 /home/travis/build/icyphy/ptII/ptolemy/actor/lib/test/auto/ConfigurationSwitchSelectSDF2.xml
----------------- Instantiating /home/travis/build/icyphy/ptII/ptolemy/actor/lib/test/auto/ConfigurationSwitchSelectSDF2.xml
2 ms. Memory: 533504K Free: 338432K (63%)
----------------- Invoking toplevel() on ptolemy.moml.MoMLSimpleApplication@32c5945d
----------------- Done invoking toplevel() on ptolemy.moml.MoMLSimpleApplication@32c5945d
reloadAllAccessors: .ConfigurationSwitchSelectSDF2

===========================================================================================
----------------- testing Wed Sep 08 18:59:02 UTC 2021 /home/travis/build/icyphy/ptII/ptolemy/actor/lib/test/auto/Const.xml
----------------- Instantiating /home/travis/build/icyphy/ptII/ptolemy/actor/lib/test/auto/Const.xml
1 ms. Memory: 533504K Free: 335360K (63%)
----------------- Invoking toplevel() on ptolemy.moml.MoMLSimpleApplication@c578627
----------------- Done invoking toplevel() on ptolemy.moml.MoMLSimpleApplication@c578627
reloadAllAccessors: .Const

===========================================================================================
----------------- testing Wed Sep 08 18:59:02 UTC 2021 /home/travis/build/icyphy/ptII/ptolemy/actor/lib/test/auto/Const2.xml
----------------- Instantiating /home/travis/build/icyphy/ptII/ptolemy/actor/lib/test/auto/Const2.xml
2 ms. Memory: 533504K Free: 331264K (62%)
----------------- Invoking toplevel() on ptolemy.moml.MoMLSimpleApplication@f15a25b
----------------- Done invoking toplevel() on ptolemy.moml.MoMLSimpleApplication@f15a25b
reloadAllAccessors: .Const2

===========================================================================================
----------------- testing Wed Sep 08 18:59:02 UTC 2021 /home/travis/build/icyphy/ptII/ptolemy/actor/lib/test/auto/Const3.xml
----------------- Instantiating /home/travis/build/icyphy/ptII/ptolemy/actor/lib/test/auto/Const3.xml
1 ms. Memory: 533504K Free: 328192K (62%)
----------------- Invoking toplevel() on ptolemy.moml.MoMLSimpleApplication@56272c72
----------------- Done invoking toplevel() on ptolemy.moml.MoMLSimpleApplication@56272c72
reloadAllAccessors: .Const3

===========================================================================================
----------------- testing Wed Sep 08 18:59:02 UTC 2021 /home/travis/build/icyphy/ptII/ptolemy/actor/lib/test/auto/ConstantPublisherPort1.xml
----------------- Instantiating /home/travis/build/icyphy/ptII/ptolemy/actor/lib/test/auto/ConstantPublisherPort1.xml
8 ms. Memory: 533504K Free: 320000K (60%)
----------------- Invoking toplevel() on ptolemy.moml.MoMLSimpleApplication@26557cca
----------------- Done invoking toplevel() on ptolemy.moml.MoMLSimpleApplication@26557cca
reloadAllAccessors: .ConstantPublisherPort1

===========================================================================================
----------------- testing Wed Sep 08 18:59:02 UTC 2021 /home/travis/build/icyphy/ptII/ptolemy/actor/lib/test/auto/ConstantPublisherPort2.xml
----------------- Instantiating /home/travis/build/icyphy/ptII/ptolemy/actor/lib/test/auto/ConstantPublisherPort2.xml
10 ms. Memory: 533504K Free: 311808K (58%)
----------------- Invoking toplevel() on ptolemy.moml.MoMLSimpleApplication@6866093a
----------------- Done invoking toplevel() on ptolemy.moml.MoMLSimpleApplication@6866093a
reloadAllAccessors: .ConstantPublisherPort2

===========================================================================================
----------------- testing Wed Sep 08 18:59:02 UTC 2021 /home/travis/build/icyphy/ptII/ptolemy/actor/lib/test/auto/ConstantPublisherPort3.xml
----------------- Instantiating /home/travis/build/icyphy/ptII/ptolemy/actor/lib/test/auto/ConstantPublisherPort3.xml
6 ms. Memory: 533504K Free: 304640K (57%)
----------------- Invoking toplevel() on ptolemy.moml.MoMLSimpleApplication@4bcac99a
----------------- Done invoking toplevel() on ptolemy.moml.MoMLSimpleApplication@4bcac99a
reloadAllAccessors: .ConstantPublisherPort3

===========================================================================================
----------------- testing Wed Sep 08 18:59:02 UTC 2021 /home/travis/build/icyphy/ptII/ptolemy/actor/lib/test/auto/ConstantPublisherPort4.xml
----------------- Instantiating /home/travis/build/icyphy/ptII/ptolemy/actor/lib/test/auto/ConstantPublisherPort4.xml
3 ms. Memory: 533504K Free: 297472K (56%)
----------------- Invoking toplevel() on ptolemy.moml.MoMLSimpleApplication@6e2480fb
----------------- Done invoking toplevel() on ptolemy.moml.MoMLSimpleApplication@6e2480fb
reloadAllAccessors: .ConstantPublisherPort4

===========================================================================================
----------------- testing Wed Sep 08 18:59:02 UTC 2021 /home/travis/build/icyphy/ptII/ptolemy/actor/lib/test/auto/ConstantPublisherPort5.xml
----------------- Instantiating /home/travis/build/icyphy/ptII/ptolemy/actor/lib/test/auto/ConstantPublisherPort5.xml
33 ms. Memory: 533504K Free: 287742K (54%)
----------------- Invoking toplevel() on ptolemy.moml.MoMLSimpleApplication@3075175e
----------------- Done invoking toplevel() on ptolemy.moml.MoMLSimpleApplication@3075175e
reloadAllAccessors: .ConstantPublisherPort5

===========================================================================================
----------------- testing Wed Sep 08 18:59:02 UTC 2021 /home/travis/build/icyphy/ptII/ptolemy/actor/lib/test/auto/ConstantPublisherPort6.xml
----------------- Instantiating /home/travis/build/icyphy/ptII/ptolemy/actor/lib/test/auto/ConstantPublisherPort6.xml
12 ms. Memory: 533504K Free: 279550K (52%)
----------------- Invoking toplevel() on ptolemy.moml.MoMLSimpleApplication@dc30eee
----------------- Done invoking toplevel() on ptolemy.moml.MoMLSimpleApplication@dc30eee
reloadAllAccessors: .ConstantPublisherPort6

===========================================================================================
----------------- testing Wed Sep 08 18:59:02 UTC 2021 /home/travis/build/icyphy/ptII/ptolemy/actor/lib/test/auto/ConstantPublisherPort7.xml
----------------- Instantiating /home/travis/build/icyphy/ptII/ptolemy/actor/lib/test/auto/ConstantPublisherPort7.xml
15 ms. Memory: 533504K Free: 270334K (51%)
----------------- Invoking toplevel() on ptolemy.moml.MoMLSimpleApplication@55c759b8
----------------- Done invoking toplevel() on ptolemy.moml.MoMLSimpleApplication@55c759b8
reloadAllAccessors: .ConstantPublisherPort7

===========================================================================================
----------------- testing Wed Sep 08 18:59:02 UTC 2021 /home/travis/build/icyphy/ptII/ptolemy/actor/lib/test/auto/ConstraintMonitor1.xml
----------------- Instantiating /home/travis/build/icyphy/ptII/ptolemy/actor/lib/test/auto/ConstraintMonitor1.xml
4 ms. Memory: 533504K Free: 265728K (50%)
----------------- Invoking toplevel() on ptolemy.moml.MoMLSimpleApplication@5509b93c
----------------- Done invoking toplevel() on ptolemy.moml.MoMLSimpleApplication@5509b93c
reloadAllAccessors: .ConstraintMonitor1

===========================================================================================
----------------- testing Wed Sep 08 18:59:02 UTC 2021 /home/travis/build/icyphy/ptII/ptolemy/actor/lib/test/auto/ConstraintMonitor2.xml
----------------- Instantiating /home/travis/build/icyphy/ptII/ptolemy/actor/lib/test/auto/ConstraintMonitor2.xml
5 ms. Memory: 533504K Free: 260608K (49%)
----------------- Invoking toplevel() on ptolemy.moml.MoMLSimpleApplication@331130f9
----------------- Done invoking toplevel() on ptolemy.moml.MoMLSimpleApplication@331130f9
reloadAllAccessors: .ConstraintMonitor2

===========================================================================================
----------------- testing Wed Sep 08 18:59:02 UTC 2021 /home/travis/build/icyphy/ptII/ptolemy/actor/lib/test/auto/ConstraintMonitor3.xml
----------------- Instantiating /home/travis/build/icyphy/ptII/ptolemy/actor/lib/test/auto/ConstraintMonitor3.xml
4 ms. Memory: 533504K Free: 255998K (48%)
----------------- Invoking toplevel() on ptolemy.moml.MoMLSimpleApplication@65d0a5b5
----------------- Done invoking toplevel() on ptolemy.moml.MoMLSimpleApplication@65d0a5b5
reloadAllAccessors: .ConstraintMonitor3

===========================================================================================
----------------- testing Wed Sep 08 18:59:02 UTC 2021 /home/travis/build/icyphy/ptII/ptolemy/actor/lib/test/auto/ConstraintMonitor4.xml
----------------- Instantiating /home/travis/build/icyphy/ptII/ptolemy/actor/lib/test/auto/ConstraintMonitor4.xml
2 ms. Memory: 533504K Free: 251392K (47%)
----------------- Invoking toplevel() on ptolemy.moml.MoMLSimpleApplication@6b1710bf
----------------- Done invoking toplevel() on ptolemy.moml.MoMLSimpleApplication@6b1710bf
reloadAllAccessors: .ConstraintMonitor4

===========================================================================================
----------------- testing Wed Sep 08 18:59:02 UTC 2021 /home/travis/build/icyphy/ptII/ptolemy/actor/lib/test/auto/ConstraintMonitor5.xml
----------------- Instantiating /home/travis/build/icyphy/ptII/ptolemy/actor/lib/test/auto/ConstraintMonitor5.xml
2 ms. Memory: 533504K Free: 245758K (46%)
----------------- Invoking toplevel() on ptolemy.moml.MoMLSimpleApplication@639492e6
----------------- Done invoking toplevel() on ptolemy.moml.MoMLSimpleApplication@639492e6
reloadAllAccessors: .ConstraintMonitor5

===========================================================================================
----------------- testing Wed Sep 08 18:59:02 UTC 2021 /home/travis/build/icyphy/ptII/ptolemy/actor/lib/test/auto/ConstraintMonitor6.xml
----------------- Instantiating /home/travis/build/icyphy/ptII/ptolemy/actor/lib/test/auto/ConstraintMonitor6.xml
4 ms. Memory: 533504K Free: 239607K (45%)
----------------- Invoking toplevel() on ptolemy.moml.MoMLSimpleApplication@5cd33ff4
----------------- Done invoking toplevel() on ptolemy.moml.MoMLSimpleApplication@5cd33ff4
reloadAllAccessors: .ConstraintMonitor6

===========================================================================================
----------------- testing Wed Sep 08 18:59:02 UTC 2021 /home/travis/build/icyphy/ptII/ptolemy/actor/lib/test/auto/ConstraintMonitor7.xml
----------------- Instantiating /home/travis/build/icyphy/ptII/ptolemy/actor/lib/test/auto/ConstraintMonitor7.xml
4 ms. Memory: 533504K Free: 233439K (44%)
----------------- Invoking toplevel() on ptolemy.moml.MoMLSimpleApplication@430c07c5
----------------- Done invoking toplevel() on ptolemy.moml.MoMLSimpleApplication@430c07c5
reloadAllAccessors: .ConstraintMonitor7

===========================================================================================
----------------- testing Wed Sep 08 18:59:02 UTC 2021 /home/travis/build/icyphy/ptII/ptolemy/actor/lib/test/auto/ConstraintMonitor8.xml
----------------- Instantiating /home/travis/build/icyphy/ptII/ptolemy/actor/lib/test/auto/ConstraintMonitor8.xml
5 ms. Memory: 533504K Free: 225792K (42%)
----------------- Invoking toplevel() on ptolemy.moml.MoMLSimpleApplication@d74aad9
----------------- Done invoking toplevel() on ptolemy.moml.MoMLSimpleApplication@d74aad9
reloadAllAccessors: .ConstraintMonitor8

===========================================================================================
----------------- testing Wed Sep 08 18:59:02 UTC 2021 /home/travis/build/icyphy/ptII/ptolemy/actor/lib/test/auto/Counter.xml
----------------- Instantiating /home/travis/build/icyphy/ptII/ptolemy/actor/lib/test/auto/Counter.xml
3 ms. Memory: 533504K Free: 220672K (41%)
----------------- Invoking toplevel() on ptolemy.moml.MoMLSimpleApplication@78e05bd4
----------------- Done invoking toplevel() on ptolemy.moml.MoMLSimpleApplication@78e05bd4
reloadAllAccessors: .Counter

===========================================================================================
----------------- testing Wed Sep 08 18:59:02 UTC 2021 /home/travis/build/icyphy/ptII/ptolemy/actor/lib/test/auto/CurrentTimeSDF.xml
----------------- Instantiating /home/travis/build/icyphy/ptII/ptolemy/actor/lib/test/auto/CurrentTimeSDF.xml
4 ms. Memory: 533504K Free: 217086K (41%)
----------------- Invoking toplevel() on ptolemy.moml.MoMLSimpleApplication@40987b00
----------------- Done invoking toplevel() on ptolemy.moml.MoMLSimpleApplication@40987b00
reloadAllAccessors: .CurrentTimeSDF

===========================================================================================
----------------- testing Wed Sep 08 18:59:02 UTC 2021 /home/travis/build/icyphy/ptII/ptolemy/actor/lib/test/auto/DB.xml
----------------- Instantiating /home/travis/build/icyphy/ptII/ptolemy/actor/lib/test/auto/DB.xml
1 ms. Memory: 533504K Free: 211966K (40%)
----------------- Invoking toplevel() on ptolemy.moml.MoMLSimpleApplication@3b88c7c0
----------------- Done invoking toplevel() on ptolemy.moml.MoMLSimpleApplication@3b88c7c0
reloadAllAccessors: .DB

===========================================================================================
----------------- testing Wed Sep 08 18:59:02 UTC 2021 /home/travis/build/icyphy/ptII/ptolemy/actor/lib/test/auto/DBDE.xml
----------------- Instantiating /home/travis/build/icyphy/ptII/ptolemy/actor/lib/test/auto/DBDE.xml
2 ms. Memory: 533504K Free: 205791K (39%)
----------------- Invoking toplevel() on ptolemy.moml.MoMLSimpleApplication@52f8d199
----------------- Done invoking toplevel() on ptolemy.moml.MoMLSimpleApplication@52f8d199
reloadAllAccessors: .DBDE

===========================================================================================
----------------- testing Wed Sep 08 18:59:02 UTC 2021 /home/travis/build/icyphy/ptII/ptolemy/actor/lib/test/auto/DateConstructor.xml
----------------- Instantiating /home/travis/build/icyphy/ptII/ptolemy/actor/lib/test/auto/DateConstructor.xml
28 ms. Memory: 533504K Free: 188928K (35%)
----------------- Invoking toplevel() on ptolemy.moml.MoMLSimpleApplication@6a13bd8b
----------------- Done invoking toplevel() on ptolemy.moml.MoMLSimpleApplication@6a13bd8b
reloadAllAccessors: .DateConstructor

===========================================================================================
----------------- testing Wed Sep 08 18:59:02 UTC 2021 /home/travis/build/icyphy/ptII/ptolemy/actor/lib/test/auto/DelayTime.xml
----------------- Instantiating /home/travis/build/icyphy/ptII/ptolemy/actor/lib/test/auto/DelayTime.xml
6 ms. Memory: 533504K Free: 183294K (34%)
----------------- Invoking toplevel() on ptolemy.moml.MoMLSimpleApplication@4bb0167
----------------- Done invoking toplevel() on ptolemy.moml.MoMLSimpleApplication@4bb0167
reloadAllAccessors: .DelayTime

===========================================================================================
----------------- testing Wed Sep 08 18:59:03 UTC 2021 /home/travis/build/icyphy/ptII/ptolemy/actor/lib/test/auto/Dictionary1.xml
----------------- Instantiating /home/travis/build/icyphy/ptII/ptolemy/actor/lib/test/auto/Dictionary1.xml
1 ms. Memory: 533504K Free: 481485K (90%)
----------------- Invoking toplevel() on ptolemy.moml.MoMLSimpleApplication@19d5497a
----------------- Done invoking toplevel() on ptolemy.moml.MoMLSimpleApplication@19d5497a
reloadAllAccessors: .Dictionary1

===========================================================================================
----------------- testing Wed Sep 08 18:59:03 UTC 2021 /home/travis/build/icyphy/ptII/ptolemy/actor/lib/test/auto/Dictionary2.xml
----------------- Instantiating /home/travis/build/icyphy/ptII/ptolemy/actor/lib/test/auto/Dictionary2.xml
2 ms. Memory: 533504K Free: 475646K (89%)
----------------- Invoking toplevel() on ptolemy.moml.MoMLSimpleApplication@2695f9d1
----------------- Done invoking toplevel() on ptolemy.moml.MoMLSimpleApplication@2695f9d1
reloadAllAccessors: .Dictionary2

===========================================================================================
----------------- testing Wed Sep 08 18:59:03 UTC 2021 /home/travis/build/icyphy/ptII/ptolemy/actor/lib/test/auto/Dictionary3.xml
----------------- Instantiating /home/travis/build/icyphy/ptII/ptolemy/actor/lib/test/auto/Dictionary3.xml
2 ms. Memory: 533504K Free: 470016K (88%)
----------------- Invoking toplevel() on ptolemy.moml.MoMLSimpleApplication@5d0fc1be
----------------- Done invoking toplevel() on ptolemy.moml.MoMLSimpleApplication@5d0fc1be
reloadAllAccessors: .Dictionary3

===========================================================================================
----------------- testing Wed Sep 08 18:59:03 UTC 2021 /home/travis/build/icyphy/ptII/ptolemy/actor/lib/test/auto/Dictionary4.xml
----------------- Instantiating /home/travis/build/icyphy/ptII/ptolemy/actor/lib/test/auto/Dictionary4.xml
5 ms. Memory: 533504K Free: 463358K (87%)
----------------- Invoking toplevel() on ptolemy.moml.MoMLSimpleApplication@17db73be
----------------- Done invoking toplevel() on ptolemy.moml.MoMLSimpleApplication@17db73be
reloadAllAccessors: .Dictionary4

===========================================================================================
----------------- testing Wed Sep 08 18:59:03 UTC 2021 /home/travis/build/icyphy/ptII/ptolemy/actor/lib/test/auto/Differential.xml
----------------- Instantiating /home/travis/build/icyphy/ptII/ptolemy/actor/lib/test/auto/Differential.xml
3 ms. Memory: 533504K Free: 458752K (86%)
----------------- Invoking toplevel() on ptolemy.moml.MoMLSimpleApplication@218dec84
----------------- Done invoking toplevel() on ptolemy.moml.MoMLSimpleApplication@218dec84
reloadAllAccessors: .Differential

===========================================================================================
----------------- testing Wed Sep 08 18:59:03 UTC 2021 /home/travis/build/icyphy/ptII/ptolemy/actor/lib/test/auto/Director.xml
----------------- Instantiating /home/travis/build/icyphy/ptII/ptolemy/actor/lib/test/auto/Director.xml
3 ms. Memory: 533504K Free: 455166K (85%)
----------------- Invoking toplevel() on ptolemy.moml.MoMLSimpleApplication@7c0451c2
----------------- Done invoking toplevel() on ptolemy.moml.MoMLSimpleApplication@7c0451c2
reloadAllAccessors: .Director

===========================================================================================
----------------- testing Wed Sep 08 18:59:03 UTC 2021 /home/travis/build/icyphy/ptII/ptolemy/actor/lib/test/auto/DiscreteClock.xml
----------------- Instantiating /home/travis/build/icyphy/ptII/ptolemy/actor/lib/test/auto/DiscreteClock.xml
2 ms. Memory: 533504K Free: 451584K (85%)
----------------- Invoking toplevel() on ptolemy.moml.MoMLSimpleApplication@7c1fa033
----------------- Done invoking toplevel() on ptolemy.moml.MoMLSimpleApplication@7c1fa033
reloadAllAccessors: .DiscreteClock

===========================================================================================
----------------- testing Wed Sep 08 18:59:03 UTC 2021 /home/travis/build/icyphy/ptII/ptolemy/actor/lib/test/auto/DiscreteClock10.xml
----------------- Instantiating /home/travis/build/icyphy/ptII/ptolemy/actor/lib/test/auto/DiscreteClock10.xml
2 ms. Memory: 533504K Free: 445440K (83%)
----------------- Invoking toplevel() on ptolemy.moml.MoMLSimpleApplication@bb70367
----------------- Done invoking toplevel() on ptolemy.moml.MoMLSimpleApplication@bb70367
reloadAllAccessors: .DiscreteClock10

===========================================================================================
----------------- testing Wed Sep 08 18:59:03 UTC 2021 /home/travis/build/icyphy/ptII/ptolemy/actor/lib/test/auto/DiscreteClock11.xml
----------------- Instantiating /home/travis/build/icyphy/ptII/ptolemy/actor/lib/test/auto/DiscreteClock11.xml
2 ms. Memory: 533504K Free: 439296K (82%)
----------------- Invoking toplevel() on ptolemy.moml.MoMLSimpleApplication@633b2520
----------------- Done invoking toplevel() on ptolemy.moml.MoMLSimpleApplication@633b2520
reloadAllAccessors: .DiscreteClock11

===========================================================================================
----------------- testing Wed Sep 08 18:59:03 UTC 2021 /home/travis/build/icyphy/ptII/ptolemy/actor/lib/test/auto/DiscreteClock12.xml
----------------- Instantiating /home/travis/build/icyphy/ptII/ptolemy/actor/lib/test/auto/DiscreteClock12.xml
2 ms. Memory: 533504K Free: 433152K (81%)
----------------- Invoking toplevel() on ptolemy.moml.MoMLSimpleApplication@4471c85c
----------------- Done invoking toplevel() on ptolemy.moml.MoMLSimpleApplication@4471c85c
reloadAllAccessors: .DiscreteClock12

===========================================================================================
----------------- testing Wed Sep 08 18:59:03 UTC 2021 /home/travis/build/icyphy/ptII/ptolemy/actor/lib/test/auto/DiscreteClock13.xml
----------------- Instantiating /home/travis/build/icyphy/ptII/ptolemy/actor/lib/test/auto/DiscreteClock13.xml
4 ms. Memory: 533504K Free: 427487K (80%)
----------------- Invoking toplevel() on ptolemy.moml.MoMLSimpleApplication@650b063c
----------------- Done invoking toplevel() on ptolemy.moml.MoMLSimpleApplication@650b063c
reloadAllAccessors: .DiscreteClock13

===========================================================================================
----------------- testing Wed Sep 08 18:59:03 UTC 2021 /home/travis/build/icyphy/ptII/ptolemy/actor/lib/test/auto/DiscreteClock14.xml
----------------- Instantiating /home/travis/build/icyphy/ptII/ptolemy/actor/lib/test/auto/DiscreteClock14.xml
5 ms. Memory: 533504K Free: 421343K (79%)
----------------- Invoking toplevel() on ptolemy.moml.MoMLSimpleApplication@43ec68e7
----------------- Done invoking toplevel() on ptolemy.moml.MoMLSimpleApplication@43ec68e7
reloadAllAccessors: .DiscreteClock14

===========================================================================================
----------------- testing Wed Sep 08 18:59:03 UTC 2021 /home/travis/build/icyphy/ptII/ptolemy/actor/lib/test/auto/DiscreteClock15.xml
----------------- Instantiating /home/travis/build/icyphy/ptII/ptolemy/actor/lib/test/auto/DiscreteClock15.xml
5 ms. Memory: 533504K Free: 415199K (78%)
----------------- Invoking toplevel() on ptolemy.moml.MoMLSimpleApplication@6b4773bb
----------------- Done invoking toplevel() on ptolemy.moml.MoMLSimpleApplication@6b4773bb
reloadAllAccessors: .DiscreteClock15

===========================================================================================
----------------- testing Wed Sep 08 18:59:03 UTC 2021 /home/travis/build/icyphy/ptII/ptolemy/actor/lib/test/auto/DiscreteClock16.xml
----------------- Instantiating /home/travis/build/icyphy/ptII/ptolemy/actor/lib/test/auto/DiscreteClock16.xml
16 ms. Memory: 533504K Free: 401408K (75%)
----------------- Invoking toplevel() on ptolemy.moml.MoMLSimpleApplication@4a8476ff
----------------- Done invoking toplevel() on ptolemy.moml.MoMLSimpleApplication@4a8476ff
reloadAllAccessors: .DiscreteClock16

===========================================================================================
----------------- testing Wed Sep 08 18:59:03 UTC 2021 /home/travis/build/icyphy/ptII/ptolemy/actor/lib/test/auto/DiscreteClock17.xml
----------------- Instantiating /home/travis/build/icyphy/ptII/ptolemy/actor/lib/test/auto/DiscreteClock17.xml
17 ms. Memory: 533504K Free: 387567K (73%)
----------------- Invoking toplevel() on ptolemy.moml.MoMLSimpleApplication@3882682
----------------- Done invoking toplevel() on ptolemy.moml.MoMLSimpleApplication@3882682
reloadAllAccessors: .DiscreteClock17

===========================================================================================
----------------- testing Wed Sep 08 18:59:03 UTC 2021 /home/travis/build/icyphy/ptII/ptolemy/actor/lib/test/auto/DiscreteClock18.xml
----------------- Instantiating /home/travis/build/icyphy/ptII/ptolemy/actor/lib/test/auto/DiscreteClock18.xml
23 ms. Memory: 533504K Free: 373760K (70%)
----------------- Invoking toplevel() on ptolemy.moml.MoMLSimpleApplication@7668d5ce
----------------- Done invoking toplevel() on ptolemy.moml.MoMLSimpleApplication@7668d5ce
reloadAllAccessors: .DiscreteClock18

===========================================================================================
----------------- testing Wed Sep 08 18:59:03 UTC 2021 /home/travis/build/icyphy/ptII/ptolemy/actor/lib/test/auto/DiscreteClock19.xml
----------------- Instantiating /home/travis/build/icyphy/ptII/ptolemy/actor/lib/test/auto/DiscreteClock19.xml
18 ms. Memory: 533504K Free: 359903K (67%)
----------------- Invoking toplevel() on ptolemy.moml.MoMLSimpleApplication@54e1cd06
----------------- Done invoking toplevel() on ptolemy.moml.MoMLSimpleApplication@54e1cd06
reloadAllAccessors: .DiscreteClock19

===========================================================================================
----------------- testing Wed Sep 08 18:59:03 UTC 2021 /home/travis/build/icyphy/ptII/ptolemy/actor/lib/test/auto/DiscreteClock2.xml
----------------- Instantiating /home/travis/build/icyphy/ptII/ptolemy/actor/lib/test/auto/DiscreteClock2.xml
5 ms. Memory: 533504K Free: 354807K (67%)
----------------- Invoking toplevel() on ptolemy.moml.MoMLSimpleApplication@4e2717e6
----------------- Done invoking toplevel() on ptolemy.moml.MoMLSimpleApplication@4e2717e6
reloadAllAccessors: .DiscreteClock2

===========================================================================================
----------------- testing Wed Sep 08 18:59:03 UTC 2021 /home/travis/build/icyphy/ptII/ptolemy/actor/lib/test/auto/DiscreteClock20.xml
----------------- Instantiating /home/travis/build/icyphy/ptII/ptolemy/actor/lib/test/auto/DiscreteClock20.xml
8 ms. Memory: 533504K Free: 349184K (65%)
----------------- Invoking toplevel() on ptolemy.moml.MoMLSimpleApplication@613c2439
----------------- Done invoking toplevel() on ptolemy.moml.MoMLSimpleApplication@613c2439
reloadAllAccessors: .DiscreteClock20

===========================================================================================
----------------- testing Wed Sep 08 18:59:03 UTC 2021 /home/travis/build/icyphy/ptII/ptolemy/actor/lib/test/auto/DiscreteClock21.xml
----------------- Instantiating /home/travis/build/icyphy/ptII/ptolemy/actor/lib/test/auto/DiscreteClock21.xml
6 ms. Memory: 533504K Free: 344064K (64%)
----------------- Invoking toplevel() on ptolemy.moml.MoMLSimpleApplication@330aaf8a
----------------- Done invoking toplevel() on ptolemy.moml.MoMLSimpleApplication@330aaf8a
reloadAllAccessors: .DiscreteClock21

===========================================================================================
----------------- testing Wed Sep 08 18:59:03 UTC 2021 /home/travis/build/icyphy/ptII/ptolemy/actor/lib/test/auto/DiscreteClock22.xml
----------------- Instantiating /home/travis/build/icyphy/ptII/ptolemy/actor/lib/test/auto/DiscreteClock22.xml
5 ms. Memory: 533504K Free: 338430K (63%)
----------------- Invoking toplevel() on ptolemy.moml.MoMLSimpleApplication@3b507a53
----------------- Done invoking toplevel() on ptolemy.moml.MoMLSimpleApplication@3b507a53
reloadAllAccessors: .DiscreteClock22

===========================================================================================
----------------- testing Wed Sep 08 18:59:03 UTC 2021 /home/travis/build/icyphy/ptII/ptolemy/actor/lib/test/auto/DiscreteClock23.xml
----------------- Instantiating /home/travis/build/icyphy/ptII/ptolemy/actor/lib/test/auto/DiscreteClock23.xml
10 ms. Memory: 533504K Free: 332800K (62%)
----------------- Invoking toplevel() on ptolemy.moml.MoMLSimpleApplication@7e131312
----------------- Done invoking toplevel() on ptolemy.moml.MoMLSimpleApplication@7e131312
reloadAllAccessors: .DiscreteClock23

===========================================================================================
----------------- testing Wed Sep 08 18:59:03 UTC 2021 /home/travis/build/icyphy/ptII/ptolemy/actor/lib/test/auto/DiscreteClock24.xml
----------------- Instantiating /home/travis/build/icyphy/ptII/ptolemy/actor/lib/test/auto/DiscreteClock24.xml
8 ms. Memory: 533504K Free: 327166K (61%)
----------------- Invoking toplevel() on ptolemy.moml.MoMLSimpleApplication@1ef0dfdd
----------------- Done invoking toplevel() on ptolemy.moml.MoMLSimpleApplication@1ef0dfdd
reloadAllAccessors: .DiscreteClock24

===========================================================================================
----------------- testing Wed Sep 08 18:59:03 UTC 2021 /home/travis/build/icyphy/ptII/ptolemy/actor/lib/test/auto/DiscreteClock4.xml
----------------- Instantiating /home/travis/build/icyphy/ptII/ptolemy/actor/lib/test/auto/DiscreteClock4.xml
4 ms. Memory: 533504K Free: 321536K (60%)
----------------- Invoking toplevel() on ptolemy.moml.MoMLSimpleApplication@781cd2ae
----------------- Done invoking toplevel() on ptolemy.moml.MoMLSimpleApplication@781cd2ae
reloadAllAccessors: .DiscreteClock4

===========================================================================================
----------------- testing Wed Sep 08 18:59:03 UTC 2021 /home/travis/build/icyphy/ptII/ptolemy/actor/lib/test/auto/DiscreteClock5.xml
----------------- Instantiating /home/travis/build/icyphy/ptII/ptolemy/actor/lib/test/auto/DiscreteClock5.xml
2 ms. Memory: 533504K Free: 315895K (59%)
----------------- Invoking toplevel() on ptolemy.moml.MoMLSimpleApplication@1baa149e
----------------- Done invoking toplevel() on ptolemy.moml.MoMLSimpleApplication@1baa149e
reloadAllAccessors: .DiscreteClock5

===========================================================================================
----------------- testing Wed Sep 08 18:59:03 UTC 2021 /home/travis/build/icyphy/ptII/ptolemy/actor/lib/test/auto/DiscreteClock6.xml
----------------- Instantiating /home/travis/build/icyphy/ptII/ptolemy/actor/lib/test/auto/DiscreteClock6.xml
1 ms. Memory: 533504K Free: 311806K (58%)
----------------- Invoking toplevel() on ptolemy.moml.MoMLSimpleApplication@2c94e2e0
----------------- Done invoking toplevel() on ptolemy.moml.MoMLSimpleApplication@2c94e2e0
reloadAllAccessors: .DiscreteClock6

===========================================================================================
----------------- testing Wed Sep 08 18:59:03 UTC 2021 /home/travis/build/icyphy/ptII/ptolemy/actor/lib/test/auto/DiscreteClock7.xml
----------------- Instantiating /home/travis/build/icyphy/ptII/ptolemy/actor/lib/test/auto/DiscreteClock7.xml
1 ms. Memory: 533504K Free: 306686K (57%)
----------------- Invoking toplevel() on ptolemy.moml.MoMLSimpleApplication@4542df18
----------------- Done invoking toplevel() on ptolemy.moml.MoMLSimpleApplication@4542df18
reloadAllAccessors: .DiscreteClock7

===========================================================================================
----------------- testing Wed Sep 08 18:59:03 UTC 2021 /home/travis/build/icyphy/ptII/ptolemy/actor/lib/test/auto/DiscreteClock8.xml
----------------- Instantiating /home/travis/build/icyphy/ptII/ptolemy/actor/lib/test/auto/DiscreteClock8.xml
9 ms. Memory: 533504K Free: 301056K (56%)
----------------- Invoking toplevel() on ptolemy.moml.MoMLSimpleApplication@3e3a5be1
----------------- Done invoking toplevel() on ptolemy.moml.MoMLSimpleApplication@3e3a5be1
reloadAllAccessors: .DiscreteClock8

===========================================================================================
----------------- testing Wed Sep 08 18:59:03 UTC 2021 /home/travis/build/icyphy/ptII/ptolemy/actor/lib/test/auto/DiscreteClock9.xml
----------------- Instantiating /home/travis/build/icyphy/ptII/ptolemy/actor/lib/test/auto/DiscreteClock9.xml
4 ms. Memory: 533504K Free: 294912K (55%)
----------------- Invoking toplevel() on ptolemy.moml.MoMLSimpleApplication@3ffefd5b
----------------- Done invoking toplevel() on ptolemy.moml.MoMLSimpleApplication@3ffefd5b
reloadAllAccessors: .DiscreteClock9

===========================================================================================
----------------- testing Wed Sep 08 18:59:03 UTC 2021 /home/travis/build/icyphy/ptII/ptolemy/actor/lib/test/auto/DisplayArray.xml
----------------- Instantiating /home/travis/build/icyphy/ptII/ptolemy/actor/lib/test/auto/DisplayArray.xml
1 ms. Memory: 533504K Free: 291326K (55%)
----------------- Invoking toplevel() on ptolemy.moml.MoMLSimpleApplication@7639c277
----------------- Done invoking toplevel() on ptolemy.moml.MoMLSimpleApplication@7639c277
reloadAllAccessors: .DisplayArray

===========================================================================================
----------------- testing Wed Sep 08 18:59:03 UTC 2021 /home/travis/build/icyphy/ptII/ptolemy/actor/lib/test/auto/Distributor.xml
----------------- Instantiating /home/travis/build/icyphy/ptII/ptolemy/actor/lib/test/auto/Distributor.xml
1 ms. Memory: 533504K Free: 286720K (54%)
----------------- Invoking toplevel() on ptolemy.moml.MoMLSimpleApplication@17ef8e5a
----------------- Done invoking toplevel() on ptolemy.moml.MoMLSimpleApplication@17ef8e5a
reloadAllAccessors: .Distributor

===========================================================================================
----------------- testing Wed Sep 08 18:59:03 UTC 2021 /home/travis/build/icyphy/ptII/ptolemy/actor/lib/test/auto/Distributor2.xml
----------------- Instantiating /home/travis/build/icyphy/ptII/ptolemy/actor/lib/test/auto/Distributor2.xml
2 ms. Memory: 533504K Free: 282110K (53%)
----------------- Invoking toplevel() on ptolemy.moml.MoMLSimpleApplication@773ae64d
----------------- Done invoking toplevel() on ptolemy.moml.MoMLSimpleApplication@773ae64d
reloadAllAccessors: .Distributor2

===========================================================================================
----------------- testing Wed Sep 08 18:59:03 UTC 2021 /home/travis/build/icyphy/ptII/ptolemy/actor/lib/test/auto/DownSample.xml
----------------- Instantiating /home/travis/build/icyphy/ptII/ptolemy/actor/lib/test/auto/DownSample.xml
2 ms. Memory: 533504K Free: 276990K (52%)
----------------- Invoking toplevel() on ptolemy.moml.MoMLSimpleApplication@3c85646c
----------------- Done invoking toplevel() on ptolemy.moml.MoMLSimpleApplication@3c85646c
reloadAllAccessors: .DownSample

===========================================================================================
----------------- testing Wed Sep 08 18:59:03 UTC 2021 /home/travis/build/icyphy/ptII/ptolemy/actor/lib/test/auto/ElectronicUnitBase1.xml
----------------- Instantiating /home/travis/build/icyphy/ptII/ptolemy/actor/lib/test/auto/ElectronicUnitBase1.xml
17 ms. Memory: 533504K Free: 260606K (49%)
----------------- Invoking toplevel() on ptolemy.moml.MoMLSimpleApplication@273d34a3
----------------- Done invoking toplevel() on ptolemy.moml.MoMLSimpleApplication@273d34a3
reloadAllAccessors: .ElectronicUnitBase1

===========================================================================================
----------------- testing Wed Sep 08 18:59:03 UTC 2021 /home/travis/build/icyphy/ptII/ptolemy/actor/lib/test/auto/ElementsToArray.xml
----------------- Instantiating /home/travis/build/icyphy/ptII/ptolemy/actor/lib/test/auto/ElementsToArray.xml
3 ms. Memory: 533504K Free: 256000K (48%)
----------------- Invoking toplevel() on ptolemy.moml.MoMLSimpleApplication@589e7ad9
----------------- Done invoking toplevel() on ptolemy.moml.MoMLSimpleApplication@589e7ad9
reloadAllAccessors: .ElementsToArray

===========================================================================================
----------------- testing Wed Sep 08 18:59:03 UTC 2021 /home/travis/build/icyphy/ptII/ptolemy/actor/lib/test/auto/Equals.xml
----------------- Instantiating /home/travis/build/icyphy/ptII/ptolemy/actor/lib/test/auto/Equals.xml
3 ms. Memory: 533504K Free: 251390K (47%)
----------------- Invoking toplevel() on ptolemy.moml.MoMLSimpleApplication@76c2356
----------------- Done invoking toplevel() on ptolemy.moml.MoMLSimpleApplication@76c2356
reloadAllAccessors: .Equals

===========================================================================================
----------------- testing Wed Sep 08 18:59:03 UTC 2021 /home/travis/build/icyphy/ptII/ptolemy/actor/lib/test/auto/Exec.xml
----------------- Instantiating /home/travis/build/icyphy/ptII/ptolemy/actor/lib/test/auto/Exec.xml
19 ms. Memory: 533504K Free: 245246K (46%)
----------------- Invoking toplevel() on ptolemy.moml.MoMLSimpleApplication@1ebdfbb6
----------------- Done invoking toplevel() on ptolemy.moml.MoMLSimpleApplication@1ebdfbb6
reloadAllAccessors: .Exec

===========================================================================================
----------------- testing Wed Sep 08 18:59:03 UTC 2021 /home/travis/build/icyphy/ptII/ptolemy/actor/lib/test/auto/ExecEnvironment.xml
----------------- Instantiating /home/travis/build/icyphy/ptII/ptolemy/actor/lib/test/auto/ExecEnvironment.xml
23 ms. Memory: 533504K Free: 239616K (45%)
----------------- Invoking toplevel() on ptolemy.moml.MoMLSimpleApplication@37050360
----------------- Done invoking toplevel() on ptolemy.moml.MoMLSimpleApplication@37050360
reloadAllAccessors: .ExecEnvironment

===========================================================================================
----------------- testing Wed Sep 08 18:59:03 UTC 2021 /home/travis/build/icyphy/ptII/ptolemy/actor/lib/test/auto/ExecNonZeroReturnOutput.xml
----------------- Instantiating /home/travis/build/icyphy/ptII/ptolemy/actor/lib/test/auto/ExecNonZeroReturnOutput.xml
160 ms. Memory: 533504K Free: 228352K (43%)
----------------- Invoking toplevel() on ptolemy.moml.MoMLSimpleApplication@5546d087
----------------- Done invoking toplevel() on ptolemy.moml.MoMLSimpleApplication@5546d087
reloadAllAccessors: .ExecNonZeroReturnOutput

===========================================================================================
----------------- testing Wed Sep 08 18:59:04 UTC 2021 /home/travis/build/icyphy/ptII/ptolemy/actor/lib/test/auto/ExecRunDemos.xml
----------------- Instantiating /home/travis/build/icyphy/ptII/ptolemy/actor/lib/test/auto/ExecRunDemos.xml
Finished: 79 ms. Memory: 129024K Free: 111729K (87%)

Finished: 62 ms. Memory: 129024K Free: 108887K (84%)

Finished: 117 ms. Memory: 129024K Free: 108940K (84%)

Finished: 62 ms. Memory: 129024K Free: 110577K (86%)

Finished: 65 ms. Memory: 129024K Free: 111340K (86%)

10281 ms. Memory: 533504K Free: 207870K (39%)
----------------- Invoking toplevel() on ptolemy.moml.MoMLSimpleApplication@22d17bd3
----------------- Done invoking toplevel() on ptolemy.moml.MoMLSimpleApplication@22d17bd3
reloadAllAccessors: .ExecRunDemos

===========================================================================================
----------------- testing Wed Sep 08 18:59:14 UTC 2021 /home/travis/build/icyphy/ptII/ptolemy/actor/lib/test/auto/ExecStop.xml
----------------- Instantiating /home/travis/build/icyphy/ptII/ptolemy/actor/lib/test/auto/ExecStop.xml
5017 ms. Memory: 533504K Free: 364797K (68%)
----------------- Invoking toplevel() on ptolemy.moml.MoMLSimpleApplication@642d363
----------------- Done invoking toplevel() on ptolemy.moml.MoMLSimpleApplication@642d363
reloadAllAccessors: .ExecStop

===========================================================================================
----------------- testing Wed Sep 08 18:59:19 UTC 2021 /home/travis/build/icyphy/ptII/ptolemy/actor/lib/test/auto/ExecutionTimeSDF.xml
----------------- Instantiating /home/travis/build/icyphy/ptII/ptolemy/actor/lib/test/auto/ExecutionTimeSDF.xml
Fired ExecutionTime: -224567296
Fired ExecutionTime: 1361600000
Fired ExecutionTime: -166567296
6004 ms. Memory: 533504K Free: 351744K (66%)
----------------- Invoking toplevel() on ptolemy.moml.MoMLSimpleApplication@5dde40a
----------------- Done invoking toplevel() on ptolemy.moml.MoMLSimpleApplication@5dde40a
reloadAllAccessors: .ExecutionTimeSDF

===========================================================================================
----------------- testing Wed Sep 08 18:59:25 UTC 2021 /home/travis/build/icyphy/ptII/ptolemy/actor/lib/test/auto/Expression1.xml
----------------- Instantiating /home/travis/build/icyphy/ptII/ptolemy/actor/lib/test/auto/Expression1.xml
2 ms. Memory: 533504K Free: 348158K (65%)
----------------- Invoking toplevel() on ptolemy.moml.MoMLSimpleApplication@44e5bba0
----------------- Done invoking toplevel() on ptolemy.moml.MoMLSimpleApplication@44e5bba0
reloadAllAccessors: .Expression1

===========================================================================================
----------------- testing Wed Sep 08 18:59:25 UTC 2021 /home/travis/build/icyphy/ptII/ptolemy/actor/lib/test/auto/Expression10.xml
----------------- Instantiating /home/travis/build/icyphy/ptII/ptolemy/actor/lib/test/auto/Expression10.xml
6 ms. Memory: 533504K Free: 342528K (64%)
----------------- Invoking toplevel() on ptolemy.moml.MoMLSimpleApplication@2b1b7be4
----------------- Done invoking toplevel() on ptolemy.moml.MoMLSimpleApplication@2b1b7be4
reloadAllAccessors: .Expression10

===========================================================================================
----------------- testing Wed Sep 08 18:59:25 UTC 2021 /home/travis/build/icyphy/ptII/ptolemy/actor/lib/test/auto/Expression11.xml
----------------- Instantiating /home/travis/build/icyphy/ptII/ptolemy/actor/lib/test/auto/Expression11.xml
2 ms. Memory: 533504K Free: 338432K (63%)
----------------- Invoking toplevel() on ptolemy.moml.MoMLSimpleApplication@6fd8d95e
----------------- Done invoking toplevel() on ptolemy.moml.MoMLSimpleApplication@6fd8d95e
reloadAllAccessors: .Expression11

===========================================================================================
----------------- testing Wed Sep 08 18:59:25 UTC 2021 /home/travis/build/icyphy/ptII/ptolemy/actor/lib/test/auto/Expression12.xml
----------------- Instantiating /home/travis/build/icyphy/ptII/ptolemy/actor/lib/test/auto/Expression12.xml
3 ms. Memory: 533504K Free: 332798K (62%)
----------------- Invoking toplevel() on ptolemy.moml.MoMLSimpleApplication@2cc03d84
----------------- Done invoking toplevel() on ptolemy.moml.MoMLSimpleApplication@2cc03d84
reloadAllAccessors: .Expression12

===========================================================================================
----------------- testing Wed Sep 08 18:59:25 UTC 2021 /home/travis/build/icyphy/ptII/ptolemy/actor/lib/test/auto/Expression13.xml
----------------- Instantiating /home/travis/build/icyphy/ptII/ptolemy/actor/lib/test/auto/Expression13.xml
3 ms. Memory: 533504K Free: 327678K (61%)
----------------- Invoking toplevel() on ptolemy.moml.MoMLSimpleApplication@4dff8493
----------------- Done invoking toplevel() on ptolemy.moml.MoMLSimpleApplication@4dff8493
reloadAllAccessors: .Expression13

===========================================================================================
----------------- testing Wed Sep 08 18:59:25 UTC 2021 /home/travis/build/icyphy/ptII/ptolemy/actor/lib/test/auto/Expression14.xml
----------------- Instantiating /home/travis/build/icyphy/ptII/ptolemy/actor/lib/test/auto/Expression14.xml
7 ms. Memory: 533504K Free: 322048K (60%)
----------------- Invoking toplevel() on ptolemy.moml.MoMLSimpleApplication@6b36dcf3
----------------- Done invoking toplevel() on ptolemy.moml.MoMLSimpleApplication@6b36dcf3
reloadAllAccessors: .Expression14

===========================================================================================
----------------- testing Wed Sep 08 18:59:25 UTC 2021 /home/travis/build/icyphy/ptII/ptolemy/actor/lib/test/auto/Expression15.xml
----------------- Instantiating /home/travis/build/icyphy/ptII/ptolemy/actor/lib/test/auto/Expression15.xml
1 ms. Memory: 533504K Free: 317952K (60%)
----------------- Invoking toplevel() on ptolemy.moml.MoMLSimpleApplication@47bd096c
----------------- Done invoking toplevel() on ptolemy.moml.MoMLSimpleApplication@47bd096c
reloadAllAccessors: .Expression15

===========================================================================================
----------------- testing Wed Sep 08 18:59:25 UTC 2021 /home/travis/build/icyphy/ptII/ptolemy/actor/lib/test/auto/Expression16.xml
----------------- Instantiating /home/travis/build/icyphy/ptII/ptolemy/actor/lib/test/auto/Expression16.xml
5 ms. Memory: 533504K Free: 312832K (59%)
----------------- Invoking toplevel() on ptolemy.moml.MoMLSimpleApplication@4b4f19e7
----------------- Done invoking toplevel() on ptolemy.moml.MoMLSimpleApplication@4b4f19e7
reloadAllAccessors: .Expression16

===========================================================================================
----------------- testing Wed Sep 08 18:59:25 UTC 2021 /home/travis/build/icyphy/ptII/ptolemy/actor/lib/test/auto/Expression17.xml
----------------- Instantiating /home/travis/build/icyphy/ptII/ptolemy/actor/lib/test/auto/Expression17.xml
3 ms. Memory: 533504K Free: 308222K (58%)
----------------- Invoking toplevel() on ptolemy.moml.MoMLSimpleApplication@670dfb4f
----------------- Done invoking toplevel() on ptolemy.moml.MoMLSimpleApplication@670dfb4f
reloadAllAccessors: .Expression17

===========================================================================================
----------------- testing Wed Sep 08 18:59:25 UTC 2021 /home/travis/build/icyphy/ptII/ptolemy/actor/lib/test/auto/Expression18.xml
----------------- Instantiating /home/travis/build/icyphy/ptII/ptolemy/actor/lib/test/auto/Expression18.xml
3 ms. Memory: 533504K Free: 303102K (57%)
----------------- Invoking toplevel() on ptolemy.moml.MoMLSimpleApplication@23bbd6b1
----------------- Done invoking toplevel() on ptolemy.moml.MoMLSimpleApplication@23bbd6b1
reloadAllAccessors: .Expression18

===========================================================================================
----------------- testing Wed Sep 08 18:59:25 UTC 2021 /home/travis/build/icyphy/ptII/ptolemy/actor/lib/test/auto/Expression2.xml
----------------- Instantiating /home/travis/build/icyphy/ptII/ptolemy/actor/lib/test/auto/Expression2.xml
3 ms. Memory: 533504K Free: 297982K (56%)
----------------- Invoking toplevel() on ptolemy.moml.MoMLSimpleApplication@745bf9fa
----------------- Done invoking toplevel() on ptolemy.moml.MoMLSimpleApplication@745bf9fa
reloadAllAccessors: .Expression2

===========================================================================================
----------------- testing Wed Sep 08 18:59:25 UTC 2021 /home/travis/build/icyphy/ptII/ptolemy/actor/lib/test/auto/Expression3.xml
----------------- Instantiating /home/travis/build/icyphy/ptII/ptolemy/actor/lib/test/auto/Expression3.xml
6 ms. Memory: 533504K Free: 293376K (55%)
----------------- Invoking toplevel() on ptolemy.moml.MoMLSimpleApplication@7a243a97
----------------- Done invoking toplevel() on ptolemy.moml.MoMLSimpleApplication@7a243a97
reloadAllAccessors: .Expression3

===========================================================================================
----------------- testing Wed Sep 08 18:59:25 UTC 2021 /home/travis/build/icyphy/ptII/ptolemy/actor/lib/test/auto/Expression4.xml
----------------- Instantiating /home/travis/build/icyphy/ptII/ptolemy/actor/lib/test/auto/Expression4.xml
5 ms. Memory: 533504K Free: 285694K (54%)
----------------- Invoking toplevel() on ptolemy.moml.MoMLSimpleApplication@3c320548
----------------- Done invoking toplevel() on ptolemy.moml.MoMLSimpleApplication@3c320548
reloadAllAccessors: .Expression4

===========================================================================================
----------------- testing Wed Sep 08 18:59:25 UTC 2021 /home/travis/build/icyphy/ptII/ptolemy/actor/lib/test/auto/Expression5.xml
----------------- Instantiating /home/travis/build/icyphy/ptII/ptolemy/actor/lib/test/auto/Expression5.xml
3 ms. Memory: 533504K Free: 280574K (53%)
----------------- Invoking toplevel() on ptolemy.moml.MoMLSimpleApplication@604fc754
----------------- Done invoking toplevel() on ptolemy.moml.MoMLSimpleApplication@604fc754
reloadAllAccessors: .Expression5

===========================================================================================
----------------- testing Wed Sep 08 18:59:25 UTC 2021 /home/travis/build/icyphy/ptII/ptolemy/actor/lib/test/auto/Expression6.xml
----------------- Instantiating /home/travis/build/icyphy/ptII/ptolemy/actor/lib/test/auto/Expression6.xml
3 ms. Memory: 533504K Free: 276478K (52%)
----------------- Invoking toplevel() on ptolemy.moml.MoMLSimpleApplication@b22d2f
----------------- Done invoking toplevel() on ptolemy.moml.MoMLSimpleApplication@b22d2f
reloadAllAccessors: .Expression6

===========================================================================================
----------------- testing Wed Sep 08 18:59:25 UTC 2021 /home/travis/build/icyphy/ptII/ptolemy/actor/lib/test/auto/Expression7.xml
----------------- Instantiating /home/travis/build/icyphy/ptII/ptolemy/actor/lib/test/auto/Expression7.xml
3 ms. Memory: 533504K Free: 271358K (51%)
----------------- Invoking toplevel() on ptolemy.moml.MoMLSimpleApplication@14a24350
----------------- Done invoking toplevel() on ptolemy.moml.MoMLSimpleApplication@14a24350
reloadAllAccessors: .Expression7

===========================================================================================
----------------- testing Wed Sep 08 18:59:25 UTC 2021 /home/travis/build/icyphy/ptII/ptolemy/actor/lib/test/auto/Expression8.xml
----------------- Instantiating /home/travis/build/icyphy/ptII/ptolemy/actor/lib/test/auto/Expression8.xml
8 ms. Memory: 533504K Free: 266238K (50%)
----------------- Invoking toplevel() on ptolemy.moml.MoMLSimpleApplication@526688d3
----------------- Done invoking toplevel() on ptolemy.moml.MoMLSimpleApplication@526688d3
reloadAllAccessors: .Expression8

===========================================================================================
----------------- testing Wed Sep 08 18:59:25 UTC 2021 /home/travis/build/icyphy/ptII/ptolemy/actor/lib/test/auto/Expression9.xml
----------------- Instantiating /home/travis/build/icyphy/ptII/ptolemy/actor/lib/test/auto/Expression9.xml
1 ms. Memory: 533504K Free: 262656K (49%)
----------------- Invoking toplevel() on ptolemy.moml.MoMLSimpleApplication@68e45026
----------------- Done invoking toplevel() on ptolemy.moml.MoMLSimpleApplication@68e45026
reloadAllAccessors: .Expression9

===========================================================================================
----------------- testing Wed Sep 08 18:59:25 UTC 2021 /home/travis/build/icyphy/ptII/ptolemy/actor/lib/test/auto/ExpressionConcatenateArrayType.xml
----------------- Instantiating /home/travis/build/icyphy/ptII/ptolemy/actor/lib/test/auto/ExpressionConcatenateArrayType.xml
2 ms. Memory: 533504K Free: 255998K (48%)
----------------- Invoking toplevel() on ptolemy.moml.MoMLSimpleApplication@2e2bdb5e
----------------- Done invoking toplevel() on ptolemy.moml.MoMLSimpleApplication@2e2bdb5e
reloadAllAccessors: .ExpressionConcatenateArrayType

===========================================================================================
----------------- testing Wed Sep 08 18:59:25 UTC 2021 /home/travis/build/icyphy/ptII/ptolemy/actor/lib/test/auto/ExpressionConcatenateArrayType2.xml
----------------- Instantiating /home/travis/build/icyphy/ptII/ptolemy/actor/lib/test/auto/ExpressionConcatenateArrayType2.xml
3 ms. Memory: 533504K Free: 250368K (47%)
----------------- Invoking toplevel() on ptolemy.moml.MoMLSimpleApplication@5f6fa7a7
----------------- Done invoking toplevel() on ptolemy.moml.MoMLSimpleApplication@5f6fa7a7
reloadAllAccessors: .ExpressionConcatenateArrayType2

===========================================================================================
----------------- testing Wed Sep 08 18:59:25 UTC 2021 /home/travis/build/icyphy/ptII/ptolemy/actor/lib/test/auto/ExpressionFix.xml
----------------- Instantiating /home/travis/build/icyphy/ptII/ptolemy/actor/lib/test/auto/ExpressionFix.xml
11 ms. Memory: 533504K Free: 243710K (46%)
----------------- Invoking toplevel() on ptolemy.moml.MoMLSimpleApplication@62aa265d
----------------- Done invoking toplevel() on ptolemy.moml.MoMLSimpleApplication@62aa265d
reloadAllAccessors: .ExpressionFix

===========================================================================================
----------------- testing Wed Sep 08 18:59:25 UTC 2021 /home/travis/build/icyphy/ptII/ptolemy/actor/lib/test/auto/ExpressionFix2.xml
----------------- Instantiating /home/travis/build/icyphy/ptII/ptolemy/actor/lib/test/auto/ExpressionFix2.xml
3 ms. Memory: 533504K Free: 239614K (45%)
----------------- Invoking toplevel() on ptolemy.moml.MoMLSimpleApplication@59872f73
----------------- Done invoking toplevel() on ptolemy.moml.MoMLSimpleApplication@59872f73
reloadAllAccessors: .ExpressionFix2

===========================================================================================
----------------- testing Wed Sep 08 18:59:25 UTC 2021 /home/travis/build/icyphy/ptII/ptolemy/actor/lib/test/auto/ExpressionFix3.xml
----------------- Instantiating /home/travis/build/icyphy/ptII/ptolemy/actor/lib/test/auto/ExpressionFix3.xml
2 ms. Memory: 533504K Free: 235008K (44%)
----------------- Invoking toplevel() on ptolemy.moml.MoMLSimpleApplication@22c3de71
----------------- Done invoking toplevel() on ptolemy.moml.MoMLSimpleApplication@22c3de71
reloadAllAccessors: .ExpressionFix3

===========================================================================================
----------------- testing Wed Sep 08 18:59:25 UTC 2021 /home/travis/build/icyphy/ptII/ptolemy/actor/lib/test/auto/FileWriter1.xml
----------------- Instantiating /home/travis/build/icyphy/ptII/ptolemy/actor/lib/test/auto/FileWriter1.xml
2 ms. Memory: 533504K Free: 230912K (43%)
----------------- Invoking toplevel() on ptolemy.moml.MoMLSimpleApplication@6595b2ca
----------------- Done invoking toplevel() on ptolemy.moml.MoMLSimpleApplication@6595b2ca
reloadAllAccessors: .FileWriter1

===========================================================================================
----------------- testing Wed Sep 08 18:59:25 UTC 2021 /home/travis/build/icyphy/ptII/ptolemy/actor/lib/test/auto/FileWriter2.xml
----------------- Instantiating /home/travis/build/icyphy/ptII/ptolemy/actor/lib/test/auto/FileWriter2.xml
5 ms. Memory: 533504K Free: 226816K (43%)
----------------- Invoking toplevel() on ptolemy.moml.MoMLSimpleApplication@17080b7f
----------------- Done invoking toplevel() on ptolemy.moml.MoMLSimpleApplication@17080b7f
reloadAllAccessors: .FileWriter2

===========================================================================================
----------------- testing Wed Sep 08 18:59:26 UTC 2021 /home/travis/build/icyphy/ptII/ptolemy/actor/lib/test/auto/FileWriter3.xml
----------------- Instantiating /home/travis/build/icyphy/ptII/ptolemy/actor/lib/test/auto/FileWriter3.xml
5 ms. Memory: 533504K Free: 222720K (42%)
----------------- Invoking toplevel() on ptolemy.moml.MoMLSimpleApplication@650f714c
----------------- Done invoking toplevel() on ptolemy.moml.MoMLSimpleApplication@650f714c
reloadAllAccessors: .FileWriter3

===========================================================================================
----------------- testing Wed Sep 08 18:59:26 UTC 2021 /home/travis/build/icyphy/ptII/ptolemy/actor/lib/test/auto/Gaussian.xml
----------------- Instantiating /home/travis/build/icyphy/ptII/ptolemy/actor/lib/test/auto/Gaussian.xml
3 ms. Memory: 533504K Free: 218103K (41%)
----------------- Invoking toplevel() on ptolemy.moml.MoMLSimpleApplication@2fed5642
----------------- Done invoking toplevel() on ptolemy.moml.MoMLSimpleApplication@2fed5642
reloadAllAccessors: .Gaussian

===========================================================================================
----------------- testing Wed Sep 08 18:59:26 UTC 2021 /home/travis/build/icyphy/ptII/ptolemy/actor/lib/test/auto/Gaussian1.xml
----------------- Instantiating /home/travis/build/icyphy/ptII/ptolemy/actor/lib/test/auto/Gaussian1.xml
2 ms. Memory: 533504K Free: 212480K (40%)
----------------- Invoking toplevel() on ptolemy.moml.MoMLSimpleApplication@348c1f44
----------------- Done invoking toplevel() on ptolemy.moml.MoMLSimpleApplication@348c1f44
reloadAllAccessors: .Gaussian1

===========================================================================================
----------------- testing Wed Sep 08 18:59:26 UTC 2021 /home/travis/build/icyphy/ptII/ptolemy/actor/lib/test/auto/Gaussian2.xml
----------------- Instantiating /home/travis/build/icyphy/ptII/ptolemy/actor/lib/test/auto/Gaussian2.xml
8 ms. Memory: 533504K Free: 207360K (39%)
----------------- Invoking toplevel() on ptolemy.moml.MoMLSimpleApplication@542a29ef
----------------- Done invoking toplevel() on ptolemy.moml.MoMLSimpleApplication@542a29ef
reloadAllAccessors: .Gaussian2

===========================================================================================
----------------- testing Wed Sep 08 18:59:26 UTC 2021 /home/travis/build/icyphy/ptII/ptolemy/actor/lib/test/auto/GradientAdaptiveLattice.xml
----------------- Instantiating /home/travis/build/icyphy/ptII/ptolemy/actor/lib/test/auto/GradientAdaptiveLattice.xml
2 ms. Memory: 533504K Free: 202240K (38%)
----------------- Invoking toplevel() on ptolemy.moml.MoMLSimpleApplication@f6ff1e9
----------------- Done invoking toplevel() on ptolemy.moml.MoMLSimpleApplication@f6ff1e9
reloadAllAccessors: .GradientAdaptiveLattice

===========================================================================================
----------------- testing Wed Sep 08 18:59:26 UTC 2021 /home/travis/build/icyphy/ptII/ptolemy/actor/lib/test/auto/IIR.xml
----------------- Instantiating /home/travis/build/icyphy/ptII/ptolemy/actor/lib/test/auto/IIR.xml
1 ms. Memory: 533504K Free: 197630K (37%)
----------------- Invoking toplevel() on ptolemy.moml.MoMLSimpleApplication@5a29a8a5
----------------- Done invoking toplevel() on ptolemy.moml.MoMLSimpleApplication@5a29a8a5
reloadAllAccessors: .IIR

===========================================================================================
----------------- testing Wed Sep 08 18:59:26 UTC 2021 /home/travis/build/icyphy/ptII/ptolemy/actor/lib/test/auto/InputOutputTransparentPorts.xml
----------------- Instantiating /home/travis/build/icyphy/ptII/ptolemy/actor/lib/test/auto/InputOutputTransparentPorts.xml
2 ms. Memory: 533504K Free: 190462K (36%)
----------------- Invoking toplevel() on ptolemy.moml.MoMLSimpleApplication@e772640
----------------- Done invoking toplevel() on ptolemy.moml.MoMLSimpleApplication@e772640
reloadAllAccessors: .InputOutputTransparentPorts

===========================================================================================
----------------- testing Wed Sep 08 18:59:26 UTC 2021 /home/travis/build/icyphy/ptII/ptolemy/actor/lib/test/auto/Interpolator.xml
----------------- Instantiating /home/travis/build/icyphy/ptII/ptolemy/actor/lib/test/auto/Interpolator.xml
7 ms. Memory: 533504K Free: 186366K (35%)
----------------- Invoking toplevel() on ptolemy.moml.MoMLSimpleApplication@15b3a6d4
----------------- Done invoking toplevel() on ptolemy.moml.MoMLSimpleApplication@15b3a6d4
reloadAllAccessors: .Interpolator

===========================================================================================
----------------- testing Wed Sep 08 18:59:26 UTC 2021 /home/travis/build/icyphy/ptII/ptolemy/actor/lib/test/auto/InterpolatorFiringLimitDE.xml
----------------- Instantiating /home/travis/build/icyphy/ptII/ptolemy/actor/lib/test/auto/InterpolatorFiringLimitDE.xml
3 ms. Memory: 533504K Free: 180222K (34%)
----------------- Invoking toplevel() on ptolemy.moml.MoMLSimpleApplication@3d44abe8
----------------- Done invoking toplevel() on ptolemy.moml.MoMLSimpleApplication@3d44abe8
reloadAllAccessors: .InterpolatorFiringLimitDE

===========================================================================================
----------------- testing Wed Sep 08 18:59:26 UTC 2021 /home/travis/build/icyphy/ptII/ptolemy/actor/lib/test/auto/Lattice.xml
----------------- Instantiating /home/travis/build/icyphy/ptII/ptolemy/actor/lib/test/auto/Lattice.xml
0 ms. Memory: 533504K Free: 176126K (33%)
----------------- Invoking toplevel() on ptolemy.moml.MoMLSimpleApplication@46eb0be
----------------- Done invoking toplevel() on ptolemy.moml.MoMLSimpleApplication@46eb0be
reloadAllAccessors: .Lattice

===========================================================================================
----------------- testing Wed Sep 08 18:59:26 UTC 2021 /home/travis/build/icyphy/ptII/ptolemy/actor/lib/test/auto/LazyAOCTestLazy.xml
----------------- Instantiating /home/travis/build/icyphy/ptII/ptolemy/actor/lib/test/auto/LazyAOCTestLazy.xml
7 ms. Memory: 533504K Free: 478947K (90%)
----------------- Invoking toplevel() on ptolemy.moml.MoMLSimpleApplication@245503d3
----------------- Done invoking toplevel() on ptolemy.moml.MoMLSimpleApplication@245503d3
reloadAllAccessors: .LazyAOCTestLazy

===========================================================================================
----------------- testing Wed Sep 08 18:59:26 UTC 2021 /home/travis/build/icyphy/ptII/ptolemy/actor/lib/test/auto/LazyAOCTestNonLazy.xml
----------------- Instantiating /home/travis/build/icyphy/ptII/ptolemy/actor/lib/test/auto/LazyAOCTestNonLazy.xml
2 ms. Memory: 533504K Free: 472289K (89%)
----------------- Invoking toplevel() on ptolemy.moml.MoMLSimpleApplication@204b22b
----------------- Done invoking toplevel() on ptolemy.moml.MoMLSimpleApplication@204b22b
reloadAllAccessors: .LazyAOCTestNonLazy

===========================================================================================
----------------- testing Wed Sep 08 18:59:26 UTC 2021 /home/travis/build/icyphy/ptII/ptolemy/actor/lib/test/auto/LazyInnerClass.xml
----------------- Instantiating /home/travis/build/icyphy/ptII/ptolemy/actor/lib/test/auto/LazyInnerClass.xml
10 ms. Memory: 533504K Free: 463043K (87%)
----------------- Invoking toplevel() on ptolemy.moml.MoMLSimpleApplication@1c311f34
----------------- Done invoking toplevel() on ptolemy.moml.MoMLSimpleApplication@1c311f34
reloadAllAccessors: .LazyInnerClass

===========================================================================================
----------------- testing Wed Sep 08 18:59:26 UTC 2021 /home/travis/build/icyphy/ptII/ptolemy/actor/lib/test/auto/LazyPubSub.xml
----------------- Instantiating /home/travis/build/icyphy/ptII/ptolemy/actor/lib/test/auto/LazyPubSub.xml
29 ms. Memory: 533504K Free: 452833K (85%)
----------------- Invoking toplevel() on ptolemy.moml.MoMLSimpleApplication@28c7b85c
----------------- Done invoking toplevel() on ptolemy.moml.MoMLSimpleApplication@28c7b85c
reloadAllAccessors: .LazyPubSub

===========================================================================================
----------------- testing Wed Sep 08 18:59:26 UTC 2021 /home/travis/build/icyphy/ptII/ptolemy/actor/lib/test/auto/LazyPubSub2.xml
----------------- Instantiating /home/travis/build/icyphy/ptII/ptolemy/actor/lib/test/auto/LazyPubSub2.xml
18 ms. Memory: 533504K Free: 443107K (83%)
----------------- Invoking toplevel() on ptolemy.moml.MoMLSimpleApplication@148204cf
----------------- Done invoking toplevel() on ptolemy.moml.MoMLSimpleApplication@148204cf
reloadAllAccessors: .LazyPubSub2

===========================================================================================
----------------- testing Wed Sep 08 18:59:26 UTC 2021 /home/travis/build/icyphy/ptII/ptolemy/actor/lib/test/auto/LazyPubSub3.xml
----------------- Instantiating /home/travis/build/icyphy/ptII/ptolemy/actor/lib/test/auto/LazyPubSub3.xml
12 ms. Memory: 533504K Free: 433377K (81%)
----------------- Invoking toplevel() on ptolemy.moml.MoMLSimpleApplication@5112d8c6
----------------- Done invoking toplevel() on ptolemy.moml.MoMLSimpleApplication@5112d8c6
reloadAllAccessors: .LazyPubSub3

===========================================================================================
----------------- testing Wed Sep 08 18:59:26 UTC 2021 /home/travis/build/icyphy/ptII/ptolemy/actor/lib/test/auto/LazySubClassModel.xml
----------------- Instantiating /home/travis/build/icyphy/ptII/ptolemy/actor/lib/test/auto/LazySubClassModel.xml
2 ms. Memory: 533504K Free: 424161K (80%)
----------------- Invoking toplevel() on ptolemy.moml.MoMLSimpleApplication@1a3c3d51
----------------- Done invoking toplevel() on ptolemy.moml.MoMLSimpleApplication@1a3c3d51
reloadAllAccessors: .LazySubClassModel

===========================================================================================
----------------- testing Wed Sep 08 18:59:26 UTC 2021 /home/travis/build/icyphy/ptII/ptolemy/actor/lib/test/auto/LevelCrossTest1.xml
----------------- Instantiating /home/travis/build/icyphy/ptII/ptolemy/actor/lib/test/auto/LevelCrossTest1.xml
2 ms. Memory: 533504K Free: 419041K (79%)
----------------- Invoking toplevel() on ptolemy.moml.MoMLSimpleApplication@6d9e7b68
----------------- Done invoking toplevel() on ptolemy.moml.MoMLSimpleApplication@6d9e7b68
reloadAllAccessors: .broken

===========================================================================================
----------------- testing Wed Sep 08 18:59:26 UTC 2021 /home/travis/build/icyphy/ptII/ptolemy/actor/lib/test/auto/LevelCrossTest10.xml
----------------- Instantiating /home/travis/build/icyphy/ptII/ptolemy/actor/lib/test/auto/LevelCrossTest10.xml
2 ms. Memory: 533504K Free: 412387K (77%)
----------------- Invoking toplevel() on ptolemy.moml.MoMLSimpleApplication@549543fe
----------------- Done invoking toplevel() on ptolemy.moml.MoMLSimpleApplication@549543fe
reloadAllAccessors: .LevelCrossTest10

===========================================================================================
----------------- testing Wed Sep 08 18:59:26 UTC 2021 /home/travis/build/icyphy/ptII/ptolemy/actor/lib/test/auto/LevelCrossTest11.xml
----------------- Instantiating /home/travis/build/icyphy/ptII/ptolemy/actor/lib/test/auto/LevelCrossTest11.xml
1 ms. Memory: 533504K Free: 406243K (76%)
----------------- Invoking toplevel() on ptolemy.moml.MoMLSimpleApplication@5a4c36e5
----------------- Done invoking toplevel() on ptolemy.moml.MoMLSimpleApplication@5a4c36e5
reloadAllAccessors: .LevelCrossTest11

===========================================================================================
----------------- testing Wed Sep 08 18:59:26 UTC 2021 /home/travis/build/icyphy/ptII/ptolemy/actor/lib/test/auto/LevelCrossTest12.xml
----------------- Instantiating /home/travis/build/icyphy/ptII/ptolemy/actor/lib/test/auto/LevelCrossTest12.xml
1 ms. Memory: 533504K Free: 399585K (75%)
----------------- Invoking toplevel() on ptolemy.moml.MoMLSimpleApplication@25f1f742
----------------- Done invoking toplevel() on ptolemy.moml.MoMLSimpleApplication@25f1f742
reloadAllAccessors: .LevelCrossTest12

===========================================================================================
----------------- testing Wed Sep 08 18:59:26 UTC 2021 /home/travis/build/icyphy/ptII/ptolemy/actor/lib/test/auto/LevelCrossTest13.xml
----------------- Instantiating /home/travis/build/icyphy/ptII/ptolemy/actor/lib/test/auto/LevelCrossTest13.xml
4 ms. Memory: 533504K Free: 391907K (73%)
----------------- Invoking toplevel() on ptolemy.moml.MoMLSimpleApplication@2b1eec4d
----------------- Done invoking toplevel() on ptolemy.moml.MoMLSimpleApplication@2b1eec4d
reloadAllAccessors: .LevelCrossTest13

===========================================================================================
----------------- testing Wed Sep 08 18:59:26 UTC 2021 /home/travis/build/icyphy/ptII/ptolemy/actor/lib/test/auto/LevelCrossTest2.xml
----------------- Instantiating /home/travis/build/icyphy/ptII/ptolemy/actor/lib/test/auto/LevelCrossTest2.xml
1 ms. Memory: 533504K Free: 386273K (72%)
----------------- Invoking toplevel() on ptolemy.moml.MoMLSimpleApplication@408f0535
----------------- Done invoking toplevel() on ptolemy.moml.MoMLSimpleApplication@408f0535
reloadAllAccessors: .broken

===========================================================================================
----------------- testing Wed Sep 08 18:59:26 UTC 2021 /home/travis/build/icyphy/ptII/ptolemy/actor/lib/test/auto/LevelCrossTest3.xml
----------------- Instantiating /home/travis/build/icyphy/ptII/ptolemy/actor/lib/test/auto/LevelCrossTest3.xml
1 ms. Memory: 533504K Free: 380129K (71%)
----------------- Invoking toplevel() on ptolemy.moml.MoMLSimpleApplication@989e34e
----------------- Done invoking toplevel() on ptolemy.moml.MoMLSimpleApplication@989e34e
reloadAllAccessors: .LevelCrossTest3

===========================================================================================
----------------- testing Wed Sep 08 18:59:26 UTC 2021 /home/travis/build/icyphy/ptII/ptolemy/actor/lib/test/auto/LevelCrossTest4.xml
----------------- Instantiating /home/travis/build/icyphy/ptII/ptolemy/actor/lib/test/auto/LevelCrossTest4.xml
1 ms. Memory: 533504K Free: 375009K (70%)
----------------- Invoking toplevel() on ptolemy.moml.MoMLSimpleApplication@32416abc
----------------- Done invoking toplevel() on ptolemy.moml.MoMLSimpleApplication@32416abc
reloadAllAccessors: .broken

===========================================================================================
----------------- testing Wed Sep 08 18:59:26 UTC 2021 /home/travis/build/icyphy/ptII/ptolemy/actor/lib/test/auto/LevelCrossTest5.xml
----------------- Instantiating /home/travis/build/icyphy/ptII/ptolemy/actor/lib/test/auto/LevelCrossTest5.xml
1 ms. Memory: 533504K Free: 367841K (69%)
----------------- Invoking toplevel() on ptolemy.moml.MoMLSimpleApplication@495061a5
----------------- Done invoking toplevel() on ptolemy.moml.MoMLSimpleApplication@495061a5
reloadAllAccessors: .LevelCrossTest5

===========================================================================================
----------------- testing Wed Sep 08 18:59:26 UTC 2021 /home/travis/build/icyphy/ptII/ptolemy/actor/lib/test/auto/LevelCrossTest6.xml
----------------- Instantiating /home/travis/build/icyphy/ptII/ptolemy/actor/lib/test/auto/LevelCrossTest6.xml
1 ms. Memory: 533504K Free: 361187K (68%)
----------------- Invoking toplevel() on ptolemy.moml.MoMLSimpleApplication@4197066d
----------------- Done invoking toplevel() on ptolemy.moml.MoMLSimpleApplication@4197066d
reloadAllAccessors: .LevelCrossTest6

===========================================================================================
----------------- testing Wed Sep 08 18:59:26 UTC 2021 /home/travis/build/icyphy/ptII/ptolemy/actor/lib/test/auto/LevelCrossTest7.xml
----------------- Instantiating /home/travis/build/icyphy/ptII/ptolemy/actor/lib/test/auto/LevelCrossTest7.xml
2 ms. Memory: 533504K Free: 352995K (66%)
----------------- Invoking toplevel() on ptolemy.moml.MoMLSimpleApplication@3d155a6c
----------------- Done invoking toplevel() on ptolemy.moml.MoMLSimpleApplication@3d155a6c
reloadAllAccessors: .LevelCrossTest7

===========================================================================================
----------------- testing Wed Sep 08 18:59:26 UTC 2021 /home/travis/build/icyphy/ptII/ptolemy/actor/lib/test/auto/LevelCrossTest8.xml
----------------- Instantiating /home/travis/build/icyphy/ptII/ptolemy/actor/lib/test/auto/LevelCrossTest8.xml
1 ms. Memory: 533504K Free: 345827K (65%)
----------------- Invoking toplevel() on ptolemy.moml.MoMLSimpleApplication@682d27b6
----------------- Done invoking toplevel() on ptolemy.moml.MoMLSimpleApplication@682d27b6
reloadAllAccessors: .LevelCrossTest8

===========================================================================================
----------------- testing Wed Sep 08 18:59:26 UTC 2021 /home/travis/build/icyphy/ptII/ptolemy/actor/lib/test/auto/LevelCrossTest9.xml
----------------- Instantiating /home/travis/build/icyphy/ptII/ptolemy/actor/lib/test/auto/LevelCrossTest9.xml
1 ms. Memory: 533504K Free: 339169K (64%)
----------------- Invoking toplevel() on ptolemy.moml.MoMLSimpleApplication@394a104b
----------------- Done invoking toplevel() on ptolemy.moml.MoMLSimpleApplication@394a104b
reloadAllAccessors: .LevelCrossTest9

===========================================================================================
----------------- testing Wed Sep 08 18:59:26 UTC 2021 /home/travis/build/icyphy/ptII/ptolemy/actor/lib/test/auto/LevinsonDurbin.xml
----------------- Instantiating /home/travis/build/icyphy/ptII/ptolemy/actor/lib/test/auto/LevinsonDurbin.xml
1 ms. Memory: 533504K Free: 334563K (63%)
----------------- Invoking toplevel() on ptolemy.moml.MoMLSimpleApplication@6a398065
----------------- Done invoking toplevel() on ptolemy.moml.MoMLSimpleApplication@6a398065
reloadAllAccessors: .LevinsonDurbin

===========================================================================================
----------------- testing Wed Sep 08 18:59:26 UTC 2021 /home/travis/build/icyphy/ptII/ptolemy/actor/lib/test/auto/LevinsonDurbin2.xml
----------------- Instantiating /home/travis/build/icyphy/ptII/ptolemy/actor/lib/test/auto/LevinsonDurbin2.xml
2 ms. Memory: 533504K Free: 330467K (62%)
----------------- Invoking toplevel() on ptolemy.moml.MoMLSimpleApplication@73aa257
----------------- Done invoking toplevel() on ptolemy.moml.MoMLSimpleApplication@73aa257
reloadAllAccessors: .LevinsonDurbin2

===========================================================================================
----------------- testing Wed Sep 08 18:59:26 UTC 2021 /home/travis/build/icyphy/ptII/ptolemy/actor/lib/test/auto/LevinsonDurbin3.xml
----------------- Instantiating /home/travis/build/icyphy/ptII/ptolemy/actor/lib/test/auto/LevinsonDurbin3.xml
1 ms. Memory: 533504K Free: 326371K (61%)
----------------- Invoking toplevel() on ptolemy.moml.MoMLSimpleApplication@22592396
----------------- Done invoking toplevel() on ptolemy.moml.MoMLSimpleApplication@22592396
reloadAllAccessors: .LevinsonDurbin3

===========================================================================================
----------------- testing Wed Sep 08 18:59:26 UTC 2021 /home/travis/build/icyphy/ptII/ptolemy/actor/lib/test/auto/Limiter.xml
----------------- Instantiating /home/travis/build/icyphy/ptII/ptolemy/actor/lib/test/auto/Limiter.xml
13 ms. Memory: 533504K Free: 317155K (59%)
----------------- Invoking toplevel() on ptolemy.moml.MoMLSimpleApplication@4dfe1b58
----------------- Done invoking toplevel() on ptolemy.moml.MoMLSimpleApplication@4dfe1b58
reloadAllAccessors: .Limiter

===========================================================================================
----------------- testing Wed Sep 08 18:59:26 UTC 2021 /home/travis/build/icyphy/ptII/ptolemy/actor/lib/test/auto/LinearDifferenceEquationSystem.xml
----------------- Instantiating /home/travis/build/icyphy/ptII/ptolemy/actor/lib/test/auto/LinearDifferenceEquationSystem.xml
3 ms. Memory: 533504K Free: 310497K (58%)
----------------- Invoking toplevel() on ptolemy.moml.MoMLSimpleApplication@595fafd0
----------------- Done invoking toplevel() on ptolemy.moml.MoMLSimpleApplication@595fafd0
reloadAllAccessors: .LinearDifferenceEquationSystem

===========================================================================================
----------------- testing Wed Sep 08 18:59:26 UTC 2021 /home/travis/build/icyphy/ptII/ptolemy/actor/lib/test/auto/LookupTable.xml
----------------- Instantiating /home/travis/build/icyphy/ptII/ptolemy/actor/lib/test/auto/LookupTable.xml
2 ms. Memory: 533504K Free: 305891K (57%)
----------------- Invoking toplevel() on ptolemy.moml.MoMLSimpleApplication@2a812f2c
----------------- Done invoking toplevel() on ptolemy.moml.MoMLSimpleApplication@2a812f2c
reloadAllAccessors: .LookupTable

===========================================================================================
----------------- testing Wed Sep 08 18:59:26 UTC 2021 /home/travis/build/icyphy/ptII/ptolemy/actor/lib/test/auto/MathFunction.xml
----------------- Instantiating /home/travis/build/icyphy/ptII/ptolemy/actor/lib/test/auto/MathFunction.xml
2 ms. Memory: 533504K Free: 297699K (56%)
----------------- Invoking toplevel() on ptolemy.moml.MoMLSimpleApplication@643b50bc
----------------- Done invoking toplevel() on ptolemy.moml.MoMLSimpleApplication@643b50bc
reloadAllAccessors: .MathFunction

===========================================================================================
----------------- testing Wed Sep 08 18:59:26 UTC 2021 /home/travis/build/icyphy/ptII/ptolemy/actor/lib/test/auto/MathFunction2.xml
----------------- Instantiating /home/travis/build/icyphy/ptII/ptolemy/actor/lib/test/auto/MathFunction2.xml
5 ms. Memory: 533504K Free: 293603K (55%)
----------------- Invoking toplevel() on ptolemy.moml.MoMLSimpleApplication@25259ef9
----------------- Done invoking toplevel() on ptolemy.moml.MoMLSimpleApplication@25259ef9
reloadAllAccessors: .MathFunction2

===========================================================================================
----------------- testing Wed Sep 08 18:59:26 UTC 2021 /home/travis/build/icyphy/ptII/ptolemy/actor/lib/test/auto/MathFunction3.xml
----------------- Instantiating /home/travis/build/icyphy/ptII/ptolemy/actor/lib/test/auto/MathFunction3.xml
3 ms. Memory: 533504K Free: 286435K (54%)
----------------- Invoking toplevel() on ptolemy.moml.MoMLSimpleApplication@7fca2cd4
----------------- Done invoking toplevel() on ptolemy.moml.MoMLSimpleApplication@7fca2cd4
reloadAllAccessors: .MathFunction3

===========================================================================================
----------------- testing Wed Sep 08 18:59:26 UTC 2021 /home/travis/build/icyphy/ptII/ptolemy/actor/lib/test/auto/MatrixCropBoolean.xml
----------------- Instantiating /home/travis/build/icyphy/ptII/ptolemy/actor/lib/test/auto/MatrixCropBoolean.xml
2 ms. Memory: 533504K Free: 281795K (53%)
----------------- Invoking toplevel() on ptolemy.moml.MoMLSimpleApplication@b43ffd
----------------- Done invoking toplevel() on ptolemy.moml.MoMLSimpleApplication@b43ffd
reloadAllAccessors: .MatrixCropBoolean

===========================================================================================
----------------- testing Wed Sep 08 18:59:26 UTC 2021 /home/travis/build/icyphy/ptII/ptolemy/actor/lib/test/auto/MatrixCropComplex.xml
----------------- Instantiating /home/travis/build/icyphy/ptII/ptolemy/actor/lib/test/auto/MatrixCropComplex.xml
2 ms. Memory: 533504K Free: 276699K (52%)
----------------- Invoking toplevel() on ptolemy.moml.MoMLSimpleApplication@4fc94c45
----------------- Done invoking toplevel() on ptolemy.moml.MoMLSimpleApplication@4fc94c45
reloadAllAccessors: .MatrixCropComplex

===========================================================================================
----------------- testing Wed Sep 08 18:59:26 UTC 2021 /home/travis/build/icyphy/ptII/ptolemy/actor/lib/test/auto/MatrixCropDouble.xml
----------------- Instantiating /home/travis/build/icyphy/ptII/ptolemy/actor/lib/test/auto/MatrixCropDouble.xml
2 ms. Memory: 533504K Free: 272099K (51%)
----------------- Invoking toplevel() on ptolemy.moml.MoMLSimpleApplication@1150c90a
----------------- Done invoking toplevel() on ptolemy.moml.MoMLSimpleApplication@1150c90a
reloadAllAccessors: .MatrixCropDouble

===========================================================================================
----------------- testing Wed Sep 08 18:59:26 UTC 2021 /home/travis/build/icyphy/ptII/ptolemy/actor/lib/test/auto/MatrixCropFix.xml
----------------- Instantiating /home/travis/build/icyphy/ptII/ptolemy/actor/lib/test/auto/MatrixCropFix.xml
2 ms. Memory: 533504K Free: 266979K (50%)
----------------- Invoking toplevel() on ptolemy.moml.MoMLSimpleApplication@1048308c
----------------- Done invoking toplevel() on ptolemy.moml.MoMLSimpleApplication@1048308c
reloadAllAccessors: .MatrixCropFix

===========================================================================================
----------------- testing Wed Sep 08 18:59:26 UTC 2021 /home/travis/build/icyphy/ptII/ptolemy/actor/lib/test/auto/MatrixCropInt.xml
----------------- Instantiating /home/travis/build/icyphy/ptII/ptolemy/actor/lib/test/auto/MatrixCropInt.xml
2 ms. Memory: 533504K Free: 262363K (49%)
----------------- Invoking toplevel() on ptolemy.moml.MoMLSimpleApplication@3d524481
----------------- Done invoking toplevel() on ptolemy.moml.MoMLSimpleApplication@3d524481
reloadAllAccessors: .MatrixCropInt

===========================================================================================
----------------- testing Wed Sep 08 18:59:26 UTC 2021 /home/travis/build/icyphy/ptII/ptolemy/actor/lib/test/auto/MatrixCropLong.xml
----------------- Instantiating /home/travis/build/icyphy/ptII/ptolemy/actor/lib/test/auto/MatrixCropLong.xml
1 ms. Memory: 533504K Free: 257763K (48%)
----------------- Invoking toplevel() on ptolemy.moml.MoMLSimpleApplication@35046f31
----------------- Done invoking toplevel() on ptolemy.moml.MoMLSimpleApplication@35046f31
reloadAllAccessors: .MatrixCropLong

===========================================================================================
----------------- testing Wed Sep 08 18:59:26 UTC 2021 /home/travis/build/icyphy/ptII/ptolemy/actor/lib/test/auto/MatrixToArray.xml
----------------- Instantiating /home/travis/build/icyphy/ptII/ptolemy/actor/lib/test/auto/MatrixToArray.xml
16 ms. Memory: 533504K Free: 242403K (45%)
----------------- Invoking toplevel() on ptolemy.moml.MoMLSimpleApplication@57c05317
----------------- Done invoking toplevel() on ptolemy.moml.MoMLSimpleApplication@57c05317
reloadAllAccessors: .MatrixToArray

===========================================================================================
----------------- testing Wed Sep 08 18:59:27 UTC 2021 /home/travis/build/icyphy/ptII/ptolemy/actor/lib/test/auto/MaxIndex.xml
----------------- Instantiating /home/travis/build/icyphy/ptII/ptolemy/actor/lib/test/auto/MaxIndex.xml
2 ms. Memory: 533504K Free: 237793K (45%)
----------------- Invoking toplevel() on ptolemy.moml.MoMLSimpleApplication@60d8fefa
----------------- Done invoking toplevel() on ptolemy.moml.MoMLSimpleApplication@60d8fefa
reloadAllAccessors: .MaxIndex

===========================================================================================
----------------- testing Wed Sep 08 18:59:27 UTC 2021 /home/travis/build/icyphy/ptII/ptolemy/actor/lib/test/auto/Maximum.xml
----------------- Instantiating /home/travis/build/icyphy/ptII/ptolemy/actor/lib/test/auto/Maximum.xml
2 ms. Memory: 533504K Free: 231139K (43%)
----------------- Invoking toplevel() on ptolemy.moml.MoMLSimpleApplication@7ce0d7e8
----------------- Done invoking toplevel() on ptolemy.moml.MoMLSimpleApplication@7ce0d7e8
reloadAllAccessors: .Maximum

===========================================================================================
----------------- testing Wed Sep 08 18:59:27 UTC 2021 /home/travis/build/icyphy/ptII/ptolemy/actor/lib/test/auto/MaximumComplex.xml
----------------- Instantiating /home/travis/build/icyphy/ptII/ptolemy/actor/lib/test/auto/MaximumComplex.xml
4 ms. Memory: 533504K Free: 224995K (42%)
----------------- Invoking toplevel() on ptolemy.moml.MoMLSimpleApplication@7291ddf1
----------------- Done invoking toplevel() on ptolemy.moml.MoMLSimpleApplication@7291ddf1
reloadAllAccessors: .MaximumComplex

===========================================================================================
----------------- testing Wed Sep 08 18:59:27 UTC 2021 /home/travis/build/icyphy/ptII/ptolemy/actor/lib/test/auto/MethodCallTest.xml
----------------- Instantiating /home/travis/build/icyphy/ptII/ptolemy/actor/lib/test/auto/MethodCallTest.xml
2 ms. Memory: 533504K Free: 218337K (41%)
----------------- Invoking toplevel() on ptolemy.moml.MoMLSimpleApplication@33feb923
----------------- Done invoking toplevel() on ptolemy.moml.MoMLSimpleApplication@33feb923
reloadAllAccessors: .MethodCallTest

===========================================================================================
----------------- testing Wed Sep 08 18:59:27 UTC 2021 /home/travis/build/icyphy/ptII/ptolemy/actor/lib/test/auto/Minimum.xml
----------------- Instantiating /home/travis/build/icyphy/ptII/ptolemy/actor/lib/test/auto/Minimum.xml
4 ms. Memory: 533504K Free: 211683K (40%)
----------------- Invoking toplevel() on ptolemy.moml.MoMLSimpleApplication@3441ec1e
----------------- Done invoking toplevel() on ptolemy.moml.MoMLSimpleApplication@3441ec1e
reloadAllAccessors: .Minimum

===========================================================================================
----------------- testing Wed Sep 08 18:59:27 UTC 2021 /home/travis/build/icyphy/ptII/ptolemy/actor/lib/test/auto/MinimumComplex.xml
----------------- Instantiating /home/travis/build/icyphy/ptII/ptolemy/actor/lib/test/auto/MinimumComplex.xml
3 ms. Memory: 533504K Free: 205539K (39%)
----------------- Invoking toplevel() on ptolemy.moml.MoMLSimpleApplication@43b21e73
----------------- Done invoking toplevel() on ptolemy.moml.MoMLSimpleApplication@43b21e73
reloadAllAccessors: .MinimumComplex

===========================================================================================
----------------- testing Wed Sep 08 18:59:27 UTC 2021 /home/travis/build/icyphy/ptII/ptolemy/actor/lib/test/auto/MinimumMultiports.xml
----------------- Instantiating /home/travis/build/icyphy/ptII/ptolemy/actor/lib/test/auto/MinimumMultiports.xml
3 ms. Memory: 533504K Free: 196803K (37%)
----------------- Invoking toplevel() on ptolemy.moml.MoMLSimpleApplication@7e10f8bb
----------------- Done invoking toplevel() on ptolemy.moml.MoMLSimpleApplication@7e10f8bb
reloadAllAccessors: .MinimumMultiports

===========================================================================================
----------------- testing Wed Sep 08 18:59:27 UTC 2021 /home/travis/build/icyphy/ptII/ptolemy/actor/lib/test/auto/ModifyDate.xml
----------------- Instantiating /home/travis/build/icyphy/ptII/ptolemy/actor/lib/test/auto/ModifyDate.xml
6 ms. Memory: 533504K Free: 184035K (34%)
----------------- Invoking toplevel() on ptolemy.moml.MoMLSimpleApplication@5467b7f7
----------------- Done invoking toplevel() on ptolemy.moml.MoMLSimpleApplication@5467b7f7
reloadAllAccessors: .ModifyDate

===========================================================================================
----------------- testing Wed Sep 08 18:59:27 UTC 2021 /home/travis/build/icyphy/ptII/ptolemy/actor/lib/test/auto/ModifyDate2.xml
----------------- Instantiating /home/travis/build/icyphy/ptII/ptolemy/actor/lib/test/auto/ModifyDate2.xml
5 ms. Memory: 533504K Free: 175843K (33%)
----------------- Invoking toplevel() on ptolemy.moml.MoMLSimpleApplication@174c4e9c
----------------- Done invoking toplevel() on ptolemy.moml.MoMLSimpleApplication@174c4e9c
reloadAllAccessors: .ModifyDate2

===========================================================================================
----------------- testing Wed Sep 08 18:59:27 UTC 2021 /home/travis/build/icyphy/ptII/ptolemy/actor/lib/test/auto/MovingAverage.xml
----------------- Instantiating /home/travis/build/icyphy/ptII/ptolemy/actor/lib/test/auto/MovingAverage.xml
2 ms. Memory: 533504K Free: 478720K (90%)
----------------- Invoking toplevel() on ptolemy.moml.MoMLSimpleApplication@61d1bb99
----------------- Done invoking toplevel() on ptolemy.moml.MoMLSimpleApplication@61d1bb99
reloadAllAccessors: .MovingAverage

===========================================================================================
----------------- testing Wed Sep 08 18:59:27 UTC 2021 /home/travis/build/icyphy/ptII/ptolemy/actor/lib/test/auto/MovingMaximum.xml
----------------- Instantiating /home/travis/build/icyphy/ptII/ptolemy/actor/lib/test/auto/MovingMaximum.xml
2 ms. Memory: 533504K Free: 474110K (89%)
----------------- Invoking toplevel() on ptolemy.moml.MoMLSimpleApplication@41f0b00e
----------------- Done invoking toplevel() on ptolemy.moml.MoMLSimpleApplication@41f0b00e
reloadAllAccessors: .MovingMaximum

===========================================================================================
----------------- testing Wed Sep 08 18:59:27 UTC 2021 /home/travis/build/icyphy/ptII/ptolemy/actor/lib/test/auto/MultipleLinksToSameRelation.xml
----------------- Instantiating /home/travis/build/icyphy/ptII/ptolemy/actor/lib/test/auto/MultipleLinksToSameRelation.xml
2 ms. Memory: 533504K Free: 470014K (88%)
----------------- Invoking toplevel() on ptolemy.moml.MoMLSimpleApplication@3a5aef04
----------------- Done invoking toplevel() on ptolemy.moml.MoMLSimpleApplication@3a5aef04
reloadAllAccessors: .MultipleLinksToSameRelation

===========================================================================================
----------------- testing Wed Sep 08 18:59:27 UTC 2021 /home/travis/build/icyphy/ptII/ptolemy/actor/lib/test/auto/MultipleLinksToSameRelationDE.xml
----------------- Instantiating /home/travis/build/icyphy/ptII/ptolemy/actor/lib/test/auto/MultipleLinksToSameRelationDE.xml
10 ms. Memory: 533504K Free: 465408K (87%)
----------------- Invoking toplevel() on ptolemy.moml.MoMLSimpleApplication@7e27b637
----------------- Done invoking toplevel() on ptolemy.moml.MoMLSimpleApplication@7e27b637
reloadAllAccessors: .MultipleLinksToSameRelationDE

===========================================================================================
----------------- testing Wed Sep 08 18:59:27 UTC 2021 /home/travis/build/icyphy/ptII/ptolemy/actor/lib/test/auto/Multiplexor.xml
----------------- Instantiating /home/travis/build/icyphy/ptII/ptolemy/actor/lib/test/auto/Multiplexor.xml
5 ms. Memory: 533504K Free: 459774K (86%)
----------------- Invoking toplevel() on ptolemy.moml.MoMLSimpleApplication@62a4800a
----------------- Done invoking toplevel() on ptolemy.moml.MoMLSimpleApplication@62a4800a
reloadAllAccessors: .Multiplexor

===========================================================================================
----------------- testing Wed Sep 08 18:59:27 UTC 2021 /home/travis/build/icyphy/ptII/ptolemy/actor/lib/test/auto/Multiplexor1.xml
----------------- Instantiating /home/travis/build/icyphy/ptII/ptolemy/actor/lib/test/auto/Multiplexor1.xml
2 ms. Memory: 533504K Free: 454144K (85%)
----------------- Invoking toplevel() on ptolemy.moml.MoMLSimpleApplication@1919b810
----------------- Done invoking toplevel() on ptolemy.moml.MoMLSimpleApplication@1919b810
reloadAllAccessors: .Multiplexor1

===========================================================================================
----------------- testing Wed Sep 08 18:59:27 UTC 2021 /home/travis/build/icyphy/ptII/ptolemy/actor/lib/test/auto/Multiplexor2.xml
----------------- Instantiating /home/travis/build/icyphy/ptII/ptolemy/actor/lib/test/auto/Multiplexor2.xml
3 ms. Memory: 533504K Free: 447486K (84%)
----------------- Invoking toplevel() on ptolemy.moml.MoMLSimpleApplication@7b73e0ab
----------------- Done invoking toplevel() on ptolemy.moml.MoMLSimpleApplication@7b73e0ab
reloadAllAccessors: .Multiplexor2

===========================================================================================
----------------- testing Wed Sep 08 18:59:27 UTC 2021 /home/travis/build/icyphy/ptII/ptolemy/actor/lib/test/auto/Multiplexor3.xml
----------------- Instantiating /home/travis/build/icyphy/ptII/ptolemy/actor/lib/test/auto/Multiplexor3.xml
3 ms. Memory: 533504K Free: 443904K (83%)
----------------- Invoking toplevel() on ptolemy.moml.MoMLSimpleApplication@6ea23476
----------------- Done invoking toplevel() on ptolemy.moml.MoMLSimpleApplication@6ea23476
reloadAllAccessors: .Multiplexor3

===========================================================================================
----------------- testing Wed Sep 08 18:59:27 UTC 2021 /home/travis/build/icyphy/ptII/ptolemy/actor/lib/test/auto/MultiplexorDE.xml
----------------- Instantiating /home/travis/build/icyphy/ptII/ptolemy/actor/lib/test/auto/MultiplexorDE.xml
2 ms. Memory: 533504K Free: 436191K (82%)
----------------- Invoking toplevel() on ptolemy.moml.MoMLSimpleApplication@73d102f7
----------------- Done invoking toplevel() on ptolemy.moml.MoMLSimpleApplication@73d102f7
reloadAllAccessors: .MultiplexorDE

===========================================================================================
----------------- testing Wed Sep 08 18:59:27 UTC 2021 /home/travis/build/icyphy/ptII/ptolemy/actor/lib/test/auto/MultiportBroadcastTest.xml
----------------- Instantiating /home/travis/build/icyphy/ptII/ptolemy/actor/lib/test/auto/MultiportBroadcastTest.xml
95 ms. Memory: 533504K Free: 430078K (81%)
----------------- Invoking toplevel() on ptolemy.moml.MoMLSimpleApplication@54b60382
----------------- Done invoking toplevel() on ptolemy.moml.MoMLSimpleApplication@54b60382
reloadAllAccessors: .MultiportBroadcastTest

===========================================================================================
----------------- testing Wed Sep 08 18:59:27 UTC 2021 /home/travis/build/icyphy/ptII/ptolemy/actor/lib/test/auto/MultiportOutHangDuringGetWidth.xml
----------------- Instantiating /home/travis/build/icyphy/ptII/ptolemy/actor/lib/test/auto/MultiportOutHangDuringGetWidth.xml
12 ms. Memory: 533504K Free: 417759K (78%)
----------------- Invoking toplevel() on ptolemy.moml.MoMLSimpleApplication@1706fdfe
----------------- Done invoking toplevel() on ptolemy.moml.MoMLSimpleApplication@1706fdfe
reloadAllAccessors: .MultiportOutHangDuringGetWidth

===========================================================================================
----------------- testing Wed Sep 08 18:59:27 UTC 2021 /home/travis/build/icyphy/ptII/ptolemy/actor/lib/test/auto/NilToken.xml
----------------- Instantiating /home/travis/build/icyphy/ptII/ptolemy/actor/lib/test/auto/NilToken.xml
1 ms. Memory: 533504K Free: 413694K (78%)
----------------- Invoking toplevel() on ptolemy.moml.MoMLSimpleApplication@28ba82f6
----------------- Done invoking toplevel() on ptolemy.moml.MoMLSimpleApplication@28ba82f6
reloadAllAccessors: .NilToken

===========================================================================================
----------------- testing Wed Sep 08 18:59:27 UTC 2021 /home/travis/build/icyphy/ptII/ptolemy/actor/lib/test/auto/NilTokenNonStrictTest.xml
----------------- Instantiating /home/travis/build/icyphy/ptII/ptolemy/actor/lib/test/auto/NilTokenNonStrictTest.xml
3 ms. Memory: 533504K Free: 408574K (77%)
----------------- Invoking toplevel() on ptolemy.moml.MoMLSimpleApplication@193f4def
----------------- Done invoking toplevel() on ptolemy.moml.MoMLSimpleApplication@193f4def
reloadAllAccessors: .NilTokenNonStrictTest

===========================================================================================
----------------- testing Wed Sep 08 18:59:27 UTC 2021 /home/travis/build/icyphy/ptII/ptolemy/actor/lib/test/auto/NilTokenRecord.xml
----------------- Instantiating /home/travis/build/icyphy/ptII/ptolemy/actor/lib/test/auto/NilTokenRecord.xml
6 ms. Memory: 533504K Free: 401920K (75%)
----------------- Invoking toplevel() on ptolemy.moml.MoMLSimpleApplication@2636dc16
----------------- Done invoking toplevel() on ptolemy.moml.MoMLSimpleApplication@2636dc16
reloadAllAccessors: .NilTokenRecord

===========================================================================================
----------------- testing Wed Sep 08 18:59:27 UTC 2021 /home/travis/build/icyphy/ptII/ptolemy/actor/lib/test/auto/NilTokenTypeTest.xml
----------------- Instantiating /home/travis/build/icyphy/ptII/ptolemy/actor/lib/test/auto/NilTokenTypeTest.xml
5 ms. Memory: 533504K Free: 392190K (74%)
----------------- Invoking toplevel() on ptolemy.moml.MoMLSimpleApplication@2f53e54
----------------- Done invoking toplevel() on ptolemy.moml.MoMLSimpleApplication@2f53e54
reloadAllAccessors: .NilTokenTypeTest

===========================================================================================
----------------- testing Wed Sep 08 18:59:27 UTC 2021 /home/travis/build/icyphy/ptII/ptolemy/actor/lib/test/auto/ObjectToken1.xml
----------------- Instantiating /home/travis/build/icyphy/ptII/ptolemy/actor/lib/test/auto/ObjectToken1.xml
2 ms. Memory: 533504K Free: 388094K (73%)
----------------- Invoking toplevel() on ptolemy.moml.MoMLSimpleApplication@7ff492fd
----------------- Done invoking toplevel() on ptolemy.moml.MoMLSimpleApplication@7ff492fd
reloadAllAccessors: .ObjectToken1

===========================================================================================
----------------- testing Wed Sep 08 18:59:27 UTC 2021 /home/travis/build/icyphy/ptII/ptolemy/actor/lib/test/auto/OrderedMerge.xml
----------------- Instantiating /home/travis/build/icyphy/ptII/ptolemy/actor/lib/test/auto/OrderedMerge.xml
12 ms. Memory: 533504K Free: 382464K (72%)
----------------- Invoking toplevel() on ptolemy.moml.MoMLSimpleApplication@13d745c4
----------------- Done invoking toplevel() on ptolemy.moml.MoMLSimpleApplication@13d745c4
reloadAllAccessors: .OrderedMerge

===========================================================================================
----------------- testing Wed Sep 08 18:59:27 UTC 2021 /home/travis/build/icyphy/ptII/ptolemy/actor/lib/test/auto/OrderedRecordDisassembler.xml
----------------- Instantiating /home/travis/build/icyphy/ptII/ptolemy/actor/lib/test/auto/OrderedRecordDisassembler.xml
3 ms. Memory: 533504K Free: 377344K (71%)
----------------- Invoking toplevel() on ptolemy.moml.MoMLSimpleApplication@6d1649b8
----------------- Done invoking toplevel() on ptolemy.moml.MoMLSimpleApplication@6d1649b8
reloadAllAccessors: .OrderedRecordDisassembler

===========================================================================================
----------------- testing Wed Sep 08 18:59:27 UTC 2021 /home/travis/build/icyphy/ptII/ptolemy/actor/lib/test/auto/OrderedRecordDisassembler2.xml
----------------- Instantiating /home/travis/build/icyphy/ptII/ptolemy/actor/lib/test/auto/OrderedRecordDisassembler2.xml
4 ms. Memory: 533504K Free: 369631K (69%)
----------------- Invoking toplevel() on ptolemy.moml.MoMLSimpleApplication@1aa34a4d
----------------- Done invoking toplevel() on ptolemy.moml.MoMLSimpleApplication@1aa34a4d
reloadAllAccessors: .OrderedRecordDisassembler2

===========================================================================================
----------------- testing Wed Sep 08 18:59:27 UTC 2021 /home/travis/build/icyphy/ptII/ptolemy/actor/lib/test/auto/OrderedRecordUpdater.xml
----------------- Instantiating /home/travis/build/icyphy/ptII/ptolemy/actor/lib/test/auto/OrderedRecordUpdater.xml
2 ms. Memory: 533504K Free: 364542K (68%)
----------------- Invoking toplevel() on ptolemy.moml.MoMLSimpleApplication@7bb576d3
----------------- Done invoking toplevel() on ptolemy.moml.MoMLSimpleApplication@7bb576d3
reloadAllAccessors: .RecordUpdater

===========================================================================================
----------------- testing Wed Sep 08 18:59:27 UTC 2021 /home/travis/build/icyphy/ptII/ptolemy/actor/lib/test/auto/OrderedRecordUpdater2.xml
----------------- Instantiating /home/travis/build/icyphy/ptII/ptolemy/actor/lib/test/auto/OrderedRecordUpdater2.xml
3 ms. Memory: 533504K Free: 359422K (67%)
----------------- Invoking toplevel() on ptolemy.moml.MoMLSimpleApplication@2d9dd791
----------------- Done invoking toplevel() on ptolemy.moml.MoMLSimpleApplication@2d9dd791
reloadAllAccessors: .RecordUpdater2

===========================================================================================
----------------- testing Wed Sep 08 18:59:27 UTC 2021 /home/travis/build/icyphy/ptII/ptolemy/actor/lib/test/auto/PhaseUnwrap.xml
----------------- Instantiating /home/travis/build/icyphy/ptII/ptolemy/actor/lib/test/auto/PhaseUnwrap.xml
1 ms. Memory: 533504K Free: 355326K (67%)
----------------- Invoking toplevel() on ptolemy.moml.MoMLSimpleApplication@44f6943f
----------------- Done invoking toplevel() on ptolemy.moml.MoMLSimpleApplication@44f6943f
reloadAllAccessors: .PhaseUnwrap

===========================================================================================
----------------- testing Wed Sep 08 18:59:27 UTC 2021 /home/travis/build/icyphy/ptII/ptolemy/actor/lib/test/auto/PoissonClock.xml
----------------- Instantiating /home/travis/build/icyphy/ptII/ptolemy/actor/lib/test/auto/PoissonClock.xml
1 ms. Memory: 533504K Free: 351230K (66%)
----------------- Invoking toplevel() on ptolemy.moml.MoMLSimpleApplication@39684cb
----------------- Done invoking toplevel() on ptolemy.moml.MoMLSimpleApplication@39684cb
reloadAllAccessors: .PoissonClock

===========================================================================================
----------------- testing Wed Sep 08 18:59:27 UTC 2021 /home/travis/build/icyphy/ptII/ptolemy/actor/lib/test/auto/PoissonClock2.xml
----------------- Instantiating /home/travis/build/icyphy/ptII/ptolemy/actor/lib/test/auto/PoissonClock2.xml
1 ms. Memory: 533504K Free: 346624K (65%)
----------------- Invoking toplevel() on ptolemy.moml.MoMLSimpleApplication@4274cd8f
----------------- Done invoking toplevel() on ptolemy.moml.MoMLSimpleApplication@4274cd8f
reloadAllAccessors: .PoissonClock2

===========================================================================================
----------------- testing Wed Sep 08 18:59:27 UTC 2021 /home/travis/build/icyphy/ptII/ptolemy/actor/lib/test/auto/PoissonClock3.xml
----------------- Instantiating /home/travis/build/icyphy/ptII/ptolemy/actor/lib/test/auto/PoissonClock3.xml
1 ms. Memory: 533504K Free: 342014K (64%)
----------------- Invoking toplevel() on ptolemy.moml.MoMLSimpleApplication@7b1be42
----------------- Done invoking toplevel() on ptolemy.moml.MoMLSimpleApplication@7b1be42
reloadAllAccessors: .PoissonClock3

===========================================================================================
----------------- testing Wed Sep 08 18:59:27 UTC 2021 /home/travis/build/icyphy/ptII/ptolemy/actor/lib/test/auto/PubSubWithInitialTokens.xml
----------------- Instantiating /home/travis/build/icyphy/ptII/ptolemy/actor/lib/test/auto/PubSubWithInitialTokens.xml
2 ms. Memory: 533504K Free: 336384K (63%)
----------------- Invoking toplevel() on ptolemy.moml.MoMLSimpleApplication@6c711f56
----------------- Done invoking toplevel() on ptolemy.moml.MoMLSimpleApplication@6c711f56
reloadAllAccessors: .PubSubWithInitialTokens

===========================================================================================
----------------- testing Wed Sep 08 18:59:27 UTC 2021 /home/travis/build/icyphy/ptII/ptolemy/actor/lib/test/auto/PubSubWithInitialTokens2.xml
----------------- Instantiating /home/travis/build/icyphy/ptII/ptolemy/actor/lib/test/auto/PubSubWithInitialTokens2.xml
2 ms. Memory: 533504K Free: 330240K (62%)
----------------- Invoking toplevel() on ptolemy.moml.MoMLSimpleApplication@5e824273
----------------- Done invoking toplevel() on ptolemy.moml.MoMLSimpleApplication@5e824273
reloadAllAccessors: .PubSubWithInitialTokens2

===========================================================================================
----------------- testing Wed Sep 08 18:59:27 UTC 2021 /home/travis/build/icyphy/ptII/ptolemy/actor/lib/test/auto/PublisherClassNoParameter.xml
----------------- Instantiating /home/travis/build/icyphy/ptII/ptolemy/actor/lib/test/auto/PublisherClassNoParameter.xml
2 ms. Memory: 533504K Free: 320510K (60%)
----------------- Invoking toplevel() on ptolemy.moml.MoMLSimpleApplication@177b2030
----------------- Done invoking toplevel() on ptolemy.moml.MoMLSimpleApplication@177b2030
reloadAllAccessors: .PublisherClassNoParameter

===========================================================================================
----------------- testing Wed Sep 08 18:59:27 UTC 2021 /home/travis/build/icyphy/ptII/ptolemy/actor/lib/test/auto/PublisherClassParameter.xml
----------------- Instantiating /home/travis/build/icyphy/ptII/ptolemy/actor/lib/test/auto/PublisherClassParameter.xml
2 ms. Memory: 533504K Free: 309760K (58%)
----------------- Invoking toplevel() on ptolemy.moml.MoMLSimpleApplication@32dff53f
----------------- Done invoking toplevel() on ptolemy.moml.MoMLSimpleApplication@32dff53f
reloadAllAccessors: .PublisherClassParameter

===========================================================================================
----------------- testing Wed Sep 08 18:59:27 UTC 2021 /home/travis/build/icyphy/ptII/ptolemy/actor/lib/test/auto/PublisherNonStrictTest.xml
----------------- Instantiating /home/travis/build/icyphy/ptII/ptolemy/actor/lib/test/auto/PublisherNonStrictTest.xml
3 ms. Memory: 533504K Free: 302071K (57%)
----------------- Invoking toplevel() on ptolemy.moml.MoMLSimpleApplication@20a668be
----------------- Done invoking toplevel() on ptolemy.moml.MoMLSimpleApplication@20a668be
reloadAllAccessors: .PublisherNonStrictTest

===========================================================================================
----------------- testing Wed Sep 08 18:59:27 UTC 2021 /home/travis/build/icyphy/ptII/ptolemy/actor/lib/test/auto/PublisherPort1.xml
----------------- Instantiating /home/travis/build/icyphy/ptII/ptolemy/actor/lib/test/auto/PublisherPort1.xml
2 ms. Memory: 533504K Free: 296448K (56%)
----------------- Invoking toplevel() on ptolemy.moml.MoMLSimpleApplication@26b6f611
----------------- Done invoking toplevel() on ptolemy.moml.MoMLSimpleApplication@26b6f611
reloadAllAccessors: .PublisherPort1

===========================================================================================
----------------- testing Wed Sep 08 18:59:27 UTC 2021 /home/travis/build/icyphy/ptII/ptolemy/actor/lib/test/auto/PublisherPort2.xml
----------------- Instantiating /home/travis/build/icyphy/ptII/ptolemy/actor/lib/test/auto/PublisherPort2.xml
1 ms. Memory: 533504K Free: 291328K (55%)
----------------- Invoking toplevel() on ptolemy.moml.MoMLSimpleApplication@6d572da1
----------------- Done invoking toplevel() on ptolemy.moml.MoMLSimpleApplication@6d572da1
reloadAllAccessors: .PublisherPort2

===========================================================================================
----------------- testing Wed Sep 08 18:59:27 UTC 2021 /home/travis/build/icyphy/ptII/ptolemy/actor/lib/test/auto/PublisherPort3.xml
----------------- Instantiating /home/travis/build/icyphy/ptII/ptolemy/actor/lib/test/auto/PublisherPort3.xml
11 ms. Memory: 533504K Free: 284639K (53%)
----------------- Invoking toplevel() on ptolemy.moml.MoMLSimpleApplication@56c44db3
----------------- Done invoking toplevel() on ptolemy.moml.MoMLSimpleApplication@56c44db3
reloadAllAccessors: .PublisherPort3

===========================================================================================
----------------- testing Wed Sep 08 18:59:27 UTC 2021 /home/travis/build/icyphy/ptII/ptolemy/actor/lib/test/auto/PublisherPort4.xml
----------------- Instantiating /home/travis/build/icyphy/ptII/ptolemy/actor/lib/test/auto/PublisherPort4.xml
2 ms. Memory: 533504K Free: 279040K (52%)
----------------- Invoking toplevel() on ptolemy.moml.MoMLSimpleApplication@462433da
----------------- Done invoking toplevel() on ptolemy.moml.MoMLSimpleApplication@462433da
reloadAllAccessors: .PublisherPort4

===========================================================================================
----------------- testing Wed Sep 08 18:59:27 UTC 2021 /home/travis/build/icyphy/ptII/ptolemy/actor/lib/test/auto/PublisherPort5.xml
----------------- Instantiating /home/travis/build/icyphy/ptII/ptolemy/actor/lib/test/auto/PublisherPort5.xml
3 ms. Memory: 533504K Free: 271358K (51%)
----------------- Invoking toplevel() on ptolemy.moml.MoMLSimpleApplication@46a5f0e7
----------------- Done invoking toplevel() on ptolemy.moml.MoMLSimpleApplication@46a5f0e7
reloadAllAccessors: .PublisherPort5

===========================================================================================
----------------- testing Wed Sep 08 18:59:28 UTC 2021 /home/travis/build/icyphy/ptII/ptolemy/actor/lib/test/auto/PublisherPort5LookAlike.xml
----------------- Instantiating /home/travis/build/icyphy/ptII/ptolemy/actor/lib/test/auto/PublisherPort5LookAlike.xml
7 ms. Memory: 533504K Free: 263680K (49%)
----------------- Invoking toplevel() on ptolemy.moml.MoMLSimpleApplication@160899f6
----------------- Done invoking toplevel() on ptolemy.moml.MoMLSimpleApplication@160899f6
reloadAllAccessors: .PublisherPort5LookAlike

===========================================================================================
----------------- testing Wed Sep 08 18:59:28 UTC 2021 /home/travis/build/icyphy/ptII/ptolemy/actor/lib/test/auto/PublisherPort6.xml
----------------- Instantiating /home/travis/build/icyphy/ptII/ptolemy/actor/lib/test/auto/PublisherPort6.xml
2 ms. Memory: 533504K Free: 257007K (48%)
----------------- Invoking toplevel() on ptolemy.moml.MoMLSimpleApplication@19cd51fa
----------------- Done invoking toplevel() on ptolemy.moml.MoMLSimpleApplication@19cd51fa
reloadAllAccessors: .PublisherPort6

===========================================================================================
----------------- testing Wed Sep 08 18:59:28 UTC 2021 /home/travis/build/icyphy/ptII/ptolemy/actor/lib/test/auto/PublisherPort7.xml
----------------- Instantiating /home/travis/build/icyphy/ptII/ptolemy/actor/lib/test/auto/PublisherPort7.xml
3 ms. Memory: 533504K Free: 249344K (47%)
----------------- Invoking toplevel() on ptolemy.moml.MoMLSimpleApplication@13973048
----------------- Done invoking toplevel() on ptolemy.moml.MoMLSimpleApplication@13973048
reloadAllAccessors: .PublisherPort7

===========================================================================================
----------------- testing Wed Sep 08 18:59:28 UTC 2021 /home/travis/build/icyphy/ptII/ptolemy/actor/lib/test/auto/PublisherPort8.xml
----------------- Instantiating /home/travis/build/icyphy/ptII/ptolemy/actor/lib/test/auto/PublisherPort8.xml
3 ms. Memory: 533504K Free: 240638K (45%)
----------------- Invoking toplevel() on ptolemy.moml.MoMLSimpleApplication@343d3068
----------------- Done invoking toplevel() on ptolemy.moml.MoMLSimpleApplication@343d3068
reloadAllAccessors: .PublisherPort8

===========================================================================================
----------------- testing Wed Sep 08 18:59:28 UTC 2021 /home/travis/build/icyphy/ptII/ptolemy/actor/lib/test/auto/PublisherPortSubscriberChannelVariablesAOC2.xml
----------------- Instantiating /home/travis/build/icyphy/ptII/ptolemy/actor/lib/test/auto/PublisherPortSubscriberChannelVariablesAOC2.xml
3 ms. Memory: 533504K Free: 222720K (42%)
----------------- Invoking toplevel() on ptolemy.moml.MoMLSimpleApplication@4fb4de4c
----------------- Done invoking toplevel() on ptolemy.moml.MoMLSimpleApplication@4fb4de4c
reloadAllAccessors: .PublisherPortSubscriberChannelVariablesAOC2

===========================================================================================
----------------- testing Wed Sep 08 18:59:28 UTC 2021 /home/travis/build/icyphy/ptII/ptolemy/actor/lib/test/auto/PublisherPortSubscriberOpaqueWidthInference.xml
----------------- Instantiating /home/travis/build/icyphy/ptII/ptolemy/actor/lib/test/auto/PublisherPortSubscriberOpaqueWidthInference.xml
3 ms. Memory: 533504K Free: 215023K (40%)
----------------- Invoking toplevel() on ptolemy.moml.MoMLSimpleApplication@7c796d0d
----------------- Done invoking toplevel() on ptolemy.moml.MoMLSimpleApplication@7c796d0d
reloadAllAccessors: .PublisherPortSubscriberOpaqueWidthInference

===========================================================================================
----------------- testing Wed Sep 08 18:59:28 UTC 2021 /home/travis/build/icyphy/ptII/ptolemy/actor/lib/test/auto/PublisherPortSubscriberPortAdjacent.xml
----------------- Instantiating /home/travis/build/icyphy/ptII/ptolemy/actor/lib/test/auto/PublisherPortSubscriberPortAdjacent.xml
2 ms. Memory: 533504K Free: 206846K (39%)
----------------- Invoking toplevel() on ptolemy.moml.MoMLSimpleApplication@6dc720c1
----------------- Done invoking toplevel() on ptolemy.moml.MoMLSimpleApplication@6dc720c1
reloadAllAccessors: .PublisherPortSubscriberPortAdjacent

===========================================================================================
----------------- testing Wed Sep 08 18:59:28 UTC 2021 /home/travis/build/icyphy/ptII/ptolemy/actor/lib/test/auto/PublisherPortSubscriberPortExpression.xml
----------------- Instantiating /home/travis/build/icyphy/ptII/ptolemy/actor/lib/test/auto/PublisherPortSubscriberPortExpression.xml
9 ms. Memory: 533504K Free: 199168K (37%)
----------------- Invoking toplevel() on ptolemy.moml.MoMLSimpleApplication@33fc19c8
----------------- Done invoking toplevel() on ptolemy.moml.MoMLSimpleApplication@33fc19c8
reloadAllAccessors: .PublisherPortSubscriberPortExpression

===========================================================================================
----------------- testing Wed Sep 08 18:59:28 UTC 2021 /home/travis/build/icyphy/ptII/ptolemy/actor/lib/test/auto/PublisherPortSubscriberPortOpaqueD3Reverse.xml
----------------- Instantiating /home/travis/build/icyphy/ptII/ptolemy/actor/lib/test/auto/PublisherPortSubscriberPortOpaqueD3Reverse.xml
5 ms. Memory: 533504K Free: 188928K (35%)
----------------- Invoking toplevel() on ptolemy.moml.MoMLSimpleApplication@10479e65
----------------- Done invoking toplevel() on ptolemy.moml.MoMLSimpleApplication@10479e65
reloadAllAccessors: .PublisherPortSubscriberPortOpaqueD3Reverse

===========================================================================================
----------------- testing Wed Sep 08 18:59:28 UTC 2021 /home/travis/build/icyphy/ptII/ptolemy/actor/lib/test/auto/PublisherPortSubscriberPortOpaqueWidthInference.xml
----------------- Instantiating /home/travis/build/icyphy/ptII/ptolemy/actor/lib/test/auto/PublisherPortSubscriberPortOpaqueWidthInference.xml
3 ms. Memory: 533504K Free: 181231K (34%)
----------------- Invoking toplevel() on ptolemy.moml.MoMLSimpleApplication@6d831446
----------------- Done invoking toplevel() on ptolemy.moml.MoMLSimpleApplication@6d831446
reloadAllAccessors: .PublisherPortSubscriberPortOpaqueWidthInference

===========================================================================================
----------------- testing Wed Sep 08 18:59:28 UTC 2021 /home/travis/build/icyphy/ptII/ptolemy/actor/lib/test/auto/PublisherPortToplevelSubscriberPortAOC.xml
----------------- Instantiating /home/travis/build/icyphy/ptII/ptolemy/actor/lib/test/auto/PublisherPortToplevelSubscriberPortAOC.xml
.PublisherPortToplevelSubscriberPortAOC.TestExceptionAttribute: initialize() was not invoked, but wrapup() was.  This is unusual, but not always a problem.  For example, exporting JNLP will do this.
1 ms. Memory: 533504K Free: 175616K (33%)
----------------- Invoking toplevel() on ptolemy.moml.MoMLSimpleApplication@2ea55fe4
----------------- Done invoking toplevel() on ptolemy.moml.MoMLSimpleApplication@2ea55fe4
reloadAllAccessors: .PublisherPortToplevelSubscriberPortAOC

===========================================================================================
----------------- testing Wed Sep 08 18:59:28 UTC 2021 /home/travis/build/icyphy/ptII/ptolemy/actor/lib/test/auto/PublisherSubscriber.xml
----------------- Instantiating /home/travis/build/icyphy/ptII/ptolemy/actor/lib/test/auto/PublisherSubscriber.xml
5 ms. Memory: 533504K Free: 476127K (89%)
----------------- Invoking toplevel() on ptolemy.moml.MoMLSimpleApplication@570135c6
----------------- Done invoking toplevel() on ptolemy.moml.MoMLSimpleApplication@570135c6
reloadAllAccessors: .PublisherSubscriber

===========================================================================================
----------------- testing Wed Sep 08 18:59:28 UTC 2021 /home/travis/build/icyphy/ptII/ptolemy/actor/lib/test/auto/PublisherSubscriber10.xml
----------------- Instantiating /home/travis/build/icyphy/ptII/ptolemy/actor/lib/test/auto/PublisherSubscriber10.xml
6 ms. Memory: 533504K Free: 466432K (87%)
----------------- Invoking toplevel() on ptolemy.moml.MoMLSimpleApplication@9150625
----------------- Done invoking toplevel() on ptolemy.moml.MoMLSimpleApplication@9150625
reloadAllAccessors: .PublisherSubscriber10

===========================================================================================
----------------- testing Wed Sep 08 18:59:28 UTC 2021 /home/travis/build/icyphy/ptII/ptolemy/actor/lib/test/auto/PublisherSubscriber10InitialOutputs.xml
----------------- Instantiating /home/travis/build/icyphy/ptII/ptolemy/actor/lib/test/auto/PublisherSubscriber10InitialOutputs.xml
14 ms. Memory: 533504K Free: 457216K (86%)
----------------- Invoking toplevel() on ptolemy.moml.MoMLSimpleApplication@3ed9855c
----------------- Done invoking toplevel() on ptolemy.moml.MoMLSimpleApplication@3ed9855c
reloadAllAccessors: .PublisherSubscriber10InitialOutputs

===========================================================================================
----------------- testing Wed Sep 08 18:59:28 UTC 2021 /home/travis/build/icyphy/ptII/ptolemy/actor/lib/test/auto/PublisherSubscriber11.xml
----------------- Instantiating /home/travis/build/icyphy/ptII/ptolemy/actor/lib/test/auto/PublisherSubscriber11.xml
3 ms. Memory: 533504K Free: 451072K (85%)
----------------- Invoking toplevel() on ptolemy.moml.MoMLSimpleApplication@d66b30f
----------------- Done invoking toplevel() on ptolemy.moml.MoMLSimpleApplication@d66b30f
reloadAllAccessors: .PublisherSubscriber11

===========================================================================================
----------------- testing Wed Sep 08 18:59:28 UTC 2021 /home/travis/build/icyphy/ptII/ptolemy/actor/lib/test/auto/PublisherSubscriber12.xml
----------------- Instantiating /home/travis/build/icyphy/ptII/ptolemy/actor/lib/test/auto/PublisherSubscriber12.xml
2 ms. Memory: 533504K Free: 444414K (83%)
----------------- Invoking toplevel() on ptolemy.moml.MoMLSimpleApplication@1182759c
----------------- Done invoking toplevel() on ptolemy.moml.MoMLSimpleApplication@1182759c
reloadAllAccessors: .PublisherSubscriber12

===========================================================================================
----------------- testing Wed Sep 08 18:59:28 UTC 2021 /home/travis/build/icyphy/ptII/ptolemy/actor/lib/test/auto/PublisherSubscriber13.xml
----------------- Instantiating /home/travis/build/icyphy/ptII/ptolemy/actor/lib/test/auto/PublisherSubscriber13.xml
2 ms. Memory: 533504K Free: 438784K (82%)
----------------- Invoking toplevel() on ptolemy.moml.MoMLSimpleApplication@1c531d79
----------------- Done invoking toplevel() on ptolemy.moml.MoMLSimpleApplication@1c531d79
reloadAllAccessors: .PublisherSubscriber13

===========================================================================================
----------------- testing Wed Sep 08 18:59:28 UTC 2021 /home/travis/build/icyphy/ptII/ptolemy/actor/lib/test/auto/PublisherSubscriber14.xml
----------------- Instantiating /home/travis/build/icyphy/ptII/ptolemy/actor/lib/test/auto/PublisherSubscriber14.xml
3 ms. Memory: 533504K Free: 430047K (81%)
----------------- Invoking toplevel() on ptolemy.moml.MoMLSimpleApplication@4da8ff88
----------------- Done invoking toplevel() on ptolemy.moml.MoMLSimpleApplication@4da8ff88
reloadAllAccessors: .PublisherSubscriber14

===========================================================================================
----------------- testing Wed Sep 08 18:59:28 UTC 2021 /home/travis/build/icyphy/ptII/ptolemy/actor/lib/test/auto/PublisherSubscriber2.xml
----------------- Instantiating /home/travis/build/icyphy/ptII/ptolemy/actor/lib/test/auto/PublisherSubscriber2.xml
3 ms. Memory: 533504K Free: 424448K (80%)
----------------- Invoking toplevel() on ptolemy.moml.MoMLSimpleApplication@6cfaa262
----------------- Done invoking toplevel() on ptolemy.moml.MoMLSimpleApplication@6cfaa262
reloadAllAccessors: .PublisherSubscriber2

===========================================================================================
----------------- testing Wed Sep 08 18:59:28 UTC 2021 /home/travis/build/icyphy/ptII/ptolemy/actor/lib/test/auto/PublisherSubscriber3.xml
----------------- Instantiating /home/travis/build/icyphy/ptII/ptolemy/actor/lib/test/auto/PublisherSubscriber3.xml
1 ms. Memory: 533504K Free: 418783K (78%)
----------------- Invoking toplevel() on ptolemy.moml.MoMLSimpleApplication@b0ef73a
----------------- Done invoking toplevel() on ptolemy.moml.MoMLSimpleApplication@b0ef73a
reloadAllAccessors: .PublisherSubscriber3

===========================================================================================
----------------- testing Wed Sep 08 18:59:28 UTC 2021 /home/travis/build/icyphy/ptII/ptolemy/actor/lib/test/auto/PublisherSubscriber4.xml
----------------- Instantiating /home/travis/build/icyphy/ptII/ptolemy/actor/lib/test/auto/PublisherSubscriber4.xml
2 ms. Memory: 533504K Free: 413663K (78%)
----------------- Invoking toplevel() on ptolemy.moml.MoMLSimpleApplication@2d78567d
----------------- Done invoking toplevel() on ptolemy.moml.MoMLSimpleApplication@2d78567d
reloadAllAccessors: .PublisherSubscriber4

===========================================================================================
----------------- testing Wed Sep 08 18:59:28 UTC 2021 /home/travis/build/icyphy/ptII/ptolemy/actor/lib/test/auto/PublisherSubscriber5.xml
----------------- Instantiating /home/travis/build/icyphy/ptII/ptolemy/actor/lib/test/auto/PublisherSubscriber5.xml
2 ms. Memory: 533504K Free: 407040K (76%)
----------------- Invoking toplevel() on ptolemy.moml.MoMLSimpleApplication@5b9289d3
----------------- Done invoking toplevel() on ptolemy.moml.MoMLSimpleApplication@5b9289d3
reloadAllAccessors: .PublisherSubscriber5

===========================================================================================
----------------- testing Wed Sep 08 18:59:28 UTC 2021 /home/travis/build/icyphy/ptII/ptolemy/actor/lib/test/auto/PublisherSubscriber6.xml
----------------- Instantiating /home/travis/build/icyphy/ptII/ptolemy/actor/lib/test/auto/PublisherSubscriber6.xml
4 ms. Memory: 533504K Free: 400382K (75%)
----------------- Invoking toplevel() on ptolemy.moml.MoMLSimpleApplication@321258c0
----------------- Done invoking toplevel() on ptolemy.moml.MoMLSimpleApplication@321258c0
reloadAllAccessors: .PublisherSubscriber6

===========================================================================================
----------------- testing Wed Sep 08 18:59:28 UTC 2021 /home/travis/build/icyphy/ptII/ptolemy/actor/lib/test/auto/PublisherSubscriber7.xml
----------------- Instantiating /home/travis/build/icyphy/ptII/ptolemy/actor/lib/test/auto/PublisherSubscriber7.xml
8 ms. Memory: 533504K Free: 393214K (74%)
----------------- Invoking toplevel() on ptolemy.moml.MoMLSimpleApplication@4eda37af
----------------- Done invoking toplevel() on ptolemy.moml.MoMLSimpleApplication@4eda37af
reloadAllAccessors: .PublisherSubscriber7

===========================================================================================
----------------- testing Wed Sep 08 18:59:28 UTC 2021 /home/travis/build/icyphy/ptII/ptolemy/actor/lib/test/auto/PublisherSubscriber8.xml
----------------- Instantiating /home/travis/build/icyphy/ptII/ptolemy/actor/lib/test/auto/PublisherSubscriber8.xml
20 ms. Memory: 533504K Free: 381440K (71%)
----------------- Invoking toplevel() on ptolemy.moml.MoMLSimpleApplication@6768d7ac
----------------- Done invoking toplevel() on ptolemy.moml.MoMLSimpleApplication@6768d7ac
reloadAllAccessors: .PublisherSubscriber8

===========================================================================================
----------------- testing Wed Sep 08 18:59:28 UTC 2021 /home/travis/build/icyphy/ptII/ptolemy/actor/lib/test/auto/PublisherSubscriber9.xml
----------------- Instantiating /home/travis/build/icyphy/ptII/ptolemy/actor/lib/test/auto/PublisherSubscriber9.xml
3 ms. Memory: 533504K Free: 374272K (70%)
----------------- Invoking toplevel() on ptolemy.moml.MoMLSimpleApplication@7088a39f
----------------- Done invoking toplevel() on ptolemy.moml.MoMLSimpleApplication@7088a39f
reloadAllAccessors: .PublisherSubscriber9

===========================================================================================
----------------- testing Wed Sep 08 18:59:28 UTC 2021 /home/travis/build/icyphy/ptII/ptolemy/actor/lib/test/auto/PublisherSubscriberAdjacent.xml
----------------- Instantiating /home/travis/build/icyphy/ptII/ptolemy/actor/lib/test/auto/PublisherSubscriberAdjacent.xml
2 ms. Memory: 533504K Free: 365566K (69%)
----------------- Invoking toplevel() on ptolemy.moml.MoMLSimpleApplication@67b8ea08
----------------- Done invoking toplevel() on ptolemy.moml.MoMLSimpleApplication@67b8ea08
reloadAllAccessors: .PublisherSubscriberAdjacent

===========================================================================================
----------------- testing Wed Sep 08 18:59:28 UTC 2021 /home/travis/build/icyphy/ptII/ptolemy/actor/lib/test/auto/PublisherSubscriberChannelVariablesAOC2.xml
----------------- Instantiating /home/travis/build/icyphy/ptII/ptolemy/actor/lib/test/auto/PublisherSubscriberChannelVariablesAOC2.xml
2 ms. Memory: 533504K Free: 350206K (66%)
----------------- Invoking toplevel() on ptolemy.moml.MoMLSimpleApplication@6ef7a5f3
----------------- Done invoking toplevel() on ptolemy.moml.MoMLSimpleApplication@6ef7a5f3
reloadAllAccessors: .PublisherSubscriberChannelVariablesAOC2

===========================================================================================
----------------- testing Wed Sep 08 18:59:28 UTC 2021 /home/travis/build/icyphy/ptII/ptolemy/actor/lib/test/auto/PublisherSubscriberD3.xml
----------------- Instantiating /home/travis/build/icyphy/ptII/ptolemy/actor/lib/test/auto/PublisherSubscriberD3.xml
2 ms. Memory: 533504K Free: 343038K (64%)
----------------- Invoking toplevel() on ptolemy.moml.MoMLSimpleApplication@1fdd78ad
----------------- Done invoking toplevel() on ptolemy.moml.MoMLSimpleApplication@1fdd78ad
reloadAllAccessors: .PublisherSubscriberD3

===========================================================================================
----------------- testing Wed Sep 08 18:59:28 UTC 2021 /home/travis/build/icyphy/ptII/ptolemy/actor/lib/test/auto/PublisherSubscriberD3Reverse.xml
----------------- Instantiating /home/travis/build/icyphy/ptII/ptolemy/actor/lib/test/auto/PublisherSubscriberD3Reverse.xml
2 ms. Memory: 533504K Free: 336894K (63%)
----------------- Invoking toplevel() on ptolemy.moml.MoMLSimpleApplication@263a6d2d
----------------- Done invoking toplevel() on ptolemy.moml.MoMLSimpleApplication@263a6d2d
reloadAllAccessors: .PublisherSubscriberD3Reverse

===========================================================================================
----------------- testing Wed Sep 08 18:59:28 UTC 2021 /home/travis/build/icyphy/ptII/ptolemy/actor/lib/test/auto/PublisherSubscriberExpression.xml
----------------- Instantiating /home/travis/build/icyphy/ptII/ptolemy/actor/lib/test/auto/PublisherSubscriberExpression.xml
4 ms. Memory: 533504K Free: 328192K (62%)
----------------- Invoking toplevel() on ptolemy.moml.MoMLSimpleApplication@7fa04908
----------------- Done invoking toplevel() on ptolemy.moml.MoMLSimpleApplication@7fa04908
reloadAllAccessors: .PublisherSubscriberExpression

===========================================================================================
----------------- testing Wed Sep 08 18:59:28 UTC 2021 /home/travis/build/icyphy/ptII/ptolemy/actor/lib/test/auto/PublisherSubscriberOpaque.xml
----------------- Instantiating /home/travis/build/icyphy/ptII/ptolemy/actor/lib/test/auto/PublisherSubscriberOpaque.xml
4 ms. Memory: 533504K Free: 320000K (60%)
----------------- Invoking toplevel() on ptolemy.moml.MoMLSimpleApplication@140691c4
----------------- Done invoking toplevel() on ptolemy.moml.MoMLSimpleApplication@140691c4
reloadAllAccessors: .PublisherSubscriberOpaque

===========================================================================================
----------------- testing Wed Sep 08 18:59:28 UTC 2021 /home/travis/build/icyphy/ptII/ptolemy/actor/lib/test/auto/PublisherSubscriberOpaqueD3.xml
----------------- Instantiating /home/travis/build/icyphy/ptII/ptolemy/actor/lib/test/auto/PublisherSubscriberOpaqueD3.xml
5 ms. Memory: 533504K Free: 308222K (58%)
----------------- Invoking toplevel() on ptolemy.moml.MoMLSimpleApplication@6b54d658
----------------- Done invoking toplevel() on ptolemy.moml.MoMLSimpleApplication@6b54d658
reloadAllAccessors: .PublisherSubscriberOpaqueD3

===========================================================================================
----------------- testing Wed Sep 08 18:59:28 UTC 2021 /home/travis/build/icyphy/ptII/ptolemy/actor/lib/test/auto/PublisherSubscriberOpaqueD3Reverse.xml
----------------- Instantiating /home/travis/build/icyphy/ptII/ptolemy/actor/lib/test/auto/PublisherSubscriberOpaqueD3Reverse.xml
7 ms. Memory: 533504K Free: 297472K (56%)
----------------- Invoking toplevel() on ptolemy.moml.MoMLSimpleApplication@bd13a23
----------------- Done invoking toplevel() on ptolemy.moml.MoMLSimpleApplication@bd13a23
reloadAllAccessors: .PublisherSubscriberOpaqueD3Reverse

===========================================================================================
----------------- testing Wed Sep 08 18:59:28 UTC 2021 /home/travis/build/icyphy/ptII/ptolemy/actor/lib/test/auto/PublisherSubscriberOpaqueWidthInference.xml
----------------- Instantiating /home/travis/build/icyphy/ptII/ptolemy/actor/lib/test/auto/PublisherSubscriberOpaqueWidthInference.xml
4 ms. Memory: 533504K Free: 288751K (54%)
----------------- Invoking toplevel() on ptolemy.moml.MoMLSimpleApplication@6b99025e
----------------- Done invoking toplevel() on ptolemy.moml.MoMLSimpleApplication@6b99025e
reloadAllAccessors: .PublisherSubscriberOpaqueWidthInference

===========================================================================================
----------------- testing Wed Sep 08 18:59:28 UTC 2021 /home/travis/build/icyphy/ptII/ptolemy/actor/lib/test/auto/PublisherTestSubscriber.xml
----------------- Instantiating /home/travis/build/icyphy/ptII/ptolemy/actor/lib/test/auto/PublisherTestSubscriber.xml
4 ms. Memory: 533504K Free: 281088K (53%)
----------------- Invoking toplevel() on ptolemy.moml.MoMLSimpleApplication@300f2fa3
----------------- Done invoking toplevel() on ptolemy.moml.MoMLSimpleApplication@300f2fa3
reloadAllAccessors: .PublisherTestSubscriber

===========================================================================================
----------------- testing Wed Sep 08 18:59:28 UTC 2021 /home/travis/build/icyphy/ptII/ptolemy/actor/lib/test/auto/PublisherToplevelSubscriberPortAOC.xml
----------------- Instantiating /home/travis/build/icyphy/ptII/ptolemy/actor/lib/test/auto/PublisherToplevelSubscriberPortAOC.xml
4 ms. Memory: 533504K Free: 274944K (52%)
----------------- Invoking toplevel() on ptolemy.moml.MoMLSimpleApplication@6269172c
----------------- Done invoking toplevel() on ptolemy.moml.MoMLSimpleApplication@6269172c
reloadAllAccessors: .PublisherToplevelSubscriberPortAOC

===========================================================================================
----------------- testing Wed Sep 08 18:59:28 UTC 2021 /home/travis/build/icyphy/ptII/ptolemy/actor/lib/test/auto/PulseFiringLimitDE.xml
----------------- Instantiating /home/travis/build/icyphy/ptII/ptolemy/actor/lib/test/auto/PulseFiringLimitDE.xml
2 ms. Memory: 533504K Free: 268286K (50%)
----------------- Invoking toplevel() on ptolemy.moml.MoMLSimpleApplication@52c5a147
----------------- Done invoking toplevel() on ptolemy.moml.MoMLSimpleApplication@52c5a147
reloadAllAccessors: .PulseFiringLimitDE

===========================================================================================
----------------- testing Wed Sep 08 18:59:28 UTC 2021 /home/travis/build/icyphy/ptII/ptolemy/actor/lib/test/auto/Ramp1.xml
----------------- Instantiating /home/travis/build/icyphy/ptII/ptolemy/actor/lib/test/auto/Ramp1.xml
1 ms. Memory: 533504K Free: 264183K (50%)
----------------- Invoking toplevel() on ptolemy.moml.MoMLSimpleApplication@47362b73
----------------- Done invoking toplevel() on ptolemy.moml.MoMLSimpleApplication@47362b73
reloadAllAccessors: .Ramp1

===========================================================================================
----------------- testing Wed Sep 08 18:59:28 UTC 2021 /home/travis/build/icyphy/ptII/ptolemy/actor/lib/test/auto/RampFiringLimitDE.xml
----------------- Instantiating /home/travis/build/icyphy/ptII/ptolemy/actor/lib/test/auto/RampFiringLimitDE.xml
3 ms. Memory: 533504K Free: 258031K (48%)
----------------- Invoking toplevel() on ptolemy.moml.MoMLSimpleApplication@7e0dd3fc
----------------- Done invoking toplevel() on ptolemy.moml.MoMLSimpleApplication@7e0dd3fc
reloadAllAccessors: .RampFiringLimitDE

===========================================================================================
----------------- testing Wed Sep 08 18:59:28 UTC 2021 /home/travis/build/icyphy/ptII/ptolemy/actor/lib/test/auto/RampFiringLimitSDF.xml
----------------- Instantiating /home/travis/build/icyphy/ptII/ptolemy/actor/lib/test/auto/RampFiringLimitSDF.xml
2 ms. Memory: 533504K Free: 252911K (47%)
----------------- Invoking toplevel() on ptolemy.moml.MoMLSimpleApplication@63246bd4
----------------- Done invoking toplevel() on ptolemy.moml.MoMLSimpleApplication@63246bd4
reloadAllAccessors: .RampFiringLimitSDF

===========================================================================================
----------------- testing Wed Sep 08 18:59:28 UTC 2021 /home/travis/build/icyphy/ptII/ptolemy/actor/lib/test/auto/RandomInteger.xml
----------------- Instantiating /home/travis/build/icyphy/ptII/ptolemy/actor/lib/test/auto/RandomInteger.xml
1 ms. Memory: 533504K Free: 248320K (47%)
----------------- Invoking toplevel() on ptolemy.moml.MoMLSimpleApplication@35df8e3
----------------- Done invoking toplevel() on ptolemy.moml.MoMLSimpleApplication@35df8e3
reloadAllAccessors: .RandomInteger

===========================================================================================
----------------- testing Wed Sep 08 18:59:28 UTC 2021 /home/travis/build/icyphy/ptII/ptolemy/actor/lib/test/auto/ReadFile1.xml
----------------- Instantiating /home/travis/build/icyphy/ptII/ptolemy/actor/lib/test/auto/ReadFile1.xml
1 ms. Memory: 533504K Free: 243710K (46%)
----------------- Invoking toplevel() on ptolemy.moml.MoMLSimpleApplication@e3b5c2b
----------------- Done invoking toplevel() on ptolemy.moml.MoMLSimpleApplication@e3b5c2b
reloadAllAccessors: .ReadFile1

===========================================================================================
----------------- testing Wed Sep 08 18:59:28 UTC 2021 /home/travis/build/icyphy/ptII/ptolemy/actor/lib/test/auto/ReadFile2.xml
----------------- Instantiating /home/travis/build/icyphy/ptII/ptolemy/actor/lib/test/auto/ReadFile2.xml
1 ms. Memory: 533504K Free: 239614K (45%)
----------------- Invoking toplevel() on ptolemy.moml.MoMLSimpleApplication@7684fd9e
----------------- Done invoking toplevel() on ptolemy.moml.MoMLSimpleApplication@7684fd9e
reloadAllAccessors: .ReadFile2

===========================================================================================
----------------- testing Wed Sep 08 18:59:28 UTC 2021 /home/travis/build/icyphy/ptII/ptolemy/actor/lib/test/auto/Reader.xml
----------------- Instantiating /home/travis/build/icyphy/ptII/ptolemy/actor/lib/test/auto/Reader.xml
actor.lib.Reader is obsolete, use actor.lib.io.ExpressionReader instead
4 ms. Memory: 533504K Free: 235518K (44%)
----------------- Invoking toplevel() on ptolemy.moml.MoMLSimpleApplication@70f91f65
----------------- Done invoking toplevel() on ptolemy.moml.MoMLSimpleApplication@70f91f65
reloadAllAccessors: .Reader

===========================================================================================
----------------- testing Wed Sep 08 18:59:28 UTC 2021 /home/travis/build/icyphy/ptII/ptolemy/actor/lib/test/auto/RecordAssemblerDisplayNameTest.xml
----------------- Instantiating /home/travis/build/icyphy/ptII/ptolemy/actor/lib/test/auto/RecordAssemblerDisplayNameTest.xml
3102 ms. Memory: 533504K Free: 252926K (47%)
----------------- Invoking toplevel() on ptolemy.moml.MoMLSimpleApplication@7c643c4b
----------------- Done invoking toplevel() on ptolemy.moml.MoMLSimpleApplication@7c643c4b
reloadAllAccessors: .RecordAssemblerDisplayNameTest

===========================================================================================
----------------- testing Wed Sep 08 18:59:32 UTC 2021 /home/travis/build/icyphy/ptII/ptolemy/actor/lib/test/auto/RecordAssemblerTypeError.xml
----------------- Instantiating /home/travis/build/icyphy/ptII/ptolemy/actor/lib/test/auto/RecordAssemblerTypeError.xml
18 ms. Memory: 533504K Free: 242686K (45%)
----------------- Invoking toplevel() on ptolemy.moml.MoMLSimpleApplication@419ac0dd
----------------- Done invoking toplevel() on ptolemy.moml.MoMLSimpleApplication@419ac0dd
reloadAllAccessors: .RecordAssemblerTypeError

===========================================================================================
----------------- testing Wed Sep 08 18:59:32 UTC 2021 /home/travis/build/icyphy/ptII/ptolemy/actor/lib/test/auto/RecordDisassember.xml
----------------- Instantiating /home/travis/build/icyphy/ptII/ptolemy/actor/lib/test/auto/RecordDisassember.xml
7 ms. Memory: 533504K Free: 238080K (45%)
----------------- Invoking toplevel() on ptolemy.moml.MoMLSimpleApplication@7f843af2
----------------- Done invoking toplevel() on ptolemy.moml.MoMLSimpleApplication@7f843af2
reloadAllAccessors: .RecordDisassember

===========================================================================================
----------------- testing Wed Sep 08 18:59:32 UTC 2021 /home/travis/build/icyphy/ptII/ptolemy/actor/lib/test/auto/RecordDisassemberDisplayNameTest.xml
----------------- Instantiating /home/travis/build/icyphy/ptII/ptolemy/actor/lib/test/auto/RecordDisassemberDisplayNameTest.xml
11 ms. Memory: 533504K Free: 230398K (43%)
----------------- Invoking toplevel() on ptolemy.moml.MoMLSimpleApplication@2145438d
----------------- Done invoking toplevel() on ptolemy.moml.MoMLSimpleApplication@2145438d
reloadAllAccessors: .RecordDisassemberDisplayNameTest

===========================================================================================
----------------- testing Wed Sep 08 18:59:32 UTC 2021 /home/travis/build/icyphy/ptII/ptolemy/actor/lib/test/auto/RecordDisassembler.xml
----------------- Instantiating /home/travis/build/icyphy/ptII/ptolemy/actor/lib/test/auto/RecordDisassembler.xml
4 ms. Memory: 533504K Free: 225271K (42%)
----------------- Invoking toplevel() on ptolemy.moml.MoMLSimpleApplication@6d62725c
----------------- Done invoking toplevel() on ptolemy.moml.MoMLSimpleApplication@6d62725c
reloadAllAccessors: .RecordDisassembler

===========================================================================================
----------------- testing Wed Sep 08 18:59:32 UTC 2021 /home/travis/build/icyphy/ptII/ptolemy/actor/lib/test/auto/RecordDisassembler2.xml
----------------- Instantiating /home/travis/build/icyphy/ptII/ptolemy/actor/lib/test/auto/RecordDisassembler2.xml
2 ms. Memory: 533504K Free: 219648K (41%)
----------------- Invoking toplevel() on ptolemy.moml.MoMLSimpleApplication@56180943
----------------- Done invoking toplevel() on ptolemy.moml.MoMLSimpleApplication@56180943
reloadAllAccessors: .RecordDisassembler2

===========================================================================================
----------------- testing Wed Sep 08 18:59:32 UTC 2021 /home/travis/build/icyphy/ptII/ptolemy/actor/lib/test/auto/RecordUpdater.xml
----------------- Instantiating /home/travis/build/icyphy/ptII/ptolemy/actor/lib/test/auto/RecordUpdater.xml
1 ms. Memory: 533504K Free: 214528K (40%)
----------------- Invoking toplevel() on ptolemy.moml.MoMLSimpleApplication@2228b368
----------------- Done invoking toplevel() on ptolemy.moml.MoMLSimpleApplication@2228b368
reloadAllAccessors: .RecordUpdater

===========================================================================================
----------------- testing Wed Sep 08 18:59:32 UTC 2021 /home/travis/build/icyphy/ptII/ptolemy/actor/lib/test/auto/RecordUpdater2.xml
----------------- Instantiating /home/travis/build/icyphy/ptII/ptolemy/actor/lib/test/auto/RecordUpdater2.xml
6 ms. Memory: 533504K Free: 209918K (39%)
----------------- Invoking toplevel() on ptolemy.moml.MoMLSimpleApplication@31463205
----------------- Done invoking toplevel() on ptolemy.moml.MoMLSimpleApplication@31463205
reloadAllAccessors: .RecordUpdater2

===========================================================================================
----------------- testing Wed Sep 08 18:59:32 UTC 2021 /home/travis/build/icyphy/ptII/ptolemy/actor/lib/test/auto/RecursiveLattice.xml
----------------- Instantiating /home/travis/build/icyphy/ptII/ptolemy/actor/lib/test/auto/RecursiveLattice.xml
1 ms. Memory: 533504K Free: 205822K (39%)
----------------- Invoking toplevel() on ptolemy.moml.MoMLSimpleApplication@5a94fd0c
----------------- Done invoking toplevel() on ptolemy.moml.MoMLSimpleApplication@5a94fd0c
reloadAllAccessors: .RecursiveLattice

===========================================================================================
----------------- testing Wed Sep 08 18:59:32 UTC 2021 /home/travis/build/icyphy/ptII/ptolemy/actor/lib/test/auto/Router.xml
----------------- Instantiating /home/travis/build/icyphy/ptII/ptolemy/actor/lib/test/auto/Router.xml
3004 ms. Memory: 533504K Free: 193024K (36%)
----------------- Invoking toplevel() on ptolemy.moml.MoMLSimpleApplication@3ebe117d
----------------- Done invoking toplevel() on ptolemy.moml.MoMLSimpleApplication@3ebe117d
reloadAllAccessors: .Router

===========================================================================================
----------------- testing Wed Sep 08 18:59:35 UTC 2021 /home/travis/build/icyphy/ptII/ptolemy/actor/lib/test/auto/Router2.xml
----------------- Instantiating /home/travis/build/icyphy/ptII/ptolemy/actor/lib/test/auto/Router2.xml
3005 ms. Memory: 533504K Free: 182270K (34%)
----------------- Invoking toplevel() on ptolemy.moml.MoMLSimpleApplication@6ea64be1
----------------- Done invoking toplevel() on ptolemy.moml.MoMLSimpleApplication@6ea64be1
reloadAllAccessors: .Router2

===========================================================================================
----------------- testing Wed Sep 08 18:59:38 UTC 2021 /home/travis/build/icyphy/ptII/ptolemy/actor/lib/test/auto/RunningMaximum.xml
----------------- Instantiating /home/travis/build/icyphy/ptII/ptolemy/actor/lib/test/auto/RunningMaximum.xml
2 ms. Memory: 533504K Free: 177664K (33%)
----------------- Invoking toplevel() on ptolemy.moml.MoMLSimpleApplication@7112ed8c
----------------- Done invoking toplevel() on ptolemy.moml.MoMLSimpleApplication@7112ed8c
reloadAllAccessors: .RunningMaximum

===========================================================================================
----------------- testing Wed Sep 08 18:59:38 UTC 2021 /home/travis/build/icyphy/ptII/ptolemy/actor/lib/test/auto/RunningMinimum.xml
----------------- Instantiating /home/travis/build/icyphy/ptII/ptolemy/actor/lib/test/auto/RunningMinimum.xml
2 ms. Memory: 533504K Free: 480751K (90%)
----------------- Invoking toplevel() on ptolemy.moml.MoMLSimpleApplication@6f481e28
----------------- Done invoking toplevel() on ptolemy.moml.MoMLSimpleApplication@6f481e28
reloadAllAccessors: .RunningMinimum

===========================================================================================
----------------- testing Wed Sep 08 18:59:38 UTC 2021 /home/travis/build/icyphy/ptII/ptolemy/actor/lib/test/auto/Scale.xml
----------------- Instantiating /home/travis/build/icyphy/ptII/ptolemy/actor/lib/test/auto/Scale.xml
1 ms. Memory: 533504K Free: 475646K (89%)
----------------- Invoking toplevel() on ptolemy.moml.MoMLSimpleApplication@481acf40
----------------- Done invoking toplevel() on ptolemy.moml.MoMLSimpleApplication@481acf40
reloadAllAccessors: .Scale

===========================================================================================
----------------- testing Wed Sep 08 18:59:38 UTC 2021 /home/travis/build/icyphy/ptII/ptolemy/actor/lib/test/auto/Scale2.xml
----------------- Instantiating /home/travis/build/icyphy/ptII/ptolemy/actor/lib/test/auto/Scale2.xml
2 ms. Memory: 533504K Free: 471040K (88%)
----------------- Invoking toplevel() on ptolemy.moml.MoMLSimpleApplication@13c5b64e
----------------- Done invoking toplevel() on ptolemy.moml.MoMLSimpleApplication@13c5b64e
reloadAllAccessors: .Scale2

===========================================================================================
----------------- testing Wed Sep 08 18:59:38 UTC 2021 /home/travis/build/icyphy/ptII/ptolemy/actor/lib/test/auto/Scale3.xml
----------------- Instantiating /home/travis/build/icyphy/ptII/ptolemy/actor/lib/test/auto/Scale3.xml
3 ms. Memory: 533504K Free: 464382K (87%)
----------------- Invoking toplevel() on ptolemy.moml.MoMLSimpleApplication@dab7ffa
----------------- Done invoking toplevel() on ptolemy.moml.MoMLSimpleApplication@dab7ffa
reloadAllAccessors: .Scale3

===========================================================================================
----------------- testing Wed Sep 08 18:59:38 UTC 2021 /home/travis/build/icyphy/ptII/ptolemy/actor/lib/test/auto/ScaleArray.xml
----------------- Instantiating /home/travis/build/icyphy/ptII/ptolemy/actor/lib/test/auto/ScaleArray.xml
2 ms. Memory: 533504K Free: 459776K (86%)
----------------- Invoking toplevel() on ptolemy.moml.MoMLSimpleApplication@52550043
----------------- Done invoking toplevel() on ptolemy.moml.MoMLSimpleApplication@52550043
reloadAllAccessors: .ScaleArray

===========================================================================================
----------------- testing Wed Sep 08 18:59:38 UTC 2021 /home/travis/build/icyphy/ptII/ptolemy/actor/lib/test/auto/ScaleArray2.xml
----------------- Instantiating /home/travis/build/icyphy/ptII/ptolemy/actor/lib/test/auto/ScaleArray2.xml
1 ms. Memory: 533504K Free: 455166K (85%)
----------------- Invoking toplevel() on ptolemy.moml.MoMLSimpleApplication@33c0a789
----------------- Done invoking toplevel() on ptolemy.moml.MoMLSimpleApplication@33c0a789
reloadAllAccessors: .ScaleArray2

===========================================================================================
----------------- testing Wed Sep 08 18:59:38 UTC 2021 /home/travis/build/icyphy/ptII/ptolemy/actor/lib/test/auto/ScaleMatrix.xml
----------------- Instantiating /home/travis/build/icyphy/ptII/ptolemy/actor/lib/test/auto/ScaleMatrix.xml
87 ms. Memory: 533504K Free: 441344K (83%)
----------------- Invoking toplevel() on ptolemy.moml.MoMLSimpleApplication@4ee88668
----------------- Done invoking toplevel() on ptolemy.moml.MoMLSimpleApplication@4ee88668
reloadAllAccessors: .ScaleMatrix

===========================================================================================
----------------- testing Wed Sep 08 18:59:38 UTC 2021 /home/travis/build/icyphy/ptII/ptolemy/actor/lib/test/auto/Select.xml
----------------- Instantiating /home/travis/build/icyphy/ptII/ptolemy/actor/lib/test/auto/Select.xml
2 ms. Memory: 533504K Free: 434655K (81%)
----------------- Invoking toplevel() on ptolemy.moml.MoMLSimpleApplication@704cf3e
----------------- Done invoking toplevel() on ptolemy.moml.MoMLSimpleApplication@704cf3e
reloadAllAccessors: .Select

===========================================================================================
----------------- testing Wed Sep 08 18:59:38 UTC 2021 /home/travis/build/icyphy/ptII/ptolemy/actor/lib/test/auto/Select2.xml
----------------- Instantiating /home/travis/build/icyphy/ptII/ptolemy/actor/lib/test/auto/Select2.xml
1 ms. Memory: 533504K Free: 430080K (81%)
----------------- Invoking toplevel() on ptolemy.moml.MoMLSimpleApplication@5a6bd643
----------------- Done invoking toplevel() on ptolemy.moml.MoMLSimpleApplication@5a6bd643
reloadAllAccessors: .Select2

===========================================================================================
----------------- testing Wed Sep 08 18:59:38 UTC 2021 /home/travis/build/icyphy/ptII/ptolemy/actor/lib/test/auto/SequenceToArray2.xml
----------------- Instantiating /home/travis/build/icyphy/ptII/ptolemy/actor/lib/test/auto/SequenceToArray2.xml
99 ms. Memory: 533504K Free: 405999K (76%)
----------------- Invoking toplevel() on ptolemy.moml.MoMLSimpleApplication@307c50b
----------------- Done invoking toplevel() on ptolemy.moml.MoMLSimpleApplication@307c50b
reloadAllAccessors: .SequenceToArray2

===========================================================================================
----------------- testing Wed Sep 08 18:59:38 UTC 2021 /home/travis/build/icyphy/ptII/ptolemy/actor/lib/test/auto/SequentialClock.xml
----------------- Instantiating /home/travis/build/icyphy/ptII/ptolemy/actor/lib/test/auto/SequentialClock.xml
1 ms. Memory: 533504K Free: 401918K (75%)
----------------- Invoking toplevel() on ptolemy.moml.MoMLSimpleApplication@20720fab
----------------- Done invoking toplevel() on ptolemy.moml.MoMLSimpleApplication@20720fab
reloadAllAccessors: .SequentialClock

===========================================================================================
----------------- testing Wed Sep 08 18:59:38 UTC 2021 /home/travis/build/icyphy/ptII/ptolemy/actor/lib/test/auto/SetVariable.xml
----------------- Instantiating /home/travis/build/icyphy/ptII/ptolemy/actor/lib/test/auto/SetVariable.xml
5 ms. Memory: 533504K Free: 396798K (74%)
----------------- Invoking toplevel() on ptolemy.moml.MoMLSimpleApplication@358c40d8
----------------- Done invoking toplevel() on ptolemy.moml.MoMLSimpleApplication@358c40d8
reloadAllAccessors: .SetVariable

===========================================================================================
----------------- testing Wed Sep 08 18:59:38 UTC 2021 /home/travis/build/icyphy/ptII/ptolemy/actor/lib/test/auto/SetVariable2.xml
----------------- Instantiating /home/travis/build/icyphy/ptII/ptolemy/actor/lib/test/auto/SetVariable2.xml
2 ms. Memory: 533504K Free: 391678K (73%)
----------------- Invoking toplevel() on ptolemy.moml.MoMLSimpleApplication@451de83a
----------------- Done invoking toplevel() on ptolemy.moml.MoMLSimpleApplication@451de83a
reloadAllAccessors: .SetVariable2

===========================================================================================
----------------- testing Wed Sep 08 18:59:38 UTC 2021 /home/travis/build/icyphy/ptII/ptolemy/actor/lib/test/auto/SetVariable3.xml
----------------- Instantiating /home/travis/build/icyphy/ptII/ptolemy/actor/lib/test/auto/SetVariable3.xml
6 ms. Memory: 533504K Free: 386048K (72%)
----------------- Invoking toplevel() on ptolemy.moml.MoMLSimpleApplication@3e864cd8
----------------- Done invoking toplevel() on ptolemy.moml.MoMLSimpleApplication@3e864cd8
reloadAllAccessors: .SetVariable3

===========================================================================================
----------------- testing Wed Sep 08 18:59:38 UTC 2021 /home/travis/build/icyphy/ptII/ptolemy/actor/lib/test/auto/SetVariable4.xml
----------------- Instantiating /home/travis/build/icyphy/ptII/ptolemy/actor/lib/test/auto/SetVariable4.xml
17 ms. Memory: 533504K Free: 376830K (71%)
----------------- Invoking toplevel() on ptolemy.moml.MoMLSimpleApplication@7c2a7d70
----------------- Done invoking toplevel() on ptolemy.moml.MoMLSimpleApplication@7c2a7d70
reloadAllAccessors: .SetVariable4

===========================================================================================
----------------- testing Wed Sep 08 18:59:38 UTC 2021 /home/travis/build/icyphy/ptII/ptolemy/actor/lib/test/auto/SetVariable5.xml
----------------- Instantiating /home/travis/build/icyphy/ptII/ptolemy/actor/lib/test/auto/SetVariable5.xml
20 ms. Memory: 533504K Free: 367616K (69%)
----------------- Invoking toplevel() on ptolemy.moml.MoMLSimpleApplication@4746d80
----------------- Done invoking toplevel() on ptolemy.moml.MoMLSimpleApplication@4746d80
reloadAllAccessors: .SetVariable5

===========================================================================================
----------------- testing Wed Sep 08 18:59:38 UTC 2021 /home/travis/build/icyphy/ptII/ptolemy/actor/lib/test/auto/Sinewave.xml
----------------- Instantiating /home/travis/build/icyphy/ptII/ptolemy/actor/lib/test/auto/Sinewave.xml
3 ms. Memory: 533504K Free: 356862K (67%)
----------------- Invoking toplevel() on ptolemy.moml.MoMLSimpleApplication@68a04af1
----------------- Done invoking toplevel() on ptolemy.moml.MoMLSimpleApplication@68a04af1
reloadAllAccessors: .Sinewave

===========================================================================================
----------------- testing Wed Sep 08 18:59:38 UTC 2021 /home/travis/build/icyphy/ptII/ptolemy/actor/lib/test/auto/Sinewave2.xml
----------------- Instantiating /home/travis/build/icyphy/ptII/ptolemy/actor/lib/test/auto/Sinewave2.xml
6 ms. Memory: 533504K Free: 348639K (65%)
----------------- Invoking toplevel() on ptolemy.moml.MoMLSimpleApplication@39619386
----------------- Done invoking toplevel() on ptolemy.moml.MoMLSimpleApplication@39619386
reloadAllAccessors: .Sinewave2

===========================================================================================
----------------- testing Wed Sep 08 18:59:38 UTC 2021 /home/travis/build/icyphy/ptII/ptolemy/actor/lib/test/auto/Sinewave3.xml
----------------- Instantiating /home/travis/build/icyphy/ptII/ptolemy/actor/lib/test/auto/Sinewave3.xml
10 ms. Memory: 533504K Free: 339968K (64%)
----------------- Invoking toplevel() on ptolemy.moml.MoMLSimpleApplication@41f9be8b
----------------- Done invoking toplevel() on ptolemy.moml.MoMLSimpleApplication@41f9be8b
reloadAllAccessors: .Sinewave3

===========================================================================================
----------------- testing Wed Sep 08 18:59:38 UTC 2021 /home/travis/build/icyphy/ptII/ptolemy/actor/lib/test/auto/SingleEvent.xml
----------------- Instantiating /home/travis/build/icyphy/ptII/ptolemy/actor/lib/test/auto/SingleEvent.xml
0 ms. Memory: 533504K Free: 335872K (63%)
----------------- Invoking toplevel() on ptolemy.moml.MoMLSimpleApplication@56df2dc5
----------------- Done invoking toplevel() on ptolemy.moml.MoMLSimpleApplication@56df2dc5
reloadAllAccessors: .SingleEvent

===========================================================================================
----------------- testing Wed Sep 08 18:59:38 UTC 2021 /home/travis/build/icyphy/ptII/ptolemy/actor/lib/test/auto/Sleep.xml
----------------- Instantiating /home/travis/build/icyphy/ptII/ptolemy/actor/lib/test/auto/Sleep.xml
6003 ms. Memory: 533504K Free: 330238K (62%)
----------------- Invoking toplevel() on ptolemy.moml.MoMLSimpleApplication@33b33b55
----------------- Done invoking toplevel() on ptolemy.moml.MoMLSimpleApplication@33b33b55
reloadAllAccessors: .Sleep

===========================================================================================
----------------- testing Wed Sep 08 18:59:44 UTC 2021 /home/travis/build/icyphy/ptII/ptolemy/actor/lib/test/auto/SleepMultipleFire.xml
----------------- Instantiating /home/travis/build/icyphy/ptII/ptolemy/actor/lib/test/auto/SleepMultipleFire.xml
1016 ms. Memory: 533504K Free: 324608K (61%)
----------------- Invoking toplevel() on ptolemy.moml.MoMLSimpleApplication@76c499cf
----------------- Done invoking toplevel() on ptolemy.moml.MoMLSimpleApplication@76c499cf
reloadAllAccessors: .SleepMultipleFire

===========================================================================================
----------------- testing Wed Sep 08 18:59:45 UTC 2021 /home/travis/build/icyphy/ptII/ptolemy/actor/lib/test/auto/StopDE.xml
----------------- Instantiating /home/travis/build/icyphy/ptII/ptolemy/actor/lib/test/auto/StopDE.xml
3 ms. Memory: 533504K Free: 318974K (60%)
----------------- Invoking toplevel() on ptolemy.moml.MoMLSimpleApplication@373c19ee
----------------- Done invoking toplevel() on ptolemy.moml.MoMLSimpleApplication@373c19ee
reloadAllAccessors: .StopDE

===========================================================================================
----------------- testing Wed Sep 08 18:59:45 UTC 2021 /home/travis/build/icyphy/ptII/ptolemy/actor/lib/test/auto/StopSDF.xml
----------------- Instantiating /home/travis/build/icyphy/ptII/ptolemy/actor/lib/test/auto/StopSDF.xml
3 ms. Memory: 533504K Free: 313854K (59%)
----------------- Invoking toplevel() on ptolemy.moml.MoMLSimpleApplication@fe13cf5
----------------- Done invoking toplevel() on ptolemy.moml.MoMLSimpleApplication@fe13cf5
reloadAllAccessors: .StopSDF

===========================================================================================
----------------- testing Wed Sep 08 18:59:45 UTC 2021 /home/travis/build/icyphy/ptII/ptolemy/actor/lib/test/auto/StringConstant.xml
----------------- Instantiating /home/travis/build/icyphy/ptII/ptolemy/actor/lib/test/auto/StringConstant.xml
15 ms. Memory: 533504K Free: 309248K (58%)
----------------- Invoking toplevel() on ptolemy.moml.MoMLSimpleApplication@2755920a
----------------- Done invoking toplevel() on ptolemy.moml.MoMLSimpleApplication@2755920a
reloadAllAccessors: .StringConstant

===========================================================================================
----------------- testing Wed Sep 08 18:59:45 UTC 2021 /home/travis/build/icyphy/ptII/ptolemy/actor/lib/test/auto/SubscriberPortInitialValues1.xml
----------------- Instantiating /home/travis/build/icyphy/ptII/ptolemy/actor/lib/test/auto/SubscriberPortInitialValues1.xml
8 ms. Memory: 533504K Free: 300542K (56%)
----------------- Invoking toplevel() on ptolemy.moml.MoMLSimpleApplication@226b36d9
----------------- Done invoking toplevel() on ptolemy.moml.MoMLSimpleApplication@226b36d9
reloadAllAccessors: .SubscriberPortInitialValues1

===========================================================================================
----------------- testing Wed Sep 08 18:59:46 UTC 2021 /home/travis/build/icyphy/ptII/ptolemy/actor/lib/test/auto/SubscriberPortInitialValues13.xml
----------------- Instantiating /home/travis/build/icyphy/ptII/ptolemy/actor/lib/test/auto/SubscriberPortInitialValues13.xml
5 ms. Memory: 533504K Free: 288254K (54%)
----------------- Invoking toplevel() on ptolemy.moml.MoMLSimpleApplication@5ea2d2ab
----------------- Done invoking toplevel() on ptolemy.moml.MoMLSimpleApplication@5ea2d2ab
reloadAllAccessors: .SubscriberPortInitialValues13

===========================================================================================
----------------- testing Wed Sep 08 18:59:46 UTC 2021 /home/travis/build/icyphy/ptII/ptolemy/actor/lib/test/auto/SubscriberPortInitialValues14.xml
----------------- Instantiating /home/travis/build/icyphy/ptII/ptolemy/actor/lib/test/auto/SubscriberPortInitialValues14.xml
4 ms. Memory: 533504K Free: 280576K (53%)
----------------- Invoking toplevel() on ptolemy.moml.MoMLSimpleApplication@1185b24a
----------------- Done invoking toplevel() on ptolemy.moml.MoMLSimpleApplication@1185b24a
reloadAllAccessors: .SubscriberPortInitialValues14

===========================================================================================
----------------- testing Wed Sep 08 18:59:46 UTC 2021 /home/travis/build/icyphy/ptII/ptolemy/actor/lib/test/auto/SubscriberPortInitialValues2.xml
----------------- Instantiating /home/travis/build/icyphy/ptII/ptolemy/actor/lib/test/auto/SubscriberPortInitialValues2.xml
3 ms. Memory: 533504K Free: 272894K (51%)
----------------- Invoking toplevel() on ptolemy.moml.MoMLSimpleApplication@5ef0f61b
----------------- Done invoking toplevel() on ptolemy.moml.MoMLSimpleApplication@5ef0f61b
reloadAllAccessors: .SubscriberPortInitialValues2

===========================================================================================
----------------- testing Wed Sep 08 18:59:46 UTC 2021 /home/travis/build/icyphy/ptII/ptolemy/actor/lib/test/auto/SubscriberPortInitialValues3.xml
----------------- Instantiating /home/travis/build/icyphy/ptII/ptolemy/actor/lib/test/auto/SubscriberPortInitialValues3.xml
4 ms. Memory: 533504K Free: 262144K (49%)
----------------- Invoking toplevel() on ptolemy.moml.MoMLSimpleApplication@32940436
----------------- Done invoking toplevel() on ptolemy.moml.MoMLSimpleApplication@32940436
reloadAllAccessors: .SubscriberPortInitialValues3

===========================================================================================
----------------- testing Wed Sep 08 18:59:46 UTC 2021 /home/travis/build/icyphy/ptII/ptolemy/actor/lib/test/auto/SubscriptionAggregator.xml
----------------- Instantiating /home/travis/build/icyphy/ptII/ptolemy/actor/lib/test/auto/SubscriptionAggregator.xml
2 ms. Memory: 533504K Free: 254976K (48%)
----------------- Invoking toplevel() on ptolemy.moml.MoMLSimpleApplication@77e8e178
----------------- Done invoking toplevel() on ptolemy.moml.MoMLSimpleApplication@77e8e178
reloadAllAccessors: .SubscriptionAggregator

===========================================================================================
----------------- testing Wed Sep 08 18:59:46 UTC 2021 /home/travis/build/icyphy/ptII/ptolemy/actor/lib/test/auto/SubscriptionAggregator2.xml
----------------- Instantiating /home/travis/build/icyphy/ptII/ptolemy/actor/lib/test/auto/SubscriptionAggregator2.xml
2 ms. Memory: 533504K Free: 248303K (47%)
----------------- Invoking toplevel() on ptolemy.moml.MoMLSimpleApplication@747e2170
----------------- Done invoking toplevel() on ptolemy.moml.MoMLSimpleApplication@747e2170
reloadAllAccessors: .SubscriptionAggregator2

===========================================================================================
----------------- testing Wed Sep 08 18:59:46 UTC 2021 /home/travis/build/icyphy/ptII/ptolemy/actor/lib/test/auto/SubscriptionAggregator3.xml
----------------- Instantiating /home/travis/build/icyphy/ptII/ptolemy/actor/lib/test/auto/SubscriptionAggregator3.xml
5 ms. Memory: 533504K Free: 239616K (45%)
----------------- Invoking toplevel() on ptolemy.moml.MoMLSimpleApplication@20a26ac2
----------------- Done invoking toplevel() on ptolemy.moml.MoMLSimpleApplication@20a26ac2
reloadAllAccessors: .SubscriptionAggregator3

===========================================================================================
----------------- testing Wed Sep 08 18:59:46 UTC 2021 /home/travis/build/icyphy/ptII/ptolemy/actor/lib/test/auto/SubscriptionAggregatorMultiply.xml
----------------- Instantiating /home/travis/build/icyphy/ptII/ptolemy/actor/lib/test/auto/SubscriptionAggregatorMultiply.xml
13 ms. Memory: 533504K Free: 231424K (43%)
----------------- Invoking toplevel() on ptolemy.moml.MoMLSimpleApplication@6a1098ac
----------------- Done invoking toplevel() on ptolemy.moml.MoMLSimpleApplication@6a1098ac
reloadAllAccessors: .SubscriptionAggregatorMultiply

===========================================================================================
----------------- testing Wed Sep 08 18:59:46 UTC 2021 /home/travis/build/icyphy/ptII/ptolemy/actor/lib/test/auto/SubscriptionAggregatorPortMultiply1.xml
----------------- Instantiating /home/travis/build/icyphy/ptII/ptolemy/actor/lib/test/auto/SubscriptionAggregatorPortMultiply1.xml
3 ms. Memory: 533504K Free: 223742K (42%)
----------------- Invoking toplevel() on ptolemy.moml.MoMLSimpleApplication@5d3c0d21
----------------- Done invoking toplevel() on ptolemy.moml.MoMLSimpleApplication@5d3c0d21
reloadAllAccessors: .SubscriptionAggregatorPortMultiply1

===========================================================================================
----------------- testing Wed Sep 08 18:59:46 UTC 2021 /home/travis/build/icyphy/ptII/ptolemy/actor/lib/test/auto/Switch.xml
----------------- Instantiating /home/travis/build/icyphy/ptII/ptolemy/actor/lib/test/auto/Switch.xml
6 ms. Memory: 533504K Free: 215550K (40%)
----------------- Invoking toplevel() on ptolemy.moml.MoMLSimpleApplication@446a2291
----------------- Done invoking toplevel() on ptolemy.moml.MoMLSimpleApplication@446a2291
reloadAllAccessors: .Switch

===========================================================================================
----------------- testing Wed Sep 08 18:59:46 UTC 2021 /home/travis/build/icyphy/ptII/ptolemy/actor/lib/test/auto/Switch2.xml
----------------- Instantiating /home/travis/build/icyphy/ptII/ptolemy/actor/lib/test/auto/Switch2.xml
1 ms. Memory: 533504K Free: 210944K (40%)
----------------- Invoking toplevel() on ptolemy.moml.MoMLSimpleApplication@e4efe93
----------------- Done invoking toplevel() on ptolemy.moml.MoMLSimpleApplication@e4efe93
reloadAllAccessors: .Switch2

===========================================================================================
----------------- testing Wed Sep 08 18:59:46 UTC 2021 /home/travis/build/icyphy/ptII/ptolemy/actor/lib/test/auto/SwitchDE.xml
----------------- Instantiating /home/travis/build/icyphy/ptII/ptolemy/actor/lib/test/auto/SwitchDE.xml
3 ms. Memory: 533504K Free: 204255K (38%)
----------------- Invoking toplevel() on ptolemy.moml.MoMLSimpleApplication@648621af
----------------- Done invoking toplevel() on ptolemy.moml.MoMLSimpleApplication@648621af
reloadAllAccessors: .SwitchDE

===========================================================================================
----------------- testing Wed Sep 08 18:59:46 UTC 2021 /home/travis/build/icyphy/ptII/ptolemy/actor/lib/test/auto/SynchronizerDE.xml
----------------- Instantiating /home/travis/build/icyphy/ptII/ptolemy/actor/lib/test/auto/SynchronizerDE.xml
6 ms. Memory: 533504K Free: 196079K (37%)
----------------- Invoking toplevel() on ptolemy.moml.MoMLSimpleApplication@4efaede4
----------------- Done invoking toplevel() on ptolemy.moml.MoMLSimpleApplication@4efaede4
reloadAllAccessors: .SynchronizerDE

===========================================================================================
----------------- testing Wed Sep 08 18:59:46 UTC 2021 /home/travis/build/icyphy/ptII/ptolemy/actor/lib/test/auto/Test.xml
----------------- Instantiating /home/travis/build/icyphy/ptII/ptolemy/actor/lib/test/auto/Test.xml
2 ms. Memory: 533504K Free: 190967K (36%)
----------------- Invoking toplevel() on ptolemy.moml.MoMLSimpleApplication@50e74f46
----------------- Done invoking toplevel() on ptolemy.moml.MoMLSimpleApplication@50e74f46
reloadAllAccessors: .Test

===========================================================================================
----------------- testing Wed Sep 08 18:59:46 UTC 2021 /home/travis/build/icyphy/ptII/ptolemy/actor/lib/test/auto/TestExceptionAttribute1.xml
----------------- Instantiating /home/travis/build/icyphy/ptII/ptolemy/actor/lib/test/auto/TestExceptionAttribute1.xml
1 ms. Memory: 533504K Free: 187392K (35%)
----------------- Invoking toplevel() on ptolemy.moml.MoMLSimpleApplication@e4c7046
----------------- Done invoking toplevel() on ptolemy.moml.MoMLSimpleApplication@e4c7046
reloadAllAccessors: .TestExceptionAttribute1

===========================================================================================
----------------- testing Wed Sep 08 18:59:46 UTC 2021 /home/travis/build/icyphy/ptII/ptolemy/actor/lib/test/auto/TestExceptionAttribute2.xml
----------------- Instantiating /home/travis/build/icyphy/ptII/ptolemy/actor/lib/test/auto/TestExceptionAttribute2.xml
2 ms. Memory: 533504K Free: 183806K (34%)
----------------- Invoking toplevel() on ptolemy.moml.MoMLSimpleApplication@14f22941
----------------- Done invoking toplevel() on ptolemy.moml.MoMLSimpleApplication@14f22941
reloadAllAccessors: .TestExceptionAttribute2

===========================================================================================
----------------- testing Wed Sep 08 18:59:46 UTC 2021 /home/travis/build/icyphy/ptII/ptolemy/actor/lib/test/auto/TestExceptionAttribute3.xml
----------------- Instantiating /home/travis/build/icyphy/ptII/ptolemy/actor/lib/test/auto/TestExceptionAttribute3.xml
.TestExceptionAttribute3.TestExceptionAttribute: initialize() was not invoked, but wrapup() was.  This is unusual, but not always a problem.  For example, exporting JNLP will do this.
0 ms. Memory: 533504K Free: 179710K (34%)
----------------- Invoking toplevel() on ptolemy.moml.MoMLSimpleApplication@4bdb11ae
----------------- Done invoking toplevel() on ptolemy.moml.MoMLSimpleApplication@4bdb11ae
reloadAllAccessors: .TestExceptionAttribute3

===========================================================================================
----------------- testing Wed Sep 08 18:59:46 UTC 2021 /home/travis/build/icyphy/ptII/ptolemy/actor/lib/test/auto/TestExceptionAttribute4.xml
----------------- Instantiating /home/travis/build/icyphy/ptII/ptolemy/actor/lib/test/auto/TestExceptionAttribute4.xml
.TestExceptionAttribute4.TestExceptionAttribute: initialize() was not invoked, but wrapup() was.  This is unusual, but not always a problem.  For example, exporting JNLP will do this.
.TestExceptionAttribute4.TestExceptionAttribute2: initialize() was not invoked, but wrapup() was.  This is unusual, but not always a problem.  For example, exporting JNLP will do this.
1 ms. Memory: 533504K Free: 175614K (33%)
----------------- Invoking toplevel() on ptolemy.moml.MoMLSimpleApplication@3d8f73cd
----------------- Done invoking toplevel() on ptolemy.moml.MoMLSimpleApplication@3d8f73cd
reloadAllAccessors: .TestExceptionAttribute4

===========================================================================================
----------------- testing Wed Sep 08 18:59:46 UTC 2021 /home/travis/build/icyphy/ptII/ptolemy/actor/lib/test/auto/TestExceptionHandler1.xml
----------------- Instantiating /home/travis/build/icyphy/ptII/ptolemy/actor/lib/test/auto/TestExceptionHandler1.xml
1 ms. Memory: 533504K Free: 479232K (90%)
----------------- Invoking toplevel() on ptolemy.moml.MoMLSimpleApplication@4bff624c
----------------- Done invoking toplevel() on ptolemy.moml.MoMLSimpleApplication@4bff624c
reloadAllAccessors: .TestExceptionHandler1

===========================================================================================
----------------- testing Wed Sep 08 18:59:46 UTC 2021 /home/travis/build/icyphy/ptII/ptolemy/actor/lib/test/auto/TestExceptionHandler2.xml
----------------- Instantiating /home/travis/build/icyphy/ptII/ptolemy/actor/lib/test/auto/TestExceptionHandler2.xml
1 ms. Memory: 533504K Free: 475646K (89%)
----------------- Invoking toplevel() on ptolemy.moml.MoMLSimpleApplication@5204466c
----------------- Done invoking toplevel() on ptolemy.moml.MoMLSimpleApplication@5204466c
reloadAllAccessors: .TestExceptionHandler2

===========================================================================================
----------------- testing Wed Sep 08 18:59:46 UTC 2021 /home/travis/build/icyphy/ptII/ptolemy/actor/lib/test/auto/TestExceptionHandler3.xml
----------------- Instantiating /home/travis/build/icyphy/ptII/ptolemy/actor/lib/test/auto/TestExceptionHandler3.xml
0 ms. Memory: 533504K Free: 472064K (88%)
----------------- Invoking toplevel() on ptolemy.moml.MoMLSimpleApplication@4034fd66
----------------- Done invoking toplevel() on ptolemy.moml.MoMLSimpleApplication@4034fd66
reloadAllAccessors: .TestExceptionHandler3

===========================================================================================
----------------- testing Wed Sep 08 18:59:46 UTC 2021 /home/travis/build/icyphy/ptII/ptolemy/actor/lib/test/auto/TestExceptionHandler4.xml
----------------- Instantiating /home/travis/build/icyphy/ptII/ptolemy/actor/lib/test/auto/TestExceptionHandler4.xml
1 ms. Memory: 533504K Free: 467454K (88%)
----------------- Invoking toplevel() on ptolemy.moml.MoMLSimpleApplication@432b4ea5
----------------- Done invoking toplevel() on ptolemy.moml.MoMLSimpleApplication@432b4ea5
reloadAllAccessors: .TestExceptionHandler4

===========================================================================================
----------------- testing Wed Sep 08 18:59:46 UTC 2021 /home/travis/build/icyphy/ptII/ptolemy/actor/lib/test/auto/TestRequireCorrectOrder.xml
----------------- Instantiating /home/travis/build/icyphy/ptII/ptolemy/actor/lib/test/auto/TestRequireCorrectOrder.xml
6 ms. Memory: 533504K Free: 462303K (87%)
----------------- Invoking toplevel() on ptolemy.moml.MoMLSimpleApplication@7408a34f
----------------- Done invoking toplevel() on ptolemy.moml.MoMLSimpleApplication@7408a34f
reloadAllAccessors: .TestRequireCorrectOrder

===========================================================================================
----------------- testing Wed Sep 08 18:59:46 UTC 2021 /home/travis/build/icyphy/ptII/ptolemy/actor/lib/test/auto/TestSimple.xml
----------------- Instantiating /home/travis/build/icyphy/ptII/ptolemy/actor/lib/test/auto/TestSimple.xml
1 ms. Memory: 533504K Free: 456704K (86%)
----------------- Invoking toplevel() on ptolemy.moml.MoMLSimpleApplication@2763365d
----------------- Done invoking toplevel() on ptolemy.moml.MoMLSimpleApplication@2763365d
reloadAllAccessors: .TestSimple

===========================================================================================
----------------- testing Wed Sep 08 18:59:46 UTC 2021 /home/travis/build/icyphy/ptII/ptolemy/actor/lib/test/auto/ThrowModelError.xml
----------------- Instantiating /home/travis/build/icyphy/ptII/ptolemy/actor/lib/test/auto/ThrowModelError.xml
1 ms. Memory: 533504K Free: 452094K (85%)
----------------- Invoking toplevel() on ptolemy.moml.MoMLSimpleApplication@731b8d80
----------------- Done invoking toplevel() on ptolemy.moml.MoMLSimpleApplication@731b8d80
reloadAllAccessors: .ThrowModelError

===========================================================================================
----------------- testing Wed Sep 08 18:59:46 UTC 2021 /home/travis/build/icyphy/ptII/ptolemy/actor/lib/test/auto/TimeDelayMicrosteps.xml
----------------- Instantiating /home/travis/build/icyphy/ptII/ptolemy/actor/lib/test/auto/TimeDelayMicrosteps.xml
3 ms. Memory: 533504K Free: 445440K (83%)
----------------- Invoking toplevel() on ptolemy.moml.MoMLSimpleApplication@56871cad
----------------- Done invoking toplevel() on ptolemy.moml.MoMLSimpleApplication@56871cad
reloadAllAccessors: .TimeDelayMicrosteps

===========================================================================================
----------------- testing Wed Sep 08 18:59:46 UTC 2021 /home/travis/build/icyphy/ptII/ptolemy/actor/lib/test/auto/TimeDelayMicrosteps2.xml
----------------- Instantiating /home/travis/build/icyphy/ptII/ptolemy/actor/lib/test/auto/TimeDelayMicrosteps2.xml
5 ms. Memory: 533504K Free: 437743K (82%)
----------------- Invoking toplevel() on ptolemy.moml.MoMLSimpleApplication@b8a6510
----------------- Done invoking toplevel() on ptolemy.moml.MoMLSimpleApplication@b8a6510
reloadAllAccessors: .TimeDelayMicrosteps2

===========================================================================================
----------------- testing Wed Sep 08 18:59:46 UTC 2021 /home/travis/build/icyphy/ptII/ptolemy/actor/lib/test/auto/TimeDelayMicrosteps3.xml
----------------- Instantiating /home/travis/build/icyphy/ptII/ptolemy/actor/lib/test/auto/TimeDelayMicrosteps3.xml
3 ms. Memory: 533504K Free: 431104K (81%)
----------------- Invoking toplevel() on ptolemy.moml.MoMLSimpleApplication@38a6154f
----------------- Done invoking toplevel() on ptolemy.moml.MoMLSimpleApplication@38a6154f
reloadAllAccessors: .TimeDelayMicrosteps3

===========================================================================================
----------------- testing Wed Sep 08 18:59:46 UTC 2021 /home/travis/build/icyphy/ptII/ptolemy/actor/lib/test/auto/TimeDelayVariableMicrosteps.xml
----------------- Instantiating /home/travis/build/icyphy/ptII/ptolemy/actor/lib/test/auto/TimeDelayVariableMicrosteps.xml
3 ms. Memory: 533504K Free: 424958K (80%)
----------------- Invoking toplevel() on ptolemy.moml.MoMLSimpleApplication@37fb4682
----------------- Done invoking toplevel() on ptolemy.moml.MoMLSimpleApplication@37fb4682
reloadAllAccessors: .TimeDelayVariableMicrosteps

===========================================================================================
----------------- testing Wed Sep 08 18:59:46 UTC 2021 /home/travis/build/icyphy/ptII/ptolemy/actor/lib/test/auto/TimeGap.xml
----------------- Instantiating /home/travis/build/icyphy/ptII/ptolemy/actor/lib/test/auto/TimeGap.xml
3 ms. Memory: 533504K Free: 419840K (79%)
----------------- Invoking toplevel() on ptolemy.moml.MoMLSimpleApplication@395fdf4e
----------------- Done invoking toplevel() on ptolemy.moml.MoMLSimpleApplication@395fdf4e
reloadAllAccessors: .TimeGap

===========================================================================================
----------------- testing Wed Sep 08 18:59:46 UTC 2021 /home/travis/build/icyphy/ptII/ptolemy/actor/lib/test/auto/TimeGap2.xml
----------------- Instantiating /home/travis/build/icyphy/ptII/ptolemy/actor/lib/test/auto/TimeGap2.xml
2 ms. Memory: 533504K Free: 414175K (78%)
----------------- Invoking toplevel() on ptolemy.moml.MoMLSimpleApplication@1aa2250e
----------------- Done invoking toplevel() on ptolemy.moml.MoMLSimpleApplication@1aa2250e
reloadAllAccessors: .TimeGap2

===========================================================================================
----------------- testing Wed Sep 08 18:59:46 UTC 2021 /home/travis/build/icyphy/ptII/ptolemy/actor/lib/test/auto/TimedSinewave.xml
----------------- Instantiating /home/travis/build/icyphy/ptII/ptolemy/actor/lib/test/auto/TimedSinewave.xml
20 ms. Memory: 533504K Free: 399360K (75%)
----------------- Invoking toplevel() on ptolemy.moml.MoMLSimpleApplication@7f7786f1
----------------- Done invoking toplevel() on ptolemy.moml.MoMLSimpleApplication@7f7786f1
reloadAllAccessors: .TimedSinewave

===========================================================================================
----------------- testing Wed Sep 08 18:59:46 UTC 2021 /home/travis/build/icyphy/ptII/ptolemy/actor/lib/test/auto/TimedSinewavePhase.xml
----------------- Instantiating /home/travis/build/icyphy/ptII/ptolemy/actor/lib/test/auto/TimedSinewavePhase.xml
8 ms. Memory: 533504K Free: 389630K (73%)
----------------- Invoking toplevel() on ptolemy.moml.MoMLSimpleApplication@23ad0557
----------------- Done invoking toplevel() on ptolemy.moml.MoMLSimpleApplication@23ad0557
reloadAllAccessors: .TimedSinewavePhase

===========================================================================================
----------------- testing Wed Sep 08 18:59:46 UTC 2021 /home/travis/build/icyphy/ptII/ptolemy/actor/lib/test/auto/Timer.xml
----------------- Instantiating /home/travis/build/icyphy/ptII/ptolemy/actor/lib/test/auto/Timer.xml
1 ms. Memory: 533504K Free: 384000K (72%)
----------------- Invoking toplevel() on ptolemy.moml.MoMLSimpleApplication@7c090da1
----------------- Done invoking toplevel() on ptolemy.moml.MoMLSimpleApplication@7c090da1
reloadAllAccessors: .Timer

===========================================================================================
----------------- testing Wed Sep 08 18:59:46 UTC 2021 /home/travis/build/icyphy/ptII/ptolemy/actor/lib/test/auto/TriangularDistTestModel.xml
----------------- Instantiating /home/travis/build/icyphy/ptII/ptolemy/actor/lib/test/auto/TriangularDistTestModel.xml
2 ms. Memory: 533504K Free: 378335K (71%)
----------------- Invoking toplevel() on ptolemy.moml.MoMLSimpleApplication@65f2c70a
----------------- Done invoking toplevel() on ptolemy.moml.MoMLSimpleApplication@65f2c70a
reloadAllAccessors: .TriangularDistTestModel

===========================================================================================
----------------- testing Wed Sep 08 18:59:46 UTC 2021 /home/travis/build/icyphy/ptII/ptolemy/actor/lib/test/auto/TrigFunction.xml
----------------- Instantiating /home/travis/build/icyphy/ptII/ptolemy/actor/lib/test/auto/TrigFunction.xml
2 ms. Memory: 533504K Free: 373246K (70%)
----------------- Invoking toplevel() on ptolemy.moml.MoMLSimpleApplication@693a3bf6
----------------- Done invoking toplevel() on ptolemy.moml.MoMLSimpleApplication@693a3bf6
reloadAllAccessors: .TrigFunction

===========================================================================================
----------------- testing Wed Sep 08 18:59:46 UTC 2021 /home/travis/build/icyphy/ptII/ptolemy/actor/lib/test/auto/TrigFunctionDE.xml
----------------- Instantiating /home/travis/build/icyphy/ptII/ptolemy/actor/lib/test/auto/TrigFunctionDE.xml
1 ms. Memory: 533504K Free: 367616K (69%)
----------------- Invoking toplevel() on ptolemy.moml.MoMLSimpleApplication@1fa2a15e
----------------- Done invoking toplevel() on ptolemy.moml.MoMLSimpleApplication@1fa2a15e
reloadAllAccessors: .TrigFunctionDE

===========================================================================================
----------------- testing Wed Sep 08 18:59:46 UTC 2021 /home/travis/build/icyphy/ptII/ptolemy/actor/lib/test/auto/TrigFunctionInverse.xml
----------------- Instantiating /home/travis/build/icyphy/ptII/ptolemy/actor/lib/test/auto/TrigFunctionInverse.xml
2 ms. Memory: 533504K Free: 362496K (68%)
----------------- Invoking toplevel() on ptolemy.moml.MoMLSimpleApplication@627c7536
----------------- Done invoking toplevel() on ptolemy.moml.MoMLSimpleApplication@627c7536
reloadAllAccessors: .TrigFunctionInverse

===========================================================================================
----------------- testing Wed Sep 08 18:59:46 UTC 2021 /home/travis/build/icyphy/ptII/ptolemy/actor/lib/test/auto/TrigFunctionTan.xml
----------------- Instantiating /home/travis/build/icyphy/ptII/ptolemy/actor/lib/test/auto/TrigFunctionTan.xml
1 ms. Memory: 533504K Free: 358400K (67%)
----------------- Invoking toplevel() on ptolemy.moml.MoMLSimpleApplication@51a8f614
----------------- Done invoking toplevel() on ptolemy.moml.MoMLSimpleApplication@51a8f614
reloadAllAccessors: .TrigFunctionTan

===========================================================================================
----------------- testing Wed Sep 08 18:59:46 UTC 2021 /home/travis/build/icyphy/ptII/ptolemy/actor/lib/test/auto/TriggeredClock.xml
----------------- Instantiating /home/travis/build/icyphy/ptII/ptolemy/actor/lib/test/auto/TriggeredClock.xml
2 ms. Memory: 533504K Free: 352751K (66%)
----------------- Invoking toplevel() on ptolemy.moml.MoMLSimpleApplication@49f6d0f3
----------------- Done invoking toplevel() on ptolemy.moml.MoMLSimpleApplication@49f6d0f3
reloadAllAccessors: .TriggeredClock

===========================================================================================
----------------- testing Wed Sep 08 18:59:46 UTC 2021 /home/travis/build/icyphy/ptII/ptolemy/actor/lib/test/auto/URLDirectoryReader.xml
----------------- Instantiating /home/travis/build/icyphy/ptII/ptolemy/actor/lib/test/auto/URLDirectoryReader.xml
41 ms. Memory: 533504K Free: 343550K (64%)
----------------- Invoking toplevel() on ptolemy.moml.MoMLSimpleApplication@3a5fe31d
----------------- Done invoking toplevel() on ptolemy.moml.MoMLSimpleApplication@3a5fe31d
reloadAllAccessors: .URLDirectoryReader

===========================================================================================
----------------- testing Wed Sep 08 18:59:46 UTC 2021 /home/travis/build/icyphy/ptII/ptolemy/actor/lib/test/auto/URLDirectoryReader3.xml
----------------- Instantiating /home/travis/build/icyphy/ptII/ptolemy/actor/lib/test/auto/URLDirectoryReader3.xml
1182 ms. Memory: 533504K Free: 473470K (89%)
----------------- Invoking toplevel() on ptolemy.moml.MoMLSimpleApplication@7bd3323
----------------- Done invoking toplevel() on ptolemy.moml.MoMLSimpleApplication@7bd3323
reloadAllAccessors: .URLDirectoryReader3

===========================================================================================
----------------- testing Wed Sep 08 18:59:48 UTC 2021 /home/travis/build/icyphy/ptII/ptolemy/actor/lib/test/auto/UnaryMathFunction.xml
----------------- Instantiating /home/travis/build/icyphy/ptII/ptolemy/actor/lib/test/auto/UnaryMathFunction.xml
2 ms. Memory: 533504K Free: 465278K (87%)
----------------- Invoking toplevel() on ptolemy.moml.MoMLSimpleApplication@15d0760d
----------------- Done invoking toplevel() on ptolemy.moml.MoMLSimpleApplication@15d0760d
reloadAllAccessors: .UnaryMathFunction

===========================================================================================
----------------- testing Wed Sep 08 18:59:48 UTC 2021 /home/travis/build/icyphy/ptII/ptolemy/actor/lib/test/auto/Uniform.xml
----------------- Instantiating /home/travis/build/icyphy/ptII/ptolemy/actor/lib/test/auto/Uniform.xml
2 ms. Memory: 533504K Free: 460668K (86%)
----------------- Invoking toplevel() on ptolemy.moml.MoMLSimpleApplication@1ae0107b
----------------- Done invoking toplevel() on ptolemy.moml.MoMLSimpleApplication@1ae0107b
reloadAllAccessors: .Uniform

===========================================================================================
----------------- testing Wed Sep 08 18:59:48 UTC 2021 /home/travis/build/icyphy/ptII/ptolemy/actor/lib/test/auto/UnionDisassemblerTest.xml
----------------- Instantiating /home/travis/build/icyphy/ptII/ptolemy/actor/lib/test/auto/UnionDisassemblerTest.xml
15 ms. Memory: 533504K Free: 457086K (86%)
----------------- Invoking toplevel() on ptolemy.moml.MoMLSimpleApplication@3ddf5689
----------------- Done invoking toplevel() on ptolemy.moml.MoMLSimpleApplication@3ddf5689
reloadAllAccessors: .UnionDisassemblerTest

===========================================================================================
----------------- testing Wed Sep 08 18:59:48 UTC 2021 /home/travis/build/icyphy/ptII/ptolemy/actor/lib/test/auto/UtilityFunctions.xml
----------------- Instantiating /home/travis/build/icyphy/ptII/ptolemy/actor/lib/test/auto/UtilityFunctions.xml
1 ms. Memory: 533504K Free: 452990K (85%)
----------------- Invoking toplevel() on ptolemy.moml.MoMLSimpleApplication@28cbeb60
----------------- Done invoking toplevel() on ptolemy.moml.MoMLSimpleApplication@28cbeb60
reloadAllAccessors: .UtilityFunctions

===========================================================================================
----------------- testing Wed Sep 08 18:59:48 UTC 2021 /home/travis/build/icyphy/ptII/ptolemy/actor/lib/test/auto/VariableSleep.xml
----------------- Instantiating /home/travis/build/icyphy/ptII/ptolemy/actor/lib/test/auto/VariableSleep.xml
503 ms. Memory: 533504K Free: 447870K (84%)
----------------- Invoking toplevel() on ptolemy.moml.MoMLSimpleApplication@2a616b9c
----------------- Done invoking toplevel() on ptolemy.moml.MoMLSimpleApplication@2a616b9c
reloadAllAccessors: .VariableSleep

===========================================================================================
----------------- testing Wed Sep 08 18:59:48 UTC 2021 /home/travis/build/icyphy/ptII/ptolemy/actor/lib/test/auto/VectorAssemblerDisassemblerCT.xml
----------------- Instantiating /home/travis/build/icyphy/ptII/ptolemy/actor/lib/test/auto/VectorAssemblerDisassemblerCT.xml
43 ms. Memory: 533504K Free: 427900K (80%)
----------------- Invoking toplevel() on ptolemy.moml.MoMLSimpleApplication@38a4347f
----------------- Done invoking toplevel() on ptolemy.moml.MoMLSimpleApplication@38a4347f
reloadAllAccessors: .VectorAssemblerDisassemblerCT

===========================================================================================
----------------- testing Wed Sep 08 18:59:49 UTC 2021 /home/travis/build/icyphy/ptII/ptolemy/actor/lib/test/auto/VectorAssemblerDisassemblerDE.xml
----------------- Instantiating /home/travis/build/icyphy/ptII/ptolemy/actor/lib/test/auto/VectorAssemblerDisassemblerDE.xml
6 ms. Memory: 533504K Free: 420732K (79%)
----------------- Invoking toplevel() on ptolemy.moml.MoMLSimpleApplication@1cd84b06
----------------- Done invoking toplevel() on ptolemy.moml.MoMLSimpleApplication@1cd84b06
reloadAllAccessors: .VectorAssemblerDisassemblerDE

===========================================================================================
----------------- testing Wed Sep 08 18:59:49 UTC 2021 /home/travis/build/icyphy/ptII/ptolemy/actor/lib/test/auto/VectorAssemblerDisassemblerSDF.xml
----------------- Instantiating /home/travis/build/icyphy/ptII/ptolemy/actor/lib/test/auto/VectorAssemblerDisassemblerSDF.xml
2 ms. Memory: 533504K Free: 414078K (78%)
----------------- Invoking toplevel() on ptolemy.moml.MoMLSimpleApplication@302707b7
----------------- Done invoking toplevel() on ptolemy.moml.MoMLSimpleApplication@302707b7
reloadAllAccessors: .VectorAssemblerDisassemblerSDF

===========================================================================================
----------------- testing Wed Sep 08 18:59:49 UTC 2021 /home/travis/build/icyphy/ptII/ptolemy/actor/lib/test/auto/WallClockTime.xml
----------------- Instantiating /home/travis/build/icyphy/ptII/ptolemy/actor/lib/test/auto/WallClockTime.xml
1003 ms. Memory: 533504K Free: 408958K (77%)
----------------- Invoking toplevel() on ptolemy.moml.MoMLSimpleApplication@78665201
----------------- Done invoking toplevel() on ptolemy.moml.MoMLSimpleApplication@78665201
reloadAllAccessors: .WallClockTime

===========================================================================================
----------------- testing Wed Sep 08 18:59:50 UTC 2021 /home/travis/build/icyphy/ptII/ptolemy/actor/lib/test/auto/WidthTestWithSubscriberPublisher.xml
----------------- Instantiating /home/travis/build/icyphy/ptII/ptolemy/actor/lib/test/auto/WidthTestWithSubscriberPublisher.xml
6 ms. Memory: 533504K Free: 391036K (73%)
----------------- Invoking toplevel() on ptolemy.moml.MoMLSimpleApplication@1947c72a
----------------- Done invoking toplevel() on ptolemy.moml.MoMLSimpleApplication@1947c72a
reloadAllAccessors: .WidthTestWithSubscriberPublisher

===========================================================================================
----------------- testing Wed Sep 08 18:59:50 UTC 2021 /home/travis/build/icyphy/ptII/ptolemy/actor/lib/test/auto/WidthTestWithSubscriberPublisher2.xml
----------------- Instantiating /home/travis/build/icyphy/ptII/ptolemy/actor/lib/test/auto/WidthTestWithSubscriberPublisher2.xml
2 ms. Memory: 533504K Free: 384382K (72%)
----------------- Invoking toplevel() on ptolemy.moml.MoMLSimpleApplication@2aeff9da
----------------- Done invoking toplevel() on ptolemy.moml.MoMLSimpleApplication@2aeff9da
reloadAllAccessors: .WidthTestWithSubscriberPublisher2

===========================================================================================
----------------- testing Wed Sep 08 18:59:50 UTC 2021 /home/travis/build/icyphy/ptII/ptolemy/actor/lib/test/auto/WidthTestWithSubscriberPublisher3.xml
----------------- Instantiating /home/travis/build/icyphy/ptII/ptolemy/actor/lib/test/auto/WidthTestWithSubscriberPublisher3.xml
1 ms. Memory: 533504K Free: 378238K (71%)
----------------- Invoking toplevel() on ptolemy.moml.MoMLSimpleApplication@170f2318
----------------- Done invoking toplevel() on ptolemy.moml.MoMLSimpleApplication@170f2318
reloadAllAccessors: .WidthTestWithSubscriberPublisher3

===========================================================================================
----------------- testing Wed Sep 08 18:59:50 UTC 2021 /home/travis/build/icyphy/ptII/ptolemy/actor/lib/test/auto/Writer.xml
----------------- Instantiating /home/travis/build/icyphy/ptII/ptolemy/actor/lib/test/auto/Writer.xml
0
1
2
3
4
2 ms. Memory: 533504K Free: 374142K (70%)
----------------- Invoking toplevel() on ptolemy.moml.MoMLSimpleApplication@23372089
----------------- Done invoking toplevel() on ptolemy.moml.MoMLSimpleApplication@23372089
reloadAllAccessors: .Writer

===========================================================================================
----------------- testing Wed Sep 08 18:59:50 UTC 2021 /home/travis/build/icyphy/ptII/ptolemy/actor/lib/test/auto/array.xml
----------------- Instantiating /home/travis/build/icyphy/ptII/ptolemy/actor/lib/test/auto/array.xml
2 ms. Memory: 533504K Free: 369532K (69%)
----------------- Invoking toplevel() on ptolemy.moml.MoMLSimpleApplication@4b407718
----------------- Done invoking toplevel() on ptolemy.moml.MoMLSimpleApplication@4b407718
reloadAllAccessors: .array

===========================================================================================
----------------- testing Wed Sep 08 18:59:50 UTC 2021 /home/travis/build/icyphy/ptII/ptolemy/actor/lib/test/auto/array2.xml
----------------- Instantiating /home/travis/build/icyphy/ptII/ptolemy/actor/lib/test/auto/array2.xml
3 ms. Memory: 533504K Free: 364397K (68%)
----------------- Invoking toplevel() on ptolemy.moml.MoMLSimpleApplication@46546f72
----------------- Done invoking toplevel() on ptolemy.moml.MoMLSimpleApplication@46546f72
reloadAllAccessors: .array2

===========================================================================================
----------------- testing Wed Sep 08 18:59:50 UTC 2021 /home/travis/build/icyphy/ptII/ptolemy/actor/lib/test/auto/arrayType.xml
----------------- Instantiating /home/travis/build/icyphy/ptII/ptolemy/actor/lib/test/auto/arrayType.xml
1 ms. Memory: 533504K Free: 358782K (67%)
----------------- Invoking toplevel() on ptolemy.moml.MoMLSimpleApplication@374579da
----------------- Done invoking toplevel() on ptolemy.moml.MoMLSimpleApplication@374579da
reloadAllAccessors: .arrayType

===========================================================================================
----------------- testing Wed Sep 08 18:59:50 UTC 2021 /home/travis/build/icyphy/ptII/ptolemy/actor/lib/test/auto/arrayType10.xml
----------------- Instantiating /home/travis/build/icyphy/ptII/ptolemy/actor/lib/test/auto/arrayType10.xml
1 ms. Memory: 533504K Free: 354172K (66%)
----------------- Invoking toplevel() on ptolemy.moml.MoMLSimpleApplication@4173ef17
----------------- Done invoking toplevel() on ptolemy.moml.MoMLSimpleApplication@4173ef17
reloadAllAccessors: .arrayType10

===========================================================================================
----------------- testing Wed Sep 08 18:59:50 UTC 2021 /home/travis/build/icyphy/ptII/ptolemy/actor/lib/test/auto/arrayType11.xml
----------------- Instantiating /home/travis/build/icyphy/ptII/ptolemy/actor/lib/test/auto/arrayType11.xml
1 ms. Memory: 533504K Free: 349566K (66%)
----------------- Invoking toplevel() on ptolemy.moml.MoMLSimpleApplication@6409a819
----------------- Done invoking toplevel() on ptolemy.moml.MoMLSimpleApplication@6409a819
reloadAllAccessors: .arrayType11

===========================================================================================
----------------- testing Wed Sep 08 18:59:50 UTC 2021 /home/travis/build/icyphy/ptII/ptolemy/actor/lib/test/auto/arrayType12.xml
----------------- Instantiating /home/travis/build/icyphy/ptII/ptolemy/actor/lib/test/auto/arrayType12.xml
1 ms. Memory: 533504K Free: 344446K (65%)
----------------- Invoking toplevel() on ptolemy.moml.MoMLSimpleApplication@3ac96185
----------------- Done invoking toplevel() on ptolemy.moml.MoMLSimpleApplication@3ac96185
reloadAllAccessors: .arrayType12

===========================================================================================
----------------- testing Wed Sep 08 18:59:50 UTC 2021 /home/travis/build/icyphy/ptII/ptolemy/actor/lib/test/auto/arrayType13.xml
----------------- Instantiating /home/travis/build/icyphy/ptII/ptolemy/actor/lib/test/auto/arrayType13.xml
3 ms. Memory: 533504K Free: 339326K (64%)
----------------- Invoking toplevel() on ptolemy.moml.MoMLSimpleApplication@385f68e0
----------------- Done invoking toplevel() on ptolemy.moml.MoMLSimpleApplication@385f68e0
reloadAllAccessors: .arrayType13

===========================================================================================
----------------- testing Wed Sep 08 18:59:50 UTC 2021 /home/travis/build/icyphy/ptII/ptolemy/actor/lib/test/auto/arrayType14.xml
----------------- Instantiating /home/travis/build/icyphy/ptII/ptolemy/actor/lib/test/auto/arrayType14.xml
4 ms. Memory: 533504K Free: 334206K (63%)
----------------- Invoking toplevel() on ptolemy.moml.MoMLSimpleApplication@77387d87
----------------- Done invoking toplevel() on ptolemy.moml.MoMLSimpleApplication@77387d87
reloadAllAccessors: .arrayType14

===========================================================================================
----------------- testing Wed Sep 08 18:59:50 UTC 2021 /home/travis/build/icyphy/ptII/ptolemy/actor/lib/test/auto/arrayType15.xml
----------------- Instantiating /home/travis/build/icyphy/ptII/ptolemy/actor/lib/test/auto/arrayType15.xml
1 ms. Memory: 533504K Free: 328572K (62%)
----------------- Invoking toplevel() on ptolemy.moml.MoMLSimpleApplication@45f7cf7c
----------------- Done invoking toplevel() on ptolemy.moml.MoMLSimpleApplication@45f7cf7c
reloadAllAccessors: .arrayType15

===========================================================================================
----------------- testing Wed Sep 08 18:59:50 UTC 2021 /home/travis/build/icyphy/ptII/ptolemy/actor/lib/test/auto/arrayType16.xml
----------------- Instantiating /home/travis/build/icyphy/ptII/ptolemy/actor/lib/test/auto/arrayType16.xml
2 ms. Memory: 533504K Free: 323452K (61%)
----------------- Invoking toplevel() on ptolemy.moml.MoMLSimpleApplication@46da171a
----------------- Done invoking toplevel() on ptolemy.moml.MoMLSimpleApplication@46da171a
reloadAllAccessors: .arrayType16

===========================================================================================
----------------- testing Wed Sep 08 18:59:50 UTC 2021 /home/travis/build/icyphy/ptII/ptolemy/actor/lib/test/auto/arrayType17.xml
----------------- Instantiating /home/travis/build/icyphy/ptII/ptolemy/actor/lib/test/auto/arrayType17.xml
2 ms. Memory: 533504K Free: 318332K (60%)
----------------- Invoking toplevel() on ptolemy.moml.MoMLSimpleApplication@6dda8f5c
----------------- Done invoking toplevel() on ptolemy.moml.MoMLSimpleApplication@6dda8f5c
reloadAllAccessors: .arrayType17

===========================================================================================
----------------- testing Wed Sep 08 18:59:50 UTC 2021 /home/travis/build/icyphy/ptII/ptolemy/actor/lib/test/auto/arrayType18.xml
----------------- Instantiating /home/travis/build/icyphy/ptII/ptolemy/actor/lib/test/auto/arrayType18.xml
1 ms. Memory: 533504K Free: 313212K (59%)
----------------- Invoking toplevel() on ptolemy.moml.MoMLSimpleApplication@30354b07
----------------- Done invoking toplevel() on ptolemy.moml.MoMLSimpleApplication@30354b07
reloadAllAccessors: .arrayType18

===========================================================================================
----------------- testing Wed Sep 08 18:59:50 UTC 2021 /home/travis/build/icyphy/ptII/ptolemy/actor/lib/test/auto/arrayType19.xml
----------------- Instantiating /home/travis/build/icyphy/ptII/ptolemy/actor/lib/test/auto/arrayType19.xml
1 ms. Memory: 533504K Free: 308606K (58%)
----------------- Invoking toplevel() on ptolemy.moml.MoMLSimpleApplication@300bf166
----------------- Done invoking toplevel() on ptolemy.moml.MoMLSimpleApplication@300bf166
reloadAllAccessors: .arrayType19

===========================================================================================
----------------- testing Wed Sep 08 18:59:50 UTC 2021 /home/travis/build/icyphy/ptII/ptolemy/actor/lib/test/auto/arrayType2.xml
----------------- Instantiating /home/travis/build/icyphy/ptII/ptolemy/actor/lib/test/auto/arrayType2.xml
1 ms. Memory: 533504K Free: 303486K (57%)
----------------- Invoking toplevel() on ptolemy.moml.MoMLSimpleApplication@3f293464
----------------- Done invoking toplevel() on ptolemy.moml.MoMLSimpleApplication@3f293464
reloadAllAccessors: .arrayType2

===========================================================================================
----------------- testing Wed Sep 08 18:59:50 UTC 2021 /home/travis/build/icyphy/ptII/ptolemy/actor/lib/test/auto/arrayType20.xml
----------------- Instantiating /home/travis/build/icyphy/ptII/ptolemy/actor/lib/test/auto/arrayType20.xml
2 ms. Memory: 533504K Free: 298366K (56%)
----------------- Invoking toplevel() on ptolemy.moml.MoMLSimpleApplication@418eca52
----------------- Done invoking toplevel() on ptolemy.moml.MoMLSimpleApplication@418eca52
reloadAllAccessors: .arrayType20

===========================================================================================
----------------- testing Wed Sep 08 18:59:50 UTC 2021 /home/travis/build/icyphy/ptII/ptolemy/actor/lib/test/auto/arrayType21.xml
----------------- Instantiating /home/travis/build/icyphy/ptII/ptolemy/actor/lib/test/auto/arrayType21.xml
1 ms. Memory: 533504K Free: 293756K (55%)
----------------- Invoking toplevel() on ptolemy.moml.MoMLSimpleApplication@688319c4
----------------- Done invoking toplevel() on ptolemy.moml.MoMLSimpleApplication@688319c4
reloadAllAccessors: .arrayType21

===========================================================================================
----------------- testing Wed Sep 08 18:59:50 UTC 2021 /home/travis/build/icyphy/ptII/ptolemy/actor/lib/test/auto/arrayType22.xml
----------------- Instantiating /home/travis/build/icyphy/ptII/ptolemy/actor/lib/test/auto/arrayType22.xml
3 ms. Memory: 533504K Free: 289150K (54%)
----------------- Invoking toplevel() on ptolemy.moml.MoMLSimpleApplication@5917aa26
----------------- Done invoking toplevel() on ptolemy.moml.MoMLSimpleApplication@5917aa26
reloadAllAccessors: .arrayType22

===========================================================================================
----------------- testing Wed Sep 08 18:59:50 UTC 2021 /home/travis/build/icyphy/ptII/ptolemy/actor/lib/test/auto/arrayType23.xml
----------------- Instantiating /home/travis/build/icyphy/ptII/ptolemy/actor/lib/test/auto/arrayType23.xml
2 ms. Memory: 533504K Free: 284540K (53%)
----------------- Invoking toplevel() on ptolemy.moml.MoMLSimpleApplication@355034c0
----------------- Done invoking toplevel() on ptolemy.moml.MoMLSimpleApplication@355034c0
reloadAllAccessors: .arrayType23

===========================================================================================
----------------- testing Wed Sep 08 18:59:50 UTC 2021 /home/travis/build/icyphy/ptII/ptolemy/actor/lib/test/auto/arrayType24.xml
----------------- Instantiating /home/travis/build/icyphy/ptII/ptolemy/actor/lib/test/auto/arrayType24.xml
1 ms. Memory: 533504K Free: 279405K (52%)
----------------- Invoking toplevel() on ptolemy.moml.MoMLSimpleApplication@5dc52e14
----------------- Done invoking toplevel() on ptolemy.moml.MoMLSimpleApplication@5dc52e14
reloadAllAccessors: .arrayType24

===========================================================================================
----------------- testing Wed Sep 08 18:59:50 UTC 2021 /home/travis/build/icyphy/ptII/ptolemy/actor/lib/test/auto/arrayType25.xml
----------------- Instantiating /home/travis/build/icyphy/ptII/ptolemy/actor/lib/test/auto/arrayType25.xml
2 ms. Memory: 533504K Free: 274300K (51%)
----------------- Invoking toplevel() on ptolemy.moml.MoMLSimpleApplication@689476a4
----------------- Done invoking toplevel() on ptolemy.moml.MoMLSimpleApplication@689476a4
reloadAllAccessors: .arrayType25

===========================================================================================
----------------- testing Wed Sep 08 18:59:50 UTC 2021 /home/travis/build/icyphy/ptII/ptolemy/actor/lib/test/auto/arrayType26.xml
----------------- Instantiating /home/travis/build/icyphy/ptII/ptolemy/actor/lib/test/auto/arrayType26.xml
1 ms. Memory: 533504K Free: 268670K (50%)
----------------- Invoking toplevel() on ptolemy.moml.MoMLSimpleApplication@103eb53
----------------- Done invoking toplevel() on ptolemy.moml.MoMLSimpleApplication@103eb53
reloadAllAccessors: .arrayType26

===========================================================================================
----------------- testing Wed Sep 08 18:59:50 UTC 2021 /home/travis/build/icyphy/ptII/ptolemy/actor/lib/test/auto/arrayType27.xml
----------------- Instantiating /home/travis/build/icyphy/ptII/ptolemy/actor/lib/test/auto/arrayType27.xml
1 ms. Memory: 533504K Free: 263550K (49%)
----------------- Invoking toplevel() on ptolemy.moml.MoMLSimpleApplication@65dff212
----------------- Done invoking toplevel() on ptolemy.moml.MoMLSimpleApplication@65dff212
reloadAllAccessors: .arrayType27

===========================================================================================
----------------- testing Wed Sep 08 18:59:50 UTC 2021 /home/travis/build/icyphy/ptII/ptolemy/actor/lib/test/auto/arrayType28.xml
----------------- Instantiating /home/travis/build/icyphy/ptII/ptolemy/actor/lib/test/auto/arrayType28.xml
7 ms. Memory: 533504K Free: 258430K (48%)
----------------- Invoking toplevel() on ptolemy.moml.MoMLSimpleApplication@23e4c230
----------------- Done invoking toplevel() on ptolemy.moml.MoMLSimpleApplication@23e4c230
reloadAllAccessors: .arrayType28

===========================================================================================
----------------- testing Wed Sep 08 18:59:50 UTC 2021 /home/travis/build/icyphy/ptII/ptolemy/actor/lib/test/auto/arrayType3.xml
----------------- Instantiating /home/travis/build/icyphy/ptII/ptolemy/actor/lib/test/auto/arrayType3.xml
2 ms. Memory: 533504K Free: 252796K (47%)
----------------- Invoking toplevel() on ptolemy.moml.MoMLSimpleApplication@1e36f632
----------------- Done invoking toplevel() on ptolemy.moml.MoMLSimpleApplication@1e36f632
reloadAllAccessors: .arrayType3

===========================================================================================
----------------- testing Wed Sep 08 18:59:50 UTC 2021 /home/travis/build/icyphy/ptII/ptolemy/actor/lib/test/auto/arrayType4.xml
----------------- Instantiating /home/travis/build/icyphy/ptII/ptolemy/actor/lib/test/auto/arrayType4.xml
2 ms. Memory: 533504K Free: 247676K (46%)
----------------- Invoking toplevel() on ptolemy.moml.MoMLSimpleApplication@278fb1b8
----------------- Done invoking toplevel() on ptolemy.moml.MoMLSimpleApplication@278fb1b8
reloadAllAccessors: .arrayType4

===========================================================================================
----------------- testing Wed Sep 08 18:59:50 UTC 2021 /home/travis/build/icyphy/ptII/ptolemy/actor/lib/test/auto/arrayType5.xml
----------------- Instantiating /home/travis/build/icyphy/ptII/ptolemy/actor/lib/test/auto/arrayType5.xml
6 ms. Memory: 533504K Free: 242556K (45%)
----------------- Invoking toplevel() on ptolemy.moml.MoMLSimpleApplication@3531b71b
----------------- Done invoking toplevel() on ptolemy.moml.MoMLSimpleApplication@3531b71b
reloadAllAccessors: .arrayType5

===========================================================================================
----------------- testing Wed Sep 08 18:59:50 UTC 2021 /home/travis/build/icyphy/ptII/ptolemy/actor/lib/test/auto/arrayType6.xml
----------------- Instantiating /home/travis/build/icyphy/ptII/ptolemy/actor/lib/test/auto/arrayType6.xml
1 ms. Memory: 533504K Free: 237436K (45%)
----------------- Invoking toplevel() on ptolemy.moml.MoMLSimpleApplication@54d8a6a0
----------------- Done invoking toplevel() on ptolemy.moml.MoMLSimpleApplication@54d8a6a0
reloadAllAccessors: .arrayType6

===========================================================================================
----------------- testing Wed Sep 08 18:59:50 UTC 2021 /home/travis/build/icyphy/ptII/ptolemy/actor/lib/test/auto/arrayType7.xml
----------------- Instantiating /home/travis/build/icyphy/ptII/ptolemy/actor/lib/test/auto/arrayType7.xml
2 ms. Memory: 533504K Free: 232830K (44%)
----------------- Invoking toplevel() on ptolemy.moml.MoMLSimpleApplication@56b15d7d
----------------- Done invoking toplevel() on ptolemy.moml.MoMLSimpleApplication@56b15d7d
reloadAllAccessors: .arrayType7

===========================================================================================
----------------- testing Wed Sep 08 18:59:50 UTC 2021 /home/travis/build/icyphy/ptII/ptolemy/actor/lib/test/auto/arrayType8.xml
----------------- Instantiating /home/travis/build/icyphy/ptII/ptolemy/actor/lib/test/auto/arrayType8.xml
1 ms. Memory: 533504K Free: 228205K (43%)
----------------- Invoking toplevel() on ptolemy.moml.MoMLSimpleApplication@74df3136
----------------- Done invoking toplevel() on ptolemy.moml.MoMLSimpleApplication@74df3136
reloadAllAccessors: .arrayType8

===========================================================================================
----------------- testing Wed Sep 08 18:59:50 UTC 2021 /home/travis/build/icyphy/ptII/ptolemy/actor/lib/test/auto/arrayType9.xml
----------------- Instantiating /home/travis/build/icyphy/ptII/ptolemy/actor/lib/test/auto/arrayType9.xml
1 ms. Memory: 533504K Free: 223100K (42%)
----------------- Invoking toplevel() on ptolemy.moml.MoMLSimpleApplication@3571bbc9
----------------- Done invoking toplevel() on ptolemy.moml.MoMLSimpleApplication@3571bbc9
reloadAllAccessors: .arrayType9

===========================================================================================
----------------- testing Wed Sep 08 18:59:50 UTC 2021 /home/travis/build/icyphy/ptII/ptolemy/actor/lib/test/auto/cast.xml
----------------- Instantiating /home/travis/build/icyphy/ptII/ptolemy/actor/lib/test/auto/cast.xml
2 ms. Memory: 533504K Free: 218494K (41%)
----------------- Invoking toplevel() on ptolemy.moml.MoMLSimpleApplication@24fdacc9
----------------- Done invoking toplevel() on ptolemy.moml.MoMLSimpleApplication@24fdacc9
reloadAllAccessors: .cast

===========================================================================================
----------------- testing Wed Sep 08 18:59:50 UTC 2021 /home/travis/build/icyphy/ptII/ptolemy/actor/lib/test/auto/compositeMultiPort.xml
----------------- Instantiating /home/travis/build/icyphy/ptII/ptolemy/actor/lib/test/auto/compositeMultiPort.xml
3 ms. Memory: 533504K Free: 209773K (39%)
----------------- Invoking toplevel() on ptolemy.moml.MoMLSimpleApplication@3e9a4266
----------------- Done invoking toplevel() on ptolemy.moml.MoMLSimpleApplication@3e9a4266
reloadAllAccessors: .compositeMultiPort

===========================================================================================
----------------- testing Wed Sep 08 18:59:50 UTC 2021 /home/travis/build/icyphy/ptII/ptolemy/actor/lib/test/auto/expressionCastInference.xml
----------------- Instantiating /home/travis/build/icyphy/ptII/ptolemy/actor/lib/test/auto/expressionCastInference.xml
2 ms. Memory: 533504K Free: 204668K (38%)
----------------- Invoking toplevel() on ptolemy.moml.MoMLSimpleApplication@5feb5e77
----------------- Done invoking toplevel() on ptolemy.moml.MoMLSimpleApplication@5feb5e77
reloadAllAccessors: .expressionCastInference

===========================================================================================
----------------- testing Wed Sep 08 18:59:50 UTC 2021 /home/travis/build/icyphy/ptII/ptolemy/actor/lib/test/auto/expressionCastInference2.xml
----------------- Instantiating /home/travis/build/icyphy/ptII/ptolemy/actor/lib/test/auto/expressionCastInference2.xml
1 ms. Memory: 533504K Free: 200062K (37%)
----------------- Invoking toplevel() on ptolemy.moml.MoMLSimpleApplication@99f0daa
----------------- Done invoking toplevel() on ptolemy.moml.MoMLSimpleApplication@99f0daa
reloadAllAccessors: .expressionCastInference2

===========================================================================================
----------------- testing Wed Sep 08 18:59:50 UTC 2021 /home/travis/build/icyphy/ptII/ptolemy/actor/lib/test/auto/expressionInference.xml
----------------- Instantiating /home/travis/build/icyphy/ptII/ptolemy/actor/lib/test/auto/expressionInference.xml
1 ms. Memory: 533504K Free: 195452K (37%)
----------------- Invoking toplevel() on ptolemy.moml.MoMLSimpleApplication@361865bc
----------------- Done invoking toplevel() on ptolemy.moml.MoMLSimpleApplication@361865bc
reloadAllAccessors: .expressionInference

===========================================================================================
----------------- testing Wed Sep 08 18:59:50 UTC 2021 /home/travis/build/icyphy/ptII/ptolemy/actor/lib/test/auto/expression_bug.xml
----------------- Instantiating /home/travis/build/icyphy/ptII/ptolemy/actor/lib/test/auto/expression_bug.xml
1 ms. Memory: 533504K Free: 191356K (36%)
----------------- Invoking toplevel() on ptolemy.moml.MoMLSimpleApplication@790d79b
----------------- Done invoking toplevel() on ptolemy.moml.MoMLSimpleApplication@790d79b
reloadAllAccessors: .expression_bug

===========================================================================================
----------------- testing Wed Sep 08 18:59:50 UTC 2021 /home/travis/build/icyphy/ptII/ptolemy/actor/lib/test/auto/factorial.xml
----------------- Instantiating /home/travis/build/icyphy/ptII/ptolemy/actor/lib/test/auto/factorial.xml
34 ms. Memory: 533504K Free: 183164K (34%)
----------------- Invoking toplevel() on ptolemy.moml.MoMLSimpleApplication@759eee71
----------------- Done invoking toplevel() on ptolemy.moml.MoMLSimpleApplication@759eee71
reloadAllAccessors: .factorial

===========================================================================================
----------------- testing Wed Sep 08 18:59:50 UTC 2021 /home/travis/build/icyphy/ptII/ptolemy/actor/lib/test/auto/filterTest1.xml
----------------- Instantiating /home/travis/build/icyphy/ptII/ptolemy/actor/lib/test/auto/filterTest1.xml
3 ms. Memory: 533504K Free: 177005K (33%)
----------------- Invoking toplevel() on ptolemy.moml.MoMLSimpleApplication@2516b8f6
----------------- Done invoking toplevel() on ptolemy.moml.MoMLSimpleApplication@2516b8f6
reloadAllAccessors: .filterTest1

===========================================================================================
----------------- testing Wed Sep 08 18:59:50 UTC 2021 /home/travis/build/icyphy/ptII/ptolemy/actor/lib/test/auto/funcApplyInConst.xml
----------------- Instantiating /home/travis/build/icyphy/ptII/ptolemy/actor/lib/test/auto/funcApplyInConst.xml
1 ms. Memory: 533504K Free: 173438K (33%)
----------------- Invoking toplevel() on ptolemy.moml.MoMLSimpleApplication@7dfab984
----------------- Done invoking toplevel() on ptolemy.moml.MoMLSimpleApplication@7dfab984
reloadAllAccessors: .funcApplyInConst

===========================================================================================
----------------- testing Wed Sep 08 18:59:50 UTC 2021 /home/travis/build/icyphy/ptII/ptolemy/actor/lib/test/auto/funcApplyInExpr.xml
----------------- Instantiating /home/travis/build/icyphy/ptII/ptolemy/actor/lib/test/auto/funcApplyInExpr.xml
1 ms. Memory: 533504K Free: 169342K (32%)
----------------- Invoking toplevel() on ptolemy.moml.MoMLSimpleApplication@2c5ea4dd
----------------- Done invoking toplevel() on ptolemy.moml.MoMLSimpleApplication@2c5ea4dd
reloadAllAccessors: .funcApplyInExpr

===========================================================================================
----------------- testing Wed Sep 08 18:59:50 UTC 2021 /home/travis/build/icyphy/ptII/ptolemy/actor/lib/test/auto/function.xml
----------------- Instantiating /home/travis/build/icyphy/ptII/ptolemy/actor/lib/test/auto/function.xml
16 ms. Memory: 533504K Free: 477684K (90%)
----------------- Invoking toplevel() on ptolemy.moml.MoMLSimpleApplication@350e78ee
----------------- Done invoking toplevel() on ptolemy.moml.MoMLSimpleApplication@350e78ee
reloadAllAccessors: .function

===========================================================================================
----------------- testing Wed Sep 08 18:59:50 UTC 2021 /home/travis/build/icyphy/ptII/ptolemy/actor/lib/test/auto/function2.xml
----------------- Instantiating /home/travis/build/icyphy/ptII/ptolemy/actor/lib/test/auto/function2.xml
2 ms. Memory: 533504K Free: 472064K (88%)
----------------- Invoking toplevel() on ptolemy.moml.MoMLSimpleApplication@4c6a7f6
----------------- Done invoking toplevel() on ptolemy.moml.MoMLSimpleApplication@4c6a7f6
reloadAllAccessors: .function2

===========================================================================================
----------------- testing Wed Sep 08 18:59:50 UTC 2021 /home/travis/build/icyphy/ptII/ptolemy/actor/lib/test/auto/function3.xml
----------------- Instantiating /home/travis/build/icyphy/ptII/ptolemy/actor/lib/test/auto/function3.xml
1 ms. Memory: 533504K Free: 467968K (88%)
----------------- Invoking toplevel() on ptolemy.moml.MoMLSimpleApplication@151a6884
----------------- Done invoking toplevel() on ptolemy.moml.MoMLSimpleApplication@151a6884
reloadAllAccessors: .function3

===========================================================================================
----------------- testing Wed Sep 08 18:59:50 UTC 2021 /home/travis/build/icyphy/ptII/ptolemy/actor/lib/test/auto/functionClosureTest1.xml
----------------- Instantiating /home/travis/build/icyphy/ptII/ptolemy/actor/lib/test/auto/functionClosureTest1.xml
2 ms. Memory: 533504K Free: 462334K (87%)
----------------- Invoking toplevel() on ptolemy.moml.MoMLSimpleApplication@5cc4df8
----------------- Done invoking toplevel() on ptolemy.moml.MoMLSimpleApplication@5cc4df8
reloadAllAccessors: .functionClosureTest1

===========================================================================================
----------------- testing Wed Sep 08 18:59:50 UTC 2021 /home/travis/build/icyphy/ptII/ptolemy/actor/lib/test/auto/functionClosureTest2.xml
----------------- Instantiating /home/travis/build/icyphy/ptII/ptolemy/actor/lib/test/auto/functionClosureTest2.xml
2 ms. Memory: 533504K Free: 458238K (86%)
----------------- Invoking toplevel() on ptolemy.moml.MoMLSimpleApplication@35f155da
----------------- Done invoking toplevel() on ptolemy.moml.MoMLSimpleApplication@35f155da
reloadAllAccessors: .functionClosureTest2

===========================================================================================
----------------- testing Wed Sep 08 18:59:50 UTC 2021 /home/travis/build/icyphy/ptII/ptolemy/actor/lib/test/auto/functionClosureTest3.xml
----------------- Instantiating /home/travis/build/icyphy/ptII/ptolemy/actor/lib/test/auto/functionClosureTest3.xml
2 ms. Memory: 533504K Free: 452608K (85%)
----------------- Invoking toplevel() on ptolemy.moml.MoMLSimpleApplication@5256cd87
----------------- Done invoking toplevel() on ptolemy.moml.MoMLSimpleApplication@5256cd87
reloadAllAccessors: .functionClosureTest3

===========================================================================================
----------------- testing Wed Sep 08 18:59:50 UTC 2021 /home/travis/build/icyphy/ptII/ptolemy/actor/lib/test/auto/functionClosureTest4.xml
----------------- Instantiating /home/travis/build/icyphy/ptII/ptolemy/actor/lib/test/auto/functionClosureTest4.xml
3 ms. Memory: 533504K Free: 446464K (84%)
----------------- Invoking toplevel() on ptolemy.moml.MoMLSimpleApplication@53be1fc2
----------------- Done invoking toplevel() on ptolemy.moml.MoMLSimpleApplication@53be1fc2
reloadAllAccessors: .functionClosureTest4

===========================================================================================
----------------- testing Wed Sep 08 18:59:50 UTC 2021 /home/travis/build/icyphy/ptII/ptolemy/actor/lib/test/auto/functionClosureTest5.xml
----------------- Instantiating /home/travis/build/icyphy/ptII/ptolemy/actor/lib/test/auto/functionClosureTest5.xml
4 ms. Memory: 533504K Free: 440815K (83%)
----------------- Invoking toplevel() on ptolemy.moml.MoMLSimpleApplication@1da84313
----------------- Done invoking toplevel() on ptolemy.moml.MoMLSimpleApplication@1da84313
reloadAllAccessors: .functionClosureTest5

===========================================================================================
----------------- testing Wed Sep 08 18:59:50 UTC 2021 /home/travis/build/icyphy/ptII/ptolemy/actor/lib/test/auto/functionClosureTest6.xml
----------------- Instantiating /home/travis/build/icyphy/ptII/ptolemy/actor/lib/test/auto/functionClosureTest6.xml
2 ms. Memory: 533504K Free: 436224K (82%)
----------------- Invoking toplevel() on ptolemy.moml.MoMLSimpleApplication@46df15ce
----------------- Done invoking toplevel() on ptolemy.moml.MoMLSimpleApplication@46df15ce
reloadAllAccessors: .functionClosureTest6

===========================================================================================
----------------- testing Wed Sep 08 18:59:50 UTC 2021 /home/travis/build/icyphy/ptII/ptolemy/actor/lib/test/auto/functionsOnArcs.xml
----------------- Instantiating /home/travis/build/icyphy/ptII/ptolemy/actor/lib/test/auto/functionsOnArcs.xml
2 ms. Memory: 533504K Free: 430590K (81%)
----------------- Invoking toplevel() on ptolemy.moml.MoMLSimpleApplication@50c6f855
----------------- Done invoking toplevel() on ptolemy.moml.MoMLSimpleApplication@50c6f855
reloadAllAccessors: .functionsOnArcs

===========================================================================================
----------------- testing Wed Sep 08 18:59:50 UTC 2021 /home/travis/build/icyphy/ptII/ptolemy/actor/lib/test/auto/functionsOnArcsHOF.xml
----------------- Instantiating /home/travis/build/icyphy/ptII/ptolemy/actor/lib/test/auto/functionsOnArcsHOF.xml
3 ms. Memory: 533504K Free: 424960K (80%)
----------------- Invoking toplevel() on ptolemy.moml.MoMLSimpleApplication@2c3c2756
----------------- Done invoking toplevel() on ptolemy.moml.MoMLSimpleApplication@2c3c2756
reloadAllAccessors: .functionsOnArcsHOF

===========================================================================================
----------------- testing Wed Sep 08 18:59:50 UTC 2021 /home/travis/build/icyphy/ptII/ptolemy/actor/lib/test/auto/logic.xml
----------------- Instantiating /home/travis/build/icyphy/ptII/ptolemy/actor/lib/test/auto/logic.xml
1 ms. Memory: 533504K Free: 417278K (78%)
----------------- Invoking toplevel() on ptolemy.moml.MoMLSimpleApplication@6600e961
----------------- Done invoking toplevel() on ptolemy.moml.MoMLSimpleApplication@6600e961
reloadAllAccessors: .logic

===========================================================================================
----------------- testing Wed Sep 08 18:59:50 UTC 2021 /home/travis/build/icyphy/ptII/ptolemy/actor/lib/test/auto/matrixType.xml
----------------- Instantiating /home/travis/build/icyphy/ptII/ptolemy/actor/lib/test/auto/matrixType.xml
2 ms. Memory: 533504K Free: 412158K (77%)
----------------- Invoking toplevel() on ptolemy.moml.MoMLSimpleApplication@137e2daf
----------------- Done invoking toplevel() on ptolemy.moml.MoMLSimpleApplication@137e2daf
reloadAllAccessors: .matrixType

===========================================================================================
----------------- testing Wed Sep 08 18:59:51 UTC 2021 /home/travis/build/icyphy/ptII/ptolemy/actor/lib/test/auto/matrixType10.xml
----------------- Instantiating /home/travis/build/icyphy/ptII/ptolemy/actor/lib/test/auto/matrixType10.xml
3 ms. Memory: 533504K Free: 407552K (76%)
----------------- Invoking toplevel() on ptolemy.moml.MoMLSimpleApplication@8393d69
----------------- Done invoking toplevel() on ptolemy.moml.MoMLSimpleApplication@8393d69
reloadAllAccessors: .matrixType10

===========================================================================================
----------------- testing Wed Sep 08 18:59:51 UTC 2021 /home/travis/build/icyphy/ptII/ptolemy/actor/lib/test/auto/matrixType11.xml
----------------- Instantiating /home/travis/build/icyphy/ptII/ptolemy/actor/lib/test/auto/matrixType11.xml
1 ms. Memory: 533504K Free: 402432K (75%)
----------------- Invoking toplevel() on ptolemy.moml.MoMLSimpleApplication@787e0d89
----------------- Done invoking toplevel() on ptolemy.moml.MoMLSimpleApplication@787e0d89
reloadAllAccessors: .matrixType11

===========================================================================================
----------------- testing Wed Sep 08 18:59:51 UTC 2021 /home/travis/build/icyphy/ptII/ptolemy/actor/lib/test/auto/matrixType12.xml
----------------- Instantiating /home/travis/build/icyphy/ptII/ptolemy/actor/lib/test/auto/matrixType12.xml
2 ms. Memory: 533504K Free: 397822K (75%)
----------------- Invoking toplevel() on ptolemy.moml.MoMLSimpleApplication@5c8ca095
----------------- Done invoking toplevel() on ptolemy.moml.MoMLSimpleApplication@5c8ca095
reloadAllAccessors: .matrixType12

===========================================================================================
----------------- testing Wed Sep 08 18:59:51 UTC 2021 /home/travis/build/icyphy/ptII/ptolemy/actor/lib/test/auto/matrixType13.xml
----------------- Instantiating /home/travis/build/icyphy/ptII/ptolemy/actor/lib/test/auto/matrixType13.xml
2 ms. Memory: 533504K Free: 392702K (74%)
----------------- Invoking toplevel() on ptolemy.moml.MoMLSimpleApplication@7a407be2
----------------- Done invoking toplevel() on ptolemy.moml.MoMLSimpleApplication@7a407be2
reloadAllAccessors: .matrixType13

===========================================================================================
----------------- testing Wed Sep 08 18:59:51 UTC 2021 /home/travis/build/icyphy/ptII/ptolemy/actor/lib/test/auto/matrixType14.xml
----------------- Instantiating /home/travis/build/icyphy/ptII/ptolemy/actor/lib/test/auto/matrixType14.xml
1 ms. Memory: 533504K Free: 387582K (73%)
----------------- Invoking toplevel() on ptolemy.moml.MoMLSimpleApplication@1edcd49e
----------------- Done invoking toplevel() on ptolemy.moml.MoMLSimpleApplication@1edcd49e
reloadAllAccessors: .matrixType14

===========================================================================================
----------------- testing Wed Sep 08 18:59:51 UTC 2021 /home/travis/build/icyphy/ptII/ptolemy/actor/lib/test/auto/matrixType2.xml
----------------- Instantiating /home/travis/build/icyphy/ptII/ptolemy/actor/lib/test/auto/matrixType2.xml
2 ms. Memory: 533504K Free: 382462K (72%)
----------------- Invoking toplevel() on ptolemy.moml.MoMLSimpleApplication@1f518e2d
----------------- Done invoking toplevel() on ptolemy.moml.MoMLSimpleApplication@1f518e2d
reloadAllAccessors: .matrixType2

===========================================================================================
----------------- testing Wed Sep 08 18:59:51 UTC 2021 /home/travis/build/icyphy/ptII/ptolemy/actor/lib/test/auto/matrixType3.xml
----------------- Instantiating /home/travis/build/icyphy/ptII/ptolemy/actor/lib/test/auto/matrixType3.xml
4 ms. Memory: 533504K Free: 377856K (71%)
----------------- Invoking toplevel() on ptolemy.moml.MoMLSimpleApplication@78828953
----------------- Done invoking toplevel() on ptolemy.moml.MoMLSimpleApplication@78828953
reloadAllAccessors: .matrixType3

===========================================================================================
----------------- testing Wed Sep 08 18:59:51 UTC 2021 /home/travis/build/icyphy/ptII/ptolemy/actor/lib/test/auto/matrixType4.xml
----------------- Instantiating /home/travis/build/icyphy/ptII/ptolemy/actor/lib/test/auto/matrixType4.xml
1 ms. Memory: 533504K Free: 372736K (70%)
----------------- Invoking toplevel() on ptolemy.moml.MoMLSimpleApplication@6cbbfd1
----------------- Done invoking toplevel() on ptolemy.moml.MoMLSimpleApplication@6cbbfd1
reloadAllAccessors: .matrixType4

===========================================================================================
----------------- testing Wed Sep 08 18:59:51 UTC 2021 /home/travis/build/icyphy/ptII/ptolemy/actor/lib/test/auto/matrixType5.xml
----------------- Instantiating /home/travis/build/icyphy/ptII/ptolemy/actor/lib/test/auto/matrixType5.xml
2 ms. Memory: 533504K Free: 368126K (69%)
----------------- Invoking toplevel() on ptolemy.moml.MoMLSimpleApplication@4d83cdcb
----------------- Done invoking toplevel() on ptolemy.moml.MoMLSimpleApplication@4d83cdcb
reloadAllAccessors: .matrixType5

===========================================================================================
----------------- testing Wed Sep 08 18:59:51 UTC 2021 /home/travis/build/icyphy/ptII/ptolemy/actor/lib/test/auto/matrixType6.xml
----------------- Instantiating /home/travis/build/icyphy/ptII/ptolemy/actor/lib/test/auto/matrixType6.xml
1 ms. Memory: 533504K Free: 363520K (68%)
----------------- Invoking toplevel() on ptolemy.moml.MoMLSimpleApplication@17f5ba5a
----------------- Done invoking toplevel() on ptolemy.moml.MoMLSimpleApplication@17f5ba5a
reloadAllAccessors: .matrixType6

===========================================================================================
----------------- testing Wed Sep 08 18:59:51 UTC 2021 /home/travis/build/icyphy/ptII/ptolemy/actor/lib/test/auto/matrixType7.xml
----------------- Instantiating /home/travis/build/icyphy/ptII/ptolemy/actor/lib/test/auto/matrixType7.xml
1 ms. Memory: 533504K Free: 358400K (67%)
----------------- Invoking toplevel() on ptolemy.moml.MoMLSimpleApplication@1c891512
----------------- Done invoking toplevel() on ptolemy.moml.MoMLSimpleApplication@1c891512
reloadAllAccessors: .matrixType7

===========================================================================================
----------------- testing Wed Sep 08 18:59:51 UTC 2021 /home/travis/build/icyphy/ptII/ptolemy/actor/lib/test/auto/matrixType8.xml
----------------- Instantiating /home/travis/build/icyphy/ptII/ptolemy/actor/lib/test/auto/matrixType8.xml
2 ms. Memory: 533504K Free: 353790K (66%)
----------------- Invoking toplevel() on ptolemy.moml.MoMLSimpleApplication@4b553afd
----------------- Done invoking toplevel() on ptolemy.moml.MoMLSimpleApplication@4b553afd
reloadAllAccessors: .matrixType8

===========================================================================================
----------------- testing Wed Sep 08 18:59:51 UTC 2021 /home/travis/build/icyphy/ptII/ptolemy/actor/lib/test/auto/matrixType9.xml
----------------- Instantiating /home/travis/build/icyphy/ptII/ptolemy/actor/lib/test/auto/matrixType9.xml
1 ms. Memory: 533504K Free: 348670K (65%)
----------------- Invoking toplevel() on ptolemy.moml.MoMLSimpleApplication@6a6aab0f
----------------- Done invoking toplevel() on ptolemy.moml.MoMLSimpleApplication@6a6aab0f
reloadAllAccessors: .matrixType9

===========================================================================================
----------------- testing Wed Sep 08 18:59:51 UTC 2021 /home/travis/build/icyphy/ptII/ptolemy/actor/lib/test/auto/paraFunctest.xml
----------------- Instantiating /home/travis/build/icyphy/ptII/ptolemy/actor/lib/test/auto/paraFunctest.xml
1 ms. Memory: 533504K Free: 345088K (65%)
----------------- Invoking toplevel() on ptolemy.moml.MoMLSimpleApplication@22c7d5d1
----------------- Done invoking toplevel() on ptolemy.moml.MoMLSimpleApplication@22c7d5d1
reloadAllAccessors: .paraFunctest

===========================================================================================
----------------- testing Wed Sep 08 18:59:51 UTC 2021 /home/travis/build/icyphy/ptII/ptolemy/actor/lib/test/auto/paraFunctest2.xml
----------------- Instantiating /home/travis/build/icyphy/ptII/ptolemy/actor/lib/test/auto/paraFunctest2.xml
1 ms. Memory: 533504K Free: 340478K (64%)
----------------- Invoking toplevel() on ptolemy.moml.MoMLSimpleApplication@31b7c4c9
----------------- Done invoking toplevel() on ptolemy.moml.MoMLSimpleApplication@31b7c4c9
reloadAllAccessors: .paraFunctest2

===========================================================================================
----------------- testing Wed Sep 08 18:59:51 UTC 2021 /home/travis/build/icyphy/ptII/ptolemy/actor/lib/test/auto/parameterPassing.xml
----------------- Instantiating /home/travis/build/icyphy/ptII/ptolemy/actor/lib/test/auto/parameterPassing.xml
1 ms. Memory: 533504K Free: 336382K (63%)
----------------- Invoking toplevel() on ptolemy.moml.MoMLSimpleApplication@62d8015d
----------------- Done invoking toplevel() on ptolemy.moml.MoMLSimpleApplication@62d8015d
reloadAllAccessors: .parameterPassing

===========================================================================================
----------------- testing Wed Sep 08 18:59:51 UTC 2021 /home/travis/build/icyphy/ptII/ptolemy/actor/lib/test/auto/record.xml
----------------- Instantiating /home/travis/build/icyphy/ptII/ptolemy/actor/lib/test/auto/record.xml
2 ms. Memory: 533504K Free: 331262K (62%)
----------------- Invoking toplevel() on ptolemy.moml.MoMLSimpleApplication@5061e211
----------------- Done invoking toplevel() on ptolemy.moml.MoMLSimpleApplication@5061e211
reloadAllAccessors: .record

===========================================================================================
----------------- testing Wed Sep 08 18:59:51 UTC 2021 /home/travis/build/icyphy/ptII/ptolemy/actor/lib/test/auto/sizedarray1.xml
----------------- Instantiating /home/travis/build/icyphy/ptII/ptolemy/actor/lib/test/auto/sizedarray1.xml
1 ms. Memory: 533504K Free: 326142K (61%)
----------------- Invoking toplevel() on ptolemy.moml.MoMLSimpleApplication@7af91719
----------------- Done invoking toplevel() on ptolemy.moml.MoMLSimpleApplication@7af91719
reloadAllAccessors: .sizedarray1

===========================================================================================
----------------- testing Wed Sep 08 18:59:51 UTC 2021 /home/travis/build/icyphy/ptII/ptolemy/actor/lib/test/auto/sizedarray2.xml
----------------- Instantiating /home/travis/build/icyphy/ptII/ptolemy/actor/lib/test/auto/sizedarray2.xml
3 ms. Memory: 533504K Free: 319998K (60%)
----------------- Invoking toplevel() on ptolemy.moml.MoMLSimpleApplication@35a67405
----------------- Done invoking toplevel() on ptolemy.moml.MoMLSimpleApplication@35a67405
reloadAllAccessors: .sizedarray2

===========================================================================================
----------------- testing Wed Sep 08 18:59:51 UTC 2021 /home/travis/build/icyphy/ptII/ptolemy/actor/lib/test/auto/twoPublishers.xml
----------------- Instantiating /home/travis/build/icyphy/ptII/ptolemy/actor/lib/test/auto/twoPublishers.xml
6 ms. Memory: 533504K Free: 309248K (58%)
----------------- Invoking toplevel() on ptolemy.moml.MoMLSimpleApplication@5bf56b9f
----------------- Done invoking toplevel() on ptolemy.moml.MoMLSimpleApplication@5bf56b9f
reloadAllAccessors: .twoPublishers
AutoTests.java: About to close Vertx.
AutoTests.java: Vertx closed.
]]></system-out>
  <system-err><![CDATA[java.lang.RuntimeException: Execution failed
	at ptolemy.moml.MoMLSimpleApplication$UnloadThread.run(MoMLSimpleApplication.java:402)
Caused by: java.lang.RuntimeException: StringUtilities.exit() was called. Normally, we would exit here because Manager.exitAfterWrapup() was called.  However, because the ptolemy.ptII.exitAfterWrapup property is set, we throw this exception instead.
	at ptolemy.util.StringUtilities.exit(StringUtilities.java:365)
	at ptolemy.actor.Manager.wrapup(Manager.java:1549)
	at ptolemy.actor.Manager.execute(Manager.java:407)
	at ptolemy.actor.Manager.run(Manager.java:1263)
	at ptolemy.actor.Manager$PtolemyRunThread.run(Manager.java:1933)
Warning: '.top.test' is in training mode, set the trainingMode parameter to false before checking in
Warning: '.top.test' is in training mode, set the trainingMode parameter to false before checking in
Warning: '.top.test' is in training mode, set the trainingMode parameter to false before checking in
Warning: '.BooleanSwitch_RegressionTest_WrongTrainingValues.Test' is in training mode, set the trainingMode parameter to false before checking in
Warning: '.BooleanSwitch_RegressionTest_WrongTrainingValues.Test2' is in training mode, set the trainingMode parameter to false before checking in
Warning: '.BooleanSwitch_RegressionTest_WrongTrainingValues.Test2' The test produced 0 tokens.
Warning: '.top.testExceptionHandler' is in training mode, set the trainingMode parameter to false before checking in
java.lang.RuntimeException: Execution failed
	at ptolemy.moml.MoMLSimpleApplication$UnloadThread.run(MoMLSimpleApplication.java:402)
Caused by: ptolemy.kernel.util.IllegalActionException: PublisherPorts cannot be used at the top level, use a Publisher actor instead.
  in .PublisherPortToplevelSubscriber.PublisherPort
	at ptolemy.actor.PublisherPort.preinitialize(PublisherPort.java:403)
	at ptolemy.actor.CompositeActor.preinitialize(CompositeActor.java:1769)
	at ptolemy.actor.Manager.preinitializeAndResolveTypes(Manager.java:1040)
	at ptolemy.actor.Manager.initialize(Manager.java:710)
	at ptolemy.actor.Manager.execute(Manager.java:356)
	at ptolemy.actor.Manager.run(Manager.java:1263)
	at ptolemy.actor.Manager$PtolemyRunThread.run(Manager.java:1933)
java.lang.reflect.InvocationTargetException
	at java.base/jdk.internal.reflect.NativeConstructorAccessorImpl.newInstance0(Native Method)
	at java.base/jdk.internal.reflect.NativeConstructorAccessorImpl.newInstance(NativeConstructorAccessorImpl.java:62)
	at java.base/jdk.internal.reflect.DelegatingConstructorAccessorImpl.newInstance(DelegatingConstructorAccessorImpl.java:45)
	at java.base/java.lang.reflect.Constructor.newInstance(Constructor.java:490)
	at ptolemy.util.test.junit.AutoKnownFailedTests.RunModel(AutoKnownFailedTests.java:105)
	at java.base/jdk.internal.reflect.NativeMethodAccessorImpl.invoke0(Native Method)
	at java.base/jdk.internal.reflect.NativeMethodAccessorImpl.invoke(NativeMethodAccessorImpl.java:62)
	at java.base/jdk.internal.reflect.DelegatingMethodAccessorImpl.invoke(DelegatingMethodAccessorImpl.java:43)
	at java.base/java.lang.reflect.Method.invoke(Method.java:566)
	at org.junit.runners.model.FrameworkMethod$1.runReflectiveCall(FrameworkMethod.java:44)
	at org.junit.internal.runners.model.ReflectiveCallable.run(ReflectiveCallable.java:15)
	at org.junit.runners.model.FrameworkMethod.invokeExplosively(FrameworkMethod.java:41)
	at junitparams.internal.InvokeParameterisedMethod.evaluate(InvokeParameterisedMethod.java:102)
	at org.junit.internal.runners.statements.FailOnTimeout$1.run(FailOnTimeout.java:28)
Caused by: ptolemy.kernel.util.IllegalActionException: PublisherPorts cannot be used at the top level, use a Publisher actor instead.
  in .PublisherPortToplevelSubscriber.PublisherPort
	at ptolemy.actor.PublisherPort.preinitialize(PublisherPort.java:403)
	at ptolemy.actor.CompositeActor.preinitialize(CompositeActor.java:1769)
	at ptolemy.actor.Manager.preinitializeAndResolveTypes(Manager.java:1040)
	at ptolemy.actor.Manager.initialize(Manager.java:710)
	at ptolemy.actor.Manager.execute(Manager.java:356)
	at ptolemy.actor.Manager.run(Manager.java:1263)
	at ptolemy.actor.Manager$PtolemyRunThread.run(Manager.java:1933)
java.lang.RuntimeException: Execution failed
	at ptolemy.moml.MoMLSimpleApplication$UnloadThread.run(MoMLSimpleApplication.java:402)
Caused by: ptolemy.kernel.util.IllegalActionException: SubscriberPorts cannot be used at the top level, use a Subscriber actor instead.
  in .PublisherSubscriberPortToplevel.SubscriberPort
	at ptolemy.actor.SubscriberPort.preinitialize(SubscriberPort.java:328)
	at ptolemy.actor.CompositeActor.preinitialize(CompositeActor.java:1769)
	at ptolemy.actor.Manager.preinitializeAndResolveTypes(Manager.java:1040)
	at ptolemy.actor.Manager.initialize(Manager.java:710)
	at ptolemy.actor.Manager.execute(Manager.java:356)
	at ptolemy.actor.Manager.run(Manager.java:1263)
	at ptolemy.actor.Manager$PtolemyRunThread.run(Manager.java:1933)
java.lang.reflect.InvocationTargetException
	at java.base/jdk.internal.reflect.NativeConstructorAccessorImpl.newInstance0(Native Method)
	at java.base/jdk.internal.reflect.NativeConstructorAccessorImpl.newInstance(NativeConstructorAccessorImpl.java:62)
	at java.base/jdk.internal.reflect.DelegatingConstructorAccessorImpl.newInstance(DelegatingConstructorAccessorImpl.java:45)
	at java.base/java.lang.reflect.Constructor.newInstance(Constructor.java:490)
	at ptolemy.util.test.junit.AutoKnownFailedTests.RunModel(AutoKnownFailedTests.java:105)
	at java.base/jdk.internal.reflect.NativeMethodAccessorImpl.invoke0(Native Method)
	at java.base/jdk.internal.reflect.NativeMethodAccessorImpl.invoke(NativeMethodAccessorImpl.java:62)
	at java.base/jdk.internal.reflect.DelegatingMethodAccessorImpl.invoke(DelegatingMethodAccessorImpl.java:43)
	at java.base/java.lang.reflect.Method.invoke(Method.java:566)
	at org.junit.runners.model.FrameworkMethod$1.runReflectiveCall(FrameworkMethod.java:44)
	at org.junit.internal.runners.model.ReflectiveCallable.run(ReflectiveCallable.java:15)
	at org.junit.runners.model.FrameworkMethod.invokeExplosively(FrameworkMethod.java:41)
	at junitparams.internal.InvokeParameterisedMethod.evaluate(InvokeParameterisedMethod.java:102)
	at org.junit.internal.runners.statements.FailOnTimeout$1.run(FailOnTimeout.java:28)
Caused by: ptolemy.kernel.util.IllegalActionException: SubscriberPorts cannot be used at the top level, use a Subscriber actor instead.
  in .PublisherSubscriberPortToplevel.SubscriberPort
	at ptolemy.actor.SubscriberPort.preinitialize(SubscriberPort.java:328)
	at ptolemy.actor.CompositeActor.preinitialize(CompositeActor.java:1769)
	at ptolemy.actor.Manager.preinitializeAndResolveTypes(Manager.java:1040)
	at ptolemy.actor.Manager.initialize(Manager.java:710)
	at ptolemy.actor.Manager.execute(Manager.java:356)
	at ptolemy.actor.Manager.run(Manager.java:1263)
	at ptolemy.actor.Manager$PtolemyRunThread.run(Manager.java:1933)
java.lang.RuntimeException: Execution failed
	at ptolemy.moml.MoMLSimpleApplication$UnloadThread.run(MoMLSimpleApplication.java:402)
Caused by: ptolemy.kernel.util.IllegalActionException: SubscriptionAggregatorPorts cannot be used at the top level, use a SubscriptionAggregator actor instead.
  in .PublisherSubscriptionAggregatorPort.SubscriptionAggregatorPort
	at ptolemy.actor.SubscriptionAggregatorPort.preinitialize(SubscriptionAggregatorPort.java:353)
	at ptolemy.actor.CompositeActor.preinitialize(CompositeActor.java:1769)
	at ptolemy.actor.Manager.preinitializeAndResolveTypes(Manager.java:1040)
	at ptolemy.actor.Manager.initialize(Manager.java:710)
	at ptolemy.actor.Manager.execute(Manager.java:356)
	at ptolemy.actor.Manager.run(Manager.java:1263)
	at ptolemy.actor.Manager$PtolemyRunThread.run(Manager.java:1933)
java.lang.reflect.InvocationTargetException
	at java.base/jdk.internal.reflect.NativeConstructorAccessorImpl.newInstance0(Native Method)
	at java.base/jdk.internal.reflect.NativeConstructorAccessorImpl.newInstance(NativeConstructorAccessorImpl.java:62)
	at java.base/jdk.internal.reflect.DelegatingConstructorAccessorImpl.newInstance(DelegatingConstructorAccessorImpl.java:45)
	at java.base/java.lang.reflect.Constructor.newInstance(Constructor.java:490)
	at ptolemy.util.test.junit.AutoKnownFailedTests.RunModel(AutoKnownFailedTests.java:105)
	at java.base/jdk.internal.reflect.NativeMethodAccessorImpl.invoke0(Native Method)
	at java.base/jdk.internal.reflect.NativeMethodAccessorImpl.invoke(NativeMethodAccessorImpl.java:62)
	at java.base/jdk.internal.reflect.DelegatingMethodAccessorImpl.invoke(DelegatingMethodAccessorImpl.java:43)
	at java.base/java.lang.reflect.Method.invoke(Method.java:566)
	at org.junit.runners.model.FrameworkMethod$1.runReflectiveCall(FrameworkMethod.java:44)
	at org.junit.internal.runners.model.ReflectiveCallable.run(ReflectiveCallable.java:15)
	at org.junit.runners.model.FrameworkMethod.invokeExplosively(FrameworkMethod.java:41)
	at junitparams.internal.InvokeParameterisedMethod.evaluate(InvokeParameterisedMethod.java:102)
	at org.junit.internal.runners.statements.FailOnTimeout$1.run(FailOnTimeout.java:28)
Caused by: ptolemy.kernel.util.IllegalActionException: SubscriptionAggregatorPorts cannot be used at the top level, use a SubscriptionAggregator actor instead.
  in .PublisherSubscriptionAggregatorPort.SubscriptionAggregatorPort
	at ptolemy.actor.SubscriptionAggregatorPort.preinitialize(SubscriptionAggregatorPort.java:353)
	at ptolemy.actor.CompositeActor.preinitialize(CompositeActor.java:1769)
	at ptolemy.actor.Manager.preinitializeAndResolveTypes(Manager.java:1040)
	at ptolemy.actor.Manager.initialize(Manager.java:710)
	at ptolemy.actor.Manager.execute(Manager.java:356)
	at ptolemy.actor.Manager.run(Manager.java:1263)
	at ptolemy.actor.Manager$PtolemyRunThread.run(Manager.java:1933)
java.lang.RuntimeException: Execution failed
	at ptolemy.moml.MoMLSimpleApplication$UnloadThread.run(MoMLSimpleApplication.java:402)
Caused by: ptolemy.kernel.util.IllegalActionException: TypeTest actor has no training data.
  in .sizedarray3.TypeTest
	at ptolemy.actor.lib.TypeTest.initialize(TypeTest.java:250)
	at ptolemy.actor.Director.initialize(Director.java:938)
	at ptolemy.actor.Director.initialize(Director.java:907)
	at ptolemy.actor.sched.StaticSchedulingDirector.initialize(StaticSchedulingDirector.java:159)
	at ptolemy.domains.sdf.kernel.SDFDirector.initialize(SDFDirector.java:544)
	at ptolemy.actor.CompositeActor.initialize(CompositeActor.java:935)
	at ptolemy.actor.Manager.initialize(Manager.java:724)
	at ptolemy.actor.Manager.execute(Manager.java:356)
	at ptolemy.actor.Manager.run(Manager.java:1263)
	at ptolemy.actor.Manager$PtolemyRunThread.run(Manager.java:1933)
java.lang.reflect.InvocationTargetException
	at java.base/jdk.internal.reflect.NativeConstructorAccessorImpl.newInstance0(Native Method)
	at java.base/jdk.internal.reflect.NativeConstructorAccessorImpl.newInstance(NativeConstructorAccessorImpl.java:62)
	at java.base/jdk.internal.reflect.DelegatingConstructorAccessorImpl.newInstance(DelegatingConstructorAccessorImpl.java:45)
	at java.base/java.lang.reflect.Constructor.newInstance(Constructor.java:490)
	at ptolemy.util.test.junit.AutoKnownFailedTests.RunModel(AutoKnownFailedTests.java:105)
	at java.base/jdk.internal.reflect.NativeMethodAccessorImpl.invoke0(Native Method)
	at java.base/jdk.internal.reflect.NativeMethodAccessorImpl.invoke(NativeMethodAccessorImpl.java:62)
	at java.base/jdk.internal.reflect.DelegatingMethodAccessorImpl.invoke(DelegatingMethodAccessorImpl.java:43)
	at java.base/java.lang.reflect.Method.invoke(Method.java:566)
	at org.junit.runners.model.FrameworkMethod$1.runReflectiveCall(FrameworkMethod.java:44)
	at org.junit.internal.runners.model.ReflectiveCallable.run(ReflectiveCallable.java:15)
	at org.junit.runners.model.FrameworkMethod.invokeExplosively(FrameworkMethod.java:41)
	at junitparams.internal.InvokeParameterisedMethod.evaluate(InvokeParameterisedMethod.java:102)
	at org.junit.internal.runners.statements.FailOnTimeout$1.run(FailOnTimeout.java:28)
Caused by: ptolemy.kernel.util.IllegalActionException: TypeTest actor has no training data.
  in .sizedarray3.TypeTest
	at ptolemy.actor.lib.TypeTest.initialize(TypeTest.java:250)
	at ptolemy.actor.Director.initialize(Director.java:938)
	at ptolemy.actor.Director.initialize(Director.java:907)
	at ptolemy.actor.sched.StaticSchedulingDirector.initialize(StaticSchedulingDirector.java:159)
	at ptolemy.domains.sdf.kernel.SDFDirector.initialize(SDFDirector.java:544)
	at ptolemy.actor.CompositeActor.initialize(CompositeActor.java:935)
	at ptolemy.actor.Manager.initialize(Manager.java:724)
	at ptolemy.actor.Manager.execute(Manager.java:356)
	at ptolemy.actor.Manager.run(Manager.java:1263)
	at ptolemy.actor.Manager$PtolemyRunThread.run(Manager.java:1933)
]]></system-err>
</testsuite>
