<?xml version="1.0" encoding="UTF-8" ?>
<testsuite errors="0" failures="0" hostname="travis-job-cfa564c8-a12f-45ff-a5b0-1976a584ef10" name="ptolemy.domains.de.test.junit.JUnitTclTest" skipped="0" tests="101" time="128.678" timestamp="2019-04-18T15:05:01">
  <properties>
    <property name="npm.executable" value="npm" />
    <property name="file.encoding.pkg" value="sun.io" />
    <property name="env.TRAVIS_ROOT" value="/" />
    <property name="ptII.mk.exists" value="true" />
    <property name="env.TRAVIS_APP_HOST" value="build.travis-ci.org" />
    <property name="env.rvm_bin_path" value="/home/travis/.rvm/bin" />
    <property name="java.home" value="/usr/lib/jvm/java-8-oracle/jre" />
    <property name="env.TRAVIS_JOB_NUMBER" value="1096.9" />
    <property name="env.TRAVIS_HOME" value="/home/travis" />
    <property name="env.DISPLAY" value=":99.0" />
    <property name="java.net.preferIPv4Stack" value="true" />
    <property name="env.TRAVIS_INIT" value="upstart" />
    <property name="env.SSH_TTY" value="/dev/pts/0" />
    <property name="env.RUN_TESTS" value="true" />
    <property name="timeout.short" value="1000000" />
    <property name="env.TRAVIS_JOB_NAME" value="" />
    <property name="env.TRAVIS_STACK_NODE_ATTRIBUTES" value="/.node-attributes.yml" />
    <property name="junit.formatter" value="xml" />
    <property name="java.endorsed.dirs" value="/usr/lib/jvm/java-8-oracle/jre/lib/endorsed" />
    <property name="env.TRAVIS_SUDO" value="true" />
    <property name="env.LOGNAME" value="travis" />
    <property name="jsdoc.home" value="node_modules/@terraswarm/jsdoc" />
    <property name="debuglevel" value="source,lines,vars" />
    <property name="checkstyle.formatter" value="xml" />
    <property name="bin.vergil.makeable" value="true" />
    <property name="env._system_version" value="14.04" />
    <property name="sun.os.patch.level" value="unknown" />
    <property name="java.vendor.url" value="http://java.oracle.com/" />
    <property name="env.TRAVIS_BUILD_WEB_URL" value="https://travis-ci.org/icyphy/ptII/builds/521751604" />
    <property name="java.version" value="1.8.0_151" />
    <property name="env.TZ" value="UTC" />
    <property name="env.PT_NO_NET" value="true" />
    <property name="env.TRAVIS_PULL_REQUEST_SHA" value="" />
    <property name="env.TRAVIS_SECURE_ENV_VARS" value="true" />
    <property name="env._system_type" value="Linux" />
    <property name="java.vendor.url.bug" value="http://bugreport.sun.com/bugreport/" />
    <property name="env.SSH_CLIENT" value="10.10.4.48 41062 22" />
    <property name="npmjs-org-is-up" value="true" />
    <property name="env.GEM_HOME" value="/home/travis/.rvm/gems/ruby-2.4.1" />
    <property name="env.HAS_ANTARES_THREE_LITTLE_FRONZIES_BADGE" value="true" />
    <property name="env.PS4" value="+" />
    <property name="ant.project.invoked-targets" value="build,test.core2.xml" />
    <property name="env.TRAVIS_PULL_REQUEST_BRANCH" value="" />
    <property name="env.TRAVIS_REPO_SLUG" value="icyphy/ptII" />
    <property name="env.TRAVIS_APT_PROXY" value="http://build-cache.travisci.net" />
    <property name="node.in.path" value="true" />
    <property name="java.maxmemory" value="1400m" />
    <property name="env.RUBY_VERSION" value="ruby-2.4.1" />
    <property name="user.name" value="travis" />
    <property name="env.LANG" value="en_US.UTF-8" />
    <property name="sun.io.unicode.encoding" value="UnicodeLittle" />
    <property name="sun.jnu.encoding" value="UTF-8" />
    <property name="java.runtime.name" value="Java(TM) SE Runtime Environment" />
    <property name="usefile" value="false" />
    <property name="return.code" value="0" />
    <property name="junit.single.formatter" value="plain" />
    <property name="env.DYLD_LIBRARY_PATH" value="/home/travis/pthla/certi-tools/lib:" />
    <property name="env.DEBIAN_FRONTEND" value="noninteractive" />
    <property name="env.SSH_CONNECTION" value="10.10.4.48 41062 10.20.0.203 22" />
    <property name="env.MYSQL_UNIX_PORT" value="/var/run/mysqld/mysqld.sock" />
    <property name="env.TRAVIS_ALLOW_FAILURE" value="false" />
    <property name="env.LC_ALL" value="en_US.UTF-8" />
    <property name="env.TRAVIS_JOB_WEB_URL" value="https://travis-ci.org/icyphy/ptII/jobs/521751615" />
    <property name="java.specification.name" value="Java Platform API Specification" />
    <property name="node.works" value="true" />
    <property name="user.timezone" value="" />
    <property name="path.separator" value=":" />
    <property name="env.TRAVIS_ENABLE_INFRA_DETECTION" value="true" />
    <property name="env.PYTHON_CFLAGS" value="-g -fstack-protector --param=ssp-buffer-size=4 -Wformat -Werror=format-security" />
    <property name="timeout.long" value="4000000" />
    <property name="env.CERTI_HOME" value="/home/travis/pthla/certi-tools" />
    <property name="file.encoding" value="UTF-8" />
    <property name="ant.file.ptII" value="/home/travis/build/icyphy/ptII/build.xml" />
    <property name="javadoc.packagenames" value="com.*,diva.*,lbnl.*,org.hlacerti.*,org.json.*,org.ptolemy.*,org.terraswarm.*,ptolemy.*,ptserver.*" />
    <property name="env.TRAVIS_PULL_REQUEST_SLUG" value="" />
    <property name="ant.project.default-target" value="build" />
    <property name="env.GIT_ASKPASS" value="echo" />
    <property name="env.HOME" value="/home/travis" />
    <property name="sun.java.command" value="org.apache.tools.ant.taskdefs.optional.junit.JUnitTestRunner ptolemy.domains.de.test.junit.JUnitTclTest skipNonTests=false filtertrace=true haltOnError=false haltOnFailure=false formatter=org.apache.tools.ant.taskdefs.optional.junit.OutErrSummaryJUnitResultFormatter showoutput=true outputtoformatters=true logfailedtests=true threadid=0 logtestlistenerevents=false formatter=org.apache.tools.ant.taskdefs.optional.junit.XMLJUnitResultFormatter,/home/travis/build/icyphy/ptII/reports/junit/TEST-ptolemy.domains.de.test.junit.JUnitTclTest.xml crashfile=/home/travis/build/icyphy/ptII/junitvmwatcher1592153433978705329.properties propsfile=/home/travis/build/icyphy/ptII/junit4530589443824932640.properties" />
    <property name="env.MANPATH" value="/home/travis/.nvm/versions/node/v7.10.1/share/man:/home/travis/.kiex/elixirs/elixir-1.4.5/man:/home/travis/.rvm/rubies/ruby-2.4.1/share/man:/usr/local/man:/usr/local/cmake-3.9.2/man:/usr/local/clang-5.0.0/share/man:/usr/local/share/man:/usr/share/man:/home/travis/.rvm/man" />
    <property name="env.COMPOSER_NO_INTERACTION" value="1" />
    <property name="env.JDK_SWITCHER_DEFAULT" value="oraclejdk8" />
    <property name="env.TRAVIS_TIMER_ID" value="068f63d0" />
    <property name="ant.file" value="/home/travis/build/icyphy/ptII/build.xml" />
    <property name="env.TRAVIS_COMMIT_RANGE" value="e8045ad16243...5e066b920b1c" />
    <property name="env._system_name" value="Ubuntu" />
    <property name="timeout" value="2400000" />
    <property name="ptII.classpath.optional.property" value="/home/travis/build/icyphy/ptII/lib/bsh-2.0b4.jar:/home/travis/build/icyphy/ptII/lib/ptCal.jar:/home/travis/build/icyphy/ptII/lib/java_cup.jar:/home/travis/build/icyphy/ptII/lib/saxon8.jar:/home/travis/build/icyphy/ptII/lib/saxon8-dom.jar:/home/travis/build/icyphy/ptII/lib/chic.jar:/home/travis/build/icyphy/ptII/lib/ptcolt.jar:/usr/lib/jvm/java-8-oracle/lib/tools.jar:/home/travis/build/icyphy/ptII/vendors/misc/itext/iText.jar:/home/travis/build/icyphy/ptII/lib/g4ltl.jar:/home/travis/build/icyphy/ptII/lib/StructuralCoder.jar:/home/travis/build/icyphy/ptII/vendors/jai-1_1_2_01/lib/jai_core.jar:/home/travis/build/icyphy/ptII/vendors/jai-1_1_2_01/lib/jai_codec.jar:/home/travis/build/icyphy/ptII/lib/jcerti.jar:/home/travis/build/icyphy/ptII/lib/javax.mail.jar:/home/travis/build/icyphy/ptII/vendors/JMF-2.1.1e/lib/jmf.jar:/home/travis/build/icyphy/ptII/lib/jna-4.0.0-variadic.jar:/home/travis/build/icyphy/ptII/vendors/misc/joystick/Joystick.jar:/home/travis/build/icyphy/ptII/lib/ptjacl.jar:/home/travis/build/icyphy/ptII/lib/jsoup-1.8.2.jar:/home/travis/build/icyphy/ptII/lib/junit-4.8.2.jar:/home/travis/build/icyphy/ptII/lib/JUnitParams-0.4.0.jar:/home/travis/build/icyphy/ptII/ptolemy/actor/lib/excel/jxl.jar:/home/travis/build/icyphy/ptII/lib/jython.jar:/home/travis/build/icyphy/ptII/lib/kieler.jar:/home/travis/build/icyphy/ptII/vendors/opencv/share/OpenCV/java/opencv-341.jar:/home/travis/build/icyphy/ptII/lib/oscP5.jar:/home/travis/build/icyphy/ptII/lib/nrjavaserial-3.11.0.devel.jar:/home/travis/build/icyphy/ptII/vendors/j3d/lib/j3dcore.jar:/home/travis/build/icyphy/ptII/vendors/j3d/lib/j3dutils.jar:/home/travis/build/icyphy/ptII/vendors/j3d/lib/vecmath.jar:/home/travis/build/icyphy/ptII/ptolemy/distributed/jini/jar/jini-core.jar:/home/travis/build/icyphy/ptII/ptolemy/distributed/jini/jar/jini-ext.jar:/home/travis/build/icyphy/ptII/ptolemy/distributed/jini/jar/sun-util.jar:/home/travis/build/icyphy/ptII/lib/protobuf-java-2.4.1.jar:/home/travis/build/icyphy/ptII/lib/org.eclipse.paho.client.mqttv3.jar:/home/travis/build/icyphy/ptII/lib/mapss.jar:/home/travis/build/icyphy/ptII/ptolemy/actor/ptalon/antlr/antlr.jar:/home/travis/build/icyphy/ptII/lib/JRI.jar:/home/travis/build/icyphy/ptII/lib/commons-lang-2.6.jar:/home/travis/build/icyphy/ptII/lib/commons-logging-1.1.1.jar:/home/travis/build/icyphy/ptII/lib/sootclasses.jar:/home/travis/build/icyphy/ptII/ptolemy/actor/lib/database/mysql-connector-java-5.1.6-bin.jar:/home/travis/build/icyphy/ptII/vendors/misc/sphinx4/sphinx4-data-5prealpha.jar:/home/travis/build/icyphy/ptII/vendors/misc/sphinx4/sphinx4-core-5prealpha.jar:/home/travis/build/icyphy/ptII/lib/PDFRenderer.jar:/home/travis/build/icyphy/ptII/lib/svgSalamander.jar:/home/travis/build/icyphy/ptII/lib/rsyntaxtextarea-2.6.0-SNAPSHOT.jar:/home/travis/build/icyphy/ptII/lib/hazelcast-3.8.2.jar:/home/travis/build/icyphy/ptII/lib/jackson-annotations-2.9.0.jar:/home/travis/build/icyphy/ptII/lib/jackson-core-2.9.3.jar:/home/travis/build/icyphy/ptII/lib/jackson-databind-2.9.3.jar:/home/travis/build/icyphy/ptII/lib/netty-buffer-4.1.19.Final.jar:/home/travis/build/icyphy/ptII/lib/netty-codec-4.1.19.Final.jar:/home/travis/build/icyphy/ptII/lib/netty-codec-dns-4.1.19.Final.jar:/home/travis/build/icyphy/ptII/lib/netty-codec-http-4.1.19.Final.jar:/home/travis/build/icyphy/ptII/lib/netty-codec-http2-4.1.19.Final.jar:/home/travis/build/icyphy/ptII/lib/netty-common-4.1.19.Final.jar:/home/travis/build/icyphy/ptII/lib/netty-handler-4.1.19.Final.jar:/home/travis/build/icyphy/ptII/lib/netty-resolver-4.1.19.Final.jar:/home/travis/build/icyphy/ptII/lib/netty-resolver-dns-4.1.19.Final.jar:/home/travis/build/icyphy/ptII/lib/netty-transport-4.1.19.Final.jar:/home/travis/build/icyphy/ptII/lib/vertx-codegen-3.5.1.jar:/home/travis/build/icyphy/ptII/lib/vertx-core-3.5.2-SNAPSHOT.jar:/home/travis/build/icyphy/ptII/lib/vertx-hazelcast-3.5.1.jar:/home/travis/build/icyphy/ptII/lib/vertx-lang-js-3.5.1.jar:/home/travis/build/icyphy/ptII/lib/vertx-service-proxy-3.5.1.jar:/home/travis/build/icyphy/ptII/lib/vertx-web-3.5.1.jar:/home/travis/build/icyphy/ptII/lib/slf4j-api-1.7.13.jar:/home/travis/build/icyphy/ptII/lib/slf4j-simple-1.7.13.jar:/home/travis/build/icyphy/ptII/lib/webcam-capture-0.3.12.jar:/home/travis/build/icyphy/ptII/lib/bridj-0.7.0.jar:/home/travis/build/icyphy/ptII/lib/xbjlib-1.1.0.nrjavaserial.jar" />
    <property name="test.batch" value="**/junit/*.java" />
    <property name="env._" value="/usr/bin/timeout" />
    <property name="java.io.tmpdir" value="/tmp" />
    <property name="env.TRAVIS_INTERNAL_RUBY_REGEX" value="^ruby-(2\.[0-4]\.[0-9]|1\.9\.3)" />
    <property name="user.language" value="en" />
    <property name="env.HISTCONTROL" value="ignoredups:ignorespace" />
    <property name="env.GOROOT" value="/home/travis/.gimme/versions/go1.7.4.linux.amd64" />
    <property name="line.separator" value="&#xa;" />
    <property name="target" value="1.8" />
    <property name="env.TRAVIS_BUILD_DIR" value="/home/travis/build/icyphy/ptII" />
    <property name="env.ANT_OPTS" value="-Xmx2048m" />
    <property name="ant.file.type" value="file" />
    <property name="ptolemy.ptII.batchMode" value="true" />
    <property name="env.HISTSIZE" value="1000" />
    <property name="env.MERB_ENV" value="test" />
    <property name="java.vm.info" value="mixed mode" />
    <property name="source" value="1.8" />
    <property name="java.vm.specification.name" value="Java Virtual Machine Specification" />
    <property name="env.TRAVIS_TEST_RESULT" value="0" />
    <property name="jsdoc.command" value="node_modules/@terraswarm/jsdoc/jsdoc.js" />
    <property name="npm.works" value="true" />
    <property name="cobertura.dir" value="/home/travis/build/icyphy/ptII/vendors/cobertura-2.0.3" />
    <property name="env.rvm_path" value="/home/travis/.rvm" />
    <property name="env.GEM_PATH" value="/home/travis/.rvm/gems/ruby-2.4.1:/home/travis/.rvm/gems/ruby-2.4.1@global" />
    <property name="env.LC_CTYPE" value="en_US.UTF-8" />
    <property name="java.awt.printerjob" value="sun.print.PSPrinterJob" />
    <property name="env.TRAVIS_CMD" value="$PTII/bin/ptIITravisBuild.sh $SECONDS" />
    <property name="env.TRAVIS_STACK_NAME" value="garnet" />
    <property name="env.TRAVIS_TIMER_START_TIME" value="1555599376287894185" />
    <property name="ant.version" value="Apache Ant(TM) version 1.10.1 compiled on February 2 2017" />
    <property name="ptII.reports" value="/home/travis/build/icyphy/ptII/reports" />
    <property name="env.TRAVIS_STACK_TIMESTAMP" value="2017-12-05 19:33:09 UTC" />
    <property name="ant.file.type.ptII" value="file" />
    <property name="env.RBENV_SHELL" value="bash" />
    <property name="os.name" value="Linux" />
    <property name="java.specification.vendor" value="Oracle Corporation" />
    <property name="env.rvm_version" value="1.29.3 (latest)" />
    <property name="env.TRAVIS_INFRA" value="gce" />
    <property name="env.TERM" value="xterm" />
    <property name="java.vm.name" value="Java HotSpot(TM) 64-Bit Server VM" />
    <property name="env.TRAVIS_BUILD_NUMBER" value="1096" />
    <property name="env.CI" value="true" />
    <property name="java.library.path" value="/home/travis/pthla/certi-tools/lib:/usr/lib/jni:/usr/local/share/OpenCV/java/:/usr/share/OpenCV/java::/usr/java/packages/lib/amd64:/usr/lib64:/lib64:/lib:/usr/lib" />
    <property name="env.rvm_prefix" value="/home/travis" />
    <property name="env.PATH" value="/home/travis/pthla/certi-tools/share/scripts:/home/travis/.rvm/gems/ruby-2.4.1/bin:/home/travis/.rvm/gems/ruby-2.4.1@global/bin:/home/travis/.rvm/rubies/ruby-2.4.1/bin:/home/travis/.rvm/bin:/home/travis/.nvm/versions/node/v7.10.1/bin:./node_modules/.bin:/home/travis/build/icyphy/ptII/bin:/home/travis/pthla/certi-tools/bin:/home/travis/bin:/home/travis/.local/bin:/opt/pyenv/shims:/home/travis/.phpenv/shims:/home/travis/perl5/perlbrew/bin:/home/travis/.kiex/elixirs/elixir-1.4.5/bin:/home/travis/.kiex/bin:/home/travis/gopath/bin:/home/travis/.gimme/versions/go1.7.4.linux.amd64/bin:/usr/local/phantomjs/bin:/usr/local/phantomjs:/usr/local/neo4j-3.2.7/bin:/usr/local/maven-3.5.2/bin:/usr/local/cmake-3.9.2/bin:/usr/local/clang-5.0.0/bin:/usr/local/sbin:/usr/local/bin:/usr/sbin:/usr/bin:/sbin:/bin:/home/travis/.phpenv/bin:/opt/pyenv/bin:/home/travis/.yarn/bin" />
    <property name="env.TRAVIS_OS_NAME" value="linux" />
    <property name="ant.java.version" value="1.8" />
    <property name="basedir" value="/home/travis/build/icyphy/ptII" />
    <property name="java.class.version" value="52.0" />
    <property name="env.SHLVL" value="3" />
    <property name="env.LD_LIBRARY_PATH" value="/home/travis/pthla/certi-tools/lib:/usr/lib/jni:/usr/local/share/OpenCV/java/:/usr/share/OpenCV/java:" />
    <property name="env.RACK_ENV" value="test" />
    <property name="ant.home" value="/home/travis/build/icyphy/ptII/ant" />
    <property name="env.PERLBREW_BASHRC_VERSION" value="0.80" />
    <property name="env.NVM_DIR" value="/home/travis/.nvm" />
    <property name="env.TRAVIS_BUILD_ID" value="521751604" />
    <property name="env.CERTI_FOM_PATH" value="/home/travis/pthla/certi-tools/share/federations" />
    <property name="env.PYENV_ROOT" value="/opt/pyenv" />
    <property name="env.TRAVIS_UID" value="2000" />
    <property name="env.rvm_pretty_print_flag" value="auto" />
    <property name="env.NVM_BIN" value="/home/travis/.nvm/versions/node/v7.10.1/bin" />
    <property name="env.TRAVIS_COMMIT" value="5e066b920b1c5c67811e1eb8e638a4352021c323" />
    <property name="env._system_arch" value="x86_64" />
    <property name="node.executable" value="node" />
    <property name="sun.boot.library.path" value="/usr/lib/jvm/java-8-oracle/jre/lib/amd64" />
    <property name="sun.management.compiler" value="HotSpot 64-Bit Tiered Compilers" />
    <property name="env.GOPATH" value="/home/travis/gopath" />
    <property name="java.awt.graphicsenv" value="sun.awt.X11GraphicsEnvironment" />
    <property name="ptolemy.ptII.dir" value="/home/travis/build/icyphy/ptII" />
    <property name="env.USER" value="travis" />
    <property name="env.HISTFILESIZE" value="2000" />
    <property name="timeout.longest" value="19000000" />
    <property name="env.TRAVIS_STACK_FEATURES" value="basic cassandra chromium couchdb disabled-ipv6 docker docker-compose elasticsearch firefox go-toolchain google-chrome jdk memcached mongodb mysql neo4j nodejs_interpreter perl_interpreter perlbrew phantomjs postgresql python_interpreter rabbitmq redis riak ruby_interpreter sqlite xserver" />
    <property name="env.TRAVIS_PULL_REQUEST" value="false" />
    <property name="env.PYENV_SHELL" value="bash" />
    <property name="ant.project.name" value="ptII" />
    <property name="java.vm.specification.version" value="1.8" />
    <property name="env.ANSI_RESET" value="\033[0m" />
    <property name="env.TRAVIS_DIST" value="trusty" />
    <property name="env.CERTI_VERSION" value="4.0.0" />
    <property name="env.NLSPATH" value="/usr/dt/lib/nls/msg/%L/%N.cat" />
    <property name="awt.toolkit" value="sun.awt.X11.XToolkit" />
    <property name="env.CERTI_HOST" value="localhost" />
    <property name="env.MY_RUBY_HOME" value="/home/travis/.rvm/rubies/ruby-2.4.1" />
    <property name="sun.cpu.isalist" value="" />
    <property name="env.TRAVIS_TMPDIR" value="/tmp/tmp.0c5HkAgahw" />
    <property name="java.ext.dirs" value="/usr/lib/jvm/java-8-oracle/jre/lib/ext:/usr/java/packages/lib/ext" />
    <property name="os.version" value="4.4.0-101-generic" />
    <property name="user.home" value="/home/travis" />
    <property name="env.MIX_ARCHIVES" value="/home/travis/.kiex/mix/elixir-1.4.5" />
    <property name="java.vm.vendor" value="Oracle Corporation" />
    <property name="env.TRAVIS_TAG" value="nightly" />
    <property name="env.ANSI_YELLOW" value="\033[33;1m" />
    <property name="env.TRAVIS_FILTERED" value="redirect_io" />
    <property name="env.ANSI_GREEN" value="\033[32;1m" />
    <property name="env.JAVA_HOME" value="/usr/lib/jvm/java-8-oracle" />
    <property name="env.PTII" value="/home/travis/build/icyphy/ptII" />
    <property name="javadoc.excludepackagenames" value="adm.cvs2svn.*,build.*,config.*,doc.coding.templates.*,jni.test.jni.meaningOfLife.*,jni.test.jni.testDeux.*,jni.test.jni.testTrois.*,org.terraswarm.accessor.accessors.web.node_modules.*,org.terraswarm.accessor.accessors.web.hosts.cordova.demo.*,org.terraswarm.accessor.accessors.web.hosts.cordova.plugins.*,org.terraswarm.accessor.accessors-svn.*,pt-modules.*,ptolemy.apps.agilent.*,ptolemy.apps.anytimecontrol.*,ptolemy.apps.apes.*,ptolemy.apps.charon.*,ptolemy.apps.crazyboard.*,ptolemy.apps.eclipse.*,ptolemy.apps.etherealSting.*,ptolemy.apps.fullscreen.*,ptolemy.apps.giotto.*,ptolemy.apps.ia.*,ptolemy.apps.interfaces.*,ptolemy.apps.jmf.*,ptolemy.apps.kurt.*,ptolemy.apps.kvm.*,ptolemy.apps.lego.*,ptolemy.apps.lejos.*,ptolemy.apps.midp.*,ptolemy.apps.mobileCoding.*,ptolemy.apps.pendulum.*,ptolemy.apps.rijndael.*,ptolemy.apps.robot.*,ptolemy.apps.security.*,ptolemy.apps.sobel.*,ptolemy.apps.soot.*,ptolemy.apps.throttle.*,ptolemy.apps.tini.*,ptolemy.apps.transmission.*,ptolemy.apps.vergil.*,ptolemy.apps.waba.*,ptolemy.apps.websensor.*,ptolemy.apps.webstart.*,ptolemy.apps.xsl.*,ptolemy.apps.zaurus.*,ptolemy.codegen.c.actor.lib.oldJavaFiles.*,ptolemy.codegen.dsp.lib.*,ptolemy.codegen.kernel.newInterfaces.*,ptolemy.codegen.lib.*,ptolemy.copernicus.kernel.fragment.*,ptolemy.copernicus.shallow.cg.*,ptolemy.domains.giotto.demo.Hierarchy.Hierarchy.*,ptolemy.domains.giotto.demo.Multimode.Multimode.*,ptolemy.domains.giotto.demo.Simple.Simple.*,ptolemy.domains.gr.lib.experimental.*,ptolemy.domains.gro.*,ptolemy.domains.pdf.*,ptolemy.domains.ptinyos.demo.Surge.output.*,ptolemy.moml.test.NoPackageActor.java*,ptolemy.plot.adm.*,ptolemy.plot.servlet.*,reports.*,signed.*,src.*,target.*,vendors.*,ptolemy.apps.eclipse.awt.*,ptolemy.backtrack.*,ptolemy.backtrack.ast.*,ptolemy.cg.adapter.generic.program.procedural.c.mbed*,ptolemy.homer.*,org.ptolemy.scala.*,diva.util.java2d.svg.*,ptolemy.domains.ptinyos.*,ptolemy.actor.lib.fmi.fmipp.*,,org.terraswarm.accessor.accessors.web.node_modules.*,org.terraswarm.accessor.accessors-svn,ptolemy.apps.*,ptolemy.actor.ptalon.demo.ptinyos.SendAndReceiveCnt.output,ptolemy.actor.ptalon.demo.ptinyos.SenseToLeds.output,ptolemy.domains.ptinyos.demo.CntToLedsAndRfm.output,ptolemy.domains.ptinyos.demo.RfmToLeds.output,ptolemy.domains.ptinyos.demo.SendAndReceiveCnt.output,ptolemy.domains.ptinyos.demo.SenseToLeds.output,ptolemy.actor.lib.jjs.modules.udpSocket.*" />
    <property name="env.TRAVIS_COMMIT_MESSAGE" value="Adding new model showing how to use wildcard joker_." />
    <property name="keystore" value="ptKeystore" />
    <property name="env.XDG_SESSION_ID" value="2" />
    <property name="junit.output.dir" value="/home/travis/build/icyphy/ptII/reports/junit" />
    <property name="npm.return.code" value="0" />
    <property name="user.dir" value="/home/travis/build/icyphy/ptII/ptolemy/domains/de/test" />
    <property name="env.TRAVIS_NODE_VERSION" value="7" />
    <property name="env.XFILESEARCHPATH" value="/usr/dt/app-defaults/%L/Dt" />
    <property name="env.TRAVIS_EVENT_TYPE" value="push" />
    <property name="env.MAIL" value="/var/mail/travis" />
    <property name="env.PWD" value="/home/travis/build/icyphy/ptII" />
    <property name="env.PERLBREW_ROOT" value="/home/travis/perl5/perlbrew" />
    <property name="timeout.npm" value="45000" />
    <property name="env.PT_TRAVIS_TEST_CORE2_XML" value="true" />
    <property name="env.TRAVIS_ARCH" value="amd64" />
    <property name="env.PAGER" value="cat" />
    <property name="sun.cpu.endian" value="little" />
    <property name="env.TRAVIS_BUILD_STAGE_NAME" value="Test" />
    <property name="env.PERLBREW_HOME" value="/home/travis/.perlbrew" />
    <property name="env.RAILS_ENV" value="test" />
    <property name="java.vm.version" value="25.151-b12" />
    <property name="java.class.path" value="/home/travis/build/icyphy/ptII:/home/travis/build/icyphy/ptII/lib/bsh-2.0b4.jar:/home/travis/build/icyphy/ptII/lib/ptCal.jar:/home/travis/build/icyphy/ptII/lib/java_cup.jar:/home/travis/build/icyphy/ptII/lib/saxon8.jar:/home/travis/build/icyphy/ptII/lib/saxon8-dom.jar:/home/travis/build/icyphy/ptII/lib/chic.jar:/home/travis/build/icyphy/ptII/lib/ptcolt.jar:/usr/lib/jvm/java-8-oracle/lib/tools.jar:/home/travis/build/icyphy/ptII/vendors/misc/itext/iText.jar:/home/travis/build/icyphy/ptII/lib/g4ltl.jar:/home/travis/build/icyphy/ptII/lib/StructuralCoder.jar:/home/travis/build/icyphy/ptII/vendors/jai-1_1_2_01/lib/jai_core.jar:/home/travis/build/icyphy/ptII/vendors/jai-1_1_2_01/lib/jai_codec.jar:/home/travis/build/icyphy/ptII/lib/jcerti.jar:/home/travis/build/icyphy/ptII/lib/javax.mail.jar:/home/travis/build/icyphy/ptII/vendors/JMF-2.1.1e/lib/jmf.jar:/home/travis/build/icyphy/ptII/lib/jna-4.0.0-variadic.jar:/home/travis/build/icyphy/ptII/vendors/misc/joystick/Joystick.jar:/home/travis/build/icyphy/ptII/lib/ptjacl.jar:/home/travis/build/icyphy/ptII/lib/jsoup-1.8.2.jar:/home/travis/build/icyphy/ptII/lib/junit-4.8.2.jar:/home/travis/build/icyphy/ptII/lib/JUnitParams-0.4.0.jar:/home/travis/build/icyphy/ptII/ptolemy/actor/lib/excel/jxl.jar:/home/travis/build/icyphy/ptII/lib/jython.jar:/home/travis/build/icyphy/ptII/lib/kieler.jar:/home/travis/build/icyphy/ptII/vendors/opencv/share/OpenCV/java/opencv-341.jar:/home/travis/build/icyphy/ptII/lib/oscP5.jar:/home/travis/build/icyphy/ptII/lib/nrjavaserial-3.11.0.devel.jar:/home/travis/build/icyphy/ptII/vendors/j3d/lib/j3dcore.jar:/home/travis/build/icyphy/ptII/vendors/j3d/lib/j3dutils.jar:/home/travis/build/icyphy/ptII/vendors/j3d/lib/vecmath.jar:/home/travis/build/icyphy/ptII/ptolemy/distributed/jini/jar/jini-core.jar:/home/travis/build/icyphy/ptII/ptolemy/distributed/jini/jar/jini-ext.jar:/home/travis/build/icyphy/ptII/ptolemy/distributed/jini/jar/sun-util.jar:/home/travis/build/icyphy/ptII/lib/protobuf-java-2.4.1.jar:/home/travis/build/icyphy/ptII/lib/org.eclipse.paho.client.mqttv3.jar:/home/travis/build/icyphy/ptII/lib/mapss.jar:/home/travis/build/icyphy/ptII/ptolemy/actor/ptalon/antlr/antlr.jar:/home/travis/build/icyphy/ptII/lib/JRI.jar:/home/travis/build/icyphy/ptII/lib/commons-lang-2.6.jar:/home/travis/build/icyphy/ptII/lib/commons-logging-1.1.1.jar:/home/travis/build/icyphy/ptII/lib/sootclasses.jar:/home/travis/build/icyphy/ptII/ptolemy/actor/lib/database/mysql-connector-java-5.1.6-bin.jar:/home/travis/build/icyphy/ptII/vendors/misc/sphinx4/sphinx4-data-5prealpha.jar:/home/travis/build/icyphy/ptII/vendors/misc/sphinx4/sphinx4-core-5prealpha.jar:/home/travis/build/icyphy/ptII/lib/PDFRenderer.jar:/home/travis/build/icyphy/ptII/lib/svgSalamander.jar:/home/travis/build/icyphy/ptII/lib/rsyntaxtextarea-2.6.0-SNAPSHOT.jar:/home/travis/build/icyphy/ptII/lib/hazelcast-3.8.2.jar:/home/travis/build/icyphy/ptII/lib/jackson-annotations-2.9.0.jar:/home/travis/build/icyphy/ptII/lib/jackson-core-2.9.3.jar:/home/travis/build/icyphy/ptII/lib/jackson-databind-2.9.3.jar:/home/travis/build/icyphy/ptII/lib/netty-buffer-4.1.19.Final.jar:/home/travis/build/icyphy/ptII/lib/netty-codec-4.1.19.Final.jar:/home/travis/build/icyphy/ptII/lib/netty-codec-dns-4.1.19.Final.jar:/home/travis/build/icyphy/ptII/lib/netty-codec-http-4.1.19.Final.jar:/home/travis/build/icyphy/ptII/lib/netty-codec-http2-4.1.19.Final.jar:/home/travis/build/icyphy/ptII/lib/netty-common-4.1.19.Final.jar:/home/travis/build/icyphy/ptII/lib/netty-handler-4.1.19.Final.jar:/home/travis/build/icyphy/ptII/lib/netty-resolver-4.1.19.Final.jar:/home/travis/build/icyphy/ptII/lib/netty-resolver-dns-4.1.19.Final.jar:/home/travis/build/icyphy/ptII/lib/netty-transport-4.1.19.Final.jar:/home/travis/build/icyphy/ptII/lib/vertx-codegen-3.5.1.jar:/home/travis/build/icyphy/ptII/lib/vertx-core-3.5.2-SNAPSHOT.jar:/home/travis/build/icyphy/ptII/lib/vertx-hazelcast-3.5.1.jar:/home/travis/build/icyphy/ptII/lib/vertx-lang-js-3.5.1.jar:/home/travis/build/icyphy/ptII/lib/vertx-service-proxy-3.5.1.jar:/home/travis/build/icyphy/ptII/lib/vertx-web-3.5.1.jar:/home/travis/build/icyphy/ptII/lib/slf4j-api-1.7.13.jar:/home/travis/build/icyphy/ptII/lib/slf4j-simple-1.7.13.jar:/home/travis/build/icyphy/ptII/lib/webcam-capture-0.3.12.jar:/home/travis/build/icyphy/ptII/lib/bridj-0.7.0.jar:/home/travis/build/icyphy/ptII/lib/xbjlib-1.1.0.nrjavaserial.jar:/home/travis/build/icyphy/ptII/ptolemy/moml/test:/home/travis/build/icyphy/ptII/ant/lib/ant-launcher.jar:/home/travis/build/icyphy/ptII/ant/lib/ant.jar:/home/travis/build/icyphy/ptII/ant/lib/ant-junit.jar:/home/travis/build/icyphy/ptII/ant/lib/ant-junit4.jar" />
    <property name="ant.library.dir" value="/home/travis/build/icyphy/ptII/ant/lib" />
    <property name="os.arch" value="amd64" />
    <property name="env.TRAVIS_LANGUAGE" value="node_js" />
    <property name="env.CONTINUOUS_INTEGRATION" value="true" />
    <property name="env.TRAVIS_STACK_LANGUAGES" value="__garnet__ c c++ clojure cplusplus cpp default go groovy java node_js php pure_java python ruby scala" />
    <property name="test.name" value="ptolemy.actor.lib.test.junit.JUnitTclTest" />
    <property name="sun.java.launcher" value="SUN_STANDARD" />
    <property name="env.PYTHON_CONFIGURE_OPTS" value="--enable-unicode=ucs4 --with-wide-unicode --enable-shared --enable-ipv6 --enable-loadable-sqlite-extensions --with-computed-gotos" />
    <property name="ant.core.lib" value="/home/travis/build/icyphy/ptII/ant/lib/ant.jar" />
    <property name="java.vm.specification.vendor" value="Oracle Corporation" />
    <property name="env.BCVTB_HOME" value="/home/travis/build/icyphy/ptII/lbnl" />
    <property name="file.separator" value="/" />
    <property name="spotbugs.home" value="/home/travis/build/icyphy/ptII/vendors/spotbugs-3.1.1" />
    <property name="java.runtime.version" value="1.8.0_151-b12" />
    <property name="sun.boot.class.path" value="/usr/lib/jvm/java-8-oracle/jre/lib/resources.jar:/usr/lib/jvm/java-8-oracle/jre/lib/rt.jar:/usr/lib/jvm/java-8-oracle/jre/lib/sunrsasign.jar:/usr/lib/jvm/java-8-oracle/jre/lib/jsse.jar:/usr/lib/jvm/java-8-oracle/jre/lib/jce.jar:/usr/lib/jvm/java-8-oracle/jre/lib/charsets.jar:/usr/lib/jvm/java-8-oracle/jre/lib/jfr.jar:/usr/lib/jvm/java-8-oracle/jre/classes" />
    <property name="env.ANSI_CLEAR" value="\033[0K" />
    <property name="env.HAS_JOSH_K_SEAL_OF_APPROVAL" value="true" />
    <property name="env.XDG_RUNTIME_DIR" value="/run/user/2000" />
    <property name="env.TRAVIS_OSX_IMAGE" value="" />
    <property name="env.TRAVIS_BRANCH" value="master" />
    <property name="env.TRAVIS_JOB_ID" value="521751615" />
    <property name="user.country" value="US" />
    <property name="env.CERTI_HOME_TRAVIS" value="/home/travis/pthla/certi-tools" />
    <property name="env.SHELL" value="/bin/bash" />
    <property name="java.maxmemory.large" value="5000m" />
    <property name="model" value="" />
    <property name="env.CASHER_DIR" value="/home/travis/.casher" />
    <property name="env.NVM_CD_FLAGS" value="" />
    <property name="jshint.executable" value="/home/travis/node_modules/jshint/bin/jshint" />
    <property name="java.vendor" value="Oracle Corporation" />
    <property name="env.JRUBY_OPTS" value=" --client -J-XX:+TieredCompilation -J-XX:TieredStopAtLevel=1 -J-Xss2m -Xcompile.invokedynamic=false" />
    <property name="env.TRAVIS_PRE_CHEF_BOOTSTRAP_TIME" value="2017-12-05T19:32:55" />
    <property name="env.TRAVIS_STACK_JOB_BOARD_REGISTER" value="/.job-board-register.yml" />
    <property name="env.ELIXIR_VERSION" value="1.4.5" />
    <property name="env.ANSI_RED" value="\033[31;1m" />
    <property name="java.specification.version" value="1.8" />
    <property name="env.TRAVIS" value="true" />
    <property name="env.IRBRC" value="/home/travis/.rvm/rubies/ruby-2.4.1/.irbrc" />
    <property name="sun.arch.data.model" value="64" />
  </properties>
  <testcase classname="ptolemy.util.test.junit.TclTests" name="[0] /home/travis/build/icyphy/ptII/ptolemy/domains/de/test/DependencyLoop.tcl (RunTclFile)" time="0.795" />
  <testcase classname="ptolemy.util.test.junit.TclTests" name="[1] /home/travis/build/icyphy/ptII/ptolemy/domains/de/test/RunDETestsAsQSS.tcl (RunTclFile)" time="88.127" />
  <testcase classname="ptolemy.util.test.junit.AutoKnownFailedTests" name="[0] /home/travis/build/icyphy/ptII/ptolemy/domains/de/test/auto/knownFailedTests/DESDFClockTest.xml (RunModel)" time="2.04" />
  <testcase classname="ptolemy.util.test.junit.AutoKnownFailedTests" name="[1] /home/travis/build/icyphy/ptII/ptolemy/domains/de/test/auto/knownFailedTests/DirectFeedback.xml (RunModel)" time="0.014" />
  <testcase classname="ptolemy.util.test.junit.AutoKnownFailedTests" name="[2] /home/travis/build/icyphy/ptII/ptolemy/domains/de/test/auto/knownFailedTests/FSMSource.xml (RunModel)" time="0.029" />
  <testcase classname="ptolemy.util.test.junit.AutoKnownFailedTests" name="[3] /home/travis/build/icyphy/ptII/ptolemy/domains/de/test/auto/knownFailedTests/HierarchicalModel.xml (RunModel)" time="0.043" />
  <testcase classname="ptolemy.util.test.junit.AutoKnownFailedTests" name="[4] /home/travis/build/icyphy/ptII/ptolemy/domains/de/test/auto/knownFailedTests/dependencyLoop.xml (RunModel)" time="0.04" />
  <testcase classname="ptolemy.util.test.junit.AutoKnownFailedTests" name="[5] /home/travis/build/icyphy/ptII/ptolemy/domains/de/test/auto/knownFailedTests/dependencyLoop2.xml (RunModel)" time="0.04" />
  <testcase classname="ptolemy.util.test.junit.AutoNameArchTests" name="[0] ThereAreNoAutoArchTests (RunModel)" time="0.005" />
  <testcase classname="ptolemy.util.test.junit.AutoTests" name="[0] /home/travis/build/icyphy/ptII/ptolemy/domains/de/test/auto/ActorDepthCalculation_actorWithoutPorts.xml (RunModel)" time="0.015" />
  <testcase classname="ptolemy.util.test.junit.AutoTests" name="[1] /home/travis/build/icyphy/ptII/ptolemy/domains/de/test/auto/AssemblyLine.xml (RunModel)" time="0.028" />
  <testcase classname="ptolemy.util.test.junit.AutoTests" name="[2] /home/travis/build/icyphy/ptII/ptolemy/domains/de/test/auto/CQBug1.xml (RunModel)" time="0.011" />
  <testcase classname="ptolemy.util.test.junit.AutoTests" name="[3] /home/travis/build/icyphy/ptII/ptolemy/domains/de/test/auto/CancelFireAt.xml (RunModel)" time="0.016" />
  <testcase classname="ptolemy.util.test.junit.AutoTests" name="[4] /home/travis/build/icyphy/ptII/ptolemy/domains/de/test/auto/CausalityAndComposabilityAnalysis.xml (RunModel)" time="0.016" />
  <testcase classname="ptolemy.util.test.junit.AutoTests" name="[5] /home/travis/build/icyphy/ptII/ptolemy/domains/de/test/auto/CausalityInterface1.xml (RunModel)" time="0.017" />
  <testcase classname="ptolemy.util.test.junit.AutoTests" name="[6] /home/travis/build/icyphy/ptII/ptolemy/domains/de/test/auto/CausalityInterface15.xml (RunModel)" time="0.016" />
  <testcase classname="ptolemy.util.test.junit.AutoTests" name="[7] /home/travis/build/icyphy/ptII/ptolemy/domains/de/test/auto/CausalityInterface2.xml (RunModel)" time="0.016" />
  <testcase classname="ptolemy.util.test.junit.AutoTests" name="[8] /home/travis/build/icyphy/ptII/ptolemy/domains/de/test/auto/CausalityInterface3.xml (RunModel)" time="0.018" />
  <testcase classname="ptolemy.util.test.junit.AutoTests" name="[9] /home/travis/build/icyphy/ptII/ptolemy/domains/de/test/auto/ClockDrift.xml (RunModel)" time="0.048" />
  <testcase classname="ptolemy.util.test.junit.AutoTests" name="[10] /home/travis/build/icyphy/ptII/ptolemy/domains/de/test/auto/ClockDriftAndValueChange.xml (RunModel)" time="0.035" />
  <testcase classname="ptolemy.util.test.junit.AutoTests" name="[11] /home/travis/build/icyphy/ptII/ptolemy/domains/de/test/auto/ClockDriftChange.xml (RunModel)" time="0.035" />
  <testcase classname="ptolemy.util.test.junit.AutoTests" name="[12] /home/travis/build/icyphy/ptII/ptolemy/domains/de/test/auto/ComposableCausalityAnalysis.xml (RunModel)" time="0.019" />
  <testcase classname="ptolemy.util.test.junit.AutoTests" name="[13] /home/travis/build/icyphy/ptII/ptolemy/domains/de/test/auto/DEFixedPointLimitation.xml (RunModel)" time="0.014" />
  <testcase classname="ptolemy.util.test.junit.AutoTests" name="[14] /home/travis/build/icyphy/ptII/ptolemy/domains/de/test/auto/DEScheduleTest.xml (RunModel)" time="0.013" />
  <testcase classname="ptolemy.util.test.junit.AutoTests" name="[15] /home/travis/build/icyphy/ptII/ptolemy/domains/de/test/auto/DEinDEwithStartTimes.xml (RunModel)" time="0.014" />
  <testcase classname="ptolemy.util.test.junit.AutoTests" name="[16] /home/travis/build/icyphy/ptII/ptolemy/domains/de/test/auto/DEinDEwithStartTimes2.xml (RunModel)" time="0.018" />
  <testcase classname="ptolemy.util.test.junit.AutoTests" name="[17] /home/travis/build/icyphy/ptII/ptolemy/domains/de/test/auto/DateDemo.xml (RunModel)" time="0.03" />
  <testcase classname="ptolemy.util.test.junit.AutoTests" name="[18] /home/travis/build/icyphy/ptII/ptolemy/domains/de/test/auto/DateToEvent.xml (RunModel)" time="2.045" />
  <testcase classname="ptolemy.util.test.junit.AutoTests" name="[19] /home/travis/build/icyphy/ptII/ptolemy/domains/de/test/auto/DepthTest1.xml (RunModel)" time="0.02" />
  <testcase classname="ptolemy.util.test.junit.AutoTests" name="[20] /home/travis/build/icyphy/ptII/ptolemy/domains/de/test/auto/DepthTest2.xml (RunModel)" time="0.015" />
  <testcase classname="ptolemy.util.test.junit.AutoTests" name="[21] /home/travis/build/icyphy/ptII/ptolemy/domains/de/test/auto/DepthTest3.xml (RunModel)" time="0.013" />
  <testcase classname="ptolemy.util.test.junit.AutoTests" name="[22] /home/travis/build/icyphy/ptII/ptolemy/domains/de/test/auto/DepthTest4.xml (RunModel)" time="0.011" />
  <testcase classname="ptolemy.util.test.junit.AutoTests" name="[23] /home/travis/build/icyphy/ptII/ptolemy/domains/de/test/auto/DepthTest5.xml (RunModel)" time="0.013" />
  <testcase classname="ptolemy.util.test.junit.AutoTests" name="[24] /home/travis/build/icyphy/ptII/ptolemy/domains/de/test/auto/DepthTest6.xml (RunModel)" time="0.014" />
  <testcase classname="ptolemy.util.test.junit.AutoTests" name="[25] /home/travis/build/icyphy/ptII/ptolemy/domains/de/test/auto/DepthTest7.xml (RunModel)" time="0.019" />
  <testcase classname="ptolemy.util.test.junit.AutoTests" name="[26] /home/travis/build/icyphy/ptII/ptolemy/domains/de/test/auto/EventToDate.xml (RunModel)" time="3.045" />
  <testcase classname="ptolemy.util.test.junit.AutoTests" name="[27] /home/travis/build/icyphy/ptII/ptolemy/domains/de/test/auto/FSM1.xml (RunModel)" time="0.036" />
  <testcase classname="ptolemy.util.test.junit.AutoTests" name="[28] /home/travis/build/icyphy/ptII/ptolemy/domains/de/test/auto/FSM7.xml (RunModel)" time="0.041" />
  <testcase classname="ptolemy.util.test.junit.AutoTests" name="[29] /home/travis/build/icyphy/ptII/ptolemy/domains/de/test/auto/Inspection.xml (RunModel)" time="0.042" />
  <testcase classname="ptolemy.util.test.junit.AutoTests" name="[30] /home/travis/build/icyphy/ptII/ptolemy/domains/de/test/auto/Iteration.xml (RunModel)" time="0.029" />
  <testcase classname="ptolemy.util.test.junit.AutoTests" name="[31] /home/travis/build/icyphy/ptII/ptolemy/domains/de/test/auto/LineFault.xml (RunModel)" time="0.547" />
  <testcase classname="ptolemy.util.test.junit.AutoTests" name="[32] /home/travis/build/icyphy/ptII/ptolemy/domains/de/test/auto/MergeModel1Add.xml (RunModel)" time="0.038" />
  <testcase classname="ptolemy.util.test.junit.AutoTests" name="[33] /home/travis/build/icyphy/ptII/ptolemy/domains/de/test/auto/MergeModel2Add.xml (RunModel)" time="0.039" />
  <testcase classname="ptolemy.util.test.junit.AutoTests" name="[34] /home/travis/build/icyphy/ptII/ptolemy/domains/de/test/auto/MergeModel3Add.xml (RunModel)" time="0.039" />
  <testcase classname="ptolemy.util.test.junit.AutoTests" name="[35] /home/travis/build/icyphy/ptII/ptolemy/domains/de/test/auto/MergeWithoutDiscard.xml (RunModel)" time="0.009" />
  <testcase classname="ptolemy.util.test.junit.AutoTests" name="[36] /home/travis/build/icyphy/ptII/ptolemy/domains/de/test/auto/Modal1.xml (RunModel)" time="0.034" />
  <testcase classname="ptolemy.util.test.junit.AutoTests" name="[37] /home/travis/build/icyphy/ptII/ptolemy/domains/de/test/auto/Modal2.xml (RunModel)" time="0.028" />
  <testcase classname="ptolemy.util.test.junit.AutoTests" name="[38] /home/travis/build/icyphy/ptII/ptolemy/domains/de/test/auto/Modal3.xml (RunModel)" time="0.026" />
  <testcase classname="ptolemy.util.test.junit.AutoTests" name="[39] /home/travis/build/icyphy/ptII/ptolemy/domains/de/test/auto/Modal4.xml (RunModel)" time="0.031" />
  <testcase classname="ptolemy.util.test.junit.AutoTests" name="[40] /home/travis/build/icyphy/ptII/ptolemy/domains/de/test/auto/Modal5.xml (RunModel)" time="0.028" />
  <testcase classname="ptolemy.util.test.junit.AutoTests" name="[41] /home/travis/build/icyphy/ptII/ptolemy/domains/de/test/auto/Modal6.xml (RunModel)" time="0.028" />
  <testcase classname="ptolemy.util.test.junit.AutoTests" name="[42] /home/travis/build/icyphy/ptII/ptolemy/domains/de/test/auto/Modal7.xml (RunModel)" time="0.026" />
  <testcase classname="ptolemy.util.test.junit.AutoTests" name="[43] /home/travis/build/icyphy/ptII/ptolemy/domains/de/test/auto/ModalModel.xml (RunModel)" time="0.161" />
  <testcase classname="ptolemy.util.test.junit.AutoTests" name="[44] /home/travis/build/icyphy/ptII/ptolemy/domains/de/test/auto/ModalSource.xml (RunModel)" time="0.021" />
  <testcase classname="ptolemy.util.test.junit.AutoTests" name="[45] /home/travis/build/icyphy/ptII/ptolemy/domains/de/test/auto/NonInterruptibleTimerZeroDelay.xml (RunModel)" time="0.008" />
  <testcase classname="ptolemy.util.test.junit.AutoTests" name="[46] /home/travis/build/icyphy/ptII/ptolemy/domains/de/test/auto/OpenQueueingNetwork.xml (RunModel)" time="2.273" />
  <testcase classname="ptolemy.util.test.junit.AutoTests" name="[47] /home/travis/build/icyphy/ptII/ptolemy/domains/de/test/auto/OpenQueuingNetwork.xml (RunModel)" time="0.262" />
  <testcase classname="ptolemy.util.test.junit.AutoTests" name="[48] /home/travis/build/icyphy/ptII/ptolemy/domains/de/test/auto/PeriodicSampler.xml (RunModel)" time="0.007" />
  <testcase classname="ptolemy.util.test.junit.AutoTests" name="[49] /home/travis/build/icyphy/ptII/ptolemy/domains/de/test/auto/PersistentIO.xml (RunModel)" time="0.017" />
  <testcase classname="ptolemy.util.test.junit.AutoTests" name="[50] /home/travis/build/icyphy/ptII/ptolemy/domains/de/test/auto/PortParameterResetOnInitialize.xml (RunModel)" time="0.006" />
  <testcase classname="ptolemy.util.test.junit.AutoTests" name="[51] /home/travis/build/icyphy/ptII/ptolemy/domains/de/test/auto/PortParameterUpdates.xml (RunModel)" time="0.011" />
  <testcase classname="ptolemy.util.test.junit.AutoTests" name="[52] /home/travis/build/icyphy/ptII/ptolemy/domains/de/test/auto/QueueAndServer.xml (RunModel)" time="0.016" />
  <testcase classname="ptolemy.util.test.junit.AutoTests" name="[53] /home/travis/build/icyphy/ptII/ptolemy/domains/de/test/auto/Records.xml (RunModel)" time="0.012" />
  <testcase classname="ptolemy.util.test.junit.AutoTests" name="[54] /home/travis/build/icyphy/ptII/ptolemy/domains/de/test/auto/ResetTransitionWithStartTime1.xml (RunModel)" time="0.015" />
  <testcase classname="ptolemy.util.test.junit.AutoTests" name="[55] /home/travis/build/icyphy/ptII/ptolemy/domains/de/test/auto/ResetTransitionWithStartTime2.xml (RunModel)" time="0.014" />
  <testcase classname="ptolemy.util.test.junit.AutoTests" name="[56] /home/travis/build/icyphy/ptII/ptolemy/domains/de/test/auto/ResetTransitionWithStartTime3.xml (RunModel)" time="0.015" />
  <testcase classname="ptolemy.util.test.junit.AutoTests" name="[57] /home/travis/build/icyphy/ptII/ptolemy/domains/de/test/auto/ResetTransitionWithStartTime4.xml (RunModel)" time="0.014" />
  <testcase classname="ptolemy.util.test.junit.AutoTests" name="[58] /home/travis/build/icyphy/ptII/ptolemy/domains/de/test/auto/ResettableTimer1.xml (RunModel)" time="0.009" />
  <testcase classname="ptolemy.util.test.junit.AutoTests" name="[59] /home/travis/build/icyphy/ptII/ptolemy/domains/de/test/auto/ResettableTimer2.xml (RunModel)" time="0.008" />
  <testcase classname="ptolemy.util.test.junit.AutoTests" name="[60] /home/travis/build/icyphy/ptII/ptolemy/domains/de/test/auto/ResettableTimer3.xml (RunModel)" time="0.008" />
  <testcase classname="ptolemy.util.test.junit.AutoTests" name="[61] /home/travis/build/icyphy/ptII/ptolemy/domains/de/test/auto/ResettableTimer4.xml (RunModel)" time="0.009" />
  <testcase classname="ptolemy.util.test.junit.AutoTests" name="[62] /home/travis/build/icyphy/ptII/ptolemy/domains/de/test/auto/ResettableTimer5.xml (RunModel)" time="0.009" />
  <testcase classname="ptolemy.util.test.junit.AutoTests" name="[63] /home/travis/build/icyphy/ptII/ptolemy/domains/de/test/auto/ResettableTimer6.xml (RunModel)" time="0.017" />
  <testcase classname="ptolemy.util.test.junit.AutoTests" name="[64] /home/travis/build/icyphy/ptII/ptolemy/domains/de/test/auto/ServerZeroDelay.xml (RunModel)" time="0.009" />
  <testcase classname="ptolemy.util.test.junit.AutoTests" name="[65] /home/travis/build/icyphy/ptII/ptolemy/domains/de/test/auto/SmartSender.xml (RunModel)" time="3.007" />
  <testcase classname="ptolemy.util.test.junit.AutoTests" name="[66] /home/travis/build/icyphy/ptII/ptolemy/domains/de/test/auto/ThreadedComposite.xml (RunModel)" time="0.253" />
  <testcase classname="ptolemy.util.test.junit.AutoTests" name="[67] /home/travis/build/icyphy/ptII/ptolemy/domains/de/test/auto/Time.xml (RunModel)" time="0.436" />
  <testcase classname="ptolemy.util.test.junit.AutoTests" name="[68] /home/travis/build/icyphy/ptII/ptolemy/domains/de/test/auto/TimeDelayZeroDelay.xml (RunModel)" time="0.01" />
  <testcase classname="ptolemy.util.test.junit.AutoTests" name="[69] /home/travis/build/icyphy/ptII/ptolemy/domains/de/test/auto/TimerZeroDelay.xml (RunModel)" time="0.01" />
  <testcase classname="ptolemy.util.test.junit.AutoTests" name="[70] /home/travis/build/icyphy/ptII/ptolemy/domains/de/test/auto/TimingParadox.xml (RunModel)" time="0.344" />
  <testcase classname="ptolemy.util.test.junit.AutoTests" name="[71] /home/travis/build/icyphy/ptII/ptolemy/domains/de/test/auto/TransferInputs.xml (RunModel)" time="0.013" />
  <testcase classname="ptolemy.util.test.junit.AutoTests" name="[72] /home/travis/build/icyphy/ptII/ptolemy/domains/de/test/auto/TransferOutputs2.xml (RunModel)" time="0.015" />
  <testcase classname="ptolemy.util.test.junit.AutoTests" name="[73] /home/travis/build/icyphy/ptII/ptolemy/domains/de/test/auto/Trilateration.xml (RunModel)" time="11.353" />
  <testcase classname="ptolemy.util.test.junit.AutoTests" name="[74] /home/travis/build/icyphy/ptII/ptolemy/domains/de/test/auto/TwoSigmaDelta.xml (RunModel)" time="2.054" />
  <testcase classname="ptolemy.util.test.junit.AutoTests" name="[75] /home/travis/build/icyphy/ptII/ptolemy/domains/de/test/auto/VariableDelay.xml (RunModel)" time="0.009" />
  <testcase classname="ptolemy.util.test.junit.AutoTests" name="[76] /home/travis/build/icyphy/ptII/ptolemy/domains/de/test/auto/VariableDelay2.xml (RunModel)" time="0.008" />
  <testcase classname="ptolemy.util.test.junit.AutoTests" name="[77] /home/travis/build/icyphy/ptII/ptolemy/domains/de/test/auto/VariableDelayZeroDelay.xml (RunModel)" time="0.015" />
  <testcase classname="ptolemy.util.test.junit.AutoTests" name="[78] /home/travis/build/icyphy/ptII/ptolemy/domains/de/test/auto/VariableDelayZeroDelay2.xml (RunModel)" time="0.01" />
  <testcase classname="ptolemy.util.test.junit.AutoTests" name="[79] /home/travis/build/icyphy/ptII/ptolemy/domains/de/test/auto/deInCt.xml (RunModel)" time="0.02" />
  <testcase classname="ptolemy.util.test.junit.AutoTests" name="[80] /home/travis/build/icyphy/ptII/ptolemy/domains/de/test/auto/deInCt2.xml (RunModel)" time="0.012" />
  <testcase classname="ptolemy.util.test.junit.AutoTests" name="[81] /home/travis/build/icyphy/ptII/ptolemy/domains/de/test/auto/dynamicCausalityInterface1.xml (RunModel)" time="0.017" />
  <testcase classname="ptolemy.util.test.junit.AutoTests" name="[82] /home/travis/build/icyphy/ptII/ptolemy/domains/de/test/auto/fsm_de_test.xml (RunModel)" time="0.02" />
  <testcase classname="ptolemy.util.test.junit.AutoTests" name="[83] /home/travis/build/icyphy/ptII/ptolemy/domains/de/test/auto/functionDependencyReconstruction.xml (RunModel)" time="0.03" />
  <testcase classname="ptolemy.util.test.junit.AutoTests" name="[84] /home/travis/build/icyphy/ptII/ptolemy/domains/de/test/auto/multirate.xml (RunModel)" time="0.016" />
  <testcase classname="ptolemy.util.test.junit.AutoTests" name="[85] /home/travis/build/icyphy/ptII/ptolemy/domains/de/test/auto/multirate2.xml (RunModel)" time="0.018" />
  <testcase classname="ptolemy.util.test.junit.AutoTests" name="[86] /home/travis/build/icyphy/ptII/ptolemy/domains/de/test/auto/realtime.xml (RunModel)" time="10.01" />
  <testcase classname="ptolemy.util.test.junit.AutoTests" name="[87] /home/travis/build/icyphy/ptII/ptolemy/domains/de/test/auto/relationGroup.xml (RunModel)" time="0.009" />
  <testcase classname="ptolemy.util.test.junit.AutoTests" name="[88] /home/travis/build/icyphy/ptII/ptolemy/domains/de/test/auto/relationGroup2.xml (RunModel)" time="0.007" />
  <testcase classname="ptolemy.util.test.junit.AutoTests" name="[89] /home/travis/build/icyphy/ptII/ptolemy/domains/de/test/auto/sortWithOpaquePorts.xml (RunModel)" time="0.012" />
  <testcase classname="ptolemy.util.test.junit.AutoTests" name="[90] /home/travis/build/icyphy/ptII/ptolemy/domains/de/test/auto/transferInputsandOutputs.xml (RunModel)" time="0.014" />
  <testcase classname="ptolemy.util.test.junit.AutoTests" name="[91] /home/travis/build/icyphy/ptII/ptolemy/domains/de/test/auto/triggerType.xml (RunModel)" time="0.008" />
  <system-out><![CDATA[/home/travis/build/icyphy/ptII/ptolemy/domains/de/test/DependencyLoop.tcl
testDefs.tcl: setting time out to 9000 seconds at Thu Apr 18 15:05:01 UTC 2019
21 ms. Memory: 116224K Free: 97403K (84%)
27 ms. Memory: 146944K Free: 141525K (96%)
/home/travis/build/icyphy/ptII/ptolemy/domains/de/test/RunDETestsAsQSS.tcl
Run the DE tests using ptolemy.domains.qss.test.QSSDirectorTest, which extends QSSDirector and prints a message in the constructors.
------------------ testing $PTII/ptolemy/domains/de/test/auto/knownFailedTests/dependencyLoop.xml (Known Failure) 
10 ms. Memory: 146944K Free: 137275K (93%)


==== $PTIIhome/travis/build/icyphy/ptII/ptolemy/domains/de/test/../../../../: Auto Automatic test in file $PTII/ptolemy/domains/de/test/auto/knownFailedTests/dependencyLoop.xml
==== Contents of test case:

	    # FIXME: we should use $relativeFilename here, but it
	    # might have backslashes under Windows, which causes no end
	    # of trouble.
	    createAndExecute $file
	    list {}
	
.... Test generated KNOWN error:
    while executing
ptolemy.kernel.util.IllegalActionException: Found a zero delay loop containing .dependencyLoop.original
  in .dependencyLoop and .dependencyLoop.original
	at ptolemy.actor.util.CausalityInterfaceForComposites._computeOutputPortDepth(CausalityInterfaceForComposites.java:759)
	at ptolemy.actor.util.CausalityInterfaceForComposites._computeInputDepth(CausalityInterfaceForComposites.java:696)
	at ptolemy.actor.util.CausalityInterfaceForComposites._computeOutputPortDepth(CausalityInterfaceForComposites.java:765)
	at ptolemy.actor.util.CausalityInterfaceForComposites._computeInputDepth(CausalityInterfaceForComposites.java:696)
	at ptolemy.actor.util.CausalityInterfaceForComposites._computeOutputPortDepth(CausalityInterfaceForComposites.java:765)
	at ptolemy.actor.util.CausalityInterfaceForComposites._computeInputDepth(CausalityInterfaceForComposites.java:696)
	at ptolemy.actor.util.CausalityInterfaceForComposites._computeActorDepth(CausalityInterfaceForComposites.java:532)
	at ptolemy.actor.util.CausalityInterfaceForComposites.checkForCycles(CausalityInterfaceForComposites.java:96)
	at ptolemy.domains.de.kernel.DEDirector.preinitialize(DEDirector.java:1338)
	at ptolemy.actor.CompositeActor.preinitialize(CompositeActor.java:1828)
	at ptolemy.actor.Manager.preinitializeAndResolveTypes(Manager.java:1040)
	at ptolemy.actor.Manager.initialize(Manager.java:710)
	at ptolemy.actor.Manager.execute(Manager.java:356)
	at ptolemy.actor.Manager.run(Manager.java:1263)
	at ptolemy.actor.Manager$PtolemyRunThread.run(Manager.java:1915)

    while executing
ptolemy.kernel.util.IllegalActionException: Found a zero delay loop containing .dependencyLoop.original
  in .dependencyLoop and .dependencyLoop.original
    while executing
"java::new ptolemy.moml.MoMLSimpleApplication $file
"
    (procedure "createAndExecute" line 2)
    invoked from within
"createAndExecute $file"
    ("uplevel" body line 5)
    invoked from within
"uplevel $contents_of_test"
------------------ testing $PTII/ptolemy/domains/de/test/auto/knownFailedTests/DESDFClockTest.xml (Known Failure) 
2056 ms. Memory: 146944K Free: 121673K (83%)


==== $PTIIhome/travis/build/icyphy/ptII/ptolemy/domains/de/test/../../../../: Auto Automatic test in file $PTII/ptolemy/domains/de/test/auto/knownFailedTests/DESDFClockTest.xml
==== Contents of test case:

	    # FIXME: we should use $relativeFilename here, but it
	    # might have backslashes under Windows, which causes no end
	    # of trouble.
	    createAndExecute $file
	    list {}
	
.... Test generated KNOWN error:
    while executing
ptolemy.kernel.util.IllegalActionException: Actor is not ready to fire.  Perhaps UpSample.prefire() returned false? Try debugging the actor by selecting "Listen to Actor".  Also, for SDF check moml for tokenConsumptionRate on input.
  in .DESDFClockTest.Play Bell.Copy1:SDF Director and .DESDFClockTest.Play Bell.UpSample
	at ptolemy.actor.sched.StaticSchedulingDirector.fire(StaticSchedulingDirector.java:227)
	at ptolemy.domains.sdf.kernel.SDFDirector.fire(SDFDirector.java:500)
	at ptolemy.actor.CompositeActor.fire(CompositeActor.java:455)
	at ptolemy.domains.de.kernel.DEDirector._fire(DEDirector.java:1949)
	at ptolemy.domains.de.kernel.DEDirector.fire(DEDirector.java:502)
	at ptolemy.actor.CompositeActor.fire(CompositeActor.java:455)
	at ptolemy.actor.Manager.iterate(Manager.java:851)
	at ptolemy.actor.Manager.execute(Manager.java:369)
	at ptolemy.actor.Manager.run(Manager.java:1263)
	at ptolemy.actor.Manager$PtolemyRunThread.run(Manager.java:1915)

    while executing
ptolemy.kernel.util.IllegalActionException: Actor is not ready to fire.  Perhaps UpSample.prefire() returned false? Try debugging the actor by selecting "Listen to Actor".  Also, for SDF check moml for tokenConsumptionRate on input.
  in .DESDFClockTest.Play Bell.Copy1:SDF Director and .DESDFClockTest.Play Bell.UpSample
    while executing
"java::new ptolemy.moml.MoMLSimpleApplication $file
"
    (procedure "createAndExecute" line 2)
    invoked from within
"createAndExecute $file"
    ("uplevel" body line 5)
    invoked from within
"uplevel $contents_of_test"
------------------ testing $PTII/ptolemy/domains/de/test/auto/knownFailedTests/FSMSource.xml (Known Failure) 
35 ms. Memory: 146944K Free: 112218K (76%)
!!!! Auto was marked as failing, but now passes
------------------ testing $PTII/ptolemy/domains/de/test/auto/knownFailedTests/dependencyLoop2.xml (Known Failure) 
10 ms. Memory: 146944K Free: 110359K (75%)


==== $PTIIhome/travis/build/icyphy/ptII/ptolemy/domains/de/test/../../../../: Auto Automatic test in file $PTII/ptolemy/domains/de/test/auto/knownFailedTests/dependencyLoop2.xml
==== Contents of test case:

	    # FIXME: we should use $relativeFilename here, but it
	    # might have backslashes under Windows, which causes no end
	    # of trouble.
	    createAndExecute $file
	    list {}
	
.... Test generated KNOWN error:
    while executing
ptolemy.kernel.util.IllegalActionException: Found a zero delay loop containing .dependencyLoop2.original
  in .dependencyLoop2 and .dependencyLoop2.original
	at ptolemy.actor.util.CausalityInterfaceForComposites._computeOutputPortDepth(CausalityInterfaceForComposites.java:759)
	at ptolemy.actor.util.CausalityInterfaceForComposites._computeInputDepth(CausalityInterfaceForComposites.java:696)
	at ptolemy.actor.util.CausalityInterfaceForComposites._computeOutputPortDepth(CausalityInterfaceForComposites.java:765)
	at ptolemy.actor.util.CausalityInterfaceForComposites._computeInputDepth(CausalityInterfaceForComposites.java:696)
	at ptolemy.actor.util.CausalityInterfaceForComposites._computeOutputPortDepth(CausalityInterfaceForComposites.java:765)
	at ptolemy.actor.util.CausalityInterfaceForComposites._computeInputDepth(CausalityInterfaceForComposites.java:696)
	at ptolemy.actor.util.CausalityInterfaceForComposites._computeActorDepth(CausalityInterfaceForComposites.java:532)
	at ptolemy.actor.util.CausalityInterfaceForComposites.checkForCycles(CausalityInterfaceForComposites.java:96)
	at ptolemy.domains.de.kernel.DEDirector.preinitialize(DEDirector.java:1338)
	at ptolemy.actor.CompositeActor.preinitialize(CompositeActor.java:1828)
	at ptolemy.actor.Manager.preinitializeAndResolveTypes(Manager.java:1040)
	at ptolemy.actor.Manager.initialize(Manager.java:710)
	at ptolemy.actor.Manager.execute(Manager.java:356)
	at ptolemy.actor.Manager.run(Manager.java:1263)
	at ptolemy.actor.Manager$PtolemyRunThread.run(Manager.java:1915)

    while executing
ptolemy.kernel.util.IllegalActionException: Found a zero delay loop containing .dependencyLoop2.original
  in .dependencyLoop2 and .dependencyLoop2.original
    while executing
"java::new ptolemy.moml.MoMLSimpleApplication $file
"
    (procedure "createAndExecute" line 2)
    invoked from within
"createAndExecute $file"
    ("uplevel" body line 5)
    invoked from within
"uplevel $contents_of_test"
------------------ testing $PTII/ptolemy/domains/de/test/auto/knownFailedTests/HierarchicalModel.xml (Known Failure) 
11 ms. Memory: 146944K Free: 90189K (61%)


==== $PTIIhome/travis/build/icyphy/ptII/ptolemy/domains/de/test/../../../../: Auto Automatic test in file $PTII/ptolemy/domains/de/test/auto/knownFailedTests/HierarchicalModel.xml
==== Contents of test case:

	    # FIXME: we should use $relativeFilename here, but it
	    # might have backslashes under Windows, which causes no end
	    # of trouble.
	    createAndExecute $file
	    list {}
	
.... Test generated KNOWN error:
    while executing
ptolemy.kernel.util.IllegalActionException: Found a zero delay loop containing .HierarchicalModel.A
  in .HierarchicalModel and .HierarchicalModel.A
	at ptolemy.actor.util.CausalityInterfaceForComposites._computeOutputPortDepth(CausalityInterfaceForComposites.java:759)
	at ptolemy.actor.util.CausalityInterfaceForComposites._computeInputDepth(CausalityInterfaceForComposites.java:696)
	at ptolemy.actor.util.CausalityInterfaceForComposites._computeOutputPortDepth(CausalityInterfaceForComposites.java:765)
	at ptolemy.actor.util.CausalityInterfaceForComposites._computeInputDepth(CausalityInterfaceForComposites.java:696)
	at ptolemy.actor.util.CausalityInterfaceForComposites._computeOutputPortDepth(CausalityInterfaceForComposites.java:765)
	at ptolemy.actor.util.CausalityInterfaceForComposites._computeInputDepth(CausalityInterfaceForComposites.java:696)
	at ptolemy.actor.util.CausalityInterfaceForComposites._computeActorDepth(CausalityInterfaceForComposites.java:532)
	at ptolemy.actor.util.CausalityInterfaceForComposites.checkForCycles(CausalityInterfaceForComposites.java:96)
	at ptolemy.domains.de.kernel.DEDirector.preinitialize(DEDirector.java:1338)
	at ptolemy.actor.CompositeActor.preinitialize(CompositeActor.java:1828)
	at ptolemy.actor.Manager.preinitializeAndResolveTypes(Manager.java:1040)
	at ptolemy.actor.Manager.initialize(Manager.java:710)
	at ptolemy.actor.Manager.execute(Manager.java:356)
	at ptolemy.actor.Manager.run(Manager.java:1263)
	at ptolemy.actor.Manager$PtolemyRunThread.run(Manager.java:1915)

    while executing
ptolemy.kernel.util.IllegalActionException: Found a zero delay loop containing .HierarchicalModel.A
  in .HierarchicalModel and .HierarchicalModel.A
    while executing
"java::new ptolemy.moml.MoMLSimpleApplication $file
"
    (procedure "createAndExecute" line 2)
    invoked from within
"createAndExecute $file"
    ("uplevel" body line 5)
    invoked from within
"uplevel $contents_of_test"
------------------ testing $PTII/ptolemy/domains/de/test/auto/knownFailedTests/DirectFeedback.xml (Known Failure) 
6 ms. Memory: 146944K Free: 86069K (59%)


==== $PTIIhome/travis/build/icyphy/ptII/ptolemy/domains/de/test/../../../../: Auto Automatic test in file $PTII/ptolemy/domains/de/test/auto/knownFailedTests/DirectFeedback.xml
==== Contents of test case:

	    # FIXME: we should use $relativeFilename here, but it
	    # might have backslashes under Windows, which causes no end
	    # of trouble.
	    createAndExecute $file
	    list {}
	
.... Test generated KNOWN error:
    while executing
ptolemy.kernel.util.IllegalActionException: Test fails in iteration 1.
Value was: 1.0. Should have been: 2.0
  in .DirectFeedback.Test
	at ptolemy.actor.lib.Test.fire(Test.java:268)
	at ptolemy.domains.de.kernel.DEDirector._fire(DEDirector.java:1949)
	at ptolemy.domains.de.kernel.DEDirector.fire(DEDirector.java:502)
	at ptolemy.actor.CompositeActor.fire(CompositeActor.java:455)
	at ptolemy.actor.Manager.iterate(Manager.java:851)
	at ptolemy.actor.Manager.execute(Manager.java:369)
	at ptolemy.actor.Manager.run(Manager.java:1263)
	at ptolemy.actor.Manager$PtolemyRunThread.run(Manager.java:1915)

    while executing
ptolemy.kernel.util.IllegalActionException: Test fails in iteration 1.
Value was: 1.0. Should have been: 2.0
  in .DirectFeedback.Test
    while executing
"java::new ptolemy.moml.MoMLSimpleApplication $file
"
    (procedure "createAndExecute" line 2)
    invoked from within
"createAndExecute $file"
    ("uplevel" body line 5)
    invoked from within
"uplevel $contents_of_test"
------------------ testing $PTII/ptolemy/domains/de/test/auto/ActorDepthCalculation_actorWithoutPorts.xml
auto.tcl: Setting watchdog for 200 seconds at Thu Apr 18 15:05:04 UTC 2019
5 ms. Memory: 146944K Free: 138949K (95%)
ptolemy.util.test.WatchDog.cancel(): canceling Thu Apr 18 15:05:04 UTC 2019
auto.tcl: Setting watchdog for 200 seconds at Thu Apr 18 15:05:04 UTC 2019
3 ms. Memory: 146944K Free: 137927K (94%)
ptolemy.util.test.WatchDog.cancel(): canceling Thu Apr 18 15:05:04 UTC 2019
------------------ testing $PTII/ptolemy/domains/de/test/auto/AssemblyLine.xml
auto.tcl: Setting watchdog for 200 seconds at Thu Apr 18 15:05:05 UTC 2019
20 ms. Memory: 208384K Free: 186242K (89%)
ptolemy.util.test.WatchDog.cancel(): canceling Thu Apr 18 15:05:05 UTC 2019
auto.tcl: Setting watchdog for 200 seconds at Thu Apr 18 15:05:05 UTC 2019
8 ms. Memory: 208384K Free: 186242K (89%)
ptolemy.util.test.WatchDog.cancel(): canceling Thu Apr 18 15:05:05 UTC 2019
------------------ testing $PTII/ptolemy/domains/de/test/auto/CQBug1.xml
auto.tcl: Setting watchdog for 200 seconds at Thu Apr 18 15:05:05 UTC 2019
4 ms. Memory: 208384K Free: 197903K (95%)
ptolemy.util.test.WatchDog.cancel(): canceling Thu Apr 18 15:05:05 UTC 2019
auto.tcl: Setting watchdog for 200 seconds at Thu Apr 18 15:05:05 UTC 2019
3 ms. Memory: 208384K Free: 197903K (95%)
ptolemy.util.test.WatchDog.cancel(): canceling Thu Apr 18 15:05:05 UTC 2019
------------------ testing $PTII/ptolemy/domains/de/test/auto/CancelFireAt.xml
auto.tcl: Setting watchdog for 200 seconds at Thu Apr 18 15:05:05 UTC 2019
7 ms. Memory: 208384K Free: 201564K (97%)
ptolemy.util.test.WatchDog.cancel(): canceling Thu Apr 18 15:05:05 UTC 2019
auto.tcl: Setting watchdog for 200 seconds at Thu Apr 18 15:05:05 UTC 2019
2 ms. Memory: 208384K Free: 199521K (96%)
ptolemy.util.test.WatchDog.cancel(): canceling Thu Apr 18 15:05:05 UTC 2019
------------------ testing $PTII/ptolemy/domains/de/test/auto/CausalityAndComposabilityAnalysis.xml
auto.tcl: Setting watchdog for 200 seconds at Thu Apr 18 15:05:05 UTC 2019
11 ms. Memory: 208384K Free: 198599K (95%)
ptolemy.util.test.WatchDog.cancel(): canceling Thu Apr 18 15:05:05 UTC 2019
auto.tcl: Setting watchdog for 200 seconds at Thu Apr 18 15:05:05 UTC 2019
5 ms. Memory: 208384K Free: 196556K (94%)
ptolemy.util.test.WatchDog.cancel(): canceling Thu Apr 18 15:05:05 UTC 2019
------------------ testing $PTII/ptolemy/domains/de/test/auto/CausalityInterface1.xml
auto.tcl: Setting watchdog for 200 seconds at Thu Apr 18 15:05:05 UTC 2019
13 ms. Memory: 208384K Free: 196493K (94%)
ptolemy.util.test.WatchDog.cancel(): canceling Thu Apr 18 15:05:05 UTC 2019
auto.tcl: Setting watchdog for 200 seconds at Thu Apr 18 15:05:05 UTC 2019
4 ms. Memory: 208384K Free: 196493K (94%)
ptolemy.util.test.WatchDog.cancel(): canceling Thu Apr 18 15:05:05 UTC 2019
------------------ testing $PTII/ptolemy/domains/de/test/auto/CausalityInterface15.xml
auto.tcl: Setting watchdog for 200 seconds at Thu Apr 18 15:05:05 UTC 2019
5 ms. Memory: 208384K Free: 196452K (94%)
ptolemy.util.test.WatchDog.cancel(): canceling Thu Apr 18 15:05:05 UTC 2019
auto.tcl: Setting watchdog for 200 seconds at Thu Apr 18 15:05:05 UTC 2019
8 ms. Memory: 208384K Free: 196452K (94%)
ptolemy.util.test.WatchDog.cancel(): canceling Thu Apr 18 15:05:05 UTC 2019
------------------ testing $PTII/ptolemy/domains/de/test/auto/CausalityInterface2.xml
auto.tcl: Setting watchdog for 200 seconds at Thu Apr 18 15:05:05 UTC 2019
3 ms. Memory: 208384K Free: 196987K (95%)
ptolemy.util.test.WatchDog.cancel(): canceling Thu Apr 18 15:05:05 UTC 2019
auto.tcl: Setting watchdog for 200 seconds at Thu Apr 18 15:05:05 UTC 2019
6 ms. Memory: 208384K Free: 196468K (94%)
ptolemy.util.test.WatchDog.cancel(): canceling Thu Apr 18 15:05:06 UTC 2019
------------------ testing $PTII/ptolemy/domains/de/test/auto/CausalityInterface3.xml
auto.tcl: Setting watchdog for 200 seconds at Thu Apr 18 15:05:06 UTC 2019
8 ms. Memory: 208384K Free: 196480K (94%)
ptolemy.util.test.WatchDog.cancel(): canceling Thu Apr 18 15:05:06 UTC 2019
auto.tcl: Setting watchdog for 200 seconds at Thu Apr 18 15:05:06 UTC 2019
10 ms. Memory: 208384K Free: 196480K (94%)
ptolemy.util.test.WatchDog.cancel(): canceling Thu Apr 18 15:05:06 UTC 2019
------------------ testing $PTII/ptolemy/domains/de/test/auto/ClockDrift.xml
auto.tcl: Setting watchdog for 200 seconds at Thu Apr 18 15:05:06 UTC 2019
74 ms. Memory: 208384K Free: 187883K (90%)
ptolemy.util.test.WatchDog.cancel(): canceling Thu Apr 18 15:05:06 UTC 2019
auto.tcl: Setting watchdog for 200 seconds at Thu Apr 18 15:05:06 UTC 2019
54 ms. Memory: 208384K Free: 185840K (89%)
ptolemy.util.test.WatchDog.cancel(): canceling Thu Apr 18 15:05:06 UTC 2019
------------------ testing $PTII/ptolemy/domains/de/test/auto/ClockDriftAndValueChange.xml
auto.tcl: Setting watchdog for 200 seconds at Thu Apr 18 15:05:06 UTC 2019
50 ms. Memory: 208384K Free: 189761K (91%)
ptolemy.util.test.WatchDog.cancel(): canceling Thu Apr 18 15:05:06 UTC 2019
auto.tcl: Setting watchdog for 200 seconds at Thu Apr 18 15:05:06 UTC 2019
34 ms. Memory: 208384K Free: 185671K (89%)
ptolemy.util.test.WatchDog.cancel(): canceling Thu Apr 18 15:05:06 UTC 2019
------------------ testing $PTII/ptolemy/domains/de/test/auto/ClockDriftChange.xml
auto.tcl: Setting watchdog for 200 seconds at Thu Apr 18 15:05:06 UTC 2019
39 ms. Memory: 208384K Free: 190982K (92%)
ptolemy.util.test.WatchDog.cancel(): canceling Thu Apr 18 15:05:06 UTC 2019
auto.tcl: Setting watchdog for 200 seconds at Thu Apr 18 15:05:06 UTC 2019
27 ms. Memory: 208384K Free: 188939K (91%)
ptolemy.util.test.WatchDog.cancel(): canceling Thu Apr 18 15:05:06 UTC 2019
------------------ testing $PTII/ptolemy/domains/de/test/auto/ComposableCausalityAnalysis.xml
auto.tcl: Setting watchdog for 200 seconds at Thu Apr 18 15:05:06 UTC 2019
1 ms. Memory: 208384K Free: 196090K (94%)
ptolemy.util.test.WatchDog.cancel(): canceling Thu Apr 18 15:05:06 UTC 2019
auto.tcl: Setting watchdog for 200 seconds at Thu Apr 18 15:05:06 UTC 2019
2 ms. Memory: 208384K Free: 194047K (93%)
ptolemy.util.test.WatchDog.cancel(): canceling Thu Apr 18 15:05:06 UTC 2019
------------------ testing $PTII/ptolemy/domains/de/test/auto/DEFixedPointLimitation.xml
auto.tcl: Setting watchdog for 200 seconds at Thu Apr 18 15:05:06 UTC 2019
1 ms. Memory: 208384K Free: 198213K (95%)
ptolemy.util.test.WatchDog.cancel(): canceling Thu Apr 18 15:05:06 UTC 2019
auto.tcl: Setting watchdog for 200 seconds at Thu Apr 18 15:05:06 UTC 2019
2 ms. Memory: 208384K Free: 196169K (94%)
ptolemy.util.test.WatchDog.cancel(): canceling Thu Apr 18 15:05:06 UTC 2019
------------------ testing $PTII/ptolemy/domains/de/test/auto/DEScheduleTest.xml
auto.tcl: Setting watchdog for 200 seconds at Thu Apr 18 15:05:06 UTC 2019
6 ms. Memory: 208384K Free: 198248K (95%)
ptolemy.util.test.WatchDog.cancel(): canceling Thu Apr 18 15:05:06 UTC 2019
auto.tcl: Setting watchdog for 200 seconds at Thu Apr 18 15:05:06 UTC 2019
3 ms. Memory: 208384K Free: 196205K (94%)
ptolemy.util.test.WatchDog.cancel(): canceling Thu Apr 18 15:05:06 UTC 2019
------------------ testing $PTII/ptolemy/domains/de/test/auto/DEinDEwithStartTimes.xml
auto.tcl: Setting watchdog for 200 seconds at Thu Apr 18 15:05:06 UTC 2019
5 ms. Memory: 208384K Free: 196174K (94%)
ptolemy.util.test.WatchDog.cancel(): canceling Thu Apr 18 15:05:07 UTC 2019
auto.tcl: Setting watchdog for 200 seconds at Thu Apr 18 15:05:07 UTC 2019
4 ms. Memory: 208384K Free: 196174K (94%)
ptolemy.util.test.WatchDog.cancel(): canceling Thu Apr 18 15:05:07 UTC 2019
------------------ testing $PTII/ptolemy/domains/de/test/auto/DEinDEwithStartTimes2.xml
auto.tcl: Setting watchdog for 200 seconds at Thu Apr 18 15:05:07 UTC 2019
5 ms. Memory: 208384K Free: 196154K (94%)
ptolemy.util.test.WatchDog.cancel(): canceling Thu Apr 18 15:05:07 UTC 2019
auto.tcl: Setting watchdog for 200 seconds at Thu Apr 18 15:05:07 UTC 2019
3 ms. Memory: 208384K Free: 194111K (93%)
ptolemy.util.test.WatchDog.cancel(): canceling Thu Apr 18 15:05:07 UTC 2019
------------------ testing $PTII/ptolemy/domains/de/test/auto/DateDemo.xml
auto.tcl: Setting watchdog for 200 seconds at Thu Apr 18 15:05:07 UTC 2019
14 ms. Memory: 208384K Free: 188762K (91%)
ptolemy.util.test.WatchDog.cancel(): canceling Thu Apr 18 15:05:07 UTC 2019
auto.tcl: Setting watchdog for 200 seconds at Thu Apr 18 15:05:07 UTC 2019
10 ms. Memory: 208384K Free: 186719K (90%)
ptolemy.util.test.WatchDog.cancel(): canceling Thu Apr 18 15:05:07 UTC 2019
------------------ testing $PTII/ptolemy/domains/de/test/auto/DateToEvent.xml
auto.tcl: Setting watchdog for 200 seconds at Thu Apr 18 15:05:07 UTC 2019
2024 ms. Memory: 208384K Free: 183661K (88%)
ptolemy.util.test.WatchDog.cancel(): canceling Thu Apr 18 15:05:09 UTC 2019
auto.tcl: Setting watchdog for 200 seconds at Thu Apr 18 15:05:09 UTC 2019
2005 ms. Memory: 208384K Free: 183661K (88%)
ptolemy.util.test.WatchDog.cancel(): canceling Thu Apr 18 15:05:11 UTC 2019
------------------ testing $PTII/ptolemy/domains/de/test/auto/DepthTest1.xml
auto.tcl: Setting watchdog for 200 seconds at Thu Apr 18 15:05:11 UTC 2019
4 ms. Memory: 208384K Free: 197776K (95%)
ptolemy.util.test.WatchDog.cancel(): canceling Thu Apr 18 15:05:11 UTC 2019
auto.tcl: Setting watchdog for 200 seconds at Thu Apr 18 15:05:11 UTC 2019
3 ms. Memory: 208384K Free: 197776K (95%)
ptolemy.util.test.WatchDog.cancel(): canceling Thu Apr 18 15:05:11 UTC 2019
------------------ testing $PTII/ptolemy/domains/de/test/auto/DepthTest2.xml
auto.tcl: Setting watchdog for 200 seconds at Thu Apr 18 15:05:11 UTC 2019
6 ms. Memory: 208384K Free: 191665K (92%)
ptolemy.util.test.WatchDog.cancel(): canceling Thu Apr 18 15:05:11 UTC 2019
auto.tcl: Setting watchdog for 200 seconds at Thu Apr 18 15:05:11 UTC 2019
3 ms. Memory: 208384K Free: 191665K (92%)
ptolemy.util.test.WatchDog.cancel(): canceling Thu Apr 18 15:05:11 UTC 2019
------------------ testing $PTII/ptolemy/domains/de/test/auto/DepthTest3.xml
auto.tcl: Setting watchdog for 200 seconds at Thu Apr 18 15:05:11 UTC 2019
3 ms. Memory: 208384K Free: 198110K (95%)
ptolemy.util.test.WatchDog.cancel(): canceling Thu Apr 18 15:05:11 UTC 2019
auto.tcl: Setting watchdog for 200 seconds at Thu Apr 18 15:05:11 UTC 2019
2 ms. Memory: 208384K Free: 198110K (95%)
ptolemy.util.test.WatchDog.cancel(): canceling Thu Apr 18 15:05:11 UTC 2019
------------------ testing $PTII/ptolemy/domains/de/test/auto/DepthTest4.xml
auto.tcl: Setting watchdog for 200 seconds at Thu Apr 18 15:05:11 UTC 2019
3 ms. Memory: 208384K Free: 196673K (94%)
ptolemy.util.test.WatchDog.cancel(): canceling Thu Apr 18 15:05:11 UTC 2019
auto.tcl: Setting watchdog for 200 seconds at Thu Apr 18 15:05:11 UTC 2019
2 ms. Memory: 208384K Free: 196154K (94%)
ptolemy.util.test.WatchDog.cancel(): canceling Thu Apr 18 15:05:11 UTC 2019
------------------ testing $PTII/ptolemy/domains/de/test/auto/DepthTest5.xml
auto.tcl: Setting watchdog for 200 seconds at Thu Apr 18 15:05:11 UTC 2019
4 ms. Memory: 208384K Free: 196102K (94%)
ptolemy.util.test.WatchDog.cancel(): canceling Thu Apr 18 15:05:11 UTC 2019
auto.tcl: Setting watchdog for 200 seconds at Thu Apr 18 15:05:11 UTC 2019
2 ms. Memory: 208384K Free: 196102K (94%)
ptolemy.util.test.WatchDog.cancel(): canceling Thu Apr 18 15:05:11 UTC 2019
------------------ testing $PTII/ptolemy/domains/de/test/auto/DepthTest6.xml
auto.tcl: Setting watchdog for 200 seconds at Thu Apr 18 15:05:11 UTC 2019
7 ms. Memory: 208384K Free: 196597K (94%)
ptolemy.util.test.WatchDog.cancel(): canceling Thu Apr 18 15:05:11 UTC 2019
auto.tcl: Setting watchdog for 200 seconds at Thu Apr 18 15:05:11 UTC 2019
2 ms. Memory: 208384K Free: 196597K (94%)
ptolemy.util.test.WatchDog.cancel(): canceling Thu Apr 18 15:05:11 UTC 2019
------------------ testing $PTII/ptolemy/domains/de/test/auto/DepthTest7.xml
auto.tcl: Setting watchdog for 200 seconds at Thu Apr 18 15:05:11 UTC 2019
3 ms. Memory: 208384K Free: 196059K (94%)
ptolemy.util.test.WatchDog.cancel(): canceling Thu Apr 18 15:05:11 UTC 2019
auto.tcl: Setting watchdog for 200 seconds at Thu Apr 18 15:05:11 UTC 2019
2 ms. Memory: 208384K Free: 196059K (94%)
ptolemy.util.test.WatchDog.cancel(): canceling Thu Apr 18 15:05:12 UTC 2019
------------------ testing $PTII/ptolemy/domains/de/test/auto/EventToDate.xml
auto.tcl: Setting watchdog for 200 seconds at Thu Apr 18 15:05:12 UTC 2019
3009 ms. Memory: 208384K Free: 185856K (89%)
ptolemy.util.test.WatchDog.cancel(): canceling Thu Apr 18 15:05:15 UTC 2019
auto.tcl: Setting watchdog for 200 seconds at Thu Apr 18 15:05:15 UTC 2019
3003 ms. Memory: 208384K Free: 185856K (89%)
ptolemy.util.test.WatchDog.cancel(): canceling Thu Apr 18 15:05:18 UTC 2019
------------------ testing $PTII/ptolemy/domains/de/test/auto/FSM1.xml
auto.tcl: Setting watchdog for 200 seconds at Thu Apr 18 15:05:18 UTC 2019
32 ms. Memory: 208384K Free: 189225K (91%)
ptolemy.util.test.WatchDog.cancel(): canceling Thu Apr 18 15:05:18 UTC 2019
auto.tcl: Setting watchdog for 200 seconds at Thu Apr 18 15:05:18 UTC 2019
25 ms. Memory: 208384K Free: 185139K (89%)
ptolemy.util.test.WatchDog.cancel(): canceling Thu Apr 18 15:05:18 UTC 2019
------------------ testing $PTII/ptolemy/domains/de/test/auto/FSM7.xml
auto.tcl: Setting watchdog for 200 seconds at Thu Apr 18 15:05:18 UTC 2019
13 ms. Memory: 208384K Free: 189427K (91%)
ptolemy.util.test.WatchDog.cancel(): canceling Thu Apr 18 15:05:18 UTC 2019
auto.tcl: Setting watchdog for 200 seconds at Thu Apr 18 15:05:18 UTC 2019
13 ms. Memory: 208384K Free: 185341K (89%)
ptolemy.util.test.WatchDog.cancel(): canceling Thu Apr 18 15:05:18 UTC 2019
------------------ testing $PTII/ptolemy/domains/de/test/auto/Inspection.xml
auto.tcl: Setting watchdog for 200 seconds at Thu Apr 18 15:05:18 UTC 2019
19 ms. Memory: 208384K Free: 189117K (91%)
ptolemy.util.test.WatchDog.cancel(): canceling Thu Apr 18 15:05:18 UTC 2019
auto.tcl: Setting watchdog for 200 seconds at Thu Apr 18 15:05:18 UTC 2019
22 ms. Memory: 208384K Free: 187074K (90%)
ptolemy.util.test.WatchDog.cancel(): canceling Thu Apr 18 15:05:18 UTC 2019
------------------ testing $PTII/ptolemy/domains/de/test/auto/Iteration.xml
auto.tcl: Setting watchdog for 200 seconds at Thu Apr 18 15:05:18 UTC 2019
7 ms. Memory: 208384K Free: 196385K (94%)
ptolemy.util.test.WatchDog.cancel(): canceling Thu Apr 18 15:05:18 UTC 2019
auto.tcl: Setting watchdog for 200 seconds at Thu Apr 18 15:05:18 UTC 2019
6 ms. Memory: 208384K Free: 194341K (93%)
ptolemy.util.test.WatchDog.cancel(): canceling Thu Apr 18 15:05:18 UTC 2019
------------------ testing $PTII/ptolemy/domains/de/test/auto/LineFault.xml
auto.tcl: Setting watchdog for 200 seconds at Thu Apr 18 15:05:18 UTC 2019
667 ms. Memory: 208384K Free: 200147K (96%)
ptolemy.util.test.WatchDog.cancel(): canceling Thu Apr 18 15:05:19 UTC 2019
auto.tcl: Setting watchdog for 200 seconds at Thu Apr 18 15:05:19 UTC 2019
559 ms. Memory: 208384K Free: 142674K (68%)
ptolemy.util.test.WatchDog.cancel(): canceling Thu Apr 18 15:05:20 UTC 2019
------------------ testing $PTII/ptolemy/domains/de/test/auto/MergeModel1Add.xml
auto.tcl: Setting watchdog for 200 seconds at Thu Apr 18 15:05:20 UTC 2019
27 ms. Memory: 331264K Free: 300528K (91%)
ptolemy.util.test.WatchDog.cancel(): canceling Thu Apr 18 15:05:20 UTC 2019
auto.tcl: Setting watchdog for 200 seconds at Thu Apr 18 15:05:20 UTC 2019
14 ms. Memory: 331264K Free: 300528K (91%)
ptolemy.util.test.WatchDog.cancel(): canceling Thu Apr 18 15:05:20 UTC 2019
------------------ testing $PTII/ptolemy/domains/de/test/auto/MergeModel2Add.xml
auto.tcl: Setting watchdog for 200 seconds at Thu Apr 18 15:05:20 UTC 2019
13 ms. Memory: 331264K Free: 305469K (92%)
ptolemy.util.test.WatchDog.cancel(): canceling Thu Apr 18 15:05:20 UTC 2019
auto.tcl: Setting watchdog for 200 seconds at Thu Apr 18 15:05:20 UTC 2019
11 ms. Memory: 331264K Free: 301898K (91%)
ptolemy.util.test.WatchDog.cancel(): canceling Thu Apr 18 15:05:20 UTC 2019
------------------ testing $PTII/ptolemy/domains/de/test/auto/MergeModel3Add.xml
auto.tcl: Setting watchdog for 200 seconds at Thu Apr 18 15:05:20 UTC 2019
11 ms. Memory: 331264K Free: 305448K (92%)
ptolemy.util.test.WatchDog.cancel(): canceling Thu Apr 18 15:05:20 UTC 2019
auto.tcl: Setting watchdog for 200 seconds at Thu Apr 18 15:05:20 UTC 2019
9 ms. Memory: 331264K Free: 301877K (91%)
ptolemy.util.test.WatchDog.cancel(): canceling Thu Apr 18 15:05:20 UTC 2019
------------------ testing $PTII/ptolemy/domains/de/test/auto/MergeWithoutDiscard.xml
auto.tcl: Setting watchdog for 200 seconds at Thu Apr 18 15:05:20 UTC 2019
7 ms. Memory: 331264K Free: 316190K (95%)
ptolemy.util.test.WatchDog.cancel(): canceling Thu Apr 18 15:05:20 UTC 2019
auto.tcl: Setting watchdog for 200 seconds at Thu Apr 18 15:05:20 UTC 2019
1 ms. Memory: 331264K Free: 316190K (95%)
ptolemy.util.test.WatchDog.cancel(): canceling Thu Apr 18 15:05:20 UTC 2019
------------------ testing $PTII/ptolemy/domains/de/test/auto/Modal1.xml
auto.tcl: Setting watchdog for 200 seconds at Thu Apr 18 15:05:20 UTC 2019
22 ms. Memory: 331264K Free: 310459K (94%)
ptolemy.util.test.WatchDog.cancel(): canceling Thu Apr 18 15:05:20 UTC 2019
auto.tcl: Setting watchdog for 200 seconds at Thu Apr 18 15:05:20 UTC 2019
22 ms. Memory: 331264K Free: 306888K (93%)
ptolemy.util.test.WatchDog.cancel(): canceling Thu Apr 18 15:05:20 UTC 2019
------------------ testing $PTII/ptolemy/domains/de/test/auto/Modal2.xml
auto.tcl: Setting watchdog for 200 seconds at Thu Apr 18 15:05:20 UTC 2019
17 ms. Memory: 331264K Free: 310317K (94%)
ptolemy.util.test.WatchDog.cancel(): canceling Thu Apr 18 15:05:20 UTC 2019
auto.tcl: Setting watchdog for 200 seconds at Thu Apr 18 15:05:20 UTC 2019
16 ms. Memory: 331264K Free: 306746K (93%)
ptolemy.util.test.WatchDog.cancel(): canceling Thu Apr 18 15:05:20 UTC 2019
------------------ testing $PTII/ptolemy/domains/de/test/auto/Modal3.xml
auto.tcl: Setting watchdog for 200 seconds at Thu Apr 18 15:05:20 UTC 2019
16 ms. Memory: 331264K Free: 310331K (94%)
ptolemy.util.test.WatchDog.cancel(): canceling Thu Apr 18 15:05:21 UTC 2019
auto.tcl: Setting watchdog for 200 seconds at Thu Apr 18 15:05:21 UTC 2019
14 ms. Memory: 331264K Free: 306760K (93%)
ptolemy.util.test.WatchDog.cancel(): canceling Thu Apr 18 15:05:21 UTC 2019
------------------ testing $PTII/ptolemy/domains/de/test/auto/Modal4.xml
auto.tcl: Setting watchdog for 200 seconds at Thu Apr 18 15:05:21 UTC 2019
18 ms. Memory: 331264K Free: 310344K (94%)
ptolemy.util.test.WatchDog.cancel(): canceling Thu Apr 18 15:05:21 UTC 2019
auto.tcl: Setting watchdog for 200 seconds at Thu Apr 18 15:05:21 UTC 2019
14 ms. Memory: 331264K Free: 306774K (93%)
ptolemy.util.test.WatchDog.cancel(): canceling Thu Apr 18 15:05:21 UTC 2019
------------------ testing $PTII/ptolemy/domains/de/test/auto/Modal5.xml
auto.tcl: Setting watchdog for 200 seconds at Thu Apr 18 15:05:21 UTC 2019
17 ms. Memory: 331264K Free: 310331K (94%)
ptolemy.util.test.WatchDog.cancel(): canceling Thu Apr 18 15:05:21 UTC 2019
auto.tcl: Setting watchdog for 200 seconds at Thu Apr 18 15:05:21 UTC 2019
14 ms. Memory: 331264K Free: 306760K (93%)
ptolemy.util.test.WatchDog.cancel(): canceling Thu Apr 18 15:05:21 UTC 2019
------------------ testing $PTII/ptolemy/domains/de/test/auto/Modal6.xml
auto.tcl: Setting watchdog for 200 seconds at Thu Apr 18 15:05:21 UTC 2019
13 ms. Memory: 331264K Free: 310329K (94%)
ptolemy.util.test.WatchDog.cancel(): canceling Thu Apr 18 15:05:21 UTC 2019
auto.tcl: Setting watchdog for 200 seconds at Thu Apr 18 15:05:21 UTC 2019
16 ms. Memory: 331264K Free: 306758K (93%)
ptolemy.util.test.WatchDog.cancel(): canceling Thu Apr 18 15:05:21 UTC 2019
------------------ testing $PTII/ptolemy/domains/de/test/auto/Modal7.xml
auto.tcl: Setting watchdog for 200 seconds at Thu Apr 18 15:05:21 UTC 2019
17 ms. Memory: 331264K Free: 306758K (93%)
ptolemy.util.test.WatchDog.cancel(): canceling Thu Apr 18 15:05:21 UTC 2019
auto.tcl: Setting watchdog for 200 seconds at Thu Apr 18 15:05:21 UTC 2019
24 ms. Memory: 331264K Free: 303187K (92%)
ptolemy.util.test.WatchDog.cancel(): canceling Thu Apr 18 15:05:21 UTC 2019
------------------ testing $PTII/ptolemy/domains/de/test/auto/ModalModel.xml
auto.tcl: Setting watchdog for 200 seconds at Thu Apr 18 15:05:21 UTC 2019
209 ms. Memory: 331264K Free: 247870K (75%)
ptolemy.util.test.WatchDog.cancel(): canceling Thu Apr 18 15:05:21 UTC 2019
auto.tcl: Setting watchdog for 200 seconds at Thu Apr 18 15:05:21 UTC 2019
185 ms. Memory: 331264K Free: 190574K (58%)
ptolemy.util.test.WatchDog.cancel(): canceling Thu Apr 18 15:05:22 UTC 2019
------------------ testing $PTII/ptolemy/domains/de/test/auto/ModalSource.xml
auto.tcl: Setting watchdog for 200 seconds at Thu Apr 18 15:05:22 UTC 2019
7 ms. Memory: 331264K Free: 316597K (96%)
ptolemy.util.test.WatchDog.cancel(): canceling Thu Apr 18 15:05:22 UTC 2019
auto.tcl: Setting watchdog for 200 seconds at Thu Apr 18 15:05:22 UTC 2019
6 ms. Memory: 331264K Free: 313318K (95%)
ptolemy.util.test.WatchDog.cancel(): canceling Thu Apr 18 15:05:22 UTC 2019
------------------ testing $PTII/ptolemy/domains/de/test/auto/NonInterruptibleTimerZeroDelay.xml
auto.tcl: Setting watchdog for 200 seconds at Thu Apr 18 15:05:22 UTC 2019
3 ms. Memory: 331264K Free: 320974K (97%)
ptolemy.util.test.WatchDog.cancel(): canceling Thu Apr 18 15:05:22 UTC 2019
auto.tcl: Setting watchdog for 200 seconds at Thu Apr 18 15:05:22 UTC 2019
2 ms. Memory: 331264K Free: 317688K (96%)
ptolemy.util.test.WatchDog.cancel(): canceling Thu Apr 18 15:05:22 UTC 2019
------------------ testing $PTII/ptolemy/domains/de/test/auto/OpenQueueingNetwork.xml
auto.tcl: Setting watchdog for 200 seconds at Thu Apr 18 15:05:22 UTC 2019
2791 ms. Memory: 307712K Free: 129357K (42%)
ptolemy.util.test.WatchDog.cancel(): canceling Thu Apr 18 15:05:25 UTC 2019
auto.tcl: Setting watchdog for 200 seconds at Thu Apr 18 15:05:25 UTC 2019
2558 ms. Memory: 278528K Free: 169123K (61%)
ptolemy.util.test.WatchDog.cancel(): canceling Thu Apr 18 15:05:27 UTC 2019
------------------ testing $PTII/ptolemy/domains/de/test/auto/OpenQueuingNetwork.xml
auto.tcl: Setting watchdog for 200 seconds at Thu Apr 18 15:05:27 UTC 2019
237 ms. Memory: 278528K Free: 179641K (64%)
ptolemy.util.test.WatchDog.cancel(): canceling Thu Apr 18 15:05:28 UTC 2019
auto.tcl: Setting watchdog for 200 seconds at Thu Apr 18 15:05:28 UTC 2019
235 ms. Memory: 278528K Free: 117832K (42%)
ptolemy.util.test.WatchDog.cancel(): canceling Thu Apr 18 15:05:28 UTC 2019
------------------ testing $PTII/ptolemy/domains/de/test/auto/PeriodicSampler.xml
auto.tcl: Setting watchdog for 200 seconds at Thu Apr 18 15:05:28 UTC 2019
2 ms. Memory: 281088K Free: 268926K (96%)
ptolemy.util.test.WatchDog.cancel(): canceling Thu Apr 18 15:05:28 UTC 2019
auto.tcl: Setting watchdog for 200 seconds at Thu Apr 18 15:05:28 UTC 2019
1 ms. Memory: 281088K Free: 266026K (95%)
ptolemy.util.test.WatchDog.cancel(): canceling Thu Apr 18 15:05:28 UTC 2019
------------------ testing $PTII/ptolemy/domains/de/test/auto/PersistentIO.xml
auto.tcl: Setting watchdog for 200 seconds at Thu Apr 18 15:05:28 UTC 2019
5 ms. Memory: 278528K Free: 263254K (95%)
ptolemy.util.test.WatchDog.cancel(): canceling Thu Apr 18 15:05:28 UTC 2019
auto.tcl: Setting watchdog for 200 seconds at Thu Apr 18 15:05:28 UTC 2019
4 ms. Memory: 278528K Free: 260338K (93%)
ptolemy.util.test.WatchDog.cancel(): canceling Thu Apr 18 15:05:28 UTC 2019
------------------ testing $PTII/ptolemy/domains/de/test/auto/PortParameterResetOnInitialize.xml
auto.tcl: Setting watchdog for 200 seconds at Thu Apr 18 15:05:28 UTC 2019
3 ms. Memory: 280576K Free: 266123K (95%)
ptolemy.util.test.WatchDog.cancel(): canceling Thu Apr 18 15:05:28 UTC 2019
auto.tcl: Setting watchdog for 200 seconds at Thu Apr 18 15:05:28 UTC 2019
2 ms. Memory: 280576K Free: 266123K (95%)
ptolemy.util.test.WatchDog.cancel(): canceling Thu Apr 18 15:05:28 UTC 2019
------------------ testing $PTII/ptolemy/domains/de/test/auto/PortParameterUpdates.xml
auto.tcl: Setting watchdog for 200 seconds at Thu Apr 18 15:05:28 UTC 2019
3 ms. Memory: 278528K Free: 266164K (96%)
ptolemy.util.test.WatchDog.cancel(): canceling Thu Apr 18 15:05:28 UTC 2019
auto.tcl: Setting watchdog for 200 seconds at Thu Apr 18 15:05:28 UTC 2019
3 ms. Memory: 278528K Free: 263256K (95%)
ptolemy.util.test.WatchDog.cancel(): canceling Thu Apr 18 15:05:28 UTC 2019
------------------ testing $PTII/ptolemy/domains/de/test/auto/QueueAndServer.xml
auto.tcl: Setting watchdog for 200 seconds at Thu Apr 18 15:05:28 UTC 2019
17 ms. Memory: 280576K Free: 263156K (94%)
ptolemy.util.test.WatchDog.cancel(): canceling Thu Apr 18 15:05:28 UTC 2019
auto.tcl: Setting watchdog for 200 seconds at Thu Apr 18 15:05:28 UTC 2019
6 ms. Memory: 280576K Free: 263156K (94%)
ptolemy.util.test.WatchDog.cancel(): canceling Thu Apr 18 15:05:28 UTC 2019
------------------ testing $PTII/ptolemy/domains/de/test/auto/Records.xml
auto.tcl: Setting watchdog for 200 seconds at Thu Apr 18 15:05:28 UTC 2019
8 ms. Memory: 278528K Free: 265921K (95%)
ptolemy.util.test.WatchDog.cancel(): canceling Thu Apr 18 15:05:28 UTC 2019
auto.tcl: Setting watchdog for 200 seconds at Thu Apr 18 15:05:28 UTC 2019
2 ms. Memory: 278528K Free: 265921K (95%)
ptolemy.util.test.WatchDog.cancel(): canceling Thu Apr 18 15:05:28 UTC 2019
------------------ testing $PTII/ptolemy/domains/de/test/auto/ResetTransitionWithStartTime1.xml
auto.tcl: Setting watchdog for 200 seconds at Thu Apr 18 15:05:28 UTC 2019
12 ms. Memory: 280064K Free: 262595K (94%)
ptolemy.util.test.WatchDog.cancel(): canceling Thu Apr 18 15:05:28 UTC 2019
auto.tcl: Setting watchdog for 200 seconds at Thu Apr 18 15:05:28 UTC 2019
5 ms. Memory: 280064K Free: 262595K (94%)
ptolemy.util.test.WatchDog.cancel(): canceling Thu Apr 18 15:05:28 UTC 2019
------------------ testing $PTII/ptolemy/domains/de/test/auto/ResetTransitionWithStartTime2.xml
auto.tcl: Setting watchdog for 200 seconds at Thu Apr 18 15:05:28 UTC 2019
6 ms. Memory: 278528K Free: 261192K (94%)
ptolemy.util.test.WatchDog.cancel(): canceling Thu Apr 18 15:05:28 UTC 2019
auto.tcl: Setting watchdog for 200 seconds at Thu Apr 18 15:05:28 UTC 2019
6 ms. Memory: 278528K Free: 261192K (94%)
ptolemy.util.test.WatchDog.cancel(): canceling Thu Apr 18 15:05:28 UTC 2019
------------------ testing $PTII/ptolemy/domains/de/test/auto/ResetTransitionWithStartTime3.xml
auto.tcl: Setting watchdog for 200 seconds at Thu Apr 18 15:05:28 UTC 2019
4 ms. Memory: 280064K Free: 262578K (94%)
ptolemy.util.test.WatchDog.cancel(): canceling Thu Apr 18 15:05:28 UTC 2019
auto.tcl: Setting watchdog for 200 seconds at Thu Apr 18 15:05:28 UTC 2019
5 ms. Memory: 280064K Free: 262578K (94%)
ptolemy.util.test.WatchDog.cancel(): canceling Thu Apr 18 15:05:28 UTC 2019
------------------ testing $PTII/ptolemy/domains/de/test/auto/ResetTransitionWithStartTime4.xml
auto.tcl: Setting watchdog for 200 seconds at Thu Apr 18 15:05:29 UTC 2019
4 ms. Memory: 278528K Free: 263036K (94%)
ptolemy.util.test.WatchDog.cancel(): canceling Thu Apr 18 15:05:29 UTC 2019
auto.tcl: Setting watchdog for 200 seconds at Thu Apr 18 15:05:29 UTC 2019
3 ms. Memory: 278528K Free: 263036K (94%)
ptolemy.util.test.WatchDog.cancel(): canceling Thu Apr 18 15:05:29 UTC 2019
------------------ testing $PTII/ptolemy/domains/de/test/auto/ResettableTimer1.xml
auto.tcl: Setting watchdog for 200 seconds at Thu Apr 18 15:05:29 UTC 2019
2 ms. Memory: 280064K Free: 267475K (96%)
ptolemy.util.test.WatchDog.cancel(): canceling Thu Apr 18 15:05:29 UTC 2019
auto.tcl: Setting watchdog for 200 seconds at Thu Apr 18 15:05:29 UTC 2019
2 ms. Memory: 280064K Free: 267475K (96%)
ptolemy.util.test.WatchDog.cancel(): canceling Thu Apr 18 15:05:29 UTC 2019
------------------ testing $PTII/ptolemy/domains/de/test/auto/ResettableTimer2.xml
auto.tcl: Setting watchdog for 200 seconds at Thu Apr 18 15:05:29 UTC 2019
3 ms. Memory: 278528K Free: 266138K (96%)
ptolemy.util.test.WatchDog.cancel(): canceling Thu Apr 18 15:05:29 UTC 2019
auto.tcl: Setting watchdog for 200 seconds at Thu Apr 18 15:05:29 UTC 2019
2 ms. Memory: 278528K Free: 266138K (96%)
ptolemy.util.test.WatchDog.cancel(): canceling Thu Apr 18 15:05:29 UTC 2019
------------------ testing $PTII/ptolemy/domains/de/test/auto/ResettableTimer3.xml
auto.tcl: Setting watchdog for 200 seconds at Thu Apr 18 15:05:29 UTC 2019
1 ms. Memory: 279552K Free: 267012K (96%)
ptolemy.util.test.WatchDog.cancel(): canceling Thu Apr 18 15:05:29 UTC 2019
auto.tcl: Setting watchdog for 200 seconds at Thu Apr 18 15:05:29 UTC 2019
1 ms. Memory: 279552K Free: 267012K (96%)
ptolemy.util.test.WatchDog.cancel(): canceling Thu Apr 18 15:05:29 UTC 2019
------------------ testing $PTII/ptolemy/domains/de/test/auto/ResettableTimer4.xml
auto.tcl: Setting watchdog for 200 seconds at Thu Apr 18 15:05:29 UTC 2019
2 ms. Memory: 278528K Free: 266157K (96%)
ptolemy.util.test.WatchDog.cancel(): canceling Thu Apr 18 15:05:29 UTC 2019
auto.tcl: Setting watchdog for 200 seconds at Thu Apr 18 15:05:29 UTC 2019
1 ms. Memory: 278528K Free: 266157K (96%)
ptolemy.util.test.WatchDog.cancel(): canceling Thu Apr 18 15:05:29 UTC 2019
------------------ testing $PTII/ptolemy/domains/de/test/auto/ResettableTimer5.xml
auto.tcl: Setting watchdog for 200 seconds at Thu Apr 18 15:05:29 UTC 2019
2 ms. Memory: 279552K Free: 265052K (95%)
ptolemy.util.test.WatchDog.cancel(): canceling Thu Apr 18 15:05:29 UTC 2019
auto.tcl: Setting watchdog for 200 seconds at Thu Apr 18 15:05:29 UTC 2019
1 ms. Memory: 279552K Free: 265052K (95%)
ptolemy.util.test.WatchDog.cancel(): canceling Thu Apr 18 15:05:29 UTC 2019
------------------ testing $PTII/ptolemy/domains/de/test/auto/ResettableTimer6.xml
auto.tcl: Setting watchdog for 200 seconds at Thu Apr 18 15:05:29 UTC 2019
2 ms. Memory: 278528K Free: 262006K (94%)
ptolemy.util.test.WatchDog.cancel(): canceling Thu Apr 18 15:05:29 UTC 2019
auto.tcl: Setting watchdog for 200 seconds at Thu Apr 18 15:05:29 UTC 2019
1 ms. Memory: 278528K Free: 262006K (94%)
ptolemy.util.test.WatchDog.cancel(): canceling Thu Apr 18 15:05:29 UTC 2019
------------------ testing $PTII/ptolemy/domains/de/test/auto/ServerZeroDelay.xml
auto.tcl: Setting watchdog for 200 seconds at Thu Apr 18 15:05:29 UTC 2019
3 ms. Memory: 279552K Free: 267128K (96%)
ptolemy.util.test.WatchDog.cancel(): canceling Thu Apr 18 15:05:29 UTC 2019
auto.tcl: Setting watchdog for 200 seconds at Thu Apr 18 15:05:29 UTC 2019
3 ms. Memory: 279552K Free: 267128K (96%)
ptolemy.util.test.WatchDog.cancel(): canceling Thu Apr 18 15:05:29 UTC 2019
------------------ testing $PTII/ptolemy/domains/de/test/auto/SmartSender.xml
auto.tcl: Setting watchdog for 200 seconds at Thu Apr 18 15:05:29 UTC 2019
3001 ms. Memory: 278528K Free: 266083K (96%)
ptolemy.util.test.WatchDog.cancel(): canceling Thu Apr 18 15:05:32 UTC 2019
auto.tcl: Setting watchdog for 200 seconds at Thu Apr 18 15:05:32 UTC 2019
3001 ms. Memory: 278528K Free: 266083K (96%)
ptolemy.util.test.WatchDog.cancel(): canceling Thu Apr 18 15:05:35 UTC 2019
------------------ testing $PTII/ptolemy/domains/de/test/auto/ThreadedComposite.xml
auto.tcl: Setting watchdog for 200 seconds at Thu Apr 18 15:05:35 UTC 2019
238 ms. Memory: 279552K Free: 247358K (88%)
ptolemy.util.test.WatchDog.cancel(): canceling Thu Apr 18 15:05:35 UTC 2019
auto.tcl: Setting watchdog for 200 seconds at Thu Apr 18 15:05:35 UTC 2019
204 ms. Memory: 279552K Free: 226824K (81%)
ptolemy.util.test.WatchDog.cancel(): canceling Thu Apr 18 15:05:36 UTC 2019
------------------ testing $PTII/ptolemy/domains/de/test/auto/Time.xml
auto.tcl: Setting watchdog for 200 seconds at Thu Apr 18 15:05:36 UTC 2019
539 ms. Memory: 278528K Free: 208510K (75%)
ptolemy.util.test.WatchDog.cancel(): canceling Thu Apr 18 15:05:36 UTC 2019
auto.tcl: Setting watchdog for 200 seconds at Thu Apr 18 15:05:36 UTC 2019
541 ms. Memory: 278528K Free: 150518K (54%)
ptolemy.util.test.WatchDog.cancel(): canceling Thu Apr 18 15:05:37 UTC 2019
------------------ testing $PTII/ptolemy/domains/de/test/auto/TimeDelayZeroDelay.xml
auto.tcl: Setting watchdog for 200 seconds at Thu Apr 18 15:05:37 UTC 2019
3 ms. Memory: 279040K Free: 267085K (96%)
ptolemy.util.test.WatchDog.cancel(): canceling Thu Apr 18 15:05:37 UTC 2019
auto.tcl: Setting watchdog for 200 seconds at Thu Apr 18 15:05:37 UTC 2019
2 ms. Memory: 279040K Free: 267085K (96%)
ptolemy.util.test.WatchDog.cancel(): canceling Thu Apr 18 15:05:37 UTC 2019
------------------ testing $PTII/ptolemy/domains/de/test/auto/TimerZeroDelay.xml
auto.tcl: Setting watchdog for 200 seconds at Thu Apr 18 15:05:37 UTC 2019
4 ms. Memory: 278528K Free: 266714K (96%)
ptolemy.util.test.WatchDog.cancel(): canceling Thu Apr 18 15:05:37 UTC 2019
auto.tcl: Setting watchdog for 200 seconds at Thu Apr 18 15:05:37 UTC 2019
2 ms. Memory: 278528K Free: 266714K (96%)
ptolemy.util.test.WatchDog.cancel(): canceling Thu Apr 18 15:05:37 UTC 2019
------------------ testing $PTII/ptolemy/domains/de/test/auto/TimingParadox.xml
auto.tcl: Setting watchdog for 200 seconds at Thu Apr 18 15:05:37 UTC 2019
357 ms. Memory: 279040K Free: 198755K (71%)
ptolemy.util.test.WatchDog.cancel(): canceling Thu Apr 18 15:05:37 UTC 2019
auto.tcl: Setting watchdog for 200 seconds at Thu Apr 18 15:05:37 UTC 2019
294 ms. Memory: 279040K Free: 162811K (58%)
ptolemy.util.test.WatchDog.cancel(): canceling Thu Apr 18 15:05:38 UTC 2019
------------------ testing $PTII/ptolemy/domains/de/test/auto/TransferInputs.xml
auto.tcl: Setting watchdog for 200 seconds at Thu Apr 18 15:05:38 UTC 2019
1 ms. Memory: 279040K Free: 266268K (95%)
ptolemy.util.test.WatchDog.cancel(): canceling Thu Apr 18 15:05:38 UTC 2019
auto.tcl: Setting watchdog for 200 seconds at Thu Apr 18 15:05:38 UTC 2019
2 ms. Memory: 279040K Free: 266268K (95%)
ptolemy.util.test.WatchDog.cancel(): canceling Thu Apr 18 15:05:38 UTC 2019
------------------ testing $PTII/ptolemy/domains/de/test/auto/TransferOutputs2.xml
auto.tcl: Setting watchdog for 200 seconds at Thu Apr 18 15:05:38 UTC 2019
4 ms. Memory: 278528K Free: 264346K (95%)
ptolemy.util.test.WatchDog.cancel(): canceling Thu Apr 18 15:05:38 UTC 2019
auto.tcl: Setting watchdog for 200 seconds at Thu Apr 18 15:05:38 UTC 2019
2 ms. Memory: 278528K Free: 261803K (94%)
ptolemy.util.test.WatchDog.cancel(): canceling Thu Apr 18 15:05:38 UTC 2019
------------------ testing $PTII/ptolemy/domains/de/test/auto/Trilateration.xml
auto.tcl: Setting watchdog for 200 seconds at Thu Apr 18 15:05:38 UTC 2019
13792 ms. Memory: 542720K Free: 93755K (17%)
ptolemy.util.test.WatchDog.cancel(): canceling Thu Apr 18 15:05:53 UTC 2019
auto.tcl: Setting watchdog for 200 seconds at Thu Apr 18 15:05:53 UTC 2019
11292 ms. Memory: 411136K Free: 107362K (26%)
ptolemy.util.test.WatchDog.cancel(): canceling Thu Apr 18 15:06:04 UTC 2019
------------------ testing $PTII/ptolemy/domains/de/test/auto/TwoSigmaDelta.xml
auto.tcl: Setting watchdog for 200 seconds at Thu Apr 18 15:06:04 UTC 2019
2537 ms. Memory: 414208K Free: 114769K (28%)
ptolemy.util.test.WatchDog.cancel(): canceling Thu Apr 18 15:06:07 UTC 2019
auto.tcl: Setting watchdog for 200 seconds at Thu Apr 18 15:06:07 UTC 2019
2055 ms. Memory: 396800K Free: 197154K (50%)
ptolemy.util.test.WatchDog.cancel(): canceling Thu Apr 18 15:06:09 UTC 2019
------------------ testing $PTII/ptolemy/domains/de/test/auto/VariableDelay.xml
auto.tcl: Setting watchdog for 200 seconds at Thu Apr 18 15:06:09 UTC 2019
2 ms. Memory: 396288K Free: 379774K (96%)
ptolemy.util.test.WatchDog.cancel(): canceling Thu Apr 18 15:06:09 UTC 2019
auto.tcl: Setting watchdog for 200 seconds at Thu Apr 18 15:06:09 UTC 2019
1 ms. Memory: 396288K Free: 379774K (96%)
ptolemy.util.test.WatchDog.cancel(): canceling Thu Apr 18 15:06:09 UTC 2019
------------------ testing $PTII/ptolemy/domains/de/test/auto/VariableDelay2.xml
auto.tcl: Setting watchdog for 200 seconds at Thu Apr 18 15:06:09 UTC 2019
2 ms. Memory: 396288K Free: 383335K (97%)
ptolemy.util.test.WatchDog.cancel(): canceling Thu Apr 18 15:06:09 UTC 2019
auto.tcl: Setting watchdog for 200 seconds at Thu Apr 18 15:06:09 UTC 2019
2 ms. Memory: 396288K Free: 383335K (97%)
ptolemy.util.test.WatchDog.cancel(): canceling Thu Apr 18 15:06:09 UTC 2019
------------------ testing $PTII/ptolemy/domains/de/test/auto/VariableDelayZeroDelay.xml
auto.tcl: Setting watchdog for 200 seconds at Thu Apr 18 15:06:09 UTC 2019
6 ms. Memory: 398336K Free: 382233K (96%)
ptolemy.util.test.WatchDog.cancel(): canceling Thu Apr 18 15:06:09 UTC 2019
auto.tcl: Setting watchdog for 200 seconds at Thu Apr 18 15:06:09 UTC 2019
2 ms. Memory: 398336K Free: 382233K (96%)
ptolemy.util.test.WatchDog.cancel(): canceling Thu Apr 18 15:06:09 UTC 2019
------------------ testing $PTII/ptolemy/domains/de/test/auto/VariableDelayZeroDelay2.xml
auto.tcl: Setting watchdog for 200 seconds at Thu Apr 18 15:06:09 UTC 2019
2 ms. Memory: 396288K Free: 380183K (96%)
ptolemy.util.test.WatchDog.cancel(): canceling Thu Apr 18 15:06:09 UTC 2019
auto.tcl: Setting watchdog for 200 seconds at Thu Apr 18 15:06:09 UTC 2019
2 ms. Memory: 396288K Free: 380183K (96%)
ptolemy.util.test.WatchDog.cancel(): canceling Thu Apr 18 15:06:09 UTC 2019
------------------ testing $PTII/ptolemy/domains/de/test/auto/deInCt.xml
auto.tcl: Setting watchdog for 200 seconds at Thu Apr 18 15:06:09 UTC 2019
0
1
1
1
0
0
0
1
1
1
0
0
0
0
1
1
1
0
0
0
1
1
1
1
1
0
0
0
0
1
1
1
0
0
0
1
1
1
1
0
0
0
1
1
1
1
11 ms. Memory: 398336K Free: 382221K (96%)
ptolemy.util.test.WatchDog.cancel(): canceling Thu Apr 18 15:06:09 UTC 2019
auto.tcl: Setting watchdog for 200 seconds at Thu Apr 18 15:06:09 UTC 2019
0
1
1
1
0
0
0
0
0
0
1
1
1
0
0
0
0
0
0
1
1
1
0
0
0
1
1
1
0
0
0
0
8 ms. Memory: 398336K Free: 377179K (95%)
ptolemy.util.test.WatchDog.cancel(): canceling Thu Apr 18 15:06:09 UTC 2019
------------------ testing $PTII/ptolemy/domains/de/test/auto/deInCt2.xml
auto.tcl: Setting watchdog for 200 seconds at Thu Apr 18 15:06:09 UTC 2019
0
1
1
1
0
0
1
1
1
0
0
1
1
1
0
0
1
1
1
0
0
1
1
1
0
0
1
1
1
0
0
1
1
1
0
0
1
1
1
0
0
0
6 ms. Memory: 396288K Free: 380172K (96%)
ptolemy.util.test.WatchDog.cancel(): canceling Thu Apr 18 15:06:09 UTC 2019
auto.tcl: Setting watchdog for 200 seconds at Thu Apr 18 15:06:09 UTC 2019
0
1
1
1
0
0
1
1
1
0
0
1
1
1
0
0
1
1
1
0
0
1
1
1
0
0
1
1
1
0
0
1
1
1
0
0
1
1
1
0
0
0
7 ms. Memory: 396288K Free: 375115K (95%)
ptolemy.util.test.WatchDog.cancel(): canceling Thu Apr 18 15:06:09 UTC 2019
------------------ testing $PTII/ptolemy/domains/de/test/auto/dynamicCausalityInterface1.xml
auto.tcl: Setting watchdog for 200 seconds at Thu Apr 18 15:06:09 UTC 2019
1 ms. Memory: 397824K Free: 379819K (95%)
ptolemy.util.test.WatchDog.cancel(): canceling Thu Apr 18 15:06:09 UTC 2019
auto.tcl: Setting watchdog for 200 seconds at Thu Apr 18 15:06:09 UTC 2019
0 ms. Memory: 397824K Free: 379819K (95%)
ptolemy.util.test.WatchDog.cancel(): canceling Thu Apr 18 15:06:09 UTC 2019
------------------ testing $PTII/ptolemy/domains/de/test/auto/fsm_de_test.xml
auto.tcl: Setting watchdog for 200 seconds at Thu Apr 18 15:06:09 UTC 2019
12 ms. Memory: 396288K Free: 375028K (95%)
ptolemy.util.test.WatchDog.cancel(): canceling Thu Apr 18 15:06:09 UTC 2019
auto.tcl: Setting watchdog for 200 seconds at Thu Apr 18 15:06:09 UTC 2019
6 ms. Memory: 396288K Free: 375028K (95%)
ptolemy.util.test.WatchDog.cancel(): canceling Thu Apr 18 15:06:09 UTC 2019
------------------ testing $PTII/ptolemy/domains/de/test/auto/functionDependencyReconstruction.xml
auto.tcl: Setting watchdog for 200 seconds at Thu Apr 18 15:06:09 UTC 2019
4 ms. Memory: 397824K Free: 371498K (93%)
ptolemy.util.test.WatchDog.cancel(): canceling Thu Apr 18 15:06:09 UTC 2019
auto.tcl: Setting watchdog for 200 seconds at Thu Apr 18 15:06:09 UTC 2019
2 ms. Memory: 397824K Free: 366441K (92%)
ptolemy.util.test.WatchDog.cancel(): canceling Thu Apr 18 15:06:09 UTC 2019
------------------ testing $PTII/ptolemy/domains/de/test/auto/multirate.xml
auto.tcl: Setting watchdog for 200 seconds at Thu Apr 18 15:06:09 UTC 2019
3 ms. Memory: 396288K Free: 378019K (95%)
ptolemy.util.test.WatchDog.cancel(): canceling Thu Apr 18 15:06:09 UTC 2019
auto.tcl: Setting watchdog for 200 seconds at Thu Apr 18 15:06:09 UTC 2019
3 ms. Memory: 396288K Free: 378019K (95%)
ptolemy.util.test.WatchDog.cancel(): canceling Thu Apr 18 15:06:09 UTC 2019
------------------ testing $PTII/ptolemy/domains/de/test/auto/multirate2.xml
auto.tcl: Setting watchdog for 200 seconds at Thu Apr 18 15:06:09 UTC 2019
6 ms. Memory: 397312K Free: 379237K (95%)
ptolemy.util.test.WatchDog.cancel(): canceling Thu Apr 18 15:06:09 UTC 2019
auto.tcl: Setting watchdog for 200 seconds at Thu Apr 18 15:06:09 UTC 2019
3 ms. Memory: 397312K Free: 379237K (95%)
ptolemy.util.test.WatchDog.cancel(): canceling Thu Apr 18 15:06:09 UTC 2019
------------------ testing $PTII/ptolemy/domains/de/test/auto/realtime.xml
auto.tcl: Setting watchdog for 200 seconds at Thu Apr 18 15:06:09 UTC 2019
10002 ms. Memory: 396288K Free: 373814K (94%)
ptolemy.util.test.WatchDog.cancel(): canceling Thu Apr 18 15:06:20 UTC 2019
auto.tcl: Setting watchdog for 200 seconds at Thu Apr 18 15:06:20 UTC 2019
10002 ms. Memory: 396288K Free: 373814K (94%)
ptolemy.util.test.WatchDog.cancel(): canceling Thu Apr 18 15:06:30 UTC 2019
------------------ testing $PTII/ptolemy/domains/de/test/auto/relationGroup.xml
auto.tcl: Setting watchdog for 200 seconds at Thu Apr 18 15:06:30 UTC 2019
2 ms. Memory: 397312K Free: 384318K (97%)
ptolemy.util.test.WatchDog.cancel(): canceling Thu Apr 18 15:06:30 UTC 2019
auto.tcl: Setting watchdog for 200 seconds at Thu Apr 18 15:06:30 UTC 2019
1 ms. Memory: 397312K Free: 384318K (97%)
ptolemy.util.test.WatchDog.cancel(): canceling Thu Apr 18 15:06:30 UTC 2019
------------------ testing $PTII/ptolemy/domains/de/test/auto/relationGroup2.xml
auto.tcl: Setting watchdog for 200 seconds at Thu Apr 18 15:06:30 UTC 2019
8 ms. Memory: 396288K Free: 383321K (97%)
ptolemy.util.test.WatchDog.cancel(): canceling Thu Apr 18 15:06:30 UTC 2019
auto.tcl: Setting watchdog for 200 seconds at Thu Apr 18 15:06:30 UTC 2019
1 ms. Memory: 396288K Free: 383321K (97%)
ptolemy.util.test.WatchDog.cancel(): canceling Thu Apr 18 15:06:30 UTC 2019
------------------ testing $PTII/ptolemy/domains/de/test/auto/sortWithOpaquePorts.xml
auto.tcl: Setting watchdog for 200 seconds at Thu Apr 18 15:06:30 UTC 2019
2 ms. Memory: 397312K Free: 381197K (96%)
ptolemy.util.test.WatchDog.cancel(): canceling Thu Apr 18 15:06:30 UTC 2019
auto.tcl: Setting watchdog for 200 seconds at Thu Apr 18 15:06:30 UTC 2019
2 ms. Memory: 397312K Free: 381197K (96%)
ptolemy.util.test.WatchDog.cancel(): canceling Thu Apr 18 15:06:30 UTC 2019
------------------ testing $PTII/ptolemy/domains/de/test/auto/transferInputsandOutputs.xml
auto.tcl: Setting watchdog for 200 seconds at Thu Apr 18 15:06:30 UTC 2019
3 ms. Memory: 396288K Free: 375111K (95%)
ptolemy.util.test.WatchDog.cancel(): canceling Thu Apr 18 15:06:30 UTC 2019
auto.tcl: Setting watchdog for 200 seconds at Thu Apr 18 15:06:30 UTC 2019
3 ms. Memory: 396288K Free: 375111K (95%)
ptolemy.util.test.WatchDog.cancel(): canceling Thu Apr 18 15:06:30 UTC 2019
------------------ testing $PTII/ptolemy/domains/de/test/auto/triggerType.xml
auto.tcl: Setting watchdog for 200 seconds at Thu Apr 18 15:06:30 UTC 2019
2 ms. Memory: 396800K Free: 380622K (96%)
ptolemy.util.test.WatchDog.cancel(): canceling Thu Apr 18 15:06:30 UTC 2019
auto.tcl: Setting watchdog for 200 seconds at Thu Apr 18 15:06:30 UTC 2019
1 ms. Memory: 396800K Free: 380622K (96%)
ptolemy.util.test.WatchDog.cancel(): canceling Thu Apr 18 15:06:30 UTC 2019
04/18/19 03:06:30
Failed: 0  Total Tests: 192  ((Passed: 187, Newly Passed: 1)  Known Failed: 5) /home/travis/build/icyphy/ptII/ptolemy/domains/de/test
04/18/19 03:06:30
Failed: 0  Total Tests: 192  ((Passed: 187, Newly Passed: 1)  Known Failed: 5) /home/travis/build/icyphy/ptII/ptolemy/domains/de/test
----------------- testing (KnownFailure) /home/travis/build/icyphy/ptII/ptolemy/domains/de/test/auto/knownFailedTests/DESDFClockTest.xml
2017 ms. Memory: 396288K Free: 367561K (93%)
Known Failure: java.lang.reflect.InvocationTargetException
----------------- testing (KnownFailure) /home/travis/build/icyphy/ptII/ptolemy/domains/de/test/auto/knownFailedTests/DirectFeedback.xml
2 ms. Memory: 396288K Free: 342370K (86%)
Known Failure: java.lang.reflect.InvocationTargetException
----------------- testing (KnownFailure) /home/travis/build/icyphy/ptII/ptolemy/domains/de/test/auto/knownFailedTests/FSMSource.xml
7 ms. Memory: 396288K Free: 317180K (80%)
----------------- testing (KnownFailure) /home/travis/build/icyphy/ptII/ptolemy/domains/de/test/auto/knownFailedTests/HierarchicalModel.xml
2 ms. Memory: 396288K Free: 291989K (74%)
Known Failure: java.lang.reflect.InvocationTargetException
----------------- testing (KnownFailure) /home/travis/build/icyphy/ptII/ptolemy/domains/de/test/auto/knownFailedTests/dependencyLoop.xml
3 ms. Memory: 396288K Free: 254171K (64%)
Known Failure: java.lang.reflect.InvocationTargetException
----------------- testing (KnownFailure) /home/travis/build/icyphy/ptII/ptolemy/domains/de/test/auto/knownFailedTests/dependencyLoop2.xml
3 ms. Memory: 396288K Free: 216361K (55%)
Known Failure: java.lang.reflect.InvocationTargetException
No auto/linux-amd64/*.xml tests in /home/travis/build/icyphy/ptII/ptolemy/domains/de/test
AutoTests.java: About to close Vertx.
AutoTests.java: Vertx closed.

===========================================================================================
----------------- testing Thu Apr 18 15:06:32 UTC 2019 /home/travis/build/icyphy/ptII/ptolemy/domains/de/test/auto/ActorDepthCalculation_actorWithoutPorts.xml
----------------- Instantiating /home/travis/build/icyphy/ptII/ptolemy/domains/de/test/auto/ActorDepthCalculation_actorWithoutPorts.xml
2 ms. Memory: 396288K Free: 184873K (47%)
----------------- Invoking toplevel() on ptolemy.moml.MoMLSimpleApplication@50c2dd7b
----------------- Done invoking toplevel() on ptolemy.moml.MoMLSimpleApplication@50c2dd7b
reloadAllAccessors: .ActorDepthCalculation_actorWithoutPorts

===========================================================================================
----------------- testing Thu Apr 18 15:06:32 UTC 2019 /home/travis/build/icyphy/ptII/ptolemy/domains/de/test/auto/AssemblyLine.xml
----------------- Instantiating /home/travis/build/icyphy/ptII/ptolemy/domains/de/test/auto/AssemblyLine.xml
5 ms. Memory: 396288K Free: 165964K (42%)
----------------- Invoking toplevel() on ptolemy.moml.MoMLSimpleApplication@3a1aed79
----------------- Done invoking toplevel() on ptolemy.moml.MoMLSimpleApplication@3a1aed79
reloadAllAccessors: .AssemblyLine

===========================================================================================
----------------- testing Thu Apr 18 15:06:32 UTC 2019 /home/travis/build/icyphy/ptII/ptolemy/domains/de/test/auto/CQBug1.xml
----------------- Instantiating /home/travis/build/icyphy/ptII/ptolemy/domains/de/test/auto/CQBug1.xml
2 ms. Memory: 396288K Free: 153369K (39%)
----------------- Invoking toplevel() on ptolemy.moml.MoMLSimpleApplication@20cc0322
----------------- Done invoking toplevel() on ptolemy.moml.MoMLSimpleApplication@20cc0322
reloadAllAccessors: .CQBug1

===========================================================================================
----------------- testing Thu Apr 18 15:06:32 UTC 2019 /home/travis/build/icyphy/ptII/ptolemy/domains/de/test/auto/CancelFireAt.xml
----------------- Instantiating /home/travis/build/icyphy/ptII/ptolemy/domains/de/test/auto/CancelFireAt.xml
1 ms. Memory: 396288K Free: 140774K (36%)
----------------- Invoking toplevel() on ptolemy.moml.MoMLSimpleApplication@2ffa38e
----------------- Done invoking toplevel() on ptolemy.moml.MoMLSimpleApplication@2ffa38e
reloadAllAccessors: .CancelFireAt

===========================================================================================
----------------- testing Thu Apr 18 15:06:32 UTC 2019 /home/travis/build/icyphy/ptII/ptolemy/domains/de/test/auto/CausalityAndComposabilityAnalysis.xml
----------------- Instantiating /home/travis/build/icyphy/ptII/ptolemy/domains/de/test/auto/CausalityAndComposabilityAnalysis.xml
2 ms. Memory: 396288K Free: 128178K (32%)
----------------- Invoking toplevel() on ptolemy.moml.MoMLSimpleApplication@6b503cba
----------------- Done invoking toplevel() on ptolemy.moml.MoMLSimpleApplication@6b503cba
reloadAllAccessors: .CausalityAndComposabilityAnalysis

===========================================================================================
----------------- testing Thu Apr 18 15:06:32 UTC 2019 /home/travis/build/icyphy/ptII/ptolemy/domains/de/test/auto/CausalityInterface1.xml
----------------- Instantiating /home/travis/build/icyphy/ptII/ptolemy/domains/de/test/auto/CausalityInterface1.xml
7 ms. Memory: 396288K Free: 115583K (29%)
----------------- Invoking toplevel() on ptolemy.moml.MoMLSimpleApplication@57aa8f8b
----------------- Done invoking toplevel() on ptolemy.moml.MoMLSimpleApplication@57aa8f8b
reloadAllAccessors: .CausalityInterface1

===========================================================================================
----------------- testing Thu Apr 18 15:06:32 UTC 2019 /home/travis/build/icyphy/ptII/ptolemy/domains/de/test/auto/CausalityInterface15.xml
----------------- Instantiating /home/travis/build/icyphy/ptII/ptolemy/domains/de/test/auto/CausalityInterface15.xml
2 ms. Memory: 396288K Free: 102988K (26%)
----------------- Invoking toplevel() on ptolemy.moml.MoMLSimpleApplication@7ba83cf9
----------------- Done invoking toplevel() on ptolemy.moml.MoMLSimpleApplication@7ba83cf9
reloadAllAccessors: .CausalityInterface15

===========================================================================================
----------------- testing Thu Apr 18 15:06:32 UTC 2019 /home/travis/build/icyphy/ptII/ptolemy/domains/de/test/auto/CausalityInterface2.xml
----------------- Instantiating /home/travis/build/icyphy/ptII/ptolemy/domains/de/test/auto/CausalityInterface2.xml
2 ms. Memory: 396288K Free: 90393K (23%)
----------------- Invoking toplevel() on ptolemy.moml.MoMLSimpleApplication@4ae22dc6
----------------- Done invoking toplevel() on ptolemy.moml.MoMLSimpleApplication@4ae22dc6
reloadAllAccessors: .CausalityInterface2

===========================================================================================
----------------- testing Thu Apr 18 15:06:32 UTC 2019 /home/travis/build/icyphy/ptII/ptolemy/domains/de/test/auto/CausalityInterface3.xml
----------------- Instantiating /home/travis/build/icyphy/ptII/ptolemy/domains/de/test/auto/CausalityInterface3.xml
2 ms. Memory: 396288K Free: 77797K (20%)
----------------- Invoking toplevel() on ptolemy.moml.MoMLSimpleApplication@42762f3e
----------------- Done invoking toplevel() on ptolemy.moml.MoMLSimpleApplication@42762f3e
reloadAllAccessors: .CausalityInterface3

===========================================================================================
----------------- testing Thu Apr 18 15:06:32 UTC 2019 /home/travis/build/icyphy/ptII/ptolemy/domains/de/test/auto/ClockDrift.xml
----------------- Instantiating /home/travis/build/icyphy/ptII/ptolemy/domains/de/test/auto/ClockDrift.xml
17 ms. Memory: 382464K Free: 359376K (94%)
----------------- Invoking toplevel() on ptolemy.moml.MoMLSimpleApplication@4a8436c7
----------------- Done invoking toplevel() on ptolemy.moml.MoMLSimpleApplication@4a8436c7
reloadAllAccessors: .ClockDrift

===========================================================================================
----------------- testing Thu Apr 18 15:06:32 UTC 2019 /home/travis/build/icyphy/ptII/ptolemy/domains/de/test/auto/ClockDriftAndValueChange.xml
----------------- Instantiating /home/travis/build/icyphy/ptII/ptolemy/domains/de/test/auto/ClockDriftAndValueChange.xml
12 ms. Memory: 382464K Free: 338182K (88%)
----------------- Invoking toplevel() on ptolemy.moml.MoMLSimpleApplication@223d4eb2
----------------- Done invoking toplevel() on ptolemy.moml.MoMLSimpleApplication@223d4eb2
reloadAllAccessors: .ClockDriftAndValueChange

===========================================================================================
----------------- testing Thu Apr 18 15:06:32 UTC 2019 /home/travis/build/icyphy/ptII/ptolemy/domains/de/test/auto/ClockDriftChange.xml
----------------- Instantiating /home/travis/build/icyphy/ptII/ptolemy/domains/de/test/auto/ClockDriftChange.xml
10 ms. Memory: 382464K Free: 320133K (84%)
----------------- Invoking toplevel() on ptolemy.moml.MoMLSimpleApplication@560cb1f3
----------------- Done invoking toplevel() on ptolemy.moml.MoMLSimpleApplication@560cb1f3
reloadAllAccessors: .ClockDriftChange

===========================================================================================
----------------- testing Thu Apr 18 15:06:32 UTC 2019 /home/travis/build/icyphy/ptII/ptolemy/domains/de/test/auto/ComposableCausalityAnalysis.xml
----------------- Instantiating /home/travis/build/icyphy/ptII/ptolemy/domains/de/test/auto/ComposableCausalityAnalysis.xml
1 ms. Memory: 382464K Free: 308112K (81%)
----------------- Invoking toplevel() on ptolemy.moml.MoMLSimpleApplication@5db17f90
----------------- Done invoking toplevel() on ptolemy.moml.MoMLSimpleApplication@5db17f90
reloadAllAccessors: .ComposableCausalityAnalysis

===========================================================================================
----------------- testing Thu Apr 18 15:06:32 UTC 2019 /home/travis/build/icyphy/ptII/ptolemy/domains/de/test/auto/DEFixedPointLimitation.xml
----------------- Instantiating /home/travis/build/icyphy/ptII/ptolemy/domains/de/test/auto/DEFixedPointLimitation.xml
1 ms. Memory: 382464K Free: 296090K (77%)
----------------- Invoking toplevel() on ptolemy.moml.MoMLSimpleApplication@d34e7ee
----------------- Done invoking toplevel() on ptolemy.moml.MoMLSimpleApplication@d34e7ee
reloadAllAccessors: .DEFixedPointLimitation

===========================================================================================
----------------- testing Thu Apr 18 15:06:32 UTC 2019 /home/travis/build/icyphy/ptII/ptolemy/domains/de/test/auto/DEScheduleTest.xml
----------------- Instantiating /home/travis/build/icyphy/ptII/ptolemy/domains/de/test/auto/DEScheduleTest.xml
2 ms. Memory: 382464K Free: 284068K (74%)
----------------- Invoking toplevel() on ptolemy.moml.MoMLSimpleApplication@352e0ad4
----------------- Done invoking toplevel() on ptolemy.moml.MoMLSimpleApplication@352e0ad4
reloadAllAccessors: .DEScheduleTest

===========================================================================================
----------------- testing Thu Apr 18 15:06:32 UTC 2019 /home/travis/build/icyphy/ptII/ptolemy/domains/de/test/auto/DEinDEwithStartTimes.xml
----------------- Instantiating /home/travis/build/icyphy/ptII/ptolemy/domains/de/test/auto/DEinDEwithStartTimes.xml
2 ms. Memory: 382464K Free: 272046K (71%)
----------------- Invoking toplevel() on ptolemy.moml.MoMLSimpleApplication@3b065b6a
----------------- Done invoking toplevel() on ptolemy.moml.MoMLSimpleApplication@3b065b6a
reloadAllAccessors: .DEinDEwithStartTimes

===========================================================================================
----------------- testing Thu Apr 18 15:06:33 UTC 2019 /home/travis/build/icyphy/ptII/ptolemy/domains/de/test/auto/DEinDEwithStartTimes2.xml
----------------- Instantiating /home/travis/build/icyphy/ptII/ptolemy/domains/de/test/auto/DEinDEwithStartTimes2.xml
2 ms. Memory: 382464K Free: 256863K (67%)
----------------- Invoking toplevel() on ptolemy.moml.MoMLSimpleApplication@69b3b66e
----------------- Done invoking toplevel() on ptolemy.moml.MoMLSimpleApplication@69b3b66e
reloadAllAccessors: .DEinDEwithStartTimes2

===========================================================================================
----------------- testing Thu Apr 18 15:06:33 UTC 2019 /home/travis/build/icyphy/ptII/ptolemy/domains/de/test/auto/DateDemo.xml
----------------- Instantiating /home/travis/build/icyphy/ptII/ptolemy/domains/de/test/auto/DateDemo.xml
5 ms. Memory: 382464K Free: 238814K (62%)
----------------- Invoking toplevel() on ptolemy.moml.MoMLSimpleApplication@65859240
----------------- Done invoking toplevel() on ptolemy.moml.MoMLSimpleApplication@65859240
reloadAllAccessors: .DateDemo

===========================================================================================
----------------- testing Thu Apr 18 15:06:33 UTC 2019 /home/travis/build/icyphy/ptII/ptolemy/domains/de/test/auto/DateToEvent.xml
----------------- Instantiating /home/travis/build/icyphy/ptII/ptolemy/domains/de/test/auto/DateToEvent.xml
2005 ms. Memory: 382464K Free: 214754K (56%)
----------------- Invoking toplevel() on ptolemy.moml.MoMLSimpleApplication@24a7064d
----------------- Done invoking toplevel() on ptolemy.moml.MoMLSimpleApplication@24a7064d
reloadAllAccessors: .DateToEvent

===========================================================================================
----------------- testing Thu Apr 18 15:06:35 UTC 2019 /home/travis/build/icyphy/ptII/ptolemy/domains/de/test/auto/DepthTest1.xml
----------------- Instantiating /home/travis/build/icyphy/ptII/ptolemy/domains/de/test/auto/DepthTest1.xml
1 ms. Memory: 382464K Free: 202732K (53%)
----------------- Invoking toplevel() on ptolemy.moml.MoMLSimpleApplication@1a0b18e8
----------------- Done invoking toplevel() on ptolemy.moml.MoMLSimpleApplication@1a0b18e8
reloadAllAccessors: .DepthTest1

===========================================================================================
----------------- testing Thu Apr 18 15:06:35 UTC 2019 /home/travis/build/icyphy/ptII/ptolemy/domains/de/test/auto/DepthTest2.xml
----------------- Instantiating /home/travis/build/icyphy/ptII/ptolemy/domains/de/test/auto/DepthTest2.xml
1 ms. Memory: 382464K Free: 190711K (50%)
----------------- Invoking toplevel() on ptolemy.moml.MoMLSimpleApplication@6e79088b
----------------- Done invoking toplevel() on ptolemy.moml.MoMLSimpleApplication@6e79088b
reloadAllAccessors: .DepthTest2

===========================================================================================
----------------- testing Thu Apr 18 15:06:35 UTC 2019 /home/travis/build/icyphy/ptII/ptolemy/domains/de/test/auto/DepthTest3.xml
----------------- Instantiating /home/travis/build/icyphy/ptII/ptolemy/domains/de/test/auto/DepthTest3.xml
1 ms. Memory: 382464K Free: 178689K (47%)
----------------- Invoking toplevel() on ptolemy.moml.MoMLSimpleApplication@1f8e1e05
----------------- Done invoking toplevel() on ptolemy.moml.MoMLSimpleApplication@1f8e1e05
reloadAllAccessors: .DepthTest3

===========================================================================================
----------------- testing Thu Apr 18 15:06:35 UTC 2019 /home/travis/build/icyphy/ptII/ptolemy/domains/de/test/auto/DepthTest4.xml
----------------- Instantiating /home/travis/build/icyphy/ptII/ptolemy/domains/de/test/auto/DepthTest4.xml
2 ms. Memory: 382464K Free: 166667K (44%)
----------------- Invoking toplevel() on ptolemy.moml.MoMLSimpleApplication@2fa8a3e
----------------- Done invoking toplevel() on ptolemy.moml.MoMLSimpleApplication@2fa8a3e
reloadAllAccessors: .DepthTest4

===========================================================================================
----------------- testing Thu Apr 18 15:06:35 UTC 2019 /home/travis/build/icyphy/ptII/ptolemy/domains/de/test/auto/DepthTest5.xml
----------------- Instantiating /home/travis/build/icyphy/ptII/ptolemy/domains/de/test/auto/DepthTest5.xml
2 ms. Memory: 382464K Free: 151484K (40%)
----------------- Invoking toplevel() on ptolemy.moml.MoMLSimpleApplication@4dd11b93
----------------- Done invoking toplevel() on ptolemy.moml.MoMLSimpleApplication@4dd11b93
reloadAllAccessors: .DepthTest5

===========================================================================================
----------------- testing Thu Apr 18 15:06:35 UTC 2019 /home/travis/build/icyphy/ptII/ptolemy/domains/de/test/auto/DepthTest6.xml
----------------- Instantiating /home/travis/build/icyphy/ptII/ptolemy/domains/de/test/auto/DepthTest6.xml
2 ms. Memory: 382464K Free: 139462K (36%)
----------------- Invoking toplevel() on ptolemy.moml.MoMLSimpleApplication@11e085bc
----------------- Done invoking toplevel() on ptolemy.moml.MoMLSimpleApplication@11e085bc
reloadAllAccessors: .DepthTest6

===========================================================================================
----------------- testing Thu Apr 18 15:06:35 UTC 2019 /home/travis/build/icyphy/ptII/ptolemy/domains/de/test/auto/DepthTest7.xml
----------------- Instantiating /home/travis/build/icyphy/ptII/ptolemy/domains/de/test/auto/DepthTest7.xml
3 ms. Memory: 382464K Free: 127440K (33%)
----------------- Invoking toplevel() on ptolemy.moml.MoMLSimpleApplication@318fd466
----------------- Done invoking toplevel() on ptolemy.moml.MoMLSimpleApplication@318fd466
reloadAllAccessors: .DepthTest7

===========================================================================================
----------------- testing Thu Apr 18 15:06:35 UTC 2019 /home/travis/build/icyphy/ptII/ptolemy/domains/de/test/auto/EventToDate.xml
----------------- Instantiating /home/travis/build/icyphy/ptII/ptolemy/domains/de/test/auto/EventToDate.xml
3015 ms. Memory: 382464K Free: 103381K (27%)
----------------- Invoking toplevel() on ptolemy.moml.MoMLSimpleApplication@1d38a85b
----------------- Done invoking toplevel() on ptolemy.moml.MoMLSimpleApplication@1d38a85b
reloadAllAccessors: .EventToDate

===========================================================================================
----------------- testing Thu Apr 18 15:06:38 UTC 2019 /home/travis/build/icyphy/ptII/ptolemy/domains/de/test/auto/FSM1.xml
----------------- Instantiating /home/travis/build/icyphy/ptII/ptolemy/domains/de/test/auto/FSM1.xml
8 ms. Memory: 382464K Free: 85332K (22%)
----------------- Invoking toplevel() on ptolemy.moml.MoMLSimpleApplication@6060ecb1
----------------- Done invoking toplevel() on ptolemy.moml.MoMLSimpleApplication@6060ecb1
reloadAllAccessors: .FSM1

===========================================================================================
----------------- testing Thu Apr 18 15:06:38 UTC 2019 /home/travis/build/icyphy/ptII/ptolemy/domains/de/test/auto/FSM7.xml
----------------- Instantiating /home/travis/build/icyphy/ptII/ptolemy/domains/de/test/auto/FSM7.xml
10 ms. Memory: 369152K Free: 354900K (96%)
----------------- Invoking toplevel() on ptolemy.moml.MoMLSimpleApplication@56b5de7a
----------------- Done invoking toplevel() on ptolemy.moml.MoMLSimpleApplication@56b5de7a
reloadAllAccessors: .FSM7

===========================================================================================
----------------- testing Thu Apr 18 15:06:38 UTC 2019 /home/travis/build/icyphy/ptII/ptolemy/domains/de/test/auto/Inspection.xml
----------------- Instantiating /home/travis/build/icyphy/ptII/ptolemy/domains/de/test/auto/Inspection.xml
15 ms. Memory: 369152K Free: 338506K (92%)
----------------- Invoking toplevel() on ptolemy.moml.MoMLSimpleApplication@b37ee53
----------------- Done invoking toplevel() on ptolemy.moml.MoMLSimpleApplication@b37ee53
reloadAllAccessors: .Inspection

===========================================================================================
----------------- testing Thu Apr 18 15:06:38 UTC 2019 /home/travis/build/icyphy/ptII/ptolemy/domains/de/test/auto/Iteration.xml
----------------- Instantiating /home/travis/build/icyphy/ptII/ptolemy/domains/de/test/auto/Iteration.xml
10 ms. Memory: 369152K Free: 329870K (89%)
----------------- Invoking toplevel() on ptolemy.moml.MoMLSimpleApplication@5833dc01
----------------- Done invoking toplevel() on ptolemy.moml.MoMLSimpleApplication@5833dc01
reloadAllAccessors: .Iteration

===========================================================================================
----------------- testing Thu Apr 18 15:06:38 UTC 2019 /home/travis/build/icyphy/ptII/ptolemy/domains/de/test/auto/LineFault.xml
----------------- Instantiating /home/travis/build/icyphy/ptII/ptolemy/domains/de/test/auto/LineFault.xml
431 ms. Memory: 369152K Free: 211904K (57%)
----------------- Invoking toplevel() on ptolemy.moml.MoMLSimpleApplication@1663a27c
----------------- Done invoking toplevel() on ptolemy.moml.MoMLSimpleApplication@1663a27c
reloadAllAccessors: .LineFault

===========================================================================================
----------------- testing Thu Apr 18 15:06:38 UTC 2019 /home/travis/build/icyphy/ptII/ptolemy/domains/de/test/auto/MergeModel1Add.xml
----------------- Instantiating /home/travis/build/icyphy/ptII/ptolemy/domains/de/test/auto/MergeModel1Add.xml
6 ms. Memory: 369152K Free: 188869K (51%)
----------------- Invoking toplevel() on ptolemy.moml.MoMLSimpleApplication@8a291c1
----------------- Done invoking toplevel() on ptolemy.moml.MoMLSimpleApplication@8a291c1
reloadAllAccessors: .MergeModel1Add

===========================================================================================
----------------- testing Thu Apr 18 15:06:39 UTC 2019 /home/travis/build/icyphy/ptII/ptolemy/domains/de/test/auto/MergeModel2Add.xml
----------------- Instantiating /home/travis/build/icyphy/ptII/ptolemy/domains/de/test/auto/MergeModel2Add.xml
5 ms. Memory: 369152K Free: 166722K (45%)
----------------- Invoking toplevel() on ptolemy.moml.MoMLSimpleApplication@7022207f
----------------- Done invoking toplevel() on ptolemy.moml.MoMLSimpleApplication@7022207f
reloadAllAccessors: .MergeModel2Add

===========================================================================================
----------------- testing Thu Apr 18 15:06:39 UTC 2019 /home/travis/build/icyphy/ptII/ptolemy/domains/de/test/auto/MergeModel3Add.xml
----------------- Instantiating /home/travis/build/icyphy/ptII/ptolemy/domains/de/test/auto/MergeModel3Add.xml
5 ms. Memory: 369152K Free: 146576K (40%)
----------------- Invoking toplevel() on ptolemy.moml.MoMLSimpleApplication@5034f790
----------------- Done invoking toplevel() on ptolemy.moml.MoMLSimpleApplication@5034f790
reloadAllAccessors: .MergeModel3Add

===========================================================================================
----------------- testing Thu Apr 18 15:06:39 UTC 2019 /home/travis/build/icyphy/ptII/ptolemy/domains/de/test/auto/MergeWithoutDiscard.xml
----------------- Instantiating /home/travis/build/icyphy/ptII/ptolemy/domains/de/test/auto/MergeWithoutDiscard.xml
1 ms. Memory: 369152K Free: 137943K (37%)
----------------- Invoking toplevel() on ptolemy.moml.MoMLSimpleApplication@275f41d2
----------------- Done invoking toplevel() on ptolemy.moml.MoMLSimpleApplication@275f41d2
reloadAllAccessors: .MergeWithoutDiscard

===========================================================================================
----------------- testing Thu Apr 18 15:06:39 UTC 2019 /home/travis/build/icyphy/ptII/ptolemy/domains/de/test/auto/Modal1.xml
----------------- Instantiating /home/travis/build/icyphy/ptII/ptolemy/domains/de/test/auto/Modal1.xml
12 ms. Memory: 369152K Free: 120677K (33%)
----------------- Invoking toplevel() on ptolemy.moml.MoMLSimpleApplication@357f1685
----------------- Done invoking toplevel() on ptolemy.moml.MoMLSimpleApplication@357f1685
reloadAllAccessors: .Modal1

===========================================================================================
----------------- testing Thu Apr 18 15:06:39 UTC 2019 /home/travis/build/icyphy/ptII/ptolemy/domains/de/test/auto/Modal2.xml
----------------- Instantiating /home/travis/build/icyphy/ptII/ptolemy/domains/de/test/auto/Modal2.xml
7 ms. Memory: 369152K Free: 101402K (27%)
----------------- Invoking toplevel() on ptolemy.moml.MoMLSimpleApplication@3f9ff110
----------------- Done invoking toplevel() on ptolemy.moml.MoMLSimpleApplication@3f9ff110
reloadAllAccessors: .Modal2

===========================================================================================
----------------- testing Thu Apr 18 15:06:39 UTC 2019 /home/travis/build/icyphy/ptII/ptolemy/domains/de/test/auto/Modal3.xml
----------------- Instantiating /home/travis/build/icyphy/ptII/ptolemy/domains/de/test/auto/Modal3.xml
6 ms. Memory: 369152K Free: 84144K (23%)
----------------- Invoking toplevel() on ptolemy.moml.MoMLSimpleApplication@42349b0e
----------------- Done invoking toplevel() on ptolemy.moml.MoMLSimpleApplication@42349b0e
reloadAllAccessors: .Modal3

===========================================================================================
----------------- testing Thu Apr 18 15:06:39 UTC 2019 /home/travis/build/icyphy/ptII/ptolemy/domains/de/test/auto/Modal4.xml
----------------- Instantiating /home/travis/build/icyphy/ptII/ptolemy/domains/de/test/auto/Modal4.xml
11 ms. Memory: 355840K Free: 341641K (96%)
----------------- Invoking toplevel() on ptolemy.moml.MoMLSimpleApplication@2d871f3b
----------------- Done invoking toplevel() on ptolemy.moml.MoMLSimpleApplication@2d871f3b
reloadAllAccessors: .Modal4

===========================================================================================
----------------- testing Thu Apr 18 15:06:39 UTC 2019 /home/travis/build/icyphy/ptII/ptolemy/domains/de/test/auto/Modal5.xml
----------------- Instantiating /home/travis/build/icyphy/ptII/ptolemy/domains/de/test/auto/Modal5.xml
8 ms. Memory: 355840K Free: 323867K (91%)
----------------- Invoking toplevel() on ptolemy.moml.MoMLSimpleApplication@7523686f
----------------- Done invoking toplevel() on ptolemy.moml.MoMLSimpleApplication@7523686f
reloadAllAccessors: .Modal5

===========================================================================================
----------------- testing Thu Apr 18 15:06:39 UTC 2019 /home/travis/build/icyphy/ptII/ptolemy/domains/de/test/auto/Modal6.xml
----------------- Instantiating /home/travis/build/icyphy/ptII/ptolemy/domains/de/test/auto/Modal6.xml
9 ms. Memory: 355840K Free: 307353K (86%)
----------------- Invoking toplevel() on ptolemy.moml.MoMLSimpleApplication@4cacd8a5
----------------- Done invoking toplevel() on ptolemy.moml.MoMLSimpleApplication@4cacd8a5
reloadAllAccessors: .Modal6

===========================================================================================
----------------- testing Thu Apr 18 15:06:39 UTC 2019 /home/travis/build/icyphy/ptII/ptolemy/domains/de/test/auto/Modal7.xml
----------------- Instantiating /home/travis/build/icyphy/ptII/ptolemy/domains/de/test/auto/Modal7.xml
7 ms. Memory: 355840K Free: 289588K (81%)
----------------- Invoking toplevel() on ptolemy.moml.MoMLSimpleApplication@33ca3051
----------------- Done invoking toplevel() on ptolemy.moml.MoMLSimpleApplication@33ca3051
reloadAllAccessors: .Modal7

===========================================================================================
----------------- testing Thu Apr 18 15:06:39 UTC 2019 /home/travis/build/icyphy/ptII/ptolemy/domains/de/test/auto/ModalModel.xml
----------------- Instantiating /home/travis/build/icyphy/ptII/ptolemy/domains/de/test/auto/ModalModel.xml
118 ms. Memory: 355840K Free: 218075K (61%)
----------------- Invoking toplevel() on ptolemy.moml.MoMLSimpleApplication@73454e82
----------------- Done invoking toplevel() on ptolemy.moml.MoMLSimpleApplication@73454e82
reloadAllAccessors: .ModalModel

===========================================================================================
----------------- testing Thu Apr 18 15:06:39 UTC 2019 /home/travis/build/icyphy/ptII/ptolemy/domains/de/test/auto/ModalSource.xml
----------------- Instantiating /home/travis/build/icyphy/ptII/ptolemy/domains/de/test/auto/ModalSource.xml
4 ms. Memory: 355840K Free: 207066K (58%)
----------------- Invoking toplevel() on ptolemy.moml.MoMLSimpleApplication@10173e35
----------------- Done invoking toplevel() on ptolemy.moml.MoMLSimpleApplication@10173e35
reloadAllAccessors: .ModalSource

===========================================================================================
----------------- testing Thu Apr 18 15:06:39 UTC 2019 /home/travis/build/icyphy/ptII/ptolemy/domains/de/test/auto/NonInterruptibleTimerZeroDelay.xml
----------------- Instantiating /home/travis/build/icyphy/ptII/ptolemy/domains/de/test/auto/NonInterruptibleTimerZeroDelay.xml
2 ms. Memory: 355840K Free: 200286K (56%)
----------------- Invoking toplevel() on ptolemy.moml.MoMLSimpleApplication@1c1dad9b
----------------- Done invoking toplevel() on ptolemy.moml.MoMLSimpleApplication@1c1dad9b
reloadAllAccessors: .NonInterruptibleTimerZeroDelay

===========================================================================================
----------------- testing Thu Apr 18 15:06:39 UTC 2019 /home/travis/build/icyphy/ptII/ptolemy/domains/de/test/auto/OpenQueueingNetwork.xml
----------------- Instantiating /home/travis/build/icyphy/ptII/ptolemy/domains/de/test/auto/OpenQueueingNetwork.xml
2182 ms. Memory: 321536K Free: 297837K (93%)
----------------- Invoking toplevel() on ptolemy.moml.MoMLSimpleApplication@4e8c27e6
----------------- Done invoking toplevel() on ptolemy.moml.MoMLSimpleApplication@4e8c27e6
reloadAllAccessors: .OpenQueueingNetwork

===========================================================================================
----------------- testing Thu Apr 18 15:06:41 UTC 2019 /home/travis/build/icyphy/ptII/ptolemy/domains/de/test/auto/OpenQueuingNetwork.xml
----------------- Instantiating /home/travis/build/icyphy/ptII/ptolemy/domains/de/test/auto/OpenQueuingNetwork.xml
214 ms. Memory: 321536K Free: 206637K (64%)
----------------- Invoking toplevel() on ptolemy.moml.MoMLSimpleApplication@3e0f7749
----------------- Done invoking toplevel() on ptolemy.moml.MoMLSimpleApplication@3e0f7749
reloadAllAccessors: .OpenQueuingNetwork

===========================================================================================
----------------- testing Thu Apr 18 15:06:42 UTC 2019 /home/travis/build/icyphy/ptII/ptolemy/domains/de/test/auto/PeriodicSampler.xml
----------------- Instantiating /home/travis/build/icyphy/ptII/ptolemy/domains/de/test/auto/PeriodicSampler.xml
1 ms. Memory: 321536K Free: 198675K (62%)
----------------- Invoking toplevel() on ptolemy.moml.MoMLSimpleApplication@472baf63
----------------- Done invoking toplevel() on ptolemy.moml.MoMLSimpleApplication@472baf63
reloadAllAccessors: .PeriodicSampler

===========================================================================================
----------------- testing Thu Apr 18 15:06:42 UTC 2019 /home/travis/build/icyphy/ptII/ptolemy/domains/de/test/auto/PersistentIO.xml
----------------- Instantiating /home/travis/build/icyphy/ptII/ptolemy/domains/de/test/auto/PersistentIO.xml
5 ms. Memory: 321536K Free: 186645K (58%)
----------------- Invoking toplevel() on ptolemy.moml.MoMLSimpleApplication@10df15c9
----------------- Done invoking toplevel() on ptolemy.moml.MoMLSimpleApplication@10df15c9
reloadAllAccessors: .PersistentIO

===========================================================================================
----------------- testing Thu Apr 18 15:06:42 UTC 2019 /home/travis/build/icyphy/ptII/ptolemy/domains/de/test/auto/PortParameterResetOnInitialize.xml
----------------- Instantiating /home/travis/build/icyphy/ptII/ptolemy/domains/de/test/auto/PortParameterResetOnInitialize.xml
1 ms. Memory: 321536K Free: 178682K (56%)
----------------- Invoking toplevel() on ptolemy.moml.MoMLSimpleApplication@4cfdd1fd
----------------- Done invoking toplevel() on ptolemy.moml.MoMLSimpleApplication@4cfdd1fd
reloadAllAccessors: .PortParameterResetOnInitialize

===========================================================================================
----------------- testing Thu Apr 18 15:06:42 UTC 2019 /home/travis/build/icyphy/ptII/ptolemy/domains/de/test/auto/PortParameterUpdates.xml
----------------- Instantiating /home/travis/build/icyphy/ptII/ptolemy/domains/de/test/auto/PortParameterUpdates.xml
2 ms. Memory: 321536K Free: 168287K (52%)
----------------- Invoking toplevel() on ptolemy.moml.MoMLSimpleApplication@62e33012
----------------- Done invoking toplevel() on ptolemy.moml.MoMLSimpleApplication@62e33012
reloadAllAccessors: .PortParameterUpdates

===========================================================================================
----------------- testing Thu Apr 18 15:06:42 UTC 2019 /home/travis/build/icyphy/ptII/ptolemy/domains/de/test/auto/QueueAndServer.xml
----------------- Instantiating /home/travis/build/icyphy/ptII/ptolemy/domains/de/test/auto/QueueAndServer.xml
5 ms. Memory: 321536K Free: 158672K (49%)
----------------- Invoking toplevel() on ptolemy.moml.MoMLSimpleApplication@7b7df468
----------------- Done invoking toplevel() on ptolemy.moml.MoMLSimpleApplication@7b7df468
reloadAllAccessors: .QueueAndServer

===========================================================================================
----------------- testing Thu Apr 18 15:06:42 UTC 2019 /home/travis/build/icyphy/ptII/ptolemy/domains/de/test/auto/Records.xml
----------------- Instantiating /home/travis/build/icyphy/ptII/ptolemy/domains/de/test/auto/Records.xml
2 ms. Memory: 321536K Free: 150694K (47%)
----------------- Invoking toplevel() on ptolemy.moml.MoMLSimpleApplication@3895dcf5
----------------- Done invoking toplevel() on ptolemy.moml.MoMLSimpleApplication@3895dcf5
reloadAllAccessors: .Records

===========================================================================================
----------------- testing Thu Apr 18 15:06:42 UTC 2019 /home/travis/build/icyphy/ptII/ptolemy/domains/de/test/auto/ResetTransitionWithStartTime1.xml
----------------- Instantiating /home/travis/build/icyphy/ptII/ptolemy/domains/de/test/auto/ResetTransitionWithStartTime1.xml
4 ms. Memory: 321536K Free: 140322K (44%)
----------------- Invoking toplevel() on ptolemy.moml.MoMLSimpleApplication@279428f9
----------------- Done invoking toplevel() on ptolemy.moml.MoMLSimpleApplication@279428f9
reloadAllAccessors: .ResetTransitionWithStartTime1

===========================================================================================
----------------- testing Thu Apr 18 15:06:42 UTC 2019 /home/travis/build/icyphy/ptII/ptolemy/domains/de/test/auto/ResetTransitionWithStartTime2.xml
----------------- Instantiating /home/travis/build/icyphy/ptII/ptolemy/domains/de/test/auto/ResetTransitionWithStartTime2.xml
3 ms. Memory: 321536K Free: 129943K (40%)
----------------- Invoking toplevel() on ptolemy.moml.MoMLSimpleApplication@bddcbf7
----------------- Done invoking toplevel() on ptolemy.moml.MoMLSimpleApplication@bddcbf7
reloadAllAccessors: .ResetTransitionWithStartTime2

===========================================================================================
----------------- testing Thu Apr 18 15:06:42 UTC 2019 /home/travis/build/icyphy/ptII/ptolemy/domains/de/test/auto/ResetTransitionWithStartTime3.xml
----------------- Instantiating /home/travis/build/icyphy/ptII/ptolemy/domains/de/test/auto/ResetTransitionWithStartTime3.xml
3 ms. Memory: 321536K Free: 120330K (37%)
----------------- Invoking toplevel() on ptolemy.moml.MoMLSimpleApplication@5a8b9349
----------------- Done invoking toplevel() on ptolemy.moml.MoMLSimpleApplication@5a8b9349
reloadAllAccessors: .ResetTransitionWithStartTime3

===========================================================================================
----------------- testing Thu Apr 18 15:06:42 UTC 2019 /home/travis/build/icyphy/ptII/ptolemy/domains/de/test/auto/ResetTransitionWithStartTime4.xml
----------------- Instantiating /home/travis/build/icyphy/ptII/ptolemy/domains/de/test/auto/ResetTransitionWithStartTime4.xml
3 ms. Memory: 321536K Free: 109951K (34%)
----------------- Invoking toplevel() on ptolemy.moml.MoMLSimpleApplication@593201d5
----------------- Done invoking toplevel() on ptolemy.moml.MoMLSimpleApplication@593201d5
reloadAllAccessors: .ResetTransitionWithStartTime4

===========================================================================================
----------------- testing Thu Apr 18 15:06:42 UTC 2019 /home/travis/build/icyphy/ptII/ptolemy/domains/de/test/auto/ResettableTimer1.xml
----------------- Instantiating /home/travis/build/icyphy/ptII/ptolemy/domains/de/test/auto/ResettableTimer1.xml
2 ms. Memory: 321536K Free: 101973K (32%)
----------------- Invoking toplevel() on ptolemy.moml.MoMLSimpleApplication@4457e62
----------------- Done invoking toplevel() on ptolemy.moml.MoMLSimpleApplication@4457e62
reloadAllAccessors: .ResettableTimer1

===========================================================================================
----------------- testing Thu Apr 18 15:06:42 UTC 2019 /home/travis/build/icyphy/ptII/ptolemy/domains/de/test/auto/ResettableTimer2.xml
----------------- Instantiating /home/travis/build/icyphy/ptII/ptolemy/domains/de/test/auto/ResettableTimer2.xml
1 ms. Memory: 321536K Free: 94753K (29%)
----------------- Invoking toplevel() on ptolemy.moml.MoMLSimpleApplication@7d111d73
----------------- Done invoking toplevel() on ptolemy.moml.MoMLSimpleApplication@7d111d73
reloadAllAccessors: .ResettableTimer2

===========================================================================================
----------------- testing Thu Apr 18 15:06:42 UTC 2019 /home/travis/build/icyphy/ptII/ptolemy/domains/de/test/auto/ResettableTimer3.xml
----------------- Instantiating /home/travis/build/icyphy/ptII/ptolemy/domains/de/test/auto/ResettableTimer3.xml
2 ms. Memory: 321536K Free: 86783K (27%)
----------------- Invoking toplevel() on ptolemy.moml.MoMLSimpleApplication@4ef19d0b
----------------- Done invoking toplevel() on ptolemy.moml.MoMLSimpleApplication@4ef19d0b
reloadAllAccessors: .ResettableTimer3

===========================================================================================
----------------- testing Thu Apr 18 15:06:42 UTC 2019 /home/travis/build/icyphy/ptII/ptolemy/domains/de/test/auto/ResettableTimer4.xml
----------------- Instantiating /home/travis/build/icyphy/ptII/ptolemy/domains/de/test/auto/ResettableTimer4.xml
1 ms. Memory: 321536K Free: 78813K (25%)
----------------- Invoking toplevel() on ptolemy.moml.MoMLSimpleApplication@102a2761
----------------- Done invoking toplevel() on ptolemy.moml.MoMLSimpleApplication@102a2761
reloadAllAccessors: .ResettableTimer4

===========================================================================================
----------------- testing Thu Apr 18 15:06:42 UTC 2019 /home/travis/build/icyphy/ptII/ptolemy/domains/de/test/auto/ResettableTimer5.xml
----------------- Instantiating /home/travis/build/icyphy/ptII/ptolemy/domains/de/test/auto/ResettableTimer5.xml
2 ms. Memory: 321536K Free: 72106K (22%)
----------------- Invoking toplevel() on ptolemy.moml.MoMLSimpleApplication@65d8bd8c
----------------- Done invoking toplevel() on ptolemy.moml.MoMLSimpleApplication@65d8bd8c
reloadAllAccessors: .ResettableTimer5

===========================================================================================
----------------- testing Thu Apr 18 15:06:42 UTC 2019 /home/travis/build/icyphy/ptII/ptolemy/domains/de/test/auto/ResettableTimer6.xml
----------------- Instantiating /home/travis/build/icyphy/ptII/ptolemy/domains/de/test/auto/ResettableTimer6.xml
4 ms. Memory: 313344K Free: 296504K (95%)
----------------- Invoking toplevel() on ptolemy.moml.MoMLSimpleApplication@208c2f1
----------------- Done invoking toplevel() on ptolemy.moml.MoMLSimpleApplication@208c2f1
reloadAllAccessors: .ResettableTimer6

===========================================================================================
----------------- testing Thu Apr 18 15:06:42 UTC 2019 /home/travis/build/icyphy/ptII/ptolemy/domains/de/test/auto/ServerZeroDelay.xml
----------------- Instantiating /home/travis/build/icyphy/ptII/ptolemy/domains/de/test/auto/ServerZeroDelay.xml
2 ms. Memory: 313344K Free: 289064K (92%)
----------------- Invoking toplevel() on ptolemy.moml.MoMLSimpleApplication@40800c45
----------------- Done invoking toplevel() on ptolemy.moml.MoMLSimpleApplication@40800c45
reloadAllAccessors: .ServerZeroDelay

===========================================================================================
----------------- testing Thu Apr 18 15:06:42 UTC 2019 /home/travis/build/icyphy/ptII/ptolemy/domains/de/test/auto/SmartSender.xml
----------------- Instantiating /home/travis/build/icyphy/ptII/ptolemy/domains/de/test/auto/SmartSender.xml
3001 ms. Memory: 313344K Free: 281623K (90%)
----------------- Invoking toplevel() on ptolemy.moml.MoMLSimpleApplication@57ae4ae7
----------------- Done invoking toplevel() on ptolemy.moml.MoMLSimpleApplication@57ae4ae7
reloadAllAccessors: .SmartSender

===========================================================================================
----------------- testing Thu Apr 18 15:06:45 UTC 2019 /home/travis/build/icyphy/ptII/ptolemy/domains/de/test/auto/ThreadedComposite.xml
----------------- Instantiating /home/travis/build/icyphy/ptII/ptolemy/domains/de/test/auto/ThreadedComposite.xml
227 ms. Memory: 313344K Free: 244280K (78%)
----------------- Invoking toplevel() on ptolemy.moml.MoMLSimpleApplication@33ac0ded
----------------- Done invoking toplevel() on ptolemy.moml.MoMLSimpleApplication@33ac0ded
reloadAllAccessors: .ThreadedComposite

===========================================================================================
----------------- testing Thu Apr 18 15:06:45 UTC 2019 /home/travis/build/icyphy/ptII/ptolemy/domains/de/test/auto/Time.xml
----------------- Instantiating /home/travis/build/icyphy/ptII/ptolemy/domains/de/test/auto/Time.xml
421 ms. Memory: 313344K Free: 188563K (60%)
----------------- Invoking toplevel() on ptolemy.moml.MoMLSimpleApplication@430fb2da
----------------- Done invoking toplevel() on ptolemy.moml.MoMLSimpleApplication@430fb2da
reloadAllAccessors: .Time

===========================================================================================
----------------- testing Thu Apr 18 15:06:45 UTC 2019 /home/travis/build/icyphy/ptII/ptolemy/domains/de/test/auto/TimeDelayZeroDelay.xml
----------------- Instantiating /home/travis/build/icyphy/ptII/ptolemy/domains/de/test/auto/TimeDelayZeroDelay.xml
3 ms. Memory: 313344K Free: 181122K (58%)
----------------- Invoking toplevel() on ptolemy.moml.MoMLSimpleApplication@6f69f3a7
----------------- Done invoking toplevel() on ptolemy.moml.MoMLSimpleApplication@6f69f3a7
reloadAllAccessors: .TimeDelayZeroDelay

===========================================================================================
----------------- testing Thu Apr 18 15:06:45 UTC 2019 /home/travis/build/icyphy/ptII/ptolemy/domains/de/test/auto/TimerZeroDelay.xml
----------------- Instantiating /home/travis/build/icyphy/ptII/ptolemy/domains/de/test/auto/TimerZeroDelay.xml
2 ms. Memory: 313344K Free: 173682K (55%)
----------------- Invoking toplevel() on ptolemy.moml.MoMLSimpleApplication@79cfcc7a
----------------- Done invoking toplevel() on ptolemy.moml.MoMLSimpleApplication@79cfcc7a
reloadAllAccessors: .TimerZeroDelay

===========================================================================================
----------------- testing Thu Apr 18 15:06:45 UTC 2019 /home/travis/build/icyphy/ptII/ptolemy/domains/de/test/auto/TimingParadox.xml
----------------- Instantiating /home/travis/build/icyphy/ptII/ptolemy/domains/de/test/auto/TimingParadox.xml
288 ms. Memory: 313344K Free: 106430K (34%)
----------------- Invoking toplevel() on ptolemy.moml.MoMLSimpleApplication@d74a2f4
----------------- Done invoking toplevel() on ptolemy.moml.MoMLSimpleApplication@d74a2f4
reloadAllAccessors: .TimingParadox

===========================================================================================
----------------- testing Thu Apr 18 15:06:46 UTC 2019 /home/travis/build/icyphy/ptII/ptolemy/domains/de/test/auto/TransferInputs.xml
----------------- Instantiating /home/travis/build/icyphy/ptII/ptolemy/domains/de/test/auto/TransferInputs.xml
1 ms. Memory: 313344K Free: 98997K (32%)
----------------- Invoking toplevel() on ptolemy.moml.MoMLSimpleApplication@f04f2f3
----------------- Done invoking toplevel() on ptolemy.moml.MoMLSimpleApplication@f04f2f3
reloadAllAccessors: .TransferInputs

===========================================================================================
----------------- testing Thu Apr 18 15:06:46 UTC 2019 /home/travis/build/icyphy/ptII/ptolemy/domains/de/test/auto/TransferOutputs2.xml
----------------- Instantiating /home/travis/build/icyphy/ptII/ptolemy/domains/de/test/auto/TransferOutputs2.xml
2 ms. Memory: 313344K Free: 89258K (28%)
----------------- Invoking toplevel() on ptolemy.moml.MoMLSimpleApplication@18d0470f
----------------- Done invoking toplevel() on ptolemy.moml.MoMLSimpleApplication@18d0470f
reloadAllAccessors: .TransferOutputs2

===========================================================================================
----------------- testing Thu Apr 18 15:06:46 UTC 2019 /home/travis/build/icyphy/ptII/ptolemy/domains/de/test/auto/Trilateration.xml
----------------- Instantiating /home/travis/build/icyphy/ptII/ptolemy/domains/de/test/auto/Trilateration.xml
10656 ms. Memory: 422400K Free: 354196K (84%)
----------------- Invoking toplevel() on ptolemy.moml.MoMLSimpleApplication@6401418d
----------------- Done invoking toplevel() on ptolemy.moml.MoMLSimpleApplication@6401418d
reloadAllAccessors: .Trilateration

===========================================================================================
----------------- testing Thu Apr 18 15:06:57 UTC 2019 /home/travis/build/icyphy/ptII/ptolemy/domains/de/test/auto/TwoSigmaDelta.xml
----------------- Instantiating /home/travis/build/icyphy/ptII/ptolemy/domains/de/test/auto/TwoSigmaDelta.xml
2013 ms. Memory: 422400K Free: 70610K (17%)
----------------- Invoking toplevel() on ptolemy.moml.MoMLSimpleApplication@754c2479
----------------- Done invoking toplevel() on ptolemy.moml.MoMLSimpleApplication@754c2479
reloadAllAccessors: .TwoSigmaDelta

===========================================================================================
----------------- testing Thu Apr 18 15:06:59 UTC 2019 /home/travis/build/icyphy/ptII/ptolemy/domains/de/test/auto/VariableDelay.xml
----------------- Instantiating /home/travis/build/icyphy/ptII/ptolemy/domains/de/test/auto/VariableDelay.xml
1 ms. Memory: 422400K Free: 59281K (14%)
----------------- Invoking toplevel() on ptolemy.moml.MoMLSimpleApplication@3b174e8c
----------------- Done invoking toplevel() on ptolemy.moml.MoMLSimpleApplication@3b174e8c
reloadAllAccessors: .VariableDelay

===========================================================================================
----------------- testing Thu Apr 18 15:06:59 UTC 2019 /home/travis/build/icyphy/ptII/ptolemy/domains/de/test/auto/VariableDelay2.xml
----------------- Instantiating /home/travis/build/icyphy/ptII/ptolemy/domains/de/test/auto/VariableDelay2.xml
2 ms. Memory: 412160K Free: 376181K (91%)
----------------- Invoking toplevel() on ptolemy.moml.MoMLSimpleApplication@63587af2
----------------- Done invoking toplevel() on ptolemy.moml.MoMLSimpleApplication@63587af2
reloadAllAccessors: .VariableDelay2

===========================================================================================
----------------- testing Thu Apr 18 15:06:59 UTC 2019 /home/travis/build/icyphy/ptII/ptolemy/domains/de/test/auto/VariableDelayZeroDelay.xml
----------------- Instantiating /home/travis/build/icyphy/ptII/ptolemy/domains/de/test/auto/VariableDelayZeroDelay.xml
4 ms. Memory: 412160K Free: 362798K (88%)
----------------- Invoking toplevel() on ptolemy.moml.MoMLSimpleApplication@4b3f3256
----------------- Done invoking toplevel() on ptolemy.moml.MoMLSimpleApplication@4b3f3256
reloadAllAccessors: .VariableDelayZeroDelay

===========================================================================================
----------------- testing Thu Apr 18 15:06:59 UTC 2019 /home/travis/build/icyphy/ptII/ptolemy/domains/de/test/auto/VariableDelayZeroDelay2.xml
----------------- Instantiating /home/travis/build/icyphy/ptII/ptolemy/domains/de/test/auto/VariableDelayZeroDelay2.xml
2 ms. Memory: 412160K Free: 349058K (85%)
----------------- Invoking toplevel() on ptolemy.moml.MoMLSimpleApplication@ee61db6
----------------- Done invoking toplevel() on ptolemy.moml.MoMLSimpleApplication@ee61db6
reloadAllAccessors: .VariableDelayZeroDelay2

===========================================================================================
----------------- testing Thu Apr 18 15:06:59 UTC 2019 /home/travis/build/icyphy/ptII/ptolemy/domains/de/test/auto/deInCt.xml
----------------- Instantiating /home/travis/build/icyphy/ptII/ptolemy/domains/de/test/auto/deInCt.xml
0
1
1
0
0
0
1
1
1
1
1
0
0
0
1
1
1
0
0
0
1
1
1
0
0
1
1
1
0
0
0
0
1
1
1
0
0
0
1
1
1
0
0
0
1
1
0
0
0
0
1
1
1
1
9 ms. Memory: 412160K Free: 335676K (81%)
----------------- Invoking toplevel() on ptolemy.moml.MoMLSimpleApplication@5b526079
----------------- Done invoking toplevel() on ptolemy.moml.MoMLSimpleApplication@5b526079
reloadAllAccessors: .deInCt

===========================================================================================
----------------- testing Thu Apr 18 15:06:59 UTC 2019 /home/travis/build/icyphy/ptII/ptolemy/domains/de/test/auto/deInCt2.xml
----------------- Instantiating /home/travis/build/icyphy/ptII/ptolemy/domains/de/test/auto/deInCt2.xml
0
1
1
1
0
0
1
1
1
0
0
1
1
1
0
0
1
1
1
0
0
1
1
1
0
0
1
1
1
0
0
1
1
1
0
0
1
1
1
0
0
0
4 ms. Memory: 412160K Free: 321935K (78%)
----------------- Invoking toplevel() on ptolemy.moml.MoMLSimpleApplication@5f5748c5
----------------- Done invoking toplevel() on ptolemy.moml.MoMLSimpleApplication@5f5748c5
reloadAllAccessors: .deInCt2

===========================================================================================
----------------- testing Thu Apr 18 15:06:59 UTC 2019 /home/travis/build/icyphy/ptII/ptolemy/domains/de/test/auto/dynamicCausalityInterface1.xml
----------------- Instantiating /home/travis/build/icyphy/ptII/ptolemy/domains/de/test/auto/dynamicCausalityInterface1.xml
1 ms. Memory: 412160K Free: 301681K (73%)
----------------- Invoking toplevel() on ptolemy.moml.MoMLSimpleApplication@43fc252b
----------------- Done invoking toplevel() on ptolemy.moml.MoMLSimpleApplication@43fc252b
reloadAllAccessors: .dynamicCausalityInterface1

===========================================================================================
----------------- testing Thu Apr 18 15:06:59 UTC 2019 /home/travis/build/icyphy/ptII/ptolemy/domains/de/test/auto/fsm_de_test.xml
----------------- Instantiating /home/travis/build/icyphy/ptII/ptolemy/domains/de/test/auto/fsm_de_test.xml
5 ms. Memory: 412160K Free: 281769K (68%)
----------------- Invoking toplevel() on ptolemy.moml.MoMLSimpleApplication@49ad160c
----------------- Done invoking toplevel() on ptolemy.moml.MoMLSimpleApplication@49ad160c
reloadAllAccessors: .fsm_de_test

===========================================================================================
----------------- testing Thu Apr 18 15:06:59 UTC 2019 /home/travis/build/icyphy/ptII/ptolemy/domains/de/test/auto/functionDependencyReconstruction.xml
----------------- Instantiating /home/travis/build/icyphy/ptII/ptolemy/domains/de/test/auto/functionDependencyReconstruction.xml
2 ms. Memory: 412160K Free: 254972K (62%)
----------------- Invoking toplevel() on ptolemy.moml.MoMLSimpleApplication@1c4a2b0a
----------------- Done invoking toplevel() on ptolemy.moml.MoMLSimpleApplication@1c4a2b0a
reloadAllAccessors: .functionDependencyReconstruction

===========================================================================================
----------------- testing Thu Apr 18 15:06:59 UTC 2019 /home/travis/build/icyphy/ptII/ptolemy/domains/de/test/auto/multirate.xml
----------------- Instantiating /home/travis/build/icyphy/ptII/ptolemy/domains/de/test/auto/multirate.xml
2 ms. Memory: 412160K Free: 241589K (59%)
----------------- Invoking toplevel() on ptolemy.moml.MoMLSimpleApplication@5f15de70
----------------- Done invoking toplevel() on ptolemy.moml.MoMLSimpleApplication@5f15de70
reloadAllAccessors: .multirate

===========================================================================================
----------------- testing Thu Apr 18 15:06:59 UTC 2019 /home/travis/build/icyphy/ptII/ptolemy/domains/de/test/auto/multirate2.xml
----------------- Instantiating /home/travis/build/icyphy/ptII/ptolemy/domains/de/test/auto/multirate2.xml
2 ms. Memory: 412160K Free: 227849K (55%)
----------------- Invoking toplevel() on ptolemy.moml.MoMLSimpleApplication@38f6fdc0
----------------- Done invoking toplevel() on ptolemy.moml.MoMLSimpleApplication@38f6fdc0
reloadAllAccessors: .multirate2

===========================================================================================
----------------- testing Thu Apr 18 15:06:59 UTC 2019 /home/travis/build/icyphy/ptII/ptolemy/domains/de/test/auto/realtime.xml
----------------- Instantiating /home/travis/build/icyphy/ptII/ptolemy/domains/de/test/auto/realtime.xml
10002 ms. Memory: 412160K Free: 214466K (52%)
----------------- Invoking toplevel() on ptolemy.moml.MoMLSimpleApplication@455a328e
----------------- Done invoking toplevel() on ptolemy.moml.MoMLSimpleApplication@455a328e
reloadAllAccessors: .realtime

===========================================================================================
----------------- testing Thu Apr 18 15:07:09 UTC 2019 /home/travis/build/icyphy/ptII/ptolemy/domains/de/test/auto/relationGroup.xml
----------------- Instantiating /home/travis/build/icyphy/ptII/ptolemy/domains/de/test/auto/relationGroup.xml
3 ms. Memory: 412160K Free: 200726K (49%)
----------------- Invoking toplevel() on ptolemy.moml.MoMLSimpleApplication@75a6fba2
----------------- Done invoking toplevel() on ptolemy.moml.MoMLSimpleApplication@75a6fba2
reloadAllAccessors: .relationGroup

===========================================================================================
----------------- testing Thu Apr 18 15:07:10 UTC 2019 /home/travis/build/icyphy/ptII/ptolemy/domains/de/test/auto/relationGroup2.xml
----------------- Instantiating /home/travis/build/icyphy/ptII/ptolemy/domains/de/test/auto/relationGroup2.xml
1 ms. Memory: 412160K Free: 187344K (45%)
----------------- Invoking toplevel() on ptolemy.moml.MoMLSimpleApplication@4835ea0d
----------------- Done invoking toplevel() on ptolemy.moml.MoMLSimpleApplication@4835ea0d
reloadAllAccessors: .relationGroup2

===========================================================================================
----------------- testing Thu Apr 18 15:07:10 UTC 2019 /home/travis/build/icyphy/ptII/ptolemy/domains/de/test/auto/sortWithOpaquePorts.xml
----------------- Instantiating /home/travis/build/icyphy/ptII/ptolemy/domains/de/test/auto/sortWithOpaquePorts.xml
3 ms. Memory: 412160K Free: 173604K (42%)
----------------- Invoking toplevel() on ptolemy.moml.MoMLSimpleApplication@492e9a69
----------------- Done invoking toplevel() on ptolemy.moml.MoMLSimpleApplication@492e9a69
reloadAllAccessors: .sortWithOpaquePorts

===========================================================================================
----------------- testing Thu Apr 18 15:07:10 UTC 2019 /home/travis/build/icyphy/ptII/ptolemy/domains/de/test/auto/transferInputsandOutputs.xml
----------------- Instantiating /home/travis/build/icyphy/ptII/ptolemy/domains/de/test/auto/transferInputsandOutputs.xml
2 ms. Memory: 412160K Free: 160221K (39%)
----------------- Invoking toplevel() on ptolemy.moml.MoMLSimpleApplication@327d7440
----------------- Done invoking toplevel() on ptolemy.moml.MoMLSimpleApplication@327d7440
reloadAllAccessors: .transferInputsandOutputs

===========================================================================================
----------------- testing Thu Apr 18 15:07:10 UTC 2019 /home/travis/build/icyphy/ptII/ptolemy/domains/de/test/auto/triggerType.xml
----------------- Instantiating /home/travis/build/icyphy/ptII/ptolemy/domains/de/test/auto/triggerType.xml
1 ms. Memory: 412160K Free: 146481K (36%)
----------------- Invoking toplevel() on ptolemy.moml.MoMLSimpleApplication@677b0d12
----------------- Done invoking toplevel() on ptolemy.moml.MoMLSimpleApplication@677b0d12
reloadAllAccessors: .triggerType
AutoTests.java: About to close Vertx.
AutoTests.java: Vertx closed.
]]></system-out>
  <system-err><![CDATA[java.lang.RuntimeException: Execution failed
	at ptolemy.moml.MoMLSimpleApplication$UnloadThread.run(MoMLSimpleApplication.java:402)
Caused by: ptolemy.kernel.util.IllegalActionException: Found a zero delay loop containing .dependencyLoop.original
  in .dependencyLoop and .dependencyLoop.original
	at ptolemy.actor.util.CausalityInterfaceForComposites._computeOutputPortDepth(CausalityInterfaceForComposites.java:759)
	at ptolemy.actor.util.CausalityInterfaceForComposites._computeInputDepth(CausalityInterfaceForComposites.java:696)
	at ptolemy.actor.util.CausalityInterfaceForComposites._computeOutputPortDepth(CausalityInterfaceForComposites.java:765)
	at ptolemy.actor.util.CausalityInterfaceForComposites._computeInputDepth(CausalityInterfaceForComposites.java:696)
	at ptolemy.actor.util.CausalityInterfaceForComposites._computeOutputPortDepth(CausalityInterfaceForComposites.java:765)
	at ptolemy.actor.util.CausalityInterfaceForComposites._computeInputDepth(CausalityInterfaceForComposites.java:696)
	at ptolemy.actor.util.CausalityInterfaceForComposites._computeActorDepth(CausalityInterfaceForComposites.java:532)
	at ptolemy.actor.util.CausalityInterfaceForComposites.checkForCycles(CausalityInterfaceForComposites.java:96)
	at ptolemy.domains.de.kernel.DEDirector.preinitialize(DEDirector.java:1338)
	at ptolemy.actor.CompositeActor.preinitialize(CompositeActor.java:1828)
	at ptolemy.actor.Manager.preinitializeAndResolveTypes(Manager.java:1040)
	at ptolemy.actor.Manager.initialize(Manager.java:710)
	at ptolemy.actor.Manager.execute(Manager.java:356)
	at ptolemy.actor.Manager.run(Manager.java:1263)
	at ptolemy.actor.Manager$PtolemyRunThread.run(Manager.java:1915)
java.lang.RuntimeException: Execution failed
	at ptolemy.moml.MoMLSimpleApplication$UnloadThread.run(MoMLSimpleApplication.java:402)
Caused by: ptolemy.kernel.util.IllegalActionException: Found a zero delay loop containing .dependencyLoop2.original
  in .dependencyLoop2 and .dependencyLoop2.original
	at ptolemy.actor.util.CausalityInterfaceForComposites._computeOutputPortDepth(CausalityInterfaceForComposites.java:759)
	at ptolemy.actor.util.CausalityInterfaceForComposites._computeInputDepth(CausalityInterfaceForComposites.java:696)
	at ptolemy.actor.util.CausalityInterfaceForComposites._computeOutputPortDepth(CausalityInterfaceForComposites.java:765)
	at ptolemy.actor.util.CausalityInterfaceForComposites._computeInputDepth(CausalityInterfaceForComposites.java:696)
	at ptolemy.actor.util.CausalityInterfaceForComposites._computeOutputPortDepth(CausalityInterfaceForComposites.java:765)
	at ptolemy.actor.util.CausalityInterfaceForComposites._computeInputDepth(CausalityInterfaceForComposites.java:696)
	at ptolemy.actor.util.CausalityInterfaceForComposites._computeActorDepth(CausalityInterfaceForComposites.java:532)
	at ptolemy.actor.util.CausalityInterfaceForComposites.checkForCycles(CausalityInterfaceForComposites.java:96)
	at ptolemy.domains.de.kernel.DEDirector.preinitialize(DEDirector.java:1338)
	at ptolemy.actor.CompositeActor.preinitialize(CompositeActor.java:1828)
	at ptolemy.actor.Manager.preinitializeAndResolveTypes(Manager.java:1040)
	at ptolemy.actor.Manager.initialize(Manager.java:710)
	at ptolemy.actor.Manager.execute(Manager.java:356)
	at ptolemy.actor.Manager.run(Manager.java:1263)
	at ptolemy.actor.Manager$PtolemyRunThread.run(Manager.java:1915)
java.lang.RuntimeException: Execution failed
	at ptolemy.moml.MoMLSimpleApplication$UnloadThread.run(MoMLSimpleApplication.java:402)
Caused by: ptolemy.kernel.util.IllegalActionException: Found a zero delay loop containing .dependencyLoop.original
  in .dependencyLoop and .dependencyLoop.original
	at ptolemy.actor.util.CausalityInterfaceForComposites._computeOutputPortDepth(CausalityInterfaceForComposites.java:759)
	at ptolemy.actor.util.CausalityInterfaceForComposites._computeInputDepth(CausalityInterfaceForComposites.java:696)
	at ptolemy.actor.util.CausalityInterfaceForComposites._computeOutputPortDepth(CausalityInterfaceForComposites.java:765)
	at ptolemy.actor.util.CausalityInterfaceForComposites._computeInputDepth(CausalityInterfaceForComposites.java:696)
	at ptolemy.actor.util.CausalityInterfaceForComposites._computeOutputPortDepth(CausalityInterfaceForComposites.java:765)
	at ptolemy.actor.util.CausalityInterfaceForComposites._computeInputDepth(CausalityInterfaceForComposites.java:696)
	at ptolemy.actor.util.CausalityInterfaceForComposites._computeActorDepth(CausalityInterfaceForComposites.java:532)
	at ptolemy.actor.util.CausalityInterfaceForComposites.checkForCycles(CausalityInterfaceForComposites.java:96)
	at ptolemy.domains.de.kernel.DEDirector.preinitialize(DEDirector.java:1338)
	at ptolemy.actor.CompositeActor.preinitialize(CompositeActor.java:1828)
	at ptolemy.actor.Manager.preinitializeAndResolveTypes(Manager.java:1040)
	at ptolemy.actor.Manager.initialize(Manager.java:710)
	at ptolemy.actor.Manager.execute(Manager.java:356)
	at ptolemy.actor.Manager.run(Manager.java:1263)
	at ptolemy.actor.Manager$PtolemyRunThread.run(Manager.java:1915)
java.lang.RuntimeException: Execution failed
	at ptolemy.moml.MoMLSimpleApplication$UnloadThread.run(MoMLSimpleApplication.java:402)
Caused by: ptolemy.kernel.util.IllegalActionException: Actor is not ready to fire.  Perhaps UpSample.prefire() returned false? Try debugging the actor by selecting "Listen to Actor".  Also, for SDF check moml for tokenConsumptionRate on input.
  in .DESDFClockTest.Play Bell.Copy1:SDF Director and .DESDFClockTest.Play Bell.UpSample
	at ptolemy.actor.sched.StaticSchedulingDirector.fire(StaticSchedulingDirector.java:227)
	at ptolemy.domains.sdf.kernel.SDFDirector.fire(SDFDirector.java:500)
	at ptolemy.actor.CompositeActor.fire(CompositeActor.java:455)
	at ptolemy.domains.de.kernel.DEDirector._fire(DEDirector.java:1949)
	at ptolemy.domains.de.kernel.DEDirector.fire(DEDirector.java:502)
	at ptolemy.actor.CompositeActor.fire(CompositeActor.java:455)
	at ptolemy.actor.Manager.iterate(Manager.java:851)
	at ptolemy.actor.Manager.execute(Manager.java:369)
	at ptolemy.actor.Manager.run(Manager.java:1263)
	at ptolemy.actor.Manager$PtolemyRunThread.run(Manager.java:1915)
java.lang.RuntimeException: Execution failed
	at ptolemy.moml.MoMLSimpleApplication$UnloadThread.run(MoMLSimpleApplication.java:402)
Caused by: ptolemy.kernel.util.IllegalActionException: Found a zero delay loop containing .dependencyLoop2.original
  in .dependencyLoop2 and .dependencyLoop2.original
	at ptolemy.actor.util.CausalityInterfaceForComposites._computeOutputPortDepth(CausalityInterfaceForComposites.java:759)
	at ptolemy.actor.util.CausalityInterfaceForComposites._computeInputDepth(CausalityInterfaceForComposites.java:696)
	at ptolemy.actor.util.CausalityInterfaceForComposites._computeOutputPortDepth(CausalityInterfaceForComposites.java:765)
	at ptolemy.actor.util.CausalityInterfaceForComposites._computeInputDepth(CausalityInterfaceForComposites.java:696)
	at ptolemy.actor.util.CausalityInterfaceForComposites._computeOutputPortDepth(CausalityInterfaceForComposites.java:765)
	at ptolemy.actor.util.CausalityInterfaceForComposites._computeInputDepth(CausalityInterfaceForComposites.java:696)
	at ptolemy.actor.util.CausalityInterfaceForComposites._computeActorDepth(CausalityInterfaceForComposites.java:532)
	at ptolemy.actor.util.CausalityInterfaceForComposites.checkForCycles(CausalityInterfaceForComposites.java:96)
	at ptolemy.domains.de.kernel.DEDirector.preinitialize(DEDirector.java:1338)
	at ptolemy.actor.CompositeActor.preinitialize(CompositeActor.java:1828)
	at ptolemy.actor.Manager.preinitializeAndResolveTypes(Manager.java:1040)
	at ptolemy.actor.Manager.initialize(Manager.java:710)
	at ptolemy.actor.Manager.execute(Manager.java:356)
	at ptolemy.actor.Manager.run(Manager.java:1263)
	at ptolemy.actor.Manager$PtolemyRunThread.run(Manager.java:1915)
java.lang.RuntimeException: Execution failed
	at ptolemy.moml.MoMLSimpleApplication$UnloadThread.run(MoMLSimpleApplication.java:402)
Caused by: ptolemy.kernel.util.IllegalActionException: Found a zero delay loop containing .HierarchicalModel.A
  in .HierarchicalModel and .HierarchicalModel.A
	at ptolemy.actor.util.CausalityInterfaceForComposites._computeOutputPortDepth(CausalityInterfaceForComposites.java:759)
	at ptolemy.actor.util.CausalityInterfaceForComposites._computeInputDepth(CausalityInterfaceForComposites.java:696)
	at ptolemy.actor.util.CausalityInterfaceForComposites._computeOutputPortDepth(CausalityInterfaceForComposites.java:765)
	at ptolemy.actor.util.CausalityInterfaceForComposites._computeInputDepth(CausalityInterfaceForComposites.java:696)
	at ptolemy.actor.util.CausalityInterfaceForComposites._computeOutputPortDepth(CausalityInterfaceForComposites.java:765)
	at ptolemy.actor.util.CausalityInterfaceForComposites._computeInputDepth(CausalityInterfaceForComposites.java:696)
	at ptolemy.actor.util.CausalityInterfaceForComposites._computeActorDepth(CausalityInterfaceForComposites.java:532)
	at ptolemy.actor.util.CausalityInterfaceForComposites.checkForCycles(CausalityInterfaceForComposites.java:96)
	at ptolemy.domains.de.kernel.DEDirector.preinitialize(DEDirector.java:1338)
	at ptolemy.actor.CompositeActor.preinitialize(CompositeActor.java:1828)
	at ptolemy.actor.Manager.preinitializeAndResolveTypes(Manager.java:1040)
	at ptolemy.actor.Manager.initialize(Manager.java:710)
	at ptolemy.actor.Manager.execute(Manager.java:356)
	at ptolemy.actor.Manager.run(Manager.java:1263)
	at ptolemy.actor.Manager$PtolemyRunThread.run(Manager.java:1915)
java.lang.RuntimeException: Execution failed
	at ptolemy.moml.MoMLSimpleApplication$UnloadThread.run(MoMLSimpleApplication.java:402)
Caused by: ptolemy.kernel.util.IllegalActionException: Test fails in iteration 1.
Value was: 1.0. Should have been: 2.0
  in .DirectFeedback.Test
	at ptolemy.actor.lib.Test.fire(Test.java:268)
	at ptolemy.domains.de.kernel.DEDirector._fire(DEDirector.java:1949)
	at ptolemy.domains.de.kernel.DEDirector.fire(DEDirector.java:502)
	at ptolemy.actor.CompositeActor.fire(CompositeActor.java:455)
	at ptolemy.actor.Manager.iterate(Manager.java:851)
	at ptolemy.actor.Manager.execute(Manager.java:369)
	at ptolemy.actor.Manager.run(Manager.java:1263)
	at ptolemy.actor.Manager$PtolemyRunThread.run(Manager.java:1915)
java.lang.RuntimeException: Execution failed
	at ptolemy.moml.MoMLSimpleApplication$UnloadThread.run(MoMLSimpleApplication.java:402)
Caused by: ptolemy.kernel.util.IllegalActionException: Actor is not ready to fire.  Perhaps UpSample.prefire() returned false? Try debugging the actor by selecting "Listen to Actor".  Also, for SDF check moml for tokenConsumptionRate on input.
  in .DESDFClockTest.Play Bell.Copy1:SDF Director and .DESDFClockTest.Play Bell.UpSample
	at ptolemy.actor.sched.StaticSchedulingDirector.fire(StaticSchedulingDirector.java:227)
	at ptolemy.domains.sdf.kernel.SDFDirector.fire(SDFDirector.java:500)
	at ptolemy.actor.CompositeActor.fire(CompositeActor.java:455)
	at ptolemy.domains.de.kernel.DEDirector._fire(DEDirector.java:1949)
	at ptolemy.domains.de.kernel.DEDirector.fire(DEDirector.java:502)
	at ptolemy.actor.CompositeActor.fire(CompositeActor.java:455)
	at ptolemy.actor.Manager.iterate(Manager.java:851)
	at ptolemy.actor.Manager.execute(Manager.java:369)
	at ptolemy.actor.Manager.run(Manager.java:1263)
	at ptolemy.actor.Manager$PtolemyRunThread.run(Manager.java:1915)
java.lang.reflect.InvocationTargetException
	at sun.reflect.NativeConstructorAccessorImpl.newInstance0(Native Method)
	at sun.reflect.NativeConstructorAccessorImpl.newInstance(NativeConstructorAccessorImpl.java:62)
	at sun.reflect.DelegatingConstructorAccessorImpl.newInstance(DelegatingConstructorAccessorImpl.java:45)
	at java.lang.reflect.Constructor.newInstance(Constructor.java:423)
	at ptolemy.util.test.junit.AutoKnownFailedTests.RunModel(AutoKnownFailedTests.java:105)
	at sun.reflect.NativeMethodAccessorImpl.invoke0(Native Method)
	at sun.reflect.NativeMethodAccessorImpl.invoke(NativeMethodAccessorImpl.java:62)
	at sun.reflect.DelegatingMethodAccessorImpl.invoke(DelegatingMethodAccessorImpl.java:43)
	at java.lang.reflect.Method.invoke(Method.java:498)
	at org.junit.runners.model.FrameworkMethod$1.runReflectiveCall(FrameworkMethod.java:44)
	at org.junit.internal.runners.model.ReflectiveCallable.run(ReflectiveCallable.java:15)
	at org.junit.runners.model.FrameworkMethod.invokeExplosively(FrameworkMethod.java:41)
	at junitparams.internal.InvokeParameterisedMethod.evaluate(InvokeParameterisedMethod.java:102)
	at org.junit.internal.runners.statements.FailOnTimeout$1.run(FailOnTimeout.java:28)
Caused by: ptolemy.kernel.util.IllegalActionException: Actor is not ready to fire.  Perhaps UpSample.prefire() returned false? Try debugging the actor by selecting "Listen to Actor".  Also, for SDF check moml for tokenConsumptionRate on input.
  in .DESDFClockTest.Play Bell.Copy1:SDF Director and .DESDFClockTest.Play Bell.UpSample
	at ptolemy.actor.sched.StaticSchedulingDirector.fire(StaticSchedulingDirector.java:227)
	at ptolemy.domains.sdf.kernel.SDFDirector.fire(SDFDirector.java:500)
	at ptolemy.actor.CompositeActor.fire(CompositeActor.java:455)
	at ptolemy.domains.de.kernel.DEDirector._fire(DEDirector.java:1949)
	at ptolemy.domains.de.kernel.DEDirector.fire(DEDirector.java:502)
	at ptolemy.actor.CompositeActor.fire(CompositeActor.java:455)
	at ptolemy.actor.Manager.iterate(Manager.java:851)
	at ptolemy.actor.Manager.execute(Manager.java:369)
	at ptolemy.actor.Manager.run(Manager.java:1263)
	at ptolemy.actor.Manager$PtolemyRunThread.run(Manager.java:1915)
java.lang.RuntimeException: Execution failed
	at ptolemy.moml.MoMLSimpleApplication$UnloadThread.run(MoMLSimpleApplication.java:402)
Caused by: ptolemy.kernel.util.IllegalActionException: Test fails in iteration 1.
Value was: 1.0. Should have been: 2.0
  in .DirectFeedback.Test
	at ptolemy.actor.lib.Test.fire(Test.java:268)
	at ptolemy.domains.de.kernel.DEDirector._fire(DEDirector.java:1949)
	at ptolemy.domains.de.kernel.DEDirector.fire(DEDirector.java:502)
	at ptolemy.actor.CompositeActor.fire(CompositeActor.java:455)
	at ptolemy.actor.Manager.iterate(Manager.java:851)
	at ptolemy.actor.Manager.execute(Manager.java:369)
	at ptolemy.actor.Manager.run(Manager.java:1263)
	at ptolemy.actor.Manager$PtolemyRunThread.run(Manager.java:1915)
java.lang.reflect.InvocationTargetException
	at sun.reflect.NativeConstructorAccessorImpl.newInstance0(Native Method)
	at sun.reflect.NativeConstructorAccessorImpl.newInstance(NativeConstructorAccessorImpl.java:62)
	at sun.reflect.DelegatingConstructorAccessorImpl.newInstance(DelegatingConstructorAccessorImpl.java:45)
	at java.lang.reflect.Constructor.newInstance(Constructor.java:423)
	at ptolemy.util.test.junit.AutoKnownFailedTests.RunModel(AutoKnownFailedTests.java:105)
	at sun.reflect.NativeMethodAccessorImpl.invoke0(Native Method)
	at sun.reflect.NativeMethodAccessorImpl.invoke(NativeMethodAccessorImpl.java:62)
	at sun.reflect.DelegatingMethodAccessorImpl.invoke(DelegatingMethodAccessorImpl.java:43)
	at java.lang.reflect.Method.invoke(Method.java:498)
	at org.junit.runners.model.FrameworkMethod$1.runReflectiveCall(FrameworkMethod.java:44)
	at org.junit.internal.runners.model.ReflectiveCallable.run(ReflectiveCallable.java:15)
	at org.junit.runners.model.FrameworkMethod.invokeExplosively(FrameworkMethod.java:41)
	at junitparams.internal.InvokeParameterisedMethod.evaluate(InvokeParameterisedMethod.java:102)
	at org.junit.internal.runners.statements.FailOnTimeout$1.run(FailOnTimeout.java:28)
Caused by: ptolemy.kernel.util.IllegalActionException: Test fails in iteration 1.
Value was: 1.0. Should have been: 2.0
  in .DirectFeedback.Test
	at ptolemy.actor.lib.Test.fire(Test.java:268)
	at ptolemy.domains.de.kernel.DEDirector._fire(DEDirector.java:1949)
	at ptolemy.domains.de.kernel.DEDirector.fire(DEDirector.java:502)
	at ptolemy.actor.CompositeActor.fire(CompositeActor.java:455)
	at ptolemy.actor.Manager.iterate(Manager.java:851)
	at ptolemy.actor.Manager.execute(Manager.java:369)
	at ptolemy.actor.Manager.run(Manager.java:1263)
	at ptolemy.actor.Manager$PtolemyRunThread.run(Manager.java:1915)
java.lang.RuntimeException: Execution failed
	at ptolemy.moml.MoMLSimpleApplication$UnloadThread.run(MoMLSimpleApplication.java:402)
Caused by: ptolemy.kernel.util.IllegalActionException: Found a zero delay loop containing .HierarchicalModel.A
  in .HierarchicalModel and .HierarchicalModel.A
	at ptolemy.actor.util.CausalityInterfaceForComposites._computeOutputPortDepth(CausalityInterfaceForComposites.java:759)
	at ptolemy.actor.util.CausalityInterfaceForComposites._computeInputDepth(CausalityInterfaceForComposites.java:696)
	at ptolemy.actor.util.CausalityInterfaceForComposites._computeOutputPortDepth(CausalityInterfaceForComposites.java:765)
	at ptolemy.actor.util.CausalityInterfaceForComposites._computeInputDepth(CausalityInterfaceForComposites.java:696)
	at ptolemy.actor.util.CausalityInterfaceForComposites._computeOutputPortDepth(CausalityInterfaceForComposites.java:765)
	at ptolemy.actor.util.CausalityInterfaceForComposites._computeInputDepth(CausalityInterfaceForComposites.java:696)
	at ptolemy.actor.util.CausalityInterfaceForComposites._computeActorDepth(CausalityInterfaceForComposites.java:532)
	at ptolemy.actor.util.CausalityInterfaceForComposites.checkForCycles(CausalityInterfaceForComposites.java:96)
	at ptolemy.domains.de.kernel.DEDirector.preinitialize(DEDirector.java:1338)
	at ptolemy.actor.CompositeActor.preinitialize(CompositeActor.java:1828)
	at ptolemy.actor.Manager.preinitializeAndResolveTypes(Manager.java:1040)
	at ptolemy.actor.Manager.initialize(Manager.java:710)
	at ptolemy.actor.Manager.execute(Manager.java:356)
	at ptolemy.actor.Manager.run(Manager.java:1263)
	at ptolemy.actor.Manager$PtolemyRunThread.run(Manager.java:1915)
java.lang.reflect.InvocationTargetException
	at sun.reflect.NativeConstructorAccessorImpl.newInstance0(Native Method)
	at sun.reflect.NativeConstructorAccessorImpl.newInstance(NativeConstructorAccessorImpl.java:62)
	at sun.reflect.DelegatingConstructorAccessorImpl.newInstance(DelegatingConstructorAccessorImpl.java:45)
	at java.lang.reflect.Constructor.newInstance(Constructor.java:423)
	at ptolemy.util.test.junit.AutoKnownFailedTests.RunModel(AutoKnownFailedTests.java:105)
	at sun.reflect.NativeMethodAccessorImpl.invoke0(Native Method)
	at sun.reflect.NativeMethodAccessorImpl.invoke(NativeMethodAccessorImpl.java:62)
	at sun.reflect.DelegatingMethodAccessorImpl.invoke(DelegatingMethodAccessorImpl.java:43)
	at java.lang.reflect.Method.invoke(Method.java:498)
	at org.junit.runners.model.FrameworkMethod$1.runReflectiveCall(FrameworkMethod.java:44)
	at org.junit.internal.runners.model.ReflectiveCallable.run(ReflectiveCallable.java:15)
	at org.junit.runners.model.FrameworkMethod.invokeExplosively(FrameworkMethod.java:41)
	at junitparams.internal.InvokeParameterisedMethod.evaluate(InvokeParameterisedMethod.java:102)
	at org.junit.internal.runners.statements.FailOnTimeout$1.run(FailOnTimeout.java:28)
Caused by: ptolemy.kernel.util.IllegalActionException: Found a zero delay loop containing .HierarchicalModel.A
  in .HierarchicalModel and .HierarchicalModel.A
	at ptolemy.actor.util.CausalityInterfaceForComposites._computeOutputPortDepth(CausalityInterfaceForComposites.java:759)
	at ptolemy.actor.util.CausalityInterfaceForComposites._computeInputDepth(CausalityInterfaceForComposites.java:696)
	at ptolemy.actor.util.CausalityInterfaceForComposites._computeOutputPortDepth(CausalityInterfaceForComposites.java:765)
	at ptolemy.actor.util.CausalityInterfaceForComposites._computeInputDepth(CausalityInterfaceForComposites.java:696)
	at ptolemy.actor.util.CausalityInterfaceForComposites._computeOutputPortDepth(CausalityInterfaceForComposites.java:765)
	at ptolemy.actor.util.CausalityInterfaceForComposites._computeInputDepth(CausalityInterfaceForComposites.java:696)
	at ptolemy.actor.util.CausalityInterfaceForComposites._computeActorDepth(CausalityInterfaceForComposites.java:532)
	at ptolemy.actor.util.CausalityInterfaceForComposites.checkForCycles(CausalityInterfaceForComposites.java:96)
	at ptolemy.domains.de.kernel.DEDirector.preinitialize(DEDirector.java:1338)
	at ptolemy.actor.CompositeActor.preinitialize(CompositeActor.java:1828)
	at ptolemy.actor.Manager.preinitializeAndResolveTypes(Manager.java:1040)
	at ptolemy.actor.Manager.initialize(Manager.java:710)
	at ptolemy.actor.Manager.execute(Manager.java:356)
	at ptolemy.actor.Manager.run(Manager.java:1263)
	at ptolemy.actor.Manager$PtolemyRunThread.run(Manager.java:1915)
java.lang.RuntimeException: Execution failed
	at ptolemy.moml.MoMLSimpleApplication$UnloadThread.run(MoMLSimpleApplication.java:402)
Caused by: ptolemy.kernel.util.IllegalActionException: Found a zero delay loop containing .dependencyLoop.original
  in .dependencyLoop and .dependencyLoop.original
	at ptolemy.actor.util.CausalityInterfaceForComposites._computeOutputPortDepth(CausalityInterfaceForComposites.java:759)
	at ptolemy.actor.util.CausalityInterfaceForComposites._computeInputDepth(CausalityInterfaceForComposites.java:696)
	at ptolemy.actor.util.CausalityInterfaceForComposites._computeOutputPortDepth(CausalityInterfaceForComposites.java:765)
	at ptolemy.actor.util.CausalityInterfaceForComposites._computeInputDepth(CausalityInterfaceForComposites.java:696)
	at ptolemy.actor.util.CausalityInterfaceForComposites._computeOutputPortDepth(CausalityInterfaceForComposites.java:765)
	at ptolemy.actor.util.CausalityInterfaceForComposites._computeInputDepth(CausalityInterfaceForComposites.java:696)
	at ptolemy.actor.util.CausalityInterfaceForComposites._computeActorDepth(CausalityInterfaceForComposites.java:532)
	at ptolemy.actor.util.CausalityInterfaceForComposites.checkForCycles(CausalityInterfaceForComposites.java:96)
	at ptolemy.domains.de.kernel.DEDirector.preinitialize(DEDirector.java:1338)
	at ptolemy.actor.CompositeActor.preinitialize(CompositeActor.java:1828)
	at ptolemy.actor.Manager.preinitializeAndResolveTypes(Manager.java:1040)
	at ptolemy.actor.Manager.initialize(Manager.java:710)
	at ptolemy.actor.Manager.execute(Manager.java:356)
	at ptolemy.actor.Manager.run(Manager.java:1263)
	at ptolemy.actor.Manager$PtolemyRunThread.run(Manager.java:1915)
java.lang.reflect.InvocationTargetException
	at sun.reflect.NativeConstructorAccessorImpl.newInstance0(Native Method)
	at sun.reflect.NativeConstructorAccessorImpl.newInstance(NativeConstructorAccessorImpl.java:62)
	at sun.reflect.DelegatingConstructorAccessorImpl.newInstance(DelegatingConstructorAccessorImpl.java:45)
	at java.lang.reflect.Constructor.newInstance(Constructor.java:423)
	at ptolemy.util.test.junit.AutoKnownFailedTests.RunModel(AutoKnownFailedTests.java:105)
	at sun.reflect.NativeMethodAccessorImpl.invoke0(Native Method)
	at sun.reflect.NativeMethodAccessorImpl.invoke(NativeMethodAccessorImpl.java:62)
	at sun.reflect.DelegatingMethodAccessorImpl.invoke(DelegatingMethodAccessorImpl.java:43)
	at java.lang.reflect.Method.invoke(Method.java:498)
	at org.junit.runners.model.FrameworkMethod$1.runReflectiveCall(FrameworkMethod.java:44)
	at org.junit.internal.runners.model.ReflectiveCallable.run(ReflectiveCallable.java:15)
	at org.junit.runners.model.FrameworkMethod.invokeExplosively(FrameworkMethod.java:41)
	at junitparams.internal.InvokeParameterisedMethod.evaluate(InvokeParameterisedMethod.java:102)
	at org.junit.internal.runners.statements.FailOnTimeout$1.run(FailOnTimeout.java:28)
Caused by: ptolemy.kernel.util.IllegalActionException: Found a zero delay loop containing .dependencyLoop.original
  in .dependencyLoop and .dependencyLoop.original
	at ptolemy.actor.util.CausalityInterfaceForComposites._computeOutputPortDepth(CausalityInterfaceForComposites.java:759)
	at ptolemy.actor.util.CausalityInterfaceForComposites._computeInputDepth(CausalityInterfaceForComposites.java:696)
	at ptolemy.actor.util.CausalityInterfaceForComposites._computeOutputPortDepth(CausalityInterfaceForComposites.java:765)
	at ptolemy.actor.util.CausalityInterfaceForComposites._computeInputDepth(CausalityInterfaceForComposites.java:696)
	at ptolemy.actor.util.CausalityInterfaceForComposites._computeOutputPortDepth(CausalityInterfaceForComposites.java:765)
	at ptolemy.actor.util.CausalityInterfaceForComposites._computeInputDepth(CausalityInterfaceForComposites.java:696)
	at ptolemy.actor.util.CausalityInterfaceForComposites._computeActorDepth(CausalityInterfaceForComposites.java:532)
	at ptolemy.actor.util.CausalityInterfaceForComposites.checkForCycles(CausalityInterfaceForComposites.java:96)
	at ptolemy.domains.de.kernel.DEDirector.preinitialize(DEDirector.java:1338)
	at ptolemy.actor.CompositeActor.preinitialize(CompositeActor.java:1828)
	at ptolemy.actor.Manager.preinitializeAndResolveTypes(Manager.java:1040)
	at ptolemy.actor.Manager.initialize(Manager.java:710)
	at ptolemy.actor.Manager.execute(Manager.java:356)
	at ptolemy.actor.Manager.run(Manager.java:1263)
	at ptolemy.actor.Manager$PtolemyRunThread.run(Manager.java:1915)
java.lang.RuntimeException: Execution failed
	at ptolemy.moml.MoMLSimpleApplication$UnloadThread.run(MoMLSimpleApplication.java:402)
Caused by: ptolemy.kernel.util.IllegalActionException: Found a zero delay loop containing .dependencyLoop2.original
  in .dependencyLoop2 and .dependencyLoop2.original
	at ptolemy.actor.util.CausalityInterfaceForComposites._computeOutputPortDepth(CausalityInterfaceForComposites.java:759)
	at ptolemy.actor.util.CausalityInterfaceForComposites._computeInputDepth(CausalityInterfaceForComposites.java:696)
	at ptolemy.actor.util.CausalityInterfaceForComposites._computeOutputPortDepth(CausalityInterfaceForComposites.java:765)
	at ptolemy.actor.util.CausalityInterfaceForComposites._computeInputDepth(CausalityInterfaceForComposites.java:696)
	at ptolemy.actor.util.CausalityInterfaceForComposites._computeOutputPortDepth(CausalityInterfaceForComposites.java:765)
	at ptolemy.actor.util.CausalityInterfaceForComposites._computeInputDepth(CausalityInterfaceForComposites.java:696)
	at ptolemy.actor.util.CausalityInterfaceForComposites._computeActorDepth(CausalityInterfaceForComposites.java:532)
	at ptolemy.actor.util.CausalityInterfaceForComposites.checkForCycles(CausalityInterfaceForComposites.java:96)
	at ptolemy.domains.de.kernel.DEDirector.preinitialize(DEDirector.java:1338)
	at ptolemy.actor.CompositeActor.preinitialize(CompositeActor.java:1828)
	at ptolemy.actor.Manager.preinitializeAndResolveTypes(Manager.java:1040)
	at ptolemy.actor.Manager.initialize(Manager.java:710)
	at ptolemy.actor.Manager.execute(Manager.java:356)
	at ptolemy.actor.Manager.run(Manager.java:1263)
	at ptolemy.actor.Manager$PtolemyRunThread.run(Manager.java:1915)
java.lang.reflect.InvocationTargetException
	at sun.reflect.NativeConstructorAccessorImpl.newInstance0(Native Method)
	at sun.reflect.NativeConstructorAccessorImpl.newInstance(NativeConstructorAccessorImpl.java:62)
	at sun.reflect.DelegatingConstructorAccessorImpl.newInstance(DelegatingConstructorAccessorImpl.java:45)
	at java.lang.reflect.Constructor.newInstance(Constructor.java:423)
	at ptolemy.util.test.junit.AutoKnownFailedTests.RunModel(AutoKnownFailedTests.java:105)
	at sun.reflect.NativeMethodAccessorImpl.invoke0(Native Method)
	at sun.reflect.NativeMethodAccessorImpl.invoke(NativeMethodAccessorImpl.java:62)
	at sun.reflect.DelegatingMethodAccessorImpl.invoke(DelegatingMethodAccessorImpl.java:43)
	at java.lang.reflect.Method.invoke(Method.java:498)
	at org.junit.runners.model.FrameworkMethod$1.runReflectiveCall(FrameworkMethod.java:44)
	at org.junit.internal.runners.model.ReflectiveCallable.run(ReflectiveCallable.java:15)
	at org.junit.runners.model.FrameworkMethod.invokeExplosively(FrameworkMethod.java:41)
	at junitparams.internal.InvokeParameterisedMethod.evaluate(InvokeParameterisedMethod.java:102)
	at org.junit.internal.runners.statements.FailOnTimeout$1.run(FailOnTimeout.java:28)
Caused by: ptolemy.kernel.util.IllegalActionException: Found a zero delay loop containing .dependencyLoop2.original
  in .dependencyLoop2 and .dependencyLoop2.original
	at ptolemy.actor.util.CausalityInterfaceForComposites._computeOutputPortDepth(CausalityInterfaceForComposites.java:759)
	at ptolemy.actor.util.CausalityInterfaceForComposites._computeInputDepth(CausalityInterfaceForComposites.java:696)
	at ptolemy.actor.util.CausalityInterfaceForComposites._computeOutputPortDepth(CausalityInterfaceForComposites.java:765)
	at ptolemy.actor.util.CausalityInterfaceForComposites._computeInputDepth(CausalityInterfaceForComposites.java:696)
	at ptolemy.actor.util.CausalityInterfaceForComposites._computeOutputPortDepth(CausalityInterfaceForComposites.java:765)
	at ptolemy.actor.util.CausalityInterfaceForComposites._computeInputDepth(CausalityInterfaceForComposites.java:696)
	at ptolemy.actor.util.CausalityInterfaceForComposites._computeActorDepth(CausalityInterfaceForComposites.java:532)
	at ptolemy.actor.util.CausalityInterfaceForComposites.checkForCycles(CausalityInterfaceForComposites.java:96)
	at ptolemy.domains.de.kernel.DEDirector.preinitialize(DEDirector.java:1338)
	at ptolemy.actor.CompositeActor.preinitialize(CompositeActor.java:1828)
	at ptolemy.actor.Manager.preinitializeAndResolveTypes(Manager.java:1040)
	at ptolemy.actor.Manager.initialize(Manager.java:710)
	at ptolemy.actor.Manager.execute(Manager.java:356)
	at ptolemy.actor.Manager.run(Manager.java:1263)
	at ptolemy.actor.Manager$PtolemyRunThread.run(Manager.java:1915)
]]></system-err>
</testsuite>
