<?xml version="1.0" encoding="UTF-8" ?>
<testsuite errors="1" failures="1" hostname="travis-job-f7253d56-2b7c-4ab6-9ff5-ff905370ef7a" name="ptolemy.actor.lib.test.junit.JUnitTclTest" skipped="0" tests="517" time="63.001" timestamp="2019-11-19T06:21:56">
  <properties>
    <property name="npm.executable" value="npm" />
    <property name="env.TRAVIS_ROOT" value="/" />
    <property name="ptII.mk.exists" value="true" />
    <property name="env.TRAVIS_APP_HOST" value="build.travis-ci.org" />
    <property name="env.rvm_bin_path" value="/home/travis/.rvm/bin" />
    <property name="java.home" value="/usr/local/lib/jvm/openjdk11" />
    <property name="env.TRAVIS_JOB_NUMBER" value="1402.8" />
    <property name="env.TRAVIS_HOME" value="/home/travis" />
    <property name="env.DISPLAY" value=":99.0" />
    <property name="env.TRAVIS_INIT" value="systemd" />
    <property name="env.SSH_TTY" value="/dev/pts/0" />
    <property name="java.net.preferIPv4Stack" value="true" />
    <property name="env.RUN_TESTS" value="true" />
    <property name="timeout.short" value="1000000" />
    <property name="junit.formatter" value="xml" />
    <property name="env.TRAVIS_SUDO" value="true" />
    <property name="env.TRAVIS_JOB_NAME" value="" />
    <property name="env.TRAVIS_STACK_NODE_ATTRIBUTES" value="/.node-attributes.yml" />
    <property name="env.LOGNAME" value="travis" />
    <property name="env.PT_TRAVIS_TEST_CORE1_XML" value="true" />
    <property name="jsdoc.home" value="node_modules/@terraswarm/jsdoc" />
    <property name="debuglevel" value="source,lines,vars" />
    <property name="checkstyle.formatter" value="xml" />
    <property name="env._system_version" value="16.04" />
    <property name="bin.vergil.makeable" value="true" />
    <property name="sun.os.patch.level" value="unknown" />
    <property name="java.vendor.url" value="http://java.oracle.com/" />
    <property name="env.TRAVIS_BUILD_WEB_URL" value="https://travis-ci.org/icyphy/ptII/builds/613850220" />
    <property name="java.version" value="11.0.2" />
    <property name="env.TZ" value="UTC" />
    <property name="env.TRAVIS_PULL_REQUEST_SHA" value="" />
    <property name="env.PT_NO_NET" value="true" />
    <property name="env.TRAVIS_SECURE_ENV_VARS" value="true" />
    <property name="env._system_type" value="Linux" />
    <property name="java.vendor.url.bug" value="http://bugreport.java.com/bugreport/" />
    <property name="npmjs-org-is-up" value="true" />
    <property name="env.LANGUAGE" value="en_US.UTF-8" />
    <property name="env.SSH_CLIENT" value="10.16.2.10 43038 22" />
    <property name="env.GEM_HOME" value="/home/travis/.rvm/gems/ruby-2.5.3" />
    <property name="env.HAS_ANTARES_THREE_LITTLE_FRONZIES_BADGE" value="true" />
    <property name="java.version.date" value="2019-01-15" />
    <property name="env.PS4" value="+" />
    <property name="ant.project.invoked-targets" value="build,test.core1.xml" />
    <property name="env.TRAVIS_PULL_REQUEST_BRANCH" value="" />
    <property name="env.TRAVIS_REPO_SLUG" value="icyphy/ptII" />
    <property name="env.XDG_DATA_DIRS" value="/usr/local/share:/usr/share:/var/lib/snapd/desktop" />
    <property name="jdk.debug" value="release" />
    <property name="env.TRAVIS_APT_PROXY" value="http://apt.cache.travis-ci.com" />
    <property name="env.TRAVIS_CPU_ARCH" value="amd64" />
    <property name="node.in.path" value="true" />
    <property name="user.name" value="travis" />
    <property name="java.maxmemory" value="1400m" />
    <property name="env.RUBY_VERSION" value="ruby-2.5.3" />
    <property name="env.LANG" value="en_US.UTF-8" />
    <property name="sun.io.unicode.encoding" value="UnicodeLittle" />
    <property name="sun.jnu.encoding" value="UTF-8" />
    <property name="java.runtime.name" value="OpenJDK Runtime Environment" />
    <property name="usefile" value="false" />
    <property name="return.code" value="0" />
    <property name="junit.single.formatter" value="plain" />
    <property name="env.DYLD_LIBRARY_PATH" value="/home/travis/pthla/certi-tools/lib:" />
    <property name="env.DEBIAN_FRONTEND" value="noninteractive" />
    <property name="env.SSH_CONNECTION" value="10.16.2.10 43038 10.20.1.49 22" />
    <property name="env.MYSQL_UNIX_PORT" value="/var/run/mysqld/mysqld.sock" />
    <property name="env.LC_ALL" value="en_US.UTF-8" />
    <property name="env.TRAVIS_ALLOW_FAILURE" value="false" />
    <property name="env.TRAVIS_JOB_WEB_URL" value="https://travis-ci.org/icyphy/ptII/jobs/613850228" />
    <property name="java.specification.name" value="Java Platform API Specification" />
    <property name="node.works" value="true" />
    <property name="user.timezone" value="" />
    <property name="path.separator" value=":" />
    <property name="env.TRAVIS_ENABLE_INFRA_DETECTION" value="true" />
    <property name="env.PYTHON_CFLAGS" value="-g -fstack-protector --param=ssp-buffer-size=4 -Wformat -Werror=format-security" />
    <property name="timeout.long" value="4000000" />
    <property name="env.CERTI_HOME" value="/home/travis/pthla/certi-tools" />
    <property name="ant.file.ptII" value="/home/travis/build/icyphy/ptII/build.xml" />
    <property name="javadoc.packagenames" value="com.*,diva.*,lbnl.*,org.hlacerti.*,org.json.*,org.ptolemy.*,org.terraswarm.*,ptolemy.*,ptserver.*" />
    <property name="file.encoding" value="UTF-8" />
    <property name="env.TRAVIS_PULL_REQUEST_SLUG" value="" />
    <property name="ant.project.default-target" value="build" />
    <property name="env.GIT_ASKPASS" value="echo" />
    <property name="env.HOME" value="/home/travis" />
    <property name="sun.java.command" value="org.apache.tools.ant.taskdefs.optional.junit.JUnitTestRunner ptolemy.actor.lib.test.junit.JUnitTclTest skipNonTests=false filtertrace=true haltOnError=false haltOnFailure=false formatter=org.apache.tools.ant.taskdefs.optional.junit.OutErrSummaryJUnitResultFormatter showoutput=true outputtoformatters=true logfailedtests=true threadid=0 logtestlistenerevents=false formatter=org.apache.tools.ant.taskdefs.optional.junit.XMLJUnitResultFormatter,/home/travis/build/icyphy/ptII/reports/junit/TEST-ptolemy.actor.lib.test.junit.JUnitTclTest.xml crashfile=/home/travis/build/icyphy/ptII/junitvmwatcher8179330782270405520.properties propsfile=/home/travis/build/icyphy/ptII/junit4485780933943207624.properties" />
    <property name="env.COMPOSER_NO_INTERACTION" value="1" />
    <property name="env.MANPATH" value="/home/travis/.nvm/versions/node/v7.10.1/share/man:/home/travis/.rvm/rubies/ruby-2.5.3/share/man:/usr/local/cmake-3.12.4/man:/usr/local/clang-7.0.0/share/man:/usr/local/man:/usr/local/share/man:/usr/share/man:/home/travis/.rvm/man" />
    <property name="env.TRAVIS_TIMER_ID" value="27c3f4f8" />
    <property name="ant.file" value="/home/travis/build/icyphy/ptII/build.xml" />
    <property name="env.TRAVIS_COMMIT_RANGE" value="45a1af74cde64810f1a740ff9bd66386be4e642c...11deb69804adb5926cd4863c8231df6048994796" />
    <property name="env._system_name" value="Ubuntu" />
    <property name="ptII.classpath.optional.property" value="/home/travis/build/icyphy/ptII/lib/bsh-2.0b4.jar:/home/travis/build/icyphy/ptII/lib/ptCal.jar:/home/travis/build/icyphy/ptII/lib/java_cup.jar:/home/travis/build/icyphy/ptII/lib/saxon8.jar:/home/travis/build/icyphy/ptII/lib/saxon8-dom.jar:/home/travis/build/icyphy/ptII/lib/chic.jar:/home/travis/build/icyphy/ptII/lib/ptcolt.jar:/home/travis/build/icyphy/ptII/vendors/misc/itext/iText.jar:/home/travis/build/icyphy/ptII/lib/g4ltl.jar:/home/travis/build/icyphy/ptII/lib/StructuralCoder.jar:/home/travis/build/icyphy/ptII/lib/jcerti.jar:/home/travis/build/icyphy/ptII/lib/javax.mail.jar:/home/travis/build/icyphy/ptII/vendors/JMF-2.1.1e/lib/jmf.jar:/home/travis/build/icyphy/ptII/lib/jna-4.0.0-variadic.jar:/home/travis/build/icyphy/ptII/vendors/misc/joystick/Joystick.jar:/home/travis/build/icyphy/ptII/lib/ptjacl.jar:/home/travis/build/icyphy/ptII/lib/jsoup-1.8.2.jar:/home/travis/build/icyphy/ptII/lib/junit-4.8.2.jar:/home/travis/build/icyphy/ptII/lib/JUnitParams-0.4.0.jar:/home/travis/build/icyphy/ptII/ptolemy/actor/lib/excel/jxl.jar:/home/travis/build/icyphy/ptII/lib/jython.jar:/home/travis/build/icyphy/ptII/lib/kieler.jar:/home/travis/build/icyphy/ptII/vendors/opencv/share/OpenCV/java/opencv-341.jar:/home/travis/build/icyphy/ptII/lib/oscP5.jar:/home/travis/build/icyphy/ptII/lib/nrjavaserial-3.11.0.devel.jar:/home/travis/build/icyphy/ptII/vendors/j3d/lib/Linux/j3dcore.jar:/home/travis/build/icyphy/ptII/vendors/j3d/lib/Linux/j3dutils.jar:/home/travis/build/icyphy/ptII/vendors/j3d/lib/Linux/vecmath.jar:/home/travis/build/icyphy/ptII/vendors/jogl/lib/Linux/gluegen-rt-natives-linux-amd64.jar:/home/travis/build/icyphy/ptII/vendors/jogl/lib/Linux/gluegen-rt.jar:/home/travis/build/icyphy/ptII/vendors/jogl/lib/Linux/jogl-all-natives-linux-amd64.jar:/home/travis/build/icyphy/ptII/vendors/jogl/lib/Linux/jogl-all.jar:/home/travis/build/icyphy/ptII/ptolemy/distributed/jini/jar/jini-core.jar:/home/travis/build/icyphy/ptII/ptolemy/distributed/jini/jar/jini-ext.jar:/home/travis/build/icyphy/ptII/ptolemy/distributed/jini/jar/sun-util.jar:/home/travis/build/icyphy/ptII/lib/protobuf-java-2.4.1.jar:/home/travis/build/icyphy/ptII/lib/org.eclipse.paho.client.mqttv3.jar:/home/travis/build/icyphy/ptII/lib/mapss.jar:/home/travis/build/icyphy/ptII/ptolemy/actor/ptalon/antlr/antlr.jar:/home/travis/build/icyphy/ptII/lib/JRI.jar:/home/travis/build/icyphy/ptII/lib/commons-lang-2.6.jar:/home/travis/build/icyphy/ptII/lib/commons-logging-1.1.1.jar:/home/travis/build/icyphy/ptII/lib/sootclasses.jar:/home/travis/build/icyphy/ptII/ptolemy/actor/lib/database/mysql-connector-java-5.1.6-bin.jar:/home/travis/build/icyphy/ptII/vendors/misc/sphinx4/sphinx4-data-5prealpha.jar:/home/travis/build/icyphy/ptII/vendors/misc/sphinx4/sphinx4-core-5prealpha.jar:/home/travis/build/icyphy/ptII/lib/PDFRenderer.jar:/home/travis/build/icyphy/ptII/lib/svgSalamander.jar:/home/travis/build/icyphy/ptII/lib/rsyntaxtextarea-2.6.0-SNAPSHOT.jar:/home/travis/build/icyphy/ptII/lib/hazelcast-3.8.2.jar:/home/travis/build/icyphy/ptII/lib/jackson-annotations-2.9.0.jar:/home/travis/build/icyphy/ptII/lib/jackson-core-2.9.3.jar:/home/travis/build/icyphy/ptII/lib/jackson-databind-2.9.3.jar:/home/travis/build/icyphy/ptII/lib/netty-buffer-4.1.19.Final.jar:/home/travis/build/icyphy/ptII/lib/netty-codec-4.1.19.Final.jar:/home/travis/build/icyphy/ptII/lib/netty-codec-dns-4.1.19.Final.jar:/home/travis/build/icyphy/ptII/lib/netty-codec-http-4.1.19.Final.jar:/home/travis/build/icyphy/ptII/lib/netty-codec-http2-4.1.19.Final.jar:/home/travis/build/icyphy/ptII/lib/netty-common-4.1.19.Final.jar:/home/travis/build/icyphy/ptII/lib/netty-handler-4.1.19.Final.jar:/home/travis/build/icyphy/ptII/lib/netty-resolver-4.1.19.Final.jar:/home/travis/build/icyphy/ptII/lib/netty-resolver-dns-4.1.19.Final.jar:/home/travis/build/icyphy/ptII/lib/netty-transport-4.1.19.Final.jar:/home/travis/build/icyphy/ptII/lib/vertx-codegen-3.5.1.jar:/home/travis/build/icyphy/ptII/lib/vertx-core-3.5.2-SNAPSHOT.jar:/home/travis/build/icyphy/ptII/lib/vertx-hazelcast-3.5.1.jar:/home/travis/build/icyphy/ptII/lib/vertx-lang-js-3.5.1.jar:/home/travis/build/icyphy/ptII/lib/vertx-service-proxy-3.5.1.jar:/home/travis/build/icyphy/ptII/lib/vertx-web-3.5.1.jar:/home/travis/build/icyphy/ptII/lib/slf4j-api-1.7.13.jar:/home/travis/build/icyphy/ptII/lib/slf4j-simple-1.7.13.jar:/home/travis/build/icyphy/ptII/lib/webcam-capture-0.3.12.jar:/home/travis/build/icyphy/ptII/lib/bridj-0.7.0.jar:/home/travis/build/icyphy/ptII/lib/xbjlib-1.1.0.nrjavaserial.jar" />
    <property name="timeout" value="2400000" />
    <property name="test.batch" value="**/junit/*.java" />
    <property name="env._" value="/usr/bin/timeout" />
    <property name="java.io.tmpdir" value="/tmp" />
    <property name="user.language" value="en" />
    <property name="env.TRAVIS_INTERNAL_RUBY_REGEX" value="^ruby-(2\.[0-4]\.[0-9]|1\.9\.3)" />
    <property name="env.HISTCONTROL" value="ignoredups:ignorespace" />
    <property name="env.GOROOT" value="/home/travis/.gimme/versions/go1.11.1.linux.amd64" />
    <property name="line.separator" value="&#xa;" />
    <property name="target" value="11" />
    <property name="env.TRAVIS_BUILD_DIR" value="/home/travis/build/icyphy/ptII" />
    <property name="env.ANT_OPTS" value="-Xmx2048m" />
    <property name="ant.file.type" value="file" />
    <property name="ptolemy.ptII.batchMode" value="true" />
    <property name="env.HISTSIZE" value="1000" />
    <property name="env.MERB_ENV" value="test" />
    <property name="java.vm.info" value="mixed mode" />
    <property name="source" value="11" />
    <property name="java.vm.specification.name" value="Java Virtual Machine Specification" />
    <property name="env.TRAVIS_TEST_RESULT" value="0" />
    <property name="jsdoc.command" value="node_modules/@terraswarm/jsdoc/jsdoc.js" />
    <property name="npm.works" value="true" />
    <property name="cobertura.dir" value="/home/travis/build/icyphy/ptII/vendors/cobertura-2.0.3" />
    <property name="jsdoc.command.exists" value="true" />
    <property name="env.rvm_path" value="/home/travis/.rvm" />
    <property name="env.GEM_PATH" value="/home/travis/.rvm/gems/ruby-2.5.3:/home/travis/.rvm/gems/ruby-2.5.3@global" />
    <property name="env.LC_CTYPE" value="en_US.UTF-8" />
    <property name="env.TRAVIS_CMD" value="$PTII/bin/ptIITravisBuild.sh $SECONDS" />
    <property name="java.awt.printerjob" value="sun.print.PSPrinterJob" />
    <property name="env.TRAVIS_STACK_NAME" value="sardonyx" />
    <property name="env.TRAVIS_TIMER_START_TIME" value="1574143863338878893" />
    <property name="ant.version" value="Apache Ant(TM) version 1.10.1 compiled on February 2 2017" />
    <property name="ptII.reports" value="/home/travis/build/icyphy/ptII/reports" />
    <property name="env.TRAVIS_STACK_TIMESTAMP" value="2019-03-25 16:16:56 UTC" />
    <property name="ant.file.type.ptII" value="file" />
    <property name="env.RBENV_SHELL" value="bash" />
    <property name="os.name" value="Linux" />
    <property name="java.specification.vendor" value="Oracle Corporation" />
    <property name="env.rvm_version" value="1.29.7 (latest)" />
    <property name="env.TRAVIS_INFRA" value="unknown" />
    <property name="env.TERM" value="xterm" />
    <property name="java.vm.name" value="OpenJDK 64-Bit Server VM" />
    <property name="env.TRAVIS_BUILD_NUMBER" value="1402" />
    <property name="env.CI" value="true" />
    <property name="java.library.path" value="/home/travis/pthla/certi-tools/lib:/usr/lib/jni:/usr/local/share/OpenCV/java/:/usr/share/OpenCV/java::/usr/java/packages/lib:/usr/lib64:/lib64:/lib:/usr/lib" />
    <property name="jdk.module.path" value="/home/travis/build/icyphy/ptII/vendors/javafx/javafx-sdk-11.0.2/lib:" />
    <property name="env.rvm_prefix" value="/home/travis" />
    <property name="env.PATH" value="/home/travis/pthla/certi-tools/share/scripts:/home/travis/.rvm/gems/ruby-2.5.3/bin:/home/travis/.rvm/gems/ruby-2.5.3@global/bin:/home/travis/.rvm/rubies/ruby-2.5.3/bin:/home/travis/.rvm/bin:/home/travis/.nvm/versions/node/v7.10.1/bin:./node_modules/.bin:/home/travis/build/icyphy/ptII/bin:/home/travis/pthla/certi-tools/bin:/home/travis/bin:/home/travis/.local/bin:/usr/local/lib/jvm/openjdk11/bin:/opt/pyenv/shims:/home/travis/.phpenv/shims:/home/travis/perl5/perlbrew/bin:/home/travis/gopath/bin:/home/travis/.gimme/versions/go1.11.1.linux.amd64/bin:/usr/local/maven-3.6.0/bin:/usr/local/cmake-3.12.4/bin:/usr/local/clang-7.0.0/bin:/usr/local/sbin:/usr/local/bin:/usr/sbin:/usr/bin:/sbin:/bin:/snap/bin:/home/travis/.phpenv/bin:/opt/pyenv/bin:/home/travis/.yarn/bin" />
    <property name="env.TRAVIS_OS_NAME" value="linux" />
    <property name="ant.java.version" value="9" />
    <property name="basedir" value="/home/travis/build/icyphy/ptII" />
    <property name="java.class.version" value="55.0" />
    <property name="env.SHLVL" value="3" />
    <property name="env.LD_LIBRARY_PATH" value="/home/travis/pthla/certi-tools/lib:/usr/lib/jni:/usr/local/share/OpenCV/java/:/usr/share/OpenCV/java:" />
    <property name="env.RACK_ENV" value="test" />
    <property name="ant.home" value="/home/travis/build/icyphy/ptII/ant" />
    <property name="env.NVM_DIR" value="/home/travis/.nvm" />
    <property name="env.CERTI_FOM_PATH" value="/home/travis/pthla/certi-tools/share/federations" />
    <property name="env.TRAVIS_BUILD_ID" value="613850220" />
    <property name="env.PYENV_ROOT" value="/opt/pyenv" />
    <property name="env.TRAVIS_UID" value="2000" />
    <property name="prism.verbose" value="true" />
    <property name="env.NVM_BIN" value="/home/travis/.nvm/versions/node/v7.10.1/bin" />
    <property name="env.TRAVIS_COMMIT" value="11deb69804adb5926cd4863c8231df6048994796" />
    <property name="env._system_arch" value="x86_64" />
    <property name="node.executable" value="node" />
    <property name="sun.boot.library.path" value="/usr/local/lib/jvm/openjdk11/lib" />
    <property name="sun.management.compiler" value="HotSpot 64-Bit Tiered Compilers" />
    <property name="java.awt.graphicsenv" value="sun.awt.X11GraphicsEnvironment" />
    <property name="env.GOPATH" value="/home/travis/gopath" />
    <property name="ptolemy.ptII.dir" value="/home/travis/build/icyphy/ptII" />
    <property name="env.USER" value="travis" />
    <property name="env.HISTFILESIZE" value="2000" />
    <property name="timeout.longest" value="19000000" />
    <property name="env.PERLBREW_SHELLRC_VERSION" value="0.86" />
    <property name="env.TRAVIS_STACK_FEATURES" value="basic couchdb disabled-ipv6 docker docker-compose elasticsearch firefox go-toolchain google-chrome jdk memcached mongodb mysql nodejs_interpreter perl_interpreter perlbrew phantomjs postgresql python_interpreter redis ruby_interpreter sqlite xserver" />
    <property name="env.TRAVIS_PULL_REQUEST" value="false" />
    <property name="env.PYENV_SHELL" value="bash" />
    <property name="ant.project.name" value="ptII" />
    <property name="env.ANSI_RESET" value="\033[0m" />
    <property name="java.vm.specification.version" value="11" />
    <property name="env.TRAVIS_DIST" value="xenial" />
    <property name="env.CERTI_VERSION" value="4.0.0" />
    <property name="env.CERTI_HOST" value="localhost" />
    <property name="awt.toolkit" value="sun.awt.X11.XToolkit" />
    <property name="env.MY_RUBY_HOME" value="/home/travis/.rvm/rubies/ruby-2.5.3" />
    <property name="sun.cpu.isalist" value="" />
    <property name="env.TRAVIS_TMPDIR" value="/tmp/tmp.FylMhLg2h0" />
    <property name="java.vm.compressedOopsMode" value="Zero based" />
    <property name="os.version" value="4.15.0-1028-gcp" />
    <property name="user.home" value="/home/travis" />
    <property name="java.vm.vendor" value="Oracle Corporation" />
    <property name="env.TRAVIS_TAG" value="nightly" />
    <property name="env.ANSI_YELLOW" value="\033[33;1m" />
    <property name="env.TRAVIS_FILTERED" value="redirect_io" />
    <property name="env.ANSI_GREEN" value="\033[32;1m" />
    <property name="env.JAVA_HOME" value="/usr/local/lib/jvm/openjdk11" />
    <property name="javadoc.excludepackagenames" value="adm.cvs2svn.*,build.*,config.*,doc.coding.templates.*,jni.test.jni.meaningOfLife.*,jni.test.jni.testDeux.*,jni.test.jni.testTrois.*,org.terraswarm.accessor.accessors.web.node_modules.*,org.terraswarm.accessor.accessors.web.hosts.cordova.demo.*,org.terraswarm.accessor.accessors.web.hosts.cordova.plugins.*,org.terraswarm.accessor.accessors-svn.*,pt-modules.*,ptolemy.apps.agilent.*,ptolemy.apps.anytimecontrol.*,ptolemy.apps.apes.*,ptolemy.apps.charon.*,ptolemy.apps.crazyboard.*,ptolemy.apps.eclipse.*,ptolemy.apps.etherealSting.*,ptolemy.apps.fullscreen.*,ptolemy.apps.giotto.*,ptolemy.apps.ia.*,ptolemy.apps.interfaces.*,ptolemy.apps.jmf.*,ptolemy.apps.kurt.*,ptolemy.apps.kvm.*,ptolemy.apps.lego.*,ptolemy.apps.lejos.*,ptolemy.apps.midp.*,ptolemy.apps.mobileCoding.*,ptolemy.apps.pendulum.*,ptolemy.apps.rijndael.*,ptolemy.apps.robot.*,ptolemy.apps.security.*,ptolemy.apps.sobel.*,ptolemy.apps.soot.*,ptolemy.apps.throttle.*,ptolemy.apps.tini.*,ptolemy.apps.transmission.*,ptolemy.apps.vergil.*,ptolemy.apps.waba.*,ptolemy.apps.websensor.*,ptolemy.apps.webstart.*,ptolemy.apps.xsl.*,ptolemy.apps.zaurus.*,ptolemy.codegen.c.actor.lib.oldJavaFiles.*,ptolemy.codegen.dsp.lib.*,ptolemy.codegen.kernel.newInterfaces.*,ptolemy.codegen.lib.*,ptolemy.copernicus.kernel.fragment.*,ptolemy.copernicus.shallow.cg.*,ptolemy.domains.giotto.demo.Hierarchy.Hierarchy.*,ptolemy.domains.giotto.demo.Multimode.Multimode.*,ptolemy.domains.giotto.demo.Simple.Simple.*,ptolemy.domains.gr.lib.experimental.*,ptolemy.domains.gro.*,ptolemy.domains.pdf.*,ptolemy.domains.ptinyos.demo.Surge.output.*,ptolemy.moml.test.NoPackageActor.java*,ptolemy.plot.adm.*,ptolemy.plot.servlet.*,reports.*,signed.*,src.*,target.*,vendors.*,ptolemy.copernicus.applet.*,ptolemy.media.viewer.*,ptolemy.actor.corba.*,doc.doclets.*,ptolemy.apps.eclipse.awt.*,ptolemy.backtrack.*,ptolemy.backtrack.ast.*,ptolemy.cg.adapter.generic.program.procedural.c.mbed*,ptolemy.homer.*,ptolemy.actor.lib.jai.*,org.ptolemy.scala.*,diva.util.java2d.svg.*,ptolemy.domains.ptinyos.*,ptolemy.actor.lib.fmi.fmipp.*,,org.terraswarm.accessor.accessors.web.node_modules.*,org.terraswarm.accessor.accessors-svn,ptolemy.apps.*,ptolemy.actor.ptalon.demo.ptinyos.SendAndReceiveCnt.output,ptolemy.actor.ptalon.demo.ptinyos.SenseToLeds.output,ptolemy.domains.ptinyos.demo.CntToLedsAndRfm.output,ptolemy.domains.ptinyos.demo.RfmToLeds.output,ptolemy.domains.ptinyos.demo.SendAndReceiveCnt.output,ptolemy.domains.ptinyos.demo.SenseToLeds.output,ptolemy.actor.lib.jjs.modules.udpSocket.*" />
    <property name="env.PTII" value="/home/travis/build/icyphy/ptII" />
    <property name="env.XDG_SESSION_ID" value="2" />
    <property name="keystore" value="ptKeystore" />
    <property name="env.TRAVIS_COMMIT_MESSAGE" value="Conform a model to new HlaManager design." />
    <property name="junit.output.dir" value="/home/travis/build/icyphy/ptII/reports/junit" />
    <property name="npm.return.code" value="0" />
    <property name="user.dir" value="/home/travis/build/icyphy/ptII/ptolemy/actor/lib/test" />
    <property name="env.TRAVIS_NODE_VERSION" value="7" />
    <property name="env.TRAVIS_EVENT_TYPE" value="cron" />
    <property name="env.MAIL" value="/var/mail/travis" />
    <property name="env.PERLBREW_ROOT" value="/home/travis/perl5/perlbrew" />
    <property name="env.PWD" value="/home/travis/build/icyphy/ptII" />
    <property name="timeout.npm" value="45000" />
    <property name="env.TRAVIS_ARCH" value="amd64" />
    <property name="sun.cpu.endian" value="little" />
    <property name="env.PAGER" value="cat" />
    <property name="env.TRAVIS_BUILD_STAGE_NAME" value="Test" />
    <property name="env.PERLBREW_HOME" value="/home/travis/.perlbrew" />
    <property name="java.vm.version" value="11.0.2+9" />
    <property name="env.RAILS_ENV" value="test" />
    <property name="java.class.path" value="/home/travis/.ptolemyII:/home/travis/.ptolemyII/*:/home/travis/build/icyphy/ptII:/home/travis/build/icyphy/ptII/lib/bsh-2.0b4.jar:/home/travis/build/icyphy/ptII/lib/ptCal.jar:/home/travis/build/icyphy/ptII/lib/java_cup.jar:/home/travis/build/icyphy/ptII/lib/saxon8.jar:/home/travis/build/icyphy/ptII/lib/saxon8-dom.jar:/home/travis/build/icyphy/ptII/lib/chic.jar:/home/travis/build/icyphy/ptII/lib/ptcolt.jar:/home/travis/build/icyphy/ptII/vendors/misc/itext/iText.jar:/home/travis/build/icyphy/ptII/lib/g4ltl.jar:/home/travis/build/icyphy/ptII/lib/StructuralCoder.jar:/home/travis/build/icyphy/ptII/lib/jcerti.jar:/home/travis/build/icyphy/ptII/lib/javax.mail.jar:/home/travis/build/icyphy/ptII/vendors/JMF-2.1.1e/lib/jmf.jar:/home/travis/build/icyphy/ptII/lib/jna-4.0.0-variadic.jar:/home/travis/build/icyphy/ptII/vendors/misc/joystick/Joystick.jar:/home/travis/build/icyphy/ptII/lib/ptjacl.jar:/home/travis/build/icyphy/ptII/lib/jsoup-1.8.2.jar:/home/travis/build/icyphy/ptII/lib/junit-4.8.2.jar:/home/travis/build/icyphy/ptII/lib/JUnitParams-0.4.0.jar:/home/travis/build/icyphy/ptII/ptolemy/actor/lib/excel/jxl.jar:/home/travis/build/icyphy/ptII/lib/jython.jar:/home/travis/build/icyphy/ptII/lib/kieler.jar:/home/travis/build/icyphy/ptII/vendors/opencv/share/OpenCV/java/opencv-341.jar:/home/travis/build/icyphy/ptII/lib/oscP5.jar:/home/travis/build/icyphy/ptII/lib/nrjavaserial-3.11.0.devel.jar:/home/travis/build/icyphy/ptII/vendors/j3d/lib/Linux/j3dcore.jar:/home/travis/build/icyphy/ptII/vendors/j3d/lib/Linux/j3dutils.jar:/home/travis/build/icyphy/ptII/vendors/j3d/lib/Linux/vecmath.jar:/home/travis/build/icyphy/ptII/vendors/jogl/lib/Linux/gluegen-rt-natives-linux-amd64.jar:/home/travis/build/icyphy/ptII/vendors/jogl/lib/Linux/gluegen-rt.jar:/home/travis/build/icyphy/ptII/vendors/jogl/lib/Linux/jogl-all-natives-linux-amd64.jar:/home/travis/build/icyphy/ptII/vendors/jogl/lib/Linux/jogl-all.jar:/home/travis/build/icyphy/ptII/ptolemy/distributed/jini/jar/jini-core.jar:/home/travis/build/icyphy/ptII/ptolemy/distributed/jini/jar/jini-ext.jar:/home/travis/build/icyphy/ptII/ptolemy/distributed/jini/jar/sun-util.jar:/home/travis/build/icyphy/ptII/lib/protobuf-java-2.4.1.jar:/home/travis/build/icyphy/ptII/lib/org.eclipse.paho.client.mqttv3.jar:/home/travis/build/icyphy/ptII/lib/mapss.jar:/home/travis/build/icyphy/ptII/ptolemy/actor/ptalon/antlr/antlr.jar:/home/travis/build/icyphy/ptII/lib/JRI.jar:/home/travis/build/icyphy/ptII/lib/commons-lang-2.6.jar:/home/travis/build/icyphy/ptII/lib/commons-logging-1.1.1.jar:/home/travis/build/icyphy/ptII/lib/sootclasses.jar:/home/travis/build/icyphy/ptII/ptolemy/actor/lib/database/mysql-connector-java-5.1.6-bin.jar:/home/travis/build/icyphy/ptII/vendors/misc/sphinx4/sphinx4-data-5prealpha.jar:/home/travis/build/icyphy/ptII/vendors/misc/sphinx4/sphinx4-core-5prealpha.jar:/home/travis/build/icyphy/ptII/lib/PDFRenderer.jar:/home/travis/build/icyphy/ptII/lib/svgSalamander.jar:/home/travis/build/icyphy/ptII/lib/rsyntaxtextarea-2.6.0-SNAPSHOT.jar:/home/travis/build/icyphy/ptII/lib/hazelcast-3.8.2.jar:/home/travis/build/icyphy/ptII/lib/jackson-annotations-2.9.0.jar:/home/travis/build/icyphy/ptII/lib/jackson-core-2.9.3.jar:/home/travis/build/icyphy/ptII/lib/jackson-databind-2.9.3.jar:/home/travis/build/icyphy/ptII/lib/netty-buffer-4.1.19.Final.jar:/home/travis/build/icyphy/ptII/lib/netty-codec-4.1.19.Final.jar:/home/travis/build/icyphy/ptII/lib/netty-codec-dns-4.1.19.Final.jar:/home/travis/build/icyphy/ptII/lib/netty-codec-http-4.1.19.Final.jar:/home/travis/build/icyphy/ptII/lib/netty-codec-http2-4.1.19.Final.jar:/home/travis/build/icyphy/ptII/lib/netty-common-4.1.19.Final.jar:/home/travis/build/icyphy/ptII/lib/netty-handler-4.1.19.Final.jar:/home/travis/build/icyphy/ptII/lib/netty-resolver-4.1.19.Final.jar:/home/travis/build/icyphy/ptII/lib/netty-resolver-dns-4.1.19.Final.jar:/home/travis/build/icyphy/ptII/lib/netty-transport-4.1.19.Final.jar:/home/travis/build/icyphy/ptII/lib/vertx-codegen-3.5.1.jar:/home/travis/build/icyphy/ptII/lib/vertx-core-3.5.2-SNAPSHOT.jar:/home/travis/build/icyphy/ptII/lib/vertx-hazelcast-3.5.1.jar:/home/travis/build/icyphy/ptII/lib/vertx-lang-js-3.5.1.jar:/home/travis/build/icyphy/ptII/lib/vertx-service-proxy-3.5.1.jar:/home/travis/build/icyphy/ptII/lib/vertx-web-3.5.1.jar:/home/travis/build/icyphy/ptII/lib/slf4j-api-1.7.13.jar:/home/travis/build/icyphy/ptII/lib/slf4j-simple-1.7.13.jar:/home/travis/build/icyphy/ptII/lib/webcam-capture-0.3.12.jar:/home/travis/build/icyphy/ptII/lib/bridj-0.7.0.jar:/home/travis/build/icyphy/ptII/lib/xbjlib-1.1.0.nrjavaserial.jar:/home/travis/build/icyphy/ptII/ptolemy/moml/test:/home/travis/build/icyphy/ptII/ant/lib/ant-launcher.jar:/home/travis/build/icyphy/ptII/ant/lib/ant.jar:/home/travis/build/icyphy/ptII/ant/lib/ant-junit.jar:/home/travis/build/icyphy/ptII/ant/lib/ant-junit4.jar" />
    <property name="ant.library.dir" value="/home/travis/build/icyphy/ptII/ant/lib" />
    <property name="os.arch" value="amd64" />
    <property name="env.CONTINUOUS_INTEGRATION" value="true" />
    <property name="env.TRAVIS_LANGUAGE" value="node_js" />
    <property name="env.TRAVIS_STACK_LANGUAGES" value="__sardonyx__ c c++ clojure cplusplus cpp default generic go groovy java node_js php pure_java python ruby scala" />
    <property name="test.name" value="ptolemy.actor.lib.test.junit.JUnitTclTest" />
    <property name="env.APT_KEY_DONT_WARN_ON_DANGEROUS_USAGE" value="1" />
    <property name="sun.java.launcher" value="SUN_STANDARD" />
    <property name="env.PYTHON_CONFIGURE_OPTS" value="--enable-unicode=ucs4 --with-wide-unicode --enable-shared --enable-ipv6 --enable-loadable-sqlite-extensions --with-computed-gotos" />
    <property name="ant.core.lib" value="/home/travis/build/icyphy/ptII/ant/lib/ant.jar" />
    <property name="java.vm.specification.vendor" value="Oracle Corporation" />
    <property name="env.BCVTB_HOME" value="/home/travis/build/icyphy/ptII/lbnl" />
    <property name="file.separator" value="/" />
    <property name="spotbugs.home" value="/home/travis/build/icyphy/ptII/vendors/spotbugs-3.1.1" />
    <property name="java.runtime.version" value="11.0.2+9" />
    <property name="env.ANSI_CLEAR" value="\033[0K" />
    <property name="javafx.verbose" value="true" />
    <property name="env.HAS_JOSH_K_SEAL_OF_APPROVAL" value="true" />
    <property name="env.XDG_RUNTIME_DIR" value="/run/user/2000" />
    <property name="env.TRAVIS_OSX_IMAGE" value="" />
    <property name="env.TRAVIS_JOB_ID" value="613850228" />
    <property name="env.TRAVIS_BRANCH" value="master" />
    <property name="user.country" value="US" />
    <property name="env.CERTI_HOME_TRAVIS" value="/home/travis/pthla/certi-tools" />
    <property name="env.SHELL" value="/bin/bash" />
    <property name="java.maxmemory.large" value="3200m" />
    <property name="model" value="" />
    <property name="env.CASHER_DIR" value="/home/travis/.casher" />
    <property name="env.NVM_CD_FLAGS" value="" />
    <property name="java.vendor.version" value="18.9" />
    <property name="jshint.executable" value="/home/travis/node_modules/jshint/bin/jshint" />
    <property name="env.JRUBY_OPTS" value=" --client -J-XX:+TieredCompilation -J-XX:TieredStopAtLevel=1 -J-Xss2m -Xcompile.invokedynamic=false" />
    <property name="java.vendor" value="Oracle Corporation" />
    <property name="env.TRAVIS_PRE_CHEF_BOOTSTRAP_TIME" value="2019-03-25T16:16:42" />
    <property name="env.TRAVIS_STACK_JOB_BOARD_REGISTER" value="/.job-board-register.yml" />
    <property name="env.ANSI_RED" value="\033[31;1m" />
    <property name="java.specification.version" value="11" />
    <property name="env.IRBRC" value="/home/travis/.rvm/rubies/ruby-2.5.3/.irbrc" />
    <property name="env.TRAVIS" value="true" />
    <property name="sun.arch.data.model" value="64" />
  </properties>
  <testcase classname="ptolemy.util.test.junit.TclTests" name="[0] /home/travis/build/icyphy/ptII/ptolemy/actor/lib/test/AbsoluteValue.tcl (RunTclFile)" time="0.65" />
  <testcase classname="ptolemy.util.test.junit.TclTests" name="[1] /home/travis/build/icyphy/ptII/ptolemy/actor/lib/test/AddSubtract.tcl (RunTclFile)" time="0.215" />
  <testcase classname="ptolemy.util.test.junit.TclTests" name="[2] /home/travis/build/icyphy/ptII/ptolemy/actor/lib/test/Average.tcl (RunTclFile)" time="0.074" />
  <testcase classname="ptolemy.util.test.junit.TclTests" name="[3] /home/travis/build/icyphy/ptII/ptolemy/actor/lib/test/Bernoulli.tcl (RunTclFile)" time="0.036" />
  <testcase classname="ptolemy.util.test.junit.TclTests" name="[4] /home/travis/build/icyphy/ptII/ptolemy/actor/lib/test/Clock.tcl (RunTclFile)" time="0.13" />
  <testcase classname="ptolemy.util.test.junit.TclTests" name="[5] /home/travis/build/icyphy/ptII/ptolemy/actor/lib/test/Commutator.tcl (RunTclFile)" time="0.193" />
  <testcase classname="ptolemy.util.test.junit.TclTests" name="[6] /home/travis/build/icyphy/ptII/ptolemy/actor/lib/test/Const.tcl (RunTclFile)" time="0.118" />
  <testcase classname="ptolemy.util.test.junit.TclTests" name="[7] /home/travis/build/icyphy/ptII/ptolemy/actor/lib/test/CurrentTime.tcl (RunTclFile)" time="0.034" />
  <testcase classname="ptolemy.util.test.junit.TclTests" name="[8] /home/travis/build/icyphy/ptII/ptolemy/actor/lib/test/DB.tcl (RunTclFile)" time="0.062" />
  <testcase classname="ptolemy.util.test.junit.TclTests" name="[9] /home/travis/build/icyphy/ptII/ptolemy/actor/lib/test/DiscreteRandomSource.tcl (RunTclFile)" time="0.046" />
  <testcase classname="ptolemy.util.test.junit.TclTests" name="[10] /home/travis/build/icyphy/ptII/ptolemy/actor/lib/test/Distributor.tcl (RunTclFile)" time="0.081" />
  <testcase classname="ptolemy.util.test.junit.TclTests" name="[11] /home/travis/build/icyphy/ptII/ptolemy/actor/lib/test/Exit.tcl (RunTclFile)" time="0.116" />
  <testcase classname="ptolemy.util.test.junit.TclTests" name="[12] /home/travis/build/icyphy/ptII/ptolemy/actor/lib/test/Expression.tcl (RunTclFile)" time="0.127" />
  <testcase classname="ptolemy.util.test.junit.TclTests" name="[13] /home/travis/build/icyphy/ptII/ptolemy/actor/lib/test/Gaussian.tcl (RunTclFile)" time="0.11" />
  <testcase classname="ptolemy.util.test.junit.TclTests" name="[14] /home/travis/build/icyphy/ptII/ptolemy/actor/lib/test/IIR.tcl (RunTclFile)" time="0.039" />
  <testcase classname="ptolemy.util.test.junit.TclTests" name="[15] /home/travis/build/icyphy/ptII/ptolemy/actor/lib/test/Interpolator.tcl (RunTclFile)" time="0.107" />
  <testcase classname="ptolemy.util.test.junit.TclTests" name="[16] /home/travis/build/icyphy/ptII/ptolemy/actor/lib/test/MathFunction.tcl (RunTclFile)" time="0.07" />
  <testcase classname="ptolemy.util.test.junit.TclTests" name="[17] /home/travis/build/icyphy/ptII/ptolemy/actor/lib/test/Maximum.tcl (RunTclFile)" time="0.032" />
  <testcase classname="ptolemy.util.test.junit.TclTests" name="[18] /home/travis/build/icyphy/ptII/ptolemy/actor/lib/test/Minimum.tcl (RunTclFile)" time="0.028" />
  <testcase classname="ptolemy.util.test.junit.TclTests" name="[19] /home/travis/build/icyphy/ptII/ptolemy/actor/lib/test/MultiplyDivide.tcl (RunTclFile)" time="0.043" />
  <testcase classname="ptolemy.util.test.junit.TclTests" name="[20] /home/travis/build/icyphy/ptII/ptolemy/actor/lib/test/OrderedMerge.tcl (RunTclFile)" time="0.121" />
  <testcase classname="ptolemy.util.test.junit.TclTests" name="[21] /home/travis/build/icyphy/ptII/ptolemy/actor/lib/test/Publisher.tcl (RunTclFile)" time="0.742" />
  <testcase classname="ptolemy.util.test.junit.TclTests" name="[22] /home/travis/build/icyphy/ptII/ptolemy/actor/lib/test/Pulse.tcl (RunTclFile)" time="0.081" />
  <testcase classname="ptolemy.util.test.junit.TclTests" name="[23] /home/travis/build/icyphy/ptII/ptolemy/actor/lib/test/Ramp.tcl (RunTclFile)" time="2.387" />
  <testcase classname="ptolemy.util.test.junit.TclTests" name="[24] /home/travis/build/icyphy/ptII/ptolemy/actor/lib/test/RampContinuous.tcl (RunTclFile)" time="0.017" />
  <testcase classname="ptolemy.util.test.junit.TclTests" name="[25] /home/travis/build/icyphy/ptII/ptolemy/actor/lib/test/RecordAssembler.tcl (RunTclFile)" time="0.017" />
  <testcase classname="ptolemy.util.test.junit.TclTests" name="[26] /home/travis/build/icyphy/ptII/ptolemy/actor/lib/test/RecordDisassembler.tcl (RunTclFile)" time="0.033" />
  <testcase classname="ptolemy.util.test.junit.TclTests" name="[27] /home/travis/build/icyphy/ptII/ptolemy/actor/lib/test/Scale.tcl (RunTclFile)" time="0.031" />
  <testcase classname="ptolemy.util.test.junit.TclTests" name="[28] /home/travis/build/icyphy/ptII/ptolemy/actor/lib/test/SequentialClock.tcl (RunTclFile)" time="0.015" />
  <testcase classname="ptolemy.util.test.junit.TclTests" name="[29] /home/travis/build/icyphy/ptII/ptolemy/actor/lib/test/SetVariable.tcl (RunTclFile)" time="0.025">
    <failure message="Number of failed tests is has increased. expected:&lt;0&gt; but was:&lt;1&gt;" type="junit.framework.AssertionFailedError">junit.framework.AssertionFailedError: Number of failed tests is has increased. expected:&lt;0&gt; but was:&lt;1&gt;
	at ptolemy.util.test.junit.TclTests.RunTclFile(TclTests.java:286)
	at jdk.internal.reflect.GeneratedMethodAccessor19.invoke(Unknown Source)
	at java.base/jdk.internal.reflect.DelegatingMethodAccessorImpl.invoke(DelegatingMethodAccessorImpl.java:43)
	at junitparams.internal.InvokeParameterisedMethod.evaluate(InvokeParameterisedMethod.java:102)
	at junitparams.internal.ParameterisedTestMethodRunner.runMethodInvoker(ParameterisedTestMethodRunner.java:47)
	at junitparams.internal.ParameterisedTestMethodRunner.runTestMethod(ParameterisedTestMethodRunner.java:41)
	at junitparams.internal.ParameterisedTestClassRunner.runParameterisedTest(ParameterisedTestClassRunner.java:143)
	at junitparams.JUnitParamsRunner.runChild(JUnitParamsRunner.java:237)
	at junitparams.JUnitParamsRunner.runChild(JUnitParamsRunner.java:215)
</failure>
  </testcase>
  <testcase classname="ptolemy.util.test.junit.TclTests" name="[30] /home/travis/build/icyphy/ptII/ptolemy/actor/lib/test/Sinewave.tcl (RunTclFile)" time="0.051" />
  <testcase classname="ptolemy.util.test.junit.TclTests" name="[31] /home/travis/build/icyphy/ptII/ptolemy/actor/lib/test/SubscriptionAggregator.tcl (RunTclFile)" time="2.473" />
  <testcase classname="ptolemy.util.test.junit.TclTests" name="[32] /home/travis/build/icyphy/ptII/ptolemy/actor/lib/test/Test.tcl (RunTclFile)" time="0.1" />
  <testcase classname="ptolemy.util.test.junit.TclTests" name="[33] /home/travis/build/icyphy/ptII/ptolemy/actor/lib/test/TestExceptionHandler.tcl (RunTclFile)" time="0.012" />
  <testcase classname="ptolemy.util.test.junit.TclTests" name="[34] /home/travis/build/icyphy/ptII/ptolemy/actor/lib/test/UnionDisassembler.tcl (RunTclFile)" time="0.071" />
  <testcase classname="ptolemy.util.test.junit.TclTests" name="[35] /home/travis/build/icyphy/ptII/ptolemy/actor/lib/test/VariableClock.tcl (RunTclFile)" time="0.032" />
  <testcase classname="ptolemy.util.test.junit.AutoKnownFailedTests" name="[0] /home/travis/build/icyphy/ptII/ptolemy/actor/lib/test/auto/knownFailedTests/PublisherPortToplevelSubscriber.xml (RunModel)" time="0.018" />
  <testcase classname="ptolemy.util.test.junit.AutoKnownFailedTests" name="[1] /home/travis/build/icyphy/ptII/ptolemy/actor/lib/test/auto/knownFailedTests/PublisherSubscriberPortToplevel.xml (RunModel)" time="0.017" />
  <testcase classname="ptolemy.util.test.junit.AutoKnownFailedTests" name="[2] /home/travis/build/icyphy/ptII/ptolemy/actor/lib/test/auto/knownFailedTests/PublisherSubscriptionAggregatorPort.xml (RunModel)" time="0.022" />
  <testcase classname="ptolemy.util.test.junit.AutoKnownFailedTests" name="[3] /home/travis/build/icyphy/ptII/ptolemy/actor/lib/test/auto/knownFailedTests/sizedarray3.xml (RunModel)" time="0.028" />
  <testcase classname="ptolemy.util.test.junit.AutoNameArchTests" name="[0] ThereAreNoAutoArchTests (RunModel)" time="0.004" />
  <testcase classname="ptolemy.util.test.junit.AutoTests" name="[0] /home/travis/build/icyphy/ptII/ptolemy/actor/lib/test/auto/AbsoluteValue.xml (RunModel)" time="0.098" />
  <testcase classname="ptolemy.util.test.junit.AutoTests" name="[1] /home/travis/build/icyphy/ptII/ptolemy/actor/lib/test/auto/AbsoluteValue2.xml (RunModel)" time="0.054" />
  <testcase classname="ptolemy.util.test.junit.AutoTests" name="[2] /home/travis/build/icyphy/ptII/ptolemy/actor/lib/test/auto/Accumulator.xml (RunModel)" time="0.023" />
  <testcase classname="ptolemy.util.test.junit.AutoTests" name="[3] /home/travis/build/icyphy/ptII/ptolemy/actor/lib/test/auto/Accumulator2.xml (RunModel)" time="0.015" />
  <testcase classname="ptolemy.util.test.junit.AutoTests" name="[4] /home/travis/build/icyphy/ptII/ptolemy/actor/lib/test/auto/Accumulator3.xml (RunModel)" time="0.045" />
  <testcase classname="ptolemy.util.test.junit.AutoTests" name="[5] /home/travis/build/icyphy/ptII/ptolemy/actor/lib/test/auto/ArrayAppend.xml (RunModel)" time="0.084" />
  <testcase classname="ptolemy.util.test.junit.AutoTests" name="[6] /home/travis/build/icyphy/ptII/ptolemy/actor/lib/test/auto/ArrayAppend2.xml (RunModel)" time="0.395" />
  <testcase classname="ptolemy.util.test.junit.AutoTests" name="[7] /home/travis/build/icyphy/ptII/ptolemy/actor/lib/test/auto/ArrayAppend3.xml (RunModel)" time="0.025" />
  <testcase classname="ptolemy.util.test.junit.AutoTests" name="[8] /home/travis/build/icyphy/ptII/ptolemy/actor/lib/test/auto/ArrayAppend4.xml (RunModel)" time="0.027" />
  <testcase classname="ptolemy.util.test.junit.AutoTests" name="[9] /home/travis/build/icyphy/ptII/ptolemy/actor/lib/test/auto/ArrayAppend5.xml (RunModel)" time="0.075" />
  <testcase classname="ptolemy.util.test.junit.AutoTests" name="[10] /home/travis/build/icyphy/ptII/ptolemy/actor/lib/test/auto/ArrayAppend6.xml (RunModel)" time="0.03" />
  <testcase classname="ptolemy.util.test.junit.AutoTests" name="[11] /home/travis/build/icyphy/ptII/ptolemy/actor/lib/test/auto/ArrayAppendPerformanceTest.xml (RunModel)" time="0.066" />
  <testcase classname="ptolemy.util.test.junit.AutoTests" name="[12] /home/travis/build/icyphy/ptII/ptolemy/actor/lib/test/auto/ArrayAppendWithEmptyInput.xml (RunModel)" time="0.052" />
  <testcase classname="ptolemy.util.test.junit.AutoTests" name="[13] /home/travis/build/icyphy/ptII/ptolemy/actor/lib/test/auto/ArrayAverage.xml (RunModel)" time="0.067" />
  <testcase classname="ptolemy.util.test.junit.AutoTests" name="[14] /home/travis/build/icyphy/ptII/ptolemy/actor/lib/test/auto/ArrayContains.xml (RunModel)" time="0.027" />
  <testcase classname="ptolemy.util.test.junit.AutoTests" name="[15] /home/travis/build/icyphy/ptII/ptolemy/actor/lib/test/auto/ArrayElement.xml (RunModel)" time="0.032" />
  <testcase classname="ptolemy.util.test.junit.AutoTests" name="[16] /home/travis/build/icyphy/ptII/ptolemy/actor/lib/test/auto/ArrayElementAsMatrix.xml (RunModel)" time="0.061" />
  <testcase classname="ptolemy.util.test.junit.AutoTests" name="[17] /home/travis/build/icyphy/ptII/ptolemy/actor/lib/test/auto/ArrayElementI.xml (RunModel)" time="0.016" />
  <testcase classname="ptolemy.util.test.junit.AutoTests" name="[18] /home/travis/build/icyphy/ptII/ptolemy/actor/lib/test/auto/ArrayExtract.xml (RunModel)" time="0.044" />
  <testcase classname="ptolemy.util.test.junit.AutoTests" name="[19] /home/travis/build/icyphy/ptII/ptolemy/actor/lib/test/auto/ArrayExtract2.xml (RunModel)" time="0.017" />
  <testcase classname="ptolemy.util.test.junit.AutoTests" name="[20] /home/travis/build/icyphy/ptII/ptolemy/actor/lib/test/auto/ArrayLength.xml (RunModel)" time="0.022" />
  <testcase classname="ptolemy.util.test.junit.AutoTests" name="[21] /home/travis/build/icyphy/ptII/ptolemy/actor/lib/test/auto/ArrayLevelCrossing.xml (RunModel)" time="0.028" />
  <testcase classname="ptolemy.util.test.junit.AutoTests" name="[22] /home/travis/build/icyphy/ptII/ptolemy/actor/lib/test/auto/ArrayLevelCrossing2.xml (RunModel)" time="0.024" />
  <testcase classname="ptolemy.util.test.junit.AutoTests" name="[23] /home/travis/build/icyphy/ptII/ptolemy/actor/lib/test/auto/ArrayPeakSearch.xml (RunModel)" time="0.043" />
  <testcase classname="ptolemy.util.test.junit.AutoTests" name="[24] /home/travis/build/icyphy/ptII/ptolemy/actor/lib/test/auto/ArrayPeakSearch2.xml (RunModel)" time="0.042" />
  <testcase classname="ptolemy.util.test.junit.AutoTests" name="[25] /home/travis/build/icyphy/ptII/ptolemy/actor/lib/test/auto/ArrayPeakSearch3.xml (RunModel)" time="0.037" />
  <testcase classname="ptolemy.util.test.junit.AutoTests" name="[26] /home/travis/build/icyphy/ptII/ptolemy/actor/lib/test/auto/ArrayRemoveElement.xml (RunModel)" time="0.029" />
  <testcase classname="ptolemy.util.test.junit.AutoTests" name="[27] /home/travis/build/icyphy/ptII/ptolemy/actor/lib/test/auto/ArraySort.xml (RunModel)" time="0.036" />
  <testcase classname="ptolemy.util.test.junit.AutoTests" name="[28] /home/travis/build/icyphy/ptII/ptolemy/actor/lib/test/auto/ArraySum.xml (RunModel)" time="0.02" />
  <testcase classname="ptolemy.util.test.junit.AutoTests" name="[29] /home/travis/build/icyphy/ptII/ptolemy/actor/lib/test/auto/ArrayToElements.xml (RunModel)" time="0.023" />
  <testcase classname="ptolemy.util.test.junit.AutoTests" name="[30] /home/travis/build/icyphy/ptII/ptolemy/actor/lib/test/auto/ArrayToMatrix.xml (RunModel)" time="0.071" />
  <testcase classname="ptolemy.util.test.junit.AutoTests" name="[31] /home/travis/build/icyphy/ptII/ptolemy/actor/lib/test/auto/ArrayUpdate1.xml (RunModel)" time="0.031" />
  <testcase classname="ptolemy.util.test.junit.AutoTests" name="[32] /home/travis/build/icyphy/ptII/ptolemy/actor/lib/test/auto/ArrayUpdate2.xml (RunModel)" time="0.023" />
  <testcase classname="ptolemy.util.test.junit.AutoTests" name="[33] /home/travis/build/icyphy/ptII/ptolemy/actor/lib/test/auto/ArrayUpdate3.xml (RunModel)" time="0.022" />
  <testcase classname="ptolemy.util.test.junit.AutoTests" name="[34] /home/travis/build/icyphy/ptII/ptolemy/actor/lib/test/auto/Assert1.xml (RunModel)" time="0.03" />
  <testcase classname="ptolemy.util.test.junit.AutoTests" name="[35] /home/travis/build/icyphy/ptII/ptolemy/actor/lib/test/auto/Assert2.xml (RunModel)" time="0.016" />
  <testcase classname="ptolemy.util.test.junit.AutoTests" name="[36] /home/travis/build/icyphy/ptII/ptolemy/actor/lib/test/auto/BooleanMultiplexor.xml (RunModel)" time="0.026" />
  <testcase classname="ptolemy.util.test.junit.AutoTests" name="[37] /home/travis/build/icyphy/ptII/ptolemy/actor/lib/test/auto/BooleanMultiplexor2.xml (RunModel)" time="0.029" />
  <testcase classname="ptolemy.util.test.junit.AutoTests" name="[38] /home/travis/build/icyphy/ptII/ptolemy/actor/lib/test/auto/BooleanMultiplexor3.xml (RunModel)" time="0.019" />
  <testcase classname="ptolemy.util.test.junit.AutoTests" name="[39] /home/travis/build/icyphy/ptII/ptolemy/actor/lib/test/auto/BooleanSelect.xml (RunModel)" time="0.033" />
  <testcase classname="ptolemy.util.test.junit.AutoTests" name="[40] /home/travis/build/icyphy/ptII/ptolemy/actor/lib/test/auto/BooleanSelect2.xml (RunModel)" time="0.019" />
  <testcase classname="ptolemy.util.test.junit.AutoTests" name="[41] /home/travis/build/icyphy/ptII/ptolemy/actor/lib/test/auto/BooleanSwitch.xml (RunModel)" time="0.024" />
  <testcase classname="ptolemy.util.test.junit.AutoTests" name="[42] /home/travis/build/icyphy/ptII/ptolemy/actor/lib/test/auto/BooleanSwitch2.xml (RunModel)" time="0.019" />
  <testcase classname="ptolemy.util.test.junit.AutoTests" name="[43] /home/travis/build/icyphy/ptII/ptolemy/actor/lib/test/auto/BooleanSwitchCloningBugWithClassRelationGroup.xml (RunModel)" time="0.051" />
  <testcase classname="ptolemy.util.test.junit.AutoTests" name="[44] /home/travis/build/icyphy/ptII/ptolemy/actor/lib/test/auto/BusActors.xml (RunModel)" time="0.039" />
  <testcase classname="ptolemy.util.test.junit.AutoTests" name="[45] /home/travis/build/icyphy/ptII/ptolemy/actor/lib/test/auto/ClassWrapper.xml (RunModel)" time="0.024" />
  <testcase classname="ptolemy.util.test.junit.AutoTests" name="[46] /home/travis/build/icyphy/ptII/ptolemy/actor/lib/test/auto/Clock.xml (RunModel)" time="0.01" />
  <testcase classname="ptolemy.util.test.junit.AutoTests" name="[47] /home/travis/build/icyphy/ptII/ptolemy/actor/lib/test/auto/Clock10.xml (RunModel)" time="0.02" />
  <testcase classname="ptolemy.util.test.junit.AutoTests" name="[48] /home/travis/build/icyphy/ptII/ptolemy/actor/lib/test/auto/Clock11.xml (RunModel)" time="0.02" />
  <testcase classname="ptolemy.util.test.junit.AutoTests" name="[49] /home/travis/build/icyphy/ptII/ptolemy/actor/lib/test/auto/Clock12.xml (RunModel)" time="0.028" />
  <testcase classname="ptolemy.util.test.junit.AutoTests" name="[50] /home/travis/build/icyphy/ptII/ptolemy/actor/lib/test/auto/Clock13.xml (RunModel)" time="0.018" />
  <testcase classname="ptolemy.util.test.junit.AutoTests" name="[51] /home/travis/build/icyphy/ptII/ptolemy/actor/lib/test/auto/Clock14.xml (RunModel)" time="0.021" />
  <testcase classname="ptolemy.util.test.junit.AutoTests" name="[52] /home/travis/build/icyphy/ptII/ptolemy/actor/lib/test/auto/Clock15.xml (RunModel)" time="0.016" />
  <testcase classname="ptolemy.util.test.junit.AutoTests" name="[53] /home/travis/build/icyphy/ptII/ptolemy/actor/lib/test/auto/Clock16.xml (RunModel)" time="0.108" />
  <testcase classname="ptolemy.util.test.junit.AutoTests" name="[54] /home/travis/build/icyphy/ptII/ptolemy/actor/lib/test/auto/Clock17.xml (RunModel)" time="0.069" />
  <testcase classname="ptolemy.util.test.junit.AutoTests" name="[55] /home/travis/build/icyphy/ptII/ptolemy/actor/lib/test/auto/Clock18.xml (RunModel)" time="0.058" />
  <testcase classname="ptolemy.util.test.junit.AutoTests" name="[56] /home/travis/build/icyphy/ptII/ptolemy/actor/lib/test/auto/Clock19.xml (RunModel)" time="0.053" />
  <testcase classname="ptolemy.util.test.junit.AutoTests" name="[57] /home/travis/build/icyphy/ptII/ptolemy/actor/lib/test/auto/Clock2.xml (RunModel)" time="0.013" />
  <testcase classname="ptolemy.util.test.junit.AutoTests" name="[58] /home/travis/build/icyphy/ptII/ptolemy/actor/lib/test/auto/Clock20.xml (RunModel)" time="0.021" />
  <testcase classname="ptolemy.util.test.junit.AutoTests" name="[59] /home/travis/build/icyphy/ptII/ptolemy/actor/lib/test/auto/Clock21.xml (RunModel)" time="0.017" />
  <testcase classname="ptolemy.util.test.junit.AutoTests" name="[60] /home/travis/build/icyphy/ptII/ptolemy/actor/lib/test/auto/Clock22.xml (RunModel)" time="0.015" />
  <testcase classname="ptolemy.util.test.junit.AutoTests" name="[61] /home/travis/build/icyphy/ptII/ptolemy/actor/lib/test/auto/Clock23.xml (RunModel)" time="0.016" />
  <testcase classname="ptolemy.util.test.junit.AutoTests" name="[62] /home/travis/build/icyphy/ptII/ptolemy/actor/lib/test/auto/Clock24.xml (RunModel)" time="0.014" />
  <testcase classname="ptolemy.util.test.junit.AutoTests" name="[63] /home/travis/build/icyphy/ptII/ptolemy/actor/lib/test/auto/Clock4.xml (RunModel)" time="0.014" />
  <testcase classname="ptolemy.util.test.junit.AutoTests" name="[64] /home/travis/build/icyphy/ptII/ptolemy/actor/lib/test/auto/Clock5.xml (RunModel)" time="0.011" />
  <testcase classname="ptolemy.util.test.junit.AutoTests" name="[65] /home/travis/build/icyphy/ptII/ptolemy/actor/lib/test/auto/Clock6.xml (RunModel)" time="0.007" />
  <testcase classname="ptolemy.util.test.junit.AutoTests" name="[66] /home/travis/build/icyphy/ptII/ptolemy/actor/lib/test/auto/Clock7.xml (RunModel)" time="0.009" />
  <testcase classname="ptolemy.util.test.junit.AutoTests" name="[67] /home/travis/build/icyphy/ptII/ptolemy/actor/lib/test/auto/Clock8.xml (RunModel)" time="0.014" />
  <testcase classname="ptolemy.util.test.junit.AutoTests" name="[68] /home/travis/build/icyphy/ptII/ptolemy/actor/lib/test/auto/Clock9.xml (RunModel)" time="0.012" />
  <testcase classname="ptolemy.util.test.junit.AutoTests" name="[69] /home/travis/build/icyphy/ptII/ptolemy/actor/lib/test/auto/CommDistDiscard.xml (RunModel)" time="0.018" />
  <testcase classname="ptolemy.util.test.junit.AutoTests" name="[70] /home/travis/build/icyphy/ptII/ptolemy/actor/lib/test/auto/Commutator.xml (RunModel)" time="0.012" />
  <testcase classname="ptolemy.util.test.junit.AutoTests" name="[71] /home/travis/build/icyphy/ptII/ptolemy/actor/lib/test/auto/Commutator2.xml (RunModel)" time="0.01" />
  <testcase classname="ptolemy.util.test.junit.AutoTests" name="[72] /home/travis/build/icyphy/ptII/ptolemy/actor/lib/test/auto/Commutator3.xml (RunModel)" time="0.011" />
  <testcase classname="ptolemy.util.test.junit.AutoTests" name="[73] /home/travis/build/icyphy/ptII/ptolemy/actor/lib/test/auto/Compare.xml (RunModel)" time="0.019" />
  <testcase classname="ptolemy.util.test.junit.AutoTests" name="[74] /home/travis/build/icyphy/ptII/ptolemy/actor/lib/test/auto/CompareDE.xml (RunModel)" time="0.021" />
  <testcase classname="ptolemy.util.test.junit.AutoTests" name="[75] /home/travis/build/icyphy/ptII/ptolemy/actor/lib/test/auto/ComplexDivide.xml (RunModel)" time="0.009" />
  <testcase classname="ptolemy.util.test.junit.AutoTests" name="[76] /home/travis/build/icyphy/ptII/ptolemy/actor/lib/test/auto/ComputeHistogram.xml (RunModel)" time="0.067" />
  <testcase classname="ptolemy.util.test.junit.AutoTests" name="[77] /home/travis/build/icyphy/ptII/ptolemy/actor/lib/test/auto/ConfigurationSelect.xml (RunModel)" time="0.02" />
  <testcase classname="ptolemy.util.test.junit.AutoTests" name="[78] /home/travis/build/icyphy/ptII/ptolemy/actor/lib/test/auto/ConfigurationSelect2.xml (RunModel)" time="0.016" />
  <testcase classname="ptolemy.util.test.junit.AutoTests" name="[79] /home/travis/build/icyphy/ptII/ptolemy/actor/lib/test/auto/ConfigurationSwitch.xml (RunModel)" time="0.026" />
  <testcase classname="ptolemy.util.test.junit.AutoTests" name="[80] /home/travis/build/icyphy/ptII/ptolemy/actor/lib/test/auto/ConfigurationSwitch2.xml (RunModel)" time="0.021" />
  <testcase classname="ptolemy.util.test.junit.AutoTests" name="[81] /home/travis/build/icyphy/ptII/ptolemy/actor/lib/test/auto/ConfigurationSwitchCloningBugWithClassRelationGroup.xml (RunModel)" time="0.021" />
  <testcase classname="ptolemy.util.test.junit.AutoTests" name="[82] /home/travis/build/icyphy/ptII/ptolemy/actor/lib/test/auto/ConfigurationSwitchSelectSDF.xml (RunModel)" time="0.014" />
  <testcase classname="ptolemy.util.test.junit.AutoTests" name="[83] /home/travis/build/icyphy/ptII/ptolemy/actor/lib/test/auto/ConfigurationSwitchSelectSDF2.xml (RunModel)" time="0.018" />
  <testcase classname="ptolemy.util.test.junit.AutoTests" name="[84] /home/travis/build/icyphy/ptII/ptolemy/actor/lib/test/auto/Const.xml (RunModel)" time="0.006" />
  <testcase classname="ptolemy.util.test.junit.AutoTests" name="[85] /home/travis/build/icyphy/ptII/ptolemy/actor/lib/test/auto/Const2.xml (RunModel)" time="0.009" />
  <testcase classname="ptolemy.util.test.junit.AutoTests" name="[86] /home/travis/build/icyphy/ptII/ptolemy/actor/lib/test/auto/Const3.xml (RunModel)" time="0.005" />
  <testcase classname="ptolemy.util.test.junit.AutoTests" name="[87] /home/travis/build/icyphy/ptII/ptolemy/actor/lib/test/auto/ConstantPublisherPort1.xml (RunModel)" time="0.027" />
  <testcase classname="ptolemy.util.test.junit.AutoTests" name="[88] /home/travis/build/icyphy/ptII/ptolemy/actor/lib/test/auto/ConstantPublisherPort2.xml (RunModel)" time="0.027" />
  <testcase classname="ptolemy.util.test.junit.AutoTests" name="[89] /home/travis/build/icyphy/ptII/ptolemy/actor/lib/test/auto/ConstantPublisherPort3.xml (RunModel)" time="0.019" />
  <testcase classname="ptolemy.util.test.junit.AutoTests" name="[90] /home/travis/build/icyphy/ptII/ptolemy/actor/lib/test/auto/ConstantPublisherPort4.xml (RunModel)" time="0.015" />
  <testcase classname="ptolemy.util.test.junit.AutoTests" name="[91] /home/travis/build/icyphy/ptII/ptolemy/actor/lib/test/auto/ConstantPublisherPort5.xml (RunModel)" time="0.042" />
  <testcase classname="ptolemy.util.test.junit.AutoTests" name="[92] /home/travis/build/icyphy/ptII/ptolemy/actor/lib/test/auto/ConstantPublisherPort6.xml (RunModel)" time="0.026" />
  <testcase classname="ptolemy.util.test.junit.AutoTests" name="[93] /home/travis/build/icyphy/ptII/ptolemy/actor/lib/test/auto/ConstantPublisherPort7.xml (RunModel)" time="0.036" />
  <testcase classname="ptolemy.util.test.junit.AutoTests" name="[94] /home/travis/build/icyphy/ptII/ptolemy/actor/lib/test/auto/ConstraintMonitor1.xml (RunModel)" time="0.041" />
  <testcase classname="ptolemy.util.test.junit.AutoTests" name="[95] /home/travis/build/icyphy/ptII/ptolemy/actor/lib/test/auto/ConstraintMonitor2.xml (RunModel)" time="0.016" />
  <testcase classname="ptolemy.util.test.junit.AutoTests" name="[96] /home/travis/build/icyphy/ptII/ptolemy/actor/lib/test/auto/ConstraintMonitor3.xml (RunModel)" time="0.011" />
  <testcase classname="ptolemy.util.test.junit.AutoTests" name="[97] /home/travis/build/icyphy/ptII/ptolemy/actor/lib/test/auto/ConstraintMonitor4.xml (RunModel)" time="0.015" />
  <testcase classname="ptolemy.util.test.junit.AutoTests" name="[98] /home/travis/build/icyphy/ptII/ptolemy/actor/lib/test/auto/ConstraintMonitor5.xml (RunModel)" time="0.018" />
  <testcase classname="ptolemy.util.test.junit.AutoTests" name="[99] /home/travis/build/icyphy/ptII/ptolemy/actor/lib/test/auto/ConstraintMonitor6.xml (RunModel)" time="0.017" />
  <testcase classname="ptolemy.util.test.junit.AutoTests" name="[100] /home/travis/build/icyphy/ptII/ptolemy/actor/lib/test/auto/ConstraintMonitor7.xml (RunModel)" time="0.024" />
  <testcase classname="ptolemy.util.test.junit.AutoTests" name="[101] /home/travis/build/icyphy/ptII/ptolemy/actor/lib/test/auto/ConstraintMonitor8.xml (RunModel)" time="0.017" />
  <testcase classname="ptolemy.util.test.junit.AutoTests" name="[102] /home/travis/build/icyphy/ptII/ptolemy/actor/lib/test/auto/Counter.xml (RunModel)" time="0.015" />
  <testcase classname="ptolemy.util.test.junit.AutoTests" name="[103] /home/travis/build/icyphy/ptII/ptolemy/actor/lib/test/auto/CurrentTimeSDF.xml (RunModel)" time="0.009" />
  <testcase classname="ptolemy.util.test.junit.AutoTests" name="[104] /home/travis/build/icyphy/ptII/ptolemy/actor/lib/test/auto/DB.xml (RunModel)" time="0.015" />
  <testcase classname="ptolemy.util.test.junit.AutoTests" name="[105] /home/travis/build/icyphy/ptII/ptolemy/actor/lib/test/auto/DBDE.xml (RunModel)" time="0.012" />
  <testcase classname="ptolemy.util.test.junit.AutoTests" name="[106] /home/travis/build/icyphy/ptII/ptolemy/actor/lib/test/auto/DateConstructor.xml (RunModel)" time="0.084" />
  <testcase classname="ptolemy.util.test.junit.AutoTests" name="[107] /home/travis/build/icyphy/ptII/ptolemy/actor/lib/test/auto/DelayTime.xml (RunModel)" time="0.021" />
  <testcase classname="ptolemy.util.test.junit.AutoTests" name="[108] /home/travis/build/icyphy/ptII/ptolemy/actor/lib/test/auto/Dictionary1.xml (RunModel)" time="0.019" />
  <testcase classname="ptolemy.util.test.junit.AutoTests" name="[109] /home/travis/build/icyphy/ptII/ptolemy/actor/lib/test/auto/Dictionary2.xml (RunModel)" time="0.016" />
  <testcase classname="ptolemy.util.test.junit.AutoTests" name="[110] /home/travis/build/icyphy/ptII/ptolemy/actor/lib/test/auto/Dictionary3.xml (RunModel)" time="0.012" />
  <testcase classname="ptolemy.util.test.junit.AutoTests" name="[111] /home/travis/build/icyphy/ptII/ptolemy/actor/lib/test/auto/Dictionary4.xml (RunModel)" time="0.019" />
  <testcase classname="ptolemy.util.test.junit.AutoTests" name="[112] /home/travis/build/icyphy/ptII/ptolemy/actor/lib/test/auto/Differential.xml (RunModel)" time="0.012" />
  <testcase classname="ptolemy.util.test.junit.AutoTests" name="[113] /home/travis/build/icyphy/ptII/ptolemy/actor/lib/test/auto/Director.xml (RunModel)" time="0.01" />
  <testcase classname="ptolemy.util.test.junit.AutoTests" name="[114] /home/travis/build/icyphy/ptII/ptolemy/actor/lib/test/auto/DiscreteClock.xml (RunModel)" time="0.007" />
  <testcase classname="ptolemy.util.test.junit.AutoTests" name="[115] /home/travis/build/icyphy/ptII/ptolemy/actor/lib/test/auto/DiscreteClock10.xml (RunModel)" time="0.011" />
  <testcase classname="ptolemy.util.test.junit.AutoTests" name="[116] /home/travis/build/icyphy/ptII/ptolemy/actor/lib/test/auto/DiscreteClock11.xml (RunModel)" time="0.011" />
  <testcase classname="ptolemy.util.test.junit.AutoTests" name="[117] /home/travis/build/icyphy/ptII/ptolemy/actor/lib/test/auto/DiscreteClock12.xml (RunModel)" time="0.011" />
  <testcase classname="ptolemy.util.test.junit.AutoTests" name="[118] /home/travis/build/icyphy/ptII/ptolemy/actor/lib/test/auto/DiscreteClock13.xml (RunModel)" time="0.014" />
  <testcase classname="ptolemy.util.test.junit.AutoTests" name="[119] /home/travis/build/icyphy/ptII/ptolemy/actor/lib/test/auto/DiscreteClock14.xml (RunModel)" time="0.011" />
  <testcase classname="ptolemy.util.test.junit.AutoTests" name="[120] /home/travis/build/icyphy/ptII/ptolemy/actor/lib/test/auto/DiscreteClock15.xml (RunModel)" time="0.016" />
  <testcase classname="ptolemy.util.test.junit.AutoTests" name="[121] /home/travis/build/icyphy/ptII/ptolemy/actor/lib/test/auto/DiscreteClock16.xml (RunModel)" time="0.038" />
  <testcase classname="ptolemy.util.test.junit.AutoTests" name="[122] /home/travis/build/icyphy/ptII/ptolemy/actor/lib/test/auto/DiscreteClock17.xml (RunModel)" time="0.038" />
  <testcase classname="ptolemy.util.test.junit.AutoTests" name="[123] /home/travis/build/icyphy/ptII/ptolemy/actor/lib/test/auto/DiscreteClock18.xml (RunModel)" time="0.03" />
  <testcase classname="ptolemy.util.test.junit.AutoTests" name="[124] /home/travis/build/icyphy/ptII/ptolemy/actor/lib/test/auto/DiscreteClock19.xml (RunModel)" time="0.034" />
  <testcase classname="ptolemy.util.test.junit.AutoTests" name="[125] /home/travis/build/icyphy/ptII/ptolemy/actor/lib/test/auto/DiscreteClock2.xml (RunModel)" time="0.011" />
  <testcase classname="ptolemy.util.test.junit.AutoTests" name="[126] /home/travis/build/icyphy/ptII/ptolemy/actor/lib/test/auto/DiscreteClock20.xml (RunModel)" time="0.017" />
  <testcase classname="ptolemy.util.test.junit.AutoTests" name="[127] /home/travis/build/icyphy/ptII/ptolemy/actor/lib/test/auto/DiscreteClock21.xml (RunModel)" time="0.017" />
  <testcase classname="ptolemy.util.test.junit.AutoTests" name="[128] /home/travis/build/icyphy/ptII/ptolemy/actor/lib/test/auto/DiscreteClock22.xml (RunModel)" time="0.013" />
  <testcase classname="ptolemy.util.test.junit.AutoTests" name="[129] /home/travis/build/icyphy/ptII/ptolemy/actor/lib/test/auto/DiscreteClock23.xml (RunModel)" time="0.011" />
  <testcase classname="ptolemy.util.test.junit.AutoTests" name="[130] /home/travis/build/icyphy/ptII/ptolemy/actor/lib/test/auto/DiscreteClock24.xml (RunModel)" time="0.014" />
  <testcase classname="ptolemy.util.test.junit.AutoTests" name="[131] /home/travis/build/icyphy/ptII/ptolemy/actor/lib/test/auto/DiscreteClock4.xml (RunModel)" time="0.012" />
  <testcase classname="ptolemy.util.test.junit.AutoTests" name="[132] /home/travis/build/icyphy/ptII/ptolemy/actor/lib/test/auto/DiscreteClock5.xml (RunModel)" time="0.009" />
  <testcase classname="ptolemy.util.test.junit.AutoTests" name="[133] /home/travis/build/icyphy/ptII/ptolemy/actor/lib/test/auto/DiscreteClock6.xml (RunModel)" time="0.01" />
  <testcase classname="ptolemy.util.test.junit.AutoTests" name="[134] /home/travis/build/icyphy/ptII/ptolemy/actor/lib/test/auto/DiscreteClock7.xml (RunModel)" time="0.011" />
  <testcase classname="ptolemy.util.test.junit.AutoTests" name="[135] /home/travis/build/icyphy/ptII/ptolemy/actor/lib/test/auto/DiscreteClock8.xml (RunModel)" time="0.018" />
  <testcase classname="ptolemy.util.test.junit.AutoTests" name="[136] /home/travis/build/icyphy/ptII/ptolemy/actor/lib/test/auto/DiscreteClock9.xml (RunModel)" time="0.017" />
  <testcase classname="ptolemy.util.test.junit.AutoTests" name="[137] /home/travis/build/icyphy/ptII/ptolemy/actor/lib/test/auto/DisplayArray.xml (RunModel)" time="0.011" />
  <testcase classname="ptolemy.util.test.junit.AutoTests" name="[138] /home/travis/build/icyphy/ptII/ptolemy/actor/lib/test/auto/Distributor.xml (RunModel)" time="0.009" />
  <testcase classname="ptolemy.util.test.junit.AutoTests" name="[139] /home/travis/build/icyphy/ptII/ptolemy/actor/lib/test/auto/Distributor2.xml (RunModel)" time="0.012" />
  <testcase classname="ptolemy.util.test.junit.AutoTests" name="[140] /home/travis/build/icyphy/ptII/ptolemy/actor/lib/test/auto/DownSample.xml (RunModel)" time="0.009" />
  <testcase classname="ptolemy.util.test.junit.AutoTests" name="[141] /home/travis/build/icyphy/ptII/ptolemy/actor/lib/test/auto/ElectronicUnitBase1.xml (RunModel)" time="0.063" />
  <testcase classname="ptolemy.util.test.junit.AutoTests" name="[142] /home/travis/build/icyphy/ptII/ptolemy/actor/lib/test/auto/ElementsToArray.xml (RunModel)" time="0.01" />
  <testcase classname="ptolemy.util.test.junit.AutoTests" name="[143] /home/travis/build/icyphy/ptII/ptolemy/actor/lib/test/auto/Equals.xml (RunModel)" time="0.016" />
  <testcase classname="ptolemy.util.test.junit.AutoTests" name="[144] /home/travis/build/icyphy/ptII/ptolemy/actor/lib/test/auto/Exec.xml (RunModel)" time="0.028" />
  <testcase classname="ptolemy.util.test.junit.AutoTests" name="[145] /home/travis/build/icyphy/ptII/ptolemy/actor/lib/test/auto/ExecEnvironment.xml (RunModel)" time="0.036" />
  <testcase classname="ptolemy.util.test.junit.AutoTests" name="[146] /home/travis/build/icyphy/ptII/ptolemy/actor/lib/test/auto/ExecNonZeroReturnOutput.xml (RunModel)" time="0.202" />
  <testcase classname="ptolemy.util.test.junit.AutoTests" name="[147] /home/travis/build/icyphy/ptII/ptolemy/actor/lib/test/auto/ExecRunDemos.xml (RunModel)" time="10.807" />
  <testcase classname="ptolemy.util.test.junit.AutoTests" name="[148] /home/travis/build/icyphy/ptII/ptolemy/actor/lib/test/auto/ExecStop.xml (RunModel)" time="5.041" />
  <testcase classname="ptolemy.util.test.junit.AutoTests" name="[149] /home/travis/build/icyphy/ptII/ptolemy/actor/lib/test/auto/ExecutionTimeSDF.xml (RunModel)" time="6.035">
    <error type="java.lang.reflect.InvocationTargetException">java.lang.reflect.InvocationTargetException
	at jdk.internal.reflect.GeneratedConstructorAccessor36.newInstance(Unknown Source)
	at java.base/jdk.internal.reflect.DelegatingConstructorAccessorImpl.newInstance(DelegatingConstructorAccessorImpl.java:45)
	at java.base/java.lang.reflect.Constructor.newInstance(Constructor.java:490)
	at ptolemy.util.test.junit.AutoTests.RunModel(AutoTests.java:193)
	at jdk.internal.reflect.GeneratedMethodAccessor43.invoke(Unknown Source)
	at java.base/jdk.internal.reflect.DelegatingMethodAccessorImpl.invoke(DelegatingMethodAccessorImpl.java:43)
	at junitparams.internal.InvokeParameterisedMethod.evaluate(InvokeParameterisedMethod.java:102)
Caused by: ptolemy.kernel.util.IllegalActionException: Test fails in iteration 0.
Value was: 6003L. Should have been: 6000L
  in .ExecutionTimeSDF.NonStrictTest
	at ptolemy.actor.lib.NonStrictTest.postfire(NonStrictTest.java:328)
	at ptolemy.actor.AtomicActor.iterate(AtomicActor.java:518)
	at ptolemy.actor.sched.StaticSchedulingDirector.fire(StaticSchedulingDirector.java:216)
	at ptolemy.domains.sdf.kernel.SDFDirector.fire(SDFDirector.java:500)
	at ptolemy.actor.CompositeActor.fire(CompositeActor.java:455)
	at ptolemy.actor.Manager.iterate(Manager.java:851)
	at ptolemy.actor.Manager.execute(Manager.java:369)
	at ptolemy.actor.Manager.run(Manager.java:1263)
	at ptolemy.actor.Manager$PtolemyRunThread.run(Manager.java:1933)
</error>
  </testcase>
  <testcase classname="ptolemy.util.test.junit.AutoTests" name="[150] /home/travis/build/icyphy/ptII/ptolemy/actor/lib/test/auto/Expression1.xml (RunModel)" time="0.011" />
  <testcase classname="ptolemy.util.test.junit.AutoTests" name="[151] /home/travis/build/icyphy/ptII/ptolemy/actor/lib/test/auto/Expression10.xml (RunModel)" time="0.019" />
  <testcase classname="ptolemy.util.test.junit.AutoTests" name="[152] /home/travis/build/icyphy/ptII/ptolemy/actor/lib/test/auto/Expression11.xml (RunModel)" time="0.027" />
  <testcase classname="ptolemy.util.test.junit.AutoTests" name="[153] /home/travis/build/icyphy/ptII/ptolemy/actor/lib/test/auto/Expression12.xml (RunModel)" time="0.015" />
  <testcase classname="ptolemy.util.test.junit.AutoTests" name="[154] /home/travis/build/icyphy/ptII/ptolemy/actor/lib/test/auto/Expression13.xml (RunModel)" time="0.011" />
  <testcase classname="ptolemy.util.test.junit.AutoTests" name="[155] /home/travis/build/icyphy/ptII/ptolemy/actor/lib/test/auto/Expression14.xml (RunModel)" time="0.019" />
  <testcase classname="ptolemy.util.test.junit.AutoTests" name="[156] /home/travis/build/icyphy/ptII/ptolemy/actor/lib/test/auto/Expression15.xml (RunModel)" time="0.007" />
  <testcase classname="ptolemy.util.test.junit.AutoTests" name="[157] /home/travis/build/icyphy/ptII/ptolemy/actor/lib/test/auto/Expression16.xml (RunModel)" time="0.012" />
  <testcase classname="ptolemy.util.test.junit.AutoTests" name="[158] /home/travis/build/icyphy/ptII/ptolemy/actor/lib/test/auto/Expression17.xml (RunModel)" time="0.01" />
  <testcase classname="ptolemy.util.test.junit.AutoTests" name="[159] /home/travis/build/icyphy/ptII/ptolemy/actor/lib/test/auto/Expression18.xml (RunModel)" time="0.016" />
  <testcase classname="ptolemy.util.test.junit.AutoTests" name="[160] /home/travis/build/icyphy/ptII/ptolemy/actor/lib/test/auto/Expression2.xml (RunModel)" time="0.013" />
  <testcase classname="ptolemy.util.test.junit.AutoTests" name="[161] /home/travis/build/icyphy/ptII/ptolemy/actor/lib/test/auto/Expression3.xml (RunModel)" time="0.014" />
  <testcase classname="ptolemy.util.test.junit.AutoTests" name="[162] /home/travis/build/icyphy/ptII/ptolemy/actor/lib/test/auto/Expression4.xml (RunModel)" time="0.018" />
  <testcase classname="ptolemy.util.test.junit.AutoTests" name="[163] /home/travis/build/icyphy/ptII/ptolemy/actor/lib/test/auto/Expression5.xml (RunModel)" time="0.012" />
  <testcase classname="ptolemy.util.test.junit.AutoTests" name="[164] /home/travis/build/icyphy/ptII/ptolemy/actor/lib/test/auto/Expression6.xml (RunModel)" time="0.01" />
  <testcase classname="ptolemy.util.test.junit.AutoTests" name="[165] /home/travis/build/icyphy/ptII/ptolemy/actor/lib/test/auto/Expression7.xml (RunModel)" time="0.012" />
  <testcase classname="ptolemy.util.test.junit.AutoTests" name="[166] /home/travis/build/icyphy/ptII/ptolemy/actor/lib/test/auto/Expression8.xml (RunModel)" time="0.016" />
  <testcase classname="ptolemy.util.test.junit.AutoTests" name="[167] /home/travis/build/icyphy/ptII/ptolemy/actor/lib/test/auto/Expression9.xml (RunModel)" time="0.008" />
  <testcase classname="ptolemy.util.test.junit.AutoTests" name="[168] /home/travis/build/icyphy/ptII/ptolemy/actor/lib/test/auto/ExpressionConcatenateArrayType.xml (RunModel)" time="0.027" />
  <testcase classname="ptolemy.util.test.junit.AutoTests" name="[169] /home/travis/build/icyphy/ptII/ptolemy/actor/lib/test/auto/ExpressionConcatenateArrayType2.xml (RunModel)" time="0.023" />
  <testcase classname="ptolemy.util.test.junit.AutoTests" name="[170] /home/travis/build/icyphy/ptII/ptolemy/actor/lib/test/auto/ExpressionFix.xml (RunModel)" time="0.052" />
  <testcase classname="ptolemy.util.test.junit.AutoTests" name="[171] /home/travis/build/icyphy/ptII/ptolemy/actor/lib/test/auto/ExpressionFix2.xml (RunModel)" time="0.011" />
  <testcase classname="ptolemy.util.test.junit.AutoTests" name="[172] /home/travis/build/icyphy/ptII/ptolemy/actor/lib/test/auto/ExpressionFix3.xml (RunModel)" time="0.012" />
  <testcase classname="ptolemy.util.test.junit.AutoTests" name="[173] /home/travis/build/icyphy/ptII/ptolemy/actor/lib/test/auto/FileWriter1.xml (RunModel)" time="0.009" />
  <testcase classname="ptolemy.util.test.junit.AutoTests" name="[174] /home/travis/build/icyphy/ptII/ptolemy/actor/lib/test/auto/FileWriter2.xml (RunModel)" time="0.009" />
  <testcase classname="ptolemy.util.test.junit.AutoTests" name="[175] /home/travis/build/icyphy/ptII/ptolemy/actor/lib/test/auto/FileWriter3.xml (RunModel)" time="0.016" />
  <testcase classname="ptolemy.util.test.junit.AutoTests" name="[176] /home/travis/build/icyphy/ptII/ptolemy/actor/lib/test/auto/Gaussian.xml (RunModel)" time="0.012" />
  <testcase classname="ptolemy.util.test.junit.AutoTests" name="[177] /home/travis/build/icyphy/ptII/ptolemy/actor/lib/test/auto/Gaussian1.xml (RunModel)" time="0.014" />
  <testcase classname="ptolemy.util.test.junit.AutoTests" name="[178] /home/travis/build/icyphy/ptII/ptolemy/actor/lib/test/auto/Gaussian2.xml (RunModel)" time="0.027" />
  <testcase classname="ptolemy.util.test.junit.AutoTests" name="[179] /home/travis/build/icyphy/ptII/ptolemy/actor/lib/test/auto/GradientAdaptiveLattice.xml (RunModel)" time="0.02" />
  <testcase classname="ptolemy.util.test.junit.AutoTests" name="[180] /home/travis/build/icyphy/ptII/ptolemy/actor/lib/test/auto/IIR.xml (RunModel)" time="0.012" />
  <testcase classname="ptolemy.util.test.junit.AutoTests" name="[181] /home/travis/build/icyphy/ptII/ptolemy/actor/lib/test/auto/InputOutputTransparentPorts.xml (RunModel)" time="0.017" />
  <testcase classname="ptolemy.util.test.junit.AutoTests" name="[182] /home/travis/build/icyphy/ptII/ptolemy/actor/lib/test/auto/Interpolator.xml (RunModel)" time="0.012" />
  <testcase classname="ptolemy.util.test.junit.AutoTests" name="[183] /home/travis/build/icyphy/ptII/ptolemy/actor/lib/test/auto/InterpolatorFiringLimitDE.xml (RunModel)" time="0.014" />
  <testcase classname="ptolemy.util.test.junit.AutoTests" name="[184] /home/travis/build/icyphy/ptII/ptolemy/actor/lib/test/auto/Lattice.xml (RunModel)" time="0.008" />
  <testcase classname="ptolemy.util.test.junit.AutoTests" name="[185] /home/travis/build/icyphy/ptII/ptolemy/actor/lib/test/auto/LazyAOCTestLazy.xml (RunModel)" time="0.032" />
  <testcase classname="ptolemy.util.test.junit.AutoTests" name="[186] /home/travis/build/icyphy/ptII/ptolemy/actor/lib/test/auto/LazyAOCTestNonLazy.xml (RunModel)" time="0.049" />
  <testcase classname="ptolemy.util.test.junit.AutoTests" name="[187] /home/travis/build/icyphy/ptII/ptolemy/actor/lib/test/auto/LazyInnerClass.xml (RunModel)" time="0.047" />
  <testcase classname="ptolemy.util.test.junit.AutoTests" name="[188] /home/travis/build/icyphy/ptII/ptolemy/actor/lib/test/auto/LazyPubSub.xml (RunModel)" time="0.063" />
  <testcase classname="ptolemy.util.test.junit.AutoTests" name="[189] /home/travis/build/icyphy/ptII/ptolemy/actor/lib/test/auto/LazyPubSub2.xml (RunModel)" time="0.037" />
  <testcase classname="ptolemy.util.test.junit.AutoTests" name="[190] /home/travis/build/icyphy/ptII/ptolemy/actor/lib/test/auto/LazyPubSub3.xml (RunModel)" time="0.028" />
  <testcase classname="ptolemy.util.test.junit.AutoTests" name="[191] /home/travis/build/icyphy/ptII/ptolemy/actor/lib/test/auto/LazySubClassModel.xml (RunModel)" time="0.044" />
  <testcase classname="ptolemy.util.test.junit.AutoTests" name="[192] /home/travis/build/icyphy/ptII/ptolemy/actor/lib/test/auto/LevelCrossTest1.xml (RunModel)" time="0.011" />
  <testcase classname="ptolemy.util.test.junit.AutoTests" name="[193] /home/travis/build/icyphy/ptII/ptolemy/actor/lib/test/auto/LevelCrossTest10.xml (RunModel)" time="0.021" />
  <testcase classname="ptolemy.util.test.junit.AutoTests" name="[194] /home/travis/build/icyphy/ptII/ptolemy/actor/lib/test/auto/LevelCrossTest11.xml (RunModel)" time="0.016" />
  <testcase classname="ptolemy.util.test.junit.AutoTests" name="[195] /home/travis/build/icyphy/ptII/ptolemy/actor/lib/test/auto/LevelCrossTest12.xml (RunModel)" time="0.017" />
  <testcase classname="ptolemy.util.test.junit.AutoTests" name="[196] /home/travis/build/icyphy/ptII/ptolemy/actor/lib/test/auto/LevelCrossTest13.xml (RunModel)" time="0.013" />
  <testcase classname="ptolemy.util.test.junit.AutoTests" name="[197] /home/travis/build/icyphy/ptII/ptolemy/actor/lib/test/auto/LevelCrossTest2.xml (RunModel)" time="0.011" />
  <testcase classname="ptolemy.util.test.junit.AutoTests" name="[198] /home/travis/build/icyphy/ptII/ptolemy/actor/lib/test/auto/LevelCrossTest3.xml (RunModel)" time="0.012" />
  <testcase classname="ptolemy.util.test.junit.AutoTests" name="[199] /home/travis/build/icyphy/ptII/ptolemy/actor/lib/test/auto/LevelCrossTest4.xml (RunModel)" time="0.018" />
  <testcase classname="ptolemy.util.test.junit.AutoTests" name="[200] /home/travis/build/icyphy/ptII/ptolemy/actor/lib/test/auto/LevelCrossTest5.xml (RunModel)" time="0.015" />
  <testcase classname="ptolemy.util.test.junit.AutoTests" name="[201] /home/travis/build/icyphy/ptII/ptolemy/actor/lib/test/auto/LevelCrossTest6.xml (RunModel)" time="0.021" />
  <testcase classname="ptolemy.util.test.junit.AutoTests" name="[202] /home/travis/build/icyphy/ptII/ptolemy/actor/lib/test/auto/LevelCrossTest7.xml (RunModel)" time="0.028" />
  <testcase classname="ptolemy.util.test.junit.AutoTests" name="[203] /home/travis/build/icyphy/ptII/ptolemy/actor/lib/test/auto/LevelCrossTest8.xml (RunModel)" time="0.014" />
  <testcase classname="ptolemy.util.test.junit.AutoTests" name="[204] /home/travis/build/icyphy/ptII/ptolemy/actor/lib/test/auto/LevelCrossTest9.xml (RunModel)" time="0.015" />
  <testcase classname="ptolemy.util.test.junit.AutoTests" name="[205] /home/travis/build/icyphy/ptII/ptolemy/actor/lib/test/auto/LevinsonDurbin.xml (RunModel)" time="0.009" />
  <testcase classname="ptolemy.util.test.junit.AutoTests" name="[206] /home/travis/build/icyphy/ptII/ptolemy/actor/lib/test/auto/LevinsonDurbin2.xml (RunModel)" time="0.007" />
  <testcase classname="ptolemy.util.test.junit.AutoTests" name="[207] /home/travis/build/icyphy/ptII/ptolemy/actor/lib/test/auto/LevinsonDurbin3.xml (RunModel)" time="0.01" />
  <testcase classname="ptolemy.util.test.junit.AutoTests" name="[208] /home/travis/build/icyphy/ptII/ptolemy/actor/lib/test/auto/Limiter.xml (RunModel)" time="0.038" />
  <testcase classname="ptolemy.util.test.junit.AutoTests" name="[209] /home/travis/build/icyphy/ptII/ptolemy/actor/lib/test/auto/LinearDifferenceEquationSystem.xml (RunModel)" time="0.021" />
  <testcase classname="ptolemy.util.test.junit.AutoTests" name="[210] /home/travis/build/icyphy/ptII/ptolemy/actor/lib/test/auto/LookupTable.xml (RunModel)" time="0.008" />
  <testcase classname="ptolemy.util.test.junit.AutoTests" name="[211] /home/travis/build/icyphy/ptII/ptolemy/actor/lib/test/auto/MathFunction.xml (RunModel)" time="0.017" />
  <testcase classname="ptolemy.util.test.junit.AutoTests" name="[212] /home/travis/build/icyphy/ptII/ptolemy/actor/lib/test/auto/MathFunction2.xml (RunModel)" time="0.008" />
  <testcase classname="ptolemy.util.test.junit.AutoTests" name="[213] /home/travis/build/icyphy/ptII/ptolemy/actor/lib/test/auto/MathFunction3.xml (RunModel)" time="0.017" />
  <testcase classname="ptolemy.util.test.junit.AutoTests" name="[214] /home/travis/build/icyphy/ptII/ptolemy/actor/lib/test/auto/MatrixCropBoolean.xml (RunModel)" time="0.01" />
  <testcase classname="ptolemy.util.test.junit.AutoTests" name="[215] /home/travis/build/icyphy/ptII/ptolemy/actor/lib/test/auto/MatrixCropComplex.xml (RunModel)" time="0.009" />
  <testcase classname="ptolemy.util.test.junit.AutoTests" name="[216] /home/travis/build/icyphy/ptII/ptolemy/actor/lib/test/auto/MatrixCropDouble.xml (RunModel)" time="0.009" />
  <testcase classname="ptolemy.util.test.junit.AutoTests" name="[217] /home/travis/build/icyphy/ptII/ptolemy/actor/lib/test/auto/MatrixCropFix.xml (RunModel)" time="0.013" />
  <testcase classname="ptolemy.util.test.junit.AutoTests" name="[218] /home/travis/build/icyphy/ptII/ptolemy/actor/lib/test/auto/MatrixCropInt.xml (RunModel)" time="0.009" />
  <testcase classname="ptolemy.util.test.junit.AutoTests" name="[219] /home/travis/build/icyphy/ptII/ptolemy/actor/lib/test/auto/MatrixCropLong.xml (RunModel)" time="0.008" />
  <testcase classname="ptolemy.util.test.junit.AutoTests" name="[220] /home/travis/build/icyphy/ptII/ptolemy/actor/lib/test/auto/MatrixToArray.xml (RunModel)" time="0.048" />
  <testcase classname="ptolemy.util.test.junit.AutoTests" name="[221] /home/travis/build/icyphy/ptII/ptolemy/actor/lib/test/auto/MaxIndex.xml (RunModel)" time="0.014" />
  <testcase classname="ptolemy.util.test.junit.AutoTests" name="[222] /home/travis/build/icyphy/ptII/ptolemy/actor/lib/test/auto/Maximum.xml (RunModel)" time="0.012" />
  <testcase classname="ptolemy.util.test.junit.AutoTests" name="[223] /home/travis/build/icyphy/ptII/ptolemy/actor/lib/test/auto/MaximumComplex.xml (RunModel)" time="0.014" />
  <testcase classname="ptolemy.util.test.junit.AutoTests" name="[224] /home/travis/build/icyphy/ptII/ptolemy/actor/lib/test/auto/MethodCallTest.xml (RunModel)" time="0.027" />
  <testcase classname="ptolemy.util.test.junit.AutoTests" name="[225] /home/travis/build/icyphy/ptII/ptolemy/actor/lib/test/auto/Minimum.xml (RunModel)" time="0.017" />
  <testcase classname="ptolemy.util.test.junit.AutoTests" name="[226] /home/travis/build/icyphy/ptII/ptolemy/actor/lib/test/auto/MinimumComplex.xml (RunModel)" time="0.027" />
  <testcase classname="ptolemy.util.test.junit.AutoTests" name="[227] /home/travis/build/icyphy/ptII/ptolemy/actor/lib/test/auto/MinimumMultiports.xml (RunModel)" time="0.019" />
  <testcase classname="ptolemy.util.test.junit.AutoTests" name="[228] /home/travis/build/icyphy/ptII/ptolemy/actor/lib/test/auto/ModifyDate.xml (RunModel)" time="0.038" />
  <testcase classname="ptolemy.util.test.junit.AutoTests" name="[229] /home/travis/build/icyphy/ptII/ptolemy/actor/lib/test/auto/ModifyDate2.xml (RunModel)" time="0.024" />
  <testcase classname="ptolemy.util.test.junit.AutoTests" name="[230] /home/travis/build/icyphy/ptII/ptolemy/actor/lib/test/auto/MovingAverage.xml (RunModel)" time="0.011" />
  <testcase classname="ptolemy.util.test.junit.AutoTests" name="[231] /home/travis/build/icyphy/ptII/ptolemy/actor/lib/test/auto/MovingMaximum.xml (RunModel)" time="0.02" />
  <testcase classname="ptolemy.util.test.junit.AutoTests" name="[232] /home/travis/build/icyphy/ptII/ptolemy/actor/lib/test/auto/MultipleLinksToSameRelation.xml (RunModel)" time="0.007" />
  <testcase classname="ptolemy.util.test.junit.AutoTests" name="[233] /home/travis/build/icyphy/ptII/ptolemy/actor/lib/test/auto/MultipleLinksToSameRelationDE.xml (RunModel)" time="0.015" />
  <testcase classname="ptolemy.util.test.junit.AutoTests" name="[234] /home/travis/build/icyphy/ptII/ptolemy/actor/lib/test/auto/Multiplexor.xml (RunModel)" time="0.012" />
  <testcase classname="ptolemy.util.test.junit.AutoTests" name="[235] /home/travis/build/icyphy/ptII/ptolemy/actor/lib/test/auto/Multiplexor1.xml (RunModel)" time="0.012" />
  <testcase classname="ptolemy.util.test.junit.AutoTests" name="[236] /home/travis/build/icyphy/ptII/ptolemy/actor/lib/test/auto/Multiplexor2.xml (RunModel)" time="0.018" />
  <testcase classname="ptolemy.util.test.junit.AutoTests" name="[237] /home/travis/build/icyphy/ptII/ptolemy/actor/lib/test/auto/Multiplexor3.xml (RunModel)" time="0.009" />
  <testcase classname="ptolemy.util.test.junit.AutoTests" name="[238] /home/travis/build/icyphy/ptII/ptolemy/actor/lib/test/auto/MultiplexorDE.xml (RunModel)" time="0.016" />
  <testcase classname="ptolemy.util.test.junit.AutoTests" name="[239] /home/travis/build/icyphy/ptII/ptolemy/actor/lib/test/auto/MultiportBroadcastTest.xml (RunModel)" time="0.099" />
  <testcase classname="ptolemy.util.test.junit.AutoTests" name="[240] /home/travis/build/icyphy/ptII/ptolemy/actor/lib/test/auto/MultiportOutHangDuringGetWidth.xml (RunModel)" time="0.032" />
  <testcase classname="ptolemy.util.test.junit.AutoTests" name="[241] /home/travis/build/icyphy/ptII/ptolemy/actor/lib/test/auto/NilToken.xml (RunModel)" time="0.012" />
  <testcase classname="ptolemy.util.test.junit.AutoTests" name="[242] /home/travis/build/icyphy/ptII/ptolemy/actor/lib/test/auto/NilTokenNonStrictTest.xml (RunModel)" time="0.01" />
  <testcase classname="ptolemy.util.test.junit.AutoTests" name="[243] /home/travis/build/icyphy/ptII/ptolemy/actor/lib/test/auto/NilTokenRecord.xml (RunModel)" time="0.023" />
  <testcase classname="ptolemy.util.test.junit.AutoTests" name="[244] /home/travis/build/icyphy/ptII/ptolemy/actor/lib/test/auto/NilTokenTypeTest.xml (RunModel)" time="0.037" />
  <testcase classname="ptolemy.util.test.junit.AutoTests" name="[245] /home/travis/build/icyphy/ptII/ptolemy/actor/lib/test/auto/ObjectToken1.xml (RunModel)" time="0.008" />
  <testcase classname="ptolemy.util.test.junit.AutoTests" name="[246] /home/travis/build/icyphy/ptII/ptolemy/actor/lib/test/auto/OrderedMerge.xml (RunModel)" time="0.023" />
  <testcase classname="ptolemy.util.test.junit.AutoTests" name="[247] /home/travis/build/icyphy/ptII/ptolemy/actor/lib/test/auto/OrderedRecordDisassembler.xml (RunModel)" time="0.019" />
  <testcase classname="ptolemy.util.test.junit.AutoTests" name="[248] /home/travis/build/icyphy/ptII/ptolemy/actor/lib/test/auto/OrderedRecordDisassembler2.xml (RunModel)" time="0.02" />
  <testcase classname="ptolemy.util.test.junit.AutoTests" name="[249] /home/travis/build/icyphy/ptII/ptolemy/actor/lib/test/auto/OrderedRecordUpdater.xml (RunModel)" time="0.017" />
  <testcase classname="ptolemy.util.test.junit.AutoTests" name="[250] /home/travis/build/icyphy/ptII/ptolemy/actor/lib/test/auto/OrderedRecordUpdater2.xml (RunModel)" time="0.018" />
  <testcase classname="ptolemy.util.test.junit.AutoTests" name="[251] /home/travis/build/icyphy/ptII/ptolemy/actor/lib/test/auto/PhaseUnwrap.xml (RunModel)" time="0.014" />
  <testcase classname="ptolemy.util.test.junit.AutoTests" name="[252] /home/travis/build/icyphy/ptII/ptolemy/actor/lib/test/auto/PoissonClock.xml (RunModel)" time="0.011" />
  <testcase classname="ptolemy.util.test.junit.AutoTests" name="[253] /home/travis/build/icyphy/ptII/ptolemy/actor/lib/test/auto/PoissonClock2.xml (RunModel)" time="0.007" />
  <testcase classname="ptolemy.util.test.junit.AutoTests" name="[254] /home/travis/build/icyphy/ptII/ptolemy/actor/lib/test/auto/PoissonClock3.xml (RunModel)" time="0.025" />
  <testcase classname="ptolemy.util.test.junit.AutoTests" name="[255] /home/travis/build/icyphy/ptII/ptolemy/actor/lib/test/auto/PubSubWithInitialTokens.xml (RunModel)" time="0.012" />
  <testcase classname="ptolemy.util.test.junit.AutoTests" name="[256] /home/travis/build/icyphy/ptII/ptolemy/actor/lib/test/auto/PubSubWithInitialTokens2.xml (RunModel)" time="0.014" />
  <testcase classname="ptolemy.util.test.junit.AutoTests" name="[257] /home/travis/build/icyphy/ptII/ptolemy/actor/lib/test/auto/PublisherClassNoParameter.xml (RunModel)" time="0.025" />
  <testcase classname="ptolemy.util.test.junit.AutoTests" name="[258] /home/travis/build/icyphy/ptII/ptolemy/actor/lib/test/auto/PublisherClassParameter.xml (RunModel)" time="0.019" />
  <testcase classname="ptolemy.util.test.junit.AutoTests" name="[259] /home/travis/build/icyphy/ptII/ptolemy/actor/lib/test/auto/PublisherNonStrictTest.xml (RunModel)" time="0.014" />
  <testcase classname="ptolemy.util.test.junit.AutoTests" name="[260] /home/travis/build/icyphy/ptII/ptolemy/actor/lib/test/auto/PublisherPort1.xml (RunModel)" time="0.01" />
  <testcase classname="ptolemy.util.test.junit.AutoTests" name="[261] /home/travis/build/icyphy/ptII/ptolemy/actor/lib/test/auto/PublisherPort2.xml (RunModel)" time="0.007" />
  <testcase classname="ptolemy.util.test.junit.AutoTests" name="[262] /home/travis/build/icyphy/ptII/ptolemy/actor/lib/test/auto/PublisherPort3.xml (RunModel)" time="0.023" />
  <testcase classname="ptolemy.util.test.junit.AutoTests" name="[263] /home/travis/build/icyphy/ptII/ptolemy/actor/lib/test/auto/PublisherPort4.xml (RunModel)" time="0.013" />
  <testcase classname="ptolemy.util.test.junit.AutoTests" name="[264] /home/travis/build/icyphy/ptII/ptolemy/actor/lib/test/auto/PublisherPort5.xml (RunModel)" time="0.014" />
  <testcase classname="ptolemy.util.test.junit.AutoTests" name="[265] /home/travis/build/icyphy/ptII/ptolemy/actor/lib/test/auto/PublisherPort5LookAlike.xml (RunModel)" time="0.019" />
  <testcase classname="ptolemy.util.test.junit.AutoTests" name="[266] /home/travis/build/icyphy/ptII/ptolemy/actor/lib/test/auto/PublisherPort6.xml (RunModel)" time="0.014" />
  <testcase classname="ptolemy.util.test.junit.AutoTests" name="[267] /home/travis/build/icyphy/ptII/ptolemy/actor/lib/test/auto/PublisherPort7.xml (RunModel)" time="0.015" />
  <testcase classname="ptolemy.util.test.junit.AutoTests" name="[268] /home/travis/build/icyphy/ptII/ptolemy/actor/lib/test/auto/PublisherPort8.xml (RunModel)" time="0.017" />
  <testcase classname="ptolemy.util.test.junit.AutoTests" name="[269] /home/travis/build/icyphy/ptII/ptolemy/actor/lib/test/auto/PublisherPortSubscriberChannelVariablesAOC2.xml (RunModel)" time="0.044" />
  <testcase classname="ptolemy.util.test.junit.AutoTests" name="[270] /home/travis/build/icyphy/ptII/ptolemy/actor/lib/test/auto/PublisherPortSubscriberOpaqueWidthInference.xml (RunModel)" time="0.015" />
  <testcase classname="ptolemy.util.test.junit.AutoTests" name="[271] /home/travis/build/icyphy/ptII/ptolemy/actor/lib/test/auto/PublisherPortSubscriberPortAdjacent.xml (RunModel)" time="0.016" />
  <testcase classname="ptolemy.util.test.junit.AutoTests" name="[272] /home/travis/build/icyphy/ptII/ptolemy/actor/lib/test/auto/PublisherPortSubscriberPortExpression.xml (RunModel)" time="0.016" />
  <testcase classname="ptolemy.util.test.junit.AutoTests" name="[273] /home/travis/build/icyphy/ptII/ptolemy/actor/lib/test/auto/PublisherPortSubscriberPortOpaqueD3Reverse.xml (RunModel)" time="0.018" />
  <testcase classname="ptolemy.util.test.junit.AutoTests" name="[274] /home/travis/build/icyphy/ptII/ptolemy/actor/lib/test/auto/PublisherPortSubscriberPortOpaqueWidthInference.xml (RunModel)" time="0.014" />
  <testcase classname="ptolemy.util.test.junit.AutoTests" name="[275] /home/travis/build/icyphy/ptII/ptolemy/actor/lib/test/auto/PublisherPortToplevelSubscriberPortAOC.xml (RunModel)" time="0.01" />
  <testcase classname="ptolemy.util.test.junit.AutoTests" name="[276] /home/travis/build/icyphy/ptII/ptolemy/actor/lib/test/auto/PublisherSubscriber.xml (RunModel)" time="0.012" />
  <testcase classname="ptolemy.util.test.junit.AutoTests" name="[277] /home/travis/build/icyphy/ptII/ptolemy/actor/lib/test/auto/PublisherSubscriber10.xml (RunModel)" time="0.024" />
  <testcase classname="ptolemy.util.test.junit.AutoTests" name="[278] /home/travis/build/icyphy/ptII/ptolemy/actor/lib/test/auto/PublisherSubscriber10InitialOutputs.xml (RunModel)" time="0.031" />
  <testcase classname="ptolemy.util.test.junit.AutoTests" name="[279] /home/travis/build/icyphy/ptII/ptolemy/actor/lib/test/auto/PublisherSubscriber11.xml (RunModel)" time="0.017" />
  <testcase classname="ptolemy.util.test.junit.AutoTests" name="[280] /home/travis/build/icyphy/ptII/ptolemy/actor/lib/test/auto/PublisherSubscriber12.xml (RunModel)" time="0.023" />
  <testcase classname="ptolemy.util.test.junit.AutoTests" name="[281] /home/travis/build/icyphy/ptII/ptolemy/actor/lib/test/auto/PublisherSubscriber13.xml (RunModel)" time="0.009" />
  <testcase classname="ptolemy.util.test.junit.AutoTests" name="[282] /home/travis/build/icyphy/ptII/ptolemy/actor/lib/test/auto/PublisherSubscriber14.xml (RunModel)" time="0.017" />
  <testcase classname="ptolemy.util.test.junit.AutoTests" name="[283] /home/travis/build/icyphy/ptII/ptolemy/actor/lib/test/auto/PublisherSubscriber2.xml (RunModel)" time="0.01" />
  <testcase classname="ptolemy.util.test.junit.AutoTests" name="[284] /home/travis/build/icyphy/ptII/ptolemy/actor/lib/test/auto/PublisherSubscriber3.xml (RunModel)" time="0.009" />
  <testcase classname="ptolemy.util.test.junit.AutoTests" name="[285] /home/travis/build/icyphy/ptII/ptolemy/actor/lib/test/auto/PublisherSubscriber4.xml (RunModel)" time="0.017" />
  <testcase classname="ptolemy.util.test.junit.AutoTests" name="[286] /home/travis/build/icyphy/ptII/ptolemy/actor/lib/test/auto/PublisherSubscriber5.xml (RunModel)" time="0.01" />
  <testcase classname="ptolemy.util.test.junit.AutoTests" name="[287] /home/travis/build/icyphy/ptII/ptolemy/actor/lib/test/auto/PublisherSubscriber6.xml (RunModel)" time="0.014" />
  <testcase classname="ptolemy.util.test.junit.AutoTests" name="[288] /home/travis/build/icyphy/ptII/ptolemy/actor/lib/test/auto/PublisherSubscriber7.xml (RunModel)" time="0.017" />
  <testcase classname="ptolemy.util.test.junit.AutoTests" name="[289] /home/travis/build/icyphy/ptII/ptolemy/actor/lib/test/auto/PublisherSubscriber8.xml (RunModel)" time="0.031" />
  <testcase classname="ptolemy.util.test.junit.AutoTests" name="[290] /home/travis/build/icyphy/ptII/ptolemy/actor/lib/test/auto/PublisherSubscriber9.xml (RunModel)" time="0.014" />
  <testcase classname="ptolemy.util.test.junit.AutoTests" name="[291] /home/travis/build/icyphy/ptII/ptolemy/actor/lib/test/auto/PublisherSubscriberAdjacent.xml (RunModel)" time="0.014" />
  <testcase classname="ptolemy.util.test.junit.AutoTests" name="[292] /home/travis/build/icyphy/ptII/ptolemy/actor/lib/test/auto/PublisherSubscriberChannelVariablesAOC2.xml (RunModel)" time="0.024" />
  <testcase classname="ptolemy.util.test.junit.AutoTests" name="[293] /home/travis/build/icyphy/ptII/ptolemy/actor/lib/test/auto/PublisherSubscriberD3.xml (RunModel)" time="0.015" />
  <testcase classname="ptolemy.util.test.junit.AutoTests" name="[294] /home/travis/build/icyphy/ptII/ptolemy/actor/lib/test/auto/PublisherSubscriberD3Reverse.xml (RunModel)" time="0.023" />
  <testcase classname="ptolemy.util.test.junit.AutoTests" name="[295] /home/travis/build/icyphy/ptII/ptolemy/actor/lib/test/auto/PublisherSubscriberExpression.xml (RunModel)" time="0.022" />
  <testcase classname="ptolemy.util.test.junit.AutoTests" name="[296] /home/travis/build/icyphy/ptII/ptolemy/actor/lib/test/auto/PublisherSubscriberOpaque.xml (RunModel)" time="0.015" />
  <testcase classname="ptolemy.util.test.junit.AutoTests" name="[297] /home/travis/build/icyphy/ptII/ptolemy/actor/lib/test/auto/PublisherSubscriberOpaqueD3.xml (RunModel)" time="0.021" />
  <testcase classname="ptolemy.util.test.junit.AutoTests" name="[298] /home/travis/build/icyphy/ptII/ptolemy/actor/lib/test/auto/PublisherSubscriberOpaqueD3Reverse.xml (RunModel)" time="0.02" />
  <testcase classname="ptolemy.util.test.junit.AutoTests" name="[299] /home/travis/build/icyphy/ptII/ptolemy/actor/lib/test/auto/PublisherSubscriberOpaqueWidthInference.xml (RunModel)" time="0.016" />
  <testcase classname="ptolemy.util.test.junit.AutoTests" name="[300] /home/travis/build/icyphy/ptII/ptolemy/actor/lib/test/auto/PublisherTestSubscriber.xml (RunModel)" time="0.013" />
  <testcase classname="ptolemy.util.test.junit.AutoTests" name="[301] /home/travis/build/icyphy/ptII/ptolemy/actor/lib/test/auto/PublisherToplevelSubscriberPortAOC.xml (RunModel)" time="0.009" />
  <testcase classname="ptolemy.util.test.junit.AutoTests" name="[302] /home/travis/build/icyphy/ptII/ptolemy/actor/lib/test/auto/PulseFiringLimitDE.xml (RunModel)" time="0.012" />
  <testcase classname="ptolemy.util.test.junit.AutoTests" name="[303] /home/travis/build/icyphy/ptII/ptolemy/actor/lib/test/auto/Ramp1.xml (RunModel)" time="0.006" />
  <testcase classname="ptolemy.util.test.junit.AutoTests" name="[304] /home/travis/build/icyphy/ptII/ptolemy/actor/lib/test/auto/RampFiringLimitDE.xml (RunModel)" time="0.011" />
  <testcase classname="ptolemy.util.test.junit.AutoTests" name="[305] /home/travis/build/icyphy/ptII/ptolemy/actor/lib/test/auto/RampFiringLimitSDF.xml (RunModel)" time="0.009" />
  <testcase classname="ptolemy.util.test.junit.AutoTests" name="[306] /home/travis/build/icyphy/ptII/ptolemy/actor/lib/test/auto/RandomInteger.xml (RunModel)" time="0.008" />
  <testcase classname="ptolemy.util.test.junit.AutoTests" name="[307] /home/travis/build/icyphy/ptII/ptolemy/actor/lib/test/auto/ReadFile1.xml (RunModel)" time="0.008" />
  <testcase classname="ptolemy.util.test.junit.AutoTests" name="[308] /home/travis/build/icyphy/ptII/ptolemy/actor/lib/test/auto/ReadFile2.xml (RunModel)" time="0.006" />
  <testcase classname="ptolemy.util.test.junit.AutoTests" name="[309] /home/travis/build/icyphy/ptII/ptolemy/actor/lib/test/auto/Reader.xml (RunModel)" time="0.011" />
  <testcase classname="ptolemy.util.test.junit.AutoTests" name="[310] /home/travis/build/icyphy/ptII/ptolemy/actor/lib/test/auto/RecordAssemblerDisplayNameTest.xml (RunModel)" time="3.96" />
  <testcase classname="ptolemy.util.test.junit.AutoTests" name="[311] /home/travis/build/icyphy/ptII/ptolemy/actor/lib/test/auto/RecordAssemblerTypeError.xml (RunModel)" time="0.038" />
  <testcase classname="ptolemy.util.test.junit.AutoTests" name="[312] /home/travis/build/icyphy/ptII/ptolemy/actor/lib/test/auto/RecordDisassember.xml (RunModel)" time="0.011" />
  <testcase classname="ptolemy.util.test.junit.AutoTests" name="[313] /home/travis/build/icyphy/ptII/ptolemy/actor/lib/test/auto/RecordDisassemberDisplayNameTest.xml (RunModel)" time="0.017" />
  <testcase classname="ptolemy.util.test.junit.AutoTests" name="[314] /home/travis/build/icyphy/ptII/ptolemy/actor/lib/test/auto/RecordDisassembler.xml (RunModel)" time="0.011" />
  <testcase classname="ptolemy.util.test.junit.AutoTests" name="[315] /home/travis/build/icyphy/ptII/ptolemy/actor/lib/test/auto/RecordDisassembler2.xml (RunModel)" time="0.009" />
  <testcase classname="ptolemy.util.test.junit.AutoTests" name="[316] /home/travis/build/icyphy/ptII/ptolemy/actor/lib/test/auto/RecordUpdater.xml (RunModel)" time="0.026" />
  <testcase classname="ptolemy.util.test.junit.AutoTests" name="[317] /home/travis/build/icyphy/ptII/ptolemy/actor/lib/test/auto/RecordUpdater2.xml (RunModel)" time="0.009" />
  <testcase classname="ptolemy.util.test.junit.AutoTests" name="[318] /home/travis/build/icyphy/ptII/ptolemy/actor/lib/test/auto/RecursiveLattice.xml (RunModel)" time="0.007" />
  <testcase classname="ptolemy.util.test.junit.AutoTests" name="[319] /home/travis/build/icyphy/ptII/ptolemy/actor/lib/test/auto/Router.xml (RunModel)" time="3.023" />
  <testcase classname="ptolemy.util.test.junit.AutoTests" name="[320] /home/travis/build/icyphy/ptII/ptolemy/actor/lib/test/auto/Router2.xml (RunModel)" time="3.031" />
  <testcase classname="ptolemy.util.test.junit.AutoTests" name="[321] /home/travis/build/icyphy/ptII/ptolemy/actor/lib/test/auto/RunningMaximum.xml (RunModel)" time="0.022" />
  <testcase classname="ptolemy.util.test.junit.AutoTests" name="[322] /home/travis/build/icyphy/ptII/ptolemy/actor/lib/test/auto/RunningMinimum.xml (RunModel)" time="0.024" />
  <testcase classname="ptolemy.util.test.junit.AutoTests" name="[323] /home/travis/build/icyphy/ptII/ptolemy/actor/lib/test/auto/Scale.xml (RunModel)" time="0.008" />
  <testcase classname="ptolemy.util.test.junit.AutoTests" name="[324] /home/travis/build/icyphy/ptII/ptolemy/actor/lib/test/auto/Scale2.xml (RunModel)" time="0.014" />
  <testcase classname="ptolemy.util.test.junit.AutoTests" name="[325] /home/travis/build/icyphy/ptII/ptolemy/actor/lib/test/auto/Scale3.xml (RunModel)" time="0.024" />
  <testcase classname="ptolemy.util.test.junit.AutoTests" name="[326] /home/travis/build/icyphy/ptII/ptolemy/actor/lib/test/auto/ScaleArray.xml (RunModel)" time="0.008" />
  <testcase classname="ptolemy.util.test.junit.AutoTests" name="[327] /home/travis/build/icyphy/ptII/ptolemy/actor/lib/test/auto/ScaleArray2.xml (RunModel)" time="0.008" />
  <testcase classname="ptolemy.util.test.junit.AutoTests" name="[328] /home/travis/build/icyphy/ptII/ptolemy/actor/lib/test/auto/ScaleMatrix.xml (RunModel)" time="0.175" />
  <testcase classname="ptolemy.util.test.junit.AutoTests" name="[329] /home/travis/build/icyphy/ptII/ptolemy/actor/lib/test/auto/Select.xml (RunModel)" time="0.013" />
  <testcase classname="ptolemy.util.test.junit.AutoTests" name="[330] /home/travis/build/icyphy/ptII/ptolemy/actor/lib/test/auto/Select2.xml (RunModel)" time="0.008" />
  <testcase classname="ptolemy.util.test.junit.AutoTests" name="[331] /home/travis/build/icyphy/ptII/ptolemy/actor/lib/test/auto/SequenceToArray2.xml (RunModel)" time="0.124" />
  <testcase classname="ptolemy.util.test.junit.AutoTests" name="[332] /home/travis/build/icyphy/ptII/ptolemy/actor/lib/test/auto/SequentialClock.xml (RunModel)" time="0.008" />
  <testcase classname="ptolemy.util.test.junit.AutoTests" name="[333] /home/travis/build/icyphy/ptII/ptolemy/actor/lib/test/auto/SetVariable.xml (RunModel)" time="0.009" />
  <testcase classname="ptolemy.util.test.junit.AutoTests" name="[334] /home/travis/build/icyphy/ptII/ptolemy/actor/lib/test/auto/SetVariable2.xml (RunModel)" time="0.008" />
  <testcase classname="ptolemy.util.test.junit.AutoTests" name="[335] /home/travis/build/icyphy/ptII/ptolemy/actor/lib/test/auto/SetVariable3.xml (RunModel)" time="0.016" />
  <testcase classname="ptolemy.util.test.junit.AutoTests" name="[336] /home/travis/build/icyphy/ptII/ptolemy/actor/lib/test/auto/SetVariable4.xml (RunModel)" time="0.025" />
  <testcase classname="ptolemy.util.test.junit.AutoTests" name="[337] /home/travis/build/icyphy/ptII/ptolemy/actor/lib/test/auto/SetVariable5.xml (RunModel)" time="0.036" />
  <testcase classname="ptolemy.util.test.junit.AutoTests" name="[338] /home/travis/build/icyphy/ptII/ptolemy/actor/lib/test/auto/Sinewave.xml (RunModel)" time="0.024" />
  <testcase classname="ptolemy.util.test.junit.AutoTests" name="[339] /home/travis/build/icyphy/ptII/ptolemy/actor/lib/test/auto/Sinewave2.xml (RunModel)" time="0.019" />
  <testcase classname="ptolemy.util.test.junit.AutoTests" name="[340] /home/travis/build/icyphy/ptII/ptolemy/actor/lib/test/auto/Sinewave3.xml (RunModel)" time="0.025" />
  <testcase classname="ptolemy.util.test.junit.AutoTests" name="[341] /home/travis/build/icyphy/ptII/ptolemy/actor/lib/test/auto/SingleEvent.xml (RunModel)" time="0.011" />
  <testcase classname="ptolemy.util.test.junit.AutoTests" name="[342] /home/travis/build/icyphy/ptII/ptolemy/actor/lib/test/auto/Sleep.xml (RunModel)" time="6.016" />
  <testcase classname="ptolemy.util.test.junit.AutoTests" name="[343] /home/travis/build/icyphy/ptII/ptolemy/actor/lib/test/auto/SleepMultipleFire.xml (RunModel)" time="1.017" />
  <testcase classname="ptolemy.util.test.junit.AutoTests" name="[344] /home/travis/build/icyphy/ptII/ptolemy/actor/lib/test/auto/StopDE.xml (RunModel)" time="0.013" />
  <testcase classname="ptolemy.util.test.junit.AutoTests" name="[345] /home/travis/build/icyphy/ptII/ptolemy/actor/lib/test/auto/StopSDF.xml (RunModel)" time="0.01" />
  <testcase classname="ptolemy.util.test.junit.AutoTests" name="[346] /home/travis/build/icyphy/ptII/ptolemy/actor/lib/test/auto/StringConstant.xml (RunModel)" time="0.017" />
  <testcase classname="ptolemy.util.test.junit.AutoTests" name="[347] /home/travis/build/icyphy/ptII/ptolemy/actor/lib/test/auto/SubscriberPortInitialValues1.xml (RunModel)" time="0.023" />
  <testcase classname="ptolemy.util.test.junit.AutoTests" name="[348] /home/travis/build/icyphy/ptII/ptolemy/actor/lib/test/auto/SubscriberPortInitialValues13.xml (RunModel)" time="0.026" />
  <testcase classname="ptolemy.util.test.junit.AutoTests" name="[349] /home/travis/build/icyphy/ptII/ptolemy/actor/lib/test/auto/SubscriberPortInitialValues14.xml (RunModel)" time="0.015" />
  <testcase classname="ptolemy.util.test.junit.AutoTests" name="[350] /home/travis/build/icyphy/ptII/ptolemy/actor/lib/test/auto/SubscriberPortInitialValues2.xml (RunModel)" time="0.015" />
  <testcase classname="ptolemy.util.test.junit.AutoTests" name="[351] /home/travis/build/icyphy/ptII/ptolemy/actor/lib/test/auto/SubscriberPortInitialValues3.xml (RunModel)" time="0.019" />
  <testcase classname="ptolemy.util.test.junit.AutoTests" name="[352] /home/travis/build/icyphy/ptII/ptolemy/actor/lib/test/auto/SubscriptionAggregator.xml (RunModel)" time="0.011" />
  <testcase classname="ptolemy.util.test.junit.AutoTests" name="[353] /home/travis/build/icyphy/ptII/ptolemy/actor/lib/test/auto/SubscriptionAggregator2.xml (RunModel)" time="0.028" />
  <testcase classname="ptolemy.util.test.junit.AutoTests" name="[354] /home/travis/build/icyphy/ptII/ptolemy/actor/lib/test/auto/SubscriptionAggregator3.xml (RunModel)" time="0.015" />
  <testcase classname="ptolemy.util.test.junit.AutoTests" name="[355] /home/travis/build/icyphy/ptII/ptolemy/actor/lib/test/auto/SubscriptionAggregatorMultiply.xml (RunModel)" time="0.02" />
  <testcase classname="ptolemy.util.test.junit.AutoTests" name="[356] /home/travis/build/icyphy/ptII/ptolemy/actor/lib/test/auto/SubscriptionAggregatorPortMultiply1.xml (RunModel)" time="0.017" />
  <testcase classname="ptolemy.util.test.junit.AutoTests" name="[357] /home/travis/build/icyphy/ptII/ptolemy/actor/lib/test/auto/Switch.xml (RunModel)" time="0.021" />
  <testcase classname="ptolemy.util.test.junit.AutoTests" name="[358] /home/travis/build/icyphy/ptII/ptolemy/actor/lib/test/auto/Switch2.xml (RunModel)" time="0.013" />
  <testcase classname="ptolemy.util.test.junit.AutoTests" name="[359] /home/travis/build/icyphy/ptII/ptolemy/actor/lib/test/auto/SwitchDE.xml (RunModel)" time="0.014" />
  <testcase classname="ptolemy.util.test.junit.AutoTests" name="[360] /home/travis/build/icyphy/ptII/ptolemy/actor/lib/test/auto/SynchronizerDE.xml (RunModel)" time="0.021" />
  <testcase classname="ptolemy.util.test.junit.AutoTests" name="[361] /home/travis/build/icyphy/ptII/ptolemy/actor/lib/test/auto/Test.xml (RunModel)" time="0.009" />
  <testcase classname="ptolemy.util.test.junit.AutoTests" name="[362] /home/travis/build/icyphy/ptII/ptolemy/actor/lib/test/auto/TestExceptionAttribute1.xml (RunModel)" time="0.006" />
  <testcase classname="ptolemy.util.test.junit.AutoTests" name="[363] /home/travis/build/icyphy/ptII/ptolemy/actor/lib/test/auto/TestExceptionAttribute2.xml (RunModel)" time="0.007" />
  <testcase classname="ptolemy.util.test.junit.AutoTests" name="[364] /home/travis/build/icyphy/ptII/ptolemy/actor/lib/test/auto/TestExceptionAttribute3.xml (RunModel)" time="0.01" />
  <testcase classname="ptolemy.util.test.junit.AutoTests" name="[365] /home/travis/build/icyphy/ptII/ptolemy/actor/lib/test/auto/TestExceptionAttribute4.xml (RunModel)" time="0.006" />
  <testcase classname="ptolemy.util.test.junit.AutoTests" name="[366] /home/travis/build/icyphy/ptII/ptolemy/actor/lib/test/auto/TestExceptionHandler1.xml (RunModel)" time="0.009" />
  <testcase classname="ptolemy.util.test.junit.AutoTests" name="[367] /home/travis/build/icyphy/ptII/ptolemy/actor/lib/test/auto/TestExceptionHandler2.xml (RunModel)" time="0.01" />
  <testcase classname="ptolemy.util.test.junit.AutoTests" name="[368] /home/travis/build/icyphy/ptII/ptolemy/actor/lib/test/auto/TestExceptionHandler3.xml (RunModel)" time="0.004" />
  <testcase classname="ptolemy.util.test.junit.AutoTests" name="[369] /home/travis/build/icyphy/ptII/ptolemy/actor/lib/test/auto/TestExceptionHandler4.xml (RunModel)" time="0.005" />
  <testcase classname="ptolemy.util.test.junit.AutoTests" name="[370] /home/travis/build/icyphy/ptII/ptolemy/actor/lib/test/auto/TestRequireCorrectOrder.xml (RunModel)" time="0.017" />
  <testcase classname="ptolemy.util.test.junit.AutoTests" name="[371] /home/travis/build/icyphy/ptII/ptolemy/actor/lib/test/auto/TestSimple.xml (RunModel)" time="0.008" />
  <testcase classname="ptolemy.util.test.junit.AutoTests" name="[372] /home/travis/build/icyphy/ptII/ptolemy/actor/lib/test/auto/ThrowModelError.xml (RunModel)" time="0.009" />
  <testcase classname="ptolemy.util.test.junit.AutoTests" name="[373] /home/travis/build/icyphy/ptII/ptolemy/actor/lib/test/auto/TimeDelayMicrosteps.xml (RunModel)" time="0.012" />
  <testcase classname="ptolemy.util.test.junit.AutoTests" name="[374] /home/travis/build/icyphy/ptII/ptolemy/actor/lib/test/auto/TimeDelayMicrosteps2.xml (RunModel)" time="0.013" />
  <testcase classname="ptolemy.util.test.junit.AutoTests" name="[375] /home/travis/build/icyphy/ptII/ptolemy/actor/lib/test/auto/TimeDelayMicrosteps3.xml (RunModel)" time="0.011" />
  <testcase classname="ptolemy.util.test.junit.AutoTests" name="[376] /home/travis/build/icyphy/ptII/ptolemy/actor/lib/test/auto/TimeDelayVariableMicrosteps.xml (RunModel)" time="0.011" />
  <testcase classname="ptolemy.util.test.junit.AutoTests" name="[377] /home/travis/build/icyphy/ptII/ptolemy/actor/lib/test/auto/TimeGap.xml (RunModel)" time="0.018" />
  <testcase classname="ptolemy.util.test.junit.AutoTests" name="[378] /home/travis/build/icyphy/ptII/ptolemy/actor/lib/test/auto/TimeGap2.xml (RunModel)" time="0.01" />
  <testcase classname="ptolemy.util.test.junit.AutoTests" name="[379] /home/travis/build/icyphy/ptII/ptolemy/actor/lib/test/auto/TimedSinewave.xml (RunModel)" time="0.051" />
  <testcase classname="ptolemy.util.test.junit.AutoTests" name="[380] /home/travis/build/icyphy/ptII/ptolemy/actor/lib/test/auto/TimedSinewavePhase.xml (RunModel)" time="0.03" />
  <testcase classname="ptolemy.util.test.junit.AutoTests" name="[381] /home/travis/build/icyphy/ptII/ptolemy/actor/lib/test/auto/Timer.xml (RunModel)" time="0.015" />
  <testcase classname="ptolemy.util.test.junit.AutoTests" name="[382] /home/travis/build/icyphy/ptII/ptolemy/actor/lib/test/auto/TriangularDistTestModel.xml (RunModel)" time="0.016" />
  <testcase classname="ptolemy.util.test.junit.AutoTests" name="[383] /home/travis/build/icyphy/ptII/ptolemy/actor/lib/test/auto/TrigFunction.xml (RunModel)" time="0.009" />
  <testcase classname="ptolemy.util.test.junit.AutoTests" name="[384] /home/travis/build/icyphy/ptII/ptolemy/actor/lib/test/auto/TrigFunctionDE.xml (RunModel)" time="0.01" />
  <testcase classname="ptolemy.util.test.junit.AutoTests" name="[385] /home/travis/build/icyphy/ptII/ptolemy/actor/lib/test/auto/TrigFunctionInverse.xml (RunModel)" time="0.008" />
  <testcase classname="ptolemy.util.test.junit.AutoTests" name="[386] /home/travis/build/icyphy/ptII/ptolemy/actor/lib/test/auto/TrigFunctionTan.xml (RunModel)" time="0.005" />
  <testcase classname="ptolemy.util.test.junit.AutoTests" name="[387] /home/travis/build/icyphy/ptII/ptolemy/actor/lib/test/auto/TriggeredClock.xml (RunModel)" time="0.007" />
  <testcase classname="ptolemy.util.test.junit.AutoTests" name="[388] /home/travis/build/icyphy/ptII/ptolemy/actor/lib/test/auto/URLDirectoryReader.xml (RunModel)" time="0.11" />
  <testcase classname="ptolemy.util.test.junit.AutoTests" name="[389] /home/travis/build/icyphy/ptII/ptolemy/actor/lib/test/auto/URLDirectoryReader3.xml (RunModel)" time="1.48" />
  <testcase classname="ptolemy.util.test.junit.AutoTests" name="[390] /home/travis/build/icyphy/ptII/ptolemy/actor/lib/test/auto/UnaryMathFunction.xml (RunModel)" time="0.029" />
  <testcase classname="ptolemy.util.test.junit.AutoTests" name="[391] /home/travis/build/icyphy/ptII/ptolemy/actor/lib/test/auto/Uniform.xml (RunModel)" time="0.014" />
  <testcase classname="ptolemy.util.test.junit.AutoTests" name="[392] /home/travis/build/icyphy/ptII/ptolemy/actor/lib/test/auto/UnionDisassemblerTest.xml (RunModel)" time="0.017" />
  <testcase classname="ptolemy.util.test.junit.AutoTests" name="[393] /home/travis/build/icyphy/ptII/ptolemy/actor/lib/test/auto/UtilityFunctions.xml (RunModel)" time="0.007" />
  <testcase classname="ptolemy.util.test.junit.AutoTests" name="[394] /home/travis/build/icyphy/ptII/ptolemy/actor/lib/test/auto/VariableSleep.xml (RunModel)" time="0.511" />
  <testcase classname="ptolemy.util.test.junit.AutoTests" name="[395] /home/travis/build/icyphy/ptII/ptolemy/actor/lib/test/auto/VectorAssemblerDisassemblerCT.xml (RunModel)" time="0.088" />
  <testcase classname="ptolemy.util.test.junit.AutoTests" name="[396] /home/travis/build/icyphy/ptII/ptolemy/actor/lib/test/auto/VectorAssemblerDisassemblerDE.xml (RunModel)" time="0.019" />
  <testcase classname="ptolemy.util.test.junit.AutoTests" name="[397] /home/travis/build/icyphy/ptII/ptolemy/actor/lib/test/auto/VectorAssemblerDisassemblerSDF.xml (RunModel)" time="0.011" />
  <testcase classname="ptolemy.util.test.junit.AutoTests" name="[398] /home/travis/build/icyphy/ptII/ptolemy/actor/lib/test/auto/WallClockTime.xml (RunModel)" time="1.012" />
  <testcase classname="ptolemy.util.test.junit.AutoTests" name="[399] /home/travis/build/icyphy/ptII/ptolemy/actor/lib/test/auto/WidthTestWithSubscriberPublisher.xml (RunModel)" time="0.038" />
  <testcase classname="ptolemy.util.test.junit.AutoTests" name="[400] /home/travis/build/icyphy/ptII/ptolemy/actor/lib/test/auto/WidthTestWithSubscriberPublisher2.xml (RunModel)" time="0.012" />
  <testcase classname="ptolemy.util.test.junit.AutoTests" name="[401] /home/travis/build/icyphy/ptII/ptolemy/actor/lib/test/auto/WidthTestWithSubscriberPublisher3.xml (RunModel)" time="0.011" />
  <testcase classname="ptolemy.util.test.junit.AutoTests" name="[402] /home/travis/build/icyphy/ptII/ptolemy/actor/lib/test/auto/Writer.xml (RunModel)" time="0.007" />
  <testcase classname="ptolemy.util.test.junit.AutoTests" name="[403] /home/travis/build/icyphy/ptII/ptolemy/actor/lib/test/auto/array.xml (RunModel)" time="0.008" />
  <testcase classname="ptolemy.util.test.junit.AutoTests" name="[404] /home/travis/build/icyphy/ptII/ptolemy/actor/lib/test/auto/array2.xml (RunModel)" time="0.013" />
  <testcase classname="ptolemy.util.test.junit.AutoTests" name="[405] /home/travis/build/icyphy/ptII/ptolemy/actor/lib/test/auto/arrayType.xml (RunModel)" time="0.01" />
  <testcase classname="ptolemy.util.test.junit.AutoTests" name="[406] /home/travis/build/icyphy/ptII/ptolemy/actor/lib/test/auto/arrayType10.xml (RunModel)" time="0.008" />
  <testcase classname="ptolemy.util.test.junit.AutoTests" name="[407] /home/travis/build/icyphy/ptII/ptolemy/actor/lib/test/auto/arrayType11.xml (RunModel)" time="0.008" />
  <testcase classname="ptolemy.util.test.junit.AutoTests" name="[408] /home/travis/build/icyphy/ptII/ptolemy/actor/lib/test/auto/arrayType12.xml (RunModel)" time="0.008" />
  <testcase classname="ptolemy.util.test.junit.AutoTests" name="[409] /home/travis/build/icyphy/ptII/ptolemy/actor/lib/test/auto/arrayType13.xml (RunModel)" time="0.011" />
  <testcase classname="ptolemy.util.test.junit.AutoTests" name="[410] /home/travis/build/icyphy/ptII/ptolemy/actor/lib/test/auto/arrayType14.xml (RunModel)" time="0.008" />
  <testcase classname="ptolemy.util.test.junit.AutoTests" name="[411] /home/travis/build/icyphy/ptII/ptolemy/actor/lib/test/auto/arrayType15.xml (RunModel)" time="0.009" />
  <testcase classname="ptolemy.util.test.junit.AutoTests" name="[412] /home/travis/build/icyphy/ptII/ptolemy/actor/lib/test/auto/arrayType16.xml (RunModel)" time="0.008" />
  <testcase classname="ptolemy.util.test.junit.AutoTests" name="[413] /home/travis/build/icyphy/ptII/ptolemy/actor/lib/test/auto/arrayType17.xml (RunModel)" time="0.008" />
  <testcase classname="ptolemy.util.test.junit.AutoTests" name="[414] /home/travis/build/icyphy/ptII/ptolemy/actor/lib/test/auto/arrayType18.xml (RunModel)" time="0.007" />
  <testcase classname="ptolemy.util.test.junit.AutoTests" name="[415] /home/travis/build/icyphy/ptII/ptolemy/actor/lib/test/auto/arrayType19.xml (RunModel)" time="0.008" />
  <testcase classname="ptolemy.util.test.junit.AutoTests" name="[416] /home/travis/build/icyphy/ptII/ptolemy/actor/lib/test/auto/arrayType2.xml (RunModel)" time="0.007" />
  <testcase classname="ptolemy.util.test.junit.AutoTests" name="[417] /home/travis/build/icyphy/ptII/ptolemy/actor/lib/test/auto/arrayType20.xml (RunModel)" time="0.008" />
  <testcase classname="ptolemy.util.test.junit.AutoTests" name="[418] /home/travis/build/icyphy/ptII/ptolemy/actor/lib/test/auto/arrayType21.xml (RunModel)" time="0.007" />
  <testcase classname="ptolemy.util.test.junit.AutoTests" name="[419] /home/travis/build/icyphy/ptII/ptolemy/actor/lib/test/auto/arrayType22.xml (RunModel)" time="0.007" />
  <testcase classname="ptolemy.util.test.junit.AutoTests" name="[420] /home/travis/build/icyphy/ptII/ptolemy/actor/lib/test/auto/arrayType23.xml (RunModel)" time="0.009" />
  <testcase classname="ptolemy.util.test.junit.AutoTests" name="[421] /home/travis/build/icyphy/ptII/ptolemy/actor/lib/test/auto/arrayType24.xml (RunModel)" time="0.008" />
  <testcase classname="ptolemy.util.test.junit.AutoTests" name="[422] /home/travis/build/icyphy/ptII/ptolemy/actor/lib/test/auto/arrayType25.xml (RunModel)" time="0.008" />
  <testcase classname="ptolemy.util.test.junit.AutoTests" name="[423] /home/travis/build/icyphy/ptII/ptolemy/actor/lib/test/auto/arrayType26.xml (RunModel)" time="0.008" />
  <testcase classname="ptolemy.util.test.junit.AutoTests" name="[424] /home/travis/build/icyphy/ptII/ptolemy/actor/lib/test/auto/arrayType27.xml (RunModel)" time="0.007" />
  <testcase classname="ptolemy.util.test.junit.AutoTests" name="[425] /home/travis/build/icyphy/ptII/ptolemy/actor/lib/test/auto/arrayType28.xml (RunModel)" time="0.009" />
  <testcase classname="ptolemy.util.test.junit.AutoTests" name="[426] /home/travis/build/icyphy/ptII/ptolemy/actor/lib/test/auto/arrayType3.xml (RunModel)" time="0.007" />
  <testcase classname="ptolemy.util.test.junit.AutoTests" name="[427] /home/travis/build/icyphy/ptII/ptolemy/actor/lib/test/auto/arrayType4.xml (RunModel)" time="0.008" />
  <testcase classname="ptolemy.util.test.junit.AutoTests" name="[428] /home/travis/build/icyphy/ptII/ptolemy/actor/lib/test/auto/arrayType5.xml (RunModel)" time="0.007" />
  <testcase classname="ptolemy.util.test.junit.AutoTests" name="[429] /home/travis/build/icyphy/ptII/ptolemy/actor/lib/test/auto/arrayType6.xml (RunModel)" time="0.007" />
  <testcase classname="ptolemy.util.test.junit.AutoTests" name="[430] /home/travis/build/icyphy/ptII/ptolemy/actor/lib/test/auto/arrayType7.xml (RunModel)" time="0.007" />
  <testcase classname="ptolemy.util.test.junit.AutoTests" name="[431] /home/travis/build/icyphy/ptII/ptolemy/actor/lib/test/auto/arrayType8.xml (RunModel)" time="0.013" />
  <testcase classname="ptolemy.util.test.junit.AutoTests" name="[432] /home/travis/build/icyphy/ptII/ptolemy/actor/lib/test/auto/arrayType9.xml (RunModel)" time="0.019" />
  <testcase classname="ptolemy.util.test.junit.AutoTests" name="[433] /home/travis/build/icyphy/ptII/ptolemy/actor/lib/test/auto/cast.xml (RunModel)" time="0.007" />
  <testcase classname="ptolemy.util.test.junit.AutoTests" name="[434] /home/travis/build/icyphy/ptII/ptolemy/actor/lib/test/auto/compositeMultiPort.xml (RunModel)" time="0.037" />
  <testcase classname="ptolemy.util.test.junit.AutoTests" name="[435] /home/travis/build/icyphy/ptII/ptolemy/actor/lib/test/auto/expressionCastInference.xml (RunModel)" time="0.011" />
  <testcase classname="ptolemy.util.test.junit.AutoTests" name="[436] /home/travis/build/icyphy/ptII/ptolemy/actor/lib/test/auto/expressionCastInference2.xml (RunModel)" time="0.006" />
  <testcase classname="ptolemy.util.test.junit.AutoTests" name="[437] /home/travis/build/icyphy/ptII/ptolemy/actor/lib/test/auto/expressionInference.xml (RunModel)" time="0.007" />
  <testcase classname="ptolemy.util.test.junit.AutoTests" name="[438] /home/travis/build/icyphy/ptII/ptolemy/actor/lib/test/auto/expression_bug.xml (RunModel)" time="0.006" />
  <testcase classname="ptolemy.util.test.junit.AutoTests" name="[439] /home/travis/build/icyphy/ptII/ptolemy/actor/lib/test/auto/factorial.xml (RunModel)" time="0.057" />
  <testcase classname="ptolemy.util.test.junit.AutoTests" name="[440] /home/travis/build/icyphy/ptII/ptolemy/actor/lib/test/auto/filterTest1.xml (RunModel)" time="0.011" />
  <testcase classname="ptolemy.util.test.junit.AutoTests" name="[441] /home/travis/build/icyphy/ptII/ptolemy/actor/lib/test/auto/funcApplyInConst.xml (RunModel)" time="0.006" />
  <testcase classname="ptolemy.util.test.junit.AutoTests" name="[442] /home/travis/build/icyphy/ptII/ptolemy/actor/lib/test/auto/funcApplyInExpr.xml (RunModel)" time="0.005" />
  <testcase classname="ptolemy.util.test.junit.AutoTests" name="[443] /home/travis/build/icyphy/ptII/ptolemy/actor/lib/test/auto/function.xml (RunModel)" time="0.008" />
  <testcase classname="ptolemy.util.test.junit.AutoTests" name="[444] /home/travis/build/icyphy/ptII/ptolemy/actor/lib/test/auto/function2.xml (RunModel)" time="0.007" />
  <testcase classname="ptolemy.util.test.junit.AutoTests" name="[445] /home/travis/build/icyphy/ptII/ptolemy/actor/lib/test/auto/function3.xml (RunModel)" time="0.007" />
  <testcase classname="ptolemy.util.test.junit.AutoTests" name="[446] /home/travis/build/icyphy/ptII/ptolemy/actor/lib/test/auto/functionClosureTest1.xml (RunModel)" time="0.009" />
  <testcase classname="ptolemy.util.test.junit.AutoTests" name="[447] /home/travis/build/icyphy/ptII/ptolemy/actor/lib/test/auto/functionClosureTest2.xml (RunModel)" time="0.006" />
  <testcase classname="ptolemy.util.test.junit.AutoTests" name="[448] /home/travis/build/icyphy/ptII/ptolemy/actor/lib/test/auto/functionClosureTest3.xml (RunModel)" time="0.008" />
  <testcase classname="ptolemy.util.test.junit.AutoTests" name="[449] /home/travis/build/icyphy/ptII/ptolemy/actor/lib/test/auto/functionClosureTest4.xml (RunModel)" time="0.015" />
  <testcase classname="ptolemy.util.test.junit.AutoTests" name="[450] /home/travis/build/icyphy/ptII/ptolemy/actor/lib/test/auto/functionClosureTest5.xml (RunModel)" time="0.011" />
  <testcase classname="ptolemy.util.test.junit.AutoTests" name="[451] /home/travis/build/icyphy/ptII/ptolemy/actor/lib/test/auto/functionClosureTest6.xml (RunModel)" time="0.01" />
  <testcase classname="ptolemy.util.test.junit.AutoTests" name="[452] /home/travis/build/icyphy/ptII/ptolemy/actor/lib/test/auto/functionsOnArcs.xml (RunModel)" time="0.009" />
  <testcase classname="ptolemy.util.test.junit.AutoTests" name="[453] /home/travis/build/icyphy/ptII/ptolemy/actor/lib/test/auto/functionsOnArcsHOF.xml (RunModel)" time="0.011" />
  <testcase classname="ptolemy.util.test.junit.AutoTests" name="[454] /home/travis/build/icyphy/ptII/ptolemy/actor/lib/test/auto/logic.xml (RunModel)" time="0.016" />
  <testcase classname="ptolemy.util.test.junit.AutoTests" name="[455] /home/travis/build/icyphy/ptII/ptolemy/actor/lib/test/auto/matrixType.xml (RunModel)" time="0.008" />
  <testcase classname="ptolemy.util.test.junit.AutoTests" name="[456] /home/travis/build/icyphy/ptII/ptolemy/actor/lib/test/auto/matrixType10.xml (RunModel)" time="0.008" />
  <testcase classname="ptolemy.util.test.junit.AutoTests" name="[457] /home/travis/build/icyphy/ptII/ptolemy/actor/lib/test/auto/matrixType11.xml (RunModel)" time="0.008" />
  <testcase classname="ptolemy.util.test.junit.AutoTests" name="[458] /home/travis/build/icyphy/ptII/ptolemy/actor/lib/test/auto/matrixType12.xml (RunModel)" time="0.01" />
  <testcase classname="ptolemy.util.test.junit.AutoTests" name="[459] /home/travis/build/icyphy/ptII/ptolemy/actor/lib/test/auto/matrixType13.xml (RunModel)" time="0.009" />
  <testcase classname="ptolemy.util.test.junit.AutoTests" name="[460] /home/travis/build/icyphy/ptII/ptolemy/actor/lib/test/auto/matrixType14.xml (RunModel)" time="0.009" />
  <testcase classname="ptolemy.util.test.junit.AutoTests" name="[461] /home/travis/build/icyphy/ptII/ptolemy/actor/lib/test/auto/matrixType2.xml (RunModel)" time="0.008" />
  <testcase classname="ptolemy.util.test.junit.AutoTests" name="[462] /home/travis/build/icyphy/ptII/ptolemy/actor/lib/test/auto/matrixType3.xml (RunModel)" time="0.009" />
  <testcase classname="ptolemy.util.test.junit.AutoTests" name="[463] /home/travis/build/icyphy/ptII/ptolemy/actor/lib/test/auto/matrixType4.xml (RunModel)" time="0.007" />
  <testcase classname="ptolemy.util.test.junit.AutoTests" name="[464] /home/travis/build/icyphy/ptII/ptolemy/actor/lib/test/auto/matrixType5.xml (RunModel)" time="0.007" />
  <testcase classname="ptolemy.util.test.junit.AutoTests" name="[465] /home/travis/build/icyphy/ptII/ptolemy/actor/lib/test/auto/matrixType6.xml (RunModel)" time="0.007" />
  <testcase classname="ptolemy.util.test.junit.AutoTests" name="[466] /home/travis/build/icyphy/ptII/ptolemy/actor/lib/test/auto/matrixType7.xml (RunModel)" time="0.007" />
  <testcase classname="ptolemy.util.test.junit.AutoTests" name="[467] /home/travis/build/icyphy/ptII/ptolemy/actor/lib/test/auto/matrixType8.xml (RunModel)" time="0.008" />
  <testcase classname="ptolemy.util.test.junit.AutoTests" name="[468] /home/travis/build/icyphy/ptII/ptolemy/actor/lib/test/auto/matrixType9.xml (RunModel)" time="0.007" />
  <testcase classname="ptolemy.util.test.junit.AutoTests" name="[469] /home/travis/build/icyphy/ptII/ptolemy/actor/lib/test/auto/paraFunctest.xml (RunModel)" time="0.007" />
  <testcase classname="ptolemy.util.test.junit.AutoTests" name="[470] /home/travis/build/icyphy/ptII/ptolemy/actor/lib/test/auto/paraFunctest2.xml (RunModel)" time="0.012" />
  <testcase classname="ptolemy.util.test.junit.AutoTests" name="[471] /home/travis/build/icyphy/ptII/ptolemy/actor/lib/test/auto/parameterPassing.xml (RunModel)" time="0.008" />
  <testcase classname="ptolemy.util.test.junit.AutoTests" name="[472] /home/travis/build/icyphy/ptII/ptolemy/actor/lib/test/auto/record.xml (RunModel)" time="0.009" />
  <testcase classname="ptolemy.util.test.junit.AutoTests" name="[473] /home/travis/build/icyphy/ptII/ptolemy/actor/lib/test/auto/sizedarray1.xml (RunModel)" time="0.01" />
  <testcase classname="ptolemy.util.test.junit.AutoTests" name="[474] /home/travis/build/icyphy/ptII/ptolemy/actor/lib/test/auto/sizedarray2.xml (RunModel)" time="0.009" />
  <testcase classname="ptolemy.util.test.junit.AutoTests" name="[475] /home/travis/build/icyphy/ptII/ptolemy/actor/lib/test/auto/twoPublishers.xml (RunModel)" time="0.022" />
  <system-out><![CDATA[/home/travis/build/icyphy/ptII/ptolemy/actor/lib/test/AbsoluteValue.tcl
testDefs.tcl: setting time out to 9000 seconds at Tue Nov 19 06:21:57 UTC 2019
127 ms. Memory: 120832K Free: 85427K (71%)
16 ms. Memory: 120832K Free: 83908K (69%)
14 ms. Memory: 120832K Free: 82884K (69%)
8 ms. Memory: 120832K Free: 82355K (68%)
/home/travis/build/icyphy/ptII/ptolemy/actor/lib/test/AddSubtract.tcl
24 ms. Memory: 120832K Free: 80307K (66%)
6 ms. Memory: 120832K Free: 79291K (66%)
8 ms. Memory: 120832K Free: 78788K (65%)
17 ms. Memory: 120832K Free: 77764K (64%)
81 ms. Memory: 120832K Free: 75202K (62%)
16 ms. Memory: 120832K Free: 74147K (61%)
/home/travis/build/icyphy/ptII/ptolemy/actor/lib/test/Average.tcl
17 ms. Memory: 120832K Free: 72644K (60%)
19 ms. Memory: 120832K Free: 71106K (59%)
/home/travis/build/icyphy/ptII/ptolemy/actor/lib/test/Bernoulli.tcl
14 ms. Memory: 120832K Free: 69572K (58%)
2 ms. Memory: 120832K Free: 69572K (58%)
/home/travis/build/icyphy/ptII/ptolemy/actor/lib/test/Clock.tcl
preinitializing
resolving types
initializing
executing number 1
wrapping up
idle
36 ms. Memory: 120832K Free: 66500K (55%)
Completed execution with 5 iterations
preinitializing
resolving types
initializing
executing number 1
wrapping up
idle
10 ms. Memory: 120832K Free: 65986K (55%)
Completed execution with 5 iterations
preinitializing
resolving types
initializing
executing number 1
wrapping up
idle
10 ms. Memory: 120832K Free: 65476K (54%)
Completed execution with 5 iterations
/home/travis/build/icyphy/ptII/ptolemy/actor/lib/test/Commutator.tcl
13 ms. Memory: 120832K Free: 63428K (52%)
12 ms. Memory: 120832K Free: 62404K (52%)
17 ms. Memory: 120832K Free: 56770K (47%)
/home/travis/build/icyphy/ptII/ptolemy/actor/lib/test/Const.tcl
5 ms. Memory: 120832K Free: 55236K (46%)
3 ms. Memory: 120832K Free: 54722K (45%)
12 ms. Memory: 120832K Free: 54212K (45%)
8 ms. Memory: 120832K Free: 53188K (44%)
7 ms. Memory: 120832K Free: 52659K (44%)
18 ms. Memory: 120832K Free: 51140K (42%)
5 ms. Memory: 120832K Free: 50116K (41%)
3 ms. Memory: 120832K Free: 49092K (41%)
/home/travis/build/icyphy/ptII/ptolemy/actor/lib/test/CurrentTime.tcl
preinitializing
resolving types
initializing
executing number 1
wrapping up
idle
16 ms. Memory: 120832K Free: 47539K (39%)
Completed execution with 11 iterations
/home/travis/build/icyphy/ptII/ptolemy/actor/lib/test/DB.tcl
31 ms. Memory: 120832K Free: 107046K (89%)
2 ms. Memory: 120832K Free: 106551K (88%)
2 ms. Memory: 120832K Free: 106022K (88%)
/home/travis/build/icyphy/ptII/ptolemy/actor/lib/test/DiscreteRandomSource.tcl
preinitializing
resolving types
initializing
executing number 1
wrapping up
idle
6 ms. Memory: 120832K Free: 104503K (86%)
Completed execution with 4 iterations
preinitializing
resolving types
initializing
executing number 1
wrapping up
idle
5 ms. Memory: 120832K Free: 103974K (86%)
Completed execution with 4 iterations
preinitializing
resolving types
initializing
executing number 1
wrapping up
idle
6 ms. Memory: 120832K Free: 103479K (86%)
Completed execution with 4 iterations
preinitializing
resolving types
initializing
executing number 1
wrapping up
idle
8 ms. Memory: 120832K Free: 102965K (85%)
Completed execution with 4 iterations
preinitializing
resolving types
initializing
executing number 1
wrapping up
idle
9 ms. Memory: 120832K Free: 102965K (85%)
Completed execution with 4 iterations
/home/travis/build/icyphy/ptII/ptolemy/actor/lib/test/Distributor.tcl
10 ms. Memory: 120832K Free: 101429K (84%)
7 ms. Memory: 120832K Free: 100407K (83%)
StreamChangeRequest.changeExecuted(): <deleteEntity name="rec2"/> succeeded
StreamChangeRequest.changeExecuted(): <deleteRelation name="r2"/> succeeded
StreamChangeRequest.changeExecuted(): Record firings per iteration succeeded
14 ms. Memory: 120832K Free: 97830K (81%)
/home/travis/build/icyphy/ptII/ptolemy/actor/lib/test/Exit.tcl
Exit.tcl: this will print a message about Manager.exitAfterWrapup, which can be ignored.
12 ms. Memory: 120832K Free: 104455K (86%)
/home/travis/build/icyphy/ptII/ptolemy/actor/lib/test/Expression.tcl
25 ms. Memory: 120832K Free: 100978K (84%)
7 ms. Memory: 120832K Free: 100398K (83%)
4 ms. Memory: 120832K Free: 99374K (82%)
preinitializing
resolving types
initializing
executing number 1
wrapping up
idle
9 ms. Memory: 120832K Free: 97876K (81%)
Completed execution with 6 iterations
10 ms. Memory: 120832K Free: 97348K (81%)
3 ms. Memory: 120832K Free: 96294K (80%)
10 ms. Memory: 120832K Free: 95300K (79%)
4 ms. Memory: 120832K Free: 94238K (78%)
6 ms. Memory: 120832K Free: 92740K (77%)
/home/travis/build/icyphy/ptII/ptolemy/actor/lib/test/Gaussian.tcl
6 ms. Memory: 120832K Free: 91190K (75%)
sleeping 1 seconds: ..................................................................................................................................................................................................................................................................................................................................................................................................................................................................................................................................................................................................................................................................................................................................................................................................................................................................................................................................................................................................................................................................................................................................................................................................................................4 ms. Memory: 120832K Free: 85602K (71%)
3 ms. Memory: 120832K Free: 84548K (70%)
2 ms. Memory: 120832K Free: 84036K (70%)
6 ms. Memory: 120832K Free: 83554K (69%)
9 ms. Memory: 120832K Free: 106520K (88%)
/home/travis/build/icyphy/ptII/ptolemy/actor/lib/test/IIR.tcl
/home/travis/build/icyphy/ptII/ptolemy/actor/lib/test/Interpolator.tcl
4 ms. Memory: 120832K Free: 102438K (85%)
2 ms. Memory: 120832K Free: 101928K (84%)
2 ms. Memory: 120832K Free: 101400K (84%)
4 ms. Memory: 120832K Free: 100904K (84%)
2 ms. Memory: 120832K Free: 99880K (83%)
6 ms. Memory: 120832K Free: 99366K (82%)
3 ms. Memory: 120832K Free: 98328K (81%)
2 ms. Memory: 120832K Free: 97288K (81%)
2 ms. Memory: 120832K Free: 96808K (80%)
5 ms. Memory: 120832K Free: 95784K (79%)
/home/travis/build/icyphy/ptII/ptolemy/actor/lib/test/MathFunction.tcl
4 ms. Memory: 120832K Free: 93736K (78%)
2 ms. Memory: 120832K Free: 92712K (77%)
2 ms. Memory: 120832K Free: 91688K (76%)
2 ms. Memory: 120832K Free: 90664K (75%)
4 ms. Memory: 120832K Free: 89112K (74%)
9 ms. Memory: 120832K Free: 87592K (72%)
/home/travis/build/icyphy/ptII/ptolemy/actor/lib/test/Maximum.tcl
4 ms. Memory: 120832K Free: 85544K (71%)
3 ms. Memory: 120832K Free: 85016K (70%)
6 ms. Memory: 120832K Free: 84006K (70%)
3 ms. Memory: 120832K Free: 83496K (69%)
/home/travis/build/icyphy/ptII/ptolemy/actor/lib/test/Minimum.tcl
6 ms. Memory: 120832K Free: 81958K (68%)
4 ms. Memory: 120832K Free: 81448K (67%)
3 ms. Memory: 120832K Free: 80424K (67%)
2 ms. Memory: 120832K Free: 79904K (66%)
/home/travis/build/icyphy/ptII/ptolemy/actor/lib/test/MultiplyDivide.tcl
9 ms. Memory: 120832K Free: 77862K (64%)
8 ms. Memory: 120832K Free: 77352K (64%)
2 ms. Memory: 120832K Free: 76838K (64%)
6 ms. Memory: 120832K Free: 75814K (63%)
6 ms. Memory: 120832K Free: 75304K (62%)
/home/travis/build/icyphy/ptII/ptolemy/actor/lib/test/OrderedMerge.tcl
Connections changed on port: inputA
Connections changed on port: inputB
Connections changed on port: output
Connections changed on port: output
Connections changed on port: output
Connections changed on port: input
.top. Preinitializing ...
Invoking preinitialize():  .top.OrderedMerge
Called preinitialize()
Invoking preinitialize():  .top.Ramp
Called preinitialize()
Invoking preinitialize():  .top.Ramp2
Called preinitialize()
Invoking preinitialize():  .top.Test
Called preinitialize()
Connections changed on port: inputA
Connections changed on port: output
Connections changed on port: output
Connections changed on port: input
Connections changed on port: inputB
Connections changed on port: output
.top. Finished preinitialize().
Called initialize().
Invoking initialize():  .top.OrderedMerge
Initializing actor: .top.OrderedMerge
Adding a thread: .top.OrderedMerge
Invoking initialize():  .top.Ramp
Initializing actor: .top.Ramp
Adding a thread: .top.Ramp
Invoking initialize():  .top.Ramp2
Initializing actor: .top.Ramp2
Adding a thread: .top.Ramp2
Invoking initialize():  .top.Test
Initializing actor: .top.Test
Adding a thread: .top.Test
Called fire().
Checking for deadlock:
-- Starting thread.
Called initialize()
Called prefire()
Called fire()
-- Starting thread.
Called initialize()
-- Starting thread.
Called initialize()
Called prefire()
Called prefire()
Called fire()
Called fire()
-- Starting thread.
Called initialize()
Called prefire()
Called fire()
There are 0 Blocked actors, 0 Stopped actors, and 4 active threads.
Waiting for actors to stop.
Called postfire()
Called prefire()
Called fire()
Called postfire()
Called prefire()
Called fire()
Called postfire()
Called prefire()
Called fire()
Checking for deadlock:
There are 3 Blocked actors, 0 Stopped actors, and 4 active threads.
Waiting for actors to stop.
Read input token from inputA with value 0.0
Next port to read input from is inputB
Called postfire()
Called prefire()
Called fire()
Called postfire()
Called prefire()
Called fire()
Read input token from inputB with value 0.0
Sent output token with value 0.0
Next port to read input from is inputA
Called postfire()
Called prefire()
Called fire()
Read input token from inputA with value 1.0
Checking for deadlock:
There are 2 Blocked actors, 0 Stopped actors, and 4 active threads.
Waiting for actors to stop.
Called postfire()
Called prefire()
Called fire()
-- Read input: 0.0, which is expected to match: 0.0
Called prefire()
Called fire()
Checking for deadlock:
There are 3 Blocked actors, 0 Stopped actors, and 4 active threads.
Waiting for actors to stop.
-- Read input: 0.0, which is expected to match: 0.0
Called prefire()
Called fire()
Sent output token with value 0.0
Next port to read input from is inputB
Called postfire()
Called prefire()
Called fire()
Read input token from inputB with value 1.5
Sent output token with value 1.0
Next port to read input from is inputA
Called postfire()
Called prefire()
Called fire()
Read input token from inputA with value 2.0
Checking for deadlock:
There are 1 Blocked actors, 0 Stopped actors, and 4 active threads.
Waiting for actors to stop.
Called postfire()
Called prefire()
Called fire()
Called postfire()
Called prefire()
Called fire()
Checking for deadlock:
There are 3 Blocked actors, 0 Stopped actors, and 4 active threads.
Waiting for actors to stop.
-- Read input: 1.0, which is expected to match: 1.0
Called prefire()
Called fire()
Sent output token with value 1.5
Next port to read input from is inputB
Called postfire()
Called prefire()
Called fire()
Read input token from inputB with value 3.0
Checking for deadlock:
There are 2 Blocked actors, 0 Stopped actors, and 4 active threads.
Waiting for actors to stop.
Called postfire()
Called prefire()
Called fire()
-- Read input: 1.5, which is expected to match: 1.5
Called prefire()
Called fire()
Checking for deadlock:
There are 3 Blocked actors, 0 Stopped actors, and 4 active threads.
Waiting for actors to stop.
-- Read input: 2.0, which is expected to match: 2.0
Called prefire()
Called fire()
Checking for deadlock:
There are 3 Blocked actors, 0 Stopped actors, and 4 active threads.
Waiting for actors to stop.
Sent output token with value 2.0
Next port to read input from is inputA
Called postfire()
Called prefire()
Called fire()
Checking for deadlock:
There are 2 Blocked actors, 0 Stopped actors, and 4 active threads.
Waiting for actors to stop.
Called postfire()
Called prefire()
Called fire()
Checking for deadlock:
There are 3 Blocked actors, 0 Stopped actors, and 4 active threads.
Waiting for actors to stop.
Read input token from inputA with value 3.0
-- Read input: 3.0, which is expected to match: 3.0
Called prefire()
Called fire()
Checking for deadlock:
There are 3 Blocked actors, 0 Stopped actors, and 4 active threads.
Waiting for actors to stop.
Sent output token with value 3.0
Next port to read input from is inputB
Called postfire()
Called prefire()
Called fire()
Called postfire()
Called prefire()
Called fire()
Checking for deadlock:
There are 3 Blocked actors, 0 Stopped actors, and 4 active threads.
Waiting for actors to stop.
Read input token from inputB with value 4.5
-- Read input: 3.0, which is expected to match: 3.0
Called prefire()
Called fire()
Checking for deadlock:
There are 3 Blocked actors, 0 Stopped actors, and 4 active threads.
Waiting for actors to stop.
Sent output token with value 3.0
Next port to read input from is inputA
Called postfire()
Called prefire()
Called fire()
Checking for deadlock:
There are 2 Blocked actors, 0 Stopped actors, and 4 active threads.
Waiting for actors to stop.
Called postfire()
Called prefire()
Called fire()
Checking for deadlock:
There are 3 Blocked actors, 0 Stopped actors, and 4 active threads.
Waiting for actors to stop.
Read input token from inputA with value 4.0
Checking for deadlock:
There are 2 Blocked actors, 0 Stopped actors, and 4 active threads.
Waiting for actors to stop.
-- Read input: 4.0, which is expected to match: 4.0
Called prefire()
Called fire()
Past the end of training data. Read and discard all inputs.
Checking for deadlock:
There are 3 Blocked actors, 0 Stopped actors, and 4 active threads.
Waiting for actors to stop.
Sent output token with value 4.0
Next port to read input from is inputA
Called postfire()
Called prefire()
Called fire()
Checking for deadlock:
There are 2 Blocked actors, 0 Stopped actors, and 4 active threads.
Waiting for actors to stop.
Called postfire()
Called prefire()
Called fire()
Checking for deadlock:
There are 3 Blocked actors, 0 Stopped actors, and 4 active threads.
Waiting for actors to stop.
Read input token from inputA with value 5.0
Checking for deadlock:
There are 2 Blocked actors, 0 Stopped actors, and 4 active threads.
Waiting for actors to stop.
Called prefire()
Called fire()
Past the end of training data. Read and discard all inputs.
Checking for deadlock:
There are 3 Blocked actors, 0 Stopped actors, and 4 active threads.
Waiting for actors to stop.
Sent output token with value 4.5
Next port to read input from is inputB
Called postfire()
Called prefire()
Called fire()
Called postfire()
Called prefire()
Called fire()
Checking for deadlock:
There are 3 Blocked actors, 0 Stopped actors, and 4 active threads.
Waiting for actors to stop.
Read input token from inputB with value 6.0
Called prefire()
Called fire()
Past the end of training data. Read and discard all inputs.
Checking for deadlock:
There are 3 Blocked actors, 0 Stopped actors, and 4 active threads.
Waiting for actors to stop.
Sent output token with value 5.0
Next port to read input from is inputA
Called postfire()
Called prefire()
Called fire()
Checking for deadlock:
There are 2 Blocked actors, 0 Stopped actors, and 4 active threads.
Waiting for actors to stop.
Called postfire()
Called prefire()
Called fire()
Checking for deadlock:
There are 3 Blocked actors, 0 Stopped actors, and 4 active threads.
Waiting for actors to stop.
Read input token from inputA with value 6.0
Checking for deadlock:
There are 2 Blocked actors, 0 Stopped actors, and 4 active threads.
Waiting for actors to stop.
Called prefire()
Called fire()
Past the end of training data. Read and discard all inputs.
Checking for deadlock:
There are 3 Blocked actors, 0 Stopped actors, and 4 active threads.
Waiting for actors to stop.
Sent output token with value 6.0
Next port to read input from is inputB
Called postfire()
Called prefire()
Called fire()
Called postfire()
Called prefire()
Called fire()
Checking for deadlock:
There are 3 Blocked actors, 0 Stopped actors, and 4 active threads.
Waiting for actors to stop.
Read input token from inputB with value 7.5
Called prefire()
Called fire()
Past the end of training data. Read and discard all inputs.
Checking for deadlock:
There are 3 Blocked actors, 0 Stopped actors, and 4 active threads.
Waiting for actors to stop.
Sent output token with value 6.0
Next port to read input from is inputA
Called postfire()
Called prefire()
Called fire()
Checking for deadlock:
There are 2 Blocked actors, 0 Stopped actors, and 4 active threads.
Waiting for actors to stop.
Called postfire()
Called prefire()
Called fire()
Checking for deadlock:
There are 3 Blocked actors, 0 Stopped actors, and 4 active threads.
Waiting for actors to stop.
Read input token from inputA with value 7.0
Checking for deadlock:
There are 2 Blocked actors, 0 Stopped actors, and 4 active threads.
Waiting for actors to stop.
Called prefire()
Called fire()
Past the end of training data. Read and discard all inputs.
Checking for deadlock:
There are 3 Blocked actors, 0 Stopped actors, and 4 active threads.
Waiting for actors to stop.
Sent output token with value 7.0
Next port to read input from is inputA
Called postfire()
Called prefire()
Called fire()
Checking for deadlock:
There are 2 Blocked actors, 0 Stopped actors, and 4 active threads.
Waiting for actors to stop.
-- Thread wrapup() called.
Called wrapup()
Thread .top.Ramp is exiting.
-- Thread stopped.
Read input token from inputA with value 8.0
Sent output token with value 7.5
Next port to read input from is inputB
Called postfire()
Called prefire()
Called fire()
Read input token from inputB with value 9.0
Checking for deadlock:
There are 1 Blocked actors, 0 Stopped actors, and 3 active threads.
Waiting for actors to stop.
Called postfire()
Called prefire()
Called fire()
Called prefire()
Called fire()
Past the end of training data. Read and discard all inputs.
Checking for deadlock:
There are 2 Blocked actors, 0 Stopped actors, and 3 active threads.
Waiting for actors to stop.
Called prefire()
Called fire()
Past the end of training data. Read and discard all inputs.
Checking for deadlock:
There are 2 Blocked actors, 0 Stopped actors, and 3 active threads.
Waiting for actors to stop.
Sent output token with value 8.0
Next port to read input from is inputA
Called postfire()
Called prefire()
Called fire()
Read input token from inputA with value 9.0
Called prefire()
Called fire()
Past the end of training data. Read and discard all inputs.
Checking for deadlock:
There are 2 Blocked actors, 0 Stopped actors, and 3 active threads.
Waiting for actors to stop.
Sent output token with value 9.0
Next port to read input from is inputB
Called postfire()
Called prefire()
Called fire()
Called postfire()
Called prefire()
Called fire()
Checking for deadlock:
There are 2 Blocked actors, 0 Stopped actors, and 3 active threads.
Waiting for actors to stop.
Read input token from inputB with value 10.5
Called prefire()
Called fire()
Past the end of training data. Read and discard all inputs.
Checking for deadlock:
There are 2 Blocked actors, 0 Stopped actors, and 3 active threads.
Waiting for actors to stop.
Sent output token with value 9.0
Next port to read input from is inputA
Called postfire()
Called prefire()
Called fire()
Checking for deadlock:
There are 3 Blocked actors, 0 Stopped actors, and 3 active threads.
Actors have stopped.
Checking for deadlock:
There are 3 Blocked actors, 0 Stopped actors, and 3 active threads.
Deadlock detected.
Resolving Deadlock
Checking for deadlock:
There are 3 Blocked actors, 0 Stopped actors, and 3 active threads.
Artificial Deadlock - increasing queue capacity.
increasing the capacity of receiver ptolemy.actor.TypedIOPort {.top.OrderedMerge.inputB} to 2
Director: Called postfire().
Called postfire().
_stopRequested = false
_stopFireRequested = false
Returning from postfire(): true
-- Thread wrapup() called.
Called wrapup()
Thread .top.Ramp2 is exiting.
-- Thread stopped.
Called fire().
Checking for deadlock:
There are 2 Blocked actors, 0 Stopped actors, and 2 active threads.
Actors have stopped.
Checking for deadlock:
There are 2 Blocked actors, 0 Stopped actors, and 2 active threads.
Deadlock detected.
Resolving Deadlock
Checking for deadlock:
There are 2 Blocked actors, 0 Stopped actors, and 2 active threads.
Deadlock detected: no processes blocked on write, but some are blocked on read.
Called postfire().
_stopRequested = false
_stopFireRequested = false
Returning from postfire(): false
Finished deactivating branches.
Called wrapup().
-- Thread wrapup() called.
Called wrapup()
-- Thread wrapup() called.
Called wrapup()
Thread .top.Test is exiting.
-- Thread stopped.
-- Blocked Receiver call threw TerminateProcessException.
Thread .top.OrderedMerge is exiting.
-- Thread stopped.
-- Blocked Receiver call threw TerminateProcessException.
65 ms. Memory: 120832K Free: 70694K (59%)
.top. Preinitializing ...
Invoking preinitialize():  .top.OrderedMerge
Called preinitialize()
Invoking preinitialize():  .top.Ramp
Called preinitialize()
Invoking preinitialize():  .top.Ramp2
Called preinitialize()
Invoking preinitialize():  .top.Test
Called preinitialize()
.top. Finished preinitialize().
Called initialize().
Invoking initialize():  .top.OrderedMerge
Initializing actor: .top.OrderedMerge
Adding a thread: .top.OrderedMerge
Invoking initialize():  .top.Ramp
Initializing actor: .top.Ramp
Adding a thread: .top.Ramp
Invoking initialize():  .top.Ramp2
Initializing actor: .top.Ramp2
Adding a thread: .top.Ramp2
Invoking initialize():  .top.Test
Initializing actor: .top.Test
Adding a thread: .top.Test
-- Starting thread.
Called initialize()
Called prefire()
Called fire()
-- Starting thread.
Called initialize()
Called prefire()
Called fire()
Called postfire()
Called prefire()
Called fire()
Called fire().
Checking for deadlock:
There are 2 Blocked actors, 0 Stopped actors, and 4 active threads.
Waiting for actors to stop.
-- Starting thread.
-- Starting thread.
Called initialize()
Called prefire()
Called fire()
Checking for deadlock:
There are 3 Blocked actors, 0 Stopped actors, and 4 active threads.
Waiting for actors to stop.
Called initialize()
Called prefire()
Called fire()
Called postfire()
Called prefire()
Called fire()
Checking for deadlock:
There are 2 Blocked actors, 0 Stopped actors, and 4 active threads.
Read input token from inputA with value 0.0
Waiting for actors to stop.
Called postfire()
Called prefire()
Called fire()
Checking for deadlock:
Next port to read input from is inputB
There are 3 Blocked actors, 0 Stopped actors, and 4 active threads.
Called postfire()
Waiting for actors to stop.
Called prefire()
Called fire()
Checking for deadlock:
There are 2 Blocked actors, 0 Stopped actors, and 4 active threads.
Waiting for actors to stop.
Read input token from inputB with value 0.0
Called postfire()
Called prefire()
Called fire()
Sent output token with value 0.0
Next port to read input from is inputA
Called postfire()
Called prefire()
-- Read input: 0.0, which is expected to match: 0.0
Called fire()
Called prefire()
Called fire()
Read input token from inputA with value 1.0
Checking for deadlock:
There are 2 Blocked actors, 0 Stopped actors, and 4 active threads.
Waiting for actors to stop.
Called postfire()
Called prefire()
Called fire()
Checking for deadlock:
There are 2 Blocked actors, 0 Stopped actors, and 4 active threads.
Sent output token with value 0.0
Waiting for actors to stop.
Next port to read input from is inputB
-- Read input: 0.0, which is expected to match: 0.0
Called postfire()
Called prefire()
Called prefire()
Called fire()
Called fire()
Read input token from inputB with value 1.5
Checking for deadlock:
There are 2 Blocked actors, 0 Stopped actors, and 4 active threads.
Waiting for actors to stop.
Called postfire()
Called prefire()
Called fire()
Sent output token with value 1.0
-- Read input: 1.0, which is expected to match: 1.0
Called prefire()
Called fire()
Checking for deadlock:
There are 3 Blocked actors, 0 Stopped actors, and 4 active threads.
Waiting for actors to stop.
Next port to read input from is inputA
Called postfire()
Called prefire()
Called fire()
Checking for deadlock:
Called postfire()
There are 2 Blocked actors, 0 Stopped actors, and 4 active threads.
Called prefire()
Waiting for actors to stop.
Called fire()
Read input token from inputA with value 2.0
Checking for deadlock:
There are 3 Blocked actors, 0 Stopped actors, and 4 active threads.
Waiting for actors to stop.
Checking for deadlock:
Sent output token with value 1.5
There are 2 Blocked actors, 0 Stopped actors, and 4 active threads.
Waiting for actors to stop.
Next port to read input from is inputB
Called postfire()
-- Read input: 1.5, which is expected to match: 1.5
Called prefire()
Called fire()
Called prefire()
Called fire()
Read input token from inputB with value 3.0
Called postfire()
Sent output token with value 2.0
Called prefire()
Called fire()
Next port to read input from is inputA
Called postfire()
Called prefire()
Called fire()
Read input token from inputA with value 3.0
-- Read input: 2.0, which is expected to match: 2.0
Called prefire()
Called fire()
Sent output token with value 3.0
Next port to read input from is inputB
-- Read input: 3.0, which is expected to match: 3.0
Called postfire()
Called prefire()
Called fire()
Called prefire()
Called fire()
Checking for deadlock:
There are 1 Blocked actors, 0 Stopped actors, and 4 active threads.
Read input token from inputB with value 4.5
Waiting for actors to stop.
Checking for deadlock:
There are 0 Blocked actors, 0 Stopped actors, and 4 active threads.
Waiting for actors to stop.
Sent output token with value 3.0
Next port to read input from is inputA
Called postfire()
Called prefire()
Called fire()
-- Read input: 3.0, which is expected to match: 3.0
Called prefire()
Read input token from inputA with value 4.0
Called postfire()
Called postfire()
Called prefire()
Called prefire()
Called fire()
Called fire()
Checking for deadlock:
There are 1 Blocked actors, 0 Stopped actors, and 4 active threads.
Waiting for actors to stop.
Called fire()
Called postfire()
Called prefire()
Called fire()
Sent output token with value 4.0
-- Read input: 4.0, which is expected to match: 4.0
Next port to read input from is inputA
Called postfire()
Called prefire()
Called fire()
Called prefire()
Called fire()
Checking for deadlock:
There are 2 Blocked actors, 0 Stopped actors, and 4 active threads.
Waiting for actors to stop.
Past the end of training data. Read and discard all inputs.
Checking for deadlock:
Called postfire()
There are 2 Blocked actors, 0 Stopped actors, and 4 active threads.
Called prefire()
Waiting for actors to stop.
Called fire()
Read input token from inputA with value 5.0
Checking for deadlock:
There are 3 Blocked actors, 0 Stopped actors, and 4 active threads.
Waiting for actors to stop.
Checking for deadlock:
There are 2 Blocked actors, 0 Stopped actors, and 4 active threads.
Waiting for actors to stop.
Sent output token with value 4.5
Called prefire()
Called fire()
Past the end of training data. Read and discard all inputs.
Next port to read input from is inputB
Called postfire()
Checking for deadlock:
There are 3 Blocked actors, 0 Stopped actors, and 4 active threads.
Waiting for actors to stop.
Called prefire()
Called fire()
Called postfire()
Read input token from inputB with value 6.0
Called prefire()
Called fire()
Checking for deadlock:
Sent output token with value 5.0
There are 2 Blocked actors, 0 Stopped actors, and 4 active threads.
Waiting for actors to stop.
Called prefire()
Called fire()
Past the end of training data. Read and discard all inputs.
Next port to read input from is inputA
Called postfire()
Called prefire()
Called fire()
Checking for deadlock:
There are 3 Blocked actors, 0 Stopped actors, and 4 active threads.
Waiting for actors to stop.
Checking for deadlock:
Read input token from inputA with value 6.0
There are 2 Blocked actors, 0 Stopped actors, and 4 active threads.
Waiting for actors to stop.
Checking for deadlock:
There are 1 Blocked actors, 0 Stopped actors, and 4 active threads.
Waiting for actors to stop.
Sent output token with value 6.0
Called postfire()
Called prefire()
Called prefire()
Called fire()
Called fire()
Past the end of training data. Read and discard all inputs.
Checking for deadlock:
Next port to read input from is inputB
Called postfire()
There are 3 Blocked actors, 0 Stopped actors, and 4 active threads.
Waiting for actors to stop.
Called prefire()
Called fire()
Called postfire()
Called prefire()
Read input token from inputB with value 7.5
Checking for deadlock:
There are 2 Blocked actors, 0 Stopped actors, and 4 active threads.
Waiting for actors to stop.
Called fire()
Sent output token with value 6.0
Checking for deadlock:
There are 2 Blocked actors, 0 Stopped actors, and 4 active threads.
Waiting for actors to stop.
Next port to read input from is inputA
Called postfire()
Called prefire()
Called fire()
Called prefire()
Past the end of training data. Read and discard all inputs.
Called fire()
Checking for deadlock:
There are 3 Blocked actors, 0 Stopped actors, and 4 active threads.
Waiting for actors to stop.
Checking for deadlock:
Called postfire()
There are 2 Blocked actors, 0 Stopped actors, and 4 active threads.
Waiting for actors to stop.
Called prefire()
Called fire()
Checking for deadlock:
There are 3 Blocked actors, 0 Stopped actors, and 4 active threads.
Waiting for actors to stop.
Read input token from inputA with value 7.0
Called prefire()
Called fire()
Sent output token with value 7.0
Checking for deadlock:
There are 2 Blocked actors, 0 Stopped actors, and 4 active threads.
Waiting for actors to stop.
Past the end of training data. Read and discard all inputs.
Next port to read input from is inputA
Called postfire()
Checking for deadlock:
Called prefire()
There are 3 Blocked actors, 0 Stopped actors, and 4 active threads.
Called fire()
Waiting for actors to stop.
Checking for deadlock:
Read input token from inputA with value 8.0
There are 2 Blocked actors, 0 Stopped actors, and 4 active threads.
Waiting for actors to stop.
-- Thread wrapup() called.
Called wrapup()
Thread .top.Ramp is exiting.
-- Thread stopped.
Called prefire()
Sent output token with value 7.5
Checking for deadlock:
There are 1 Blocked actors, 0 Stopped actors, and 3 active threads.
Waiting for actors to stop.
Next port to read input from is inputB
Called postfire()
Called prefire()
Called fire()
Called fire()
Past the end of training data. Read and discard all inputs.
Checking for deadlock:
Read input token from inputB with value 9.0
There are 1 Blocked actors, 0 Stopped actors, and 3 active threads.
Waiting for actors to stop.
Called postfire()
Sent output token with value 8.0
Checking for deadlock:
There are 0 Blocked actors, 0 Stopped actors, and 3 active threads.
Next port to read input from is inputA
Called postfire()
Called prefire()
Called prefire()
Waiting for actors to stop.
Called fire()
Called fire()
Called prefire()
Called fire()
Past the end of training data. Read and discard all inputs.
Checking for deadlock:
There are 2 Blocked actors, 0 Stopped actors, and 3 active threads.
Read input token from inputA with value 9.0
Waiting for actors to stop.
Checking for deadlock:
There are 1 Blocked actors, 0 Stopped actors, and 3 active threads.
Waiting for actors to stop.
Sent output token with value 9.0
Called prefire()
Called fire()
Past the end of training data. Read and discard all inputs.
Next port to read input from is inputB
Called postfire()
Called prefire()
Checking for deadlock:
Called fire()
There are 2 Blocked actors, 0 Stopped actors, and 3 active threads.
Waiting for actors to stop.
Checking for deadlock:
There are 1 Blocked actors, 0 Stopped actors, and 3 active threads.
Waiting for actors to stop.
Read input token from inputB with value 10.5
Called postfire()
Called prefire()
Called fire()
Checking for deadlock:
There are 2 Blocked actors, 0 Stopped actors, and 3 active threads.
Waiting for actors to stop.
Called prefire()
Called fire()
Sent output token with value 9.0
Checking for deadlock:
There are 1 Blocked actors, 0 Stopped actors, and 3 active threads.
Waiting for actors to stop.
Next port to read input from is inputA
Called postfire()
Past the end of training data. Read and discard all inputs.
Checking for deadlock:
There are 2 Blocked actors, 0 Stopped actors, and 3 active threads.
Waiting for actors to stop.
Called prefire()
Called fire()
Checking for deadlock:
There are 3 Blocked actors, 0 Stopped actors, and 3 active threads.
Actors have stopped.
Checking for deadlock:
There are 3 Blocked actors, 0 Stopped actors, and 3 active threads.
Deadlock detected.
Resolving Deadlock
Checking for deadlock:
There are 3 Blocked actors, 0 Stopped actors, and 3 active threads.
Artificial Deadlock - increasing queue capacity.
increasing the capacity of receiver ptolemy.actor.TypedIOPort {.top.OrderedMerge.inputB} to 2
Director: Called postfire().
Called postfire().
_stopRequested = false
_stopFireRequested = false
Returning from postfire(): true
Called fire().
Checking for deadlock:
There are 2 Blocked actors, 0 Stopped actors, and 3 active threads.
Waiting for actors to stop.
-- Thread wrapup() called.
Called wrapup()
Thread .top.Ramp2 is exiting.
-- Thread stopped.
Checking for deadlock:
There are 2 Blocked actors, 0 Stopped actors, and 2 active threads.
Actors have stopped.
Checking for deadlock:
There are 2 Blocked actors, 0 Stopped actors, and 2 active threads.
Deadlock detected.
Resolving Deadlock
Checking for deadlock:
There are 2 Blocked actors, 0 Stopped actors, and 2 active threads.
Deadlock detected: no processes blocked on write, but some are blocked on read.
Called postfire().
_stopRequested = false
_stopFireRequested = false
Returning from postfire(): false
Finished deactivating branches.
Called wrapup().
-- Thread wrapup() called.
-- Thread wrapup() called.
Called wrapup()
Called wrapup()
Thread .top.OrderedMerge is exiting.
-- Thread stopped.
-- Blocked Receiver call threw TerminateProcessException.
Thread .top.Test is exiting.
-- Thread stopped.
-- Blocked Receiver call threw TerminateProcessException.
35 ms. Memory: 120832K Free: 104395K (86%)
/home/travis/build/icyphy/ptII/ptolemy/actor/lib/test/Publisher.tcl
14 ms. Memory: 120832K Free: 98401K (81%)
4 ms. Memory: 120832K Free: 92785K (77%)
5 ms. Memory: 120832K Free: 89199K (74%)
5 ms. Memory: 120832K Free: 88175K (73%)
5 ms. Memory: 120832K Free: 87665K (73%)
10 ms. Memory: 120832K Free: 86641K (72%)
3 ms. Memory: 120832K Free: 86113K (71%)
9 ms. Memory: 120832K Free: 85089K (70%)
32 ms. Memory: 145408K Free: 126050K (87%)
7 ms. Memory: 145408K Free: 122458K (84%)
3 ms. Memory: 145408K Free: 121440K (84%)
6 ms. Memory: 145408K Free: 119378K (82%)
7 ms. Memory: 145408K Free: 111714K (77%)
5 ms. Memory: 145408K Free: 102498K (70%)
6 ms. Memory: 145408K Free: 91234K (63%)
/home/travis/build/icyphy/ptII/ptolemy/actor/lib/test/Pulse.tcl
5 ms. Memory: 145408K Free: 103318K (71%)
9 ms. Memory: 145408K Free: 102808K (71%)
1 ms. Memory: 145408K Free: 102294K (70%)
2 ms. Memory: 145408K Free: 101784K (70%)
2 ms. Memory: 145408K Free: 101270K (70%)
10 ms. Memory: 145408K Free: 99736K (69%)
6 ms. Memory: 145408K Free: 98712K (68%)
6 ms. Memory: 145408K Free: 98192K (68%)
2 ms. Memory: 145408K Free: 97688K (67%)
/home/travis/build/icyphy/ptII/ptolemy/actor/lib/test/Ramp.tcl
5 ms. Memory: 145408K Free: 95640K (66%)
3 ms. Memory: 145408K Free: 94616K (65%)
3 ms. Memory: 145408K Free: 94096K (65%)
2 ms. Memory: 145408K Free: 93072K (64%)
6 ms. Memory: 145408K Free: 92568K (64%)
9 ms. Memory: 145408K Free: 91544K (63%)
8 ms. Memory: 145408K Free: 90520K (62%)
5 actors
6000 microseconds per iteration to create
13 ms. Memory: 145408K Free: 87928K (60%)
2 ms. Memory: 145408K Free: 87448K (60%)
4 ms. Memory: 145408K Free: 86934K (60%)
2 ms. Memory: 145408K Free: 85904K (59%)
50 actors
58000 microseconds per iteration to create
36 ms. Memory: 145408K Free: 70550K (49%)
5 ms. Memory: 145408K Free: 69526K (48%)
5 ms. Memory: 145408K Free: 68502K (47%)
5 ms. Memory: 145408K Free: 67478K (46%)
500 actors
1788000 microseconds per iteration to create
274 ms. Memory: 175104K Free: 126276K (72%)
42 ms. Memory: 175104K Free: 121156K (69%)
41 ms. Memory: 175104K Free: 115522K (66%)
36 ms. Memory: 175104K Free: 110402K (63%)
/home/travis/build/icyphy/ptII/ptolemy/actor/lib/test/RampContinuous.tcl
7 ms. Memory: 175104K Free: 108868K (62%)
/home/travis/build/icyphy/ptII/ptolemy/actor/lib/test/RecordAssembler.tcl
6 ms. Memory: 175104K Free: 107315K (61%)
4 ms. Memory: 175104K Free: 106291K (61%)
/home/travis/build/icyphy/ptII/ptolemy/actor/lib/test/RecordDisassembler.tcl
15 ms. Memory: 175104K Free: 104772K (60%)
2 ms. Memory: 175104K Free: 103748K (59%)
5 ms. Memory: 175104K Free: 102724K (59%)
/home/travis/build/icyphy/ptII/ptolemy/actor/lib/test/Scale.tcl
3 ms. Memory: 175104K Free: 100676K (57%)
2 ms. Memory: 175104K Free: 100147K (57%)
1 ms. Memory: 175104K Free: 99131K (57%)
2 ms. Memory: 175104K Free: 98628K (56%)
3 ms. Memory: 175104K Free: 97604K (56%)
/home/travis/build/icyphy/ptII/ptolemy/actor/lib/test/SequentialClock.tcl
preinitializing
resolving types
initializing
executing number 1
wrapping up
idle
3 ms. Memory: 175104K Free: 96580K (55%)
Completed execution with 5 iterations
preinitializing
resolving types
initializing
executing number 1
wrapping up
idle
2 ms. Memory: 175104K Free: 96066K (55%)
Completed execution with 5 iterations
preinitializing
resolving types
initializing
executing number 1
wrapping up
idle
1 ms. Memory: 175104K Free: 95556K (55%)
Completed execution with 5 iterations
/home/travis/build/icyphy/ptII/ptolemy/actor/lib/test/SetVariable.tcl
4 ms. Memory: 175104K Free: 93508K (53%)


==== $PTII/ptolemy/actor/lib/test/SetVariable.tcl: SetVariable-3.1 changeFailed
==== Contents of test case:

    #Uses 2.1 above
    jdkCaptureErr {
        # This test was failing if we ran Exit.tcl and then this test.
        # MessageHandler.error() now actually throws the Exception.
	catch {$setVariable changeFailed [java::null]  [java::new Exception {Test exception for SetVariable.changeFailed()}]} errMsg
    } results
    list [string range $results 0 89] "\n" $errMsg

==== Result was:
{java.lang.Exception: Test exception for SetVariable.changeFailed()
	at java.base/jdk.inter} {
} {java.lang.RuntimeException: java.lang.Exception: Test exception for SetVariable.changeFailed()}
---- Result should have been:
{Failed to set variable.
java.lang.Exception: Test exception for SetVariable.changeFailed()} {
} {java.lang.RuntimeException: java.lang.Exception: Test exception for SetVariable.changeFailed()}
---- SetVariable-3.1 FAILED
/home/travis/build/icyphy/ptII/ptolemy/actor/lib/test/Sinewave.tcl
/home/travis/build/icyphy/ptII/ptolemy/actor/lib/test/SubscriptionAggregator.tcl
4 ms. Memory: 175104K Free: 81220K (46%)
3 ms. Memory: 175104K Free: 80706K (46%)
1 ms. Memory: 175104K Free: 80196K (46%)
1 ms. Memory: 175104K Free: 79682K (46%)
2 ms. Memory: 175104K Free: 76610K (44%)
11 ms. Memory: 175104K Free: 74052K (42%)
...............................................................1150 ms. Memory: 261120K Free: 135232K (52%)
/home/travis/build/icyphy/ptII/ptolemy/actor/lib/test/Test.tcl
 The next command will produce a warning about training mode,
   which may be ignored.
5 ms. Memory: 261120K Free: 133186K (51%)
5 ms. Memory: 261120K Free: 132162K (51%)
1 ms. Memory: 261120K Free: 131642K (50%)
1 ms. Memory: 261120K Free: 131138K (50%)
3 ms. Memory: 261120K Free: 130624K (50%)
3 ms. Memory: 261120K Free: 129090K (49%)
3 ms. Memory: 261120K Free: 128066K (49%)
 The next command will produce a warning about training mode,
   which may be ignored.
3 ms. Memory: 261120K Free: 125498K (48%)
 The next command will produce a warning about training mode,
   which may be ignored.
3 ms. Memory: 261120K Free: 124480K (48%)
1 ms. Memory: 261120K Free: 123970K (47%)
1 ms. Memory: 261120K Free: 123442K (47%)
3 ms. Memory: 261120K Free: 122946K (47%)
7 ms. Memory: 261120K Free: 121922K (47%)
4 ms. Memory: 261120K Free: 118306K (45%)
/home/travis/build/icyphy/ptII/ptolemy/actor/lib/test/TestExceptionHandler.tcl
 The next command will produce a warning about training mode,
   which may be ignored.
3 ms. Memory: 261120K Free: 116802K (45%)
1 ms. Memory: 261120K Free: 116258K (45%)
1 ms. Memory: 261120K Free: 115778K (44%)
/home/travis/build/icyphy/ptII/ptolemy/actor/lib/test/UnionDisassembler.tcl
25 ms. Memory: 261120K Free: 108610K (42%)
/home/travis/build/icyphy/ptII/ptolemy/actor/lib/test/VariableClock.tcl
preinitializing
resolving types
initializing
executing number 1
wrapping up
idle
11 ms. Memory: 261120K Free: 106562K (41%)
Completed execution with 11 iterations
preinitializing
resolving types
initializing
executing number 1
wrapping up
idle
4 ms. Memory: 261120K Free: 105024K (40%)
Completed execution with 10 iterations
11/19/19 06:22:05
Failed: 1  Total Tests: 234  ((Passed: 233, Newly Passed: 0)  Known Failed: 0) /home/travis/build/icyphy/ptII/ptolemy/actor/lib/test
----------------- testing (KnownFailure) /home/travis/build/icyphy/ptII/ptolemy/actor/lib/test/auto/knownFailedTests/PublisherPortToplevelSubscriber.xml
0 ms. Memory: 261120K Free: 101952K (39%)
Known Failure: java.lang.reflect.InvocationTargetException
----------------- testing (KnownFailure) /home/travis/build/icyphy/ptII/ptolemy/actor/lib/test/auto/knownFailedTests/PublisherSubscriberPortToplevel.xml
1 ms. Memory: 261120K Free: 97856K (37%)
Known Failure: java.lang.reflect.InvocationTargetException
----------------- testing (KnownFailure) /home/travis/build/icyphy/ptII/ptolemy/actor/lib/test/auto/knownFailedTests/PublisherSubscriptionAggregatorPort.xml
1 ms. Memory: 261120K Free: 93760K (36%)
Known Failure: java.lang.reflect.InvocationTargetException
----------------- testing (KnownFailure) /home/travis/build/icyphy/ptII/ptolemy/actor/lib/test/auto/knownFailedTests/sizedarray3.xml
4 ms. Memory: 261120K Free: 88640K (34%)
Known Failure: java.lang.reflect.InvocationTargetException
No auto/linux-amd64/*.xml tests in /home/travis/build/icyphy/ptII/ptolemy/actor/lib/test
AutoTests.java: About to close Vertx.
AutoTests.java: Vertx closed.

===========================================================================================
----------------- testing Tue Nov 19 06:22:06 UTC 2019 /home/travis/build/icyphy/ptII/ptolemy/actor/lib/test/auto/AbsoluteValue.xml
----------------- Instantiating /home/travis/build/icyphy/ptII/ptolemy/actor/lib/test/auto/AbsoluteValue.xml
5 ms. Memory: 261120K Free: 204317K (78%)
----------------- Invoking toplevel() on ptolemy.moml.MoMLSimpleApplication@10c266ea
----------------- Done invoking toplevel() on ptolemy.moml.MoMLSimpleApplication@10c266ea
reloadAllAccessors: .AbsoluteValue

===========================================================================================
----------------- testing Tue Nov 19 06:22:06 UTC 2019 /home/travis/build/icyphy/ptII/ptolemy/actor/lib/test/auto/AbsoluteValue2.xml
----------------- Instantiating /home/travis/build/icyphy/ptII/ptolemy/actor/lib/test/auto/AbsoluteValue2.xml
5 ms. Memory: 261120K Free: 196125K (75%)
----------------- Invoking toplevel() on ptolemy.moml.MoMLSimpleApplication@334f6a2e
----------------- Done invoking toplevel() on ptolemy.moml.MoMLSimpleApplication@334f6a2e
reloadAllAccessors: .AbsoluteValue2

===========================================================================================
----------------- testing Tue Nov 19 06:22:06 UTC 2019 /home/travis/build/icyphy/ptII/ptolemy/actor/lib/test/auto/Accumulator.xml
----------------- Instantiating /home/travis/build/icyphy/ptII/ptolemy/actor/lib/test/auto/Accumulator.xml
5 ms. Memory: 261120K Free: 189471K (73%)
----------------- Invoking toplevel() on ptolemy.moml.MoMLSimpleApplication@39c29006
----------------- Done invoking toplevel() on ptolemy.moml.MoMLSimpleApplication@39c29006
reloadAllAccessors: .Accumulator

===========================================================================================
----------------- testing Tue Nov 19 06:22:06 UTC 2019 /home/travis/build/icyphy/ptII/ptolemy/actor/lib/test/auto/Accumulator2.xml
----------------- Instantiating /home/travis/build/icyphy/ptII/ptolemy/actor/lib/test/auto/Accumulator2.xml
3 ms. Memory: 261120K Free: 184351K (71%)
----------------- Invoking toplevel() on ptolemy.moml.MoMLSimpleApplication@6e30e435
----------------- Done invoking toplevel() on ptolemy.moml.MoMLSimpleApplication@6e30e435
reloadAllAccessors: .Accumulator2

===========================================================================================
----------------- testing Tue Nov 19 06:22:06 UTC 2019 /home/travis/build/icyphy/ptII/ptolemy/actor/lib/test/auto/Accumulator3.xml
----------------- Instantiating /home/travis/build/icyphy/ptII/ptolemy/actor/lib/test/auto/Accumulator3.xml
2 ms. Memory: 261120K Free: 179741K (69%)
----------------- Invoking toplevel() on ptolemy.moml.MoMLSimpleApplication@4c489c01
----------------- Done invoking toplevel() on ptolemy.moml.MoMLSimpleApplication@4c489c01
reloadAllAccessors: .Accumulator3

===========================================================================================
----------------- testing Tue Nov 19 06:22:06 UTC 2019 /home/travis/build/icyphy/ptII/ptolemy/actor/lib/test/auto/ArrayAppend.xml
----------------- Instantiating /home/travis/build/icyphy/ptII/ptolemy/actor/lib/test/auto/ArrayAppend.xml
4 ms. Memory: 261120K Free: 173582K (66%)
----------------- Invoking toplevel() on ptolemy.moml.MoMLSimpleApplication@5659acd8
----------------- Done invoking toplevel() on ptolemy.moml.MoMLSimpleApplication@5659acd8
reloadAllAccessors: .ArrayAppend

===========================================================================================
----------------- testing Tue Nov 19 06:22:06 UTC 2019 /home/travis/build/icyphy/ptII/ptolemy/actor/lib/test/auto/ArrayAppend2.xml
----------------- Instantiating /home/travis/build/icyphy/ptII/ptolemy/actor/lib/test/auto/ArrayAppend2.xml
366 ms. Memory: 261120K Free: 91167K (35%)
----------------- Invoking toplevel() on ptolemy.moml.MoMLSimpleApplication@62c6ef09
----------------- Done invoking toplevel() on ptolemy.moml.MoMLSimpleApplication@62c6ef09
reloadAllAccessors: .ArrayAppend2

===========================================================================================
----------------- testing Tue Nov 19 06:22:06 UTC 2019 /home/travis/build/icyphy/ptII/ptolemy/actor/lib/test/auto/ArrayAppend3.xml
----------------- Instantiating /home/travis/build/icyphy/ptII/ptolemy/actor/lib/test/auto/ArrayAppend3.xml
2 ms. Memory: 261120K Free: 85533K (33%)
----------------- Invoking toplevel() on ptolemy.moml.MoMLSimpleApplication@70742143
----------------- Done invoking toplevel() on ptolemy.moml.MoMLSimpleApplication@70742143
reloadAllAccessors: .ArrayAppend3

===========================================================================================
----------------- testing Tue Nov 19 06:22:06 UTC 2019 /home/travis/build/icyphy/ptII/ptolemy/actor/lib/test/auto/ArrayAppend4.xml
----------------- Instantiating /home/travis/build/icyphy/ptII/ptolemy/actor/lib/test/auto/ArrayAppend4.xml
2 ms. Memory: 261120K Free: 80413K (31%)
----------------- Invoking toplevel() on ptolemy.moml.MoMLSimpleApplication@4412bd74
----------------- Done invoking toplevel() on ptolemy.moml.MoMLSimpleApplication@4412bd74
reloadAllAccessors: .ArrayAppend4

===========================================================================================
----------------- testing Tue Nov 19 06:22:06 UTC 2019 /home/travis/build/icyphy/ptII/ptolemy/actor/lib/test/auto/ArrayAppend5.xml
----------------- Instantiating /home/travis/build/icyphy/ptII/ptolemy/actor/lib/test/auto/ArrayAppend5.xml
3 ms. Memory: 261120K Free: 212305K (81%)
----------------- Invoking toplevel() on ptolemy.moml.MoMLSimpleApplication@2e1e4fb7
----------------- Done invoking toplevel() on ptolemy.moml.MoMLSimpleApplication@2e1e4fb7
reloadAllAccessors: .ArrayAppend5

===========================================================================================
----------------- testing Tue Nov 19 06:22:06 UTC 2019 /home/travis/build/icyphy/ptII/ptolemy/actor/lib/test/auto/ArrayAppend6.xml
----------------- Instantiating /home/travis/build/icyphy/ptII/ptolemy/actor/lib/test/auto/ArrayAppend6.xml
7 ms. Memory: 261120K Free: 207185K (79%)
----------------- Invoking toplevel() on ptolemy.moml.MoMLSimpleApplication@15fbe14e
----------------- Done invoking toplevel() on ptolemy.moml.MoMLSimpleApplication@15fbe14e
reloadAllAccessors: .ArrayAppend6

===========================================================================================
----------------- testing Tue Nov 19 06:22:07 UTC 2019 /home/travis/build/icyphy/ptII/ptolemy/actor/lib/test/auto/ArrayAppendPerformanceTest.xml
----------------- Instantiating /home/travis/build/icyphy/ptII/ptolemy/actor/lib/test/auto/ArrayAppendPerformanceTest.xml
36 ms. Memory: 261120K Free: 195411K (75%)
----------------- Invoking toplevel() on ptolemy.moml.MoMLSimpleApplication@75f6378c
----------------- Done invoking toplevel() on ptolemy.moml.MoMLSimpleApplication@75f6378c
reloadAllAccessors: .ArrayAppendPerformanceTest

===========================================================================================
----------------- testing Tue Nov 19 06:22:07 UTC 2019 /home/travis/build/icyphy/ptII/ptolemy/actor/lib/test/auto/ArrayAppendWithEmptyInput.xml
----------------- Instantiating /home/travis/build/icyphy/ptII/ptolemy/actor/lib/test/auto/ArrayAppendWithEmptyInput.xml
15 ms. Memory: 261120K Free: 187219K (72%)
----------------- Invoking toplevel() on ptolemy.moml.MoMLSimpleApplication@6cebf844
----------------- Done invoking toplevel() on ptolemy.moml.MoMLSimpleApplication@6cebf844
reloadAllAccessors: .ArrayAppendWithEmptyInput

===========================================================================================
----------------- testing Tue Nov 19 06:22:07 UTC 2019 /home/travis/build/icyphy/ptII/ptolemy/actor/lib/test/auto/ArrayAverage.xml
----------------- Instantiating /home/travis/build/icyphy/ptII/ptolemy/actor/lib/test/auto/ArrayAverage.xml
8 ms. Memory: 261120K Free: 179537K (69%)
----------------- Invoking toplevel() on ptolemy.moml.MoMLSimpleApplication@12c8138e
----------------- Done invoking toplevel() on ptolemy.moml.MoMLSimpleApplication@12c8138e
reloadAllAccessors: .ArrayAverage

===========================================================================================
----------------- testing Tue Nov 19 06:22:07 UTC 2019 /home/travis/build/icyphy/ptII/ptolemy/actor/lib/test/auto/ArrayContains.xml
----------------- Instantiating /home/travis/build/icyphy/ptII/ptolemy/actor/lib/test/auto/ArrayContains.xml
4 ms. Memory: 261120K Free: 173393K (66%)
----------------- Invoking toplevel() on ptolemy.moml.MoMLSimpleApplication@3e88085b
----------------- Done invoking toplevel() on ptolemy.moml.MoMLSimpleApplication@3e88085b
reloadAllAccessors: .ArrayContains

===========================================================================================
----------------- testing Tue Nov 19 06:22:07 UTC 2019 /home/travis/build/icyphy/ptII/ptolemy/actor/lib/test/auto/ArrayElement.xml
----------------- Instantiating /home/travis/build/icyphy/ptII/ptolemy/actor/lib/test/auto/ArrayElement.xml
5 ms. Memory: 261120K Free: 168273K (64%)
----------------- Invoking toplevel() on ptolemy.moml.MoMLSimpleApplication@76456d07
----------------- Done invoking toplevel() on ptolemy.moml.MoMLSimpleApplication@76456d07
reloadAllAccessors: .ArrayElement

===========================================================================================
----------------- testing Tue Nov 19 06:22:07 UTC 2019 /home/travis/build/icyphy/ptII/ptolemy/actor/lib/test/auto/ArrayElementAsMatrix.xml
----------------- Instantiating /home/travis/build/icyphy/ptII/ptolemy/actor/lib/test/auto/ArrayElementAsMatrix.xml
23 ms. Memory: 261120K Free: 157523K (60%)
----------------- Invoking toplevel() on ptolemy.moml.MoMLSimpleApplication@11af1338
----------------- Done invoking toplevel() on ptolemy.moml.MoMLSimpleApplication@11af1338
reloadAllAccessors: .ArrayElementAsMatrix

===========================================================================================
----------------- testing Tue Nov 19 06:22:07 UTC 2019 /home/travis/build/icyphy/ptII/ptolemy/actor/lib/test/auto/ArrayElementI.xml
----------------- Instantiating /home/travis/build/icyphy/ptII/ptolemy/actor/lib/test/auto/ArrayElementI.xml
3 ms. Memory: 261120K Free: 152403K (58%)
----------------- Invoking toplevel() on ptolemy.moml.MoMLSimpleApplication@6959c90
----------------- Done invoking toplevel() on ptolemy.moml.MoMLSimpleApplication@6959c90
reloadAllAccessors: .ArrayElementI

===========================================================================================
----------------- testing Tue Nov 19 06:22:07 UTC 2019 /home/travis/build/icyphy/ptII/ptolemy/actor/lib/test/auto/ArrayExtract.xml
----------------- Instantiating /home/travis/build/icyphy/ptII/ptolemy/actor/lib/test/auto/ArrayExtract.xml
4 ms. Memory: 261120K Free: 144211K (55%)
----------------- Invoking toplevel() on ptolemy.moml.MoMLSimpleApplication@4c77172e
----------------- Done invoking toplevel() on ptolemy.moml.MoMLSimpleApplication@4c77172e
reloadAllAccessors: .ArrayExtract

===========================================================================================
----------------- testing Tue Nov 19 06:22:07 UTC 2019 /home/travis/build/icyphy/ptII/ptolemy/actor/lib/test/auto/ArrayExtract2.xml
----------------- Instantiating /home/travis/build/icyphy/ptII/ptolemy/actor/lib/test/auto/ArrayExtract2.xml
2 ms. Memory: 261120K Free: 138562K (53%)
----------------- Invoking toplevel() on ptolemy.moml.MoMLSimpleApplication@76816a5c
----------------- Done invoking toplevel() on ptolemy.moml.MoMLSimpleApplication@76816a5c
reloadAllAccessors: .ArrayExtract2

===========================================================================================
----------------- testing Tue Nov 19 06:22:07 UTC 2019 /home/travis/build/icyphy/ptII/ptolemy/actor/lib/test/auto/ArrayLength.xml
----------------- Instantiating /home/travis/build/icyphy/ptII/ptolemy/actor/lib/test/auto/ArrayLength.xml
1 ms. Memory: 261120K Free: 134995K (52%)
----------------- Invoking toplevel() on ptolemy.moml.MoMLSimpleApplication@6b1b15dd
----------------- Done invoking toplevel() on ptolemy.moml.MoMLSimpleApplication@6b1b15dd
reloadAllAccessors: .ArrayLength

===========================================================================================
----------------- testing Tue Nov 19 06:22:07 UTC 2019 /home/travis/build/icyphy/ptII/ptolemy/actor/lib/test/auto/ArrayLevelCrossing.xml
----------------- Instantiating /home/travis/build/icyphy/ptII/ptolemy/actor/lib/test/auto/ArrayLevelCrossing.xml
4 ms. Memory: 261120K Free: 126803K (49%)
----------------- Invoking toplevel() on ptolemy.moml.MoMLSimpleApplication@73adfe9
----------------- Done invoking toplevel() on ptolemy.moml.MoMLSimpleApplication@73adfe9
reloadAllAccessors: .ArrayLevelCrossing

===========================================================================================
----------------- testing Tue Nov 19 06:22:07 UTC 2019 /home/travis/build/icyphy/ptII/ptolemy/actor/lib/test/auto/ArrayLevelCrossing2.xml
----------------- Instantiating /home/travis/build/icyphy/ptII/ptolemy/actor/lib/test/auto/ArrayLevelCrossing2.xml
3 ms. Memory: 261120K Free: 119635K (46%)
----------------- Invoking toplevel() on ptolemy.moml.MoMLSimpleApplication@4c9336e6
----------------- Done invoking toplevel() on ptolemy.moml.MoMLSimpleApplication@4c9336e6
reloadAllAccessors: .ArrayLevelCrossing2

===========================================================================================
----------------- testing Tue Nov 19 06:22:07 UTC 2019 /home/travis/build/icyphy/ptII/ptolemy/actor/lib/test/auto/ArrayPeakSearch.xml
----------------- Instantiating /home/travis/build/icyphy/ptII/ptolemy/actor/lib/test/auto/ArrayPeakSearch.xml
7 ms. Memory: 261120K Free: 110419K (42%)
----------------- Invoking toplevel() on ptolemy.moml.MoMLSimpleApplication@1266c011
----------------- Done invoking toplevel() on ptolemy.moml.MoMLSimpleApplication@1266c011
reloadAllAccessors: .ArrayPeakSearch

===========================================================================================
----------------- testing Tue Nov 19 06:22:07 UTC 2019 /home/travis/build/icyphy/ptII/ptolemy/actor/lib/test/auto/ArrayPeakSearch2.xml
----------------- Instantiating /home/travis/build/icyphy/ptII/ptolemy/actor/lib/test/auto/ArrayPeakSearch2.xml
8 ms. Memory: 261120K Free: 100179K (38%)
----------------- Invoking toplevel() on ptolemy.moml.MoMLSimpleApplication@8ae982c
----------------- Done invoking toplevel() on ptolemy.moml.MoMLSimpleApplication@8ae982c
reloadAllAccessors: .ArrayPeakSearch2

===========================================================================================
----------------- testing Tue Nov 19 06:22:07 UTC 2019 /home/travis/build/icyphy/ptII/ptolemy/actor/lib/test/auto/ArrayPeakSearch3.xml
----------------- Instantiating /home/travis/build/icyphy/ptII/ptolemy/actor/lib/test/auto/ArrayPeakSearch3.xml
5 ms. Memory: 261120K Free: 90963K (35%)
----------------- Invoking toplevel() on ptolemy.moml.MoMLSimpleApplication@2042515c
----------------- Done invoking toplevel() on ptolemy.moml.MoMLSimpleApplication@2042515c
reloadAllAccessors: .ArrayPeakSearch3

===========================================================================================
----------------- testing Tue Nov 19 06:22:07 UTC 2019 /home/travis/build/icyphy/ptII/ptolemy/actor/lib/test/auto/ArrayRemoveElement.xml
----------------- Instantiating /home/travis/build/icyphy/ptII/ptolemy/actor/lib/test/auto/ArrayRemoveElement.xml
3 ms. Memory: 261120K Free: 83281K (32%)
----------------- Invoking toplevel() on ptolemy.moml.MoMLSimpleApplication@44269865
----------------- Done invoking toplevel() on ptolemy.moml.MoMLSimpleApplication@44269865
reloadAllAccessors: .ArrayRemoveElement

===========================================================================================
----------------- testing Tue Nov 19 06:22:07 UTC 2019 /home/travis/build/icyphy/ptII/ptolemy/actor/lib/test/auto/ArraySort.xml
----------------- Instantiating /home/travis/build/icyphy/ptII/ptolemy/actor/lib/test/auto/ArraySort.xml
7 ms. Memory: 261120K Free: 74065K (28%)
----------------- Invoking toplevel() on ptolemy.moml.MoMLSimpleApplication@252dad94
----------------- Done invoking toplevel() on ptolemy.moml.MoMLSimpleApplication@252dad94
reloadAllAccessors: .ArraySort

===========================================================================================
----------------- testing Tue Nov 19 06:22:07 UTC 2019 /home/travis/build/icyphy/ptII/ptolemy/actor/lib/test/auto/ArraySum.xml
----------------- Instantiating /home/travis/build/icyphy/ptII/ptolemy/actor/lib/test/auto/ArraySum.xml
5 ms. Memory: 261120K Free: 68945K (26%)
----------------- Invoking toplevel() on ptolemy.moml.MoMLSimpleApplication@340ca3f7
----------------- Done invoking toplevel() on ptolemy.moml.MoMLSimpleApplication@340ca3f7
reloadAllAccessors: .ArraySum

===========================================================================================
----------------- testing Tue Nov 19 06:22:07 UTC 2019 /home/travis/build/icyphy/ptII/ptolemy/actor/lib/test/auto/ArrayToElements.xml
----------------- Instantiating /home/travis/build/icyphy/ptII/ptolemy/actor/lib/test/auto/ArrayToElements.xml
9 ms. Memory: 261120K Free: 63315K (24%)
----------------- Invoking toplevel() on ptolemy.moml.MoMLSimpleApplication@29b9c7d4
----------------- Done invoking toplevel() on ptolemy.moml.MoMLSimpleApplication@29b9c7d4
reloadAllAccessors: .ArrayToElements

===========================================================================================
----------------- testing Tue Nov 19 06:22:07 UTC 2019 /home/travis/build/icyphy/ptII/ptolemy/actor/lib/test/auto/ArrayToMatrix.xml
----------------- Instantiating /home/travis/build/icyphy/ptII/ptolemy/actor/lib/test/auto/ArrayToMatrix.xml
18 ms. Memory: 458752K Free: 402375K (88%)
----------------- Invoking toplevel() on ptolemy.moml.MoMLSimpleApplication@1cc0324e
----------------- Done invoking toplevel() on ptolemy.moml.MoMLSimpleApplication@1cc0324e
reloadAllAccessors: .ArrayToMatrix

===========================================================================================
----------------- testing Tue Nov 19 06:22:07 UTC 2019 /home/travis/build/icyphy/ptII/ptolemy/actor/lib/test/auto/ArrayUpdate1.xml
----------------- Instantiating /home/travis/build/icyphy/ptII/ptolemy/actor/lib/test/auto/ArrayUpdate1.xml
5 ms. Memory: 458752K Free: 397255K (87%)
----------------- Invoking toplevel() on ptolemy.moml.MoMLSimpleApplication@4885f4b1
----------------- Done invoking toplevel() on ptolemy.moml.MoMLSimpleApplication@4885f4b1
reloadAllAccessors: .ArrayUpdate1

===========================================================================================
----------------- testing Tue Nov 19 06:22:07 UTC 2019 /home/travis/build/icyphy/ptII/ptolemy/actor/lib/test/auto/ArrayUpdate2.xml
----------------- Instantiating /home/travis/build/icyphy/ptII/ptolemy/actor/lib/test/auto/ArrayUpdate2.xml
8 ms. Memory: 458752K Free: 391111K (85%)
----------------- Invoking toplevel() on ptolemy.moml.MoMLSimpleApplication@51aa6ff5
----------------- Done invoking toplevel() on ptolemy.moml.MoMLSimpleApplication@51aa6ff5
reloadAllAccessors: .ArrayUpdate2

===========================================================================================
----------------- testing Tue Nov 19 06:22:07 UTC 2019 /home/travis/build/icyphy/ptII/ptolemy/actor/lib/test/auto/ArrayUpdate3.xml
----------------- Instantiating /home/travis/build/icyphy/ptII/ptolemy/actor/lib/test/auto/ArrayUpdate3.xml
11 ms. Memory: 458752K Free: 385991K (84%)
----------------- Invoking toplevel() on ptolemy.moml.MoMLSimpleApplication@6e9b50d6
----------------- Done invoking toplevel() on ptolemy.moml.MoMLSimpleApplication@6e9b50d6
reloadAllAccessors: .ArrayUpdate3

===========================================================================================
----------------- testing Tue Nov 19 06:22:07 UTC 2019 /home/travis/build/icyphy/ptII/ptolemy/actor/lib/test/auto/Assert1.xml
----------------- Instantiating /home/travis/build/icyphy/ptII/ptolemy/actor/lib/test/auto/Assert1.xml
10 ms. Memory: 458752K Free: 381895K (83%)
----------------- Invoking toplevel() on ptolemy.moml.MoMLSimpleApplication@662896c2
----------------- Done invoking toplevel() on ptolemy.moml.MoMLSimpleApplication@662896c2
reloadAllAccessors: .Assert1

===========================================================================================
----------------- testing Tue Nov 19 06:22:08 UTC 2019 /home/travis/build/icyphy/ptII/ptolemy/actor/lib/test/auto/Assert2.xml
----------------- Instantiating /home/travis/build/icyphy/ptII/ptolemy/actor/lib/test/auto/Assert2.xml
3 ms. Memory: 458752K Free: 376261K (82%)
----------------- Invoking toplevel() on ptolemy.moml.MoMLSimpleApplication@12913014
----------------- Done invoking toplevel() on ptolemy.moml.MoMLSimpleApplication@12913014
reloadAllAccessors: .Assert2

===========================================================================================
----------------- testing Tue Nov 19 06:22:08 UTC 2019 /home/travis/build/icyphy/ptII/ptolemy/actor/lib/test/auto/BooleanMultiplexor.xml
----------------- Instantiating /home/travis/build/icyphy/ptII/ptolemy/actor/lib/test/auto/BooleanMultiplexor.xml
3 ms. Memory: 458752K Free: 371111K (81%)
----------------- Invoking toplevel() on ptolemy.moml.MoMLSimpleApplication@b049a40
----------------- Done invoking toplevel() on ptolemy.moml.MoMLSimpleApplication@b049a40
reloadAllAccessors: .BooleanMultiplexor

===========================================================================================
----------------- testing Tue Nov 19 06:22:08 UTC 2019 /home/travis/build/icyphy/ptII/ptolemy/actor/lib/test/auto/BooleanMultiplexor2.xml
----------------- Instantiating /home/travis/build/icyphy/ptII/ptolemy/actor/lib/test/auto/BooleanMultiplexor2.xml
12 ms. Memory: 458752K Free: 364487K (79%)
----------------- Invoking toplevel() on ptolemy.moml.MoMLSimpleApplication@53941dbd
----------------- Done invoking toplevel() on ptolemy.moml.MoMLSimpleApplication@53941dbd
reloadAllAccessors: .BooleanMultiplexor2

===========================================================================================
----------------- testing Tue Nov 19 06:22:08 UTC 2019 /home/travis/build/icyphy/ptII/ptolemy/actor/lib/test/auto/BooleanMultiplexor3.xml
----------------- Instantiating /home/travis/build/icyphy/ptII/ptolemy/actor/lib/test/auto/BooleanMultiplexor3.xml
1 ms. Memory: 458752K Free: 360391K (79%)
----------------- Invoking toplevel() on ptolemy.moml.MoMLSimpleApplication@2b470121
----------------- Done invoking toplevel() on ptolemy.moml.MoMLSimpleApplication@2b470121
reloadAllAccessors: .BooleanMultiplexor3

===========================================================================================
----------------- testing Tue Nov 19 06:22:08 UTC 2019 /home/travis/build/icyphy/ptII/ptolemy/actor/lib/test/auto/BooleanSelect.xml
----------------- Instantiating /home/travis/build/icyphy/ptII/ptolemy/actor/lib/test/auto/BooleanSelect.xml
13 ms. Memory: 458752K Free: 354743K (77%)
----------------- Invoking toplevel() on ptolemy.moml.MoMLSimpleApplication@2433083b
----------------- Done invoking toplevel() on ptolemy.moml.MoMLSimpleApplication@2433083b
reloadAllAccessors: .BooleanSelect

===========================================================================================
----------------- testing Tue Nov 19 06:22:08 UTC 2019 /home/travis/build/icyphy/ptII/ptolemy/actor/lib/test/auto/BooleanSelect2.xml
----------------- Instantiating /home/travis/build/icyphy/ptII/ptolemy/actor/lib/test/auto/BooleanSelect2.xml
2 ms. Memory: 458752K Free: 350151K (76%)
----------------- Invoking toplevel() on ptolemy.moml.MoMLSimpleApplication@701a329
----------------- Done invoking toplevel() on ptolemy.moml.MoMLSimpleApplication@701a329
reloadAllAccessors: .BooleanSelect2

===========================================================================================
----------------- testing Tue Nov 19 06:22:08 UTC 2019 /home/travis/build/icyphy/ptII/ptolemy/actor/lib/test/auto/BooleanSwitch.xml
----------------- Instantiating /home/travis/build/icyphy/ptII/ptolemy/actor/lib/test/auto/BooleanSwitch.xml
7 ms. Memory: 458752K Free: 344517K (75%)
----------------- Invoking toplevel() on ptolemy.moml.MoMLSimpleApplication@1553a399
----------------- Done invoking toplevel() on ptolemy.moml.MoMLSimpleApplication@1553a399
reloadAllAccessors: .BooleanSwitch

===========================================================================================
----------------- testing Tue Nov 19 06:22:08 UTC 2019 /home/travis/build/icyphy/ptII/ptolemy/actor/lib/test/auto/BooleanSwitch2.xml
----------------- Instantiating /home/travis/build/icyphy/ptII/ptolemy/actor/lib/test/auto/BooleanSwitch2.xml
2 ms. Memory: 458752K Free: 339397K (74%)
----------------- Invoking toplevel() on ptolemy.moml.MoMLSimpleApplication@244e0e8b
----------------- Done invoking toplevel() on ptolemy.moml.MoMLSimpleApplication@244e0e8b
reloadAllAccessors: .BooleanSwitch2

===========================================================================================
----------------- testing Tue Nov 19 06:22:08 UTC 2019 /home/travis/build/icyphy/ptII/ptolemy/actor/lib/test/auto/BooleanSwitchCloningBugWithClassRelationGroup.xml
----------------- Instantiating /home/travis/build/icyphy/ptII/ptolemy/actor/lib/test/auto/BooleanSwitchCloningBugWithClassRelationGroup.xml
3 ms. Memory: 458752K Free: 333253K (73%)
----------------- Invoking toplevel() on ptolemy.moml.MoMLSimpleApplication@752793d6
----------------- Done invoking toplevel() on ptolemy.moml.MoMLSimpleApplication@752793d6
reloadAllAccessors: .BooleanSwitchCloningBugWithClassRelationGroup

===========================================================================================
----------------- testing Tue Nov 19 06:22:08 UTC 2019 /home/travis/build/icyphy/ptII/ptolemy/actor/lib/test/auto/BusActors.xml
----------------- Instantiating /home/travis/build/icyphy/ptII/ptolemy/actor/lib/test/auto/BusActors.xml
6 ms. Memory: 458752K Free: 325061K (71%)
----------------- Invoking toplevel() on ptolemy.moml.MoMLSimpleApplication@384fb397
----------------- Done invoking toplevel() on ptolemy.moml.MoMLSimpleApplication@384fb397
reloadAllAccessors: .BusActors

===========================================================================================
----------------- testing Tue Nov 19 06:22:08 UTC 2019 /home/travis/build/icyphy/ptII/ptolemy/actor/lib/test/auto/ClassWrapper.xml
----------------- Instantiating /home/travis/build/icyphy/ptII/ptolemy/actor/lib/test/auto/ClassWrapper.xml
3 ms. Memory: 458752K Free: 320965K (70%)
----------------- Invoking toplevel() on ptolemy.moml.MoMLSimpleApplication@71de35f
----------------- Done invoking toplevel() on ptolemy.moml.MoMLSimpleApplication@71de35f
reloadAllAccessors: .ClassWrapper

===========================================================================================
----------------- testing Tue Nov 19 06:22:08 UTC 2019 /home/travis/build/icyphy/ptII/ptolemy/actor/lib/test/auto/Clock.xml
----------------- Instantiating /home/travis/build/icyphy/ptII/ptolemy/actor/lib/test/auto/Clock.xml
2 ms. Memory: 458752K Free: 316869K (69%)
----------------- Invoking toplevel() on ptolemy.moml.MoMLSimpleApplication@acc6aa0
----------------- Done invoking toplevel() on ptolemy.moml.MoMLSimpleApplication@acc6aa0
reloadAllAccessors: .Clock

===========================================================================================
----------------- testing Tue Nov 19 06:22:08 UTC 2019 /home/travis/build/icyphy/ptII/ptolemy/actor/lib/test/auto/Clock10.xml
----------------- Instantiating /home/travis/build/icyphy/ptII/ptolemy/actor/lib/test/auto/Clock10.xml
5 ms. Memory: 458752K Free: 311239K (68%)
----------------- Invoking toplevel() on ptolemy.moml.MoMLSimpleApplication@3d186107
----------------- Done invoking toplevel() on ptolemy.moml.MoMLSimpleApplication@3d186107
reloadAllAccessors: .Clock10

===========================================================================================
----------------- testing Tue Nov 19 06:22:08 UTC 2019 /home/travis/build/icyphy/ptII/ptolemy/actor/lib/test/auto/Clock11.xml
----------------- Instantiating /home/travis/build/icyphy/ptII/ptolemy/actor/lib/test/auto/Clock11.xml
4 ms. Memory: 458752K Free: 305095K (67%)
----------------- Invoking toplevel() on ptolemy.moml.MoMLSimpleApplication@3310083b
----------------- Done invoking toplevel() on ptolemy.moml.MoMLSimpleApplication@3310083b
reloadAllAccessors: .Clock11

===========================================================================================
----------------- testing Tue Nov 19 06:22:08 UTC 2019 /home/travis/build/icyphy/ptII/ptolemy/actor/lib/test/auto/Clock12.xml
----------------- Instantiating /home/travis/build/icyphy/ptII/ptolemy/actor/lib/test/auto/Clock12.xml
4 ms. Memory: 458752K Free: 299461K (65%)
----------------- Invoking toplevel() on ptolemy.moml.MoMLSimpleApplication@76cef705
----------------- Done invoking toplevel() on ptolemy.moml.MoMLSimpleApplication@76cef705
reloadAllAccessors: .Clock12

===========================================================================================
----------------- testing Tue Nov 19 06:22:08 UTC 2019 /home/travis/build/icyphy/ptII/ptolemy/actor/lib/test/auto/Clock13.xml
----------------- Instantiating /home/travis/build/icyphy/ptII/ptolemy/actor/lib/test/auto/Clock13.xml
4 ms. Memory: 458752K Free: 293311K (64%)
----------------- Invoking toplevel() on ptolemy.moml.MoMLSimpleApplication@23879281
----------------- Done invoking toplevel() on ptolemy.moml.MoMLSimpleApplication@23879281
reloadAllAccessors: .Clock13

===========================================================================================
----------------- testing Tue Nov 19 06:22:08 UTC 2019 /home/travis/build/icyphy/ptII/ptolemy/actor/lib/test/auto/Clock14.xml
----------------- Instantiating /home/travis/build/icyphy/ptII/ptolemy/actor/lib/test/auto/Clock14.xml
4 ms. Memory: 458752K Free: 287687K (63%)
----------------- Invoking toplevel() on ptolemy.moml.MoMLSimpleApplication@62a28d87
----------------- Done invoking toplevel() on ptolemy.moml.MoMLSimpleApplication@62a28d87
reloadAllAccessors: .Clock14

===========================================================================================
----------------- testing Tue Nov 19 06:22:08 UTC 2019 /home/travis/build/icyphy/ptII/ptolemy/actor/lib/test/auto/Clock15.xml
----------------- Instantiating /home/travis/build/icyphy/ptII/ptolemy/actor/lib/test/auto/Clock15.xml
5 ms. Memory: 458752K Free: 281543K (61%)
----------------- Invoking toplevel() on ptolemy.moml.MoMLSimpleApplication@1e9df63c
----------------- Done invoking toplevel() on ptolemy.moml.MoMLSimpleApplication@1e9df63c
reloadAllAccessors: .Clock15

===========================================================================================
----------------- testing Tue Nov 19 06:22:08 UTC 2019 /home/travis/build/icyphy/ptII/ptolemy/actor/lib/test/auto/Clock16.xml
----------------- Instantiating /home/travis/build/icyphy/ptII/ptolemy/actor/lib/test/auto/Clock16.xml
42 ms. Memory: 458752K Free: 266687K (58%)
----------------- Invoking toplevel() on ptolemy.moml.MoMLSimpleApplication@13aaf196
----------------- Done invoking toplevel() on ptolemy.moml.MoMLSimpleApplication@13aaf196
reloadAllAccessors: .Clock16

===========================================================================================
----------------- testing Tue Nov 19 06:22:08 UTC 2019 /home/travis/build/icyphy/ptII/ptolemy/actor/lib/test/auto/Clock17.xml
----------------- Instantiating /home/travis/build/icyphy/ptII/ptolemy/actor/lib/test/auto/Clock17.xml
18 ms. Memory: 458752K Free: 252871K (55%)
----------------- Invoking toplevel() on ptolemy.moml.MoMLSimpleApplication@2c7d2798
----------------- Done invoking toplevel() on ptolemy.moml.MoMLSimpleApplication@2c7d2798
reloadAllAccessors: .Clock17

===========================================================================================
----------------- testing Tue Nov 19 06:22:08 UTC 2019 /home/travis/build/icyphy/ptII/ptolemy/actor/lib/test/auto/Clock18.xml
----------------- Instantiating /home/travis/build/icyphy/ptII/ptolemy/actor/lib/test/auto/Clock18.xml
25 ms. Memory: 458752K Free: 239559K (52%)
----------------- Invoking toplevel() on ptolemy.moml.MoMLSimpleApplication@6acbbdbb
----------------- Done invoking toplevel() on ptolemy.moml.MoMLSimpleApplication@6acbbdbb
reloadAllAccessors: .Clock18

===========================================================================================
----------------- testing Tue Nov 19 06:22:08 UTC 2019 /home/travis/build/icyphy/ptII/ptolemy/actor/lib/test/auto/Clock19.xml
----------------- Instantiating /home/travis/build/icyphy/ptII/ptolemy/actor/lib/test/auto/Clock19.xml
13 ms. Memory: 458752K Free: 226743K (49%)
----------------- Invoking toplevel() on ptolemy.moml.MoMLSimpleApplication@222e8a75
----------------- Done invoking toplevel() on ptolemy.moml.MoMLSimpleApplication@222e8a75
reloadAllAccessors: .Clock19

===========================================================================================
----------------- testing Tue Nov 19 06:22:08 UTC 2019 /home/travis/build/icyphy/ptII/ptolemy/actor/lib/test/auto/Clock2.xml
----------------- Instantiating /home/travis/build/icyphy/ptII/ptolemy/actor/lib/test/auto/Clock2.xml
5 ms. Memory: 458752K Free: 222151K (48%)
----------------- Invoking toplevel() on ptolemy.moml.MoMLSimpleApplication@4df8fec7
----------------- Done invoking toplevel() on ptolemy.moml.MoMLSimpleApplication@4df8fec7
reloadAllAccessors: .Clock2

===========================================================================================
----------------- testing Tue Nov 19 06:22:08 UTC 2019 /home/travis/build/icyphy/ptII/ptolemy/actor/lib/test/auto/Clock20.xml
----------------- Instantiating /home/travis/build/icyphy/ptII/ptolemy/actor/lib/test/auto/Clock20.xml
7 ms. Memory: 458752K Free: 217031K (47%)
----------------- Invoking toplevel() on ptolemy.moml.MoMLSimpleApplication@1a7c8fca
----------------- Done invoking toplevel() on ptolemy.moml.MoMLSimpleApplication@1a7c8fca
reloadAllAccessors: .Clock20

===========================================================================================
----------------- testing Tue Nov 19 06:22:08 UTC 2019 /home/travis/build/icyphy/ptII/ptolemy/actor/lib/test/auto/Clock21.xml
----------------- Instantiating /home/travis/build/icyphy/ptII/ptolemy/actor/lib/test/auto/Clock21.xml
5 ms. Memory: 458752K Free: 211397K (46%)
----------------- Invoking toplevel() on ptolemy.moml.MoMLSimpleApplication@41bafe28
----------------- Done invoking toplevel() on ptolemy.moml.MoMLSimpleApplication@41bafe28
reloadAllAccessors: .Clock21

===========================================================================================
----------------- testing Tue Nov 19 06:22:08 UTC 2019 /home/travis/build/icyphy/ptII/ptolemy/actor/lib/test/auto/Clock22.xml
----------------- Instantiating /home/travis/build/icyphy/ptII/ptolemy/actor/lib/test/auto/Clock22.xml
5 ms. Memory: 458752K Free: 205767K (45%)
----------------- Invoking toplevel() on ptolemy.moml.MoMLSimpleApplication@361cc032
----------------- Done invoking toplevel() on ptolemy.moml.MoMLSimpleApplication@361cc032
reloadAllAccessors: .Clock22

===========================================================================================
----------------- testing Tue Nov 19 06:22:08 UTC 2019 /home/travis/build/icyphy/ptII/ptolemy/actor/lib/test/auto/Clock23.xml
----------------- Instantiating /home/travis/build/icyphy/ptII/ptolemy/actor/lib/test/auto/Clock23.xml
5 ms. Memory: 458752K Free: 200647K (44%)
----------------- Invoking toplevel() on ptolemy.moml.MoMLSimpleApplication@4bbdef2c
----------------- Done invoking toplevel() on ptolemy.moml.MoMLSimpleApplication@4bbdef2c
reloadAllAccessors: .Clock23

===========================================================================================
----------------- testing Tue Nov 19 06:22:08 UTC 2019 /home/travis/build/icyphy/ptII/ptolemy/actor/lib/test/auto/Clock24.xml
----------------- Instantiating /home/travis/build/icyphy/ptII/ptolemy/actor/lib/test/auto/Clock24.xml
5 ms. Memory: 458752K Free: 195013K (43%)
----------------- Invoking toplevel() on ptolemy.moml.MoMLSimpleApplication@5e9a9513
----------------- Done invoking toplevel() on ptolemy.moml.MoMLSimpleApplication@5e9a9513
reloadAllAccessors: .Clock24

===========================================================================================
----------------- testing Tue Nov 19 06:22:08 UTC 2019 /home/travis/build/icyphy/ptII/ptolemy/actor/lib/test/auto/Clock4.xml
----------------- Instantiating /home/travis/build/icyphy/ptII/ptolemy/actor/lib/test/auto/Clock4.xml
1 ms. Memory: 458752K Free: 409336K (89%)
----------------- Invoking toplevel() on ptolemy.moml.MoMLSimpleApplication@71b1ebfc
----------------- Done invoking toplevel() on ptolemy.moml.MoMLSimpleApplication@71b1ebfc
reloadAllAccessors: .Clock4

===========================================================================================
----------------- testing Tue Nov 19 06:22:09 UTC 2019 /home/travis/build/icyphy/ptII/ptolemy/actor/lib/test/auto/Clock5.xml
----------------- Instantiating /home/travis/build/icyphy/ptII/ptolemy/actor/lib/test/auto/Clock5.xml
2 ms. Memory: 458752K Free: 403706K (88%)
----------------- Invoking toplevel() on ptolemy.moml.MoMLSimpleApplication@74e548f
----------------- Done invoking toplevel() on ptolemy.moml.MoMLSimpleApplication@74e548f
reloadAllAccessors: .Clock5

===========================================================================================
----------------- testing Tue Nov 19 06:22:09 UTC 2019 /home/travis/build/icyphy/ptII/ptolemy/actor/lib/test/auto/Clock6.xml
----------------- Instantiating /home/travis/build/icyphy/ptII/ptolemy/actor/lib/test/auto/Clock6.xml
1 ms. Memory: 458752K Free: 399096K (87%)
----------------- Invoking toplevel() on ptolemy.moml.MoMLSimpleApplication@5c1f6fc8
----------------- Done invoking toplevel() on ptolemy.moml.MoMLSimpleApplication@5c1f6fc8
reloadAllAccessors: .Clock6

===========================================================================================
----------------- testing Tue Nov 19 06:22:09 UTC 2019 /home/travis/build/icyphy/ptII/ptolemy/actor/lib/test/auto/Clock7.xml
----------------- Instantiating /home/travis/build/icyphy/ptII/ptolemy/actor/lib/test/auto/Clock7.xml
1 ms. Memory: 458752K Free: 395000K (86%)
----------------- Invoking toplevel() on ptolemy.moml.MoMLSimpleApplication@3ba15713
----------------- Done invoking toplevel() on ptolemy.moml.MoMLSimpleApplication@3ba15713
reloadAllAccessors: .Clock7

===========================================================================================
----------------- testing Tue Nov 19 06:22:09 UTC 2019 /home/travis/build/icyphy/ptII/ptolemy/actor/lib/test/auto/Clock8.xml
----------------- Instantiating /home/travis/build/icyphy/ptII/ptolemy/actor/lib/test/auto/Clock8.xml
5 ms. Memory: 458752K Free: 389370K (85%)
----------------- Invoking toplevel() on ptolemy.moml.MoMLSimpleApplication@487367cd
----------------- Done invoking toplevel() on ptolemy.moml.MoMLSimpleApplication@487367cd
reloadAllAccessors: .Clock8

===========================================================================================
----------------- testing Tue Nov 19 06:22:09 UTC 2019 /home/travis/build/icyphy/ptII/ptolemy/actor/lib/test/auto/Clock9.xml
----------------- Instantiating /home/travis/build/icyphy/ptII/ptolemy/actor/lib/test/auto/Clock9.xml
3 ms. Memory: 458752K Free: 384250K (84%)
----------------- Invoking toplevel() on ptolemy.moml.MoMLSimpleApplication@3be4a834
----------------- Done invoking toplevel() on ptolemy.moml.MoMLSimpleApplication@3be4a834
reloadAllAccessors: .Clock9

===========================================================================================
----------------- testing Tue Nov 19 06:22:09 UTC 2019 /home/travis/build/icyphy/ptII/ptolemy/actor/lib/test/auto/CommDistDiscard.xml
----------------- Instantiating /home/travis/build/icyphy/ptII/ptolemy/actor/lib/test/auto/CommDistDiscard.xml
2 ms. Memory: 458752K Free: 378616K (83%)
----------------- Invoking toplevel() on ptolemy.moml.MoMLSimpleApplication@7d40fb85
----------------- Done invoking toplevel() on ptolemy.moml.MoMLSimpleApplication@7d40fb85
reloadAllAccessors: .CommDistDiscard

===========================================================================================
----------------- testing Tue Nov 19 06:22:09 UTC 2019 /home/travis/build/icyphy/ptII/ptolemy/actor/lib/test/auto/Commutator.xml
----------------- Instantiating /home/travis/build/icyphy/ptII/ptolemy/actor/lib/test/auto/Commutator.xml
1 ms. Memory: 458752K Free: 374010K (82%)
----------------- Invoking toplevel() on ptolemy.moml.MoMLSimpleApplication@3584370e
----------------- Done invoking toplevel() on ptolemy.moml.MoMLSimpleApplication@3584370e
reloadAllAccessors: .Commutator

===========================================================================================
----------------- testing Tue Nov 19 06:22:09 UTC 2019 /home/travis/build/icyphy/ptII/ptolemy/actor/lib/test/auto/Commutator2.xml
----------------- Instantiating /home/travis/build/icyphy/ptII/ptolemy/actor/lib/test/auto/Commutator2.xml
1 ms. Memory: 458752K Free: 369914K (81%)
----------------- Invoking toplevel() on ptolemy.moml.MoMLSimpleApplication@643db64d
----------------- Done invoking toplevel() on ptolemy.moml.MoMLSimpleApplication@643db64d
reloadAllAccessors: .Commutator2

===========================================================================================
----------------- testing Tue Nov 19 06:22:09 UTC 2019 /home/travis/build/icyphy/ptII/ptolemy/actor/lib/test/auto/Commutator3.xml
----------------- Instantiating /home/travis/build/icyphy/ptII/ptolemy/actor/lib/test/auto/Commutator3.xml
2 ms. Memory: 458752K Free: 365304K (80%)
----------------- Invoking toplevel() on ptolemy.moml.MoMLSimpleApplication@6d48f81c
----------------- Done invoking toplevel() on ptolemy.moml.MoMLSimpleApplication@6d48f81c
reloadAllAccessors: .Commutator3

===========================================================================================
----------------- testing Tue Nov 19 06:22:09 UTC 2019 /home/travis/build/icyphy/ptII/ptolemy/actor/lib/test/auto/Compare.xml
----------------- Instantiating /home/travis/build/icyphy/ptII/ptolemy/actor/lib/test/auto/Compare.xml
2 ms. Memory: 458752K Free: 359160K (78%)
----------------- Invoking toplevel() on ptolemy.moml.MoMLSimpleApplication@19b32c6a
----------------- Done invoking toplevel() on ptolemy.moml.MoMLSimpleApplication@19b32c6a
reloadAllAccessors: .Compare

===========================================================================================
----------------- testing Tue Nov 19 06:22:09 UTC 2019 /home/travis/build/icyphy/ptII/ptolemy/actor/lib/test/auto/CompareDE.xml
----------------- Instantiating /home/travis/build/icyphy/ptII/ptolemy/actor/lib/test/auto/CompareDE.xml
5 ms. Memory: 458752K Free: 351978K (77%)
----------------- Invoking toplevel() on ptolemy.moml.MoMLSimpleApplication@411e066d
----------------- Done invoking toplevel() on ptolemy.moml.MoMLSimpleApplication@411e066d
reloadAllAccessors: .CompareDE

===========================================================================================
----------------- testing Tue Nov 19 06:22:09 UTC 2019 /home/travis/build/icyphy/ptII/ptolemy/actor/lib/test/auto/ComplexDivide.xml
----------------- Instantiating /home/travis/build/icyphy/ptII/ptolemy/actor/lib/test/auto/ComplexDivide.xml
2 ms. Memory: 458752K Free: 347896K (76%)
----------------- Invoking toplevel() on ptolemy.moml.MoMLSimpleApplication@7f65b7c2
----------------- Done invoking toplevel() on ptolemy.moml.MoMLSimpleApplication@7f65b7c2
reloadAllAccessors: .ComplexDivide

===========================================================================================
----------------- testing Tue Nov 19 06:22:09 UTC 2019 /home/travis/build/icyphy/ptII/ptolemy/actor/lib/test/auto/ComputeHistogram.xml
----------------- Instantiating /home/travis/build/icyphy/ptII/ptolemy/actor/lib/test/auto/ComputeHistogram.xml
34 ms. Memory: 458752K Free: 335608K (73%)
----------------- Invoking toplevel() on ptolemy.moml.MoMLSimpleApplication@53d73fe5
----------------- Done invoking toplevel() on ptolemy.moml.MoMLSimpleApplication@53d73fe5
reloadAllAccessors: .ComputeHistogram

===========================================================================================
----------------- testing Tue Nov 19 06:22:09 UTC 2019 /home/travis/build/icyphy/ptII/ptolemy/actor/lib/test/auto/ConfigurationSelect.xml
----------------- Instantiating /home/travis/build/icyphy/ptII/ptolemy/actor/lib/test/auto/ConfigurationSelect.xml
9 ms. Memory: 458752K Free: 329978K (72%)
----------------- Invoking toplevel() on ptolemy.moml.MoMLSimpleApplication@7928f574
----------------- Done invoking toplevel() on ptolemy.moml.MoMLSimpleApplication@7928f574
reloadAllAccessors: .ConfigurationSelect

===========================================================================================
----------------- testing Tue Nov 19 06:22:09 UTC 2019 /home/travis/build/icyphy/ptII/ptolemy/actor/lib/test/auto/ConfigurationSelect2.xml
----------------- Instantiating /home/travis/build/icyphy/ptII/ptolemy/actor/lib/test/auto/ConfigurationSelect2.xml
2 ms. Memory: 458752K Free: 325368K (71%)
----------------- Invoking toplevel() on ptolemy.moml.MoMLSimpleApplication@224f6725
----------------- Done invoking toplevel() on ptolemy.moml.MoMLSimpleApplication@224f6725
reloadAllAccessors: .ConfigurationSelect2

===========================================================================================
----------------- testing Tue Nov 19 06:22:09 UTC 2019 /home/travis/build/icyphy/ptII/ptolemy/actor/lib/test/auto/ConfigurationSwitch.xml
----------------- Instantiating /home/travis/build/icyphy/ptII/ptolemy/actor/lib/test/auto/ConfigurationSwitch.xml
2 ms. Memory: 458752K Free: 320248K (70%)
----------------- Invoking toplevel() on ptolemy.moml.MoMLSimpleApplication@6c8e4c2e
----------------- Done invoking toplevel() on ptolemy.moml.MoMLSimpleApplication@6c8e4c2e
reloadAllAccessors: .ConfigurationSwitch

===========================================================================================
----------------- testing Tue Nov 19 06:22:09 UTC 2019 /home/travis/build/icyphy/ptII/ptolemy/actor/lib/test/auto/ConfigurationSwitch2.xml
----------------- Instantiating /home/travis/build/icyphy/ptII/ptolemy/actor/lib/test/auto/ConfigurationSwitch2.xml
3 ms. Memory: 458752K Free: 314618K (69%)
----------------- Invoking toplevel() on ptolemy.moml.MoMLSimpleApplication@53e6a39a
----------------- Done invoking toplevel() on ptolemy.moml.MoMLSimpleApplication@53e6a39a
reloadAllAccessors: .ConfigurationSwitch2

===========================================================================================
----------------- testing Tue Nov 19 06:22:09 UTC 2019 /home/travis/build/icyphy/ptII/ptolemy/actor/lib/test/auto/ConfigurationSwitchCloningBugWithClassRelationGroup.xml
----------------- Instantiating /home/travis/build/icyphy/ptII/ptolemy/actor/lib/test/auto/ConfigurationSwitchCloningBugWithClassRelationGroup.xml
1 ms. Memory: 458752K Free: 308474K (67%)
----------------- Invoking toplevel() on ptolemy.moml.MoMLSimpleApplication@4570b84f
----------------- Done invoking toplevel() on ptolemy.moml.MoMLSimpleApplication@4570b84f
reloadAllAccessors: .ConfigurationSwitchCloningBugWithClassRelationGroup

===========================================================================================
----------------- testing Tue Nov 19 06:22:09 UTC 2019 /home/travis/build/icyphy/ptII/ptolemy/actor/lib/test/auto/ConfigurationSwitchSelectSDF.xml
----------------- Instantiating /home/travis/build/icyphy/ptII/ptolemy/actor/lib/test/auto/ConfigurationSwitchSelectSDF.xml
2 ms. Memory: 458752K Free: 302840K (66%)
----------------- Invoking toplevel() on ptolemy.moml.MoMLSimpleApplication@45a59b48
----------------- Done invoking toplevel() on ptolemy.moml.MoMLSimpleApplication@45a59b48
reloadAllAccessors: .ConfigurationSwitchSelectSDF

===========================================================================================
----------------- testing Tue Nov 19 06:22:09 UTC 2019 /home/travis/build/icyphy/ptII/ptolemy/actor/lib/test/auto/ConfigurationSwitchSelectSDF2.xml
----------------- Instantiating /home/travis/build/icyphy/ptII/ptolemy/actor/lib/test/auto/ConfigurationSwitchSelectSDF2.xml
2 ms. Memory: 458752K Free: 296696K (65%)
----------------- Invoking toplevel() on ptolemy.moml.MoMLSimpleApplication@61f71725
----------------- Done invoking toplevel() on ptolemy.moml.MoMLSimpleApplication@61f71725
reloadAllAccessors: .ConfigurationSwitchSelectSDF2

===========================================================================================
----------------- testing Tue Nov 19 06:22:09 UTC 2019 /home/travis/build/icyphy/ptII/ptolemy/actor/lib/test/auto/Const.xml
----------------- Instantiating /home/travis/build/icyphy/ptII/ptolemy/actor/lib/test/auto/Const.xml
1 ms. Memory: 458752K Free: 293624K (64%)
----------------- Invoking toplevel() on ptolemy.moml.MoMLSimpleApplication@57b51622
----------------- Done invoking toplevel() on ptolemy.moml.MoMLSimpleApplication@57b51622
reloadAllAccessors: .Const

===========================================================================================
----------------- testing Tue Nov 19 06:22:09 UTC 2019 /home/travis/build/icyphy/ptII/ptolemy/actor/lib/test/auto/Const2.xml
----------------- Instantiating /home/travis/build/icyphy/ptII/ptolemy/actor/lib/test/auto/Const2.xml
1 ms. Memory: 458752K Free: 289528K (63%)
----------------- Invoking toplevel() on ptolemy.moml.MoMLSimpleApplication@5674953
----------------- Done invoking toplevel() on ptolemy.moml.MoMLSimpleApplication@5674953
reloadAllAccessors: .Const2

===========================================================================================
----------------- testing Tue Nov 19 06:22:09 UTC 2019 /home/travis/build/icyphy/ptII/ptolemy/actor/lib/test/auto/Const3.xml
----------------- Instantiating /home/travis/build/icyphy/ptII/ptolemy/actor/lib/test/auto/Const3.xml
0 ms. Memory: 458752K Free: 286456K (62%)
----------------- Invoking toplevel() on ptolemy.moml.MoMLSimpleApplication@15c4c2c2
----------------- Done invoking toplevel() on ptolemy.moml.MoMLSimpleApplication@15c4c2c2
reloadAllAccessors: .Const3

===========================================================================================
----------------- testing Tue Nov 19 06:22:09 UTC 2019 /home/travis/build/icyphy/ptII/ptolemy/actor/lib/test/auto/ConstantPublisherPort1.xml
----------------- Instantiating /home/travis/build/icyphy/ptII/ptolemy/actor/lib/test/auto/ConstantPublisherPort1.xml
9 ms. Memory: 458752K Free: 277754K (61%)
----------------- Invoking toplevel() on ptolemy.moml.MoMLSimpleApplication@1ee2a0e8
----------------- Done invoking toplevel() on ptolemy.moml.MoMLSimpleApplication@1ee2a0e8
reloadAllAccessors: .ConstantPublisherPort1

===========================================================================================
----------------- testing Tue Nov 19 06:22:09 UTC 2019 /home/travis/build/icyphy/ptII/ptolemy/actor/lib/test/auto/ConstantPublisherPort2.xml
----------------- Instantiating /home/travis/build/icyphy/ptII/ptolemy/actor/lib/test/auto/ConstantPublisherPort2.xml
11 ms. Memory: 458752K Free: 270072K (59%)
----------------- Invoking toplevel() on ptolemy.moml.MoMLSimpleApplication@291cce4c
----------------- Done invoking toplevel() on ptolemy.moml.MoMLSimpleApplication@291cce4c
reloadAllAccessors: .ConstantPublisherPort2

===========================================================================================
----------------- testing Tue Nov 19 06:22:09 UTC 2019 /home/travis/build/icyphy/ptII/ptolemy/actor/lib/test/auto/ConstantPublisherPort3.xml
----------------- Instantiating /home/travis/build/icyphy/ptII/ptolemy/actor/lib/test/auto/ConstantPublisherPort3.xml
5 ms. Memory: 458752K Free: 261370K (57%)
----------------- Invoking toplevel() on ptolemy.moml.MoMLSimpleApplication@130a7157
----------------- Done invoking toplevel() on ptolemy.moml.MoMLSimpleApplication@130a7157
reloadAllAccessors: .ConstantPublisherPort3

===========================================================================================
----------------- testing Tue Nov 19 06:22:09 UTC 2019 /home/travis/build/icyphy/ptII/ptolemy/actor/lib/test/auto/ConstantPublisherPort4.xml
----------------- Instantiating /home/travis/build/icyphy/ptII/ptolemy/actor/lib/test/auto/ConstantPublisherPort4.xml
2 ms. Memory: 458752K Free: 254698K (56%)
----------------- Invoking toplevel() on ptolemy.moml.MoMLSimpleApplication@65a3873c
----------------- Done invoking toplevel() on ptolemy.moml.MoMLSimpleApplication@65a3873c
reloadAllAccessors: .ConstantPublisherPort4

===========================================================================================
----------------- testing Tue Nov 19 06:22:09 UTC 2019 /home/travis/build/icyphy/ptII/ptolemy/actor/lib/test/auto/ConstantPublisherPort5.xml
----------------- Instantiating /home/travis/build/icyphy/ptII/ptolemy/actor/lib/test/auto/ConstantPublisherPort5.xml
29 ms. Memory: 458752K Free: 244986K (53%)
----------------- Invoking toplevel() on ptolemy.moml.MoMLSimpleApplication@73317a16
----------------- Done invoking toplevel() on ptolemy.moml.MoMLSimpleApplication@73317a16
reloadAllAccessors: .ConstantPublisherPort5

===========================================================================================
----------------- testing Tue Nov 19 06:22:09 UTC 2019 /home/travis/build/icyphy/ptII/ptolemy/actor/lib/test/auto/ConstantPublisherPort6.xml
----------------- Instantiating /home/travis/build/icyphy/ptII/ptolemy/actor/lib/test/auto/ConstantPublisherPort6.xml
14 ms. Memory: 458752K Free: 235770K (51%)
----------------- Invoking toplevel() on ptolemy.moml.MoMLSimpleApplication@5fc37789
----------------- Done invoking toplevel() on ptolemy.moml.MoMLSimpleApplication@5fc37789
reloadAllAccessors: .ConstantPublisherPort6

===========================================================================================
----------------- testing Tue Nov 19 06:22:09 UTC 2019 /home/travis/build/icyphy/ptII/ptolemy/actor/lib/test/auto/ConstantPublisherPort7.xml
----------------- Instantiating /home/travis/build/icyphy/ptII/ptolemy/actor/lib/test/auto/ConstantPublisherPort7.xml
20 ms. Memory: 458752K Free: 226554K (49%)
----------------- Invoking toplevel() on ptolemy.moml.MoMLSimpleApplication@626783d3
----------------- Done invoking toplevel() on ptolemy.moml.MoMLSimpleApplication@626783d3
reloadAllAccessors: .ConstantPublisherPort7

===========================================================================================
----------------- testing Tue Nov 19 06:22:09 UTC 2019 /home/travis/build/icyphy/ptII/ptolemy/actor/lib/test/auto/ConstraintMonitor1.xml
----------------- Instantiating /home/travis/build/icyphy/ptII/ptolemy/actor/lib/test/auto/ConstraintMonitor1.xml
7 ms. Memory: 458752K Free: 221432K (48%)
----------------- Invoking toplevel() on ptolemy.moml.MoMLSimpleApplication@33c72671
----------------- Done invoking toplevel() on ptolemy.moml.MoMLSimpleApplication@33c72671
reloadAllAccessors: .ConstraintMonitor1

===========================================================================================
----------------- testing Tue Nov 19 06:22:09 UTC 2019 /home/travis/build/icyphy/ptII/ptolemy/actor/lib/test/auto/ConstraintMonitor2.xml
----------------- Instantiating /home/travis/build/icyphy/ptII/ptolemy/actor/lib/test/auto/ConstraintMonitor2.xml
5 ms. Memory: 458752K Free: 217338K (47%)
----------------- Invoking toplevel() on ptolemy.moml.MoMLSimpleApplication@f71785f
----------------- Done invoking toplevel() on ptolemy.moml.MoMLSimpleApplication@f71785f
reloadAllAccessors: .ConstraintMonitor2

===========================================================================================
----------------- testing Tue Nov 19 06:22:09 UTC 2019 /home/travis/build/icyphy/ptII/ptolemy/actor/lib/test/auto/ConstraintMonitor3.xml
----------------- Instantiating /home/travis/build/icyphy/ptII/ptolemy/actor/lib/test/auto/ConstraintMonitor3.xml
2 ms. Memory: 458752K Free: 212728K (46%)
----------------- Invoking toplevel() on ptolemy.moml.MoMLSimpleApplication@52166df4
----------------- Done invoking toplevel() on ptolemy.moml.MoMLSimpleApplication@52166df4
reloadAllAccessors: .ConstraintMonitor3

===========================================================================================
----------------- testing Tue Nov 19 06:22:09 UTC 2019 /home/travis/build/icyphy/ptII/ptolemy/actor/lib/test/auto/ConstraintMonitor4.xml
----------------- Instantiating /home/travis/build/icyphy/ptII/ptolemy/actor/lib/test/auto/ConstraintMonitor4.xml
6 ms. Memory: 458752K Free: 207608K (45%)
----------------- Invoking toplevel() on ptolemy.moml.MoMLSimpleApplication@57c47f99
----------------- Done invoking toplevel() on ptolemy.moml.MoMLSimpleApplication@57c47f99
reloadAllAccessors: .ConstraintMonitor4

===========================================================================================
----------------- testing Tue Nov 19 06:22:09 UTC 2019 /home/travis/build/icyphy/ptII/ptolemy/actor/lib/test/auto/ConstraintMonitor5.xml
----------------- Instantiating /home/travis/build/icyphy/ptII/ptolemy/actor/lib/test/auto/ConstraintMonitor5.xml
8 ms. Memory: 458752K Free: 203002K (44%)
----------------- Invoking toplevel() on ptolemy.moml.MoMLSimpleApplication@4ee2b91a
----------------- Done invoking toplevel() on ptolemy.moml.MoMLSimpleApplication@4ee2b91a
reloadAllAccessors: .ConstraintMonitor5

===========================================================================================
----------------- testing Tue Nov 19 06:22:09 UTC 2019 /home/travis/build/icyphy/ptII/ptolemy/actor/lib/test/auto/ConstraintMonitor6.xml
----------------- Instantiating /home/travis/build/icyphy/ptII/ptolemy/actor/lib/test/auto/ConstraintMonitor6.xml
6 ms. Memory: 458752K Free: 196858K (43%)
----------------- Invoking toplevel() on ptolemy.moml.MoMLSimpleApplication@47b4d86c
----------------- Done invoking toplevel() on ptolemy.moml.MoMLSimpleApplication@47b4d86c
reloadAllAccessors: .ConstraintMonitor6

===========================================================================================
----------------- testing Tue Nov 19 06:22:09 UTC 2019 /home/travis/build/icyphy/ptII/ptolemy/actor/lib/test/auto/ConstraintMonitor7.xml
----------------- Instantiating /home/travis/build/icyphy/ptII/ptolemy/actor/lib/test/auto/ConstraintMonitor7.xml
6 ms. Memory: 458752K Free: 190186K (41%)
----------------- Invoking toplevel() on ptolemy.moml.MoMLSimpleApplication@6f7c29d9
----------------- Done invoking toplevel() on ptolemy.moml.MoMLSimpleApplication@6f7c29d9
reloadAllAccessors: .ConstraintMonitor7

===========================================================================================
----------------- testing Tue Nov 19 06:22:09 UTC 2019 /home/travis/build/icyphy/ptII/ptolemy/actor/lib/test/auto/ConstraintMonitor8.xml
----------------- Instantiating /home/travis/build/icyphy/ptII/ptolemy/actor/lib/test/auto/ConstraintMonitor8.xml
6 ms. Memory: 458752K Free: 183032K (40%)
----------------- Invoking toplevel() on ptolemy.moml.MoMLSimpleApplication@522c531b
----------------- Done invoking toplevel() on ptolemy.moml.MoMLSimpleApplication@522c531b
reloadAllAccessors: .ConstraintMonitor8

===========================================================================================
----------------- testing Tue Nov 19 06:22:09 UTC 2019 /home/travis/build/icyphy/ptII/ptolemy/actor/lib/test/auto/Counter.xml
----------------- Instantiating /home/travis/build/icyphy/ptII/ptolemy/actor/lib/test/auto/Counter.xml
2 ms. Memory: 458752K Free: 177912K (39%)
----------------- Invoking toplevel() on ptolemy.moml.MoMLSimpleApplication@b6148eb
----------------- Done invoking toplevel() on ptolemy.moml.MoMLSimpleApplication@b6148eb
reloadAllAccessors: .Counter

===========================================================================================
----------------- testing Tue Nov 19 06:22:09 UTC 2019 /home/travis/build/icyphy/ptII/ptolemy/actor/lib/test/auto/CurrentTimeSDF.xml
----------------- Instantiating /home/travis/build/icyphy/ptII/ptolemy/actor/lib/test/auto/CurrentTimeSDF.xml
1 ms. Memory: 458752K Free: 173306K (38%)
----------------- Invoking toplevel() on ptolemy.moml.MoMLSimpleApplication@91f8b36
----------------- Done invoking toplevel() on ptolemy.moml.MoMLSimpleApplication@91f8b36
reloadAllAccessors: .CurrentTimeSDF

===========================================================================================
----------------- testing Tue Nov 19 06:22:09 UTC 2019 /home/travis/build/icyphy/ptII/ptolemy/actor/lib/test/auto/DB.xml
----------------- Instantiating /home/travis/build/icyphy/ptII/ptolemy/actor/lib/test/auto/DB.xml
2 ms. Memory: 458752K Free: 168186K (37%)
----------------- Invoking toplevel() on ptolemy.moml.MoMLSimpleApplication@46e49138
----------------- Done invoking toplevel() on ptolemy.moml.MoMLSimpleApplication@46e49138
reloadAllAccessors: .DB

===========================================================================================
----------------- testing Tue Nov 19 06:22:09 UTC 2019 /home/travis/build/icyphy/ptII/ptolemy/actor/lib/test/auto/DBDE.xml
----------------- Instantiating /home/travis/build/icyphy/ptII/ptolemy/actor/lib/test/auto/DBDE.xml
2 ms. Memory: 458752K Free: 162042K (35%)
----------------- Invoking toplevel() on ptolemy.moml.MoMLSimpleApplication@4f04b825
----------------- Done invoking toplevel() on ptolemy.moml.MoMLSimpleApplication@4f04b825
reloadAllAccessors: .DBDE

===========================================================================================
----------------- testing Tue Nov 19 06:22:09 UTC 2019 /home/travis/build/icyphy/ptII/ptolemy/actor/lib/test/auto/DateConstructor.xml
----------------- Instantiating /home/travis/build/icyphy/ptII/ptolemy/actor/lib/test/auto/DateConstructor.xml
41 ms. Memory: 458752K Free: 144634K (32%)
----------------- Invoking toplevel() on ptolemy.moml.MoMLSimpleApplication@5e5a0e85
----------------- Done invoking toplevel() on ptolemy.moml.MoMLSimpleApplication@5e5a0e85
reloadAllAccessors: .DateConstructor

===========================================================================================
----------------- testing Tue Nov 19 06:22:10 UTC 2019 /home/travis/build/icyphy/ptII/ptolemy/actor/lib/test/auto/DelayTime.xml
----------------- Instantiating /home/travis/build/icyphy/ptII/ptolemy/actor/lib/test/auto/DelayTime.xml
7 ms. Memory: 458752K Free: 139514K (30%)
----------------- Invoking toplevel() on ptolemy.moml.MoMLSimpleApplication@12e10d3a
----------------- Done invoking toplevel() on ptolemy.moml.MoMLSimpleApplication@12e10d3a
reloadAllAccessors: .DelayTime

===========================================================================================
----------------- testing Tue Nov 19 06:22:10 UTC 2019 /home/travis/build/icyphy/ptII/ptolemy/actor/lib/test/auto/Dictionary1.xml
----------------- Instantiating /home/travis/build/icyphy/ptII/ptolemy/actor/lib/test/auto/Dictionary1.xml
1 ms. Memory: 458752K Free: 406285K (89%)
----------------- Invoking toplevel() on ptolemy.moml.MoMLSimpleApplication@6938efd7
----------------- Done invoking toplevel() on ptolemy.moml.MoMLSimpleApplication@6938efd7
reloadAllAccessors: .Dictionary1

===========================================================================================
----------------- testing Tue Nov 19 06:22:10 UTC 2019 /home/travis/build/icyphy/ptII/ptolemy/actor/lib/test/auto/Dictionary2.xml
----------------- Instantiating /home/travis/build/icyphy/ptII/ptolemy/actor/lib/test/auto/Dictionary2.xml
4 ms. Memory: 458752K Free: 400655K (87%)
----------------- Invoking toplevel() on ptolemy.moml.MoMLSimpleApplication@6282a05d
----------------- Done invoking toplevel() on ptolemy.moml.MoMLSimpleApplication@6282a05d
reloadAllAccessors: .Dictionary2

===========================================================================================
----------------- testing Tue Nov 19 06:22:10 UTC 2019 /home/travis/build/icyphy/ptII/ptolemy/actor/lib/test/auto/Dictionary3.xml
----------------- Instantiating /home/travis/build/icyphy/ptII/ptolemy/actor/lib/test/auto/Dictionary3.xml
1 ms. Memory: 458752K Free: 395535K (86%)
----------------- Invoking toplevel() on ptolemy.moml.MoMLSimpleApplication@2ce77c21
----------------- Done invoking toplevel() on ptolemy.moml.MoMLSimpleApplication@2ce77c21
reloadAllAccessors: .Dictionary3

===========================================================================================
----------------- testing Tue Nov 19 06:22:10 UTC 2019 /home/travis/build/icyphy/ptII/ptolemy/actor/lib/test/auto/Dictionary4.xml
----------------- Instantiating /home/travis/build/icyphy/ptII/ptolemy/actor/lib/test/auto/Dictionary4.xml
5 ms. Memory: 458752K Free: 388367K (85%)
----------------- Invoking toplevel() on ptolemy.moml.MoMLSimpleApplication@2a6b26c6
----------------- Done invoking toplevel() on ptolemy.moml.MoMLSimpleApplication@2a6b26c6
reloadAllAccessors: .Dictionary4

===========================================================================================
----------------- testing Tue Nov 19 06:22:10 UTC 2019 /home/travis/build/icyphy/ptII/ptolemy/actor/lib/test/auto/Differential.xml
----------------- Instantiating /home/travis/build/icyphy/ptII/ptolemy/actor/lib/test/auto/Differential.xml
3 ms. Memory: 458752K Free: 383757K (84%)
----------------- Invoking toplevel() on ptolemy.moml.MoMLSimpleApplication@6f00b3b
----------------- Done invoking toplevel() on ptolemy.moml.MoMLSimpleApplication@6f00b3b
reloadAllAccessors: .Differential

===========================================================================================
----------------- testing Tue Nov 19 06:22:10 UTC 2019 /home/travis/build/icyphy/ptII/ptolemy/actor/lib/test/auto/Director.xml
----------------- Instantiating /home/travis/build/icyphy/ptII/ptolemy/actor/lib/test/auto/Director.xml
4 ms. Memory: 458752K Free: 380685K (83%)
----------------- Invoking toplevel() on ptolemy.moml.MoMLSimpleApplication@5f62df14
----------------- Done invoking toplevel() on ptolemy.moml.MoMLSimpleApplication@5f62df14
reloadAllAccessors: .Director

===========================================================================================
----------------- testing Tue Nov 19 06:22:10 UTC 2019 /home/travis/build/icyphy/ptII/ptolemy/actor/lib/test/auto/DiscreteClock.xml
----------------- Instantiating /home/travis/build/icyphy/ptII/ptolemy/actor/lib/test/auto/DiscreteClock.xml
1 ms. Memory: 458752K Free: 376589K (82%)
----------------- Invoking toplevel() on ptolemy.moml.MoMLSimpleApplication@37d60e62
----------------- Done invoking toplevel() on ptolemy.moml.MoMLSimpleApplication@37d60e62
reloadAllAccessors: .DiscreteClock

===========================================================================================
----------------- testing Tue Nov 19 06:22:10 UTC 2019 /home/travis/build/icyphy/ptII/ptolemy/actor/lib/test/auto/DiscreteClock10.xml
----------------- Instantiating /home/travis/build/icyphy/ptII/ptolemy/actor/lib/test/auto/DiscreteClock10.xml
2 ms. Memory: 458752K Free: 370445K (81%)
----------------- Invoking toplevel() on ptolemy.moml.MoMLSimpleApplication@5c343331
----------------- Done invoking toplevel() on ptolemy.moml.MoMLSimpleApplication@5c343331
reloadAllAccessors: .DiscreteClock10

===========================================================================================
----------------- testing Tue Nov 19 06:22:10 UTC 2019 /home/travis/build/icyphy/ptII/ptolemy/actor/lib/test/auto/DiscreteClock11.xml
----------------- Instantiating /home/travis/build/icyphy/ptII/ptolemy/actor/lib/test/auto/DiscreteClock11.xml
2 ms. Memory: 458752K Free: 364301K (79%)
----------------- Invoking toplevel() on ptolemy.moml.MoMLSimpleApplication@1a6e5e2d
----------------- Done invoking toplevel() on ptolemy.moml.MoMLSimpleApplication@1a6e5e2d
reloadAllAccessors: .DiscreteClock11

===========================================================================================
----------------- testing Tue Nov 19 06:22:10 UTC 2019 /home/travis/build/icyphy/ptII/ptolemy/actor/lib/test/auto/DiscreteClock12.xml
----------------- Instantiating /home/travis/build/icyphy/ptII/ptolemy/actor/lib/test/auto/DiscreteClock12.xml
2 ms. Memory: 458752K Free: 358671K (78%)
----------------- Invoking toplevel() on ptolemy.moml.MoMLSimpleApplication@39a1ba55
----------------- Done invoking toplevel() on ptolemy.moml.MoMLSimpleApplication@39a1ba55
reloadAllAccessors: .DiscreteClock12

===========================================================================================
----------------- testing Tue Nov 19 06:22:10 UTC 2019 /home/travis/build/icyphy/ptII/ptolemy/actor/lib/test/auto/DiscreteClock13.xml
----------------- Instantiating /home/travis/build/icyphy/ptII/ptolemy/actor/lib/test/auto/DiscreteClock13.xml
5 ms. Memory: 458752K Free: 352527K (77%)
----------------- Invoking toplevel() on ptolemy.moml.MoMLSimpleApplication@1c69c769
----------------- Done invoking toplevel() on ptolemy.moml.MoMLSimpleApplication@1c69c769
reloadAllAccessors: .DiscreteClock13

===========================================================================================
----------------- testing Tue Nov 19 06:22:10 UTC 2019 /home/travis/build/icyphy/ptII/ptolemy/actor/lib/test/auto/DiscreteClock14.xml
----------------- Instantiating /home/travis/build/icyphy/ptII/ptolemy/actor/lib/test/auto/DiscreteClock14.xml
4 ms. Memory: 458752K Free: 346383K (76%)
----------------- Invoking toplevel() on ptolemy.moml.MoMLSimpleApplication@7f67075
----------------- Done invoking toplevel() on ptolemy.moml.MoMLSimpleApplication@7f67075
reloadAllAccessors: .DiscreteClock14

===========================================================================================
----------------- testing Tue Nov 19 06:22:10 UTC 2019 /home/travis/build/icyphy/ptII/ptolemy/actor/lib/test/auto/DiscreteClock15.xml
----------------- Instantiating /home/travis/build/icyphy/ptII/ptolemy/actor/lib/test/auto/DiscreteClock15.xml
5 ms. Memory: 458752K Free: 340239K (74%)
----------------- Invoking toplevel() on ptolemy.moml.MoMLSimpleApplication@666473e9
----------------- Done invoking toplevel() on ptolemy.moml.MoMLSimpleApplication@666473e9
reloadAllAccessors: .DiscreteClock15

===========================================================================================
----------------- testing Tue Nov 19 06:22:10 UTC 2019 /home/travis/build/icyphy/ptII/ptolemy/actor/lib/test/auto/DiscreteClock16.xml
----------------- Instantiating /home/travis/build/icyphy/ptII/ptolemy/actor/lib/test/auto/DiscreteClock16.xml
13 ms. Memory: 458752K Free: 326927K (71%)
----------------- Invoking toplevel() on ptolemy.moml.MoMLSimpleApplication@dae248f
----------------- Done invoking toplevel() on ptolemy.moml.MoMLSimpleApplication@dae248f
reloadAllAccessors: .DiscreteClock16

===========================================================================================
----------------- testing Tue Nov 19 06:22:10 UTC 2019 /home/travis/build/icyphy/ptII/ptolemy/actor/lib/test/auto/DiscreteClock17.xml
----------------- Instantiating /home/travis/build/icyphy/ptII/ptolemy/actor/lib/test/auto/DiscreteClock17.xml
15 ms. Memory: 458752K Free: 312063K (68%)
----------------- Invoking toplevel() on ptolemy.moml.MoMLSimpleApplication@421a7d06
----------------- Done invoking toplevel() on ptolemy.moml.MoMLSimpleApplication@421a7d06
reloadAllAccessors: .DiscreteClock17

===========================================================================================
----------------- testing Tue Nov 19 06:22:10 UTC 2019 /home/travis/build/icyphy/ptII/ptolemy/actor/lib/test/auto/DiscreteClock18.xml
----------------- Instantiating /home/travis/build/icyphy/ptII/ptolemy/actor/lib/test/auto/DiscreteClock18.xml
9 ms. Memory: 458752K Free: 298255K (65%)
----------------- Invoking toplevel() on ptolemy.moml.MoMLSimpleApplication@6f3dcb19
----------------- Done invoking toplevel() on ptolemy.moml.MoMLSimpleApplication@6f3dcb19
reloadAllAccessors: .DiscreteClock18

===========================================================================================
----------------- testing Tue Nov 19 06:22:10 UTC 2019 /home/travis/build/icyphy/ptII/ptolemy/actor/lib/test/auto/DiscreteClock19.xml
----------------- Instantiating /home/travis/build/icyphy/ptII/ptolemy/actor/lib/test/auto/DiscreteClock19.xml
11 ms. Memory: 458752K Free: 284415K (62%)
----------------- Invoking toplevel() on ptolemy.moml.MoMLSimpleApplication@2ce6b5bd
----------------- Done invoking toplevel() on ptolemy.moml.MoMLSimpleApplication@2ce6b5bd
reloadAllAccessors: .DiscreteClock19

===========================================================================================
----------------- testing Tue Nov 19 06:22:10 UTC 2019 /home/travis/build/icyphy/ptII/ptolemy/actor/lib/test/auto/DiscreteClock2.xml
----------------- Instantiating /home/travis/build/icyphy/ptII/ptolemy/actor/lib/test/auto/DiscreteClock2.xml
5 ms. Memory: 458752K Free: 279823K (61%)
----------------- Invoking toplevel() on ptolemy.moml.MoMLSimpleApplication@7bd7a956
----------------- Done invoking toplevel() on ptolemy.moml.MoMLSimpleApplication@7bd7a956
reloadAllAccessors: .DiscreteClock2

===========================================================================================
----------------- testing Tue Nov 19 06:22:10 UTC 2019 /home/travis/build/icyphy/ptII/ptolemy/actor/lib/test/auto/DiscreteClock20.xml
----------------- Instantiating /home/travis/build/icyphy/ptII/ptolemy/actor/lib/test/auto/DiscreteClock20.xml
7 ms. Memory: 458752K Free: 274189K (60%)
----------------- Invoking toplevel() on ptolemy.moml.MoMLSimpleApplication@55e736f
----------------- Done invoking toplevel() on ptolemy.moml.MoMLSimpleApplication@55e736f
reloadAllAccessors: .DiscreteClock20

===========================================================================================
----------------- testing Tue Nov 19 06:22:10 UTC 2019 /home/travis/build/icyphy/ptII/ptolemy/actor/lib/test/auto/DiscreteClock21.xml
----------------- Instantiating /home/travis/build/icyphy/ptII/ptolemy/actor/lib/test/auto/DiscreteClock21.xml
7 ms. Memory: 458752K Free: 268559K (59%)
----------------- Invoking toplevel() on ptolemy.moml.MoMLSimpleApplication@1c299df5
----------------- Done invoking toplevel() on ptolemy.moml.MoMLSimpleApplication@1c299df5
reloadAllAccessors: .DiscreteClock21

===========================================================================================
----------------- testing Tue Nov 19 06:22:10 UTC 2019 /home/travis/build/icyphy/ptII/ptolemy/actor/lib/test/auto/DiscreteClock22.xml
----------------- Instantiating /home/travis/build/icyphy/ptII/ptolemy/actor/lib/test/auto/DiscreteClock22.xml
3 ms. Memory: 458752K Free: 262925K (57%)
----------------- Invoking toplevel() on ptolemy.moml.MoMLSimpleApplication@393a50ea
----------------- Done invoking toplevel() on ptolemy.moml.MoMLSimpleApplication@393a50ea
reloadAllAccessors: .DiscreteClock22

===========================================================================================
----------------- testing Tue Nov 19 06:22:10 UTC 2019 /home/travis/build/icyphy/ptII/ptolemy/actor/lib/test/auto/DiscreteClock23.xml
----------------- Instantiating /home/travis/build/icyphy/ptII/ptolemy/actor/lib/test/auto/DiscreteClock23.xml
2 ms. Memory: 458752K Free: 257805K (56%)
----------------- Invoking toplevel() on ptolemy.moml.MoMLSimpleApplication@30754bb
----------------- Done invoking toplevel() on ptolemy.moml.MoMLSimpleApplication@30754bb
reloadAllAccessors: .DiscreteClock23

===========================================================================================
----------------- testing Tue Nov 19 06:22:10 UTC 2019 /home/travis/build/icyphy/ptII/ptolemy/actor/lib/test/auto/DiscreteClock24.xml
----------------- Instantiating /home/travis/build/icyphy/ptII/ptolemy/actor/lib/test/auto/DiscreteClock24.xml
4 ms. Memory: 458752K Free: 252175K (55%)
----------------- Invoking toplevel() on ptolemy.moml.MoMLSimpleApplication@599326b6
----------------- Done invoking toplevel() on ptolemy.moml.MoMLSimpleApplication@599326b6
reloadAllAccessors: .DiscreteClock24

===========================================================================================
----------------- testing Tue Nov 19 06:22:10 UTC 2019 /home/travis/build/icyphy/ptII/ptolemy/actor/lib/test/auto/DiscreteClock4.xml
----------------- Instantiating /home/travis/build/icyphy/ptII/ptolemy/actor/lib/test/auto/DiscreteClock4.xml
4 ms. Memory: 458752K Free: 246543K (54%)
----------------- Invoking toplevel() on ptolemy.moml.MoMLSimpleApplication@3879a5a7
----------------- Done invoking toplevel() on ptolemy.moml.MoMLSimpleApplication@3879a5a7
reloadAllAccessors: .DiscreteClock4

===========================================================================================
----------------- testing Tue Nov 19 06:22:10 UTC 2019 /home/travis/build/icyphy/ptII/ptolemy/actor/lib/test/auto/DiscreteClock5.xml
----------------- Instantiating /home/travis/build/icyphy/ptII/ptolemy/actor/lib/test/auto/DiscreteClock5.xml
2 ms. Memory: 458752K Free: 240911K (53%)
----------------- Invoking toplevel() on ptolemy.moml.MoMLSimpleApplication@5c9e46a9
----------------- Done invoking toplevel() on ptolemy.moml.MoMLSimpleApplication@5c9e46a9
reloadAllAccessors: .DiscreteClock5

===========================================================================================
----------------- testing Tue Nov 19 06:22:10 UTC 2019 /home/travis/build/icyphy/ptII/ptolemy/actor/lib/test/auto/DiscreteClock6.xml
----------------- Instantiating /home/travis/build/icyphy/ptII/ptolemy/actor/lib/test/auto/DiscreteClock6.xml
1 ms. Memory: 458752K Free: 236815K (52%)
----------------- Invoking toplevel() on ptolemy.moml.MoMLSimpleApplication@85cb4a7
----------------- Done invoking toplevel() on ptolemy.moml.MoMLSimpleApplication@85cb4a7
reloadAllAccessors: .DiscreteClock6

===========================================================================================
----------------- testing Tue Nov 19 06:22:10 UTC 2019 /home/travis/build/icyphy/ptII/ptolemy/actor/lib/test/auto/DiscreteClock7.xml
----------------- Instantiating /home/travis/build/icyphy/ptII/ptolemy/actor/lib/test/auto/DiscreteClock7.xml
2 ms. Memory: 458752K Free: 232205K (51%)
----------------- Invoking toplevel() on ptolemy.moml.MoMLSimpleApplication@4935e43c
----------------- Done invoking toplevel() on ptolemy.moml.MoMLSimpleApplication@4935e43c
reloadAllAccessors: .DiscreteClock7

===========================================================================================
----------------- testing Tue Nov 19 06:22:10 UTC 2019 /home/travis/build/icyphy/ptII/ptolemy/actor/lib/test/auto/DiscreteClock8.xml
----------------- Instantiating /home/travis/build/icyphy/ptII/ptolemy/actor/lib/test/auto/DiscreteClock8.xml
9 ms. Memory: 458752K Free: 226575K (49%)
----------------- Invoking toplevel() on ptolemy.moml.MoMLSimpleApplication@6d2cddfa
----------------- Done invoking toplevel() on ptolemy.moml.MoMLSimpleApplication@6d2cddfa
reloadAllAccessors: .DiscreteClock8

===========================================================================================
----------------- testing Tue Nov 19 06:22:10 UTC 2019 /home/travis/build/icyphy/ptII/ptolemy/actor/lib/test/auto/DiscreteClock9.xml
----------------- Instantiating /home/travis/build/icyphy/ptII/ptolemy/actor/lib/test/auto/DiscreteClock9.xml
6 ms. Memory: 458752K Free: 220431K (48%)
----------------- Invoking toplevel() on ptolemy.moml.MoMLSimpleApplication@62d25764
----------------- Done invoking toplevel() on ptolemy.moml.MoMLSimpleApplication@62d25764
reloadAllAccessors: .DiscreteClock9

===========================================================================================
----------------- testing Tue Nov 19 06:22:10 UTC 2019 /home/travis/build/icyphy/ptII/ptolemy/actor/lib/test/auto/DisplayArray.xml
----------------- Instantiating /home/travis/build/icyphy/ptII/ptolemy/actor/lib/test/auto/DisplayArray.xml
1 ms. Memory: 458752K Free: 216845K (47%)
----------------- Invoking toplevel() on ptolemy.moml.MoMLSimpleApplication@2ef5071e
----------------- Done invoking toplevel() on ptolemy.moml.MoMLSimpleApplication@2ef5071e
reloadAllAccessors: .DisplayArray

===========================================================================================
----------------- testing Tue Nov 19 06:22:10 UTC 2019 /home/travis/build/icyphy/ptII/ptolemy/actor/lib/test/auto/Distributor.xml
----------------- Instantiating /home/travis/build/icyphy/ptII/ptolemy/actor/lib/test/auto/Distributor.xml
2 ms. Memory: 458752K Free: 212239K (46%)
----------------- Invoking toplevel() on ptolemy.moml.MoMLSimpleApplication@41984080
----------------- Done invoking toplevel() on ptolemy.moml.MoMLSimpleApplication@41984080
reloadAllAccessors: .Distributor

===========================================================================================
----------------- testing Tue Nov 19 06:22:10 UTC 2019 /home/travis/build/icyphy/ptII/ptolemy/actor/lib/test/auto/Distributor2.xml
----------------- Instantiating /home/travis/build/icyphy/ptII/ptolemy/actor/lib/test/auto/Distributor2.xml
2 ms. Memory: 458752K Free: 207119K (45%)
----------------- Invoking toplevel() on ptolemy.moml.MoMLSimpleApplication@657dea2e
----------------- Done invoking toplevel() on ptolemy.moml.MoMLSimpleApplication@657dea2e
reloadAllAccessors: .Distributor2

===========================================================================================
----------------- testing Tue Nov 19 06:22:10 UTC 2019 /home/travis/build/icyphy/ptII/ptolemy/actor/lib/test/auto/DownSample.xml
----------------- Instantiating /home/travis/build/icyphy/ptII/ptolemy/actor/lib/test/auto/DownSample.xml
1 ms. Memory: 458752K Free: 202509K (44%)
----------------- Invoking toplevel() on ptolemy.moml.MoMLSimpleApplication@7cb00f4d
----------------- Done invoking toplevel() on ptolemy.moml.MoMLSimpleApplication@7cb00f4d
reloadAllAccessors: .DownSample

===========================================================================================
----------------- testing Tue Nov 19 06:22:10 UTC 2019 /home/travis/build/icyphy/ptII/ptolemy/actor/lib/test/auto/ElectronicUnitBase1.xml
----------------- Instantiating /home/travis/build/icyphy/ptII/ptolemy/actor/lib/test/auto/ElectronicUnitBase1.xml
19 ms. Memory: 458752K Free: 186125K (41%)
----------------- Invoking toplevel() on ptolemy.moml.MoMLSimpleApplication@60acb405
----------------- Done invoking toplevel() on ptolemy.moml.MoMLSimpleApplication@60acb405
reloadAllAccessors: .ElectronicUnitBase1

===========================================================================================
----------------- testing Tue Nov 19 06:22:10 UTC 2019 /home/travis/build/icyphy/ptII/ptolemy/actor/lib/test/auto/ElementsToArray.xml
----------------- Instantiating /home/travis/build/icyphy/ptII/ptolemy/actor/lib/test/auto/ElementsToArray.xml
2 ms. Memory: 458752K Free: 181519K (40%)
----------------- Invoking toplevel() on ptolemy.moml.MoMLSimpleApplication@705e3bd4
----------------- Done invoking toplevel() on ptolemy.moml.MoMLSimpleApplication@705e3bd4
reloadAllAccessors: .ElementsToArray

===========================================================================================
----------------- testing Tue Nov 19 06:22:10 UTC 2019 /home/travis/build/icyphy/ptII/ptolemy/actor/lib/test/auto/Equals.xml
----------------- Instantiating /home/travis/build/icyphy/ptII/ptolemy/actor/lib/test/auto/Equals.xml
3 ms. Memory: 458752K Free: 176909K (39%)
----------------- Invoking toplevel() on ptolemy.moml.MoMLSimpleApplication@7e1df6af
----------------- Done invoking toplevel() on ptolemy.moml.MoMLSimpleApplication@7e1df6af
reloadAllAccessors: .Equals

===========================================================================================
----------------- testing Tue Nov 19 06:22:10 UTC 2019 /home/travis/build/icyphy/ptII/ptolemy/actor/lib/test/auto/Exec.xml
----------------- Instantiating /home/travis/build/icyphy/ptII/ptolemy/actor/lib/test/auto/Exec.xml
18 ms. Memory: 458752K Free: 170765K (37%)
----------------- Invoking toplevel() on ptolemy.moml.MoMLSimpleApplication@32d7ceb
----------------- Done invoking toplevel() on ptolemy.moml.MoMLSimpleApplication@32d7ceb
reloadAllAccessors: .Exec

===========================================================================================
----------------- testing Tue Nov 19 06:22:10 UTC 2019 /home/travis/build/icyphy/ptII/ptolemy/actor/lib/test/auto/ExecEnvironment.xml
----------------- Instantiating /home/travis/build/icyphy/ptII/ptolemy/actor/lib/test/auto/ExecEnvironment.xml
23 ms. Memory: 458752K Free: 165631K (36%)
----------------- Invoking toplevel() on ptolemy.moml.MoMLSimpleApplication@6e5e1188
----------------- Done invoking toplevel() on ptolemy.moml.MoMLSimpleApplication@6e5e1188
reloadAllAccessors: .ExecEnvironment

===========================================================================================
----------------- testing Tue Nov 19 06:22:11 UTC 2019 /home/travis/build/icyphy/ptII/ptolemy/actor/lib/test/auto/ExecNonZeroReturnOutput.xml
----------------- Instantiating /home/travis/build/icyphy/ptII/ptolemy/actor/lib/test/auto/ExecNonZeroReturnOutput.xml
181 ms. Memory: 458752K Free: 153871K (34%)
----------------- Invoking toplevel() on ptolemy.moml.MoMLSimpleApplication@37e366b
----------------- Done invoking toplevel() on ptolemy.moml.MoMLSimpleApplication@37e366b
reloadAllAccessors: .ExecNonZeroReturnOutput

===========================================================================================
----------------- testing Tue Nov 19 06:22:11 UTC 2019 /home/travis/build/icyphy/ptII/ptolemy/actor/lib/test/auto/ExecRunDemos.xml
----------------- Instantiating /home/travis/build/icyphy/ptII/ptolemy/actor/lib/test/auto/ExecRunDemos.xml
Finished: 68 ms. Memory: 120832K Free: 104193K (86%)

Finished: 52 ms. Memory: 120832K Free: 108859K (90%)

Finished: 104 ms. Memory: 120832K Free: 110173K (91%)

Finished: 81 ms. Memory: 120832K Free: 103274K (85%)

Finished: 76 ms. Memory: 120832K Free: 103990K (86%)

10758 ms. Memory: 458752K Free: 404907K (88%)
----------------- Invoking toplevel() on ptolemy.moml.MoMLSimpleApplication@556d2d51
----------------- Done invoking toplevel() on ptolemy.moml.MoMLSimpleApplication@556d2d51
reloadAllAccessors: .ExecRunDemos

===========================================================================================
----------------- testing Tue Nov 19 06:22:22 UTC 2019 /home/travis/build/icyphy/ptII/ptolemy/actor/lib/test/auto/ExecStop.xml
----------------- Instantiating /home/travis/build/icyphy/ptII/ptolemy/actor/lib/test/auto/ExecStop.xml
5027 ms. Memory: 458752K Free: 276686K (60%)
----------------- Invoking toplevel() on ptolemy.moml.MoMLSimpleApplication@59405662
----------------- Done invoking toplevel() on ptolemy.moml.MoMLSimpleApplication@59405662
reloadAllAccessors: .ExecStop

===========================================================================================
----------------- testing Tue Nov 19 06:22:27 UTC 2019 /home/travis/build/icyphy/ptII/ptolemy/actor/lib/test/auto/ExecutionTimeSDF.xml
----------------- Instantiating /home/travis/build/icyphy/ptII/ptolemy/actor/lib/test/auto/ExecutionTimeSDF.xml
Fired ExecutionTime: -2050167296
Fired ExecutionTime: 1053600000
Fired ExecutionTime: -1036967296
6009 ms. Memory: 458752K Free: 264398K (58%)

===========================================================================================
----------------- testing Tue Nov 19 06:22:33 UTC 2019 /home/travis/build/icyphy/ptII/ptolemy/actor/lib/test/auto/Expression1.xml
----------------- Instantiating /home/travis/build/icyphy/ptII/ptolemy/actor/lib/test/auto/Expression1.xml
2 ms. Memory: 458752K Free: 259792K (57%)
----------------- Invoking toplevel() on ptolemy.moml.MoMLSimpleApplication@3444f65
----------------- Done invoking toplevel() on ptolemy.moml.MoMLSimpleApplication@3444f65
reloadAllAccessors: .Expression1

===========================================================================================
----------------- testing Tue Nov 19 06:22:33 UTC 2019 /home/travis/build/icyphy/ptII/ptolemy/actor/lib/test/auto/Expression10.xml
----------------- Instantiating /home/travis/build/icyphy/ptII/ptolemy/actor/lib/test/auto/Expression10.xml
7 ms. Memory: 458752K Free: 254158K (55%)
----------------- Invoking toplevel() on ptolemy.moml.MoMLSimpleApplication@638e0613
----------------- Done invoking toplevel() on ptolemy.moml.MoMLSimpleApplication@638e0613
reloadAllAccessors: .Expression10

===========================================================================================
----------------- testing Tue Nov 19 06:22:33 UTC 2019 /home/travis/build/icyphy/ptII/ptolemy/actor/lib/test/auto/Expression11.xml
----------------- Instantiating /home/travis/build/icyphy/ptII/ptolemy/actor/lib/test/auto/Expression11.xml
3 ms. Memory: 458752K Free: 250062K (55%)
----------------- Invoking toplevel() on ptolemy.moml.MoMLSimpleApplication@375db4a1
----------------- Done invoking toplevel() on ptolemy.moml.MoMLSimpleApplication@375db4a1
reloadAllAccessors: .Expression11

===========================================================================================
----------------- testing Tue Nov 19 06:22:33 UTC 2019 /home/travis/build/icyphy/ptII/ptolemy/actor/lib/test/auto/Expression12.xml
----------------- Instantiating /home/travis/build/icyphy/ptII/ptolemy/actor/lib/test/auto/Expression12.xml
3 ms. Memory: 458752K Free: 244432K (53%)
----------------- Invoking toplevel() on ptolemy.moml.MoMLSimpleApplication@22c19013
----------------- Done invoking toplevel() on ptolemy.moml.MoMLSimpleApplication@22c19013
reloadAllAccessors: .Expression12

===========================================================================================
----------------- testing Tue Nov 19 06:22:33 UTC 2019 /home/travis/build/icyphy/ptII/ptolemy/actor/lib/test/auto/Expression13.xml
----------------- Instantiating /home/travis/build/icyphy/ptII/ptolemy/actor/lib/test/auto/Expression13.xml
3 ms. Memory: 458752K Free: 239822K (52%)
----------------- Invoking toplevel() on ptolemy.moml.MoMLSimpleApplication@e994567
----------------- Done invoking toplevel() on ptolemy.moml.MoMLSimpleApplication@e994567
reloadAllAccessors: .Expression13

===========================================================================================
----------------- testing Tue Nov 19 06:22:33 UTC 2019 /home/travis/build/icyphy/ptII/ptolemy/actor/lib/test/auto/Expression14.xml
----------------- Instantiating /home/travis/build/icyphy/ptII/ptolemy/actor/lib/test/auto/Expression14.xml
8 ms. Memory: 458752K Free: 233678K (51%)
----------------- Invoking toplevel() on ptolemy.moml.MoMLSimpleApplication@23f0d8cf
----------------- Done invoking toplevel() on ptolemy.moml.MoMLSimpleApplication@23f0d8cf
reloadAllAccessors: .Expression14

===========================================================================================
----------------- testing Tue Nov 19 06:22:33 UTC 2019 /home/travis/build/icyphy/ptII/ptolemy/actor/lib/test/auto/Expression15.xml
----------------- Instantiating /home/travis/build/icyphy/ptII/ptolemy/actor/lib/test/auto/Expression15.xml
2 ms. Memory: 458752K Free: 229582K (50%)
----------------- Invoking toplevel() on ptolemy.moml.MoMLSimpleApplication@6b5557c3
----------------- Done invoking toplevel() on ptolemy.moml.MoMLSimpleApplication@6b5557c3
reloadAllAccessors: .Expression15

===========================================================================================
----------------- testing Tue Nov 19 06:22:33 UTC 2019 /home/travis/build/icyphy/ptII/ptolemy/actor/lib/test/auto/Expression16.xml
----------------- Instantiating /home/travis/build/icyphy/ptII/ptolemy/actor/lib/test/auto/Expression16.xml
4 ms. Memory: 458752K Free: 224976K (49%)
----------------- Invoking toplevel() on ptolemy.moml.MoMLSimpleApplication@61a52711
----------------- Done invoking toplevel() on ptolemy.moml.MoMLSimpleApplication@61a52711
reloadAllAccessors: .Expression16

===========================================================================================
----------------- testing Tue Nov 19 06:22:33 UTC 2019 /home/travis/build/icyphy/ptII/ptolemy/actor/lib/test/auto/Expression17.xml
----------------- Instantiating /home/travis/build/icyphy/ptII/ptolemy/actor/lib/test/auto/Expression17.xml
2 ms. Memory: 458752K Free: 219856K (48%)
----------------- Invoking toplevel() on ptolemy.moml.MoMLSimpleApplication@11980916
----------------- Done invoking toplevel() on ptolemy.moml.MoMLSimpleApplication@11980916
reloadAllAccessors: .Expression17

===========================================================================================
----------------- testing Tue Nov 19 06:22:33 UTC 2019 /home/travis/build/icyphy/ptII/ptolemy/actor/lib/test/auto/Expression18.xml
----------------- Instantiating /home/travis/build/icyphy/ptII/ptolemy/actor/lib/test/auto/Expression18.xml
3 ms. Memory: 458752K Free: 215246K (47%)
----------------- Invoking toplevel() on ptolemy.moml.MoMLSimpleApplication@d649429
----------------- Done invoking toplevel() on ptolemy.moml.MoMLSimpleApplication@d649429
reloadAllAccessors: .Expression18

===========================================================================================
----------------- testing Tue Nov 19 06:22:33 UTC 2019 /home/travis/build/icyphy/ptII/ptolemy/actor/lib/test/auto/Expression2.xml
----------------- Instantiating /home/travis/build/icyphy/ptII/ptolemy/actor/lib/test/auto/Expression2.xml
3 ms. Memory: 458752K Free: 210126K (46%)
----------------- Invoking toplevel() on ptolemy.moml.MoMLSimpleApplication@110baa97
----------------- Done invoking toplevel() on ptolemy.moml.MoMLSimpleApplication@110baa97
reloadAllAccessors: .Expression2

===========================================================================================
----------------- testing Tue Nov 19 06:22:33 UTC 2019 /home/travis/build/icyphy/ptII/ptolemy/actor/lib/test/auto/Expression3.xml
----------------- Instantiating /home/travis/build/icyphy/ptII/ptolemy/actor/lib/test/auto/Expression3.xml
6 ms. Memory: 458752K Free: 205006K (45%)
----------------- Invoking toplevel() on ptolemy.moml.MoMLSimpleApplication@70d7f17d
----------------- Done invoking toplevel() on ptolemy.moml.MoMLSimpleApplication@70d7f17d
reloadAllAccessors: .Expression3

===========================================================================================
----------------- testing Tue Nov 19 06:22:33 UTC 2019 /home/travis/build/icyphy/ptII/ptolemy/actor/lib/test/auto/Expression4.xml
----------------- Instantiating /home/travis/build/icyphy/ptII/ptolemy/actor/lib/test/auto/Expression4.xml
6 ms. Memory: 458752K Free: 197838K (43%)
----------------- Invoking toplevel() on ptolemy.moml.MoMLSimpleApplication@677880da
----------------- Done invoking toplevel() on ptolemy.moml.MoMLSimpleApplication@677880da
reloadAllAccessors: .Expression4

===========================================================================================
----------------- testing Tue Nov 19 06:22:33 UTC 2019 /home/travis/build/icyphy/ptII/ptolemy/actor/lib/test/auto/Expression5.xml
----------------- Instantiating /home/travis/build/icyphy/ptII/ptolemy/actor/lib/test/auto/Expression5.xml
3 ms. Memory: 458752K Free: 192718K (42%)
----------------- Invoking toplevel() on ptolemy.moml.MoMLSimpleApplication@7f81376f
----------------- Done invoking toplevel() on ptolemy.moml.MoMLSimpleApplication@7f81376f
reloadAllAccessors: .Expression5

===========================================================================================
----------------- testing Tue Nov 19 06:22:33 UTC 2019 /home/travis/build/icyphy/ptII/ptolemy/actor/lib/test/auto/Expression6.xml
----------------- Instantiating /home/travis/build/icyphy/ptII/ptolemy/actor/lib/test/auto/Expression6.xml
3 ms. Memory: 458752K Free: 188622K (41%)
----------------- Invoking toplevel() on ptolemy.moml.MoMLSimpleApplication@49965d45
----------------- Done invoking toplevel() on ptolemy.moml.MoMLSimpleApplication@49965d45
reloadAllAccessors: .Expression6

===========================================================================================
----------------- testing Tue Nov 19 06:22:33 UTC 2019 /home/travis/build/icyphy/ptII/ptolemy/actor/lib/test/auto/Expression7.xml
----------------- Instantiating /home/travis/build/icyphy/ptII/ptolemy/actor/lib/test/auto/Expression7.xml
3 ms. Memory: 458752K Free: 183502K (40%)
----------------- Invoking toplevel() on ptolemy.moml.MoMLSimpleApplication@6a32db36
----------------- Done invoking toplevel() on ptolemy.moml.MoMLSimpleApplication@6a32db36
reloadAllAccessors: .Expression7

===========================================================================================
----------------- testing Tue Nov 19 06:22:33 UTC 2019 /home/travis/build/icyphy/ptII/ptolemy/actor/lib/test/auto/Expression8.xml
----------------- Instantiating /home/travis/build/icyphy/ptII/ptolemy/actor/lib/test/auto/Expression8.xml
9 ms. Memory: 458752K Free: 178382K (39%)
----------------- Invoking toplevel() on ptolemy.moml.MoMLSimpleApplication@7e7de15c
----------------- Done invoking toplevel() on ptolemy.moml.MoMLSimpleApplication@7e7de15c
reloadAllAccessors: .Expression8

===========================================================================================
----------------- testing Tue Nov 19 06:22:33 UTC 2019 /home/travis/build/icyphy/ptII/ptolemy/actor/lib/test/auto/Expression9.xml
----------------- Instantiating /home/travis/build/icyphy/ptII/ptolemy/actor/lib/test/auto/Expression9.xml
1 ms. Memory: 458752K Free: 174800K (38%)
----------------- Invoking toplevel() on ptolemy.moml.MoMLSimpleApplication@7d862d00
----------------- Done invoking toplevel() on ptolemy.moml.MoMLSimpleApplication@7d862d00
reloadAllAccessors: .Expression9

===========================================================================================
----------------- testing Tue Nov 19 06:22:33 UTC 2019 /home/travis/build/icyphy/ptII/ptolemy/actor/lib/test/auto/ExpressionConcatenateArrayType.xml
----------------- Instantiating /home/travis/build/icyphy/ptII/ptolemy/actor/lib/test/auto/ExpressionConcatenateArrayType.xml
3 ms. Memory: 458752K Free: 168142K (37%)
----------------- Invoking toplevel() on ptolemy.moml.MoMLSimpleApplication@1e75714d
----------------- Done invoking toplevel() on ptolemy.moml.MoMLSimpleApplication@1e75714d
reloadAllAccessors: .ExpressionConcatenateArrayType

===========================================================================================
----------------- testing Tue Nov 19 06:22:33 UTC 2019 /home/travis/build/icyphy/ptII/ptolemy/actor/lib/test/auto/ExpressionConcatenateArrayType2.xml
----------------- Instantiating /home/travis/build/icyphy/ptII/ptolemy/actor/lib/test/auto/ExpressionConcatenateArrayType2.xml
2 ms. Memory: 458752K Free: 163022K (36%)
----------------- Invoking toplevel() on ptolemy.moml.MoMLSimpleApplication@2943f0e9
----------------- Done invoking toplevel() on ptolemy.moml.MoMLSimpleApplication@2943f0e9
reloadAllAccessors: .ExpressionConcatenateArrayType2

===========================================================================================
----------------- testing Tue Nov 19 06:22:33 UTC 2019 /home/travis/build/icyphy/ptII/ptolemy/actor/lib/test/auto/ExpressionFix.xml
----------------- Instantiating /home/travis/build/icyphy/ptII/ptolemy/actor/lib/test/auto/ExpressionFix.xml
22 ms. Memory: 458752K Free: 156368K (34%)
----------------- Invoking toplevel() on ptolemy.moml.MoMLSimpleApplication@290487c4
----------------- Done invoking toplevel() on ptolemy.moml.MoMLSimpleApplication@290487c4
reloadAllAccessors: .ExpressionFix

===========================================================================================
----------------- testing Tue Nov 19 06:22:33 UTC 2019 /home/travis/build/icyphy/ptII/ptolemy/actor/lib/test/auto/ExpressionFix2.xml
----------------- Instantiating /home/travis/build/icyphy/ptII/ptolemy/actor/lib/test/auto/ExpressionFix2.xml
5 ms. Memory: 458752K Free: 152272K (33%)
----------------- Invoking toplevel() on ptolemy.moml.MoMLSimpleApplication@2b64cf4e
----------------- Done invoking toplevel() on ptolemy.moml.MoMLSimpleApplication@2b64cf4e
reloadAllAccessors: .ExpressionFix2

===========================================================================================
----------------- testing Tue Nov 19 06:22:33 UTC 2019 /home/travis/build/icyphy/ptII/ptolemy/actor/lib/test/auto/ExpressionFix3.xml
----------------- Instantiating /home/travis/build/icyphy/ptII/ptolemy/actor/lib/test/auto/ExpressionFix3.xml
2 ms. Memory: 458752K Free: 148176K (32%)
----------------- Invoking toplevel() on ptolemy.moml.MoMLSimpleApplication@324b7d1
----------------- Done invoking toplevel() on ptolemy.moml.MoMLSimpleApplication@324b7d1
reloadAllAccessors: .ExpressionFix3

===========================================================================================
----------------- testing Tue Nov 19 06:22:33 UTC 2019 /home/travis/build/icyphy/ptII/ptolemy/actor/lib/test/auto/FileWriter1.xml
----------------- Instantiating /home/travis/build/icyphy/ptII/ptolemy/actor/lib/test/auto/FileWriter1.xml
2 ms. Memory: 458752K Free: 144080K (31%)
----------------- Invoking toplevel() on ptolemy.moml.MoMLSimpleApplication@6849da91
----------------- Done invoking toplevel() on ptolemy.moml.MoMLSimpleApplication@6849da91
reloadAllAccessors: .FileWriter1

===========================================================================================
----------------- testing Tue Nov 19 06:22:33 UTC 2019 /home/travis/build/icyphy/ptII/ptolemy/actor/lib/test/auto/FileWriter2.xml
----------------- Instantiating /home/travis/build/icyphy/ptII/ptolemy/actor/lib/test/auto/FileWriter2.xml
3 ms. Memory: 458752K Free: 139984K (31%)
----------------- Invoking toplevel() on ptolemy.moml.MoMLSimpleApplication@2bab523a
----------------- Done invoking toplevel() on ptolemy.moml.MoMLSimpleApplication@2bab523a
reloadAllAccessors: .FileWriter2

===========================================================================================
----------------- testing Tue Nov 19 06:22:33 UTC 2019 /home/travis/build/icyphy/ptII/ptolemy/actor/lib/test/auto/FileWriter3.xml
----------------- Instantiating /home/travis/build/icyphy/ptII/ptolemy/actor/lib/test/auto/FileWriter3.xml
4 ms. Memory: 458752K Free: 407379K (89%)
----------------- Invoking toplevel() on ptolemy.moml.MoMLSimpleApplication@bc07927
----------------- Done invoking toplevel() on ptolemy.moml.MoMLSimpleApplication@bc07927
reloadAllAccessors: .FileWriter3

===========================================================================================
----------------- testing Tue Nov 19 06:22:33 UTC 2019 /home/travis/build/icyphy/ptII/ptolemy/actor/lib/test/auto/Gaussian.xml
----------------- Instantiating /home/travis/build/icyphy/ptII/ptolemy/actor/lib/test/auto/Gaussian.xml
2 ms. Memory: 458752K Free: 402769K (88%)
----------------- Invoking toplevel() on ptolemy.moml.MoMLSimpleApplication@47eb4fbe
----------------- Done invoking toplevel() on ptolemy.moml.MoMLSimpleApplication@47eb4fbe
reloadAllAccessors: .Gaussian

===========================================================================================
----------------- testing Tue Nov 19 06:22:33 UTC 2019 /home/travis/build/icyphy/ptII/ptolemy/actor/lib/test/auto/Gaussian1.xml
----------------- Instantiating /home/travis/build/icyphy/ptII/ptolemy/actor/lib/test/auto/Gaussian1.xml
2 ms. Memory: 458752K Free: 397618K (87%)
----------------- Invoking toplevel() on ptolemy.moml.MoMLSimpleApplication@2f63d3c7
----------------- Done invoking toplevel() on ptolemy.moml.MoMLSimpleApplication@2f63d3c7
reloadAllAccessors: .Gaussian1

===========================================================================================
----------------- testing Tue Nov 19 06:22:33 UTC 2019 /home/travis/build/icyphy/ptII/ptolemy/actor/lib/test/auto/Gaussian2.xml
----------------- Instantiating /home/travis/build/icyphy/ptII/ptolemy/actor/lib/test/auto/Gaussian2.xml
10 ms. Memory: 458752K Free: 392019K (85%)
----------------- Invoking toplevel() on ptolemy.moml.MoMLSimpleApplication@36a85171
----------------- Done invoking toplevel() on ptolemy.moml.MoMLSimpleApplication@36a85171
reloadAllAccessors: .Gaussian2

===========================================================================================
----------------- testing Tue Nov 19 06:22:33 UTC 2019 /home/travis/build/icyphy/ptII/ptolemy/actor/lib/test/auto/GradientAdaptiveLattice.xml
----------------- Instantiating /home/travis/build/icyphy/ptII/ptolemy/actor/lib/test/auto/GradientAdaptiveLattice.xml
4 ms. Memory: 458752K Free: 386899K (84%)
----------------- Invoking toplevel() on ptolemy.moml.MoMLSimpleApplication@28526775
----------------- Done invoking toplevel() on ptolemy.moml.MoMLSimpleApplication@28526775
reloadAllAccessors: .GradientAdaptiveLattice

===========================================================================================
----------------- testing Tue Nov 19 06:22:33 UTC 2019 /home/travis/build/icyphy/ptII/ptolemy/actor/lib/test/auto/IIR.xml
----------------- Instantiating /home/travis/build/icyphy/ptII/ptolemy/actor/lib/test/auto/IIR.xml
2 ms. Memory: 458752K Free: 382803K (83%)
----------------- Invoking toplevel() on ptolemy.moml.MoMLSimpleApplication@3eb9a42b
----------------- Done invoking toplevel() on ptolemy.moml.MoMLSimpleApplication@3eb9a42b
reloadAllAccessors: .IIR

===========================================================================================
----------------- testing Tue Nov 19 06:22:33 UTC 2019 /home/travis/build/icyphy/ptII/ptolemy/actor/lib/test/auto/InputOutputTransparentPorts.xml
----------------- Instantiating /home/travis/build/icyphy/ptII/ptolemy/actor/lib/test/auto/InputOutputTransparentPorts.xml
2 ms. Memory: 458752K Free: 375121K (82%)
----------------- Invoking toplevel() on ptolemy.moml.MoMLSimpleApplication@4025ad35
----------------- Done invoking toplevel() on ptolemy.moml.MoMLSimpleApplication@4025ad35
reloadAllAccessors: .InputOutputTransparentPorts

===========================================================================================
----------------- testing Tue Nov 19 06:22:33 UTC 2019 /home/travis/build/icyphy/ptII/ptolemy/actor/lib/test/auto/Interpolator.xml
----------------- Instantiating /home/travis/build/icyphy/ptII/ptolemy/actor/lib/test/auto/Interpolator.xml
4 ms. Memory: 458752K Free: 371010K (81%)
----------------- Invoking toplevel() on ptolemy.moml.MoMLSimpleApplication@5544ccd7
----------------- Done invoking toplevel() on ptolemy.moml.MoMLSimpleApplication@5544ccd7
reloadAllAccessors: .Interpolator

===========================================================================================
----------------- testing Tue Nov 19 06:22:33 UTC 2019 /home/travis/build/icyphy/ptII/ptolemy/actor/lib/test/auto/InterpolatorFiringLimitDE.xml
----------------- Instantiating /home/travis/build/icyphy/ptII/ptolemy/actor/lib/test/auto/InterpolatorFiringLimitDE.xml
2 ms. Memory: 458752K Free: 365395K (80%)
----------------- Invoking toplevel() on ptolemy.moml.MoMLSimpleApplication@4963b719
----------------- Done invoking toplevel() on ptolemy.moml.MoMLSimpleApplication@4963b719
reloadAllAccessors: .InterpolatorFiringLimitDE

===========================================================================================
----------------- testing Tue Nov 19 06:22:33 UTC 2019 /home/travis/build/icyphy/ptII/ptolemy/actor/lib/test/auto/Lattice.xml
----------------- Instantiating /home/travis/build/icyphy/ptII/ptolemy/actor/lib/test/auto/Lattice.xml
1 ms. Memory: 458752K Free: 361299K (79%)
----------------- Invoking toplevel() on ptolemy.moml.MoMLSimpleApplication@529a8789
----------------- Done invoking toplevel() on ptolemy.moml.MoMLSimpleApplication@529a8789
reloadAllAccessors: .Lattice

===========================================================================================
----------------- testing Tue Nov 19 06:22:33 UTC 2019 /home/travis/build/icyphy/ptII/ptolemy/actor/lib/test/auto/LazyAOCTestLazy.xml
----------------- Instantiating /home/travis/build/icyphy/ptII/ptolemy/actor/lib/test/auto/LazyAOCTestLazy.xml
20 ms. Memory: 458752K Free: 355155K (77%)
----------------- Invoking toplevel() on ptolemy.moml.MoMLSimpleApplication@11fe6ea5
----------------- Done invoking toplevel() on ptolemy.moml.MoMLSimpleApplication@11fe6ea5
reloadAllAccessors: .LazyAOCTestLazy

===========================================================================================
----------------- testing Tue Nov 19 06:22:33 UTC 2019 /home/travis/build/icyphy/ptII/ptolemy/actor/lib/test/auto/LazyAOCTestNonLazy.xml
----------------- Instantiating /home/travis/build/icyphy/ptII/ptolemy/actor/lib/test/auto/LazyAOCTestNonLazy.xml
3 ms. Memory: 458752K Free: 349011K (76%)
----------------- Invoking toplevel() on ptolemy.moml.MoMLSimpleApplication@22de148b
----------------- Done invoking toplevel() on ptolemy.moml.MoMLSimpleApplication@22de148b
reloadAllAccessors: .LazyAOCTestNonLazy

===========================================================================================
----------------- testing Tue Nov 19 06:22:33 UTC 2019 /home/travis/build/icyphy/ptII/ptolemy/actor/lib/test/auto/LazyInnerClass.xml
----------------- Instantiating /home/travis/build/icyphy/ptII/ptolemy/actor/lib/test/auto/LazyInnerClass.xml
15 ms. Memory: 458752K Free: 340274K (74%)
----------------- Invoking toplevel() on ptolemy.moml.MoMLSimpleApplication@3822460f
----------------- Done invoking toplevel() on ptolemy.moml.MoMLSimpleApplication@3822460f
reloadAllAccessors: .LazyInnerClass

===========================================================================================
----------------- testing Tue Nov 19 06:22:33 UTC 2019 /home/travis/build/icyphy/ptII/ptolemy/actor/lib/test/auto/LazyPubSub.xml
----------------- Instantiating /home/travis/build/icyphy/ptII/ptolemy/actor/lib/test/auto/LazyPubSub.xml
27 ms. Memory: 458752K Free: 330065K (72%)
----------------- Invoking toplevel() on ptolemy.moml.MoMLSimpleApplication@3691b369
----------------- Done invoking toplevel() on ptolemy.moml.MoMLSimpleApplication@3691b369
reloadAllAccessors: .LazyPubSub

===========================================================================================
----------------- testing Tue Nov 19 06:22:34 UTC 2019 /home/travis/build/icyphy/ptII/ptolemy/actor/lib/test/auto/LazyPubSub2.xml
----------------- Instantiating /home/travis/build/icyphy/ptII/ptolemy/actor/lib/test/auto/LazyPubSub2.xml
20 ms. Memory: 458752K Free: 319825K (70%)
----------------- Invoking toplevel() on ptolemy.moml.MoMLSimpleApplication@290f2636
----------------- Done invoking toplevel() on ptolemy.moml.MoMLSimpleApplication@290f2636
reloadAllAccessors: .LazyPubSub2

===========================================================================================
----------------- testing Tue Nov 19 06:22:34 UTC 2019 /home/travis/build/icyphy/ptII/ptolemy/actor/lib/test/auto/LazyPubSub3.xml
----------------- Instantiating /home/travis/build/icyphy/ptII/ptolemy/actor/lib/test/auto/LazyPubSub3.xml
17 ms. Memory: 458752K Free: 309585K (67%)
----------------- Invoking toplevel() on ptolemy.moml.MoMLSimpleApplication@19cb73fc
----------------- Done invoking toplevel() on ptolemy.moml.MoMLSimpleApplication@19cb73fc
reloadAllAccessors: .LazyPubSub3

===========================================================================================
----------------- testing Tue Nov 19 06:22:34 UTC 2019 /home/travis/build/icyphy/ptII/ptolemy/actor/lib/test/auto/LazySubClassModel.xml
----------------- Instantiating /home/travis/build/icyphy/ptII/ptolemy/actor/lib/test/auto/LazySubClassModel.xml
2 ms. Memory: 458752K Free: 300369K (65%)
----------------- Invoking toplevel() on ptolemy.moml.MoMLSimpleApplication@252015d6
----------------- Done invoking toplevel() on ptolemy.moml.MoMLSimpleApplication@252015d6
reloadAllAccessors: .LazySubClassModel

===========================================================================================
----------------- testing Tue Nov 19 06:22:34 UTC 2019 /home/travis/build/icyphy/ptII/ptolemy/actor/lib/test/auto/LevelCrossTest1.xml
----------------- Instantiating /home/travis/build/icyphy/ptII/ptolemy/actor/lib/test/auto/LevelCrossTest1.xml
1 ms. Memory: 458752K Free: 295249K (64%)
----------------- Invoking toplevel() on ptolemy.moml.MoMLSimpleApplication@7add8c20
----------------- Done invoking toplevel() on ptolemy.moml.MoMLSimpleApplication@7add8c20
reloadAllAccessors: .broken

===========================================================================================
----------------- testing Tue Nov 19 06:22:34 UTC 2019 /home/travis/build/icyphy/ptII/ptolemy/actor/lib/test/auto/LevelCrossTest10.xml
----------------- Instantiating /home/travis/build/icyphy/ptII/ptolemy/actor/lib/test/auto/LevelCrossTest10.xml
1 ms. Memory: 458752K Free: 287571K (63%)
----------------- Invoking toplevel() on ptolemy.moml.MoMLSimpleApplication@7b7454
----------------- Done invoking toplevel() on ptolemy.moml.MoMLSimpleApplication@7b7454
reloadAllAccessors: .LevelCrossTest10

===========================================================================================
----------------- testing Tue Nov 19 06:22:34 UTC 2019 /home/travis/build/icyphy/ptII/ptolemy/actor/lib/test/auto/LevelCrossTest11.xml
----------------- Instantiating /home/travis/build/icyphy/ptII/ptolemy/actor/lib/test/auto/LevelCrossTest11.xml
2 ms. Memory: 458752K Free: 280913K (61%)
----------------- Invoking toplevel() on ptolemy.moml.MoMLSimpleApplication@4af72720
----------------- Done invoking toplevel() on ptolemy.moml.MoMLSimpleApplication@4af72720
reloadAllAccessors: .LevelCrossTest11

===========================================================================================
----------------- testing Tue Nov 19 06:22:34 UTC 2019 /home/travis/build/icyphy/ptII/ptolemy/actor/lib/test/auto/LevelCrossTest12.xml
----------------- Instantiating /home/travis/build/icyphy/ptII/ptolemy/actor/lib/test/auto/LevelCrossTest12.xml
1 ms. Memory: 458752K Free: 274259K (60%)
----------------- Invoking toplevel() on ptolemy.moml.MoMLSimpleApplication@172f240c
----------------- Done invoking toplevel() on ptolemy.moml.MoMLSimpleApplication@172f240c
reloadAllAccessors: .LevelCrossTest12

===========================================================================================
----------------- testing Tue Nov 19 06:22:34 UTC 2019 /home/travis/build/icyphy/ptII/ptolemy/actor/lib/test/auto/LevelCrossTest13.xml
----------------- Instantiating /home/travis/build/icyphy/ptII/ptolemy/actor/lib/test/auto/LevelCrossTest13.xml
1 ms. Memory: 458752K Free: 267091K (58%)
----------------- Invoking toplevel() on ptolemy.moml.MoMLSimpleApplication@dab3c45
----------------- Done invoking toplevel() on ptolemy.moml.MoMLSimpleApplication@dab3c45
reloadAllAccessors: .LevelCrossTest13

===========================================================================================
----------------- testing Tue Nov 19 06:22:34 UTC 2019 /home/travis/build/icyphy/ptII/ptolemy/actor/lib/test/auto/LevelCrossTest2.xml
----------------- Instantiating /home/travis/build/icyphy/ptII/ptolemy/actor/lib/test/auto/LevelCrossTest2.xml
2 ms. Memory: 458752K Free: 261457K (57%)
----------------- Invoking toplevel() on ptolemy.moml.MoMLSimpleApplication@4a9072cc
----------------- Done invoking toplevel() on ptolemy.moml.MoMLSimpleApplication@4a9072cc
reloadAllAccessors: .broken

===========================================================================================
----------------- testing Tue Nov 19 06:22:34 UTC 2019 /home/travis/build/icyphy/ptII/ptolemy/actor/lib/test/auto/LevelCrossTest3.xml
----------------- Instantiating /home/travis/build/icyphy/ptII/ptolemy/actor/lib/test/auto/LevelCrossTest3.xml
1 ms. Memory: 458752K Free: 254803K (56%)
----------------- Invoking toplevel() on ptolemy.moml.MoMLSimpleApplication@1f7f76fa
----------------- Done invoking toplevel() on ptolemy.moml.MoMLSimpleApplication@1f7f76fa
reloadAllAccessors: .LevelCrossTest3

===========================================================================================
----------------- testing Tue Nov 19 06:22:34 UTC 2019 /home/travis/build/icyphy/ptII/ptolemy/actor/lib/test/auto/LevelCrossTest4.xml
----------------- Instantiating /home/travis/build/icyphy/ptII/ptolemy/actor/lib/test/auto/LevelCrossTest4.xml
1 ms. Memory: 458752K Free: 249683K (54%)
----------------- Invoking toplevel() on ptolemy.moml.MoMLSimpleApplication@726c171c
----------------- Done invoking toplevel() on ptolemy.moml.MoMLSimpleApplication@726c171c
reloadAllAccessors: .broken

===========================================================================================
----------------- testing Tue Nov 19 06:22:34 UTC 2019 /home/travis/build/icyphy/ptII/ptolemy/actor/lib/test/auto/LevelCrossTest5.xml
----------------- Instantiating /home/travis/build/icyphy/ptII/ptolemy/actor/lib/test/auto/LevelCrossTest5.xml
2 ms. Memory: 458752K Free: 242515K (53%)
----------------- Invoking toplevel() on ptolemy.moml.MoMLSimpleApplication@224a6b99
----------------- Done invoking toplevel() on ptolemy.moml.MoMLSimpleApplication@224a6b99
reloadAllAccessors: .LevelCrossTest5

===========================================================================================
----------------- testing Tue Nov 19 06:22:34 UTC 2019 /home/travis/build/icyphy/ptII/ptolemy/actor/lib/test/auto/LevelCrossTest6.xml
----------------- Instantiating /home/travis/build/icyphy/ptII/ptolemy/actor/lib/test/auto/LevelCrossTest6.xml
10 ms. Memory: 458752K Free: 234833K (51%)
----------------- Invoking toplevel() on ptolemy.moml.MoMLSimpleApplication@3797fd93
----------------- Done invoking toplevel() on ptolemy.moml.MoMLSimpleApplication@3797fd93
reloadAllAccessors: .LevelCrossTest6

===========================================================================================
----------------- testing Tue Nov 19 06:22:34 UTC 2019 /home/travis/build/icyphy/ptII/ptolemy/actor/lib/test/auto/LevelCrossTest7.xml
----------------- Instantiating /home/travis/build/icyphy/ptII/ptolemy/actor/lib/test/auto/LevelCrossTest7.xml
2 ms. Memory: 458752K Free: 227155K (50%)
----------------- Invoking toplevel() on ptolemy.moml.MoMLSimpleApplication@5d93fba6
----------------- Done invoking toplevel() on ptolemy.moml.MoMLSimpleApplication@5d93fba6
reloadAllAccessors: .LevelCrossTest7

===========================================================================================
----------------- testing Tue Nov 19 06:22:34 UTC 2019 /home/travis/build/icyphy/ptII/ptolemy/actor/lib/test/auto/LevelCrossTest8.xml
----------------- Instantiating /home/travis/build/icyphy/ptII/ptolemy/actor/lib/test/auto/LevelCrossTest8.xml
1 ms. Memory: 458752K Free: 219473K (48%)
----------------- Invoking toplevel() on ptolemy.moml.MoMLSimpleApplication@61a7cf82
----------------- Done invoking toplevel() on ptolemy.moml.MoMLSimpleApplication@61a7cf82
reloadAllAccessors: .LevelCrossTest8

===========================================================================================
----------------- testing Tue Nov 19 06:22:34 UTC 2019 /home/travis/build/icyphy/ptII/ptolemy/actor/lib/test/auto/LevelCrossTest9.xml
----------------- Instantiating /home/travis/build/icyphy/ptII/ptolemy/actor/lib/test/auto/LevelCrossTest9.xml
2 ms. Memory: 458752K Free: 211795K (46%)
----------------- Invoking toplevel() on ptolemy.moml.MoMLSimpleApplication@3e143251
----------------- Done invoking toplevel() on ptolemy.moml.MoMLSimpleApplication@3e143251
reloadAllAccessors: .LevelCrossTest9

===========================================================================================
----------------- testing Tue Nov 19 06:22:34 UTC 2019 /home/travis/build/icyphy/ptII/ptolemy/actor/lib/test/auto/LevinsonDurbin.xml
----------------- Instantiating /home/travis/build/icyphy/ptII/ptolemy/actor/lib/test/auto/LevinsonDurbin.xml
1 ms. Memory: 458752K Free: 207699K (45%)
----------------- Invoking toplevel() on ptolemy.moml.MoMLSimpleApplication@1ae99e3b
----------------- Done invoking toplevel() on ptolemy.moml.MoMLSimpleApplication@1ae99e3b
reloadAllAccessors: .LevinsonDurbin

===========================================================================================
----------------- testing Tue Nov 19 06:22:34 UTC 2019 /home/travis/build/icyphy/ptII/ptolemy/actor/lib/test/auto/LevinsonDurbin2.xml
----------------- Instantiating /home/travis/build/icyphy/ptII/ptolemy/actor/lib/test/auto/LevinsonDurbin2.xml
1 ms. Memory: 458752K Free: 204113K (44%)
----------------- Invoking toplevel() on ptolemy.moml.MoMLSimpleApplication@8ef455b
----------------- Done invoking toplevel() on ptolemy.moml.MoMLSimpleApplication@8ef455b
reloadAllAccessors: .LevinsonDurbin2

===========================================================================================
----------------- testing Tue Nov 19 06:22:34 UTC 2019 /home/travis/build/icyphy/ptII/ptolemy/actor/lib/test/auto/LevinsonDurbin3.xml
----------------- Instantiating /home/travis/build/icyphy/ptII/ptolemy/actor/lib/test/auto/LevinsonDurbin3.xml
2 ms. Memory: 458752K Free: 200017K (44%)
----------------- Invoking toplevel() on ptolemy.moml.MoMLSimpleApplication@46c5b456
----------------- Done invoking toplevel() on ptolemy.moml.MoMLSimpleApplication@46c5b456
reloadAllAccessors: .LevinsonDurbin3

===========================================================================================
----------------- testing Tue Nov 19 06:22:34 UTC 2019 /home/travis/build/icyphy/ptII/ptolemy/actor/lib/test/auto/Limiter.xml
----------------- Instantiating /home/travis/build/icyphy/ptII/ptolemy/actor/lib/test/auto/Limiter.xml
6 ms. Memory: 458752K Free: 190770K (42%)
----------------- Invoking toplevel() on ptolemy.moml.MoMLSimpleApplication@43ba2e0d
----------------- Done invoking toplevel() on ptolemy.moml.MoMLSimpleApplication@43ba2e0d
reloadAllAccessors: .Limiter

===========================================================================================
----------------- testing Tue Nov 19 06:22:34 UTC 2019 /home/travis/build/icyphy/ptII/ptolemy/actor/lib/test/auto/LinearDifferenceEquationSystem.xml
----------------- Instantiating /home/travis/build/icyphy/ptII/ptolemy/actor/lib/test/auto/LinearDifferenceEquationSystem.xml
4 ms. Memory: 458752K Free: 183123K (40%)
----------------- Invoking toplevel() on ptolemy.moml.MoMLSimpleApplication@2c9d84df
----------------- Done invoking toplevel() on ptolemy.moml.MoMLSimpleApplication@2c9d84df
reloadAllAccessors: .LinearDifferenceEquationSystem

===========================================================================================
----------------- testing Tue Nov 19 06:22:34 UTC 2019 /home/travis/build/icyphy/ptII/ptolemy/actor/lib/test/auto/LookupTable.xml
----------------- Instantiating /home/travis/build/icyphy/ptII/ptolemy/actor/lib/test/auto/LookupTable.xml
2 ms. Memory: 458752K Free: 179027K (39%)
----------------- Invoking toplevel() on ptolemy.moml.MoMLSimpleApplication@44db3225
----------------- Done invoking toplevel() on ptolemy.moml.MoMLSimpleApplication@44db3225
reloadAllAccessors: .LookupTable

===========================================================================================
----------------- testing Tue Nov 19 06:22:34 UTC 2019 /home/travis/build/icyphy/ptII/ptolemy/actor/lib/test/auto/MathFunction.xml
----------------- Instantiating /home/travis/build/icyphy/ptII/ptolemy/actor/lib/test/auto/MathFunction.xml
2 ms. Memory: 458752K Free: 170835K (37%)
----------------- Invoking toplevel() on ptolemy.moml.MoMLSimpleApplication@753504b0
----------------- Done invoking toplevel() on ptolemy.moml.MoMLSimpleApplication@753504b0
reloadAllAccessors: .MathFunction

===========================================================================================
----------------- testing Tue Nov 19 06:22:34 UTC 2019 /home/travis/build/icyphy/ptII/ptolemy/actor/lib/test/auto/MathFunction2.xml
----------------- Instantiating /home/travis/build/icyphy/ptII/ptolemy/actor/lib/test/auto/MathFunction2.xml
1 ms. Memory: 458752K Free: 166739K (36%)
----------------- Invoking toplevel() on ptolemy.moml.MoMLSimpleApplication@5e667382
----------------- Done invoking toplevel() on ptolemy.moml.MoMLSimpleApplication@5e667382
reloadAllAccessors: .MathFunction2

===========================================================================================
----------------- testing Tue Nov 19 06:22:34 UTC 2019 /home/travis/build/icyphy/ptII/ptolemy/actor/lib/test/auto/MathFunction3.xml
----------------- Instantiating /home/travis/build/icyphy/ptII/ptolemy/actor/lib/test/auto/MathFunction3.xml
2 ms. Memory: 458752K Free: 159571K (35%)
----------------- Invoking toplevel() on ptolemy.moml.MoMLSimpleApplication@72ced97e
----------------- Done invoking toplevel() on ptolemy.moml.MoMLSimpleApplication@72ced97e
reloadAllAccessors: .MathFunction3

===========================================================================================
----------------- testing Tue Nov 19 06:22:34 UTC 2019 /home/travis/build/icyphy/ptII/ptolemy/actor/lib/test/auto/MatrixCropBoolean.xml
----------------- Instantiating /home/travis/build/icyphy/ptII/ptolemy/actor/lib/test/auto/MatrixCropBoolean.xml
1 ms. Memory: 458752K Free: 154946K (34%)
----------------- Invoking toplevel() on ptolemy.moml.MoMLSimpleApplication@5b76b834
----------------- Done invoking toplevel() on ptolemy.moml.MoMLSimpleApplication@5b76b834
reloadAllAccessors: .MatrixCropBoolean

===========================================================================================
----------------- testing Tue Nov 19 06:22:34 UTC 2019 /home/travis/build/icyphy/ptII/ptolemy/actor/lib/test/auto/MatrixCropComplex.xml
----------------- Instantiating /home/travis/build/icyphy/ptII/ptolemy/actor/lib/test/auto/MatrixCropComplex.xml
1 ms. Memory: 458752K Free: 149810K (33%)
----------------- Invoking toplevel() on ptolemy.moml.MoMLSimpleApplication@50e62fe3
----------------- Done invoking toplevel() on ptolemy.moml.MoMLSimpleApplication@50e62fe3
reloadAllAccessors: .MatrixCropComplex

===========================================================================================
----------------- testing Tue Nov 19 06:22:34 UTC 2019 /home/travis/build/icyphy/ptII/ptolemy/actor/lib/test/auto/MatrixCropDouble.xml
----------------- Instantiating /home/travis/build/icyphy/ptII/ptolemy/actor/lib/test/auto/MatrixCropDouble.xml
2 ms. Memory: 458752K Free: 144690K (32%)
----------------- Invoking toplevel() on ptolemy.moml.MoMLSimpleApplication@8d69c66
----------------- Done invoking toplevel() on ptolemy.moml.MoMLSimpleApplication@8d69c66
reloadAllAccessors: .MatrixCropDouble

===========================================================================================
----------------- testing Tue Nov 19 06:22:34 UTC 2019 /home/travis/build/icyphy/ptII/ptolemy/actor/lib/test/auto/MatrixCropFix.xml
----------------- Instantiating /home/travis/build/icyphy/ptII/ptolemy/actor/lib/test/auto/MatrixCropFix.xml
2 ms. Memory: 458752K Free: 139570K (30%)
----------------- Invoking toplevel() on ptolemy.moml.MoMLSimpleApplication@3d3cd313
----------------- Done invoking toplevel() on ptolemy.moml.MoMLSimpleApplication@3d3cd313
reloadAllAccessors: .MatrixCropFix

===========================================================================================
----------------- testing Tue Nov 19 06:22:34 UTC 2019 /home/travis/build/icyphy/ptII/ptolemy/actor/lib/test/auto/MatrixCropInt.xml
----------------- Instantiating /home/travis/build/icyphy/ptII/ptolemy/actor/lib/test/auto/MatrixCropInt.xml
2 ms. Memory: 458752K Free: 406317K (89%)
----------------- Invoking toplevel() on ptolemy.moml.MoMLSimpleApplication@6d5e7849
----------------- Done invoking toplevel() on ptolemy.moml.MoMLSimpleApplication@6d5e7849
reloadAllAccessors: .MatrixCropInt

===========================================================================================
----------------- testing Tue Nov 19 06:22:34 UTC 2019 /home/travis/build/icyphy/ptII/ptolemy/actor/lib/test/auto/MatrixCropLong.xml
----------------- Instantiating /home/travis/build/icyphy/ptII/ptolemy/actor/lib/test/auto/MatrixCropLong.xml
2 ms. Memory: 458752K Free: 401741K (88%)
----------------- Invoking toplevel() on ptolemy.moml.MoMLSimpleApplication@5f5e073d
----------------- Done invoking toplevel() on ptolemy.moml.MoMLSimpleApplication@5f5e073d
reloadAllAccessors: .MatrixCropLong

===========================================================================================
----------------- testing Tue Nov 19 06:22:34 UTC 2019 /home/travis/build/icyphy/ptII/ptolemy/actor/lib/test/auto/MatrixToArray.xml
----------------- Instantiating /home/travis/build/icyphy/ptII/ptolemy/actor/lib/test/auto/MatrixToArray.xml
5 ms. Memory: 458752K Free: 386381K (84%)
----------------- Invoking toplevel() on ptolemy.moml.MoMLSimpleApplication@b37cfb2
----------------- Done invoking toplevel() on ptolemy.moml.MoMLSimpleApplication@b37cfb2
reloadAllAccessors: .MatrixToArray

===========================================================================================
----------------- testing Tue Nov 19 06:22:34 UTC 2019 /home/travis/build/icyphy/ptII/ptolemy/actor/lib/test/auto/MaxIndex.xml
----------------- Instantiating /home/travis/build/icyphy/ptII/ptolemy/actor/lib/test/auto/MaxIndex.xml
2 ms. Memory: 458752K Free: 381261K (83%)
----------------- Invoking toplevel() on ptolemy.moml.MoMLSimpleApplication@20f06e22
----------------- Done invoking toplevel() on ptolemy.moml.MoMLSimpleApplication@20f06e22
reloadAllAccessors: .MaxIndex

===========================================================================================
----------------- testing Tue Nov 19 06:22:34 UTC 2019 /home/travis/build/icyphy/ptII/ptolemy/actor/lib/test/auto/Maximum.xml
----------------- Instantiating /home/travis/build/icyphy/ptII/ptolemy/actor/lib/test/auto/Maximum.xml
2 ms. Memory: 458752K Free: 374573K (82%)
----------------- Invoking toplevel() on ptolemy.moml.MoMLSimpleApplication@40756bdc
----------------- Done invoking toplevel() on ptolemy.moml.MoMLSimpleApplication@40756bdc
reloadAllAccessors: .Maximum

===========================================================================================
----------------- testing Tue Nov 19 06:22:34 UTC 2019 /home/travis/build/icyphy/ptII/ptolemy/actor/lib/test/auto/MaximumComplex.xml
----------------- Instantiating /home/travis/build/icyphy/ptII/ptolemy/actor/lib/test/auto/MaximumComplex.xml
4 ms. Memory: 458752K Free: 368973K (80%)
----------------- Invoking toplevel() on ptolemy.moml.MoMLSimpleApplication@7b91daeb
----------------- Done invoking toplevel() on ptolemy.moml.MoMLSimpleApplication@7b91daeb
reloadAllAccessors: .MaximumComplex

===========================================================================================
----------------- testing Tue Nov 19 06:22:34 UTC 2019 /home/travis/build/icyphy/ptII/ptolemy/actor/lib/test/auto/MethodCallTest.xml
----------------- Instantiating /home/travis/build/icyphy/ptII/ptolemy/actor/lib/test/auto/MethodCallTest.xml
5 ms. Memory: 458752K Free: 362315K (79%)
----------------- Invoking toplevel() on ptolemy.moml.MoMLSimpleApplication@706f679b
----------------- Done invoking toplevel() on ptolemy.moml.MoMLSimpleApplication@706f679b
reloadAllAccessors: .MethodCallTest

===========================================================================================
----------------- testing Tue Nov 19 06:22:34 UTC 2019 /home/travis/build/icyphy/ptII/ptolemy/actor/lib/test/auto/Minimum.xml
----------------- Instantiating /home/travis/build/icyphy/ptII/ptolemy/actor/lib/test/auto/Minimum.xml
3 ms. Memory: 458752K Free: 355661K (78%)
----------------- Invoking toplevel() on ptolemy.moml.MoMLSimpleApplication@3a241f45
----------------- Done invoking toplevel() on ptolemy.moml.MoMLSimpleApplication@3a241f45
reloadAllAccessors: .Minimum

===========================================================================================
----------------- testing Tue Nov 19 06:22:34 UTC 2019 /home/travis/build/icyphy/ptII/ptolemy/actor/lib/test/auto/MinimumComplex.xml
----------------- Instantiating /home/travis/build/icyphy/ptII/ptolemy/actor/lib/test/auto/MinimumComplex.xml
3 ms. Memory: 458752K Free: 349517K (76%)
----------------- Invoking toplevel() on ptolemy.moml.MoMLSimpleApplication@6ee4c19c
----------------- Done invoking toplevel() on ptolemy.moml.MoMLSimpleApplication@6ee4c19c
reloadAllAccessors: .MinimumComplex

===========================================================================================
----------------- testing Tue Nov 19 06:22:34 UTC 2019 /home/travis/build/icyphy/ptII/ptolemy/actor/lib/test/auto/MinimumMultiports.xml
----------------- Instantiating /home/travis/build/icyphy/ptII/ptolemy/actor/lib/test/auto/MinimumMultiports.xml
3 ms. Memory: 458752K Free: 340781K (74%)
----------------- Invoking toplevel() on ptolemy.moml.MoMLSimpleApplication@39b72013
----------------- Done invoking toplevel() on ptolemy.moml.MoMLSimpleApplication@39b72013
reloadAllAccessors: .MinimumMultiports

===========================================================================================
----------------- testing Tue Nov 19 06:22:34 UTC 2019 /home/travis/build/icyphy/ptII/ptolemy/actor/lib/test/auto/ModifyDate.xml
----------------- Instantiating /home/travis/build/icyphy/ptII/ptolemy/actor/lib/test/auto/ModifyDate.xml
5 ms. Memory: 458752K Free: 328523K (72%)
----------------- Invoking toplevel() on ptolemy.moml.MoMLSimpleApplication@42252689
----------------- Done invoking toplevel() on ptolemy.moml.MoMLSimpleApplication@42252689
reloadAllAccessors: .ModifyDate

===========================================================================================
----------------- testing Tue Nov 19 06:22:34 UTC 2019 /home/travis/build/icyphy/ptII/ptolemy/actor/lib/test/auto/ModifyDate2.xml
----------------- Instantiating /home/travis/build/icyphy/ptII/ptolemy/actor/lib/test/auto/ModifyDate2.xml
3 ms. Memory: 458752K Free: 319821K (70%)
----------------- Invoking toplevel() on ptolemy.moml.MoMLSimpleApplication@648bb025
----------------- Done invoking toplevel() on ptolemy.moml.MoMLSimpleApplication@648bb025
reloadAllAccessors: .ModifyDate2

===========================================================================================
----------------- testing Tue Nov 19 06:22:34 UTC 2019 /home/travis/build/icyphy/ptII/ptolemy/actor/lib/test/auto/MovingAverage.xml
----------------- Instantiating /home/travis/build/icyphy/ptII/ptolemy/actor/lib/test/auto/MovingAverage.xml
2 ms. Memory: 458752K Free: 314701K (69%)
----------------- Invoking toplevel() on ptolemy.moml.MoMLSimpleApplication@4e6280e7
----------------- Done invoking toplevel() on ptolemy.moml.MoMLSimpleApplication@4e6280e7
reloadAllAccessors: .MovingAverage

===========================================================================================
----------------- testing Tue Nov 19 06:22:34 UTC 2019 /home/travis/build/icyphy/ptII/ptolemy/actor/lib/test/auto/MovingMaximum.xml
----------------- Instantiating /home/travis/build/icyphy/ptII/ptolemy/actor/lib/test/auto/MovingMaximum.xml
11 ms. Memory: 458752K Free: 310091K (68%)
----------------- Invoking toplevel() on ptolemy.moml.MoMLSimpleApplication@4b2e41cc
----------------- Done invoking toplevel() on ptolemy.moml.MoMLSimpleApplication@4b2e41cc
reloadAllAccessors: .MovingMaximum

===========================================================================================
----------------- testing Tue Nov 19 06:22:34 UTC 2019 /home/travis/build/icyphy/ptII/ptolemy/actor/lib/test/auto/MultipleLinksToSameRelation.xml
----------------- Instantiating /home/travis/build/icyphy/ptII/ptolemy/actor/lib/test/auto/MultipleLinksToSameRelation.xml
2 ms. Memory: 458752K Free: 305995K (67%)
----------------- Invoking toplevel() on ptolemy.moml.MoMLSimpleApplication@64ea0df4
----------------- Done invoking toplevel() on ptolemy.moml.MoMLSimpleApplication@64ea0df4
reloadAllAccessors: .MultipleLinksToSameRelation

===========================================================================================
----------------- testing Tue Nov 19 06:22:35 UTC 2019 /home/travis/build/icyphy/ptII/ptolemy/actor/lib/test/auto/MultipleLinksToSameRelationDE.xml
----------------- Instantiating /home/travis/build/icyphy/ptII/ptolemy/actor/lib/test/auto/MultipleLinksToSameRelationDE.xml
7 ms. Memory: 458752K Free: 301885K (66%)
----------------- Invoking toplevel() on ptolemy.moml.MoMLSimpleApplication@11ed153c
----------------- Done invoking toplevel() on ptolemy.moml.MoMLSimpleApplication@11ed153c
reloadAllAccessors: .MultipleLinksToSameRelationDE

===========================================================================================
----------------- testing Tue Nov 19 06:22:35 UTC 2019 /home/travis/build/icyphy/ptII/ptolemy/actor/lib/test/auto/Multiplexor.xml
----------------- Instantiating /home/travis/build/icyphy/ptII/ptolemy/actor/lib/test/auto/Multiplexor.xml
2 ms. Memory: 458752K Free: 296269K (65%)
----------------- Invoking toplevel() on ptolemy.moml.MoMLSimpleApplication@63c82a3a
----------------- Done invoking toplevel() on ptolemy.moml.MoMLSimpleApplication@63c82a3a
reloadAllAccessors: .Multiplexor

===========================================================================================
----------------- testing Tue Nov 19 06:22:35 UTC 2019 /home/travis/build/icyphy/ptII/ptolemy/actor/lib/test/auto/Multiplexor1.xml
----------------- Instantiating /home/travis/build/icyphy/ptII/ptolemy/actor/lib/test/auto/Multiplexor1.xml
2 ms. Memory: 458752K Free: 290125K (63%)
----------------- Invoking toplevel() on ptolemy.moml.MoMLSimpleApplication@f038c6e
----------------- Done invoking toplevel() on ptolemy.moml.MoMLSimpleApplication@f038c6e
reloadAllAccessors: .Multiplexor1

===========================================================================================
----------------- testing Tue Nov 19 06:22:35 UTC 2019 /home/travis/build/icyphy/ptII/ptolemy/actor/lib/test/auto/Multiplexor2.xml
----------------- Instantiating /home/travis/build/icyphy/ptII/ptolemy/actor/lib/test/auto/Multiplexor2.xml
5 ms. Memory: 458752K Free: 283467K (62%)
----------------- Invoking toplevel() on ptolemy.moml.MoMLSimpleApplication@61a8f471
----------------- Done invoking toplevel() on ptolemy.moml.MoMLSimpleApplication@61a8f471
reloadAllAccessors: .Multiplexor2

===========================================================================================
----------------- testing Tue Nov 19 06:22:35 UTC 2019 /home/travis/build/icyphy/ptII/ptolemy/actor/lib/test/auto/Multiplexor3.xml
----------------- Instantiating /home/travis/build/icyphy/ptII/ptolemy/actor/lib/test/auto/Multiplexor3.xml
3 ms. Memory: 458752K Free: 279371K (61%)
----------------- Invoking toplevel() on ptolemy.moml.MoMLSimpleApplication@110d39ad
----------------- Done invoking toplevel() on ptolemy.moml.MoMLSimpleApplication@110d39ad
reloadAllAccessors: .Multiplexor3

===========================================================================================
----------------- testing Tue Nov 19 06:22:35 UTC 2019 /home/travis/build/icyphy/ptII/ptolemy/actor/lib/test/auto/MultiplexorDE.xml
----------------- Instantiating /home/travis/build/icyphy/ptII/ptolemy/actor/lib/test/auto/MultiplexorDE.xml
2 ms. Memory: 458752K Free: 272173K (59%)
----------------- Invoking toplevel() on ptolemy.moml.MoMLSimpleApplication@42ba565a
----------------- Done invoking toplevel() on ptolemy.moml.MoMLSimpleApplication@42ba565a
reloadAllAccessors: .MultiplexorDE

===========================================================================================
----------------- testing Tue Nov 19 06:22:35 UTC 2019 /home/travis/build/icyphy/ptII/ptolemy/actor/lib/test/auto/MultiportBroadcastTest.xml
----------------- Instantiating /home/travis/build/icyphy/ptII/ptolemy/actor/lib/test/auto/MultiportBroadcastTest.xml
91 ms. Memory: 458752K Free: 265549K (58%)
----------------- Invoking toplevel() on ptolemy.moml.MoMLSimpleApplication@3c5cb004
----------------- Done invoking toplevel() on ptolemy.moml.MoMLSimpleApplication@3c5cb004
reloadAllAccessors: .MultiportBroadcastTest

===========================================================================================
----------------- testing Tue Nov 19 06:22:35 UTC 2019 /home/travis/build/icyphy/ptII/ptolemy/actor/lib/test/auto/MultiportOutHangDuringGetWidth.xml
----------------- Instantiating /home/travis/build/icyphy/ptII/ptolemy/actor/lib/test/auto/MultiportOutHangDuringGetWidth.xml
4 ms. Memory: 458752K Free: 253261K (55%)
----------------- Invoking toplevel() on ptolemy.moml.MoMLSimpleApplication@2cdf96bb
----------------- Done invoking toplevel() on ptolemy.moml.MoMLSimpleApplication@2cdf96bb
reloadAllAccessors: .MultiportOutHangDuringGetWidth

===========================================================================================
----------------- testing Tue Nov 19 06:22:35 UTC 2019 /home/travis/build/icyphy/ptII/ptolemy/actor/lib/test/auto/NilToken.xml
----------------- Instantiating /home/travis/build/icyphy/ptII/ptolemy/actor/lib/test/auto/NilToken.xml
2 ms. Memory: 458752K Free: 249165K (54%)
----------------- Invoking toplevel() on ptolemy.moml.MoMLSimpleApplication@3a01f732
----------------- Done invoking toplevel() on ptolemy.moml.MoMLSimpleApplication@3a01f732
reloadAllAccessors: .NilToken

===========================================================================================
----------------- testing Tue Nov 19 06:22:35 UTC 2019 /home/travis/build/icyphy/ptII/ptolemy/actor/lib/test/auto/NilTokenNonStrictTest.xml
----------------- Instantiating /home/travis/build/icyphy/ptII/ptolemy/actor/lib/test/auto/NilTokenNonStrictTest.xml
2 ms. Memory: 458752K Free: 244555K (53%)
----------------- Invoking toplevel() on ptolemy.moml.MoMLSimpleApplication@2dd2986
----------------- Done invoking toplevel() on ptolemy.moml.MoMLSimpleApplication@2dd2986
reloadAllAccessors: .NilTokenNonStrictTest

===========================================================================================
----------------- testing Tue Nov 19 06:22:35 UTC 2019 /home/travis/build/icyphy/ptII/ptolemy/actor/lib/test/auto/NilTokenRecord.xml
----------------- Instantiating /home/travis/build/icyphy/ptII/ptolemy/actor/lib/test/auto/NilTokenRecord.xml
6 ms. Memory: 458752K Free: 237901K (52%)
----------------- Invoking toplevel() on ptolemy.moml.MoMLSimpleApplication@6fd2a192
----------------- Done invoking toplevel() on ptolemy.moml.MoMLSimpleApplication@6fd2a192
reloadAllAccessors: .NilTokenRecord

===========================================================================================
----------------- testing Tue Nov 19 06:22:35 UTC 2019 /home/travis/build/icyphy/ptII/ptolemy/actor/lib/test/auto/NilTokenTypeTest.xml
----------------- Instantiating /home/travis/build/icyphy/ptII/ptolemy/actor/lib/test/auto/NilTokenTypeTest.xml
12 ms. Memory: 458752K Free: 228171K (50%)
----------------- Invoking toplevel() on ptolemy.moml.MoMLSimpleApplication@7cd2e37d
----------------- Done invoking toplevel() on ptolemy.moml.MoMLSimpleApplication@7cd2e37d
reloadAllAccessors: .NilTokenTypeTest

===========================================================================================
----------------- testing Tue Nov 19 06:22:35 UTC 2019 /home/travis/build/icyphy/ptII/ptolemy/actor/lib/test/auto/ObjectToken1.xml
----------------- Instantiating /home/travis/build/icyphy/ptII/ptolemy/actor/lib/test/auto/ObjectToken1.xml
1 ms. Memory: 458752K Free: 224589K (49%)
----------------- Invoking toplevel() on ptolemy.moml.MoMLSimpleApplication@3add2a07
----------------- Done invoking toplevel() on ptolemy.moml.MoMLSimpleApplication@3add2a07
reloadAllAccessors: .ObjectToken1

===========================================================================================
----------------- testing Tue Nov 19 06:22:35 UTC 2019 /home/travis/build/icyphy/ptII/ptolemy/actor/lib/test/auto/OrderedMerge.xml
----------------- Instantiating /home/travis/build/icyphy/ptII/ptolemy/actor/lib/test/auto/OrderedMerge.xml
14 ms. Memory: 458752K Free: 218955K (48%)
----------------- Invoking toplevel() on ptolemy.moml.MoMLSimpleApplication@3976e676
----------------- Done invoking toplevel() on ptolemy.moml.MoMLSimpleApplication@3976e676
reloadAllAccessors: .OrderedMerge

===========================================================================================
----------------- testing Tue Nov 19 06:22:35 UTC 2019 /home/travis/build/icyphy/ptII/ptolemy/actor/lib/test/auto/OrderedRecordDisassembler.xml
----------------- Instantiating /home/travis/build/icyphy/ptII/ptolemy/actor/lib/test/auto/OrderedRecordDisassembler.xml
3 ms. Memory: 458752K Free: 213829K (47%)
----------------- Invoking toplevel() on ptolemy.moml.MoMLSimpleApplication@78da0776
----------------- Done invoking toplevel() on ptolemy.moml.MoMLSimpleApplication@78da0776
reloadAllAccessors: .OrderedRecordDisassembler

===========================================================================================
----------------- testing Tue Nov 19 06:22:35 UTC 2019 /home/travis/build/icyphy/ptII/ptolemy/actor/lib/test/auto/OrderedRecordDisassembler2.xml
----------------- Instantiating /home/travis/build/icyphy/ptII/ptolemy/actor/lib/test/auto/OrderedRecordDisassembler2.xml
4 ms. Memory: 458752K Free: 206157K (45%)
----------------- Invoking toplevel() on ptolemy.moml.MoMLSimpleApplication@df13634
----------------- Done invoking toplevel() on ptolemy.moml.MoMLSimpleApplication@df13634
reloadAllAccessors: .OrderedRecordDisassembler2

===========================================================================================
----------------- testing Tue Nov 19 06:22:35 UTC 2019 /home/travis/build/icyphy/ptII/ptolemy/actor/lib/test/auto/OrderedRecordUpdater.xml
----------------- Instantiating /home/travis/build/icyphy/ptII/ptolemy/actor/lib/test/auto/OrderedRecordUpdater.xml
2 ms. Memory: 458752K Free: 201547K (44%)
----------------- Invoking toplevel() on ptolemy.moml.MoMLSimpleApplication@47b3fd50
----------------- Done invoking toplevel() on ptolemy.moml.MoMLSimpleApplication@47b3fd50
reloadAllAccessors: .RecordUpdater

===========================================================================================
----------------- testing Tue Nov 19 06:22:35 UTC 2019 /home/travis/build/icyphy/ptII/ptolemy/actor/lib/test/auto/OrderedRecordUpdater2.xml
----------------- Instantiating /home/travis/build/icyphy/ptII/ptolemy/actor/lib/test/auto/OrderedRecordUpdater2.xml
3 ms. Memory: 458752K Free: 196427K (43%)
----------------- Invoking toplevel() on ptolemy.moml.MoMLSimpleApplication@5d39e5fd
----------------- Done invoking toplevel() on ptolemy.moml.MoMLSimpleApplication@5d39e5fd
reloadAllAccessors: .RecordUpdater2

===========================================================================================
----------------- testing Tue Nov 19 06:22:35 UTC 2019 /home/travis/build/icyphy/ptII/ptolemy/actor/lib/test/auto/PhaseUnwrap.xml
----------------- Instantiating /home/travis/build/icyphy/ptII/ptolemy/actor/lib/test/auto/PhaseUnwrap.xml
2 ms. Memory: 458752K Free: 192331K (42%)
----------------- Invoking toplevel() on ptolemy.moml.MoMLSimpleApplication@1bf41d2f
----------------- Done invoking toplevel() on ptolemy.moml.MoMLSimpleApplication@1bf41d2f
reloadAllAccessors: .PhaseUnwrap

===========================================================================================
----------------- testing Tue Nov 19 06:22:35 UTC 2019 /home/travis/build/icyphy/ptII/ptolemy/actor/lib/test/auto/PoissonClock.xml
----------------- Instantiating /home/travis/build/icyphy/ptII/ptolemy/actor/lib/test/auto/PoissonClock.xml
3 ms. Memory: 458752K Free: 188235K (41%)
----------------- Invoking toplevel() on ptolemy.moml.MoMLSimpleApplication@1792f6e
----------------- Done invoking toplevel() on ptolemy.moml.MoMLSimpleApplication@1792f6e
reloadAllAccessors: .PoissonClock

===========================================================================================
----------------- testing Tue Nov 19 06:22:35 UTC 2019 /home/travis/build/icyphy/ptII/ptolemy/actor/lib/test/auto/PoissonClock2.xml
----------------- Instantiating /home/travis/build/icyphy/ptII/ptolemy/actor/lib/test/auto/PoissonClock2.xml
2 ms. Memory: 458752K Free: 183629K (40%)
----------------- Invoking toplevel() on ptolemy.moml.MoMLSimpleApplication@6ddd6097
----------------- Done invoking toplevel() on ptolemy.moml.MoMLSimpleApplication@6ddd6097
reloadAllAccessors: .PoissonClock2

===========================================================================================
----------------- testing Tue Nov 19 06:22:35 UTC 2019 /home/travis/build/icyphy/ptII/ptolemy/actor/lib/test/auto/PoissonClock3.xml
----------------- Instantiating /home/travis/build/icyphy/ptII/ptolemy/actor/lib/test/auto/PoissonClock3.xml
1 ms. Memory: 458752K Free: 179019K (39%)
----------------- Invoking toplevel() on ptolemy.moml.MoMLSimpleApplication@773c63e5
----------------- Done invoking toplevel() on ptolemy.moml.MoMLSimpleApplication@773c63e5
reloadAllAccessors: .PoissonClock3

===========================================================================================
----------------- testing Tue Nov 19 06:22:35 UTC 2019 /home/travis/build/icyphy/ptII/ptolemy/actor/lib/test/auto/PubSubWithInitialTokens.xml
----------------- Instantiating /home/travis/build/icyphy/ptII/ptolemy/actor/lib/test/auto/PubSubWithInitialTokens.xml
2 ms. Memory: 458752K Free: 173389K (38%)
----------------- Invoking toplevel() on ptolemy.moml.MoMLSimpleApplication@452c9773
----------------- Done invoking toplevel() on ptolemy.moml.MoMLSimpleApplication@452c9773
reloadAllAccessors: .PubSubWithInitialTokens

===========================================================================================
----------------- testing Tue Nov 19 06:22:35 UTC 2019 /home/travis/build/icyphy/ptII/ptolemy/actor/lib/test/auto/PubSubWithInitialTokens2.xml
----------------- Instantiating /home/travis/build/icyphy/ptII/ptolemy/actor/lib/test/auto/PubSubWithInitialTokens2.xml
2 ms. Memory: 458752K Free: 167245K (36%)
----------------- Invoking toplevel() on ptolemy.moml.MoMLSimpleApplication@72cb4442
----------------- Done invoking toplevel() on ptolemy.moml.MoMLSimpleApplication@72cb4442
reloadAllAccessors: .PubSubWithInitialTokens2

===========================================================================================
----------------- testing Tue Nov 19 06:22:35 UTC 2019 /home/travis/build/icyphy/ptII/ptolemy/actor/lib/test/auto/PublisherClassNoParameter.xml
----------------- Instantiating /home/travis/build/icyphy/ptII/ptolemy/actor/lib/test/auto/PublisherClassNoParameter.xml
2 ms. Memory: 458752K Free: 157501K (34%)
----------------- Invoking toplevel() on ptolemy.moml.MoMLSimpleApplication@61ad32aa
----------------- Done invoking toplevel() on ptolemy.moml.MoMLSimpleApplication@61ad32aa
reloadAllAccessors: .PublisherClassNoParameter

===========================================================================================
----------------- testing Tue Nov 19 06:22:35 UTC 2019 /home/travis/build/icyphy/ptII/ptolemy/actor/lib/test/auto/PublisherClassParameter.xml
----------------- Instantiating /home/travis/build/icyphy/ptII/ptolemy/actor/lib/test/auto/PublisherClassParameter.xml
2 ms. Memory: 458752K Free: 147269K (32%)
----------------- Invoking toplevel() on ptolemy.moml.MoMLSimpleApplication@4095f348
----------------- Done invoking toplevel() on ptolemy.moml.MoMLSimpleApplication@4095f348
reloadAllAccessors: .PublisherClassParameter

===========================================================================================
----------------- testing Tue Nov 19 06:22:35 UTC 2019 /home/travis/build/icyphy/ptII/ptolemy/actor/lib/test/auto/PublisherNonStrictTest.xml
----------------- Instantiating /home/travis/build/icyphy/ptII/ptolemy/actor/lib/test/auto/PublisherNonStrictTest.xml
2 ms. Memory: 458752K Free: 140101K (31%)
----------------- Invoking toplevel() on ptolemy.moml.MoMLSimpleApplication@5568f1e1
----------------- Done invoking toplevel() on ptolemy.moml.MoMLSimpleApplication@5568f1e1
reloadAllAccessors: .PublisherNonStrictTest

===========================================================================================
----------------- testing Tue Nov 19 06:22:35 UTC 2019 /home/travis/build/icyphy/ptII/ptolemy/actor/lib/test/auto/PublisherPort1.xml
----------------- Instantiating /home/travis/build/icyphy/ptII/ptolemy/actor/lib/test/auto/PublisherPort1.xml
2 ms. Memory: 458752K Free: 405710K (88%)
----------------- Invoking toplevel() on ptolemy.moml.MoMLSimpleApplication@4ed7e90b
----------------- Done invoking toplevel() on ptolemy.moml.MoMLSimpleApplication@4ed7e90b
reloadAllAccessors: .PublisherPort1

===========================================================================================
----------------- testing Tue Nov 19 06:22:35 UTC 2019 /home/travis/build/icyphy/ptII/ptolemy/actor/lib/test/auto/PublisherPort2.xml
----------------- Instantiating /home/travis/build/icyphy/ptII/ptolemy/actor/lib/test/auto/PublisherPort2.xml
1 ms. Memory: 458752K Free: 400590K (87%)
----------------- Invoking toplevel() on ptolemy.moml.MoMLSimpleApplication@7f03c065
----------------- Done invoking toplevel() on ptolemy.moml.MoMLSimpleApplication@7f03c065
reloadAllAccessors: .PublisherPort2

===========================================================================================
----------------- testing Tue Nov 19 06:22:35 UTC 2019 /home/travis/build/icyphy/ptII/ptolemy/actor/lib/test/auto/PublisherPort3.xml
----------------- Instantiating /home/travis/build/icyphy/ptII/ptolemy/actor/lib/test/auto/PublisherPort3.xml
15 ms. Memory: 458752K Free: 393902K (86%)
----------------- Invoking toplevel() on ptolemy.moml.MoMLSimpleApplication@af6e7e5
----------------- Done invoking toplevel() on ptolemy.moml.MoMLSimpleApplication@af6e7e5
reloadAllAccessors: .PublisherPort3

===========================================================================================
----------------- testing Tue Nov 19 06:22:35 UTC 2019 /home/travis/build/icyphy/ptII/ptolemy/actor/lib/test/auto/PublisherPort4.xml
----------------- Instantiating /home/travis/build/icyphy/ptII/ptolemy/actor/lib/test/auto/PublisherPort4.xml
2 ms. Memory: 458752K Free: 388302K (85%)
----------------- Invoking toplevel() on ptolemy.moml.MoMLSimpleApplication@5796707d
----------------- Done invoking toplevel() on ptolemy.moml.MoMLSimpleApplication@5796707d
reloadAllAccessors: .PublisherPort4

===========================================================================================
----------------- testing Tue Nov 19 06:22:35 UTC 2019 /home/travis/build/icyphy/ptII/ptolemy/actor/lib/test/auto/PublisherPort5.xml
----------------- Instantiating /home/travis/build/icyphy/ptII/ptolemy/actor/lib/test/auto/PublisherPort5.xml
3 ms. Memory: 458752K Free: 380620K (83%)
----------------- Invoking toplevel() on ptolemy.moml.MoMLSimpleApplication@9dd40b2
----------------- Done invoking toplevel() on ptolemy.moml.MoMLSimpleApplication@9dd40b2
reloadAllAccessors: .PublisherPort5

===========================================================================================
----------------- testing Tue Nov 19 06:22:35 UTC 2019 /home/travis/build/icyphy/ptII/ptolemy/actor/lib/test/auto/PublisherPort5LookAlike.xml
----------------- Instantiating /home/travis/build/icyphy/ptII/ptolemy/actor/lib/test/auto/PublisherPort5LookAlike.xml
8 ms. Memory: 458752K Free: 372942K (81%)
----------------- Invoking toplevel() on ptolemy.moml.MoMLSimpleApplication@55f4dc3c
----------------- Done invoking toplevel() on ptolemy.moml.MoMLSimpleApplication@55f4dc3c
reloadAllAccessors: .PublisherPort5LookAlike

===========================================================================================
----------------- testing Tue Nov 19 06:22:35 UTC 2019 /home/travis/build/icyphy/ptII/ptolemy/actor/lib/test/auto/PublisherPort6.xml
----------------- Instantiating /home/travis/build/icyphy/ptII/ptolemy/actor/lib/test/auto/PublisherPort6.xml
2 ms. Memory: 458752K Free: 366284K (80%)
----------------- Invoking toplevel() on ptolemy.moml.MoMLSimpleApplication@b5aa953
----------------- Done invoking toplevel() on ptolemy.moml.MoMLSimpleApplication@b5aa953
reloadAllAccessors: .PublisherPort6

===========================================================================================
----------------- testing Tue Nov 19 06:22:35 UTC 2019 /home/travis/build/icyphy/ptII/ptolemy/actor/lib/test/auto/PublisherPort7.xml
----------------- Instantiating /home/travis/build/icyphy/ptII/ptolemy/actor/lib/test/auto/PublisherPort7.xml
3 ms. Memory: 458752K Free: 358606K (78%)
----------------- Invoking toplevel() on ptolemy.moml.MoMLSimpleApplication@54b8c7e7
----------------- Done invoking toplevel() on ptolemy.moml.MoMLSimpleApplication@54b8c7e7
reloadAllAccessors: .PublisherPort7

===========================================================================================
----------------- testing Tue Nov 19 06:22:35 UTC 2019 /home/travis/build/icyphy/ptII/ptolemy/actor/lib/test/auto/PublisherPort8.xml
----------------- Instantiating /home/travis/build/icyphy/ptII/ptolemy/actor/lib/test/auto/PublisherPort8.xml
4 ms. Memory: 458752K Free: 350414K (76%)
----------------- Invoking toplevel() on ptolemy.moml.MoMLSimpleApplication@55bf320a
----------------- Done invoking toplevel() on ptolemy.moml.MoMLSimpleApplication@55bf320a
reloadAllAccessors: .PublisherPort8

===========================================================================================
----------------- testing Tue Nov 19 06:22:35 UTC 2019 /home/travis/build/icyphy/ptII/ptolemy/actor/lib/test/auto/PublisherPortSubscriberChannelVariablesAOC2.xml
----------------- Instantiating /home/travis/build/icyphy/ptII/ptolemy/actor/lib/test/auto/PublisherPortSubscriberChannelVariablesAOC2.xml
3 ms. Memory: 458752K Free: 332492K (72%)
----------------- Invoking toplevel() on ptolemy.moml.MoMLSimpleApplication@9c4d058
----------------- Done invoking toplevel() on ptolemy.moml.MoMLSimpleApplication@9c4d058
reloadAllAccessors: .PublisherPortSubscriberChannelVariablesAOC2

===========================================================================================
----------------- testing Tue Nov 19 06:22:35 UTC 2019 /home/travis/build/icyphy/ptII/ptolemy/actor/lib/test/auto/PublisherPortSubscriberOpaqueWidthInference.xml
----------------- Instantiating /home/travis/build/icyphy/ptII/ptolemy/actor/lib/test/auto/PublisherPortSubscriberOpaqueWidthInference.xml
3 ms. Memory: 458752K Free: 324286K (71%)
----------------- Invoking toplevel() on ptolemy.moml.MoMLSimpleApplication@3bcbcd0f
----------------- Done invoking toplevel() on ptolemy.moml.MoMLSimpleApplication@3bcbcd0f
reloadAllAccessors: .PublisherPortSubscriberOpaqueWidthInference

===========================================================================================
----------------- testing Tue Nov 19 06:22:35 UTC 2019 /home/travis/build/icyphy/ptII/ptolemy/actor/lib/test/auto/PublisherPortSubscriberPortAdjacent.xml
----------------- Instantiating /home/travis/build/icyphy/ptII/ptolemy/actor/lib/test/auto/PublisherPortSubscriberPortAdjacent.xml
2 ms. Memory: 458752K Free: 316108K (69%)
----------------- Invoking toplevel() on ptolemy.moml.MoMLSimpleApplication@581c7c53
----------------- Done invoking toplevel() on ptolemy.moml.MoMLSimpleApplication@581c7c53
reloadAllAccessors: .PublisherPortSubscriberPortAdjacent

===========================================================================================
----------------- testing Tue Nov 19 06:22:35 UTC 2019 /home/travis/build/icyphy/ptII/ptolemy/actor/lib/test/auto/PublisherPortSubscriberPortExpression.xml
----------------- Instantiating /home/travis/build/icyphy/ptII/ptolemy/actor/lib/test/auto/PublisherPortSubscriberPortExpression.xml
3 ms. Memory: 458752K Free: 308430K (67%)
----------------- Invoking toplevel() on ptolemy.moml.MoMLSimpleApplication@18842507
----------------- Done invoking toplevel() on ptolemy.moml.MoMLSimpleApplication@18842507
reloadAllAccessors: .PublisherPortSubscriberPortExpression

===========================================================================================
----------------- testing Tue Nov 19 06:22:35 UTC 2019 /home/travis/build/icyphy/ptII/ptolemy/actor/lib/test/auto/PublisherPortSubscriberPortOpaqueD3Reverse.xml
----------------- Instantiating /home/travis/build/icyphy/ptII/ptolemy/actor/lib/test/auto/PublisherPortSubscriberPortOpaqueD3Reverse.xml
5 ms. Memory: 458752K Free: 298190K (65%)
----------------- Invoking toplevel() on ptolemy.moml.MoMLSimpleApplication@65fdbff9
----------------- Done invoking toplevel() on ptolemy.moml.MoMLSimpleApplication@65fdbff9
reloadAllAccessors: .PublisherPortSubscriberPortOpaqueD3Reverse

===========================================================================================
----------------- testing Tue Nov 19 06:22:35 UTC 2019 /home/travis/build/icyphy/ptII/ptolemy/actor/lib/test/auto/PublisherPortSubscriberPortOpaqueWidthInference.xml
----------------- Instantiating /home/travis/build/icyphy/ptII/ptolemy/actor/lib/test/auto/PublisherPortSubscriberPortOpaqueWidthInference.xml
4 ms. Memory: 458752K Free: 290494K (63%)
----------------- Invoking toplevel() on ptolemy.moml.MoMLSimpleApplication@3ab4909c
----------------- Done invoking toplevel() on ptolemy.moml.MoMLSimpleApplication@3ab4909c
reloadAllAccessors: .PublisherPortSubscriberPortOpaqueWidthInference

===========================================================================================
----------------- testing Tue Nov 19 06:22:35 UTC 2019 /home/travis/build/icyphy/ptII/ptolemy/actor/lib/test/auto/PublisherPortToplevelSubscriberPortAOC.xml
----------------- Instantiating /home/travis/build/icyphy/ptII/ptolemy/actor/lib/test/auto/PublisherPortToplevelSubscriberPortAOC.xml
.PublisherPortToplevelSubscriberPortAOC.TestExceptionAttribute: initialize() was not invoked, but wrapup() was.  This is unusual, but not always a problem.  For example, exporting JNLP will do this.
1 ms. Memory: 458752K Free: 284878K (62%)
----------------- Invoking toplevel() on ptolemy.moml.MoMLSimpleApplication@491e4612
----------------- Done invoking toplevel() on ptolemy.moml.MoMLSimpleApplication@491e4612
reloadAllAccessors: .PublisherPortToplevelSubscriberPortAOC

===========================================================================================
----------------- testing Tue Nov 19 06:22:35 UTC 2019 /home/travis/build/icyphy/ptII/ptolemy/actor/lib/test/auto/PublisherSubscriber.xml
----------------- Instantiating /home/travis/build/icyphy/ptII/ptolemy/actor/lib/test/auto/PublisherSubscriber.xml
3 ms. Memory: 458752K Free: 277166K (60%)
----------------- Invoking toplevel() on ptolemy.moml.MoMLSimpleApplication@65b539a1
----------------- Done invoking toplevel() on ptolemy.moml.MoMLSimpleApplication@65b539a1
reloadAllAccessors: .PublisherSubscriber

===========================================================================================
----------------- testing Tue Nov 19 06:22:35 UTC 2019 /home/travis/build/icyphy/ptII/ptolemy/actor/lib/test/auto/PublisherSubscriber10.xml
----------------- Instantiating /home/travis/build/icyphy/ptII/ptolemy/actor/lib/test/auto/PublisherSubscriber10.xml
6 ms. Memory: 458752K Free: 267470K (58%)
----------------- Invoking toplevel() on ptolemy.moml.MoMLSimpleApplication@7b6bb086
----------------- Done invoking toplevel() on ptolemy.moml.MoMLSimpleApplication@7b6bb086
reloadAllAccessors: .PublisherSubscriber10

===========================================================================================
----------------- testing Tue Nov 19 06:22:36 UTC 2019 /home/travis/build/icyphy/ptII/ptolemy/actor/lib/test/auto/PublisherSubscriber10InitialOutputs.xml
----------------- Instantiating /home/travis/build/icyphy/ptII/ptolemy/actor/lib/test/auto/PublisherSubscriber10InitialOutputs.xml
17 ms. Memory: 458752K Free: 258254K (56%)
----------------- Invoking toplevel() on ptolemy.moml.MoMLSimpleApplication@2596082a
----------------- Done invoking toplevel() on ptolemy.moml.MoMLSimpleApplication@2596082a
reloadAllAccessors: .PublisherSubscriber10InitialOutputs

===========================================================================================
----------------- testing Tue Nov 19 06:22:36 UTC 2019 /home/travis/build/icyphy/ptII/ptolemy/actor/lib/test/auto/PublisherSubscriber11.xml
----------------- Instantiating /home/travis/build/icyphy/ptII/ptolemy/actor/lib/test/auto/PublisherSubscriber11.xml
3 ms. Memory: 458752K Free: 252110K (55%)
----------------- Invoking toplevel() on ptolemy.moml.MoMLSimpleApplication@3dd6b556
----------------- Done invoking toplevel() on ptolemy.moml.MoMLSimpleApplication@3dd6b556
reloadAllAccessors: .PublisherSubscriber11

===========================================================================================
----------------- testing Tue Nov 19 06:22:36 UTC 2019 /home/travis/build/icyphy/ptII/ptolemy/actor/lib/test/auto/PublisherSubscriber12.xml
----------------- Instantiating /home/travis/build/icyphy/ptII/ptolemy/actor/lib/test/auto/PublisherSubscriber12.xml
4 ms. Memory: 458752K Free: 244942K (53%)
----------------- Invoking toplevel() on ptolemy.moml.MoMLSimpleApplication@8d6e98a
----------------- Done invoking toplevel() on ptolemy.moml.MoMLSimpleApplication@8d6e98a
reloadAllAccessors: .PublisherSubscriber12

===========================================================================================
----------------- testing Tue Nov 19 06:22:36 UTC 2019 /home/travis/build/icyphy/ptII/ptolemy/actor/lib/test/auto/PublisherSubscriber13.xml
----------------- Instantiating /home/travis/build/icyphy/ptII/ptolemy/actor/lib/test/auto/PublisherSubscriber13.xml
2 ms. Memory: 458752K Free: 239294K (52%)
----------------- Invoking toplevel() on ptolemy.moml.MoMLSimpleApplication@7f7e0d72
----------------- Done invoking toplevel() on ptolemy.moml.MoMLSimpleApplication@7f7e0d72
reloadAllAccessors: .PublisherSubscriber13

===========================================================================================
----------------- testing Tue Nov 19 06:22:36 UTC 2019 /home/travis/build/icyphy/ptII/ptolemy/actor/lib/test/auto/PublisherSubscriber14.xml
----------------- Instantiating /home/travis/build/icyphy/ptII/ptolemy/actor/lib/test/auto/PublisherSubscriber14.xml
2 ms. Memory: 458752K Free: 230606K (50%)
----------------- Invoking toplevel() on ptolemy.moml.MoMLSimpleApplication@75cd7e8a
----------------- Done invoking toplevel() on ptolemy.moml.MoMLSimpleApplication@75cd7e8a
reloadAllAccessors: .PublisherSubscriber14

===========================================================================================
----------------- testing Tue Nov 19 06:22:36 UTC 2019 /home/travis/build/icyphy/ptII/ptolemy/actor/lib/test/auto/PublisherSubscriber2.xml
----------------- Instantiating /home/travis/build/icyphy/ptII/ptolemy/actor/lib/test/auto/PublisherSubscriber2.xml
3 ms. Memory: 458752K Free: 225486K (49%)
----------------- Invoking toplevel() on ptolemy.moml.MoMLSimpleApplication@a85e58d
----------------- Done invoking toplevel() on ptolemy.moml.MoMLSimpleApplication@a85e58d
reloadAllAccessors: .PublisherSubscriber2

===========================================================================================
----------------- testing Tue Nov 19 06:22:36 UTC 2019 /home/travis/build/icyphy/ptII/ptolemy/actor/lib/test/auto/PublisherSubscriber3.xml
----------------- Instantiating /home/travis/build/icyphy/ptII/ptolemy/actor/lib/test/auto/PublisherSubscriber3.xml
2 ms. Memory: 458752K Free: 219822K (48%)
----------------- Invoking toplevel() on ptolemy.moml.MoMLSimpleApplication@67ec050c
----------------- Done invoking toplevel() on ptolemy.moml.MoMLSimpleApplication@67ec050c
reloadAllAccessors: .PublisherSubscriber3

===========================================================================================
----------------- testing Tue Nov 19 06:22:36 UTC 2019 /home/travis/build/icyphy/ptII/ptolemy/actor/lib/test/auto/PublisherSubscriber4.xml
----------------- Instantiating /home/travis/build/icyphy/ptII/ptolemy/actor/lib/test/auto/PublisherSubscriber4.xml
1 ms. Memory: 458752K Free: 214702K (47%)
----------------- Invoking toplevel() on ptolemy.moml.MoMLSimpleApplication@2a888a76
----------------- Done invoking toplevel() on ptolemy.moml.MoMLSimpleApplication@2a888a76
reloadAllAccessors: .PublisherSubscriber4

===========================================================================================
----------------- testing Tue Nov 19 06:22:36 UTC 2019 /home/travis/build/icyphy/ptII/ptolemy/actor/lib/test/auto/PublisherSubscriber5.xml
----------------- Instantiating /home/travis/build/icyphy/ptII/ptolemy/actor/lib/test/auto/PublisherSubscriber5.xml
2 ms. Memory: 458752K Free: 208078K (45%)
----------------- Invoking toplevel() on ptolemy.moml.MoMLSimpleApplication@55bf2b6
----------------- Done invoking toplevel() on ptolemy.moml.MoMLSimpleApplication@55bf2b6
reloadAllAccessors: .PublisherSubscriber5

===========================================================================================
----------------- testing Tue Nov 19 06:22:36 UTC 2019 /home/travis/build/icyphy/ptII/ptolemy/actor/lib/test/auto/PublisherSubscriber6.xml
----------------- Instantiating /home/travis/build/icyphy/ptII/ptolemy/actor/lib/test/auto/PublisherSubscriber6.xml
4 ms. Memory: 458752K Free: 201406K (44%)
----------------- Invoking toplevel() on ptolemy.moml.MoMLSimpleApplication@34d74597
----------------- Done invoking toplevel() on ptolemy.moml.MoMLSimpleApplication@34d74597
reloadAllAccessors: .PublisherSubscriber6

===========================================================================================
----------------- testing Tue Nov 19 06:22:36 UTC 2019 /home/travis/build/icyphy/ptII/ptolemy/actor/lib/test/auto/PublisherSubscriber7.xml
----------------- Instantiating /home/travis/build/icyphy/ptII/ptolemy/actor/lib/test/auto/PublisherSubscriber7.xml
7 ms. Memory: 458752K Free: 194252K (42%)
----------------- Invoking toplevel() on ptolemy.moml.MoMLSimpleApplication@6127029a
----------------- Done invoking toplevel() on ptolemy.moml.MoMLSimpleApplication@6127029a
reloadAllAccessors: .PublisherSubscriber7

===========================================================================================
----------------- testing Tue Nov 19 06:22:36 UTC 2019 /home/travis/build/icyphy/ptII/ptolemy/actor/lib/test/auto/PublisherSubscriber8.xml
----------------- Instantiating /home/travis/build/icyphy/ptII/ptolemy/actor/lib/test/auto/PublisherSubscriber8.xml
16 ms. Memory: 458752K Free: 182478K (40%)
----------------- Invoking toplevel() on ptolemy.moml.MoMLSimpleApplication@1c1ce188
----------------- Done invoking toplevel() on ptolemy.moml.MoMLSimpleApplication@1c1ce188
reloadAllAccessors: .PublisherSubscriber8

===========================================================================================
----------------- testing Tue Nov 19 06:22:36 UTC 2019 /home/travis/build/icyphy/ptII/ptolemy/actor/lib/test/auto/PublisherSubscriber9.xml
----------------- Instantiating /home/travis/build/icyphy/ptII/ptolemy/actor/lib/test/auto/PublisherSubscriber9.xml
3 ms. Memory: 458752K Free: 175310K (38%)
----------------- Invoking toplevel() on ptolemy.moml.MoMLSimpleApplication@54baa6ac
----------------- Done invoking toplevel() on ptolemy.moml.MoMLSimpleApplication@54baa6ac
reloadAllAccessors: .PublisherSubscriber9

===========================================================================================
----------------- testing Tue Nov 19 06:22:36 UTC 2019 /home/travis/build/icyphy/ptII/ptolemy/actor/lib/test/auto/PublisherSubscriberAdjacent.xml
----------------- Instantiating /home/travis/build/icyphy/ptII/ptolemy/actor/lib/test/auto/PublisherSubscriberAdjacent.xml
2 ms. Memory: 458752K Free: 167118K (36%)
----------------- Invoking toplevel() on ptolemy.moml.MoMLSimpleApplication@b433f99
----------------- Done invoking toplevel() on ptolemy.moml.MoMLSimpleApplication@b433f99
reloadAllAccessors: .PublisherSubscriberAdjacent

===========================================================================================
----------------- testing Tue Nov 19 06:22:36 UTC 2019 /home/travis/build/icyphy/ptII/ptolemy/actor/lib/test/auto/PublisherSubscriberChannelVariablesAOC2.xml
----------------- Instantiating /home/travis/build/icyphy/ptII/ptolemy/actor/lib/test/auto/PublisherSubscriberChannelVariablesAOC2.xml
2 ms. Memory: 458752K Free: 152254K (33%)
----------------- Invoking toplevel() on ptolemy.moml.MoMLSimpleApplication@4b8975b5
----------------- Done invoking toplevel() on ptolemy.moml.MoMLSimpleApplication@4b8975b5
reloadAllAccessors: .PublisherSubscriberChannelVariablesAOC2

===========================================================================================
----------------- testing Tue Nov 19 06:22:36 UTC 2019 /home/travis/build/icyphy/ptII/ptolemy/actor/lib/test/auto/PublisherSubscriberD3.xml
----------------- Instantiating /home/travis/build/icyphy/ptII/ptolemy/actor/lib/test/auto/PublisherSubscriberD3.xml
5 ms. Memory: 458752K Free: 145100K (32%)
----------------- Invoking toplevel() on ptolemy.moml.MoMLSimpleApplication@115ef820
----------------- Done invoking toplevel() on ptolemy.moml.MoMLSimpleApplication@115ef820
reloadAllAccessors: .PublisherSubscriberD3

===========================================================================================
----------------- testing Tue Nov 19 06:22:36 UTC 2019 /home/travis/build/icyphy/ptII/ptolemy/actor/lib/test/auto/PublisherSubscriberD3Reverse.xml
----------------- Instantiating /home/travis/build/icyphy/ptII/ptolemy/actor/lib/test/auto/PublisherSubscriberD3Reverse.xml
11 ms. Memory: 458752K Free: 410503K (89%)
----------------- Invoking toplevel() on ptolemy.moml.MoMLSimpleApplication@389108bd
----------------- Done invoking toplevel() on ptolemy.moml.MoMLSimpleApplication@389108bd
reloadAllAccessors: .PublisherSubscriberD3Reverse

===========================================================================================
----------------- testing Tue Nov 19 06:22:36 UTC 2019 /home/travis/build/icyphy/ptII/ptolemy/actor/lib/test/auto/PublisherSubscriberExpression.xml
----------------- Instantiating /home/travis/build/icyphy/ptII/ptolemy/actor/lib/test/auto/PublisherSubscriberExpression.xml
4 ms. Memory: 458752K Free: 401006K (87%)
----------------- Invoking toplevel() on ptolemy.moml.MoMLSimpleApplication@21591281
----------------- Done invoking toplevel() on ptolemy.moml.MoMLSimpleApplication@21591281
reloadAllAccessors: .PublisherSubscriberExpression

===========================================================================================
----------------- testing Tue Nov 19 06:22:36 UTC 2019 /home/travis/build/icyphy/ptII/ptolemy/actor/lib/test/auto/PublisherSubscriberOpaque.xml
----------------- Instantiating /home/travis/build/icyphy/ptII/ptolemy/actor/lib/test/auto/PublisherSubscriberOpaque.xml
4 ms. Memory: 458752K Free: 392845K (86%)
----------------- Invoking toplevel() on ptolemy.moml.MoMLSimpleApplication@462e6265
----------------- Done invoking toplevel() on ptolemy.moml.MoMLSimpleApplication@462e6265
reloadAllAccessors: .PublisherSubscriberOpaque

===========================================================================================
----------------- testing Tue Nov 19 06:22:36 UTC 2019 /home/travis/build/icyphy/ptII/ptolemy/actor/lib/test/auto/PublisherSubscriberOpaqueD3.xml
----------------- Instantiating /home/travis/build/icyphy/ptII/ptolemy/actor/lib/test/auto/PublisherSubscriberOpaqueD3.xml
5 ms. Memory: 458752K Free: 381071K (83%)
----------------- Invoking toplevel() on ptolemy.moml.MoMLSimpleApplication@2617a4c7
----------------- Done invoking toplevel() on ptolemy.moml.MoMLSimpleApplication@2617a4c7
reloadAllAccessors: .PublisherSubscriberOpaqueD3

===========================================================================================
----------------- testing Tue Nov 19 06:22:36 UTC 2019 /home/travis/build/icyphy/ptII/ptolemy/actor/lib/test/auto/PublisherSubscriberOpaqueD3Reverse.xml
----------------- Instantiating /home/travis/build/icyphy/ptII/ptolemy/actor/lib/test/auto/PublisherSubscriberOpaqueD3Reverse.xml
5 ms. Memory: 458752K Free: 370317K (81%)
----------------- Invoking toplevel() on ptolemy.moml.MoMLSimpleApplication@775162fd
----------------- Done invoking toplevel() on ptolemy.moml.MoMLSimpleApplication@775162fd
reloadAllAccessors: .PublisherSubscriberOpaqueD3Reverse

===========================================================================================
----------------- testing Tue Nov 19 06:22:36 UTC 2019 /home/travis/build/icyphy/ptII/ptolemy/actor/lib/test/auto/PublisherSubscriberOpaqueWidthInference.xml
----------------- Instantiating /home/travis/build/icyphy/ptII/ptolemy/actor/lib/test/auto/PublisherSubscriberOpaqueWidthInference.xml
3 ms. Memory: 458752K Free: 362111K (79%)
----------------- Invoking toplevel() on ptolemy.moml.MoMLSimpleApplication@47ebd186
----------------- Done invoking toplevel() on ptolemy.moml.MoMLSimpleApplication@47ebd186
reloadAllAccessors: .PublisherSubscriberOpaqueWidthInference

===========================================================================================
----------------- testing Tue Nov 19 06:22:36 UTC 2019 /home/travis/build/icyphy/ptII/ptolemy/actor/lib/test/auto/PublisherTestSubscriber.xml
----------------- Instantiating /home/travis/build/icyphy/ptII/ptolemy/actor/lib/test/auto/PublisherTestSubscriber.xml
2 ms. Memory: 458752K Free: 354447K (77%)
----------------- Invoking toplevel() on ptolemy.moml.MoMLSimpleApplication@3290dbe1
----------------- Done invoking toplevel() on ptolemy.moml.MoMLSimpleApplication@3290dbe1
reloadAllAccessors: .PublisherTestSubscriber

===========================================================================================
----------------- testing Tue Nov 19 06:22:36 UTC 2019 /home/travis/build/icyphy/ptII/ptolemy/actor/lib/test/auto/PublisherToplevelSubscriberPortAOC.xml
----------------- Instantiating /home/travis/build/icyphy/ptII/ptolemy/actor/lib/test/auto/PublisherToplevelSubscriberPortAOC.xml
2 ms. Memory: 458752K Free: 348303K (76%)
----------------- Invoking toplevel() on ptolemy.moml.MoMLSimpleApplication@5d11f85c
----------------- Done invoking toplevel() on ptolemy.moml.MoMLSimpleApplication@5d11f85c
reloadAllAccessors: .PublisherToplevelSubscriberPortAOC

===========================================================================================
----------------- testing Tue Nov 19 06:22:36 UTC 2019 /home/travis/build/icyphy/ptII/ptolemy/actor/lib/test/auto/PulseFiringLimitDE.xml
----------------- Instantiating /home/travis/build/icyphy/ptII/ptolemy/actor/lib/test/auto/PulseFiringLimitDE.xml
1 ms. Memory: 458752K Free: 342159K (75%)
----------------- Invoking toplevel() on ptolemy.moml.MoMLSimpleApplication@69f79ca3
----------------- Done invoking toplevel() on ptolemy.moml.MoMLSimpleApplication@69f79ca3
reloadAllAccessors: .PulseFiringLimitDE

===========================================================================================
----------------- testing Tue Nov 19 06:22:36 UTC 2019 /home/travis/build/icyphy/ptII/ptolemy/actor/lib/test/auto/Ramp1.xml
----------------- Instantiating /home/travis/build/icyphy/ptII/ptolemy/actor/lib/test/auto/Ramp1.xml
2 ms. Memory: 458752K Free: 337535K (74%)
----------------- Invoking toplevel() on ptolemy.moml.MoMLSimpleApplication@6f9ceb3
----------------- Done invoking toplevel() on ptolemy.moml.MoMLSimpleApplication@6f9ceb3
reloadAllAccessors: .Ramp1

===========================================================================================
----------------- testing Tue Nov 19 06:22:36 UTC 2019 /home/travis/build/icyphy/ptII/ptolemy/actor/lib/test/auto/RampFiringLimitDE.xml
----------------- Instantiating /home/travis/build/icyphy/ptII/ptolemy/actor/lib/test/auto/RampFiringLimitDE.xml
3 ms. Memory: 458752K Free: 331391K (72%)
----------------- Invoking toplevel() on ptolemy.moml.MoMLSimpleApplication@e827b1d
----------------- Done invoking toplevel() on ptolemy.moml.MoMLSimpleApplication@e827b1d
reloadAllAccessors: .RampFiringLimitDE

===========================================================================================
----------------- testing Tue Nov 19 06:22:36 UTC 2019 /home/travis/build/icyphy/ptII/ptolemy/actor/lib/test/auto/RampFiringLimitSDF.xml
----------------- Instantiating /home/travis/build/icyphy/ptII/ptolemy/actor/lib/test/auto/RampFiringLimitSDF.xml
2 ms. Memory: 458752K Free: 326254K (71%)
----------------- Invoking toplevel() on ptolemy.moml.MoMLSimpleApplication@dde2001
----------------- Done invoking toplevel() on ptolemy.moml.MoMLSimpleApplication@dde2001
reloadAllAccessors: .RampFiringLimitSDF

===========================================================================================
----------------- testing Tue Nov 19 06:22:36 UTC 2019 /home/travis/build/icyphy/ptII/ptolemy/actor/lib/test/auto/RandomInteger.xml
----------------- Instantiating /home/travis/build/icyphy/ptII/ptolemy/actor/lib/test/auto/RandomInteger.xml
2 ms. Memory: 458752K Free: 322189K (70%)
----------------- Invoking toplevel() on ptolemy.moml.MoMLSimpleApplication@baafe8e
----------------- Done invoking toplevel() on ptolemy.moml.MoMLSimpleApplication@baafe8e
reloadAllAccessors: .RandomInteger

===========================================================================================
----------------- testing Tue Nov 19 06:22:36 UTC 2019 /home/travis/build/icyphy/ptII/ptolemy/actor/lib/test/auto/ReadFile1.xml
----------------- Instantiating /home/travis/build/icyphy/ptII/ptolemy/actor/lib/test/auto/ReadFile1.xml
1 ms. Memory: 458752K Free: 317583K (69%)
----------------- Invoking toplevel() on ptolemy.moml.MoMLSimpleApplication@56649077
----------------- Done invoking toplevel() on ptolemy.moml.MoMLSimpleApplication@56649077
reloadAllAccessors: .ReadFile1

===========================================================================================
----------------- testing Tue Nov 19 06:22:36 UTC 2019 /home/travis/build/icyphy/ptII/ptolemy/actor/lib/test/auto/ReadFile2.xml
----------------- Instantiating /home/travis/build/icyphy/ptII/ptolemy/actor/lib/test/auto/ReadFile2.xml
1 ms. Memory: 458752K Free: 313487K (68%)
----------------- Invoking toplevel() on ptolemy.moml.MoMLSimpleApplication@5b5e10fe
----------------- Done invoking toplevel() on ptolemy.moml.MoMLSimpleApplication@5b5e10fe
reloadAllAccessors: .ReadFile2

===========================================================================================
----------------- testing Tue Nov 19 06:22:36 UTC 2019 /home/travis/build/icyphy/ptII/ptolemy/actor/lib/test/auto/Reader.xml
----------------- Instantiating /home/travis/build/icyphy/ptII/ptolemy/actor/lib/test/auto/Reader.xml
actor.lib.Reader is obsolete, use actor.lib.io.ExpressionReader instead
4 ms. Memory: 458752K Free: 309391K (67%)
----------------- Invoking toplevel() on ptolemy.moml.MoMLSimpleApplication@474ab111
----------------- Done invoking toplevel() on ptolemy.moml.MoMLSimpleApplication@474ab111
reloadAllAccessors: .Reader

===========================================================================================
----------------- testing Tue Nov 19 06:22:36 UTC 2019 /home/travis/build/icyphy/ptII/ptolemy/actor/lib/test/auto/RecordAssemblerDisplayNameTest.xml
----------------- Instantiating /home/travis/build/icyphy/ptII/ptolemy/actor/lib/test/auto/RecordAssemblerDisplayNameTest.xml
3951 ms. Memory: 458752K Free: 173149K (38%)
----------------- Invoking toplevel() on ptolemy.moml.MoMLSimpleApplication@57b89bec
----------------- Done invoking toplevel() on ptolemy.moml.MoMLSimpleApplication@57b89bec
reloadAllAccessors: .RecordAssemblerDisplayNameTest

===========================================================================================
----------------- testing Tue Nov 19 06:22:40 UTC 2019 /home/travis/build/icyphy/ptII/ptolemy/actor/lib/test/auto/RecordAssemblerTypeError.xml
----------------- Instantiating /home/travis/build/icyphy/ptII/ptolemy/actor/lib/test/auto/RecordAssemblerTypeError.xml
17 ms. Memory: 458752K Free: 163419K (36%)
----------------- Invoking toplevel() on ptolemy.moml.MoMLSimpleApplication@1de03797
----------------- Done invoking toplevel() on ptolemy.moml.MoMLSimpleApplication@1de03797
reloadAllAccessors: .RecordAssemblerTypeError

===========================================================================================
----------------- testing Tue Nov 19 06:22:40 UTC 2019 /home/travis/build/icyphy/ptII/ptolemy/actor/lib/test/auto/RecordDisassember.xml
----------------- Instantiating /home/travis/build/icyphy/ptII/ptolemy/actor/lib/test/auto/RecordDisassember.xml
3 ms. Memory: 458752K Free: 158813K (35%)
----------------- Invoking toplevel() on ptolemy.moml.MoMLSimpleApplication@531b0e03
----------------- Done invoking toplevel() on ptolemy.moml.MoMLSimpleApplication@531b0e03
reloadAllAccessors: .RecordDisassember

===========================================================================================
----------------- testing Tue Nov 19 06:22:40 UTC 2019 /home/travis/build/icyphy/ptII/ptolemy/actor/lib/test/auto/RecordDisassemberDisplayNameTest.xml
----------------- Instantiating /home/travis/build/icyphy/ptII/ptolemy/actor/lib/test/auto/RecordDisassemberDisplayNameTest.xml
6 ms. Memory: 458752K Free: 151131K (33%)
----------------- Invoking toplevel() on ptolemy.moml.MoMLSimpleApplication@fed88a
----------------- Done invoking toplevel() on ptolemy.moml.MoMLSimpleApplication@fed88a
reloadAllAccessors: .RecordDisassemberDisplayNameTest

===========================================================================================
----------------- testing Tue Nov 19 06:22:40 UTC 2019 /home/travis/build/icyphy/ptII/ptolemy/actor/lib/test/auto/RecordDisassembler.xml
----------------- Instantiating /home/travis/build/icyphy/ptII/ptolemy/actor/lib/test/auto/RecordDisassembler.xml
3 ms. Memory: 458752K Free: 146005K (32%)
----------------- Invoking toplevel() on ptolemy.moml.MoMLSimpleApplication@583171c5
----------------- Done invoking toplevel() on ptolemy.moml.MoMLSimpleApplication@583171c5
reloadAllAccessors: .RecordDisassembler

===========================================================================================
----------------- testing Tue Nov 19 06:22:40 UTC 2019 /home/travis/build/icyphy/ptII/ptolemy/actor/lib/test/auto/RecordDisassembler2.xml
----------------- Instantiating /home/travis/build/icyphy/ptII/ptolemy/actor/lib/test/auto/RecordDisassembler2.xml
2 ms. Memory: 458752K Free: 140861K (31%)
----------------- Invoking toplevel() on ptolemy.moml.MoMLSimpleApplication@6ea5f0c9
----------------- Done invoking toplevel() on ptolemy.moml.MoMLSimpleApplication@6ea5f0c9
reloadAllAccessors: .RecordDisassembler2

===========================================================================================
----------------- testing Tue Nov 19 06:22:40 UTC 2019 /home/travis/build/icyphy/ptII/ptolemy/actor/lib/test/auto/RecordUpdater.xml
----------------- Instantiating /home/travis/build/icyphy/ptII/ptolemy/actor/lib/test/auto/RecordUpdater.xml
2 ms. Memory: 458752K Free: 407644K (89%)
----------------- Invoking toplevel() on ptolemy.moml.MoMLSimpleApplication@6581ef3c
----------------- Done invoking toplevel() on ptolemy.moml.MoMLSimpleApplication@6581ef3c
reloadAllAccessors: .RecordUpdater

===========================================================================================
----------------- testing Tue Nov 19 06:22:40 UTC 2019 /home/travis/build/icyphy/ptII/ptolemy/actor/lib/test/auto/RecordUpdater2.xml
----------------- Instantiating /home/travis/build/icyphy/ptII/ptolemy/actor/lib/test/auto/RecordUpdater2.xml
2 ms. Memory: 458752K Free: 402010K (88%)
----------------- Invoking toplevel() on ptolemy.moml.MoMLSimpleApplication@36b49f0d
----------------- Done invoking toplevel() on ptolemy.moml.MoMLSimpleApplication@36b49f0d
reloadAllAccessors: .RecordUpdater2

===========================================================================================
----------------- testing Tue Nov 19 06:22:40 UTC 2019 /home/travis/build/icyphy/ptII/ptolemy/actor/lib/test/auto/RecursiveLattice.xml
----------------- Instantiating /home/travis/build/icyphy/ptII/ptolemy/actor/lib/test/auto/RecursiveLattice.xml
1 ms. Memory: 458752K Free: 397914K (87%)
----------------- Invoking toplevel() on ptolemy.moml.MoMLSimpleApplication@59255aa2
----------------- Done invoking toplevel() on ptolemy.moml.MoMLSimpleApplication@59255aa2
reloadAllAccessors: .RecursiveLattice

===========================================================================================
----------------- testing Tue Nov 19 06:22:40 UTC 2019 /home/travis/build/icyphy/ptII/ptolemy/actor/lib/test/auto/Router.xml
----------------- Instantiating /home/travis/build/icyphy/ptII/ptolemy/actor/lib/test/auto/Router.xml
3004 ms. Memory: 458752K Free: 387674K (85%)
----------------- Invoking toplevel() on ptolemy.moml.MoMLSimpleApplication@30ae8cd8
----------------- Done invoking toplevel() on ptolemy.moml.MoMLSimpleApplication@30ae8cd8
reloadAllAccessors: .Router

===========================================================================================
----------------- testing Tue Nov 19 06:22:43 UTC 2019 /home/travis/build/icyphy/ptII/ptolemy/actor/lib/test/auto/Router2.xml
----------------- Instantiating /home/travis/build/icyphy/ptII/ptolemy/actor/lib/test/auto/Router2.xml
3003 ms. Memory: 458752K Free: 377434K (82%)
----------------- Invoking toplevel() on ptolemy.moml.MoMLSimpleApplication@98e7821
----------------- Done invoking toplevel() on ptolemy.moml.MoMLSimpleApplication@98e7821
reloadAllAccessors: .Router2

===========================================================================================
----------------- testing Tue Nov 19 06:22:46 UTC 2019 /home/travis/build/icyphy/ptII/ptolemy/actor/lib/test/auto/RunningMaximum.xml
----------------- Instantiating /home/travis/build/icyphy/ptII/ptolemy/actor/lib/test/auto/RunningMaximum.xml
1 ms. Memory: 458752K Free: 372828K (81%)
----------------- Invoking toplevel() on ptolemy.moml.MoMLSimpleApplication@20da00c7
----------------- Done invoking toplevel() on ptolemy.moml.MoMLSimpleApplication@20da00c7
reloadAllAccessors: .RunningMaximum

===========================================================================================
----------------- testing Tue Nov 19 06:22:46 UTC 2019 /home/travis/build/icyphy/ptII/ptolemy/actor/lib/test/auto/RunningMinimum.xml
----------------- Instantiating /home/travis/build/icyphy/ptII/ptolemy/actor/lib/test/auto/RunningMinimum.xml
9 ms. Memory: 458752K Free: 368218K (80%)
----------------- Invoking toplevel() on ptolemy.moml.MoMLSimpleApplication@7b9f2ee3
----------------- Done invoking toplevel() on ptolemy.moml.MoMLSimpleApplication@7b9f2ee3
reloadAllAccessors: .RunningMinimum

===========================================================================================
----------------- testing Tue Nov 19 06:22:46 UTC 2019 /home/travis/build/icyphy/ptII/ptolemy/actor/lib/test/auto/Scale.xml
----------------- Instantiating /home/travis/build/icyphy/ptII/ptolemy/actor/lib/test/auto/Scale.xml
2 ms. Memory: 458752K Free: 363612K (79%)
----------------- Invoking toplevel() on ptolemy.moml.MoMLSimpleApplication@17cf4f05
----------------- Done invoking toplevel() on ptolemy.moml.MoMLSimpleApplication@17cf4f05
reloadAllAccessors: .Scale

===========================================================================================
----------------- testing Tue Nov 19 06:22:46 UTC 2019 /home/travis/build/icyphy/ptII/ptolemy/actor/lib/test/auto/Scale2.xml
----------------- Instantiating /home/travis/build/icyphy/ptII/ptolemy/actor/lib/test/auto/Scale2.xml
7 ms. Memory: 458752K Free: 359002K (78%)
----------------- Invoking toplevel() on ptolemy.moml.MoMLSimpleApplication@1151e71f
----------------- Done invoking toplevel() on ptolemy.moml.MoMLSimpleApplication@1151e71f
reloadAllAccessors: .Scale2

===========================================================================================
----------------- testing Tue Nov 19 06:22:46 UTC 2019 /home/travis/build/icyphy/ptII/ptolemy/actor/lib/test/auto/Scale3.xml
----------------- Instantiating /home/travis/build/icyphy/ptII/ptolemy/actor/lib/test/auto/Scale3.xml
8 ms. Memory: 458752K Free: 352858K (77%)
----------------- Invoking toplevel() on ptolemy.moml.MoMLSimpleApplication@6570a357
----------------- Done invoking toplevel() on ptolemy.moml.MoMLSimpleApplication@6570a357
reloadAllAccessors: .Scale3

===========================================================================================
----------------- testing Tue Nov 19 06:22:46 UTC 2019 /home/travis/build/icyphy/ptII/ptolemy/actor/lib/test/auto/ScaleArray.xml
----------------- Instantiating /home/travis/build/icyphy/ptII/ptolemy/actor/lib/test/auto/ScaleArray.xml
1 ms. Memory: 458752K Free: 348252K (76%)
----------------- Invoking toplevel() on ptolemy.moml.MoMLSimpleApplication@5ae9514f
----------------- Done invoking toplevel() on ptolemy.moml.MoMLSimpleApplication@5ae9514f
reloadAllAccessors: .ScaleArray

===========================================================================================
----------------- testing Tue Nov 19 06:22:46 UTC 2019 /home/travis/build/icyphy/ptII/ptolemy/actor/lib/test/auto/ScaleArray2.xml
----------------- Instantiating /home/travis/build/icyphy/ptII/ptolemy/actor/lib/test/auto/ScaleArray2.xml
1 ms. Memory: 458752K Free: 343642K (75%)
----------------- Invoking toplevel() on ptolemy.moml.MoMLSimpleApplication@53b76c4c
----------------- Done invoking toplevel() on ptolemy.moml.MoMLSimpleApplication@53b76c4c
reloadAllAccessors: .ScaleArray2

===========================================================================================
----------------- testing Tue Nov 19 06:22:46 UTC 2019 /home/travis/build/icyphy/ptII/ptolemy/actor/lib/test/auto/ScaleMatrix.xml
----------------- Instantiating /home/travis/build/icyphy/ptII/ptolemy/actor/lib/test/auto/ScaleMatrix.xml
168 ms. Memory: 458752K Free: 327772K (71%)
----------------- Invoking toplevel() on ptolemy.moml.MoMLSimpleApplication@4b8c1a01
----------------- Done invoking toplevel() on ptolemy.moml.MoMLSimpleApplication@4b8c1a01
reloadAllAccessors: .ScaleMatrix

===========================================================================================
----------------- testing Tue Nov 19 06:22:47 UTC 2019 /home/travis/build/icyphy/ptII/ptolemy/actor/lib/test/auto/Select.xml
----------------- Instantiating /home/travis/build/icyphy/ptII/ptolemy/actor/lib/test/auto/Select.xml
2 ms. Memory: 458752K Free: 321628K (70%)
----------------- Invoking toplevel() on ptolemy.moml.MoMLSimpleApplication@7d349973
----------------- Done invoking toplevel() on ptolemy.moml.MoMLSimpleApplication@7d349973
reloadAllAccessors: .Select

===========================================================================================
----------------- testing Tue Nov 19 06:22:47 UTC 2019 /home/travis/build/icyphy/ptII/ptolemy/actor/lib/test/auto/Select2.xml
----------------- Instantiating /home/travis/build/icyphy/ptII/ptolemy/actor/lib/test/auto/Select2.xml
1 ms. Memory: 458752K Free: 317018K (69%)
----------------- Invoking toplevel() on ptolemy.moml.MoMLSimpleApplication@c971c50
----------------- Done invoking toplevel() on ptolemy.moml.MoMLSimpleApplication@c971c50
reloadAllAccessors: .Select2

===========================================================================================
----------------- testing Tue Nov 19 06:22:47 UTC 2019 /home/travis/build/icyphy/ptII/ptolemy/actor/lib/test/auto/SequenceToArray2.xml
----------------- Instantiating /home/travis/build/icyphy/ptII/ptolemy/actor/lib/test/auto/SequenceToArray2.xml
91 ms. Memory: 458752K Free: 292956K (64%)
----------------- Invoking toplevel() on ptolemy.moml.MoMLSimpleApplication@77c62fca
----------------- Done invoking toplevel() on ptolemy.moml.MoMLSimpleApplication@77c62fca
reloadAllAccessors: .SequenceToArray2

===========================================================================================
----------------- testing Tue Nov 19 06:22:47 UTC 2019 /home/travis/build/icyphy/ptII/ptolemy/actor/lib/test/auto/SequentialClock.xml
----------------- Instantiating /home/travis/build/icyphy/ptII/ptolemy/actor/lib/test/auto/SequentialClock.xml
1 ms. Memory: 458752K Free: 288860K (63%)
----------------- Invoking toplevel() on ptolemy.moml.MoMLSimpleApplication@737f6f3d
----------------- Done invoking toplevel() on ptolemy.moml.MoMLSimpleApplication@737f6f3d
reloadAllAccessors: .SequentialClock

===========================================================================================
----------------- testing Tue Nov 19 06:22:47 UTC 2019 /home/travis/build/icyphy/ptII/ptolemy/actor/lib/test/auto/SetVariable.xml
----------------- Instantiating /home/travis/build/icyphy/ptII/ptolemy/actor/lib/test/auto/SetVariable.xml
2 ms. Memory: 458752K Free: 283740K (62%)
----------------- Invoking toplevel() on ptolemy.moml.MoMLSimpleApplication@39609bf0
----------------- Done invoking toplevel() on ptolemy.moml.MoMLSimpleApplication@39609bf0
reloadAllAccessors: .SetVariable

===========================================================================================
----------------- testing Tue Nov 19 06:22:47 UTC 2019 /home/travis/build/icyphy/ptII/ptolemy/actor/lib/test/auto/SetVariable2.xml
----------------- Instantiating /home/travis/build/icyphy/ptII/ptolemy/actor/lib/test/auto/SetVariable2.xml
2 ms. Memory: 458752K Free: 278620K (61%)
----------------- Invoking toplevel() on ptolemy.moml.MoMLSimpleApplication@12b40a3b
----------------- Done invoking toplevel() on ptolemy.moml.MoMLSimpleApplication@12b40a3b
reloadAllAccessors: .SetVariable2

===========================================================================================
----------------- testing Tue Nov 19 06:22:47 UTC 2019 /home/travis/build/icyphy/ptII/ptolemy/actor/lib/test/auto/SetVariable3.xml
----------------- Instantiating /home/travis/build/icyphy/ptII/ptolemy/actor/lib/test/auto/SetVariable3.xml
8 ms. Memory: 458752K Free: 273500K (60%)
----------------- Invoking toplevel() on ptolemy.moml.MoMLSimpleApplication@4ca331d
----------------- Done invoking toplevel() on ptolemy.moml.MoMLSimpleApplication@4ca331d
reloadAllAccessors: .SetVariable3

===========================================================================================
----------------- testing Tue Nov 19 06:22:47 UTC 2019 /home/travis/build/icyphy/ptII/ptolemy/actor/lib/test/auto/SetVariable4.xml
----------------- Instantiating /home/travis/build/icyphy/ptII/ptolemy/actor/lib/test/auto/SetVariable4.xml
15 ms. Memory: 458752K Free: 264284K (58%)
----------------- Invoking toplevel() on ptolemy.moml.MoMLSimpleApplication@7c5e1bdf
----------------- Done invoking toplevel() on ptolemy.moml.MoMLSimpleApplication@7c5e1bdf
reloadAllAccessors: .SetVariable4

===========================================================================================
----------------- testing Tue Nov 19 06:22:47 UTC 2019 /home/travis/build/icyphy/ptII/ptolemy/actor/lib/test/auto/SetVariable5.xml
----------------- Instantiating /home/travis/build/icyphy/ptII/ptolemy/actor/lib/test/auto/SetVariable5.xml
17 ms. Memory: 458752K Free: 255068K (56%)
----------------- Invoking toplevel() on ptolemy.moml.MoMLSimpleApplication@3e3f0028
----------------- Done invoking toplevel() on ptolemy.moml.MoMLSimpleApplication@3e3f0028
reloadAllAccessors: .SetVariable5

===========================================================================================
----------------- testing Tue Nov 19 06:22:47 UTC 2019 /home/travis/build/icyphy/ptII/ptolemy/actor/lib/test/auto/Sinewave.xml
----------------- Instantiating /home/travis/build/icyphy/ptII/ptolemy/actor/lib/test/auto/Sinewave.xml
6 ms. Memory: 458752K Free: 244828K (53%)
----------------- Invoking toplevel() on ptolemy.moml.MoMLSimpleApplication@36614706
----------------- Done invoking toplevel() on ptolemy.moml.MoMLSimpleApplication@36614706
reloadAllAccessors: .Sinewave

===========================================================================================
----------------- testing Tue Nov 19 06:22:47 UTC 2019 /home/travis/build/icyphy/ptII/ptolemy/actor/lib/test/auto/Sinewave2.xml
----------------- Instantiating /home/travis/build/icyphy/ptII/ptolemy/actor/lib/test/auto/Sinewave2.xml
9 ms. Memory: 458752K Free: 236636K (52%)
----------------- Invoking toplevel() on ptolemy.moml.MoMLSimpleApplication@16d66754
----------------- Done invoking toplevel() on ptolemy.moml.MoMLSimpleApplication@16d66754
reloadAllAccessors: .Sinewave2

===========================================================================================
----------------- testing Tue Nov 19 06:22:47 UTC 2019 /home/travis/build/icyphy/ptII/ptolemy/actor/lib/test/auto/Sinewave3.xml
----------------- Instantiating /home/travis/build/icyphy/ptII/ptolemy/actor/lib/test/auto/Sinewave3.xml
10 ms. Memory: 458752K Free: 228444K (50%)
----------------- Invoking toplevel() on ptolemy.moml.MoMLSimpleApplication@401e0146
----------------- Done invoking toplevel() on ptolemy.moml.MoMLSimpleApplication@401e0146
reloadAllAccessors: .Sinewave3

===========================================================================================
----------------- testing Tue Nov 19 06:22:47 UTC 2019 /home/travis/build/icyphy/ptII/ptolemy/actor/lib/test/auto/SingleEvent.xml
----------------- Instantiating /home/travis/build/icyphy/ptII/ptolemy/actor/lib/test/auto/SingleEvent.xml
1 ms. Memory: 458752K Free: 224348K (49%)
----------------- Invoking toplevel() on ptolemy.moml.MoMLSimpleApplication@a40f2de
----------------- Done invoking toplevel() on ptolemy.moml.MoMLSimpleApplication@a40f2de
reloadAllAccessors: .SingleEvent

===========================================================================================
----------------- testing Tue Nov 19 06:22:47 UTC 2019 /home/travis/build/icyphy/ptII/ptolemy/actor/lib/test/auto/Sleep.xml
----------------- Instantiating /home/travis/build/icyphy/ptII/ptolemy/actor/lib/test/auto/Sleep.xml
6003 ms. Memory: 458752K Free: 218714K (48%)
----------------- Invoking toplevel() on ptolemy.moml.MoMLSimpleApplication@384d4f26
----------------- Done invoking toplevel() on ptolemy.moml.MoMLSimpleApplication@384d4f26
reloadAllAccessors: .Sleep

===========================================================================================
----------------- testing Tue Nov 19 06:22:53 UTC 2019 /home/travis/build/icyphy/ptII/ptolemy/actor/lib/test/auto/SleepMultipleFire.xml
----------------- Instantiating /home/travis/build/icyphy/ptII/ptolemy/actor/lib/test/auto/SleepMultipleFire.xml
1006 ms. Memory: 458752K Free: 213084K (46%)
----------------- Invoking toplevel() on ptolemy.moml.MoMLSimpleApplication@7256a8bb
----------------- Done invoking toplevel() on ptolemy.moml.MoMLSimpleApplication@7256a8bb
reloadAllAccessors: .SleepMultipleFire

===========================================================================================
----------------- testing Tue Nov 19 06:22:54 UTC 2019 /home/travis/build/icyphy/ptII/ptolemy/actor/lib/test/auto/StopDE.xml
----------------- Instantiating /home/travis/build/icyphy/ptII/ptolemy/actor/lib/test/auto/StopDE.xml
3 ms. Memory: 458752K Free: 206940K (45%)
----------------- Invoking toplevel() on ptolemy.moml.MoMLSimpleApplication@6a087c2b
----------------- Done invoking toplevel() on ptolemy.moml.MoMLSimpleApplication@6a087c2b
reloadAllAccessors: .StopDE

===========================================================================================
----------------- testing Tue Nov 19 06:22:54 UTC 2019 /home/travis/build/icyphy/ptII/ptolemy/actor/lib/test/auto/StopSDF.xml
----------------- Instantiating /home/travis/build/icyphy/ptII/ptolemy/actor/lib/test/auto/StopSDF.xml
2 ms. Memory: 458752K Free: 201820K (44%)
----------------- Invoking toplevel() on ptolemy.moml.MoMLSimpleApplication@123a44f6
----------------- Done invoking toplevel() on ptolemy.moml.MoMLSimpleApplication@123a44f6
reloadAllAccessors: .StopSDF

===========================================================================================
----------------- testing Tue Nov 19 06:22:54 UTC 2019 /home/travis/build/icyphy/ptII/ptolemy/actor/lib/test/auto/StringConstant.xml
----------------- Instantiating /home/travis/build/icyphy/ptII/ptolemy/actor/lib/test/auto/StringConstant.xml
12 ms. Memory: 458752K Free: 197724K (43%)
----------------- Invoking toplevel() on ptolemy.moml.MoMLSimpleApplication@1f40c333
----------------- Done invoking toplevel() on ptolemy.moml.MoMLSimpleApplication@1f40c333
reloadAllAccessors: .StringConstant

===========================================================================================
----------------- testing Tue Nov 19 06:22:54 UTC 2019 /home/travis/build/icyphy/ptII/ptolemy/actor/lib/test/auto/SubscriberPortInitialValues1.xml
----------------- Instantiating /home/travis/build/icyphy/ptII/ptolemy/actor/lib/test/auto/SubscriberPortInitialValues1.xml
12 ms. Memory: 458752K Free: 189018K (41%)
----------------- Invoking toplevel() on ptolemy.moml.MoMLSimpleApplication@33a34e9a
----------------- Done invoking toplevel() on ptolemy.moml.MoMLSimpleApplication@33a34e9a
reloadAllAccessors: .SubscriberPortInitialValues1

===========================================================================================
----------------- testing Tue Nov 19 06:22:54 UTC 2019 /home/travis/build/icyphy/ptII/ptolemy/actor/lib/test/auto/SubscriberPortInitialValues13.xml
----------------- Instantiating /home/travis/build/icyphy/ptII/ptolemy/actor/lib/test/auto/SubscriberPortInitialValues13.xml
4 ms. Memory: 458752K Free: 176220K (38%)
----------------- Invoking toplevel() on ptolemy.moml.MoMLSimpleApplication@7c53fd61
----------------- Done invoking toplevel() on ptolemy.moml.MoMLSimpleApplication@7c53fd61
reloadAllAccessors: .SubscriberPortInitialValues13

===========================================================================================
----------------- testing Tue Nov 19 06:22:54 UTC 2019 /home/travis/build/icyphy/ptII/ptolemy/actor/lib/test/auto/SubscriberPortInitialValues14.xml
----------------- Instantiating /home/travis/build/icyphy/ptII/ptolemy/actor/lib/test/auto/SubscriberPortInitialValues14.xml
4 ms. Memory: 458752K Free: 168538K (37%)
----------------- Invoking toplevel() on ptolemy.moml.MoMLSimpleApplication@79b6c328
----------------- Done invoking toplevel() on ptolemy.moml.MoMLSimpleApplication@79b6c328
reloadAllAccessors: .SubscriberPortInitialValues14

===========================================================================================
----------------- testing Tue Nov 19 06:22:54 UTC 2019 /home/travis/build/icyphy/ptII/ptolemy/actor/lib/test/auto/SubscriberPortInitialValues2.xml
----------------- Instantiating /home/travis/build/icyphy/ptII/ptolemy/actor/lib/test/auto/SubscriberPortInitialValues2.xml
4 ms. Memory: 458752K Free: 160860K (35%)
----------------- Invoking toplevel() on ptolemy.moml.MoMLSimpleApplication@77d488a1
----------------- Done invoking toplevel() on ptolemy.moml.MoMLSimpleApplication@77d488a1
reloadAllAccessors: .SubscriberPortInitialValues2

===========================================================================================
----------------- testing Tue Nov 19 06:22:54 UTC 2019 /home/travis/build/icyphy/ptII/ptolemy/actor/lib/test/auto/SubscriberPortInitialValues3.xml
----------------- Instantiating /home/travis/build/icyphy/ptII/ptolemy/actor/lib/test/auto/SubscriberPortInitialValues3.xml
4 ms. Memory: 458752K Free: 150106K (33%)
----------------- Invoking toplevel() on ptolemy.moml.MoMLSimpleApplication@5a1f1e37
----------------- Done invoking toplevel() on ptolemy.moml.MoMLSimpleApplication@5a1f1e37
reloadAllAccessors: .SubscriberPortInitialValues3

===========================================================================================
----------------- testing Tue Nov 19 06:22:54 UTC 2019 /home/travis/build/icyphy/ptII/ptolemy/actor/lib/test/auto/SubscriptionAggregator.xml
----------------- Instantiating /home/travis/build/icyphy/ptII/ptolemy/actor/lib/test/auto/SubscriptionAggregator.xml
3 ms. Memory: 458752K Free: 143452K (31%)
----------------- Invoking toplevel() on ptolemy.moml.MoMLSimpleApplication@52b3412b
----------------- Done invoking toplevel() on ptolemy.moml.MoMLSimpleApplication@52b3412b
reloadAllAccessors: .SubscriptionAggregator

===========================================================================================
----------------- testing Tue Nov 19 06:22:54 UTC 2019 /home/travis/build/icyphy/ptII/ptolemy/actor/lib/test/auto/SubscriptionAggregator2.xml
----------------- Instantiating /home/travis/build/icyphy/ptII/ptolemy/actor/lib/test/auto/SubscriptionAggregator2.xml
2 ms. Memory: 458752K Free: 407651K (89%)
----------------- Invoking toplevel() on ptolemy.moml.MoMLSimpleApplication@3473caa0
----------------- Done invoking toplevel() on ptolemy.moml.MoMLSimpleApplication@3473caa0
reloadAllAccessors: .SubscriptionAggregator2

===========================================================================================
----------------- testing Tue Nov 19 06:22:54 UTC 2019 /home/travis/build/icyphy/ptII/ptolemy/actor/lib/test/auto/SubscriptionAggregator3.xml
----------------- Instantiating /home/travis/build/icyphy/ptII/ptolemy/actor/lib/test/auto/SubscriptionAggregator3.xml
4 ms. Memory: 458752K Free: 398427K (87%)
----------------- Invoking toplevel() on ptolemy.moml.MoMLSimpleApplication@2393644d
----------------- Done invoking toplevel() on ptolemy.moml.MoMLSimpleApplication@2393644d
reloadAllAccessors: .SubscriptionAggregator3

===========================================================================================
----------------- testing Tue Nov 19 06:22:54 UTC 2019 /home/travis/build/icyphy/ptII/ptolemy/actor/lib/test/auto/SubscriptionAggregatorMultiply.xml
----------------- Instantiating /home/travis/build/icyphy/ptII/ptolemy/actor/lib/test/auto/SubscriptionAggregatorMultiply.xml
10 ms. Memory: 458752K Free: 389739K (85%)
----------------- Invoking toplevel() on ptolemy.moml.MoMLSimpleApplication@6fb99977
----------------- Done invoking toplevel() on ptolemy.moml.MoMLSimpleApplication@6fb99977
reloadAllAccessors: .SubscriptionAggregatorMultiply

===========================================================================================
----------------- testing Tue Nov 19 06:22:54 UTC 2019 /home/travis/build/icyphy/ptII/ptolemy/actor/lib/test/auto/SubscriptionAggregatorPortMultiply1.xml
----------------- Instantiating /home/travis/build/icyphy/ptII/ptolemy/actor/lib/test/auto/SubscriptionAggregatorPortMultiply1.xml
3 ms. Memory: 458752K Free: 382057K (83%)
----------------- Invoking toplevel() on ptolemy.moml.MoMLSimpleApplication@1c28ce28
----------------- Done invoking toplevel() on ptolemy.moml.MoMLSimpleApplication@1c28ce28
reloadAllAccessors: .SubscriptionAggregatorPortMultiply1

===========================================================================================
----------------- testing Tue Nov 19 06:22:54 UTC 2019 /home/travis/build/icyphy/ptII/ptolemy/actor/lib/test/auto/Switch.xml
----------------- Instantiating /home/travis/build/icyphy/ptII/ptolemy/actor/lib/test/auto/Switch.xml
11 ms. Memory: 458752K Free: 373865K (81%)
----------------- Invoking toplevel() on ptolemy.moml.MoMLSimpleApplication@4c8324b7
----------------- Done invoking toplevel() on ptolemy.moml.MoMLSimpleApplication@4c8324b7
reloadAllAccessors: .Switch

===========================================================================================
----------------- testing Tue Nov 19 06:22:54 UTC 2019 /home/travis/build/icyphy/ptII/ptolemy/actor/lib/test/auto/Switch2.xml
----------------- Instantiating /home/travis/build/icyphy/ptII/ptolemy/actor/lib/test/auto/Switch2.xml
0 ms. Memory: 458752K Free: 369259K (80%)
----------------- Invoking toplevel() on ptolemy.moml.MoMLSimpleApplication@1d59f838
----------------- Done invoking toplevel() on ptolemy.moml.MoMLSimpleApplication@1d59f838
reloadAllAccessors: .Switch2

===========================================================================================
----------------- testing Tue Nov 19 06:22:54 UTC 2019 /home/travis/build/icyphy/ptII/ptolemy/actor/lib/test/auto/SwitchDE.xml
----------------- Instantiating /home/travis/build/icyphy/ptII/ptolemy/actor/lib/test/auto/SwitchDE.xml
4 ms. Memory: 458752K Free: 363115K (79%)
----------------- Invoking toplevel() on ptolemy.moml.MoMLSimpleApplication@28e1b439
----------------- Done invoking toplevel() on ptolemy.moml.MoMLSimpleApplication@28e1b439
reloadAllAccessors: .SwitchDE

===========================================================================================
----------------- testing Tue Nov 19 06:22:54 UTC 2019 /home/travis/build/icyphy/ptII/ptolemy/actor/lib/test/auto/SynchronizerDE.xml
----------------- Instantiating /home/travis/build/icyphy/ptII/ptolemy/actor/lib/test/auto/SynchronizerDE.xml
7 ms. Memory: 458752K Free: 354923K (77%)
----------------- Invoking toplevel() on ptolemy.moml.MoMLSimpleApplication@433a3f96
----------------- Done invoking toplevel() on ptolemy.moml.MoMLSimpleApplication@433a3f96
reloadAllAccessors: .SynchronizerDE

===========================================================================================
----------------- testing Tue Nov 19 06:22:54 UTC 2019 /home/travis/build/icyphy/ptII/ptolemy/actor/lib/test/auto/Test.xml
----------------- Instantiating /home/travis/build/icyphy/ptII/ptolemy/actor/lib/test/auto/Test.xml
2 ms. Memory: 458752K Free: 349803K (76%)
----------------- Invoking toplevel() on ptolemy.moml.MoMLSimpleApplication@697d4b99
----------------- Done invoking toplevel() on ptolemy.moml.MoMLSimpleApplication@697d4b99
reloadAllAccessors: .Test

===========================================================================================
----------------- testing Tue Nov 19 06:22:54 UTC 2019 /home/travis/build/icyphy/ptII/ptolemy/actor/lib/test/auto/TestExceptionAttribute1.xml
----------------- Instantiating /home/travis/build/icyphy/ptII/ptolemy/actor/lib/test/auto/TestExceptionAttribute1.xml
1 ms. Memory: 458752K Free: 346217K (75%)
----------------- Invoking toplevel() on ptolemy.moml.MoMLSimpleApplication@3949a342
----------------- Done invoking toplevel() on ptolemy.moml.MoMLSimpleApplication@3949a342
reloadAllAccessors: .TestExceptionAttribute1

===========================================================================================
----------------- testing Tue Nov 19 06:22:54 UTC 2019 /home/travis/build/icyphy/ptII/ptolemy/actor/lib/test/auto/TestExceptionAttribute2.xml
----------------- Instantiating /home/travis/build/icyphy/ptII/ptolemy/actor/lib/test/auto/TestExceptionAttribute2.xml
2 ms. Memory: 458752K Free: 342635K (75%)
----------------- Invoking toplevel() on ptolemy.moml.MoMLSimpleApplication@3c4b3317
----------------- Done invoking toplevel() on ptolemy.moml.MoMLSimpleApplication@3c4b3317
reloadAllAccessors: .TestExceptionAttribute2

===========================================================================================
----------------- testing Tue Nov 19 06:22:54 UTC 2019 /home/travis/build/icyphy/ptII/ptolemy/actor/lib/test/auto/TestExceptionAttribute3.xml
----------------- Instantiating /home/travis/build/icyphy/ptII/ptolemy/actor/lib/test/auto/TestExceptionAttribute3.xml
.TestExceptionAttribute3.TestExceptionAttribute: initialize() was not invoked, but wrapup() was.  This is unusual, but not always a problem.  For example, exporting JNLP will do this.
1 ms. Memory: 458752K Free: 339049K (74%)
----------------- Invoking toplevel() on ptolemy.moml.MoMLSimpleApplication@41ed564e
----------------- Done invoking toplevel() on ptolemy.moml.MoMLSimpleApplication@41ed564e
reloadAllAccessors: .TestExceptionAttribute3

===========================================================================================
----------------- testing Tue Nov 19 06:22:54 UTC 2019 /home/travis/build/icyphy/ptII/ptolemy/actor/lib/test/auto/TestExceptionAttribute4.xml
----------------- Instantiating /home/travis/build/icyphy/ptII/ptolemy/actor/lib/test/auto/TestExceptionAttribute4.xml
.TestExceptionAttribute4.TestExceptionAttribute: initialize() was not invoked, but wrapup() was.  This is unusual, but not always a problem.  For example, exporting JNLP will do this.
.TestExceptionAttribute4.TestExceptionAttribute2: initialize() was not invoked, but wrapup() was.  This is unusual, but not always a problem.  For example, exporting JNLP will do this.
1 ms. Memory: 458752K Free: 334443K (73%)
----------------- Invoking toplevel() on ptolemy.moml.MoMLSimpleApplication@6d26a20f
----------------- Done invoking toplevel() on ptolemy.moml.MoMLSimpleApplication@6d26a20f
reloadAllAccessors: .TestExceptionAttribute4

===========================================================================================
----------------- testing Tue Nov 19 06:22:54 UTC 2019 /home/travis/build/icyphy/ptII/ptolemy/actor/lib/test/auto/TestExceptionHandler1.xml
----------------- Instantiating /home/travis/build/icyphy/ptII/ptolemy/actor/lib/test/auto/TestExceptionHandler1.xml
1 ms. Memory: 458752K Free: 330857K (72%)
----------------- Invoking toplevel() on ptolemy.moml.MoMLSimpleApplication@33440446
----------------- Done invoking toplevel() on ptolemy.moml.MoMLSimpleApplication@33440446
reloadAllAccessors: .TestExceptionHandler1

===========================================================================================
----------------- testing Tue Nov 19 06:22:54 UTC 2019 /home/travis/build/icyphy/ptII/ptolemy/actor/lib/test/auto/TestExceptionHandler2.xml
----------------- Instantiating /home/travis/build/icyphy/ptII/ptolemy/actor/lib/test/auto/TestExceptionHandler2.xml
1 ms. Memory: 458752K Free: 327275K (71%)
----------------- Invoking toplevel() on ptolemy.moml.MoMLSimpleApplication@4441b311
----------------- Done invoking toplevel() on ptolemy.moml.MoMLSimpleApplication@4441b311
reloadAllAccessors: .TestExceptionHandler2

===========================================================================================
----------------- testing Tue Nov 19 06:22:54 UTC 2019 /home/travis/build/icyphy/ptII/ptolemy/actor/lib/test/auto/TestExceptionHandler3.xml
----------------- Instantiating /home/travis/build/icyphy/ptII/ptolemy/actor/lib/test/auto/TestExceptionHandler3.xml
1 ms. Memory: 458752K Free: 323689K (71%)
----------------- Invoking toplevel() on ptolemy.moml.MoMLSimpleApplication@274945f3
----------------- Done invoking toplevel() on ptolemy.moml.MoMLSimpleApplication@274945f3
reloadAllAccessors: .TestExceptionHandler3

===========================================================================================
----------------- testing Tue Nov 19 06:22:55 UTC 2019 /home/travis/build/icyphy/ptII/ptolemy/actor/lib/test/auto/TestExceptionHandler4.xml
----------------- Instantiating /home/travis/build/icyphy/ptII/ptolemy/actor/lib/test/auto/TestExceptionHandler4.xml
0 ms. Memory: 458752K Free: 319593K (70%)
----------------- Invoking toplevel() on ptolemy.moml.MoMLSimpleApplication@753c4adb
----------------- Done invoking toplevel() on ptolemy.moml.MoMLSimpleApplication@753c4adb
reloadAllAccessors: .TestExceptionHandler4

===========================================================================================
----------------- testing Tue Nov 19 06:22:55 UTC 2019 /home/travis/build/icyphy/ptII/ptolemy/actor/lib/test/auto/TestRequireCorrectOrder.xml
----------------- Instantiating /home/travis/build/icyphy/ptII/ptolemy/actor/lib/test/auto/TestRequireCorrectOrder.xml
10 ms. Memory: 458752K Free: 314443K (69%)
----------------- Invoking toplevel() on ptolemy.moml.MoMLSimpleApplication@3d4b10e3
----------------- Done invoking toplevel() on ptolemy.moml.MoMLSimpleApplication@3d4b10e3
reloadAllAccessors: .TestRequireCorrectOrder

===========================================================================================
----------------- testing Tue Nov 19 06:22:55 UTC 2019 /home/travis/build/icyphy/ptII/ptolemy/actor/lib/test/auto/TestSimple.xml
----------------- Instantiating /home/travis/build/icyphy/ptII/ptolemy/actor/lib/test/auto/TestSimple.xml
1 ms. Memory: 458752K Free: 310377K (68%)
----------------- Invoking toplevel() on ptolemy.moml.MoMLSimpleApplication@7ae86670
----------------- Done invoking toplevel() on ptolemy.moml.MoMLSimpleApplication@7ae86670
reloadAllAccessors: .TestSimple

===========================================================================================
----------------- testing Tue Nov 19 06:22:55 UTC 2019 /home/travis/build/icyphy/ptII/ptolemy/actor/lib/test/auto/ThrowModelError.xml
----------------- Instantiating /home/travis/build/icyphy/ptII/ptolemy/actor/lib/test/auto/ThrowModelError.xml
1 ms. Memory: 458752K Free: 305257K (67%)
----------------- Invoking toplevel() on ptolemy.moml.MoMLSimpleApplication@69571485
----------------- Done invoking toplevel() on ptolemy.moml.MoMLSimpleApplication@69571485
reloadAllAccessors: .ThrowModelError

===========================================================================================
----------------- testing Tue Nov 19 06:22:55 UTC 2019 /home/travis/build/icyphy/ptII/ptolemy/actor/lib/test/auto/TimeDelayMicrosteps.xml
----------------- Instantiating /home/travis/build/icyphy/ptII/ptolemy/actor/lib/test/auto/TimeDelayMicrosteps.xml
3 ms. Memory: 458752K Free: 298603K (65%)
----------------- Invoking toplevel() on ptolemy.moml.MoMLSimpleApplication@3a80f8af
----------------- Done invoking toplevel() on ptolemy.moml.MoMLSimpleApplication@3a80f8af
reloadAllAccessors: .TimeDelayMicrosteps

===========================================================================================
----------------- testing Tue Nov 19 06:22:55 UTC 2019 /home/travis/build/icyphy/ptII/ptolemy/actor/lib/test/auto/TimeDelayMicrosteps2.xml
----------------- Instantiating /home/travis/build/icyphy/ptII/ptolemy/actor/lib/test/auto/TimeDelayMicrosteps2.xml
3 ms. Memory: 458752K Free: 290907K (63%)
----------------- Invoking toplevel() on ptolemy.moml.MoMLSimpleApplication@5efb6097
----------------- Done invoking toplevel() on ptolemy.moml.MoMLSimpleApplication@5efb6097
reloadAllAccessors: .TimeDelayMicrosteps2

===========================================================================================
----------------- testing Tue Nov 19 06:22:55 UTC 2019 /home/travis/build/icyphy/ptII/ptolemy/actor/lib/test/auto/TimeDelayMicrosteps3.xml
----------------- Instantiating /home/travis/build/icyphy/ptII/ptolemy/actor/lib/test/auto/TimeDelayMicrosteps3.xml
2 ms. Memory: 458752K Free: 284267K (62%)
----------------- Invoking toplevel() on ptolemy.moml.MoMLSimpleApplication@4d1cbed1
----------------- Done invoking toplevel() on ptolemy.moml.MoMLSimpleApplication@4d1cbed1
reloadAllAccessors: .TimeDelayMicrosteps3

===========================================================================================
----------------- testing Tue Nov 19 06:22:55 UTC 2019 /home/travis/build/icyphy/ptII/ptolemy/actor/lib/test/auto/TimeDelayVariableMicrosteps.xml
----------------- Instantiating /home/travis/build/icyphy/ptII/ptolemy/actor/lib/test/auto/TimeDelayVariableMicrosteps.xml
2 ms. Memory: 458752K Free: 277609K (61%)
----------------- Invoking toplevel() on ptolemy.moml.MoMLSimpleApplication@69b963f5
----------------- Done invoking toplevel() on ptolemy.moml.MoMLSimpleApplication@69b963f5
reloadAllAccessors: .TimeDelayVariableMicrosteps

===========================================================================================
----------------- testing Tue Nov 19 06:22:55 UTC 2019 /home/travis/build/icyphy/ptII/ptolemy/actor/lib/test/auto/TimeGap.xml
----------------- Instantiating /home/travis/build/icyphy/ptII/ptolemy/actor/lib/test/auto/TimeGap.xml
4 ms. Memory: 458752K Free: 272483K (59%)
----------------- Invoking toplevel() on ptolemy.moml.MoMLSimpleApplication@1b695b2
----------------- Done invoking toplevel() on ptolemy.moml.MoMLSimpleApplication@1b695b2
reloadAllAccessors: .TimeGap

===========================================================================================
----------------- testing Tue Nov 19 06:22:55 UTC 2019 /home/travis/build/icyphy/ptII/ptolemy/actor/lib/test/auto/TimeGap2.xml
----------------- Instantiating /home/travis/build/icyphy/ptII/ptolemy/actor/lib/test/auto/TimeGap2.xml
2 ms. Memory: 458752K Free: 266859K (58%)
----------------- Invoking toplevel() on ptolemy.moml.MoMLSimpleApplication@12c760a9
----------------- Done invoking toplevel() on ptolemy.moml.MoMLSimpleApplication@12c760a9
reloadAllAccessors: .TimeGap2

===========================================================================================
----------------- testing Tue Nov 19 06:22:55 UTC 2019 /home/travis/build/icyphy/ptII/ptolemy/actor/lib/test/auto/TimedSinewave.xml
----------------- Instantiating /home/travis/build/icyphy/ptII/ptolemy/actor/lib/test/auto/TimedSinewave.xml
22 ms. Memory: 458752K Free: 252523K (55%)
----------------- Invoking toplevel() on ptolemy.moml.MoMLSimpleApplication@7792a194
----------------- Done invoking toplevel() on ptolemy.moml.MoMLSimpleApplication@7792a194
reloadAllAccessors: .TimedSinewave

===========================================================================================
----------------- testing Tue Nov 19 06:22:55 UTC 2019 /home/travis/build/icyphy/ptII/ptolemy/actor/lib/test/auto/TimedSinewavePhase.xml
----------------- Instantiating /home/travis/build/icyphy/ptII/ptolemy/actor/lib/test/auto/TimedSinewavePhase.xml
9 ms. Memory: 458752K Free: 242793K (53%)
----------------- Invoking toplevel() on ptolemy.moml.MoMLSimpleApplication@7b84e884
----------------- Done invoking toplevel() on ptolemy.moml.MoMLSimpleApplication@7b84e884
reloadAllAccessors: .TimedSinewavePhase

===========================================================================================
----------------- testing Tue Nov 19 06:22:55 UTC 2019 /home/travis/build/icyphy/ptII/ptolemy/actor/lib/test/auto/Timer.xml
----------------- Instantiating /home/travis/build/icyphy/ptII/ptolemy/actor/lib/test/auto/Timer.xml
1 ms. Memory: 458752K Free: 236643K (52%)
----------------- Invoking toplevel() on ptolemy.moml.MoMLSimpleApplication@7e018ee6
----------------- Done invoking toplevel() on ptolemy.moml.MoMLSimpleApplication@7e018ee6
reloadAllAccessors: .Timer

===========================================================================================
----------------- testing Tue Nov 19 06:22:55 UTC 2019 /home/travis/build/icyphy/ptII/ptolemy/actor/lib/test/auto/TriangularDistTestModel.xml
----------------- Instantiating /home/travis/build/icyphy/ptII/ptolemy/actor/lib/test/auto/TriangularDistTestModel.xml
1 ms. Memory: 458752K Free: 231019K (50%)
----------------- Invoking toplevel() on ptolemy.moml.MoMLSimpleApplication@443b9db2
----------------- Done invoking toplevel() on ptolemy.moml.MoMLSimpleApplication@443b9db2
reloadAllAccessors: .TriangularDistTestModel

===========================================================================================
----------------- testing Tue Nov 19 06:22:55 UTC 2019 /home/travis/build/icyphy/ptII/ptolemy/actor/lib/test/auto/TrigFunction.xml
----------------- Instantiating /home/travis/build/icyphy/ptII/ptolemy/actor/lib/test/auto/TrigFunction.xml
1 ms. Memory: 458752K Free: 226409K (49%)
----------------- Invoking toplevel() on ptolemy.moml.MoMLSimpleApplication@1c5ff69f
----------------- Done invoking toplevel() on ptolemy.moml.MoMLSimpleApplication@1c5ff69f
reloadAllAccessors: .TrigFunction

===========================================================================================
----------------- testing Tue Nov 19 06:22:55 UTC 2019 /home/travis/build/icyphy/ptII/ptolemy/actor/lib/test/auto/TrigFunctionDE.xml
----------------- Instantiating /home/travis/build/icyphy/ptII/ptolemy/actor/lib/test/auto/TrigFunctionDE.xml
1 ms. Memory: 458752K Free: 220779K (48%)
----------------- Invoking toplevel() on ptolemy.moml.MoMLSimpleApplication@2e9d7e6d
----------------- Done invoking toplevel() on ptolemy.moml.MoMLSimpleApplication@2e9d7e6d
reloadAllAccessors: .TrigFunctionDE

===========================================================================================
----------------- testing Tue Nov 19 06:22:55 UTC 2019 /home/travis/build/icyphy/ptII/ptolemy/actor/lib/test/auto/TrigFunctionInverse.xml
----------------- Instantiating /home/travis/build/icyphy/ptII/ptolemy/actor/lib/test/auto/TrigFunctionInverse.xml
2 ms. Memory: 458752K Free: 215659K (47%)
----------------- Invoking toplevel() on ptolemy.moml.MoMLSimpleApplication@1a7a62c3
----------------- Done invoking toplevel() on ptolemy.moml.MoMLSimpleApplication@1a7a62c3
reloadAllAccessors: .TrigFunctionInverse

===========================================================================================
----------------- testing Tue Nov 19 06:22:55 UTC 2019 /home/travis/build/icyphy/ptII/ptolemy/actor/lib/test/auto/TrigFunctionTan.xml
----------------- Instantiating /home/travis/build/icyphy/ptII/ptolemy/actor/lib/test/auto/TrigFunctionTan.xml
1 ms. Memory: 458752K Free: 211563K (46%)
----------------- Invoking toplevel() on ptolemy.moml.MoMLSimpleApplication@662f7f68
----------------- Done invoking toplevel() on ptolemy.moml.MoMLSimpleApplication@662f7f68
reloadAllAccessors: .TrigFunctionTan

===========================================================================================
----------------- testing Tue Nov 19 06:22:55 UTC 2019 /home/travis/build/icyphy/ptII/ptolemy/actor/lib/test/auto/TriggeredClock.xml
----------------- Instantiating /home/travis/build/icyphy/ptII/ptolemy/actor/lib/test/auto/TriggeredClock.xml
2 ms. Memory: 458752K Free: 206937K (45%)
----------------- Invoking toplevel() on ptolemy.moml.MoMLSimpleApplication@72cb8256
----------------- Done invoking toplevel() on ptolemy.moml.MoMLSimpleApplication@72cb8256
reloadAllAccessors: .TriggeredClock

===========================================================================================
----------------- testing Tue Nov 19 06:22:55 UTC 2019 /home/travis/build/icyphy/ptII/ptolemy/actor/lib/test/auto/URLDirectoryReader.xml
----------------- Instantiating /home/travis/build/icyphy/ptII/ptolemy/actor/lib/test/auto/URLDirectoryReader.xml
28 ms. Memory: 458752K Free: 197737K (43%)
----------------- Invoking toplevel() on ptolemy.moml.MoMLSimpleApplication@2696f338
----------------- Done invoking toplevel() on ptolemy.moml.MoMLSimpleApplication@2696f338
reloadAllAccessors: .URLDirectoryReader

===========================================================================================
----------------- testing Tue Nov 19 06:22:55 UTC 2019 /home/travis/build/icyphy/ptII/ptolemy/actor/lib/test/auto/URLDirectoryReader3.xml
----------------- Instantiating /home/travis/build/icyphy/ptII/ptolemy/actor/lib/test/auto/URLDirectoryReader3.xml
1208 ms. Memory: 458752K Free: 401641K (88%)
----------------- Invoking toplevel() on ptolemy.moml.MoMLSimpleApplication@6d24cf3a
----------------- Done invoking toplevel() on ptolemy.moml.MoMLSimpleApplication@6d24cf3a
reloadAllAccessors: .URLDirectoryReader3

===========================================================================================
----------------- testing Tue Nov 19 06:22:56 UTC 2019 /home/travis/build/icyphy/ptII/ptolemy/actor/lib/test/auto/UnaryMathFunction.xml
----------------- Instantiating /home/travis/build/icyphy/ptII/ptolemy/actor/lib/test/auto/UnaryMathFunction.xml
3 ms. Memory: 458752K Free: 393821K (86%)
----------------- Invoking toplevel() on ptolemy.moml.MoMLSimpleApplication@6cf46bf
----------------- Done invoking toplevel() on ptolemy.moml.MoMLSimpleApplication@6cf46bf
reloadAllAccessors: .UnaryMathFunction

===========================================================================================
----------------- testing Tue Nov 19 06:22:56 UTC 2019 /home/travis/build/icyphy/ptII/ptolemy/actor/lib/test/auto/Uniform.xml
----------------- Instantiating /home/travis/build/icyphy/ptII/ptolemy/actor/lib/test/auto/Uniform.xml
1 ms. Memory: 458752K Free: 389211K (85%)
----------------- Invoking toplevel() on ptolemy.moml.MoMLSimpleApplication@1084160
----------------- Done invoking toplevel() on ptolemy.moml.MoMLSimpleApplication@1084160
reloadAllAccessors: .Uniform

===========================================================================================
----------------- testing Tue Nov 19 06:22:56 UTC 2019 /home/travis/build/icyphy/ptII/ptolemy/actor/lib/test/auto/UnionDisassemblerTest.xml
----------------- Instantiating /home/travis/build/icyphy/ptII/ptolemy/actor/lib/test/auto/UnionDisassemblerTest.xml
15 ms. Memory: 458752K Free: 385629K (84%)
----------------- Invoking toplevel() on ptolemy.moml.MoMLSimpleApplication@7000caf
----------------- Done invoking toplevel() on ptolemy.moml.MoMLSimpleApplication@7000caf
reloadAllAccessors: .UnionDisassemblerTest

===========================================================================================
----------------- testing Tue Nov 19 06:22:57 UTC 2019 /home/travis/build/icyphy/ptII/ptolemy/actor/lib/test/auto/UtilityFunctions.xml
----------------- Instantiating /home/travis/build/icyphy/ptII/ptolemy/actor/lib/test/auto/UtilityFunctions.xml
1 ms. Memory: 458752K Free: 381533K (83%)
----------------- Invoking toplevel() on ptolemy.moml.MoMLSimpleApplication@354e0aec
----------------- Done invoking toplevel() on ptolemy.moml.MoMLSimpleApplication@354e0aec
reloadAllAccessors: .UtilityFunctions

===========================================================================================
----------------- testing Tue Nov 19 06:22:57 UTC 2019 /home/travis/build/icyphy/ptII/ptolemy/actor/lib/test/auto/VariableSleep.xml
----------------- Instantiating /home/travis/build/icyphy/ptII/ptolemy/actor/lib/test/auto/VariableSleep.xml
503 ms. Memory: 458752K Free: 375899K (82%)
----------------- Invoking toplevel() on ptolemy.moml.MoMLSimpleApplication@38051e5a
----------------- Done invoking toplevel() on ptolemy.moml.MoMLSimpleApplication@38051e5a
reloadAllAccessors: .VariableSleep

===========================================================================================
----------------- testing Tue Nov 19 06:22:57 UTC 2019 /home/travis/build/icyphy/ptII/ptolemy/actor/lib/test/auto/VectorAssemblerDisassemblerCT.xml
----------------- Instantiating /home/travis/build/icyphy/ptII/ptolemy/actor/lib/test/auto/VectorAssemblerDisassemblerCT.xml
50 ms. Memory: 458752K Free: 354909K (77%)
----------------- Invoking toplevel() on ptolemy.moml.MoMLSimpleApplication@5525d91a
----------------- Done invoking toplevel() on ptolemy.moml.MoMLSimpleApplication@5525d91a
reloadAllAccessors: .VectorAssemblerDisassemblerCT

===========================================================================================
----------------- testing Tue Nov 19 06:22:57 UTC 2019 /home/travis/build/icyphy/ptII/ptolemy/actor/lib/test/auto/VectorAssemblerDisassemblerDE.xml
----------------- Instantiating /home/travis/build/icyphy/ptII/ptolemy/actor/lib/test/auto/VectorAssemblerDisassemblerDE.xml
5 ms. Memory: 458752K Free: 347741K (76%)
----------------- Invoking toplevel() on ptolemy.moml.MoMLSimpleApplication@b988cce
----------------- Done invoking toplevel() on ptolemy.moml.MoMLSimpleApplication@b988cce
reloadAllAccessors: .VectorAssemblerDisassemblerDE

===========================================================================================
----------------- testing Tue Nov 19 06:22:57 UTC 2019 /home/travis/build/icyphy/ptII/ptolemy/actor/lib/test/auto/VectorAssemblerDisassemblerSDF.xml
----------------- Instantiating /home/travis/build/icyphy/ptII/ptolemy/actor/lib/test/auto/VectorAssemblerDisassemblerSDF.xml
3 ms. Memory: 458752K Free: 341069K (74%)
----------------- Invoking toplevel() on ptolemy.moml.MoMLSimpleApplication@359983f5
----------------- Done invoking toplevel() on ptolemy.moml.MoMLSimpleApplication@359983f5
reloadAllAccessors: .VectorAssemblerDisassemblerSDF

===========================================================================================
----------------- testing Tue Nov 19 06:22:57 UTC 2019 /home/travis/build/icyphy/ptII/ptolemy/actor/lib/test/auto/WallClockTime.xml
----------------- Instantiating /home/travis/build/icyphy/ptII/ptolemy/actor/lib/test/auto/WallClockTime.xml
1004 ms. Memory: 458752K Free: 335963K (73%)
----------------- Invoking toplevel() on ptolemy.moml.MoMLSimpleApplication@3cf0ae30
----------------- Done invoking toplevel() on ptolemy.moml.MoMLSimpleApplication@3cf0ae30
reloadAllAccessors: .WallClockTime

===========================================================================================
----------------- testing Tue Nov 19 06:22:58 UTC 2019 /home/travis/build/icyphy/ptII/ptolemy/actor/lib/test/auto/WidthTestWithSubscriberPublisher.xml
----------------- Instantiating /home/travis/build/icyphy/ptII/ptolemy/actor/lib/test/auto/WidthTestWithSubscriberPublisher.xml
6 ms. Memory: 458752K Free: 317531K (69%)
----------------- Invoking toplevel() on ptolemy.moml.MoMLSimpleApplication@4085fb9f
----------------- Done invoking toplevel() on ptolemy.moml.MoMLSimpleApplication@4085fb9f
reloadAllAccessors: .WidthTestWithSubscriberPublisher

===========================================================================================
----------------- testing Tue Nov 19 06:22:58 UTC 2019 /home/travis/build/icyphy/ptII/ptolemy/actor/lib/test/auto/WidthTestWithSubscriberPublisher2.xml
----------------- Instantiating /home/travis/build/icyphy/ptII/ptolemy/actor/lib/test/auto/WidthTestWithSubscriberPublisher2.xml
2 ms. Memory: 458752K Free: 311387K (68%)
----------------- Invoking toplevel() on ptolemy.moml.MoMLSimpleApplication@50a6ee75
----------------- Done invoking toplevel() on ptolemy.moml.MoMLSimpleApplication@50a6ee75
reloadAllAccessors: .WidthTestWithSubscriberPublisher2

===========================================================================================
----------------- testing Tue Nov 19 06:22:58 UTC 2019 /home/travis/build/icyphy/ptII/ptolemy/actor/lib/test/auto/WidthTestWithSubscriberPublisher3.xml
----------------- Instantiating /home/travis/build/icyphy/ptII/ptolemy/actor/lib/test/auto/WidthTestWithSubscriberPublisher3.xml
2 ms. Memory: 458752K Free: 305757K (67%)
----------------- Invoking toplevel() on ptolemy.moml.MoMLSimpleApplication@f08945d
----------------- Done invoking toplevel() on ptolemy.moml.MoMLSimpleApplication@f08945d
reloadAllAccessors: .WidthTestWithSubscriberPublisher3

===========================================================================================
----------------- testing Tue Nov 19 06:22:58 UTC 2019 /home/travis/build/icyphy/ptII/ptolemy/actor/lib/test/auto/Writer.xml
----------------- Instantiating /home/travis/build/icyphy/ptII/ptolemy/actor/lib/test/auto/Writer.xml
0
1
2
3
4
2 ms. Memory: 458752K Free: 301661K (66%)
----------------- Invoking toplevel() on ptolemy.moml.MoMLSimpleApplication@650ccaf2
----------------- Done invoking toplevel() on ptolemy.moml.MoMLSimpleApplication@650ccaf2
reloadAllAccessors: .Writer

===========================================================================================
----------------- testing Tue Nov 19 06:22:58 UTC 2019 /home/travis/build/icyphy/ptII/ptolemy/actor/lib/test/auto/array.xml
----------------- Instantiating /home/travis/build/icyphy/ptII/ptolemy/actor/lib/test/auto/array.xml
2 ms. Memory: 458752K Free: 297051K (65%)
----------------- Invoking toplevel() on ptolemy.moml.MoMLSimpleApplication@69709d46
----------------- Done invoking toplevel() on ptolemy.moml.MoMLSimpleApplication@69709d46
reloadAllAccessors: .array

===========================================================================================
----------------- testing Tue Nov 19 06:22:58 UTC 2019 /home/travis/build/icyphy/ptII/ptolemy/actor/lib/test/auto/array2.xml
----------------- Instantiating /home/travis/build/icyphy/ptII/ptolemy/actor/lib/test/auto/array2.xml
5 ms. Memory: 458752K Free: 291421K (64%)
----------------- Invoking toplevel() on ptolemy.moml.MoMLSimpleApplication@2ed5f0e9
----------------- Done invoking toplevel() on ptolemy.moml.MoMLSimpleApplication@2ed5f0e9
reloadAllAccessors: .array2

===========================================================================================
----------------- testing Tue Nov 19 06:22:58 UTC 2019 /home/travis/build/icyphy/ptII/ptolemy/actor/lib/test/auto/arrayType.xml
----------------- Instantiating /home/travis/build/icyphy/ptII/ptolemy/actor/lib/test/auto/arrayType.xml
2 ms. Memory: 458752K Free: 286301K (62%)
----------------- Invoking toplevel() on ptolemy.moml.MoMLSimpleApplication@77e4df79
----------------- Done invoking toplevel() on ptolemy.moml.MoMLSimpleApplication@77e4df79
reloadAllAccessors: .arrayType

===========================================================================================
----------------- testing Tue Nov 19 06:22:58 UTC 2019 /home/travis/build/icyphy/ptII/ptolemy/actor/lib/test/auto/arrayType10.xml
----------------- Instantiating /home/travis/build/icyphy/ptII/ptolemy/actor/lib/test/auto/arrayType10.xml
1 ms. Memory: 458752K Free: 281691K (61%)
----------------- Invoking toplevel() on ptolemy.moml.MoMLSimpleApplication@79f96d49
----------------- Done invoking toplevel() on ptolemy.moml.MoMLSimpleApplication@79f96d49
reloadAllAccessors: .arrayType10

===========================================================================================
----------------- testing Tue Nov 19 06:22:58 UTC 2019 /home/travis/build/icyphy/ptII/ptolemy/actor/lib/test/auto/arrayType11.xml
----------------- Instantiating /home/travis/build/icyphy/ptII/ptolemy/actor/lib/test/auto/arrayType11.xml
2 ms. Memory: 458752K Free: 277085K (60%)
----------------- Invoking toplevel() on ptolemy.moml.MoMLSimpleApplication@33df0d79
----------------- Done invoking toplevel() on ptolemy.moml.MoMLSimpleApplication@33df0d79
reloadAllAccessors: .arrayType11

===========================================================================================
----------------- testing Tue Nov 19 06:22:58 UTC 2019 /home/travis/build/icyphy/ptII/ptolemy/actor/lib/test/auto/arrayType12.xml
----------------- Instantiating /home/travis/build/icyphy/ptII/ptolemy/actor/lib/test/auto/arrayType12.xml
1 ms. Memory: 458752K Free: 272475K (59%)
----------------- Invoking toplevel() on ptolemy.moml.MoMLSimpleApplication@18a07757
----------------- Done invoking toplevel() on ptolemy.moml.MoMLSimpleApplication@18a07757
reloadAllAccessors: .arrayType12

===========================================================================================
----------------- testing Tue Nov 19 06:22:58 UTC 2019 /home/travis/build/icyphy/ptII/ptolemy/actor/lib/test/auto/arrayType13.xml
----------------- Instantiating /home/travis/build/icyphy/ptII/ptolemy/actor/lib/test/auto/arrayType13.xml
1 ms. Memory: 458752K Free: 266845K (58%)
----------------- Invoking toplevel() on ptolemy.moml.MoMLSimpleApplication@37e8e70a
----------------- Done invoking toplevel() on ptolemy.moml.MoMLSimpleApplication@37e8e70a
reloadAllAccessors: .arrayType13

===========================================================================================
----------------- testing Tue Nov 19 06:22:58 UTC 2019 /home/travis/build/icyphy/ptII/ptolemy/actor/lib/test/auto/arrayType14.xml
----------------- Instantiating /home/travis/build/icyphy/ptII/ptolemy/actor/lib/test/auto/arrayType14.xml
1 ms. Memory: 458752K Free: 261725K (57%)
----------------- Invoking toplevel() on ptolemy.moml.MoMLSimpleApplication@13cb6eaa
----------------- Done invoking toplevel() on ptolemy.moml.MoMLSimpleApplication@13cb6eaa
reloadAllAccessors: .arrayType14

===========================================================================================
----------------- testing Tue Nov 19 06:22:58 UTC 2019 /home/travis/build/icyphy/ptII/ptolemy/actor/lib/test/auto/arrayType15.xml
----------------- Instantiating /home/travis/build/icyphy/ptII/ptolemy/actor/lib/test/auto/arrayType15.xml
3 ms. Memory: 458752K Free: 256605K (56%)
----------------- Invoking toplevel() on ptolemy.moml.MoMLSimpleApplication@2c1ae056
----------------- Done invoking toplevel() on ptolemy.moml.MoMLSimpleApplication@2c1ae056
reloadAllAccessors: .arrayType15

===========================================================================================
----------------- testing Tue Nov 19 06:22:58 UTC 2019 /home/travis/build/icyphy/ptII/ptolemy/actor/lib/test/auto/arrayType16.xml
----------------- Instantiating /home/travis/build/icyphy/ptII/ptolemy/actor/lib/test/auto/arrayType16.xml
2 ms. Memory: 458752K Free: 251485K (55%)
----------------- Invoking toplevel() on ptolemy.moml.MoMLSimpleApplication@5e4db58d
----------------- Done invoking toplevel() on ptolemy.moml.MoMLSimpleApplication@5e4db58d
reloadAllAccessors: .arrayType16

===========================================================================================
----------------- testing Tue Nov 19 06:22:58 UTC 2019 /home/travis/build/icyphy/ptII/ptolemy/actor/lib/test/auto/arrayType17.xml
----------------- Instantiating /home/travis/build/icyphy/ptII/ptolemy/actor/lib/test/auto/arrayType17.xml
2 ms. Memory: 458752K Free: 245851K (54%)
----------------- Invoking toplevel() on ptolemy.moml.MoMLSimpleApplication@2ada5d3c
----------------- Done invoking toplevel() on ptolemy.moml.MoMLSimpleApplication@2ada5d3c
reloadAllAccessors: .arrayType17

===========================================================================================
----------------- testing Tue Nov 19 06:22:58 UTC 2019 /home/travis/build/icyphy/ptII/ptolemy/actor/lib/test/auto/arrayType18.xml
----------------- Instantiating /home/travis/build/icyphy/ptII/ptolemy/actor/lib/test/auto/arrayType18.xml
1 ms. Memory: 458752K Free: 241245K (53%)
----------------- Invoking toplevel() on ptolemy.moml.MoMLSimpleApplication@3cb5b90c
----------------- Done invoking toplevel() on ptolemy.moml.MoMLSimpleApplication@3cb5b90c
reloadAllAccessors: .arrayType18

===========================================================================================
----------------- testing Tue Nov 19 06:22:58 UTC 2019 /home/travis/build/icyphy/ptII/ptolemy/actor/lib/test/auto/arrayType19.xml
----------------- Instantiating /home/travis/build/icyphy/ptII/ptolemy/actor/lib/test/auto/arrayType19.xml
1 ms. Memory: 458752K Free: 236635K (52%)
----------------- Invoking toplevel() on ptolemy.moml.MoMLSimpleApplication@5e3e7fa5
----------------- Done invoking toplevel() on ptolemy.moml.MoMLSimpleApplication@5e3e7fa5
reloadAllAccessors: .arrayType19

===========================================================================================
----------------- testing Tue Nov 19 06:22:58 UTC 2019 /home/travis/build/icyphy/ptII/ptolemy/actor/lib/test/auto/arrayType2.xml
----------------- Instantiating /home/travis/build/icyphy/ptII/ptolemy/actor/lib/test/auto/arrayType2.xml
2 ms. Memory: 458752K Free: 231515K (50%)
----------------- Invoking toplevel() on ptolemy.moml.MoMLSimpleApplication@646c10df
----------------- Done invoking toplevel() on ptolemy.moml.MoMLSimpleApplication@646c10df
reloadAllAccessors: .arrayType2

===========================================================================================
----------------- testing Tue Nov 19 06:22:58 UTC 2019 /home/travis/build/icyphy/ptII/ptolemy/actor/lib/test/auto/arrayType20.xml
----------------- Instantiating /home/travis/build/icyphy/ptII/ptolemy/actor/lib/test/auto/arrayType20.xml
2 ms. Memory: 458752K Free: 225371K (49%)
----------------- Invoking toplevel() on ptolemy.moml.MoMLSimpleApplication@70119047
----------------- Done invoking toplevel() on ptolemy.moml.MoMLSimpleApplication@70119047
reloadAllAccessors: .arrayType20

===========================================================================================
----------------- testing Tue Nov 19 06:22:58 UTC 2019 /home/travis/build/icyphy/ptII/ptolemy/actor/lib/test/auto/arrayType21.xml
----------------- Instantiating /home/travis/build/icyphy/ptII/ptolemy/actor/lib/test/auto/arrayType21.xml
1 ms. Memory: 458752K Free: 220765K (48%)
----------------- Invoking toplevel() on ptolemy.moml.MoMLSimpleApplication@15d23b2c
----------------- Done invoking toplevel() on ptolemy.moml.MoMLSimpleApplication@15d23b2c
reloadAllAccessors: .arrayType21

===========================================================================================
----------------- testing Tue Nov 19 06:22:58 UTC 2019 /home/travis/build/icyphy/ptII/ptolemy/actor/lib/test/auto/arrayType22.xml
----------------- Instantiating /home/travis/build/icyphy/ptII/ptolemy/actor/lib/test/auto/arrayType22.xml
1 ms. Memory: 458752K Free: 216155K (47%)
----------------- Invoking toplevel() on ptolemy.moml.MoMLSimpleApplication@52b05e33
----------------- Done invoking toplevel() on ptolemy.moml.MoMLSimpleApplication@52b05e33
reloadAllAccessors: .arrayType22

===========================================================================================
----------------- testing Tue Nov 19 06:22:58 UTC 2019 /home/travis/build/icyphy/ptII/ptolemy/actor/lib/test/auto/arrayType23.xml
----------------- Instantiating /home/travis/build/icyphy/ptII/ptolemy/actor/lib/test/auto/arrayType23.xml
3 ms. Memory: 458752K Free: 211549K (46%)
----------------- Invoking toplevel() on ptolemy.moml.MoMLSimpleApplication@68ba9da5
----------------- Done invoking toplevel() on ptolemy.moml.MoMLSimpleApplication@68ba9da5
reloadAllAccessors: .arrayType23

===========================================================================================
----------------- testing Tue Nov 19 06:22:58 UTC 2019 /home/travis/build/icyphy/ptII/ptolemy/actor/lib/test/auto/arrayType24.xml
----------------- Instantiating /home/travis/build/icyphy/ptII/ptolemy/actor/lib/test/auto/arrayType24.xml
2 ms. Memory: 458752K Free: 206429K (45%)
----------------- Invoking toplevel() on ptolemy.moml.MoMLSimpleApplication@342ae2ee
----------------- Done invoking toplevel() on ptolemy.moml.MoMLSimpleApplication@342ae2ee
reloadAllAccessors: .arrayType24

===========================================================================================
----------------- testing Tue Nov 19 06:22:59 UTC 2019 /home/travis/build/icyphy/ptII/ptolemy/actor/lib/test/auto/arrayType25.xml
----------------- Instantiating /home/travis/build/icyphy/ptII/ptolemy/actor/lib/test/auto/arrayType25.xml
2 ms. Memory: 458752K Free: 201309K (44%)
----------------- Invoking toplevel() on ptolemy.moml.MoMLSimpleApplication@70b5b2dd
----------------- Done invoking toplevel() on ptolemy.moml.MoMLSimpleApplication@70b5b2dd
reloadAllAccessors: .arrayType25

===========================================================================================
----------------- testing Tue Nov 19 06:22:59 UTC 2019 /home/travis/build/icyphy/ptII/ptolemy/actor/lib/test/auto/arrayType26.xml
----------------- Instantiating /home/travis/build/icyphy/ptII/ptolemy/actor/lib/test/auto/arrayType26.xml
1 ms. Memory: 458752K Free: 196189K (43%)
----------------- Invoking toplevel() on ptolemy.moml.MoMLSimpleApplication@7b0de886
----------------- Done invoking toplevel() on ptolemy.moml.MoMLSimpleApplication@7b0de886
reloadAllAccessors: .arrayType26

===========================================================================================
----------------- testing Tue Nov 19 06:22:59 UTC 2019 /home/travis/build/icyphy/ptII/ptolemy/actor/lib/test/auto/arrayType27.xml
----------------- Instantiating /home/travis/build/icyphy/ptII/ptolemy/actor/lib/test/auto/arrayType27.xml
2 ms. Memory: 458752K Free: 191069K (42%)
----------------- Invoking toplevel() on ptolemy.moml.MoMLSimpleApplication@4febd458
----------------- Done invoking toplevel() on ptolemy.moml.MoMLSimpleApplication@4febd458
reloadAllAccessors: .arrayType27

===========================================================================================
----------------- testing Tue Nov 19 06:22:59 UTC 2019 /home/travis/build/icyphy/ptII/ptolemy/actor/lib/test/auto/arrayType28.xml
----------------- Instantiating /home/travis/build/icyphy/ptII/ptolemy/actor/lib/test/auto/arrayType28.xml
1 ms. Memory: 458752K Free: 185435K (40%)
----------------- Invoking toplevel() on ptolemy.moml.MoMLSimpleApplication@75d12568
----------------- Done invoking toplevel() on ptolemy.moml.MoMLSimpleApplication@75d12568
reloadAllAccessors: .arrayType28

===========================================================================================
----------------- testing Tue Nov 19 06:22:59 UTC 2019 /home/travis/build/icyphy/ptII/ptolemy/actor/lib/test/auto/arrayType3.xml
----------------- Instantiating /home/travis/build/icyphy/ptII/ptolemy/actor/lib/test/auto/arrayType3.xml
1 ms. Memory: 458752K Free: 180315K (39%)
----------------- Invoking toplevel() on ptolemy.moml.MoMLSimpleApplication@11d31141
----------------- Done invoking toplevel() on ptolemy.moml.MoMLSimpleApplication@11d31141
reloadAllAccessors: .arrayType3

===========================================================================================
----------------- testing Tue Nov 19 06:22:59 UTC 2019 /home/travis/build/icyphy/ptII/ptolemy/actor/lib/test/auto/arrayType4.xml
----------------- Instantiating /home/travis/build/icyphy/ptII/ptolemy/actor/lib/test/auto/arrayType4.xml
2 ms. Memory: 458752K Free: 175195K (38%)
----------------- Invoking toplevel() on ptolemy.moml.MoMLSimpleApplication@72376bb9
----------------- Done invoking toplevel() on ptolemy.moml.MoMLSimpleApplication@72376bb9
reloadAllAccessors: .arrayType4

===========================================================================================
----------------- testing Tue Nov 19 06:22:59 UTC 2019 /home/travis/build/icyphy/ptII/ptolemy/actor/lib/test/auto/arrayType5.xml
----------------- Instantiating /home/travis/build/icyphy/ptII/ptolemy/actor/lib/test/auto/arrayType5.xml
1 ms. Memory: 458752K Free: 170075K (37%)
----------------- Invoking toplevel() on ptolemy.moml.MoMLSimpleApplication@49396cdf
----------------- Done invoking toplevel() on ptolemy.moml.MoMLSimpleApplication@49396cdf
reloadAllAccessors: .arrayType5

===========================================================================================
----------------- testing Tue Nov 19 06:22:59 UTC 2019 /home/travis/build/icyphy/ptII/ptolemy/actor/lib/test/auto/arrayType6.xml
----------------- Instantiating /home/travis/build/icyphy/ptII/ptolemy/actor/lib/test/auto/arrayType6.xml
1 ms. Memory: 458752K Free: 164955K (36%)
----------------- Invoking toplevel() on ptolemy.moml.MoMLSimpleApplication@13a83af6
----------------- Done invoking toplevel() on ptolemy.moml.MoMLSimpleApplication@13a83af6
reloadAllAccessors: .arrayType6

===========================================================================================
----------------- testing Tue Nov 19 06:22:59 UTC 2019 /home/travis/build/icyphy/ptII/ptolemy/actor/lib/test/auto/arrayType7.xml
----------------- Instantiating /home/travis/build/icyphy/ptII/ptolemy/actor/lib/test/auto/arrayType7.xml
1 ms. Memory: 458752K Free: 160349K (35%)
----------------- Invoking toplevel() on ptolemy.moml.MoMLSimpleApplication@641bbfe7
----------------- Done invoking toplevel() on ptolemy.moml.MoMLSimpleApplication@641bbfe7
reloadAllAccessors: .arrayType7

===========================================================================================
----------------- testing Tue Nov 19 06:22:59 UTC 2019 /home/travis/build/icyphy/ptII/ptolemy/actor/lib/test/auto/arrayType8.xml
----------------- Instantiating /home/travis/build/icyphy/ptII/ptolemy/actor/lib/test/auto/arrayType8.xml
7 ms. Memory: 458752K Free: 155739K (34%)
----------------- Invoking toplevel() on ptolemy.moml.MoMLSimpleApplication@561b53c0
----------------- Done invoking toplevel() on ptolemy.moml.MoMLSimpleApplication@561b53c0
reloadAllAccessors: .arrayType8

===========================================================================================
----------------- testing Tue Nov 19 06:22:59 UTC 2019 /home/travis/build/icyphy/ptII/ptolemy/actor/lib/test/auto/arrayType9.xml
----------------- Instantiating /home/travis/build/icyphy/ptII/ptolemy/actor/lib/test/auto/arrayType9.xml
1 ms. Memory: 458752K Free: 151133K (33%)
----------------- Invoking toplevel() on ptolemy.moml.MoMLSimpleApplication@3e854653
----------------- Done invoking toplevel() on ptolemy.moml.MoMLSimpleApplication@3e854653
reloadAllAccessors: .arrayType9

===========================================================================================
----------------- testing Tue Nov 19 06:22:59 UTC 2019 /home/travis/build/icyphy/ptII/ptolemy/actor/lib/test/auto/cast.xml
----------------- Instantiating /home/travis/build/icyphy/ptII/ptolemy/actor/lib/test/auto/cast.xml
2 ms. Memory: 458752K Free: 146013K (32%)
----------------- Invoking toplevel() on ptolemy.moml.MoMLSimpleApplication@ba2def1
----------------- Done invoking toplevel() on ptolemy.moml.MoMLSimpleApplication@ba2def1
reloadAllAccessors: .cast

===========================================================================================
----------------- testing Tue Nov 19 06:22:59 UTC 2019 /home/travis/build/icyphy/ptII/ptolemy/actor/lib/test/auto/compositeMultiPort.xml
----------------- Instantiating /home/travis/build/icyphy/ptII/ptolemy/actor/lib/test/auto/compositeMultiPort.xml
25 ms. Memory: 458752K Free: 405751K (88%)
----------------- Invoking toplevel() on ptolemy.moml.MoMLSimpleApplication@730f983c
----------------- Done invoking toplevel() on ptolemy.moml.MoMLSimpleApplication@730f983c
reloadAllAccessors: .compositeMultiPort

===========================================================================================
----------------- testing Tue Nov 19 06:22:59 UTC 2019 /home/travis/build/icyphy/ptII/ptolemy/actor/lib/test/auto/expressionCastInference.xml
----------------- Instantiating /home/travis/build/icyphy/ptII/ptolemy/actor/lib/test/auto/expressionCastInference.xml
3 ms. Memory: 458752K Free: 400681K (87%)
----------------- Invoking toplevel() on ptolemy.moml.MoMLSimpleApplication@33df295a
----------------- Done invoking toplevel() on ptolemy.moml.MoMLSimpleApplication@33df295a
reloadAllAccessors: .expressionCastInference

===========================================================================================
----------------- testing Tue Nov 19 06:22:59 UTC 2019 /home/travis/build/icyphy/ptII/ptolemy/actor/lib/test/auto/expressionCastInference2.xml
----------------- Instantiating /home/travis/build/icyphy/ptII/ptolemy/actor/lib/test/auto/expressionCastInference2.xml
2 ms. Memory: 458752K Free: 395561K (86%)
----------------- Invoking toplevel() on ptolemy.moml.MoMLSimpleApplication@3fe533a3
----------------- Done invoking toplevel() on ptolemy.moml.MoMLSimpleApplication@3fe533a3
reloadAllAccessors: .expressionCastInference2

===========================================================================================
----------------- testing Tue Nov 19 06:22:59 UTC 2019 /home/travis/build/icyphy/ptII/ptolemy/actor/lib/test/auto/expressionInference.xml
----------------- Instantiating /home/travis/build/icyphy/ptII/ptolemy/actor/lib/test/auto/expressionInference.xml
1 ms. Memory: 458752K Free: 391465K (85%)
----------------- Invoking toplevel() on ptolemy.moml.MoMLSimpleApplication@19be9bed
----------------- Done invoking toplevel() on ptolemy.moml.MoMLSimpleApplication@19be9bed
reloadAllAccessors: .expressionInference

===========================================================================================
----------------- testing Tue Nov 19 06:22:59 UTC 2019 /home/travis/build/icyphy/ptII/ptolemy/actor/lib/test/auto/expression_bug.xml
----------------- Instantiating /home/travis/build/icyphy/ptII/ptolemy/actor/lib/test/auto/expression_bug.xml
2 ms. Memory: 458752K Free: 387369K (84%)
----------------- Invoking toplevel() on ptolemy.moml.MoMLSimpleApplication@3662ddd
----------------- Done invoking toplevel() on ptolemy.moml.MoMLSimpleApplication@3662ddd
reloadAllAccessors: .expression_bug

===========================================================================================
----------------- testing Tue Nov 19 06:22:59 UTC 2019 /home/travis/build/icyphy/ptII/ptolemy/actor/lib/test/auto/factorial.xml
----------------- Instantiating /home/travis/build/icyphy/ptII/ptolemy/actor/lib/test/auto/factorial.xml
42 ms. Memory: 458752K Free: 378153K (82%)
----------------- Invoking toplevel() on ptolemy.moml.MoMLSimpleApplication@314f8842
----------------- Done invoking toplevel() on ptolemy.moml.MoMLSimpleApplication@314f8842
reloadAllAccessors: .factorial

===========================================================================================
----------------- testing Tue Nov 19 06:22:59 UTC 2019 /home/travis/build/icyphy/ptII/ptolemy/actor/lib/test/auto/filterTest1.xml
----------------- Instantiating /home/travis/build/icyphy/ptII/ptolemy/actor/lib/test/auto/filterTest1.xml
3 ms. Memory: 458752K Free: 372523K (81%)
----------------- Invoking toplevel() on ptolemy.moml.MoMLSimpleApplication@533c0784
----------------- Done invoking toplevel() on ptolemy.moml.MoMLSimpleApplication@533c0784
reloadAllAccessors: .filterTest1

===========================================================================================
----------------- testing Tue Nov 19 06:22:59 UTC 2019 /home/travis/build/icyphy/ptII/ptolemy/actor/lib/test/auto/funcApplyInConst.xml
----------------- Instantiating /home/travis/build/icyphy/ptII/ptolemy/actor/lib/test/auto/funcApplyInConst.xml
1 ms. Memory: 458752K Free: 368937K (80%)
----------------- Invoking toplevel() on ptolemy.moml.MoMLSimpleApplication@2162fe6b
----------------- Done invoking toplevel() on ptolemy.moml.MoMLSimpleApplication@2162fe6b
reloadAllAccessors: .funcApplyInConst

===========================================================================================
----------------- testing Tue Nov 19 06:22:59 UTC 2019 /home/travis/build/icyphy/ptII/ptolemy/actor/lib/test/auto/funcApplyInExpr.xml
----------------- Instantiating /home/travis/build/icyphy/ptII/ptolemy/actor/lib/test/auto/funcApplyInExpr.xml
1 ms. Memory: 458752K Free: 364841K (80%)
----------------- Invoking toplevel() on ptolemy.moml.MoMLSimpleApplication@293bf8e4
----------------- Done invoking toplevel() on ptolemy.moml.MoMLSimpleApplication@293bf8e4
reloadAllAccessors: .funcApplyInExpr

===========================================================================================
----------------- testing Tue Nov 19 06:22:59 UTC 2019 /home/travis/build/icyphy/ptII/ptolemy/actor/lib/test/auto/function.xml
----------------- Instantiating /home/travis/build/icyphy/ptII/ptolemy/actor/lib/test/auto/function.xml
1 ms. Memory: 458752K Free: 360235K (79%)
----------------- Invoking toplevel() on ptolemy.moml.MoMLSimpleApplication@318da895
----------------- Done invoking toplevel() on ptolemy.moml.MoMLSimpleApplication@318da895
reloadAllAccessors: .function

===========================================================================================
----------------- testing Tue Nov 19 06:22:59 UTC 2019 /home/travis/build/icyphy/ptII/ptolemy/actor/lib/test/auto/function2.xml
----------------- Instantiating /home/travis/build/icyphy/ptII/ptolemy/actor/lib/test/auto/function2.xml
2 ms. Memory: 458752K Free: 355625K (78%)
----------------- Invoking toplevel() on ptolemy.moml.MoMLSimpleApplication@6a6aab0f
----------------- Done invoking toplevel() on ptolemy.moml.MoMLSimpleApplication@6a6aab0f
reloadAllAccessors: .function2

===========================================================================================
----------------- testing Tue Nov 19 06:22:59 UTC 2019 /home/travis/build/icyphy/ptII/ptolemy/actor/lib/test/auto/function3.xml
----------------- Instantiating /home/travis/build/icyphy/ptII/ptolemy/actor/lib/test/auto/function3.xml
1 ms. Memory: 458752K Free: 351529K (77%)
----------------- Invoking toplevel() on ptolemy.moml.MoMLSimpleApplication@47a539b7
----------------- Done invoking toplevel() on ptolemy.moml.MoMLSimpleApplication@47a539b7
reloadAllAccessors: .function3

===========================================================================================
----------------- testing Tue Nov 19 06:22:59 UTC 2019 /home/travis/build/icyphy/ptII/ptolemy/actor/lib/test/auto/functionClosureTest1.xml
----------------- Instantiating /home/travis/build/icyphy/ptII/ptolemy/actor/lib/test/auto/functionClosureTest1.xml
1 ms. Memory: 458752K Free: 345899K (75%)
----------------- Invoking toplevel() on ptolemy.moml.MoMLSimpleApplication@3ab8bf84
----------------- Done invoking toplevel() on ptolemy.moml.MoMLSimpleApplication@3ab8bf84
reloadAllAccessors: .functionClosureTest1

===========================================================================================
----------------- testing Tue Nov 19 06:22:59 UTC 2019 /home/travis/build/icyphy/ptII/ptolemy/actor/lib/test/auto/functionClosureTest2.xml
----------------- Instantiating /home/travis/build/icyphy/ptII/ptolemy/actor/lib/test/auto/functionClosureTest2.xml
2 ms. Memory: 458752K Free: 342313K (75%)
----------------- Invoking toplevel() on ptolemy.moml.MoMLSimpleApplication@101b1619
----------------- Done invoking toplevel() on ptolemy.moml.MoMLSimpleApplication@101b1619
reloadAllAccessors: .functionClosureTest2

===========================================================================================
----------------- testing Tue Nov 19 06:22:59 UTC 2019 /home/travis/build/icyphy/ptII/ptolemy/actor/lib/test/auto/functionClosureTest3.xml
----------------- Instantiating /home/travis/build/icyphy/ptII/ptolemy/actor/lib/test/auto/functionClosureTest3.xml
2 ms. Memory: 458752K Free: 336683K (73%)
----------------- Invoking toplevel() on ptolemy.moml.MoMLSimpleApplication@5abb7a61
----------------- Done invoking toplevel() on ptolemy.moml.MoMLSimpleApplication@5abb7a61
reloadAllAccessors: .functionClosureTest3

===========================================================================================
----------------- testing Tue Nov 19 06:22:59 UTC 2019 /home/travis/build/icyphy/ptII/ptolemy/actor/lib/test/auto/functionClosureTest4.xml
----------------- Instantiating /home/travis/build/icyphy/ptII/ptolemy/actor/lib/test/auto/functionClosureTest4.xml
4 ms. Memory: 458752K Free: 330539K (72%)
----------------- Invoking toplevel() on ptolemy.moml.MoMLSimpleApplication@4d21a3df
----------------- Done invoking toplevel() on ptolemy.moml.MoMLSimpleApplication@4d21a3df
reloadAllAccessors: .functionClosureTest4

===========================================================================================
----------------- testing Tue Nov 19 06:22:59 UTC 2019 /home/travis/build/icyphy/ptII/ptolemy/actor/lib/test/auto/functionClosureTest5.xml
----------------- Instantiating /home/travis/build/icyphy/ptII/ptolemy/actor/lib/test/auto/functionClosureTest5.xml
4 ms. Memory: 458752K Free: 325419K (71%)
----------------- Invoking toplevel() on ptolemy.moml.MoMLSimpleApplication@7fbc91b4
----------------- Done invoking toplevel() on ptolemy.moml.MoMLSimpleApplication@7fbc91b4
reloadAllAccessors: .functionClosureTest5

===========================================================================================
----------------- testing Tue Nov 19 06:22:59 UTC 2019 /home/travis/build/icyphy/ptII/ptolemy/actor/lib/test/auto/functionClosureTest6.xml
----------------- Instantiating /home/travis/build/icyphy/ptII/ptolemy/actor/lib/test/auto/functionClosureTest6.xml
2 ms. Memory: 458752K Free: 320299K (70%)
----------------- Invoking toplevel() on ptolemy.moml.MoMLSimpleApplication@7e543bb7
----------------- Done invoking toplevel() on ptolemy.moml.MoMLSimpleApplication@7e543bb7
reloadAllAccessors: .functionClosureTest6

===========================================================================================
----------------- testing Tue Nov 19 06:22:59 UTC 2019 /home/travis/build/icyphy/ptII/ptolemy/actor/lib/test/auto/functionsOnArcs.xml
----------------- Instantiating /home/travis/build/icyphy/ptII/ptolemy/actor/lib/test/auto/functionsOnArcs.xml
2 ms. Memory: 458752K Free: 315179K (69%)
----------------- Invoking toplevel() on ptolemy.moml.MoMLSimpleApplication@1453776
----------------- Done invoking toplevel() on ptolemy.moml.MoMLSimpleApplication@1453776
reloadAllAccessors: .functionsOnArcs

===========================================================================================
----------------- testing Tue Nov 19 06:22:59 UTC 2019 /home/travis/build/icyphy/ptII/ptolemy/actor/lib/test/auto/functionsOnArcsHOF.xml
----------------- Instantiating /home/travis/build/icyphy/ptII/ptolemy/actor/lib/test/auto/functionsOnArcsHOF.xml
4 ms. Memory: 458752K Free: 309545K (67%)
----------------- Invoking toplevel() on ptolemy.moml.MoMLSimpleApplication@5bbeec21
----------------- Done invoking toplevel() on ptolemy.moml.MoMLSimpleApplication@5bbeec21
reloadAllAccessors: .functionsOnArcsHOF

===========================================================================================
----------------- testing Tue Nov 19 06:22:59 UTC 2019 /home/travis/build/icyphy/ptII/ptolemy/actor/lib/test/auto/logic.xml
----------------- Instantiating /home/travis/build/icyphy/ptII/ptolemy/actor/lib/test/auto/logic.xml
2 ms. Memory: 458752K Free: 301867K (66%)
----------------- Invoking toplevel() on ptolemy.moml.MoMLSimpleApplication@481da1f3
----------------- Done invoking toplevel() on ptolemy.moml.MoMLSimpleApplication@481da1f3
reloadAllAccessors: .logic

===========================================================================================
----------------- testing Tue Nov 19 06:22:59 UTC 2019 /home/travis/build/icyphy/ptII/ptolemy/actor/lib/test/auto/matrixType.xml
----------------- Instantiating /home/travis/build/icyphy/ptII/ptolemy/actor/lib/test/auto/matrixType.xml
1 ms. Memory: 458752K Free: 297257K (65%)
----------------- Invoking toplevel() on ptolemy.moml.MoMLSimpleApplication@7584f62b
----------------- Done invoking toplevel() on ptolemy.moml.MoMLSimpleApplication@7584f62b
reloadAllAccessors: .matrixType

===========================================================================================
----------------- testing Tue Nov 19 06:22:59 UTC 2019 /home/travis/build/icyphy/ptII/ptolemy/actor/lib/test/auto/matrixType10.xml
----------------- Instantiating /home/travis/build/icyphy/ptII/ptolemy/actor/lib/test/auto/matrixType10.xml
2 ms. Memory: 458752K Free: 292651K (64%)
----------------- Invoking toplevel() on ptolemy.moml.MoMLSimpleApplication@14e56a9f
----------------- Done invoking toplevel() on ptolemy.moml.MoMLSimpleApplication@14e56a9f
reloadAllAccessors: .matrixType10

===========================================================================================
----------------- testing Tue Nov 19 06:22:59 UTC 2019 /home/travis/build/icyphy/ptII/ptolemy/actor/lib/test/auto/matrixType11.xml
----------------- Instantiating /home/travis/build/icyphy/ptII/ptolemy/actor/lib/test/auto/matrixType11.xml
2 ms. Memory: 458752K Free: 287531K (63%)
----------------- Invoking toplevel() on ptolemy.moml.MoMLSimpleApplication@234f674e
----------------- Done invoking toplevel() on ptolemy.moml.MoMLSimpleApplication@234f674e
reloadAllAccessors: .matrixType11

===========================================================================================
----------------- testing Tue Nov 19 06:22:59 UTC 2019 /home/travis/build/icyphy/ptII/ptolemy/actor/lib/test/auto/matrixType12.xml
----------------- Instantiating /home/travis/build/icyphy/ptII/ptolemy/actor/lib/test/auto/matrixType12.xml
1 ms. Memory: 458752K Free: 282921K (62%)
----------------- Invoking toplevel() on ptolemy.moml.MoMLSimpleApplication@1ec26018
----------------- Done invoking toplevel() on ptolemy.moml.MoMLSimpleApplication@1ec26018
reloadAllAccessors: .matrixType12

===========================================================================================
----------------- testing Tue Nov 19 06:22:59 UTC 2019 /home/travis/build/icyphy/ptII/ptolemy/actor/lib/test/auto/matrixType13.xml
----------------- Instantiating /home/travis/build/icyphy/ptII/ptolemy/actor/lib/test/auto/matrixType13.xml
1 ms. Memory: 458752K Free: 278315K (61%)
----------------- Invoking toplevel() on ptolemy.moml.MoMLSimpleApplication@3ad84572
----------------- Done invoking toplevel() on ptolemy.moml.MoMLSimpleApplication@3ad84572
reloadAllAccessors: .matrixType13

===========================================================================================
----------------- testing Tue Nov 19 06:22:59 UTC 2019 /home/travis/build/icyphy/ptII/ptolemy/actor/lib/test/auto/matrixType14.xml
----------------- Instantiating /home/travis/build/icyphy/ptII/ptolemy/actor/lib/test/auto/matrixType14.xml
2 ms. Memory: 458752K Free: 272667K (59%)
----------------- Invoking toplevel() on ptolemy.moml.MoMLSimpleApplication@23a1bd55
----------------- Done invoking toplevel() on ptolemy.moml.MoMLSimpleApplication@23a1bd55
reloadAllAccessors: .matrixType14

===========================================================================================
----------------- testing Tue Nov 19 06:22:59 UTC 2019 /home/travis/build/icyphy/ptII/ptolemy/actor/lib/test/auto/matrixType2.xml
----------------- Instantiating /home/travis/build/icyphy/ptII/ptolemy/actor/lib/test/auto/matrixType2.xml
2 ms. Memory: 458752K Free: 267547K (58%)
----------------- Invoking toplevel() on ptolemy.moml.MoMLSimpleApplication@10694b8f
----------------- Done invoking toplevel() on ptolemy.moml.MoMLSimpleApplication@10694b8f
reloadAllAccessors: .matrixType2

===========================================================================================
----------------- testing Tue Nov 19 06:22:59 UTC 2019 /home/travis/build/icyphy/ptII/ptolemy/actor/lib/test/auto/matrixType3.xml
----------------- Instantiating /home/travis/build/icyphy/ptII/ptolemy/actor/lib/test/auto/matrixType3.xml
3 ms. Memory: 458752K Free: 262955K (57%)
----------------- Invoking toplevel() on ptolemy.moml.MoMLSimpleApplication@6e4cea39
----------------- Done invoking toplevel() on ptolemy.moml.MoMLSimpleApplication@6e4cea39
reloadAllAccessors: .matrixType3

===========================================================================================
----------------- testing Tue Nov 19 06:22:59 UTC 2019 /home/travis/build/icyphy/ptII/ptolemy/actor/lib/test/auto/matrixType4.xml
----------------- Instantiating /home/travis/build/icyphy/ptII/ptolemy/actor/lib/test/auto/matrixType4.xml
1 ms. Memory: 458752K Free: 257835K (56%)
----------------- Invoking toplevel() on ptolemy.moml.MoMLSimpleApplication@1e01101d
----------------- Done invoking toplevel() on ptolemy.moml.MoMLSimpleApplication@1e01101d
reloadAllAccessors: .matrixType4

===========================================================================================
----------------- testing Tue Nov 19 06:22:59 UTC 2019 /home/travis/build/icyphy/ptII/ptolemy/actor/lib/test/auto/matrixType5.xml
----------------- Instantiating /home/travis/build/icyphy/ptII/ptolemy/actor/lib/test/auto/matrixType5.xml
2 ms. Memory: 458752K Free: 253225K (55%)
----------------- Invoking toplevel() on ptolemy.moml.MoMLSimpleApplication@5e76710d
----------------- Done invoking toplevel() on ptolemy.moml.MoMLSimpleApplication@5e76710d
reloadAllAccessors: .matrixType5

===========================================================================================
----------------- testing Tue Nov 19 06:22:59 UTC 2019 /home/travis/build/icyphy/ptII/ptolemy/actor/lib/test/auto/matrixType6.xml
----------------- Instantiating /home/travis/build/icyphy/ptII/ptolemy/actor/lib/test/auto/matrixType6.xml
1 ms. Memory: 458752K Free: 248105K (54%)
----------------- Invoking toplevel() on ptolemy.moml.MoMLSimpleApplication@27a645b7
----------------- Done invoking toplevel() on ptolemy.moml.MoMLSimpleApplication@27a645b7
reloadAllAccessors: .matrixType6

===========================================================================================
----------------- testing Tue Nov 19 06:22:59 UTC 2019 /home/travis/build/icyphy/ptII/ptolemy/actor/lib/test/auto/matrixType7.xml
----------------- Instantiating /home/travis/build/icyphy/ptII/ptolemy/actor/lib/test/auto/matrixType7.xml
2 ms. Memory: 458752K Free: 243499K (53%)
----------------- Invoking toplevel() on ptolemy.moml.MoMLSimpleApplication@3449d81a
----------------- Done invoking toplevel() on ptolemy.moml.MoMLSimpleApplication@3449d81a
reloadAllAccessors: .matrixType7

===========================================================================================
----------------- testing Tue Nov 19 06:22:59 UTC 2019 /home/travis/build/icyphy/ptII/ptolemy/actor/lib/test/auto/matrixType8.xml
----------------- Instantiating /home/travis/build/icyphy/ptII/ptolemy/actor/lib/test/auto/matrixType8.xml
2 ms. Memory: 458752K Free: 238889K (52%)
----------------- Invoking toplevel() on ptolemy.moml.MoMLSimpleApplication@348440fe
----------------- Done invoking toplevel() on ptolemy.moml.MoMLSimpleApplication@348440fe
reloadAllAccessors: .matrixType8

===========================================================================================
----------------- testing Tue Nov 19 06:22:59 UTC 2019 /home/travis/build/icyphy/ptII/ptolemy/actor/lib/test/auto/matrixType9.xml
----------------- Instantiating /home/travis/build/icyphy/ptII/ptolemy/actor/lib/test/auto/matrixType9.xml
1 ms. Memory: 458752K Free: 233769K (51%)
----------------- Invoking toplevel() on ptolemy.moml.MoMLSimpleApplication@7e071860
----------------- Done invoking toplevel() on ptolemy.moml.MoMLSimpleApplication@7e071860
reloadAllAccessors: .matrixType9

===========================================================================================
----------------- testing Tue Nov 19 06:22:59 UTC 2019 /home/travis/build/icyphy/ptII/ptolemy/actor/lib/test/auto/paraFunctest.xml
----------------- Instantiating /home/travis/build/icyphy/ptII/ptolemy/actor/lib/test/auto/paraFunctest.xml
2 ms. Memory: 458752K Free: 230187K (50%)
----------------- Invoking toplevel() on ptolemy.moml.MoMLSimpleApplication@50d100e0
----------------- Done invoking toplevel() on ptolemy.moml.MoMLSimpleApplication@50d100e0
reloadAllAccessors: .paraFunctest

===========================================================================================
----------------- testing Tue Nov 19 06:22:59 UTC 2019 /home/travis/build/icyphy/ptII/ptolemy/actor/lib/test/auto/paraFunctest2.xml
----------------- Instantiating /home/travis/build/icyphy/ptII/ptolemy/actor/lib/test/auto/paraFunctest2.xml
1 ms. Memory: 458752K Free: 225577K (49%)
----------------- Invoking toplevel() on ptolemy.moml.MoMLSimpleApplication@2cb0fec2
----------------- Done invoking toplevel() on ptolemy.moml.MoMLSimpleApplication@2cb0fec2
reloadAllAccessors: .paraFunctest2

===========================================================================================
----------------- testing Tue Nov 19 06:22:59 UTC 2019 /home/travis/build/icyphy/ptII/ptolemy/actor/lib/test/auto/parameterPassing.xml
----------------- Instantiating /home/travis/build/icyphy/ptII/ptolemy/actor/lib/test/auto/parameterPassing.xml
0 ms. Memory: 458752K Free: 221481K (48%)
----------------- Invoking toplevel() on ptolemy.moml.MoMLSimpleApplication@40b5775
----------------- Done invoking toplevel() on ptolemy.moml.MoMLSimpleApplication@40b5775
reloadAllAccessors: .parameterPassing

===========================================================================================
----------------- testing Tue Nov 19 06:22:59 UTC 2019 /home/travis/build/icyphy/ptII/ptolemy/actor/lib/test/auto/record.xml
----------------- Instantiating /home/travis/build/icyphy/ptII/ptolemy/actor/lib/test/auto/record.xml
3 ms. Memory: 458752K Free: 216875K (47%)
----------------- Invoking toplevel() on ptolemy.moml.MoMLSimpleApplication@7f9149d1
----------------- Done invoking toplevel() on ptolemy.moml.MoMLSimpleApplication@7f9149d1
reloadAllAccessors: .record

===========================================================================================
----------------- testing Tue Nov 19 06:22:59 UTC 2019 /home/travis/build/icyphy/ptII/ptolemy/actor/lib/test/auto/sizedarray1.xml
----------------- Instantiating /home/travis/build/icyphy/ptII/ptolemy/actor/lib/test/auto/sizedarray1.xml
1 ms. Memory: 458752K Free: 211241K (46%)
----------------- Invoking toplevel() on ptolemy.moml.MoMLSimpleApplication@7ee72273
----------------- Done invoking toplevel() on ptolemy.moml.MoMLSimpleApplication@7ee72273
reloadAllAccessors: .sizedarray1

===========================================================================================
----------------- testing Tue Nov 19 06:22:59 UTC 2019 /home/travis/build/icyphy/ptII/ptolemy/actor/lib/test/auto/sizedarray2.xml
----------------- Instantiating /home/travis/build/icyphy/ptII/ptolemy/actor/lib/test/auto/sizedarray2.xml
2 ms. Memory: 458752K Free: 206121K (45%)
----------------- Invoking toplevel() on ptolemy.moml.MoMLSimpleApplication@52458195
----------------- Done invoking toplevel() on ptolemy.moml.MoMLSimpleApplication@52458195
reloadAllAccessors: .sizedarray2

===========================================================================================
----------------- testing Tue Nov 19 06:22:59 UTC 2019 /home/travis/build/icyphy/ptII/ptolemy/actor/lib/test/auto/twoPublishers.xml
----------------- Instantiating /home/travis/build/icyphy/ptII/ptolemy/actor/lib/test/auto/twoPublishers.xml
6 ms. Memory: 458752K Free: 194857K (42%)
----------------- Invoking toplevel() on ptolemy.moml.MoMLSimpleApplication@5d02d608
----------------- Done invoking toplevel() on ptolemy.moml.MoMLSimpleApplication@5d02d608
reloadAllAccessors: .twoPublishers
AutoTests.java: About to close Vertx.
AutoTests.java: Vertx closed.
]]></system-out>
  <system-err><![CDATA[java.lang.RuntimeException: Execution failed
	at ptolemy.moml.MoMLSimpleApplication$UnloadThread.run(MoMLSimpleApplication.java:402)
Caused by: java.lang.RuntimeException: StringUtilities.exit() was called. Normally, we would exit here because Manager.exitAfterWrapup() was called.  However, because the ptolemy.ptII.exitAfterWrapup property is set, we throw this exception instead.
	at ptolemy.util.StringUtilities.exit(StringUtilities.java:365)
	at ptolemy.actor.Manager.wrapup(Manager.java:1549)
	at ptolemy.actor.Manager.execute(Manager.java:407)
	at ptolemy.actor.Manager.run(Manager.java:1263)
	at ptolemy.actor.Manager$PtolemyRunThread.run(Manager.java:1933)
Warning: '.top.test' is in training mode, set the trainingMode parameter to false before checking in
Warning: '.top.test' is in training mode, set the trainingMode parameter to false before checking in
Warning: '.top.test' is in training mode, set the trainingMode parameter to false before checking in
Warning: '.BooleanSwitch_RegressionTest_WrongTrainingValues.Test' is in training mode, set the trainingMode parameter to false before checking in
Warning: '.BooleanSwitch_RegressionTest_WrongTrainingValues.Test2' is in training mode, set the trainingMode parameter to false before checking in
Warning: '.BooleanSwitch_RegressionTest_WrongTrainingValues.Test2' The test produced 0 tokens.
Warning: '.top.testExceptionHandler' is in training mode, set the trainingMode parameter to false before checking in
java.lang.RuntimeException: Execution failed
	at ptolemy.moml.MoMLSimpleApplication$UnloadThread.run(MoMLSimpleApplication.java:402)
Caused by: ptolemy.kernel.util.IllegalActionException: PublisherPorts cannot be used at the top level, use a Publisher actor instead.
  in .PublisherPortToplevelSubscriber.PublisherPort
	at ptolemy.actor.PublisherPort.preinitialize(PublisherPort.java:403)
	at ptolemy.actor.CompositeActor.preinitialize(CompositeActor.java:1769)
	at ptolemy.actor.Manager.preinitializeAndResolveTypes(Manager.java:1040)
	at ptolemy.actor.Manager.initialize(Manager.java:710)
	at ptolemy.actor.Manager.execute(Manager.java:356)
	at ptolemy.actor.Manager.run(Manager.java:1263)
	at ptolemy.actor.Manager$PtolemyRunThread.run(Manager.java:1933)
java.lang.reflect.InvocationTargetException
	at java.base/jdk.internal.reflect.NativeConstructorAccessorImpl.newInstance0(Native Method)
	at java.base/jdk.internal.reflect.NativeConstructorAccessorImpl.newInstance(NativeConstructorAccessorImpl.java:62)
	at java.base/jdk.internal.reflect.DelegatingConstructorAccessorImpl.newInstance(DelegatingConstructorAccessorImpl.java:45)
	at java.base/java.lang.reflect.Constructor.newInstance(Constructor.java:490)
	at ptolemy.util.test.junit.AutoKnownFailedTests.RunModel(AutoKnownFailedTests.java:105)
	at java.base/jdk.internal.reflect.NativeMethodAccessorImpl.invoke0(Native Method)
	at java.base/jdk.internal.reflect.NativeMethodAccessorImpl.invoke(NativeMethodAccessorImpl.java:62)
	at java.base/jdk.internal.reflect.DelegatingMethodAccessorImpl.invoke(DelegatingMethodAccessorImpl.java:43)
	at java.base/java.lang.reflect.Method.invoke(Method.java:566)
	at org.junit.runners.model.FrameworkMethod$1.runReflectiveCall(FrameworkMethod.java:44)
	at org.junit.internal.runners.model.ReflectiveCallable.run(ReflectiveCallable.java:15)
	at org.junit.runners.model.FrameworkMethod.invokeExplosively(FrameworkMethod.java:41)
	at junitparams.internal.InvokeParameterisedMethod.evaluate(InvokeParameterisedMethod.java:102)
	at org.junit.internal.runners.statements.FailOnTimeout$1.run(FailOnTimeout.java:28)
Caused by: ptolemy.kernel.util.IllegalActionException: PublisherPorts cannot be used at the top level, use a Publisher actor instead.
  in .PublisherPortToplevelSubscriber.PublisherPort
	at ptolemy.actor.PublisherPort.preinitialize(PublisherPort.java:403)
	at ptolemy.actor.CompositeActor.preinitialize(CompositeActor.java:1769)
	at ptolemy.actor.Manager.preinitializeAndResolveTypes(Manager.java:1040)
	at ptolemy.actor.Manager.initialize(Manager.java:710)
	at ptolemy.actor.Manager.execute(Manager.java:356)
	at ptolemy.actor.Manager.run(Manager.java:1263)
	at ptolemy.actor.Manager$PtolemyRunThread.run(Manager.java:1933)
java.lang.RuntimeException: Execution failed
	at ptolemy.moml.MoMLSimpleApplication$UnloadThread.run(MoMLSimpleApplication.java:402)
Caused by: ptolemy.kernel.util.IllegalActionException: SubscriberPorts cannot be used at the top level, use a Subscriber actor instead.
  in .PublisherSubscriberPortToplevel.SubscriberPort
	at ptolemy.actor.SubscriberPort.preinitialize(SubscriberPort.java:328)
	at ptolemy.actor.CompositeActor.preinitialize(CompositeActor.java:1769)
	at ptolemy.actor.Manager.preinitializeAndResolveTypes(Manager.java:1040)
	at ptolemy.actor.Manager.initialize(Manager.java:710)
	at ptolemy.actor.Manager.execute(Manager.java:356)
	at ptolemy.actor.Manager.run(Manager.java:1263)
	at ptolemy.actor.Manager$PtolemyRunThread.run(Manager.java:1933)
java.lang.reflect.InvocationTargetException
	at java.base/jdk.internal.reflect.NativeConstructorAccessorImpl.newInstance0(Native Method)
	at java.base/jdk.internal.reflect.NativeConstructorAccessorImpl.newInstance(NativeConstructorAccessorImpl.java:62)
	at java.base/jdk.internal.reflect.DelegatingConstructorAccessorImpl.newInstance(DelegatingConstructorAccessorImpl.java:45)
	at java.base/java.lang.reflect.Constructor.newInstance(Constructor.java:490)
	at ptolemy.util.test.junit.AutoKnownFailedTests.RunModel(AutoKnownFailedTests.java:105)
	at java.base/jdk.internal.reflect.NativeMethodAccessorImpl.invoke0(Native Method)
	at java.base/jdk.internal.reflect.NativeMethodAccessorImpl.invoke(NativeMethodAccessorImpl.java:62)
	at java.base/jdk.internal.reflect.DelegatingMethodAccessorImpl.invoke(DelegatingMethodAccessorImpl.java:43)
	at java.base/java.lang.reflect.Method.invoke(Method.java:566)
	at org.junit.runners.model.FrameworkMethod$1.runReflectiveCall(FrameworkMethod.java:44)
	at org.junit.internal.runners.model.ReflectiveCallable.run(ReflectiveCallable.java:15)
	at org.junit.runners.model.FrameworkMethod.invokeExplosively(FrameworkMethod.java:41)
	at junitparams.internal.InvokeParameterisedMethod.evaluate(InvokeParameterisedMethod.java:102)
	at org.junit.internal.runners.statements.FailOnTimeout$1.run(FailOnTimeout.java:28)
Caused by: ptolemy.kernel.util.IllegalActionException: SubscriberPorts cannot be used at the top level, use a Subscriber actor instead.
  in .PublisherSubscriberPortToplevel.SubscriberPort
	at ptolemy.actor.SubscriberPort.preinitialize(SubscriberPort.java:328)
	at ptolemy.actor.CompositeActor.preinitialize(CompositeActor.java:1769)
	at ptolemy.actor.Manager.preinitializeAndResolveTypes(Manager.java:1040)
	at ptolemy.actor.Manager.initialize(Manager.java:710)
	at ptolemy.actor.Manager.execute(Manager.java:356)
	at ptolemy.actor.Manager.run(Manager.java:1263)
	at ptolemy.actor.Manager$PtolemyRunThread.run(Manager.java:1933)
java.lang.RuntimeException: Execution failed
	at ptolemy.moml.MoMLSimpleApplication$UnloadThread.run(MoMLSimpleApplication.java:402)
Caused by: ptolemy.kernel.util.IllegalActionException: SubscriptionAggregatorPorts cannot be used at the top level, use a SubscriptionAggregator actor instead.
  in .PublisherSubscriptionAggregatorPort.SubscriptionAggregatorPort
	at ptolemy.actor.SubscriptionAggregatorPort.preinitialize(SubscriptionAggregatorPort.java:353)
	at ptolemy.actor.CompositeActor.preinitialize(CompositeActor.java:1769)
	at ptolemy.actor.Manager.preinitializeAndResolveTypes(Manager.java:1040)
	at ptolemy.actor.Manager.initialize(Manager.java:710)
	at ptolemy.actor.Manager.execute(Manager.java:356)
	at ptolemy.actor.Manager.run(Manager.java:1263)
	at ptolemy.actor.Manager$PtolemyRunThread.run(Manager.java:1933)
java.lang.reflect.InvocationTargetException
	at java.base/jdk.internal.reflect.NativeConstructorAccessorImpl.newInstance0(Native Method)
	at java.base/jdk.internal.reflect.NativeConstructorAccessorImpl.newInstance(NativeConstructorAccessorImpl.java:62)
	at java.base/jdk.internal.reflect.DelegatingConstructorAccessorImpl.newInstance(DelegatingConstructorAccessorImpl.java:45)
	at java.base/java.lang.reflect.Constructor.newInstance(Constructor.java:490)
	at ptolemy.util.test.junit.AutoKnownFailedTests.RunModel(AutoKnownFailedTests.java:105)
	at java.base/jdk.internal.reflect.NativeMethodAccessorImpl.invoke0(Native Method)
	at java.base/jdk.internal.reflect.NativeMethodAccessorImpl.invoke(NativeMethodAccessorImpl.java:62)
	at java.base/jdk.internal.reflect.DelegatingMethodAccessorImpl.invoke(DelegatingMethodAccessorImpl.java:43)
	at java.base/java.lang.reflect.Method.invoke(Method.java:566)
	at org.junit.runners.model.FrameworkMethod$1.runReflectiveCall(FrameworkMethod.java:44)
	at org.junit.internal.runners.model.ReflectiveCallable.run(ReflectiveCallable.java:15)
	at org.junit.runners.model.FrameworkMethod.invokeExplosively(FrameworkMethod.java:41)
	at junitparams.internal.InvokeParameterisedMethod.evaluate(InvokeParameterisedMethod.java:102)
	at org.junit.internal.runners.statements.FailOnTimeout$1.run(FailOnTimeout.java:28)
Caused by: ptolemy.kernel.util.IllegalActionException: SubscriptionAggregatorPorts cannot be used at the top level, use a SubscriptionAggregator actor instead.
  in .PublisherSubscriptionAggregatorPort.SubscriptionAggregatorPort
	at ptolemy.actor.SubscriptionAggregatorPort.preinitialize(SubscriptionAggregatorPort.java:353)
	at ptolemy.actor.CompositeActor.preinitialize(CompositeActor.java:1769)
	at ptolemy.actor.Manager.preinitializeAndResolveTypes(Manager.java:1040)
	at ptolemy.actor.Manager.initialize(Manager.java:710)
	at ptolemy.actor.Manager.execute(Manager.java:356)
	at ptolemy.actor.Manager.run(Manager.java:1263)
	at ptolemy.actor.Manager$PtolemyRunThread.run(Manager.java:1933)
java.lang.RuntimeException: Execution failed
	at ptolemy.moml.MoMLSimpleApplication$UnloadThread.run(MoMLSimpleApplication.java:402)
Caused by: ptolemy.kernel.util.IllegalActionException: TypeTest actor has no training data.
  in .sizedarray3.TypeTest
	at ptolemy.actor.lib.TypeTest.initialize(TypeTest.java:250)
	at ptolemy.actor.Director.initialize(Director.java:938)
	at ptolemy.actor.Director.initialize(Director.java:907)
	at ptolemy.actor.sched.StaticSchedulingDirector.initialize(StaticSchedulingDirector.java:159)
	at ptolemy.domains.sdf.kernel.SDFDirector.initialize(SDFDirector.java:544)
	at ptolemy.actor.CompositeActor.initialize(CompositeActor.java:935)
	at ptolemy.actor.Manager.initialize(Manager.java:724)
	at ptolemy.actor.Manager.execute(Manager.java:356)
	at ptolemy.actor.Manager.run(Manager.java:1263)
	at ptolemy.actor.Manager$PtolemyRunThread.run(Manager.java:1933)
java.lang.reflect.InvocationTargetException
	at java.base/jdk.internal.reflect.NativeConstructorAccessorImpl.newInstance0(Native Method)
	at java.base/jdk.internal.reflect.NativeConstructorAccessorImpl.newInstance(NativeConstructorAccessorImpl.java:62)
	at java.base/jdk.internal.reflect.DelegatingConstructorAccessorImpl.newInstance(DelegatingConstructorAccessorImpl.java:45)
	at java.base/java.lang.reflect.Constructor.newInstance(Constructor.java:490)
	at ptolemy.util.test.junit.AutoKnownFailedTests.RunModel(AutoKnownFailedTests.java:105)
	at java.base/jdk.internal.reflect.NativeMethodAccessorImpl.invoke0(Native Method)
	at java.base/jdk.internal.reflect.NativeMethodAccessorImpl.invoke(NativeMethodAccessorImpl.java:62)
	at java.base/jdk.internal.reflect.DelegatingMethodAccessorImpl.invoke(DelegatingMethodAccessorImpl.java:43)
	at java.base/java.lang.reflect.Method.invoke(Method.java:566)
	at org.junit.runners.model.FrameworkMethod$1.runReflectiveCall(FrameworkMethod.java:44)
	at org.junit.internal.runners.model.ReflectiveCallable.run(ReflectiveCallable.java:15)
	at org.junit.runners.model.FrameworkMethod.invokeExplosively(FrameworkMethod.java:41)
	at junitparams.internal.InvokeParameterisedMethod.evaluate(InvokeParameterisedMethod.java:102)
	at org.junit.internal.runners.statements.FailOnTimeout$1.run(FailOnTimeout.java:28)
Caused by: ptolemy.kernel.util.IllegalActionException: TypeTest actor has no training data.
  in .sizedarray3.TypeTest
	at ptolemy.actor.lib.TypeTest.initialize(TypeTest.java:250)
	at ptolemy.actor.Director.initialize(Director.java:938)
	at ptolemy.actor.Director.initialize(Director.java:907)
	at ptolemy.actor.sched.StaticSchedulingDirector.initialize(StaticSchedulingDirector.java:159)
	at ptolemy.domains.sdf.kernel.SDFDirector.initialize(SDFDirector.java:544)
	at ptolemy.actor.CompositeActor.initialize(CompositeActor.java:935)
	at ptolemy.actor.Manager.initialize(Manager.java:724)
	at ptolemy.actor.Manager.execute(Manager.java:356)
	at ptolemy.actor.Manager.run(Manager.java:1263)
	at ptolemy.actor.Manager$PtolemyRunThread.run(Manager.java:1933)
java.lang.RuntimeException: Execution failed
	at ptolemy.moml.MoMLSimpleApplication$UnloadThread.run(MoMLSimpleApplication.java:402)
Caused by: ptolemy.kernel.util.IllegalActionException: Test fails in iteration 0.
Value was: 6003L. Should have been: 6000L
  in .ExecutionTimeSDF.NonStrictTest
	at ptolemy.actor.lib.NonStrictTest.postfire(NonStrictTest.java:328)
	at ptolemy.actor.AtomicActor.iterate(AtomicActor.java:518)
	at ptolemy.actor.sched.StaticSchedulingDirector.fire(StaticSchedulingDirector.java:216)
	at ptolemy.domains.sdf.kernel.SDFDirector.fire(SDFDirector.java:500)
	at ptolemy.actor.CompositeActor.fire(CompositeActor.java:455)
	at ptolemy.actor.Manager.iterate(Manager.java:851)
	at ptolemy.actor.Manager.execute(Manager.java:369)
	at ptolemy.actor.Manager.run(Manager.java:1263)
	at ptolemy.actor.Manager$PtolemyRunThread.run(Manager.java:1933)
]]></system-err>
</testsuite>
