<?xml version="1.0" encoding="UTF-8" ?>
<testsuite errors="0" failures="0" hostname="travis-job-3076ee92-c1ca-4833-b5d8-b9c85d7a5412" name="ptolemy.domains.de.lib.test.junit.JUnitTclTest" skipped="0" tests="52" time="3.604" timestamp="2020-01-10T06:48:42">
  <properties>
    <property name="npm.executable" value="npm" />
    <property name="env.TRAVIS_ROOT" value="/" />
    <property name="ptII.mk.exists" value="true" />
    <property name="env.TRAVIS_APP_HOST" value="build.travis-ci.org" />
    <property name="env.rvm_bin_path" value="/home/travis/.rvm/bin" />
    <property name="java.home" value="/usr/local/lib/jvm/openjdk11" />
    <property name="env.TRAVIS_JOB_NUMBER" value="1462.9" />
    <property name="env.TRAVIS_HOME" value="/home/travis" />
    <property name="env.DISPLAY" value=":99.0" />
    <property name="env.TRAVIS_INIT" value="systemd" />
    <property name="env.SSH_TTY" value="/dev/pts/0" />
    <property name="java.net.preferIPv4Stack" value="true" />
    <property name="env.RUN_TESTS" value="true" />
    <property name="timeout.short" value="1000000" />
    <property name="junit.formatter" value="xml" />
    <property name="env.TRAVIS_SUDO" value="true" />
    <property name="env.TRAVIS_JOB_NAME" value="" />
    <property name="env.TRAVIS_STACK_NODE_ATTRIBUTES" value="/.node-attributes.yml" />
    <property name="env.LOGNAME" value="travis" />
    <property name="jsdoc.home" value="node_modules/@terraswarm/jsdoc" />
    <property name="debuglevel" value="source,lines,vars" />
    <property name="checkstyle.formatter" value="xml" />
    <property name="env._system_version" value="16.04" />
    <property name="bin.vergil.makeable" value="true" />
    <property name="sun.os.patch.level" value="unknown" />
    <property name="java.vendor.url" value="http://java.oracle.com/" />
    <property name="env.TRAVIS_BUILD_WEB_URL" value="https://travis-ci.org/icyphy/ptII/builds/635110112" />
    <property name="java.version" value="11.0.2" />
    <property name="env.TZ" value="UTC" />
    <property name="env.TRAVIS_PULL_REQUEST_SHA" value="" />
    <property name="env.PT_NO_NET" value="true" />
    <property name="env.TRAVIS_SECURE_ENV_VARS" value="true" />
    <property name="env._system_type" value="Linux" />
    <property name="java.vendor.url.bug" value="http://bugreport.java.com/bugreport/" />
    <property name="npmjs-org-is-up" value="true" />
    <property name="env.LANGUAGE" value="en_US.UTF-8" />
    <property name="env.SSH_CLIENT" value="10.16.2.54 60420 22" />
    <property name="env.GEM_HOME" value="/home/travis/.rvm/gems/ruby-2.5.3" />
    <property name="env.HAS_ANTARES_THREE_LITTLE_FRONZIES_BADGE" value="true" />
    <property name="java.version.date" value="2019-01-15" />
    <property name="env.PS4" value="+" />
    <property name="ant.project.invoked-targets" value="build,test.core2.xml" />
    <property name="env.TRAVIS_PULL_REQUEST_BRANCH" value="" />
    <property name="env.TRAVIS_REPO_SLUG" value="icyphy/ptII" />
    <property name="env.XDG_DATA_DIRS" value="/usr/local/share:/usr/share:/var/lib/snapd/desktop" />
    <property name="jdk.debug" value="release" />
    <property name="env.TRAVIS_APT_PROXY" value="http://build-cache.travisci.net" />
    <property name="env.TRAVIS_CPU_ARCH" value="amd64" />
    <property name="node.in.path" value="true" />
    <property name="user.name" value="travis" />
    <property name="java.maxmemory" value="1400m" />
    <property name="env.RUBY_VERSION" value="ruby-2.5.3" />
    <property name="env.LANG" value="en_US.UTF-8" />
    <property name="sun.io.unicode.encoding" value="UnicodeLittle" />
    <property name="sun.jnu.encoding" value="UTF-8" />
    <property name="java.runtime.name" value="OpenJDK Runtime Environment" />
    <property name="usefile" value="false" />
    <property name="return.code" value="0" />
    <property name="junit.single.formatter" value="plain" />
    <property name="env.DYLD_LIBRARY_PATH" value="/home/travis/pthla/certi-tools/lib:" />
    <property name="env.DEBIAN_FRONTEND" value="noninteractive" />
    <property name="env.SSH_CONNECTION" value="10.16.2.54 60420 10.20.0.46 22" />
    <property name="env.MYSQL_UNIX_PORT" value="/var/run/mysqld/mysqld.sock" />
    <property name="env.LC_ALL" value="en_US.UTF-8" />
    <property name="env.TRAVIS_ALLOW_FAILURE" value="false" />
    <property name="env.TRAVIS_JOB_WEB_URL" value="https://travis-ci.org/icyphy/ptII/jobs/635110131" />
    <property name="java.specification.name" value="Java Platform API Specification" />
    <property name="node.works" value="true" />
    <property name="user.timezone" value="" />
    <property name="path.separator" value=":" />
    <property name="env.TRAVIS_ENABLE_INFRA_DETECTION" value="true" />
    <property name="env.PYTHON_CFLAGS" value="-g -fstack-protector --param=ssp-buffer-size=4 -Wformat -Werror=format-security" />
    <property name="timeout.long" value="4000000" />
    <property name="env.CERTI_HOME" value="/home/travis/pthla/certi-tools" />
    <property name="ant.file.ptII" value="/home/travis/build/icyphy/ptII/build.xml" />
    <property name="javadoc.packagenames" value="com.*,diva.*,lbnl.*,org.hlacerti.*,org.json.*,org.ptolemy.*,org.terraswarm.*,ptolemy.*,ptserver.*" />
    <property name="file.encoding" value="UTF-8" />
    <property name="env.TRAVIS_PULL_REQUEST_SLUG" value="" />
    <property name="ant.project.default-target" value="build" />
    <property name="env.GIT_ASKPASS" value="echo" />
    <property name="env.HOME" value="/home/travis" />
    <property name="sun.java.command" value="org.apache.tools.ant.taskdefs.optional.junit.JUnitTestRunner ptolemy.domains.de.lib.test.junit.JUnitTclTest skipNonTests=false filtertrace=true haltOnError=false haltOnFailure=false formatter=org.apache.tools.ant.taskdefs.optional.junit.OutErrSummaryJUnitResultFormatter showoutput=true outputtoformatters=true logfailedtests=true threadid=0 logtestlistenerevents=false formatter=org.apache.tools.ant.taskdefs.optional.junit.XMLJUnitResultFormatter,/home/travis/build/icyphy/ptII/reports/junit/TEST-ptolemy.domains.de.lib.test.junit.JUnitTclTest.xml crashfile=/home/travis/build/icyphy/ptII/junitvmwatcher903569601180548489.properties propsfile=/home/travis/build/icyphy/ptII/junit5886428830668475593.properties" />
    <property name="env.COMPOSER_NO_INTERACTION" value="1" />
    <property name="env.MANPATH" value="/home/travis/.nvm/versions/node/v7.10.1/share/man:/home/travis/.rvm/rubies/ruby-2.5.3/share/man:/usr/local/cmake-3.12.4/man:/usr/local/clang-7.0.0/share/man:/usr/local/man:/usr/local/share/man:/usr/share/man:/home/travis/.rvm/man" />
    <property name="env.TRAVIS_TIMER_ID" value="17573994" />
    <property name="ant.file" value="/home/travis/build/icyphy/ptII/build.xml" />
    <property name="env.TRAVIS_COMMIT_RANGE" value="306228930c82f8432c4c29642b91a70b1d158448...91c18494ffb61df2b5c9e9587cdacc264ddd6f9b" />
    <property name="env._system_name" value="Ubuntu" />
    <property name="ptII.classpath.optional.property" value="/home/travis/build/icyphy/ptII/lib/bsh-2.0b4.jar:/home/travis/build/icyphy/ptII/lib/ptCal.jar:/home/travis/build/icyphy/ptII/lib/java_cup.jar:/home/travis/build/icyphy/ptII/lib/saxon8.jar:/home/travis/build/icyphy/ptII/lib/saxon8-dom.jar:/home/travis/build/icyphy/ptII/lib/chic.jar:/home/travis/build/icyphy/ptII/lib/ptcolt.jar:/home/travis/build/icyphy/ptII/vendors/misc/itext/iText.jar:/home/travis/build/icyphy/ptII/lib/g4ltl.jar:/home/travis/build/icyphy/ptII/lib/StructuralCoder.jar:/home/travis/build/icyphy/ptII/lib/jcerti.jar:/home/travis/build/icyphy/ptII/lib/javax.mail.jar:/home/travis/build/icyphy/ptII/vendors/JMF-2.1.1e/lib/jmf.jar:/home/travis/build/icyphy/ptII/lib/jna-4.0.0-variadic.jar:/home/travis/build/icyphy/ptII/vendors/misc/joystick/Joystick.jar:/home/travis/build/icyphy/ptII/lib/ptjacl.jar:/home/travis/build/icyphy/ptII/lib/jsoup-1.8.2.jar:/home/travis/build/icyphy/ptII/lib/junit-4.8.2.jar:/home/travis/build/icyphy/ptII/lib/JUnitParams-0.4.0.jar:/home/travis/build/icyphy/ptII/ptolemy/actor/lib/excel/jxl.jar:/home/travis/build/icyphy/ptII/lib/jython.jar:/home/travis/build/icyphy/ptII/lib/kieler.jar:/home/travis/build/icyphy/ptII/vendors/opencv/share/OpenCV/java/opencv-341.jar:/home/travis/build/icyphy/ptII/lib/oscP5.jar:/home/travis/build/icyphy/ptII/lib/nrjavaserial-3.11.0.devel.jar:/home/travis/build/icyphy/ptII/vendors/j3d/lib/Linux/j3dcore.jar:/home/travis/build/icyphy/ptII/vendors/j3d/lib/Linux/j3dutils.jar:/home/travis/build/icyphy/ptII/vendors/j3d/lib/Linux/vecmath.jar:/home/travis/build/icyphy/ptII/vendors/jogl/lib/Linux/gluegen-rt-natives-linux-amd64.jar:/home/travis/build/icyphy/ptII/vendors/jogl/lib/Linux/gluegen-rt.jar:/home/travis/build/icyphy/ptII/vendors/jogl/lib/Linux/jogl-all-natives-linux-amd64.jar:/home/travis/build/icyphy/ptII/vendors/jogl/lib/Linux/jogl-all.jar:/home/travis/build/icyphy/ptII/ptolemy/distributed/jini/jar/jini-core.jar:/home/travis/build/icyphy/ptII/ptolemy/distributed/jini/jar/jini-ext.jar:/home/travis/build/icyphy/ptII/ptolemy/distributed/jini/jar/sun-util.jar:/home/travis/build/icyphy/ptII/lib/protobuf-java-2.4.1.jar:/home/travis/build/icyphy/ptII/lib/org.eclipse.paho.client.mqttv3.jar:/home/travis/build/icyphy/ptII/lib/mapss.jar:/home/travis/build/icyphy/ptII/ptolemy/actor/ptalon/antlr/antlr.jar:/home/travis/build/icyphy/ptII/lib/JRI.jar:/home/travis/build/icyphy/ptII/lib/commons-lang-2.6.jar:/home/travis/build/icyphy/ptII/lib/commons-logging-1.1.1.jar:/home/travis/build/icyphy/ptII/lib/sootclasses.jar:/home/travis/build/icyphy/ptII/ptolemy/actor/lib/database/mysql-connector-java-5.1.6-bin.jar:/home/travis/build/icyphy/ptII/vendors/misc/sphinx4/sphinx4-data-5prealpha.jar:/home/travis/build/icyphy/ptII/vendors/misc/sphinx4/sphinx4-core-5prealpha.jar:/home/travis/build/icyphy/ptII/lib/PDFRenderer.jar:/home/travis/build/icyphy/ptII/lib/svgSalamander.jar:/home/travis/build/icyphy/ptII/lib/rsyntaxtextarea-2.6.0-SNAPSHOT.jar:/home/travis/build/icyphy/ptII/lib/hazelcast-3.8.2.jar:/home/travis/build/icyphy/ptII/lib/jackson-annotations-2.9.0.jar:/home/travis/build/icyphy/ptII/lib/jackson-core-2.9.3.jar:/home/travis/build/icyphy/ptII/lib/jackson-databind-2.9.3.jar:/home/travis/build/icyphy/ptII/lib/netty-buffer-4.1.19.Final.jar:/home/travis/build/icyphy/ptII/lib/netty-codec-4.1.19.Final.jar:/home/travis/build/icyphy/ptII/lib/netty-codec-dns-4.1.19.Final.jar:/home/travis/build/icyphy/ptII/lib/netty-codec-http-4.1.19.Final.jar:/home/travis/build/icyphy/ptII/lib/netty-codec-http2-4.1.19.Final.jar:/home/travis/build/icyphy/ptII/lib/netty-common-4.1.19.Final.jar:/home/travis/build/icyphy/ptII/lib/netty-handler-4.1.19.Final.jar:/home/travis/build/icyphy/ptII/lib/netty-resolver-4.1.19.Final.jar:/home/travis/build/icyphy/ptII/lib/netty-resolver-dns-4.1.19.Final.jar:/home/travis/build/icyphy/ptII/lib/netty-transport-4.1.19.Final.jar:/home/travis/build/icyphy/ptII/lib/vertx-codegen-3.5.1.jar:/home/travis/build/icyphy/ptII/lib/vertx-core-3.5.2-SNAPSHOT.jar:/home/travis/build/icyphy/ptII/lib/vertx-hazelcast-3.5.1.jar:/home/travis/build/icyphy/ptII/lib/vertx-lang-js-3.5.1.jar:/home/travis/build/icyphy/ptII/lib/vertx-service-proxy-3.5.1.jar:/home/travis/build/icyphy/ptII/lib/vertx-web-3.5.1.jar:/home/travis/build/icyphy/ptII/lib/slf4j-api-1.7.13.jar:/home/travis/build/icyphy/ptII/lib/slf4j-simple-1.7.13.jar:/home/travis/build/icyphy/ptII/lib/webcam-capture-0.3.12.jar:/home/travis/build/icyphy/ptII/lib/bridj-0.7.0.jar:/home/travis/build/icyphy/ptII/lib/xbjlib-1.1.0.nrjavaserial.jar" />
    <property name="timeout" value="2400000" />
    <property name="test.batch" value="**/junit/*.java" />
    <property name="env._" value="/usr/bin/timeout" />
    <property name="java.io.tmpdir" value="/tmp" />
    <property name="user.language" value="en" />
    <property name="env.TRAVIS_INTERNAL_RUBY_REGEX" value="^ruby-(2\.[0-4]\.[0-9]|1\.9\.3)" />
    <property name="env.HISTCONTROL" value="ignoredups:ignorespace" />
    <property name="env.GOROOT" value="/home/travis/.gimme/versions/go1.11.1.linux.amd64" />
    <property name="line.separator" value="&#xa;" />
    <property name="target" value="11" />
    <property name="env.TRAVIS_BUILD_DIR" value="/home/travis/build/icyphy/ptII" />
    <property name="env.ANT_OPTS" value="-Xmx2048m" />
    <property name="ant.file.type" value="file" />
    <property name="ptolemy.ptII.batchMode" value="true" />
    <property name="env.HISTSIZE" value="1000" />
    <property name="env.MERB_ENV" value="test" />
    <property name="java.vm.info" value="mixed mode" />
    <property name="source" value="11" />
    <property name="java.vm.specification.name" value="Java Virtual Machine Specification" />
    <property name="env.TRAVIS_TEST_RESULT" value="0" />
    <property name="jsdoc.command" value="node_modules/@terraswarm/jsdoc/jsdoc.js" />
    <property name="npm.works" value="true" />
    <property name="cobertura.dir" value="/home/travis/build/icyphy/ptII/vendors/cobertura-2.0.3" />
    <property name="jsdoc.command.exists" value="true" />
    <property name="env.rvm_path" value="/home/travis/.rvm" />
    <property name="env.GEM_PATH" value="/home/travis/.rvm/gems/ruby-2.5.3:/home/travis/.rvm/gems/ruby-2.5.3@global" />
    <property name="env.LC_CTYPE" value="en_US.UTF-8" />
    <property name="env.TRAVIS_CMD" value="$PTII/bin/ptIITravisBuild.sh $SECONDS" />
    <property name="java.awt.printerjob" value="sun.print.PSPrinterJob" />
    <property name="env.TRAVIS_STACK_NAME" value="sardonyx" />
    <property name="env.TRAVIS_TIMER_START_TIME" value="1578638714599046736" />
    <property name="ant.version" value="Apache Ant(TM) version 1.10.1 compiled on February 2 2017" />
    <property name="ptII.reports" value="/home/travis/build/icyphy/ptII/reports" />
    <property name="env.TRAVIS_STACK_TIMESTAMP" value="2019-03-25 16:16:56 UTC" />
    <property name="ant.file.type.ptII" value="file" />
    <property name="env.RBENV_SHELL" value="bash" />
    <property name="os.name" value="Linux" />
    <property name="java.specification.vendor" value="Oracle Corporation" />
    <property name="env.rvm_version" value="1.29.7 (latest)" />
    <property name="env.TRAVIS_INFRA" value="unknown" />
    <property name="env.TERM" value="xterm" />
    <property name="java.vm.name" value="OpenJDK 64-Bit Server VM" />
    <property name="env.TRAVIS_BUILD_NUMBER" value="1462" />
    <property name="env.CI" value="true" />
    <property name="java.library.path" value="/home/travis/pthla/certi-tools/lib:/usr/lib/jni:/usr/local/share/OpenCV/java/:/usr/share/OpenCV/java::/usr/java/packages/lib:/usr/lib64:/lib64:/lib:/usr/lib" />
    <property name="jdk.module.path" value="/home/travis/build/icyphy/ptII/vendors/javafx/javafx-sdk-11.0.2/lib:" />
    <property name="env.rvm_prefix" value="/home/travis" />
    <property name="env.PATH" value="/home/travis/pthla/certi-tools/share/scripts:/home/travis/.rvm/gems/ruby-2.5.3/bin:/home/travis/.rvm/gems/ruby-2.5.3@global/bin:/home/travis/.rvm/rubies/ruby-2.5.3/bin:/home/travis/.rvm/bin:/home/travis/.nvm/versions/node/v7.10.1/bin:./node_modules/.bin:/home/travis/build/icyphy/ptII/bin:/home/travis/pthla/certi-tools/bin:/home/travis/bin:/home/travis/.local/bin:/usr/local/lib/jvm/openjdk11/bin:/opt/pyenv/shims:/home/travis/.phpenv/shims:/home/travis/perl5/perlbrew/bin:/home/travis/gopath/bin:/home/travis/.gimme/versions/go1.11.1.linux.amd64/bin:/usr/local/maven-3.6.0/bin:/usr/local/cmake-3.12.4/bin:/usr/local/clang-7.0.0/bin:/usr/local/sbin:/usr/local/bin:/usr/sbin:/usr/bin:/sbin:/bin:/snap/bin:/home/travis/.phpenv/bin:/opt/pyenv/bin:/home/travis/.yarn/bin" />
    <property name="env.TRAVIS_OS_NAME" value="linux" />
    <property name="ant.java.version" value="9" />
    <property name="basedir" value="/home/travis/build/icyphy/ptII" />
    <property name="java.class.version" value="55.0" />
    <property name="env.SHLVL" value="3" />
    <property name="env.LD_LIBRARY_PATH" value="/home/travis/pthla/certi-tools/lib:/usr/lib/jni:/usr/local/share/OpenCV/java/:/usr/share/OpenCV/java:" />
    <property name="env.RACK_ENV" value="test" />
    <property name="ant.home" value="/home/travis/build/icyphy/ptII/ant" />
    <property name="env.NVM_DIR" value="/home/travis/.nvm" />
    <property name="env.CERTI_FOM_PATH" value="/home/travis/pthla/certi-tools/share/federations" />
    <property name="env.TRAVIS_BUILD_ID" value="635110112" />
    <property name="env.PYENV_ROOT" value="/opt/pyenv" />
    <property name="env.TRAVIS_UID" value="2000" />
    <property name="prism.verbose" value="true" />
    <property name="env.NVM_BIN" value="/home/travis/.nvm/versions/node/v7.10.1/bin" />
    <property name="env.TRAVIS_COMMIT" value="91c18494ffb61df2b5c9e9587cdacc264ddd6f9b" />
    <property name="env._system_arch" value="x86_64" />
    <property name="node.executable" value="node" />
    <property name="sun.boot.library.path" value="/usr/local/lib/jvm/openjdk11/lib" />
    <property name="sun.management.compiler" value="HotSpot 64-Bit Tiered Compilers" />
    <property name="java.awt.graphicsenv" value="sun.awt.X11GraphicsEnvironment" />
    <property name="env.GOPATH" value="/home/travis/gopath" />
    <property name="ptolemy.ptII.dir" value="/home/travis/build/icyphy/ptII" />
    <property name="env.USER" value="travis" />
    <property name="env.HISTFILESIZE" value="2000" />
    <property name="timeout.longest" value="19000000" />
    <property name="env.PERLBREW_SHELLRC_VERSION" value="0.86" />
    <property name="env.TRAVIS_STACK_FEATURES" value="basic couchdb disabled-ipv6 docker docker-compose elasticsearch firefox go-toolchain google-chrome jdk memcached mongodb mysql nodejs_interpreter perl_interpreter perlbrew phantomjs postgresql python_interpreter redis ruby_interpreter sqlite xserver" />
    <property name="env.TRAVIS_PULL_REQUEST" value="false" />
    <property name="env.PYENV_SHELL" value="bash" />
    <property name="ant.project.name" value="ptII" />
    <property name="env.ANSI_RESET" value="\033[0m" />
    <property name="java.vm.specification.version" value="11" />
    <property name="env.TRAVIS_DIST" value="xenial" />
    <property name="env.CERTI_VERSION" value="4.0.0" />
    <property name="env.CERTI_HOST" value="localhost" />
    <property name="awt.toolkit" value="sun.awt.X11.XToolkit" />
    <property name="env.MY_RUBY_HOME" value="/home/travis/.rvm/rubies/ruby-2.5.3" />
    <property name="sun.cpu.isalist" value="" />
    <property name="env.TRAVIS_TMPDIR" value="/tmp/tmp.fJBRjiOB11" />
    <property name="java.vm.compressedOopsMode" value="Zero based" />
    <property name="os.version" value="4.15.0-1028-gcp" />
    <property name="user.home" value="/home/travis" />
    <property name="java.vm.vendor" value="Oracle Corporation" />
    <property name="env.TRAVIS_TAG" value="nightly" />
    <property name="env.ANSI_YELLOW" value="\033[33;1m" />
    <property name="env.TRAVIS_FILTERED" value="redirect_io" />
    <property name="env.ANSI_GREEN" value="\033[32;1m" />
    <property name="env.JAVA_HOME" value="/usr/local/lib/jvm/openjdk11" />
    <property name="javadoc.excludepackagenames" value="adm.cvs2svn.*,build.*,config.*,doc.coding.templates.*,jni.test.jni.meaningOfLife.*,jni.test.jni.testDeux.*,jni.test.jni.testTrois.*,org.terraswarm.accessor.accessors.web.node_modules.*,org.terraswarm.accessor.accessors.web.hosts.cordova.demo.*,org.terraswarm.accessor.accessors.web.hosts.cordova.plugins.*,org.terraswarm.accessor.accessors-svn.*,pt-modules.*,ptolemy.apps.agilent.*,ptolemy.apps.anytimecontrol.*,ptolemy.apps.apes.*,ptolemy.apps.charon.*,ptolemy.apps.crazyboard.*,ptolemy.apps.eclipse.*,ptolemy.apps.etherealSting.*,ptolemy.apps.fullscreen.*,ptolemy.apps.giotto.*,ptolemy.apps.ia.*,ptolemy.apps.interfaces.*,ptolemy.apps.jmf.*,ptolemy.apps.kurt.*,ptolemy.apps.kvm.*,ptolemy.apps.lego.*,ptolemy.apps.lejos.*,ptolemy.apps.midp.*,ptolemy.apps.mobileCoding.*,ptolemy.apps.pendulum.*,ptolemy.apps.rijndael.*,ptolemy.apps.robot.*,ptolemy.apps.security.*,ptolemy.apps.sobel.*,ptolemy.apps.soot.*,ptolemy.apps.throttle.*,ptolemy.apps.tini.*,ptolemy.apps.transmission.*,ptolemy.apps.vergil.*,ptolemy.apps.waba.*,ptolemy.apps.websensor.*,ptolemy.apps.webstart.*,ptolemy.apps.xsl.*,ptolemy.apps.zaurus.*,ptolemy.codegen.c.actor.lib.oldJavaFiles.*,ptolemy.codegen.dsp.lib.*,ptolemy.codegen.kernel.newInterfaces.*,ptolemy.codegen.lib.*,ptolemy.copernicus.kernel.fragment.*,ptolemy.copernicus.shallow.cg.*,ptolemy.domains.giotto.demo.Hierarchy.Hierarchy.*,ptolemy.domains.giotto.demo.Multimode.Multimode.*,ptolemy.domains.giotto.demo.Simple.Simple.*,ptolemy.domains.gr.lib.experimental.*,ptolemy.domains.gro.*,ptolemy.domains.pdf.*,ptolemy.domains.ptinyos.demo.Surge.output.*,ptolemy.moml.test.NoPackageActor.java*,ptolemy.plot.adm.*,ptolemy.plot.servlet.*,reports.*,signed.*,src.*,target.*,vendors.*,ptolemy.copernicus.applet.*,ptolemy.media.viewer.*,ptolemy.actor.corba.*,doc.doclets.*,ptolemy.apps.eclipse.awt.*,ptolemy.backtrack.*,ptolemy.backtrack.ast.*,ptolemy.cg.adapter.generic.program.procedural.c.mbed*,ptolemy.homer.*,ptolemy.actor.lib.jai.*,org.ptolemy.scala.*,diva.util.java2d.svg.*,ptolemy.domains.ptinyos.*,ptolemy.actor.lib.fmi.fmipp.*,,org.terraswarm.accessor.accessors.web.node_modules.*,org.terraswarm.accessor.accessors-svn,ptolemy.apps.*,ptolemy.actor.ptalon.demo.ptinyos.SendAndReceiveCnt.output,ptolemy.actor.ptalon.demo.ptinyos.SenseToLeds.output,ptolemy.domains.ptinyos.demo.CntToLedsAndRfm.output,ptolemy.domains.ptinyos.demo.RfmToLeds.output,ptolemy.domains.ptinyos.demo.SendAndReceiveCnt.output,ptolemy.domains.ptinyos.demo.SenseToLeds.output,ptolemy.actor.lib.jjs.modules.udpSocket.*" />
    <property name="env.PTII" value="/home/travis/build/icyphy/ptII" />
    <property name="env.XDG_SESSION_ID" value="2" />
    <property name="keystore" value="ptKeystore" />
    <property name="env.TRAVIS_COMMIT_MESSAGE" value="Removed annotation in Buttefly demo about code generation because code generation is no longer present." />
    <property name="junit.output.dir" value="/home/travis/build/icyphy/ptII/reports/junit" />
    <property name="npm.return.code" value="0" />
    <property name="user.dir" value="/home/travis/build/icyphy/ptII/ptolemy/domains/de/lib/test" />
    <property name="env.TRAVIS_NODE_VERSION" value="7" />
    <property name="env.TRAVIS_EVENT_TYPE" value="cron" />
    <property name="env.MAIL" value="/var/mail/travis" />
    <property name="env.PERLBREW_ROOT" value="/home/travis/perl5/perlbrew" />
    <property name="env.PWD" value="/home/travis/build/icyphy/ptII" />
    <property name="timeout.npm" value="45000" />
    <property name="env.PT_TRAVIS_TEST_CORE2_XML" value="true" />
    <property name="env.TRAVIS_ARCH" value="amd64" />
    <property name="sun.cpu.endian" value="little" />
    <property name="env.PAGER" value="cat" />
    <property name="env.TRAVIS_BUILD_STAGE_NAME" value="Test" />
    <property name="env.PERLBREW_HOME" value="/home/travis/.perlbrew" />
    <property name="java.vm.version" value="11.0.2+9" />
    <property name="env.RAILS_ENV" value="test" />
    <property name="java.class.path" value="/home/travis/build/icyphy/ptII:/home/travis/build/icyphy/ptII/lib/bsh-2.0b4.jar:/home/travis/build/icyphy/ptII/lib/ptCal.jar:/home/travis/build/icyphy/ptII/lib/java_cup.jar:/home/travis/build/icyphy/ptII/lib/saxon8.jar:/home/travis/build/icyphy/ptII/lib/saxon8-dom.jar:/home/travis/build/icyphy/ptII/lib/chic.jar:/home/travis/build/icyphy/ptII/lib/ptcolt.jar:/home/travis/build/icyphy/ptII/vendors/misc/itext/iText.jar:/home/travis/build/icyphy/ptII/lib/g4ltl.jar:/home/travis/build/icyphy/ptII/lib/StructuralCoder.jar:/home/travis/build/icyphy/ptII/lib/jcerti.jar:/home/travis/build/icyphy/ptII/lib/javax.mail.jar:/home/travis/build/icyphy/ptII/vendors/JMF-2.1.1e/lib/jmf.jar:/home/travis/build/icyphy/ptII/lib/jna-4.0.0-variadic.jar:/home/travis/build/icyphy/ptII/vendors/misc/joystick/Joystick.jar:/home/travis/build/icyphy/ptII/lib/ptjacl.jar:/home/travis/build/icyphy/ptII/lib/jsoup-1.8.2.jar:/home/travis/build/icyphy/ptII/lib/junit-4.8.2.jar:/home/travis/build/icyphy/ptII/lib/JUnitParams-0.4.0.jar:/home/travis/build/icyphy/ptII/ptolemy/actor/lib/excel/jxl.jar:/home/travis/build/icyphy/ptII/lib/jython.jar:/home/travis/build/icyphy/ptII/lib/kieler.jar:/home/travis/build/icyphy/ptII/vendors/opencv/share/OpenCV/java/opencv-341.jar:/home/travis/build/icyphy/ptII/lib/oscP5.jar:/home/travis/build/icyphy/ptII/lib/nrjavaserial-3.11.0.devel.jar:/home/travis/build/icyphy/ptII/vendors/j3d/lib/Linux/j3dcore.jar:/home/travis/build/icyphy/ptII/vendors/j3d/lib/Linux/j3dutils.jar:/home/travis/build/icyphy/ptII/vendors/j3d/lib/Linux/vecmath.jar:/home/travis/build/icyphy/ptII/vendors/jogl/lib/Linux/gluegen-rt-natives-linux-amd64.jar:/home/travis/build/icyphy/ptII/vendors/jogl/lib/Linux/gluegen-rt.jar:/home/travis/build/icyphy/ptII/vendors/jogl/lib/Linux/jogl-all-natives-linux-amd64.jar:/home/travis/build/icyphy/ptII/vendors/jogl/lib/Linux/jogl-all.jar:/home/travis/build/icyphy/ptII/ptolemy/distributed/jini/jar/jini-core.jar:/home/travis/build/icyphy/ptII/ptolemy/distributed/jini/jar/jini-ext.jar:/home/travis/build/icyphy/ptII/ptolemy/distributed/jini/jar/sun-util.jar:/home/travis/build/icyphy/ptII/lib/protobuf-java-2.4.1.jar:/home/travis/build/icyphy/ptII/lib/org.eclipse.paho.client.mqttv3.jar:/home/travis/build/icyphy/ptII/lib/mapss.jar:/home/travis/build/icyphy/ptII/ptolemy/actor/ptalon/antlr/antlr.jar:/home/travis/build/icyphy/ptII/lib/JRI.jar:/home/travis/build/icyphy/ptII/lib/commons-lang-2.6.jar:/home/travis/build/icyphy/ptII/lib/commons-logging-1.1.1.jar:/home/travis/build/icyphy/ptII/lib/sootclasses.jar:/home/travis/build/icyphy/ptII/ptolemy/actor/lib/database/mysql-connector-java-5.1.6-bin.jar:/home/travis/build/icyphy/ptII/vendors/misc/sphinx4/sphinx4-data-5prealpha.jar:/home/travis/build/icyphy/ptII/vendors/misc/sphinx4/sphinx4-core-5prealpha.jar:/home/travis/build/icyphy/ptII/lib/PDFRenderer.jar:/home/travis/build/icyphy/ptII/lib/svgSalamander.jar:/home/travis/build/icyphy/ptII/lib/rsyntaxtextarea-2.6.0-SNAPSHOT.jar:/home/travis/build/icyphy/ptII/lib/hazelcast-3.8.2.jar:/home/travis/build/icyphy/ptII/lib/jackson-annotations-2.9.0.jar:/home/travis/build/icyphy/ptII/lib/jackson-core-2.9.3.jar:/home/travis/build/icyphy/ptII/lib/jackson-databind-2.9.3.jar:/home/travis/build/icyphy/ptII/lib/netty-buffer-4.1.19.Final.jar:/home/travis/build/icyphy/ptII/lib/netty-codec-4.1.19.Final.jar:/home/travis/build/icyphy/ptII/lib/netty-codec-dns-4.1.19.Final.jar:/home/travis/build/icyphy/ptII/lib/netty-codec-http-4.1.19.Final.jar:/home/travis/build/icyphy/ptII/lib/netty-codec-http2-4.1.19.Final.jar:/home/travis/build/icyphy/ptII/lib/netty-common-4.1.19.Final.jar:/home/travis/build/icyphy/ptII/lib/netty-handler-4.1.19.Final.jar:/home/travis/build/icyphy/ptII/lib/netty-resolver-4.1.19.Final.jar:/home/travis/build/icyphy/ptII/lib/netty-resolver-dns-4.1.19.Final.jar:/home/travis/build/icyphy/ptII/lib/netty-transport-4.1.19.Final.jar:/home/travis/build/icyphy/ptII/lib/vertx-codegen-3.5.1.jar:/home/travis/build/icyphy/ptII/lib/vertx-core-3.5.2-SNAPSHOT.jar:/home/travis/build/icyphy/ptII/lib/vertx-hazelcast-3.5.1.jar:/home/travis/build/icyphy/ptII/lib/vertx-lang-js-3.5.1.jar:/home/travis/build/icyphy/ptII/lib/vertx-service-proxy-3.5.1.jar:/home/travis/build/icyphy/ptII/lib/vertx-web-3.5.1.jar:/home/travis/build/icyphy/ptII/lib/slf4j-api-1.7.13.jar:/home/travis/build/icyphy/ptII/lib/slf4j-simple-1.7.13.jar:/home/travis/build/icyphy/ptII/lib/webcam-capture-0.3.12.jar:/home/travis/build/icyphy/ptII/lib/bridj-0.7.0.jar:/home/travis/build/icyphy/ptII/lib/xbjlib-1.1.0.nrjavaserial.jar:/home/travis/build/icyphy/ptII/ptolemy/moml/test:/home/travis/build/icyphy/ptII/ant/lib/ant-launcher.jar:/home/travis/build/icyphy/ptII/ant/lib/ant.jar:/home/travis/build/icyphy/ptII/ant/lib/ant-junit.jar:/home/travis/build/icyphy/ptII/ant/lib/ant-junit4.jar" />
    <property name="ant.library.dir" value="/home/travis/build/icyphy/ptII/ant/lib" />
    <property name="os.arch" value="amd64" />
    <property name="env.CONTINUOUS_INTEGRATION" value="true" />
    <property name="env.TRAVIS_LANGUAGE" value="node_js" />
    <property name="env.TRAVIS_STACK_LANGUAGES" value="__sardonyx__ c c++ clojure cplusplus cpp default generic go groovy java node_js php pure_java python ruby scala" />
    <property name="test.name" value="ptolemy.actor.lib.test.junit.JUnitTclTest" />
    <property name="env.APT_KEY_DONT_WARN_ON_DANGEROUS_USAGE" value="1" />
    <property name="sun.java.launcher" value="SUN_STANDARD" />
    <property name="env.PYTHON_CONFIGURE_OPTS" value="--enable-unicode=ucs4 --with-wide-unicode --enable-shared --enable-ipv6 --enable-loadable-sqlite-extensions --with-computed-gotos" />
    <property name="ant.core.lib" value="/home/travis/build/icyphy/ptII/ant/lib/ant.jar" />
    <property name="java.vm.specification.vendor" value="Oracle Corporation" />
    <property name="env.BCVTB_HOME" value="/home/travis/build/icyphy/ptII/lbnl" />
    <property name="file.separator" value="/" />
    <property name="spotbugs.home" value="/home/travis/build/icyphy/ptII/vendors/spotbugs-3.1.1" />
    <property name="java.runtime.version" value="11.0.2+9" />
    <property name="env.ANSI_CLEAR" value="\033[0K" />
    <property name="javafx.verbose" value="true" />
    <property name="env.HAS_JOSH_K_SEAL_OF_APPROVAL" value="true" />
    <property name="env.XDG_RUNTIME_DIR" value="/run/user/2000" />
    <property name="env.TRAVIS_OSX_IMAGE" value="" />
    <property name="env.TRAVIS_JOB_ID" value="635110131" />
    <property name="env.TRAVIS_BRANCH" value="master" />
    <property name="user.country" value="US" />
    <property name="env.CERTI_HOME_TRAVIS" value="/home/travis/pthla/certi-tools" />
    <property name="env.SHELL" value="/bin/bash" />
    <property name="java.maxmemory.large" value="3200m" />
    <property name="model" value="" />
    <property name="env.CASHER_DIR" value="/home/travis/.casher" />
    <property name="env.NVM_CD_FLAGS" value="" />
    <property name="java.vendor.version" value="18.9" />
    <property name="jshint.executable" value="/home/travis/node_modules/jshint/bin/jshint" />
    <property name="env.JRUBY_OPTS" value=" --client -J-XX:+TieredCompilation -J-XX:TieredStopAtLevel=1 -J-Xss2m -Xcompile.invokedynamic=false" />
    <property name="java.vendor" value="Oracle Corporation" />
    <property name="env.TRAVIS_PRE_CHEF_BOOTSTRAP_TIME" value="2019-03-25T16:16:42" />
    <property name="env.TRAVIS_STACK_JOB_BOARD_REGISTER" value="/.job-board-register.yml" />
    <property name="env.ANSI_RED" value="\033[31;1m" />
    <property name="java.specification.version" value="11" />
    <property name="env.IRBRC" value="/home/travis/.rvm/rubies/ruby-2.5.3/.irbrc" />
    <property name="env.TRAVIS" value="true" />
    <property name="sun.arch.data.model" value="64" />
  </properties>
  <testcase classname="ptolemy.util.test.junit.TclTests" name="[0] /home/travis/build/icyphy/ptII/ptolemy/domains/de/lib/test/Iterations.tcl (RunTclFile)" time="0.346" />
  <testcase classname="ptolemy.util.test.junit.TclTests" name="[1] /home/travis/build/icyphy/ptII/ptolemy/domains/de/lib/test/Sampler.tcl (RunTclFile)" time="0.157" />
  <testcase classname="ptolemy.util.test.junit.TclTests" name="[2] /home/travis/build/icyphy/ptII/ptolemy/domains/de/lib/test/Server.tcl (RunTclFile)" time="0.136" />
  <testcase classname="ptolemy.util.test.junit.TclTests" name="[3] /home/travis/build/icyphy/ptII/ptolemy/domains/de/lib/test/SimpleDelay.tcl (RunTclFile)" time="0.117" />
  <testcase classname="ptolemy.util.test.junit.TclTests" name="[4] /home/travis/build/icyphy/ptII/ptolemy/domains/de/lib/test/TimedDelay.tcl (RunTclFile)" time="0.086" />
  <testcase classname="ptolemy.util.test.junit.TclTests" name="[5] /home/travis/build/icyphy/ptII/ptolemy/domains/de/lib/test/WaitingTime.tcl (RunTclFile)" time="0.011" />
  <testcase classname="ptolemy.util.test.junit.AutoKnownFailedTests" name="[0] ThereAreNoKnowFailedTests (RunModel)" time="0.004" />
  <testcase classname="ptolemy.util.test.junit.AutoNameArchTests" name="[0] ThereAreNoAutoArchTests (RunModel)" time="0.005" />
  <testcase classname="ptolemy.util.test.junit.AutoTests" name="[0] /home/travis/build/icyphy/ptII/ptolemy/domains/de/lib/test/auto/AFDX.xml (RunModel)" time="0.392" />
  <testcase classname="ptolemy.util.test.junit.AutoTests" name="[1] /home/travis/build/icyphy/ptII/ptolemy/domains/de/lib/test/auto/BusConfigureParamsContinuous.xml (RunModel)" time="0.178" />
  <testcase classname="ptolemy.util.test.junit.AutoTests" name="[2] /home/travis/build/icyphy/ptII/ptolemy/domains/de/lib/test/auto/BusConfigureParamsDE.xml (RunModel)" time="0.076" />
  <testcase classname="ptolemy.util.test.junit.AutoTests" name="[3] /home/travis/build/icyphy/ptII/ptolemy/domains/de/lib/test/auto/BusContinuousDifferentValues.xml (RunModel)" time="0.103" />
  <testcase classname="ptolemy.util.test.junit.AutoTests" name="[4] /home/travis/build/icyphy/ptII/ptolemy/domains/de/lib/test/auto/BusContinuousZeroServiceTime.xml (RunModel)" time="0.094" />
  <testcase classname="ptolemy.util.test.junit.AutoTests" name="[5] /home/travis/build/icyphy/ptII/ptolemy/domains/de/lib/test/auto/BusDEDifferentValues.xml (RunModel)" time="0.086" />
  <testcase classname="ptolemy.util.test.junit.AutoTests" name="[6] /home/travis/build/icyphy/ptII/ptolemy/domains/de/lib/test/auto/BusDEZeroServiceTime.xml (RunModel)" time="0.068" />
  <testcase classname="ptolemy.util.test.junit.AutoTests" name="[7] /home/travis/build/icyphy/ptII/ptolemy/domains/de/lib/test/auto/BusError.xml (RunModel)" time="0.112" />
  <testcase classname="ptolemy.util.test.junit.AutoTests" name="[8] /home/travis/build/icyphy/ptII/ptolemy/domains/de/lib/test/auto/Clock.xml (RunModel)" time="0.036" />
  <testcase classname="ptolemy.util.test.junit.AutoTests" name="[9] /home/travis/build/icyphy/ptII/ptolemy/domains/de/lib/test/auto/EventFilter.xml (RunModel)" time="0.062" />
  <testcase classname="ptolemy.util.test.junit.AutoTests" name="[10] /home/travis/build/icyphy/ptII/ptolemy/domains/de/lib/test/auto/Inhibit.xml (RunModel)" time="0.017" />
  <testcase classname="ptolemy.util.test.junit.AutoTests" name="[11] /home/travis/build/icyphy/ptII/ptolemy/domains/de/lib/test/auto/Iterations.xml (RunModel)" time="0.022" />
  <testcase classname="ptolemy.util.test.junit.AutoTests" name="[12] /home/travis/build/icyphy/ptII/ptolemy/domains/de/lib/test/auto/NonInterruptibleTimerTestAssemblyLine.xml (RunModel)" time="0.071" />
  <testcase classname="ptolemy.util.test.junit.AutoTests" name="[13] /home/travis/build/icyphy/ptII/ptolemy/domains/de/lib/test/auto/Previous.xml (RunModel)" time="0.039" />
  <testcase classname="ptolemy.util.test.junit.AutoTests" name="[14] /home/travis/build/icyphy/ptII/ptolemy/domains/de/lib/test/auto/QuantityManager1Bus.xml (RunModel)" time="0.055" />
  <testcase classname="ptolemy.util.test.junit.AutoTests" name="[15] /home/travis/build/icyphy/ptII/ptolemy/domains/de/lib/test/auto/QuantityManager1BusServiceTimeBiggerThanTokenSendPeriod.xml (RunModel)" time="0.057" />
  <testcase classname="ptolemy.util.test.junit.AutoTests" name="[16] /home/travis/build/icyphy/ptII/ptolemy/domains/de/lib/test/auto/QuantityManager2Busses.xml (RunModel)" time="0.076" />
  <testcase classname="ptolemy.util.test.junit.AutoTests" name="[17] /home/travis/build/icyphy/ptII/ptolemy/domains/de/lib/test/auto/QuantityManager2BussesOrderReversed.xml (RunModel)" time="0.072" />
  <testcase classname="ptolemy.util.test.junit.AutoTests" name="[18] /home/travis/build/icyphy/ptII/ptolemy/domains/de/lib/test/auto/QuantityManager3Busses.xml (RunModel)" time="0.068" />
  <testcase classname="ptolemy.util.test.junit.AutoTests" name="[19] /home/travis/build/icyphy/ptII/ptolemy/domains/de/lib/test/auto/QuantizedSampler.xml (RunModel)" time="0.041" />
  <testcase classname="ptolemy.util.test.junit.AutoTests" name="[20] /home/travis/build/icyphy/ptII/ptolemy/domains/de/lib/test/auto/Queue.xml (RunModel)" time="0.017" />
  <testcase classname="ptolemy.util.test.junit.AutoTests" name="[21] /home/travis/build/icyphy/ptII/ptolemy/domains/de/lib/test/auto/Queue2.xml (RunModel)" time="0.018" />
  <testcase classname="ptolemy.util.test.junit.AutoTests" name="[22] /home/travis/build/icyphy/ptII/ptolemy/domains/de/lib/test/auto/Sampler.xml (RunModel)" time="0.019" />
  <testcase classname="ptolemy.util.test.junit.AutoTests" name="[23] /home/travis/build/icyphy/ptII/ptolemy/domains/de/lib/test/auto/Sampler2.xml (RunModel)" time="0.011" />
  <testcase classname="ptolemy.util.test.junit.AutoTests" name="[24] /home/travis/build/icyphy/ptII/ptolemy/domains/de/lib/test/auto/Sampler3.xml (RunModel)" time="0.017" />
  <testcase classname="ptolemy.util.test.junit.AutoTests" name="[25] /home/travis/build/icyphy/ptII/ptolemy/domains/de/lib/test/auto/SamplerUnit.xml (RunModel)" time="0.013" />
  <testcase classname="ptolemy.util.test.junit.AutoTests" name="[26] /home/travis/build/icyphy/ptII/ptolemy/domains/de/lib/test/auto/ServerWithNonZeroDelay.xml (RunModel)" time="0.018" />
  <testcase classname="ptolemy.util.test.junit.AutoTests" name="[27] /home/travis/build/icyphy/ptII/ptolemy/domains/de/lib/test/auto/ServerWithPreemption1.xml (RunModel)" time="0.013" />
  <testcase classname="ptolemy.util.test.junit.AutoTests" name="[28] /home/travis/build/icyphy/ptII/ptolemy/domains/de/lib/test/auto/ServerWithVariableDelay.xml (RunModel)" time="0.022" />
  <testcase classname="ptolemy.util.test.junit.AutoTests" name="[29] /home/travis/build/icyphy/ptII/ptolemy/domains/de/lib/test/auto/ServerWithVariableDelay1.xml (RunModel)" time="0.023" />
  <testcase classname="ptolemy.util.test.junit.AutoTests" name="[30] /home/travis/build/icyphy/ptII/ptolemy/domains/de/lib/test/auto/ServerWithVariableDelay2.xml (RunModel)" time="0.017" />
  <testcase classname="ptolemy.util.test.junit.AutoTests" name="[31] /home/travis/build/icyphy/ptII/ptolemy/domains/de/lib/test/auto/ServerWithVariableDelay3.xml (RunModel)" time="0.021" />
  <testcase classname="ptolemy.util.test.junit.AutoTests" name="[32] /home/travis/build/icyphy/ptII/ptolemy/domains/de/lib/test/auto/ServerWithVariableDelay4.xml (RunModel)" time="0.014" />
  <testcase classname="ptolemy.util.test.junit.AutoTests" name="[33] /home/travis/build/icyphy/ptII/ptolemy/domains/de/lib/test/auto/ServerWithZeroDelay.xml (RunModel)" time="0.017" />
  <testcase classname="ptolemy.util.test.junit.AutoTests" name="[34] /home/travis/build/icyphy/ptII/ptolemy/domains/de/lib/test/auto/SingleEvent.xml (RunModel)" time="0.019" />
  <testcase classname="ptolemy.util.test.junit.AutoTests" name="[35] /home/travis/build/icyphy/ptII/ptolemy/domains/de/lib/test/auto/TimerTestAssemblyLine.xml (RunModel)" time="0.029" />
  <testcase classname="ptolemy.util.test.junit.AutoTests" name="[36] /home/travis/build/icyphy/ptII/ptolemy/domains/de/lib/test/auto/VariableDelay1.xml (RunModel)" time="0.017" />
  <testcase classname="ptolemy.util.test.junit.AutoTests" name="[37] /home/travis/build/icyphy/ptII/ptolemy/domains/de/lib/test/auto/VariableDelay2.xml (RunModel)" time="0.018" />
  <testcase classname="ptolemy.util.test.junit.AutoTests" name="[38] /home/travis/build/icyphy/ptII/ptolemy/domains/de/lib/test/auto/VariableDelay3.xml (RunModel)" time="0.013" />
  <testcase classname="ptolemy.util.test.junit.AutoTests" name="[39] /home/travis/build/icyphy/ptII/ptolemy/domains/de/lib/test/auto/VariableDelay4.xml (RunModel)" time="0.011" />
  <testcase classname="ptolemy.util.test.junit.AutoTests" name="[40] /home/travis/build/icyphy/ptII/ptolemy/domains/de/lib/test/auto/VariableDelay5.xml (RunModel)" time="0.029" />
  <testcase classname="ptolemy.util.test.junit.AutoTests" name="[41] /home/travis/build/icyphy/ptII/ptolemy/domains/de/lib/test/auto/VariableDelay7.xml (RunModel)" time="0.017" />
  <testcase classname="ptolemy.util.test.junit.AutoTests" name="[42] /home/travis/build/icyphy/ptII/ptolemy/domains/de/lib/test/auto/VariableDelay8.xml (RunModel)" time="0.01" />
  <testcase classname="ptolemy.util.test.junit.AutoTests" name="[43] /home/travis/build/icyphy/ptII/ptolemy/domains/de/lib/test/auto/Wire.xml (RunModel)" time="0.019" />
  <system-out><![CDATA[/home/travis/build/icyphy/ptII/ptolemy/domains/de/lib/test/Iterations.tcl
testDefs.tcl: setting time out to 9000 seconds at Fri Jan 10 06:48:42 UTC 2020
/home/travis/build/icyphy/ptII/ptolemy/domains/de/lib/test/Sampler.tcl
32 ms. Memory: 129024K Free: 94151K (73%)
/home/travis/build/icyphy/ptII/ptolemy/domains/de/lib/test/Server.tcl
19 ms. Memory: 129024K Free: 91079K (71%)
11 ms. Memory: 129024K Free: 90565K (70%)
49 ms. Memory: 129024K Free: 88517K (69%)
18 ms. Memory: 129024K Free: 86983K (67%)
/home/travis/build/icyphy/ptII/ptolemy/domains/de/lib/test/SimpleDelay.tcl
13 ms. Memory: 129024K Free: 85445K (66%)
11 ms. Memory: 129024K Free: 84935K (66%)
19 ms. Memory: 129024K Free: 83397K (65%)
4 ms. Memory: 129024K Free: 82359K (64%)
6 ms. Memory: 129024K Free: 81343K (63%)
/home/travis/build/icyphy/ptII/ptolemy/domains/de/lib/test/TimedDelay.tcl
8 ms. Memory: 129024K Free: 79815K (62%)
2 ms. Memory: 129024K Free: 79271K (61%)
3 ms. Memory: 129024K Free: 78277K (61%)
9 ms. Memory: 129024K Free: 76743K (59%)
9 ms. Memory: 129024K Free: 75719K (59%)
/home/travis/build/icyphy/ptII/ptolemy/domains/de/lib/test/WaitingTime.tcl
01/10/20 06:48:43
Failed: 0  Total Tests: 22  ((Passed: 22, Newly Passed: 0)  Known Failed: 0) /home/travis/build/icyphy/ptII/ptolemy/domains/de/lib/test
No auto/knownFailedTests/*.xml tests in /home/travis/build/icyphy/ptII/ptolemy/domains/de/lib/test
No auto/linux-amd64/*.xml tests in /home/travis/build/icyphy/ptII/ptolemy/domains/de/lib/test
AutoTests.java: About to close Vertx.
AutoTests.java: Vertx closed.

===========================================================================================
----------------- testing Fri Jan 10 06:48:43 UTC 2020 /home/travis/build/icyphy/ptII/ptolemy/domains/de/lib/test/auto/AFDX.xml
----------------- Instantiating /home/travis/build/icyphy/ptII/ptolemy/domains/de/lib/test/auto/AFDX.xml
64 ms. Memory: 129024K Free: 100742K (78%)
----------------- Invoking toplevel() on ptolemy.moml.MoMLSimpleApplication@6c77e71a
----------------- Done invoking toplevel() on ptolemy.moml.MoMLSimpleApplication@6c77e71a
reloadAllAccessors: .AFDX

===========================================================================================
----------------- testing Fri Jan 10 06:48:44 UTC 2020 /home/travis/build/icyphy/ptII/ptolemy/domains/de/lib/test/auto/BusConfigureParamsContinuous.xml
----------------- Instantiating /home/travis/build/icyphy/ptII/ptolemy/domains/de/lib/test/auto/BusConfigureParamsContinuous.xml
88 ms. Memory: 129024K Free: 89207K (69%)
----------------- Invoking toplevel() on ptolemy.moml.MoMLSimpleApplication@70c8f2ef
----------------- Done invoking toplevel() on ptolemy.moml.MoMLSimpleApplication@70c8f2ef
reloadAllAccessors: .BusConfigureParamsContinuous

===========================================================================================
----------------- testing Fri Jan 10 06:48:44 UTC 2020 /home/travis/build/icyphy/ptII/ptolemy/domains/de/lib/test/auto/BusConfigureParamsDE.xml
----------------- Instantiating /home/travis/build/icyphy/ptII/ptolemy/domains/de/lib/test/auto/BusConfigureParamsDE.xml
15 ms. Memory: 129024K Free: 79743K (62%)
----------------- Invoking toplevel() on ptolemy.moml.MoMLSimpleApplication@2dff0cc5
----------------- Done invoking toplevel() on ptolemy.moml.MoMLSimpleApplication@2dff0cc5
reloadAllAccessors: .BusConfigureParamsDE

===========================================================================================
----------------- testing Fri Jan 10 06:48:44 UTC 2020 /home/travis/build/icyphy/ptII/ptolemy/domains/de/lib/test/auto/BusContinuousDifferentValues.xml
----------------- Instantiating /home/travis/build/icyphy/ptII/ptolemy/domains/de/lib/test/auto/BusContinuousDifferentValues.xml
19 ms. Memory: 129024K Free: 104874K (81%)
----------------- Invoking toplevel() on ptolemy.moml.MoMLSimpleApplication@253c2b42
----------------- Done invoking toplevel() on ptolemy.moml.MoMLSimpleApplication@253c2b42
reloadAllAccessors: .BusContinuousDifferentValues

===========================================================================================
----------------- testing Fri Jan 10 06:48:44 UTC 2020 /home/travis/build/icyphy/ptII/ptolemy/domains/de/lib/test/auto/BusContinuousZeroServiceTime.xml
----------------- Instantiating /home/travis/build/icyphy/ptII/ptolemy/domains/de/lib/test/auto/BusContinuousZeroServiceTime.xml
15 ms. Memory: 129024K Free: 93279K (72%)
----------------- Invoking toplevel() on ptolemy.moml.MoMLSimpleApplication@6f1b1f0e
----------------- Done invoking toplevel() on ptolemy.moml.MoMLSimpleApplication@6f1b1f0e
reloadAllAccessors: .BusContinuousZeroServiceTime

===========================================================================================
----------------- testing Fri Jan 10 06:48:44 UTC 2020 /home/travis/build/icyphy/ptII/ptolemy/domains/de/lib/test/auto/BusDEDifferentValues.xml
----------------- Instantiating /home/travis/build/icyphy/ptII/ptolemy/domains/de/lib/test/auto/BusDEDifferentValues.xml
15 ms. Memory: 129024K Free: 83332K (65%)
----------------- Invoking toplevel() on ptolemy.moml.MoMLSimpleApplication@79399531
----------------- Done invoking toplevel() on ptolemy.moml.MoMLSimpleApplication@79399531
reloadAllAccessors: .BusDEDifferentValues

===========================================================================================
----------------- testing Fri Jan 10 06:48:44 UTC 2020 /home/travis/build/icyphy/ptII/ptolemy/domains/de/lib/test/auto/BusDEZeroServiceTime.xml
----------------- Instantiating /home/travis/build/icyphy/ptII/ptolemy/domains/de/lib/test/auto/BusDEZeroServiceTime.xml
13 ms. Memory: 129024K Free: 72797K (56%)
----------------- Invoking toplevel() on ptolemy.moml.MoMLSimpleApplication@4e44de10
----------------- Done invoking toplevel() on ptolemy.moml.MoMLSimpleApplication@4e44de10
reloadAllAccessors: .BusDEZeroServiceTime

===========================================================================================
----------------- testing Fri Jan 10 06:48:44 UTC 2020 /home/travis/build/icyphy/ptII/ptolemy/domains/de/lib/test/auto/BusError.xml
----------------- Instantiating /home/travis/build/icyphy/ptII/ptolemy/domains/de/lib/test/auto/BusError.xml
22 ms. Memory: 129024K Free: 113654K (88%)
----------------- Invoking toplevel() on ptolemy.moml.MoMLSimpleApplication@1226c548
----------------- Done invoking toplevel() on ptolemy.moml.MoMLSimpleApplication@1226c548
reloadAllAccessors: .BusError

===========================================================================================
----------------- testing Fri Jan 10 06:48:44 UTC 2020 /home/travis/build/icyphy/ptII/ptolemy/domains/de/lib/test/auto/Clock.xml
----------------- Instantiating /home/travis/build/icyphy/ptII/ptolemy/domains/de/lib/test/auto/Clock.xml
6 ms. Memory: 129024K Free: 110023K (85%)
----------------- Invoking toplevel() on ptolemy.moml.MoMLSimpleApplication@555d24b
----------------- Done invoking toplevel() on ptolemy.moml.MoMLSimpleApplication@555d24b
reloadAllAccessors: .Clock

===========================================================================================
----------------- testing Fri Jan 10 06:48:44 UTC 2020 /home/travis/build/icyphy/ptII/ptolemy/domains/de/lib/test/auto/EventFilter.xml
----------------- Instantiating /home/travis/build/icyphy/ptII/ptolemy/domains/de/lib/test/auto/EventFilter.xml
14 ms. Memory: 129024K Free: 105250K (82%)
----------------- Invoking toplevel() on ptolemy.moml.MoMLSimpleApplication@21f949d7
----------------- Done invoking toplevel() on ptolemy.moml.MoMLSimpleApplication@21f949d7
reloadAllAccessors: .EventFilter

===========================================================================================
----------------- testing Fri Jan 10 06:48:45 UTC 2020 /home/travis/build/icyphy/ptII/ptolemy/domains/de/lib/test/auto/Inhibit.xml
----------------- Instantiating /home/travis/build/icyphy/ptII/ptolemy/domains/de/lib/test/auto/Inhibit.xml
5 ms. Memory: 129024K Free: 101475K (79%)
----------------- Invoking toplevel() on ptolemy.moml.MoMLSimpleApplication@12cc8355
----------------- Done invoking toplevel() on ptolemy.moml.MoMLSimpleApplication@12cc8355
reloadAllAccessors: .Inhibit

===========================================================================================
----------------- testing Fri Jan 10 06:48:45 UTC 2020 /home/travis/build/icyphy/ptII/ptolemy/domains/de/lib/test/auto/Iterations.xml
----------------- Instantiating /home/travis/build/icyphy/ptII/ptolemy/domains/de/lib/test/auto/Iterations.xml
2 ms. Memory: 129024K Free: 99114K (77%)
----------------- Invoking toplevel() on ptolemy.moml.MoMLSimpleApplication@49321fb2
----------------- Done invoking toplevel() on ptolemy.moml.MoMLSimpleApplication@49321fb2
reloadAllAccessors: .iterationsTest

===========================================================================================
----------------- testing Fri Jan 10 06:48:45 UTC 2020 /home/travis/build/icyphy/ptII/ptolemy/domains/de/lib/test/auto/NonInterruptibleTimerTestAssemblyLine.xml
----------------- Instantiating /home/travis/build/icyphy/ptII/ptolemy/domains/de/lib/test/auto/NonInterruptibleTimerTestAssemblyLine.xml
4 ms. Memory: 129024K Free: 91968K (71%)
----------------- Invoking toplevel() on ptolemy.moml.MoMLSimpleApplication@ff06815
----------------- Done invoking toplevel() on ptolemy.moml.MoMLSimpleApplication@ff06815
reloadAllAccessors: .NonpreemptiveTimerTestAssemblyLine

===========================================================================================
----------------- testing Fri Jan 10 06:48:45 UTC 2020 /home/travis/build/icyphy/ptII/ptolemy/domains/de/lib/test/auto/Previous.xml
----------------- Instantiating /home/travis/build/icyphy/ptII/ptolemy/domains/de/lib/test/auto/Previous.xml
13 ms. Memory: 129024K Free: 86439K (67%)
----------------- Invoking toplevel() on ptolemy.moml.MoMLSimpleApplication@6e887349
----------------- Done invoking toplevel() on ptolemy.moml.MoMLSimpleApplication@6e887349
reloadAllAccessors: .Previous

===========================================================================================
----------------- testing Fri Jan 10 06:48:45 UTC 2020 /home/travis/build/icyphy/ptII/ptolemy/domains/de/lib/test/auto/QuantityManager1Bus.xml
----------------- Instantiating /home/travis/build/icyphy/ptII/ptolemy/domains/de/lib/test/auto/QuantityManager1Bus.xml
15 ms. Memory: 129024K Free: 75229K (58%)
----------------- Invoking toplevel() on ptolemy.moml.MoMLSimpleApplication@6bc609ed
----------------- Done invoking toplevel() on ptolemy.moml.MoMLSimpleApplication@6bc609ed
reloadAllAccessors: .QuantityManager1Bus

===========================================================================================
----------------- testing Fri Jan 10 06:48:45 UTC 2020 /home/travis/build/icyphy/ptII/ptolemy/domains/de/lib/test/auto/QuantityManager1BusServiceTimeBiggerThanTokenSendPeriod.xml
----------------- Instantiating /home/travis/build/icyphy/ptII/ptolemy/domains/de/lib/test/auto/QuantityManager1BusServiceTimeBiggerThanTokenSendPeriod.xml
11 ms. Memory: 129024K Free: 64290K (50%)
----------------- Invoking toplevel() on ptolemy.moml.MoMLSimpleApplication@783cf226
----------------- Done invoking toplevel() on ptolemy.moml.MoMLSimpleApplication@783cf226
reloadAllAccessors: .QuantityManager1BusServiceTimeBiggerThanTokenSendPeriod

===========================================================================================
----------------- testing Fri Jan 10 06:48:45 UTC 2020 /home/travis/build/icyphy/ptII/ptolemy/domains/de/lib/test/auto/QuantityManager2Busses.xml
----------------- Instantiating /home/travis/build/icyphy/ptII/ptolemy/domains/de/lib/test/auto/QuantityManager2Busses.xml
21 ms. Memory: 160768K Free: 145613K (91%)
----------------- Invoking toplevel() on ptolemy.moml.MoMLSimpleApplication@21dccd2c
----------------- Done invoking toplevel() on ptolemy.moml.MoMLSimpleApplication@21dccd2c
reloadAllAccessors: .QuantityManager2Busses

===========================================================================================
----------------- testing Fri Jan 10 06:48:45 UTC 2020 /home/travis/build/icyphy/ptII/ptolemy/domains/de/lib/test/auto/QuantityManager2BussesOrderReversed.xml
----------------- Instantiating /home/travis/build/icyphy/ptII/ptolemy/domains/de/lib/test/auto/QuantityManager2BussesOrderReversed.xml
17 ms. Memory: 160768K Free: 130762K (81%)
----------------- Invoking toplevel() on ptolemy.moml.MoMLSimpleApplication@255872c4
----------------- Done invoking toplevel() on ptolemy.moml.MoMLSimpleApplication@255872c4
reloadAllAccessors: .QuantityManager2BussesOrderReversed

===========================================================================================
----------------- testing Fri Jan 10 06:48:45 UTC 2020 /home/travis/build/icyphy/ptII/ptolemy/domains/de/lib/test/auto/QuantityManager3Busses.xml
----------------- Instantiating /home/travis/build/icyphy/ptII/ptolemy/domains/de/lib/test/auto/QuantityManager3Busses.xml
14 ms. Memory: 160768K Free: 113618K (71%)
----------------- Invoking toplevel() on ptolemy.moml.MoMLSimpleApplication@787e9d28
----------------- Done invoking toplevel() on ptolemy.moml.MoMLSimpleApplication@787e9d28
reloadAllAccessors: .QuantityManager3Busses

===========================================================================================
----------------- testing Fri Jan 10 06:48:45 UTC 2020 /home/travis/build/icyphy/ptII/ptolemy/domains/de/lib/test/auto/QuantizedSampler.xml
----------------- Instantiating /home/travis/build/icyphy/ptII/ptolemy/domains/de/lib/test/auto/QuantizedSampler.xml
5 ms. Memory: 160768K Free: 108404K (67%)
----------------- Invoking toplevel() on ptolemy.moml.MoMLSimpleApplication@74f3fac7
----------------- Done invoking toplevel() on ptolemy.moml.MoMLSimpleApplication@74f3fac7
reloadAllAccessors: .QuantizedSampler

===========================================================================================
----------------- testing Fri Jan 10 06:48:45 UTC 2020 /home/travis/build/icyphy/ptII/ptolemy/domains/de/lib/test/auto/Queue.xml
----------------- Instantiating /home/travis/build/icyphy/ptII/ptolemy/domains/de/lib/test/auto/Queue.xml
4 ms. Memory: 160768K Free: 104363K (65%)
----------------- Invoking toplevel() on ptolemy.moml.MoMLSimpleApplication@4aa5b3cc
----------------- Done invoking toplevel() on ptolemy.moml.MoMLSimpleApplication@4aa5b3cc
reloadAllAccessors: .Queue

===========================================================================================
----------------- testing Fri Jan 10 06:48:45 UTC 2020 /home/travis/build/icyphy/ptII/ptolemy/domains/de/lib/test/auto/Queue2.xml
----------------- Instantiating /home/travis/build/icyphy/ptII/ptolemy/domains/de/lib/test/auto/Queue2.xml
2 ms. Memory: 160768K Free: 101066K (63%)
----------------- Invoking toplevel() on ptolemy.moml.MoMLSimpleApplication@444aa00f
----------------- Done invoking toplevel() on ptolemy.moml.MoMLSimpleApplication@444aa00f
reloadAllAccessors: .Queue2

===========================================================================================
----------------- testing Fri Jan 10 06:48:45 UTC 2020 /home/travis/build/icyphy/ptII/ptolemy/domains/de/lib/test/auto/Sampler.xml
----------------- Instantiating /home/travis/build/icyphy/ptII/ptolemy/domains/de/lib/test/auto/Sampler.xml
3 ms. Memory: 160768K Free: 95172K (59%)
----------------- Invoking toplevel() on ptolemy.moml.MoMLSimpleApplication@49e494ab
----------------- Done invoking toplevel() on ptolemy.moml.MoMLSimpleApplication@49e494ab
reloadAllAccessors: .Sampler

===========================================================================================
----------------- testing Fri Jan 10 06:48:45 UTC 2020 /home/travis/build/icyphy/ptII/ptolemy/domains/de/lib/test/auto/Sampler2.xml
----------------- Instantiating /home/travis/build/icyphy/ptII/ptolemy/domains/de/lib/test/auto/Sampler2.xml
3 ms. Memory: 160768K Free: 91076K (57%)
----------------- Invoking toplevel() on ptolemy.moml.MoMLSimpleApplication@146ea9b4
----------------- Done invoking toplevel() on ptolemy.moml.MoMLSimpleApplication@146ea9b4
reloadAllAccessors: .Sampler2

===========================================================================================
----------------- testing Fri Jan 10 06:48:45 UTC 2020 /home/travis/build/icyphy/ptII/ptolemy/domains/de/lib/test/auto/Sampler3.xml
----------------- Instantiating /home/travis/build/icyphy/ptII/ptolemy/domains/de/lib/test/auto/Sampler3.xml
3 ms. Memory: 160768K Free: 86730K (54%)
----------------- Invoking toplevel() on ptolemy.moml.MoMLSimpleApplication@19bdefab
----------------- Done invoking toplevel() on ptolemy.moml.MoMLSimpleApplication@19bdefab
reloadAllAccessors: .Sampler3

===========================================================================================
----------------- testing Fri Jan 10 06:48:45 UTC 2020 /home/travis/build/icyphy/ptII/ptolemy/domains/de/lib/test/auto/SamplerUnit.xml
----------------- Instantiating /home/travis/build/icyphy/ptII/ptolemy/domains/de/lib/test/auto/SamplerUnit.xml
2 ms. Memory: 160768K Free: 82898K (52%)
----------------- Invoking toplevel() on ptolemy.moml.MoMLSimpleApplication@4fbf67e1
----------------- Done invoking toplevel() on ptolemy.moml.MoMLSimpleApplication@4fbf67e1
reloadAllAccessors: .SamplerUnit

===========================================================================================
----------------- testing Fri Jan 10 06:48:45 UTC 2020 /home/travis/build/icyphy/ptII/ptolemy/domains/de/lib/test/auto/ServerWithNonZeroDelay.xml
----------------- Instantiating /home/travis/build/icyphy/ptII/ptolemy/domains/de/lib/test/auto/ServerWithNonZeroDelay.xml
5 ms. Memory: 160768K Free: 79159K (49%)
----------------- Invoking toplevel() on ptolemy.moml.MoMLSimpleApplication@1b99533
----------------- Done invoking toplevel() on ptolemy.moml.MoMLSimpleApplication@1b99533
reloadAllAccessors: .ServerWithNonZeroDelay

===========================================================================================
----------------- testing Fri Jan 10 06:48:45 UTC 2020 /home/travis/build/icyphy/ptII/ptolemy/domains/de/lib/test/auto/ServerWithPreemption1.xml
----------------- Instantiating /home/travis/build/icyphy/ptII/ptolemy/domains/de/lib/test/auto/ServerWithPreemption1.xml
4 ms. Memory: 160768K Free: 75063K (47%)
----------------- Invoking toplevel() on ptolemy.moml.MoMLSimpleApplication@9a8abe8
----------------- Done invoking toplevel() on ptolemy.moml.MoMLSimpleApplication@9a8abe8
reloadAllAccessors: .ServerWithPreemption1

===========================================================================================
----------------- testing Fri Jan 10 06:48:45 UTC 2020 /home/travis/build/icyphy/ptII/ptolemy/domains/de/lib/test/auto/ServerWithVariableDelay.xml
----------------- Instantiating /home/travis/build/icyphy/ptII/ptolemy/domains/de/lib/test/auto/ServerWithVariableDelay.xml
4 ms. Memory: 160768K Free: 70989K (44%)
----------------- Invoking toplevel() on ptolemy.moml.MoMLSimpleApplication@7abbeda8
----------------- Done invoking toplevel() on ptolemy.moml.MoMLSimpleApplication@7abbeda8
reloadAllAccessors: .ServerWithVariableDelay

===========================================================================================
----------------- testing Fri Jan 10 06:48:45 UTC 2020 /home/travis/build/icyphy/ptII/ptolemy/domains/de/lib/test/auto/ServerWithVariableDelay1.xml
----------------- Instantiating /home/travis/build/icyphy/ptII/ptolemy/domains/de/lib/test/auto/ServerWithVariableDelay1.xml
6 ms. Memory: 160768K Free: 142115K (88%)
----------------- Invoking toplevel() on ptolemy.moml.MoMLSimpleApplication@46bd03b5
----------------- Done invoking toplevel() on ptolemy.moml.MoMLSimpleApplication@46bd03b5
reloadAllAccessors: .ServerWithVariableDelay1

===========================================================================================
----------------- testing Fri Jan 10 06:48:45 UTC 2020 /home/travis/build/icyphy/ptII/ptolemy/domains/de/lib/test/auto/ServerWithVariableDelay2.xml
----------------- Instantiating /home/travis/build/icyphy/ptII/ptolemy/domains/de/lib/test/auto/ServerWithVariableDelay2.xml
5 ms. Memory: 160768K Free: 137463K (86%)
----------------- Invoking toplevel() on ptolemy.moml.MoMLSimpleApplication@6bda4eb7
----------------- Done invoking toplevel() on ptolemy.moml.MoMLSimpleApplication@6bda4eb7
reloadAllAccessors: .ServerWithVariableDelay2

===========================================================================================
----------------- testing Fri Jan 10 06:48:45 UTC 2020 /home/travis/build/icyphy/ptII/ptolemy/domains/de/lib/test/auto/ServerWithVariableDelay3.xml
----------------- Instantiating /home/travis/build/icyphy/ptII/ptolemy/domains/de/lib/test/auto/ServerWithVariableDelay3.xml
7 ms. Memory: 160768K Free: 132915K (83%)
----------------- Invoking toplevel() on ptolemy.moml.MoMLSimpleApplication@743aafbe
----------------- Done invoking toplevel() on ptolemy.moml.MoMLSimpleApplication@743aafbe
reloadAllAccessors: .ServerWithVariableDelay3

===========================================================================================
----------------- testing Fri Jan 10 06:48:45 UTC 2020 /home/travis/build/icyphy/ptII/ptolemy/domains/de/lib/test/auto/ServerWithVariableDelay4.xml
----------------- Instantiating /home/travis/build/icyphy/ptII/ptolemy/domains/de/lib/test/auto/ServerWithVariableDelay4.xml
3 ms. Memory: 160768K Free: 128247K (80%)
----------------- Invoking toplevel() on ptolemy.moml.MoMLSimpleApplication@6d650f0a
----------------- Done invoking toplevel() on ptolemy.moml.MoMLSimpleApplication@6d650f0a
reloadAllAccessors: .ServerWithVariableDelay4

===========================================================================================
----------------- testing Fri Jan 10 06:48:45 UTC 2020 /home/travis/build/icyphy/ptII/ptolemy/domains/de/lib/test/auto/ServerWithZeroDelay.xml
----------------- Instantiating /home/travis/build/icyphy/ptII/ptolemy/domains/de/lib/test/auto/ServerWithZeroDelay.xml
1 ms. Memory: 160768K Free: 124707K (78%)
----------------- Invoking toplevel() on ptolemy.moml.MoMLSimpleApplication@5dbeabce
----------------- Done invoking toplevel() on ptolemy.moml.MoMLSimpleApplication@5dbeabce
reloadAllAccessors: .ServerWithZeroDelay

===========================================================================================
----------------- testing Fri Jan 10 06:48:45 UTC 2020 /home/travis/build/icyphy/ptII/ptolemy/domains/de/lib/test/auto/SingleEvent.xml
----------------- Instantiating /home/travis/build/icyphy/ptII/ptolemy/domains/de/lib/test/auto/SingleEvent.xml
4 ms. Memory: 160768K Free: 122103K (76%)
----------------- Invoking toplevel() on ptolemy.moml.MoMLSimpleApplication@61c71023
----------------- Done invoking toplevel() on ptolemy.moml.MoMLSimpleApplication@61c71023
reloadAllAccessors: .SingleEvent

===========================================================================================
----------------- testing Fri Jan 10 06:48:45 UTC 2020 /home/travis/build/icyphy/ptII/ptolemy/domains/de/lib/test/auto/TimerTestAssemblyLine.xml
----------------- Instantiating /home/travis/build/icyphy/ptII/ptolemy/domains/de/lib/test/auto/TimerTestAssemblyLine.xml
4 ms. Memory: 160768K Free: 114481K (71%)
----------------- Invoking toplevel() on ptolemy.moml.MoMLSimpleApplication@5864aac0
----------------- Done invoking toplevel() on ptolemy.moml.MoMLSimpleApplication@5864aac0
reloadAllAccessors: .TimerTest_AssemblyLine

===========================================================================================
----------------- testing Fri Jan 10 06:48:45 UTC 2020 /home/travis/build/icyphy/ptII/ptolemy/domains/de/lib/test/auto/VariableDelay1.xml
----------------- Instantiating /home/travis/build/icyphy/ptII/ptolemy/domains/de/lib/test/auto/VariableDelay1.xml
3 ms. Memory: 160768K Free: 110401K (69%)
----------------- Invoking toplevel() on ptolemy.moml.MoMLSimpleApplication@2c29ca3b
----------------- Done invoking toplevel() on ptolemy.moml.MoMLSimpleApplication@2c29ca3b
reloadAllAccessors: .VariableDelay1

===========================================================================================
----------------- testing Fri Jan 10 06:48:45 UTC 2020 /home/travis/build/icyphy/ptII/ptolemy/domains/de/lib/test/auto/VariableDelay2.xml
----------------- Instantiating /home/travis/build/icyphy/ptII/ptolemy/domains/de/lib/test/auto/VariableDelay2.xml
3 ms. Memory: 160768K Free: 108361K (67%)
----------------- Invoking toplevel() on ptolemy.moml.MoMLSimpleApplication@703da7a2
----------------- Done invoking toplevel() on ptolemy.moml.MoMLSimpleApplication@703da7a2
reloadAllAccessors: .

===========================================================================================
----------------- testing Fri Jan 10 06:48:45 UTC 2020 /home/travis/build/icyphy/ptII/ptolemy/domains/de/lib/test/auto/VariableDelay3.xml
----------------- Instantiating /home/travis/build/icyphy/ptII/ptolemy/domains/de/lib/test/auto/VariableDelay3.xml
4 ms. Memory: 160768K Free: 104657K (65%)
----------------- Invoking toplevel() on ptolemy.moml.MoMLSimpleApplication@22735dc2
----------------- Done invoking toplevel() on ptolemy.moml.MoMLSimpleApplication@22735dc2
reloadAllAccessors: .VariableDelay3

===========================================================================================
----------------- testing Fri Jan 10 06:48:45 UTC 2020 /home/travis/build/icyphy/ptII/ptolemy/domains/de/lib/test/auto/VariableDelay4.xml
----------------- Instantiating /home/travis/build/icyphy/ptII/ptolemy/domains/de/lib/test/auto/VariableDelay4.xml
4 ms. Memory: 160768K Free: 101147K (63%)
----------------- Invoking toplevel() on ptolemy.moml.MoMLSimpleApplication@35aa16e5
----------------- Done invoking toplevel() on ptolemy.moml.MoMLSimpleApplication@35aa16e5
reloadAllAccessors: .VariableDelay4

===========================================================================================
----------------- testing Fri Jan 10 06:48:45 UTC 2020 /home/travis/build/icyphy/ptII/ptolemy/domains/de/lib/test/auto/VariableDelay5.xml
----------------- Instantiating /home/travis/build/icyphy/ptII/ptolemy/domains/de/lib/test/auto/VariableDelay5.xml
16 ms. Memory: 160768K Free: 97059K (60%)
----------------- Invoking toplevel() on ptolemy.moml.MoMLSimpleApplication@32b9d305
----------------- Done invoking toplevel() on ptolemy.moml.MoMLSimpleApplication@32b9d305
reloadAllAccessors: .VariableDelay5

===========================================================================================
----------------- testing Fri Jan 10 06:48:45 UTC 2020 /home/travis/build/icyphy/ptII/ptolemy/domains/de/lib/test/auto/VariableDelay7.xml
----------------- Instantiating /home/travis/build/icyphy/ptII/ptolemy/domains/de/lib/test/auto/VariableDelay7.xml
2 ms. Memory: 160768K Free: 92962K (58%)
----------------- Invoking toplevel() on ptolemy.moml.MoMLSimpleApplication@4fb1aee6
----------------- Done invoking toplevel() on ptolemy.moml.MoMLSimpleApplication@4fb1aee6
reloadAllAccessors: .VariableDelay7

===========================================================================================
----------------- testing Fri Jan 10 06:48:45 UTC 2020 /home/travis/build/icyphy/ptII/ptolemy/domains/de/lib/test/auto/VariableDelay8.xml
----------------- Instantiating /home/travis/build/icyphy/ptII/ptolemy/domains/de/lib/test/auto/VariableDelay8.xml
2 ms. Memory: 160768K Free: 89335K (56%)
----------------- Invoking toplevel() on ptolemy.moml.MoMLSimpleApplication@46683231
----------------- Done invoking toplevel() on ptolemy.moml.MoMLSimpleApplication@46683231
reloadAllAccessors: .VariableDelay8

===========================================================================================
----------------- testing Fri Jan 10 06:48:45 UTC 2020 /home/travis/build/icyphy/ptII/ptolemy/domains/de/lib/test/auto/Wire.xml
----------------- Instantiating /home/travis/build/icyphy/ptII/ptolemy/domains/de/lib/test/auto/Wire.xml
2 ms. Memory: 160768K Free: 83746K (52%)
----------------- Invoking toplevel() on ptolemy.moml.MoMLSimpleApplication@59f5837b
----------------- Done invoking toplevel() on ptolemy.moml.MoMLSimpleApplication@59f5837b
reloadAllAccessors: .Wire
AutoTests.java: About to close Vertx.
AutoTests.java: Vertx closed.
]]></system-out>
  <system-err><![CDATA[]]></system-err>
</testsuite>
