<?xml version="1.0" encoding="UTF-8" ?>
<testsuite errors="1" failures="1" hostname="travis-job-4f6a9b3f-a0e6-4f01-9e8f-f4cefc63f38a" name="ptolemy.actor.lib.test.junit.JUnitTclTest" skipped="0" tests="517" time="64.304" timestamp="2019-10-30T06:13:29">
  <properties>
    <property name="npm.executable" value="npm" />
    <property name="env.TRAVIS_ROOT" value="/" />
    <property name="ptII.mk.exists" value="true" />
    <property name="env.TRAVIS_APP_HOST" value="build.travis-ci.org" />
    <property name="env.rvm_bin_path" value="/home/travis/.rvm/bin" />
    <property name="java.home" value="/usr/local/lib/jvm/openjdk11" />
    <property name="env.TRAVIS_JOB_NUMBER" value="1380.8" />
    <property name="env.TRAVIS_HOME" value="/home/travis" />
    <property name="env.DISPLAY" value=":99.0" />
    <property name="env.TRAVIS_INIT" value="systemd" />
    <property name="env.SSH_TTY" value="/dev/pts/0" />
    <property name="java.net.preferIPv4Stack" value="true" />
    <property name="env.RUN_TESTS" value="true" />
    <property name="timeout.short" value="1000000" />
    <property name="junit.formatter" value="xml" />
    <property name="env.TRAVIS_SUDO" value="true" />
    <property name="env.TRAVIS_JOB_NAME" value="" />
    <property name="env.TRAVIS_STACK_NODE_ATTRIBUTES" value="/.node-attributes.yml" />
    <property name="env.LOGNAME" value="travis" />
    <property name="env.PT_TRAVIS_TEST_CORE1_XML" value="true" />
    <property name="jsdoc.home" value="node_modules/@terraswarm/jsdoc" />
    <property name="debuglevel" value="source,lines,vars" />
    <property name="checkstyle.formatter" value="xml" />
    <property name="env._system_version" value="16.04" />
    <property name="bin.vergil.makeable" value="true" />
    <property name="sun.os.patch.level" value="unknown" />
    <property name="java.vendor.url" value="http://java.oracle.com/" />
    <property name="env.TRAVIS_BUILD_WEB_URL" value="https://travis-ci.org/icyphy/ptII/builds/604808461" />
    <property name="java.version" value="11.0.2" />
    <property name="env.TZ" value="UTC" />
    <property name="env.TRAVIS_PULL_REQUEST_SHA" value="" />
    <property name="env.PT_NO_NET" value="true" />
    <property name="env.TRAVIS_SECURE_ENV_VARS" value="true" />
    <property name="env._system_type" value="Linux" />
    <property name="java.vendor.url.bug" value="http://bugreport.java.com/bugreport/" />
    <property name="npmjs-org-is-up" value="true" />
    <property name="env.LANGUAGE" value="en_US.UTF-8" />
    <property name="env.SSH_CLIENT" value="10.16.6.7 57192 22" />
    <property name="env.GEM_HOME" value="/home/travis/.rvm/gems/ruby-2.5.3" />
    <property name="env.HAS_ANTARES_THREE_LITTLE_FRONZIES_BADGE" value="true" />
    <property name="java.version.date" value="2019-01-15" />
    <property name="env.PS4" value="+" />
    <property name="ant.project.invoked-targets" value="build,test.core1.xml" />
    <property name="env.TRAVIS_PULL_REQUEST_BRANCH" value="" />
    <property name="env.TRAVIS_REPO_SLUG" value="icyphy/ptII" />
    <property name="env.XDG_DATA_DIRS" value="/usr/local/share:/usr/share:/var/lib/snapd/desktop" />
    <property name="jdk.debug" value="release" />
    <property name="env.TRAVIS_APT_PROXY" value="http://apt.cache.travis-ci.com" />
    <property name="node.in.path" value="true" />
    <property name="user.name" value="travis" />
    <property name="java.maxmemory" value="1400m" />
    <property name="env.RUBY_VERSION" value="ruby-2.5.3" />
    <property name="env.LANG" value="en_US.UTF-8" />
    <property name="sun.io.unicode.encoding" value="UnicodeLittle" />
    <property name="sun.jnu.encoding" value="UTF-8" />
    <property name="java.runtime.name" value="OpenJDK Runtime Environment" />
    <property name="usefile" value="false" />
    <property name="return.code" value="0" />
    <property name="junit.single.formatter" value="plain" />
    <property name="env.DYLD_LIBRARY_PATH" value="/home/travis/pthla/certi-tools/lib:" />
    <property name="env.DEBIAN_FRONTEND" value="noninteractive" />
    <property name="env.SSH_CONNECTION" value="10.16.6.7 57192 10.20.0.118 22" />
    <property name="env.MYSQL_UNIX_PORT" value="/var/run/mysqld/mysqld.sock" />
    <property name="env.LC_ALL" value="en_US.UTF-8" />
    <property name="env.TRAVIS_ALLOW_FAILURE" value="false" />
    <property name="env.TRAVIS_JOB_WEB_URL" value="https://travis-ci.org/icyphy/ptII/jobs/604808469" />
    <property name="java.specification.name" value="Java Platform API Specification" />
    <property name="node.works" value="true" />
    <property name="user.timezone" value="" />
    <property name="path.separator" value=":" />
    <property name="env.TRAVIS_ENABLE_INFRA_DETECTION" value="true" />
    <property name="env.PYTHON_CFLAGS" value="-g -fstack-protector --param=ssp-buffer-size=4 -Wformat -Werror=format-security" />
    <property name="timeout.long" value="4000000" />
    <property name="env.CERTI_HOME" value="/home/travis/pthla/certi-tools" />
    <property name="ant.file.ptII" value="/home/travis/build/icyphy/ptII/build.xml" />
    <property name="javadoc.packagenames" value="com.*,diva.*,lbnl.*,org.hlacerti.*,org.json.*,org.ptolemy.*,org.terraswarm.*,ptolemy.*,ptserver.*" />
    <property name="file.encoding" value="UTF-8" />
    <property name="env.TRAVIS_PULL_REQUEST_SLUG" value="" />
    <property name="ant.project.default-target" value="build" />
    <property name="env.GIT_ASKPASS" value="echo" />
    <property name="env.HOME" value="/home/travis" />
    <property name="sun.java.command" value="org.apache.tools.ant.taskdefs.optional.junit.JUnitTestRunner ptolemy.actor.lib.test.junit.JUnitTclTest skipNonTests=false filtertrace=true haltOnError=false haltOnFailure=false formatter=org.apache.tools.ant.taskdefs.optional.junit.OutErrSummaryJUnitResultFormatter showoutput=true outputtoformatters=true logfailedtests=true threadid=0 logtestlistenerevents=false formatter=org.apache.tools.ant.taskdefs.optional.junit.XMLJUnitResultFormatter,/home/travis/build/icyphy/ptII/reports/junit/TEST-ptolemy.actor.lib.test.junit.JUnitTclTest.xml crashfile=/home/travis/build/icyphy/ptII/junitvmwatcher17149931890087005511.properties propsfile=/home/travis/build/icyphy/ptII/junit1478332406701962801.properties" />
    <property name="env.COMPOSER_NO_INTERACTION" value="1" />
    <property name="env.MANPATH" value="/home/travis/.nvm/versions/node/v7.10.1/share/man:/home/travis/.rvm/rubies/ruby-2.5.3/share/man:/usr/local/cmake-3.12.4/man:/usr/local/clang-7.0.0/share/man:/usr/local/man:/usr/local/share/man:/usr/share/man:/home/travis/.rvm/man" />
    <property name="env.TRAVIS_TIMER_ID" value="12508116" />
    <property name="ant.file" value="/home/travis/build/icyphy/ptII/build.xml" />
    <property name="env.TRAVIS_COMMIT_RANGE" value="948bf656f66248ff65af09b7e6cc9885ef1f544d...4d8f235a1445b5e1cf53b20eaca7c153db736dc2" />
    <property name="env._system_name" value="Ubuntu" />
    <property name="ptII.classpath.optional.property" value="/home/travis/build/icyphy/ptII/lib/bsh-2.0b4.jar:/home/travis/build/icyphy/ptII/lib/ptCal.jar:/home/travis/build/icyphy/ptII/lib/java_cup.jar:/home/travis/build/icyphy/ptII/lib/saxon8.jar:/home/travis/build/icyphy/ptII/lib/saxon8-dom.jar:/home/travis/build/icyphy/ptII/lib/chic.jar:/home/travis/build/icyphy/ptII/lib/ptcolt.jar:/home/travis/build/icyphy/ptII/vendors/misc/itext/iText.jar:/home/travis/build/icyphy/ptII/lib/g4ltl.jar:/home/travis/build/icyphy/ptII/lib/StructuralCoder.jar:/home/travis/build/icyphy/ptII/lib/jcerti.jar:/home/travis/build/icyphy/ptII/lib/javax.mail.jar:/home/travis/build/icyphy/ptII/vendors/JMF-2.1.1e/lib/jmf.jar:/home/travis/build/icyphy/ptII/lib/jna-4.0.0-variadic.jar:/home/travis/build/icyphy/ptII/vendors/misc/joystick/Joystick.jar:/home/travis/build/icyphy/ptII/lib/ptjacl.jar:/home/travis/build/icyphy/ptII/lib/jsoup-1.8.2.jar:/home/travis/build/icyphy/ptII/lib/junit-4.8.2.jar:/home/travis/build/icyphy/ptII/lib/JUnitParams-0.4.0.jar:/home/travis/build/icyphy/ptII/ptolemy/actor/lib/excel/jxl.jar:/home/travis/build/icyphy/ptII/lib/jython.jar:/home/travis/build/icyphy/ptII/lib/kieler.jar:/home/travis/build/icyphy/ptII/vendors/opencv/share/OpenCV/java/opencv-341.jar:/home/travis/build/icyphy/ptII/lib/oscP5.jar:/home/travis/build/icyphy/ptII/lib/nrjavaserial-3.11.0.devel.jar:/home/travis/build/icyphy/ptII/vendors/j3d/lib/Linux/j3dcore.jar:/home/travis/build/icyphy/ptII/vendors/j3d/lib/Linux/j3dutils.jar:/home/travis/build/icyphy/ptII/vendors/j3d/lib/Linux/vecmath.jar:/home/travis/build/icyphy/ptII/vendors/jogl/lib/Linux/gluegen-rt-natives-linux-amd64.jar:/home/travis/build/icyphy/ptII/vendors/jogl/lib/Linux/gluegen-rt.jar:/home/travis/build/icyphy/ptII/vendors/jogl/lib/Linux/jogl-all-natives-linux-amd64.jar:/home/travis/build/icyphy/ptII/vendors/jogl/lib/Linux/jogl-all.jar:/home/travis/build/icyphy/ptII/ptolemy/distributed/jini/jar/jini-core.jar:/home/travis/build/icyphy/ptII/ptolemy/distributed/jini/jar/jini-ext.jar:/home/travis/build/icyphy/ptII/ptolemy/distributed/jini/jar/sun-util.jar:/home/travis/build/icyphy/ptII/lib/protobuf-java-2.4.1.jar:/home/travis/build/icyphy/ptII/lib/org.eclipse.paho.client.mqttv3.jar:/home/travis/build/icyphy/ptII/lib/mapss.jar:/home/travis/build/icyphy/ptII/ptolemy/actor/ptalon/antlr/antlr.jar:/home/travis/build/icyphy/ptII/lib/JRI.jar:/home/travis/build/icyphy/ptII/lib/commons-lang-2.6.jar:/home/travis/build/icyphy/ptII/lib/commons-logging-1.1.1.jar:/home/travis/build/icyphy/ptII/lib/sootclasses.jar:/home/travis/build/icyphy/ptII/ptolemy/actor/lib/database/mysql-connector-java-5.1.6-bin.jar:/home/travis/build/icyphy/ptII/vendors/misc/sphinx4/sphinx4-data-5prealpha.jar:/home/travis/build/icyphy/ptII/vendors/misc/sphinx4/sphinx4-core-5prealpha.jar:/home/travis/build/icyphy/ptII/lib/PDFRenderer.jar:/home/travis/build/icyphy/ptII/lib/svgSalamander.jar:/home/travis/build/icyphy/ptII/lib/rsyntaxtextarea-2.6.0-SNAPSHOT.jar:/home/travis/build/icyphy/ptII/lib/hazelcast-3.8.2.jar:/home/travis/build/icyphy/ptII/lib/jackson-annotations-2.9.0.jar:/home/travis/build/icyphy/ptII/lib/jackson-core-2.9.3.jar:/home/travis/build/icyphy/ptII/lib/jackson-databind-2.9.3.jar:/home/travis/build/icyphy/ptII/lib/netty-buffer-4.1.19.Final.jar:/home/travis/build/icyphy/ptII/lib/netty-codec-4.1.19.Final.jar:/home/travis/build/icyphy/ptII/lib/netty-codec-dns-4.1.19.Final.jar:/home/travis/build/icyphy/ptII/lib/netty-codec-http-4.1.19.Final.jar:/home/travis/build/icyphy/ptII/lib/netty-codec-http2-4.1.19.Final.jar:/home/travis/build/icyphy/ptII/lib/netty-common-4.1.19.Final.jar:/home/travis/build/icyphy/ptII/lib/netty-handler-4.1.19.Final.jar:/home/travis/build/icyphy/ptII/lib/netty-resolver-4.1.19.Final.jar:/home/travis/build/icyphy/ptII/lib/netty-resolver-dns-4.1.19.Final.jar:/home/travis/build/icyphy/ptII/lib/netty-transport-4.1.19.Final.jar:/home/travis/build/icyphy/ptII/lib/vertx-codegen-3.5.1.jar:/home/travis/build/icyphy/ptII/lib/vertx-core-3.5.2-SNAPSHOT.jar:/home/travis/build/icyphy/ptII/lib/vertx-hazelcast-3.5.1.jar:/home/travis/build/icyphy/ptII/lib/vertx-lang-js-3.5.1.jar:/home/travis/build/icyphy/ptII/lib/vertx-service-proxy-3.5.1.jar:/home/travis/build/icyphy/ptII/lib/vertx-web-3.5.1.jar:/home/travis/build/icyphy/ptII/lib/slf4j-api-1.7.13.jar:/home/travis/build/icyphy/ptII/lib/slf4j-simple-1.7.13.jar:/home/travis/build/icyphy/ptII/lib/webcam-capture-0.3.12.jar:/home/travis/build/icyphy/ptII/lib/bridj-0.7.0.jar:/home/travis/build/icyphy/ptII/lib/xbjlib-1.1.0.nrjavaserial.jar" />
    <property name="timeout" value="2400000" />
    <property name="test.batch" value="**/junit/*.java" />
    <property name="env._" value="/usr/bin/timeout" />
    <property name="java.io.tmpdir" value="/tmp" />
    <property name="user.language" value="en" />
    <property name="env.TRAVIS_INTERNAL_RUBY_REGEX" value="^ruby-(2\.[0-4]\.[0-9]|1\.9\.3)" />
    <property name="env.HISTCONTROL" value="ignoredups:ignorespace" />
    <property name="env.GOROOT" value="/home/travis/.gimme/versions/go1.11.1.linux.amd64" />
    <property name="line.separator" value="&#xa;" />
    <property name="target" value="11" />
    <property name="env.TRAVIS_BUILD_DIR" value="/home/travis/build/icyphy/ptII" />
    <property name="env.ANT_OPTS" value="-Xmx2048m" />
    <property name="ant.file.type" value="file" />
    <property name="ptolemy.ptII.batchMode" value="true" />
    <property name="env.HISTSIZE" value="1000" />
    <property name="env.MERB_ENV" value="test" />
    <property name="java.vm.info" value="mixed mode" />
    <property name="source" value="11" />
    <property name="java.vm.specification.name" value="Java Virtual Machine Specification" />
    <property name="env.TRAVIS_TEST_RESULT" value="0" />
    <property name="jsdoc.command" value="node_modules/@terraswarm/jsdoc/jsdoc.js" />
    <property name="npm.works" value="true" />
    <property name="cobertura.dir" value="/home/travis/build/icyphy/ptII/vendors/cobertura-2.0.3" />
    <property name="jsdoc.command.exists" value="true" />
    <property name="env.rvm_path" value="/home/travis/.rvm" />
    <property name="env.GEM_PATH" value="/home/travis/.rvm/gems/ruby-2.5.3:/home/travis/.rvm/gems/ruby-2.5.3@global" />
    <property name="env.LC_CTYPE" value="en_US.UTF-8" />
    <property name="env.TRAVIS_CMD" value="$PTII/bin/ptIITravisBuild.sh $SECONDS" />
    <property name="java.awt.printerjob" value="sun.print.PSPrinterJob" />
    <property name="env.TRAVIS_STACK_NAME" value="sardonyx" />
    <property name="env.TRAVIS_TIMER_START_TIME" value="1572415256134927031" />
    <property name="ant.version" value="Apache Ant(TM) version 1.10.1 compiled on February 2 2017" />
    <property name="ptII.reports" value="/home/travis/build/icyphy/ptII/reports" />
    <property name="env.TRAVIS_STACK_TIMESTAMP" value="2019-03-25 16:16:56 UTC" />
    <property name="ant.file.type.ptII" value="file" />
    <property name="env.RBENV_SHELL" value="bash" />
    <property name="os.name" value="Linux" />
    <property name="java.specification.vendor" value="Oracle Corporation" />
    <property name="env.rvm_version" value="1.29.7 (latest)" />
    <property name="env.TRAVIS_INFRA" value="gce" />
    <property name="env.TERM" value="xterm" />
    <property name="java.vm.name" value="OpenJDK 64-Bit Server VM" />
    <property name="env.TRAVIS_BUILD_NUMBER" value="1380" />
    <property name="env.CI" value="true" />
    <property name="java.library.path" value="/home/travis/pthla/certi-tools/lib:/usr/lib/jni:/usr/local/share/OpenCV/java/:/usr/share/OpenCV/java::/usr/java/packages/lib:/usr/lib64:/lib64:/lib:/usr/lib" />
    <property name="jdk.module.path" value="/home/travis/build/icyphy/ptII/vendors/javafx/javafx-sdk-11.0.2/lib:" />
    <property name="env.rvm_prefix" value="/home/travis" />
    <property name="env.PATH" value="/home/travis/pthla/certi-tools/share/scripts:/home/travis/.rvm/gems/ruby-2.5.3/bin:/home/travis/.rvm/gems/ruby-2.5.3@global/bin:/home/travis/.rvm/rubies/ruby-2.5.3/bin:/home/travis/.rvm/bin:/home/travis/.nvm/versions/node/v7.10.1/bin:./node_modules/.bin:/home/travis/build/icyphy/ptII/bin:/home/travis/pthla/certi-tools/bin:/home/travis/bin:/home/travis/.local/bin:/usr/local/lib/jvm/openjdk11/bin:/opt/pyenv/shims:/home/travis/.phpenv/shims:/home/travis/perl5/perlbrew/bin:/home/travis/gopath/bin:/home/travis/.gimme/versions/go1.11.1.linux.amd64/bin:/usr/local/maven-3.6.0/bin:/usr/local/cmake-3.12.4/bin:/usr/local/clang-7.0.0/bin:/usr/local/sbin:/usr/local/bin:/usr/sbin:/usr/bin:/sbin:/bin:/snap/bin:/home/travis/.phpenv/bin:/opt/pyenv/bin:/home/travis/.yarn/bin" />
    <property name="env.TRAVIS_OS_NAME" value="linux" />
    <property name="ant.java.version" value="9" />
    <property name="basedir" value="/home/travis/build/icyphy/ptII" />
    <property name="java.class.version" value="55.0" />
    <property name="env.SHLVL" value="3" />
    <property name="env.LD_LIBRARY_PATH" value="/home/travis/pthla/certi-tools/lib:/usr/lib/jni:/usr/local/share/OpenCV/java/:/usr/share/OpenCV/java:" />
    <property name="env.RACK_ENV" value="test" />
    <property name="ant.home" value="/home/travis/build/icyphy/ptII/ant" />
    <property name="env.NVM_DIR" value="/home/travis/.nvm" />
    <property name="env.CERTI_FOM_PATH" value="/home/travis/pthla/certi-tools/share/federations" />
    <property name="env.TRAVIS_BUILD_ID" value="604808461" />
    <property name="env.PYENV_ROOT" value="/opt/pyenv" />
    <property name="env.TRAVIS_UID" value="2000" />
    <property name="prism.verbose" value="true" />
    <property name="env.NVM_BIN" value="/home/travis/.nvm/versions/node/v7.10.1/bin" />
    <property name="env.TRAVIS_COMMIT" value="4d8f235a1445b5e1cf53b20eaca7c153db736dc2" />
    <property name="env._system_arch" value="x86_64" />
    <property name="node.executable" value="node" />
    <property name="sun.boot.library.path" value="/usr/local/lib/jvm/openjdk11/lib" />
    <property name="sun.management.compiler" value="HotSpot 64-Bit Tiered Compilers" />
    <property name="java.awt.graphicsenv" value="sun.awt.X11GraphicsEnvironment" />
    <property name="env.GOPATH" value="/home/travis/gopath" />
    <property name="ptolemy.ptII.dir" value="/home/travis/build/icyphy/ptII" />
    <property name="env.USER" value="travis" />
    <property name="env.HISTFILESIZE" value="2000" />
    <property name="timeout.longest" value="19000000" />
    <property name="env.PERLBREW_SHELLRC_VERSION" value="0.86" />
    <property name="env.TRAVIS_STACK_FEATURES" value="basic couchdb disabled-ipv6 docker docker-compose elasticsearch firefox go-toolchain google-chrome jdk memcached mongodb mysql nodejs_interpreter perl_interpreter perlbrew phantomjs postgresql python_interpreter redis ruby_interpreter sqlite xserver" />
    <property name="env.TRAVIS_PULL_REQUEST" value="false" />
    <property name="env.PYENV_SHELL" value="bash" />
    <property name="ant.project.name" value="ptII" />
    <property name="env.ANSI_RESET" value="\033[0m" />
    <property name="java.vm.specification.version" value="11" />
    <property name="env.TRAVIS_DIST" value="xenial" />
    <property name="env.CERTI_VERSION" value="4.0.0" />
    <property name="env.CERTI_HOST" value="localhost" />
    <property name="awt.toolkit" value="sun.awt.X11.XToolkit" />
    <property name="env.MY_RUBY_HOME" value="/home/travis/.rvm/rubies/ruby-2.5.3" />
    <property name="sun.cpu.isalist" value="" />
    <property name="env.TRAVIS_TMPDIR" value="/tmp/tmp.mRf39XQPIN" />
    <property name="java.vm.compressedOopsMode" value="Zero based" />
    <property name="os.version" value="4.15.0-1028-gcp" />
    <property name="user.home" value="/home/travis" />
    <property name="java.vm.vendor" value="Oracle Corporation" />
    <property name="env.TRAVIS_TAG" value="nightly" />
    <property name="env.ANSI_YELLOW" value="\033[33;1m" />
    <property name="env.TRAVIS_FILTERED" value="redirect_io" />
    <property name="env.ANSI_GREEN" value="\033[32;1m" />
    <property name="env.JAVA_HOME" value="/usr/local/lib/jvm/openjdk11" />
    <property name="javadoc.excludepackagenames" value="adm.cvs2svn.*,build.*,config.*,doc.coding.templates.*,jni.test.jni.meaningOfLife.*,jni.test.jni.testDeux.*,jni.test.jni.testTrois.*,org.terraswarm.accessor.accessors.web.node_modules.*,org.terraswarm.accessor.accessors.web.hosts.cordova.demo.*,org.terraswarm.accessor.accessors.web.hosts.cordova.plugins.*,org.terraswarm.accessor.accessors-svn.*,pt-modules.*,ptolemy.apps.agilent.*,ptolemy.apps.anytimecontrol.*,ptolemy.apps.apes.*,ptolemy.apps.charon.*,ptolemy.apps.crazyboard.*,ptolemy.apps.eclipse.*,ptolemy.apps.etherealSting.*,ptolemy.apps.fullscreen.*,ptolemy.apps.giotto.*,ptolemy.apps.ia.*,ptolemy.apps.interfaces.*,ptolemy.apps.jmf.*,ptolemy.apps.kurt.*,ptolemy.apps.kvm.*,ptolemy.apps.lego.*,ptolemy.apps.lejos.*,ptolemy.apps.midp.*,ptolemy.apps.mobileCoding.*,ptolemy.apps.pendulum.*,ptolemy.apps.rijndael.*,ptolemy.apps.robot.*,ptolemy.apps.security.*,ptolemy.apps.sobel.*,ptolemy.apps.soot.*,ptolemy.apps.throttle.*,ptolemy.apps.tini.*,ptolemy.apps.transmission.*,ptolemy.apps.vergil.*,ptolemy.apps.waba.*,ptolemy.apps.websensor.*,ptolemy.apps.webstart.*,ptolemy.apps.xsl.*,ptolemy.apps.zaurus.*,ptolemy.codegen.c.actor.lib.oldJavaFiles.*,ptolemy.codegen.dsp.lib.*,ptolemy.codegen.kernel.newInterfaces.*,ptolemy.codegen.lib.*,ptolemy.copernicus.kernel.fragment.*,ptolemy.copernicus.shallow.cg.*,ptolemy.domains.giotto.demo.Hierarchy.Hierarchy.*,ptolemy.domains.giotto.demo.Multimode.Multimode.*,ptolemy.domains.giotto.demo.Simple.Simple.*,ptolemy.domains.gr.lib.experimental.*,ptolemy.domains.gro.*,ptolemy.domains.pdf.*,ptolemy.domains.ptinyos.demo.Surge.output.*,ptolemy.moml.test.NoPackageActor.java*,ptolemy.plot.adm.*,ptolemy.plot.servlet.*,reports.*,signed.*,src.*,target.*,vendors.*,ptolemy.copernicus.applet.*,ptolemy.media.viewer.*,ptolemy.actor.corba.*,doc.doclets.*,ptolemy.apps.eclipse.awt.*,ptolemy.backtrack.*,ptolemy.backtrack.ast.*,ptolemy.cg.adapter.generic.program.procedural.c.mbed*,ptolemy.homer.*,ptolemy.actor.lib.jai.*,org.ptolemy.scala.*,diva.util.java2d.svg.*,ptolemy.domains.ptinyos.*,ptolemy.actor.lib.fmi.fmipp.*,,org.terraswarm.accessor.accessors.web.node_modules.*,org.terraswarm.accessor.accessors-svn,ptolemy.apps.*,ptolemy.actor.ptalon.demo.ptinyos.SendAndReceiveCnt.output,ptolemy.actor.ptalon.demo.ptinyos.SenseToLeds.output,ptolemy.domains.ptinyos.demo.CntToLedsAndRfm.output,ptolemy.domains.ptinyos.demo.RfmToLeds.output,ptolemy.domains.ptinyos.demo.SendAndReceiveCnt.output,ptolemy.domains.ptinyos.demo.SenseToLeds.output,ptolemy.actor.lib.jjs.modules.udpSocket.*" />
    <property name="env.PTII" value="/home/travis/build/icyphy/ptII" />
    <property name="env.XDG_SESSION_ID" value="2" />
    <property name="keystore" value="ptKeystore" />
    <property name="env.TRAVIS_COMMIT_MESSAGE" value="Updated occupancy" />
    <property name="junit.output.dir" value="/home/travis/build/icyphy/ptII/reports/junit" />
    <property name="npm.return.code" value="0" />
    <property name="user.dir" value="/home/travis/build/icyphy/ptII/ptolemy/actor/lib/test" />
    <property name="env.TRAVIS_NODE_VERSION" value="7" />
    <property name="env.TRAVIS_EVENT_TYPE" value="cron" />
    <property name="env.MAIL" value="/var/mail/travis" />
    <property name="env.PERLBREW_ROOT" value="/home/travis/perl5/perlbrew" />
    <property name="env.PWD" value="/home/travis/build/icyphy/ptII" />
    <property name="timeout.npm" value="45000" />
    <property name="env.TRAVIS_ARCH" value="amd64" />
    <property name="sun.cpu.endian" value="little" />
    <property name="env.PAGER" value="cat" />
    <property name="env.TRAVIS_BUILD_STAGE_NAME" value="Test" />
    <property name="env.PERLBREW_HOME" value="/home/travis/.perlbrew" />
    <property name="java.vm.version" value="11.0.2+9" />
    <property name="env.RAILS_ENV" value="test" />
    <property name="java.class.path" value="/home/travis/.ptolemyII:/home/travis/.ptolemyII/*:/home/travis/build/icyphy/ptII:/home/travis/build/icyphy/ptII/lib/bsh-2.0b4.jar:/home/travis/build/icyphy/ptII/lib/ptCal.jar:/home/travis/build/icyphy/ptII/lib/java_cup.jar:/home/travis/build/icyphy/ptII/lib/saxon8.jar:/home/travis/build/icyphy/ptII/lib/saxon8-dom.jar:/home/travis/build/icyphy/ptII/lib/chic.jar:/home/travis/build/icyphy/ptII/lib/ptcolt.jar:/home/travis/build/icyphy/ptII/vendors/misc/itext/iText.jar:/home/travis/build/icyphy/ptII/lib/g4ltl.jar:/home/travis/build/icyphy/ptII/lib/StructuralCoder.jar:/home/travis/build/icyphy/ptII/lib/jcerti.jar:/home/travis/build/icyphy/ptII/lib/javax.mail.jar:/home/travis/build/icyphy/ptII/vendors/JMF-2.1.1e/lib/jmf.jar:/home/travis/build/icyphy/ptII/lib/jna-4.0.0-variadic.jar:/home/travis/build/icyphy/ptII/vendors/misc/joystick/Joystick.jar:/home/travis/build/icyphy/ptII/lib/ptjacl.jar:/home/travis/build/icyphy/ptII/lib/jsoup-1.8.2.jar:/home/travis/build/icyphy/ptII/lib/junit-4.8.2.jar:/home/travis/build/icyphy/ptII/lib/JUnitParams-0.4.0.jar:/home/travis/build/icyphy/ptII/ptolemy/actor/lib/excel/jxl.jar:/home/travis/build/icyphy/ptII/lib/jython.jar:/home/travis/build/icyphy/ptII/lib/kieler.jar:/home/travis/build/icyphy/ptII/vendors/opencv/share/OpenCV/java/opencv-341.jar:/home/travis/build/icyphy/ptII/lib/oscP5.jar:/home/travis/build/icyphy/ptII/lib/nrjavaserial-3.11.0.devel.jar:/home/travis/build/icyphy/ptII/vendors/j3d/lib/Linux/j3dcore.jar:/home/travis/build/icyphy/ptII/vendors/j3d/lib/Linux/j3dutils.jar:/home/travis/build/icyphy/ptII/vendors/j3d/lib/Linux/vecmath.jar:/home/travis/build/icyphy/ptII/vendors/jogl/lib/Linux/gluegen-rt-natives-linux-amd64.jar:/home/travis/build/icyphy/ptII/vendors/jogl/lib/Linux/gluegen-rt.jar:/home/travis/build/icyphy/ptII/vendors/jogl/lib/Linux/jogl-all-natives-linux-amd64.jar:/home/travis/build/icyphy/ptII/vendors/jogl/lib/Linux/jogl-all.jar:/home/travis/build/icyphy/ptII/ptolemy/distributed/jini/jar/jini-core.jar:/home/travis/build/icyphy/ptII/ptolemy/distributed/jini/jar/jini-ext.jar:/home/travis/build/icyphy/ptII/ptolemy/distributed/jini/jar/sun-util.jar:/home/travis/build/icyphy/ptII/lib/protobuf-java-2.4.1.jar:/home/travis/build/icyphy/ptII/lib/org.eclipse.paho.client.mqttv3.jar:/home/travis/build/icyphy/ptII/lib/mapss.jar:/home/travis/build/icyphy/ptII/ptolemy/actor/ptalon/antlr/antlr.jar:/home/travis/build/icyphy/ptII/lib/JRI.jar:/home/travis/build/icyphy/ptII/lib/commons-lang-2.6.jar:/home/travis/build/icyphy/ptII/lib/commons-logging-1.1.1.jar:/home/travis/build/icyphy/ptII/lib/sootclasses.jar:/home/travis/build/icyphy/ptII/ptolemy/actor/lib/database/mysql-connector-java-5.1.6-bin.jar:/home/travis/build/icyphy/ptII/vendors/misc/sphinx4/sphinx4-data-5prealpha.jar:/home/travis/build/icyphy/ptII/vendors/misc/sphinx4/sphinx4-core-5prealpha.jar:/home/travis/build/icyphy/ptII/lib/PDFRenderer.jar:/home/travis/build/icyphy/ptII/lib/svgSalamander.jar:/home/travis/build/icyphy/ptII/lib/rsyntaxtextarea-2.6.0-SNAPSHOT.jar:/home/travis/build/icyphy/ptII/lib/hazelcast-3.8.2.jar:/home/travis/build/icyphy/ptII/lib/jackson-annotations-2.9.0.jar:/home/travis/build/icyphy/ptII/lib/jackson-core-2.9.3.jar:/home/travis/build/icyphy/ptII/lib/jackson-databind-2.9.3.jar:/home/travis/build/icyphy/ptII/lib/netty-buffer-4.1.19.Final.jar:/home/travis/build/icyphy/ptII/lib/netty-codec-4.1.19.Final.jar:/home/travis/build/icyphy/ptII/lib/netty-codec-dns-4.1.19.Final.jar:/home/travis/build/icyphy/ptII/lib/netty-codec-http-4.1.19.Final.jar:/home/travis/build/icyphy/ptII/lib/netty-codec-http2-4.1.19.Final.jar:/home/travis/build/icyphy/ptII/lib/netty-common-4.1.19.Final.jar:/home/travis/build/icyphy/ptII/lib/netty-handler-4.1.19.Final.jar:/home/travis/build/icyphy/ptII/lib/netty-resolver-4.1.19.Final.jar:/home/travis/build/icyphy/ptII/lib/netty-resolver-dns-4.1.19.Final.jar:/home/travis/build/icyphy/ptII/lib/netty-transport-4.1.19.Final.jar:/home/travis/build/icyphy/ptII/lib/vertx-codegen-3.5.1.jar:/home/travis/build/icyphy/ptII/lib/vertx-core-3.5.2-SNAPSHOT.jar:/home/travis/build/icyphy/ptII/lib/vertx-hazelcast-3.5.1.jar:/home/travis/build/icyphy/ptII/lib/vertx-lang-js-3.5.1.jar:/home/travis/build/icyphy/ptII/lib/vertx-service-proxy-3.5.1.jar:/home/travis/build/icyphy/ptII/lib/vertx-web-3.5.1.jar:/home/travis/build/icyphy/ptII/lib/slf4j-api-1.7.13.jar:/home/travis/build/icyphy/ptII/lib/slf4j-simple-1.7.13.jar:/home/travis/build/icyphy/ptII/lib/webcam-capture-0.3.12.jar:/home/travis/build/icyphy/ptII/lib/bridj-0.7.0.jar:/home/travis/build/icyphy/ptII/lib/xbjlib-1.1.0.nrjavaserial.jar:/home/travis/build/icyphy/ptII/ptolemy/moml/test:/home/travis/build/icyphy/ptII/ant/lib/ant-launcher.jar:/home/travis/build/icyphy/ptII/ant/lib/ant.jar:/home/travis/build/icyphy/ptII/ant/lib/ant-junit.jar:/home/travis/build/icyphy/ptII/ant/lib/ant-junit4.jar" />
    <property name="ant.library.dir" value="/home/travis/build/icyphy/ptII/ant/lib" />
    <property name="os.arch" value="amd64" />
    <property name="env.CONTINUOUS_INTEGRATION" value="true" />
    <property name="env.TRAVIS_LANGUAGE" value="node_js" />
    <property name="env.TRAVIS_STACK_LANGUAGES" value="__sardonyx__ c c++ clojure cplusplus cpp default generic go groovy java node_js php pure_java python ruby scala" />
    <property name="test.name" value="ptolemy.actor.lib.test.junit.JUnitTclTest" />
    <property name="env.APT_KEY_DONT_WARN_ON_DANGEROUS_USAGE" value="1" />
    <property name="sun.java.launcher" value="SUN_STANDARD" />
    <property name="env.PYTHON_CONFIGURE_OPTS" value="--enable-unicode=ucs4 --with-wide-unicode --enable-shared --enable-ipv6 --enable-loadable-sqlite-extensions --with-computed-gotos" />
    <property name="ant.core.lib" value="/home/travis/build/icyphy/ptII/ant/lib/ant.jar" />
    <property name="java.vm.specification.vendor" value="Oracle Corporation" />
    <property name="env.BCVTB_HOME" value="/home/travis/build/icyphy/ptII/lbnl" />
    <property name="file.separator" value="/" />
    <property name="spotbugs.home" value="/home/travis/build/icyphy/ptII/vendors/spotbugs-3.1.1" />
    <property name="java.runtime.version" value="11.0.2+9" />
    <property name="env.ANSI_CLEAR" value="\033[0K" />
    <property name="javafx.verbose" value="true" />
    <property name="env.HAS_JOSH_K_SEAL_OF_APPROVAL" value="true" />
    <property name="env.XDG_RUNTIME_DIR" value="/run/user/2000" />
    <property name="env.TRAVIS_OSX_IMAGE" value="" />
    <property name="env.TRAVIS_JOB_ID" value="604808469" />
    <property name="env.TRAVIS_BRANCH" value="master" />
    <property name="user.country" value="US" />
    <property name="env.CERTI_HOME_TRAVIS" value="/home/travis/pthla/certi-tools" />
    <property name="env.SHELL" value="/bin/bash" />
    <property name="java.maxmemory.large" value="3200m" />
    <property name="model" value="" />
    <property name="env.CASHER_DIR" value="/home/travis/.casher" />
    <property name="env.NVM_CD_FLAGS" value="" />
    <property name="java.vendor.version" value="18.9" />
    <property name="jshint.executable" value="/home/travis/node_modules/jshint/bin/jshint" />
    <property name="env.JRUBY_OPTS" value=" --client -J-XX:+TieredCompilation -J-XX:TieredStopAtLevel=1 -J-Xss2m -Xcompile.invokedynamic=false" />
    <property name="java.vendor" value="Oracle Corporation" />
    <property name="env.TRAVIS_PRE_CHEF_BOOTSTRAP_TIME" value="2019-03-25T16:16:42" />
    <property name="env.TRAVIS_STACK_JOB_BOARD_REGISTER" value="/.job-board-register.yml" />
    <property name="env.ANSI_RED" value="\033[31;1m" />
    <property name="java.specification.version" value="11" />
    <property name="env.IRBRC" value="/home/travis/.rvm/rubies/ruby-2.5.3/.irbrc" />
    <property name="env.TRAVIS" value="true" />
    <property name="sun.arch.data.model" value="64" />
  </properties>
  <testcase classname="ptolemy.util.test.junit.TclTests" name="[0] /home/travis/build/icyphy/ptII/ptolemy/actor/lib/test/AbsoluteValue.tcl (RunTclFile)" time="0.505" />
  <testcase classname="ptolemy.util.test.junit.TclTests" name="[1] /home/travis/build/icyphy/ptII/ptolemy/actor/lib/test/AddSubtract.tcl (RunTclFile)" time="0.197" />
  <testcase classname="ptolemy.util.test.junit.TclTests" name="[2] /home/travis/build/icyphy/ptII/ptolemy/actor/lib/test/Average.tcl (RunTclFile)" time="0.078" />
  <testcase classname="ptolemy.util.test.junit.TclTests" name="[3] /home/travis/build/icyphy/ptII/ptolemy/actor/lib/test/Bernoulli.tcl (RunTclFile)" time="0.021" />
  <testcase classname="ptolemy.util.test.junit.TclTests" name="[4] /home/travis/build/icyphy/ptII/ptolemy/actor/lib/test/Clock.tcl (RunTclFile)" time="0.123" />
  <testcase classname="ptolemy.util.test.junit.TclTests" name="[5] /home/travis/build/icyphy/ptII/ptolemy/actor/lib/test/Commutator.tcl (RunTclFile)" time="0.198" />
  <testcase classname="ptolemy.util.test.junit.TclTests" name="[6] /home/travis/build/icyphy/ptII/ptolemy/actor/lib/test/Const.tcl (RunTclFile)" time="0.153" />
  <testcase classname="ptolemy.util.test.junit.TclTests" name="[7] /home/travis/build/icyphy/ptII/ptolemy/actor/lib/test/CurrentTime.tcl (RunTclFile)" time="0.04" />
  <testcase classname="ptolemy.util.test.junit.TclTests" name="[8] /home/travis/build/icyphy/ptII/ptolemy/actor/lib/test/DB.tcl (RunTclFile)" time="0.082" />
  <testcase classname="ptolemy.util.test.junit.TclTests" name="[9] /home/travis/build/icyphy/ptII/ptolemy/actor/lib/test/DiscreteRandomSource.tcl (RunTclFile)" time="0.032" />
  <testcase classname="ptolemy.util.test.junit.TclTests" name="[10] /home/travis/build/icyphy/ptII/ptolemy/actor/lib/test/Distributor.tcl (RunTclFile)" time="0.061" />
  <testcase classname="ptolemy.util.test.junit.TclTests" name="[11] /home/travis/build/icyphy/ptII/ptolemy/actor/lib/test/Exit.tcl (RunTclFile)" time="0.1" />
  <testcase classname="ptolemy.util.test.junit.TclTests" name="[12] /home/travis/build/icyphy/ptII/ptolemy/actor/lib/test/Expression.tcl (RunTclFile)" time="0.069" />
  <testcase classname="ptolemy.util.test.junit.TclTests" name="[13] /home/travis/build/icyphy/ptII/ptolemy/actor/lib/test/Gaussian.tcl (RunTclFile)" time="0.391" />
  <testcase classname="ptolemy.util.test.junit.TclTests" name="[14] /home/travis/build/icyphy/ptII/ptolemy/actor/lib/test/IIR.tcl (RunTclFile)" time="0.044" />
  <testcase classname="ptolemy.util.test.junit.TclTests" name="[15] /home/travis/build/icyphy/ptII/ptolemy/actor/lib/test/Interpolator.tcl (RunTclFile)" time="0.109" />
  <testcase classname="ptolemy.util.test.junit.TclTests" name="[16] /home/travis/build/icyphy/ptII/ptolemy/actor/lib/test/MathFunction.tcl (RunTclFile)" time="0.082" />
  <testcase classname="ptolemy.util.test.junit.TclTests" name="[17] /home/travis/build/icyphy/ptII/ptolemy/actor/lib/test/Maximum.tcl (RunTclFile)" time="0.045" />
  <testcase classname="ptolemy.util.test.junit.TclTests" name="[18] /home/travis/build/icyphy/ptII/ptolemy/actor/lib/test/Minimum.tcl (RunTclFile)" time="0.032" />
  <testcase classname="ptolemy.util.test.junit.TclTests" name="[19] /home/travis/build/icyphy/ptII/ptolemy/actor/lib/test/MultiplyDivide.tcl (RunTclFile)" time="0.043" />
  <testcase classname="ptolemy.util.test.junit.TclTests" name="[20] /home/travis/build/icyphy/ptII/ptolemy/actor/lib/test/OrderedMerge.tcl (RunTclFile)" time="0.129" />
  <testcase classname="ptolemy.util.test.junit.TclTests" name="[21] /home/travis/build/icyphy/ptII/ptolemy/actor/lib/test/Publisher.tcl (RunTclFile)" time="0.904" />
  <testcase classname="ptolemy.util.test.junit.TclTests" name="[22] /home/travis/build/icyphy/ptII/ptolemy/actor/lib/test/Pulse.tcl (RunTclFile)" time="0.066" />
  <testcase classname="ptolemy.util.test.junit.TclTests" name="[23] /home/travis/build/icyphy/ptII/ptolemy/actor/lib/test/Ramp.tcl (RunTclFile)" time="2.211" />
  <testcase classname="ptolemy.util.test.junit.TclTests" name="[24] /home/travis/build/icyphy/ptII/ptolemy/actor/lib/test/RampContinuous.tcl (RunTclFile)" time="0.018" />
  <testcase classname="ptolemy.util.test.junit.TclTests" name="[25] /home/travis/build/icyphy/ptII/ptolemy/actor/lib/test/RecordAssembler.tcl (RunTclFile)" time="0.015" />
  <testcase classname="ptolemy.util.test.junit.TclTests" name="[26] /home/travis/build/icyphy/ptII/ptolemy/actor/lib/test/RecordDisassembler.tcl (RunTclFile)" time="0.03" />
  <testcase classname="ptolemy.util.test.junit.TclTests" name="[27] /home/travis/build/icyphy/ptII/ptolemy/actor/lib/test/Scale.tcl (RunTclFile)" time="0.037" />
  <testcase classname="ptolemy.util.test.junit.TclTests" name="[28] /home/travis/build/icyphy/ptII/ptolemy/actor/lib/test/SequentialClock.tcl (RunTclFile)" time="0.016" />
  <testcase classname="ptolemy.util.test.junit.TclTests" name="[29] /home/travis/build/icyphy/ptII/ptolemy/actor/lib/test/SetVariable.tcl (RunTclFile)" time="0.024">
    <failure message="Number of failed tests is has increased. expected:&lt;0&gt; but was:&lt;1&gt;" type="junit.framework.AssertionFailedError">junit.framework.AssertionFailedError: Number of failed tests is has increased. expected:&lt;0&gt; but was:&lt;1&gt;
	at ptolemy.util.test.junit.TclTests.RunTclFile(TclTests.java:286)
	at jdk.internal.reflect.GeneratedMethodAccessor19.invoke(Unknown Source)
	at java.base/jdk.internal.reflect.DelegatingMethodAccessorImpl.invoke(DelegatingMethodAccessorImpl.java:43)
	at junitparams.internal.InvokeParameterisedMethod.evaluate(InvokeParameterisedMethod.java:102)
	at junitparams.internal.ParameterisedTestMethodRunner.runMethodInvoker(ParameterisedTestMethodRunner.java:47)
	at junitparams.internal.ParameterisedTestMethodRunner.runTestMethod(ParameterisedTestMethodRunner.java:41)
	at junitparams.internal.ParameterisedTestClassRunner.runParameterisedTest(ParameterisedTestClassRunner.java:143)
	at junitparams.JUnitParamsRunner.runChild(JUnitParamsRunner.java:237)
	at junitparams.JUnitParamsRunner.runChild(JUnitParamsRunner.java:215)
</failure>
  </testcase>
  <testcase classname="ptolemy.util.test.junit.TclTests" name="[30] /home/travis/build/icyphy/ptII/ptolemy/actor/lib/test/Sinewave.tcl (RunTclFile)" time="0.051" />
  <testcase classname="ptolemy.util.test.junit.TclTests" name="[31] /home/travis/build/icyphy/ptII/ptolemy/actor/lib/test/SubscriptionAggregator.tcl (RunTclFile)" time="2.298" />
  <testcase classname="ptolemy.util.test.junit.TclTests" name="[32] /home/travis/build/icyphy/ptII/ptolemy/actor/lib/test/Test.tcl (RunTclFile)" time="0.146" />
  <testcase classname="ptolemy.util.test.junit.TclTests" name="[33] /home/travis/build/icyphy/ptII/ptolemy/actor/lib/test/TestExceptionHandler.tcl (RunTclFile)" time="0.013" />
  <testcase classname="ptolemy.util.test.junit.TclTests" name="[34] /home/travis/build/icyphy/ptII/ptolemy/actor/lib/test/UnionDisassembler.tcl (RunTclFile)" time="0.074" />
  <testcase classname="ptolemy.util.test.junit.TclTests" name="[35] /home/travis/build/icyphy/ptII/ptolemy/actor/lib/test/VariableClock.tcl (RunTclFile)" time="0.027" />
  <testcase classname="ptolemy.util.test.junit.AutoKnownFailedTests" name="[0] /home/travis/build/icyphy/ptII/ptolemy/actor/lib/test/auto/knownFailedTests/PublisherPortToplevelSubscriber.xml (RunModel)" time="0.033" />
  <testcase classname="ptolemy.util.test.junit.AutoKnownFailedTests" name="[1] /home/travis/build/icyphy/ptII/ptolemy/actor/lib/test/auto/knownFailedTests/PublisherSubscriberPortToplevel.xml (RunModel)" time="0.021" />
  <testcase classname="ptolemy.util.test.junit.AutoKnownFailedTests" name="[2] /home/travis/build/icyphy/ptII/ptolemy/actor/lib/test/auto/knownFailedTests/PublisherSubscriptionAggregatorPort.xml (RunModel)" time="0.022" />
  <testcase classname="ptolemy.util.test.junit.AutoKnownFailedTests" name="[3] /home/travis/build/icyphy/ptII/ptolemy/actor/lib/test/auto/knownFailedTests/sizedarray3.xml (RunModel)" time="0.023" />
  <testcase classname="ptolemy.util.test.junit.AutoNameArchTests" name="[0] ThereAreNoAutoArchTests (RunModel)" time="0.007" />
  <testcase classname="ptolemy.util.test.junit.AutoTests" name="[0] /home/travis/build/icyphy/ptII/ptolemy/actor/lib/test/auto/AbsoluteValue.xml (RunModel)" time="0.123" />
  <testcase classname="ptolemy.util.test.junit.AutoTests" name="[1] /home/travis/build/icyphy/ptII/ptolemy/actor/lib/test/auto/AbsoluteValue2.xml (RunModel)" time="0.055" />
  <testcase classname="ptolemy.util.test.junit.AutoTests" name="[2] /home/travis/build/icyphy/ptII/ptolemy/actor/lib/test/auto/Accumulator.xml (RunModel)" time="0.045" />
  <testcase classname="ptolemy.util.test.junit.AutoTests" name="[3] /home/travis/build/icyphy/ptII/ptolemy/actor/lib/test/auto/Accumulator2.xml (RunModel)" time="0.065" />
  <testcase classname="ptolemy.util.test.junit.AutoTests" name="[4] /home/travis/build/icyphy/ptII/ptolemy/actor/lib/test/auto/Accumulator3.xml (RunModel)" time="0.041" />
  <testcase classname="ptolemy.util.test.junit.AutoTests" name="[5] /home/travis/build/icyphy/ptII/ptolemy/actor/lib/test/auto/ArrayAppend.xml (RunModel)" time="0.039" />
  <testcase classname="ptolemy.util.test.junit.AutoTests" name="[6] /home/travis/build/icyphy/ptII/ptolemy/actor/lib/test/auto/ArrayAppend2.xml (RunModel)" time="0.439" />
  <testcase classname="ptolemy.util.test.junit.AutoTests" name="[7] /home/travis/build/icyphy/ptII/ptolemy/actor/lib/test/auto/ArrayAppend3.xml (RunModel)" time="0.022" />
  <testcase classname="ptolemy.util.test.junit.AutoTests" name="[8] /home/travis/build/icyphy/ptII/ptolemy/actor/lib/test/auto/ArrayAppend4.xml (RunModel)" time="0.023" />
  <testcase classname="ptolemy.util.test.junit.AutoTests" name="[9] /home/travis/build/icyphy/ptII/ptolemy/actor/lib/test/auto/ArrayAppend5.xml (RunModel)" time="0.019" />
  <testcase classname="ptolemy.util.test.junit.AutoTests" name="[10] /home/travis/build/icyphy/ptII/ptolemy/actor/lib/test/auto/ArrayAppend6.xml (RunModel)" time="0.023" />
  <testcase classname="ptolemy.util.test.junit.AutoTests" name="[11] /home/travis/build/icyphy/ptII/ptolemy/actor/lib/test/auto/ArrayAppendPerformanceTest.xml (RunModel)" time="0.074" />
  <testcase classname="ptolemy.util.test.junit.AutoTests" name="[12] /home/travis/build/icyphy/ptII/ptolemy/actor/lib/test/auto/ArrayAppendWithEmptyInput.xml (RunModel)" time="0.043" />
  <testcase classname="ptolemy.util.test.junit.AutoTests" name="[13] /home/travis/build/icyphy/ptII/ptolemy/actor/lib/test/auto/ArrayAverage.xml (RunModel)" time="0.067" />
  <testcase classname="ptolemy.util.test.junit.AutoTests" name="[14] /home/travis/build/icyphy/ptII/ptolemy/actor/lib/test/auto/ArrayContains.xml (RunModel)" time="0.033" />
  <testcase classname="ptolemy.util.test.junit.AutoTests" name="[15] /home/travis/build/icyphy/ptII/ptolemy/actor/lib/test/auto/ArrayElement.xml (RunModel)" time="0.034" />
  <testcase classname="ptolemy.util.test.junit.AutoTests" name="[16] /home/travis/build/icyphy/ptII/ptolemy/actor/lib/test/auto/ArrayElementAsMatrix.xml (RunModel)" time="0.059" />
  <testcase classname="ptolemy.util.test.junit.AutoTests" name="[17] /home/travis/build/icyphy/ptII/ptolemy/actor/lib/test/auto/ArrayElementI.xml (RunModel)" time="0.033" />
  <testcase classname="ptolemy.util.test.junit.AutoTests" name="[18] /home/travis/build/icyphy/ptII/ptolemy/actor/lib/test/auto/ArrayExtract.xml (RunModel)" time="0.021" />
  <testcase classname="ptolemy.util.test.junit.AutoTests" name="[19] /home/travis/build/icyphy/ptII/ptolemy/actor/lib/test/auto/ArrayExtract2.xml (RunModel)" time="0.018" />
  <testcase classname="ptolemy.util.test.junit.AutoTests" name="[20] /home/travis/build/icyphy/ptII/ptolemy/actor/lib/test/auto/ArrayLength.xml (RunModel)" time="0.014" />
  <testcase classname="ptolemy.util.test.junit.AutoTests" name="[21] /home/travis/build/icyphy/ptII/ptolemy/actor/lib/test/auto/ArrayLevelCrossing.xml (RunModel)" time="0.027" />
  <testcase classname="ptolemy.util.test.junit.AutoTests" name="[22] /home/travis/build/icyphy/ptII/ptolemy/actor/lib/test/auto/ArrayLevelCrossing2.xml (RunModel)" time="0.055" />
  <testcase classname="ptolemy.util.test.junit.AutoTests" name="[23] /home/travis/build/icyphy/ptII/ptolemy/actor/lib/test/auto/ArrayPeakSearch.xml (RunModel)" time="0.037" />
  <testcase classname="ptolemy.util.test.junit.AutoTests" name="[24] /home/travis/build/icyphy/ptII/ptolemy/actor/lib/test/auto/ArrayPeakSearch2.xml (RunModel)" time="0.047" />
  <testcase classname="ptolemy.util.test.junit.AutoTests" name="[25] /home/travis/build/icyphy/ptII/ptolemy/actor/lib/test/auto/ArrayPeakSearch3.xml (RunModel)" time="0.035" />
  <testcase classname="ptolemy.util.test.junit.AutoTests" name="[26] /home/travis/build/icyphy/ptII/ptolemy/actor/lib/test/auto/ArrayRemoveElement.xml (RunModel)" time="0.028" />
  <testcase classname="ptolemy.util.test.junit.AutoTests" name="[27] /home/travis/build/icyphy/ptII/ptolemy/actor/lib/test/auto/ArraySort.xml (RunModel)" time="0.033" />
  <testcase classname="ptolemy.util.test.junit.AutoTests" name="[28] /home/travis/build/icyphy/ptII/ptolemy/actor/lib/test/auto/ArraySum.xml (RunModel)" time="0.019" />
  <testcase classname="ptolemy.util.test.junit.AutoTests" name="[29] /home/travis/build/icyphy/ptII/ptolemy/actor/lib/test/auto/ArrayToElements.xml (RunModel)" time="0.023" />
  <testcase classname="ptolemy.util.test.junit.AutoTests" name="[30] /home/travis/build/icyphy/ptII/ptolemy/actor/lib/test/auto/ArrayToMatrix.xml (RunModel)" time="0.049" />
  <testcase classname="ptolemy.util.test.junit.AutoTests" name="[31] /home/travis/build/icyphy/ptII/ptolemy/actor/lib/test/auto/ArrayUpdate1.xml (RunModel)" time="0.02" />
  <testcase classname="ptolemy.util.test.junit.AutoTests" name="[32] /home/travis/build/icyphy/ptII/ptolemy/actor/lib/test/auto/ArrayUpdate2.xml (RunModel)" time="0.023" />
  <testcase classname="ptolemy.util.test.junit.AutoTests" name="[33] /home/travis/build/icyphy/ptII/ptolemy/actor/lib/test/auto/ArrayUpdate3.xml (RunModel)" time="0.014" />
  <testcase classname="ptolemy.util.test.junit.AutoTests" name="[34] /home/travis/build/icyphy/ptII/ptolemy/actor/lib/test/auto/Assert1.xml (RunModel)" time="0.022" />
  <testcase classname="ptolemy.util.test.junit.AutoTests" name="[35] /home/travis/build/icyphy/ptII/ptolemy/actor/lib/test/auto/Assert2.xml (RunModel)" time="0.023" />
  <testcase classname="ptolemy.util.test.junit.AutoTests" name="[36] /home/travis/build/icyphy/ptII/ptolemy/actor/lib/test/auto/BooleanMultiplexor.xml (RunModel)" time="0.021" />
  <testcase classname="ptolemy.util.test.junit.AutoTests" name="[37] /home/travis/build/icyphy/ptII/ptolemy/actor/lib/test/auto/BooleanMultiplexor2.xml (RunModel)" time="0.022" />
  <testcase classname="ptolemy.util.test.junit.AutoTests" name="[38] /home/travis/build/icyphy/ptII/ptolemy/actor/lib/test/auto/BooleanMultiplexor3.xml (RunModel)" time="0.023" />
  <testcase classname="ptolemy.util.test.junit.AutoTests" name="[39] /home/travis/build/icyphy/ptII/ptolemy/actor/lib/test/auto/BooleanSelect.xml (RunModel)" time="0.021" />
  <testcase classname="ptolemy.util.test.junit.AutoTests" name="[40] /home/travis/build/icyphy/ptII/ptolemy/actor/lib/test/auto/BooleanSelect2.xml (RunModel)" time="0.015" />
  <testcase classname="ptolemy.util.test.junit.AutoTests" name="[41] /home/travis/build/icyphy/ptII/ptolemy/actor/lib/test/auto/BooleanSwitch.xml (RunModel)" time="0.031" />
  <testcase classname="ptolemy.util.test.junit.AutoTests" name="[42] /home/travis/build/icyphy/ptII/ptolemy/actor/lib/test/auto/BooleanSwitch2.xml (RunModel)" time="0.015" />
  <testcase classname="ptolemy.util.test.junit.AutoTests" name="[43] /home/travis/build/icyphy/ptII/ptolemy/actor/lib/test/auto/BooleanSwitchCloningBugWithClassRelationGroup.xml (RunModel)" time="0.039" />
  <testcase classname="ptolemy.util.test.junit.AutoTests" name="[44] /home/travis/build/icyphy/ptII/ptolemy/actor/lib/test/auto/BusActors.xml (RunModel)" time="0.049" />
  <testcase classname="ptolemy.util.test.junit.AutoTests" name="[45] /home/travis/build/icyphy/ptII/ptolemy/actor/lib/test/auto/ClassWrapper.xml (RunModel)" time="0.019" />
  <testcase classname="ptolemy.util.test.junit.AutoTests" name="[46] /home/travis/build/icyphy/ptII/ptolemy/actor/lib/test/auto/Clock.xml (RunModel)" time="0.064" />
  <testcase classname="ptolemy.util.test.junit.AutoTests" name="[47] /home/travis/build/icyphy/ptII/ptolemy/actor/lib/test/auto/Clock10.xml (RunModel)" time="0.024" />
  <testcase classname="ptolemy.util.test.junit.AutoTests" name="[48] /home/travis/build/icyphy/ptII/ptolemy/actor/lib/test/auto/Clock11.xml (RunModel)" time="0.02" />
  <testcase classname="ptolemy.util.test.junit.AutoTests" name="[49] /home/travis/build/icyphy/ptII/ptolemy/actor/lib/test/auto/Clock12.xml (RunModel)" time="0.026" />
  <testcase classname="ptolemy.util.test.junit.AutoTests" name="[50] /home/travis/build/icyphy/ptII/ptolemy/actor/lib/test/auto/Clock13.xml (RunModel)" time="0.019" />
  <testcase classname="ptolemy.util.test.junit.AutoTests" name="[51] /home/travis/build/icyphy/ptII/ptolemy/actor/lib/test/auto/Clock14.xml (RunModel)" time="0.021" />
  <testcase classname="ptolemy.util.test.junit.AutoTests" name="[52] /home/travis/build/icyphy/ptII/ptolemy/actor/lib/test/auto/Clock15.xml (RunModel)" time="0.015" />
  <testcase classname="ptolemy.util.test.junit.AutoTests" name="[53] /home/travis/build/icyphy/ptII/ptolemy/actor/lib/test/auto/Clock16.xml (RunModel)" time="0.122" />
  <testcase classname="ptolemy.util.test.junit.AutoTests" name="[54] /home/travis/build/icyphy/ptII/ptolemy/actor/lib/test/auto/Clock17.xml (RunModel)" time="0.066" />
  <testcase classname="ptolemy.util.test.junit.AutoTests" name="[55] /home/travis/build/icyphy/ptII/ptolemy/actor/lib/test/auto/Clock18.xml (RunModel)" time="0.064" />
  <testcase classname="ptolemy.util.test.junit.AutoTests" name="[56] /home/travis/build/icyphy/ptII/ptolemy/actor/lib/test/auto/Clock19.xml (RunModel)" time="0.05" />
  <testcase classname="ptolemy.util.test.junit.AutoTests" name="[57] /home/travis/build/icyphy/ptII/ptolemy/actor/lib/test/auto/Clock2.xml (RunModel)" time="0.016" />
  <testcase classname="ptolemy.util.test.junit.AutoTests" name="[58] /home/travis/build/icyphy/ptII/ptolemy/actor/lib/test/auto/Clock20.xml (RunModel)" time="0.024" />
  <testcase classname="ptolemy.util.test.junit.AutoTests" name="[59] /home/travis/build/icyphy/ptII/ptolemy/actor/lib/test/auto/Clock21.xml (RunModel)" time="0.016" />
  <testcase classname="ptolemy.util.test.junit.AutoTests" name="[60] /home/travis/build/icyphy/ptII/ptolemy/actor/lib/test/auto/Clock22.xml (RunModel)" time="0.021" />
  <testcase classname="ptolemy.util.test.junit.AutoTests" name="[61] /home/travis/build/icyphy/ptII/ptolemy/actor/lib/test/auto/Clock23.xml (RunModel)" time="0.017" />
  <testcase classname="ptolemy.util.test.junit.AutoTests" name="[62] /home/travis/build/icyphy/ptII/ptolemy/actor/lib/test/auto/Clock24.xml (RunModel)" time="0.013" />
  <testcase classname="ptolemy.util.test.junit.AutoTests" name="[63] /home/travis/build/icyphy/ptII/ptolemy/actor/lib/test/auto/Clock4.xml (RunModel)" time="0.013" />
  <testcase classname="ptolemy.util.test.junit.AutoTests" name="[64] /home/travis/build/icyphy/ptII/ptolemy/actor/lib/test/auto/Clock5.xml (RunModel)" time="0.013" />
  <testcase classname="ptolemy.util.test.junit.AutoTests" name="[65] /home/travis/build/icyphy/ptII/ptolemy/actor/lib/test/auto/Clock6.xml (RunModel)" time="0.009" />
  <testcase classname="ptolemy.util.test.junit.AutoTests" name="[66] /home/travis/build/icyphy/ptII/ptolemy/actor/lib/test/auto/Clock7.xml (RunModel)" time="0.01" />
  <testcase classname="ptolemy.util.test.junit.AutoTests" name="[67] /home/travis/build/icyphy/ptII/ptolemy/actor/lib/test/auto/Clock8.xml (RunModel)" time="0.015" />
  <testcase classname="ptolemy.util.test.junit.AutoTests" name="[68] /home/travis/build/icyphy/ptII/ptolemy/actor/lib/test/auto/Clock9.xml (RunModel)" time="0.019" />
  <testcase classname="ptolemy.util.test.junit.AutoTests" name="[69] /home/travis/build/icyphy/ptII/ptolemy/actor/lib/test/auto/CommDistDiscard.xml (RunModel)" time="0.025" />
  <testcase classname="ptolemy.util.test.junit.AutoTests" name="[70] /home/travis/build/icyphy/ptII/ptolemy/actor/lib/test/auto/Commutator.xml (RunModel)" time="0.015" />
  <testcase classname="ptolemy.util.test.junit.AutoTests" name="[71] /home/travis/build/icyphy/ptII/ptolemy/actor/lib/test/auto/Commutator2.xml (RunModel)" time="0.011" />
  <testcase classname="ptolemy.util.test.junit.AutoTests" name="[72] /home/travis/build/icyphy/ptII/ptolemy/actor/lib/test/auto/Commutator3.xml (RunModel)" time="0.014" />
  <testcase classname="ptolemy.util.test.junit.AutoTests" name="[73] /home/travis/build/icyphy/ptII/ptolemy/actor/lib/test/auto/Compare.xml (RunModel)" time="0.023" />
  <testcase classname="ptolemy.util.test.junit.AutoTests" name="[74] /home/travis/build/icyphy/ptII/ptolemy/actor/lib/test/auto/CompareDE.xml (RunModel)" time="0.023" />
  <testcase classname="ptolemy.util.test.junit.AutoTests" name="[75] /home/travis/build/icyphy/ptII/ptolemy/actor/lib/test/auto/ComplexDivide.xml (RunModel)" time="0.01" />
  <testcase classname="ptolemy.util.test.junit.AutoTests" name="[76] /home/travis/build/icyphy/ptII/ptolemy/actor/lib/test/auto/ComputeHistogram.xml (RunModel)" time="0.081" />
  <testcase classname="ptolemy.util.test.junit.AutoTests" name="[77] /home/travis/build/icyphy/ptII/ptolemy/actor/lib/test/auto/ConfigurationSelect.xml (RunModel)" time="0.025" />
  <testcase classname="ptolemy.util.test.junit.AutoTests" name="[78] /home/travis/build/icyphy/ptII/ptolemy/actor/lib/test/auto/ConfigurationSelect2.xml (RunModel)" time="0.011" />
  <testcase classname="ptolemy.util.test.junit.AutoTests" name="[79] /home/travis/build/icyphy/ptII/ptolemy/actor/lib/test/auto/ConfigurationSwitch.xml (RunModel)" time="0.029" />
  <testcase classname="ptolemy.util.test.junit.AutoTests" name="[80] /home/travis/build/icyphy/ptII/ptolemy/actor/lib/test/auto/ConfigurationSwitch2.xml (RunModel)" time="0.028" />
  <testcase classname="ptolemy.util.test.junit.AutoTests" name="[81] /home/travis/build/icyphy/ptII/ptolemy/actor/lib/test/auto/ConfigurationSwitchCloningBugWithClassRelationGroup.xml (RunModel)" time="0.021" />
  <testcase classname="ptolemy.util.test.junit.AutoTests" name="[82] /home/travis/build/icyphy/ptII/ptolemy/actor/lib/test/auto/ConfigurationSwitchSelectSDF.xml (RunModel)" time="0.046" />
  <testcase classname="ptolemy.util.test.junit.AutoTests" name="[83] /home/travis/build/icyphy/ptII/ptolemy/actor/lib/test/auto/ConfigurationSwitchSelectSDF2.xml (RunModel)" time="0.013" />
  <testcase classname="ptolemy.util.test.junit.AutoTests" name="[84] /home/travis/build/icyphy/ptII/ptolemy/actor/lib/test/auto/Const.xml (RunModel)" time="0.007" />
  <testcase classname="ptolemy.util.test.junit.AutoTests" name="[85] /home/travis/build/icyphy/ptII/ptolemy/actor/lib/test/auto/Const2.xml (RunModel)" time="0.009" />
  <testcase classname="ptolemy.util.test.junit.AutoTests" name="[86] /home/travis/build/icyphy/ptII/ptolemy/actor/lib/test/auto/Const3.xml (RunModel)" time="0.006" />
  <testcase classname="ptolemy.util.test.junit.AutoTests" name="[87] /home/travis/build/icyphy/ptII/ptolemy/actor/lib/test/auto/ConstantPublisherPort1.xml (RunModel)" time="0.03" />
  <testcase classname="ptolemy.util.test.junit.AutoTests" name="[88] /home/travis/build/icyphy/ptII/ptolemy/actor/lib/test/auto/ConstantPublisherPort2.xml (RunModel)" time="0.023" />
  <testcase classname="ptolemy.util.test.junit.AutoTests" name="[89] /home/travis/build/icyphy/ptII/ptolemy/actor/lib/test/auto/ConstantPublisherPort3.xml (RunModel)" time="0.024" />
  <testcase classname="ptolemy.util.test.junit.AutoTests" name="[90] /home/travis/build/icyphy/ptII/ptolemy/actor/lib/test/auto/ConstantPublisherPort4.xml (RunModel)" time="0.016" />
  <testcase classname="ptolemy.util.test.junit.AutoTests" name="[91] /home/travis/build/icyphy/ptII/ptolemy/actor/lib/test/auto/ConstantPublisherPort5.xml (RunModel)" time="0.039" />
  <testcase classname="ptolemy.util.test.junit.AutoTests" name="[92] /home/travis/build/icyphy/ptII/ptolemy/actor/lib/test/auto/ConstantPublisherPort6.xml (RunModel)" time="0.025" />
  <testcase classname="ptolemy.util.test.junit.AutoTests" name="[93] /home/travis/build/icyphy/ptII/ptolemy/actor/lib/test/auto/ConstantPublisherPort7.xml (RunModel)" time="0.033" />
  <testcase classname="ptolemy.util.test.junit.AutoTests" name="[94] /home/travis/build/icyphy/ptII/ptolemy/actor/lib/test/auto/ConstraintMonitor1.xml (RunModel)" time="0.036" />
  <testcase classname="ptolemy.util.test.junit.AutoTests" name="[95] /home/travis/build/icyphy/ptII/ptolemy/actor/lib/test/auto/ConstraintMonitor2.xml (RunModel)" time="0.015" />
  <testcase classname="ptolemy.util.test.junit.AutoTests" name="[96] /home/travis/build/icyphy/ptII/ptolemy/actor/lib/test/auto/ConstraintMonitor3.xml (RunModel)" time="0.012" />
  <testcase classname="ptolemy.util.test.junit.AutoTests" name="[97] /home/travis/build/icyphy/ptII/ptolemy/actor/lib/test/auto/ConstraintMonitor4.xml (RunModel)" time="0.014" />
  <testcase classname="ptolemy.util.test.junit.AutoTests" name="[98] /home/travis/build/icyphy/ptII/ptolemy/actor/lib/test/auto/ConstraintMonitor5.xml (RunModel)" time="0.012" />
  <testcase classname="ptolemy.util.test.junit.AutoTests" name="[99] /home/travis/build/icyphy/ptII/ptolemy/actor/lib/test/auto/ConstraintMonitor6.xml (RunModel)" time="0.016" />
  <testcase classname="ptolemy.util.test.junit.AutoTests" name="[100] /home/travis/build/icyphy/ptII/ptolemy/actor/lib/test/auto/ConstraintMonitor7.xml (RunModel)" time="0.018" />
  <testcase classname="ptolemy.util.test.junit.AutoTests" name="[101] /home/travis/build/icyphy/ptII/ptolemy/actor/lib/test/auto/ConstraintMonitor8.xml (RunModel)" time="0.019" />
  <testcase classname="ptolemy.util.test.junit.AutoTests" name="[102] /home/travis/build/icyphy/ptII/ptolemy/actor/lib/test/auto/Counter.xml (RunModel)" time="0.015" />
  <testcase classname="ptolemy.util.test.junit.AutoTests" name="[103] /home/travis/build/icyphy/ptII/ptolemy/actor/lib/test/auto/CurrentTimeSDF.xml (RunModel)" time="0.009" />
  <testcase classname="ptolemy.util.test.junit.AutoTests" name="[104] /home/travis/build/icyphy/ptII/ptolemy/actor/lib/test/auto/DB.xml (RunModel)" time="0.013" />
  <testcase classname="ptolemy.util.test.junit.AutoTests" name="[105] /home/travis/build/icyphy/ptII/ptolemy/actor/lib/test/auto/DBDE.xml (RunModel)" time="0.014" />
  <testcase classname="ptolemy.util.test.junit.AutoTests" name="[106] /home/travis/build/icyphy/ptII/ptolemy/actor/lib/test/auto/DateConstructor.xml (RunModel)" time="0.079" />
  <testcase classname="ptolemy.util.test.junit.AutoTests" name="[107] /home/travis/build/icyphy/ptII/ptolemy/actor/lib/test/auto/DelayTime.xml (RunModel)" time="0.018" />
  <testcase classname="ptolemy.util.test.junit.AutoTests" name="[108] /home/travis/build/icyphy/ptII/ptolemy/actor/lib/test/auto/Dictionary1.xml (RunModel)" time="0.019" />
  <testcase classname="ptolemy.util.test.junit.AutoTests" name="[109] /home/travis/build/icyphy/ptII/ptolemy/actor/lib/test/auto/Dictionary2.xml (RunModel)" time="0.022" />
  <testcase classname="ptolemy.util.test.junit.AutoTests" name="[110] /home/travis/build/icyphy/ptII/ptolemy/actor/lib/test/auto/Dictionary3.xml (RunModel)" time="0.015" />
  <testcase classname="ptolemy.util.test.junit.AutoTests" name="[111] /home/travis/build/icyphy/ptII/ptolemy/actor/lib/test/auto/Dictionary4.xml (RunModel)" time="0.025" />
  <testcase classname="ptolemy.util.test.junit.AutoTests" name="[112] /home/travis/build/icyphy/ptII/ptolemy/actor/lib/test/auto/Differential.xml (RunModel)" time="0.013" />
  <testcase classname="ptolemy.util.test.junit.AutoTests" name="[113] /home/travis/build/icyphy/ptII/ptolemy/actor/lib/test/auto/Director.xml (RunModel)" time="0.01" />
  <testcase classname="ptolemy.util.test.junit.AutoTests" name="[114] /home/travis/build/icyphy/ptII/ptolemy/actor/lib/test/auto/DiscreteClock.xml (RunModel)" time="0.012" />
  <testcase classname="ptolemy.util.test.junit.AutoTests" name="[115] /home/travis/build/icyphy/ptII/ptolemy/actor/lib/test/auto/DiscreteClock10.xml (RunModel)" time="0.014" />
  <testcase classname="ptolemy.util.test.junit.AutoTests" name="[116] /home/travis/build/icyphy/ptII/ptolemy/actor/lib/test/auto/DiscreteClock11.xml (RunModel)" time="0.012" />
  <testcase classname="ptolemy.util.test.junit.AutoTests" name="[117] /home/travis/build/icyphy/ptII/ptolemy/actor/lib/test/auto/DiscreteClock12.xml (RunModel)" time="0.015" />
  <testcase classname="ptolemy.util.test.junit.AutoTests" name="[118] /home/travis/build/icyphy/ptII/ptolemy/actor/lib/test/auto/DiscreteClock13.xml (RunModel)" time="0.018" />
  <testcase classname="ptolemy.util.test.junit.AutoTests" name="[119] /home/travis/build/icyphy/ptII/ptolemy/actor/lib/test/auto/DiscreteClock14.xml (RunModel)" time="0.018" />
  <testcase classname="ptolemy.util.test.junit.AutoTests" name="[120] /home/travis/build/icyphy/ptII/ptolemy/actor/lib/test/auto/DiscreteClock15.xml (RunModel)" time="0.017" />
  <testcase classname="ptolemy.util.test.junit.AutoTests" name="[121] /home/travis/build/icyphy/ptII/ptolemy/actor/lib/test/auto/DiscreteClock16.xml (RunModel)" time="0.054" />
  <testcase classname="ptolemy.util.test.junit.AutoTests" name="[122] /home/travis/build/icyphy/ptII/ptolemy/actor/lib/test/auto/DiscreteClock17.xml (RunModel)" time="0.044" />
  <testcase classname="ptolemy.util.test.junit.AutoTests" name="[123] /home/travis/build/icyphy/ptII/ptolemy/actor/lib/test/auto/DiscreteClock18.xml (RunModel)" time="0.047" />
  <testcase classname="ptolemy.util.test.junit.AutoTests" name="[124] /home/travis/build/icyphy/ptII/ptolemy/actor/lib/test/auto/DiscreteClock19.xml (RunModel)" time="0.08" />
  <testcase classname="ptolemy.util.test.junit.AutoTests" name="[125] /home/travis/build/icyphy/ptII/ptolemy/actor/lib/test/auto/DiscreteClock2.xml (RunModel)" time="0.022" />
  <testcase classname="ptolemy.util.test.junit.AutoTests" name="[126] /home/travis/build/icyphy/ptII/ptolemy/actor/lib/test/auto/DiscreteClock20.xml (RunModel)" time="0.017" />
  <testcase classname="ptolemy.util.test.junit.AutoTests" name="[127] /home/travis/build/icyphy/ptII/ptolemy/actor/lib/test/auto/DiscreteClock21.xml (RunModel)" time="0.019" />
  <testcase classname="ptolemy.util.test.junit.AutoTests" name="[128] /home/travis/build/icyphy/ptII/ptolemy/actor/lib/test/auto/DiscreteClock22.xml (RunModel)" time="0.016" />
  <testcase classname="ptolemy.util.test.junit.AutoTests" name="[129] /home/travis/build/icyphy/ptII/ptolemy/actor/lib/test/auto/DiscreteClock23.xml (RunModel)" time="0.022" />
  <testcase classname="ptolemy.util.test.junit.AutoTests" name="[130] /home/travis/build/icyphy/ptII/ptolemy/actor/lib/test/auto/DiscreteClock24.xml (RunModel)" time="0.014" />
  <testcase classname="ptolemy.util.test.junit.AutoTests" name="[131] /home/travis/build/icyphy/ptII/ptolemy/actor/lib/test/auto/DiscreteClock4.xml (RunModel)" time="0.012" />
  <testcase classname="ptolemy.util.test.junit.AutoTests" name="[132] /home/travis/build/icyphy/ptII/ptolemy/actor/lib/test/auto/DiscreteClock5.xml (RunModel)" time="0.012" />
  <testcase classname="ptolemy.util.test.junit.AutoTests" name="[133] /home/travis/build/icyphy/ptII/ptolemy/actor/lib/test/auto/DiscreteClock6.xml (RunModel)" time="0.011" />
  <testcase classname="ptolemy.util.test.junit.AutoTests" name="[134] /home/travis/build/icyphy/ptII/ptolemy/actor/lib/test/auto/DiscreteClock7.xml (RunModel)" time="0.011" />
  <testcase classname="ptolemy.util.test.junit.AutoTests" name="[135] /home/travis/build/icyphy/ptII/ptolemy/actor/lib/test/auto/DiscreteClock8.xml (RunModel)" time="0.024" />
  <testcase classname="ptolemy.util.test.junit.AutoTests" name="[136] /home/travis/build/icyphy/ptII/ptolemy/actor/lib/test/auto/DiscreteClock9.xml (RunModel)" time="0.014" />
  <testcase classname="ptolemy.util.test.junit.AutoTests" name="[137] /home/travis/build/icyphy/ptII/ptolemy/actor/lib/test/auto/DisplayArray.xml (RunModel)" time="0.008" />
  <testcase classname="ptolemy.util.test.junit.AutoTests" name="[138] /home/travis/build/icyphy/ptII/ptolemy/actor/lib/test/auto/Distributor.xml (RunModel)" time="0.009" />
  <testcase classname="ptolemy.util.test.junit.AutoTests" name="[139] /home/travis/build/icyphy/ptII/ptolemy/actor/lib/test/auto/Distributor2.xml (RunModel)" time="0.01" />
  <testcase classname="ptolemy.util.test.junit.AutoTests" name="[140] /home/travis/build/icyphy/ptII/ptolemy/actor/lib/test/auto/DownSample.xml (RunModel)" time="0.009" />
  <testcase classname="ptolemy.util.test.junit.AutoTests" name="[141] /home/travis/build/icyphy/ptII/ptolemy/actor/lib/test/auto/ElectronicUnitBase1.xml (RunModel)" time="0.064" />
  <testcase classname="ptolemy.util.test.junit.AutoTests" name="[142] /home/travis/build/icyphy/ptII/ptolemy/actor/lib/test/auto/ElementsToArray.xml (RunModel)" time="0.011" />
  <testcase classname="ptolemy.util.test.junit.AutoTests" name="[143] /home/travis/build/icyphy/ptII/ptolemy/actor/lib/test/auto/Equals.xml (RunModel)" time="0.015" />
  <testcase classname="ptolemy.util.test.junit.AutoTests" name="[144] /home/travis/build/icyphy/ptII/ptolemy/actor/lib/test/auto/Exec.xml (RunModel)" time="0.031" />
  <testcase classname="ptolemy.util.test.junit.AutoTests" name="[145] /home/travis/build/icyphy/ptII/ptolemy/actor/lib/test/auto/ExecEnvironment.xml (RunModel)" time="0.047" />
  <testcase classname="ptolemy.util.test.junit.AutoTests" name="[146] /home/travis/build/icyphy/ptII/ptolemy/actor/lib/test/auto/ExecNonZeroReturnOutput.xml (RunModel)" time="0.216" />
  <testcase classname="ptolemy.util.test.junit.AutoTests" name="[147] /home/travis/build/icyphy/ptII/ptolemy/actor/lib/test/auto/ExecRunDemos.xml (RunModel)" time="11.43" />
  <testcase classname="ptolemy.util.test.junit.AutoTests" name="[148] /home/travis/build/icyphy/ptII/ptolemy/actor/lib/test/auto/ExecStop.xml (RunModel)" time="5.04" />
  <testcase classname="ptolemy.util.test.junit.AutoTests" name="[149] /home/travis/build/icyphy/ptII/ptolemy/actor/lib/test/auto/ExecutionTimeSDF.xml (RunModel)" time="6.064">
    <error type="java.lang.reflect.InvocationTargetException">java.lang.reflect.InvocationTargetException
	at jdk.internal.reflect.GeneratedConstructorAccessor36.newInstance(Unknown Source)
	at java.base/jdk.internal.reflect.DelegatingConstructorAccessorImpl.newInstance(DelegatingConstructorAccessorImpl.java:45)
	at java.base/java.lang.reflect.Constructor.newInstance(Constructor.java:490)
	at ptolemy.util.test.junit.AutoTests.RunModel(AutoTests.java:193)
	at jdk.internal.reflect.GeneratedMethodAccessor43.invoke(Unknown Source)
	at java.base/jdk.internal.reflect.DelegatingMethodAccessorImpl.invoke(DelegatingMethodAccessorImpl.java:43)
	at junitparams.internal.InvokeParameterisedMethod.evaluate(InvokeParameterisedMethod.java:102)
Caused by: ptolemy.kernel.util.IllegalActionException: Test fails in iteration 0.
Value was: 6001L. Should have been: 6000L
  in .ExecutionTimeSDF.NonStrictTest
	at ptolemy.actor.lib.NonStrictTest.postfire(NonStrictTest.java:328)
	at ptolemy.actor.AtomicActor.iterate(AtomicActor.java:518)
	at ptolemy.actor.sched.StaticSchedulingDirector.fire(StaticSchedulingDirector.java:216)
	at ptolemy.domains.sdf.kernel.SDFDirector.fire(SDFDirector.java:500)
	at ptolemy.actor.CompositeActor.fire(CompositeActor.java:455)
	at ptolemy.actor.Manager.iterate(Manager.java:851)
	at ptolemy.actor.Manager.execute(Manager.java:369)
	at ptolemy.actor.Manager.run(Manager.java:1263)
	at ptolemy.actor.Manager$PtolemyRunThread.run(Manager.java:1933)
</error>
  </testcase>
  <testcase classname="ptolemy.util.test.junit.AutoTests" name="[150] /home/travis/build/icyphy/ptII/ptolemy/actor/lib/test/auto/Expression1.xml (RunModel)" time="0.014" />
  <testcase classname="ptolemy.util.test.junit.AutoTests" name="[151] /home/travis/build/icyphy/ptII/ptolemy/actor/lib/test/auto/Expression10.xml (RunModel)" time="0.02" />
  <testcase classname="ptolemy.util.test.junit.AutoTests" name="[152] /home/travis/build/icyphy/ptII/ptolemy/actor/lib/test/auto/Expression11.xml (RunModel)" time="0.013" />
  <testcase classname="ptolemy.util.test.junit.AutoTests" name="[153] /home/travis/build/icyphy/ptII/ptolemy/actor/lib/test/auto/Expression12.xml (RunModel)" time="0.016" />
  <testcase classname="ptolemy.util.test.junit.AutoTests" name="[154] /home/travis/build/icyphy/ptII/ptolemy/actor/lib/test/auto/Expression13.xml (RunModel)" time="0.02" />
  <testcase classname="ptolemy.util.test.junit.AutoTests" name="[155] /home/travis/build/icyphy/ptII/ptolemy/actor/lib/test/auto/Expression14.xml (RunModel)" time="0.025" />
  <testcase classname="ptolemy.util.test.junit.AutoTests" name="[156] /home/travis/build/icyphy/ptII/ptolemy/actor/lib/test/auto/Expression15.xml (RunModel)" time="0.019" />
  <testcase classname="ptolemy.util.test.junit.AutoTests" name="[157] /home/travis/build/icyphy/ptII/ptolemy/actor/lib/test/auto/Expression16.xml (RunModel)" time="0.019" />
  <testcase classname="ptolemy.util.test.junit.AutoTests" name="[158] /home/travis/build/icyphy/ptII/ptolemy/actor/lib/test/auto/Expression17.xml (RunModel)" time="0.017" />
  <testcase classname="ptolemy.util.test.junit.AutoTests" name="[159] /home/travis/build/icyphy/ptII/ptolemy/actor/lib/test/auto/Expression18.xml (RunModel)" time="0.024" />
  <testcase classname="ptolemy.util.test.junit.AutoTests" name="[160] /home/travis/build/icyphy/ptII/ptolemy/actor/lib/test/auto/Expression2.xml (RunModel)" time="0.019" />
  <testcase classname="ptolemy.util.test.junit.AutoTests" name="[161] /home/travis/build/icyphy/ptII/ptolemy/actor/lib/test/auto/Expression3.xml (RunModel)" time="0.019" />
  <testcase classname="ptolemy.util.test.junit.AutoTests" name="[162] /home/travis/build/icyphy/ptII/ptolemy/actor/lib/test/auto/Expression4.xml (RunModel)" time="0.023" />
  <testcase classname="ptolemy.util.test.junit.AutoTests" name="[163] /home/travis/build/icyphy/ptII/ptolemy/actor/lib/test/auto/Expression5.xml (RunModel)" time="0.014" />
  <testcase classname="ptolemy.util.test.junit.AutoTests" name="[164] /home/travis/build/icyphy/ptII/ptolemy/actor/lib/test/auto/Expression6.xml (RunModel)" time="0.014" />
  <testcase classname="ptolemy.util.test.junit.AutoTests" name="[165] /home/travis/build/icyphy/ptII/ptolemy/actor/lib/test/auto/Expression7.xml (RunModel)" time="0.015" />
  <testcase classname="ptolemy.util.test.junit.AutoTests" name="[166] /home/travis/build/icyphy/ptII/ptolemy/actor/lib/test/auto/Expression8.xml (RunModel)" time="0.02" />
  <testcase classname="ptolemy.util.test.junit.AutoTests" name="[167] /home/travis/build/icyphy/ptII/ptolemy/actor/lib/test/auto/Expression9.xml (RunModel)" time="0.01" />
  <testcase classname="ptolemy.util.test.junit.AutoTests" name="[168] /home/travis/build/icyphy/ptII/ptolemy/actor/lib/test/auto/ExpressionConcatenateArrayType.xml (RunModel)" time="0.026" />
  <testcase classname="ptolemy.util.test.junit.AutoTests" name="[169] /home/travis/build/icyphy/ptII/ptolemy/actor/lib/test/auto/ExpressionConcatenateArrayType2.xml (RunModel)" time="0.022" />
  <testcase classname="ptolemy.util.test.junit.AutoTests" name="[170] /home/travis/build/icyphy/ptII/ptolemy/actor/lib/test/auto/ExpressionFix.xml (RunModel)" time="0.046" />
  <testcase classname="ptolemy.util.test.junit.AutoTests" name="[171] /home/travis/build/icyphy/ptII/ptolemy/actor/lib/test/auto/ExpressionFix2.xml (RunModel)" time="0.013" />
  <testcase classname="ptolemy.util.test.junit.AutoTests" name="[172] /home/travis/build/icyphy/ptII/ptolemy/actor/lib/test/auto/ExpressionFix3.xml (RunModel)" time="0.012" />
  <testcase classname="ptolemy.util.test.junit.AutoTests" name="[173] /home/travis/build/icyphy/ptII/ptolemy/actor/lib/test/auto/FileWriter1.xml (RunModel)" time="0.01" />
  <testcase classname="ptolemy.util.test.junit.AutoTests" name="[174] /home/travis/build/icyphy/ptII/ptolemy/actor/lib/test/auto/FileWriter2.xml (RunModel)" time="0.012" />
  <testcase classname="ptolemy.util.test.junit.AutoTests" name="[175] /home/travis/build/icyphy/ptII/ptolemy/actor/lib/test/auto/FileWriter3.xml (RunModel)" time="0.017" />
  <testcase classname="ptolemy.util.test.junit.AutoTests" name="[176] /home/travis/build/icyphy/ptII/ptolemy/actor/lib/test/auto/Gaussian.xml (RunModel)" time="0.015" />
  <testcase classname="ptolemy.util.test.junit.AutoTests" name="[177] /home/travis/build/icyphy/ptII/ptolemy/actor/lib/test/auto/Gaussian1.xml (RunModel)" time="0.024" />
  <testcase classname="ptolemy.util.test.junit.AutoTests" name="[178] /home/travis/build/icyphy/ptII/ptolemy/actor/lib/test/auto/Gaussian2.xml (RunModel)" time="0.019" />
  <testcase classname="ptolemy.util.test.junit.AutoTests" name="[179] /home/travis/build/icyphy/ptII/ptolemy/actor/lib/test/auto/GradientAdaptiveLattice.xml (RunModel)" time="0.019" />
  <testcase classname="ptolemy.util.test.junit.AutoTests" name="[180] /home/travis/build/icyphy/ptII/ptolemy/actor/lib/test/auto/IIR.xml (RunModel)" time="0.01" />
  <testcase classname="ptolemy.util.test.junit.AutoTests" name="[181] /home/travis/build/icyphy/ptII/ptolemy/actor/lib/test/auto/InputOutputTransparentPorts.xml (RunModel)" time="0.018" />
  <testcase classname="ptolemy.util.test.junit.AutoTests" name="[182] /home/travis/build/icyphy/ptII/ptolemy/actor/lib/test/auto/Interpolator.xml (RunModel)" time="0.014" />
  <testcase classname="ptolemy.util.test.junit.AutoTests" name="[183] /home/travis/build/icyphy/ptII/ptolemy/actor/lib/test/auto/InterpolatorFiringLimitDE.xml (RunModel)" time="0.013" />
  <testcase classname="ptolemy.util.test.junit.AutoTests" name="[184] /home/travis/build/icyphy/ptII/ptolemy/actor/lib/test/auto/Lattice.xml (RunModel)" time="0.009" />
  <testcase classname="ptolemy.util.test.junit.AutoTests" name="[185] /home/travis/build/icyphy/ptII/ptolemy/actor/lib/test/auto/LazyAOCTestLazy.xml (RunModel)" time="0.021" />
  <testcase classname="ptolemy.util.test.junit.AutoTests" name="[186] /home/travis/build/icyphy/ptII/ptolemy/actor/lib/test/auto/LazyAOCTestNonLazy.xml (RunModel)" time="0.048" />
  <testcase classname="ptolemy.util.test.junit.AutoTests" name="[187] /home/travis/build/icyphy/ptII/ptolemy/actor/lib/test/auto/LazyInnerClass.xml (RunModel)" time="0.04" />
  <testcase classname="ptolemy.util.test.junit.AutoTests" name="[188] /home/travis/build/icyphy/ptII/ptolemy/actor/lib/test/auto/LazyPubSub.xml (RunModel)" time="0.056" />
  <testcase classname="ptolemy.util.test.junit.AutoTests" name="[189] /home/travis/build/icyphy/ptII/ptolemy/actor/lib/test/auto/LazyPubSub2.xml (RunModel)" time="0.051" />
  <testcase classname="ptolemy.util.test.junit.AutoTests" name="[190] /home/travis/build/icyphy/ptII/ptolemy/actor/lib/test/auto/LazyPubSub3.xml (RunModel)" time="0.024" />
  <testcase classname="ptolemy.util.test.junit.AutoTests" name="[191] /home/travis/build/icyphy/ptII/ptolemy/actor/lib/test/auto/LazySubClassModel.xml (RunModel)" time="0.019" />
  <testcase classname="ptolemy.util.test.junit.AutoTests" name="[192] /home/travis/build/icyphy/ptII/ptolemy/actor/lib/test/auto/LevelCrossTest1.xml (RunModel)" time="0.009" />
  <testcase classname="ptolemy.util.test.junit.AutoTests" name="[193] /home/travis/build/icyphy/ptII/ptolemy/actor/lib/test/auto/LevelCrossTest10.xml (RunModel)" time="0.014" />
  <testcase classname="ptolemy.util.test.junit.AutoTests" name="[194] /home/travis/build/icyphy/ptII/ptolemy/actor/lib/test/auto/LevelCrossTest11.xml (RunModel)" time="0.017" />
  <testcase classname="ptolemy.util.test.junit.AutoTests" name="[195] /home/travis/build/icyphy/ptII/ptolemy/actor/lib/test/auto/LevelCrossTest12.xml (RunModel)" time="0.017" />
  <testcase classname="ptolemy.util.test.junit.AutoTests" name="[196] /home/travis/build/icyphy/ptII/ptolemy/actor/lib/test/auto/LevelCrossTest13.xml (RunModel)" time="0.014" />
  <testcase classname="ptolemy.util.test.junit.AutoTests" name="[197] /home/travis/build/icyphy/ptII/ptolemy/actor/lib/test/auto/LevelCrossTest2.xml (RunModel)" time="0.011" />
  <testcase classname="ptolemy.util.test.junit.AutoTests" name="[198] /home/travis/build/icyphy/ptII/ptolemy/actor/lib/test/auto/LevelCrossTest3.xml (RunModel)" time="0.041" />
  <testcase classname="ptolemy.util.test.junit.AutoTests" name="[199] /home/travis/build/icyphy/ptII/ptolemy/actor/lib/test/auto/LevelCrossTest4.xml (RunModel)" time="0.015" />
  <testcase classname="ptolemy.util.test.junit.AutoTests" name="[200] /home/travis/build/icyphy/ptII/ptolemy/actor/lib/test/auto/LevelCrossTest5.xml (RunModel)" time="0.016" />
  <testcase classname="ptolemy.util.test.junit.AutoTests" name="[201] /home/travis/build/icyphy/ptII/ptolemy/actor/lib/test/auto/LevelCrossTest6.xml (RunModel)" time="0.017" />
  <testcase classname="ptolemy.util.test.junit.AutoTests" name="[202] /home/travis/build/icyphy/ptII/ptolemy/actor/lib/test/auto/LevelCrossTest7.xml (RunModel)" time="0.015" />
  <testcase classname="ptolemy.util.test.junit.AutoTests" name="[203] /home/travis/build/icyphy/ptII/ptolemy/actor/lib/test/auto/LevelCrossTest8.xml (RunModel)" time="0.013" />
  <testcase classname="ptolemy.util.test.junit.AutoTests" name="[204] /home/travis/build/icyphy/ptII/ptolemy/actor/lib/test/auto/LevelCrossTest9.xml (RunModel)" time="0.015" />
  <testcase classname="ptolemy.util.test.junit.AutoTests" name="[205] /home/travis/build/icyphy/ptII/ptolemy/actor/lib/test/auto/LevinsonDurbin.xml (RunModel)" time="0.008" />
  <testcase classname="ptolemy.util.test.junit.AutoTests" name="[206] /home/travis/build/icyphy/ptII/ptolemy/actor/lib/test/auto/LevinsonDurbin2.xml (RunModel)" time="0.007" />
  <testcase classname="ptolemy.util.test.junit.AutoTests" name="[207] /home/travis/build/icyphy/ptII/ptolemy/actor/lib/test/auto/LevinsonDurbin3.xml (RunModel)" time="0.009" />
  <testcase classname="ptolemy.util.test.junit.AutoTests" name="[208] /home/travis/build/icyphy/ptII/ptolemy/actor/lib/test/auto/Limiter.xml (RunModel)" time="0.046" />
  <testcase classname="ptolemy.util.test.junit.AutoTests" name="[209] /home/travis/build/icyphy/ptII/ptolemy/actor/lib/test/auto/LinearDifferenceEquationSystem.xml (RunModel)" time="0.022" />
  <testcase classname="ptolemy.util.test.junit.AutoTests" name="[210] /home/travis/build/icyphy/ptII/ptolemy/actor/lib/test/auto/LookupTable.xml (RunModel)" time="0.01" />
  <testcase classname="ptolemy.util.test.junit.AutoTests" name="[211] /home/travis/build/icyphy/ptII/ptolemy/actor/lib/test/auto/MathFunction.xml (RunModel)" time="0.029" />
  <testcase classname="ptolemy.util.test.junit.AutoTests" name="[212] /home/travis/build/icyphy/ptII/ptolemy/actor/lib/test/auto/MathFunction2.xml (RunModel)" time="0.015" />
  <testcase classname="ptolemy.util.test.junit.AutoTests" name="[213] /home/travis/build/icyphy/ptII/ptolemy/actor/lib/test/auto/MathFunction3.xml (RunModel)" time="0.024" />
  <testcase classname="ptolemy.util.test.junit.AutoTests" name="[214] /home/travis/build/icyphy/ptII/ptolemy/actor/lib/test/auto/MatrixCropBoolean.xml (RunModel)" time="0.013" />
  <testcase classname="ptolemy.util.test.junit.AutoTests" name="[215] /home/travis/build/icyphy/ptII/ptolemy/actor/lib/test/auto/MatrixCropComplex.xml (RunModel)" time="0.01" />
  <testcase classname="ptolemy.util.test.junit.AutoTests" name="[216] /home/travis/build/icyphy/ptII/ptolemy/actor/lib/test/auto/MatrixCropDouble.xml (RunModel)" time="0.01" />
  <testcase classname="ptolemy.util.test.junit.AutoTests" name="[217] /home/travis/build/icyphy/ptII/ptolemy/actor/lib/test/auto/MatrixCropFix.xml (RunModel)" time="0.013" />
  <testcase classname="ptolemy.util.test.junit.AutoTests" name="[218] /home/travis/build/icyphy/ptII/ptolemy/actor/lib/test/auto/MatrixCropInt.xml (RunModel)" time="0.009" />
  <testcase classname="ptolemy.util.test.junit.AutoTests" name="[219] /home/travis/build/icyphy/ptII/ptolemy/actor/lib/test/auto/MatrixCropLong.xml (RunModel)" time="0.009" />
  <testcase classname="ptolemy.util.test.junit.AutoTests" name="[220] /home/travis/build/icyphy/ptII/ptolemy/actor/lib/test/auto/MatrixToArray.xml (RunModel)" time="0.055" />
  <testcase classname="ptolemy.util.test.junit.AutoTests" name="[221] /home/travis/build/icyphy/ptII/ptolemy/actor/lib/test/auto/MaxIndex.xml (RunModel)" time="0.014" />
  <testcase classname="ptolemy.util.test.junit.AutoTests" name="[222] /home/travis/build/icyphy/ptII/ptolemy/actor/lib/test/auto/Maximum.xml (RunModel)" time="0.016" />
  <testcase classname="ptolemy.util.test.junit.AutoTests" name="[223] /home/travis/build/icyphy/ptII/ptolemy/actor/lib/test/auto/MaximumComplex.xml (RunModel)" time="0.016" />
  <testcase classname="ptolemy.util.test.junit.AutoTests" name="[224] /home/travis/build/icyphy/ptII/ptolemy/actor/lib/test/auto/MethodCallTest.xml (RunModel)" time="0.022" />
  <testcase classname="ptolemy.util.test.junit.AutoTests" name="[225] /home/travis/build/icyphy/ptII/ptolemy/actor/lib/test/auto/Minimum.xml (RunModel)" time="0.015" />
  <testcase classname="ptolemy.util.test.junit.AutoTests" name="[226] /home/travis/build/icyphy/ptII/ptolemy/actor/lib/test/auto/MinimumComplex.xml (RunModel)" time="0.026" />
  <testcase classname="ptolemy.util.test.junit.AutoTests" name="[227] /home/travis/build/icyphy/ptII/ptolemy/actor/lib/test/auto/MinimumMultiports.xml (RunModel)" time="0.017" />
  <testcase classname="ptolemy.util.test.junit.AutoTests" name="[228] /home/travis/build/icyphy/ptII/ptolemy/actor/lib/test/auto/ModifyDate.xml (RunModel)" time="0.042" />
  <testcase classname="ptolemy.util.test.junit.AutoTests" name="[229] /home/travis/build/icyphy/ptII/ptolemy/actor/lib/test/auto/ModifyDate2.xml (RunModel)" time="0.038" />
  <testcase classname="ptolemy.util.test.junit.AutoTests" name="[230] /home/travis/build/icyphy/ptII/ptolemy/actor/lib/test/auto/MovingAverage.xml (RunModel)" time="0.021" />
  <testcase classname="ptolemy.util.test.junit.AutoTests" name="[231] /home/travis/build/icyphy/ptII/ptolemy/actor/lib/test/auto/MovingMaximum.xml (RunModel)" time="0.011" />
  <testcase classname="ptolemy.util.test.junit.AutoTests" name="[232] /home/travis/build/icyphy/ptII/ptolemy/actor/lib/test/auto/MultipleLinksToSameRelation.xml (RunModel)" time="0.008" />
  <testcase classname="ptolemy.util.test.junit.AutoTests" name="[233] /home/travis/build/icyphy/ptII/ptolemy/actor/lib/test/auto/MultipleLinksToSameRelationDE.xml (RunModel)" time="0.008" />
  <testcase classname="ptolemy.util.test.junit.AutoTests" name="[234] /home/travis/build/icyphy/ptII/ptolemy/actor/lib/test/auto/Multiplexor.xml (RunModel)" time="0.012" />
  <testcase classname="ptolemy.util.test.junit.AutoTests" name="[235] /home/travis/build/icyphy/ptII/ptolemy/actor/lib/test/auto/Multiplexor1.xml (RunModel)" time="0.011" />
  <testcase classname="ptolemy.util.test.junit.AutoTests" name="[236] /home/travis/build/icyphy/ptII/ptolemy/actor/lib/test/auto/Multiplexor2.xml (RunModel)" time="0.017" />
  <testcase classname="ptolemy.util.test.junit.AutoTests" name="[237] /home/travis/build/icyphy/ptII/ptolemy/actor/lib/test/auto/Multiplexor3.xml (RunModel)" time="0.009" />
  <testcase classname="ptolemy.util.test.junit.AutoTests" name="[238] /home/travis/build/icyphy/ptII/ptolemy/actor/lib/test/auto/MultiplexorDE.xml (RunModel)" time="0.017" />
  <testcase classname="ptolemy.util.test.junit.AutoTests" name="[239] /home/travis/build/icyphy/ptII/ptolemy/actor/lib/test/auto/MultiportBroadcastTest.xml (RunModel)" time="0.097" />
  <testcase classname="ptolemy.util.test.junit.AutoTests" name="[240] /home/travis/build/icyphy/ptII/ptolemy/actor/lib/test/auto/MultiportOutHangDuringGetWidth.xml (RunModel)" time="0.039" />
  <testcase classname="ptolemy.util.test.junit.AutoTests" name="[241] /home/travis/build/icyphy/ptII/ptolemy/actor/lib/test/auto/NilToken.xml (RunModel)" time="0.012" />
  <testcase classname="ptolemy.util.test.junit.AutoTests" name="[242] /home/travis/build/icyphy/ptII/ptolemy/actor/lib/test/auto/NilTokenNonStrictTest.xml (RunModel)" time="0.012" />
  <testcase classname="ptolemy.util.test.junit.AutoTests" name="[243] /home/travis/build/icyphy/ptII/ptolemy/actor/lib/test/auto/NilTokenRecord.xml (RunModel)" time="0.057" />
  <testcase classname="ptolemy.util.test.junit.AutoTests" name="[244] /home/travis/build/icyphy/ptII/ptolemy/actor/lib/test/auto/NilTokenTypeTest.xml (RunModel)" time="0.035" />
  <testcase classname="ptolemy.util.test.junit.AutoTests" name="[245] /home/travis/build/icyphy/ptII/ptolemy/actor/lib/test/auto/ObjectToken1.xml (RunModel)" time="0.009" />
  <testcase classname="ptolemy.util.test.junit.AutoTests" name="[246] /home/travis/build/icyphy/ptII/ptolemy/actor/lib/test/auto/OrderedMerge.xml (RunModel)" time="0.018" />
  <testcase classname="ptolemy.util.test.junit.AutoTests" name="[247] /home/travis/build/icyphy/ptII/ptolemy/actor/lib/test/auto/OrderedRecordDisassembler.xml (RunModel)" time="0.027" />
  <testcase classname="ptolemy.util.test.junit.AutoTests" name="[248] /home/travis/build/icyphy/ptII/ptolemy/actor/lib/test/auto/OrderedRecordDisassembler2.xml (RunModel)" time="0.021" />
  <testcase classname="ptolemy.util.test.junit.AutoTests" name="[249] /home/travis/build/icyphy/ptII/ptolemy/actor/lib/test/auto/OrderedRecordUpdater.xml (RunModel)" time="0.019" />
  <testcase classname="ptolemy.util.test.junit.AutoTests" name="[250] /home/travis/build/icyphy/ptII/ptolemy/actor/lib/test/auto/OrderedRecordUpdater2.xml (RunModel)" time="0.022" />
  <testcase classname="ptolemy.util.test.junit.AutoTests" name="[251] /home/travis/build/icyphy/ptII/ptolemy/actor/lib/test/auto/PhaseUnwrap.xml (RunModel)" time="0.015" />
  <testcase classname="ptolemy.util.test.junit.AutoTests" name="[252] /home/travis/build/icyphy/ptII/ptolemy/actor/lib/test/auto/PoissonClock.xml (RunModel)" time="0.012" />
  <testcase classname="ptolemy.util.test.junit.AutoTests" name="[253] /home/travis/build/icyphy/ptII/ptolemy/actor/lib/test/auto/PoissonClock2.xml (RunModel)" time="0.01" />
  <testcase classname="ptolemy.util.test.junit.AutoTests" name="[254] /home/travis/build/icyphy/ptII/ptolemy/actor/lib/test/auto/PoissonClock3.xml (RunModel)" time="0.037" />
  <testcase classname="ptolemy.util.test.junit.AutoTests" name="[255] /home/travis/build/icyphy/ptII/ptolemy/actor/lib/test/auto/PubSubWithInitialTokens.xml (RunModel)" time="0.016" />
  <testcase classname="ptolemy.util.test.junit.AutoTests" name="[256] /home/travis/build/icyphy/ptII/ptolemy/actor/lib/test/auto/PubSubWithInitialTokens2.xml (RunModel)" time="0.017" />
  <testcase classname="ptolemy.util.test.junit.AutoTests" name="[257] /home/travis/build/icyphy/ptII/ptolemy/actor/lib/test/auto/PublisherClassNoParameter.xml (RunModel)" time="0.037" />
  <testcase classname="ptolemy.util.test.junit.AutoTests" name="[258] /home/travis/build/icyphy/ptII/ptolemy/actor/lib/test/auto/PublisherClassParameter.xml (RunModel)" time="0.028" />
  <testcase classname="ptolemy.util.test.junit.AutoTests" name="[259] /home/travis/build/icyphy/ptII/ptolemy/actor/lib/test/auto/PublisherNonStrictTest.xml (RunModel)" time="0.022" />
  <testcase classname="ptolemy.util.test.junit.AutoTests" name="[260] /home/travis/build/icyphy/ptII/ptolemy/actor/lib/test/auto/PublisherPort1.xml (RunModel)" time="0.013" />
  <testcase classname="ptolemy.util.test.junit.AutoTests" name="[261] /home/travis/build/icyphy/ptII/ptolemy/actor/lib/test/auto/PublisherPort2.xml (RunModel)" time="0.012" />
  <testcase classname="ptolemy.util.test.junit.AutoTests" name="[262] /home/travis/build/icyphy/ptII/ptolemy/actor/lib/test/auto/PublisherPort3.xml (RunModel)" time="0.024" />
  <testcase classname="ptolemy.util.test.junit.AutoTests" name="[263] /home/travis/build/icyphy/ptII/ptolemy/actor/lib/test/auto/PublisherPort4.xml (RunModel)" time="0.022" />
  <testcase classname="ptolemy.util.test.junit.AutoTests" name="[264] /home/travis/build/icyphy/ptII/ptolemy/actor/lib/test/auto/PublisherPort5.xml (RunModel)" time="0.018" />
  <testcase classname="ptolemy.util.test.junit.AutoTests" name="[265] /home/travis/build/icyphy/ptII/ptolemy/actor/lib/test/auto/PublisherPort5LookAlike.xml (RunModel)" time="0.022" />
  <testcase classname="ptolemy.util.test.junit.AutoTests" name="[266] /home/travis/build/icyphy/ptII/ptolemy/actor/lib/test/auto/PublisherPort6.xml (RunModel)" time="0.014" />
  <testcase classname="ptolemy.util.test.junit.AutoTests" name="[267] /home/travis/build/icyphy/ptII/ptolemy/actor/lib/test/auto/PublisherPort7.xml (RunModel)" time="0.019" />
  <testcase classname="ptolemy.util.test.junit.AutoTests" name="[268] /home/travis/build/icyphy/ptII/ptolemy/actor/lib/test/auto/PublisherPort8.xml (RunModel)" time="0.031" />
  <testcase classname="ptolemy.util.test.junit.AutoTests" name="[269] /home/travis/build/icyphy/ptII/ptolemy/actor/lib/test/auto/PublisherPortSubscriberChannelVariablesAOC2.xml (RunModel)" time="0.046" />
  <testcase classname="ptolemy.util.test.junit.AutoTests" name="[270] /home/travis/build/icyphy/ptII/ptolemy/actor/lib/test/auto/PublisherPortSubscriberOpaqueWidthInference.xml (RunModel)" time="0.02" />
  <testcase classname="ptolemy.util.test.junit.AutoTests" name="[271] /home/travis/build/icyphy/ptII/ptolemy/actor/lib/test/auto/PublisherPortSubscriberPortAdjacent.xml (RunModel)" time="0.022" />
  <testcase classname="ptolemy.util.test.junit.AutoTests" name="[272] /home/travis/build/icyphy/ptII/ptolemy/actor/lib/test/auto/PublisherPortSubscriberPortExpression.xml (RunModel)" time="0.022" />
  <testcase classname="ptolemy.util.test.junit.AutoTests" name="[273] /home/travis/build/icyphy/ptII/ptolemy/actor/lib/test/auto/PublisherPortSubscriberPortOpaqueD3Reverse.xml (RunModel)" time="0.023" />
  <testcase classname="ptolemy.util.test.junit.AutoTests" name="[274] /home/travis/build/icyphy/ptII/ptolemy/actor/lib/test/auto/PublisherPortSubscriberPortOpaqueWidthInference.xml (RunModel)" time="0.02" />
  <testcase classname="ptolemy.util.test.junit.AutoTests" name="[275] /home/travis/build/icyphy/ptII/ptolemy/actor/lib/test/auto/PublisherPortToplevelSubscriberPortAOC.xml (RunModel)" time="0.015" />
  <testcase classname="ptolemy.util.test.junit.AutoTests" name="[276] /home/travis/build/icyphy/ptII/ptolemy/actor/lib/test/auto/PublisherSubscriber.xml (RunModel)" time="0.019" />
  <testcase classname="ptolemy.util.test.junit.AutoTests" name="[277] /home/travis/build/icyphy/ptII/ptolemy/actor/lib/test/auto/PublisherSubscriber10.xml (RunModel)" time="0.027" />
  <testcase classname="ptolemy.util.test.junit.AutoTests" name="[278] /home/travis/build/icyphy/ptII/ptolemy/actor/lib/test/auto/PublisherSubscriber10InitialOutputs.xml (RunModel)" time="0.032" />
  <testcase classname="ptolemy.util.test.junit.AutoTests" name="[279] /home/travis/build/icyphy/ptII/ptolemy/actor/lib/test/auto/PublisherSubscriber11.xml (RunModel)" time="0.018" />
  <testcase classname="ptolemy.util.test.junit.AutoTests" name="[280] /home/travis/build/icyphy/ptII/ptolemy/actor/lib/test/auto/PublisherSubscriber12.xml (RunModel)" time="0.019" />
  <testcase classname="ptolemy.util.test.junit.AutoTests" name="[281] /home/travis/build/icyphy/ptII/ptolemy/actor/lib/test/auto/PublisherSubscriber13.xml (RunModel)" time="0.016" />
  <testcase classname="ptolemy.util.test.junit.AutoTests" name="[282] /home/travis/build/icyphy/ptII/ptolemy/actor/lib/test/auto/PublisherSubscriber14.xml (RunModel)" time="0.032" />
  <testcase classname="ptolemy.util.test.junit.AutoTests" name="[283] /home/travis/build/icyphy/ptII/ptolemy/actor/lib/test/auto/PublisherSubscriber2.xml (RunModel)" time="0.042" />
  <testcase classname="ptolemy.util.test.junit.AutoTests" name="[284] /home/travis/build/icyphy/ptII/ptolemy/actor/lib/test/auto/PublisherSubscriber3.xml (RunModel)" time="0.011" />
  <testcase classname="ptolemy.util.test.junit.AutoTests" name="[285] /home/travis/build/icyphy/ptII/ptolemy/actor/lib/test/auto/PublisherSubscriber4.xml (RunModel)" time="0.008" />
  <testcase classname="ptolemy.util.test.junit.AutoTests" name="[286] /home/travis/build/icyphy/ptII/ptolemy/actor/lib/test/auto/PublisherSubscriber5.xml (RunModel)" time="0.012" />
  <testcase classname="ptolemy.util.test.junit.AutoTests" name="[287] /home/travis/build/icyphy/ptII/ptolemy/actor/lib/test/auto/PublisherSubscriber6.xml (RunModel)" time="0.018" />
  <testcase classname="ptolemy.util.test.junit.AutoTests" name="[288] /home/travis/build/icyphy/ptII/ptolemy/actor/lib/test/auto/PublisherSubscriber7.xml (RunModel)" time="0.02" />
  <testcase classname="ptolemy.util.test.junit.AutoTests" name="[289] /home/travis/build/icyphy/ptII/ptolemy/actor/lib/test/auto/PublisherSubscriber8.xml (RunModel)" time="0.031" />
  <testcase classname="ptolemy.util.test.junit.AutoTests" name="[290] /home/travis/build/icyphy/ptII/ptolemy/actor/lib/test/auto/PublisherSubscriber9.xml (RunModel)" time="0.017" />
  <testcase classname="ptolemy.util.test.junit.AutoTests" name="[291] /home/travis/build/icyphy/ptII/ptolemy/actor/lib/test/auto/PublisherSubscriberAdjacent.xml (RunModel)" time="0.015" />
  <testcase classname="ptolemy.util.test.junit.AutoTests" name="[292] /home/travis/build/icyphy/ptII/ptolemy/actor/lib/test/auto/PublisherSubscriberChannelVariablesAOC2.xml (RunModel)" time="0.027" />
  <testcase classname="ptolemy.util.test.junit.AutoTests" name="[293] /home/travis/build/icyphy/ptII/ptolemy/actor/lib/test/auto/PublisherSubscriberD3.xml (RunModel)" time="0.011" />
  <testcase classname="ptolemy.util.test.junit.AutoTests" name="[294] /home/travis/build/icyphy/ptII/ptolemy/actor/lib/test/auto/PublisherSubscriberD3Reverse.xml (RunModel)" time="0.011" />
  <testcase classname="ptolemy.util.test.junit.AutoTests" name="[295] /home/travis/build/icyphy/ptII/ptolemy/actor/lib/test/auto/PublisherSubscriberExpression.xml (RunModel)" time="0.021" />
  <testcase classname="ptolemy.util.test.junit.AutoTests" name="[296] /home/travis/build/icyphy/ptII/ptolemy/actor/lib/test/auto/PublisherSubscriberOpaque.xml (RunModel)" time="0.013" />
  <testcase classname="ptolemy.util.test.junit.AutoTests" name="[297] /home/travis/build/icyphy/ptII/ptolemy/actor/lib/test/auto/PublisherSubscriberOpaqueD3.xml (RunModel)" time="0.02" />
  <testcase classname="ptolemy.util.test.junit.AutoTests" name="[298] /home/travis/build/icyphy/ptII/ptolemy/actor/lib/test/auto/PublisherSubscriberOpaqueD3Reverse.xml (RunModel)" time="0.02" />
  <testcase classname="ptolemy.util.test.junit.AutoTests" name="[299] /home/travis/build/icyphy/ptII/ptolemy/actor/lib/test/auto/PublisherSubscriberOpaqueWidthInference.xml (RunModel)" time="0.019" />
  <testcase classname="ptolemy.util.test.junit.AutoTests" name="[300] /home/travis/build/icyphy/ptII/ptolemy/actor/lib/test/auto/PublisherTestSubscriber.xml (RunModel)" time="0.015" />
  <testcase classname="ptolemy.util.test.junit.AutoTests" name="[301] /home/travis/build/icyphy/ptII/ptolemy/actor/lib/test/auto/PublisherToplevelSubscriberPortAOC.xml (RunModel)" time="0.01" />
  <testcase classname="ptolemy.util.test.junit.AutoTests" name="[302] /home/travis/build/icyphy/ptII/ptolemy/actor/lib/test/auto/PulseFiringLimitDE.xml (RunModel)" time="0.022" />
  <testcase classname="ptolemy.util.test.junit.AutoTests" name="[303] /home/travis/build/icyphy/ptII/ptolemy/actor/lib/test/auto/Ramp1.xml (RunModel)" time="0.007" />
  <testcase classname="ptolemy.util.test.junit.AutoTests" name="[304] /home/travis/build/icyphy/ptII/ptolemy/actor/lib/test/auto/RampFiringLimitDE.xml (RunModel)" time="0.012" />
  <testcase classname="ptolemy.util.test.junit.AutoTests" name="[305] /home/travis/build/icyphy/ptII/ptolemy/actor/lib/test/auto/RampFiringLimitSDF.xml (RunModel)" time="0.009" />
  <testcase classname="ptolemy.util.test.junit.AutoTests" name="[306] /home/travis/build/icyphy/ptII/ptolemy/actor/lib/test/auto/RandomInteger.xml (RunModel)" time="0.008" />
  <testcase classname="ptolemy.util.test.junit.AutoTests" name="[307] /home/travis/build/icyphy/ptII/ptolemy/actor/lib/test/auto/ReadFile1.xml (RunModel)" time="0.008" />
  <testcase classname="ptolemy.util.test.junit.AutoTests" name="[308] /home/travis/build/icyphy/ptII/ptolemy/actor/lib/test/auto/ReadFile2.xml (RunModel)" time="0.007" />
  <testcase classname="ptolemy.util.test.junit.AutoTests" name="[309] /home/travis/build/icyphy/ptII/ptolemy/actor/lib/test/auto/Reader.xml (RunModel)" time="0.009" />
  <testcase classname="ptolemy.util.test.junit.AutoTests" name="[310] /home/travis/build/icyphy/ptII/ptolemy/actor/lib/test/auto/RecordAssemblerDisplayNameTest.xml (RunModel)" time="3.614" />
  <testcase classname="ptolemy.util.test.junit.AutoTests" name="[311] /home/travis/build/icyphy/ptII/ptolemy/actor/lib/test/auto/RecordAssemblerTypeError.xml (RunModel)" time="0.051" />
  <testcase classname="ptolemy.util.test.junit.AutoTests" name="[312] /home/travis/build/icyphy/ptII/ptolemy/actor/lib/test/auto/RecordDisassember.xml (RunModel)" time="0.023" />
  <testcase classname="ptolemy.util.test.junit.AutoTests" name="[313] /home/travis/build/icyphy/ptII/ptolemy/actor/lib/test/auto/RecordDisassemberDisplayNameTest.xml (RunModel)" time="0.029" />
  <testcase classname="ptolemy.util.test.junit.AutoTests" name="[314] /home/travis/build/icyphy/ptII/ptolemy/actor/lib/test/auto/RecordDisassembler.xml (RunModel)" time="0.012" />
  <testcase classname="ptolemy.util.test.junit.AutoTests" name="[315] /home/travis/build/icyphy/ptII/ptolemy/actor/lib/test/auto/RecordDisassembler2.xml (RunModel)" time="0.01" />
  <testcase classname="ptolemy.util.test.junit.AutoTests" name="[316] /home/travis/build/icyphy/ptII/ptolemy/actor/lib/test/auto/RecordUpdater.xml (RunModel)" time="0.01" />
  <testcase classname="ptolemy.util.test.junit.AutoTests" name="[317] /home/travis/build/icyphy/ptII/ptolemy/actor/lib/test/auto/RecordUpdater2.xml (RunModel)" time="0.008" />
  <testcase classname="ptolemy.util.test.junit.AutoTests" name="[318] /home/travis/build/icyphy/ptII/ptolemy/actor/lib/test/auto/RecursiveLattice.xml (RunModel)" time="0.008" />
  <testcase classname="ptolemy.util.test.junit.AutoTests" name="[319] /home/travis/build/icyphy/ptII/ptolemy/actor/lib/test/auto/Router.xml (RunModel)" time="3.025" />
  <testcase classname="ptolemy.util.test.junit.AutoTests" name="[320] /home/travis/build/icyphy/ptII/ptolemy/actor/lib/test/auto/Router2.xml (RunModel)" time="3.028" />
  <testcase classname="ptolemy.util.test.junit.AutoTests" name="[321] /home/travis/build/icyphy/ptII/ptolemy/actor/lib/test/auto/RunningMaximum.xml (RunModel)" time="0.015" />
  <testcase classname="ptolemy.util.test.junit.AutoTests" name="[322] /home/travis/build/icyphy/ptII/ptolemy/actor/lib/test/auto/RunningMinimum.xml (RunModel)" time="0.017" />
  <testcase classname="ptolemy.util.test.junit.AutoTests" name="[323] /home/travis/build/icyphy/ptII/ptolemy/actor/lib/test/auto/Scale.xml (RunModel)" time="0.007" />
  <testcase classname="ptolemy.util.test.junit.AutoTests" name="[324] /home/travis/build/icyphy/ptII/ptolemy/actor/lib/test/auto/Scale2.xml (RunModel)" time="0.008" />
  <testcase classname="ptolemy.util.test.junit.AutoTests" name="[325] /home/travis/build/icyphy/ptII/ptolemy/actor/lib/test/auto/Scale3.xml (RunModel)" time="0.019" />
  <testcase classname="ptolemy.util.test.junit.AutoTests" name="[326] /home/travis/build/icyphy/ptII/ptolemy/actor/lib/test/auto/ScaleArray.xml (RunModel)" time="0.013" />
  <testcase classname="ptolemy.util.test.junit.AutoTests" name="[327] /home/travis/build/icyphy/ptII/ptolemy/actor/lib/test/auto/ScaleArray2.xml (RunModel)" time="0.007" />
  <testcase classname="ptolemy.util.test.junit.AutoTests" name="[328] /home/travis/build/icyphy/ptII/ptolemy/actor/lib/test/auto/ScaleMatrix.xml (RunModel)" time="0.13" />
  <testcase classname="ptolemy.util.test.junit.AutoTests" name="[329] /home/travis/build/icyphy/ptII/ptolemy/actor/lib/test/auto/Select.xml (RunModel)" time="0.013" />
  <testcase classname="ptolemy.util.test.junit.AutoTests" name="[330] /home/travis/build/icyphy/ptII/ptolemy/actor/lib/test/auto/Select2.xml (RunModel)" time="0.008" />
  <testcase classname="ptolemy.util.test.junit.AutoTests" name="[331] /home/travis/build/icyphy/ptII/ptolemy/actor/lib/test/auto/SequenceToArray2.xml (RunModel)" time="0.126" />
  <testcase classname="ptolemy.util.test.junit.AutoTests" name="[332] /home/travis/build/icyphy/ptII/ptolemy/actor/lib/test/auto/SequentialClock.xml (RunModel)" time="0.01" />
  <testcase classname="ptolemy.util.test.junit.AutoTests" name="[333] /home/travis/build/icyphy/ptII/ptolemy/actor/lib/test/auto/SetVariable.xml (RunModel)" time="0.012" />
  <testcase classname="ptolemy.util.test.junit.AutoTests" name="[334] /home/travis/build/icyphy/ptII/ptolemy/actor/lib/test/auto/SetVariable2.xml (RunModel)" time="0.008" />
  <testcase classname="ptolemy.util.test.junit.AutoTests" name="[335] /home/travis/build/icyphy/ptII/ptolemy/actor/lib/test/auto/SetVariable3.xml (RunModel)" time="0.014" />
  <testcase classname="ptolemy.util.test.junit.AutoTests" name="[336] /home/travis/build/icyphy/ptII/ptolemy/actor/lib/test/auto/SetVariable4.xml (RunModel)" time="0.032" />
  <testcase classname="ptolemy.util.test.junit.AutoTests" name="[337] /home/travis/build/icyphy/ptII/ptolemy/actor/lib/test/auto/SetVariable5.xml (RunModel)" time="0.038" />
  <testcase classname="ptolemy.util.test.junit.AutoTests" name="[338] /home/travis/build/icyphy/ptII/ptolemy/actor/lib/test/auto/Sinewave.xml (RunModel)" time="0.024" />
  <testcase classname="ptolemy.util.test.junit.AutoTests" name="[339] /home/travis/build/icyphy/ptII/ptolemy/actor/lib/test/auto/Sinewave2.xml (RunModel)" time="0.02" />
  <testcase classname="ptolemy.util.test.junit.AutoTests" name="[340] /home/travis/build/icyphy/ptII/ptolemy/actor/lib/test/auto/Sinewave3.xml (RunModel)" time="0.018" />
  <testcase classname="ptolemy.util.test.junit.AutoTests" name="[341] /home/travis/build/icyphy/ptII/ptolemy/actor/lib/test/auto/SingleEvent.xml (RunModel)" time="0.007" />
  <testcase classname="ptolemy.util.test.junit.AutoTests" name="[342] /home/travis/build/icyphy/ptII/ptolemy/actor/lib/test/auto/Sleep.xml (RunModel)" time="6.016" />
  <testcase classname="ptolemy.util.test.junit.AutoTests" name="[343] /home/travis/build/icyphy/ptII/ptolemy/actor/lib/test/auto/SleepMultipleFire.xml (RunModel)" time="1.015" />
  <testcase classname="ptolemy.util.test.junit.AutoTests" name="[344] /home/travis/build/icyphy/ptII/ptolemy/actor/lib/test/auto/StopDE.xml (RunModel)" time="0.015" />
  <testcase classname="ptolemy.util.test.junit.AutoTests" name="[345] /home/travis/build/icyphy/ptII/ptolemy/actor/lib/test/auto/StopSDF.xml (RunModel)" time="0.013" />
  <testcase classname="ptolemy.util.test.junit.AutoTests" name="[346] /home/travis/build/icyphy/ptII/ptolemy/actor/lib/test/auto/StringConstant.xml (RunModel)" time="0.017" />
  <testcase classname="ptolemy.util.test.junit.AutoTests" name="[347] /home/travis/build/icyphy/ptII/ptolemy/actor/lib/test/auto/SubscriberPortInitialValues1.xml (RunModel)" time="0.031" />
  <testcase classname="ptolemy.util.test.junit.AutoTests" name="[348] /home/travis/build/icyphy/ptII/ptolemy/actor/lib/test/auto/SubscriberPortInitialValues13.xml (RunModel)" time="0.03" />
  <testcase classname="ptolemy.util.test.junit.AutoTests" name="[349] /home/travis/build/icyphy/ptII/ptolemy/actor/lib/test/auto/SubscriberPortInitialValues14.xml (RunModel)" time="0.018" />
  <testcase classname="ptolemy.util.test.junit.AutoTests" name="[350] /home/travis/build/icyphy/ptII/ptolemy/actor/lib/test/auto/SubscriberPortInitialValues2.xml (RunModel)" time="0.02" />
  <testcase classname="ptolemy.util.test.junit.AutoTests" name="[351] /home/travis/build/icyphy/ptII/ptolemy/actor/lib/test/auto/SubscriberPortInitialValues3.xml (RunModel)" time="0.053" />
  <testcase classname="ptolemy.util.test.junit.AutoTests" name="[352] /home/travis/build/icyphy/ptII/ptolemy/actor/lib/test/auto/SubscriptionAggregator.xml (RunModel)" time="0.012" />
  <testcase classname="ptolemy.util.test.junit.AutoTests" name="[353] /home/travis/build/icyphy/ptII/ptolemy/actor/lib/test/auto/SubscriptionAggregator2.xml (RunModel)" time="0.014" />
  <testcase classname="ptolemy.util.test.junit.AutoTests" name="[354] /home/travis/build/icyphy/ptII/ptolemy/actor/lib/test/auto/SubscriptionAggregator3.xml (RunModel)" time="0.019" />
  <testcase classname="ptolemy.util.test.junit.AutoTests" name="[355] /home/travis/build/icyphy/ptII/ptolemy/actor/lib/test/auto/SubscriptionAggregatorMultiply.xml (RunModel)" time="0.017" />
  <testcase classname="ptolemy.util.test.junit.AutoTests" name="[356] /home/travis/build/icyphy/ptII/ptolemy/actor/lib/test/auto/SubscriptionAggregatorPortMultiply1.xml (RunModel)" time="0.017" />
  <testcase classname="ptolemy.util.test.junit.AutoTests" name="[357] /home/travis/build/icyphy/ptII/ptolemy/actor/lib/test/auto/Switch.xml (RunModel)" time="0.027" />
  <testcase classname="ptolemy.util.test.junit.AutoTests" name="[358] /home/travis/build/icyphy/ptII/ptolemy/actor/lib/test/auto/Switch2.xml (RunModel)" time="0.015" />
  <testcase classname="ptolemy.util.test.junit.AutoTests" name="[359] /home/travis/build/icyphy/ptII/ptolemy/actor/lib/test/auto/SwitchDE.xml (RunModel)" time="0.02" />
  <testcase classname="ptolemy.util.test.junit.AutoTests" name="[360] /home/travis/build/icyphy/ptII/ptolemy/actor/lib/test/auto/SynchronizerDE.xml (RunModel)" time="0.027" />
  <testcase classname="ptolemy.util.test.junit.AutoTests" name="[361] /home/travis/build/icyphy/ptII/ptolemy/actor/lib/test/auto/Test.xml (RunModel)" time="0.023" />
  <testcase classname="ptolemy.util.test.junit.AutoTests" name="[362] /home/travis/build/icyphy/ptII/ptolemy/actor/lib/test/auto/TestExceptionAttribute1.xml (RunModel)" time="0.011" />
  <testcase classname="ptolemy.util.test.junit.AutoTests" name="[363] /home/travis/build/icyphy/ptII/ptolemy/actor/lib/test/auto/TestExceptionAttribute2.xml (RunModel)" time="0.009" />
  <testcase classname="ptolemy.util.test.junit.AutoTests" name="[364] /home/travis/build/icyphy/ptII/ptolemy/actor/lib/test/auto/TestExceptionAttribute3.xml (RunModel)" time="0.012" />
  <testcase classname="ptolemy.util.test.junit.AutoTests" name="[365] /home/travis/build/icyphy/ptII/ptolemy/actor/lib/test/auto/TestExceptionAttribute4.xml (RunModel)" time="0.009" />
  <testcase classname="ptolemy.util.test.junit.AutoTests" name="[366] /home/travis/build/icyphy/ptII/ptolemy/actor/lib/test/auto/TestExceptionHandler1.xml (RunModel)" time="0.008" />
  <testcase classname="ptolemy.util.test.junit.AutoTests" name="[367] /home/travis/build/icyphy/ptII/ptolemy/actor/lib/test/auto/TestExceptionHandler2.xml (RunModel)" time="0.01" />
  <testcase classname="ptolemy.util.test.junit.AutoTests" name="[368] /home/travis/build/icyphy/ptII/ptolemy/actor/lib/test/auto/TestExceptionHandler3.xml (RunModel)" time="0.006" />
  <testcase classname="ptolemy.util.test.junit.AutoTests" name="[369] /home/travis/build/icyphy/ptII/ptolemy/actor/lib/test/auto/TestExceptionHandler4.xml (RunModel)" time="0.006" />
  <testcase classname="ptolemy.util.test.junit.AutoTests" name="[370] /home/travis/build/icyphy/ptII/ptolemy/actor/lib/test/auto/TestRequireCorrectOrder.xml (RunModel)" time="0.014" />
  <testcase classname="ptolemy.util.test.junit.AutoTests" name="[371] /home/travis/build/icyphy/ptII/ptolemy/actor/lib/test/auto/TestSimple.xml (RunModel)" time="0.007" />
  <testcase classname="ptolemy.util.test.junit.AutoTests" name="[372] /home/travis/build/icyphy/ptII/ptolemy/actor/lib/test/auto/ThrowModelError.xml (RunModel)" time="0.012" />
  <testcase classname="ptolemy.util.test.junit.AutoTests" name="[373] /home/travis/build/icyphy/ptII/ptolemy/actor/lib/test/auto/TimeDelayMicrosteps.xml (RunModel)" time="0.02" />
  <testcase classname="ptolemy.util.test.junit.AutoTests" name="[374] /home/travis/build/icyphy/ptII/ptolemy/actor/lib/test/auto/TimeDelayMicrosteps2.xml (RunModel)" time="0.02" />
  <testcase classname="ptolemy.util.test.junit.AutoTests" name="[375] /home/travis/build/icyphy/ptII/ptolemy/actor/lib/test/auto/TimeDelayMicrosteps3.xml (RunModel)" time="0.014" />
  <testcase classname="ptolemy.util.test.junit.AutoTests" name="[376] /home/travis/build/icyphy/ptII/ptolemy/actor/lib/test/auto/TimeDelayVariableMicrosteps.xml (RunModel)" time="0.014" />
  <testcase classname="ptolemy.util.test.junit.AutoTests" name="[377] /home/travis/build/icyphy/ptII/ptolemy/actor/lib/test/auto/TimeGap.xml (RunModel)" time="0.016" />
  <testcase classname="ptolemy.util.test.junit.AutoTests" name="[378] /home/travis/build/icyphy/ptII/ptolemy/actor/lib/test/auto/TimeGap2.xml (RunModel)" time="0.015" />
  <testcase classname="ptolemy.util.test.junit.AutoTests" name="[379] /home/travis/build/icyphy/ptII/ptolemy/actor/lib/test/auto/TimedSinewave.xml (RunModel)" time="0.06" />
  <testcase classname="ptolemy.util.test.junit.AutoTests" name="[380] /home/travis/build/icyphy/ptII/ptolemy/actor/lib/test/auto/TimedSinewavePhase.xml (RunModel)" time="0.05" />
  <testcase classname="ptolemy.util.test.junit.AutoTests" name="[381] /home/travis/build/icyphy/ptII/ptolemy/actor/lib/test/auto/Timer.xml (RunModel)" time="0.025" />
  <testcase classname="ptolemy.util.test.junit.AutoTests" name="[382] /home/travis/build/icyphy/ptII/ptolemy/actor/lib/test/auto/TriangularDistTestModel.xml (RunModel)" time="0.023" />
  <testcase classname="ptolemy.util.test.junit.AutoTests" name="[383] /home/travis/build/icyphy/ptII/ptolemy/actor/lib/test/auto/TrigFunction.xml (RunModel)" time="0.01" />
  <testcase classname="ptolemy.util.test.junit.AutoTests" name="[384] /home/travis/build/icyphy/ptII/ptolemy/actor/lib/test/auto/TrigFunctionDE.xml (RunModel)" time="0.014" />
  <testcase classname="ptolemy.util.test.junit.AutoTests" name="[385] /home/travis/build/icyphy/ptII/ptolemy/actor/lib/test/auto/TrigFunctionInverse.xml (RunModel)" time="0.011" />
  <testcase classname="ptolemy.util.test.junit.AutoTests" name="[386] /home/travis/build/icyphy/ptII/ptolemy/actor/lib/test/auto/TrigFunctionTan.xml (RunModel)" time="0.011" />
  <testcase classname="ptolemy.util.test.junit.AutoTests" name="[387] /home/travis/build/icyphy/ptII/ptolemy/actor/lib/test/auto/TriggeredClock.xml (RunModel)" time="0.011" />
  <testcase classname="ptolemy.util.test.junit.AutoTests" name="[388] /home/travis/build/icyphy/ptII/ptolemy/actor/lib/test/auto/URLDirectoryReader.xml (RunModel)" time="0.133" />
  <testcase classname="ptolemy.util.test.junit.AutoTests" name="[389] /home/travis/build/icyphy/ptII/ptolemy/actor/lib/test/auto/URLDirectoryReader3.xml (RunModel)" time="1.452" />
  <testcase classname="ptolemy.util.test.junit.AutoTests" name="[390] /home/travis/build/icyphy/ptII/ptolemy/actor/lib/test/auto/UnaryMathFunction.xml (RunModel)" time="0.033" />
  <testcase classname="ptolemy.util.test.junit.AutoTests" name="[391] /home/travis/build/icyphy/ptII/ptolemy/actor/lib/test/auto/Uniform.xml (RunModel)" time="0.015" />
  <testcase classname="ptolemy.util.test.junit.AutoTests" name="[392] /home/travis/build/icyphy/ptII/ptolemy/actor/lib/test/auto/UnionDisassemblerTest.xml (RunModel)" time="0.02" />
  <testcase classname="ptolemy.util.test.junit.AutoTests" name="[393] /home/travis/build/icyphy/ptII/ptolemy/actor/lib/test/auto/UtilityFunctions.xml (RunModel)" time="0.015" />
  <testcase classname="ptolemy.util.test.junit.AutoTests" name="[394] /home/travis/build/icyphy/ptII/ptolemy/actor/lib/test/auto/VariableSleep.xml (RunModel)" time="0.516" />
  <testcase classname="ptolemy.util.test.junit.AutoTests" name="[395] /home/travis/build/icyphy/ptII/ptolemy/actor/lib/test/auto/VectorAssemblerDisassemblerCT.xml (RunModel)" time="0.114" />
  <testcase classname="ptolemy.util.test.junit.AutoTests" name="[396] /home/travis/build/icyphy/ptII/ptolemy/actor/lib/test/auto/VectorAssemblerDisassemblerDE.xml (RunModel)" time="0.013" />
  <testcase classname="ptolemy.util.test.junit.AutoTests" name="[397] /home/travis/build/icyphy/ptII/ptolemy/actor/lib/test/auto/VectorAssemblerDisassemblerSDF.xml (RunModel)" time="0.012" />
  <testcase classname="ptolemy.util.test.junit.AutoTests" name="[398] /home/travis/build/icyphy/ptII/ptolemy/actor/lib/test/auto/WallClockTime.xml (RunModel)" time="1.012" />
  <testcase classname="ptolemy.util.test.junit.AutoTests" name="[399] /home/travis/build/icyphy/ptII/ptolemy/actor/lib/test/auto/WidthTestWithSubscriberPublisher.xml (RunModel)" time="0.045" />
  <testcase classname="ptolemy.util.test.junit.AutoTests" name="[400] /home/travis/build/icyphy/ptII/ptolemy/actor/lib/test/auto/WidthTestWithSubscriberPublisher2.xml (RunModel)" time="0.019" />
  <testcase classname="ptolemy.util.test.junit.AutoTests" name="[401] /home/travis/build/icyphy/ptII/ptolemy/actor/lib/test/auto/WidthTestWithSubscriberPublisher3.xml (RunModel)" time="0.014" />
  <testcase classname="ptolemy.util.test.junit.AutoTests" name="[402] /home/travis/build/icyphy/ptII/ptolemy/actor/lib/test/auto/Writer.xml (RunModel)" time="0.009" />
  <testcase classname="ptolemy.util.test.junit.AutoTests" name="[403] /home/travis/build/icyphy/ptII/ptolemy/actor/lib/test/auto/array.xml (RunModel)" time="0.03" />
  <testcase classname="ptolemy.util.test.junit.AutoTests" name="[404] /home/travis/build/icyphy/ptII/ptolemy/actor/lib/test/auto/array2.xml (RunModel)" time="0.023" />
  <testcase classname="ptolemy.util.test.junit.AutoTests" name="[405] /home/travis/build/icyphy/ptII/ptolemy/actor/lib/test/auto/arrayType.xml (RunModel)" time="0.019" />
  <testcase classname="ptolemy.util.test.junit.AutoTests" name="[406] /home/travis/build/icyphy/ptII/ptolemy/actor/lib/test/auto/arrayType10.xml (RunModel)" time="0.01" />
  <testcase classname="ptolemy.util.test.junit.AutoTests" name="[407] /home/travis/build/icyphy/ptII/ptolemy/actor/lib/test/auto/arrayType11.xml (RunModel)" time="0.011" />
  <testcase classname="ptolemy.util.test.junit.AutoTests" name="[408] /home/travis/build/icyphy/ptII/ptolemy/actor/lib/test/auto/arrayType12.xml (RunModel)" time="0.01" />
  <testcase classname="ptolemy.util.test.junit.AutoTests" name="[409] /home/travis/build/icyphy/ptII/ptolemy/actor/lib/test/auto/arrayType13.xml (RunModel)" time="0.011" />
  <testcase classname="ptolemy.util.test.junit.AutoTests" name="[410] /home/travis/build/icyphy/ptII/ptolemy/actor/lib/test/auto/arrayType14.xml (RunModel)" time="0.01" />
  <testcase classname="ptolemy.util.test.junit.AutoTests" name="[411] /home/travis/build/icyphy/ptII/ptolemy/actor/lib/test/auto/arrayType15.xml (RunModel)" time="0.012" />
  <testcase classname="ptolemy.util.test.junit.AutoTests" name="[412] /home/travis/build/icyphy/ptII/ptolemy/actor/lib/test/auto/arrayType16.xml (RunModel)" time="0.015" />
  <testcase classname="ptolemy.util.test.junit.AutoTests" name="[413] /home/travis/build/icyphy/ptII/ptolemy/actor/lib/test/auto/arrayType17.xml (RunModel)" time="0.011" />
  <testcase classname="ptolemy.util.test.junit.AutoTests" name="[414] /home/travis/build/icyphy/ptII/ptolemy/actor/lib/test/auto/arrayType18.xml (RunModel)" time="0.012" />
  <testcase classname="ptolemy.util.test.junit.AutoTests" name="[415] /home/travis/build/icyphy/ptII/ptolemy/actor/lib/test/auto/arrayType19.xml (RunModel)" time="0.011" />
  <testcase classname="ptolemy.util.test.junit.AutoTests" name="[416] /home/travis/build/icyphy/ptII/ptolemy/actor/lib/test/auto/arrayType2.xml (RunModel)" time="0.011" />
  <testcase classname="ptolemy.util.test.junit.AutoTests" name="[417] /home/travis/build/icyphy/ptII/ptolemy/actor/lib/test/auto/arrayType20.xml (RunModel)" time="0.03" />
  <testcase classname="ptolemy.util.test.junit.AutoTests" name="[418] /home/travis/build/icyphy/ptII/ptolemy/actor/lib/test/auto/arrayType21.xml (RunModel)" time="0.01" />
  <testcase classname="ptolemy.util.test.junit.AutoTests" name="[419] /home/travis/build/icyphy/ptII/ptolemy/actor/lib/test/auto/arrayType22.xml (RunModel)" time="0.01" />
  <testcase classname="ptolemy.util.test.junit.AutoTests" name="[420] /home/travis/build/icyphy/ptII/ptolemy/actor/lib/test/auto/arrayType23.xml (RunModel)" time="0.01" />
  <testcase classname="ptolemy.util.test.junit.AutoTests" name="[421] /home/travis/build/icyphy/ptII/ptolemy/actor/lib/test/auto/arrayType24.xml (RunModel)" time="0.01" />
  <testcase classname="ptolemy.util.test.junit.AutoTests" name="[422] /home/travis/build/icyphy/ptII/ptolemy/actor/lib/test/auto/arrayType25.xml (RunModel)" time="0.012" />
  <testcase classname="ptolemy.util.test.junit.AutoTests" name="[423] /home/travis/build/icyphy/ptII/ptolemy/actor/lib/test/auto/arrayType26.xml (RunModel)" time="0.01" />
  <testcase classname="ptolemy.util.test.junit.AutoTests" name="[424] /home/travis/build/icyphy/ptII/ptolemy/actor/lib/test/auto/arrayType27.xml (RunModel)" time="0.012" />
  <testcase classname="ptolemy.util.test.junit.AutoTests" name="[425] /home/travis/build/icyphy/ptII/ptolemy/actor/lib/test/auto/arrayType28.xml (RunModel)" time="0.011" />
  <testcase classname="ptolemy.util.test.junit.AutoTests" name="[426] /home/travis/build/icyphy/ptII/ptolemy/actor/lib/test/auto/arrayType3.xml (RunModel)" time="0.016" />
  <testcase classname="ptolemy.util.test.junit.AutoTests" name="[427] /home/travis/build/icyphy/ptII/ptolemy/actor/lib/test/auto/arrayType4.xml (RunModel)" time="0.012" />
  <testcase classname="ptolemy.util.test.junit.AutoTests" name="[428] /home/travis/build/icyphy/ptII/ptolemy/actor/lib/test/auto/arrayType5.xml (RunModel)" time="0.012" />
  <testcase classname="ptolemy.util.test.junit.AutoTests" name="[429] /home/travis/build/icyphy/ptII/ptolemy/actor/lib/test/auto/arrayType6.xml (RunModel)" time="0.01" />
  <testcase classname="ptolemy.util.test.junit.AutoTests" name="[430] /home/travis/build/icyphy/ptII/ptolemy/actor/lib/test/auto/arrayType7.xml (RunModel)" time="0.027" />
  <testcase classname="ptolemy.util.test.junit.AutoTests" name="[431] /home/travis/build/icyphy/ptII/ptolemy/actor/lib/test/auto/arrayType8.xml (RunModel)" time="0.014" />
  <testcase classname="ptolemy.util.test.junit.AutoTests" name="[432] /home/travis/build/icyphy/ptII/ptolemy/actor/lib/test/auto/arrayType9.xml (RunModel)" time="0.016" />
  <testcase classname="ptolemy.util.test.junit.AutoTests" name="[433] /home/travis/build/icyphy/ptII/ptolemy/actor/lib/test/auto/cast.xml (RunModel)" time="0.01" />
  <testcase classname="ptolemy.util.test.junit.AutoTests" name="[434] /home/travis/build/icyphy/ptII/ptolemy/actor/lib/test/auto/compositeMultiPort.xml (RunModel)" time="0.017" />
  <testcase classname="ptolemy.util.test.junit.AutoTests" name="[435] /home/travis/build/icyphy/ptII/ptolemy/actor/lib/test/auto/expressionCastInference.xml (RunModel)" time="0.008" />
  <testcase classname="ptolemy.util.test.junit.AutoTests" name="[436] /home/travis/build/icyphy/ptII/ptolemy/actor/lib/test/auto/expressionCastInference2.xml (RunModel)" time="0.008" />
  <testcase classname="ptolemy.util.test.junit.AutoTests" name="[437] /home/travis/build/icyphy/ptII/ptolemy/actor/lib/test/auto/expressionInference.xml (RunModel)" time="0.006" />
  <testcase classname="ptolemy.util.test.junit.AutoTests" name="[438] /home/travis/build/icyphy/ptII/ptolemy/actor/lib/test/auto/expression_bug.xml (RunModel)" time="0.046" />
  <testcase classname="ptolemy.util.test.junit.AutoTests" name="[439] /home/travis/build/icyphy/ptII/ptolemy/actor/lib/test/auto/factorial.xml (RunModel)" time="0.104" />
  <testcase classname="ptolemy.util.test.junit.AutoTests" name="[440] /home/travis/build/icyphy/ptII/ptolemy/actor/lib/test/auto/filterTest1.xml (RunModel)" time="0.026" />
  <testcase classname="ptolemy.util.test.junit.AutoTests" name="[441] /home/travis/build/icyphy/ptII/ptolemy/actor/lib/test/auto/funcApplyInConst.xml (RunModel)" time="0.005" />
  <testcase classname="ptolemy.util.test.junit.AutoTests" name="[442] /home/travis/build/icyphy/ptII/ptolemy/actor/lib/test/auto/funcApplyInExpr.xml (RunModel)" time="0.021" />
  <testcase classname="ptolemy.util.test.junit.AutoTests" name="[443] /home/travis/build/icyphy/ptII/ptolemy/actor/lib/test/auto/function.xml (RunModel)" time="0.023" />
  <testcase classname="ptolemy.util.test.junit.AutoTests" name="[444] /home/travis/build/icyphy/ptII/ptolemy/actor/lib/test/auto/function2.xml (RunModel)" time="0.03" />
  <testcase classname="ptolemy.util.test.junit.AutoTests" name="[445] /home/travis/build/icyphy/ptII/ptolemy/actor/lib/test/auto/function3.xml (RunModel)" time="0.027" />
  <testcase classname="ptolemy.util.test.junit.AutoTests" name="[446] /home/travis/build/icyphy/ptII/ptolemy/actor/lib/test/auto/functionClosureTest1.xml (RunModel)" time="0.04" />
  <testcase classname="ptolemy.util.test.junit.AutoTests" name="[447] /home/travis/build/icyphy/ptII/ptolemy/actor/lib/test/auto/functionClosureTest2.xml (RunModel)" time="0.022" />
  <testcase classname="ptolemy.util.test.junit.AutoTests" name="[448] /home/travis/build/icyphy/ptII/ptolemy/actor/lib/test/auto/functionClosureTest3.xml (RunModel)" time="0.008" />
  <testcase classname="ptolemy.util.test.junit.AutoTests" name="[449] /home/travis/build/icyphy/ptII/ptolemy/actor/lib/test/auto/functionClosureTest4.xml (RunModel)" time="0.014" />
  <testcase classname="ptolemy.util.test.junit.AutoTests" name="[450] /home/travis/build/icyphy/ptII/ptolemy/actor/lib/test/auto/functionClosureTest5.xml (RunModel)" time="0.011" />
  <testcase classname="ptolemy.util.test.junit.AutoTests" name="[451] /home/travis/build/icyphy/ptII/ptolemy/actor/lib/test/auto/functionClosureTest6.xml (RunModel)" time="0.007" />
  <testcase classname="ptolemy.util.test.junit.AutoTests" name="[452] /home/travis/build/icyphy/ptII/ptolemy/actor/lib/test/auto/functionsOnArcs.xml (RunModel)" time="0.009" />
  <testcase classname="ptolemy.util.test.junit.AutoTests" name="[453] /home/travis/build/icyphy/ptII/ptolemy/actor/lib/test/auto/functionsOnArcsHOF.xml (RunModel)" time="0.012" />
  <testcase classname="ptolemy.util.test.junit.AutoTests" name="[454] /home/travis/build/icyphy/ptII/ptolemy/actor/lib/test/auto/logic.xml (RunModel)" time="0.016" />
  <testcase classname="ptolemy.util.test.junit.AutoTests" name="[455] /home/travis/build/icyphy/ptII/ptolemy/actor/lib/test/auto/matrixType.xml (RunModel)" time="0.008" />
  <testcase classname="ptolemy.util.test.junit.AutoTests" name="[456] /home/travis/build/icyphy/ptII/ptolemy/actor/lib/test/auto/matrixType10.xml (RunModel)" time="0.009" />
  <testcase classname="ptolemy.util.test.junit.AutoTests" name="[457] /home/travis/build/icyphy/ptII/ptolemy/actor/lib/test/auto/matrixType11.xml (RunModel)" time="0.007" />
  <testcase classname="ptolemy.util.test.junit.AutoTests" name="[458] /home/travis/build/icyphy/ptII/ptolemy/actor/lib/test/auto/matrixType12.xml (RunModel)" time="0.009" />
  <testcase classname="ptolemy.util.test.junit.AutoTests" name="[459] /home/travis/build/icyphy/ptII/ptolemy/actor/lib/test/auto/matrixType13.xml (RunModel)" time="0.007" />
  <testcase classname="ptolemy.util.test.junit.AutoTests" name="[460] /home/travis/build/icyphy/ptII/ptolemy/actor/lib/test/auto/matrixType14.xml (RunModel)" time="0.008" />
  <testcase classname="ptolemy.util.test.junit.AutoTests" name="[461] /home/travis/build/icyphy/ptII/ptolemy/actor/lib/test/auto/matrixType2.xml (RunModel)" time="0.008" />
  <testcase classname="ptolemy.util.test.junit.AutoTests" name="[462] /home/travis/build/icyphy/ptII/ptolemy/actor/lib/test/auto/matrixType3.xml (RunModel)" time="0.009" />
  <testcase classname="ptolemy.util.test.junit.AutoTests" name="[463] /home/travis/build/icyphy/ptII/ptolemy/actor/lib/test/auto/matrixType4.xml (RunModel)" time="0.008" />
  <testcase classname="ptolemy.util.test.junit.AutoTests" name="[464] /home/travis/build/icyphy/ptII/ptolemy/actor/lib/test/auto/matrixType5.xml (RunModel)" time="0.007" />
  <testcase classname="ptolemy.util.test.junit.AutoTests" name="[465] /home/travis/build/icyphy/ptII/ptolemy/actor/lib/test/auto/matrixType6.xml (RunModel)" time="0.006" />
  <testcase classname="ptolemy.util.test.junit.AutoTests" name="[466] /home/travis/build/icyphy/ptII/ptolemy/actor/lib/test/auto/matrixType7.xml (RunModel)" time="0.007" />
  <testcase classname="ptolemy.util.test.junit.AutoTests" name="[467] /home/travis/build/icyphy/ptII/ptolemy/actor/lib/test/auto/matrixType8.xml (RunModel)" time="0.008" />
  <testcase classname="ptolemy.util.test.junit.AutoTests" name="[468] /home/travis/build/icyphy/ptII/ptolemy/actor/lib/test/auto/matrixType9.xml (RunModel)" time="0.007" />
  <testcase classname="ptolemy.util.test.junit.AutoTests" name="[469] /home/travis/build/icyphy/ptII/ptolemy/actor/lib/test/auto/paraFunctest.xml (RunModel)" time="0.007" />
  <testcase classname="ptolemy.util.test.junit.AutoTests" name="[470] /home/travis/build/icyphy/ptII/ptolemy/actor/lib/test/auto/paraFunctest2.xml (RunModel)" time="0.012" />
  <testcase classname="ptolemy.util.test.junit.AutoTests" name="[471] /home/travis/build/icyphy/ptII/ptolemy/actor/lib/test/auto/parameterPassing.xml (RunModel)" time="0.007" />
  <testcase classname="ptolemy.util.test.junit.AutoTests" name="[472] /home/travis/build/icyphy/ptII/ptolemy/actor/lib/test/auto/record.xml (RunModel)" time="0.009" />
  <testcase classname="ptolemy.util.test.junit.AutoTests" name="[473] /home/travis/build/icyphy/ptII/ptolemy/actor/lib/test/auto/sizedarray1.xml (RunModel)" time="0.009" />
  <testcase classname="ptolemy.util.test.junit.AutoTests" name="[474] /home/travis/build/icyphy/ptII/ptolemy/actor/lib/test/auto/sizedarray2.xml (RunModel)" time="0.009" />
  <testcase classname="ptolemy.util.test.junit.AutoTests" name="[475] /home/travis/build/icyphy/ptII/ptolemy/actor/lib/test/auto/twoPublishers.xml (RunModel)" time="0.022" />
  <system-out><![CDATA[/home/travis/build/icyphy/ptII/ptolemy/actor/lib/test/AbsoluteValue.tcl
testDefs.tcl: setting time out to 9000 seconds at Wed Oct 30 06:13:30 UTC 2019
89 ms. Memory: 120832K Free: 85956K (71%)
6 ms. Memory: 120832K Free: 84411K (70%)
6 ms. Memory: 120832K Free: 83379K (69%)
5 ms. Memory: 120832K Free: 82884K (69%)
/home/travis/build/icyphy/ptII/ptolemy/actor/lib/test/AddSubtract.tcl
22 ms. Memory: 120832K Free: 80836K (67%)
14 ms. Memory: 120832K Free: 80315K (66%)
14 ms. Memory: 120832K Free: 79298K (66%)
16 ms. Memory: 120832K Free: 78274K (65%)
80 ms. Memory: 120832K Free: 75716K (63%)
7 ms. Memory: 120832K Free: 74692K (62%)
/home/travis/build/icyphy/ptII/ptolemy/actor/lib/test/Average.tcl
17 ms. Memory: 120832K Free: 73154K (61%)
16 ms. Memory: 120832K Free: 72115K (60%)
/home/travis/build/icyphy/ptII/ptolemy/actor/lib/test/Bernoulli.tcl
6 ms. Memory: 120832K Free: 70596K (58%)
2 ms. Memory: 120832K Free: 70082K (58%)
/home/travis/build/icyphy/ptII/ptolemy/actor/lib/test/Clock.tcl
preinitializing
resolving types
initializing
executing number 1
wrapping up
idle
33 ms. Memory: 120832K Free: 67524K (56%)
Completed execution with 5 iterations
preinitializing
resolving types
initializing
executing number 1
wrapping up
idle
5 ms. Memory: 120832K Free: 66500K (55%)
Completed execution with 5 iterations
preinitializing
resolving types
initializing
executing number 1
wrapping up
idle
10 ms. Memory: 120832K Free: 65979K (55%)
Completed execution with 5 iterations
/home/travis/build/icyphy/ptII/ptolemy/actor/lib/test/Commutator.tcl
14 ms. Memory: 120832K Free: 63923K (53%)
21 ms. Memory: 120832K Free: 62914K (52%)
21 ms. Memory: 120832K Free: 57284K (47%)
/home/travis/build/icyphy/ptII/ptolemy/actor/lib/test/Const.tcl
12 ms. Memory: 120832K Free: 55715K (46%)
2 ms. Memory: 120832K Free: 55236K (46%)
4 ms. Memory: 120832K Free: 54722K (45%)
9 ms. Memory: 120832K Free: 54212K (45%)
2 ms. Memory: 120832K Free: 53188K (44%)
22 ms. Memory: 120832K Free: 51650K (43%)
5 ms. Memory: 120832K Free: 50626K (42%)
11 ms. Memory: 120832K Free: 49587K (41%)
/home/travis/build/icyphy/ptII/ptolemy/actor/lib/test/CurrentTime.tcl
preinitializing
resolving types
initializing
executing number 1
wrapping up
idle
20 ms. Memory: 120832K Free: 47554K (39%)
Completed execution with 11 iterations
/home/travis/build/icyphy/ptII/ptolemy/actor/lib/test/DB.tcl
43 ms. Memory: 120832K Free: 107223K (89%)
12 ms. Memory: 120832K Free: 106713K (88%)
1 ms. Memory: 120832K Free: 106713K (88%)
/home/travis/build/icyphy/ptII/ptolemy/actor/lib/test/DiscreteRandomSource.tcl
preinitializing
resolving types
initializing
executing number 1
wrapping up
idle
4 ms. Memory: 120832K Free: 105160K (87%)
Completed execution with 4 iterations
preinitializing
resolving types
initializing
executing number 1
wrapping up
idle
2 ms. Memory: 120832K Free: 104665K (87%)
Completed execution with 4 iterations
preinitializing
resolving types
initializing
executing number 1
wrapping up
idle
2 ms. Memory: 120832K Free: 103934K (86%)
Completed execution with 4 iterations
preinitializing
resolving types
initializing
executing number 1
wrapping up
idle
2 ms. Memory: 120832K Free: 103641K (86%)
Completed execution with 4 iterations
preinitializing
resolving types
initializing
executing number 1
wrapping up
idle
13 ms. Memory: 120832K Free: 103112K (85%)
Completed execution with 4 iterations
/home/travis/build/icyphy/ptII/ptolemy/actor/lib/test/Distributor.tcl
5 ms. Memory: 120832K Free: 105859K (88%)
3 ms. Memory: 120832K Free: 105026K (87%)
StreamChangeRequest.changeExecuted(): <deleteEntity name="rec2"/> succeeded
StreamChangeRequest.changeExecuted(): <deleteRelation name="r2"/> succeeded
StreamChangeRequest.changeExecuted(): Record firings per iteration succeeded
8 ms. Memory: 120832K Free: 102386K (85%)
/home/travis/build/icyphy/ptII/ptolemy/actor/lib/test/Exit.tcl
Exit.tcl: this will print a message about Manager.exitAfterWrapup, which can be ignored.
8 ms. Memory: 120832K Free: 99290K (82%)
/home/travis/build/icyphy/ptII/ptolemy/actor/lib/test/Expression.tcl
13 ms. Memory: 120832K Free: 95841K (79%)
3 ms. Memory: 120832K Free: 95196K (79%)
2 ms. Memory: 120832K Free: 94595K (78%)
preinitializing
resolving types
initializing
executing number 1
wrapping up
idle
7 ms. Memory: 120832K Free: 92770K (77%)
Completed execution with 6 iterations
3 ms. Memory: 120832K Free: 92116K (76%)
2 ms. Memory: 120832K Free: 91523K (76%)
4 ms. Memory: 120832K Free: 90097K (75%)
4 ms. Memory: 120832K Free: 89060K (74%)
4 ms. Memory: 120832K Free: 87604K (73%)
/home/travis/build/icyphy/ptII/ptolemy/actor/lib/test/Gaussian.tcl
13 ms. Memory: 120832K Free: 106242K (88%)
sleeping 1 seconds: .....................................................................................................................................................................................................................................................................................................................................................................................................................................................................................................................................................................................................................................................................................................................................................................................................................................................................................................................................................................................................................................................................................................................................................................................................................................................................................................................................................................................................................................................................................................................................................................................................................................................................................................................................................................................................................................................................................................................................................................................................................................................................................................................................................................................................................................................................................................................................................................................................................................................................................................................................................................................................................................................................................................................................................................................................................................................................................................................................................................................................................................................................................................................................................................................................................................................................................................................................................................................................................................................................................................................................................................................................................................................................................................................................................................................................................................................................................................................................................................................................................................................................................................................................................................................................................................................................................................................................................................................................................................................................................................................................................................................................................................................................................................................................................................................................................................................................................................................................................................................................................................................................................................................................................................................................................................................................................................................................................................................................................................................................................................................................................................................................................................................................................................................................................................................................................................................................................................................................................................................................................................................................................................................................................................................................................................................................................................................................................................................................................................................................................................................................................................................................................................................................................................................................................................................................................................................................................................................................................................................................................................................................................................................................................................................................................................................................................................................................................................................................................................................................................................................................................................................................................................................................................................................................................................................................................................................................................................................................................................................................................................................................................................................................................................................................................................................................................................................................................................................................................................................................................................................................................................................................................................................................................................................................................................................................................................................................................................................................................................................................................................................................................................................................................................................................................................................................................................................................................................................................................................................................................................................................................................................................................................................................................................................................................................................................................................................................................................................................................................................................................................................................................................................................................................................................................................................................................................................................................................................................................................................................................................................................................................................................................................................................................................................................................................................................................................................................................................................................................................................................................................................................................................................................................................................................................................................................................................................................................................................................................................................................................................................................................................................................................................................................................................................................................................................................................................................................................................................................................................................................................................................................................................................................................................................................................................................................................................................................................................................................................................................................................................................................................................................................................................................................................................................................................................................................................................................................................................................................................................................................................................................................................................................................................................................................................................................................................................................................................................................................................................................................................................................................................................................................................................................................................................................................................................................................................................................................................................................................................................................................................................................................................................................................................................................................................................................................................................................................................................................................................................................................................................................................................................................................................................................................................................................................................................................................................................................................................................................................................................................................................................................................................................................................................................................................................................................................................................................................................................................................................................................................................................................................................................................................................................................................................................................................................................................................................................................................................................................................................................................................................................................................................................................................................................................................................................................................................................................................................................................................................................................................................................................................................................................................................................................................................................................................................................................................................................................................................................................................................................................................................................................................................................................................................................................................................................................................................................................................................................................3 ms. Memory: 150528K Free: 98710K (66%)
2 ms. Memory: 150528K Free: 98196K (65%)
2 ms. Memory: 150528K Free: 97686K (65%)
4 ms. Memory: 150528K Free: 96662K (64%)
3 ms. Memory: 150528K Free: 96148K (64%)
/home/travis/build/icyphy/ptII/ptolemy/actor/lib/test/IIR.tcl
/home/travis/build/icyphy/ptII/ptolemy/actor/lib/test/Interpolator.tcl
4 ms. Memory: 150528K Free: 92566K (61%)
2 ms. Memory: 150528K Free: 135759K (90%)
3 ms. Memory: 150528K Free: 134800K (90%)
2 ms. Memory: 150528K Free: 134290K (89%)
6 ms. Memory: 150528K Free: 133762K (89%)
3 ms. Memory: 150528K Free: 132752K (88%)
2 ms. Memory: 150528K Free: 131698K (87%)
12 ms. Memory: 150528K Free: 130704K (87%)
2 ms. Memory: 150528K Free: 130194K (86%)
14 ms. Memory: 150528K Free: 129170K (86%)
/home/travis/build/icyphy/ptII/ptolemy/actor/lib/test/MathFunction.tcl
4 ms. Memory: 150528K Free: 127122K (84%)
2 ms. Memory: 150528K Free: 126098K (84%)
2 ms. Memory: 150528K Free: 125074K (83%)
11 ms. Memory: 150528K Free: 124050K (82%)
3 ms. Memory: 150528K Free: 123026K (82%)
10 ms. Memory: 150528K Free: 120978K (80%)
/home/travis/build/icyphy/ptII/ptolemy/actor/lib/test/Maximum.tcl
5 ms. Memory: 150528K Free: 118930K (79%)
6 ms. Memory: 150528K Free: 118410K (79%)
7 ms. Memory: 150528K Free: 117906K (78%)
7 ms. Memory: 150528K Free: 116882K (78%)
/home/travis/build/icyphy/ptII/ptolemy/actor/lib/test/Minimum.tcl
8 ms. Memory: 150528K Free: 115344K (77%)
3 ms. Memory: 150528K Free: 114834K (76%)
4 ms. Memory: 150528K Free: 113810K (76%)
3 ms. Memory: 150528K Free: 113296K (75%)
/home/travis/build/icyphy/ptII/ptolemy/actor/lib/test/MultiplyDivide.tcl
8 ms. Memory: 150528K Free: 110738K (74%)
10 ms. Memory: 150528K Free: 110210K (73%)
2 ms. Memory: 150528K Free: 109186K (73%)
5 ms. Memory: 150528K Free: 108690K (72%)
3 ms. Memory: 150528K Free: 108170K (72%)
/home/travis/build/icyphy/ptII/ptolemy/actor/lib/test/OrderedMerge.tcl
Connections changed on port: inputA
Connections changed on port: inputB
Connections changed on port: output
Connections changed on port: output
Connections changed on port: output
Connections changed on port: input
.top. Preinitializing ...
Invoking preinitialize():  .top.OrderedMerge
Called preinitialize()
Invoking preinitialize():  .top.Ramp
Called preinitialize()
Invoking preinitialize():  .top.Ramp2
Called preinitialize()
Invoking preinitialize():  .top.Test
Called preinitialize()
Connections changed on port: inputA
Connections changed on port: output
Connections changed on port: output
Connections changed on port: input
Connections changed on port: inputB
Connections changed on port: output
.top. Finished preinitialize().
Called initialize().
Invoking initialize():  .top.OrderedMerge
Initializing actor: .top.OrderedMerge
Adding a thread: .top.OrderedMerge
Invoking initialize():  .top.Ramp
Initializing actor: .top.Ramp
Adding a thread: .top.Ramp
Invoking initialize():  .top.Ramp2
Initializing actor: .top.Ramp2
Adding a thread: .top.Ramp2
Invoking initialize():  .top.Test
Initializing actor: .top.Test
Adding a thread: .top.Test
Called fire().
Checking for deadlock:
-- Starting thread.
Called initialize()
Called prefire()
Called fire()
-- Starting thread.
Called initialize()
-- Starting thread.
Called initialize()
Called prefire()
Called prefire()
Called fire()
-- Starting thread.
Called fire()
There are 0 Blocked actors, 0 Stopped actors, and 4 active threads.
Waiting for actors to stop.
Called initialize()
Called postfire()
Called postfire()
Called prefire()
Called prefire()
Called fire()
Called fire()
Called prefire()
Called fire()
Read input token from inputA with value 0.0
Next port to read input from is inputB
Called postfire()
Called prefire()
Called fire()
Read input token from inputB with value 0.0
Sent output token with value 0.0
Next port to read input from is inputA
Called postfire()
Called prefire()
Called fire()
Checking for deadlock:
There are 1 Blocked actors, 0 Stopped actors, and 4 active threads.
Waiting for actors to stop.
Called postfire()
Called postfire()
Called prefire()
Called fire()
-- Read input: 0.0, which is expected to match: 0.0
Called prefire()
Called fire()
Called prefire()
Called fire()
Checking for deadlock:
There are 3 Blocked actors, 0 Stopped actors, and 4 active threads.
Waiting for actors to stop.
Called postfire()
Checking for deadlock:
Called prefire()
Called fire()
There are 2 Blocked actors, 0 Stopped actors, and 4 active threads.
Waiting for actors to stop.
Checking for deadlock:
There are 3 Blocked actors, 0 Stopped actors, and 4 active threads.
Waiting for actors to stop.
Read input token from inputA with value 1.0
Checking for deadlock:
There are 2 Blocked actors, 0 Stopped actors, and 4 active threads.
Waiting for actors to stop.
-- Read input: 0.0, which is expected to match: 0.0
Called prefire()
Called fire()
Checking for deadlock:
There are 3 Blocked actors, 0 Stopped actors, and 4 active threads.
Waiting for actors to stop.
Sent output token with value 0.0
Next port to read input from is inputB
Called postfire()
Called prefire()
Called fire()
Called postfire()
Called prefire()
Called fire()
Checking for deadlock:
There are 3 Blocked actors, 0 Stopped actors, and 4 active threads.
Waiting for actors to stop.
Read input token from inputB with value 1.5
-- Read input: 1.0, which is expected to match: 1.0
Called prefire()
Called fire()
Checking for deadlock:
There are 3 Blocked actors, 0 Stopped actors, and 4 active threads.
Waiting for actors to stop.
Sent output token with value 1.0
Next port to read input from is inputA
Called postfire()
Called prefire()
Called fire()
Checking for deadlock:
Called postfire()
There are 2 Blocked actors, 0 Stopped actors, and 4 active threads.
Waiting for actors to stop.
Called prefire()
Called fire()
Read input token from inputA with value 2.0
Checking for deadlock:
There are 3 Blocked actors, 0 Stopped actors, and 4 active threads.
Waiting for actors to stop.
Checking for deadlock:
There are 2 Blocked actors, 0 Stopped actors, and 4 active threads.
Waiting for actors to stop.
-- Read input: 1.5, which is expected to match: 1.5
Called prefire()
Called fire()
Checking for deadlock:
There are 3 Blocked actors, 0 Stopped actors, and 4 active threads.
Waiting for actors to stop.
Sent output token with value 1.5
Next port to read input from is inputB
Called postfire()
Called prefire()
Called fire()
Called postfire()
Called prefire()
Called fire()
Checking for deadlock:
There are 3 Blocked actors, 0 Stopped actors, and 4 active threads.
Waiting for actors to stop.
Read input token from inputB with value 3.0
-- Read input: 2.0, which is expected to match: 2.0
Called prefire()
Called fire()
Checking for deadlock:
There are 3 Blocked actors, 0 Stopped actors, and 4 active threads.
Waiting for actors to stop.
Sent output token with value 2.0
Next port to read input from is inputA
Called postfire()
Called prefire()
Called fire()
Checking for deadlock:
Called postfire()
There are 2 Blocked actors, 0 Stopped actors, and 4 active threads.
Waiting for actors to stop.
Called prefire()
Called fire()
Read input token from inputA with value 3.0
Checking for deadlock:
There are 3 Blocked actors, 0 Stopped actors, and 4 active threads.
Waiting for actors to stop.
Checking for deadlock:
There are 2 Blocked actors, 0 Stopped actors, and 4 active threads.
Waiting for actors to stop.
-- Read input: 3.0, which is expected to match: 3.0
Called prefire()
Called fire()
Sent output token with value 3.0
Next port to read input from is inputB
Called postfire()
Called prefire()
Called fire()
Checking for deadlock:
There are 3 Blocked actors, 0 Stopped actors, and 4 active threads.
Waiting for actors to stop.
Called postfire()
Called prefire()
Called fire()
Checking for deadlock:
There are 3 Blocked actors, 0 Stopped actors, and 4 active threads.
Waiting for actors to stop.
Read input token from inputB with value 4.5
-- Read input: 3.0, which is expected to match: 3.0
Called prefire()
Called fire()
Checking for deadlock:
There are 3 Blocked actors, 0 Stopped actors, and 4 active threads.
Waiting for actors to stop.
Sent output token with value 3.0
Next port to read input from is inputA
Called postfire()
Called prefire()
Called fire()
Checking for deadlock:
Called postfire()
There are 2 Blocked actors, 0 Stopped actors, and 4 active threads.
Called prefire()
Called fire()
Read input token from inputA with value 4.0
Waiting for actors to stop.
Checking for deadlock:
There are 2 Blocked actors, 0 Stopped actors, and 4 active threads.
Waiting for actors to stop.
-- Read input: 4.0, which is expected to match: 4.0
Called prefire()
Called fire()
Past the end of training data. Read and discard all inputs.
Checking for deadlock:
There are 3 Blocked actors, 0 Stopped actors, and 4 active threads.
Waiting for actors to stop.
Sent output token with value 4.0
Next port to read input from is inputA
Called postfire()
Called prefire()
Called fire()
Checking for deadlock:
Called postfire()
There are 2 Blocked actors, 0 Stopped actors, and 4 active threads.
Called prefire()
Waiting for actors to stop.
Called fire()
Checking for deadlock:
There are 3 Blocked actors, 0 Stopped actors, and 4 active threads.
Waiting for actors to stop.
Read input token from inputA with value 5.0
Checking for deadlock:
There are 2 Blocked actors, 0 Stopped actors, and 4 active threads.
Waiting for actors to stop.
Called prefire()
Called fire()
Past the end of training data. Read and discard all inputs.
Checking for deadlock:
There are 3 Blocked actors, 0 Stopped actors, and 4 active threads.
Waiting for actors to stop.
Sent output token with value 4.5
Next port to read input from is inputB
Called postfire()
Called prefire()
Called fire()
Called postfire()
Called prefire()
Called fire()
Checking for deadlock:
There are 3 Blocked actors, 0 Stopped actors, and 4 active threads.
Waiting for actors to stop.
Read input token from inputB with value 6.0
Called prefire()
Called fire()
Past the end of training data. Read and discard all inputs.
Checking for deadlock:
There are 3 Blocked actors, 0 Stopped actors, and 4 active threads.
Waiting for actors to stop.
Sent output token with value 5.0
Next port to read input from is inputA
Called postfire()
Called prefire()
Called fire()
Checking for deadlock:
There are 2 Blocked actors, 0 Stopped actors, and 4 active threads.
Waiting for actors to stop.
Called postfire()
Called prefire()
Read input token from inputA with value 6.0
Called fire()
Called prefire()
Called fire()
Past the end of training data. Read and discard all inputs.
Checking for deadlock:
There are 3 Blocked actors, 0 Stopped actors, and 4 active threads.
Waiting for actors to stop.
Sent output token with value 6.0
Next port to read input from is inputB
Called postfire()
Called prefire()
Called fire()
Checking for deadlock:
There are 2 Blocked actors, 0 Stopped actors, and 4 active threads.
Waiting for actors to stop.
Called postfire()
Called prefire()
Called fire()
Checking for deadlock:
There are 3 Blocked actors, 0 Stopped actors, and 4 active threads.
Waiting for actors to stop.
Read input token from inputB with value 7.5
Sent output token with value 6.0
Next port to read input from is inputA
Called postfire()
Called prefire()
Called fire()
Read input token from inputA with value 7.0
Checking for deadlock:
There are 2 Blocked actors, 0 Stopped actors, and 4 active threads.
Waiting for actors to stop.
Called prefire()
Called postfire()
Called fire()
Called prefire()
Past the end of training data. Read and discard all inputs.
Called fire()
Checking for deadlock:
There are 2 Blocked actors, 0 Stopped actors, and 4 active threads.
Waiting for actors to stop.
Checking for deadlock:
There are 2 Blocked actors, 0 Stopped actors, and 4 active threads.
Waiting for actors to stop.
Called prefire()
Called fire()
Past the end of training data. Read and discard all inputs.
Checking for deadlock:
There are 3 Blocked actors, 0 Stopped actors, and 4 active threads.
Waiting for actors to stop.
Sent output token with value 7.0
Next port to read input from is inputA
Called postfire()
Called prefire()
Called fire()
Read input token from inputA with value 8.0
-- Thread wrapup() called.
Called wrapup()
Sent output token with value 7.5
Next port to read input from is inputB
Called postfire()
Called prefire()
Called fire()
Thread .top.Ramp is exiting.
-- Thread stopped.
Checking for deadlock:
There are 1 Blocked actors, 0 Stopped actors, and 3 active threads.
Waiting for actors to stop.
Called prefire()
Called fire()
Past the end of training data. Read and discard all inputs.
Called postfire()
Called prefire()
Called fire()
Checking for deadlock:
There are 2 Blocked actors, 0 Stopped actors, and 3 active threads.
Waiting for actors to stop.
Read input token from inputB with value 9.0
Called prefire()
Called fire()
Past the end of training data. Read and discard all inputs.
Checking for deadlock:
There are 2 Blocked actors, 0 Stopped actors, and 3 active threads.
Waiting for actors to stop.
Sent output token with value 8.0
Next port to read input from is inputA
Called postfire()
Called prefire()
Called fire()
Read input token from inputA with value 9.0
Called prefire()
Called fire()
Past the end of training data. Read and discard all inputs.
Checking for deadlock:
There are 2 Blocked actors, 0 Stopped actors, and 3 active threads.
Waiting for actors to stop.
Sent output token with value 9.0
Next port to read input from is inputB
Called postfire()
Called prefire()
Called fire()
Checking for deadlock:
There are 1 Blocked actors, 0 Stopped actors, and 3 active threads.
Waiting for actors to stop.
Called postfire()
Called prefire()
Called fire()
Checking for deadlock:
There are 2 Blocked actors, 0 Stopped actors, and 3 active threads.
Waiting for actors to stop.
Read input token from inputB with value 10.5
Checking for deadlock:
There are 1 Blocked actors, 0 Stopped actors, and 3 active threads.
Waiting for actors to stop.
Called prefire()
Called fire()
Past the end of training data. Read and discard all inputs.
Checking for deadlock:
There are 2 Blocked actors, 0 Stopped actors, and 3 active threads.
Waiting for actors to stop.
Sent output token with value 9.0
Next port to read input from is inputA
Called postfire()
Called prefire()
Called fire()
Checking for deadlock:
There are 3 Blocked actors, 0 Stopped actors, and 3 active threads.
Actors have stopped.
Checking for deadlock:
There are 3 Blocked actors, 0 Stopped actors, and 3 active threads.
Deadlock detected.
Resolving Deadlock
Checking for deadlock:
There are 3 Blocked actors, 0 Stopped actors, and 3 active threads.
Artificial Deadlock - increasing queue capacity.
increasing the capacity of receiver ptolemy.actor.TypedIOPort {.top.OrderedMerge.inputB} to 2
-- Thread wrapup() called.
Called wrapup()
Thread .top.Ramp2 is exiting.
-- Thread stopped.
Director: Called postfire().
Called postfire().
_stopRequested = false
_stopFireRequested = false
Returning from postfire(): true
Called fire().
Checking for deadlock:
There are 2 Blocked actors, 0 Stopped actors, and 2 active threads.
Actors have stopped.
Checking for deadlock:
There are 2 Blocked actors, 0 Stopped actors, and 2 active threads.
Deadlock detected.
Resolving Deadlock
Checking for deadlock:
There are 2 Blocked actors, 0 Stopped actors, and 2 active threads.
Deadlock detected: no processes blocked on write, but some are blocked on read.
Called postfire().
_stopRequested = false
_stopFireRequested = false
Returning from postfire(): false
Finished deactivating branches.
Called wrapup().
-- Thread wrapup() called.
Called wrapup()
Thread .top.Test is exiting.
-- Thread stopped.
-- Blocked Receiver call threw TerminateProcessException.
-- Thread wrapup() called.
Called wrapup()
Thread .top.OrderedMerge is exiting.
-- Thread stopped.
-- Blocked Receiver call threw TerminateProcessException.
71 ms. Memory: 150528K Free: 103056K (68%)
.top. Preinitializing ...
Invoking preinitialize():  .top.OrderedMerge
Called preinitialize()
Invoking preinitialize():  .top.Ramp
Called preinitialize()
Invoking preinitialize():  .top.Ramp2
Called preinitialize()
Invoking preinitialize():  .top.Test
Called preinitialize()
.top. Finished preinitialize().
Called initialize().
Invoking initialize():  .top.OrderedMerge
Initializing actor: .top.OrderedMerge
Adding a thread: .top.OrderedMerge
Invoking initialize():  .top.Ramp
Initializing actor: .top.Ramp
Adding a thread: .top.Ramp
Invoking initialize():  .top.Ramp2
Initializing actor: .top.Ramp2
Adding a thread: .top.Ramp2
Invoking initialize():  .top.Test
Initializing actor: .top.Test
Adding a thread: .top.Test
-- Starting thread.
Called initialize()
Called prefire()
Called fire()
Called postfire()
Called prefire()
Called fire()
-- Starting thread.
Called initialize()
Called prefire()
Called fire()
Called postfire()
Called prefire()
Called fire()
Called fire().
Checking for deadlock:
There are 2 Blocked actors, 0 Stopped actors, and 4 active threads.
Waiting for actors to stop.
-- Starting thread.
Called initialize()
Called prefire()
Called fire()
Checking for deadlock:
There are 3 Blocked actors, 0 Stopped actors, and 4 active threads.
Waiting for actors to stop.
-- Starting thread.
Called initialize()
Called prefire()
Called fire()
Checking for deadlock:
There are 2 Blocked actors, 0 Stopped actors, and 4 active threads.
Waiting for actors to stop.
Called postfire()
Called prefire()
Called fire()
Checking for deadlock:
There are 3 Blocked actors, 0 Stopped actors, and 4 active threads.
Waiting for actors to stop.
Read input token from inputA with value 0.0
Next port to read input from is inputB
Called postfire()
Called prefire()
Called fire()
Called postfire()
Called prefire()
Called fire()
Checking for deadlock:
There are 3 Blocked actors, 0 Stopped actors, and 4 active threads.
Waiting for actors to stop.
Read input token from inputB with value 0.0
-- Read input: 0.0, which is expected to match: 0.0
Called prefire()
Called fire()
Checking for deadlock:
There are 3 Blocked actors, 0 Stopped actors, and 4 active threads.
Waiting for actors to stop.
Sent output token with value 0.0
Next port to read input from is inputA
Called postfire()
Called prefire()
Called fire()
Checking for deadlock:
There are 2 Blocked actors, 0 Stopped actors, and 4 active threads.
Waiting for actors to stop.
Called postfire()
Called prefire()
Called fire()
Checking for deadlock:
There are 3 Blocked actors, 0 Stopped actors, and 4 active threads.
Waiting for actors to stop.
Read input token from inputA with value 1.0
Checking for deadlock:
There are 2 Blocked actors, 0 Stopped actors, and 4 active threads.
Waiting for actors to stop.
-- Read input: 0.0, which is expected to match: 0.0
Called prefire()
Called fire()
Checking for deadlock:
There are 3 Blocked actors, 0 Stopped actors, and 4 active threads.
Waiting for actors to stop.
Sent output token with value 0.0
Next port to read input from is inputB
Called postfire()
Called prefire()
Called fire()
Checking for deadlock:
There are 2 Blocked actors, 0 Stopped actors, and 4 active threads.
Waiting for actors to stop.
Called postfire()
Called prefire()
Called fire()
Checking for deadlock:
There are 3 Blocked actors, 0 Stopped actors, and 4 active threads.
Waiting for actors to stop.
Read input token from inputB with value 1.5
Checking for deadlock:
There are 2 Blocked actors, 0 Stopped actors, and 4 active threads.
Waiting for actors to stop.
-- Read input: 1.0, which is expected to match: 1.0
Called prefire()
Called fire()
Checking for deadlock:
There are 3 Blocked actors, 0 Stopped actors, and 4 active threads.
Waiting for actors to stop.
Sent output token with value 1.0
Next port to read input from is inputA
Called postfire()
Called prefire()
Called fire()
Checking for deadlock:
There are 2 Blocked actors, 0 Stopped actors, and 4 active threads.
Waiting for actors to stop.
Called postfire()
Called prefire()
Called fire()
Checking for deadlock:
There are 3 Blocked actors, 0 Stopped actors, and 4 active threads.
Waiting for actors to stop.
Read input token from inputA with value 2.0
Checking for deadlock:
There are 2 Blocked actors, 0 Stopped actors, and 4 active threads.
Waiting for actors to stop.
-- Read input: 1.5, which is expected to match: 1.5
Called prefire()
Called fire()
Checking for deadlock:
There are 3 Blocked actors, 0 Stopped actors, and 4 active threads.
Waiting for actors to stop.
Sent output token with value 1.5
Next port to read input from is inputB
Called postfire()
Called prefire()
Called fire()
Called postfire()
Called prefire()
Called fire()
Checking for deadlock:
There are 3 Blocked actors, 0 Stopped actors, and 4 active threads.
Waiting for actors to stop.
Read input token from inputB with value 3.0
-- Read input: 2.0, which is expected to match: 2.0
Called prefire()
Called fire()
Checking for deadlock:
There are 3 Blocked actors, 0 Stopped actors, and 4 active threads.
Waiting for actors to stop.
Sent output token with value 2.0
Next port to read input from is inputA
Called postfire()
Called prefire()
Called fire()
Checking for deadlock:
There are 2 Blocked actors, 0 Stopped actors, and 4 active threads.
Waiting for actors to stop.
Called postfire()
Called prefire()
Called fire()
Checking for deadlock:
There are 3 Blocked actors, 0 Stopped actors, and 4 active threads.
Waiting for actors to stop.
Read input token from inputA with value 3.0
Checking for deadlock:
There are 2 Blocked actors, 0 Stopped actors, and 4 active threads.
Waiting for actors to stop.
-- Read input: 3.0, which is expected to match: 3.0
Called prefire()
Called fire()
Checking for deadlock:
There are 3 Blocked actors, 0 Stopped actors, and 4 active threads.
Waiting for actors to stop.
Sent output token with value 3.0
Next port to read input from is inputB
Called postfire()
Called prefire()
Called fire()
Checking for deadlock:
There are 2 Blocked actors, 0 Stopped actors, and 4 active threads.
Waiting for actors to stop.
Called postfire()
Called prefire()
Called fire()
Checking for deadlock:
There are 3 Blocked actors, 0 Stopped actors, and 4 active threads.
Waiting for actors to stop.
Read input token from inputB with value 4.5
Checking for deadlock:
There are 2 Blocked actors, 0 Stopped actors, and 4 active threads.
Waiting for actors to stop.
-- Read input: 3.0, which is expected to match: 3.0
Called prefire()
Called fire()
Checking for deadlock:
There are 3 Blocked actors, 0 Stopped actors, and 4 active threads.
Waiting for actors to stop.
Sent output token with value 3.0
Next port to read input from is inputA
Called postfire()
Called prefire()
Called fire()
Checking for deadlock:
There are 2 Blocked actors, 0 Stopped actors, and 4 active threads.
Waiting for actors to stop.
Called postfire()
Called prefire()
Called fire()
Checking for deadlock:
There are 3 Blocked actors, 0 Stopped actors, and 4 active threads.
Waiting for actors to stop.
Read input token from inputA with value 4.0
Checking for deadlock:
There are 2 Blocked actors, 0 Stopped actors, and 4 active threads.
Waiting for actors to stop.
-- Read input: 4.0, which is expected to match: 4.0
Called prefire()
Called fire()
Past the end of training data. Read and discard all inputs.
Checking for deadlock:
There are 3 Blocked actors, 0 Stopped actors, and 4 active threads.
Waiting for actors to stop.
Sent output token with value 4.0
Next port to read input from is inputA
Called postfire()
Called prefire()
Called fire()
Checking for deadlock:
There are 2 Blocked actors, 0 Stopped actors, and 4 active threads.
Waiting for actors to stop.
Called postfire()
Called prefire()
Called fire()
Checking for deadlock:
There are 3 Blocked actors, 0 Stopped actors, and 4 active threads.
Waiting for actors to stop.
Read input token from inputA with value 5.0
Checking for deadlock:
There are 2 Blocked actors, 0 Stopped actors, and 4 active threads.
Waiting for actors to stop.
Called prefire()
Called fire()
Past the end of training data. Read and discard all inputs.
Checking for deadlock:
There are 3 Blocked actors, 0 Stopped actors, and 4 active threads.
Waiting for actors to stop.
Sent output token with value 4.5
Next port to read input from is inputB
Called postfire()
Called prefire()
Called fire()
Checking for deadlock:
There are 2 Blocked actors, 0 Stopped actors, and 4 active threads.
Waiting for actors to stop.
Called postfire()
Called prefire()
Called fire()
Checking for deadlock:
There are 3 Blocked actors, 0 Stopped actors, and 4 active threads.
Waiting for actors to stop.
Read input token from inputB with value 6.0
Checking for deadlock:
There are 2 Blocked actors, 0 Stopped actors, and 4 active threads.
Waiting for actors to stop.
Called prefire()
Called fire()
Past the end of training data. Read and discard all inputs.
Checking for deadlock:
There are 3 Blocked actors, 0 Stopped actors, and 4 active threads.
Waiting for actors to stop.
Sent output token with value 5.0
Next port to read input from is inputA
Called postfire()
Called prefire()
Called fire()
Called postfire()
Called prefire()
Called fire()
Checking for deadlock:
There are 3 Blocked actors, 0 Stopped actors, and 4 active threads.
Waiting for actors to stop.
Read input token from inputA with value 6.0
Called prefire()
Called fire()
Past the end of training data. Read and discard all inputs.
Checking for deadlock:
There are 3 Blocked actors, 0 Stopped actors, and 4 active threads.
Waiting for actors to stop.
Sent output token with value 6.0
Next port to read input from is inputB
Called postfire()
Called prefire()
Called fire()
Checking for deadlock:
There are 2 Blocked actors, 0 Stopped actors, and 4 active threads.
Waiting for actors to stop.
Called postfire()
Called prefire()
Called fire()
Checking for deadlock:
There are 3 Blocked actors, 0 Stopped actors, and 4 active threads.
Waiting for actors to stop.
Read input token from inputB with value 7.5
Checking for deadlock:
There are 2 Blocked actors, 0 Stopped actors, and 4 active threads.
Waiting for actors to stop.
Called prefire()
Called fire()
Past the end of training data. Read and discard all inputs.
Checking for deadlock:
There are 3 Blocked actors, 0 Stopped actors, and 4 active threads.
Waiting for actors to stop.
Sent output token with value 6.0
Next port to read input from is inputA
Called postfire()
Called prefire()
Called fire()
Called postfire()
Called prefire()
Called fire()
Checking for deadlock:
There are 3 Blocked actors, 0 Stopped actors, and 4 active threads.
Waiting for actors to stop.
Read input token from inputA with value 7.0
Called prefire()
Called fire()
Past the end of training data. Read and discard all inputs.
Checking for deadlock:
There are 3 Blocked actors, 0 Stopped actors, and 4 active threads.
Waiting for actors to stop.
Sent output token with value 7.0
Next port to read input from is inputA
Called postfire()
Called prefire()
Called fire()
-- Thread wrapup() called.
Called wrapup()
Thread .top.Ramp is exiting.
-- Thread stopped.
Checking for deadlock:
There are 2 Blocked actors, 0 Stopped actors, and 3 active threads.
Waiting for actors to stop.
Read input token from inputA with value 8.0
Checking for deadlock:
There are 1 Blocked actors, 0 Stopped actors, and 3 active threads.
Waiting for actors to stop.
Called prefire()
Called fire()
Past the end of training data. Read and discard all inputs.
Checking for deadlock:
There are 2 Blocked actors, 0 Stopped actors, and 3 active threads.
Waiting for actors to stop.
Sent output token with value 7.5
Next port to read input from is inputB
Called postfire()
Called prefire()
Called fire()
Checking for deadlock:
There are 1 Blocked actors, 0 Stopped actors, and 3 active threads.
Waiting for actors to stop.
Called postfire()
Called prefire()
Called fire()
Checking for deadlock:
There are 2 Blocked actors, 0 Stopped actors, and 3 active threads.
Waiting for actors to stop.
Read input token from inputB with value 9.0
Checking for deadlock:
There are 1 Blocked actors, 0 Stopped actors, and 3 active threads.
Waiting for actors to stop.
Called prefire()
Called fire()
Past the end of training data. Read and discard all inputs.
Checking for deadlock:
There are 2 Blocked actors, 0 Stopped actors, and 3 active threads.
Waiting for actors to stop.
Sent output token with value 8.0
Next port to read input from is inputA
Called postfire()
Called prefire()
Called fire()
Read input token from inputA with value 9.0
Called prefire()
Called fire()
Past the end of training data. Read and discard all inputs.
Checking for deadlock:
There are 2 Blocked actors, 0 Stopped actors, and 3 active threads.
Waiting for actors to stop.
Sent output token with value 9.0
Next port to read input from is inputB
Called postfire()
Called prefire()
Called fire()
Called postfire()
Called prefire()
Called fire()
Checking for deadlock:
There are 2 Blocked actors, 0 Stopped actors, and 3 active threads.
Waiting for actors to stop.
Read input token from inputB with value 10.5
Called prefire()
Called fire()
Past the end of training data. Read and discard all inputs.
Checking for deadlock:
There are 2 Blocked actors, 0 Stopped actors, and 3 active threads.
Waiting for actors to stop.
Sent output token with value 9.0
Next port to read input from is inputA
Called postfire()
Called prefire()
Called fire()
Checking for deadlock:
There are 3 Blocked actors, 0 Stopped actors, and 3 active threads.
Actors have stopped.
Checking for deadlock:
There are 3 Blocked actors, 0 Stopped actors, and 3 active threads.
Deadlock detected.
Resolving Deadlock
Checking for deadlock:
There are 3 Blocked actors, 0 Stopped actors, and 3 active threads.
Artificial Deadlock - increasing queue capacity.
increasing the capacity of receiver ptolemy.actor.TypedIOPort {.top.OrderedMerge.inputB} to 2
Director: Called postfire().
Called postfire().
_stopRequested = false
_stopFireRequested = false
Returning from postfire(): true
Called fire().
Checking for deadlock:
There are 2 Blocked actors, 0 Stopped actors, and 3 active threads.
Waiting for actors to stop.
-- Thread wrapup() called.
Called wrapup()
Thread .top.Ramp2 is exiting.
-- Thread stopped.
Checking for deadlock:
There are 2 Blocked actors, 0 Stopped actors, and 2 active threads.
Actors have stopped.
Checking for deadlock:
There are 2 Blocked actors, 0 Stopped actors, and 2 active threads.
Deadlock detected.
Resolving Deadlock
Checking for deadlock:
There are 2 Blocked actors, 0 Stopped actors, and 2 active threads.
Deadlock detected: no processes blocked on write, but some are blocked on read.
Called postfire().
_stopRequested = false
_stopFireRequested = false
Returning from postfire(): false
Finished deactivating branches.
Called wrapup().
-- Thread wrapup() called.
Called wrapup()
-- Thread wrapup() called.
Called wrapup()
Thread .top.Test is exiting.
-- Thread stopped.
-- Blocked Receiver call threw TerminateProcessException.
Thread .top.OrderedMerge is exiting.
-- Thread stopped.
-- Blocked Receiver call threw TerminateProcessException.
35 ms. Memory: 150528K Free: 100498K (67%)
/home/travis/build/icyphy/ptII/ptolemy/actor/lib/test/Publisher.tcl
35 ms. Memory: 150528K Free: 134824K (90%)
13 ms. Memory: 150528K Free: 129192K (86%)
3 ms. Memory: 150528K Free: 125576K (83%)
4 ms. Memory: 150528K Free: 124582K (83%)
2 ms. Memory: 150528K Free: 124072K (82%)
3 ms. Memory: 150528K Free: 123048K (82%)
2 ms. Memory: 150528K Free: 122504K (81%)
6 ms. Memory: 150528K Free: 121510K (81%)
19 ms. Memory: 150528K Free: 111270K (74%)
5 ms. Memory: 150528K Free: 107688K (72%)
2 ms. Memory: 150528K Free: 106664K (71%)
8 ms. Memory: 150528K Free: 104616K (69%)
6 ms. Memory: 150528K Free: 96904K (64%)
5 ms. Memory: 150528K Free: 87718K (58%)
11 ms. Memory: 150528K Free: 76454K (51%)
/home/travis/build/icyphy/ptII/ptolemy/actor/lib/test/Pulse.tcl
2 ms. Memory: 150528K Free: 105080K (70%)
9 ms. Memory: 150528K Free: 104566K (69%)
1 ms. Memory: 150528K Free: 104056K (69%)
1 ms. Memory: 150528K Free: 103542K (69%)
1 ms. Memory: 150528K Free: 103032K (68%)
15 ms. Memory: 150528K Free: 101494K (67%)
5 ms. Memory: 150528K Free: 100470K (67%)
4 ms. Memory: 150528K Free: 99960K (66%)
4 ms. Memory: 150528K Free: 99446K (66%)
/home/travis/build/icyphy/ptII/ptolemy/actor/lib/test/Ramp.tcl
5 ms. Memory: 150528K Free: 97384K (65%)
4 ms. Memory: 150528K Free: 96374K (64%)
3 ms. Memory: 150528K Free: 95864K (64%)
2 ms. Memory: 150528K Free: 94840K (63%)
4 ms. Memory: 150528K Free: 94312K (63%)
9 ms. Memory: 150528K Free: 93302K (62%)
6 ms. Memory: 150528K Free: 92278K (61%)
5 actors
5000 microseconds per iteration to create
15 ms. Memory: 150528K Free: 89720K (60%)
1 ms. Memory: 150528K Free: 89192K (59%)
2 ms. Memory: 150528K Free: 88696K (59%)
2 ms. Memory: 150528K Free: 88168K (59%)
50 actors
51000 microseconds per iteration to create
49 ms. Memory: 150528K Free: 72312K (48%)
7 ms. Memory: 150528K Free: 71288K (47%)
4 ms. Memory: 150528K Free: 70264K (47%)
16 ms. Memory: 150528K Free: 69240K (46%)
500 actors
1620000 microseconds per iteration to create
253 ms. Memory: 181248K Free: 158265K (87%)
50 ms. Memory: 181248K Free: 152635K (84%)
35 ms. Memory: 181248K Free: 147515K (81%)
34 ms. Memory: 181248K Free: 142395K (79%)
/home/travis/build/icyphy/ptII/ptolemy/actor/lib/test/RampContinuous.tcl
9 ms. Memory: 181248K Free: 140857K (78%)
/home/travis/build/icyphy/ptII/ptolemy/actor/lib/test/RecordAssembler.tcl
5 ms. Memory: 181248K Free: 139323K (77%)
3 ms. Memory: 181248K Free: 138299K (76%)
/home/travis/build/icyphy/ptII/ptolemy/actor/lib/test/RecordDisassembler.tcl
13 ms. Memory: 181248K Free: 136746K (75%)
4 ms. Memory: 181248K Free: 136251K (75%)
4 ms. Memory: 181248K Free: 134713K (74%)
/home/travis/build/icyphy/ptII/ptolemy/actor/lib/test/Scale.tcl
2 ms. Memory: 181248K Free: 133179K (73%)
1 ms. Memory: 181248K Free: 132155K (73%)
2 ms. Memory: 181248K Free: 131634K (73%)
2 ms. Memory: 181248K Free: 130602K (72%)
6 ms. Memory: 181248K Free: 129578K (71%)
/home/travis/build/icyphy/ptII/ptolemy/actor/lib/test/SequentialClock.tcl
preinitializing
resolving types
initializing
executing number 1
wrapping up
idle
6 ms. Memory: 181248K Free: 128538K (71%)
Completed execution with 5 iterations
preinitializing
resolving types
initializing
executing number 1
wrapping up
idle
1 ms. Memory: 181248K Free: 128059K (71%)
Completed execution with 5 iterations
preinitializing
resolving types
initializing
executing number 1
wrapping up
idle
1 ms. Memory: 181248K Free: 127545K (70%)
Completed execution with 5 iterations
/home/travis/build/icyphy/ptII/ptolemy/actor/lib/test/SetVariable.tcl
3 ms. Memory: 181248K Free: 125497K (69%)


==== $PTII/ptolemy/actor/lib/test/SetVariable.tcl: SetVariable-3.1 changeFailed
==== Contents of test case:

    #Uses 2.1 above
    jdkCaptureErr {
        # This test was failing if we ran Exit.tcl and then this test.
        # MessageHandler.error() now actually throws the Exception.
	catch {$setVariable changeFailed [java::null]  [java::new Exception {Test exception for SetVariable.changeFailed()}]} errMsg
    } results
    list [string range $results 0 89] "\n" $errMsg

==== Result was:
{java.lang.Exception: Test exception for SetVariable.changeFailed()
	at java.base/jdk.inter} {
} {java.lang.RuntimeException: java.lang.Exception: Test exception for SetVariable.changeFailed()}
---- Result should have been:
{Failed to set variable.
java.lang.Exception: Test exception for SetVariable.changeFailed()} {
} {java.lang.RuntimeException: java.lang.Exception: Test exception for SetVariable.changeFailed()}
---- SetVariable-3.1 FAILED
/home/travis/build/icyphy/ptII/ptolemy/actor/lib/test/Sinewave.tcl
/home/travis/build/icyphy/ptII/ptolemy/actor/lib/test/SubscriptionAggregator.tcl
4 ms. Memory: 181248K Free: 113723K (63%)
2 ms. Memory: 181248K Free: 112699K (62%)
0 ms. Memory: 181248K Free: 112699K (62%)
0 ms. Memory: 181248K Free: 112185K (62%)
1 ms. Memory: 181248K Free: 108603K (60%)
8 ms. Memory: 181248K Free: 106555K (59%)
...............................................................1147 ms. Memory: 275456K Free: 205658K (75%)
/home/travis/build/icyphy/ptII/ptolemy/actor/lib/test/Test.tcl
 The next command will produce a warning about training mode,
   which may be ignored.
16 ms. Memory: 275456K Free: 203612K (74%)
4 ms. Memory: 275456K Free: 203098K (74%)
2 ms. Memory: 275456K Free: 202060K (73%)
5 ms. Memory: 275456K Free: 201564K (73%)
3 ms. Memory: 275456K Free: 201050K (73%)
3 ms. Memory: 275456K Free: 200012K (73%)
13 ms. Memory: 275456K Free: 198492K (72%)
 The next command will produce a warning about training mode,
   which may be ignored.
3 ms. Memory: 275456K Free: 195930K (71%)
 The next command will produce a warning about training mode,
   which may be ignored.
2 ms. Memory: 275456K Free: 194892K (71%)
1 ms. Memory: 275456K Free: 194396K (71%)
1 ms. Memory: 275456K Free: 193876K (70%)
9 ms. Memory: 275456K Free: 193372K (70%)
6 ms. Memory: 275456K Free: 192348K (70%)
4 ms. Memory: 275456K Free: 188756K (69%)
/home/travis/build/icyphy/ptII/ptolemy/actor/lib/test/TestExceptionHandler.tcl
 The next command will produce a warning about training mode,
   which may be ignored.
2 ms. Memory: 275456K Free: 187228K (68%)
0 ms. Memory: 275456K Free: 186708K (68%)
1 ms. Memory: 275456K Free: 186204K (68%)
/home/travis/build/icyphy/ptII/ptolemy/actor/lib/test/UnionDisassembler.tcl
26 ms. Memory: 275456K Free: 179036K (65%)
/home/travis/build/icyphy/ptII/ptolemy/actor/lib/test/VariableClock.tcl
preinitializing
resolving types
initializing
executing number 1
wrapping up
idle
12 ms. Memory: 275456K Free: 177484K (64%)
Completed execution with 11 iterations
preinitializing
resolving types
initializing
executing number 1
wrapping up
idle
4 ms. Memory: 275456K Free: 175964K (64%)
Completed execution with 10 iterations
10/30/19 06:13:38
Failed: 1  Total Tests: 234  ((Passed: 233, Newly Passed: 0)  Known Failed: 0) /home/travis/build/icyphy/ptII/ptolemy/actor/lib/test
----------------- testing (KnownFailure) /home/travis/build/icyphy/ptII/ptolemy/actor/lib/test/auto/knownFailedTests/PublisherPortToplevelSubscriber.xml
1 ms. Memory: 275456K Free: 172378K (63%)
Known Failure: java.lang.reflect.InvocationTargetException
----------------- testing (KnownFailure) /home/travis/build/icyphy/ptII/ptolemy/actor/lib/test/auto/knownFailedTests/PublisherSubscriberPortToplevel.xml
1 ms. Memory: 275456K Free: 168282K (61%)
Known Failure: java.lang.reflect.InvocationTargetException
----------------- testing (KnownFailure) /home/travis/build/icyphy/ptII/ptolemy/actor/lib/test/auto/knownFailedTests/PublisherSubscriptionAggregatorPort.xml
0 ms. Memory: 275456K Free: 164186K (60%)
Known Failure: java.lang.reflect.InvocationTargetException
----------------- testing (KnownFailure) /home/travis/build/icyphy/ptII/ptolemy/actor/lib/test/auto/knownFailedTests/sizedarray3.xml
4 ms. Memory: 275456K Free: 160090K (58%)
Known Failure: java.lang.reflect.InvocationTargetException
No auto/linux-amd64/*.xml tests in /home/travis/build/icyphy/ptII/ptolemy/actor/lib/test
AutoTests.java: About to close Vertx.
AutoTests.java: Vertx closed.

===========================================================================================
----------------- testing Wed Oct 30 06:13:38 UTC 2019 /home/travis/build/icyphy/ptII/ptolemy/actor/lib/test/auto/AbsoluteValue.xml
----------------- Instantiating /home/travis/build/icyphy/ptII/ptolemy/actor/lib/test/auto/AbsoluteValue.xml
5 ms. Memory: 275456K Free: 136538K (50%)
----------------- Invoking toplevel() on ptolemy.moml.MoMLSimpleApplication@214c8fc9
----------------- Done invoking toplevel() on ptolemy.moml.MoMLSimpleApplication@214c8fc9
reloadAllAccessors: .AbsoluteValue

===========================================================================================
----------------- testing Wed Oct 30 06:13:39 UTC 2019 /home/travis/build/icyphy/ptII/ptolemy/actor/lib/test/auto/AbsoluteValue2.xml
----------------- Instantiating /home/travis/build/icyphy/ptII/ptolemy/actor/lib/test/auto/AbsoluteValue2.xml
5 ms. Memory: 275456K Free: 129884K (47%)
----------------- Invoking toplevel() on ptolemy.moml.MoMLSimpleApplication@4dc4e154
----------------- Done invoking toplevel() on ptolemy.moml.MoMLSimpleApplication@4dc4e154
reloadAllAccessors: .AbsoluteValue2

===========================================================================================
----------------- testing Wed Oct 30 06:13:39 UTC 2019 /home/travis/build/icyphy/ptII/ptolemy/actor/lib/test/auto/Accumulator.xml
----------------- Instantiating /home/travis/build/icyphy/ptII/ptolemy/actor/lib/test/auto/Accumulator.xml
6 ms. Memory: 275456K Free: 123740K (45%)
----------------- Invoking toplevel() on ptolemy.moml.MoMLSimpleApplication@bf2f0b0
----------------- Done invoking toplevel() on ptolemy.moml.MoMLSimpleApplication@bf2f0b0
reloadAllAccessors: .Accumulator

===========================================================================================
----------------- testing Wed Oct 30 06:13:39 UTC 2019 /home/travis/build/icyphy/ptII/ptolemy/actor/lib/test/auto/Accumulator2.xml
----------------- Instantiating /home/travis/build/icyphy/ptII/ptolemy/actor/lib/test/auto/Accumulator2.xml
4 ms. Memory: 275456K Free: 118106K (43%)
----------------- Invoking toplevel() on ptolemy.moml.MoMLSimpleApplication@77f1d419
----------------- Done invoking toplevel() on ptolemy.moml.MoMLSimpleApplication@77f1d419
reloadAllAccessors: .Accumulator2

===========================================================================================
----------------- testing Wed Oct 30 06:13:39 UTC 2019 /home/travis/build/icyphy/ptII/ptolemy/actor/lib/test/auto/Accumulator3.xml
----------------- Instantiating /home/travis/build/icyphy/ptII/ptolemy/actor/lib/test/auto/Accumulator3.xml
2 ms. Memory: 275456K Free: 114010K (41%)
----------------- Invoking toplevel() on ptolemy.moml.MoMLSimpleApplication@4203e7a8
----------------- Done invoking toplevel() on ptolemy.moml.MoMLSimpleApplication@4203e7a8
reloadAllAccessors: .Accumulator3

===========================================================================================
----------------- testing Wed Oct 30 06:13:39 UTC 2019 /home/travis/build/icyphy/ptII/ptolemy/actor/lib/test/auto/ArrayAppend.xml
----------------- Instantiating /home/travis/build/icyphy/ptII/ptolemy/actor/lib/test/auto/ArrayAppend.xml
5 ms. Memory: 275456K Free: 107852K (39%)
----------------- Invoking toplevel() on ptolemy.moml.MoMLSimpleApplication@32a98e5d
----------------- Done invoking toplevel() on ptolemy.moml.MoMLSimpleApplication@32a98e5d
reloadAllAccessors: .ArrayAppend

===========================================================================================
----------------- testing Wed Oct 30 06:13:39 UTC 2019 /home/travis/build/icyphy/ptII/ptolemy/actor/lib/test/auto/ArrayAppend2.xml
----------------- Instantiating /home/travis/build/icyphy/ptII/ptolemy/actor/lib/test/auto/ArrayAppend2.xml
409 ms. Memory: 275456K Free: 171348K (62%)
----------------- Invoking toplevel() on ptolemy.moml.MoMLSimpleApplication@1ba86a01
----------------- Done invoking toplevel() on ptolemy.moml.MoMLSimpleApplication@1ba86a01
reloadAllAccessors: .ArrayAppend2

===========================================================================================
----------------- testing Wed Oct 30 06:13:39 UTC 2019 /home/travis/build/icyphy/ptII/ptolemy/actor/lib/test/auto/ArrayAppend3.xml
----------------- Instantiating /home/travis/build/icyphy/ptII/ptolemy/actor/lib/test/auto/ArrayAppend3.xml
3 ms. Memory: 275456K Free: 166189K (60%)
----------------- Invoking toplevel() on ptolemy.moml.MoMLSimpleApplication@3422efca
----------------- Done invoking toplevel() on ptolemy.moml.MoMLSimpleApplication@3422efca
reloadAllAccessors: .ArrayAppend3

===========================================================================================
----------------- testing Wed Oct 30 06:13:39 UTC 2019 /home/travis/build/icyphy/ptII/ptolemy/actor/lib/test/auto/ArrayAppend4.xml
----------------- Instantiating /home/travis/build/icyphy/ptII/ptolemy/actor/lib/test/auto/ArrayAppend4.xml
2 ms. Memory: 275456K Free: 160559K (58%)
----------------- Invoking toplevel() on ptolemy.moml.MoMLSimpleApplication@2a354764
----------------- Done invoking toplevel() on ptolemy.moml.MoMLSimpleApplication@2a354764
reloadAllAccessors: .ArrayAppend4

===========================================================================================
----------------- testing Wed Oct 30 06:13:39 UTC 2019 /home/travis/build/icyphy/ptII/ptolemy/actor/lib/test/auto/ArrayAppend5.xml
----------------- Instantiating /home/travis/build/icyphy/ptII/ptolemy/actor/lib/test/auto/ArrayAppend5.xml
4 ms. Memory: 275456K Free: 155949K (57%)
----------------- Invoking toplevel() on ptolemy.moml.MoMLSimpleApplication@2a4c5588
----------------- Done invoking toplevel() on ptolemy.moml.MoMLSimpleApplication@2a4c5588
reloadAllAccessors: .ArrayAppend5

===========================================================================================
----------------- testing Wed Oct 30 06:13:39 UTC 2019 /home/travis/build/icyphy/ptII/ptolemy/actor/lib/test/auto/ArrayAppend6.xml
----------------- Instantiating /home/travis/build/icyphy/ptII/ptolemy/actor/lib/test/auto/ArrayAppend6.xml
2 ms. Memory: 275456K Free: 150829K (55%)
----------------- Invoking toplevel() on ptolemy.moml.MoMLSimpleApplication@3ad22d80
----------------- Done invoking toplevel() on ptolemy.moml.MoMLSimpleApplication@3ad22d80
reloadAllAccessors: .ArrayAppend6

===========================================================================================
----------------- testing Wed Oct 30 06:13:39 UTC 2019 /home/travis/build/icyphy/ptII/ptolemy/actor/lib/test/auto/ArrayAppendPerformanceTest.xml
----------------- Instantiating /home/travis/build/icyphy/ptII/ptolemy/actor/lib/test/auto/ArrayAppendPerformanceTest.xml
44 ms. Memory: 275456K Free: 140079K (51%)
----------------- Invoking toplevel() on ptolemy.moml.MoMLSimpleApplication@16402eda
----------------- Done invoking toplevel() on ptolemy.moml.MoMLSimpleApplication@16402eda
reloadAllAccessors: .ArrayAppendPerformanceTest

===========================================================================================
----------------- testing Wed Oct 30 06:13:39 UTC 2019 /home/travis/build/icyphy/ptII/ptolemy/actor/lib/test/auto/ArrayAppendWithEmptyInput.xml
----------------- Instantiating /home/travis/build/icyphy/ptII/ptolemy/actor/lib/test/auto/ArrayAppendWithEmptyInput.xml
19 ms. Memory: 275456K Free: 131887K (48%)
----------------- Invoking toplevel() on ptolemy.moml.MoMLSimpleApplication@4093c37b
----------------- Done invoking toplevel() on ptolemy.moml.MoMLSimpleApplication@4093c37b
reloadAllAccessors: .ArrayAppendWithEmptyInput

===========================================================================================
----------------- testing Wed Oct 30 06:13:39 UTC 2019 /home/travis/build/icyphy/ptII/ptolemy/actor/lib/test/auto/ArrayAverage.xml
----------------- Instantiating /home/travis/build/icyphy/ptII/ptolemy/actor/lib/test/auto/ArrayAverage.xml
4 ms. Memory: 275456K Free: 124205K (45%)
----------------- Invoking toplevel() on ptolemy.moml.MoMLSimpleApplication@6737c8a0
----------------- Done invoking toplevel() on ptolemy.moml.MoMLSimpleApplication@6737c8a0
reloadAllAccessors: .ArrayAverage

===========================================================================================
----------------- testing Wed Oct 30 06:13:40 UTC 2019 /home/travis/build/icyphy/ptII/ptolemy/actor/lib/test/auto/ArrayContains.xml
----------------- Instantiating /home/travis/build/icyphy/ptII/ptolemy/actor/lib/test/auto/ArrayContains.xml
13 ms. Memory: 275456K Free: 118061K (43%)
----------------- Invoking toplevel() on ptolemy.moml.MoMLSimpleApplication@144cc3d9
----------------- Done invoking toplevel() on ptolemy.moml.MoMLSimpleApplication@144cc3d9
reloadAllAccessors: .ArrayContains

===========================================================================================
----------------- testing Wed Oct 30 06:13:40 UTC 2019 /home/travis/build/icyphy/ptII/ptolemy/actor/lib/test/auto/ArrayElement.xml
----------------- Instantiating /home/travis/build/icyphy/ptII/ptolemy/actor/lib/test/auto/ArrayElement.xml
4 ms. Memory: 275456K Free: 112431K (41%)
----------------- Invoking toplevel() on ptolemy.moml.MoMLSimpleApplication@32d69bde
----------------- Done invoking toplevel() on ptolemy.moml.MoMLSimpleApplication@32d69bde
reloadAllAccessors: .ArrayElement

===========================================================================================
----------------- testing Wed Oct 30 06:13:40 UTC 2019 /home/travis/build/icyphy/ptII/ptolemy/actor/lib/test/auto/ArrayElementAsMatrix.xml
----------------- Instantiating /home/travis/build/icyphy/ptII/ptolemy/actor/lib/test/auto/ArrayElementAsMatrix.xml
20 ms. Memory: 275456K Free: 102701K (37%)
----------------- Invoking toplevel() on ptolemy.moml.MoMLSimpleApplication@4cafa204
----------------- Done invoking toplevel() on ptolemy.moml.MoMLSimpleApplication@4cafa204
reloadAllAccessors: .ArrayElementAsMatrix

===========================================================================================
----------------- testing Wed Oct 30 06:13:40 UTC 2019 /home/travis/build/icyphy/ptII/ptolemy/actor/lib/test/auto/ArrayElementI.xml
----------------- Instantiating /home/travis/build/icyphy/ptII/ptolemy/actor/lib/test/auto/ArrayElementI.xml
3 ms. Memory: 275456K Free: 97071K (35%)
----------------- Invoking toplevel() on ptolemy.moml.MoMLSimpleApplication@7d31e7b
----------------- Done invoking toplevel() on ptolemy.moml.MoMLSimpleApplication@7d31e7b
reloadAllAccessors: .ArrayElementI

===========================================================================================
----------------- testing Wed Oct 30 06:13:40 UTC 2019 /home/travis/build/icyphy/ptII/ptolemy/actor/lib/test/auto/ArrayExtract.xml
----------------- Instantiating /home/travis/build/icyphy/ptII/ptolemy/actor/lib/test/auto/ArrayExtract.xml
4 ms. Memory: 275456K Free: 88879K (32%)
----------------- Invoking toplevel() on ptolemy.moml.MoMLSimpleApplication@3f25f772
----------------- Done invoking toplevel() on ptolemy.moml.MoMLSimpleApplication@3f25f772
reloadAllAccessors: .ArrayExtract

===========================================================================================
----------------- testing Wed Oct 30 06:13:40 UTC 2019 /home/travis/build/icyphy/ptII/ptolemy/actor/lib/test/auto/ArrayExtract2.xml
----------------- Instantiating /home/travis/build/icyphy/ptII/ptolemy/actor/lib/test/auto/ArrayExtract2.xml
2 ms. Memory: 275456K Free: 83215K (30%)
----------------- Invoking toplevel() on ptolemy.moml.MoMLSimpleApplication@7a7b597e
----------------- Done invoking toplevel() on ptolemy.moml.MoMLSimpleApplication@7a7b597e
reloadAllAccessors: .ArrayExtract2

===========================================================================================
----------------- testing Wed Oct 30 06:13:40 UTC 2019 /home/travis/build/icyphy/ptII/ptolemy/actor/lib/test/auto/ArrayLength.xml
----------------- Instantiating /home/travis/build/icyphy/ptII/ptolemy/actor/lib/test/auto/ArrayLength.xml
2 ms. Memory: 275456K Free: 79663K (29%)
----------------- Invoking toplevel() on ptolemy.moml.MoMLSimpleApplication@78aa21fc
----------------- Done invoking toplevel() on ptolemy.moml.MoMLSimpleApplication@78aa21fc
reloadAllAccessors: .ArrayLength

===========================================================================================
----------------- testing Wed Oct 30 06:13:40 UTC 2019 /home/travis/build/icyphy/ptII/ptolemy/actor/lib/test/auto/ArrayLevelCrossing.xml
----------------- Instantiating /home/travis/build/icyphy/ptII/ptolemy/actor/lib/test/auto/ArrayLevelCrossing.xml
3 ms. Memory: 275456K Free: 71471K (26%)
----------------- Invoking toplevel() on ptolemy.moml.MoMLSimpleApplication@7f1d9b0
----------------- Done invoking toplevel() on ptolemy.moml.MoMLSimpleApplication@7f1d9b0
reloadAllAccessors: .ArrayLevelCrossing

===========================================================================================
----------------- testing Wed Oct 30 06:13:40 UTC 2019 /home/travis/build/icyphy/ptII/ptolemy/actor/lib/test/auto/ArrayLevelCrossing2.xml
----------------- Instantiating /home/travis/build/icyphy/ptII/ptolemy/actor/lib/test/auto/ArrayLevelCrossing2.xml
3 ms. Memory: 275456K Free: 223535K (81%)
----------------- Invoking toplevel() on ptolemy.moml.MoMLSimpleApplication@7764636c
----------------- Done invoking toplevel() on ptolemy.moml.MoMLSimpleApplication@7764636c
reloadAllAccessors: .ArrayLevelCrossing2

===========================================================================================
----------------- testing Wed Oct 30 06:13:40 UTC 2019 /home/travis/build/icyphy/ptII/ptolemy/actor/lib/test/auto/ArrayPeakSearch.xml
----------------- Instantiating /home/travis/build/icyphy/ptII/ptolemy/actor/lib/test/auto/ArrayPeakSearch.xml
6 ms. Memory: 275456K Free: 214319K (78%)
----------------- Invoking toplevel() on ptolemy.moml.MoMLSimpleApplication@1a3f236f
----------------- Done invoking toplevel() on ptolemy.moml.MoMLSimpleApplication@1a3f236f
reloadAllAccessors: .ArrayPeakSearch

===========================================================================================
----------------- testing Wed Oct 30 06:13:40 UTC 2019 /home/travis/build/icyphy/ptII/ptolemy/actor/lib/test/auto/ArrayPeakSearch2.xml
----------------- Instantiating /home/travis/build/icyphy/ptII/ptolemy/actor/lib/test/auto/ArrayPeakSearch2.xml
10 ms. Memory: 275456K Free: 204079K (74%)
----------------- Invoking toplevel() on ptolemy.moml.MoMLSimpleApplication@5b941ddd
----------------- Done invoking toplevel() on ptolemy.moml.MoMLSimpleApplication@5b941ddd
reloadAllAccessors: .ArrayPeakSearch2

===========================================================================================
----------------- testing Wed Oct 30 06:13:40 UTC 2019 /home/travis/build/icyphy/ptII/ptolemy/actor/lib/test/auto/ArrayPeakSearch3.xml
----------------- Instantiating /home/travis/build/icyphy/ptII/ptolemy/actor/lib/test/auto/ArrayPeakSearch3.xml
5 ms. Memory: 275456K Free: 194863K (71%)
----------------- Invoking toplevel() on ptolemy.moml.MoMLSimpleApplication@1661c40a
----------------- Done invoking toplevel() on ptolemy.moml.MoMLSimpleApplication@1661c40a
reloadAllAccessors: .ArrayPeakSearch3

===========================================================================================
----------------- testing Wed Oct 30 06:13:40 UTC 2019 /home/travis/build/icyphy/ptII/ptolemy/actor/lib/test/auto/ArrayRemoveElement.xml
----------------- Instantiating /home/travis/build/icyphy/ptII/ptolemy/actor/lib/test/auto/ArrayRemoveElement.xml
3 ms. Memory: 275456K Free: 187181K (68%)
----------------- Invoking toplevel() on ptolemy.moml.MoMLSimpleApplication@2115023b
----------------- Done invoking toplevel() on ptolemy.moml.MoMLSimpleApplication@2115023b
reloadAllAccessors: .ArrayRemoveElement

===========================================================================================
----------------- testing Wed Oct 30 06:13:40 UTC 2019 /home/travis/build/icyphy/ptII/ptolemy/actor/lib/test/auto/ArraySort.xml
----------------- Instantiating /home/travis/build/icyphy/ptII/ptolemy/actor/lib/test/auto/ArraySort.xml
8 ms. Memory: 275456K Free: 177965K (65%)
----------------- Invoking toplevel() on ptolemy.moml.MoMLSimpleApplication@6ceee894
----------------- Done invoking toplevel() on ptolemy.moml.MoMLSimpleApplication@6ceee894
reloadAllAccessors: .ArraySort

===========================================================================================
----------------- testing Wed Oct 30 06:13:40 UTC 2019 /home/travis/build/icyphy/ptII/ptolemy/actor/lib/test/auto/ArraySum.xml
----------------- Instantiating /home/travis/build/icyphy/ptII/ptolemy/actor/lib/test/auto/ArraySum.xml
5 ms. Memory: 275456K Free: 172845K (63%)
----------------- Invoking toplevel() on ptolemy.moml.MoMLSimpleApplication@6835015e
----------------- Done invoking toplevel() on ptolemy.moml.MoMLSimpleApplication@6835015e
reloadAllAccessors: .ArraySum

===========================================================================================
----------------- testing Wed Oct 30 06:13:40 UTC 2019 /home/travis/build/icyphy/ptII/ptolemy/actor/lib/test/auto/ArrayToElements.xml
----------------- Instantiating /home/travis/build/icyphy/ptII/ptolemy/actor/lib/test/auto/ArrayToElements.xml
7 ms. Memory: 275456K Free: 167215K (61%)
----------------- Invoking toplevel() on ptolemy.moml.MoMLSimpleApplication@33510da2
----------------- Done invoking toplevel() on ptolemy.moml.MoMLSimpleApplication@33510da2
reloadAllAccessors: .ArrayToElements

===========================================================================================
----------------- testing Wed Oct 30 06:13:40 UTC 2019 /home/travis/build/icyphy/ptII/ptolemy/actor/lib/test/auto/ArrayToMatrix.xml
----------------- Instantiating /home/travis/build/icyphy/ptII/ptolemy/actor/lib/test/auto/ArrayToMatrix.xml
11 ms. Memory: 275456K Free: 153389K (56%)
----------------- Invoking toplevel() on ptolemy.moml.MoMLSimpleApplication@564b5143
----------------- Done invoking toplevel() on ptolemy.moml.MoMLSimpleApplication@564b5143
reloadAllAccessors: .ArrayToMatrix

===========================================================================================
----------------- testing Wed Oct 30 06:13:40 UTC 2019 /home/travis/build/icyphy/ptII/ptolemy/actor/lib/test/auto/ArrayUpdate1.xml
----------------- Instantiating /home/travis/build/icyphy/ptII/ptolemy/actor/lib/test/auto/ArrayUpdate1.xml
5 ms. Memory: 275456K Free: 148269K (54%)
----------------- Invoking toplevel() on ptolemy.moml.MoMLSimpleApplication@853eca4
----------------- Done invoking toplevel() on ptolemy.moml.MoMLSimpleApplication@853eca4
reloadAllAccessors: .ArrayUpdate1

===========================================================================================
----------------- testing Wed Oct 30 06:13:40 UTC 2019 /home/travis/build/icyphy/ptII/ptolemy/actor/lib/test/auto/ArrayUpdate2.xml
----------------- Instantiating /home/travis/build/icyphy/ptII/ptolemy/actor/lib/test/auto/ArrayUpdate2.xml
7 ms. Memory: 275456K Free: 142639K (52%)
----------------- Invoking toplevel() on ptolemy.moml.MoMLSimpleApplication@4a6748b3
----------------- Done invoking toplevel() on ptolemy.moml.MoMLSimpleApplication@4a6748b3
reloadAllAccessors: .ArrayUpdate2

===========================================================================================
----------------- testing Wed Oct 30 06:13:40 UTC 2019 /home/travis/build/icyphy/ptII/ptolemy/actor/lib/test/auto/ArrayUpdate3.xml
----------------- Instantiating /home/travis/build/icyphy/ptII/ptolemy/actor/lib/test/auto/ArrayUpdate3.xml
5 ms. Memory: 275456K Free: 137519K (50%)
----------------- Invoking toplevel() on ptolemy.moml.MoMLSimpleApplication@69e136a6
----------------- Done invoking toplevel() on ptolemy.moml.MoMLSimpleApplication@69e136a6
reloadAllAccessors: .ArrayUpdate3

===========================================================================================
----------------- testing Wed Oct 30 06:13:40 UTC 2019 /home/travis/build/icyphy/ptII/ptolemy/actor/lib/test/auto/Assert1.xml
----------------- Instantiating /home/travis/build/icyphy/ptII/ptolemy/actor/lib/test/auto/Assert1.xml
5 ms. Memory: 275456K Free: 133423K (48%)
----------------- Invoking toplevel() on ptolemy.moml.MoMLSimpleApplication@7e80d4f5
----------------- Done invoking toplevel() on ptolemy.moml.MoMLSimpleApplication@7e80d4f5
reloadAllAccessors: .Assert1

===========================================================================================
----------------- testing Wed Oct 30 06:13:40 UTC 2019 /home/travis/build/icyphy/ptII/ptolemy/actor/lib/test/auto/Assert2.xml
----------------- Instantiating /home/travis/build/icyphy/ptII/ptolemy/actor/lib/test/auto/Assert2.xml
14 ms. Memory: 275456K Free: 127789K (46%)
----------------- Invoking toplevel() on ptolemy.moml.MoMLSimpleApplication@3d898afe
----------------- Done invoking toplevel() on ptolemy.moml.MoMLSimpleApplication@3d898afe
reloadAllAccessors: .Assert2

===========================================================================================
----------------- testing Wed Oct 30 06:13:40 UTC 2019 /home/travis/build/icyphy/ptII/ptolemy/actor/lib/test/auto/BooleanMultiplexor.xml
----------------- Instantiating /home/travis/build/icyphy/ptII/ptolemy/actor/lib/test/auto/BooleanMultiplexor.xml
3 ms. Memory: 275456K Free: 122655K (45%)
----------------- Invoking toplevel() on ptolemy.moml.MoMLSimpleApplication@1d168b3f
----------------- Done invoking toplevel() on ptolemy.moml.MoMLSimpleApplication@1d168b3f
reloadAllAccessors: .BooleanMultiplexor

===========================================================================================
----------------- testing Wed Oct 30 06:13:40 UTC 2019 /home/travis/build/icyphy/ptII/ptolemy/actor/lib/test/auto/BooleanMultiplexor2.xml
----------------- Instantiating /home/travis/build/icyphy/ptII/ptolemy/actor/lib/test/auto/BooleanMultiplexor2.xml
9 ms. Memory: 275456K Free: 116015K (42%)
----------------- Invoking toplevel() on ptolemy.moml.MoMLSimpleApplication@271ba4a6
----------------- Done invoking toplevel() on ptolemy.moml.MoMLSimpleApplication@271ba4a6
reloadAllAccessors: .BooleanMultiplexor2

===========================================================================================
----------------- testing Wed Oct 30 06:13:40 UTC 2019 /home/travis/build/icyphy/ptII/ptolemy/actor/lib/test/auto/BooleanMultiplexor3.xml
----------------- Instantiating /home/travis/build/icyphy/ptII/ptolemy/actor/lib/test/auto/BooleanMultiplexor3.xml
4 ms. Memory: 275456K Free: 112429K (41%)
----------------- Invoking toplevel() on ptolemy.moml.MoMLSimpleApplication@3a65eb69
----------------- Done invoking toplevel() on ptolemy.moml.MoMLSimpleApplication@3a65eb69
reloadAllAccessors: .BooleanMultiplexor3

===========================================================================================
----------------- testing Wed Oct 30 06:13:40 UTC 2019 /home/travis/build/icyphy/ptII/ptolemy/actor/lib/test/auto/BooleanSelect.xml
----------------- Instantiating /home/travis/build/icyphy/ptII/ptolemy/actor/lib/test/auto/BooleanSelect.xml
8 ms. Memory: 275456K Free: 106268K (39%)
----------------- Invoking toplevel() on ptolemy.moml.MoMLSimpleApplication@69f9ff76
----------------- Done invoking toplevel() on ptolemy.moml.MoMLSimpleApplication@69f9ff76
reloadAllAccessors: .BooleanSelect

===========================================================================================
----------------- testing Wed Oct 30 06:13:40 UTC 2019 /home/travis/build/icyphy/ptII/ptolemy/actor/lib/test/auto/BooleanSelect2.xml
----------------- Instantiating /home/travis/build/icyphy/ptII/ptolemy/actor/lib/test/auto/BooleanSelect2.xml
1 ms. Memory: 275456K Free: 102189K (37%)
----------------- Invoking toplevel() on ptolemy.moml.MoMLSimpleApplication@4ae22594
----------------- Done invoking toplevel() on ptolemy.moml.MoMLSimpleApplication@4ae22594
reloadAllAccessors: .BooleanSelect2

===========================================================================================
----------------- testing Wed Oct 30 06:13:40 UTC 2019 /home/travis/build/icyphy/ptII/ptolemy/actor/lib/test/auto/BooleanSwitch.xml
----------------- Instantiating /home/travis/build/icyphy/ptII/ptolemy/actor/lib/test/auto/BooleanSwitch.xml
17 ms. Memory: 275456K Free: 95535K (35%)
----------------- Invoking toplevel() on ptolemy.moml.MoMLSimpleApplication@42c80e98
----------------- Done invoking toplevel() on ptolemy.moml.MoMLSimpleApplication@42c80e98
reloadAllAccessors: .BooleanSwitch

===========================================================================================
----------------- testing Wed Oct 30 06:13:40 UTC 2019 /home/travis/build/icyphy/ptII/ptolemy/actor/lib/test/auto/BooleanSwitch2.xml
----------------- Instantiating /home/travis/build/icyphy/ptII/ptolemy/actor/lib/test/auto/BooleanSwitch2.xml
1 ms. Memory: 275456K Free: 91439K (33%)
----------------- Invoking toplevel() on ptolemy.moml.MoMLSimpleApplication@3a0b946b
----------------- Done invoking toplevel() on ptolemy.moml.MoMLSimpleApplication@3a0b946b
reloadAllAccessors: .BooleanSwitch2

===========================================================================================
----------------- testing Wed Oct 30 06:13:40 UTC 2019 /home/travis/build/icyphy/ptII/ptolemy/actor/lib/test/auto/BooleanSwitchCloningBugWithClassRelationGroup.xml
----------------- Instantiating /home/travis/build/icyphy/ptII/ptolemy/actor/lib/test/auto/BooleanSwitchCloningBugWithClassRelationGroup.xml
3 ms. Memory: 275456K Free: 84781K (31%)
----------------- Invoking toplevel() on ptolemy.moml.MoMLSimpleApplication@248a44bb
----------------- Done invoking toplevel() on ptolemy.moml.MoMLSimpleApplication@248a44bb
reloadAllAccessors: .BooleanSwitchCloningBugWithClassRelationGroup

===========================================================================================
----------------- testing Wed Oct 30 06:13:41 UTC 2019 /home/travis/build/icyphy/ptII/ptolemy/actor/lib/test/auto/BusActors.xml
----------------- Instantiating /home/travis/build/icyphy/ptII/ptolemy/actor/lib/test/auto/BusActors.xml
8 ms. Memory: 275456K Free: 77103K (28%)
----------------- Invoking toplevel() on ptolemy.moml.MoMLSimpleApplication@73fc8755
----------------- Done invoking toplevel() on ptolemy.moml.MoMLSimpleApplication@73fc8755
reloadAllAccessors: .BusActors

===========================================================================================
----------------- testing Wed Oct 30 06:13:41 UTC 2019 /home/travis/build/icyphy/ptII/ptolemy/actor/lib/test/auto/ClassWrapper.xml
----------------- Instantiating /home/travis/build/icyphy/ptII/ptolemy/actor/lib/test/auto/ClassWrapper.xml
2 ms. Memory: 275456K Free: 72493K (26%)
----------------- Invoking toplevel() on ptolemy.moml.MoMLSimpleApplication@32db5a22
----------------- Done invoking toplevel() on ptolemy.moml.MoMLSimpleApplication@32db5a22
reloadAllAccessors: .ClassWrapper

===========================================================================================
----------------- testing Wed Oct 30 06:13:41 UTC 2019 /home/travis/build/icyphy/ptII/ptolemy/actor/lib/test/auto/Clock.xml
----------------- Instantiating /home/travis/build/icyphy/ptII/ptolemy/actor/lib/test/auto/Clock.xml
2 ms. Memory: 484352K Free: 435841K (90%)
----------------- Invoking toplevel() on ptolemy.moml.MoMLSimpleApplication@553b6379
----------------- Done invoking toplevel() on ptolemy.moml.MoMLSimpleApplication@553b6379
reloadAllAccessors: .Clock

===========================================================================================
----------------- testing Wed Oct 30 06:13:41 UTC 2019 /home/travis/build/icyphy/ptII/ptolemy/actor/lib/test/auto/Clock10.xml
----------------- Instantiating /home/travis/build/icyphy/ptII/ptolemy/actor/lib/test/auto/Clock10.xml
4 ms. Memory: 484352K Free: 429727K (89%)
----------------- Invoking toplevel() on ptolemy.moml.MoMLSimpleApplication@380f91de
----------------- Done invoking toplevel() on ptolemy.moml.MoMLSimpleApplication@380f91de
reloadAllAccessors: .Clock10

===========================================================================================
----------------- testing Wed Oct 30 06:13:41 UTC 2019 /home/travis/build/icyphy/ptII/ptolemy/actor/lib/test/auto/Clock11.xml
----------------- Instantiating /home/travis/build/icyphy/ptII/ptolemy/actor/lib/test/auto/Clock11.xml
5 ms. Memory: 484352K Free: 423583K (87%)
----------------- Invoking toplevel() on ptolemy.moml.MoMLSimpleApplication@1a88fc6c
----------------- Done invoking toplevel() on ptolemy.moml.MoMLSimpleApplication@1a88fc6c
reloadAllAccessors: .Clock11

===========================================================================================
----------------- testing Wed Oct 30 06:13:41 UTC 2019 /home/travis/build/icyphy/ptII/ptolemy/actor/lib/test/auto/Clock12.xml
----------------- Instantiating /home/travis/build/icyphy/ptII/ptolemy/actor/lib/test/auto/Clock12.xml
5 ms. Memory: 484352K Free: 417953K (86%)
----------------- Invoking toplevel() on ptolemy.moml.MoMLSimpleApplication@10108030
----------------- Done invoking toplevel() on ptolemy.moml.MoMLSimpleApplication@10108030
reloadAllAccessors: .Clock12

===========================================================================================
----------------- testing Wed Oct 30 06:13:41 UTC 2019 /home/travis/build/icyphy/ptII/ptolemy/actor/lib/test/auto/Clock13.xml
----------------- Instantiating /home/travis/build/icyphy/ptII/ptolemy/actor/lib/test/auto/Clock13.xml
6 ms. Memory: 484352K Free: 411809K (85%)
----------------- Invoking toplevel() on ptolemy.moml.MoMLSimpleApplication@6902af0b
----------------- Done invoking toplevel() on ptolemy.moml.MoMLSimpleApplication@6902af0b
reloadAllAccessors: .Clock13

===========================================================================================
----------------- testing Wed Oct 30 06:13:41 UTC 2019 /home/travis/build/icyphy/ptII/ptolemy/actor/lib/test/auto/Clock14.xml
----------------- Instantiating /home/travis/build/icyphy/ptII/ptolemy/actor/lib/test/auto/Clock14.xml
5 ms. Memory: 484352K Free: 406169K (84%)
----------------- Invoking toplevel() on ptolemy.moml.MoMLSimpleApplication@268f4021
----------------- Done invoking toplevel() on ptolemy.moml.MoMLSimpleApplication@268f4021
reloadAllAccessors: .Clock14

===========================================================================================
----------------- testing Wed Oct 30 06:13:41 UTC 2019 /home/travis/build/icyphy/ptII/ptolemy/actor/lib/test/auto/Clock15.xml
----------------- Instantiating /home/travis/build/icyphy/ptII/ptolemy/actor/lib/test/auto/Clock15.xml
4 ms. Memory: 484352K Free: 400001K (83%)
----------------- Invoking toplevel() on ptolemy.moml.MoMLSimpleApplication@682c5ba3
----------------- Done invoking toplevel() on ptolemy.moml.MoMLSimpleApplication@682c5ba3
reloadAllAccessors: .Clock15

===========================================================================================
----------------- testing Wed Oct 30 06:13:41 UTC 2019 /home/travis/build/icyphy/ptII/ptolemy/actor/lib/test/auto/Clock16.xml
----------------- Instantiating /home/travis/build/icyphy/ptII/ptolemy/actor/lib/test/auto/Clock16.xml
36 ms. Memory: 484352K Free: 385689K (80%)
----------------- Invoking toplevel() on ptolemy.moml.MoMLSimpleApplication@4d2c8106
----------------- Done invoking toplevel() on ptolemy.moml.MoMLSimpleApplication@4d2c8106
reloadAllAccessors: .Clock16

===========================================================================================
----------------- testing Wed Oct 30 06:13:41 UTC 2019 /home/travis/build/icyphy/ptII/ptolemy/actor/lib/test/auto/Clock17.xml
----------------- Instantiating /home/travis/build/icyphy/ptII/ptolemy/actor/lib/test/auto/Clock17.xml
26 ms. Memory: 484352K Free: 371345K (77%)
----------------- Invoking toplevel() on ptolemy.moml.MoMLSimpleApplication@42a85d3c
----------------- Done invoking toplevel() on ptolemy.moml.MoMLSimpleApplication@42a85d3c
reloadAllAccessors: .Clock17

===========================================================================================
----------------- testing Wed Oct 30 06:13:41 UTC 2019 /home/travis/build/icyphy/ptII/ptolemy/actor/lib/test/auto/Clock18.xml
----------------- Instantiating /home/travis/build/icyphy/ptII/ptolemy/actor/lib/test/auto/Clock18.xml
27 ms. Memory: 484352K Free: 358033K (74%)
----------------- Invoking toplevel() on ptolemy.moml.MoMLSimpleApplication@76be9ae0
----------------- Done invoking toplevel() on ptolemy.moml.MoMLSimpleApplication@76be9ae0
reloadAllAccessors: .Clock18

===========================================================================================
----------------- testing Wed Oct 30 06:13:41 UTC 2019 /home/travis/build/icyphy/ptII/ptolemy/actor/lib/test/auto/Clock19.xml
----------------- Instantiating /home/travis/build/icyphy/ptII/ptolemy/actor/lib/test/auto/Clock19.xml
15 ms. Memory: 484352K Free: 345249K (71%)
----------------- Invoking toplevel() on ptolemy.moml.MoMLSimpleApplication@271e98e4
----------------- Done invoking toplevel() on ptolemy.moml.MoMLSimpleApplication@271e98e4
reloadAllAccessors: .Clock19

===========================================================================================
----------------- testing Wed Oct 30 06:13:41 UTC 2019 /home/travis/build/icyphy/ptII/ptolemy/actor/lib/test/auto/Clock2.xml
----------------- Instantiating /home/travis/build/icyphy/ptII/ptolemy/actor/lib/test/auto/Clock2.xml
5 ms. Memory: 484352K Free: 340129K (70%)
----------------- Invoking toplevel() on ptolemy.moml.MoMLSimpleApplication@263eee2f
----------------- Done invoking toplevel() on ptolemy.moml.MoMLSimpleApplication@263eee2f
reloadAllAccessors: .Clock2

===========================================================================================
----------------- testing Wed Oct 30 06:13:41 UTC 2019 /home/travis/build/icyphy/ptII/ptolemy/actor/lib/test/auto/Clock20.xml
----------------- Instantiating /home/travis/build/icyphy/ptII/ptolemy/actor/lib/test/auto/Clock20.xml
8 ms. Memory: 484352K Free: 335009K (69%)
----------------- Invoking toplevel() on ptolemy.moml.MoMLSimpleApplication@17d24b86
----------------- Done invoking toplevel() on ptolemy.moml.MoMLSimpleApplication@17d24b86
reloadAllAccessors: .Clock20

===========================================================================================
----------------- testing Wed Oct 30 06:13:41 UTC 2019 /home/travis/build/icyphy/ptII/ptolemy/actor/lib/test/auto/Clock21.xml
----------------- Instantiating /home/travis/build/icyphy/ptII/ptolemy/actor/lib/test/auto/Clock21.xml
5 ms. Memory: 484352K Free: 329375K (68%)
----------------- Invoking toplevel() on ptolemy.moml.MoMLSimpleApplication@6da000b6
----------------- Done invoking toplevel() on ptolemy.moml.MoMLSimpleApplication@6da000b6
reloadAllAccessors: .Clock21

===========================================================================================
----------------- testing Wed Oct 30 06:13:41 UTC 2019 /home/travis/build/icyphy/ptII/ptolemy/actor/lib/test/auto/Clock22.xml
----------------- Instantiating /home/travis/build/icyphy/ptII/ptolemy/actor/lib/test/auto/Clock22.xml
6 ms. Memory: 484352K Free: 324255K (67%)
----------------- Invoking toplevel() on ptolemy.moml.MoMLSimpleApplication@9b922b9
----------------- Done invoking toplevel() on ptolemy.moml.MoMLSimpleApplication@9b922b9
reloadAllAccessors: .Clock22

===========================================================================================
----------------- testing Wed Oct 30 06:13:41 UTC 2019 /home/travis/build/icyphy/ptII/ptolemy/actor/lib/test/auto/Clock23.xml
----------------- Instantiating /home/travis/build/icyphy/ptII/ptolemy/actor/lib/test/auto/Clock23.xml
5 ms. Memory: 484352K Free: 318625K (66%)
----------------- Invoking toplevel() on ptolemy.moml.MoMLSimpleApplication@d1c7a57
----------------- Done invoking toplevel() on ptolemy.moml.MoMLSimpleApplication@d1c7a57
reloadAllAccessors: .Clock23

===========================================================================================
----------------- testing Wed Oct 30 06:13:41 UTC 2019 /home/travis/build/icyphy/ptII/ptolemy/actor/lib/test/auto/Clock24.xml
----------------- Instantiating /home/travis/build/icyphy/ptII/ptolemy/actor/lib/test/auto/Clock24.xml
3 ms. Memory: 484352K Free: 312991K (65%)
----------------- Invoking toplevel() on ptolemy.moml.MoMLSimpleApplication@20c71aa8
----------------- Done invoking toplevel() on ptolemy.moml.MoMLSimpleApplication@20c71aa8
reloadAllAccessors: .Clock24

===========================================================================================
----------------- testing Wed Oct 30 06:13:41 UTC 2019 /home/travis/build/icyphy/ptII/ptolemy/actor/lib/test/auto/Clock4.xml
----------------- Instantiating /home/travis/build/icyphy/ptII/ptolemy/actor/lib/test/auto/Clock4.xml
2 ms. Memory: 484352K Free: 308385K (64%)
----------------- Invoking toplevel() on ptolemy.moml.MoMLSimpleApplication@701a2c5
----------------- Done invoking toplevel() on ptolemy.moml.MoMLSimpleApplication@701a2c5
reloadAllAccessors: .Clock4

===========================================================================================
----------------- testing Wed Oct 30 06:13:41 UTC 2019 /home/travis/build/icyphy/ptII/ptolemy/actor/lib/test/auto/Clock5.xml
----------------- Instantiating /home/travis/build/icyphy/ptII/ptolemy/actor/lib/test/auto/Clock5.xml
2 ms. Memory: 484352K Free: 302751K (63%)
----------------- Invoking toplevel() on ptolemy.moml.MoMLSimpleApplication@72dde743
----------------- Done invoking toplevel() on ptolemy.moml.MoMLSimpleApplication@72dde743
reloadAllAccessors: .Clock5

===========================================================================================
----------------- testing Wed Oct 30 06:13:41 UTC 2019 /home/travis/build/icyphy/ptII/ptolemy/actor/lib/test/auto/Clock6.xml
----------------- Instantiating /home/travis/build/icyphy/ptII/ptolemy/actor/lib/test/auto/Clock6.xml
2 ms. Memory: 484352K Free: 298655K (62%)
----------------- Invoking toplevel() on ptolemy.moml.MoMLSimpleApplication@197895c2
----------------- Done invoking toplevel() on ptolemy.moml.MoMLSimpleApplication@197895c2
reloadAllAccessors: .Clock6

===========================================================================================
----------------- testing Wed Oct 30 06:13:41 UTC 2019 /home/travis/build/icyphy/ptII/ptolemy/actor/lib/test/auto/Clock7.xml
----------------- Instantiating /home/travis/build/icyphy/ptII/ptolemy/actor/lib/test/auto/Clock7.xml
2 ms. Memory: 484352K Free: 293535K (61%)
----------------- Invoking toplevel() on ptolemy.moml.MoMLSimpleApplication@4174f426
----------------- Done invoking toplevel() on ptolemy.moml.MoMLSimpleApplication@4174f426
reloadAllAccessors: .Clock7

===========================================================================================
----------------- testing Wed Oct 30 06:13:41 UTC 2019 /home/travis/build/icyphy/ptII/ptolemy/actor/lib/test/auto/Clock8.xml
----------------- Instantiating /home/travis/build/icyphy/ptII/ptolemy/actor/lib/test/auto/Clock8.xml
5 ms. Memory: 484352K Free: 288401K (60%)
----------------- Invoking toplevel() on ptolemy.moml.MoMLSimpleApplication@7602e7db
----------------- Done invoking toplevel() on ptolemy.moml.MoMLSimpleApplication@7602e7db
reloadAllAccessors: .Clock8

===========================================================================================
----------------- testing Wed Oct 30 06:13:41 UTC 2019 /home/travis/build/icyphy/ptII/ptolemy/actor/lib/test/auto/Clock9.xml
----------------- Instantiating /home/travis/build/icyphy/ptII/ptolemy/actor/lib/test/auto/Clock9.xml
6 ms. Memory: 484352K Free: 282785K (58%)
----------------- Invoking toplevel() on ptolemy.moml.MoMLSimpleApplication@d595587
----------------- Done invoking toplevel() on ptolemy.moml.MoMLSimpleApplication@d595587
reloadAllAccessors: .Clock9

===========================================================================================
----------------- testing Wed Oct 30 06:13:41 UTC 2019 /home/travis/build/icyphy/ptII/ptolemy/actor/lib/test/auto/CommDistDiscard.xml
----------------- Instantiating /home/travis/build/icyphy/ptII/ptolemy/actor/lib/test/auto/CommDistDiscard.xml
4 ms. Memory: 484352K Free: 277151K (57%)
----------------- Invoking toplevel() on ptolemy.moml.MoMLSimpleApplication@5d85c67b
----------------- Done invoking toplevel() on ptolemy.moml.MoMLSimpleApplication@5d85c67b
reloadAllAccessors: .CommDistDiscard

===========================================================================================
----------------- testing Wed Oct 30 06:13:41 UTC 2019 /home/travis/build/icyphy/ptII/ptolemy/actor/lib/test/auto/Commutator.xml
----------------- Instantiating /home/travis/build/icyphy/ptII/ptolemy/actor/lib/test/auto/Commutator.xml
2 ms. Memory: 484352K Free: 273055K (56%)
----------------- Invoking toplevel() on ptolemy.moml.MoMLSimpleApplication@23bbed9a
----------------- Done invoking toplevel() on ptolemy.moml.MoMLSimpleApplication@23bbed9a
reloadAllAccessors: .Commutator

===========================================================================================
----------------- testing Wed Oct 30 06:13:41 UTC 2019 /home/travis/build/icyphy/ptII/ptolemy/actor/lib/test/auto/Commutator2.xml
----------------- Instantiating /home/travis/build/icyphy/ptII/ptolemy/actor/lib/test/auto/Commutator2.xml
1 ms. Memory: 484352K Free: 268449K (55%)
----------------- Invoking toplevel() on ptolemy.moml.MoMLSimpleApplication@1c292a15
----------------- Done invoking toplevel() on ptolemy.moml.MoMLSimpleApplication@1c292a15
reloadAllAccessors: .Commutator2

===========================================================================================
----------------- testing Wed Oct 30 06:13:42 UTC 2019 /home/travis/build/icyphy/ptII/ptolemy/actor/lib/test/auto/Commutator3.xml
----------------- Instantiating /home/travis/build/icyphy/ptII/ptolemy/actor/lib/test/auto/Commutator3.xml
2 ms. Memory: 484352K Free: 264353K (55%)
----------------- Invoking toplevel() on ptolemy.moml.MoMLSimpleApplication@1a6c0c93
----------------- Done invoking toplevel() on ptolemy.moml.MoMLSimpleApplication@1a6c0c93
reloadAllAccessors: .Commutator3

===========================================================================================
----------------- testing Wed Oct 30 06:13:42 UTC 2019 /home/travis/build/icyphy/ptII/ptolemy/actor/lib/test/auto/Compare.xml
----------------- Instantiating /home/travis/build/icyphy/ptII/ptolemy/actor/lib/test/auto/Compare.xml
2 ms. Memory: 484352K Free: 257695K (53%)
----------------- Invoking toplevel() on ptolemy.moml.MoMLSimpleApplication@44a9e1fe
----------------- Done invoking toplevel() on ptolemy.moml.MoMLSimpleApplication@44a9e1fe
reloadAllAccessors: .Compare

===========================================================================================
----------------- testing Wed Oct 30 06:13:42 UTC 2019 /home/travis/build/icyphy/ptII/ptolemy/actor/lib/test/auto/CompareDE.xml
----------------- Instantiating /home/travis/build/icyphy/ptII/ptolemy/actor/lib/test/auto/CompareDE.xml
5 ms. Memory: 484352K Free: 250513K (52%)
----------------- Invoking toplevel() on ptolemy.moml.MoMLSimpleApplication@6b4bb0f4
----------------- Done invoking toplevel() on ptolemy.moml.MoMLSimpleApplication@6b4bb0f4
reloadAllAccessors: .CompareDE

===========================================================================================
----------------- testing Wed Oct 30 06:13:42 UTC 2019 /home/travis/build/icyphy/ptII/ptolemy/actor/lib/test/auto/ComplexDivide.xml
----------------- Instantiating /home/travis/build/icyphy/ptII/ptolemy/actor/lib/test/auto/ComplexDivide.xml
1 ms. Memory: 484352K Free: 246945K (51%)
----------------- Invoking toplevel() on ptolemy.moml.MoMLSimpleApplication@6ffdfe7e
----------------- Done invoking toplevel() on ptolemy.moml.MoMLSimpleApplication@6ffdfe7e
reloadAllAccessors: .ComplexDivide

===========================================================================================
----------------- testing Wed Oct 30 06:13:42 UTC 2019 /home/travis/build/icyphy/ptII/ptolemy/actor/lib/test/auto/ComputeHistogram.xml
----------------- Instantiating /home/travis/build/icyphy/ptII/ptolemy/actor/lib/test/auto/ComputeHistogram.xml
43 ms. Memory: 484352K Free: 234143K (48%)
----------------- Invoking toplevel() on ptolemy.moml.MoMLSimpleApplication@7f9a52f6
----------------- Done invoking toplevel() on ptolemy.moml.MoMLSimpleApplication@7f9a52f6
reloadAllAccessors: .ComputeHistogram

===========================================================================================
----------------- testing Wed Oct 30 06:13:42 UTC 2019 /home/travis/build/icyphy/ptII/ptolemy/actor/lib/test/auto/ConfigurationSelect.xml
----------------- Instantiating /home/travis/build/icyphy/ptII/ptolemy/actor/lib/test/auto/ConfigurationSelect.xml
11 ms. Memory: 484352K Free: 229009K (47%)
----------------- Invoking toplevel() on ptolemy.moml.MoMLSimpleApplication@6a617609
----------------- Done invoking toplevel() on ptolemy.moml.MoMLSimpleApplication@6a617609
reloadAllAccessors: .ConfigurationSelect

===========================================================================================
----------------- testing Wed Oct 30 06:13:42 UTC 2019 /home/travis/build/icyphy/ptII/ptolemy/actor/lib/test/auto/ConfigurationSelect2.xml
----------------- Instantiating /home/travis/build/icyphy/ptII/ptolemy/actor/lib/test/auto/ConfigurationSelect2.xml
1 ms. Memory: 484352K Free: 224417K (46%)
----------------- Invoking toplevel() on ptolemy.moml.MoMLSimpleApplication@3825ded9
----------------- Done invoking toplevel() on ptolemy.moml.MoMLSimpleApplication@3825ded9
reloadAllAccessors: .ConfigurationSelect2

===========================================================================================
----------------- testing Wed Oct 30 06:13:42 UTC 2019 /home/travis/build/icyphy/ptII/ptolemy/actor/lib/test/auto/ConfigurationSwitch.xml
----------------- Instantiating /home/travis/build/icyphy/ptII/ptolemy/actor/lib/test/auto/ConfigurationSwitch.xml
2 ms. Memory: 484352K Free: 219295K (45%)
----------------- Invoking toplevel() on ptolemy.moml.MoMLSimpleApplication@5743d32a
----------------- Done invoking toplevel() on ptolemy.moml.MoMLSimpleApplication@5743d32a
reloadAllAccessors: .ConfigurationSwitch

===========================================================================================
----------------- testing Wed Oct 30 06:13:42 UTC 2019 /home/travis/build/icyphy/ptII/ptolemy/actor/lib/test/auto/ConfigurationSwitch2.xml
----------------- Instantiating /home/travis/build/icyphy/ptII/ptolemy/actor/lib/test/auto/ConfigurationSwitch2.xml
2 ms. Memory: 484352K Free: 213663K (44%)
----------------- Invoking toplevel() on ptolemy.moml.MoMLSimpleApplication@5e874dde
----------------- Done invoking toplevel() on ptolemy.moml.MoMLSimpleApplication@5e874dde
reloadAllAccessors: .ConfigurationSwitch2

===========================================================================================
----------------- testing Wed Oct 30 06:13:42 UTC 2019 /home/travis/build/icyphy/ptII/ptolemy/actor/lib/test/auto/ConfigurationSwitchCloningBugWithClassRelationGroup.xml
----------------- Instantiating /home/travis/build/icyphy/ptII/ptolemy/actor/lib/test/auto/ConfigurationSwitchCloningBugWithClassRelationGroup.xml
1 ms. Memory: 484352K Free: 207009K (43%)
----------------- Invoking toplevel() on ptolemy.moml.MoMLSimpleApplication@32c54c0f
----------------- Done invoking toplevel() on ptolemy.moml.MoMLSimpleApplication@32c54c0f
reloadAllAccessors: .ConfigurationSwitchCloningBugWithClassRelationGroup

===========================================================================================
----------------- testing Wed Oct 30 06:13:42 UTC 2019 /home/travis/build/icyphy/ptII/ptolemy/actor/lib/test/auto/ConfigurationSwitchSelectSDF.xml
----------------- Instantiating /home/travis/build/icyphy/ptII/ptolemy/actor/lib/test/auto/ConfigurationSwitchSelectSDF.xml
2 ms. Memory: 484352K Free: 433456K (89%)
----------------- Invoking toplevel() on ptolemy.moml.MoMLSimpleApplication@586446e0
----------------- Done invoking toplevel() on ptolemy.moml.MoMLSimpleApplication@586446e0
reloadAllAccessors: .ConfigurationSwitchSelectSDF

===========================================================================================
----------------- testing Wed Oct 30 06:13:42 UTC 2019 /home/travis/build/icyphy/ptII/ptolemy/actor/lib/test/auto/ConfigurationSwitchSelectSDF2.xml
----------------- Instantiating /home/travis/build/icyphy/ptII/ptolemy/actor/lib/test/auto/ConfigurationSwitchSelectSDF2.xml
2 ms. Memory: 484352K Free: 427312K (88%)
----------------- Invoking toplevel() on ptolemy.moml.MoMLSimpleApplication@26035544
----------------- Done invoking toplevel() on ptolemy.moml.MoMLSimpleApplication@26035544
reloadAllAccessors: .ConfigurationSwitchSelectSDF2

===========================================================================================
----------------- testing Wed Oct 30 06:13:42 UTC 2019 /home/travis/build/icyphy/ptII/ptolemy/actor/lib/test/auto/Const.xml
----------------- Instantiating /home/travis/build/icyphy/ptII/ptolemy/actor/lib/test/auto/Const.xml
1 ms. Memory: 484352K Free: 423726K (87%)
----------------- Invoking toplevel() on ptolemy.moml.MoMLSimpleApplication@76a07923
----------------- Done invoking toplevel() on ptolemy.moml.MoMLSimpleApplication@76a07923
reloadAllAccessors: .Const

===========================================================================================
----------------- testing Wed Oct 30 06:13:42 UTC 2019 /home/travis/build/icyphy/ptII/ptolemy/actor/lib/test/auto/Const2.xml
----------------- Instantiating /home/travis/build/icyphy/ptII/ptolemy/actor/lib/test/auto/Const2.xml
1 ms. Memory: 484352K Free: 420144K (87%)
----------------- Invoking toplevel() on ptolemy.moml.MoMLSimpleApplication@27556bf
----------------- Done invoking toplevel() on ptolemy.moml.MoMLSimpleApplication@27556bf
reloadAllAccessors: .Const2

===========================================================================================
----------------- testing Wed Oct 30 06:13:42 UTC 2019 /home/travis/build/icyphy/ptII/ptolemy/actor/lib/test/auto/Const3.xml
----------------- Instantiating /home/travis/build/icyphy/ptII/ptolemy/actor/lib/test/auto/Const3.xml
0 ms. Memory: 484352K Free: 417072K (86%)
----------------- Invoking toplevel() on ptolemy.moml.MoMLSimpleApplication@771d5b3f
----------------- Done invoking toplevel() on ptolemy.moml.MoMLSimpleApplication@771d5b3f
reloadAllAccessors: .Const3

===========================================================================================
----------------- testing Wed Oct 30 06:13:42 UTC 2019 /home/travis/build/icyphy/ptII/ptolemy/actor/lib/test/auto/ConstantPublisherPort1.xml
----------------- Instantiating /home/travis/build/icyphy/ptII/ptolemy/actor/lib/test/auto/ConstantPublisherPort1.xml
6 ms. Memory: 484352K Free: 408366K (84%)
----------------- Invoking toplevel() on ptolemy.moml.MoMLSimpleApplication@46db9b99
----------------- Done invoking toplevel() on ptolemy.moml.MoMLSimpleApplication@46db9b99
reloadAllAccessors: .ConstantPublisherPort1

===========================================================================================
----------------- testing Wed Oct 30 06:13:42 UTC 2019 /home/travis/build/icyphy/ptII/ptolemy/actor/lib/test/auto/ConstantPublisherPort2.xml
----------------- Instantiating /home/travis/build/icyphy/ptII/ptolemy/actor/lib/test/auto/ConstantPublisherPort2.xml
11 ms. Memory: 484352K Free: 400688K (83%)
----------------- Invoking toplevel() on ptolemy.moml.MoMLSimpleApplication@37086b92
----------------- Done invoking toplevel() on ptolemy.moml.MoMLSimpleApplication@37086b92
reloadAllAccessors: .ConstantPublisherPort2

===========================================================================================
----------------- testing Wed Oct 30 06:13:42 UTC 2019 /home/travis/build/icyphy/ptII/ptolemy/actor/lib/test/auto/ConstantPublisherPort3.xml
----------------- Instantiating /home/travis/build/icyphy/ptII/ptolemy/actor/lib/test/auto/ConstantPublisherPort3.xml
8 ms. Memory: 484352K Free: 393006K (81%)
----------------- Invoking toplevel() on ptolemy.moml.MoMLSimpleApplication@12e11caf
----------------- Done invoking toplevel() on ptolemy.moml.MoMLSimpleApplication@12e11caf
reloadAllAccessors: .ConstantPublisherPort3

===========================================================================================
----------------- testing Wed Oct 30 06:13:42 UTC 2019 /home/travis/build/icyphy/ptII/ptolemy/actor/lib/test/auto/ConstantPublisherPort4.xml
----------------- Instantiating /home/travis/build/icyphy/ptII/ptolemy/actor/lib/test/auto/ConstantPublisherPort4.xml
3 ms. Memory: 484352K Free: 386352K (80%)
----------------- Invoking toplevel() on ptolemy.moml.MoMLSimpleApplication@53b7d8cb
----------------- Done invoking toplevel() on ptolemy.moml.MoMLSimpleApplication@53b7d8cb
reloadAllAccessors: .ConstantPublisherPort4

===========================================================================================
----------------- testing Wed Oct 30 06:13:42 UTC 2019 /home/travis/build/icyphy/ptII/ptolemy/actor/lib/test/auto/ConstantPublisherPort5.xml
----------------- Instantiating /home/travis/build/icyphy/ptII/ptolemy/actor/lib/test/auto/ConstantPublisherPort5.xml
25 ms. Memory: 484352K Free: 377136K (78%)
----------------- Invoking toplevel() on ptolemy.moml.MoMLSimpleApplication@64a09c65
----------------- Done invoking toplevel() on ptolemy.moml.MoMLSimpleApplication@64a09c65
reloadAllAccessors: .ConstantPublisherPort5

===========================================================================================
----------------- testing Wed Oct 30 06:13:42 UTC 2019 /home/travis/build/icyphy/ptII/ptolemy/actor/lib/test/auto/ConstantPublisherPort6.xml
----------------- Instantiating /home/travis/build/icyphy/ptII/ptolemy/actor/lib/test/auto/ConstantPublisherPort6.xml
12 ms. Memory: 484352K Free: 368430K (76%)
----------------- Invoking toplevel() on ptolemy.moml.MoMLSimpleApplication@35adba23
----------------- Done invoking toplevel() on ptolemy.moml.MoMLSimpleApplication@35adba23
reloadAllAccessors: .ConstantPublisherPort6

===========================================================================================
----------------- testing Wed Oct 30 06:13:42 UTC 2019 /home/travis/build/icyphy/ptII/ptolemy/actor/lib/test/auto/ConstantPublisherPort7.xml
----------------- Instantiating /home/travis/build/icyphy/ptII/ptolemy/actor/lib/test/auto/ConstantPublisherPort7.xml
20 ms. Memory: 484352K Free: 359214K (74%)
----------------- Invoking toplevel() on ptolemy.moml.MoMLSimpleApplication@5a11c581
----------------- Done invoking toplevel() on ptolemy.moml.MoMLSimpleApplication@5a11c581
reloadAllAccessors: .ConstantPublisherPort7

===========================================================================================
----------------- testing Wed Oct 30 06:13:42 UTC 2019 /home/travis/build/icyphy/ptII/ptolemy/actor/lib/test/auto/ConstraintMonitor1.xml
----------------- Instantiating /home/travis/build/icyphy/ptII/ptolemy/actor/lib/test/auto/ConstraintMonitor1.xml
3 ms. Memory: 484352K Free: 354094K (73%)
----------------- Invoking toplevel() on ptolemy.moml.MoMLSimpleApplication@109a9af5
----------------- Done invoking toplevel() on ptolemy.moml.MoMLSimpleApplication@109a9af5
reloadAllAccessors: .ConstraintMonitor1

===========================================================================================
----------------- testing Wed Oct 30 06:13:42 UTC 2019 /home/travis/build/icyphy/ptII/ptolemy/actor/lib/test/auto/ConstraintMonitor2.xml
----------------- Instantiating /home/travis/build/icyphy/ptII/ptolemy/actor/lib/test/auto/ConstraintMonitor2.xml
7 ms. Memory: 484352K Free: 349998K (72%)
----------------- Invoking toplevel() on ptolemy.moml.MoMLSimpleApplication@2964985c
----------------- Done invoking toplevel() on ptolemy.moml.MoMLSimpleApplication@2964985c
reloadAllAccessors: .ConstraintMonitor2

===========================================================================================
----------------- testing Wed Oct 30 06:13:42 UTC 2019 /home/travis/build/icyphy/ptII/ptolemy/actor/lib/test/auto/ConstraintMonitor3.xml
----------------- Instantiating /home/travis/build/icyphy/ptII/ptolemy/actor/lib/test/auto/ConstraintMonitor3.xml
4 ms. Memory: 484352K Free: 344878K (71%)
----------------- Invoking toplevel() on ptolemy.moml.MoMLSimpleApplication@256c1f5f
----------------- Done invoking toplevel() on ptolemy.moml.MoMLSimpleApplication@256c1f5f
reloadAllAccessors: .ConstraintMonitor3

===========================================================================================
----------------- testing Wed Oct 30 06:13:42 UTC 2019 /home/travis/build/icyphy/ptII/ptolemy/actor/lib/test/auto/ConstraintMonitor4.xml
----------------- Instantiating /home/travis/build/icyphy/ptII/ptolemy/actor/lib/test/auto/ConstraintMonitor4.xml
2 ms. Memory: 484352K Free: 340272K (70%)
----------------- Invoking toplevel() on ptolemy.moml.MoMLSimpleApplication@57c47f99
----------------- Done invoking toplevel() on ptolemy.moml.MoMLSimpleApplication@57c47f99
reloadAllAccessors: .ConstraintMonitor4

===========================================================================================
----------------- testing Wed Oct 30 06:13:42 UTC 2019 /home/travis/build/icyphy/ptII/ptolemy/actor/lib/test/auto/ConstraintMonitor5.xml
----------------- Instantiating /home/travis/build/icyphy/ptII/ptolemy/actor/lib/test/auto/ConstraintMonitor5.xml
2 ms. Memory: 484352K Free: 335152K (69%)
----------------- Invoking toplevel() on ptolemy.moml.MoMLSimpleApplication@4ee2b91a
----------------- Done invoking toplevel() on ptolemy.moml.MoMLSimpleApplication@4ee2b91a
reloadAllAccessors: .ConstraintMonitor5

===========================================================================================
----------------- testing Wed Oct 30 06:13:42 UTC 2019 /home/travis/build/icyphy/ptII/ptolemy/actor/lib/test/auto/ConstraintMonitor6.xml
----------------- Instantiating /home/travis/build/icyphy/ptII/ptolemy/actor/lib/test/auto/ConstraintMonitor6.xml
5 ms. Memory: 484352K Free: 329008K (68%)
----------------- Invoking toplevel() on ptolemy.moml.MoMLSimpleApplication@47b4d86c
----------------- Done invoking toplevel() on ptolemy.moml.MoMLSimpleApplication@47b4d86c
reloadAllAccessors: .ConstraintMonitor6

===========================================================================================
----------------- testing Wed Oct 30 06:13:42 UTC 2019 /home/travis/build/icyphy/ptII/ptolemy/actor/lib/test/auto/ConstraintMonitor7.xml
----------------- Instantiating /home/travis/build/icyphy/ptII/ptolemy/actor/lib/test/auto/ConstraintMonitor7.xml
3 ms. Memory: 484352K Free: 322864K (67%)
----------------- Invoking toplevel() on ptolemy.moml.MoMLSimpleApplication@62ed041d
----------------- Done invoking toplevel() on ptolemy.moml.MoMLSimpleApplication@62ed041d
reloadAllAccessors: .ConstraintMonitor7

===========================================================================================
----------------- testing Wed Oct 30 06:13:42 UTC 2019 /home/travis/build/icyphy/ptII/ptolemy/actor/lib/test/auto/ConstraintMonitor8.xml
----------------- Instantiating /home/travis/build/icyphy/ptII/ptolemy/actor/lib/test/auto/ConstraintMonitor8.xml
5 ms. Memory: 484352K Free: 315176K (65%)
----------------- Invoking toplevel() on ptolemy.moml.MoMLSimpleApplication@522c531b
----------------- Done invoking toplevel() on ptolemy.moml.MoMLSimpleApplication@522c531b
reloadAllAccessors: .ConstraintMonitor8

===========================================================================================
----------------- testing Wed Oct 30 06:13:42 UTC 2019 /home/travis/build/icyphy/ptII/ptolemy/actor/lib/test/auto/Counter.xml
----------------- Instantiating /home/travis/build/icyphy/ptII/ptolemy/actor/lib/test/auto/Counter.xml
2 ms. Memory: 484352K Free: 310062K (64%)
----------------- Invoking toplevel() on ptolemy.moml.MoMLSimpleApplication@b6148eb
----------------- Done invoking toplevel() on ptolemy.moml.MoMLSimpleApplication@b6148eb
reloadAllAccessors: .Counter

===========================================================================================
----------------- testing Wed Oct 30 06:13:42 UTC 2019 /home/travis/build/icyphy/ptII/ptolemy/actor/lib/test/auto/CurrentTimeSDF.xml
----------------- Instantiating /home/travis/build/icyphy/ptII/ptolemy/actor/lib/test/auto/CurrentTimeSDF.xml
1 ms. Memory: 484352K Free: 305966K (63%)
----------------- Invoking toplevel() on ptolemy.moml.MoMLSimpleApplication@91f8b36
----------------- Done invoking toplevel() on ptolemy.moml.MoMLSimpleApplication@91f8b36
reloadAllAccessors: .CurrentTimeSDF

===========================================================================================
----------------- testing Wed Oct 30 06:13:42 UTC 2019 /home/travis/build/icyphy/ptII/ptolemy/actor/lib/test/auto/DB.xml
----------------- Instantiating /home/travis/build/icyphy/ptII/ptolemy/actor/lib/test/auto/DB.xml
2 ms. Memory: 484352K Free: 300336K (62%)
----------------- Invoking toplevel() on ptolemy.moml.MoMLSimpleApplication@c801499
----------------- Done invoking toplevel() on ptolemy.moml.MoMLSimpleApplication@c801499
reloadAllAccessors: .DB

===========================================================================================
----------------- testing Wed Oct 30 06:13:42 UTC 2019 /home/travis/build/icyphy/ptII/ptolemy/actor/lib/test/auto/DBDE.xml
----------------- Instantiating /home/travis/build/icyphy/ptII/ptolemy/actor/lib/test/auto/DBDE.xml
2 ms. Memory: 484352K Free: 294672K (61%)
----------------- Invoking toplevel() on ptolemy.moml.MoMLSimpleApplication@1e06e8e1
----------------- Done invoking toplevel() on ptolemy.moml.MoMLSimpleApplication@1e06e8e1
reloadAllAccessors: .DBDE

===========================================================================================
----------------- testing Wed Oct 30 06:13:42 UTC 2019 /home/travis/build/icyphy/ptII/ptolemy/actor/lib/test/auto/DateConstructor.xml
----------------- Instantiating /home/travis/build/icyphy/ptII/ptolemy/actor/lib/test/auto/DateConstructor.xml
31 ms. Memory: 484352K Free: 276784K (57%)
----------------- Invoking toplevel() on ptolemy.moml.MoMLSimpleApplication@5e5a0e85
----------------- Done invoking toplevel() on ptolemy.moml.MoMLSimpleApplication@5e5a0e85
reloadAllAccessors: .DateConstructor

===========================================================================================
----------------- testing Wed Oct 30 06:13:42 UTC 2019 /home/travis/build/icyphy/ptII/ptolemy/actor/lib/test/auto/DelayTime.xml
----------------- Instantiating /home/travis/build/icyphy/ptII/ptolemy/actor/lib/test/auto/DelayTime.xml
7 ms. Memory: 484352K Free: 271664K (56%)
----------------- Invoking toplevel() on ptolemy.moml.MoMLSimpleApplication@638982e9
----------------- Done invoking toplevel() on ptolemy.moml.MoMLSimpleApplication@638982e9
reloadAllAccessors: .DelayTime

===========================================================================================
----------------- testing Wed Oct 30 06:13:42 UTC 2019 /home/travis/build/icyphy/ptII/ptolemy/actor/lib/test/auto/Dictionary1.xml
----------------- Instantiating /home/travis/build/icyphy/ptII/ptolemy/actor/lib/test/auto/Dictionary1.xml
1 ms. Memory: 484352K Free: 266030K (55%)
----------------- Invoking toplevel() on ptolemy.moml.MoMLSimpleApplication@ff6064e
----------------- Done invoking toplevel() on ptolemy.moml.MoMLSimpleApplication@ff6064e
reloadAllAccessors: .Dictionary1

===========================================================================================
----------------- testing Wed Oct 30 06:13:43 UTC 2019 /home/travis/build/icyphy/ptII/ptolemy/actor/lib/test/auto/Dictionary2.xml
----------------- Instantiating /home/travis/build/icyphy/ptII/ptolemy/actor/lib/test/auto/Dictionary2.xml
5 ms. Memory: 484352K Free: 260910K (54%)
----------------- Invoking toplevel() on ptolemy.moml.MoMLSimpleApplication@6aa1d462
----------------- Done invoking toplevel() on ptolemy.moml.MoMLSimpleApplication@6aa1d462
reloadAllAccessors: .Dictionary2

===========================================================================================
----------------- testing Wed Oct 30 06:13:43 UTC 2019 /home/travis/build/icyphy/ptII/ptolemy/actor/lib/test/auto/Dictionary3.xml
----------------- Instantiating /home/travis/build/icyphy/ptII/ptolemy/actor/lib/test/auto/Dictionary3.xml
2 ms. Memory: 484352K Free: 255280K (53%)
----------------- Invoking toplevel() on ptolemy.moml.MoMLSimpleApplication@62e4f4d0
----------------- Done invoking toplevel() on ptolemy.moml.MoMLSimpleApplication@62e4f4d0
reloadAllAccessors: .Dictionary3

===========================================================================================
----------------- testing Wed Oct 30 06:13:43 UTC 2019 /home/travis/build/icyphy/ptII/ptolemy/actor/lib/test/auto/Dictionary4.xml
----------------- Instantiating /home/travis/build/icyphy/ptII/ptolemy/actor/lib/test/auto/Dictionary4.xml
5 ms. Memory: 484352K Free: 248112K (51%)
----------------- Invoking toplevel() on ptolemy.moml.MoMLSimpleApplication@1e2a6e09
----------------- Done invoking toplevel() on ptolemy.moml.MoMLSimpleApplication@1e2a6e09
reloadAllAccessors: .Dictionary4

===========================================================================================
----------------- testing Wed Oct 30 06:13:43 UTC 2019 /home/travis/build/icyphy/ptII/ptolemy/actor/lib/test/auto/Differential.xml
----------------- Instantiating /home/travis/build/icyphy/ptII/ptolemy/actor/lib/test/auto/Differential.xml
3 ms. Memory: 484352K Free: 244016K (50%)
----------------- Invoking toplevel() on ptolemy.moml.MoMLSimpleApplication@7a388319
----------------- Done invoking toplevel() on ptolemy.moml.MoMLSimpleApplication@7a388319
reloadAllAccessors: .Differential

===========================================================================================
----------------- testing Wed Oct 30 06:13:43 UTC 2019 /home/travis/build/icyphy/ptII/ptolemy/actor/lib/test/auto/Director.xml
----------------- Instantiating /home/travis/build/icyphy/ptII/ptolemy/actor/lib/test/auto/Director.xml
1 ms. Memory: 484352K Free: 240430K (50%)
----------------- Invoking toplevel() on ptolemy.moml.MoMLSimpleApplication@5eb0ac02
----------------- Done invoking toplevel() on ptolemy.moml.MoMLSimpleApplication@5eb0ac02
reloadAllAccessors: .Director

===========================================================================================
----------------- testing Wed Oct 30 06:13:43 UTC 2019 /home/travis/build/icyphy/ptII/ptolemy/actor/lib/test/auto/DiscreteClock.xml
----------------- Instantiating /home/travis/build/icyphy/ptII/ptolemy/actor/lib/test/auto/DiscreteClock.xml
3 ms. Memory: 484352K Free: 236334K (49%)
----------------- Invoking toplevel() on ptolemy.moml.MoMLSimpleApplication@56c07816
----------------- Done invoking toplevel() on ptolemy.moml.MoMLSimpleApplication@56c07816
reloadAllAccessors: .DiscreteClock

===========================================================================================
----------------- testing Wed Oct 30 06:13:43 UTC 2019 /home/travis/build/icyphy/ptII/ptolemy/actor/lib/test/auto/DiscreteClock10.xml
----------------- Instantiating /home/travis/build/icyphy/ptII/ptolemy/actor/lib/test/auto/DiscreteClock10.xml
2 ms. Memory: 484352K Free: 230190K (48%)
----------------- Invoking toplevel() on ptolemy.moml.MoMLSimpleApplication@39e90d39
----------------- Done invoking toplevel() on ptolemy.moml.MoMLSimpleApplication@39e90d39
reloadAllAccessors: .DiscreteClock10

===========================================================================================
----------------- testing Wed Oct 30 06:13:43 UTC 2019 /home/travis/build/icyphy/ptII/ptolemy/actor/lib/test/auto/DiscreteClock11.xml
----------------- Instantiating /home/travis/build/icyphy/ptII/ptolemy/actor/lib/test/auto/DiscreteClock11.xml
2 ms. Memory: 484352K Free: 224560K (46%)
----------------- Invoking toplevel() on ptolemy.moml.MoMLSimpleApplication@8f81142
----------------- Done invoking toplevel() on ptolemy.moml.MoMLSimpleApplication@8f81142
reloadAllAccessors: .DiscreteClock11

===========================================================================================
----------------- testing Wed Oct 30 06:13:43 UTC 2019 /home/travis/build/icyphy/ptII/ptolemy/actor/lib/test/auto/DiscreteClock12.xml
----------------- Instantiating /home/travis/build/icyphy/ptII/ptolemy/actor/lib/test/auto/DiscreteClock12.xml
3 ms. Memory: 484352K Free: 218416K (45%)
----------------- Invoking toplevel() on ptolemy.moml.MoMLSimpleApplication@4a1ce65a
----------------- Done invoking toplevel() on ptolemy.moml.MoMLSimpleApplication@4a1ce65a
reloadAllAccessors: .DiscreteClock12

===========================================================================================
----------------- testing Wed Oct 30 06:13:43 UTC 2019 /home/travis/build/icyphy/ptII/ptolemy/actor/lib/test/auto/DiscreteClock13.xml
----------------- Instantiating /home/travis/build/icyphy/ptII/ptolemy/actor/lib/test/auto/DiscreteClock13.xml
7 ms. Memory: 484352K Free: 212272K (44%)
----------------- Invoking toplevel() on ptolemy.moml.MoMLSimpleApplication@63c3832
----------------- Done invoking toplevel() on ptolemy.moml.MoMLSimpleApplication@63c3832
reloadAllAccessors: .DiscreteClock13

===========================================================================================
----------------- testing Wed Oct 30 06:13:43 UTC 2019 /home/travis/build/icyphy/ptII/ptolemy/actor/lib/test/auto/DiscreteClock14.xml
----------------- Instantiating /home/travis/build/icyphy/ptII/ptolemy/actor/lib/test/auto/DiscreteClock14.xml
6 ms. Memory: 484352K Free: 206608K (43%)
----------------- Invoking toplevel() on ptolemy.moml.MoMLSimpleApplication@3128eece
----------------- Done invoking toplevel() on ptolemy.moml.MoMLSimpleApplication@3128eece
reloadAllAccessors: .DiscreteClock14

===========================================================================================
----------------- testing Wed Oct 30 06:13:43 UTC 2019 /home/travis/build/icyphy/ptII/ptolemy/actor/lib/test/auto/DiscreteClock15.xml
----------------- Instantiating /home/travis/build/icyphy/ptII/ptolemy/actor/lib/test/auto/DiscreteClock15.xml
6 ms. Memory: 484352K Free: 200464K (41%)
----------------- Invoking toplevel() on ptolemy.moml.MoMLSimpleApplication@704bb1d8
----------------- Done invoking toplevel() on ptolemy.moml.MoMLSimpleApplication@704bb1d8
reloadAllAccessors: .DiscreteClock15

===========================================================================================
----------------- testing Wed Oct 30 06:13:43 UTC 2019 /home/travis/build/icyphy/ptII/ptolemy/actor/lib/test/auto/DiscreteClock16.xml
----------------- Instantiating /home/travis/build/icyphy/ptII/ptolemy/actor/lib/test/auto/DiscreteClock16.xml
18 ms. Memory: 484352K Free: 186672K (39%)
----------------- Invoking toplevel() on ptolemy.moml.MoMLSimpleApplication@227c6130
----------------- Done invoking toplevel() on ptolemy.moml.MoMLSimpleApplication@227c6130
reloadAllAccessors: .DiscreteClock16

===========================================================================================
----------------- testing Wed Oct 30 06:13:43 UTC 2019 /home/travis/build/icyphy/ptII/ptolemy/actor/lib/test/auto/DiscreteClock17.xml
----------------- Instantiating /home/travis/build/icyphy/ptII/ptolemy/actor/lib/test/auto/DiscreteClock17.xml
19 ms. Memory: 484352K Free: 172336K (36%)
----------------- Invoking toplevel() on ptolemy.moml.MoMLSimpleApplication@73fdf62f
----------------- Done invoking toplevel() on ptolemy.moml.MoMLSimpleApplication@73fdf62f
reloadAllAccessors: .DiscreteClock17

===========================================================================================
----------------- testing Wed Oct 30 06:13:43 UTC 2019 /home/travis/build/icyphy/ptII/ptolemy/actor/lib/test/auto/DiscreteClock18.xml
----------------- Instantiating /home/travis/build/icyphy/ptII/ptolemy/actor/lib/test/auto/DiscreteClock18.xml
26 ms. Memory: 484352K Free: 158504K (33%)
----------------- Invoking toplevel() on ptolemy.moml.MoMLSimpleApplication@67114902
----------------- Done invoking toplevel() on ptolemy.moml.MoMLSimpleApplication@67114902
reloadAllAccessors: .DiscreteClock18

===========================================================================================
----------------- testing Wed Oct 30 06:13:43 UTC 2019 /home/travis/build/icyphy/ptII/ptolemy/actor/lib/test/auto/DiscreteClock19.xml
----------------- Instantiating /home/travis/build/icyphy/ptII/ptolemy/actor/lib/test/auto/DiscreteClock19.xml
22 ms. Memory: 484352K Free: 427824K (88%)
----------------- Invoking toplevel() on ptolemy.moml.MoMLSimpleApplication@6c914d78
----------------- Done invoking toplevel() on ptolemy.moml.MoMLSimpleApplication@6c914d78
reloadAllAccessors: .DiscreteClock19

===========================================================================================
----------------- testing Wed Oct 30 06:13:43 UTC 2019 /home/travis/build/icyphy/ptII/ptolemy/actor/lib/test/auto/DiscreteClock2.xml
----------------- Instantiating /home/travis/build/icyphy/ptII/ptolemy/actor/lib/test/auto/DiscreteClock2.xml
7 ms. Memory: 484352K Free: 422704K (87%)
----------------- Invoking toplevel() on ptolemy.moml.MoMLSimpleApplication@520c353d
----------------- Done invoking toplevel() on ptolemy.moml.MoMLSimpleApplication@520c353d
reloadAllAccessors: .DiscreteClock2

===========================================================================================
----------------- testing Wed Oct 30 06:13:43 UTC 2019 /home/travis/build/icyphy/ptII/ptolemy/actor/lib/test/auto/DiscreteClock20.xml
----------------- Instantiating /home/travis/build/icyphy/ptII/ptolemy/actor/lib/test/auto/DiscreteClock20.xml
7 ms. Memory: 484352K Free: 417070K (86%)
----------------- Invoking toplevel() on ptolemy.moml.MoMLSimpleApplication@1481247b
----------------- Done invoking toplevel() on ptolemy.moml.MoMLSimpleApplication@1481247b
reloadAllAccessors: .DiscreteClock20

===========================================================================================
----------------- testing Wed Oct 30 06:13:43 UTC 2019 /home/travis/build/icyphy/ptII/ptolemy/actor/lib/test/auto/DiscreteClock21.xml
----------------- Instantiating /home/travis/build/icyphy/ptII/ptolemy/actor/lib/test/auto/DiscreteClock21.xml
6 ms. Memory: 484352K Free: 411440K (85%)
----------------- Invoking toplevel() on ptolemy.moml.MoMLSimpleApplication@1c2a8e00
----------------- Done invoking toplevel() on ptolemy.moml.MoMLSimpleApplication@1c2a8e00
reloadAllAccessors: .DiscreteClock21

===========================================================================================
----------------- testing Wed Oct 30 06:13:43 UTC 2019 /home/travis/build/icyphy/ptII/ptolemy/actor/lib/test/auto/DiscreteClock22.xml
----------------- Instantiating /home/travis/build/icyphy/ptII/ptolemy/actor/lib/test/auto/DiscreteClock22.xml
6 ms. Memory: 484352K Free: 406320K (84%)
----------------- Invoking toplevel() on ptolemy.moml.MoMLSimpleApplication@2372587b
----------------- Done invoking toplevel() on ptolemy.moml.MoMLSimpleApplication@2372587b
reloadAllAccessors: .DiscreteClock22

===========================================================================================
----------------- testing Wed Oct 30 06:13:43 UTC 2019 /home/travis/build/icyphy/ptII/ptolemy/actor/lib/test/auto/DiscreteClock23.xml
----------------- Instantiating /home/travis/build/icyphy/ptII/ptolemy/actor/lib/test/auto/DiscreteClock23.xml
10 ms. Memory: 484352K Free: 400686K (83%)
----------------- Invoking toplevel() on ptolemy.moml.MoMLSimpleApplication@1c299df5
----------------- Done invoking toplevel() on ptolemy.moml.MoMLSimpleApplication@1c299df5
reloadAllAccessors: .DiscreteClock23

===========================================================================================
----------------- testing Wed Oct 30 06:13:43 UTC 2019 /home/travis/build/icyphy/ptII/ptolemy/actor/lib/test/auto/DiscreteClock24.xml
----------------- Instantiating /home/travis/build/icyphy/ptII/ptolemy/actor/lib/test/auto/DiscreteClock24.xml
5 ms. Memory: 484352K Free: 395056K (82%)
----------------- Invoking toplevel() on ptolemy.moml.MoMLSimpleApplication@e50db4e
----------------- Done invoking toplevel() on ptolemy.moml.MoMLSimpleApplication@e50db4e
reloadAllAccessors: .DiscreteClock24

===========================================================================================
----------------- testing Wed Oct 30 06:13:43 UTC 2019 /home/travis/build/icyphy/ptII/ptolemy/actor/lib/test/auto/DiscreteClock4.xml
----------------- Instantiating /home/travis/build/icyphy/ptII/ptolemy/actor/lib/test/auto/DiscreteClock4.xml
4 ms. Memory: 484352K Free: 389408K (80%)
----------------- Invoking toplevel() on ptolemy.moml.MoMLSimpleApplication@1cebbdc9
----------------- Done invoking toplevel() on ptolemy.moml.MoMLSimpleApplication@1cebbdc9
reloadAllAccessors: .DiscreteClock4

===========================================================================================
----------------- testing Wed Oct 30 06:13:43 UTC 2019 /home/travis/build/icyphy/ptII/ptolemy/actor/lib/test/auto/DiscreteClock5.xml
----------------- Instantiating /home/travis/build/icyphy/ptII/ptolemy/actor/lib/test/auto/DiscreteClock5.xml
2 ms. Memory: 484352K Free: 383792K (79%)
----------------- Invoking toplevel() on ptolemy.moml.MoMLSimpleApplication@6a044f2b
----------------- Done invoking toplevel() on ptolemy.moml.MoMLSimpleApplication@6a044f2b
reloadAllAccessors: .DiscreteClock5

===========================================================================================
----------------- testing Wed Oct 30 06:13:43 UTC 2019 /home/travis/build/icyphy/ptII/ptolemy/actor/lib/test/auto/DiscreteClock6.xml
----------------- Instantiating /home/travis/build/icyphy/ptII/ptolemy/actor/lib/test/auto/DiscreteClock6.xml
1 ms. Memory: 484352K Free: 380192K (78%)
----------------- Invoking toplevel() on ptolemy.moml.MoMLSimpleApplication@2648ff00
----------------- Done invoking toplevel() on ptolemy.moml.MoMLSimpleApplication@2648ff00
reloadAllAccessors: .DiscreteClock6

===========================================================================================
----------------- testing Wed Oct 30 06:13:43 UTC 2019 /home/travis/build/icyphy/ptII/ptolemy/actor/lib/test/auto/DiscreteClock7.xml
----------------- Instantiating /home/travis/build/icyphy/ptII/ptolemy/actor/lib/test/auto/DiscreteClock7.xml
1 ms. Memory: 484352K Free: 375086K (77%)
----------------- Invoking toplevel() on ptolemy.moml.MoMLSimpleApplication@279c6ec1
----------------- Done invoking toplevel() on ptolemy.moml.MoMLSimpleApplication@279c6ec1
reloadAllAccessors: .DiscreteClock7

===========================================================================================
----------------- testing Wed Oct 30 06:13:43 UTC 2019 /home/travis/build/icyphy/ptII/ptolemy/actor/lib/test/auto/DiscreteClock8.xml
----------------- Instantiating /home/travis/build/icyphy/ptII/ptolemy/actor/lib/test/auto/DiscreteClock8.xml
2 ms. Memory: 484352K Free: 369456K (76%)
----------------- Invoking toplevel() on ptolemy.moml.MoMLSimpleApplication@5bbddcdf
----------------- Done invoking toplevel() on ptolemy.moml.MoMLSimpleApplication@5bbddcdf
reloadAllAccessors: .DiscreteClock8

===========================================================================================
----------------- testing Wed Oct 30 06:13:43 UTC 2019 /home/travis/build/icyphy/ptII/ptolemy/actor/lib/test/auto/DiscreteClock9.xml
----------------- Instantiating /home/travis/build/icyphy/ptII/ptolemy/actor/lib/test/auto/DiscreteClock9.xml
5 ms. Memory: 484352K Free: 363816K (75%)
----------------- Invoking toplevel() on ptolemy.moml.MoMLSimpleApplication@78e69b60
----------------- Done invoking toplevel() on ptolemy.moml.MoMLSimpleApplication@78e69b60
reloadAllAccessors: .DiscreteClock9

===========================================================================================
----------------- testing Wed Oct 30 06:13:43 UTC 2019 /home/travis/build/icyphy/ptII/ptolemy/actor/lib/test/auto/DisplayArray.xml
----------------- Instantiating /home/travis/build/icyphy/ptII/ptolemy/actor/lib/test/auto/DisplayArray.xml
2 ms. Memory: 484352K Free: 360750K (74%)
----------------- Invoking toplevel() on ptolemy.moml.MoMLSimpleApplication@6fd53395
----------------- Done invoking toplevel() on ptolemy.moml.MoMLSimpleApplication@6fd53395
reloadAllAccessors: .DisplayArray

===========================================================================================
----------------- testing Wed Oct 30 06:13:43 UTC 2019 /home/travis/build/icyphy/ptII/ptolemy/actor/lib/test/auto/Distributor.xml
----------------- Instantiating /home/travis/build/icyphy/ptII/ptolemy/actor/lib/test/auto/Distributor.xml
1 ms. Memory: 484352K Free: 355630K (73%)
----------------- Invoking toplevel() on ptolemy.moml.MoMLSimpleApplication@875af08
----------------- Done invoking toplevel() on ptolemy.moml.MoMLSimpleApplication@875af08
reloadAllAccessors: .Distributor

===========================================================================================
----------------- testing Wed Oct 30 06:13:43 UTC 2019 /home/travis/build/icyphy/ptII/ptolemy/actor/lib/test/auto/Distributor2.xml
----------------- Instantiating /home/travis/build/icyphy/ptII/ptolemy/actor/lib/test/auto/Distributor2.xml
2 ms. Memory: 484352K Free: 351024K (72%)
----------------- Invoking toplevel() on ptolemy.moml.MoMLSimpleApplication@22fceb3
----------------- Done invoking toplevel() on ptolemy.moml.MoMLSimpleApplication@22fceb3
reloadAllAccessors: .Distributor2

===========================================================================================
----------------- testing Wed Oct 30 06:13:43 UTC 2019 /home/travis/build/icyphy/ptII/ptolemy/actor/lib/test/auto/DownSample.xml
----------------- Instantiating /home/travis/build/icyphy/ptII/ptolemy/actor/lib/test/auto/DownSample.xml
2 ms. Memory: 484352K Free: 346414K (72%)
----------------- Invoking toplevel() on ptolemy.moml.MoMLSimpleApplication@41b51794
----------------- Done invoking toplevel() on ptolemy.moml.MoMLSimpleApplication@41b51794
reloadAllAccessors: .DownSample

===========================================================================================
----------------- testing Wed Oct 30 06:13:43 UTC 2019 /home/travis/build/icyphy/ptII/ptolemy/actor/lib/test/auto/ElectronicUnitBase1.xml
----------------- Instantiating /home/travis/build/icyphy/ptII/ptolemy/actor/lib/test/auto/ElectronicUnitBase1.xml
18 ms. Memory: 484352K Free: 330030K (68%)
----------------- Invoking toplevel() on ptolemy.moml.MoMLSimpleApplication@63ec702d
----------------- Done invoking toplevel() on ptolemy.moml.MoMLSimpleApplication@63ec702d
reloadAllAccessors: .ElectronicUnitBase1

===========================================================================================
----------------- testing Wed Oct 30 06:13:43 UTC 2019 /home/travis/build/icyphy/ptII/ptolemy/actor/lib/test/auto/ElementsToArray.xml
----------------- Instantiating /home/travis/build/icyphy/ptII/ptolemy/actor/lib/test/auto/ElementsToArray.xml
3 ms. Memory: 484352K Free: 325424K (67%)
----------------- Invoking toplevel() on ptolemy.moml.MoMLSimpleApplication@7e4b6390
----------------- Done invoking toplevel() on ptolemy.moml.MoMLSimpleApplication@7e4b6390
reloadAllAccessors: .ElementsToArray

===========================================================================================
----------------- testing Wed Oct 30 06:13:43 UTC 2019 /home/travis/build/icyphy/ptII/ptolemy/actor/lib/test/auto/Equals.xml
----------------- Instantiating /home/travis/build/icyphy/ptII/ptolemy/actor/lib/test/auto/Equals.xml
3 ms. Memory: 484352K Free: 320814K (66%)
----------------- Invoking toplevel() on ptolemy.moml.MoMLSimpleApplication@5d5c5f6a
----------------- Done invoking toplevel() on ptolemy.moml.MoMLSimpleApplication@5d5c5f6a
reloadAllAccessors: .Equals

===========================================================================================
----------------- testing Wed Oct 30 06:13:43 UTC 2019 /home/travis/build/icyphy/ptII/ptolemy/actor/lib/test/auto/Exec.xml
----------------- Instantiating /home/travis/build/icyphy/ptII/ptolemy/actor/lib/test/auto/Exec.xml
21 ms. Memory: 484352K Free: 315694K (65%)
----------------- Invoking toplevel() on ptolemy.moml.MoMLSimpleApplication@772b4cb
----------------- Done invoking toplevel() on ptolemy.moml.MoMLSimpleApplication@772b4cb
reloadAllAccessors: .Exec

===========================================================================================
----------------- testing Wed Oct 30 06:13:43 UTC 2019 /home/travis/build/icyphy/ptII/ptolemy/actor/lib/test/auto/ExecEnvironment.xml
----------------- Instantiating /home/travis/build/icyphy/ptII/ptolemy/actor/lib/test/auto/ExecEnvironment.xml
32 ms. Memory: 484352K Free: 310064K (64%)
----------------- Invoking toplevel() on ptolemy.moml.MoMLSimpleApplication@e9e9ed1
----------------- Done invoking toplevel() on ptolemy.moml.MoMLSimpleApplication@e9e9ed1
reloadAllAccessors: .ExecEnvironment

===========================================================================================
----------------- testing Wed Oct 30 06:13:43 UTC 2019 /home/travis/build/icyphy/ptII/ptolemy/actor/lib/test/auto/ExecNonZeroReturnOutput.xml
----------------- Instantiating /home/travis/build/icyphy/ptII/ptolemy/actor/lib/test/auto/ExecNonZeroReturnOutput.xml
192 ms. Memory: 484352K Free: 298800K (62%)
----------------- Invoking toplevel() on ptolemy.moml.MoMLSimpleApplication@32785eba
----------------- Done invoking toplevel() on ptolemy.moml.MoMLSimpleApplication@32785eba
reloadAllAccessors: .ExecNonZeroReturnOutput

===========================================================================================
----------------- testing Wed Oct 30 06:13:44 UTC 2019 /home/travis/build/icyphy/ptII/ptolemy/actor/lib/test/auto/ExecRunDemos.xml
----------------- Instantiating /home/travis/build/icyphy/ptII/ptolemy/actor/lib/test/auto/ExecRunDemos.xml
Finished: 92 ms. Memory: 120832K Free: 104564K (87%)

Finished: 99 ms. Memory: 120832K Free: 110707K (92%)

Finished: 93 ms. Memory: 120832K Free: 110101K (91%)

Finished: 108 ms. Memory: 120832K Free: 103012K (85%)

Finished: 87 ms. Memory: 120832K Free: 103923K (86%)

11363 ms. Memory: 484352K Free: 277806K (57%)
----------------- Invoking toplevel() on ptolemy.moml.MoMLSimpleApplication@55c7ddc8
----------------- Done invoking toplevel() on ptolemy.moml.MoMLSimpleApplication@55c7ddc8
reloadAllAccessors: .ExecRunDemos

===========================================================================================
----------------- testing Wed Oct 30 06:13:55 UTC 2019 /home/travis/build/icyphy/ptII/ptolemy/actor/lib/test/auto/ExecStop.xml
----------------- Instantiating /home/travis/build/icyphy/ptII/ptolemy/actor/lib/test/auto/ExecStop.xml
5022 ms. Memory: 484352K Free: 163118K (34%)
----------------- Invoking toplevel() on ptolemy.moml.MoMLSimpleApplication@39283a10
----------------- Done invoking toplevel() on ptolemy.moml.MoMLSimpleApplication@39283a10
reloadAllAccessors: .ExecStop

===========================================================================================
----------------- testing Wed Oct 30 06:14:00 UTC 2019 /home/travis/build/icyphy/ptII/ptolemy/actor/lib/test/auto/ExecutionTimeSDF.xml
----------------- Instantiating /home/travis/build/icyphy/ptII/ptolemy/actor/lib/test/auto/ExecutionTimeSDF.xml
Fired ExecutionTime: -1773367296
Fired ExecutionTime: 1052800000
Fired ExecutionTime: -1099767296
6007 ms. Memory: 484352K Free: 433951K (90%)

===========================================================================================
----------------- testing Wed Oct 30 06:14:06 UTC 2019 /home/travis/build/icyphy/ptII/ptolemy/actor/lib/test/auto/Expression1.xml
----------------- Instantiating /home/travis/build/icyphy/ptII/ptolemy/actor/lib/test/auto/Expression1.xml
2 ms. Memory: 484352K Free: 429359K (89%)
----------------- Invoking toplevel() on ptolemy.moml.MoMLSimpleApplication@6605bd2a
----------------- Done invoking toplevel() on ptolemy.moml.MoMLSimpleApplication@6605bd2a
reloadAllAccessors: .Expression1

===========================================================================================
----------------- testing Wed Oct 30 06:14:06 UTC 2019 /home/travis/build/icyphy/ptII/ptolemy/actor/lib/test/auto/Expression10.xml
----------------- Instantiating /home/travis/build/icyphy/ptII/ptolemy/actor/lib/test/auto/Expression10.xml
8 ms. Memory: 484352K Free: 423725K (87%)
----------------- Invoking toplevel() on ptolemy.moml.MoMLSimpleApplication@2182c0cc
----------------- Done invoking toplevel() on ptolemy.moml.MoMLSimpleApplication@2182c0cc
reloadAllAccessors: .Expression10

===========================================================================================
----------------- testing Wed Oct 30 06:14:06 UTC 2019 /home/travis/build/icyphy/ptII/ptolemy/actor/lib/test/auto/Expression11.xml
----------------- Instantiating /home/travis/build/icyphy/ptII/ptolemy/actor/lib/test/auto/Expression11.xml
2 ms. Memory: 484352K Free: 419629K (87%)
----------------- Invoking toplevel() on ptolemy.moml.MoMLSimpleApplication@191938b2
----------------- Done invoking toplevel() on ptolemy.moml.MoMLSimpleApplication@191938b2
reloadAllAccessors: .Expression11

===========================================================================================
----------------- testing Wed Oct 30 06:14:06 UTC 2019 /home/travis/build/icyphy/ptII/ptolemy/actor/lib/test/auto/Expression12.xml
----------------- Instantiating /home/travis/build/icyphy/ptII/ptolemy/actor/lib/test/auto/Expression12.xml
4 ms. Memory: 484352K Free: 413999K (85%)
----------------- Invoking toplevel() on ptolemy.moml.MoMLSimpleApplication@152a4328
----------------- Done invoking toplevel() on ptolemy.moml.MoMLSimpleApplication@152a4328
reloadAllAccessors: .Expression12

===========================================================================================
----------------- testing Wed Oct 30 06:14:06 UTC 2019 /home/travis/build/icyphy/ptII/ptolemy/actor/lib/test/auto/Expression13.xml
----------------- Instantiating /home/travis/build/icyphy/ptII/ptolemy/actor/lib/test/auto/Expression13.xml
5 ms. Memory: 484352K Free: 408879K (84%)
----------------- Invoking toplevel() on ptolemy.moml.MoMLSimpleApplication@7de5245f
----------------- Done invoking toplevel() on ptolemy.moml.MoMLSimpleApplication@7de5245f
reloadAllAccessors: .Expression13

===========================================================================================
----------------- testing Wed Oct 30 06:14:06 UTC 2019 /home/travis/build/icyphy/ptII/ptolemy/actor/lib/test/auto/Expression14.xml
----------------- Instantiating /home/travis/build/icyphy/ptII/ptolemy/actor/lib/test/auto/Expression14.xml
11 ms. Memory: 484352K Free: 403245K (83%)
----------------- Invoking toplevel() on ptolemy.moml.MoMLSimpleApplication@325b3deb
----------------- Done invoking toplevel() on ptolemy.moml.MoMLSimpleApplication@325b3deb
reloadAllAccessors: .Expression14

===========================================================================================
----------------- testing Wed Oct 30 06:14:06 UTC 2019 /home/travis/build/icyphy/ptII/ptolemy/actor/lib/test/auto/Expression15.xml
----------------- Instantiating /home/travis/build/icyphy/ptII/ptolemy/actor/lib/test/auto/Expression15.xml
1 ms. Memory: 484352K Free: 399663K (83%)
----------------- Invoking toplevel() on ptolemy.moml.MoMLSimpleApplication@67eceb59
----------------- Done invoking toplevel() on ptolemy.moml.MoMLSimpleApplication@67eceb59
reloadAllAccessors: .Expression15

===========================================================================================
----------------- testing Wed Oct 30 06:14:06 UTC 2019 /home/travis/build/icyphy/ptII/ptolemy/actor/lib/test/auto/Expression16.xml
----------------- Instantiating /home/travis/build/icyphy/ptII/ptolemy/actor/lib/test/auto/Expression16.xml
6 ms. Memory: 484352K Free: 394543K (81%)
----------------- Invoking toplevel() on ptolemy.moml.MoMLSimpleApplication@4c5fcffb
----------------- Done invoking toplevel() on ptolemy.moml.MoMLSimpleApplication@4c5fcffb
reloadAllAccessors: .Expression16

===========================================================================================
----------------- testing Wed Oct 30 06:14:06 UTC 2019 /home/travis/build/icyphy/ptII/ptolemy/actor/lib/test/auto/Expression17.xml
----------------- Instantiating /home/travis/build/icyphy/ptII/ptolemy/actor/lib/test/auto/Expression17.xml
5 ms. Memory: 484352K Free: 389933K (81%)
----------------- Invoking toplevel() on ptolemy.moml.MoMLSimpleApplication@1d3737bd
----------------- Done invoking toplevel() on ptolemy.moml.MoMLSimpleApplication@1d3737bd
reloadAllAccessors: .Expression17

===========================================================================================
----------------- testing Wed Oct 30 06:14:06 UTC 2019 /home/travis/build/icyphy/ptII/ptolemy/actor/lib/test/auto/Expression18.xml
----------------- Instantiating /home/travis/build/icyphy/ptII/ptolemy/actor/lib/test/auto/Expression18.xml
2 ms. Memory: 484352K Free: 384813K (79%)
----------------- Invoking toplevel() on ptolemy.moml.MoMLSimpleApplication@6a665ff3
----------------- Done invoking toplevel() on ptolemy.moml.MoMLSimpleApplication@6a665ff3
reloadAllAccessors: .Expression18

===========================================================================================
----------------- testing Wed Oct 30 06:14:07 UTC 2019 /home/travis/build/icyphy/ptII/ptolemy/actor/lib/test/auto/Expression2.xml
----------------- Instantiating /home/travis/build/icyphy/ptII/ptolemy/actor/lib/test/auto/Expression2.xml
3 ms. Memory: 484352K Free: 380207K (78%)
----------------- Invoking toplevel() on ptolemy.moml.MoMLSimpleApplication@75e35f74
----------------- Done invoking toplevel() on ptolemy.moml.MoMLSimpleApplication@75e35f74
reloadAllAccessors: .Expression2

===========================================================================================
----------------- testing Wed Oct 30 06:14:07 UTC 2019 /home/travis/build/icyphy/ptII/ptolemy/actor/lib/test/auto/Expression3.xml
----------------- Instantiating /home/travis/build/icyphy/ptII/ptolemy/actor/lib/test/auto/Expression3.xml
9 ms. Memory: 484352K Free: 375087K (77%)
----------------- Invoking toplevel() on ptolemy.moml.MoMLSimpleApplication@5d732fd0
----------------- Done invoking toplevel() on ptolemy.moml.MoMLSimpleApplication@5d732fd0
reloadAllAccessors: .Expression3

===========================================================================================
----------------- testing Wed Oct 30 06:14:07 UTC 2019 /home/travis/build/icyphy/ptII/ptolemy/actor/lib/test/auto/Expression4.xml
----------------- Instantiating /home/travis/build/icyphy/ptII/ptolemy/actor/lib/test/auto/Expression4.xml
7 ms. Memory: 484352K Free: 367405K (76%)
----------------- Invoking toplevel() on ptolemy.moml.MoMLSimpleApplication@34b825b1
----------------- Done invoking toplevel() on ptolemy.moml.MoMLSimpleApplication@34b825b1
reloadAllAccessors: .Expression4

===========================================================================================
----------------- testing Wed Oct 30 06:14:07 UTC 2019 /home/travis/build/icyphy/ptII/ptolemy/actor/lib/test/auto/Expression5.xml
----------------- Instantiating /home/travis/build/icyphy/ptII/ptolemy/actor/lib/test/auto/Expression5.xml
5 ms. Memory: 484352K Free: 362799K (75%)
----------------- Invoking toplevel() on ptolemy.moml.MoMLSimpleApplication@1e792b04
----------------- Done invoking toplevel() on ptolemy.moml.MoMLSimpleApplication@1e792b04
reloadAllAccessors: .Expression5

===========================================================================================
----------------- testing Wed Oct 30 06:14:07 UTC 2019 /home/travis/build/icyphy/ptII/ptolemy/actor/lib/test/auto/Expression6.xml
----------------- Instantiating /home/travis/build/icyphy/ptII/ptolemy/actor/lib/test/auto/Expression6.xml
4 ms. Memory: 484352K Free: 358189K (74%)
----------------- Invoking toplevel() on ptolemy.moml.MoMLSimpleApplication@7d4b3b33
----------------- Done invoking toplevel() on ptolemy.moml.MoMLSimpleApplication@7d4b3b33
reloadAllAccessors: .Expression6

===========================================================================================
----------------- testing Wed Oct 30 06:14:07 UTC 2019 /home/travis/build/icyphy/ptII/ptolemy/actor/lib/test/auto/Expression7.xml
----------------- Instantiating /home/travis/build/icyphy/ptII/ptolemy/actor/lib/test/auto/Expression7.xml
3 ms. Memory: 484352K Free: 353069K (73%)
----------------- Invoking toplevel() on ptolemy.moml.MoMLSimpleApplication@5d6952
----------------- Done invoking toplevel() on ptolemy.moml.MoMLSimpleApplication@5d6952
reloadAllAccessors: .Expression7

===========================================================================================
----------------- testing Wed Oct 30 06:14:07 UTC 2019 /home/travis/build/icyphy/ptII/ptolemy/actor/lib/test/auto/Expression8.xml
----------------- Instantiating /home/travis/build/icyphy/ptII/ptolemy/actor/lib/test/auto/Expression8.xml
11 ms. Memory: 484352K Free: 348463K (72%)
----------------- Invoking toplevel() on ptolemy.moml.MoMLSimpleApplication@396d9841
----------------- Done invoking toplevel() on ptolemy.moml.MoMLSimpleApplication@396d9841
reloadAllAccessors: .Expression8

===========================================================================================
----------------- testing Wed Oct 30 06:14:07 UTC 2019 /home/travis/build/icyphy/ptII/ptolemy/actor/lib/test/auto/Expression9.xml
----------------- Instantiating /home/travis/build/icyphy/ptII/ptolemy/actor/lib/test/auto/Expression9.xml
1 ms. Memory: 484352K Free: 344367K (71%)
----------------- Invoking toplevel() on ptolemy.moml.MoMLSimpleApplication@a16639b
----------------- Done invoking toplevel() on ptolemy.moml.MoMLSimpleApplication@a16639b
reloadAllAccessors: .Expression9

===========================================================================================
----------------- testing Wed Oct 30 06:14:07 UTC 2019 /home/travis/build/icyphy/ptII/ptolemy/actor/lib/test/auto/ExpressionConcatenateArrayType.xml
----------------- Instantiating /home/travis/build/icyphy/ptII/ptolemy/actor/lib/test/auto/ExpressionConcatenateArrayType.xml
2 ms. Memory: 484352K Free: 337709K (70%)
----------------- Invoking toplevel() on ptolemy.moml.MoMLSimpleApplication@726ba579
----------------- Done invoking toplevel() on ptolemy.moml.MoMLSimpleApplication@726ba579
reloadAllAccessors: .ExpressionConcatenateArrayType

===========================================================================================
----------------- testing Wed Oct 30 06:14:07 UTC 2019 /home/travis/build/icyphy/ptII/ptolemy/actor/lib/test/auto/ExpressionConcatenateArrayType2.xml
----------------- Instantiating /home/travis/build/icyphy/ptII/ptolemy/actor/lib/test/auto/ExpressionConcatenateArrayType2.xml
2 ms. Memory: 484352K Free: 332589K (69%)
----------------- Invoking toplevel() on ptolemy.moml.MoMLSimpleApplication@23221e52
----------------- Done invoking toplevel() on ptolemy.moml.MoMLSimpleApplication@23221e52
reloadAllAccessors: .ExpressionConcatenateArrayType2

===========================================================================================
----------------- testing Wed Oct 30 06:14:07 UTC 2019 /home/travis/build/icyphy/ptII/ptolemy/actor/lib/test/auto/ExpressionFix.xml
----------------- Instantiating /home/travis/build/icyphy/ptII/ptolemy/actor/lib/test/auto/ExpressionFix.xml
22 ms. Memory: 484352K Free: 325935K (67%)
----------------- Invoking toplevel() on ptolemy.moml.MoMLSimpleApplication@4085d1cc
----------------- Done invoking toplevel() on ptolemy.moml.MoMLSimpleApplication@4085d1cc
reloadAllAccessors: .ExpressionFix

===========================================================================================
----------------- testing Wed Oct 30 06:14:07 UTC 2019 /home/travis/build/icyphy/ptII/ptolemy/actor/lib/test/auto/ExpressionFix2.xml
----------------- Instantiating /home/travis/build/icyphy/ptII/ptolemy/actor/lib/test/auto/ExpressionFix2.xml
4 ms. Memory: 484352K Free: 322349K (67%)
----------------- Invoking toplevel() on ptolemy.moml.MoMLSimpleApplication@f397df4
----------------- Done invoking toplevel() on ptolemy.moml.MoMLSimpleApplication@f397df4
reloadAllAccessors: .ExpressionFix2

===========================================================================================
----------------- testing Wed Oct 30 06:14:07 UTC 2019 /home/travis/build/icyphy/ptII/ptolemy/actor/lib/test/auto/ExpressionFix3.xml
----------------- Instantiating /home/travis/build/icyphy/ptII/ptolemy/actor/lib/test/auto/ExpressionFix3.xml
3 ms. Memory: 484352K Free: 317743K (66%)
----------------- Invoking toplevel() on ptolemy.moml.MoMLSimpleApplication@4864bf06
----------------- Done invoking toplevel() on ptolemy.moml.MoMLSimpleApplication@4864bf06
reloadAllAccessors: .ExpressionFix3

===========================================================================================
----------------- testing Wed Oct 30 06:14:07 UTC 2019 /home/travis/build/icyphy/ptII/ptolemy/actor/lib/test/auto/FileWriter1.xml
----------------- Instantiating /home/travis/build/icyphy/ptII/ptolemy/actor/lib/test/auto/FileWriter1.xml
4 ms. Memory: 484352K Free: 313647K (65%)
----------------- Invoking toplevel() on ptolemy.moml.MoMLSimpleApplication@6708c4a
----------------- Done invoking toplevel() on ptolemy.moml.MoMLSimpleApplication@6708c4a
reloadAllAccessors: .FileWriter1

===========================================================================================
----------------- testing Wed Oct 30 06:14:07 UTC 2019 /home/travis/build/icyphy/ptII/ptolemy/actor/lib/test/auto/FileWriter2.xml
----------------- Instantiating /home/travis/build/icyphy/ptII/ptolemy/actor/lib/test/auto/FileWriter2.xml
3 ms. Memory: 484352K Free: 309551K (64%)
----------------- Invoking toplevel() on ptolemy.moml.MoMLSimpleApplication@41020a4d
----------------- Done invoking toplevel() on ptolemy.moml.MoMLSimpleApplication@41020a4d
reloadAllAccessors: .FileWriter2

===========================================================================================
----------------- testing Wed Oct 30 06:14:07 UTC 2019 /home/travis/build/icyphy/ptII/ptolemy/actor/lib/test/auto/FileWriter3.xml
----------------- Instantiating /home/travis/build/icyphy/ptII/ptolemy/actor/lib/test/auto/FileWriter3.xml
5 ms. Memory: 484352K Free: 305455K (63%)
----------------- Invoking toplevel() on ptolemy.moml.MoMLSimpleApplication@20580a94
----------------- Done invoking toplevel() on ptolemy.moml.MoMLSimpleApplication@20580a94
reloadAllAccessors: .FileWriter3

===========================================================================================
----------------- testing Wed Oct 30 06:14:07 UTC 2019 /home/travis/build/icyphy/ptII/ptolemy/actor/lib/test/auto/Gaussian.xml
----------------- Instantiating /home/travis/build/icyphy/ptII/ptolemy/actor/lib/test/auto/Gaussian.xml
3 ms. Memory: 484352K Free: 300845K (62%)
----------------- Invoking toplevel() on ptolemy.moml.MoMLSimpleApplication@57d2f779
----------------- Done invoking toplevel() on ptolemy.moml.MoMLSimpleApplication@57d2f779
reloadAllAccessors: .Gaussian

===========================================================================================
----------------- testing Wed Oct 30 06:14:07 UTC 2019 /home/travis/build/icyphy/ptII/ptolemy/actor/lib/test/auto/Gaussian1.xml
----------------- Instantiating /home/travis/build/icyphy/ptII/ptolemy/actor/lib/test/auto/Gaussian1.xml
11 ms. Memory: 484352K Free: 295711K (61%)
----------------- Invoking toplevel() on ptolemy.moml.MoMLSimpleApplication@54459734
----------------- Done invoking toplevel() on ptolemy.moml.MoMLSimpleApplication@54459734
reloadAllAccessors: .Gaussian1

===========================================================================================
----------------- testing Wed Oct 30 06:14:07 UTC 2019 /home/travis/build/icyphy/ptII/ptolemy/actor/lib/test/auto/Gaussian2.xml
----------------- Instantiating /home/travis/build/icyphy/ptII/ptolemy/actor/lib/test/auto/Gaussian2.xml
2 ms. Memory: 484352K Free: 290095K (60%)
----------------- Invoking toplevel() on ptolemy.moml.MoMLSimpleApplication@577d41aa
----------------- Done invoking toplevel() on ptolemy.moml.MoMLSimpleApplication@577d41aa
reloadAllAccessors: .Gaussian2

===========================================================================================
----------------- testing Wed Oct 30 06:14:07 UTC 2019 /home/travis/build/icyphy/ptII/ptolemy/actor/lib/test/auto/GradientAdaptiveLattice.xml
----------------- Instantiating /home/travis/build/icyphy/ptII/ptolemy/actor/lib/test/auto/GradientAdaptiveLattice.xml
5 ms. Memory: 484352K Free: 284461K (59%)
----------------- Invoking toplevel() on ptolemy.moml.MoMLSimpleApplication@2bb38f4a
----------------- Done invoking toplevel() on ptolemy.moml.MoMLSimpleApplication@2bb38f4a
reloadAllAccessors: .GradientAdaptiveLattice

===========================================================================================
----------------- testing Wed Oct 30 06:14:07 UTC 2019 /home/travis/build/icyphy/ptII/ptolemy/actor/lib/test/auto/IIR.xml
----------------- Instantiating /home/travis/build/icyphy/ptII/ptolemy/actor/lib/test/auto/IIR.xml
2 ms. Memory: 484352K Free: 280365K (58%)
----------------- Invoking toplevel() on ptolemy.moml.MoMLSimpleApplication@4356d22f
----------------- Done invoking toplevel() on ptolemy.moml.MoMLSimpleApplication@4356d22f
reloadAllAccessors: .IIR

===========================================================================================
----------------- testing Wed Oct 30 06:14:07 UTC 2019 /home/travis/build/icyphy/ptII/ptolemy/actor/lib/test/auto/InputOutputTransparentPorts.xml
----------------- Instantiating /home/travis/build/icyphy/ptII/ptolemy/actor/lib/test/auto/InputOutputTransparentPorts.xml
1 ms. Memory: 484352K Free: 273197K (56%)
----------------- Invoking toplevel() on ptolemy.moml.MoMLSimpleApplication@3f4ca3bd
----------------- Done invoking toplevel() on ptolemy.moml.MoMLSimpleApplication@3f4ca3bd
reloadAllAccessors: .InputOutputTransparentPorts

===========================================================================================
----------------- testing Wed Oct 30 06:14:07 UTC 2019 /home/travis/build/icyphy/ptII/ptolemy/actor/lib/test/auto/Interpolator.xml
----------------- Instantiating /home/travis/build/icyphy/ptII/ptolemy/actor/lib/test/auto/Interpolator.xml
6 ms. Memory: 484352K Free: 269101K (56%)
----------------- Invoking toplevel() on ptolemy.moml.MoMLSimpleApplication@5984ce5d
----------------- Done invoking toplevel() on ptolemy.moml.MoMLSimpleApplication@5984ce5d
reloadAllAccessors: .Interpolator

===========================================================================================
----------------- testing Wed Oct 30 06:14:07 UTC 2019 /home/travis/build/icyphy/ptII/ptolemy/actor/lib/test/auto/InterpolatorFiringLimitDE.xml
----------------- Instantiating /home/travis/build/icyphy/ptII/ptolemy/actor/lib/test/auto/InterpolatorFiringLimitDE.xml
2 ms. Memory: 484352K Free: 263471K (54%)
----------------- Invoking toplevel() on ptolemy.moml.MoMLSimpleApplication@1b9dddb5
----------------- Done invoking toplevel() on ptolemy.moml.MoMLSimpleApplication@1b9dddb5
reloadAllAccessors: .InterpolatorFiringLimitDE

===========================================================================================
----------------- testing Wed Oct 30 06:14:07 UTC 2019 /home/travis/build/icyphy/ptII/ptolemy/actor/lib/test/auto/Lattice.xml
----------------- Instantiating /home/travis/build/icyphy/ptII/ptolemy/actor/lib/test/auto/Lattice.xml
1 ms. Memory: 484352K Free: 259375K (54%)
----------------- Invoking toplevel() on ptolemy.moml.MoMLSimpleApplication@34ece13d
----------------- Done invoking toplevel() on ptolemy.moml.MoMLSimpleApplication@34ece13d
reloadAllAccessors: .Lattice

===========================================================================================
----------------- testing Wed Oct 30 06:14:07 UTC 2019 /home/travis/build/icyphy/ptII/ptolemy/actor/lib/test/auto/LazyAOCTestLazy.xml
----------------- Instantiating /home/travis/build/icyphy/ptII/ptolemy/actor/lib/test/auto/LazyAOCTestLazy.xml
8 ms. Memory: 484352K Free: 253231K (52%)
----------------- Invoking toplevel() on ptolemy.moml.MoMLSimpleApplication@5ebe97ca
----------------- Done invoking toplevel() on ptolemy.moml.MoMLSimpleApplication@5ebe97ca
reloadAllAccessors: .LazyAOCTestLazy

===========================================================================================
----------------- testing Wed Oct 30 06:14:07 UTC 2019 /home/travis/build/icyphy/ptII/ptolemy/actor/lib/test/auto/LazyAOCTestNonLazy.xml
----------------- Instantiating /home/travis/build/icyphy/ptII/ptolemy/actor/lib/test/auto/LazyAOCTestNonLazy.xml
1 ms. Memory: 484352K Free: 247087K (51%)
----------------- Invoking toplevel() on ptolemy.moml.MoMLSimpleApplication@f410465
----------------- Done invoking toplevel() on ptolemy.moml.MoMLSimpleApplication@f410465
reloadAllAccessors: .LazyAOCTestNonLazy

===========================================================================================
----------------- testing Wed Oct 30 06:14:07 UTC 2019 /home/travis/build/icyphy/ptII/ptolemy/actor/lib/test/auto/LazyInnerClass.xml
----------------- Instantiating /home/travis/build/icyphy/ptII/ptolemy/actor/lib/test/auto/LazyInnerClass.xml
17 ms. Memory: 484352K Free: 237343K (49%)
----------------- Invoking toplevel() on ptolemy.moml.MoMLSimpleApplication@7a62e403
----------------- Done invoking toplevel() on ptolemy.moml.MoMLSimpleApplication@7a62e403
reloadAllAccessors: .LazyInnerClass

===========================================================================================
----------------- testing Wed Oct 30 06:14:07 UTC 2019 /home/travis/build/icyphy/ptII/ptolemy/actor/lib/test/auto/LazyPubSub.xml
----------------- Instantiating /home/travis/build/icyphy/ptII/ptolemy/actor/lib/test/auto/LazyPubSub.xml
28 ms. Memory: 484352K Free: 226607K (47%)
----------------- Invoking toplevel() on ptolemy.moml.MoMLSimpleApplication@4d38eba2
----------------- Done invoking toplevel() on ptolemy.moml.MoMLSimpleApplication@4d38eba2
reloadAllAccessors: .LazyPubSub

===========================================================================================
----------------- testing Wed Oct 30 06:14:07 UTC 2019 /home/travis/build/icyphy/ptII/ptolemy/actor/lib/test/auto/LazyPubSub2.xml
----------------- Instantiating /home/travis/build/icyphy/ptII/ptolemy/actor/lib/test/auto/LazyPubSub2.xml
12 ms. Memory: 484352K Free: 217391K (45%)
----------------- Invoking toplevel() on ptolemy.moml.MoMLSimpleApplication@4bf23cd9
----------------- Done invoking toplevel() on ptolemy.moml.MoMLSimpleApplication@4bf23cd9
reloadAllAccessors: .LazyPubSub2

===========================================================================================
----------------- testing Wed Oct 30 06:14:07 UTC 2019 /home/travis/build/icyphy/ptII/ptolemy/actor/lib/test/auto/LazyPubSub3.xml
----------------- Instantiating /home/travis/build/icyphy/ptII/ptolemy/actor/lib/test/auto/LazyPubSub3.xml
12 ms. Memory: 484352K Free: 207151K (43%)
----------------- Invoking toplevel() on ptolemy.moml.MoMLSimpleApplication@7cfaa5ba
----------------- Done invoking toplevel() on ptolemy.moml.MoMLSimpleApplication@7cfaa5ba
reloadAllAccessors: .LazyPubSub3

===========================================================================================
----------------- testing Wed Oct 30 06:14:07 UTC 2019 /home/travis/build/icyphy/ptII/ptolemy/actor/lib/test/auto/LazySubClassModel.xml
----------------- Instantiating /home/travis/build/icyphy/ptII/ptolemy/actor/lib/test/auto/LazySubClassModel.xml
2 ms. Memory: 484352K Free: 197935K (41%)
----------------- Invoking toplevel() on ptolemy.moml.MoMLSimpleApplication@53938bce
----------------- Done invoking toplevel() on ptolemy.moml.MoMLSimpleApplication@53938bce
reloadAllAccessors: .LazySubClassModel

===========================================================================================
----------------- testing Wed Oct 30 06:14:07 UTC 2019 /home/travis/build/icyphy/ptII/ptolemy/actor/lib/test/auto/LevelCrossTest1.xml
----------------- Instantiating /home/travis/build/icyphy/ptII/ptolemy/actor/lib/test/auto/LevelCrossTest1.xml
1 ms. Memory: 484352K Free: 192815K (40%)
----------------- Invoking toplevel() on ptolemy.moml.MoMLSimpleApplication@48234f0b
----------------- Done invoking toplevel() on ptolemy.moml.MoMLSimpleApplication@48234f0b
reloadAllAccessors: .broken

===========================================================================================
----------------- testing Wed Oct 30 06:14:07 UTC 2019 /home/travis/build/icyphy/ptII/ptolemy/actor/lib/test/auto/LevelCrossTest10.xml
----------------- Instantiating /home/travis/build/icyphy/ptII/ptolemy/actor/lib/test/auto/LevelCrossTest10.xml
1 ms. Memory: 484352K Free: 185133K (38%)
----------------- Invoking toplevel() on ptolemy.moml.MoMLSimpleApplication@74d0b98e
----------------- Done invoking toplevel() on ptolemy.moml.MoMLSimpleApplication@74d0b98e
reloadAllAccessors: .LevelCrossTest10

===========================================================================================
----------------- testing Wed Oct 30 06:14:07 UTC 2019 /home/travis/build/icyphy/ptII/ptolemy/actor/lib/test/auto/LevelCrossTest11.xml
----------------- Instantiating /home/travis/build/icyphy/ptII/ptolemy/actor/lib/test/auto/LevelCrossTest11.xml
1 ms. Memory: 484352K Free: 177965K (37%)
----------------- Invoking toplevel() on ptolemy.moml.MoMLSimpleApplication@291aa9f
----------------- Done invoking toplevel() on ptolemy.moml.MoMLSimpleApplication@291aa9f
reloadAllAccessors: .LevelCrossTest11

===========================================================================================
----------------- testing Wed Oct 30 06:14:07 UTC 2019 /home/travis/build/icyphy/ptII/ptolemy/actor/lib/test/auto/LevelCrossTest12.xml
----------------- Instantiating /home/travis/build/icyphy/ptII/ptolemy/actor/lib/test/auto/LevelCrossTest12.xml
1 ms. Memory: 484352K Free: 171311K (35%)
----------------- Invoking toplevel() on ptolemy.moml.MoMLSimpleApplication@36405
----------------- Done invoking toplevel() on ptolemy.moml.MoMLSimpleApplication@36405
reloadAllAccessors: .LevelCrossTest12

===========================================================================================
----------------- testing Wed Oct 30 06:14:07 UTC 2019 /home/travis/build/icyphy/ptII/ptolemy/actor/lib/test/auto/LevelCrossTest13.xml
----------------- Instantiating /home/travis/build/icyphy/ptII/ptolemy/actor/lib/test/auto/LevelCrossTest13.xml
1 ms. Memory: 484352K Free: 163629K (34%)
----------------- Invoking toplevel() on ptolemy.moml.MoMLSimpleApplication@7184e33e
----------------- Done invoking toplevel() on ptolemy.moml.MoMLSimpleApplication@7184e33e
reloadAllAccessors: .LevelCrossTest13

===========================================================================================
----------------- testing Wed Oct 30 06:14:07 UTC 2019 /home/travis/build/icyphy/ptII/ptolemy/actor/lib/test/auto/LevelCrossTest2.xml
----------------- Instantiating /home/travis/build/icyphy/ptII/ptolemy/actor/lib/test/auto/LevelCrossTest2.xml
1 ms. Memory: 484352K Free: 157999K (33%)
----------------- Invoking toplevel() on ptolemy.moml.MoMLSimpleApplication@791ea99e
----------------- Done invoking toplevel() on ptolemy.moml.MoMLSimpleApplication@791ea99e
reloadAllAccessors: .broken

===========================================================================================
----------------- testing Wed Oct 30 06:14:07 UTC 2019 /home/travis/build/icyphy/ptII/ptolemy/actor/lib/test/auto/LevelCrossTest3.xml
----------------- Instantiating /home/travis/build/icyphy/ptII/ptolemy/actor/lib/test/auto/LevelCrossTest3.xml
1 ms. Memory: 484352K Free: 434699K (90%)
----------------- Invoking toplevel() on ptolemy.moml.MoMLSimpleApplication@3f872f50
----------------- Done invoking toplevel() on ptolemy.moml.MoMLSimpleApplication@3f872f50
reloadAllAccessors: .LevelCrossTest3

===========================================================================================
----------------- testing Wed Oct 30 06:14:08 UTC 2019 /home/travis/build/icyphy/ptII/ptolemy/actor/lib/test/auto/LevelCrossTest4.xml
----------------- Instantiating /home/travis/build/icyphy/ptII/ptolemy/actor/lib/test/auto/LevelCrossTest4.xml
2 ms. Memory: 484352K Free: 429075K (89%)
----------------- Invoking toplevel() on ptolemy.moml.MoMLSimpleApplication@9089f55
----------------- Done invoking toplevel() on ptolemy.moml.MoMLSimpleApplication@9089f55
reloadAllAccessors: .broken

===========================================================================================
----------------- testing Wed Oct 30 06:14:08 UTC 2019 /home/travis/build/icyphy/ptII/ptolemy/actor/lib/test/auto/LevelCrossTest5.xml
----------------- Instantiating /home/travis/build/icyphy/ptII/ptolemy/actor/lib/test/auto/LevelCrossTest5.xml
4 ms. Memory: 484352K Free: 421907K (87%)
----------------- Invoking toplevel() on ptolemy.moml.MoMLSimpleApplication@368bfa8f
----------------- Done invoking toplevel() on ptolemy.moml.MoMLSimpleApplication@368bfa8f
reloadAllAccessors: .LevelCrossTest5

===========================================================================================
----------------- testing Wed Oct 30 06:14:08 UTC 2019 /home/travis/build/icyphy/ptII/ptolemy/actor/lib/test/auto/LevelCrossTest6.xml
----------------- Instantiating /home/travis/build/icyphy/ptII/ptolemy/actor/lib/test/auto/LevelCrossTest6.xml
1 ms. Memory: 484352K Free: 415249K (86%)
----------------- Invoking toplevel() on ptolemy.moml.MoMLSimpleApplication@3112b7a2
----------------- Done invoking toplevel() on ptolemy.moml.MoMLSimpleApplication@3112b7a2
reloadAllAccessors: .LevelCrossTest6

===========================================================================================
----------------- testing Wed Oct 30 06:14:08 UTC 2019 /home/travis/build/icyphy/ptII/ptolemy/actor/lib/test/auto/LevelCrossTest7.xml
----------------- Instantiating /home/travis/build/icyphy/ptII/ptolemy/actor/lib/test/auto/LevelCrossTest7.xml
1 ms. Memory: 484352K Free: 407571K (84%)
----------------- Invoking toplevel() on ptolemy.moml.MoMLSimpleApplication@11c03fb6
----------------- Done invoking toplevel() on ptolemy.moml.MoMLSimpleApplication@11c03fb6
reloadAllAccessors: .LevelCrossTest7

===========================================================================================
----------------- testing Wed Oct 30 06:14:08 UTC 2019 /home/travis/build/icyphy/ptII/ptolemy/actor/lib/test/auto/LevelCrossTest8.xml
----------------- Instantiating /home/travis/build/icyphy/ptII/ptolemy/actor/lib/test/auto/LevelCrossTest8.xml
1 ms. Memory: 484352K Free: 400913K (83%)
----------------- Invoking toplevel() on ptolemy.moml.MoMLSimpleApplication@21a3b1be
----------------- Done invoking toplevel() on ptolemy.moml.MoMLSimpleApplication@21a3b1be
reloadAllAccessors: .LevelCrossTest8

===========================================================================================
----------------- testing Wed Oct 30 06:14:08 UTC 2019 /home/travis/build/icyphy/ptII/ptolemy/actor/lib/test/auto/LevelCrossTest9.xml
----------------- Instantiating /home/travis/build/icyphy/ptII/ptolemy/actor/lib/test/auto/LevelCrossTest9.xml
1 ms. Memory: 484352K Free: 393235K (81%)
----------------- Invoking toplevel() on ptolemy.moml.MoMLSimpleApplication@3e143251
----------------- Done invoking toplevel() on ptolemy.moml.MoMLSimpleApplication@3e143251
reloadAllAccessors: .LevelCrossTest9

===========================================================================================
----------------- testing Wed Oct 30 06:14:08 UTC 2019 /home/travis/build/icyphy/ptII/ptolemy/actor/lib/test/auto/LevinsonDurbin.xml
----------------- Instantiating /home/travis/build/icyphy/ptII/ptolemy/actor/lib/test/auto/LevinsonDurbin.xml
1 ms. Memory: 484352K Free: 389649K (80%)
----------------- Invoking toplevel() on ptolemy.moml.MoMLSimpleApplication@1ae99e3b
----------------- Done invoking toplevel() on ptolemy.moml.MoMLSimpleApplication@1ae99e3b
reloadAllAccessors: .LevinsonDurbin

===========================================================================================
----------------- testing Wed Oct 30 06:14:08 UTC 2019 /home/travis/build/icyphy/ptII/ptolemy/actor/lib/test/auto/LevinsonDurbin2.xml
----------------- Instantiating /home/travis/build/icyphy/ptII/ptolemy/actor/lib/test/auto/LevinsonDurbin2.xml
1 ms. Memory: 484352K Free: 385553K (80%)
----------------- Invoking toplevel() on ptolemy.moml.MoMLSimpleApplication@363804f8
----------------- Done invoking toplevel() on ptolemy.moml.MoMLSimpleApplication@363804f8
reloadAllAccessors: .LevinsonDurbin2

===========================================================================================
----------------- testing Wed Oct 30 06:14:08 UTC 2019 /home/travis/build/icyphy/ptII/ptolemy/actor/lib/test/auto/LevinsonDurbin3.xml
----------------- Instantiating /home/travis/build/icyphy/ptII/ptolemy/actor/lib/test/auto/LevinsonDurbin3.xml
2 ms. Memory: 484352K Free: 381457K (79%)
----------------- Invoking toplevel() on ptolemy.moml.MoMLSimpleApplication@713eb71f
----------------- Done invoking toplevel() on ptolemy.moml.MoMLSimpleApplication@713eb71f
reloadAllAccessors: .LevinsonDurbin3

===========================================================================================
----------------- testing Wed Oct 30 06:14:08 UTC 2019 /home/travis/build/icyphy/ptII/ptolemy/actor/lib/test/auto/Limiter.xml
----------------- Instantiating /home/travis/build/icyphy/ptII/ptolemy/actor/lib/test/auto/Limiter.xml
4 ms. Memory: 484352K Free: 372755K (77%)
----------------- Invoking toplevel() on ptolemy.moml.MoMLSimpleApplication@122a742a
----------------- Done invoking toplevel() on ptolemy.moml.MoMLSimpleApplication@122a742a
reloadAllAccessors: .Limiter

===========================================================================================
----------------- testing Wed Oct 30 06:14:08 UTC 2019 /home/travis/build/icyphy/ptII/ptolemy/actor/lib/test/auto/LinearDifferenceEquationSystem.xml
----------------- Instantiating /home/travis/build/icyphy/ptII/ptolemy/actor/lib/test/auto/LinearDifferenceEquationSystem.xml
4 ms. Memory: 484352K Free: 365587K (75%)
----------------- Invoking toplevel() on ptolemy.moml.MoMLSimpleApplication@7e157f0
----------------- Done invoking toplevel() on ptolemy.moml.MoMLSimpleApplication@7e157f0
reloadAllAccessors: .LinearDifferenceEquationSystem

===========================================================================================
----------------- testing Wed Oct 30 06:14:08 UTC 2019 /home/travis/build/icyphy/ptII/ptolemy/actor/lib/test/auto/LookupTable.xml
----------------- Instantiating /home/travis/build/icyphy/ptII/ptolemy/actor/lib/test/auto/LookupTable.xml
1 ms. Memory: 484352K Free: 360977K (75%)
----------------- Invoking toplevel() on ptolemy.moml.MoMLSimpleApplication@4292ccb4
----------------- Done invoking toplevel() on ptolemy.moml.MoMLSimpleApplication@4292ccb4
reloadAllAccessors: .LookupTable

===========================================================================================
----------------- testing Wed Oct 30 06:14:08 UTC 2019 /home/travis/build/icyphy/ptII/ptolemy/actor/lib/test/auto/MathFunction.xml
----------------- Instantiating /home/travis/build/icyphy/ptII/ptolemy/actor/lib/test/auto/MathFunction.xml
13 ms. Memory: 484352K Free: 352785K (73%)
----------------- Invoking toplevel() on ptolemy.moml.MoMLSimpleApplication@542be56c
----------------- Done invoking toplevel() on ptolemy.moml.MoMLSimpleApplication@542be56c
reloadAllAccessors: .MathFunction

===========================================================================================
----------------- testing Wed Oct 30 06:14:08 UTC 2019 /home/travis/build/icyphy/ptII/ptolemy/actor/lib/test/auto/MathFunction2.xml
----------------- Instantiating /home/travis/build/icyphy/ptII/ptolemy/actor/lib/test/auto/MathFunction2.xml
1 ms. Memory: 484352K Free: 349203K (72%)
----------------- Invoking toplevel() on ptolemy.moml.MoMLSimpleApplication@62831501
----------------- Done invoking toplevel() on ptolemy.moml.MoMLSimpleApplication@62831501
reloadAllAccessors: .MathFunction2

===========================================================================================
----------------- testing Wed Oct 30 06:14:08 UTC 2019 /home/travis/build/icyphy/ptII/ptolemy/actor/lib/test/auto/MathFunction3.xml
----------------- Instantiating /home/travis/build/icyphy/ptII/ptolemy/actor/lib/test/auto/MathFunction3.xml
3 ms. Memory: 484352K Free: 342035K (71%)
----------------- Invoking toplevel() on ptolemy.moml.MoMLSimpleApplication@29e5035b
----------------- Done invoking toplevel() on ptolemy.moml.MoMLSimpleApplication@29e5035b
reloadAllAccessors: .MathFunction3

===========================================================================================
----------------- testing Wed Oct 30 06:14:08 UTC 2019 /home/travis/build/icyphy/ptII/ptolemy/actor/lib/test/auto/MatrixCropBoolean.xml
----------------- Instantiating /home/travis/build/icyphy/ptII/ptolemy/actor/lib/test/auto/MatrixCropBoolean.xml
2 ms. Memory: 484352K Free: 337425K (70%)
----------------- Invoking toplevel() on ptolemy.moml.MoMLSimpleApplication@5be787e1
----------------- Done invoking toplevel() on ptolemy.moml.MoMLSimpleApplication@5be787e1
reloadAllAccessors: .MatrixCropBoolean

===========================================================================================
----------------- testing Wed Oct 30 06:14:08 UTC 2019 /home/travis/build/icyphy/ptII/ptolemy/actor/lib/test/auto/MatrixCropComplex.xml
----------------- Instantiating /home/travis/build/icyphy/ptII/ptolemy/actor/lib/test/auto/MatrixCropComplex.xml
2 ms. Memory: 484352K Free: 332275K (69%)
----------------- Invoking toplevel() on ptolemy.moml.MoMLSimpleApplication@8d69c66
----------------- Done invoking toplevel() on ptolemy.moml.MoMLSimpleApplication@8d69c66
reloadAllAccessors: .MatrixCropComplex

===========================================================================================
----------------- testing Wed Oct 30 06:14:08 UTC 2019 /home/travis/build/icyphy/ptII/ptolemy/actor/lib/test/auto/MatrixCropDouble.xml
----------------- Instantiating /home/travis/build/icyphy/ptII/ptolemy/actor/lib/test/auto/MatrixCropDouble.xml
2 ms. Memory: 484352K Free: 327699K (68%)
----------------- Invoking toplevel() on ptolemy.moml.MoMLSimpleApplication@7708d5bd
----------------- Done invoking toplevel() on ptolemy.moml.MoMLSimpleApplication@7708d5bd
reloadAllAccessors: .MatrixCropDouble

===========================================================================================
----------------- testing Wed Oct 30 06:14:08 UTC 2019 /home/travis/build/icyphy/ptII/ptolemy/actor/lib/test/auto/MatrixCropFix.xml
----------------- Instantiating /home/travis/build/icyphy/ptII/ptolemy/actor/lib/test/auto/MatrixCropFix.xml
2 ms. Memory: 484352K Free: 322579K (67%)
----------------- Invoking toplevel() on ptolemy.moml.MoMLSimpleApplication@56b55c68
----------------- Done invoking toplevel() on ptolemy.moml.MoMLSimpleApplication@56b55c68
reloadAllAccessors: .MatrixCropFix

===========================================================================================
----------------- testing Wed Oct 30 06:14:08 UTC 2019 /home/travis/build/icyphy/ptII/ptolemy/actor/lib/test/auto/MatrixCropInt.xml
----------------- Instantiating /home/travis/build/icyphy/ptII/ptolemy/actor/lib/test/auto/MatrixCropInt.xml
2 ms. Memory: 484352K Free: 317459K (66%)
----------------- Invoking toplevel() on ptolemy.moml.MoMLSimpleApplication@72cde625
----------------- Done invoking toplevel() on ptolemy.moml.MoMLSimpleApplication@72cde625
reloadAllAccessors: .MatrixCropInt

===========================================================================================
----------------- testing Wed Oct 30 06:14:08 UTC 2019 /home/travis/build/icyphy/ptII/ptolemy/actor/lib/test/auto/MatrixCropLong.xml
----------------- Instantiating /home/travis/build/icyphy/ptII/ptolemy/actor/lib/test/auto/MatrixCropLong.xml
3 ms. Memory: 484352K Free: 312339K (64%)
----------------- Invoking toplevel() on ptolemy.moml.MoMLSimpleApplication@44bfebf4
----------------- Done invoking toplevel() on ptolemy.moml.MoMLSimpleApplication@44bfebf4
reloadAllAccessors: .MatrixCropLong

===========================================================================================
----------------- testing Wed Oct 30 06:14:08 UTC 2019 /home/travis/build/icyphy/ptII/ptolemy/actor/lib/test/auto/MatrixToArray.xml
----------------- Instantiating /home/travis/build/icyphy/ptII/ptolemy/actor/lib/test/auto/MatrixToArray.xml
10 ms. Memory: 484352K Free: 298003K (62%)
----------------- Invoking toplevel() on ptolemy.moml.MoMLSimpleApplication@51e492a2
----------------- Done invoking toplevel() on ptolemy.moml.MoMLSimpleApplication@51e492a2
reloadAllAccessors: .MatrixToArray

===========================================================================================
----------------- testing Wed Oct 30 06:14:08 UTC 2019 /home/travis/build/icyphy/ptII/ptolemy/actor/lib/test/auto/MaxIndex.xml
----------------- Instantiating /home/travis/build/icyphy/ptII/ptolemy/actor/lib/test/auto/MaxIndex.xml
2 ms. Memory: 484352K Free: 292883K (60%)
----------------- Invoking toplevel() on ptolemy.moml.MoMLSimpleApplication@500f6b9c
----------------- Done invoking toplevel() on ptolemy.moml.MoMLSimpleApplication@500f6b9c
reloadAllAccessors: .MaxIndex

===========================================================================================
----------------- testing Wed Oct 30 06:14:08 UTC 2019 /home/travis/build/icyphy/ptII/ptolemy/actor/lib/test/auto/Maximum.xml
----------------- Instantiating /home/travis/build/icyphy/ptII/ptolemy/actor/lib/test/auto/Maximum.xml
6 ms. Memory: 484352K Free: 286195K (59%)
----------------- Invoking toplevel() on ptolemy.moml.MoMLSimpleApplication@62e451a3
----------------- Done invoking toplevel() on ptolemy.moml.MoMLSimpleApplication@62e451a3
reloadAllAccessors: .Maximum

===========================================================================================
----------------- testing Wed Oct 30 06:14:08 UTC 2019 /home/travis/build/icyphy/ptII/ptolemy/actor/lib/test/auto/MaximumComplex.xml
----------------- Instantiating /home/travis/build/icyphy/ptII/ptolemy/actor/lib/test/auto/MaximumComplex.xml
5 ms. Memory: 484352K Free: 280081K (58%)
----------------- Invoking toplevel() on ptolemy.moml.MoMLSimpleApplication@119a59b1
----------------- Done invoking toplevel() on ptolemy.moml.MoMLSimpleApplication@119a59b1
reloadAllAccessors: .MaximumComplex

===========================================================================================
----------------- testing Wed Oct 30 06:14:08 UTC 2019 /home/travis/build/icyphy/ptII/ptolemy/actor/lib/test/auto/MethodCallTest.xml
----------------- Instantiating /home/travis/build/icyphy/ptII/ptolemy/actor/lib/test/auto/MethodCallTest.xml
3 ms. Memory: 484352K Free: 273937K (57%)
----------------- Invoking toplevel() on ptolemy.moml.MoMLSimpleApplication@706f679b
----------------- Done invoking toplevel() on ptolemy.moml.MoMLSimpleApplication@706f679b
reloadAllAccessors: .MethodCallTest

===========================================================================================
----------------- testing Wed Oct 30 06:14:08 UTC 2019 /home/travis/build/icyphy/ptII/ptolemy/actor/lib/test/auto/Minimum.xml
----------------- Instantiating /home/travis/build/icyphy/ptII/ptolemy/actor/lib/test/auto/Minimum.xml
3 ms. Memory: 484352K Free: 267283K (55%)
----------------- Invoking toplevel() on ptolemy.moml.MoMLSimpleApplication@3a241f45
----------------- Done invoking toplevel() on ptolemy.moml.MoMLSimpleApplication@3a241f45
reloadAllAccessors: .Minimum

===========================================================================================
----------------- testing Wed Oct 30 06:14:08 UTC 2019 /home/travis/build/icyphy/ptII/ptolemy/actor/lib/test/auto/MinimumComplex.xml
----------------- Instantiating /home/travis/build/icyphy/ptII/ptolemy/actor/lib/test/auto/MinimumComplex.xml
2 ms. Memory: 484352K Free: 261139K (54%)
----------------- Invoking toplevel() on ptolemy.moml.MoMLSimpleApplication@39ead3d1
----------------- Done invoking toplevel() on ptolemy.moml.MoMLSimpleApplication@39ead3d1
reloadAllAccessors: .MinimumComplex

===========================================================================================
----------------- testing Wed Oct 30 06:14:08 UTC 2019 /home/travis/build/icyphy/ptII/ptolemy/actor/lib/test/auto/MinimumMultiports.xml
----------------- Instantiating /home/travis/build/icyphy/ptII/ptolemy/actor/lib/test/auto/MinimumMultiports.xml
3 ms. Memory: 484352K Free: 252419K (52%)
----------------- Invoking toplevel() on ptolemy.moml.MoMLSimpleApplication@2f2ca36c
----------------- Done invoking toplevel() on ptolemy.moml.MoMLSimpleApplication@2f2ca36c
reloadAllAccessors: .MinimumMultiports

===========================================================================================
----------------- testing Wed Oct 30 06:14:08 UTC 2019 /home/travis/build/icyphy/ptII/ptolemy/actor/lib/test/auto/ModifyDate.xml
----------------- Instantiating /home/travis/build/icyphy/ptII/ptolemy/actor/lib/test/auto/ModifyDate.xml
9 ms. Memory: 484352K Free: 240145K (50%)
----------------- Invoking toplevel() on ptolemy.moml.MoMLSimpleApplication@39d0c33b
----------------- Done invoking toplevel() on ptolemy.moml.MoMLSimpleApplication@39d0c33b
reloadAllAccessors: .ModifyDate

===========================================================================================
----------------- testing Wed Oct 30 06:14:08 UTC 2019 /home/travis/build/icyphy/ptII/ptolemy/actor/lib/test/auto/ModifyDate2.xml
----------------- Instantiating /home/travis/build/icyphy/ptII/ptolemy/actor/lib/test/auto/ModifyDate2.xml
8 ms. Memory: 484352K Free: 231443K (48%)
----------------- Invoking toplevel() on ptolemy.moml.MoMLSimpleApplication@2e70c2cc
----------------- Done invoking toplevel() on ptolemy.moml.MoMLSimpleApplication@2e70c2cc
reloadAllAccessors: .ModifyDate2

===========================================================================================
----------------- testing Wed Oct 30 06:14:08 UTC 2019 /home/travis/build/icyphy/ptII/ptolemy/actor/lib/test/auto/MovingAverage.xml
----------------- Instantiating /home/travis/build/icyphy/ptII/ptolemy/actor/lib/test/auto/MovingAverage.xml
2 ms. Memory: 484352K Free: 226323K (47%)
----------------- Invoking toplevel() on ptolemy.moml.MoMLSimpleApplication@56d5da87
----------------- Done invoking toplevel() on ptolemy.moml.MoMLSimpleApplication@56d5da87
reloadAllAccessors: .MovingAverage

===========================================================================================
----------------- testing Wed Oct 30 06:14:08 UTC 2019 /home/travis/build/icyphy/ptII/ptolemy/actor/lib/test/auto/MovingMaximum.xml
----------------- Instantiating /home/travis/build/icyphy/ptII/ptolemy/actor/lib/test/auto/MovingMaximum.xml
2 ms. Memory: 484352K Free: 221713K (46%)
----------------- Invoking toplevel() on ptolemy.moml.MoMLSimpleApplication@32cb1655
----------------- Done invoking toplevel() on ptolemy.moml.MoMLSimpleApplication@32cb1655
reloadAllAccessors: .MovingMaximum

===========================================================================================
----------------- testing Wed Oct 30 06:14:08 UTC 2019 /home/travis/build/icyphy/ptII/ptolemy/actor/lib/test/auto/MultipleLinksToSameRelation.xml
----------------- Instantiating /home/travis/build/icyphy/ptII/ptolemy/actor/lib/test/auto/MultipleLinksToSameRelation.xml
2 ms. Memory: 484352K Free: 218131K (45%)
----------------- Invoking toplevel() on ptolemy.moml.MoMLSimpleApplication@30c0fad7
----------------- Done invoking toplevel() on ptolemy.moml.MoMLSimpleApplication@30c0fad7
reloadAllAccessors: .MultipleLinksToSameRelation

===========================================================================================
----------------- testing Wed Oct 30 06:14:08 UTC 2019 /home/travis/build/icyphy/ptII/ptolemy/actor/lib/test/auto/MultipleLinksToSameRelationDE.xml
----------------- Instantiating /home/travis/build/icyphy/ptII/ptolemy/actor/lib/test/auto/MultipleLinksToSameRelationDE.xml
1 ms. Memory: 484352K Free: 213491K (44%)
----------------- Invoking toplevel() on ptolemy.moml.MoMLSimpleApplication@14fd5601
----------------- Done invoking toplevel() on ptolemy.moml.MoMLSimpleApplication@14fd5601
reloadAllAccessors: .MultipleLinksToSameRelationDE

===========================================================================================
----------------- testing Wed Oct 30 06:14:08 UTC 2019 /home/travis/build/icyphy/ptII/ptolemy/actor/lib/test/auto/Multiplexor.xml
----------------- Instantiating /home/travis/build/icyphy/ptII/ptolemy/actor/lib/test/auto/Multiplexor.xml
2 ms. Memory: 484352K Free: 207891K (43%)
----------------- Invoking toplevel() on ptolemy.moml.MoMLSimpleApplication@733083af
----------------- Done invoking toplevel() on ptolemy.moml.MoMLSimpleApplication@733083af
reloadAllAccessors: .Multiplexor

===========================================================================================
----------------- testing Wed Oct 30 06:14:08 UTC 2019 /home/travis/build/icyphy/ptII/ptolemy/actor/lib/test/auto/Multiplexor1.xml
----------------- Instantiating /home/travis/build/icyphy/ptII/ptolemy/actor/lib/test/auto/Multiplexor1.xml
2 ms. Memory: 484352K Free: 202251K (42%)
----------------- Invoking toplevel() on ptolemy.moml.MoMLSimpleApplication@79c5b1be
----------------- Done invoking toplevel() on ptolemy.moml.MoMLSimpleApplication@79c5b1be
reloadAllAccessors: .Multiplexor1

===========================================================================================
----------------- testing Wed Oct 30 06:14:08 UTC 2019 /home/travis/build/icyphy/ptII/ptolemy/actor/lib/test/auto/Multiplexor2.xml
----------------- Instantiating /home/travis/build/icyphy/ptII/ptolemy/actor/lib/test/auto/Multiplexor2.xml
6 ms. Memory: 484352K Free: 195601K (40%)
----------------- Invoking toplevel() on ptolemy.moml.MoMLSimpleApplication@61a8f471
----------------- Done invoking toplevel() on ptolemy.moml.MoMLSimpleApplication@61a8f471
reloadAllAccessors: .Multiplexor2

===========================================================================================
----------------- testing Wed Oct 30 06:14:08 UTC 2019 /home/travis/build/icyphy/ptII/ptolemy/actor/lib/test/auto/Multiplexor3.xml
----------------- Instantiating /home/travis/build/icyphy/ptII/ptolemy/actor/lib/test/auto/Multiplexor3.xml
2 ms. Memory: 484352K Free: 192017K (40%)
----------------- Invoking toplevel() on ptolemy.moml.MoMLSimpleApplication@1a8058ce
----------------- Done invoking toplevel() on ptolemy.moml.MoMLSimpleApplication@1a8058ce
reloadAllAccessors: .Multiplexor3

===========================================================================================
----------------- testing Wed Oct 30 06:14:08 UTC 2019 /home/travis/build/icyphy/ptII/ptolemy/actor/lib/test/auto/MultiplexorDE.xml
----------------- Instantiating /home/travis/build/icyphy/ptII/ptolemy/actor/lib/test/auto/MultiplexorDE.xml
2 ms. Memory: 484352K Free: 184339K (38%)
----------------- Invoking toplevel() on ptolemy.moml.MoMLSimpleApplication@2f32cfda
----------------- Done invoking toplevel() on ptolemy.moml.MoMLSimpleApplication@2f32cfda
reloadAllAccessors: .MultiplexorDE

===========================================================================================
----------------- testing Wed Oct 30 06:14:08 UTC 2019 /home/travis/build/icyphy/ptII/ptolemy/actor/lib/test/auto/MultiportBroadcastTest.xml
----------------- Instantiating /home/travis/build/icyphy/ptII/ptolemy/actor/lib/test/auto/MultiportBroadcastTest.xml
87 ms. Memory: 484352K Free: 178195K (37%)
----------------- Invoking toplevel() on ptolemy.moml.MoMLSimpleApplication@3efa8512
----------------- Done invoking toplevel() on ptolemy.moml.MoMLSimpleApplication@3efa8512
reloadAllAccessors: .MultiportBroadcastTest

===========================================================================================
----------------- testing Wed Oct 30 06:14:08 UTC 2019 /home/travis/build/icyphy/ptII/ptolemy/actor/lib/test/auto/MultiportOutHangDuringGetWidth.xml
----------------- Instantiating /home/travis/build/icyphy/ptII/ptolemy/actor/lib/test/auto/MultiportOutHangDuringGetWidth.xml
4 ms. Memory: 484352K Free: 165907K (34%)
----------------- Invoking toplevel() on ptolemy.moml.MoMLSimpleApplication@195ae11
----------------- Done invoking toplevel() on ptolemy.moml.MoMLSimpleApplication@195ae11
reloadAllAccessors: .MultiportOutHangDuringGetWidth

===========================================================================================
----------------- testing Wed Oct 30 06:14:09 UTC 2019 /home/travis/build/icyphy/ptII/ptolemy/actor/lib/test/auto/NilToken.xml
----------------- Instantiating /home/travis/build/icyphy/ptII/ptolemy/actor/lib/test/auto/NilToken.xml
1 ms. Memory: 484352K Free: 161811K (33%)
----------------- Invoking toplevel() on ptolemy.moml.MoMLSimpleApplication@3048b731
----------------- Done invoking toplevel() on ptolemy.moml.MoMLSimpleApplication@3048b731
reloadAllAccessors: .NilToken

===========================================================================================
----------------- testing Wed Oct 30 06:14:09 UTC 2019 /home/travis/build/icyphy/ptII/ptolemy/actor/lib/test/auto/NilTokenNonStrictTest.xml
----------------- Instantiating /home/travis/build/icyphy/ptII/ptolemy/actor/lib/test/auto/NilTokenNonStrictTest.xml
2 ms. Memory: 484352K Free: 157201K (32%)
----------------- Invoking toplevel() on ptolemy.moml.MoMLSimpleApplication@1536b36e
----------------- Done invoking toplevel() on ptolemy.moml.MoMLSimpleApplication@1536b36e
reloadAllAccessors: .NilTokenNonStrictTest

===========================================================================================
----------------- testing Wed Oct 30 06:14:09 UTC 2019 /home/travis/build/icyphy/ptII/ptolemy/actor/lib/test/auto/NilTokenRecord.xml
----------------- Instantiating /home/travis/build/icyphy/ptII/ptolemy/actor/lib/test/auto/NilTokenRecord.xml
11 ms. Memory: 484352K Free: 432943K (89%)
----------------- Invoking toplevel() on ptolemy.moml.MoMLSimpleApplication@3ff15fe9
----------------- Done invoking toplevel() on ptolemy.moml.MoMLSimpleApplication@3ff15fe9
reloadAllAccessors: .NilTokenRecord

===========================================================================================
----------------- testing Wed Oct 30 06:14:09 UTC 2019 /home/travis/build/icyphy/ptII/ptolemy/actor/lib/test/auto/NilTokenTypeTest.xml
----------------- Instantiating /home/travis/build/icyphy/ptII/ptolemy/actor/lib/test/auto/NilTokenTypeTest.xml
12 ms. Memory: 484352K Free: 423213K (87%)
----------------- Invoking toplevel() on ptolemy.moml.MoMLSimpleApplication@29d361ca
----------------- Done invoking toplevel() on ptolemy.moml.MoMLSimpleApplication@29d361ca
reloadAllAccessors: .NilTokenTypeTest

===========================================================================================
----------------- testing Wed Oct 30 06:14:09 UTC 2019 /home/travis/build/icyphy/ptII/ptolemy/actor/lib/test/auto/ObjectToken1.xml
----------------- Instantiating /home/travis/build/icyphy/ptII/ptolemy/actor/lib/test/auto/ObjectToken1.xml
2 ms. Memory: 484352K Free: 419117K (87%)
----------------- Invoking toplevel() on ptolemy.moml.MoMLSimpleApplication@7846d5bd
----------------- Done invoking toplevel() on ptolemy.moml.MoMLSimpleApplication@7846d5bd
reloadAllAccessors: .ObjectToken1

===========================================================================================
----------------- testing Wed Oct 30 06:14:09 UTC 2019 /home/travis/build/icyphy/ptII/ptolemy/actor/lib/test/auto/OrderedMerge.xml
----------------- Instantiating /home/travis/build/icyphy/ptII/ptolemy/actor/lib/test/auto/OrderedMerge.xml
7 ms. Memory: 484352K Free: 413487K (85%)
----------------- Invoking toplevel() on ptolemy.moml.MoMLSimpleApplication@543c7531
----------------- Done invoking toplevel() on ptolemy.moml.MoMLSimpleApplication@543c7531
reloadAllAccessors: .OrderedMerge

===========================================================================================
----------------- testing Wed Oct 30 06:14:09 UTC 2019 /home/travis/build/icyphy/ptII/ptolemy/actor/lib/test/auto/OrderedRecordDisassembler.xml
----------------- Instantiating /home/travis/build/icyphy/ptII/ptolemy/actor/lib/test/auto/OrderedRecordDisassembler.xml
4 ms. Memory: 484352K Free: 408367K (84%)
----------------- Invoking toplevel() on ptolemy.moml.MoMLSimpleApplication@24f513b3
----------------- Done invoking toplevel() on ptolemy.moml.MoMLSimpleApplication@24f513b3
reloadAllAccessors: .OrderedRecordDisassembler

===========================================================================================
----------------- testing Wed Oct 30 06:14:09 UTC 2019 /home/travis/build/icyphy/ptII/ptolemy/actor/lib/test/auto/OrderedRecordDisassembler2.xml
----------------- Instantiating /home/travis/build/icyphy/ptII/ptolemy/actor/lib/test/auto/OrderedRecordDisassembler2.xml
6 ms. Memory: 484352K Free: 400671K (83%)
----------------- Invoking toplevel() on ptolemy.moml.MoMLSimpleApplication@7bb91152
----------------- Done invoking toplevel() on ptolemy.moml.MoMLSimpleApplication@7bb91152
reloadAllAccessors: .OrderedRecordDisassembler2

===========================================================================================
----------------- testing Wed Oct 30 06:14:09 UTC 2019 /home/travis/build/icyphy/ptII/ptolemy/actor/lib/test/auto/OrderedRecordUpdater.xml
----------------- Instantiating /home/travis/build/icyphy/ptII/ptolemy/actor/lib/test/auto/OrderedRecordUpdater.xml
9 ms. Memory: 484352K Free: 396589K (82%)
----------------- Invoking toplevel() on ptolemy.moml.MoMLSimpleApplication@3ec0747b
----------------- Done invoking toplevel() on ptolemy.moml.MoMLSimpleApplication@3ec0747b
reloadAllAccessors: .RecordUpdater

===========================================================================================
----------------- testing Wed Oct 30 06:14:09 UTC 2019 /home/travis/build/icyphy/ptII/ptolemy/actor/lib/test/auto/OrderedRecordUpdater2.xml
----------------- Instantiating /home/travis/build/icyphy/ptII/ptolemy/actor/lib/test/auto/OrderedRecordUpdater2.xml
3 ms. Memory: 484352K Free: 391469K (81%)
----------------- Invoking toplevel() on ptolemy.moml.MoMLSimpleApplication@41e493a8
----------------- Done invoking toplevel() on ptolemy.moml.MoMLSimpleApplication@41e493a8
reloadAllAccessors: .RecordUpdater2

===========================================================================================
----------------- testing Wed Oct 30 06:14:09 UTC 2019 /home/travis/build/icyphy/ptII/ptolemy/actor/lib/test/auto/PhaseUnwrap.xml
----------------- Instantiating /home/travis/build/icyphy/ptII/ptolemy/actor/lib/test/auto/PhaseUnwrap.xml
2 ms. Memory: 484352K Free: 386863K (80%)
----------------- Invoking toplevel() on ptolemy.moml.MoMLSimpleApplication@2e63127b
----------------- Done invoking toplevel() on ptolemy.moml.MoMLSimpleApplication@2e63127b
reloadAllAccessors: .PhaseUnwrap

===========================================================================================
----------------- testing Wed Oct 30 06:14:09 UTC 2019 /home/travis/build/icyphy/ptII/ptolemy/actor/lib/test/auto/PoissonClock.xml
----------------- Instantiating /home/travis/build/icyphy/ptII/ptolemy/actor/lib/test/auto/PoissonClock.xml
2 ms. Memory: 484352K Free: 382767K (79%)
----------------- Invoking toplevel() on ptolemy.moml.MoMLSimpleApplication@7e2c95df
----------------- Done invoking toplevel() on ptolemy.moml.MoMLSimpleApplication@7e2c95df
reloadAllAccessors: .PoissonClock

===========================================================================================
----------------- testing Wed Oct 30 06:14:09 UTC 2019 /home/travis/build/icyphy/ptII/ptolemy/actor/lib/test/auto/PoissonClock2.xml
----------------- Instantiating /home/travis/build/icyphy/ptII/ptolemy/actor/lib/test/auto/PoissonClock2.xml
1 ms. Memory: 484352K Free: 378671K (78%)
----------------- Invoking toplevel() on ptolemy.moml.MoMLSimpleApplication@15950c61
----------------- Done invoking toplevel() on ptolemy.moml.MoMLSimpleApplication@15950c61
reloadAllAccessors: .PoissonClock2

===========================================================================================
----------------- testing Wed Oct 30 06:14:09 UTC 2019 /home/travis/build/icyphy/ptII/ptolemy/actor/lib/test/auto/PoissonClock3.xml
----------------- Instantiating /home/travis/build/icyphy/ptII/ptolemy/actor/lib/test/auto/PoissonClock3.xml
2 ms. Memory: 484352K Free: 374061K (77%)
----------------- Invoking toplevel() on ptolemy.moml.MoMLSimpleApplication@560b1152
----------------- Done invoking toplevel() on ptolemy.moml.MoMLSimpleApplication@560b1152
reloadAllAccessors: .PoissonClock3

===========================================================================================
----------------- testing Wed Oct 30 06:14:09 UTC 2019 /home/travis/build/icyphy/ptII/ptolemy/actor/lib/test/auto/PubSubWithInitialTokens.xml
----------------- Instantiating /home/travis/build/icyphy/ptII/ptolemy/actor/lib/test/auto/PubSubWithInitialTokens.xml
2 ms. Memory: 484352K Free: 368935K (76%)
----------------- Invoking toplevel() on ptolemy.moml.MoMLSimpleApplication@7f9316f6
----------------- Done invoking toplevel() on ptolemy.moml.MoMLSimpleApplication@7f9316f6
reloadAllAccessors: .PubSubWithInitialTokens

===========================================================================================
----------------- testing Wed Oct 30 06:14:09 UTC 2019 /home/travis/build/icyphy/ptII/ptolemy/actor/lib/test/auto/PubSubWithInitialTokens2.xml
----------------- Instantiating /home/travis/build/icyphy/ptII/ptolemy/actor/lib/test/auto/PubSubWithInitialTokens2.xml
2 ms. Memory: 484352K Free: 362783K (75%)
----------------- Invoking toplevel() on ptolemy.moml.MoMLSimpleApplication@439895d2
----------------- Done invoking toplevel() on ptolemy.moml.MoMLSimpleApplication@439895d2
reloadAllAccessors: .PubSubWithInitialTokens2

===========================================================================================
----------------- testing Wed Oct 30 06:14:09 UTC 2019 /home/travis/build/icyphy/ptII/ptolemy/actor/lib/test/auto/PublisherClassNoParameter.xml
----------------- Instantiating /home/travis/build/icyphy/ptII/ptolemy/actor/lib/test/auto/PublisherClassNoParameter.xml
2 ms. Memory: 484352K Free: 353071K (73%)
----------------- Invoking toplevel() on ptolemy.moml.MoMLSimpleApplication@2101d25d
----------------- Done invoking toplevel() on ptolemy.moml.MoMLSimpleApplication@2101d25d
reloadAllAccessors: .PublisherClassNoParameter

===========================================================================================
----------------- testing Wed Oct 30 06:14:09 UTC 2019 /home/travis/build/icyphy/ptII/ptolemy/actor/lib/test/auto/PublisherClassParameter.xml
----------------- Instantiating /home/travis/build/icyphy/ptII/ptolemy/actor/lib/test/auto/PublisherClassParameter.xml
3 ms. Memory: 484352K Free: 342831K (71%)
----------------- Invoking toplevel() on ptolemy.moml.MoMLSimpleApplication@54e9d80
----------------- Done invoking toplevel() on ptolemy.moml.MoMLSimpleApplication@54e9d80
reloadAllAccessors: .PublisherClassParameter

===========================================================================================
----------------- testing Wed Oct 30 06:14:09 UTC 2019 /home/travis/build/icyphy/ptII/ptolemy/actor/lib/test/auto/PublisherNonStrictTest.xml
----------------- Instantiating /home/travis/build/icyphy/ptII/ptolemy/actor/lib/test/auto/PublisherNonStrictTest.xml
4 ms. Memory: 484352K Free: 335143K (69%)
----------------- Invoking toplevel() on ptolemy.moml.MoMLSimpleApplication@2969b7ca
----------------- Done invoking toplevel() on ptolemy.moml.MoMLSimpleApplication@2969b7ca
reloadAllAccessors: .PublisherNonStrictTest

===========================================================================================
----------------- testing Wed Oct 30 06:14:09 UTC 2019 /home/travis/build/icyphy/ptII/ptolemy/actor/lib/test/auto/PublisherPort1.xml
----------------- Instantiating /home/travis/build/icyphy/ptII/ptolemy/actor/lib/test/auto/PublisherPort1.xml
3 ms. Memory: 484352K Free: 329519K (68%)
----------------- Invoking toplevel() on ptolemy.moml.MoMLSimpleApplication@72383527
----------------- Done invoking toplevel() on ptolemy.moml.MoMLSimpleApplication@72383527
reloadAllAccessors: .PublisherPort1

===========================================================================================
----------------- testing Wed Oct 30 06:14:09 UTC 2019 /home/travis/build/icyphy/ptII/ptolemy/actor/lib/test/auto/PublisherPort2.xml
----------------- Instantiating /home/travis/build/icyphy/ptII/ptolemy/actor/lib/test/auto/PublisherPort2.xml
1 ms. Memory: 484352K Free: 324399K (67%)
----------------- Invoking toplevel() on ptolemy.moml.MoMLSimpleApplication@3761dac3
----------------- Done invoking toplevel() on ptolemy.moml.MoMLSimpleApplication@3761dac3
reloadAllAccessors: .PublisherPort2

===========================================================================================
----------------- testing Wed Oct 30 06:14:09 UTC 2019 /home/travis/build/icyphy/ptII/ptolemy/actor/lib/test/auto/PublisherPort3.xml
----------------- Instantiating /home/travis/build/icyphy/ptII/ptolemy/actor/lib/test/auto/PublisherPort3.xml
13 ms. Memory: 484352K Free: 318255K (66%)
----------------- Invoking toplevel() on ptolemy.moml.MoMLSimpleApplication@5459078
----------------- Done invoking toplevel() on ptolemy.moml.MoMLSimpleApplication@5459078
reloadAllAccessors: .PublisherPort3

===========================================================================================
----------------- testing Wed Oct 30 06:14:09 UTC 2019 /home/travis/build/icyphy/ptII/ptolemy/actor/lib/test/auto/PublisherPort4.xml
----------------- Instantiating /home/travis/build/icyphy/ptII/ptolemy/actor/lib/test/auto/PublisherPort4.xml
3 ms. Memory: 484352K Free: 312607K (65%)
----------------- Invoking toplevel() on ptolemy.moml.MoMLSimpleApplication@564ecabf
----------------- Done invoking toplevel() on ptolemy.moml.MoMLSimpleApplication@564ecabf
reloadAllAccessors: .PublisherPort4

===========================================================================================
----------------- testing Wed Oct 30 06:14:09 UTC 2019 /home/travis/build/icyphy/ptII/ptolemy/actor/lib/test/auto/PublisherPort5.xml
----------------- Instantiating /home/travis/build/icyphy/ptII/ptolemy/actor/lib/test/auto/PublisherPort5.xml
4 ms. Memory: 484352K Free: 304943K (63%)
----------------- Invoking toplevel() on ptolemy.moml.MoMLSimpleApplication@20d24305
----------------- Done invoking toplevel() on ptolemy.moml.MoMLSimpleApplication@20d24305
reloadAllAccessors: .PublisherPort5

===========================================================================================
----------------- testing Wed Oct 30 06:14:09 UTC 2019 /home/travis/build/icyphy/ptII/ptolemy/actor/lib/test/auto/PublisherPort5LookAlike.xml
----------------- Instantiating /home/travis/build/icyphy/ptII/ptolemy/actor/lib/test/auto/PublisherPort5LookAlike.xml
9 ms. Memory: 484352K Free: 297255K (61%)
----------------- Invoking toplevel() on ptolemy.moml.MoMLSimpleApplication@1f762df2
----------------- Done invoking toplevel() on ptolemy.moml.MoMLSimpleApplication@1f762df2
reloadAllAccessors: .PublisherPort5LookAlike

===========================================================================================
----------------- testing Wed Oct 30 06:14:09 UTC 2019 /home/travis/build/icyphy/ptII/ptolemy/actor/lib/test/auto/PublisherPort6.xml
----------------- Instantiating /home/travis/build/icyphy/ptII/ptolemy/actor/lib/test/auto/PublisherPort6.xml
2 ms. Memory: 484352K Free: 290607K (60%)
----------------- Invoking toplevel() on ptolemy.moml.MoMLSimpleApplication@3d5aa97a
----------------- Done invoking toplevel() on ptolemy.moml.MoMLSimpleApplication@3d5aa97a
reloadAllAccessors: .PublisherPort6

===========================================================================================
----------------- testing Wed Oct 30 06:14:09 UTC 2019 /home/travis/build/icyphy/ptII/ptolemy/actor/lib/test/auto/PublisherPort7.xml
----------------- Instantiating /home/travis/build/icyphy/ptII/ptolemy/actor/lib/test/auto/PublisherPort7.xml
4 ms. Memory: 484352K Free: 282925K (58%)
----------------- Invoking toplevel() on ptolemy.moml.MoMLSimpleApplication@7b8095c5
----------------- Done invoking toplevel() on ptolemy.moml.MoMLSimpleApplication@7b8095c5
reloadAllAccessors: .PublisherPort7

===========================================================================================
----------------- testing Wed Oct 30 06:14:09 UTC 2019 /home/travis/build/icyphy/ptII/ptolemy/actor/lib/test/auto/PublisherPort8.xml
----------------- Instantiating /home/travis/build/icyphy/ptII/ptolemy/actor/lib/test/auto/PublisherPort8.xml
5 ms. Memory: 484352K Free: 274223K (57%)
----------------- Invoking toplevel() on ptolemy.moml.MoMLSimpleApplication@2ed7bb05
----------------- Done invoking toplevel() on ptolemy.moml.MoMLSimpleApplication@2ed7bb05
reloadAllAccessors: .PublisherPort8

===========================================================================================
----------------- testing Wed Oct 30 06:14:09 UTC 2019 /home/travis/build/icyphy/ptII/ptolemy/actor/lib/test/auto/PublisherPortSubscriberChannelVariablesAOC2.xml
----------------- Instantiating /home/travis/build/icyphy/ptII/ptolemy/actor/lib/test/auto/PublisherPortSubscriberChannelVariablesAOC2.xml
4 ms. Memory: 484352K Free: 257325K (53%)
----------------- Invoking toplevel() on ptolemy.moml.MoMLSimpleApplication@4d81067b
----------------- Done invoking toplevel() on ptolemy.moml.MoMLSimpleApplication@4d81067b
reloadAllAccessors: .PublisherPortSubscriberChannelVariablesAOC2

===========================================================================================
----------------- testing Wed Oct 30 06:14:09 UTC 2019 /home/travis/build/icyphy/ptII/ptolemy/actor/lib/test/auto/PublisherPortSubscriberOpaqueWidthInference.xml
----------------- Instantiating /home/travis/build/icyphy/ptII/ptolemy/actor/lib/test/auto/PublisherPortSubscriberOpaqueWidthInference.xml
6 ms. Memory: 484352K Free: 249647K (52%)
----------------- Invoking toplevel() on ptolemy.moml.MoMLSimpleApplication@2236c5c2
----------------- Done invoking toplevel() on ptolemy.moml.MoMLSimpleApplication@2236c5c2
reloadAllAccessors: .PublisherPortSubscriberOpaqueWidthInference

===========================================================================================
----------------- testing Wed Oct 30 06:14:09 UTC 2019 /home/travis/build/icyphy/ptII/ptolemy/actor/lib/test/auto/PublisherPortSubscriberPortAdjacent.xml
----------------- Instantiating /home/travis/build/icyphy/ptII/ptolemy/actor/lib/test/auto/PublisherPortSubscriberPortAdjacent.xml
2 ms. Memory: 484352K Free: 241455K (50%)
----------------- Invoking toplevel() on ptolemy.moml.MoMLSimpleApplication@97a47fb
----------------- Done invoking toplevel() on ptolemy.moml.MoMLSimpleApplication@97a47fb
reloadAllAccessors: .PublisherPortSubscriberPortAdjacent

===========================================================================================
----------------- testing Wed Oct 30 06:14:09 UTC 2019 /home/travis/build/icyphy/ptII/ptolemy/actor/lib/test/auto/PublisherPortSubscriberPortExpression.xml
----------------- Instantiating /home/travis/build/icyphy/ptII/ptolemy/actor/lib/test/auto/PublisherPortSubscriberPortExpression.xml
5 ms. Memory: 484352K Free: 233759K (48%)
----------------- Invoking toplevel() on ptolemy.moml.MoMLSimpleApplication@2844f228
----------------- Done invoking toplevel() on ptolemy.moml.MoMLSimpleApplication@2844f228
reloadAllAccessors: .PublisherPortSubscriberPortExpression

===========================================================================================
----------------- testing Wed Oct 30 06:14:09 UTC 2019 /home/travis/build/icyphy/ptII/ptolemy/actor/lib/test/auto/PublisherPortSubscriberPortOpaqueD3Reverse.xml
----------------- Instantiating /home/travis/build/icyphy/ptII/ptolemy/actor/lib/test/auto/PublisherPortSubscriberPortOpaqueD3Reverse.xml
8 ms. Memory: 484352K Free: 223533K (46%)
----------------- Invoking toplevel() on ptolemy.moml.MoMLSimpleApplication@4b634de6
----------------- Done invoking toplevel() on ptolemy.moml.MoMLSimpleApplication@4b634de6
reloadAllAccessors: .PublisherPortSubscriberPortOpaqueD3Reverse

===========================================================================================
----------------- testing Wed Oct 30 06:14:09 UTC 2019 /home/travis/build/icyphy/ptII/ptolemy/actor/lib/test/auto/PublisherPortSubscriberPortOpaqueWidthInference.xml
----------------- Instantiating /home/travis/build/icyphy/ptII/ptolemy/actor/lib/test/auto/PublisherPortSubscriberPortOpaqueWidthInference.xml
5 ms. Memory: 484352K Free: 215855K (45%)
----------------- Invoking toplevel() on ptolemy.moml.MoMLSimpleApplication@392a753e
----------------- Done invoking toplevel() on ptolemy.moml.MoMLSimpleApplication@392a753e
reloadAllAccessors: .PublisherPortSubscriberPortOpaqueWidthInference

===========================================================================================
----------------- testing Wed Oct 30 06:14:09 UTC 2019 /home/travis/build/icyphy/ptII/ptolemy/actor/lib/test/auto/PublisherPortToplevelSubscriberPortAOC.xml
----------------- Instantiating /home/travis/build/icyphy/ptII/ptolemy/actor/lib/test/auto/PublisherPortToplevelSubscriberPortAOC.xml
.PublisherPortToplevelSubscriberPortAOC.TestExceptionAttribute: initialize() was not invoked, but wrapup() was.  This is unusual, but not always a problem.  For example, exporting JNLP will do this.
2 ms. Memory: 484352K Free: 210221K (43%)
----------------- Invoking toplevel() on ptolemy.moml.MoMLSimpleApplication@44d4669a
----------------- Done invoking toplevel() on ptolemy.moml.MoMLSimpleApplication@44d4669a
reloadAllAccessors: .PublisherPortToplevelSubscriberPortAOC

===========================================================================================
----------------- testing Wed Oct 30 06:14:09 UTC 2019 /home/travis/build/icyphy/ptII/ptolemy/actor/lib/test/auto/PublisherSubscriber.xml
----------------- Instantiating /home/travis/build/icyphy/ptII/ptolemy/actor/lib/test/auto/PublisherSubscriber.xml
3 ms. Memory: 484352K Free: 202543K (42%)
----------------- Invoking toplevel() on ptolemy.moml.MoMLSimpleApplication@270355cb
----------------- Done invoking toplevel() on ptolemy.moml.MoMLSimpleApplication@270355cb
reloadAllAccessors: .PublisherSubscriber

===========================================================================================
----------------- testing Wed Oct 30 06:14:09 UTC 2019 /home/travis/build/icyphy/ptII/ptolemy/actor/lib/test/auto/PublisherSubscriber10.xml
----------------- Instantiating /home/travis/build/icyphy/ptII/ptolemy/actor/lib/test/auto/PublisherSubscriber10.xml
8 ms. Memory: 484352K Free: 192813K (40%)
----------------- Invoking toplevel() on ptolemy.moml.MoMLSimpleApplication@635f05d4
----------------- Done invoking toplevel() on ptolemy.moml.MoMLSimpleApplication@635f05d4
reloadAllAccessors: .PublisherSubscriber10

===========================================================================================
----------------- testing Wed Oct 30 06:14:09 UTC 2019 /home/travis/build/icyphy/ptII/ptolemy/actor/lib/test/auto/PublisherSubscriber10InitialOutputs.xml
----------------- Instantiating /home/travis/build/icyphy/ptII/ptolemy/actor/lib/test/auto/PublisherSubscriber10InitialOutputs.xml
13 ms. Memory: 484352K Free: 183597K (38%)
----------------- Invoking toplevel() on ptolemy.moml.MoMLSimpleApplication@68ae392
----------------- Done invoking toplevel() on ptolemy.moml.MoMLSimpleApplication@68ae392
reloadAllAccessors: .PublisherSubscriber10InitialOutputs

===========================================================================================
----------------- testing Wed Oct 30 06:14:10 UTC 2019 /home/travis/build/icyphy/ptII/ptolemy/actor/lib/test/auto/PublisherSubscriber11.xml
----------------- Instantiating /home/travis/build/icyphy/ptII/ptolemy/actor/lib/test/auto/PublisherSubscriber11.xml
3 ms. Memory: 484352K Free: 177423K (37%)
----------------- Invoking toplevel() on ptolemy.moml.MoMLSimpleApplication@70ced13e
----------------- Done invoking toplevel() on ptolemy.moml.MoMLSimpleApplication@70ced13e
reloadAllAccessors: .PublisherSubscriber11

===========================================================================================
----------------- testing Wed Oct 30 06:14:10 UTC 2019 /home/travis/build/icyphy/ptII/ptolemy/actor/lib/test/auto/PublisherSubscriber12.xml
----------------- Instantiating /home/travis/build/icyphy/ptII/ptolemy/actor/lib/test/auto/PublisherSubscriber12.xml
7 ms. Memory: 484352K Free: 170285K (35%)
----------------- Invoking toplevel() on ptolemy.moml.MoMLSimpleApplication@42e5f381
----------------- Done invoking toplevel() on ptolemy.moml.MoMLSimpleApplication@42e5f381
reloadAllAccessors: .PublisherSubscriber12

===========================================================================================
----------------- testing Wed Oct 30 06:14:10 UTC 2019 /home/travis/build/icyphy/ptII/ptolemy/actor/lib/test/auto/PublisherSubscriber13.xml
----------------- Instantiating /home/travis/build/icyphy/ptII/ptolemy/actor/lib/test/auto/PublisherSubscriber13.xml
4 ms. Memory: 484352K Free: 164655K (34%)
----------------- Invoking toplevel() on ptolemy.moml.MoMLSimpleApplication@77572e17
----------------- Done invoking toplevel() on ptolemy.moml.MoMLSimpleApplication@77572e17
reloadAllAccessors: .PublisherSubscriber13

===========================================================================================
----------------- testing Wed Oct 30 06:14:10 UTC 2019 /home/travis/build/icyphy/ptII/ptolemy/actor/lib/test/auto/PublisherSubscriber14.xml
----------------- Instantiating /home/travis/build/icyphy/ptII/ptolemy/actor/lib/test/auto/PublisherSubscriber14.xml
3 ms. Memory: 484352K Free: 156463K (32%)
----------------- Invoking toplevel() on ptolemy.moml.MoMLSimpleApplication@544b0faf
----------------- Done invoking toplevel() on ptolemy.moml.MoMLSimpleApplication@544b0faf
reloadAllAccessors: .PublisherSubscriber14

===========================================================================================
----------------- testing Wed Oct 30 06:14:10 UTC 2019 /home/travis/build/icyphy/ptII/ptolemy/actor/lib/test/auto/PublisherSubscriber2.xml
----------------- Instantiating /home/travis/build/icyphy/ptII/ptolemy/actor/lib/test/auto/PublisherSubscriber2.xml
4 ms. Memory: 484352K Free: 433667K (90%)
----------------- Invoking toplevel() on ptolemy.moml.MoMLSimpleApplication@48d3b5e2
----------------- Done invoking toplevel() on ptolemy.moml.MoMLSimpleApplication@48d3b5e2
reloadAllAccessors: .PublisherSubscriber2

===========================================================================================
----------------- testing Wed Oct 30 06:14:10 UTC 2019 /home/travis/build/icyphy/ptII/ptolemy/actor/lib/test/auto/PublisherSubscriber3.xml
----------------- Instantiating /home/travis/build/icyphy/ptII/ptolemy/actor/lib/test/auto/PublisherSubscriber3.xml
2 ms. Memory: 484352K Free: 428051K (88%)
----------------- Invoking toplevel() on ptolemy.moml.MoMLSimpleApplication@7c63352d
----------------- Done invoking toplevel() on ptolemy.moml.MoMLSimpleApplication@7c63352d
reloadAllAccessors: .PublisherSubscriber3

===========================================================================================
----------------- testing Wed Oct 30 06:14:10 UTC 2019 /home/travis/build/icyphy/ptII/ptolemy/actor/lib/test/auto/PublisherSubscriber4.xml
----------------- Instantiating /home/travis/build/icyphy/ptII/ptolemy/actor/lib/test/auto/PublisherSubscriber4.xml
2 ms. Memory: 484352K Free: 422931K (87%)
----------------- Invoking toplevel() on ptolemy.moml.MoMLSimpleApplication@79610585
----------------- Done invoking toplevel() on ptolemy.moml.MoMLSimpleApplication@79610585
reloadAllAccessors: .PublisherSubscriber4

===========================================================================================
----------------- testing Wed Oct 30 06:14:10 UTC 2019 /home/travis/build/icyphy/ptII/ptolemy/actor/lib/test/auto/PublisherSubscriber5.xml
----------------- Instantiating /home/travis/build/icyphy/ptII/ptolemy/actor/lib/test/auto/PublisherSubscriber5.xml
2 ms. Memory: 484352K Free: 416259K (86%)
----------------- Invoking toplevel() on ptolemy.moml.MoMLSimpleApplication@14b6a191
----------------- Done invoking toplevel() on ptolemy.moml.MoMLSimpleApplication@14b6a191
reloadAllAccessors: .PublisherSubscriber5

===========================================================================================
----------------- testing Wed Oct 30 06:14:10 UTC 2019 /home/travis/build/icyphy/ptII/ptolemy/actor/lib/test/auto/PublisherSubscriber6.xml
----------------- Instantiating /home/travis/build/icyphy/ptII/ptolemy/actor/lib/test/auto/PublisherSubscriber6.xml
4 ms. Memory: 484352K Free: 409619K (85%)
----------------- Invoking toplevel() on ptolemy.moml.MoMLSimpleApplication@fe33523
----------------- Done invoking toplevel() on ptolemy.moml.MoMLSimpleApplication@fe33523
reloadAllAccessors: .PublisherSubscriber6

===========================================================================================
----------------- testing Wed Oct 30 06:14:10 UTC 2019 /home/travis/build/icyphy/ptII/ptolemy/actor/lib/test/auto/PublisherSubscriber7.xml
----------------- Instantiating /home/travis/build/icyphy/ptII/ptolemy/actor/lib/test/auto/PublisherSubscriber7.xml
8 ms. Memory: 484352K Free: 402961K (83%)
----------------- Invoking toplevel() on ptolemy.moml.MoMLSimpleApplication@58e761e4
----------------- Done invoking toplevel() on ptolemy.moml.MoMLSimpleApplication@58e761e4
reloadAllAccessors: .PublisherSubscriber7

===========================================================================================
----------------- testing Wed Oct 30 06:14:10 UTC 2019 /home/travis/build/icyphy/ptII/ptolemy/actor/lib/test/auto/PublisherSubscriber8.xml
----------------- Instantiating /home/travis/build/icyphy/ptII/ptolemy/actor/lib/test/auto/PublisherSubscriber8.xml
18 ms. Memory: 484352K Free: 391187K (81%)
----------------- Invoking toplevel() on ptolemy.moml.MoMLSimpleApplication@2e24ff14
----------------- Done invoking toplevel() on ptolemy.moml.MoMLSimpleApplication@2e24ff14
reloadAllAccessors: .PublisherSubscriber8

===========================================================================================
----------------- testing Wed Oct 30 06:14:10 UTC 2019 /home/travis/build/icyphy/ptII/ptolemy/actor/lib/test/auto/PublisherSubscriber9.xml
----------------- Instantiating /home/travis/build/icyphy/ptII/ptolemy/actor/lib/test/auto/PublisherSubscriber9.xml
2 ms. Memory: 484352K Free: 384019K (79%)
----------------- Invoking toplevel() on ptolemy.moml.MoMLSimpleApplication@707b3d33
----------------- Done invoking toplevel() on ptolemy.moml.MoMLSimpleApplication@707b3d33
reloadAllAccessors: .PublisherSubscriber9

===========================================================================================
----------------- testing Wed Oct 30 06:14:10 UTC 2019 /home/travis/build/icyphy/ptII/ptolemy/actor/lib/test/auto/PublisherSubscriberAdjacent.xml
----------------- Instantiating /home/travis/build/icyphy/ptII/ptolemy/actor/lib/test/auto/PublisherSubscriberAdjacent.xml
1 ms. Memory: 484352K Free: 375827K (78%)
----------------- Invoking toplevel() on ptolemy.moml.MoMLSimpleApplication@20fe19f4
----------------- Done invoking toplevel() on ptolemy.moml.MoMLSimpleApplication@20fe19f4
reloadAllAccessors: .PublisherSubscriberAdjacent

===========================================================================================
----------------- testing Wed Oct 30 06:14:10 UTC 2019 /home/travis/build/icyphy/ptII/ptolemy/actor/lib/test/auto/PublisherSubscriberChannelVariablesAOC2.xml
----------------- Instantiating /home/travis/build/icyphy/ptII/ptolemy/actor/lib/test/auto/PublisherSubscriberChannelVariablesAOC2.xml
2 ms. Memory: 484352K Free: 360977K (75%)
----------------- Invoking toplevel() on ptolemy.moml.MoMLSimpleApplication@3560b849
----------------- Done invoking toplevel() on ptolemy.moml.MoMLSimpleApplication@3560b849
reloadAllAccessors: .PublisherSubscriberChannelVariablesAOC2

===========================================================================================
----------------- testing Wed Oct 30 06:14:10 UTC 2019 /home/travis/build/icyphy/ptII/ptolemy/actor/lib/test/auto/PublisherSubscriberD3.xml
----------------- Instantiating /home/travis/build/icyphy/ptII/ptolemy/actor/lib/test/auto/PublisherSubscriberD3.xml
2 ms. Memory: 484352K Free: 353809K (73%)
----------------- Invoking toplevel() on ptolemy.moml.MoMLSimpleApplication@5b36921a
----------------- Done invoking toplevel() on ptolemy.moml.MoMLSimpleApplication@5b36921a
reloadAllAccessors: .PublisherSubscriberD3

===========================================================================================
----------------- testing Wed Oct 30 06:14:10 UTC 2019 /home/travis/build/icyphy/ptII/ptolemy/actor/lib/test/auto/PublisherSubscriberD3Reverse.xml
----------------- Instantiating /home/travis/build/icyphy/ptII/ptolemy/actor/lib/test/auto/PublisherSubscriberD3Reverse.xml
1 ms. Memory: 484352K Free: 347665K (72%)
----------------- Invoking toplevel() on ptolemy.moml.MoMLSimpleApplication@79bf0fcd
----------------- Done invoking toplevel() on ptolemy.moml.MoMLSimpleApplication@79bf0fcd
reloadAllAccessors: .PublisherSubscriberD3Reverse

===========================================================================================
----------------- testing Wed Oct 30 06:14:10 UTC 2019 /home/travis/build/icyphy/ptII/ptolemy/actor/lib/test/auto/PublisherSubscriberExpression.xml
----------------- Instantiating /home/travis/build/icyphy/ptII/ptolemy/actor/lib/test/auto/PublisherSubscriberExpression.xml
4 ms. Memory: 484352K Free: 339443K (70%)
----------------- Invoking toplevel() on ptolemy.moml.MoMLSimpleApplication@4ff1c902
----------------- Done invoking toplevel() on ptolemy.moml.MoMLSimpleApplication@4ff1c902
reloadAllAccessors: .PublisherSubscriberExpression

===========================================================================================
----------------- testing Wed Oct 30 06:14:10 UTC 2019 /home/travis/build/icyphy/ptII/ptolemy/actor/lib/test/auto/PublisherSubscriberOpaque.xml
----------------- Instantiating /home/travis/build/icyphy/ptII/ptolemy/actor/lib/test/auto/PublisherSubscriberOpaque.xml
4 ms. Memory: 484352K Free: 331281K (68%)
----------------- Invoking toplevel() on ptolemy.moml.MoMLSimpleApplication@68d9f07d
----------------- Done invoking toplevel() on ptolemy.moml.MoMLSimpleApplication@68d9f07d
reloadAllAccessors: .PublisherSubscriberOpaque

===========================================================================================
----------------- testing Wed Oct 30 06:14:10 UTC 2019 /home/travis/build/icyphy/ptII/ptolemy/actor/lib/test/auto/PublisherSubscriberOpaqueD3.xml
----------------- Instantiating /home/travis/build/icyphy/ptII/ptolemy/actor/lib/test/auto/PublisherSubscriberOpaqueD3.xml
5 ms. Memory: 484352K Free: 319507K (66%)
----------------- Invoking toplevel() on ptolemy.moml.MoMLSimpleApplication@3fc7e52e
----------------- Done invoking toplevel() on ptolemy.moml.MoMLSimpleApplication@3fc7e52e
reloadAllAccessors: .PublisherSubscriberOpaqueD3

===========================================================================================
----------------- testing Wed Oct 30 06:14:10 UTC 2019 /home/travis/build/icyphy/ptII/ptolemy/actor/lib/test/auto/PublisherSubscriberOpaqueD3Reverse.xml
----------------- Instantiating /home/travis/build/icyphy/ptII/ptolemy/actor/lib/test/auto/PublisherSubscriberOpaqueD3Reverse.xml
8 ms. Memory: 484352K Free: 308753K (64%)
----------------- Invoking toplevel() on ptolemy.moml.MoMLSimpleApplication@5da7ee42
----------------- Done invoking toplevel() on ptolemy.moml.MoMLSimpleApplication@5da7ee42
reloadAllAccessors: .PublisherSubscriberOpaqueD3Reverse

===========================================================================================
----------------- testing Wed Oct 30 06:14:10 UTC 2019 /home/travis/build/icyphy/ptII/ptolemy/actor/lib/test/auto/PublisherSubscriberOpaqueWidthInference.xml
----------------- Instantiating /home/travis/build/icyphy/ptII/ptolemy/actor/lib/test/auto/PublisherSubscriberOpaqueWidthInference.xml
4 ms. Memory: 484352K Free: 300547K (62%)
----------------- Invoking toplevel() on ptolemy.moml.MoMLSimpleApplication@59db98c1
----------------- Done invoking toplevel() on ptolemy.moml.MoMLSimpleApplication@59db98c1
reloadAllAccessors: .PublisherSubscriberOpaqueWidthInference

===========================================================================================
----------------- testing Wed Oct 30 06:14:10 UTC 2019 /home/travis/build/icyphy/ptII/ptolemy/actor/lib/test/auto/PublisherTestSubscriber.xml
----------------- Instantiating /home/travis/build/icyphy/ptII/ptolemy/actor/lib/test/auto/PublisherTestSubscriber.xml
2 ms. Memory: 484352K Free: 292883K (60%)
----------------- Invoking toplevel() on ptolemy.moml.MoMLSimpleApplication@49010254
----------------- Done invoking toplevel() on ptolemy.moml.MoMLSimpleApplication@49010254
reloadAllAccessors: .PublisherTestSubscriber

===========================================================================================
----------------- testing Wed Oct 30 06:14:10 UTC 2019 /home/travis/build/icyphy/ptII/ptolemy/actor/lib/test/auto/PublisherToplevelSubscriberPortAOC.xml
----------------- Instantiating /home/travis/build/icyphy/ptII/ptolemy/actor/lib/test/auto/PublisherToplevelSubscriberPortAOC.xml
2 ms. Memory: 484352K Free: 286739K (59%)
----------------- Invoking toplevel() on ptolemy.moml.MoMLSimpleApplication@48423bd4
----------------- Done invoking toplevel() on ptolemy.moml.MoMLSimpleApplication@48423bd4
reloadAllAccessors: .PublisherToplevelSubscriberPortAOC

===========================================================================================
----------------- testing Wed Oct 30 06:14:10 UTC 2019 /home/travis/build/icyphy/ptII/ptolemy/actor/lib/test/auto/PulseFiringLimitDE.xml
----------------- Instantiating /home/travis/build/icyphy/ptII/ptolemy/actor/lib/test/auto/PulseFiringLimitDE.xml
6 ms. Memory: 484352K Free: 280595K (58%)
----------------- Invoking toplevel() on ptolemy.moml.MoMLSimpleApplication@69f79ca3
----------------- Done invoking toplevel() on ptolemy.moml.MoMLSimpleApplication@69f79ca3
reloadAllAccessors: .PulseFiringLimitDE

===========================================================================================
----------------- testing Wed Oct 30 06:14:10 UTC 2019 /home/travis/build/icyphy/ptII/ptolemy/actor/lib/test/auto/Ramp1.xml
----------------- Instantiating /home/travis/build/icyphy/ptII/ptolemy/actor/lib/test/auto/Ramp1.xml
1 ms. Memory: 484352K Free: 275971K (57%)
----------------- Invoking toplevel() on ptolemy.moml.MoMLSimpleApplication@6f9ceb3
----------------- Done invoking toplevel() on ptolemy.moml.MoMLSimpleApplication@6f9ceb3
reloadAllAccessors: .Ramp1

===========================================================================================
----------------- testing Wed Oct 30 06:14:10 UTC 2019 /home/travis/build/icyphy/ptII/ptolemy/actor/lib/test/auto/RampFiringLimitDE.xml
----------------- Instantiating /home/travis/build/icyphy/ptII/ptolemy/actor/lib/test/auto/RampFiringLimitDE.xml
4 ms. Memory: 484352K Free: 269827K (56%)
----------------- Invoking toplevel() on ptolemy.moml.MoMLSimpleApplication@1b8e1d90
----------------- Done invoking toplevel() on ptolemy.moml.MoMLSimpleApplication@1b8e1d90
reloadAllAccessors: .RampFiringLimitDE

===========================================================================================
----------------- testing Wed Oct 30 06:14:10 UTC 2019 /home/travis/build/icyphy/ptII/ptolemy/actor/lib/test/auto/RampFiringLimitSDF.xml
----------------- Instantiating /home/travis/build/icyphy/ptII/ptolemy/actor/lib/test/auto/RampFiringLimitSDF.xml
2 ms. Memory: 484352K Free: 264707K (55%)
----------------- Invoking toplevel() on ptolemy.moml.MoMLSimpleApplication@651e0d24
----------------- Done invoking toplevel() on ptolemy.moml.MoMLSimpleApplication@651e0d24
reloadAllAccessors: .RampFiringLimitSDF

===========================================================================================
----------------- testing Wed Oct 30 06:14:10 UTC 2019 /home/travis/build/icyphy/ptII/ptolemy/actor/lib/test/auto/RandomInteger.xml
----------------- Instantiating /home/travis/build/icyphy/ptII/ptolemy/actor/lib/test/auto/RandomInteger.xml
1 ms. Memory: 484352K Free: 260625K (54%)
----------------- Invoking toplevel() on ptolemy.moml.MoMLSimpleApplication@1f21679e
----------------- Done invoking toplevel() on ptolemy.moml.MoMLSimpleApplication@1f21679e
reloadAllAccessors: .RandomInteger

===========================================================================================
----------------- testing Wed Oct 30 06:14:10 UTC 2019 /home/travis/build/icyphy/ptII/ptolemy/actor/lib/test/auto/ReadFile1.xml
----------------- Instantiating /home/travis/build/icyphy/ptII/ptolemy/actor/lib/test/auto/ReadFile1.xml
1 ms. Memory: 484352K Free: 256019K (53%)
----------------- Invoking toplevel() on ptolemy.moml.MoMLSimpleApplication@6d16a9c7
----------------- Done invoking toplevel() on ptolemy.moml.MoMLSimpleApplication@6d16a9c7
reloadAllAccessors: .ReadFile1

===========================================================================================
----------------- testing Wed Oct 30 06:14:10 UTC 2019 /home/travis/build/icyphy/ptII/ptolemy/actor/lib/test/auto/ReadFile2.xml
----------------- Instantiating /home/travis/build/icyphy/ptII/ptolemy/actor/lib/test/auto/ReadFile2.xml
1 ms. Memory: 484352K Free: 251923K (52%)
----------------- Invoking toplevel() on ptolemy.moml.MoMLSimpleApplication@aed9299
----------------- Done invoking toplevel() on ptolemy.moml.MoMLSimpleApplication@aed9299
reloadAllAccessors: .ReadFile2

===========================================================================================
----------------- testing Wed Oct 30 06:14:10 UTC 2019 /home/travis/build/icyphy/ptII/ptolemy/actor/lib/test/auto/Reader.xml
----------------- Instantiating /home/travis/build/icyphy/ptII/ptolemy/actor/lib/test/auto/Reader.xml
actor.lib.Reader is obsolete, use actor.lib.io.ExpressionReader instead
2 ms. Memory: 484352K Free: 247827K (51%)
----------------- Invoking toplevel() on ptolemy.moml.MoMLSimpleApplication@7f8bf090
----------------- Done invoking toplevel() on ptolemy.moml.MoMLSimpleApplication@7f8bf090
reloadAllAccessors: .Reader

===========================================================================================
----------------- testing Wed Oct 30 06:14:10 UTC 2019 /home/travis/build/icyphy/ptII/ptolemy/actor/lib/test/auto/RecordAssemblerDisplayNameTest.xml
----------------- Instantiating /home/travis/build/icyphy/ptII/ptolemy/actor/lib/test/auto/RecordAssemblerDisplayNameTest.xml
3605 ms. Memory: 484352K Free: 161583K (33%)
----------------- Invoking toplevel() on ptolemy.moml.MoMLSimpleApplication@57b89bec
----------------- Done invoking toplevel() on ptolemy.moml.MoMLSimpleApplication@57b89bec
reloadAllAccessors: .RecordAssemblerDisplayNameTest

===========================================================================================
----------------- testing Wed Oct 30 06:14:14 UTC 2019 /home/travis/build/icyphy/ptII/ptolemy/actor/lib/test/auto/RecordAssemblerTypeError.xml
----------------- Instantiating /home/travis/build/icyphy/ptII/ptolemy/actor/lib/test/auto/RecordAssemblerTypeError.xml
6 ms. Memory: 484352K Free: 433965K (90%)
----------------- Invoking toplevel() on ptolemy.moml.MoMLSimpleApplication@49a5e85f
----------------- Done invoking toplevel() on ptolemy.moml.MoMLSimpleApplication@49a5e85f
reloadAllAccessors: .RecordAssemblerTypeError

===========================================================================================
----------------- testing Wed Oct 30 06:14:14 UTC 2019 /home/travis/build/icyphy/ptII/ptolemy/actor/lib/test/auto/RecordDisassember.xml
----------------- Instantiating /home/travis/build/icyphy/ptII/ptolemy/actor/lib/test/auto/RecordDisassember.xml
14 ms. Memory: 484352K Free: 429359K (89%)
----------------- Invoking toplevel() on ptolemy.moml.MoMLSimpleApplication@10ccca68
----------------- Done invoking toplevel() on ptolemy.moml.MoMLSimpleApplication@10ccca68
reloadAllAccessors: .RecordDisassember

===========================================================================================
----------------- testing Wed Oct 30 06:14:14 UTC 2019 /home/travis/build/icyphy/ptII/ptolemy/actor/lib/test/auto/RecordDisassemberDisplayNameTest.xml
----------------- Instantiating /home/travis/build/icyphy/ptII/ptolemy/actor/lib/test/auto/RecordDisassemberDisplayNameTest.xml
14 ms. Memory: 484352K Free: 421167K (87%)
----------------- Invoking toplevel() on ptolemy.moml.MoMLSimpleApplication@289049c4
----------------- Done invoking toplevel() on ptolemy.moml.MoMLSimpleApplication@289049c4
reloadAllAccessors: .RecordDisassemberDisplayNameTest

===========================================================================================
----------------- testing Wed Oct 30 06:14:14 UTC 2019 /home/travis/build/icyphy/ptII/ptolemy/actor/lib/test/auto/RecordDisassembler.xml
----------------- Instantiating /home/travis/build/icyphy/ptII/ptolemy/actor/lib/test/auto/RecordDisassembler.xml
2 ms. Memory: 484352K Free: 416047K (86%)
----------------- Invoking toplevel() on ptolemy.moml.MoMLSimpleApplication@7b64777c
----------------- Done invoking toplevel() on ptolemy.moml.MoMLSimpleApplication@7b64777c
reloadAllAccessors: .RecordDisassembler

===========================================================================================
----------------- testing Wed Oct 30 06:14:14 UTC 2019 /home/travis/build/icyphy/ptII/ptolemy/actor/lib/test/auto/RecordDisassembler2.xml
----------------- Instantiating /home/travis/build/icyphy/ptII/ptolemy/actor/lib/test/auto/RecordDisassembler2.xml
4 ms. Memory: 484352K Free: 410927K (85%)
----------------- Invoking toplevel() on ptolemy.moml.MoMLSimpleApplication@4d53998d
----------------- Done invoking toplevel() on ptolemy.moml.MoMLSimpleApplication@4d53998d
reloadAllAccessors: .RecordDisassembler2

===========================================================================================
----------------- testing Wed Oct 30 06:14:14 UTC 2019 /home/travis/build/icyphy/ptII/ptolemy/actor/lib/test/auto/RecordUpdater.xml
----------------- Instantiating /home/travis/build/icyphy/ptII/ptolemy/actor/lib/test/auto/RecordUpdater.xml
3 ms. Memory: 484352K Free: 406317K (84%)
----------------- Invoking toplevel() on ptolemy.moml.MoMLSimpleApplication@2e97bd11
----------------- Done invoking toplevel() on ptolemy.moml.MoMLSimpleApplication@2e97bd11
reloadAllAccessors: .RecordUpdater

===========================================================================================
----------------- testing Wed Oct 30 06:14:14 UTC 2019 /home/travis/build/icyphy/ptII/ptolemy/actor/lib/test/auto/RecordUpdater2.xml
----------------- Instantiating /home/travis/build/icyphy/ptII/ptolemy/actor/lib/test/auto/RecordUpdater2.xml
2 ms. Memory: 484352K Free: 401197K (83%)
----------------- Invoking toplevel() on ptolemy.moml.MoMLSimpleApplication@2ea66ae0
----------------- Done invoking toplevel() on ptolemy.moml.MoMLSimpleApplication@2ea66ae0
reloadAllAccessors: .RecordUpdater2

===========================================================================================
----------------- testing Wed Oct 30 06:14:14 UTC 2019 /home/travis/build/icyphy/ptII/ptolemy/actor/lib/test/auto/RecursiveLattice.xml
----------------- Instantiating /home/travis/build/icyphy/ptII/ptolemy/actor/lib/test/auto/RecursiveLattice.xml
1 ms. Memory: 484352K Free: 396591K (82%)
----------------- Invoking toplevel() on ptolemy.moml.MoMLSimpleApplication@7bda64f2
----------------- Done invoking toplevel() on ptolemy.moml.MoMLSimpleApplication@7bda64f2
reloadAllAccessors: .RecursiveLattice

===========================================================================================
----------------- testing Wed Oct 30 06:14:14 UTC 2019 /home/travis/build/icyphy/ptII/ptolemy/actor/lib/test/auto/Router.xml
----------------- Instantiating /home/travis/build/icyphy/ptII/ptolemy/actor/lib/test/auto/Router.xml
3004 ms. Memory: 484352K Free: 385837K (80%)
----------------- Invoking toplevel() on ptolemy.moml.MoMLSimpleApplication@aad7fb0
----------------- Done invoking toplevel() on ptolemy.moml.MoMLSimpleApplication@aad7fb0
reloadAllAccessors: .Router

===========================================================================================
----------------- testing Wed Oct 30 06:14:17 UTC 2019 /home/travis/build/icyphy/ptII/ptolemy/actor/lib/test/auto/Router2.xml
----------------- Instantiating /home/travis/build/icyphy/ptII/ptolemy/actor/lib/test/auto/Router2.xml
3003 ms. Memory: 484352K Free: 375087K (77%)
----------------- Invoking toplevel() on ptolemy.moml.MoMLSimpleApplication@66bcc851
----------------- Done invoking toplevel() on ptolemy.moml.MoMLSimpleApplication@66bcc851
reloadAllAccessors: .Router2

===========================================================================================
----------------- testing Wed Oct 30 06:14:20 UTC 2019 /home/travis/build/icyphy/ptII/ptolemy/actor/lib/test/auto/RunningMaximum.xml
----------------- Instantiating /home/travis/build/icyphy/ptII/ptolemy/actor/lib/test/auto/RunningMaximum.xml
2 ms. Memory: 484352K Free: 370477K (76%)
----------------- Invoking toplevel() on ptolemy.moml.MoMLSimpleApplication@51cefa8d
----------------- Done invoking toplevel() on ptolemy.moml.MoMLSimpleApplication@51cefa8d
reloadAllAccessors: .RunningMaximum

===========================================================================================
----------------- testing Wed Oct 30 06:14:20 UTC 2019 /home/travis/build/icyphy/ptII/ptolemy/actor/lib/test/auto/RunningMinimum.xml
----------------- Instantiating /home/travis/build/icyphy/ptII/ptolemy/actor/lib/test/auto/RunningMinimum.xml
8 ms. Memory: 484352K Free: 365871K (76%)
----------------- Invoking toplevel() on ptolemy.moml.MoMLSimpleApplication@2ef5295b
----------------- Done invoking toplevel() on ptolemy.moml.MoMLSimpleApplication@2ef5295b
reloadAllAccessors: .RunningMinimum

===========================================================================================
----------------- testing Wed Oct 30 06:14:20 UTC 2019 /home/travis/build/icyphy/ptII/ptolemy/actor/lib/test/auto/Scale.xml
----------------- Instantiating /home/travis/build/icyphy/ptII/ptolemy/actor/lib/test/auto/Scale.xml
2 ms. Memory: 484352K Free: 361261K (75%)
----------------- Invoking toplevel() on ptolemy.moml.MoMLSimpleApplication@2a711392
----------------- Done invoking toplevel() on ptolemy.moml.MoMLSimpleApplication@2a711392
reloadAllAccessors: .Scale

===========================================================================================
----------------- testing Wed Oct 30 06:14:20 UTC 2019 /home/travis/build/icyphy/ptII/ptolemy/actor/lib/test/auto/Scale2.xml
----------------- Instantiating /home/travis/build/icyphy/ptII/ptolemy/actor/lib/test/auto/Scale2.xml
1 ms. Memory: 484352K Free: 356655K (74%)
----------------- Invoking toplevel() on ptolemy.moml.MoMLSimpleApplication@205fbfc7
----------------- Done invoking toplevel() on ptolemy.moml.MoMLSimpleApplication@205fbfc7
reloadAllAccessors: .Scale2

===========================================================================================
----------------- testing Wed Oct 30 06:14:20 UTC 2019 /home/travis/build/icyphy/ptII/ptolemy/actor/lib/test/auto/Scale3.xml
----------------- Instantiating /home/travis/build/icyphy/ptII/ptolemy/actor/lib/test/auto/Scale3.xml
8 ms. Memory: 484352K Free: 350511K (72%)
----------------- Invoking toplevel() on ptolemy.moml.MoMLSimpleApplication@5000564a
----------------- Done invoking toplevel() on ptolemy.moml.MoMLSimpleApplication@5000564a
reloadAllAccessors: .Scale3

===========================================================================================
----------------- testing Wed Oct 30 06:14:20 UTC 2019 /home/travis/build/icyphy/ptII/ptolemy/actor/lib/test/auto/ScaleArray.xml
----------------- Instantiating /home/travis/build/icyphy/ptII/ptolemy/actor/lib/test/auto/ScaleArray.xml
2 ms. Memory: 484352K Free: 345901K (71%)
----------------- Invoking toplevel() on ptolemy.moml.MoMLSimpleApplication@2075f875
----------------- Done invoking toplevel() on ptolemy.moml.MoMLSimpleApplication@2075f875
reloadAllAccessors: .ScaleArray

===========================================================================================
----------------- testing Wed Oct 30 06:14:20 UTC 2019 /home/travis/build/icyphy/ptII/ptolemy/actor/lib/test/auto/ScaleArray2.xml
----------------- Instantiating /home/travis/build/icyphy/ptII/ptolemy/actor/lib/test/auto/ScaleArray2.xml
1 ms. Memory: 484352K Free: 341295K (70%)
----------------- Invoking toplevel() on ptolemy.moml.MoMLSimpleApplication@7a1ca300
----------------- Done invoking toplevel() on ptolemy.moml.MoMLSimpleApplication@7a1ca300
reloadAllAccessors: .ScaleArray2

===========================================================================================
----------------- testing Wed Oct 30 06:14:20 UTC 2019 /home/travis/build/icyphy/ptII/ptolemy/actor/lib/test/auto/ScaleMatrix.xml
----------------- Instantiating /home/travis/build/icyphy/ptII/ptolemy/actor/lib/test/auto/ScaleMatrix.xml
125 ms. Memory: 484352K Free: 328493K (68%)
----------------- Invoking toplevel() on ptolemy.moml.MoMLSimpleApplication@12340e00
----------------- Done invoking toplevel() on ptolemy.moml.MoMLSimpleApplication@12340e00
reloadAllAccessors: .ScaleMatrix

===========================================================================================
----------------- testing Wed Oct 30 06:14:20 UTC 2019 /home/travis/build/icyphy/ptII/ptolemy/actor/lib/test/auto/Select.xml
----------------- Instantiating /home/travis/build/icyphy/ptII/ptolemy/actor/lib/test/auto/Select.xml
3 ms. Memory: 484352K Free: 322335K (67%)
----------------- Invoking toplevel() on ptolemy.moml.MoMLSimpleApplication@57c55397
----------------- Done invoking toplevel() on ptolemy.moml.MoMLSimpleApplication@57c55397
reloadAllAccessors: .Select

===========================================================================================
----------------- testing Wed Oct 30 06:14:20 UTC 2019 /home/travis/build/icyphy/ptII/ptolemy/actor/lib/test/auto/Select2.xml
----------------- Instantiating /home/travis/build/icyphy/ptII/ptolemy/actor/lib/test/auto/Select2.xml
1 ms. Memory: 484352K Free: 317743K (66%)
----------------- Invoking toplevel() on ptolemy.moml.MoMLSimpleApplication@6447677e
----------------- Done invoking toplevel() on ptolemy.moml.MoMLSimpleApplication@6447677e
reloadAllAccessors: .Select2

===========================================================================================
----------------- testing Wed Oct 30 06:14:20 UTC 2019 /home/travis/build/icyphy/ptII/ptolemy/actor/lib/test/auto/SequenceToArray2.xml
----------------- Instantiating /home/travis/build/icyphy/ptII/ptolemy/actor/lib/test/auto/SequenceToArray2.xml
92 ms. Memory: 484352K Free: 293663K (61%)
----------------- Invoking toplevel() on ptolemy.moml.MoMLSimpleApplication@5a07bc0d
----------------- Done invoking toplevel() on ptolemy.moml.MoMLSimpleApplication@5a07bc0d
reloadAllAccessors: .SequenceToArray2

===========================================================================================
----------------- testing Wed Oct 30 06:14:20 UTC 2019 /home/travis/build/icyphy/ptII/ptolemy/actor/lib/test/auto/SequentialClock.xml
----------------- Instantiating /home/travis/build/icyphy/ptII/ptolemy/actor/lib/test/auto/SequentialClock.xml
1 ms. Memory: 484352K Free: 289581K (60%)
----------------- Invoking toplevel() on ptolemy.moml.MoMLSimpleApplication@737f6f3d
----------------- Done invoking toplevel() on ptolemy.moml.MoMLSimpleApplication@737f6f3d
reloadAllAccessors: .SequentialClock

===========================================================================================
----------------- testing Wed Oct 30 06:14:20 UTC 2019 /home/travis/build/icyphy/ptII/ptolemy/actor/lib/test/auto/SetVariable.xml
----------------- Instantiating /home/travis/build/icyphy/ptII/ptolemy/actor/lib/test/auto/SetVariable.xml
3 ms. Memory: 484352K Free: 284975K (59%)
----------------- Invoking toplevel() on ptolemy.moml.MoMLSimpleApplication@794b2f4d
----------------- Done invoking toplevel() on ptolemy.moml.MoMLSimpleApplication@794b2f4d
reloadAllAccessors: .SetVariable

===========================================================================================
----------------- testing Wed Oct 30 06:14:20 UTC 2019 /home/travis/build/icyphy/ptII/ptolemy/actor/lib/test/auto/SetVariable2.xml
----------------- Instantiating /home/travis/build/icyphy/ptII/ptolemy/actor/lib/test/auto/SetVariable2.xml
2 ms. Memory: 484352K Free: 279855K (58%)
----------------- Invoking toplevel() on ptolemy.moml.MoMLSimpleApplication@1358789f
----------------- Done invoking toplevel() on ptolemy.moml.MoMLSimpleApplication@1358789f
reloadAllAccessors: .SetVariable2

===========================================================================================
----------------- testing Wed Oct 30 06:14:20 UTC 2019 /home/travis/build/icyphy/ptII/ptolemy/actor/lib/test/auto/SetVariable3.xml
----------------- Instantiating /home/travis/build/icyphy/ptII/ptolemy/actor/lib/test/auto/SetVariable3.xml
7 ms. Memory: 484352K Free: 274735K (57%)
----------------- Invoking toplevel() on ptolemy.moml.MoMLSimpleApplication@77d566ea
----------------- Done invoking toplevel() on ptolemy.moml.MoMLSimpleApplication@77d566ea
reloadAllAccessors: .SetVariable3

===========================================================================================
----------------- testing Wed Oct 30 06:14:20 UTC 2019 /home/travis/build/icyphy/ptII/ptolemy/actor/lib/test/auto/SetVariable4.xml
----------------- Instantiating /home/travis/build/icyphy/ptII/ptolemy/actor/lib/test/auto/SetVariable4.xml
23 ms. Memory: 484352K Free: 265005K (55%)
----------------- Invoking toplevel() on ptolemy.moml.MoMLSimpleApplication@4f6f33fb
----------------- Done invoking toplevel() on ptolemy.moml.MoMLSimpleApplication@4f6f33fb
reloadAllAccessors: .SetVariable4

===========================================================================================
----------------- testing Wed Oct 30 06:14:21 UTC 2019 /home/travis/build/icyphy/ptII/ptolemy/actor/lib/test/auto/SetVariable5.xml
----------------- Instantiating /home/travis/build/icyphy/ptII/ptolemy/actor/lib/test/auto/SetVariable5.xml
18 ms. Memory: 484352K Free: 255789K (53%)
----------------- Invoking toplevel() on ptolemy.moml.MoMLSimpleApplication@3e3f0028
----------------- Done invoking toplevel() on ptolemy.moml.MoMLSimpleApplication@3e3f0028
reloadAllAccessors: .SetVariable5

===========================================================================================
----------------- testing Wed Oct 30 06:14:21 UTC 2019 /home/travis/build/icyphy/ptII/ptolemy/actor/lib/test/auto/Sinewave.xml
----------------- Instantiating /home/travis/build/icyphy/ptII/ptolemy/actor/lib/test/auto/Sinewave.xml
6 ms. Memory: 484352K Free: 245039K (51%)
----------------- Invoking toplevel() on ptolemy.moml.MoMLSimpleApplication@36614706
----------------- Done invoking toplevel() on ptolemy.moml.MoMLSimpleApplication@36614706
reloadAllAccessors: .Sinewave

===========================================================================================
----------------- testing Wed Oct 30 06:14:21 UTC 2019 /home/travis/build/icyphy/ptII/ptolemy/actor/lib/test/auto/Sinewave2.xml
----------------- Instantiating /home/travis/build/icyphy/ptII/ptolemy/actor/lib/test/auto/Sinewave2.xml
6 ms. Memory: 484352K Free: 236847K (49%)
----------------- Invoking toplevel() on ptolemy.moml.MoMLSimpleApplication@69b805ad
----------------- Done invoking toplevel() on ptolemy.moml.MoMLSimpleApplication@69b805ad
reloadAllAccessors: .Sinewave2

===========================================================================================
----------------- testing Wed Oct 30 06:14:21 UTC 2019 /home/travis/build/icyphy/ptII/ptolemy/actor/lib/test/auto/Sinewave3.xml
----------------- Instantiating /home/travis/build/icyphy/ptII/ptolemy/actor/lib/test/auto/Sinewave3.xml
8 ms. Memory: 484352K Free: 228655K (47%)
----------------- Invoking toplevel() on ptolemy.moml.MoMLSimpleApplication@401e0146
----------------- Done invoking toplevel() on ptolemy.moml.MoMLSimpleApplication@401e0146
reloadAllAccessors: .Sinewave3

===========================================================================================
----------------- testing Wed Oct 30 06:14:21 UTC 2019 /home/travis/build/icyphy/ptII/ptolemy/actor/lib/test/auto/SingleEvent.xml
----------------- Instantiating /home/travis/build/icyphy/ptII/ptolemy/actor/lib/test/auto/SingleEvent.xml
1 ms. Memory: 484352K Free: 224559K (46%)
----------------- Invoking toplevel() on ptolemy.moml.MoMLSimpleApplication@bb7597c
----------------- Done invoking toplevel() on ptolemy.moml.MoMLSimpleApplication@bb7597c
reloadAllAccessors: .SingleEvent

===========================================================================================
----------------- testing Wed Oct 30 06:14:21 UTC 2019 /home/travis/build/icyphy/ptII/ptolemy/actor/lib/test/auto/Sleep.xml
----------------- Instantiating /home/travis/build/icyphy/ptII/ptolemy/actor/lib/test/auto/Sleep.xml
6003 ms. Memory: 484352K Free: 218911K (45%)
----------------- Invoking toplevel() on ptolemy.moml.MoMLSimpleApplication@1b7399b6
----------------- Done invoking toplevel() on ptolemy.moml.MoMLSimpleApplication@1b7399b6
reloadAllAccessors: .Sleep

===========================================================================================
----------------- testing Wed Oct 30 06:14:27 UTC 2019 /home/travis/build/icyphy/ptII/ptolemy/actor/lib/test/auto/SleepMultipleFire.xml
----------------- Instantiating /home/travis/build/icyphy/ptII/ptolemy/actor/lib/test/auto/SleepMultipleFire.xml
1005 ms. Memory: 484352K Free: 213295K (44%)
----------------- Invoking toplevel() on ptolemy.moml.MoMLSimpleApplication@53b7f002
----------------- Done invoking toplevel() on ptolemy.moml.MoMLSimpleApplication@53b7f002
reloadAllAccessors: .SleepMultipleFire

===========================================================================================
----------------- testing Wed Oct 30 06:14:28 UTC 2019 /home/travis/build/icyphy/ptII/ptolemy/actor/lib/test/auto/StopDE.xml
----------------- Instantiating /home/travis/build/icyphy/ptII/ptolemy/actor/lib/test/auto/StopDE.xml
3 ms. Memory: 484352K Free: 207661K (43%)
----------------- Invoking toplevel() on ptolemy.moml.MoMLSimpleApplication@183dcec0
----------------- Done invoking toplevel() on ptolemy.moml.MoMLSimpleApplication@183dcec0
reloadAllAccessors: .StopDE

===========================================================================================
----------------- testing Wed Oct 30 06:14:28 UTC 2019 /home/travis/build/icyphy/ptII/ptolemy/actor/lib/test/auto/StopSDF.xml
----------------- Instantiating /home/travis/build/icyphy/ptII/ptolemy/actor/lib/test/auto/StopSDF.xml
3 ms. Memory: 484352K Free: 202541K (42%)
----------------- Invoking toplevel() on ptolemy.moml.MoMLSimpleApplication@4259fa53
----------------- Done invoking toplevel() on ptolemy.moml.MoMLSimpleApplication@4259fa53
reloadAllAccessors: .StopSDF

===========================================================================================
----------------- testing Wed Oct 30 06:14:28 UTC 2019 /home/travis/build/icyphy/ptII/ptolemy/actor/lib/test/auto/StringConstant.xml
----------------- Instantiating /home/travis/build/icyphy/ptII/ptolemy/actor/lib/test/auto/StringConstant.xml
9 ms. Memory: 484352K Free: 197935K (41%)
----------------- Invoking toplevel() on ptolemy.moml.MoMLSimpleApplication@3d6cba41
----------------- Done invoking toplevel() on ptolemy.moml.MoMLSimpleApplication@3d6cba41
reloadAllAccessors: .StringConstant

===========================================================================================
----------------- testing Wed Oct 30 06:14:28 UTC 2019 /home/travis/build/icyphy/ptII/ptolemy/actor/lib/test/auto/SubscriberPortInitialValues1.xml
----------------- Instantiating /home/travis/build/icyphy/ptII/ptolemy/actor/lib/test/auto/SubscriberPortInitialValues1.xml
8 ms. Memory: 484352K Free: 189229K (39%)
----------------- Invoking toplevel() on ptolemy.moml.MoMLSimpleApplication@3d0bd3ff
----------------- Done invoking toplevel() on ptolemy.moml.MoMLSimpleApplication@3d0bd3ff
reloadAllAccessors: .SubscriberPortInitialValues1

===========================================================================================
----------------- testing Wed Oct 30 06:14:28 UTC 2019 /home/travis/build/icyphy/ptII/ptolemy/actor/lib/test/auto/SubscriberPortInitialValues13.xml
----------------- Instantiating /home/travis/build/icyphy/ptII/ptolemy/actor/lib/test/auto/SubscriberPortInitialValues13.xml
6 ms. Memory: 484352K Free: 176431K (36%)
----------------- Invoking toplevel() on ptolemy.moml.MoMLSimpleApplication@4626356
----------------- Done invoking toplevel() on ptolemy.moml.MoMLSimpleApplication@4626356
reloadAllAccessors: .SubscriberPortInitialValues13

===========================================================================================
----------------- testing Wed Oct 30 06:14:28 UTC 2019 /home/travis/build/icyphy/ptII/ptolemy/actor/lib/test/auto/SubscriberPortInitialValues14.xml
----------------- Instantiating /home/travis/build/icyphy/ptII/ptolemy/actor/lib/test/auto/SubscriberPortInitialValues14.xml
5 ms. Memory: 484352K Free: 168749K (35%)
----------------- Invoking toplevel() on ptolemy.moml.MoMLSimpleApplication@22ab499e
----------------- Done invoking toplevel() on ptolemy.moml.MoMLSimpleApplication@22ab499e
reloadAllAccessors: .SubscriberPortInitialValues14

===========================================================================================
----------------- testing Wed Oct 30 06:14:28 UTC 2019 /home/travis/build/icyphy/ptII/ptolemy/actor/lib/test/auto/SubscriberPortInitialValues2.xml
----------------- Instantiating /home/travis/build/icyphy/ptII/ptolemy/actor/lib/test/auto/SubscriberPortInitialValues2.xml
5 ms. Memory: 484352K Free: 161071K (33%)
----------------- Invoking toplevel() on ptolemy.moml.MoMLSimpleApplication@7674c995
----------------- Done invoking toplevel() on ptolemy.moml.MoMLSimpleApplication@7674c995
reloadAllAccessors: .SubscriberPortInitialValues2

===========================================================================================
----------------- testing Wed Oct 30 06:14:28 UTC 2019 /home/travis/build/icyphy/ptII/ptolemy/actor/lib/test/auto/SubscriberPortInitialValues3.xml
----------------- Instantiating /home/travis/build/icyphy/ptII/ptolemy/actor/lib/test/auto/SubscriberPortInitialValues3.xml
5 ms. Memory: 484352K Free: 431917K (89%)
----------------- Invoking toplevel() on ptolemy.moml.MoMLSimpleApplication@32570cd
----------------- Done invoking toplevel() on ptolemy.moml.MoMLSimpleApplication@32570cd
reloadAllAccessors: .SubscriberPortInitialValues3

===========================================================================================
----------------- testing Wed Oct 30 06:14:28 UTC 2019 /home/travis/build/icyphy/ptII/ptolemy/actor/lib/test/auto/SubscriptionAggregator.xml
----------------- Instantiating /home/travis/build/icyphy/ptII/ptolemy/actor/lib/test/auto/SubscriptionAggregator.xml
2 ms. Memory: 484352K Free: 424735K (88%)
----------------- Invoking toplevel() on ptolemy.moml.MoMLSimpleApplication@3068f8cd
----------------- Done invoking toplevel() on ptolemy.moml.MoMLSimpleApplication@3068f8cd
reloadAllAccessors: .SubscriptionAggregator

===========================================================================================
----------------- testing Wed Oct 30 06:14:28 UTC 2019 /home/travis/build/icyphy/ptII/ptolemy/actor/lib/test/auto/SubscriptionAggregator2.xml
----------------- Instantiating /home/travis/build/icyphy/ptII/ptolemy/actor/lib/test/auto/SubscriptionAggregator2.xml
2 ms. Memory: 484352K Free: 418095K (86%)
----------------- Invoking toplevel() on ptolemy.moml.MoMLSimpleApplication@6e9e5136
----------------- Done invoking toplevel() on ptolemy.moml.MoMLSimpleApplication@6e9e5136
reloadAllAccessors: .SubscriptionAggregator2

===========================================================================================
----------------- testing Wed Oct 30 06:14:28 UTC 2019 /home/travis/build/icyphy/ptII/ptolemy/actor/lib/test/auto/SubscriptionAggregator3.xml
----------------- Instantiating /home/travis/build/icyphy/ptII/ptolemy/actor/lib/test/auto/SubscriptionAggregator3.xml
4 ms. Memory: 484352K Free: 409383K (85%)
----------------- Invoking toplevel() on ptolemy.moml.MoMLSimpleApplication@4fab3ea7
----------------- Done invoking toplevel() on ptolemy.moml.MoMLSimpleApplication@4fab3ea7
reloadAllAccessors: .SubscriptionAggregator3

===========================================================================================
----------------- testing Wed Oct 30 06:14:28 UTC 2019 /home/travis/build/icyphy/ptII/ptolemy/actor/lib/test/auto/SubscriptionAggregatorMultiply.xml
----------------- Instantiating /home/travis/build/icyphy/ptII/ptolemy/actor/lib/test/auto/SubscriptionAggregatorMultiply.xml
5 ms. Memory: 484352K Free: 401191K (83%)
----------------- Invoking toplevel() on ptolemy.moml.MoMLSimpleApplication@60148930
----------------- Done invoking toplevel() on ptolemy.moml.MoMLSimpleApplication@60148930
reloadAllAccessors: .SubscriptionAggregatorMultiply

===========================================================================================
----------------- testing Wed Oct 30 06:14:28 UTC 2019 /home/travis/build/icyphy/ptII/ptolemy/actor/lib/test/auto/SubscriptionAggregatorPortMultiply1.xml
----------------- Instantiating /home/travis/build/icyphy/ptII/ptolemy/actor/lib/test/auto/SubscriptionAggregatorPortMultiply1.xml
6 ms. Memory: 484352K Free: 393519K (81%)
----------------- Invoking toplevel() on ptolemy.moml.MoMLSimpleApplication@40db2ca9
----------------- Done invoking toplevel() on ptolemy.moml.MoMLSimpleApplication@40db2ca9
reloadAllAccessors: .SubscriptionAggregatorPortMultiply1

===========================================================================================
----------------- testing Wed Oct 30 06:14:28 UTC 2019 /home/travis/build/icyphy/ptII/ptolemy/actor/lib/test/auto/Switch.xml
----------------- Instantiating /home/travis/build/icyphy/ptII/ptolemy/actor/lib/test/auto/Switch.xml
14 ms. Memory: 484352K Free: 385327K (80%)
----------------- Invoking toplevel() on ptolemy.moml.MoMLSimpleApplication@5dc762d6
----------------- Done invoking toplevel() on ptolemy.moml.MoMLSimpleApplication@5dc762d6
reloadAllAccessors: .Switch

===========================================================================================
----------------- testing Wed Oct 30 06:14:28 UTC 2019 /home/travis/build/icyphy/ptII/ptolemy/actor/lib/test/auto/Switch2.xml
----------------- Instantiating /home/travis/build/icyphy/ptII/ptolemy/actor/lib/test/auto/Switch2.xml
2 ms. Memory: 484352K Free: 380717K (79%)
----------------- Invoking toplevel() on ptolemy.moml.MoMLSimpleApplication@74a21be1
----------------- Done invoking toplevel() on ptolemy.moml.MoMLSimpleApplication@74a21be1
reloadAllAccessors: .Switch2

===========================================================================================
----------------- testing Wed Oct 30 06:14:28 UTC 2019 /home/travis/build/icyphy/ptII/ptolemy/actor/lib/test/auto/SwitchDE.xml
----------------- Instantiating /home/travis/build/icyphy/ptII/ptolemy/actor/lib/test/auto/SwitchDE.xml
6 ms. Memory: 484352K Free: 374543K (77%)
----------------- Invoking toplevel() on ptolemy.moml.MoMLSimpleApplication@5d087de3
----------------- Done invoking toplevel() on ptolemy.moml.MoMLSimpleApplication@5d087de3
reloadAllAccessors: .SwitchDE

===========================================================================================
----------------- testing Wed Oct 30 06:14:28 UTC 2019 /home/travis/build/icyphy/ptII/ptolemy/actor/lib/test/auto/SynchronizerDE.xml
----------------- Instantiating /home/travis/build/icyphy/ptII/ptolemy/actor/lib/test/auto/SynchronizerDE.xml
11 ms. Memory: 484352K Free: 366367K (76%)
----------------- Invoking toplevel() on ptolemy.moml.MoMLSimpleApplication@5ffc9dea
----------------- Done invoking toplevel() on ptolemy.moml.MoMLSimpleApplication@5ffc9dea
reloadAllAccessors: .SynchronizerDE

===========================================================================================
----------------- testing Wed Oct 30 06:14:28 UTC 2019 /home/travis/build/icyphy/ptII/ptolemy/actor/lib/test/auto/Test.xml
----------------- Instantiating /home/travis/build/icyphy/ptII/ptolemy/actor/lib/test/auto/Test.xml
13 ms. Memory: 484352K Free: 361247K (75%)
----------------- Invoking toplevel() on ptolemy.moml.MoMLSimpleApplication@7eb17458
----------------- Done invoking toplevel() on ptolemy.moml.MoMLSimpleApplication@7eb17458
reloadAllAccessors: .Test

===========================================================================================
----------------- testing Wed Oct 30 06:14:28 UTC 2019 /home/travis/build/icyphy/ptII/ptolemy/actor/lib/test/auto/TestExceptionAttribute1.xml
----------------- Instantiating /home/travis/build/icyphy/ptII/ptolemy/actor/lib/test/auto/TestExceptionAttribute1.xml
2 ms. Memory: 484352K Free: 357679K (74%)
----------------- Invoking toplevel() on ptolemy.moml.MoMLSimpleApplication@187a00fc
----------------- Done invoking toplevel() on ptolemy.moml.MoMLSimpleApplication@187a00fc
reloadAllAccessors: .TestExceptionAttribute1

===========================================================================================
----------------- testing Wed Oct 30 06:14:28 UTC 2019 /home/travis/build/icyphy/ptII/ptolemy/actor/lib/test/auto/TestExceptionAttribute2.xml
----------------- Instantiating /home/travis/build/icyphy/ptII/ptolemy/actor/lib/test/auto/TestExceptionAttribute2.xml
1 ms. Memory: 484352K Free: 354093K (73%)
----------------- Invoking toplevel() on ptolemy.moml.MoMLSimpleApplication@30203b31
----------------- Done invoking toplevel() on ptolemy.moml.MoMLSimpleApplication@30203b31
reloadAllAccessors: .TestExceptionAttribute2

===========================================================================================
----------------- testing Wed Oct 30 06:14:28 UTC 2019 /home/travis/build/icyphy/ptII/ptolemy/actor/lib/test/auto/TestExceptionAttribute3.xml
----------------- Instantiating /home/travis/build/icyphy/ptII/ptolemy/actor/lib/test/auto/TestExceptionAttribute3.xml
.TestExceptionAttribute3.TestExceptionAttribute: initialize() was not invoked, but wrapup() was.  This is unusual, but not always a problem.  For example, exporting JNLP will do this.
1 ms. Memory: 484352K Free: 350511K (72%)
----------------- Invoking toplevel() on ptolemy.moml.MoMLSimpleApplication@4b237e4a
----------------- Done invoking toplevel() on ptolemy.moml.MoMLSimpleApplication@4b237e4a
reloadAllAccessors: .TestExceptionAttribute3

===========================================================================================
----------------- testing Wed Oct 30 06:14:28 UTC 2019 /home/travis/build/icyphy/ptII/ptolemy/actor/lib/test/auto/TestExceptionAttribute4.xml
----------------- Instantiating /home/travis/build/icyphy/ptII/ptolemy/actor/lib/test/auto/TestExceptionAttribute4.xml
.TestExceptionAttribute4.TestExceptionAttribute: initialize() was not invoked, but wrapup() was.  This is unusual, but not always a problem.  For example, exporting JNLP will do this.
.TestExceptionAttribute4.TestExceptionAttribute2: initialize() was not invoked, but wrapup() was.  This is unusual, but not always a problem.  For example, exporting JNLP will do this.
1 ms. Memory: 484352K Free: 346415K (72%)
----------------- Invoking toplevel() on ptolemy.moml.MoMLSimpleApplication@434233f1
----------------- Done invoking toplevel() on ptolemy.moml.MoMLSimpleApplication@434233f1
reloadAllAccessors: .TestExceptionAttribute4

===========================================================================================
----------------- testing Wed Oct 30 06:14:28 UTC 2019 /home/travis/build/icyphy/ptII/ptolemy/actor/lib/test/auto/TestExceptionHandler1.xml
----------------- Instantiating /home/travis/build/icyphy/ptII/ptolemy/actor/lib/test/auto/TestExceptionHandler1.xml
1 ms. Memory: 484352K Free: 342319K (71%)
----------------- Invoking toplevel() on ptolemy.moml.MoMLSimpleApplication@42f3eb9
----------------- Done invoking toplevel() on ptolemy.moml.MoMLSimpleApplication@42f3eb9
reloadAllAccessors: .TestExceptionHandler1

===========================================================================================
----------------- testing Wed Oct 30 06:14:28 UTC 2019 /home/travis/build/icyphy/ptII/ptolemy/actor/lib/test/auto/TestExceptionHandler2.xml
----------------- Instantiating /home/travis/build/icyphy/ptII/ptolemy/actor/lib/test/auto/TestExceptionHandler2.xml
1 ms. Memory: 484352K Free: 338733K (70%)
----------------- Invoking toplevel() on ptolemy.moml.MoMLSimpleApplication@4336c312
----------------- Done invoking toplevel() on ptolemy.moml.MoMLSimpleApplication@4336c312
reloadAllAccessors: .TestExceptionHandler2

===========================================================================================
----------------- testing Wed Oct 30 06:14:28 UTC 2019 /home/travis/build/icyphy/ptII/ptolemy/actor/lib/test/auto/TestExceptionHandler3.xml
----------------- Instantiating /home/travis/build/icyphy/ptII/ptolemy/actor/lib/test/auto/TestExceptionHandler3.xml
1 ms. Memory: 484352K Free: 335151K (69%)
----------------- Invoking toplevel() on ptolemy.moml.MoMLSimpleApplication@4a6c4676
----------------- Done invoking toplevel() on ptolemy.moml.MoMLSimpleApplication@4a6c4676
reloadAllAccessors: .TestExceptionHandler3

===========================================================================================
----------------- testing Wed Oct 30 06:14:28 UTC 2019 /home/travis/build/icyphy/ptII/ptolemy/actor/lib/test/auto/TestExceptionHandler4.xml
----------------- Instantiating /home/travis/build/icyphy/ptII/ptolemy/actor/lib/test/auto/TestExceptionHandler4.xml
1 ms. Memory: 484352K Free: 331055K (68%)
----------------- Invoking toplevel() on ptolemy.moml.MoMLSimpleApplication@1cd096a
----------------- Done invoking toplevel() on ptolemy.moml.MoMLSimpleApplication@1cd096a
reloadAllAccessors: .TestExceptionHandler4

===========================================================================================
----------------- testing Wed Oct 30 06:14:28 UTC 2019 /home/travis/build/icyphy/ptII/ptolemy/actor/lib/test/auto/TestRequireCorrectOrder.xml
----------------- Instantiating /home/travis/build/icyphy/ptII/ptolemy/actor/lib/test/auto/TestRequireCorrectOrder.xml
4 ms. Memory: 484352K Free: 325935K (67%)
----------------- Invoking toplevel() on ptolemy.moml.MoMLSimpleApplication@73bdcb35
----------------- Done invoking toplevel() on ptolemy.moml.MoMLSimpleApplication@73bdcb35
reloadAllAccessors: .TestRequireCorrectOrder

===========================================================================================
----------------- testing Wed Oct 30 06:14:28 UTC 2019 /home/travis/build/icyphy/ptII/ptolemy/actor/lib/test/auto/TestSimple.xml
----------------- Instantiating /home/travis/build/icyphy/ptII/ptolemy/actor/lib/test/auto/TestSimple.xml
2 ms. Memory: 484352K Free: 321319K (66%)
----------------- Invoking toplevel() on ptolemy.moml.MoMLSimpleApplication@5749730e
----------------- Done invoking toplevel() on ptolemy.moml.MoMLSimpleApplication@5749730e
reloadAllAccessors: .TestSimple

===========================================================================================
----------------- testing Wed Oct 30 06:14:28 UTC 2019 /home/travis/build/icyphy/ptII/ptolemy/actor/lib/test/auto/ThrowModelError.xml
----------------- Instantiating /home/travis/build/icyphy/ptII/ptolemy/actor/lib/test/auto/ThrowModelError.xml
1 ms. Memory: 484352K Free: 316719K (65%)
----------------- Invoking toplevel() on ptolemy.moml.MoMLSimpleApplication@2d70de4b
----------------- Done invoking toplevel() on ptolemy.moml.MoMLSimpleApplication@2d70de4b
reloadAllAccessors: .ThrowModelError

===========================================================================================
----------------- testing Wed Oct 30 06:14:28 UTC 2019 /home/travis/build/icyphy/ptII/ptolemy/actor/lib/test/auto/TimeDelayMicrosteps.xml
----------------- Instantiating /home/travis/build/icyphy/ptII/ptolemy/actor/lib/test/auto/TimeDelayMicrosteps.xml
9 ms. Memory: 484352K Free: 310055K (64%)
----------------- Invoking toplevel() on ptolemy.moml.MoMLSimpleApplication@283500b9
----------------- Done invoking toplevel() on ptolemy.moml.MoMLSimpleApplication@283500b9
reloadAllAccessors: .TimeDelayMicrosteps

===========================================================================================
----------------- testing Wed Oct 30 06:14:28 UTC 2019 /home/travis/build/icyphy/ptII/ptolemy/actor/lib/test/auto/TimeDelayMicrosteps2.xml
----------------- Instantiating /home/travis/build/icyphy/ptII/ptolemy/actor/lib/test/auto/TimeDelayMicrosteps2.xml
4 ms. Memory: 484352K Free: 302887K (63%)
----------------- Invoking toplevel() on ptolemy.moml.MoMLSimpleApplication@63e63506
----------------- Done invoking toplevel() on ptolemy.moml.MoMLSimpleApplication@63e63506
reloadAllAccessors: .TimeDelayMicrosteps2

===========================================================================================
----------------- testing Wed Oct 30 06:14:28 UTC 2019 /home/travis/build/icyphy/ptII/ptolemy/actor/lib/test/auto/TimeDelayMicrosteps3.xml
----------------- Instantiating /home/travis/build/icyphy/ptII/ptolemy/actor/lib/test/auto/TimeDelayMicrosteps3.xml
3 ms. Memory: 484352K Free: 296719K (61%)
----------------- Invoking toplevel() on ptolemy.moml.MoMLSimpleApplication@71e171d8
----------------- Done invoking toplevel() on ptolemy.moml.MoMLSimpleApplication@71e171d8
reloadAllAccessors: .TimeDelayMicrosteps3

===========================================================================================
----------------- testing Wed Oct 30 06:14:28 UTC 2019 /home/travis/build/icyphy/ptII/ptolemy/actor/lib/test/auto/TimeDelayVariableMicrosteps.xml
----------------- Instantiating /home/travis/build/icyphy/ptII/ptolemy/actor/lib/test/auto/TimeDelayVariableMicrosteps.xml
3 ms. Memory: 484352K Free: 289581K (60%)
----------------- Invoking toplevel() on ptolemy.moml.MoMLSimpleApplication@69b963f5
----------------- Done invoking toplevel() on ptolemy.moml.MoMLSimpleApplication@69b963f5
reloadAllAccessors: .TimeDelayVariableMicrosteps

===========================================================================================
----------------- testing Wed Oct 30 06:14:28 UTC 2019 /home/travis/build/icyphy/ptII/ptolemy/actor/lib/test/auto/TimeGap.xml
----------------- Instantiating /home/travis/build/icyphy/ptII/ptolemy/actor/lib/test/auto/TimeGap.xml
4 ms. Memory: 484352K Free: 284455K (59%)
----------------- Invoking toplevel() on ptolemy.moml.MoMLSimpleApplication@2f1e6a51
----------------- Done invoking toplevel() on ptolemy.moml.MoMLSimpleApplication@2f1e6a51
reloadAllAccessors: .TimeGap

===========================================================================================
----------------- testing Wed Oct 30 06:14:28 UTC 2019 /home/travis/build/icyphy/ptII/ptolemy/actor/lib/test/auto/TimeGap2.xml
----------------- Instantiating /home/travis/build/icyphy/ptII/ptolemy/actor/lib/test/auto/TimeGap2.xml
2 ms. Memory: 484352K Free: 278831K (58%)
----------------- Invoking toplevel() on ptolemy.moml.MoMLSimpleApplication@5bb3ecf9
----------------- Done invoking toplevel() on ptolemy.moml.MoMLSimpleApplication@5bb3ecf9
reloadAllAccessors: .TimeGap2

===========================================================================================
----------------- testing Wed Oct 30 06:14:28 UTC 2019 /home/travis/build/icyphy/ptII/ptolemy/actor/lib/test/auto/TimedSinewave.xml
----------------- Instantiating /home/travis/build/icyphy/ptII/ptolemy/actor/lib/test/auto/TimedSinewave.xml
31 ms. Memory: 484352K Free: 265005K (55%)
----------------- Invoking toplevel() on ptolemy.moml.MoMLSimpleApplication@3e5f5908
----------------- Done invoking toplevel() on ptolemy.moml.MoMLSimpleApplication@3e5f5908
reloadAllAccessors: .TimedSinewave

===========================================================================================
----------------- testing Wed Oct 30 06:14:28 UTC 2019 /home/travis/build/icyphy/ptII/ptolemy/actor/lib/test/auto/TimedSinewavePhase.xml
----------------- Instantiating /home/travis/build/icyphy/ptII/ptolemy/actor/lib/test/auto/TimedSinewavePhase.xml
11 ms. Memory: 484352K Free: 255279K (53%)
----------------- Invoking toplevel() on ptolemy.moml.MoMLSimpleApplication@7b84e884
----------------- Done invoking toplevel() on ptolemy.moml.MoMLSimpleApplication@7b84e884
reloadAllAccessors: .TimedSinewavePhase

===========================================================================================
----------------- testing Wed Oct 30 06:14:29 UTC 2019 /home/travis/build/icyphy/ptII/ptolemy/actor/lib/test/auto/Timer.xml
----------------- Instantiating /home/travis/build/icyphy/ptII/ptolemy/actor/lib/test/auto/Timer.xml
4 ms. Memory: 484352K Free: 249639K (52%)
----------------- Invoking toplevel() on ptolemy.moml.MoMLSimpleApplication@5b7d41d4
----------------- Done invoking toplevel() on ptolemy.moml.MoMLSimpleApplication@5b7d41d4
reloadAllAccessors: .Timer

===========================================================================================
----------------- testing Wed Oct 30 06:14:29 UTC 2019 /home/travis/build/icyphy/ptII/ptolemy/actor/lib/test/auto/TriangularDistTestModel.xml
----------------- Instantiating /home/travis/build/icyphy/ptII/ptolemy/actor/lib/test/auto/TriangularDistTestModel.xml
3 ms. Memory: 484352K Free: 244015K (50%)
----------------- Invoking toplevel() on ptolemy.moml.MoMLSimpleApplication@11586f33
----------------- Done invoking toplevel() on ptolemy.moml.MoMLSimpleApplication@11586f33
reloadAllAccessors: .TriangularDistTestModel

===========================================================================================
----------------- testing Wed Oct 30 06:14:29 UTC 2019 /home/travis/build/icyphy/ptII/ptolemy/actor/lib/test/auto/TrigFunction.xml
----------------- Instantiating /home/travis/build/icyphy/ptII/ptolemy/actor/lib/test/auto/TrigFunction.xml
2 ms. Memory: 484352K Free: 239405K (49%)
----------------- Invoking toplevel() on ptolemy.moml.MoMLSimpleApplication@4ff12dc0
----------------- Done invoking toplevel() on ptolemy.moml.MoMLSimpleApplication@4ff12dc0
reloadAllAccessors: .TrigFunction

===========================================================================================
----------------- testing Wed Oct 30 06:14:29 UTC 2019 /home/travis/build/icyphy/ptII/ptolemy/actor/lib/test/auto/TrigFunctionDE.xml
----------------- Instantiating /home/travis/build/icyphy/ptII/ptolemy/actor/lib/test/auto/TrigFunctionDE.xml
3 ms. Memory: 484352K Free: 233247K (48%)
----------------- Invoking toplevel() on ptolemy.moml.MoMLSimpleApplication@6e353f88
----------------- Done invoking toplevel() on ptolemy.moml.MoMLSimpleApplication@6e353f88
reloadAllAccessors: .TrigFunctionDE

===========================================================================================
----------------- testing Wed Oct 30 06:14:29 UTC 2019 /home/travis/build/icyphy/ptII/ptolemy/actor/lib/test/auto/TrigFunctionInverse.xml
----------------- Instantiating /home/travis/build/icyphy/ptII/ptolemy/actor/lib/test/auto/TrigFunctionInverse.xml
2 ms. Memory: 484352K Free: 228141K (47%)
----------------- Invoking toplevel() on ptolemy.moml.MoMLSimpleApplication@d642fe4
----------------- Done invoking toplevel() on ptolemy.moml.MoMLSimpleApplication@d642fe4
reloadAllAccessors: .TrigFunctionInverse

===========================================================================================
----------------- testing Wed Oct 30 06:14:29 UTC 2019 /home/travis/build/icyphy/ptII/ptolemy/actor/lib/test/auto/TrigFunctionTan.xml
----------------- Instantiating /home/travis/build/icyphy/ptII/ptolemy/actor/lib/test/auto/TrigFunctionTan.xml
5 ms. Memory: 484352K Free: 223021K (46%)
----------------- Invoking toplevel() on ptolemy.moml.MoMLSimpleApplication@662f7f68
----------------- Done invoking toplevel() on ptolemy.moml.MoMLSimpleApplication@662f7f68
reloadAllAccessors: .TrigFunctionTan

===========================================================================================
----------------- testing Wed Oct 30 06:14:29 UTC 2019 /home/travis/build/icyphy/ptII/ptolemy/actor/lib/test/auto/TriggeredClock.xml
----------------- Instantiating /home/travis/build/icyphy/ptII/ptolemy/actor/lib/test/auto/TriggeredClock.xml
2 ms. Memory: 484352K Free: 217887K (45%)
----------------- Invoking toplevel() on ptolemy.moml.MoMLSimpleApplication@3aed2031
----------------- Done invoking toplevel() on ptolemy.moml.MoMLSimpleApplication@3aed2031
reloadAllAccessors: .TriggeredClock

===========================================================================================
----------------- testing Wed Oct 30 06:14:29 UTC 2019 /home/travis/build/icyphy/ptII/ptolemy/actor/lib/test/auto/URLDirectoryReader.xml
----------------- Instantiating /home/travis/build/icyphy/ptII/ptolemy/actor/lib/test/auto/URLDirectoryReader.xml
28 ms. Memory: 484352K Free: 208175K (43%)
----------------- Invoking toplevel() on ptolemy.moml.MoMLSimpleApplication@2696f338
----------------- Done invoking toplevel() on ptolemy.moml.MoMLSimpleApplication@2696f338
reloadAllAccessors: .URLDirectoryReader

===========================================================================================
----------------- testing Wed Oct 30 06:14:29 UTC 2019 /home/travis/build/icyphy/ptII/ptolemy/actor/lib/test/auto/URLDirectoryReader3.xml
----------------- Instantiating /home/travis/build/icyphy/ptII/ptolemy/actor/lib/test/auto/URLDirectoryReader3.xml
1225 ms. Memory: 484352K Free: 426704K (88%)
----------------- Invoking toplevel() on ptolemy.moml.MoMLSimpleApplication@5778e1dc
----------------- Done invoking toplevel() on ptolemy.moml.MoMLSimpleApplication@5778e1dc
reloadAllAccessors: .URLDirectoryReader3

===========================================================================================
----------------- testing Wed Oct 30 06:14:30 UTC 2019 /home/travis/build/icyphy/ptII/ptolemy/actor/lib/test/auto/UnaryMathFunction.xml
----------------- Instantiating /home/travis/build/icyphy/ptII/ptolemy/actor/lib/test/auto/UnaryMathFunction.xml
3 ms. Memory: 484352K Free: 418904K (86%)
----------------- Invoking toplevel() on ptolemy.moml.MoMLSimpleApplication@448e7457
----------------- Done invoking toplevel() on ptolemy.moml.MoMLSimpleApplication@448e7457
reloadAllAccessors: .UnaryMathFunction

===========================================================================================
----------------- testing Wed Oct 30 06:14:30 UTC 2019 /home/travis/build/icyphy/ptII/ptolemy/actor/lib/test/auto/Uniform.xml
----------------- Instantiating /home/travis/build/icyphy/ptII/ptolemy/actor/lib/test/auto/Uniform.xml
2 ms. Memory: 484352K Free: 414294K (86%)
----------------- Invoking toplevel() on ptolemy.moml.MoMLSimpleApplication@11b57ea1
----------------- Done invoking toplevel() on ptolemy.moml.MoMLSimpleApplication@11b57ea1
reloadAllAccessors: .Uniform

===========================================================================================
----------------- testing Wed Oct 30 06:14:30 UTC 2019 /home/travis/build/icyphy/ptII/ptolemy/actor/lib/test/auto/UnionDisassemblerTest.xml
----------------- Instantiating /home/travis/build/icyphy/ptII/ptolemy/actor/lib/test/auto/UnionDisassemblerTest.xml
19 ms. Memory: 484352K Free: 410712K (85%)
----------------- Invoking toplevel() on ptolemy.moml.MoMLSimpleApplication@68880ca5
----------------- Done invoking toplevel() on ptolemy.moml.MoMLSimpleApplication@68880ca5
reloadAllAccessors: .UnionDisassemblerTest

===========================================================================================
----------------- testing Wed Oct 30 06:14:30 UTC 2019 /home/travis/build/icyphy/ptII/ptolemy/actor/lib/test/auto/UtilityFunctions.xml
----------------- Instantiating /home/travis/build/icyphy/ptII/ptolemy/actor/lib/test/auto/UtilityFunctions.xml
2 ms. Memory: 484352K Free: 406616K (84%)
----------------- Invoking toplevel() on ptolemy.moml.MoMLSimpleApplication@30da5db1
----------------- Done invoking toplevel() on ptolemy.moml.MoMLSimpleApplication@30da5db1
reloadAllAccessors: .UtilityFunctions

===========================================================================================
----------------- testing Wed Oct 30 06:14:30 UTC 2019 /home/travis/build/icyphy/ptII/ptolemy/actor/lib/test/auto/VariableSleep.xml
----------------- Instantiating /home/travis/build/icyphy/ptII/ptolemy/actor/lib/test/auto/VariableSleep.xml
504 ms. Memory: 484352K Free: 400982K (83%)
----------------- Invoking toplevel() on ptolemy.moml.MoMLSimpleApplication@2a064df1
----------------- Done invoking toplevel() on ptolemy.moml.MoMLSimpleApplication@2a064df1
reloadAllAccessors: .VariableSleep

===========================================================================================
----------------- testing Wed Oct 30 06:14:31 UTC 2019 /home/travis/build/icyphy/ptII/ptolemy/actor/lib/test/auto/VectorAssemblerDisassemblerCT.xml
----------------- Instantiating /home/travis/build/icyphy/ptII/ptolemy/actor/lib/test/auto/VectorAssemblerDisassemblerCT.xml
71 ms. Memory: 484352K Free: 381016K (79%)
----------------- Invoking toplevel() on ptolemy.moml.MoMLSimpleApplication@719cd5bd
----------------- Done invoking toplevel() on ptolemy.moml.MoMLSimpleApplication@719cd5bd
reloadAllAccessors: .VectorAssemblerDisassemblerCT

===========================================================================================
----------------- testing Wed Oct 30 06:14:31 UTC 2019 /home/travis/build/icyphy/ptII/ptolemy/actor/lib/test/auto/VectorAssemblerDisassemblerDE.xml
----------------- Instantiating /home/travis/build/icyphy/ptII/ptolemy/actor/lib/test/auto/VectorAssemblerDisassemblerDE.xml
2 ms. Memory: 484352K Free: 373848K (77%)
----------------- Invoking toplevel() on ptolemy.moml.MoMLSimpleApplication@aa3837e
----------------- Done invoking toplevel() on ptolemy.moml.MoMLSimpleApplication@aa3837e
reloadAllAccessors: .VectorAssemblerDisassemblerDE

===========================================================================================
----------------- testing Wed Oct 30 06:14:31 UTC 2019 /home/travis/build/icyphy/ptII/ptolemy/actor/lib/test/auto/VectorAssemblerDisassemblerSDF.xml
----------------- Instantiating /home/travis/build/icyphy/ptII/ptolemy/actor/lib/test/auto/VectorAssemblerDisassemblerSDF.xml
3 ms. Memory: 484352K Free: 367190K (76%)
----------------- Invoking toplevel() on ptolemy.moml.MoMLSimpleApplication@5d7f8e76
----------------- Done invoking toplevel() on ptolemy.moml.MoMLSimpleApplication@5d7f8e76
reloadAllAccessors: .VectorAssemblerDisassemblerSDF

===========================================================================================
----------------- testing Wed Oct 30 06:14:31 UTC 2019 /home/travis/build/icyphy/ptII/ptolemy/actor/lib/test/auto/WallClockTime.xml
----------------- Instantiating /home/travis/build/icyphy/ptII/ptolemy/actor/lib/test/auto/WallClockTime.xml
1005 ms. Memory: 484352K Free: 362070K (75%)
----------------- Invoking toplevel() on ptolemy.moml.MoMLSimpleApplication@248e135
----------------- Done invoking toplevel() on ptolemy.moml.MoMLSimpleApplication@248e135
reloadAllAccessors: .WallClockTime

===========================================================================================
----------------- testing Wed Oct 30 06:14:32 UTC 2019 /home/travis/build/icyphy/ptII/ptolemy/actor/lib/test/auto/WidthTestWithSubscriberPublisher.xml
----------------- Instantiating /home/travis/build/icyphy/ptII/ptolemy/actor/lib/test/auto/WidthTestWithSubscriberPublisher.xml
8 ms. Memory: 484352K Free: 344152K (71%)
----------------- Invoking toplevel() on ptolemy.moml.MoMLSimpleApplication@24ea3bed
----------------- Done invoking toplevel() on ptolemy.moml.MoMLSimpleApplication@24ea3bed
reloadAllAccessors: .WidthTestWithSubscriberPublisher

===========================================================================================
----------------- testing Wed Oct 30 06:14:32 UTC 2019 /home/travis/build/icyphy/ptII/ptolemy/actor/lib/test/auto/WidthTestWithSubscriberPublisher2.xml
----------------- Instantiating /home/travis/build/icyphy/ptII/ptolemy/actor/lib/test/auto/WidthTestWithSubscriberPublisher2.xml
3 ms. Memory: 484352K Free: 336984K (70%)
----------------- Invoking toplevel() on ptolemy.moml.MoMLSimpleApplication@608294d
----------------- Done invoking toplevel() on ptolemy.moml.MoMLSimpleApplication@608294d
reloadAllAccessors: .WidthTestWithSubscriberPublisher2

===========================================================================================
----------------- testing Wed Oct 30 06:14:32 UTC 2019 /home/travis/build/icyphy/ptII/ptolemy/actor/lib/test/auto/WidthTestWithSubscriberPublisher3.xml
----------------- Instantiating /home/travis/build/icyphy/ptII/ptolemy/actor/lib/test/auto/WidthTestWithSubscriberPublisher3.xml
2 ms. Memory: 484352K Free: 331350K (68%)
----------------- Invoking toplevel() on ptolemy.moml.MoMLSimpleApplication@4aae81e8
----------------- Done invoking toplevel() on ptolemy.moml.MoMLSimpleApplication@4aae81e8
reloadAllAccessors: .WidthTestWithSubscriberPublisher3

===========================================================================================
----------------- testing Wed Oct 30 06:14:32 UTC 2019 /home/travis/build/icyphy/ptII/ptolemy/actor/lib/test/auto/Writer.xml
----------------- Instantiating /home/travis/build/icyphy/ptII/ptolemy/actor/lib/test/auto/Writer.xml
0
1
2
3
4
1 ms. Memory: 484352K Free: 327223K (68%)
----------------- Invoking toplevel() on ptolemy.moml.MoMLSimpleApplication@2ee2b54
----------------- Done invoking toplevel() on ptolemy.moml.MoMLSimpleApplication@2ee2b54
reloadAllAccessors: .Writer

===========================================================================================
----------------- testing Wed Oct 30 06:14:32 UTC 2019 /home/travis/build/icyphy/ptII/ptolemy/actor/lib/test/auto/array.xml
----------------- Instantiating /home/travis/build/icyphy/ptII/ptolemy/actor/lib/test/auto/array.xml
3 ms. Memory: 484352K Free: 322648K (67%)
----------------- Invoking toplevel() on ptolemy.moml.MoMLSimpleApplication@5b3f2f14
----------------- Done invoking toplevel() on ptolemy.moml.MoMLSimpleApplication@5b3f2f14
reloadAllAccessors: .array

===========================================================================================
----------------- testing Wed Oct 30 06:14:32 UTC 2019 /home/travis/build/icyphy/ptII/ptolemy/actor/lib/test/auto/array2.xml
----------------- Instantiating /home/travis/build/icyphy/ptII/ptolemy/actor/lib/test/auto/array2.xml
5 ms. Memory: 484352K Free: 318023K (66%)
----------------- Invoking toplevel() on ptolemy.moml.MoMLSimpleApplication@90e5621
----------------- Done invoking toplevel() on ptolemy.moml.MoMLSimpleApplication@90e5621
reloadAllAccessors: .array2

===========================================================================================
----------------- testing Wed Oct 30 06:14:32 UTC 2019 /home/travis/build/icyphy/ptII/ptolemy/actor/lib/test/auto/arrayType.xml
----------------- Instantiating /home/travis/build/icyphy/ptII/ptolemy/actor/lib/test/auto/arrayType.xml
4 ms. Memory: 484352K Free: 312408K (65%)
----------------- Invoking toplevel() on ptolemy.moml.MoMLSimpleApplication@46a5a354
----------------- Done invoking toplevel() on ptolemy.moml.MoMLSimpleApplication@46a5a354
reloadAllAccessors: .arrayType

===========================================================================================
----------------- testing Wed Oct 30 06:14:32 UTC 2019 /home/travis/build/icyphy/ptII/ptolemy/actor/lib/test/auto/arrayType10.xml
----------------- Instantiating /home/travis/build/icyphy/ptII/ptolemy/actor/lib/test/auto/arrayType10.xml
2 ms. Memory: 484352K Free: 307798K (64%)
----------------- Invoking toplevel() on ptolemy.moml.MoMLSimpleApplication@33df0d79
----------------- Done invoking toplevel() on ptolemy.moml.MoMLSimpleApplication@33df0d79
reloadAllAccessors: .arrayType10

===========================================================================================
----------------- testing Wed Oct 30 06:14:32 UTC 2019 /home/travis/build/icyphy/ptII/ptolemy/actor/lib/test/auto/arrayType11.xml
----------------- Instantiating /home/travis/build/icyphy/ptII/ptolemy/actor/lib/test/auto/arrayType11.xml
2 ms. Memory: 484352K Free: 303192K (63%)
----------------- Invoking toplevel() on ptolemy.moml.MoMLSimpleApplication@1951fe52
----------------- Done invoking toplevel() on ptolemy.moml.MoMLSimpleApplication@1951fe52
reloadAllAccessors: .arrayType11

===========================================================================================
----------------- testing Wed Oct 30 06:14:32 UTC 2019 /home/travis/build/icyphy/ptII/ptolemy/actor/lib/test/auto/arrayType12.xml
----------------- Instantiating /home/travis/build/icyphy/ptII/ptolemy/actor/lib/test/auto/arrayType12.xml
2 ms. Memory: 484352K Free: 298582K (62%)
----------------- Invoking toplevel() on ptolemy.moml.MoMLSimpleApplication@38b4d469
----------------- Done invoking toplevel() on ptolemy.moml.MoMLSimpleApplication@38b4d469
reloadAllAccessors: .arrayType12

===========================================================================================
----------------- testing Wed Oct 30 06:14:32 UTC 2019 /home/travis/build/icyphy/ptII/ptolemy/actor/lib/test/auto/arrayType13.xml
----------------- Instantiating /home/travis/build/icyphy/ptII/ptolemy/actor/lib/test/auto/arrayType13.xml
2 ms. Memory: 484352K Free: 292952K (60%)
----------------- Invoking toplevel() on ptolemy.moml.MoMLSimpleApplication@46de0a37
----------------- Done invoking toplevel() on ptolemy.moml.MoMLSimpleApplication@46de0a37
reloadAllAccessors: .arrayType13

===========================================================================================
----------------- testing Wed Oct 30 06:14:32 UTC 2019 /home/travis/build/icyphy/ptII/ptolemy/actor/lib/test/auto/arrayType14.xml
----------------- Instantiating /home/travis/build/icyphy/ptII/ptolemy/actor/lib/test/auto/arrayType14.xml
2 ms. Memory: 484352K Free: 287318K (59%)
----------------- Invoking toplevel() on ptolemy.moml.MoMLSimpleApplication@98f7878
----------------- Done invoking toplevel() on ptolemy.moml.MoMLSimpleApplication@98f7878
reloadAllAccessors: .arrayType14

===========================================================================================
----------------- testing Wed Oct 30 06:14:32 UTC 2019 /home/travis/build/icyphy/ptII/ptolemy/actor/lib/test/auto/arrayType15.xml
----------------- Instantiating /home/travis/build/icyphy/ptII/ptolemy/actor/lib/test/auto/arrayType15.xml
3 ms. Memory: 484352K Free: 282198K (58%)
----------------- Invoking toplevel() on ptolemy.moml.MoMLSimpleApplication@1e5643ed
----------------- Done invoking toplevel() on ptolemy.moml.MoMLSimpleApplication@1e5643ed
reloadAllAccessors: .arrayType15

===========================================================================================
----------------- testing Wed Oct 30 06:14:32 UTC 2019 /home/travis/build/icyphy/ptII/ptolemy/actor/lib/test/auto/arrayType16.xml
----------------- Instantiating /home/travis/build/icyphy/ptII/ptolemy/actor/lib/test/auto/arrayType16.xml
6 ms. Memory: 484352K Free: 277078K (57%)
----------------- Invoking toplevel() on ptolemy.moml.MoMLSimpleApplication@8ab7fd2
----------------- Done invoking toplevel() on ptolemy.moml.MoMLSimpleApplication@8ab7fd2
reloadAllAccessors: .arrayType16

===========================================================================================
----------------- testing Wed Oct 30 06:14:32 UTC 2019 /home/travis/build/icyphy/ptII/ptolemy/actor/lib/test/auto/arrayType17.xml
----------------- Instantiating /home/travis/build/icyphy/ptII/ptolemy/actor/lib/test/auto/arrayType17.xml
2 ms. Memory: 484352K Free: 271958K (56%)
----------------- Invoking toplevel() on ptolemy.moml.MoMLSimpleApplication@54852cf6
----------------- Done invoking toplevel() on ptolemy.moml.MoMLSimpleApplication@54852cf6
reloadAllAccessors: .arrayType17

===========================================================================================
----------------- testing Wed Oct 30 06:14:32 UTC 2019 /home/travis/build/icyphy/ptII/ptolemy/actor/lib/test/auto/arrayType18.xml
----------------- Instantiating /home/travis/build/icyphy/ptII/ptolemy/actor/lib/test/auto/arrayType18.xml
3 ms. Memory: 484352K Free: 267352K (55%)
----------------- Invoking toplevel() on ptolemy.moml.MoMLSimpleApplication@5e3e7fa5
----------------- Done invoking toplevel() on ptolemy.moml.MoMLSimpleApplication@5e3e7fa5
reloadAllAccessors: .arrayType18

===========================================================================================
----------------- testing Wed Oct 30 06:14:32 UTC 2019 /home/travis/build/icyphy/ptII/ptolemy/actor/lib/test/auto/arrayType19.xml
----------------- Instantiating /home/travis/build/icyphy/ptII/ptolemy/actor/lib/test/auto/arrayType19.xml
2 ms. Memory: 484352K Free: 262232K (54%)
----------------- Invoking toplevel() on ptolemy.moml.MoMLSimpleApplication@2953d12b
----------------- Done invoking toplevel() on ptolemy.moml.MoMLSimpleApplication@2953d12b
reloadAllAccessors: .arrayType19

===========================================================================================
----------------- testing Wed Oct 30 06:14:32 UTC 2019 /home/travis/build/icyphy/ptII/ptolemy/actor/lib/test/auto/arrayType2.xml
----------------- Instantiating /home/travis/build/icyphy/ptII/ptolemy/actor/lib/test/auto/arrayType2.xml
2 ms. Memory: 484352K Free: 257112K (53%)
----------------- Invoking toplevel() on ptolemy.moml.MoMLSimpleApplication@71776a6a
----------------- Done invoking toplevel() on ptolemy.moml.MoMLSimpleApplication@71776a6a
reloadAllAccessors: .arrayType2

===========================================================================================
----------------- testing Wed Oct 30 06:14:32 UTC 2019 /home/travis/build/icyphy/ptII/ptolemy/actor/lib/test/auto/arrayType20.xml
----------------- Instantiating /home/travis/build/icyphy/ptII/ptolemy/actor/lib/test/auto/arrayType20.xml
3 ms. Memory: 484352K Free: 252502K (52%)
----------------- Invoking toplevel() on ptolemy.moml.MoMLSimpleApplication@61f029fe
----------------- Done invoking toplevel() on ptolemy.moml.MoMLSimpleApplication@61f029fe
reloadAllAccessors: .arrayType20

===========================================================================================
----------------- testing Wed Oct 30 06:14:32 UTC 2019 /home/travis/build/icyphy/ptII/ptolemy/actor/lib/test/auto/arrayType21.xml
----------------- Instantiating /home/travis/build/icyphy/ptII/ptolemy/actor/lib/test/auto/arrayType21.xml
2 ms. Memory: 484352K Free: 247896K (51%)
----------------- Invoking toplevel() on ptolemy.moml.MoMLSimpleApplication@2b0671ab
----------------- Done invoking toplevel() on ptolemy.moml.MoMLSimpleApplication@2b0671ab
reloadAllAccessors: .arrayType21

===========================================================================================
----------------- testing Wed Oct 30 06:14:32 UTC 2019 /home/travis/build/icyphy/ptII/ptolemy/actor/lib/test/auto/arrayType22.xml
----------------- Instantiating /home/travis/build/icyphy/ptII/ptolemy/actor/lib/test/auto/arrayType22.xml
1 ms. Memory: 484352K Free: 243286K (50%)
----------------- Invoking toplevel() on ptolemy.moml.MoMLSimpleApplication@37df46d5
----------------- Done invoking toplevel() on ptolemy.moml.MoMLSimpleApplication@37df46d5
reloadAllAccessors: .arrayType22

===========================================================================================
----------------- testing Wed Oct 30 06:14:32 UTC 2019 /home/travis/build/icyphy/ptII/ptolemy/actor/lib/test/auto/arrayType23.xml
----------------- Instantiating /home/travis/build/icyphy/ptII/ptolemy/actor/lib/test/auto/arrayType23.xml
3 ms. Memory: 484352K Free: 238166K (49%)
----------------- Invoking toplevel() on ptolemy.moml.MoMLSimpleApplication@77e54f7e
----------------- Done invoking toplevel() on ptolemy.moml.MoMLSimpleApplication@77e54f7e
reloadAllAccessors: .arrayType23

===========================================================================================
----------------- testing Wed Oct 30 06:14:33 UTC 2019 /home/travis/build/icyphy/ptII/ptolemy/actor/lib/test/auto/arrayType24.xml
----------------- Instantiating /home/travis/build/icyphy/ptII/ptolemy/actor/lib/test/auto/arrayType24.xml
2 ms. Memory: 484352K Free: 233560K (48%)
----------------- Invoking toplevel() on ptolemy.moml.MoMLSimpleApplication@6b720ca9
----------------- Done invoking toplevel() on ptolemy.moml.MoMLSimpleApplication@6b720ca9
reloadAllAccessors: .arrayType24

===========================================================================================
----------------- testing Wed Oct 30 06:14:33 UTC 2019 /home/travis/build/icyphy/ptII/ptolemy/actor/lib/test/auto/arrayType25.xml
----------------- Instantiating /home/travis/build/icyphy/ptII/ptolemy/actor/lib/test/auto/arrayType25.xml
2 ms. Memory: 484352K Free: 228440K (47%)
----------------- Invoking toplevel() on ptolemy.moml.MoMLSimpleApplication@3c556eba
----------------- Done invoking toplevel() on ptolemy.moml.MoMLSimpleApplication@3c556eba
reloadAllAccessors: .arrayType25

===========================================================================================
----------------- testing Wed Oct 30 06:14:33 UTC 2019 /home/travis/build/icyphy/ptII/ptolemy/actor/lib/test/auto/arrayType26.xml
----------------- Instantiating /home/travis/build/icyphy/ptII/ptolemy/actor/lib/test/auto/arrayType26.xml
2 ms. Memory: 484352K Free: 223320K (46%)
----------------- Invoking toplevel() on ptolemy.moml.MoMLSimpleApplication@503bc603
----------------- Done invoking toplevel() on ptolemy.moml.MoMLSimpleApplication@503bc603
reloadAllAccessors: .arrayType26

===========================================================================================
----------------- testing Wed Oct 30 06:14:33 UTC 2019 /home/travis/build/icyphy/ptII/ptolemy/actor/lib/test/auto/arrayType27.xml
----------------- Instantiating /home/travis/build/icyphy/ptII/ptolemy/actor/lib/test/auto/arrayType27.xml
4 ms. Memory: 484352K Free: 217671K (45%)
----------------- Invoking toplevel() on ptolemy.moml.MoMLSimpleApplication@485bdf9b
----------------- Done invoking toplevel() on ptolemy.moml.MoMLSimpleApplication@485bdf9b
reloadAllAccessors: .arrayType27

===========================================================================================
----------------- testing Wed Oct 30 06:14:33 UTC 2019 /home/travis/build/icyphy/ptII/ptolemy/actor/lib/test/auto/arrayType28.xml
----------------- Instantiating /home/travis/build/icyphy/ptII/ptolemy/actor/lib/test/auto/arrayType28.xml
2 ms. Memory: 484352K Free: 212566K (44%)
----------------- Invoking toplevel() on ptolemy.moml.MoMLSimpleApplication@21a82fce
----------------- Done invoking toplevel() on ptolemy.moml.MoMLSimpleApplication@21a82fce
reloadAllAccessors: .arrayType28

===========================================================================================
----------------- testing Wed Oct 30 06:14:33 UTC 2019 /home/travis/build/icyphy/ptII/ptolemy/actor/lib/test/auto/arrayType3.xml
----------------- Instantiating /home/travis/build/icyphy/ptII/ptolemy/actor/lib/test/auto/arrayType3.xml
8 ms. Memory: 484352K Free: 207446K (43%)
----------------- Invoking toplevel() on ptolemy.moml.MoMLSimpleApplication@11d31141
----------------- Done invoking toplevel() on ptolemy.moml.MoMLSimpleApplication@11d31141
reloadAllAccessors: .arrayType3

===========================================================================================
----------------- testing Wed Oct 30 06:14:33 UTC 2019 /home/travis/build/icyphy/ptII/ptolemy/actor/lib/test/auto/arrayType4.xml
----------------- Instantiating /home/travis/build/icyphy/ptII/ptolemy/actor/lib/test/auto/arrayType4.xml
2 ms. Memory: 484352K Free: 202326K (42%)
----------------- Invoking toplevel() on ptolemy.moml.MoMLSimpleApplication@72376bb9
----------------- Done invoking toplevel() on ptolemy.moml.MoMLSimpleApplication@72376bb9
reloadAllAccessors: .arrayType4

===========================================================================================
----------------- testing Wed Oct 30 06:14:33 UTC 2019 /home/travis/build/icyphy/ptII/ptolemy/actor/lib/test/auto/arrayType5.xml
----------------- Instantiating /home/travis/build/icyphy/ptII/ptolemy/actor/lib/test/auto/arrayType5.xml
2 ms. Memory: 484352K Free: 196696K (41%)
----------------- Invoking toplevel() on ptolemy.moml.MoMLSimpleApplication@771d7f39
----------------- Done invoking toplevel() on ptolemy.moml.MoMLSimpleApplication@771d7f39
reloadAllAccessors: .arrayType5

===========================================================================================
----------------- testing Wed Oct 30 06:14:33 UTC 2019 /home/travis/build/icyphy/ptII/ptolemy/actor/lib/test/auto/arrayType6.xml
----------------- Instantiating /home/travis/build/icyphy/ptII/ptolemy/actor/lib/test/auto/arrayType6.xml
2 ms. Memory: 484352K Free: 192086K (40%)
----------------- Invoking toplevel() on ptolemy.moml.MoMLSimpleApplication@47bb3083
----------------- Done invoking toplevel() on ptolemy.moml.MoMLSimpleApplication@47bb3083
reloadAllAccessors: .arrayType6

===========================================================================================
----------------- testing Wed Oct 30 06:14:33 UTC 2019 /home/travis/build/icyphy/ptII/ptolemy/actor/lib/test/auto/arrayType7.xml
----------------- Instantiating /home/travis/build/icyphy/ptII/ptolemy/actor/lib/test/auto/arrayType7.xml
2 ms. Memory: 484352K Free: 187480K (39%)
----------------- Invoking toplevel() on ptolemy.moml.MoMLSimpleApplication@88266da
----------------- Done invoking toplevel() on ptolemy.moml.MoMLSimpleApplication@88266da
reloadAllAccessors: .arrayType7

===========================================================================================
----------------- testing Wed Oct 30 06:14:33 UTC 2019 /home/travis/build/icyphy/ptII/ptolemy/actor/lib/test/auto/arrayType8.xml
----------------- Instantiating /home/travis/build/icyphy/ptII/ptolemy/actor/lib/test/auto/arrayType8.xml
2 ms. Memory: 484352K Free: 182870K (38%)
----------------- Invoking toplevel() on ptolemy.moml.MoMLSimpleApplication@4e1723a9
----------------- Done invoking toplevel() on ptolemy.moml.MoMLSimpleApplication@4e1723a9
reloadAllAccessors: .arrayType8

===========================================================================================
----------------- testing Wed Oct 30 06:14:33 UTC 2019 /home/travis/build/icyphy/ptII/ptolemy/actor/lib/test/auto/arrayType9.xml
----------------- Instantiating /home/travis/build/icyphy/ptII/ptolemy/actor/lib/test/auto/arrayType9.xml
7 ms. Memory: 484352K Free: 177240K (37%)
----------------- Invoking toplevel() on ptolemy.moml.MoMLSimpleApplication@47a041f
----------------- Done invoking toplevel() on ptolemy.moml.MoMLSimpleApplication@47a041f
reloadAllAccessors: .arrayType9

===========================================================================================
----------------- testing Wed Oct 30 06:14:33 UTC 2019 /home/travis/build/icyphy/ptII/ptolemy/actor/lib/test/auto/cast.xml
----------------- Instantiating /home/travis/build/icyphy/ptII/ptolemy/actor/lib/test/auto/cast.xml
2 ms. Memory: 484352K Free: 172630K (36%)
----------------- Invoking toplevel() on ptolemy.moml.MoMLSimpleApplication@52ac6335
----------------- Done invoking toplevel() on ptolemy.moml.MoMLSimpleApplication@52ac6335
reloadAllAccessors: .cast

===========================================================================================
----------------- testing Wed Oct 30 06:14:33 UTC 2019 /home/travis/build/icyphy/ptII/ptolemy/actor/lib/test/auto/compositeMultiPort.xml
----------------- Instantiating /home/travis/build/icyphy/ptII/ptolemy/actor/lib/test/auto/compositeMultiPort.xml
3 ms. Memory: 484352K Free: 163928K (34%)
----------------- Invoking toplevel() on ptolemy.moml.MoMLSimpleApplication@730f983c
----------------- Done invoking toplevel() on ptolemy.moml.MoMLSimpleApplication@730f983c
reloadAllAccessors: .compositeMultiPort

===========================================================================================
----------------- testing Wed Oct 30 06:14:33 UTC 2019 /home/travis/build/icyphy/ptII/ptolemy/actor/lib/test/auto/expressionCastInference.xml
----------------- Instantiating /home/travis/build/icyphy/ptII/ptolemy/actor/lib/test/auto/expressionCastInference.xml
2 ms. Memory: 484352K Free: 158808K (33%)
----------------- Invoking toplevel() on ptolemy.moml.MoMLSimpleApplication@21a0bbb
----------------- Done invoking toplevel() on ptolemy.moml.MoMLSimpleApplication@21a0bbb
reloadAllAccessors: .expressionCastInference

===========================================================================================
----------------- testing Wed Oct 30 06:14:33 UTC 2019 /home/travis/build/icyphy/ptII/ptolemy/actor/lib/test/auto/expressionCastInference2.xml
----------------- Instantiating /home/travis/build/icyphy/ptII/ptolemy/actor/lib/test/auto/expressionCastInference2.xml
3 ms. Memory: 484352K Free: 154198K (32%)
----------------- Invoking toplevel() on ptolemy.moml.MoMLSimpleApplication@5747ded0
----------------- Done invoking toplevel() on ptolemy.moml.MoMLSimpleApplication@5747ded0
reloadAllAccessors: .expressionCastInference2

===========================================================================================
----------------- testing Wed Oct 30 06:14:33 UTC 2019 /home/travis/build/icyphy/ptII/ptolemy/actor/lib/test/auto/expressionInference.xml
----------------- Instantiating /home/travis/build/icyphy/ptII/ptolemy/actor/lib/test/auto/expressionInference.xml
1 ms. Memory: 484352K Free: 150102K (31%)
----------------- Invoking toplevel() on ptolemy.moml.MoMLSimpleApplication@13c61569
----------------- Done invoking toplevel() on ptolemy.moml.MoMLSimpleApplication@13c61569
reloadAllAccessors: .expressionInference

===========================================================================================
----------------- testing Wed Oct 30 06:14:33 UTC 2019 /home/travis/build/icyphy/ptII/ptolemy/actor/lib/test/auto/expression_bug.xml
----------------- Instantiating /home/travis/build/icyphy/ptII/ptolemy/actor/lib/test/auto/expression_bug.xml
2 ms. Memory: 484352K Free: 428587K (88%)
----------------- Invoking toplevel() on ptolemy.moml.MoMLSimpleApplication@2ccd3b21
----------------- Done invoking toplevel() on ptolemy.moml.MoMLSimpleApplication@2ccd3b21
reloadAllAccessors: .expression_bug

===========================================================================================
----------------- testing Wed Oct 30 06:14:33 UTC 2019 /home/travis/build/icyphy/ptII/ptolemy/actor/lib/test/auto/factorial.xml
----------------- Instantiating /home/travis/build/icyphy/ptII/ptolemy/actor/lib/test/auto/factorial.xml
53 ms. Memory: 484352K Free: 419885K (87%)
----------------- Invoking toplevel() on ptolemy.moml.MoMLSimpleApplication@314f8842
----------------- Done invoking toplevel() on ptolemy.moml.MoMLSimpleApplication@314f8842
reloadAllAccessors: .factorial

===========================================================================================
----------------- testing Wed Oct 30 06:14:33 UTC 2019 /home/travis/build/icyphy/ptII/ptolemy/actor/lib/test/auto/filterTest1.xml
----------------- Instantiating /home/travis/build/icyphy/ptII/ptolemy/actor/lib/test/auto/filterTest1.xml
5 ms. Memory: 484352K Free: 414251K (86%)
----------------- Invoking toplevel() on ptolemy.moml.MoMLSimpleApplication@533c0784
----------------- Done invoking toplevel() on ptolemy.moml.MoMLSimpleApplication@533c0784
reloadAllAccessors: .filterTest1

===========================================================================================
----------------- testing Wed Oct 30 06:14:33 UTC 2019 /home/travis/build/icyphy/ptII/ptolemy/actor/lib/test/auto/funcApplyInConst.xml
----------------- Instantiating /home/travis/build/icyphy/ptII/ptolemy/actor/lib/test/auto/funcApplyInConst.xml
1 ms. Memory: 484352K Free: 410669K (85%)
----------------- Invoking toplevel() on ptolemy.moml.MoMLSimpleApplication@43b60a52
----------------- Done invoking toplevel() on ptolemy.moml.MoMLSimpleApplication@43b60a52
reloadAllAccessors: .funcApplyInConst

===========================================================================================
----------------- testing Wed Oct 30 06:14:33 UTC 2019 /home/travis/build/icyphy/ptII/ptolemy/actor/lib/test/auto/funcApplyInExpr.xml
----------------- Instantiating /home/travis/build/icyphy/ptII/ptolemy/actor/lib/test/auto/funcApplyInExpr.xml
2 ms. Memory: 484352K Free: 406573K (84%)
----------------- Invoking toplevel() on ptolemy.moml.MoMLSimpleApplication@3dd3d2b7
----------------- Done invoking toplevel() on ptolemy.moml.MoMLSimpleApplication@3dd3d2b7
reloadAllAccessors: .funcApplyInExpr

===========================================================================================
----------------- testing Wed Oct 30 06:14:33 UTC 2019 /home/travis/build/icyphy/ptII/ptolemy/actor/lib/test/auto/function.xml
----------------- Instantiating /home/travis/build/icyphy/ptII/ptolemy/actor/lib/test/auto/function.xml
2 ms. Memory: 484352K Free: 401963K (83%)
----------------- Invoking toplevel() on ptolemy.moml.MoMLSimpleApplication@217014ca
----------------- Done invoking toplevel() on ptolemy.moml.MoMLSimpleApplication@217014ca
reloadAllAccessors: .function

===========================================================================================
----------------- testing Wed Oct 30 06:14:33 UTC 2019 /home/travis/build/icyphy/ptII/ptolemy/actor/lib/test/auto/function2.xml
----------------- Instantiating /home/travis/build/icyphy/ptII/ptolemy/actor/lib/test/auto/function2.xml
24 ms. Memory: 484352K Free: 397357K (82%)
----------------- Invoking toplevel() on ptolemy.moml.MoMLSimpleApplication@3d43b162
----------------- Done invoking toplevel() on ptolemy.moml.MoMLSimpleApplication@3d43b162
reloadAllAccessors: .function2

===========================================================================================
----------------- testing Wed Oct 30 06:14:33 UTC 2019 /home/travis/build/icyphy/ptII/ptolemy/actor/lib/test/auto/function3.xml
----------------- Instantiating /home/travis/build/icyphy/ptII/ptolemy/actor/lib/test/auto/function3.xml
1 ms. Memory: 484352K Free: 393261K (81%)
----------------- Invoking toplevel() on ptolemy.moml.MoMLSimpleApplication@55f34d90
----------------- Done invoking toplevel() on ptolemy.moml.MoMLSimpleApplication@55f34d90
reloadAllAccessors: .function3

===========================================================================================
----------------- testing Wed Oct 30 06:14:33 UTC 2019 /home/travis/build/icyphy/ptII/ptolemy/actor/lib/test/auto/functionClosureTest1.xml
----------------- Instantiating /home/travis/build/icyphy/ptII/ptolemy/actor/lib/test/auto/functionClosureTest1.xml
2 ms. Memory: 484352K Free: 387621K (80%)
----------------- Invoking toplevel() on ptolemy.moml.MoMLSimpleApplication@4a5bf356
----------------- Done invoking toplevel() on ptolemy.moml.MoMLSimpleApplication@4a5bf356
reloadAllAccessors: .functionClosureTest1

===========================================================================================
----------------- testing Wed Oct 30 06:14:33 UTC 2019 /home/travis/build/icyphy/ptII/ptolemy/actor/lib/test/auto/functionClosureTest2.xml
----------------- Instantiating /home/travis/build/icyphy/ptII/ptolemy/actor/lib/test/auto/functionClosureTest2.xml
2 ms. Memory: 484352K Free: 384045K (79%)
----------------- Invoking toplevel() on ptolemy.moml.MoMLSimpleApplication@7a62614
----------------- Done invoking toplevel() on ptolemy.moml.MoMLSimpleApplication@7a62614
reloadAllAccessors: .functionClosureTest2

===========================================================================================
----------------- testing Wed Oct 30 06:14:33 UTC 2019 /home/travis/build/icyphy/ptII/ptolemy/actor/lib/test/auto/functionClosureTest3.xml
----------------- Instantiating /home/travis/build/icyphy/ptII/ptolemy/actor/lib/test/auto/functionClosureTest3.xml
2 ms. Memory: 484352K Free: 378925K (78%)
----------------- Invoking toplevel() on ptolemy.moml.MoMLSimpleApplication@7f05af42
----------------- Done invoking toplevel() on ptolemy.moml.MoMLSimpleApplication@7f05af42
reloadAllAccessors: .functionClosureTest3

===========================================================================================
----------------- testing Wed Oct 30 06:14:33 UTC 2019 /home/travis/build/icyphy/ptII/ptolemy/actor/lib/test/auto/functionClosureTest4.xml
----------------- Instantiating /home/travis/build/icyphy/ptII/ptolemy/actor/lib/test/auto/functionClosureTest4.xml
4 ms. Memory: 484352K Free: 372267K (77%)
----------------- Invoking toplevel() on ptolemy.moml.MoMLSimpleApplication@27e2118f
----------------- Done invoking toplevel() on ptolemy.moml.MoMLSimpleApplication@27e2118f
reloadAllAccessors: .functionClosureTest4

===========================================================================================
----------------- testing Wed Oct 30 06:14:33 UTC 2019 /home/travis/build/icyphy/ptII/ptolemy/actor/lib/test/auto/functionClosureTest5.xml
----------------- Instantiating /home/travis/build/icyphy/ptII/ptolemy/actor/lib/test/auto/functionClosureTest5.xml
3 ms. Memory: 484352K Free: 367133K (76%)
----------------- Invoking toplevel() on ptolemy.moml.MoMLSimpleApplication@793a5ad6
----------------- Done invoking toplevel() on ptolemy.moml.MoMLSimpleApplication@793a5ad6
reloadAllAccessors: .functionClosureTest5

===========================================================================================
----------------- testing Wed Oct 30 06:14:33 UTC 2019 /home/travis/build/icyphy/ptII/ptolemy/actor/lib/test/auto/functionClosureTest6.xml
----------------- Instantiating /home/travis/build/icyphy/ptII/ptolemy/actor/lib/test/auto/functionClosureTest6.xml
2 ms. Memory: 484352K Free: 362541K (75%)
----------------- Invoking toplevel() on ptolemy.moml.MoMLSimpleApplication@4fffa11d
----------------- Done invoking toplevel() on ptolemy.moml.MoMLSimpleApplication@4fffa11d
reloadAllAccessors: .functionClosureTest6

===========================================================================================
----------------- testing Wed Oct 30 06:14:33 UTC 2019 /home/travis/build/icyphy/ptII/ptolemy/actor/lib/test/auto/functionsOnArcs.xml
----------------- Instantiating /home/travis/build/icyphy/ptII/ptolemy/actor/lib/test/auto/functionsOnArcs.xml
2 ms. Memory: 484352K Free: 356907K (74%)
----------------- Invoking toplevel() on ptolemy.moml.MoMLSimpleApplication@7d63f661
----------------- Done invoking toplevel() on ptolemy.moml.MoMLSimpleApplication@7d63f661
reloadAllAccessors: .functionsOnArcs

===========================================================================================
----------------- testing Wed Oct 30 06:14:33 UTC 2019 /home/travis/build/icyphy/ptII/ptolemy/actor/lib/test/auto/functionsOnArcsHOF.xml
----------------- Instantiating /home/travis/build/icyphy/ptII/ptolemy/actor/lib/test/auto/functionsOnArcsHOF.xml
4 ms. Memory: 484352K Free: 351277K (73%)
----------------- Invoking toplevel() on ptolemy.moml.MoMLSimpleApplication@1a84357d
----------------- Done invoking toplevel() on ptolemy.moml.MoMLSimpleApplication@1a84357d
reloadAllAccessors: .functionsOnArcsHOF

===========================================================================================
----------------- testing Wed Oct 30 06:14:33 UTC 2019 /home/travis/build/icyphy/ptII/ptolemy/actor/lib/test/auto/logic.xml
----------------- Instantiating /home/travis/build/icyphy/ptII/ptolemy/actor/lib/test/auto/logic.xml
2 ms. Memory: 484352K Free: 344109K (71%)
----------------- Invoking toplevel() on ptolemy.moml.MoMLSimpleApplication@41da7215
----------------- Done invoking toplevel() on ptolemy.moml.MoMLSimpleApplication@41da7215
reloadAllAccessors: .logic

===========================================================================================
----------------- testing Wed Oct 30 06:14:33 UTC 2019 /home/travis/build/icyphy/ptII/ptolemy/actor/lib/test/auto/matrixType.xml
----------------- Instantiating /home/travis/build/icyphy/ptII/ptolemy/actor/lib/test/auto/matrixType.xml
1 ms. Memory: 484352K Free: 338461K (70%)
----------------- Invoking toplevel() on ptolemy.moml.MoMLSimpleApplication@47c7b69
----------------- Done invoking toplevel() on ptolemy.moml.MoMLSimpleApplication@47c7b69
reloadAllAccessors: .matrixType

===========================================================================================
----------------- testing Wed Oct 30 06:14:33 UTC 2019 /home/travis/build/icyphy/ptII/ptolemy/actor/lib/test/auto/matrixType10.xml
----------------- Instantiating /home/travis/build/icyphy/ptII/ptolemy/actor/lib/test/auto/matrixType10.xml
2 ms. Memory: 484352K Free: 333869K (69%)
----------------- Invoking toplevel() on ptolemy.moml.MoMLSimpleApplication@23118272
----------------- Done invoking toplevel() on ptolemy.moml.MoMLSimpleApplication@23118272
reloadAllAccessors: .matrixType10

===========================================================================================
----------------- testing Wed Oct 30 06:14:33 UTC 2019 /home/travis/build/icyphy/ptII/ptolemy/actor/lib/test/auto/matrixType11.xml
----------------- Instantiating /home/travis/build/icyphy/ptII/ptolemy/actor/lib/test/auto/matrixType11.xml
1 ms. Memory: 484352K Free: 329259K (68%)
----------------- Invoking toplevel() on ptolemy.moml.MoMLSimpleApplication@2471e355
----------------- Done invoking toplevel() on ptolemy.moml.MoMLSimpleApplication@2471e355
reloadAllAccessors: .matrixType11

===========================================================================================
----------------- testing Wed Oct 30 06:14:33 UTC 2019 /home/travis/build/icyphy/ptII/ptolemy/actor/lib/test/auto/matrixType12.xml
----------------- Instantiating /home/travis/build/icyphy/ptII/ptolemy/actor/lib/test/auto/matrixType12.xml
1 ms. Memory: 484352K Free: 324139K (67%)
----------------- Invoking toplevel() on ptolemy.moml.MoMLSimpleApplication@75ec5eb8
----------------- Done invoking toplevel() on ptolemy.moml.MoMLSimpleApplication@75ec5eb8
reloadAllAccessors: .matrixType12

===========================================================================================
----------------- testing Wed Oct 30 06:14:33 UTC 2019 /home/travis/build/icyphy/ptII/ptolemy/actor/lib/test/auto/matrixType13.xml
----------------- Instantiating /home/travis/build/icyphy/ptII/ptolemy/actor/lib/test/auto/matrixType13.xml
2 ms. Memory: 484352K Free: 319533K (66%)
----------------- Invoking toplevel() on ptolemy.moml.MoMLSimpleApplication@518c6325
----------------- Done invoking toplevel() on ptolemy.moml.MoMLSimpleApplication@518c6325
reloadAllAccessors: .matrixType13

===========================================================================================
----------------- testing Wed Oct 30 06:14:33 UTC 2019 /home/travis/build/icyphy/ptII/ptolemy/actor/lib/test/auto/matrixType14.xml
----------------- Instantiating /home/travis/build/icyphy/ptII/ptolemy/actor/lib/test/auto/matrixType14.xml
1 ms. Memory: 484352K Free: 314923K (65%)
----------------- Invoking toplevel() on ptolemy.moml.MoMLSimpleApplication@2503a76a
----------------- Done invoking toplevel() on ptolemy.moml.MoMLSimpleApplication@2503a76a
reloadAllAccessors: .matrixType14

===========================================================================================
----------------- testing Wed Oct 30 06:14:33 UTC 2019 /home/travis/build/icyphy/ptII/ptolemy/actor/lib/test/auto/matrixType2.xml
----------------- Instantiating /home/travis/build/icyphy/ptII/ptolemy/actor/lib/test/auto/matrixType2.xml
1 ms. Memory: 484352K Free: 309803K (64%)
----------------- Invoking toplevel() on ptolemy.moml.MoMLSimpleApplication@4c85e471
----------------- Done invoking toplevel() on ptolemy.moml.MoMLSimpleApplication@4c85e471
reloadAllAccessors: .matrixType2

===========================================================================================
----------------- testing Wed Oct 30 06:14:33 UTC 2019 /home/travis/build/icyphy/ptII/ptolemy/actor/lib/test/auto/matrixType3.xml
----------------- Instantiating /home/travis/build/icyphy/ptII/ptolemy/actor/lib/test/auto/matrixType3.xml
4 ms. Memory: 484352K Free: 305197K (63%)
----------------- Invoking toplevel() on ptolemy.moml.MoMLSimpleApplication@2f18d379
----------------- Done invoking toplevel() on ptolemy.moml.MoMLSimpleApplication@2f18d379
reloadAllAccessors: .matrixType3

===========================================================================================
----------------- testing Wed Oct 30 06:14:33 UTC 2019 /home/travis/build/icyphy/ptII/ptolemy/actor/lib/test/auto/matrixType4.xml
----------------- Instantiating /home/travis/build/icyphy/ptII/ptolemy/actor/lib/test/auto/matrixType4.xml
1 ms. Memory: 484352K Free: 300587K (62%)
----------------- Invoking toplevel() on ptolemy.moml.MoMLSimpleApplication@60e41d5b
----------------- Done invoking toplevel() on ptolemy.moml.MoMLSimpleApplication@60e41d5b
reloadAllAccessors: .matrixType4

===========================================================================================
----------------- testing Wed Oct 30 06:14:33 UTC 2019 /home/travis/build/icyphy/ptII/ptolemy/actor/lib/test/auto/matrixType5.xml
----------------- Instantiating /home/travis/build/icyphy/ptII/ptolemy/actor/lib/test/auto/matrixType5.xml
1 ms. Memory: 484352K Free: 295467K (61%)
----------------- Invoking toplevel() on ptolemy.moml.MoMLSimpleApplication@71826e3f
----------------- Done invoking toplevel() on ptolemy.moml.MoMLSimpleApplication@71826e3f
reloadAllAccessors: .matrixType5

===========================================================================================
----------------- testing Wed Oct 30 06:14:33 UTC 2019 /home/travis/build/icyphy/ptII/ptolemy/actor/lib/test/auto/matrixType6.xml
----------------- Instantiating /home/travis/build/icyphy/ptII/ptolemy/actor/lib/test/auto/matrixType6.xml
1 ms. Memory: 484352K Free: 290861K (60%)
----------------- Invoking toplevel() on ptolemy.moml.MoMLSimpleApplication@455053e5
----------------- Done invoking toplevel() on ptolemy.moml.MoMLSimpleApplication@455053e5
reloadAllAccessors: .matrixType6

===========================================================================================
----------------- testing Wed Oct 30 06:14:33 UTC 2019 /home/travis/build/icyphy/ptII/ptolemy/actor/lib/test/auto/matrixType7.xml
----------------- Instantiating /home/travis/build/icyphy/ptII/ptolemy/actor/lib/test/auto/matrixType7.xml
2 ms. Memory: 484352K Free: 285741K (59%)
----------------- Invoking toplevel() on ptolemy.moml.MoMLSimpleApplication@28a8152f
----------------- Done invoking toplevel() on ptolemy.moml.MoMLSimpleApplication@28a8152f
reloadAllAccessors: .matrixType7

===========================================================================================
----------------- testing Wed Oct 30 06:14:33 UTC 2019 /home/travis/build/icyphy/ptII/ptolemy/actor/lib/test/auto/matrixType8.xml
----------------- Instantiating /home/travis/build/icyphy/ptII/ptolemy/actor/lib/test/auto/matrixType8.xml
1 ms. Memory: 484352K Free: 281131K (58%)
----------------- Invoking toplevel() on ptolemy.moml.MoMLSimpleApplication@6909d401
----------------- Done invoking toplevel() on ptolemy.moml.MoMLSimpleApplication@6909d401
reloadAllAccessors: .matrixType8

===========================================================================================
----------------- testing Wed Oct 30 06:14:33 UTC 2019 /home/travis/build/icyphy/ptII/ptolemy/actor/lib/test/auto/matrixType9.xml
----------------- Instantiating /home/travis/build/icyphy/ptII/ptolemy/actor/lib/test/auto/matrixType9.xml
1 ms. Memory: 484352K Free: 276525K (57%)
----------------- Invoking toplevel() on ptolemy.moml.MoMLSimpleApplication@50893b15
----------------- Done invoking toplevel() on ptolemy.moml.MoMLSimpleApplication@50893b15
reloadAllAccessors: .matrixType9

===========================================================================================
----------------- testing Wed Oct 30 06:14:33 UTC 2019 /home/travis/build/icyphy/ptII/ptolemy/actor/lib/test/auto/paraFunctest.xml
----------------- Instantiating /home/travis/build/icyphy/ptII/ptolemy/actor/lib/test/auto/paraFunctest.xml
1 ms. Memory: 484352K Free: 272429K (56%)
----------------- Invoking toplevel() on ptolemy.moml.MoMLSimpleApplication@39fca9b6
----------------- Done invoking toplevel() on ptolemy.moml.MoMLSimpleApplication@39fca9b6
reloadAllAccessors: .paraFunctest

===========================================================================================
----------------- testing Wed Oct 30 06:14:33 UTC 2019 /home/travis/build/icyphy/ptII/ptolemy/actor/lib/test/auto/paraFunctest2.xml
----------------- Instantiating /home/travis/build/icyphy/ptII/ptolemy/actor/lib/test/auto/paraFunctest2.xml
1 ms. Memory: 484352K Free: 267819K (55%)
----------------- Invoking toplevel() on ptolemy.moml.MoMLSimpleApplication@173e8c28
----------------- Done invoking toplevel() on ptolemy.moml.MoMLSimpleApplication@173e8c28
reloadAllAccessors: .paraFunctest2

===========================================================================================
----------------- testing Wed Oct 30 06:14:33 UTC 2019 /home/travis/build/icyphy/ptII/ptolemy/actor/lib/test/auto/parameterPassing.xml
----------------- Instantiating /home/travis/build/icyphy/ptII/ptolemy/actor/lib/test/auto/parameterPassing.xml
1 ms. Memory: 484352K Free: 263723K (54%)
----------------- Invoking toplevel() on ptolemy.moml.MoMLSimpleApplication@175cc7e0
----------------- Done invoking toplevel() on ptolemy.moml.MoMLSimpleApplication@175cc7e0
reloadAllAccessors: .parameterPassing

===========================================================================================
----------------- testing Wed Oct 30 06:14:33 UTC 2019 /home/travis/build/icyphy/ptII/ptolemy/actor/lib/test/auto/record.xml
----------------- Instantiating /home/travis/build/icyphy/ptII/ptolemy/actor/lib/test/auto/record.xml
2 ms. Memory: 484352K Free: 258603K (53%)
----------------- Invoking toplevel() on ptolemy.moml.MoMLSimpleApplication@7d789236
----------------- Done invoking toplevel() on ptolemy.moml.MoMLSimpleApplication@7d789236
reloadAllAccessors: .record

===========================================================================================
----------------- testing Wed Oct 30 06:14:33 UTC 2019 /home/travis/build/icyphy/ptII/ptolemy/actor/lib/test/auto/sizedarray1.xml
----------------- Instantiating /home/travis/build/icyphy/ptII/ptolemy/actor/lib/test/auto/sizedarray1.xml
1 ms. Memory: 484352K Free: 253483K (52%)
----------------- Invoking toplevel() on ptolemy.moml.MoMLSimpleApplication@3dbf0103
----------------- Done invoking toplevel() on ptolemy.moml.MoMLSimpleApplication@3dbf0103
reloadAllAccessors: .sizedarray1

===========================================================================================
----------------- testing Wed Oct 30 06:14:34 UTC 2019 /home/travis/build/icyphy/ptII/ptolemy/actor/lib/test/auto/sizedarray2.xml
----------------- Instantiating /home/travis/build/icyphy/ptII/ptolemy/actor/lib/test/auto/sizedarray2.xml
3 ms. Memory: 484352K Free: 248363K (51%)
----------------- Invoking toplevel() on ptolemy.moml.MoMLSimpleApplication@5a7354a0
----------------- Done invoking toplevel() on ptolemy.moml.MoMLSimpleApplication@5a7354a0
reloadAllAccessors: .sizedarray2

===========================================================================================
----------------- testing Wed Oct 30 06:14:34 UTC 2019 /home/travis/build/icyphy/ptII/ptolemy/actor/lib/test/auto/twoPublishers.xml
----------------- Instantiating /home/travis/build/icyphy/ptII/ptolemy/actor/lib/test/auto/twoPublishers.xml
7 ms. Memory: 484352K Free: 237613K (49%)
----------------- Invoking toplevel() on ptolemy.moml.MoMLSimpleApplication@9209f5c
----------------- Done invoking toplevel() on ptolemy.moml.MoMLSimpleApplication@9209f5c
reloadAllAccessors: .twoPublishers
AutoTests.java: About to close Vertx.
AutoTests.java: Vertx closed.
]]></system-out>
  <system-err><![CDATA[java.lang.RuntimeException: Execution failed
	at ptolemy.moml.MoMLSimpleApplication$UnloadThread.run(MoMLSimpleApplication.java:402)
Caused by: java.lang.RuntimeException: StringUtilities.exit() was called. Normally, we would exit here because Manager.exitAfterWrapup() was called.  However, because the ptolemy.ptII.exitAfterWrapup property is set, we throw this exception instead.
	at ptolemy.util.StringUtilities.exit(StringUtilities.java:365)
	at ptolemy.actor.Manager.wrapup(Manager.java:1549)
	at ptolemy.actor.Manager.execute(Manager.java:407)
	at ptolemy.actor.Manager.run(Manager.java:1263)
	at ptolemy.actor.Manager$PtolemyRunThread.run(Manager.java:1933)
Warning: '.top.test' is in training mode, set the trainingMode parameter to false before checking in
Warning: '.top.test' is in training mode, set the trainingMode parameter to false before checking in
Warning: '.top.test' is in training mode, set the trainingMode parameter to false before checking in
Warning: '.BooleanSwitch_RegressionTest_WrongTrainingValues.Test' is in training mode, set the trainingMode parameter to false before checking in
Warning: '.BooleanSwitch_RegressionTest_WrongTrainingValues.Test2' is in training mode, set the trainingMode parameter to false before checking in
Warning: '.BooleanSwitch_RegressionTest_WrongTrainingValues.Test2' The test produced 0 tokens.
Warning: '.top.testExceptionHandler' is in training mode, set the trainingMode parameter to false before checking in
java.lang.RuntimeException: Execution failed
	at ptolemy.moml.MoMLSimpleApplication$UnloadThread.run(MoMLSimpleApplication.java:402)
Caused by: ptolemy.kernel.util.IllegalActionException: PublisherPorts cannot be used at the top level, use a Publisher actor instead.
  in .PublisherPortToplevelSubscriber.PublisherPort
	at ptolemy.actor.PublisherPort.preinitialize(PublisherPort.java:403)
	at ptolemy.actor.CompositeActor.preinitialize(CompositeActor.java:1769)
	at ptolemy.actor.Manager.preinitializeAndResolveTypes(Manager.java:1040)
	at ptolemy.actor.Manager.initialize(Manager.java:710)
	at ptolemy.actor.Manager.execute(Manager.java:356)
	at ptolemy.actor.Manager.run(Manager.java:1263)
	at ptolemy.actor.Manager$PtolemyRunThread.run(Manager.java:1933)
java.lang.reflect.InvocationTargetException
	at java.base/jdk.internal.reflect.NativeConstructorAccessorImpl.newInstance0(Native Method)
	at java.base/jdk.internal.reflect.NativeConstructorAccessorImpl.newInstance(NativeConstructorAccessorImpl.java:62)
	at java.base/jdk.internal.reflect.DelegatingConstructorAccessorImpl.newInstance(DelegatingConstructorAccessorImpl.java:45)
	at java.base/java.lang.reflect.Constructor.newInstance(Constructor.java:490)
	at ptolemy.util.test.junit.AutoKnownFailedTests.RunModel(AutoKnownFailedTests.java:105)
	at java.base/jdk.internal.reflect.NativeMethodAccessorImpl.invoke0(Native Method)
	at java.base/jdk.internal.reflect.NativeMethodAccessorImpl.invoke(NativeMethodAccessorImpl.java:62)
	at java.base/jdk.internal.reflect.DelegatingMethodAccessorImpl.invoke(DelegatingMethodAccessorImpl.java:43)
	at java.base/java.lang.reflect.Method.invoke(Method.java:566)
	at org.junit.runners.model.FrameworkMethod$1.runReflectiveCall(FrameworkMethod.java:44)
	at org.junit.internal.runners.model.ReflectiveCallable.run(ReflectiveCallable.java:15)
	at org.junit.runners.model.FrameworkMethod.invokeExplosively(FrameworkMethod.java:41)
	at junitparams.internal.InvokeParameterisedMethod.evaluate(InvokeParameterisedMethod.java:102)
	at org.junit.internal.runners.statements.FailOnTimeout$1.run(FailOnTimeout.java:28)
Caused by: ptolemy.kernel.util.IllegalActionException: PublisherPorts cannot be used at the top level, use a Publisher actor instead.
  in .PublisherPortToplevelSubscriber.PublisherPort
	at ptolemy.actor.PublisherPort.preinitialize(PublisherPort.java:403)
	at ptolemy.actor.CompositeActor.preinitialize(CompositeActor.java:1769)
	at ptolemy.actor.Manager.preinitializeAndResolveTypes(Manager.java:1040)
	at ptolemy.actor.Manager.initialize(Manager.java:710)
	at ptolemy.actor.Manager.execute(Manager.java:356)
	at ptolemy.actor.Manager.run(Manager.java:1263)
	at ptolemy.actor.Manager$PtolemyRunThread.run(Manager.java:1933)
java.lang.RuntimeException: Execution failed
	at ptolemy.moml.MoMLSimpleApplication$UnloadThread.run(MoMLSimpleApplication.java:402)
Caused by: ptolemy.kernel.util.IllegalActionException: SubscriberPorts cannot be used at the top level, use a Subscriber actor instead.
  in .PublisherSubscriberPortToplevel.SubscriberPort
	at ptolemy.actor.SubscriberPort.preinitialize(SubscriberPort.java:328)
	at ptolemy.actor.CompositeActor.preinitialize(CompositeActor.java:1769)
	at ptolemy.actor.Manager.preinitializeAndResolveTypes(Manager.java:1040)
	at ptolemy.actor.Manager.initialize(Manager.java:710)
	at ptolemy.actor.Manager.execute(Manager.java:356)
	at ptolemy.actor.Manager.run(Manager.java:1263)
	at ptolemy.actor.Manager$PtolemyRunThread.run(Manager.java:1933)
java.lang.reflect.InvocationTargetException
	at java.base/jdk.internal.reflect.NativeConstructorAccessorImpl.newInstance0(Native Method)
	at java.base/jdk.internal.reflect.NativeConstructorAccessorImpl.newInstance(NativeConstructorAccessorImpl.java:62)
	at java.base/jdk.internal.reflect.DelegatingConstructorAccessorImpl.newInstance(DelegatingConstructorAccessorImpl.java:45)
	at java.base/java.lang.reflect.Constructor.newInstance(Constructor.java:490)
	at ptolemy.util.test.junit.AutoKnownFailedTests.RunModel(AutoKnownFailedTests.java:105)
	at java.base/jdk.internal.reflect.NativeMethodAccessorImpl.invoke0(Native Method)
	at java.base/jdk.internal.reflect.NativeMethodAccessorImpl.invoke(NativeMethodAccessorImpl.java:62)
	at java.base/jdk.internal.reflect.DelegatingMethodAccessorImpl.invoke(DelegatingMethodAccessorImpl.java:43)
	at java.base/java.lang.reflect.Method.invoke(Method.java:566)
	at org.junit.runners.model.FrameworkMethod$1.runReflectiveCall(FrameworkMethod.java:44)
	at org.junit.internal.runners.model.ReflectiveCallable.run(ReflectiveCallable.java:15)
	at org.junit.runners.model.FrameworkMethod.invokeExplosively(FrameworkMethod.java:41)
	at junitparams.internal.InvokeParameterisedMethod.evaluate(InvokeParameterisedMethod.java:102)
	at org.junit.internal.runners.statements.FailOnTimeout$1.run(FailOnTimeout.java:28)
Caused by: ptolemy.kernel.util.IllegalActionException: SubscriberPorts cannot be used at the top level, use a Subscriber actor instead.
  in .PublisherSubscriberPortToplevel.SubscriberPort
	at ptolemy.actor.SubscriberPort.preinitialize(SubscriberPort.java:328)
	at ptolemy.actor.CompositeActor.preinitialize(CompositeActor.java:1769)
	at ptolemy.actor.Manager.preinitializeAndResolveTypes(Manager.java:1040)
	at ptolemy.actor.Manager.initialize(Manager.java:710)
	at ptolemy.actor.Manager.execute(Manager.java:356)
	at ptolemy.actor.Manager.run(Manager.java:1263)
	at ptolemy.actor.Manager$PtolemyRunThread.run(Manager.java:1933)
java.lang.RuntimeException: Execution failed
	at ptolemy.moml.MoMLSimpleApplication$UnloadThread.run(MoMLSimpleApplication.java:402)
Caused by: ptolemy.kernel.util.IllegalActionException: SubscriptionAggregatorPorts cannot be used at the top level, use a SubscriptionAggregator actor instead.
  in .PublisherSubscriptionAggregatorPort.SubscriptionAggregatorPort
	at ptolemy.actor.SubscriptionAggregatorPort.preinitialize(SubscriptionAggregatorPort.java:353)
	at ptolemy.actor.CompositeActor.preinitialize(CompositeActor.java:1769)
	at ptolemy.actor.Manager.preinitializeAndResolveTypes(Manager.java:1040)
	at ptolemy.actor.Manager.initialize(Manager.java:710)
	at ptolemy.actor.Manager.execute(Manager.java:356)
	at ptolemy.actor.Manager.run(Manager.java:1263)
	at ptolemy.actor.Manager$PtolemyRunThread.run(Manager.java:1933)
java.lang.reflect.InvocationTargetException
	at java.base/jdk.internal.reflect.NativeConstructorAccessorImpl.newInstance0(Native Method)
	at java.base/jdk.internal.reflect.NativeConstructorAccessorImpl.newInstance(NativeConstructorAccessorImpl.java:62)
	at java.base/jdk.internal.reflect.DelegatingConstructorAccessorImpl.newInstance(DelegatingConstructorAccessorImpl.java:45)
	at java.base/java.lang.reflect.Constructor.newInstance(Constructor.java:490)
	at ptolemy.util.test.junit.AutoKnownFailedTests.RunModel(AutoKnownFailedTests.java:105)
	at java.base/jdk.internal.reflect.NativeMethodAccessorImpl.invoke0(Native Method)
	at java.base/jdk.internal.reflect.NativeMethodAccessorImpl.invoke(NativeMethodAccessorImpl.java:62)
	at java.base/jdk.internal.reflect.DelegatingMethodAccessorImpl.invoke(DelegatingMethodAccessorImpl.java:43)
	at java.base/java.lang.reflect.Method.invoke(Method.java:566)
	at org.junit.runners.model.FrameworkMethod$1.runReflectiveCall(FrameworkMethod.java:44)
	at org.junit.internal.runners.model.ReflectiveCallable.run(ReflectiveCallable.java:15)
	at org.junit.runners.model.FrameworkMethod.invokeExplosively(FrameworkMethod.java:41)
	at junitparams.internal.InvokeParameterisedMethod.evaluate(InvokeParameterisedMethod.java:102)
	at org.junit.internal.runners.statements.FailOnTimeout$1.run(FailOnTimeout.java:28)
Caused by: ptolemy.kernel.util.IllegalActionException: SubscriptionAggregatorPorts cannot be used at the top level, use a SubscriptionAggregator actor instead.
  in .PublisherSubscriptionAggregatorPort.SubscriptionAggregatorPort
	at ptolemy.actor.SubscriptionAggregatorPort.preinitialize(SubscriptionAggregatorPort.java:353)
	at ptolemy.actor.CompositeActor.preinitialize(CompositeActor.java:1769)
	at ptolemy.actor.Manager.preinitializeAndResolveTypes(Manager.java:1040)
	at ptolemy.actor.Manager.initialize(Manager.java:710)
	at ptolemy.actor.Manager.execute(Manager.java:356)
	at ptolemy.actor.Manager.run(Manager.java:1263)
	at ptolemy.actor.Manager$PtolemyRunThread.run(Manager.java:1933)
java.lang.RuntimeException: Execution failed
	at ptolemy.moml.MoMLSimpleApplication$UnloadThread.run(MoMLSimpleApplication.java:402)
Caused by: ptolemy.kernel.util.IllegalActionException: TypeTest actor has no training data.
  in .sizedarray3.TypeTest
	at ptolemy.actor.lib.TypeTest.initialize(TypeTest.java:250)
	at ptolemy.actor.Director.initialize(Director.java:938)
	at ptolemy.actor.Director.initialize(Director.java:907)
	at ptolemy.actor.sched.StaticSchedulingDirector.initialize(StaticSchedulingDirector.java:159)
	at ptolemy.domains.sdf.kernel.SDFDirector.initialize(SDFDirector.java:544)
	at ptolemy.actor.CompositeActor.initialize(CompositeActor.java:935)
	at ptolemy.actor.Manager.initialize(Manager.java:724)
	at ptolemy.actor.Manager.execute(Manager.java:356)
	at ptolemy.actor.Manager.run(Manager.java:1263)
	at ptolemy.actor.Manager$PtolemyRunThread.run(Manager.java:1933)
java.lang.reflect.InvocationTargetException
	at java.base/jdk.internal.reflect.NativeConstructorAccessorImpl.newInstance0(Native Method)
	at java.base/jdk.internal.reflect.NativeConstructorAccessorImpl.newInstance(NativeConstructorAccessorImpl.java:62)
	at java.base/jdk.internal.reflect.DelegatingConstructorAccessorImpl.newInstance(DelegatingConstructorAccessorImpl.java:45)
	at java.base/java.lang.reflect.Constructor.newInstance(Constructor.java:490)
	at ptolemy.util.test.junit.AutoKnownFailedTests.RunModel(AutoKnownFailedTests.java:105)
	at java.base/jdk.internal.reflect.NativeMethodAccessorImpl.invoke0(Native Method)
	at java.base/jdk.internal.reflect.NativeMethodAccessorImpl.invoke(NativeMethodAccessorImpl.java:62)
	at java.base/jdk.internal.reflect.DelegatingMethodAccessorImpl.invoke(DelegatingMethodAccessorImpl.java:43)
	at java.base/java.lang.reflect.Method.invoke(Method.java:566)
	at org.junit.runners.model.FrameworkMethod$1.runReflectiveCall(FrameworkMethod.java:44)
	at org.junit.internal.runners.model.ReflectiveCallable.run(ReflectiveCallable.java:15)
	at org.junit.runners.model.FrameworkMethod.invokeExplosively(FrameworkMethod.java:41)
	at junitparams.internal.InvokeParameterisedMethod.evaluate(InvokeParameterisedMethod.java:102)
	at org.junit.internal.runners.statements.FailOnTimeout$1.run(FailOnTimeout.java:28)
Caused by: ptolemy.kernel.util.IllegalActionException: TypeTest actor has no training data.
  in .sizedarray3.TypeTest
	at ptolemy.actor.lib.TypeTest.initialize(TypeTest.java:250)
	at ptolemy.actor.Director.initialize(Director.java:938)
	at ptolemy.actor.Director.initialize(Director.java:907)
	at ptolemy.actor.sched.StaticSchedulingDirector.initialize(StaticSchedulingDirector.java:159)
	at ptolemy.domains.sdf.kernel.SDFDirector.initialize(SDFDirector.java:544)
	at ptolemy.actor.CompositeActor.initialize(CompositeActor.java:935)
	at ptolemy.actor.Manager.initialize(Manager.java:724)
	at ptolemy.actor.Manager.execute(Manager.java:356)
	at ptolemy.actor.Manager.run(Manager.java:1263)
	at ptolemy.actor.Manager$PtolemyRunThread.run(Manager.java:1933)
java.lang.RuntimeException: Execution failed
	at ptolemy.moml.MoMLSimpleApplication$UnloadThread.run(MoMLSimpleApplication.java:402)
Caused by: ptolemy.kernel.util.IllegalActionException: Test fails in iteration 0.
Value was: 6001L. Should have been: 6000L
  in .ExecutionTimeSDF.NonStrictTest
	at ptolemy.actor.lib.NonStrictTest.postfire(NonStrictTest.java:328)
	at ptolemy.actor.AtomicActor.iterate(AtomicActor.java:518)
	at ptolemy.actor.sched.StaticSchedulingDirector.fire(StaticSchedulingDirector.java:216)
	at ptolemy.domains.sdf.kernel.SDFDirector.fire(SDFDirector.java:500)
	at ptolemy.actor.CompositeActor.fire(CompositeActor.java:455)
	at ptolemy.actor.Manager.iterate(Manager.java:851)
	at ptolemy.actor.Manager.execute(Manager.java:369)
	at ptolemy.actor.Manager.run(Manager.java:1263)
	at ptolemy.actor.Manager$PtolemyRunThread.run(Manager.java:1933)
]]></system-err>
</testsuite>
