<?xml version="1.0" encoding="UTF-8" ?>
<testsuite errors="0" failures="0" hostname="travis-job-26c5a32f-742c-4189-9c38-11c6abce5aba" name="ptolemy.domains.de.test.junit.JUnitTclTest" skipped="0" tests="101" time="126.494" timestamp="2018-07-13T02:04:58">
  <properties>
    <property name="npm.executable" value="npm" />
    <property name="file.encoding.pkg" value="sun.io" />
    <property name="ptII.mk.exists" value="true" />
    <property name="env.rvm_bin_path" value="/home/travis/.rvm/bin" />
    <property name="java.home" value="/usr/lib/jvm/java-8-oracle/jre" />
    <property name="env.TRAVIS_JOB_NUMBER" value="652.9" />
    <property name="env.DISPLAY" value=":99.0" />
    <property name="java.net.preferIPv4Stack" value="true" />
    <property name="env.TRAVIS_INIT" value="upstart" />
    <property name="env.SSH_TTY" value="/dev/pts/0" />
    <property name="env.RUN_TESTS" value="false" />
    <property name="timeout.short" value="1000000" />
    <property name="env.TRAVIS_STACK_NODE_ATTRIBUTES" value="/.node-attributes.yml" />
    <property name="junit.formatter" value="xml" />
    <property name="java.endorsed.dirs" value="/usr/lib/jvm/java-8-oracle/jre/lib/endorsed" />
    <property name="env.TRAVIS_SUDO" value="true" />
    <property name="env.LOGNAME" value="travis" />
    <property name="jsdoc.home" value="node_modules/@terraswarm/jsdoc" />
    <property name="debuglevel" value="source,lines,vars" />
    <property name="checkstyle.formatter" value="xml" />
    <property name="bin.vergil.makeable" value="true" />
    <property name="env._system_version" value="14.04" />
    <property name="sun.os.patch.level" value="unknown" />
    <property name="java.vendor.url" value="http://java.oracle.com/" />
    <property name="java.version" value="1.8.0_151" />
    <property name="env.TZ" value="UTC" />
    <property name="env.PT_NO_NET" value="true" />
    <property name="env.TRAVIS_PULL_REQUEST_SHA" value="" />
    <property name="env.TRAVIS_SECURE_ENV_VARS" value="true" />
    <property name="env._system_type" value="Linux" />
    <property name="java.vendor.url.bug" value="http://bugreport.sun.com/bugreport/" />
    <property name="env.SSH_CLIENT" value="10.10.4.26 42174 22" />
    <property name="npmjs-org-is-up" value="true" />
    <property name="env.GEM_HOME" value="/home/travis/.rvm/gems/ruby-2.4.1" />
    <property name="env.HAS_ANTARES_THREE_LITTLE_FRONZIES_BADGE" value="true" />
    <property name="env.PS4" value="+" />
    <property name="ant.project.invoked-targets" value="build,test.core2.xml" />
    <property name="env.TRAVIS_PULL_REQUEST_BRANCH" value="" />
    <property name="env.TRAVIS_REPO_SLUG" value="icyphy/ptII" />
    <property name="node.in.path" value="true" />
    <property name="java.maxmemory" value="1400m" />
    <property name="env.RUBY_VERSION" value="ruby-2.4.1" />
    <property name="user.name" value="travis" />
    <property name="env.LANG" value="en_US.UTF-8" />
    <property name="sun.io.unicode.encoding" value="UnicodeLittle" />
    <property name="sun.jnu.encoding" value="UTF-8" />
    <property name="java.runtime.name" value="Java(TM) SE Runtime Environment" />
    <property name="usefile" value="false" />
    <property name="return.code" value="0" />
    <property name="junit.single.formatter" value="plain" />
    <property name="env.DYLD_LIBRARY_PATH" value="/home/travis/pthla/certi-tools/lib:" />
    <property name="env.DEBIAN_FRONTEND" value="noninteractive" />
    <property name="env.SSH_CONNECTION" value="10.10.4.26 42174 10.20.0.204 22" />
    <property name="env.MYSQL_UNIX_PORT" value="/var/run/mysqld/mysqld.sock" />
    <property name="env.TRAVIS_ALLOW_FAILURE" value="false" />
    <property name="env.LC_ALL" value="en_US.UTF-8" />
    <property name="java.specification.name" value="Java Platform API Specification" />
    <property name="node.works" value="true" />
    <property name="user.timezone" value="" />
    <property name="path.separator" value=":" />
    <property name="env.PYTHON_CFLAGS" value="-g -fstack-protector --param=ssp-buffer-size=4 -Wformat -Werror=format-security" />
    <property name="timeout.long" value="4000000" />
    <property name="env.CERTI_HOME" value="/home/travis/pthla/certi-tools" />
    <property name="file.encoding" value="UTF-8" />
    <property name="ant.file.ptII" value="/home/travis/build/icyphy/ptII/build.xml" />
    <property name="javadoc.packagenames" value="com.*,diva.*,lbnl.*,org.hlacerti.*,org.json.*,org.ptolemy.*,org.terraswarm.*,ptolemy.*,ptserver.*" />
    <property name="env.TRAVIS_PULL_REQUEST_SLUG" value="" />
    <property name="ant.project.default-target" value="build" />
    <property name="env.GIT_ASKPASS" value="echo" />
    <property name="env.HOME" value="/home/travis" />
    <property name="sun.java.command" value="org.apache.tools.ant.taskdefs.optional.junit.JUnitTestRunner ptolemy.domains.de.test.junit.JUnitTclTest skipNonTests=false filtertrace=true haltOnError=false haltOnFailure=false formatter=org.apache.tools.ant.taskdefs.optional.junit.OutErrSummaryJUnitResultFormatter showoutput=true outputtoformatters=true logfailedtests=true threadid=0 logtestlistenerevents=false formatter=org.apache.tools.ant.taskdefs.optional.junit.XMLJUnitResultFormatter,/home/travis/build/icyphy/ptII/reports/junit/TEST-ptolemy.domains.de.test.junit.JUnitTclTest.xml crashfile=/home/travis/build/icyphy/ptII/junitvmwatcher3077467113481132738.properties propsfile=/home/travis/build/icyphy/ptII/junit7962061191611118093.properties" />
    <property name="env.MANPATH" value="/home/travis/.nvm/versions/node/v7.10.1/share/man:/home/travis/.kiex/elixirs/elixir-1.4.5/man:/home/travis/.rvm/rubies/ruby-2.4.1/share/man:/usr/local/man:/usr/local/cmake-3.9.2/man:/usr/local/clang-5.0.0/share/man:/usr/local/share/man:/usr/share/man:/home/travis/.rvm/man" />
    <property name="env.COMPOSER_NO_INTERACTION" value="1" />
    <property name="env.JDK_SWITCHER_DEFAULT" value="oraclejdk8" />
    <property name="ant.file" value="/home/travis/build/icyphy/ptII/build.xml" />
    <property name="env.TRAVIS_COMMIT_RANGE" value="d25b56b67c78ee4fe5a3d1cc3e10d9aaf4816ea6...5ba62ff625dde9b561beb5fe06cba0f87ec34e0b" />
    <property name="env._system_name" value="Ubuntu" />
    <property name="timeout" value="2400000" />
    <property name="ptII.classpath.optional.property" value="/home/travis/build/icyphy/ptII/lib/bsh-2.0b4.jar:/home/travis/build/icyphy/ptII/lib/ptCal.jar:/home/travis/build/icyphy/ptII/lib/java_cup.jar:/home/travis/build/icyphy/ptII/lib/saxon8.jar:/home/travis/build/icyphy/ptII/lib/saxon8-dom.jar:/home/travis/build/icyphy/ptII/lib/chic.jar:/home/travis/build/icyphy/ptII/lib/ptcolt.jar:/usr/lib/jvm/java-8-oracle/lib/tools.jar:/usr/lib/eclipse/plugins/org.eclipse.jdt.core_3.8.2.dist.jar:/usr/lib/eclipse/plugins/org.eclipse.core.runtime_3.8.0.dist.jar:/usr/lib/eclipse/plugins/org.eclipse.osgi_3.8.1.dist.jar:/usr/lib/eclipse/plugins/org.eclipse.core.resources_3.8.1.dist.jar:/usr/lib/eclipse/plugins/org.eclipse.equinox.common_3.6.100.dist.jar:/usr/lib/eclipse/plugins/org.eclipse.core.jobs_3.5.200.dist.jar:/usr/lib/eclipse/plugins/org.eclipse.core.contenttype_3.4.200.dist.jar:/usr/lib/eclipse/plugins/org.eclipse.equinox.preferences_3.5.0.dist.jar:/usr/lib/eclipse/plugins/org.eclipse.text_3.5.200.dist.jar:/usr/lib/eclipse/plugins/org.eclipse.ui.workbench_3.8.1.dist.jar:/usr/lib/eclipse/plugins/org.eclipse.jface_3.8.0.dist.jar:/usr/lib/eclipse/plugins/org.eclipse.swt_3.8.2.jar:/usr/lib/eclipse/plugins/org.eclipse.jface.text_3.8.1.dist.jar:/usr/lib/eclipse/plugins/org.eclipse.ui.workbench.texteditor_3.8.0.dist.jar:/usr/lib/eclipse/plugins/org.eclipse.ui.editors_3.8.0.dist.jar:/usr/lib/eclipse/plugins/org.eclipse.core.commands_3.6.1.dist.jar:/usr/lib/eclipse/plugins/org.eclipse.equinox.registry_3.5.200.dist.jar:/usr/lib/eclipse/plugins/org.eclipse.ui.console_3.5.100.dist.jar:/usr/lib/eclipse/plugins/org.eclipse.ui.forms_3.5.200.dist.jar:/usr/lib/eclipse/plugins/org.eclipse.ui.ide_3.8.1.dist.jar:/home/travis/build/icyphy/ptII/vendors/oracle/dbxml.jar:/home/travis/build/icyphy/ptII/vendors/oracle/db.jar:/home/travis/build/icyphy/ptII/vendors/misc/itext/iText.jar:/home/travis/build/icyphy/ptII/lib/g4ltl.jar:/home/travis/build/icyphy/ptII/lib/StructuralCoder.jar:/home/travis/build/icyphy/ptII/lib/org-openide-util.jar:/home/travis/build/icyphy/ptII/lib/org-openide-util-lookup.jar:/home/travis/build/icyphy/ptII/lib/org-netbeans-api-visual.jar:/home/travis/build/icyphy/ptII/vendors/jai-1_1_2_01/lib/jai_core.jar:/home/travis/build/icyphy/ptII/vendors/jai-1_1_2_01/lib/jai_codec.jar:/home/travis/build/icyphy/ptII/lib/jcerti.jar:/home/travis/build/icyphy/ptII/lib/smack.jar:/home/travis/build/icyphy/ptII/lib/smackx.jar:/home/travis/build/icyphy/ptII/lib/jetty-all-8.1.5-v20120716.jar:/home/travis/build/icyphy/ptII/lib/javax.servlet-api-3.0.1.jar:/home/travis/build/icyphy/ptII/lib/javax.mail.jar:/home/travis/build/icyphy/ptII/vendors/JMF-2.1.1e/lib/jmf.jar:/home/travis/build/icyphy/ptII/lib/jna-4.0.0-variadic.jar:/home/travis/build/icyphy/ptII/vendors/misc/joystick/Joystick.jar:/home/travis/build/icyphy/ptII/lib/ptjacl.jar:/home/travis/build/icyphy/ptII/lib/jsoup-1.8.2.jar:/home/travis/build/icyphy/ptII/lib/junit-4.8.2.jar:/home/travis/build/icyphy/ptII/lib/JUnitParams-0.4.0.jar:/home/travis/build/icyphy/ptII/ptolemy/actor/lib/excel/jxl.jar:/home/travis/build/icyphy/ptII/lib/jython.jar:/home/travis/build/icyphy/ptII/lib/kieler.jar:/home/travis/build/icyphy/ptII/vendors/opencv/share/OpenCV/java/opencv-341.jar:/home/travis/build/icyphy/ptII/lib/oscP5.jar:/home/travis/build/icyphy/ptII/lib/nrjavaserial-3.11.0.devel.jar:/home/travis/build/icyphy/ptII/vendors/j3d/lib/j3dcore.jar:/home/travis/build/icyphy/ptII/vendors/j3d/lib/j3dutils.jar:/home/travis/build/icyphy/ptII/vendors/j3d/lib/vecmath.jar:/home/travis/build/icyphy/ptII/ptolemy/distributed/jini/jar/jini-core.jar:/home/travis/build/icyphy/ptII/ptolemy/distributed/jini/jar/jini-ext.jar:/home/travis/build/icyphy/ptII/ptolemy/distributed/jini/jar/sun-util.jar:/home/travis/build/icyphy/ptII/lib/protobuf-java-2.4.1.jar:/home/travis/build/icyphy/ptII/lib/org.eclipse.paho.client.mqttv3.jar:/home/travis/build/icyphy/ptII/ptserver/lib/hessian-4.0.7.jar:/home/travis/build/icyphy/ptII/ptserver/lib/wmqtt.jar:/home/travis/build/icyphy/ptII/lib/mapss.jar:/home/travis/build/icyphy/ptII/ptolemy/actor/ptalon/antlr/antlr.jar:/home/travis/build/icyphy/ptII/lib/JRI.jar:/home/travis/build/icyphy/ptII/lib/commons-lang-2.6.jar:/home/travis/build/icyphy/ptII/lib/commons-logging-1.1.1.jar:/home/travis/build/icyphy/ptII/lib/sootclasses.jar:/home/travis/build/icyphy/ptII/ptolemy/actor/lib/database/mysql-connector-java-5.1.6-bin.jar:/home/travis/build/icyphy/ptII/vendors/misc/sphinx4/sphinx4-data-5prealpha.jar:/home/travis/build/icyphy/ptII/vendors/misc/sphinx4/sphinx4-core-5prealpha.jar:/home/travis/build/icyphy/ptII/lib/PDFRenderer.jar:/home/travis/build/icyphy/ptII/lib/svgSalamander.jar:/home/travis/build/icyphy/ptII/lib/rsyntaxtextarea-2.6.0-SNAPSHOT.jar:/home/travis/build/icyphy/ptII/lib/hazelcast-3.8.2.jar:/home/travis/build/icyphy/ptII/lib/jackson-annotations-2.9.0.jar:/home/travis/build/icyphy/ptII/lib/jackson-core-2.9.3.jar:/home/travis/build/icyphy/ptII/lib/jackson-databind-2.9.3.jar:/home/travis/build/icyphy/ptII/lib/netty-buffer-4.1.19.Final.jar:/home/travis/build/icyphy/ptII/lib/netty-codec-4.1.19.Final.jar:/home/travis/build/icyphy/ptII/lib/netty-codec-dns-4.1.19.Final.jar:/home/travis/build/icyphy/ptII/lib/netty-codec-http-4.1.19.Final.jar:/home/travis/build/icyphy/ptII/lib/netty-codec-http2-4.1.19.Final.jar:/home/travis/build/icyphy/ptII/lib/netty-common-4.1.19.Final.jar:/home/travis/build/icyphy/ptII/lib/netty-handler-4.1.19.Final.jar:/home/travis/build/icyphy/ptII/lib/netty-resolver-4.1.19.Final.jar:/home/travis/build/icyphy/ptII/lib/netty-resolver-dns-4.1.19.Final.jar:/home/travis/build/icyphy/ptII/lib/netty-transport-4.1.19.Final.jar:/home/travis/build/icyphy/ptII/lib/vertx-codegen-3.5.1.jar:/home/travis/build/icyphy/ptII/lib/vertx-core-3.5.2-SNAPSHOT.jar:/home/travis/build/icyphy/ptII/lib/vertx-hazelcast-3.5.1.jar:/home/travis/build/icyphy/ptII/lib/vertx-lang-js-3.5.1.jar:/home/travis/build/icyphy/ptII/lib/vertx-service-proxy-3.5.1.jar:/home/travis/build/icyphy/ptII/lib/vertx-web-3.5.1.jar:/home/travis/build/icyphy/ptII/lib/slf4j-api-1.7.13.jar:/home/travis/build/icyphy/ptII/lib/slf4j-simple-1.7.13.jar:/home/travis/build/icyphy/ptII/lib/webcam-capture-0.3.12.jar:/home/travis/build/icyphy/ptII/lib/bridj-0.7.0.jar:/home/travis/build/icyphy/ptII/lib/xbjlib-1.1.0.nrjavaserial.jar" />
    <property name="test.batch" value="**/junit/*.java" />
    <property name="env._" value="/usr/bin/timeout" />
    <property name="java.io.tmpdir" value="/tmp" />
    <property name="user.language" value="en" />
    <property name="env.HISTCONTROL" value="ignoredups:ignorespace" />
    <property name="env.GOROOT" value="/home/travis/.gimme/versions/go1.7.4.linux.amd64" />
    <property name="line.separator" value="&#xa;" />
    <property name="target" value="1.8" />
    <property name="env.TRAVIS_BUILD_DIR" value="/home/travis/build/icyphy/ptII" />
    <property name="env.ANT_OPTS" value="-Xmx2048m" />
    <property name="ant.file.type" value="file" />
    <property name="ptolemy.ptII.batchMode" value="true" />
    <property name="env.HISTSIZE" value="1000" />
    <property name="env.MERB_ENV" value="test" />
    <property name="java.vm.info" value="mixed mode" />
    <property name="source" value="1.8" />
    <property name="java.vm.specification.name" value="Java Virtual Machine Specification" />
    <property name="env.TRAVIS_TEST_RESULT" value="0" />
    <property name="jsdoc.command" value="node_modules/@terraswarm/jsdoc/jsdoc.js" />
    <property name="npm.works" value="true" />
    <property name="cobertura.dir" value="/home/travis/build/icyphy/ptII/vendors/cobertura-2.0.3" />
    <property name="env.rvm_path" value="/home/travis/.rvm" />
    <property name="env.GEM_PATH" value="/home/travis/.rvm/gems/ruby-2.4.1:/home/travis/.rvm/gems/ruby-2.4.1@global" />
    <property name="env.LC_CTYPE" value="en_US.UTF-8" />
    <property name="java.awt.printerjob" value="sun.print.PSPrinterJob" />
    <property name="env.TRAVIS_STACK_NAME" value="garnet" />
    <property name="ant.version" value="Apache Ant(TM) version 1.10.1 compiled on February 2 2017" />
    <property name="ptII.reports" value="/home/travis/build/icyphy/ptII/reports" />
    <property name="env.TRAVIS_STACK_TIMESTAMP" value="2017-12-05 19:33:09 UTC" />
    <property name="ant.file.type.ptII" value="file" />
    <property name="env.RBENV_SHELL" value="bash" />
    <property name="os.name" value="Linux" />
    <property name="java.specification.vendor" value="Oracle Corporation" />
    <property name="env.rvm_version" value="1.29.3 (latest)" />
    <property name="env.TERM" value="xterm" />
    <property name="java.vm.name" value="Java HotSpot(TM) 64-Bit Server VM" />
    <property name="env.TRAVIS_BUILD_NUMBER" value="652" />
    <property name="env.CI" value="true" />
    <property name="java.library.path" value="/home/travis/pthla/certi-tools/lib:/usr/lib/jni:/usr/local/share/OpenCV/java/:/usr/share/OpenCV/java::/usr/java/packages/lib/amd64:/usr/lib64:/lib64:/lib:/usr/lib" />
    <property name="env.rvm_prefix" value="/home/travis" />
    <property name="env.PATH" value="/home/travis/pthla/certi-tools/share/scripts:/home/travis/.rvm/gems/ruby-2.4.1/bin:/home/travis/.rvm/gems/ruby-2.4.1@global/bin:/home/travis/.rvm/rubies/ruby-2.4.1/bin:/home/travis/.rvm/bin:/home/travis/.nvm/versions/node/v7.10.1/bin:./node_modules/.bin:/home/travis/build/icyphy/ptII/bin:/home/travis/pthla/certi-tools/bin:/home/travis/bin:/home/travis/.local/bin:/opt/pyenv/shims:/home/travis/.phpenv/shims:/home/travis/perl5/perlbrew/bin:/home/travis/.kiex/elixirs/elixir-1.4.5/bin:/home/travis/.kiex/bin:/home/travis/gopath/bin:/home/travis/.gimme/versions/go1.7.4.linux.amd64/bin:/usr/local/phantomjs/bin:/usr/local/phantomjs:/usr/local/neo4j-3.2.7/bin:/usr/local/maven-3.5.2/bin:/usr/local/cmake-3.9.2/bin:/usr/local/clang-5.0.0/bin:/usr/local/sbin:/usr/local/bin:/usr/sbin:/usr/bin:/sbin:/bin:/home/travis/.phpenv/bin:/opt/pyenv/bin:/home/travis/.yarn/bin" />
    <property name="env.TRAVIS_OS_NAME" value="linux" />
    <property name="ant.java.version" value="1.8" />
    <property name="basedir" value="/home/travis/build/icyphy/ptII" />
    <property name="java.class.version" value="52.0" />
    <property name="env.SHLVL" value="3" />
    <property name="env.LD_LIBRARY_PATH" value="/home/travis/pthla/certi-tools/lib:/usr/lib/jni:/usr/local/share/OpenCV/java/:/usr/share/OpenCV/java:" />
    <property name="env.RACK_ENV" value="test" />
    <property name="ant.home" value="/home/travis/build/icyphy/ptII/ant" />
    <property name="env.NVM_DIR" value="/home/travis/.nvm" />
    <property name="env.PERLBREW_BASHRC_VERSION" value="0.80" />
    <property name="env.CERTI_FOM_PATH" value="/home/travis/pthla/certi-tools/share/federations" />
    <property name="env.TRAVIS_BUILD_ID" value="403368852" />
    <property name="env.PYENV_ROOT" value="/opt/pyenv" />
    <property name="env.TRAVIS_UID" value="2000" />
    <property name="env.rvm_pretty_print_flag" value="auto" />
    <property name="env.NVM_BIN" value="/home/travis/.nvm/versions/node/v7.10.1/bin" />
    <property name="env.TRAVIS_COMMIT" value="5ba62ff625dde9b561beb5fe06cba0f87ec34e0b" />
    <property name="env._system_arch" value="x86_64" />
    <property name="node.executable" value="node" />
    <property name="sun.boot.library.path" value="/usr/lib/jvm/java-8-oracle/jre/lib/amd64" />
    <property name="sun.management.compiler" value="HotSpot 64-Bit Tiered Compilers" />
    <property name="env.GOPATH" value="/home/travis/gopath" />
    <property name="java.awt.graphicsenv" value="sun.awt.X11GraphicsEnvironment" />
    <property name="ptolemy.ptII.dir" value="/home/travis/build/icyphy/ptII" />
    <property name="env.USER" value="travis" />
    <property name="env.HISTFILESIZE" value="2000" />
    <property name="timeout.longest" value="19000000" />
    <property name="env.TRAVIS_STACK_FEATURES" value="basic cassandra chromium couchdb disabled-ipv6 docker docker-compose elasticsearch firefox go-toolchain google-chrome jdk memcached mongodb mysql neo4j nodejs_interpreter perl_interpreter perlbrew phantomjs postgresql python_interpreter rabbitmq redis riak ruby_interpreter sqlite xserver" />
    <property name="env.TRAVIS_PULL_REQUEST" value="false" />
    <property name="env.PYENV_SHELL" value="bash" />
    <property name="ant.project.name" value="ptII" />
    <property name="java.vm.specification.version" value="1.8" />
    <property name="env.TRAVIS_DIST" value="trusty" />
    <property name="env.CERTI_VERSION" value="4.0.0" />
    <property name="env.NLSPATH" value="/usr/dt/lib/nls/msg/%L/%N.cat" />
    <property name="awt.toolkit" value="sun.awt.X11.XToolkit" />
    <property name="env.CERTI_HOST" value="localhost" />
    <property name="env.MY_RUBY_HOME" value="/home/travis/.rvm/rubies/ruby-2.4.1" />
    <property name="sun.cpu.isalist" value="" />
    <property name="java.ext.dirs" value="/usr/lib/jvm/java-8-oracle/jre/lib/ext:/usr/java/packages/lib/ext" />
    <property name="os.version" value="4.4.0-101-generic" />
    <property name="user.home" value="/home/travis" />
    <property name="env.MIX_ARCHIVES" value="/home/travis/.kiex/mix/elixir-1.4.5" />
    <property name="java.vm.vendor" value="Oracle Corporation" />
    <property name="env.TRAVIS_TAG" value="nightly" />
    <property name="env.TRAVIS_FILTERED" value="redirect_io" />
    <property name="env.JAVA_HOME" value="/usr/lib/jvm/java-8-oracle" />
    <property name="env.PTII" value="/home/travis/build/icyphy/ptII" />
    <property name="javadoc.excludepackagenames" value="adm.cvs2svn.*,build.*,config.*,doc.coding.templates.*,jni.test.jni.meaningOfLife.*,jni.test.jni.testDeux.*,jni.test.jni.testTrois.*,org.terraswarm.accessor.accessors.web.node_modules.*,org.terraswarm.accessor.accessors.web.hosts.cordova.demo.*,org.terraswarm.accessor.accessors.web.hosts.cordova.plugins.*,org.terraswarm.accessor.accessors-svn.*,pt-modules.*,ptolemy.apps.agilent.*,ptolemy.apps.anytimecontrol.*,ptolemy.apps.apes.*,ptolemy.apps.charon.*,ptolemy.apps.crazyboard.*,ptolemy.apps.eclipse.*,ptolemy.apps.etherealSting.*,ptolemy.apps.fullscreen.*,ptolemy.apps.giotto.*,ptolemy.apps.ia.*,ptolemy.apps.interfaces.*,ptolemy.apps.jmf.*,ptolemy.apps.kurt.*,ptolemy.apps.kvm.*,ptolemy.apps.lego.*,ptolemy.apps.lejos.*,ptolemy.apps.midp.*,ptolemy.apps.mobileCoding.*,ptolemy.apps.pendulum.*,ptolemy.apps.rijndael.*,ptolemy.apps.robot.*,ptolemy.apps.security.*,ptolemy.apps.sobel.*,ptolemy.apps.soot.*,ptolemy.apps.throttle.*,ptolemy.apps.tini.*,ptolemy.apps.transmission.*,ptolemy.apps.vergil.*,ptolemy.apps.waba.*,ptolemy.apps.websensor.*,ptolemy.apps.webstart.*,ptolemy.apps.xsl.*,ptolemy.apps.zaurus.*,ptolemy.backtrack.eclipse.plugin.*,ptolemy.backtrack.test.*,ptolemy.codegen.c.actor.lib.oldJavaFiles.*,ptolemy.codegen.dsp.lib.*,ptolemy.codegen.kernel.newInterfaces.*,ptolemy.codegen.lib.*,ptolemy.copernicus.kernel.fragment.*,ptolemy.copernicus.shallow.cg.*,ptolemy.domains.giotto.demo.Hierarchy.Hierarchy.*,ptolemy.domains.giotto.demo.Multimode.Multimode.*,ptolemy.domains.giotto.demo.Simple.Simple.*,ptolemy.domains.gr.lib.experimental.*,ptolemy.domains.gro.*,ptolemy.domains.pdf.*,ptolemy.domains.ptinyos.demo.Surge.output.*,ptolemy.moml.test.NoPackageActor.java*,ptolemy.plot.adm.*,ptolemy.plot.servlet.*,reports.*,signed.*,src.*,target.*,vendors.*,ptolemy.cg.adapter.generic.program.procedural.c.mbed*,ptolemy.actor.lib.fmi.fmus.omc*,ptolemy.domains.openmodelica*,ptdb.kernel.bl.save.test.*,ptdb.kernel.bl.load.test.*,ptdb.kernel.bl.search.test.*,ptdb.kernel.bl.migration.test.*,ptdb.kernel.database.test.*,ptdb.test.*,ptdb.gui.test.*,org.ptolemy.scala.*,diva.util.java2d.svg.*,ptolemy.domains.ptinyos.*,ptolemy.actor.lib.fmi.fmipp.*,,org.terraswarm.accessor.accessors.web.node_modules.*,org.terraswarm.accessor.accessors-svn,ptolemy.apps.*,ptolemy.actor.ptalon.demo.ptinyos.SendAndReceiveCnt.output,ptolemy.actor.ptalon.demo.ptinyos.SenseToLeds.output,ptolemy.domains.ptinyos.demo.CntToLedsAndRfm.output,ptolemy.domains.ptinyos.demo.RfmToLeds.output,ptolemy.domains.ptinyos.demo.SendAndReceiveCnt.output,ptolemy.domains.ptinyos.demo.SenseToLeds.output,ptolemy.actor.lib.jjs.modules.udpSocket.*" />
    <property name="env.TRAVIS_COMMIT_MESSAGE" value="Commented out notification section." />
    <property name="keystore" value="ptKeystore" />
    <property name="env.XDG_SESSION_ID" value="2" />
    <property name="junit.output.dir" value="/home/travis/build/icyphy/ptII/reports/junit" />
    <property name="npm.return.code" value="0" />
    <property name="user.dir" value="/home/travis/build/icyphy/ptII/ptolemy/domains/de/test" />
    <property name="env.TRAVIS_NODE_VERSION" value="7" />
    <property name="env.XFILESEARCHPATH" value="/usr/dt/app-defaults/%L/Dt" />
    <property name="env.TRAVIS_EVENT_TYPE" value="cron" />
    <property name="env.MAIL" value="/var/mail/travis" />
    <property name="env.PERLBREW_ROOT" value="/home/travis/perl5/perlbrew" />
    <property name="env.PWD" value="/home/travis/build/icyphy/ptII" />
    <property name="timeout.npm" value="45000" />
    <property name="env.PT_TRAVIS_TEST_CORE2_XML" value="true" />
    <property name="env.PAGER" value="cat" />
    <property name="sun.cpu.endian" value="little" />
    <property name="env.TRAVIS_BUILD_STAGE_NAME" value="Test" />
    <property name="env.PERLBREW_HOME" value="/home/travis/.perlbrew" />
    <property name="env.RAILS_ENV" value="test" />
    <property name="java.vm.version" value="25.151-b12" />
    <property name="java.class.path" value="/home/travis/build/icyphy/ptII:/home/travis/build/icyphy/ptII/lib/bsh-2.0b4.jar:/home/travis/build/icyphy/ptII/lib/ptCal.jar:/home/travis/build/icyphy/ptII/lib/java_cup.jar:/home/travis/build/icyphy/ptII/lib/saxon8.jar:/home/travis/build/icyphy/ptII/lib/saxon8-dom.jar:/home/travis/build/icyphy/ptII/lib/chic.jar:/home/travis/build/icyphy/ptII/lib/ptcolt.jar:/usr/lib/jvm/java-8-oracle/lib/tools.jar:/usr/lib/eclipse/plugins/org.eclipse.jdt.core_3.8.2.dist.jar:/usr/lib/eclipse/plugins/org.eclipse.core.runtime_3.8.0.dist.jar:/usr/lib/eclipse/plugins/org.eclipse.osgi_3.8.1.dist.jar:/usr/lib/eclipse/plugins/org.eclipse.core.resources_3.8.1.dist.jar:/usr/lib/eclipse/plugins/org.eclipse.equinox.common_3.6.100.dist.jar:/usr/lib/eclipse/plugins/org.eclipse.core.jobs_3.5.200.dist.jar:/usr/lib/eclipse/plugins/org.eclipse.core.contenttype_3.4.200.dist.jar:/usr/lib/eclipse/plugins/org.eclipse.equinox.preferences_3.5.0.dist.jar:/usr/lib/eclipse/plugins/org.eclipse.text_3.5.200.dist.jar:/usr/lib/eclipse/plugins/org.eclipse.ui.workbench_3.8.1.dist.jar:/usr/lib/eclipse/plugins/org.eclipse.jface_3.8.0.dist.jar:/usr/lib/eclipse/plugins/org.eclipse.swt_3.8.2.jar:/usr/lib/eclipse/plugins/org.eclipse.jface.text_3.8.1.dist.jar:/usr/lib/eclipse/plugins/org.eclipse.ui.workbench.texteditor_3.8.0.dist.jar:/usr/lib/eclipse/plugins/org.eclipse.ui.editors_3.8.0.dist.jar:/usr/lib/eclipse/plugins/org.eclipse.core.commands_3.6.1.dist.jar:/usr/lib/eclipse/plugins/org.eclipse.equinox.registry_3.5.200.dist.jar:/usr/lib/eclipse/plugins/org.eclipse.ui.console_3.5.100.dist.jar:/usr/lib/eclipse/plugins/org.eclipse.ui.forms_3.5.200.dist.jar:/usr/lib/eclipse/plugins/org.eclipse.ui.ide_3.8.1.dist.jar:/home/travis/build/icyphy/ptII/vendors/oracle/dbxml.jar:/home/travis/build/icyphy/ptII/vendors/oracle/db.jar:/home/travis/build/icyphy/ptII/vendors/misc/itext/iText.jar:/home/travis/build/icyphy/ptII/lib/g4ltl.jar:/home/travis/build/icyphy/ptII/lib/StructuralCoder.jar:/home/travis/build/icyphy/ptII/lib/org-openide-util.jar:/home/travis/build/icyphy/ptII/lib/org-openide-util-lookup.jar:/home/travis/build/icyphy/ptII/lib/org-netbeans-api-visual.jar:/home/travis/build/icyphy/ptII/vendors/jai-1_1_2_01/lib/jai_core.jar:/home/travis/build/icyphy/ptII/vendors/jai-1_1_2_01/lib/jai_codec.jar:/home/travis/build/icyphy/ptII/lib/jcerti.jar:/home/travis/build/icyphy/ptII/lib/smack.jar:/home/travis/build/icyphy/ptII/lib/smackx.jar:/home/travis/build/icyphy/ptII/lib/jetty-all-8.1.5-v20120716.jar:/home/travis/build/icyphy/ptII/lib/javax.servlet-api-3.0.1.jar:/home/travis/build/icyphy/ptII/lib/javax.mail.jar:/home/travis/build/icyphy/ptII/vendors/JMF-2.1.1e/lib/jmf.jar:/home/travis/build/icyphy/ptII/lib/jna-4.0.0-variadic.jar:/home/travis/build/icyphy/ptII/vendors/misc/joystick/Joystick.jar:/home/travis/build/icyphy/ptII/lib/ptjacl.jar:/home/travis/build/icyphy/ptII/lib/jsoup-1.8.2.jar:/home/travis/build/icyphy/ptII/lib/junit-4.8.2.jar:/home/travis/build/icyphy/ptII/lib/JUnitParams-0.4.0.jar:/home/travis/build/icyphy/ptII/ptolemy/actor/lib/excel/jxl.jar:/home/travis/build/icyphy/ptII/lib/jython.jar:/home/travis/build/icyphy/ptII/lib/kieler.jar:/home/travis/build/icyphy/ptII/vendors/opencv/share/OpenCV/java/opencv-341.jar:/home/travis/build/icyphy/ptII/lib/oscP5.jar:/home/travis/build/icyphy/ptII/lib/nrjavaserial-3.11.0.devel.jar:/home/travis/build/icyphy/ptII/vendors/j3d/lib/j3dcore.jar:/home/travis/build/icyphy/ptII/vendors/j3d/lib/j3dutils.jar:/home/travis/build/icyphy/ptII/vendors/j3d/lib/vecmath.jar:/home/travis/build/icyphy/ptII/ptolemy/distributed/jini/jar/jini-core.jar:/home/travis/build/icyphy/ptII/ptolemy/distributed/jini/jar/jini-ext.jar:/home/travis/build/icyphy/ptII/ptolemy/distributed/jini/jar/sun-util.jar:/home/travis/build/icyphy/ptII/lib/protobuf-java-2.4.1.jar:/home/travis/build/icyphy/ptII/lib/org.eclipse.paho.client.mqttv3.jar:/home/travis/build/icyphy/ptII/ptserver/lib/hessian-4.0.7.jar:/home/travis/build/icyphy/ptII/ptserver/lib/wmqtt.jar:/home/travis/build/icyphy/ptII/lib/mapss.jar:/home/travis/build/icyphy/ptII/ptolemy/actor/ptalon/antlr/antlr.jar:/home/travis/build/icyphy/ptII/lib/JRI.jar:/home/travis/build/icyphy/ptII/lib/commons-lang-2.6.jar:/home/travis/build/icyphy/ptII/lib/commons-logging-1.1.1.jar:/home/travis/build/icyphy/ptII/lib/sootclasses.jar:/home/travis/build/icyphy/ptII/ptolemy/actor/lib/database/mysql-connector-java-5.1.6-bin.jar:/home/travis/build/icyphy/ptII/vendors/misc/sphinx4/sphinx4-data-5prealpha.jar:/home/travis/build/icyphy/ptII/vendors/misc/sphinx4/sphinx4-core-5prealpha.jar:/home/travis/build/icyphy/ptII/lib/PDFRenderer.jar:/home/travis/build/icyphy/ptII/lib/svgSalamander.jar:/home/travis/build/icyphy/ptII/lib/rsyntaxtextarea-2.6.0-SNAPSHOT.jar:/home/travis/build/icyphy/ptII/lib/hazelcast-3.8.2.jar:/home/travis/build/icyphy/ptII/lib/jackson-annotations-2.9.0.jar:/home/travis/build/icyphy/ptII/lib/jackson-core-2.9.3.jar:/home/travis/build/icyphy/ptII/lib/jackson-databind-2.9.3.jar:/home/travis/build/icyphy/ptII/lib/netty-buffer-4.1.19.Final.jar:/home/travis/build/icyphy/ptII/lib/netty-codec-4.1.19.Final.jar:/home/travis/build/icyphy/ptII/lib/netty-codec-dns-4.1.19.Final.jar:/home/travis/build/icyphy/ptII/lib/netty-codec-http-4.1.19.Final.jar:/home/travis/build/icyphy/ptII/lib/netty-codec-http2-4.1.19.Final.jar:/home/travis/build/icyphy/ptII/lib/netty-common-4.1.19.Final.jar:/home/travis/build/icyphy/ptII/lib/netty-handler-4.1.19.Final.jar:/home/travis/build/icyphy/ptII/lib/netty-resolver-4.1.19.Final.jar:/home/travis/build/icyphy/ptII/lib/netty-resolver-dns-4.1.19.Final.jar:/home/travis/build/icyphy/ptII/lib/netty-transport-4.1.19.Final.jar:/home/travis/build/icyphy/ptII/lib/vertx-codegen-3.5.1.jar:/home/travis/build/icyphy/ptII/lib/vertx-core-3.5.2-SNAPSHOT.jar:/home/travis/build/icyphy/ptII/lib/vertx-hazelcast-3.5.1.jar:/home/travis/build/icyphy/ptII/lib/vertx-lang-js-3.5.1.jar:/home/travis/build/icyphy/ptII/lib/vertx-service-proxy-3.5.1.jar:/home/travis/build/icyphy/ptII/lib/vertx-web-3.5.1.jar:/home/travis/build/icyphy/ptII/lib/slf4j-api-1.7.13.jar:/home/travis/build/icyphy/ptII/lib/slf4j-simple-1.7.13.jar:/home/travis/build/icyphy/ptII/lib/webcam-capture-0.3.12.jar:/home/travis/build/icyphy/ptII/lib/bridj-0.7.0.jar:/home/travis/build/icyphy/ptII/lib/xbjlib-1.1.0.nrjavaserial.jar:/home/travis/build/icyphy/ptII/ptolemy/moml/test:/home/travis/build/icyphy/ptII/ant/lib/ant-launcher.jar:/home/travis/build/icyphy/ptII/ant/lib/ant.jar:/home/travis/build/icyphy/ptII/ant/lib/ant-junit.jar:/home/travis/build/icyphy/ptII/ant/lib/ant-junit4.jar" />
    <property name="ant.library.dir" value="/home/travis/build/icyphy/ptII/ant/lib" />
    <property name="os.arch" value="amd64" />
    <property name="env.TRAVIS_LANGUAGE" value="node_js" />
    <property name="env.CONTINUOUS_INTEGRATION" value="true" />
    <property name="env.TRAVIS_STACK_LANGUAGES" value="__garnet__ c c++ clojure cplusplus cpp default go groovy java node_js php pure_java python ruby scala" />
    <property name="test.name" value="ptolemy.actor.lib.test.junit.JUnitTclTest" />
    <property name="sun.java.launcher" value="SUN_STANDARD" />
    <property name="env.PYTHON_CONFIGURE_OPTS" value="--enable-unicode=ucs4 --with-wide-unicode --enable-shared --enable-ipv6 --enable-loadable-sqlite-extensions --with-computed-gotos" />
    <property name="ant.core.lib" value="/home/travis/build/icyphy/ptII/ant/lib/ant.jar" />
    <property name="java.vm.specification.vendor" value="Oracle Corporation" />
    <property name="env.BCVTB_HOME" value="/home/travis/build/icyphy/ptII/lbnl" />
    <property name="file.separator" value="/" />
    <property name="java.runtime.version" value="1.8.0_151-b12" />
    <property name="spotbugs.home" value="/home/travis/build/icyphy/ptII/vendors/spotbugs-3.1.1" />
    <property name="sun.boot.class.path" value="/usr/lib/jvm/java-8-oracle/jre/lib/resources.jar:/usr/lib/jvm/java-8-oracle/jre/lib/rt.jar:/usr/lib/jvm/java-8-oracle/jre/lib/sunrsasign.jar:/usr/lib/jvm/java-8-oracle/jre/lib/jsse.jar:/usr/lib/jvm/java-8-oracle/jre/lib/jce.jar:/usr/lib/jvm/java-8-oracle/jre/lib/charsets.jar:/usr/lib/jvm/java-8-oracle/jre/lib/jfr.jar:/usr/lib/jvm/java-8-oracle/jre/classes" />
    <property name="env.HAS_JOSH_K_SEAL_OF_APPROVAL" value="true" />
    <property name="env.XDG_RUNTIME_DIR" value="/run/user/2000" />
    <property name="env.TRAVIS_OSX_IMAGE" value="" />
    <property name="env.TRAVIS_BRANCH" value="master" />
    <property name="env.TRAVIS_JOB_ID" value="403368863" />
    <property name="user.country" value="US" />
    <property name="env.CERTI_HOME_TRAVIS" value="/home/travis/pthla/certi-tools" />
    <property name="env.SHELL" value="/bin/bash" />
    <property name="java.maxmemory.large" value="5000m" />
    <property name="model" value="" />
    <property name="env.CASHER_DIR" value="/home/travis/.casher" />
    <property name="env.NVM_CD_FLAGS" value="" />
    <property name="jshint.executable" value="/home/travis/node_modules/jshint/bin/jshint" />
    <property name="java.vendor" value="Oracle Corporation" />
    <property name="env.JRUBY_OPTS" value=" --client -J-XX:+TieredCompilation -J-XX:TieredStopAtLevel=1 -J-Xss2m -Xcompile.invokedynamic=false" />
    <property name="env.TRAVIS_PRE_CHEF_BOOTSTRAP_TIME" value="2017-12-05T19:32:55" />
    <property name="env.ELIXIR_VERSION" value="1.4.5" />
    <property name="env.TRAVIS_STACK_JOB_BOARD_REGISTER" value="/.job-board-register.yml" />
    <property name="java.specification.version" value="1.8" />
    <property name="env.TRAVIS" value="true" />
    <property name="env.IRBRC" value="/home/travis/.rvm/rubies/ruby-2.4.1/.irbrc" />
    <property name="sun.arch.data.model" value="64" />
  </properties>
  <testcase classname="ptolemy.util.test.junit.TclTests" name="[0] /home/travis/build/icyphy/ptII/ptolemy/domains/de/test/DependencyLoop.tcl (RunTclFile)" time="0.669" />
  <testcase classname="ptolemy.util.test.junit.TclTests" name="[1] /home/travis/build/icyphy/ptII/ptolemy/domains/de/test/RunDETestsAsQSS.tcl (RunTclFile)" time="85.933" />
  <testcase classname="ptolemy.util.test.junit.AutoKnownFailedTests" name="[0] /home/travis/build/icyphy/ptII/ptolemy/domains/de/test/auto/knownFailedTests/DESDFClockTest.xml (RunModel)" time="2.039" />
  <testcase classname="ptolemy.util.test.junit.AutoKnownFailedTests" name="[1] /home/travis/build/icyphy/ptII/ptolemy/domains/de/test/auto/knownFailedTests/DirectFeedback.xml (RunModel)" time="0.019" />
  <testcase classname="ptolemy.util.test.junit.AutoKnownFailedTests" name="[2] /home/travis/build/icyphy/ptII/ptolemy/domains/de/test/auto/knownFailedTests/FSMSource.xml (RunModel)" time="0.018" />
  <testcase classname="ptolemy.util.test.junit.AutoKnownFailedTests" name="[3] /home/travis/build/icyphy/ptII/ptolemy/domains/de/test/auto/knownFailedTests/HierarchicalModel.xml (RunModel)" time="0.035" />
  <testcase classname="ptolemy.util.test.junit.AutoKnownFailedTests" name="[4] /home/travis/build/icyphy/ptII/ptolemy/domains/de/test/auto/knownFailedTests/dependencyLoop.xml (RunModel)" time="0.033" />
  <testcase classname="ptolemy.util.test.junit.AutoKnownFailedTests" name="[5] /home/travis/build/icyphy/ptII/ptolemy/domains/de/test/auto/knownFailedTests/dependencyLoop2.xml (RunModel)" time="0.034" />
  <testcase classname="ptolemy.util.test.junit.AutoNameArchTests" name="[0] ThereAreNoAutoArchTests (RunModel)" time="0.0" />
  <testcase classname="ptolemy.util.test.junit.AutoTests" name="[0] /home/travis/build/icyphy/ptII/ptolemy/domains/de/test/auto/ActorDepthCalculation_actorWithoutPorts.xml (RunModel)" time="0.011" />
  <testcase classname="ptolemy.util.test.junit.AutoTests" name="[1] /home/travis/build/icyphy/ptII/ptolemy/domains/de/test/auto/AssemblyLine.xml (RunModel)" time="0.014" />
  <testcase classname="ptolemy.util.test.junit.AutoTests" name="[2] /home/travis/build/icyphy/ptII/ptolemy/domains/de/test/auto/CQBug1.xml (RunModel)" time="0.007" />
  <testcase classname="ptolemy.util.test.junit.AutoTests" name="[3] /home/travis/build/icyphy/ptII/ptolemy/domains/de/test/auto/CancelFireAt.xml (RunModel)" time="0.005" />
  <testcase classname="ptolemy.util.test.junit.AutoTests" name="[4] /home/travis/build/icyphy/ptII/ptolemy/domains/de/test/auto/CausalityAndComposabilityAnalysis.xml (RunModel)" time="0.011" />
  <testcase classname="ptolemy.util.test.junit.AutoTests" name="[5] /home/travis/build/icyphy/ptII/ptolemy/domains/de/test/auto/CausalityInterface1.xml (RunModel)" time="0.012" />
  <testcase classname="ptolemy.util.test.junit.AutoTests" name="[6] /home/travis/build/icyphy/ptII/ptolemy/domains/de/test/auto/CausalityInterface15.xml (RunModel)" time="0.013" />
  <testcase classname="ptolemy.util.test.junit.AutoTests" name="[7] /home/travis/build/icyphy/ptII/ptolemy/domains/de/test/auto/CausalityInterface2.xml (RunModel)" time="0.01" />
  <testcase classname="ptolemy.util.test.junit.AutoTests" name="[8] /home/travis/build/icyphy/ptII/ptolemy/domains/de/test/auto/CausalityInterface3.xml (RunModel)" time="0.01" />
  <testcase classname="ptolemy.util.test.junit.AutoTests" name="[9] /home/travis/build/icyphy/ptII/ptolemy/domains/de/test/auto/ClockDrift.xml (RunModel)" time="0.029" />
  <testcase classname="ptolemy.util.test.junit.AutoTests" name="[10] /home/travis/build/icyphy/ptII/ptolemy/domains/de/test/auto/ClockDriftAndValueChange.xml (RunModel)" time="0.03" />
  <testcase classname="ptolemy.util.test.junit.AutoTests" name="[11] /home/travis/build/icyphy/ptII/ptolemy/domains/de/test/auto/ClockDriftChange.xml (RunModel)" time="0.025" />
  <testcase classname="ptolemy.util.test.junit.AutoTests" name="[12] /home/travis/build/icyphy/ptII/ptolemy/domains/de/test/auto/ComposableCausalityAnalysis.xml (RunModel)" time="0.02" />
  <testcase classname="ptolemy.util.test.junit.AutoTests" name="[13] /home/travis/build/icyphy/ptII/ptolemy/domains/de/test/auto/DEFixedPointLimitation.xml (RunModel)" time="0.009" />
  <testcase classname="ptolemy.util.test.junit.AutoTests" name="[14] /home/travis/build/icyphy/ptII/ptolemy/domains/de/test/auto/DEScheduleTest.xml (RunModel)" time="0.036" />
  <testcase classname="ptolemy.util.test.junit.AutoTests" name="[15] /home/travis/build/icyphy/ptII/ptolemy/domains/de/test/auto/DEinDEwithStartTimes.xml (RunModel)" time="0.013" />
  <testcase classname="ptolemy.util.test.junit.AutoTests" name="[16] /home/travis/build/icyphy/ptII/ptolemy/domains/de/test/auto/DEinDEwithStartTimes2.xml (RunModel)" time="0.016" />
  <testcase classname="ptolemy.util.test.junit.AutoTests" name="[17] /home/travis/build/icyphy/ptII/ptolemy/domains/de/test/auto/DateDemo.xml (RunModel)" time="0.025" />
  <testcase classname="ptolemy.util.test.junit.AutoTests" name="[18] /home/travis/build/icyphy/ptII/ptolemy/domains/de/test/auto/DateToEvent.xml (RunModel)" time="2.036" />
  <testcase classname="ptolemy.util.test.junit.AutoTests" name="[19] /home/travis/build/icyphy/ptII/ptolemy/domains/de/test/auto/DepthTest1.xml (RunModel)" time="0.01" />
  <testcase classname="ptolemy.util.test.junit.AutoTests" name="[20] /home/travis/build/icyphy/ptII/ptolemy/domains/de/test/auto/DepthTest2.xml (RunModel)" time="0.014" />
  <testcase classname="ptolemy.util.test.junit.AutoTests" name="[21] /home/travis/build/icyphy/ptII/ptolemy/domains/de/test/auto/DepthTest3.xml (RunModel)" time="0.006" />
  <testcase classname="ptolemy.util.test.junit.AutoTests" name="[22] /home/travis/build/icyphy/ptII/ptolemy/domains/de/test/auto/DepthTest4.xml (RunModel)" time="0.011" />
  <testcase classname="ptolemy.util.test.junit.AutoTests" name="[23] /home/travis/build/icyphy/ptII/ptolemy/domains/de/test/auto/DepthTest5.xml (RunModel)" time="0.011" />
  <testcase classname="ptolemy.util.test.junit.AutoTests" name="[24] /home/travis/build/icyphy/ptII/ptolemy/domains/de/test/auto/DepthTest6.xml (RunModel)" time="0.012" />
  <testcase classname="ptolemy.util.test.junit.AutoTests" name="[25] /home/travis/build/icyphy/ptII/ptolemy/domains/de/test/auto/DepthTest7.xml (RunModel)" time="0.011" />
  <testcase classname="ptolemy.util.test.junit.AutoTests" name="[26] /home/travis/build/icyphy/ptII/ptolemy/domains/de/test/auto/EventToDate.xml (RunModel)" time="3.028" />
  <testcase classname="ptolemy.util.test.junit.AutoTests" name="[27] /home/travis/build/icyphy/ptII/ptolemy/domains/de/test/auto/FSM1.xml (RunModel)" time="0.024" />
  <testcase classname="ptolemy.util.test.junit.AutoTests" name="[28] /home/travis/build/icyphy/ptII/ptolemy/domains/de/test/auto/FSM7.xml (RunModel)" time="0.023" />
  <testcase classname="ptolemy.util.test.junit.AutoTests" name="[29] /home/travis/build/icyphy/ptII/ptolemy/domains/de/test/auto/Inspection.xml (RunModel)" time="0.028" />
  <testcase classname="ptolemy.util.test.junit.AutoTests" name="[30] /home/travis/build/icyphy/ptII/ptolemy/domains/de/test/auto/Iteration.xml (RunModel)" time="0.014" />
  <testcase classname="ptolemy.util.test.junit.AutoTests" name="[31] /home/travis/build/icyphy/ptII/ptolemy/domains/de/test/auto/LineFault.xml (RunModel)" time="0.422" />
  <testcase classname="ptolemy.util.test.junit.AutoTests" name="[32] /home/travis/build/icyphy/ptII/ptolemy/domains/de/test/auto/MergeModel1Add.xml (RunModel)" time="0.037" />
  <testcase classname="ptolemy.util.test.junit.AutoTests" name="[33] /home/travis/build/icyphy/ptII/ptolemy/domains/de/test/auto/MergeModel2Add.xml (RunModel)" time="0.023" />
  <testcase classname="ptolemy.util.test.junit.AutoTests" name="[34] /home/travis/build/icyphy/ptII/ptolemy/domains/de/test/auto/MergeModel3Add.xml (RunModel)" time="0.032" />
  <testcase classname="ptolemy.util.test.junit.AutoTests" name="[35] /home/travis/build/icyphy/ptII/ptolemy/domains/de/test/auto/MergeWithoutDiscard.xml (RunModel)" time="0.008" />
  <testcase classname="ptolemy.util.test.junit.AutoTests" name="[36] /home/travis/build/icyphy/ptII/ptolemy/domains/de/test/auto/Modal1.xml (RunModel)" time="0.021" />
  <testcase classname="ptolemy.util.test.junit.AutoTests" name="[37] /home/travis/build/icyphy/ptII/ptolemy/domains/de/test/auto/Modal2.xml (RunModel)" time="0.02" />
  <testcase classname="ptolemy.util.test.junit.AutoTests" name="[38] /home/travis/build/icyphy/ptII/ptolemy/domains/de/test/auto/Modal3.xml (RunModel)" time="0.023" />
  <testcase classname="ptolemy.util.test.junit.AutoTests" name="[39] /home/travis/build/icyphy/ptII/ptolemy/domains/de/test/auto/Modal4.xml (RunModel)" time="0.02" />
  <testcase classname="ptolemy.util.test.junit.AutoTests" name="[40] /home/travis/build/icyphy/ptII/ptolemy/domains/de/test/auto/Modal5.xml (RunModel)" time="0.019" />
  <testcase classname="ptolemy.util.test.junit.AutoTests" name="[41] /home/travis/build/icyphy/ptII/ptolemy/domains/de/test/auto/Modal6.xml (RunModel)" time="0.019" />
  <testcase classname="ptolemy.util.test.junit.AutoTests" name="[42] /home/travis/build/icyphy/ptII/ptolemy/domains/de/test/auto/Modal7.xml (RunModel)" time="0.019" />
  <testcase classname="ptolemy.util.test.junit.AutoTests" name="[43] /home/travis/build/icyphy/ptII/ptolemy/domains/de/test/auto/ModalModel.xml (RunModel)" time="0.103" />
  <testcase classname="ptolemy.util.test.junit.AutoTests" name="[44] /home/travis/build/icyphy/ptII/ptolemy/domains/de/test/auto/ModalSource.xml (RunModel)" time="0.011" />
  <testcase classname="ptolemy.util.test.junit.AutoTests" name="[45] /home/travis/build/icyphy/ptII/ptolemy/domains/de/test/auto/NonInterruptibleTimerZeroDelay.xml (RunModel)" time="0.006" />
  <testcase classname="ptolemy.util.test.junit.AutoTests" name="[46] /home/travis/build/icyphy/ptII/ptolemy/domains/de/test/auto/OpenQueueingNetwork.xml (RunModel)" time="1.957" />
  <testcase classname="ptolemy.util.test.junit.AutoTests" name="[47] /home/travis/build/icyphy/ptII/ptolemy/domains/de/test/auto/OpenQueuingNetwork.xml (RunModel)" time="0.243" />
  <testcase classname="ptolemy.util.test.junit.AutoTests" name="[48] /home/travis/build/icyphy/ptII/ptolemy/domains/de/test/auto/PeriodicSampler.xml (RunModel)" time="0.011" />
  <testcase classname="ptolemy.util.test.junit.AutoTests" name="[49] /home/travis/build/icyphy/ptII/ptolemy/domains/de/test/auto/PersistentIO.xml (RunModel)" time="0.028" />
  <testcase classname="ptolemy.util.test.junit.AutoTests" name="[50] /home/travis/build/icyphy/ptII/ptolemy/domains/de/test/auto/PortParameterResetOnInitialize.xml (RunModel)" time="0.017" />
  <testcase classname="ptolemy.util.test.junit.AutoTests" name="[51] /home/travis/build/icyphy/ptII/ptolemy/domains/de/test/auto/PortParameterUpdates.xml (RunModel)" time="0.012" />
  <testcase classname="ptolemy.util.test.junit.AutoTests" name="[52] /home/travis/build/icyphy/ptII/ptolemy/domains/de/test/auto/QueueAndServer.xml (RunModel)" time="0.019" />
  <testcase classname="ptolemy.util.test.junit.AutoTests" name="[53] /home/travis/build/icyphy/ptII/ptolemy/domains/de/test/auto/Records.xml (RunModel)" time="0.016" />
  <testcase classname="ptolemy.util.test.junit.AutoTests" name="[54] /home/travis/build/icyphy/ptII/ptolemy/domains/de/test/auto/ResetTransitionWithStartTime1.xml (RunModel)" time="0.017" />
  <testcase classname="ptolemy.util.test.junit.AutoTests" name="[55] /home/travis/build/icyphy/ptII/ptolemy/domains/de/test/auto/ResetTransitionWithStartTime2.xml (RunModel)" time="0.021" />
  <testcase classname="ptolemy.util.test.junit.AutoTests" name="[56] /home/travis/build/icyphy/ptII/ptolemy/domains/de/test/auto/ResetTransitionWithStartTime3.xml (RunModel)" time="0.016" />
  <testcase classname="ptolemy.util.test.junit.AutoTests" name="[57] /home/travis/build/icyphy/ptII/ptolemy/domains/de/test/auto/ResetTransitionWithStartTime4.xml (RunModel)" time="0.017" />
  <testcase classname="ptolemy.util.test.junit.AutoTests" name="[58] /home/travis/build/icyphy/ptII/ptolemy/domains/de/test/auto/ResettableTimer1.xml (RunModel)" time="0.01" />
  <testcase classname="ptolemy.util.test.junit.AutoTests" name="[59] /home/travis/build/icyphy/ptII/ptolemy/domains/de/test/auto/ResettableTimer2.xml (RunModel)" time="0.008" />
  <testcase classname="ptolemy.util.test.junit.AutoTests" name="[60] /home/travis/build/icyphy/ptII/ptolemy/domains/de/test/auto/ResettableTimer3.xml (RunModel)" time="0.008" />
  <testcase classname="ptolemy.util.test.junit.AutoTests" name="[61] /home/travis/build/icyphy/ptII/ptolemy/domains/de/test/auto/ResettableTimer4.xml (RunModel)" time="0.007" />
  <testcase classname="ptolemy.util.test.junit.AutoTests" name="[62] /home/travis/build/icyphy/ptII/ptolemy/domains/de/test/auto/ResettableTimer5.xml (RunModel)" time="0.008" />
  <testcase classname="ptolemy.util.test.junit.AutoTests" name="[63] /home/travis/build/icyphy/ptII/ptolemy/domains/de/test/auto/ResettableTimer6.xml (RunModel)" time="0.019" />
  <testcase classname="ptolemy.util.test.junit.AutoTests" name="[64] /home/travis/build/icyphy/ptII/ptolemy/domains/de/test/auto/ServerZeroDelay.xml (RunModel)" time="0.014" />
  <testcase classname="ptolemy.util.test.junit.AutoTests" name="[65] /home/travis/build/icyphy/ptII/ptolemy/domains/de/test/auto/SmartSender.xml (RunModel)" time="3.008" />
  <testcase classname="ptolemy.util.test.junit.AutoTests" name="[66] /home/travis/build/icyphy/ptII/ptolemy/domains/de/test/auto/ThreadedComposite.xml (RunModel)" time="0.109" />
  <testcase classname="ptolemy.util.test.junit.AutoTests" name="[67] /home/travis/build/icyphy/ptII/ptolemy/domains/de/test/auto/Time.xml (RunModel)" time="0.427" />
  <testcase classname="ptolemy.util.test.junit.AutoTests" name="[68] /home/travis/build/icyphy/ptII/ptolemy/domains/de/test/auto/TimeDelayZeroDelay.xml (RunModel)" time="0.009" />
  <testcase classname="ptolemy.util.test.junit.AutoTests" name="[69] /home/travis/build/icyphy/ptII/ptolemy/domains/de/test/auto/TimerZeroDelay.xml (RunModel)" time="0.007" />
  <testcase classname="ptolemy.util.test.junit.AutoTests" name="[70] /home/travis/build/icyphy/ptII/ptolemy/domains/de/test/auto/TimingParadox.xml (RunModel)" time="0.323" />
  <testcase classname="ptolemy.util.test.junit.AutoTests" name="[71] /home/travis/build/icyphy/ptII/ptolemy/domains/de/test/auto/TransferInputs.xml (RunModel)" time="0.008" />
  <testcase classname="ptolemy.util.test.junit.AutoTests" name="[72] /home/travis/build/icyphy/ptII/ptolemy/domains/de/test/auto/TransferOutputs2.xml (RunModel)" time="0.013" />
  <testcase classname="ptolemy.util.test.junit.AutoTests" name="[73] /home/travis/build/icyphy/ptII/ptolemy/domains/de/test/auto/Trilateration.xml (RunModel)" time="12.616" />
  <testcase classname="ptolemy.util.test.junit.AutoTests" name="[74] /home/travis/build/icyphy/ptII/ptolemy/domains/de/test/auto/TwoSigmaDelta.xml (RunModel)" time="2.001" />
  <testcase classname="ptolemy.util.test.junit.AutoTests" name="[75] /home/travis/build/icyphy/ptII/ptolemy/domains/de/test/auto/VariableDelay.xml (RunModel)" time="0.009" />
  <testcase classname="ptolemy.util.test.junit.AutoTests" name="[76] /home/travis/build/icyphy/ptII/ptolemy/domains/de/test/auto/VariableDelay2.xml (RunModel)" time="0.008" />
  <testcase classname="ptolemy.util.test.junit.AutoTests" name="[77] /home/travis/build/icyphy/ptII/ptolemy/domains/de/test/auto/VariableDelayZeroDelay.xml (RunModel)" time="0.008" />
  <testcase classname="ptolemy.util.test.junit.AutoTests" name="[78] /home/travis/build/icyphy/ptII/ptolemy/domains/de/test/auto/VariableDelayZeroDelay2.xml (RunModel)" time="0.008" />
  <testcase classname="ptolemy.util.test.junit.AutoTests" name="[79] /home/travis/build/icyphy/ptII/ptolemy/domains/de/test/auto/deInCt.xml (RunModel)" time="0.013" />
  <testcase classname="ptolemy.util.test.junit.AutoTests" name="[80] /home/travis/build/icyphy/ptII/ptolemy/domains/de/test/auto/deInCt2.xml (RunModel)" time="0.025" />
  <testcase classname="ptolemy.util.test.junit.AutoTests" name="[81] /home/travis/build/icyphy/ptII/ptolemy/domains/de/test/auto/dynamicCausalityInterface1.xml (RunModel)" time="0.017" />
  <testcase classname="ptolemy.util.test.junit.AutoTests" name="[82] /home/travis/build/icyphy/ptII/ptolemy/domains/de/test/auto/fsm_de_test.xml (RunModel)" time="0.021" />
  <testcase classname="ptolemy.util.test.junit.AutoTests" name="[83] /home/travis/build/icyphy/ptII/ptolemy/domains/de/test/auto/functionDependencyReconstruction.xml (RunModel)" time="0.03" />
  <testcase classname="ptolemy.util.test.junit.AutoTests" name="[84] /home/travis/build/icyphy/ptII/ptolemy/domains/de/test/auto/multirate.xml (RunModel)" time="0.016" />
  <testcase classname="ptolemy.util.test.junit.AutoTests" name="[85] /home/travis/build/icyphy/ptII/ptolemy/domains/de/test/auto/multirate2.xml (RunModel)" time="0.013" />
  <testcase classname="ptolemy.util.test.junit.AutoTests" name="[86] /home/travis/build/icyphy/ptII/ptolemy/domains/de/test/auto/realtime.xml (RunModel)" time="10.009" />
  <testcase classname="ptolemy.util.test.junit.AutoTests" name="[87] /home/travis/build/icyphy/ptII/ptolemy/domains/de/test/auto/relationGroup.xml (RunModel)" time="0.007" />
  <testcase classname="ptolemy.util.test.junit.AutoTests" name="[88] /home/travis/build/icyphy/ptII/ptolemy/domains/de/test/auto/relationGroup2.xml (RunModel)" time="0.006" />
  <testcase classname="ptolemy.util.test.junit.AutoTests" name="[89] /home/travis/build/icyphy/ptII/ptolemy/domains/de/test/auto/sortWithOpaquePorts.xml (RunModel)" time="0.007" />
  <testcase classname="ptolemy.util.test.junit.AutoTests" name="[90] /home/travis/build/icyphy/ptII/ptolemy/domains/de/test/auto/transferInputsandOutputs.xml (RunModel)" time="0.013" />
  <testcase classname="ptolemy.util.test.junit.AutoTests" name="[91] /home/travis/build/icyphy/ptII/ptolemy/domains/de/test/auto/triggerType.xml (RunModel)" time="0.007" />
  <system-out><![CDATA[/home/travis/build/icyphy/ptII/ptolemy/domains/de/test/DependencyLoop.tcl
testDefs.tcl: setting time out to 9000 seconds at Fri Jul 13 02:04:58 UTC 2018
17 ms. Memory: 116224K Free: 93906K (81%)
5 ms. Memory: 146944K Free: 135025K (92%)
/home/travis/build/icyphy/ptII/ptolemy/domains/de/test/RunDETestsAsQSS.tcl
Run the DE tests using ptolemy.domains.qss.test.QSSDirectorTest, which extends QSSDirector and prints a message in the constructors.
------------------ testing $PTII/ptolemy/domains/de/test/auto/knownFailedTests/dependencyLoop.xml (Known Failure) 
14 ms. Memory: 146944K Free: 131904K (90%)


==== $PTIIhome/travis/build/icyphy/ptII/ptolemy/domains/de/test/../../../../: Auto Automatic test in file $PTII/ptolemy/domains/de/test/auto/knownFailedTests/dependencyLoop.xml
==== Contents of test case:

	    # FIXME: we should use $relativeFilename here, but it
	    # might have backslashes under Windows, which causes no end
	    # of trouble.
	    createAndExecute $file
	    list {}
	
.... Test generated KNOWN error:
    while executing
ptolemy.kernel.util.IllegalActionException: Found a zero delay loop containing .dependencyLoop.original
  in .dependencyLoop and .dependencyLoop.original
	at ptolemy.actor.util.CausalityInterfaceForComposites._computeOutputPortDepth(CausalityInterfaceForComposites.java:759)
	at ptolemy.actor.util.CausalityInterfaceForComposites._computeInputDepth(CausalityInterfaceForComposites.java:696)
	at ptolemy.actor.util.CausalityInterfaceForComposites._computeOutputPortDepth(CausalityInterfaceForComposites.java:765)
	at ptolemy.actor.util.CausalityInterfaceForComposites._computeInputDepth(CausalityInterfaceForComposites.java:696)
	at ptolemy.actor.util.CausalityInterfaceForComposites._computeOutputPortDepth(CausalityInterfaceForComposites.java:765)
	at ptolemy.actor.util.CausalityInterfaceForComposites._computeInputDepth(CausalityInterfaceForComposites.java:696)
	at ptolemy.actor.util.CausalityInterfaceForComposites._computeActorDepth(CausalityInterfaceForComposites.java:532)
	at ptolemy.actor.util.CausalityInterfaceForComposites.checkForCycles(CausalityInterfaceForComposites.java:96)
	at ptolemy.domains.de.kernel.DEDirector.preinitialize(DEDirector.java:1338)
	at ptolemy.actor.CompositeActor.preinitialize(CompositeActor.java:1828)
	at ptolemy.actor.Manager.preinitializeAndResolveTypes(Manager.java:1040)
	at ptolemy.actor.Manager.initialize(Manager.java:710)
	at ptolemy.actor.Manager.execute(Manager.java:356)
	at ptolemy.actor.Manager.run(Manager.java:1263)
	at ptolemy.actor.Manager$PtolemyRunThread.run(Manager.java:1915)

    while executing
ptolemy.kernel.util.IllegalActionException: Found a zero delay loop containing .dependencyLoop.original
  in .dependencyLoop and .dependencyLoop.original
    while executing
"java::new ptolemy.moml.MoMLSimpleApplication $file
"
    (procedure "createAndExecute" line 2)
    invoked from within
"createAndExecute $file"
    ("uplevel" body line 5)
    invoked from within
"uplevel $contents_of_test"
------------------ testing $PTII/ptolemy/domains/de/test/auto/knownFailedTests/DESDFClockTest.xml (Known Failure) 
2057 ms. Memory: 146944K Free: 116444K (79%)


==== $PTIIhome/travis/build/icyphy/ptII/ptolemy/domains/de/test/../../../../: Auto Automatic test in file $PTII/ptolemy/domains/de/test/auto/knownFailedTests/DESDFClockTest.xml
==== Contents of test case:

	    # FIXME: we should use $relativeFilename here, but it
	    # might have backslashes under Windows, which causes no end
	    # of trouble.
	    createAndExecute $file
	    list {}
	
.... Test generated KNOWN error:
    while executing
ptolemy.kernel.util.IllegalActionException: Actor is not ready to fire.  Perhaps UpSample.prefire() returned false? Try debugging the actor by selecting "Listen to Actor".  Also, for SDF check moml for tokenConsumptionRate on input.
  in .DESDFClockTest.Play Bell.Copy1:SDF Director and .DESDFClockTest.Play Bell.UpSample
	at ptolemy.actor.sched.StaticSchedulingDirector.fire(StaticSchedulingDirector.java:227)
	at ptolemy.domains.sdf.kernel.SDFDirector.fire(SDFDirector.java:500)
	at ptolemy.actor.CompositeActor.fire(CompositeActor.java:455)
	at ptolemy.domains.de.kernel.DEDirector._fire(DEDirector.java:1949)
	at ptolemy.domains.de.kernel.DEDirector.fire(DEDirector.java:502)
	at ptolemy.actor.CompositeActor.fire(CompositeActor.java:455)
	at ptolemy.actor.Manager.iterate(Manager.java:851)
	at ptolemy.actor.Manager.execute(Manager.java:369)
	at ptolemy.actor.Manager.run(Manager.java:1263)
	at ptolemy.actor.Manager$PtolemyRunThread.run(Manager.java:1915)

    while executing
ptolemy.kernel.util.IllegalActionException: Actor is not ready to fire.  Perhaps UpSample.prefire() returned false? Try debugging the actor by selecting "Listen to Actor".  Also, for SDF check moml for tokenConsumptionRate on input.
  in .DESDFClockTest.Play Bell.Copy1:SDF Director and .DESDFClockTest.Play Bell.UpSample
    while executing
"java::new ptolemy.moml.MoMLSimpleApplication $file
"
    (procedure "createAndExecute" line 2)
    invoked from within
"createAndExecute $file"
    ("uplevel" body line 5)
    invoked from within
"uplevel $contents_of_test"
------------------ testing $PTII/ptolemy/domains/de/test/auto/knownFailedTests/FSMSource.xml (Known Failure) 
34 ms. Memory: 146944K Free: 106844K (73%)
!!!! Auto was marked as failing, but now passes
------------------ testing $PTII/ptolemy/domains/de/test/auto/knownFailedTests/dependencyLoop2.xml (Known Failure) 
7 ms. Memory: 146944K Free: 104985K (71%)


==== $PTIIhome/travis/build/icyphy/ptII/ptolemy/domains/de/test/../../../../: Auto Automatic test in file $PTII/ptolemy/domains/de/test/auto/knownFailedTests/dependencyLoop2.xml
==== Contents of test case:

	    # FIXME: we should use $relativeFilename here, but it
	    # might have backslashes under Windows, which causes no end
	    # of trouble.
	    createAndExecute $file
	    list {}
	
.... Test generated KNOWN error:
    while executing
ptolemy.kernel.util.IllegalActionException: Found a zero delay loop containing .dependencyLoop2.original
  in .dependencyLoop2 and .dependencyLoop2.original
	at ptolemy.actor.util.CausalityInterfaceForComposites._computeOutputPortDepth(CausalityInterfaceForComposites.java:759)
	at ptolemy.actor.util.CausalityInterfaceForComposites._computeInputDepth(CausalityInterfaceForComposites.java:696)
	at ptolemy.actor.util.CausalityInterfaceForComposites._computeOutputPortDepth(CausalityInterfaceForComposites.java:765)
	at ptolemy.actor.util.CausalityInterfaceForComposites._computeInputDepth(CausalityInterfaceForComposites.java:696)
	at ptolemy.actor.util.CausalityInterfaceForComposites._computeOutputPortDepth(CausalityInterfaceForComposites.java:765)
	at ptolemy.actor.util.CausalityInterfaceForComposites._computeInputDepth(CausalityInterfaceForComposites.java:696)
	at ptolemy.actor.util.CausalityInterfaceForComposites._computeActorDepth(CausalityInterfaceForComposites.java:532)
	at ptolemy.actor.util.CausalityInterfaceForComposites.checkForCycles(CausalityInterfaceForComposites.java:96)
	at ptolemy.domains.de.kernel.DEDirector.preinitialize(DEDirector.java:1338)
	at ptolemy.actor.CompositeActor.preinitialize(CompositeActor.java:1828)
	at ptolemy.actor.Manager.preinitializeAndResolveTypes(Manager.java:1040)
	at ptolemy.actor.Manager.initialize(Manager.java:710)
	at ptolemy.actor.Manager.execute(Manager.java:356)
	at ptolemy.actor.Manager.run(Manager.java:1263)
	at ptolemy.actor.Manager$PtolemyRunThread.run(Manager.java:1915)

    while executing
ptolemy.kernel.util.IllegalActionException: Found a zero delay loop containing .dependencyLoop2.original
  in .dependencyLoop2 and .dependencyLoop2.original
    while executing
"java::new ptolemy.moml.MoMLSimpleApplication $file
"
    (procedure "createAndExecute" line 2)
    invoked from within
"createAndExecute $file"
    ("uplevel" body line 5)
    invoked from within
"uplevel $contents_of_test"
------------------ testing $PTII/ptolemy/domains/de/test/auto/knownFailedTests/HierarchicalModel.xml (Known Failure) 
4 ms. Memory: 146944K Free: 84349K (57%)


==== $PTIIhome/travis/build/icyphy/ptII/ptolemy/domains/de/test/../../../../: Auto Automatic test in file $PTII/ptolemy/domains/de/test/auto/knownFailedTests/HierarchicalModel.xml
==== Contents of test case:

	    # FIXME: we should use $relativeFilename here, but it
	    # might have backslashes under Windows, which causes no end
	    # of trouble.
	    createAndExecute $file
	    list {}
	
.... Test generated KNOWN error:
    while executing
ptolemy.kernel.util.IllegalActionException: Found a zero delay loop containing .HierarchicalModel.A
  in .HierarchicalModel and .HierarchicalModel.A
	at ptolemy.actor.util.CausalityInterfaceForComposites._computeOutputPortDepth(CausalityInterfaceForComposites.java:759)
	at ptolemy.actor.util.CausalityInterfaceForComposites._computeInputDepth(CausalityInterfaceForComposites.java:696)
	at ptolemy.actor.util.CausalityInterfaceForComposites._computeOutputPortDepth(CausalityInterfaceForComposites.java:765)
	at ptolemy.actor.util.CausalityInterfaceForComposites._computeInputDepth(CausalityInterfaceForComposites.java:696)
	at ptolemy.actor.util.CausalityInterfaceForComposites._computeOutputPortDepth(CausalityInterfaceForComposites.java:765)
	at ptolemy.actor.util.CausalityInterfaceForComposites._computeInputDepth(CausalityInterfaceForComposites.java:696)
	at ptolemy.actor.util.CausalityInterfaceForComposites._computeActorDepth(CausalityInterfaceForComposites.java:532)
	at ptolemy.actor.util.CausalityInterfaceForComposites.checkForCycles(CausalityInterfaceForComposites.java:96)
	at ptolemy.domains.de.kernel.DEDirector.preinitialize(DEDirector.java:1338)
	at ptolemy.actor.CompositeActor.preinitialize(CompositeActor.java:1828)
	at ptolemy.actor.Manager.preinitializeAndResolveTypes(Manager.java:1040)
	at ptolemy.actor.Manager.initialize(Manager.java:710)
	at ptolemy.actor.Manager.execute(Manager.java:356)
	at ptolemy.actor.Manager.run(Manager.java:1263)
	at ptolemy.actor.Manager$PtolemyRunThread.run(Manager.java:1915)

    while executing
ptolemy.kernel.util.IllegalActionException: Found a zero delay loop containing .HierarchicalModel.A
  in .HierarchicalModel and .HierarchicalModel.A
    while executing
"java::new ptolemy.moml.MoMLSimpleApplication $file
"
    (procedure "createAndExecute" line 2)
    invoked from within
"createAndExecute $file"
    ("uplevel" body line 5)
    invoked from within
"uplevel $contents_of_test"
------------------ testing $PTII/ptolemy/domains/de/test/auto/knownFailedTests/DirectFeedback.xml (Known Failure) 
3 ms. Memory: 146944K Free: 141401K (96%)


==== $PTIIhome/travis/build/icyphy/ptII/ptolemy/domains/de/test/../../../../: Auto Automatic test in file $PTII/ptolemy/domains/de/test/auto/knownFailedTests/DirectFeedback.xml
==== Contents of test case:

	    # FIXME: we should use $relativeFilename here, but it
	    # might have backslashes under Windows, which causes no end
	    # of trouble.
	    createAndExecute $file
	    list {}
	
.... Test generated KNOWN error:
    while executing
ptolemy.kernel.util.IllegalActionException: Test fails in iteration 1.
Value was: 1.0. Should have been: 2.0
  in .DirectFeedback.Test
	at ptolemy.actor.lib.Test.fire(Test.java:268)
	at ptolemy.domains.de.kernel.DEDirector._fire(DEDirector.java:1949)
	at ptolemy.domains.de.kernel.DEDirector.fire(DEDirector.java:502)
	at ptolemy.actor.CompositeActor.fire(CompositeActor.java:455)
	at ptolemy.actor.Manager.iterate(Manager.java:851)
	at ptolemy.actor.Manager.execute(Manager.java:369)
	at ptolemy.actor.Manager.run(Manager.java:1263)
	at ptolemy.actor.Manager$PtolemyRunThread.run(Manager.java:1915)

    while executing
ptolemy.kernel.util.IllegalActionException: Test fails in iteration 1.
Value was: 1.0. Should have been: 2.0
  in .DirectFeedback.Test
    while executing
"java::new ptolemy.moml.MoMLSimpleApplication $file
"
    (procedure "createAndExecute" line 2)
    invoked from within
"createAndExecute $file"
    ("uplevel" body line 5)
    invoked from within
"uplevel $contents_of_test"
------------------ testing $PTII/ptolemy/domains/de/test/auto/ActorDepthCalculation_actorWithoutPorts.xml
auto.tcl: Setting watchdog for 200 seconds at Fri Jul 13 02:05:01 UTC 2018
4 ms. Memory: 146944K Free: 132411K (90%)
ptolemy.util.test.WatchDog.cancel(): canceling Fri Jul 13 02:05:01 UTC 2018
auto.tcl: Setting watchdog for 200 seconds at Fri Jul 13 02:05:01 UTC 2018
4 ms. Memory: 146944K Free: 131371K (89%)
ptolemy.util.test.WatchDog.cancel(): canceling Fri Jul 13 02:05:01 UTC 2018
------------------ testing $PTII/ptolemy/domains/de/test/auto/AssemblyLine.xml
auto.tcl: Setting watchdog for 200 seconds at Fri Jul 13 02:05:01 UTC 2018
7 ms. Memory: 208384K Free: 182848K (88%)
ptolemy.util.test.WatchDog.cancel(): canceling Fri Jul 13 02:05:02 UTC 2018
auto.tcl: Setting watchdog for 200 seconds at Fri Jul 13 02:05:02 UTC 2018
6 ms. Memory: 208384K Free: 182848K (88%)
ptolemy.util.test.WatchDog.cancel(): canceling Fri Jul 13 02:05:02 UTC 2018
------------------ testing $PTII/ptolemy/domains/de/test/auto/CQBug1.xml
auto.tcl: Setting watchdog for 200 seconds at Fri Jul 13 02:05:02 UTC 2018
11 ms. Memory: 208384K Free: 197724K (95%)
ptolemy.util.test.WatchDog.cancel(): canceling Fri Jul 13 02:05:02 UTC 2018
auto.tcl: Setting watchdog for 200 seconds at Fri Jul 13 02:05:02 UTC 2018
7 ms. Memory: 208384K Free: 197724K (95%)
ptolemy.util.test.WatchDog.cancel(): canceling Fri Jul 13 02:05:02 UTC 2018
------------------ testing $PTII/ptolemy/domains/de/test/auto/CancelFireAt.xml
auto.tcl: Setting watchdog for 200 seconds at Fri Jul 13 02:05:02 UTC 2018
4 ms. Memory: 208384K Free: 201446K (97%)
ptolemy.util.test.WatchDog.cancel(): canceling Fri Jul 13 02:05:02 UTC 2018
auto.tcl: Setting watchdog for 200 seconds at Fri Jul 13 02:05:02 UTC 2018
7 ms. Memory: 208384K Free: 199343K (96%)
ptolemy.util.test.WatchDog.cancel(): canceling Fri Jul 13 02:05:02 UTC 2018
------------------ testing $PTII/ptolemy/domains/de/test/auto/CausalityAndComposabilityAnalysis.xml
auto.tcl: Setting watchdog for 200 seconds at Fri Jul 13 02:05:02 UTC 2018
15 ms. Memory: 208384K Free: 196503K (94%)
ptolemy.util.test.WatchDog.cancel(): canceling Fri Jul 13 02:05:02 UTC 2018
auto.tcl: Setting watchdog for 200 seconds at Fri Jul 13 02:05:02 UTC 2018
9 ms. Memory: 208384K Free: 196503K (94%)
ptolemy.util.test.WatchDog.cancel(): canceling Fri Jul 13 02:05:02 UTC 2018
------------------ testing $PTII/ptolemy/domains/de/test/auto/CausalityInterface1.xml
auto.tcl: Setting watchdog for 200 seconds at Fri Jul 13 02:05:02 UTC 2018
23 ms. Memory: 208384K Free: 196439K (94%)
ptolemy.util.test.WatchDog.cancel(): canceling Fri Jul 13 02:05:02 UTC 2018
auto.tcl: Setting watchdog for 200 seconds at Fri Jul 13 02:05:02 UTC 2018
5 ms. Memory: 208384K Free: 196439K (94%)
ptolemy.util.test.WatchDog.cancel(): canceling Fri Jul 13 02:05:02 UTC 2018
------------------ testing $PTII/ptolemy/domains/de/test/auto/CausalityInterface15.xml
auto.tcl: Setting watchdog for 200 seconds at Fri Jul 13 02:05:02 UTC 2018
21 ms. Memory: 208384K Free: 196430K (94%)
ptolemy.util.test.WatchDog.cancel(): canceling Fri Jul 13 02:05:02 UTC 2018
auto.tcl: Setting watchdog for 200 seconds at Fri Jul 13 02:05:02 UTC 2018
4 ms. Memory: 208384K Free: 196430K (94%)
ptolemy.util.test.WatchDog.cancel(): canceling Fri Jul 13 02:05:02 UTC 2018
------------------ testing $PTII/ptolemy/domains/de/test/auto/CausalityInterface2.xml
auto.tcl: Setting watchdog for 200 seconds at Fri Jul 13 02:05:02 UTC 2018
7 ms. Memory: 208384K Free: 196412K (94%)
ptolemy.util.test.WatchDog.cancel(): canceling Fri Jul 13 02:05:02 UTC 2018
auto.tcl: Setting watchdog for 200 seconds at Fri Jul 13 02:05:02 UTC 2018
3 ms. Memory: 208384K Free: 196412K (94%)
ptolemy.util.test.WatchDog.cancel(): canceling Fri Jul 13 02:05:02 UTC 2018
------------------ testing $PTII/ptolemy/domains/de/test/auto/CausalityInterface3.xml
auto.tcl: Setting watchdog for 200 seconds at Fri Jul 13 02:05:02 UTC 2018
7 ms. Memory: 208384K Free: 196425K (94%)
ptolemy.util.test.WatchDog.cancel(): canceling Fri Jul 13 02:05:02 UTC 2018
auto.tcl: Setting watchdog for 200 seconds at Fri Jul 13 02:05:02 UTC 2018
6 ms. Memory: 208384K Free: 196425K (94%)
ptolemy.util.test.WatchDog.cancel(): canceling Fri Jul 13 02:05:02 UTC 2018
------------------ testing $PTII/ptolemy/domains/de/test/auto/ClockDrift.xml
auto.tcl: Setting watchdog for 200 seconds at Fri Jul 13 02:05:02 UTC 2018
61 ms. Memory: 208384K Free: 187652K (90%)
ptolemy.util.test.WatchDog.cancel(): canceling Fri Jul 13 02:05:03 UTC 2018
auto.tcl: Setting watchdog for 200 seconds at Fri Jul 13 02:05:03 UTC 2018
64 ms. Memory: 208384K Free: 185551K (89%)
ptolemy.util.test.WatchDog.cancel(): canceling Fri Jul 13 02:05:03 UTC 2018
------------------ testing $PTII/ptolemy/domains/de/test/auto/ClockDriftAndValueChange.xml
auto.tcl: Setting watchdog for 200 seconds at Fri Jul 13 02:05:03 UTC 2018
43 ms. Memory: 208384K Free: 187480K (90%)
ptolemy.util.test.WatchDog.cancel(): canceling Fri Jul 13 02:05:03 UTC 2018
auto.tcl: Setting watchdog for 200 seconds at Fri Jul 13 02:05:03 UTC 2018
31 ms. Memory: 208384K Free: 185379K (89%)
ptolemy.util.test.WatchDog.cancel(): canceling Fri Jul 13 02:05:03 UTC 2018
------------------ testing $PTII/ptolemy/domains/de/test/auto/ClockDriftChange.xml
auto.tcl: Setting watchdog for 200 seconds at Fri Jul 13 02:05:03 UTC 2018
30 ms. Memory: 208384K Free: 190557K (91%)
ptolemy.util.test.WatchDog.cancel(): canceling Fri Jul 13 02:05:03 UTC 2018
auto.tcl: Setting watchdog for 200 seconds at Fri Jul 13 02:05:03 UTC 2018
26 ms. Memory: 208384K Free: 188455K (90%)
ptolemy.util.test.WatchDog.cancel(): canceling Fri Jul 13 02:05:03 UTC 2018
------------------ testing $PTII/ptolemy/domains/de/test/auto/ComposableCausalityAnalysis.xml
auto.tcl: Setting watchdog for 200 seconds at Fri Jul 13 02:05:03 UTC 2018
2 ms. Memory: 208384K Free: 196019K (94%)
ptolemy.util.test.WatchDog.cancel(): canceling Fri Jul 13 02:05:03 UTC 2018
auto.tcl: Setting watchdog for 200 seconds at Fri Jul 13 02:05:03 UTC 2018
2 ms. Memory: 208384K Free: 193918K (93%)
ptolemy.util.test.WatchDog.cancel(): canceling Fri Jul 13 02:05:03 UTC 2018
------------------ testing $PTII/ptolemy/domains/de/test/auto/DEFixedPointLimitation.xml
auto.tcl: Setting watchdog for 200 seconds at Fri Jul 13 02:05:03 UTC 2018
2 ms. Memory: 208384K Free: 196100K (94%)
ptolemy.util.test.WatchDog.cancel(): canceling Fri Jul 13 02:05:03 UTC 2018
auto.tcl: Setting watchdog for 200 seconds at Fri Jul 13 02:05:03 UTC 2018
1 ms. Memory: 208384K Free: 196100K (94%)
ptolemy.util.test.WatchDog.cancel(): canceling Fri Jul 13 02:05:03 UTC 2018
------------------ testing $PTII/ptolemy/domains/de/test/auto/DEScheduleTest.xml
auto.tcl: Setting watchdog for 200 seconds at Fri Jul 13 02:05:03 UTC 2018
4 ms. Memory: 208384K Free: 198237K (95%)
ptolemy.util.test.WatchDog.cancel(): canceling Fri Jul 13 02:05:03 UTC 2018
auto.tcl: Setting watchdog for 200 seconds at Fri Jul 13 02:05:03 UTC 2018
3 ms. Memory: 208384K Free: 196135K (94%)
ptolemy.util.test.WatchDog.cancel(): canceling Fri Jul 13 02:05:03 UTC 2018
------------------ testing $PTII/ptolemy/domains/de/test/auto/DEinDEwithStartTimes.xml
auto.tcl: Setting watchdog for 200 seconds at Fri Jul 13 02:05:03 UTC 2018
7 ms. Memory: 208384K Free: 196105K (94%)
ptolemy.util.test.WatchDog.cancel(): canceling Fri Jul 13 02:05:03 UTC 2018
auto.tcl: Setting watchdog for 200 seconds at Fri Jul 13 02:05:03 UTC 2018
3 ms. Memory: 208384K Free: 194004K (93%)
ptolemy.util.test.WatchDog.cancel(): canceling Fri Jul 13 02:05:03 UTC 2018
------------------ testing $PTII/ptolemy/domains/de/test/auto/DEinDEwithStartTimes2.xml
auto.tcl: Setting watchdog for 200 seconds at Fri Jul 13 02:05:03 UTC 2018
7 ms. Memory: 208384K Free: 196422K (94%)
ptolemy.util.test.WatchDog.cancel(): canceling Fri Jul 13 02:05:03 UTC 2018
auto.tcl: Setting watchdog for 200 seconds at Fri Jul 13 02:05:03 UTC 2018
4 ms. Memory: 208384K Free: 193983K (93%)
ptolemy.util.test.WatchDog.cancel(): canceling Fri Jul 13 02:05:03 UTC 2018
------------------ testing $PTII/ptolemy/domains/de/test/auto/DateDemo.xml
auto.tcl: Setting watchdog for 200 seconds at Fri Jul 13 02:05:03 UTC 2018
12 ms. Memory: 208384K Free: 188516K (90%)
ptolemy.util.test.WatchDog.cancel(): canceling Fri Jul 13 02:05:04 UTC 2018
auto.tcl: Setting watchdog for 200 seconds at Fri Jul 13 02:05:04 UTC 2018
6 ms. Memory: 208384K Free: 186415K (89%)
ptolemy.util.test.WatchDog.cancel(): canceling Fri Jul 13 02:05:04 UTC 2018
------------------ testing $PTII/ptolemy/domains/de/test/auto/DateToEvent.xml
auto.tcl: Setting watchdog for 200 seconds at Fri Jul 13 02:05:04 UTC 2018
2009 ms. Memory: 208384K Free: 183226K (88%)
ptolemy.util.test.WatchDog.cancel(): canceling Fri Jul 13 02:05:06 UTC 2018
auto.tcl: Setting watchdog for 200 seconds at Fri Jul 13 02:05:06 UTC 2018
2006 ms. Memory: 208384K Free: 183226K (88%)
ptolemy.util.test.WatchDog.cancel(): canceling Fri Jul 13 02:05:08 UTC 2018
------------------ testing $PTII/ptolemy/domains/de/test/auto/DepthTest1.xml
auto.tcl: Setting watchdog for 200 seconds at Fri Jul 13 02:05:08 UTC 2018
2 ms. Memory: 208384K Free: 197765K (95%)
ptolemy.util.test.WatchDog.cancel(): canceling Fri Jul 13 02:05:08 UTC 2018
auto.tcl: Setting watchdog for 200 seconds at Fri Jul 13 02:05:08 UTC 2018
1 ms. Memory: 208384K Free: 197765K (95%)
ptolemy.util.test.WatchDog.cancel(): canceling Fri Jul 13 02:05:08 UTC 2018
------------------ testing $PTII/ptolemy/domains/de/test/auto/DepthTest2.xml
auto.tcl: Setting watchdog for 200 seconds at Fri Jul 13 02:05:08 UTC 2018
4 ms. Memory: 208384K Free: 193964K (93%)
ptolemy.util.test.WatchDog.cancel(): canceling Fri Jul 13 02:05:08 UTC 2018
auto.tcl: Setting watchdog for 200 seconds at Fri Jul 13 02:05:08 UTC 2018
2 ms. Memory: 208384K Free: 193964K (93%)
ptolemy.util.test.WatchDog.cancel(): canceling Fri Jul 13 02:05:08 UTC 2018
------------------ testing $PTII/ptolemy/domains/de/test/auto/DepthTest3.xml
auto.tcl: Setting watchdog for 200 seconds at Fri Jul 13 02:05:08 UTC 2018
3 ms. Memory: 208384K Free: 198100K (95%)
ptolemy.util.test.WatchDog.cancel(): canceling Fri Jul 13 02:05:08 UTC 2018
auto.tcl: Setting watchdog for 200 seconds at Fri Jul 13 02:05:08 UTC 2018
3 ms. Memory: 208384K Free: 198100K (95%)
ptolemy.util.test.WatchDog.cancel(): canceling Fri Jul 13 02:05:08 UTC 2018
------------------ testing $PTII/ptolemy/domains/de/test/auto/DepthTest4.xml
auto.tcl: Setting watchdog for 200 seconds at Fri Jul 13 02:05:08 UTC 2018
6 ms. Memory: 208384K Free: 196085K (94%)
ptolemy.util.test.WatchDog.cancel(): canceling Fri Jul 13 02:05:08 UTC 2018
auto.tcl: Setting watchdog for 200 seconds at Fri Jul 13 02:05:08 UTC 2018
2 ms. Memory: 208384K Free: 196085K (94%)
ptolemy.util.test.WatchDog.cancel(): canceling Fri Jul 13 02:05:08 UTC 2018
------------------ testing $PTII/ptolemy/domains/de/test/auto/DepthTest5.xml
auto.tcl: Setting watchdog for 200 seconds at Fri Jul 13 02:05:08 UTC 2018
2 ms. Memory: 208384K Free: 196370K (94%)
ptolemy.util.test.WatchDog.cancel(): canceling Fri Jul 13 02:05:08 UTC 2018
auto.tcl: Setting watchdog for 200 seconds at Fri Jul 13 02:05:08 UTC 2018
2 ms. Memory: 208384K Free: 196370K (94%)
ptolemy.util.test.WatchDog.cancel(): canceling Fri Jul 13 02:05:08 UTC 2018
------------------ testing $PTII/ptolemy/domains/de/test/auto/DepthTest6.xml
auto.tcl: Setting watchdog for 200 seconds at Fri Jul 13 02:05:08 UTC 2018
5 ms. Memory: 208384K Free: 196002K (94%)
ptolemy.util.test.WatchDog.cancel(): canceling Fri Jul 13 02:05:08 UTC 2018
auto.tcl: Setting watchdog for 200 seconds at Fri Jul 13 02:05:08 UTC 2018
2 ms. Memory: 208384K Free: 196002K (94%)
ptolemy.util.test.WatchDog.cancel(): canceling Fri Jul 13 02:05:08 UTC 2018
------------------ testing $PTII/ptolemy/domains/de/test/auto/DepthTest7.xml
auto.tcl: Setting watchdog for 200 seconds at Fri Jul 13 02:05:08 UTC 2018
2 ms. Memory: 208384K Free: 195989K (94%)
ptolemy.util.test.WatchDog.cancel(): canceling Fri Jul 13 02:05:08 UTC 2018
auto.tcl: Setting watchdog for 200 seconds at Fri Jul 13 02:05:08 UTC 2018
2 ms. Memory: 208384K Free: 195989K (94%)
ptolemy.util.test.WatchDog.cancel(): canceling Fri Jul 13 02:05:08 UTC 2018
------------------ testing $PTII/ptolemy/domains/de/test/auto/EventToDate.xml
auto.tcl: Setting watchdog for 200 seconds at Fri Jul 13 02:05:08 UTC 2018
3011 ms. Memory: 208384K Free: 185503K (89%)
ptolemy.util.test.WatchDog.cancel(): canceling Fri Jul 13 02:05:11 UTC 2018
auto.tcl: Setting watchdog for 200 seconds at Fri Jul 13 02:05:11 UTC 2018
3004 ms. Memory: 208384K Free: 185503K (89%)
ptolemy.util.test.WatchDog.cancel(): canceling Fri Jul 13 02:05:14 UTC 2018
------------------ testing $PTII/ptolemy/domains/de/test/auto/FSM1.xml
auto.tcl: Setting watchdog for 200 seconds at Fri Jul 13 02:05:14 UTC 2018
23 ms. Memory: 208384K Free: 189039K (91%)
ptolemy.util.test.WatchDog.cancel(): canceling Fri Jul 13 02:05:14 UTC 2018
auto.tcl: Setting watchdog for 200 seconds at Fri Jul 13 02:05:14 UTC 2018
20 ms. Memory: 208384K Free: 182378K (88%)
ptolemy.util.test.WatchDog.cancel(): canceling Fri Jul 13 02:05:14 UTC 2018
------------------ testing $PTII/ptolemy/domains/de/test/auto/FSM7.xml
auto.tcl: Setting watchdog for 200 seconds at Fri Jul 13 02:05:14 UTC 2018
15 ms. Memory: 208384K Free: 187141K (90%)
ptolemy.util.test.WatchDog.cancel(): canceling Fri Jul 13 02:05:14 UTC 2018
auto.tcl: Setting watchdog for 200 seconds at Fri Jul 13 02:05:14 UTC 2018
14 ms. Memory: 208384K Free: 185040K (89%)
ptolemy.util.test.WatchDog.cancel(): canceling Fri Jul 13 02:05:14 UTC 2018
------------------ testing $PTII/ptolemy/domains/de/test/auto/Inspection.xml
auto.tcl: Setting watchdog for 200 seconds at Fri Jul 13 02:05:14 UTC 2018
22 ms. Memory: 208384K Free: 188355K (90%)
ptolemy.util.test.WatchDog.cancel(): canceling Fri Jul 13 02:05:15 UTC 2018
auto.tcl: Setting watchdog for 200 seconds at Fri Jul 13 02:05:15 UTC 2018
24 ms. Memory: 208384K Free: 186254K (89%)
ptolemy.util.test.WatchDog.cancel(): canceling Fri Jul 13 02:05:15 UTC 2018
------------------ testing $PTII/ptolemy/domains/de/test/auto/Iteration.xml
auto.tcl: Setting watchdog for 200 seconds at Fri Jul 13 02:05:15 UTC 2018
7 ms. Memory: 208384K Free: 195797K (94%)
ptolemy.util.test.WatchDog.cancel(): canceling Fri Jul 13 02:05:15 UTC 2018
auto.tcl: Setting watchdog for 200 seconds at Fri Jul 13 02:05:15 UTC 2018
6 ms. Memory: 208384K Free: 193696K (93%)
ptolemy.util.test.WatchDog.cancel(): canceling Fri Jul 13 02:05:15 UTC 2018
------------------ testing $PTII/ptolemy/domains/de/test/auto/LineFault.xml
auto.tcl: Setting watchdog for 200 seconds at Fri Jul 13 02:05:15 UTC 2018
706 ms. Memory: 208384K Free: 195900K (94%)
ptolemy.util.test.WatchDog.cancel(): canceling Fri Jul 13 02:05:16 UTC 2018
auto.tcl: Setting watchdog for 200 seconds at Fri Jul 13 02:05:16 UTC 2018
570 ms. Memory: 208384K Free: 138521K (66%)
ptolemy.util.test.WatchDog.cancel(): canceling Fri Jul 13 02:05:16 UTC 2018
------------------ testing $PTII/ptolemy/domains/de/test/auto/MergeModel1Add.xml
auto.tcl: Setting watchdog for 200 seconds at Fri Jul 13 02:05:16 UTC 2018
26 ms. Memory: 331264K Free: 298629K (90%)
ptolemy.util.test.WatchDog.cancel(): canceling Fri Jul 13 02:05:16 UTC 2018
auto.tcl: Setting watchdog for 200 seconds at Fri Jul 13 02:05:16 UTC 2018
9 ms. Memory: 331264K Free: 298629K (90%)
ptolemy.util.test.WatchDog.cancel(): canceling Fri Jul 13 02:05:16 UTC 2018
------------------ testing $PTII/ptolemy/domains/de/test/auto/MergeModel2Add.xml
auto.tcl: Setting watchdog for 200 seconds at Fri Jul 13 02:05:16 UTC 2018
9 ms. Memory: 331264K Free: 303912K (92%)
ptolemy.util.test.WatchDog.cancel(): canceling Fri Jul 13 02:05:16 UTC 2018
auto.tcl: Setting watchdog for 200 seconds at Fri Jul 13 02:05:16 UTC 2018
11 ms. Memory: 331264K Free: 299966K (91%)
ptolemy.util.test.WatchDog.cancel(): canceling Fri Jul 13 02:05:17 UTC 2018
------------------ testing $PTII/ptolemy/domains/de/test/auto/MergeModel3Add.xml
auto.tcl: Setting watchdog for 200 seconds at Fri Jul 13 02:05:17 UTC 2018
9 ms. Memory: 331264K Free: 303922K (92%)
ptolemy.util.test.WatchDog.cancel(): canceling Fri Jul 13 02:05:17 UTC 2018
auto.tcl: Setting watchdog for 200 seconds at Fri Jul 13 02:05:17 UTC 2018
6 ms. Memory: 331264K Free: 299977K (91%)
ptolemy.util.test.WatchDog.cancel(): canceling Fri Jul 13 02:05:17 UTC 2018
------------------ testing $PTII/ptolemy/domains/de/test/auto/MergeWithoutDiscard.xml
auto.tcl: Setting watchdog for 200 seconds at Fri Jul 13 02:05:17 UTC 2018
1 ms. Memory: 331264K Free: 319987K (97%)
ptolemy.util.test.WatchDog.cancel(): canceling Fri Jul 13 02:05:17 UTC 2018
auto.tcl: Setting watchdog for 200 seconds at Fri Jul 13 02:05:17 UTC 2018
1 ms. Memory: 331264K Free: 316041K (95%)
ptolemy.util.test.WatchDog.cancel(): canceling Fri Jul 13 02:05:17 UTC 2018
------------------ testing $PTII/ptolemy/domains/de/test/auto/Modal1.xml
auto.tcl: Setting watchdog for 200 seconds at Fri Jul 13 02:05:17 UTC 2018
21 ms. Memory: 331264K Free: 309667K (93%)
ptolemy.util.test.WatchDog.cancel(): canceling Fri Jul 13 02:05:17 UTC 2018
auto.tcl: Setting watchdog for 200 seconds at Fri Jul 13 02:05:17 UTC 2018
22 ms. Memory: 331264K Free: 305722K (92%)
ptolemy.util.test.WatchDog.cancel(): canceling Fri Jul 13 02:05:17 UTC 2018
------------------ testing $PTII/ptolemy/domains/de/test/auto/Modal2.xml
auto.tcl: Setting watchdog for 200 seconds at Fri Jul 13 02:05:17 UTC 2018
16 ms. Memory: 331264K Free: 309538K (93%)
ptolemy.util.test.WatchDog.cancel(): canceling Fri Jul 13 02:05:17 UTC 2018
auto.tcl: Setting watchdog for 200 seconds at Fri Jul 13 02:05:17 UTC 2018
16 ms. Memory: 331264K Free: 305593K (92%)
ptolemy.util.test.WatchDog.cancel(): canceling Fri Jul 13 02:05:17 UTC 2018
------------------ testing $PTII/ptolemy/domains/de/test/auto/Modal3.xml
auto.tcl: Setting watchdog for 200 seconds at Fri Jul 13 02:05:17 UTC 2018
9 ms. Memory: 331264K Free: 309807K (94%)
ptolemy.util.test.WatchDog.cancel(): canceling Fri Jul 13 02:05:17 UTC 2018
auto.tcl: Setting watchdog for 200 seconds at Fri Jul 13 02:05:17 UTC 2018
10 ms. Memory: 331264K Free: 305576K (92%)
ptolemy.util.test.WatchDog.cancel(): canceling Fri Jul 13 02:05:17 UTC 2018
------------------ testing $PTII/ptolemy/domains/de/test/auto/Modal4.xml
auto.tcl: Setting watchdog for 200 seconds at Fri Jul 13 02:05:17 UTC 2018
15 ms. Memory: 331264K Free: 309535K (93%)
ptolemy.util.test.WatchDog.cancel(): canceling Fri Jul 13 02:05:17 UTC 2018
auto.tcl: Setting watchdog for 200 seconds at Fri Jul 13 02:05:17 UTC 2018
15 ms. Memory: 331264K Free: 305590K (92%)
ptolemy.util.test.WatchDog.cancel(): canceling Fri Jul 13 02:05:17 UTC 2018
------------------ testing $PTII/ptolemy/domains/de/test/auto/Modal5.xml
auto.tcl: Setting watchdog for 200 seconds at Fri Jul 13 02:05:17 UTC 2018
15 ms. Memory: 331264K Free: 309522K (93%)
ptolemy.util.test.WatchDog.cancel(): canceling Fri Jul 13 02:05:17 UTC 2018
auto.tcl: Setting watchdog for 200 seconds at Fri Jul 13 02:05:17 UTC 2018
14 ms. Memory: 331264K Free: 305577K (92%)
ptolemy.util.test.WatchDog.cancel(): canceling Fri Jul 13 02:05:17 UTC 2018
------------------ testing $PTII/ptolemy/domains/de/test/auto/Modal6.xml
auto.tcl: Setting watchdog for 200 seconds at Fri Jul 13 02:05:17 UTC 2018
17 ms. Memory: 331264K Free: 309520K (93%)
ptolemy.util.test.WatchDog.cancel(): canceling Fri Jul 13 02:05:17 UTC 2018
auto.tcl: Setting watchdog for 200 seconds at Fri Jul 13 02:05:17 UTC 2018
12 ms. Memory: 331264K Free: 305575K (92%)
ptolemy.util.test.WatchDog.cancel(): canceling Fri Jul 13 02:05:17 UTC 2018
------------------ testing $PTII/ptolemy/domains/de/test/auto/Modal7.xml
auto.tcl: Setting watchdog for 200 seconds at Fri Jul 13 02:05:17 UTC 2018
9 ms. Memory: 331264K Free: 309521K (93%)
ptolemy.util.test.WatchDog.cancel(): canceling Fri Jul 13 02:05:17 UTC 2018
auto.tcl: Setting watchdog for 200 seconds at Fri Jul 13 02:05:17 UTC 2018
10 ms. Memory: 331264K Free: 305575K (92%)
ptolemy.util.test.WatchDog.cancel(): canceling Fri Jul 13 02:05:17 UTC 2018
------------------ testing $PTII/ptolemy/domains/de/test/auto/ModalModel.xml
auto.tcl: Setting watchdog for 200 seconds at Fri Jul 13 02:05:17 UTC 2018
192 ms. Memory: 331264K Free: 246003K (74%)
ptolemy.util.test.WatchDog.cancel(): canceling Fri Jul 13 02:05:18 UTC 2018
auto.tcl: Setting watchdog for 200 seconds at Fri Jul 13 02:05:18 UTC 2018
176 ms. Memory: 331264K Free: 190599K (58%)
ptolemy.util.test.WatchDog.cancel(): canceling Fri Jul 13 02:05:18 UTC 2018
------------------ testing $PTII/ptolemy/domains/de/test/auto/ModalSource.xml
auto.tcl: Setting watchdog for 200 seconds at Fri Jul 13 02:05:18 UTC 2018
5 ms. Memory: 331264K Free: 316286K (95%)
ptolemy.util.test.WatchDog.cancel(): canceling Fri Jul 13 02:05:18 UTC 2018
auto.tcl: Setting watchdog for 200 seconds at Fri Jul 13 02:05:18 UTC 2018
6 ms. Memory: 331264K Free: 312755K (94%)
ptolemy.util.test.WatchDog.cancel(): canceling Fri Jul 13 02:05:18 UTC 2018
------------------ testing $PTII/ptolemy/domains/de/test/auto/NonInterruptibleTimerZeroDelay.xml
auto.tcl: Setting watchdog for 200 seconds at Fri Jul 13 02:05:18 UTC 2018
4 ms. Memory: 331264K Free: 320655K (97%)
ptolemy.util.test.WatchDog.cancel(): canceling Fri Jul 13 02:05:18 UTC 2018
auto.tcl: Setting watchdog for 200 seconds at Fri Jul 13 02:05:18 UTC 2018
2 ms. Memory: 331264K Free: 317124K (96%)
ptolemy.util.test.WatchDog.cancel(): canceling Fri Jul 13 02:05:18 UTC 2018
------------------ testing $PTII/ptolemy/domains/de/test/auto/OpenQueueingNetwork.xml
auto.tcl: Setting watchdog for 200 seconds at Fri Jul 13 02:05:18 UTC 2018
2491 ms. Memory: 573952K Free: 414057K (72%)
ptolemy.util.test.WatchDog.cancel(): canceling Fri Jul 13 02:05:21 UTC 2018
auto.tcl: Setting watchdog for 200 seconds at Fri Jul 13 02:05:21 UTC 2018
2361 ms. Memory: 550912K Free: 295277K (54%)
ptolemy.util.test.WatchDog.cancel(): canceling Fri Jul 13 02:05:23 UTC 2018
------------------ testing $PTII/ptolemy/domains/de/test/auto/OpenQueuingNetwork.xml
auto.tcl: Setting watchdog for 200 seconds at Fri Jul 13 02:05:23 UTC 2018
229 ms. Memory: 549888K Free: 444397K (81%)
ptolemy.util.test.WatchDog.cancel(): canceling Fri Jul 13 02:05:23 UTC 2018
auto.tcl: Setting watchdog for 200 seconds at Fri Jul 13 02:05:23 UTC 2018
234 ms. Memory: 549888K Free: 383873K (70%)
ptolemy.util.test.WatchDog.cancel(): canceling Fri Jul 13 02:05:24 UTC 2018
------------------ testing $PTII/ptolemy/domains/de/test/auto/PeriodicSampler.xml
auto.tcl: Setting watchdog for 200 seconds at Fri Jul 13 02:05:24 UTC 2018
2 ms. Memory: 551936K Free: 530607K (96%)
ptolemy.util.test.WatchDog.cancel(): canceling Fri Jul 13 02:05:24 UTC 2018
auto.tcl: Setting watchdog for 200 seconds at Fri Jul 13 02:05:24 UTC 2018
2 ms. Memory: 551936K Free: 530607K (96%)
ptolemy.util.test.WatchDog.cancel(): canceling Fri Jul 13 02:05:24 UTC 2018
------------------ testing $PTII/ptolemy/domains/de/test/auto/PersistentIO.xml
auto.tcl: Setting watchdog for 200 seconds at Fri Jul 13 02:05:24 UTC 2018
4 ms. Memory: 549376K Free: 521905K (95%)
ptolemy.util.test.WatchDog.cancel(): canceling Fri Jul 13 02:05:24 UTC 2018
auto.tcl: Setting watchdog for 200 seconds at Fri Jul 13 02:05:24 UTC 2018
3 ms. Memory: 549376K Free: 521905K (95%)
ptolemy.util.test.WatchDog.cancel(): canceling Fri Jul 13 02:05:24 UTC 2018
------------------ testing $PTII/ptolemy/domains/de/test/auto/PortParameterResetOnInitialize.xml
auto.tcl: Setting watchdog for 200 seconds at Fri Jul 13 02:05:24 UTC 2018
2 ms. Memory: 551424K Free: 530556K (96%)
ptolemy.util.test.WatchDog.cancel(): canceling Fri Jul 13 02:05:24 UTC 2018
auto.tcl: Setting watchdog for 200 seconds at Fri Jul 13 02:05:24 UTC 2018
1 ms. Memory: 551424K Free: 530327K (96%)
ptolemy.util.test.WatchDog.cancel(): canceling Fri Jul 13 02:05:24 UTC 2018
------------------ testing $PTII/ptolemy/domains/de/test/auto/PortParameterUpdates.xml
auto.tcl: Setting watchdog for 200 seconds at Fri Jul 13 02:05:24 UTC 2018
3 ms. Memory: 549376K Free: 528412K (96%)
ptolemy.util.test.WatchDog.cancel(): canceling Fri Jul 13 02:05:24 UTC 2018
auto.tcl: Setting watchdog for 200 seconds at Fri Jul 13 02:05:24 UTC 2018
7 ms. Memory: 549376K Free: 521687K (95%)
ptolemy.util.test.WatchDog.cancel(): canceling Fri Jul 13 02:05:24 UTC 2018
------------------ testing $PTII/ptolemy/domains/de/test/auto/QueueAndServer.xml
auto.tcl: Setting watchdog for 200 seconds at Fri Jul 13 02:05:24 UTC 2018
10 ms. Memory: 551424K Free: 535331K (97%)
ptolemy.util.test.WatchDog.cancel(): canceling Fri Jul 13 02:05:24 UTC 2018
auto.tcl: Setting watchdog for 200 seconds at Fri Jul 13 02:05:24 UTC 2018
6 ms. Memory: 551424K Free: 528360K (96%)
ptolemy.util.test.WatchDog.cancel(): canceling Fri Jul 13 02:05:24 UTC 2018
------------------ testing $PTII/ptolemy/domains/de/test/auto/Records.xml
auto.tcl: Setting watchdog for 200 seconds at Fri Jul 13 02:05:24 UTC 2018
8 ms. Memory: 549376K Free: 532996K (97%)
ptolemy.util.test.WatchDog.cancel(): canceling Fri Jul 13 02:05:24 UTC 2018
auto.tcl: Setting watchdog for 200 seconds at Fri Jul 13 02:05:24 UTC 2018
2 ms. Memory: 549376K Free: 532996K (97%)
ptolemy.util.test.WatchDog.cancel(): canceling Fri Jul 13 02:05:24 UTC 2018
------------------ testing $PTII/ptolemy/domains/de/test/auto/ResetTransitionWithStartTime1.xml
auto.tcl: Setting watchdog for 200 seconds at Fri Jul 13 02:05:24 UTC 2018
10 ms. Memory: 551424K Free: 528567K (96%)
ptolemy.util.test.WatchDog.cancel(): canceling Fri Jul 13 02:05:24 UTC 2018
auto.tcl: Setting watchdog for 200 seconds at Fri Jul 13 02:05:24 UTC 2018
5 ms. Memory: 551424K Free: 528337K (96%)
ptolemy.util.test.WatchDog.cancel(): canceling Fri Jul 13 02:05:24 UTC 2018
------------------ testing $PTII/ptolemy/domains/de/test/auto/ResetTransitionWithStartTime2.xml
auto.tcl: Setting watchdog for 200 seconds at Fri Jul 13 02:05:24 UTC 2018
5 ms. Memory: 549376K Free: 526517K (96%)
ptolemy.util.test.WatchDog.cancel(): canceling Fri Jul 13 02:05:24 UTC 2018
auto.tcl: Setting watchdog for 200 seconds at Fri Jul 13 02:05:24 UTC 2018
5 ms. Memory: 549376K Free: 526517K (96%)
ptolemy.util.test.WatchDog.cancel(): canceling Fri Jul 13 02:05:24 UTC 2018
------------------ testing $PTII/ptolemy/domains/de/test/auto/ResetTransitionWithStartTime3.xml
auto.tcl: Setting watchdog for 200 seconds at Fri Jul 13 02:05:24 UTC 2018
5 ms. Memory: 550912K Free: 527822K (96%)
ptolemy.util.test.WatchDog.cancel(): canceling Fri Jul 13 02:05:24 UTC 2018
auto.tcl: Setting watchdog for 200 seconds at Fri Jul 13 02:05:24 UTC 2018
5 ms. Memory: 550912K Free: 527822K (96%)
ptolemy.util.test.WatchDog.cancel(): canceling Fri Jul 13 02:05:24 UTC 2018
------------------ testing $PTII/ptolemy/domains/de/test/auto/ResetTransitionWithStartTime4.xml
auto.tcl: Setting watchdog for 200 seconds at Fri Jul 13 02:05:24 UTC 2018
3 ms. Memory: 549376K Free: 526507K (96%)
ptolemy.util.test.WatchDog.cancel(): canceling Fri Jul 13 02:05:24 UTC 2018
auto.tcl: Setting watchdog for 200 seconds at Fri Jul 13 02:05:24 UTC 2018
4 ms. Memory: 549376K Free: 526507K (96%)
ptolemy.util.test.WatchDog.cancel(): canceling Fri Jul 13 02:05:24 UTC 2018
------------------ testing $PTII/ptolemy/domains/de/test/auto/ResettableTimer1.xml
auto.tcl: Setting watchdog for 200 seconds at Fri Jul 13 02:05:25 UTC 2018
2 ms. Memory: 550912K Free: 529862K (96%)
ptolemy.util.test.WatchDog.cancel(): canceling Fri Jul 13 02:05:25 UTC 2018
auto.tcl: Setting watchdog for 200 seconds at Fri Jul 13 02:05:25 UTC 2018
2 ms. Memory: 550912K Free: 529862K (96%)
ptolemy.util.test.WatchDog.cancel(): canceling Fri Jul 13 02:05:25 UTC 2018
------------------ testing $PTII/ptolemy/domains/de/test/auto/ResettableTimer2.xml
auto.tcl: Setting watchdog for 200 seconds at Fri Jul 13 02:05:25 UTC 2018
1 ms. Memory: 549376K Free: 533293K (97%)
ptolemy.util.test.WatchDog.cancel(): canceling Fri Jul 13 02:05:25 UTC 2018
auto.tcl: Setting watchdog for 200 seconds at Fri Jul 13 02:05:25 UTC 2018
2 ms. Memory: 549376K Free: 533293K (97%)
ptolemy.util.test.WatchDog.cancel(): canceling Fri Jul 13 02:05:25 UTC 2018
------------------ testing $PTII/ptolemy/domains/de/test/auto/ResettableTimer3.xml
auto.tcl: Setting watchdog for 200 seconds at Fri Jul 13 02:05:25 UTC 2018
1 ms. Memory: 550912K Free: 529919K (96%)
ptolemy.util.test.WatchDog.cancel(): canceling Fri Jul 13 02:05:25 UTC 2018
auto.tcl: Setting watchdog for 200 seconds at Fri Jul 13 02:05:25 UTC 2018
1 ms. Memory: 550912K Free: 529919K (96%)
ptolemy.util.test.WatchDog.cancel(): canceling Fri Jul 13 02:05:25 UTC 2018
------------------ testing $PTII/ptolemy/domains/de/test/auto/ResettableTimer4.xml
auto.tcl: Setting watchdog for 200 seconds at Fri Jul 13 02:05:25 UTC 2018
2 ms. Memory: 549376K Free: 533306K (97%)
ptolemy.util.test.WatchDog.cancel(): canceling Fri Jul 13 02:05:25 UTC 2018
auto.tcl: Setting watchdog for 200 seconds at Fri Jul 13 02:05:25 UTC 2018
1 ms. Memory: 549376K Free: 533306K (97%)
ptolemy.util.test.WatchDog.cancel(): canceling Fri Jul 13 02:05:25 UTC 2018
------------------ testing $PTII/ptolemy/domains/de/test/auto/ResettableTimer5.xml
auto.tcl: Setting watchdog for 200 seconds at Fri Jul 13 02:05:25 UTC 2018
2 ms. Memory: 550400K Free: 529648K (96%)
ptolemy.util.test.WatchDog.cancel(): canceling Fri Jul 13 02:05:25 UTC 2018
auto.tcl: Setting watchdog for 200 seconds at Fri Jul 13 02:05:25 UTC 2018
1 ms. Memory: 550400K Free: 529648K (96%)
ptolemy.util.test.WatchDog.cancel(): canceling Fri Jul 13 02:05:25 UTC 2018
------------------ testing $PTII/ptolemy/domains/de/test/auto/ResettableTimer6.xml
auto.tcl: Setting watchdog for 200 seconds at Fri Jul 13 02:05:25 UTC 2018
1 ms. Memory: 549376K Free: 528344K (96%)
ptolemy.util.test.WatchDog.cancel(): canceling Fri Jul 13 02:05:25 UTC 2018
auto.tcl: Setting watchdog for 200 seconds at Fri Jul 13 02:05:25 UTC 2018
1 ms. Memory: 549376K Free: 528344K (96%)
ptolemy.util.test.WatchDog.cancel(): canceling Fri Jul 13 02:05:25 UTC 2018
------------------ testing $PTII/ptolemy/domains/de/test/auto/ServerZeroDelay.xml
auto.tcl: Setting watchdog for 200 seconds at Fri Jul 13 02:05:25 UTC 2018
3 ms. Memory: 550400K Free: 534268K (97%)
ptolemy.util.test.WatchDog.cancel(): canceling Fri Jul 13 02:05:25 UTC 2018
auto.tcl: Setting watchdog for 200 seconds at Fri Jul 13 02:05:25 UTC 2018
2 ms. Memory: 550400K Free: 534268K (97%)
ptolemy.util.test.WatchDog.cancel(): canceling Fri Jul 13 02:05:25 UTC 2018
------------------ testing $PTII/ptolemy/domains/de/test/auto/SmartSender.xml
auto.tcl: Setting watchdog for 200 seconds at Fri Jul 13 02:05:25 UTC 2018
3001 ms. Memory: 549376K Free: 528560K (96%)
ptolemy.util.test.WatchDog.cancel(): canceling Fri Jul 13 02:05:28 UTC 2018
auto.tcl: Setting watchdog for 200 seconds at Fri Jul 13 02:05:28 UTC 2018
3001 ms. Memory: 549376K Free: 528560K (96%)
ptolemy.util.test.WatchDog.cancel(): canceling Fri Jul 13 02:05:31 UTC 2018
------------------ testing $PTII/ptolemy/domains/de/test/auto/ThreadedComposite.xml
auto.tcl: Setting watchdog for 200 seconds at Fri Jul 13 02:05:31 UTC 2018
278 ms. Memory: 550400K Free: 513283K (93%)
ptolemy.util.test.WatchDog.cancel(): canceling Fri Jul 13 02:05:31 UTC 2018
auto.tcl: Setting watchdog for 200 seconds at Fri Jul 13 02:05:31 UTC 2018
158 ms. Memory: 550400K Free: 497199K (90%)
ptolemy.util.test.WatchDog.cancel(): canceling Fri Jul 13 02:05:31 UTC 2018
------------------ testing $PTII/ptolemy/domains/de/test/auto/Time.xml
auto.tcl: Setting watchdog for 200 seconds at Fri Jul 13 02:05:31 UTC 2018
491 ms. Memory: 549376K Free: 467218K (85%)
ptolemy.util.test.WatchDog.cancel(): canceling Fri Jul 13 02:05:32 UTC 2018
auto.tcl: Setting watchdog for 200 seconds at Fri Jul 13 02:05:32 UTC 2018
467 ms. Memory: 549376K Free: 406693K (74%)
ptolemy.util.test.WatchDog.cancel(): canceling Fri Jul 13 02:05:32 UTC 2018
------------------ testing $PTII/ptolemy/domains/de/test/auto/TimeDelayZeroDelay.xml
auto.tcl: Setting watchdog for 200 seconds at Fri Jul 13 02:05:32 UTC 2018
1 ms. Memory: 550400K Free: 533954K (97%)
ptolemy.util.test.WatchDog.cancel(): canceling Fri Jul 13 02:05:33 UTC 2018
auto.tcl: Setting watchdog for 200 seconds at Fri Jul 13 02:05:33 UTC 2018
2 ms. Memory: 550400K Free: 533954K (97%)
ptolemy.util.test.WatchDog.cancel(): canceling Fri Jul 13 02:05:33 UTC 2018
------------------ testing $PTII/ptolemy/domains/de/test/auto/TimerZeroDelay.xml
auto.tcl: Setting watchdog for 200 seconds at Fri Jul 13 02:05:33 UTC 2018
1 ms. Memory: 549376K Free: 533203K (97%)
ptolemy.util.test.WatchDog.cancel(): canceling Fri Jul 13 02:05:33 UTC 2018
auto.tcl: Setting watchdog for 200 seconds at Fri Jul 13 02:05:33 UTC 2018
2 ms. Memory: 549376K Free: 533203K (97%)
ptolemy.util.test.WatchDog.cancel(): canceling Fri Jul 13 02:05:33 UTC 2018
------------------ testing $PTII/ptolemy/domains/de/test/auto/TimingParadox.xml
auto.tcl: Setting watchdog for 200 seconds at Fri Jul 13 02:05:33 UTC 2018
296 ms. Memory: 549888K Free: 462383K (84%)
ptolemy.util.test.WatchDog.cancel(): canceling Fri Jul 13 02:05:33 UTC 2018
auto.tcl: Setting watchdog for 200 seconds at Fri Jul 13 02:05:33 UTC 2018
293 ms. Memory: 549888K Free: 428758K (78%)
ptolemy.util.test.WatchDog.cancel(): canceling Fri Jul 13 02:05:33 UTC 2018
------------------ testing $PTII/ptolemy/domains/de/test/auto/TransferInputs.xml
auto.tcl: Setting watchdog for 200 seconds at Fri Jul 13 02:05:33 UTC 2018
1 ms. Memory: 549888K Free: 532619K (97%)
ptolemy.util.test.WatchDog.cancel(): canceling Fri Jul 13 02:05:33 UTC 2018
auto.tcl: Setting watchdog for 200 seconds at Fri Jul 13 02:05:33 UTC 2018
2 ms. Memory: 549888K Free: 532619K (97%)
ptolemy.util.test.WatchDog.cancel(): canceling Fri Jul 13 02:05:33 UTC 2018
------------------ testing $PTII/ptolemy/domains/de/test/auto/TransferOutputs2.xml
auto.tcl: Setting watchdog for 200 seconds at Fri Jul 13 02:05:33 UTC 2018
3 ms. Memory: 549376K Free: 526484K (96%)
ptolemy.util.test.WatchDog.cancel(): canceling Fri Jul 13 02:05:33 UTC 2018
auto.tcl: Setting watchdog for 200 seconds at Fri Jul 13 02:05:33 UTC 2018
2 ms. Memory: 549376K Free: 526484K (96%)
ptolemy.util.test.WatchDog.cancel(): canceling Fri Jul 13 02:05:33 UTC 2018
------------------ testing $PTII/ptolemy/domains/de/test/auto/Trilateration.xml
auto.tcl: Setting watchdog for 200 seconds at Fri Jul 13 02:05:34 UTC 2018
13469 ms. Memory: 766976K Free: 133313K (17%)
ptolemy.util.test.WatchDog.cancel(): canceling Fri Jul 13 02:05:48 UTC 2018
auto.tcl: Setting watchdog for 200 seconds at Fri Jul 13 02:05:48 UTC 2018
10394 ms. Memory: 623104K Free: 526698K (85%)
ptolemy.util.test.WatchDog.cancel(): canceling Fri Jul 13 02:05:58 UTC 2018
------------------ testing $PTII/ptolemy/domains/de/test/auto/TwoSigmaDelta.xml
auto.tcl: Setting watchdog for 200 seconds at Fri Jul 13 02:05:58 UTC 2018
2584 ms. Memory: 619520K Free: 303990K (49%)
ptolemy.util.test.WatchDog.cancel(): canceling Fri Jul 13 02:06:01 UTC 2018
auto.tcl: Setting watchdog for 200 seconds at Fri Jul 13 02:06:01 UTC 2018
2138 ms. Memory: 619520K Free: 77212K (12%)
ptolemy.util.test.WatchDog.cancel(): canceling Fri Jul 13 02:06:03 UTC 2018
------------------ testing $PTII/ptolemy/domains/de/test/auto/VariableDelay.xml
auto.tcl: Setting watchdog for 200 seconds at Fri Jul 13 02:06:03 UTC 2018
2 ms. Memory: 623104K Free: 598821K (96%)
ptolemy.util.test.WatchDog.cancel(): canceling Fri Jul 13 02:06:03 UTC 2018
auto.tcl: Setting watchdog for 200 seconds at Fri Jul 13 02:06:03 UTC 2018
2 ms. Memory: 623104K Free: 598821K (96%)
ptolemy.util.test.WatchDog.cancel(): canceling Fri Jul 13 02:06:03 UTC 2018
------------------ testing $PTII/ptolemy/domains/de/test/auto/VariableDelay2.xml
auto.tcl: Setting watchdog for 200 seconds at Fri Jul 13 02:06:03 UTC 2018
2 ms. Memory: 619520K Free: 601062K (97%)
ptolemy.util.test.WatchDog.cancel(): canceling Fri Jul 13 02:06:03 UTC 2018
auto.tcl: Setting watchdog for 200 seconds at Fri Jul 13 02:06:03 UTC 2018
2 ms. Memory: 619520K Free: 601062K (97%)
ptolemy.util.test.WatchDog.cancel(): canceling Fri Jul 13 02:06:03 UTC 2018
------------------ testing $PTII/ptolemy/domains/de/test/auto/VariableDelayZeroDelay.xml
auto.tcl: Setting watchdog for 200 seconds at Fri Jul 13 02:06:03 UTC 2018
3 ms. Memory: 622592K Free: 598752K (96%)
ptolemy.util.test.WatchDog.cancel(): canceling Fri Jul 13 02:06:04 UTC 2018
auto.tcl: Setting watchdog for 200 seconds at Fri Jul 13 02:06:04 UTC 2018
1 ms. Memory: 622592K Free: 598752K (96%)
ptolemy.util.test.WatchDog.cancel(): canceling Fri Jul 13 02:06:04 UTC 2018
------------------ testing $PTII/ptolemy/domains/de/test/auto/VariableDelayZeroDelay2.xml
auto.tcl: Setting watchdog for 200 seconds at Fri Jul 13 02:06:04 UTC 2018
2 ms. Memory: 619520K Free: 595678K (96%)
ptolemy.util.test.WatchDog.cancel(): canceling Fri Jul 13 02:06:04 UTC 2018
auto.tcl: Setting watchdog for 200 seconds at Fri Jul 13 02:06:04 UTC 2018
2 ms. Memory: 619520K Free: 595678K (96%)
ptolemy.util.test.WatchDog.cancel(): canceling Fri Jul 13 02:06:04 UTC 2018
------------------ testing $PTII/ptolemy/domains/de/test/auto/deInCt.xml
auto.tcl: Setting watchdog for 200 seconds at Fri Jul 13 02:06:04 UTC 2018
0
1
1
1
0
0
0
0
1
1
0
0
0
1
1
1
0
0
0
1
1
1
0
0
1
1
1
0
0
0
0
1
1
1
0
0
0
1
1
1
0
0
0
0
0
11 ms. Memory: 622080K Free: 598205K (96%)
ptolemy.util.test.WatchDog.cancel(): canceling Fri Jul 13 02:06:04 UTC 2018
auto.tcl: Setting watchdog for 200 seconds at Fri Jul 13 02:06:04 UTC 2018
0
1
1
1
0
0
0
0
0
0
1
1
1
0
0
0
1
1
1
0
0
0
1
1
1
0
0
0
0
1
1
1
1
0
0
0
0
7 ms. Memory: 622080K Free: 598205K (96%)
ptolemy.util.test.WatchDog.cancel(): canceling Fri Jul 13 02:06:04 UTC 2018
------------------ testing $PTII/ptolemy/domains/de/test/auto/deInCt2.xml
auto.tcl: Setting watchdog for 200 seconds at Fri Jul 13 02:06:04 UTC 2018
0
1
1
1
0
0
1
1
1
0
0
1
1
1
0
0
1
1
1
0
0
1
1
1
0
0
1
1
1
0
0
1
1
1
0
0
1
1
1
0
0
0
8 ms. Memory: 619520K Free: 595675K (96%)
ptolemy.util.test.WatchDog.cancel(): canceling Fri Jul 13 02:06:04 UTC 2018
auto.tcl: Setting watchdog for 200 seconds at Fri Jul 13 02:06:04 UTC 2018
0
1
1
1
0
0
1
1
1
0
0
1
1
1
0
0
1
1
1
0
0
1
1
1
0
0
1
1
1
0
0
1
1
1
0
0
1
1
1
0
0
0
4 ms. Memory: 619520K Free: 595675K (96%)
ptolemy.util.test.WatchDog.cancel(): canceling Fri Jul 13 02:06:04 UTC 2018
------------------ testing $PTII/ptolemy/domains/de/test/auto/dynamicCausalityInterface1.xml
auto.tcl: Setting watchdog for 200 seconds at Fri Jul 13 02:06:04 UTC 2018
1 ms. Memory: 621568K Free: 589543K (95%)
ptolemy.util.test.WatchDog.cancel(): canceling Fri Jul 13 02:06:04 UTC 2018
auto.tcl: Setting watchdog for 200 seconds at Fri Jul 13 02:06:04 UTC 2018
1 ms. Memory: 621568K Free: 589543K (95%)
ptolemy.util.test.WatchDog.cancel(): canceling Fri Jul 13 02:06:04 UTC 2018
------------------ testing $PTII/ptolemy/domains/de/test/auto/fsm_de_test.xml
auto.tcl: Setting watchdog for 200 seconds at Fri Jul 13 02:06:04 UTC 2018
13 ms. Memory: 619520K Free: 595566K (96%)
ptolemy.util.test.WatchDog.cancel(): canceling Fri Jul 13 02:06:04 UTC 2018
auto.tcl: Setting watchdog for 200 seconds at Fri Jul 13 02:06:04 UTC 2018
4 ms. Memory: 619520K Free: 587382K (95%)
ptolemy.util.test.WatchDog.cancel(): canceling Fri Jul 13 02:06:04 UTC 2018
------------------ testing $PTII/ptolemy/domains/de/test/auto/functionDependencyReconstruction.xml
auto.tcl: Setting watchdog for 200 seconds at Fri Jul 13 02:06:04 UTC 2018
2 ms. Memory: 621568K Free: 589421K (95%)
ptolemy.util.test.WatchDog.cancel(): canceling Fri Jul 13 02:06:04 UTC 2018
auto.tcl: Setting watchdog for 200 seconds at Fri Jul 13 02:06:04 UTC 2018
2 ms. Memory: 621568K Free: 581229K (94%)
ptolemy.util.test.WatchDog.cancel(): canceling Fri Jul 13 02:06:04 UTC 2018
------------------ testing $PTII/ptolemy/domains/de/test/auto/multirate.xml
auto.tcl: Setting watchdog for 200 seconds at Fri Jul 13 02:06:04 UTC 2018
3 ms. Memory: 619520K Free: 595433K (96%)
ptolemy.util.test.WatchDog.cancel(): canceling Fri Jul 13 02:06:04 UTC 2018
auto.tcl: Setting watchdog for 200 seconds at Fri Jul 13 02:06:04 UTC 2018
3 ms. Memory: 619520K Free: 595433K (96%)
ptolemy.util.test.WatchDog.cancel(): canceling Fri Jul 13 02:06:04 UTC 2018
------------------ testing $PTII/ptolemy/domains/de/test/auto/multirate2.xml
auto.tcl: Setting watchdog for 200 seconds at Fri Jul 13 02:06:04 UTC 2018
5 ms. Memory: 621056K Free: 597158K (96%)
ptolemy.util.test.WatchDog.cancel(): canceling Fri Jul 13 02:06:04 UTC 2018
auto.tcl: Setting watchdog for 200 seconds at Fri Jul 13 02:06:04 UTC 2018
3 ms. Memory: 621056K Free: 597158K (96%)
ptolemy.util.test.WatchDog.cancel(): canceling Fri Jul 13 02:06:04 UTC 2018
------------------ testing $PTII/ptolemy/domains/de/test/auto/realtime.xml
auto.tcl: Setting watchdog for 200 seconds at Fri Jul 13 02:06:04 UTC 2018
10001 ms. Memory: 619520K Free: 595589K (96%)
ptolemy.util.test.WatchDog.cancel(): canceling Fri Jul 13 02:06:14 UTC 2018
auto.tcl: Setting watchdog for 200 seconds at Fri Jul 13 02:06:14 UTC 2018
10001 ms. Memory: 619520K Free: 595589K (96%)
ptolemy.util.test.WatchDog.cancel(): canceling Fri Jul 13 02:06:24 UTC 2018
------------------ testing $PTII/ptolemy/domains/de/test/auto/relationGroup.xml
auto.tcl: Setting watchdog for 200 seconds at Fri Jul 13 02:06:24 UTC 2018
1 ms. Memory: 621056K Free: 597182K (96%)
ptolemy.util.test.WatchDog.cancel(): canceling Fri Jul 13 02:06:24 UTC 2018
auto.tcl: Setting watchdog for 200 seconds at Fri Jul 13 02:06:24 UTC 2018
1 ms. Memory: 621056K Free: 597182K (96%)
ptolemy.util.test.WatchDog.cancel(): canceling Fri Jul 13 02:06:24 UTC 2018
------------------ testing $PTII/ptolemy/domains/de/test/auto/relationGroup2.xml
auto.tcl: Setting watchdog for 200 seconds at Fri Jul 13 02:06:24 UTC 2018
2 ms. Memory: 619520K Free: 595672K (96%)
ptolemy.util.test.WatchDog.cancel(): canceling Fri Jul 13 02:06:24 UTC 2018
auto.tcl: Setting watchdog for 200 seconds at Fri Jul 13 02:06:24 UTC 2018
1 ms. Memory: 619520K Free: 595672K (96%)
ptolemy.util.test.WatchDog.cancel(): canceling Fri Jul 13 02:06:24 UTC 2018
------------------ testing $PTII/ptolemy/domains/de/test/auto/sortWithOpaquePorts.xml
auto.tcl: Setting watchdog for 200 seconds at Fri Jul 13 02:06:24 UTC 2018
1 ms. Memory: 620544K Free: 596697K (96%)
ptolemy.util.test.WatchDog.cancel(): canceling Fri Jul 13 02:06:24 UTC 2018
auto.tcl: Setting watchdog for 200 seconds at Fri Jul 13 02:06:24 UTC 2018
2 ms. Memory: 620544K Free: 596697K (96%)
ptolemy.util.test.WatchDog.cancel(): canceling Fri Jul 13 02:06:24 UTC 2018
------------------ testing $PTII/ptolemy/domains/de/test/auto/transferInputsandOutputs.xml
auto.tcl: Setting watchdog for 200 seconds at Fri Jul 13 02:06:24 UTC 2018
2 ms. Memory: 619520K Free: 595660K (96%)
ptolemy.util.test.WatchDog.cancel(): canceling Fri Jul 13 02:06:24 UTC 2018
auto.tcl: Setting watchdog for 200 seconds at Fri Jul 13 02:06:24 UTC 2018
2 ms. Memory: 619520K Free: 595660K (96%)
ptolemy.util.test.WatchDog.cancel(): canceling Fri Jul 13 02:06:24 UTC 2018
------------------ testing $PTII/ptolemy/domains/de/test/auto/triggerType.xml
auto.tcl: Setting watchdog for 200 seconds at Fri Jul 13 02:06:24 UTC 2018
1 ms. Memory: 620544K Free: 596634K (96%)
ptolemy.util.test.WatchDog.cancel(): canceling Fri Jul 13 02:06:24 UTC 2018
auto.tcl: Setting watchdog for 200 seconds at Fri Jul 13 02:06:24 UTC 2018
1 ms. Memory: 620544K Free: 596634K (96%)
ptolemy.util.test.WatchDog.cancel(): canceling Fri Jul 13 02:06:24 UTC 2018
07/13/18 02:06:25
Failed: 0  Total Tests: 192  ((Passed: 187, Newly Passed: 1)  Known Failed: 5) /home/travis/build/icyphy/ptII/ptolemy/domains/de/test
07/13/18 02:06:25
Failed: 0  Total Tests: 192  ((Passed: 187, Newly Passed: 1)  Known Failed: 5) /home/travis/build/icyphy/ptII/ptolemy/domains/de/test
----------------- testing (KnownFailure) /home/travis/build/icyphy/ptII/ptolemy/domains/de/test/auto/knownFailedTests/DESDFClockTest.xml
2012 ms. Memory: 619520K Free: 584902K (94%)
Known Failure: java.lang.reflect.InvocationTargetException
----------------- testing (KnownFailure) /home/travis/build/icyphy/ptII/ptolemy/domains/de/test/auto/knownFailedTests/DirectFeedback.xml
1 ms. Memory: 619520K Free: 541822K (87%)
Known Failure: java.lang.reflect.InvocationTargetException
----------------- testing (KnownFailure) /home/travis/build/icyphy/ptII/ptolemy/domains/de/test/auto/knownFailedTests/FSMSource.xml
5 ms. Memory: 619520K Free: 498772K (81%)
----------------- testing (KnownFailure) /home/travis/build/icyphy/ptII/ptolemy/domains/de/test/auto/knownFailedTests/HierarchicalModel.xml
2 ms. Memory: 619520K Free: 466470K (75%)
Known Failure: java.lang.reflect.InvocationTargetException
----------------- testing (KnownFailure) /home/travis/build/icyphy/ptII/ptolemy/domains/de/test/auto/knownFailedTests/dependencyLoop.xml
2 ms. Memory: 619520K Free: 412650K (67%)
Known Failure: java.lang.reflect.InvocationTargetException
----------------- testing (KnownFailure) /home/travis/build/icyphy/ptII/ptolemy/domains/de/test/auto/knownFailedTests/dependencyLoop2.xml
2 ms. Memory: 619520K Free: 358839K (58%)
Known Failure: java.lang.reflect.InvocationTargetException
No auto/linux-amd64/*.xml tests in /home/travis/build/icyphy/ptII/ptolemy/domains/de/test
AutoTests.java: About to close Vertx.
AutoTests.java: Vertx closed.

===========================================================================================
----------------- testing Fri Jul 13 02:06:27 UTC 2018 /home/travis/build/icyphy/ptII/ptolemy/domains/de/test/auto/ActorDepthCalculation_actorWithoutPorts.xml
----------------- Instantiating /home/travis/build/icyphy/ptII/ptolemy/domains/de/test/auto/ActorDepthCalculation_actorWithoutPorts.xml
2 ms. Memory: 619520K Free: 305027K (49%)
----------------- Invoking toplevel() on ptolemy.moml.MoMLSimpleApplication@3a82e501
----------------- Done invoking toplevel() on ptolemy.moml.MoMLSimpleApplication@3a82e501
reloadAllAccessors: .ActorDepthCalculation_actorWithoutPorts

===========================================================================================
----------------- testing Fri Jul 13 02:06:27 UTC 2018 /home/travis/build/icyphy/ptII/ptolemy/domains/de/test/auto/AssemblyLine.xml
----------------- Instantiating /home/travis/build/icyphy/ptII/ptolemy/domains/de/test/auto/AssemblyLine.xml
2 ms. Memory: 619520K Free: 283503K (46%)
----------------- Invoking toplevel() on ptolemy.moml.MoMLSimpleApplication@1f73b2fc
----------------- Done invoking toplevel() on ptolemy.moml.MoMLSimpleApplication@1f73b2fc
reloadAllAccessors: .AssemblyLine

===========================================================================================
----------------- testing Fri Jul 13 02:06:27 UTC 2018 /home/travis/build/icyphy/ptII/ptolemy/domains/de/test/auto/CQBug1.xml
----------------- Instantiating /home/travis/build/icyphy/ptII/ptolemy/domains/de/test/auto/CQBug1.xml
1 ms. Memory: 619520K Free: 261978K (42%)
----------------- Invoking toplevel() on ptolemy.moml.MoMLSimpleApplication@6aadf0a2
----------------- Done invoking toplevel() on ptolemy.moml.MoMLSimpleApplication@6aadf0a2
reloadAllAccessors: .CQBug1

===========================================================================================
----------------- testing Fri Jul 13 02:06:27 UTC 2018 /home/travis/build/icyphy/ptII/ptolemy/domains/de/test/auto/CancelFireAt.xml
----------------- Instantiating /home/travis/build/icyphy/ptII/ptolemy/domains/de/test/auto/CancelFireAt.xml
1 ms. Memory: 619520K Free: 240454K (39%)
----------------- Invoking toplevel() on ptolemy.moml.MoMLSimpleApplication@7f0cc578
----------------- Done invoking toplevel() on ptolemy.moml.MoMLSimpleApplication@7f0cc578
reloadAllAccessors: .CancelFireAt

===========================================================================================
----------------- testing Fri Jul 13 02:06:27 UTC 2018 /home/travis/build/icyphy/ptII/ptolemy/domains/de/test/auto/CausalityAndComposabilityAnalysis.xml
----------------- Instantiating /home/travis/build/icyphy/ptII/ptolemy/domains/de/test/auto/CausalityAndComposabilityAnalysis.xml
1 ms. Memory: 619520K Free: 218929K (35%)
----------------- Invoking toplevel() on ptolemy.moml.MoMLSimpleApplication@2f650f32
----------------- Done invoking toplevel() on ptolemy.moml.MoMLSimpleApplication@2f650f32
reloadAllAccessors: .CausalityAndComposabilityAnalysis

===========================================================================================
----------------- testing Fri Jul 13 02:06:27 UTC 2018 /home/travis/build/icyphy/ptII/ptolemy/domains/de/test/auto/CausalityInterface1.xml
----------------- Instantiating /home/travis/build/icyphy/ptII/ptolemy/domains/de/test/auto/CausalityInterface1.xml
4 ms. Memory: 619520K Free: 197405K (32%)
----------------- Invoking toplevel() on ptolemy.moml.MoMLSimpleApplication@6bb757b1
----------------- Done invoking toplevel() on ptolemy.moml.MoMLSimpleApplication@6bb757b1
reloadAllAccessors: .CausalityInterface1

===========================================================================================
----------------- testing Fri Jul 13 02:06:27 UTC 2018 /home/travis/build/icyphy/ptII/ptolemy/domains/de/test/auto/CausalityInterface15.xml
----------------- Instantiating /home/travis/build/icyphy/ptII/ptolemy/domains/de/test/auto/CausalityInterface15.xml
1 ms. Memory: 619520K Free: 175880K (28%)
----------------- Invoking toplevel() on ptolemy.moml.MoMLSimpleApplication@73fc0668
----------------- Done invoking toplevel() on ptolemy.moml.MoMLSimpleApplication@73fc0668
reloadAllAccessors: .CausalityInterface15

===========================================================================================
----------------- testing Fri Jul 13 02:06:27 UTC 2018 /home/travis/build/icyphy/ptII/ptolemy/domains/de/test/auto/CausalityInterface2.xml
----------------- Instantiating /home/travis/build/icyphy/ptII/ptolemy/domains/de/test/auto/CausalityInterface2.xml
2 ms. Memory: 619520K Free: 154356K (25%)
----------------- Invoking toplevel() on ptolemy.moml.MoMLSimpleApplication@331e88c2
----------------- Done invoking toplevel() on ptolemy.moml.MoMLSimpleApplication@331e88c2
reloadAllAccessors: .CausalityInterface2

===========================================================================================
----------------- testing Fri Jul 13 02:06:27 UTC 2018 /home/travis/build/icyphy/ptII/ptolemy/domains/de/test/auto/CausalityInterface3.xml
----------------- Instantiating /home/travis/build/icyphy/ptII/ptolemy/domains/de/test/auto/CausalityInterface3.xml
1 ms. Memory: 619520K Free: 132831K (21%)
----------------- Invoking toplevel() on ptolemy.moml.MoMLSimpleApplication@21588f41
----------------- Done invoking toplevel() on ptolemy.moml.MoMLSimpleApplication@21588f41
reloadAllAccessors: .CausalityInterface3

===========================================================================================
----------------- testing Fri Jul 13 02:06:27 UTC 2018 /home/travis/build/icyphy/ptII/ptolemy/domains/de/test/auto/ClockDrift.xml
----------------- Instantiating /home/travis/build/icyphy/ptII/ptolemy/domains/de/test/auto/ClockDrift.xml
10 ms. Memory: 619520K Free: 111307K (18%)
----------------- Invoking toplevel() on ptolemy.moml.MoMLSimpleApplication@32e2c45d
----------------- Done invoking toplevel() on ptolemy.moml.MoMLSimpleApplication@32e2c45d
reloadAllAccessors: .ClockDrift

===========================================================================================
----------------- testing Fri Jul 13 02:06:27 UTC 2018 /home/travis/build/icyphy/ptII/ptolemy/domains/de/test/auto/ClockDriftAndValueChange.xml
----------------- Instantiating /home/travis/build/icyphy/ptII/ptolemy/domains/de/test/auto/ClockDriftAndValueChange.xml
9 ms. Memory: 619520K Free: 89782K (14%)
----------------- Invoking toplevel() on ptolemy.moml.MoMLSimpleApplication@7fba2f37
----------------- Done invoking toplevel() on ptolemy.moml.MoMLSimpleApplication@7fba2f37
reloadAllAccessors: .ClockDriftAndValueChange

===========================================================================================
----------------- testing Fri Jul 13 02:06:27 UTC 2018 /home/travis/build/icyphy/ptII/ptolemy/domains/de/test/auto/ClockDriftChange.xml
----------------- Instantiating /home/travis/build/icyphy/ptII/ptolemy/domains/de/test/auto/ClockDriftChange.xml
9 ms. Memory: 619520K Free: 76490K (12%)
----------------- Invoking toplevel() on ptolemy.moml.MoMLSimpleApplication@6d164238
----------------- Done invoking toplevel() on ptolemy.moml.MoMLSimpleApplication@6d164238
reloadAllAccessors: .ClockDriftChange

===========================================================================================
----------------- testing Fri Jul 13 02:06:27 UTC 2018 /home/travis/build/icyphy/ptII/ptolemy/domains/de/test/auto/ComposableCausalityAnalysis.xml
----------------- Instantiating /home/travis/build/icyphy/ptII/ptolemy/domains/de/test/auto/ComposableCausalityAnalysis.xml
0 ms. Memory: 595456K Free: 569760K (96%)
----------------- Invoking toplevel() on ptolemy.moml.MoMLSimpleApplication@ff58179
----------------- Done invoking toplevel() on ptolemy.moml.MoMLSimpleApplication@ff58179
reloadAllAccessors: .ComposableCausalityAnalysis

===========================================================================================
----------------- testing Fri Jul 13 02:06:27 UTC 2018 /home/travis/build/icyphy/ptII/ptolemy/domains/de/test/auto/DEFixedPointLimitation.xml
----------------- Instantiating /home/travis/build/icyphy/ptII/ptolemy/domains/de/test/auto/DEFixedPointLimitation.xml
1 ms. Memory: 595456K Free: 544172K (91%)
----------------- Invoking toplevel() on ptolemy.moml.MoMLSimpleApplication@69bdeb72
----------------- Done invoking toplevel() on ptolemy.moml.MoMLSimpleApplication@69bdeb72
reloadAllAccessors: .DEFixedPointLimitation

===========================================================================================
----------------- testing Fri Jul 13 02:06:27 UTC 2018 /home/travis/build/icyphy/ptII/ptolemy/domains/de/test/auto/DEScheduleTest.xml
----------------- Instantiating /home/travis/build/icyphy/ptII/ptolemy/domains/de/test/auto/DEScheduleTest.xml
2 ms. Memory: 595456K Free: 523651K (88%)
----------------- Invoking toplevel() on ptolemy.moml.MoMLSimpleApplication@3a6b7890
----------------- Done invoking toplevel() on ptolemy.moml.MoMLSimpleApplication@3a6b7890
reloadAllAccessors: .DEScheduleTest

===========================================================================================
----------------- testing Fri Jul 13 02:06:27 UTC 2018 /home/travis/build/icyphy/ptII/ptolemy/domains/de/test/auto/DEinDEwithStartTimes.xml
----------------- Instantiating /home/travis/build/icyphy/ptII/ptolemy/domains/de/test/auto/DEinDEwithStartTimes.xml
2 ms. Memory: 595456K Free: 503130K (84%)
----------------- Invoking toplevel() on ptolemy.moml.MoMLSimpleApplication@4b23658e
----------------- Done invoking toplevel() on ptolemy.moml.MoMLSimpleApplication@4b23658e
reloadAllAccessors: .DEinDEwithStartTimes

===========================================================================================
----------------- testing Fri Jul 13 02:06:27 UTC 2018 /home/travis/build/icyphy/ptII/ptolemy/domains/de/test/auto/DEinDEwithStartTimes2.xml
----------------- Instantiating /home/travis/build/icyphy/ptII/ptolemy/domains/de/test/auto/DEinDEwithStartTimes2.xml
2 ms. Memory: 595456K Free: 482590K (81%)
----------------- Invoking toplevel() on ptolemy.moml.MoMLSimpleApplication@8f4a193
----------------- Done invoking toplevel() on ptolemy.moml.MoMLSimpleApplication@8f4a193
reloadAllAccessors: .DEinDEwithStartTimes2

===========================================================================================
----------------- testing Fri Jul 13 02:06:27 UTC 2018 /home/travis/build/icyphy/ptII/ptolemy/domains/de/test/auto/DateDemo.xml
----------------- Instantiating /home/travis/build/icyphy/ptII/ptolemy/domains/de/test/auto/DateDemo.xml
4 ms. Memory: 595456K Free: 451801K (76%)
----------------- Invoking toplevel() on ptolemy.moml.MoMLSimpleApplication@2ccdbd9c
----------------- Done invoking toplevel() on ptolemy.moml.MoMLSimpleApplication@2ccdbd9c
reloadAllAccessors: .DateDemo

===========================================================================================
----------------- testing Fri Jul 13 02:06:27 UTC 2018 /home/travis/build/icyphy/ptII/ptolemy/domains/de/test/auto/DateToEvent.xml
----------------- Instantiating /home/travis/build/icyphy/ptII/ptolemy/domains/de/test/auto/DateToEvent.xml
2005 ms. Memory: 595456K Free: 421019K (71%)
----------------- Invoking toplevel() on ptolemy.moml.MoMLSimpleApplication@2aa87423
----------------- Done invoking toplevel() on ptolemy.moml.MoMLSimpleApplication@2aa87423
reloadAllAccessors: .DateToEvent

===========================================================================================
----------------- testing Fri Jul 13 02:06:29 UTC 2018 /home/travis/build/icyphy/ptII/ptolemy/domains/de/test/auto/DepthTest1.xml
----------------- Instantiating /home/travis/build/icyphy/ptII/ptolemy/domains/de/test/auto/DepthTest1.xml
1 ms. Memory: 595456K Free: 400498K (67%)
----------------- Invoking toplevel() on ptolemy.moml.MoMLSimpleApplication@6260b734
----------------- Done invoking toplevel() on ptolemy.moml.MoMLSimpleApplication@6260b734
reloadAllAccessors: .DepthTest1

===========================================================================================
----------------- testing Fri Jul 13 02:06:29 UTC 2018 /home/travis/build/icyphy/ptII/ptolemy/domains/de/test/auto/DepthTest2.xml
----------------- Instantiating /home/travis/build/icyphy/ptII/ptolemy/domains/de/test/auto/DepthTest2.xml
2 ms. Memory: 595456K Free: 379977K (64%)
----------------- Invoking toplevel() on ptolemy.moml.MoMLSimpleApplication@6ef80cfa
----------------- Done invoking toplevel() on ptolemy.moml.MoMLSimpleApplication@6ef80cfa
reloadAllAccessors: .DepthTest2

===========================================================================================
----------------- testing Fri Jul 13 02:06:29 UTC 2018 /home/travis/build/icyphy/ptII/ptolemy/domains/de/test/auto/DepthTest3.xml
----------------- Instantiating /home/travis/build/icyphy/ptII/ptolemy/domains/de/test/auto/DepthTest3.xml
1 ms. Memory: 595456K Free: 359456K (60%)
----------------- Invoking toplevel() on ptolemy.moml.MoMLSimpleApplication@4c6ff3ac
----------------- Done invoking toplevel() on ptolemy.moml.MoMLSimpleApplication@4c6ff3ac
reloadAllAccessors: .DepthTest3

===========================================================================================
----------------- testing Fri Jul 13 02:06:29 UTC 2018 /home/travis/build/icyphy/ptII/ptolemy/domains/de/test/auto/DepthTest4.xml
----------------- Instantiating /home/travis/build/icyphy/ptII/ptolemy/domains/de/test/auto/DepthTest4.xml
1 ms. Memory: 595456K Free: 338935K (57%)
----------------- Invoking toplevel() on ptolemy.moml.MoMLSimpleApplication@308559b7
----------------- Done invoking toplevel() on ptolemy.moml.MoMLSimpleApplication@308559b7
reloadAllAccessors: .DepthTest4

===========================================================================================
----------------- testing Fri Jul 13 02:06:29 UTC 2018 /home/travis/build/icyphy/ptII/ptolemy/domains/de/test/auto/DepthTest5.xml
----------------- Instantiating /home/travis/build/icyphy/ptII/ptolemy/domains/de/test/auto/DepthTest5.xml
1 ms. Memory: 595456K Free: 313348K (53%)
----------------- Invoking toplevel() on ptolemy.moml.MoMLSimpleApplication@1fb890eb
----------------- Done invoking toplevel() on ptolemy.moml.MoMLSimpleApplication@1fb890eb
reloadAllAccessors: .DepthTest5

===========================================================================================
----------------- testing Fri Jul 13 02:06:29 UTC 2018 /home/travis/build/icyphy/ptII/ptolemy/domains/de/test/auto/DepthTest6.xml
----------------- Instantiating /home/travis/build/icyphy/ptII/ptolemy/domains/de/test/auto/DepthTest6.xml
3 ms. Memory: 595456K Free: 292827K (49%)
----------------- Invoking toplevel() on ptolemy.moml.MoMLSimpleApplication@3880a8ff
----------------- Done invoking toplevel() on ptolemy.moml.MoMLSimpleApplication@3880a8ff
reloadAllAccessors: .DepthTest6

===========================================================================================
----------------- testing Fri Jul 13 02:06:29 UTC 2018 /home/travis/build/icyphy/ptII/ptolemy/domains/de/test/auto/DepthTest7.xml
----------------- Instantiating /home/travis/build/icyphy/ptII/ptolemy/domains/de/test/auto/DepthTest7.xml
2 ms. Memory: 595456K Free: 272306K (46%)
----------------- Invoking toplevel() on ptolemy.moml.MoMLSimpleApplication@2e7d495a
----------------- Done invoking toplevel() on ptolemy.moml.MoMLSimpleApplication@2e7d495a
reloadAllAccessors: .DepthTest7

===========================================================================================
----------------- testing Fri Jul 13 02:06:29 UTC 2018 /home/travis/build/icyphy/ptII/ptolemy/domains/de/test/auto/EventToDate.xml
----------------- Instantiating /home/travis/build/icyphy/ptII/ptolemy/domains/de/test/auto/EventToDate.xml
3004 ms. Memory: 595456K Free: 241516K (41%)
----------------- Invoking toplevel() on ptolemy.moml.MoMLSimpleApplication@2efe15d4
----------------- Done invoking toplevel() on ptolemy.moml.MoMLSimpleApplication@2efe15d4
reloadAllAccessors: .EventToDate

===========================================================================================
----------------- testing Fri Jul 13 02:06:32 UTC 2018 /home/travis/build/icyphy/ptII/ptolemy/domains/de/test/auto/FSM1.xml
----------------- Instantiating /home/travis/build/icyphy/ptII/ptolemy/domains/de/test/auto/FSM1.xml
6 ms. Memory: 595456K Free: 220995K (37%)
----------------- Invoking toplevel() on ptolemy.moml.MoMLSimpleApplication@6204d5f9
----------------- Done invoking toplevel() on ptolemy.moml.MoMLSimpleApplication@6204d5f9
reloadAllAccessors: .FSM1

===========================================================================================
----------------- testing Fri Jul 13 02:06:32 UTC 2018 /home/travis/build/icyphy/ptII/ptolemy/domains/de/test/auto/FSM7.xml
----------------- Instantiating /home/travis/build/icyphy/ptII/ptolemy/domains/de/test/auto/FSM7.xml
6 ms. Memory: 595456K Free: 200474K (34%)
----------------- Invoking toplevel() on ptolemy.moml.MoMLSimpleApplication@64765a28
----------------- Done invoking toplevel() on ptolemy.moml.MoMLSimpleApplication@64765a28
reloadAllAccessors: .FSM7

===========================================================================================
----------------- testing Fri Jul 13 02:06:32 UTC 2018 /home/travis/build/icyphy/ptII/ptolemy/domains/de/test/auto/Inspection.xml
----------------- Instantiating /home/travis/build/icyphy/ptII/ptolemy/domains/de/test/auto/Inspection.xml
9 ms. Memory: 595456K Free: 169677K (28%)
----------------- Invoking toplevel() on ptolemy.moml.MoMLSimpleApplication@17fb7c88
----------------- Done invoking toplevel() on ptolemy.moml.MoMLSimpleApplication@17fb7c88
reloadAllAccessors: .Inspection

===========================================================================================
----------------- testing Fri Jul 13 02:06:32 UTC 2018 /home/travis/build/icyphy/ptII/ptolemy/domains/de/test/auto/Iteration.xml
----------------- Instantiating /home/travis/build/icyphy/ptII/ptolemy/domains/de/test/auto/Iteration.xml
3 ms. Memory: 595456K Free: 149156K (25%)
----------------- Invoking toplevel() on ptolemy.moml.MoMLSimpleApplication@162e7837
----------------- Done invoking toplevel() on ptolemy.moml.MoMLSimpleApplication@162e7837
reloadAllAccessors: .Iteration

===========================================================================================
----------------- testing Fri Jul 13 02:06:32 UTC 2018 /home/travis/build/icyphy/ptII/ptolemy/domains/de/test/auto/LineFault.xml
----------------- Instantiating /home/travis/build/icyphy/ptII/ptolemy/domains/de/test/auto/LineFault.xml
329 ms. Memory: 571392K Free: 507278K (89%)
----------------- Invoking toplevel() on ptolemy.moml.MoMLSimpleApplication@210ca091
----------------- Done invoking toplevel() on ptolemy.moml.MoMLSimpleApplication@210ca091
reloadAllAccessors: .LineFault

===========================================================================================
----------------- testing Fri Jul 13 02:06:33 UTC 2018 /home/travis/build/icyphy/ptII/ptolemy/domains/de/test/auto/MergeModel1Add.xml
----------------- Instantiating /home/travis/build/icyphy/ptII/ptolemy/domains/de/test/auto/MergeModel1Add.xml
5 ms. Memory: 571392K Free: 474104K (83%)
----------------- Invoking toplevel() on ptolemy.moml.MoMLSimpleApplication@6af5c2bb
----------------- Done invoking toplevel() on ptolemy.moml.MoMLSimpleApplication@6af5c2bb
reloadAllAccessors: .MergeModel1Add

===========================================================================================
----------------- testing Fri Jul 13 02:06:33 UTC 2018 /home/travis/build/icyphy/ptII/ptolemy/domains/de/test/auto/MergeModel2Add.xml
----------------- Instantiating /home/travis/build/icyphy/ptII/ptolemy/domains/de/test/auto/MergeModel2Add.xml
3 ms. Memory: 571392K Free: 449623K (79%)
----------------- Invoking toplevel() on ptolemy.moml.MoMLSimpleApplication@3d921c4b
----------------- Done invoking toplevel() on ptolemy.moml.MoMLSimpleApplication@3d921c4b
reloadAllAccessors: .MergeModel2Add

===========================================================================================
----------------- testing Fri Jul 13 02:06:33 UTC 2018 /home/travis/build/icyphy/ptII/ptolemy/domains/de/test/auto/MergeModel3Add.xml
----------------- Instantiating /home/travis/build/icyphy/ptII/ptolemy/domains/de/test/auto/MergeModel3Add.xml
5 ms. Memory: 571392K Free: 425143K (74%)
----------------- Invoking toplevel() on ptolemy.moml.MoMLSimpleApplication@408cd4ca
----------------- Done invoking toplevel() on ptolemy.moml.MoMLSimpleApplication@408cd4ca
reloadAllAccessors: .MergeModel3Add

===========================================================================================
----------------- testing Fri Jul 13 02:06:33 UTC 2018 /home/travis/build/icyphy/ptII/ptolemy/domains/de/test/auto/MergeWithoutDiscard.xml
----------------- Instantiating /home/travis/build/icyphy/ptII/ptolemy/domains/de/test/auto/MergeWithoutDiscard.xml
1 ms. Memory: 571392K Free: 415364K (73%)
----------------- Invoking toplevel() on ptolemy.moml.MoMLSimpleApplication@5838df9a
----------------- Done invoking toplevel() on ptolemy.moml.MoMLSimpleApplication@5838df9a
reloadAllAccessors: .MergeWithoutDiscard

===========================================================================================
----------------- testing Fri Jul 13 02:06:33 UTC 2018 /home/travis/build/icyphy/ptII/ptolemy/domains/de/test/auto/Modal1.xml
----------------- Instantiating /home/travis/build/icyphy/ptII/ptolemy/domains/de/test/auto/Modal1.xml
7 ms. Memory: 571392K Free: 395782K (69%)
----------------- Invoking toplevel() on ptolemy.moml.MoMLSimpleApplication@2596515f
----------------- Done invoking toplevel() on ptolemy.moml.MoMLSimpleApplication@2596515f
reloadAllAccessors: .Modal1

===========================================================================================
----------------- testing Fri Jul 13 02:06:33 UTC 2018 /home/travis/build/icyphy/ptII/ptolemy/domains/de/test/auto/Modal2.xml
----------------- Instantiating /home/travis/build/icyphy/ptII/ptolemy/domains/de/test/auto/Modal2.xml
5 ms. Memory: 571392K Free: 376207K (66%)
----------------- Invoking toplevel() on ptolemy.moml.MoMLSimpleApplication@112cf1fe
----------------- Done invoking toplevel() on ptolemy.moml.MoMLSimpleApplication@112cf1fe
reloadAllAccessors: .Modal2

===========================================================================================
----------------- testing Fri Jul 13 02:06:33 UTC 2018 /home/travis/build/icyphy/ptII/ptolemy/domains/de/test/auto/Modal3.xml
----------------- Instantiating /home/travis/build/icyphy/ptII/ptolemy/domains/de/test/auto/Modal3.xml
5 ms. Memory: 571392K Free: 353407K (62%)
----------------- Invoking toplevel() on ptolemy.moml.MoMLSimpleApplication@4f5eeb09
----------------- Done invoking toplevel() on ptolemy.moml.MoMLSimpleApplication@4f5eeb09
reloadAllAccessors: .Modal3

===========================================================================================
----------------- testing Fri Jul 13 02:06:33 UTC 2018 /home/travis/build/icyphy/ptII/ptolemy/domains/de/test/auto/Modal4.xml
----------------- Instantiating /home/travis/build/icyphy/ptII/ptolemy/domains/de/test/auto/Modal4.xml
6 ms. Memory: 571392K Free: 333832K (58%)
----------------- Invoking toplevel() on ptolemy.moml.MoMLSimpleApplication@5984fee5
----------------- Done invoking toplevel() on ptolemy.moml.MoMLSimpleApplication@5984fee5
reloadAllAccessors: .Modal4

===========================================================================================
----------------- testing Fri Jul 13 02:06:33 UTC 2018 /home/travis/build/icyphy/ptII/ptolemy/domains/de/test/auto/Modal5.xml
----------------- Instantiating /home/travis/build/icyphy/ptII/ptolemy/domains/de/test/auto/Modal5.xml
5 ms. Memory: 571392K Free: 314242K (55%)
----------------- Invoking toplevel() on ptolemy.moml.MoMLSimpleApplication@254980fd
----------------- Done invoking toplevel() on ptolemy.moml.MoMLSimpleApplication@254980fd
reloadAllAccessors: .Modal5

===========================================================================================
----------------- testing Fri Jul 13 02:06:33 UTC 2018 /home/travis/build/icyphy/ptII/ptolemy/domains/de/test/auto/Modal6.xml
----------------- Instantiating /home/travis/build/icyphy/ptII/ptolemy/domains/de/test/auto/Modal6.xml
5 ms. Memory: 571392K Free: 299557K (52%)
----------------- Invoking toplevel() on ptolemy.moml.MoMLSimpleApplication@617a7596
----------------- Done invoking toplevel() on ptolemy.moml.MoMLSimpleApplication@617a7596
reloadAllAccessors: .Modal6

===========================================================================================
----------------- testing Fri Jul 13 02:06:33 UTC 2018 /home/travis/build/icyphy/ptII/ptolemy/domains/de/test/auto/Modal7.xml
----------------- Instantiating /home/travis/build/icyphy/ptII/ptolemy/domains/de/test/auto/Modal7.xml
4 ms. Memory: 571392K Free: 279982K (49%)
----------------- Invoking toplevel() on ptolemy.moml.MoMLSimpleApplication@140ea873
----------------- Done invoking toplevel() on ptolemy.moml.MoMLSimpleApplication@140ea873
reloadAllAccessors: .Modal7

===========================================================================================
----------------- testing Fri Jul 13 02:06:33 UTC 2018 /home/travis/build/icyphy/ptII/ptolemy/domains/de/test/auto/ModalModel.xml
----------------- Instantiating /home/travis/build/icyphy/ptII/ptolemy/domains/de/test/auto/ModalModel.xml
77 ms. Memory: 571392K Free: 206518K (36%)
----------------- Invoking toplevel() on ptolemy.moml.MoMLSimpleApplication@457253a5
----------------- Done invoking toplevel() on ptolemy.moml.MoMLSimpleApplication@457253a5
reloadAllAccessors: .ModalModel

===========================================================================================
----------------- testing Fri Jul 13 02:06:33 UTC 2018 /home/travis/build/icyphy/ptII/ptolemy/domains/de/test/auto/ModalSource.xml
----------------- Instantiating /home/travis/build/icyphy/ptII/ptolemy/domains/de/test/auto/ModalSource.xml
3 ms. Memory: 571392K Free: 191833K (34%)
----------------- Invoking toplevel() on ptolemy.moml.MoMLSimpleApplication@7ba36c3d
----------------- Done invoking toplevel() on ptolemy.moml.MoMLSimpleApplication@7ba36c3d
reloadAllAccessors: .ModalSource

===========================================================================================
----------------- testing Fri Jul 13 02:06:33 UTC 2018 /home/travis/build/icyphy/ptII/ptolemy/domains/de/test/auto/NonInterruptibleTimerZeroDelay.xml
----------------- Instantiating /home/travis/build/icyphy/ptII/ptolemy/domains/de/test/auto/NonInterruptibleTimerZeroDelay.xml
1 ms. Memory: 571392K Free: 178836K (31%)
----------------- Invoking toplevel() on ptolemy.moml.MoMLSimpleApplication@1ca2dfe5
----------------- Done invoking toplevel() on ptolemy.moml.MoMLSimpleApplication@1ca2dfe5
reloadAllAccessors: .NonInterruptibleTimerZeroDelay

===========================================================================================
----------------- testing Fri Jul 13 02:06:33 UTC 2018 /home/travis/build/icyphy/ptII/ptolemy/domains/de/test/auto/OpenQueueingNetwork.xml
----------------- Instantiating /home/travis/build/icyphy/ptII/ptolemy/domains/de/test/auto/OpenQueueingNetwork.xml
1899 ms. Memory: 526336K Free: 439817K (84%)
----------------- Invoking toplevel() on ptolemy.moml.MoMLSimpleApplication@6868c579
----------------- Done invoking toplevel() on ptolemy.moml.MoMLSimpleApplication@6868c579
reloadAllAccessors: .OpenQueueingNetwork

===========================================================================================
----------------- testing Fri Jul 13 02:06:35 UTC 2018 /home/travis/build/icyphy/ptII/ptolemy/domains/de/test/auto/OpenQueuingNetwork.xml
----------------- Instantiating /home/travis/build/icyphy/ptII/ptolemy/domains/de/test/auto/OpenQueuingNetwork.xml
203 ms. Memory: 526336K Free: 341768K (65%)
----------------- Invoking toplevel() on ptolemy.moml.MoMLSimpleApplication@4e06724c
----------------- Done invoking toplevel() on ptolemy.moml.MoMLSimpleApplication@4e06724c
reloadAllAccessors: .OpenQueuingNetwork

===========================================================================================
----------------- testing Fri Jul 13 02:06:35 UTC 2018 /home/travis/build/icyphy/ptII/ptolemy/domains/de/test/auto/PeriodicSampler.xml
----------------- Instantiating /home/travis/build/icyphy/ptII/ptolemy/domains/de/test/auto/PeriodicSampler.xml
2 ms. Memory: 526336K Free: 332870K (63%)
----------------- Invoking toplevel() on ptolemy.moml.MoMLSimpleApplication@50740fa7
----------------- Done invoking toplevel() on ptolemy.moml.MoMLSimpleApplication@50740fa7
reloadAllAccessors: .PeriodicSampler

===========================================================================================
----------------- testing Fri Jul 13 02:06:35 UTC 2018 /home/travis/build/icyphy/ptII/ptolemy/domains/de/test/auto/PersistentIO.xml
----------------- Instantiating /home/travis/build/icyphy/ptII/ptolemy/domains/de/test/auto/PersistentIO.xml
7 ms. Memory: 526336K Free: 319495K (61%)
----------------- Invoking toplevel() on ptolemy.moml.MoMLSimpleApplication@5a3b4d00
----------------- Done invoking toplevel() on ptolemy.moml.MoMLSimpleApplication@5a3b4d00
reloadAllAccessors: .PersistentIO

===========================================================================================
----------------- testing Fri Jul 13 02:06:35 UTC 2018 /home/travis/build/icyphy/ptII/ptolemy/domains/de/test/auto/PortParameterResetOnInitialize.xml
----------------- Instantiating /home/travis/build/icyphy/ptII/ptolemy/domains/de/test/auto/PortParameterResetOnInitialize.xml
5 ms. Memory: 526336K Free: 308628K (59%)
----------------- Invoking toplevel() on ptolemy.moml.MoMLSimpleApplication@5b11e395
----------------- Done invoking toplevel() on ptolemy.moml.MoMLSimpleApplication@5b11e395
reloadAllAccessors: .PortParameterResetOnInitialize

===========================================================================================
----------------- testing Fri Jul 13 02:06:35 UTC 2018 /home/travis/build/icyphy/ptII/ptolemy/domains/de/test/auto/PortParameterUpdates.xml
----------------- Instantiating /home/travis/build/icyphy/ptII/ptolemy/domains/de/test/auto/PortParameterUpdates.xml
3 ms. Memory: 526336K Free: 295279K (56%)
----------------- Invoking toplevel() on ptolemy.moml.MoMLSimpleApplication@169e51e2
----------------- Done invoking toplevel() on ptolemy.moml.MoMLSimpleApplication@169e51e2
reloadAllAccessors: .PortParameterUpdates

===========================================================================================
----------------- testing Fri Jul 13 02:06:35 UTC 2018 /home/travis/build/icyphy/ptII/ptolemy/domains/de/test/auto/QueueAndServer.xml
----------------- Instantiating /home/travis/build/icyphy/ptII/ptolemy/domains/de/test/auto/QueueAndServer.xml
4 ms. Memory: 526336K Free: 281915K (54%)
----------------- Invoking toplevel() on ptolemy.moml.MoMLSimpleApplication@6947d80a
----------------- Done invoking toplevel() on ptolemy.moml.MoMLSimpleApplication@6947d80a
reloadAllAccessors: .QueueAndServer

===========================================================================================
----------------- testing Fri Jul 13 02:06:35 UTC 2018 /home/travis/build/icyphy/ptII/ptolemy/domains/de/test/auto/Records.xml
----------------- Instantiating /home/travis/build/icyphy/ptII/ptolemy/domains/de/test/auto/Records.xml
6 ms. Memory: 526336K Free: 268551K (51%)
----------------- Invoking toplevel() on ptolemy.moml.MoMLSimpleApplication@474a62f
----------------- Done invoking toplevel() on ptolemy.moml.MoMLSimpleApplication@474a62f
reloadAllAccessors: .Records

===========================================================================================
----------------- testing Fri Jul 13 02:06:35 UTC 2018 /home/travis/build/icyphy/ptII/ptolemy/domains/de/test/auto/ResetTransitionWithStartTime1.xml
----------------- Instantiating /home/travis/build/icyphy/ptII/ptolemy/domains/de/test/auto/ResetTransitionWithStartTime1.xml
4 ms. Memory: 526336K Free: 253218K (48%)
----------------- Invoking toplevel() on ptolemy.moml.MoMLSimpleApplication@159a6aa4
----------------- Done invoking toplevel() on ptolemy.moml.MoMLSimpleApplication@159a6aa4
reloadAllAccessors: .ResetTransitionWithStartTime1

===========================================================================================
----------------- testing Fri Jul 13 02:06:35 UTC 2018 /home/travis/build/icyphy/ptII/ptolemy/domains/de/test/auto/ResetTransitionWithStartTime2.xml
----------------- Instantiating /home/travis/build/icyphy/ptII/ptolemy/domains/de/test/auto/ResetTransitionWithStartTime2.xml
4 ms. Memory: 526336K Free: 239855K (46%)
----------------- Invoking toplevel() on ptolemy.moml.MoMLSimpleApplication@6be7c948
----------------- Done invoking toplevel() on ptolemy.moml.MoMLSimpleApplication@6be7c948
reloadAllAccessors: .ResetTransitionWithStartTime2

===========================================================================================
----------------- testing Fri Jul 13 02:06:35 UTC 2018 /home/travis/build/icyphy/ptII/ptolemy/domains/de/test/auto/ResetTransitionWithStartTime3.xml
----------------- Instantiating /home/travis/build/icyphy/ptII/ptolemy/domains/de/test/auto/ResetTransitionWithStartTime3.xml
4 ms. Memory: 526336K Free: 226491K (43%)
----------------- Invoking toplevel() on ptolemy.moml.MoMLSimpleApplication@455c4738
----------------- Done invoking toplevel() on ptolemy.moml.MoMLSimpleApplication@455c4738
reloadAllAccessors: .ResetTransitionWithStartTime3

===========================================================================================
----------------- testing Fri Jul 13 02:06:35 UTC 2018 /home/travis/build/icyphy/ptII/ptolemy/domains/de/test/auto/ResetTransitionWithStartTime4.xml
----------------- Instantiating /home/travis/build/icyphy/ptII/ptolemy/domains/de/test/auto/ResetTransitionWithStartTime4.xml
5 ms. Memory: 526336K Free: 213135K (40%)
----------------- Invoking toplevel() on ptolemy.moml.MoMLSimpleApplication@3510fc37
----------------- Done invoking toplevel() on ptolemy.moml.MoMLSimpleApplication@3510fc37
reloadAllAccessors: .ResetTransitionWithStartTime4

===========================================================================================
----------------- testing Fri Jul 13 02:06:35 UTC 2018 /home/travis/build/icyphy/ptII/ptolemy/domains/de/test/auto/ResettableTimer1.xml
----------------- Instantiating /home/travis/build/icyphy/ptII/ptolemy/domains/de/test/auto/ResettableTimer1.xml
2 ms. Memory: 526336K Free: 202267K (38%)
----------------- Invoking toplevel() on ptolemy.moml.MoMLSimpleApplication@45f2ffc3
----------------- Done invoking toplevel() on ptolemy.moml.MoMLSimpleApplication@45f2ffc3
reloadAllAccessors: .ResettableTimer1

===========================================================================================
----------------- testing Fri Jul 13 02:06:36 UTC 2018 /home/travis/build/icyphy/ptII/ptolemy/domains/de/test/auto/ResettableTimer2.xml
----------------- Instantiating /home/travis/build/icyphy/ptII/ptolemy/domains/de/test/auto/ResettableTimer2.xml
2 ms. Memory: 526336K Free: 193369K (37%)
----------------- Invoking toplevel() on ptolemy.moml.MoMLSimpleApplication@128d47c1
----------------- Done invoking toplevel() on ptolemy.moml.MoMLSimpleApplication@128d47c1
reloadAllAccessors: .ResettableTimer2

===========================================================================================
----------------- testing Fri Jul 13 02:06:36 UTC 2018 /home/travis/build/icyphy/ptII/ptolemy/domains/de/test/auto/ResettableTimer3.xml
----------------- Instantiating /home/travis/build/icyphy/ptII/ptolemy/domains/de/test/auto/ResettableTimer3.xml
1 ms. Memory: 526336K Free: 184470K (35%)
----------------- Invoking toplevel() on ptolemy.moml.MoMLSimpleApplication@6fdef114
----------------- Done invoking toplevel() on ptolemy.moml.MoMLSimpleApplication@6fdef114
reloadAllAccessors: .ResettableTimer3

===========================================================================================
----------------- testing Fri Jul 13 02:06:36 UTC 2018 /home/travis/build/icyphy/ptII/ptolemy/domains/de/test/auto/ResettableTimer4.xml
----------------- Instantiating /home/travis/build/icyphy/ptII/ptolemy/domains/de/test/auto/ResettableTimer4.xml
1 ms. Memory: 526336K Free: 175572K (33%)
----------------- Invoking toplevel() on ptolemy.moml.MoMLSimpleApplication@731ce890
----------------- Done invoking toplevel() on ptolemy.moml.MoMLSimpleApplication@731ce890
reloadAllAccessors: .ResettableTimer4

===========================================================================================
----------------- testing Fri Jul 13 02:06:36 UTC 2018 /home/travis/build/icyphy/ptII/ptolemy/domains/de/test/auto/ResettableTimer5.xml
----------------- Instantiating /home/travis/build/icyphy/ptII/ptolemy/domains/de/test/auto/ResettableTimer5.xml
1 ms. Memory: 526336K Free: 164704K (31%)
----------------- Invoking toplevel() on ptolemy.moml.MoMLSimpleApplication@76857dcf
----------------- Done invoking toplevel() on ptolemy.moml.MoMLSimpleApplication@76857dcf
reloadAllAccessors: .ResettableTimer5

===========================================================================================
----------------- testing Fri Jul 13 02:06:36 UTC 2018 /home/travis/build/icyphy/ptII/ptolemy/domains/de/test/auto/ResettableTimer6.xml
----------------- Instantiating /home/travis/build/icyphy/ptII/ptolemy/domains/de/test/auto/ResettableTimer6.xml
4 ms. Memory: 526336K Free: 155806K (30%)
----------------- Invoking toplevel() on ptolemy.moml.MoMLSimpleApplication@4a484255
----------------- Done invoking toplevel() on ptolemy.moml.MoMLSimpleApplication@4a484255
reloadAllAccessors: .ResettableTimer6

===========================================================================================
----------------- testing Fri Jul 13 02:06:36 UTC 2018 /home/travis/build/icyphy/ptII/ptolemy/domains/de/test/auto/ServerZeroDelay.xml
----------------- Instantiating /home/travis/build/icyphy/ptII/ptolemy/domains/de/test/auto/ServerZeroDelay.xml
2 ms. Memory: 526336K Free: 146907K (28%)
----------------- Invoking toplevel() on ptolemy.moml.MoMLSimpleApplication@9e801dc
----------------- Done invoking toplevel() on ptolemy.moml.MoMLSimpleApplication@9e801dc
reloadAllAccessors: .ServerZeroDelay

===========================================================================================
----------------- testing Fri Jul 13 02:06:36 UTC 2018 /home/travis/build/icyphy/ptII/ptolemy/domains/de/test/auto/SmartSender.xml
----------------- Instantiating /home/travis/build/icyphy/ptII/ptolemy/domains/de/test/auto/SmartSender.xml
3001 ms. Memory: 526336K Free: 138008K (26%)
----------------- Invoking toplevel() on ptolemy.moml.MoMLSimpleApplication@54bd5e09
----------------- Done invoking toplevel() on ptolemy.moml.MoMLSimpleApplication@54bd5e09
reloadAllAccessors: .SmartSender

===========================================================================================
----------------- testing Fri Jul 13 02:06:39 UTC 2018 /home/travis/build/icyphy/ptII/ptolemy/domains/de/test/auto/ThreadedComposite.xml
----------------- Instantiating /home/travis/build/icyphy/ptII/ptolemy/domains/de/test/auto/ThreadedComposite.xml
87 ms. Memory: 526336K Free: 109319K (21%)
----------------- Invoking toplevel() on ptolemy.moml.MoMLSimpleApplication@6218cd73
----------------- Done invoking toplevel() on ptolemy.moml.MoMLSimpleApplication@6218cd73
reloadAllAccessors: .ThreadedComposite

===========================================================================================
----------------- testing Fri Jul 13 02:06:39 UTC 2018 /home/travis/build/icyphy/ptII/ptolemy/domains/de/test/auto/Time.xml
----------------- Instantiating /home/travis/build/icyphy/ptII/ptolemy/domains/de/test/auto/Time.xml
417 ms. Memory: 508928K Free: 481349K (95%)
----------------- Invoking toplevel() on ptolemy.moml.MoMLSimpleApplication@17ecb416
----------------- Done invoking toplevel() on ptolemy.moml.MoMLSimpleApplication@17ecb416
reloadAllAccessors: .Time

===========================================================================================
----------------- testing Fri Jul 13 02:06:39 UTC 2018 /home/travis/build/icyphy/ptII/ptolemy/domains/de/test/auto/TimeDelayZeroDelay.xml
----------------- Instantiating /home/travis/build/icyphy/ptII/ptolemy/domains/de/test/auto/TimeDelayZeroDelay.xml
2 ms. Memory: 508928K Free: 469436K (92%)
----------------- Invoking toplevel() on ptolemy.moml.MoMLSimpleApplication@6dbf7489
----------------- Done invoking toplevel() on ptolemy.moml.MoMLSimpleApplication@6dbf7489
reloadAllAccessors: .TimeDelayZeroDelay

===========================================================================================
----------------- testing Fri Jul 13 02:06:39 UTC 2018 /home/travis/build/icyphy/ptII/ptolemy/domains/de/test/auto/TimerZeroDelay.xml
----------------- Instantiating /home/travis/build/icyphy/ptII/ptolemy/domains/de/test/auto/TimerZeroDelay.xml
2 ms. Memory: 508928K Free: 460946K (91%)
----------------- Invoking toplevel() on ptolemy.moml.MoMLSimpleApplication@5cd03cdc
----------------- Done invoking toplevel() on ptolemy.moml.MoMLSimpleApplication@5cd03cdc
reloadAllAccessors: .TimerZeroDelay

===========================================================================================
----------------- testing Fri Jul 13 02:06:39 UTC 2018 /home/travis/build/icyphy/ptII/ptolemy/domains/de/test/auto/TimingParadox.xml
----------------- Instantiating /home/travis/build/icyphy/ptII/ptolemy/domains/de/test/auto/TimingParadox.xml
271 ms. Memory: 508928K Free: 388838K (76%)
----------------- Invoking toplevel() on ptolemy.moml.MoMLSimpleApplication@50d5a19c
----------------- Done invoking toplevel() on ptolemy.moml.MoMLSimpleApplication@50d5a19c
reloadAllAccessors: .TimingParadox

===========================================================================================
----------------- testing Fri Jul 13 02:06:39 UTC 2018 /home/travis/build/icyphy/ptII/ptolemy/domains/de/test/auto/TransferInputs.xml
----------------- Instantiating /home/travis/build/icyphy/ptII/ptolemy/domains/de/test/auto/TransferInputs.xml
1 ms. Memory: 508928K Free: 380333K (75%)
----------------- Invoking toplevel() on ptolemy.moml.MoMLSimpleApplication@3020f125
----------------- Done invoking toplevel() on ptolemy.moml.MoMLSimpleApplication@3020f125
reloadAllAccessors: .TransferInputs

===========================================================================================
----------------- testing Fri Jul 13 02:06:39 UTC 2018 /home/travis/build/icyphy/ptII/ptolemy/domains/de/test/auto/TransferOutputs2.xml
----------------- Instantiating /home/travis/build/icyphy/ptII/ptolemy/domains/de/test/auto/TransferOutputs2.xml
2 ms. Memory: 508928K Free: 367711K (72%)
----------------- Invoking toplevel() on ptolemy.moml.MoMLSimpleApplication@7dc36a90
----------------- Done invoking toplevel() on ptolemy.moml.MoMLSimpleApplication@7dc36a90
reloadAllAccessors: .TransferOutputs2

===========================================================================================
----------------- testing Fri Jul 13 02:06:39 UTC 2018 /home/travis/build/icyphy/ptII/ptolemy/domains/de/test/auto/Trilateration.xml
----------------- Instantiating /home/travis/build/icyphy/ptII/ptolemy/domains/de/test/auto/Trilateration.xml
11899 ms. Memory: 841728K Free: 441170K (52%)
----------------- Invoking toplevel() on ptolemy.moml.MoMLSimpleApplication@491a5f2e
----------------- Done invoking toplevel() on ptolemy.moml.MoMLSimpleApplication@491a5f2e
reloadAllAccessors: .Trilateration

===========================================================================================
----------------- testing Fri Jul 13 02:06:52 UTC 2018 /home/travis/build/icyphy/ptII/ptolemy/domains/de/test/auto/TwoSigmaDelta.xml
----------------- Instantiating /home/travis/build/icyphy/ptII/ptolemy/domains/de/test/auto/TwoSigmaDelta.xml
1958 ms. Memory: 841728K Free: 147076K (17%)
----------------- Invoking toplevel() on ptolemy.moml.MoMLSimpleApplication@72582926
----------------- Done invoking toplevel() on ptolemy.moml.MoMLSimpleApplication@72582926
reloadAllAccessors: .TwoSigmaDelta

===========================================================================================
----------------- testing Fri Jul 13 02:06:54 UTC 2018 /home/travis/build/icyphy/ptII/ptolemy/domains/de/test/auto/VariableDelay.xml
----------------- Instantiating /home/travis/build/icyphy/ptII/ptolemy/domains/de/test/auto/VariableDelay.xml
2 ms. Memory: 841728K Free: 131982K (16%)
----------------- Invoking toplevel() on ptolemy.moml.MoMLSimpleApplication@6c1517e8
----------------- Done invoking toplevel() on ptolemy.moml.MoMLSimpleApplication@6c1517e8
reloadAllAccessors: .VariableDelay

===========================================================================================
----------------- testing Fri Jul 13 02:06:54 UTC 2018 /home/travis/build/icyphy/ptII/ptolemy/domains/de/test/auto/VariableDelay2.xml
----------------- Instantiating /home/travis/build/icyphy/ptII/ptolemy/domains/de/test/auto/VariableDelay2.xml
2 ms. Memory: 841728K Free: 115358K (14%)
----------------- Invoking toplevel() on ptolemy.moml.MoMLSimpleApplication@5bd95c34
----------------- Done invoking toplevel() on ptolemy.moml.MoMLSimpleApplication@5bd95c34
reloadAllAccessors: .VariableDelay2

===========================================================================================
----------------- testing Fri Jul 13 02:06:54 UTC 2018 /home/travis/build/icyphy/ptII/ptolemy/domains/de/test/auto/VariableDelayZeroDelay.xml
----------------- Instantiating /home/travis/build/icyphy/ptII/ptolemy/domains/de/test/auto/VariableDelayZeroDelay.xml
2 ms. Memory: 841728K Free: 100264K (12%)
----------------- Invoking toplevel() on ptolemy.moml.MoMLSimpleApplication@43774ce3
----------------- Done invoking toplevel() on ptolemy.moml.MoMLSimpleApplication@43774ce3
reloadAllAccessors: .VariableDelayZeroDelay

===========================================================================================
----------------- testing Fri Jul 13 02:06:54 UTC 2018 /home/travis/build/icyphy/ptII/ptolemy/domains/de/test/auto/VariableDelayZeroDelay2.xml
----------------- Instantiating /home/travis/build/icyphy/ptII/ptolemy/domains/de/test/auto/VariableDelayZeroDelay2.xml
2 ms. Memory: 841728K Free: 85170K (10%)
----------------- Invoking toplevel() on ptolemy.moml.MoMLSimpleApplication@35ddc961
----------------- Done invoking toplevel() on ptolemy.moml.MoMLSimpleApplication@35ddc961
reloadAllAccessors: .VariableDelayZeroDelay2

===========================================================================================
----------------- testing Fri Jul 13 02:06:54 UTC 2018 /home/travis/build/icyphy/ptII/ptolemy/domains/de/test/auto/deInCt.xml
----------------- Instantiating /home/travis/build/icyphy/ptII/ptolemy/domains/de/test/auto/deInCt.xml
0
1
1
1
0
0
0
1
1
0
0
0
1
1
0
0
0
0
1
1
1
0
0
0
1
1
1
0
0
1
1
1
0
0
0
0
1
1
1
0
0
0
0
1
1
1
0
0
0
0
4 ms. Memory: 841728K Free: 68545K (8%)
----------------- Invoking toplevel() on ptolemy.moml.MoMLSimpleApplication@11cc15e0
----------------- Done invoking toplevel() on ptolemy.moml.MoMLSimpleApplication@11cc15e0
reloadAllAccessors: .deInCt

===========================================================================================
----------------- testing Fri Jul 13 02:06:54 UTC 2018 /home/travis/build/icyphy/ptII/ptolemy/domains/de/test/auto/deInCt2.xml
----------------- Instantiating /home/travis/build/icyphy/ptII/ptolemy/domains/de/test/auto/deInCt2.xml
0
1
1
1
0
0
1
1
1
0
0
1
1
1
0
0
1
1
1
0
0
1
1
1
0
0
1
1
1
0
0
1
1
1
0
0
1
1
1
0
0
0
14 ms. Memory: 800256K Free: 767539K (96%)
----------------- Invoking toplevel() on ptolemy.moml.MoMLSimpleApplication@1570a199
----------------- Done invoking toplevel() on ptolemy.moml.MoMLSimpleApplication@1570a199
reloadAllAccessors: .deInCt2

===========================================================================================
----------------- testing Fri Jul 13 02:06:54 UTC 2018 /home/travis/build/icyphy/ptII/ptolemy/domains/de/test/auto/dynamicCausalityInterface1.xml
----------------- Instantiating /home/travis/build/icyphy/ptII/ptolemy/domains/de/test/auto/dynamicCausalityInterface1.xml
0 ms. Memory: 800256K Free: 741395K (93%)
----------------- Invoking toplevel() on ptolemy.moml.MoMLSimpleApplication@72ca1f57
----------------- Done invoking toplevel() on ptolemy.moml.MoMLSimpleApplication@72ca1f57
reloadAllAccessors: .dynamicCausalityInterface1

===========================================================================================
----------------- testing Fri Jul 13 02:06:54 UTC 2018 /home/travis/build/icyphy/ptII/ptolemy/domains/de/test/auto/fsm_de_test.xml
----------------- Instantiating /home/travis/build/icyphy/ptII/ptolemy/domains/de/test/auto/fsm_de_test.xml
4 ms. Memory: 800256K Free: 718845K (90%)
----------------- Invoking toplevel() on ptolemy.moml.MoMLSimpleApplication@7bd7e816
----------------- Done invoking toplevel() on ptolemy.moml.MoMLSimpleApplication@7bd7e816
reloadAllAccessors: .fsm_de_test

===========================================================================================
----------------- testing Fri Jul 13 02:06:54 UTC 2018 /home/travis/build/icyphy/ptII/ptolemy/domains/de/test/auto/functionDependencyReconstruction.xml
----------------- Instantiating /home/travis/build/icyphy/ptII/ptolemy/domains/de/test/auto/functionDependencyReconstruction.xml
2 ms. Memory: 800256K Free: 690075K (86%)
----------------- Invoking toplevel() on ptolemy.moml.MoMLSimpleApplication@11063b5a
----------------- Done invoking toplevel() on ptolemy.moml.MoMLSimpleApplication@11063b5a
reloadAllAccessors: .functionDependencyReconstruction

===========================================================================================
----------------- testing Fri Jul 13 02:06:54 UTC 2018 /home/travis/build/icyphy/ptII/ptolemy/domains/de/test/auto/multirate.xml
----------------- Instantiating /home/travis/build/icyphy/ptII/ptolemy/domains/de/test/auto/multirate.xml
2 ms. Memory: 800256K Free: 674729K (84%)
----------------- Invoking toplevel() on ptolemy.moml.MoMLSimpleApplication@6a7302ae
----------------- Done invoking toplevel() on ptolemy.moml.MoMLSimpleApplication@6a7302ae
reloadAllAccessors: .multirate

===========================================================================================
----------------- testing Fri Jul 13 02:06:54 UTC 2018 /home/travis/build/icyphy/ptII/ptolemy/domains/de/test/auto/multirate2.xml
----------------- Instantiating /home/travis/build/icyphy/ptII/ptolemy/domains/de/test/auto/multirate2.xml
2 ms. Memory: 800256K Free: 660352K (83%)
----------------- Invoking toplevel() on ptolemy.moml.MoMLSimpleApplication@7d33ecbf
----------------- Done invoking toplevel() on ptolemy.moml.MoMLSimpleApplication@7d33ecbf
reloadAllAccessors: .multirate2

===========================================================================================
----------------- testing Fri Jul 13 02:06:54 UTC 2018 /home/travis/build/icyphy/ptII/ptolemy/domains/de/test/auto/realtime.xml
----------------- Instantiating /home/travis/build/icyphy/ptII/ptolemy/domains/de/test/auto/realtime.xml
10001 ms. Memory: 800256K Free: 645007K (81%)
----------------- Invoking toplevel() on ptolemy.moml.MoMLSimpleApplication@3b65e8ef
----------------- Done invoking toplevel() on ptolemy.moml.MoMLSimpleApplication@3b65e8ef
reloadAllAccessors: .realtime

===========================================================================================
----------------- testing Fri Jul 13 02:07:04 UTC 2018 /home/travis/build/icyphy/ptII/ptolemy/domains/de/test/auto/relationGroup.xml
----------------- Instantiating /home/travis/build/icyphy/ptII/ptolemy/domains/de/test/auto/relationGroup.xml
1 ms. Memory: 800256K Free: 630630K (79%)
----------------- Invoking toplevel() on ptolemy.moml.MoMLSimpleApplication@19f5d332
----------------- Done invoking toplevel() on ptolemy.moml.MoMLSimpleApplication@19f5d332
reloadAllAccessors: .relationGroup

===========================================================================================
----------------- testing Fri Jul 13 02:07:04 UTC 2018 /home/travis/build/icyphy/ptII/ptolemy/domains/de/test/auto/relationGroup2.xml
----------------- Instantiating /home/travis/build/icyphy/ptII/ptolemy/domains/de/test/auto/relationGroup2.xml
2 ms. Memory: 800256K Free: 615284K (77%)
----------------- Invoking toplevel() on ptolemy.moml.MoMLSimpleApplication@251b62f2
----------------- Done invoking toplevel() on ptolemy.moml.MoMLSimpleApplication@251b62f2
reloadAllAccessors: .relationGroup2

===========================================================================================
----------------- testing Fri Jul 13 02:07:04 UTC 2018 /home/travis/build/icyphy/ptII/ptolemy/domains/de/test/auto/sortWithOpaquePorts.xml
----------------- Instantiating /home/travis/build/icyphy/ptII/ptolemy/domains/de/test/auto/sortWithOpaquePorts.xml
1 ms. Memory: 800256K Free: 599939K (75%)
----------------- Invoking toplevel() on ptolemy.moml.MoMLSimpleApplication@6ac392f5
----------------- Done invoking toplevel() on ptolemy.moml.MoMLSimpleApplication@6ac392f5
reloadAllAccessors: .sortWithOpaquePorts

===========================================================================================
----------------- testing Fri Jul 13 02:07:04 UTC 2018 /home/travis/build/icyphy/ptII/ptolemy/domains/de/test/auto/transferInputsandOutputs.xml
----------------- Instantiating /home/travis/build/icyphy/ptII/ptolemy/domains/de/test/auto/transferInputsandOutputs.xml
2 ms. Memory: 800256K Free: 585562K (73%)
----------------- Invoking toplevel() on ptolemy.moml.MoMLSimpleApplication@3e56e711
----------------- Done invoking toplevel() on ptolemy.moml.MoMLSimpleApplication@3e56e711
reloadAllAccessors: .transferInputsandOutputs

===========================================================================================
----------------- testing Fri Jul 13 02:07:04 UTC 2018 /home/travis/build/icyphy/ptII/ptolemy/domains/de/test/auto/triggerType.xml
----------------- Instantiating /home/travis/build/icyphy/ptII/ptolemy/domains/de/test/auto/triggerType.xml
1 ms. Memory: 800256K Free: 570216K (71%)
----------------- Invoking toplevel() on ptolemy.moml.MoMLSimpleApplication@5af505ab
----------------- Done invoking toplevel() on ptolemy.moml.MoMLSimpleApplication@5af505ab
reloadAllAccessors: .triggerType
AutoTests.java: About to close Vertx.
AutoTests.java: Vertx closed.
]]></system-out>
  <system-err><![CDATA[java.lang.RuntimeException: Execution failed
	at ptolemy.moml.MoMLSimpleApplication$UnloadThread.run(MoMLSimpleApplication.java:402)
Caused by: ptolemy.kernel.util.IllegalActionException: Found a zero delay loop containing .dependencyLoop.original
  in .dependencyLoop and .dependencyLoop.original
	at ptolemy.actor.util.CausalityInterfaceForComposites._computeOutputPortDepth(CausalityInterfaceForComposites.java:759)
	at ptolemy.actor.util.CausalityInterfaceForComposites._computeInputDepth(CausalityInterfaceForComposites.java:696)
	at ptolemy.actor.util.CausalityInterfaceForComposites._computeOutputPortDepth(CausalityInterfaceForComposites.java:765)
	at ptolemy.actor.util.CausalityInterfaceForComposites._computeInputDepth(CausalityInterfaceForComposites.java:696)
	at ptolemy.actor.util.CausalityInterfaceForComposites._computeOutputPortDepth(CausalityInterfaceForComposites.java:765)
	at ptolemy.actor.util.CausalityInterfaceForComposites._computeInputDepth(CausalityInterfaceForComposites.java:696)
	at ptolemy.actor.util.CausalityInterfaceForComposites._computeActorDepth(CausalityInterfaceForComposites.java:532)
	at ptolemy.actor.util.CausalityInterfaceForComposites.checkForCycles(CausalityInterfaceForComposites.java:96)
	at ptolemy.domains.de.kernel.DEDirector.preinitialize(DEDirector.java:1338)
	at ptolemy.actor.CompositeActor.preinitialize(CompositeActor.java:1828)
	at ptolemy.actor.Manager.preinitializeAndResolveTypes(Manager.java:1040)
	at ptolemy.actor.Manager.initialize(Manager.java:710)
	at ptolemy.actor.Manager.execute(Manager.java:356)
	at ptolemy.actor.Manager.run(Manager.java:1263)
	at ptolemy.actor.Manager$PtolemyRunThread.run(Manager.java:1915)
java.lang.RuntimeException: Execution failed
	at ptolemy.moml.MoMLSimpleApplication$UnloadThread.run(MoMLSimpleApplication.java:402)
Caused by: ptolemy.kernel.util.IllegalActionException: Found a zero delay loop containing .dependencyLoop2.original
  in .dependencyLoop2 and .dependencyLoop2.original
	at ptolemy.actor.util.CausalityInterfaceForComposites._computeOutputPortDepth(CausalityInterfaceForComposites.java:759)
	at ptolemy.actor.util.CausalityInterfaceForComposites._computeInputDepth(CausalityInterfaceForComposites.java:696)
	at ptolemy.actor.util.CausalityInterfaceForComposites._computeOutputPortDepth(CausalityInterfaceForComposites.java:765)
	at ptolemy.actor.util.CausalityInterfaceForComposites._computeInputDepth(CausalityInterfaceForComposites.java:696)
	at ptolemy.actor.util.CausalityInterfaceForComposites._computeOutputPortDepth(CausalityInterfaceForComposites.java:765)
	at ptolemy.actor.util.CausalityInterfaceForComposites._computeInputDepth(CausalityInterfaceForComposites.java:696)
	at ptolemy.actor.util.CausalityInterfaceForComposites._computeActorDepth(CausalityInterfaceForComposites.java:532)
	at ptolemy.actor.util.CausalityInterfaceForComposites.checkForCycles(CausalityInterfaceForComposites.java:96)
	at ptolemy.domains.de.kernel.DEDirector.preinitialize(DEDirector.java:1338)
	at ptolemy.actor.CompositeActor.preinitialize(CompositeActor.java:1828)
	at ptolemy.actor.Manager.preinitializeAndResolveTypes(Manager.java:1040)
	at ptolemy.actor.Manager.initialize(Manager.java:710)
	at ptolemy.actor.Manager.execute(Manager.java:356)
	at ptolemy.actor.Manager.run(Manager.java:1263)
	at ptolemy.actor.Manager$PtolemyRunThread.run(Manager.java:1915)
java.lang.RuntimeException: Execution failed
	at ptolemy.moml.MoMLSimpleApplication$UnloadThread.run(MoMLSimpleApplication.java:402)
Caused by: ptolemy.kernel.util.IllegalActionException: Found a zero delay loop containing .dependencyLoop.original
  in .dependencyLoop and .dependencyLoop.original
	at ptolemy.actor.util.CausalityInterfaceForComposites._computeOutputPortDepth(CausalityInterfaceForComposites.java:759)
	at ptolemy.actor.util.CausalityInterfaceForComposites._computeInputDepth(CausalityInterfaceForComposites.java:696)
	at ptolemy.actor.util.CausalityInterfaceForComposites._computeOutputPortDepth(CausalityInterfaceForComposites.java:765)
	at ptolemy.actor.util.CausalityInterfaceForComposites._computeInputDepth(CausalityInterfaceForComposites.java:696)
	at ptolemy.actor.util.CausalityInterfaceForComposites._computeOutputPortDepth(CausalityInterfaceForComposites.java:765)
	at ptolemy.actor.util.CausalityInterfaceForComposites._computeInputDepth(CausalityInterfaceForComposites.java:696)
	at ptolemy.actor.util.CausalityInterfaceForComposites._computeActorDepth(CausalityInterfaceForComposites.java:532)
	at ptolemy.actor.util.CausalityInterfaceForComposites.checkForCycles(CausalityInterfaceForComposites.java:96)
	at ptolemy.domains.de.kernel.DEDirector.preinitialize(DEDirector.java:1338)
	at ptolemy.actor.CompositeActor.preinitialize(CompositeActor.java:1828)
	at ptolemy.actor.Manager.preinitializeAndResolveTypes(Manager.java:1040)
	at ptolemy.actor.Manager.initialize(Manager.java:710)
	at ptolemy.actor.Manager.execute(Manager.java:356)
	at ptolemy.actor.Manager.run(Manager.java:1263)
	at ptolemy.actor.Manager$PtolemyRunThread.run(Manager.java:1915)
java.lang.RuntimeException: Execution failed
	at ptolemy.moml.MoMLSimpleApplication$UnloadThread.run(MoMLSimpleApplication.java:402)
Caused by: ptolemy.kernel.util.IllegalActionException: Actor is not ready to fire.  Perhaps UpSample.prefire() returned false? Try debugging the actor by selecting "Listen to Actor".  Also, for SDF check moml for tokenConsumptionRate on input.
  in .DESDFClockTest.Play Bell.Copy1:SDF Director and .DESDFClockTest.Play Bell.UpSample
	at ptolemy.actor.sched.StaticSchedulingDirector.fire(StaticSchedulingDirector.java:227)
	at ptolemy.domains.sdf.kernel.SDFDirector.fire(SDFDirector.java:500)
	at ptolemy.actor.CompositeActor.fire(CompositeActor.java:455)
	at ptolemy.domains.de.kernel.DEDirector._fire(DEDirector.java:1949)
	at ptolemy.domains.de.kernel.DEDirector.fire(DEDirector.java:502)
	at ptolemy.actor.CompositeActor.fire(CompositeActor.java:455)
	at ptolemy.actor.Manager.iterate(Manager.java:851)
	at ptolemy.actor.Manager.execute(Manager.java:369)
	at ptolemy.actor.Manager.run(Manager.java:1263)
	at ptolemy.actor.Manager$PtolemyRunThread.run(Manager.java:1915)
java.lang.RuntimeException: Execution failed
	at ptolemy.moml.MoMLSimpleApplication$UnloadThread.run(MoMLSimpleApplication.java:402)
Caused by: ptolemy.kernel.util.IllegalActionException: Found a zero delay loop containing .dependencyLoop2.original
  in .dependencyLoop2 and .dependencyLoop2.original
	at ptolemy.actor.util.CausalityInterfaceForComposites._computeOutputPortDepth(CausalityInterfaceForComposites.java:759)
	at ptolemy.actor.util.CausalityInterfaceForComposites._computeInputDepth(CausalityInterfaceForComposites.java:696)
	at ptolemy.actor.util.CausalityInterfaceForComposites._computeOutputPortDepth(CausalityInterfaceForComposites.java:765)
	at ptolemy.actor.util.CausalityInterfaceForComposites._computeInputDepth(CausalityInterfaceForComposites.java:696)
	at ptolemy.actor.util.CausalityInterfaceForComposites._computeOutputPortDepth(CausalityInterfaceForComposites.java:765)
	at ptolemy.actor.util.CausalityInterfaceForComposites._computeInputDepth(CausalityInterfaceForComposites.java:696)
	at ptolemy.actor.util.CausalityInterfaceForComposites._computeActorDepth(CausalityInterfaceForComposites.java:532)
	at ptolemy.actor.util.CausalityInterfaceForComposites.checkForCycles(CausalityInterfaceForComposites.java:96)
	at ptolemy.domains.de.kernel.DEDirector.preinitialize(DEDirector.java:1338)
	at ptolemy.actor.CompositeActor.preinitialize(CompositeActor.java:1828)
	at ptolemy.actor.Manager.preinitializeAndResolveTypes(Manager.java:1040)
	at ptolemy.actor.Manager.initialize(Manager.java:710)
	at ptolemy.actor.Manager.execute(Manager.java:356)
	at ptolemy.actor.Manager.run(Manager.java:1263)
	at ptolemy.actor.Manager$PtolemyRunThread.run(Manager.java:1915)
java.lang.RuntimeException: Execution failed
	at ptolemy.moml.MoMLSimpleApplication$UnloadThread.run(MoMLSimpleApplication.java:402)
Caused by: ptolemy.kernel.util.IllegalActionException: Found a zero delay loop containing .HierarchicalModel.A
  in .HierarchicalModel and .HierarchicalModel.A
	at ptolemy.actor.util.CausalityInterfaceForComposites._computeOutputPortDepth(CausalityInterfaceForComposites.java:759)
	at ptolemy.actor.util.CausalityInterfaceForComposites._computeInputDepth(CausalityInterfaceForComposites.java:696)
	at ptolemy.actor.util.CausalityInterfaceForComposites._computeOutputPortDepth(CausalityInterfaceForComposites.java:765)
	at ptolemy.actor.util.CausalityInterfaceForComposites._computeInputDepth(CausalityInterfaceForComposites.java:696)
	at ptolemy.actor.util.CausalityInterfaceForComposites._computeOutputPortDepth(CausalityInterfaceForComposites.java:765)
	at ptolemy.actor.util.CausalityInterfaceForComposites._computeInputDepth(CausalityInterfaceForComposites.java:696)
	at ptolemy.actor.util.CausalityInterfaceForComposites._computeActorDepth(CausalityInterfaceForComposites.java:532)
	at ptolemy.actor.util.CausalityInterfaceForComposites.checkForCycles(CausalityInterfaceForComposites.java:96)
	at ptolemy.domains.de.kernel.DEDirector.preinitialize(DEDirector.java:1338)
	at ptolemy.actor.CompositeActor.preinitialize(CompositeActor.java:1828)
	at ptolemy.actor.Manager.preinitializeAndResolveTypes(Manager.java:1040)
	at ptolemy.actor.Manager.initialize(Manager.java:710)
	at ptolemy.actor.Manager.execute(Manager.java:356)
	at ptolemy.actor.Manager.run(Manager.java:1263)
	at ptolemy.actor.Manager$PtolemyRunThread.run(Manager.java:1915)
java.lang.RuntimeException: Execution failed
	at ptolemy.moml.MoMLSimpleApplication$UnloadThread.run(MoMLSimpleApplication.java:402)
Caused by: ptolemy.kernel.util.IllegalActionException: Test fails in iteration 1.
Value was: 1.0. Should have been: 2.0
  in .DirectFeedback.Test
	at ptolemy.actor.lib.Test.fire(Test.java:268)
	at ptolemy.domains.de.kernel.DEDirector._fire(DEDirector.java:1949)
	at ptolemy.domains.de.kernel.DEDirector.fire(DEDirector.java:502)
	at ptolemy.actor.CompositeActor.fire(CompositeActor.java:455)
	at ptolemy.actor.Manager.iterate(Manager.java:851)
	at ptolemy.actor.Manager.execute(Manager.java:369)
	at ptolemy.actor.Manager.run(Manager.java:1263)
	at ptolemy.actor.Manager$PtolemyRunThread.run(Manager.java:1915)
java.lang.RuntimeException: Execution failed
	at ptolemy.moml.MoMLSimpleApplication$UnloadThread.run(MoMLSimpleApplication.java:402)
Caused by: ptolemy.kernel.util.IllegalActionException: Actor is not ready to fire.  Perhaps UpSample.prefire() returned false? Try debugging the actor by selecting "Listen to Actor".  Also, for SDF check moml for tokenConsumptionRate on input.
  in .DESDFClockTest.Play Bell.Copy1:SDF Director and .DESDFClockTest.Play Bell.UpSample
	at ptolemy.actor.sched.StaticSchedulingDirector.fire(StaticSchedulingDirector.java:227)
	at ptolemy.domains.sdf.kernel.SDFDirector.fire(SDFDirector.java:500)
	at ptolemy.actor.CompositeActor.fire(CompositeActor.java:455)
	at ptolemy.domains.de.kernel.DEDirector._fire(DEDirector.java:1949)
	at ptolemy.domains.de.kernel.DEDirector.fire(DEDirector.java:502)
	at ptolemy.actor.CompositeActor.fire(CompositeActor.java:455)
	at ptolemy.actor.Manager.iterate(Manager.java:851)
	at ptolemy.actor.Manager.execute(Manager.java:369)
	at ptolemy.actor.Manager.run(Manager.java:1263)
	at ptolemy.actor.Manager$PtolemyRunThread.run(Manager.java:1915)
java.lang.reflect.InvocationTargetException
	at sun.reflect.NativeConstructorAccessorImpl.newInstance0(Native Method)
	at sun.reflect.NativeConstructorAccessorImpl.newInstance(NativeConstructorAccessorImpl.java:62)
	at sun.reflect.DelegatingConstructorAccessorImpl.newInstance(DelegatingConstructorAccessorImpl.java:45)
	at java.lang.reflect.Constructor.newInstance(Constructor.java:423)
	at ptolemy.util.test.junit.AutoKnownFailedTests.RunModel(AutoKnownFailedTests.java:107)
	at sun.reflect.NativeMethodAccessorImpl.invoke0(Native Method)
	at sun.reflect.NativeMethodAccessorImpl.invoke(NativeMethodAccessorImpl.java:62)
	at sun.reflect.DelegatingMethodAccessorImpl.invoke(DelegatingMethodAccessorImpl.java:43)
	at java.lang.reflect.Method.invoke(Method.java:498)
	at org.junit.runners.model.FrameworkMethod$1.runReflectiveCall(FrameworkMethod.java:44)
	at org.junit.internal.runners.model.ReflectiveCallable.run(ReflectiveCallable.java:15)
	at org.junit.runners.model.FrameworkMethod.invokeExplosively(FrameworkMethod.java:41)
	at junitparams.internal.InvokeParameterisedMethod.evaluate(InvokeParameterisedMethod.java:102)
	at org.junit.internal.runners.statements.FailOnTimeout$1.run(FailOnTimeout.java:28)
Caused by: ptolemy.kernel.util.IllegalActionException: Actor is not ready to fire.  Perhaps UpSample.prefire() returned false? Try debugging the actor by selecting "Listen to Actor".  Also, for SDF check moml for tokenConsumptionRate on input.
  in .DESDFClockTest.Play Bell.Copy1:SDF Director and .DESDFClockTest.Play Bell.UpSample
	at ptolemy.actor.sched.StaticSchedulingDirector.fire(StaticSchedulingDirector.java:227)
	at ptolemy.domains.sdf.kernel.SDFDirector.fire(SDFDirector.java:500)
	at ptolemy.actor.CompositeActor.fire(CompositeActor.java:455)
	at ptolemy.domains.de.kernel.DEDirector._fire(DEDirector.java:1949)
	at ptolemy.domains.de.kernel.DEDirector.fire(DEDirector.java:502)
	at ptolemy.actor.CompositeActor.fire(CompositeActor.java:455)
	at ptolemy.actor.Manager.iterate(Manager.java:851)
	at ptolemy.actor.Manager.execute(Manager.java:369)
	at ptolemy.actor.Manager.run(Manager.java:1263)
	at ptolemy.actor.Manager$PtolemyRunThread.run(Manager.java:1915)
java.lang.RuntimeException: Execution failed
	at ptolemy.moml.MoMLSimpleApplication$UnloadThread.run(MoMLSimpleApplication.java:402)
Caused by: ptolemy.kernel.util.IllegalActionException: Test fails in iteration 1.
Value was: 1.0. Should have been: 2.0
  in .DirectFeedback.Test
	at ptolemy.actor.lib.Test.fire(Test.java:268)
	at ptolemy.domains.de.kernel.DEDirector._fire(DEDirector.java:1949)
	at ptolemy.domains.de.kernel.DEDirector.fire(DEDirector.java:502)
	at ptolemy.actor.CompositeActor.fire(CompositeActor.java:455)
	at ptolemy.actor.Manager.iterate(Manager.java:851)
	at ptolemy.actor.Manager.execute(Manager.java:369)
	at ptolemy.actor.Manager.run(Manager.java:1263)
	at ptolemy.actor.Manager$PtolemyRunThread.run(Manager.java:1915)
java.lang.reflect.InvocationTargetException
	at sun.reflect.NativeConstructorAccessorImpl.newInstance0(Native Method)
	at sun.reflect.NativeConstructorAccessorImpl.newInstance(NativeConstructorAccessorImpl.java:62)
	at sun.reflect.DelegatingConstructorAccessorImpl.newInstance(DelegatingConstructorAccessorImpl.java:45)
	at java.lang.reflect.Constructor.newInstance(Constructor.java:423)
	at ptolemy.util.test.junit.AutoKnownFailedTests.RunModel(AutoKnownFailedTests.java:107)
	at sun.reflect.NativeMethodAccessorImpl.invoke0(Native Method)
	at sun.reflect.NativeMethodAccessorImpl.invoke(NativeMethodAccessorImpl.java:62)
	at sun.reflect.DelegatingMethodAccessorImpl.invoke(DelegatingMethodAccessorImpl.java:43)
	at java.lang.reflect.Method.invoke(Method.java:498)
	at org.junit.runners.model.FrameworkMethod$1.runReflectiveCall(FrameworkMethod.java:44)
	at org.junit.internal.runners.model.ReflectiveCallable.run(ReflectiveCallable.java:15)
	at org.junit.runners.model.FrameworkMethod.invokeExplosively(FrameworkMethod.java:41)
	at junitparams.internal.InvokeParameterisedMethod.evaluate(InvokeParameterisedMethod.java:102)
	at org.junit.internal.runners.statements.FailOnTimeout$1.run(FailOnTimeout.java:28)
Caused by: ptolemy.kernel.util.IllegalActionException: Test fails in iteration 1.
Value was: 1.0. Should have been: 2.0
  in .DirectFeedback.Test
	at ptolemy.actor.lib.Test.fire(Test.java:268)
	at ptolemy.domains.de.kernel.DEDirector._fire(DEDirector.java:1949)
	at ptolemy.domains.de.kernel.DEDirector.fire(DEDirector.java:502)
	at ptolemy.actor.CompositeActor.fire(CompositeActor.java:455)
	at ptolemy.actor.Manager.iterate(Manager.java:851)
	at ptolemy.actor.Manager.execute(Manager.java:369)
	at ptolemy.actor.Manager.run(Manager.java:1263)
	at ptolemy.actor.Manager$PtolemyRunThread.run(Manager.java:1915)
java.lang.RuntimeException: Execution failed
	at ptolemy.moml.MoMLSimpleApplication$UnloadThread.run(MoMLSimpleApplication.java:402)
Caused by: ptolemy.kernel.util.IllegalActionException: Found a zero delay loop containing .HierarchicalModel.A
  in .HierarchicalModel and .HierarchicalModel.A
	at ptolemy.actor.util.CausalityInterfaceForComposites._computeOutputPortDepth(CausalityInterfaceForComposites.java:759)
	at ptolemy.actor.util.CausalityInterfaceForComposites._computeInputDepth(CausalityInterfaceForComposites.java:696)
	at ptolemy.actor.util.CausalityInterfaceForComposites._computeOutputPortDepth(CausalityInterfaceForComposites.java:765)
	at ptolemy.actor.util.CausalityInterfaceForComposites._computeInputDepth(CausalityInterfaceForComposites.java:696)
	at ptolemy.actor.util.CausalityInterfaceForComposites._computeOutputPortDepth(CausalityInterfaceForComposites.java:765)
	at ptolemy.actor.util.CausalityInterfaceForComposites._computeInputDepth(CausalityInterfaceForComposites.java:696)
	at ptolemy.actor.util.CausalityInterfaceForComposites._computeActorDepth(CausalityInterfaceForComposites.java:532)
	at ptolemy.actor.util.CausalityInterfaceForComposites.checkForCycles(CausalityInterfaceForComposites.java:96)
	at ptolemy.domains.de.kernel.DEDirector.preinitialize(DEDirector.java:1338)
	at ptolemy.actor.CompositeActor.preinitialize(CompositeActor.java:1828)
	at ptolemy.actor.Manager.preinitializeAndResolveTypes(Manager.java:1040)
	at ptolemy.actor.Manager.initialize(Manager.java:710)
	at ptolemy.actor.Manager.execute(Manager.java:356)
	at ptolemy.actor.Manager.run(Manager.java:1263)
	at ptolemy.actor.Manager$PtolemyRunThread.run(Manager.java:1915)
java.lang.reflect.InvocationTargetException
	at sun.reflect.NativeConstructorAccessorImpl.newInstance0(Native Method)
	at sun.reflect.NativeConstructorAccessorImpl.newInstance(NativeConstructorAccessorImpl.java:62)
	at sun.reflect.DelegatingConstructorAccessorImpl.newInstance(DelegatingConstructorAccessorImpl.java:45)
	at java.lang.reflect.Constructor.newInstance(Constructor.java:423)
	at ptolemy.util.test.junit.AutoKnownFailedTests.RunModel(AutoKnownFailedTests.java:107)
	at sun.reflect.NativeMethodAccessorImpl.invoke0(Native Method)
	at sun.reflect.NativeMethodAccessorImpl.invoke(NativeMethodAccessorImpl.java:62)
	at sun.reflect.DelegatingMethodAccessorImpl.invoke(DelegatingMethodAccessorImpl.java:43)
	at java.lang.reflect.Method.invoke(Method.java:498)
	at org.junit.runners.model.FrameworkMethod$1.runReflectiveCall(FrameworkMethod.java:44)
	at org.junit.internal.runners.model.ReflectiveCallable.run(ReflectiveCallable.java:15)
	at org.junit.runners.model.FrameworkMethod.invokeExplosively(FrameworkMethod.java:41)
	at junitparams.internal.InvokeParameterisedMethod.evaluate(InvokeParameterisedMethod.java:102)
	at org.junit.internal.runners.statements.FailOnTimeout$1.run(FailOnTimeout.java:28)
Caused by: ptolemy.kernel.util.IllegalActionException: Found a zero delay loop containing .HierarchicalModel.A
  in .HierarchicalModel and .HierarchicalModel.A
	at ptolemy.actor.util.CausalityInterfaceForComposites._computeOutputPortDepth(CausalityInterfaceForComposites.java:759)
	at ptolemy.actor.util.CausalityInterfaceForComposites._computeInputDepth(CausalityInterfaceForComposites.java:696)
	at ptolemy.actor.util.CausalityInterfaceForComposites._computeOutputPortDepth(CausalityInterfaceForComposites.java:765)
	at ptolemy.actor.util.CausalityInterfaceForComposites._computeInputDepth(CausalityInterfaceForComposites.java:696)
	at ptolemy.actor.util.CausalityInterfaceForComposites._computeOutputPortDepth(CausalityInterfaceForComposites.java:765)
	at ptolemy.actor.util.CausalityInterfaceForComposites._computeInputDepth(CausalityInterfaceForComposites.java:696)
	at ptolemy.actor.util.CausalityInterfaceForComposites._computeActorDepth(CausalityInterfaceForComposites.java:532)
	at ptolemy.actor.util.CausalityInterfaceForComposites.checkForCycles(CausalityInterfaceForComposites.java:96)
	at ptolemy.domains.de.kernel.DEDirector.preinitialize(DEDirector.java:1338)
	at ptolemy.actor.CompositeActor.preinitialize(CompositeActor.java:1828)
	at ptolemy.actor.Manager.preinitializeAndResolveTypes(Manager.java:1040)
	at ptolemy.actor.Manager.initialize(Manager.java:710)
	at ptolemy.actor.Manager.execute(Manager.java:356)
	at ptolemy.actor.Manager.run(Manager.java:1263)
	at ptolemy.actor.Manager$PtolemyRunThread.run(Manager.java:1915)
java.lang.RuntimeException: Execution failed
	at ptolemy.moml.MoMLSimpleApplication$UnloadThread.run(MoMLSimpleApplication.java:402)
Caused by: ptolemy.kernel.util.IllegalActionException: Found a zero delay loop containing .dependencyLoop.original
  in .dependencyLoop and .dependencyLoop.original
	at ptolemy.actor.util.CausalityInterfaceForComposites._computeOutputPortDepth(CausalityInterfaceForComposites.java:759)
	at ptolemy.actor.util.CausalityInterfaceForComposites._computeInputDepth(CausalityInterfaceForComposites.java:696)
	at ptolemy.actor.util.CausalityInterfaceForComposites._computeOutputPortDepth(CausalityInterfaceForComposites.java:765)
	at ptolemy.actor.util.CausalityInterfaceForComposites._computeInputDepth(CausalityInterfaceForComposites.java:696)
	at ptolemy.actor.util.CausalityInterfaceForComposites._computeOutputPortDepth(CausalityInterfaceForComposites.java:765)
	at ptolemy.actor.util.CausalityInterfaceForComposites._computeInputDepth(CausalityInterfaceForComposites.java:696)
	at ptolemy.actor.util.CausalityInterfaceForComposites._computeActorDepth(CausalityInterfaceForComposites.java:532)
	at ptolemy.actor.util.CausalityInterfaceForComposites.checkForCycles(CausalityInterfaceForComposites.java:96)
	at ptolemy.domains.de.kernel.DEDirector.preinitialize(DEDirector.java:1338)
	at ptolemy.actor.CompositeActor.preinitialize(CompositeActor.java:1828)
	at ptolemy.actor.Manager.preinitializeAndResolveTypes(Manager.java:1040)
	at ptolemy.actor.Manager.initialize(Manager.java:710)
	at ptolemy.actor.Manager.execute(Manager.java:356)
	at ptolemy.actor.Manager.run(Manager.java:1263)
	at ptolemy.actor.Manager$PtolemyRunThread.run(Manager.java:1915)
java.lang.reflect.InvocationTargetException
	at sun.reflect.NativeConstructorAccessorImpl.newInstance0(Native Method)
	at sun.reflect.NativeConstructorAccessorImpl.newInstance(NativeConstructorAccessorImpl.java:62)
	at sun.reflect.DelegatingConstructorAccessorImpl.newInstance(DelegatingConstructorAccessorImpl.java:45)
	at java.lang.reflect.Constructor.newInstance(Constructor.java:423)
	at ptolemy.util.test.junit.AutoKnownFailedTests.RunModel(AutoKnownFailedTests.java:107)
	at sun.reflect.NativeMethodAccessorImpl.invoke0(Native Method)
	at sun.reflect.NativeMethodAccessorImpl.invoke(NativeMethodAccessorImpl.java:62)
	at sun.reflect.DelegatingMethodAccessorImpl.invoke(DelegatingMethodAccessorImpl.java:43)
	at java.lang.reflect.Method.invoke(Method.java:498)
	at org.junit.runners.model.FrameworkMethod$1.runReflectiveCall(FrameworkMethod.java:44)
	at org.junit.internal.runners.model.ReflectiveCallable.run(ReflectiveCallable.java:15)
	at org.junit.runners.model.FrameworkMethod.invokeExplosively(FrameworkMethod.java:41)
	at junitparams.internal.InvokeParameterisedMethod.evaluate(InvokeParameterisedMethod.java:102)
	at org.junit.internal.runners.statements.FailOnTimeout$1.run(FailOnTimeout.java:28)
Caused by: ptolemy.kernel.util.IllegalActionException: Found a zero delay loop containing .dependencyLoop.original
  in .dependencyLoop and .dependencyLoop.original
	at ptolemy.actor.util.CausalityInterfaceForComposites._computeOutputPortDepth(CausalityInterfaceForComposites.java:759)
	at ptolemy.actor.util.CausalityInterfaceForComposites._computeInputDepth(CausalityInterfaceForComposites.java:696)
	at ptolemy.actor.util.CausalityInterfaceForComposites._computeOutputPortDepth(CausalityInterfaceForComposites.java:765)
	at ptolemy.actor.util.CausalityInterfaceForComposites._computeInputDepth(CausalityInterfaceForComposites.java:696)
	at ptolemy.actor.util.CausalityInterfaceForComposites._computeOutputPortDepth(CausalityInterfaceForComposites.java:765)
	at ptolemy.actor.util.CausalityInterfaceForComposites._computeInputDepth(CausalityInterfaceForComposites.java:696)
	at ptolemy.actor.util.CausalityInterfaceForComposites._computeActorDepth(CausalityInterfaceForComposites.java:532)
	at ptolemy.actor.util.CausalityInterfaceForComposites.checkForCycles(CausalityInterfaceForComposites.java:96)
	at ptolemy.domains.de.kernel.DEDirector.preinitialize(DEDirector.java:1338)
	at ptolemy.actor.CompositeActor.preinitialize(CompositeActor.java:1828)
	at ptolemy.actor.Manager.preinitializeAndResolveTypes(Manager.java:1040)
	at ptolemy.actor.Manager.initialize(Manager.java:710)
	at ptolemy.actor.Manager.execute(Manager.java:356)
	at ptolemy.actor.Manager.run(Manager.java:1263)
	at ptolemy.actor.Manager$PtolemyRunThread.run(Manager.java:1915)
java.lang.RuntimeException: Execution failed
	at ptolemy.moml.MoMLSimpleApplication$UnloadThread.run(MoMLSimpleApplication.java:402)
Caused by: ptolemy.kernel.util.IllegalActionException: Found a zero delay loop containing .dependencyLoop2.original
  in .dependencyLoop2 and .dependencyLoop2.original
	at ptolemy.actor.util.CausalityInterfaceForComposites._computeOutputPortDepth(CausalityInterfaceForComposites.java:759)
	at ptolemy.actor.util.CausalityInterfaceForComposites._computeInputDepth(CausalityInterfaceForComposites.java:696)
	at ptolemy.actor.util.CausalityInterfaceForComposites._computeOutputPortDepth(CausalityInterfaceForComposites.java:765)
	at ptolemy.actor.util.CausalityInterfaceForComposites._computeInputDepth(CausalityInterfaceForComposites.java:696)
	at ptolemy.actor.util.CausalityInterfaceForComposites._computeOutputPortDepth(CausalityInterfaceForComposites.java:765)
	at ptolemy.actor.util.CausalityInterfaceForComposites._computeInputDepth(CausalityInterfaceForComposites.java:696)
	at ptolemy.actor.util.CausalityInterfaceForComposites._computeActorDepth(CausalityInterfaceForComposites.java:532)
	at ptolemy.actor.util.CausalityInterfaceForComposites.checkForCycles(CausalityInterfaceForComposites.java:96)
	at ptolemy.domains.de.kernel.DEDirector.preinitialize(DEDirector.java:1338)
	at ptolemy.actor.CompositeActor.preinitialize(CompositeActor.java:1828)
	at ptolemy.actor.Manager.preinitializeAndResolveTypes(Manager.java:1040)
	at ptolemy.actor.Manager.initialize(Manager.java:710)
	at ptolemy.actor.Manager.execute(Manager.java:356)
	at ptolemy.actor.Manager.run(Manager.java:1263)
	at ptolemy.actor.Manager$PtolemyRunThread.run(Manager.java:1915)
java.lang.reflect.InvocationTargetException
	at sun.reflect.NativeConstructorAccessorImpl.newInstance0(Native Method)
	at sun.reflect.NativeConstructorAccessorImpl.newInstance(NativeConstructorAccessorImpl.java:62)
	at sun.reflect.DelegatingConstructorAccessorImpl.newInstance(DelegatingConstructorAccessorImpl.java:45)
	at java.lang.reflect.Constructor.newInstance(Constructor.java:423)
	at ptolemy.util.test.junit.AutoKnownFailedTests.RunModel(AutoKnownFailedTests.java:107)
	at sun.reflect.NativeMethodAccessorImpl.invoke0(Native Method)
	at sun.reflect.NativeMethodAccessorImpl.invoke(NativeMethodAccessorImpl.java:62)
	at sun.reflect.DelegatingMethodAccessorImpl.invoke(DelegatingMethodAccessorImpl.java:43)
	at java.lang.reflect.Method.invoke(Method.java:498)
	at org.junit.runners.model.FrameworkMethod$1.runReflectiveCall(FrameworkMethod.java:44)
	at org.junit.internal.runners.model.ReflectiveCallable.run(ReflectiveCallable.java:15)
	at org.junit.runners.model.FrameworkMethod.invokeExplosively(FrameworkMethod.java:41)
	at junitparams.internal.InvokeParameterisedMethod.evaluate(InvokeParameterisedMethod.java:102)
	at org.junit.internal.runners.statements.FailOnTimeout$1.run(FailOnTimeout.java:28)
Caused by: ptolemy.kernel.util.IllegalActionException: Found a zero delay loop containing .dependencyLoop2.original
  in .dependencyLoop2 and .dependencyLoop2.original
	at ptolemy.actor.util.CausalityInterfaceForComposites._computeOutputPortDepth(CausalityInterfaceForComposites.java:759)
	at ptolemy.actor.util.CausalityInterfaceForComposites._computeInputDepth(CausalityInterfaceForComposites.java:696)
	at ptolemy.actor.util.CausalityInterfaceForComposites._computeOutputPortDepth(CausalityInterfaceForComposites.java:765)
	at ptolemy.actor.util.CausalityInterfaceForComposites._computeInputDepth(CausalityInterfaceForComposites.java:696)
	at ptolemy.actor.util.CausalityInterfaceForComposites._computeOutputPortDepth(CausalityInterfaceForComposites.java:765)
	at ptolemy.actor.util.CausalityInterfaceForComposites._computeInputDepth(CausalityInterfaceForComposites.java:696)
	at ptolemy.actor.util.CausalityInterfaceForComposites._computeActorDepth(CausalityInterfaceForComposites.java:532)
	at ptolemy.actor.util.CausalityInterfaceForComposites.checkForCycles(CausalityInterfaceForComposites.java:96)
	at ptolemy.domains.de.kernel.DEDirector.preinitialize(DEDirector.java:1338)
	at ptolemy.actor.CompositeActor.preinitialize(CompositeActor.java:1828)
	at ptolemy.actor.Manager.preinitializeAndResolveTypes(Manager.java:1040)
	at ptolemy.actor.Manager.initialize(Manager.java:710)
	at ptolemy.actor.Manager.execute(Manager.java:356)
	at ptolemy.actor.Manager.run(Manager.java:1263)
	at ptolemy.actor.Manager$PtolemyRunThread.run(Manager.java:1915)
]]></system-err>
</testsuite>
