<?xml version="1.0" encoding="UTF-8" ?>
<testsuite errors="0" failures="0" hostname="travis-job-88ee26cc-9313-4b46-9a7c-e14875a89ce5" name="ptolemy.actor.lib.test.junit.JUnitTclTest" skipped="0" tests="517" time="58.268" timestamp="2020-04-16T14:03:10">
  <properties>
    <property name="npm.executable" value="npm" />
    <property name="env.TRAVIS_ROOT" value="/" />
    <property name="ptII.mk.exists" value="true" />
    <property name="env.TRAVIS_APP_HOST" value="build.travis-ci.org" />
    <property name="env.rvm_bin_path" value="/home/travis/.rvm/bin" />
    <property name="java.home" value="/usr/local/lib/jvm/openjdk11" />
    <property name="env.TRAVIS_JOB_NUMBER" value="1603.8" />
    <property name="env.TRAVIS_HOME" value="/home/travis" />
    <property name="env.DISPLAY" value=":99.0" />
    <property name="env.TRAVIS_INIT" value="systemd" />
    <property name="env.SSH_TTY" value="/dev/pts/0" />
    <property name="java.net.preferIPv4Stack" value="true" />
    <property name="env.RUN_TESTS" value="true" />
    <property name="timeout.short" value="1000000" />
    <property name="junit.formatter" value="xml" />
    <property name="env.TRAVIS_SUDO" value="true" />
    <property name="env.TRAVIS_JOB_NAME" value="" />
    <property name="env.TRAVIS_STACK_NODE_ATTRIBUTES" value="/.node-attributes.yml" />
    <property name="env.LOGNAME" value="travis" />
    <property name="env.PT_TRAVIS_TEST_CORE1_XML" value="true" />
    <property name="jsdoc.home" value="node_modules/@terraswarm/jsdoc" />
    <property name="debuglevel" value="source,lines,vars" />
    <property name="checkstyle.formatter" value="xml" />
    <property name="env._system_version" value="16.04" />
    <property name="bin.vergil.makeable" value="true" />
    <property name="sun.os.patch.level" value="unknown" />
    <property name="java.vendor.url" value="http://java.oracle.com/" />
    <property name="env.TRAVIS_BUILD_WEB_URL" value="https://travis-ci.org/icyphy/ptII/builds/675749745" />
    <property name="java.version" value="11.0.2" />
    <property name="env.TZ" value="UTC" />
    <property name="env.TRAVIS_PULL_REQUEST_SHA" value="" />
    <property name="env.PT_NO_NET" value="true" />
    <property name="env.TRAVIS_SECURE_ENV_VARS" value="true" />
    <property name="env._system_type" value="Linux" />
    <property name="java.vendor.url.bug" value="http://bugreport.java.com/bugreport/" />
    <property name="npmjs-org-is-up" value="true" />
    <property name="env.LANGUAGE" value="en_US.UTF-8" />
    <property name="env.SSH_CLIENT" value="10.52.7.18 49354 22" />
    <property name="env.GEM_HOME" value="/home/travis/.rvm/gems/ruby-2.5.3" />
    <property name="env.HAS_ANTARES_THREE_LITTLE_FRONZIES_BADGE" value="true" />
    <property name="java.version.date" value="2019-01-15" />
    <property name="env.PS4" value="+" />
    <property name="ant.project.invoked-targets" value="build,test.core1.xml" />
    <property name="env.TRAVIS_PULL_REQUEST_BRANCH" value="" />
    <property name="env.TRAVIS_REPO_SLUG" value="icyphy/ptII" />
    <property name="env.XDG_DATA_DIRS" value="/usr/local/share:/usr/share:/var/lib/snapd/desktop" />
    <property name="jdk.debug" value="release" />
    <property name="env.TRAVIS_APT_PROXY" value="http://build-cache.travisci.net" />
    <property name="env.TRAVIS_CPU_ARCH" value="amd64" />
    <property name="node.in.path" value="true" />
    <property name="user.name" value="travis" />
    <property name="java.maxmemory" value="1400m" />
    <property name="env.RUBY_VERSION" value="ruby-2.5.3" />
    <property name="env.LANG" value="en_US.UTF-8" />
    <property name="sun.io.unicode.encoding" value="UnicodeLittle" />
    <property name="sun.jnu.encoding" value="UTF-8" />
    <property name="java.runtime.name" value="OpenJDK Runtime Environment" />
    <property name="usefile" value="false" />
    <property name="return.code" value="0" />
    <property name="junit.single.formatter" value="plain" />
    <property name="env.DYLD_LIBRARY_PATH" value="/home/travis/pthla/certi-tools/lib:" />
    <property name="env.DEBIAN_FRONTEND" value="noninteractive" />
    <property name="env.SSH_CONNECTION" value="10.52.7.18 49354 10.20.0.214 22" />
    <property name="env.MYSQL_UNIX_PORT" value="/var/run/mysqld/mysqld.sock" />
    <property name="env.LC_ALL" value="en_US.UTF-8" />
    <property name="env.TRAVIS_ALLOW_FAILURE" value="" />
    <property name="env.TRAVIS_JOB_WEB_URL" value="https://travis-ci.org/icyphy/ptII/jobs/675749753" />
    <property name="java.specification.name" value="Java Platform API Specification" />
    <property name="node.works" value="true" />
    <property name="user.timezone" value="" />
    <property name="path.separator" value=":" />
    <property name="env.TRAVIS_ENABLE_INFRA_DETECTION" value="true" />
    <property name="env.PYTHON_CFLAGS" value="-g -fstack-protector --param=ssp-buffer-size=4 -Wformat -Werror=format-security" />
    <property name="timeout.long" value="4000000" />
    <property name="env.CERTI_HOME" value="/home/travis/pthla/certi-tools" />
    <property name="ant.file.ptII" value="/home/travis/build/icyphy/ptII/build.xml" />
    <property name="javadoc.packagenames" value="com.*,diva.*,lbnl.*,org.hlacerti.*,org.json.*,org.ptolemy.*,org.terraswarm.*,ptolemy.*,ptserver.*" />
    <property name="file.encoding" value="UTF-8" />
    <property name="env.TRAVIS_PULL_REQUEST_SLUG" value="" />
    <property name="ant.project.default-target" value="build" />
    <property name="env.GIT_ASKPASS" value="echo" />
    <property name="env.HOME" value="/home/travis" />
    <property name="sun.java.command" value="org.apache.tools.ant.taskdefs.optional.junit.JUnitTestRunner ptolemy.actor.lib.test.junit.JUnitTclTest skipNonTests=false filtertrace=true haltOnError=false haltOnFailure=false formatter=org.apache.tools.ant.taskdefs.optional.junit.OutErrSummaryJUnitResultFormatter showoutput=true outputtoformatters=true logfailedtests=true threadid=0 logtestlistenerevents=false formatter=org.apache.tools.ant.taskdefs.optional.junit.XMLJUnitResultFormatter,/home/travis/build/icyphy/ptII/reports/junit/TEST-ptolemy.actor.lib.test.junit.JUnitTclTest.xml crashfile=/home/travis/build/icyphy/ptII/junitvmwatcher17675807208188161752.properties propsfile=/home/travis/build/icyphy/ptII/junit1840546127175075706.properties" />
    <property name="env.COMPOSER_NO_INTERACTION" value="1" />
    <property name="env.MANPATH" value="/home/travis/.nvm/versions/node/v7.10.1/share/man:/home/travis/.rvm/rubies/ruby-2.5.3/share/man:/usr/local/cmake-3.12.4/man:/usr/local/clang-7.0.0/share/man:/usr/local/man:/usr/local/share/man:/usr/share/man:/home/travis/.rvm/man" />
    <property name="env.TRAVIS_TIMER_ID" value="0660aff2" />
    <property name="ant.file" value="/home/travis/build/icyphy/ptII/build.xml" />
    <property name="env.TRAVIS_COMMIT_RANGE" value="3e950cfe0f3c004454147d0a7dfedd7f8d8e77cc...52bfcaaec950ad6b43d11ffdb9cd3f924b0c1f76" />
    <property name="env._system_name" value="Ubuntu" />
    <property name="ptII.classpath.optional.property" value="/home/travis/build/icyphy/ptII/lib/bsh-2.0b4.jar:/home/travis/build/icyphy/ptII/lib/ptCal.jar:/home/travis/build/icyphy/ptII/lib/java_cup.jar:/home/travis/build/icyphy/ptII/lib/saxon8.jar:/home/travis/build/icyphy/ptII/lib/saxon8-dom.jar:/home/travis/build/icyphy/ptII/lib/chic.jar:/home/travis/build/icyphy/ptII/lib/ptcolt.jar:/home/travis/build/icyphy/ptII/vendors/misc/itext/iText.jar:/home/travis/build/icyphy/ptII/lib/g4ltl.jar:/home/travis/build/icyphy/ptII/lib/StructuralCoder.jar:/home/travis/build/icyphy/ptII/lib/jcerti.jar:/home/travis/build/icyphy/ptII/lib/javax.mail.jar:/home/travis/build/icyphy/ptII/vendors/JMF-2.1.1e/lib/jmf.jar:/home/travis/build/icyphy/ptII/lib/jna-4.0.0-variadic.jar:/home/travis/build/icyphy/ptII/vendors/misc/joystick/Joystick.jar:/home/travis/build/icyphy/ptII/lib/ptjacl.jar:/home/travis/build/icyphy/ptII/lib/jsoup-1.8.2.jar:/home/travis/build/icyphy/ptII/lib/junit-4.8.2.jar:/home/travis/build/icyphy/ptII/lib/JUnitParams-0.4.0.jar:/home/travis/build/icyphy/ptII/ptolemy/actor/lib/excel/jxl.jar:/home/travis/build/icyphy/ptII/lib/jython.jar:/home/travis/build/icyphy/ptII/lib/kieler.jar:/home/travis/build/icyphy/ptII/vendors/opencv/share/OpenCV/java/opencv-341.jar:/home/travis/build/icyphy/ptII/lib/oscP5.jar:/home/travis/build/icyphy/ptII/lib/nrjavaserial-3.11.0.devel.jar:/home/travis/build/icyphy/ptII/vendors/j3d/lib/Linux/j3dcore.jar:/home/travis/build/icyphy/ptII/vendors/j3d/lib/Linux/j3dutils.jar:/home/travis/build/icyphy/ptII/vendors/j3d/lib/Linux/vecmath.jar:/home/travis/build/icyphy/ptII/vendors/jogl/lib/Linux/gluegen-rt-natives-linux-amd64.jar:/home/travis/build/icyphy/ptII/vendors/jogl/lib/Linux/gluegen-rt.jar:/home/travis/build/icyphy/ptII/vendors/jogl/lib/Linux/jogl-all-natives-linux-amd64.jar:/home/travis/build/icyphy/ptII/vendors/jogl/lib/Linux/jogl-all.jar:/home/travis/build/icyphy/ptII/ptolemy/distributed/jini/jar/jini-core.jar:/home/travis/build/icyphy/ptII/ptolemy/distributed/jini/jar/jini-ext.jar:/home/travis/build/icyphy/ptII/ptolemy/distributed/jini/jar/sun-util.jar:/home/travis/build/icyphy/ptII/lib/protobuf-java-2.4.1.jar:/home/travis/build/icyphy/ptII/lib/org.eclipse.paho.client.mqttv3.jar:/home/travis/build/icyphy/ptII/lib/mapss.jar:/home/travis/build/icyphy/ptII/ptolemy/actor/ptalon/antlr/antlr.jar:/home/travis/build/icyphy/ptII/lib/JRI.jar:/home/travis/build/icyphy/ptII/lib/commons-lang-2.6.jar:/home/travis/build/icyphy/ptII/lib/commons-logging-1.1.1.jar:/home/travis/build/icyphy/ptII/lib/sootclasses.jar:/home/travis/build/icyphy/ptII/ptolemy/actor/lib/database/mysql-connector-java-5.1.6-bin.jar:/home/travis/build/icyphy/ptII/vendors/misc/sphinx4/sphinx4-data-5prealpha.jar:/home/travis/build/icyphy/ptII/vendors/misc/sphinx4/sphinx4-core-5prealpha.jar:/home/travis/build/icyphy/ptII/lib/PDFRenderer.jar:/home/travis/build/icyphy/ptII/lib/svgSalamander.jar:/home/travis/build/icyphy/ptII/lib/rsyntaxtextarea-2.6.0-SNAPSHOT.jar:/home/travis/build/icyphy/ptII/lib/hazelcast-3.8.2.jar:/home/travis/build/icyphy/ptII/lib/jackson-annotations-2.9.0.jar:/home/travis/build/icyphy/ptII/lib/jackson-core-2.9.3.jar:/home/travis/build/icyphy/ptII/lib/jackson-databind-2.9.3.jar:/home/travis/build/icyphy/ptII/lib/netty-buffer-4.1.19.Final.jar:/home/travis/build/icyphy/ptII/lib/netty-codec-4.1.19.Final.jar:/home/travis/build/icyphy/ptII/lib/netty-codec-dns-4.1.19.Final.jar:/home/travis/build/icyphy/ptII/lib/netty-codec-http-4.1.19.Final.jar:/home/travis/build/icyphy/ptII/lib/netty-codec-http2-4.1.19.Final.jar:/home/travis/build/icyphy/ptII/lib/netty-common-4.1.19.Final.jar:/home/travis/build/icyphy/ptII/lib/netty-handler-4.1.19.Final.jar:/home/travis/build/icyphy/ptII/lib/netty-resolver-4.1.19.Final.jar:/home/travis/build/icyphy/ptII/lib/netty-resolver-dns-4.1.19.Final.jar:/home/travis/build/icyphy/ptII/lib/netty-transport-4.1.19.Final.jar:/home/travis/build/icyphy/ptII/lib/vertx-codegen-3.5.1.jar:/home/travis/build/icyphy/ptII/lib/vertx-core-3.5.2-SNAPSHOT.jar:/home/travis/build/icyphy/ptII/lib/vertx-hazelcast-3.5.1.jar:/home/travis/build/icyphy/ptII/lib/vertx-lang-js-3.5.1.jar:/home/travis/build/icyphy/ptII/lib/vertx-service-proxy-3.5.1.jar:/home/travis/build/icyphy/ptII/lib/vertx-web-3.5.1.jar:/home/travis/build/icyphy/ptII/lib/slf4j-api-1.7.13.jar:/home/travis/build/icyphy/ptII/lib/slf4j-simple-1.7.13.jar:/home/travis/build/icyphy/ptII/lib/webcam-capture-0.3.12.jar:/home/travis/build/icyphy/ptII/lib/bridj-0.7.0.jar:/home/travis/build/icyphy/ptII/lib/xbjlib-1.1.0.nrjavaserial.jar" />
    <property name="timeout" value="2400000" />
    <property name="test.batch" value="**/junit/*.java" />
    <property name="env._" value="/usr/bin/timeout" />
    <property name="java.io.tmpdir" value="/tmp" />
    <property name="user.language" value="en" />
    <property name="env.TRAVIS_INTERNAL_RUBY_REGEX" value="^ruby-(2\.[0-4]\.[0-9]|1\.9\.3)" />
    <property name="env.HISTCONTROL" value="ignoredups:ignorespace" />
    <property name="env.GOROOT" value="/home/travis/.gimme/versions/go1.11.1.linux.amd64" />
    <property name="line.separator" value="&#xa;" />
    <property name="target" value="11" />
    <property name="env.TRAVIS_BUILD_DIR" value="/home/travis/build/icyphy/ptII" />
    <property name="env.ANT_OPTS" value="-Xmx2048m" />
    <property name="ant.file.type" value="file" />
    <property name="ptolemy.ptII.batchMode" value="true" />
    <property name="env.HISTSIZE" value="1000" />
    <property name="env.MERB_ENV" value="test" />
    <property name="java.vm.info" value="mixed mode" />
    <property name="source" value="11" />
    <property name="java.vm.specification.name" value="Java Virtual Machine Specification" />
    <property name="env.TRAVIS_TEST_RESULT" value="0" />
    <property name="jsdoc.command" value="node_modules/@terraswarm/jsdoc/jsdoc.js" />
    <property name="npm.works" value="true" />
    <property name="cobertura.dir" value="/home/travis/build/icyphy/ptII/vendors/cobertura-2.0.3" />
    <property name="jsdoc.command.exists" value="true" />
    <property name="env.rvm_path" value="/home/travis/.rvm" />
    <property name="env.GEM_PATH" value="/home/travis/.rvm/gems/ruby-2.5.3:/home/travis/.rvm/gems/ruby-2.5.3@global" />
    <property name="env.LC_CTYPE" value="en_US.UTF-8" />
    <property name="env.TRAVIS_CMD" value="$PTII/bin/ptIITravisBuild.sh $SECONDS" />
    <property name="java.awt.printerjob" value="sun.print.PSPrinterJob" />
    <property name="env.TRAVIS_STACK_NAME" value="sardonyx" />
    <property name="env.TRAVIS_TIMER_START_TIME" value="1587045167112673646" />
    <property name="ant.version" value="Apache Ant(TM) version 1.10.1 compiled on February 2 2017" />
    <property name="ptII.reports" value="/home/travis/build/icyphy/ptII/reports" />
    <property name="env.TRAVIS_STACK_TIMESTAMP" value="2019-03-25 16:16:56 UTC" />
    <property name="ant.file.type.ptII" value="file" />
    <property name="env.RBENV_SHELL" value="bash" />
    <property name="os.name" value="Linux" />
    <property name="java.specification.vendor" value="Oracle Corporation" />
    <property name="env.rvm_version" value="1.29.7 (latest)" />
    <property name="env.TRAVIS_INFRA" value="unknown" />
    <property name="env.TERM" value="xterm" />
    <property name="java.vm.name" value="OpenJDK 64-Bit Server VM" />
    <property name="env.TRAVIS_BUILD_NUMBER" value="1603" />
    <property name="env.CI" value="true" />
    <property name="java.library.path" value="/home/travis/pthla/certi-tools/lib:/usr/lib/jni:/usr/local/share/OpenCV/java/:/usr/share/OpenCV/java::/usr/java/packages/lib:/usr/lib64:/lib64:/lib:/usr/lib" />
    <property name="jdk.module.path" value="/home/travis/build/icyphy/ptII/vendors/javafx/javafx-sdk-11.0.2/lib:" />
    <property name="env.rvm_prefix" value="/home/travis" />
    <property name="env.PATH" value="/home/travis/pthla/certi-tools/share/scripts:/home/travis/.rvm/gems/ruby-2.5.3/bin:/home/travis/.rvm/gems/ruby-2.5.3@global/bin:/home/travis/.rvm/rubies/ruby-2.5.3/bin:/home/travis/.rvm/bin:/home/travis/.nvm/versions/node/v7.10.1/bin:./node_modules/.bin:/home/travis/build/icyphy/ptII/bin:/home/travis/pthla/certi-tools/bin:/home/travis/bin:/home/travis/.local/bin:/usr/local/lib/jvm/openjdk11/bin:/opt/pyenv/shims:/home/travis/.phpenv/shims:/home/travis/perl5/perlbrew/bin:/home/travis/gopath/bin:/home/travis/.gimme/versions/go1.11.1.linux.amd64/bin:/usr/local/maven-3.6.0/bin:/usr/local/cmake-3.12.4/bin:/usr/local/clang-7.0.0/bin:/usr/local/sbin:/usr/local/bin:/usr/sbin:/usr/bin:/sbin:/bin:/snap/bin:/home/travis/.phpenv/bin:/opt/pyenv/bin:/home/travis/.yarn/bin" />
    <property name="env.TRAVIS_OS_NAME" value="linux" />
    <property name="ant.java.version" value="9" />
    <property name="basedir" value="/home/travis/build/icyphy/ptII" />
    <property name="java.class.version" value="55.0" />
    <property name="env.SHLVL" value="3" />
    <property name="env.LD_LIBRARY_PATH" value="/home/travis/pthla/certi-tools/lib:/usr/lib/jni:/usr/local/share/OpenCV/java/:/usr/share/OpenCV/java:" />
    <property name="env.RACK_ENV" value="test" />
    <property name="ant.home" value="/home/travis/build/icyphy/ptII/ant" />
    <property name="env.NVM_DIR" value="/home/travis/.nvm" />
    <property name="env.CERTI_FOM_PATH" value="/home/travis/pthla/certi-tools/share/federations" />
    <property name="env.TRAVIS_BUILD_ID" value="675749745" />
    <property name="env.PYENV_ROOT" value="/opt/pyenv" />
    <property name="env.TRAVIS_UID" value="2000" />
    <property name="prism.verbose" value="true" />
    <property name="env.NVM_BIN" value="/home/travis/.nvm/versions/node/v7.10.1/bin" />
    <property name="env.TRAVIS_COMMIT" value="52bfcaaec950ad6b43d11ffdb9cd3f924b0c1f76" />
    <property name="env._system_arch" value="x86_64" />
    <property name="node.executable" value="node" />
    <property name="sun.boot.library.path" value="/usr/local/lib/jvm/openjdk11/lib" />
    <property name="sun.management.compiler" value="HotSpot 64-Bit Tiered Compilers" />
    <property name="java.awt.graphicsenv" value="sun.awt.X11GraphicsEnvironment" />
    <property name="env.GOPATH" value="/home/travis/gopath" />
    <property name="ptolemy.ptII.dir" value="/home/travis/build/icyphy/ptII" />
    <property name="env.USER" value="travis" />
    <property name="env.HISTFILESIZE" value="2000" />
    <property name="env.NVM_INC" value="/home/travis/.nvm/versions/node/v7.10.1/include/node" />
    <property name="timeout.longest" value="19000000" />
    <property name="env.PERLBREW_SHELLRC_VERSION" value="0.86" />
    <property name="env.TRAVIS_STACK_FEATURES" value="basic couchdb disabled-ipv6 docker docker-compose elasticsearch firefox go-toolchain google-chrome jdk memcached mongodb mysql nodejs_interpreter perl_interpreter perlbrew phantomjs postgresql python_interpreter redis ruby_interpreter sqlite xserver" />
    <property name="env.TRAVIS_PULL_REQUEST" value="false" />
    <property name="env.PYENV_SHELL" value="bash" />
    <property name="ant.project.name" value="ptII" />
    <property name="env.ANSI_RESET" value="\033[0m" />
    <property name="java.vm.specification.version" value="11" />
    <property name="env.TRAVIS_DIST" value="xenial" />
    <property name="env.CERTI_VERSION" value="4.0.0" />
    <property name="env.CERTI_HOST" value="localhost" />
    <property name="awt.toolkit" value="sun.awt.X11.XToolkit" />
    <property name="env.MY_RUBY_HOME" value="/home/travis/.rvm/rubies/ruby-2.5.3" />
    <property name="sun.cpu.isalist" value="" />
    <property name="env.TRAVIS_TMPDIR" value="/tmp/tmp.XRICOCscvK" />
    <property name="java.vm.compressedOopsMode" value="Zero based" />
    <property name="os.version" value="4.15.0-1028-gcp" />
    <property name="user.home" value="/home/travis" />
    <property name="java.vm.vendor" value="Oracle Corporation" />
    <property name="env.TRAVIS_TAG" value="nightly" />
    <property name="env.ANSI_YELLOW" value="\033[33;1m" />
    <property name="env.TRAVIS_FILTERED" value="redirect_io" />
    <property name="env.ANSI_GREEN" value="\033[32;1m" />
    <property name="env.JAVA_HOME" value="/usr/local/lib/jvm/openjdk11" />
    <property name="javadoc.excludepackagenames" value="adm.cvs2svn.*,build.*,config.*,doc.coding.templates.*,jni.test.jni.meaningOfLife.*,jni.test.jni.testDeux.*,jni.test.jni.testTrois.*,org.terraswarm.accessor.accessors.web.node_modules.*,org.terraswarm.accessor.accessors.web.hosts.cordova.demo.*,org.terraswarm.accessor.accessors.web.hosts.cordova.plugins.*,org.terraswarm.accessor.accessors-svn.*,pt-modules.*,ptolemy.apps.agilent.*,ptolemy.apps.anytimecontrol.*,ptolemy.apps.apes.*,ptolemy.apps.charon.*,ptolemy.apps.crazyboard.*,ptolemy.apps.eclipse.*,ptolemy.apps.etherealSting.*,ptolemy.apps.fullscreen.*,ptolemy.apps.giotto.*,ptolemy.apps.ia.*,ptolemy.apps.interfaces.*,ptolemy.apps.jmf.*,ptolemy.apps.kurt.*,ptolemy.apps.kvm.*,ptolemy.apps.lego.*,ptolemy.apps.lejos.*,ptolemy.apps.midp.*,ptolemy.apps.mobileCoding.*,ptolemy.apps.pendulum.*,ptolemy.apps.rijndael.*,ptolemy.apps.robot.*,ptolemy.apps.security.*,ptolemy.apps.sobel.*,ptolemy.apps.soot.*,ptolemy.apps.throttle.*,ptolemy.apps.tini.*,ptolemy.apps.transmission.*,ptolemy.apps.vergil.*,ptolemy.apps.waba.*,ptolemy.apps.websensor.*,ptolemy.apps.webstart.*,ptolemy.apps.xsl.*,ptolemy.apps.zaurus.*,ptolemy.codegen.c.actor.lib.oldJavaFiles.*,ptolemy.codegen.dsp.lib.*,ptolemy.codegen.kernel.newInterfaces.*,ptolemy.codegen.lib.*,ptolemy.copernicus.kernel.fragment.*,ptolemy.copernicus.shallow.cg.*,ptolemy.domains.giotto.demo.Hierarchy.Hierarchy.*,ptolemy.domains.giotto.demo.Multimode.Multimode.*,ptolemy.domains.giotto.demo.Simple.Simple.*,ptolemy.domains.gr.lib.experimental.*,ptolemy.domains.gro.*,ptolemy.domains.pdf.*,ptolemy.domains.ptinyos.demo.Surge.output.*,ptolemy.moml.test.NoPackageActor.java*,ptolemy.plot.adm.*,ptolemy.plot.servlet.*,reports.*,signed.*,src.*,target.*,vendors.*,ptolemy.copernicus.applet.*,ptolemy.media.viewer.*,ptolemy.actor.corba.*,doc.doclets.*,ptolemy.apps.eclipse.awt.*,ptolemy.backtrack.*,ptolemy.backtrack.ast.*,ptolemy.cg.adapter.generic.program.procedural.c.mbed*,ptolemy.homer.*,ptolemy.actor.lib.jai.*,org.ptolemy.scala.*,diva.util.java2d.svg.*,ptolemy.domains.ptinyos.*,ptolemy.actor.lib.fmi.fmipp.*,,org.terraswarm.accessor.accessors.web.node_modules.*,org.terraswarm.accessor.accessors-svn,ptolemy.apps.*,ptolemy.actor.ptalon.demo.ptinyos.SendAndReceiveCnt.output,ptolemy.actor.ptalon.demo.ptinyos.SenseToLeds.output,ptolemy.domains.ptinyos.demo.CntToLedsAndRfm.output,ptolemy.domains.ptinyos.demo.RfmToLeds.output,ptolemy.domains.ptinyos.demo.SendAndReceiveCnt.output,ptolemy.domains.ptinyos.demo.SenseToLeds.output,ptolemy.actor.lib.jjs.modules.udpSocket.*" />
    <property name="env.PTII" value="/home/travis/build/icyphy/ptII" />
    <property name="env.XDG_SESSION_ID" value="2" />
    <property name="keystore" value="ptKeystore" />
    <property name="env.TRAVIS_COMMIT_MESSAGE" value="Updating models using array data type." />
    <property name="junit.output.dir" value="/home/travis/build/icyphy/ptII/reports/junit" />
    <property name="npm.return.code" value="0" />
    <property name="user.dir" value="/home/travis/build/icyphy/ptII/ptolemy/actor/lib/test" />
    <property name="env.TRAVIS_NODE_VERSION" value="7" />
    <property name="env.TRAVIS_EVENT_TYPE" value="cron" />
    <property name="env.MAIL" value="/var/mail/travis" />
    <property name="env.PERLBREW_ROOT" value="/home/travis/perl5/perlbrew" />
    <property name="env.PWD" value="/home/travis/build/icyphy/ptII" />
    <property name="timeout.npm" value="45000" />
    <property name="env.TRAVIS_ARCH" value="amd64" />
    <property name="sun.cpu.endian" value="little" />
    <property name="env.PAGER" value="cat" />
    <property name="env.TRAVIS_BUILD_STAGE_NAME" value="test" />
    <property name="env.PERLBREW_HOME" value="/home/travis/.perlbrew" />
    <property name="java.vm.version" value="11.0.2+9" />
    <property name="env.RAILS_ENV" value="test" />
    <property name="java.class.path" value="/home/travis/.ptolemyII:/home/travis/.ptolemyII/*:/home/travis/build/icyphy/ptII:/home/travis/build/icyphy/ptII/lib/bsh-2.0b4.jar:/home/travis/build/icyphy/ptII/lib/ptCal.jar:/home/travis/build/icyphy/ptII/lib/java_cup.jar:/home/travis/build/icyphy/ptII/lib/saxon8.jar:/home/travis/build/icyphy/ptII/lib/saxon8-dom.jar:/home/travis/build/icyphy/ptII/lib/chic.jar:/home/travis/build/icyphy/ptII/lib/ptcolt.jar:/home/travis/build/icyphy/ptII/vendors/misc/itext/iText.jar:/home/travis/build/icyphy/ptII/lib/g4ltl.jar:/home/travis/build/icyphy/ptII/lib/StructuralCoder.jar:/home/travis/build/icyphy/ptII/lib/jcerti.jar:/home/travis/build/icyphy/ptII/lib/javax.mail.jar:/home/travis/build/icyphy/ptII/vendors/JMF-2.1.1e/lib/jmf.jar:/home/travis/build/icyphy/ptII/lib/jna-4.0.0-variadic.jar:/home/travis/build/icyphy/ptII/vendors/misc/joystick/Joystick.jar:/home/travis/build/icyphy/ptII/lib/ptjacl.jar:/home/travis/build/icyphy/ptII/lib/jsoup-1.8.2.jar:/home/travis/build/icyphy/ptII/lib/junit-4.8.2.jar:/home/travis/build/icyphy/ptII/lib/JUnitParams-0.4.0.jar:/home/travis/build/icyphy/ptII/ptolemy/actor/lib/excel/jxl.jar:/home/travis/build/icyphy/ptII/lib/jython.jar:/home/travis/build/icyphy/ptII/lib/kieler.jar:/home/travis/build/icyphy/ptII/vendors/opencv/share/OpenCV/java/opencv-341.jar:/home/travis/build/icyphy/ptII/lib/oscP5.jar:/home/travis/build/icyphy/ptII/lib/nrjavaserial-3.11.0.devel.jar:/home/travis/build/icyphy/ptII/vendors/j3d/lib/Linux/j3dcore.jar:/home/travis/build/icyphy/ptII/vendors/j3d/lib/Linux/j3dutils.jar:/home/travis/build/icyphy/ptII/vendors/j3d/lib/Linux/vecmath.jar:/home/travis/build/icyphy/ptII/vendors/jogl/lib/Linux/gluegen-rt-natives-linux-amd64.jar:/home/travis/build/icyphy/ptII/vendors/jogl/lib/Linux/gluegen-rt.jar:/home/travis/build/icyphy/ptII/vendors/jogl/lib/Linux/jogl-all-natives-linux-amd64.jar:/home/travis/build/icyphy/ptII/vendors/jogl/lib/Linux/jogl-all.jar:/home/travis/build/icyphy/ptII/ptolemy/distributed/jini/jar/jini-core.jar:/home/travis/build/icyphy/ptII/ptolemy/distributed/jini/jar/jini-ext.jar:/home/travis/build/icyphy/ptII/ptolemy/distributed/jini/jar/sun-util.jar:/home/travis/build/icyphy/ptII/lib/protobuf-java-2.4.1.jar:/home/travis/build/icyphy/ptII/lib/org.eclipse.paho.client.mqttv3.jar:/home/travis/build/icyphy/ptII/lib/mapss.jar:/home/travis/build/icyphy/ptII/ptolemy/actor/ptalon/antlr/antlr.jar:/home/travis/build/icyphy/ptII/lib/JRI.jar:/home/travis/build/icyphy/ptII/lib/commons-lang-2.6.jar:/home/travis/build/icyphy/ptII/lib/commons-logging-1.1.1.jar:/home/travis/build/icyphy/ptII/lib/sootclasses.jar:/home/travis/build/icyphy/ptII/ptolemy/actor/lib/database/mysql-connector-java-5.1.6-bin.jar:/home/travis/build/icyphy/ptII/vendors/misc/sphinx4/sphinx4-data-5prealpha.jar:/home/travis/build/icyphy/ptII/vendors/misc/sphinx4/sphinx4-core-5prealpha.jar:/home/travis/build/icyphy/ptII/lib/PDFRenderer.jar:/home/travis/build/icyphy/ptII/lib/svgSalamander.jar:/home/travis/build/icyphy/ptII/lib/rsyntaxtextarea-2.6.0-SNAPSHOT.jar:/home/travis/build/icyphy/ptII/lib/hazelcast-3.8.2.jar:/home/travis/build/icyphy/ptII/lib/jackson-annotations-2.9.0.jar:/home/travis/build/icyphy/ptII/lib/jackson-core-2.9.3.jar:/home/travis/build/icyphy/ptII/lib/jackson-databind-2.9.3.jar:/home/travis/build/icyphy/ptII/lib/netty-buffer-4.1.19.Final.jar:/home/travis/build/icyphy/ptII/lib/netty-codec-4.1.19.Final.jar:/home/travis/build/icyphy/ptII/lib/netty-codec-dns-4.1.19.Final.jar:/home/travis/build/icyphy/ptII/lib/netty-codec-http-4.1.19.Final.jar:/home/travis/build/icyphy/ptII/lib/netty-codec-http2-4.1.19.Final.jar:/home/travis/build/icyphy/ptII/lib/netty-common-4.1.19.Final.jar:/home/travis/build/icyphy/ptII/lib/netty-handler-4.1.19.Final.jar:/home/travis/build/icyphy/ptII/lib/netty-resolver-4.1.19.Final.jar:/home/travis/build/icyphy/ptII/lib/netty-resolver-dns-4.1.19.Final.jar:/home/travis/build/icyphy/ptII/lib/netty-transport-4.1.19.Final.jar:/home/travis/build/icyphy/ptII/lib/vertx-codegen-3.5.1.jar:/home/travis/build/icyphy/ptII/lib/vertx-core-3.5.2-SNAPSHOT.jar:/home/travis/build/icyphy/ptII/lib/vertx-hazelcast-3.5.1.jar:/home/travis/build/icyphy/ptII/lib/vertx-lang-js-3.5.1.jar:/home/travis/build/icyphy/ptII/lib/vertx-service-proxy-3.5.1.jar:/home/travis/build/icyphy/ptII/lib/vertx-web-3.5.1.jar:/home/travis/build/icyphy/ptII/lib/slf4j-api-1.7.13.jar:/home/travis/build/icyphy/ptII/lib/slf4j-simple-1.7.13.jar:/home/travis/build/icyphy/ptII/lib/webcam-capture-0.3.12.jar:/home/travis/build/icyphy/ptII/lib/bridj-0.7.0.jar:/home/travis/build/icyphy/ptII/lib/xbjlib-1.1.0.nrjavaserial.jar:/home/travis/build/icyphy/ptII/ptolemy/moml/test:/home/travis/build/icyphy/ptII/ant/lib/ant-launcher.jar:/home/travis/build/icyphy/ptII/ant/lib/ant.jar:/home/travis/build/icyphy/ptII/ant/lib/ant-junit.jar:/home/travis/build/icyphy/ptII/ant/lib/ant-junit4.jar" />
    <property name="ant.library.dir" value="/home/travis/build/icyphy/ptII/ant/lib" />
    <property name="os.arch" value="amd64" />
    <property name="env.CONTINUOUS_INTEGRATION" value="true" />
    <property name="env.TRAVIS_LANGUAGE" value="node_js" />
    <property name="env.TRAVIS_STACK_LANGUAGES" value="__sardonyx__ c c++ clojure cplusplus cpp default generic go groovy java node_js php pure_java python ruby scala" />
    <property name="test.name" value="ptolemy.actor.lib.test.junit.JUnitTclTest" />
    <property name="env.APT_KEY_DONT_WARN_ON_DANGEROUS_USAGE" value="1" />
    <property name="sun.java.launcher" value="SUN_STANDARD" />
    <property name="env.PYTHON_CONFIGURE_OPTS" value="--enable-unicode=ucs4 --with-wide-unicode --enable-shared --enable-ipv6 --enable-loadable-sqlite-extensions --with-computed-gotos" />
    <property name="ant.core.lib" value="/home/travis/build/icyphy/ptII/ant/lib/ant.jar" />
    <property name="java.vm.specification.vendor" value="Oracle Corporation" />
    <property name="env.BCVTB_HOME" value="/home/travis/build/icyphy/ptII/lbnl" />
    <property name="file.separator" value="/" />
    <property name="spotbugs.home" value="/home/travis/build/icyphy/ptII/vendors/spotbugs-3.1.1" />
    <property name="java.runtime.version" value="11.0.2+9" />
    <property name="env.ANSI_CLEAR" value="\033[0K" />
    <property name="javafx.verbose" value="true" />
    <property name="env.HAS_JOSH_K_SEAL_OF_APPROVAL" value="true" />
    <property name="env.XDG_RUNTIME_DIR" value="/run/user/2000" />
    <property name="env.TRAVIS_OSX_IMAGE" value="" />
    <property name="env.TRAVIS_JOB_ID" value="675749753" />
    <property name="env.TRAVIS_BRANCH" value="master" />
    <property name="user.country" value="US" />
    <property name="env.CERTI_HOME_TRAVIS" value="/home/travis/pthla/certi-tools" />
    <property name="env.SHELL" value="/bin/bash" />
    <property name="java.maxmemory.large" value="3200m" />
    <property name="model" value="" />
    <property name="env.CASHER_DIR" value="/home/travis/.casher" />
    <property name="env.NVM_CD_FLAGS" value="" />
    <property name="java.vendor.version" value="18.9" />
    <property name="jshint.executable" value="/home/travis/node_modules/jshint/bin/jshint" />
    <property name="env.JRUBY_OPTS" value=" --client -J-XX:+TieredCompilation -J-XX:TieredStopAtLevel=1 -J-Xss2m -Xcompile.invokedynamic=false" />
    <property name="java.vendor" value="Oracle Corporation" />
    <property name="env.TRAVIS_PRE_CHEF_BOOTSTRAP_TIME" value="2019-03-25T16:16:42" />
    <property name="env.TRAVIS_STACK_JOB_BOARD_REGISTER" value="/.job-board-register.yml" />
    <property name="env.ANSI_RED" value="\033[31;1m" />
    <property name="java.specification.version" value="11" />
    <property name="env.IRBRC" value="/home/travis/.rvm/rubies/ruby-2.5.3/.irbrc" />
    <property name="env.TRAVIS" value="true" />
    <property name="sun.arch.data.model" value="64" />
  </properties>
  <testcase classname="ptolemy.util.test.junit.TclTests" name="[0] /home/travis/build/icyphy/ptII/ptolemy/actor/lib/test/AbsoluteValue.tcl (RunTclFile)" time="0.45" />
  <testcase classname="ptolemy.util.test.junit.TclTests" name="[1] /home/travis/build/icyphy/ptII/ptolemy/actor/lib/test/AddSubtract.tcl (RunTclFile)" time="0.145" />
  <testcase classname="ptolemy.util.test.junit.TclTests" name="[2] /home/travis/build/icyphy/ptII/ptolemy/actor/lib/test/Average.tcl (RunTclFile)" time="0.064" />
  <testcase classname="ptolemy.util.test.junit.TclTests" name="[3] /home/travis/build/icyphy/ptII/ptolemy/actor/lib/test/Bernoulli.tcl (RunTclFile)" time="0.023" />
  <testcase classname="ptolemy.util.test.junit.TclTests" name="[4] /home/travis/build/icyphy/ptII/ptolemy/actor/lib/test/Clock.tcl (RunTclFile)" time="0.092" />
  <testcase classname="ptolemy.util.test.junit.TclTests" name="[5] /home/travis/build/icyphy/ptII/ptolemy/actor/lib/test/Commutator.tcl (RunTclFile)" time="0.169" />
  <testcase classname="ptolemy.util.test.junit.TclTests" name="[6] /home/travis/build/icyphy/ptII/ptolemy/actor/lib/test/Const.tcl (RunTclFile)" time="0.13" />
  <testcase classname="ptolemy.util.test.junit.TclTests" name="[7] /home/travis/build/icyphy/ptII/ptolemy/actor/lib/test/CurrentTime.tcl (RunTclFile)" time="0.033" />
  <testcase classname="ptolemy.util.test.junit.TclTests" name="[8] /home/travis/build/icyphy/ptII/ptolemy/actor/lib/test/DB.tcl (RunTclFile)" time="0.039" />
  <testcase classname="ptolemy.util.test.junit.TclTests" name="[9] /home/travis/build/icyphy/ptII/ptolemy/actor/lib/test/DiscreteRandomSource.tcl (RunTclFile)" time="0.047" />
  <testcase classname="ptolemy.util.test.junit.TclTests" name="[10] /home/travis/build/icyphy/ptII/ptolemy/actor/lib/test/Distributor.tcl (RunTclFile)" time="0.076" />
  <testcase classname="ptolemy.util.test.junit.TclTests" name="[11] /home/travis/build/icyphy/ptII/ptolemy/actor/lib/test/Exit.tcl (RunTclFile)" time="0.099" />
  <testcase classname="ptolemy.util.test.junit.TclTests" name="[12] /home/travis/build/icyphy/ptII/ptolemy/actor/lib/test/Expression.tcl (RunTclFile)" time="0.097" />
  <testcase classname="ptolemy.util.test.junit.TclTests" name="[13] /home/travis/build/icyphy/ptII/ptolemy/actor/lib/test/Gaussian.tcl (RunTclFile)" time="0.232" />
  <testcase classname="ptolemy.util.test.junit.TclTests" name="[14] /home/travis/build/icyphy/ptII/ptolemy/actor/lib/test/IIR.tcl (RunTclFile)" time="0.037" />
  <testcase classname="ptolemy.util.test.junit.TclTests" name="[15] /home/travis/build/icyphy/ptII/ptolemy/actor/lib/test/Interpolator.tcl (RunTclFile)" time="0.079" />
  <testcase classname="ptolemy.util.test.junit.TclTests" name="[16] /home/travis/build/icyphy/ptII/ptolemy/actor/lib/test/MathFunction.tcl (RunTclFile)" time="0.055" />
  <testcase classname="ptolemy.util.test.junit.TclTests" name="[17] /home/travis/build/icyphy/ptII/ptolemy/actor/lib/test/Maximum.tcl (RunTclFile)" time="0.019" />
  <testcase classname="ptolemy.util.test.junit.TclTests" name="[18] /home/travis/build/icyphy/ptII/ptolemy/actor/lib/test/Minimum.tcl (RunTclFile)" time="0.017" />
  <testcase classname="ptolemy.util.test.junit.TclTests" name="[19] /home/travis/build/icyphy/ptII/ptolemy/actor/lib/test/MultiplyDivide.tcl (RunTclFile)" time="0.018" />
  <testcase classname="ptolemy.util.test.junit.TclTests" name="[20] /home/travis/build/icyphy/ptII/ptolemy/actor/lib/test/OrderedMerge.tcl (RunTclFile)" time="0.142" />
  <testcase classname="ptolemy.util.test.junit.TclTests" name="[21] /home/travis/build/icyphy/ptII/ptolemy/actor/lib/test/Publisher.tcl (RunTclFile)" time="0.719" />
  <testcase classname="ptolemy.util.test.junit.TclTests" name="[22] /home/travis/build/icyphy/ptII/ptolemy/actor/lib/test/Pulse.tcl (RunTclFile)" time="0.064" />
  <testcase classname="ptolemy.util.test.junit.TclTests" name="[23] /home/travis/build/icyphy/ptII/ptolemy/actor/lib/test/Ramp.tcl (RunTclFile)" time="1.908" />
  <testcase classname="ptolemy.util.test.junit.TclTests" name="[24] /home/travis/build/icyphy/ptII/ptolemy/actor/lib/test/RampContinuous.tcl (RunTclFile)" time="0.018" />
  <testcase classname="ptolemy.util.test.junit.TclTests" name="[25] /home/travis/build/icyphy/ptII/ptolemy/actor/lib/test/RecordAssembler.tcl (RunTclFile)" time="0.017" />
  <testcase classname="ptolemy.util.test.junit.TclTests" name="[26] /home/travis/build/icyphy/ptII/ptolemy/actor/lib/test/RecordDisassembler.tcl (RunTclFile)" time="0.028" />
  <testcase classname="ptolemy.util.test.junit.TclTests" name="[27] /home/travis/build/icyphy/ptII/ptolemy/actor/lib/test/Scale.tcl (RunTclFile)" time="0.022" />
  <testcase classname="ptolemy.util.test.junit.TclTests" name="[28] /home/travis/build/icyphy/ptII/ptolemy/actor/lib/test/SequentialClock.tcl (RunTclFile)" time="0.01" />
  <testcase classname="ptolemy.util.test.junit.TclTests" name="[29] /home/travis/build/icyphy/ptII/ptolemy/actor/lib/test/SetVariable.tcl (RunTclFile)" time="0.009" />
  <testcase classname="ptolemy.util.test.junit.TclTests" name="[30] /home/travis/build/icyphy/ptII/ptolemy/actor/lib/test/Sinewave.tcl (RunTclFile)" time="0.052" />
  <testcase classname="ptolemy.util.test.junit.TclTests" name="[31] /home/travis/build/icyphy/ptII/ptolemy/actor/lib/test/SubscriptionAggregator.tcl (RunTclFile)" time="1.979" />
  <testcase classname="ptolemy.util.test.junit.TclTests" name="[32] /home/travis/build/icyphy/ptII/ptolemy/actor/lib/test/Test.tcl (RunTclFile)" time="0.109" />
  <testcase classname="ptolemy.util.test.junit.TclTests" name="[33] /home/travis/build/icyphy/ptII/ptolemy/actor/lib/test/TestExceptionHandler.tcl (RunTclFile)" time="0.011" />
  <testcase classname="ptolemy.util.test.junit.TclTests" name="[34] /home/travis/build/icyphy/ptII/ptolemy/actor/lib/test/UnionDisassembler.tcl (RunTclFile)" time="0.065" />
  <testcase classname="ptolemy.util.test.junit.TclTests" name="[35] /home/travis/build/icyphy/ptII/ptolemy/actor/lib/test/VariableClock.tcl (RunTclFile)" time="0.022" />
  <testcase classname="ptolemy.util.test.junit.AutoKnownFailedTests" name="[0] /home/travis/build/icyphy/ptII/ptolemy/actor/lib/test/auto/knownFailedTests/PublisherPortToplevelSubscriber.xml (RunModel)" time="0.025" />
  <testcase classname="ptolemy.util.test.junit.AutoKnownFailedTests" name="[1] /home/travis/build/icyphy/ptII/ptolemy/actor/lib/test/auto/knownFailedTests/PublisherSubscriberPortToplevel.xml (RunModel)" time="0.016" />
  <testcase classname="ptolemy.util.test.junit.AutoKnownFailedTests" name="[2] /home/travis/build/icyphy/ptII/ptolemy/actor/lib/test/auto/knownFailedTests/PublisherSubscriptionAggregatorPort.xml (RunModel)" time="0.02" />
  <testcase classname="ptolemy.util.test.junit.AutoKnownFailedTests" name="[3] /home/travis/build/icyphy/ptII/ptolemy/actor/lib/test/auto/knownFailedTests/sizedarray3.xml (RunModel)" time="0.02" />
  <testcase classname="ptolemy.util.test.junit.AutoNameArchTests" name="[0] ThereAreNoAutoArchTests (RunModel)" time="0.001" />
  <testcase classname="ptolemy.util.test.junit.AutoTests" name="[0] /home/travis/build/icyphy/ptII/ptolemy/actor/lib/test/auto/AbsoluteValue.xml (RunModel)" time="0.078" />
  <testcase classname="ptolemy.util.test.junit.AutoTests" name="[1] /home/travis/build/icyphy/ptII/ptolemy/actor/lib/test/auto/AbsoluteValue2.xml (RunModel)" time="0.049" />
  <testcase classname="ptolemy.util.test.junit.AutoTests" name="[2] /home/travis/build/icyphy/ptII/ptolemy/actor/lib/test/auto/Accumulator.xml (RunModel)" time="0.072" />
  <testcase classname="ptolemy.util.test.junit.AutoTests" name="[3] /home/travis/build/icyphy/ptII/ptolemy/actor/lib/test/auto/Accumulator2.xml (RunModel)" time="0.127" />
  <testcase classname="ptolemy.util.test.junit.AutoTests" name="[4] /home/travis/build/icyphy/ptII/ptolemy/actor/lib/test/auto/Accumulator3.xml (RunModel)" time="0.031" />
  <testcase classname="ptolemy.util.test.junit.AutoTests" name="[5] /home/travis/build/icyphy/ptII/ptolemy/actor/lib/test/auto/ArrayAppend.xml (RunModel)" time="0.053" />
  <testcase classname="ptolemy.util.test.junit.AutoTests" name="[6] /home/travis/build/icyphy/ptII/ptolemy/actor/lib/test/auto/ArrayAppend2.xml (RunModel)" time="0.277" />
  <testcase classname="ptolemy.util.test.junit.AutoTests" name="[7] /home/travis/build/icyphy/ptII/ptolemy/actor/lib/test/auto/ArrayAppend3.xml (RunModel)" time="0.033" />
  <testcase classname="ptolemy.util.test.junit.AutoTests" name="[8] /home/travis/build/icyphy/ptII/ptolemy/actor/lib/test/auto/ArrayAppend4.xml (RunModel)" time="0.013" />
  <testcase classname="ptolemy.util.test.junit.AutoTests" name="[9] /home/travis/build/icyphy/ptII/ptolemy/actor/lib/test/auto/ArrayAppend5.xml (RunModel)" time="0.011" />
  <testcase classname="ptolemy.util.test.junit.AutoTests" name="[10] /home/travis/build/icyphy/ptII/ptolemy/actor/lib/test/auto/ArrayAppend6.xml (RunModel)" time="0.01" />
  <testcase classname="ptolemy.util.test.junit.AutoTests" name="[11] /home/travis/build/icyphy/ptII/ptolemy/actor/lib/test/auto/ArrayAppendPerformanceTest.xml (RunModel)" time="0.054" />
  <testcase classname="ptolemy.util.test.junit.AutoTests" name="[12] /home/travis/build/icyphy/ptII/ptolemy/actor/lib/test/auto/ArrayAppendWithEmptyInput.xml (RunModel)" time="0.027" />
  <testcase classname="ptolemy.util.test.junit.AutoTests" name="[13] /home/travis/build/icyphy/ptII/ptolemy/actor/lib/test/auto/ArrayAverage.xml (RunModel)" time="0.025" />
  <testcase classname="ptolemy.util.test.junit.AutoTests" name="[14] /home/travis/build/icyphy/ptII/ptolemy/actor/lib/test/auto/ArrayContains.xml (RunModel)" time="0.02" />
  <testcase classname="ptolemy.util.test.junit.AutoTests" name="[15] /home/travis/build/icyphy/ptII/ptolemy/actor/lib/test/auto/ArrayElement.xml (RunModel)" time="0.021" />
  <testcase classname="ptolemy.util.test.junit.AutoTests" name="[16] /home/travis/build/icyphy/ptII/ptolemy/actor/lib/test/auto/ArrayElementAsMatrix.xml (RunModel)" time="0.04" />
  <testcase classname="ptolemy.util.test.junit.AutoTests" name="[17] /home/travis/build/icyphy/ptII/ptolemy/actor/lib/test/auto/ArrayElementI.xml (RunModel)" time="0.067" />
  <testcase classname="ptolemy.util.test.junit.AutoTests" name="[18] /home/travis/build/icyphy/ptII/ptolemy/actor/lib/test/auto/ArrayExtract.xml (RunModel)" time="0.027" />
  <testcase classname="ptolemy.util.test.junit.AutoTests" name="[19] /home/travis/build/icyphy/ptII/ptolemy/actor/lib/test/auto/ArrayExtract2.xml (RunModel)" time="0.019" />
  <testcase classname="ptolemy.util.test.junit.AutoTests" name="[20] /home/travis/build/icyphy/ptII/ptolemy/actor/lib/test/auto/ArrayLength.xml (RunModel)" time="0.018" />
  <testcase classname="ptolemy.util.test.junit.AutoTests" name="[21] /home/travis/build/icyphy/ptII/ptolemy/actor/lib/test/auto/ArrayLevelCrossing.xml (RunModel)" time="0.035" />
  <testcase classname="ptolemy.util.test.junit.AutoTests" name="[22] /home/travis/build/icyphy/ptII/ptolemy/actor/lib/test/auto/ArrayLevelCrossing2.xml (RunModel)" time="0.02" />
  <testcase classname="ptolemy.util.test.junit.AutoTests" name="[23] /home/travis/build/icyphy/ptII/ptolemy/actor/lib/test/auto/ArrayPeakSearch.xml (RunModel)" time="0.034" />
  <testcase classname="ptolemy.util.test.junit.AutoTests" name="[24] /home/travis/build/icyphy/ptII/ptolemy/actor/lib/test/auto/ArrayPeakSearch2.xml (RunModel)" time="0.034" />
  <testcase classname="ptolemy.util.test.junit.AutoTests" name="[25] /home/travis/build/icyphy/ptII/ptolemy/actor/lib/test/auto/ArrayPeakSearch3.xml (RunModel)" time="0.023" />
  <testcase classname="ptolemy.util.test.junit.AutoTests" name="[26] /home/travis/build/icyphy/ptII/ptolemy/actor/lib/test/auto/ArrayRemoveElement.xml (RunModel)" time="0.021" />
  <testcase classname="ptolemy.util.test.junit.AutoTests" name="[27] /home/travis/build/icyphy/ptII/ptolemy/actor/lib/test/auto/ArraySort.xml (RunModel)" time="0.03" />
  <testcase classname="ptolemy.util.test.junit.AutoTests" name="[28] /home/travis/build/icyphy/ptII/ptolemy/actor/lib/test/auto/ArraySum.xml (RunModel)" time="0.013" />
  <testcase classname="ptolemy.util.test.junit.AutoTests" name="[29] /home/travis/build/icyphy/ptII/ptolemy/actor/lib/test/auto/ArrayToElements.xml (RunModel)" time="0.016" />
  <testcase classname="ptolemy.util.test.junit.AutoTests" name="[30] /home/travis/build/icyphy/ptII/ptolemy/actor/lib/test/auto/ArrayToMatrix.xml (RunModel)" time="0.049" />
  <testcase classname="ptolemy.util.test.junit.AutoTests" name="[31] /home/travis/build/icyphy/ptII/ptolemy/actor/lib/test/auto/ArrayUpdate1.xml (RunModel)" time="0.013" />
  <testcase classname="ptolemy.util.test.junit.AutoTests" name="[32] /home/travis/build/icyphy/ptII/ptolemy/actor/lib/test/auto/ArrayUpdate2.xml (RunModel)" time="0.028" />
  <testcase classname="ptolemy.util.test.junit.AutoTests" name="[33] /home/travis/build/icyphy/ptII/ptolemy/actor/lib/test/auto/ArrayUpdate3.xml (RunModel)" time="0.015" />
  <testcase classname="ptolemy.util.test.junit.AutoTests" name="[34] /home/travis/build/icyphy/ptII/ptolemy/actor/lib/test/auto/Assert1.xml (RunModel)" time="0.02" />
  <testcase classname="ptolemy.util.test.junit.AutoTests" name="[35] /home/travis/build/icyphy/ptII/ptolemy/actor/lib/test/auto/Assert2.xml (RunModel)" time="0.009" />
  <testcase classname="ptolemy.util.test.junit.AutoTests" name="[36] /home/travis/build/icyphy/ptII/ptolemy/actor/lib/test/auto/BooleanMultiplexor.xml (RunModel)" time="0.012" />
  <testcase classname="ptolemy.util.test.junit.AutoTests" name="[37] /home/travis/build/icyphy/ptII/ptolemy/actor/lib/test/auto/BooleanMultiplexor2.xml (RunModel)" time="0.024" />
  <testcase classname="ptolemy.util.test.junit.AutoTests" name="[38] /home/travis/build/icyphy/ptII/ptolemy/actor/lib/test/auto/BooleanMultiplexor3.xml (RunModel)" time="0.012" />
  <testcase classname="ptolemy.util.test.junit.AutoTests" name="[39] /home/travis/build/icyphy/ptII/ptolemy/actor/lib/test/auto/BooleanSelect.xml (RunModel)" time="0.054" />
  <testcase classname="ptolemy.util.test.junit.AutoTests" name="[40] /home/travis/build/icyphy/ptII/ptolemy/actor/lib/test/auto/BooleanSelect2.xml (RunModel)" time="0.011" />
  <testcase classname="ptolemy.util.test.junit.AutoTests" name="[41] /home/travis/build/icyphy/ptII/ptolemy/actor/lib/test/auto/BooleanSwitch.xml (RunModel)" time="0.013" />
  <testcase classname="ptolemy.util.test.junit.AutoTests" name="[42] /home/travis/build/icyphy/ptII/ptolemy/actor/lib/test/auto/BooleanSwitch2.xml (RunModel)" time="0.012" />
  <testcase classname="ptolemy.util.test.junit.AutoTests" name="[43] /home/travis/build/icyphy/ptII/ptolemy/actor/lib/test/auto/BooleanSwitchCloningBugWithClassRelationGroup.xml (RunModel)" time="0.028" />
  <testcase classname="ptolemy.util.test.junit.AutoTests" name="[44] /home/travis/build/icyphy/ptII/ptolemy/actor/lib/test/auto/BusActors.xml (RunModel)" time="0.053" />
  <testcase classname="ptolemy.util.test.junit.AutoTests" name="[45] /home/travis/build/icyphy/ptII/ptolemy/actor/lib/test/auto/ClassWrapper.xml (RunModel)" time="0.008" />
  <testcase classname="ptolemy.util.test.junit.AutoTests" name="[46] /home/travis/build/icyphy/ptII/ptolemy/actor/lib/test/auto/Clock.xml (RunModel)" time="0.006" />
  <testcase classname="ptolemy.util.test.junit.AutoTests" name="[47] /home/travis/build/icyphy/ptII/ptolemy/actor/lib/test/auto/Clock10.xml (RunModel)" time="0.013" />
  <testcase classname="ptolemy.util.test.junit.AutoTests" name="[48] /home/travis/build/icyphy/ptII/ptolemy/actor/lib/test/auto/Clock11.xml (RunModel)" time="0.015" />
  <testcase classname="ptolemy.util.test.junit.AutoTests" name="[49] /home/travis/build/icyphy/ptII/ptolemy/actor/lib/test/auto/Clock12.xml (RunModel)" time="0.012" />
  <testcase classname="ptolemy.util.test.junit.AutoTests" name="[50] /home/travis/build/icyphy/ptII/ptolemy/actor/lib/test/auto/Clock13.xml (RunModel)" time="0.014" />
  <testcase classname="ptolemy.util.test.junit.AutoTests" name="[51] /home/travis/build/icyphy/ptII/ptolemy/actor/lib/test/auto/Clock14.xml (RunModel)" time="0.012" />
  <testcase classname="ptolemy.util.test.junit.AutoTests" name="[52] /home/travis/build/icyphy/ptII/ptolemy/actor/lib/test/auto/Clock15.xml (RunModel)" time="0.012" />
  <testcase classname="ptolemy.util.test.junit.AutoTests" name="[53] /home/travis/build/icyphy/ptII/ptolemy/actor/lib/test/auto/Clock16.xml (RunModel)" time="0.082" />
  <testcase classname="ptolemy.util.test.junit.AutoTests" name="[54] /home/travis/build/icyphy/ptII/ptolemy/actor/lib/test/auto/Clock17.xml (RunModel)" time="0.063" />
  <testcase classname="ptolemy.util.test.junit.AutoTests" name="[55] /home/travis/build/icyphy/ptII/ptolemy/actor/lib/test/auto/Clock18.xml (RunModel)" time="0.048" />
  <testcase classname="ptolemy.util.test.junit.AutoTests" name="[56] /home/travis/build/icyphy/ptII/ptolemy/actor/lib/test/auto/Clock19.xml (RunModel)" time="0.033" />
  <testcase classname="ptolemy.util.test.junit.AutoTests" name="[57] /home/travis/build/icyphy/ptII/ptolemy/actor/lib/test/auto/Clock2.xml (RunModel)" time="0.013" />
  <testcase classname="ptolemy.util.test.junit.AutoTests" name="[58] /home/travis/build/icyphy/ptII/ptolemy/actor/lib/test/auto/Clock20.xml (RunModel)" time="0.018" />
  <testcase classname="ptolemy.util.test.junit.AutoTests" name="[59] /home/travis/build/icyphy/ptII/ptolemy/actor/lib/test/auto/Clock21.xml (RunModel)" time="0.011" />
  <testcase classname="ptolemy.util.test.junit.AutoTests" name="[60] /home/travis/build/icyphy/ptII/ptolemy/actor/lib/test/auto/Clock22.xml (RunModel)" time="0.061" />
  <testcase classname="ptolemy.util.test.junit.AutoTests" name="[61] /home/travis/build/icyphy/ptII/ptolemy/actor/lib/test/auto/Clock23.xml (RunModel)" time="0.017" />
  <testcase classname="ptolemy.util.test.junit.AutoTests" name="[62] /home/travis/build/icyphy/ptII/ptolemy/actor/lib/test/auto/Clock24.xml (RunModel)" time="0.02" />
  <testcase classname="ptolemy.util.test.junit.AutoTests" name="[63] /home/travis/build/icyphy/ptII/ptolemy/actor/lib/test/auto/Clock4.xml (RunModel)" time="0.011" />
  <testcase classname="ptolemy.util.test.junit.AutoTests" name="[64] /home/travis/build/icyphy/ptII/ptolemy/actor/lib/test/auto/Clock5.xml (RunModel)" time="0.016" />
  <testcase classname="ptolemy.util.test.junit.AutoTests" name="[65] /home/travis/build/icyphy/ptII/ptolemy/actor/lib/test/auto/Clock6.xml (RunModel)" time="0.008" />
  <testcase classname="ptolemy.util.test.junit.AutoTests" name="[66] /home/travis/build/icyphy/ptII/ptolemy/actor/lib/test/auto/Clock7.xml (RunModel)" time="0.009" />
  <testcase classname="ptolemy.util.test.junit.AutoTests" name="[67] /home/travis/build/icyphy/ptII/ptolemy/actor/lib/test/auto/Clock8.xml (RunModel)" time="0.013" />
  <testcase classname="ptolemy.util.test.junit.AutoTests" name="[68] /home/travis/build/icyphy/ptII/ptolemy/actor/lib/test/auto/Clock9.xml (RunModel)" time="0.014" />
  <testcase classname="ptolemy.util.test.junit.AutoTests" name="[69] /home/travis/build/icyphy/ptII/ptolemy/actor/lib/test/auto/CommDistDiscard.xml (RunModel)" time="0.019" />
  <testcase classname="ptolemy.util.test.junit.AutoTests" name="[70] /home/travis/build/icyphy/ptII/ptolemy/actor/lib/test/auto/Commutator.xml (RunModel)" time="0.013" />
  <testcase classname="ptolemy.util.test.junit.AutoTests" name="[71] /home/travis/build/icyphy/ptII/ptolemy/actor/lib/test/auto/Commutator2.xml (RunModel)" time="0.008" />
  <testcase classname="ptolemy.util.test.junit.AutoTests" name="[72] /home/travis/build/icyphy/ptII/ptolemy/actor/lib/test/auto/Commutator3.xml (RunModel)" time="0.011" />
  <testcase classname="ptolemy.util.test.junit.AutoTests" name="[73] /home/travis/build/icyphy/ptII/ptolemy/actor/lib/test/auto/Compare.xml (RunModel)" time="0.017" />
  <testcase classname="ptolemy.util.test.junit.AutoTests" name="[74] /home/travis/build/icyphy/ptII/ptolemy/actor/lib/test/auto/CompareDE.xml (RunModel)" time="0.016" />
  <testcase classname="ptolemy.util.test.junit.AutoTests" name="[75] /home/travis/build/icyphy/ptII/ptolemy/actor/lib/test/auto/ComplexDivide.xml (RunModel)" time="0.008" />
  <testcase classname="ptolemy.util.test.junit.AutoTests" name="[76] /home/travis/build/icyphy/ptII/ptolemy/actor/lib/test/auto/ComputeHistogram.xml (RunModel)" time="0.062" />
  <testcase classname="ptolemy.util.test.junit.AutoTests" name="[77] /home/travis/build/icyphy/ptII/ptolemy/actor/lib/test/auto/ConfigurationSelect.xml (RunModel)" time="0.018" />
  <testcase classname="ptolemy.util.test.junit.AutoTests" name="[78] /home/travis/build/icyphy/ptII/ptolemy/actor/lib/test/auto/ConfigurationSelect2.xml (RunModel)" time="0.012" />
  <testcase classname="ptolemy.util.test.junit.AutoTests" name="[79] /home/travis/build/icyphy/ptII/ptolemy/actor/lib/test/auto/ConfigurationSwitch.xml (RunModel)" time="0.021" />
  <testcase classname="ptolemy.util.test.junit.AutoTests" name="[80] /home/travis/build/icyphy/ptII/ptolemy/actor/lib/test/auto/ConfigurationSwitch2.xml (RunModel)" time="0.023" />
  <testcase classname="ptolemy.util.test.junit.AutoTests" name="[81] /home/travis/build/icyphy/ptII/ptolemy/actor/lib/test/auto/ConfigurationSwitchCloningBugWithClassRelationGroup.xml (RunModel)" time="0.02" />
  <testcase classname="ptolemy.util.test.junit.AutoTests" name="[82] /home/travis/build/icyphy/ptII/ptolemy/actor/lib/test/auto/ConfigurationSwitchSelectSDF.xml (RunModel)" time="0.019" />
  <testcase classname="ptolemy.util.test.junit.AutoTests" name="[83] /home/travis/build/icyphy/ptII/ptolemy/actor/lib/test/auto/ConfigurationSwitchSelectSDF2.xml (RunModel)" time="0.018" />
  <testcase classname="ptolemy.util.test.junit.AutoTests" name="[84] /home/travis/build/icyphy/ptII/ptolemy/actor/lib/test/auto/Const.xml (RunModel)" time="0.006" />
  <testcase classname="ptolemy.util.test.junit.AutoTests" name="[85] /home/travis/build/icyphy/ptII/ptolemy/actor/lib/test/auto/Const2.xml (RunModel)" time="0.008" />
  <testcase classname="ptolemy.util.test.junit.AutoTests" name="[86] /home/travis/build/icyphy/ptII/ptolemy/actor/lib/test/auto/Const3.xml (RunModel)" time="0.007" />
  <testcase classname="ptolemy.util.test.junit.AutoTests" name="[87] /home/travis/build/icyphy/ptII/ptolemy/actor/lib/test/auto/ConstantPublisherPort1.xml (RunModel)" time="0.021" />
  <testcase classname="ptolemy.util.test.junit.AutoTests" name="[88] /home/travis/build/icyphy/ptII/ptolemy/actor/lib/test/auto/ConstantPublisherPort2.xml (RunModel)" time="0.024" />
  <testcase classname="ptolemy.util.test.junit.AutoTests" name="[89] /home/travis/build/icyphy/ptII/ptolemy/actor/lib/test/auto/ConstantPublisherPort3.xml (RunModel)" time="0.024" />
  <testcase classname="ptolemy.util.test.junit.AutoTests" name="[90] /home/travis/build/icyphy/ptII/ptolemy/actor/lib/test/auto/ConstantPublisherPort4.xml (RunModel)" time="0.025" />
  <testcase classname="ptolemy.util.test.junit.AutoTests" name="[91] /home/travis/build/icyphy/ptII/ptolemy/actor/lib/test/auto/ConstantPublisherPort5.xml (RunModel)" time="0.038" />
  <testcase classname="ptolemy.util.test.junit.AutoTests" name="[92] /home/travis/build/icyphy/ptII/ptolemy/actor/lib/test/auto/ConstantPublisherPort6.xml (RunModel)" time="0.022" />
  <testcase classname="ptolemy.util.test.junit.AutoTests" name="[93] /home/travis/build/icyphy/ptII/ptolemy/actor/lib/test/auto/ConstantPublisherPort7.xml (RunModel)" time="0.039" />
  <testcase classname="ptolemy.util.test.junit.AutoTests" name="[94] /home/travis/build/icyphy/ptII/ptolemy/actor/lib/test/auto/ConstraintMonitor1.xml (RunModel)" time="0.037" />
  <testcase classname="ptolemy.util.test.junit.AutoTests" name="[95] /home/travis/build/icyphy/ptII/ptolemy/actor/lib/test/auto/ConstraintMonitor2.xml (RunModel)" time="0.031" />
  <testcase classname="ptolemy.util.test.junit.AutoTests" name="[96] /home/travis/build/icyphy/ptII/ptolemy/actor/lib/test/auto/ConstraintMonitor3.xml (RunModel)" time="0.012" />
  <testcase classname="ptolemy.util.test.junit.AutoTests" name="[97] /home/travis/build/icyphy/ptII/ptolemy/actor/lib/test/auto/ConstraintMonitor4.xml (RunModel)" time="0.012" />
  <testcase classname="ptolemy.util.test.junit.AutoTests" name="[98] /home/travis/build/icyphy/ptII/ptolemy/actor/lib/test/auto/ConstraintMonitor5.xml (RunModel)" time="0.008" />
  <testcase classname="ptolemy.util.test.junit.AutoTests" name="[99] /home/travis/build/icyphy/ptII/ptolemy/actor/lib/test/auto/ConstraintMonitor6.xml (RunModel)" time="0.011" />
  <testcase classname="ptolemy.util.test.junit.AutoTests" name="[100] /home/travis/build/icyphy/ptII/ptolemy/actor/lib/test/auto/ConstraintMonitor7.xml (RunModel)" time="0.012" />
  <testcase classname="ptolemy.util.test.junit.AutoTests" name="[101] /home/travis/build/icyphy/ptII/ptolemy/actor/lib/test/auto/ConstraintMonitor8.xml (RunModel)" time="0.014" />
  <testcase classname="ptolemy.util.test.junit.AutoTests" name="[102] /home/travis/build/icyphy/ptII/ptolemy/actor/lib/test/auto/Counter.xml (RunModel)" time="0.014" />
  <testcase classname="ptolemy.util.test.junit.AutoTests" name="[103] /home/travis/build/icyphy/ptII/ptolemy/actor/lib/test/auto/CurrentTimeSDF.xml (RunModel)" time="0.006" />
  <testcase classname="ptolemy.util.test.junit.AutoTests" name="[104] /home/travis/build/icyphy/ptII/ptolemy/actor/lib/test/auto/DB.xml (RunModel)" time="0.009" />
  <testcase classname="ptolemy.util.test.junit.AutoTests" name="[105] /home/travis/build/icyphy/ptII/ptolemy/actor/lib/test/auto/DBDE.xml (RunModel)" time="0.01" />
  <testcase classname="ptolemy.util.test.junit.AutoTests" name="[106] /home/travis/build/icyphy/ptII/ptolemy/actor/lib/test/auto/DateConstructor.xml (RunModel)" time="0.068" />
  <testcase classname="ptolemy.util.test.junit.AutoTests" name="[107] /home/travis/build/icyphy/ptII/ptolemy/actor/lib/test/auto/DelayTime.xml (RunModel)" time="0.016" />
  <testcase classname="ptolemy.util.test.junit.AutoTests" name="[108] /home/travis/build/icyphy/ptII/ptolemy/actor/lib/test/auto/Dictionary1.xml (RunModel)" time="0.017" />
  <testcase classname="ptolemy.util.test.junit.AutoTests" name="[109] /home/travis/build/icyphy/ptII/ptolemy/actor/lib/test/auto/Dictionary2.xml (RunModel)" time="0.022" />
  <testcase classname="ptolemy.util.test.junit.AutoTests" name="[110] /home/travis/build/icyphy/ptII/ptolemy/actor/lib/test/auto/Dictionary3.xml (RunModel)" time="0.014" />
  <testcase classname="ptolemy.util.test.junit.AutoTests" name="[111] /home/travis/build/icyphy/ptII/ptolemy/actor/lib/test/auto/Dictionary4.xml (RunModel)" time="0.025" />
  <testcase classname="ptolemy.util.test.junit.AutoTests" name="[112] /home/travis/build/icyphy/ptII/ptolemy/actor/lib/test/auto/Differential.xml (RunModel)" time="0.01" />
  <testcase classname="ptolemy.util.test.junit.AutoTests" name="[113] /home/travis/build/icyphy/ptII/ptolemy/actor/lib/test/auto/Director.xml (RunModel)" time="0.009" />
  <testcase classname="ptolemy.util.test.junit.AutoTests" name="[114] /home/travis/build/icyphy/ptII/ptolemy/actor/lib/test/auto/DiscreteClock.xml (RunModel)" time="0.008" />
  <testcase classname="ptolemy.util.test.junit.AutoTests" name="[115] /home/travis/build/icyphy/ptII/ptolemy/actor/lib/test/auto/DiscreteClock10.xml (RunModel)" time="0.011" />
  <testcase classname="ptolemy.util.test.junit.AutoTests" name="[116] /home/travis/build/icyphy/ptII/ptolemy/actor/lib/test/auto/DiscreteClock11.xml (RunModel)" time="0.01" />
  <testcase classname="ptolemy.util.test.junit.AutoTests" name="[117] /home/travis/build/icyphy/ptII/ptolemy/actor/lib/test/auto/DiscreteClock12.xml (RunModel)" time="0.01" />
  <testcase classname="ptolemy.util.test.junit.AutoTests" name="[118] /home/travis/build/icyphy/ptII/ptolemy/actor/lib/test/auto/DiscreteClock13.xml (RunModel)" time="0.012" />
  <testcase classname="ptolemy.util.test.junit.AutoTests" name="[119] /home/travis/build/icyphy/ptII/ptolemy/actor/lib/test/auto/DiscreteClock14.xml (RunModel)" time="0.011" />
  <testcase classname="ptolemy.util.test.junit.AutoTests" name="[120] /home/travis/build/icyphy/ptII/ptolemy/actor/lib/test/auto/DiscreteClock15.xml (RunModel)" time="0.012" />
  <testcase classname="ptolemy.util.test.junit.AutoTests" name="[121] /home/travis/build/icyphy/ptII/ptolemy/actor/lib/test/auto/DiscreteClock16.xml (RunModel)" time="0.03" />
  <testcase classname="ptolemy.util.test.junit.AutoTests" name="[122] /home/travis/build/icyphy/ptII/ptolemy/actor/lib/test/auto/DiscreteClock17.xml (RunModel)" time="0.032" />
  <testcase classname="ptolemy.util.test.junit.AutoTests" name="[123] /home/travis/build/icyphy/ptII/ptolemy/actor/lib/test/auto/DiscreteClock18.xml (RunModel)" time="0.028" />
  <testcase classname="ptolemy.util.test.junit.AutoTests" name="[124] /home/travis/build/icyphy/ptII/ptolemy/actor/lib/test/auto/DiscreteClock19.xml (RunModel)" time="0.042" />
  <testcase classname="ptolemy.util.test.junit.AutoTests" name="[125] /home/travis/build/icyphy/ptII/ptolemy/actor/lib/test/auto/DiscreteClock2.xml (RunModel)" time="0.009" />
  <testcase classname="ptolemy.util.test.junit.AutoTests" name="[126] /home/travis/build/icyphy/ptII/ptolemy/actor/lib/test/auto/DiscreteClock20.xml (RunModel)" time="0.013" />
  <testcase classname="ptolemy.util.test.junit.AutoTests" name="[127] /home/travis/build/icyphy/ptII/ptolemy/actor/lib/test/auto/DiscreteClock21.xml (RunModel)" time="0.013" />
  <testcase classname="ptolemy.util.test.junit.AutoTests" name="[128] /home/travis/build/icyphy/ptII/ptolemy/actor/lib/test/auto/DiscreteClock22.xml (RunModel)" time="0.013" />
  <testcase classname="ptolemy.util.test.junit.AutoTests" name="[129] /home/travis/build/icyphy/ptII/ptolemy/actor/lib/test/auto/DiscreteClock23.xml (RunModel)" time="0.012" />
  <testcase classname="ptolemy.util.test.junit.AutoTests" name="[130] /home/travis/build/icyphy/ptII/ptolemy/actor/lib/test/auto/DiscreteClock24.xml (RunModel)" time="0.012" />
  <testcase classname="ptolemy.util.test.junit.AutoTests" name="[131] /home/travis/build/icyphy/ptII/ptolemy/actor/lib/test/auto/DiscreteClock4.xml (RunModel)" time="0.011" />
  <testcase classname="ptolemy.util.test.junit.AutoTests" name="[132] /home/travis/build/icyphy/ptII/ptolemy/actor/lib/test/auto/DiscreteClock5.xml (RunModel)" time="0.011" />
  <testcase classname="ptolemy.util.test.junit.AutoTests" name="[133] /home/travis/build/icyphy/ptII/ptolemy/actor/lib/test/auto/DiscreteClock6.xml (RunModel)" time="0.01" />
  <testcase classname="ptolemy.util.test.junit.AutoTests" name="[134] /home/travis/build/icyphy/ptII/ptolemy/actor/lib/test/auto/DiscreteClock7.xml (RunModel)" time="0.011" />
  <testcase classname="ptolemy.util.test.junit.AutoTests" name="[135] /home/travis/build/icyphy/ptII/ptolemy/actor/lib/test/auto/DiscreteClock8.xml (RunModel)" time="0.029" />
  <testcase classname="ptolemy.util.test.junit.AutoTests" name="[136] /home/travis/build/icyphy/ptII/ptolemy/actor/lib/test/auto/DiscreteClock9.xml (RunModel)" time="0.013" />
  <testcase classname="ptolemy.util.test.junit.AutoTests" name="[137] /home/travis/build/icyphy/ptII/ptolemy/actor/lib/test/auto/DisplayArray.xml (RunModel)" time="0.008" />
  <testcase classname="ptolemy.util.test.junit.AutoTests" name="[138] /home/travis/build/icyphy/ptII/ptolemy/actor/lib/test/auto/Distributor.xml (RunModel)" time="0.014" />
  <testcase classname="ptolemy.util.test.junit.AutoTests" name="[139] /home/travis/build/icyphy/ptII/ptolemy/actor/lib/test/auto/Distributor2.xml (RunModel)" time="0.011" />
  <testcase classname="ptolemy.util.test.junit.AutoTests" name="[140] /home/travis/build/icyphy/ptII/ptolemy/actor/lib/test/auto/DownSample.xml (RunModel)" time="0.008" />
  <testcase classname="ptolemy.util.test.junit.AutoTests" name="[141] /home/travis/build/icyphy/ptII/ptolemy/actor/lib/test/auto/ElectronicUnitBase1.xml (RunModel)" time="0.059" />
  <testcase classname="ptolemy.util.test.junit.AutoTests" name="[142] /home/travis/build/icyphy/ptII/ptolemy/actor/lib/test/auto/ElementsToArray.xml (RunModel)" time="0.012" />
  <testcase classname="ptolemy.util.test.junit.AutoTests" name="[143] /home/travis/build/icyphy/ptII/ptolemy/actor/lib/test/auto/Equals.xml (RunModel)" time="0.011" />
  <testcase classname="ptolemy.util.test.junit.AutoTests" name="[144] /home/travis/build/icyphy/ptII/ptolemy/actor/lib/test/auto/Exec.xml (RunModel)" time="0.02" />
  <testcase classname="ptolemy.util.test.junit.AutoTests" name="[145] /home/travis/build/icyphy/ptII/ptolemy/actor/lib/test/auto/ExecEnvironment.xml (RunModel)" time="0.028" />
  <testcase classname="ptolemy.util.test.junit.AutoTests" name="[146] /home/travis/build/icyphy/ptII/ptolemy/actor/lib/test/auto/ExecNonZeroReturnOutput.xml (RunModel)" time="0.166" />
  <testcase classname="ptolemy.util.test.junit.AutoTests" name="[147] /home/travis/build/icyphy/ptII/ptolemy/actor/lib/test/auto/ExecRunDemos.xml (RunModel)" time="10.063" />
  <testcase classname="ptolemy.util.test.junit.AutoTests" name="[148] /home/travis/build/icyphy/ptII/ptolemy/actor/lib/test/auto/ExecStop.xml (RunModel)" time="5.037" />
  <testcase classname="ptolemy.util.test.junit.AutoTests" name="[149] /home/travis/build/icyphy/ptII/ptolemy/actor/lib/test/auto/ExecutionTimeSDF.xml (RunModel)" time="6.029" />
  <testcase classname="ptolemy.util.test.junit.AutoTests" name="[150] /home/travis/build/icyphy/ptII/ptolemy/actor/lib/test/auto/Expression1.xml (RunModel)" time="0.009" />
  <testcase classname="ptolemy.util.test.junit.AutoTests" name="[151] /home/travis/build/icyphy/ptII/ptolemy/actor/lib/test/auto/Expression10.xml (RunModel)" time="0.017" />
  <testcase classname="ptolemy.util.test.junit.AutoTests" name="[152] /home/travis/build/icyphy/ptII/ptolemy/actor/lib/test/auto/Expression11.xml (RunModel)" time="0.034" />
  <testcase classname="ptolemy.util.test.junit.AutoTests" name="[153] /home/travis/build/icyphy/ptII/ptolemy/actor/lib/test/auto/Expression12.xml (RunModel)" time="0.013" />
  <testcase classname="ptolemy.util.test.junit.AutoTests" name="[154] /home/travis/build/icyphy/ptII/ptolemy/actor/lib/test/auto/Expression13.xml (RunModel)" time="0.009" />
  <testcase classname="ptolemy.util.test.junit.AutoTests" name="[155] /home/travis/build/icyphy/ptII/ptolemy/actor/lib/test/auto/Expression14.xml (RunModel)" time="0.016" />
  <testcase classname="ptolemy.util.test.junit.AutoTests" name="[156] /home/travis/build/icyphy/ptII/ptolemy/actor/lib/test/auto/Expression15.xml (RunModel)" time="0.006" />
  <testcase classname="ptolemy.util.test.junit.AutoTests" name="[157] /home/travis/build/icyphy/ptII/ptolemy/actor/lib/test/auto/Expression16.xml (RunModel)" time="0.009" />
  <testcase classname="ptolemy.util.test.junit.AutoTests" name="[158] /home/travis/build/icyphy/ptII/ptolemy/actor/lib/test/auto/Expression17.xml (RunModel)" time="0.011" />
  <testcase classname="ptolemy.util.test.junit.AutoTests" name="[159] /home/travis/build/icyphy/ptII/ptolemy/actor/lib/test/auto/Expression18.xml (RunModel)" time="0.012" />
  <testcase classname="ptolemy.util.test.junit.AutoTests" name="[160] /home/travis/build/icyphy/ptII/ptolemy/actor/lib/test/auto/Expression2.xml (RunModel)" time="0.01" />
  <testcase classname="ptolemy.util.test.junit.AutoTests" name="[161] /home/travis/build/icyphy/ptII/ptolemy/actor/lib/test/auto/Expression3.xml (RunModel)" time="0.01" />
  <testcase classname="ptolemy.util.test.junit.AutoTests" name="[162] /home/travis/build/icyphy/ptII/ptolemy/actor/lib/test/auto/Expression4.xml (RunModel)" time="0.014" />
  <testcase classname="ptolemy.util.test.junit.AutoTests" name="[163] /home/travis/build/icyphy/ptII/ptolemy/actor/lib/test/auto/Expression5.xml (RunModel)" time="0.011" />
  <testcase classname="ptolemy.util.test.junit.AutoTests" name="[164] /home/travis/build/icyphy/ptII/ptolemy/actor/lib/test/auto/Expression6.xml (RunModel)" time="0.006" />
  <testcase classname="ptolemy.util.test.junit.AutoTests" name="[165] /home/travis/build/icyphy/ptII/ptolemy/actor/lib/test/auto/Expression7.xml (RunModel)" time="0.016" />
  <testcase classname="ptolemy.util.test.junit.AutoTests" name="[166] /home/travis/build/icyphy/ptII/ptolemy/actor/lib/test/auto/Expression8.xml (RunModel)" time="0.015" />
  <testcase classname="ptolemy.util.test.junit.AutoTests" name="[167] /home/travis/build/icyphy/ptII/ptolemy/actor/lib/test/auto/Expression9.xml (RunModel)" time="0.007" />
  <testcase classname="ptolemy.util.test.junit.AutoTests" name="[168] /home/travis/build/icyphy/ptII/ptolemy/actor/lib/test/auto/ExpressionConcatenateArrayType.xml (RunModel)" time="0.022" />
  <testcase classname="ptolemy.util.test.junit.AutoTests" name="[169] /home/travis/build/icyphy/ptII/ptolemy/actor/lib/test/auto/ExpressionConcatenateArrayType2.xml (RunModel)" time="0.017" />
  <testcase classname="ptolemy.util.test.junit.AutoTests" name="[170] /home/travis/build/icyphy/ptII/ptolemy/actor/lib/test/auto/ExpressionFix.xml (RunModel)" time="0.04" />
  <testcase classname="ptolemy.util.test.junit.AutoTests" name="[171] /home/travis/build/icyphy/ptII/ptolemy/actor/lib/test/auto/ExpressionFix2.xml (RunModel)" time="0.01" />
  <testcase classname="ptolemy.util.test.junit.AutoTests" name="[172] /home/travis/build/icyphy/ptII/ptolemy/actor/lib/test/auto/ExpressionFix3.xml (RunModel)" time="0.019" />
  <testcase classname="ptolemy.util.test.junit.AutoTests" name="[173] /home/travis/build/icyphy/ptII/ptolemy/actor/lib/test/auto/FileWriter1.xml (RunModel)" time="0.006" />
  <testcase classname="ptolemy.util.test.junit.AutoTests" name="[174] /home/travis/build/icyphy/ptII/ptolemy/actor/lib/test/auto/FileWriter2.xml (RunModel)" time="0.007" />
  <testcase classname="ptolemy.util.test.junit.AutoTests" name="[175] /home/travis/build/icyphy/ptII/ptolemy/actor/lib/test/auto/FileWriter3.xml (RunModel)" time="0.01" />
  <testcase classname="ptolemy.util.test.junit.AutoTests" name="[176] /home/travis/build/icyphy/ptII/ptolemy/actor/lib/test/auto/Gaussian.xml (RunModel)" time="0.012" />
  <testcase classname="ptolemy.util.test.junit.AutoTests" name="[177] /home/travis/build/icyphy/ptII/ptolemy/actor/lib/test/auto/Gaussian1.xml (RunModel)" time="0.011" />
  <testcase classname="ptolemy.util.test.junit.AutoTests" name="[178] /home/travis/build/icyphy/ptII/ptolemy/actor/lib/test/auto/Gaussian2.xml (RunModel)" time="0.017" />
  <testcase classname="ptolemy.util.test.junit.AutoTests" name="[179] /home/travis/build/icyphy/ptII/ptolemy/actor/lib/test/auto/GradientAdaptiveLattice.xml (RunModel)" time="0.015" />
  <testcase classname="ptolemy.util.test.junit.AutoTests" name="[180] /home/travis/build/icyphy/ptII/ptolemy/actor/lib/test/auto/IIR.xml (RunModel)" time="0.008" />
  <testcase classname="ptolemy.util.test.junit.AutoTests" name="[181] /home/travis/build/icyphy/ptII/ptolemy/actor/lib/test/auto/InputOutputTransparentPorts.xml (RunModel)" time="0.014" />
  <testcase classname="ptolemy.util.test.junit.AutoTests" name="[182] /home/travis/build/icyphy/ptII/ptolemy/actor/lib/test/auto/Interpolator.xml (RunModel)" time="0.009" />
  <testcase classname="ptolemy.util.test.junit.AutoTests" name="[183] /home/travis/build/icyphy/ptII/ptolemy/actor/lib/test/auto/InterpolatorFiringLimitDE.xml (RunModel)" time="0.011" />
  <testcase classname="ptolemy.util.test.junit.AutoTests" name="[184] /home/travis/build/icyphy/ptII/ptolemy/actor/lib/test/auto/Lattice.xml (RunModel)" time="0.006" />
  <testcase classname="ptolemy.util.test.junit.AutoTests" name="[185] /home/travis/build/icyphy/ptII/ptolemy/actor/lib/test/auto/LazyAOCTestLazy.xml (RunModel)" time="0.025" />
  <testcase classname="ptolemy.util.test.junit.AutoTests" name="[186] /home/travis/build/icyphy/ptII/ptolemy/actor/lib/test/auto/LazyAOCTestNonLazy.xml (RunModel)" time="0.036" />
  <testcase classname="ptolemy.util.test.junit.AutoTests" name="[187] /home/travis/build/icyphy/ptII/ptolemy/actor/lib/test/auto/LazyInnerClass.xml (RunModel)" time="0.041" />
  <testcase classname="ptolemy.util.test.junit.AutoTests" name="[188] /home/travis/build/icyphy/ptII/ptolemy/actor/lib/test/auto/LazyPubSub.xml (RunModel)" time="0.049" />
  <testcase classname="ptolemy.util.test.junit.AutoTests" name="[189] /home/travis/build/icyphy/ptII/ptolemy/actor/lib/test/auto/LazyPubSub2.xml (RunModel)" time="0.06" />
  <testcase classname="ptolemy.util.test.junit.AutoTests" name="[190] /home/travis/build/icyphy/ptII/ptolemy/actor/lib/test/auto/LazyPubSub3.xml (RunModel)" time="0.023" />
  <testcase classname="ptolemy.util.test.junit.AutoTests" name="[191] /home/travis/build/icyphy/ptII/ptolemy/actor/lib/test/auto/LazySubClassModel.xml (RunModel)" time="0.016" />
  <testcase classname="ptolemy.util.test.junit.AutoTests" name="[192] /home/travis/build/icyphy/ptII/ptolemy/actor/lib/test/auto/LevelCrossTest1.xml (RunModel)" time="0.008" />
  <testcase classname="ptolemy.util.test.junit.AutoTests" name="[193] /home/travis/build/icyphy/ptII/ptolemy/actor/lib/test/auto/LevelCrossTest10.xml (RunModel)" time="0.012" />
  <testcase classname="ptolemy.util.test.junit.AutoTests" name="[194] /home/travis/build/icyphy/ptII/ptolemy/actor/lib/test/auto/LevelCrossTest11.xml (RunModel)" time="0.009" />
  <testcase classname="ptolemy.util.test.junit.AutoTests" name="[195] /home/travis/build/icyphy/ptII/ptolemy/actor/lib/test/auto/LevelCrossTest12.xml (RunModel)" time="0.014" />
  <testcase classname="ptolemy.util.test.junit.AutoTests" name="[196] /home/travis/build/icyphy/ptII/ptolemy/actor/lib/test/auto/LevelCrossTest13.xml (RunModel)" time="0.011" />
  <testcase classname="ptolemy.util.test.junit.AutoTests" name="[197] /home/travis/build/icyphy/ptII/ptolemy/actor/lib/test/auto/LevelCrossTest2.xml (RunModel)" time="0.008" />
  <testcase classname="ptolemy.util.test.junit.AutoTests" name="[198] /home/travis/build/icyphy/ptII/ptolemy/actor/lib/test/auto/LevelCrossTest3.xml (RunModel)" time="0.008" />
  <testcase classname="ptolemy.util.test.junit.AutoTests" name="[199] /home/travis/build/icyphy/ptII/ptolemy/actor/lib/test/auto/LevelCrossTest4.xml (RunModel)" time="0.008" />
  <testcase classname="ptolemy.util.test.junit.AutoTests" name="[200] /home/travis/build/icyphy/ptII/ptolemy/actor/lib/test/auto/LevelCrossTest5.xml (RunModel)" time="0.012" />
  <testcase classname="ptolemy.util.test.junit.AutoTests" name="[201] /home/travis/build/icyphy/ptII/ptolemy/actor/lib/test/auto/LevelCrossTest6.xml (RunModel)" time="0.014" />
  <testcase classname="ptolemy.util.test.junit.AutoTests" name="[202] /home/travis/build/icyphy/ptII/ptolemy/actor/lib/test/auto/LevelCrossTest7.xml (RunModel)" time="0.012" />
  <testcase classname="ptolemy.util.test.junit.AutoTests" name="[203] /home/travis/build/icyphy/ptII/ptolemy/actor/lib/test/auto/LevelCrossTest8.xml (RunModel)" time="0.01" />
  <testcase classname="ptolemy.util.test.junit.AutoTests" name="[204] /home/travis/build/icyphy/ptII/ptolemy/actor/lib/test/auto/LevelCrossTest9.xml (RunModel)" time="0.011" />
  <testcase classname="ptolemy.util.test.junit.AutoTests" name="[205] /home/travis/build/icyphy/ptII/ptolemy/actor/lib/test/auto/LevinsonDurbin.xml (RunModel)" time="0.008" />
  <testcase classname="ptolemy.util.test.junit.AutoTests" name="[206] /home/travis/build/icyphy/ptII/ptolemy/actor/lib/test/auto/LevinsonDurbin2.xml (RunModel)" time="0.007" />
  <testcase classname="ptolemy.util.test.junit.AutoTests" name="[207] /home/travis/build/icyphy/ptII/ptolemy/actor/lib/test/auto/LevinsonDurbin3.xml (RunModel)" time="0.009" />
  <testcase classname="ptolemy.util.test.junit.AutoTests" name="[208] /home/travis/build/icyphy/ptII/ptolemy/actor/lib/test/auto/Limiter.xml (RunModel)" time="0.035" />
  <testcase classname="ptolemy.util.test.junit.AutoTests" name="[209] /home/travis/build/icyphy/ptII/ptolemy/actor/lib/test/auto/LinearDifferenceEquationSystem.xml (RunModel)" time="0.016" />
  <testcase classname="ptolemy.util.test.junit.AutoTests" name="[210] /home/travis/build/icyphy/ptII/ptolemy/actor/lib/test/auto/LookupTable.xml (RunModel)" time="0.017" />
  <testcase classname="ptolemy.util.test.junit.AutoTests" name="[211] /home/travis/build/icyphy/ptII/ptolemy/actor/lib/test/auto/MathFunction.xml (RunModel)" time="0.02" />
  <testcase classname="ptolemy.util.test.junit.AutoTests" name="[212] /home/travis/build/icyphy/ptII/ptolemy/actor/lib/test/auto/MathFunction2.xml (RunModel)" time="0.008" />
  <testcase classname="ptolemy.util.test.junit.AutoTests" name="[213] /home/travis/build/icyphy/ptII/ptolemy/actor/lib/test/auto/MathFunction3.xml (RunModel)" time="0.014" />
  <testcase classname="ptolemy.util.test.junit.AutoTests" name="[214] /home/travis/build/icyphy/ptII/ptolemy/actor/lib/test/auto/MatrixCropBoolean.xml (RunModel)" time="0.011" />
  <testcase classname="ptolemy.util.test.junit.AutoTests" name="[215] /home/travis/build/icyphy/ptII/ptolemy/actor/lib/test/auto/MatrixCropComplex.xml (RunModel)" time="0.011" />
  <testcase classname="ptolemy.util.test.junit.AutoTests" name="[216] /home/travis/build/icyphy/ptII/ptolemy/actor/lib/test/auto/MatrixCropDouble.xml (RunModel)" time="0.007" />
  <testcase classname="ptolemy.util.test.junit.AutoTests" name="[217] /home/travis/build/icyphy/ptII/ptolemy/actor/lib/test/auto/MatrixCropFix.xml (RunModel)" time="0.011" />
  <testcase classname="ptolemy.util.test.junit.AutoTests" name="[218] /home/travis/build/icyphy/ptII/ptolemy/actor/lib/test/auto/MatrixCropInt.xml (RunModel)" time="0.007" />
  <testcase classname="ptolemy.util.test.junit.AutoTests" name="[219] /home/travis/build/icyphy/ptII/ptolemy/actor/lib/test/auto/MatrixCropLong.xml (RunModel)" time="0.006" />
  <testcase classname="ptolemy.util.test.junit.AutoTests" name="[220] /home/travis/build/icyphy/ptII/ptolemy/actor/lib/test/auto/MatrixToArray.xml (RunModel)" time="0.035" />
  <testcase classname="ptolemy.util.test.junit.AutoTests" name="[221] /home/travis/build/icyphy/ptII/ptolemy/actor/lib/test/auto/MaxIndex.xml (RunModel)" time="0.013" />
  <testcase classname="ptolemy.util.test.junit.AutoTests" name="[222] /home/travis/build/icyphy/ptII/ptolemy/actor/lib/test/auto/Maximum.xml (RunModel)" time="0.014" />
  <testcase classname="ptolemy.util.test.junit.AutoTests" name="[223] /home/travis/build/icyphy/ptII/ptolemy/actor/lib/test/auto/MaximumComplex.xml (RunModel)" time="0.011" />
  <testcase classname="ptolemy.util.test.junit.AutoTests" name="[224] /home/travis/build/icyphy/ptII/ptolemy/actor/lib/test/auto/MethodCallTest.xml (RunModel)" time="0.03" />
  <testcase classname="ptolemy.util.test.junit.AutoTests" name="[225] /home/travis/build/icyphy/ptII/ptolemy/actor/lib/test/auto/Minimum.xml (RunModel)" time="0.011" />
  <testcase classname="ptolemy.util.test.junit.AutoTests" name="[226] /home/travis/build/icyphy/ptII/ptolemy/actor/lib/test/auto/MinimumComplex.xml (RunModel)" time="0.021" />
  <testcase classname="ptolemy.util.test.junit.AutoTests" name="[227] /home/travis/build/icyphy/ptII/ptolemy/actor/lib/test/auto/MinimumMultiports.xml (RunModel)" time="0.013" />
  <testcase classname="ptolemy.util.test.junit.AutoTests" name="[228] /home/travis/build/icyphy/ptII/ptolemy/actor/lib/test/auto/ModifyDate.xml (RunModel)" time="0.038" />
  <testcase classname="ptolemy.util.test.junit.AutoTests" name="[229] /home/travis/build/icyphy/ptII/ptolemy/actor/lib/test/auto/ModifyDate2.xml (RunModel)" time="0.024" />
  <testcase classname="ptolemy.util.test.junit.AutoTests" name="[230] /home/travis/build/icyphy/ptII/ptolemy/actor/lib/test/auto/MovingAverage.xml (RunModel)" time="0.008" />
  <testcase classname="ptolemy.util.test.junit.AutoTests" name="[231] /home/travis/build/icyphy/ptII/ptolemy/actor/lib/test/auto/MovingMaximum.xml (RunModel)" time="0.013" />
  <testcase classname="ptolemy.util.test.junit.AutoTests" name="[232] /home/travis/build/icyphy/ptII/ptolemy/actor/lib/test/auto/MultipleLinksToSameRelation.xml (RunModel)" time="0.006" />
  <testcase classname="ptolemy.util.test.junit.AutoTests" name="[233] /home/travis/build/icyphy/ptII/ptolemy/actor/lib/test/auto/MultipleLinksToSameRelationDE.xml (RunModel)" time="0.013" />
  <testcase classname="ptolemy.util.test.junit.AutoTests" name="[234] /home/travis/build/icyphy/ptII/ptolemy/actor/lib/test/auto/Multiplexor.xml (RunModel)" time="0.009" />
  <testcase classname="ptolemy.util.test.junit.AutoTests" name="[235] /home/travis/build/icyphy/ptII/ptolemy/actor/lib/test/auto/Multiplexor1.xml (RunModel)" time="0.01" />
  <testcase classname="ptolemy.util.test.junit.AutoTests" name="[236] /home/travis/build/icyphy/ptII/ptolemy/actor/lib/test/auto/Multiplexor2.xml (RunModel)" time="0.012" />
  <testcase classname="ptolemy.util.test.junit.AutoTests" name="[237] /home/travis/build/icyphy/ptII/ptolemy/actor/lib/test/auto/Multiplexor3.xml (RunModel)" time="0.006" />
  <testcase classname="ptolemy.util.test.junit.AutoTests" name="[238] /home/travis/build/icyphy/ptII/ptolemy/actor/lib/test/auto/MultiplexorDE.xml (RunModel)" time="0.013" />
  <testcase classname="ptolemy.util.test.junit.AutoTests" name="[239] /home/travis/build/icyphy/ptII/ptolemy/actor/lib/test/auto/MultiportBroadcastTest.xml (RunModel)" time="0.09" />
  <testcase classname="ptolemy.util.test.junit.AutoTests" name="[240] /home/travis/build/icyphy/ptII/ptolemy/actor/lib/test/auto/MultiportOutHangDuringGetWidth.xml (RunModel)" time="0.027" />
  <testcase classname="ptolemy.util.test.junit.AutoTests" name="[241] /home/travis/build/icyphy/ptII/ptolemy/actor/lib/test/auto/NilToken.xml (RunModel)" time="0.009" />
  <testcase classname="ptolemy.util.test.junit.AutoTests" name="[242] /home/travis/build/icyphy/ptII/ptolemy/actor/lib/test/auto/NilTokenNonStrictTest.xml (RunModel)" time="0.008" />
  <testcase classname="ptolemy.util.test.junit.AutoTests" name="[243] /home/travis/build/icyphy/ptII/ptolemy/actor/lib/test/auto/NilTokenRecord.xml (RunModel)" time="0.019" />
  <testcase classname="ptolemy.util.test.junit.AutoTests" name="[244] /home/travis/build/icyphy/ptII/ptolemy/actor/lib/test/auto/NilTokenTypeTest.xml (RunModel)" time="0.027" />
  <testcase classname="ptolemy.util.test.junit.AutoTests" name="[245] /home/travis/build/icyphy/ptII/ptolemy/actor/lib/test/auto/ObjectToken1.xml (RunModel)" time="0.006" />
  <testcase classname="ptolemy.util.test.junit.AutoTests" name="[246] /home/travis/build/icyphy/ptII/ptolemy/actor/lib/test/auto/OrderedMerge.xml (RunModel)" time="0.016" />
  <testcase classname="ptolemy.util.test.junit.AutoTests" name="[247] /home/travis/build/icyphy/ptII/ptolemy/actor/lib/test/auto/OrderedRecordDisassembler.xml (RunModel)" time="0.014" />
  <testcase classname="ptolemy.util.test.junit.AutoTests" name="[248] /home/travis/build/icyphy/ptII/ptolemy/actor/lib/test/auto/OrderedRecordDisassembler2.xml (RunModel)" time="0.015" />
  <testcase classname="ptolemy.util.test.junit.AutoTests" name="[249] /home/travis/build/icyphy/ptII/ptolemy/actor/lib/test/auto/OrderedRecordUpdater.xml (RunModel)" time="0.008" />
  <testcase classname="ptolemy.util.test.junit.AutoTests" name="[250] /home/travis/build/icyphy/ptII/ptolemy/actor/lib/test/auto/OrderedRecordUpdater2.xml (RunModel)" time="0.014" />
  <testcase classname="ptolemy.util.test.junit.AutoTests" name="[251] /home/travis/build/icyphy/ptII/ptolemy/actor/lib/test/auto/PhaseUnwrap.xml (RunModel)" time="0.01" />
  <testcase classname="ptolemy.util.test.junit.AutoTests" name="[252] /home/travis/build/icyphy/ptII/ptolemy/actor/lib/test/auto/PoissonClock.xml (RunModel)" time="0.007" />
  <testcase classname="ptolemy.util.test.junit.AutoTests" name="[253] /home/travis/build/icyphy/ptII/ptolemy/actor/lib/test/auto/PoissonClock2.xml (RunModel)" time="0.005" />
  <testcase classname="ptolemy.util.test.junit.AutoTests" name="[254] /home/travis/build/icyphy/ptII/ptolemy/actor/lib/test/auto/PoissonClock3.xml (RunModel)" time="0.021" />
  <testcase classname="ptolemy.util.test.junit.AutoTests" name="[255] /home/travis/build/icyphy/ptII/ptolemy/actor/lib/test/auto/PubSubWithInitialTokens.xml (RunModel)" time="0.014" />
  <testcase classname="ptolemy.util.test.junit.AutoTests" name="[256] /home/travis/build/icyphy/ptII/ptolemy/actor/lib/test/auto/PubSubWithInitialTokens2.xml (RunModel)" time="0.008" />
  <testcase classname="ptolemy.util.test.junit.AutoTests" name="[257] /home/travis/build/icyphy/ptII/ptolemy/actor/lib/test/auto/PublisherClassNoParameter.xml (RunModel)" time="0.019" />
  <testcase classname="ptolemy.util.test.junit.AutoTests" name="[258] /home/travis/build/icyphy/ptII/ptolemy/actor/lib/test/auto/PublisherClassParameter.xml (RunModel)" time="0.016" />
  <testcase classname="ptolemy.util.test.junit.AutoTests" name="[259] /home/travis/build/icyphy/ptII/ptolemy/actor/lib/test/auto/PublisherNonStrictTest.xml (RunModel)" time="0.012" />
  <testcase classname="ptolemy.util.test.junit.AutoTests" name="[260] /home/travis/build/icyphy/ptII/ptolemy/actor/lib/test/auto/PublisherPort1.xml (RunModel)" time="0.019" />
  <testcase classname="ptolemy.util.test.junit.AutoTests" name="[261] /home/travis/build/icyphy/ptII/ptolemy/actor/lib/test/auto/PublisherPort2.xml (RunModel)" time="0.009" />
  <testcase classname="ptolemy.util.test.junit.AutoTests" name="[262] /home/travis/build/icyphy/ptII/ptolemy/actor/lib/test/auto/PublisherPort3.xml (RunModel)" time="0.01" />
  <testcase classname="ptolemy.util.test.junit.AutoTests" name="[263] /home/travis/build/icyphy/ptII/ptolemy/actor/lib/test/auto/PublisherPort4.xml (RunModel)" time="0.009" />
  <testcase classname="ptolemy.util.test.junit.AutoTests" name="[264] /home/travis/build/icyphy/ptII/ptolemy/actor/lib/test/auto/PublisherPort5.xml (RunModel)" time="0.011" />
  <testcase classname="ptolemy.util.test.junit.AutoTests" name="[265] /home/travis/build/icyphy/ptII/ptolemy/actor/lib/test/auto/PublisherPort5LookAlike.xml (RunModel)" time="0.014" />
  <testcase classname="ptolemy.util.test.junit.AutoTests" name="[266] /home/travis/build/icyphy/ptII/ptolemy/actor/lib/test/auto/PublisherPort6.xml (RunModel)" time="0.008" />
  <testcase classname="ptolemy.util.test.junit.AutoTests" name="[267] /home/travis/build/icyphy/ptII/ptolemy/actor/lib/test/auto/PublisherPort7.xml (RunModel)" time="0.011" />
  <testcase classname="ptolemy.util.test.junit.AutoTests" name="[268] /home/travis/build/icyphy/ptII/ptolemy/actor/lib/test/auto/PublisherPort8.xml (RunModel)" time="0.014" />
  <testcase classname="ptolemy.util.test.junit.AutoTests" name="[269] /home/travis/build/icyphy/ptII/ptolemy/actor/lib/test/auto/PublisherPortSubscriberChannelVariablesAOC2.xml (RunModel)" time="0.036" />
  <testcase classname="ptolemy.util.test.junit.AutoTests" name="[270] /home/travis/build/icyphy/ptII/ptolemy/actor/lib/test/auto/PublisherPortSubscriberOpaqueWidthInference.xml (RunModel)" time="0.012" />
  <testcase classname="ptolemy.util.test.junit.AutoTests" name="[271] /home/travis/build/icyphy/ptII/ptolemy/actor/lib/test/auto/PublisherPortSubscriberPortAdjacent.xml (RunModel)" time="0.023" />
  <testcase classname="ptolemy.util.test.junit.AutoTests" name="[272] /home/travis/build/icyphy/ptII/ptolemy/actor/lib/test/auto/PublisherPortSubscriberPortExpression.xml (RunModel)" time="0.016" />
  <testcase classname="ptolemy.util.test.junit.AutoTests" name="[273] /home/travis/build/icyphy/ptII/ptolemy/actor/lib/test/auto/PublisherPortSubscriberPortOpaqueD3Reverse.xml (RunModel)" time="0.014" />
  <testcase classname="ptolemy.util.test.junit.AutoTests" name="[274] /home/travis/build/icyphy/ptII/ptolemy/actor/lib/test/auto/PublisherPortSubscriberPortOpaqueWidthInference.xml (RunModel)" time="0.011" />
  <testcase classname="ptolemy.util.test.junit.AutoTests" name="[275] /home/travis/build/icyphy/ptII/ptolemy/actor/lib/test/auto/PublisherPortToplevelSubscriberPortAOC.xml (RunModel)" time="0.008" />
  <testcase classname="ptolemy.util.test.junit.AutoTests" name="[276] /home/travis/build/icyphy/ptII/ptolemy/actor/lib/test/auto/PublisherSubscriber.xml (RunModel)" time="0.009" />
  <testcase classname="ptolemy.util.test.junit.AutoTests" name="[277] /home/travis/build/icyphy/ptII/ptolemy/actor/lib/test/auto/PublisherSubscriber10.xml (RunModel)" time="0.023" />
  <testcase classname="ptolemy.util.test.junit.AutoTests" name="[278] /home/travis/build/icyphy/ptII/ptolemy/actor/lib/test/auto/PublisherSubscriber10InitialOutputs.xml (RunModel)" time="0.025" />
  <testcase classname="ptolemy.util.test.junit.AutoTests" name="[279] /home/travis/build/icyphy/ptII/ptolemy/actor/lib/test/auto/PublisherSubscriber11.xml (RunModel)" time="0.01" />
  <testcase classname="ptolemy.util.test.junit.AutoTests" name="[280] /home/travis/build/icyphy/ptII/ptolemy/actor/lib/test/auto/PublisherSubscriber12.xml (RunModel)" time="0.011" />
  <testcase classname="ptolemy.util.test.junit.AutoTests" name="[281] /home/travis/build/icyphy/ptII/ptolemy/actor/lib/test/auto/PublisherSubscriber13.xml (RunModel)" time="0.007" />
  <testcase classname="ptolemy.util.test.junit.AutoTests" name="[282] /home/travis/build/icyphy/ptII/ptolemy/actor/lib/test/auto/PublisherSubscriber14.xml (RunModel)" time="0.017" />
  <testcase classname="ptolemy.util.test.junit.AutoTests" name="[283] /home/travis/build/icyphy/ptII/ptolemy/actor/lib/test/auto/PublisherSubscriber2.xml (RunModel)" time="0.008" />
  <testcase classname="ptolemy.util.test.junit.AutoTests" name="[284] /home/travis/build/icyphy/ptII/ptolemy/actor/lib/test/auto/PublisherSubscriber3.xml (RunModel)" time="0.007" />
  <testcase classname="ptolemy.util.test.junit.AutoTests" name="[285] /home/travis/build/icyphy/ptII/ptolemy/actor/lib/test/auto/PublisherSubscriber4.xml (RunModel)" time="0.007" />
  <testcase classname="ptolemy.util.test.junit.AutoTests" name="[286] /home/travis/build/icyphy/ptII/ptolemy/actor/lib/test/auto/PublisherSubscriber5.xml (RunModel)" time="0.008" />
  <testcase classname="ptolemy.util.test.junit.AutoTests" name="[287] /home/travis/build/icyphy/ptII/ptolemy/actor/lib/test/auto/PublisherSubscriber6.xml (RunModel)" time="0.01" />
  <testcase classname="ptolemy.util.test.junit.AutoTests" name="[288] /home/travis/build/icyphy/ptII/ptolemy/actor/lib/test/auto/PublisherSubscriber7.xml (RunModel)" time="0.016" />
  <testcase classname="ptolemy.util.test.junit.AutoTests" name="[289] /home/travis/build/icyphy/ptII/ptolemy/actor/lib/test/auto/PublisherSubscriber8.xml (RunModel)" time="0.026" />
  <testcase classname="ptolemy.util.test.junit.AutoTests" name="[290] /home/travis/build/icyphy/ptII/ptolemy/actor/lib/test/auto/PublisherSubscriber9.xml (RunModel)" time="0.014" />
  <testcase classname="ptolemy.util.test.junit.AutoTests" name="[291] /home/travis/build/icyphy/ptII/ptolemy/actor/lib/test/auto/PublisherSubscriberAdjacent.xml (RunModel)" time="0.012" />
  <testcase classname="ptolemy.util.test.junit.AutoTests" name="[292] /home/travis/build/icyphy/ptII/ptolemy/actor/lib/test/auto/PublisherSubscriberChannelVariablesAOC2.xml (RunModel)" time="0.023" />
  <testcase classname="ptolemy.util.test.junit.AutoTests" name="[293] /home/travis/build/icyphy/ptII/ptolemy/actor/lib/test/auto/PublisherSubscriberD3.xml (RunModel)" time="0.01" />
  <testcase classname="ptolemy.util.test.junit.AutoTests" name="[294] /home/travis/build/icyphy/ptII/ptolemy/actor/lib/test/auto/PublisherSubscriberD3Reverse.xml (RunModel)" time="0.011" />
  <testcase classname="ptolemy.util.test.junit.AutoTests" name="[295] /home/travis/build/icyphy/ptII/ptolemy/actor/lib/test/auto/PublisherSubscriberExpression.xml (RunModel)" time="0.012" />
  <testcase classname="ptolemy.util.test.junit.AutoTests" name="[296] /home/travis/build/icyphy/ptII/ptolemy/actor/lib/test/auto/PublisherSubscriberOpaque.xml (RunModel)" time="0.011" />
  <testcase classname="ptolemy.util.test.junit.AutoTests" name="[297] /home/travis/build/icyphy/ptII/ptolemy/actor/lib/test/auto/PublisherSubscriberOpaqueD3.xml (RunModel)" time="0.018" />
  <testcase classname="ptolemy.util.test.junit.AutoTests" name="[298] /home/travis/build/icyphy/ptII/ptolemy/actor/lib/test/auto/PublisherSubscriberOpaqueD3Reverse.xml (RunModel)" time="0.018" />
  <testcase classname="ptolemy.util.test.junit.AutoTests" name="[299] /home/travis/build/icyphy/ptII/ptolemy/actor/lib/test/auto/PublisherSubscriberOpaqueWidthInference.xml (RunModel)" time="0.011" />
  <testcase classname="ptolemy.util.test.junit.AutoTests" name="[300] /home/travis/build/icyphy/ptII/ptolemy/actor/lib/test/auto/PublisherTestSubscriber.xml (RunModel)" time="0.01" />
  <testcase classname="ptolemy.util.test.junit.AutoTests" name="[301] /home/travis/build/icyphy/ptII/ptolemy/actor/lib/test/auto/PublisherToplevelSubscriberPortAOC.xml (RunModel)" time="0.008" />
  <testcase classname="ptolemy.util.test.junit.AutoTests" name="[302] /home/travis/build/icyphy/ptII/ptolemy/actor/lib/test/auto/PulseFiringLimitDE.xml (RunModel)" time="0.009" />
  <testcase classname="ptolemy.util.test.junit.AutoTests" name="[303] /home/travis/build/icyphy/ptII/ptolemy/actor/lib/test/auto/Ramp1.xml (RunModel)" time="0.005" />
  <testcase classname="ptolemy.util.test.junit.AutoTests" name="[304] /home/travis/build/icyphy/ptII/ptolemy/actor/lib/test/auto/RampFiringLimitDE.xml (RunModel)" time="0.008" />
  <testcase classname="ptolemy.util.test.junit.AutoTests" name="[305] /home/travis/build/icyphy/ptII/ptolemy/actor/lib/test/auto/RampFiringLimitSDF.xml (RunModel)" time="0.007" />
  <testcase classname="ptolemy.util.test.junit.AutoTests" name="[306] /home/travis/build/icyphy/ptII/ptolemy/actor/lib/test/auto/RandomInteger.xml (RunModel)" time="0.006" />
  <testcase classname="ptolemy.util.test.junit.AutoTests" name="[307] /home/travis/build/icyphy/ptII/ptolemy/actor/lib/test/auto/ReadFile1.xml (RunModel)" time="0.006" />
  <testcase classname="ptolemy.util.test.junit.AutoTests" name="[308] /home/travis/build/icyphy/ptII/ptolemy/actor/lib/test/auto/ReadFile2.xml (RunModel)" time="0.005" />
  <testcase classname="ptolemy.util.test.junit.AutoTests" name="[309] /home/travis/build/icyphy/ptII/ptolemy/actor/lib/test/auto/Reader.xml (RunModel)" time="0.009" />
  <testcase classname="ptolemy.util.test.junit.AutoTests" name="[310] /home/travis/build/icyphy/ptII/ptolemy/actor/lib/test/auto/RecordAssemblerDisplayNameTest.xml (RunModel)" time="2.984" />
  <testcase classname="ptolemy.util.test.junit.AutoTests" name="[311] /home/travis/build/icyphy/ptII/ptolemy/actor/lib/test/auto/RecordAssemblerTypeError.xml (RunModel)" time="0.031" />
  <testcase classname="ptolemy.util.test.junit.AutoTests" name="[312] /home/travis/build/icyphy/ptII/ptolemy/actor/lib/test/auto/RecordDisassember.xml (RunModel)" time="0.015" />
  <testcase classname="ptolemy.util.test.junit.AutoTests" name="[313] /home/travis/build/icyphy/ptII/ptolemy/actor/lib/test/auto/RecordDisassemberDisplayNameTest.xml (RunModel)" time="0.019" />
  <testcase classname="ptolemy.util.test.junit.AutoTests" name="[314] /home/travis/build/icyphy/ptII/ptolemy/actor/lib/test/auto/RecordDisassembler.xml (RunModel)" time="0.007" />
  <testcase classname="ptolemy.util.test.junit.AutoTests" name="[315] /home/travis/build/icyphy/ptII/ptolemy/actor/lib/test/auto/RecordDisassembler2.xml (RunModel)" time="0.007" />
  <testcase classname="ptolemy.util.test.junit.AutoTests" name="[316] /home/travis/build/icyphy/ptII/ptolemy/actor/lib/test/auto/RecordUpdater.xml (RunModel)" time="0.007" />
  <testcase classname="ptolemy.util.test.junit.AutoTests" name="[317] /home/travis/build/icyphy/ptII/ptolemy/actor/lib/test/auto/RecordUpdater2.xml (RunModel)" time="0.007" />
  <testcase classname="ptolemy.util.test.junit.AutoTests" name="[318] /home/travis/build/icyphy/ptII/ptolemy/actor/lib/test/auto/RecursiveLattice.xml (RunModel)" time="0.006" />
  <testcase classname="ptolemy.util.test.junit.AutoTests" name="[319] /home/travis/build/icyphy/ptII/ptolemy/actor/lib/test/auto/Router.xml (RunModel)" time="3.019" />
  <testcase classname="ptolemy.util.test.junit.AutoTests" name="[320] /home/travis/build/icyphy/ptII/ptolemy/actor/lib/test/auto/Router2.xml (RunModel)" time="3.031" />
  <testcase classname="ptolemy.util.test.junit.AutoTests" name="[321] /home/travis/build/icyphy/ptII/ptolemy/actor/lib/test/auto/RunningMaximum.xml (RunModel)" time="0.021" />
  <testcase classname="ptolemy.util.test.junit.AutoTests" name="[322] /home/travis/build/icyphy/ptII/ptolemy/actor/lib/test/auto/RunningMinimum.xml (RunModel)" time="0.021" />
  <testcase classname="ptolemy.util.test.junit.AutoTests" name="[323] /home/travis/build/icyphy/ptII/ptolemy/actor/lib/test/auto/Scale.xml (RunModel)" time="0.008" />
  <testcase classname="ptolemy.util.test.junit.AutoTests" name="[324] /home/travis/build/icyphy/ptII/ptolemy/actor/lib/test/auto/Scale2.xml (RunModel)" time="0.007" />
  <testcase classname="ptolemy.util.test.junit.AutoTests" name="[325] /home/travis/build/icyphy/ptII/ptolemy/actor/lib/test/auto/Scale3.xml (RunModel)" time="0.011" />
  <testcase classname="ptolemy.util.test.junit.AutoTests" name="[326] /home/travis/build/icyphy/ptII/ptolemy/actor/lib/test/auto/ScaleArray.xml (RunModel)" time="0.006" />
  <testcase classname="ptolemy.util.test.junit.AutoTests" name="[327] /home/travis/build/icyphy/ptII/ptolemy/actor/lib/test/auto/ScaleArray2.xml (RunModel)" time="0.006" />
  <testcase classname="ptolemy.util.test.junit.AutoTests" name="[328] /home/travis/build/icyphy/ptII/ptolemy/actor/lib/test/auto/ScaleMatrix.xml (RunModel)" time="0.135" />
  <testcase classname="ptolemy.util.test.junit.AutoTests" name="[329] /home/travis/build/icyphy/ptII/ptolemy/actor/lib/test/auto/Select.xml (RunModel)" time="0.011" />
  <testcase classname="ptolemy.util.test.junit.AutoTests" name="[330] /home/travis/build/icyphy/ptII/ptolemy/actor/lib/test/auto/Select2.xml (RunModel)" time="0.006" />
  <testcase classname="ptolemy.util.test.junit.AutoTests" name="[331] /home/travis/build/icyphy/ptII/ptolemy/actor/lib/test/auto/SequenceToArray2.xml (RunModel)" time="0.129" />
  <testcase classname="ptolemy.util.test.junit.AutoTests" name="[332] /home/travis/build/icyphy/ptII/ptolemy/actor/lib/test/auto/SequentialClock.xml (RunModel)" time="0.008" />
  <testcase classname="ptolemy.util.test.junit.AutoTests" name="[333] /home/travis/build/icyphy/ptII/ptolemy/actor/lib/test/auto/SetVariable.xml (RunModel)" time="0.008" />
  <testcase classname="ptolemy.util.test.junit.AutoTests" name="[334] /home/travis/build/icyphy/ptII/ptolemy/actor/lib/test/auto/SetVariable2.xml (RunModel)" time="0.006" />
  <testcase classname="ptolemy.util.test.junit.AutoTests" name="[335] /home/travis/build/icyphy/ptII/ptolemy/actor/lib/test/auto/SetVariable3.xml (RunModel)" time="0.012" />
  <testcase classname="ptolemy.util.test.junit.AutoTests" name="[336] /home/travis/build/icyphy/ptII/ptolemy/actor/lib/test/auto/SetVariable4.xml (RunModel)" time="0.025" />
  <testcase classname="ptolemy.util.test.junit.AutoTests" name="[337] /home/travis/build/icyphy/ptII/ptolemy/actor/lib/test/auto/SetVariable5.xml (RunModel)" time="0.026" />
  <testcase classname="ptolemy.util.test.junit.AutoTests" name="[338] /home/travis/build/icyphy/ptII/ptolemy/actor/lib/test/auto/Sinewave.xml (RunModel)" time="0.018" />
  <testcase classname="ptolemy.util.test.junit.AutoTests" name="[339] /home/travis/build/icyphy/ptII/ptolemy/actor/lib/test/auto/Sinewave2.xml (RunModel)" time="0.013" />
  <testcase classname="ptolemy.util.test.junit.AutoTests" name="[340] /home/travis/build/icyphy/ptII/ptolemy/actor/lib/test/auto/Sinewave3.xml (RunModel)" time="0.015" />
  <testcase classname="ptolemy.util.test.junit.AutoTests" name="[341] /home/travis/build/icyphy/ptII/ptolemy/actor/lib/test/auto/SingleEvent.xml (RunModel)" time="0.005" />
  <testcase classname="ptolemy.util.test.junit.AutoTests" name="[342] /home/travis/build/icyphy/ptII/ptolemy/actor/lib/test/auto/Sleep.xml (RunModel)" time="6.012" />
  <testcase classname="ptolemy.util.test.junit.AutoTests" name="[343] /home/travis/build/icyphy/ptII/ptolemy/actor/lib/test/auto/SleepMultipleFire.xml (RunModel)" time="1.017" />
  <testcase classname="ptolemy.util.test.junit.AutoTests" name="[344] /home/travis/build/icyphy/ptII/ptolemy/actor/lib/test/auto/StopDE.xml (RunModel)" time="0.013" />
  <testcase classname="ptolemy.util.test.junit.AutoTests" name="[345] /home/travis/build/icyphy/ptII/ptolemy/actor/lib/test/auto/StopSDF.xml (RunModel)" time="0.009" />
  <testcase classname="ptolemy.util.test.junit.AutoTests" name="[346] /home/travis/build/icyphy/ptII/ptolemy/actor/lib/test/auto/StringConstant.xml (RunModel)" time="0.014" />
  <testcase classname="ptolemy.util.test.junit.AutoTests" name="[347] /home/travis/build/icyphy/ptII/ptolemy/actor/lib/test/auto/SubscriberPortInitialValues1.xml (RunModel)" time="0.017" />
  <testcase classname="ptolemy.util.test.junit.AutoTests" name="[348] /home/travis/build/icyphy/ptII/ptolemy/actor/lib/test/auto/SubscriberPortInitialValues13.xml (RunModel)" time="0.021" />
  <testcase classname="ptolemy.util.test.junit.AutoTests" name="[349] /home/travis/build/icyphy/ptII/ptolemy/actor/lib/test/auto/SubscriberPortInitialValues14.xml (RunModel)" time="0.014" />
  <testcase classname="ptolemy.util.test.junit.AutoTests" name="[350] /home/travis/build/icyphy/ptII/ptolemy/actor/lib/test/auto/SubscriberPortInitialValues2.xml (RunModel)" time="0.012" />
  <testcase classname="ptolemy.util.test.junit.AutoTests" name="[351] /home/travis/build/icyphy/ptII/ptolemy/actor/lib/test/auto/SubscriberPortInitialValues3.xml (RunModel)" time="0.015" />
  <testcase classname="ptolemy.util.test.junit.AutoTests" name="[352] /home/travis/build/icyphy/ptII/ptolemy/actor/lib/test/auto/SubscriptionAggregator.xml (RunModel)" time="0.008" />
  <testcase classname="ptolemy.util.test.junit.AutoTests" name="[353] /home/travis/build/icyphy/ptII/ptolemy/actor/lib/test/auto/SubscriptionAggregator2.xml (RunModel)" time="0.009" />
  <testcase classname="ptolemy.util.test.junit.AutoTests" name="[354] /home/travis/build/icyphy/ptII/ptolemy/actor/lib/test/auto/SubscriptionAggregator3.xml (RunModel)" time="0.013" />
  <testcase classname="ptolemy.util.test.junit.AutoTests" name="[355] /home/travis/build/icyphy/ptII/ptolemy/actor/lib/test/auto/SubscriptionAggregatorMultiply.xml (RunModel)" time="0.012" />
  <testcase classname="ptolemy.util.test.junit.AutoTests" name="[356] /home/travis/build/icyphy/ptII/ptolemy/actor/lib/test/auto/SubscriptionAggregatorPortMultiply1.xml (RunModel)" time="0.017" />
  <testcase classname="ptolemy.util.test.junit.AutoTests" name="[357] /home/travis/build/icyphy/ptII/ptolemy/actor/lib/test/auto/Switch.xml (RunModel)" time="0.013" />
  <testcase classname="ptolemy.util.test.junit.AutoTests" name="[358] /home/travis/build/icyphy/ptII/ptolemy/actor/lib/test/auto/Switch2.xml (RunModel)" time="0.007" />
  <testcase classname="ptolemy.util.test.junit.AutoTests" name="[359] /home/travis/build/icyphy/ptII/ptolemy/actor/lib/test/auto/SwitchDE.xml (RunModel)" time="0.01" />
  <testcase classname="ptolemy.util.test.junit.AutoTests" name="[360] /home/travis/build/icyphy/ptII/ptolemy/actor/lib/test/auto/SynchronizerDE.xml (RunModel)" time="0.016" />
  <testcase classname="ptolemy.util.test.junit.AutoTests" name="[361] /home/travis/build/icyphy/ptII/ptolemy/actor/lib/test/auto/Test.xml (RunModel)" time="0.006" />
  <testcase classname="ptolemy.util.test.junit.AutoTests" name="[362] /home/travis/build/icyphy/ptII/ptolemy/actor/lib/test/auto/TestExceptionAttribute1.xml (RunModel)" time="0.004" />
  <testcase classname="ptolemy.util.test.junit.AutoTests" name="[363] /home/travis/build/icyphy/ptII/ptolemy/actor/lib/test/auto/TestExceptionAttribute2.xml (RunModel)" time="0.005" />
  <testcase classname="ptolemy.util.test.junit.AutoTests" name="[364] /home/travis/build/icyphy/ptII/ptolemy/actor/lib/test/auto/TestExceptionAttribute3.xml (RunModel)" time="0.008" />
  <testcase classname="ptolemy.util.test.junit.AutoTests" name="[365] /home/travis/build/icyphy/ptII/ptolemy/actor/lib/test/auto/TestExceptionAttribute4.xml (RunModel)" time="0.005" />
  <testcase classname="ptolemy.util.test.junit.AutoTests" name="[366] /home/travis/build/icyphy/ptII/ptolemy/actor/lib/test/auto/TestExceptionHandler1.xml (RunModel)" time="0.007" />
  <testcase classname="ptolemy.util.test.junit.AutoTests" name="[367] /home/travis/build/icyphy/ptII/ptolemy/actor/lib/test/auto/TestExceptionHandler2.xml (RunModel)" time="0.007" />
  <testcase classname="ptolemy.util.test.junit.AutoTests" name="[368] /home/travis/build/icyphy/ptII/ptolemy/actor/lib/test/auto/TestExceptionHandler3.xml (RunModel)" time="0.004" />
  <testcase classname="ptolemy.util.test.junit.AutoTests" name="[369] /home/travis/build/icyphy/ptII/ptolemy/actor/lib/test/auto/TestExceptionHandler4.xml (RunModel)" time="0.004" />
  <testcase classname="ptolemy.util.test.junit.AutoTests" name="[370] /home/travis/build/icyphy/ptII/ptolemy/actor/lib/test/auto/TestRequireCorrectOrder.xml (RunModel)" time="0.006" />
  <testcase classname="ptolemy.util.test.junit.AutoTests" name="[371] /home/travis/build/icyphy/ptII/ptolemy/actor/lib/test/auto/TestSimple.xml (RunModel)" time="0.004" />
  <testcase classname="ptolemy.util.test.junit.AutoTests" name="[372] /home/travis/build/icyphy/ptII/ptolemy/actor/lib/test/auto/ThrowModelError.xml (RunModel)" time="0.01" />
  <testcase classname="ptolemy.util.test.junit.AutoTests" name="[373] /home/travis/build/icyphy/ptII/ptolemy/actor/lib/test/auto/TimeDelayMicrosteps.xml (RunModel)" time="0.01" />
  <testcase classname="ptolemy.util.test.junit.AutoTests" name="[374] /home/travis/build/icyphy/ptII/ptolemy/actor/lib/test/auto/TimeDelayMicrosteps2.xml (RunModel)" time="0.012" />
  <testcase classname="ptolemy.util.test.junit.AutoTests" name="[375] /home/travis/build/icyphy/ptII/ptolemy/actor/lib/test/auto/TimeDelayMicrosteps3.xml (RunModel)" time="0.009" />
  <testcase classname="ptolemy.util.test.junit.AutoTests" name="[376] /home/travis/build/icyphy/ptII/ptolemy/actor/lib/test/auto/TimeDelayVariableMicrosteps.xml (RunModel)" time="0.008" />
  <testcase classname="ptolemy.util.test.junit.AutoTests" name="[377] /home/travis/build/icyphy/ptII/ptolemy/actor/lib/test/auto/TimeGap.xml (RunModel)" time="0.012" />
  <testcase classname="ptolemy.util.test.junit.AutoTests" name="[378] /home/travis/build/icyphy/ptII/ptolemy/actor/lib/test/auto/TimeGap2.xml (RunModel)" time="0.008" />
  <testcase classname="ptolemy.util.test.junit.AutoTests" name="[379] /home/travis/build/icyphy/ptII/ptolemy/actor/lib/test/auto/TimedSinewave.xml (RunModel)" time="0.046" />
  <testcase classname="ptolemy.util.test.junit.AutoTests" name="[380] /home/travis/build/icyphy/ptII/ptolemy/actor/lib/test/auto/TimedSinewavePhase.xml (RunModel)" time="0.031" />
  <testcase classname="ptolemy.util.test.junit.AutoTests" name="[381] /home/travis/build/icyphy/ptII/ptolemy/actor/lib/test/auto/Timer.xml (RunModel)" time="0.016" />
  <testcase classname="ptolemy.util.test.junit.AutoTests" name="[382] /home/travis/build/icyphy/ptII/ptolemy/actor/lib/test/auto/TriangularDistTestModel.xml (RunModel)" time="0.013" />
  <testcase classname="ptolemy.util.test.junit.AutoTests" name="[383] /home/travis/build/icyphy/ptII/ptolemy/actor/lib/test/auto/TrigFunction.xml (RunModel)" time="0.006" />
  <testcase classname="ptolemy.util.test.junit.AutoTests" name="[384] /home/travis/build/icyphy/ptII/ptolemy/actor/lib/test/auto/TrigFunctionDE.xml (RunModel)" time="0.008" />
  <testcase classname="ptolemy.util.test.junit.AutoTests" name="[385] /home/travis/build/icyphy/ptII/ptolemy/actor/lib/test/auto/TrigFunctionInverse.xml (RunModel)" time="0.007" />
  <testcase classname="ptolemy.util.test.junit.AutoTests" name="[386] /home/travis/build/icyphy/ptII/ptolemy/actor/lib/test/auto/TrigFunctionTan.xml (RunModel)" time="0.005" />
  <testcase classname="ptolemy.util.test.junit.AutoTests" name="[387] /home/travis/build/icyphy/ptII/ptolemy/actor/lib/test/auto/TriggeredClock.xml (RunModel)" time="0.006" />
  <testcase classname="ptolemy.util.test.junit.AutoTests" name="[388] /home/travis/build/icyphy/ptII/ptolemy/actor/lib/test/auto/URLDirectoryReader.xml (RunModel)" time="0.098" />
  <testcase classname="ptolemy.util.test.junit.AutoTests" name="[389] /home/travis/build/icyphy/ptII/ptolemy/actor/lib/test/auto/URLDirectoryReader3.xml (RunModel)" time="1.766" />
  <testcase classname="ptolemy.util.test.junit.AutoTests" name="[390] /home/travis/build/icyphy/ptII/ptolemy/actor/lib/test/auto/UnaryMathFunction.xml (RunModel)" time="0.029" />
  <testcase classname="ptolemy.util.test.junit.AutoTests" name="[391] /home/travis/build/icyphy/ptII/ptolemy/actor/lib/test/auto/Uniform.xml (RunModel)" time="0.01" />
  <testcase classname="ptolemy.util.test.junit.AutoTests" name="[392] /home/travis/build/icyphy/ptII/ptolemy/actor/lib/test/auto/UnionDisassemblerTest.xml (RunModel)" time="0.014" />
  <testcase classname="ptolemy.util.test.junit.AutoTests" name="[393] /home/travis/build/icyphy/ptII/ptolemy/actor/lib/test/auto/UtilityFunctions.xml (RunModel)" time="0.006" />
  <testcase classname="ptolemy.util.test.junit.AutoTests" name="[394] /home/travis/build/icyphy/ptII/ptolemy/actor/lib/test/auto/VariableSleep.xml (RunModel)" time="0.509" />
  <testcase classname="ptolemy.util.test.junit.AutoTests" name="[395] /home/travis/build/icyphy/ptII/ptolemy/actor/lib/test/auto/VectorAssemblerDisassemblerCT.xml (RunModel)" time="0.113" />
  <testcase classname="ptolemy.util.test.junit.AutoTests" name="[396] /home/travis/build/icyphy/ptII/ptolemy/actor/lib/test/auto/VectorAssemblerDisassemblerDE.xml (RunModel)" time="0.011" />
  <testcase classname="ptolemy.util.test.junit.AutoTests" name="[397] /home/travis/build/icyphy/ptII/ptolemy/actor/lib/test/auto/VectorAssemblerDisassemblerSDF.xml (RunModel)" time="0.01" />
  <testcase classname="ptolemy.util.test.junit.AutoTests" name="[398] /home/travis/build/icyphy/ptII/ptolemy/actor/lib/test/auto/WallClockTime.xml (RunModel)" time="1.01" />
  <testcase classname="ptolemy.util.test.junit.AutoTests" name="[399] /home/travis/build/icyphy/ptII/ptolemy/actor/lib/test/auto/WidthTestWithSubscriberPublisher.xml (RunModel)" time="0.035" />
  <testcase classname="ptolemy.util.test.junit.AutoTests" name="[400] /home/travis/build/icyphy/ptII/ptolemy/actor/lib/test/auto/WidthTestWithSubscriberPublisher2.xml (RunModel)" time="0.023" />
  <testcase classname="ptolemy.util.test.junit.AutoTests" name="[401] /home/travis/build/icyphy/ptII/ptolemy/actor/lib/test/auto/WidthTestWithSubscriberPublisher3.xml (RunModel)" time="0.008" />
  <testcase classname="ptolemy.util.test.junit.AutoTests" name="[402] /home/travis/build/icyphy/ptII/ptolemy/actor/lib/test/auto/Writer.xml (RunModel)" time="0.005" />
  <testcase classname="ptolemy.util.test.junit.AutoTests" name="[403] /home/travis/build/icyphy/ptII/ptolemy/actor/lib/test/auto/array.xml (RunModel)" time="0.006" />
  <testcase classname="ptolemy.util.test.junit.AutoTests" name="[404] /home/travis/build/icyphy/ptII/ptolemy/actor/lib/test/auto/array2.xml (RunModel)" time="0.01" />
  <testcase classname="ptolemy.util.test.junit.AutoTests" name="[405] /home/travis/build/icyphy/ptII/ptolemy/actor/lib/test/auto/arrayType.xml (RunModel)" time="0.007" />
  <testcase classname="ptolemy.util.test.junit.AutoTests" name="[406] /home/travis/build/icyphy/ptII/ptolemy/actor/lib/test/auto/arrayType10.xml (RunModel)" time="0.006" />
  <testcase classname="ptolemy.util.test.junit.AutoTests" name="[407] /home/travis/build/icyphy/ptII/ptolemy/actor/lib/test/auto/arrayType11.xml (RunModel)" time="0.006" />
  <testcase classname="ptolemy.util.test.junit.AutoTests" name="[408] /home/travis/build/icyphy/ptII/ptolemy/actor/lib/test/auto/arrayType12.xml (RunModel)" time="0.007" />
  <testcase classname="ptolemy.util.test.junit.AutoTests" name="[409] /home/travis/build/icyphy/ptII/ptolemy/actor/lib/test/auto/arrayType13.xml (RunModel)" time="0.006" />
  <testcase classname="ptolemy.util.test.junit.AutoTests" name="[410] /home/travis/build/icyphy/ptII/ptolemy/actor/lib/test/auto/arrayType14.xml (RunModel)" time="0.006" />
  <testcase classname="ptolemy.util.test.junit.AutoTests" name="[411] /home/travis/build/icyphy/ptII/ptolemy/actor/lib/test/auto/arrayType15.xml (RunModel)" time="0.008" />
  <testcase classname="ptolemy.util.test.junit.AutoTests" name="[412] /home/travis/build/icyphy/ptII/ptolemy/actor/lib/test/auto/arrayType16.xml (RunModel)" time="0.006" />
  <testcase classname="ptolemy.util.test.junit.AutoTests" name="[413] /home/travis/build/icyphy/ptII/ptolemy/actor/lib/test/auto/arrayType17.xml (RunModel)" time="0.006" />
  <testcase classname="ptolemy.util.test.junit.AutoTests" name="[414] /home/travis/build/icyphy/ptII/ptolemy/actor/lib/test/auto/arrayType18.xml (RunModel)" time="0.006" />
  <testcase classname="ptolemy.util.test.junit.AutoTests" name="[415] /home/travis/build/icyphy/ptII/ptolemy/actor/lib/test/auto/arrayType19.xml (RunModel)" time="0.006" />
  <testcase classname="ptolemy.util.test.junit.AutoTests" name="[416] /home/travis/build/icyphy/ptII/ptolemy/actor/lib/test/auto/arrayType2.xml (RunModel)" time="0.006" />
  <testcase classname="ptolemy.util.test.junit.AutoTests" name="[417] /home/travis/build/icyphy/ptII/ptolemy/actor/lib/test/auto/arrayType20.xml (RunModel)" time="0.006" />
  <testcase classname="ptolemy.util.test.junit.AutoTests" name="[418] /home/travis/build/icyphy/ptII/ptolemy/actor/lib/test/auto/arrayType21.xml (RunModel)" time="0.005" />
  <testcase classname="ptolemy.util.test.junit.AutoTests" name="[419] /home/travis/build/icyphy/ptII/ptolemy/actor/lib/test/auto/arrayType22.xml (RunModel)" time="0.005" />
  <testcase classname="ptolemy.util.test.junit.AutoTests" name="[420] /home/travis/build/icyphy/ptII/ptolemy/actor/lib/test/auto/arrayType23.xml (RunModel)" time="0.006" />
  <testcase classname="ptolemy.util.test.junit.AutoTests" name="[421] /home/travis/build/icyphy/ptII/ptolemy/actor/lib/test/auto/arrayType24.xml (RunModel)" time="0.006" />
  <testcase classname="ptolemy.util.test.junit.AutoTests" name="[422] /home/travis/build/icyphy/ptII/ptolemy/actor/lib/test/auto/arrayType25.xml (RunModel)" time="0.006" />
  <testcase classname="ptolemy.util.test.junit.AutoTests" name="[423] /home/travis/build/icyphy/ptII/ptolemy/actor/lib/test/auto/arrayType26.xml (RunModel)" time="0.006" />
  <testcase classname="ptolemy.util.test.junit.AutoTests" name="[424] /home/travis/build/icyphy/ptII/ptolemy/actor/lib/test/auto/arrayType27.xml (RunModel)" time="0.007" />
  <testcase classname="ptolemy.util.test.junit.AutoTests" name="[425] /home/travis/build/icyphy/ptII/ptolemy/actor/lib/test/auto/arrayType28.xml (RunModel)" time="0.007" />
  <testcase classname="ptolemy.util.test.junit.AutoTests" name="[426] /home/travis/build/icyphy/ptII/ptolemy/actor/lib/test/auto/arrayType3.xml (RunModel)" time="0.009" />
  <testcase classname="ptolemy.util.test.junit.AutoTests" name="[427] /home/travis/build/icyphy/ptII/ptolemy/actor/lib/test/auto/arrayType4.xml (RunModel)" time="0.007" />
  <testcase classname="ptolemy.util.test.junit.AutoTests" name="[428] /home/travis/build/icyphy/ptII/ptolemy/actor/lib/test/auto/arrayType5.xml (RunModel)" time="0.006" />
  <testcase classname="ptolemy.util.test.junit.AutoTests" name="[429] /home/travis/build/icyphy/ptII/ptolemy/actor/lib/test/auto/arrayType6.xml (RunModel)" time="0.006" />
  <testcase classname="ptolemy.util.test.junit.AutoTests" name="[430] /home/travis/build/icyphy/ptII/ptolemy/actor/lib/test/auto/arrayType7.xml (RunModel)" time="0.012" />
  <testcase classname="ptolemy.util.test.junit.AutoTests" name="[431] /home/travis/build/icyphy/ptII/ptolemy/actor/lib/test/auto/arrayType8.xml (RunModel)" time="0.007" />
  <testcase classname="ptolemy.util.test.junit.AutoTests" name="[432] /home/travis/build/icyphy/ptII/ptolemy/actor/lib/test/auto/arrayType9.xml (RunModel)" time="0.006" />
  <testcase classname="ptolemy.util.test.junit.AutoTests" name="[433] /home/travis/build/icyphy/ptII/ptolemy/actor/lib/test/auto/cast.xml (RunModel)" time="0.006" />
  <testcase classname="ptolemy.util.test.junit.AutoTests" name="[434] /home/travis/build/icyphy/ptII/ptolemy/actor/lib/test/auto/compositeMultiPort.xml (RunModel)" time="0.013" />
  <testcase classname="ptolemy.util.test.junit.AutoTests" name="[435] /home/travis/build/icyphy/ptII/ptolemy/actor/lib/test/auto/expressionCastInference.xml (RunModel)" time="0.015" />
  <testcase classname="ptolemy.util.test.junit.AutoTests" name="[436] /home/travis/build/icyphy/ptII/ptolemy/actor/lib/test/auto/expressionCastInference2.xml (RunModel)" time="0.006" />
  <testcase classname="ptolemy.util.test.junit.AutoTests" name="[437] /home/travis/build/icyphy/ptII/ptolemy/actor/lib/test/auto/expressionInference.xml (RunModel)" time="0.005" />
  <testcase classname="ptolemy.util.test.junit.AutoTests" name="[438] /home/travis/build/icyphy/ptII/ptolemy/actor/lib/test/auto/expression_bug.xml (RunModel)" time="0.005" />
  <testcase classname="ptolemy.util.test.junit.AutoTests" name="[439] /home/travis/build/icyphy/ptII/ptolemy/actor/lib/test/auto/factorial.xml (RunModel)" time="0.039" />
  <testcase classname="ptolemy.util.test.junit.AutoTests" name="[440] /home/travis/build/icyphy/ptII/ptolemy/actor/lib/test/auto/filterTest1.xml (RunModel)" time="0.044" />
  <testcase classname="ptolemy.util.test.junit.AutoTests" name="[441] /home/travis/build/icyphy/ptII/ptolemy/actor/lib/test/auto/funcApplyInConst.xml (RunModel)" time="0.029" />
  <testcase classname="ptolemy.util.test.junit.AutoTests" name="[442] /home/travis/build/icyphy/ptII/ptolemy/actor/lib/test/auto/funcApplyInExpr.xml (RunModel)" time="0.027" />
  <testcase classname="ptolemy.util.test.junit.AutoTests" name="[443] /home/travis/build/icyphy/ptII/ptolemy/actor/lib/test/auto/function.xml (RunModel)" time="0.023" />
  <testcase classname="ptolemy.util.test.junit.AutoTests" name="[444] /home/travis/build/icyphy/ptII/ptolemy/actor/lib/test/auto/function2.xml (RunModel)" time="0.007" />
  <testcase classname="ptolemy.util.test.junit.AutoTests" name="[445] /home/travis/build/icyphy/ptII/ptolemy/actor/lib/test/auto/function3.xml (RunModel)" time="0.005" />
  <testcase classname="ptolemy.util.test.junit.AutoTests" name="[446] /home/travis/build/icyphy/ptII/ptolemy/actor/lib/test/auto/functionClosureTest1.xml (RunModel)" time="0.007" />
  <testcase classname="ptolemy.util.test.junit.AutoTests" name="[447] /home/travis/build/icyphy/ptII/ptolemy/actor/lib/test/auto/functionClosureTest2.xml (RunModel)" time="0.005" />
  <testcase classname="ptolemy.util.test.junit.AutoTests" name="[448] /home/travis/build/icyphy/ptII/ptolemy/actor/lib/test/auto/functionClosureTest3.xml (RunModel)" time="0.007" />
  <testcase classname="ptolemy.util.test.junit.AutoTests" name="[449] /home/travis/build/icyphy/ptII/ptolemy/actor/lib/test/auto/functionClosureTest4.xml (RunModel)" time="0.053" />
  <testcase classname="ptolemy.util.test.junit.AutoTests" name="[450] /home/travis/build/icyphy/ptII/ptolemy/actor/lib/test/auto/functionClosureTest5.xml (RunModel)" time="0.031" />
  <testcase classname="ptolemy.util.test.junit.AutoTests" name="[451] /home/travis/build/icyphy/ptII/ptolemy/actor/lib/test/auto/functionClosureTest6.xml (RunModel)" time="0.027" />
  <testcase classname="ptolemy.util.test.junit.AutoTests" name="[452] /home/travis/build/icyphy/ptII/ptolemy/actor/lib/test/auto/functionsOnArcs.xml (RunModel)" time="0.015" />
  <testcase classname="ptolemy.util.test.junit.AutoTests" name="[453] /home/travis/build/icyphy/ptII/ptolemy/actor/lib/test/auto/functionsOnArcsHOF.xml (RunModel)" time="0.01" />
  <testcase classname="ptolemy.util.test.junit.AutoTests" name="[454] /home/travis/build/icyphy/ptII/ptolemy/actor/lib/test/auto/logic.xml (RunModel)" time="0.016" />
  <testcase classname="ptolemy.util.test.junit.AutoTests" name="[455] /home/travis/build/icyphy/ptII/ptolemy/actor/lib/test/auto/matrixType.xml (RunModel)" time="0.009" />
  <testcase classname="ptolemy.util.test.junit.AutoTests" name="[456] /home/travis/build/icyphy/ptII/ptolemy/actor/lib/test/auto/matrixType10.xml (RunModel)" time="0.006" />
  <testcase classname="ptolemy.util.test.junit.AutoTests" name="[457] /home/travis/build/icyphy/ptII/ptolemy/actor/lib/test/auto/matrixType11.xml (RunModel)" time="0.006" />
  <testcase classname="ptolemy.util.test.junit.AutoTests" name="[458] /home/travis/build/icyphy/ptII/ptolemy/actor/lib/test/auto/matrixType12.xml (RunModel)" time="0.008" />
  <testcase classname="ptolemy.util.test.junit.AutoTests" name="[459] /home/travis/build/icyphy/ptII/ptolemy/actor/lib/test/auto/matrixType13.xml (RunModel)" time="0.006" />
  <testcase classname="ptolemy.util.test.junit.AutoTests" name="[460] /home/travis/build/icyphy/ptII/ptolemy/actor/lib/test/auto/matrixType14.xml (RunModel)" time="0.007" />
  <testcase classname="ptolemy.util.test.junit.AutoTests" name="[461] /home/travis/build/icyphy/ptII/ptolemy/actor/lib/test/auto/matrixType2.xml (RunModel)" time="0.008" />
  <testcase classname="ptolemy.util.test.junit.AutoTests" name="[462] /home/travis/build/icyphy/ptII/ptolemy/actor/lib/test/auto/matrixType3.xml (RunModel)" time="0.008" />
  <testcase classname="ptolemy.util.test.junit.AutoTests" name="[463] /home/travis/build/icyphy/ptII/ptolemy/actor/lib/test/auto/matrixType4.xml (RunModel)" time="0.006" />
  <testcase classname="ptolemy.util.test.junit.AutoTests" name="[464] /home/travis/build/icyphy/ptII/ptolemy/actor/lib/test/auto/matrixType5.xml (RunModel)" time="0.006" />
  <testcase classname="ptolemy.util.test.junit.AutoTests" name="[465] /home/travis/build/icyphy/ptII/ptolemy/actor/lib/test/auto/matrixType6.xml (RunModel)" time="0.005" />
  <testcase classname="ptolemy.util.test.junit.AutoTests" name="[466] /home/travis/build/icyphy/ptII/ptolemy/actor/lib/test/auto/matrixType7.xml (RunModel)" time="0.006" />
  <testcase classname="ptolemy.util.test.junit.AutoTests" name="[467] /home/travis/build/icyphy/ptII/ptolemy/actor/lib/test/auto/matrixType8.xml (RunModel)" time="0.006" />
  <testcase classname="ptolemy.util.test.junit.AutoTests" name="[468] /home/travis/build/icyphy/ptII/ptolemy/actor/lib/test/auto/matrixType9.xml (RunModel)" time="0.006" />
  <testcase classname="ptolemy.util.test.junit.AutoTests" name="[469] /home/travis/build/icyphy/ptII/ptolemy/actor/lib/test/auto/paraFunctest.xml (RunModel)" time="0.005" />
  <testcase classname="ptolemy.util.test.junit.AutoTests" name="[470] /home/travis/build/icyphy/ptII/ptolemy/actor/lib/test/auto/paraFunctest2.xml (RunModel)" time="0.007" />
  <testcase classname="ptolemy.util.test.junit.AutoTests" name="[471] /home/travis/build/icyphy/ptII/ptolemy/actor/lib/test/auto/parameterPassing.xml (RunModel)" time="0.009" />
  <testcase classname="ptolemy.util.test.junit.AutoTests" name="[472] /home/travis/build/icyphy/ptII/ptolemy/actor/lib/test/auto/record.xml (RunModel)" time="0.006" />
  <testcase classname="ptolemy.util.test.junit.AutoTests" name="[473] /home/travis/build/icyphy/ptII/ptolemy/actor/lib/test/auto/sizedarray1.xml (RunModel)" time="0.007" />
  <testcase classname="ptolemy.util.test.junit.AutoTests" name="[474] /home/travis/build/icyphy/ptII/ptolemy/actor/lib/test/auto/sizedarray2.xml (RunModel)" time="0.007" />
  <testcase classname="ptolemy.util.test.junit.AutoTests" name="[475] /home/travis/build/icyphy/ptII/ptolemy/actor/lib/test/auto/twoPublishers.xml (RunModel)" time="0.02" />
  <system-out><![CDATA[/home/travis/build/icyphy/ptII/ptolemy/actor/lib/test/AbsoluteValue.tcl
testDefs.tcl: setting time out to 9000 seconds at Thu Apr 16 14:03:10 UTC 2020
99 ms. Memory: 129024K Free: 93128K (72%)
9 ms. Memory: 129024K Free: 91080K (71%)
3 ms. Memory: 129024K Free: 90056K (70%)
4 ms. Memory: 129024K Free: 89542K (69%)
/home/travis/build/icyphy/ptII/ptolemy/actor/lib/test/AddSubtract.tcl
9 ms. Memory: 129024K Free: 87479K (68%)
5 ms. Memory: 129024K Free: 86984K (67%)
9 ms. Memory: 129024K Free: 85960K (67%)
15 ms. Memory: 129024K Free: 85431K (66%)
70 ms. Memory: 129024K Free: 82374K (64%)
5 ms. Memory: 129024K Free: 81335K (63%)
/home/travis/build/icyphy/ptII/ptolemy/actor/lib/test/Average.tcl
7 ms. Memory: 129024K Free: 79816K (62%)
6 ms. Memory: 129024K Free: 78792K (61%)
/home/travis/build/icyphy/ptII/ptolemy/actor/lib/test/Bernoulli.tcl
4 ms. Memory: 129024K Free: 77247K (60%)
2 ms. Memory: 129024K Free: 76744K (59%)
/home/travis/build/icyphy/ptII/ptolemy/actor/lib/test/Clock.tcl
preinitializing
resolving types
initializing
executing number 1
wrapping up
idle
26 ms. Memory: 129024K Free: 74182K (57%)
Completed execution with 5 iterations
preinitializing
resolving types
initializing
executing number 1
wrapping up
idle
10 ms. Memory: 129024K Free: 73143K (57%)
Completed execution with 5 iterations
preinitializing
resolving types
initializing
executing number 1
wrapping up
idle
11 ms. Memory: 129024K Free: 72648K (56%)
Completed execution with 5 iterations
/home/travis/build/icyphy/ptII/ptolemy/actor/lib/test/Commutator.tcl
12 ms. Memory: 129024K Free: 70600K (55%)
13 ms. Memory: 129024K Free: 69576K (54%)
12 ms. Memory: 129024K Free: 63927K (50%)
/home/travis/build/icyphy/ptII/ptolemy/actor/lib/test/Const.tcl
13 ms. Memory: 129024K Free: 62408K (48%)
5 ms. Memory: 129024K Free: 61879K (48%)
6 ms. Memory: 129024K Free: 61384K (48%)
6 ms. Memory: 129024K Free: 60870K (47%)
2 ms. Memory: 129024K Free: 60360K (47%)
20 ms. Memory: 129024K Free: 58312K (45%)
12 ms. Memory: 129024K Free: 57288K (44%)
3 ms. Memory: 129024K Free: 56767K (44%)
/home/travis/build/icyphy/ptII/ptolemy/actor/lib/test/CurrentTime.tcl
preinitializing
resolving types
initializing
executing number 1
wrapping up
idle
14 ms. Memory: 129024K Free: 54711K (42%)
Completed execution with 11 iterations
/home/travis/build/icyphy/ptII/ptolemy/actor/lib/test/DB.tcl
8 ms. Memory: 129024K Free: 53192K (41%)
3 ms. Memory: 129024K Free: 52168K (40%)
2 ms. Memory: 129024K Free: 52168K (40%)
/home/travis/build/icyphy/ptII/ptolemy/actor/lib/test/DiscreteRandomSource.tcl
preinitializing
resolving types
initializing
executing number 1
wrapping up
idle
4 ms. Memory: 129024K Free: 50615K (39%)
Completed execution with 4 iterations
preinitializing
resolving types
initializing
executing number 1
wrapping up
idle
2 ms. Memory: 129024K Free: 50120K (39%)
Completed execution with 4 iterations
preinitializing
resolving types
initializing
executing number 1
wrapping up
idle
4 ms. Memory: 129024K Free: 49591K (38%)
Completed execution with 4 iterations
preinitializing
resolving types
initializing
executing number 1
wrapping up
idle
12 ms. Memory: 129024K Free: 49096K (38%)
Completed execution with 4 iterations
preinitializing
resolving types
initializing
executing number 1
wrapping up
idle
3 ms. Memory: 129024K Free: 48567K (38%)
Completed execution with 4 iterations
/home/travis/build/icyphy/ptII/ptolemy/actor/lib/test/Distributor.tcl
26 ms. Memory: 129024K Free: 113749K (88%)
7 ms. Memory: 129024K Free: 113088K (88%)
StreamChangeRequest.changeExecuted(): <deleteEntity name="rec2"/> succeeded
StreamChangeRequest.changeExecuted(): <deleteRelation name="r2"/> succeeded
StreamChangeRequest.changeExecuted(): Record firings per iteration succeeded
9 ms. Memory: 129024K Free: 110677K (86%)
/home/travis/build/icyphy/ptII/ptolemy/actor/lib/test/Exit.tcl
Exit.tcl: this will print a message about Manager.exitAfterWrapup, which can be ignored.
8 ms. Memory: 129024K Free: 107645K (83%)
/home/travis/build/icyphy/ptII/ptolemy/actor/lib/test/Expression.tcl
16 ms. Memory: 129024K Free: 103532K (80%)
4 ms. Memory: 129024K Free: 103008K (80%)
4 ms. Memory: 129024K Free: 102453K (79%)
preinitializing
resolving types
initializing
executing number 1
wrapping up
idle
8 ms. Memory: 129024K Free: 100960K (78%)
Completed execution with 6 iterations
7 ms. Memory: 129024K Free: 99935K (77%)
2 ms. Memory: 129024K Free: 98896K (77%)
9 ms. Memory: 129024K Free: 97888K (76%)
5 ms. Memory: 129024K Free: 96856K (75%)
4 ms. Memory: 129024K Free: 95356K (74%)
/home/travis/build/icyphy/ptII/ptolemy/actor/lib/test/Gaussian.tcl
5 ms. Memory: 129024K Free: 93776K (73%)
sleeping 1 seconds: .............................................................................................................................................................................................................................................................................................................................................................................................................................................................................................................................................................................................................................................................................................................................................................................................................................................................................................................................................................................................................................................................................................................................................................................................................................................................................................................................................................................................................................................................................................................................................................................................................................................................................................................................................................................................................................................................................................................................................................................................................................................................................................................................................................................................................................................................................................................................................................................................................................................................................................................................................................................................................................................................................................................................................................................................................................................................................................................................................................................................................................................................................................................................................................................................................................................................................................................................................................................................................................................................................................................................................................................................................................................................................................................................................................................................................................................................................................................................................................................................................................................................................................................................................................................................................................................................................................................................................................................................................................................................................................................................................................................................................................................................................................................................................................................................................................................................................................................................................................................................................................................................................................................................................................................................................................................................................................................................................................................................................................................................................................................................................................................................................................................................................................................................................................................................................................................................................................................................................................................................................................................................................................................................................................................................................................................................................................................................................................................................................................................................................................................................................................................................................................................................................................................................................................................................................................................................................................................................................................................................................................................................................................................................................................................................................................................................................................................................................................................................................................................................................................................................................................................................................................................................................................................................................................................................................................................................................................................................................................................................................................................................................................................................................................................................................................................................................................................................................................................................................................................................................................................................................................................................................................................................................................................................................................................................................................................................................................................................................................................................................................................................................................................................................................................................................................................................................................................................................................................................................................................................................................................................................................................................................................................................................................................................................................................................................................................................................................................................................................................................................................................................................................................................................................................................................................................................................................................................2 ms. Memory: 129024K Free: 112845K (87%)
2 ms. Memory: 129024K Free: 111821K (87%)
1 ms. Memory: 129024K Free: 111307K (86%)
5 ms. Memory: 129024K Free: 110797K (86%)
2 ms. Memory: 129024K Free: 110269K (85%)
/home/travis/build/icyphy/ptII/ptolemy/actor/lib/test/IIR.tcl
/home/travis/build/icyphy/ptII/ptolemy/actor/lib/test/Interpolator.tcl
3 ms. Memory: 129024K Free: 106173K (82%)
2 ms. Memory: 129024K Free: 105677K (82%)
2 ms. Memory: 129024K Free: 105163K (82%)
3 ms. Memory: 129024K Free: 104653K (81%)
6 ms. Memory: 129024K Free: 103629K (80%)
3 ms. Memory: 129024K Free: 103115K (80%)
2 ms. Memory: 129024K Free: 102077K (79%)
2 ms. Memory: 129024K Free: 101061K (78%)
9 ms. Memory: 129024K Free: 100037K (78%)
1 ms. Memory: 129024K Free: 99533K (77%)
/home/travis/build/icyphy/ptII/ptolemy/actor/lib/test/MathFunction.tcl
5 ms. Memory: 129024K Free: 96971K (75%)
2 ms. Memory: 129024K Free: 95917K (74%)
2 ms. Memory: 129024K Free: 94917K (74%)
9 ms. Memory: 129024K Free: 94413K (73%)
3 ms. Memory: 129024K Free: 92869K (72%)
5 ms. Memory: 129024K Free: 90317K (70%)
/home/travis/build/icyphy/ptII/ptolemy/actor/lib/test/Maximum.tcl
3 ms. Memory: 129024K Free: 88765K (69%)
1 ms. Memory: 129024K Free: 87755K (68%)
2 ms. Memory: 129024K Free: 87245K (68%)
2 ms. Memory: 129024K Free: 86725K (67%)
/home/travis/build/icyphy/ptII/ptolemy/actor/lib/test/Minimum.tcl
2 ms. Memory: 129024K Free: 84683K (66%)
2 ms. Memory: 129024K Free: 84173K (65%)
1 ms. Memory: 129024K Free: 83659K (65%)
2 ms. Memory: 129024K Free: 83149K (64%)
/home/travis/build/icyphy/ptII/ptolemy/actor/lib/test/MultiplyDivide.tcl
3 ms. Memory: 129024K Free: 81101K (63%)
2 ms. Memory: 129024K Free: 80077K (62%)
2 ms. Memory: 129024K Free: 79549K (62%)
2 ms. Memory: 129024K Free: 79053K (61%)
2 ms. Memory: 129024K Free: 78029K (60%)
/home/travis/build/icyphy/ptII/ptolemy/actor/lib/test/OrderedMerge.tcl
Connections changed on port: inputA
Connections changed on port: inputB
Connections changed on port: output
Connections changed on port: output
Connections changed on port: output
Connections changed on port: input
.top. Preinitializing ...
Invoking preinitialize():  .top.OrderedMerge
Called preinitialize()
Invoking preinitialize():  .top.Ramp
Called preinitialize()
Invoking preinitialize():  .top.Ramp2
Called preinitialize()
Invoking preinitialize():  .top.Test
Called preinitialize()
Connections changed on port: inputA
Connections changed on port: output
Connections changed on port: output
Connections changed on port: input
Connections changed on port: inputB
Connections changed on port: output
.top. Finished preinitialize().
Called initialize().
Invoking initialize():  .top.OrderedMerge
Initializing actor: .top.OrderedMerge
Adding a thread: .top.OrderedMerge
Invoking initialize():  .top.Ramp
Initializing actor: .top.Ramp
Adding a thread: .top.Ramp
Invoking initialize():  .top.Ramp2
Initializing actor: .top.Ramp2
Adding a thread: .top.Ramp2
Invoking initialize():  .top.Test
Initializing actor: .top.Test
Adding a thread: .top.Test
Called fire().
Checking for deadlock:
-- Starting thread.
Called initialize()
Called prefire()
Called fire()
-- Starting thread.
Called initialize()
-- Starting thread.
Called initialize()
-- Starting thread.
Called prefire()
Called prefire()
Called initialize()
Called fire()
Called fire()
Called prefire()
Called fire()
There are 0 Blocked actors, 0 Stopped actors, and 4 active threads.
Waiting for actors to stop.
Called postfire()
Called postfire()
Called prefire()
Called prefire()
Called fire()
Called fire()
Read input token from inputA with value 0.0
Next port to read input from is inputB
Called postfire()
Called prefire()
Called fire()
Checking for deadlock:
There are 2 Blocked actors, 0 Stopped actors, and 4 active threads.
Waiting for actors to stop.
Read input token from inputB with value 0.0
Called postfire()
Called prefire()
Called fire()
Sent output token with value 0.0
Checking for deadlock:
There are 1 Blocked actors, 0 Stopped actors, and 4 active threads.
Waiting for actors to stop.
Called postfire()
Called prefire()
Called fire()
Checking for deadlock:
There are 2 Blocked actors, 0 Stopped actors, and 4 active threads.
Waiting for actors to stop.
Next port to read input from is inputA
Called postfire()
Called prefire()
Called fire()
Read input token from inputA with value 1.0
Sent output token with value 0.0
Next port to read input from is inputB
Called postfire()
Called prefire()
Called fire()
-- Read input: 0.0, which is expected to match: 0.0
Read input token from inputB with value 1.5
Called prefire()
Called fire()
-- Read input: 0.0, which is expected to match: 0.0
Called prefire()
Called fire()
Called postfire()
Called prefire()
Called fire()
Sent output token with value 1.0
Next port to read input from is inputA
Called postfire()
Called prefire()
Called fire()
Read input token from inputA with value 2.0
Checking for deadlock:
There are 1 Blocked actors, 0 Stopped actors, and 4 active threads.
Waiting for actors to stop.
Called postfire()
Called postfire()
Called prefire()
Called fire()
-- Read input: 1.0, which is expected to match: 1.0
Called prefire()
Called fire()
Called prefire()
Called fire()
Checking for deadlock:
There are 2 Blocked actors, 0 Stopped actors, and 4 active threads.
Waiting for actors to stop.
Sent output token with value 1.5
Next port to read input from is inputB
Called postfire()
-- Read input: 1.5, which is expected to match: 1.5
Called prefire()
Called fire()
Called prefire()
Called fire()
Called postfire()
Called prefire()
Called fire()
Checking for deadlock:
There are 3 Blocked actors, 0 Stopped actors, and 4 active threads.
Waiting for actors to stop.
Read input token from inputB with value 3.0
Sent output token with value 2.0
-- Read input: 2.0, which is expected to match: 2.0
Called prefire()
Called fire()
Next port to read input from is inputA
Called postfire()
Called prefire()
Called fire()
Read input token from inputA with value 3.0
Sent output token with value 3.0
Next port to read input from is inputB
Called postfire()
Called prefire()
Called fire()
Read input token from inputB with value 4.5
Checking for deadlock:
There are 1 Blocked actors, 0 Stopped actors, and 4 active threads.
Waiting for actors to stop.
Called postfire()
Called prefire()
Called fire()
-- Read input: 3.0, which is expected to match: 3.0
Called prefire()
Called fire()
Called postfire()
Called prefire()
Called fire()
Checking for deadlock:
There are 3 Blocked actors, 0 Stopped actors, and 4 active threads.
Waiting for actors to stop.
-- Read input: 3.0, which is expected to match: 3.0
Called prefire()
Called fire()
Checking for deadlock:
There are 3 Blocked actors, 0 Stopped actors, and 4 active threads.
Waiting for actors to stop.
Sent output token with value 3.0
Next port to read input from is inputA
Called postfire()
Called prefire()
Called fire()
Checking for deadlock:
Called postfire()
There are 2 Blocked actors, 0 Stopped actors, and 4 active threads.
Waiting for actors to stop.
Called prefire()
Called fire()
Read input token from inputA with value 4.0
Checking for deadlock:
There are 3 Blocked actors, 0 Stopped actors, and 4 active threads.
Waiting for actors to stop.
Checking for deadlock:
There are 2 Blocked actors, 0 Stopped actors, and 4 active threads.
Waiting for actors to stop.
-- Read input: 4.0, which is expected to match: 4.0
Called prefire()
Called fire()
Past the end of training data. Read and discard all inputs.
Checking for deadlock:
There are 3 Blocked actors, 0 Stopped actors, and 4 active threads.
Waiting for actors to stop.
Sent output token with value 4.0
Next port to read input from is inputA
Called postfire()
Called prefire()
Called fire()
Checking for deadlock:
There are 2 Blocked actors, 0 Stopped actors, and 4 active threads.
Waiting for actors to stop.
Called postfire()
Called prefire()
Called fire()
Read input token from inputA with value 5.0
Checking for deadlock:
There are 3 Blocked actors, 0 Stopped actors, and 4 active threads.
Waiting for actors to stop.
Checking for deadlock:
There are 2 Blocked actors, 0 Stopped actors, and 4 active threads.
Waiting for actors to stop.
Called prefire()
Called fire()
Past the end of training data. Read and discard all inputs.
Checking for deadlock:
There are 3 Blocked actors, 0 Stopped actors, and 4 active threads.
Waiting for actors to stop.
Sent output token with value 4.5
Next port to read input from is inputB
Called postfire()
Called prefire()
Called fire()
Called postfire()
Called prefire()
Called fire()
Checking for deadlock:
There are 3 Blocked actors, 0 Stopped actors, and 4 active threads.
Waiting for actors to stop.
Read input token from inputB with value 6.0
Called prefire()
Called fire()
Past the end of training data. Read and discard all inputs.
Checking for deadlock:
There are 3 Blocked actors, 0 Stopped actors, and 4 active threads.
Waiting for actors to stop.
Sent output token with value 5.0
Next port to read input from is inputA
Called postfire()
Called prefire()
Called fire()
Checking for deadlock:
Called postfire()
There are 2 Blocked actors, 0 Stopped actors, and 4 active threads.
Waiting for actors to stop.
Called prefire()
Called fire()
Read input token from inputA with value 6.0
Checking for deadlock:
There are 3 Blocked actors, 0 Stopped actors, and 4 active threads.
Waiting for actors to stop.
Checking for deadlock:
There are 2 Blocked actors, 0 Stopped actors, and 4 active threads.
Waiting for actors to stop.
Called prefire()
Called fire()
Past the end of training data. Read and discard all inputs.
Checking for deadlock:
There are 3 Blocked actors, 0 Stopped actors, and 4 active threads.
Waiting for actors to stop.
Sent output token with value 6.0
Next port to read input from is inputB
Called postfire()
Called prefire()
Called fire()
Checking for deadlock:
There are 2 Blocked actors, 0 Stopped actors, and 4 active threads.
Waiting for actors to stop.
Called postfire()
Called prefire()
Called fire()
Checking for deadlock:
There are 3 Blocked actors, 0 Stopped actors, and 4 active threads.
Waiting for actors to stop.
Read input token from inputB with value 7.5
Checking for deadlock:
There are 2 Blocked actors, 0 Stopped actors, and 4 active threads.
Waiting for actors to stop.
Called prefire()
Called fire()
Past the end of training data. Read and discard all inputs.
Checking for deadlock:
There are 3 Blocked actors, 0 Stopped actors, and 4 active threads.
Waiting for actors to stop.
Sent output token with value 6.0
Next port to read input from is inputA
Called postfire()
Called prefire()
Called fire()
Checking for deadlock:
There are 2 Blocked actors, 0 Stopped actors, and 4 active threads.
Waiting for actors to stop.
Called postfire()
Read input token from inputA with value 7.0
Called prefire()
Called fire()
Called prefire()
Called fire()
Past the end of training data. Read and discard all inputs.
Checking for deadlock:
There are 3 Blocked actors, 0 Stopped actors, and 4 active threads.
Waiting for actors to stop.
Sent output token with value 7.0
Next port to read input from is inputA
Called postfire()
Called prefire()
Called fire()
Checking for deadlock:
There are 2 Blocked actors, 0 Stopped actors, and 4 active threads.
Waiting for actors to stop.
-- Thread wrapup() called.
Read input token from inputA with value 8.0
Called wrapup()
Thread .top.Ramp is exiting.
-- Thread stopped.
Checking for deadlock:
There are 2 Blocked actors, 0 Stopped actors, and 3 active threads.
Waiting for actors to stop.
Called prefire()
Called fire()
Past the end of training data. Read and discard all inputs.
Checking for deadlock:
There are 2 Blocked actors, 0 Stopped actors, and 3 active threads.
Waiting for actors to stop.
Sent output token with value 7.5
Next port to read input from is inputB
Called postfire()
Called prefire()
Called fire()
Called postfire()
Called prefire()
Called fire()
Checking for deadlock:
There are 2 Blocked actors, 0 Stopped actors, and 3 active threads.
Waiting for actors to stop.
Read input token from inputB with value 9.0
Called prefire()
Called fire()
Past the end of training data. Read and discard all inputs.
Checking for deadlock:
There are 2 Blocked actors, 0 Stopped actors, and 3 active threads.
Waiting for actors to stop.
Sent output token with value 8.0
Next port to read input from is inputA
Called postfire()
Called prefire()
Called fire()
Read input token from inputA with value 9.0
Called prefire()
Called fire()
Past the end of training data. Read and discard all inputs.
Checking for deadlock:
There are 2 Blocked actors, 0 Stopped actors, and 3 active threads.
Waiting for actors to stop.
Sent output token with value 9.0
Next port to read input from is inputB
Called postfire()
Called prefire()
Called fire()
Checking for deadlock:
There are 1 Blocked actors, 0 Stopped actors, and 3 active threads.
Waiting for actors to stop.
Called postfire()
Called prefire()
Called fire()
Checking for deadlock:
There are 2 Blocked actors, 0 Stopped actors, and 3 active threads.
Waiting for actors to stop.
Read input token from inputB with value 10.5
Checking for deadlock:
There are 1 Blocked actors, 0 Stopped actors, and 3 active threads.
Waiting for actors to stop.
Called prefire()
Called fire()
Past the end of training data. Read and discard all inputs.
Checking for deadlock:
There are 2 Blocked actors, 0 Stopped actors, and 3 active threads.
Waiting for actors to stop.
Sent output token with value 9.0
Next port to read input from is inputA
Called postfire()
Called prefire()
Called fire()
Checking for deadlock:
There are 3 Blocked actors, 0 Stopped actors, and 3 active threads.
Actors have stopped.
Checking for deadlock:
There are 3 Blocked actors, 0 Stopped actors, and 3 active threads.
Deadlock detected.
Resolving Deadlock
Checking for deadlock:
There are 3 Blocked actors, 0 Stopped actors, and 3 active threads.
Artificial Deadlock - increasing queue capacity.
increasing the capacity of receiver ptolemy.actor.TypedIOPort {.top.OrderedMerge.inputB} to 2
-- Thread wrapup() called.
Called wrapup()
Thread .top.Ramp2 is exiting.
-- Thread stopped.
Director: Called postfire().
Called postfire().
_stopRequested = false
_stopFireRequested = false
Returning from postfire(): true
Called fire().
Checking for deadlock:
There are 2 Blocked actors, 0 Stopped actors, and 2 active threads.
Actors have stopped.
Checking for deadlock:
There are 2 Blocked actors, 0 Stopped actors, and 2 active threads.
Deadlock detected.
Resolving Deadlock
Checking for deadlock:
There are 2 Blocked actors, 0 Stopped actors, and 2 active threads.
Deadlock detected: no processes blocked on write, but some are blocked on read.
Called postfire().
_stopRequested = false
_stopFireRequested = false
Returning from postfire(): false
Finished deactivating branches.
Called wrapup().
-- Thread wrapup() called.
Called wrapup()
Thread .top.Test is exiting.
-- Thread stopped.
-- Blocked Receiver call threw TerminateProcessException.
-- Thread wrapup() called.
Called wrapup()
Thread .top.OrderedMerge is exiting.
-- Thread stopped.
-- Blocked Receiver call threw TerminateProcessException.
72 ms. Memory: 129024K Free: 72909K (57%)
.top. Preinitializing ...
Invoking preinitialize():  .top.OrderedMerge
Called preinitialize()
Invoking preinitialize():  .top.Ramp
Called preinitialize()
Invoking preinitialize():  .top.Ramp2
Called preinitialize()
Invoking preinitialize():  .top.Test
Called preinitialize()
.top. Finished preinitialize().
Called initialize().
Invoking initialize():  .top.OrderedMerge
Initializing actor: .top.OrderedMerge
Adding a thread: .top.OrderedMerge
Invoking initialize():  .top.Ramp
Initializing actor: .top.Ramp
Adding a thread: .top.Ramp
Invoking initialize():  .top.Ramp2
Initializing actor: .top.Ramp2
Adding a thread: .top.Ramp2
Invoking initialize():  .top.Test
Initializing actor: .top.Test
Adding a thread: .top.Test
-- Starting thread.
Called initialize()
Called prefire()
Called fire()
-- Starting thread.
Called initialize()
Called prefire()
Called fire()
Called postfire()
Called prefire()
Called fire()
-- Starting thread.
Called initialize()
Called prefire()
Called fire()
Called postfire()
Called prefire()
Called fire()
Called fire().
Checking for deadlock:
There are 3 Blocked actors, 0 Stopped actors, and 4 active threads.
Waiting for actors to stop.
-- Starting thread.
Called initialize()
Called prefire()
Called fire()
Checking for deadlock:
There are 2 Blocked actors, 0 Stopped actors, and 4 active threads.
Waiting for actors to stop.
Read input token from inputA with value 0.0
Next port to read input from is inputB
Called postfire()
Called prefire()
Called fire()
Read input token from inputB with value 0.0
Sent output token with value 0.0
Next port to read input from is inputA
Called postfire()
Called prefire()
Called fire()
Called postfire()
Called prefire()
Called fire()
Read input token from inputA with value 1.0
Sent output token with value 0.0
-- Read input: 0.0, which is expected to match: 0.0
Called prefire()
Called fire()
Next port to read input from is inputB
Called postfire()
Called prefire()
Called fire()
-- Read input: 0.0, which is expected to match: 0.0
Called prefire()
Called fire()
Checking for deadlock:
There are 1 Blocked actors, 0 Stopped actors, and 4 active threads.
Waiting for actors to stop.
Read input token from inputB with value 1.5
Checking for deadlock:
There are 0 Blocked actors, 0 Stopped actors, and 4 active threads.
Waiting for actors to stop.
-- Read input: 1.0, which is expected to match: 1.0
Called prefire()
Called fire()
Checking for deadlock:
There are 1 Blocked actors, 0 Stopped actors, and 4 active threads.
Waiting for actors to stop.
Sent output token with value 1.0
Next port to read input from is inputA
Called postfire()
Called prefire()
Called fire()
Read input token from inputA with value 2.0
-- Read input: 1.5, which is expected to match: 1.5
Called prefire()
Called fire()
Checking for deadlock:
There are 1 Blocked actors, 0 Stopped actors, and 4 active threads.
Waiting for actors to stop.
Sent output token with value 1.5
Next port to read input from is inputB
Called postfire()
Called prefire()
Called fire()
Checking for deadlock:
There are 2 Blocked actors, 0 Stopped actors, and 4 active threads.
Waiting for actors to stop.
Called postfire()
Called prefire()
Called fire()
Called postfire()
Called prefire()
Called fire()
Called postfire()
Called prefire()
Called fire()
Called postfire()
Called prefire()
Called fire()
Checking for deadlock:
There are 3 Blocked actors, 0 Stopped actors, and 4 active threads.
Waiting for actors to stop.
Called postfire()
Called prefire()
Called fire()
Checking for deadlock:
There are 2 Blocked actors, 0 Stopped actors, and 4 active threads.
Read input token from inputB with value 3.0
Waiting for actors to stop.
Checking for deadlock:
There are 2 Blocked actors, 0 Stopped actors, and 4 active threads.
Sent output token with value 2.0
Next port to read input from is inputA
Called postfire()
Called prefire()
Called fire()
Waiting for actors to stop.
-- Read input: 2.0, which is expected to match: 2.0
Called prefire()
Called fire()
Checking for deadlock:
There are 2 Blocked actors, 0 Stopped actors, and 4 active threads.
Waiting for actors to stop.
Called postfire()
Called prefire()
Called fire()
Read input token from inputA with value 3.0
Sent output token with value 3.0
Next port to read input from is inputB
Called postfire()
Called prefire()
Called fire()
Read input token from inputB with value 4.5
Called postfire()
Called prefire()
Called fire()
Checking for deadlock:
There are 3 Blocked actors, 0 Stopped actors, and 4 active threads.
Waiting for actors to stop.
-- Read input: 3.0, which is expected to match: 3.0
Called prefire()
Called fire()
Checking for deadlock:
There are 3 Blocked actors, 0 Stopped actors, and 4 active threads.
Waiting for actors to stop.
Checking for deadlock:
There are 2 Blocked actors, 0 Stopped actors, and 4 active threads.
-- Read input: 3.0, which is expected to match: 3.0
Waiting for actors to stop.
Called prefire()
Called fire()
Checking for deadlock:
Sent output token with value 3.0
There are 3 Blocked actors, 0 Stopped actors, and 4 active threads.
Waiting for actors to stop.
Next port to read input from is inputA
Called postfire()
Called prefire()
Called fire()
Checking for deadlock:
There are 2 Blocked actors, 0 Stopped actors, and 4 active threads.
Waiting for actors to stop.
Read input token from inputA with value 4.0
Sent output token with value 4.0
Called postfire()
Called prefire()
Called fire()
Checking for deadlock:
There are 2 Blocked actors, 0 Stopped actors, and 4 active threads.
Waiting for actors to stop.
-- Read input: 4.0, which is expected to match: 4.0
Called prefire()
Called fire()
Past the end of training data. Read and discard all inputs.
Next port to read input from is inputA
Called postfire()
Called prefire()
Called fire()
Read input token from inputA with value 5.0
Sent output token with value 4.5
Next port to read input from is inputB
Called postfire()
Called prefire()
Called fire()
Read input token from inputB with value 6.0
Called postfire()
Checking for deadlock:
There are 0 Blocked actors, 0 Stopped actors, and 4 active threads.
Waiting for actors to stop.
Called prefire()
Called fire()
Called postfire()
Past the end of training data. Read and discard all inputs.
Called prefire()
Called fire()
Called prefire()
Sent output token with value 5.0
Called fire()
Next port to read input from is inputA
Called postfire()
Called prefire()
Called fire()
Read input token from inputA with value 6.0
Checking for deadlock:
There are 2 Blocked actors, 0 Stopped actors, and 4 active threads.
Waiting for actors to stop.
Called postfire()
Called prefire()
Called fire()
Called prefire()
Called fire()
Checking for deadlock:
Past the end of training data. Read and discard all inputs.
There are 2 Blocked actors, 0 Stopped actors, and 4 active threads.
Waiting for actors to stop.
Called prefire()
Called fire()
Past the end of training data. Read and discard all inputs.
Sent output token with value 6.0
Checking for deadlock:
There are 3 Blocked actors, 0 Stopped actors, and 4 active threads.
Waiting for actors to stop.
Next port to read input from is inputB
Called postfire()
Called prefire()
Called fire()
Read input token from inputB with value 7.5
Sent output token with value 6.0
Next port to read input from is inputA
Called postfire()
Called prefire()
Called fire()
Read input token from inputA with value 7.0
Called prefire()
Called postfire()
Called prefire()
Called fire()
Checking for deadlock:
There are 0 Blocked actors, 0 Stopped actors, and 4 active threads.
Waiting for actors to stop.
Called fire()
Past the end of training data. Read and discard all inputs.
Called postfire()
Called prefire()
Called fire()
Checking for deadlock:
There are 3 Blocked actors, 0 Stopped actors, and 4 active threads.
Waiting for actors to stop.
Sent output token with value 7.0
Next port to read input from is inputA
Called postfire()
Called prefire()
Called fire()
Read input token from inputA with value 8.0
Checking for deadlock:
Called prefire()
There are 1 Blocked actors, 0 Stopped actors, and 4 active threads.
Waiting for actors to stop.
Called fire()
Past the end of training data. Read and discard all inputs.
-- Thread wrapup() called.
Called wrapup()
Thread .top.Ramp is exiting.
Sent output token with value 7.5
-- Thread stopped.
Next port to read input from is inputB
Called postfire()
Called prefire()
Called fire()
Read input token from inputB with value 9.0
Called postfire()
Called prefire()
Called fire()
Checking for deadlock:
There are 2 Blocked actors, 0 Stopped actors, and 3 active threads.
Waiting for actors to stop.
Called prefire()
Called fire()
Past the end of training data. Read and discard all inputs.
Checking for deadlock:
There are 2 Blocked actors, 0 Stopped actors, and 3 active threads.
Waiting for actors to stop.
Checking for deadlock:
Sent output token with value 8.0
There are 1 Blocked actors, 0 Stopped actors, and 3 active threads.
Waiting for actors to stop.
Next port to read input from is inputA
Called postfire()
Called prefire()
Called fire()
Called prefire()
Past the end of training data. Read and discard all inputs.
Called fire()
Checking for deadlock:
Read input token from inputA with value 9.0
There are 2 Blocked actors, 0 Stopped actors, and 3 active threads.
Waiting for actors to stop.
Called prefire()
Called fire()
Checking for deadlock:
There are 1 Blocked actors, 0 Stopped actors, and 3 active threads.
Waiting for actors to stop.
Sent output token with value 9.0
Past the end of training data. Read and discard all inputs.
Next port to read input from is inputB
Called postfire()
Called prefire()
Called fire()
Read input token from inputB with value 10.5
Sent output token with value 9.0
Next port to read input from is inputA
Called postfire()
Called prefire()
Called fire()
Checking for deadlock:
There are 1 Blocked actors, 0 Stopped actors, and 3 active threads.
Waiting for actors to stop.
Called prefire()
Called fire()
Past the end of training data. Read and discard all inputs.
Checking for deadlock:
There are 2 Blocked actors, 0 Stopped actors, and 3 active threads.
Waiting for actors to stop.
Called postfire()
Called prefire()
Called fire()
Checking for deadlock:
There are 3 Blocked actors, 0 Stopped actors, and 3 active threads.
Actors have stopped.
Checking for deadlock:
There are 3 Blocked actors, 0 Stopped actors, and 3 active threads.
Deadlock detected.
Resolving Deadlock
Checking for deadlock:
There are 3 Blocked actors, 0 Stopped actors, and 3 active threads.
Artificial Deadlock - increasing queue capacity.
increasing the capacity of receiver ptolemy.actor.TypedIOPort {.top.OrderedMerge.inputB} to 2
Director: Called postfire().
Called postfire().
-- Thread wrapup() called.
_stopRequested = false
Called wrapup()
_stopFireRequested = false
Returning from postfire(): true
Called fire().
Checking for deadlock:
There are 2 Blocked actors, 0 Stopped actors, and 3 active threads.
Waiting for actors to stop.
Thread .top.Ramp2 is exiting.
-- Thread stopped.
Checking for deadlock:
There are 2 Blocked actors, 0 Stopped actors, and 2 active threads.
Actors have stopped.
Checking for deadlock:
There are 2 Blocked actors, 0 Stopped actors, and 2 active threads.
Deadlock detected.
Resolving Deadlock
Checking for deadlock:
There are 2 Blocked actors, 0 Stopped actors, and 2 active threads.
Deadlock detected: no processes blocked on write, but some are blocked on read.
Called postfire().
_stopRequested = false
_stopFireRequested = false
Returning from postfire(): false
Finished deactivating branches.
Called wrapup().
-- Thread wrapup() called.
Called wrapup()
-- Thread wrapup() called.
Called wrapup()
Thread .top.OrderedMerge is exiting.
-- Thread stopped.
Thread .top.Test is exiting.
-- Blocked Receiver call threw TerminateProcessException.
-- Thread stopped.
-- Blocked Receiver call threw TerminateProcessException.
45 ms. Memory: 129024K Free: 70861K (55%)
/home/travis/build/icyphy/ptII/ptolemy/actor/lib/test/Publisher.tcl
16 ms. Memory: 129024K Free: 64717K (50%)
3 ms. Memory: 129024K Free: 107172K (83%)
2 ms. Memory: 129024K Free: 103590K (80%)
3 ms. Memory: 129024K Free: 102566K (79%)
3 ms. Memory: 129024K Free: 102046K (79%)
3 ms. Memory: 129024K Free: 101014K (78%)
2 ms. Memory: 129024K Free: 99990K (77%)
3 ms. Memory: 129024K Free: 99494K (77%)
40 ms. Memory: 129024K Free: 109498K (85%)
3 ms. Memory: 129024K Free: 105402K (82%)
1 ms. Memory: 129024K Free: 104882K (81%)
3 ms. Memory: 129024K Free: 102840K (80%)
5 ms. Memory: 129024K Free: 95162K (74%)
5 ms. Memory: 129024K Free: 85432K (66%)
22 ms. Memory: 129024K Free: 74682K (58%)
/home/travis/build/icyphy/ptII/ptolemy/actor/lib/test/Pulse.tcl
4 ms. Memory: 158720K Free: 121206K (76%)
8 ms. Memory: 158720K Free: 120662K (76%)
2 ms. Memory: 158720K Free: 120182K (76%)
6 ms. Memory: 158720K Free: 119668K (75%)
2 ms. Memory: 158720K Free: 119158K (75%)
6 ms. Memory: 158720K Free: 118134K (74%)
5 ms. Memory: 158720K Free: 117110K (74%)
2 ms. Memory: 158720K Free: 116086K (73%)
2 ms. Memory: 158720K Free: 115572K (73%)
/home/travis/build/icyphy/ptII/ptolemy/actor/lib/test/Ramp.tcl
7 ms. Memory: 158720K Free: 113510K (72%)
4 ms. Memory: 158720K Free: 113014K (71%)
3 ms. Memory: 158720K Free: 111990K (71%)
1 ms. Memory: 158720K Free: 111462K (70%)
4 ms. Memory: 158720K Free: 110452K (70%)
6 ms. Memory: 158720K Free: 109428K (69%)
4 ms. Memory: 158720K Free: 108918K (69%)
5 actors
4000 microseconds per iteration to create
10 ms. Memory: 158720K Free: 105846K (67%)
6 ms. Memory: 158720K Free: 105318K (66%)
1 ms. Memory: 158720K Free: 104822K (66%)
2 ms. Memory: 158720K Free: 104294K (66%)
50 actors
40000 microseconds per iteration to create
38 ms. Memory: 158720K Free: 88438K (56%)
4 ms. Memory: 158720K Free: 87414K (55%)
11 ms. Memory: 158720K Free: 86390K (54%)
3 ms. Memory: 158720K Free: 85366K (54%)
500 actors
1408000 microseconds per iteration to create
215 ms. Memory: 158720K Free: 67320K (42%)
35 ms. Memory: 158720K Free: 62230K (39%)
50 ms. Memory: 158720K Free: 132603K (84%)
30 ms. Memory: 158720K Free: 127013K (80%)
/home/travis/build/icyphy/ptII/ptolemy/actor/lib/test/RampContinuous.tcl
8 ms. Memory: 158720K Free: 125444K (79%)
/home/travis/build/icyphy/ptII/ptolemy/actor/lib/test/RecordAssembler.tcl
4 ms. Memory: 158720K Free: 123941K (78%)
3 ms. Memory: 158720K Free: 122917K (77%)
/home/travis/build/icyphy/ptII/ptolemy/actor/lib/test/RecordDisassembler.tcl
12 ms. Memory: 158720K Free: 121364K (76%)
4 ms. Memory: 158720K Free: 120869K (76%)
3 ms. Memory: 158720K Free: 119331K (75%)
/home/travis/build/icyphy/ptII/ptolemy/actor/lib/test/Scale.tcl
3 ms. Memory: 158720K Free: 117797K (74%)
1 ms. Memory: 158720K Free: 116773K (74%)
1 ms. Memory: 158720K Free: 116244K (73%)
1 ms. Memory: 158720K Free: 115228K (73%)
3 ms. Memory: 158720K Free: 114196K (72%)
/home/travis/build/icyphy/ptII/ptolemy/actor/lib/test/SequentialClock.tcl
preinitializing
resolving types
initializing
executing number 1
wrapping up
idle
2 ms. Memory: 158720K Free: 113172K (71%)
Completed execution with 5 iterations
preinitializing
resolving types
initializing
executing number 1
wrapping up
idle
1 ms. Memory: 158720K Free: 112677K (71%)
Completed execution with 5 iterations
preinitializing
resolving types
initializing
executing number 1
wrapping up
idle
1 ms. Memory: 158720K Free: 112163K (71%)
Completed execution with 5 iterations
/home/travis/build/icyphy/ptII/ptolemy/actor/lib/test/SetVariable.tcl
3 ms. Memory: 158720K Free: 110115K (69%)
/home/travis/build/icyphy/ptII/ptolemy/actor/lib/test/Sinewave.tcl
/home/travis/build/icyphy/ptII/ptolemy/actor/lib/test/SubscriptionAggregator.tcl
4 ms. Memory: 158720K Free: 98851K (62%)
2 ms. Memory: 158720K Free: 98341K (62%)
1 ms. Memory: 158720K Free: 97827K (62%)
1 ms. Memory: 158720K Free: 97317K (61%)
3 ms. Memory: 158720K Free: 93716K (59%)
7 ms. Memory: 158720K Free: 91683K (58%)
...............................................................909 ms. Memory: 269312K Free: 168107K (62%)
/home/travis/build/icyphy/ptII/ptolemy/actor/lib/test/Test.tcl
 The next command will produce a warning about training mode,
   which may be ignored.
6 ms. Memory: 269312K Free: 166057K (62%)
2 ms. Memory: 269312K Free: 165048K (61%)
1 ms. Memory: 269312K Free: 164538K (61%)
1 ms. Memory: 269312K Free: 163993K (61%)
3 ms. Memory: 269312K Free: 163514K (61%)
2 ms. Memory: 269312K Free: 161976K (60%)
3 ms. Memory: 269312K Free: 160921K (60%)
 The next command will produce a warning about training mode,
   which may be ignored.
4 ms. Memory: 269312K Free: 158394K (59%)
 The next command will produce a warning about training mode,
   which may be ignored.
2 ms. Memory: 269312K Free: 157370K (58%)
1 ms. Memory: 269312K Free: 156825K (58%)
2 ms. Memory: 269312K Free: 156346K (58%)
3 ms. Memory: 269312K Free: 155801K (58%)
6 ms. Memory: 269312K Free: 154808K (57%)
4 ms. Memory: 269312K Free: 150712K (56%)
/home/travis/build/icyphy/ptII/ptolemy/actor/lib/test/TestExceptionHandler.tcl
 The next command will produce a warning about training mode,
   which may be ignored.
3 ms. Memory: 269312K Free: 149673K (56%)
1 ms. Memory: 269312K Free: 149178K (55%)
1 ms. Memory: 269312K Free: 148649K (55%)
/home/travis/build/icyphy/ptII/ptolemy/actor/lib/test/UnionDisassembler.tcl
25 ms. Memory: 269312K Free: 141465K (53%)
/home/travis/build/icyphy/ptII/ptolemy/actor/lib/test/VariableClock.tcl
preinitializing
resolving types
initializing
executing number 1
wrapping up
idle
8 ms. Memory: 269312K Free: 139433K (52%)
Completed execution with 11 iterations
preinitializing
resolving types
initializing
executing number 1
wrapping up
idle
2 ms. Memory: 269312K Free: 137914K (51%)
Completed execution with 10 iterations
04/16/20 02:03:17
Failed: 0  Total Tests: 233  ((Passed: 233, Newly Passed: 0)  Known Failed: 0) /home/travis/build/icyphy/ptII/ptolemy/actor/lib/test
----------------- testing (KnownFailure) /home/travis/build/icyphy/ptII/ptolemy/actor/lib/test/auto/knownFailedTests/PublisherPortToplevelSubscriber.xml
0 ms. Memory: 269312K Free: 134842K (50%)
Known Failure: java.lang.reflect.InvocationTargetException
----------------- testing (KnownFailure) /home/travis/build/icyphy/ptII/ptolemy/actor/lib/test/auto/knownFailedTests/PublisherSubscriberPortToplevel.xml
1 ms. Memory: 269312K Free: 130746K (49%)
Known Failure: java.lang.reflect.InvocationTargetException
----------------- testing (KnownFailure) /home/travis/build/icyphy/ptII/ptolemy/actor/lib/test/auto/knownFailedTests/PublisherSubscriptionAggregatorPort.xml
0 ms. Memory: 269312K Free: 126650K (47%)
Known Failure: java.lang.reflect.InvocationTargetException
----------------- testing (KnownFailure) /home/travis/build/icyphy/ptII/ptolemy/actor/lib/test/auto/knownFailedTests/sizedarray3.xml
4 ms. Memory: 269312K Free: 122554K (46%)
Known Failure: java.lang.reflect.InvocationTargetException
No auto/linux-amd64/*.xml tests in /home/travis/build/icyphy/ptII/ptolemy/actor/lib/test
AutoTests.java: About to close Vertx.
AutoTests.java: Vertx closed.

===========================================================================================
----------------- testing Thu Apr 16 14:03:17 UTC 2020 /home/travis/build/icyphy/ptII/ptolemy/actor/lib/test/auto/AbsoluteValue.xml
----------------- Instantiating /home/travis/build/icyphy/ptII/ptolemy/actor/lib/test/auto/AbsoluteValue.xml
3 ms. Memory: 269312K Free: 100536K (37%)
----------------- Invoking toplevel() on ptolemy.moml.MoMLSimpleApplication@16180cf9
----------------- Done invoking toplevel() on ptolemy.moml.MoMLSimpleApplication@16180cf9
reloadAllAccessors: .AbsoluteValue

===========================================================================================
----------------- testing Thu Apr 16 14:03:17 UTC 2020 /home/travis/build/icyphy/ptII/ptolemy/actor/lib/test/auto/AbsoluteValue2.xml
----------------- Instantiating /home/travis/build/icyphy/ptII/ptolemy/actor/lib/test/auto/AbsoluteValue2.xml
6 ms. Memory: 269312K Free: 93368K (35%)
----------------- Invoking toplevel() on ptolemy.moml.MoMLSimpleApplication@57d3c4c8
----------------- Done invoking toplevel() on ptolemy.moml.MoMLSimpleApplication@57d3c4c8
reloadAllAccessors: .AbsoluteValue2

===========================================================================================
----------------- testing Thu Apr 16 14:03:17 UTC 2020 /home/travis/build/icyphy/ptII/ptolemy/actor/lib/test/auto/Accumulator.xml
----------------- Instantiating /home/travis/build/icyphy/ptII/ptolemy/actor/lib/test/auto/Accumulator.xml
5 ms. Memory: 269312K Free: 86714K (32%)
----------------- Invoking toplevel() on ptolemy.moml.MoMLSimpleApplication@7ec16961
----------------- Done invoking toplevel() on ptolemy.moml.MoMLSimpleApplication@7ec16961
reloadAllAccessors: .Accumulator

===========================================================================================
----------------- testing Thu Apr 16 14:03:18 UTC 2020 /home/travis/build/icyphy/ptII/ptolemy/actor/lib/test/auto/Accumulator2.xml
----------------- Instantiating /home/travis/build/icyphy/ptII/ptolemy/actor/lib/test/auto/Accumulator2.xml
80 ms. Memory: 269312K Free: 219230K (81%)
----------------- Invoking toplevel() on ptolemy.moml.MoMLSimpleApplication@7628c665
----------------- Done invoking toplevel() on ptolemy.moml.MoMLSimpleApplication@7628c665
reloadAllAccessors: .Accumulator2

===========================================================================================
----------------- testing Thu Apr 16 14:03:18 UTC 2020 /home/travis/build/icyphy/ptII/ptolemy/actor/lib/test/auto/Accumulator3.xml
----------------- Instantiating /home/travis/build/icyphy/ptII/ptolemy/actor/lib/test/auto/Accumulator3.xml
10 ms. Memory: 269312K Free: 214610K (80%)
----------------- Invoking toplevel() on ptolemy.moml.MoMLSimpleApplication@3449dcb7
----------------- Done invoking toplevel() on ptolemy.moml.MoMLSimpleApplication@3449dcb7
reloadAllAccessors: .Accumulator3

===========================================================================================
----------------- testing Thu Apr 16 14:03:18 UTC 2020 /home/travis/build/icyphy/ptII/ptolemy/actor/lib/test/auto/ArrayAppend.xml
----------------- Instantiating /home/travis/build/icyphy/ptII/ptolemy/actor/lib/test/auto/ArrayAppend.xml
6 ms. Memory: 269312K Free: 208466K (77%)
----------------- Invoking toplevel() on ptolemy.moml.MoMLSimpleApplication@38f7b24c
----------------- Done invoking toplevel() on ptolemy.moml.MoMLSimpleApplication@38f7b24c
reloadAllAccessors: .ArrayAppend

===========================================================================================
----------------- testing Thu Apr 16 14:03:18 UTC 2020 /home/travis/build/icyphy/ptII/ptolemy/actor/lib/test/auto/ArrayAppend2.xml
----------------- Instantiating /home/travis/build/icyphy/ptII/ptolemy/actor/lib/test/auto/ArrayAppend2.xml
256 ms. Memory: 269312K Free: 149584K (56%)
----------------- Invoking toplevel() on ptolemy.moml.MoMLSimpleApplication@1a9a8722
----------------- Done invoking toplevel() on ptolemy.moml.MoMLSimpleApplication@1a9a8722
reloadAllAccessors: .ArrayAppend2

===========================================================================================
----------------- testing Thu Apr 16 14:03:18 UTC 2020 /home/travis/build/icyphy/ptII/ptolemy/actor/lib/test/auto/ArrayAppend3.xml
----------------- Instantiating /home/travis/build/icyphy/ptII/ptolemy/actor/lib/test/auto/ArrayAppend3.xml
4 ms. Memory: 269312K Free: 143954K (53%)
----------------- Invoking toplevel() on ptolemy.moml.MoMLSimpleApplication@1cbb1d61
----------------- Done invoking toplevel() on ptolemy.moml.MoMLSimpleApplication@1cbb1d61
reloadAllAccessors: .ArrayAppend3

===========================================================================================
----------------- testing Thu Apr 16 14:03:18 UTC 2020 /home/travis/build/icyphy/ptII/ptolemy/actor/lib/test/auto/ArrayAppend4.xml
----------------- Instantiating /home/travis/build/icyphy/ptII/ptolemy/actor/lib/test/auto/ArrayAppend4.xml
2 ms. Memory: 269312K Free: 139344K (52%)
----------------- Invoking toplevel() on ptolemy.moml.MoMLSimpleApplication@266a0830
----------------- Done invoking toplevel() on ptolemy.moml.MoMLSimpleApplication@266a0830
reloadAllAccessors: .ArrayAppend4

===========================================================================================
----------------- testing Thu Apr 16 14:03:18 UTC 2020 /home/travis/build/icyphy/ptII/ptolemy/actor/lib/test/auto/ArrayAppend5.xml
----------------- Instantiating /home/travis/build/icyphy/ptII/ptolemy/actor/lib/test/auto/ArrayAppend5.xml
2 ms. Memory: 269312K Free: 134224K (50%)
----------------- Invoking toplevel() on ptolemy.moml.MoMLSimpleApplication@440241f0
----------------- Done invoking toplevel() on ptolemy.moml.MoMLSimpleApplication@440241f0
reloadAllAccessors: .ArrayAppend5

===========================================================================================
----------------- testing Thu Apr 16 14:03:18 UTC 2020 /home/travis/build/icyphy/ptII/ptolemy/actor/lib/test/auto/ArrayAppend6.xml
----------------- Instantiating /home/travis/build/icyphy/ptII/ptolemy/actor/lib/test/auto/ArrayAppend6.xml
2 ms. Memory: 269312K Free: 129104K (48%)
----------------- Invoking toplevel() on ptolemy.moml.MoMLSimpleApplication@362933b
----------------- Done invoking toplevel() on ptolemy.moml.MoMLSimpleApplication@362933b
reloadAllAccessors: .ArrayAppend6

===========================================================================================
----------------- testing Thu Apr 16 14:03:18 UTC 2020 /home/travis/build/icyphy/ptII/ptolemy/actor/lib/test/auto/ArrayAppendPerformanceTest.xml
----------------- Instantiating /home/travis/build/icyphy/ptII/ptolemy/actor/lib/test/auto/ArrayAppendPerformanceTest.xml
34 ms. Memory: 269312K Free: 118864K (44%)
----------------- Invoking toplevel() on ptolemy.moml.MoMLSimpleApplication@553ad5f9
----------------- Done invoking toplevel() on ptolemy.moml.MoMLSimpleApplication@553ad5f9
reloadAllAccessors: .ArrayAppendPerformanceTest

===========================================================================================
----------------- testing Thu Apr 16 14:03:18 UTC 2020 /home/travis/build/icyphy/ptII/ptolemy/actor/lib/test/auto/ArrayAppendWithEmptyInput.xml
----------------- Instantiating /home/travis/build/icyphy/ptII/ptolemy/actor/lib/test/auto/ArrayAppendWithEmptyInput.xml
7 ms. Memory: 269312K Free: 110672K (41%)
----------------- Invoking toplevel() on ptolemy.moml.MoMLSimpleApplication@15b0af77
----------------- Done invoking toplevel() on ptolemy.moml.MoMLSimpleApplication@15b0af77
reloadAllAccessors: .ArrayAppendWithEmptyInput

===========================================================================================
----------------- testing Thu Apr 16 14:03:18 UTC 2020 /home/travis/build/icyphy/ptII/ptolemy/actor/lib/test/auto/ArrayAverage.xml
----------------- Instantiating /home/travis/build/icyphy/ptII/ptolemy/actor/lib/test/auto/ArrayAverage.xml
4 ms. Memory: 269312K Free: 102994K (38%)
----------------- Invoking toplevel() on ptolemy.moml.MoMLSimpleApplication@21fa56cc
----------------- Done invoking toplevel() on ptolemy.moml.MoMLSimpleApplication@21fa56cc
reloadAllAccessors: .ArrayAverage

===========================================================================================
----------------- testing Thu Apr 16 14:03:18 UTC 2020 /home/travis/build/icyphy/ptII/ptolemy/actor/lib/test/auto/ArrayContains.xml
----------------- Instantiating /home/travis/build/icyphy/ptII/ptolemy/actor/lib/test/auto/ArrayContains.xml
7 ms. Memory: 269312K Free: 96850K (36%)
----------------- Invoking toplevel() on ptolemy.moml.MoMLSimpleApplication@3a3c984d
----------------- Done invoking toplevel() on ptolemy.moml.MoMLSimpleApplication@3a3c984d
reloadAllAccessors: .ArrayContains

===========================================================================================
----------------- testing Thu Apr 16 14:03:18 UTC 2020 /home/travis/build/icyphy/ptII/ptolemy/actor/lib/test/auto/ArrayElement.xml
----------------- Instantiating /home/travis/build/icyphy/ptII/ptolemy/actor/lib/test/auto/ArrayElement.xml
2 ms. Memory: 269312K Free: 91730K (34%)
----------------- Invoking toplevel() on ptolemy.moml.MoMLSimpleApplication@59ca8200
----------------- Done invoking toplevel() on ptolemy.moml.MoMLSimpleApplication@59ca8200
reloadAllAccessors: .ArrayElement

===========================================================================================
----------------- testing Thu Apr 16 14:03:18 UTC 2020 /home/travis/build/icyphy/ptII/ptolemy/actor/lib/test/auto/ArrayElementAsMatrix.xml
----------------- Instantiating /home/travis/build/icyphy/ptII/ptolemy/actor/lib/test/auto/ArrayElementAsMatrix.xml
16 ms. Memory: 269312K Free: 80976K (30%)
----------------- Invoking toplevel() on ptolemy.moml.MoMLSimpleApplication@6516027c
----------------- Done invoking toplevel() on ptolemy.moml.MoMLSimpleApplication@6516027c
reloadAllAccessors: .ArrayElementAsMatrix

===========================================================================================
----------------- testing Thu Apr 16 14:03:18 UTC 2020 /home/travis/build/icyphy/ptII/ptolemy/actor/lib/test/auto/ArrayElementI.xml
----------------- Instantiating /home/travis/build/icyphy/ptII/ptolemy/actor/lib/test/auto/ArrayElementI.xml
6 ms. Memory: 269312K Free: 218381K (81%)
----------------- Invoking toplevel() on ptolemy.moml.MoMLSimpleApplication@1c5bf9d6
----------------- Done invoking toplevel() on ptolemy.moml.MoMLSimpleApplication@1c5bf9d6
reloadAllAccessors: .ArrayElementI

===========================================================================================
----------------- testing Thu Apr 16 14:03:18 UTC 2020 /home/travis/build/icyphy/ptII/ptolemy/actor/lib/test/auto/ArrayExtract.xml
----------------- Instantiating /home/travis/build/icyphy/ptII/ptolemy/actor/lib/test/auto/ArrayExtract.xml
5 ms. Memory: 269312K Free: 209675K (78%)
----------------- Invoking toplevel() on ptolemy.moml.MoMLSimpleApplication@26baab4f
----------------- Done invoking toplevel() on ptolemy.moml.MoMLSimpleApplication@26baab4f
reloadAllAccessors: .ArrayExtract

===========================================================================================
----------------- testing Thu Apr 16 14:03:18 UTC 2020 /home/travis/build/icyphy/ptII/ptolemy/actor/lib/test/auto/ArrayExtract2.xml
----------------- Instantiating /home/travis/build/icyphy/ptII/ptolemy/actor/lib/test/auto/ArrayExtract2.xml
3 ms. Memory: 269312K Free: 204540K (76%)
----------------- Invoking toplevel() on ptolemy.moml.MoMLSimpleApplication@9979d50
----------------- Done invoking toplevel() on ptolemy.moml.MoMLSimpleApplication@9979d50
reloadAllAccessors: .ArrayExtract2

===========================================================================================
----------------- testing Thu Apr 16 14:03:18 UTC 2020 /home/travis/build/icyphy/ptII/ptolemy/actor/lib/test/auto/ArrayLength.xml
----------------- Instantiating /home/travis/build/icyphy/ptII/ptolemy/actor/lib/test/auto/ArrayLength.xml
1 ms. Memory: 269312K Free: 200459K (74%)
----------------- Invoking toplevel() on ptolemy.moml.MoMLSimpleApplication@1ee7a2c4
----------------- Done invoking toplevel() on ptolemy.moml.MoMLSimpleApplication@1ee7a2c4
reloadAllAccessors: .ArrayLength

===========================================================================================
----------------- testing Thu Apr 16 14:03:19 UTC 2020 /home/travis/build/icyphy/ptII/ptolemy/actor/lib/test/auto/ArrayLevelCrossing.xml
----------------- Instantiating /home/travis/build/icyphy/ptII/ptolemy/actor/lib/test/auto/ArrayLevelCrossing.xml
4 ms. Memory: 269312K Free: 192781K (72%)
----------------- Invoking toplevel() on ptolemy.moml.MoMLSimpleApplication@5c14f62f
----------------- Done invoking toplevel() on ptolemy.moml.MoMLSimpleApplication@5c14f62f
reloadAllAccessors: .ArrayLevelCrossing

===========================================================================================
----------------- testing Thu Apr 16 14:03:19 UTC 2020 /home/travis/build/icyphy/ptII/ptolemy/actor/lib/test/auto/ArrayLevelCrossing2.xml
----------------- Instantiating /home/travis/build/icyphy/ptII/ptolemy/actor/lib/test/auto/ArrayLevelCrossing2.xml
2 ms. Memory: 269312K Free: 185084K (69%)
----------------- Invoking toplevel() on ptolemy.moml.MoMLSimpleApplication@3ef00675
----------------- Done invoking toplevel() on ptolemy.moml.MoMLSimpleApplication@3ef00675
reloadAllAccessors: .ArrayLevelCrossing2

===========================================================================================
----------------- testing Thu Apr 16 14:03:19 UTC 2020 /home/travis/build/icyphy/ptII/ptolemy/actor/lib/test/auto/ArrayPeakSearch.xml
----------------- Instantiating /home/travis/build/icyphy/ptII/ptolemy/actor/lib/test/auto/ArrayPeakSearch.xml
6 ms. Memory: 269312K Free: 176397K (65%)
----------------- Invoking toplevel() on ptolemy.moml.MoMLSimpleApplication@68f457e0
----------------- Done invoking toplevel() on ptolemy.moml.MoMLSimpleApplication@68f457e0
reloadAllAccessors: .ArrayPeakSearch

===========================================================================================
----------------- testing Thu Apr 16 14:03:19 UTC 2020 /home/travis/build/icyphy/ptII/ptolemy/actor/lib/test/auto/ArrayPeakSearch2.xml
----------------- Instantiating /home/travis/build/icyphy/ptII/ptolemy/actor/lib/test/auto/ArrayPeakSearch2.xml
7 ms. Memory: 269312K Free: 165628K (62%)
----------------- Invoking toplevel() on ptolemy.moml.MoMLSimpleApplication@623e274f
----------------- Done invoking toplevel() on ptolemy.moml.MoMLSimpleApplication@623e274f
reloadAllAccessors: .ArrayPeakSearch2

===========================================================================================
----------------- testing Thu Apr 16 14:03:19 UTC 2020 /home/travis/build/icyphy/ptII/ptolemy/actor/lib/test/auto/ArrayPeakSearch3.xml
----------------- Instantiating /home/travis/build/icyphy/ptII/ptolemy/actor/lib/test/auto/ArrayPeakSearch3.xml
3 ms. Memory: 269312K Free: 156941K (58%)
----------------- Invoking toplevel() on ptolemy.moml.MoMLSimpleApplication@560b6c89
----------------- Done invoking toplevel() on ptolemy.moml.MoMLSimpleApplication@560b6c89
reloadAllAccessors: .ArrayPeakSearch3

===========================================================================================
----------------- testing Thu Apr 16 14:03:19 UTC 2020 /home/travis/build/icyphy/ptII/ptolemy/actor/lib/test/auto/ArrayRemoveElement.xml
----------------- Instantiating /home/travis/build/icyphy/ptII/ptolemy/actor/lib/test/auto/ArrayRemoveElement.xml
2 ms. Memory: 269312K Free: 148749K (55%)
----------------- Invoking toplevel() on ptolemy.moml.MoMLSimpleApplication@2ec1e3e0
----------------- Done invoking toplevel() on ptolemy.moml.MoMLSimpleApplication@2ec1e3e0
reloadAllAccessors: .ArrayRemoveElement

===========================================================================================
----------------- testing Thu Apr 16 14:03:19 UTC 2020 /home/travis/build/icyphy/ptII/ptolemy/actor/lib/test/auto/ArraySort.xml
----------------- Instantiating /home/travis/build/icyphy/ptII/ptolemy/actor/lib/test/auto/ArraySort.xml
10 ms. Memory: 269312K Free: 140043K (52%)
----------------- Invoking toplevel() on ptolemy.moml.MoMLSimpleApplication@6873dfbc
----------------- Done invoking toplevel() on ptolemy.moml.MoMLSimpleApplication@6873dfbc
reloadAllAccessors: .ArraySort

===========================================================================================
----------------- testing Thu Apr 16 14:03:19 UTC 2020 /home/travis/build/icyphy/ptII/ptolemy/actor/lib/test/auto/ArraySum.xml
----------------- Instantiating /home/travis/build/icyphy/ptII/ptolemy/actor/lib/test/auto/ArraySum.xml
4 ms. Memory: 269312K Free: 134413K (50%)
----------------- Invoking toplevel() on ptolemy.moml.MoMLSimpleApplication@3994970e
----------------- Done invoking toplevel() on ptolemy.moml.MoMLSimpleApplication@3994970e
reloadAllAccessors: .ArraySum

===========================================================================================
----------------- testing Thu Apr 16 14:03:19 UTC 2020 /home/travis/build/icyphy/ptII/ptolemy/actor/lib/test/auto/ArrayToElements.xml
----------------- Instantiating /home/travis/build/icyphy/ptII/ptolemy/actor/lib/test/auto/ArrayToElements.xml
6 ms. Memory: 269312K Free: 129293K (48%)
----------------- Invoking toplevel() on ptolemy.moml.MoMLSimpleApplication@791b4a19
----------------- Done invoking toplevel() on ptolemy.moml.MoMLSimpleApplication@791b4a19
reloadAllAccessors: .ArrayToElements

===========================================================================================
----------------- testing Thu Apr 16 14:03:19 UTC 2020 /home/travis/build/icyphy/ptII/ptolemy/actor/lib/test/auto/ArrayToMatrix.xml
----------------- Instantiating /home/travis/build/icyphy/ptII/ptolemy/actor/lib/test/auto/ArrayToMatrix.xml
10 ms. Memory: 269312K Free: 114957K (43%)
----------------- Invoking toplevel() on ptolemy.moml.MoMLSimpleApplication@193dea29
----------------- Done invoking toplevel() on ptolemy.moml.MoMLSimpleApplication@193dea29
reloadAllAccessors: .ArrayToMatrix

===========================================================================================
----------------- testing Thu Apr 16 14:03:19 UTC 2020 /home/travis/build/icyphy/ptII/ptolemy/actor/lib/test/auto/ArrayUpdate1.xml
----------------- Instantiating /home/travis/build/icyphy/ptII/ptolemy/actor/lib/test/auto/ArrayUpdate1.xml
3 ms. Memory: 269312K Free: 110347K (41%)
----------------- Invoking toplevel() on ptolemy.moml.MoMLSimpleApplication@776574cf
----------------- Done invoking toplevel() on ptolemy.moml.MoMLSimpleApplication@776574cf
reloadAllAccessors: .ArrayUpdate1

===========================================================================================
----------------- testing Thu Apr 16 14:03:19 UTC 2020 /home/travis/build/icyphy/ptII/ptolemy/actor/lib/test/auto/ArrayUpdate2.xml
----------------- Instantiating /home/travis/build/icyphy/ptII/ptolemy/actor/lib/test/auto/ArrayUpdate2.xml
5 ms. Memory: 269312K Free: 103693K (39%)
----------------- Invoking toplevel() on ptolemy.moml.MoMLSimpleApplication@7daf7600
----------------- Done invoking toplevel() on ptolemy.moml.MoMLSimpleApplication@7daf7600
reloadAllAccessors: .ArrayUpdate2

===========================================================================================
----------------- testing Thu Apr 16 14:03:19 UTC 2020 /home/travis/build/icyphy/ptII/ptolemy/actor/lib/test/auto/ArrayUpdate3.xml
----------------- Instantiating /home/travis/build/icyphy/ptII/ptolemy/actor/lib/test/auto/ArrayUpdate3.xml
4 ms. Memory: 269312K Free: 99083K (37%)
----------------- Invoking toplevel() on ptolemy.moml.MoMLSimpleApplication@35b2168d
----------------- Done invoking toplevel() on ptolemy.moml.MoMLSimpleApplication@35b2168d
reloadAllAccessors: .ArrayUpdate3

===========================================================================================
----------------- testing Thu Apr 16 14:03:19 UTC 2020 /home/travis/build/icyphy/ptII/ptolemy/actor/lib/test/auto/Assert1.xml
----------------- Instantiating /home/travis/build/icyphy/ptII/ptolemy/actor/lib/test/auto/Assert1.xml
5 ms. Memory: 269312K Free: 94477K (35%)
----------------- Invoking toplevel() on ptolemy.moml.MoMLSimpleApplication@311d1a9d
----------------- Done invoking toplevel() on ptolemy.moml.MoMLSimpleApplication@311d1a9d
reloadAllAccessors: .Assert1

===========================================================================================
----------------- testing Thu Apr 16 14:03:19 UTC 2020 /home/travis/build/icyphy/ptII/ptolemy/actor/lib/test/auto/Assert2.xml
----------------- Instantiating /home/travis/build/icyphy/ptII/ptolemy/actor/lib/test/auto/Assert2.xml
1 ms. Memory: 269312K Free: 89867K (33%)
----------------- Invoking toplevel() on ptolemy.moml.MoMLSimpleApplication@6ef3ef9c
----------------- Done invoking toplevel() on ptolemy.moml.MoMLSimpleApplication@6ef3ef9c
reloadAllAccessors: .Assert2

===========================================================================================
----------------- testing Thu Apr 16 14:03:19 UTC 2020 /home/travis/build/icyphy/ptII/ptolemy/actor/lib/test/auto/BooleanMultiplexor.xml
----------------- Instantiating /home/travis/build/icyphy/ptII/ptolemy/actor/lib/test/auto/BooleanMultiplexor.xml
1 ms. Memory: 269312K Free: 84237K (31%)
----------------- Invoking toplevel() on ptolemy.moml.MoMLSimpleApplication@244525f
----------------- Done invoking toplevel() on ptolemy.moml.MoMLSimpleApplication@244525f
reloadAllAccessors: .BooleanMultiplexor

===========================================================================================
----------------- testing Thu Apr 16 14:03:19 UTC 2020 /home/travis/build/icyphy/ptII/ptolemy/actor/lib/test/auto/BooleanMultiplexor2.xml
----------------- Instantiating /home/travis/build/icyphy/ptII/ptolemy/actor/lib/test/auto/BooleanMultiplexor2.xml
13 ms. Memory: 269312K Free: 78093K (29%)
----------------- Invoking toplevel() on ptolemy.moml.MoMLSimpleApplication@4e0ecc9a
----------------- Done invoking toplevel() on ptolemy.moml.MoMLSimpleApplication@4e0ecc9a
reloadAllAccessors: .BooleanMultiplexor2

===========================================================================================
----------------- testing Thu Apr 16 14:03:19 UTC 2020 /home/travis/build/icyphy/ptII/ptolemy/actor/lib/test/auto/BooleanMultiplexor3.xml
----------------- Instantiating /home/travis/build/icyphy/ptII/ptolemy/actor/lib/test/auto/BooleanMultiplexor3.xml
3 ms. Memory: 269312K Free: 73997K (27%)
----------------- Invoking toplevel() on ptolemy.moml.MoMLSimpleApplication@73b68a04
----------------- Done invoking toplevel() on ptolemy.moml.MoMLSimpleApplication@73b68a04
reloadAllAccessors: .BooleanMultiplexor3

===========================================================================================
----------------- testing Thu Apr 16 14:03:19 UTC 2020 /home/travis/build/icyphy/ptII/ptolemy/actor/lib/test/auto/BooleanSelect.xml
----------------- Instantiating /home/travis/build/icyphy/ptII/ptolemy/actor/lib/test/auto/BooleanSelect.xml
9 ms. Memory: 269312K Free: 218364K (81%)
----------------- Invoking toplevel() on ptolemy.moml.MoMLSimpleApplication@93ba186
----------------- Done invoking toplevel() on ptolemy.moml.MoMLSimpleApplication@93ba186
reloadAllAccessors: .BooleanSelect

===========================================================================================
----------------- testing Thu Apr 16 14:03:19 UTC 2020 /home/travis/build/icyphy/ptII/ptolemy/actor/lib/test/auto/BooleanSelect2.xml
----------------- Instantiating /home/travis/build/icyphy/ptII/ptolemy/actor/lib/test/auto/BooleanSelect2.xml
1 ms. Memory: 269312K Free: 213773K (79%)
----------------- Invoking toplevel() on ptolemy.moml.MoMLSimpleApplication@3af28e66
----------------- Done invoking toplevel() on ptolemy.moml.MoMLSimpleApplication@3af28e66
reloadAllAccessors: .BooleanSelect2

===========================================================================================
----------------- testing Thu Apr 16 14:03:19 UTC 2020 /home/travis/build/icyphy/ptII/ptolemy/actor/lib/test/auto/BooleanSwitch.xml
----------------- Instantiating /home/travis/build/icyphy/ptII/ptolemy/actor/lib/test/auto/BooleanSwitch.xml
2 ms. Memory: 269312K Free: 207115K (77%)
----------------- Invoking toplevel() on ptolemy.moml.MoMLSimpleApplication@480fd865
----------------- Done invoking toplevel() on ptolemy.moml.MoMLSimpleApplication@480fd865
reloadAllAccessors: .BooleanSwitch

===========================================================================================
----------------- testing Thu Apr 16 14:03:19 UTC 2020 /home/travis/build/icyphy/ptII/ptolemy/actor/lib/test/auto/BooleanSwitch2.xml
----------------- Instantiating /home/travis/build/icyphy/ptII/ptolemy/actor/lib/test/auto/BooleanSwitch2.xml
1 ms. Memory: 269312K Free: 203019K (75%)
----------------- Invoking toplevel() on ptolemy.moml.MoMLSimpleApplication@226ca7ec
----------------- Done invoking toplevel() on ptolemy.moml.MoMLSimpleApplication@226ca7ec
reloadAllAccessors: .BooleanSwitch2

===========================================================================================
----------------- testing Thu Apr 16 14:03:19 UTC 2020 /home/travis/build/icyphy/ptII/ptolemy/actor/lib/test/auto/BooleanSwitchCloningBugWithClassRelationGroup.xml
----------------- Instantiating /home/travis/build/icyphy/ptII/ptolemy/actor/lib/test/auto/BooleanSwitchCloningBugWithClassRelationGroup.xml
3 ms. Memory: 269312K Free: 196365K (73%)
----------------- Invoking toplevel() on ptolemy.moml.MoMLSimpleApplication@2b77af83
----------------- Done invoking toplevel() on ptolemy.moml.MoMLSimpleApplication@2b77af83
reloadAllAccessors: .BooleanSwitchCloningBugWithClassRelationGroup

===========================================================================================
----------------- testing Thu Apr 16 14:03:19 UTC 2020 /home/travis/build/icyphy/ptII/ptolemy/actor/lib/test/auto/BusActors.xml
----------------- Instantiating /home/travis/build/icyphy/ptII/ptolemy/actor/lib/test/auto/BusActors.xml
5 ms. Memory: 269312K Free: 188683K (70%)
----------------- Invoking toplevel() on ptolemy.moml.MoMLSimpleApplication@2403320f
----------------- Done invoking toplevel() on ptolemy.moml.MoMLSimpleApplication@2403320f
reloadAllAccessors: .BusActors

===========================================================================================
----------------- testing Thu Apr 16 14:03:19 UTC 2020 /home/travis/build/icyphy/ptII/ptolemy/actor/lib/test/auto/ClassWrapper.xml
----------------- Instantiating /home/travis/build/icyphy/ptII/ptolemy/actor/lib/test/auto/ClassWrapper.xml
2 ms. Memory: 269312K Free: 184077K (68%)
----------------- Invoking toplevel() on ptolemy.moml.MoMLSimpleApplication@243d5631
----------------- Done invoking toplevel() on ptolemy.moml.MoMLSimpleApplication@243d5631
reloadAllAccessors: .ClassWrapper

===========================================================================================
----------------- testing Thu Apr 16 14:03:19 UTC 2020 /home/travis/build/icyphy/ptII/ptolemy/actor/lib/test/auto/Clock.xml
----------------- Instantiating /home/travis/build/icyphy/ptII/ptolemy/actor/lib/test/auto/Clock.xml
1 ms. Memory: 269312K Free: 180491K (67%)
----------------- Invoking toplevel() on ptolemy.moml.MoMLSimpleApplication@5adc9d9f
----------------- Done invoking toplevel() on ptolemy.moml.MoMLSimpleApplication@5adc9d9f
reloadAllAccessors: .Clock

===========================================================================================
----------------- testing Thu Apr 16 14:03:19 UTC 2020 /home/travis/build/icyphy/ptII/ptolemy/actor/lib/test/auto/Clock10.xml
----------------- Instantiating /home/travis/build/icyphy/ptII/ptolemy/actor/lib/test/auto/Clock10.xml
3 ms. Memory: 269312K Free: 174347K (65%)
----------------- Invoking toplevel() on ptolemy.moml.MoMLSimpleApplication@2ad23297
----------------- Done invoking toplevel() on ptolemy.moml.MoMLSimpleApplication@2ad23297
reloadAllAccessors: .Clock10

===========================================================================================
----------------- testing Thu Apr 16 14:03:19 UTC 2020 /home/travis/build/icyphy/ptII/ptolemy/actor/lib/test/auto/Clock11.xml
----------------- Instantiating /home/travis/build/icyphy/ptII/ptolemy/actor/lib/test/auto/Clock11.xml
4 ms. Memory: 269312K Free: 168717K (63%)
----------------- Invoking toplevel() on ptolemy.moml.MoMLSimpleApplication@3020fe3f
----------------- Done invoking toplevel() on ptolemy.moml.MoMLSimpleApplication@3020fe3f
reloadAllAccessors: .Clock11

===========================================================================================
----------------- testing Thu Apr 16 14:03:19 UTC 2020 /home/travis/build/icyphy/ptII/ptolemy/actor/lib/test/auto/Clock12.xml
----------------- Instantiating /home/travis/build/icyphy/ptII/ptolemy/actor/lib/test/auto/Clock12.xml
4 ms. Memory: 269312K Free: 162573K (60%)
----------------- Invoking toplevel() on ptolemy.moml.MoMLSimpleApplication@e94029
----------------- Done invoking toplevel() on ptolemy.moml.MoMLSimpleApplication@e94029
reloadAllAccessors: .Clock12

===========================================================================================
----------------- testing Thu Apr 16 14:03:19 UTC 2020 /home/travis/build/icyphy/ptII/ptolemy/actor/lib/test/auto/Clock13.xml
----------------- Instantiating /home/travis/build/icyphy/ptII/ptolemy/actor/lib/test/auto/Clock13.xml
4 ms. Memory: 269312K Free: 156932K (58%)
----------------- Invoking toplevel() on ptolemy.moml.MoMLSimpleApplication@6ce8e075
----------------- Done invoking toplevel() on ptolemy.moml.MoMLSimpleApplication@6ce8e075
reloadAllAccessors: .Clock13

===========================================================================================
----------------- testing Thu Apr 16 14:03:19 UTC 2020 /home/travis/build/icyphy/ptII/ptolemy/actor/lib/test/auto/Clock14.xml
----------------- Instantiating /home/travis/build/icyphy/ptII/ptolemy/actor/lib/test/auto/Clock14.xml
4 ms. Memory: 269312K Free: 150764K (56%)
----------------- Invoking toplevel() on ptolemy.moml.MoMLSimpleApplication@c66d7cc
----------------- Done invoking toplevel() on ptolemy.moml.MoMLSimpleApplication@c66d7cc
reloadAllAccessors: .Clock14

===========================================================================================
----------------- testing Thu Apr 16 14:03:19 UTC 2020 /home/travis/build/icyphy/ptII/ptolemy/actor/lib/test/auto/Clock15.xml
----------------- Instantiating /home/travis/build/icyphy/ptII/ptolemy/actor/lib/test/auto/Clock15.xml
5 ms. Memory: 269312K Free: 144644K (54%)
----------------- Invoking toplevel() on ptolemy.moml.MoMLSimpleApplication@393b4737
----------------- Done invoking toplevel() on ptolemy.moml.MoMLSimpleApplication@393b4737
reloadAllAccessors: .Clock15

===========================================================================================
----------------- testing Thu Apr 16 14:03:19 UTC 2020 /home/travis/build/icyphy/ptII/ptolemy/actor/lib/test/auto/Clock16.xml
----------------- Instantiating /home/travis/build/icyphy/ptII/ptolemy/actor/lib/test/auto/Clock16.xml
35 ms. Memory: 269312K Free: 129805K (48%)
----------------- Invoking toplevel() on ptolemy.moml.MoMLSimpleApplication@3c761613
----------------- Done invoking toplevel() on ptolemy.moml.MoMLSimpleApplication@3c761613
reloadAllAccessors: .Clock16

===========================================================================================
----------------- testing Thu Apr 16 14:03:19 UTC 2020 /home/travis/build/icyphy/ptII/ptolemy/actor/lib/test/auto/Clock17.xml
----------------- Instantiating /home/travis/build/icyphy/ptII/ptolemy/actor/lib/test/auto/Clock17.xml
22 ms. Memory: 269312K Free: 115469K (43%)
----------------- Invoking toplevel() on ptolemy.moml.MoMLSimpleApplication@10799c57
----------------- Done invoking toplevel() on ptolemy.moml.MoMLSimpleApplication@10799c57
reloadAllAccessors: .Clock17

===========================================================================================
----------------- testing Thu Apr 16 14:03:19 UTC 2020 /home/travis/build/icyphy/ptII/ptolemy/actor/lib/test/auto/Clock18.xml
----------------- Instantiating /home/travis/build/icyphy/ptII/ptolemy/actor/lib/test/auto/Clock18.xml
23 ms. Memory: 269312K Free: 102652K (38%)
----------------- Invoking toplevel() on ptolemy.moml.MoMLSimpleApplication@2bf74f5f
----------------- Done invoking toplevel() on ptolemy.moml.MoMLSimpleApplication@2bf74f5f
reloadAllAccessors: .Clock18

===========================================================================================
----------------- testing Thu Apr 16 14:03:20 UTC 2020 /home/travis/build/icyphy/ptII/ptolemy/actor/lib/test/auto/Clock19.xml
----------------- Instantiating /home/travis/build/icyphy/ptII/ptolemy/actor/lib/test/auto/Clock19.xml
11 ms. Memory: 269312K Free: 89355K (33%)
----------------- Invoking toplevel() on ptolemy.moml.MoMLSimpleApplication@f723e3c
----------------- Done invoking toplevel() on ptolemy.moml.MoMLSimpleApplication@f723e3c
reloadAllAccessors: .Clock19

===========================================================================================
----------------- testing Thu Apr 16 14:03:20 UTC 2020 /home/travis/build/icyphy/ptII/ptolemy/actor/lib/test/auto/Clock2.xml
----------------- Instantiating /home/travis/build/icyphy/ptII/ptolemy/actor/lib/test/auto/Clock2.xml
5 ms. Memory: 269312K Free: 85228K (32%)
----------------- Invoking toplevel() on ptolemy.moml.MoMLSimpleApplication@1d6a65b6
----------------- Done invoking toplevel() on ptolemy.moml.MoMLSimpleApplication@1d6a65b6
reloadAllAccessors: .Clock2

===========================================================================================
----------------- testing Thu Apr 16 14:03:20 UTC 2020 /home/travis/build/icyphy/ptII/ptolemy/actor/lib/test/auto/Clock20.xml
----------------- Instantiating /home/travis/build/icyphy/ptII/ptolemy/actor/lib/test/auto/Clock20.xml
5 ms. Memory: 269312K Free: 79629K (30%)
----------------- Invoking toplevel() on ptolemy.moml.MoMLSimpleApplication@6fe0c940
----------------- Done invoking toplevel() on ptolemy.moml.MoMLSimpleApplication@6fe0c940
reloadAllAccessors: .Clock20

===========================================================================================
----------------- testing Thu Apr 16 14:03:20 UTC 2020 /home/travis/build/icyphy/ptII/ptolemy/actor/lib/test/auto/Clock21.xml
----------------- Instantiating /home/travis/build/icyphy/ptII/ptolemy/actor/lib/test/auto/Clock21.xml
3 ms. Memory: 269312K Free: 74509K (28%)
----------------- Invoking toplevel() on ptolemy.moml.MoMLSimpleApplication@2652c8a0
----------------- Done invoking toplevel() on ptolemy.moml.MoMLSimpleApplication@2652c8a0
reloadAllAccessors: .Clock21

===========================================================================================
----------------- testing Thu Apr 16 14:03:20 UTC 2020 /home/travis/build/icyphy/ptII/ptolemy/actor/lib/test/auto/Clock22.xml
----------------- Instantiating /home/travis/build/icyphy/ptII/ptolemy/actor/lib/test/auto/Clock22.xml
5 ms. Memory: 538624K Free: 487095K (90%)
----------------- Invoking toplevel() on ptolemy.moml.MoMLSimpleApplication@12c3b2d9
----------------- Done invoking toplevel() on ptolemy.moml.MoMLSimpleApplication@12c3b2d9
reloadAllAccessors: .Clock22

===========================================================================================
----------------- testing Thu Apr 16 14:03:20 UTC 2020 /home/travis/build/icyphy/ptII/ptolemy/actor/lib/test/auto/Clock23.xml
----------------- Instantiating /home/travis/build/icyphy/ptII/ptolemy/actor/lib/test/auto/Clock23.xml
5 ms. Memory: 538624K Free: 481465K (89%)
----------------- Invoking toplevel() on ptolemy.moml.MoMLSimpleApplication@59cad7e8
----------------- Done invoking toplevel() on ptolemy.moml.MoMLSimpleApplication@59cad7e8
reloadAllAccessors: .Clock23

===========================================================================================
----------------- testing Thu Apr 16 14:03:20 UTC 2020 /home/travis/build/icyphy/ptII/ptolemy/actor/lib/test/auto/Clock24.xml
----------------- Instantiating /home/travis/build/icyphy/ptII/ptolemy/actor/lib/test/auto/Clock24.xml
8 ms. Memory: 538624K Free: 475831K (88%)
----------------- Invoking toplevel() on ptolemy.moml.MoMLSimpleApplication@d5b593b
----------------- Done invoking toplevel() on ptolemy.moml.MoMLSimpleApplication@d5b593b
reloadAllAccessors: .Clock24

===========================================================================================
----------------- testing Thu Apr 16 14:03:20 UTC 2020 /home/travis/build/icyphy/ptII/ptolemy/actor/lib/test/auto/Clock4.xml
----------------- Instantiating /home/travis/build/icyphy/ptII/ptolemy/actor/lib/test/auto/Clock4.xml
2 ms. Memory: 538624K Free: 471225K (87%)
----------------- Invoking toplevel() on ptolemy.moml.MoMLSimpleApplication@61e83770
----------------- Done invoking toplevel() on ptolemy.moml.MoMLSimpleApplication@61e83770
reloadAllAccessors: .Clock4

===========================================================================================
----------------- testing Thu Apr 16 14:03:20 UTC 2020 /home/travis/build/icyphy/ptII/ptolemy/actor/lib/test/auto/Clock5.xml
----------------- Instantiating /home/travis/build/icyphy/ptII/ptolemy/actor/lib/test/auto/Clock5.xml
2 ms. Memory: 538624K Free: 465591K (86%)
----------------- Invoking toplevel() on ptolemy.moml.MoMLSimpleApplication@7bb0635d
----------------- Done invoking toplevel() on ptolemy.moml.MoMLSimpleApplication@7bb0635d
reloadAllAccessors: .Clock5

===========================================================================================
----------------- testing Thu Apr 16 14:03:20 UTC 2020 /home/travis/build/icyphy/ptII/ptolemy/actor/lib/test/auto/Clock6.xml
----------------- Instantiating /home/travis/build/icyphy/ptII/ptolemy/actor/lib/test/auto/Clock6.xml
2 ms. Memory: 538624K Free: 461495K (86%)
----------------- Invoking toplevel() on ptolemy.moml.MoMLSimpleApplication@3c04a756
----------------- Done invoking toplevel() on ptolemy.moml.MoMLSimpleApplication@3c04a756
reloadAllAccessors: .Clock6

===========================================================================================
----------------- testing Thu Apr 16 14:03:20 UTC 2020 /home/travis/build/icyphy/ptII/ptolemy/actor/lib/test/auto/Clock7.xml
----------------- Instantiating /home/travis/build/icyphy/ptII/ptolemy/actor/lib/test/auto/Clock7.xml
1 ms. Memory: 538624K Free: 456375K (85%)
----------------- Invoking toplevel() on ptolemy.moml.MoMLSimpleApplication@1b964108
----------------- Done invoking toplevel() on ptolemy.moml.MoMLSimpleApplication@1b964108
reloadAllAccessors: .Clock7

===========================================================================================
----------------- testing Thu Apr 16 14:03:20 UTC 2020 /home/travis/build/icyphy/ptII/ptolemy/actor/lib/test/auto/Clock8.xml
----------------- Instantiating /home/travis/build/icyphy/ptII/ptolemy/actor/lib/test/auto/Clock8.xml
4 ms. Memory: 538624K Free: 450745K (84%)
----------------- Invoking toplevel() on ptolemy.moml.MoMLSimpleApplication@574e41ca
----------------- Done invoking toplevel() on ptolemy.moml.MoMLSimpleApplication@574e41ca
reloadAllAccessors: .Clock8

===========================================================================================
----------------- testing Thu Apr 16 14:03:20 UTC 2020 /home/travis/build/icyphy/ptII/ptolemy/actor/lib/test/auto/Clock9.xml
----------------- Instantiating /home/travis/build/icyphy/ptII/ptolemy/actor/lib/test/auto/Clock9.xml
4 ms. Memory: 538624K Free: 445625K (83%)
----------------- Invoking toplevel() on ptolemy.moml.MoMLSimpleApplication@67abd4f7
----------------- Done invoking toplevel() on ptolemy.moml.MoMLSimpleApplication@67abd4f7
reloadAllAccessors: .Clock9

===========================================================================================
----------------- testing Thu Apr 16 14:03:20 UTC 2020 /home/travis/build/icyphy/ptII/ptolemy/actor/lib/test/auto/CommDistDiscard.xml
----------------- Instantiating /home/travis/build/icyphy/ptII/ptolemy/actor/lib/test/auto/CommDistDiscard.xml
3 ms. Memory: 538624K Free: 439991K (82%)
----------------- Invoking toplevel() on ptolemy.moml.MoMLSimpleApplication@a87dc1b
----------------- Done invoking toplevel() on ptolemy.moml.MoMLSimpleApplication@a87dc1b
reloadAllAccessors: .CommDistDiscard

===========================================================================================
----------------- testing Thu Apr 16 14:03:20 UTC 2020 /home/travis/build/icyphy/ptII/ptolemy/actor/lib/test/auto/Commutator.xml
----------------- Instantiating /home/travis/build/icyphy/ptII/ptolemy/actor/lib/test/auto/Commutator.xml
2 ms. Memory: 538624K Free: 435895K (81%)
----------------- Invoking toplevel() on ptolemy.moml.MoMLSimpleApplication@3a8f1ca3
----------------- Done invoking toplevel() on ptolemy.moml.MoMLSimpleApplication@3a8f1ca3
reloadAllAccessors: .Commutator

===========================================================================================
----------------- testing Thu Apr 16 14:03:20 UTC 2020 /home/travis/build/icyphy/ptII/ptolemy/actor/lib/test/auto/Commutator2.xml
----------------- Instantiating /home/travis/build/icyphy/ptII/ptolemy/actor/lib/test/auto/Commutator2.xml
1 ms. Memory: 538624K Free: 431289K (80%)
----------------- Invoking toplevel() on ptolemy.moml.MoMLSimpleApplication@6362ceb1
----------------- Done invoking toplevel() on ptolemy.moml.MoMLSimpleApplication@6362ceb1
reloadAllAccessors: .Commutator2

===========================================================================================
----------------- testing Thu Apr 16 14:03:20 UTC 2020 /home/travis/build/icyphy/ptII/ptolemy/actor/lib/test/auto/Commutator3.xml
----------------- Instantiating /home/travis/build/icyphy/ptII/ptolemy/actor/lib/test/auto/Commutator3.xml
2 ms. Memory: 538624K Free: 427193K (79%)
----------------- Invoking toplevel() on ptolemy.moml.MoMLSimpleApplication@7789af82
----------------- Done invoking toplevel() on ptolemy.moml.MoMLSimpleApplication@7789af82
reloadAllAccessors: .Commutator3

===========================================================================================
----------------- testing Thu Apr 16 14:03:20 UTC 2020 /home/travis/build/icyphy/ptII/ptolemy/actor/lib/test/auto/Compare.xml
----------------- Instantiating /home/travis/build/icyphy/ptII/ptolemy/actor/lib/test/auto/Compare.xml
2 ms. Memory: 538624K Free: 420535K (78%)
----------------- Invoking toplevel() on ptolemy.moml.MoMLSimpleApplication@637a8c87
----------------- Done invoking toplevel() on ptolemy.moml.MoMLSimpleApplication@637a8c87
reloadAllAccessors: .Compare

===========================================================================================
----------------- testing Thu Apr 16 14:03:20 UTC 2020 /home/travis/build/icyphy/ptII/ptolemy/actor/lib/test/auto/CompareDE.xml
----------------- Instantiating /home/travis/build/icyphy/ptII/ptolemy/actor/lib/test/auto/CompareDE.xml
3 ms. Memory: 538624K Free: 413353K (77%)
----------------- Invoking toplevel() on ptolemy.moml.MoMLSimpleApplication@1d6d9850
----------------- Done invoking toplevel() on ptolemy.moml.MoMLSimpleApplication@1d6d9850
reloadAllAccessors: .CompareDE

===========================================================================================
----------------- testing Thu Apr 16 14:03:20 UTC 2020 /home/travis/build/icyphy/ptII/ptolemy/actor/lib/test/auto/ComplexDivide.xml
----------------- Instantiating /home/travis/build/icyphy/ptII/ptolemy/actor/lib/test/auto/ComplexDivide.xml
2 ms. Memory: 538624K Free: 409785K (76%)
----------------- Invoking toplevel() on ptolemy.moml.MoMLSimpleApplication@13c22552
----------------- Done invoking toplevel() on ptolemy.moml.MoMLSimpleApplication@13c22552
reloadAllAccessors: .ComplexDivide

===========================================================================================
----------------- testing Thu Apr 16 14:03:20 UTC 2020 /home/travis/build/icyphy/ptII/ptolemy/actor/lib/test/auto/ComputeHistogram.xml
----------------- Instantiating /home/travis/build/icyphy/ptII/ptolemy/actor/lib/test/auto/ComputeHistogram.xml
32 ms. Memory: 538624K Free: 396983K (74%)
----------------- Invoking toplevel() on ptolemy.moml.MoMLSimpleApplication@465ecc83
----------------- Done invoking toplevel() on ptolemy.moml.MoMLSimpleApplication@465ecc83
reloadAllAccessors: .ComputeHistogram

===========================================================================================
----------------- testing Thu Apr 16 14:03:20 UTC 2020 /home/travis/build/icyphy/ptII/ptolemy/actor/lib/test/auto/ConfigurationSelect.xml
----------------- Instantiating /home/travis/build/icyphy/ptII/ptolemy/actor/lib/test/auto/ConfigurationSelect.xml
8 ms. Memory: 538624K Free: 391353K (73%)
----------------- Invoking toplevel() on ptolemy.moml.MoMLSimpleApplication@2746c63e
----------------- Done invoking toplevel() on ptolemy.moml.MoMLSimpleApplication@2746c63e
reloadAllAccessors: .ConfigurationSelect

===========================================================================================
----------------- testing Thu Apr 16 14:03:20 UTC 2020 /home/travis/build/icyphy/ptII/ptolemy/actor/lib/test/auto/ConfigurationSelect2.xml
----------------- Instantiating /home/travis/build/icyphy/ptII/ptolemy/actor/lib/test/auto/ConfigurationSelect2.xml
2 ms. Memory: 538624K Free: 387257K (72%)
----------------- Invoking toplevel() on ptolemy.moml.MoMLSimpleApplication@6ba0234
----------------- Done invoking toplevel() on ptolemy.moml.MoMLSimpleApplication@6ba0234
reloadAllAccessors: .ConfigurationSelect2

===========================================================================================
----------------- testing Thu Apr 16 14:03:20 UTC 2020 /home/travis/build/icyphy/ptII/ptolemy/actor/lib/test/auto/ConfigurationSwitch.xml
----------------- Instantiating /home/travis/build/icyphy/ptII/ptolemy/actor/lib/test/auto/ConfigurationSwitch.xml
3 ms. Memory: 538624K Free: 381623K (71%)
----------------- Invoking toplevel() on ptolemy.moml.MoMLSimpleApplication@17ccde55
----------------- Done invoking toplevel() on ptolemy.moml.MoMLSimpleApplication@17ccde55
reloadAllAccessors: .ConfigurationSwitch

===========================================================================================
----------------- testing Thu Apr 16 14:03:20 UTC 2020 /home/travis/build/icyphy/ptII/ptolemy/actor/lib/test/auto/ConfigurationSwitch2.xml
----------------- Instantiating /home/travis/build/icyphy/ptII/ptolemy/actor/lib/test/auto/ConfigurationSwitch2.xml
2 ms. Memory: 538624K Free: 376503K (70%)
----------------- Invoking toplevel() on ptolemy.moml.MoMLSimpleApplication@403b3680
----------------- Done invoking toplevel() on ptolemy.moml.MoMLSimpleApplication@403b3680
reloadAllAccessors: .ConfigurationSwitch2

===========================================================================================
----------------- testing Thu Apr 16 14:03:20 UTC 2020 /home/travis/build/icyphy/ptII/ptolemy/actor/lib/test/auto/ConfigurationSwitchCloningBugWithClassRelationGroup.xml
----------------- Instantiating /home/travis/build/icyphy/ptII/ptolemy/actor/lib/test/auto/ConfigurationSwitchCloningBugWithClassRelationGroup.xml
1 ms. Memory: 538624K Free: 369849K (69%)
----------------- Invoking toplevel() on ptolemy.moml.MoMLSimpleApplication@4a2ea52
----------------- Done invoking toplevel() on ptolemy.moml.MoMLSimpleApplication@4a2ea52
reloadAllAccessors: .ConfigurationSwitchCloningBugWithClassRelationGroup

===========================================================================================
----------------- testing Thu Apr 16 14:03:20 UTC 2020 /home/travis/build/icyphy/ptII/ptolemy/actor/lib/test/auto/ConfigurationSwitchSelectSDF.xml
----------------- Instantiating /home/travis/build/icyphy/ptII/ptolemy/actor/lib/test/auto/ConfigurationSwitchSelectSDF.xml
3 ms. Memory: 538624K Free: 364215K (68%)
----------------- Invoking toplevel() on ptolemy.moml.MoMLSimpleApplication@7f87af9e
----------------- Done invoking toplevel() on ptolemy.moml.MoMLSimpleApplication@7f87af9e
reloadAllAccessors: .ConfigurationSwitchSelectSDF

===========================================================================================
----------------- testing Thu Apr 16 14:03:20 UTC 2020 /home/travis/build/icyphy/ptII/ptolemy/actor/lib/test/auto/ConfigurationSwitchSelectSDF2.xml
----------------- Instantiating /home/travis/build/icyphy/ptII/ptolemy/actor/lib/test/auto/ConfigurationSwitchSelectSDF2.xml
2 ms. Memory: 538624K Free: 358585K (67%)
----------------- Invoking toplevel() on ptolemy.moml.MoMLSimpleApplication@2d495043
----------------- Done invoking toplevel() on ptolemy.moml.MoMLSimpleApplication@2d495043
reloadAllAccessors: .ConfigurationSwitchSelectSDF2

===========================================================================================
----------------- testing Thu Apr 16 14:03:20 UTC 2020 /home/travis/build/icyphy/ptII/ptolemy/actor/lib/test/auto/Const.xml
----------------- Instantiating /home/travis/build/icyphy/ptII/ptolemy/actor/lib/test/auto/Const.xml
1 ms. Memory: 538624K Free: 354999K (66%)
----------------- Invoking toplevel() on ptolemy.moml.MoMLSimpleApplication@401f9e7a
----------------- Done invoking toplevel() on ptolemy.moml.MoMLSimpleApplication@401f9e7a
reloadAllAccessors: .Const

===========================================================================================
----------------- testing Thu Apr 16 14:03:20 UTC 2020 /home/travis/build/icyphy/ptII/ptolemy/actor/lib/test/auto/Const2.xml
----------------- Instantiating /home/travis/build/icyphy/ptII/ptolemy/actor/lib/test/auto/Const2.xml
1 ms. Memory: 538624K Free: 350903K (65%)
----------------- Invoking toplevel() on ptolemy.moml.MoMLSimpleApplication@13c0bb53
----------------- Done invoking toplevel() on ptolemy.moml.MoMLSimpleApplication@13c0bb53
reloadAllAccessors: .Const2

===========================================================================================
----------------- testing Thu Apr 16 14:03:20 UTC 2020 /home/travis/build/icyphy/ptII/ptolemy/actor/lib/test/auto/Const3.xml
----------------- Instantiating /home/travis/build/icyphy/ptII/ptolemy/actor/lib/test/auto/Const3.xml
1 ms. Memory: 538624K Free: 348345K (65%)
----------------- Invoking toplevel() on ptolemy.moml.MoMLSimpleApplication@f5002f7
----------------- Done invoking toplevel() on ptolemy.moml.MoMLSimpleApplication@f5002f7
reloadAllAccessors: .Const3

===========================================================================================
----------------- testing Thu Apr 16 14:03:20 UTC 2020 /home/travis/build/icyphy/ptII/ptolemy/actor/lib/test/auto/ConstantPublisherPort1.xml
----------------- Instantiating /home/travis/build/icyphy/ptII/ptolemy/actor/lib/test/auto/ConstantPublisherPort1.xml
5 ms. Memory: 538624K Free: 339639K (63%)
----------------- Invoking toplevel() on ptolemy.moml.MoMLSimpleApplication@3b543e2
----------------- Done invoking toplevel() on ptolemy.moml.MoMLSimpleApplication@3b543e2
reloadAllAccessors: .ConstantPublisherPort1

===========================================================================================
----------------- testing Thu Apr 16 14:03:20 UTC 2020 /home/travis/build/icyphy/ptII/ptolemy/actor/lib/test/auto/ConstantPublisherPort2.xml
----------------- Instantiating /home/travis/build/icyphy/ptII/ptolemy/actor/lib/test/auto/ConstantPublisherPort2.xml
10 ms. Memory: 538624K Free: 332471K (62%)
----------------- Invoking toplevel() on ptolemy.moml.MoMLSimpleApplication@1ca8105d
----------------- Done invoking toplevel() on ptolemy.moml.MoMLSimpleApplication@1ca8105d
reloadAllAccessors: .ConstantPublisherPort2

===========================================================================================
----------------- testing Thu Apr 16 14:03:20 UTC 2020 /home/travis/build/icyphy/ptII/ptolemy/actor/lib/test/auto/ConstantPublisherPort3.xml
----------------- Instantiating /home/travis/build/icyphy/ptII/ptolemy/actor/lib/test/auto/ConstantPublisherPort3.xml
5 ms. Memory: 538624K Free: 324793K (60%)
----------------- Invoking toplevel() on ptolemy.moml.MoMLSimpleApplication@62c1e045
----------------- Done invoking toplevel() on ptolemy.moml.MoMLSimpleApplication@62c1e045
reloadAllAccessors: .ConstantPublisherPort3

===========================================================================================
----------------- testing Thu Apr 16 14:03:20 UTC 2020 /home/travis/build/icyphy/ptII/ptolemy/actor/lib/test/auto/ConstantPublisherPort4.xml
----------------- Instantiating /home/travis/build/icyphy/ptII/ptolemy/actor/lib/test/auto/ConstantPublisherPort4.xml
2 ms. Memory: 538624K Free: 317625K (59%)
----------------- Invoking toplevel() on ptolemy.moml.MoMLSimpleApplication@31a473db
----------------- Done invoking toplevel() on ptolemy.moml.MoMLSimpleApplication@31a473db
reloadAllAccessors: .ConstantPublisherPort4

===========================================================================================
----------------- testing Thu Apr 16 14:03:20 UTC 2020 /home/travis/build/icyphy/ptII/ptolemy/actor/lib/test/auto/ConstantPublisherPort5.xml
----------------- Instantiating /home/travis/build/icyphy/ptII/ptolemy/actor/lib/test/auto/ConstantPublisherPort5.xml
24 ms. Memory: 538624K Free: 308409K (57%)
----------------- Invoking toplevel() on ptolemy.moml.MoMLSimpleApplication@7cb1349
----------------- Done invoking toplevel() on ptolemy.moml.MoMLSimpleApplication@7cb1349
reloadAllAccessors: .ConstantPublisherPort5

===========================================================================================
----------------- testing Thu Apr 16 14:03:20 UTC 2020 /home/travis/build/icyphy/ptII/ptolemy/actor/lib/test/auto/ConstantPublisherPort6.xml
----------------- Instantiating /home/travis/build/icyphy/ptII/ptolemy/actor/lib/test/auto/ConstantPublisherPort6.xml
6 ms. Memory: 538624K Free: 299703K (56%)
----------------- Invoking toplevel() on ptolemy.moml.MoMLSimpleApplication@1f647802
----------------- Done invoking toplevel() on ptolemy.moml.MoMLSimpleApplication@1f647802
reloadAllAccessors: .ConstantPublisherPort6

===========================================================================================
----------------- testing Thu Apr 16 14:03:20 UTC 2020 /home/travis/build/icyphy/ptII/ptolemy/actor/lib/test/auto/ConstantPublisherPort7.xml
----------------- Instantiating /home/travis/build/icyphy/ptII/ptolemy/actor/lib/test/auto/ConstantPublisherPort7.xml
22 ms. Memory: 538624K Free: 289977K (54%)
----------------- Invoking toplevel() on ptolemy.moml.MoMLSimpleApplication@5e8f2356
----------------- Done invoking toplevel() on ptolemy.moml.MoMLSimpleApplication@5e8f2356
reloadAllAccessors: .ConstantPublisherPort7

===========================================================================================
----------------- testing Thu Apr 16 14:03:20 UTC 2020 /home/travis/build/icyphy/ptII/ptolemy/actor/lib/test/auto/ConstraintMonitor1.xml
----------------- Instantiating /home/travis/build/icyphy/ptII/ptolemy/actor/lib/test/auto/ConstraintMonitor1.xml
4 ms. Memory: 538624K Free: 284857K (53%)
----------------- Invoking toplevel() on ptolemy.moml.MoMLSimpleApplication@ea2c5a1
----------------- Done invoking toplevel() on ptolemy.moml.MoMLSimpleApplication@ea2c5a1
reloadAllAccessors: .ConstraintMonitor1

===========================================================================================
----------------- testing Thu Apr 16 14:03:21 UTC 2020 /home/travis/build/icyphy/ptII/ptolemy/actor/lib/test/auto/ConstraintMonitor2.xml
----------------- Instantiating /home/travis/build/icyphy/ptII/ptolemy/actor/lib/test/auto/ConstraintMonitor2.xml
3 ms. Memory: 538624K Free: 487550K (91%)
----------------- Invoking toplevel() on ptolemy.moml.MoMLSimpleApplication@51101e7f
----------------- Done invoking toplevel() on ptolemy.moml.MoMLSimpleApplication@51101e7f
reloadAllAccessors: .ConstraintMonitor2

===========================================================================================
----------------- testing Thu Apr 16 14:03:21 UTC 2020 /home/travis/build/icyphy/ptII/ptolemy/actor/lib/test/auto/ConstraintMonitor3.xml
----------------- Instantiating /home/travis/build/icyphy/ptII/ptolemy/actor/lib/test/auto/ConstraintMonitor3.xml
5 ms. Memory: 538624K Free: 482828K (90%)
----------------- Invoking toplevel() on ptolemy.moml.MoMLSimpleApplication@27ba4604
----------------- Done invoking toplevel() on ptolemy.moml.MoMLSimpleApplication@27ba4604
reloadAllAccessors: .ConstraintMonitor3

===========================================================================================
----------------- testing Thu Apr 16 14:03:21 UTC 2020 /home/travis/build/icyphy/ptII/ptolemy/actor/lib/test/auto/ConstraintMonitor4.xml
----------------- Instantiating /home/travis/build/icyphy/ptII/ptolemy/actor/lib/test/auto/ConstraintMonitor4.xml
2 ms. Memory: 538624K Free: 477708K (89%)
----------------- Invoking toplevel() on ptolemy.moml.MoMLSimpleApplication@c6bc83e
----------------- Done invoking toplevel() on ptolemy.moml.MoMLSimpleApplication@c6bc83e
reloadAllAccessors: .ConstraintMonitor4

===========================================================================================
----------------- testing Thu Apr 16 14:03:21 UTC 2020 /home/travis/build/icyphy/ptII/ptolemy/actor/lib/test/auto/ConstraintMonitor5.xml
----------------- Instantiating /home/travis/build/icyphy/ptII/ptolemy/actor/lib/test/auto/ConstraintMonitor5.xml
2 ms. Memory: 538624K Free: 473102K (88%)
----------------- Invoking toplevel() on ptolemy.moml.MoMLSimpleApplication@209fbca
----------------- Done invoking toplevel() on ptolemy.moml.MoMLSimpleApplication@209fbca
reloadAllAccessors: .ConstraintMonitor5

===========================================================================================
----------------- testing Thu Apr 16 14:03:21 UTC 2020 /home/travis/build/icyphy/ptII/ptolemy/actor/lib/test/auto/ConstraintMonitor6.xml
----------------- Instantiating /home/travis/build/icyphy/ptII/ptolemy/actor/lib/test/auto/ConstraintMonitor6.xml
2 ms. Memory: 538624K Free: 466438K (87%)
----------------- Invoking toplevel() on ptolemy.moml.MoMLSimpleApplication@5bc0d306
----------------- Done invoking toplevel() on ptolemy.moml.MoMLSimpleApplication@5bc0d306
reloadAllAccessors: .ConstraintMonitor6

===========================================================================================
----------------- testing Thu Apr 16 14:03:21 UTC 2020 /home/travis/build/icyphy/ptII/ptolemy/actor/lib/test/auto/ConstraintMonitor7.xml
----------------- Instantiating /home/travis/build/icyphy/ptII/ptolemy/actor/lib/test/auto/ConstraintMonitor7.xml
3 ms. Memory: 538624K Free: 460270K (85%)
----------------- Invoking toplevel() on ptolemy.moml.MoMLSimpleApplication@72fd8476
----------------- Done invoking toplevel() on ptolemy.moml.MoMLSimpleApplication@72fd8476
reloadAllAccessors: .ConstraintMonitor7

===========================================================================================
----------------- testing Thu Apr 16 14:03:21 UTC 2020 /home/travis/build/icyphy/ptII/ptolemy/actor/lib/test/auto/ConstraintMonitor8.xml
----------------- Instantiating /home/travis/build/icyphy/ptII/ptolemy/actor/lib/test/auto/ConstraintMonitor8.xml
3 ms. Memory: 538624K Free: 453132K (84%)
----------------- Invoking toplevel() on ptolemy.moml.MoMLSimpleApplication@29570fac
----------------- Done invoking toplevel() on ptolemy.moml.MoMLSimpleApplication@29570fac
reloadAllAccessors: .ConstraintMonitor8

===========================================================================================
----------------- testing Thu Apr 16 14:03:21 UTC 2020 /home/travis/build/icyphy/ptII/ptolemy/actor/lib/test/auto/Counter.xml
----------------- Instantiating /home/travis/build/icyphy/ptII/ptolemy/actor/lib/test/auto/Counter.xml
2 ms. Memory: 538624K Free: 448012K (83%)
----------------- Invoking toplevel() on ptolemy.moml.MoMLSimpleApplication@6f6dc62c
----------------- Done invoking toplevel() on ptolemy.moml.MoMLSimpleApplication@6f6dc62c
reloadAllAccessors: .Counter

===========================================================================================
----------------- testing Thu Apr 16 14:03:21 UTC 2020 /home/travis/build/icyphy/ptII/ptolemy/actor/lib/test/auto/CurrentTimeSDF.xml
----------------- Instantiating /home/travis/build/icyphy/ptII/ptolemy/actor/lib/test/auto/CurrentTimeSDF.xml
1 ms. Memory: 538624K Free: 443916K (82%)
----------------- Invoking toplevel() on ptolemy.moml.MoMLSimpleApplication@6ebd993d
----------------- Done invoking toplevel() on ptolemy.moml.MoMLSimpleApplication@6ebd993d
reloadAllAccessors: .CurrentTimeSDF

===========================================================================================
----------------- testing Thu Apr 16 14:03:21 UTC 2020 /home/travis/build/icyphy/ptII/ptolemy/actor/lib/test/auto/DB.xml
----------------- Instantiating /home/travis/build/icyphy/ptII/ptolemy/actor/lib/test/auto/DB.xml
1 ms. Memory: 538624K Free: 438796K (81%)
----------------- Invoking toplevel() on ptolemy.moml.MoMLSimpleApplication@643f8204
----------------- Done invoking toplevel() on ptolemy.moml.MoMLSimpleApplication@643f8204
reloadAllAccessors: .DB

===========================================================================================
----------------- testing Thu Apr 16 14:03:21 UTC 2020 /home/travis/build/icyphy/ptII/ptolemy/actor/lib/test/auto/DBDE.xml
----------------- Instantiating /home/travis/build/icyphy/ptII/ptolemy/actor/lib/test/auto/DBDE.xml
1 ms. Memory: 538624K Free: 432646K (80%)
----------------- Invoking toplevel() on ptolemy.moml.MoMLSimpleApplication@64fd5216
----------------- Done invoking toplevel() on ptolemy.moml.MoMLSimpleApplication@64fd5216
reloadAllAccessors: .DBDE

===========================================================================================
----------------- testing Thu Apr 16 14:03:21 UTC 2020 /home/travis/build/icyphy/ptII/ptolemy/actor/lib/test/auto/DateConstructor.xml
----------------- Instantiating /home/travis/build/icyphy/ptII/ptolemy/actor/lib/test/auto/DateConstructor.xml
33 ms. Memory: 538624K Free: 415244K (77%)
----------------- Invoking toplevel() on ptolemy.moml.MoMLSimpleApplication@5bec019c
----------------- Done invoking toplevel() on ptolemy.moml.MoMLSimpleApplication@5bec019c
reloadAllAccessors: .DateConstructor

===========================================================================================
----------------- testing Thu Apr 16 14:03:21 UTC 2020 /home/travis/build/icyphy/ptII/ptolemy/actor/lib/test/auto/DelayTime.xml
----------------- Instantiating /home/travis/build/icyphy/ptII/ptolemy/actor/lib/test/auto/DelayTime.xml
5 ms. Memory: 538624K Free: 410124K (76%)
----------------- Invoking toplevel() on ptolemy.moml.MoMLSimpleApplication@68f953d
----------------- Done invoking toplevel() on ptolemy.moml.MoMLSimpleApplication@68f953d
reloadAllAccessors: .DelayTime

===========================================================================================
----------------- testing Thu Apr 16 14:03:21 UTC 2020 /home/travis/build/icyphy/ptII/ptolemy/actor/lib/test/auto/Dictionary1.xml
----------------- Instantiating /home/travis/build/icyphy/ptII/ptolemy/actor/lib/test/auto/Dictionary1.xml
2 ms. Memory: 538624K Free: 405004K (75%)
----------------- Invoking toplevel() on ptolemy.moml.MoMLSimpleApplication@6790f844
----------------- Done invoking toplevel() on ptolemy.moml.MoMLSimpleApplication@6790f844
reloadAllAccessors: .Dictionary1

===========================================================================================
----------------- testing Thu Apr 16 14:03:21 UTC 2020 /home/travis/build/icyphy/ptII/ptolemy/actor/lib/test/auto/Dictionary2.xml
----------------- Instantiating /home/travis/build/icyphy/ptII/ptolemy/actor/lib/test/auto/Dictionary2.xml
9 ms. Memory: 538624K Free: 399374K (74%)
----------------- Invoking toplevel() on ptolemy.moml.MoMLSimpleApplication@6e159ec0
----------------- Done invoking toplevel() on ptolemy.moml.MoMLSimpleApplication@6e159ec0
reloadAllAccessors: .Dictionary2

===========================================================================================
----------------- testing Thu Apr 16 14:03:21 UTC 2020 /home/travis/build/icyphy/ptII/ptolemy/actor/lib/test/auto/Dictionary3.xml
----------------- Instantiating /home/travis/build/icyphy/ptII/ptolemy/actor/lib/test/auto/Dictionary3.xml
1 ms. Memory: 538624K Free: 393740K (73%)
----------------- Invoking toplevel() on ptolemy.moml.MoMLSimpleApplication@34ba2ad6
----------------- Done invoking toplevel() on ptolemy.moml.MoMLSimpleApplication@34ba2ad6
reloadAllAccessors: .Dictionary3

===========================================================================================
----------------- testing Thu Apr 16 14:03:21 UTC 2020 /home/travis/build/icyphy/ptII/ptolemy/actor/lib/test/auto/Dictionary4.xml
----------------- Instantiating /home/travis/build/icyphy/ptII/ptolemy/actor/lib/test/auto/Dictionary4.xml
12 ms. Memory: 538624K Free: 387086K (72%)
----------------- Invoking toplevel() on ptolemy.moml.MoMLSimpleApplication@725004e7
----------------- Done invoking toplevel() on ptolemy.moml.MoMLSimpleApplication@725004e7
reloadAllAccessors: .Dictionary4

===========================================================================================
----------------- testing Thu Apr 16 14:03:21 UTC 2020 /home/travis/build/icyphy/ptII/ptolemy/actor/lib/test/auto/Differential.xml
----------------- Instantiating /home/travis/build/icyphy/ptII/ptolemy/actor/lib/test/auto/Differential.xml
2 ms. Memory: 538624K Free: 382476K (71%)
----------------- Invoking toplevel() on ptolemy.moml.MoMLSimpleApplication@293acc98
----------------- Done invoking toplevel() on ptolemy.moml.MoMLSimpleApplication@293acc98
reloadAllAccessors: .Differential

===========================================================================================
----------------- testing Thu Apr 16 14:03:21 UTC 2020 /home/travis/build/icyphy/ptII/ptolemy/actor/lib/test/auto/Director.xml
----------------- Instantiating /home/travis/build/icyphy/ptII/ptolemy/actor/lib/test/auto/Director.xml
2 ms. Memory: 538624K Free: 378894K (70%)
----------------- Invoking toplevel() on ptolemy.moml.MoMLSimpleApplication@18a173ba
----------------- Done invoking toplevel() on ptolemy.moml.MoMLSimpleApplication@18a173ba
reloadAllAccessors: .Director

===========================================================================================
----------------- testing Thu Apr 16 14:03:21 UTC 2020 /home/travis/build/icyphy/ptII/ptolemy/actor/lib/test/auto/DiscreteClock.xml
----------------- Instantiating /home/travis/build/icyphy/ptII/ptolemy/actor/lib/test/auto/DiscreteClock.xml
1 ms. Memory: 538624K Free: 375308K (70%)
----------------- Invoking toplevel() on ptolemy.moml.MoMLSimpleApplication@128c3eae
----------------- Done invoking toplevel() on ptolemy.moml.MoMLSimpleApplication@128c3eae
reloadAllAccessors: .DiscreteClock

===========================================================================================
----------------- testing Thu Apr 16 14:03:21 UTC 2020 /home/travis/build/icyphy/ptII/ptolemy/actor/lib/test/auto/DiscreteClock10.xml
----------------- Instantiating /home/travis/build/icyphy/ptII/ptolemy/actor/lib/test/auto/DiscreteClock10.xml
4 ms. Memory: 538624K Free: 369164K (69%)
----------------- Invoking toplevel() on ptolemy.moml.MoMLSimpleApplication@42711d02
----------------- Done invoking toplevel() on ptolemy.moml.MoMLSimpleApplication@42711d02
reloadAllAccessors: .DiscreteClock10

===========================================================================================
----------------- testing Thu Apr 16 14:03:21 UTC 2020 /home/travis/build/icyphy/ptII/ptolemy/actor/lib/test/auto/DiscreteClock11.xml
----------------- Instantiating /home/travis/build/icyphy/ptII/ptolemy/actor/lib/test/auto/DiscreteClock11.xml
1 ms. Memory: 538624K Free: 363020K (67%)
----------------- Invoking toplevel() on ptolemy.moml.MoMLSimpleApplication@7de13a06
----------------- Done invoking toplevel() on ptolemy.moml.MoMLSimpleApplication@7de13a06
reloadAllAccessors: .DiscreteClock11

===========================================================================================
----------------- testing Thu Apr 16 14:03:21 UTC 2020 /home/travis/build/icyphy/ptII/ptolemy/actor/lib/test/auto/DiscreteClock12.xml
----------------- Instantiating /home/travis/build/icyphy/ptII/ptolemy/actor/lib/test/auto/DiscreteClock12.xml
2 ms. Memory: 538624K Free: 356876K (66%)
----------------- Invoking toplevel() on ptolemy.moml.MoMLSimpleApplication@600e54ca
----------------- Done invoking toplevel() on ptolemy.moml.MoMLSimpleApplication@600e54ca
reloadAllAccessors: .DiscreteClock12

===========================================================================================
----------------- testing Thu Apr 16 14:03:21 UTC 2020 /home/travis/build/icyphy/ptII/ptolemy/actor/lib/test/auto/DiscreteClock13.xml
----------------- Instantiating /home/travis/build/icyphy/ptII/ptolemy/actor/lib/test/auto/DiscreteClock13.xml
4 ms. Memory: 538624K Free: 351246K (65%)
----------------- Invoking toplevel() on ptolemy.moml.MoMLSimpleApplication@708a0877
----------------- Done invoking toplevel() on ptolemy.moml.MoMLSimpleApplication@708a0877
reloadAllAccessors: .DiscreteClock13

===========================================================================================
----------------- testing Thu Apr 16 14:03:21 UTC 2020 /home/travis/build/icyphy/ptII/ptolemy/actor/lib/test/auto/DiscreteClock14.xml
----------------- Instantiating /home/travis/build/icyphy/ptII/ptolemy/actor/lib/test/auto/DiscreteClock14.xml
4 ms. Memory: 538624K Free: 345102K (64%)
----------------- Invoking toplevel() on ptolemy.moml.MoMLSimpleApplication@591e80b1
----------------- Done invoking toplevel() on ptolemy.moml.MoMLSimpleApplication@591e80b1
reloadAllAccessors: .DiscreteClock14

===========================================================================================
----------------- testing Thu Apr 16 14:03:21 UTC 2020 /home/travis/build/icyphy/ptII/ptolemy/actor/lib/test/auto/DiscreteClock15.xml
----------------- Instantiating /home/travis/build/icyphy/ptII/ptolemy/actor/lib/test/auto/DiscreteClock15.xml
4 ms. Memory: 538624K Free: 338958K (63%)
----------------- Invoking toplevel() on ptolemy.moml.MoMLSimpleApplication@24835c45
----------------- Done invoking toplevel() on ptolemy.moml.MoMLSimpleApplication@24835c45
reloadAllAccessors: .DiscreteClock15

===========================================================================================
----------------- testing Thu Apr 16 14:03:21 UTC 2020 /home/travis/build/icyphy/ptII/ptolemy/actor/lib/test/auto/DiscreteClock16.xml
----------------- Instantiating /home/travis/build/icyphy/ptII/ptolemy/actor/lib/test/auto/DiscreteClock16.xml
10 ms. Memory: 538624K Free: 325132K (60%)
----------------- Invoking toplevel() on ptolemy.moml.MoMLSimpleApplication@394656c5
----------------- Done invoking toplevel() on ptolemy.moml.MoMLSimpleApplication@394656c5
reloadAllAccessors: .DiscreteClock16

===========================================================================================
----------------- testing Thu Apr 16 14:03:21 UTC 2020 /home/travis/build/icyphy/ptII/ptolemy/actor/lib/test/auto/DiscreteClock17.xml
----------------- Instantiating /home/travis/build/icyphy/ptII/ptolemy/actor/lib/test/auto/DiscreteClock17.xml
14 ms. Memory: 538624K Free: 310766K (58%)
----------------- Invoking toplevel() on ptolemy.moml.MoMLSimpleApplication@419c1942
----------------- Done invoking toplevel() on ptolemy.moml.MoMLSimpleApplication@419c1942
reloadAllAccessors: .DiscreteClock17

===========================================================================================
----------------- testing Thu Apr 16 14:03:21 UTC 2020 /home/travis/build/icyphy/ptII/ptolemy/actor/lib/test/auto/DiscreteClock18.xml
----------------- Instantiating /home/travis/build/icyphy/ptII/ptolemy/actor/lib/test/auto/DiscreteClock18.xml
9 ms. Memory: 538624K Free: 296974K (55%)
----------------- Invoking toplevel() on ptolemy.moml.MoMLSimpleApplication@243902e8
----------------- Done invoking toplevel() on ptolemy.moml.MoMLSimpleApplication@243902e8
reloadAllAccessors: .DiscreteClock18

===========================================================================================
----------------- testing Thu Apr 16 14:03:21 UTC 2020 /home/travis/build/icyphy/ptII/ptolemy/actor/lib/test/auto/DiscreteClock19.xml
----------------- Instantiating /home/travis/build/icyphy/ptII/ptolemy/actor/lib/test/auto/DiscreteClock19.xml
19 ms. Memory: 538624K Free: 283148K (53%)
----------------- Invoking toplevel() on ptolemy.moml.MoMLSimpleApplication@3cffbaee
----------------- Done invoking toplevel() on ptolemy.moml.MoMLSimpleApplication@3cffbaee
reloadAllAccessors: .DiscreteClock19

===========================================================================================
----------------- testing Thu Apr 16 14:03:21 UTC 2020 /home/travis/build/icyphy/ptII/ptolemy/actor/lib/test/auto/DiscreteClock2.xml
----------------- Instantiating /home/travis/build/icyphy/ptII/ptolemy/actor/lib/test/auto/DiscreteClock2.xml
4 ms. Memory: 538624K Free: 277998K (52%)
----------------- Invoking toplevel() on ptolemy.moml.MoMLSimpleApplication@755757dd
----------------- Done invoking toplevel() on ptolemy.moml.MoMLSimpleApplication@755757dd
reloadAllAccessors: .DiscreteClock2

===========================================================================================
----------------- testing Thu Apr 16 14:03:21 UTC 2020 /home/travis/build/icyphy/ptII/ptolemy/actor/lib/test/auto/DiscreteClock20.xml
----------------- Instantiating /home/travis/build/icyphy/ptII/ptolemy/actor/lib/test/auto/DiscreteClock20.xml
5 ms. Memory: 538624K Free: 272908K (51%)
----------------- Invoking toplevel() on ptolemy.moml.MoMLSimpleApplication@457269da
----------------- Done invoking toplevel() on ptolemy.moml.MoMLSimpleApplication@457269da
reloadAllAccessors: .DiscreteClock20

===========================================================================================
----------------- testing Thu Apr 16 14:03:21 UTC 2020 /home/travis/build/icyphy/ptII/ptolemy/actor/lib/test/auto/DiscreteClock21.xml
----------------- Instantiating /home/travis/build/icyphy/ptII/ptolemy/actor/lib/test/auto/DiscreteClock21.xml
4 ms. Memory: 538624K Free: 267278K (50%)
----------------- Invoking toplevel() on ptolemy.moml.MoMLSimpleApplication@7a67dfc9
----------------- Done invoking toplevel() on ptolemy.moml.MoMLSimpleApplication@7a67dfc9
reloadAllAccessors: .DiscreteClock21

===========================================================================================
----------------- testing Thu Apr 16 14:03:21 UTC 2020 /home/travis/build/icyphy/ptII/ptolemy/actor/lib/test/auto/DiscreteClock22.xml
----------------- Instantiating /home/travis/build/icyphy/ptII/ptolemy/actor/lib/test/auto/DiscreteClock22.xml
4 ms. Memory: 538624K Free: 261644K (49%)
----------------- Invoking toplevel() on ptolemy.moml.MoMLSimpleApplication@1285fc63
----------------- Done invoking toplevel() on ptolemy.moml.MoMLSimpleApplication@1285fc63
reloadAllAccessors: .DiscreteClock22

===========================================================================================
----------------- testing Thu Apr 16 14:03:21 UTC 2020 /home/travis/build/icyphy/ptII/ptolemy/actor/lib/test/auto/DiscreteClock23.xml
----------------- Instantiating /home/travis/build/icyphy/ptII/ptolemy/actor/lib/test/auto/DiscreteClock23.xml
4 ms. Memory: 538624K Free: 256014K (48%)
----------------- Invoking toplevel() on ptolemy.moml.MoMLSimpleApplication@285eb0bb
----------------- Done invoking toplevel() on ptolemy.moml.MoMLSimpleApplication@285eb0bb
reloadAllAccessors: .DiscreteClock23

===========================================================================================
----------------- testing Thu Apr 16 14:03:21 UTC 2020 /home/travis/build/icyphy/ptII/ptolemy/actor/lib/test/auto/DiscreteClock24.xml
----------------- Instantiating /home/travis/build/icyphy/ptII/ptolemy/actor/lib/test/auto/DiscreteClock24.xml
3 ms. Memory: 538624K Free: 250894K (47%)
----------------- Invoking toplevel() on ptolemy.moml.MoMLSimpleApplication@43d2116d
----------------- Done invoking toplevel() on ptolemy.moml.MoMLSimpleApplication@43d2116d
reloadAllAccessors: .DiscreteClock24

===========================================================================================
----------------- testing Thu Apr 16 14:03:21 UTC 2020 /home/travis/build/icyphy/ptII/ptolemy/actor/lib/test/auto/DiscreteClock4.xml
----------------- Instantiating /home/travis/build/icyphy/ptII/ptolemy/actor/lib/test/auto/DiscreteClock4.xml
2 ms. Memory: 538624K Free: 245246K (46%)
----------------- Invoking toplevel() on ptolemy.moml.MoMLSimpleApplication@506eaf04
----------------- Done invoking toplevel() on ptolemy.moml.MoMLSimpleApplication@506eaf04
reloadAllAccessors: .DiscreteClock4

===========================================================================================
----------------- testing Thu Apr 16 14:03:21 UTC 2020 /home/travis/build/icyphy/ptII/ptolemy/actor/lib/test/auto/DiscreteClock5.xml
----------------- Instantiating /home/travis/build/icyphy/ptII/ptolemy/actor/lib/test/auto/DiscreteClock5.xml
2 ms. Memory: 538624K Free: 239630K (44%)
----------------- Invoking toplevel() on ptolemy.moml.MoMLSimpleApplication@5ac8b354
----------------- Done invoking toplevel() on ptolemy.moml.MoMLSimpleApplication@5ac8b354
reloadAllAccessors: .DiscreteClock5

===========================================================================================
----------------- testing Thu Apr 16 14:03:21 UTC 2020 /home/travis/build/icyphy/ptII/ptolemy/actor/lib/test/auto/DiscreteClock6.xml
----------------- Instantiating /home/travis/build/icyphy/ptII/ptolemy/actor/lib/test/auto/DiscreteClock6.xml
1 ms. Memory: 538624K Free: 235020K (44%)
----------------- Invoking toplevel() on ptolemy.moml.MoMLSimpleApplication@d6a9346
----------------- Done invoking toplevel() on ptolemy.moml.MoMLSimpleApplication@d6a9346
reloadAllAccessors: .DiscreteClock6

===========================================================================================
----------------- testing Thu Apr 16 14:03:21 UTC 2020 /home/travis/build/icyphy/ptII/ptolemy/actor/lib/test/auto/DiscreteClock7.xml
----------------- Instantiating /home/travis/build/icyphy/ptII/ptolemy/actor/lib/test/auto/DiscreteClock7.xml
1 ms. Memory: 538624K Free: 230924K (43%)
----------------- Invoking toplevel() on ptolemy.moml.MoMLSimpleApplication@4eb4c5ad
----------------- Done invoking toplevel() on ptolemy.moml.MoMLSimpleApplication@4eb4c5ad
reloadAllAccessors: .DiscreteClock7

===========================================================================================
----------------- testing Thu Apr 16 14:03:21 UTC 2020 /home/travis/build/icyphy/ptII/ptolemy/actor/lib/test/auto/DiscreteClock8.xml
----------------- Instantiating /home/travis/build/icyphy/ptII/ptolemy/actor/lib/test/auto/DiscreteClock8.xml
3 ms. Memory: 538624K Free: 225294K (42%)
----------------- Invoking toplevel() on ptolemy.moml.MoMLSimpleApplication@28dfa643
----------------- Done invoking toplevel() on ptolemy.moml.MoMLSimpleApplication@28dfa643
reloadAllAccessors: .DiscreteClock8

===========================================================================================
----------------- testing Thu Apr 16 14:03:21 UTC 2020 /home/travis/build/icyphy/ptII/ptolemy/actor/lib/test/auto/DiscreteClock9.xml
----------------- Instantiating /home/travis/build/icyphy/ptII/ptolemy/actor/lib/test/auto/DiscreteClock9.xml
2 ms. Memory: 538624K Free: 219150K (41%)
----------------- Invoking toplevel() on ptolemy.moml.MoMLSimpleApplication@5acdb849
----------------- Done invoking toplevel() on ptolemy.moml.MoMLSimpleApplication@5acdb849
reloadAllAccessors: .DiscreteClock9

===========================================================================================
----------------- testing Thu Apr 16 14:03:21 UTC 2020 /home/travis/build/icyphy/ptII/ptolemy/actor/lib/test/auto/DisplayArray.xml
----------------- Instantiating /home/travis/build/icyphy/ptII/ptolemy/actor/lib/test/auto/DisplayArray.xml
1 ms. Memory: 538624K Free: 215564K (40%)
----------------- Invoking toplevel() on ptolemy.moml.MoMLSimpleApplication@def8bca
----------------- Done invoking toplevel() on ptolemy.moml.MoMLSimpleApplication@def8bca
reloadAllAccessors: .DisplayArray

===========================================================================================
----------------- testing Thu Apr 16 14:03:21 UTC 2020 /home/travis/build/icyphy/ptII/ptolemy/actor/lib/test/auto/Distributor.xml
----------------- Instantiating /home/travis/build/icyphy/ptII/ptolemy/actor/lib/test/auto/Distributor.xml
2 ms. Memory: 538624K Free: 210958K (39%)
----------------- Invoking toplevel() on ptolemy.moml.MoMLSimpleApplication@4f5ff711
----------------- Done invoking toplevel() on ptolemy.moml.MoMLSimpleApplication@4f5ff711
reloadAllAccessors: .Distributor

===========================================================================================
----------------- testing Thu Apr 16 14:03:21 UTC 2020 /home/travis/build/icyphy/ptII/ptolemy/actor/lib/test/auto/Distributor2.xml
----------------- Instantiating /home/travis/build/icyphy/ptII/ptolemy/actor/lib/test/auto/Distributor2.xml
2 ms. Memory: 538624K Free: 205838K (38%)
----------------- Invoking toplevel() on ptolemy.moml.MoMLSimpleApplication@52f20e41
----------------- Done invoking toplevel() on ptolemy.moml.MoMLSimpleApplication@52f20e41
reloadAllAccessors: .Distributor2

===========================================================================================
----------------- testing Thu Apr 16 14:03:21 UTC 2020 /home/travis/build/icyphy/ptII/ptolemy/actor/lib/test/auto/DownSample.xml
----------------- Instantiating /home/travis/build/icyphy/ptII/ptolemy/actor/lib/test/auto/DownSample.xml
1 ms. Memory: 538624K Free: 201228K (37%)
----------------- Invoking toplevel() on ptolemy.moml.MoMLSimpleApplication@48056d7b
----------------- Done invoking toplevel() on ptolemy.moml.MoMLSimpleApplication@48056d7b
reloadAllAccessors: .DownSample

===========================================================================================
----------------- testing Thu Apr 16 14:03:21 UTC 2020 /home/travis/build/icyphy/ptII/ptolemy/actor/lib/test/auto/ElectronicUnitBase1.xml
----------------- Instantiating /home/travis/build/icyphy/ptII/ptolemy/actor/lib/test/auto/ElectronicUnitBase1.xml
16 ms. Memory: 538624K Free: 473778K (88%)
----------------- Invoking toplevel() on ptolemy.moml.MoMLSimpleApplication@54673c14
----------------- Done invoking toplevel() on ptolemy.moml.MoMLSimpleApplication@54673c14
reloadAllAccessors: .ElectronicUnitBase1

===========================================================================================
----------------- testing Thu Apr 16 14:03:22 UTC 2020 /home/travis/build/icyphy/ptII/ptolemy/actor/lib/test/auto/ElementsToArray.xml
----------------- Instantiating /home/travis/build/icyphy/ptII/ptolemy/actor/lib/test/auto/ElementsToArray.xml
3 ms. Memory: 538624K Free: 468658K (87%)
----------------- Invoking toplevel() on ptolemy.moml.MoMLSimpleApplication@395d11c6
----------------- Done invoking toplevel() on ptolemy.moml.MoMLSimpleApplication@395d11c6
reloadAllAccessors: .ElementsToArray

===========================================================================================
----------------- testing Thu Apr 16 14:03:22 UTC 2020 /home/travis/build/icyphy/ptII/ptolemy/actor/lib/test/auto/Equals.xml
----------------- Instantiating /home/travis/build/icyphy/ptII/ptolemy/actor/lib/test/auto/Equals.xml
2 ms. Memory: 538624K Free: 464052K (86%)
----------------- Invoking toplevel() on ptolemy.moml.MoMLSimpleApplication@649673f2
----------------- Done invoking toplevel() on ptolemy.moml.MoMLSimpleApplication@649673f2
reloadAllAccessors: .Equals

===========================================================================================
----------------- testing Thu Apr 16 14:03:22 UTC 2020 /home/travis/build/icyphy/ptII/ptolemy/actor/lib/test/auto/Exec.xml
----------------- Instantiating /home/travis/build/icyphy/ptII/ptolemy/actor/lib/test/auto/Exec.xml
11 ms. Memory: 538624K Free: 458418K (85%)
----------------- Invoking toplevel() on ptolemy.moml.MoMLSimpleApplication@18fd5a7e
----------------- Done invoking toplevel() on ptolemy.moml.MoMLSimpleApplication@18fd5a7e
reloadAllAccessors: .Exec

===========================================================================================
----------------- testing Thu Apr 16 14:03:22 UTC 2020 /home/travis/build/icyphy/ptII/ptolemy/actor/lib/test/auto/ExecEnvironment.xml
----------------- Instantiating /home/travis/build/icyphy/ptII/ptolemy/actor/lib/test/auto/ExecEnvironment.xml
17 ms. Memory: 538624K Free: 453284K (84%)
----------------- Invoking toplevel() on ptolemy.moml.MoMLSimpleApplication@579e7fa9
----------------- Done invoking toplevel() on ptolemy.moml.MoMLSimpleApplication@579e7fa9
reloadAllAccessors: .ExecEnvironment

===========================================================================================
----------------- testing Thu Apr 16 14:03:22 UTC 2020 /home/travis/build/icyphy/ptII/ptolemy/actor/lib/test/auto/ExecNonZeroReturnOutput.xml
----------------- Instantiating /home/travis/build/icyphy/ptII/ptolemy/actor/lib/test/auto/ExecNonZeroReturnOutput.xml
148 ms. Memory: 538624K Free: 441524K (82%)
----------------- Invoking toplevel() on ptolemy.moml.MoMLSimpleApplication@296479d5
----------------- Done invoking toplevel() on ptolemy.moml.MoMLSimpleApplication@296479d5
reloadAllAccessors: .ExecNonZeroReturnOutput

===========================================================================================
----------------- testing Thu Apr 16 14:03:22 UTC 2020 /home/travis/build/icyphy/ptII/ptolemy/actor/lib/test/auto/ExecRunDemos.xml
----------------- Instantiating /home/travis/build/icyphy/ptII/ptolemy/actor/lib/test/auto/ExecRunDemos.xml
Finished: 60 ms. Memory: 129024K Free: 112365K (87%)

Finished: 78 ms. Memory: 129024K Free: 109403K (85%)

Finished: 100 ms. Memory: 129024K Free: 109538K (85%)

Finished: 64 ms. Memory: 129024K Free: 111033K (86%)

Finished: 77 ms. Memory: 129024K Free: 111898K (87%)

10026 ms. Memory: 538624K Free: 420018K (78%)
----------------- Invoking toplevel() on ptolemy.moml.MoMLSimpleApplication@75a991c8
----------------- Done invoking toplevel() on ptolemy.moml.MoMLSimpleApplication@75a991c8
reloadAllAccessors: .ExecRunDemos

===========================================================================================
----------------- testing Thu Apr 16 14:03:32 UTC 2020 /home/travis/build/icyphy/ptII/ptolemy/actor/lib/test/auto/ExecStop.xml
----------------- Instantiating /home/travis/build/icyphy/ptII/ptolemy/actor/lib/test/auto/ExecStop.xml
5023 ms. Memory: 538624K Free: 293044K (54%)
----------------- Invoking toplevel() on ptolemy.moml.MoMLSimpleApplication@34da34d9
----------------- Done invoking toplevel() on ptolemy.moml.MoMLSimpleApplication@34da34d9
reloadAllAccessors: .ExecStop

===========================================================================================
----------------- testing Thu Apr 16 14:03:37 UTC 2020 /home/travis/build/icyphy/ptII/ptolemy/actor/lib/test/auto/ExecutionTimeSDF.xml
----------------- Instantiating /home/travis/build/icyphy/ptII/ptolemy/actor/lib/test/auto/ExecutionTimeSDF.xml
Fired ExecutionTime: -714167296
Fired ExecutionTime: 1320400000
Fired ExecutionTime: -10567296
6004 ms. Memory: 538624K Free: 280756K (52%)
----------------- Invoking toplevel() on ptolemy.moml.MoMLSimpleApplication@72d761d9
----------------- Done invoking toplevel() on ptolemy.moml.MoMLSimpleApplication@72d761d9
reloadAllAccessors: .ExecutionTimeSDF

===========================================================================================
----------------- testing Thu Apr 16 14:03:43 UTC 2020 /home/travis/build/icyphy/ptII/ptolemy/actor/lib/test/auto/Expression1.xml
----------------- Instantiating /home/travis/build/icyphy/ptII/ptolemy/actor/lib/test/auto/Expression1.xml
2 ms. Memory: 538624K Free: 277684K (52%)
----------------- Invoking toplevel() on ptolemy.moml.MoMLSimpleApplication@688b265f
----------------- Done invoking toplevel() on ptolemy.moml.MoMLSimpleApplication@688b265f
reloadAllAccessors: .Expression1

===========================================================================================
----------------- testing Thu Apr 16 14:03:43 UTC 2020 /home/travis/build/icyphy/ptII/ptolemy/actor/lib/test/auto/Expression10.xml
----------------- Instantiating /home/travis/build/icyphy/ptII/ptolemy/actor/lib/test/auto/Expression10.xml
6 ms. Memory: 538624K Free: 272050K (51%)
----------------- Invoking toplevel() on ptolemy.moml.MoMLSimpleApplication@37269d93
----------------- Done invoking toplevel() on ptolemy.moml.MoMLSimpleApplication@37269d93
reloadAllAccessors: .Expression10

===========================================================================================
----------------- testing Thu Apr 16 14:03:43 UTC 2020 /home/travis/build/icyphy/ptII/ptolemy/actor/lib/test/auto/Expression11.xml
----------------- Instantiating /home/travis/build/icyphy/ptII/ptolemy/actor/lib/test/auto/Expression11.xml
6 ms. Memory: 538624K Free: 267954K (50%)
----------------- Invoking toplevel() on ptolemy.moml.MoMLSimpleApplication@10bd7bc0
----------------- Done invoking toplevel() on ptolemy.moml.MoMLSimpleApplication@10bd7bc0
reloadAllAccessors: .Expression11

===========================================================================================
----------------- testing Thu Apr 16 14:03:43 UTC 2020 /home/travis/build/icyphy/ptII/ptolemy/actor/lib/test/auto/Expression12.xml
----------------- Instantiating /home/travis/build/icyphy/ptII/ptolemy/actor/lib/test/auto/Expression12.xml
2 ms. Memory: 538624K Free: 262324K (49%)
----------------- Invoking toplevel() on ptolemy.moml.MoMLSimpleApplication@13240342
----------------- Done invoking toplevel() on ptolemy.moml.MoMLSimpleApplication@13240342
reloadAllAccessors: .Expression12

===========================================================================================
----------------- testing Thu Apr 16 14:03:43 UTC 2020 /home/travis/build/icyphy/ptII/ptolemy/actor/lib/test/auto/Expression13.xml
----------------- Instantiating /home/travis/build/icyphy/ptII/ptolemy/actor/lib/test/auto/Expression13.xml
2 ms. Memory: 538624K Free: 257714K (48%)
----------------- Invoking toplevel() on ptolemy.moml.MoMLSimpleApplication@60099eef
----------------- Done invoking toplevel() on ptolemy.moml.MoMLSimpleApplication@60099eef
reloadAllAccessors: .Expression13

===========================================================================================
----------------- testing Thu Apr 16 14:03:43 UTC 2020 /home/travis/build/icyphy/ptII/ptolemy/actor/lib/test/auto/Expression14.xml
----------------- Instantiating /home/travis/build/icyphy/ptII/ptolemy/actor/lib/test/auto/Expression14.xml
7 ms. Memory: 538624K Free: 251570K (47%)
----------------- Invoking toplevel() on ptolemy.moml.MoMLSimpleApplication@2340ad32
----------------- Done invoking toplevel() on ptolemy.moml.MoMLSimpleApplication@2340ad32
reloadAllAccessors: .Expression14

===========================================================================================
----------------- testing Thu Apr 16 14:03:43 UTC 2020 /home/travis/build/icyphy/ptII/ptolemy/actor/lib/test/auto/Expression15.xml
----------------- Instantiating /home/travis/build/icyphy/ptII/ptolemy/actor/lib/test/auto/Expression15.xml
1 ms. Memory: 538624K Free: 247988K (46%)
----------------- Invoking toplevel() on ptolemy.moml.MoMLSimpleApplication@6dbf2271
----------------- Done invoking toplevel() on ptolemy.moml.MoMLSimpleApplication@6dbf2271
reloadAllAccessors: .Expression15

===========================================================================================
----------------- testing Thu Apr 16 14:03:43 UTC 2020 /home/travis/build/icyphy/ptII/ptolemy/actor/lib/test/auto/Expression16.xml
----------------- Instantiating /home/travis/build/icyphy/ptII/ptolemy/actor/lib/test/auto/Expression16.xml
3 ms. Memory: 538624K Free: 242868K (45%)
----------------- Invoking toplevel() on ptolemy.moml.MoMLSimpleApplication@59fa51f
----------------- Done invoking toplevel() on ptolemy.moml.MoMLSimpleApplication@59fa51f
reloadAllAccessors: .Expression16

===========================================================================================
----------------- testing Thu Apr 16 14:03:43 UTC 2020 /home/travis/build/icyphy/ptII/ptolemy/actor/lib/test/auto/Expression17.xml
----------------- Instantiating /home/travis/build/icyphy/ptII/ptolemy/actor/lib/test/auto/Expression17.xml
5 ms. Memory: 538624K Free: 238258K (44%)
----------------- Invoking toplevel() on ptolemy.moml.MoMLSimpleApplication@1e4d19f5
----------------- Done invoking toplevel() on ptolemy.moml.MoMLSimpleApplication@1e4d19f5
reloadAllAccessors: .Expression17

===========================================================================================
----------------- testing Thu Apr 16 14:03:43 UTC 2020 /home/travis/build/icyphy/ptII/ptolemy/actor/lib/test/auto/Expression18.xml
----------------- Instantiating /home/travis/build/icyphy/ptII/ptolemy/actor/lib/test/auto/Expression18.xml
2 ms. Memory: 538624K Free: 233138K (43%)
----------------- Invoking toplevel() on ptolemy.moml.MoMLSimpleApplication@191bac91
----------------- Done invoking toplevel() on ptolemy.moml.MoMLSimpleApplication@191bac91
reloadAllAccessors: .Expression18

===========================================================================================
----------------- testing Thu Apr 16 14:03:43 UTC 2020 /home/travis/build/icyphy/ptII/ptolemy/actor/lib/test/auto/Expression2.xml
----------------- Instantiating /home/travis/build/icyphy/ptII/ptolemy/actor/lib/test/auto/Expression2.xml
2 ms. Memory: 538624K Free: 228018K (42%)
----------------- Invoking toplevel() on ptolemy.moml.MoMLSimpleApplication@14ddffa6
----------------- Done invoking toplevel() on ptolemy.moml.MoMLSimpleApplication@14ddffa6
reloadAllAccessors: .Expression2

===========================================================================================
----------------- testing Thu Apr 16 14:03:43 UTC 2020 /home/travis/build/icyphy/ptII/ptolemy/actor/lib/test/auto/Expression3.xml
----------------- Instantiating /home/travis/build/icyphy/ptII/ptolemy/actor/lib/test/auto/Expression3.xml
4 ms. Memory: 538624K Free: 223412K (41%)
----------------- Invoking toplevel() on ptolemy.moml.MoMLSimpleApplication@7e11c157
----------------- Done invoking toplevel() on ptolemy.moml.MoMLSimpleApplication@7e11c157
reloadAllAccessors: .Expression3

===========================================================================================
----------------- testing Thu Apr 16 14:03:43 UTC 2020 /home/travis/build/icyphy/ptII/ptolemy/actor/lib/test/auto/Expression4.xml
----------------- Instantiating /home/travis/build/icyphy/ptII/ptolemy/actor/lib/test/auto/Expression4.xml
3 ms. Memory: 538624K Free: 215730K (40%)
----------------- Invoking toplevel() on ptolemy.moml.MoMLSimpleApplication@3e7e7001
----------------- Done invoking toplevel() on ptolemy.moml.MoMLSimpleApplication@3e7e7001
reloadAllAccessors: .Expression4

===========================================================================================
----------------- testing Thu Apr 16 14:03:43 UTC 2020 /home/travis/build/icyphy/ptII/ptolemy/actor/lib/test/auto/Expression5.xml
----------------- Instantiating /home/travis/build/icyphy/ptII/ptolemy/actor/lib/test/auto/Expression5.xml
4 ms. Memory: 538624K Free: 211124K (39%)
----------------- Invoking toplevel() on ptolemy.moml.MoMLSimpleApplication@2c642231
----------------- Done invoking toplevel() on ptolemy.moml.MoMLSimpleApplication@2c642231
reloadAllAccessors: .Expression5

===========================================================================================
----------------- testing Thu Apr 16 14:03:43 UTC 2020 /home/travis/build/icyphy/ptII/ptolemy/actor/lib/test/auto/Expression6.xml
----------------- Instantiating /home/travis/build/icyphy/ptII/ptolemy/actor/lib/test/auto/Expression6.xml
1 ms. Memory: 538624K Free: 206004K (38%)
----------------- Invoking toplevel() on ptolemy.moml.MoMLSimpleApplication@50cedc2d
----------------- Done invoking toplevel() on ptolemy.moml.MoMLSimpleApplication@50cedc2d
reloadAllAccessors: .Expression6

===========================================================================================
----------------- testing Thu Apr 16 14:03:43 UTC 2020 /home/travis/build/icyphy/ptII/ptolemy/actor/lib/test/auto/Expression7.xml
----------------- Instantiating /home/travis/build/icyphy/ptII/ptolemy/actor/lib/test/auto/Expression7.xml
9 ms. Memory: 538624K Free: 200884K (37%)
----------------- Invoking toplevel() on ptolemy.moml.MoMLSimpleApplication@68721518
----------------- Done invoking toplevel() on ptolemy.moml.MoMLSimpleApplication@68721518
reloadAllAccessors: .Expression7

===========================================================================================
----------------- testing Thu Apr 16 14:03:43 UTC 2020 /home/travis/build/icyphy/ptII/ptolemy/actor/lib/test/auto/Expression8.xml
----------------- Instantiating /home/travis/build/icyphy/ptII/ptolemy/actor/lib/test/auto/Expression8.xml
7 ms. Memory: 538624K Free: 196274K (36%)
----------------- Invoking toplevel() on ptolemy.moml.MoMLSimpleApplication@2fa8e044
----------------- Done invoking toplevel() on ptolemy.moml.MoMLSimpleApplication@2fa8e044
reloadAllAccessors: .Expression8

===========================================================================================
----------------- testing Thu Apr 16 14:03:43 UTC 2020 /home/travis/build/icyphy/ptII/ptolemy/actor/lib/test/auto/Expression9.xml
----------------- Instantiating /home/travis/build/icyphy/ptII/ptolemy/actor/lib/test/auto/Expression9.xml
2 ms. Memory: 538624K Free: 192178K (36%)
----------------- Invoking toplevel() on ptolemy.moml.MoMLSimpleApplication@3b2d0965
----------------- Done invoking toplevel() on ptolemy.moml.MoMLSimpleApplication@3b2d0965
reloadAllAccessors: .Expression9

===========================================================================================
----------------- testing Thu Apr 16 14:03:43 UTC 2020 /home/travis/build/icyphy/ptII/ptolemy/actor/lib/test/auto/ExpressionConcatenateArrayType.xml
----------------- Instantiating /home/travis/build/icyphy/ptII/ptolemy/actor/lib/test/auto/ExpressionConcatenateArrayType.xml
3 ms. Memory: 538624K Free: 186034K (35%)
----------------- Invoking toplevel() on ptolemy.moml.MoMLSimpleApplication@32d64798
----------------- Done invoking toplevel() on ptolemy.moml.MoMLSimpleApplication@32d64798
reloadAllAccessors: .ExpressionConcatenateArrayType

===========================================================================================
----------------- testing Thu Apr 16 14:03:43 UTC 2020 /home/travis/build/icyphy/ptII/ptolemy/actor/lib/test/auto/ExpressionConcatenateArrayType2.xml
----------------- Instantiating /home/travis/build/icyphy/ptII/ptolemy/actor/lib/test/auto/ExpressionConcatenateArrayType2.xml
1 ms. Memory: 538624K Free: 180404K (33%)
----------------- Invoking toplevel() on ptolemy.moml.MoMLSimpleApplication@6f41ad66
----------------- Done invoking toplevel() on ptolemy.moml.MoMLSimpleApplication@6f41ad66
reloadAllAccessors: .ExpressionConcatenateArrayType2

===========================================================================================
----------------- testing Thu Apr 16 14:03:43 UTC 2020 /home/travis/build/icyphy/ptII/ptolemy/actor/lib/test/auto/ExpressionFix.xml
----------------- Instantiating /home/travis/build/icyphy/ptII/ptolemy/actor/lib/test/auto/ExpressionFix.xml
21 ms. Memory: 538624K Free: 174260K (32%)
----------------- Invoking toplevel() on ptolemy.moml.MoMLSimpleApplication@21a29e19
----------------- Done invoking toplevel() on ptolemy.moml.MoMLSimpleApplication@21a29e19
reloadAllAccessors: .ExpressionFix

===========================================================================================
----------------- testing Thu Apr 16 14:03:43 UTC 2020 /home/travis/build/icyphy/ptII/ptolemy/actor/lib/test/auto/ExpressionFix2.xml
----------------- Instantiating /home/travis/build/icyphy/ptII/ptolemy/actor/lib/test/auto/ExpressionFix2.xml
4 ms. Memory: 538624K Free: 170164K (32%)
----------------- Invoking toplevel() on ptolemy.moml.MoMLSimpleApplication@6c6f0072
----------------- Done invoking toplevel() on ptolemy.moml.MoMLSimpleApplication@6c6f0072
reloadAllAccessors: .ExpressionFix2

===========================================================================================
----------------- testing Thu Apr 16 14:03:43 UTC 2020 /home/travis/build/icyphy/ptII/ptolemy/actor/lib/test/auto/ExpressionFix3.xml
----------------- Instantiating /home/travis/build/icyphy/ptII/ptolemy/actor/lib/test/auto/ExpressionFix3.xml
2 ms. Memory: 538624K Free: 485556K (90%)
----------------- Invoking toplevel() on ptolemy.moml.MoMLSimpleApplication@520a579a
----------------- Done invoking toplevel() on ptolemy.moml.MoMLSimpleApplication@520a579a
reloadAllAccessors: .ExpressionFix3

===========================================================================================
----------------- testing Thu Apr 16 14:03:43 UTC 2020 /home/travis/build/icyphy/ptII/ptolemy/actor/lib/test/auto/FileWriter1.xml
----------------- Instantiating /home/travis/build/icyphy/ptII/ptolemy/actor/lib/test/auto/FileWriter1.xml
2 ms. Memory: 538624K Free: 481463K (89%)
----------------- Invoking toplevel() on ptolemy.moml.MoMLSimpleApplication@722d1384
----------------- Done invoking toplevel() on ptolemy.moml.MoMLSimpleApplication@722d1384
reloadAllAccessors: .FileWriter1

===========================================================================================
----------------- testing Thu Apr 16 14:03:43 UTC 2020 /home/travis/build/icyphy/ptII/ptolemy/actor/lib/test/auto/FileWriter2.xml
----------------- Instantiating /home/travis/build/icyphy/ptII/ptolemy/actor/lib/test/auto/FileWriter2.xml
2 ms. Memory: 538624K Free: 476857K (89%)
----------------- Invoking toplevel() on ptolemy.moml.MoMLSimpleApplication@75c8f16f
----------------- Done invoking toplevel() on ptolemy.moml.MoMLSimpleApplication@75c8f16f
reloadAllAccessors: .FileWriter2

===========================================================================================
----------------- testing Thu Apr 16 14:03:43 UTC 2020 /home/travis/build/icyphy/ptII/ptolemy/actor/lib/test/auto/FileWriter3.xml
----------------- Instantiating /home/travis/build/icyphy/ptII/ptolemy/actor/lib/test/auto/FileWriter3.xml
3 ms. Memory: 538624K Free: 473271K (88%)
----------------- Invoking toplevel() on ptolemy.moml.MoMLSimpleApplication@7614ff7b
----------------- Done invoking toplevel() on ptolemy.moml.MoMLSimpleApplication@7614ff7b
reloadAllAccessors: .FileWriter3

===========================================================================================
----------------- testing Thu Apr 16 14:03:43 UTC 2020 /home/travis/build/icyphy/ptII/ptolemy/actor/lib/test/auto/Gaussian.xml
----------------- Instantiating /home/travis/build/icyphy/ptII/ptolemy/actor/lib/test/auto/Gaussian.xml
6 ms. Memory: 538624K Free: 468665K (87%)
----------------- Invoking toplevel() on ptolemy.moml.MoMLSimpleApplication@3d981c1b
----------------- Done invoking toplevel() on ptolemy.moml.MoMLSimpleApplication@3d981c1b
reloadAllAccessors: .Gaussian

===========================================================================================
----------------- testing Thu Apr 16 14:03:43 UTC 2020 /home/travis/build/icyphy/ptII/ptolemy/actor/lib/test/auto/Gaussian1.xml
----------------- Instantiating /home/travis/build/icyphy/ptII/ptolemy/actor/lib/test/auto/Gaussian1.xml
2 ms. Memory: 538624K Free: 463025K (86%)
----------------- Invoking toplevel() on ptolemy.moml.MoMLSimpleApplication@554e8585
----------------- Done invoking toplevel() on ptolemy.moml.MoMLSimpleApplication@554e8585
reloadAllAccessors: .Gaussian1

===========================================================================================
----------------- testing Thu Apr 16 14:03:43 UTC 2020 /home/travis/build/icyphy/ptII/ptolemy/actor/lib/test/auto/Gaussian2.xml
----------------- Instantiating /home/travis/build/icyphy/ptII/ptolemy/actor/lib/test/auto/Gaussian2.xml
6 ms. Memory: 538624K Free: 457881K (85%)
----------------- Invoking toplevel() on ptolemy.moml.MoMLSimpleApplication@6ebce5d
----------------- Done invoking toplevel() on ptolemy.moml.MoMLSimpleApplication@6ebce5d
reloadAllAccessors: .Gaussian2

===========================================================================================
----------------- testing Thu Apr 16 14:03:43 UTC 2020 /home/travis/build/icyphy/ptII/ptolemy/actor/lib/test/auto/GradientAdaptiveLattice.xml
----------------- Instantiating /home/travis/build/icyphy/ptII/ptolemy/actor/lib/test/auto/GradientAdaptiveLattice.xml
3 ms. Memory: 538624K Free: 452791K (84%)
----------------- Invoking toplevel() on ptolemy.moml.MoMLSimpleApplication@5cdae554
----------------- Done invoking toplevel() on ptolemy.moml.MoMLSimpleApplication@5cdae554
reloadAllAccessors: .GradientAdaptiveLattice

===========================================================================================
----------------- testing Thu Apr 16 14:03:43 UTC 2020 /home/travis/build/icyphy/ptII/ptolemy/actor/lib/test/auto/IIR.xml
----------------- Instantiating /home/travis/build/icyphy/ptII/ptolemy/actor/lib/test/auto/IIR.xml
1 ms. Memory: 538624K Free: 448695K (83%)
----------------- Invoking toplevel() on ptolemy.moml.MoMLSimpleApplication@4d36898c
----------------- Done invoking toplevel() on ptolemy.moml.MoMLSimpleApplication@4d36898c
reloadAllAccessors: .IIR

===========================================================================================
----------------- testing Thu Apr 16 14:03:43 UTC 2020 /home/travis/build/icyphy/ptII/ptolemy/actor/lib/test/auto/InputOutputTransparentPorts.xml
----------------- Instantiating /home/travis/build/icyphy/ptII/ptolemy/actor/lib/test/auto/InputOutputTransparentPorts.xml
2 ms. Memory: 538624K Free: 441527K (82%)
----------------- Invoking toplevel() on ptolemy.moml.MoMLSimpleApplication@1b0471fa
----------------- Done invoking toplevel() on ptolemy.moml.MoMLSimpleApplication@1b0471fa
reloadAllAccessors: .InputOutputTransparentPorts

===========================================================================================
----------------- testing Thu Apr 16 14:03:43 UTC 2020 /home/travis/build/icyphy/ptII/ptolemy/actor/lib/test/auto/Interpolator.xml
----------------- Instantiating /home/travis/build/icyphy/ptII/ptolemy/actor/lib/test/auto/Interpolator.xml
3 ms. Memory: 538624K Free: 437431K (81%)
----------------- Invoking toplevel() on ptolemy.moml.MoMLSimpleApplication@4b4b6cfd
----------------- Done invoking toplevel() on ptolemy.moml.MoMLSimpleApplication@4b4b6cfd
reloadAllAccessors: .Interpolator

===========================================================================================
----------------- testing Thu Apr 16 14:03:43 UTC 2020 /home/travis/build/icyphy/ptII/ptolemy/actor/lib/test/auto/InterpolatorFiringLimitDE.xml
----------------- Instantiating /home/travis/build/icyphy/ptII/ptolemy/actor/lib/test/auto/InterpolatorFiringLimitDE.xml
1 ms. Memory: 538624K Free: 431801K (80%)
----------------- Invoking toplevel() on ptolemy.moml.MoMLSimpleApplication@110afd9b
----------------- Done invoking toplevel() on ptolemy.moml.MoMLSimpleApplication@110afd9b
reloadAllAccessors: .InterpolatorFiringLimitDE

===========================================================================================
----------------- testing Thu Apr 16 14:03:43 UTC 2020 /home/travis/build/icyphy/ptII/ptolemy/actor/lib/test/auto/Lattice.xml
----------------- Instantiating /home/travis/build/icyphy/ptII/ptolemy/actor/lib/test/auto/Lattice.xml
0 ms. Memory: 538624K Free: 427705K (79%)
----------------- Invoking toplevel() on ptolemy.moml.MoMLSimpleApplication@6f6ca012
----------------- Done invoking toplevel() on ptolemy.moml.MoMLSimpleApplication@6f6ca012
reloadAllAccessors: .Lattice

===========================================================================================
----------------- testing Thu Apr 16 14:03:43 UTC 2020 /home/travis/build/icyphy/ptII/ptolemy/actor/lib/test/auto/LazyAOCTestLazy.xml
----------------- Instantiating /home/travis/build/icyphy/ptII/ptolemy/actor/lib/test/auto/LazyAOCTestLazy.xml
15 ms. Memory: 538624K Free: 421561K (78%)
----------------- Invoking toplevel() on ptolemy.moml.MoMLSimpleApplication@13bad641
----------------- Done invoking toplevel() on ptolemy.moml.MoMLSimpleApplication@13bad641
reloadAllAccessors: .LazyAOCTestLazy

===========================================================================================
----------------- testing Thu Apr 16 14:03:44 UTC 2020 /home/travis/build/icyphy/ptII/ptolemy/actor/lib/test/auto/LazyAOCTestNonLazy.xml
----------------- Instantiating /home/travis/build/icyphy/ptII/ptolemy/actor/lib/test/auto/LazyAOCTestNonLazy.xml
1 ms. Memory: 538624K Free: 415417K (77%)
----------------- Invoking toplevel() on ptolemy.moml.MoMLSimpleApplication@38381a07
----------------- Done invoking toplevel() on ptolemy.moml.MoMLSimpleApplication@38381a07
reloadAllAccessors: .LazyAOCTestNonLazy

===========================================================================================
----------------- testing Thu Apr 16 14:03:44 UTC 2020 /home/travis/build/icyphy/ptII/ptolemy/actor/lib/test/auto/LazyInnerClass.xml
----------------- Instantiating /home/travis/build/icyphy/ptII/ptolemy/actor/lib/test/auto/LazyInnerClass.xml
18 ms. Memory: 538624K Free: 406697K (76%)
----------------- Invoking toplevel() on ptolemy.moml.MoMLSimpleApplication@e255eff
----------------- Done invoking toplevel() on ptolemy.moml.MoMLSimpleApplication@e255eff
reloadAllAccessors: .LazyInnerClass

===========================================================================================
----------------- testing Thu Apr 16 14:03:44 UTC 2020 /home/travis/build/icyphy/ptII/ptolemy/actor/lib/test/auto/LazyPubSub.xml
----------------- Instantiating /home/travis/build/icyphy/ptII/ptolemy/actor/lib/test/auto/LazyPubSub.xml
12 ms. Memory: 538624K Free: 395961K (74%)
----------------- Invoking toplevel() on ptolemy.moml.MoMLSimpleApplication@39de79a5
----------------- Done invoking toplevel() on ptolemy.moml.MoMLSimpleApplication@39de79a5
reloadAllAccessors: .LazyPubSub

===========================================================================================
----------------- testing Thu Apr 16 14:03:44 UTC 2020 /home/travis/build/icyphy/ptII/ptolemy/actor/lib/test/auto/LazyPubSub2.xml
----------------- Instantiating /home/travis/build/icyphy/ptII/ptolemy/actor/lib/test/auto/LazyPubSub2.xml
23 ms. Memory: 538624K Free: 386231K (72%)
----------------- Invoking toplevel() on ptolemy.moml.MoMLSimpleApplication@4c452814
----------------- Done invoking toplevel() on ptolemy.moml.MoMLSimpleApplication@4c452814
reloadAllAccessors: .LazyPubSub2

===========================================================================================
----------------- testing Thu Apr 16 14:03:44 UTC 2020 /home/travis/build/icyphy/ptII/ptolemy/actor/lib/test/auto/LazyPubSub3.xml
----------------- Instantiating /home/travis/build/icyphy/ptII/ptolemy/actor/lib/test/auto/LazyPubSub3.xml
11 ms. Memory: 538624K Free: 375991K (70%)
----------------- Invoking toplevel() on ptolemy.moml.MoMLSimpleApplication@7d0dc0cf
----------------- Done invoking toplevel() on ptolemy.moml.MoMLSimpleApplication@7d0dc0cf
reloadAllAccessors: .LazyPubSub3

===========================================================================================
----------------- testing Thu Apr 16 14:03:44 UTC 2020 /home/travis/build/icyphy/ptII/ptolemy/actor/lib/test/auto/LazySubClassModel.xml
----------------- Instantiating /home/travis/build/icyphy/ptII/ptolemy/actor/lib/test/auto/LazySubClassModel.xml
2 ms. Memory: 538624K Free: 366775K (68%)
----------------- Invoking toplevel() on ptolemy.moml.MoMLSimpleApplication@e86c70e
----------------- Done invoking toplevel() on ptolemy.moml.MoMLSimpleApplication@e86c70e
reloadAllAccessors: .LazySubClassModel

===========================================================================================
----------------- testing Thu Apr 16 14:03:44 UTC 2020 /home/travis/build/icyphy/ptII/ptolemy/actor/lib/test/auto/LevelCrossTest1.xml
----------------- Instantiating /home/travis/build/icyphy/ptII/ptolemy/actor/lib/test/auto/LevelCrossTest1.xml
1 ms. Memory: 538624K Free: 361655K (67%)
----------------- Invoking toplevel() on ptolemy.moml.MoMLSimpleApplication@45b0c750
----------------- Done invoking toplevel() on ptolemy.moml.MoMLSimpleApplication@45b0c750
reloadAllAccessors: .broken

===========================================================================================
----------------- testing Thu Apr 16 14:03:44 UTC 2020 /home/travis/build/icyphy/ptII/ptolemy/actor/lib/test/auto/LevelCrossTest10.xml
----------------- Instantiating /home/travis/build/icyphy/ptII/ptolemy/actor/lib/test/auto/LevelCrossTest10.xml
1 ms. Memory: 538624K Free: 354487K (66%)
----------------- Invoking toplevel() on ptolemy.moml.MoMLSimpleApplication@588b1287
----------------- Done invoking toplevel() on ptolemy.moml.MoMLSimpleApplication@588b1287
reloadAllAccessors: .LevelCrossTest10

===========================================================================================
----------------- testing Thu Apr 16 14:03:44 UTC 2020 /home/travis/build/icyphy/ptII/ptolemy/actor/lib/test/auto/LevelCrossTest11.xml
----------------- Instantiating /home/travis/build/icyphy/ptII/ptolemy/actor/lib/test/auto/LevelCrossTest11.xml
1 ms. Memory: 538624K Free: 347833K (65%)
----------------- Invoking toplevel() on ptolemy.moml.MoMLSimpleApplication@182135f
----------------- Done invoking toplevel() on ptolemy.moml.MoMLSimpleApplication@182135f
reloadAllAccessors: .LevelCrossTest11

===========================================================================================
----------------- testing Thu Apr 16 14:03:44 UTC 2020 /home/travis/build/icyphy/ptII/ptolemy/actor/lib/test/auto/LevelCrossTest12.xml
----------------- Instantiating /home/travis/build/icyphy/ptII/ptolemy/actor/lib/test/auto/LevelCrossTest12.xml
1 ms. Memory: 538624K Free: 341175K (63%)
----------------- Invoking toplevel() on ptolemy.moml.MoMLSimpleApplication@11c5c99
----------------- Done invoking toplevel() on ptolemy.moml.MoMLSimpleApplication@11c5c99
reloadAllAccessors: .LevelCrossTest12

===========================================================================================
----------------- testing Thu Apr 16 14:03:44 UTC 2020 /home/travis/build/icyphy/ptII/ptolemy/actor/lib/test/auto/LevelCrossTest13.xml
----------------- Instantiating /home/travis/build/icyphy/ptII/ptolemy/actor/lib/test/auto/LevelCrossTest13.xml
0 ms. Memory: 538624K Free: 334007K (62%)
----------------- Invoking toplevel() on ptolemy.moml.MoMLSimpleApplication@5028935d
----------------- Done invoking toplevel() on ptolemy.moml.MoMLSimpleApplication@5028935d
reloadAllAccessors: .LevelCrossTest13

===========================================================================================
----------------- testing Thu Apr 16 14:03:44 UTC 2020 /home/travis/build/icyphy/ptII/ptolemy/actor/lib/test/auto/LevelCrossTest2.xml
----------------- Instantiating /home/travis/build/icyphy/ptII/ptolemy/actor/lib/test/auto/LevelCrossTest2.xml
1 ms. Memory: 538624K Free: 328377K (61%)
----------------- Invoking toplevel() on ptolemy.moml.MoMLSimpleApplication@2b656471
----------------- Done invoking toplevel() on ptolemy.moml.MoMLSimpleApplication@2b656471
reloadAllAccessors: .broken

===========================================================================================
----------------- testing Thu Apr 16 14:03:44 UTC 2020 /home/travis/build/icyphy/ptII/ptolemy/actor/lib/test/auto/LevelCrossTest3.xml
----------------- Instantiating /home/travis/build/icyphy/ptII/ptolemy/actor/lib/test/auto/LevelCrossTest3.xml
1 ms. Memory: 538624K Free: 322743K (60%)
----------------- Invoking toplevel() on ptolemy.moml.MoMLSimpleApplication@9286463
----------------- Done invoking toplevel() on ptolemy.moml.MoMLSimpleApplication@9286463
reloadAllAccessors: .LevelCrossTest3

===========================================================================================
----------------- testing Thu Apr 16 14:03:44 UTC 2020 /home/travis/build/icyphy/ptII/ptolemy/actor/lib/test/auto/LevelCrossTest4.xml
----------------- Instantiating /home/travis/build/icyphy/ptII/ptolemy/actor/lib/test/auto/LevelCrossTest4.xml
1 ms. Memory: 538624K Free: 317113K (59%)
----------------- Invoking toplevel() on ptolemy.moml.MoMLSimpleApplication@250b92c8
----------------- Done invoking toplevel() on ptolemy.moml.MoMLSimpleApplication@250b92c8
reloadAllAccessors: .broken

===========================================================================================
----------------- testing Thu Apr 16 14:03:44 UTC 2020 /home/travis/build/icyphy/ptII/ptolemy/actor/lib/test/auto/LevelCrossTest5.xml
----------------- Instantiating /home/travis/build/icyphy/ptII/ptolemy/actor/lib/test/auto/LevelCrossTest5.xml
2 ms. Memory: 538624K Free: 310455K (58%)
----------------- Invoking toplevel() on ptolemy.moml.MoMLSimpleApplication@1db48f2
----------------- Done invoking toplevel() on ptolemy.moml.MoMLSimpleApplication@1db48f2
reloadAllAccessors: .LevelCrossTest5

===========================================================================================
----------------- testing Thu Apr 16 14:03:44 UTC 2020 /home/travis/build/icyphy/ptII/ptolemy/actor/lib/test/auto/LevelCrossTest6.xml
----------------- Instantiating /home/travis/build/icyphy/ptII/ptolemy/actor/lib/test/auto/LevelCrossTest6.xml
1 ms. Memory: 538624K Free: 304311K (56%)
----------------- Invoking toplevel() on ptolemy.moml.MoMLSimpleApplication@1106fb59
----------------- Done invoking toplevel() on ptolemy.moml.MoMLSimpleApplication@1106fb59
reloadAllAccessors: .LevelCrossTest6

===========================================================================================
----------------- testing Thu Apr 16 14:03:44 UTC 2020 /home/travis/build/icyphy/ptII/ptolemy/actor/lib/test/auto/LevelCrossTest7.xml
----------------- Instantiating /home/travis/build/icyphy/ptII/ptolemy/actor/lib/test/auto/LevelCrossTest7.xml
0 ms. Memory: 538624K Free: 296633K (55%)
----------------- Invoking toplevel() on ptolemy.moml.MoMLSimpleApplication@5967052c
----------------- Done invoking toplevel() on ptolemy.moml.MoMLSimpleApplication@5967052c
reloadAllAccessors: .LevelCrossTest7

===========================================================================================
----------------- testing Thu Apr 16 14:03:44 UTC 2020 /home/travis/build/icyphy/ptII/ptolemy/actor/lib/test/auto/LevelCrossTest8.xml
----------------- Instantiating /home/travis/build/icyphy/ptII/ptolemy/actor/lib/test/auto/LevelCrossTest8.xml
1 ms. Memory: 538624K Free: 289975K (54%)
----------------- Invoking toplevel() on ptolemy.moml.MoMLSimpleApplication@5efccb47
----------------- Done invoking toplevel() on ptolemy.moml.MoMLSimpleApplication@5efccb47
reloadAllAccessors: .LevelCrossTest8

===========================================================================================
----------------- testing Thu Apr 16 14:03:44 UTC 2020 /home/travis/build/icyphy/ptII/ptolemy/actor/lib/test/auto/LevelCrossTest9.xml
----------------- Instantiating /home/travis/build/icyphy/ptII/ptolemy/actor/lib/test/auto/LevelCrossTest9.xml
1 ms. Memory: 538624K Free: 283321K (53%)
----------------- Invoking toplevel() on ptolemy.moml.MoMLSimpleApplication@667543dd
----------------- Done invoking toplevel() on ptolemy.moml.MoMLSimpleApplication@667543dd
reloadAllAccessors: .LevelCrossTest9

===========================================================================================
----------------- testing Thu Apr 16 14:03:44 UTC 2020 /home/travis/build/icyphy/ptII/ptolemy/actor/lib/test/auto/LevinsonDurbin.xml
----------------- Instantiating /home/travis/build/icyphy/ptII/ptolemy/actor/lib/test/auto/LevinsonDurbin.xml
1 ms. Memory: 538624K Free: 279225K (52%)
----------------- Invoking toplevel() on ptolemy.moml.MoMLSimpleApplication@3c749957
----------------- Done invoking toplevel() on ptolemy.moml.MoMLSimpleApplication@3c749957
reloadAllAccessors: .LevinsonDurbin

===========================================================================================
----------------- testing Thu Apr 16 14:03:44 UTC 2020 /home/travis/build/icyphy/ptII/ptolemy/actor/lib/test/auto/LevinsonDurbin2.xml
----------------- Instantiating /home/travis/build/icyphy/ptII/ptolemy/actor/lib/test/auto/LevinsonDurbin2.xml
1 ms. Memory: 538624K Free: 275129K (51%)
----------------- Invoking toplevel() on ptolemy.moml.MoMLSimpleApplication@47e3fe63
----------------- Done invoking toplevel() on ptolemy.moml.MoMLSimpleApplication@47e3fe63
reloadAllAccessors: .LevinsonDurbin2

===========================================================================================
----------------- testing Thu Apr 16 14:03:44 UTC 2020 /home/travis/build/icyphy/ptII/ptolemy/actor/lib/test/auto/LevinsonDurbin3.xml
----------------- Instantiating /home/travis/build/icyphy/ptII/ptolemy/actor/lib/test/auto/LevinsonDurbin3.xml
1 ms. Memory: 538624K Free: 271543K (50%)
----------------- Invoking toplevel() on ptolemy.moml.MoMLSimpleApplication@30ac8046
----------------- Done invoking toplevel() on ptolemy.moml.MoMLSimpleApplication@30ac8046
reloadAllAccessors: .LevinsonDurbin3

===========================================================================================
----------------- testing Thu Apr 16 14:03:44 UTC 2020 /home/travis/build/icyphy/ptII/ptolemy/actor/lib/test/auto/Limiter.xml
----------------- Instantiating /home/travis/build/icyphy/ptII/ptolemy/actor/lib/test/auto/Limiter.xml
7 ms. Memory: 538624K Free: 262313K (49%)
----------------- Invoking toplevel() on ptolemy.moml.MoMLSimpleApplication@67ebd27
----------------- Done invoking toplevel() on ptolemy.moml.MoMLSimpleApplication@67ebd27
reloadAllAccessors: .Limiter

===========================================================================================
----------------- testing Thu Apr 16 14:03:44 UTC 2020 /home/travis/build/icyphy/ptII/ptolemy/actor/lib/test/auto/LinearDifferenceEquationSystem.xml
----------------- Instantiating /home/travis/build/icyphy/ptII/ptolemy/actor/lib/test/auto/LinearDifferenceEquationSystem.xml
3 ms. Memory: 538624K Free: 255159K (47%)
----------------- Invoking toplevel() on ptolemy.moml.MoMLSimpleApplication@78459ac9
----------------- Done invoking toplevel() on ptolemy.moml.MoMLSimpleApplication@78459ac9
reloadAllAccessors: .LinearDifferenceEquationSystem

===========================================================================================
----------------- testing Thu Apr 16 14:03:44 UTC 2020 /home/travis/build/icyphy/ptII/ptolemy/actor/lib/test/auto/LookupTable.xml
----------------- Instantiating /home/travis/build/icyphy/ptII/ptolemy/actor/lib/test/auto/LookupTable.xml
11 ms. Memory: 538624K Free: 251063K (47%)
----------------- Invoking toplevel() on ptolemy.moml.MoMLSimpleApplication@133ba8cc
----------------- Done invoking toplevel() on ptolemy.moml.MoMLSimpleApplication@133ba8cc
reloadAllAccessors: .LookupTable

===========================================================================================
----------------- testing Thu Apr 16 14:03:44 UTC 2020 /home/travis/build/icyphy/ptII/ptolemy/actor/lib/test/auto/MathFunction.xml
----------------- Instantiating /home/travis/build/icyphy/ptII/ptolemy/actor/lib/test/auto/MathFunction.xml
1 ms. Memory: 538624K Free: 242871K (45%)
----------------- Invoking toplevel() on ptolemy.moml.MoMLSimpleApplication@52ac4064
----------------- Done invoking toplevel() on ptolemy.moml.MoMLSimpleApplication@52ac4064
reloadAllAccessors: .MathFunction

===========================================================================================
----------------- testing Thu Apr 16 14:03:44 UTC 2020 /home/travis/build/icyphy/ptII/ptolemy/actor/lib/test/auto/MathFunction2.xml
----------------- Instantiating /home/travis/build/icyphy/ptII/ptolemy/actor/lib/test/auto/MathFunction2.xml
1 ms. Memory: 538624K Free: 238775K (44%)
----------------- Invoking toplevel() on ptolemy.moml.MoMLSimpleApplication@87326e1
----------------- Done invoking toplevel() on ptolemy.moml.MoMLSimpleApplication@87326e1
reloadAllAccessors: .MathFunction2

===========================================================================================
----------------- testing Thu Apr 16 14:03:44 UTC 2020 /home/travis/build/icyphy/ptII/ptolemy/actor/lib/test/auto/MathFunction3.xml
----------------- Instantiating /home/travis/build/icyphy/ptII/ptolemy/actor/lib/test/auto/MathFunction3.xml
2 ms. Memory: 538624K Free: 231607K (43%)
----------------- Invoking toplevel() on ptolemy.moml.MoMLSimpleApplication@111b9ba2
----------------- Done invoking toplevel() on ptolemy.moml.MoMLSimpleApplication@111b9ba2
reloadAllAccessors: .MathFunction3

===========================================================================================
----------------- testing Thu Apr 16 14:03:44 UTC 2020 /home/travis/build/icyphy/ptII/ptolemy/actor/lib/test/auto/MatrixCropBoolean.xml
----------------- Instantiating /home/travis/build/icyphy/ptII/ptolemy/actor/lib/test/auto/MatrixCropBoolean.xml
2 ms. Memory: 538624K Free: 227001K (42%)
----------------- Invoking toplevel() on ptolemy.moml.MoMLSimpleApplication@7f770ffd
----------------- Done invoking toplevel() on ptolemy.moml.MoMLSimpleApplication@7f770ffd
reloadAllAccessors: .MatrixCropBoolean

===========================================================================================
----------------- testing Thu Apr 16 14:03:44 UTC 2020 /home/travis/build/icyphy/ptII/ptolemy/actor/lib/test/auto/MatrixCropComplex.xml
----------------- Instantiating /home/travis/build/icyphy/ptII/ptolemy/actor/lib/test/auto/MatrixCropComplex.xml
2 ms. Memory: 538624K Free: 221881K (41%)
----------------- Invoking toplevel() on ptolemy.moml.MoMLSimpleApplication@41b0e011
----------------- Done invoking toplevel() on ptolemy.moml.MoMLSimpleApplication@41b0e011
reloadAllAccessors: .MatrixCropComplex

===========================================================================================
----------------- testing Thu Apr 16 14:03:44 UTC 2020 /home/travis/build/icyphy/ptII/ptolemy/actor/lib/test/auto/MatrixCropDouble.xml
----------------- Instantiating /home/travis/build/icyphy/ptII/ptolemy/actor/lib/test/auto/MatrixCropDouble.xml
2 ms. Memory: 538624K Free: 216761K (40%)
----------------- Invoking toplevel() on ptolemy.moml.MoMLSimpleApplication@6e19ccfc
----------------- Done invoking toplevel() on ptolemy.moml.MoMLSimpleApplication@6e19ccfc
reloadAllAccessors: .MatrixCropDouble

===========================================================================================
----------------- testing Thu Apr 16 14:03:44 UTC 2020 /home/travis/build/icyphy/ptII/ptolemy/actor/lib/test/auto/MatrixCropFix.xml
----------------- Instantiating /home/travis/build/icyphy/ptII/ptolemy/actor/lib/test/auto/MatrixCropFix.xml
1 ms. Memory: 538624K Free: 212121K (39%)
----------------- Invoking toplevel() on ptolemy.moml.MoMLSimpleApplication@759f0e04
----------------- Done invoking toplevel() on ptolemy.moml.MoMLSimpleApplication@759f0e04
reloadAllAccessors: .MatrixCropFix

===========================================================================================
----------------- testing Thu Apr 16 14:03:44 UTC 2020 /home/travis/build/icyphy/ptII/ptolemy/actor/lib/test/auto/MatrixCropInt.xml
----------------- Instantiating /home/travis/build/icyphy/ptII/ptolemy/actor/lib/test/auto/MatrixCropInt.xml
1 ms. Memory: 538624K Free: 207545K (39%)
----------------- Invoking toplevel() on ptolemy.moml.MoMLSimpleApplication@17104086
----------------- Done invoking toplevel() on ptolemy.moml.MoMLSimpleApplication@17104086
reloadAllAccessors: .MatrixCropInt

===========================================================================================
----------------- testing Thu Apr 16 14:03:44 UTC 2020 /home/travis/build/icyphy/ptII/ptolemy/actor/lib/test/auto/MatrixCropLong.xml
----------------- Instantiating /home/travis/build/icyphy/ptII/ptolemy/actor/lib/test/auto/MatrixCropLong.xml
2 ms. Memory: 538624K Free: 202929K (38%)
----------------- Invoking toplevel() on ptolemy.moml.MoMLSimpleApplication@49532126
----------------- Done invoking toplevel() on ptolemy.moml.MoMLSimpleApplication@49532126
reloadAllAccessors: .MatrixCropLong

===========================================================================================
----------------- testing Thu Apr 16 14:03:44 UTC 2020 /home/travis/build/icyphy/ptII/ptolemy/actor/lib/test/auto/MatrixToArray.xml
----------------- Instantiating /home/travis/build/icyphy/ptII/ptolemy/actor/lib/test/auto/MatrixToArray.xml
5 ms. Memory: 538624K Free: 187575K (35%)
----------------- Invoking toplevel() on ptolemy.moml.MoMLSimpleApplication@7abff676
----------------- Done invoking toplevel() on ptolemy.moml.MoMLSimpleApplication@7abff676
reloadAllAccessors: .MatrixToArray

===========================================================================================
----------------- testing Thu Apr 16 14:03:44 UTC 2020 /home/travis/build/icyphy/ptII/ptolemy/actor/lib/test/auto/MaxIndex.xml
----------------- Instantiating /home/travis/build/icyphy/ptII/ptolemy/actor/lib/test/auto/MaxIndex.xml
6 ms. Memory: 538624K Free: 182969K (34%)
----------------- Invoking toplevel() on ptolemy.moml.MoMLSimpleApplication@4ae4336
----------------- Done invoking toplevel() on ptolemy.moml.MoMLSimpleApplication@4ae4336
reloadAllAccessors: .MaxIndex

===========================================================================================
----------------- testing Thu Apr 16 14:03:44 UTC 2020 /home/travis/build/icyphy/ptII/ptolemy/actor/lib/test/auto/Maximum.xml
----------------- Instantiating /home/travis/build/icyphy/ptII/ptolemy/actor/lib/test/auto/Maximum.xml
2 ms. Memory: 538624K Free: 176281K (33%)
----------------- Invoking toplevel() on ptolemy.moml.MoMLSimpleApplication@4ff509a5
----------------- Done invoking toplevel() on ptolemy.moml.MoMLSimpleApplication@4ff509a5
reloadAllAccessors: .Maximum

===========================================================================================
----------------- testing Thu Apr 16 14:03:44 UTC 2020 /home/travis/build/icyphy/ptII/ptolemy/actor/lib/test/auto/MaximumComplex.xml
----------------- Instantiating /home/travis/build/icyphy/ptII/ptolemy/actor/lib/test/auto/MaximumComplex.xml
3 ms. Memory: 538624K Free: 170153K (32%)
----------------- Invoking toplevel() on ptolemy.moml.MoMLSimpleApplication@257de17b
----------------- Done invoking toplevel() on ptolemy.moml.MoMLSimpleApplication@257de17b
reloadAllAccessors: .MaximumComplex

===========================================================================================
----------------- testing Thu Apr 16 14:03:44 UTC 2020 /home/travis/build/icyphy/ptII/ptolemy/actor/lib/test/auto/MethodCallTest.xml
----------------- Instantiating /home/travis/build/icyphy/ptII/ptolemy/actor/lib/test/auto/MethodCallTest.xml
2 ms. Memory: 538624K Free: 483869K (90%)
----------------- Invoking toplevel() on ptolemy.moml.MoMLSimpleApplication@57e740fe
----------------- Done invoking toplevel() on ptolemy.moml.MoMLSimpleApplication@57e740fe
reloadAllAccessors: .MethodCallTest

===========================================================================================
----------------- testing Thu Apr 16 14:03:44 UTC 2020 /home/travis/build/icyphy/ptII/ptolemy/actor/lib/test/auto/Minimum.xml
----------------- Instantiating /home/travis/build/icyphy/ptII/ptolemy/actor/lib/test/auto/Minimum.xml
2 ms. Memory: 538624K Free: 477725K (89%)
----------------- Invoking toplevel() on ptolemy.moml.MoMLSimpleApplication@58b6ca30
----------------- Done invoking toplevel() on ptolemy.moml.MoMLSimpleApplication@58b6ca30
reloadAllAccessors: .Minimum

===========================================================================================
----------------- testing Thu Apr 16 14:03:44 UTC 2020 /home/travis/build/icyphy/ptII/ptolemy/actor/lib/test/auto/MinimumComplex.xml
----------------- Instantiating /home/travis/build/icyphy/ptII/ptolemy/actor/lib/test/auto/MinimumComplex.xml
3 ms. Memory: 538624K Free: 471581K (88%)
----------------- Invoking toplevel() on ptolemy.moml.MoMLSimpleApplication@3e03cdbb
----------------- Done invoking toplevel() on ptolemy.moml.MoMLSimpleApplication@3e03cdbb
reloadAllAccessors: .MinimumComplex

===========================================================================================
----------------- testing Thu Apr 16 14:03:44 UTC 2020 /home/travis/build/icyphy/ptII/ptolemy/actor/lib/test/auto/MinimumMultiports.xml
----------------- Instantiating /home/travis/build/icyphy/ptII/ptolemy/actor/lib/test/auto/MinimumMultiports.xml
2 ms. Memory: 538624K Free: 462861K (86%)
----------------- Invoking toplevel() on ptolemy.moml.MoMLSimpleApplication@401b14d6
----------------- Done invoking toplevel() on ptolemy.moml.MoMLSimpleApplication@401b14d6
reloadAllAccessors: .MinimumMultiports

===========================================================================================
----------------- testing Thu Apr 16 14:03:44 UTC 2020 /home/travis/build/icyphy/ptII/ptolemy/actor/lib/test/auto/ModifyDate.xml
----------------- Instantiating /home/travis/build/icyphy/ptII/ptolemy/actor/lib/test/auto/ModifyDate.xml
8 ms. Memory: 538624K Free: 450077K (84%)
----------------- Invoking toplevel() on ptolemy.moml.MoMLSimpleApplication@7291d082
----------------- Done invoking toplevel() on ptolemy.moml.MoMLSimpleApplication@7291d082
reloadAllAccessors: .ModifyDate

===========================================================================================
----------------- testing Thu Apr 16 14:03:44 UTC 2020 /home/travis/build/icyphy/ptII/ptolemy/actor/lib/test/auto/ModifyDate2.xml
----------------- Instantiating /home/travis/build/icyphy/ptII/ptolemy/actor/lib/test/auto/ModifyDate2.xml
5 ms. Memory: 538624K Free: 441885K (82%)
----------------- Invoking toplevel() on ptolemy.moml.MoMLSimpleApplication@7ae259c6
----------------- Done invoking toplevel() on ptolemy.moml.MoMLSimpleApplication@7ae259c6
reloadAllAccessors: .ModifyDate2

===========================================================================================
----------------- testing Thu Apr 16 14:03:44 UTC 2020 /home/travis/build/icyphy/ptII/ptolemy/actor/lib/test/auto/MovingAverage.xml
----------------- Instantiating /home/travis/build/icyphy/ptII/ptolemy/actor/lib/test/auto/MovingAverage.xml
1 ms. Memory: 538624K Free: 436765K (81%)
----------------- Invoking toplevel() on ptolemy.moml.MoMLSimpleApplication@3e6b4295
----------------- Done invoking toplevel() on ptolemy.moml.MoMLSimpleApplication@3e6b4295
reloadAllAccessors: .MovingAverage

===========================================================================================
----------------- testing Thu Apr 16 14:03:44 UTC 2020 /home/travis/build/icyphy/ptII/ptolemy/actor/lib/test/auto/MovingMaximum.xml
----------------- Instantiating /home/travis/build/icyphy/ptII/ptolemy/actor/lib/test/auto/MovingMaximum.xml
1 ms. Memory: 538624K Free: 432155K (80%)
----------------- Invoking toplevel() on ptolemy.moml.MoMLSimpleApplication@4e0ebd45
----------------- Done invoking toplevel() on ptolemy.moml.MoMLSimpleApplication@4e0ebd45
reloadAllAccessors: .MovingMaximum

===========================================================================================
----------------- testing Thu Apr 16 14:03:44 UTC 2020 /home/travis/build/icyphy/ptII/ptolemy/actor/lib/test/auto/MultipleLinksToSameRelation.xml
----------------- Instantiating /home/travis/build/icyphy/ptII/ptolemy/actor/lib/test/auto/MultipleLinksToSameRelation.xml
2 ms. Memory: 538624K Free: 428059K (79%)
----------------- Invoking toplevel() on ptolemy.moml.MoMLSimpleApplication@762ae1ef
----------------- Done invoking toplevel() on ptolemy.moml.MoMLSimpleApplication@762ae1ef
reloadAllAccessors: .MultipleLinksToSameRelation

===========================================================================================
----------------- testing Thu Apr 16 14:03:44 UTC 2020 /home/travis/build/icyphy/ptII/ptolemy/actor/lib/test/auto/MultipleLinksToSameRelationDE.xml
----------------- Instantiating /home/travis/build/icyphy/ptII/ptolemy/actor/lib/test/auto/MultipleLinksToSameRelationDE.xml
7 ms. Memory: 538624K Free: 423949K (79%)
----------------- Invoking toplevel() on ptolemy.moml.MoMLSimpleApplication@f4d3abd
----------------- Done invoking toplevel() on ptolemy.moml.MoMLSimpleApplication@f4d3abd
reloadAllAccessors: .MultipleLinksToSameRelationDE

===========================================================================================
----------------- testing Thu Apr 16 14:03:44 UTC 2020 /home/travis/build/icyphy/ptII/ptolemy/actor/lib/test/auto/Multiplexor.xml
----------------- Instantiating /home/travis/build/icyphy/ptII/ptolemy/actor/lib/test/auto/Multiplexor.xml
2 ms. Memory: 538624K Free: 418333K (78%)
----------------- Invoking toplevel() on ptolemy.moml.MoMLSimpleApplication@353b0f04
----------------- Done invoking toplevel() on ptolemy.moml.MoMLSimpleApplication@353b0f04
reloadAllAccessors: .Multiplexor

===========================================================================================
----------------- testing Thu Apr 16 14:03:44 UTC 2020 /home/travis/build/icyphy/ptII/ptolemy/actor/lib/test/auto/Multiplexor1.xml
----------------- Instantiating /home/travis/build/icyphy/ptII/ptolemy/actor/lib/test/auto/Multiplexor1.xml
2 ms. Memory: 538624K Free: 412669K (77%)
----------------- Invoking toplevel() on ptolemy.moml.MoMLSimpleApplication@664fa6df
----------------- Done invoking toplevel() on ptolemy.moml.MoMLSimpleApplication@664fa6df
reloadAllAccessors: .Multiplexor1

===========================================================================================
----------------- testing Thu Apr 16 14:03:44 UTC 2020 /home/travis/build/icyphy/ptII/ptolemy/actor/lib/test/auto/Multiplexor2.xml
----------------- Instantiating /home/travis/build/icyphy/ptII/ptolemy/actor/lib/test/auto/Multiplexor2.xml
5 ms. Memory: 538624K Free: 406045K (75%)
----------------- Invoking toplevel() on ptolemy.moml.MoMLSimpleApplication@689195da
----------------- Done invoking toplevel() on ptolemy.moml.MoMLSimpleApplication@689195da
reloadAllAccessors: .Multiplexor2

===========================================================================================
----------------- testing Thu Apr 16 14:03:44 UTC 2020 /home/travis/build/icyphy/ptII/ptolemy/actor/lib/test/auto/Multiplexor3.xml
----------------- Instantiating /home/travis/build/icyphy/ptII/ptolemy/actor/lib/test/auto/Multiplexor3.xml
2 ms. Memory: 538624K Free: 401949K (75%)
----------------- Invoking toplevel() on ptolemy.moml.MoMLSimpleApplication@7e69e1e2
----------------- Done invoking toplevel() on ptolemy.moml.MoMLSimpleApplication@7e69e1e2
reloadAllAccessors: .Multiplexor3

===========================================================================================
----------------- testing Thu Apr 16 14:03:45 UTC 2020 /home/travis/build/icyphy/ptII/ptolemy/actor/lib/test/auto/MultiplexorDE.xml
----------------- Instantiating /home/travis/build/icyphy/ptII/ptolemy/actor/lib/test/auto/MultiplexorDE.xml
2 ms. Memory: 538624K Free: 394781K (73%)
----------------- Invoking toplevel() on ptolemy.moml.MoMLSimpleApplication@293bddd1
----------------- Done invoking toplevel() on ptolemy.moml.MoMLSimpleApplication@293bddd1
reloadAllAccessors: .MultiplexorDE

===========================================================================================
----------------- testing Thu Apr 16 14:03:45 UTC 2020 /home/travis/build/icyphy/ptII/ptolemy/actor/lib/test/auto/MultiportBroadcastTest.xml
----------------- Instantiating /home/travis/build/icyphy/ptII/ptolemy/actor/lib/test/auto/MultiportBroadcastTest.xml
82 ms. Memory: 538624K Free: 388117K (72%)
----------------- Invoking toplevel() on ptolemy.moml.MoMLSimpleApplication@eab936d
----------------- Done invoking toplevel() on ptolemy.moml.MoMLSimpleApplication@eab936d
reloadAllAccessors: .MultiportBroadcastTest

===========================================================================================
----------------- testing Thu Apr 16 14:03:45 UTC 2020 /home/travis/build/icyphy/ptII/ptolemy/actor/lib/test/auto/MultiportOutHangDuringGetWidth.xml
----------------- Instantiating /home/travis/build/icyphy/ptII/ptolemy/actor/lib/test/auto/MultiportOutHangDuringGetWidth.xml
4 ms. Memory: 538624K Free: 376349K (70%)
----------------- Invoking toplevel() on ptolemy.moml.MoMLSimpleApplication@48410dff
----------------- Done invoking toplevel() on ptolemy.moml.MoMLSimpleApplication@48410dff
reloadAllAccessors: .MultiportOutHangDuringGetWidth

===========================================================================================
----------------- testing Thu Apr 16 14:03:45 UTC 2020 /home/travis/build/icyphy/ptII/ptolemy/actor/lib/test/auto/NilToken.xml
----------------- Instantiating /home/travis/build/icyphy/ptII/ptolemy/actor/lib/test/auto/NilToken.xml
1 ms. Memory: 538624K Free: 372253K (69%)
----------------- Invoking toplevel() on ptolemy.moml.MoMLSimpleApplication@13c430dd
----------------- Done invoking toplevel() on ptolemy.moml.MoMLSimpleApplication@13c430dd
reloadAllAccessors: .NilToken

===========================================================================================
----------------- testing Thu Apr 16 14:03:45 UTC 2020 /home/travis/build/icyphy/ptII/ptolemy/actor/lib/test/auto/NilTokenNonStrictTest.xml
----------------- Instantiating /home/travis/build/icyphy/ptII/ptolemy/actor/lib/test/auto/NilTokenNonStrictTest.xml
1 ms. Memory: 538624K Free: 368157K (68%)
----------------- Invoking toplevel() on ptolemy.moml.MoMLSimpleApplication@29a59dac
----------------- Done invoking toplevel() on ptolemy.moml.MoMLSimpleApplication@29a59dac
reloadAllAccessors: .NilTokenNonStrictTest

===========================================================================================
----------------- testing Thu Apr 16 14:03:45 UTC 2020 /home/travis/build/icyphy/ptII/ptolemy/actor/lib/test/auto/NilTokenRecord.xml
----------------- Instantiating /home/travis/build/icyphy/ptII/ptolemy/actor/lib/test/auto/NilTokenRecord.xml
4 ms. Memory: 538624K Free: 361499K (67%)
----------------- Invoking toplevel() on ptolemy.moml.MoMLSimpleApplication@36e35c9d
----------------- Done invoking toplevel() on ptolemy.moml.MoMLSimpleApplication@36e35c9d
reloadAllAccessors: .NilTokenRecord

===========================================================================================
----------------- testing Thu Apr 16 14:03:45 UTC 2020 /home/travis/build/icyphy/ptII/ptolemy/actor/lib/test/auto/NilTokenTypeTest.xml
----------------- Instantiating /home/travis/build/icyphy/ptII/ptolemy/actor/lib/test/auto/NilTokenTypeTest.xml
10 ms. Memory: 538624K Free: 351773K (65%)
----------------- Invoking toplevel() on ptolemy.moml.MoMLSimpleApplication@65fa681e
----------------- Done invoking toplevel() on ptolemy.moml.MoMLSimpleApplication@65fa681e
reloadAllAccessors: .NilTokenTypeTest

===========================================================================================
----------------- testing Thu Apr 16 14:03:45 UTC 2020 /home/travis/build/icyphy/ptII/ptolemy/actor/lib/test/auto/ObjectToken1.xml
----------------- Instantiating /home/travis/build/icyphy/ptII/ptolemy/actor/lib/test/auto/ObjectToken1.xml
2 ms. Memory: 538624K Free: 347677K (65%)
----------------- Invoking toplevel() on ptolemy.moml.MoMLSimpleApplication@29427aff
----------------- Done invoking toplevel() on ptolemy.moml.MoMLSimpleApplication@29427aff
reloadAllAccessors: .ObjectToken1

===========================================================================================
----------------- testing Thu Apr 16 14:03:45 UTC 2020 /home/travis/build/icyphy/ptII/ptolemy/actor/lib/test/auto/OrderedMerge.xml
----------------- Instantiating /home/travis/build/icyphy/ptII/ptolemy/actor/lib/test/auto/OrderedMerge.xml
9 ms. Memory: 538624K Free: 342043K (64%)
----------------- Invoking toplevel() on ptolemy.moml.MoMLSimpleApplication@2f7de84
----------------- Done invoking toplevel() on ptolemy.moml.MoMLSimpleApplication@2f7de84
reloadAllAccessors: .OrderedMerge

===========================================================================================
----------------- testing Thu Apr 16 14:03:45 UTC 2020 /home/travis/build/icyphy/ptII/ptolemy/actor/lib/test/auto/OrderedRecordDisassembler.xml
----------------- Instantiating /home/travis/build/icyphy/ptII/ptolemy/actor/lib/test/auto/OrderedRecordDisassembler.xml
2 ms. Memory: 538624K Free: 337437K (63%)
----------------- Invoking toplevel() on ptolemy.moml.MoMLSimpleApplication@2636dc16
----------------- Done invoking toplevel() on ptolemy.moml.MoMLSimpleApplication@2636dc16
reloadAllAccessors: .OrderedRecordDisassembler

===========================================================================================
----------------- testing Thu Apr 16 14:03:45 UTC 2020 /home/travis/build/icyphy/ptII/ptolemy/actor/lib/test/auto/OrderedRecordDisassembler2.xml
----------------- Instantiating /home/travis/build/icyphy/ptII/ptolemy/actor/lib/test/auto/OrderedRecordDisassembler2.xml
3 ms. Memory: 538624K Free: 329741K (61%)
----------------- Invoking toplevel() on ptolemy.moml.MoMLSimpleApplication@4ee81042
----------------- Done invoking toplevel() on ptolemy.moml.MoMLSimpleApplication@4ee81042
reloadAllAccessors: .OrderedRecordDisassembler2

===========================================================================================
----------------- testing Thu Apr 16 14:03:45 UTC 2020 /home/travis/build/icyphy/ptII/ptolemy/actor/lib/test/auto/OrderedRecordUpdater.xml
----------------- Instantiating /home/travis/build/icyphy/ptII/ptolemy/actor/lib/test/auto/OrderedRecordUpdater.xml
1 ms. Memory: 538624K Free: 324635K (60%)
----------------- Invoking toplevel() on ptolemy.moml.MoMLSimpleApplication@8b786eb
----------------- Done invoking toplevel() on ptolemy.moml.MoMLSimpleApplication@8b786eb
reloadAllAccessors: .RecordUpdater

===========================================================================================
----------------- testing Thu Apr 16 14:03:45 UTC 2020 /home/travis/build/icyphy/ptII/ptolemy/actor/lib/test/auto/OrderedRecordUpdater2.xml
----------------- Instantiating /home/travis/build/icyphy/ptII/ptolemy/actor/lib/test/auto/OrderedRecordUpdater2.xml
2 ms. Memory: 538624K Free: 319515K (59%)
----------------- Invoking toplevel() on ptolemy.moml.MoMLSimpleApplication@3e909bee
----------------- Done invoking toplevel() on ptolemy.moml.MoMLSimpleApplication@3e909bee
reloadAllAccessors: .RecordUpdater2

===========================================================================================
----------------- testing Thu Apr 16 14:03:45 UTC 2020 /home/travis/build/icyphy/ptII/ptolemy/actor/lib/test/auto/PhaseUnwrap.xml
----------------- Instantiating /home/travis/build/icyphy/ptII/ptolemy/actor/lib/test/auto/PhaseUnwrap.xml
1 ms. Memory: 538624K Free: 314909K (58%)
----------------- Invoking toplevel() on ptolemy.moml.MoMLSimpleApplication@42629296
----------------- Done invoking toplevel() on ptolemy.moml.MoMLSimpleApplication@42629296
reloadAllAccessors: .PhaseUnwrap

===========================================================================================
----------------- testing Thu Apr 16 14:03:45 UTC 2020 /home/travis/build/icyphy/ptII/ptolemy/actor/lib/test/auto/PoissonClock.xml
----------------- Instantiating /home/travis/build/icyphy/ptII/ptolemy/actor/lib/test/auto/PoissonClock.xml
1 ms. Memory: 538624K Free: 310813K (58%)
----------------- Invoking toplevel() on ptolemy.moml.MoMLSimpleApplication@355045e3
----------------- Done invoking toplevel() on ptolemy.moml.MoMLSimpleApplication@355045e3
reloadAllAccessors: .PoissonClock

===========================================================================================
----------------- testing Thu Apr 16 14:03:45 UTC 2020 /home/travis/build/icyphy/ptII/ptolemy/actor/lib/test/auto/PoissonClock2.xml
----------------- Instantiating /home/travis/build/icyphy/ptII/ptolemy/actor/lib/test/auto/PoissonClock2.xml
1 ms. Memory: 538624K Free: 306717K (57%)
----------------- Invoking toplevel() on ptolemy.moml.MoMLSimpleApplication@1ac0b913
----------------- Done invoking toplevel() on ptolemy.moml.MoMLSimpleApplication@1ac0b913
reloadAllAccessors: .PoissonClock2

===========================================================================================
----------------- testing Thu Apr 16 14:03:45 UTC 2020 /home/travis/build/icyphy/ptII/ptolemy/actor/lib/test/auto/PoissonClock3.xml
----------------- Instantiating /home/travis/build/icyphy/ptII/ptolemy/actor/lib/test/auto/PoissonClock3.xml
1 ms. Memory: 538624K Free: 302107K (56%)
----------------- Invoking toplevel() on ptolemy.moml.MoMLSimpleApplication@1bc9a61f
----------------- Done invoking toplevel() on ptolemy.moml.MoMLSimpleApplication@1bc9a61f
reloadAllAccessors: .PoissonClock3

===========================================================================================
----------------- testing Thu Apr 16 14:03:45 UTC 2020 /home/travis/build/icyphy/ptII/ptolemy/actor/lib/test/auto/PubSubWithInitialTokens.xml
----------------- Instantiating /home/travis/build/icyphy/ptII/ptolemy/actor/lib/test/auto/PubSubWithInitialTokens.xml
2 ms. Memory: 538624K Free: 296477K (55%)
----------------- Invoking toplevel() on ptolemy.moml.MoMLSimpleApplication@20516170
----------------- Done invoking toplevel() on ptolemy.moml.MoMLSimpleApplication@20516170
reloadAllAccessors: .PubSubWithInitialTokens

===========================================================================================
----------------- testing Thu Apr 16 14:03:45 UTC 2020 /home/travis/build/icyphy/ptII/ptolemy/actor/lib/test/auto/PubSubWithInitialTokens2.xml
----------------- Instantiating /home/travis/build/icyphy/ptII/ptolemy/actor/lib/test/auto/PubSubWithInitialTokens2.xml
2 ms. Memory: 538624K Free: 290333K (54%)
----------------- Invoking toplevel() on ptolemy.moml.MoMLSimpleApplication@6a729c4a
----------------- Done invoking toplevel() on ptolemy.moml.MoMLSimpleApplication@6a729c4a
reloadAllAccessors: .PubSubWithInitialTokens2

===========================================================================================
----------------- testing Thu Apr 16 14:03:45 UTC 2020 /home/travis/build/icyphy/ptII/ptolemy/actor/lib/test/auto/PublisherClassNoParameter.xml
----------------- Instantiating /home/travis/build/icyphy/ptII/ptolemy/actor/lib/test/auto/PublisherClassNoParameter.xml
2 ms. Memory: 538624K Free: 280589K (52%)
----------------- Invoking toplevel() on ptolemy.moml.MoMLSimpleApplication@6ed9e331
----------------- Done invoking toplevel() on ptolemy.moml.MoMLSimpleApplication@6ed9e331
reloadAllAccessors: .PublisherClassNoParameter

===========================================================================================
----------------- testing Thu Apr 16 14:03:45 UTC 2020 /home/travis/build/icyphy/ptII/ptolemy/actor/lib/test/auto/PublisherClassParameter.xml
----------------- Instantiating /home/travis/build/icyphy/ptII/ptolemy/actor/lib/test/auto/PublisherClassParameter.xml
2 ms. Memory: 538624K Free: 270357K (50%)
----------------- Invoking toplevel() on ptolemy.moml.MoMLSimpleApplication@7b454792
----------------- Done invoking toplevel() on ptolemy.moml.MoMLSimpleApplication@7b454792
reloadAllAccessors: .PublisherClassParameter

===========================================================================================
----------------- testing Thu Apr 16 14:03:45 UTC 2020 /home/travis/build/icyphy/ptII/ptolemy/actor/lib/test/auto/PublisherNonStrictTest.xml
----------------- Instantiating /home/travis/build/icyphy/ptII/ptolemy/actor/lib/test/auto/PublisherNonStrictTest.xml
3 ms. Memory: 538624K Free: 262685K (49%)
----------------- Invoking toplevel() on ptolemy.moml.MoMLSimpleApplication@3634bb32
----------------- Done invoking toplevel() on ptolemy.moml.MoMLSimpleApplication@3634bb32
reloadAllAccessors: .PublisherNonStrictTest

===========================================================================================
----------------- testing Thu Apr 16 14:03:45 UTC 2020 /home/travis/build/icyphy/ptII/ptolemy/actor/lib/test/auto/PublisherPort1.xml
----------------- Instantiating /home/travis/build/icyphy/ptII/ptolemy/actor/lib/test/auto/PublisherPort1.xml
9 ms. Memory: 538624K Free: 257021K (48%)
----------------- Invoking toplevel() on ptolemy.moml.MoMLSimpleApplication@6125b438
----------------- Done invoking toplevel() on ptolemy.moml.MoMLSimpleApplication@6125b438
reloadAllAccessors: .PublisherPort1

===========================================================================================
----------------- testing Thu Apr 16 14:03:45 UTC 2020 /home/travis/build/icyphy/ptII/ptolemy/actor/lib/test/auto/PublisherPort2.xml
----------------- Instantiating /home/travis/build/icyphy/ptII/ptolemy/actor/lib/test/auto/PublisherPort2.xml
2 ms. Memory: 538624K Free: 251931K (47%)
----------------- Invoking toplevel() on ptolemy.moml.MoMLSimpleApplication@13244dac
----------------- Done invoking toplevel() on ptolemy.moml.MoMLSimpleApplication@13244dac
reloadAllAccessors: .PublisherPort2

===========================================================================================
----------------- testing Thu Apr 16 14:03:45 UTC 2020 /home/travis/build/icyphy/ptII/ptolemy/actor/lib/test/auto/PublisherPort3.xml
----------------- Instantiating /home/travis/build/icyphy/ptII/ptolemy/actor/lib/test/auto/PublisherPort3.xml
3 ms. Memory: 538624K Free: 245277K (46%)
----------------- Invoking toplevel() on ptolemy.moml.MoMLSimpleApplication@7d852c7d
----------------- Done invoking toplevel() on ptolemy.moml.MoMLSimpleApplication@7d852c7d
reloadAllAccessors: .PublisherPort3

===========================================================================================
----------------- testing Thu Apr 16 14:03:45 UTC 2020 /home/travis/build/icyphy/ptII/ptolemy/actor/lib/test/auto/PublisherPort4.xml
----------------- Instantiating /home/travis/build/icyphy/ptII/ptolemy/actor/lib/test/auto/PublisherPort4.xml
1 ms. Memory: 538624K Free: 239637K (44%)
----------------- Invoking toplevel() on ptolemy.moml.MoMLSimpleApplication@57846030
----------------- Done invoking toplevel() on ptolemy.moml.MoMLSimpleApplication@57846030
reloadAllAccessors: .PublisherPort4

===========================================================================================
----------------- testing Thu Apr 16 14:03:45 UTC 2020 /home/travis/build/icyphy/ptII/ptolemy/actor/lib/test/auto/PublisherPort5.xml
----------------- Instantiating /home/travis/build/icyphy/ptII/ptolemy/actor/lib/test/auto/PublisherPort5.xml
2 ms. Memory: 538624K Free: 231965K (43%)
----------------- Invoking toplevel() on ptolemy.moml.MoMLSimpleApplication@65ebf22
----------------- Done invoking toplevel() on ptolemy.moml.MoMLSimpleApplication@65ebf22
reloadAllAccessors: .PublisherPort5

===========================================================================================
----------------- testing Thu Apr 16 14:03:45 UTC 2020 /home/travis/build/icyphy/ptII/ptolemy/actor/lib/test/auto/PublisherPort5LookAlike.xml
----------------- Instantiating /home/travis/build/icyphy/ptII/ptolemy/actor/lib/test/auto/PublisherPort5LookAlike.xml
6 ms. Memory: 538624K Free: 224283K (42%)
----------------- Invoking toplevel() on ptolemy.moml.MoMLSimpleApplication@15b68797
----------------- Done invoking toplevel() on ptolemy.moml.MoMLSimpleApplication@15b68797
reloadAllAccessors: .PublisherPort5LookAlike

===========================================================================================
----------------- testing Thu Apr 16 14:03:45 UTC 2020 /home/travis/build/icyphy/ptII/ptolemy/actor/lib/test/auto/PublisherPort6.xml
----------------- Instantiating /home/travis/build/icyphy/ptII/ptolemy/actor/lib/test/auto/PublisherPort6.xml
1 ms. Memory: 538624K Free: 218139K (40%)
----------------- Invoking toplevel() on ptolemy.moml.MoMLSimpleApplication@73385421
----------------- Done invoking toplevel() on ptolemy.moml.MoMLSimpleApplication@73385421
reloadAllAccessors: .PublisherPort6

===========================================================================================
----------------- testing Thu Apr 16 14:03:45 UTC 2020 /home/travis/build/icyphy/ptII/ptolemy/actor/lib/test/auto/PublisherPort7.xml
----------------- Instantiating /home/travis/build/icyphy/ptII/ptolemy/actor/lib/test/auto/PublisherPort7.xml
2 ms. Memory: 538624K Free: 210461K (39%)
----------------- Invoking toplevel() on ptolemy.moml.MoMLSimpleApplication@717ec77e
----------------- Done invoking toplevel() on ptolemy.moml.MoMLSimpleApplication@717ec77e
reloadAllAccessors: .PublisherPort7

===========================================================================================
----------------- testing Thu Apr 16 14:03:45 UTC 2020 /home/travis/build/icyphy/ptII/ptolemy/actor/lib/test/auto/PublisherPort8.xml
----------------- Instantiating /home/travis/build/icyphy/ptII/ptolemy/actor/lib/test/auto/PublisherPort8.xml
3 ms. Memory: 538624K Free: 201755K (37%)
----------------- Invoking toplevel() on ptolemy.moml.MoMLSimpleApplication@2dba21ed
----------------- Done invoking toplevel() on ptolemy.moml.MoMLSimpleApplication@2dba21ed
reloadAllAccessors: .PublisherPort8

===========================================================================================
----------------- testing Thu Apr 16 14:03:45 UTC 2020 /home/travis/build/icyphy/ptII/ptolemy/actor/lib/test/auto/PublisherPortSubscriberChannelVariablesAOC2.xml
----------------- Instantiating /home/travis/build/icyphy/ptII/ptolemy/actor/lib/test/auto/PublisherPortSubscriberChannelVariablesAOC2.xml
3 ms. Memory: 538624K Free: 183323K (34%)
----------------- Invoking toplevel() on ptolemy.moml.MoMLSimpleApplication@20c87010
----------------- Done invoking toplevel() on ptolemy.moml.MoMLSimpleApplication@20c87010
reloadAllAccessors: .PublisherPortSubscriberChannelVariablesAOC2

===========================================================================================
----------------- testing Thu Apr 16 14:03:45 UTC 2020 /home/travis/build/icyphy/ptII/ptolemy/actor/lib/test/auto/PublisherPortSubscriberOpaqueWidthInference.xml
----------------- Instantiating /home/travis/build/icyphy/ptII/ptolemy/actor/lib/test/auto/PublisherPortSubscriberOpaqueWidthInference.xml
3 ms. Memory: 538624K Free: 175645K (33%)
----------------- Invoking toplevel() on ptolemy.moml.MoMLSimpleApplication@722453d7
----------------- Done invoking toplevel() on ptolemy.moml.MoMLSimpleApplication@722453d7
reloadAllAccessors: .PublisherPortSubscriberOpaqueWidthInference

===========================================================================================
----------------- testing Thu Apr 16 14:03:45 UTC 2020 /home/travis/build/icyphy/ptII/ptolemy/actor/lib/test/auto/PublisherPortSubscriberPortAdjacent.xml
----------------- Instantiating /home/travis/build/icyphy/ptII/ptolemy/actor/lib/test/auto/PublisherPortSubscriberPortAdjacent.xml
9 ms. Memory: 538624K Free: 486813K (90%)
----------------- Invoking toplevel() on ptolemy.moml.MoMLSimpleApplication@705aa10f
----------------- Done invoking toplevel() on ptolemy.moml.MoMLSimpleApplication@705aa10f
reloadAllAccessors: .PublisherPortSubscriberPortAdjacent

===========================================================================================
----------------- testing Thu Apr 16 14:03:45 UTC 2020 /home/travis/build/icyphy/ptII/ptolemy/actor/lib/test/auto/PublisherPortSubscriberPortExpression.xml
----------------- Instantiating /home/travis/build/icyphy/ptII/ptolemy/actor/lib/test/auto/PublisherPortSubscriberPortExpression.xml
3 ms. Memory: 538624K Free: 478621K (89%)
----------------- Invoking toplevel() on ptolemy.moml.MoMLSimpleApplication@3fc48796
----------------- Done invoking toplevel() on ptolemy.moml.MoMLSimpleApplication@3fc48796
reloadAllAccessors: .PublisherPortSubscriberPortExpression

===========================================================================================
----------------- testing Thu Apr 16 14:03:45 UTC 2020 /home/travis/build/icyphy/ptII/ptolemy/actor/lib/test/auto/PublisherPortSubscriberPortOpaqueD3Reverse.xml
----------------- Instantiating /home/travis/build/icyphy/ptII/ptolemy/actor/lib/test/auto/PublisherPortSubscriberPortOpaqueD3Reverse.xml
5 ms. Memory: 538624K Free: 468381K (87%)
----------------- Invoking toplevel() on ptolemy.moml.MoMLSimpleApplication@142f6048
----------------- Done invoking toplevel() on ptolemy.moml.MoMLSimpleApplication@142f6048
reloadAllAccessors: .PublisherPortSubscriberPortOpaqueD3Reverse

===========================================================================================
----------------- testing Thu Apr 16 14:03:45 UTC 2020 /home/travis/build/icyphy/ptII/ptolemy/actor/lib/test/auto/PublisherPortSubscriberPortOpaqueWidthInference.xml
----------------- Instantiating /home/travis/build/icyphy/ptII/ptolemy/actor/lib/test/auto/PublisherPortSubscriberPortOpaqueWidthInference.xml
2 ms. Memory: 538624K Free: 460685K (86%)
----------------- Invoking toplevel() on ptolemy.moml.MoMLSimpleApplication@49c8d61c
----------------- Done invoking toplevel() on ptolemy.moml.MoMLSimpleApplication@49c8d61c
reloadAllAccessors: .PublisherPortSubscriberPortOpaqueWidthInference

===========================================================================================
----------------- testing Thu Apr 16 14:03:45 UTC 2020 /home/travis/build/icyphy/ptII/ptolemy/actor/lib/test/auto/PublisherPortToplevelSubscriberPortAOC.xml
----------------- Instantiating /home/travis/build/icyphy/ptII/ptolemy/actor/lib/test/auto/PublisherPortToplevelSubscriberPortAOC.xml
.PublisherPortToplevelSubscriberPortAOC.TestExceptionAttribute: initialize() was not invoked, but wrapup() was.  This is unusual, but not always a problem.  For example, exporting JNLP will do this.
0 ms. Memory: 538624K Free: 455069K (84%)
----------------- Invoking toplevel() on ptolemy.moml.MoMLSimpleApplication@23644a92
----------------- Done invoking toplevel() on ptolemy.moml.MoMLSimpleApplication@23644a92
reloadAllAccessors: .PublisherPortToplevelSubscriberPortAOC

===========================================================================================
----------------- testing Thu Apr 16 14:03:45 UTC 2020 /home/travis/build/icyphy/ptII/ptolemy/actor/lib/test/auto/PublisherSubscriber.xml
----------------- Instantiating /home/travis/build/icyphy/ptII/ptolemy/actor/lib/test/auto/PublisherSubscriber.xml
2 ms. Memory: 538624K Free: 447901K (83%)
----------------- Invoking toplevel() on ptolemy.moml.MoMLSimpleApplication@41f5c857
----------------- Done invoking toplevel() on ptolemy.moml.MoMLSimpleApplication@41f5c857
reloadAllAccessors: .PublisherSubscriber

===========================================================================================
----------------- testing Thu Apr 16 14:03:45 UTC 2020 /home/travis/build/icyphy/ptII/ptolemy/actor/lib/test/auto/PublisherSubscriber10.xml
----------------- Instantiating /home/travis/build/icyphy/ptII/ptolemy/actor/lib/test/auto/PublisherSubscriber10.xml
5 ms. Memory: 538624K Free: 438685K (81%)
----------------- Invoking toplevel() on ptolemy.moml.MoMLSimpleApplication@88edee6
----------------- Done invoking toplevel() on ptolemy.moml.MoMLSimpleApplication@88edee6
reloadAllAccessors: .PublisherSubscriber10

===========================================================================================
----------------- testing Thu Apr 16 14:03:45 UTC 2020 /home/travis/build/icyphy/ptII/ptolemy/actor/lib/test/auto/PublisherSubscriber10InitialOutputs.xml
----------------- Instantiating /home/travis/build/icyphy/ptII/ptolemy/actor/lib/test/auto/PublisherSubscriber10InitialOutputs.xml
13 ms. Memory: 538624K Free: 429469K (80%)
----------------- Invoking toplevel() on ptolemy.moml.MoMLSimpleApplication@39f1e77d
----------------- Done invoking toplevel() on ptolemy.moml.MoMLSimpleApplication@39f1e77d
reloadAllAccessors: .PublisherSubscriber10InitialOutputs

===========================================================================================
----------------- testing Thu Apr 16 14:03:45 UTC 2020 /home/travis/build/icyphy/ptII/ptolemy/actor/lib/test/auto/PublisherSubscriber11.xml
----------------- Instantiating /home/travis/build/icyphy/ptII/ptolemy/actor/lib/test/auto/PublisherSubscriber11.xml
2 ms. Memory: 538624K Free: 423325K (79%)
----------------- Invoking toplevel() on ptolemy.moml.MoMLSimpleApplication@47e8118f
----------------- Done invoking toplevel() on ptolemy.moml.MoMLSimpleApplication@47e8118f
reloadAllAccessors: .PublisherSubscriber11

===========================================================================================
----------------- testing Thu Apr 16 14:03:45 UTC 2020 /home/travis/build/icyphy/ptII/ptolemy/actor/lib/test/auto/PublisherSubscriber12.xml
----------------- Instantiating /home/travis/build/icyphy/ptII/ptolemy/actor/lib/test/auto/PublisherSubscriber12.xml
4 ms. Memory: 538624K Free: 416157K (77%)
----------------- Invoking toplevel() on ptolemy.moml.MoMLSimpleApplication@265d7b63
----------------- Done invoking toplevel() on ptolemy.moml.MoMLSimpleApplication@265d7b63
reloadAllAccessors: .PublisherSubscriber12

===========================================================================================
----------------- testing Thu Apr 16 14:03:45 UTC 2020 /home/travis/build/icyphy/ptII/ptolemy/actor/lib/test/auto/PublisherSubscriber13.xml
----------------- Instantiating /home/travis/build/icyphy/ptII/ptolemy/actor/lib/test/auto/PublisherSubscriber13.xml
2 ms. Memory: 538624K Free: 410493K (76%)
----------------- Invoking toplevel() on ptolemy.moml.MoMLSimpleApplication@2ee7aabf
----------------- Done invoking toplevel() on ptolemy.moml.MoMLSimpleApplication@2ee7aabf
reloadAllAccessors: .PublisherSubscriber13

===========================================================================================
----------------- testing Thu Apr 16 14:03:45 UTC 2020 /home/travis/build/icyphy/ptII/ptolemy/actor/lib/test/auto/PublisherSubscriber14.xml
----------------- Instantiating /home/travis/build/icyphy/ptII/ptolemy/actor/lib/test/auto/PublisherSubscriber14.xml
1 ms. Memory: 538624K Free: 401821K (75%)
----------------- Invoking toplevel() on ptolemy.moml.MoMLSimpleApplication@63f27fd4
----------------- Done invoking toplevel() on ptolemy.moml.MoMLSimpleApplication@63f27fd4
reloadAllAccessors: .PublisherSubscriber14

===========================================================================================
----------------- testing Thu Apr 16 14:03:45 UTC 2020 /home/travis/build/icyphy/ptII/ptolemy/actor/lib/test/auto/PublisherSubscriber2.xml
----------------- Instantiating /home/travis/build/icyphy/ptII/ptolemy/actor/lib/test/auto/PublisherSubscriber2.xml
2 ms. Memory: 538624K Free: 396157K (74%)
----------------- Invoking toplevel() on ptolemy.moml.MoMLSimpleApplication@5943a141
----------------- Done invoking toplevel() on ptolemy.moml.MoMLSimpleApplication@5943a141
reloadAllAccessors: .PublisherSubscriber2

===========================================================================================
----------------- testing Thu Apr 16 14:03:45 UTC 2020 /home/travis/build/icyphy/ptII/ptolemy/actor/lib/test/auto/PublisherSubscriber3.xml
----------------- Instantiating /home/travis/build/icyphy/ptII/ptolemy/actor/lib/test/auto/PublisherSubscriber3.xml
2 ms. Memory: 538624K Free: 390557K (73%)
----------------- Invoking toplevel() on ptolemy.moml.MoMLSimpleApplication@38f993f0
----------------- Done invoking toplevel() on ptolemy.moml.MoMLSimpleApplication@38f993f0
reloadAllAccessors: .PublisherSubscriber3

===========================================================================================
----------------- testing Thu Apr 16 14:03:45 UTC 2020 /home/travis/build/icyphy/ptII/ptolemy/actor/lib/test/auto/PublisherSubscriber4.xml
----------------- Instantiating /home/travis/build/icyphy/ptII/ptolemy/actor/lib/test/auto/PublisherSubscriber4.xml
1 ms. Memory: 538624K Free: 385437K (72%)
----------------- Invoking toplevel() on ptolemy.moml.MoMLSimpleApplication@62f51a71
----------------- Done invoking toplevel() on ptolemy.moml.MoMLSimpleApplication@62f51a71
reloadAllAccessors: .PublisherSubscriber4

===========================================================================================
----------------- testing Thu Apr 16 14:03:45 UTC 2020 /home/travis/build/icyphy/ptII/ptolemy/actor/lib/test/auto/PublisherSubscriber5.xml
----------------- Instantiating /home/travis/build/icyphy/ptII/ptolemy/actor/lib/test/auto/PublisherSubscriber5.xml
2 ms. Memory: 538624K Free: 378779K (70%)
----------------- Invoking toplevel() on ptolemy.moml.MoMLSimpleApplication@904a40
----------------- Done invoking toplevel() on ptolemy.moml.MoMLSimpleApplication@904a40
reloadAllAccessors: .PublisherSubscriber5

===========================================================================================
----------------- testing Thu Apr 16 14:03:45 UTC 2020 /home/travis/build/icyphy/ptII/ptolemy/actor/lib/test/auto/PublisherSubscriber6.xml
----------------- Instantiating /home/travis/build/icyphy/ptII/ptolemy/actor/lib/test/auto/PublisherSubscriber6.xml
3 ms. Memory: 538624K Free: 372125K (69%)
----------------- Invoking toplevel() on ptolemy.moml.MoMLSimpleApplication@7252632a
----------------- Done invoking toplevel() on ptolemy.moml.MoMLSimpleApplication@7252632a
reloadAllAccessors: .PublisherSubscriber6

===========================================================================================
----------------- testing Thu Apr 16 14:03:45 UTC 2020 /home/travis/build/icyphy/ptII/ptolemy/actor/lib/test/auto/PublisherSubscriber7.xml
----------------- Instantiating /home/travis/build/icyphy/ptII/ptolemy/actor/lib/test/auto/PublisherSubscriber7.xml
6 ms. Memory: 538624K Free: 365981K (68%)
----------------- Invoking toplevel() on ptolemy.moml.MoMLSimpleApplication@6383d9de
----------------- Done invoking toplevel() on ptolemy.moml.MoMLSimpleApplication@6383d9de
reloadAllAccessors: .PublisherSubscriber7

===========================================================================================
----------------- testing Thu Apr 16 14:03:45 UTC 2020 /home/travis/build/icyphy/ptII/ptolemy/actor/lib/test/auto/PublisherSubscriber8.xml
----------------- Instantiating /home/travis/build/icyphy/ptII/ptolemy/actor/lib/test/auto/PublisherSubscriber8.xml
13 ms. Memory: 538624K Free: 354203K (66%)
----------------- Invoking toplevel() on ptolemy.moml.MoMLSimpleApplication@73424db5
----------------- Done invoking toplevel() on ptolemy.moml.MoMLSimpleApplication@73424db5
reloadAllAccessors: .PublisherSubscriber8

===========================================================================================
----------------- testing Thu Apr 16 14:03:45 UTC 2020 /home/travis/build/icyphy/ptII/ptolemy/actor/lib/test/auto/PublisherSubscriber9.xml
----------------- Instantiating /home/travis/build/icyphy/ptII/ptolemy/actor/lib/test/auto/PublisherSubscriber9.xml
2 ms. Memory: 538624K Free: 347029K (64%)
----------------- Invoking toplevel() on ptolemy.moml.MoMLSimpleApplication@3c6b0bcd
----------------- Done invoking toplevel() on ptolemy.moml.MoMLSimpleApplication@3c6b0bcd
reloadAllAccessors: .PublisherSubscriber9

===========================================================================================
----------------- testing Thu Apr 16 14:03:45 UTC 2020 /home/travis/build/icyphy/ptII/ptolemy/actor/lib/test/auto/PublisherSubscriberAdjacent.xml
----------------- Instantiating /home/travis/build/icyphy/ptII/ptolemy/actor/lib/test/auto/PublisherSubscriberAdjacent.xml
1 ms. Memory: 538624K Free: 338843K (63%)
----------------- Invoking toplevel() on ptolemy.moml.MoMLSimpleApplication@7c240007
----------------- Done invoking toplevel() on ptolemy.moml.MoMLSimpleApplication@7c240007
reloadAllAccessors: .PublisherSubscriberAdjacent

===========================================================================================
----------------- testing Thu Apr 16 14:03:45 UTC 2020 /home/travis/build/icyphy/ptII/ptolemy/actor/lib/test/auto/PublisherSubscriberChannelVariablesAOC2.xml
----------------- Instantiating /home/travis/build/icyphy/ptII/ptolemy/actor/lib/test/auto/PublisherSubscriberChannelVariablesAOC2.xml
2 ms. Memory: 538624K Free: 323483K (60%)
----------------- Invoking toplevel() on ptolemy.moml.MoMLSimpleApplication@9e1eaea
----------------- Done invoking toplevel() on ptolemy.moml.MoMLSimpleApplication@9e1eaea
reloadAllAccessors: .PublisherSubscriberChannelVariablesAOC2

===========================================================================================
----------------- testing Thu Apr 16 14:03:46 UTC 2020 /home/travis/build/icyphy/ptII/ptolemy/actor/lib/test/auto/PublisherSubscriberD3.xml
----------------- Instantiating /home/travis/build/icyphy/ptII/ptolemy/actor/lib/test/auto/PublisherSubscriberD3.xml
1 ms. Memory: 538624K Free: 316315K (59%)
----------------- Invoking toplevel() on ptolemy.moml.MoMLSimpleApplication@2d4593a1
----------------- Done invoking toplevel() on ptolemy.moml.MoMLSimpleApplication@2d4593a1
reloadAllAccessors: .PublisherSubscriberD3

===========================================================================================
----------------- testing Thu Apr 16 14:03:46 UTC 2020 /home/travis/build/icyphy/ptII/ptolemy/actor/lib/test/auto/PublisherSubscriberD3Reverse.xml
----------------- Instantiating /home/travis/build/icyphy/ptII/ptolemy/actor/lib/test/auto/PublisherSubscriberD3Reverse.xml
3 ms. Memory: 538624K Free: 310171K (58%)
----------------- Invoking toplevel() on ptolemy.moml.MoMLSimpleApplication@314724cd
----------------- Done invoking toplevel() on ptolemy.moml.MoMLSimpleApplication@314724cd
reloadAllAccessors: .PublisherSubscriberD3Reverse

===========================================================================================
----------------- testing Thu Apr 16 14:03:46 UTC 2020 /home/travis/build/icyphy/ptII/ptolemy/actor/lib/test/auto/PublisherSubscriberExpression.xml
----------------- Instantiating /home/travis/build/icyphy/ptII/ptolemy/actor/lib/test/auto/PublisherSubscriberExpression.xml
3 ms. Memory: 538624K Free: 301965K (56%)
----------------- Invoking toplevel() on ptolemy.moml.MoMLSimpleApplication@6d34cdc0
----------------- Done invoking toplevel() on ptolemy.moml.MoMLSimpleApplication@6d34cdc0
reloadAllAccessors: .PublisherSubscriberExpression

===========================================================================================
----------------- testing Thu Apr 16 14:03:46 UTC 2020 /home/travis/build/icyphy/ptII/ptolemy/actor/lib/test/auto/PublisherSubscriberOpaque.xml
----------------- Instantiating /home/travis/build/icyphy/ptII/ptolemy/actor/lib/test/auto/PublisherSubscriberOpaque.xml
3 ms. Memory: 538624K Free: 293787K (55%)
----------------- Invoking toplevel() on ptolemy.moml.MoMLSimpleApplication@2146b728
----------------- Done invoking toplevel() on ptolemy.moml.MoMLSimpleApplication@2146b728
reloadAllAccessors: .PublisherSubscriberOpaque

===========================================================================================
----------------- testing Thu Apr 16 14:03:46 UTC 2020 /home/travis/build/icyphy/ptII/ptolemy/actor/lib/test/auto/PublisherSubscriberOpaqueD3.xml
----------------- Instantiating /home/travis/build/icyphy/ptII/ptolemy/actor/lib/test/auto/PublisherSubscriberOpaqueD3.xml
4 ms. Memory: 538624K Free: 282523K (52%)
----------------- Invoking toplevel() on ptolemy.moml.MoMLSimpleApplication@11bef07d
----------------- Done invoking toplevel() on ptolemy.moml.MoMLSimpleApplication@11bef07d
reloadAllAccessors: .PublisherSubscriberOpaqueD3

===========================================================================================
----------------- testing Thu Apr 16 14:03:46 UTC 2020 /home/travis/build/icyphy/ptII/ptolemy/actor/lib/test/auto/PublisherSubscriberOpaqueD3Reverse.xml
----------------- Instantiating /home/travis/build/icyphy/ptII/ptolemy/actor/lib/test/auto/PublisherSubscriberOpaqueD3Reverse.xml
6 ms. Memory: 538624K Free: 271773K (50%)
----------------- Invoking toplevel() on ptolemy.moml.MoMLSimpleApplication@28e054c9
----------------- Done invoking toplevel() on ptolemy.moml.MoMLSimpleApplication@28e054c9
reloadAllAccessors: .PublisherSubscriberOpaqueD3Reverse

===========================================================================================
----------------- testing Thu Apr 16 14:03:46 UTC 2020 /home/travis/build/icyphy/ptII/ptolemy/actor/lib/test/auto/PublisherSubscriberOpaqueWidthInference.xml
----------------- Instantiating /home/travis/build/icyphy/ptII/ptolemy/actor/lib/test/auto/PublisherSubscriberOpaqueWidthInference.xml
3 ms. Memory: 538624K Free: 263581K (49%)
----------------- Invoking toplevel() on ptolemy.moml.MoMLSimpleApplication@cfac4c7
----------------- Done invoking toplevel() on ptolemy.moml.MoMLSimpleApplication@cfac4c7
reloadAllAccessors: .PublisherSubscriberOpaqueWidthInference

===========================================================================================
----------------- testing Thu Apr 16 14:03:46 UTC 2020 /home/travis/build/icyphy/ptII/ptolemy/actor/lib/test/auto/PublisherTestSubscriber.xml
----------------- Instantiating /home/travis/build/icyphy/ptII/ptolemy/actor/lib/test/auto/PublisherTestSubscriber.xml
2 ms. Memory: 538624K Free: 255893K (48%)
----------------- Invoking toplevel() on ptolemy.moml.MoMLSimpleApplication@6ef57bd3
----------------- Done invoking toplevel() on ptolemy.moml.MoMLSimpleApplication@6ef57bd3
reloadAllAccessors: .PublisherTestSubscriber

===========================================================================================
----------------- testing Thu Apr 16 14:03:46 UTC 2020 /home/travis/build/icyphy/ptII/ptolemy/actor/lib/test/auto/PublisherToplevelSubscriberPortAOC.xml
----------------- Instantiating /home/travis/build/icyphy/ptII/ptolemy/actor/lib/test/auto/PublisherToplevelSubscriberPortAOC.xml
1 ms. Memory: 538624K Free: 249725K (46%)
----------------- Invoking toplevel() on ptolemy.moml.MoMLSimpleApplication@1457fd5c
----------------- Done invoking toplevel() on ptolemy.moml.MoMLSimpleApplication@1457fd5c
reloadAllAccessors: .PublisherToplevelSubscriberPortAOC

===========================================================================================
----------------- testing Thu Apr 16 14:03:46 UTC 2020 /home/travis/build/icyphy/ptII/ptolemy/actor/lib/test/auto/PulseFiringLimitDE.xml
----------------- Instantiating /home/travis/build/icyphy/ptII/ptolemy/actor/lib/test/auto/PulseFiringLimitDE.xml
2 ms. Memory: 538624K Free: 243611K (45%)
----------------- Invoking toplevel() on ptolemy.moml.MoMLSimpleApplication@52fcc3c0
----------------- Done invoking toplevel() on ptolemy.moml.MoMLSimpleApplication@52fcc3c0
reloadAllAccessors: .PulseFiringLimitDE

===========================================================================================
----------------- testing Thu Apr 16 14:03:46 UTC 2020 /home/travis/build/icyphy/ptII/ptolemy/actor/lib/test/auto/Ramp1.xml
----------------- Instantiating /home/travis/build/icyphy/ptII/ptolemy/actor/lib/test/auto/Ramp1.xml
1 ms. Memory: 538624K Free: 239509K (44%)
----------------- Invoking toplevel() on ptolemy.moml.MoMLSimpleApplication@135c5eba
----------------- Done invoking toplevel() on ptolemy.moml.MoMLSimpleApplication@135c5eba
reloadAllAccessors: .Ramp1

===========================================================================================
----------------- testing Thu Apr 16 14:03:46 UTC 2020 /home/travis/build/icyphy/ptII/ptolemy/actor/lib/test/auto/RampFiringLimitDE.xml
----------------- Instantiating /home/travis/build/icyphy/ptII/ptolemy/actor/lib/test/auto/RampFiringLimitDE.xml
2 ms. Memory: 538624K Free: 233357K (43%)
----------------- Invoking toplevel() on ptolemy.moml.MoMLSimpleApplication@b3bf77a
----------------- Done invoking toplevel() on ptolemy.moml.MoMLSimpleApplication@b3bf77a
reloadAllAccessors: .RampFiringLimitDE

===========================================================================================
----------------- testing Thu Apr 16 14:03:46 UTC 2020 /home/travis/build/icyphy/ptII/ptolemy/actor/lib/test/auto/RampFiringLimitSDF.xml
----------------- Instantiating /home/travis/build/icyphy/ptII/ptolemy/actor/lib/test/auto/RampFiringLimitSDF.xml
2 ms. Memory: 538624K Free: 228237K (42%)
----------------- Invoking toplevel() on ptolemy.moml.MoMLSimpleApplication@4fcea099
----------------- Done invoking toplevel() on ptolemy.moml.MoMLSimpleApplication@4fcea099
reloadAllAccessors: .RampFiringLimitSDF

===========================================================================================
----------------- testing Thu Apr 16 14:03:46 UTC 2020 /home/travis/build/icyphy/ptII/ptolemy/actor/lib/test/auto/RandomInteger.xml
----------------- Instantiating /home/travis/build/icyphy/ptII/ptolemy/actor/lib/test/auto/RandomInteger.xml
1 ms. Memory: 538624K Free: 224155K (42%)
----------------- Invoking toplevel() on ptolemy.moml.MoMLSimpleApplication@197ea96
----------------- Done invoking toplevel() on ptolemy.moml.MoMLSimpleApplication@197ea96
reloadAllAccessors: .RandomInteger

===========================================================================================
----------------- testing Thu Apr 16 14:03:46 UTC 2020 /home/travis/build/icyphy/ptII/ptolemy/actor/lib/test/auto/ReadFile1.xml
----------------- Instantiating /home/travis/build/icyphy/ptII/ptolemy/actor/lib/test/auto/ReadFile1.xml
1 ms. Memory: 538624K Free: 219549K (41%)
----------------- Invoking toplevel() on ptolemy.moml.MoMLSimpleApplication@7c0a066e
----------------- Done invoking toplevel() on ptolemy.moml.MoMLSimpleApplication@7c0a066e
reloadAllAccessors: .ReadFile1

===========================================================================================
----------------- testing Thu Apr 16 14:03:46 UTC 2020 /home/travis/build/icyphy/ptII/ptolemy/actor/lib/test/auto/ReadFile2.xml
----------------- Instantiating /home/travis/build/icyphy/ptII/ptolemy/actor/lib/test/auto/ReadFile2.xml
1 ms. Memory: 538624K Free: 215453K (40%)
----------------- Invoking toplevel() on ptolemy.moml.MoMLSimpleApplication@6abc3f8
----------------- Done invoking toplevel() on ptolemy.moml.MoMLSimpleApplication@6abc3f8
reloadAllAccessors: .ReadFile2

===========================================================================================
----------------- testing Thu Apr 16 14:03:46 UTC 2020 /home/travis/build/icyphy/ptII/ptolemy/actor/lib/test/auto/Reader.xml
----------------- Instantiating /home/travis/build/icyphy/ptII/ptolemy/actor/lib/test/auto/Reader.xml
actor.lib.Reader is obsolete, use actor.lib.io.ExpressionReader instead
3 ms. Memory: 538624K Free: 211357K (39%)
----------------- Invoking toplevel() on ptolemy.moml.MoMLSimpleApplication@60dfd087
----------------- Done invoking toplevel() on ptolemy.moml.MoMLSimpleApplication@60dfd087
reloadAllAccessors: .Reader

===========================================================================================
----------------- testing Thu Apr 16 14:03:46 UTC 2020 /home/travis/build/icyphy/ptII/ptolemy/actor/lib/test/auto/RecordAssemblerDisplayNameTest.xml
----------------- Instantiating /home/travis/build/icyphy/ptII/ptolemy/actor/lib/test/auto/RecordAssemblerDisplayNameTest.xml
2977 ms. Memory: 538624K Free: 317010K (59%)
----------------- Invoking toplevel() on ptolemy.moml.MoMLSimpleApplication@73cc7065
----------------- Done invoking toplevel() on ptolemy.moml.MoMLSimpleApplication@73cc7065
reloadAllAccessors: .RecordAssemblerDisplayNameTest

===========================================================================================
----------------- testing Thu Apr 16 14:03:49 UTC 2020 /home/travis/build/icyphy/ptII/ptolemy/actor/lib/test/auto/RecordAssemblerTypeError.xml
----------------- Instantiating /home/travis/build/icyphy/ptII/ptolemy/actor/lib/test/auto/RecordAssemblerTypeError.xml
8 ms. Memory: 538624K Free: 307284K (57%)
----------------- Invoking toplevel() on ptolemy.moml.MoMLSimpleApplication@29a6a7ec
----------------- Done invoking toplevel() on ptolemy.moml.MoMLSimpleApplication@29a6a7ec
reloadAllAccessors: .RecordAssemblerTypeError

===========================================================================================
----------------- testing Thu Apr 16 14:03:49 UTC 2020 /home/travis/build/icyphy/ptII/ptolemy/actor/lib/test/auto/RecordDisassember.xml
----------------- Instantiating /home/travis/build/icyphy/ptII/ptolemy/actor/lib/test/auto/RecordDisassember.xml
11 ms. Memory: 538624K Free: 302668K (56%)
----------------- Invoking toplevel() on ptolemy.moml.MoMLSimpleApplication@d63b0cb
----------------- Done invoking toplevel() on ptolemy.moml.MoMLSimpleApplication@d63b0cb
reloadAllAccessors: .RecordDisassember

===========================================================================================
----------------- testing Thu Apr 16 14:03:49 UTC 2020 /home/travis/build/icyphy/ptII/ptolemy/actor/lib/test/auto/RecordDisassemberDisplayNameTest.xml
----------------- Instantiating /home/travis/build/icyphy/ptII/ptolemy/actor/lib/test/auto/RecordDisassemberDisplayNameTest.xml
5 ms. Memory: 538624K Free: 294996K (55%)
----------------- Invoking toplevel() on ptolemy.moml.MoMLSimpleApplication@410a7aa1
----------------- Done invoking toplevel() on ptolemy.moml.MoMLSimpleApplication@410a7aa1
reloadAllAccessors: .RecordDisassemberDisplayNameTest

===========================================================================================
----------------- testing Thu Apr 16 14:03:49 UTC 2020 /home/travis/build/icyphy/ptII/ptolemy/actor/lib/test/auto/RecordDisassembler.xml
----------------- Instantiating /home/travis/build/icyphy/ptII/ptolemy/actor/lib/test/auto/RecordDisassembler.xml
2 ms. Memory: 538624K Free: 289876K (54%)
----------------- Invoking toplevel() on ptolemy.moml.MoMLSimpleApplication@150bfd71
----------------- Done invoking toplevel() on ptolemy.moml.MoMLSimpleApplication@150bfd71
reloadAllAccessors: .RecordDisassembler

===========================================================================================
----------------- testing Thu Apr 16 14:03:49 UTC 2020 /home/travis/build/icyphy/ptII/ptolemy/actor/lib/test/auto/RecordDisassembler2.xml
----------------- Instantiating /home/travis/build/icyphy/ptII/ptolemy/actor/lib/test/auto/RecordDisassembler2.xml
2 ms. Memory: 538624K Free: 284756K (53%)
----------------- Invoking toplevel() on ptolemy.moml.MoMLSimpleApplication@25bb3019
----------------- Done invoking toplevel() on ptolemy.moml.MoMLSimpleApplication@25bb3019
reloadAllAccessors: .RecordDisassembler2

===========================================================================================
----------------- testing Thu Apr 16 14:03:49 UTC 2020 /home/travis/build/icyphy/ptII/ptolemy/actor/lib/test/auto/RecordUpdater.xml
----------------- Instantiating /home/travis/build/icyphy/ptII/ptolemy/actor/lib/test/auto/RecordUpdater.xml
2 ms. Memory: 538624K Free: 279636K (52%)
----------------- Invoking toplevel() on ptolemy.moml.MoMLSimpleApplication@24c37780
----------------- Done invoking toplevel() on ptolemy.moml.MoMLSimpleApplication@24c37780
reloadAllAccessors: .RecordUpdater

===========================================================================================
----------------- testing Thu Apr 16 14:03:49 UTC 2020 /home/travis/build/icyphy/ptII/ptolemy/actor/lib/test/auto/RecordUpdater2.xml
----------------- Instantiating /home/travis/build/icyphy/ptII/ptolemy/actor/lib/test/auto/RecordUpdater2.xml
1 ms. Memory: 538624K Free: 274516K (51%)
----------------- Invoking toplevel() on ptolemy.moml.MoMLSimpleApplication@53aab364
----------------- Done invoking toplevel() on ptolemy.moml.MoMLSimpleApplication@53aab364
reloadAllAccessors: .RecordUpdater2

===========================================================================================
----------------- testing Thu Apr 16 14:03:49 UTC 2020 /home/travis/build/icyphy/ptII/ptolemy/actor/lib/test/auto/RecursiveLattice.xml
----------------- Instantiating /home/travis/build/icyphy/ptII/ptolemy/actor/lib/test/auto/RecursiveLattice.xml
1 ms. Memory: 538624K Free: 269906K (50%)
----------------- Invoking toplevel() on ptolemy.moml.MoMLSimpleApplication@11412b48
----------------- Done invoking toplevel() on ptolemy.moml.MoMLSimpleApplication@11412b48
reloadAllAccessors: .RecursiveLattice

===========================================================================================
----------------- testing Thu Apr 16 14:03:49 UTC 2020 /home/travis/build/icyphy/ptII/ptolemy/actor/lib/test/auto/Router.xml
----------------- Instantiating /home/travis/build/icyphy/ptII/ptolemy/actor/lib/test/auto/Router.xml
3002 ms. Memory: 538624K Free: 257618K (48%)
----------------- Invoking toplevel() on ptolemy.moml.MoMLSimpleApplication@35327f50
----------------- Done invoking toplevel() on ptolemy.moml.MoMLSimpleApplication@35327f50
reloadAllAccessors: .Router

===========================================================================================
----------------- testing Thu Apr 16 14:03:52 UTC 2020 /home/travis/build/icyphy/ptII/ptolemy/actor/lib/test/auto/Router2.xml
----------------- Instantiating /home/travis/build/icyphy/ptII/ptolemy/actor/lib/test/auto/Router2.xml
3004 ms. Memory: 538624K Free: 244306K (45%)
----------------- Invoking toplevel() on ptolemy.moml.MoMLSimpleApplication@7e2c5056
----------------- Done invoking toplevel() on ptolemy.moml.MoMLSimpleApplication@7e2c5056
reloadAllAccessors: .Router2

===========================================================================================
----------------- testing Thu Apr 16 14:03:55 UTC 2020 /home/travis/build/icyphy/ptII/ptolemy/actor/lib/test/auto/RunningMaximum.xml
----------------- Instantiating /home/travis/build/icyphy/ptII/ptolemy/actor/lib/test/auto/RunningMaximum.xml
4 ms. Memory: 538624K Free: 239700K (45%)
----------------- Invoking toplevel() on ptolemy.moml.MoMLSimpleApplication@1a82192e
----------------- Done invoking toplevel() on ptolemy.moml.MoMLSimpleApplication@1a82192e
reloadAllAccessors: .RunningMaximum

===========================================================================================
----------------- testing Thu Apr 16 14:03:55 UTC 2020 /home/travis/build/icyphy/ptII/ptolemy/actor/lib/test/auto/RunningMinimum.xml
----------------- Instantiating /home/travis/build/icyphy/ptII/ptolemy/actor/lib/test/auto/RunningMinimum.xml
14 ms. Memory: 538624K Free: 235090K (44%)
----------------- Invoking toplevel() on ptolemy.moml.MoMLSimpleApplication@794b16a4
----------------- Done invoking toplevel() on ptolemy.moml.MoMLSimpleApplication@794b16a4
reloadAllAccessors: .RunningMinimum

===========================================================================================
----------------- testing Thu Apr 16 14:03:55 UTC 2020 /home/travis/build/icyphy/ptII/ptolemy/actor/lib/test/auto/Scale.xml
----------------- Instantiating /home/travis/build/icyphy/ptII/ptolemy/actor/lib/test/auto/Scale.xml
1 ms. Memory: 538624K Free: 230484K (43%)
----------------- Invoking toplevel() on ptolemy.moml.MoMLSimpleApplication@38713819
----------------- Done invoking toplevel() on ptolemy.moml.MoMLSimpleApplication@38713819
reloadAllAccessors: .Scale

===========================================================================================
----------------- testing Thu Apr 16 14:03:55 UTC 2020 /home/travis/build/icyphy/ptII/ptolemy/actor/lib/test/auto/Scale2.xml
----------------- Instantiating /home/travis/build/icyphy/ptII/ptolemy/actor/lib/test/auto/Scale2.xml
1 ms. Memory: 538624K Free: 225874K (42%)
----------------- Invoking toplevel() on ptolemy.moml.MoMLSimpleApplication@5a1026e7
----------------- Done invoking toplevel() on ptolemy.moml.MoMLSimpleApplication@5a1026e7
reloadAllAccessors: .Scale2

===========================================================================================
----------------- testing Thu Apr 16 14:03:55 UTC 2020 /home/travis/build/icyphy/ptII/ptolemy/actor/lib/test/auto/Scale3.xml
----------------- Instantiating /home/travis/build/icyphy/ptII/ptolemy/actor/lib/test/auto/Scale3.xml
3 ms. Memory: 538624K Free: 219730K (41%)
----------------- Invoking toplevel() on ptolemy.moml.MoMLSimpleApplication@7e03995c
----------------- Done invoking toplevel() on ptolemy.moml.MoMLSimpleApplication@7e03995c
reloadAllAccessors: .Scale3

===========================================================================================
----------------- testing Thu Apr 16 14:03:55 UTC 2020 /home/travis/build/icyphy/ptII/ptolemy/actor/lib/test/auto/ScaleArray.xml
----------------- Instantiating /home/travis/build/icyphy/ptII/ptolemy/actor/lib/test/auto/ScaleArray.xml
3 ms. Memory: 538624K Free: 215124K (40%)
----------------- Invoking toplevel() on ptolemy.moml.MoMLSimpleApplication@28e907e2
----------------- Done invoking toplevel() on ptolemy.moml.MoMLSimpleApplication@28e907e2
reloadAllAccessors: .ScaleArray

===========================================================================================
----------------- testing Thu Apr 16 14:03:55 UTC 2020 /home/travis/build/icyphy/ptII/ptolemy/actor/lib/test/auto/ScaleArray2.xml
----------------- Instantiating /home/travis/build/icyphy/ptII/ptolemy/actor/lib/test/auto/ScaleArray2.xml
1 ms. Memory: 538624K Free: 210514K (39%)
----------------- Invoking toplevel() on ptolemy.moml.MoMLSimpleApplication@7439ab22
----------------- Done invoking toplevel() on ptolemy.moml.MoMLSimpleApplication@7439ab22
reloadAllAccessors: .ScaleArray2

===========================================================================================
----------------- testing Thu Apr 16 14:03:55 UTC 2020 /home/travis/build/icyphy/ptII/ptolemy/actor/lib/test/auto/ScaleMatrix.xml
----------------- Instantiating /home/travis/build/icyphy/ptII/ptolemy/actor/lib/test/auto/ScaleMatrix.xml
130 ms. Memory: 538624K Free: 196692K (37%)
----------------- Invoking toplevel() on ptolemy.moml.MoMLSimpleApplication@54d07d72
----------------- Done invoking toplevel() on ptolemy.moml.MoMLSimpleApplication@54d07d72
reloadAllAccessors: .ScaleMatrix

===========================================================================================
----------------- testing Thu Apr 16 14:03:55 UTC 2020 /home/travis/build/icyphy/ptII/ptolemy/actor/lib/test/auto/Select.xml
----------------- Instantiating /home/travis/build/icyphy/ptII/ptolemy/actor/lib/test/auto/Select.xml
2 ms. Memory: 538624K Free: 190548K (35%)
----------------- Invoking toplevel() on ptolemy.moml.MoMLSimpleApplication@40d07ce2
----------------- Done invoking toplevel() on ptolemy.moml.MoMLSimpleApplication@40d07ce2
reloadAllAccessors: .Select

===========================================================================================
----------------- testing Thu Apr 16 14:03:55 UTC 2020 /home/travis/build/icyphy/ptII/ptolemy/actor/lib/test/auto/Select2.xml
----------------- Instantiating /home/travis/build/icyphy/ptII/ptolemy/actor/lib/test/auto/Select2.xml
1 ms. Memory: 538624K Free: 185938K (35%)
----------------- Invoking toplevel() on ptolemy.moml.MoMLSimpleApplication@104dd03a
----------------- Done invoking toplevel() on ptolemy.moml.MoMLSimpleApplication@104dd03a
reloadAllAccessors: .Select2

===========================================================================================
----------------- testing Thu Apr 16 14:03:55 UTC 2020 /home/travis/build/icyphy/ptII/ptolemy/actor/lib/test/auto/SequenceToArray2.xml
----------------- Instantiating /home/travis/build/icyphy/ptII/ptolemy/actor/lib/test/auto/SequenceToArray2.xml
100 ms. Memory: 538624K Free: 480915K (89%)
----------------- Invoking toplevel() on ptolemy.moml.MoMLSimpleApplication@5405ae6b
----------------- Done invoking toplevel() on ptolemy.moml.MoMLSimpleApplication@5405ae6b
reloadAllAccessors: .SequenceToArray2

===========================================================================================
----------------- testing Thu Apr 16 14:03:55 UTC 2020 /home/travis/build/icyphy/ptII/ptolemy/actor/lib/test/auto/SequentialClock.xml
----------------- Instantiating /home/travis/build/icyphy/ptII/ptolemy/actor/lib/test/auto/SequentialClock.xml
1 ms. Memory: 538624K Free: 476088K (88%)
----------------- Invoking toplevel() on ptolemy.moml.MoMLSimpleApplication@79e2ebd5
----------------- Done invoking toplevel() on ptolemy.moml.MoMLSimpleApplication@79e2ebd5
reloadAllAccessors: .SequentialClock

===========================================================================================
----------------- testing Thu Apr 16 14:03:55 UTC 2020 /home/travis/build/icyphy/ptII/ptolemy/actor/lib/test/auto/SetVariable.xml
----------------- Instantiating /home/travis/build/icyphy/ptII/ptolemy/actor/lib/test/auto/SetVariable.xml
4 ms. Memory: 538624K Free: 471478K (88%)
----------------- Invoking toplevel() on ptolemy.moml.MoMLSimpleApplication@4daac4ab
----------------- Done invoking toplevel() on ptolemy.moml.MoMLSimpleApplication@4daac4ab
reloadAllAccessors: .SetVariable

===========================================================================================
----------------- testing Thu Apr 16 14:03:55 UTC 2020 /home/travis/build/icyphy/ptII/ptolemy/actor/lib/test/auto/SetVariable2.xml
----------------- Instantiating /home/travis/build/icyphy/ptII/ptolemy/actor/lib/test/auto/SetVariable2.xml
2 ms. Memory: 538624K Free: 466358K (87%)
----------------- Invoking toplevel() on ptolemy.moml.MoMLSimpleApplication@7200fe19
----------------- Done invoking toplevel() on ptolemy.moml.MoMLSimpleApplication@7200fe19
reloadAllAccessors: .SetVariable2

===========================================================================================
----------------- testing Thu Apr 16 14:03:55 UTC 2020 /home/travis/build/icyphy/ptII/ptolemy/actor/lib/test/auto/SetVariable3.xml
----------------- Instantiating /home/travis/build/icyphy/ptII/ptolemy/actor/lib/test/auto/SetVariable3.xml
6 ms. Memory: 538624K Free: 461238K (86%)
----------------- Invoking toplevel() on ptolemy.moml.MoMLSimpleApplication@38e2402
----------------- Done invoking toplevel() on ptolemy.moml.MoMLSimpleApplication@38e2402
reloadAllAccessors: .SetVariable3

===========================================================================================
----------------- testing Thu Apr 16 14:03:55 UTC 2020 /home/travis/build/icyphy/ptII/ptolemy/actor/lib/test/auto/SetVariable4.xml
----------------- Instantiating /home/travis/build/icyphy/ptII/ptolemy/actor/lib/test/auto/SetVariable4.xml
17 ms. Memory: 538624K Free: 451512K (84%)
----------------- Invoking toplevel() on ptolemy.moml.MoMLSimpleApplication@43df7bc1
----------------- Done invoking toplevel() on ptolemy.moml.MoMLSimpleApplication@43df7bc1
reloadAllAccessors: .SetVariable4

===========================================================================================
----------------- testing Thu Apr 16 14:03:55 UTC 2020 /home/travis/build/icyphy/ptII/ptolemy/actor/lib/test/auto/SetVariable5.xml
----------------- Instantiating /home/travis/build/icyphy/ptII/ptolemy/actor/lib/test/auto/SetVariable5.xml
10 ms. Memory: 538624K Free: 442296K (82%)
----------------- Invoking toplevel() on ptolemy.moml.MoMLSimpleApplication@14612aa3
----------------- Done invoking toplevel() on ptolemy.moml.MoMLSimpleApplication@14612aa3
reloadAllAccessors: .SetVariable5

===========================================================================================
----------------- testing Thu Apr 16 14:03:55 UTC 2020 /home/travis/build/icyphy/ptII/ptolemy/actor/lib/test/auto/Sinewave.xml
----------------- Instantiating /home/travis/build/icyphy/ptII/ptolemy/actor/lib/test/auto/Sinewave.xml
3 ms. Memory: 538624K Free: 432056K (80%)
----------------- Invoking toplevel() on ptolemy.moml.MoMLSimpleApplication@29b7fce5
----------------- Done invoking toplevel() on ptolemy.moml.MoMLSimpleApplication@29b7fce5
reloadAllAccessors: .Sinewave

===========================================================================================
----------------- testing Thu Apr 16 14:03:55 UTC 2020 /home/travis/build/icyphy/ptII/ptolemy/actor/lib/test/auto/Sinewave2.xml
----------------- Instantiating /home/travis/build/icyphy/ptII/ptolemy/actor/lib/test/auto/Sinewave2.xml
6 ms. Memory: 538624K Free: 423864K (79%)
----------------- Invoking toplevel() on ptolemy.moml.MoMLSimpleApplication@548c27b4
----------------- Done invoking toplevel() on ptolemy.moml.MoMLSimpleApplication@548c27b4
reloadAllAccessors: .Sinewave2

===========================================================================================
----------------- testing Thu Apr 16 14:03:55 UTC 2020 /home/travis/build/icyphy/ptII/ptolemy/actor/lib/test/auto/Sinewave3.xml
----------------- Instantiating /home/travis/build/icyphy/ptII/ptolemy/actor/lib/test/auto/Sinewave3.xml
7 ms. Memory: 538624K Free: 415672K (77%)
----------------- Invoking toplevel() on ptolemy.moml.MoMLSimpleApplication@174ce0d9
----------------- Done invoking toplevel() on ptolemy.moml.MoMLSimpleApplication@174ce0d9
reloadAllAccessors: .Sinewave3

===========================================================================================
----------------- testing Thu Apr 16 14:03:55 UTC 2020 /home/travis/build/icyphy/ptII/ptolemy/actor/lib/test/auto/SingleEvent.xml
----------------- Instantiating /home/travis/build/icyphy/ptII/ptolemy/actor/lib/test/auto/SingleEvent.xml
0 ms. Memory: 538624K Free: 411576K (76%)
----------------- Invoking toplevel() on ptolemy.moml.MoMLSimpleApplication@234b0e4
----------------- Done invoking toplevel() on ptolemy.moml.MoMLSimpleApplication@234b0e4
reloadAllAccessors: .SingleEvent

===========================================================================================
----------------- testing Thu Apr 16 14:03:55 UTC 2020 /home/travis/build/icyphy/ptII/ptolemy/actor/lib/test/auto/Sleep.xml
----------------- Instantiating /home/travis/build/icyphy/ptII/ptolemy/actor/lib/test/auto/Sleep.xml
6002 ms. Memory: 538624K Free: 405912K (75%)
----------------- Invoking toplevel() on ptolemy.moml.MoMLSimpleApplication@2752968b
----------------- Done invoking toplevel() on ptolemy.moml.MoMLSimpleApplication@2752968b
reloadAllAccessors: .Sleep

===========================================================================================
----------------- testing Thu Apr 16 14:04:02 UTC 2020 /home/travis/build/icyphy/ptII/ptolemy/actor/lib/test/auto/SleepMultipleFire.xml
----------------- Instantiating /home/travis/build/icyphy/ptII/ptolemy/actor/lib/test/auto/SleepMultipleFire.xml
1004 ms. Memory: 538624K Free: 399798K (74%)
----------------- Invoking toplevel() on ptolemy.moml.MoMLSimpleApplication@1f696dcb
----------------- Done invoking toplevel() on ptolemy.moml.MoMLSimpleApplication@1f696dcb
reloadAllAccessors: .SleepMultipleFire

===========================================================================================
----------------- testing Thu Apr 16 14:04:03 UTC 2020 /home/travis/build/icyphy/ptII/ptolemy/actor/lib/test/auto/StopDE.xml
----------------- Instantiating /home/travis/build/icyphy/ptII/ptolemy/actor/lib/test/auto/StopDE.xml
4 ms. Memory: 538624K Free: 394168K (73%)
----------------- Invoking toplevel() on ptolemy.moml.MoMLSimpleApplication@1e2a92b4
----------------- Done invoking toplevel() on ptolemy.moml.MoMLSimpleApplication@1e2a92b4
reloadAllAccessors: .StopDE

===========================================================================================
----------------- testing Thu Apr 16 14:04:03 UTC 2020 /home/travis/build/icyphy/ptII/ptolemy/actor/lib/test/auto/StopSDF.xml
----------------- Instantiating /home/travis/build/icyphy/ptII/ptolemy/actor/lib/test/auto/StopSDF.xml
1 ms. Memory: 538624K Free: 388534K (72%)
----------------- Invoking toplevel() on ptolemy.moml.MoMLSimpleApplication@45e81319
----------------- Done invoking toplevel() on ptolemy.moml.MoMLSimpleApplication@45e81319
reloadAllAccessors: .StopSDF

===========================================================================================
----------------- testing Thu Apr 16 14:04:03 UTC 2020 /home/travis/build/icyphy/ptII/ptolemy/actor/lib/test/auto/StringConstant.xml
----------------- Instantiating /home/travis/build/icyphy/ptII/ptolemy/actor/lib/test/auto/StringConstant.xml
7 ms. Memory: 538624K Free: 383928K (71%)
----------------- Invoking toplevel() on ptolemy.moml.MoMLSimpleApplication@77bf2d45
----------------- Done invoking toplevel() on ptolemy.moml.MoMLSimpleApplication@77bf2d45
reloadAllAccessors: .StringConstant

===========================================================================================
----------------- testing Thu Apr 16 14:04:03 UTC 2020 /home/travis/build/icyphy/ptII/ptolemy/actor/lib/test/auto/SubscriberPortInitialValues1.xml
----------------- Instantiating /home/travis/build/icyphy/ptII/ptolemy/actor/lib/test/auto/SubscriberPortInitialValues1.xml
8 ms. Memory: 538624K Free: 375222K (70%)
----------------- Invoking toplevel() on ptolemy.moml.MoMLSimpleApplication@4030dded
----------------- Done invoking toplevel() on ptolemy.moml.MoMLSimpleApplication@4030dded
reloadAllAccessors: .SubscriberPortInitialValues1

===========================================================================================
----------------- testing Thu Apr 16 14:04:03 UTC 2020 /home/travis/build/icyphy/ptII/ptolemy/actor/lib/test/auto/SubscriberPortInitialValues13.xml
----------------- Instantiating /home/travis/build/icyphy/ptII/ptolemy/actor/lib/test/auto/SubscriberPortInitialValues13.xml
4 ms. Memory: 538624K Free: 362934K (67%)
----------------- Invoking toplevel() on ptolemy.moml.MoMLSimpleApplication@773a9a8d
----------------- Done invoking toplevel() on ptolemy.moml.MoMLSimpleApplication@773a9a8d
reloadAllAccessors: .SubscriberPortInitialValues13

===========================================================================================
----------------- testing Thu Apr 16 14:04:03 UTC 2020 /home/travis/build/icyphy/ptII/ptolemy/actor/lib/test/auto/SubscriberPortInitialValues14.xml
----------------- Instantiating /home/travis/build/icyphy/ptII/ptolemy/actor/lib/test/auto/SubscriberPortInitialValues14.xml
4 ms. Memory: 538624K Free: 355256K (66%)
----------------- Invoking toplevel() on ptolemy.moml.MoMLSimpleApplication@966344
----------------- Done invoking toplevel() on ptolemy.moml.MoMLSimpleApplication@966344
reloadAllAccessors: .SubscriberPortInitialValues14

===========================================================================================
----------------- testing Thu Apr 16 14:04:03 UTC 2020 /home/travis/build/icyphy/ptII/ptolemy/actor/lib/test/auto/SubscriberPortInitialValues2.xml
----------------- Instantiating /home/travis/build/icyphy/ptII/ptolemy/actor/lib/test/auto/SubscriberPortInitialValues2.xml
2 ms. Memory: 538624K Free: 347574K (65%)
----------------- Invoking toplevel() on ptolemy.moml.MoMLSimpleApplication@2a656130
----------------- Done invoking toplevel() on ptolemy.moml.MoMLSimpleApplication@2a656130
reloadAllAccessors: .SubscriberPortInitialValues2

===========================================================================================
----------------- testing Thu Apr 16 14:04:03 UTC 2020 /home/travis/build/icyphy/ptII/ptolemy/actor/lib/test/auto/SubscriberPortInitialValues3.xml
----------------- Instantiating /home/travis/build/icyphy/ptII/ptolemy/actor/lib/test/auto/SubscriberPortInitialValues3.xml
3 ms. Memory: 538624K Free: 336310K (62%)
----------------- Invoking toplevel() on ptolemy.moml.MoMLSimpleApplication@2ab90a20
----------------- Done invoking toplevel() on ptolemy.moml.MoMLSimpleApplication@2ab90a20
reloadAllAccessors: .SubscriberPortInitialValues3

===========================================================================================
----------------- testing Thu Apr 16 14:04:03 UTC 2020 /home/travis/build/icyphy/ptII/ptolemy/actor/lib/test/auto/SubscriptionAggregator.xml
----------------- Instantiating /home/travis/build/icyphy/ptII/ptolemy/actor/lib/test/auto/SubscriptionAggregator.xml
2 ms. Memory: 538624K Free: 329656K (61%)
----------------- Invoking toplevel() on ptolemy.moml.MoMLSimpleApplication@5ce839cd
----------------- Done invoking toplevel() on ptolemy.moml.MoMLSimpleApplication@5ce839cd
reloadAllAccessors: .SubscriptionAggregator

===========================================================================================
----------------- testing Thu Apr 16 14:04:03 UTC 2020 /home/travis/build/icyphy/ptII/ptolemy/actor/lib/test/auto/SubscriptionAggregator2.xml
----------------- Instantiating /home/travis/build/icyphy/ptII/ptolemy/actor/lib/test/auto/SubscriptionAggregator2.xml
3 ms. Memory: 538624K Free: 322992K (60%)
----------------- Invoking toplevel() on ptolemy.moml.MoMLSimpleApplication@43a9b172
----------------- Done invoking toplevel() on ptolemy.moml.MoMLSimpleApplication@43a9b172
reloadAllAccessors: .SubscriptionAggregator2

===========================================================================================
----------------- testing Thu Apr 16 14:04:03 UTC 2020 /home/travis/build/icyphy/ptII/ptolemy/actor/lib/test/auto/SubscriptionAggregator3.xml
----------------- Instantiating /home/travis/build/icyphy/ptII/ptolemy/actor/lib/test/auto/SubscriptionAggregator3.xml
3 ms. Memory: 538624K Free: 314296K (58%)
----------------- Invoking toplevel() on ptolemy.moml.MoMLSimpleApplication@4b72b960
----------------- Done invoking toplevel() on ptolemy.moml.MoMLSimpleApplication@4b72b960
reloadAllAccessors: .SubscriptionAggregator3

===========================================================================================
----------------- testing Thu Apr 16 14:04:03 UTC 2020 /home/travis/build/icyphy/ptII/ptolemy/actor/lib/test/auto/SubscriptionAggregatorMultiply.xml
----------------- Instantiating /home/travis/build/icyphy/ptII/ptolemy/actor/lib/test/auto/SubscriptionAggregatorMultiply.xml
2 ms. Memory: 538624K Free: 305584K (57%)
----------------- Invoking toplevel() on ptolemy.moml.MoMLSimpleApplication@79f428f9
----------------- Done invoking toplevel() on ptolemy.moml.MoMLSimpleApplication@79f428f9
reloadAllAccessors: .SubscriptionAggregatorMultiply

===========================================================================================
----------------- testing Thu Apr 16 14:04:03 UTC 2020 /home/travis/build/icyphy/ptII/ptolemy/actor/lib/test/auto/SubscriptionAggregatorPortMultiply1.xml
----------------- Instantiating /home/travis/build/icyphy/ptII/ptolemy/actor/lib/test/auto/SubscriptionAggregatorPortMultiply1.xml
10 ms. Memory: 538624K Free: 297912K (55%)
----------------- Invoking toplevel() on ptolemy.moml.MoMLSimpleApplication@2f8b3196
----------------- Done invoking toplevel() on ptolemy.moml.MoMLSimpleApplication@2f8b3196
reloadAllAccessors: .SubscriptionAggregatorPortMultiply1

===========================================================================================
----------------- testing Thu Apr 16 14:04:03 UTC 2020 /home/travis/build/icyphy/ptII/ptolemy/actor/lib/test/auto/Switch.xml
----------------- Instantiating /home/travis/build/icyphy/ptII/ptolemy/actor/lib/test/auto/Switch.xml
5 ms. Memory: 538624K Free: 289720K (54%)
----------------- Invoking toplevel() on ptolemy.moml.MoMLSimpleApplication@1637716a
----------------- Done invoking toplevel() on ptolemy.moml.MoMLSimpleApplication@1637716a
reloadAllAccessors: .Switch

===========================================================================================
----------------- testing Thu Apr 16 14:04:03 UTC 2020 /home/travis/build/icyphy/ptII/ptolemy/actor/lib/test/auto/Switch2.xml
----------------- Instantiating /home/travis/build/icyphy/ptII/ptolemy/actor/lib/test/auto/Switch2.xml
0 ms. Memory: 538624K Free: 285110K (53%)
----------------- Invoking toplevel() on ptolemy.moml.MoMLSimpleApplication@8917dcb
----------------- Done invoking toplevel() on ptolemy.moml.MoMLSimpleApplication@8917dcb
reloadAllAccessors: .Switch2

===========================================================================================
----------------- testing Thu Apr 16 14:04:03 UTC 2020 /home/travis/build/icyphy/ptII/ptolemy/actor/lib/test/auto/SwitchDE.xml
----------------- Instantiating /home/travis/build/icyphy/ptII/ptolemy/actor/lib/test/auto/SwitchDE.xml
3 ms. Memory: 538624K Free: 278952K (52%)
----------------- Invoking toplevel() on ptolemy.moml.MoMLSimpleApplication@7f74cc8b
----------------- Done invoking toplevel() on ptolemy.moml.MoMLSimpleApplication@7f74cc8b
reloadAllAccessors: .SwitchDE

===========================================================================================
----------------- testing Thu Apr 16 14:04:03 UTC 2020 /home/travis/build/icyphy/ptII/ptolemy/actor/lib/test/auto/SynchronizerDE.xml
----------------- Instantiating /home/travis/build/icyphy/ptII/ptolemy/actor/lib/test/auto/SynchronizerDE.xml
5 ms. Memory: 538624K Free: 270744K (50%)
----------------- Invoking toplevel() on ptolemy.moml.MoMLSimpleApplication@3ff7e67b
----------------- Done invoking toplevel() on ptolemy.moml.MoMLSimpleApplication@3ff7e67b
reloadAllAccessors: .SynchronizerDE

===========================================================================================
----------------- testing Thu Apr 16 14:04:03 UTC 2020 /home/travis/build/icyphy/ptII/ptolemy/actor/lib/test/auto/Test.xml
----------------- Instantiating /home/travis/build/icyphy/ptII/ptolemy/actor/lib/test/auto/Test.xml
2 ms. Memory: 538624K Free: 265624K (49%)
----------------- Invoking toplevel() on ptolemy.moml.MoMLSimpleApplication@e6e7ca7
----------------- Done invoking toplevel() on ptolemy.moml.MoMLSimpleApplication@e6e7ca7
reloadAllAccessors: .Test

===========================================================================================
----------------- testing Thu Apr 16 14:04:03 UTC 2020 /home/travis/build/icyphy/ptII/ptolemy/actor/lib/test/auto/TestExceptionAttribute1.xml
----------------- Instantiating /home/travis/build/icyphy/ptII/ptolemy/actor/lib/test/auto/TestExceptionAttribute1.xml
1 ms. Memory: 538624K Free: 262072K (49%)
----------------- Invoking toplevel() on ptolemy.moml.MoMLSimpleApplication@9c33554
----------------- Done invoking toplevel() on ptolemy.moml.MoMLSimpleApplication@9c33554
reloadAllAccessors: .TestExceptionAttribute1

===========================================================================================
----------------- testing Thu Apr 16 14:04:03 UTC 2020 /home/travis/build/icyphy/ptII/ptolemy/actor/lib/test/auto/TestExceptionAttribute2.xml
----------------- Instantiating /home/travis/build/icyphy/ptII/ptolemy/actor/lib/test/auto/TestExceptionAttribute2.xml
1 ms. Memory: 538624K Free: 258486K (48%)
----------------- Invoking toplevel() on ptolemy.moml.MoMLSimpleApplication@5872fa9f
----------------- Done invoking toplevel() on ptolemy.moml.MoMLSimpleApplication@5872fa9f
reloadAllAccessors: .TestExceptionAttribute2

===========================================================================================
----------------- testing Thu Apr 16 14:04:03 UTC 2020 /home/travis/build/icyphy/ptII/ptolemy/actor/lib/test/auto/TestExceptionAttribute3.xml
----------------- Instantiating /home/travis/build/icyphy/ptII/ptolemy/actor/lib/test/auto/TestExceptionAttribute3.xml
.TestExceptionAttribute3.TestExceptionAttribute: initialize() was not invoked, but wrapup() was.  This is unusual, but not always a problem.  For example, exporting JNLP will do this.
1 ms. Memory: 538624K Free: 254390K (47%)
----------------- Invoking toplevel() on ptolemy.moml.MoMLSimpleApplication@1dc436c0
----------------- Done invoking toplevel() on ptolemy.moml.MoMLSimpleApplication@1dc436c0
reloadAllAccessors: .TestExceptionAttribute3

===========================================================================================
----------------- testing Thu Apr 16 14:04:03 UTC 2020 /home/travis/build/icyphy/ptII/ptolemy/actor/lib/test/auto/TestExceptionAttribute4.xml
----------------- Instantiating /home/travis/build/icyphy/ptII/ptolemy/actor/lib/test/auto/TestExceptionAttribute4.xml
.TestExceptionAttribute4.TestExceptionAttribute: initialize() was not invoked, but wrapup() was.  This is unusual, but not always a problem.  For example, exporting JNLP will do this.
.TestExceptionAttribute4.TestExceptionAttribute2: initialize() was not invoked, but wrapup() was.  This is unusual, but not always a problem.  For example, exporting JNLP will do this.
1 ms. Memory: 538624K Free: 250294K (46%)
----------------- Invoking toplevel() on ptolemy.moml.MoMLSimpleApplication@67af0a86
----------------- Done invoking toplevel() on ptolemy.moml.MoMLSimpleApplication@67af0a86
reloadAllAccessors: .TestExceptionAttribute4

===========================================================================================
----------------- testing Thu Apr 16 14:04:03 UTC 2020 /home/travis/build/icyphy/ptII/ptolemy/actor/lib/test/auto/TestExceptionHandler1.xml
----------------- Instantiating /home/travis/build/icyphy/ptII/ptolemy/actor/lib/test/auto/TestExceptionHandler1.xml
0 ms. Memory: 538624K Free: 246712K (46%)
----------------- Invoking toplevel() on ptolemy.moml.MoMLSimpleApplication@133c4497
----------------- Done invoking toplevel() on ptolemy.moml.MoMLSimpleApplication@133c4497
reloadAllAccessors: .TestExceptionHandler1

===========================================================================================
----------------- testing Thu Apr 16 14:04:03 UTC 2020 /home/travis/build/icyphy/ptII/ptolemy/actor/lib/test/auto/TestExceptionHandler2.xml
----------------- Instantiating /home/travis/build/icyphy/ptII/ptolemy/actor/lib/test/auto/TestExceptionHandler2.xml
1 ms. Memory: 538624K Free: 243126K (45%)
----------------- Invoking toplevel() on ptolemy.moml.MoMLSimpleApplication@3cd604a9
----------------- Done invoking toplevel() on ptolemy.moml.MoMLSimpleApplication@3cd604a9
reloadAllAccessors: .TestExceptionHandler2

===========================================================================================
----------------- testing Thu Apr 16 14:04:03 UTC 2020 /home/travis/build/icyphy/ptII/ptolemy/actor/lib/test/auto/TestExceptionHandler3.xml
----------------- Instantiating /home/travis/build/icyphy/ptII/ptolemy/actor/lib/test/auto/TestExceptionHandler3.xml
1 ms. Memory: 538624K Free: 239544K (44%)
----------------- Invoking toplevel() on ptolemy.moml.MoMLSimpleApplication@7914734
----------------- Done invoking toplevel() on ptolemy.moml.MoMLSimpleApplication@7914734
reloadAllAccessors: .TestExceptionHandler3

===========================================================================================
----------------- testing Thu Apr 16 14:04:03 UTC 2020 /home/travis/build/icyphy/ptII/ptolemy/actor/lib/test/auto/TestExceptionHandler4.xml
----------------- Instantiating /home/travis/build/icyphy/ptII/ptolemy/actor/lib/test/auto/TestExceptionHandler4.xml
0 ms. Memory: 538624K Free: 235448K (44%)
----------------- Invoking toplevel() on ptolemy.moml.MoMLSimpleApplication@46141f73
----------------- Done invoking toplevel() on ptolemy.moml.MoMLSimpleApplication@46141f73
reloadAllAccessors: .TestExceptionHandler4

===========================================================================================
----------------- testing Thu Apr 16 14:04:03 UTC 2020 /home/travis/build/icyphy/ptII/ptolemy/actor/lib/test/auto/TestRequireCorrectOrder.xml
----------------- Instantiating /home/travis/build/icyphy/ptII/ptolemy/actor/lib/test/auto/TestRequireCorrectOrder.xml
2 ms. Memory: 538624K Free: 230328K (43%)
----------------- Invoking toplevel() on ptolemy.moml.MoMLSimpleApplication@3a23551a
----------------- Done invoking toplevel() on ptolemy.moml.MoMLSimpleApplication@3a23551a
reloadAllAccessors: .TestRequireCorrectOrder

===========================================================================================
----------------- testing Thu Apr 16 14:04:03 UTC 2020 /home/travis/build/icyphy/ptII/ptolemy/actor/lib/test/auto/TestSimple.xml
----------------- Instantiating /home/travis/build/icyphy/ptII/ptolemy/actor/lib/test/auto/TestSimple.xml
1 ms. Memory: 538624K Free: 225712K (42%)
----------------- Invoking toplevel() on ptolemy.moml.MoMLSimpleApplication@3f6678c0
----------------- Done invoking toplevel() on ptolemy.moml.MoMLSimpleApplication@3f6678c0
reloadAllAccessors: .TestSimple

===========================================================================================
----------------- testing Thu Apr 16 14:04:03 UTC 2020 /home/travis/build/icyphy/ptII/ptolemy/actor/lib/test/auto/ThrowModelError.xml
----------------- Instantiating /home/travis/build/icyphy/ptII/ptolemy/actor/lib/test/auto/ThrowModelError.xml
4 ms. Memory: 538624K Free: 221112K (41%)
----------------- Invoking toplevel() on ptolemy.moml.MoMLSimpleApplication@472e1c2
----------------- Done invoking toplevel() on ptolemy.moml.MoMLSimpleApplication@472e1c2
reloadAllAccessors: .ThrowModelError

===========================================================================================
----------------- testing Thu Apr 16 14:04:03 UTC 2020 /home/travis/build/icyphy/ptII/ptolemy/actor/lib/test/auto/TimeDelayMicrosteps.xml
----------------- Instantiating /home/travis/build/icyphy/ptII/ptolemy/actor/lib/test/auto/TimeDelayMicrosteps.xml
2 ms. Memory: 538624K Free: 214448K (40%)
----------------- Invoking toplevel() on ptolemy.moml.MoMLSimpleApplication@11808509
----------------- Done invoking toplevel() on ptolemy.moml.MoMLSimpleApplication@11808509
reloadAllAccessors: .TimeDelayMicrosteps

===========================================================================================
----------------- testing Thu Apr 16 14:04:03 UTC 2020 /home/travis/build/icyphy/ptII/ptolemy/actor/lib/test/auto/TimeDelayMicrosteps2.xml
----------------- Instantiating /home/travis/build/icyphy/ptII/ptolemy/actor/lib/test/auto/TimeDelayMicrosteps2.xml
4 ms. Memory: 538624K Free: 207272K (38%)
----------------- Invoking toplevel() on ptolemy.moml.MoMLSimpleApplication@20436f2c
----------------- Done invoking toplevel() on ptolemy.moml.MoMLSimpleApplication@20436f2c
reloadAllAccessors: .TimeDelayMicrosteps2

===========================================================================================
----------------- testing Thu Apr 16 14:04:03 UTC 2020 /home/travis/build/icyphy/ptII/ptolemy/actor/lib/test/auto/TimeDelayMicrosteps3.xml
----------------- Instantiating /home/travis/build/icyphy/ptII/ptolemy/actor/lib/test/auto/TimeDelayMicrosteps3.xml
2 ms. Memory: 538624K Free: 200632K (37%)
----------------- Invoking toplevel() on ptolemy.moml.MoMLSimpleApplication@525d9a66
----------------- Done invoking toplevel() on ptolemy.moml.MoMLSimpleApplication@525d9a66
reloadAllAccessors: .TimeDelayMicrosteps3

===========================================================================================
----------------- testing Thu Apr 16 14:04:03 UTC 2020 /home/travis/build/icyphy/ptII/ptolemy/actor/lib/test/auto/TimeDelayVariableMicrosteps.xml
----------------- Instantiating /home/travis/build/icyphy/ptII/ptolemy/actor/lib/test/auto/TimeDelayVariableMicrosteps.xml
2 ms. Memory: 538624K Free: 193974K (36%)
----------------- Invoking toplevel() on ptolemy.moml.MoMLSimpleApplication@44f3707a
----------------- Done invoking toplevel() on ptolemy.moml.MoMLSimpleApplication@44f3707a
reloadAllAccessors: .TimeDelayVariableMicrosteps

===========================================================================================
----------------- testing Thu Apr 16 14:04:03 UTC 2020 /home/travis/build/icyphy/ptII/ptolemy/actor/lib/test/auto/TimeGap.xml
----------------- Instantiating /home/travis/build/icyphy/ptII/ptolemy/actor/lib/test/auto/TimeGap.xml
3 ms. Memory: 538624K Free: 188824K (35%)
----------------- Invoking toplevel() on ptolemy.moml.MoMLSimpleApplication@790e2ec7
----------------- Done invoking toplevel() on ptolemy.moml.MoMLSimpleApplication@790e2ec7
reloadAllAccessors: .TimeGap

===========================================================================================
----------------- testing Thu Apr 16 14:04:03 UTC 2020 /home/travis/build/icyphy/ptII/ptolemy/actor/lib/test/auto/TimeGap2.xml
----------------- Instantiating /home/travis/build/icyphy/ptII/ptolemy/actor/lib/test/auto/TimeGap2.xml
2 ms. Memory: 538624K Free: 182680K (34%)
----------------- Invoking toplevel() on ptolemy.moml.MoMLSimpleApplication@36d86e8a
----------------- Done invoking toplevel() on ptolemy.moml.MoMLSimpleApplication@36d86e8a
reloadAllAccessors: .TimeGap2

===========================================================================================
----------------- testing Thu Apr 16 14:04:03 UTC 2020 /home/travis/build/icyphy/ptII/ptolemy/actor/lib/test/auto/TimedSinewave.xml
----------------- Instantiating /home/travis/build/icyphy/ptII/ptolemy/actor/lib/test/auto/TimedSinewave.xml
19 ms. Memory: 538624K Free: 168374K (31%)
----------------- Invoking toplevel() on ptolemy.moml.MoMLSimpleApplication@14f9bc5a
----------------- Done invoking toplevel() on ptolemy.moml.MoMLSimpleApplication@14f9bc5a
reloadAllAccessors: .TimedSinewave

===========================================================================================
----------------- testing Thu Apr 16 14:04:03 UTC 2020 /home/travis/build/icyphy/ptII/ptolemy/actor/lib/test/auto/TimedSinewavePhase.xml
----------------- Instantiating /home/travis/build/icyphy/ptII/ptolemy/actor/lib/test/auto/TimedSinewavePhase.xml
8 ms. Memory: 538624K Free: 473881K (88%)
----------------- Invoking toplevel() on ptolemy.moml.MoMLSimpleApplication@3c9a7ef1
----------------- Done invoking toplevel() on ptolemy.moml.MoMLSimpleApplication@3c9a7ef1
reloadAllAccessors: .TimedSinewavePhase

===========================================================================================
----------------- testing Thu Apr 16 14:04:03 UTC 2020 /home/travis/build/icyphy/ptII/ptolemy/actor/lib/test/auto/Timer.xml
----------------- Instantiating /home/travis/build/icyphy/ptII/ptolemy/actor/lib/test/auto/Timer.xml
1 ms. Memory: 538624K Free: 468241K (87%)
----------------- Invoking toplevel() on ptolemy.moml.MoMLSimpleApplication@500168ab
----------------- Done invoking toplevel() on ptolemy.moml.MoMLSimpleApplication@500168ab
reloadAllAccessors: .Timer

===========================================================================================
----------------- testing Thu Apr 16 14:04:03 UTC 2020 /home/travis/build/icyphy/ptII/ptolemy/actor/lib/test/auto/TriangularDistTestModel.xml
----------------- Instantiating /home/travis/build/icyphy/ptII/ptolemy/actor/lib/test/auto/TriangularDistTestModel.xml
1 ms. Memory: 538624K Free: 462617K (86%)
----------------- Invoking toplevel() on ptolemy.moml.MoMLSimpleApplication@1f70da63
----------------- Done invoking toplevel() on ptolemy.moml.MoMLSimpleApplication@1f70da63
reloadAllAccessors: .TriangularDistTestModel

===========================================================================================
----------------- testing Thu Apr 16 14:04:03 UTC 2020 /home/travis/build/icyphy/ptII/ptolemy/actor/lib/test/auto/TrigFunction.xml
----------------- Instantiating /home/travis/build/icyphy/ptII/ptolemy/actor/lib/test/auto/TrigFunction.xml
2 ms. Memory: 538624K Free: 458007K (85%)
----------------- Invoking toplevel() on ptolemy.moml.MoMLSimpleApplication@7defaa06
----------------- Done invoking toplevel() on ptolemy.moml.MoMLSimpleApplication@7defaa06
reloadAllAccessors: .TrigFunction

===========================================================================================
----------------- testing Thu Apr 16 14:04:03 UTC 2020 /home/travis/build/icyphy/ptII/ptolemy/actor/lib/test/auto/TrigFunctionDE.xml
----------------- Instantiating /home/travis/build/icyphy/ptII/ptolemy/actor/lib/test/auto/TrigFunctionDE.xml
1 ms. Memory: 538624K Free: 452377K (84%)
----------------- Invoking toplevel() on ptolemy.moml.MoMLSimpleApplication@4cbef2aa
----------------- Done invoking toplevel() on ptolemy.moml.MoMLSimpleApplication@4cbef2aa
reloadAllAccessors: .TrigFunctionDE

===========================================================================================
----------------- testing Thu Apr 16 14:04:03 UTC 2020 /home/travis/build/icyphy/ptII/ptolemy/actor/lib/test/auto/TrigFunctionInverse.xml
----------------- Instantiating /home/travis/build/icyphy/ptII/ptolemy/actor/lib/test/auto/TrigFunctionInverse.xml
2 ms. Memory: 538624K Free: 447257K (83%)
----------------- Invoking toplevel() on ptolemy.moml.MoMLSimpleApplication@7b800ac8
----------------- Done invoking toplevel() on ptolemy.moml.MoMLSimpleApplication@7b800ac8
reloadAllAccessors: .TrigFunctionInverse

===========================================================================================
----------------- testing Thu Apr 16 14:04:03 UTC 2020 /home/travis/build/icyphy/ptII/ptolemy/actor/lib/test/auto/TrigFunctionTan.xml
----------------- Instantiating /home/travis/build/icyphy/ptII/ptolemy/actor/lib/test/auto/TrigFunctionTan.xml
2 ms. Memory: 538624K Free: 442647K (82%)
----------------- Invoking toplevel() on ptolemy.moml.MoMLSimpleApplication@f27db0c
----------------- Done invoking toplevel() on ptolemy.moml.MoMLSimpleApplication@f27db0c
reloadAllAccessors: .TrigFunctionTan

===========================================================================================
----------------- testing Thu Apr 16 14:04:03 UTC 2020 /home/travis/build/icyphy/ptII/ptolemy/actor/lib/test/auto/TriggeredClock.xml
----------------- Instantiating /home/travis/build/icyphy/ptII/ptolemy/actor/lib/test/auto/TriggeredClock.xml
1 ms. Memory: 538624K Free: 437017K (81%)
----------------- Invoking toplevel() on ptolemy.moml.MoMLSimpleApplication@5ed014fb
----------------- Done invoking toplevel() on ptolemy.moml.MoMLSimpleApplication@5ed014fb
reloadAllAccessors: .TriggeredClock

===========================================================================================
----------------- testing Thu Apr 16 14:04:03 UTC 2020 /home/travis/build/icyphy/ptII/ptolemy/actor/lib/test/auto/URLDirectoryReader.xml
----------------- Instantiating /home/travis/build/icyphy/ptII/ptolemy/actor/lib/test/auto/URLDirectoryReader.xml
28 ms. Memory: 538624K Free: 428311K (80%)
----------------- Invoking toplevel() on ptolemy.moml.MoMLSimpleApplication@7f20ee26
----------------- Done invoking toplevel() on ptolemy.moml.MoMLSimpleApplication@7f20ee26
reloadAllAccessors: .URLDirectoryReader

===========================================================================================
----------------- testing Thu Apr 16 14:04:03 UTC 2020 /home/travis/build/icyphy/ptII/ptolemy/actor/lib/test/auto/URLDirectoryReader3.xml
----------------- Instantiating /home/travis/build/icyphy/ptII/ptolemy/actor/lib/test/auto/URLDirectoryReader3.xml
1443 ms. Memory: 538624K Free: 476961K (89%)
----------------- Invoking toplevel() on ptolemy.moml.MoMLSimpleApplication@730ee925
----------------- Done invoking toplevel() on ptolemy.moml.MoMLSimpleApplication@730ee925
reloadAllAccessors: .URLDirectoryReader3

===========================================================================================
----------------- testing Thu Apr 16 14:04:05 UTC 2020 /home/travis/build/icyphy/ptII/ptolemy/actor/lib/test/auto/UnaryMathFunction.xml
----------------- Instantiating /home/travis/build/icyphy/ptII/ptolemy/actor/lib/test/auto/UnaryMathFunction.xml
2 ms. Memory: 538624K Free: 469246K (87%)
----------------- Invoking toplevel() on ptolemy.moml.MoMLSimpleApplication@70cc3e9b
----------------- Done invoking toplevel() on ptolemy.moml.MoMLSimpleApplication@70cc3e9b
reloadAllAccessors: .UnaryMathFunction

===========================================================================================
----------------- testing Thu Apr 16 14:04:05 UTC 2020 /home/travis/build/icyphy/ptII/ptolemy/actor/lib/test/auto/Uniform.xml
----------------- Instantiating /home/travis/build/icyphy/ptII/ptolemy/actor/lib/test/auto/Uniform.xml
3 ms. Memory: 538624K Free: 464640K (86%)
----------------- Invoking toplevel() on ptolemy.moml.MoMLSimpleApplication@dc7f67c
----------------- Done invoking toplevel() on ptolemy.moml.MoMLSimpleApplication@dc7f67c
reloadAllAccessors: .Uniform

===========================================================================================
----------------- testing Thu Apr 16 14:04:05 UTC 2020 /home/travis/build/icyphy/ptII/ptolemy/actor/lib/test/auto/UnionDisassemblerTest.xml
----------------- Instantiating /home/travis/build/icyphy/ptII/ptolemy/actor/lib/test/auto/UnionDisassemblerTest.xml
14 ms. Memory: 538624K Free: 461040K (86%)
----------------- Invoking toplevel() on ptolemy.moml.MoMLSimpleApplication@16d32be0
----------------- Done invoking toplevel() on ptolemy.moml.MoMLSimpleApplication@16d32be0
reloadAllAccessors: .UnionDisassemblerTest

===========================================================================================
----------------- testing Thu Apr 16 14:04:05 UTC 2020 /home/travis/build/icyphy/ptII/ptolemy/actor/lib/test/auto/UtilityFunctions.xml
----------------- Instantiating /home/travis/build/icyphy/ptII/ptolemy/actor/lib/test/auto/UtilityFunctions.xml
1 ms. Memory: 538624K Free: 456958K (85%)
----------------- Invoking toplevel() on ptolemy.moml.MoMLSimpleApplication@7f0f90b8
----------------- Done invoking toplevel() on ptolemy.moml.MoMLSimpleApplication@7f0f90b8
reloadAllAccessors: .UtilityFunctions

===========================================================================================
----------------- testing Thu Apr 16 14:04:05 UTC 2020 /home/travis/build/icyphy/ptII/ptolemy/actor/lib/test/auto/VariableSleep.xml
----------------- Instantiating /home/travis/build/icyphy/ptII/ptolemy/actor/lib/test/auto/VariableSleep.xml
502 ms. Memory: 538624K Free: 451838K (84%)
----------------- Invoking toplevel() on ptolemy.moml.MoMLSimpleApplication@41669ff1
----------------- Done invoking toplevel() on ptolemy.moml.MoMLSimpleApplication@41669ff1
reloadAllAccessors: .VariableSleep

===========================================================================================
----------------- testing Thu Apr 16 14:04:06 UTC 2020 /home/travis/build/icyphy/ptII/ptolemy/actor/lib/test/auto/VectorAssemblerDisassemblerCT.xml
----------------- Instantiating /home/travis/build/icyphy/ptII/ptolemy/actor/lib/test/auto/VectorAssemblerDisassemblerCT.xml
67 ms. Memory: 538624K Free: 431358K (80%)
----------------- Invoking toplevel() on ptolemy.moml.MoMLSimpleApplication@7cb718fb
----------------- Done invoking toplevel() on ptolemy.moml.MoMLSimpleApplication@7cb718fb
reloadAllAccessors: .VectorAssemblerDisassemblerCT

===========================================================================================
----------------- testing Thu Apr 16 14:04:06 UTC 2020 /home/travis/build/icyphy/ptII/ptolemy/actor/lib/test/auto/VectorAssemblerDisassemblerDE.xml
----------------- Instantiating /home/travis/build/icyphy/ptII/ptolemy/actor/lib/test/auto/VectorAssemblerDisassemblerDE.xml
2 ms. Memory: 538624K Free: 423680K (79%)
----------------- Invoking toplevel() on ptolemy.moml.MoMLSimpleApplication@2b31e089
----------------- Done invoking toplevel() on ptolemy.moml.MoMLSimpleApplication@2b31e089
reloadAllAccessors: .VectorAssemblerDisassemblerDE

===========================================================================================
----------------- testing Thu Apr 16 14:04:06 UTC 2020 /home/travis/build/icyphy/ptII/ptolemy/actor/lib/test/auto/VectorAssemblerDisassemblerSDF.xml
----------------- Instantiating /home/travis/build/icyphy/ptII/ptolemy/actor/lib/test/auto/VectorAssemblerDisassemblerSDF.xml
3 ms. Memory: 538624K Free: 417536K (78%)
----------------- Invoking toplevel() on ptolemy.moml.MoMLSimpleApplication@651e85e3
----------------- Done invoking toplevel() on ptolemy.moml.MoMLSimpleApplication@651e85e3
reloadAllAccessors: .VectorAssemblerDisassemblerSDF

===========================================================================================
----------------- testing Thu Apr 16 14:04:06 UTC 2020 /home/travis/build/icyphy/ptII/ptolemy/actor/lib/test/auto/WallClockTime.xml
----------------- Instantiating /home/travis/build/icyphy/ptII/ptolemy/actor/lib/test/auto/WallClockTime.xml
1003 ms. Memory: 538624K Free: 412416K (77%)
----------------- Invoking toplevel() on ptolemy.moml.MoMLSimpleApplication@4ed1b5ac
----------------- Done invoking toplevel() on ptolemy.moml.MoMLSimpleApplication@4ed1b5ac
reloadAllAccessors: .WallClockTime

===========================================================================================
----------------- testing Thu Apr 16 14:04:07 UTC 2020 /home/travis/build/icyphy/ptII/ptolemy/actor/lib/test/auto/WidthTestWithSubscriberPublisher.xml
----------------- Instantiating /home/travis/build/icyphy/ptII/ptolemy/actor/lib/test/auto/WidthTestWithSubscriberPublisher.xml
6 ms. Memory: 538624K Free: 394494K (73%)
----------------- Invoking toplevel() on ptolemy.moml.MoMLSimpleApplication@3f9e2360
----------------- Done invoking toplevel() on ptolemy.moml.MoMLSimpleApplication@3f9e2360
reloadAllAccessors: .WidthTestWithSubscriberPublisher

===========================================================================================
----------------- testing Thu Apr 16 14:04:07 UTC 2020 /home/travis/build/icyphy/ptII/ptolemy/actor/lib/test/auto/WidthTestWithSubscriberPublisher2.xml
----------------- Instantiating /home/travis/build/icyphy/ptII/ptolemy/actor/lib/test/auto/WidthTestWithSubscriberPublisher2.xml
2 ms. Memory: 538624K Free: 388350K (72%)
----------------- Invoking toplevel() on ptolemy.moml.MoMLSimpleApplication@4c8e28c2
----------------- Done invoking toplevel() on ptolemy.moml.MoMLSimpleApplication@4c8e28c2
reloadAllAccessors: .WidthTestWithSubscriberPublisher2

===========================================================================================
----------------- testing Thu Apr 16 14:04:07 UTC 2020 /home/travis/build/icyphy/ptII/ptolemy/actor/lib/test/auto/WidthTestWithSubscriberPublisher3.xml
----------------- Instantiating /home/travis/build/icyphy/ptII/ptolemy/actor/lib/test/auto/WidthTestWithSubscriberPublisher3.xml
1 ms. Memory: 538624K Free: 382720K (71%)
----------------- Invoking toplevel() on ptolemy.moml.MoMLSimpleApplication@1d53226a
----------------- Done invoking toplevel() on ptolemy.moml.MoMLSimpleApplication@1d53226a
reloadAllAccessors: .WidthTestWithSubscriberPublisher3

===========================================================================================
----------------- testing Thu Apr 16 14:04:07 UTC 2020 /home/travis/build/icyphy/ptII/ptolemy/actor/lib/test/auto/Writer.xml
----------------- Instantiating /home/travis/build/icyphy/ptII/ptolemy/actor/lib/test/auto/Writer.xml
0
1
2
3
4
1 ms. Memory: 538624K Free: 378080K (70%)
----------------- Invoking toplevel() on ptolemy.moml.MoMLSimpleApplication@696337a7
----------------- Done invoking toplevel() on ptolemy.moml.MoMLSimpleApplication@696337a7
reloadAllAccessors: .Writer

===========================================================================================
----------------- testing Thu Apr 16 14:04:07 UTC 2020 /home/travis/build/icyphy/ptII/ptolemy/actor/lib/test/auto/array.xml
----------------- Instantiating /home/travis/build/icyphy/ptII/ptolemy/actor/lib/test/auto/array.xml
2 ms. Memory: 538624K Free: 373504K (69%)
----------------- Invoking toplevel() on ptolemy.moml.MoMLSimpleApplication@51ea6e80
----------------- Done invoking toplevel() on ptolemy.moml.MoMLSimpleApplication@51ea6e80
reloadAllAccessors: .array

===========================================================================================
----------------- testing Thu Apr 16 14:04:07 UTC 2020 /home/travis/build/icyphy/ptII/ptolemy/actor/lib/test/auto/array2.xml
----------------- Instantiating /home/travis/build/icyphy/ptII/ptolemy/actor/lib/test/auto/array2.xml
4 ms. Memory: 538624K Free: 368880K (68%)
----------------- Invoking toplevel() on ptolemy.moml.MoMLSimpleApplication@223bbc35
----------------- Done invoking toplevel() on ptolemy.moml.MoMLSimpleApplication@223bbc35
reloadAllAccessors: .array2

===========================================================================================
----------------- testing Thu Apr 16 14:04:07 UTC 2020 /home/travis/build/icyphy/ptII/ptolemy/actor/lib/test/auto/arrayType.xml
----------------- Instantiating /home/travis/build/icyphy/ptII/ptolemy/actor/lib/test/auto/arrayType.xml
1 ms. Memory: 538624K Free: 362750K (67%)
----------------- Invoking toplevel() on ptolemy.moml.MoMLSimpleApplication@2dcd59f1
----------------- Done invoking toplevel() on ptolemy.moml.MoMLSimpleApplication@2dcd59f1
reloadAllAccessors: .arrayType

===========================================================================================
----------------- testing Thu Apr 16 14:04:07 UTC 2020 /home/travis/build/icyphy/ptII/ptolemy/actor/lib/test/auto/arrayType10.xml
----------------- Instantiating /home/travis/build/icyphy/ptII/ptolemy/actor/lib/test/auto/arrayType10.xml
1 ms. Memory: 538624K Free: 358144K (66%)
----------------- Invoking toplevel() on ptolemy.moml.MoMLSimpleApplication@4bb0eea1
----------------- Done invoking toplevel() on ptolemy.moml.MoMLSimpleApplication@4bb0eea1
reloadAllAccessors: .arrayType10

===========================================================================================
----------------- testing Thu Apr 16 14:04:07 UTC 2020 /home/travis/build/icyphy/ptII/ptolemy/actor/lib/test/auto/arrayType11.xml
----------------- Instantiating /home/travis/build/icyphy/ptII/ptolemy/actor/lib/test/auto/arrayType11.xml
0 ms. Memory: 538624K Free: 353024K (66%)
----------------- Invoking toplevel() on ptolemy.moml.MoMLSimpleApplication@45aaab72
----------------- Done invoking toplevel() on ptolemy.moml.MoMLSimpleApplication@45aaab72
reloadAllAccessors: .arrayType11

===========================================================================================
----------------- testing Thu Apr 16 14:04:07 UTC 2020 /home/travis/build/icyphy/ptII/ptolemy/actor/lib/test/auto/arrayType12.xml
----------------- Instantiating /home/travis/build/icyphy/ptII/ptolemy/actor/lib/test/auto/arrayType12.xml
1 ms. Memory: 538624K Free: 348414K (65%)
----------------- Invoking toplevel() on ptolemy.moml.MoMLSimpleApplication@3cbf4a19
----------------- Done invoking toplevel() on ptolemy.moml.MoMLSimpleApplication@3cbf4a19
reloadAllAccessors: .arrayType12

===========================================================================================
----------------- testing Thu Apr 16 14:04:07 UTC 2020 /home/travis/build/icyphy/ptII/ptolemy/actor/lib/test/auto/arrayType13.xml
----------------- Instantiating /home/travis/build/icyphy/ptII/ptolemy/actor/lib/test/auto/arrayType13.xml
1 ms. Memory: 538624K Free: 343294K (64%)
----------------- Invoking toplevel() on ptolemy.moml.MoMLSimpleApplication@5aba48f6
----------------- Done invoking toplevel() on ptolemy.moml.MoMLSimpleApplication@5aba48f6
reloadAllAccessors: .arrayType13

===========================================================================================
----------------- testing Thu Apr 16 14:04:07 UTC 2020 /home/travis/build/icyphy/ptII/ptolemy/actor/lib/test/auto/arrayType14.xml
----------------- Instantiating /home/travis/build/icyphy/ptII/ptolemy/actor/lib/test/auto/arrayType14.xml
1 ms. Memory: 538624K Free: 338174K (63%)
----------------- Invoking toplevel() on ptolemy.moml.MoMLSimpleApplication@103eb53
----------------- Done invoking toplevel() on ptolemy.moml.MoMLSimpleApplication@103eb53
reloadAllAccessors: .arrayType14

===========================================================================================
----------------- testing Thu Apr 16 14:04:07 UTC 2020 /home/travis/build/icyphy/ptII/ptolemy/actor/lib/test/auto/arrayType15.xml
----------------- Instantiating /home/travis/build/icyphy/ptII/ptolemy/actor/lib/test/auto/arrayType15.xml
2 ms. Memory: 538624K Free: 333054K (62%)
----------------- Invoking toplevel() on ptolemy.moml.MoMLSimpleApplication@7f158fcf
----------------- Done invoking toplevel() on ptolemy.moml.MoMLSimpleApplication@7f158fcf
reloadAllAccessors: .arrayType15

===========================================================================================
----------------- testing Thu Apr 16 14:04:07 UTC 2020 /home/travis/build/icyphy/ptII/ptolemy/actor/lib/test/auto/arrayType16.xml
----------------- Instantiating /home/travis/build/icyphy/ptII/ptolemy/actor/lib/test/auto/arrayType16.xml
1 ms. Memory: 538624K Free: 327934K (61%)
----------------- Invoking toplevel() on ptolemy.moml.MoMLSimpleApplication@23e4c230
----------------- Done invoking toplevel() on ptolemy.moml.MoMLSimpleApplication@23e4c230
reloadAllAccessors: .arrayType16

===========================================================================================
----------------- testing Thu Apr 16 14:04:07 UTC 2020 /home/travis/build/icyphy/ptII/ptolemy/actor/lib/test/auto/arrayType17.xml
----------------- Instantiating /home/travis/build/icyphy/ptII/ptolemy/actor/lib/test/auto/arrayType17.xml
1 ms. Memory: 538624K Free: 322814K (60%)
----------------- Invoking toplevel() on ptolemy.moml.MoMLSimpleApplication@5b20b114
----------------- Done invoking toplevel() on ptolemy.moml.MoMLSimpleApplication@5b20b114
reloadAllAccessors: .arrayType17

===========================================================================================
----------------- testing Thu Apr 16 14:04:07 UTC 2020 /home/travis/build/icyphy/ptII/ptolemy/actor/lib/test/auto/arrayType18.xml
----------------- Instantiating /home/travis/build/icyphy/ptII/ptolemy/actor/lib/test/auto/arrayType18.xml
1 ms. Memory: 538624K Free: 318208K (59%)
----------------- Invoking toplevel() on ptolemy.moml.MoMLSimpleApplication@1e435362
----------------- Done invoking toplevel() on ptolemy.moml.MoMLSimpleApplication@1e435362
reloadAllAccessors: .arrayType18

===========================================================================================
----------------- testing Thu Apr 16 14:04:07 UTC 2020 /home/travis/build/icyphy/ptII/ptolemy/actor/lib/test/auto/arrayType19.xml
----------------- Instantiating /home/travis/build/icyphy/ptII/ptolemy/actor/lib/test/auto/arrayType19.xml
1 ms. Memory: 538624K Free: 313598K (58%)
----------------- Invoking toplevel() on ptolemy.moml.MoMLSimpleApplication@7aadcdcc
----------------- Done invoking toplevel() on ptolemy.moml.MoMLSimpleApplication@7aadcdcc
reloadAllAccessors: .arrayType19

===========================================================================================
----------------- testing Thu Apr 16 14:04:07 UTC 2020 /home/travis/build/icyphy/ptII/ptolemy/actor/lib/test/auto/arrayType2.xml
----------------- Instantiating /home/travis/build/icyphy/ptII/ptolemy/actor/lib/test/auto/arrayType2.xml
1 ms. Memory: 538624K Free: 308478K (57%)
----------------- Invoking toplevel() on ptolemy.moml.MoMLSimpleApplication@5abdcc62
----------------- Done invoking toplevel() on ptolemy.moml.MoMLSimpleApplication@5abdcc62
reloadAllAccessors: .arrayType2

===========================================================================================
----------------- testing Thu Apr 16 14:04:07 UTC 2020 /home/travis/build/icyphy/ptII/ptolemy/actor/lib/test/auto/arrayType20.xml
----------------- Instantiating /home/travis/build/icyphy/ptII/ptolemy/actor/lib/test/auto/arrayType20.xml
1 ms. Memory: 538624K Free: 303872K (56%)
----------------- Invoking toplevel() on ptolemy.moml.MoMLSimpleApplication@7dc6b2e6
----------------- Done invoking toplevel() on ptolemy.moml.MoMLSimpleApplication@7dc6b2e6
reloadAllAccessors: .arrayType20

===========================================================================================
----------------- testing Thu Apr 16 14:04:07 UTC 2020 /home/travis/build/icyphy/ptII/ptolemy/actor/lib/test/auto/arrayType21.xml
----------------- Instantiating /home/travis/build/icyphy/ptII/ptolemy/actor/lib/test/auto/arrayType21.xml
1 ms. Memory: 538624K Free: 299262K (56%)
----------------- Invoking toplevel() on ptolemy.moml.MoMLSimpleApplication@1abe2f87
----------------- Done invoking toplevel() on ptolemy.moml.MoMLSimpleApplication@1abe2f87
reloadAllAccessors: .arrayType21

===========================================================================================
----------------- testing Thu Apr 16 14:04:07 UTC 2020 /home/travis/build/icyphy/ptII/ptolemy/actor/lib/test/auto/arrayType22.xml
----------------- Instantiating /home/travis/build/icyphy/ptII/ptolemy/actor/lib/test/auto/arrayType22.xml
1 ms. Memory: 538624K Free: 294656K (55%)
----------------- Invoking toplevel() on ptolemy.moml.MoMLSimpleApplication@17312950
----------------- Done invoking toplevel() on ptolemy.moml.MoMLSimpleApplication@17312950
reloadAllAccessors: .arrayType22

===========================================================================================
----------------- testing Thu Apr 16 14:04:07 UTC 2020 /home/travis/build/icyphy/ptII/ptolemy/actor/lib/test/auto/arrayType23.xml
----------------- Instantiating /home/travis/build/icyphy/ptII/ptolemy/actor/lib/test/auto/arrayType23.xml
2 ms. Memory: 538624K Free: 290046K (54%)
----------------- Invoking toplevel() on ptolemy.moml.MoMLSimpleApplication@35db0646
----------------- Done invoking toplevel() on ptolemy.moml.MoMLSimpleApplication@35db0646
reloadAllAccessors: .arrayType23

===========================================================================================
----------------- testing Thu Apr 16 14:04:07 UTC 2020 /home/travis/build/icyphy/ptII/ptolemy/actor/lib/test/auto/arrayType24.xml
----------------- Instantiating /home/travis/build/icyphy/ptII/ptolemy/actor/lib/test/auto/arrayType24.xml
1 ms. Memory: 538624K Free: 284416K (53%)
----------------- Invoking toplevel() on ptolemy.moml.MoMLSimpleApplication@59eac4e7
----------------- Done invoking toplevel() on ptolemy.moml.MoMLSimpleApplication@59eac4e7
reloadAllAccessors: .arrayType24

===========================================================================================
----------------- testing Thu Apr 16 14:04:07 UTC 2020 /home/travis/build/icyphy/ptII/ptolemy/actor/lib/test/auto/arrayType25.xml
----------------- Instantiating /home/travis/build/icyphy/ptII/ptolemy/actor/lib/test/auto/arrayType25.xml
1 ms. Memory: 538624K Free: 279806K (52%)
----------------- Invoking toplevel() on ptolemy.moml.MoMLSimpleApplication@339a0ef
----------------- Done invoking toplevel() on ptolemy.moml.MoMLSimpleApplication@339a0ef
reloadAllAccessors: .arrayType25

===========================================================================================
----------------- testing Thu Apr 16 14:04:07 UTC 2020 /home/travis/build/icyphy/ptII/ptolemy/actor/lib/test/auto/arrayType26.xml
----------------- Instantiating /home/travis/build/icyphy/ptII/ptolemy/actor/lib/test/auto/arrayType26.xml
1 ms. Memory: 538624K Free: 274686K (51%)
----------------- Invoking toplevel() on ptolemy.moml.MoMLSimpleApplication@46a5a354
----------------- Done invoking toplevel() on ptolemy.moml.MoMLSimpleApplication@46a5a354
reloadAllAccessors: .arrayType26

===========================================================================================
----------------- testing Thu Apr 16 14:04:07 UTC 2020 /home/travis/build/icyphy/ptII/ptolemy/actor/lib/test/auto/arrayType27.xml
----------------- Instantiating /home/travis/build/icyphy/ptII/ptolemy/actor/lib/test/auto/arrayType27.xml
1 ms. Memory: 538624K Free: 269566K (50%)
----------------- Invoking toplevel() on ptolemy.moml.MoMLSimpleApplication@4b46bc41
----------------- Done invoking toplevel() on ptolemy.moml.MoMLSimpleApplication@4b46bc41
reloadAllAccessors: .arrayType27

===========================================================================================
----------------- testing Thu Apr 16 14:04:07 UTC 2020 /home/travis/build/icyphy/ptII/ptolemy/actor/lib/test/auto/arrayType28.xml
----------------- Instantiating /home/travis/build/icyphy/ptII/ptolemy/actor/lib/test/auto/arrayType28.xml
0 ms. Memory: 538624K Free: 263936K (49%)
----------------- Invoking toplevel() on ptolemy.moml.MoMLSimpleApplication@341ceb24
----------------- Done invoking toplevel() on ptolemy.moml.MoMLSimpleApplication@341ceb24
reloadAllAccessors: .arrayType28

===========================================================================================
----------------- testing Thu Apr 16 14:04:07 UTC 2020 /home/travis/build/icyphy/ptII/ptolemy/actor/lib/test/auto/arrayType3.xml
----------------- Instantiating /home/travis/build/icyphy/ptII/ptolemy/actor/lib/test/auto/arrayType3.xml
4 ms. Memory: 538624K Free: 259326K (48%)
----------------- Invoking toplevel() on ptolemy.moml.MoMLSimpleApplication@6070bebe
----------------- Done invoking toplevel() on ptolemy.moml.MoMLSimpleApplication@6070bebe
reloadAllAccessors: .arrayType3

===========================================================================================
----------------- testing Thu Apr 16 14:04:07 UTC 2020 /home/travis/build/icyphy/ptII/ptolemy/actor/lib/test/auto/arrayType4.xml
----------------- Instantiating /home/travis/build/icyphy/ptII/ptolemy/actor/lib/test/auto/arrayType4.xml
1 ms. Memory: 538624K Free: 254206K (47%)
----------------- Invoking toplevel() on ptolemy.moml.MoMLSimpleApplication@7bedfecd
----------------- Done invoking toplevel() on ptolemy.moml.MoMLSimpleApplication@7bedfecd
reloadAllAccessors: .arrayType4

===========================================================================================
----------------- testing Thu Apr 16 14:04:07 UTC 2020 /home/travis/build/icyphy/ptII/ptolemy/actor/lib/test/auto/arrayType5.xml
----------------- Instantiating /home/travis/build/icyphy/ptII/ptolemy/actor/lib/test/auto/arrayType5.xml
1 ms. Memory: 538624K Free: 249086K (46%)
----------------- Invoking toplevel() on ptolemy.moml.MoMLSimpleApplication@13cb6eaa
----------------- Done invoking toplevel() on ptolemy.moml.MoMLSimpleApplication@13cb6eaa
reloadAllAccessors: .arrayType5

===========================================================================================
----------------- testing Thu Apr 16 14:04:07 UTC 2020 /home/travis/build/icyphy/ptII/ptolemy/actor/lib/test/auto/arrayType6.xml
----------------- Instantiating /home/travis/build/icyphy/ptII/ptolemy/actor/lib/test/auto/arrayType6.xml
1 ms. Memory: 538624K Free: 243966K (45%)
----------------- Invoking toplevel() on ptolemy.moml.MoMLSimpleApplication@303ead59
----------------- Done invoking toplevel() on ptolemy.moml.MoMLSimpleApplication@303ead59
reloadAllAccessors: .arrayType6

===========================================================================================
----------------- testing Thu Apr 16 14:04:07 UTC 2020 /home/travis/build/icyphy/ptII/ptolemy/actor/lib/test/auto/arrayType7.xml
----------------- Instantiating /home/travis/build/icyphy/ptII/ptolemy/actor/lib/test/auto/arrayType7.xml
5 ms. Memory: 538624K Free: 239360K (44%)
----------------- Invoking toplevel() on ptolemy.moml.MoMLSimpleApplication@2879e8f3
----------------- Done invoking toplevel() on ptolemy.moml.MoMLSimpleApplication@2879e8f3
reloadAllAccessors: .arrayType7

===========================================================================================
----------------- testing Thu Apr 16 14:04:07 UTC 2020 /home/travis/build/icyphy/ptII/ptolemy/actor/lib/test/auto/arrayType8.xml
----------------- Instantiating /home/travis/build/icyphy/ptII/ptolemy/actor/lib/test/auto/arrayType8.xml
1 ms. Memory: 538624K Free: 234750K (44%)
----------------- Invoking toplevel() on ptolemy.moml.MoMLSimpleApplication@4ab85085
----------------- Done invoking toplevel() on ptolemy.moml.MoMLSimpleApplication@4ab85085
reloadAllAccessors: .arrayType8

===========================================================================================
----------------- testing Thu Apr 16 14:04:07 UTC 2020 /home/travis/build/icyphy/ptII/ptolemy/actor/lib/test/auto/arrayType9.xml
----------------- Instantiating /home/travis/build/icyphy/ptII/ptolemy/actor/lib/test/auto/arrayType9.xml
1 ms. Memory: 538624K Free: 230144K (43%)
----------------- Invoking toplevel() on ptolemy.moml.MoMLSimpleApplication@797f8395
----------------- Done invoking toplevel() on ptolemy.moml.MoMLSimpleApplication@797f8395
reloadAllAccessors: .arrayType9

===========================================================================================
----------------- testing Thu Apr 16 14:04:07 UTC 2020 /home/travis/build/icyphy/ptII/ptolemy/actor/lib/test/auto/cast.xml
----------------- Instantiating /home/travis/build/icyphy/ptII/ptolemy/actor/lib/test/auto/cast.xml
2 ms. Memory: 538624K Free: 225024K (42%)
----------------- Invoking toplevel() on ptolemy.moml.MoMLSimpleApplication@1d76f0e9
----------------- Done invoking toplevel() on ptolemy.moml.MoMLSimpleApplication@1d76f0e9
reloadAllAccessors: .cast

===========================================================================================
----------------- testing Thu Apr 16 14:04:07 UTC 2020 /home/travis/build/icyphy/ptII/ptolemy/actor/lib/test/auto/compositeMultiPort.xml
----------------- Instantiating /home/travis/build/icyphy/ptII/ptolemy/actor/lib/test/auto/compositeMultiPort.xml
2 ms. Memory: 538624K Free: 216288K (40%)
----------------- Invoking toplevel() on ptolemy.moml.MoMLSimpleApplication@71a7d54c
----------------- Done invoking toplevel() on ptolemy.moml.MoMLSimpleApplication@71a7d54c
reloadAllAccessors: .compositeMultiPort

===========================================================================================
----------------- testing Thu Apr 16 14:04:07 UTC 2020 /home/travis/build/icyphy/ptII/ptolemy/actor/lib/test/auto/expressionCastInference.xml
----------------- Instantiating /home/travis/build/icyphy/ptII/ptolemy/actor/lib/test/auto/expressionCastInference.xml
11 ms. Memory: 538624K Free: 211712K (39%)
----------------- Invoking toplevel() on ptolemy.moml.MoMLSimpleApplication@5a30c637
----------------- Done invoking toplevel() on ptolemy.moml.MoMLSimpleApplication@5a30c637
reloadAllAccessors: .expressionCastInference

===========================================================================================
----------------- testing Thu Apr 16 14:04:07 UTC 2020 /home/travis/build/icyphy/ptII/ptolemy/actor/lib/test/auto/expressionCastInference2.xml
----------------- Instantiating /home/travis/build/icyphy/ptII/ptolemy/actor/lib/test/auto/expressionCastInference2.xml
2 ms. Memory: 538624K Free: 206592K (38%)
----------------- Invoking toplevel() on ptolemy.moml.MoMLSimpleApplication@237c373d
----------------- Done invoking toplevel() on ptolemy.moml.MoMLSimpleApplication@237c373d
reloadAllAccessors: .expressionCastInference2

===========================================================================================
----------------- testing Thu Apr 16 14:04:07 UTC 2020 /home/travis/build/icyphy/ptII/ptolemy/actor/lib/test/auto/expressionInference.xml
----------------- Instantiating /home/travis/build/icyphy/ptII/ptolemy/actor/lib/test/auto/expressionInference.xml
1 ms. Memory: 538624K Free: 202496K (38%)
----------------- Invoking toplevel() on ptolemy.moml.MoMLSimpleApplication@529c74a4
----------------- Done invoking toplevel() on ptolemy.moml.MoMLSimpleApplication@529c74a4
reloadAllAccessors: .expressionInference

===========================================================================================
----------------- testing Thu Apr 16 14:04:07 UTC 2020 /home/travis/build/icyphy/ptII/ptolemy/actor/lib/test/auto/expression_bug.xml
----------------- Instantiating /home/travis/build/icyphy/ptII/ptolemy/actor/lib/test/auto/expression_bug.xml
1 ms. Memory: 538624K Free: 197886K (37%)
----------------- Invoking toplevel() on ptolemy.moml.MoMLSimpleApplication@7c4bac7c
----------------- Done invoking toplevel() on ptolemy.moml.MoMLSimpleApplication@7c4bac7c
reloadAllAccessors: .expression_bug

===========================================================================================
----------------- testing Thu Apr 16 14:04:07 UTC 2020 /home/travis/build/icyphy/ptII/ptolemy/actor/lib/test/auto/factorial.xml
----------------- Instantiating /home/travis/build/icyphy/ptII/ptolemy/actor/lib/test/auto/factorial.xml
30 ms. Memory: 538624K Free: 189694K (35%)
----------------- Invoking toplevel() on ptolemy.moml.MoMLSimpleApplication@3dbc906f
----------------- Done invoking toplevel() on ptolemy.moml.MoMLSimpleApplication@3dbc906f
reloadAllAccessors: .factorial

===========================================================================================
----------------- testing Thu Apr 16 14:04:07 UTC 2020 /home/travis/build/icyphy/ptII/ptolemy/actor/lib/test/auto/filterTest1.xml
----------------- Instantiating /home/travis/build/icyphy/ptII/ptolemy/actor/lib/test/auto/filterTest1.xml
2 ms. Memory: 538624K Free: 480691K (89%)
----------------- Invoking toplevel() on ptolemy.moml.MoMLSimpleApplication@7baac196
----------------- Done invoking toplevel() on ptolemy.moml.MoMLSimpleApplication@7baac196
reloadAllAccessors: .filterTest1

===========================================================================================
----------------- testing Thu Apr 16 14:04:07 UTC 2020 /home/travis/build/icyphy/ptII/ptolemy/actor/lib/test/auto/funcApplyInConst.xml
----------------- Instantiating /home/travis/build/icyphy/ptII/ptolemy/actor/lib/test/auto/funcApplyInConst.xml
1 ms. Memory: 538624K Free: 476595K (88%)
----------------- Invoking toplevel() on ptolemy.moml.MoMLSimpleApplication@4e68b267
----------------- Done invoking toplevel() on ptolemy.moml.MoMLSimpleApplication@4e68b267
reloadAllAccessors: .funcApplyInConst

===========================================================================================
----------------- testing Thu Apr 16 14:04:07 UTC 2020 /home/travis/build/icyphy/ptII/ptolemy/actor/lib/test/auto/funcApplyInExpr.xml
----------------- Instantiating /home/travis/build/icyphy/ptII/ptolemy/actor/lib/test/auto/funcApplyInExpr.xml
1 ms. Memory: 538624K Free: 473009K (88%)
----------------- Invoking toplevel() on ptolemy.moml.MoMLSimpleApplication@4af765ec
----------------- Done invoking toplevel() on ptolemy.moml.MoMLSimpleApplication@4af765ec
reloadAllAccessors: .funcApplyInExpr

===========================================================================================
----------------- testing Thu Apr 16 14:04:07 UTC 2020 /home/travis/build/icyphy/ptII/ptolemy/actor/lib/test/auto/function.xml
----------------- Instantiating /home/travis/build/icyphy/ptII/ptolemy/actor/lib/test/auto/function.xml
2 ms. Memory: 538624K Free: 468403K (87%)
----------------- Invoking toplevel() on ptolemy.moml.MoMLSimpleApplication@44e3ced6
----------------- Done invoking toplevel() on ptolemy.moml.MoMLSimpleApplication@44e3ced6
reloadAllAccessors: .function

===========================================================================================
----------------- testing Thu Apr 16 14:04:07 UTC 2020 /home/travis/build/icyphy/ptII/ptolemy/actor/lib/test/auto/function2.xml
----------------- Instantiating /home/travis/build/icyphy/ptII/ptolemy/actor/lib/test/auto/function2.xml
2 ms. Memory: 538624K Free: 463283K (86%)
----------------- Invoking toplevel() on ptolemy.moml.MoMLSimpleApplication@3e854653
----------------- Done invoking toplevel() on ptolemy.moml.MoMLSimpleApplication@3e854653
reloadAllAccessors: .function2

===========================================================================================
----------------- testing Thu Apr 16 14:04:07 UTC 2020 /home/travis/build/icyphy/ptII/ptolemy/actor/lib/test/auto/function3.xml
----------------- Instantiating /home/travis/build/icyphy/ptII/ptolemy/actor/lib/test/auto/function3.xml
1 ms. Memory: 538624K Free: 459697K (85%)
----------------- Invoking toplevel() on ptolemy.moml.MoMLSimpleApplication@77cb0064
----------------- Done invoking toplevel() on ptolemy.moml.MoMLSimpleApplication@77cb0064
reloadAllAccessors: .function3

===========================================================================================
----------------- testing Thu Apr 16 14:04:07 UTC 2020 /home/travis/build/icyphy/ptII/ptolemy/actor/lib/test/auto/functionClosureTest1.xml
----------------- Instantiating /home/travis/build/icyphy/ptII/ptolemy/actor/lib/test/auto/functionClosureTest1.xml
1 ms. Memory: 538624K Free: 454067K (84%)
----------------- Invoking toplevel() on ptolemy.moml.MoMLSimpleApplication@7293f735
----------------- Done invoking toplevel() on ptolemy.moml.MoMLSimpleApplication@7293f735
reloadAllAccessors: .functionClosureTest1

===========================================================================================
----------------- testing Thu Apr 16 14:04:07 UTC 2020 /home/travis/build/icyphy/ptII/ptolemy/actor/lib/test/auto/functionClosureTest2.xml
----------------- Instantiating /home/travis/build/icyphy/ptII/ptolemy/actor/lib/test/auto/functionClosureTest2.xml
1 ms. Memory: 538624K Free: 449971K (84%)
----------------- Invoking toplevel() on ptolemy.moml.MoMLSimpleApplication@4faff06c
----------------- Done invoking toplevel() on ptolemy.moml.MoMLSimpleApplication@4faff06c
reloadAllAccessors: .functionClosureTest2

===========================================================================================
----------------- testing Thu Apr 16 14:04:07 UTC 2020 /home/travis/build/icyphy/ptII/ptolemy/actor/lib/test/auto/functionClosureTest3.xml
----------------- Instantiating /home/travis/build/icyphy/ptII/ptolemy/actor/lib/test/auto/functionClosureTest3.xml
1 ms. Memory: 538624K Free: 444851K (83%)
----------------- Invoking toplevel() on ptolemy.moml.MoMLSimpleApplication@66932755
----------------- Done invoking toplevel() on ptolemy.moml.MoMLSimpleApplication@66932755
reloadAllAccessors: .functionClosureTest3

===========================================================================================
----------------- testing Thu Apr 16 14:04:07 UTC 2020 /home/travis/build/icyphy/ptII/ptolemy/actor/lib/test/auto/functionClosureTest4.xml
----------------- Instantiating /home/travis/build/icyphy/ptII/ptolemy/actor/lib/test/auto/functionClosureTest4.xml
3 ms. Memory: 538624K Free: 438707K (81%)
----------------- Invoking toplevel() on ptolemy.moml.MoMLSimpleApplication@2cfb8936
----------------- Done invoking toplevel() on ptolemy.moml.MoMLSimpleApplication@2cfb8936
reloadAllAccessors: .functionClosureTest4

===========================================================================================
----------------- testing Thu Apr 16 14:04:08 UTC 2020 /home/travis/build/icyphy/ptII/ptolemy/actor/lib/test/auto/functionClosureTest5.xml
----------------- Instantiating /home/travis/build/icyphy/ptII/ptolemy/actor/lib/test/auto/functionClosureTest5.xml
9 ms. Memory: 538624K Free: 433587K (80%)
----------------- Invoking toplevel() on ptolemy.moml.MoMLSimpleApplication@55ed0686
----------------- Done invoking toplevel() on ptolemy.moml.MoMLSimpleApplication@55ed0686
reloadAllAccessors: .functionClosureTest5

===========================================================================================
----------------- testing Thu Apr 16 14:04:08 UTC 2020 /home/travis/build/icyphy/ptII/ptolemy/actor/lib/test/auto/functionClosureTest6.xml
----------------- Instantiating /home/travis/build/icyphy/ptII/ptolemy/actor/lib/test/auto/functionClosureTest6.xml
2 ms. Memory: 538624K Free: 428467K (80%)
----------------- Invoking toplevel() on ptolemy.moml.MoMLSimpleApplication@3d3fe10e
----------------- Done invoking toplevel() on ptolemy.moml.MoMLSimpleApplication@3d3fe10e
reloadAllAccessors: .functionClosureTest6

===========================================================================================
----------------- testing Thu Apr 16 14:04:08 UTC 2020 /home/travis/build/icyphy/ptII/ptolemy/actor/lib/test/auto/functionsOnArcs.xml
----------------- Instantiating /home/travis/build/icyphy/ptII/ptolemy/actor/lib/test/auto/functionsOnArcs.xml
1 ms. Memory: 538624K Free: 423347K (79%)
----------------- Invoking toplevel() on ptolemy.moml.MoMLSimpleApplication@56b71acb
----------------- Done invoking toplevel() on ptolemy.moml.MoMLSimpleApplication@56b71acb
reloadAllAccessors: .functionsOnArcs

===========================================================================================
----------------- testing Thu Apr 16 14:04:08 UTC 2020 /home/travis/build/icyphy/ptII/ptolemy/actor/lib/test/auto/functionsOnArcsHOF.xml
----------------- Instantiating /home/travis/build/icyphy/ptII/ptolemy/actor/lib/test/auto/functionsOnArcsHOF.xml
3 ms. Memory: 538624K Free: 417713K (78%)
----------------- Invoking toplevel() on ptolemy.moml.MoMLSimpleApplication@76c4441d
----------------- Done invoking toplevel() on ptolemy.moml.MoMLSimpleApplication@76c4441d
reloadAllAccessors: .functionsOnArcsHOF

===========================================================================================
----------------- testing Thu Apr 16 14:04:08 UTC 2020 /home/travis/build/icyphy/ptII/ptolemy/actor/lib/test/auto/logic.xml
----------------- Instantiating /home/travis/build/icyphy/ptII/ptolemy/actor/lib/test/auto/logic.xml
2 ms. Memory: 538624K Free: 410035K (76%)
----------------- Invoking toplevel() on ptolemy.moml.MoMLSimpleApplication@93cae10
----------------- Done invoking toplevel() on ptolemy.moml.MoMLSimpleApplication@93cae10
reloadAllAccessors: .logic

===========================================================================================
----------------- testing Thu Apr 16 14:04:08 UTC 2020 /home/travis/build/icyphy/ptII/ptolemy/actor/lib/test/auto/matrixType.xml
----------------- Instantiating /home/travis/build/icyphy/ptII/ptolemy/actor/lib/test/auto/matrixType.xml
1 ms. Memory: 538624K Free: 405425K (75%)
----------------- Invoking toplevel() on ptolemy.moml.MoMLSimpleApplication@13acb410
----------------- Done invoking toplevel() on ptolemy.moml.MoMLSimpleApplication@13acb410
reloadAllAccessors: .matrixType

===========================================================================================
----------------- testing Thu Apr 16 14:04:08 UTC 2020 /home/travis/build/icyphy/ptII/ptolemy/actor/lib/test/auto/matrixType10.xml
----------------- Instantiating /home/travis/build/icyphy/ptII/ptolemy/actor/lib/test/auto/matrixType10.xml
1 ms. Memory: 538624K Free: 400819K (74%)
----------------- Invoking toplevel() on ptolemy.moml.MoMLSimpleApplication@1c58cbf3
----------------- Done invoking toplevel() on ptolemy.moml.MoMLSimpleApplication@1c58cbf3
reloadAllAccessors: .matrixType10

===========================================================================================
----------------- testing Thu Apr 16 14:04:08 UTC 2020 /home/travis/build/icyphy/ptII/ptolemy/actor/lib/test/auto/matrixType11.xml
----------------- Instantiating /home/travis/build/icyphy/ptII/ptolemy/actor/lib/test/auto/matrixType11.xml
0 ms. Memory: 538624K Free: 395699K (73%)
----------------- Invoking toplevel() on ptolemy.moml.MoMLSimpleApplication@719a7117
----------------- Done invoking toplevel() on ptolemy.moml.MoMLSimpleApplication@719a7117
reloadAllAccessors: .matrixType11

===========================================================================================
----------------- testing Thu Apr 16 14:04:08 UTC 2020 /home/travis/build/icyphy/ptII/ptolemy/actor/lib/test/auto/matrixType12.xml
----------------- Instantiating /home/travis/build/icyphy/ptII/ptolemy/actor/lib/test/auto/matrixType12.xml
1 ms. Memory: 538624K Free: 391089K (73%)
----------------- Invoking toplevel() on ptolemy.moml.MoMLSimpleApplication@5966abde
----------------- Done invoking toplevel() on ptolemy.moml.MoMLSimpleApplication@5966abde
reloadAllAccessors: .matrixType12

===========================================================================================
----------------- testing Thu Apr 16 14:04:08 UTC 2020 /home/travis/build/icyphy/ptII/ptolemy/actor/lib/test/auto/matrixType13.xml
----------------- Instantiating /home/travis/build/icyphy/ptII/ptolemy/actor/lib/test/auto/matrixType13.xml
1 ms. Memory: 538624K Free: 386483K (72%)
----------------- Invoking toplevel() on ptolemy.moml.MoMLSimpleApplication@dd27cb2
----------------- Done invoking toplevel() on ptolemy.moml.MoMLSimpleApplication@dd27cb2
reloadAllAccessors: .matrixType13

===========================================================================================
----------------- testing Thu Apr 16 14:04:08 UTC 2020 /home/travis/build/icyphy/ptII/ptolemy/actor/lib/test/auto/matrixType14.xml
----------------- Instantiating /home/travis/build/icyphy/ptII/ptolemy/actor/lib/test/auto/matrixType14.xml
1 ms. Memory: 538624K Free: 380849K (71%)
----------------- Invoking toplevel() on ptolemy.moml.MoMLSimpleApplication@71033fce
----------------- Done invoking toplevel() on ptolemy.moml.MoMLSimpleApplication@71033fce
reloadAllAccessors: .matrixType14

===========================================================================================
----------------- testing Thu Apr 16 14:04:08 UTC 2020 /home/travis/build/icyphy/ptII/ptolemy/actor/lib/test/auto/matrixType2.xml
----------------- Instantiating /home/travis/build/icyphy/ptII/ptolemy/actor/lib/test/auto/matrixType2.xml
2 ms. Memory: 538624K Free: 375714K (70%)
----------------- Invoking toplevel() on ptolemy.moml.MoMLSimpleApplication@20a953fd
----------------- Done invoking toplevel() on ptolemy.moml.MoMLSimpleApplication@20a953fd
reloadAllAccessors: .matrixType2

===========================================================================================
----------------- testing Thu Apr 16 14:04:08 UTC 2020 /home/travis/build/icyphy/ptII/ptolemy/actor/lib/test/auto/matrixType3.xml
----------------- Instantiating /home/travis/build/icyphy/ptII/ptolemy/actor/lib/test/auto/matrixType3.xml
2 ms. Memory: 538624K Free: 371123K (69%)
----------------- Invoking toplevel() on ptolemy.moml.MoMLSimpleApplication@5bf02c34
----------------- Done invoking toplevel() on ptolemy.moml.MoMLSimpleApplication@5bf02c34
reloadAllAccessors: .matrixType3

===========================================================================================
----------------- testing Thu Apr 16 14:04:08 UTC 2020 /home/travis/build/icyphy/ptII/ptolemy/actor/lib/test/auto/matrixType4.xml
----------------- Instantiating /home/travis/build/icyphy/ptII/ptolemy/actor/lib/test/auto/matrixType4.xml
1 ms. Memory: 538624K Free: 366003K (68%)
----------------- Invoking toplevel() on ptolemy.moml.MoMLSimpleApplication@6743fb6b
----------------- Done invoking toplevel() on ptolemy.moml.MoMLSimpleApplication@6743fb6b
reloadAllAccessors: .matrixType4

===========================================================================================
----------------- testing Thu Apr 16 14:04:08 UTC 2020 /home/travis/build/icyphy/ptII/ptolemy/actor/lib/test/auto/matrixType5.xml
----------------- Instantiating /home/travis/build/icyphy/ptII/ptolemy/actor/lib/test/auto/matrixType5.xml
1 ms. Memory: 538624K Free: 361393K (67%)
----------------- Invoking toplevel() on ptolemy.moml.MoMLSimpleApplication@63c1e07a
----------------- Done invoking toplevel() on ptolemy.moml.MoMLSimpleApplication@63c1e07a
reloadAllAccessors: .matrixType5

===========================================================================================
----------------- testing Thu Apr 16 14:04:08 UTC 2020 /home/travis/build/icyphy/ptII/ptolemy/actor/lib/test/auto/matrixType6.xml
----------------- Instantiating /home/travis/build/icyphy/ptII/ptolemy/actor/lib/test/auto/matrixType6.xml
1 ms. Memory: 538624K Free: 356273K (66%)
----------------- Invoking toplevel() on ptolemy.moml.MoMLSimpleApplication@49032978
----------------- Done invoking toplevel() on ptolemy.moml.MoMLSimpleApplication@49032978
reloadAllAccessors: .matrixType6

===========================================================================================
----------------- testing Thu Apr 16 14:04:08 UTC 2020 /home/travis/build/icyphy/ptII/ptolemy/actor/lib/test/auto/matrixType7.xml
----------------- Instantiating /home/travis/build/icyphy/ptII/ptolemy/actor/lib/test/auto/matrixType7.xml
1 ms. Memory: 538624K Free: 351667K (65%)
----------------- Invoking toplevel() on ptolemy.moml.MoMLSimpleApplication@1cdc9b90
----------------- Done invoking toplevel() on ptolemy.moml.MoMLSimpleApplication@1cdc9b90
reloadAllAccessors: .matrixType7

===========================================================================================
----------------- testing Thu Apr 16 14:04:08 UTC 2020 /home/travis/build/icyphy/ptII/ptolemy/actor/lib/test/auto/matrixType8.xml
----------------- Instantiating /home/travis/build/icyphy/ptII/ptolemy/actor/lib/test/auto/matrixType8.xml
1 ms. Memory: 538624K Free: 347057K (64%)
----------------- Invoking toplevel() on ptolemy.moml.MoMLSimpleApplication@1322972
----------------- Done invoking toplevel() on ptolemy.moml.MoMLSimpleApplication@1322972
reloadAllAccessors: .matrixType8

===========================================================================================
----------------- testing Thu Apr 16 14:04:08 UTC 2020 /home/travis/build/icyphy/ptII/ptolemy/actor/lib/test/auto/matrixType9.xml
----------------- Instantiating /home/travis/build/icyphy/ptII/ptolemy/actor/lib/test/auto/matrixType9.xml
1 ms. Memory: 538624K Free: 341937K (63%)
----------------- Invoking toplevel() on ptolemy.moml.MoMLSimpleApplication@5c2f4ab1
----------------- Done invoking toplevel() on ptolemy.moml.MoMLSimpleApplication@5c2f4ab1
reloadAllAccessors: .matrixType9

===========================================================================================
----------------- testing Thu Apr 16 14:04:08 UTC 2020 /home/travis/build/icyphy/ptII/ptolemy/actor/lib/test/auto/paraFunctest.xml
----------------- Instantiating /home/travis/build/icyphy/ptII/ptolemy/actor/lib/test/auto/paraFunctest.xml
1 ms. Memory: 538624K Free: 337841K (63%)
----------------- Invoking toplevel() on ptolemy.moml.MoMLSimpleApplication@2a43014f
----------------- Done invoking toplevel() on ptolemy.moml.MoMLSimpleApplication@2a43014f
reloadAllAccessors: .paraFunctest

===========================================================================================
----------------- testing Thu Apr 16 14:04:08 UTC 2020 /home/travis/build/icyphy/ptII/ptolemy/actor/lib/test/auto/paraFunctest2.xml
----------------- Instantiating /home/travis/build/icyphy/ptII/ptolemy/actor/lib/test/auto/paraFunctest2.xml
1 ms. Memory: 538624K Free: 333745K (62%)
----------------- Invoking toplevel() on ptolemy.moml.MoMLSimpleApplication@6b80c81e
----------------- Done invoking toplevel() on ptolemy.moml.MoMLSimpleApplication@6b80c81e
reloadAllAccessors: .paraFunctest2

===========================================================================================
----------------- testing Thu Apr 16 14:04:08 UTC 2020 /home/travis/build/icyphy/ptII/ptolemy/actor/lib/test/auto/parameterPassing.xml
----------------- Instantiating /home/travis/build/icyphy/ptII/ptolemy/actor/lib/test/auto/parameterPassing.xml
1 ms. Memory: 538624K Free: 329139K (61%)
----------------- Invoking toplevel() on ptolemy.moml.MoMLSimpleApplication@6783f79b
----------------- Done invoking toplevel() on ptolemy.moml.MoMLSimpleApplication@6783f79b
reloadAllAccessors: .parameterPassing

===========================================================================================
----------------- testing Thu Apr 16 14:04:08 UTC 2020 /home/travis/build/icyphy/ptII/ptolemy/actor/lib/test/auto/record.xml
----------------- Instantiating /home/travis/build/icyphy/ptII/ptolemy/actor/lib/test/auto/record.xml
1 ms. Memory: 538624K Free: 324529K (60%)
----------------- Invoking toplevel() on ptolemy.moml.MoMLSimpleApplication@2ddc768
----------------- Done invoking toplevel() on ptolemy.moml.MoMLSimpleApplication@2ddc768
reloadAllAccessors: .record

===========================================================================================
----------------- testing Thu Apr 16 14:04:08 UTC 2020 /home/travis/build/icyphy/ptII/ptolemy/actor/lib/test/auto/sizedarray1.xml
----------------- Instantiating /home/travis/build/icyphy/ptII/ptolemy/actor/lib/test/auto/sizedarray1.xml
2 ms. Memory: 538624K Free: 319409K (59%)
----------------- Invoking toplevel() on ptolemy.moml.MoMLSimpleApplication@76e5c6f6
----------------- Done invoking toplevel() on ptolemy.moml.MoMLSimpleApplication@76e5c6f6
reloadAllAccessors: .sizedarray1

===========================================================================================
----------------- testing Thu Apr 16 14:04:08 UTC 2020 /home/travis/build/icyphy/ptII/ptolemy/actor/lib/test/auto/sizedarray2.xml
----------------- Instantiating /home/travis/build/icyphy/ptII/ptolemy/actor/lib/test/auto/sizedarray2.xml
2 ms. Memory: 538624K Free: 313779K (58%)
----------------- Invoking toplevel() on ptolemy.moml.MoMLSimpleApplication@2b2d850c
----------------- Done invoking toplevel() on ptolemy.moml.MoMLSimpleApplication@2b2d850c
reloadAllAccessors: .sizedarray2

===========================================================================================
----------------- testing Thu Apr 16 14:04:08 UTC 2020 /home/travis/build/icyphy/ptII/ptolemy/actor/lib/test/auto/twoPublishers.xml
----------------- Instantiating /home/travis/build/icyphy/ptII/ptolemy/actor/lib/test/auto/twoPublishers.xml
4 ms. Memory: 538624K Free: 303539K (56%)
----------------- Invoking toplevel() on ptolemy.moml.MoMLSimpleApplication@6db24a83
----------------- Done invoking toplevel() on ptolemy.moml.MoMLSimpleApplication@6db24a83
reloadAllAccessors: .twoPublishers
AutoTests.java: About to close Vertx.
AutoTests.java: Vertx closed.
]]></system-out>
  <system-err><![CDATA[java.lang.RuntimeException: Execution failed
	at ptolemy.moml.MoMLSimpleApplication$UnloadThread.run(MoMLSimpleApplication.java:402)
Caused by: java.lang.RuntimeException: StringUtilities.exit() was called. Normally, we would exit here because Manager.exitAfterWrapup() was called.  However, because the ptolemy.ptII.exitAfterWrapup property is set, we throw this exception instead.
	at ptolemy.util.StringUtilities.exit(StringUtilities.java:365)
	at ptolemy.actor.Manager.wrapup(Manager.java:1549)
	at ptolemy.actor.Manager.execute(Manager.java:407)
	at ptolemy.actor.Manager.run(Manager.java:1263)
	at ptolemy.actor.Manager$PtolemyRunThread.run(Manager.java:1933)
Warning: '.top.test' is in training mode, set the trainingMode parameter to false before checking in
Warning: '.top.test' is in training mode, set the trainingMode parameter to false before checking in
Warning: '.top.test' is in training mode, set the trainingMode parameter to false before checking in
Warning: '.BooleanSwitch_RegressionTest_WrongTrainingValues.Test' is in training mode, set the trainingMode parameter to false before checking in
Warning: '.BooleanSwitch_RegressionTest_WrongTrainingValues.Test2' is in training mode, set the trainingMode parameter to false before checking in
Warning: '.BooleanSwitch_RegressionTest_WrongTrainingValues.Test2' The test produced 0 tokens.
Warning: '.top.testExceptionHandler' is in training mode, set the trainingMode parameter to false before checking in
java.lang.RuntimeException: Execution failed
	at ptolemy.moml.MoMLSimpleApplication$UnloadThread.run(MoMLSimpleApplication.java:402)
Caused by: ptolemy.kernel.util.IllegalActionException: PublisherPorts cannot be used at the top level, use a Publisher actor instead.
  in .PublisherPortToplevelSubscriber.PublisherPort
	at ptolemy.actor.PublisherPort.preinitialize(PublisherPort.java:403)
	at ptolemy.actor.CompositeActor.preinitialize(CompositeActor.java:1769)
	at ptolemy.actor.Manager.preinitializeAndResolveTypes(Manager.java:1040)
	at ptolemy.actor.Manager.initialize(Manager.java:710)
	at ptolemy.actor.Manager.execute(Manager.java:356)
	at ptolemy.actor.Manager.run(Manager.java:1263)
	at ptolemy.actor.Manager$PtolemyRunThread.run(Manager.java:1933)
java.lang.reflect.InvocationTargetException
	at java.base/jdk.internal.reflect.NativeConstructorAccessorImpl.newInstance0(Native Method)
	at java.base/jdk.internal.reflect.NativeConstructorAccessorImpl.newInstance(NativeConstructorAccessorImpl.java:62)
	at java.base/jdk.internal.reflect.DelegatingConstructorAccessorImpl.newInstance(DelegatingConstructorAccessorImpl.java:45)
	at java.base/java.lang.reflect.Constructor.newInstance(Constructor.java:490)
	at ptolemy.util.test.junit.AutoKnownFailedTests.RunModel(AutoKnownFailedTests.java:105)
	at java.base/jdk.internal.reflect.NativeMethodAccessorImpl.invoke0(Native Method)
	at java.base/jdk.internal.reflect.NativeMethodAccessorImpl.invoke(NativeMethodAccessorImpl.java:62)
	at java.base/jdk.internal.reflect.DelegatingMethodAccessorImpl.invoke(DelegatingMethodAccessorImpl.java:43)
	at java.base/java.lang.reflect.Method.invoke(Method.java:566)
	at org.junit.runners.model.FrameworkMethod$1.runReflectiveCall(FrameworkMethod.java:44)
	at org.junit.internal.runners.model.ReflectiveCallable.run(ReflectiveCallable.java:15)
	at org.junit.runners.model.FrameworkMethod.invokeExplosively(FrameworkMethod.java:41)
	at junitparams.internal.InvokeParameterisedMethod.evaluate(InvokeParameterisedMethod.java:102)
	at org.junit.internal.runners.statements.FailOnTimeout$1.run(FailOnTimeout.java:28)
Caused by: ptolemy.kernel.util.IllegalActionException: PublisherPorts cannot be used at the top level, use a Publisher actor instead.
  in .PublisherPortToplevelSubscriber.PublisherPort
	at ptolemy.actor.PublisherPort.preinitialize(PublisherPort.java:403)
	at ptolemy.actor.CompositeActor.preinitialize(CompositeActor.java:1769)
	at ptolemy.actor.Manager.preinitializeAndResolveTypes(Manager.java:1040)
	at ptolemy.actor.Manager.initialize(Manager.java:710)
	at ptolemy.actor.Manager.execute(Manager.java:356)
	at ptolemy.actor.Manager.run(Manager.java:1263)
	at ptolemy.actor.Manager$PtolemyRunThread.run(Manager.java:1933)
java.lang.RuntimeException: Execution failed
	at ptolemy.moml.MoMLSimpleApplication$UnloadThread.run(MoMLSimpleApplication.java:402)
Caused by: ptolemy.kernel.util.IllegalActionException: SubscriberPorts cannot be used at the top level, use a Subscriber actor instead.
  in .PublisherSubscriberPortToplevel.SubscriberPort
	at ptolemy.actor.SubscriberPort.preinitialize(SubscriberPort.java:328)
	at ptolemy.actor.CompositeActor.preinitialize(CompositeActor.java:1769)
	at ptolemy.actor.Manager.preinitializeAndResolveTypes(Manager.java:1040)
	at ptolemy.actor.Manager.initialize(Manager.java:710)
	at ptolemy.actor.Manager.execute(Manager.java:356)
	at ptolemy.actor.Manager.run(Manager.java:1263)
	at ptolemy.actor.Manager$PtolemyRunThread.run(Manager.java:1933)
java.lang.reflect.InvocationTargetException
	at java.base/jdk.internal.reflect.NativeConstructorAccessorImpl.newInstance0(Native Method)
	at java.base/jdk.internal.reflect.NativeConstructorAccessorImpl.newInstance(NativeConstructorAccessorImpl.java:62)
	at java.base/jdk.internal.reflect.DelegatingConstructorAccessorImpl.newInstance(DelegatingConstructorAccessorImpl.java:45)
	at java.base/java.lang.reflect.Constructor.newInstance(Constructor.java:490)
	at ptolemy.util.test.junit.AutoKnownFailedTests.RunModel(AutoKnownFailedTests.java:105)
	at java.base/jdk.internal.reflect.NativeMethodAccessorImpl.invoke0(Native Method)
	at java.base/jdk.internal.reflect.NativeMethodAccessorImpl.invoke(NativeMethodAccessorImpl.java:62)
	at java.base/jdk.internal.reflect.DelegatingMethodAccessorImpl.invoke(DelegatingMethodAccessorImpl.java:43)
	at java.base/java.lang.reflect.Method.invoke(Method.java:566)
	at org.junit.runners.model.FrameworkMethod$1.runReflectiveCall(FrameworkMethod.java:44)
	at org.junit.internal.runners.model.ReflectiveCallable.run(ReflectiveCallable.java:15)
	at org.junit.runners.model.FrameworkMethod.invokeExplosively(FrameworkMethod.java:41)
	at junitparams.internal.InvokeParameterisedMethod.evaluate(InvokeParameterisedMethod.java:102)
	at org.junit.internal.runners.statements.FailOnTimeout$1.run(FailOnTimeout.java:28)
Caused by: ptolemy.kernel.util.IllegalActionException: SubscriberPorts cannot be used at the top level, use a Subscriber actor instead.
  in .PublisherSubscriberPortToplevel.SubscriberPort
	at ptolemy.actor.SubscriberPort.preinitialize(SubscriberPort.java:328)
	at ptolemy.actor.CompositeActor.preinitialize(CompositeActor.java:1769)
	at ptolemy.actor.Manager.preinitializeAndResolveTypes(Manager.java:1040)
	at ptolemy.actor.Manager.initialize(Manager.java:710)
	at ptolemy.actor.Manager.execute(Manager.java:356)
	at ptolemy.actor.Manager.run(Manager.java:1263)
	at ptolemy.actor.Manager$PtolemyRunThread.run(Manager.java:1933)
java.lang.RuntimeException: Execution failed
	at ptolemy.moml.MoMLSimpleApplication$UnloadThread.run(MoMLSimpleApplication.java:402)
Caused by: ptolemy.kernel.util.IllegalActionException: SubscriptionAggregatorPorts cannot be used at the top level, use a SubscriptionAggregator actor instead.
  in .PublisherSubscriptionAggregatorPort.SubscriptionAggregatorPort
	at ptolemy.actor.SubscriptionAggregatorPort.preinitialize(SubscriptionAggregatorPort.java:353)
	at ptolemy.actor.CompositeActor.preinitialize(CompositeActor.java:1769)
	at ptolemy.actor.Manager.preinitializeAndResolveTypes(Manager.java:1040)
	at ptolemy.actor.Manager.initialize(Manager.java:710)
	at ptolemy.actor.Manager.execute(Manager.java:356)
	at ptolemy.actor.Manager.run(Manager.java:1263)
	at ptolemy.actor.Manager$PtolemyRunThread.run(Manager.java:1933)
java.lang.reflect.InvocationTargetException
	at java.base/jdk.internal.reflect.NativeConstructorAccessorImpl.newInstance0(Native Method)
	at java.base/jdk.internal.reflect.NativeConstructorAccessorImpl.newInstance(NativeConstructorAccessorImpl.java:62)
	at java.base/jdk.internal.reflect.DelegatingConstructorAccessorImpl.newInstance(DelegatingConstructorAccessorImpl.java:45)
	at java.base/java.lang.reflect.Constructor.newInstance(Constructor.java:490)
	at ptolemy.util.test.junit.AutoKnownFailedTests.RunModel(AutoKnownFailedTests.java:105)
	at java.base/jdk.internal.reflect.NativeMethodAccessorImpl.invoke0(Native Method)
	at java.base/jdk.internal.reflect.NativeMethodAccessorImpl.invoke(NativeMethodAccessorImpl.java:62)
	at java.base/jdk.internal.reflect.DelegatingMethodAccessorImpl.invoke(DelegatingMethodAccessorImpl.java:43)
	at java.base/java.lang.reflect.Method.invoke(Method.java:566)
	at org.junit.runners.model.FrameworkMethod$1.runReflectiveCall(FrameworkMethod.java:44)
	at org.junit.internal.runners.model.ReflectiveCallable.run(ReflectiveCallable.java:15)
	at org.junit.runners.model.FrameworkMethod.invokeExplosively(FrameworkMethod.java:41)
	at junitparams.internal.InvokeParameterisedMethod.evaluate(InvokeParameterisedMethod.java:102)
	at org.junit.internal.runners.statements.FailOnTimeout$1.run(FailOnTimeout.java:28)
Caused by: ptolemy.kernel.util.IllegalActionException: SubscriptionAggregatorPorts cannot be used at the top level, use a SubscriptionAggregator actor instead.
  in .PublisherSubscriptionAggregatorPort.SubscriptionAggregatorPort
	at ptolemy.actor.SubscriptionAggregatorPort.preinitialize(SubscriptionAggregatorPort.java:353)
	at ptolemy.actor.CompositeActor.preinitialize(CompositeActor.java:1769)
	at ptolemy.actor.Manager.preinitializeAndResolveTypes(Manager.java:1040)
	at ptolemy.actor.Manager.initialize(Manager.java:710)
	at ptolemy.actor.Manager.execute(Manager.java:356)
	at ptolemy.actor.Manager.run(Manager.java:1263)
	at ptolemy.actor.Manager$PtolemyRunThread.run(Manager.java:1933)
java.lang.RuntimeException: Execution failed
	at ptolemy.moml.MoMLSimpleApplication$UnloadThread.run(MoMLSimpleApplication.java:402)
Caused by: ptolemy.kernel.util.IllegalActionException: TypeTest actor has no training data.
  in .sizedarray3.TypeTest
	at ptolemy.actor.lib.TypeTest.initialize(TypeTest.java:250)
	at ptolemy.actor.Director.initialize(Director.java:938)
	at ptolemy.actor.Director.initialize(Director.java:907)
	at ptolemy.actor.sched.StaticSchedulingDirector.initialize(StaticSchedulingDirector.java:159)
	at ptolemy.domains.sdf.kernel.SDFDirector.initialize(SDFDirector.java:544)
	at ptolemy.actor.CompositeActor.initialize(CompositeActor.java:935)
	at ptolemy.actor.Manager.initialize(Manager.java:724)
	at ptolemy.actor.Manager.execute(Manager.java:356)
	at ptolemy.actor.Manager.run(Manager.java:1263)
	at ptolemy.actor.Manager$PtolemyRunThread.run(Manager.java:1933)
java.lang.reflect.InvocationTargetException
	at java.base/jdk.internal.reflect.NativeConstructorAccessorImpl.newInstance0(Native Method)
	at java.base/jdk.internal.reflect.NativeConstructorAccessorImpl.newInstance(NativeConstructorAccessorImpl.java:62)
	at java.base/jdk.internal.reflect.DelegatingConstructorAccessorImpl.newInstance(DelegatingConstructorAccessorImpl.java:45)
	at java.base/java.lang.reflect.Constructor.newInstance(Constructor.java:490)
	at ptolemy.util.test.junit.AutoKnownFailedTests.RunModel(AutoKnownFailedTests.java:105)
	at java.base/jdk.internal.reflect.NativeMethodAccessorImpl.invoke0(Native Method)
	at java.base/jdk.internal.reflect.NativeMethodAccessorImpl.invoke(NativeMethodAccessorImpl.java:62)
	at java.base/jdk.internal.reflect.DelegatingMethodAccessorImpl.invoke(DelegatingMethodAccessorImpl.java:43)
	at java.base/java.lang.reflect.Method.invoke(Method.java:566)
	at org.junit.runners.model.FrameworkMethod$1.runReflectiveCall(FrameworkMethod.java:44)
	at org.junit.internal.runners.model.ReflectiveCallable.run(ReflectiveCallable.java:15)
	at org.junit.runners.model.FrameworkMethod.invokeExplosively(FrameworkMethod.java:41)
	at junitparams.internal.InvokeParameterisedMethod.evaluate(InvokeParameterisedMethod.java:102)
	at org.junit.internal.runners.statements.FailOnTimeout$1.run(FailOnTimeout.java:28)
Caused by: ptolemy.kernel.util.IllegalActionException: TypeTest actor has no training data.
  in .sizedarray3.TypeTest
	at ptolemy.actor.lib.TypeTest.initialize(TypeTest.java:250)
	at ptolemy.actor.Director.initialize(Director.java:938)
	at ptolemy.actor.Director.initialize(Director.java:907)
	at ptolemy.actor.sched.StaticSchedulingDirector.initialize(StaticSchedulingDirector.java:159)
	at ptolemy.domains.sdf.kernel.SDFDirector.initialize(SDFDirector.java:544)
	at ptolemy.actor.CompositeActor.initialize(CompositeActor.java:935)
	at ptolemy.actor.Manager.initialize(Manager.java:724)
	at ptolemy.actor.Manager.execute(Manager.java:356)
	at ptolemy.actor.Manager.run(Manager.java:1263)
	at ptolemy.actor.Manager$PtolemyRunThread.run(Manager.java:1933)
]]></system-err>
</testsuite>
