<?xml version="1.0" encoding="UTF-8" ?>
<testsuite errors="0" failures="0" hostname="travis-job-0b06d2dd-882c-4d6f-bda0-8e6a6cf4abd2" name="ptolemy.domains.de.lib.test.junit.JUnitTclTest" skipped="0" tests="52" time="3.44" timestamp="2020-04-23T14:07:59">
  <properties>
    <property name="npm.executable" value="npm" />
    <property name="env.TRAVIS_ROOT" value="/" />
    <property name="ptII.mk.exists" value="true" />
    <property name="env.TRAVIS_APP_HOST" value="build.travis-ci.org" />
    <property name="env.rvm_bin_path" value="/home/travis/.rvm/bin" />
    <property name="java.home" value="/usr/local/lib/jvm/openjdk11" />
    <property name="env.TRAVIS_JOB_NUMBER" value="1610.9" />
    <property name="env.TRAVIS_HOME" value="/home/travis" />
    <property name="env.DISPLAY" value=":99.0" />
    <property name="env.TRAVIS_INIT" value="systemd" />
    <property name="env.SSH_TTY" value="/dev/pts/0" />
    <property name="java.net.preferIPv4Stack" value="true" />
    <property name="env.RUN_TESTS" value="true" />
    <property name="timeout.short" value="1000000" />
    <property name="junit.formatter" value="xml" />
    <property name="env.TRAVIS_SUDO" value="true" />
    <property name="env.TRAVIS_JOB_NAME" value="" />
    <property name="env.TRAVIS_STACK_NODE_ATTRIBUTES" value="/.node-attributes.yml" />
    <property name="env.LOGNAME" value="travis" />
    <property name="jsdoc.home" value="node_modules/@terraswarm/jsdoc" />
    <property name="debuglevel" value="source,lines,vars" />
    <property name="checkstyle.formatter" value="xml" />
    <property name="env._system_version" value="16.04" />
    <property name="bin.vergil.makeable" value="true" />
    <property name="sun.os.patch.level" value="unknown" />
    <property name="java.vendor.url" value="http://java.oracle.com/" />
    <property name="env.TRAVIS_BUILD_WEB_URL" value="https://travis-ci.org/icyphy/ptII/builds/678597522" />
    <property name="java.version" value="11.0.2" />
    <property name="env.TZ" value="UTC" />
    <property name="env.TRAVIS_PULL_REQUEST_SHA" value="" />
    <property name="env.PT_NO_NET" value="true" />
    <property name="env.TRAVIS_SECURE_ENV_VARS" value="true" />
    <property name="env._system_type" value="Linux" />
    <property name="java.vendor.url.bug" value="http://bugreport.java.com/bugreport/" />
    <property name="npmjs-org-is-up" value="true" />
    <property name="env.LANGUAGE" value="en_US.UTF-8" />
    <property name="env.SSH_CLIENT" value="10.52.0.26 48720 22" />
    <property name="env.GEM_HOME" value="/home/travis/.rvm/gems/ruby-2.5.3" />
    <property name="env.HAS_ANTARES_THREE_LITTLE_FRONZIES_BADGE" value="true" />
    <property name="java.version.date" value="2019-01-15" />
    <property name="env.PS4" value="+" />
    <property name="ant.project.invoked-targets" value="build,test.core2.xml" />
    <property name="env.TRAVIS_PULL_REQUEST_BRANCH" value="" />
    <property name="env.TRAVIS_REPO_SLUG" value="icyphy/ptII" />
    <property name="env.XDG_DATA_DIRS" value="/usr/local/share:/usr/share:/var/lib/snapd/desktop" />
    <property name="jdk.debug" value="release" />
    <property name="env.TRAVIS_APT_PROXY" value="http://build-cache.travisci.net" />
    <property name="env.TRAVIS_CPU_ARCH" value="amd64" />
    <property name="node.in.path" value="true" />
    <property name="user.name" value="travis" />
    <property name="java.maxmemory" value="1400m" />
    <property name="env.RUBY_VERSION" value="ruby-2.5.3" />
    <property name="env.LANG" value="en_US.UTF-8" />
    <property name="sun.io.unicode.encoding" value="UnicodeLittle" />
    <property name="sun.jnu.encoding" value="UTF-8" />
    <property name="java.runtime.name" value="OpenJDK Runtime Environment" />
    <property name="usefile" value="false" />
    <property name="return.code" value="0" />
    <property name="junit.single.formatter" value="plain" />
    <property name="env.DYLD_LIBRARY_PATH" value="/home/travis/pthla/certi-tools/lib:" />
    <property name="env.DEBIAN_FRONTEND" value="noninteractive" />
    <property name="env.SSH_CONNECTION" value="10.52.0.26 48720 10.20.0.22 22" />
    <property name="env.MYSQL_UNIX_PORT" value="/var/run/mysqld/mysqld.sock" />
    <property name="env.LC_ALL" value="en_US.UTF-8" />
    <property name="env.TRAVIS_ALLOW_FAILURE" value="" />
    <property name="env.TRAVIS_JOB_WEB_URL" value="https://travis-ci.org/icyphy/ptII/jobs/678597537" />
    <property name="java.specification.name" value="Java Platform API Specification" />
    <property name="node.works" value="true" />
    <property name="user.timezone" value="" />
    <property name="path.separator" value=":" />
    <property name="env.TRAVIS_ENABLE_INFRA_DETECTION" value="true" />
    <property name="env.PYTHON_CFLAGS" value="-g -fstack-protector --param=ssp-buffer-size=4 -Wformat -Werror=format-security" />
    <property name="timeout.long" value="4000000" />
    <property name="env.CERTI_HOME" value="/home/travis/pthla/certi-tools" />
    <property name="ant.file.ptII" value="/home/travis/build/icyphy/ptII/build.xml" />
    <property name="javadoc.packagenames" value="com.*,diva.*,lbnl.*,org.hlacerti.*,org.json.*,org.ptolemy.*,org.terraswarm.*,ptolemy.*,ptserver.*" />
    <property name="file.encoding" value="UTF-8" />
    <property name="env.TRAVIS_PULL_REQUEST_SLUG" value="" />
    <property name="ant.project.default-target" value="build" />
    <property name="env.GIT_ASKPASS" value="echo" />
    <property name="env.HOME" value="/home/travis" />
    <property name="sun.java.command" value="org.apache.tools.ant.taskdefs.optional.junit.JUnitTestRunner ptolemy.domains.de.lib.test.junit.JUnitTclTest skipNonTests=false filtertrace=true haltOnError=false haltOnFailure=false formatter=org.apache.tools.ant.taskdefs.optional.junit.OutErrSummaryJUnitResultFormatter showoutput=true outputtoformatters=true logfailedtests=true threadid=0 logtestlistenerevents=false formatter=org.apache.tools.ant.taskdefs.optional.junit.XMLJUnitResultFormatter,/home/travis/build/icyphy/ptII/reports/junit/TEST-ptolemy.domains.de.lib.test.junit.JUnitTclTest.xml crashfile=/home/travis/build/icyphy/ptII/junitvmwatcher5607945861132098614.properties propsfile=/home/travis/build/icyphy/ptII/junit8842070484420630019.properties" />
    <property name="env.COMPOSER_NO_INTERACTION" value="1" />
    <property name="env.MANPATH" value="/home/travis/.nvm/versions/node/v7.10.1/share/man:/home/travis/.rvm/rubies/ruby-2.5.3/share/man:/usr/local/cmake-3.12.4/man:/usr/local/clang-7.0.0/share/man:/usr/local/man:/usr/local/share/man:/usr/share/man:/home/travis/.rvm/man" />
    <property name="env.TRAVIS_TIMER_ID" value="02f6994d" />
    <property name="ant.file" value="/home/travis/build/icyphy/ptII/build.xml" />
    <property name="env.TRAVIS_COMMIT_RANGE" value="3e950cfe0f3c004454147d0a7dfedd7f8d8e77cc...52bfcaaec950ad6b43d11ffdb9cd3f924b0c1f76" />
    <property name="env._system_name" value="Ubuntu" />
    <property name="ptII.classpath.optional.property" value="/home/travis/build/icyphy/ptII/lib/bsh-2.0b4.jar:/home/travis/build/icyphy/ptII/lib/ptCal.jar:/home/travis/build/icyphy/ptII/lib/java_cup.jar:/home/travis/build/icyphy/ptII/lib/saxon8.jar:/home/travis/build/icyphy/ptII/lib/saxon8-dom.jar:/home/travis/build/icyphy/ptII/lib/chic.jar:/home/travis/build/icyphy/ptII/lib/ptcolt.jar:/home/travis/build/icyphy/ptII/vendors/misc/itext/iText.jar:/home/travis/build/icyphy/ptII/lib/g4ltl.jar:/home/travis/build/icyphy/ptII/lib/StructuralCoder.jar:/home/travis/build/icyphy/ptII/lib/jcerti.jar:/home/travis/build/icyphy/ptII/lib/javax.mail.jar:/home/travis/build/icyphy/ptII/vendors/JMF-2.1.1e/lib/jmf.jar:/home/travis/build/icyphy/ptII/lib/jna-4.0.0-variadic.jar:/home/travis/build/icyphy/ptII/vendors/misc/joystick/Joystick.jar:/home/travis/build/icyphy/ptII/lib/ptjacl.jar:/home/travis/build/icyphy/ptII/lib/jsoup-1.8.2.jar:/home/travis/build/icyphy/ptII/lib/junit-4.8.2.jar:/home/travis/build/icyphy/ptII/lib/JUnitParams-0.4.0.jar:/home/travis/build/icyphy/ptII/ptolemy/actor/lib/excel/jxl.jar:/home/travis/build/icyphy/ptII/lib/jython.jar:/home/travis/build/icyphy/ptII/lib/kieler.jar:/home/travis/build/icyphy/ptII/vendors/opencv/share/OpenCV/java/opencv-341.jar:/home/travis/build/icyphy/ptII/lib/oscP5.jar:/home/travis/build/icyphy/ptII/lib/nrjavaserial-3.11.0.devel.jar:/home/travis/build/icyphy/ptII/vendors/j3d/lib/Linux/j3dcore.jar:/home/travis/build/icyphy/ptII/vendors/j3d/lib/Linux/j3dutils.jar:/home/travis/build/icyphy/ptII/vendors/j3d/lib/Linux/vecmath.jar:/home/travis/build/icyphy/ptII/vendors/jogl/lib/Linux/gluegen-rt-natives-linux-amd64.jar:/home/travis/build/icyphy/ptII/vendors/jogl/lib/Linux/gluegen-rt.jar:/home/travis/build/icyphy/ptII/vendors/jogl/lib/Linux/jogl-all-natives-linux-amd64.jar:/home/travis/build/icyphy/ptII/vendors/jogl/lib/Linux/jogl-all.jar:/home/travis/build/icyphy/ptII/ptolemy/distributed/jini/jar/jini-core.jar:/home/travis/build/icyphy/ptII/ptolemy/distributed/jini/jar/jini-ext.jar:/home/travis/build/icyphy/ptII/ptolemy/distributed/jini/jar/sun-util.jar:/home/travis/build/icyphy/ptII/lib/protobuf-java-2.4.1.jar:/home/travis/build/icyphy/ptII/lib/org.eclipse.paho.client.mqttv3.jar:/home/travis/build/icyphy/ptII/lib/mapss.jar:/home/travis/build/icyphy/ptII/ptolemy/actor/ptalon/antlr/antlr.jar:/home/travis/build/icyphy/ptII/lib/JRI.jar:/home/travis/build/icyphy/ptII/lib/commons-lang-2.6.jar:/home/travis/build/icyphy/ptII/lib/commons-logging-1.1.1.jar:/home/travis/build/icyphy/ptII/lib/sootclasses.jar:/home/travis/build/icyphy/ptII/ptolemy/actor/lib/database/mysql-connector-java-5.1.6-bin.jar:/home/travis/build/icyphy/ptII/vendors/misc/sphinx4/sphinx4-data-5prealpha.jar:/home/travis/build/icyphy/ptII/vendors/misc/sphinx4/sphinx4-core-5prealpha.jar:/home/travis/build/icyphy/ptII/lib/PDFRenderer.jar:/home/travis/build/icyphy/ptII/lib/svgSalamander.jar:/home/travis/build/icyphy/ptII/lib/rsyntaxtextarea-2.6.0-SNAPSHOT.jar:/home/travis/build/icyphy/ptII/lib/hazelcast-3.8.2.jar:/home/travis/build/icyphy/ptII/lib/jackson-annotations-2.9.0.jar:/home/travis/build/icyphy/ptII/lib/jackson-core-2.9.3.jar:/home/travis/build/icyphy/ptII/lib/jackson-databind-2.9.3.jar:/home/travis/build/icyphy/ptII/lib/netty-buffer-4.1.19.Final.jar:/home/travis/build/icyphy/ptII/lib/netty-codec-4.1.19.Final.jar:/home/travis/build/icyphy/ptII/lib/netty-codec-dns-4.1.19.Final.jar:/home/travis/build/icyphy/ptII/lib/netty-codec-http-4.1.19.Final.jar:/home/travis/build/icyphy/ptII/lib/netty-codec-http2-4.1.19.Final.jar:/home/travis/build/icyphy/ptII/lib/netty-common-4.1.19.Final.jar:/home/travis/build/icyphy/ptII/lib/netty-handler-4.1.19.Final.jar:/home/travis/build/icyphy/ptII/lib/netty-resolver-4.1.19.Final.jar:/home/travis/build/icyphy/ptII/lib/netty-resolver-dns-4.1.19.Final.jar:/home/travis/build/icyphy/ptII/lib/netty-transport-4.1.19.Final.jar:/home/travis/build/icyphy/ptII/lib/vertx-codegen-3.5.1.jar:/home/travis/build/icyphy/ptII/lib/vertx-core-3.5.2-SNAPSHOT.jar:/home/travis/build/icyphy/ptII/lib/vertx-hazelcast-3.5.1.jar:/home/travis/build/icyphy/ptII/lib/vertx-lang-js-3.5.1.jar:/home/travis/build/icyphy/ptII/lib/vertx-service-proxy-3.5.1.jar:/home/travis/build/icyphy/ptII/lib/vertx-web-3.5.1.jar:/home/travis/build/icyphy/ptII/lib/slf4j-api-1.7.13.jar:/home/travis/build/icyphy/ptII/lib/slf4j-simple-1.7.13.jar:/home/travis/build/icyphy/ptII/lib/webcam-capture-0.3.12.jar:/home/travis/build/icyphy/ptII/lib/bridj-0.7.0.jar:/home/travis/build/icyphy/ptII/lib/xbjlib-1.1.0.nrjavaserial.jar" />
    <property name="timeout" value="2400000" />
    <property name="test.batch" value="**/junit/*.java" />
    <property name="env._" value="/usr/bin/timeout" />
    <property name="java.io.tmpdir" value="/tmp" />
    <property name="user.language" value="en" />
    <property name="env.TRAVIS_INTERNAL_RUBY_REGEX" value="^ruby-(2\.[0-4]\.[0-9]|1\.9\.3)" />
    <property name="env.HISTCONTROL" value="ignoredups:ignorespace" />
    <property name="env.GOROOT" value="/home/travis/.gimme/versions/go1.11.1.linux.amd64" />
    <property name="line.separator" value="&#xa;" />
    <property name="target" value="11" />
    <property name="env.TRAVIS_BUILD_DIR" value="/home/travis/build/icyphy/ptII" />
    <property name="env.ANT_OPTS" value="-Xmx2048m" />
    <property name="ant.file.type" value="file" />
    <property name="ptolemy.ptII.batchMode" value="true" />
    <property name="env.HISTSIZE" value="1000" />
    <property name="env.MERB_ENV" value="test" />
    <property name="java.vm.info" value="mixed mode" />
    <property name="source" value="11" />
    <property name="java.vm.specification.name" value="Java Virtual Machine Specification" />
    <property name="env.TRAVIS_TEST_RESULT" value="0" />
    <property name="jsdoc.command" value="node_modules/@terraswarm/jsdoc/jsdoc.js" />
    <property name="npm.works" value="true" />
    <property name="cobertura.dir" value="/home/travis/build/icyphy/ptII/vendors/cobertura-2.0.3" />
    <property name="jsdoc.command.exists" value="true" />
    <property name="env.rvm_path" value="/home/travis/.rvm" />
    <property name="env.GEM_PATH" value="/home/travis/.rvm/gems/ruby-2.5.3:/home/travis/.rvm/gems/ruby-2.5.3@global" />
    <property name="env.LC_CTYPE" value="en_US.UTF-8" />
    <property name="env.TRAVIS_CMD" value="$PTII/bin/ptIITravisBuild.sh $SECONDS" />
    <property name="java.awt.printerjob" value="sun.print.PSPrinterJob" />
    <property name="env.TRAVIS_STACK_NAME" value="sardonyx" />
    <property name="env.TRAVIS_TIMER_START_TIME" value="1587650632174223705" />
    <property name="ant.version" value="Apache Ant(TM) version 1.10.1 compiled on February 2 2017" />
    <property name="ptII.reports" value="/home/travis/build/icyphy/ptII/reports" />
    <property name="env.TRAVIS_STACK_TIMESTAMP" value="2019-03-25 16:16:56 UTC" />
    <property name="ant.file.type.ptII" value="file" />
    <property name="env.RBENV_SHELL" value="bash" />
    <property name="os.name" value="Linux" />
    <property name="java.specification.vendor" value="Oracle Corporation" />
    <property name="env.rvm_version" value="1.29.7 (latest)" />
    <property name="env.TRAVIS_INFRA" value="unknown" />
    <property name="env.TERM" value="xterm" />
    <property name="java.vm.name" value="OpenJDK 64-Bit Server VM" />
    <property name="env.TRAVIS_BUILD_NUMBER" value="1610" />
    <property name="env.CI" value="true" />
    <property name="java.library.path" value="/home/travis/pthla/certi-tools/lib:/usr/lib/jni:/usr/local/share/OpenCV/java/:/usr/share/OpenCV/java::/usr/java/packages/lib:/usr/lib64:/lib64:/lib:/usr/lib" />
    <property name="jdk.module.path" value="/home/travis/build/icyphy/ptII/vendors/javafx/javafx-sdk-11.0.2/lib:" />
    <property name="env.rvm_prefix" value="/home/travis" />
    <property name="env.PATH" value="/home/travis/pthla/certi-tools/share/scripts:/home/travis/.rvm/gems/ruby-2.5.3/bin:/home/travis/.rvm/gems/ruby-2.5.3@global/bin:/home/travis/.rvm/rubies/ruby-2.5.3/bin:/home/travis/.rvm/bin:/home/travis/.nvm/versions/node/v7.10.1/bin:./node_modules/.bin:/home/travis/build/icyphy/ptII/bin:/home/travis/pthla/certi-tools/bin:/home/travis/bin:/home/travis/.local/bin:/usr/local/lib/jvm/openjdk11/bin:/opt/pyenv/shims:/home/travis/.phpenv/shims:/home/travis/perl5/perlbrew/bin:/home/travis/gopath/bin:/home/travis/.gimme/versions/go1.11.1.linux.amd64/bin:/usr/local/maven-3.6.0/bin:/usr/local/cmake-3.12.4/bin:/usr/local/clang-7.0.0/bin:/usr/local/sbin:/usr/local/bin:/usr/sbin:/usr/bin:/sbin:/bin:/snap/bin:/home/travis/.phpenv/bin:/opt/pyenv/bin:/home/travis/.yarn/bin" />
    <property name="env.TRAVIS_OS_NAME" value="linux" />
    <property name="ant.java.version" value="9" />
    <property name="basedir" value="/home/travis/build/icyphy/ptII" />
    <property name="java.class.version" value="55.0" />
    <property name="env.SHLVL" value="3" />
    <property name="env.LD_LIBRARY_PATH" value="/home/travis/pthla/certi-tools/lib:/usr/lib/jni:/usr/local/share/OpenCV/java/:/usr/share/OpenCV/java:" />
    <property name="env.RACK_ENV" value="test" />
    <property name="ant.home" value="/home/travis/build/icyphy/ptII/ant" />
    <property name="env.NVM_DIR" value="/home/travis/.nvm" />
    <property name="env.CERTI_FOM_PATH" value="/home/travis/pthla/certi-tools/share/federations" />
    <property name="env.TRAVIS_BUILD_ID" value="678597522" />
    <property name="env.PYENV_ROOT" value="/opt/pyenv" />
    <property name="env.TRAVIS_UID" value="2000" />
    <property name="prism.verbose" value="true" />
    <property name="env.NVM_BIN" value="/home/travis/.nvm/versions/node/v7.10.1/bin" />
    <property name="env.TRAVIS_COMMIT" value="52bfcaaec950ad6b43d11ffdb9cd3f924b0c1f76" />
    <property name="env._system_arch" value="x86_64" />
    <property name="node.executable" value="node" />
    <property name="sun.boot.library.path" value="/usr/local/lib/jvm/openjdk11/lib" />
    <property name="sun.management.compiler" value="HotSpot 64-Bit Tiered Compilers" />
    <property name="java.awt.graphicsenv" value="sun.awt.X11GraphicsEnvironment" />
    <property name="env.GOPATH" value="/home/travis/gopath" />
    <property name="ptolemy.ptII.dir" value="/home/travis/build/icyphy/ptII" />
    <property name="env.USER" value="travis" />
    <property name="env.HISTFILESIZE" value="2000" />
    <property name="env.NVM_INC" value="/home/travis/.nvm/versions/node/v7.10.1/include/node" />
    <property name="timeout.longest" value="19000000" />
    <property name="env.PERLBREW_SHELLRC_VERSION" value="0.86" />
    <property name="env.TRAVIS_STACK_FEATURES" value="basic couchdb disabled-ipv6 docker docker-compose elasticsearch firefox go-toolchain google-chrome jdk memcached mongodb mysql nodejs_interpreter perl_interpreter perlbrew phantomjs postgresql python_interpreter redis ruby_interpreter sqlite xserver" />
    <property name="env.TRAVIS_PULL_REQUEST" value="false" />
    <property name="env.PYENV_SHELL" value="bash" />
    <property name="ant.project.name" value="ptII" />
    <property name="env.ANSI_RESET" value="\033[0m" />
    <property name="java.vm.specification.version" value="11" />
    <property name="env.TRAVIS_DIST" value="xenial" />
    <property name="env.CERTI_VERSION" value="4.0.0" />
    <property name="env.CERTI_HOST" value="localhost" />
    <property name="awt.toolkit" value="sun.awt.X11.XToolkit" />
    <property name="env.MY_RUBY_HOME" value="/home/travis/.rvm/rubies/ruby-2.5.3" />
    <property name="sun.cpu.isalist" value="" />
    <property name="env.TRAVIS_TMPDIR" value="/tmp/tmp.a0m3dMN9u5" />
    <property name="java.vm.compressedOopsMode" value="Zero based" />
    <property name="os.version" value="4.15.0-1028-gcp" />
    <property name="user.home" value="/home/travis" />
    <property name="java.vm.vendor" value="Oracle Corporation" />
    <property name="env.TRAVIS_TAG" value="nightly" />
    <property name="env.ANSI_YELLOW" value="\033[33;1m" />
    <property name="env.TRAVIS_FILTERED" value="redirect_io" />
    <property name="env.ANSI_GREEN" value="\033[32;1m" />
    <property name="env.JAVA_HOME" value="/usr/local/lib/jvm/openjdk11" />
    <property name="javadoc.excludepackagenames" value="adm.cvs2svn.*,build.*,config.*,doc.coding.templates.*,jni.test.jni.meaningOfLife.*,jni.test.jni.testDeux.*,jni.test.jni.testTrois.*,org.terraswarm.accessor.accessors.web.node_modules.*,org.terraswarm.accessor.accessors.web.hosts.cordova.demo.*,org.terraswarm.accessor.accessors.web.hosts.cordova.plugins.*,org.terraswarm.accessor.accessors-svn.*,pt-modules.*,ptolemy.apps.agilent.*,ptolemy.apps.anytimecontrol.*,ptolemy.apps.apes.*,ptolemy.apps.charon.*,ptolemy.apps.crazyboard.*,ptolemy.apps.eclipse.*,ptolemy.apps.etherealSting.*,ptolemy.apps.fullscreen.*,ptolemy.apps.giotto.*,ptolemy.apps.ia.*,ptolemy.apps.interfaces.*,ptolemy.apps.jmf.*,ptolemy.apps.kurt.*,ptolemy.apps.kvm.*,ptolemy.apps.lego.*,ptolemy.apps.lejos.*,ptolemy.apps.midp.*,ptolemy.apps.mobileCoding.*,ptolemy.apps.pendulum.*,ptolemy.apps.rijndael.*,ptolemy.apps.robot.*,ptolemy.apps.security.*,ptolemy.apps.sobel.*,ptolemy.apps.soot.*,ptolemy.apps.throttle.*,ptolemy.apps.tini.*,ptolemy.apps.transmission.*,ptolemy.apps.vergil.*,ptolemy.apps.waba.*,ptolemy.apps.websensor.*,ptolemy.apps.webstart.*,ptolemy.apps.xsl.*,ptolemy.apps.zaurus.*,ptolemy.codegen.c.actor.lib.oldJavaFiles.*,ptolemy.codegen.dsp.lib.*,ptolemy.codegen.kernel.newInterfaces.*,ptolemy.codegen.lib.*,ptolemy.copernicus.kernel.fragment.*,ptolemy.copernicus.shallow.cg.*,ptolemy.domains.giotto.demo.Hierarchy.Hierarchy.*,ptolemy.domains.giotto.demo.Multimode.Multimode.*,ptolemy.domains.giotto.demo.Simple.Simple.*,ptolemy.domains.gr.lib.experimental.*,ptolemy.domains.gro.*,ptolemy.domains.pdf.*,ptolemy.domains.ptinyos.demo.Surge.output.*,ptolemy.moml.test.NoPackageActor.java*,ptolemy.plot.adm.*,ptolemy.plot.servlet.*,reports.*,signed.*,src.*,target.*,vendors.*,ptolemy.copernicus.applet.*,ptolemy.media.viewer.*,ptolemy.actor.corba.*,doc.doclets.*,ptolemy.apps.eclipse.awt.*,ptolemy.backtrack.*,ptolemy.backtrack.ast.*,ptolemy.cg.adapter.generic.program.procedural.c.mbed*,ptolemy.homer.*,ptolemy.actor.lib.jai.*,org.ptolemy.scala.*,diva.util.java2d.svg.*,ptolemy.domains.ptinyos.*,ptolemy.actor.lib.fmi.fmipp.*,,org.terraswarm.accessor.accessors.web.node_modules.*,org.terraswarm.accessor.accessors-svn,ptolemy.apps.*,ptolemy.actor.ptalon.demo.ptinyos.SendAndReceiveCnt.output,ptolemy.actor.ptalon.demo.ptinyos.SenseToLeds.output,ptolemy.domains.ptinyos.demo.CntToLedsAndRfm.output,ptolemy.domains.ptinyos.demo.RfmToLeds.output,ptolemy.domains.ptinyos.demo.SendAndReceiveCnt.output,ptolemy.domains.ptinyos.demo.SenseToLeds.output,ptolemy.actor.lib.jjs.modules.udpSocket.*" />
    <property name="env.PTII" value="/home/travis/build/icyphy/ptII" />
    <property name="env.XDG_SESSION_ID" value="2" />
    <property name="keystore" value="ptKeystore" />
    <property name="env.TRAVIS_COMMIT_MESSAGE" value="Updating models using array data type." />
    <property name="junit.output.dir" value="/home/travis/build/icyphy/ptII/reports/junit" />
    <property name="npm.return.code" value="0" />
    <property name="user.dir" value="/home/travis/build/icyphy/ptII/ptolemy/domains/de/lib/test" />
    <property name="env.TRAVIS_NODE_VERSION" value="7" />
    <property name="env.TRAVIS_EVENT_TYPE" value="cron" />
    <property name="env.MAIL" value="/var/mail/travis" />
    <property name="env.PERLBREW_ROOT" value="/home/travis/perl5/perlbrew" />
    <property name="env.PWD" value="/home/travis/build/icyphy/ptII" />
    <property name="timeout.npm" value="45000" />
    <property name="env.PT_TRAVIS_TEST_CORE2_XML" value="true" />
    <property name="env.TRAVIS_ARCH" value="amd64" />
    <property name="sun.cpu.endian" value="little" />
    <property name="env.PAGER" value="cat" />
    <property name="env.TRAVIS_BUILD_STAGE_NAME" value="test" />
    <property name="env.PERLBREW_HOME" value="/home/travis/.perlbrew" />
    <property name="java.vm.version" value="11.0.2+9" />
    <property name="env.RAILS_ENV" value="test" />
    <property name="java.class.path" value="/home/travis/build/icyphy/ptII:/home/travis/build/icyphy/ptII/lib/bsh-2.0b4.jar:/home/travis/build/icyphy/ptII/lib/ptCal.jar:/home/travis/build/icyphy/ptII/lib/java_cup.jar:/home/travis/build/icyphy/ptII/lib/saxon8.jar:/home/travis/build/icyphy/ptII/lib/saxon8-dom.jar:/home/travis/build/icyphy/ptII/lib/chic.jar:/home/travis/build/icyphy/ptII/lib/ptcolt.jar:/home/travis/build/icyphy/ptII/vendors/misc/itext/iText.jar:/home/travis/build/icyphy/ptII/lib/g4ltl.jar:/home/travis/build/icyphy/ptII/lib/StructuralCoder.jar:/home/travis/build/icyphy/ptII/lib/jcerti.jar:/home/travis/build/icyphy/ptII/lib/javax.mail.jar:/home/travis/build/icyphy/ptII/vendors/JMF-2.1.1e/lib/jmf.jar:/home/travis/build/icyphy/ptII/lib/jna-4.0.0-variadic.jar:/home/travis/build/icyphy/ptII/vendors/misc/joystick/Joystick.jar:/home/travis/build/icyphy/ptII/lib/ptjacl.jar:/home/travis/build/icyphy/ptII/lib/jsoup-1.8.2.jar:/home/travis/build/icyphy/ptII/lib/junit-4.8.2.jar:/home/travis/build/icyphy/ptII/lib/JUnitParams-0.4.0.jar:/home/travis/build/icyphy/ptII/ptolemy/actor/lib/excel/jxl.jar:/home/travis/build/icyphy/ptII/lib/jython.jar:/home/travis/build/icyphy/ptII/lib/kieler.jar:/home/travis/build/icyphy/ptII/vendors/opencv/share/OpenCV/java/opencv-341.jar:/home/travis/build/icyphy/ptII/lib/oscP5.jar:/home/travis/build/icyphy/ptII/lib/nrjavaserial-3.11.0.devel.jar:/home/travis/build/icyphy/ptII/vendors/j3d/lib/Linux/j3dcore.jar:/home/travis/build/icyphy/ptII/vendors/j3d/lib/Linux/j3dutils.jar:/home/travis/build/icyphy/ptII/vendors/j3d/lib/Linux/vecmath.jar:/home/travis/build/icyphy/ptII/vendors/jogl/lib/Linux/gluegen-rt-natives-linux-amd64.jar:/home/travis/build/icyphy/ptII/vendors/jogl/lib/Linux/gluegen-rt.jar:/home/travis/build/icyphy/ptII/vendors/jogl/lib/Linux/jogl-all-natives-linux-amd64.jar:/home/travis/build/icyphy/ptII/vendors/jogl/lib/Linux/jogl-all.jar:/home/travis/build/icyphy/ptII/ptolemy/distributed/jini/jar/jini-core.jar:/home/travis/build/icyphy/ptII/ptolemy/distributed/jini/jar/jini-ext.jar:/home/travis/build/icyphy/ptII/ptolemy/distributed/jini/jar/sun-util.jar:/home/travis/build/icyphy/ptII/lib/protobuf-java-2.4.1.jar:/home/travis/build/icyphy/ptII/lib/org.eclipse.paho.client.mqttv3.jar:/home/travis/build/icyphy/ptII/lib/mapss.jar:/home/travis/build/icyphy/ptII/ptolemy/actor/ptalon/antlr/antlr.jar:/home/travis/build/icyphy/ptII/lib/JRI.jar:/home/travis/build/icyphy/ptII/lib/commons-lang-2.6.jar:/home/travis/build/icyphy/ptII/lib/commons-logging-1.1.1.jar:/home/travis/build/icyphy/ptII/lib/sootclasses.jar:/home/travis/build/icyphy/ptII/ptolemy/actor/lib/database/mysql-connector-java-5.1.6-bin.jar:/home/travis/build/icyphy/ptII/vendors/misc/sphinx4/sphinx4-data-5prealpha.jar:/home/travis/build/icyphy/ptII/vendors/misc/sphinx4/sphinx4-core-5prealpha.jar:/home/travis/build/icyphy/ptII/lib/PDFRenderer.jar:/home/travis/build/icyphy/ptII/lib/svgSalamander.jar:/home/travis/build/icyphy/ptII/lib/rsyntaxtextarea-2.6.0-SNAPSHOT.jar:/home/travis/build/icyphy/ptII/lib/hazelcast-3.8.2.jar:/home/travis/build/icyphy/ptII/lib/jackson-annotations-2.9.0.jar:/home/travis/build/icyphy/ptII/lib/jackson-core-2.9.3.jar:/home/travis/build/icyphy/ptII/lib/jackson-databind-2.9.3.jar:/home/travis/build/icyphy/ptII/lib/netty-buffer-4.1.19.Final.jar:/home/travis/build/icyphy/ptII/lib/netty-codec-4.1.19.Final.jar:/home/travis/build/icyphy/ptII/lib/netty-codec-dns-4.1.19.Final.jar:/home/travis/build/icyphy/ptII/lib/netty-codec-http-4.1.19.Final.jar:/home/travis/build/icyphy/ptII/lib/netty-codec-http2-4.1.19.Final.jar:/home/travis/build/icyphy/ptII/lib/netty-common-4.1.19.Final.jar:/home/travis/build/icyphy/ptII/lib/netty-handler-4.1.19.Final.jar:/home/travis/build/icyphy/ptII/lib/netty-resolver-4.1.19.Final.jar:/home/travis/build/icyphy/ptII/lib/netty-resolver-dns-4.1.19.Final.jar:/home/travis/build/icyphy/ptII/lib/netty-transport-4.1.19.Final.jar:/home/travis/build/icyphy/ptII/lib/vertx-codegen-3.5.1.jar:/home/travis/build/icyphy/ptII/lib/vertx-core-3.5.2-SNAPSHOT.jar:/home/travis/build/icyphy/ptII/lib/vertx-hazelcast-3.5.1.jar:/home/travis/build/icyphy/ptII/lib/vertx-lang-js-3.5.1.jar:/home/travis/build/icyphy/ptII/lib/vertx-service-proxy-3.5.1.jar:/home/travis/build/icyphy/ptII/lib/vertx-web-3.5.1.jar:/home/travis/build/icyphy/ptII/lib/slf4j-api-1.7.13.jar:/home/travis/build/icyphy/ptII/lib/slf4j-simple-1.7.13.jar:/home/travis/build/icyphy/ptII/lib/webcam-capture-0.3.12.jar:/home/travis/build/icyphy/ptII/lib/bridj-0.7.0.jar:/home/travis/build/icyphy/ptII/lib/xbjlib-1.1.0.nrjavaserial.jar:/home/travis/build/icyphy/ptII/ptolemy/moml/test:/home/travis/build/icyphy/ptII/ant/lib/ant-launcher.jar:/home/travis/build/icyphy/ptII/ant/lib/ant.jar:/home/travis/build/icyphy/ptII/ant/lib/ant-junit.jar:/home/travis/build/icyphy/ptII/ant/lib/ant-junit4.jar" />
    <property name="ant.library.dir" value="/home/travis/build/icyphy/ptII/ant/lib" />
    <property name="os.arch" value="amd64" />
    <property name="env.CONTINUOUS_INTEGRATION" value="true" />
    <property name="env.TRAVIS_LANGUAGE" value="node_js" />
    <property name="env.TRAVIS_STACK_LANGUAGES" value="__sardonyx__ c c++ clojure cplusplus cpp default generic go groovy java node_js php pure_java python ruby scala" />
    <property name="test.name" value="ptolemy.actor.lib.test.junit.JUnitTclTest" />
    <property name="env.APT_KEY_DONT_WARN_ON_DANGEROUS_USAGE" value="1" />
    <property name="sun.java.launcher" value="SUN_STANDARD" />
    <property name="env.PYTHON_CONFIGURE_OPTS" value="--enable-unicode=ucs4 --with-wide-unicode --enable-shared --enable-ipv6 --enable-loadable-sqlite-extensions --with-computed-gotos" />
    <property name="ant.core.lib" value="/home/travis/build/icyphy/ptII/ant/lib/ant.jar" />
    <property name="java.vm.specification.vendor" value="Oracle Corporation" />
    <property name="env.BCVTB_HOME" value="/home/travis/build/icyphy/ptII/lbnl" />
    <property name="file.separator" value="/" />
    <property name="spotbugs.home" value="/home/travis/build/icyphy/ptII/vendors/spotbugs-3.1.1" />
    <property name="java.runtime.version" value="11.0.2+9" />
    <property name="env.ANSI_CLEAR" value="\033[0K" />
    <property name="javafx.verbose" value="true" />
    <property name="env.HAS_JOSH_K_SEAL_OF_APPROVAL" value="true" />
    <property name="env.XDG_RUNTIME_DIR" value="/run/user/2000" />
    <property name="env.TRAVIS_OSX_IMAGE" value="" />
    <property name="env.TRAVIS_JOB_ID" value="678597537" />
    <property name="env.TRAVIS_BRANCH" value="master" />
    <property name="user.country" value="US" />
    <property name="env.CERTI_HOME_TRAVIS" value="/home/travis/pthla/certi-tools" />
    <property name="env.SHELL" value="/bin/bash" />
    <property name="java.maxmemory.large" value="3200m" />
    <property name="model" value="" />
    <property name="env.CASHER_DIR" value="/home/travis/.casher" />
    <property name="env.NVM_CD_FLAGS" value="" />
    <property name="java.vendor.version" value="18.9" />
    <property name="jshint.executable" value="/home/travis/node_modules/jshint/bin/jshint" />
    <property name="env.JRUBY_OPTS" value=" --client -J-XX:+TieredCompilation -J-XX:TieredStopAtLevel=1 -J-Xss2m -Xcompile.invokedynamic=false" />
    <property name="java.vendor" value="Oracle Corporation" />
    <property name="env.TRAVIS_PRE_CHEF_BOOTSTRAP_TIME" value="2019-03-25T16:16:42" />
    <property name="env.TRAVIS_STACK_JOB_BOARD_REGISTER" value="/.job-board-register.yml" />
    <property name="env.ANSI_RED" value="\033[31;1m" />
    <property name="java.specification.version" value="11" />
    <property name="env.IRBRC" value="/home/travis/.rvm/rubies/ruby-2.5.3/.irbrc" />
    <property name="env.TRAVIS" value="true" />
    <property name="sun.arch.data.model" value="64" />
  </properties>
  <testcase classname="ptolemy.util.test.junit.TclTests" name="[0] /home/travis/build/icyphy/ptII/ptolemy/domains/de/lib/test/Iterations.tcl (RunTclFile)" time="0.288" />
  <testcase classname="ptolemy.util.test.junit.TclTests" name="[1] /home/travis/build/icyphy/ptII/ptolemy/domains/de/lib/test/Sampler.tcl (RunTclFile)" time="0.151" />
  <testcase classname="ptolemy.util.test.junit.TclTests" name="[2] /home/travis/build/icyphy/ptII/ptolemy/domains/de/lib/test/Server.tcl (RunTclFile)" time="0.097" />
  <testcase classname="ptolemy.util.test.junit.TclTests" name="[3] /home/travis/build/icyphy/ptII/ptolemy/domains/de/lib/test/SimpleDelay.tcl (RunTclFile)" time="0.073" />
  <testcase classname="ptolemy.util.test.junit.TclTests" name="[4] /home/travis/build/icyphy/ptII/ptolemy/domains/de/lib/test/TimedDelay.tcl (RunTclFile)" time="0.047" />
  <testcase classname="ptolemy.util.test.junit.TclTests" name="[5] /home/travis/build/icyphy/ptII/ptolemy/domains/de/lib/test/WaitingTime.tcl (RunTclFile)" time="0.009" />
  <testcase classname="ptolemy.util.test.junit.AutoKnownFailedTests" name="[0] ThereAreNoKnowFailedTests (RunModel)" time="0.006" />
  <testcase classname="ptolemy.util.test.junit.AutoNameArchTests" name="[0] ThereAreNoAutoArchTests (RunModel)" time="0.003" />
  <testcase classname="ptolemy.util.test.junit.AutoTests" name="[0] /home/travis/build/icyphy/ptII/ptolemy/domains/de/lib/test/auto/AFDX.xml (RunModel)" time="0.337" />
  <testcase classname="ptolemy.util.test.junit.AutoTests" name="[1] /home/travis/build/icyphy/ptII/ptolemy/domains/de/lib/test/auto/BusConfigureParamsContinuous.xml (RunModel)" time="0.19" />
  <testcase classname="ptolemy.util.test.junit.AutoTests" name="[2] /home/travis/build/icyphy/ptII/ptolemy/domains/de/lib/test/auto/BusConfigureParamsDE.xml (RunModel)" time="0.062" />
  <testcase classname="ptolemy.util.test.junit.AutoTests" name="[3] /home/travis/build/icyphy/ptII/ptolemy/domains/de/lib/test/auto/BusContinuousDifferentValues.xml (RunModel)" time="0.106" />
  <testcase classname="ptolemy.util.test.junit.AutoTests" name="[4] /home/travis/build/icyphy/ptII/ptolemy/domains/de/lib/test/auto/BusContinuousZeroServiceTime.xml (RunModel)" time="0.088" />
  <testcase classname="ptolemy.util.test.junit.AutoTests" name="[5] /home/travis/build/icyphy/ptII/ptolemy/domains/de/lib/test/auto/BusDEDifferentValues.xml (RunModel)" time="0.079" />
  <testcase classname="ptolemy.util.test.junit.AutoTests" name="[6] /home/travis/build/icyphy/ptII/ptolemy/domains/de/lib/test/auto/BusDEZeroServiceTime.xml (RunModel)" time="0.079" />
  <testcase classname="ptolemy.util.test.junit.AutoTests" name="[7] /home/travis/build/icyphy/ptII/ptolemy/domains/de/lib/test/auto/BusError.xml (RunModel)" time="0.1" />
  <testcase classname="ptolemy.util.test.junit.AutoTests" name="[8] /home/travis/build/icyphy/ptII/ptolemy/domains/de/lib/test/auto/Clock.xml (RunModel)" time="0.034" />
  <testcase classname="ptolemy.util.test.junit.AutoTests" name="[9] /home/travis/build/icyphy/ptII/ptolemy/domains/de/lib/test/auto/EventFilter.xml (RunModel)" time="0.067" />
  <testcase classname="ptolemy.util.test.junit.AutoTests" name="[10] /home/travis/build/icyphy/ptII/ptolemy/domains/de/lib/test/auto/Inhibit.xml (RunModel)" time="0.027" />
  <testcase classname="ptolemy.util.test.junit.AutoTests" name="[11] /home/travis/build/icyphy/ptII/ptolemy/domains/de/lib/test/auto/Iterations.xml (RunModel)" time="0.019" />
  <testcase classname="ptolemy.util.test.junit.AutoTests" name="[12] /home/travis/build/icyphy/ptII/ptolemy/domains/de/lib/test/auto/NonInterruptibleTimerTestAssemblyLine.xml (RunModel)" time="0.074" />
  <testcase classname="ptolemy.util.test.junit.AutoTests" name="[13] /home/travis/build/icyphy/ptII/ptolemy/domains/de/lib/test/auto/Previous.xml (RunModel)" time="0.039" />
  <testcase classname="ptolemy.util.test.junit.AutoTests" name="[14] /home/travis/build/icyphy/ptII/ptolemy/domains/de/lib/test/auto/QuantityManager1Bus.xml (RunModel)" time="0.067" />
  <testcase classname="ptolemy.util.test.junit.AutoTests" name="[15] /home/travis/build/icyphy/ptII/ptolemy/domains/de/lib/test/auto/QuantityManager1BusServiceTimeBiggerThanTokenSendPeriod.xml (RunModel)" time="0.069" />
  <testcase classname="ptolemy.util.test.junit.AutoTests" name="[16] /home/travis/build/icyphy/ptII/ptolemy/domains/de/lib/test/auto/QuantityManager2Busses.xml (RunModel)" time="0.088" />
  <testcase classname="ptolemy.util.test.junit.AutoTests" name="[17] /home/travis/build/icyphy/ptII/ptolemy/domains/de/lib/test/auto/QuantityManager2BussesOrderReversed.xml (RunModel)" time="0.075" />
  <testcase classname="ptolemy.util.test.junit.AutoTests" name="[18] /home/travis/build/icyphy/ptII/ptolemy/domains/de/lib/test/auto/QuantityManager3Busses.xml (RunModel)" time="0.062" />
  <testcase classname="ptolemy.util.test.junit.AutoTests" name="[19] /home/travis/build/icyphy/ptII/ptolemy/domains/de/lib/test/auto/QuantizedSampler.xml (RunModel)" time="0.034" />
  <testcase classname="ptolemy.util.test.junit.AutoTests" name="[20] /home/travis/build/icyphy/ptII/ptolemy/domains/de/lib/test/auto/Queue.xml (RunModel)" time="0.02" />
  <testcase classname="ptolemy.util.test.junit.AutoTests" name="[21] /home/travis/build/icyphy/ptII/ptolemy/domains/de/lib/test/auto/Queue2.xml (RunModel)" time="0.02" />
  <testcase classname="ptolemy.util.test.junit.AutoTests" name="[22] /home/travis/build/icyphy/ptII/ptolemy/domains/de/lib/test/auto/Sampler.xml (RunModel)" time="0.034" />
  <testcase classname="ptolemy.util.test.junit.AutoTests" name="[23] /home/travis/build/icyphy/ptII/ptolemy/domains/de/lib/test/auto/Sampler2.xml (RunModel)" time="0.024" />
  <testcase classname="ptolemy.util.test.junit.AutoTests" name="[24] /home/travis/build/icyphy/ptII/ptolemy/domains/de/lib/test/auto/Sampler3.xml (RunModel)" time="0.027" />
  <testcase classname="ptolemy.util.test.junit.AutoTests" name="[25] /home/travis/build/icyphy/ptII/ptolemy/domains/de/lib/test/auto/SamplerUnit.xml (RunModel)" time="0.018" />
  <testcase classname="ptolemy.util.test.junit.AutoTests" name="[26] /home/travis/build/icyphy/ptII/ptolemy/domains/de/lib/test/auto/ServerWithNonZeroDelay.xml (RunModel)" time="0.024" />
  <testcase classname="ptolemy.util.test.junit.AutoTests" name="[27] /home/travis/build/icyphy/ptII/ptolemy/domains/de/lib/test/auto/ServerWithPreemption1.xml (RunModel)" time="0.019" />
  <testcase classname="ptolemy.util.test.junit.AutoTests" name="[28] /home/travis/build/icyphy/ptII/ptolemy/domains/de/lib/test/auto/ServerWithVariableDelay.xml (RunModel)" time="0.017" />
  <testcase classname="ptolemy.util.test.junit.AutoTests" name="[29] /home/travis/build/icyphy/ptII/ptolemy/domains/de/lib/test/auto/ServerWithVariableDelay1.xml (RunModel)" time="0.018" />
  <testcase classname="ptolemy.util.test.junit.AutoTests" name="[30] /home/travis/build/icyphy/ptII/ptolemy/domains/de/lib/test/auto/ServerWithVariableDelay2.xml (RunModel)" time="0.017" />
  <testcase classname="ptolemy.util.test.junit.AutoTests" name="[31] /home/travis/build/icyphy/ptII/ptolemy/domains/de/lib/test/auto/ServerWithVariableDelay3.xml (RunModel)" time="0.016" />
  <testcase classname="ptolemy.util.test.junit.AutoTests" name="[32] /home/travis/build/icyphy/ptII/ptolemy/domains/de/lib/test/auto/ServerWithVariableDelay4.xml (RunModel)" time="0.015" />
  <testcase classname="ptolemy.util.test.junit.AutoTests" name="[33] /home/travis/build/icyphy/ptII/ptolemy/domains/de/lib/test/auto/ServerWithZeroDelay.xml (RunModel)" time="0.014" />
  <testcase classname="ptolemy.util.test.junit.AutoTests" name="[34] /home/travis/build/icyphy/ptII/ptolemy/domains/de/lib/test/auto/SingleEvent.xml (RunModel)" time="0.013" />
  <testcase classname="ptolemy.util.test.junit.AutoTests" name="[35] /home/travis/build/icyphy/ptII/ptolemy/domains/de/lib/test/auto/TimerTestAssemblyLine.xml (RunModel)" time="0.048" />
  <testcase classname="ptolemy.util.test.junit.AutoTests" name="[36] /home/travis/build/icyphy/ptII/ptolemy/domains/de/lib/test/auto/VariableDelay1.xml (RunModel)" time="0.026" />
  <testcase classname="ptolemy.util.test.junit.AutoTests" name="[37] /home/travis/build/icyphy/ptII/ptolemy/domains/de/lib/test/auto/VariableDelay2.xml (RunModel)" time="0.012" />
  <testcase classname="ptolemy.util.test.junit.AutoTests" name="[38] /home/travis/build/icyphy/ptII/ptolemy/domains/de/lib/test/auto/VariableDelay3.xml (RunModel)" time="0.014" />
  <testcase classname="ptolemy.util.test.junit.AutoTests" name="[39] /home/travis/build/icyphy/ptII/ptolemy/domains/de/lib/test/auto/VariableDelay4.xml (RunModel)" time="0.015" />
  <testcase classname="ptolemy.util.test.junit.AutoTests" name="[40] /home/travis/build/icyphy/ptII/ptolemy/domains/de/lib/test/auto/VariableDelay5.xml (RunModel)" time="0.017" />
  <testcase classname="ptolemy.util.test.junit.AutoTests" name="[41] /home/travis/build/icyphy/ptII/ptolemy/domains/de/lib/test/auto/VariableDelay7.xml (RunModel)" time="0.019" />
  <testcase classname="ptolemy.util.test.junit.AutoTests" name="[42] /home/travis/build/icyphy/ptII/ptolemy/domains/de/lib/test/auto/VariableDelay8.xml (RunModel)" time="0.011" />
  <testcase classname="ptolemy.util.test.junit.AutoTests" name="[43] /home/travis/build/icyphy/ptII/ptolemy/domains/de/lib/test/auto/Wire.xml (RunModel)" time="0.015" />
  <system-out><![CDATA[/home/travis/build/icyphy/ptII/ptolemy/domains/de/lib/test/Iterations.tcl
testDefs.tcl: setting time out to 9000 seconds at Thu Apr 23 14:07:59 UTC 2020
/home/travis/build/icyphy/ptII/ptolemy/domains/de/lib/test/Sampler.tcl
34 ms. Memory: 129024K Free: 93636K (73%)
/home/travis/build/icyphy/ptII/ptolemy/domains/de/lib/test/Server.tcl
17 ms. Memory: 129024K Free: 90564K (70%)
8 ms. Memory: 129024K Free: 90054K (70%)
32 ms. Memory: 129024K Free: 88006K (68%)
8 ms. Memory: 129024K Free: 86454K (67%)
/home/travis/build/icyphy/ptII/ptolemy/domains/de/lib/test/SimpleDelay.tcl
11 ms. Memory: 129024K Free: 84934K (66%)
7 ms. Memory: 129024K Free: 84406K (65%)
15 ms. Memory: 129024K Free: 82886K (64%)
3 ms. Memory: 129024K Free: 81862K (63%)
7 ms. Memory: 129024K Free: 80838K (63%)
/home/travis/build/icyphy/ptII/ptolemy/domains/de/lib/test/TimedDelay.tcl
6 ms. Memory: 129024K Free: 79286K (61%)
3 ms. Memory: 129024K Free: 78790K (61%)
3 ms. Memory: 129024K Free: 77766K (60%)
3 ms. Memory: 129024K Free: 76214K (59%)
6 ms. Memory: 129024K Free: 75204K (58%)
/home/travis/build/icyphy/ptII/ptolemy/domains/de/lib/test/WaitingTime.tcl
04/23/20 02:08:00
Failed: 0  Total Tests: 22  ((Passed: 22, Newly Passed: 0)  Known Failed: 0) /home/travis/build/icyphy/ptII/ptolemy/domains/de/lib/test
No auto/knownFailedTests/*.xml tests in /home/travis/build/icyphy/ptII/ptolemy/domains/de/lib/test
No auto/linux-amd64/*.xml tests in /home/travis/build/icyphy/ptII/ptolemy/domains/de/lib/test
AutoTests.java: About to close Vertx.
AutoTests.java: Vertx closed.

===========================================================================================
----------------- testing Thu Apr 23 14:08:00 UTC 2020 /home/travis/build/icyphy/ptII/ptolemy/domains/de/lib/test/auto/AFDX.xml
----------------- Instantiating /home/travis/build/icyphy/ptII/ptolemy/domains/de/lib/test/auto/AFDX.xml
43 ms. Memory: 129024K Free: 99890K (77%)
----------------- Invoking toplevel() on ptolemy.moml.MoMLSimpleApplication@26102627
----------------- Done invoking toplevel() on ptolemy.moml.MoMLSimpleApplication@26102627
reloadAllAccessors: .AFDX

===========================================================================================
----------------- testing Thu Apr 23 14:08:01 UTC 2020 /home/travis/build/icyphy/ptII/ptolemy/domains/de/lib/test/auto/BusConfigureParamsContinuous.xml
----------------- Instantiating /home/travis/build/icyphy/ptII/ptolemy/domains/de/lib/test/auto/BusConfigureParamsContinuous.xml
108 ms. Memory: 129024K Free: 88626K (69%)
----------------- Invoking toplevel() on ptolemy.moml.MoMLSimpleApplication@1ae5a5e4
----------------- Done invoking toplevel() on ptolemy.moml.MoMLSimpleApplication@1ae5a5e4
reloadAllAccessors: .BusConfigureParamsContinuous

===========================================================================================
----------------- testing Thu Apr 23 14:08:01 UTC 2020 /home/travis/build/icyphy/ptII/ptolemy/domains/de/lib/test/auto/BusConfigureParamsDE.xml
----------------- Instantiating /home/travis/build/icyphy/ptII/ptolemy/domains/de/lib/test/auto/BusConfigureParamsDE.xml
12 ms. Memory: 129024K Free: 111602K (86%)
----------------- Invoking toplevel() on ptolemy.moml.MoMLSimpleApplication@22770e8b
----------------- Done invoking toplevel() on ptolemy.moml.MoMLSimpleApplication@22770e8b
reloadAllAccessors: .BusConfigureParamsDE

===========================================================================================
----------------- testing Thu Apr 23 14:08:01 UTC 2020 /home/travis/build/icyphy/ptII/ptolemy/domains/de/lib/test/auto/BusContinuousDifferentValues.xml
----------------- Instantiating /home/travis/build/icyphy/ptII/ptolemy/domains/de/lib/test/auto/BusContinuousDifferentValues.xml
29 ms. Memory: 129024K Free: 100013K (78%)
----------------- Invoking toplevel() on ptolemy.moml.MoMLSimpleApplication@8bb6dc2
----------------- Done invoking toplevel() on ptolemy.moml.MoMLSimpleApplication@8bb6dc2
reloadAllAccessors: .BusContinuousDifferentValues

===========================================================================================
----------------- testing Thu Apr 23 14:08:01 UTC 2020 /home/travis/build/icyphy/ptII/ptolemy/domains/de/lib/test/auto/BusContinuousZeroServiceTime.xml
----------------- Instantiating /home/travis/build/icyphy/ptII/ptolemy/domains/de/lib/test/auto/BusContinuousZeroServiceTime.xml
18 ms. Memory: 129024K Free: 89104K (69%)
----------------- Invoking toplevel() on ptolemy.moml.MoMLSimpleApplication@cb733b0
----------------- Done invoking toplevel() on ptolemy.moml.MoMLSimpleApplication@cb733b0
reloadAllAccessors: .BusContinuousZeroServiceTime

===========================================================================================
----------------- testing Thu Apr 23 14:08:01 UTC 2020 /home/travis/build/icyphy/ptII/ptolemy/domains/de/lib/test/auto/BusDEDifferentValues.xml
----------------- Instantiating /home/travis/build/icyphy/ptII/ptolemy/domains/de/lib/test/auto/BusDEDifferentValues.xml
18 ms. Memory: 129024K Free: 78826K (61%)
----------------- Invoking toplevel() on ptolemy.moml.MoMLSimpleApplication@79399531
----------------- Done invoking toplevel() on ptolemy.moml.MoMLSimpleApplication@79399531
reloadAllAccessors: .BusDEDifferentValues

===========================================================================================
----------------- testing Thu Apr 23 14:08:01 UTC 2020 /home/travis/build/icyphy/ptII/ptolemy/domains/de/lib/test/auto/BusDEZeroServiceTime.xml
----------------- Instantiating /home/travis/build/icyphy/ptII/ptolemy/domains/de/lib/test/auto/BusDEZeroServiceTime.xml
16 ms. Memory: 129024K Free: 67944K (53%)
----------------- Invoking toplevel() on ptolemy.moml.MoMLSimpleApplication@4e44de10
----------------- Done invoking toplevel() on ptolemy.moml.MoMLSimpleApplication@4e44de10
reloadAllAccessors: .BusDEZeroServiceTime

===========================================================================================
----------------- testing Thu Apr 23 14:08:01 UTC 2020 /home/travis/build/icyphy/ptII/ptolemy/domains/de/lib/test/auto/BusError.xml
----------------- Instantiating /home/travis/build/icyphy/ptII/ptolemy/domains/de/lib/test/auto/BusError.xml
10 ms. Memory: 129024K Free: 103226K (80%)
----------------- Invoking toplevel() on ptolemy.moml.MoMLSimpleApplication@8892e26
----------------- Done invoking toplevel() on ptolemy.moml.MoMLSimpleApplication@8892e26
reloadAllAccessors: .BusError

===========================================================================================
----------------- testing Thu Apr 23 14:08:01 UTC 2020 /home/travis/build/icyphy/ptII/ptolemy/domains/de/lib/test/auto/Clock.xml
----------------- Instantiating /home/travis/build/icyphy/ptII/ptolemy/domains/de/lib/test/auto/Clock.xml
4 ms. Memory: 129024K Free: 99856K (77%)
----------------- Invoking toplevel() on ptolemy.moml.MoMLSimpleApplication@f6ef9a8
----------------- Done invoking toplevel() on ptolemy.moml.MoMLSimpleApplication@f6ef9a8
reloadAllAccessors: .Clock

===========================================================================================
----------------- testing Thu Apr 23 14:08:01 UTC 2020 /home/travis/build/icyphy/ptII/ptolemy/domains/de/lib/test/auto/EventFilter.xml
----------------- Instantiating /home/travis/build/icyphy/ptII/ptolemy/domains/de/lib/test/auto/EventFilter.xml
10 ms. Memory: 129024K Free: 95377K (74%)
----------------- Invoking toplevel() on ptolemy.moml.MoMLSimpleApplication@7ff9cd88
----------------- Done invoking toplevel() on ptolemy.moml.MoMLSimpleApplication@7ff9cd88
reloadAllAccessors: .EventFilter

===========================================================================================
----------------- testing Thu Apr 23 14:08:01 UTC 2020 /home/travis/build/icyphy/ptII/ptolemy/domains/de/lib/test/auto/Inhibit.xml
----------------- Instantiating /home/travis/build/icyphy/ptII/ptolemy/domains/de/lib/test/auto/Inhibit.xml
5 ms. Memory: 129024K Free: 91595K (71%)
----------------- Invoking toplevel() on ptolemy.moml.MoMLSimpleApplication@70f28408
----------------- Done invoking toplevel() on ptolemy.moml.MoMLSimpleApplication@70f28408
reloadAllAccessors: .Inhibit

===========================================================================================
----------------- testing Thu Apr 23 14:08:01 UTC 2020 /home/travis/build/icyphy/ptII/ptolemy/domains/de/lib/test/auto/Iterations.xml
----------------- Instantiating /home/travis/build/icyphy/ptII/ptolemy/domains/de/lib/test/auto/Iterations.xml
4 ms. Memory: 129024K Free: 89233K (69%)
----------------- Invoking toplevel() on ptolemy.moml.MoMLSimpleApplication@6f6a9933
----------------- Done invoking toplevel() on ptolemy.moml.MoMLSimpleApplication@6f6a9933
reloadAllAccessors: .iterationsTest

===========================================================================================
----------------- testing Thu Apr 23 14:08:01 UTC 2020 /home/travis/build/icyphy/ptII/ptolemy/domains/de/lib/test/auto/NonInterruptibleTimerTestAssemblyLine.xml
----------------- Instantiating /home/travis/build/icyphy/ptII/ptolemy/domains/de/lib/test/auto/NonInterruptibleTimerTestAssemblyLine.xml
13 ms. Memory: 129024K Free: 81994K (64%)
----------------- Invoking toplevel() on ptolemy.moml.MoMLSimpleApplication@6028ed90
----------------- Done invoking toplevel() on ptolemy.moml.MoMLSimpleApplication@6028ed90
reloadAllAccessors: .NonpreemptiveTimerTestAssemblyLine

===========================================================================================
----------------- testing Thu Apr 23 14:08:01 UTC 2020 /home/travis/build/icyphy/ptII/ptolemy/domains/de/lib/test/auto/Previous.xml
----------------- Instantiating /home/travis/build/icyphy/ptII/ptolemy/domains/de/lib/test/auto/Previous.xml
4 ms. Memory: 129024K Free: 76586K (59%)
----------------- Invoking toplevel() on ptolemy.moml.MoMLSimpleApplication@7bf4669e
----------------- Done invoking toplevel() on ptolemy.moml.MoMLSimpleApplication@7bf4669e
reloadAllAccessors: .Previous

===========================================================================================
----------------- testing Thu Apr 23 14:08:02 UTC 2020 /home/travis/build/icyphy/ptII/ptolemy/domains/de/lib/test/auto/QuantityManager1Bus.xml
----------------- Instantiating /home/travis/build/icyphy/ptII/ptolemy/domains/de/lib/test/auto/QuantityManager1Bus.xml
24 ms. Memory: 129024K Free: 65322K (51%)
----------------- Invoking toplevel() on ptolemy.moml.MoMLSimpleApplication@532b7e12
----------------- Done invoking toplevel() on ptolemy.moml.MoMLSimpleApplication@532b7e12
reloadAllAccessors: .QuantityManager1Bus

===========================================================================================
----------------- testing Thu Apr 23 14:08:02 UTC 2020 /home/travis/build/icyphy/ptII/ptolemy/domains/de/lib/test/auto/QuantityManager1BusServiceTimeBiggerThanTokenSendPeriod.xml
----------------- Instantiating /home/travis/build/icyphy/ptII/ptolemy/domains/de/lib/test/auto/QuantityManager1BusServiceTimeBiggerThanTokenSendPeriod.xml
12 ms. Memory: 129024K Free: 54082K (42%)
----------------- Invoking toplevel() on ptolemy.moml.MoMLSimpleApplication@633d9f89
----------------- Done invoking toplevel() on ptolemy.moml.MoMLSimpleApplication@633d9f89
reloadAllAccessors: .QuantityManager1BusServiceTimeBiggerThanTokenSendPeriod

===========================================================================================
----------------- testing Thu Apr 23 14:08:02 UTC 2020 /home/travis/build/icyphy/ptII/ptolemy/domains/de/lib/test/auto/QuantityManager2Busses.xml
----------------- Instantiating /home/travis/build/icyphy/ptII/ptolemy/domains/de/lib/test/auto/QuantityManager2Busses.xml
18 ms. Memory: 155648K Free: 128275K (82%)
----------------- Invoking toplevel() on ptolemy.moml.MoMLSimpleApplication@698522cd
----------------- Done invoking toplevel() on ptolemy.moml.MoMLSimpleApplication@698522cd
reloadAllAccessors: .QuantityManager2Busses

===========================================================================================
----------------- testing Thu Apr 23 14:08:02 UTC 2020 /home/travis/build/icyphy/ptII/ptolemy/domains/de/lib/test/auto/QuantityManager2BussesOrderReversed.xml
----------------- Instantiating /home/travis/build/icyphy/ptII/ptolemy/domains/de/lib/test/auto/QuantityManager2BussesOrderReversed.xml
16 ms. Memory: 155648K Free: 113939K (73%)
----------------- Invoking toplevel() on ptolemy.moml.MoMLSimpleApplication@65357f57
----------------- Done invoking toplevel() on ptolemy.moml.MoMLSimpleApplication@65357f57
reloadAllAccessors: .QuantityManager2BussesOrderReversed

===========================================================================================
----------------- testing Thu Apr 23 14:08:02 UTC 2020 /home/travis/build/icyphy/ptII/ptolemy/domains/de/lib/test/auto/QuantityManager3Busses.xml
----------------- Instantiating /home/travis/build/icyphy/ptII/ptolemy/domains/de/lib/test/auto/QuantityManager3Busses.xml
14 ms. Memory: 155648K Free: 97555K (63%)
----------------- Invoking toplevel() on ptolemy.moml.MoMLSimpleApplication@38ffe8f
----------------- Done invoking toplevel() on ptolemy.moml.MoMLSimpleApplication@38ffe8f
reloadAllAccessors: .QuantityManager3Busses

===========================================================================================
----------------- testing Thu Apr 23 14:08:02 UTC 2020 /home/travis/build/icyphy/ptII/ptolemy/domains/de/lib/test/auto/QuantizedSampler.xml
----------------- Instantiating /home/travis/build/icyphy/ptII/ptolemy/domains/de/lib/test/auto/QuantizedSampler.xml
5 ms. Memory: 155648K Free: 92460K (59%)
----------------- Invoking toplevel() on ptolemy.moml.MoMLSimpleApplication@8e60b7b
----------------- Done invoking toplevel() on ptolemy.moml.MoMLSimpleApplication@8e60b7b
reloadAllAccessors: .QuantizedSampler

===========================================================================================
----------------- testing Thu Apr 23 14:08:02 UTC 2020 /home/travis/build/icyphy/ptII/ptolemy/domains/de/lib/test/auto/Queue.xml
----------------- Instantiating /home/travis/build/icyphy/ptII/ptolemy/domains/de/lib/test/auto/Queue.xml
4 ms. Memory: 155648K Free: 88339K (57%)
----------------- Invoking toplevel() on ptolemy.moml.MoMLSimpleApplication@47200287
----------------- Done invoking toplevel() on ptolemy.moml.MoMLSimpleApplication@47200287
reloadAllAccessors: .Queue

===========================================================================================
----------------- testing Thu Apr 23 14:08:02 UTC 2020 /home/travis/build/icyphy/ptII/ptolemy/domains/de/lib/test/auto/Queue2.xml
----------------- Instantiating /home/travis/build/icyphy/ptII/ptolemy/domains/de/lib/test/auto/Queue2.xml
1 ms. Memory: 155648K Free: 84739K (54%)
----------------- Invoking toplevel() on ptolemy.moml.MoMLSimpleApplication@3997a6c4
----------------- Done invoking toplevel() on ptolemy.moml.MoMLSimpleApplication@3997a6c4
reloadAllAccessors: .Queue2

===========================================================================================
----------------- testing Thu Apr 23 14:08:02 UTC 2020 /home/travis/build/icyphy/ptII/ptolemy/domains/de/lib/test/auto/Sampler.xml
----------------- Instantiating /home/travis/build/icyphy/ptII/ptolemy/domains/de/lib/test/auto/Sampler.xml
6 ms. Memory: 155648K Free: 78595K (50%)
----------------- Invoking toplevel() on ptolemy.moml.MoMLSimpleApplication@60077bb2
----------------- Done invoking toplevel() on ptolemy.moml.MoMLSimpleApplication@60077bb2
reloadAllAccessors: .Sampler

===========================================================================================
----------------- testing Thu Apr 23 14:08:02 UTC 2020 /home/travis/build/icyphy/ptII/ptolemy/domains/de/lib/test/auto/Sampler2.xml
----------------- Instantiating /home/travis/build/icyphy/ptII/ptolemy/domains/de/lib/test/auto/Sampler2.xml
6 ms. Memory: 155648K Free: 74483K (48%)
----------------- Invoking toplevel() on ptolemy.moml.MoMLSimpleApplication@7b3bb47a
----------------- Done invoking toplevel() on ptolemy.moml.MoMLSimpleApplication@7b3bb47a
reloadAllAccessors: .Sampler2

===========================================================================================
----------------- testing Thu Apr 23 14:08:02 UTC 2020 /home/travis/build/icyphy/ptII/ptolemy/domains/de/lib/test/auto/Sampler3.xml
----------------- Instantiating /home/travis/build/icyphy/ptII/ptolemy/domains/de/lib/test/auto/Sampler3.xml
5 ms. Memory: 155648K Free: 69907K (45%)
----------------- Invoking toplevel() on ptolemy.moml.MoMLSimpleApplication@3505238e
----------------- Done invoking toplevel() on ptolemy.moml.MoMLSimpleApplication@3505238e
reloadAllAccessors: .Sampler3

===========================================================================================
----------------- testing Thu Apr 23 14:08:02 UTC 2020 /home/travis/build/icyphy/ptII/ptolemy/domains/de/lib/test/auto/SamplerUnit.xml
----------------- Instantiating /home/travis/build/icyphy/ptII/ptolemy/domains/de/lib/test/auto/SamplerUnit.xml
2 ms. Memory: 155648K Free: 65817K (42%)
----------------- Invoking toplevel() on ptolemy.moml.MoMLSimpleApplication@183456af
----------------- Done invoking toplevel() on ptolemy.moml.MoMLSimpleApplication@183456af
reloadAllAccessors: .SamplerUnit

===========================================================================================
----------------- testing Thu Apr 23 14:08:02 UTC 2020 /home/travis/build/icyphy/ptII/ptolemy/domains/de/lib/test/auto/ServerWithNonZeroDelay.xml
----------------- Instantiating /home/travis/build/icyphy/ptII/ptolemy/domains/de/lib/test/auto/ServerWithNonZeroDelay.xml
4 ms. Memory: 155648K Free: 136699K (88%)
----------------- Invoking toplevel() on ptolemy.moml.MoMLSimpleApplication@484fff3b
----------------- Done invoking toplevel() on ptolemy.moml.MoMLSimpleApplication@484fff3b
reloadAllAccessors: .ServerWithNonZeroDelay

===========================================================================================
----------------- testing Thu Apr 23 14:08:02 UTC 2020 /home/travis/build/icyphy/ptII/ptolemy/domains/de/lib/test/auto/ServerWithPreemption1.xml
----------------- Instantiating /home/travis/build/icyphy/ptII/ptolemy/domains/de/lib/test/auto/ServerWithPreemption1.xml
3 ms. Memory: 155648K Free: 132603K (85%)
----------------- Invoking toplevel() on ptolemy.moml.MoMLSimpleApplication@1f328061
----------------- Done invoking toplevel() on ptolemy.moml.MoMLSimpleApplication@1f328061
reloadAllAccessors: .ServerWithPreemption1

===========================================================================================
----------------- testing Thu Apr 23 14:08:02 UTC 2020 /home/travis/build/icyphy/ptII/ptolemy/domains/de/lib/test/auto/ServerWithVariableDelay.xml
----------------- Instantiating /home/travis/build/icyphy/ptII/ptolemy/domains/de/lib/test/auto/ServerWithVariableDelay.xml
4 ms. Memory: 155648K Free: 127979K (82%)
----------------- Invoking toplevel() on ptolemy.moml.MoMLSimpleApplication@1dc11f83
----------------- Done invoking toplevel() on ptolemy.moml.MoMLSimpleApplication@1dc11f83
reloadAllAccessors: .ServerWithVariableDelay

===========================================================================================
----------------- testing Thu Apr 23 14:08:02 UTC 2020 /home/travis/build/icyphy/ptII/ptolemy/domains/de/lib/test/auto/ServerWithVariableDelay1.xml
----------------- Instantiating /home/travis/build/icyphy/ptII/ptolemy/domains/de/lib/test/auto/ServerWithVariableDelay1.xml
4 ms. Memory: 155648K Free: 123387K (79%)
----------------- Invoking toplevel() on ptolemy.moml.MoMLSimpleApplication@38a0575
----------------- Done invoking toplevel() on ptolemy.moml.MoMLSimpleApplication@38a0575
reloadAllAccessors: .ServerWithVariableDelay1

===========================================================================================
----------------- testing Thu Apr 23 14:08:02 UTC 2020 /home/travis/build/icyphy/ptII/ptolemy/domains/de/lib/test/auto/ServerWithVariableDelay2.xml
----------------- Instantiating /home/travis/build/icyphy/ptII/ptolemy/domains/de/lib/test/auto/ServerWithVariableDelay2.xml
3 ms. Memory: 155648K Free: 118763K (76%)
----------------- Invoking toplevel() on ptolemy.moml.MoMLSimpleApplication@f31e1aa
----------------- Done invoking toplevel() on ptolemy.moml.MoMLSimpleApplication@f31e1aa
reloadAllAccessors: .ServerWithVariableDelay2

===========================================================================================
----------------- testing Thu Apr 23 14:08:02 UTC 2020 /home/travis/build/icyphy/ptII/ptolemy/domains/de/lib/test/auto/ServerWithVariableDelay3.xml
----------------- Instantiating /home/travis/build/icyphy/ptII/ptolemy/domains/de/lib/test/auto/ServerWithVariableDelay3.xml
3 ms. Memory: 155648K Free: 114171K (73%)
----------------- Invoking toplevel() on ptolemy.moml.MoMLSimpleApplication@3133cdfa
----------------- Done invoking toplevel() on ptolemy.moml.MoMLSimpleApplication@3133cdfa
reloadAllAccessors: .ServerWithVariableDelay3

===========================================================================================
----------------- testing Thu Apr 23 14:08:02 UTC 2020 /home/travis/build/icyphy/ptII/ptolemy/domains/de/lib/test/auto/ServerWithVariableDelay4.xml
----------------- Instantiating /home/travis/build/icyphy/ptII/ptolemy/domains/de/lib/test/auto/ServerWithVariableDelay4.xml
3 ms. Memory: 155648K Free: 109555K (70%)
----------------- Invoking toplevel() on ptolemy.moml.MoMLSimpleApplication@24ac85ef
----------------- Done invoking toplevel() on ptolemy.moml.MoMLSimpleApplication@24ac85ef
reloadAllAccessors: .ServerWithVariableDelay4

===========================================================================================
----------------- testing Thu Apr 23 14:08:02 UTC 2020 /home/travis/build/icyphy/ptII/ptolemy/domains/de/lib/test/auto/ServerWithZeroDelay.xml
----------------- Instantiating /home/travis/build/icyphy/ptII/ptolemy/domains/de/lib/test/auto/ServerWithZeroDelay.xml
2 ms. Memory: 155648K Free: 105979K (68%)
----------------- Invoking toplevel() on ptolemy.moml.MoMLSimpleApplication@2984efdb
----------------- Done invoking toplevel() on ptolemy.moml.MoMLSimpleApplication@2984efdb
reloadAllAccessors: .ServerWithZeroDelay

===========================================================================================
----------------- testing Thu Apr 23 14:08:02 UTC 2020 /home/travis/build/icyphy/ptII/ptolemy/domains/de/lib/test/auto/SingleEvent.xml
----------------- Instantiating /home/travis/build/icyphy/ptII/ptolemy/domains/de/lib/test/auto/SingleEvent.xml
1 ms. Memory: 155648K Free: 103417K (66%)
----------------- Invoking toplevel() on ptolemy.moml.MoMLSimpleApplication@6c36a0aa
----------------- Done invoking toplevel() on ptolemy.moml.MoMLSimpleApplication@6c36a0aa
reloadAllAccessors: .SingleEvent

===========================================================================================
----------------- testing Thu Apr 23 14:08:02 UTC 2020 /home/travis/build/icyphy/ptII/ptolemy/domains/de/lib/test/auto/TimerTestAssemblyLine.xml
----------------- Instantiating /home/travis/build/icyphy/ptII/ptolemy/domains/de/lib/test/auto/TimerTestAssemblyLine.xml
3 ms. Memory: 155648K Free: 95739K (62%)
----------------- Invoking toplevel() on ptolemy.moml.MoMLSimpleApplication@736d68bc
----------------- Done invoking toplevel() on ptolemy.moml.MoMLSimpleApplication@736d68bc
reloadAllAccessors: .TimerTest_AssemblyLine

===========================================================================================
----------------- testing Thu Apr 23 14:08:02 UTC 2020 /home/travis/build/icyphy/ptII/ptolemy/domains/de/lib/test/auto/VariableDelay1.xml
----------------- Instantiating /home/travis/build/icyphy/ptII/ptolemy/domains/de/lib/test/auto/VariableDelay1.xml
5 ms. Memory: 155648K Free: 91643K (59%)
----------------- Invoking toplevel() on ptolemy.moml.MoMLSimpleApplication@13c6d688
----------------- Done invoking toplevel() on ptolemy.moml.MoMLSimpleApplication@13c6d688
reloadAllAccessors: .VariableDelay1

===========================================================================================
----------------- testing Thu Apr 23 14:08:02 UTC 2020 /home/travis/build/icyphy/ptII/ptolemy/domains/de/lib/test/auto/VariableDelay2.xml
----------------- Instantiating /home/travis/build/icyphy/ptII/ptolemy/domains/de/lib/test/auto/VariableDelay2.xml
1 ms. Memory: 155648K Free: 90105K (58%)
----------------- Invoking toplevel() on ptolemy.moml.MoMLSimpleApplication@20bd78a8
----------------- Done invoking toplevel() on ptolemy.moml.MoMLSimpleApplication@20bd78a8
reloadAllAccessors: .

===========================================================================================
----------------- testing Thu Apr 23 14:08:02 UTC 2020 /home/travis/build/icyphy/ptII/ptolemy/domains/de/lib/test/auto/VariableDelay3.xml
----------------- Instantiating /home/travis/build/icyphy/ptII/ptolemy/domains/de/lib/test/auto/VariableDelay3.xml
2 ms. Memory: 155648K Free: 86003K (55%)
----------------- Invoking toplevel() on ptolemy.moml.MoMLSimpleApplication@7e8be30
----------------- Done invoking toplevel() on ptolemy.moml.MoMLSimpleApplication@7e8be30
reloadAllAccessors: .VariableDelay3

===========================================================================================
----------------- testing Thu Apr 23 14:08:02 UTC 2020 /home/travis/build/icyphy/ptII/ptolemy/domains/de/lib/test/auto/VariableDelay4.xml
----------------- Instantiating /home/travis/build/icyphy/ptII/ptolemy/domains/de/lib/test/auto/VariableDelay4.xml
5 ms. Memory: 155648K Free: 82427K (53%)
----------------- Invoking toplevel() on ptolemy.moml.MoMLSimpleApplication@1293c3a1
----------------- Done invoking toplevel() on ptolemy.moml.MoMLSimpleApplication@1293c3a1
reloadAllAccessors: .VariableDelay4

===========================================================================================
----------------- testing Thu Apr 23 14:08:02 UTC 2020 /home/travis/build/icyphy/ptII/ptolemy/domains/de/lib/test/auto/VariableDelay5.xml
----------------- Instantiating /home/travis/build/icyphy/ptII/ptolemy/domains/de/lib/test/auto/VariableDelay5.xml
3 ms. Memory: 155648K Free: 78331K (50%)
----------------- Invoking toplevel() on ptolemy.moml.MoMLSimpleApplication@10ea8306
----------------- Done invoking toplevel() on ptolemy.moml.MoMLSimpleApplication@10ea8306
reloadAllAccessors: .VariableDelay5

===========================================================================================
----------------- testing Thu Apr 23 14:08:02 UTC 2020 /home/travis/build/icyphy/ptII/ptolemy/domains/de/lib/test/auto/VariableDelay7.xml
----------------- Instantiating /home/travis/build/icyphy/ptII/ptolemy/domains/de/lib/test/auto/VariableDelay7.xml
2 ms. Memory: 155648K Free: 74235K (48%)
----------------- Invoking toplevel() on ptolemy.moml.MoMLSimpleApplication@1a0a2342
----------------- Done invoking toplevel() on ptolemy.moml.MoMLSimpleApplication@1a0a2342
reloadAllAccessors: .VariableDelay7

===========================================================================================
----------------- testing Thu Apr 23 14:08:02 UTC 2020 /home/travis/build/icyphy/ptII/ptolemy/domains/de/lib/test/auto/VariableDelay8.xml
----------------- Instantiating /home/travis/build/icyphy/ptII/ptolemy/domains/de/lib/test/auto/VariableDelay8.xml
2 ms. Memory: 155648K Free: 70635K (45%)
----------------- Invoking toplevel() on ptolemy.moml.MoMLSimpleApplication@7ae0a9c
----------------- Done invoking toplevel() on ptolemy.moml.MoMLSimpleApplication@7ae0a9c
reloadAllAccessors: .VariableDelay8

===========================================================================================
----------------- testing Thu Apr 23 14:08:02 UTC 2020 /home/travis/build/icyphy/ptII/ptolemy/domains/de/lib/test/auto/Wire.xml
----------------- Instantiating /home/travis/build/icyphy/ptII/ptolemy/domains/de/lib/test/auto/Wire.xml
2 ms. Memory: 155648K Free: 65019K (42%)
----------------- Invoking toplevel() on ptolemy.moml.MoMLSimpleApplication@35130438
----------------- Done invoking toplevel() on ptolemy.moml.MoMLSimpleApplication@35130438
reloadAllAccessors: .Wire
AutoTests.java: About to close Vertx.
AutoTests.java: Vertx closed.
]]></system-out>
  <system-err><![CDATA[]]></system-err>
</testsuite>
