<?xml version="1.0" encoding="UTF-8" ?>
<testsuite errors="0" failures="0" hostname="travis-job-4f8985c3-68d7-44c2-a031-03bf53bc16e9" name="ptolemy.domains.de.test.junit.JUnitTclTest" skipped="0" tests="101" time="127.507" timestamp="2019-04-10T16:32:32">
  <properties>
    <property name="npm.executable" value="npm" />
    <property name="file.encoding.pkg" value="sun.io" />
    <property name="env.TRAVIS_ROOT" value="/" />
    <property name="ptII.mk.exists" value="true" />
    <property name="env.TRAVIS_APP_HOST" value="build.travis-ci.org" />
    <property name="env.rvm_bin_path" value="/home/travis/.rvm/bin" />
    <property name="java.home" value="/usr/lib/jvm/java-8-oracle/jre" />
    <property name="env.TRAVIS_JOB_NUMBER" value="1082.9" />
    <property name="env.TRAVIS_HOME" value="/home/travis" />
    <property name="env.DISPLAY" value=":99.0" />
    <property name="java.net.preferIPv4Stack" value="true" />
    <property name="env.TRAVIS_INIT" value="upstart" />
    <property name="env.SSH_TTY" value="/dev/pts/0" />
    <property name="env.RUN_TESTS" value="true" />
    <property name="timeout.short" value="1000000" />
    <property name="env.TRAVIS_JOB_NAME" value="" />
    <property name="env.TRAVIS_STACK_NODE_ATTRIBUTES" value="/.node-attributes.yml" />
    <property name="junit.formatter" value="xml" />
    <property name="java.endorsed.dirs" value="/usr/lib/jvm/java-8-oracle/jre/lib/endorsed" />
    <property name="env.TRAVIS_SUDO" value="true" />
    <property name="env.LOGNAME" value="travis" />
    <property name="jsdoc.home" value="node_modules/@terraswarm/jsdoc" />
    <property name="debuglevel" value="source,lines,vars" />
    <property name="checkstyle.formatter" value="xml" />
    <property name="bin.vergil.makeable" value="true" />
    <property name="env._system_version" value="14.04" />
    <property name="sun.os.patch.level" value="unknown" />
    <property name="java.vendor.url" value="http://java.oracle.com/" />
    <property name="env.TRAVIS_BUILD_WEB_URL" value="https://travis-ci.org/icyphy/ptII/builds/518369405" />
    <property name="java.version" value="1.8.0_151" />
    <property name="env.TZ" value="UTC" />
    <property name="env.PT_NO_NET" value="true" />
    <property name="env.TRAVIS_PULL_REQUEST_SHA" value="" />
    <property name="env.TRAVIS_SECURE_ENV_VARS" value="true" />
    <property name="env._system_type" value="Linux" />
    <property name="java.vendor.url.bug" value="http://bugreport.sun.com/bugreport/" />
    <property name="env.SSH_CLIENT" value="10.10.19.230 41976 22" />
    <property name="npmjs-org-is-up" value="true" />
    <property name="env.GEM_HOME" value="/home/travis/.rvm/gems/ruby-2.4.1" />
    <property name="env.HAS_ANTARES_THREE_LITTLE_FRONZIES_BADGE" value="true" />
    <property name="env.PS4" value="+" />
    <property name="ant.project.invoked-targets" value="build,test.core2.xml" />
    <property name="env.TRAVIS_PULL_REQUEST_BRANCH" value="" />
    <property name="env.TRAVIS_REPO_SLUG" value="icyphy/ptII" />
    <property name="env.TRAVIS_APT_PROXY" value="http://build-cache.travisci.net" />
    <property name="node.in.path" value="true" />
    <property name="java.maxmemory" value="1400m" />
    <property name="env.RUBY_VERSION" value="ruby-2.4.1" />
    <property name="user.name" value="travis" />
    <property name="env.LANG" value="en_US.UTF-8" />
    <property name="sun.io.unicode.encoding" value="UnicodeLittle" />
    <property name="sun.jnu.encoding" value="UTF-8" />
    <property name="java.runtime.name" value="Java(TM) SE Runtime Environment" />
    <property name="usefile" value="false" />
    <property name="return.code" value="0" />
    <property name="junit.single.formatter" value="plain" />
    <property name="env.DYLD_LIBRARY_PATH" value="/home/travis/pthla/certi-tools/lib:" />
    <property name="env.DEBIAN_FRONTEND" value="noninteractive" />
    <property name="env.SSH_CONNECTION" value="10.10.19.230 41976 10.20.2.86 22" />
    <property name="env.MYSQL_UNIX_PORT" value="/var/run/mysqld/mysqld.sock" />
    <property name="env.TRAVIS_ALLOW_FAILURE" value="false" />
    <property name="env.LC_ALL" value="en_US.UTF-8" />
    <property name="env.TRAVIS_JOB_WEB_URL" value="https://travis-ci.org/icyphy/ptII/jobs/518369414" />
    <property name="java.specification.name" value="Java Platform API Specification" />
    <property name="node.works" value="true" />
    <property name="user.timezone" value="" />
    <property name="path.separator" value=":" />
    <property name="env.TRAVIS_ENABLE_INFRA_DETECTION" value="true" />
    <property name="env.PYTHON_CFLAGS" value="-g -fstack-protector --param=ssp-buffer-size=4 -Wformat -Werror=format-security" />
    <property name="timeout.long" value="4000000" />
    <property name="env.CERTI_HOME" value="/home/travis/pthla/certi-tools" />
    <property name="file.encoding" value="UTF-8" />
    <property name="ant.file.ptII" value="/home/travis/build/icyphy/ptII/build.xml" />
    <property name="javadoc.packagenames" value="com.*,diva.*,lbnl.*,org.hlacerti.*,org.json.*,org.ptolemy.*,org.terraswarm.*,ptolemy.*,ptserver.*" />
    <property name="env.TRAVIS_PULL_REQUEST_SLUG" value="" />
    <property name="ant.project.default-target" value="build" />
    <property name="env.GIT_ASKPASS" value="echo" />
    <property name="env.HOME" value="/home/travis" />
    <property name="sun.java.command" value="org.apache.tools.ant.taskdefs.optional.junit.JUnitTestRunner ptolemy.domains.de.test.junit.JUnitTclTest skipNonTests=false filtertrace=true haltOnError=false haltOnFailure=false formatter=org.apache.tools.ant.taskdefs.optional.junit.OutErrSummaryJUnitResultFormatter showoutput=true outputtoformatters=true logfailedtests=true threadid=0 logtestlistenerevents=false formatter=org.apache.tools.ant.taskdefs.optional.junit.XMLJUnitResultFormatter,/home/travis/build/icyphy/ptII/reports/junit/TEST-ptolemy.domains.de.test.junit.JUnitTclTest.xml crashfile=/home/travis/build/icyphy/ptII/junitvmwatcher7689802592084960745.properties propsfile=/home/travis/build/icyphy/ptII/junit3259586554167938697.properties" />
    <property name="env.MANPATH" value="/home/travis/.nvm/versions/node/v7.10.1/share/man:/home/travis/.kiex/elixirs/elixir-1.4.5/man:/home/travis/.rvm/rubies/ruby-2.4.1/share/man:/usr/local/man:/usr/local/cmake-3.9.2/man:/usr/local/clang-5.0.0/share/man:/usr/local/share/man:/usr/share/man:/home/travis/.rvm/man" />
    <property name="env.COMPOSER_NO_INTERACTION" value="1" />
    <property name="env.JDK_SWITCHER_DEFAULT" value="oraclejdk8" />
    <property name="env.TRAVIS_TIMER_ID" value="164d6a08" />
    <property name="ant.file" value="/home/travis/build/icyphy/ptII/build.xml" />
    <property name="env.TRAVIS_COMMIT_RANGE" value="06b5c823d375...abe2f861668e" />
    <property name="env._system_name" value="Ubuntu" />
    <property name="timeout" value="2400000" />
    <property name="ptII.classpath.optional.property" value="/home/travis/build/icyphy/ptII/lib/bsh-2.0b4.jar:/home/travis/build/icyphy/ptII/lib/ptCal.jar:/home/travis/build/icyphy/ptII/lib/java_cup.jar:/home/travis/build/icyphy/ptII/lib/saxon8.jar:/home/travis/build/icyphy/ptII/lib/saxon8-dom.jar:/home/travis/build/icyphy/ptII/lib/chic.jar:/home/travis/build/icyphy/ptII/lib/ptcolt.jar:/usr/lib/jvm/java-8-oracle/lib/tools.jar:/home/travis/build/icyphy/ptII/vendors/misc/itext/iText.jar:/home/travis/build/icyphy/ptII/lib/g4ltl.jar:/home/travis/build/icyphy/ptII/lib/StructuralCoder.jar:/home/travis/build/icyphy/ptII/vendors/jai-1_1_2_01/lib/jai_core.jar:/home/travis/build/icyphy/ptII/vendors/jai-1_1_2_01/lib/jai_codec.jar:/home/travis/build/icyphy/ptII/lib/jcerti.jar:/home/travis/build/icyphy/ptII/lib/javax.mail.jar:/home/travis/build/icyphy/ptII/vendors/JMF-2.1.1e/lib/jmf.jar:/home/travis/build/icyphy/ptII/lib/jna-4.0.0-variadic.jar:/home/travis/build/icyphy/ptII/vendors/misc/joystick/Joystick.jar:/home/travis/build/icyphy/ptII/lib/ptjacl.jar:/home/travis/build/icyphy/ptII/lib/jsoup-1.8.2.jar:/home/travis/build/icyphy/ptII/lib/junit-4.8.2.jar:/home/travis/build/icyphy/ptII/lib/JUnitParams-0.4.0.jar:/home/travis/build/icyphy/ptII/ptolemy/actor/lib/excel/jxl.jar:/home/travis/build/icyphy/ptII/lib/jython.jar:/home/travis/build/icyphy/ptII/lib/kieler.jar:/home/travis/build/icyphy/ptII/vendors/opencv/share/OpenCV/java/opencv-341.jar:/home/travis/build/icyphy/ptII/lib/oscP5.jar:/home/travis/build/icyphy/ptII/lib/nrjavaserial-3.11.0.devel.jar:/home/travis/build/icyphy/ptII/vendors/j3d/lib/j3dcore.jar:/home/travis/build/icyphy/ptII/vendors/j3d/lib/j3dutils.jar:/home/travis/build/icyphy/ptII/vendors/j3d/lib/vecmath.jar:/home/travis/build/icyphy/ptII/ptolemy/distributed/jini/jar/jini-core.jar:/home/travis/build/icyphy/ptII/ptolemy/distributed/jini/jar/jini-ext.jar:/home/travis/build/icyphy/ptII/ptolemy/distributed/jini/jar/sun-util.jar:/home/travis/build/icyphy/ptII/lib/protobuf-java-2.4.1.jar:/home/travis/build/icyphy/ptII/lib/org.eclipse.paho.client.mqttv3.jar:/home/travis/build/icyphy/ptII/lib/mapss.jar:/home/travis/build/icyphy/ptII/ptolemy/actor/ptalon/antlr/antlr.jar:/home/travis/build/icyphy/ptII/lib/JRI.jar:/home/travis/build/icyphy/ptII/lib/commons-lang-2.6.jar:/home/travis/build/icyphy/ptII/lib/commons-logging-1.1.1.jar:/home/travis/build/icyphy/ptII/lib/sootclasses.jar:/home/travis/build/icyphy/ptII/ptolemy/actor/lib/database/mysql-connector-java-5.1.6-bin.jar:/home/travis/build/icyphy/ptII/vendors/misc/sphinx4/sphinx4-data-5prealpha.jar:/home/travis/build/icyphy/ptII/vendors/misc/sphinx4/sphinx4-core-5prealpha.jar:/home/travis/build/icyphy/ptII/lib/PDFRenderer.jar:/home/travis/build/icyphy/ptII/lib/svgSalamander.jar:/home/travis/build/icyphy/ptII/lib/rsyntaxtextarea-2.6.0-SNAPSHOT.jar:/home/travis/build/icyphy/ptII/lib/hazelcast-3.8.2.jar:/home/travis/build/icyphy/ptII/lib/jackson-annotations-2.9.0.jar:/home/travis/build/icyphy/ptII/lib/jackson-core-2.9.3.jar:/home/travis/build/icyphy/ptII/lib/jackson-databind-2.9.3.jar:/home/travis/build/icyphy/ptII/lib/netty-buffer-4.1.19.Final.jar:/home/travis/build/icyphy/ptII/lib/netty-codec-4.1.19.Final.jar:/home/travis/build/icyphy/ptII/lib/netty-codec-dns-4.1.19.Final.jar:/home/travis/build/icyphy/ptII/lib/netty-codec-http-4.1.19.Final.jar:/home/travis/build/icyphy/ptII/lib/netty-codec-http2-4.1.19.Final.jar:/home/travis/build/icyphy/ptII/lib/netty-common-4.1.19.Final.jar:/home/travis/build/icyphy/ptII/lib/netty-handler-4.1.19.Final.jar:/home/travis/build/icyphy/ptII/lib/netty-resolver-4.1.19.Final.jar:/home/travis/build/icyphy/ptII/lib/netty-resolver-dns-4.1.19.Final.jar:/home/travis/build/icyphy/ptII/lib/netty-transport-4.1.19.Final.jar:/home/travis/build/icyphy/ptII/lib/vertx-codegen-3.5.1.jar:/home/travis/build/icyphy/ptII/lib/vertx-core-3.5.2-SNAPSHOT.jar:/home/travis/build/icyphy/ptII/lib/vertx-hazelcast-3.5.1.jar:/home/travis/build/icyphy/ptII/lib/vertx-lang-js-3.5.1.jar:/home/travis/build/icyphy/ptII/lib/vertx-service-proxy-3.5.1.jar:/home/travis/build/icyphy/ptII/lib/vertx-web-3.5.1.jar:/home/travis/build/icyphy/ptII/lib/slf4j-api-1.7.13.jar:/home/travis/build/icyphy/ptII/lib/slf4j-simple-1.7.13.jar:/home/travis/build/icyphy/ptII/lib/webcam-capture-0.3.12.jar:/home/travis/build/icyphy/ptII/lib/bridj-0.7.0.jar:/home/travis/build/icyphy/ptII/lib/xbjlib-1.1.0.nrjavaserial.jar" />
    <property name="test.batch" value="**/junit/*.java" />
    <property name="env._" value="/usr/bin/timeout" />
    <property name="java.io.tmpdir" value="/tmp" />
    <property name="env.TRAVIS_INTERNAL_RUBY_REGEX" value="^ruby-(2\.[0-4]\.[0-9]|1\.9\.3)" />
    <property name="user.language" value="en" />
    <property name="env.HISTCONTROL" value="ignoredups:ignorespace" />
    <property name="env.GOROOT" value="/home/travis/.gimme/versions/go1.7.4.linux.amd64" />
    <property name="line.separator" value="&#xa;" />
    <property name="target" value="1.8" />
    <property name="env.TRAVIS_BUILD_DIR" value="/home/travis/build/icyphy/ptII" />
    <property name="env.ANT_OPTS" value="-Xmx2048m" />
    <property name="ant.file.type" value="file" />
    <property name="ptolemy.ptII.batchMode" value="true" />
    <property name="env.HISTSIZE" value="1000" />
    <property name="env.MERB_ENV" value="test" />
    <property name="java.vm.info" value="mixed mode" />
    <property name="source" value="1.8" />
    <property name="java.vm.specification.name" value="Java Virtual Machine Specification" />
    <property name="env.TRAVIS_TEST_RESULT" value="0" />
    <property name="jsdoc.command" value="node_modules/@terraswarm/jsdoc/jsdoc.js" />
    <property name="npm.works" value="true" />
    <property name="cobertura.dir" value="/home/travis/build/icyphy/ptII/vendors/cobertura-2.0.3" />
    <property name="env.rvm_path" value="/home/travis/.rvm" />
    <property name="env.GEM_PATH" value="/home/travis/.rvm/gems/ruby-2.4.1:/home/travis/.rvm/gems/ruby-2.4.1@global" />
    <property name="env.LC_CTYPE" value="en_US.UTF-8" />
    <property name="java.awt.printerjob" value="sun.print.PSPrinterJob" />
    <property name="env.TRAVIS_CMD" value="$PTII/bin/ptIITravisBuild.sh $SECONDS" />
    <property name="env.TRAVIS_STACK_NAME" value="garnet" />
    <property name="env.TRAVIS_TIMER_START_TIME" value="1554913419362605979" />
    <property name="ant.version" value="Apache Ant(TM) version 1.10.1 compiled on February 2 2017" />
    <property name="ptII.reports" value="/home/travis/build/icyphy/ptII/reports" />
    <property name="env.TRAVIS_STACK_TIMESTAMP" value="2017-12-05 19:33:09 UTC" />
    <property name="ant.file.type.ptII" value="file" />
    <property name="env.RBENV_SHELL" value="bash" />
    <property name="os.name" value="Linux" />
    <property name="java.specification.vendor" value="Oracle Corporation" />
    <property name="env.rvm_version" value="1.29.3 (latest)" />
    <property name="env.TRAVIS_INFRA" value="gce" />
    <property name="env.TERM" value="xterm" />
    <property name="java.vm.name" value="Java HotSpot(TM) 64-Bit Server VM" />
    <property name="env.TRAVIS_BUILD_NUMBER" value="1082" />
    <property name="env.CI" value="true" />
    <property name="java.library.path" value="/home/travis/pthla/certi-tools/lib:/usr/lib/jni:/usr/local/share/OpenCV/java/:/usr/share/OpenCV/java::/usr/java/packages/lib/amd64:/usr/lib64:/lib64:/lib:/usr/lib" />
    <property name="env.rvm_prefix" value="/home/travis" />
    <property name="env.PATH" value="/home/travis/pthla/certi-tools/share/scripts:/home/travis/.rvm/gems/ruby-2.4.1/bin:/home/travis/.rvm/gems/ruby-2.4.1@global/bin:/home/travis/.rvm/rubies/ruby-2.4.1/bin:/home/travis/.rvm/bin:/home/travis/.nvm/versions/node/v7.10.1/bin:./node_modules/.bin:/home/travis/build/icyphy/ptII/bin:/home/travis/pthla/certi-tools/bin:/home/travis/bin:/home/travis/.local/bin:/opt/pyenv/shims:/home/travis/.phpenv/shims:/home/travis/perl5/perlbrew/bin:/home/travis/.kiex/elixirs/elixir-1.4.5/bin:/home/travis/.kiex/bin:/home/travis/gopath/bin:/home/travis/.gimme/versions/go1.7.4.linux.amd64/bin:/usr/local/phantomjs/bin:/usr/local/phantomjs:/usr/local/neo4j-3.2.7/bin:/usr/local/maven-3.5.2/bin:/usr/local/cmake-3.9.2/bin:/usr/local/clang-5.0.0/bin:/usr/local/sbin:/usr/local/bin:/usr/sbin:/usr/bin:/sbin:/bin:/home/travis/.phpenv/bin:/opt/pyenv/bin:/home/travis/.yarn/bin" />
    <property name="env.TRAVIS_OS_NAME" value="linux" />
    <property name="ant.java.version" value="1.8" />
    <property name="basedir" value="/home/travis/build/icyphy/ptII" />
    <property name="java.class.version" value="52.0" />
    <property name="env.SHLVL" value="3" />
    <property name="env.LD_LIBRARY_PATH" value="/home/travis/pthla/certi-tools/lib:/usr/lib/jni:/usr/local/share/OpenCV/java/:/usr/share/OpenCV/java:" />
    <property name="env.RACK_ENV" value="test" />
    <property name="ant.home" value="/home/travis/build/icyphy/ptII/ant" />
    <property name="env.PERLBREW_BASHRC_VERSION" value="0.80" />
    <property name="env.NVM_DIR" value="/home/travis/.nvm" />
    <property name="env.TRAVIS_BUILD_ID" value="518369405" />
    <property name="env.CERTI_FOM_PATH" value="/home/travis/pthla/certi-tools/share/federations" />
    <property name="env.PYENV_ROOT" value="/opt/pyenv" />
    <property name="env.TRAVIS_UID" value="2000" />
    <property name="env.rvm_pretty_print_flag" value="auto" />
    <property name="env.NVM_BIN" value="/home/travis/.nvm/versions/node/v7.10.1/bin" />
    <property name="env.TRAVIS_COMMIT" value="abe2f861668e3f74537d54efa15905bd37cb5588" />
    <property name="env._system_arch" value="x86_64" />
    <property name="node.executable" value="node" />
    <property name="sun.boot.library.path" value="/usr/lib/jvm/java-8-oracle/jre/lib/amd64" />
    <property name="sun.management.compiler" value="HotSpot 64-Bit Tiered Compilers" />
    <property name="env.GOPATH" value="/home/travis/gopath" />
    <property name="java.awt.graphicsenv" value="sun.awt.X11GraphicsEnvironment" />
    <property name="ptolemy.ptII.dir" value="/home/travis/build/icyphy/ptII" />
    <property name="env.USER" value="travis" />
    <property name="env.HISTFILESIZE" value="2000" />
    <property name="timeout.longest" value="19000000" />
    <property name="env.TRAVIS_STACK_FEATURES" value="basic cassandra chromium couchdb disabled-ipv6 docker docker-compose elasticsearch firefox go-toolchain google-chrome jdk memcached mongodb mysql neo4j nodejs_interpreter perl_interpreter perlbrew phantomjs postgresql python_interpreter rabbitmq redis riak ruby_interpreter sqlite xserver" />
    <property name="env.TRAVIS_PULL_REQUEST" value="false" />
    <property name="env.PYENV_SHELL" value="bash" />
    <property name="ant.project.name" value="ptII" />
    <property name="java.vm.specification.version" value="1.8" />
    <property name="env.ANSI_RESET" value="\033[0m" />
    <property name="env.TRAVIS_DIST" value="trusty" />
    <property name="env.CERTI_VERSION" value="4.0.0" />
    <property name="env.NLSPATH" value="/usr/dt/lib/nls/msg/%L/%N.cat" />
    <property name="awt.toolkit" value="sun.awt.X11.XToolkit" />
    <property name="env.CERTI_HOST" value="localhost" />
    <property name="env.MY_RUBY_HOME" value="/home/travis/.rvm/rubies/ruby-2.4.1" />
    <property name="sun.cpu.isalist" value="" />
    <property name="env.TRAVIS_TMPDIR" value="/tmp/tmp.4WqqZ24rdj" />
    <property name="java.ext.dirs" value="/usr/lib/jvm/java-8-oracle/jre/lib/ext:/usr/java/packages/lib/ext" />
    <property name="os.version" value="4.4.0-101-generic" />
    <property name="user.home" value="/home/travis" />
    <property name="env.MIX_ARCHIVES" value="/home/travis/.kiex/mix/elixir-1.4.5" />
    <property name="java.vm.vendor" value="Oracle Corporation" />
    <property name="env.TRAVIS_TAG" value="nightly" />
    <property name="env.ANSI_YELLOW" value="\033[33;1m" />
    <property name="env.TRAVIS_FILTERED" value="redirect_io" />
    <property name="env.ANSI_GREEN" value="\033[32;1m" />
    <property name="env.JAVA_HOME" value="/usr/lib/jvm/java-8-oracle" />
    <property name="env.PTII" value="/home/travis/build/icyphy/ptII" />
    <property name="javadoc.excludepackagenames" value="adm.cvs2svn.*,build.*,config.*,doc.coding.templates.*,jni.test.jni.meaningOfLife.*,jni.test.jni.testDeux.*,jni.test.jni.testTrois.*,org.terraswarm.accessor.accessors.web.node_modules.*,org.terraswarm.accessor.accessors.web.hosts.cordova.demo.*,org.terraswarm.accessor.accessors.web.hosts.cordova.plugins.*,org.terraswarm.accessor.accessors-svn.*,pt-modules.*,ptolemy.apps.agilent.*,ptolemy.apps.anytimecontrol.*,ptolemy.apps.apes.*,ptolemy.apps.charon.*,ptolemy.apps.crazyboard.*,ptolemy.apps.eclipse.*,ptolemy.apps.etherealSting.*,ptolemy.apps.fullscreen.*,ptolemy.apps.giotto.*,ptolemy.apps.ia.*,ptolemy.apps.interfaces.*,ptolemy.apps.jmf.*,ptolemy.apps.kurt.*,ptolemy.apps.kvm.*,ptolemy.apps.lego.*,ptolemy.apps.lejos.*,ptolemy.apps.midp.*,ptolemy.apps.mobileCoding.*,ptolemy.apps.pendulum.*,ptolemy.apps.rijndael.*,ptolemy.apps.robot.*,ptolemy.apps.security.*,ptolemy.apps.sobel.*,ptolemy.apps.soot.*,ptolemy.apps.throttle.*,ptolemy.apps.tini.*,ptolemy.apps.transmission.*,ptolemy.apps.vergil.*,ptolemy.apps.waba.*,ptolemy.apps.websensor.*,ptolemy.apps.webstart.*,ptolemy.apps.xsl.*,ptolemy.apps.zaurus.*,ptolemy.codegen.c.actor.lib.oldJavaFiles.*,ptolemy.codegen.dsp.lib.*,ptolemy.codegen.kernel.newInterfaces.*,ptolemy.codegen.lib.*,ptolemy.copernicus.kernel.fragment.*,ptolemy.copernicus.shallow.cg.*,ptolemy.domains.giotto.demo.Hierarchy.Hierarchy.*,ptolemy.domains.giotto.demo.Multimode.Multimode.*,ptolemy.domains.giotto.demo.Simple.Simple.*,ptolemy.domains.gr.lib.experimental.*,ptolemy.domains.gro.*,ptolemy.domains.pdf.*,ptolemy.domains.ptinyos.demo.Surge.output.*,ptolemy.moml.test.NoPackageActor.java*,ptolemy.plot.adm.*,ptolemy.plot.servlet.*,reports.*,signed.*,src.*,target.*,vendors.*,ptolemy.apps.eclipse.awt.*,ptolemy.backtrack.*,ptolemy.backtrack.ast.*,ptolemy.cg.adapter.generic.program.procedural.c.mbed*,ptolemy.homer.*,org.ptolemy.scala.*,diva.util.java2d.svg.*,ptolemy.domains.ptinyos.*,ptolemy.actor.lib.fmi.fmipp.*,,org.terraswarm.accessor.accessors.web.node_modules.*,org.terraswarm.accessor.accessors-svn,ptolemy.apps.*,ptolemy.actor.ptalon.demo.ptinyos.SendAndReceiveCnt.output,ptolemy.actor.ptalon.demo.ptinyos.SenseToLeds.output,ptolemy.domains.ptinyos.demo.CntToLedsAndRfm.output,ptolemy.domains.ptinyos.demo.RfmToLeds.output,ptolemy.domains.ptinyos.demo.SendAndReceiveCnt.output,ptolemy.domains.ptinyos.demo.SenseToLeds.output,ptolemy.actor.lib.jjs.modules.udpSocket.*" />
    <property name="env.TRAVIS_COMMIT_MESSAGE" value="Changing lingerTime and adding comments in org/hlacerti/models/StaticMultiInstanceJoker." />
    <property name="keystore" value="ptKeystore" />
    <property name="env.XDG_SESSION_ID" value="2" />
    <property name="junit.output.dir" value="/home/travis/build/icyphy/ptII/reports/junit" />
    <property name="npm.return.code" value="0" />
    <property name="user.dir" value="/home/travis/build/icyphy/ptII/ptolemy/domains/de/test" />
    <property name="env.TRAVIS_NODE_VERSION" value="7" />
    <property name="env.XFILESEARCHPATH" value="/usr/dt/app-defaults/%L/Dt" />
    <property name="env.TRAVIS_EVENT_TYPE" value="push" />
    <property name="env.MAIL" value="/var/mail/travis" />
    <property name="env.PWD" value="/home/travis/build/icyphy/ptII" />
    <property name="env.PERLBREW_ROOT" value="/home/travis/perl5/perlbrew" />
    <property name="timeout.npm" value="45000" />
    <property name="env.PT_TRAVIS_TEST_CORE2_XML" value="true" />
    <property name="env.TRAVIS_ARCH" value="amd64" />
    <property name="env.PAGER" value="cat" />
    <property name="sun.cpu.endian" value="little" />
    <property name="env.TRAVIS_BUILD_STAGE_NAME" value="Test" />
    <property name="env.PERLBREW_HOME" value="/home/travis/.perlbrew" />
    <property name="env.RAILS_ENV" value="test" />
    <property name="java.vm.version" value="25.151-b12" />
    <property name="java.class.path" value="/home/travis/build/icyphy/ptII:/home/travis/build/icyphy/ptII/lib/bsh-2.0b4.jar:/home/travis/build/icyphy/ptII/lib/ptCal.jar:/home/travis/build/icyphy/ptII/lib/java_cup.jar:/home/travis/build/icyphy/ptII/lib/saxon8.jar:/home/travis/build/icyphy/ptII/lib/saxon8-dom.jar:/home/travis/build/icyphy/ptII/lib/chic.jar:/home/travis/build/icyphy/ptII/lib/ptcolt.jar:/usr/lib/jvm/java-8-oracle/lib/tools.jar:/home/travis/build/icyphy/ptII/vendors/misc/itext/iText.jar:/home/travis/build/icyphy/ptII/lib/g4ltl.jar:/home/travis/build/icyphy/ptII/lib/StructuralCoder.jar:/home/travis/build/icyphy/ptII/vendors/jai-1_1_2_01/lib/jai_core.jar:/home/travis/build/icyphy/ptII/vendors/jai-1_1_2_01/lib/jai_codec.jar:/home/travis/build/icyphy/ptII/lib/jcerti.jar:/home/travis/build/icyphy/ptII/lib/javax.mail.jar:/home/travis/build/icyphy/ptII/vendors/JMF-2.1.1e/lib/jmf.jar:/home/travis/build/icyphy/ptII/lib/jna-4.0.0-variadic.jar:/home/travis/build/icyphy/ptII/vendors/misc/joystick/Joystick.jar:/home/travis/build/icyphy/ptII/lib/ptjacl.jar:/home/travis/build/icyphy/ptII/lib/jsoup-1.8.2.jar:/home/travis/build/icyphy/ptII/lib/junit-4.8.2.jar:/home/travis/build/icyphy/ptII/lib/JUnitParams-0.4.0.jar:/home/travis/build/icyphy/ptII/ptolemy/actor/lib/excel/jxl.jar:/home/travis/build/icyphy/ptII/lib/jython.jar:/home/travis/build/icyphy/ptII/lib/kieler.jar:/home/travis/build/icyphy/ptII/vendors/opencv/share/OpenCV/java/opencv-341.jar:/home/travis/build/icyphy/ptII/lib/oscP5.jar:/home/travis/build/icyphy/ptII/lib/nrjavaserial-3.11.0.devel.jar:/home/travis/build/icyphy/ptII/vendors/j3d/lib/j3dcore.jar:/home/travis/build/icyphy/ptII/vendors/j3d/lib/j3dutils.jar:/home/travis/build/icyphy/ptII/vendors/j3d/lib/vecmath.jar:/home/travis/build/icyphy/ptII/ptolemy/distributed/jini/jar/jini-core.jar:/home/travis/build/icyphy/ptII/ptolemy/distributed/jini/jar/jini-ext.jar:/home/travis/build/icyphy/ptII/ptolemy/distributed/jini/jar/sun-util.jar:/home/travis/build/icyphy/ptII/lib/protobuf-java-2.4.1.jar:/home/travis/build/icyphy/ptII/lib/org.eclipse.paho.client.mqttv3.jar:/home/travis/build/icyphy/ptII/lib/mapss.jar:/home/travis/build/icyphy/ptII/ptolemy/actor/ptalon/antlr/antlr.jar:/home/travis/build/icyphy/ptII/lib/JRI.jar:/home/travis/build/icyphy/ptII/lib/commons-lang-2.6.jar:/home/travis/build/icyphy/ptII/lib/commons-logging-1.1.1.jar:/home/travis/build/icyphy/ptII/lib/sootclasses.jar:/home/travis/build/icyphy/ptII/ptolemy/actor/lib/database/mysql-connector-java-5.1.6-bin.jar:/home/travis/build/icyphy/ptII/vendors/misc/sphinx4/sphinx4-data-5prealpha.jar:/home/travis/build/icyphy/ptII/vendors/misc/sphinx4/sphinx4-core-5prealpha.jar:/home/travis/build/icyphy/ptII/lib/PDFRenderer.jar:/home/travis/build/icyphy/ptII/lib/svgSalamander.jar:/home/travis/build/icyphy/ptII/lib/rsyntaxtextarea-2.6.0-SNAPSHOT.jar:/home/travis/build/icyphy/ptII/lib/hazelcast-3.8.2.jar:/home/travis/build/icyphy/ptII/lib/jackson-annotations-2.9.0.jar:/home/travis/build/icyphy/ptII/lib/jackson-core-2.9.3.jar:/home/travis/build/icyphy/ptII/lib/jackson-databind-2.9.3.jar:/home/travis/build/icyphy/ptII/lib/netty-buffer-4.1.19.Final.jar:/home/travis/build/icyphy/ptII/lib/netty-codec-4.1.19.Final.jar:/home/travis/build/icyphy/ptII/lib/netty-codec-dns-4.1.19.Final.jar:/home/travis/build/icyphy/ptII/lib/netty-codec-http-4.1.19.Final.jar:/home/travis/build/icyphy/ptII/lib/netty-codec-http2-4.1.19.Final.jar:/home/travis/build/icyphy/ptII/lib/netty-common-4.1.19.Final.jar:/home/travis/build/icyphy/ptII/lib/netty-handler-4.1.19.Final.jar:/home/travis/build/icyphy/ptII/lib/netty-resolver-4.1.19.Final.jar:/home/travis/build/icyphy/ptII/lib/netty-resolver-dns-4.1.19.Final.jar:/home/travis/build/icyphy/ptII/lib/netty-transport-4.1.19.Final.jar:/home/travis/build/icyphy/ptII/lib/vertx-codegen-3.5.1.jar:/home/travis/build/icyphy/ptII/lib/vertx-core-3.5.2-SNAPSHOT.jar:/home/travis/build/icyphy/ptII/lib/vertx-hazelcast-3.5.1.jar:/home/travis/build/icyphy/ptII/lib/vertx-lang-js-3.5.1.jar:/home/travis/build/icyphy/ptII/lib/vertx-service-proxy-3.5.1.jar:/home/travis/build/icyphy/ptII/lib/vertx-web-3.5.1.jar:/home/travis/build/icyphy/ptII/lib/slf4j-api-1.7.13.jar:/home/travis/build/icyphy/ptII/lib/slf4j-simple-1.7.13.jar:/home/travis/build/icyphy/ptII/lib/webcam-capture-0.3.12.jar:/home/travis/build/icyphy/ptII/lib/bridj-0.7.0.jar:/home/travis/build/icyphy/ptII/lib/xbjlib-1.1.0.nrjavaserial.jar:/home/travis/build/icyphy/ptII/ptolemy/moml/test:/home/travis/build/icyphy/ptII/ant/lib/ant-launcher.jar:/home/travis/build/icyphy/ptII/ant/lib/ant.jar:/home/travis/build/icyphy/ptII/ant/lib/ant-junit.jar:/home/travis/build/icyphy/ptII/ant/lib/ant-junit4.jar" />
    <property name="ant.library.dir" value="/home/travis/build/icyphy/ptII/ant/lib" />
    <property name="os.arch" value="amd64" />
    <property name="env.TRAVIS_LANGUAGE" value="node_js" />
    <property name="env.CONTINUOUS_INTEGRATION" value="true" />
    <property name="env.TRAVIS_STACK_LANGUAGES" value="__garnet__ c c++ clojure cplusplus cpp default go groovy java node_js php pure_java python ruby scala" />
    <property name="test.name" value="ptolemy.actor.lib.test.junit.JUnitTclTest" />
    <property name="sun.java.launcher" value="SUN_STANDARD" />
    <property name="env.PYTHON_CONFIGURE_OPTS" value="--enable-unicode=ucs4 --with-wide-unicode --enable-shared --enable-ipv6 --enable-loadable-sqlite-extensions --with-computed-gotos" />
    <property name="ant.core.lib" value="/home/travis/build/icyphy/ptII/ant/lib/ant.jar" />
    <property name="java.vm.specification.vendor" value="Oracle Corporation" />
    <property name="env.BCVTB_HOME" value="/home/travis/build/icyphy/ptII/lbnl" />
    <property name="file.separator" value="/" />
    <property name="spotbugs.home" value="/home/travis/build/icyphy/ptII/vendors/spotbugs-3.1.1" />
    <property name="java.runtime.version" value="1.8.0_151-b12" />
    <property name="sun.boot.class.path" value="/usr/lib/jvm/java-8-oracle/jre/lib/resources.jar:/usr/lib/jvm/java-8-oracle/jre/lib/rt.jar:/usr/lib/jvm/java-8-oracle/jre/lib/sunrsasign.jar:/usr/lib/jvm/java-8-oracle/jre/lib/jsse.jar:/usr/lib/jvm/java-8-oracle/jre/lib/jce.jar:/usr/lib/jvm/java-8-oracle/jre/lib/charsets.jar:/usr/lib/jvm/java-8-oracle/jre/lib/jfr.jar:/usr/lib/jvm/java-8-oracle/jre/classes" />
    <property name="env.ANSI_CLEAR" value="\033[0K" />
    <property name="env.HAS_JOSH_K_SEAL_OF_APPROVAL" value="true" />
    <property name="env.XDG_RUNTIME_DIR" value="/run/user/2000" />
    <property name="env.TRAVIS_OSX_IMAGE" value="" />
    <property name="env.TRAVIS_BRANCH" value="master" />
    <property name="env.TRAVIS_JOB_ID" value="518369414" />
    <property name="user.country" value="US" />
    <property name="env.CERTI_HOME_TRAVIS" value="/home/travis/pthla/certi-tools" />
    <property name="env.SHELL" value="/bin/bash" />
    <property name="java.maxmemory.large" value="5000m" />
    <property name="model" value="" />
    <property name="env.CASHER_DIR" value="/home/travis/.casher" />
    <property name="env.NVM_CD_FLAGS" value="" />
    <property name="jshint.executable" value="/home/travis/node_modules/jshint/bin/jshint" />
    <property name="java.vendor" value="Oracle Corporation" />
    <property name="env.JRUBY_OPTS" value=" --client -J-XX:+TieredCompilation -J-XX:TieredStopAtLevel=1 -J-Xss2m -Xcompile.invokedynamic=false" />
    <property name="env.TRAVIS_PRE_CHEF_BOOTSTRAP_TIME" value="2017-12-05T19:32:55" />
    <property name="env.TRAVIS_STACK_JOB_BOARD_REGISTER" value="/.job-board-register.yml" />
    <property name="env.ELIXIR_VERSION" value="1.4.5" />
    <property name="env.ANSI_RED" value="\033[31;1m" />
    <property name="java.specification.version" value="1.8" />
    <property name="env.TRAVIS" value="true" />
    <property name="env.IRBRC" value="/home/travis/.rvm/rubies/ruby-2.4.1/.irbrc" />
    <property name="sun.arch.data.model" value="64" />
  </properties>
  <testcase classname="ptolemy.util.test.junit.TclTests" name="[0] /home/travis/build/icyphy/ptII/ptolemy/domains/de/test/DependencyLoop.tcl (RunTclFile)" time="0.752" />
  <testcase classname="ptolemy.util.test.junit.TclTests" name="[1] /home/travis/build/icyphy/ptII/ptolemy/domains/de/test/RunDETestsAsQSS.tcl (RunTclFile)" time="86.964" />
  <testcase classname="ptolemy.util.test.junit.AutoKnownFailedTests" name="[0] /home/travis/build/icyphy/ptII/ptolemy/domains/de/test/auto/knownFailedTests/DESDFClockTest.xml (RunModel)" time="2.027" />
  <testcase classname="ptolemy.util.test.junit.AutoKnownFailedTests" name="[1] /home/travis/build/icyphy/ptII/ptolemy/domains/de/test/auto/knownFailedTests/DirectFeedback.xml (RunModel)" time="0.018" />
  <testcase classname="ptolemy.util.test.junit.AutoKnownFailedTests" name="[2] /home/travis/build/icyphy/ptII/ptolemy/domains/de/test/auto/knownFailedTests/FSMSource.xml (RunModel)" time="0.02" />
  <testcase classname="ptolemy.util.test.junit.AutoKnownFailedTests" name="[3] /home/travis/build/icyphy/ptII/ptolemy/domains/de/test/auto/knownFailedTests/HierarchicalModel.xml (RunModel)" time="0.046" />
  <testcase classname="ptolemy.util.test.junit.AutoKnownFailedTests" name="[4] /home/travis/build/icyphy/ptII/ptolemy/domains/de/test/auto/knownFailedTests/dependencyLoop.xml (RunModel)" time="0.045" />
  <testcase classname="ptolemy.util.test.junit.AutoKnownFailedTests" name="[5] /home/travis/build/icyphy/ptII/ptolemy/domains/de/test/auto/knownFailedTests/dependencyLoop2.xml (RunModel)" time="0.038" />
  <testcase classname="ptolemy.util.test.junit.AutoNameArchTests" name="[0] ThereAreNoAutoArchTests (RunModel)" time="0.001" />
  <testcase classname="ptolemy.util.test.junit.AutoTests" name="[0] /home/travis/build/icyphy/ptII/ptolemy/domains/de/test/auto/ActorDepthCalculation_actorWithoutPorts.xml (RunModel)" time="0.016" />
  <testcase classname="ptolemy.util.test.junit.AutoTests" name="[1] /home/travis/build/icyphy/ptII/ptolemy/domains/de/test/auto/AssemblyLine.xml (RunModel)" time="0.02" />
  <testcase classname="ptolemy.util.test.junit.AutoTests" name="[2] /home/travis/build/icyphy/ptII/ptolemy/domains/de/test/auto/CQBug1.xml (RunModel)" time="0.011" />
  <testcase classname="ptolemy.util.test.junit.AutoTests" name="[3] /home/travis/build/icyphy/ptII/ptolemy/domains/de/test/auto/CancelFireAt.xml (RunModel)" time="0.011" />
  <testcase classname="ptolemy.util.test.junit.AutoTests" name="[4] /home/travis/build/icyphy/ptII/ptolemy/domains/de/test/auto/CausalityAndComposabilityAnalysis.xml (RunModel)" time="0.011" />
  <testcase classname="ptolemy.util.test.junit.AutoTests" name="[5] /home/travis/build/icyphy/ptII/ptolemy/domains/de/test/auto/CausalityInterface1.xml (RunModel)" time="0.016" />
  <testcase classname="ptolemy.util.test.junit.AutoTests" name="[6] /home/travis/build/icyphy/ptII/ptolemy/domains/de/test/auto/CausalityInterface15.xml (RunModel)" time="0.012" />
  <testcase classname="ptolemy.util.test.junit.AutoTests" name="[7] /home/travis/build/icyphy/ptII/ptolemy/domains/de/test/auto/CausalityInterface2.xml (RunModel)" time="0.01" />
  <testcase classname="ptolemy.util.test.junit.AutoTests" name="[8] /home/travis/build/icyphy/ptII/ptolemy/domains/de/test/auto/CausalityInterface3.xml (RunModel)" time="0.012" />
  <testcase classname="ptolemy.util.test.junit.AutoTests" name="[9] /home/travis/build/icyphy/ptII/ptolemy/domains/de/test/auto/ClockDrift.xml (RunModel)" time="0.033" />
  <testcase classname="ptolemy.util.test.junit.AutoTests" name="[10] /home/travis/build/icyphy/ptII/ptolemy/domains/de/test/auto/ClockDriftAndValueChange.xml (RunModel)" time="0.032" />
  <testcase classname="ptolemy.util.test.junit.AutoTests" name="[11] /home/travis/build/icyphy/ptII/ptolemy/domains/de/test/auto/ClockDriftChange.xml (RunModel)" time="0.022" />
  <testcase classname="ptolemy.util.test.junit.AutoTests" name="[12] /home/travis/build/icyphy/ptII/ptolemy/domains/de/test/auto/ComposableCausalityAnalysis.xml (RunModel)" time="0.021" />
  <testcase classname="ptolemy.util.test.junit.AutoTests" name="[13] /home/travis/build/icyphy/ptII/ptolemy/domains/de/test/auto/DEFixedPointLimitation.xml (RunModel)" time="0.009" />
  <testcase classname="ptolemy.util.test.junit.AutoTests" name="[14] /home/travis/build/icyphy/ptII/ptolemy/domains/de/test/auto/DEScheduleTest.xml (RunModel)" time="0.01" />
  <testcase classname="ptolemy.util.test.junit.AutoTests" name="[15] /home/travis/build/icyphy/ptII/ptolemy/domains/de/test/auto/DEinDEwithStartTimes.xml (RunModel)" time="0.012" />
  <testcase classname="ptolemy.util.test.junit.AutoTests" name="[16] /home/travis/build/icyphy/ptII/ptolemy/domains/de/test/auto/DEinDEwithStartTimes2.xml (RunModel)" time="0.012" />
  <testcase classname="ptolemy.util.test.junit.AutoTests" name="[17] /home/travis/build/icyphy/ptII/ptolemy/domains/de/test/auto/DateDemo.xml (RunModel)" time="0.025" />
  <testcase classname="ptolemy.util.test.junit.AutoTests" name="[18] /home/travis/build/icyphy/ptII/ptolemy/domains/de/test/auto/DateToEvent.xml (RunModel)" time="2.032" />
  <testcase classname="ptolemy.util.test.junit.AutoTests" name="[19] /home/travis/build/icyphy/ptII/ptolemy/domains/de/test/auto/DepthTest1.xml (RunModel)" time="0.005" />
  <testcase classname="ptolemy.util.test.junit.AutoTests" name="[20] /home/travis/build/icyphy/ptII/ptolemy/domains/de/test/auto/DepthTest2.xml (RunModel)" time="0.01" />
  <testcase classname="ptolemy.util.test.junit.AutoTests" name="[21] /home/travis/build/icyphy/ptII/ptolemy/domains/de/test/auto/DepthTest3.xml (RunModel)" time="0.004" />
  <testcase classname="ptolemy.util.test.junit.AutoTests" name="[22] /home/travis/build/icyphy/ptII/ptolemy/domains/de/test/auto/DepthTest4.xml (RunModel)" time="0.007" />
  <testcase classname="ptolemy.util.test.junit.AutoTests" name="[23] /home/travis/build/icyphy/ptII/ptolemy/domains/de/test/auto/DepthTest5.xml (RunModel)" time="0.008" />
  <testcase classname="ptolemy.util.test.junit.AutoTests" name="[24] /home/travis/build/icyphy/ptII/ptolemy/domains/de/test/auto/DepthTest6.xml (RunModel)" time="0.008" />
  <testcase classname="ptolemy.util.test.junit.AutoTests" name="[25] /home/travis/build/icyphy/ptII/ptolemy/domains/de/test/auto/DepthTest7.xml (RunModel)" time="0.007" />
  <testcase classname="ptolemy.util.test.junit.AutoTests" name="[26] /home/travis/build/icyphy/ptII/ptolemy/domains/de/test/auto/EventToDate.xml (RunModel)" time="3.02" />
  <testcase classname="ptolemy.util.test.junit.AutoTests" name="[27] /home/travis/build/icyphy/ptII/ptolemy/domains/de/test/auto/FSM1.xml (RunModel)" time="0.023" />
  <testcase classname="ptolemy.util.test.junit.AutoTests" name="[28] /home/travis/build/icyphy/ptII/ptolemy/domains/de/test/auto/FSM7.xml (RunModel)" time="0.027" />
  <testcase classname="ptolemy.util.test.junit.AutoTests" name="[29] /home/travis/build/icyphy/ptII/ptolemy/domains/de/test/auto/Inspection.xml (RunModel)" time="0.028" />
  <testcase classname="ptolemy.util.test.junit.AutoTests" name="[30] /home/travis/build/icyphy/ptII/ptolemy/domains/de/test/auto/Iteration.xml (RunModel)" time="0.014" />
  <testcase classname="ptolemy.util.test.junit.AutoTests" name="[31] /home/travis/build/icyphy/ptII/ptolemy/domains/de/test/auto/LineFault.xml (RunModel)" time="0.392" />
  <testcase classname="ptolemy.util.test.junit.AutoTests" name="[32] /home/travis/build/icyphy/ptII/ptolemy/domains/de/test/auto/MergeModel1Add.xml (RunModel)" time="0.033" />
  <testcase classname="ptolemy.util.test.junit.AutoTests" name="[33] /home/travis/build/icyphy/ptII/ptolemy/domains/de/test/auto/MergeModel2Add.xml (RunModel)" time="0.028" />
  <testcase classname="ptolemy.util.test.junit.AutoTests" name="[34] /home/travis/build/icyphy/ptII/ptolemy/domains/de/test/auto/MergeModel3Add.xml (RunModel)" time="0.028" />
  <testcase classname="ptolemy.util.test.junit.AutoTests" name="[35] /home/travis/build/icyphy/ptII/ptolemy/domains/de/test/auto/MergeWithoutDiscard.xml (RunModel)" time="0.008" />
  <testcase classname="ptolemy.util.test.junit.AutoTests" name="[36] /home/travis/build/icyphy/ptII/ptolemy/domains/de/test/auto/Modal1.xml (RunModel)" time="0.021" />
  <testcase classname="ptolemy.util.test.junit.AutoTests" name="[37] /home/travis/build/icyphy/ptII/ptolemy/domains/de/test/auto/Modal2.xml (RunModel)" time="0.021" />
  <testcase classname="ptolemy.util.test.junit.AutoTests" name="[38] /home/travis/build/icyphy/ptII/ptolemy/domains/de/test/auto/Modal3.xml (RunModel)" time="0.019" />
  <testcase classname="ptolemy.util.test.junit.AutoTests" name="[39] /home/travis/build/icyphy/ptII/ptolemy/domains/de/test/auto/Modal4.xml (RunModel)" time="0.021" />
  <testcase classname="ptolemy.util.test.junit.AutoTests" name="[40] /home/travis/build/icyphy/ptII/ptolemy/domains/de/test/auto/Modal5.xml (RunModel)" time="0.021" />
  <testcase classname="ptolemy.util.test.junit.AutoTests" name="[41] /home/travis/build/icyphy/ptII/ptolemy/domains/de/test/auto/Modal6.xml (RunModel)" time="0.021" />
  <testcase classname="ptolemy.util.test.junit.AutoTests" name="[42] /home/travis/build/icyphy/ptII/ptolemy/domains/de/test/auto/Modal7.xml (RunModel)" time="0.025" />
  <testcase classname="ptolemy.util.test.junit.AutoTests" name="[43] /home/travis/build/icyphy/ptII/ptolemy/domains/de/test/auto/ModalModel.xml (RunModel)" time="0.134" />
  <testcase classname="ptolemy.util.test.junit.AutoTests" name="[44] /home/travis/build/icyphy/ptII/ptolemy/domains/de/test/auto/ModalSource.xml (RunModel)" time="0.018" />
  <testcase classname="ptolemy.util.test.junit.AutoTests" name="[45] /home/travis/build/icyphy/ptII/ptolemy/domains/de/test/auto/NonInterruptibleTimerZeroDelay.xml (RunModel)" time="0.01" />
  <testcase classname="ptolemy.util.test.junit.AutoTests" name="[46] /home/travis/build/icyphy/ptII/ptolemy/domains/de/test/auto/OpenQueueingNetwork.xml (RunModel)" time="1.963" />
  <testcase classname="ptolemy.util.test.junit.AutoTests" name="[47] /home/travis/build/icyphy/ptII/ptolemy/domains/de/test/auto/OpenQueuingNetwork.xml (RunModel)" time="0.27" />
  <testcase classname="ptolemy.util.test.junit.AutoTests" name="[48] /home/travis/build/icyphy/ptII/ptolemy/domains/de/test/auto/PeriodicSampler.xml (RunModel)" time="0.008" />
  <testcase classname="ptolemy.util.test.junit.AutoTests" name="[49] /home/travis/build/icyphy/ptII/ptolemy/domains/de/test/auto/PersistentIO.xml (RunModel)" time="0.029" />
  <testcase classname="ptolemy.util.test.junit.AutoTests" name="[50] /home/travis/build/icyphy/ptII/ptolemy/domains/de/test/auto/PortParameterResetOnInitialize.xml (RunModel)" time="0.012" />
  <testcase classname="ptolemy.util.test.junit.AutoTests" name="[51] /home/travis/build/icyphy/ptII/ptolemy/domains/de/test/auto/PortParameterUpdates.xml (RunModel)" time="0.014" />
  <testcase classname="ptolemy.util.test.junit.AutoTests" name="[52] /home/travis/build/icyphy/ptII/ptolemy/domains/de/test/auto/QueueAndServer.xml (RunModel)" time="0.022" />
  <testcase classname="ptolemy.util.test.junit.AutoTests" name="[53] /home/travis/build/icyphy/ptII/ptolemy/domains/de/test/auto/Records.xml (RunModel)" time="0.021" />
  <testcase classname="ptolemy.util.test.junit.AutoTests" name="[54] /home/travis/build/icyphy/ptII/ptolemy/domains/de/test/auto/ResetTransitionWithStartTime1.xml (RunModel)" time="0.023" />
  <testcase classname="ptolemy.util.test.junit.AutoTests" name="[55] /home/travis/build/icyphy/ptII/ptolemy/domains/de/test/auto/ResetTransitionWithStartTime2.xml (RunModel)" time="0.025" />
  <testcase classname="ptolemy.util.test.junit.AutoTests" name="[56] /home/travis/build/icyphy/ptII/ptolemy/domains/de/test/auto/ResetTransitionWithStartTime3.xml (RunModel)" time="0.018" />
  <testcase classname="ptolemy.util.test.junit.AutoTests" name="[57] /home/travis/build/icyphy/ptII/ptolemy/domains/de/test/auto/ResetTransitionWithStartTime4.xml (RunModel)" time="0.023" />
  <testcase classname="ptolemy.util.test.junit.AutoTests" name="[58] /home/travis/build/icyphy/ptII/ptolemy/domains/de/test/auto/ResettableTimer1.xml (RunModel)" time="0.01" />
  <testcase classname="ptolemy.util.test.junit.AutoTests" name="[59] /home/travis/build/icyphy/ptII/ptolemy/domains/de/test/auto/ResettableTimer2.xml (RunModel)" time="0.009" />
  <testcase classname="ptolemy.util.test.junit.AutoTests" name="[60] /home/travis/build/icyphy/ptII/ptolemy/domains/de/test/auto/ResettableTimer3.xml (RunModel)" time="0.009" />
  <testcase classname="ptolemy.util.test.junit.AutoTests" name="[61] /home/travis/build/icyphy/ptII/ptolemy/domains/de/test/auto/ResettableTimer4.xml (RunModel)" time="0.01" />
  <testcase classname="ptolemy.util.test.junit.AutoTests" name="[62] /home/travis/build/icyphy/ptII/ptolemy/domains/de/test/auto/ResettableTimer5.xml (RunModel)" time="0.009" />
  <testcase classname="ptolemy.util.test.junit.AutoTests" name="[63] /home/travis/build/icyphy/ptII/ptolemy/domains/de/test/auto/ResettableTimer6.xml (RunModel)" time="0.017" />
  <testcase classname="ptolemy.util.test.junit.AutoTests" name="[64] /home/travis/build/icyphy/ptII/ptolemy/domains/de/test/auto/ServerZeroDelay.xml (RunModel)" time="0.011" />
  <testcase classname="ptolemy.util.test.junit.AutoTests" name="[65] /home/travis/build/icyphy/ptII/ptolemy/domains/de/test/auto/SmartSender.xml (RunModel)" time="3.008" />
  <testcase classname="ptolemy.util.test.junit.AutoTests" name="[66] /home/travis/build/icyphy/ptII/ptolemy/domains/de/test/auto/ThreadedComposite.xml (RunModel)" time="0.172" />
  <testcase classname="ptolemy.util.test.junit.AutoTests" name="[67] /home/travis/build/icyphy/ptII/ptolemy/domains/de/test/auto/Time.xml (RunModel)" time="0.43" />
  <testcase classname="ptolemy.util.test.junit.AutoTests" name="[68] /home/travis/build/icyphy/ptII/ptolemy/domains/de/test/auto/TimeDelayZeroDelay.xml (RunModel)" time="0.012" />
  <testcase classname="ptolemy.util.test.junit.AutoTests" name="[69] /home/travis/build/icyphy/ptII/ptolemy/domains/de/test/auto/TimerZeroDelay.xml (RunModel)" time="0.009" />
  <testcase classname="ptolemy.util.test.junit.AutoTests" name="[70] /home/travis/build/icyphy/ptII/ptolemy/domains/de/test/auto/TimingParadox.xml (RunModel)" time="0.346" />
  <testcase classname="ptolemy.util.test.junit.AutoTests" name="[71] /home/travis/build/icyphy/ptII/ptolemy/domains/de/test/auto/TransferInputs.xml (RunModel)" time="0.013" />
  <testcase classname="ptolemy.util.test.junit.AutoTests" name="[72] /home/travis/build/icyphy/ptII/ptolemy/domains/de/test/auto/TransferOutputs2.xml (RunModel)" time="0.014" />
  <testcase classname="ptolemy.util.test.junit.AutoTests" name="[73] /home/travis/build/icyphy/ptII/ptolemy/domains/de/test/auto/Trilateration.xml (RunModel)" time="12.384" />
  <testcase classname="ptolemy.util.test.junit.AutoTests" name="[74] /home/travis/build/icyphy/ptII/ptolemy/domains/de/test/auto/TwoSigmaDelta.xml (RunModel)" time="1.923" />
  <testcase classname="ptolemy.util.test.junit.AutoTests" name="[75] /home/travis/build/icyphy/ptII/ptolemy/domains/de/test/auto/VariableDelay.xml (RunModel)" time="0.01" />
  <testcase classname="ptolemy.util.test.junit.AutoTests" name="[76] /home/travis/build/icyphy/ptII/ptolemy/domains/de/test/auto/VariableDelay2.xml (RunModel)" time="0.008" />
  <testcase classname="ptolemy.util.test.junit.AutoTests" name="[77] /home/travis/build/icyphy/ptII/ptolemy/domains/de/test/auto/VariableDelayZeroDelay.xml (RunModel)" time="0.009" />
  <testcase classname="ptolemy.util.test.junit.AutoTests" name="[78] /home/travis/build/icyphy/ptII/ptolemy/domains/de/test/auto/VariableDelayZeroDelay2.xml (RunModel)" time="0.01" />
  <testcase classname="ptolemy.util.test.junit.AutoTests" name="[79] /home/travis/build/icyphy/ptII/ptolemy/domains/de/test/auto/deInCt.xml (RunModel)" time="0.013" />
  <testcase classname="ptolemy.util.test.junit.AutoTests" name="[80] /home/travis/build/icyphy/ptII/ptolemy/domains/de/test/auto/deInCt2.xml (RunModel)" time="0.013" />
  <testcase classname="ptolemy.util.test.junit.AutoTests" name="[81] /home/travis/build/icyphy/ptII/ptolemy/domains/de/test/auto/dynamicCausalityInterface1.xml (RunModel)" time="0.018" />
  <testcase classname="ptolemy.util.test.junit.AutoTests" name="[82] /home/travis/build/icyphy/ptII/ptolemy/domains/de/test/auto/fsm_de_test.xml (RunModel)" time="0.027" />
  <testcase classname="ptolemy.util.test.junit.AutoTests" name="[83] /home/travis/build/icyphy/ptII/ptolemy/domains/de/test/auto/functionDependencyReconstruction.xml (RunModel)" time="0.032" />
  <testcase classname="ptolemy.util.test.junit.AutoTests" name="[84] /home/travis/build/icyphy/ptII/ptolemy/domains/de/test/auto/multirate.xml (RunModel)" time="0.014" />
  <testcase classname="ptolemy.util.test.junit.AutoTests" name="[85] /home/travis/build/icyphy/ptII/ptolemy/domains/de/test/auto/multirate2.xml (RunModel)" time="0.013" />
  <testcase classname="ptolemy.util.test.junit.AutoTests" name="[86] /home/travis/build/icyphy/ptII/ptolemy/domains/de/test/auto/realtime.xml (RunModel)" time="10.011" />
  <testcase classname="ptolemy.util.test.junit.AutoTests" name="[87] /home/travis/build/icyphy/ptII/ptolemy/domains/de/test/auto/relationGroup.xml (RunModel)" time="0.007" />
  <testcase classname="ptolemy.util.test.junit.AutoTests" name="[88] /home/travis/build/icyphy/ptII/ptolemy/domains/de/test/auto/relationGroup2.xml (RunModel)" time="0.008" />
  <testcase classname="ptolemy.util.test.junit.AutoTests" name="[89] /home/travis/build/icyphy/ptII/ptolemy/domains/de/test/auto/sortWithOpaquePorts.xml (RunModel)" time="0.019" />
  <testcase classname="ptolemy.util.test.junit.AutoTests" name="[90] /home/travis/build/icyphy/ptII/ptolemy/domains/de/test/auto/transferInputsandOutputs.xml (RunModel)" time="0.021" />
  <testcase classname="ptolemy.util.test.junit.AutoTests" name="[91] /home/travis/build/icyphy/ptII/ptolemy/domains/de/test/auto/triggerType.xml (RunModel)" time="0.008" />
  <system-out><![CDATA[/home/travis/build/icyphy/ptII/ptolemy/domains/de/test/DependencyLoop.tcl
testDefs.tcl: setting time out to 9000 seconds at Wed Apr 10 16:32:32 UTC 2019
18 ms. Memory: 116224K Free: 97360K (84%)
23 ms. Memory: 146944K Free: 141278K (96%)
/home/travis/build/icyphy/ptII/ptolemy/domains/de/test/RunDETestsAsQSS.tcl
Run the DE tests using ptolemy.domains.qss.test.QSSDirectorTest, which extends QSSDirector and prints a message in the constructors.
------------------ testing $PTII/ptolemy/domains/de/test/auto/knownFailedTests/dependencyLoop.xml (Known Failure) 
11 ms. Memory: 146944K Free: 137025K (93%)


==== $PTIIhome/travis/build/icyphy/ptII/ptolemy/domains/de/test/../../../../: Auto Automatic test in file $PTII/ptolemy/domains/de/test/auto/knownFailedTests/dependencyLoop.xml
==== Contents of test case:

	    # FIXME: we should use $relativeFilename here, but it
	    # might have backslashes under Windows, which causes no end
	    # of trouble.
	    createAndExecute $file
	    list {}
	
.... Test generated KNOWN error:
    while executing
ptolemy.kernel.util.IllegalActionException: Found a zero delay loop containing .dependencyLoop.original
  in .dependencyLoop and .dependencyLoop.original
	at ptolemy.actor.util.CausalityInterfaceForComposites._computeOutputPortDepth(CausalityInterfaceForComposites.java:759)
	at ptolemy.actor.util.CausalityInterfaceForComposites._computeInputDepth(CausalityInterfaceForComposites.java:696)
	at ptolemy.actor.util.CausalityInterfaceForComposites._computeOutputPortDepth(CausalityInterfaceForComposites.java:765)
	at ptolemy.actor.util.CausalityInterfaceForComposites._computeInputDepth(CausalityInterfaceForComposites.java:696)
	at ptolemy.actor.util.CausalityInterfaceForComposites._computeOutputPortDepth(CausalityInterfaceForComposites.java:765)
	at ptolemy.actor.util.CausalityInterfaceForComposites._computeInputDepth(CausalityInterfaceForComposites.java:696)
	at ptolemy.actor.util.CausalityInterfaceForComposites._computeActorDepth(CausalityInterfaceForComposites.java:532)
	at ptolemy.actor.util.CausalityInterfaceForComposites.checkForCycles(CausalityInterfaceForComposites.java:96)
	at ptolemy.domains.de.kernel.DEDirector.preinitialize(DEDirector.java:1338)
	at ptolemy.actor.CompositeActor.preinitialize(CompositeActor.java:1828)
	at ptolemy.actor.Manager.preinitializeAndResolveTypes(Manager.java:1040)
	at ptolemy.actor.Manager.initialize(Manager.java:710)
	at ptolemy.actor.Manager.execute(Manager.java:356)
	at ptolemy.actor.Manager.run(Manager.java:1263)
	at ptolemy.actor.Manager$PtolemyRunThread.run(Manager.java:1915)

    while executing
ptolemy.kernel.util.IllegalActionException: Found a zero delay loop containing .dependencyLoop.original
  in .dependencyLoop and .dependencyLoop.original
    while executing
"java::new ptolemy.moml.MoMLSimpleApplication $file
"
    (procedure "createAndExecute" line 2)
    invoked from within
"createAndExecute $file"
    ("uplevel" body line 5)
    invoked from within
"uplevel $contents_of_test"
------------------ testing $PTII/ptolemy/domains/de/test/auto/knownFailedTests/DESDFClockTest.xml (Known Failure) 
2079 ms. Memory: 146944K Free: 121374K (83%)


==== $PTIIhome/travis/build/icyphy/ptII/ptolemy/domains/de/test/../../../../: Auto Automatic test in file $PTII/ptolemy/domains/de/test/auto/knownFailedTests/DESDFClockTest.xml
==== Contents of test case:

	    # FIXME: we should use $relativeFilename here, but it
	    # might have backslashes under Windows, which causes no end
	    # of trouble.
	    createAndExecute $file
	    list {}
	
.... Test generated KNOWN error:
    while executing
ptolemy.kernel.util.IllegalActionException: Actor is not ready to fire.  Perhaps UpSample.prefire() returned false? Try debugging the actor by selecting "Listen to Actor".  Also, for SDF check moml for tokenConsumptionRate on input.
  in .DESDFClockTest.Play Bell.Copy1:SDF Director and .DESDFClockTest.Play Bell.UpSample
	at ptolemy.actor.sched.StaticSchedulingDirector.fire(StaticSchedulingDirector.java:227)
	at ptolemy.domains.sdf.kernel.SDFDirector.fire(SDFDirector.java:500)
	at ptolemy.actor.CompositeActor.fire(CompositeActor.java:455)
	at ptolemy.domains.de.kernel.DEDirector._fire(DEDirector.java:1949)
	at ptolemy.domains.de.kernel.DEDirector.fire(DEDirector.java:502)
	at ptolemy.actor.CompositeActor.fire(CompositeActor.java:455)
	at ptolemy.actor.Manager.iterate(Manager.java:851)
	at ptolemy.actor.Manager.execute(Manager.java:369)
	at ptolemy.actor.Manager.run(Manager.java:1263)
	at ptolemy.actor.Manager$PtolemyRunThread.run(Manager.java:1915)

    while executing
ptolemy.kernel.util.IllegalActionException: Actor is not ready to fire.  Perhaps UpSample.prefire() returned false? Try debugging the actor by selecting "Listen to Actor".  Also, for SDF check moml for tokenConsumptionRate on input.
  in .DESDFClockTest.Play Bell.Copy1:SDF Director and .DESDFClockTest.Play Bell.UpSample
    while executing
"java::new ptolemy.moml.MoMLSimpleApplication $file
"
    (procedure "createAndExecute" line 2)
    invoked from within
"createAndExecute $file"
    ("uplevel" body line 5)
    invoked from within
"uplevel $contents_of_test"
------------------ testing $PTII/ptolemy/domains/de/test/auto/knownFailedTests/FSMSource.xml (Known Failure) 
28 ms. Memory: 146944K Free: 111900K (76%)
!!!! Auto was marked as failing, but now passes
------------------ testing $PTII/ptolemy/domains/de/test/auto/knownFailedTests/dependencyLoop2.xml (Known Failure) 
10 ms. Memory: 146944K Free: 110025K (75%)


==== $PTIIhome/travis/build/icyphy/ptII/ptolemy/domains/de/test/../../../../: Auto Automatic test in file $PTII/ptolemy/domains/de/test/auto/knownFailedTests/dependencyLoop2.xml
==== Contents of test case:

	    # FIXME: we should use $relativeFilename here, but it
	    # might have backslashes under Windows, which causes no end
	    # of trouble.
	    createAndExecute $file
	    list {}
	
.... Test generated KNOWN error:
    while executing
ptolemy.kernel.util.IllegalActionException: Found a zero delay loop containing .dependencyLoop2.original
  in .dependencyLoop2 and .dependencyLoop2.original
	at ptolemy.actor.util.CausalityInterfaceForComposites._computeOutputPortDepth(CausalityInterfaceForComposites.java:759)
	at ptolemy.actor.util.CausalityInterfaceForComposites._computeInputDepth(CausalityInterfaceForComposites.java:696)
	at ptolemy.actor.util.CausalityInterfaceForComposites._computeOutputPortDepth(CausalityInterfaceForComposites.java:765)
	at ptolemy.actor.util.CausalityInterfaceForComposites._computeInputDepth(CausalityInterfaceForComposites.java:696)
	at ptolemy.actor.util.CausalityInterfaceForComposites._computeOutputPortDepth(CausalityInterfaceForComposites.java:765)
	at ptolemy.actor.util.CausalityInterfaceForComposites._computeInputDepth(CausalityInterfaceForComposites.java:696)
	at ptolemy.actor.util.CausalityInterfaceForComposites._computeActorDepth(CausalityInterfaceForComposites.java:532)
	at ptolemy.actor.util.CausalityInterfaceForComposites.checkForCycles(CausalityInterfaceForComposites.java:96)
	at ptolemy.domains.de.kernel.DEDirector.preinitialize(DEDirector.java:1338)
	at ptolemy.actor.CompositeActor.preinitialize(CompositeActor.java:1828)
	at ptolemy.actor.Manager.preinitializeAndResolveTypes(Manager.java:1040)
	at ptolemy.actor.Manager.initialize(Manager.java:710)
	at ptolemy.actor.Manager.execute(Manager.java:356)
	at ptolemy.actor.Manager.run(Manager.java:1263)
	at ptolemy.actor.Manager$PtolemyRunThread.run(Manager.java:1915)

    while executing
ptolemy.kernel.util.IllegalActionException: Found a zero delay loop containing .dependencyLoop2.original
  in .dependencyLoop2 and .dependencyLoop2.original
    while executing
"java::new ptolemy.moml.MoMLSimpleApplication $file
"
    (procedure "createAndExecute" line 2)
    invoked from within
"createAndExecute $file"
    ("uplevel" body line 5)
    invoked from within
"uplevel $contents_of_test"
------------------ testing $PTII/ptolemy/domains/de/test/auto/knownFailedTests/HierarchicalModel.xml (Known Failure) 
5 ms. Memory: 146944K Free: 89683K (61%)


==== $PTIIhome/travis/build/icyphy/ptII/ptolemy/domains/de/test/../../../../: Auto Automatic test in file $PTII/ptolemy/domains/de/test/auto/knownFailedTests/HierarchicalModel.xml
==== Contents of test case:

	    # FIXME: we should use $relativeFilename here, but it
	    # might have backslashes under Windows, which causes no end
	    # of trouble.
	    createAndExecute $file
	    list {}
	
.... Test generated KNOWN error:
    while executing
ptolemy.kernel.util.IllegalActionException: Found a zero delay loop containing .HierarchicalModel.A
  in .HierarchicalModel and .HierarchicalModel.A
	at ptolemy.actor.util.CausalityInterfaceForComposites._computeOutputPortDepth(CausalityInterfaceForComposites.java:759)
	at ptolemy.actor.util.CausalityInterfaceForComposites._computeInputDepth(CausalityInterfaceForComposites.java:696)
	at ptolemy.actor.util.CausalityInterfaceForComposites._computeOutputPortDepth(CausalityInterfaceForComposites.java:765)
	at ptolemy.actor.util.CausalityInterfaceForComposites._computeInputDepth(CausalityInterfaceForComposites.java:696)
	at ptolemy.actor.util.CausalityInterfaceForComposites._computeOutputPortDepth(CausalityInterfaceForComposites.java:765)
	at ptolemy.actor.util.CausalityInterfaceForComposites._computeInputDepth(CausalityInterfaceForComposites.java:696)
	at ptolemy.actor.util.CausalityInterfaceForComposites._computeActorDepth(CausalityInterfaceForComposites.java:532)
	at ptolemy.actor.util.CausalityInterfaceForComposites.checkForCycles(CausalityInterfaceForComposites.java:96)
	at ptolemy.domains.de.kernel.DEDirector.preinitialize(DEDirector.java:1338)
	at ptolemy.actor.CompositeActor.preinitialize(CompositeActor.java:1828)
	at ptolemy.actor.Manager.preinitializeAndResolveTypes(Manager.java:1040)
	at ptolemy.actor.Manager.initialize(Manager.java:710)
	at ptolemy.actor.Manager.execute(Manager.java:356)
	at ptolemy.actor.Manager.run(Manager.java:1263)
	at ptolemy.actor.Manager$PtolemyRunThread.run(Manager.java:1915)

    while executing
ptolemy.kernel.util.IllegalActionException: Found a zero delay loop containing .HierarchicalModel.A
  in .HierarchicalModel and .HierarchicalModel.A
    while executing
"java::new ptolemy.moml.MoMLSimpleApplication $file
"
    (procedure "createAndExecute" line 2)
    invoked from within
"createAndExecute $file"
    ("uplevel" body line 5)
    invoked from within
"uplevel $contents_of_test"
------------------ testing $PTII/ptolemy/domains/de/test/auto/knownFailedTests/DirectFeedback.xml (Known Failure) 
11 ms. Memory: 146944K Free: 85557K (58%)


==== $PTIIhome/travis/build/icyphy/ptII/ptolemy/domains/de/test/../../../../: Auto Automatic test in file $PTII/ptolemy/domains/de/test/auto/knownFailedTests/DirectFeedback.xml
==== Contents of test case:

	    # FIXME: we should use $relativeFilename here, but it
	    # might have backslashes under Windows, which causes no end
	    # of trouble.
	    createAndExecute $file
	    list {}
	
.... Test generated KNOWN error:
    while executing
ptolemy.kernel.util.IllegalActionException: Test fails in iteration 1.
Value was: 1.0. Should have been: 2.0
  in .DirectFeedback.Test
	at ptolemy.actor.lib.Test.fire(Test.java:268)
	at ptolemy.domains.de.kernel.DEDirector._fire(DEDirector.java:1949)
	at ptolemy.domains.de.kernel.DEDirector.fire(DEDirector.java:502)
	at ptolemy.actor.CompositeActor.fire(CompositeActor.java:455)
	at ptolemy.actor.Manager.iterate(Manager.java:851)
	at ptolemy.actor.Manager.execute(Manager.java:369)
	at ptolemy.actor.Manager.run(Manager.java:1263)
	at ptolemy.actor.Manager$PtolemyRunThread.run(Manager.java:1915)

    while executing
ptolemy.kernel.util.IllegalActionException: Test fails in iteration 1.
Value was: 1.0. Should have been: 2.0
  in .DirectFeedback.Test
    while executing
"java::new ptolemy.moml.MoMLSimpleApplication $file
"
    (procedure "createAndExecute" line 2)
    invoked from within
"createAndExecute $file"
    ("uplevel" body line 5)
    invoked from within
"uplevel $contents_of_test"
------------------ testing $PTII/ptolemy/domains/de/test/auto/ActorDepthCalculation_actorWithoutPorts.xml
auto.tcl: Setting watchdog for 200 seconds at Wed Apr 10 16:32:36 UTC 2019
8 ms. Memory: 146944K Free: 138673K (94%)
ptolemy.util.test.WatchDog.cancel(): canceling Wed Apr 10 16:32:36 UTC 2019
auto.tcl: Setting watchdog for 200 seconds at Wed Apr 10 16:32:36 UTC 2019
5 ms. Memory: 146944K Free: 137648K (94%)
ptolemy.util.test.WatchDog.cancel(): canceling Wed Apr 10 16:32:36 UTC 2019
------------------ testing $PTII/ptolemy/domains/de/test/auto/AssemblyLine.xml
auto.tcl: Setting watchdog for 200 seconds at Wed Apr 10 16:32:36 UTC 2019
25 ms. Memory: 208384K Free: 183362K (88%)
ptolemy.util.test.WatchDog.cancel(): canceling Wed Apr 10 16:32:36 UTC 2019
auto.tcl: Setting watchdog for 200 seconds at Wed Apr 10 16:32:36 UTC 2019
7 ms. Memory: 208384K Free: 183362K (88%)
ptolemy.util.test.WatchDog.cancel(): canceling Wed Apr 10 16:32:36 UTC 2019
------------------ testing $PTII/ptolemy/domains/de/test/auto/CQBug1.xml
auto.tcl: Setting watchdog for 200 seconds at Wed Apr 10 16:32:37 UTC 2019
4 ms. Memory: 208384K Free: 197887K (95%)
ptolemy.util.test.WatchDog.cancel(): canceling Wed Apr 10 16:32:37 UTC 2019
auto.tcl: Setting watchdog for 200 seconds at Wed Apr 10 16:32:37 UTC 2019
2 ms. Memory: 208384K Free: 197887K (95%)
ptolemy.util.test.WatchDog.cancel(): canceling Wed Apr 10 16:32:37 UTC 2019
------------------ testing $PTII/ptolemy/domains/de/test/auto/CancelFireAt.xml
auto.tcl: Setting watchdog for 200 seconds at Wed Apr 10 16:32:37 UTC 2019
8 ms. Memory: 208384K Free: 201038K (96%)
ptolemy.util.test.WatchDog.cancel(): canceling Wed Apr 10 16:32:37 UTC 2019
auto.tcl: Setting watchdog for 200 seconds at Wed Apr 10 16:32:37 UTC 2019
2 ms. Memory: 208384K Free: 198988K (95%)
ptolemy.util.test.WatchDog.cancel(): canceling Wed Apr 10 16:32:37 UTC 2019
------------------ testing $PTII/ptolemy/domains/de/test/auto/CausalityAndComposabilityAnalysis.xml
auto.tcl: Setting watchdog for 200 seconds at Wed Apr 10 16:32:37 UTC 2019
22 ms. Memory: 208384K Free: 198585K (95%)
ptolemy.util.test.WatchDog.cancel(): canceling Wed Apr 10 16:32:37 UTC 2019
auto.tcl: Setting watchdog for 200 seconds at Wed Apr 10 16:32:37 UTC 2019
5 ms. Memory: 208384K Free: 196535K (94%)
ptolemy.util.test.WatchDog.cancel(): canceling Wed Apr 10 16:32:37 UTC 2019
------------------ testing $PTII/ptolemy/domains/de/test/auto/CausalityInterface1.xml
auto.tcl: Setting watchdog for 200 seconds at Wed Apr 10 16:32:37 UTC 2019
27 ms. Memory: 208384K Free: 196472K (94%)
ptolemy.util.test.WatchDog.cancel(): canceling Wed Apr 10 16:32:37 UTC 2019
auto.tcl: Setting watchdog for 200 seconds at Wed Apr 10 16:32:37 UTC 2019
5 ms. Memory: 208384K Free: 196472K (94%)
ptolemy.util.test.WatchDog.cancel(): canceling Wed Apr 10 16:32:37 UTC 2019
------------------ testing $PTII/ptolemy/domains/de/test/auto/CausalityInterface15.xml
auto.tcl: Setting watchdog for 200 seconds at Wed Apr 10 16:32:37 UTC 2019
11 ms. Memory: 208384K Free: 196430K (94%)
ptolemy.util.test.WatchDog.cancel(): canceling Wed Apr 10 16:32:37 UTC 2019
auto.tcl: Setting watchdog for 200 seconds at Wed Apr 10 16:32:37 UTC 2019
3 ms. Memory: 208384K Free: 196430K (94%)
ptolemy.util.test.WatchDog.cancel(): canceling Wed Apr 10 16:32:37 UTC 2019
------------------ testing $PTII/ptolemy/domains/de/test/auto/CausalityInterface2.xml
auto.tcl: Setting watchdog for 200 seconds at Wed Apr 10 16:32:37 UTC 2019
8 ms. Memory: 208384K Free: 196445K (94%)
ptolemy.util.test.WatchDog.cancel(): canceling Wed Apr 10 16:32:37 UTC 2019
auto.tcl: Setting watchdog for 200 seconds at Wed Apr 10 16:32:37 UTC 2019
3 ms. Memory: 208384K Free: 196445K (94%)
ptolemy.util.test.WatchDog.cancel(): canceling Wed Apr 10 16:32:37 UTC 2019
------------------ testing $PTII/ptolemy/domains/de/test/auto/CausalityInterface3.xml
auto.tcl: Setting watchdog for 200 seconds at Wed Apr 10 16:32:37 UTC 2019
8 ms. Memory: 208384K Free: 196459K (94%)
ptolemy.util.test.WatchDog.cancel(): canceling Wed Apr 10 16:32:37 UTC 2019
auto.tcl: Setting watchdog for 200 seconds at Wed Apr 10 16:32:37 UTC 2019
7 ms. Memory: 208384K Free: 196459K (94%)
ptolemy.util.test.WatchDog.cancel(): canceling Wed Apr 10 16:32:37 UTC 2019
------------------ testing $PTII/ptolemy/domains/de/test/auto/ClockDrift.xml
auto.tcl: Setting watchdog for 200 seconds at Wed Apr 10 16:32:37 UTC 2019
91 ms. Memory: 208384K Free: 187838K (90%)
ptolemy.util.test.WatchDog.cancel(): canceling Wed Apr 10 16:32:37 UTC 2019
auto.tcl: Setting watchdog for 200 seconds at Wed Apr 10 16:32:37 UTC 2019
33 ms. Memory: 208384K Free: 185788K (89%)
ptolemy.util.test.WatchDog.cancel(): canceling Wed Apr 10 16:32:37 UTC 2019
------------------ testing $PTII/ptolemy/domains/de/test/auto/ClockDriftAndValueChange.xml
auto.tcl: Setting watchdog for 200 seconds at Wed Apr 10 16:32:37 UTC 2019
27 ms. Memory: 208384K Free: 189725K (91%)
ptolemy.util.test.WatchDog.cancel(): canceling Wed Apr 10 16:32:38 UTC 2019
auto.tcl: Setting watchdog for 200 seconds at Wed Apr 10 16:32:38 UTC 2019
41 ms. Memory: 208384K Free: 185625K (89%)
ptolemy.util.test.WatchDog.cancel(): canceling Wed Apr 10 16:32:38 UTC 2019
------------------ testing $PTII/ptolemy/domains/de/test/auto/ClockDriftChange.xml
auto.tcl: Setting watchdog for 200 seconds at Wed Apr 10 16:32:38 UTC 2019
40 ms. Memory: 208384K Free: 190950K (92%)
ptolemy.util.test.WatchDog.cancel(): canceling Wed Apr 10 16:32:38 UTC 2019
auto.tcl: Setting watchdog for 200 seconds at Wed Apr 10 16:32:38 UTC 2019
37 ms. Memory: 208384K Free: 188900K (91%)
ptolemy.util.test.WatchDog.cancel(): canceling Wed Apr 10 16:32:38 UTC 2019
------------------ testing $PTII/ptolemy/domains/de/test/auto/ComposableCausalityAnalysis.xml
auto.tcl: Setting watchdog for 200 seconds at Wed Apr 10 16:32:38 UTC 2019
3 ms. Memory: 208384K Free: 196315K (94%)
ptolemy.util.test.WatchDog.cancel(): canceling Wed Apr 10 16:32:38 UTC 2019
auto.tcl: Setting watchdog for 200 seconds at Wed Apr 10 16:32:38 UTC 2019
2 ms. Memory: 208384K Free: 194265K (93%)
ptolemy.util.test.WatchDog.cancel(): canceling Wed Apr 10 16:32:38 UTC 2019
------------------ testing $PTII/ptolemy/domains/de/test/auto/DEFixedPointLimitation.xml
auto.tcl: Setting watchdog for 200 seconds at Wed Apr 10 16:32:38 UTC 2019
3 ms. Memory: 208384K Free: 198446K (95%)
ptolemy.util.test.WatchDog.cancel(): canceling Wed Apr 10 16:32:38 UTC 2019
auto.tcl: Setting watchdog for 200 seconds at Wed Apr 10 16:32:38 UTC 2019
2 ms. Memory: 208384K Free: 196396K (94%)
ptolemy.util.test.WatchDog.cancel(): canceling Wed Apr 10 16:32:38 UTC 2019
------------------ testing $PTII/ptolemy/domains/de/test/auto/DEScheduleTest.xml
auto.tcl: Setting watchdog for 200 seconds at Wed Apr 10 16:32:38 UTC 2019
7 ms. Memory: 208384K Free: 199000K (95%)
ptolemy.util.test.WatchDog.cancel(): canceling Wed Apr 10 16:32:38 UTC 2019
auto.tcl: Setting watchdog for 200 seconds at Wed Apr 10 16:32:38 UTC 2019
4 ms. Memory: 208384K Free: 196950K (95%)
ptolemy.util.test.WatchDog.cancel(): canceling Wed Apr 10 16:32:38 UTC 2019
------------------ testing $PTII/ptolemy/domains/de/test/auto/DEinDEwithStartTimes.xml
auto.tcl: Setting watchdog for 200 seconds at Wed Apr 10 16:32:38 UTC 2019
3 ms. Memory: 208384K Free: 196401K (94%)
ptolemy.util.test.WatchDog.cancel(): canceling Wed Apr 10 16:32:38 UTC 2019
auto.tcl: Setting watchdog for 200 seconds at Wed Apr 10 16:32:38 UTC 2019
5 ms. Memory: 208384K Free: 196401K (94%)
ptolemy.util.test.WatchDog.cancel(): canceling Wed Apr 10 16:32:38 UTC 2019
------------------ testing $PTII/ptolemy/domains/de/test/auto/DEinDEwithStartTimes2.xml
auto.tcl: Setting watchdog for 200 seconds at Wed Apr 10 16:32:38 UTC 2019
5 ms. Memory: 208384K Free: 196380K (94%)
ptolemy.util.test.WatchDog.cancel(): canceling Wed Apr 10 16:32:38 UTC 2019
auto.tcl: Setting watchdog for 200 seconds at Wed Apr 10 16:32:38 UTC 2019
4 ms. Memory: 208384K Free: 194330K (93%)
ptolemy.util.test.WatchDog.cancel(): canceling Wed Apr 10 16:32:38 UTC 2019
------------------ testing $PTII/ptolemy/domains/de/test/auto/DateDemo.xml
auto.tcl: Setting watchdog for 200 seconds at Wed Apr 10 16:32:38 UTC 2019
8 ms. Memory: 208384K Free: 188968K (91%)
ptolemy.util.test.WatchDog.cancel(): canceling Wed Apr 10 16:32:38 UTC 2019
auto.tcl: Setting watchdog for 200 seconds at Wed Apr 10 16:32:38 UTC 2019
6 ms. Memory: 208384K Free: 186918K (90%)
ptolemy.util.test.WatchDog.cancel(): canceling Wed Apr 10 16:32:38 UTC 2019
------------------ testing $PTII/ptolemy/domains/de/test/auto/DateToEvent.xml
auto.tcl: Setting watchdog for 200 seconds at Wed Apr 10 16:32:38 UTC 2019
2021 ms. Memory: 208384K Free: 183816K (88%)
ptolemy.util.test.WatchDog.cancel(): canceling Wed Apr 10 16:32:40 UTC 2019
auto.tcl: Setting watchdog for 200 seconds at Wed Apr 10 16:32:40 UTC 2019
2006 ms. Memory: 208384K Free: 183816K (88%)
ptolemy.util.test.WatchDog.cancel(): canceling Wed Apr 10 16:32:43 UTC 2019
------------------ testing $PTII/ptolemy/domains/de/test/auto/DepthTest1.xml
auto.tcl: Setting watchdog for 200 seconds at Wed Apr 10 16:32:43 UTC 2019
3 ms. Memory: 208384K Free: 198009K (95%)
ptolemy.util.test.WatchDog.cancel(): canceling Wed Apr 10 16:32:43 UTC 2019
auto.tcl: Setting watchdog for 200 seconds at Wed Apr 10 16:32:43 UTC 2019
4 ms. Memory: 208384K Free: 198009K (95%)
ptolemy.util.test.WatchDog.cancel(): canceling Wed Apr 10 16:32:43 UTC 2019
------------------ testing $PTII/ptolemy/domains/de/test/auto/DepthTest2.xml
auto.tcl: Setting watchdog for 200 seconds at Wed Apr 10 16:32:43 UTC 2019
5 ms. Memory: 208384K Free: 194342K (93%)
ptolemy.util.test.WatchDog.cancel(): canceling Wed Apr 10 16:32:43 UTC 2019
auto.tcl: Setting watchdog for 200 seconds at Wed Apr 10 16:32:43 UTC 2019
5 ms. Memory: 208384K Free: 194342K (93%)
ptolemy.util.test.WatchDog.cancel(): canceling Wed Apr 10 16:32:43 UTC 2019
------------------ testing $PTII/ptolemy/domains/de/test/auto/DepthTest3.xml
auto.tcl: Setting watchdog for 200 seconds at Wed Apr 10 16:32:43 UTC 2019
6 ms. Memory: 208384K Free: 198343K (95%)
ptolemy.util.test.WatchDog.cancel(): canceling Wed Apr 10 16:32:43 UTC 2019
auto.tcl: Setting watchdog for 200 seconds at Wed Apr 10 16:32:43 UTC 2019
2 ms. Memory: 208384K Free: 198343K (95%)
ptolemy.util.test.WatchDog.cancel(): canceling Wed Apr 10 16:32:43 UTC 2019
------------------ testing $PTII/ptolemy/domains/de/test/auto/DepthTest4.xml
auto.tcl: Setting watchdog for 200 seconds at Wed Apr 10 16:32:43 UTC 2019
10 ms. Memory: 208384K Free: 196380K (94%)
ptolemy.util.test.WatchDog.cancel(): canceling Wed Apr 10 16:32:43 UTC 2019
auto.tcl: Setting watchdog for 200 seconds at Wed Apr 10 16:32:43 UTC 2019
2 ms. Memory: 208384K Free: 196380K (94%)
ptolemy.util.test.WatchDog.cancel(): canceling Wed Apr 10 16:32:43 UTC 2019
------------------ testing $PTII/ptolemy/domains/de/test/auto/DepthTest5.xml
auto.tcl: Setting watchdog for 200 seconds at Wed Apr 10 16:32:43 UTC 2019
3 ms. Memory: 208384K Free: 196327K (94%)
ptolemy.util.test.WatchDog.cancel(): canceling Wed Apr 10 16:32:43 UTC 2019
auto.tcl: Setting watchdog for 200 seconds at Wed Apr 10 16:32:43 UTC 2019
2 ms. Memory: 208384K Free: 196327K (94%)
ptolemy.util.test.WatchDog.cancel(): canceling Wed Apr 10 16:32:43 UTC 2019
------------------ testing $PTII/ptolemy/domains/de/test/auto/DepthTest6.xml
auto.tcl: Setting watchdog for 200 seconds at Wed Apr 10 16:32:43 UTC 2019
9 ms. Memory: 208384K Free: 196303K (94%)
ptolemy.util.test.WatchDog.cancel(): canceling Wed Apr 10 16:32:43 UTC 2019
auto.tcl: Setting watchdog for 200 seconds at Wed Apr 10 16:32:43 UTC 2019
2 ms. Memory: 208384K Free: 196303K (94%)
ptolemy.util.test.WatchDog.cancel(): canceling Wed Apr 10 16:32:43 UTC 2019
------------------ testing $PTII/ptolemy/domains/de/test/auto/DepthTest7.xml
auto.tcl: Setting watchdog for 200 seconds at Wed Apr 10 16:32:43 UTC 2019
2 ms. Memory: 208384K Free: 196284K (94%)
ptolemy.util.test.WatchDog.cancel(): canceling Wed Apr 10 16:32:43 UTC 2019
auto.tcl: Setting watchdog for 200 seconds at Wed Apr 10 16:32:43 UTC 2019
3 ms. Memory: 208384K Free: 196284K (94%)
ptolemy.util.test.WatchDog.cancel(): canceling Wed Apr 10 16:32:43 UTC 2019
------------------ testing $PTII/ptolemy/domains/de/test/auto/EventToDate.xml
auto.tcl: Setting watchdog for 200 seconds at Wed Apr 10 16:32:43 UTC 2019
3005 ms. Memory: 208384K Free: 188090K (90%)
ptolemy.util.test.WatchDog.cancel(): canceling Wed Apr 10 16:32:46 UTC 2019
auto.tcl: Setting watchdog for 200 seconds at Wed Apr 10 16:32:46 UTC 2019
3005 ms. Memory: 208384K Free: 186040K (89%)
ptolemy.util.test.WatchDog.cancel(): canceling Wed Apr 10 16:32:49 UTC 2019
------------------ testing $PTII/ptolemy/domains/de/test/auto/FSM1.xml
auto.tcl: Setting watchdog for 200 seconds at Wed Apr 10 16:32:49 UTC 2019
18 ms. Memory: 208384K Free: 189437K (91%)
ptolemy.util.test.WatchDog.cancel(): canceling Wed Apr 10 16:32:49 UTC 2019
auto.tcl: Setting watchdog for 200 seconds at Wed Apr 10 16:32:49 UTC 2019
14 ms. Memory: 208384K Free: 185337K (89%)
ptolemy.util.test.WatchDog.cancel(): canceling Wed Apr 10 16:32:49 UTC 2019
------------------ testing $PTII/ptolemy/domains/de/test/auto/FSM7.xml
auto.tcl: Setting watchdog for 200 seconds at Wed Apr 10 16:32:49 UTC 2019
14 ms. Memory: 208384K Free: 189641K (91%)
ptolemy.util.test.WatchDog.cancel(): canceling Wed Apr 10 16:32:49 UTC 2019
auto.tcl: Setting watchdog for 200 seconds at Wed Apr 10 16:32:49 UTC 2019
12 ms. Memory: 208384K Free: 185541K (89%)
ptolemy.util.test.WatchDog.cancel(): canceling Wed Apr 10 16:32:49 UTC 2019
------------------ testing $PTII/ptolemy/domains/de/test/auto/Inspection.xml
auto.tcl: Setting watchdog for 200 seconds at Wed Apr 10 16:32:49 UTC 2019
38 ms. Memory: 208384K Free: 188797K (91%)
ptolemy.util.test.WatchDog.cancel(): canceling Wed Apr 10 16:32:50 UTC 2019
auto.tcl: Setting watchdog for 200 seconds at Wed Apr 10 16:32:50 UTC 2019
17 ms. Memory: 208384K Free: 186747K (90%)
ptolemy.util.test.WatchDog.cancel(): canceling Wed Apr 10 16:32:50 UTC 2019
------------------ testing $PTII/ptolemy/domains/de/test/auto/Iteration.xml
auto.tcl: Setting watchdog for 200 seconds at Wed Apr 10 16:32:50 UTC 2019
9 ms. Memory: 208384K Free: 196092K (94%)
ptolemy.util.test.WatchDog.cancel(): canceling Wed Apr 10 16:32:50 UTC 2019
auto.tcl: Setting watchdog for 200 seconds at Wed Apr 10 16:32:50 UTC 2019
6 ms. Memory: 208384K Free: 194041K (93%)
ptolemy.util.test.WatchDog.cancel(): canceling Wed Apr 10 16:32:50 UTC 2019
------------------ testing $PTII/ptolemy/domains/de/test/auto/LineFault.xml
auto.tcl: Setting watchdog for 200 seconds at Wed Apr 10 16:32:50 UTC 2019
713 ms. Memory: 208384K Free: 197241K (95%)
ptolemy.util.test.WatchDog.cancel(): canceling Wed Apr 10 16:32:51 UTC 2019
auto.tcl: Setting watchdog for 200 seconds at Wed Apr 10 16:32:51 UTC 2019
597 ms. Memory: 208384K Free: 139920K (67%)
ptolemy.util.test.WatchDog.cancel(): canceling Wed Apr 10 16:32:51 UTC 2019
------------------ testing $PTII/ptolemy/domains/de/test/auto/MergeModel1Add.xml
auto.tcl: Setting watchdog for 200 seconds at Wed Apr 10 16:32:51 UTC 2019
18 ms. Memory: 331264K Free: 303035K (91%)
ptolemy.util.test.WatchDog.cancel(): canceling Wed Apr 10 16:32:52 UTC 2019
auto.tcl: Setting watchdog for 200 seconds at Wed Apr 10 16:32:52 UTC 2019
14 ms. Memory: 331264K Free: 299148K (90%)
ptolemy.util.test.WatchDog.cancel(): canceling Wed Apr 10 16:32:52 UTC 2019
------------------ testing $PTII/ptolemy/domains/de/test/auto/MergeModel2Add.xml
auto.tcl: Setting watchdog for 200 seconds at Wed Apr 10 16:32:52 UTC 2019
9 ms. Memory: 331264K Free: 304373K (92%)
ptolemy.util.test.WatchDog.cancel(): canceling Wed Apr 10 16:32:52 UTC 2019
auto.tcl: Setting watchdog for 200 seconds at Wed Apr 10 16:32:52 UTC 2019
11 ms. Memory: 331264K Free: 304373K (92%)
ptolemy.util.test.WatchDog.cancel(): canceling Wed Apr 10 16:32:52 UTC 2019
------------------ testing $PTII/ptolemy/domains/de/test/auto/MergeModel3Add.xml
auto.tcl: Setting watchdog for 200 seconds at Wed Apr 10 16:32:52 UTC 2019
12 ms. Memory: 331264K Free: 304384K (92%)
ptolemy.util.test.WatchDog.cancel(): canceling Wed Apr 10 16:32:52 UTC 2019
auto.tcl: Setting watchdog for 200 seconds at Wed Apr 10 16:32:52 UTC 2019
10 ms. Memory: 331264K Free: 304384K (92%)
ptolemy.util.test.WatchDog.cancel(): canceling Wed Apr 10 16:32:52 UTC 2019
------------------ testing $PTII/ptolemy/domains/de/test/auto/MergeWithoutDiscard.xml
auto.tcl: Setting watchdog for 200 seconds at Wed Apr 10 16:32:52 UTC 2019
6 ms. Memory: 331264K Free: 320366K (97%)
ptolemy.util.test.WatchDog.cancel(): canceling Wed Apr 10 16:32:52 UTC 2019
auto.tcl: Setting watchdog for 200 seconds at Wed Apr 10 16:32:52 UTC 2019
1 ms. Memory: 331264K Free: 316480K (96%)
ptolemy.util.test.WatchDog.cancel(): canceling Wed Apr 10 16:32:52 UTC 2019
------------------ testing $PTII/ptolemy/domains/de/test/auto/Modal1.xml
auto.tcl: Setting watchdog for 200 seconds at Wed Apr 10 16:32:52 UTC 2019
12 ms. Memory: 331264K Free: 310011K (94%)
ptolemy.util.test.WatchDog.cancel(): canceling Wed Apr 10 16:32:52 UTC 2019
auto.tcl: Setting watchdog for 200 seconds at Wed Apr 10 16:32:52 UTC 2019
12 ms. Memory: 331264K Free: 306124K (92%)
ptolemy.util.test.WatchDog.cancel(): canceling Wed Apr 10 16:32:52 UTC 2019
------------------ testing $PTII/ptolemy/domains/de/test/auto/Modal2.xml
auto.tcl: Setting watchdog for 200 seconds at Wed Apr 10 16:32:52 UTC 2019
23 ms. Memory: 331264K Free: 309884K (94%)
ptolemy.util.test.WatchDog.cancel(): canceling Wed Apr 10 16:32:52 UTC 2019
auto.tcl: Setting watchdog for 200 seconds at Wed Apr 10 16:32:52 UTC 2019
19 ms. Memory: 331264K Free: 305998K (92%)
ptolemy.util.test.WatchDog.cancel(): canceling Wed Apr 10 16:32:52 UTC 2019
------------------ testing $PTII/ptolemy/domains/de/test/auto/Modal3.xml
auto.tcl: Setting watchdog for 200 seconds at Wed Apr 10 16:32:52 UTC 2019
21 ms. Memory: 331264K Free: 307426K (93%)
ptolemy.util.test.WatchDog.cancel(): canceling Wed Apr 10 16:32:52 UTC 2019
auto.tcl: Setting watchdog for 200 seconds at Wed Apr 10 16:32:52 UTC 2019
16 ms. Memory: 331264K Free: 303539K (92%)
ptolemy.util.test.WatchDog.cancel(): canceling Wed Apr 10 16:32:52 UTC 2019
------------------ testing $PTII/ptolemy/domains/de/test/auto/Modal4.xml
auto.tcl: Setting watchdog for 200 seconds at Wed Apr 10 16:32:52 UTC 2019
14 ms. Memory: 331264K Free: 309880K (94%)
ptolemy.util.test.WatchDog.cancel(): canceling Wed Apr 10 16:32:52 UTC 2019
auto.tcl: Setting watchdog for 200 seconds at Wed Apr 10 16:32:52 UTC 2019
14 ms. Memory: 331264K Free: 305993K (92%)
ptolemy.util.test.WatchDog.cancel(): canceling Wed Apr 10 16:32:52 UTC 2019
------------------ testing $PTII/ptolemy/domains/de/test/auto/Modal5.xml
auto.tcl: Setting watchdog for 200 seconds at Wed Apr 10 16:32:52 UTC 2019
18 ms. Memory: 331264K Free: 309867K (94%)
ptolemy.util.test.WatchDog.cancel(): canceling Wed Apr 10 16:32:52 UTC 2019
auto.tcl: Setting watchdog for 200 seconds at Wed Apr 10 16:32:52 UTC 2019
14 ms. Memory: 331264K Free: 305980K (92%)
ptolemy.util.test.WatchDog.cancel(): canceling Wed Apr 10 16:32:52 UTC 2019
------------------ testing $PTII/ptolemy/domains/de/test/auto/Modal6.xml
auto.tcl: Setting watchdog for 200 seconds at Wed Apr 10 16:32:52 UTC 2019
12 ms. Memory: 331264K Free: 309865K (94%)
ptolemy.util.test.WatchDog.cancel(): canceling Wed Apr 10 16:32:53 UTC 2019
auto.tcl: Setting watchdog for 200 seconds at Wed Apr 10 16:32:53 UTC 2019
14 ms. Memory: 331264K Free: 305978K (92%)
ptolemy.util.test.WatchDog.cancel(): canceling Wed Apr 10 16:32:53 UTC 2019
------------------ testing $PTII/ptolemy/domains/de/test/auto/Modal7.xml
auto.tcl: Setting watchdog for 200 seconds at Wed Apr 10 16:32:53 UTC 2019
9 ms. Memory: 331264K Free: 309865K (94%)
ptolemy.util.test.WatchDog.cancel(): canceling Wed Apr 10 16:32:53 UTC 2019
auto.tcl: Setting watchdog for 200 seconds at Wed Apr 10 16:32:53 UTC 2019
10 ms. Memory: 331264K Free: 305978K (92%)
ptolemy.util.test.WatchDog.cancel(): canceling Wed Apr 10 16:32:53 UTC 2019
------------------ testing $PTII/ptolemy/domains/de/test/auto/ModalModel.xml
auto.tcl: Setting watchdog for 200 seconds at Wed Apr 10 16:32:53 UTC 2019
212 ms. Memory: 331264K Free: 250449K (76%)
ptolemy.util.test.WatchDog.cancel(): canceling Wed Apr 10 16:32:53 UTC 2019
auto.tcl: Setting watchdog for 200 seconds at Wed Apr 10 16:32:53 UTC 2019
183 ms. Memory: 331264K Free: 192084K (58%)
ptolemy.util.test.WatchDog.cancel(): canceling Wed Apr 10 16:32:53 UTC 2019
------------------ testing $PTII/ptolemy/domains/de/test/auto/ModalSource.xml
auto.tcl: Setting watchdog for 200 seconds at Wed Apr 10 16:32:53 UTC 2019
10 ms. Memory: 331264K Free: 316615K (96%)
ptolemy.util.test.WatchDog.cancel(): canceling Wed Apr 10 16:32:53 UTC 2019
auto.tcl: Setting watchdog for 200 seconds at Wed Apr 10 16:32:53 UTC 2019
6 ms. Memory: 331264K Free: 313146K (95%)
ptolemy.util.test.WatchDog.cancel(): canceling Wed Apr 10 16:32:53 UTC 2019
------------------ testing $PTII/ptolemy/domains/de/test/auto/NonInterruptibleTimerZeroDelay.xml
auto.tcl: Setting watchdog for 200 seconds at Wed Apr 10 16:32:53 UTC 2019
4 ms. Memory: 331264K Free: 321021K (97%)
ptolemy.util.test.WatchDog.cancel(): canceling Wed Apr 10 16:32:53 UTC 2019
auto.tcl: Setting watchdog for 200 seconds at Wed Apr 10 16:32:53 UTC 2019
2 ms. Memory: 331264K Free: 317536K (96%)
ptolemy.util.test.WatchDog.cancel(): canceling Wed Apr 10 16:32:53 UTC 2019
------------------ testing $PTII/ptolemy/domains/de/test/auto/OpenQueueingNetwork.xml
auto.tcl: Setting watchdog for 200 seconds at Wed Apr 10 16:32:53 UTC 2019
2846 ms. Memory: 573952K Free: 406025K (71%)
ptolemy.util.test.WatchDog.cancel(): canceling Wed Apr 10 16:32:56 UTC 2019
auto.tcl: Setting watchdog for 200 seconds at Wed Apr 10 16:32:56 UTC 2019
2506 ms. Memory: 550912K Free: 294649K (53%)
ptolemy.util.test.WatchDog.cancel(): canceling Wed Apr 10 16:32:59 UTC 2019
------------------ testing $PTII/ptolemy/domains/de/test/auto/OpenQueuingNetwork.xml
auto.tcl: Setting watchdog for 200 seconds at Wed Apr 10 16:32:59 UTC 2019
240 ms. Memory: 549888K Free: 444698K (81%)
ptolemy.util.test.WatchDog.cancel(): canceling Wed Apr 10 16:32:59 UTC 2019
auto.tcl: Setting watchdog for 200 seconds at Wed Apr 10 16:32:59 UTC 2019
227 ms. Memory: 549888K Free: 384719K (70%)
ptolemy.util.test.WatchDog.cancel(): canceling Wed Apr 10 16:32:59 UTC 2019
------------------ testing $PTII/ptolemy/domains/de/test/auto/PeriodicSampler.xml
auto.tcl: Setting watchdog for 200 seconds at Wed Apr 10 16:33:00 UTC 2019
2 ms. Memory: 551936K Free: 535664K (97%)
ptolemy.util.test.WatchDog.cancel(): canceling Wed Apr 10 16:33:00 UTC 2019
auto.tcl: Setting watchdog for 200 seconds at Wed Apr 10 16:33:00 UTC 2019
2 ms. Memory: 551936K Free: 535664K (97%)
ptolemy.util.test.WatchDog.cancel(): canceling Wed Apr 10 16:33:00 UTC 2019
------------------ testing $PTII/ptolemy/domains/de/test/auto/PersistentIO.xml
auto.tcl: Setting watchdog for 200 seconds at Wed Apr 10 16:33:00 UTC 2019
4 ms. Memory: 549376K Free: 522360K (95%)
ptolemy.util.test.WatchDog.cancel(): canceling Wed Apr 10 16:33:00 UTC 2019
auto.tcl: Setting watchdog for 200 seconds at Wed Apr 10 16:33:00 UTC 2019
4 ms. Memory: 549376K Free: 522360K (95%)
ptolemy.util.test.WatchDog.cancel(): canceling Wed Apr 10 16:33:00 UTC 2019
------------------ testing $PTII/ptolemy/domains/de/test/auto/PortParameterResetOnInitialize.xml
auto.tcl: Setting watchdog for 200 seconds at Wed Apr 10 16:33:00 UTC 2019
3 ms. Memory: 551424K Free: 530934K (96%)
ptolemy.util.test.WatchDog.cancel(): canceling Wed Apr 10 16:33:00 UTC 2019
auto.tcl: Setting watchdog for 200 seconds at Wed Apr 10 16:33:00 UTC 2019
2 ms. Memory: 551424K Free: 530934K (96%)
ptolemy.util.test.WatchDog.cancel(): canceling Wed Apr 10 16:33:00 UTC 2019
------------------ testing $PTII/ptolemy/domains/de/test/auto/PortParameterUpdates.xml
auto.tcl: Setting watchdog for 200 seconds at Wed Apr 10 16:33:00 UTC 2019
3 ms. Memory: 549376K Free: 533700K (97%)
ptolemy.util.test.WatchDog.cancel(): canceling Wed Apr 10 16:33:00 UTC 2019
auto.tcl: Setting watchdog for 200 seconds at Wed Apr 10 16:33:00 UTC 2019
4 ms. Memory: 549376K Free: 533700K (97%)
ptolemy.util.test.WatchDog.cancel(): canceling Wed Apr 10 16:33:00 UTC 2019
------------------ testing $PTII/ptolemy/domains/de/test/auto/QueueAndServer.xml
auto.tcl: Setting watchdog for 200 seconds at Wed Apr 10 16:33:00 UTC 2019
6 ms. Memory: 551424K Free: 530679K (96%)
ptolemy.util.test.WatchDog.cancel(): canceling Wed Apr 10 16:33:00 UTC 2019
auto.tcl: Setting watchdog for 200 seconds at Wed Apr 10 16:33:00 UTC 2019
5 ms. Memory: 551424K Free: 523998K (95%)
ptolemy.util.test.WatchDog.cancel(): canceling Wed Apr 10 16:33:00 UTC 2019
------------------ testing $PTII/ptolemy/domains/de/test/auto/Records.xml
auto.tcl: Setting watchdog for 200 seconds at Wed Apr 10 16:33:00 UTC 2019
4 ms. Memory: 549376K Free: 533252K (97%)
ptolemy.util.test.WatchDog.cancel(): canceling Wed Apr 10 16:33:00 UTC 2019
auto.tcl: Setting watchdog for 200 seconds at Wed Apr 10 16:33:00 UTC 2019
2 ms. Memory: 549376K Free: 533252K (97%)
ptolemy.util.test.WatchDog.cancel(): canceling Wed Apr 10 16:33:00 UTC 2019
------------------ testing $PTII/ptolemy/domains/de/test/auto/ResetTransitionWithStartTime1.xml
auto.tcl: Setting watchdog for 200 seconds at Wed Apr 10 16:33:00 UTC 2019
13 ms. Memory: 551424K Free: 535325K (97%)
ptolemy.util.test.WatchDog.cancel(): canceling Wed Apr 10 16:33:00 UTC 2019
auto.tcl: Setting watchdog for 200 seconds at Wed Apr 10 16:33:00 UTC 2019
9 ms. Memory: 551424K Free: 528645K (96%)
ptolemy.util.test.WatchDog.cancel(): canceling Wed Apr 10 16:33:00 UTC 2019
------------------ testing $PTII/ptolemy/domains/de/test/auto/ResetTransitionWithStartTime2.xml
auto.tcl: Setting watchdog for 200 seconds at Wed Apr 10 16:33:00 UTC 2019
7 ms. Memory: 549376K Free: 533621K (97%)
ptolemy.util.test.WatchDog.cancel(): canceling Wed Apr 10 16:33:00 UTC 2019
auto.tcl: Setting watchdog for 200 seconds at Wed Apr 10 16:33:00 UTC 2019
8 ms. Memory: 549376K Free: 526949K (96%)
ptolemy.util.test.WatchDog.cancel(): canceling Wed Apr 10 16:33:00 UTC 2019
------------------ testing $PTII/ptolemy/domains/de/test/auto/ResetTransitionWithStartTime3.xml
auto.tcl: Setting watchdog for 200 seconds at Wed Apr 10 16:33:00 UTC 2019
5 ms. Memory: 550912K Free: 534803K (97%)
ptolemy.util.test.WatchDog.cancel(): canceling Wed Apr 10 16:33:00 UTC 2019
auto.tcl: Setting watchdog for 200 seconds at Wed Apr 10 16:33:00 UTC 2019
5 ms. Memory: 550912K Free: 528131K (96%)
ptolemy.util.test.WatchDog.cancel(): canceling Wed Apr 10 16:33:00 UTC 2019
------------------ testing $PTII/ptolemy/domains/de/test/auto/ResetTransitionWithStartTime4.xml
auto.tcl: Setting watchdog for 200 seconds at Wed Apr 10 16:33:00 UTC 2019
4 ms. Memory: 549376K Free: 533265K (97%)
ptolemy.util.test.WatchDog.cancel(): canceling Wed Apr 10 16:33:00 UTC 2019
auto.tcl: Setting watchdog for 200 seconds at Wed Apr 10 16:33:00 UTC 2019
4 ms. Memory: 549376K Free: 526585K (96%)
ptolemy.util.test.WatchDog.cancel(): canceling Wed Apr 10 16:33:00 UTC 2019
------------------ testing $PTII/ptolemy/domains/de/test/auto/ResettableTimer1.xml
auto.tcl: Setting watchdog for 200 seconds at Wed Apr 10 16:33:00 UTC 2019
3 ms. Memory: 550912K Free: 534796K (97%)
ptolemy.util.test.WatchDog.cancel(): canceling Wed Apr 10 16:33:00 UTC 2019
auto.tcl: Setting watchdog for 200 seconds at Wed Apr 10 16:33:00 UTC 2019
1 ms. Memory: 550912K Free: 534796K (97%)
ptolemy.util.test.WatchDog.cancel(): canceling Wed Apr 10 16:33:00 UTC 2019
------------------ testing $PTII/ptolemy/domains/de/test/auto/ResettableTimer2.xml
auto.tcl: Setting watchdog for 200 seconds at Wed Apr 10 16:33:00 UTC 2019
3 ms. Memory: 549376K Free: 533671K (97%)
ptolemy.util.test.WatchDog.cancel(): canceling Wed Apr 10 16:33:00 UTC 2019
auto.tcl: Setting watchdog for 200 seconds at Wed Apr 10 16:33:00 UTC 2019
3 ms. Memory: 549376K Free: 533671K (97%)
ptolemy.util.test.WatchDog.cancel(): canceling Wed Apr 10 16:33:00 UTC 2019
------------------ testing $PTII/ptolemy/domains/de/test/auto/ResettableTimer3.xml
auto.tcl: Setting watchdog for 200 seconds at Wed Apr 10 16:33:00 UTC 2019
2 ms. Memory: 550912K Free: 534854K (97%)
ptolemy.util.test.WatchDog.cancel(): canceling Wed Apr 10 16:33:00 UTC 2019
auto.tcl: Setting watchdog for 200 seconds at Wed Apr 10 16:33:00 UTC 2019
1 ms. Memory: 550912K Free: 534854K (97%)
ptolemy.util.test.WatchDog.cancel(): canceling Wed Apr 10 16:33:00 UTC 2019
------------------ testing $PTII/ptolemy/domains/de/test/auto/ResettableTimer4.xml
auto.tcl: Setting watchdog for 200 seconds at Wed Apr 10 16:33:00 UTC 2019
1 ms. Memory: 549376K Free: 533684K (97%)
ptolemy.util.test.WatchDog.cancel(): canceling Wed Apr 10 16:33:00 UTC 2019
auto.tcl: Setting watchdog for 200 seconds at Wed Apr 10 16:33:00 UTC 2019
1 ms. Memory: 549376K Free: 533684K (97%)
ptolemy.util.test.WatchDog.cancel(): canceling Wed Apr 10 16:33:00 UTC 2019
------------------ testing $PTII/ptolemy/domains/de/test/auto/ResettableTimer5.xml
auto.tcl: Setting watchdog for 200 seconds at Wed Apr 10 16:33:00 UTC 2019
2 ms. Memory: 550400K Free: 529673K (96%)
ptolemy.util.test.WatchDog.cancel(): canceling Wed Apr 10 16:33:01 UTC 2019
auto.tcl: Setting watchdog for 200 seconds at Wed Apr 10 16:33:01 UTC 2019
1 ms. Memory: 550400K Free: 529673K (96%)
ptolemy.util.test.WatchDog.cancel(): canceling Wed Apr 10 16:33:01 UTC 2019
------------------ testing $PTII/ptolemy/domains/de/test/auto/ResettableTimer6.xml
auto.tcl: Setting watchdog for 200 seconds at Wed Apr 10 16:33:01 UTC 2019
2 ms. Memory: 549376K Free: 533278K (97%)
ptolemy.util.test.WatchDog.cancel(): canceling Wed Apr 10 16:33:01 UTC 2019
auto.tcl: Setting watchdog for 200 seconds at Wed Apr 10 16:33:01 UTC 2019
1 ms. Memory: 549376K Free: 533278K (97%)
ptolemy.util.test.WatchDog.cancel(): canceling Wed Apr 10 16:33:01 UTC 2019
------------------ testing $PTII/ptolemy/domains/de/test/auto/ServerZeroDelay.xml
auto.tcl: Setting watchdog for 200 seconds at Wed Apr 10 16:33:01 UTC 2019
2 ms. Memory: 550400K Free: 534646K (97%)
ptolemy.util.test.WatchDog.cancel(): canceling Wed Apr 10 16:33:01 UTC 2019
auto.tcl: Setting watchdog for 200 seconds at Wed Apr 10 16:33:01 UTC 2019
2 ms. Memory: 550400K Free: 534646K (97%)
ptolemy.util.test.WatchDog.cancel(): canceling Wed Apr 10 16:33:01 UTC 2019
------------------ testing $PTII/ptolemy/domains/de/test/auto/SmartSender.xml
auto.tcl: Setting watchdog for 200 seconds at Wed Apr 10 16:33:01 UTC 2019
3002 ms. Memory: 549376K Free: 533617K (97%)
ptolemy.util.test.WatchDog.cancel(): canceling Wed Apr 10 16:33:04 UTC 2019
auto.tcl: Setting watchdog for 200 seconds at Wed Apr 10 16:33:04 UTC 2019
3002 ms. Memory: 549376K Free: 533617K (97%)
ptolemy.util.test.WatchDog.cancel(): canceling Wed Apr 10 16:33:07 UTC 2019
------------------ testing $PTII/ptolemy/domains/de/test/auto/ThreadedComposite.xml
auto.tcl: Setting watchdog for 200 seconds at Wed Apr 10 16:33:07 UTC 2019
231 ms. Memory: 550400K Free: 513598K (93%)
ptolemy.util.test.WatchDog.cancel(): canceling Wed Apr 10 16:33:07 UTC 2019
auto.tcl: Setting watchdog for 200 seconds at Wed Apr 10 16:33:07 UTC 2019
264 ms. Memory: 550400K Free: 488215K (89%)
ptolemy.util.test.WatchDog.cancel(): canceling Wed Apr 10 16:33:07 UTC 2019
------------------ testing $PTII/ptolemy/domains/de/test/auto/Time.xml
auto.tcl: Setting watchdog for 200 seconds at Wed Apr 10 16:33:07 UTC 2019
548 ms. Memory: 549376K Free: 481511K (88%)
ptolemy.util.test.WatchDog.cancel(): canceling Wed Apr 10 16:33:08 UTC 2019
auto.tcl: Setting watchdog for 200 seconds at Wed Apr 10 16:33:08 UTC 2019
467 ms. Memory: 549376K Free: 428197K (78%)
ptolemy.util.test.WatchDog.cancel(): canceling Wed Apr 10 16:33:08 UTC 2019
------------------ testing $PTII/ptolemy/domains/de/test/auto/TimeDelayZeroDelay.xml
auto.tcl: Setting watchdog for 200 seconds at Wed Apr 10 16:33:08 UTC 2019
2 ms. Memory: 550400K Free: 534206K (97%)
ptolemy.util.test.WatchDog.cancel(): canceling Wed Apr 10 16:33:08 UTC 2019
auto.tcl: Setting watchdog for 200 seconds at Wed Apr 10 16:33:08 UTC 2019
1 ms. Memory: 550400K Free: 534206K (97%)
ptolemy.util.test.WatchDog.cancel(): canceling Wed Apr 10 16:33:08 UTC 2019
------------------ testing $PTII/ptolemy/domains/de/test/auto/TimerZeroDelay.xml
auto.tcl: Setting watchdog for 200 seconds at Wed Apr 10 16:33:08 UTC 2019
4 ms. Memory: 549376K Free: 533579K (97%)
ptolemy.util.test.WatchDog.cancel(): canceling Wed Apr 10 16:33:08 UTC 2019
auto.tcl: Setting watchdog for 200 seconds at Wed Apr 10 16:33:08 UTC 2019
2 ms. Memory: 549376K Free: 533579K (97%)
ptolemy.util.test.WatchDog.cancel(): canceling Wed Apr 10 16:33:08 UTC 2019
------------------ testing $PTII/ptolemy/domains/de/test/auto/TimingParadox.xml
auto.tcl: Setting watchdog for 200 seconds at Wed Apr 10 16:33:08 UTC 2019
342 ms. Memory: 549888K Free: 467626K (85%)
ptolemy.util.test.WatchDog.cancel(): canceling Wed Apr 10 16:33:09 UTC 2019
auto.tcl: Setting watchdog for 200 seconds at Wed Apr 10 16:33:09 UTC 2019
310 ms. Memory: 549888K Free: 434305K (79%)
ptolemy.util.test.WatchDog.cancel(): canceling Wed Apr 10 16:33:09 UTC 2019
------------------ testing $PTII/ptolemy/domains/de/test/auto/TransferInputs.xml
auto.tcl: Setting watchdog for 200 seconds at Wed Apr 10 16:33:09 UTC 2019
2 ms. Memory: 549888K Free: 533053K (97%)
ptolemy.util.test.WatchDog.cancel(): canceling Wed Apr 10 16:33:09 UTC 2019
auto.tcl: Setting watchdog for 200 seconds at Wed Apr 10 16:33:09 UTC 2019
1 ms. Memory: 549888K Free: 533053K (97%)
ptolemy.util.test.WatchDog.cancel(): canceling Wed Apr 10 16:33:09 UTC 2019
------------------ testing $PTII/ptolemy/domains/de/test/auto/TransferOutputs2.xml
auto.tcl: Setting watchdog for 200 seconds at Wed Apr 10 16:33:09 UTC 2019
3 ms. Memory: 549376K Free: 522282K (95%)
ptolemy.util.test.WatchDog.cancel(): canceling Wed Apr 10 16:33:09 UTC 2019
auto.tcl: Setting watchdog for 200 seconds at Wed Apr 10 16:33:09 UTC 2019
3 ms. Memory: 549376K Free: 522282K (95%)
ptolemy.util.test.WatchDog.cancel(): canceling Wed Apr 10 16:33:09 UTC 2019
------------------ testing $PTII/ptolemy/domains/de/test/auto/Trilateration.xml
auto.tcl: Setting watchdog for 200 seconds at Wed Apr 10 16:33:09 UTC 2019
12819 ms. Memory: 766976K Free: 249477K (33%)
ptolemy.util.test.WatchDog.cancel(): canceling Wed Apr 10 16:33:23 UTC 2019
auto.tcl: Setting watchdog for 200 seconds at Wed Apr 10 16:33:23 UTC 2019
10655 ms. Memory: 646144K Free: 80462K (12%)
ptolemy.util.test.WatchDog.cancel(): canceling Wed Apr 10 16:33:34 UTC 2019
------------------ testing $PTII/ptolemy/domains/de/test/auto/TwoSigmaDelta.xml
auto.tcl: Setting watchdog for 200 seconds at Wed Apr 10 16:33:34 UTC 2019
2685 ms. Memory: 649728K Free: 341375K (53%)
ptolemy.util.test.WatchDog.cancel(): canceling Wed Apr 10 16:33:37 UTC 2019
auto.tcl: Setting watchdog for 200 seconds at Wed Apr 10 16:33:37 UTC 2019
2147 ms. Memory: 649728K Free: 92730K (14%)
ptolemy.util.test.WatchDog.cancel(): canceling Wed Apr 10 16:33:39 UTC 2019
------------------ testing $PTII/ptolemy/domains/de/test/auto/VariableDelay.xml
auto.tcl: Setting watchdog for 200 seconds at Wed Apr 10 16:33:39 UTC 2019
2 ms. Memory: 646656K Free: 627403K (97%)
ptolemy.util.test.WatchDog.cancel(): canceling Wed Apr 10 16:33:39 UTC 2019
auto.tcl: Setting watchdog for 200 seconds at Wed Apr 10 16:33:39 UTC 2019
2 ms. Memory: 646656K Free: 627403K (97%)
ptolemy.util.test.WatchDog.cancel(): canceling Wed Apr 10 16:33:39 UTC 2019
------------------ testing $PTII/ptolemy/domains/de/test/auto/VariableDelay2.xml
auto.tcl: Setting watchdog for 200 seconds at Wed Apr 10 16:33:39 UTC 2019
6 ms. Memory: 646144K Free: 627354K (97%)
ptolemy.util.test.WatchDog.cancel(): canceling Wed Apr 10 16:33:39 UTC 2019
auto.tcl: Setting watchdog for 200 seconds at Wed Apr 10 16:33:39 UTC 2019
2 ms. Memory: 646144K Free: 627354K (97%)
ptolemy.util.test.WatchDog.cancel(): canceling Wed Apr 10 16:33:39 UTC 2019
------------------ testing $PTII/ptolemy/domains/de/test/auto/VariableDelayZeroDelay.xml
auto.tcl: Setting watchdog for 200 seconds at Wed Apr 10 16:33:39 UTC 2019
2 ms. Memory: 646144K Free: 621704K (96%)
ptolemy.util.test.WatchDog.cancel(): canceling Wed Apr 10 16:33:39 UTC 2019
auto.tcl: Setting watchdog for 200 seconds at Wed Apr 10 16:33:39 UTC 2019
1 ms. Memory: 646144K Free: 621704K (96%)
ptolemy.util.test.WatchDog.cancel(): canceling Wed Apr 10 16:33:39 UTC 2019
------------------ testing $PTII/ptolemy/domains/de/test/auto/VariableDelayZeroDelay2.xml
auto.tcl: Setting watchdog for 200 seconds at Wed Apr 10 16:33:39 UTC 2019
2 ms. Memory: 649216K Free: 624774K (96%)
ptolemy.util.test.WatchDog.cancel(): canceling Wed Apr 10 16:33:39 UTC 2019
auto.tcl: Setting watchdog for 200 seconds at Wed Apr 10 16:33:39 UTC 2019
2 ms. Memory: 649216K Free: 624774K (96%)
ptolemy.util.test.WatchDog.cancel(): canceling Wed Apr 10 16:33:39 UTC 2019
------------------ testing $PTII/ptolemy/domains/de/test/auto/deInCt.xml
auto.tcl: Setting watchdog for 200 seconds at Wed Apr 10 16:33:39 UTC 2019
0
1
1
1
1
0
0
0
0
0
1
1
1
0
0
1
1
1
1
0
0
1
1
1
1
0
0
0
1
1
1
0
0
0
0
8 ms. Memory: 646144K Free: 621649K (96%)
ptolemy.util.test.WatchDog.cancel(): canceling Wed Apr 10 16:33:39 UTC 2019
auto.tcl: Setting watchdog for 200 seconds at Wed Apr 10 16:33:39 UTC 2019
0
1
1
1
0
0
0
1
1
1
1
0
0
0
0
1
1
1
1
0
0
0
1
1
1
0
0
0
1
1
1
1
0
0
0
0
1
1
1
8 ms. Memory: 646144K Free: 621649K (96%)
ptolemy.util.test.WatchDog.cancel(): canceling Wed Apr 10 16:33:39 UTC 2019
------------------ testing $PTII/ptolemy/domains/de/test/auto/deInCt2.xml
auto.tcl: Setting watchdog for 200 seconds at Wed Apr 10 16:33:39 UTC 2019
0
1
1
1
0
0
1
1
1
0
0
1
1
1
0
0
1
1
1
0
0
1
1
1
0
0
1
1
1
0
0
1
1
1
0
0
1
1
1
0
0
0
11 ms. Memory: 648704K Free: 624209K (96%)
ptolemy.util.test.WatchDog.cancel(): canceling Wed Apr 10 16:33:39 UTC 2019
auto.tcl: Setting watchdog for 200 seconds at Wed Apr 10 16:33:39 UTC 2019
0
1
1
1
0
0
1
1
1
0
0
1
1
1
0
0
1
1
1
0
0
1
1
1
0
0
1
1
1
0
0
1
1
1
0
0
1
1
1
0
0
0
7 ms. Memory: 648704K Free: 624209K (96%)
ptolemy.util.test.WatchDog.cancel(): canceling Wed Apr 10 16:33:39 UTC 2019
------------------ testing $PTII/ptolemy/domains/de/test/auto/dynamicCausalityInterface1.xml
auto.tcl: Setting watchdog for 200 seconds at Wed Apr 10 16:33:39 UTC 2019
1 ms. Memory: 646144K Free: 618697K (96%)
ptolemy.util.test.WatchDog.cancel(): canceling Wed Apr 10 16:33:39 UTC 2019
auto.tcl: Setting watchdog for 200 seconds at Wed Apr 10 16:33:39 UTC 2019
1 ms. Memory: 646144K Free: 618697K (96%)
ptolemy.util.test.WatchDog.cancel(): canceling Wed Apr 10 16:33:39 UTC 2019
------------------ testing $PTII/ptolemy/domains/de/test/auto/fsm_de_test.xml
auto.tcl: Setting watchdog for 200 seconds at Wed Apr 10 16:33:39 UTC 2019
7 ms. Memory: 648192K Free: 623636K (96%)
ptolemy.util.test.WatchDog.cancel(): canceling Wed Apr 10 16:33:39 UTC 2019
auto.tcl: Setting watchdog for 200 seconds at Wed Apr 10 16:33:39 UTC 2019
8 ms. Memory: 648192K Free: 615000K (95%)
ptolemy.util.test.WatchDog.cancel(): canceling Wed Apr 10 16:33:39 UTC 2019
------------------ testing $PTII/ptolemy/domains/de/test/auto/functionDependencyReconstruction.xml
auto.tcl: Setting watchdog for 200 seconds at Wed Apr 10 16:33:39 UTC 2019
3 ms. Memory: 646144K Free: 612951K (95%)
ptolemy.util.test.WatchDog.cancel(): canceling Wed Apr 10 16:33:40 UTC 2019
auto.tcl: Setting watchdog for 200 seconds at Wed Apr 10 16:33:40 UTC 2019
3 ms. Memory: 646144K Free: 612951K (95%)
ptolemy.util.test.WatchDog.cancel(): canceling Wed Apr 10 16:33:40 UTC 2019
------------------ testing $PTII/ptolemy/domains/de/test/auto/multirate.xml
auto.tcl: Setting watchdog for 200 seconds at Wed Apr 10 16:33:40 UTC 2019
6 ms. Memory: 648192K Free: 623503K (96%)
ptolemy.util.test.WatchDog.cancel(): canceling Wed Apr 10 16:33:40 UTC 2019
auto.tcl: Setting watchdog for 200 seconds at Wed Apr 10 16:33:40 UTC 2019
3 ms. Memory: 648192K Free: 623453K (96%)
ptolemy.util.test.WatchDog.cancel(): canceling Wed Apr 10 16:33:40 UTC 2019
------------------ testing $PTII/ptolemy/domains/de/test/auto/multirate2.xml
auto.tcl: Setting watchdog for 200 seconds at Wed Apr 10 16:33:40 UTC 2019
7 ms. Memory: 646144K Free: 621642K (96%)
ptolemy.util.test.WatchDog.cancel(): canceling Wed Apr 10 16:33:40 UTC 2019
auto.tcl: Setting watchdog for 200 seconds at Wed Apr 10 16:33:40 UTC 2019
3 ms. Memory: 646144K Free: 621642K (96%)
ptolemy.util.test.WatchDog.cancel(): canceling Wed Apr 10 16:33:40 UTC 2019
------------------ testing $PTII/ptolemy/domains/de/test/auto/realtime.xml
auto.tcl: Setting watchdog for 200 seconds at Wed Apr 10 16:33:40 UTC 2019
10002 ms. Memory: 647680K Free: 617480K (95%)
ptolemy.util.test.WatchDog.cancel(): canceling Wed Apr 10 16:33:50 UTC 2019
auto.tcl: Setting watchdog for 200 seconds at Wed Apr 10 16:33:50 UTC 2019
10002 ms. Memory: 647680K Free: 617480K (95%)
ptolemy.util.test.WatchDog.cancel(): canceling Wed Apr 10 16:34:00 UTC 2019
------------------ testing $PTII/ptolemy/domains/de/test/auto/relationGroup.xml
auto.tcl: Setting watchdog for 200 seconds at Wed Apr 10 16:34:00 UTC 2019
1 ms. Memory: 646144K Free: 627314K (97%)
ptolemy.util.test.WatchDog.cancel(): canceling Wed Apr 10 16:34:00 UTC 2019
auto.tcl: Setting watchdog for 200 seconds at Wed Apr 10 16:34:00 UTC 2019
2 ms. Memory: 646144K Free: 627314K (97%)
ptolemy.util.test.WatchDog.cancel(): canceling Wed Apr 10 16:34:00 UTC 2019
------------------ testing $PTII/ptolemy/domains/de/test/auto/relationGroup2.xml
auto.tcl: Setting watchdog for 200 seconds at Wed Apr 10 16:34:00 UTC 2019
6 ms. Memory: 647680K Free: 628876K (97%)
ptolemy.util.test.WatchDog.cancel(): canceling Wed Apr 10 16:34:00 UTC 2019
auto.tcl: Setting watchdog for 200 seconds at Wed Apr 10 16:34:00 UTC 2019
4 ms. Memory: 647680K Free: 628876K (97%)
ptolemy.util.test.WatchDog.cancel(): canceling Wed Apr 10 16:34:00 UTC 2019
------------------ testing $PTII/ptolemy/domains/de/test/auto/sortWithOpaquePorts.xml
auto.tcl: Setting watchdog for 200 seconds at Wed Apr 10 16:34:00 UTC 2019
1 ms. Memory: 646144K Free: 621694K (96%)
ptolemy.util.test.WatchDog.cancel(): canceling Wed Apr 10 16:34:00 UTC 2019
auto.tcl: Setting watchdog for 200 seconds at Wed Apr 10 16:34:00 UTC 2019
1 ms. Memory: 646144K Free: 621694K (96%)
ptolemy.util.test.WatchDog.cancel(): canceling Wed Apr 10 16:34:00 UTC 2019
------------------ testing $PTII/ptolemy/domains/de/test/auto/transferInputsandOutputs.xml
auto.tcl: Setting watchdog for 200 seconds at Wed Apr 10 16:34:00 UTC 2019
1 ms. Memory: 647168K Free: 622705K (96%)
ptolemy.util.test.WatchDog.cancel(): canceling Wed Apr 10 16:34:00 UTC 2019
auto.tcl: Setting watchdog for 200 seconds at Wed Apr 10 16:34:00 UTC 2019
2 ms. Memory: 647168K Free: 622705K (96%)
ptolemy.util.test.WatchDog.cancel(): canceling Wed Apr 10 16:34:00 UTC 2019
------------------ testing $PTII/ptolemy/domains/de/test/auto/triggerType.xml
auto.tcl: Setting watchdog for 200 seconds at Wed Apr 10 16:34:00 UTC 2019
1 ms. Memory: 646144K Free: 621631K (96%)
ptolemy.util.test.WatchDog.cancel(): canceling Wed Apr 10 16:34:00 UTC 2019
auto.tcl: Setting watchdog for 200 seconds at Wed Apr 10 16:34:00 UTC 2019
1 ms. Memory: 646144K Free: 621631K (96%)
ptolemy.util.test.WatchDog.cancel(): canceling Wed Apr 10 16:34:00 UTC 2019
04/10/19 04:34:00
Failed: 0  Total Tests: 192  ((Passed: 187, Newly Passed: 1)  Known Failed: 5) /home/travis/build/icyphy/ptII/ptolemy/domains/de/test
04/10/19 04:34:00
Failed: 0  Total Tests: 192  ((Passed: 187, Newly Passed: 1)  Known Failed: 5) /home/travis/build/icyphy/ptII/ptolemy/domains/de/test
----------------- testing (KnownFailure) /home/travis/build/icyphy/ptII/ptolemy/domains/de/test/auto/knownFailedTests/DESDFClockTest.xml
2007 ms. Memory: 647168K Free: 611364K (94%)
Known Failure: java.lang.reflect.InvocationTargetException
----------------- testing (KnownFailure) /home/travis/build/icyphy/ptII/ptolemy/domains/de/test/auto/knownFailedTests/DirectFeedback.xml
2 ms. Memory: 647168K Free: 566185K (87%)
Known Failure: java.lang.reflect.InvocationTargetException
----------------- testing (KnownFailure) /home/travis/build/icyphy/ptII/ptolemy/domains/de/test/auto/knownFailedTests/FSMSource.xml
6 ms. Memory: 647168K Free: 521006K (81%)
----------------- testing (KnownFailure) /home/travis/build/icyphy/ptII/ptolemy/domains/de/test/auto/knownFailedTests/HierarchicalModel.xml
6 ms. Memory: 647168K Free: 487114K (75%)
Known Failure: java.lang.reflect.InvocationTargetException
----------------- testing (KnownFailure) /home/travis/build/icyphy/ptII/ptolemy/domains/de/test/auto/knownFailedTests/dependencyLoop.xml
2 ms. Memory: 647168K Free: 430640K (67%)
Known Failure: java.lang.reflect.InvocationTargetException
----------------- testing (KnownFailure) /home/travis/build/icyphy/ptII/ptolemy/domains/de/test/auto/knownFailedTests/dependencyLoop2.xml
3 ms. Memory: 647168K Free: 374150K (58%)
Known Failure: java.lang.reflect.InvocationTargetException
No auto/linux-amd64/*.xml tests in /home/travis/build/icyphy/ptII/ptolemy/domains/de/test
AutoTests.java: About to close Vertx.
AutoTests.java: Vertx closed.

===========================================================================================
----------------- testing Wed Apr 10 16:34:02 UTC 2019 /home/travis/build/icyphy/ptII/ptolemy/domains/de/test/auto/ActorDepthCalculation_actorWithoutPorts.xml
----------------- Instantiating /home/travis/build/icyphy/ptII/ptolemy/domains/de/test/auto/ActorDepthCalculation_actorWithoutPorts.xml
2 ms. Memory: 647168K Free: 317676K (49%)
----------------- Invoking toplevel() on ptolemy.moml.MoMLSimpleApplication@2a942525
----------------- Done invoking toplevel() on ptolemy.moml.MoMLSimpleApplication@2a942525
reloadAllAccessors: .ActorDepthCalculation_actorWithoutPorts

===========================================================================================
----------------- testing Wed Apr 10 16:34:02 UTC 2019 /home/travis/build/icyphy/ptII/ptolemy/domains/de/test/auto/AssemblyLine.xml
----------------- Instantiating /home/travis/build/icyphy/ptII/ptolemy/domains/de/test/auto/AssemblyLine.xml
2 ms. Memory: 647168K Free: 295087K (46%)
----------------- Invoking toplevel() on ptolemy.moml.MoMLSimpleApplication@31b869db
----------------- Done invoking toplevel() on ptolemy.moml.MoMLSimpleApplication@31b869db
reloadAllAccessors: .AssemblyLine

===========================================================================================
----------------- testing Wed Apr 10 16:34:02 UTC 2019 /home/travis/build/icyphy/ptII/ptolemy/domains/de/test/auto/CQBug1.xml
----------------- Instantiating /home/travis/build/icyphy/ptII/ptolemy/domains/de/test/auto/CQBug1.xml
0 ms. Memory: 647168K Free: 272497K (42%)
----------------- Invoking toplevel() on ptolemy.moml.MoMLSimpleApplication@15155c51
----------------- Done invoking toplevel() on ptolemy.moml.MoMLSimpleApplication@15155c51
reloadAllAccessors: .CQBug1

===========================================================================================
----------------- testing Wed Apr 10 16:34:02 UTC 2019 /home/travis/build/icyphy/ptII/ptolemy/domains/de/test/auto/CancelFireAt.xml
----------------- Instantiating /home/travis/build/icyphy/ptII/ptolemy/domains/de/test/auto/CancelFireAt.xml
0 ms. Memory: 647168K Free: 249908K (39%)
----------------- Invoking toplevel() on ptolemy.moml.MoMLSimpleApplication@76118caf
----------------- Done invoking toplevel() on ptolemy.moml.MoMLSimpleApplication@76118caf
reloadAllAccessors: .CancelFireAt

===========================================================================================
----------------- testing Wed Apr 10 16:34:02 UTC 2019 /home/travis/build/icyphy/ptII/ptolemy/domains/de/test/auto/CausalityAndComposabilityAnalysis.xml
----------------- Instantiating /home/travis/build/icyphy/ptII/ptolemy/domains/de/test/auto/CausalityAndComposabilityAnalysis.xml
1 ms. Memory: 647168K Free: 227318K (35%)
----------------- Invoking toplevel() on ptolemy.moml.MoMLSimpleApplication@573cb544
----------------- Done invoking toplevel() on ptolemy.moml.MoMLSimpleApplication@573cb544
reloadAllAccessors: .CausalityAndComposabilityAnalysis

===========================================================================================
----------------- testing Wed Apr 10 16:34:02 UTC 2019 /home/travis/build/icyphy/ptII/ptolemy/domains/de/test/auto/CausalityInterface1.xml
----------------- Instantiating /home/travis/build/icyphy/ptII/ptolemy/domains/de/test/auto/CausalityInterface1.xml
4 ms. Memory: 647168K Free: 204729K (32%)
----------------- Invoking toplevel() on ptolemy.moml.MoMLSimpleApplication@43c0ab77
----------------- Done invoking toplevel() on ptolemy.moml.MoMLSimpleApplication@43c0ab77
reloadAllAccessors: .CausalityInterface1

===========================================================================================
----------------- testing Wed Apr 10 16:34:02 UTC 2019 /home/travis/build/icyphy/ptII/ptolemy/domains/de/test/auto/CausalityInterface15.xml
----------------- Instantiating /home/travis/build/icyphy/ptII/ptolemy/domains/de/test/auto/CausalityInterface15.xml
2 ms. Memory: 647168K Free: 182139K (28%)
----------------- Invoking toplevel() on ptolemy.moml.MoMLSimpleApplication@549f3d92
----------------- Done invoking toplevel() on ptolemy.moml.MoMLSimpleApplication@549f3d92
reloadAllAccessors: .CausalityInterface15

===========================================================================================
----------------- testing Wed Apr 10 16:34:02 UTC 2019 /home/travis/build/icyphy/ptII/ptolemy/domains/de/test/auto/CausalityInterface2.xml
----------------- Instantiating /home/travis/build/icyphy/ptII/ptolemy/domains/de/test/auto/CausalityInterface2.xml
1 ms. Memory: 647168K Free: 159550K (25%)
----------------- Invoking toplevel() on ptolemy.moml.MoMLSimpleApplication@384b4727
----------------- Done invoking toplevel() on ptolemy.moml.MoMLSimpleApplication@384b4727
reloadAllAccessors: .CausalityInterface2

===========================================================================================
----------------- testing Wed Apr 10 16:34:02 UTC 2019 /home/travis/build/icyphy/ptII/ptolemy/domains/de/test/auto/CausalityInterface3.xml
----------------- Instantiating /home/travis/build/icyphy/ptII/ptolemy/domains/de/test/auto/CausalityInterface3.xml
2 ms. Memory: 647168K Free: 136960K (21%)
----------------- Invoking toplevel() on ptolemy.moml.MoMLSimpleApplication@2eb82b66
----------------- Done invoking toplevel() on ptolemy.moml.MoMLSimpleApplication@2eb82b66
reloadAllAccessors: .CausalityInterface3

===========================================================================================
----------------- testing Wed Apr 10 16:34:02 UTC 2019 /home/travis/build/icyphy/ptII/ptolemy/domains/de/test/auto/ClockDrift.xml
----------------- Instantiating /home/travis/build/icyphy/ptII/ptolemy/domains/de/test/auto/ClockDrift.xml
12 ms. Memory: 647168K Free: 114371K (18%)
----------------- Invoking toplevel() on ptolemy.moml.MoMLSimpleApplication@12883769
----------------- Done invoking toplevel() on ptolemy.moml.MoMLSimpleApplication@12883769
reloadAllAccessors: .ClockDrift

===========================================================================================
----------------- testing Wed Apr 10 16:34:03 UTC 2019 /home/travis/build/icyphy/ptII/ptolemy/domains/de/test/auto/ClockDriftAndValueChange.xml
----------------- Instantiating /home/travis/build/icyphy/ptII/ptolemy/domains/de/test/auto/ClockDriftAndValueChange.xml
10 ms. Memory: 647168K Free: 91781K (14%)
----------------- Invoking toplevel() on ptolemy.moml.MoMLSimpleApplication@27d16e6a
----------------- Done invoking toplevel() on ptolemy.moml.MoMLSimpleApplication@27d16e6a
reloadAllAccessors: .ClockDriftAndValueChange

===========================================================================================
----------------- testing Wed Apr 10 16:34:03 UTC 2019 /home/travis/build/icyphy/ptII/ptolemy/domains/de/test/auto/ClockDriftChange.xml
----------------- Instantiating /home/travis/build/icyphy/ptII/ptolemy/domains/de/test/auto/ClockDriftChange.xml
7 ms. Memory: 647168K Free: 77895K (12%)
----------------- Invoking toplevel() on ptolemy.moml.MoMLSimpleApplication@5efa2934
----------------- Done invoking toplevel() on ptolemy.moml.MoMLSimpleApplication@5efa2934
reloadAllAccessors: .ClockDriftChange

===========================================================================================
----------------- testing Wed Apr 10 16:34:03 UTC 2019 /home/travis/build/icyphy/ptII/ptolemy/domains/de/test/auto/ComposableCausalityAnalysis.xml
----------------- Instantiating /home/travis/build/icyphy/ptII/ptolemy/domains/de/test/auto/ComposableCausalityAnalysis.xml
1 ms. Memory: 619520K Free: 593162K (96%)
----------------- Invoking toplevel() on ptolemy.moml.MoMLSimpleApplication@44e8c46
----------------- Done invoking toplevel() on ptolemy.moml.MoMLSimpleApplication@44e8c46
reloadAllAccessors: .ComposableCausalityAnalysis

===========================================================================================
----------------- testing Wed Apr 10 16:34:03 UTC 2019 /home/travis/build/icyphy/ptII/ptolemy/domains/de/test/auto/DEFixedPointLimitation.xml
----------------- Instantiating /home/travis/build/icyphy/ptII/ptolemy/domains/de/test/auto/DEFixedPointLimitation.xml
0 ms. Memory: 619520K Free: 566293K (91%)
----------------- Invoking toplevel() on ptolemy.moml.MoMLSimpleApplication@25e7c787
----------------- Done invoking toplevel() on ptolemy.moml.MoMLSimpleApplication@25e7c787
reloadAllAccessors: .DEFixedPointLimitation

===========================================================================================
----------------- testing Wed Apr 10 16:34:03 UTC 2019 /home/travis/build/icyphy/ptII/ptolemy/domains/de/test/auto/DEScheduleTest.xml
----------------- Instantiating /home/travis/build/icyphy/ptII/ptolemy/domains/de/test/auto/DEScheduleTest.xml
1 ms. Memory: 619520K Free: 544769K (88%)
----------------- Invoking toplevel() on ptolemy.moml.MoMLSimpleApplication@59bedd38
----------------- Done invoking toplevel() on ptolemy.moml.MoMLSimpleApplication@59bedd38
reloadAllAccessors: .DEScheduleTest

===========================================================================================
----------------- testing Wed Apr 10 16:34:03 UTC 2019 /home/travis/build/icyphy/ptII/ptolemy/domains/de/test/auto/DEinDEwithStartTimes.xml
----------------- Instantiating /home/travis/build/icyphy/ptII/ptolemy/domains/de/test/auto/DEinDEwithStartTimes.xml
2 ms. Memory: 619520K Free: 523244K (84%)
----------------- Invoking toplevel() on ptolemy.moml.MoMLSimpleApplication@4848de99
----------------- Done invoking toplevel() on ptolemy.moml.MoMLSimpleApplication@4848de99
reloadAllAccessors: .DEinDEwithStartTimes

===========================================================================================
----------------- testing Wed Apr 10 16:34:03 UTC 2019 /home/travis/build/icyphy/ptII/ptolemy/domains/de/test/auto/DEinDEwithStartTimes2.xml
----------------- Instantiating /home/travis/build/icyphy/ptII/ptolemy/domains/de/test/auto/DEinDEwithStartTimes2.xml
2 ms. Memory: 619520K Free: 501689K (81%)
----------------- Invoking toplevel() on ptolemy.moml.MoMLSimpleApplication@184068d6
----------------- Done invoking toplevel() on ptolemy.moml.MoMLSimpleApplication@184068d6
reloadAllAccessors: .DEinDEwithStartTimes2

===========================================================================================
----------------- testing Wed Apr 10 16:34:03 UTC 2019 /home/travis/build/icyphy/ptII/ptolemy/domains/de/test/auto/DateDemo.xml
----------------- Instantiating /home/travis/build/icyphy/ptII/ptolemy/domains/de/test/auto/DateDemo.xml
3 ms. Memory: 619520K Free: 480165K (78%)
----------------- Invoking toplevel() on ptolemy.moml.MoMLSimpleApplication@f2fc341
----------------- Done invoking toplevel() on ptolemy.moml.MoMLSimpleApplication@f2fc341
reloadAllAccessors: .DateDemo

===========================================================================================
----------------- testing Wed Apr 10 16:34:03 UTC 2019 /home/travis/build/icyphy/ptII/ptolemy/domains/de/test/auto/DateToEvent.xml
----------------- Instantiating /home/travis/build/icyphy/ptII/ptolemy/domains/de/test/auto/DateToEvent.xml
2004 ms. Memory: 619520K Free: 447862K (72%)
----------------- Invoking toplevel() on ptolemy.moml.MoMLSimpleApplication@5486ebb6
----------------- Done invoking toplevel() on ptolemy.moml.MoMLSimpleApplication@5486ebb6
reloadAllAccessors: .DateToEvent

===========================================================================================
----------------- testing Wed Apr 10 16:34:05 UTC 2019 /home/travis/build/icyphy/ptII/ptolemy/domains/de/test/auto/DepthTest1.xml
----------------- Instantiating /home/travis/build/icyphy/ptII/ptolemy/domains/de/test/auto/DepthTest1.xml
1 ms. Memory: 619520K Free: 426337K (69%)
----------------- Invoking toplevel() on ptolemy.moml.MoMLSimpleApplication@32d816e2
----------------- Done invoking toplevel() on ptolemy.moml.MoMLSimpleApplication@32d816e2
reloadAllAccessors: .DepthTest1

===========================================================================================
----------------- testing Wed Apr 10 16:34:05 UTC 2019 /home/travis/build/icyphy/ptII/ptolemy/domains/de/test/auto/DepthTest2.xml
----------------- Instantiating /home/travis/build/icyphy/ptII/ptolemy/domains/de/test/auto/DepthTest2.xml
1 ms. Memory: 619520K Free: 404813K (65%)
----------------- Invoking toplevel() on ptolemy.moml.MoMLSimpleApplication@634de747
----------------- Done invoking toplevel() on ptolemy.moml.MoMLSimpleApplication@634de747
reloadAllAccessors: .DepthTest2

===========================================================================================
----------------- testing Wed Apr 10 16:34:05 UTC 2019 /home/travis/build/icyphy/ptII/ptolemy/domains/de/test/auto/DepthTest3.xml
----------------- Instantiating /home/travis/build/icyphy/ptII/ptolemy/domains/de/test/auto/DepthTest3.xml
1 ms. Memory: 619520K Free: 383288K (62%)
----------------- Invoking toplevel() on ptolemy.moml.MoMLSimpleApplication@59b28e39
----------------- Done invoking toplevel() on ptolemy.moml.MoMLSimpleApplication@59b28e39
reloadAllAccessors: .DepthTest3

===========================================================================================
----------------- testing Wed Apr 10 16:34:05 UTC 2019 /home/travis/build/icyphy/ptII/ptolemy/domains/de/test/auto/DepthTest4.xml
----------------- Instantiating /home/travis/build/icyphy/ptII/ptolemy/domains/de/test/auto/DepthTest4.xml
1 ms. Memory: 619520K Free: 361764K (58%)
----------------- Invoking toplevel() on ptolemy.moml.MoMLSimpleApplication@2f025345
----------------- Done invoking toplevel() on ptolemy.moml.MoMLSimpleApplication@2f025345
reloadAllAccessors: .DepthTest4

===========================================================================================
----------------- testing Wed Apr 10 16:34:05 UTC 2019 /home/travis/build/icyphy/ptII/ptolemy/domains/de/test/auto/DepthTest5.xml
----------------- Instantiating /home/travis/build/icyphy/ptII/ptolemy/domains/de/test/auto/DepthTest5.xml
2 ms. Memory: 619520K Free: 340239K (55%)
----------------- Invoking toplevel() on ptolemy.moml.MoMLSimpleApplication@2eb37b24
----------------- Done invoking toplevel() on ptolemy.moml.MoMLSimpleApplication@2eb37b24
reloadAllAccessors: .DepthTest5

===========================================================================================
----------------- testing Wed Apr 10 16:34:05 UTC 2019 /home/travis/build/icyphy/ptII/ptolemy/domains/de/test/auto/DepthTest6.xml
----------------- Instantiating /home/travis/build/icyphy/ptII/ptolemy/domains/de/test/auto/DepthTest6.xml
1 ms. Memory: 619520K Free: 313371K (51%)
----------------- Invoking toplevel() on ptolemy.moml.MoMLSimpleApplication@4a724b0b
----------------- Done invoking toplevel() on ptolemy.moml.MoMLSimpleApplication@4a724b0b
reloadAllAccessors: .DepthTest6

===========================================================================================
----------------- testing Wed Apr 10 16:34:05 UTC 2019 /home/travis/build/icyphy/ptII/ptolemy/domains/de/test/auto/DepthTest7.xml
----------------- Instantiating /home/travis/build/icyphy/ptII/ptolemy/domains/de/test/auto/DepthTest7.xml
1 ms. Memory: 619520K Free: 291846K (47%)
----------------- Invoking toplevel() on ptolemy.moml.MoMLSimpleApplication@2a4506e
----------------- Done invoking toplevel() on ptolemy.moml.MoMLSimpleApplication@2a4506e
reloadAllAccessors: .DepthTest7

===========================================================================================
----------------- testing Wed Apr 10 16:34:05 UTC 2019 /home/travis/build/icyphy/ptII/ptolemy/domains/de/test/auto/EventToDate.xml
----------------- Instantiating /home/travis/build/icyphy/ptII/ptolemy/domains/de/test/auto/EventToDate.xml
3003 ms. Memory: 619520K Free: 259544K (42%)
----------------- Invoking toplevel() on ptolemy.moml.MoMLSimpleApplication@7575c178
----------------- Done invoking toplevel() on ptolemy.moml.MoMLSimpleApplication@7575c178
reloadAllAccessors: .EventToDate

===========================================================================================
----------------- testing Wed Apr 10 16:34:08 UTC 2019 /home/travis/build/icyphy/ptII/ptolemy/domains/de/test/auto/FSM1.xml
----------------- Instantiating /home/travis/build/icyphy/ptII/ptolemy/domains/de/test/auto/FSM1.xml
7 ms. Memory: 619520K Free: 238019K (38%)
----------------- Invoking toplevel() on ptolemy.moml.MoMLSimpleApplication@1e9d45
----------------- Done invoking toplevel() on ptolemy.moml.MoMLSimpleApplication@1e9d45
reloadAllAccessors: .FSM1

===========================================================================================
----------------- testing Wed Apr 10 16:34:08 UTC 2019 /home/travis/build/icyphy/ptII/ptolemy/domains/de/test/auto/FSM7.xml
----------------- Instantiating /home/travis/build/icyphy/ptII/ptolemy/domains/de/test/auto/FSM7.xml
11 ms. Memory: 619520K Free: 216495K (35%)
----------------- Invoking toplevel() on ptolemy.moml.MoMLSimpleApplication@2d46a97c
----------------- Done invoking toplevel() on ptolemy.moml.MoMLSimpleApplication@2d46a97c
reloadAllAccessors: .FSM7

===========================================================================================
----------------- testing Wed Apr 10 16:34:08 UTC 2019 /home/travis/build/icyphy/ptII/ptolemy/domains/de/test/auto/Inspection.xml
----------------- Instantiating /home/travis/build/icyphy/ptII/ptolemy/domains/de/test/auto/Inspection.xml
9 ms. Memory: 619520K Free: 184192K (30%)
----------------- Invoking toplevel() on ptolemy.moml.MoMLSimpleApplication@39aec88c
----------------- Done invoking toplevel() on ptolemy.moml.MoMLSimpleApplication@39aec88c
reloadAllAccessors: .Inspection

===========================================================================================
----------------- testing Wed Apr 10 16:34:08 UTC 2019 /home/travis/build/icyphy/ptII/ptolemy/domains/de/test/auto/Iteration.xml
----------------- Instantiating /home/travis/build/icyphy/ptII/ptolemy/domains/de/test/auto/Iteration.xml
3 ms. Memory: 619520K Free: 162667K (26%)
----------------- Invoking toplevel() on ptolemy.moml.MoMLSimpleApplication@a7ade59
----------------- Done invoking toplevel() on ptolemy.moml.MoMLSimpleApplication@a7ade59
reloadAllAccessors: .Iteration

===========================================================================================
----------------- testing Wed Apr 10 16:34:08 UTC 2019 /home/travis/build/icyphy/ptII/ptolemy/domains/de/test/auto/LineFault.xml
----------------- Instantiating /home/travis/build/icyphy/ptII/ptolemy/domains/de/test/auto/LineFault.xml
302 ms. Memory: 595456K Free: 556748K (93%)
----------------- Invoking toplevel() on ptolemy.moml.MoMLSimpleApplication@3262eda6
----------------- Done invoking toplevel() on ptolemy.moml.MoMLSimpleApplication@3262eda6
reloadAllAccessors: .LineFault

===========================================================================================
----------------- testing Wed Apr 10 16:34:08 UTC 2019 /home/travis/build/icyphy/ptII/ptolemy/domains/de/test/auto/MergeModel1Add.xml
----------------- Instantiating /home/travis/build/icyphy/ptII/ptolemy/domains/de/test/auto/MergeModel1Add.xml
4 ms. Memory: 595456K Free: 522062K (88%)
----------------- Invoking toplevel() on ptolemy.moml.MoMLSimpleApplication@76504e51
----------------- Done invoking toplevel() on ptolemy.moml.MoMLSimpleApplication@76504e51
reloadAllAccessors: .MergeModel1Add

===========================================================================================
----------------- testing Wed Apr 10 16:34:08 UTC 2019 /home/travis/build/icyphy/ptII/ptolemy/domains/de/test/auto/MergeModel2Add.xml
----------------- Instantiating /home/travis/build/icyphy/ptII/ptolemy/domains/de/test/auto/MergeModel2Add.xml
5 ms. Memory: 595456K Free: 496402K (83%)
----------------- Invoking toplevel() on ptolemy.moml.MoMLSimpleApplication@596cf9d3
----------------- Done invoking toplevel() on ptolemy.moml.MoMLSimpleApplication@596cf9d3
reloadAllAccessors: .MergeModel2Add

===========================================================================================
----------------- testing Wed Apr 10 16:34:08 UTC 2019 /home/travis/build/icyphy/ptII/ptolemy/domains/de/test/auto/MergeModel3Add.xml
----------------- Instantiating /home/travis/build/icyphy/ptII/ptolemy/domains/de/test/auto/MergeModel3Add.xml
4 ms. Memory: 595456K Free: 470727K (79%)
----------------- Invoking toplevel() on ptolemy.moml.MoMLSimpleApplication@18b13c65
----------------- Done invoking toplevel() on ptolemy.moml.MoMLSimpleApplication@18b13c65
reloadAllAccessors: .MergeModel3Add

===========================================================================================
----------------- testing Wed Apr 10 16:34:08 UTC 2019 /home/travis/build/icyphy/ptII/ptolemy/domains/de/test/auto/MergeWithoutDiscard.xml
----------------- Instantiating /home/travis/build/icyphy/ptII/ptolemy/domains/de/test/auto/MergeWithoutDiscard.xml
1 ms. Memory: 595456K Free: 460467K (77%)
----------------- Invoking toplevel() on ptolemy.moml.MoMLSimpleApplication@1ea6d617
----------------- Done invoking toplevel() on ptolemy.moml.MoMLSimpleApplication@1ea6d617
reloadAllAccessors: .MergeWithoutDiscard

===========================================================================================
----------------- testing Wed Apr 10 16:34:08 UTC 2019 /home/travis/build/icyphy/ptII/ptolemy/domains/de/test/auto/Modal1.xml
----------------- Instantiating /home/travis/build/icyphy/ptII/ptolemy/domains/de/test/auto/Modal1.xml
5 ms. Memory: 595456K Free: 445057K (75%)
----------------- Invoking toplevel() on ptolemy.moml.MoMLSimpleApplication@49cf60d
----------------- Done invoking toplevel() on ptolemy.moml.MoMLSimpleApplication@49cf60d
reloadAllAccessors: .Modal1

===========================================================================================
----------------- testing Wed Apr 10 16:34:08 UTC 2019 /home/travis/build/icyphy/ptII/ptolemy/domains/de/test/auto/Modal2.xml
----------------- Instantiating /home/travis/build/icyphy/ptII/ptolemy/domains/de/test/auto/Modal2.xml
5 ms. Memory: 595456K Free: 429666K (72%)
----------------- Invoking toplevel() on ptolemy.moml.MoMLSimpleApplication@7618bea2
----------------- Done invoking toplevel() on ptolemy.moml.MoMLSimpleApplication@7618bea2
reloadAllAccessors: .Modal2

===========================================================================================
----------------- testing Wed Apr 10 16:34:08 UTC 2019 /home/travis/build/icyphy/ptII/ptolemy/domains/de/test/auto/Modal3.xml
----------------- Instantiating /home/travis/build/icyphy/ptII/ptolemy/domains/de/test/auto/Modal3.xml
5 ms. Memory: 595456K Free: 410867K (69%)
----------------- Invoking toplevel() on ptolemy.moml.MoMLSimpleApplication@1c7fe1cb
----------------- Done invoking toplevel() on ptolemy.moml.MoMLSimpleApplication@1c7fe1cb
reloadAllAccessors: .Modal3

===========================================================================================
----------------- testing Wed Apr 10 16:34:08 UTC 2019 /home/travis/build/icyphy/ptII/ptolemy/domains/de/test/auto/Modal4.xml
----------------- Instantiating /home/travis/build/icyphy/ptII/ptolemy/domains/de/test/auto/Modal4.xml
7 ms. Memory: 595456K Free: 395460K (66%)
----------------- Invoking toplevel() on ptolemy.moml.MoMLSimpleApplication@5c30abe8
----------------- Done invoking toplevel() on ptolemy.moml.MoMLSimpleApplication@5c30abe8
reloadAllAccessors: .Modal4

===========================================================================================
----------------- testing Wed Apr 10 16:34:08 UTC 2019 /home/travis/build/icyphy/ptII/ptolemy/domains/de/test/auto/Modal5.xml
----------------- Instantiating /home/travis/build/icyphy/ptII/ptolemy/domains/de/test/auto/Modal5.xml
6 ms. Memory: 595456K Free: 380054K (64%)
----------------- Invoking toplevel() on ptolemy.moml.MoMLSimpleApplication@18c7cbb3
----------------- Done invoking toplevel() on ptolemy.moml.MoMLSimpleApplication@18c7cbb3
reloadAllAccessors: .Modal5

===========================================================================================
----------------- testing Wed Apr 10 16:34:08 UTC 2019 /home/travis/build/icyphy/ptII/ptolemy/domains/de/test/auto/Modal6.xml
----------------- Instantiating /home/travis/build/icyphy/ptII/ptolemy/domains/de/test/auto/Modal6.xml
6 ms. Memory: 595456K Free: 364647K (61%)
----------------- Invoking toplevel() on ptolemy.moml.MoMLSimpleApplication@3c01a746
----------------- Done invoking toplevel() on ptolemy.moml.MoMLSimpleApplication@3c01a746
reloadAllAccessors: .Modal6

===========================================================================================
----------------- testing Wed Apr 10 16:34:09 UTC 2019 /home/travis/build/icyphy/ptII/ptolemy/domains/de/test/auto/Modal7.xml
----------------- Instantiating /home/travis/build/icyphy/ptII/ptolemy/domains/de/test/auto/Modal7.xml
5 ms. Memory: 595456K Free: 344110K (58%)
----------------- Invoking toplevel() on ptolemy.moml.MoMLSimpleApplication@3cef31cc
----------------- Done invoking toplevel() on ptolemy.moml.MoMLSimpleApplication@3cef31cc
reloadAllAccessors: .Modal7

===========================================================================================
----------------- testing Wed Apr 10 16:34:09 UTC 2019 /home/travis/build/icyphy/ptII/ptolemy/domains/de/test/auto/ModalModel.xml
----------------- Instantiating /home/travis/build/icyphy/ptII/ptolemy/domains/de/test/auto/ModalModel.xml
102 ms. Memory: 595456K Free: 272157K (46%)
----------------- Invoking toplevel() on ptolemy.moml.MoMLSimpleApplication@475dbf3c
----------------- Done invoking toplevel() on ptolemy.moml.MoMLSimpleApplication@475dbf3c
reloadAllAccessors: .ModalModel

===========================================================================================
----------------- testing Wed Apr 10 16:34:09 UTC 2019 /home/travis/build/icyphy/ptII/ptolemy/domains/de/test/auto/ModalSource.xml
----------------- Instantiating /home/travis/build/icyphy/ptII/ptolemy/domains/de/test/auto/ModalSource.xml
4 ms. Memory: 595456K Free: 256751K (43%)
----------------- Invoking toplevel() on ptolemy.moml.MoMLSimpleApplication@e808bd7
----------------- Done invoking toplevel() on ptolemy.moml.MoMLSimpleApplication@e808bd7
reloadAllAccessors: .ModalSource

===========================================================================================
----------------- testing Wed Apr 10 16:34:09 UTC 2019 /home/travis/build/icyphy/ptII/ptolemy/domains/de/test/auto/NonInterruptibleTimerZeroDelay.xml
----------------- Instantiating /home/travis/build/icyphy/ptII/ptolemy/domains/de/test/auto/NonInterruptibleTimerZeroDelay.xml
2 ms. Memory: 595456K Free: 243098K (41%)
----------------- Invoking toplevel() on ptolemy.moml.MoMLSimpleApplication@1484ed04
----------------- Done invoking toplevel() on ptolemy.moml.MoMLSimpleApplication@1484ed04
reloadAllAccessors: .NonInterruptibleTimerZeroDelay

===========================================================================================
----------------- testing Wed Apr 10 16:34:09 UTC 2019 /home/travis/build/icyphy/ptII/ptolemy/domains/de/test/auto/OpenQueueingNetwork.xml
----------------- Instantiating /home/travis/build/icyphy/ptII/ptolemy/domains/de/test/auto/OpenQueueingNetwork.xml
1879 ms. Memory: 571392K Free: 98930K (17%)
----------------- Invoking toplevel() on ptolemy.moml.MoMLSimpleApplication@194f1a99
----------------- Done invoking toplevel() on ptolemy.moml.MoMLSimpleApplication@194f1a99
reloadAllAccessors: .OpenQueueingNetwork

===========================================================================================
----------------- testing Wed Apr 10 16:34:11 UTC 2019 /home/travis/build/icyphy/ptII/ptolemy/domains/de/test/auto/OpenQueuingNetwork.xml
----------------- Instantiating /home/travis/build/icyphy/ptII/ptolemy/domains/de/test/auto/OpenQueuingNetwork.xml
217 ms. Memory: 548352K Free: 469372K (86%)
----------------- Invoking toplevel() on ptolemy.moml.MoMLSimpleApplication@425b7baf
----------------- Done invoking toplevel() on ptolemy.moml.MoMLSimpleApplication@425b7baf
reloadAllAccessors: .OpenQueuingNetwork

===========================================================================================
----------------- testing Wed Apr 10 16:34:11 UTC 2019 /home/travis/build/icyphy/ptII/ptolemy/domains/de/test/auto/PeriodicSampler.xml
----------------- Instantiating /home/travis/build/icyphy/ptII/ptolemy/domains/de/test/auto/PeriodicSampler.xml
2 ms. Memory: 548352K Free: 461803K (84%)
----------------- Invoking toplevel() on ptolemy.moml.MoMLSimpleApplication@4e85e0a9
----------------- Done invoking toplevel() on ptolemy.moml.MoMLSimpleApplication@4e85e0a9
reloadAllAccessors: .PeriodicSampler

===========================================================================================
----------------- testing Wed Apr 10 16:34:11 UTC 2019 /home/travis/build/icyphy/ptII/ptolemy/domains/de/test/auto/PersistentIO.xml
----------------- Instantiating /home/travis/build/icyphy/ptII/ptolemy/domains/de/test/auto/PersistentIO.xml
10 ms. Memory: 548352K Free: 449365K (82%)
----------------- Invoking toplevel() on ptolemy.moml.MoMLSimpleApplication@28a525a0
----------------- Done invoking toplevel() on ptolemy.moml.MoMLSimpleApplication@28a525a0
reloadAllAccessors: .PersistentIO

===========================================================================================
----------------- testing Wed Apr 10 16:34:11 UTC 2019 /home/travis/build/icyphy/ptII/ptolemy/domains/de/test/auto/PortParameterResetOnInitialize.xml
----------------- Instantiating /home/travis/build/icyphy/ptII/ptolemy/domains/de/test/auto/PortParameterResetOnInitialize.xml
3 ms. Memory: 548352K Free: 438671K (80%)
----------------- Invoking toplevel() on ptolemy.moml.MoMLSimpleApplication@79b084b8
----------------- Done invoking toplevel() on ptolemy.moml.MoMLSimpleApplication@79b084b8
reloadAllAccessors: .PortParameterResetOnInitialize

===========================================================================================
----------------- testing Wed Apr 10 16:34:11 UTC 2019 /home/travis/build/icyphy/ptII/ptolemy/domains/de/test/auto/PortParameterUpdates.xml
----------------- Instantiating /home/travis/build/icyphy/ptII/ptolemy/domains/de/test/auto/PortParameterUpdates.xml
3 ms. Memory: 548352K Free: 429326K (78%)
----------------- Invoking toplevel() on ptolemy.moml.MoMLSimpleApplication@1f3ba160
----------------- Done invoking toplevel() on ptolemy.moml.MoMLSimpleApplication@1f3ba160
reloadAllAccessors: .PortParameterUpdates

===========================================================================================
----------------- testing Wed Apr 10 16:34:11 UTC 2019 /home/travis/build/icyphy/ptII/ptolemy/domains/de/test/auto/QueueAndServer.xml
----------------- Instantiating /home/travis/build/icyphy/ptII/ptolemy/domains/de/test/auto/QueueAndServer.xml
5 ms. Memory: 548352K Free: 419970K (77%)
----------------- Invoking toplevel() on ptolemy.moml.MoMLSimpleApplication@5c1d4bcb
----------------- Done invoking toplevel() on ptolemy.moml.MoMLSimpleApplication@5c1d4bcb
reloadAllAccessors: .QueueAndServer

===========================================================================================
----------------- testing Wed Apr 10 16:34:11 UTC 2019 /home/travis/build/icyphy/ptII/ptolemy/domains/de/test/auto/Records.xml
----------------- Instantiating /home/travis/build/icyphy/ptII/ptolemy/domains/de/test/auto/Records.xml
3 ms. Memory: 548352K Free: 409284K (75%)
----------------- Invoking toplevel() on ptolemy.moml.MoMLSimpleApplication@1b57bac2
----------------- Done invoking toplevel() on ptolemy.moml.MoMLSimpleApplication@1b57bac2
reloadAllAccessors: .Records

===========================================================================================
----------------- testing Wed Apr 10 16:34:11 UTC 2019 /home/travis/build/icyphy/ptII/ptolemy/domains/de/test/auto/ResetTransitionWithStartTime1.xml
----------------- Instantiating /home/travis/build/icyphy/ptII/ptolemy/domains/de/test/auto/ResetTransitionWithStartTime1.xml
8 ms. Memory: 548352K Free: 399955K (73%)
----------------- Invoking toplevel() on ptolemy.moml.MoMLSimpleApplication@64dec434
----------------- Done invoking toplevel() on ptolemy.moml.MoMLSimpleApplication@64dec434
reloadAllAccessors: .ResetTransitionWithStartTime1

===========================================================================================
----------------- testing Wed Apr 10 16:34:11 UTC 2019 /home/travis/build/icyphy/ptII/ptolemy/domains/de/test/auto/ResetTransitionWithStartTime2.xml
----------------- Instantiating /home/travis/build/icyphy/ptII/ptolemy/domains/de/test/auto/ResetTransitionWithStartTime2.xml
4 ms. Memory: 548352K Free: 389260K (71%)
----------------- Invoking toplevel() on ptolemy.moml.MoMLSimpleApplication@534476f0
----------------- Done invoking toplevel() on ptolemy.moml.MoMLSimpleApplication@534476f0
reloadAllAccessors: .ResetTransitionWithStartTime2

===========================================================================================
----------------- testing Wed Apr 10 16:34:11 UTC 2019 /home/travis/build/icyphy/ptII/ptolemy/domains/de/test/auto/ResetTransitionWithStartTime3.xml
----------------- Instantiating /home/travis/build/icyphy/ptII/ptolemy/domains/de/test/auto/ResetTransitionWithStartTime3.xml
5 ms. Memory: 548352K Free: 379916K (69%)
----------------- Invoking toplevel() on ptolemy.moml.MoMLSimpleApplication@4d13276d
----------------- Done invoking toplevel() on ptolemy.moml.MoMLSimpleApplication@4d13276d
reloadAllAccessors: .ResetTransitionWithStartTime3

===========================================================================================
----------------- testing Wed Apr 10 16:34:11 UTC 2019 /home/travis/build/icyphy/ptII/ptolemy/domains/de/test/auto/ResetTransitionWithStartTime4.xml
----------------- Instantiating /home/travis/build/icyphy/ptII/ptolemy/domains/de/test/auto/ResetTransitionWithStartTime4.xml
5 ms. Memory: 548352K Free: 370571K (68%)
----------------- Invoking toplevel() on ptolemy.moml.MoMLSimpleApplication@26c75e37
----------------- Done invoking toplevel() on ptolemy.moml.MoMLSimpleApplication@26c75e37
reloadAllAccessors: .ResetTransitionWithStartTime4

===========================================================================================
----------------- testing Wed Apr 10 16:34:11 UTC 2019 /home/travis/build/icyphy/ptII/ptolemy/domains/de/test/auto/ResettableTimer1.xml
----------------- Instantiating /home/travis/build/icyphy/ptII/ptolemy/domains/de/test/auto/ResettableTimer1.xml
2 ms. Memory: 548352K Free: 363002K (66%)
----------------- Invoking toplevel() on ptolemy.moml.MoMLSimpleApplication@427ae99c
----------------- Done invoking toplevel() on ptolemy.moml.MoMLSimpleApplication@427ae99c
reloadAllAccessors: .ResettableTimer1

===========================================================================================
----------------- testing Wed Apr 10 16:34:11 UTC 2019 /home/travis/build/icyphy/ptII/ptolemy/domains/de/test/auto/ResettableTimer2.xml
----------------- Instantiating /home/travis/build/icyphy/ptII/ptolemy/domains/de/test/auto/ResettableTimer2.xml
2 ms. Memory: 548352K Free: 356783K (65%)
----------------- Invoking toplevel() on ptolemy.moml.MoMLSimpleApplication@33ea5f79
----------------- Done invoking toplevel() on ptolemy.moml.MoMLSimpleApplication@33ea5f79
reloadAllAccessors: .ResettableTimer2

===========================================================================================
----------------- testing Wed Apr 10 16:34:11 UTC 2019 /home/travis/build/icyphy/ptII/ptolemy/domains/de/test/auto/ResettableTimer3.xml
----------------- Instantiating /home/travis/build/icyphy/ptII/ptolemy/domains/de/test/auto/ResettableTimer3.xml
2 ms. Memory: 548352K Free: 350564K (64%)
----------------- Invoking toplevel() on ptolemy.moml.MoMLSimpleApplication@79da234b
----------------- Done invoking toplevel() on ptolemy.moml.MoMLSimpleApplication@79da234b
reloadAllAccessors: .ResettableTimer3

===========================================================================================
----------------- testing Wed Apr 10 16:34:11 UTC 2019 /home/travis/build/icyphy/ptII/ptolemy/domains/de/test/auto/ResettableTimer4.xml
----------------- Instantiating /home/travis/build/icyphy/ptII/ptolemy/domains/de/test/auto/ResettableTimer4.xml
1 ms. Memory: 548352K Free: 342995K (63%)
----------------- Invoking toplevel() on ptolemy.moml.MoMLSimpleApplication@447f0ec8
----------------- Done invoking toplevel() on ptolemy.moml.MoMLSimpleApplication@447f0ec8
reloadAllAccessors: .ResettableTimer4

===========================================================================================
----------------- testing Wed Apr 10 16:34:11 UTC 2019 /home/travis/build/icyphy/ptII/ptolemy/domains/de/test/auto/ResettableTimer5.xml
----------------- Instantiating /home/travis/build/icyphy/ptII/ptolemy/domains/de/test/auto/ResettableTimer5.xml
2 ms. Memory: 548352K Free: 333650K (61%)
----------------- Invoking toplevel() on ptolemy.moml.MoMLSimpleApplication@5a934271
----------------- Done invoking toplevel() on ptolemy.moml.MoMLSimpleApplication@5a934271
reloadAllAccessors: .ResettableTimer5

===========================================================================================
----------------- testing Wed Apr 10 16:34:11 UTC 2019 /home/travis/build/icyphy/ptII/ptolemy/domains/de/test/auto/ResettableTimer6.xml
----------------- Instantiating /home/travis/build/icyphy/ptII/ptolemy/domains/de/test/auto/ResettableTimer6.xml
4 ms. Memory: 548352K Free: 322964K (59%)
----------------- Invoking toplevel() on ptolemy.moml.MoMLSimpleApplication@24de9456
----------------- Done invoking toplevel() on ptolemy.moml.MoMLSimpleApplication@24de9456
reloadAllAccessors: .ResettableTimer6

===========================================================================================
----------------- testing Wed Apr 10 16:34:11 UTC 2019 /home/travis/build/icyphy/ptII/ptolemy/domains/de/test/auto/ServerZeroDelay.xml
----------------- Instantiating /home/travis/build/icyphy/ptII/ptolemy/domains/de/test/auto/ServerZeroDelay.xml
2 ms. Memory: 548352K Free: 316745K (58%)
----------------- Invoking toplevel() on ptolemy.moml.MoMLSimpleApplication@3d36c5a3
----------------- Done invoking toplevel() on ptolemy.moml.MoMLSimpleApplication@3d36c5a3
reloadAllAccessors: .ServerZeroDelay

===========================================================================================
----------------- testing Wed Apr 10 16:34:11 UTC 2019 /home/travis/build/icyphy/ptII/ptolemy/domains/de/test/auto/SmartSender.xml
----------------- Instantiating /home/travis/build/icyphy/ptII/ptolemy/domains/de/test/auto/SmartSender.xml
3001 ms. Memory: 548352K Free: 307400K (56%)
----------------- Invoking toplevel() on ptolemy.moml.MoMLSimpleApplication@770a15f0
----------------- Done invoking toplevel() on ptolemy.moml.MoMLSimpleApplication@770a15f0
reloadAllAccessors: .SmartSender

===========================================================================================
----------------- testing Wed Apr 10 16:34:14 UTC 2019 /home/travis/build/icyphy/ptII/ptolemy/domains/de/test/auto/ThreadedComposite.xml
----------------- Instantiating /home/travis/build/icyphy/ptII/ptolemy/domains/de/test/auto/ThreadedComposite.xml
139 ms. Memory: 548352K Free: 278032K (51%)
----------------- Invoking toplevel() on ptolemy.moml.MoMLSimpleApplication@1b94ec61
----------------- Done invoking toplevel() on ptolemy.moml.MoMLSimpleApplication@1b94ec61
reloadAllAccessors: .ThreadedComposite

===========================================================================================
----------------- testing Wed Apr 10 16:34:14 UTC 2019 /home/travis/build/icyphy/ptII/ptolemy/domains/de/test/auto/Time.xml
----------------- Instantiating /home/travis/build/icyphy/ptII/ptolemy/domains/de/test/auto/Time.xml
420 ms. Memory: 548352K Free: 218950K (40%)
----------------- Invoking toplevel() on ptolemy.moml.MoMLSimpleApplication@7f481256
----------------- Done invoking toplevel() on ptolemy.moml.MoMLSimpleApplication@7f481256
reloadAllAccessors: .Time

===========================================================================================
----------------- testing Wed Apr 10 16:34:15 UTC 2019 /home/travis/build/icyphy/ptII/ptolemy/domains/de/test/auto/TimeDelayZeroDelay.xml
----------------- Instantiating /home/travis/build/icyphy/ptII/ptolemy/domains/de/test/auto/TimeDelayZeroDelay.xml
2 ms. Memory: 548352K Free: 211382K (39%)
----------------- Invoking toplevel() on ptolemy.moml.MoMLSimpleApplication@630199fa
----------------- Done invoking toplevel() on ptolemy.moml.MoMLSimpleApplication@630199fa
reloadAllAccessors: .TimeDelayZeroDelay

===========================================================================================
----------------- testing Wed Apr 10 16:34:15 UTC 2019 /home/travis/build/icyphy/ptII/ptolemy/domains/de/test/auto/TimerZeroDelay.xml
----------------- Instantiating /home/travis/build/icyphy/ptII/ptolemy/domains/de/test/auto/TimerZeroDelay.xml
2 ms. Memory: 548352K Free: 205163K (37%)
----------------- Invoking toplevel() on ptolemy.moml.MoMLSimpleApplication@2df33647
----------------- Done invoking toplevel() on ptolemy.moml.MoMLSimpleApplication@2df33647
reloadAllAccessors: .TimerZeroDelay

===========================================================================================
----------------- testing Wed Apr 10 16:34:15 UTC 2019 /home/travis/build/icyphy/ptII/ptolemy/domains/de/test/auto/TimingParadox.xml
----------------- Instantiating /home/travis/build/icyphy/ptII/ptolemy/domains/de/test/auto/TimingParadox.xml
285 ms. Memory: 548352K Free: 133578K (24%)
----------------- Invoking toplevel() on ptolemy.moml.MoMLSimpleApplication@c547812
----------------- Done invoking toplevel() on ptolemy.moml.MoMLSimpleApplication@c547812
reloadAllAccessors: .TimingParadox

===========================================================================================
----------------- testing Wed Apr 10 16:34:15 UTC 2019 /home/travis/build/icyphy/ptII/ptolemy/domains/de/test/auto/TransferInputs.xml
----------------- Instantiating /home/travis/build/icyphy/ptII/ptolemy/domains/de/test/auto/TransferInputs.xml
1 ms. Memory: 548352K Free: 122899K (22%)
----------------- Invoking toplevel() on ptolemy.moml.MoMLSimpleApplication@6da2c57a
----------------- Done invoking toplevel() on ptolemy.moml.MoMLSimpleApplication@6da2c57a
reloadAllAccessors: .TransferInputs

===========================================================================================
----------------- testing Wed Apr 10 16:34:15 UTC 2019 /home/travis/build/icyphy/ptII/ptolemy/domains/de/test/auto/TransferOutputs2.xml
----------------- Instantiating /home/travis/build/icyphy/ptII/ptolemy/domains/de/test/auto/TransferOutputs2.xml
3 ms. Memory: 548352K Free: 110445K (20%)
----------------- Invoking toplevel() on ptolemy.moml.MoMLSimpleApplication@52f09879
----------------- Done invoking toplevel() on ptolemy.moml.MoMLSimpleApplication@52f09879
reloadAllAccessors: .TransferOutputs2

===========================================================================================
----------------- testing Wed Apr 10 16:34:15 UTC 2019 /home/travis/build/icyphy/ptII/ptolemy/domains/de/test/auto/Trilateration.xml
----------------- Instantiating /home/travis/build/icyphy/ptII/ptolemy/domains/de/test/auto/Trilateration.xml
11634 ms. Memory: 408576K Free: 270657K (66%)
----------------- Invoking toplevel() on ptolemy.moml.MoMLSimpleApplication@5544e7ef
----------------- Done invoking toplevel() on ptolemy.moml.MoMLSimpleApplication@5544e7ef
reloadAllAccessors: .Trilateration

===========================================================================================
----------------- testing Wed Apr 10 16:34:28 UTC 2019 /home/travis/build/icyphy/ptII/ptolemy/domains/de/test/auto/TwoSigmaDelta.xml
----------------- Instantiating /home/travis/build/icyphy/ptII/ptolemy/domains/de/test/auto/TwoSigmaDelta.xml
1871 ms. Memory: 388608K Free: 279200K (72%)
----------------- Invoking toplevel() on ptolemy.moml.MoMLSimpleApplication@4fe9e448
----------------- Done invoking toplevel() on ptolemy.moml.MoMLSimpleApplication@4fe9e448
reloadAllAccessors: .TwoSigmaDelta

===========================================================================================
----------------- testing Wed Apr 10 16:34:30 UTC 2019 /home/travis/build/icyphy/ptII/ptolemy/domains/de/test/auto/VariableDelay.xml
----------------- Instantiating /home/travis/build/icyphy/ptII/ptolemy/domains/de/test/auto/VariableDelay.xml
1 ms. Memory: 388608K Free: 265960K (68%)
----------------- Invoking toplevel() on ptolemy.moml.MoMLSimpleApplication@2c5d2421
----------------- Done invoking toplevel() on ptolemy.moml.MoMLSimpleApplication@2c5d2421
reloadAllAccessors: .VariableDelay

===========================================================================================
----------------- testing Wed Apr 10 16:34:30 UTC 2019 /home/travis/build/icyphy/ptII/ptolemy/domains/de/test/auto/VariableDelay2.xml
----------------- Instantiating /home/travis/build/icyphy/ptII/ptolemy/domains/de/test/auto/VariableDelay2.xml
2 ms. Memory: 388608K Free: 256326K (66%)
----------------- Invoking toplevel() on ptolemy.moml.MoMLSimpleApplication@6ab946b4
----------------- Done invoking toplevel() on ptolemy.moml.MoMLSimpleApplication@6ab946b4
reloadAllAccessors: .VariableDelay2

===========================================================================================
----------------- testing Wed Apr 10 16:34:30 UTC 2019 /home/travis/build/icyphy/ptII/ptolemy/domains/de/test/auto/VariableDelayZeroDelay.xml
----------------- Instantiating /home/travis/build/icyphy/ptII/ptolemy/domains/de/test/auto/VariableDelayZeroDelay.xml
1 ms. Memory: 388608K Free: 249775K (64%)
----------------- Invoking toplevel() on ptolemy.moml.MoMLSimpleApplication@2daacc47
----------------- Done invoking toplevel() on ptolemy.moml.MoMLSimpleApplication@2daacc47
reloadAllAccessors: .VariableDelayZeroDelay

===========================================================================================
----------------- testing Wed Apr 10 16:34:30 UTC 2019 /home/travis/build/icyphy/ptII/ptolemy/domains/de/test/auto/VariableDelayZeroDelay2.xml
----------------- Instantiating /home/travis/build/icyphy/ptII/ptolemy/domains/de/test/auto/VariableDelayZeroDelay2.xml
2 ms. Memory: 388608K Free: 242808K (62%)
----------------- Invoking toplevel() on ptolemy.moml.MoMLSimpleApplication@15762428
----------------- Done invoking toplevel() on ptolemy.moml.MoMLSimpleApplication@15762428
reloadAllAccessors: .VariableDelayZeroDelay2

===========================================================================================
----------------- testing Wed Apr 10 16:34:30 UTC 2019 /home/travis/build/icyphy/ptII/ptolemy/domains/de/test/auto/deInCt.xml
----------------- Instantiating /home/travis/build/icyphy/ptII/ptolemy/domains/de/test/auto/deInCt.xml
0
1
1
1
0
0
0
0
0
0
0
1
1
1
0
0
0
0
1
1
1
1
0
0
1
1
1
1
1
5 ms. Memory: 388608K Free: 233182K (60%)
----------------- Invoking toplevel() on ptolemy.moml.MoMLSimpleApplication@54dac5f7
----------------- Done invoking toplevel() on ptolemy.moml.MoMLSimpleApplication@54dac5f7
reloadAllAccessors: .deInCt

===========================================================================================
----------------- testing Wed Apr 10 16:34:30 UTC 2019 /home/travis/build/icyphy/ptII/ptolemy/domains/de/test/auto/deInCt2.xml
----------------- Instantiating /home/travis/build/icyphy/ptII/ptolemy/domains/de/test/auto/deInCt2.xml
0
1
1
1
0
0
1
1
1
0
0
1
1
1
0
0
1
1
1
0
0
1
1
1
0
0
1
1
1
0
0
1
1
1
0
0
1
1
1
0
0
0
4 ms. Memory: 388608K Free: 223557K (58%)
----------------- Invoking toplevel() on ptolemy.moml.MoMLSimpleApplication@30c82f60
----------------- Done invoking toplevel() on ptolemy.moml.MoMLSimpleApplication@30c82f60
reloadAllAccessors: .deInCt2

===========================================================================================
----------------- testing Wed Apr 10 16:34:30 UTC 2019 /home/travis/build/icyphy/ptII/ptolemy/domains/de/test/auto/dynamicCausalityInterface1.xml
----------------- Instantiating /home/travis/build/icyphy/ptII/ptolemy/domains/de/test/auto/dynamicCausalityInterface1.xml
0 ms. Memory: 388608K Free: 210439K (54%)
----------------- Invoking toplevel() on ptolemy.moml.MoMLSimpleApplication@bfc5720
----------------- Done invoking toplevel() on ptolemy.moml.MoMLSimpleApplication@bfc5720
reloadAllAccessors: .dynamicCausalityInterface1

===========================================================================================
----------------- testing Wed Apr 10 16:34:30 UTC 2019 /home/travis/build/icyphy/ptII/ptolemy/domains/de/test/auto/fsm_de_test.xml
----------------- Instantiating /home/travis/build/icyphy/ptII/ptolemy/domains/de/test/auto/fsm_de_test.xml
5 ms. Memory: 388608K Free: 197736K (51%)
----------------- Invoking toplevel() on ptolemy.moml.MoMLSimpleApplication@c159823
----------------- Done invoking toplevel() on ptolemy.moml.MoMLSimpleApplication@c159823
reloadAllAccessors: .fsm_de_test

===========================================================================================
----------------- testing Wed Apr 10 16:34:30 UTC 2019 /home/travis/build/icyphy/ptII/ptolemy/domains/de/test/auto/functionDependencyReconstruction.xml
----------------- Instantiating /home/travis/build/icyphy/ptII/ptolemy/domains/de/test/auto/functionDependencyReconstruction.xml
2 ms. Memory: 388608K Free: 178901K (46%)
----------------- Invoking toplevel() on ptolemy.moml.MoMLSimpleApplication@1374ef4c
----------------- Done invoking toplevel() on ptolemy.moml.MoMLSimpleApplication@1374ef4c
reloadAllAccessors: .functionDependencyReconstruction

===========================================================================================
----------------- testing Wed Apr 10 16:34:30 UTC 2019 /home/travis/build/icyphy/ptII/ptolemy/domains/de/test/auto/multirate.xml
----------------- Instantiating /home/travis/build/icyphy/ptII/ptolemy/domains/de/test/auto/multirate.xml
3 ms. Memory: 388608K Free: 168851K (43%)
----------------- Invoking toplevel() on ptolemy.moml.MoMLSimpleApplication@662b36a4
----------------- Done invoking toplevel() on ptolemy.moml.MoMLSimpleApplication@662b36a4
reloadAllAccessors: .multirate

===========================================================================================
----------------- testing Wed Apr 10 16:34:30 UTC 2019 /home/travis/build/icyphy/ptII/ptolemy/domains/de/test/auto/multirate2.xml
----------------- Instantiating /home/travis/build/icyphy/ptII/ptolemy/domains/de/test/auto/multirate2.xml
2 ms. Memory: 388608K Free: 159217K (41%)
----------------- Invoking toplevel() on ptolemy.moml.MoMLSimpleApplication@348a43d2
----------------- Done invoking toplevel() on ptolemy.moml.MoMLSimpleApplication@348a43d2
reloadAllAccessors: .multirate2

===========================================================================================
----------------- testing Wed Apr 10 16:34:30 UTC 2019 /home/travis/build/icyphy/ptII/ptolemy/domains/de/test/auto/realtime.xml
----------------- Instantiating /home/travis/build/icyphy/ptII/ptolemy/domains/de/test/auto/realtime.xml
10002 ms. Memory: 388608K Free: 149583K (38%)
----------------- Invoking toplevel() on ptolemy.moml.MoMLSimpleApplication@e4303d1
----------------- Done invoking toplevel() on ptolemy.moml.MoMLSimpleApplication@e4303d1
reloadAllAccessors: .realtime

===========================================================================================
----------------- testing Wed Apr 10 16:34:40 UTC 2019 /home/travis/build/icyphy/ptII/ptolemy/domains/de/test/auto/relationGroup.xml
----------------- Instantiating /home/travis/build/icyphy/ptII/ptolemy/domains/de/test/auto/relationGroup.xml
1 ms. Memory: 388608K Free: 142616K (37%)
----------------- Invoking toplevel() on ptolemy.moml.MoMLSimpleApplication@1339beb4
----------------- Done invoking toplevel() on ptolemy.moml.MoMLSimpleApplication@1339beb4
reloadAllAccessors: .relationGroup

===========================================================================================
----------------- testing Wed Apr 10 16:34:40 UTC 2019 /home/travis/build/icyphy/ptII/ptolemy/domains/de/test/auto/relationGroup2.xml
----------------- Instantiating /home/travis/build/icyphy/ptII/ptolemy/domains/de/test/auto/relationGroup2.xml
1 ms. Memory: 388608K Free: 136065K (35%)
----------------- Invoking toplevel() on ptolemy.moml.MoMLSimpleApplication@2fe2d320
----------------- Done invoking toplevel() on ptolemy.moml.MoMLSimpleApplication@2fe2d320
reloadAllAccessors: .relationGroup2

===========================================================================================
----------------- testing Wed Apr 10 16:34:40 UTC 2019 /home/travis/build/icyphy/ptII/ptolemy/domains/de/test/auto/sortWithOpaquePorts.xml
----------------- Instantiating /home/travis/build/icyphy/ptII/ptolemy/domains/de/test/auto/sortWithOpaquePorts.xml
1 ms. Memory: 388608K Free: 126439K (33%)
----------------- Invoking toplevel() on ptolemy.moml.MoMLSimpleApplication@6540529f
----------------- Done invoking toplevel() on ptolemy.moml.MoMLSimpleApplication@6540529f
reloadAllAccessors: .sortWithOpaquePorts

===========================================================================================
----------------- testing Wed Apr 10 16:34:40 UTC 2019 /home/travis/build/icyphy/ptII/ptolemy/domains/de/test/auto/transferInputsandOutputs.xml
----------------- Instantiating /home/travis/build/icyphy/ptII/ptolemy/domains/de/test/auto/transferInputsandOutputs.xml
2 ms. Memory: 388608K Free: 116389K (30%)
----------------- Invoking toplevel() on ptolemy.moml.MoMLSimpleApplication@22cb8faa
----------------- Done invoking toplevel() on ptolemy.moml.MoMLSimpleApplication@22cb8faa
reloadAllAccessors: .transferInputsandOutputs

===========================================================================================
----------------- testing Wed Apr 10 16:34:40 UTC 2019 /home/travis/build/icyphy/ptII/ptolemy/domains/de/test/auto/triggerType.xml
----------------- Instantiating /home/travis/build/icyphy/ptII/ptolemy/domains/de/test/auto/triggerType.xml
2 ms. Memory: 388608K Free: 109838K (28%)
----------------- Invoking toplevel() on ptolemy.moml.MoMLSimpleApplication@119a0868
----------------- Done invoking toplevel() on ptolemy.moml.MoMLSimpleApplication@119a0868
reloadAllAccessors: .triggerType
AutoTests.java: About to close Vertx.
AutoTests.java: Vertx closed.
]]></system-out>
  <system-err><![CDATA[java.lang.RuntimeException: Execution failed
	at ptolemy.moml.MoMLSimpleApplication$UnloadThread.run(MoMLSimpleApplication.java:402)
Caused by: ptolemy.kernel.util.IllegalActionException: Found a zero delay loop containing .dependencyLoop.original
  in .dependencyLoop and .dependencyLoop.original
	at ptolemy.actor.util.CausalityInterfaceForComposites._computeOutputPortDepth(CausalityInterfaceForComposites.java:759)
	at ptolemy.actor.util.CausalityInterfaceForComposites._computeInputDepth(CausalityInterfaceForComposites.java:696)
	at ptolemy.actor.util.CausalityInterfaceForComposites._computeOutputPortDepth(CausalityInterfaceForComposites.java:765)
	at ptolemy.actor.util.CausalityInterfaceForComposites._computeInputDepth(CausalityInterfaceForComposites.java:696)
	at ptolemy.actor.util.CausalityInterfaceForComposites._computeOutputPortDepth(CausalityInterfaceForComposites.java:765)
	at ptolemy.actor.util.CausalityInterfaceForComposites._computeInputDepth(CausalityInterfaceForComposites.java:696)
	at ptolemy.actor.util.CausalityInterfaceForComposites._computeActorDepth(CausalityInterfaceForComposites.java:532)
	at ptolemy.actor.util.CausalityInterfaceForComposites.checkForCycles(CausalityInterfaceForComposites.java:96)
	at ptolemy.domains.de.kernel.DEDirector.preinitialize(DEDirector.java:1338)
	at ptolemy.actor.CompositeActor.preinitialize(CompositeActor.java:1828)
	at ptolemy.actor.Manager.preinitializeAndResolveTypes(Manager.java:1040)
	at ptolemy.actor.Manager.initialize(Manager.java:710)
	at ptolemy.actor.Manager.execute(Manager.java:356)
	at ptolemy.actor.Manager.run(Manager.java:1263)
	at ptolemy.actor.Manager$PtolemyRunThread.run(Manager.java:1915)
java.lang.RuntimeException: Execution failed
	at ptolemy.moml.MoMLSimpleApplication$UnloadThread.run(MoMLSimpleApplication.java:402)
Caused by: ptolemy.kernel.util.IllegalActionException: Found a zero delay loop containing .dependencyLoop2.original
  in .dependencyLoop2 and .dependencyLoop2.original
	at ptolemy.actor.util.CausalityInterfaceForComposites._computeOutputPortDepth(CausalityInterfaceForComposites.java:759)
	at ptolemy.actor.util.CausalityInterfaceForComposites._computeInputDepth(CausalityInterfaceForComposites.java:696)
	at ptolemy.actor.util.CausalityInterfaceForComposites._computeOutputPortDepth(CausalityInterfaceForComposites.java:765)
	at ptolemy.actor.util.CausalityInterfaceForComposites._computeInputDepth(CausalityInterfaceForComposites.java:696)
	at ptolemy.actor.util.CausalityInterfaceForComposites._computeOutputPortDepth(CausalityInterfaceForComposites.java:765)
	at ptolemy.actor.util.CausalityInterfaceForComposites._computeInputDepth(CausalityInterfaceForComposites.java:696)
	at ptolemy.actor.util.CausalityInterfaceForComposites._computeActorDepth(CausalityInterfaceForComposites.java:532)
	at ptolemy.actor.util.CausalityInterfaceForComposites.checkForCycles(CausalityInterfaceForComposites.java:96)
	at ptolemy.domains.de.kernel.DEDirector.preinitialize(DEDirector.java:1338)
	at ptolemy.actor.CompositeActor.preinitialize(CompositeActor.java:1828)
	at ptolemy.actor.Manager.preinitializeAndResolveTypes(Manager.java:1040)
	at ptolemy.actor.Manager.initialize(Manager.java:710)
	at ptolemy.actor.Manager.execute(Manager.java:356)
	at ptolemy.actor.Manager.run(Manager.java:1263)
	at ptolemy.actor.Manager$PtolemyRunThread.run(Manager.java:1915)
java.lang.RuntimeException: Execution failed
	at ptolemy.moml.MoMLSimpleApplication$UnloadThread.run(MoMLSimpleApplication.java:402)
Caused by: ptolemy.kernel.util.IllegalActionException: Found a zero delay loop containing .dependencyLoop.original
  in .dependencyLoop and .dependencyLoop.original
	at ptolemy.actor.util.CausalityInterfaceForComposites._computeOutputPortDepth(CausalityInterfaceForComposites.java:759)
	at ptolemy.actor.util.CausalityInterfaceForComposites._computeInputDepth(CausalityInterfaceForComposites.java:696)
	at ptolemy.actor.util.CausalityInterfaceForComposites._computeOutputPortDepth(CausalityInterfaceForComposites.java:765)
	at ptolemy.actor.util.CausalityInterfaceForComposites._computeInputDepth(CausalityInterfaceForComposites.java:696)
	at ptolemy.actor.util.CausalityInterfaceForComposites._computeOutputPortDepth(CausalityInterfaceForComposites.java:765)
	at ptolemy.actor.util.CausalityInterfaceForComposites._computeInputDepth(CausalityInterfaceForComposites.java:696)
	at ptolemy.actor.util.CausalityInterfaceForComposites._computeActorDepth(CausalityInterfaceForComposites.java:532)
	at ptolemy.actor.util.CausalityInterfaceForComposites.checkForCycles(CausalityInterfaceForComposites.java:96)
	at ptolemy.domains.de.kernel.DEDirector.preinitialize(DEDirector.java:1338)
	at ptolemy.actor.CompositeActor.preinitialize(CompositeActor.java:1828)
	at ptolemy.actor.Manager.preinitializeAndResolveTypes(Manager.java:1040)
	at ptolemy.actor.Manager.initialize(Manager.java:710)
	at ptolemy.actor.Manager.execute(Manager.java:356)
	at ptolemy.actor.Manager.run(Manager.java:1263)
	at ptolemy.actor.Manager$PtolemyRunThread.run(Manager.java:1915)
java.lang.RuntimeException: Execution failed
	at ptolemy.moml.MoMLSimpleApplication$UnloadThread.run(MoMLSimpleApplication.java:402)
Caused by: ptolemy.kernel.util.IllegalActionException: Actor is not ready to fire.  Perhaps UpSample.prefire() returned false? Try debugging the actor by selecting "Listen to Actor".  Also, for SDF check moml for tokenConsumptionRate on input.
  in .DESDFClockTest.Play Bell.Copy1:SDF Director and .DESDFClockTest.Play Bell.UpSample
	at ptolemy.actor.sched.StaticSchedulingDirector.fire(StaticSchedulingDirector.java:227)
	at ptolemy.domains.sdf.kernel.SDFDirector.fire(SDFDirector.java:500)
	at ptolemy.actor.CompositeActor.fire(CompositeActor.java:455)
	at ptolemy.domains.de.kernel.DEDirector._fire(DEDirector.java:1949)
	at ptolemy.domains.de.kernel.DEDirector.fire(DEDirector.java:502)
	at ptolemy.actor.CompositeActor.fire(CompositeActor.java:455)
	at ptolemy.actor.Manager.iterate(Manager.java:851)
	at ptolemy.actor.Manager.execute(Manager.java:369)
	at ptolemy.actor.Manager.run(Manager.java:1263)
	at ptolemy.actor.Manager$PtolemyRunThread.run(Manager.java:1915)
java.lang.RuntimeException: Execution failed
	at ptolemy.moml.MoMLSimpleApplication$UnloadThread.run(MoMLSimpleApplication.java:402)
Caused by: ptolemy.kernel.util.IllegalActionException: Found a zero delay loop containing .dependencyLoop2.original
  in .dependencyLoop2 and .dependencyLoop2.original
	at ptolemy.actor.util.CausalityInterfaceForComposites._computeOutputPortDepth(CausalityInterfaceForComposites.java:759)
	at ptolemy.actor.util.CausalityInterfaceForComposites._computeInputDepth(CausalityInterfaceForComposites.java:696)
	at ptolemy.actor.util.CausalityInterfaceForComposites._computeOutputPortDepth(CausalityInterfaceForComposites.java:765)
	at ptolemy.actor.util.CausalityInterfaceForComposites._computeInputDepth(CausalityInterfaceForComposites.java:696)
	at ptolemy.actor.util.CausalityInterfaceForComposites._computeOutputPortDepth(CausalityInterfaceForComposites.java:765)
	at ptolemy.actor.util.CausalityInterfaceForComposites._computeInputDepth(CausalityInterfaceForComposites.java:696)
	at ptolemy.actor.util.CausalityInterfaceForComposites._computeActorDepth(CausalityInterfaceForComposites.java:532)
	at ptolemy.actor.util.CausalityInterfaceForComposites.checkForCycles(CausalityInterfaceForComposites.java:96)
	at ptolemy.domains.de.kernel.DEDirector.preinitialize(DEDirector.java:1338)
	at ptolemy.actor.CompositeActor.preinitialize(CompositeActor.java:1828)
	at ptolemy.actor.Manager.preinitializeAndResolveTypes(Manager.java:1040)
	at ptolemy.actor.Manager.initialize(Manager.java:710)
	at ptolemy.actor.Manager.execute(Manager.java:356)
	at ptolemy.actor.Manager.run(Manager.java:1263)
	at ptolemy.actor.Manager$PtolemyRunThread.run(Manager.java:1915)
java.lang.RuntimeException: Execution failed
	at ptolemy.moml.MoMLSimpleApplication$UnloadThread.run(MoMLSimpleApplication.java:402)
Caused by: ptolemy.kernel.util.IllegalActionException: Found a zero delay loop containing .HierarchicalModel.A
  in .HierarchicalModel and .HierarchicalModel.A
	at ptolemy.actor.util.CausalityInterfaceForComposites._computeOutputPortDepth(CausalityInterfaceForComposites.java:759)
	at ptolemy.actor.util.CausalityInterfaceForComposites._computeInputDepth(CausalityInterfaceForComposites.java:696)
	at ptolemy.actor.util.CausalityInterfaceForComposites._computeOutputPortDepth(CausalityInterfaceForComposites.java:765)
	at ptolemy.actor.util.CausalityInterfaceForComposites._computeInputDepth(CausalityInterfaceForComposites.java:696)
	at ptolemy.actor.util.CausalityInterfaceForComposites._computeOutputPortDepth(CausalityInterfaceForComposites.java:765)
	at ptolemy.actor.util.CausalityInterfaceForComposites._computeInputDepth(CausalityInterfaceForComposites.java:696)
	at ptolemy.actor.util.CausalityInterfaceForComposites._computeActorDepth(CausalityInterfaceForComposites.java:532)
	at ptolemy.actor.util.CausalityInterfaceForComposites.checkForCycles(CausalityInterfaceForComposites.java:96)
	at ptolemy.domains.de.kernel.DEDirector.preinitialize(DEDirector.java:1338)
	at ptolemy.actor.CompositeActor.preinitialize(CompositeActor.java:1828)
	at ptolemy.actor.Manager.preinitializeAndResolveTypes(Manager.java:1040)
	at ptolemy.actor.Manager.initialize(Manager.java:710)
	at ptolemy.actor.Manager.execute(Manager.java:356)
	at ptolemy.actor.Manager.run(Manager.java:1263)
	at ptolemy.actor.Manager$PtolemyRunThread.run(Manager.java:1915)
java.lang.RuntimeException: Execution failed
	at ptolemy.moml.MoMLSimpleApplication$UnloadThread.run(MoMLSimpleApplication.java:402)
Caused by: ptolemy.kernel.util.IllegalActionException: Test fails in iteration 1.
Value was: 1.0. Should have been: 2.0
  in .DirectFeedback.Test
	at ptolemy.actor.lib.Test.fire(Test.java:268)
	at ptolemy.domains.de.kernel.DEDirector._fire(DEDirector.java:1949)
	at ptolemy.domains.de.kernel.DEDirector.fire(DEDirector.java:502)
	at ptolemy.actor.CompositeActor.fire(CompositeActor.java:455)
	at ptolemy.actor.Manager.iterate(Manager.java:851)
	at ptolemy.actor.Manager.execute(Manager.java:369)
	at ptolemy.actor.Manager.run(Manager.java:1263)
	at ptolemy.actor.Manager$PtolemyRunThread.run(Manager.java:1915)
java.lang.RuntimeException: Execution failed
	at ptolemy.moml.MoMLSimpleApplication$UnloadThread.run(MoMLSimpleApplication.java:402)
Caused by: ptolemy.kernel.util.IllegalActionException: Actor is not ready to fire.  Perhaps UpSample.prefire() returned false? Try debugging the actor by selecting "Listen to Actor".  Also, for SDF check moml for tokenConsumptionRate on input.
  in .DESDFClockTest.Play Bell.Copy1:SDF Director and .DESDFClockTest.Play Bell.UpSample
	at ptolemy.actor.sched.StaticSchedulingDirector.fire(StaticSchedulingDirector.java:227)
	at ptolemy.domains.sdf.kernel.SDFDirector.fire(SDFDirector.java:500)
	at ptolemy.actor.CompositeActor.fire(CompositeActor.java:455)
	at ptolemy.domains.de.kernel.DEDirector._fire(DEDirector.java:1949)
	at ptolemy.domains.de.kernel.DEDirector.fire(DEDirector.java:502)
	at ptolemy.actor.CompositeActor.fire(CompositeActor.java:455)
	at ptolemy.actor.Manager.iterate(Manager.java:851)
	at ptolemy.actor.Manager.execute(Manager.java:369)
	at ptolemy.actor.Manager.run(Manager.java:1263)
	at ptolemy.actor.Manager$PtolemyRunThread.run(Manager.java:1915)
java.lang.reflect.InvocationTargetException
	at sun.reflect.NativeConstructorAccessorImpl.newInstance0(Native Method)
	at sun.reflect.NativeConstructorAccessorImpl.newInstance(NativeConstructorAccessorImpl.java:62)
	at sun.reflect.DelegatingConstructorAccessorImpl.newInstance(DelegatingConstructorAccessorImpl.java:45)
	at java.lang.reflect.Constructor.newInstance(Constructor.java:423)
	at ptolemy.util.test.junit.AutoKnownFailedTests.RunModel(AutoKnownFailedTests.java:105)
	at sun.reflect.NativeMethodAccessorImpl.invoke0(Native Method)
	at sun.reflect.NativeMethodAccessorImpl.invoke(NativeMethodAccessorImpl.java:62)
	at sun.reflect.DelegatingMethodAccessorImpl.invoke(DelegatingMethodAccessorImpl.java:43)
	at java.lang.reflect.Method.invoke(Method.java:498)
	at org.junit.runners.model.FrameworkMethod$1.runReflectiveCall(FrameworkMethod.java:44)
	at org.junit.internal.runners.model.ReflectiveCallable.run(ReflectiveCallable.java:15)
	at org.junit.runners.model.FrameworkMethod.invokeExplosively(FrameworkMethod.java:41)
	at junitparams.internal.InvokeParameterisedMethod.evaluate(InvokeParameterisedMethod.java:102)
	at org.junit.internal.runners.statements.FailOnTimeout$1.run(FailOnTimeout.java:28)
Caused by: ptolemy.kernel.util.IllegalActionException: Actor is not ready to fire.  Perhaps UpSample.prefire() returned false? Try debugging the actor by selecting "Listen to Actor".  Also, for SDF check moml for tokenConsumptionRate on input.
  in .DESDFClockTest.Play Bell.Copy1:SDF Director and .DESDFClockTest.Play Bell.UpSample
	at ptolemy.actor.sched.StaticSchedulingDirector.fire(StaticSchedulingDirector.java:227)
	at ptolemy.domains.sdf.kernel.SDFDirector.fire(SDFDirector.java:500)
	at ptolemy.actor.CompositeActor.fire(CompositeActor.java:455)
	at ptolemy.domains.de.kernel.DEDirector._fire(DEDirector.java:1949)
	at ptolemy.domains.de.kernel.DEDirector.fire(DEDirector.java:502)
	at ptolemy.actor.CompositeActor.fire(CompositeActor.java:455)
	at ptolemy.actor.Manager.iterate(Manager.java:851)
	at ptolemy.actor.Manager.execute(Manager.java:369)
	at ptolemy.actor.Manager.run(Manager.java:1263)
	at ptolemy.actor.Manager$PtolemyRunThread.run(Manager.java:1915)
java.lang.RuntimeException: Execution failed
	at ptolemy.moml.MoMLSimpleApplication$UnloadThread.run(MoMLSimpleApplication.java:402)
Caused by: ptolemy.kernel.util.IllegalActionException: Test fails in iteration 1.
Value was: 1.0. Should have been: 2.0
  in .DirectFeedback.Test
	at ptolemy.actor.lib.Test.fire(Test.java:268)
	at ptolemy.domains.de.kernel.DEDirector._fire(DEDirector.java:1949)
	at ptolemy.domains.de.kernel.DEDirector.fire(DEDirector.java:502)
	at ptolemy.actor.CompositeActor.fire(CompositeActor.java:455)
	at ptolemy.actor.Manager.iterate(Manager.java:851)
	at ptolemy.actor.Manager.execute(Manager.java:369)
	at ptolemy.actor.Manager.run(Manager.java:1263)
	at ptolemy.actor.Manager$PtolemyRunThread.run(Manager.java:1915)
java.lang.reflect.InvocationTargetException
	at sun.reflect.NativeConstructorAccessorImpl.newInstance0(Native Method)
	at sun.reflect.NativeConstructorAccessorImpl.newInstance(NativeConstructorAccessorImpl.java:62)
	at sun.reflect.DelegatingConstructorAccessorImpl.newInstance(DelegatingConstructorAccessorImpl.java:45)
	at java.lang.reflect.Constructor.newInstance(Constructor.java:423)
	at ptolemy.util.test.junit.AutoKnownFailedTests.RunModel(AutoKnownFailedTests.java:105)
	at sun.reflect.NativeMethodAccessorImpl.invoke0(Native Method)
	at sun.reflect.NativeMethodAccessorImpl.invoke(NativeMethodAccessorImpl.java:62)
	at sun.reflect.DelegatingMethodAccessorImpl.invoke(DelegatingMethodAccessorImpl.java:43)
	at java.lang.reflect.Method.invoke(Method.java:498)
	at org.junit.runners.model.FrameworkMethod$1.runReflectiveCall(FrameworkMethod.java:44)
	at org.junit.internal.runners.model.ReflectiveCallable.run(ReflectiveCallable.java:15)
	at org.junit.runners.model.FrameworkMethod.invokeExplosively(FrameworkMethod.java:41)
	at junitparams.internal.InvokeParameterisedMethod.evaluate(InvokeParameterisedMethod.java:102)
	at org.junit.internal.runners.statements.FailOnTimeout$1.run(FailOnTimeout.java:28)
Caused by: ptolemy.kernel.util.IllegalActionException: Test fails in iteration 1.
Value was: 1.0. Should have been: 2.0
  in .DirectFeedback.Test
	at ptolemy.actor.lib.Test.fire(Test.java:268)
	at ptolemy.domains.de.kernel.DEDirector._fire(DEDirector.java:1949)
	at ptolemy.domains.de.kernel.DEDirector.fire(DEDirector.java:502)
	at ptolemy.actor.CompositeActor.fire(CompositeActor.java:455)
	at ptolemy.actor.Manager.iterate(Manager.java:851)
	at ptolemy.actor.Manager.execute(Manager.java:369)
	at ptolemy.actor.Manager.run(Manager.java:1263)
	at ptolemy.actor.Manager$PtolemyRunThread.run(Manager.java:1915)
java.lang.RuntimeException: Execution failed
	at ptolemy.moml.MoMLSimpleApplication$UnloadThread.run(MoMLSimpleApplication.java:402)
Caused by: ptolemy.kernel.util.IllegalActionException: Found a zero delay loop containing .HierarchicalModel.A
  in .HierarchicalModel and .HierarchicalModel.A
	at ptolemy.actor.util.CausalityInterfaceForComposites._computeOutputPortDepth(CausalityInterfaceForComposites.java:759)
	at ptolemy.actor.util.CausalityInterfaceForComposites._computeInputDepth(CausalityInterfaceForComposites.java:696)
	at ptolemy.actor.util.CausalityInterfaceForComposites._computeOutputPortDepth(CausalityInterfaceForComposites.java:765)
	at ptolemy.actor.util.CausalityInterfaceForComposites._computeInputDepth(CausalityInterfaceForComposites.java:696)
	at ptolemy.actor.util.CausalityInterfaceForComposites._computeOutputPortDepth(CausalityInterfaceForComposites.java:765)
	at ptolemy.actor.util.CausalityInterfaceForComposites._computeInputDepth(CausalityInterfaceForComposites.java:696)
	at ptolemy.actor.util.CausalityInterfaceForComposites._computeActorDepth(CausalityInterfaceForComposites.java:532)
	at ptolemy.actor.util.CausalityInterfaceForComposites.checkForCycles(CausalityInterfaceForComposites.java:96)
	at ptolemy.domains.de.kernel.DEDirector.preinitialize(DEDirector.java:1338)
	at ptolemy.actor.CompositeActor.preinitialize(CompositeActor.java:1828)
	at ptolemy.actor.Manager.preinitializeAndResolveTypes(Manager.java:1040)
	at ptolemy.actor.Manager.initialize(Manager.java:710)
	at ptolemy.actor.Manager.execute(Manager.java:356)
	at ptolemy.actor.Manager.run(Manager.java:1263)
	at ptolemy.actor.Manager$PtolemyRunThread.run(Manager.java:1915)
java.lang.reflect.InvocationTargetException
	at sun.reflect.NativeConstructorAccessorImpl.newInstance0(Native Method)
	at sun.reflect.NativeConstructorAccessorImpl.newInstance(NativeConstructorAccessorImpl.java:62)
	at sun.reflect.DelegatingConstructorAccessorImpl.newInstance(DelegatingConstructorAccessorImpl.java:45)
	at java.lang.reflect.Constructor.newInstance(Constructor.java:423)
	at ptolemy.util.test.junit.AutoKnownFailedTests.RunModel(AutoKnownFailedTests.java:105)
	at sun.reflect.NativeMethodAccessorImpl.invoke0(Native Method)
	at sun.reflect.NativeMethodAccessorImpl.invoke(NativeMethodAccessorImpl.java:62)
	at sun.reflect.DelegatingMethodAccessorImpl.invoke(DelegatingMethodAccessorImpl.java:43)
	at java.lang.reflect.Method.invoke(Method.java:498)
	at org.junit.runners.model.FrameworkMethod$1.runReflectiveCall(FrameworkMethod.java:44)
	at org.junit.internal.runners.model.ReflectiveCallable.run(ReflectiveCallable.java:15)
	at org.junit.runners.model.FrameworkMethod.invokeExplosively(FrameworkMethod.java:41)
	at junitparams.internal.InvokeParameterisedMethod.evaluate(InvokeParameterisedMethod.java:102)
	at org.junit.internal.runners.statements.FailOnTimeout$1.run(FailOnTimeout.java:28)
Caused by: ptolemy.kernel.util.IllegalActionException: Found a zero delay loop containing .HierarchicalModel.A
  in .HierarchicalModel and .HierarchicalModel.A
	at ptolemy.actor.util.CausalityInterfaceForComposites._computeOutputPortDepth(CausalityInterfaceForComposites.java:759)
	at ptolemy.actor.util.CausalityInterfaceForComposites._computeInputDepth(CausalityInterfaceForComposites.java:696)
	at ptolemy.actor.util.CausalityInterfaceForComposites._computeOutputPortDepth(CausalityInterfaceForComposites.java:765)
	at ptolemy.actor.util.CausalityInterfaceForComposites._computeInputDepth(CausalityInterfaceForComposites.java:696)
	at ptolemy.actor.util.CausalityInterfaceForComposites._computeOutputPortDepth(CausalityInterfaceForComposites.java:765)
	at ptolemy.actor.util.CausalityInterfaceForComposites._computeInputDepth(CausalityInterfaceForComposites.java:696)
	at ptolemy.actor.util.CausalityInterfaceForComposites._computeActorDepth(CausalityInterfaceForComposites.java:532)
	at ptolemy.actor.util.CausalityInterfaceForComposites.checkForCycles(CausalityInterfaceForComposites.java:96)
	at ptolemy.domains.de.kernel.DEDirector.preinitialize(DEDirector.java:1338)
	at ptolemy.actor.CompositeActor.preinitialize(CompositeActor.java:1828)
	at ptolemy.actor.Manager.preinitializeAndResolveTypes(Manager.java:1040)
	at ptolemy.actor.Manager.initialize(Manager.java:710)
	at ptolemy.actor.Manager.execute(Manager.java:356)
	at ptolemy.actor.Manager.run(Manager.java:1263)
	at ptolemy.actor.Manager$PtolemyRunThread.run(Manager.java:1915)
java.lang.RuntimeException: Execution failed
	at ptolemy.moml.MoMLSimpleApplication$UnloadThread.run(MoMLSimpleApplication.java:402)
Caused by: ptolemy.kernel.util.IllegalActionException: Found a zero delay loop containing .dependencyLoop.original
  in .dependencyLoop and .dependencyLoop.original
	at ptolemy.actor.util.CausalityInterfaceForComposites._computeOutputPortDepth(CausalityInterfaceForComposites.java:759)
	at ptolemy.actor.util.CausalityInterfaceForComposites._computeInputDepth(CausalityInterfaceForComposites.java:696)
	at ptolemy.actor.util.CausalityInterfaceForComposites._computeOutputPortDepth(CausalityInterfaceForComposites.java:765)
	at ptolemy.actor.util.CausalityInterfaceForComposites._computeInputDepth(CausalityInterfaceForComposites.java:696)
	at ptolemy.actor.util.CausalityInterfaceForComposites._computeOutputPortDepth(CausalityInterfaceForComposites.java:765)
	at ptolemy.actor.util.CausalityInterfaceForComposites._computeInputDepth(CausalityInterfaceForComposites.java:696)
	at ptolemy.actor.util.CausalityInterfaceForComposites._computeActorDepth(CausalityInterfaceForComposites.java:532)
	at ptolemy.actor.util.CausalityInterfaceForComposites.checkForCycles(CausalityInterfaceForComposites.java:96)
	at ptolemy.domains.de.kernel.DEDirector.preinitialize(DEDirector.java:1338)
	at ptolemy.actor.CompositeActor.preinitialize(CompositeActor.java:1828)
	at ptolemy.actor.Manager.preinitializeAndResolveTypes(Manager.java:1040)
	at ptolemy.actor.Manager.initialize(Manager.java:710)
	at ptolemy.actor.Manager.execute(Manager.java:356)
	at ptolemy.actor.Manager.run(Manager.java:1263)
	at ptolemy.actor.Manager$PtolemyRunThread.run(Manager.java:1915)
java.lang.reflect.InvocationTargetException
	at sun.reflect.NativeConstructorAccessorImpl.newInstance0(Native Method)
	at sun.reflect.NativeConstructorAccessorImpl.newInstance(NativeConstructorAccessorImpl.java:62)
	at sun.reflect.DelegatingConstructorAccessorImpl.newInstance(DelegatingConstructorAccessorImpl.java:45)
	at java.lang.reflect.Constructor.newInstance(Constructor.java:423)
	at ptolemy.util.test.junit.AutoKnownFailedTests.RunModel(AutoKnownFailedTests.java:105)
	at sun.reflect.NativeMethodAccessorImpl.invoke0(Native Method)
	at sun.reflect.NativeMethodAccessorImpl.invoke(NativeMethodAccessorImpl.java:62)
	at sun.reflect.DelegatingMethodAccessorImpl.invoke(DelegatingMethodAccessorImpl.java:43)
	at java.lang.reflect.Method.invoke(Method.java:498)
	at org.junit.runners.model.FrameworkMethod$1.runReflectiveCall(FrameworkMethod.java:44)
	at org.junit.internal.runners.model.ReflectiveCallable.run(ReflectiveCallable.java:15)
	at org.junit.runners.model.FrameworkMethod.invokeExplosively(FrameworkMethod.java:41)
	at junitparams.internal.InvokeParameterisedMethod.evaluate(InvokeParameterisedMethod.java:102)
	at org.junit.internal.runners.statements.FailOnTimeout$1.run(FailOnTimeout.java:28)
Caused by: ptolemy.kernel.util.IllegalActionException: Found a zero delay loop containing .dependencyLoop.original
  in .dependencyLoop and .dependencyLoop.original
	at ptolemy.actor.util.CausalityInterfaceForComposites._computeOutputPortDepth(CausalityInterfaceForComposites.java:759)
	at ptolemy.actor.util.CausalityInterfaceForComposites._computeInputDepth(CausalityInterfaceForComposites.java:696)
	at ptolemy.actor.util.CausalityInterfaceForComposites._computeOutputPortDepth(CausalityInterfaceForComposites.java:765)
	at ptolemy.actor.util.CausalityInterfaceForComposites._computeInputDepth(CausalityInterfaceForComposites.java:696)
	at ptolemy.actor.util.CausalityInterfaceForComposites._computeOutputPortDepth(CausalityInterfaceForComposites.java:765)
	at ptolemy.actor.util.CausalityInterfaceForComposites._computeInputDepth(CausalityInterfaceForComposites.java:696)
	at ptolemy.actor.util.CausalityInterfaceForComposites._computeActorDepth(CausalityInterfaceForComposites.java:532)
	at ptolemy.actor.util.CausalityInterfaceForComposites.checkForCycles(CausalityInterfaceForComposites.java:96)
	at ptolemy.domains.de.kernel.DEDirector.preinitialize(DEDirector.java:1338)
	at ptolemy.actor.CompositeActor.preinitialize(CompositeActor.java:1828)
	at ptolemy.actor.Manager.preinitializeAndResolveTypes(Manager.java:1040)
	at ptolemy.actor.Manager.initialize(Manager.java:710)
	at ptolemy.actor.Manager.execute(Manager.java:356)
	at ptolemy.actor.Manager.run(Manager.java:1263)
	at ptolemy.actor.Manager$PtolemyRunThread.run(Manager.java:1915)
java.lang.RuntimeException: Execution failed
	at ptolemy.moml.MoMLSimpleApplication$UnloadThread.run(MoMLSimpleApplication.java:402)
Caused by: ptolemy.kernel.util.IllegalActionException: Found a zero delay loop containing .dependencyLoop2.original
  in .dependencyLoop2 and .dependencyLoop2.original
	at ptolemy.actor.util.CausalityInterfaceForComposites._computeOutputPortDepth(CausalityInterfaceForComposites.java:759)
	at ptolemy.actor.util.CausalityInterfaceForComposites._computeInputDepth(CausalityInterfaceForComposites.java:696)
	at ptolemy.actor.util.CausalityInterfaceForComposites._computeOutputPortDepth(CausalityInterfaceForComposites.java:765)
	at ptolemy.actor.util.CausalityInterfaceForComposites._computeInputDepth(CausalityInterfaceForComposites.java:696)
	at ptolemy.actor.util.CausalityInterfaceForComposites._computeOutputPortDepth(CausalityInterfaceForComposites.java:765)
	at ptolemy.actor.util.CausalityInterfaceForComposites._computeInputDepth(CausalityInterfaceForComposites.java:696)
	at ptolemy.actor.util.CausalityInterfaceForComposites._computeActorDepth(CausalityInterfaceForComposites.java:532)
	at ptolemy.actor.util.CausalityInterfaceForComposites.checkForCycles(CausalityInterfaceForComposites.java:96)
	at ptolemy.domains.de.kernel.DEDirector.preinitialize(DEDirector.java:1338)
	at ptolemy.actor.CompositeActor.preinitialize(CompositeActor.java:1828)
	at ptolemy.actor.Manager.preinitializeAndResolveTypes(Manager.java:1040)
	at ptolemy.actor.Manager.initialize(Manager.java:710)
	at ptolemy.actor.Manager.execute(Manager.java:356)
	at ptolemy.actor.Manager.run(Manager.java:1263)
	at ptolemy.actor.Manager$PtolemyRunThread.run(Manager.java:1915)
java.lang.reflect.InvocationTargetException
	at sun.reflect.NativeConstructorAccessorImpl.newInstance0(Native Method)
	at sun.reflect.NativeConstructorAccessorImpl.newInstance(NativeConstructorAccessorImpl.java:62)
	at sun.reflect.DelegatingConstructorAccessorImpl.newInstance(DelegatingConstructorAccessorImpl.java:45)
	at java.lang.reflect.Constructor.newInstance(Constructor.java:423)
	at ptolemy.util.test.junit.AutoKnownFailedTests.RunModel(AutoKnownFailedTests.java:105)
	at sun.reflect.NativeMethodAccessorImpl.invoke0(Native Method)
	at sun.reflect.NativeMethodAccessorImpl.invoke(NativeMethodAccessorImpl.java:62)
	at sun.reflect.DelegatingMethodAccessorImpl.invoke(DelegatingMethodAccessorImpl.java:43)
	at java.lang.reflect.Method.invoke(Method.java:498)
	at org.junit.runners.model.FrameworkMethod$1.runReflectiveCall(FrameworkMethod.java:44)
	at org.junit.internal.runners.model.ReflectiveCallable.run(ReflectiveCallable.java:15)
	at org.junit.runners.model.FrameworkMethod.invokeExplosively(FrameworkMethod.java:41)
	at junitparams.internal.InvokeParameterisedMethod.evaluate(InvokeParameterisedMethod.java:102)
	at org.junit.internal.runners.statements.FailOnTimeout$1.run(FailOnTimeout.java:28)
Caused by: ptolemy.kernel.util.IllegalActionException: Found a zero delay loop containing .dependencyLoop2.original
  in .dependencyLoop2 and .dependencyLoop2.original
	at ptolemy.actor.util.CausalityInterfaceForComposites._computeOutputPortDepth(CausalityInterfaceForComposites.java:759)
	at ptolemy.actor.util.CausalityInterfaceForComposites._computeInputDepth(CausalityInterfaceForComposites.java:696)
	at ptolemy.actor.util.CausalityInterfaceForComposites._computeOutputPortDepth(CausalityInterfaceForComposites.java:765)
	at ptolemy.actor.util.CausalityInterfaceForComposites._computeInputDepth(CausalityInterfaceForComposites.java:696)
	at ptolemy.actor.util.CausalityInterfaceForComposites._computeOutputPortDepth(CausalityInterfaceForComposites.java:765)
	at ptolemy.actor.util.CausalityInterfaceForComposites._computeInputDepth(CausalityInterfaceForComposites.java:696)
	at ptolemy.actor.util.CausalityInterfaceForComposites._computeActorDepth(CausalityInterfaceForComposites.java:532)
	at ptolemy.actor.util.CausalityInterfaceForComposites.checkForCycles(CausalityInterfaceForComposites.java:96)
	at ptolemy.domains.de.kernel.DEDirector.preinitialize(DEDirector.java:1338)
	at ptolemy.actor.CompositeActor.preinitialize(CompositeActor.java:1828)
	at ptolemy.actor.Manager.preinitializeAndResolveTypes(Manager.java:1040)
	at ptolemy.actor.Manager.initialize(Manager.java:710)
	at ptolemy.actor.Manager.execute(Manager.java:356)
	at ptolemy.actor.Manager.run(Manager.java:1263)
	at ptolemy.actor.Manager$PtolemyRunThread.run(Manager.java:1915)
]]></system-err>
</testsuite>
