<?xml version="1.0" encoding="UTF-8" ?>
<testsuite errors="0" failures="1" hostname="travis-job-f155a032-bb9b-405f-97d1-fa8a2a160a62" name="ptolemy.actor.lib.test.junit.JUnitTclTest" skipped="0" tests="517" time="61.461" timestamp="2019-12-23T06:28:16">
  <properties>
    <property name="npm.executable" value="npm" />
    <property name="env.TRAVIS_ROOT" value="/" />
    <property name="ptII.mk.exists" value="true" />
    <property name="env.TRAVIS_APP_HOST" value="build.travis-ci.org" />
    <property name="env.rvm_bin_path" value="/home/travis/.rvm/bin" />
    <property name="java.home" value="/usr/local/lib/jvm/openjdk11" />
    <property name="env.TRAVIS_JOB_NUMBER" value="1438.8" />
    <property name="env.TRAVIS_HOME" value="/home/travis" />
    <property name="env.DISPLAY" value=":99.0" />
    <property name="env.TRAVIS_INIT" value="systemd" />
    <property name="env.SSH_TTY" value="/dev/pts/0" />
    <property name="java.net.preferIPv4Stack" value="true" />
    <property name="env.RUN_TESTS" value="true" />
    <property name="timeout.short" value="1000000" />
    <property name="junit.formatter" value="xml" />
    <property name="env.TRAVIS_SUDO" value="true" />
    <property name="env.TRAVIS_JOB_NAME" value="" />
    <property name="env.TRAVIS_STACK_NODE_ATTRIBUTES" value="/.node-attributes.yml" />
    <property name="env.LOGNAME" value="travis" />
    <property name="env.PT_TRAVIS_TEST_CORE1_XML" value="true" />
    <property name="jsdoc.home" value="node_modules/@terraswarm/jsdoc" />
    <property name="debuglevel" value="source,lines,vars" />
    <property name="checkstyle.formatter" value="xml" />
    <property name="env._system_version" value="16.04" />
    <property name="bin.vergil.makeable" value="true" />
    <property name="sun.os.patch.level" value="unknown" />
    <property name="java.vendor.url" value="http://java.oracle.com/" />
    <property name="env.TRAVIS_BUILD_WEB_URL" value="https://travis-ci.org/icyphy/ptII/builds/628601464" />
    <property name="java.version" value="11.0.2" />
    <property name="env.TZ" value="UTC" />
    <property name="env.TRAVIS_PULL_REQUEST_SHA" value="" />
    <property name="env.PT_NO_NET" value="true" />
    <property name="env.TRAVIS_SECURE_ENV_VARS" value="true" />
    <property name="env._system_type" value="Linux" />
    <property name="java.vendor.url.bug" value="http://bugreport.java.com/bugreport/" />
    <property name="npmjs-org-is-up" value="true" />
    <property name="env.LANGUAGE" value="en_US.UTF-8" />
    <property name="env.SSH_CLIENT" value="10.16.3.54 53674 22" />
    <property name="env.GEM_HOME" value="/home/travis/.rvm/gems/ruby-2.5.3" />
    <property name="env.HAS_ANTARES_THREE_LITTLE_FRONZIES_BADGE" value="true" />
    <property name="java.version.date" value="2019-01-15" />
    <property name="env.PS4" value="+" />
    <property name="ant.project.invoked-targets" value="build,test.core1.xml" />
    <property name="env.TRAVIS_PULL_REQUEST_BRANCH" value="" />
    <property name="env.TRAVIS_REPO_SLUG" value="icyphy/ptII" />
    <property name="env.XDG_DATA_DIRS" value="/usr/local/share:/usr/share:/var/lib/snapd/desktop" />
    <property name="jdk.debug" value="release" />
    <property name="env.TRAVIS_APT_PROXY" value="http://build-cache.travisci.net" />
    <property name="env.TRAVIS_CPU_ARCH" value="amd64" />
    <property name="node.in.path" value="true" />
    <property name="user.name" value="travis" />
    <property name="java.maxmemory" value="1400m" />
    <property name="env.RUBY_VERSION" value="ruby-2.5.3" />
    <property name="env.LANG" value="en_US.UTF-8" />
    <property name="sun.io.unicode.encoding" value="UnicodeLittle" />
    <property name="sun.jnu.encoding" value="UTF-8" />
    <property name="java.runtime.name" value="OpenJDK Runtime Environment" />
    <property name="usefile" value="false" />
    <property name="return.code" value="0" />
    <property name="junit.single.formatter" value="plain" />
    <property name="env.DYLD_LIBRARY_PATH" value="/home/travis/pthla/certi-tools/lib:" />
    <property name="env.DEBIAN_FRONTEND" value="noninteractive" />
    <property name="env.SSH_CONNECTION" value="10.16.3.54 53674 10.20.0.146 22" />
    <property name="env.MYSQL_UNIX_PORT" value="/var/run/mysqld/mysqld.sock" />
    <property name="env.LC_ALL" value="en_US.UTF-8" />
    <property name="env.TRAVIS_ALLOW_FAILURE" value="false" />
    <property name="env.TRAVIS_JOB_WEB_URL" value="https://travis-ci.org/icyphy/ptII/jobs/628601472" />
    <property name="java.specification.name" value="Java Platform API Specification" />
    <property name="node.works" value="true" />
    <property name="user.timezone" value="" />
    <property name="path.separator" value=":" />
    <property name="env.TRAVIS_ENABLE_INFRA_DETECTION" value="true" />
    <property name="env.PYTHON_CFLAGS" value="-g -fstack-protector --param=ssp-buffer-size=4 -Wformat -Werror=format-security" />
    <property name="timeout.long" value="4000000" />
    <property name="env.CERTI_HOME" value="/home/travis/pthla/certi-tools" />
    <property name="ant.file.ptII" value="/home/travis/build/icyphy/ptII/build.xml" />
    <property name="javadoc.packagenames" value="com.*,diva.*,lbnl.*,org.hlacerti.*,org.json.*,org.ptolemy.*,org.terraswarm.*,ptolemy.*,ptserver.*" />
    <property name="file.encoding" value="UTF-8" />
    <property name="env.TRAVIS_PULL_REQUEST_SLUG" value="" />
    <property name="ant.project.default-target" value="build" />
    <property name="env.GIT_ASKPASS" value="echo" />
    <property name="env.HOME" value="/home/travis" />
    <property name="sun.java.command" value="org.apache.tools.ant.taskdefs.optional.junit.JUnitTestRunner ptolemy.actor.lib.test.junit.JUnitTclTest skipNonTests=false filtertrace=true haltOnError=false haltOnFailure=false formatter=org.apache.tools.ant.taskdefs.optional.junit.OutErrSummaryJUnitResultFormatter showoutput=true outputtoformatters=true logfailedtests=true threadid=0 logtestlistenerevents=false formatter=org.apache.tools.ant.taskdefs.optional.junit.XMLJUnitResultFormatter,/home/travis/build/icyphy/ptII/reports/junit/TEST-ptolemy.actor.lib.test.junit.JUnitTclTest.xml crashfile=/home/travis/build/icyphy/ptII/junitvmwatcher8561225210075716605.properties propsfile=/home/travis/build/icyphy/ptII/junit6743197972860645667.properties" />
    <property name="env.COMPOSER_NO_INTERACTION" value="1" />
    <property name="env.MANPATH" value="/home/travis/.nvm/versions/node/v7.10.1/share/man:/home/travis/.rvm/rubies/ruby-2.5.3/share/man:/usr/local/cmake-3.12.4/man:/usr/local/clang-7.0.0/share/man:/usr/local/man:/usr/local/share/man:/usr/share/man:/home/travis/.rvm/man" />
    <property name="env.TRAVIS_TIMER_ID" value="02094c44" />
    <property name="ant.file" value="/home/travis/build/icyphy/ptII/build.xml" />
    <property name="env.TRAVIS_COMMIT_RANGE" value="c7ad326c8bb61863fc0b87bc56a33674fe4fd789...687bb808dc5adecbfa0f708fbf7527a5d6554d96" />
    <property name="env._system_name" value="Ubuntu" />
    <property name="ptII.classpath.optional.property" value="/home/travis/build/icyphy/ptII/lib/bsh-2.0b4.jar:/home/travis/build/icyphy/ptII/lib/ptCal.jar:/home/travis/build/icyphy/ptII/lib/java_cup.jar:/home/travis/build/icyphy/ptII/lib/saxon8.jar:/home/travis/build/icyphy/ptII/lib/saxon8-dom.jar:/home/travis/build/icyphy/ptII/lib/chic.jar:/home/travis/build/icyphy/ptII/lib/ptcolt.jar:/home/travis/build/icyphy/ptII/vendors/misc/itext/iText.jar:/home/travis/build/icyphy/ptII/lib/g4ltl.jar:/home/travis/build/icyphy/ptII/lib/StructuralCoder.jar:/home/travis/build/icyphy/ptII/lib/jcerti.jar:/home/travis/build/icyphy/ptII/lib/javax.mail.jar:/home/travis/build/icyphy/ptII/vendors/JMF-2.1.1e/lib/jmf.jar:/home/travis/build/icyphy/ptII/lib/jna-4.0.0-variadic.jar:/home/travis/build/icyphy/ptII/vendors/misc/joystick/Joystick.jar:/home/travis/build/icyphy/ptII/lib/ptjacl.jar:/home/travis/build/icyphy/ptII/lib/jsoup-1.8.2.jar:/home/travis/build/icyphy/ptII/lib/junit-4.8.2.jar:/home/travis/build/icyphy/ptII/lib/JUnitParams-0.4.0.jar:/home/travis/build/icyphy/ptII/ptolemy/actor/lib/excel/jxl.jar:/home/travis/build/icyphy/ptII/lib/jython.jar:/home/travis/build/icyphy/ptII/lib/kieler.jar:/home/travis/build/icyphy/ptII/vendors/opencv/share/OpenCV/java/opencv-341.jar:/home/travis/build/icyphy/ptII/lib/oscP5.jar:/home/travis/build/icyphy/ptII/lib/nrjavaserial-3.11.0.devel.jar:/home/travis/build/icyphy/ptII/vendors/j3d/lib/Linux/j3dcore.jar:/home/travis/build/icyphy/ptII/vendors/j3d/lib/Linux/j3dutils.jar:/home/travis/build/icyphy/ptII/vendors/j3d/lib/Linux/vecmath.jar:/home/travis/build/icyphy/ptII/vendors/jogl/lib/Linux/gluegen-rt-natives-linux-amd64.jar:/home/travis/build/icyphy/ptII/vendors/jogl/lib/Linux/gluegen-rt.jar:/home/travis/build/icyphy/ptII/vendors/jogl/lib/Linux/jogl-all-natives-linux-amd64.jar:/home/travis/build/icyphy/ptII/vendors/jogl/lib/Linux/jogl-all.jar:/home/travis/build/icyphy/ptII/ptolemy/distributed/jini/jar/jini-core.jar:/home/travis/build/icyphy/ptII/ptolemy/distributed/jini/jar/jini-ext.jar:/home/travis/build/icyphy/ptII/ptolemy/distributed/jini/jar/sun-util.jar:/home/travis/build/icyphy/ptII/lib/protobuf-java-2.4.1.jar:/home/travis/build/icyphy/ptII/lib/org.eclipse.paho.client.mqttv3.jar:/home/travis/build/icyphy/ptII/lib/mapss.jar:/home/travis/build/icyphy/ptII/ptolemy/actor/ptalon/antlr/antlr.jar:/home/travis/build/icyphy/ptII/lib/JRI.jar:/home/travis/build/icyphy/ptII/lib/commons-lang-2.6.jar:/home/travis/build/icyphy/ptII/lib/commons-logging-1.1.1.jar:/home/travis/build/icyphy/ptII/lib/sootclasses.jar:/home/travis/build/icyphy/ptII/ptolemy/actor/lib/database/mysql-connector-java-5.1.6-bin.jar:/home/travis/build/icyphy/ptII/vendors/misc/sphinx4/sphinx4-data-5prealpha.jar:/home/travis/build/icyphy/ptII/vendors/misc/sphinx4/sphinx4-core-5prealpha.jar:/home/travis/build/icyphy/ptII/lib/PDFRenderer.jar:/home/travis/build/icyphy/ptII/lib/svgSalamander.jar:/home/travis/build/icyphy/ptII/lib/rsyntaxtextarea-2.6.0-SNAPSHOT.jar:/home/travis/build/icyphy/ptII/lib/hazelcast-3.8.2.jar:/home/travis/build/icyphy/ptII/lib/jackson-annotations-2.9.0.jar:/home/travis/build/icyphy/ptII/lib/jackson-core-2.9.3.jar:/home/travis/build/icyphy/ptII/lib/jackson-databind-2.9.3.jar:/home/travis/build/icyphy/ptII/lib/netty-buffer-4.1.19.Final.jar:/home/travis/build/icyphy/ptII/lib/netty-codec-4.1.19.Final.jar:/home/travis/build/icyphy/ptII/lib/netty-codec-dns-4.1.19.Final.jar:/home/travis/build/icyphy/ptII/lib/netty-codec-http-4.1.19.Final.jar:/home/travis/build/icyphy/ptII/lib/netty-codec-http2-4.1.19.Final.jar:/home/travis/build/icyphy/ptII/lib/netty-common-4.1.19.Final.jar:/home/travis/build/icyphy/ptII/lib/netty-handler-4.1.19.Final.jar:/home/travis/build/icyphy/ptII/lib/netty-resolver-4.1.19.Final.jar:/home/travis/build/icyphy/ptII/lib/netty-resolver-dns-4.1.19.Final.jar:/home/travis/build/icyphy/ptII/lib/netty-transport-4.1.19.Final.jar:/home/travis/build/icyphy/ptII/lib/vertx-codegen-3.5.1.jar:/home/travis/build/icyphy/ptII/lib/vertx-core-3.5.2-SNAPSHOT.jar:/home/travis/build/icyphy/ptII/lib/vertx-hazelcast-3.5.1.jar:/home/travis/build/icyphy/ptII/lib/vertx-lang-js-3.5.1.jar:/home/travis/build/icyphy/ptII/lib/vertx-service-proxy-3.5.1.jar:/home/travis/build/icyphy/ptII/lib/vertx-web-3.5.1.jar:/home/travis/build/icyphy/ptII/lib/slf4j-api-1.7.13.jar:/home/travis/build/icyphy/ptII/lib/slf4j-simple-1.7.13.jar:/home/travis/build/icyphy/ptII/lib/webcam-capture-0.3.12.jar:/home/travis/build/icyphy/ptII/lib/bridj-0.7.0.jar:/home/travis/build/icyphy/ptII/lib/xbjlib-1.1.0.nrjavaserial.jar" />
    <property name="timeout" value="2400000" />
    <property name="test.batch" value="**/junit/*.java" />
    <property name="env._" value="/usr/bin/timeout" />
    <property name="java.io.tmpdir" value="/tmp" />
    <property name="user.language" value="en" />
    <property name="env.TRAVIS_INTERNAL_RUBY_REGEX" value="^ruby-(2\.[0-4]\.[0-9]|1\.9\.3)" />
    <property name="env.HISTCONTROL" value="ignoredups:ignorespace" />
    <property name="env.GOROOT" value="/home/travis/.gimme/versions/go1.11.1.linux.amd64" />
    <property name="line.separator" value="&#xa;" />
    <property name="target" value="11" />
    <property name="env.TRAVIS_BUILD_DIR" value="/home/travis/build/icyphy/ptII" />
    <property name="env.ANT_OPTS" value="-Xmx2048m" />
    <property name="ant.file.type" value="file" />
    <property name="ptolemy.ptII.batchMode" value="true" />
    <property name="env.HISTSIZE" value="1000" />
    <property name="env.MERB_ENV" value="test" />
    <property name="java.vm.info" value="mixed mode" />
    <property name="source" value="11" />
    <property name="java.vm.specification.name" value="Java Virtual Machine Specification" />
    <property name="env.TRAVIS_TEST_RESULT" value="0" />
    <property name="jsdoc.command" value="node_modules/@terraswarm/jsdoc/jsdoc.js" />
    <property name="npm.works" value="true" />
    <property name="cobertura.dir" value="/home/travis/build/icyphy/ptII/vendors/cobertura-2.0.3" />
    <property name="jsdoc.command.exists" value="true" />
    <property name="env.rvm_path" value="/home/travis/.rvm" />
    <property name="env.GEM_PATH" value="/home/travis/.rvm/gems/ruby-2.5.3:/home/travis/.rvm/gems/ruby-2.5.3@global" />
    <property name="env.LC_CTYPE" value="en_US.UTF-8" />
    <property name="env.TRAVIS_CMD" value="$PTII/bin/ptIITravisBuild.sh $SECONDS" />
    <property name="java.awt.printerjob" value="sun.print.PSPrinterJob" />
    <property name="env.TRAVIS_STACK_NAME" value="sardonyx" />
    <property name="env.TRAVIS_TIMER_START_TIME" value="1577081868214622378" />
    <property name="ant.version" value="Apache Ant(TM) version 1.10.1 compiled on February 2 2017" />
    <property name="ptII.reports" value="/home/travis/build/icyphy/ptII/reports" />
    <property name="env.TRAVIS_STACK_TIMESTAMP" value="2019-03-25 16:16:56 UTC" />
    <property name="ant.file.type.ptII" value="file" />
    <property name="env.RBENV_SHELL" value="bash" />
    <property name="os.name" value="Linux" />
    <property name="java.specification.vendor" value="Oracle Corporation" />
    <property name="env.rvm_version" value="1.29.7 (latest)" />
    <property name="env.TRAVIS_INFRA" value="unknown" />
    <property name="env.TERM" value="xterm" />
    <property name="java.vm.name" value="OpenJDK 64-Bit Server VM" />
    <property name="env.TRAVIS_BUILD_NUMBER" value="1438" />
    <property name="env.CI" value="true" />
    <property name="java.library.path" value="/home/travis/pthla/certi-tools/lib:/usr/lib/jni:/usr/local/share/OpenCV/java/:/usr/share/OpenCV/java::/usr/java/packages/lib:/usr/lib64:/lib64:/lib:/usr/lib" />
    <property name="jdk.module.path" value="/home/travis/build/icyphy/ptII/vendors/javafx/javafx-sdk-11.0.2/lib:" />
    <property name="env.rvm_prefix" value="/home/travis" />
    <property name="env.PATH" value="/home/travis/pthla/certi-tools/share/scripts:/home/travis/.rvm/gems/ruby-2.5.3/bin:/home/travis/.rvm/gems/ruby-2.5.3@global/bin:/home/travis/.rvm/rubies/ruby-2.5.3/bin:/home/travis/.rvm/bin:/home/travis/.nvm/versions/node/v7.10.1/bin:./node_modules/.bin:/home/travis/build/icyphy/ptII/bin:/home/travis/pthla/certi-tools/bin:/home/travis/bin:/home/travis/.local/bin:/usr/local/lib/jvm/openjdk11/bin:/opt/pyenv/shims:/home/travis/.phpenv/shims:/home/travis/perl5/perlbrew/bin:/home/travis/gopath/bin:/home/travis/.gimme/versions/go1.11.1.linux.amd64/bin:/usr/local/maven-3.6.0/bin:/usr/local/cmake-3.12.4/bin:/usr/local/clang-7.0.0/bin:/usr/local/sbin:/usr/local/bin:/usr/sbin:/usr/bin:/sbin:/bin:/snap/bin:/home/travis/.phpenv/bin:/opt/pyenv/bin:/home/travis/.yarn/bin" />
    <property name="env.TRAVIS_OS_NAME" value="linux" />
    <property name="ant.java.version" value="9" />
    <property name="basedir" value="/home/travis/build/icyphy/ptII" />
    <property name="java.class.version" value="55.0" />
    <property name="env.SHLVL" value="3" />
    <property name="env.LD_LIBRARY_PATH" value="/home/travis/pthla/certi-tools/lib:/usr/lib/jni:/usr/local/share/OpenCV/java/:/usr/share/OpenCV/java:" />
    <property name="env.RACK_ENV" value="test" />
    <property name="ant.home" value="/home/travis/build/icyphy/ptII/ant" />
    <property name="env.NVM_DIR" value="/home/travis/.nvm" />
    <property name="env.CERTI_FOM_PATH" value="/home/travis/pthla/certi-tools/share/federations" />
    <property name="env.TRAVIS_BUILD_ID" value="628601464" />
    <property name="env.PYENV_ROOT" value="/opt/pyenv" />
    <property name="env.TRAVIS_UID" value="2000" />
    <property name="prism.verbose" value="true" />
    <property name="env.NVM_BIN" value="/home/travis/.nvm/versions/node/v7.10.1/bin" />
    <property name="env.TRAVIS_COMMIT" value="687bb808dc5adecbfa0f708fbf7527a5d6554d96" />
    <property name="env._system_arch" value="x86_64" />
    <property name="node.executable" value="node" />
    <property name="sun.boot.library.path" value="/usr/local/lib/jvm/openjdk11/lib" />
    <property name="sun.management.compiler" value="HotSpot 64-Bit Tiered Compilers" />
    <property name="java.awt.graphicsenv" value="sun.awt.X11GraphicsEnvironment" />
    <property name="env.GOPATH" value="/home/travis/gopath" />
    <property name="ptolemy.ptII.dir" value="/home/travis/build/icyphy/ptII" />
    <property name="env.USER" value="travis" />
    <property name="env.HISTFILESIZE" value="2000" />
    <property name="timeout.longest" value="19000000" />
    <property name="env.PERLBREW_SHELLRC_VERSION" value="0.86" />
    <property name="env.TRAVIS_STACK_FEATURES" value="basic couchdb disabled-ipv6 docker docker-compose elasticsearch firefox go-toolchain google-chrome jdk memcached mongodb mysql nodejs_interpreter perl_interpreter perlbrew phantomjs postgresql python_interpreter redis ruby_interpreter sqlite xserver" />
    <property name="env.TRAVIS_PULL_REQUEST" value="false" />
    <property name="env.PYENV_SHELL" value="bash" />
    <property name="ant.project.name" value="ptII" />
    <property name="env.ANSI_RESET" value="\033[0m" />
    <property name="java.vm.specification.version" value="11" />
    <property name="env.TRAVIS_DIST" value="xenial" />
    <property name="env.CERTI_VERSION" value="4.0.0" />
    <property name="env.CERTI_HOST" value="localhost" />
    <property name="awt.toolkit" value="sun.awt.X11.XToolkit" />
    <property name="env.MY_RUBY_HOME" value="/home/travis/.rvm/rubies/ruby-2.5.3" />
    <property name="sun.cpu.isalist" value="" />
    <property name="env.TRAVIS_TMPDIR" value="/tmp/tmp.7nDouyYkwV" />
    <property name="java.vm.compressedOopsMode" value="Zero based" />
    <property name="os.version" value="4.15.0-1028-gcp" />
    <property name="user.home" value="/home/travis" />
    <property name="java.vm.vendor" value="Oracle Corporation" />
    <property name="env.TRAVIS_TAG" value="nightly" />
    <property name="env.ANSI_YELLOW" value="\033[33;1m" />
    <property name="env.TRAVIS_FILTERED" value="redirect_io" />
    <property name="env.ANSI_GREEN" value="\033[32;1m" />
    <property name="env.JAVA_HOME" value="/usr/local/lib/jvm/openjdk11" />
    <property name="javadoc.excludepackagenames" value="adm.cvs2svn.*,build.*,config.*,doc.coding.templates.*,jni.test.jni.meaningOfLife.*,jni.test.jni.testDeux.*,jni.test.jni.testTrois.*,org.terraswarm.accessor.accessors.web.node_modules.*,org.terraswarm.accessor.accessors.web.hosts.cordova.demo.*,org.terraswarm.accessor.accessors.web.hosts.cordova.plugins.*,org.terraswarm.accessor.accessors-svn.*,pt-modules.*,ptolemy.apps.agilent.*,ptolemy.apps.anytimecontrol.*,ptolemy.apps.apes.*,ptolemy.apps.charon.*,ptolemy.apps.crazyboard.*,ptolemy.apps.eclipse.*,ptolemy.apps.etherealSting.*,ptolemy.apps.fullscreen.*,ptolemy.apps.giotto.*,ptolemy.apps.ia.*,ptolemy.apps.interfaces.*,ptolemy.apps.jmf.*,ptolemy.apps.kurt.*,ptolemy.apps.kvm.*,ptolemy.apps.lego.*,ptolemy.apps.lejos.*,ptolemy.apps.midp.*,ptolemy.apps.mobileCoding.*,ptolemy.apps.pendulum.*,ptolemy.apps.rijndael.*,ptolemy.apps.robot.*,ptolemy.apps.security.*,ptolemy.apps.sobel.*,ptolemy.apps.soot.*,ptolemy.apps.throttle.*,ptolemy.apps.tini.*,ptolemy.apps.transmission.*,ptolemy.apps.vergil.*,ptolemy.apps.waba.*,ptolemy.apps.websensor.*,ptolemy.apps.webstart.*,ptolemy.apps.xsl.*,ptolemy.apps.zaurus.*,ptolemy.codegen.c.actor.lib.oldJavaFiles.*,ptolemy.codegen.dsp.lib.*,ptolemy.codegen.kernel.newInterfaces.*,ptolemy.codegen.lib.*,ptolemy.copernicus.kernel.fragment.*,ptolemy.copernicus.shallow.cg.*,ptolemy.domains.giotto.demo.Hierarchy.Hierarchy.*,ptolemy.domains.giotto.demo.Multimode.Multimode.*,ptolemy.domains.giotto.demo.Simple.Simple.*,ptolemy.domains.gr.lib.experimental.*,ptolemy.domains.gro.*,ptolemy.domains.pdf.*,ptolemy.domains.ptinyos.demo.Surge.output.*,ptolemy.moml.test.NoPackageActor.java*,ptolemy.plot.adm.*,ptolemy.plot.servlet.*,reports.*,signed.*,src.*,target.*,vendors.*,ptolemy.copernicus.applet.*,ptolemy.media.viewer.*,ptolemy.actor.corba.*,doc.doclets.*,ptolemy.apps.eclipse.awt.*,ptolemy.backtrack.*,ptolemy.backtrack.ast.*,ptolemy.cg.adapter.generic.program.procedural.c.mbed*,ptolemy.homer.*,ptolemy.actor.lib.jai.*,org.ptolemy.scala.*,diva.util.java2d.svg.*,ptolemy.domains.ptinyos.*,ptolemy.actor.lib.fmi.fmipp.*,,org.terraswarm.accessor.accessors.web.node_modules.*,org.terraswarm.accessor.accessors-svn,ptolemy.apps.*,ptolemy.actor.ptalon.demo.ptinyos.SendAndReceiveCnt.output,ptolemy.actor.ptalon.demo.ptinyos.SenseToLeds.output,ptolemy.domains.ptinyos.demo.CntToLedsAndRfm.output,ptolemy.domains.ptinyos.demo.RfmToLeds.output,ptolemy.domains.ptinyos.demo.SendAndReceiveCnt.output,ptolemy.domains.ptinyos.demo.SenseToLeds.output,ptolemy.actor.lib.jjs.modules.udpSocket.*" />
    <property name="env.PTII" value="/home/travis/build/icyphy/ptII" />
    <property name="env.XDG_SESSION_ID" value="2" />
    <property name="keystore" value="ptKeystore" />
    <property name="env.TRAVIS_COMMIT_MESSAGE" value="Minor changes." />
    <property name="junit.output.dir" value="/home/travis/build/icyphy/ptII/reports/junit" />
    <property name="npm.return.code" value="0" />
    <property name="user.dir" value="/home/travis/build/icyphy/ptII/ptolemy/actor/lib/test" />
    <property name="env.TRAVIS_NODE_VERSION" value="7" />
    <property name="env.TRAVIS_EVENT_TYPE" value="cron" />
    <property name="env.MAIL" value="/var/mail/travis" />
    <property name="env.PERLBREW_ROOT" value="/home/travis/perl5/perlbrew" />
    <property name="env.PWD" value="/home/travis/build/icyphy/ptII" />
    <property name="timeout.npm" value="45000" />
    <property name="env.TRAVIS_ARCH" value="amd64" />
    <property name="sun.cpu.endian" value="little" />
    <property name="env.PAGER" value="cat" />
    <property name="env.TRAVIS_BUILD_STAGE_NAME" value="Test" />
    <property name="env.PERLBREW_HOME" value="/home/travis/.perlbrew" />
    <property name="java.vm.version" value="11.0.2+9" />
    <property name="env.RAILS_ENV" value="test" />
    <property name="java.class.path" value="/home/travis/.ptolemyII:/home/travis/.ptolemyII/*:/home/travis/build/icyphy/ptII:/home/travis/build/icyphy/ptII/lib/bsh-2.0b4.jar:/home/travis/build/icyphy/ptII/lib/ptCal.jar:/home/travis/build/icyphy/ptII/lib/java_cup.jar:/home/travis/build/icyphy/ptII/lib/saxon8.jar:/home/travis/build/icyphy/ptII/lib/saxon8-dom.jar:/home/travis/build/icyphy/ptII/lib/chic.jar:/home/travis/build/icyphy/ptII/lib/ptcolt.jar:/home/travis/build/icyphy/ptII/vendors/misc/itext/iText.jar:/home/travis/build/icyphy/ptII/lib/g4ltl.jar:/home/travis/build/icyphy/ptII/lib/StructuralCoder.jar:/home/travis/build/icyphy/ptII/lib/jcerti.jar:/home/travis/build/icyphy/ptII/lib/javax.mail.jar:/home/travis/build/icyphy/ptII/vendors/JMF-2.1.1e/lib/jmf.jar:/home/travis/build/icyphy/ptII/lib/jna-4.0.0-variadic.jar:/home/travis/build/icyphy/ptII/vendors/misc/joystick/Joystick.jar:/home/travis/build/icyphy/ptII/lib/ptjacl.jar:/home/travis/build/icyphy/ptII/lib/jsoup-1.8.2.jar:/home/travis/build/icyphy/ptII/lib/junit-4.8.2.jar:/home/travis/build/icyphy/ptII/lib/JUnitParams-0.4.0.jar:/home/travis/build/icyphy/ptII/ptolemy/actor/lib/excel/jxl.jar:/home/travis/build/icyphy/ptII/lib/jython.jar:/home/travis/build/icyphy/ptII/lib/kieler.jar:/home/travis/build/icyphy/ptII/vendors/opencv/share/OpenCV/java/opencv-341.jar:/home/travis/build/icyphy/ptII/lib/oscP5.jar:/home/travis/build/icyphy/ptII/lib/nrjavaserial-3.11.0.devel.jar:/home/travis/build/icyphy/ptII/vendors/j3d/lib/Linux/j3dcore.jar:/home/travis/build/icyphy/ptII/vendors/j3d/lib/Linux/j3dutils.jar:/home/travis/build/icyphy/ptII/vendors/j3d/lib/Linux/vecmath.jar:/home/travis/build/icyphy/ptII/vendors/jogl/lib/Linux/gluegen-rt-natives-linux-amd64.jar:/home/travis/build/icyphy/ptII/vendors/jogl/lib/Linux/gluegen-rt.jar:/home/travis/build/icyphy/ptII/vendors/jogl/lib/Linux/jogl-all-natives-linux-amd64.jar:/home/travis/build/icyphy/ptII/vendors/jogl/lib/Linux/jogl-all.jar:/home/travis/build/icyphy/ptII/ptolemy/distributed/jini/jar/jini-core.jar:/home/travis/build/icyphy/ptII/ptolemy/distributed/jini/jar/jini-ext.jar:/home/travis/build/icyphy/ptII/ptolemy/distributed/jini/jar/sun-util.jar:/home/travis/build/icyphy/ptII/lib/protobuf-java-2.4.1.jar:/home/travis/build/icyphy/ptII/lib/org.eclipse.paho.client.mqttv3.jar:/home/travis/build/icyphy/ptII/lib/mapss.jar:/home/travis/build/icyphy/ptII/ptolemy/actor/ptalon/antlr/antlr.jar:/home/travis/build/icyphy/ptII/lib/JRI.jar:/home/travis/build/icyphy/ptII/lib/commons-lang-2.6.jar:/home/travis/build/icyphy/ptII/lib/commons-logging-1.1.1.jar:/home/travis/build/icyphy/ptII/lib/sootclasses.jar:/home/travis/build/icyphy/ptII/ptolemy/actor/lib/database/mysql-connector-java-5.1.6-bin.jar:/home/travis/build/icyphy/ptII/vendors/misc/sphinx4/sphinx4-data-5prealpha.jar:/home/travis/build/icyphy/ptII/vendors/misc/sphinx4/sphinx4-core-5prealpha.jar:/home/travis/build/icyphy/ptII/lib/PDFRenderer.jar:/home/travis/build/icyphy/ptII/lib/svgSalamander.jar:/home/travis/build/icyphy/ptII/lib/rsyntaxtextarea-2.6.0-SNAPSHOT.jar:/home/travis/build/icyphy/ptII/lib/hazelcast-3.8.2.jar:/home/travis/build/icyphy/ptII/lib/jackson-annotations-2.9.0.jar:/home/travis/build/icyphy/ptII/lib/jackson-core-2.9.3.jar:/home/travis/build/icyphy/ptII/lib/jackson-databind-2.9.3.jar:/home/travis/build/icyphy/ptII/lib/netty-buffer-4.1.19.Final.jar:/home/travis/build/icyphy/ptII/lib/netty-codec-4.1.19.Final.jar:/home/travis/build/icyphy/ptII/lib/netty-codec-dns-4.1.19.Final.jar:/home/travis/build/icyphy/ptII/lib/netty-codec-http-4.1.19.Final.jar:/home/travis/build/icyphy/ptII/lib/netty-codec-http2-4.1.19.Final.jar:/home/travis/build/icyphy/ptII/lib/netty-common-4.1.19.Final.jar:/home/travis/build/icyphy/ptII/lib/netty-handler-4.1.19.Final.jar:/home/travis/build/icyphy/ptII/lib/netty-resolver-4.1.19.Final.jar:/home/travis/build/icyphy/ptII/lib/netty-resolver-dns-4.1.19.Final.jar:/home/travis/build/icyphy/ptII/lib/netty-transport-4.1.19.Final.jar:/home/travis/build/icyphy/ptII/lib/vertx-codegen-3.5.1.jar:/home/travis/build/icyphy/ptII/lib/vertx-core-3.5.2-SNAPSHOT.jar:/home/travis/build/icyphy/ptII/lib/vertx-hazelcast-3.5.1.jar:/home/travis/build/icyphy/ptII/lib/vertx-lang-js-3.5.1.jar:/home/travis/build/icyphy/ptII/lib/vertx-service-proxy-3.5.1.jar:/home/travis/build/icyphy/ptII/lib/vertx-web-3.5.1.jar:/home/travis/build/icyphy/ptII/lib/slf4j-api-1.7.13.jar:/home/travis/build/icyphy/ptII/lib/slf4j-simple-1.7.13.jar:/home/travis/build/icyphy/ptII/lib/webcam-capture-0.3.12.jar:/home/travis/build/icyphy/ptII/lib/bridj-0.7.0.jar:/home/travis/build/icyphy/ptII/lib/xbjlib-1.1.0.nrjavaserial.jar:/home/travis/build/icyphy/ptII/ptolemy/moml/test:/home/travis/build/icyphy/ptII/ant/lib/ant-launcher.jar:/home/travis/build/icyphy/ptII/ant/lib/ant.jar:/home/travis/build/icyphy/ptII/ant/lib/ant-junit.jar:/home/travis/build/icyphy/ptII/ant/lib/ant-junit4.jar" />
    <property name="ant.library.dir" value="/home/travis/build/icyphy/ptII/ant/lib" />
    <property name="os.arch" value="amd64" />
    <property name="env.CONTINUOUS_INTEGRATION" value="true" />
    <property name="env.TRAVIS_LANGUAGE" value="node_js" />
    <property name="env.TRAVIS_STACK_LANGUAGES" value="__sardonyx__ c c++ clojure cplusplus cpp default generic go groovy java node_js php pure_java python ruby scala" />
    <property name="test.name" value="ptolemy.actor.lib.test.junit.JUnitTclTest" />
    <property name="env.APT_KEY_DONT_WARN_ON_DANGEROUS_USAGE" value="1" />
    <property name="sun.java.launcher" value="SUN_STANDARD" />
    <property name="env.PYTHON_CONFIGURE_OPTS" value="--enable-unicode=ucs4 --with-wide-unicode --enable-shared --enable-ipv6 --enable-loadable-sqlite-extensions --with-computed-gotos" />
    <property name="ant.core.lib" value="/home/travis/build/icyphy/ptII/ant/lib/ant.jar" />
    <property name="java.vm.specification.vendor" value="Oracle Corporation" />
    <property name="env.BCVTB_HOME" value="/home/travis/build/icyphy/ptII/lbnl" />
    <property name="file.separator" value="/" />
    <property name="spotbugs.home" value="/home/travis/build/icyphy/ptII/vendors/spotbugs-3.1.1" />
    <property name="java.runtime.version" value="11.0.2+9" />
    <property name="env.ANSI_CLEAR" value="\033[0K" />
    <property name="javafx.verbose" value="true" />
    <property name="env.HAS_JOSH_K_SEAL_OF_APPROVAL" value="true" />
    <property name="env.XDG_RUNTIME_DIR" value="/run/user/2000" />
    <property name="env.TRAVIS_OSX_IMAGE" value="" />
    <property name="env.TRAVIS_JOB_ID" value="628601472" />
    <property name="env.TRAVIS_BRANCH" value="master" />
    <property name="user.country" value="US" />
    <property name="env.CERTI_HOME_TRAVIS" value="/home/travis/pthla/certi-tools" />
    <property name="env.SHELL" value="/bin/bash" />
    <property name="java.maxmemory.large" value="3200m" />
    <property name="model" value="" />
    <property name="env.CASHER_DIR" value="/home/travis/.casher" />
    <property name="env.NVM_CD_FLAGS" value="" />
    <property name="java.vendor.version" value="18.9" />
    <property name="jshint.executable" value="/home/travis/node_modules/jshint/bin/jshint" />
    <property name="env.JRUBY_OPTS" value=" --client -J-XX:+TieredCompilation -J-XX:TieredStopAtLevel=1 -J-Xss2m -Xcompile.invokedynamic=false" />
    <property name="java.vendor" value="Oracle Corporation" />
    <property name="env.TRAVIS_PRE_CHEF_BOOTSTRAP_TIME" value="2019-03-25T16:16:42" />
    <property name="env.TRAVIS_STACK_JOB_BOARD_REGISTER" value="/.job-board-register.yml" />
    <property name="env.ANSI_RED" value="\033[31;1m" />
    <property name="java.specification.version" value="11" />
    <property name="env.IRBRC" value="/home/travis/.rvm/rubies/ruby-2.5.3/.irbrc" />
    <property name="env.TRAVIS" value="true" />
    <property name="sun.arch.data.model" value="64" />
  </properties>
  <testcase classname="ptolemy.util.test.junit.TclTests" name="[0] /home/travis/build/icyphy/ptII/ptolemy/actor/lib/test/AbsoluteValue.tcl (RunTclFile)" time="0.599" />
  <testcase classname="ptolemy.util.test.junit.TclTests" name="[1] /home/travis/build/icyphy/ptII/ptolemy/actor/lib/test/AddSubtract.tcl (RunTclFile)" time="0.152" />
  <testcase classname="ptolemy.util.test.junit.TclTests" name="[2] /home/travis/build/icyphy/ptII/ptolemy/actor/lib/test/Average.tcl (RunTclFile)" time="0.068" />
  <testcase classname="ptolemy.util.test.junit.TclTests" name="[3] /home/travis/build/icyphy/ptII/ptolemy/actor/lib/test/Bernoulli.tcl (RunTclFile)" time="0.021" />
  <testcase classname="ptolemy.util.test.junit.TclTests" name="[4] /home/travis/build/icyphy/ptII/ptolemy/actor/lib/test/Clock.tcl (RunTclFile)" time="0.103" />
  <testcase classname="ptolemy.util.test.junit.TclTests" name="[5] /home/travis/build/icyphy/ptII/ptolemy/actor/lib/test/Commutator.tcl (RunTclFile)" time="0.183" />
  <testcase classname="ptolemy.util.test.junit.TclTests" name="[6] /home/travis/build/icyphy/ptII/ptolemy/actor/lib/test/Const.tcl (RunTclFile)" time="0.096" />
  <testcase classname="ptolemy.util.test.junit.TclTests" name="[7] /home/travis/build/icyphy/ptII/ptolemy/actor/lib/test/CurrentTime.tcl (RunTclFile)" time="0.04" />
  <testcase classname="ptolemy.util.test.junit.TclTests" name="[8] /home/travis/build/icyphy/ptII/ptolemy/actor/lib/test/DB.tcl (RunTclFile)" time="0.045" />
  <testcase classname="ptolemy.util.test.junit.TclTests" name="[9] /home/travis/build/icyphy/ptII/ptolemy/actor/lib/test/DiscreteRandomSource.tcl (RunTclFile)" time="0.038" />
  <testcase classname="ptolemy.util.test.junit.TclTests" name="[10] /home/travis/build/icyphy/ptII/ptolemy/actor/lib/test/Distributor.tcl (RunTclFile)" time="0.086" />
  <testcase classname="ptolemy.util.test.junit.TclTests" name="[11] /home/travis/build/icyphy/ptII/ptolemy/actor/lib/test/Exit.tcl (RunTclFile)" time="0.094" />
  <testcase classname="ptolemy.util.test.junit.TclTests" name="[12] /home/travis/build/icyphy/ptII/ptolemy/actor/lib/test/Expression.tcl (RunTclFile)" time="0.098" />
  <testcase classname="ptolemy.util.test.junit.TclTests" name="[13] /home/travis/build/icyphy/ptII/ptolemy/actor/lib/test/Gaussian.tcl (RunTclFile)" time="0.816" />
  <testcase classname="ptolemy.util.test.junit.TclTests" name="[14] /home/travis/build/icyphy/ptII/ptolemy/actor/lib/test/IIR.tcl (RunTclFile)" time="0.036" />
  <testcase classname="ptolemy.util.test.junit.TclTests" name="[15] /home/travis/build/icyphy/ptII/ptolemy/actor/lib/test/Interpolator.tcl (RunTclFile)" time="0.072" />
  <testcase classname="ptolemy.util.test.junit.TclTests" name="[16] /home/travis/build/icyphy/ptII/ptolemy/actor/lib/test/MathFunction.tcl (RunTclFile)" time="0.043" />
  <testcase classname="ptolemy.util.test.junit.TclTests" name="[17] /home/travis/build/icyphy/ptII/ptolemy/actor/lib/test/Maximum.tcl (RunTclFile)" time="0.038" />
  <testcase classname="ptolemy.util.test.junit.TclTests" name="[18] /home/travis/build/icyphy/ptII/ptolemy/actor/lib/test/Minimum.tcl (RunTclFile)" time="0.028" />
  <testcase classname="ptolemy.util.test.junit.TclTests" name="[19] /home/travis/build/icyphy/ptII/ptolemy/actor/lib/test/MultiplyDivide.tcl (RunTclFile)" time="0.043" />
  <testcase classname="ptolemy.util.test.junit.TclTests" name="[20] /home/travis/build/icyphy/ptII/ptolemy/actor/lib/test/OrderedMerge.tcl (RunTclFile)" time="0.172" />
  <testcase classname="ptolemy.util.test.junit.TclTests" name="[21] /home/travis/build/icyphy/ptII/ptolemy/actor/lib/test/Publisher.tcl (RunTclFile)" time="0.775" />
  <testcase classname="ptolemy.util.test.junit.TclTests" name="[22] /home/travis/build/icyphy/ptII/ptolemy/actor/lib/test/Pulse.tcl (RunTclFile)" time="0.049" />
  <testcase classname="ptolemy.util.test.junit.TclTests" name="[23] /home/travis/build/icyphy/ptII/ptolemy/actor/lib/test/Ramp.tcl (RunTclFile)" time="2.108" />
  <testcase classname="ptolemy.util.test.junit.TclTests" name="[24] /home/travis/build/icyphy/ptII/ptolemy/actor/lib/test/RampContinuous.tcl (RunTclFile)" time="0.027" />
  <testcase classname="ptolemy.util.test.junit.TclTests" name="[25] /home/travis/build/icyphy/ptII/ptolemy/actor/lib/test/RecordAssembler.tcl (RunTclFile)" time="0.031" />
  <testcase classname="ptolemy.util.test.junit.TclTests" name="[26] /home/travis/build/icyphy/ptII/ptolemy/actor/lib/test/RecordDisassembler.tcl (RunTclFile)" time="0.032" />
  <testcase classname="ptolemy.util.test.junit.TclTests" name="[27] /home/travis/build/icyphy/ptII/ptolemy/actor/lib/test/Scale.tcl (RunTclFile)" time="0.027" />
  <testcase classname="ptolemy.util.test.junit.TclTests" name="[28] /home/travis/build/icyphy/ptII/ptolemy/actor/lib/test/SequentialClock.tcl (RunTclFile)" time="0.016" />
  <testcase classname="ptolemy.util.test.junit.TclTests" name="[29] /home/travis/build/icyphy/ptII/ptolemy/actor/lib/test/SetVariable.tcl (RunTclFile)" time="0.024">
    <failure message="Number of failed tests is has increased. expected:&lt;0&gt; but was:&lt;1&gt;" type="junit.framework.AssertionFailedError">junit.framework.AssertionFailedError: Number of failed tests is has increased. expected:&lt;0&gt; but was:&lt;1&gt;
	at ptolemy.util.test.junit.TclTests.RunTclFile(TclTests.java:286)
	at jdk.internal.reflect.GeneratedMethodAccessor19.invoke(Unknown Source)
	at java.base/jdk.internal.reflect.DelegatingMethodAccessorImpl.invoke(DelegatingMethodAccessorImpl.java:43)
	at junitparams.internal.InvokeParameterisedMethod.evaluate(InvokeParameterisedMethod.java:102)
	at junitparams.internal.ParameterisedTestMethodRunner.runMethodInvoker(ParameterisedTestMethodRunner.java:47)
	at junitparams.internal.ParameterisedTestMethodRunner.runTestMethod(ParameterisedTestMethodRunner.java:41)
	at junitparams.internal.ParameterisedTestClassRunner.runParameterisedTest(ParameterisedTestClassRunner.java:143)
	at junitparams.JUnitParamsRunner.runChild(JUnitParamsRunner.java:237)
	at junitparams.JUnitParamsRunner.runChild(JUnitParamsRunner.java:215)
</failure>
  </testcase>
  <testcase classname="ptolemy.util.test.junit.TclTests" name="[30] /home/travis/build/icyphy/ptII/ptolemy/actor/lib/test/Sinewave.tcl (RunTclFile)" time="0.033" />
  <testcase classname="ptolemy.util.test.junit.TclTests" name="[31] /home/travis/build/icyphy/ptII/ptolemy/actor/lib/test/SubscriptionAggregator.tcl (RunTclFile)" time="2.102" />
  <testcase classname="ptolemy.util.test.junit.TclTests" name="[32] /home/travis/build/icyphy/ptII/ptolemy/actor/lib/test/Test.tcl (RunTclFile)" time="0.131" />
  <testcase classname="ptolemy.util.test.junit.TclTests" name="[33] /home/travis/build/icyphy/ptII/ptolemy/actor/lib/test/TestExceptionHandler.tcl (RunTclFile)" time="0.012" />
  <testcase classname="ptolemy.util.test.junit.TclTests" name="[34] /home/travis/build/icyphy/ptII/ptolemy/actor/lib/test/UnionDisassembler.tcl (RunTclFile)" time="0.083" />
  <testcase classname="ptolemy.util.test.junit.TclTests" name="[35] /home/travis/build/icyphy/ptII/ptolemy/actor/lib/test/VariableClock.tcl (RunTclFile)" time="0.029" />
  <testcase classname="ptolemy.util.test.junit.AutoKnownFailedTests" name="[0] /home/travis/build/icyphy/ptII/ptolemy/actor/lib/test/auto/knownFailedTests/PublisherPortToplevelSubscriber.xml (RunModel)" time="0.018" />
  <testcase classname="ptolemy.util.test.junit.AutoKnownFailedTests" name="[1] /home/travis/build/icyphy/ptII/ptolemy/actor/lib/test/auto/knownFailedTests/PublisherSubscriberPortToplevel.xml (RunModel)" time="0.017" />
  <testcase classname="ptolemy.util.test.junit.AutoKnownFailedTests" name="[2] /home/travis/build/icyphy/ptII/ptolemy/actor/lib/test/auto/knownFailedTests/PublisherSubscriptionAggregatorPort.xml (RunModel)" time="0.018" />
  <testcase classname="ptolemy.util.test.junit.AutoKnownFailedTests" name="[3] /home/travis/build/icyphy/ptII/ptolemy/actor/lib/test/auto/knownFailedTests/sizedarray3.xml (RunModel)" time="0.026" />
  <testcase classname="ptolemy.util.test.junit.AutoNameArchTests" name="[0] ThereAreNoAutoArchTests (RunModel)" time="0.003" />
  <testcase classname="ptolemy.util.test.junit.AutoTests" name="[0] /home/travis/build/icyphy/ptII/ptolemy/actor/lib/test/auto/AbsoluteValue.xml (RunModel)" time="0.107" />
  <testcase classname="ptolemy.util.test.junit.AutoTests" name="[1] /home/travis/build/icyphy/ptII/ptolemy/actor/lib/test/auto/AbsoluteValue2.xml (RunModel)" time="0.053" />
  <testcase classname="ptolemy.util.test.junit.AutoTests" name="[2] /home/travis/build/icyphy/ptII/ptolemy/actor/lib/test/auto/Accumulator.xml (RunModel)" time="0.063" />
  <testcase classname="ptolemy.util.test.junit.AutoTests" name="[3] /home/travis/build/icyphy/ptII/ptolemy/actor/lib/test/auto/Accumulator2.xml (RunModel)" time="0.044" />
  <testcase classname="ptolemy.util.test.junit.AutoTests" name="[4] /home/travis/build/icyphy/ptII/ptolemy/actor/lib/test/auto/Accumulator3.xml (RunModel)" time="0.037" />
  <testcase classname="ptolemy.util.test.junit.AutoTests" name="[5] /home/travis/build/icyphy/ptII/ptolemy/actor/lib/test/auto/ArrayAppend.xml (RunModel)" time="0.035" />
  <testcase classname="ptolemy.util.test.junit.AutoTests" name="[6] /home/travis/build/icyphy/ptII/ptolemy/actor/lib/test/auto/ArrayAppend2.xml (RunModel)" time="0.314" />
  <testcase classname="ptolemy.util.test.junit.AutoTests" name="[7] /home/travis/build/icyphy/ptII/ptolemy/actor/lib/test/auto/ArrayAppend3.xml (RunModel)" time="0.016" />
  <testcase classname="ptolemy.util.test.junit.AutoTests" name="[8] /home/travis/build/icyphy/ptII/ptolemy/actor/lib/test/auto/ArrayAppend4.xml (RunModel)" time="0.033" />
  <testcase classname="ptolemy.util.test.junit.AutoTests" name="[9] /home/travis/build/icyphy/ptII/ptolemy/actor/lib/test/auto/ArrayAppend5.xml (RunModel)" time="0.018" />
  <testcase classname="ptolemy.util.test.junit.AutoTests" name="[10] /home/travis/build/icyphy/ptII/ptolemy/actor/lib/test/auto/ArrayAppend6.xml (RunModel)" time="0.022" />
  <testcase classname="ptolemy.util.test.junit.AutoTests" name="[11] /home/travis/build/icyphy/ptII/ptolemy/actor/lib/test/auto/ArrayAppendPerformanceTest.xml (RunModel)" time="0.062" />
  <testcase classname="ptolemy.util.test.junit.AutoTests" name="[12] /home/travis/build/icyphy/ptII/ptolemy/actor/lib/test/auto/ArrayAppendWithEmptyInput.xml (RunModel)" time="0.055" />
  <testcase classname="ptolemy.util.test.junit.AutoTests" name="[13] /home/travis/build/icyphy/ptII/ptolemy/actor/lib/test/auto/ArrayAverage.xml (RunModel)" time="0.045" />
  <testcase classname="ptolemy.util.test.junit.AutoTests" name="[14] /home/travis/build/icyphy/ptII/ptolemy/actor/lib/test/auto/ArrayContains.xml (RunModel)" time="0.033" />
  <testcase classname="ptolemy.util.test.junit.AutoTests" name="[15] /home/travis/build/icyphy/ptII/ptolemy/actor/lib/test/auto/ArrayElement.xml (RunModel)" time="0.026" />
  <testcase classname="ptolemy.util.test.junit.AutoTests" name="[16] /home/travis/build/icyphy/ptII/ptolemy/actor/lib/test/auto/ArrayElementAsMatrix.xml (RunModel)" time="0.053" />
  <testcase classname="ptolemy.util.test.junit.AutoTests" name="[17] /home/travis/build/icyphy/ptII/ptolemy/actor/lib/test/auto/ArrayElementI.xml (RunModel)" time="0.018" />
  <testcase classname="ptolemy.util.test.junit.AutoTests" name="[18] /home/travis/build/icyphy/ptII/ptolemy/actor/lib/test/auto/ArrayExtract.xml (RunModel)" time="0.026" />
  <testcase classname="ptolemy.util.test.junit.AutoTests" name="[19] /home/travis/build/icyphy/ptII/ptolemy/actor/lib/test/auto/ArrayExtract2.xml (RunModel)" time="0.015" />
  <testcase classname="ptolemy.util.test.junit.AutoTests" name="[20] /home/travis/build/icyphy/ptII/ptolemy/actor/lib/test/auto/ArrayLength.xml (RunModel)" time="0.02" />
  <testcase classname="ptolemy.util.test.junit.AutoTests" name="[21] /home/travis/build/icyphy/ptII/ptolemy/actor/lib/test/auto/ArrayLevelCrossing.xml (RunModel)" time="0.036" />
  <testcase classname="ptolemy.util.test.junit.AutoTests" name="[22] /home/travis/build/icyphy/ptII/ptolemy/actor/lib/test/auto/ArrayLevelCrossing2.xml (RunModel)" time="0.02" />
  <testcase classname="ptolemy.util.test.junit.AutoTests" name="[23] /home/travis/build/icyphy/ptII/ptolemy/actor/lib/test/auto/ArrayPeakSearch.xml (RunModel)" time="0.109" />
  <testcase classname="ptolemy.util.test.junit.AutoTests" name="[24] /home/travis/build/icyphy/ptII/ptolemy/actor/lib/test/auto/ArrayPeakSearch2.xml (RunModel)" time="0.033" />
  <testcase classname="ptolemy.util.test.junit.AutoTests" name="[25] /home/travis/build/icyphy/ptII/ptolemy/actor/lib/test/auto/ArrayPeakSearch3.xml (RunModel)" time="0.039" />
  <testcase classname="ptolemy.util.test.junit.AutoTests" name="[26] /home/travis/build/icyphy/ptII/ptolemy/actor/lib/test/auto/ArrayRemoveElement.xml (RunModel)" time="0.029" />
  <testcase classname="ptolemy.util.test.junit.AutoTests" name="[27] /home/travis/build/icyphy/ptII/ptolemy/actor/lib/test/auto/ArraySort.xml (RunModel)" time="0.032" />
  <testcase classname="ptolemy.util.test.junit.AutoTests" name="[28] /home/travis/build/icyphy/ptII/ptolemy/actor/lib/test/auto/ArraySum.xml (RunModel)" time="0.015" />
  <testcase classname="ptolemy.util.test.junit.AutoTests" name="[29] /home/travis/build/icyphy/ptII/ptolemy/actor/lib/test/auto/ArrayToElements.xml (RunModel)" time="0.017" />
  <testcase classname="ptolemy.util.test.junit.AutoTests" name="[30] /home/travis/build/icyphy/ptII/ptolemy/actor/lib/test/auto/ArrayToMatrix.xml (RunModel)" time="0.058" />
  <testcase classname="ptolemy.util.test.junit.AutoTests" name="[31] /home/travis/build/icyphy/ptII/ptolemy/actor/lib/test/auto/ArrayUpdate1.xml (RunModel)" time="0.021" />
  <testcase classname="ptolemy.util.test.junit.AutoTests" name="[32] /home/travis/build/icyphy/ptII/ptolemy/actor/lib/test/auto/ArrayUpdate2.xml (RunModel)" time="0.023" />
  <testcase classname="ptolemy.util.test.junit.AutoTests" name="[33] /home/travis/build/icyphy/ptII/ptolemy/actor/lib/test/auto/ArrayUpdate3.xml (RunModel)" time="0.019" />
  <testcase classname="ptolemy.util.test.junit.AutoTests" name="[34] /home/travis/build/icyphy/ptII/ptolemy/actor/lib/test/auto/Assert1.xml (RunModel)" time="0.015" />
  <testcase classname="ptolemy.util.test.junit.AutoTests" name="[35] /home/travis/build/icyphy/ptII/ptolemy/actor/lib/test/auto/Assert2.xml (RunModel)" time="0.012" />
  <testcase classname="ptolemy.util.test.junit.AutoTests" name="[36] /home/travis/build/icyphy/ptII/ptolemy/actor/lib/test/auto/BooleanMultiplexor.xml (RunModel)" time="0.013" />
  <testcase classname="ptolemy.util.test.junit.AutoTests" name="[37] /home/travis/build/icyphy/ptII/ptolemy/actor/lib/test/auto/BooleanMultiplexor2.xml (RunModel)" time="0.026" />
  <testcase classname="ptolemy.util.test.junit.AutoTests" name="[38] /home/travis/build/icyphy/ptII/ptolemy/actor/lib/test/auto/BooleanMultiplexor3.xml (RunModel)" time="0.014" />
  <testcase classname="ptolemy.util.test.junit.AutoTests" name="[39] /home/travis/build/icyphy/ptII/ptolemy/actor/lib/test/auto/BooleanSelect.xml (RunModel)" time="0.023" />
  <testcase classname="ptolemy.util.test.junit.AutoTests" name="[40] /home/travis/build/icyphy/ptII/ptolemy/actor/lib/test/auto/BooleanSelect2.xml (RunModel)" time="0.015" />
  <testcase classname="ptolemy.util.test.junit.AutoTests" name="[41] /home/travis/build/icyphy/ptII/ptolemy/actor/lib/test/auto/BooleanSwitch.xml (RunModel)" time="0.021" />
  <testcase classname="ptolemy.util.test.junit.AutoTests" name="[42] /home/travis/build/icyphy/ptII/ptolemy/actor/lib/test/auto/BooleanSwitch2.xml (RunModel)" time="0.014" />
  <testcase classname="ptolemy.util.test.junit.AutoTests" name="[43] /home/travis/build/icyphy/ptII/ptolemy/actor/lib/test/auto/BooleanSwitchCloningBugWithClassRelationGroup.xml (RunModel)" time="0.032" />
  <testcase classname="ptolemy.util.test.junit.AutoTests" name="[44] /home/travis/build/icyphy/ptII/ptolemy/actor/lib/test/auto/BusActors.xml (RunModel)" time="0.037" />
  <testcase classname="ptolemy.util.test.junit.AutoTests" name="[45] /home/travis/build/icyphy/ptII/ptolemy/actor/lib/test/auto/ClassWrapper.xml (RunModel)" time="0.026" />
  <testcase classname="ptolemy.util.test.junit.AutoTests" name="[46] /home/travis/build/icyphy/ptII/ptolemy/actor/lib/test/auto/Clock.xml (RunModel)" time="0.008" />
  <testcase classname="ptolemy.util.test.junit.AutoTests" name="[47] /home/travis/build/icyphy/ptII/ptolemy/actor/lib/test/auto/Clock10.xml (RunModel)" time="0.018" />
  <testcase classname="ptolemy.util.test.junit.AutoTests" name="[48] /home/travis/build/icyphy/ptII/ptolemy/actor/lib/test/auto/Clock11.xml (RunModel)" time="0.047" />
  <testcase classname="ptolemy.util.test.junit.AutoTests" name="[49] /home/travis/build/icyphy/ptII/ptolemy/actor/lib/test/auto/Clock12.xml (RunModel)" time="0.021" />
  <testcase classname="ptolemy.util.test.junit.AutoTests" name="[50] /home/travis/build/icyphy/ptII/ptolemy/actor/lib/test/auto/Clock13.xml (RunModel)" time="0.014" />
  <testcase classname="ptolemy.util.test.junit.AutoTests" name="[51] /home/travis/build/icyphy/ptII/ptolemy/actor/lib/test/auto/Clock14.xml (RunModel)" time="0.015" />
  <testcase classname="ptolemy.util.test.junit.AutoTests" name="[52] /home/travis/build/icyphy/ptII/ptolemy/actor/lib/test/auto/Clock15.xml (RunModel)" time="0.011" />
  <testcase classname="ptolemy.util.test.junit.AutoTests" name="[53] /home/travis/build/icyphy/ptII/ptolemy/actor/lib/test/auto/Clock16.xml (RunModel)" time="0.072" />
  <testcase classname="ptolemy.util.test.junit.AutoTests" name="[54] /home/travis/build/icyphy/ptII/ptolemy/actor/lib/test/auto/Clock17.xml (RunModel)" time="0.037" />
  <testcase classname="ptolemy.util.test.junit.AutoTests" name="[55] /home/travis/build/icyphy/ptII/ptolemy/actor/lib/test/auto/Clock18.xml (RunModel)" time="0.037" />
  <testcase classname="ptolemy.util.test.junit.AutoTests" name="[56] /home/travis/build/icyphy/ptII/ptolemy/actor/lib/test/auto/Clock19.xml (RunModel)" time="0.032" />
  <testcase classname="ptolemy.util.test.junit.AutoTests" name="[57] /home/travis/build/icyphy/ptII/ptolemy/actor/lib/test/auto/Clock2.xml (RunModel)" time="0.009" />
  <testcase classname="ptolemy.util.test.junit.AutoTests" name="[58] /home/travis/build/icyphy/ptII/ptolemy/actor/lib/test/auto/Clock20.xml (RunModel)" time="0.014" />
  <testcase classname="ptolemy.util.test.junit.AutoTests" name="[59] /home/travis/build/icyphy/ptII/ptolemy/actor/lib/test/auto/Clock21.xml (RunModel)" time="0.013" />
  <testcase classname="ptolemy.util.test.junit.AutoTests" name="[60] /home/travis/build/icyphy/ptII/ptolemy/actor/lib/test/auto/Clock22.xml (RunModel)" time="0.014" />
  <testcase classname="ptolemy.util.test.junit.AutoTests" name="[61] /home/travis/build/icyphy/ptII/ptolemy/actor/lib/test/auto/Clock23.xml (RunModel)" time="0.02" />
  <testcase classname="ptolemy.util.test.junit.AutoTests" name="[62] /home/travis/build/icyphy/ptII/ptolemy/actor/lib/test/auto/Clock24.xml (RunModel)" time="0.013" />
  <testcase classname="ptolemy.util.test.junit.AutoTests" name="[63] /home/travis/build/icyphy/ptII/ptolemy/actor/lib/test/auto/Clock4.xml (RunModel)" time="0.008" />
  <testcase classname="ptolemy.util.test.junit.AutoTests" name="[64] /home/travis/build/icyphy/ptII/ptolemy/actor/lib/test/auto/Clock5.xml (RunModel)" time="0.009" />
  <testcase classname="ptolemy.util.test.junit.AutoTests" name="[65] /home/travis/build/icyphy/ptII/ptolemy/actor/lib/test/auto/Clock6.xml (RunModel)" time="0.01" />
  <testcase classname="ptolemy.util.test.junit.AutoTests" name="[66] /home/travis/build/icyphy/ptII/ptolemy/actor/lib/test/auto/Clock7.xml (RunModel)" time="0.008" />
  <testcase classname="ptolemy.util.test.junit.AutoTests" name="[67] /home/travis/build/icyphy/ptII/ptolemy/actor/lib/test/auto/Clock8.xml (RunModel)" time="0.013" />
  <testcase classname="ptolemy.util.test.junit.AutoTests" name="[68] /home/travis/build/icyphy/ptII/ptolemy/actor/lib/test/auto/Clock9.xml (RunModel)" time="0.013" />
  <testcase classname="ptolemy.util.test.junit.AutoTests" name="[69] /home/travis/build/icyphy/ptII/ptolemy/actor/lib/test/auto/CommDistDiscard.xml (RunModel)" time="0.029" />
  <testcase classname="ptolemy.util.test.junit.AutoTests" name="[70] /home/travis/build/icyphy/ptII/ptolemy/actor/lib/test/auto/Commutator.xml (RunModel)" time="0.017" />
  <testcase classname="ptolemy.util.test.junit.AutoTests" name="[71] /home/travis/build/icyphy/ptII/ptolemy/actor/lib/test/auto/Commutator2.xml (RunModel)" time="0.012" />
  <testcase classname="ptolemy.util.test.junit.AutoTests" name="[72] /home/travis/build/icyphy/ptII/ptolemy/actor/lib/test/auto/Commutator3.xml (RunModel)" time="0.011" />
  <testcase classname="ptolemy.util.test.junit.AutoTests" name="[73] /home/travis/build/icyphy/ptII/ptolemy/actor/lib/test/auto/Compare.xml (RunModel)" time="0.053" />
  <testcase classname="ptolemy.util.test.junit.AutoTests" name="[74] /home/travis/build/icyphy/ptII/ptolemy/actor/lib/test/auto/CompareDE.xml (RunModel)" time="0.019" />
  <testcase classname="ptolemy.util.test.junit.AutoTests" name="[75] /home/travis/build/icyphy/ptII/ptolemy/actor/lib/test/auto/ComplexDivide.xml (RunModel)" time="0.015" />
  <testcase classname="ptolemy.util.test.junit.AutoTests" name="[76] /home/travis/build/icyphy/ptII/ptolemy/actor/lib/test/auto/ComputeHistogram.xml (RunModel)" time="0.052" />
  <testcase classname="ptolemy.util.test.junit.AutoTests" name="[77] /home/travis/build/icyphy/ptII/ptolemy/actor/lib/test/auto/ConfigurationSelect.xml (RunModel)" time="0.018" />
  <testcase classname="ptolemy.util.test.junit.AutoTests" name="[78] /home/travis/build/icyphy/ptII/ptolemy/actor/lib/test/auto/ConfigurationSelect2.xml (RunModel)" time="0.019" />
  <testcase classname="ptolemy.util.test.junit.AutoTests" name="[79] /home/travis/build/icyphy/ptII/ptolemy/actor/lib/test/auto/ConfigurationSwitch.xml (RunModel)" time="0.023" />
  <testcase classname="ptolemy.util.test.junit.AutoTests" name="[80] /home/travis/build/icyphy/ptII/ptolemy/actor/lib/test/auto/ConfigurationSwitch2.xml (RunModel)" time="0.023" />
  <testcase classname="ptolemy.util.test.junit.AutoTests" name="[81] /home/travis/build/icyphy/ptII/ptolemy/actor/lib/test/auto/ConfigurationSwitchCloningBugWithClassRelationGroup.xml (RunModel)" time="0.025" />
  <testcase classname="ptolemy.util.test.junit.AutoTests" name="[82] /home/travis/build/icyphy/ptII/ptolemy/actor/lib/test/auto/ConfigurationSwitchSelectSDF.xml (RunModel)" time="0.016" />
  <testcase classname="ptolemy.util.test.junit.AutoTests" name="[83] /home/travis/build/icyphy/ptII/ptolemy/actor/lib/test/auto/ConfigurationSwitchSelectSDF2.xml (RunModel)" time="0.016" />
  <testcase classname="ptolemy.util.test.junit.AutoTests" name="[84] /home/travis/build/icyphy/ptII/ptolemy/actor/lib/test/auto/Const.xml (RunModel)" time="0.008" />
  <testcase classname="ptolemy.util.test.junit.AutoTests" name="[85] /home/travis/build/icyphy/ptII/ptolemy/actor/lib/test/auto/Const2.xml (RunModel)" time="0.018" />
  <testcase classname="ptolemy.util.test.junit.AutoTests" name="[86] /home/travis/build/icyphy/ptII/ptolemy/actor/lib/test/auto/Const3.xml (RunModel)" time="0.009" />
  <testcase classname="ptolemy.util.test.junit.AutoTests" name="[87] /home/travis/build/icyphy/ptII/ptolemy/actor/lib/test/auto/ConstantPublisherPort1.xml (RunModel)" time="0.026" />
  <testcase classname="ptolemy.util.test.junit.AutoTests" name="[88] /home/travis/build/icyphy/ptII/ptolemy/actor/lib/test/auto/ConstantPublisherPort2.xml (RunModel)" time="0.028" />
  <testcase classname="ptolemy.util.test.junit.AutoTests" name="[89] /home/travis/build/icyphy/ptII/ptolemy/actor/lib/test/auto/ConstantPublisherPort3.xml (RunModel)" time="0.022" />
  <testcase classname="ptolemy.util.test.junit.AutoTests" name="[90] /home/travis/build/icyphy/ptII/ptolemy/actor/lib/test/auto/ConstantPublisherPort4.xml (RunModel)" time="0.017" />
  <testcase classname="ptolemy.util.test.junit.AutoTests" name="[91] /home/travis/build/icyphy/ptII/ptolemy/actor/lib/test/auto/ConstantPublisherPort5.xml (RunModel)" time="0.045" />
  <testcase classname="ptolemy.util.test.junit.AutoTests" name="[92] /home/travis/build/icyphy/ptII/ptolemy/actor/lib/test/auto/ConstantPublisherPort6.xml (RunModel)" time="0.031" />
  <testcase classname="ptolemy.util.test.junit.AutoTests" name="[93] /home/travis/build/icyphy/ptII/ptolemy/actor/lib/test/auto/ConstantPublisherPort7.xml (RunModel)" time="0.036" />
  <testcase classname="ptolemy.util.test.junit.AutoTests" name="[94] /home/travis/build/icyphy/ptII/ptolemy/actor/lib/test/auto/ConstraintMonitor1.xml (RunModel)" time="0.045" />
  <testcase classname="ptolemy.util.test.junit.AutoTests" name="[95] /home/travis/build/icyphy/ptII/ptolemy/actor/lib/test/auto/ConstraintMonitor2.xml (RunModel)" time="0.015" />
  <testcase classname="ptolemy.util.test.junit.AutoTests" name="[96] /home/travis/build/icyphy/ptII/ptolemy/actor/lib/test/auto/ConstraintMonitor3.xml (RunModel)" time="0.014" />
  <testcase classname="ptolemy.util.test.junit.AutoTests" name="[97] /home/travis/build/icyphy/ptII/ptolemy/actor/lib/test/auto/ConstraintMonitor4.xml (RunModel)" time="0.019" />
  <testcase classname="ptolemy.util.test.junit.AutoTests" name="[98] /home/travis/build/icyphy/ptII/ptolemy/actor/lib/test/auto/ConstraintMonitor5.xml (RunModel)" time="0.016" />
  <testcase classname="ptolemy.util.test.junit.AutoTests" name="[99] /home/travis/build/icyphy/ptII/ptolemy/actor/lib/test/auto/ConstraintMonitor6.xml (RunModel)" time="0.021" />
  <testcase classname="ptolemy.util.test.junit.AutoTests" name="[100] /home/travis/build/icyphy/ptII/ptolemy/actor/lib/test/auto/ConstraintMonitor7.xml (RunModel)" time="0.019" />
  <testcase classname="ptolemy.util.test.junit.AutoTests" name="[101] /home/travis/build/icyphy/ptII/ptolemy/actor/lib/test/auto/ConstraintMonitor8.xml (RunModel)" time="0.02" />
  <testcase classname="ptolemy.util.test.junit.AutoTests" name="[102] /home/travis/build/icyphy/ptII/ptolemy/actor/lib/test/auto/Counter.xml (RunModel)" time="0.015" />
  <testcase classname="ptolemy.util.test.junit.AutoTests" name="[103] /home/travis/build/icyphy/ptII/ptolemy/actor/lib/test/auto/CurrentTimeSDF.xml (RunModel)" time="0.016" />
  <testcase classname="ptolemy.util.test.junit.AutoTests" name="[104] /home/travis/build/icyphy/ptII/ptolemy/actor/lib/test/auto/DB.xml (RunModel)" time="0.013" />
  <testcase classname="ptolemy.util.test.junit.AutoTests" name="[105] /home/travis/build/icyphy/ptII/ptolemy/actor/lib/test/auto/DBDE.xml (RunModel)" time="0.016" />
  <testcase classname="ptolemy.util.test.junit.AutoTests" name="[106] /home/travis/build/icyphy/ptII/ptolemy/actor/lib/test/auto/DateConstructor.xml (RunModel)" time="0.079" />
  <testcase classname="ptolemy.util.test.junit.AutoTests" name="[107] /home/travis/build/icyphy/ptII/ptolemy/actor/lib/test/auto/DelayTime.xml (RunModel)" time="0.017" />
  <testcase classname="ptolemy.util.test.junit.AutoTests" name="[108] /home/travis/build/icyphy/ptII/ptolemy/actor/lib/test/auto/Dictionary1.xml (RunModel)" time="0.019" />
  <testcase classname="ptolemy.util.test.junit.AutoTests" name="[109] /home/travis/build/icyphy/ptII/ptolemy/actor/lib/test/auto/Dictionary2.xml (RunModel)" time="0.014" />
  <testcase classname="ptolemy.util.test.junit.AutoTests" name="[110] /home/travis/build/icyphy/ptII/ptolemy/actor/lib/test/auto/Dictionary3.xml (RunModel)" time="0.011" />
  <testcase classname="ptolemy.util.test.junit.AutoTests" name="[111] /home/travis/build/icyphy/ptII/ptolemy/actor/lib/test/auto/Dictionary4.xml (RunModel)" time="0.019" />
  <testcase classname="ptolemy.util.test.junit.AutoTests" name="[112] /home/travis/build/icyphy/ptII/ptolemy/actor/lib/test/auto/Differential.xml (RunModel)" time="0.011" />
  <testcase classname="ptolemy.util.test.junit.AutoTests" name="[113] /home/travis/build/icyphy/ptII/ptolemy/actor/lib/test/auto/Director.xml (RunModel)" time="0.015" />
  <testcase classname="ptolemy.util.test.junit.AutoTests" name="[114] /home/travis/build/icyphy/ptII/ptolemy/actor/lib/test/auto/DiscreteClock.xml (RunModel)" time="0.008" />
  <testcase classname="ptolemy.util.test.junit.AutoTests" name="[115] /home/travis/build/icyphy/ptII/ptolemy/actor/lib/test/auto/DiscreteClock10.xml (RunModel)" time="0.011" />
  <testcase classname="ptolemy.util.test.junit.AutoTests" name="[116] /home/travis/build/icyphy/ptII/ptolemy/actor/lib/test/auto/DiscreteClock11.xml (RunModel)" time="0.012" />
  <testcase classname="ptolemy.util.test.junit.AutoTests" name="[117] /home/travis/build/icyphy/ptII/ptolemy/actor/lib/test/auto/DiscreteClock12.xml (RunModel)" time="0.013" />
  <testcase classname="ptolemy.util.test.junit.AutoTests" name="[118] /home/travis/build/icyphy/ptII/ptolemy/actor/lib/test/auto/DiscreteClock13.xml (RunModel)" time="0.015" />
  <testcase classname="ptolemy.util.test.junit.AutoTests" name="[119] /home/travis/build/icyphy/ptII/ptolemy/actor/lib/test/auto/DiscreteClock14.xml (RunModel)" time="0.014" />
  <testcase classname="ptolemy.util.test.junit.AutoTests" name="[120] /home/travis/build/icyphy/ptII/ptolemy/actor/lib/test/auto/DiscreteClock15.xml (RunModel)" time="0.013" />
  <testcase classname="ptolemy.util.test.junit.AutoTests" name="[121] /home/travis/build/icyphy/ptII/ptolemy/actor/lib/test/auto/DiscreteClock16.xml (RunModel)" time="0.096" />
  <testcase classname="ptolemy.util.test.junit.AutoTests" name="[122] /home/travis/build/icyphy/ptII/ptolemy/actor/lib/test/auto/DiscreteClock17.xml (RunModel)" time="0.043" />
  <testcase classname="ptolemy.util.test.junit.AutoTests" name="[123] /home/travis/build/icyphy/ptII/ptolemy/actor/lib/test/auto/DiscreteClock18.xml (RunModel)" time="0.05" />
  <testcase classname="ptolemy.util.test.junit.AutoTests" name="[124] /home/travis/build/icyphy/ptII/ptolemy/actor/lib/test/auto/DiscreteClock19.xml (RunModel)" time="0.053" />
  <testcase classname="ptolemy.util.test.junit.AutoTests" name="[125] /home/travis/build/icyphy/ptII/ptolemy/actor/lib/test/auto/DiscreteClock2.xml (RunModel)" time="0.011" />
  <testcase classname="ptolemy.util.test.junit.AutoTests" name="[126] /home/travis/build/icyphy/ptII/ptolemy/actor/lib/test/auto/DiscreteClock20.xml (RunModel)" time="0.02" />
  <testcase classname="ptolemy.util.test.junit.AutoTests" name="[127] /home/travis/build/icyphy/ptII/ptolemy/actor/lib/test/auto/DiscreteClock21.xml (RunModel)" time="0.017" />
  <testcase classname="ptolemy.util.test.junit.AutoTests" name="[128] /home/travis/build/icyphy/ptII/ptolemy/actor/lib/test/auto/DiscreteClock22.xml (RunModel)" time="0.014" />
  <testcase classname="ptolemy.util.test.junit.AutoTests" name="[129] /home/travis/build/icyphy/ptII/ptolemy/actor/lib/test/auto/DiscreteClock23.xml (RunModel)" time="0.019" />
  <testcase classname="ptolemy.util.test.junit.AutoTests" name="[130] /home/travis/build/icyphy/ptII/ptolemy/actor/lib/test/auto/DiscreteClock24.xml (RunModel)" time="0.013" />
  <testcase classname="ptolemy.util.test.junit.AutoTests" name="[131] /home/travis/build/icyphy/ptII/ptolemy/actor/lib/test/auto/DiscreteClock4.xml (RunModel)" time="0.012" />
  <testcase classname="ptolemy.util.test.junit.AutoTests" name="[132] /home/travis/build/icyphy/ptII/ptolemy/actor/lib/test/auto/DiscreteClock5.xml (RunModel)" time="0.009" />
  <testcase classname="ptolemy.util.test.junit.AutoTests" name="[133] /home/travis/build/icyphy/ptII/ptolemy/actor/lib/test/auto/DiscreteClock6.xml (RunModel)" time="0.017" />
  <testcase classname="ptolemy.util.test.junit.AutoTests" name="[134] /home/travis/build/icyphy/ptII/ptolemy/actor/lib/test/auto/DiscreteClock7.xml (RunModel)" time="0.009" />
  <testcase classname="ptolemy.util.test.junit.AutoTests" name="[135] /home/travis/build/icyphy/ptII/ptolemy/actor/lib/test/auto/DiscreteClock8.xml (RunModel)" time="0.012" />
  <testcase classname="ptolemy.util.test.junit.AutoTests" name="[136] /home/travis/build/icyphy/ptII/ptolemy/actor/lib/test/auto/DiscreteClock9.xml (RunModel)" time="0.012" />
  <testcase classname="ptolemy.util.test.junit.AutoTests" name="[137] /home/travis/build/icyphy/ptII/ptolemy/actor/lib/test/auto/DisplayArray.xml (RunModel)" time="0.007" />
  <testcase classname="ptolemy.util.test.junit.AutoTests" name="[138] /home/travis/build/icyphy/ptII/ptolemy/actor/lib/test/auto/Distributor.xml (RunModel)" time="0.009" />
  <testcase classname="ptolemy.util.test.junit.AutoTests" name="[139] /home/travis/build/icyphy/ptII/ptolemy/actor/lib/test/auto/Distributor2.xml (RunModel)" time="0.008" />
  <testcase classname="ptolemy.util.test.junit.AutoTests" name="[140] /home/travis/build/icyphy/ptII/ptolemy/actor/lib/test/auto/DownSample.xml (RunModel)" time="0.01" />
  <testcase classname="ptolemy.util.test.junit.AutoTests" name="[141] /home/travis/build/icyphy/ptII/ptolemy/actor/lib/test/auto/ElectronicUnitBase1.xml (RunModel)" time="0.055" />
  <testcase classname="ptolemy.util.test.junit.AutoTests" name="[142] /home/travis/build/icyphy/ptII/ptolemy/actor/lib/test/auto/ElementsToArray.xml (RunModel)" time="0.01" />
  <testcase classname="ptolemy.util.test.junit.AutoTests" name="[143] /home/travis/build/icyphy/ptII/ptolemy/actor/lib/test/auto/Equals.xml (RunModel)" time="0.013" />
  <testcase classname="ptolemy.util.test.junit.AutoTests" name="[144] /home/travis/build/icyphy/ptII/ptolemy/actor/lib/test/auto/Exec.xml (RunModel)" time="0.03" />
  <testcase classname="ptolemy.util.test.junit.AutoTests" name="[145] /home/travis/build/icyphy/ptII/ptolemy/actor/lib/test/auto/ExecEnvironment.xml (RunModel)" time="0.037" />
  <testcase classname="ptolemy.util.test.junit.AutoTests" name="[146] /home/travis/build/icyphy/ptII/ptolemy/actor/lib/test/auto/ExecNonZeroReturnOutput.xml (RunModel)" time="0.165" />
  <testcase classname="ptolemy.util.test.junit.AutoTests" name="[147] /home/travis/build/icyphy/ptII/ptolemy/actor/lib/test/auto/ExecRunDemos.xml (RunModel)" time="10.453" />
  <testcase classname="ptolemy.util.test.junit.AutoTests" name="[148] /home/travis/build/icyphy/ptII/ptolemy/actor/lib/test/auto/ExecStop.xml (RunModel)" time="5.039" />
  <testcase classname="ptolemy.util.test.junit.AutoTests" name="[149] /home/travis/build/icyphy/ptII/ptolemy/actor/lib/test/auto/ExecutionTimeSDF.xml (RunModel)" time="6.035" />
  <testcase classname="ptolemy.util.test.junit.AutoTests" name="[150] /home/travis/build/icyphy/ptII/ptolemy/actor/lib/test/auto/Expression1.xml (RunModel)" time="0.017" />
  <testcase classname="ptolemy.util.test.junit.AutoTests" name="[151] /home/travis/build/icyphy/ptII/ptolemy/actor/lib/test/auto/Expression10.xml (RunModel)" time="0.025" />
  <testcase classname="ptolemy.util.test.junit.AutoTests" name="[152] /home/travis/build/icyphy/ptII/ptolemy/actor/lib/test/auto/Expression11.xml (RunModel)" time="0.012" />
  <testcase classname="ptolemy.util.test.junit.AutoTests" name="[153] /home/travis/build/icyphy/ptII/ptolemy/actor/lib/test/auto/Expression12.xml (RunModel)" time="0.013" />
  <testcase classname="ptolemy.util.test.junit.AutoTests" name="[154] /home/travis/build/icyphy/ptII/ptolemy/actor/lib/test/auto/Expression13.xml (RunModel)" time="0.011" />
  <testcase classname="ptolemy.util.test.junit.AutoTests" name="[155] /home/travis/build/icyphy/ptII/ptolemy/actor/lib/test/auto/Expression14.xml (RunModel)" time="0.018" />
  <testcase classname="ptolemy.util.test.junit.AutoTests" name="[156] /home/travis/build/icyphy/ptII/ptolemy/actor/lib/test/auto/Expression15.xml (RunModel)" time="0.008" />
  <testcase classname="ptolemy.util.test.junit.AutoTests" name="[157] /home/travis/build/icyphy/ptII/ptolemy/actor/lib/test/auto/Expression16.xml (RunModel)" time="0.013" />
  <testcase classname="ptolemy.util.test.junit.AutoTests" name="[158] /home/travis/build/icyphy/ptII/ptolemy/actor/lib/test/auto/Expression17.xml (RunModel)" time="0.012" />
  <testcase classname="ptolemy.util.test.junit.AutoTests" name="[159] /home/travis/build/icyphy/ptII/ptolemy/actor/lib/test/auto/Expression18.xml (RunModel)" time="0.014" />
  <testcase classname="ptolemy.util.test.junit.AutoTests" name="[160] /home/travis/build/icyphy/ptII/ptolemy/actor/lib/test/auto/Expression2.xml (RunModel)" time="0.014" />
  <testcase classname="ptolemy.util.test.junit.AutoTests" name="[161] /home/travis/build/icyphy/ptII/ptolemy/actor/lib/test/auto/Expression3.xml (RunModel)" time="0.013" />
  <testcase classname="ptolemy.util.test.junit.AutoTests" name="[162] /home/travis/build/icyphy/ptII/ptolemy/actor/lib/test/auto/Expression4.xml (RunModel)" time="0.02" />
  <testcase classname="ptolemy.util.test.junit.AutoTests" name="[163] /home/travis/build/icyphy/ptII/ptolemy/actor/lib/test/auto/Expression5.xml (RunModel)" time="0.012" />
  <testcase classname="ptolemy.util.test.junit.AutoTests" name="[164] /home/travis/build/icyphy/ptII/ptolemy/actor/lib/test/auto/Expression6.xml (RunModel)" time="0.008" />
  <testcase classname="ptolemy.util.test.junit.AutoTests" name="[165] /home/travis/build/icyphy/ptII/ptolemy/actor/lib/test/auto/Expression7.xml (RunModel)" time="0.01" />
  <testcase classname="ptolemy.util.test.junit.AutoTests" name="[166] /home/travis/build/icyphy/ptII/ptolemy/actor/lib/test/auto/Expression8.xml (RunModel)" time="0.014" />
  <testcase classname="ptolemy.util.test.junit.AutoTests" name="[167] /home/travis/build/icyphy/ptII/ptolemy/actor/lib/test/auto/Expression9.xml (RunModel)" time="0.007" />
  <testcase classname="ptolemy.util.test.junit.AutoTests" name="[168] /home/travis/build/icyphy/ptII/ptolemy/actor/lib/test/auto/ExpressionConcatenateArrayType.xml (RunModel)" time="0.034" />
  <testcase classname="ptolemy.util.test.junit.AutoTests" name="[169] /home/travis/build/icyphy/ptII/ptolemy/actor/lib/test/auto/ExpressionConcatenateArrayType2.xml (RunModel)" time="0.025" />
  <testcase classname="ptolemy.util.test.junit.AutoTests" name="[170] /home/travis/build/icyphy/ptII/ptolemy/actor/lib/test/auto/ExpressionFix.xml (RunModel)" time="0.047" />
  <testcase classname="ptolemy.util.test.junit.AutoTests" name="[171] /home/travis/build/icyphy/ptII/ptolemy/actor/lib/test/auto/ExpressionFix2.xml (RunModel)" time="0.01" />
  <testcase classname="ptolemy.util.test.junit.AutoTests" name="[172] /home/travis/build/icyphy/ptII/ptolemy/actor/lib/test/auto/ExpressionFix3.xml (RunModel)" time="0.01" />
  <testcase classname="ptolemy.util.test.junit.AutoTests" name="[173] /home/travis/build/icyphy/ptII/ptolemy/actor/lib/test/auto/FileWriter1.xml (RunModel)" time="0.01" />
  <testcase classname="ptolemy.util.test.junit.AutoTests" name="[174] /home/travis/build/icyphy/ptII/ptolemy/actor/lib/test/auto/FileWriter2.xml (RunModel)" time="0.011" />
  <testcase classname="ptolemy.util.test.junit.AutoTests" name="[175] /home/travis/build/icyphy/ptII/ptolemy/actor/lib/test/auto/FileWriter3.xml (RunModel)" time="0.008" />
  <testcase classname="ptolemy.util.test.junit.AutoTests" name="[176] /home/travis/build/icyphy/ptII/ptolemy/actor/lib/test/auto/Gaussian.xml (RunModel)" time="0.013" />
  <testcase classname="ptolemy.util.test.junit.AutoTests" name="[177] /home/travis/build/icyphy/ptII/ptolemy/actor/lib/test/auto/Gaussian1.xml (RunModel)" time="0.017" />
  <testcase classname="ptolemy.util.test.junit.AutoTests" name="[178] /home/travis/build/icyphy/ptII/ptolemy/actor/lib/test/auto/Gaussian2.xml (RunModel)" time="0.017" />
  <testcase classname="ptolemy.util.test.junit.AutoTests" name="[179] /home/travis/build/icyphy/ptII/ptolemy/actor/lib/test/auto/GradientAdaptiveLattice.xml (RunModel)" time="0.013" />
  <testcase classname="ptolemy.util.test.junit.AutoTests" name="[180] /home/travis/build/icyphy/ptII/ptolemy/actor/lib/test/auto/IIR.xml (RunModel)" time="0.008" />
  <testcase classname="ptolemy.util.test.junit.AutoTests" name="[181] /home/travis/build/icyphy/ptII/ptolemy/actor/lib/test/auto/InputOutputTransparentPorts.xml (RunModel)" time="0.017" />
  <testcase classname="ptolemy.util.test.junit.AutoTests" name="[182] /home/travis/build/icyphy/ptII/ptolemy/actor/lib/test/auto/Interpolator.xml (RunModel)" time="0.013" />
  <testcase classname="ptolemy.util.test.junit.AutoTests" name="[183] /home/travis/build/icyphy/ptII/ptolemy/actor/lib/test/auto/InterpolatorFiringLimitDE.xml (RunModel)" time="0.013" />
  <testcase classname="ptolemy.util.test.junit.AutoTests" name="[184] /home/travis/build/icyphy/ptII/ptolemy/actor/lib/test/auto/Lattice.xml (RunModel)" time="0.009" />
  <testcase classname="ptolemy.util.test.junit.AutoTests" name="[185] /home/travis/build/icyphy/ptII/ptolemy/actor/lib/test/auto/LazyAOCTestLazy.xml (RunModel)" time="0.029" />
  <testcase classname="ptolemy.util.test.junit.AutoTests" name="[186] /home/travis/build/icyphy/ptII/ptolemy/actor/lib/test/auto/LazyAOCTestNonLazy.xml (RunModel)" time="0.054" />
  <testcase classname="ptolemy.util.test.junit.AutoTests" name="[187] /home/travis/build/icyphy/ptII/ptolemy/actor/lib/test/auto/LazyInnerClass.xml (RunModel)" time="0.057" />
  <testcase classname="ptolemy.util.test.junit.AutoTests" name="[188] /home/travis/build/icyphy/ptII/ptolemy/actor/lib/test/auto/LazyPubSub.xml (RunModel)" time="0.057" />
  <testcase classname="ptolemy.util.test.junit.AutoTests" name="[189] /home/travis/build/icyphy/ptII/ptolemy/actor/lib/test/auto/LazyPubSub2.xml (RunModel)" time="0.054" />
  <testcase classname="ptolemy.util.test.junit.AutoTests" name="[190] /home/travis/build/icyphy/ptII/ptolemy/actor/lib/test/auto/LazyPubSub3.xml (RunModel)" time="0.032" />
  <testcase classname="ptolemy.util.test.junit.AutoTests" name="[191] /home/travis/build/icyphy/ptII/ptolemy/actor/lib/test/auto/LazySubClassModel.xml (RunModel)" time="0.023" />
  <testcase classname="ptolemy.util.test.junit.AutoTests" name="[192] /home/travis/build/icyphy/ptII/ptolemy/actor/lib/test/auto/LevelCrossTest1.xml (RunModel)" time="0.008" />
  <testcase classname="ptolemy.util.test.junit.AutoTests" name="[193] /home/travis/build/icyphy/ptII/ptolemy/actor/lib/test/auto/LevelCrossTest10.xml (RunModel)" time="0.014" />
  <testcase classname="ptolemy.util.test.junit.AutoTests" name="[194] /home/travis/build/icyphy/ptII/ptolemy/actor/lib/test/auto/LevelCrossTest11.xml (RunModel)" time="0.014" />
  <testcase classname="ptolemy.util.test.junit.AutoTests" name="[195] /home/travis/build/icyphy/ptII/ptolemy/actor/lib/test/auto/LevelCrossTest12.xml (RunModel)" time="0.016" />
  <testcase classname="ptolemy.util.test.junit.AutoTests" name="[196] /home/travis/build/icyphy/ptII/ptolemy/actor/lib/test/auto/LevelCrossTest13.xml (RunModel)" time="0.02" />
  <testcase classname="ptolemy.util.test.junit.AutoTests" name="[197] /home/travis/build/icyphy/ptII/ptolemy/actor/lib/test/auto/LevelCrossTest2.xml (RunModel)" time="0.009" />
  <testcase classname="ptolemy.util.test.junit.AutoTests" name="[198] /home/travis/build/icyphy/ptII/ptolemy/actor/lib/test/auto/LevelCrossTest3.xml (RunModel)" time="0.011" />
  <testcase classname="ptolemy.util.test.junit.AutoTests" name="[199] /home/travis/build/icyphy/ptII/ptolemy/actor/lib/test/auto/LevelCrossTest4.xml (RunModel)" time="0.012" />
  <testcase classname="ptolemy.util.test.junit.AutoTests" name="[200] /home/travis/build/icyphy/ptII/ptolemy/actor/lib/test/auto/LevelCrossTest5.xml (RunModel)" time="0.012" />
  <testcase classname="ptolemy.util.test.junit.AutoTests" name="[201] /home/travis/build/icyphy/ptII/ptolemy/actor/lib/test/auto/LevelCrossTest6.xml (RunModel)" time="0.03" />
  <testcase classname="ptolemy.util.test.junit.AutoTests" name="[202] /home/travis/build/icyphy/ptII/ptolemy/actor/lib/test/auto/LevelCrossTest7.xml (RunModel)" time="0.015" />
  <testcase classname="ptolemy.util.test.junit.AutoTests" name="[203] /home/travis/build/icyphy/ptII/ptolemy/actor/lib/test/auto/LevelCrossTest8.xml (RunModel)" time="0.013" />
  <testcase classname="ptolemy.util.test.junit.AutoTests" name="[204] /home/travis/build/icyphy/ptII/ptolemy/actor/lib/test/auto/LevelCrossTest9.xml (RunModel)" time="0.012" />
  <testcase classname="ptolemy.util.test.junit.AutoTests" name="[205] /home/travis/build/icyphy/ptII/ptolemy/actor/lib/test/auto/LevinsonDurbin.xml (RunModel)" time="0.01" />
  <testcase classname="ptolemy.util.test.junit.AutoTests" name="[206] /home/travis/build/icyphy/ptII/ptolemy/actor/lib/test/auto/LevinsonDurbin2.xml (RunModel)" time="0.009" />
  <testcase classname="ptolemy.util.test.junit.AutoTests" name="[207] /home/travis/build/icyphy/ptII/ptolemy/actor/lib/test/auto/LevinsonDurbin3.xml (RunModel)" time="0.009" />
  <testcase classname="ptolemy.util.test.junit.AutoTests" name="[208] /home/travis/build/icyphy/ptII/ptolemy/actor/lib/test/auto/Limiter.xml (RunModel)" time="0.04" />
  <testcase classname="ptolemy.util.test.junit.AutoTests" name="[209] /home/travis/build/icyphy/ptII/ptolemy/actor/lib/test/auto/LinearDifferenceEquationSystem.xml (RunModel)" time="0.021" />
  <testcase classname="ptolemy.util.test.junit.AutoTests" name="[210] /home/travis/build/icyphy/ptII/ptolemy/actor/lib/test/auto/LookupTable.xml (RunModel)" time="0.009" />
  <testcase classname="ptolemy.util.test.junit.AutoTests" name="[211] /home/travis/build/icyphy/ptII/ptolemy/actor/lib/test/auto/MathFunction.xml (RunModel)" time="0.019" />
  <testcase classname="ptolemy.util.test.junit.AutoTests" name="[212] /home/travis/build/icyphy/ptII/ptolemy/actor/lib/test/auto/MathFunction2.xml (RunModel)" time="0.012" />
  <testcase classname="ptolemy.util.test.junit.AutoTests" name="[213] /home/travis/build/icyphy/ptII/ptolemy/actor/lib/test/auto/MathFunction3.xml (RunModel)" time="0.022" />
  <testcase classname="ptolemy.util.test.junit.AutoTests" name="[214] /home/travis/build/icyphy/ptII/ptolemy/actor/lib/test/auto/MatrixCropBoolean.xml (RunModel)" time="0.017" />
  <testcase classname="ptolemy.util.test.junit.AutoTests" name="[215] /home/travis/build/icyphy/ptII/ptolemy/actor/lib/test/auto/MatrixCropComplex.xml (RunModel)" time="0.01" />
  <testcase classname="ptolemy.util.test.junit.AutoTests" name="[216] /home/travis/build/icyphy/ptII/ptolemy/actor/lib/test/auto/MatrixCropDouble.xml (RunModel)" time="0.01" />
  <testcase classname="ptolemy.util.test.junit.AutoTests" name="[217] /home/travis/build/icyphy/ptII/ptolemy/actor/lib/test/auto/MatrixCropFix.xml (RunModel)" time="0.013" />
  <testcase classname="ptolemy.util.test.junit.AutoTests" name="[218] /home/travis/build/icyphy/ptII/ptolemy/actor/lib/test/auto/MatrixCropInt.xml (RunModel)" time="0.01" />
  <testcase classname="ptolemy.util.test.junit.AutoTests" name="[219] /home/travis/build/icyphy/ptII/ptolemy/actor/lib/test/auto/MatrixCropLong.xml (RunModel)" time="0.01" />
  <testcase classname="ptolemy.util.test.junit.AutoTests" name="[220] /home/travis/build/icyphy/ptII/ptolemy/actor/lib/test/auto/MatrixToArray.xml (RunModel)" time="0.051" />
  <testcase classname="ptolemy.util.test.junit.AutoTests" name="[221] /home/travis/build/icyphy/ptII/ptolemy/actor/lib/test/auto/MaxIndex.xml (RunModel)" time="0.014" />
  <testcase classname="ptolemy.util.test.junit.AutoTests" name="[222] /home/travis/build/icyphy/ptII/ptolemy/actor/lib/test/auto/Maximum.xml (RunModel)" time="0.011" />
  <testcase classname="ptolemy.util.test.junit.AutoTests" name="[223] /home/travis/build/icyphy/ptII/ptolemy/actor/lib/test/auto/MaximumComplex.xml (RunModel)" time="0.016" />
  <testcase classname="ptolemy.util.test.junit.AutoTests" name="[224] /home/travis/build/icyphy/ptII/ptolemy/actor/lib/test/auto/MethodCallTest.xml (RunModel)" time="0.023" />
  <testcase classname="ptolemy.util.test.junit.AutoTests" name="[225] /home/travis/build/icyphy/ptII/ptolemy/actor/lib/test/auto/Minimum.xml (RunModel)" time="0.014" />
  <testcase classname="ptolemy.util.test.junit.AutoTests" name="[226] /home/travis/build/icyphy/ptII/ptolemy/actor/lib/test/auto/MinimumComplex.xml (RunModel)" time="0.022" />
  <testcase classname="ptolemy.util.test.junit.AutoTests" name="[227] /home/travis/build/icyphy/ptII/ptolemy/actor/lib/test/auto/MinimumMultiports.xml (RunModel)" time="0.019" />
  <testcase classname="ptolemy.util.test.junit.AutoTests" name="[228] /home/travis/build/icyphy/ptII/ptolemy/actor/lib/test/auto/ModifyDate.xml (RunModel)" time="0.04" />
  <testcase classname="ptolemy.util.test.junit.AutoTests" name="[229] /home/travis/build/icyphy/ptII/ptolemy/actor/lib/test/auto/ModifyDate2.xml (RunModel)" time="0.031" />
  <testcase classname="ptolemy.util.test.junit.AutoTests" name="[230] /home/travis/build/icyphy/ptII/ptolemy/actor/lib/test/auto/MovingAverage.xml (RunModel)" time="0.012" />
  <testcase classname="ptolemy.util.test.junit.AutoTests" name="[231] /home/travis/build/icyphy/ptII/ptolemy/actor/lib/test/auto/MovingMaximum.xml (RunModel)" time="0.012" />
  <testcase classname="ptolemy.util.test.junit.AutoTests" name="[232] /home/travis/build/icyphy/ptII/ptolemy/actor/lib/test/auto/MultipleLinksToSameRelation.xml (RunModel)" time="0.009" />
  <testcase classname="ptolemy.util.test.junit.AutoTests" name="[233] /home/travis/build/icyphy/ptII/ptolemy/actor/lib/test/auto/MultipleLinksToSameRelationDE.xml (RunModel)" time="0.016" />
  <testcase classname="ptolemy.util.test.junit.AutoTests" name="[234] /home/travis/build/icyphy/ptII/ptolemy/actor/lib/test/auto/Multiplexor.xml (RunModel)" time="0.021" />
  <testcase classname="ptolemy.util.test.junit.AutoTests" name="[235] /home/travis/build/icyphy/ptII/ptolemy/actor/lib/test/auto/Multiplexor1.xml (RunModel)" time="0.011" />
  <testcase classname="ptolemy.util.test.junit.AutoTests" name="[236] /home/travis/build/icyphy/ptII/ptolemy/actor/lib/test/auto/Multiplexor2.xml (RunModel)" time="0.012" />
  <testcase classname="ptolemy.util.test.junit.AutoTests" name="[237] /home/travis/build/icyphy/ptII/ptolemy/actor/lib/test/auto/Multiplexor3.xml (RunModel)" time="0.008" />
  <testcase classname="ptolemy.util.test.junit.AutoTests" name="[238] /home/travis/build/icyphy/ptII/ptolemy/actor/lib/test/auto/MultiplexorDE.xml (RunModel)" time="0.016" />
  <testcase classname="ptolemy.util.test.junit.AutoTests" name="[239] /home/travis/build/icyphy/ptII/ptolemy/actor/lib/test/auto/MultiportBroadcastTest.xml (RunModel)" time="0.096" />
  <testcase classname="ptolemy.util.test.junit.AutoTests" name="[240] /home/travis/build/icyphy/ptII/ptolemy/actor/lib/test/auto/MultiportOutHangDuringGetWidth.xml (RunModel)" time="0.036" />
  <testcase classname="ptolemy.util.test.junit.AutoTests" name="[241] /home/travis/build/icyphy/ptII/ptolemy/actor/lib/test/auto/NilToken.xml (RunModel)" time="0.008" />
  <testcase classname="ptolemy.util.test.junit.AutoTests" name="[242] /home/travis/build/icyphy/ptII/ptolemy/actor/lib/test/auto/NilTokenNonStrictTest.xml (RunModel)" time="0.008" />
  <testcase classname="ptolemy.util.test.junit.AutoTests" name="[243] /home/travis/build/icyphy/ptII/ptolemy/actor/lib/test/auto/NilTokenRecord.xml (RunModel)" time="0.017" />
  <testcase classname="ptolemy.util.test.junit.AutoTests" name="[244] /home/travis/build/icyphy/ptII/ptolemy/actor/lib/test/auto/NilTokenTypeTest.xml (RunModel)" time="0.028" />
  <testcase classname="ptolemy.util.test.junit.AutoTests" name="[245] /home/travis/build/icyphy/ptII/ptolemy/actor/lib/test/auto/ObjectToken1.xml (RunModel)" time="0.009" />
  <testcase classname="ptolemy.util.test.junit.AutoTests" name="[246] /home/travis/build/icyphy/ptII/ptolemy/actor/lib/test/auto/OrderedMerge.xml (RunModel)" time="0.019" />
  <testcase classname="ptolemy.util.test.junit.AutoTests" name="[247] /home/travis/build/icyphy/ptII/ptolemy/actor/lib/test/auto/OrderedRecordDisassembler.xml (RunModel)" time="0.023" />
  <testcase classname="ptolemy.util.test.junit.AutoTests" name="[248] /home/travis/build/icyphy/ptII/ptolemy/actor/lib/test/auto/OrderedRecordDisassembler2.xml (RunModel)" time="0.019" />
  <testcase classname="ptolemy.util.test.junit.AutoTests" name="[249] /home/travis/build/icyphy/ptII/ptolemy/actor/lib/test/auto/OrderedRecordUpdater.xml (RunModel)" time="0.011" />
  <testcase classname="ptolemy.util.test.junit.AutoTests" name="[250] /home/travis/build/icyphy/ptII/ptolemy/actor/lib/test/auto/OrderedRecordUpdater2.xml (RunModel)" time="0.017" />
  <testcase classname="ptolemy.util.test.junit.AutoTests" name="[251] /home/travis/build/icyphy/ptII/ptolemy/actor/lib/test/auto/PhaseUnwrap.xml (RunModel)" time="0.011" />
  <testcase classname="ptolemy.util.test.junit.AutoTests" name="[252] /home/travis/build/icyphy/ptII/ptolemy/actor/lib/test/auto/PoissonClock.xml (RunModel)" time="0.01" />
  <testcase classname="ptolemy.util.test.junit.AutoTests" name="[253] /home/travis/build/icyphy/ptII/ptolemy/actor/lib/test/auto/PoissonClock2.xml (RunModel)" time="0.008" />
  <testcase classname="ptolemy.util.test.junit.AutoTests" name="[254] /home/travis/build/icyphy/ptII/ptolemy/actor/lib/test/auto/PoissonClock3.xml (RunModel)" time="0.028" />
  <testcase classname="ptolemy.util.test.junit.AutoTests" name="[255] /home/travis/build/icyphy/ptII/ptolemy/actor/lib/test/auto/PubSubWithInitialTokens.xml (RunModel)" time="0.015" />
  <testcase classname="ptolemy.util.test.junit.AutoTests" name="[256] /home/travis/build/icyphy/ptII/ptolemy/actor/lib/test/auto/PubSubWithInitialTokens2.xml (RunModel)" time="0.016" />
  <testcase classname="ptolemy.util.test.junit.AutoTests" name="[257] /home/travis/build/icyphy/ptII/ptolemy/actor/lib/test/auto/PublisherClassNoParameter.xml (RunModel)" time="0.026" />
  <testcase classname="ptolemy.util.test.junit.AutoTests" name="[258] /home/travis/build/icyphy/ptII/ptolemy/actor/lib/test/auto/PublisherClassParameter.xml (RunModel)" time="0.02" />
  <testcase classname="ptolemy.util.test.junit.AutoTests" name="[259] /home/travis/build/icyphy/ptII/ptolemy/actor/lib/test/auto/PublisherNonStrictTest.xml (RunModel)" time="0.013" />
  <testcase classname="ptolemy.util.test.junit.AutoTests" name="[260] /home/travis/build/icyphy/ptII/ptolemy/actor/lib/test/auto/PublisherPort1.xml (RunModel)" time="0.01" />
  <testcase classname="ptolemy.util.test.junit.AutoTests" name="[261] /home/travis/build/icyphy/ptII/ptolemy/actor/lib/test/auto/PublisherPort2.xml (RunModel)" time="0.008" />
  <testcase classname="ptolemy.util.test.junit.AutoTests" name="[262] /home/travis/build/icyphy/ptII/ptolemy/actor/lib/test/auto/PublisherPort3.xml (RunModel)" time="0.022" />
  <testcase classname="ptolemy.util.test.junit.AutoTests" name="[263] /home/travis/build/icyphy/ptII/ptolemy/actor/lib/test/auto/PublisherPort4.xml (RunModel)" time="0.012" />
  <testcase classname="ptolemy.util.test.junit.AutoTests" name="[264] /home/travis/build/icyphy/ptII/ptolemy/actor/lib/test/auto/PublisherPort5.xml (RunModel)" time="0.012" />
  <testcase classname="ptolemy.util.test.junit.AutoTests" name="[265] /home/travis/build/icyphy/ptII/ptolemy/actor/lib/test/auto/PublisherPort5LookAlike.xml (RunModel)" time="0.016" />
  <testcase classname="ptolemy.util.test.junit.AutoTests" name="[266] /home/travis/build/icyphy/ptII/ptolemy/actor/lib/test/auto/PublisherPort6.xml (RunModel)" time="0.012" />
  <testcase classname="ptolemy.util.test.junit.AutoTests" name="[267] /home/travis/build/icyphy/ptII/ptolemy/actor/lib/test/auto/PublisherPort7.xml (RunModel)" time="0.013" />
  <testcase classname="ptolemy.util.test.junit.AutoTests" name="[268] /home/travis/build/icyphy/ptII/ptolemy/actor/lib/test/auto/PublisherPort8.xml (RunModel)" time="0.014" />
  <testcase classname="ptolemy.util.test.junit.AutoTests" name="[269] /home/travis/build/icyphy/ptII/ptolemy/actor/lib/test/auto/PublisherPortSubscriberChannelVariablesAOC2.xml (RunModel)" time="0.029" />
  <testcase classname="ptolemy.util.test.junit.AutoTests" name="[270] /home/travis/build/icyphy/ptII/ptolemy/actor/lib/test/auto/PublisherPortSubscriberOpaqueWidthInference.xml (RunModel)" time="0.029" />
  <testcase classname="ptolemy.util.test.junit.AutoTests" name="[271] /home/travis/build/icyphy/ptII/ptolemy/actor/lib/test/auto/PublisherPortSubscriberPortAdjacent.xml (RunModel)" time="0.016" />
  <testcase classname="ptolemy.util.test.junit.AutoTests" name="[272] /home/travis/build/icyphy/ptII/ptolemy/actor/lib/test/auto/PublisherPortSubscriberPortExpression.xml (RunModel)" time="0.022" />
  <testcase classname="ptolemy.util.test.junit.AutoTests" name="[273] /home/travis/build/icyphy/ptII/ptolemy/actor/lib/test/auto/PublisherPortSubscriberPortOpaqueD3Reverse.xml (RunModel)" time="0.045" />
  <testcase classname="ptolemy.util.test.junit.AutoTests" name="[274] /home/travis/build/icyphy/ptII/ptolemy/actor/lib/test/auto/PublisherPortSubscriberPortOpaqueWidthInference.xml (RunModel)" time="0.019" />
  <testcase classname="ptolemy.util.test.junit.AutoTests" name="[275] /home/travis/build/icyphy/ptII/ptolemy/actor/lib/test/auto/PublisherPortToplevelSubscriberPortAOC.xml (RunModel)" time="0.009" />
  <testcase classname="ptolemy.util.test.junit.AutoTests" name="[276] /home/travis/build/icyphy/ptII/ptolemy/actor/lib/test/auto/PublisherSubscriber.xml (RunModel)" time="0.011" />
  <testcase classname="ptolemy.util.test.junit.AutoTests" name="[277] /home/travis/build/icyphy/ptII/ptolemy/actor/lib/test/auto/PublisherSubscriber10.xml (RunModel)" time="0.017" />
  <testcase classname="ptolemy.util.test.junit.AutoTests" name="[278] /home/travis/build/icyphy/ptII/ptolemy/actor/lib/test/auto/PublisherSubscriber10InitialOutputs.xml (RunModel)" time="0.032" />
  <testcase classname="ptolemy.util.test.junit.AutoTests" name="[279] /home/travis/build/icyphy/ptII/ptolemy/actor/lib/test/auto/PublisherSubscriber11.xml (RunModel)" time="0.016" />
  <testcase classname="ptolemy.util.test.junit.AutoTests" name="[280] /home/travis/build/icyphy/ptII/ptolemy/actor/lib/test/auto/PublisherSubscriber12.xml (RunModel)" time="0.018" />
  <testcase classname="ptolemy.util.test.junit.AutoTests" name="[281] /home/travis/build/icyphy/ptII/ptolemy/actor/lib/test/auto/PublisherSubscriber13.xml (RunModel)" time="0.009" />
  <testcase classname="ptolemy.util.test.junit.AutoTests" name="[282] /home/travis/build/icyphy/ptII/ptolemy/actor/lib/test/auto/PublisherSubscriber14.xml (RunModel)" time="0.016" />
  <testcase classname="ptolemy.util.test.junit.AutoTests" name="[283] /home/travis/build/icyphy/ptII/ptolemy/actor/lib/test/auto/PublisherSubscriber2.xml (RunModel)" time="0.009" />
  <testcase classname="ptolemy.util.test.junit.AutoTests" name="[284] /home/travis/build/icyphy/ptII/ptolemy/actor/lib/test/auto/PublisherSubscriber3.xml (RunModel)" time="0.008" />
  <testcase classname="ptolemy.util.test.junit.AutoTests" name="[285] /home/travis/build/icyphy/ptII/ptolemy/actor/lib/test/auto/PublisherSubscriber4.xml (RunModel)" time="0.009" />
  <testcase classname="ptolemy.util.test.junit.AutoTests" name="[286] /home/travis/build/icyphy/ptII/ptolemy/actor/lib/test/auto/PublisherSubscriber5.xml (RunModel)" time="0.013" />
  <testcase classname="ptolemy.util.test.junit.AutoTests" name="[287] /home/travis/build/icyphy/ptII/ptolemy/actor/lib/test/auto/PublisherSubscriber6.xml (RunModel)" time="0.019" />
  <testcase classname="ptolemy.util.test.junit.AutoTests" name="[288] /home/travis/build/icyphy/ptII/ptolemy/actor/lib/test/auto/PublisherSubscriber7.xml (RunModel)" time="0.021" />
  <testcase classname="ptolemy.util.test.junit.AutoTests" name="[289] /home/travis/build/icyphy/ptII/ptolemy/actor/lib/test/auto/PublisherSubscriber8.xml (RunModel)" time="0.031" />
  <testcase classname="ptolemy.util.test.junit.AutoTests" name="[290] /home/travis/build/icyphy/ptII/ptolemy/actor/lib/test/auto/PublisherSubscriber9.xml (RunModel)" time="0.015" />
  <testcase classname="ptolemy.util.test.junit.AutoTests" name="[291] /home/travis/build/icyphy/ptII/ptolemy/actor/lib/test/auto/PublisherSubscriberAdjacent.xml (RunModel)" time="0.015" />
  <testcase classname="ptolemy.util.test.junit.AutoTests" name="[292] /home/travis/build/icyphy/ptII/ptolemy/actor/lib/test/auto/PublisherSubscriberChannelVariablesAOC2.xml (RunModel)" time="0.026" />
  <testcase classname="ptolemy.util.test.junit.AutoTests" name="[293] /home/travis/build/icyphy/ptII/ptolemy/actor/lib/test/auto/PublisherSubscriberD3.xml (RunModel)" time="0.011" />
  <testcase classname="ptolemy.util.test.junit.AutoTests" name="[294] /home/travis/build/icyphy/ptII/ptolemy/actor/lib/test/auto/PublisherSubscriberD3Reverse.xml (RunModel)" time="0.009" />
  <testcase classname="ptolemy.util.test.junit.AutoTests" name="[295] /home/travis/build/icyphy/ptII/ptolemy/actor/lib/test/auto/PublisherSubscriberExpression.xml (RunModel)" time="0.015" />
  <testcase classname="ptolemy.util.test.junit.AutoTests" name="[296] /home/travis/build/icyphy/ptII/ptolemy/actor/lib/test/auto/PublisherSubscriberOpaque.xml (RunModel)" time="0.013" />
  <testcase classname="ptolemy.util.test.junit.AutoTests" name="[297] /home/travis/build/icyphy/ptII/ptolemy/actor/lib/test/auto/PublisherSubscriberOpaqueD3.xml (RunModel)" time="0.022" />
  <testcase classname="ptolemy.util.test.junit.AutoTests" name="[298] /home/travis/build/icyphy/ptII/ptolemy/actor/lib/test/auto/PublisherSubscriberOpaqueD3Reverse.xml (RunModel)" time="0.02" />
  <testcase classname="ptolemy.util.test.junit.AutoTests" name="[299] /home/travis/build/icyphy/ptII/ptolemy/actor/lib/test/auto/PublisherSubscriberOpaqueWidthInference.xml (RunModel)" time="0.017" />
  <testcase classname="ptolemy.util.test.junit.AutoTests" name="[300] /home/travis/build/icyphy/ptII/ptolemy/actor/lib/test/auto/PublisherTestSubscriber.xml (RunModel)" time="0.017" />
  <testcase classname="ptolemy.util.test.junit.AutoTests" name="[301] /home/travis/build/icyphy/ptII/ptolemy/actor/lib/test/auto/PublisherToplevelSubscriberPortAOC.xml (RunModel)" time="0.01" />
  <testcase classname="ptolemy.util.test.junit.AutoTests" name="[302] /home/travis/build/icyphy/ptII/ptolemy/actor/lib/test/auto/PulseFiringLimitDE.xml (RunModel)" time="0.015" />
  <testcase classname="ptolemy.util.test.junit.AutoTests" name="[303] /home/travis/build/icyphy/ptII/ptolemy/actor/lib/test/auto/Ramp1.xml (RunModel)" time="0.006" />
  <testcase classname="ptolemy.util.test.junit.AutoTests" name="[304] /home/travis/build/icyphy/ptII/ptolemy/actor/lib/test/auto/RampFiringLimitDE.xml (RunModel)" time="0.009" />
  <testcase classname="ptolemy.util.test.junit.AutoTests" name="[305] /home/travis/build/icyphy/ptII/ptolemy/actor/lib/test/auto/RampFiringLimitSDF.xml (RunModel)" time="0.008" />
  <testcase classname="ptolemy.util.test.junit.AutoTests" name="[306] /home/travis/build/icyphy/ptII/ptolemy/actor/lib/test/auto/RandomInteger.xml (RunModel)" time="0.006" />
  <testcase classname="ptolemy.util.test.junit.AutoTests" name="[307] /home/travis/build/icyphy/ptII/ptolemy/actor/lib/test/auto/ReadFile1.xml (RunModel)" time="0.006" />
  <testcase classname="ptolemy.util.test.junit.AutoTests" name="[308] /home/travis/build/icyphy/ptII/ptolemy/actor/lib/test/auto/ReadFile2.xml (RunModel)" time="0.006" />
  <testcase classname="ptolemy.util.test.junit.AutoTests" name="[309] /home/travis/build/icyphy/ptII/ptolemy/actor/lib/test/auto/Reader.xml (RunModel)" time="0.009" />
  <testcase classname="ptolemy.util.test.junit.AutoTests" name="[310] /home/travis/build/icyphy/ptII/ptolemy/actor/lib/test/auto/RecordAssemblerDisplayNameTest.xml (RunModel)" time="3.542" />
  <testcase classname="ptolemy.util.test.junit.AutoTests" name="[311] /home/travis/build/icyphy/ptII/ptolemy/actor/lib/test/auto/RecordAssemblerTypeError.xml (RunModel)" time="0.026" />
  <testcase classname="ptolemy.util.test.junit.AutoTests" name="[312] /home/travis/build/icyphy/ptII/ptolemy/actor/lib/test/auto/RecordDisassember.xml (RunModel)" time="0.016" />
  <testcase classname="ptolemy.util.test.junit.AutoTests" name="[313] /home/travis/build/icyphy/ptII/ptolemy/actor/lib/test/auto/RecordDisassemberDisplayNameTest.xml (RunModel)" time="0.019" />
  <testcase classname="ptolemy.util.test.junit.AutoTests" name="[314] /home/travis/build/icyphy/ptII/ptolemy/actor/lib/test/auto/RecordDisassembler.xml (RunModel)" time="0.01" />
  <testcase classname="ptolemy.util.test.junit.AutoTests" name="[315] /home/travis/build/icyphy/ptII/ptolemy/actor/lib/test/auto/RecordDisassembler2.xml (RunModel)" time="0.009" />
  <testcase classname="ptolemy.util.test.junit.AutoTests" name="[316] /home/travis/build/icyphy/ptII/ptolemy/actor/lib/test/auto/RecordUpdater.xml (RunModel)" time="0.008" />
  <testcase classname="ptolemy.util.test.junit.AutoTests" name="[317] /home/travis/build/icyphy/ptII/ptolemy/actor/lib/test/auto/RecordUpdater2.xml (RunModel)" time="0.007" />
  <testcase classname="ptolemy.util.test.junit.AutoTests" name="[318] /home/travis/build/icyphy/ptII/ptolemy/actor/lib/test/auto/RecursiveLattice.xml (RunModel)" time="0.008" />
  <testcase classname="ptolemy.util.test.junit.AutoTests" name="[319] /home/travis/build/icyphy/ptII/ptolemy/actor/lib/test/auto/Router.xml (RunModel)" time="3.022" />
  <testcase classname="ptolemy.util.test.junit.AutoTests" name="[320] /home/travis/build/icyphy/ptII/ptolemy/actor/lib/test/auto/Router2.xml (RunModel)" time="3.035" />
  <testcase classname="ptolemy.util.test.junit.AutoTests" name="[321] /home/travis/build/icyphy/ptII/ptolemy/actor/lib/test/auto/RunningMaximum.xml (RunModel)" time="0.016" />
  <testcase classname="ptolemy.util.test.junit.AutoTests" name="[322] /home/travis/build/icyphy/ptII/ptolemy/actor/lib/test/auto/RunningMinimum.xml (RunModel)" time="0.024" />
  <testcase classname="ptolemy.util.test.junit.AutoTests" name="[323] /home/travis/build/icyphy/ptII/ptolemy/actor/lib/test/auto/Scale.xml (RunModel)" time="0.01" />
  <testcase classname="ptolemy.util.test.junit.AutoTests" name="[324] /home/travis/build/icyphy/ptII/ptolemy/actor/lib/test/auto/Scale2.xml (RunModel)" time="0.008" />
  <testcase classname="ptolemy.util.test.junit.AutoTests" name="[325] /home/travis/build/icyphy/ptII/ptolemy/actor/lib/test/auto/Scale3.xml (RunModel)" time="0.016" />
  <testcase classname="ptolemy.util.test.junit.AutoTests" name="[326] /home/travis/build/icyphy/ptII/ptolemy/actor/lib/test/auto/ScaleArray.xml (RunModel)" time="0.006" />
  <testcase classname="ptolemy.util.test.junit.AutoTests" name="[327] /home/travis/build/icyphy/ptII/ptolemy/actor/lib/test/auto/ScaleArray2.xml (RunModel)" time="0.006" />
  <testcase classname="ptolemy.util.test.junit.AutoTests" name="[328] /home/travis/build/icyphy/ptII/ptolemy/actor/lib/test/auto/ScaleMatrix.xml (RunModel)" time="0.137" />
  <testcase classname="ptolemy.util.test.junit.AutoTests" name="[329] /home/travis/build/icyphy/ptII/ptolemy/actor/lib/test/auto/Select.xml (RunModel)" time="0.015" />
  <testcase classname="ptolemy.util.test.junit.AutoTests" name="[330] /home/travis/build/icyphy/ptII/ptolemy/actor/lib/test/auto/Select2.xml (RunModel)" time="0.007" />
  <testcase classname="ptolemy.util.test.junit.AutoTests" name="[331] /home/travis/build/icyphy/ptII/ptolemy/actor/lib/test/auto/SequenceToArray2.xml (RunModel)" time="0.125" />
  <testcase classname="ptolemy.util.test.junit.AutoTests" name="[332] /home/travis/build/icyphy/ptII/ptolemy/actor/lib/test/auto/SequentialClock.xml (RunModel)" time="0.01" />
  <testcase classname="ptolemy.util.test.junit.AutoTests" name="[333] /home/travis/build/icyphy/ptII/ptolemy/actor/lib/test/auto/SetVariable.xml (RunModel)" time="0.008" />
  <testcase classname="ptolemy.util.test.junit.AutoTests" name="[334] /home/travis/build/icyphy/ptII/ptolemy/actor/lib/test/auto/SetVariable2.xml (RunModel)" time="0.009" />
  <testcase classname="ptolemy.util.test.junit.AutoTests" name="[335] /home/travis/build/icyphy/ptII/ptolemy/actor/lib/test/auto/SetVariable3.xml (RunModel)" time="0.015" />
  <testcase classname="ptolemy.util.test.junit.AutoTests" name="[336] /home/travis/build/icyphy/ptII/ptolemy/actor/lib/test/auto/SetVariable4.xml (RunModel)" time="0.027" />
  <testcase classname="ptolemy.util.test.junit.AutoTests" name="[337] /home/travis/build/icyphy/ptII/ptolemy/actor/lib/test/auto/SetVariable5.xml (RunModel)" time="0.031" />
  <testcase classname="ptolemy.util.test.junit.AutoTests" name="[338] /home/travis/build/icyphy/ptII/ptolemy/actor/lib/test/auto/Sinewave.xml (RunModel)" time="0.02" />
  <testcase classname="ptolemy.util.test.junit.AutoTests" name="[339] /home/travis/build/icyphy/ptII/ptolemy/actor/lib/test/auto/Sinewave2.xml (RunModel)" time="0.012" />
  <testcase classname="ptolemy.util.test.junit.AutoTests" name="[340] /home/travis/build/icyphy/ptII/ptolemy/actor/lib/test/auto/Sinewave3.xml (RunModel)" time="0.019" />
  <testcase classname="ptolemy.util.test.junit.AutoTests" name="[341] /home/travis/build/icyphy/ptII/ptolemy/actor/lib/test/auto/SingleEvent.xml (RunModel)" time="0.006" />
  <testcase classname="ptolemy.util.test.junit.AutoTests" name="[342] /home/travis/build/icyphy/ptII/ptolemy/actor/lib/test/auto/Sleep.xml (RunModel)" time="6.022" />
  <testcase classname="ptolemy.util.test.junit.AutoTests" name="[343] /home/travis/build/icyphy/ptII/ptolemy/actor/lib/test/auto/SleepMultipleFire.xml (RunModel)" time="1.017" />
  <testcase classname="ptolemy.util.test.junit.AutoTests" name="[344] /home/travis/build/icyphy/ptII/ptolemy/actor/lib/test/auto/StopDE.xml (RunModel)" time="0.015" />
  <testcase classname="ptolemy.util.test.junit.AutoTests" name="[345] /home/travis/build/icyphy/ptII/ptolemy/actor/lib/test/auto/StopSDF.xml (RunModel)" time="0.01" />
  <testcase classname="ptolemy.util.test.junit.AutoTests" name="[346] /home/travis/build/icyphy/ptII/ptolemy/actor/lib/test/auto/StringConstant.xml (RunModel)" time="0.014" />
  <testcase classname="ptolemy.util.test.junit.AutoTests" name="[347] /home/travis/build/icyphy/ptII/ptolemy/actor/lib/test/auto/SubscriberPortInitialValues1.xml (RunModel)" time="0.025" />
  <testcase classname="ptolemy.util.test.junit.AutoTests" name="[348] /home/travis/build/icyphy/ptII/ptolemy/actor/lib/test/auto/SubscriberPortInitialValues13.xml (RunModel)" time="0.028" />
  <testcase classname="ptolemy.util.test.junit.AutoTests" name="[349] /home/travis/build/icyphy/ptII/ptolemy/actor/lib/test/auto/SubscriberPortInitialValues14.xml (RunModel)" time="0.013" />
  <testcase classname="ptolemy.util.test.junit.AutoTests" name="[350] /home/travis/build/icyphy/ptII/ptolemy/actor/lib/test/auto/SubscriberPortInitialValues2.xml (RunModel)" time="0.014" />
  <testcase classname="ptolemy.util.test.junit.AutoTests" name="[351] /home/travis/build/icyphy/ptII/ptolemy/actor/lib/test/auto/SubscriberPortInitialValues3.xml (RunModel)" time="0.018" />
  <testcase classname="ptolemy.util.test.junit.AutoTests" name="[352] /home/travis/build/icyphy/ptII/ptolemy/actor/lib/test/auto/SubscriptionAggregator.xml (RunModel)" time="0.01" />
  <testcase classname="ptolemy.util.test.junit.AutoTests" name="[353] /home/travis/build/icyphy/ptII/ptolemy/actor/lib/test/auto/SubscriptionAggregator2.xml (RunModel)" time="0.011" />
  <testcase classname="ptolemy.util.test.junit.AutoTests" name="[354] /home/travis/build/icyphy/ptII/ptolemy/actor/lib/test/auto/SubscriptionAggregator3.xml (RunModel)" time="0.014" />
  <testcase classname="ptolemy.util.test.junit.AutoTests" name="[355] /home/travis/build/icyphy/ptII/ptolemy/actor/lib/test/auto/SubscriptionAggregatorMultiply.xml (RunModel)" time="0.014" />
  <testcase classname="ptolemy.util.test.junit.AutoTests" name="[356] /home/travis/build/icyphy/ptII/ptolemy/actor/lib/test/auto/SubscriptionAggregatorPortMultiply1.xml (RunModel)" time="0.012" />
  <testcase classname="ptolemy.util.test.junit.AutoTests" name="[357] /home/travis/build/icyphy/ptII/ptolemy/actor/lib/test/auto/Switch.xml (RunModel)" time="0.018" />
  <testcase classname="ptolemy.util.test.junit.AutoTests" name="[358] /home/travis/build/icyphy/ptII/ptolemy/actor/lib/test/auto/Switch2.xml (RunModel)" time="0.011" />
  <testcase classname="ptolemy.util.test.junit.AutoTests" name="[359] /home/travis/build/icyphy/ptII/ptolemy/actor/lib/test/auto/SwitchDE.xml (RunModel)" time="0.012" />
  <testcase classname="ptolemy.util.test.junit.AutoTests" name="[360] /home/travis/build/icyphy/ptII/ptolemy/actor/lib/test/auto/SynchronizerDE.xml (RunModel)" time="0.021" />
  <testcase classname="ptolemy.util.test.junit.AutoTests" name="[361] /home/travis/build/icyphy/ptII/ptolemy/actor/lib/test/auto/Test.xml (RunModel)" time="0.015" />
  <testcase classname="ptolemy.util.test.junit.AutoTests" name="[362] /home/travis/build/icyphy/ptII/ptolemy/actor/lib/test/auto/TestExceptionAttribute1.xml (RunModel)" time="0.008" />
  <testcase classname="ptolemy.util.test.junit.AutoTests" name="[363] /home/travis/build/icyphy/ptII/ptolemy/actor/lib/test/auto/TestExceptionAttribute2.xml (RunModel)" time="0.012" />
  <testcase classname="ptolemy.util.test.junit.AutoTests" name="[364] /home/travis/build/icyphy/ptII/ptolemy/actor/lib/test/auto/TestExceptionAttribute3.xml (RunModel)" time="0.01" />
  <testcase classname="ptolemy.util.test.junit.AutoTests" name="[365] /home/travis/build/icyphy/ptII/ptolemy/actor/lib/test/auto/TestExceptionAttribute4.xml (RunModel)" time="0.005" />
  <testcase classname="ptolemy.util.test.junit.AutoTests" name="[366] /home/travis/build/icyphy/ptII/ptolemy/actor/lib/test/auto/TestExceptionHandler1.xml (RunModel)" time="0.005" />
  <testcase classname="ptolemy.util.test.junit.AutoTests" name="[367] /home/travis/build/icyphy/ptII/ptolemy/actor/lib/test/auto/TestExceptionHandler2.xml (RunModel)" time="0.005" />
  <testcase classname="ptolemy.util.test.junit.AutoTests" name="[368] /home/travis/build/icyphy/ptII/ptolemy/actor/lib/test/auto/TestExceptionHandler3.xml (RunModel)" time="0.004" />
  <testcase classname="ptolemy.util.test.junit.AutoTests" name="[369] /home/travis/build/icyphy/ptII/ptolemy/actor/lib/test/auto/TestExceptionHandler4.xml (RunModel)" time="0.005" />
  <testcase classname="ptolemy.util.test.junit.AutoTests" name="[370] /home/travis/build/icyphy/ptII/ptolemy/actor/lib/test/auto/TestRequireCorrectOrder.xml (RunModel)" time="0.012" />
  <testcase classname="ptolemy.util.test.junit.AutoTests" name="[371] /home/travis/build/icyphy/ptII/ptolemy/actor/lib/test/auto/TestSimple.xml (RunModel)" time="0.006" />
  <testcase classname="ptolemy.util.test.junit.AutoTests" name="[372] /home/travis/build/icyphy/ptII/ptolemy/actor/lib/test/auto/ThrowModelError.xml (RunModel)" time="0.01" />
  <testcase classname="ptolemy.util.test.junit.AutoTests" name="[373] /home/travis/build/icyphy/ptII/ptolemy/actor/lib/test/auto/TimeDelayMicrosteps.xml (RunModel)" time="0.015" />
  <testcase classname="ptolemy.util.test.junit.AutoTests" name="[374] /home/travis/build/icyphy/ptII/ptolemy/actor/lib/test/auto/TimeDelayMicrosteps2.xml (RunModel)" time="0.014" />
  <testcase classname="ptolemy.util.test.junit.AutoTests" name="[375] /home/travis/build/icyphy/ptII/ptolemy/actor/lib/test/auto/TimeDelayMicrosteps3.xml (RunModel)" time="0.043" />
  <testcase classname="ptolemy.util.test.junit.AutoTests" name="[376] /home/travis/build/icyphy/ptII/ptolemy/actor/lib/test/auto/TimeDelayVariableMicrosteps.xml (RunModel)" time="0.014" />
  <testcase classname="ptolemy.util.test.junit.AutoTests" name="[377] /home/travis/build/icyphy/ptII/ptolemy/actor/lib/test/auto/TimeGap.xml (RunModel)" time="0.023" />
  <testcase classname="ptolemy.util.test.junit.AutoTests" name="[378] /home/travis/build/icyphy/ptII/ptolemy/actor/lib/test/auto/TimeGap2.xml (RunModel)" time="0.016" />
  <testcase classname="ptolemy.util.test.junit.AutoTests" name="[379] /home/travis/build/icyphy/ptII/ptolemy/actor/lib/test/auto/TimedSinewave.xml (RunModel)" time="0.045" />
  <testcase classname="ptolemy.util.test.junit.AutoTests" name="[380] /home/travis/build/icyphy/ptII/ptolemy/actor/lib/test/auto/TimedSinewavePhase.xml (RunModel)" time="0.041" />
  <testcase classname="ptolemy.util.test.junit.AutoTests" name="[381] /home/travis/build/icyphy/ptII/ptolemy/actor/lib/test/auto/Timer.xml (RunModel)" time="0.017" />
  <testcase classname="ptolemy.util.test.junit.AutoTests" name="[382] /home/travis/build/icyphy/ptII/ptolemy/actor/lib/test/auto/TriangularDistTestModel.xml (RunModel)" time="0.015" />
  <testcase classname="ptolemy.util.test.junit.AutoTests" name="[383] /home/travis/build/icyphy/ptII/ptolemy/actor/lib/test/auto/TrigFunction.xml (RunModel)" time="0.009" />
  <testcase classname="ptolemy.util.test.junit.AutoTests" name="[384] /home/travis/build/icyphy/ptII/ptolemy/actor/lib/test/auto/TrigFunctionDE.xml (RunModel)" time="0.01" />
  <testcase classname="ptolemy.util.test.junit.AutoTests" name="[385] /home/travis/build/icyphy/ptII/ptolemy/actor/lib/test/auto/TrigFunctionInverse.xml (RunModel)" time="0.007" />
  <testcase classname="ptolemy.util.test.junit.AutoTests" name="[386] /home/travis/build/icyphy/ptII/ptolemy/actor/lib/test/auto/TrigFunctionTan.xml (RunModel)" time="0.006" />
  <testcase classname="ptolemy.util.test.junit.AutoTests" name="[387] /home/travis/build/icyphy/ptII/ptolemy/actor/lib/test/auto/TriggeredClock.xml (RunModel)" time="0.007" />
  <testcase classname="ptolemy.util.test.junit.AutoTests" name="[388] /home/travis/build/icyphy/ptII/ptolemy/actor/lib/test/auto/URLDirectoryReader.xml (RunModel)" time="0.115" />
  <testcase classname="ptolemy.util.test.junit.AutoTests" name="[389] /home/travis/build/icyphy/ptII/ptolemy/actor/lib/test/auto/URLDirectoryReader3.xml (RunModel)" time="1.356" />
  <testcase classname="ptolemy.util.test.junit.AutoTests" name="[390] /home/travis/build/icyphy/ptII/ptolemy/actor/lib/test/auto/UnaryMathFunction.xml (RunModel)" time="0.023" />
  <testcase classname="ptolemy.util.test.junit.AutoTests" name="[391] /home/travis/build/icyphy/ptII/ptolemy/actor/lib/test/auto/Uniform.xml (RunModel)" time="0.011" />
  <testcase classname="ptolemy.util.test.junit.AutoTests" name="[392] /home/travis/build/icyphy/ptII/ptolemy/actor/lib/test/auto/UnionDisassemblerTest.xml (RunModel)" time="0.015" />
  <testcase classname="ptolemy.util.test.junit.AutoTests" name="[393] /home/travis/build/icyphy/ptII/ptolemy/actor/lib/test/auto/UtilityFunctions.xml (RunModel)" time="0.009" />
  <testcase classname="ptolemy.util.test.junit.AutoTests" name="[394] /home/travis/build/icyphy/ptII/ptolemy/actor/lib/test/auto/VariableSleep.xml (RunModel)" time="0.51" />
  <testcase classname="ptolemy.util.test.junit.AutoTests" name="[395] /home/travis/build/icyphy/ptII/ptolemy/actor/lib/test/auto/VectorAssemblerDisassemblerCT.xml (RunModel)" time="0.109" />
  <testcase classname="ptolemy.util.test.junit.AutoTests" name="[396] /home/travis/build/icyphy/ptII/ptolemy/actor/lib/test/auto/VectorAssemblerDisassemblerDE.xml (RunModel)" time="0.015" />
  <testcase classname="ptolemy.util.test.junit.AutoTests" name="[397] /home/travis/build/icyphy/ptII/ptolemy/actor/lib/test/auto/VectorAssemblerDisassemblerSDF.xml (RunModel)" time="0.011" />
  <testcase classname="ptolemy.util.test.junit.AutoTests" name="[398] /home/travis/build/icyphy/ptII/ptolemy/actor/lib/test/auto/WallClockTime.xml (RunModel)" time="1.011" />
  <testcase classname="ptolemy.util.test.junit.AutoTests" name="[399] /home/travis/build/icyphy/ptII/ptolemy/actor/lib/test/auto/WidthTestWithSubscriberPublisher.xml (RunModel)" time="0.038" />
  <testcase classname="ptolemy.util.test.junit.AutoTests" name="[400] /home/travis/build/icyphy/ptII/ptolemy/actor/lib/test/auto/WidthTestWithSubscriberPublisher2.xml (RunModel)" time="0.012" />
  <testcase classname="ptolemy.util.test.junit.AutoTests" name="[401] /home/travis/build/icyphy/ptII/ptolemy/actor/lib/test/auto/WidthTestWithSubscriberPublisher3.xml (RunModel)" time="0.009" />
  <testcase classname="ptolemy.util.test.junit.AutoTests" name="[402] /home/travis/build/icyphy/ptII/ptolemy/actor/lib/test/auto/Writer.xml (RunModel)" time="0.006" />
  <testcase classname="ptolemy.util.test.junit.AutoTests" name="[403] /home/travis/build/icyphy/ptII/ptolemy/actor/lib/test/auto/array.xml (RunModel)" time="0.007" />
  <testcase classname="ptolemy.util.test.junit.AutoTests" name="[404] /home/travis/build/icyphy/ptII/ptolemy/actor/lib/test/auto/array2.xml (RunModel)" time="0.013" />
  <testcase classname="ptolemy.util.test.junit.AutoTests" name="[405] /home/travis/build/icyphy/ptII/ptolemy/actor/lib/test/auto/arrayType.xml (RunModel)" time="0.011" />
  <testcase classname="ptolemy.util.test.junit.AutoTests" name="[406] /home/travis/build/icyphy/ptII/ptolemy/actor/lib/test/auto/arrayType10.xml (RunModel)" time="0.008" />
  <testcase classname="ptolemy.util.test.junit.AutoTests" name="[407] /home/travis/build/icyphy/ptII/ptolemy/actor/lib/test/auto/arrayType11.xml (RunModel)" time="0.007" />
  <testcase classname="ptolemy.util.test.junit.AutoTests" name="[408] /home/travis/build/icyphy/ptII/ptolemy/actor/lib/test/auto/arrayType12.xml (RunModel)" time="0.007" />
  <testcase classname="ptolemy.util.test.junit.AutoTests" name="[409] /home/travis/build/icyphy/ptII/ptolemy/actor/lib/test/auto/arrayType13.xml (RunModel)" time="0.007" />
  <testcase classname="ptolemy.util.test.junit.AutoTests" name="[410] /home/travis/build/icyphy/ptII/ptolemy/actor/lib/test/auto/arrayType14.xml (RunModel)" time="0.008" />
  <testcase classname="ptolemy.util.test.junit.AutoTests" name="[411] /home/travis/build/icyphy/ptII/ptolemy/actor/lib/test/auto/arrayType15.xml (RunModel)" time="0.008" />
  <testcase classname="ptolemy.util.test.junit.AutoTests" name="[412] /home/travis/build/icyphy/ptII/ptolemy/actor/lib/test/auto/arrayType16.xml (RunModel)" time="0.008" />
  <testcase classname="ptolemy.util.test.junit.AutoTests" name="[413] /home/travis/build/icyphy/ptII/ptolemy/actor/lib/test/auto/arrayType17.xml (RunModel)" time="0.007" />
  <testcase classname="ptolemy.util.test.junit.AutoTests" name="[414] /home/travis/build/icyphy/ptII/ptolemy/actor/lib/test/auto/arrayType18.xml (RunModel)" time="0.006" />
  <testcase classname="ptolemy.util.test.junit.AutoTests" name="[415] /home/travis/build/icyphy/ptII/ptolemy/actor/lib/test/auto/arrayType19.xml (RunModel)" time="0.007" />
  <testcase classname="ptolemy.util.test.junit.AutoTests" name="[416] /home/travis/build/icyphy/ptII/ptolemy/actor/lib/test/auto/arrayType2.xml (RunModel)" time="0.007" />
  <testcase classname="ptolemy.util.test.junit.AutoTests" name="[417] /home/travis/build/icyphy/ptII/ptolemy/actor/lib/test/auto/arrayType20.xml (RunModel)" time="0.007" />
  <testcase classname="ptolemy.util.test.junit.AutoTests" name="[418] /home/travis/build/icyphy/ptII/ptolemy/actor/lib/test/auto/arrayType21.xml (RunModel)" time="0.006" />
  <testcase classname="ptolemy.util.test.junit.AutoTests" name="[419] /home/travis/build/icyphy/ptII/ptolemy/actor/lib/test/auto/arrayType22.xml (RunModel)" time="0.007" />
  <testcase classname="ptolemy.util.test.junit.AutoTests" name="[420] /home/travis/build/icyphy/ptII/ptolemy/actor/lib/test/auto/arrayType23.xml (RunModel)" time="0.006" />
  <testcase classname="ptolemy.util.test.junit.AutoTests" name="[421] /home/travis/build/icyphy/ptII/ptolemy/actor/lib/test/auto/arrayType24.xml (RunModel)" time="0.007" />
  <testcase classname="ptolemy.util.test.junit.AutoTests" name="[422] /home/travis/build/icyphy/ptII/ptolemy/actor/lib/test/auto/arrayType25.xml (RunModel)" time="0.008" />
  <testcase classname="ptolemy.util.test.junit.AutoTests" name="[423] /home/travis/build/icyphy/ptII/ptolemy/actor/lib/test/auto/arrayType26.xml (RunModel)" time="0.008" />
  <testcase classname="ptolemy.util.test.junit.AutoTests" name="[424] /home/travis/build/icyphy/ptII/ptolemy/actor/lib/test/auto/arrayType27.xml (RunModel)" time="0.009" />
  <testcase classname="ptolemy.util.test.junit.AutoTests" name="[425] /home/travis/build/icyphy/ptII/ptolemy/actor/lib/test/auto/arrayType28.xml (RunModel)" time="0.015" />
  <testcase classname="ptolemy.util.test.junit.AutoTests" name="[426] /home/travis/build/icyphy/ptII/ptolemy/actor/lib/test/auto/arrayType3.xml (RunModel)" time="0.009" />
  <testcase classname="ptolemy.util.test.junit.AutoTests" name="[427] /home/travis/build/icyphy/ptII/ptolemy/actor/lib/test/auto/arrayType4.xml (RunModel)" time="0.007" />
  <testcase classname="ptolemy.util.test.junit.AutoTests" name="[428] /home/travis/build/icyphy/ptII/ptolemy/actor/lib/test/auto/arrayType5.xml (RunModel)" time="0.017" />
  <testcase classname="ptolemy.util.test.junit.AutoTests" name="[429] /home/travis/build/icyphy/ptII/ptolemy/actor/lib/test/auto/arrayType6.xml (RunModel)" time="0.007" />
  <testcase classname="ptolemy.util.test.junit.AutoTests" name="[430] /home/travis/build/icyphy/ptII/ptolemy/actor/lib/test/auto/arrayType7.xml (RunModel)" time="0.006" />
  <testcase classname="ptolemy.util.test.junit.AutoTests" name="[431] /home/travis/build/icyphy/ptII/ptolemy/actor/lib/test/auto/arrayType8.xml (RunModel)" time="0.011" />
  <testcase classname="ptolemy.util.test.junit.AutoTests" name="[432] /home/travis/build/icyphy/ptII/ptolemy/actor/lib/test/auto/arrayType9.xml (RunModel)" time="0.007" />
  <testcase classname="ptolemy.util.test.junit.AutoTests" name="[433] /home/travis/build/icyphy/ptII/ptolemy/actor/lib/test/auto/cast.xml (RunModel)" time="0.007" />
  <testcase classname="ptolemy.util.test.junit.AutoTests" name="[434] /home/travis/build/icyphy/ptII/ptolemy/actor/lib/test/auto/compositeMultiPort.xml (RunModel)" time="0.016" />
  <testcase classname="ptolemy.util.test.junit.AutoTests" name="[435] /home/travis/build/icyphy/ptII/ptolemy/actor/lib/test/auto/expressionCastInference.xml (RunModel)" time="0.011" />
  <testcase classname="ptolemy.util.test.junit.AutoTests" name="[436] /home/travis/build/icyphy/ptII/ptolemy/actor/lib/test/auto/expressionCastInference2.xml (RunModel)" time="0.006" />
  <testcase classname="ptolemy.util.test.junit.AutoTests" name="[437] /home/travis/build/icyphy/ptII/ptolemy/actor/lib/test/auto/expressionInference.xml (RunModel)" time="0.006" />
  <testcase classname="ptolemy.util.test.junit.AutoTests" name="[438] /home/travis/build/icyphy/ptII/ptolemy/actor/lib/test/auto/expression_bug.xml (RunModel)" time="0.006" />
  <testcase classname="ptolemy.util.test.junit.AutoTests" name="[439] /home/travis/build/icyphy/ptII/ptolemy/actor/lib/test/auto/factorial.xml (RunModel)" time="0.052" />
  <testcase classname="ptolemy.util.test.junit.AutoTests" name="[440] /home/travis/build/icyphy/ptII/ptolemy/actor/lib/test/auto/filterTest1.xml (RunModel)" time="0.011" />
  <testcase classname="ptolemy.util.test.junit.AutoTests" name="[441] /home/travis/build/icyphy/ptII/ptolemy/actor/lib/test/auto/funcApplyInConst.xml (RunModel)" time="0.005" />
  <testcase classname="ptolemy.util.test.junit.AutoTests" name="[442] /home/travis/build/icyphy/ptII/ptolemy/actor/lib/test/auto/funcApplyInExpr.xml (RunModel)" time="0.005" />
  <testcase classname="ptolemy.util.test.junit.AutoTests" name="[443] /home/travis/build/icyphy/ptII/ptolemy/actor/lib/test/auto/function.xml (RunModel)" time="0.008" />
  <testcase classname="ptolemy.util.test.junit.AutoTests" name="[444] /home/travis/build/icyphy/ptII/ptolemy/actor/lib/test/auto/function2.xml (RunModel)" time="0.007" />
  <testcase classname="ptolemy.util.test.junit.AutoTests" name="[445] /home/travis/build/icyphy/ptII/ptolemy/actor/lib/test/auto/function3.xml (RunModel)" time="0.006" />
  <testcase classname="ptolemy.util.test.junit.AutoTests" name="[446] /home/travis/build/icyphy/ptII/ptolemy/actor/lib/test/auto/functionClosureTest1.xml (RunModel)" time="0.009" />
  <testcase classname="ptolemy.util.test.junit.AutoTests" name="[447] /home/travis/build/icyphy/ptII/ptolemy/actor/lib/test/auto/functionClosureTest2.xml (RunModel)" time="0.006" />
  <testcase classname="ptolemy.util.test.junit.AutoTests" name="[448] /home/travis/build/icyphy/ptII/ptolemy/actor/lib/test/auto/functionClosureTest3.xml (RunModel)" time="0.007" />
  <testcase classname="ptolemy.util.test.junit.AutoTests" name="[449] /home/travis/build/icyphy/ptII/ptolemy/actor/lib/test/auto/functionClosureTest4.xml (RunModel)" time="0.012" />
  <testcase classname="ptolemy.util.test.junit.AutoTests" name="[450] /home/travis/build/icyphy/ptII/ptolemy/actor/lib/test/auto/functionClosureTest5.xml (RunModel)" time="0.01" />
  <testcase classname="ptolemy.util.test.junit.AutoTests" name="[451] /home/travis/build/icyphy/ptII/ptolemy/actor/lib/test/auto/functionClosureTest6.xml (RunModel)" time="0.007" />
  <testcase classname="ptolemy.util.test.junit.AutoTests" name="[452] /home/travis/build/icyphy/ptII/ptolemy/actor/lib/test/auto/functionsOnArcs.xml (RunModel)" time="0.008" />
  <testcase classname="ptolemy.util.test.junit.AutoTests" name="[453] /home/travis/build/icyphy/ptII/ptolemy/actor/lib/test/auto/functionsOnArcsHOF.xml (RunModel)" time="0.009" />
  <testcase classname="ptolemy.util.test.junit.AutoTests" name="[454] /home/travis/build/icyphy/ptII/ptolemy/actor/lib/test/auto/logic.xml (RunModel)" time="0.018" />
  <testcase classname="ptolemy.util.test.junit.AutoTests" name="[455] /home/travis/build/icyphy/ptII/ptolemy/actor/lib/test/auto/matrixType.xml (RunModel)" time="0.007" />
  <testcase classname="ptolemy.util.test.junit.AutoTests" name="[456] /home/travis/build/icyphy/ptII/ptolemy/actor/lib/test/auto/matrixType10.xml (RunModel)" time="0.008" />
  <testcase classname="ptolemy.util.test.junit.AutoTests" name="[457] /home/travis/build/icyphy/ptII/ptolemy/actor/lib/test/auto/matrixType11.xml (RunModel)" time="0.029" />
  <testcase classname="ptolemy.util.test.junit.AutoTests" name="[458] /home/travis/build/icyphy/ptII/ptolemy/actor/lib/test/auto/matrixType12.xml (RunModel)" time="0.066" />
  <testcase classname="ptolemy.util.test.junit.AutoTests" name="[459] /home/travis/build/icyphy/ptII/ptolemy/actor/lib/test/auto/matrixType13.xml (RunModel)" time="0.026" />
  <testcase classname="ptolemy.util.test.junit.AutoTests" name="[460] /home/travis/build/icyphy/ptII/ptolemy/actor/lib/test/auto/matrixType14.xml (RunModel)" time="0.009" />
  <testcase classname="ptolemy.util.test.junit.AutoTests" name="[461] /home/travis/build/icyphy/ptII/ptolemy/actor/lib/test/auto/matrixType2.xml (RunModel)" time="0.007" />
  <testcase classname="ptolemy.util.test.junit.AutoTests" name="[462] /home/travis/build/icyphy/ptII/ptolemy/actor/lib/test/auto/matrixType3.xml (RunModel)" time="0.008" />
  <testcase classname="ptolemy.util.test.junit.AutoTests" name="[463] /home/travis/build/icyphy/ptII/ptolemy/actor/lib/test/auto/matrixType4.xml (RunModel)" time="0.013" />
  <testcase classname="ptolemy.util.test.junit.AutoTests" name="[464] /home/travis/build/icyphy/ptII/ptolemy/actor/lib/test/auto/matrixType5.xml (RunModel)" time="0.007" />
  <testcase classname="ptolemy.util.test.junit.AutoTests" name="[465] /home/travis/build/icyphy/ptII/ptolemy/actor/lib/test/auto/matrixType6.xml (RunModel)" time="0.006" />
  <testcase classname="ptolemy.util.test.junit.AutoTests" name="[466] /home/travis/build/icyphy/ptII/ptolemy/actor/lib/test/auto/matrixType7.xml (RunModel)" time="0.007" />
  <testcase classname="ptolemy.util.test.junit.AutoTests" name="[467] /home/travis/build/icyphy/ptII/ptolemy/actor/lib/test/auto/matrixType8.xml (RunModel)" time="0.007" />
  <testcase classname="ptolemy.util.test.junit.AutoTests" name="[468] /home/travis/build/icyphy/ptII/ptolemy/actor/lib/test/auto/matrixType9.xml (RunModel)" time="0.007" />
  <testcase classname="ptolemy.util.test.junit.AutoTests" name="[469] /home/travis/build/icyphy/ptII/ptolemy/actor/lib/test/auto/paraFunctest.xml (RunModel)" time="0.006" />
  <testcase classname="ptolemy.util.test.junit.AutoTests" name="[470] /home/travis/build/icyphy/ptII/ptolemy/actor/lib/test/auto/paraFunctest2.xml (RunModel)" time="0.01" />
  <testcase classname="ptolemy.util.test.junit.AutoTests" name="[471] /home/travis/build/icyphy/ptII/ptolemy/actor/lib/test/auto/parameterPassing.xml (RunModel)" time="0.006" />
  <testcase classname="ptolemy.util.test.junit.AutoTests" name="[472] /home/travis/build/icyphy/ptII/ptolemy/actor/lib/test/auto/record.xml (RunModel)" time="0.008" />
  <testcase classname="ptolemy.util.test.junit.AutoTests" name="[473] /home/travis/build/icyphy/ptII/ptolemy/actor/lib/test/auto/sizedarray1.xml (RunModel)" time="0.007" />
  <testcase classname="ptolemy.util.test.junit.AutoTests" name="[474] /home/travis/build/icyphy/ptII/ptolemy/actor/lib/test/auto/sizedarray2.xml (RunModel)" time="0.008" />
  <testcase classname="ptolemy.util.test.junit.AutoTests" name="[475] /home/travis/build/icyphy/ptII/ptolemy/actor/lib/test/auto/twoPublishers.xml (RunModel)" time="0.021" />
  <system-out><![CDATA[/home/travis/build/icyphy/ptII/ptolemy/actor/lib/test/AbsoluteValue.tcl
testDefs.tcl: setting time out to 9000 seconds at Mon Dec 23 06:28:16 UTC 2019
110 ms. Memory: 129024K Free: 94152K (73%)
10 ms. Memory: 129024K Free: 92607K (72%)
11 ms. Memory: 129024K Free: 91590K (71%)
4 ms. Memory: 129024K Free: 91080K (71%)
/home/travis/build/icyphy/ptII/ptolemy/actor/lib/test/AddSubtract.tcl
9 ms. Memory: 129024K Free: 89032K (69%)
7 ms. Memory: 129024K Free: 88008K (68%)
5 ms. Memory: 129024K Free: 87479K (68%)
15 ms. Memory: 129024K Free: 86463K (67%)
69 ms. Memory: 129024K Free: 83912K (65%)
15 ms. Memory: 129024K Free: 82888K (64%)
/home/travis/build/icyphy/ptII/ptolemy/actor/lib/test/Average.tcl
15 ms. Memory: 129024K Free: 81335K (63%)
15 ms. Memory: 129024K Free: 80295K (62%)
/home/travis/build/icyphy/ptII/ptolemy/actor/lib/test/Bernoulli.tcl
5 ms. Memory: 129024K Free: 78247K (61%)
2 ms. Memory: 129024K Free: 78247K (61%)
/home/travis/build/icyphy/ptII/ptolemy/actor/lib/test/Clock.tcl
preinitializing
resolving types
initializing
executing number 1
wrapping up
idle
34 ms. Memory: 129024K Free: 75206K (58%)
Completed execution with 5 iterations
preinitializing
resolving types
initializing
executing number 1
wrapping up
idle
4 ms. Memory: 129024K Free: 74696K (58%)
Completed execution with 5 iterations
preinitializing
resolving types
initializing
executing number 1
wrapping up
idle
3 ms. Memory: 129024K Free: 74182K (57%)
Completed execution with 5 iterations
/home/travis/build/icyphy/ptII/ptolemy/actor/lib/test/Commutator.tcl
7 ms. Memory: 129024K Free: 72119K (56%)
13 ms. Memory: 129024K Free: 71110K (55%)
16 ms. Memory: 129024K Free: 65480K (51%)
/home/travis/build/icyphy/ptII/ptolemy/actor/lib/test/Const.tcl
4 ms. Memory: 129024K Free: 63935K (50%)
2 ms. Memory: 129024K Free: 63432K (49%)
3 ms. Memory: 129024K Free: 62918K (49%)
2 ms. Memory: 129024K Free: 62408K (48%)
2 ms. Memory: 129024K Free: 61384K (48%)
18 ms. Memory: 129024K Free: 59846K (46%)
8 ms. Memory: 129024K Free: 58815K (46%)
5 ms. Memory: 129024K Free: 57783K (45%)
/home/travis/build/icyphy/ptII/ptolemy/actor/lib/test/CurrentTime.tcl
preinitializing
resolving types
initializing
executing number 1
wrapping up
idle
14 ms. Memory: 129024K Free: 56264K (44%)
Completed execution with 11 iterations
/home/travis/build/icyphy/ptII/ptolemy/actor/lib/test/DB.tcl
11 ms. Memory: 129024K Free: 54216K (42%)
5 ms. Memory: 129024K Free: 53671K (42%)
1 ms. Memory: 129024K Free: 53192K (41%)
/home/travis/build/icyphy/ptII/ptolemy/actor/lib/test/DiscreteRandomSource.tcl
preinitializing
resolving types
initializing
executing number 1
wrapping up
idle
8 ms. Memory: 129024K Free: 52168K (40%)
Completed execution with 4 iterations
preinitializing
resolving types
initializing
executing number 1
wrapping up
idle
5 ms. Memory: 129024K Free: 51654K (40%)
Completed execution with 4 iterations
preinitializing
resolving types
initializing
executing number 1
wrapping up
idle
6 ms. Memory: 129024K Free: 51144K (40%)
Completed execution with 4 iterations
preinitializing
resolving types
initializing
executing number 1
wrapping up
idle
3 ms. Memory: 129024K Free: 50615K (39%)
Completed execution with 4 iterations
preinitializing
resolving types
initializing
executing number 1
wrapping up
idle
4 ms. Memory: 129024K Free: 50120K (39%)
Completed execution with 4 iterations
/home/travis/build/icyphy/ptII/ptolemy/actor/lib/test/Distributor.tcl
31 ms. Memory: 129024K Free: 115075K (89%)
3 ms. Memory: 129024K Free: 114052K (88%)
StreamChangeRequest.changeExecuted(): <deleteEntity name="rec2"/> succeeded
StreamChangeRequest.changeExecuted(): <deleteRelation name="r2"/> succeeded
StreamChangeRequest.changeExecuted(): Record firings per iteration succeeded
10 ms. Memory: 129024K Free: 111590K (86%)
/home/travis/build/icyphy/ptII/ptolemy/actor/lib/test/Exit.tcl
Exit.tcl: this will print a message about Manager.exitAfterWrapup, which can be ignored.
5 ms. Memory: 129024K Free: 111742K (87%)
/home/travis/build/icyphy/ptII/ptolemy/actor/lib/test/Expression.tcl
13 ms. Memory: 129024K Free: 108650K (84%)
3 ms. Memory: 129024K Free: 107849K (84%)
3 ms. Memory: 129024K Free: 107213K (83%)
preinitializing
resolving types
initializing
executing number 1
wrapping up
idle
5 ms. Memory: 129024K Free: 105825K (82%)
Completed execution with 6 iterations
5 ms. Memory: 129024K Free: 104785K (81%)
3 ms. Memory: 129024K Free: 104134K (81%)
5 ms. Memory: 129024K Free: 102751K (80%)
9 ms. Memory: 129024K Free: 101713K (79%)
6 ms. Memory: 129024K Free: 100062K (78%)
/home/travis/build/icyphy/ptII/ptolemy/actor/lib/test/Gaussian.tcl
6 ms. Memory: 129024K Free: 98410K (76%)
sleeping 1 seconds: ................................................................................................................................................................................................................................................................................................................................................................................................................................................................................................................................................................................................................................................................................................................................................................................................................................................................................................................................................................................................................................................................................................................................................................................................................................................................................................................................................................................................................................................................................................................................................................................................................................................................................................................................................................................................................................................................................................................................................................................................................................................................................................................................................................................................................................................................................................................................................................................................................................................................................................................................................................................................................................................................................................................................................................................................................................................................................................................................................................................................................................................................................................................................................................................................................................................................................................................................................................................................................................................................................................................................................................................................................................................................................................................................................................................................................................................................................................................................................................................................................................................................................................................................................................................................................................................................................................................................................................................................................................................................................................................................................................................................................................................................................................................................................................................................................................................................................................................................................................................................................................................................................................................................................................................................................................................................................................................................................................................................................................................................................................................................................................................................................................................................................................................................................................................................................................................................................................................................................................................................................................................................................................................................................................................................................................................................................................................................................................................................................................................................................................................................................................................................................................................................................................................................................................................................................................................................................................................................................................................................................................................................................................................................................................................................................................................................................................................................................................................................................................................................................................................................................................................................................................................................................................................................................................................................................................................................................................................................................................................................................................................................................................................................................................................................................................................................................................................................................................................................................................................................................................................................................................................................................................................................................................................................................................................................................................................................................................................................................................................................................................................................................................................................................................................................................................................................................................................................................................................................................................................................................................................................................................................................................................................................................................................................................................................................................................................................................................................................................................................................................................................................................................................................................................................................................................................................................................................................................................................................................................................................................................................................................................................................................................................................................................................................................................................................................................................................................................................................................................................................................................................................................................................................................................................................................................................................................................................................................................................................................................................................................................................................................................................................................................................................................................................................................................................................................................................................................................................................................................................................................................................................................................................................................................................................................................................................................................................................................................................................................................................................................................................................................................................................................................................................................................................................................................................................................................................................................................................................................................................................................................................................................................................................................................................................................................................................................................................................................................................................................................................................................................................................................................................................................................................................................................................................................................................................................................................................................................................................................................................................................................................................................................................................................................................................................................................................................................................................................................................................................................................................................................................................................................................................................................................................................................................................................................................................................................................................................................................................................................................................................................................................................................................................................................................................................................................................................................................................................................................................................................................................................................................................................................................................................................................................................................................................................................................................................................................................................................................................................................................................................................................................................................................................................................................................................................................................................................................................................................................................................................................................................................................................................................................................................................................................................................................................................................................................................................................................................................................................................................................................................................................................................................................................................................................................................................................................................................................................................................................................................................................................................................................................................................................................................................................................................................................................................................................................................................................................................................................................................................................................................................................................................................................................................................................................................................................................................................................................................................................................................................................................................................................................................................................................................................................................................................................................................................................................................................................................................................................................................................................................................................................................................................................................................................................................................................................................................................................................................................................................................................................................................................................................................................................................................................................................................................................................................................................................................................................................................................................................................................................................................................................................................................................................................................................................................................................................................................................................................................................................................................................................................................................................................................................................................................................................................................................................................................................................................................................................................................................................................................................................................................................................................................................................................................................................................................................................................................................................................................................................................................................................................................................................................................................................................................................................................................................................................................................................................................................................................................................................................................................................................................................................................................................................................................................................................................................................................................................................................................................................................................................................................................................................................................................................................................................................................................................................................................................................................................................................................................................................................................................................................................................................................................................................................................................................................................................................................................................................................................................................................................................................................................................................................................................................................................................................................................................................................................................................................................................................................................................................................................................................................................................................................................................................................................................................................................................................................................................................................................................................................................................................................................................................................................................................................................................................................................................................................................................................................................................................................................................................................................................................................................................................................................................................................................................................................................................................................................................................................................................................................................................................................................................................................................................................................................................................................................................................................................................................................................................................................................................................................................................................................................................................................................................................................................................................................................................................................................................................................................................................................................................................................................................................................................................................................................................................................................................................................................................................................................................................................................................................................................................................................................................................................................................................................................................................................................................................................................................................................................................................................................................................................................................................................................................................................................................................................................................................................................................................................................................................................................................................................................................................................................................................................................................................................................................................................................................................................................................................................................................................................................................................................................................................................................................................................................................................................................................................................................................................................................................................................................................................................................................................................................................................................................................................................................................................................................................................................................................................................................................................................................................................................................................................................................................................................................................................................................................................................................................................................................................................................................................................................................................................................................................................................................................................................................................................................................................................................................................................................................................................................................................................................................................................................................................................................................................................................................................................................................................................................................................................................................................................................................................................................................................................................................................................................................................................................................................................................................................................................................................................................................................................................................................................................................................................................................................................................................................................................................................................................................................................................................................................................................................................................................................................................................................................................................................................................................................................................................................................................................................................................................................................................................................................................................................................................................................................................................................................................................................................................................................................................................................................................................................................................................................................................................................................................................................................................................................................................................................................................................................................................................................................................................................................................................................................................................................................................................................................................................................................................................................................................................................................................................................................................................................................................................................................................................................................................................................................................................................................................................................................................................................................................................................................................................................................................................................................................................................................................................................................................................................................................................................................................................................................................................................................................................................................................................................................................................................................................................................................................................................................................................................................................................................................................................................................................................................................................................................................................................................................................................................................................................................................................................................................................................................................................................................................................................................................................................................................................................................................................................................................................................................................................................................................................................................................................................................................................................................................................................................................................................................................................................................................................................................................................................................................................................................................................................................................................................................................................................................................................................................................................................................................................................................................................................................................................................................................................................................................................................................................................................................................................................................................................................................................................................................................................................................................................................................................................................................................................................................................................................................................................................................................................................................................................................................................................................................................................................................................................................................................................................................................................................................................................................................................................................................................................................................................................................................................................................................................................................................................................................................................................................................................................................................................................................................................................................................................................................................................................................................................................................................................................................................................................................................................................................................................................................................................................................................................................................................................................................................................................................................................................................................................................................................................................................................................................................................................................................................................................................................................................................................................................................................................................................................................................................................................................................................................................................................................................................................................................................................................................................................................................................................................................................................................................................................................................................................................................................................................................................................................................................................................................................................................................................................................................................................................................................................................................................................................................................................................................................................................................................................................................................................................................................................................................................................................................................................................................................................................................................................................................................................................................................................................................................................................................................................................................................................................................................................................................................................................................................................................................................................................................................................................................................................................................................................................................................................................................................................................................................................................................................................................................................................................................................................................................................................................................................................................................................................................................................................................................................................................................................................................................................................................................................................................................................................................................................................................................................................................................................................................................................................................................................................................................................................................................................................................................................................................................................................................................................................................................................................................................................................................................................................................................................................................................................................................................................................................................................................................................................................................................................................................................................................................................................................................................................................................................................................................................................................................................................................................................................................................................................................................................................................................................................................................................................................................................................................................................................................................................................................................................................................................................................................................................................................................................................................................................................................................................................................................................................................................................................................................................................................................................................................................................................................................................................................................................................................................................................................................................................................................................................................................................................................................................................................................................................................................................................................................................................................................................................................................................................................................................................................................................................................................................................................................................................................................................................................................................................................................................................................................................................................................................................................................................................................................................................................................................................................................................................................................................................................................................................................................................................................................................................................................................................................................................................................................................................................................................................................................................................................................................................................................................................................................................................................................................................................................................................................................................................................................................................................................................................................................................................................................................................................................................................................................................................................................................................................................................................................................................................................................................................................................................................................................................................................................................................................................................................................................................................................................................................................................................................................................................................................................................................................................................................................................................................................................................................................................................................................................................................................................................................................................................................................................................................................................................................................................................................................................................................................................................................................................................................................................................................................................................................................................................................................................................................................................................................................................................................................................................................................................................................................................................................................................................................................................................................................................................................................................................................................................................................................................................................................................................................................................................................................................................................................................................................................................................................................................................................................................................................................................................................................................................................................................................................................................................................................................................................................................................................................................................................................................................................................................................................................................................................................................................................................................................................................................................................................................................................................................................................................................................................................................................................................................................................................................................................................................................................................................................................................................................................................................................................................................................................................................................................................................................................................................................................................................................................................................................................................................................................................................................................................................................................................................................................................................................................................................................................................................................................................................................................................................................................................................................................................................................................................................................................................................................................................................................................................................................................................................................................................................................................................................................................................................................4 ms. Memory: 129024K Free: 85814K (67%)
2 ms. Memory: 129024K Free: 84798K (66%)
2 ms. Memory: 129024K Free: 84294K (65%)
1 ms. Memory: 129024K Free: 83774K (65%)
6 ms. Memory: 129024K Free: 83270K (65%)
/home/travis/build/icyphy/ptII/ptolemy/actor/lib/test/IIR.tcl
/home/travis/build/icyphy/ptII/ptolemy/actor/lib/test/Interpolator.tcl
4 ms. Memory: 129024K Free: 79174K (61%)
1 ms. Memory: 129024K Free: 78646K (61%)
1 ms. Memory: 129024K Free: 78150K (61%)
1 ms. Memory: 129024K Free: 77622K (60%)
16 ms. Memory: 129024K Free: 76598K (59%)
2 ms. Memory: 129024K Free: 76102K (59%)
2 ms. Memory: 129024K Free: 75078K (58%)
1 ms. Memory: 129024K Free: 74054K (57%)
2 ms. Memory: 129024K Free: 73030K (57%)
1 ms. Memory: 129024K Free: 72516K (56%)
/home/travis/build/icyphy/ptII/ptolemy/actor/lib/test/MathFunction.tcl
4 ms. Memory: 129024K Free: 70454K (55%)
2 ms. Memory: 129024K Free: 68934K (53%)
2 ms. Memory: 129024K Free: 67910K (53%)
2 ms. Memory: 129024K Free: 67382K (52%)
3 ms. Memory: 129024K Free: 65862K (51%)
5 ms. Memory: 129024K Free: 63814K (49%)
/home/travis/build/icyphy/ptII/ptolemy/actor/lib/test/Maximum.tcl
6 ms. Memory: 129024K Free: 62270K (48%)
4 ms. Memory: 129024K Free: 61238K (47%)
6 ms. Memory: 129024K Free: 60742K (47%)
3 ms. Memory: 129024K Free: 60214K (47%)
/home/travis/build/icyphy/ptII/ptolemy/actor/lib/test/Minimum.tcl
6 ms. Memory: 129024K Free: 58180K (45%)
3 ms. Memory: 129024K Free: 57670K (45%)
2 ms. Memory: 129024K Free: 57142K (44%)
3 ms. Memory: 129024K Free: 56646K (44%)
/home/travis/build/icyphy/ptII/ptolemy/actor/lib/test/MultiplyDivide.tcl
9 ms. Memory: 129024K Free: 54598K (42%)
7 ms. Memory: 129024K Free: 53574K (42%)
7 ms. Memory: 129024K Free: 53030K (41%)
4 ms. Memory: 129024K Free: 52548K (41%)
3 ms. Memory: 129024K Free: 51526K (40%)
/home/travis/build/icyphy/ptII/ptolemy/actor/lib/test/OrderedMerge.tcl
Connections changed on port: inputA
Connections changed on port: inputB
Connections changed on port: output
Connections changed on port: output
Connections changed on port: output
Connections changed on port: input
.top. Preinitializing ...
Invoking preinitialize():  .top.OrderedMerge
Called preinitialize()
Invoking preinitialize():  .top.Ramp
Called preinitialize()
Invoking preinitialize():  .top.Ramp2
Called preinitialize()
Invoking preinitialize():  .top.Test
Called preinitialize()
Connections changed on port: inputA
Connections changed on port: output
Connections changed on port: output
Connections changed on port: input
Connections changed on port: inputB
Connections changed on port: output
.top. Finished preinitialize().
Called initialize().
Invoking initialize():  .top.OrderedMerge
Initializing actor: .top.OrderedMerge
Adding a thread: .top.OrderedMerge
Invoking initialize():  .top.Ramp
Initializing actor: .top.Ramp
Adding a thread: .top.Ramp
Invoking initialize():  .top.Ramp2
Initializing actor: .top.Ramp2
Adding a thread: .top.Ramp2
Invoking initialize():  .top.Test
Initializing actor: .top.Test
Adding a thread: .top.Test
-- Starting thread.
Called initialize()
Called prefire()
Called fire()
Called fire().
Checking for deadlock:
-- Starting thread.
Called initialize()
-- Starting thread.
Called initialize()
Called prefire()
Called prefire()
Called fire()
Called fire()
-- Starting thread.
Called initialize()
Called prefire()
Called fire()
There are 0 Blocked actors, 0 Stopped actors, and 4 active threads.
Waiting for actors to stop.
Called postfire()
Called prefire()
Called fire()
Called postfire()
Called prefire()
Called fire()
Read input token from inputA with value 0.0
Next port to read input from is inputB
Called postfire()
Called prefire()
Called fire()
Read input token from inputB with value 0.0
Sent output token with value 0.0
Next port to read input from is inputA
Called postfire()
Called prefire()
Called fire()
Checking for deadlock:
There are 1 Blocked actors, 0 Stopped actors, and 4 active threads.
Waiting for actors to stop.
Called postfire()
Called prefire()
Called fire()
Called postfire()
Called prefire()
Called fire()
-- Read input: 0.0, which is expected to match: 0.0
Called prefire()
Called fire()
Checking for deadlock:
There are 3 Blocked actors, 0 Stopped actors, and 4 active threads.
Waiting for actors to stop.
Read input token from inputA with value 1.0
Sent output token with value 0.0
Next port to read input from is inputB
Called postfire()
Called prefire()
Called fire()
Read input token from inputB with value 1.5
Called postfire()
Called prefire()
Called fire()
Called postfire()
Called prefire()
Called fire()
-- Read input: 0.0, which is expected to match: 0.0
Called prefire()
Called fire()
Checking for deadlock:
There are 3 Blocked actors, 0 Stopped actors, and 4 active threads.
Waiting for actors to stop.
Sent output token with value 1.0
Next port to read input from is inputA
Called postfire()
Called prefire()
Called fire()
Read input token from inputA with value 2.0
Called postfire()
Called prefire()
Called fire()
-- Read input: 1.0, which is expected to match: 1.0
Called prefire()
Called fire()
Checking for deadlock:
There are 3 Blocked actors, 0 Stopped actors, and 4 active threads.
Waiting for actors to stop.
Sent output token with value 1.5
Next port to read input from is inputB
Called postfire()
Called prefire()
Called fire()
Read input token from inputB with value 3.0
Called postfire()
Called prefire()
Called fire()
-- Read input: 1.5, which is expected to match: 1.5
Called prefire()
Called fire()
Checking for deadlock:
There are 3 Blocked actors, 0 Stopped actors, and 4 active threads.
Waiting for actors to stop.
Sent output token with value 2.0
Next port to read input from is inputA
Called postfire()
Called prefire()
Called fire()
Read input token from inputA with value 3.0
Called postfire()
Called prefire()
Called fire()
-- Read input: 2.0, which is expected to match: 2.0
Called prefire()
Called fire()
Checking for deadlock:
There are 3 Blocked actors, 0 Stopped actors, and 4 active threads.
Waiting for actors to stop.
Sent output token with value 3.0
Next port to read input from is inputB
Called postfire()
Called prefire()
Called fire()
Read input token from inputB with value 4.5
Called postfire()
Called prefire()
Called fire()
-- Read input: 3.0, which is expected to match: 3.0
Called prefire()
Called fire()
Checking for deadlock:
There are 3 Blocked actors, 0 Stopped actors, and 4 active threads.
Waiting for actors to stop.
Sent output token with value 3.0
Next port to read input from is inputA
Called postfire()
Called prefire()
Called fire()
Read input token from inputA with value 4.0
Called postfire()
Called prefire()
Called fire()
-- Read input: 3.0, which is expected to match: 3.0
Called prefire()
Called fire()
Checking for deadlock:
There are 3 Blocked actors, 0 Stopped actors, and 4 active threads.
Waiting for actors to stop.
Sent output token with value 4.0
Next port to read input from is inputA
Called postfire()
Called prefire()
Called fire()
Read input token from inputA with value 5.0
Called postfire()
Called prefire()
Called fire()
-- Read input: 4.0, which is expected to match: 4.0
Called prefire()
Called fire()
Past the end of training data. Read and discard all inputs.
Checking for deadlock:
There are 3 Blocked actors, 0 Stopped actors, and 4 active threads.
Waiting for actors to stop.
Called prefire()
Called fire()
Past the end of training data. Read and discard all inputs.
Checking for deadlock:
There are 3 Blocked actors, 0 Stopped actors, and 4 active threads.
Waiting for actors to stop.
Sent output token with value 4.5
Next port to read input from is inputB
Called postfire()
Called prefire()
Called fire()
Called postfire()
Called prefire()
Called fire()
Checking for deadlock:
There are 3 Blocked actors, 0 Stopped actors, and 4 active threads.
Waiting for actors to stop.
Read input token from inputB with value 6.0
Checking for deadlock:
There are 2 Blocked actors, 0 Stopped actors, and 4 active threads.
Waiting for actors to stop.
Called prefire()
Called fire()
Past the end of training data. Read and discard all inputs.
Checking for deadlock:
There are 3 Blocked actors, 0 Stopped actors, and 4 active threads.
Waiting for actors to stop.
Sent output token with value 5.0
Next port to read input from is inputA
Called postfire()
Called prefire()
Called fire()
Called postfire()
Called prefire()
Called fire()
Checking for deadlock:
There are 3 Blocked actors, 0 Stopped actors, and 4 active threads.
Waiting for actors to stop.
Read input token from inputA with value 6.0
Checking for deadlock:
There are 2 Blocked actors, 0 Stopped actors, and 4 active threads.
Waiting for actors to stop.
Called prefire()
Called fire()
Past the end of training data. Read and discard all inputs.
Checking for deadlock:
There are 3 Blocked actors, 0 Stopped actors, and 4 active threads.
Waiting for actors to stop.
Sent output token with value 6.0
Next port to read input from is inputB
Called postfire()
Called prefire()
Called fire()
Called postfire()
Called prefire()
Called fire()
Checking for deadlock:
There are 3 Blocked actors, 0 Stopped actors, and 4 active threads.
Waiting for actors to stop.
Read input token from inputB with value 7.5
Checking for deadlock:
There are 2 Blocked actors, 0 Stopped actors, and 4 active threads.
Waiting for actors to stop.
Called prefire()
Called fire()
Past the end of training data. Read and discard all inputs.
Checking for deadlock:
There are 3 Blocked actors, 0 Stopped actors, and 4 active threads.
Waiting for actors to stop.
Sent output token with value 6.0
Next port to read input from is inputA
Called postfire()
Called prefire()
Called fire()
Called postfire()
Called prefire()
Called fire()
Checking for deadlock:
There are 3 Blocked actors, 0 Stopped actors, and 4 active threads.
Waiting for actors to stop.
Read input token from inputA with value 7.0
Checking for deadlock:
There are 2 Blocked actors, 0 Stopped actors, and 4 active threads.
Waiting for actors to stop.
Called prefire()
Called fire()
Past the end of training data. Read and discard all inputs.
Checking for deadlock:
There are 3 Blocked actors, 0 Stopped actors, and 4 active threads.
Waiting for actors to stop.
Sent output token with value 7.0
Next port to read input from is inputA
Called postfire()
Called prefire()
Called fire()
Checking for deadlock:
There are 2 Blocked actors, 0 Stopped actors, and 4 active threads.
Waiting for actors to stop.
-- Thread wrapup() called.
Called wrapup()
Thread .top.Ramp is exiting.
-- Thread stopped.
Read input token from inputA with value 8.0
Checking for deadlock:
There are 2 Blocked actors, 0 Stopped actors, and 3 active threads.
Waiting for actors to stop.
Called prefire()
Called fire()
Past the end of training data. Read and discard all inputs.
Checking for deadlock:
There are 2 Blocked actors, 0 Stopped actors, and 3 active threads.
Waiting for actors to stop.
Sent output token with value 7.5
Next port to read input from is inputB
Called postfire()
Called prefire()
Called fire()
Called postfire()
Called prefire()
Called fire()
Checking for deadlock:
There are 2 Blocked actors, 0 Stopped actors, and 3 active threads.
Waiting for actors to stop.
Read input token from inputB with value 9.0
Checking for deadlock:
There are 1 Blocked actors, 0 Stopped actors, and 3 active threads.
Waiting for actors to stop.
Called prefire()
Called fire()
Past the end of training data. Read and discard all inputs.
Checking for deadlock:
There are 2 Blocked actors, 0 Stopped actors, and 3 active threads.
Waiting for actors to stop.
Sent output token with value 8.0
Next port to read input from is inputA
Called postfire()
Called prefire()
Called fire()
Read input token from inputA with value 9.0
Called prefire()
Called fire()
Past the end of training data. Read and discard all inputs.
Checking for deadlock:
There are 2 Blocked actors, 0 Stopped actors, and 3 active threads.
Waiting for actors to stop.
Sent output token with value 9.0
Next port to read input from is inputB
Called postfire()
Called prefire()
Called fire()
Called postfire()
Called prefire()
Called fire()
Checking for deadlock:
There are 2 Blocked actors, 0 Stopped actors, and 3 active threads.
Waiting for actors to stop.
Read input token from inputB with value 10.5
Checking for deadlock:
There are 1 Blocked actors, 0 Stopped actors, and 3 active threads.
Waiting for actors to stop.
Called prefire()
Called fire()
Past the end of training data. Read and discard all inputs.
Checking for deadlock:
There are 2 Blocked actors, 0 Stopped actors, and 3 active threads.
Waiting for actors to stop.
Sent output token with value 9.0
Next port to read input from is inputA
Called postfire()
Called prefire()
Called fire()
Checking for deadlock:
There are 3 Blocked actors, 0 Stopped actors, and 3 active threads.
Actors have stopped.
Checking for deadlock:
There are 3 Blocked actors, 0 Stopped actors, and 3 active threads.
Deadlock detected.
Resolving Deadlock
Checking for deadlock:
There are 3 Blocked actors, 0 Stopped actors, and 3 active threads.
Artificial Deadlock - increasing queue capacity.
increasing the capacity of receiver ptolemy.actor.TypedIOPort {.top.OrderedMerge.inputB} to 2
-- Thread wrapup() called.
Called wrapup()
Thread .top.Ramp2 is exiting.
-- Thread stopped.
Director: Called postfire().
Called postfire().
_stopRequested = false
_stopFireRequested = false
Returning from postfire(): true
Called fire().
Checking for deadlock:
There are 2 Blocked actors, 0 Stopped actors, and 2 active threads.
Actors have stopped.
Checking for deadlock:
There are 2 Blocked actors, 0 Stopped actors, and 2 active threads.
Deadlock detected.
Resolving Deadlock
Checking for deadlock:
There are 2 Blocked actors, 0 Stopped actors, and 2 active threads.
Deadlock detected: no processes blocked on write, but some are blocked on read.
Called postfire().
_stopRequested = false
_stopFireRequested = false
Returning from postfire(): false
Finished deactivating branches.
Called wrapup().
-- Thread wrapup() called.
Called wrapup()
Thread .top.Test is exiting.
-- Thread stopped.
-- Blocked Receiver call threw TerminateProcessException.
-- Thread wrapup() called.
Called wrapup()
Thread .top.OrderedMerge is exiting.
-- Thread stopped.
-- Blocked Receiver call threw TerminateProcessException.
88 ms. Memory: 129024K Free: 109209K (85%)
.top. Preinitializing ...
Invoking preinitialize():  .top.OrderedMerge
Called preinitialize()
Invoking preinitialize():  .top.Ramp
Called preinitialize()
Invoking preinitialize():  .top.Ramp2
Called preinitialize()
Invoking preinitialize():  .top.Test
Called preinitialize()
.top. Finished preinitialize().
Called initialize().
Invoking initialize():  .top.OrderedMerge
Initializing actor: .top.OrderedMerge
Adding a thread: .top.OrderedMerge
Invoking initialize():  .top.Ramp
Initializing actor: .top.Ramp
Adding a thread: .top.Ramp
Invoking initialize():  .top.Ramp2
Initializing actor: .top.Ramp2
Adding a thread: .top.Ramp2
Invoking initialize():  .top.Test
Initializing actor: .top.Test
Adding a thread: .top.Test
-- Starting thread.
Called initialize()
-- Starting thread.
Called initialize()
Called prefire()
Called fire()
Called postfire()
Called prefire()
Called fire()
Called fire().
Checking for deadlock:
There are 1 Blocked actors, 0 Stopped actors, and 4 active threads.
Waiting for actors to stop.
Called prefire()
Called fire()
-- Starting thread.
Called initialize()
Called prefire()
Called fire()
Called postfire()
Called prefire()
Called fire()
Checking for deadlock:
There are 3 Blocked actors, 0 Stopped actors, and 4 active threads.
Waiting for actors to stop.
-- Starting thread.
Called initialize()
Called prefire()
Called fire()
Checking for deadlock:
There are 2 Blocked actors, 0 Stopped actors, and 4 active threads.
Waiting for actors to stop.
Called postfire()
Called prefire()
Read input token from inputA with value 0.0
Called fire()
Checking for deadlock:
There are 3 Blocked actors, 0 Stopped actors, and 4 active threads.
Waiting for actors to stop.
Next port to read input from is inputB
Called postfire()
Called prefire()
Called fire()
Called postfire()
Called prefire()
Called fire()
Checking for deadlock:
There are 3 Blocked actors, 0 Stopped actors, and 4 active threads.
Waiting for actors to stop.
Read input token from inputB with value 0.0
Checking for deadlock:
There are 2 Blocked actors, 0 Stopped actors, and 4 active threads.
Waiting for actors to stop.
-- Read input: 0.0, which is expected to match: 0.0
Called prefire()
Called fire()
Checking for deadlock:
There are 3 Blocked actors, 0 Stopped actors, and 4 active threads.
Waiting for actors to stop.
Sent output token with value 0.0
Next port to read input from is inputA
Called postfire()
Called prefire()
Called fire()
Checking for deadlock:
There are 2 Blocked actors, 0 Stopped actors, and 4 active threads.
Waiting for actors to stop.
Read input token from inputA with value 1.0
Called postfire()
Called prefire()
Called fire()
Sent output token with value 0.0
Checking for deadlock:
Next port to read input from is inputB
There are 2 Blocked actors, 0 Stopped actors, and 4 active threads.
Called postfire()
Waiting for actors to stop.
Called prefire()
-- Read input: 0.0, which is expected to match: 0.0
Called prefire()
Called fire()
Called fire()
Checking for deadlock:
There are 3 Blocked actors, 0 Stopped actors, and 4 active threads.
Waiting for actors to stop.
Called postfire()
Called prefire()
Called fire()
Checking for deadlock:
There are 3 Blocked actors, 0 Stopped actors, and 4 active threads.
Waiting for actors to stop.
Read input token from inputB with value 1.5
Checking for deadlock:
There are 2 Blocked actors, 0 Stopped actors, and 4 active threads.
Waiting for actors to stop.
-- Read input: 1.0, which is expected to match: 1.0
Called prefire()
Called fire()
Checking for deadlock:
There are 3 Blocked actors, 0 Stopped actors, and 4 active threads.
Waiting for actors to stop.
Sent output token with value 1.0
Next port to read input from is inputA
Called postfire()
Called prefire()
Called fire()
Called postfire()
Read input token from inputA with value 2.0
Checking for deadlock:
There are 2 Blocked actors, 0 Stopped actors, and 4 active threads.
Waiting for actors to stop.
Called prefire()
Called fire()
Checking for deadlock:
-- Read input: 1.5, which is expected to match: 1.5
There are 2 Blocked actors, 0 Stopped actors, and 4 active threads.
Waiting for actors to stop.
Called prefire()
Called fire()
Sent output token with value 1.5
Checking for deadlock:
There are 3 Blocked actors, 0 Stopped actors, and 4 active threads.
Waiting for actors to stop.
Next port to read input from is inputB
Called postfire()
Called prefire()
Called fire()
Checking for deadlock:
There are 2 Blocked actors, 0 Stopped actors, and 4 active threads.
Waiting for actors to stop.
Read input token from inputB with value 3.0
Called postfire()
Called prefire()
Sent output token with value 2.0
Called fire()
Checking for deadlock:
There are 1 Blocked actors, 0 Stopped actors, and 4 active threads.
Waiting for actors to stop.
-- Read input: 2.0, which is expected to match: 2.0
Called prefire()
Called fire()
Checking for deadlock:
There are 2 Blocked actors, 0 Stopped actors, and 4 active threads.
Waiting for actors to stop.
Checking for deadlock:
Next port to read input from is inputA
Called postfire()
There are 3 Blocked actors, 0 Stopped actors, and 4 active threads.
Waiting for actors to stop.
Called prefire()
Called fire()
Read input token from inputA with value 3.0
Called postfire()
Called prefire()
Called fire()
Sent output token with value 3.0
Checking for deadlock:
There are 2 Blocked actors, 0 Stopped actors, and 4 active threads.
Next port to read input from is inputB
Called postfire()
Waiting for actors to stop.
-- Read input: 3.0, which is expected to match: 3.0
Called prefire()
Called fire()
Called prefire()
Called fire()
Checking for deadlock:
There are 3 Blocked actors, 0 Stopped actors, and 4 active threads.
Waiting for actors to stop.
Checking for deadlock:
There are 2 Blocked actors, 0 Stopped actors, and 4 active threads.
Waiting for actors to stop.
Read input token from inputB with value 4.5
Called postfire()
Called prefire()
Sent output token with value 3.0
Called fire()
Next port to read input from is inputA
Called postfire()
Called prefire()
Called fire()
Checking for deadlock:
There are 2 Blocked actors, 0 Stopped actors, and 4 active threads.
Waiting for actors to stop.
-- Read input: 3.0, which is expected to match: 3.0
Called prefire()
Called fire()
Called postfire()
Read input token from inputA with value 4.0
Called prefire()
Called fire()
Sent output token with value 4.0
Checking for deadlock:
Next port to read input from is inputA
Called postfire()
There are 2 Blocked actors, 0 Stopped actors, and 4 active threads.
Waiting for actors to stop.
-- Read input: 4.0, which is expected to match: 4.0
Called prefire()
Called fire()
Past the end of training data. Read and discard all inputs.
Called prefire()
Called fire()
Checking for deadlock:
There are 2 Blocked actors, 0 Stopped actors, and 4 active threads.
Waiting for actors to stop.
Read input token from inputA with value 5.0
Called postfire()
Called prefire()
Called fire()
Sent output token with value 4.5
Checking for deadlock:
There are 2 Blocked actors, 0 Stopped actors, and 4 active threads.
Next port to read input from is inputB
Called postfire()
Waiting for actors to stop.
Called prefire()
Called fire()
Past the end of training data. Read and discard all inputs.
Called prefire()
Called fire()
Checking for deadlock:
There are 2 Blocked actors, 0 Stopped actors, and 4 active threads.
Waiting for actors to stop.
Read input token from inputB with value 6.0
Called postfire()
Called prefire()
Called fire()
Sent output token with value 5.0
Checking for deadlock:
There are 2 Blocked actors, 0 Stopped actors, and 4 active threads.
Next port to read input from is inputA
Called postfire()
Waiting for actors to stop.
Called prefire()
Called fire()
Past the end of training data. Read and discard all inputs.
Called prefire()
Called fire()
Checking for deadlock:
There are 3 Blocked actors, 0 Stopped actors, and 4 active threads.
Waiting for actors to stop.
Called postfire()
Called prefire()
Called fire()
Checking for deadlock:
There are 3 Blocked actors, 0 Stopped actors, and 4 active threads.
Waiting for actors to stop.
Read input token from inputA with value 6.0
Checking for deadlock:
Called prefire()
There are 2 Blocked actors, 0 Stopped actors, and 4 active threads.
Waiting for actors to stop.
Called fire()
Past the end of training data. Read and discard all inputs.
Sent output token with value 6.0
Checking for deadlock:
There are 3 Blocked actors, 0 Stopped actors, and 4 active threads.
Waiting for actors to stop.
Next port to read input from is inputB
Called postfire()
Called prefire()
Called fire()
Called postfire()
Called prefire()
Read input token from inputB with value 7.5
Called fire()
Checking for deadlock:
Sent output token with value 6.0
There are 2 Blocked actors, 0 Stopped actors, and 4 active threads.
Waiting for actors to stop.
Next port to read input from is inputA
Called prefire()
Called fire()
Past the end of training data. Read and discard all inputs.
Called postfire()
Called prefire()
Called fire()
Checking for deadlock:
There are 3 Blocked actors, 0 Stopped actors, and 4 active threads.
Waiting for actors to stop.
Checking for deadlock:
There are 2 Blocked actors, 0 Stopped actors, and 4 active threads.
Read input token from inputA with value 7.0
Waiting for actors to stop.
Sent output token with value 7.0
Next port to read input from is inputA
Checking for deadlock:
There are 1 Blocked actors, 0 Stopped actors, and 4 active threads.
Waiting for actors to stop.
Called postfire()
Called prefire()
Called fire()
Past the end of training data. Read and discard all inputs.
Called postfire()
Called prefire()
Checking for deadlock:
There are 2 Blocked actors, 0 Stopped actors, and 4 active threads.
Waiting for actors to stop.
Called prefire()
Called fire()
Called fire()
-- Thread wrapup() called.
Read input token from inputA with value 8.0
Called wrapup()
Thread .top.Ramp is exiting.
-- Thread stopped.
Called prefire()
Called fire()
Past the end of training data. Read and discard all inputs.
Sent output token with value 7.5
Next port to read input from is inputB
Called postfire()
Called prefire()
Called fire()
Checking for deadlock:
There are 2 Blocked actors, 0 Stopped actors, and 3 active threads.
Waiting for actors to stop.
Called postfire()
Called prefire()
Called fire()
Read input token from inputB with value 9.0
Checking for deadlock:
There are 2 Blocked actors, 0 Stopped actors, and 3 active threads.
Waiting for actors to stop.
Checking for deadlock:
Called prefire()
There are 1 Blocked actors, 0 Stopped actors, and 3 active threads.
Called fire()
Waiting for actors to stop.
Past the end of training data. Read and discard all inputs.
Checking for deadlock:
There are 2 Blocked actors, 0 Stopped actors, and 3 active threads.
Sent output token with value 8.0
Waiting for actors to stop.
Next port to read input from is inputA
Called postfire()
Called prefire()
Called fire()
Read input token from inputA with value 9.0
Called prefire()
Called fire()
Checking for deadlock:
Past the end of training data. Read and discard all inputs.
There are 1 Blocked actors, 0 Stopped actors, and 3 active threads.
Waiting for actors to stop.
Sent output token with value 9.0
Checking for deadlock:
There are 2 Blocked actors, 0 Stopped actors, and 3 active threads.
Waiting for actors to stop.
Next port to read input from is inputB
Called postfire()
Called prefire()
Called fire()
Checking for deadlock:
There are 1 Blocked actors, 0 Stopped actors, and 3 active threads.
Waiting for actors to stop.
Read input token from inputB with value 10.5
Called postfire()
Called prefire()
Called prefire()
Called fire()
Checking for deadlock:
Past the end of training data. Read and discard all inputs.
There are 0 Blocked actors, 0 Stopped actors, and 3 active threads.
Waiting for actors to stop.
Called fire()
Checking for deadlock:
Sent output token with value 9.0
There are 2 Blocked actors, 0 Stopped actors, and 3 active threads.
Waiting for actors to stop.
Next port to read input from is inputA
Called postfire()
Called prefire()
Called fire()
Checking for deadlock:
There are 3 Blocked actors, 0 Stopped actors, and 3 active threads.
Actors have stopped.
Checking for deadlock:
There are 3 Blocked actors, 0 Stopped actors, and 3 active threads.
Deadlock detected.
Resolving Deadlock
Checking for deadlock:
There are 3 Blocked actors, 0 Stopped actors, and 3 active threads.
Artificial Deadlock - increasing queue capacity.
increasing the capacity of receiver ptolemy.actor.TypedIOPort {.top.OrderedMerge.inputB} to 2
Director: Called postfire().
Called postfire().
_stopRequested = false
_stopFireRequested = false
Returning from postfire(): true
Called fire().
Checking for deadlock:
There are 2 Blocked actors, 0 Stopped actors, and 3 active threads.
Waiting for actors to stop.
-- Thread wrapup() called.
Called wrapup()
Thread .top.Ramp2 is exiting.
-- Thread stopped.
Checking for deadlock:
There are 2 Blocked actors, 0 Stopped actors, and 2 active threads.
Actors have stopped.
Checking for deadlock:
There are 2 Blocked actors, 0 Stopped actors, and 2 active threads.
Deadlock detected.
Resolving Deadlock
Checking for deadlock:
There are 2 Blocked actors, 0 Stopped actors, and 2 active threads.
Deadlock detected: no processes blocked on write, but some are blocked on read.
Called postfire().
_stopRequested = false
_stopFireRequested = false
Returning from postfire(): false
Finished deactivating branches.
Called wrapup().
-- Thread wrapup() called.
Called wrapup()
-- Thread wrapup() called.
Called wrapup()
Thread .top.OrderedMerge is exiting.
-- Thread stopped.
-- Blocked Receiver call threw TerminateProcessException.
Thread .top.Test is exiting.
-- Thread stopped.
-- Blocked Receiver call threw TerminateProcessException.
59 ms. Memory: 129024K Free: 106647K (83%)
/home/travis/build/icyphy/ptII/ptolemy/actor/lib/test/Publisher.tcl
27 ms. Memory: 129024K Free: 100489K (78%)
6 ms. Memory: 129024K Free: 95369K (74%)
12 ms. Memory: 129024K Free: 109998K (85%)
4 ms. Memory: 129024K Free: 108958K (84%)
3 ms. Memory: 129024K Free: 107934K (84%)
6 ms. Memory: 129024K Free: 107454K (83%)
3 ms. Memory: 129024K Free: 106430K (82%)
3 ms. Memory: 129024K Free: 105406K (82%)
16 ms. Memory: 129024K Free: 95676K (74%)
4 ms. Memory: 129024K Free: 92094K (71%)
9 ms. Memory: 129024K Free: 91070K (71%)
4 ms. Memory: 129024K Free: 89022K (69%)
5 ms. Memory: 129024K Free: 81340K (63%)
4 ms. Memory: 129024K Free: 72124K (56%)
6 ms. Memory: 129024K Free: 60860K (47%)
/home/travis/build/icyphy/ptII/ptolemy/actor/lib/test/Pulse.tcl
4 ms. Memory: 155648K Free: 113784K (73%)
9 ms. Memory: 155648K Free: 113264K (73%)
2 ms. Memory: 155648K Free: 112760K (72%)
2 ms. Memory: 155648K Free: 112246K (72%)
1 ms. Memory: 155648K Free: 111736K (72%)
6 ms. Memory: 155648K Free: 110198K (71%)
2 ms. Memory: 155648K Free: 109174K (70%)
2 ms. Memory: 155648K Free: 108664K (70%)
1 ms. Memory: 155648K Free: 108150K (69%)
/home/travis/build/icyphy/ptII/ptolemy/actor/lib/test/Ramp.tcl
2 ms. Memory: 155648K Free: 106088K (68%)
1 ms. Memory: 155648K Free: 105078K (68%)
1 ms. Memory: 155648K Free: 104568K (67%)
2 ms. Memory: 155648K Free: 103544K (67%)
4 ms. Memory: 155648K Free: 103016K (66%)
4 ms. Memory: 155648K Free: 102006K (66%)
5 ms. Memory: 155648K Free: 100982K (65%)
5 actors
5000 microseconds per iteration to create
5 ms. Memory: 155648K Free: 98424K (63%)
2 ms. Memory: 155648K Free: 97896K (63%)
1 ms. Memory: 155648K Free: 97400K (63%)
1 ms. Memory: 155648K Free: 96872K (62%)
50 actors
30000 microseconds per iteration to create
27 ms. Memory: 155648K Free: 81016K (52%)
5 ms. Memory: 155648K Free: 79992K (51%)
11 ms. Memory: 155648K Free: 78968K (51%)
13 ms. Memory: 155648K Free: 77944K (50%)
500 actors
1617000 microseconds per iteration to create
243 ms. Memory: 155648K Free: 71267K (46%)
35 ms. Memory: 155648K Free: 65637K (42%)
42 ms. Memory: 155648K Free: 60517K (39%)
31 ms. Memory: 155648K Free: 55397K (36%)
/home/travis/build/icyphy/ptII/ptolemy/actor/lib/test/RampContinuous.tcl
9 ms. Memory: 155648K Free: 53853K (35%)
/home/travis/build/icyphy/ptII/ptolemy/actor/lib/test/RecordAssembler.tcl
6 ms. Memory: 155648K Free: 52325K (34%)
16 ms. Memory: 155648K Free: 132958K (85%)
/home/travis/build/icyphy/ptII/ptolemy/actor/lib/test/RecordDisassembler.tcl
17 ms. Memory: 155648K Free: 130908K (84%)
4 ms. Memory: 155648K Free: 130396K (84%)
4 ms. Memory: 155648K Free: 129358K (83%)
/home/travis/build/icyphy/ptII/ptolemy/actor/lib/test/Scale.tcl
3 ms. Memory: 155648K Free: 127324K (82%)
2 ms. Memory: 155648K Free: 126814K (81%)
1 ms. Memory: 155648K Free: 125790K (81%)
3 ms. Memory: 155648K Free: 125262K (80%)
2 ms. Memory: 155648K Free: 124238K (80%)
/home/travis/build/icyphy/ptII/ptolemy/actor/lib/test/SequentialClock.tcl
preinitializing
resolving types
initializing
executing number 1
wrapping up
idle
4 ms. Memory: 155648K Free: 123214K (79%)
Completed execution with 5 iterations
preinitializing
resolving types
initializing
executing number 1
wrapping up
idle
1 ms. Memory: 155648K Free: 122198K (79%)
Completed execution with 5 iterations
preinitializing
resolving types
initializing
executing number 1
wrapping up
idle
1 ms. Memory: 155648K Free: 121694K (78%)
Completed execution with 5 iterations
/home/travis/build/icyphy/ptII/ptolemy/actor/lib/test/SetVariable.tcl
4 ms. Memory: 155648K Free: 120126K (77%)


==== $PTII/ptolemy/actor/lib/test/SetVariable.tcl: SetVariable-3.1 changeFailed
==== Contents of test case:

    #Uses 2.1 above
    jdkCaptureErr {
        # This test was failing if we ran Exit.tcl and then this test.
        # MessageHandler.error() now actually throws the Exception.
	catch {$setVariable changeFailed [java::null]  [java::new Exception {Test exception for SetVariable.changeFailed()}]} errMsg
    } results
    list [string range $results 0 89] "\n" $errMsg

==== Result was:
{java.lang.Exception: Test exception for SetVariable.changeFailed()
	at java.base/jdk.inter} {
} {java.lang.RuntimeException: java.lang.Exception: Test exception for SetVariable.changeFailed()}
---- Result should have been:
{Failed to set variable.
java.lang.Exception: Test exception for SetVariable.changeFailed()} {
} {java.lang.RuntimeException: java.lang.Exception: Test exception for SetVariable.changeFailed()}
---- SetVariable-3.1 FAILED
/home/travis/build/icyphy/ptII/ptolemy/actor/lib/test/Sinewave.tcl
/home/travis/build/icyphy/ptII/ptolemy/actor/lib/test/SubscriptionAggregator.tcl
5 ms. Memory: 155648K Free: 107868K (69%)
4 ms. Memory: 155648K Free: 107358K (69%)
1 ms. Memory: 155648K Free: 106830K (69%)
1 ms. Memory: 155648K Free: 106334K (68%)
2 ms. Memory: 155648K Free: 102748K (66%)
10 ms. Memory: 155648K Free: 100700K (65%)
...............................................................904 ms. Memory: 289792K Free: 201210K (69%)
/home/travis/build/icyphy/ptII/ptolemy/actor/lib/test/Test.tcl
 The next command will produce a warning about training mode,
   which may be ignored.
7 ms. Memory: 289792K Free: 199162K (69%)
7 ms. Memory: 289792K Free: 198648K (69%)
1 ms. Memory: 289792K Free: 198138K (68%)
10 ms. Memory: 289792K Free: 197593K (68%)
2 ms. Memory: 289792K Free: 196600K (68%)
10 ms. Memory: 289792K Free: 195569K (67%)
4 ms. Memory: 289792K Free: 194042K (67%)
 The next command will produce a warning about training mode,
   which may be ignored.
13 ms. Memory: 289792K Free: 191994K (66%)
 The next command will produce a warning about training mode,
   which may be ignored.
2 ms. Memory: 289792K Free: 190441K (66%)
1 ms. Memory: 289792K Free: 190441K (66%)
1 ms. Memory: 289792K Free: 189946K (66%)
3 ms. Memory: 289792K Free: 189425K (65%)
8 ms. Memory: 289792K Free: 188393K (65%)
6 ms. Memory: 289792K Free: 184312K (64%)
/home/travis/build/icyphy/ptII/ptolemy/actor/lib/test/TestExceptionHandler.tcl
 The next command will produce a warning about training mode,
   which may be ignored.
3 ms. Memory: 289792K Free: 183288K (63%)
1 ms. Memory: 289792K Free: 182778K (63%)
2 ms. Memory: 289792K Free: 182249K (63%)
/home/travis/build/icyphy/ptII/ptolemy/actor/lib/test/UnionDisassembler.tcl
27 ms. Memory: 289792K Free: 174586K (60%)
/home/travis/build/icyphy/ptII/ptolemy/actor/lib/test/VariableClock.tcl
preinitializing
resolving types
initializing
executing number 1
wrapping up
idle
10 ms. Memory: 289792K Free: 173017K (60%)
Completed execution with 11 iterations
preinitializing
resolving types
initializing
executing number 1
wrapping up
idle
4 ms. Memory: 289792K Free: 171514K (59%)
Completed execution with 10 iterations
12/23/19 06:28:24
Failed: 1  Total Tests: 234  ((Passed: 233, Newly Passed: 0)  Known Failed: 0) /home/travis/build/icyphy/ptII/ptolemy/actor/lib/test
----------------- testing (KnownFailure) /home/travis/build/icyphy/ptII/ptolemy/actor/lib/test/auto/knownFailedTests/PublisherPortToplevelSubscriber.xml
1 ms. Memory: 289792K Free: 167928K (58%)
Known Failure: java.lang.reflect.InvocationTargetException
----------------- testing (KnownFailure) /home/travis/build/icyphy/ptII/ptolemy/actor/lib/test/auto/knownFailedTests/PublisherSubscriberPortToplevel.xml
0 ms. Memory: 289792K Free: 163832K (57%)
Known Failure: java.lang.reflect.InvocationTargetException
----------------- testing (KnownFailure) /home/travis/build/icyphy/ptII/ptolemy/actor/lib/test/auto/knownFailedTests/PublisherSubscriptionAggregatorPort.xml
0 ms. Memory: 289792K Free: 159736K (55%)
Known Failure: java.lang.reflect.InvocationTargetException
----------------- testing (KnownFailure) /home/travis/build/icyphy/ptII/ptolemy/actor/lib/test/auto/knownFailedTests/sizedarray3.xml
5 ms. Memory: 289792K Free: 155130K (54%)
Known Failure: java.lang.reflect.InvocationTargetException
No auto/linux-amd64/*.xml tests in /home/travis/build/icyphy/ptII/ptolemy/actor/lib/test
AutoTests.java: About to close Vertx.
AutoTests.java: Vertx closed.

===========================================================================================
----------------- testing Mon Dec 23 06:28:25 UTC 2019 /home/travis/build/icyphy/ptII/ptolemy/actor/lib/test/auto/AbsoluteValue.xml
----------------- Instantiating /home/travis/build/icyphy/ptII/ptolemy/actor/lib/test/auto/AbsoluteValue.xml
4 ms. Memory: 289792K Free: 132602K (46%)
----------------- Invoking toplevel() on ptolemy.moml.MoMLSimpleApplication@5e018d20
----------------- Done invoking toplevel() on ptolemy.moml.MoMLSimpleApplication@5e018d20
reloadAllAccessors: .AbsoluteValue

===========================================================================================
----------------- testing Mon Dec 23 06:28:25 UTC 2019 /home/travis/build/icyphy/ptII/ptolemy/actor/lib/test/auto/AbsoluteValue2.xml
----------------- Instantiating /home/travis/build/icyphy/ptII/ptolemy/actor/lib/test/auto/AbsoluteValue2.xml
12 ms. Memory: 289792K Free: 124920K (43%)
----------------- Invoking toplevel() on ptolemy.moml.MoMLSimpleApplication@55aee506
----------------- Done invoking toplevel() on ptolemy.moml.MoMLSimpleApplication@55aee506
reloadAllAccessors: .AbsoluteValue2

===========================================================================================
----------------- testing Mon Dec 23 06:28:25 UTC 2019 /home/travis/build/icyphy/ptII/ptolemy/actor/lib/test/auto/Accumulator.xml
----------------- Instantiating /home/travis/build/icyphy/ptII/ptolemy/actor/lib/test/auto/Accumulator.xml
5 ms. Memory: 289792K Free: 118776K (41%)
----------------- Invoking toplevel() on ptolemy.moml.MoMLSimpleApplication@2e15712a
----------------- Done invoking toplevel() on ptolemy.moml.MoMLSimpleApplication@2e15712a
reloadAllAccessors: .Accumulator

===========================================================================================
----------------- testing Mon Dec 23 06:28:25 UTC 2019 /home/travis/build/icyphy/ptII/ptolemy/actor/lib/test/auto/Accumulator2.xml
----------------- Instantiating /home/travis/build/icyphy/ptII/ptolemy/actor/lib/test/auto/Accumulator2.xml
3 ms. Memory: 289792K Free: 113146K (39%)
----------------- Invoking toplevel() on ptolemy.moml.MoMLSimpleApplication@4e0a9f6c
----------------- Done invoking toplevel() on ptolemy.moml.MoMLSimpleApplication@4e0a9f6c
reloadAllAccessors: .Accumulator2

===========================================================================================
----------------- testing Mon Dec 23 06:28:25 UTC 2019 /home/travis/build/icyphy/ptII/ptolemy/actor/lib/test/auto/Accumulator3.xml
----------------- Instantiating /home/travis/build/icyphy/ptII/ptolemy/actor/lib/test/auto/Accumulator3.xml
9 ms. Memory: 289792K Free: 109050K (38%)
----------------- Invoking toplevel() on ptolemy.moml.MoMLSimpleApplication@55282a5f
----------------- Done invoking toplevel() on ptolemy.moml.MoMLSimpleApplication@55282a5f
reloadAllAccessors: .Accumulator3

===========================================================================================
----------------- testing Mon Dec 23 06:28:25 UTC 2019 /home/travis/build/icyphy/ptII/ptolemy/actor/lib/test/auto/ArrayAppend.xml
----------------- Instantiating /home/travis/build/icyphy/ptII/ptolemy/actor/lib/test/auto/ArrayAppend.xml
6 ms. Memory: 289792K Free: 103401K (36%)
----------------- Invoking toplevel() on ptolemy.moml.MoMLSimpleApplication@6496441
----------------- Done invoking toplevel() on ptolemy.moml.MoMLSimpleApplication@6496441
reloadAllAccessors: .ArrayAppend

===========================================================================================
----------------- testing Mon Dec 23 06:28:25 UTC 2019 /home/travis/build/icyphy/ptII/ptolemy/actor/lib/test/auto/ArrayAppend2.xml
----------------- Instantiating /home/travis/build/icyphy/ptII/ptolemy/actor/lib/test/auto/ArrayAppend2.xml
297 ms. Memory: 289792K Free: 194696K (67%)
----------------- Invoking toplevel() on ptolemy.moml.MoMLSimpleApplication@21754af9
----------------- Done invoking toplevel() on ptolemy.moml.MoMLSimpleApplication@21754af9
reloadAllAccessors: .ArrayAppend2

===========================================================================================
----------------- testing Mon Dec 23 06:28:26 UTC 2019 /home/travis/build/icyphy/ptII/ptolemy/actor/lib/test/auto/ArrayAppend3.xml
----------------- Instantiating /home/travis/build/icyphy/ptII/ptolemy/actor/lib/test/auto/ArrayAppend3.xml
3 ms. Memory: 289792K Free: 189007K (65%)
----------------- Invoking toplevel() on ptolemy.moml.MoMLSimpleApplication@5398b06a
----------------- Done invoking toplevel() on ptolemy.moml.MoMLSimpleApplication@5398b06a
reloadAllAccessors: .ArrayAppend3

===========================================================================================
----------------- testing Mon Dec 23 06:28:26 UTC 2019 /home/travis/build/icyphy/ptII/ptolemy/actor/lib/test/auto/ArrayAppend4.xml
----------------- Instantiating /home/travis/build/icyphy/ptII/ptolemy/actor/lib/test/auto/ArrayAppend4.xml
1 ms. Memory: 289792K Free: 183887K (63%)
----------------- Invoking toplevel() on ptolemy.moml.MoMLSimpleApplication@5fc668b1
----------------- Done invoking toplevel() on ptolemy.moml.MoMLSimpleApplication@5fc668b1
reloadAllAccessors: .ArrayAppend4

===========================================================================================
----------------- testing Mon Dec 23 06:28:26 UTC 2019 /home/travis/build/icyphy/ptII/ptolemy/actor/lib/test/auto/ArrayAppend5.xml
----------------- Instantiating /home/travis/build/icyphy/ptII/ptolemy/actor/lib/test/auto/ArrayAppend5.xml
2 ms. Memory: 289792K Free: 178767K (62%)
----------------- Invoking toplevel() on ptolemy.moml.MoMLSimpleApplication@72f1b1c3
----------------- Done invoking toplevel() on ptolemy.moml.MoMLSimpleApplication@72f1b1c3
reloadAllAccessors: .ArrayAppend5

===========================================================================================
----------------- testing Mon Dec 23 06:28:26 UTC 2019 /home/travis/build/icyphy/ptII/ptolemy/actor/lib/test/auto/ArrayAppend6.xml
----------------- Instantiating /home/travis/build/icyphy/ptII/ptolemy/actor/lib/test/auto/ArrayAppend6.xml
4 ms. Memory: 289792K Free: 173647K (60%)
----------------- Invoking toplevel() on ptolemy.moml.MoMLSimpleApplication@22d9b10a
----------------- Done invoking toplevel() on ptolemy.moml.MoMLSimpleApplication@22d9b10a
reloadAllAccessors: .ArrayAppend6

===========================================================================================
----------------- testing Mon Dec 23 06:28:26 UTC 2019 /home/travis/build/icyphy/ptII/ptolemy/actor/lib/test/auto/ArrayAppendPerformanceTest.xml
----------------- Instantiating /home/travis/build/icyphy/ptII/ptolemy/actor/lib/test/auto/ArrayAppendPerformanceTest.xml
35 ms. Memory: 289792K Free: 162897K (56%)
----------------- Invoking toplevel() on ptolemy.moml.MoMLSimpleApplication@51a6ccbf
----------------- Done invoking toplevel() on ptolemy.moml.MoMLSimpleApplication@51a6ccbf
reloadAllAccessors: .ArrayAppendPerformanceTest

===========================================================================================
----------------- testing Mon Dec 23 06:28:26 UTC 2019 /home/travis/build/icyphy/ptII/ptolemy/actor/lib/test/auto/ArrayAppendWithEmptyInput.xml
----------------- Instantiating /home/travis/build/icyphy/ptII/ptolemy/actor/lib/test/auto/ArrayAppendWithEmptyInput.xml
13 ms. Memory: 289792K Free: 155215K (54%)
----------------- Invoking toplevel() on ptolemy.moml.MoMLSimpleApplication@6dc123cb
----------------- Done invoking toplevel() on ptolemy.moml.MoMLSimpleApplication@6dc123cb
reloadAllAccessors: .ArrayAppendWithEmptyInput

===========================================================================================
----------------- testing Mon Dec 23 06:28:26 UTC 2019 /home/travis/build/icyphy/ptII/ptolemy/actor/lib/test/auto/ArrayAverage.xml
----------------- Instantiating /home/travis/build/icyphy/ptII/ptolemy/actor/lib/test/auto/ArrayAverage.xml
8 ms. Memory: 289792K Free: 147023K (51%)
----------------- Invoking toplevel() on ptolemy.moml.MoMLSimpleApplication@74aa7c3f
----------------- Done invoking toplevel() on ptolemy.moml.MoMLSimpleApplication@74aa7c3f
reloadAllAccessors: .ArrayAverage

===========================================================================================
----------------- testing Mon Dec 23 06:28:26 UTC 2019 /home/travis/build/icyphy/ptII/ptolemy/actor/lib/test/auto/ArrayContains.xml
----------------- Instantiating /home/travis/build/icyphy/ptII/ptolemy/actor/lib/test/auto/ArrayContains.xml
9 ms. Memory: 289792K Free: 141393K (49%)
----------------- Invoking toplevel() on ptolemy.moml.MoMLSimpleApplication@2fc8237b
----------------- Done invoking toplevel() on ptolemy.moml.MoMLSimpleApplication@2fc8237b
reloadAllAccessors: .ArrayContains

===========================================================================================
----------------- testing Mon Dec 23 06:28:26 UTC 2019 /home/travis/build/icyphy/ptII/ptolemy/actor/lib/test/auto/ArrayElement.xml
----------------- Instantiating /home/travis/build/icyphy/ptII/ptolemy/actor/lib/test/auto/ArrayElement.xml
7 ms. Memory: 289792K Free: 135759K (47%)
----------------- Invoking toplevel() on ptolemy.moml.MoMLSimpleApplication@582759db
----------------- Done invoking toplevel() on ptolemy.moml.MoMLSimpleApplication@582759db
reloadAllAccessors: .ArrayElement

===========================================================================================
----------------- testing Mon Dec 23 06:28:26 UTC 2019 /home/travis/build/icyphy/ptII/ptolemy/actor/lib/test/auto/ArrayElementAsMatrix.xml
----------------- Instantiating /home/travis/build/icyphy/ptII/ptolemy/actor/lib/test/auto/ArrayElementAsMatrix.xml
18 ms. Memory: 289792K Free: 125519K (43%)
----------------- Invoking toplevel() on ptolemy.moml.MoMLSimpleApplication@614a1f41
----------------- Done invoking toplevel() on ptolemy.moml.MoMLSimpleApplication@614a1f41
reloadAllAccessors: .ArrayElementAsMatrix

===========================================================================================
----------------- testing Mon Dec 23 06:28:26 UTC 2019 /home/travis/build/icyphy/ptII/ptolemy/actor/lib/test/auto/ArrayElementI.xml
----------------- Instantiating /home/travis/build/icyphy/ptII/ptolemy/actor/lib/test/auto/ArrayElementI.xml
3 ms. Memory: 289792K Free: 120399K (42%)
----------------- Invoking toplevel() on ptolemy.moml.MoMLSimpleApplication@382ea652
----------------- Done invoking toplevel() on ptolemy.moml.MoMLSimpleApplication@382ea652
reloadAllAccessors: .ArrayElementI

===========================================================================================
----------------- testing Mon Dec 23 06:28:26 UTC 2019 /home/travis/build/icyphy/ptII/ptolemy/actor/lib/test/auto/ArrayExtract.xml
----------------- Instantiating /home/travis/build/icyphy/ptII/ptolemy/actor/lib/test/auto/ArrayExtract.xml
6 ms. Memory: 289792K Free: 111697K (39%)
----------------- Invoking toplevel() on ptolemy.moml.MoMLSimpleApplication@4f088c6e
----------------- Done invoking toplevel() on ptolemy.moml.MoMLSimpleApplication@4f088c6e
reloadAllAccessors: .ArrayExtract

===========================================================================================
----------------- testing Mon Dec 23 06:28:26 UTC 2019 /home/travis/build/icyphy/ptII/ptolemy/actor/lib/test/auto/ArrayExtract2.xml
----------------- Instantiating /home/travis/build/icyphy/ptII/ptolemy/actor/lib/test/auto/ArrayExtract2.xml
2 ms. Memory: 289792K Free: 106577K (37%)
----------------- Invoking toplevel() on ptolemy.moml.MoMLSimpleApplication@5106f65f
----------------- Done invoking toplevel() on ptolemy.moml.MoMLSimpleApplication@5106f65f
reloadAllAccessors: .ArrayExtract2

===========================================================================================
----------------- testing Mon Dec 23 06:28:26 UTC 2019 /home/travis/build/icyphy/ptII/ptolemy/actor/lib/test/auto/ArrayLength.xml
----------------- Instantiating /home/travis/build/icyphy/ptII/ptolemy/actor/lib/test/auto/ArrayLength.xml
1 ms. Memory: 289792K Free: 102481K (35%)
----------------- Invoking toplevel() on ptolemy.moml.MoMLSimpleApplication@15f5de0d
----------------- Done invoking toplevel() on ptolemy.moml.MoMLSimpleApplication@15f5de0d
reloadAllAccessors: .ArrayLength

===========================================================================================
----------------- testing Mon Dec 23 06:28:26 UTC 2019 /home/travis/build/icyphy/ptII/ptolemy/actor/lib/test/auto/ArrayLevelCrossing.xml
----------------- Instantiating /home/travis/build/icyphy/ptII/ptolemy/actor/lib/test/auto/ArrayLevelCrossing.xml
4 ms. Memory: 289792K Free: 94799K (33%)
----------------- Invoking toplevel() on ptolemy.moml.MoMLSimpleApplication@685c3626
----------------- Done invoking toplevel() on ptolemy.moml.MoMLSimpleApplication@685c3626
reloadAllAccessors: .ArrayLevelCrossing

===========================================================================================
----------------- testing Mon Dec 23 06:28:26 UTC 2019 /home/travis/build/icyphy/ptII/ptolemy/actor/lib/test/auto/ArrayLevelCrossing2.xml
----------------- Instantiating /home/travis/build/icyphy/ptII/ptolemy/actor/lib/test/auto/ArrayLevelCrossing2.xml
3 ms. Memory: 289792K Free: 87121K (30%)
----------------- Invoking toplevel() on ptolemy.moml.MoMLSimpleApplication@311591a3
----------------- Done invoking toplevel() on ptolemy.moml.MoMLSimpleApplication@311591a3
reloadAllAccessors: .ArrayLevelCrossing2

===========================================================================================
----------------- testing Mon Dec 23 06:28:26 UTC 2019 /home/travis/build/icyphy/ptII/ptolemy/actor/lib/test/auto/ArrayPeakSearch.xml
----------------- Instantiating /home/travis/build/icyphy/ptII/ptolemy/actor/lib/test/auto/ArrayPeakSearch.xml
6 ms. Memory: 289792K Free: 234494K (81%)
----------------- Invoking toplevel() on ptolemy.moml.MoMLSimpleApplication@26af26a0
----------------- Done invoking toplevel() on ptolemy.moml.MoMLSimpleApplication@26af26a0
reloadAllAccessors: .ArrayPeakSearch

===========================================================================================
----------------- testing Mon Dec 23 06:28:26 UTC 2019 /home/travis/build/icyphy/ptII/ptolemy/actor/lib/test/auto/ArrayPeakSearch2.xml
----------------- Instantiating /home/travis/build/icyphy/ptII/ptolemy/actor/lib/test/auto/ArrayPeakSearch2.xml
4 ms. Memory: 289792K Free: 223744K (77%)
----------------- Invoking toplevel() on ptolemy.moml.MoMLSimpleApplication@75177d14
----------------- Done invoking toplevel() on ptolemy.moml.MoMLSimpleApplication@75177d14
reloadAllAccessors: .ArrayPeakSearch2

===========================================================================================
----------------- testing Mon Dec 23 06:28:26 UTC 2019 /home/travis/build/icyphy/ptII/ptolemy/actor/lib/test/auto/ArrayPeakSearch3.xml
----------------- Instantiating /home/travis/build/icyphy/ptII/ptolemy/actor/lib/test/auto/ArrayPeakSearch3.xml
3 ms. Memory: 289792K Free: 215038K (74%)
----------------- Invoking toplevel() on ptolemy.moml.MoMLSimpleApplication@7953ef70
----------------- Done invoking toplevel() on ptolemy.moml.MoMLSimpleApplication@7953ef70
reloadAllAccessors: .ArrayPeakSearch3

===========================================================================================
----------------- testing Mon Dec 23 06:28:26 UTC 2019 /home/travis/build/icyphy/ptII/ptolemy/actor/lib/test/auto/ArrayRemoveElement.xml
----------------- Instantiating /home/travis/build/icyphy/ptII/ptolemy/actor/lib/test/auto/ArrayRemoveElement.xml
5 ms. Memory: 289792K Free: 206846K (71%)
----------------- Invoking toplevel() on ptolemy.moml.MoMLSimpleApplication@3acc6241
----------------- Done invoking toplevel() on ptolemy.moml.MoMLSimpleApplication@3acc6241
reloadAllAccessors: .ArrayRemoveElement

===========================================================================================
----------------- testing Mon Dec 23 06:28:26 UTC 2019 /home/travis/build/icyphy/ptII/ptolemy/actor/lib/test/auto/ArraySort.xml
----------------- Instantiating /home/travis/build/icyphy/ptII/ptolemy/actor/lib/test/auto/ArraySort.xml
4 ms. Memory: 289792K Free: 198144K (68%)
----------------- Invoking toplevel() on ptolemy.moml.MoMLSimpleApplication@4751fe4e
----------------- Done invoking toplevel() on ptolemy.moml.MoMLSimpleApplication@4751fe4e
reloadAllAccessors: .ArraySort

===========================================================================================
----------------- testing Mon Dec 23 06:28:26 UTC 2019 /home/travis/build/icyphy/ptII/ptolemy/actor/lib/test/auto/ArraySum.xml
----------------- Instantiating /home/travis/build/icyphy/ptII/ptolemy/actor/lib/test/auto/ArraySum.xml
3 ms. Memory: 289792K Free: 192510K (66%)
----------------- Invoking toplevel() on ptolemy.moml.MoMLSimpleApplication@572d2232
----------------- Done invoking toplevel() on ptolemy.moml.MoMLSimpleApplication@572d2232
reloadAllAccessors: .ArraySum

===========================================================================================
----------------- testing Mon Dec 23 06:28:26 UTC 2019 /home/travis/build/icyphy/ptII/ptolemy/actor/lib/test/auto/ArrayToElements.xml
----------------- Instantiating /home/travis/build/icyphy/ptII/ptolemy/actor/lib/test/auto/ArrayToElements.xml
4 ms. Memory: 289792K Free: 187390K (65%)
----------------- Invoking toplevel() on ptolemy.moml.MoMLSimpleApplication@15d04bf4
----------------- Done invoking toplevel() on ptolemy.moml.MoMLSimpleApplication@15d04bf4
reloadAllAccessors: .ArrayToElements

===========================================================================================
----------------- testing Mon Dec 23 06:28:26 UTC 2019 /home/travis/build/icyphy/ptII/ptolemy/actor/lib/test/auto/ArrayToMatrix.xml
----------------- Instantiating /home/travis/build/icyphy/ptII/ptolemy/actor/lib/test/auto/ArrayToMatrix.xml
22 ms. Memory: 289792K Free: 173054K (60%)
----------------- Invoking toplevel() on ptolemy.moml.MoMLSimpleApplication@493f651
----------------- Done invoking toplevel() on ptolemy.moml.MoMLSimpleApplication@493f651
reloadAllAccessors: .ArrayToMatrix

===========================================================================================
----------------- testing Mon Dec 23 06:28:26 UTC 2019 /home/travis/build/icyphy/ptII/ptolemy/actor/lib/test/auto/ArrayUpdate1.xml
----------------- Instantiating /home/travis/build/icyphy/ptII/ptolemy/actor/lib/test/auto/ArrayUpdate1.xml
4 ms. Memory: 289792K Free: 168448K (58%)
----------------- Invoking toplevel() on ptolemy.moml.MoMLSimpleApplication@499c890c
----------------- Done invoking toplevel() on ptolemy.moml.MoMLSimpleApplication@499c890c
reloadAllAccessors: .ArrayUpdate1

===========================================================================================
----------------- testing Mon Dec 23 06:28:27 UTC 2019 /home/travis/build/icyphy/ptII/ptolemy/actor/lib/test/auto/ArrayUpdate2.xml
----------------- Instantiating /home/travis/build/icyphy/ptII/ptolemy/actor/lib/test/auto/ArrayUpdate2.xml
3 ms. Memory: 289792K Free: 161790K (56%)
----------------- Invoking toplevel() on ptolemy.moml.MoMLSimpleApplication@954f62a
----------------- Done invoking toplevel() on ptolemy.moml.MoMLSimpleApplication@954f62a
reloadAllAccessors: .ArrayUpdate2

===========================================================================================
----------------- testing Mon Dec 23 06:28:27 UTC 2019 /home/travis/build/icyphy/ptII/ptolemy/actor/lib/test/auto/ArrayUpdate3.xml
----------------- Instantiating /home/travis/build/icyphy/ptII/ptolemy/actor/lib/test/auto/ArrayUpdate3.xml
12 ms. Memory: 289792K Free: 157184K (54%)
----------------- Invoking toplevel() on ptolemy.moml.MoMLSimpleApplication@12898922
----------------- Done invoking toplevel() on ptolemy.moml.MoMLSimpleApplication@12898922
reloadAllAccessors: .ArrayUpdate3

===========================================================================================
----------------- testing Mon Dec 23 06:28:27 UTC 2019 /home/travis/build/icyphy/ptII/ptolemy/actor/lib/test/auto/Assert1.xml
----------------- Instantiating /home/travis/build/icyphy/ptII/ptolemy/actor/lib/test/auto/Assert1.xml
2 ms. Memory: 289792K Free: 152574K (53%)
----------------- Invoking toplevel() on ptolemy.moml.MoMLSimpleApplication@7af5b216
----------------- Done invoking toplevel() on ptolemy.moml.MoMLSimpleApplication@7af5b216
reloadAllAccessors: .Assert1

===========================================================================================
----------------- testing Mon Dec 23 06:28:27 UTC 2019 /home/travis/build/icyphy/ptII/ptolemy/actor/lib/test/auto/Assert2.xml
----------------- Instantiating /home/travis/build/icyphy/ptII/ptolemy/actor/lib/test/auto/Assert2.xml
2 ms. Memory: 289792K Free: 147966K (51%)
----------------- Invoking toplevel() on ptolemy.moml.MoMLSimpleApplication@6458339c
----------------- Done invoking toplevel() on ptolemy.moml.MoMLSimpleApplication@6458339c
reloadAllAccessors: .Assert2

===========================================================================================
----------------- testing Mon Dec 23 06:28:27 UTC 2019 /home/travis/build/icyphy/ptII/ptolemy/actor/lib/test/auto/BooleanMultiplexor.xml
----------------- Instantiating /home/travis/build/icyphy/ptII/ptolemy/actor/lib/test/auto/BooleanMultiplexor.xml
2 ms. Memory: 289792K Free: 142303K (49%)
----------------- Invoking toplevel() on ptolemy.moml.MoMLSimpleApplication@7f1f687e
----------------- Done invoking toplevel() on ptolemy.moml.MoMLSimpleApplication@7f1f687e
reloadAllAccessors: .BooleanMultiplexor

===========================================================================================
----------------- testing Mon Dec 23 06:28:27 UTC 2019 /home/travis/build/icyphy/ptII/ptolemy/actor/lib/test/auto/BooleanMultiplexor2.xml
----------------- Instantiating /home/travis/build/icyphy/ptII/ptolemy/actor/lib/test/auto/BooleanMultiplexor2.xml
3 ms. Memory: 289792K Free: 136190K (47%)
----------------- Invoking toplevel() on ptolemy.moml.MoMLSimpleApplication@6e881ac7
----------------- Done invoking toplevel() on ptolemy.moml.MoMLSimpleApplication@6e881ac7
reloadAllAccessors: .BooleanMultiplexor2

===========================================================================================
----------------- testing Mon Dec 23 06:28:27 UTC 2019 /home/travis/build/icyphy/ptII/ptolemy/actor/lib/test/auto/BooleanMultiplexor3.xml
----------------- Instantiating /home/travis/build/icyphy/ptII/ptolemy/actor/lib/test/auto/BooleanMultiplexor3.xml
4 ms. Memory: 289792K Free: 132094K (46%)
----------------- Invoking toplevel() on ptolemy.moml.MoMLSimpleApplication@75ea0e4
----------------- Done invoking toplevel() on ptolemy.moml.MoMLSimpleApplication@75ea0e4
reloadAllAccessors: .BooleanMultiplexor3

===========================================================================================
----------------- testing Mon Dec 23 06:28:27 UTC 2019 /home/travis/build/icyphy/ptII/ptolemy/actor/lib/test/auto/BooleanSelect.xml
----------------- Instantiating /home/travis/build/icyphy/ptII/ptolemy/actor/lib/test/auto/BooleanSelect.xml
8 ms. Memory: 289792K Free: 126464K (44%)
----------------- Invoking toplevel() on ptolemy.moml.MoMLSimpleApplication@4b8004fc
----------------- Done invoking toplevel() on ptolemy.moml.MoMLSimpleApplication@4b8004fc
reloadAllAccessors: .BooleanSelect

===========================================================================================
----------------- testing Mon Dec 23 06:28:27 UTC 2019 /home/travis/build/icyphy/ptII/ptolemy/actor/lib/test/auto/BooleanSelect2.xml
----------------- Instantiating /home/travis/build/icyphy/ptII/ptolemy/actor/lib/test/auto/BooleanSelect2.xml
4 ms. Memory: 289792K Free: 121854K (42%)
----------------- Invoking toplevel() on ptolemy.moml.MoMLSimpleApplication@39ff08d4
----------------- Done invoking toplevel() on ptolemy.moml.MoMLSimpleApplication@39ff08d4
reloadAllAccessors: .BooleanSelect2

===========================================================================================
----------------- testing Mon Dec 23 06:28:27 UTC 2019 /home/travis/build/icyphy/ptII/ptolemy/actor/lib/test/auto/BooleanSwitch.xml
----------------- Instantiating /home/travis/build/icyphy/ptII/ptolemy/actor/lib/test/auto/BooleanSwitch.xml
7 ms. Memory: 289792K Free: 116224K (40%)
----------------- Invoking toplevel() on ptolemy.moml.MoMLSimpleApplication@760635e6
----------------- Done invoking toplevel() on ptolemy.moml.MoMLSimpleApplication@760635e6
reloadAllAccessors: .BooleanSwitch

===========================================================================================
----------------- testing Mon Dec 23 06:28:27 UTC 2019 /home/travis/build/icyphy/ptII/ptolemy/actor/lib/test/auto/BooleanSwitch2.xml
----------------- Instantiating /home/travis/build/icyphy/ptII/ptolemy/actor/lib/test/auto/BooleanSwitch2.xml
1 ms. Memory: 289792K Free: 111614K (39%)
----------------- Invoking toplevel() on ptolemy.moml.MoMLSimpleApplication@5cbc16f4
----------------- Done invoking toplevel() on ptolemy.moml.MoMLSimpleApplication@5cbc16f4
reloadAllAccessors: .BooleanSwitch2

===========================================================================================
----------------- testing Mon Dec 23 06:28:27 UTC 2019 /home/travis/build/icyphy/ptII/ptolemy/actor/lib/test/auto/BooleanSwitchCloningBugWithClassRelationGroup.xml
----------------- Instantiating /home/travis/build/icyphy/ptII/ptolemy/actor/lib/test/auto/BooleanSwitchCloningBugWithClassRelationGroup.xml
3 ms. Memory: 289792K Free: 105470K (36%)
----------------- Invoking toplevel() on ptolemy.moml.MoMLSimpleApplication@4a0b1564
----------------- Done invoking toplevel() on ptolemy.moml.MoMLSimpleApplication@4a0b1564
reloadAllAccessors: .BooleanSwitchCloningBugWithClassRelationGroup

===========================================================================================
----------------- testing Mon Dec 23 06:28:27 UTC 2019 /home/travis/build/icyphy/ptII/ptolemy/actor/lib/test/auto/BusActors.xml
----------------- Instantiating /home/travis/build/icyphy/ptII/ptolemy/actor/lib/test/auto/BusActors.xml
7 ms. Memory: 289792K Free: 97278K (34%)
----------------- Invoking toplevel() on ptolemy.moml.MoMLSimpleApplication@3b725acd
----------------- Done invoking toplevel() on ptolemy.moml.MoMLSimpleApplication@3b725acd
reloadAllAccessors: .BusActors

===========================================================================================
----------------- testing Mon Dec 23 06:28:27 UTC 2019 /home/travis/build/icyphy/ptII/ptolemy/actor/lib/test/auto/ClassWrapper.xml
----------------- Instantiating /home/travis/build/icyphy/ptII/ptolemy/actor/lib/test/auto/ClassWrapper.xml
3 ms. Memory: 289792K Free: 92672K (32%)
----------------- Invoking toplevel() on ptolemy.moml.MoMLSimpleApplication@305f500a
----------------- Done invoking toplevel() on ptolemy.moml.MoMLSimpleApplication@305f500a
reloadAllAccessors: .ClassWrapper

===========================================================================================
----------------- testing Mon Dec 23 06:28:27 UTC 2019 /home/travis/build/icyphy/ptII/ptolemy/actor/lib/test/auto/Clock.xml
----------------- Instantiating /home/travis/build/icyphy/ptII/ptolemy/actor/lib/test/auto/Clock.xml
1 ms. Memory: 289792K Free: 88576K (31%)
----------------- Invoking toplevel() on ptolemy.moml.MoMLSimpleApplication@1726b61a
----------------- Done invoking toplevel() on ptolemy.moml.MoMLSimpleApplication@1726b61a
reloadAllAccessors: .Clock

===========================================================================================
----------------- testing Mon Dec 23 06:28:27 UTC 2019 /home/travis/build/icyphy/ptII/ptolemy/actor/lib/test/auto/Clock10.xml
----------------- Instantiating /home/travis/build/icyphy/ptII/ptolemy/actor/lib/test/auto/Clock10.xml
4 ms. Memory: 289792K Free: 82432K (28%)
----------------- Invoking toplevel() on ptolemy.moml.MoMLSimpleApplication@3bb4d77d
----------------- Done invoking toplevel() on ptolemy.moml.MoMLSimpleApplication@3bb4d77d
reloadAllAccessors: .Clock10

===========================================================================================
----------------- testing Mon Dec 23 06:28:27 UTC 2019 /home/travis/build/icyphy/ptII/ptolemy/actor/lib/test/auto/Clock11.xml
----------------- Instantiating /home/travis/build/icyphy/ptII/ptolemy/actor/lib/test/auto/Clock11.xml
5 ms. Memory: 289792K Free: 240619K (83%)
----------------- Invoking toplevel() on ptolemy.moml.MoMLSimpleApplication@5c989664
----------------- Done invoking toplevel() on ptolemy.moml.MoMLSimpleApplication@5c989664
reloadAllAccessors: .Clock11

===========================================================================================
----------------- testing Mon Dec 23 06:28:27 UTC 2019 /home/travis/build/icyphy/ptII/ptolemy/actor/lib/test/auto/Clock12.xml
----------------- Instantiating /home/travis/build/icyphy/ptII/ptolemy/actor/lib/test/auto/Clock12.xml
4 ms. Memory: 289792K Free: 234494K (81%)
----------------- Invoking toplevel() on ptolemy.moml.MoMLSimpleApplication@6b04ff94
----------------- Done invoking toplevel() on ptolemy.moml.MoMLSimpleApplication@6b04ff94
reloadAllAccessors: .Clock12

===========================================================================================
----------------- testing Mon Dec 23 06:28:27 UTC 2019 /home/travis/build/icyphy/ptII/ptolemy/actor/lib/test/auto/Clock13.xml
----------------- Instantiating /home/travis/build/icyphy/ptII/ptolemy/actor/lib/test/auto/Clock13.xml
4 ms. Memory: 289792K Free: 228319K (79%)
----------------- Invoking toplevel() on ptolemy.moml.MoMLSimpleApplication@6d46bc10
----------------- Done invoking toplevel() on ptolemy.moml.MoMLSimpleApplication@6d46bc10
reloadAllAccessors: .Clock13

===========================================================================================
----------------- testing Mon Dec 23 06:28:27 UTC 2019 /home/travis/build/icyphy/ptII/ptolemy/actor/lib/test/auto/Clock14.xml
----------------- Instantiating /home/travis/build/icyphy/ptII/ptolemy/actor/lib/test/auto/Clock14.xml
5 ms. Memory: 289792K Free: 222720K (77%)
----------------- Invoking toplevel() on ptolemy.moml.MoMLSimpleApplication@4a7fa8f4
----------------- Done invoking toplevel() on ptolemy.moml.MoMLSimpleApplication@4a7fa8f4
reloadAllAccessors: .Clock14

===========================================================================================
----------------- testing Mon Dec 23 06:28:27 UTC 2019 /home/travis/build/icyphy/ptII/ptolemy/actor/lib/test/auto/Clock15.xml
----------------- Instantiating /home/travis/build/icyphy/ptII/ptolemy/actor/lib/test/auto/Clock15.xml
2 ms. Memory: 289792K Free: 216576K (75%)
----------------- Invoking toplevel() on ptolemy.moml.MoMLSimpleApplication@2b71b37
----------------- Done invoking toplevel() on ptolemy.moml.MoMLSimpleApplication@2b71b37
reloadAllAccessors: .Clock15

===========================================================================================
----------------- testing Mon Dec 23 06:28:27 UTC 2019 /home/travis/build/icyphy/ptII/ptolemy/actor/lib/test/auto/Clock16.xml
----------------- Instantiating /home/travis/build/icyphy/ptII/ptolemy/actor/lib/test/auto/Clock16.xml
24 ms. Memory: 289792K Free: 202240K (70%)
----------------- Invoking toplevel() on ptolemy.moml.MoMLSimpleApplication@30d458aa
----------------- Done invoking toplevel() on ptolemy.moml.MoMLSimpleApplication@30d458aa
reloadAllAccessors: .Clock16

===========================================================================================
----------------- testing Mon Dec 23 06:28:27 UTC 2019 /home/travis/build/icyphy/ptII/ptolemy/actor/lib/test/auto/Clock17.xml
----------------- Instantiating /home/travis/build/icyphy/ptII/ptolemy/actor/lib/test/auto/Clock17.xml
15 ms. Memory: 289792K Free: 187904K (65%)
----------------- Invoking toplevel() on ptolemy.moml.MoMLSimpleApplication@6f0136dd
----------------- Done invoking toplevel() on ptolemy.moml.MoMLSimpleApplication@6f0136dd
reloadAllAccessors: .Clock17

===========================================================================================
----------------- testing Mon Dec 23 06:28:27 UTC 2019 /home/travis/build/icyphy/ptII/ptolemy/actor/lib/test/auto/Clock18.xml
----------------- Instantiating /home/travis/build/icyphy/ptII/ptolemy/actor/lib/test/auto/Clock18.xml
16 ms. Memory: 289792K Free: 175071K (60%)
----------------- Invoking toplevel() on ptolemy.moml.MoMLSimpleApplication@41ccba5d
----------------- Done invoking toplevel() on ptolemy.moml.MoMLSimpleApplication@41ccba5d
reloadAllAccessors: .Clock18

===========================================================================================
----------------- testing Mon Dec 23 06:28:27 UTC 2019 /home/travis/build/icyphy/ptII/ptolemy/actor/lib/test/auto/Clock19.xml
----------------- Instantiating /home/travis/build/icyphy/ptII/ptolemy/actor/lib/test/auto/Clock19.xml
11 ms. Memory: 289792K Free: 161775K (56%)
----------------- Invoking toplevel() on ptolemy.moml.MoMLSimpleApplication@359928cb
----------------- Done invoking toplevel() on ptolemy.moml.MoMLSimpleApplication@359928cb
reloadAllAccessors: .Clock19

===========================================================================================
----------------- testing Mon Dec 23 06:28:27 UTC 2019 /home/travis/build/icyphy/ptII/ptolemy/actor/lib/test/auto/Clock2.xml
----------------- Instantiating /home/travis/build/icyphy/ptII/ptolemy/actor/lib/test/auto/Clock2.xml
4 ms. Memory: 289792K Free: 156639K (54%)
----------------- Invoking toplevel() on ptolemy.moml.MoMLSimpleApplication@5f761a02
----------------- Done invoking toplevel() on ptolemy.moml.MoMLSimpleApplication@5f761a02
reloadAllAccessors: .Clock2

===========================================================================================
----------------- testing Mon Dec 23 06:28:27 UTC 2019 /home/travis/build/icyphy/ptII/ptolemy/actor/lib/test/auto/Clock20.xml
----------------- Instantiating /home/travis/build/icyphy/ptII/ptolemy/actor/lib/test/auto/Clock20.xml
6 ms. Memory: 289792K Free: 151550K (52%)
----------------- Invoking toplevel() on ptolemy.moml.MoMLSimpleApplication@5424c696
----------------- Done invoking toplevel() on ptolemy.moml.MoMLSimpleApplication@5424c696
reloadAllAccessors: .Clock20

===========================================================================================
----------------- testing Mon Dec 23 06:28:27 UTC 2019 /home/travis/build/icyphy/ptII/ptolemy/actor/lib/test/auto/Clock21.xml
----------------- Instantiating /home/travis/build/icyphy/ptII/ptolemy/actor/lib/test/auto/Clock21.xml
4 ms. Memory: 289792K Free: 145920K (50%)
----------------- Invoking toplevel() on ptolemy.moml.MoMLSimpleApplication@50f73e48
----------------- Done invoking toplevel() on ptolemy.moml.MoMLSimpleApplication@50f73e48
reloadAllAccessors: .Clock21

===========================================================================================
----------------- testing Mon Dec 23 06:28:27 UTC 2019 /home/travis/build/icyphy/ptII/ptolemy/actor/lib/test/auto/Clock22.xml
----------------- Instantiating /home/travis/build/icyphy/ptII/ptolemy/actor/lib/test/auto/Clock22.xml
5 ms. Memory: 289792K Free: 140800K (49%)
----------------- Invoking toplevel() on ptolemy.moml.MoMLSimpleApplication@245af7da
----------------- Done invoking toplevel() on ptolemy.moml.MoMLSimpleApplication@245af7da
reloadAllAccessors: .Clock22

===========================================================================================
----------------- testing Mon Dec 23 06:28:27 UTC 2019 /home/travis/build/icyphy/ptII/ptolemy/actor/lib/test/auto/Clock23.xml
----------------- Instantiating /home/travis/build/icyphy/ptII/ptolemy/actor/lib/test/auto/Clock23.xml
4 ms. Memory: 289792K Free: 135166K (47%)
----------------- Invoking toplevel() on ptolemy.moml.MoMLSimpleApplication@67671c5c
----------------- Done invoking toplevel() on ptolemy.moml.MoMLSimpleApplication@67671c5c
reloadAllAccessors: .Clock23

===========================================================================================
----------------- testing Mon Dec 23 06:28:27 UTC 2019 /home/travis/build/icyphy/ptII/ptolemy/actor/lib/test/auto/Clock24.xml
----------------- Instantiating /home/travis/build/icyphy/ptII/ptolemy/actor/lib/test/auto/Clock24.xml
4 ms. Memory: 289792K Free: 129536K (45%)
----------------- Invoking toplevel() on ptolemy.moml.MoMLSimpleApplication@68a8fd9d
----------------- Done invoking toplevel() on ptolemy.moml.MoMLSimpleApplication@68a8fd9d
reloadAllAccessors: .Clock24

===========================================================================================
----------------- testing Mon Dec 23 06:28:27 UTC 2019 /home/travis/build/icyphy/ptII/ptolemy/actor/lib/test/auto/Clock4.xml
----------------- Instantiating /home/travis/build/icyphy/ptII/ptolemy/actor/lib/test/auto/Clock4.xml
1 ms. Memory: 289792K Free: 124895K (43%)
----------------- Invoking toplevel() on ptolemy.moml.MoMLSimpleApplication@13d61810
----------------- Done invoking toplevel() on ptolemy.moml.MoMLSimpleApplication@13d61810
reloadAllAccessors: .Clock4

===========================================================================================
----------------- testing Mon Dec 23 06:28:27 UTC 2019 /home/travis/build/icyphy/ptII/ptolemy/actor/lib/test/auto/Clock5.xml
----------------- Instantiating /home/travis/build/icyphy/ptII/ptolemy/actor/lib/test/auto/Clock5.xml
2 ms. Memory: 289792K Free: 119296K (41%)
----------------- Invoking toplevel() on ptolemy.moml.MoMLSimpleApplication@1a280cc1
----------------- Done invoking toplevel() on ptolemy.moml.MoMLSimpleApplication@1a280cc1
reloadAllAccessors: .Clock5

===========================================================================================
----------------- testing Mon Dec 23 06:28:27 UTC 2019 /home/travis/build/icyphy/ptII/ptolemy/actor/lib/test/auto/Clock6.xml
----------------- Instantiating /home/travis/build/icyphy/ptII/ptolemy/actor/lib/test/auto/Clock6.xml
1 ms. Memory: 289792K Free: 115200K (40%)
----------------- Invoking toplevel() on ptolemy.moml.MoMLSimpleApplication@28a9b6
----------------- Done invoking toplevel() on ptolemy.moml.MoMLSimpleApplication@28a9b6
reloadAllAccessors: .Clock6

===========================================================================================
----------------- testing Mon Dec 23 06:28:27 UTC 2019 /home/travis/build/icyphy/ptII/ptolemy/actor/lib/test/auto/Clock7.xml
----------------- Instantiating /home/travis/build/icyphy/ptII/ptolemy/actor/lib/test/auto/Clock7.xml
1 ms. Memory: 289792K Free: 110590K (38%)
----------------- Invoking toplevel() on ptolemy.moml.MoMLSimpleApplication@18db34a0
----------------- Done invoking toplevel() on ptolemy.moml.MoMLSimpleApplication@18db34a0
reloadAllAccessors: .Clock7

===========================================================================================
----------------- testing Mon Dec 23 06:28:27 UTC 2019 /home/travis/build/icyphy/ptII/ptolemy/actor/lib/test/auto/Clock8.xml
----------------- Instantiating /home/travis/build/icyphy/ptII/ptolemy/actor/lib/test/auto/Clock8.xml
4 ms. Memory: 289792K Free: 104960K (36%)
----------------- Invoking toplevel() on ptolemy.moml.MoMLSimpleApplication@475c5fa9
----------------- Done invoking toplevel() on ptolemy.moml.MoMLSimpleApplication@475c5fa9
reloadAllAccessors: .Clock8

===========================================================================================
----------------- testing Mon Dec 23 06:28:27 UTC 2019 /home/travis/build/icyphy/ptII/ptolemy/actor/lib/test/auto/Clock9.xml
----------------- Instantiating /home/travis/build/icyphy/ptII/ptolemy/actor/lib/test/auto/Clock9.xml
4 ms. Memory: 289792K Free: 99840K (34%)
----------------- Invoking toplevel() on ptolemy.moml.MoMLSimpleApplication@6dd94aa9
----------------- Done invoking toplevel() on ptolemy.moml.MoMLSimpleApplication@6dd94aa9
reloadAllAccessors: .Clock9

===========================================================================================
----------------- testing Mon Dec 23 06:28:27 UTC 2019 /home/travis/build/icyphy/ptII/ptolemy/actor/lib/test/auto/CommDistDiscard.xml
----------------- Instantiating /home/travis/build/icyphy/ptII/ptolemy/actor/lib/test/auto/CommDistDiscard.xml
4 ms. Memory: 289792K Free: 94206K (33%)
----------------- Invoking toplevel() on ptolemy.moml.MoMLSimpleApplication@103be890
----------------- Done invoking toplevel() on ptolemy.moml.MoMLSimpleApplication@103be890
reloadAllAccessors: .CommDistDiscard

===========================================================================================
----------------- testing Mon Dec 23 06:28:27 UTC 2019 /home/travis/build/icyphy/ptII/ptolemy/actor/lib/test/auto/Commutator.xml
----------------- Instantiating /home/travis/build/icyphy/ptII/ptolemy/actor/lib/test/auto/Commutator.xml
2 ms. Memory: 289792K Free: 90110K (31%)
----------------- Invoking toplevel() on ptolemy.moml.MoMLSimpleApplication@169f04c4
----------------- Done invoking toplevel() on ptolemy.moml.MoMLSimpleApplication@169f04c4
reloadAllAccessors: .Commutator

===========================================================================================
----------------- testing Mon Dec 23 06:28:27 UTC 2019 /home/travis/build/icyphy/ptII/ptolemy/actor/lib/test/auto/Commutator2.xml
----------------- Instantiating /home/travis/build/icyphy/ptII/ptolemy/actor/lib/test/auto/Commutator2.xml
3 ms. Memory: 289792K Free: 85504K (30%)
----------------- Invoking toplevel() on ptolemy.moml.MoMLSimpleApplication@7c49de9e
----------------- Done invoking toplevel() on ptolemy.moml.MoMLSimpleApplication@7c49de9e
reloadAllAccessors: .Commutator2

===========================================================================================
----------------- testing Mon Dec 23 06:28:27 UTC 2019 /home/travis/build/icyphy/ptII/ptolemy/actor/lib/test/auto/Commutator3.xml
----------------- Instantiating /home/travis/build/icyphy/ptII/ptolemy/actor/lib/test/auto/Commutator3.xml
2 ms. Memory: 289792K Free: 80894K (28%)
----------------- Invoking toplevel() on ptolemy.moml.MoMLSimpleApplication@7b7ec26e
----------------- Done invoking toplevel() on ptolemy.moml.MoMLSimpleApplication@7b7ec26e
reloadAllAccessors: .Commutator3

===========================================================================================
----------------- testing Mon Dec 23 06:28:28 UTC 2019 /home/travis/build/icyphy/ptII/ptolemy/actor/lib/test/auto/Compare.xml
----------------- Instantiating /home/travis/build/icyphy/ptII/ptolemy/actor/lib/test/auto/Compare.xml
2 ms. Memory: 522240K Free: 470526K (90%)
----------------- Invoking toplevel() on ptolemy.moml.MoMLSimpleApplication@1601695a
----------------- Done invoking toplevel() on ptolemy.moml.MoMLSimpleApplication@1601695a
reloadAllAccessors: .Compare

===========================================================================================
----------------- testing Mon Dec 23 06:28:28 UTC 2019 /home/travis/build/icyphy/ptII/ptolemy/actor/lib/test/auto/CompareDE.xml
----------------- Instantiating /home/travis/build/icyphy/ptII/ptolemy/actor/lib/test/auto/CompareDE.xml
4 ms. Memory: 522240K Free: 463343K (89%)
----------------- Invoking toplevel() on ptolemy.moml.MoMLSimpleApplication@26f639b9
----------------- Done invoking toplevel() on ptolemy.moml.MoMLSimpleApplication@26f639b9
reloadAllAccessors: .CompareDE

===========================================================================================
----------------- testing Mon Dec 23 06:28:28 UTC 2019 /home/travis/build/icyphy/ptII/ptolemy/actor/lib/test/auto/ComplexDivide.xml
----------------- Instantiating /home/travis/build/icyphy/ptII/ptolemy/actor/lib/test/auto/ComplexDivide.xml
2 ms. Memory: 522240K Free: 459262K (88%)
----------------- Invoking toplevel() on ptolemy.moml.MoMLSimpleApplication@444331e9
----------------- Done invoking toplevel() on ptolemy.moml.MoMLSimpleApplication@444331e9
reloadAllAccessors: .ComplexDivide

===========================================================================================
----------------- testing Mon Dec 23 06:28:28 UTC 2019 /home/travis/build/icyphy/ptII/ptolemy/actor/lib/test/auto/ComputeHistogram.xml
----------------- Instantiating /home/travis/build/icyphy/ptII/ptolemy/actor/lib/test/auto/ComputeHistogram.xml
22 ms. Memory: 522240K Free: 446974K (86%)
----------------- Invoking toplevel() on ptolemy.moml.MoMLSimpleApplication@4b3130c5
----------------- Done invoking toplevel() on ptolemy.moml.MoMLSimpleApplication@4b3130c5
reloadAllAccessors: .ComputeHistogram

===========================================================================================
----------------- testing Mon Dec 23 06:28:28 UTC 2019 /home/travis/build/icyphy/ptII/ptolemy/actor/lib/test/auto/ConfigurationSelect.xml
----------------- Instantiating /home/travis/build/icyphy/ptII/ptolemy/actor/lib/test/auto/ConfigurationSelect.xml
3 ms. Memory: 522240K Free: 441344K (85%)
----------------- Invoking toplevel() on ptolemy.moml.MoMLSimpleApplication@4c02fe5c
----------------- Done invoking toplevel() on ptolemy.moml.MoMLSimpleApplication@4c02fe5c
reloadAllAccessors: .ConfigurationSelect

===========================================================================================
----------------- testing Mon Dec 23 06:28:28 UTC 2019 /home/travis/build/icyphy/ptII/ptolemy/actor/lib/test/auto/ConfigurationSelect2.xml
----------------- Instantiating /home/travis/build/icyphy/ptII/ptolemy/actor/lib/test/auto/ConfigurationSelect2.xml
3 ms. Memory: 522240K Free: 436734K (84%)
----------------- Invoking toplevel() on ptolemy.moml.MoMLSimpleApplication@79dfb389
----------------- Done invoking toplevel() on ptolemy.moml.MoMLSimpleApplication@79dfb389
reloadAllAccessors: .ConfigurationSelect2

===========================================================================================
----------------- testing Mon Dec 23 06:28:28 UTC 2019 /home/travis/build/icyphy/ptII/ptolemy/actor/lib/test/auto/ConfigurationSwitch.xml
----------------- Instantiating /home/travis/build/icyphy/ptII/ptolemy/actor/lib/test/auto/ConfigurationSwitch.xml
2 ms. Memory: 522240K Free: 431614K (83%)
----------------- Invoking toplevel() on ptolemy.moml.MoMLSimpleApplication@16d5fce0
----------------- Done invoking toplevel() on ptolemy.moml.MoMLSimpleApplication@16d5fce0
reloadAllAccessors: .ConfigurationSwitch

===========================================================================================
----------------- testing Mon Dec 23 06:28:28 UTC 2019 /home/travis/build/icyphy/ptII/ptolemy/actor/lib/test/auto/ConfigurationSwitch2.xml
----------------- Instantiating /home/travis/build/icyphy/ptII/ptolemy/actor/lib/test/auto/ConfigurationSwitch2.xml
4 ms. Memory: 522240K Free: 425984K (82%)
----------------- Invoking toplevel() on ptolemy.moml.MoMLSimpleApplication@228a3779
----------------- Done invoking toplevel() on ptolemy.moml.MoMLSimpleApplication@228a3779
reloadAllAccessors: .ConfigurationSwitch2

===========================================================================================
----------------- testing Mon Dec 23 06:28:28 UTC 2019 /home/travis/build/icyphy/ptII/ptolemy/actor/lib/test/auto/ConfigurationSwitchCloningBugWithClassRelationGroup.xml
----------------- Instantiating /home/travis/build/icyphy/ptII/ptolemy/actor/lib/test/auto/ConfigurationSwitchCloningBugWithClassRelationGroup.xml
1 ms. Memory: 522240K Free: 419326K (80%)
----------------- Invoking toplevel() on ptolemy.moml.MoMLSimpleApplication@5d1c023a
----------------- Done invoking toplevel() on ptolemy.moml.MoMLSimpleApplication@5d1c023a
reloadAllAccessors: .ConfigurationSwitchCloningBugWithClassRelationGroup

===========================================================================================
----------------- testing Mon Dec 23 06:28:28 UTC 2019 /home/travis/build/icyphy/ptII/ptolemy/actor/lib/test/auto/ConfigurationSwitchSelectSDF.xml
----------------- Instantiating /home/travis/build/icyphy/ptII/ptolemy/actor/lib/test/auto/ConfigurationSwitchSelectSDF.xml
4 ms. Memory: 522240K Free: 413696K (79%)
----------------- Invoking toplevel() on ptolemy.moml.MoMLSimpleApplication@ee5568e
----------------- Done invoking toplevel() on ptolemy.moml.MoMLSimpleApplication@ee5568e
reloadAllAccessors: .ConfigurationSwitchSelectSDF

===========================================================================================
----------------- testing Mon Dec 23 06:28:28 UTC 2019 /home/travis/build/icyphy/ptII/ptolemy/actor/lib/test/auto/ConfigurationSwitchSelectSDF2.xml
----------------- Instantiating /home/travis/build/icyphy/ptII/ptolemy/actor/lib/test/auto/ConfigurationSwitchSelectSDF2.xml
3 ms. Memory: 522240K Free: 407552K (78%)
----------------- Invoking toplevel() on ptolemy.moml.MoMLSimpleApplication@3dc1801d
----------------- Done invoking toplevel() on ptolemy.moml.MoMLSimpleApplication@3dc1801d
reloadAllAccessors: .ConfigurationSwitchSelectSDF2

===========================================================================================
----------------- testing Mon Dec 23 06:28:28 UTC 2019 /home/travis/build/icyphy/ptII/ptolemy/actor/lib/test/auto/Const.xml
----------------- Instantiating /home/travis/build/icyphy/ptII/ptolemy/actor/lib/test/auto/Const.xml
1 ms. Memory: 522240K Free: 404480K (77%)
----------------- Invoking toplevel() on ptolemy.moml.MoMLSimpleApplication@57563ae9
----------------- Done invoking toplevel() on ptolemy.moml.MoMLSimpleApplication@57563ae9
reloadAllAccessors: .Const

===========================================================================================
----------------- testing Mon Dec 23 06:28:28 UTC 2019 /home/travis/build/icyphy/ptII/ptolemy/actor/lib/test/auto/Const2.xml
----------------- Instantiating /home/travis/build/icyphy/ptII/ptolemy/actor/lib/test/auto/Const2.xml
3 ms. Memory: 522240K Free: 399870K (77%)
----------------- Invoking toplevel() on ptolemy.moml.MoMLSimpleApplication@7b4f5412
----------------- Done invoking toplevel() on ptolemy.moml.MoMLSimpleApplication@7b4f5412
reloadAllAccessors: .Const2

===========================================================================================
----------------- testing Mon Dec 23 06:28:28 UTC 2019 /home/travis/build/icyphy/ptII/ptolemy/actor/lib/test/auto/Const3.xml
----------------- Instantiating /home/travis/build/icyphy/ptII/ptolemy/actor/lib/test/auto/Const3.xml
1 ms. Memory: 522240K Free: 396798K (76%)
----------------- Invoking toplevel() on ptolemy.moml.MoMLSimpleApplication@5a39d4db
----------------- Done invoking toplevel() on ptolemy.moml.MoMLSimpleApplication@5a39d4db
reloadAllAccessors: .Const3

===========================================================================================
----------------- testing Mon Dec 23 06:28:28 UTC 2019 /home/travis/build/icyphy/ptII/ptolemy/actor/lib/test/auto/ConstantPublisherPort1.xml
----------------- Instantiating /home/travis/build/icyphy/ptII/ptolemy/actor/lib/test/auto/ConstantPublisherPort1.xml
8 ms. Memory: 522240K Free: 388606K (74%)
----------------- Invoking toplevel() on ptolemy.moml.MoMLSimpleApplication@2a4f624a
----------------- Done invoking toplevel() on ptolemy.moml.MoMLSimpleApplication@2a4f624a
reloadAllAccessors: .ConstantPublisherPort1

===========================================================================================
----------------- testing Mon Dec 23 06:28:28 UTC 2019 /home/travis/build/icyphy/ptII/ptolemy/actor/lib/test/auto/ConstantPublisherPort2.xml
----------------- Instantiating /home/travis/build/icyphy/ptII/ptolemy/actor/lib/test/auto/ConstantPublisherPort2.xml
8 ms. Memory: 522240K Free: 380928K (73%)
----------------- Invoking toplevel() on ptolemy.moml.MoMLSimpleApplication@55d93bdf
----------------- Done invoking toplevel() on ptolemy.moml.MoMLSimpleApplication@55d93bdf
reloadAllAccessors: .ConstantPublisherPort2

===========================================================================================
----------------- testing Mon Dec 23 06:28:28 UTC 2019 /home/travis/build/icyphy/ptII/ptolemy/actor/lib/test/auto/ConstantPublisherPort3.xml
----------------- Instantiating /home/travis/build/icyphy/ptII/ptolemy/actor/lib/test/auto/ConstantPublisherPort3.xml
5 ms. Memory: 522240K Free: 372736K (71%)
----------------- Invoking toplevel() on ptolemy.moml.MoMLSimpleApplication@5e234151
----------------- Done invoking toplevel() on ptolemy.moml.MoMLSimpleApplication@5e234151
reloadAllAccessors: .ConstantPublisherPort3

===========================================================================================
----------------- testing Mon Dec 23 06:28:28 UTC 2019 /home/travis/build/icyphy/ptII/ptolemy/actor/lib/test/auto/ConstantPublisherPort4.xml
----------------- Instantiating /home/travis/build/icyphy/ptII/ptolemy/actor/lib/test/auto/ConstantPublisherPort4.xml
3 ms. Memory: 522240K Free: 366078K (70%)
----------------- Invoking toplevel() on ptolemy.moml.MoMLSimpleApplication@5098139d
----------------- Done invoking toplevel() on ptolemy.moml.MoMLSimpleApplication@5098139d
reloadAllAccessors: .ConstantPublisherPort4

===========================================================================================
----------------- testing Mon Dec 23 06:28:28 UTC 2019 /home/travis/build/icyphy/ptII/ptolemy/actor/lib/test/auto/ConstantPublisherPort5.xml
----------------- Instantiating /home/travis/build/icyphy/ptII/ptolemy/actor/lib/test/auto/ConstantPublisherPort5.xml
27 ms. Memory: 522240K Free: 356352K (68%)
----------------- Invoking toplevel() on ptolemy.moml.MoMLSimpleApplication@5a0a8e93
----------------- Done invoking toplevel() on ptolemy.moml.MoMLSimpleApplication@5a0a8e93
reloadAllAccessors: .ConstantPublisherPort5

===========================================================================================
----------------- testing Mon Dec 23 06:28:28 UTC 2019 /home/travis/build/icyphy/ptII/ptolemy/actor/lib/test/auto/ConstantPublisherPort6.xml
----------------- Instantiating /home/travis/build/icyphy/ptII/ptolemy/actor/lib/test/auto/ConstantPublisherPort6.xml
17 ms. Memory: 522240K Free: 347136K (66%)
----------------- Invoking toplevel() on ptolemy.moml.MoMLSimpleApplication@51c8d9fe
----------------- Done invoking toplevel() on ptolemy.moml.MoMLSimpleApplication@51c8d9fe
reloadAllAccessors: .ConstantPublisherPort6

===========================================================================================
----------------- testing Mon Dec 23 06:28:28 UTC 2019 /home/travis/build/icyphy/ptII/ptolemy/actor/lib/test/auto/ConstantPublisherPort7.xml
----------------- Instantiating /home/travis/build/icyphy/ptII/ptolemy/actor/lib/test/auto/ConstantPublisherPort7.xml
20 ms. Memory: 522240K Free: 337920K (65%)
----------------- Invoking toplevel() on ptolemy.moml.MoMLSimpleApplication@25f5172f
----------------- Done invoking toplevel() on ptolemy.moml.MoMLSimpleApplication@25f5172f
reloadAllAccessors: .ConstantPublisherPort7

===========================================================================================
----------------- testing Mon Dec 23 06:28:28 UTC 2019 /home/travis/build/icyphy/ptII/ptolemy/actor/lib/test/auto/ConstraintMonitor1.xml
----------------- Instantiating /home/travis/build/icyphy/ptII/ptolemy/actor/lib/test/auto/ConstraintMonitor1.xml
7 ms. Memory: 522240K Free: 332800K (64%)
----------------- Invoking toplevel() on ptolemy.moml.MoMLSimpleApplication@9ba5e
----------------- Done invoking toplevel() on ptolemy.moml.MoMLSimpleApplication@9ba5e
reloadAllAccessors: .ConstraintMonitor1

===========================================================================================
----------------- testing Mon Dec 23 06:28:28 UTC 2019 /home/travis/build/icyphy/ptII/ptolemy/actor/lib/test/auto/ConstraintMonitor2.xml
----------------- Instantiating /home/travis/build/icyphy/ptII/ptolemy/actor/lib/test/auto/ConstraintMonitor2.xml
4 ms. Memory: 522240K Free: 328190K (63%)
----------------- Invoking toplevel() on ptolemy.moml.MoMLSimpleApplication@30718676
----------------- Done invoking toplevel() on ptolemy.moml.MoMLSimpleApplication@30718676
reloadAllAccessors: .ConstraintMonitor2

===========================================================================================
----------------- testing Mon Dec 23 06:28:28 UTC 2019 /home/travis/build/icyphy/ptII/ptolemy/actor/lib/test/auto/ConstraintMonitor3.xml
----------------- Instantiating /home/travis/build/icyphy/ptII/ptolemy/actor/lib/test/auto/ConstraintMonitor3.xml
3 ms. Memory: 522240K Free: 323584K (62%)
----------------- Invoking toplevel() on ptolemy.moml.MoMLSimpleApplication@2461bd6f
----------------- Done invoking toplevel() on ptolemy.moml.MoMLSimpleApplication@2461bd6f
reloadAllAccessors: .ConstraintMonitor3

===========================================================================================
----------------- testing Mon Dec 23 06:28:28 UTC 2019 /home/travis/build/icyphy/ptII/ptolemy/actor/lib/test/auto/ConstraintMonitor4.xml
----------------- Instantiating /home/travis/build/icyphy/ptII/ptolemy/actor/lib/test/auto/ConstraintMonitor4.xml
10 ms. Memory: 522240K Free: 318464K (61%)
----------------- Invoking toplevel() on ptolemy.moml.MoMLSimpleApplication@49703071
----------------- Done invoking toplevel() on ptolemy.moml.MoMLSimpleApplication@49703071
reloadAllAccessors: .ConstraintMonitor4

===========================================================================================
----------------- testing Mon Dec 23 06:28:28 UTC 2019 /home/travis/build/icyphy/ptII/ptolemy/actor/lib/test/auto/ConstraintMonitor5.xml
----------------- Instantiating /home/travis/build/icyphy/ptII/ptolemy/actor/lib/test/auto/ConstraintMonitor5.xml
5 ms. Memory: 522240K Free: 312830K (60%)
----------------- Invoking toplevel() on ptolemy.moml.MoMLSimpleApplication@6da4bbbb
----------------- Done invoking toplevel() on ptolemy.moml.MoMLSimpleApplication@6da4bbbb
reloadAllAccessors: .ConstraintMonitor5

===========================================================================================
----------------- testing Mon Dec 23 06:28:28 UTC 2019 /home/travis/build/icyphy/ptII/ptolemy/actor/lib/test/auto/ConstraintMonitor6.xml
----------------- Instantiating /home/travis/build/icyphy/ptII/ptolemy/actor/lib/test/auto/ConstraintMonitor6.xml
5 ms. Memory: 522240K Free: 307200K (59%)
----------------- Invoking toplevel() on ptolemy.moml.MoMLSimpleApplication@4eef7c92
----------------- Done invoking toplevel() on ptolemy.moml.MoMLSimpleApplication@4eef7c92
reloadAllAccessors: .ConstraintMonitor6

===========================================================================================
----------------- testing Mon Dec 23 06:28:28 UTC 2019 /home/travis/build/icyphy/ptII/ptolemy/actor/lib/test/auto/ConstraintMonitor7.xml
----------------- Instantiating /home/travis/build/icyphy/ptII/ptolemy/actor/lib/test/auto/ConstraintMonitor7.xml
3 ms. Memory: 522240K Free: 300527K (58%)
----------------- Invoking toplevel() on ptolemy.moml.MoMLSimpleApplication@fb9b831
----------------- Done invoking toplevel() on ptolemy.moml.MoMLSimpleApplication@fb9b831
reloadAllAccessors: .ConstraintMonitor7

===========================================================================================
----------------- testing Mon Dec 23 06:28:28 UTC 2019 /home/travis/build/icyphy/ptII/ptolemy/actor/lib/test/auto/ConstraintMonitor8.xml
----------------- Instantiating /home/travis/build/icyphy/ptII/ptolemy/actor/lib/test/auto/ConstraintMonitor8.xml
6 ms. Memory: 522240K Free: 292864K (56%)
----------------- Invoking toplevel() on ptolemy.moml.MoMLSimpleApplication@5ddbfed6
----------------- Done invoking toplevel() on ptolemy.moml.MoMLSimpleApplication@5ddbfed6
reloadAllAccessors: .ConstraintMonitor8

===========================================================================================
----------------- testing Mon Dec 23 06:28:28 UTC 2019 /home/travis/build/icyphy/ptII/ptolemy/actor/lib/test/auto/Counter.xml
----------------- Instantiating /home/travis/build/icyphy/ptII/ptolemy/actor/lib/test/auto/Counter.xml
2 ms. Memory: 522240K Free: 288254K (55%)
----------------- Invoking toplevel() on ptolemy.moml.MoMLSimpleApplication@662c61cf
----------------- Done invoking toplevel() on ptolemy.moml.MoMLSimpleApplication@662c61cf
reloadAllAccessors: .Counter

===========================================================================================
----------------- testing Mon Dec 23 06:28:28 UTC 2019 /home/travis/build/icyphy/ptII/ptolemy/actor/lib/test/auto/CurrentTimeSDF.xml
----------------- Instantiating /home/travis/build/icyphy/ptII/ptolemy/actor/lib/test/auto/CurrentTimeSDF.xml
1 ms. Memory: 522240K Free: 284158K (54%)
----------------- Invoking toplevel() on ptolemy.moml.MoMLSimpleApplication@12c77700
----------------- Done invoking toplevel() on ptolemy.moml.MoMLSimpleApplication@12c77700
reloadAllAccessors: .CurrentTimeSDF

===========================================================================================
----------------- testing Mon Dec 23 06:28:28 UTC 2019 /home/travis/build/icyphy/ptII/ptolemy/actor/lib/test/auto/DB.xml
----------------- Instantiating /home/travis/build/icyphy/ptII/ptolemy/actor/lib/test/auto/DB.xml
2 ms. Memory: 522240K Free: 279038K (53%)
----------------- Invoking toplevel() on ptolemy.moml.MoMLSimpleApplication@20524fba
----------------- Done invoking toplevel() on ptolemy.moml.MoMLSimpleApplication@20524fba
reloadAllAccessors: .DB

===========================================================================================
----------------- testing Mon Dec 23 06:28:28 UTC 2019 /home/travis/build/icyphy/ptII/ptolemy/actor/lib/test/auto/DBDE.xml
----------------- Instantiating /home/travis/build/icyphy/ptII/ptolemy/actor/lib/test/auto/DBDE.xml
2 ms. Memory: 522240K Free: 273408K (52%)
----------------- Invoking toplevel() on ptolemy.moml.MoMLSimpleApplication@3c6328a0
----------------- Done invoking toplevel() on ptolemy.moml.MoMLSimpleApplication@3c6328a0
reloadAllAccessors: .DBDE

===========================================================================================
----------------- testing Mon Dec 23 06:28:28 UTC 2019 /home/travis/build/icyphy/ptII/ptolemy/actor/lib/test/auto/DateConstructor.xml
----------------- Instantiating /home/travis/build/icyphy/ptII/ptolemy/actor/lib/test/auto/DateConstructor.xml
30 ms. Memory: 522240K Free: 255486K (49%)
----------------- Invoking toplevel() on ptolemy.moml.MoMLSimpleApplication@278e5822
----------------- Done invoking toplevel() on ptolemy.moml.MoMLSimpleApplication@278e5822
reloadAllAccessors: .DateConstructor

===========================================================================================
----------------- testing Mon Dec 23 06:28:29 UTC 2019 /home/travis/build/icyphy/ptII/ptolemy/actor/lib/test/auto/DelayTime.xml
----------------- Instantiating /home/travis/build/icyphy/ptII/ptolemy/actor/lib/test/auto/DelayTime.xml
5 ms. Memory: 522240K Free: 249856K (48%)
----------------- Invoking toplevel() on ptolemy.moml.MoMLSimpleApplication@17d330ec
----------------- Done invoking toplevel() on ptolemy.moml.MoMLSimpleApplication@17d330ec
reloadAllAccessors: .DelayTime

===========================================================================================
----------------- testing Mon Dec 23 06:28:29 UTC 2019 /home/travis/build/icyphy/ptII/ptolemy/actor/lib/test/auto/Dictionary1.xml
----------------- Instantiating /home/travis/build/icyphy/ptII/ptolemy/actor/lib/test/auto/Dictionary1.xml
3 ms. Memory: 522240K Free: 244736K (47%)
----------------- Invoking toplevel() on ptolemy.moml.MoMLSimpleApplication@7faa120
----------------- Done invoking toplevel() on ptolemy.moml.MoMLSimpleApplication@7faa120
reloadAllAccessors: .Dictionary1

===========================================================================================
----------------- testing Mon Dec 23 06:28:29 UTC 2019 /home/travis/build/icyphy/ptII/ptolemy/actor/lib/test/auto/Dictionary2.xml
----------------- Instantiating /home/travis/build/icyphy/ptII/ptolemy/actor/lib/test/auto/Dictionary2.xml
1 ms. Memory: 522240K Free: 239102K (46%)
----------------- Invoking toplevel() on ptolemy.moml.MoMLSimpleApplication@5c484788
----------------- Done invoking toplevel() on ptolemy.moml.MoMLSimpleApplication@5c484788
reloadAllAccessors: .Dictionary2

===========================================================================================
----------------- testing Mon Dec 23 06:28:29 UTC 2019 /home/travis/build/icyphy/ptII/ptolemy/actor/lib/test/auto/Dictionary3.xml
----------------- Instantiating /home/travis/build/icyphy/ptII/ptolemy/actor/lib/test/auto/Dictionary3.xml
1 ms. Memory: 522240K Free: 233472K (45%)
----------------- Invoking toplevel() on ptolemy.moml.MoMLSimpleApplication@faf472f
----------------- Done invoking toplevel() on ptolemy.moml.MoMLSimpleApplication@faf472f
reloadAllAccessors: .Dictionary3

===========================================================================================
----------------- testing Mon Dec 23 06:28:29 UTC 2019 /home/travis/build/icyphy/ptII/ptolemy/actor/lib/test/auto/Dictionary4.xml
----------------- Instantiating /home/travis/build/icyphy/ptII/ptolemy/actor/lib/test/auto/Dictionary4.xml
2 ms. Memory: 522240K Free: 226304K (43%)
----------------- Invoking toplevel() on ptolemy.moml.MoMLSimpleApplication@55b2a37e
----------------- Done invoking toplevel() on ptolemy.moml.MoMLSimpleApplication@55b2a37e
reloadAllAccessors: .Dictionary4

===========================================================================================
----------------- testing Mon Dec 23 06:28:29 UTC 2019 /home/travis/build/icyphy/ptII/ptolemy/actor/lib/test/auto/Differential.xml
----------------- Instantiating /home/travis/build/icyphy/ptII/ptolemy/actor/lib/test/auto/Differential.xml
1 ms. Memory: 522240K Free: 222208K (43%)
----------------- Invoking toplevel() on ptolemy.moml.MoMLSimpleApplication@4648d517
----------------- Done invoking toplevel() on ptolemy.moml.MoMLSimpleApplication@4648d517
reloadAllAccessors: .Differential

===========================================================================================
----------------- testing Mon Dec 23 06:28:29 UTC 2019 /home/travis/build/icyphy/ptII/ptolemy/actor/lib/test/auto/Director.xml
----------------- Instantiating /home/travis/build/icyphy/ptII/ptolemy/actor/lib/test/auto/Director.xml
4 ms. Memory: 522240K Free: 218622K (42%)
----------------- Invoking toplevel() on ptolemy.moml.MoMLSimpleApplication@4e4b48d5
----------------- Done invoking toplevel() on ptolemy.moml.MoMLSimpleApplication@4e4b48d5
reloadAllAccessors: .Director

===========================================================================================
----------------- testing Mon Dec 23 06:28:29 UTC 2019 /home/travis/build/icyphy/ptII/ptolemy/actor/lib/test/auto/DiscreteClock.xml
----------------- Instantiating /home/travis/build/icyphy/ptII/ptolemy/actor/lib/test/auto/DiscreteClock.xml
2 ms. Memory: 522240K Free: 214526K (41%)
----------------- Invoking toplevel() on ptolemy.moml.MoMLSimpleApplication@b4a1e01
----------------- Done invoking toplevel() on ptolemy.moml.MoMLSimpleApplication@b4a1e01
reloadAllAccessors: .DiscreteClock

===========================================================================================
----------------- testing Mon Dec 23 06:28:29 UTC 2019 /home/travis/build/icyphy/ptII/ptolemy/actor/lib/test/auto/DiscreteClock10.xml
----------------- Instantiating /home/travis/build/icyphy/ptII/ptolemy/actor/lib/test/auto/DiscreteClock10.xml
1 ms. Memory: 522240K Free: 208896K (40%)
----------------- Invoking toplevel() on ptolemy.moml.MoMLSimpleApplication@254fe63c
----------------- Done invoking toplevel() on ptolemy.moml.MoMLSimpleApplication@254fe63c
reloadAllAccessors: .DiscreteClock10

===========================================================================================
----------------- testing Mon Dec 23 06:28:29 UTC 2019 /home/travis/build/icyphy/ptII/ptolemy/actor/lib/test/auto/DiscreteClock11.xml
----------------- Instantiating /home/travis/build/icyphy/ptII/ptolemy/actor/lib/test/auto/DiscreteClock11.xml
2 ms. Memory: 522240K Free: 202752K (39%)
----------------- Invoking toplevel() on ptolemy.moml.MoMLSimpleApplication@2c17f275
----------------- Done invoking toplevel() on ptolemy.moml.MoMLSimpleApplication@2c17f275
reloadAllAccessors: .DiscreteClock11

===========================================================================================
----------------- testing Mon Dec 23 06:28:29 UTC 2019 /home/travis/build/icyphy/ptII/ptolemy/actor/lib/test/auto/DiscreteClock12.xml
----------------- Instantiating /home/travis/build/icyphy/ptII/ptolemy/actor/lib/test/auto/DiscreteClock12.xml
2 ms. Memory: 522240K Free: 196608K (38%)
----------------- Invoking toplevel() on ptolemy.moml.MoMLSimpleApplication@1885309
----------------- Done invoking toplevel() on ptolemy.moml.MoMLSimpleApplication@1885309
reloadAllAccessors: .DiscreteClock12

===========================================================================================
----------------- testing Mon Dec 23 06:28:29 UTC 2019 /home/travis/build/icyphy/ptII/ptolemy/actor/lib/test/auto/DiscreteClock13.xml
----------------- Instantiating /home/travis/build/icyphy/ptII/ptolemy/actor/lib/test/auto/DiscreteClock13.xml
5 ms. Memory: 522240K Free: 190464K (36%)
----------------- Invoking toplevel() on ptolemy.moml.MoMLSimpleApplication@5c718688
----------------- Done invoking toplevel() on ptolemy.moml.MoMLSimpleApplication@5c718688
reloadAllAccessors: .DiscreteClock13

===========================================================================================
----------------- testing Mon Dec 23 06:28:29 UTC 2019 /home/travis/build/icyphy/ptII/ptolemy/actor/lib/test/auto/DiscreteClock14.xml
----------------- Instantiating /home/travis/build/icyphy/ptII/ptolemy/actor/lib/test/auto/DiscreteClock14.xml
5 ms. Memory: 522240K Free: 184799K (35%)
----------------- Invoking toplevel() on ptolemy.moml.MoMLSimpleApplication@705a8be0
----------------- Done invoking toplevel() on ptolemy.moml.MoMLSimpleApplication@705a8be0
reloadAllAccessors: .DiscreteClock14

===========================================================================================
----------------- testing Mon Dec 23 06:28:29 UTC 2019 /home/travis/build/icyphy/ptII/ptolemy/actor/lib/test/auto/DiscreteClock15.xml
----------------- Instantiating /home/travis/build/icyphy/ptII/ptolemy/actor/lib/test/auto/DiscreteClock15.xml
4 ms. Memory: 522240K Free: 178655K (34%)
----------------- Invoking toplevel() on ptolemy.moml.MoMLSimpleApplication@494c1a8a
----------------- Done invoking toplevel() on ptolemy.moml.MoMLSimpleApplication@494c1a8a
reloadAllAccessors: .DiscreteClock15

===========================================================================================
----------------- testing Mon Dec 23 06:28:29 UTC 2019 /home/travis/build/icyphy/ptII/ptolemy/actor/lib/test/auto/DiscreteClock16.xml
----------------- Instantiating /home/travis/build/icyphy/ptII/ptolemy/actor/lib/test/auto/DiscreteClock16.xml
15 ms. Memory: 522240K Free: 468480K (90%)
----------------- Invoking toplevel() on ptolemy.moml.MoMLSimpleApplication@24054d52
----------------- Done invoking toplevel() on ptolemy.moml.MoMLSimpleApplication@24054d52
reloadAllAccessors: .DiscreteClock16

===========================================================================================
----------------- testing Mon Dec 23 06:28:29 UTC 2019 /home/travis/build/icyphy/ptII/ptolemy/actor/lib/test/auto/DiscreteClock17.xml
----------------- Instantiating /home/travis/build/icyphy/ptII/ptolemy/actor/lib/test/auto/DiscreteClock17.xml
18 ms. Memory: 522240K Free: 454144K (87%)
----------------- Invoking toplevel() on ptolemy.moml.MoMLSimpleApplication@268557f
----------------- Done invoking toplevel() on ptolemy.moml.MoMLSimpleApplication@268557f
reloadAllAccessors: .DiscreteClock17

===========================================================================================
----------------- testing Mon Dec 23 06:28:29 UTC 2019 /home/travis/build/icyphy/ptII/ptolemy/actor/lib/test/auto/DiscreteClock18.xml
----------------- Instantiating /home/travis/build/icyphy/ptII/ptolemy/actor/lib/test/auto/DiscreteClock18.xml
27 ms. Memory: 522240K Free: 439808K (84%)
----------------- Invoking toplevel() on ptolemy.moml.MoMLSimpleApplication@4283c51f
----------------- Done invoking toplevel() on ptolemy.moml.MoMLSimpleApplication@4283c51f
reloadAllAccessors: .DiscreteClock18

===========================================================================================
----------------- testing Mon Dec 23 06:28:29 UTC 2019 /home/travis/build/icyphy/ptII/ptolemy/actor/lib/test/auto/DiscreteClock19.xml
----------------- Instantiating /home/travis/build/icyphy/ptII/ptolemy/actor/lib/test/auto/DiscreteClock19.xml
21 ms. Memory: 522240K Free: 425951K (82%)
----------------- Invoking toplevel() on ptolemy.moml.MoMLSimpleApplication@3fdb4292
----------------- Done invoking toplevel() on ptolemy.moml.MoMLSimpleApplication@3fdb4292
reloadAllAccessors: .DiscreteClock19

===========================================================================================
----------------- testing Mon Dec 23 06:28:29 UTC 2019 /home/travis/build/icyphy/ptII/ptolemy/actor/lib/test/auto/DiscreteClock2.xml
----------------- Instantiating /home/travis/build/icyphy/ptII/ptolemy/actor/lib/test/auto/DiscreteClock2.xml
3 ms. Memory: 522240K Free: 420831K (81%)
----------------- Invoking toplevel() on ptolemy.moml.MoMLSimpleApplication@1a1d5d87
----------------- Done invoking toplevel() on ptolemy.moml.MoMLSimpleApplication@1a1d5d87
reloadAllAccessors: .DiscreteClock2

===========================================================================================
----------------- testing Mon Dec 23 06:28:29 UTC 2019 /home/travis/build/icyphy/ptII/ptolemy/actor/lib/test/auto/DiscreteClock20.xml
----------------- Instantiating /home/travis/build/icyphy/ptII/ptolemy/actor/lib/test/auto/DiscreteClock20.xml
7 ms. Memory: 522240K Free: 415742K (80%)
----------------- Invoking toplevel() on ptolemy.moml.MoMLSimpleApplication@393a50ea
----------------- Done invoking toplevel() on ptolemy.moml.MoMLSimpleApplication@393a50ea
reloadAllAccessors: .DiscreteClock20

===========================================================================================
----------------- testing Mon Dec 23 06:28:29 UTC 2019 /home/travis/build/icyphy/ptII/ptolemy/actor/lib/test/auto/DiscreteClock21.xml
----------------- Instantiating /home/travis/build/icyphy/ptII/ptolemy/actor/lib/test/auto/DiscreteClock21.xml
5 ms. Memory: 522240K Free: 410112K (79%)
----------------- Invoking toplevel() on ptolemy.moml.MoMLSimpleApplication@7e9c6770
----------------- Done invoking toplevel() on ptolemy.moml.MoMLSimpleApplication@7e9c6770
reloadAllAccessors: .DiscreteClock21

===========================================================================================
----------------- testing Mon Dec 23 06:28:29 UTC 2019 /home/travis/build/icyphy/ptII/ptolemy/actor/lib/test/auto/DiscreteClock22.xml
----------------- Instantiating /home/travis/build/icyphy/ptII/ptolemy/actor/lib/test/auto/DiscreteClock22.xml
5 ms. Memory: 522240K Free: 404478K (77%)
----------------- Invoking toplevel() on ptolemy.moml.MoMLSimpleApplication@21c0bebb
----------------- Done invoking toplevel() on ptolemy.moml.MoMLSimpleApplication@21c0bebb
reloadAllAccessors: .DiscreteClock22

===========================================================================================
----------------- testing Mon Dec 23 06:28:29 UTC 2019 /home/travis/build/icyphy/ptII/ptolemy/actor/lib/test/auto/DiscreteClock23.xml
----------------- Instantiating /home/travis/build/icyphy/ptII/ptolemy/actor/lib/test/auto/DiscreteClock23.xml
10 ms. Memory: 522240K Free: 398848K (76%)
----------------- Invoking toplevel() on ptolemy.moml.MoMLSimpleApplication@33985843
----------------- Done invoking toplevel() on ptolemy.moml.MoMLSimpleApplication@33985843
reloadAllAccessors: .DiscreteClock23

===========================================================================================
----------------- testing Mon Dec 23 06:28:29 UTC 2019 /home/travis/build/icyphy/ptII/ptolemy/actor/lib/test/auto/DiscreteClock24.xml
----------------- Instantiating /home/travis/build/icyphy/ptII/ptolemy/actor/lib/test/auto/DiscreteClock24.xml
4 ms. Memory: 522240K Free: 393728K (75%)
----------------- Invoking toplevel() on ptolemy.moml.MoMLSimpleApplication@713d3eba
----------------- Done invoking toplevel() on ptolemy.moml.MoMLSimpleApplication@713d3eba
reloadAllAccessors: .DiscreteClock24

===========================================================================================
----------------- testing Mon Dec 23 06:28:29 UTC 2019 /home/travis/build/icyphy/ptII/ptolemy/actor/lib/test/auto/DiscreteClock4.xml
----------------- Instantiating /home/travis/build/icyphy/ptII/ptolemy/actor/lib/test/auto/DiscreteClock4.xml
4 ms. Memory: 522240K Free: 388094K (74%)
----------------- Invoking toplevel() on ptolemy.moml.MoMLSimpleApplication@4a9b86ab
----------------- Done invoking toplevel() on ptolemy.moml.MoMLSimpleApplication@4a9b86ab
reloadAllAccessors: .DiscreteClock4

===========================================================================================
----------------- testing Mon Dec 23 06:28:29 UTC 2019 /home/travis/build/icyphy/ptII/ptolemy/actor/lib/test/auto/DiscreteClock5.xml
----------------- Instantiating /home/travis/build/icyphy/ptII/ptolemy/actor/lib/test/auto/DiscreteClock5.xml
2 ms. Memory: 522240K Free: 382464K (73%)
----------------- Invoking toplevel() on ptolemy.moml.MoMLSimpleApplication@36b4ca69
----------------- Done invoking toplevel() on ptolemy.moml.MoMLSimpleApplication@36b4ca69
reloadAllAccessors: .DiscreteClock5

===========================================================================================
----------------- testing Mon Dec 23 06:28:29 UTC 2019 /home/travis/build/icyphy/ptII/ptolemy/actor/lib/test/auto/DiscreteClock6.xml
----------------- Instantiating /home/travis/build/icyphy/ptII/ptolemy/actor/lib/test/auto/DiscreteClock6.xml
2 ms. Memory: 522240K Free: 378368K (72%)
----------------- Invoking toplevel() on ptolemy.moml.MoMLSimpleApplication@7ea5762a
----------------- Done invoking toplevel() on ptolemy.moml.MoMLSimpleApplication@7ea5762a
reloadAllAccessors: .DiscreteClock6

===========================================================================================
----------------- testing Mon Dec 23 06:28:29 UTC 2019 /home/travis/build/icyphy/ptII/ptolemy/actor/lib/test/auto/DiscreteClock7.xml
----------------- Instantiating /home/travis/build/icyphy/ptII/ptolemy/actor/lib/test/auto/DiscreteClock7.xml
2 ms. Memory: 522240K Free: 373758K (72%)
----------------- Invoking toplevel() on ptolemy.moml.MoMLSimpleApplication@3d58f88b
----------------- Done invoking toplevel() on ptolemy.moml.MoMLSimpleApplication@3d58f88b
reloadAllAccessors: .DiscreteClock7

===========================================================================================
----------------- testing Mon Dec 23 06:28:29 UTC 2019 /home/travis/build/icyphy/ptII/ptolemy/actor/lib/test/auto/DiscreteClock8.xml
----------------- Instantiating /home/travis/build/icyphy/ptII/ptolemy/actor/lib/test/auto/DiscreteClock8.xml
4 ms. Memory: 522240K Free: 368128K (70%)
----------------- Invoking toplevel() on ptolemy.moml.MoMLSimpleApplication@5f5c2ec2
----------------- Done invoking toplevel() on ptolemy.moml.MoMLSimpleApplication@5f5c2ec2
reloadAllAccessors: .DiscreteClock8

===========================================================================================
----------------- testing Mon Dec 23 06:28:29 UTC 2019 /home/travis/build/icyphy/ptII/ptolemy/actor/lib/test/auto/DiscreteClock9.xml
----------------- Instantiating /home/travis/build/icyphy/ptII/ptolemy/actor/lib/test/auto/DiscreteClock9.xml
4 ms. Memory: 522240K Free: 361984K (69%)
----------------- Invoking toplevel() on ptolemy.moml.MoMLSimpleApplication@4e31c8ca
----------------- Done invoking toplevel() on ptolemy.moml.MoMLSimpleApplication@4e31c8ca
reloadAllAccessors: .DiscreteClock9

===========================================================================================
----------------- testing Mon Dec 23 06:28:29 UTC 2019 /home/travis/build/icyphy/ptII/ptolemy/actor/lib/test/auto/DisplayArray.xml
----------------- Instantiating /home/travis/build/icyphy/ptII/ptolemy/actor/lib/test/auto/DisplayArray.xml
1 ms. Memory: 522240K Free: 358398K (69%)
----------------- Invoking toplevel() on ptolemy.moml.MoMLSimpleApplication@17731f2f
----------------- Done invoking toplevel() on ptolemy.moml.MoMLSimpleApplication@17731f2f
reloadAllAccessors: .DisplayArray

===========================================================================================
----------------- testing Mon Dec 23 06:28:29 UTC 2019 /home/travis/build/icyphy/ptII/ptolemy/actor/lib/test/auto/Distributor.xml
----------------- Instantiating /home/travis/build/icyphy/ptII/ptolemy/actor/lib/test/auto/Distributor.xml
1 ms. Memory: 522240K Free: 353278K (68%)
----------------- Invoking toplevel() on ptolemy.moml.MoMLSimpleApplication@da318bc
----------------- Done invoking toplevel() on ptolemy.moml.MoMLSimpleApplication@da318bc
reloadAllAccessors: .Distributor

===========================================================================================
----------------- testing Mon Dec 23 06:28:29 UTC 2019 /home/travis/build/icyphy/ptII/ptolemy/actor/lib/test/auto/Distributor2.xml
----------------- Instantiating /home/travis/build/icyphy/ptII/ptolemy/actor/lib/test/auto/Distributor2.xml
2 ms. Memory: 522240K Free: 349182K (67%)
----------------- Invoking toplevel() on ptolemy.moml.MoMLSimpleApplication@5cfea810
----------------- Done invoking toplevel() on ptolemy.moml.MoMLSimpleApplication@5cfea810
reloadAllAccessors: .Distributor2

===========================================================================================
----------------- testing Mon Dec 23 06:28:29 UTC 2019 /home/travis/build/icyphy/ptII/ptolemy/actor/lib/test/auto/DownSample.xml
----------------- Instantiating /home/travis/build/icyphy/ptII/ptolemy/actor/lib/test/auto/DownSample.xml
2 ms. Memory: 522240K Free: 344576K (66%)
----------------- Invoking toplevel() on ptolemy.moml.MoMLSimpleApplication@881d482
----------------- Done invoking toplevel() on ptolemy.moml.MoMLSimpleApplication@881d482
reloadAllAccessors: .DownSample

===========================================================================================
----------------- testing Mon Dec 23 06:28:29 UTC 2019 /home/travis/build/icyphy/ptII/ptolemy/actor/lib/test/auto/ElectronicUnitBase1.xml
----------------- Instantiating /home/travis/build/icyphy/ptII/ptolemy/actor/lib/test/auto/ElectronicUnitBase1.xml
15 ms. Memory: 522240K Free: 328702K (63%)
----------------- Invoking toplevel() on ptolemy.moml.MoMLSimpleApplication@2663dbe3
----------------- Done invoking toplevel() on ptolemy.moml.MoMLSimpleApplication@2663dbe3
reloadAllAccessors: .ElectronicUnitBase1

===========================================================================================
----------------- testing Mon Dec 23 06:28:29 UTC 2019 /home/travis/build/icyphy/ptII/ptolemy/actor/lib/test/auto/ElementsToArray.xml
----------------- Instantiating /home/travis/build/icyphy/ptII/ptolemy/actor/lib/test/auto/ElementsToArray.xml
2 ms. Memory: 522240K Free: 323072K (62%)
----------------- Invoking toplevel() on ptolemy.moml.MoMLSimpleApplication@2a18e7aa
----------------- Done invoking toplevel() on ptolemy.moml.MoMLSimpleApplication@2a18e7aa
reloadAllAccessors: .ElementsToArray

===========================================================================================
----------------- testing Mon Dec 23 06:28:29 UTC 2019 /home/travis/build/icyphy/ptII/ptolemy/actor/lib/test/auto/Equals.xml
----------------- Instantiating /home/travis/build/icyphy/ptII/ptolemy/actor/lib/test/auto/Equals.xml
3 ms. Memory: 522240K Free: 318462K (61%)
----------------- Invoking toplevel() on ptolemy.moml.MoMLSimpleApplication@683c71b4
----------------- Done invoking toplevel() on ptolemy.moml.MoMLSimpleApplication@683c71b4
reloadAllAccessors: .Equals

===========================================================================================
----------------- testing Mon Dec 23 06:28:29 UTC 2019 /home/travis/build/icyphy/ptII/ptolemy/actor/lib/test/auto/Exec.xml
----------------- Instantiating /home/travis/build/icyphy/ptII/ptolemy/actor/lib/test/auto/Exec.xml
19 ms. Memory: 522240K Free: 313327K (60%)
----------------- Invoking toplevel() on ptolemy.moml.MoMLSimpleApplication@6ce2fede
----------------- Done invoking toplevel() on ptolemy.moml.MoMLSimpleApplication@6ce2fede
reloadAllAccessors: .Exec

===========================================================================================
----------------- testing Mon Dec 23 06:28:29 UTC 2019 /home/travis/build/icyphy/ptII/ptolemy/actor/lib/test/auto/ExecEnvironment.xml
----------------- Instantiating /home/travis/build/icyphy/ptII/ptolemy/actor/lib/test/auto/ExecEnvironment.xml
24 ms. Memory: 522240K Free: 307712K (59%)
----------------- Invoking toplevel() on ptolemy.moml.MoMLSimpleApplication@220a2653
----------------- Done invoking toplevel() on ptolemy.moml.MoMLSimpleApplication@220a2653
reloadAllAccessors: .ExecEnvironment

===========================================================================================
----------------- testing Mon Dec 23 06:28:29 UTC 2019 /home/travis/build/icyphy/ptII/ptolemy/actor/lib/test/auto/ExecNonZeroReturnOutput.xml
----------------- Instantiating /home/travis/build/icyphy/ptII/ptolemy/actor/lib/test/auto/ExecNonZeroReturnOutput.xml
146 ms. Memory: 522240K Free: 295934K (57%)
----------------- Invoking toplevel() on ptolemy.moml.MoMLSimpleApplication@37a63c2c
----------------- Done invoking toplevel() on ptolemy.moml.MoMLSimpleApplication@37a63c2c
reloadAllAccessors: .ExecNonZeroReturnOutput

===========================================================================================
----------------- testing Mon Dec 23 06:28:30 UTC 2019 /home/travis/build/icyphy/ptII/ptolemy/actor/lib/test/auto/ExecRunDemos.xml
----------------- Instantiating /home/travis/build/icyphy/ptII/ptolemy/actor/lib/test/auto/ExecRunDemos.xml
Finished: 53 ms. Memory: 129024K Free: 113342K (88%)

Finished: 68 ms. Memory: 129024K Free: 110547K (86%)

Finished: 103 ms. Memory: 129024K Free: 110612K (86%)

Finished: 98 ms. Memory: 129024K Free: 112199K (87%)

Finished: 69 ms. Memory: 129024K Free: 112917K (88%)

10420 ms. Memory: 522240K Free: 274942K (53%)
----------------- Invoking toplevel() on ptolemy.moml.MoMLSimpleApplication@4735e070
----------------- Done invoking toplevel() on ptolemy.moml.MoMLSimpleApplication@4735e070
reloadAllAccessors: .ExecRunDemos

===========================================================================================
----------------- testing Mon Dec 23 06:28:40 UTC 2019 /home/travis/build/icyphy/ptII/ptolemy/actor/lib/test/auto/ExecStop.xml
----------------- Instantiating /home/travis/build/icyphy/ptII/ptolemy/actor/lib/test/auto/ExecStop.xml
5021 ms. Memory: 522240K Free: 444416K (85%)
----------------- Invoking toplevel() on ptolemy.moml.MoMLSimpleApplication@6b6edebd
----------------- Done invoking toplevel() on ptolemy.moml.MoMLSimpleApplication@6b6edebd
reloadAllAccessors: .ExecStop

===========================================================================================
----------------- testing Mon Dec 23 06:28:45 UTC 2019 /home/travis/build/icyphy/ptII/ptolemy/actor/lib/test/auto/ExecutionTimeSDF.xml
----------------- Instantiating /home/travis/build/icyphy/ptII/ptolemy/actor/lib/test/auto/ExecutionTimeSDF.xml
Fired ExecutionTime: -573767296
Fired ExecutionTime: 1327200000
Fired ExecutionTime: 1344000000
6006 ms. Memory: 522240K Free: 432128K (83%)
----------------- Invoking toplevel() on ptolemy.moml.MoMLSimpleApplication@39041ce5
----------------- Done invoking toplevel() on ptolemy.moml.MoMLSimpleApplication@39041ce5
reloadAllAccessors: .ExecutionTimeSDF

===========================================================================================
----------------- testing Mon Dec 23 06:28:51 UTC 2019 /home/travis/build/icyphy/ptII/ptolemy/actor/lib/test/auto/Expression1.xml
----------------- Instantiating /home/travis/build/icyphy/ptII/ptolemy/actor/lib/test/auto/Expression1.xml
1 ms. Memory: 522240K Free: 429056K (82%)
----------------- Invoking toplevel() on ptolemy.moml.MoMLSimpleApplication@2373cd93
----------------- Done invoking toplevel() on ptolemy.moml.MoMLSimpleApplication@2373cd93
reloadAllAccessors: .Expression1

===========================================================================================
----------------- testing Mon Dec 23 06:28:51 UTC 2019 /home/travis/build/icyphy/ptII/ptolemy/actor/lib/test/auto/Expression10.xml
----------------- Instantiating /home/travis/build/icyphy/ptII/ptolemy/actor/lib/test/auto/Expression10.xml
17 ms. Memory: 522240K Free: 423422K (81%)
----------------- Invoking toplevel() on ptolemy.moml.MoMLSimpleApplication@75e35f74
----------------- Done invoking toplevel() on ptolemy.moml.MoMLSimpleApplication@75e35f74
reloadAllAccessors: .Expression10

===========================================================================================
----------------- testing Mon Dec 23 06:28:51 UTC 2019 /home/travis/build/icyphy/ptII/ptolemy/actor/lib/test/auto/Expression11.xml
----------------- Instantiating /home/travis/build/icyphy/ptII/ptolemy/actor/lib/test/auto/Expression11.xml
2 ms. Memory: 522240K Free: 418302K (80%)
----------------- Invoking toplevel() on ptolemy.moml.MoMLSimpleApplication@738b238e
----------------- Done invoking toplevel() on ptolemy.moml.MoMLSimpleApplication@738b238e
reloadAllAccessors: .Expression11

===========================================================================================
----------------- testing Mon Dec 23 06:28:51 UTC 2019 /home/travis/build/icyphy/ptII/ptolemy/actor/lib/test/auto/Expression12.xml
----------------- Instantiating /home/travis/build/icyphy/ptII/ptolemy/actor/lib/test/auto/Expression12.xml
2 ms. Memory: 522240K Free: 413182K (79%)
----------------- Invoking toplevel() on ptolemy.moml.MoMLSimpleApplication@1ae0bd92
----------------- Done invoking toplevel() on ptolemy.moml.MoMLSimpleApplication@1ae0bd92
reloadAllAccessors: .Expression12

===========================================================================================
----------------- testing Mon Dec 23 06:28:51 UTC 2019 /home/travis/build/icyphy/ptII/ptolemy/actor/lib/test/auto/Expression13.xml
----------------- Instantiating /home/travis/build/icyphy/ptII/ptolemy/actor/lib/test/auto/Expression13.xml
4 ms. Memory: 522240K Free: 408062K (78%)
----------------- Invoking toplevel() on ptolemy.moml.MoMLSimpleApplication@5e09921f
----------------- Done invoking toplevel() on ptolemy.moml.MoMLSimpleApplication@5e09921f
reloadAllAccessors: .Expression13

===========================================================================================
----------------- testing Mon Dec 23 06:28:51 UTC 2019 /home/travis/build/icyphy/ptII/ptolemy/actor/lib/test/auto/Expression14.xml
----------------- Instantiating /home/travis/build/icyphy/ptII/ptolemy/actor/lib/test/auto/Expression14.xml
6 ms. Memory: 522240K Free: 402432K (77%)
----------------- Invoking toplevel() on ptolemy.moml.MoMLSimpleApplication@7dccf99b
----------------- Done invoking toplevel() on ptolemy.moml.MoMLSimpleApplication@7dccf99b
reloadAllAccessors: .Expression14

===========================================================================================
----------------- testing Mon Dec 23 06:28:51 UTC 2019 /home/travis/build/icyphy/ptII/ptolemy/actor/lib/test/auto/Expression15.xml
----------------- Instantiating /home/travis/build/icyphy/ptII/ptolemy/actor/lib/test/auto/Expression15.xml
1 ms. Memory: 522240K Free: 398336K (76%)
----------------- Invoking toplevel() on ptolemy.moml.MoMLSimpleApplication@5a1d875b
----------------- Done invoking toplevel() on ptolemy.moml.MoMLSimpleApplication@5a1d875b
reloadAllAccessors: .Expression15

===========================================================================================
----------------- testing Mon Dec 23 06:28:51 UTC 2019 /home/travis/build/icyphy/ptII/ptolemy/actor/lib/test/auto/Expression16.xml
----------------- Instantiating /home/travis/build/icyphy/ptII/ptolemy/actor/lib/test/auto/Expression16.xml
4 ms. Memory: 522240K Free: 393726K (75%)
----------------- Invoking toplevel() on ptolemy.moml.MoMLSimpleApplication@a037ed7
----------------- Done invoking toplevel() on ptolemy.moml.MoMLSimpleApplication@a037ed7
reloadAllAccessors: .Expression16

===========================================================================================
----------------- testing Mon Dec 23 06:28:51 UTC 2019 /home/travis/build/icyphy/ptII/ptolemy/actor/lib/test/auto/Expression17.xml
----------------- Instantiating /home/travis/build/icyphy/ptII/ptolemy/actor/lib/test/auto/Expression17.xml
3 ms. Memory: 522240K Free: 388606K (74%)
----------------- Invoking toplevel() on ptolemy.moml.MoMLSimpleApplication@7b737e32
----------------- Done invoking toplevel() on ptolemy.moml.MoMLSimpleApplication@7b737e32
reloadAllAccessors: .Expression17

===========================================================================================
----------------- testing Mon Dec 23 06:28:51 UTC 2019 /home/travis/build/icyphy/ptII/ptolemy/actor/lib/test/auto/Expression18.xml
----------------- Instantiating /home/travis/build/icyphy/ptII/ptolemy/actor/lib/test/auto/Expression18.xml
3 ms. Memory: 522240K Free: 383486K (73%)
----------------- Invoking toplevel() on ptolemy.moml.MoMLSimpleApplication@2cd09e80
----------------- Done invoking toplevel() on ptolemy.moml.MoMLSimpleApplication@2cd09e80
reloadAllAccessors: .Expression18

===========================================================================================
----------------- testing Mon Dec 23 06:28:51 UTC 2019 /home/travis/build/icyphy/ptII/ptolemy/actor/lib/test/auto/Expression2.xml
----------------- Instantiating /home/travis/build/icyphy/ptII/ptolemy/actor/lib/test/auto/Expression2.xml
4 ms. Memory: 522240K Free: 378880K (73%)
----------------- Invoking toplevel() on ptolemy.moml.MoMLSimpleApplication@423f0e05
----------------- Done invoking toplevel() on ptolemy.moml.MoMLSimpleApplication@423f0e05
reloadAllAccessors: .Expression2

===========================================================================================
----------------- testing Mon Dec 23 06:28:51 UTC 2019 /home/travis/build/icyphy/ptII/ptolemy/actor/lib/test/auto/Expression3.xml
----------------- Instantiating /home/travis/build/icyphy/ptII/ptolemy/actor/lib/test/auto/Expression3.xml
5 ms. Memory: 522240K Free: 373760K (72%)
----------------- Invoking toplevel() on ptolemy.moml.MoMLSimpleApplication@1fd79ac5
----------------- Done invoking toplevel() on ptolemy.moml.MoMLSimpleApplication@1fd79ac5
reloadAllAccessors: .Expression3

===========================================================================================
----------------- testing Mon Dec 23 06:28:51 UTC 2019 /home/travis/build/icyphy/ptII/ptolemy/actor/lib/test/auto/Expression4.xml
----------------- Instantiating /home/travis/build/icyphy/ptII/ptolemy/actor/lib/test/auto/Expression4.xml
5 ms. Memory: 522240K Free: 366592K (70%)
----------------- Invoking toplevel() on ptolemy.moml.MoMLSimpleApplication@34223bbe
----------------- Done invoking toplevel() on ptolemy.moml.MoMLSimpleApplication@34223bbe
reloadAllAccessors: .Expression4

===========================================================================================
----------------- testing Mon Dec 23 06:28:51 UTC 2019 /home/travis/build/icyphy/ptII/ptolemy/actor/lib/test/auto/Expression5.xml
----------------- Instantiating /home/travis/build/icyphy/ptII/ptolemy/actor/lib/test/auto/Expression5.xml
3 ms. Memory: 522240K Free: 361472K (69%)
----------------- Invoking toplevel() on ptolemy.moml.MoMLSimpleApplication@52d54437
----------------- Done invoking toplevel() on ptolemy.moml.MoMLSimpleApplication@52d54437
reloadAllAccessors: .Expression5

===========================================================================================
----------------- testing Mon Dec 23 06:28:51 UTC 2019 /home/travis/build/icyphy/ptII/ptolemy/actor/lib/test/auto/Expression6.xml
----------------- Instantiating /home/travis/build/icyphy/ptII/ptolemy/actor/lib/test/auto/Expression6.xml
2 ms. Memory: 522240K Free: 356862K (68%)
----------------- Invoking toplevel() on ptolemy.moml.MoMLSimpleApplication@43d5b0ec
----------------- Done invoking toplevel() on ptolemy.moml.MoMLSimpleApplication@43d5b0ec
reloadAllAccessors: .Expression6

===========================================================================================
----------------- testing Mon Dec 23 06:28:51 UTC 2019 /home/travis/build/icyphy/ptII/ptolemy/actor/lib/test/auto/Expression7.xml
----------------- Instantiating /home/travis/build/icyphy/ptII/ptolemy/actor/lib/test/auto/Expression7.xml
2 ms. Memory: 522240K Free: 352256K (67%)
----------------- Invoking toplevel() on ptolemy.moml.MoMLSimpleApplication@40e0a5e6
----------------- Done invoking toplevel() on ptolemy.moml.MoMLSimpleApplication@40e0a5e6
reloadAllAccessors: .Expression7

===========================================================================================
----------------- testing Mon Dec 23 06:28:52 UTC 2019 /home/travis/build/icyphy/ptII/ptolemy/actor/lib/test/auto/Expression8.xml
----------------- Instantiating /home/travis/build/icyphy/ptII/ptolemy/actor/lib/test/auto/Expression8.xml
7 ms. Memory: 522240K Free: 347136K (66%)
----------------- Invoking toplevel() on ptolemy.moml.MoMLSimpleApplication@7d8f5254
----------------- Done invoking toplevel() on ptolemy.moml.MoMLSimpleApplication@7d8f5254
reloadAllAccessors: .Expression8

===========================================================================================
----------------- testing Mon Dec 23 06:28:52 UTC 2019 /home/travis/build/icyphy/ptII/ptolemy/actor/lib/test/auto/Expression9.xml
----------------- Instantiating /home/travis/build/icyphy/ptII/ptolemy/actor/lib/test/auto/Expression9.xml
1 ms. Memory: 522240K Free: 343040K (66%)
----------------- Invoking toplevel() on ptolemy.moml.MoMLSimpleApplication@7e00fde0
----------------- Done invoking toplevel() on ptolemy.moml.MoMLSimpleApplication@7e00fde0
reloadAllAccessors: .Expression9

===========================================================================================
----------------- testing Mon Dec 23 06:28:52 UTC 2019 /home/travis/build/icyphy/ptII/ptolemy/actor/lib/test/auto/ExpressionConcatenateArrayType.xml
----------------- Instantiating /home/travis/build/icyphy/ptII/ptolemy/actor/lib/test/auto/ExpressionConcatenateArrayType.xml
2 ms. Memory: 522240K Free: 336896K (65%)
----------------- Invoking toplevel() on ptolemy.moml.MoMLSimpleApplication@3ef22959
----------------- Done invoking toplevel() on ptolemy.moml.MoMLSimpleApplication@3ef22959
reloadAllAccessors: .ExpressionConcatenateArrayType

===========================================================================================
----------------- testing Mon Dec 23 06:28:52 UTC 2019 /home/travis/build/icyphy/ptII/ptolemy/actor/lib/test/auto/ExpressionConcatenateArrayType2.xml
----------------- Instantiating /home/travis/build/icyphy/ptII/ptolemy/actor/lib/test/auto/ExpressionConcatenateArrayType2.xml
2 ms. Memory: 522240K Free: 331262K (63%)
----------------- Invoking toplevel() on ptolemy.moml.MoMLSimpleApplication@3a09cfed
----------------- Done invoking toplevel() on ptolemy.moml.MoMLSimpleApplication@3a09cfed
reloadAllAccessors: .ExpressionConcatenateArrayType2

===========================================================================================
----------------- testing Mon Dec 23 06:28:52 UTC 2019 /home/travis/build/icyphy/ptII/ptolemy/actor/lib/test/auto/ExpressionFix.xml
----------------- Instantiating /home/travis/build/icyphy/ptII/ptolemy/actor/lib/test/auto/ExpressionFix.xml
21 ms. Memory: 522240K Free: 325118K (62%)
----------------- Invoking toplevel() on ptolemy.moml.MoMLSimpleApplication@5c830de8
----------------- Done invoking toplevel() on ptolemy.moml.MoMLSimpleApplication@5c830de8
reloadAllAccessors: .ExpressionFix

===========================================================================================
----------------- testing Mon Dec 23 06:28:52 UTC 2019 /home/travis/build/icyphy/ptII/ptolemy/actor/lib/test/auto/ExpressionFix2.xml
----------------- Instantiating /home/travis/build/icyphy/ptII/ptolemy/actor/lib/test/auto/ExpressionFix2.xml
3 ms. Memory: 522240K Free: 321022K (61%)
----------------- Invoking toplevel() on ptolemy.moml.MoMLSimpleApplication@61429111
----------------- Done invoking toplevel() on ptolemy.moml.MoMLSimpleApplication@61429111
reloadAllAccessors: .ExpressionFix2

===========================================================================================
----------------- testing Mon Dec 23 06:28:52 UTC 2019 /home/travis/build/icyphy/ptII/ptolemy/actor/lib/test/auto/ExpressionFix3.xml
----------------- Instantiating /home/travis/build/icyphy/ptII/ptolemy/actor/lib/test/auto/ExpressionFix3.xml
2 ms. Memory: 522240K Free: 316416K (61%)
----------------- Invoking toplevel() on ptolemy.moml.MoMLSimpleApplication@3a795192
----------------- Done invoking toplevel() on ptolemy.moml.MoMLSimpleApplication@3a795192
reloadAllAccessors: .ExpressionFix3

===========================================================================================
----------------- testing Mon Dec 23 06:28:52 UTC 2019 /home/travis/build/icyphy/ptII/ptolemy/actor/lib/test/auto/FileWriter1.xml
----------------- Instantiating /home/travis/build/icyphy/ptII/ptolemy/actor/lib/test/auto/FileWriter1.xml
3 ms. Memory: 522240K Free: 312830K (60%)
----------------- Invoking toplevel() on ptolemy.moml.MoMLSimpleApplication@62db12f9
----------------- Done invoking toplevel() on ptolemy.moml.MoMLSimpleApplication@62db12f9
reloadAllAccessors: .FileWriter1

===========================================================================================
----------------- testing Mon Dec 23 06:28:52 UTC 2019 /home/travis/build/icyphy/ptII/ptolemy/actor/lib/test/auto/FileWriter2.xml
----------------- Instantiating /home/travis/build/icyphy/ptII/ptolemy/actor/lib/test/auto/FileWriter2.xml
5 ms. Memory: 522240K Free: 308224K (59%)
----------------- Invoking toplevel() on ptolemy.moml.MoMLSimpleApplication@542033dc
----------------- Done invoking toplevel() on ptolemy.moml.MoMLSimpleApplication@542033dc
reloadAllAccessors: .FileWriter2

===========================================================================================
----------------- testing Mon Dec 23 06:28:52 UTC 2019 /home/travis/build/icyphy/ptII/ptolemy/actor/lib/test/auto/FileWriter3.xml
----------------- Instantiating /home/travis/build/icyphy/ptII/ptolemy/actor/lib/test/auto/FileWriter3.xml
1 ms. Memory: 522240K Free: 304128K (58%)
----------------- Invoking toplevel() on ptolemy.moml.MoMLSimpleApplication@4391203b
----------------- Done invoking toplevel() on ptolemy.moml.MoMLSimpleApplication@4391203b
reloadAllAccessors: .FileWriter3

===========================================================================================
----------------- testing Mon Dec 23 06:28:52 UTC 2019 /home/travis/build/icyphy/ptII/ptolemy/actor/lib/test/auto/Gaussian.xml
----------------- Instantiating /home/travis/build/icyphy/ptII/ptolemy/actor/lib/test/auto/Gaussian.xml
3 ms. Memory: 522240K Free: 300032K (57%)
----------------- Invoking toplevel() on ptolemy.moml.MoMLSimpleApplication@1e9aa104
----------------- Done invoking toplevel() on ptolemy.moml.MoMLSimpleApplication@1e9aa104
reloadAllAccessors: .Gaussian

===========================================================================================
----------------- testing Mon Dec 23 06:28:52 UTC 2019 /home/travis/build/icyphy/ptII/ptolemy/actor/lib/test/auto/Gaussian1.xml
----------------- Instantiating /home/travis/build/icyphy/ptII/ptolemy/actor/lib/test/auto/Gaussian1.xml
9 ms. Memory: 522240K Free: 294383K (56%)
----------------- Invoking toplevel() on ptolemy.moml.MoMLSimpleApplication@78533760
----------------- Done invoking toplevel() on ptolemy.moml.MoMLSimpleApplication@78533760
reloadAllAccessors: .Gaussian1

===========================================================================================
----------------- testing Mon Dec 23 06:28:52 UTC 2019 /home/travis/build/icyphy/ptII/ptolemy/actor/lib/test/auto/Gaussian2.xml
----------------- Instantiating /home/travis/build/icyphy/ptII/ptolemy/actor/lib/test/auto/Gaussian2.xml
2 ms. Memory: 522240K Free: 288768K (55%)
----------------- Invoking toplevel() on ptolemy.moml.MoMLSimpleApplication@39c16fba
----------------- Done invoking toplevel() on ptolemy.moml.MoMLSimpleApplication@39c16fba
reloadAllAccessors: .Gaussian2

===========================================================================================
----------------- testing Mon Dec 23 06:28:52 UTC 2019 /home/travis/build/icyphy/ptII/ptolemy/actor/lib/test/auto/GradientAdaptiveLattice.xml
----------------- Instantiating /home/travis/build/icyphy/ptII/ptolemy/actor/lib/test/auto/GradientAdaptiveLattice.xml
2 ms. Memory: 522240K Free: 284158K (54%)
----------------- Invoking toplevel() on ptolemy.moml.MoMLSimpleApplication@26362e96
----------------- Done invoking toplevel() on ptolemy.moml.MoMLSimpleApplication@26362e96
reloadAllAccessors: .GradientAdaptiveLattice

===========================================================================================
----------------- testing Mon Dec 23 06:28:52 UTC 2019 /home/travis/build/icyphy/ptII/ptolemy/actor/lib/test/auto/IIR.xml
----------------- Instantiating /home/travis/build/icyphy/ptII/ptolemy/actor/lib/test/auto/IIR.xml
1 ms. Memory: 522240K Free: 279552K (54%)
----------------- Invoking toplevel() on ptolemy.moml.MoMLSimpleApplication@117882fd
----------------- Done invoking toplevel() on ptolemy.moml.MoMLSimpleApplication@117882fd
reloadAllAccessors: .IIR

===========================================================================================
----------------- testing Mon Dec 23 06:28:52 UTC 2019 /home/travis/build/icyphy/ptII/ptolemy/actor/lib/test/auto/InputOutputTransparentPorts.xml
----------------- Instantiating /home/travis/build/icyphy/ptII/ptolemy/actor/lib/test/auto/InputOutputTransparentPorts.xml
2 ms. Memory: 522240K Free: 271870K (52%)
----------------- Invoking toplevel() on ptolemy.moml.MoMLSimpleApplication@372cf6c7
----------------- Done invoking toplevel() on ptolemy.moml.MoMLSimpleApplication@372cf6c7
reloadAllAccessors: .InputOutputTransparentPorts

===========================================================================================
----------------- testing Mon Dec 23 06:28:52 UTC 2019 /home/travis/build/icyphy/ptII/ptolemy/actor/lib/test/auto/Interpolator.xml
----------------- Instantiating /home/travis/build/icyphy/ptII/ptolemy/actor/lib/test/auto/Interpolator.xml
5 ms. Memory: 522240K Free: 267774K (51%)
----------------- Invoking toplevel() on ptolemy.moml.MoMLSimpleApplication@613b5ba
----------------- Done invoking toplevel() on ptolemy.moml.MoMLSimpleApplication@613b5ba
reloadAllAccessors: .Interpolator

===========================================================================================
----------------- testing Mon Dec 23 06:28:52 UTC 2019 /home/travis/build/icyphy/ptII/ptolemy/actor/lib/test/auto/InterpolatorFiringLimitDE.xml
----------------- Instantiating /home/travis/build/icyphy/ptII/ptolemy/actor/lib/test/auto/InterpolatorFiringLimitDE.xml
2 ms. Memory: 522240K Free: 261630K (50%)
----------------- Invoking toplevel() on ptolemy.moml.MoMLSimpleApplication@360d1e23
----------------- Done invoking toplevel() on ptolemy.moml.MoMLSimpleApplication@360d1e23
reloadAllAccessors: .InterpolatorFiringLimitDE

===========================================================================================
----------------- testing Mon Dec 23 06:28:52 UTC 2019 /home/travis/build/icyphy/ptII/ptolemy/actor/lib/test/auto/Lattice.xml
----------------- Instantiating /home/travis/build/icyphy/ptII/ptolemy/actor/lib/test/auto/Lattice.xml
1 ms. Memory: 522240K Free: 258048K (49%)
----------------- Invoking toplevel() on ptolemy.moml.MoMLSimpleApplication@3730720f
----------------- Done invoking toplevel() on ptolemy.moml.MoMLSimpleApplication@3730720f
reloadAllAccessors: .Lattice

===========================================================================================
----------------- testing Mon Dec 23 06:28:52 UTC 2019 /home/travis/build/icyphy/ptII/ptolemy/actor/lib/test/auto/LazyAOCTestLazy.xml
----------------- Instantiating /home/travis/build/icyphy/ptII/ptolemy/actor/lib/test/auto/LazyAOCTestLazy.xml
18 ms. Memory: 522240K Free: 251904K (48%)
----------------- Invoking toplevel() on ptolemy.moml.MoMLSimpleApplication@10f330d3
----------------- Done invoking toplevel() on ptolemy.moml.MoMLSimpleApplication@10f330d3
reloadAllAccessors: .LazyAOCTestLazy

===========================================================================================
----------------- testing Mon Dec 23 06:28:52 UTC 2019 /home/travis/build/icyphy/ptII/ptolemy/actor/lib/test/auto/LazyAOCTestNonLazy.xml
----------------- Instantiating /home/travis/build/icyphy/ptII/ptolemy/actor/lib/test/auto/LazyAOCTestNonLazy.xml
3 ms. Memory: 522240K Free: 245760K (47%)
----------------- Invoking toplevel() on ptolemy.moml.MoMLSimpleApplication@70ce8937
----------------- Done invoking toplevel() on ptolemy.moml.MoMLSimpleApplication@70ce8937
reloadAllAccessors: .LazyAOCTestNonLazy

===========================================================================================
----------------- testing Mon Dec 23 06:28:52 UTC 2019 /home/travis/build/icyphy/ptII/ptolemy/actor/lib/test/auto/LazyInnerClass.xml
----------------- Instantiating /home/travis/build/icyphy/ptII/ptolemy/actor/lib/test/auto/LazyInnerClass.xml
20 ms. Memory: 522240K Free: 237023K (45%)
----------------- Invoking toplevel() on ptolemy.moml.MoMLSimpleApplication@63829a
----------------- Done invoking toplevel() on ptolemy.moml.MoMLSimpleApplication@63829a
reloadAllAccessors: .LazyInnerClass

===========================================================================================
----------------- testing Mon Dec 23 06:28:52 UTC 2019 /home/travis/build/icyphy/ptII/ptolemy/actor/lib/test/auto/LazyPubSub.xml
----------------- Instantiating /home/travis/build/icyphy/ptII/ptolemy/actor/lib/test/auto/LazyPubSub.xml
21 ms. Memory: 522240K Free: 227328K (44%)
----------------- Invoking toplevel() on ptolemy.moml.MoMLSimpleApplication@73493a14
----------------- Done invoking toplevel() on ptolemy.moml.MoMLSimpleApplication@73493a14
reloadAllAccessors: .LazyPubSub

===========================================================================================
----------------- testing Mon Dec 23 06:28:52 UTC 2019 /home/travis/build/icyphy/ptII/ptolemy/actor/lib/test/auto/LazyPubSub2.xml
----------------- Instantiating /home/travis/build/icyphy/ptII/ptolemy/actor/lib/test/auto/LazyPubSub2.xml
18 ms. Memory: 522240K Free: 217598K (42%)
----------------- Invoking toplevel() on ptolemy.moml.MoMLSimpleApplication@721841dd
----------------- Done invoking toplevel() on ptolemy.moml.MoMLSimpleApplication@721841dd
reloadAllAccessors: .LazyPubSub2

===========================================================================================
----------------- testing Mon Dec 23 06:28:52 UTC 2019 /home/travis/build/icyphy/ptII/ptolemy/actor/lib/test/auto/LazyPubSub3.xml
----------------- Instantiating /home/travis/build/icyphy/ptII/ptolemy/actor/lib/test/auto/LazyPubSub3.xml
10 ms. Memory: 522240K Free: 207358K (40%)
----------------- Invoking toplevel() on ptolemy.moml.MoMLSimpleApplication@23dfd9
----------------- Done invoking toplevel() on ptolemy.moml.MoMLSimpleApplication@23dfd9
reloadAllAccessors: .LazyPubSub3

===========================================================================================
----------------- testing Mon Dec 23 06:28:52 UTC 2019 /home/travis/build/icyphy/ptII/ptolemy/actor/lib/test/auto/LazySubClassModel.xml
----------------- Instantiating /home/travis/build/icyphy/ptII/ptolemy/actor/lib/test/auto/LazySubClassModel.xml
2 ms. Memory: 522240K Free: 198656K (38%)
----------------- Invoking toplevel() on ptolemy.moml.MoMLSimpleApplication@3042b19b
----------------- Done invoking toplevel() on ptolemy.moml.MoMLSimpleApplication@3042b19b
reloadAllAccessors: .LazySubClassModel

===========================================================================================
----------------- testing Mon Dec 23 06:28:52 UTC 2019 /home/travis/build/icyphy/ptII/ptolemy/actor/lib/test/auto/LevelCrossTest1.xml
----------------- Instantiating /home/travis/build/icyphy/ptII/ptolemy/actor/lib/test/auto/LevelCrossTest1.xml
1 ms. Memory: 522240K Free: 193022K (37%)
----------------- Invoking toplevel() on ptolemy.moml.MoMLSimpleApplication@30b3402e
----------------- Done invoking toplevel() on ptolemy.moml.MoMLSimpleApplication@30b3402e
reloadAllAccessors: .broken

===========================================================================================
----------------- testing Mon Dec 23 06:28:52 UTC 2019 /home/travis/build/icyphy/ptII/ptolemy/actor/lib/test/auto/LevelCrossTest10.xml
----------------- Instantiating /home/travis/build/icyphy/ptII/ptolemy/actor/lib/test/auto/LevelCrossTest10.xml
1 ms. Memory: 522240K Free: 185344K (35%)
----------------- Invoking toplevel() on ptolemy.moml.MoMLSimpleApplication@b1a8c41
----------------- Done invoking toplevel() on ptolemy.moml.MoMLSimpleApplication@b1a8c41
reloadAllAccessors: .LevelCrossTest10

===========================================================================================
----------------- testing Mon Dec 23 06:28:52 UTC 2019 /home/travis/build/icyphy/ptII/ptolemy/actor/lib/test/auto/LevelCrossTest11.xml
----------------- Instantiating /home/travis/build/icyphy/ptII/ptolemy/actor/lib/test/auto/LevelCrossTest11.xml
1 ms. Memory: 522240K Free: 178686K (34%)
----------------- Invoking toplevel() on ptolemy.moml.MoMLSimpleApplication@67f5122e
----------------- Done invoking toplevel() on ptolemy.moml.MoMLSimpleApplication@67f5122e
reloadAllAccessors: .LevelCrossTest11

===========================================================================================
----------------- testing Mon Dec 23 06:28:52 UTC 2019 /home/travis/build/icyphy/ptII/ptolemy/actor/lib/test/auto/LevelCrossTest12.xml
----------------- Instantiating /home/travis/build/icyphy/ptII/ptolemy/actor/lib/test/auto/LevelCrossTest12.xml
1 ms. Memory: 522240K Free: 171008K (33%)
----------------- Invoking toplevel() on ptolemy.moml.MoMLSimpleApplication@1b087b24
----------------- Done invoking toplevel() on ptolemy.moml.MoMLSimpleApplication@1b087b24
reloadAllAccessors: .LevelCrossTest12

===========================================================================================
----------------- testing Mon Dec 23 06:28:52 UTC 2019 /home/travis/build/icyphy/ptII/ptolemy/actor/lib/test/auto/LevelCrossTest13.xml
----------------- Instantiating /home/travis/build/icyphy/ptII/ptolemy/actor/lib/test/auto/LevelCrossTest13.xml
3 ms. Memory: 522240K Free: 466944K (89%)
----------------- Invoking toplevel() on ptolemy.moml.MoMLSimpleApplication@2a00a7fd
----------------- Done invoking toplevel() on ptolemy.moml.MoMLSimpleApplication@2a00a7fd
reloadAllAccessors: .LevelCrossTest13

===========================================================================================
----------------- testing Mon Dec 23 06:28:52 UTC 2019 /home/travis/build/icyphy/ptII/ptolemy/actor/lib/test/auto/LevelCrossTest2.xml
----------------- Instantiating /home/travis/build/icyphy/ptII/ptolemy/actor/lib/test/auto/LevelCrossTest2.xml
2 ms. Memory: 522240K Free: 461824K (88%)
----------------- Invoking toplevel() on ptolemy.moml.MoMLSimpleApplication@5414262a
----------------- Done invoking toplevel() on ptolemy.moml.MoMLSimpleApplication@5414262a
reloadAllAccessors: .broken

===========================================================================================
----------------- testing Mon Dec 23 06:28:52 UTC 2019 /home/travis/build/icyphy/ptII/ptolemy/actor/lib/test/auto/LevelCrossTest3.xml
----------------- Instantiating /home/travis/build/icyphy/ptII/ptolemy/actor/lib/test/auto/LevelCrossTest3.xml
2 ms. Memory: 522240K Free: 455680K (87%)
----------------- Invoking toplevel() on ptolemy.moml.MoMLSimpleApplication@54ff54a2
----------------- Done invoking toplevel() on ptolemy.moml.MoMLSimpleApplication@54ff54a2
reloadAllAccessors: .LevelCrossTest3

===========================================================================================
----------------- testing Mon Dec 23 06:28:52 UTC 2019 /home/travis/build/icyphy/ptII/ptolemy/actor/lib/test/auto/LevelCrossTest4.xml
----------------- Instantiating /home/travis/build/icyphy/ptII/ptolemy/actor/lib/test/auto/LevelCrossTest4.xml
2 ms. Memory: 522240K Free: 450046K (86%)
----------------- Invoking toplevel() on ptolemy.moml.MoMLSimpleApplication@344bc99f
----------------- Done invoking toplevel() on ptolemy.moml.MoMLSimpleApplication@344bc99f
reloadAllAccessors: .broken

===========================================================================================
----------------- testing Mon Dec 23 06:28:52 UTC 2019 /home/travis/build/icyphy/ptII/ptolemy/actor/lib/test/auto/LevelCrossTest5.xml
----------------- Instantiating /home/travis/build/icyphy/ptII/ptolemy/actor/lib/test/auto/LevelCrossTest5.xml
1 ms. Memory: 522240K Free: 442878K (85%)
----------------- Invoking toplevel() on ptolemy.moml.MoMLSimpleApplication@74bbae7a
----------------- Done invoking toplevel() on ptolemy.moml.MoMLSimpleApplication@74bbae7a
reloadAllAccessors: .LevelCrossTest5

===========================================================================================
----------------- testing Mon Dec 23 06:28:52 UTC 2019 /home/travis/build/icyphy/ptII/ptolemy/actor/lib/test/auto/LevelCrossTest6.xml
----------------- Instantiating /home/travis/build/icyphy/ptII/ptolemy/actor/lib/test/auto/LevelCrossTest6.xml
15 ms. Memory: 522240K Free: 435710K (83%)
----------------- Invoking toplevel() on ptolemy.moml.MoMLSimpleApplication@41ae6ed7
----------------- Done invoking toplevel() on ptolemy.moml.MoMLSimpleApplication@41ae6ed7
reloadAllAccessors: .LevelCrossTest6

===========================================================================================
----------------- testing Mon Dec 23 06:28:52 UTC 2019 /home/travis/build/icyphy/ptII/ptolemy/actor/lib/test/auto/LevelCrossTest7.xml
----------------- Instantiating /home/travis/build/icyphy/ptII/ptolemy/actor/lib/test/auto/LevelCrossTest7.xml
1 ms. Memory: 522240K Free: 428032K (82%)
----------------- Invoking toplevel() on ptolemy.moml.MoMLSimpleApplication@6d2f02bf
----------------- Done invoking toplevel() on ptolemy.moml.MoMLSimpleApplication@6d2f02bf
reloadAllAccessors: .LevelCrossTest7

===========================================================================================
----------------- testing Mon Dec 23 06:28:52 UTC 2019 /home/travis/build/icyphy/ptII/ptolemy/actor/lib/test/auto/LevelCrossTest8.xml
----------------- Instantiating /home/travis/build/icyphy/ptII/ptolemy/actor/lib/test/auto/LevelCrossTest8.xml
1 ms. Memory: 522240K Free: 420864K (81%)
----------------- Invoking toplevel() on ptolemy.moml.MoMLSimpleApplication@3e0b439a
----------------- Done invoking toplevel() on ptolemy.moml.MoMLSimpleApplication@3e0b439a
reloadAllAccessors: .LevelCrossTest8

===========================================================================================
----------------- testing Mon Dec 23 06:28:52 UTC 2019 /home/travis/build/icyphy/ptII/ptolemy/actor/lib/test/auto/LevelCrossTest9.xml
----------------- Instantiating /home/travis/build/icyphy/ptII/ptolemy/actor/lib/test/auto/LevelCrossTest9.xml
1 ms. Memory: 522240K Free: 414206K (79%)
----------------- Invoking toplevel() on ptolemy.moml.MoMLSimpleApplication@624c4048
----------------- Done invoking toplevel() on ptolemy.moml.MoMLSimpleApplication@624c4048
reloadAllAccessors: .LevelCrossTest9

===========================================================================================
----------------- testing Mon Dec 23 06:28:52 UTC 2019 /home/travis/build/icyphy/ptII/ptolemy/actor/lib/test/auto/LevinsonDurbin.xml
----------------- Instantiating /home/travis/build/icyphy/ptII/ptolemy/actor/lib/test/auto/LevinsonDurbin.xml
2 ms. Memory: 522240K Free: 410110K (79%)
----------------- Invoking toplevel() on ptolemy.moml.MoMLSimpleApplication@2ba5f75f
----------------- Done invoking toplevel() on ptolemy.moml.MoMLSimpleApplication@2ba5f75f
reloadAllAccessors: .LevinsonDurbin

===========================================================================================
----------------- testing Mon Dec 23 06:28:52 UTC 2019 /home/travis/build/icyphy/ptII/ptolemy/actor/lib/test/auto/LevinsonDurbin2.xml
----------------- Instantiating /home/travis/build/icyphy/ptII/ptolemy/actor/lib/test/auto/LevinsonDurbin2.xml
1 ms. Memory: 522240K Free: 406014K (78%)
----------------- Invoking toplevel() on ptolemy.moml.MoMLSimpleApplication@8169a61
----------------- Done invoking toplevel() on ptolemy.moml.MoMLSimpleApplication@8169a61
reloadAllAccessors: .LevinsonDurbin2

===========================================================================================
----------------- testing Mon Dec 23 06:28:52 UTC 2019 /home/travis/build/icyphy/ptII/ptolemy/actor/lib/test/auto/LevinsonDurbin3.xml
----------------- Instantiating /home/travis/build/icyphy/ptII/ptolemy/actor/lib/test/auto/LevinsonDurbin3.xml
2 ms. Memory: 522240K Free: 401918K (77%)
----------------- Invoking toplevel() on ptolemy.moml.MoMLSimpleApplication@5c8374
----------------- Done invoking toplevel() on ptolemy.moml.MoMLSimpleApplication@5c8374
reloadAllAccessors: .LevinsonDurbin3

===========================================================================================
----------------- testing Mon Dec 23 06:28:53 UTC 2019 /home/travis/build/icyphy/ptII/ptolemy/actor/lib/test/auto/Limiter.xml
----------------- Instantiating /home/travis/build/icyphy/ptII/ptolemy/actor/lib/test/auto/Limiter.xml
4 ms. Memory: 522240K Free: 393216K (75%)
----------------- Invoking toplevel() on ptolemy.moml.MoMLSimpleApplication@4dd12ed5
----------------- Done invoking toplevel() on ptolemy.moml.MoMLSimpleApplication@4dd12ed5
reloadAllAccessors: .Limiter

===========================================================================================
----------------- testing Mon Dec 23 06:28:53 UTC 2019 /home/travis/build/icyphy/ptII/ptolemy/actor/lib/test/auto/LinearDifferenceEquationSystem.xml
----------------- Instantiating /home/travis/build/icyphy/ptII/ptolemy/actor/lib/test/auto/LinearDifferenceEquationSystem.xml
4 ms. Memory: 522240K Free: 386048K (74%)
----------------- Invoking toplevel() on ptolemy.moml.MoMLSimpleApplication@1fef45cc
----------------- Done invoking toplevel() on ptolemy.moml.MoMLSimpleApplication@1fef45cc
reloadAllAccessors: .LinearDifferenceEquationSystem

===========================================================================================
----------------- testing Mon Dec 23 06:28:53 UTC 2019 /home/travis/build/icyphy/ptII/ptolemy/actor/lib/test/auto/LookupTable.xml
----------------- Instantiating /home/travis/build/icyphy/ptII/ptolemy/actor/lib/test/auto/LookupTable.xml
1 ms. Memory: 522240K Free: 381438K (73%)
----------------- Invoking toplevel() on ptolemy.moml.MoMLSimpleApplication@5c539662
----------------- Done invoking toplevel() on ptolemy.moml.MoMLSimpleApplication@5c539662
reloadAllAccessors: .LookupTable

===========================================================================================
----------------- testing Mon Dec 23 06:28:53 UTC 2019 /home/travis/build/icyphy/ptII/ptolemy/actor/lib/test/auto/MathFunction.xml
----------------- Instantiating /home/travis/build/icyphy/ptII/ptolemy/actor/lib/test/auto/MathFunction.xml
2 ms. Memory: 522240K Free: 373246K (71%)
----------------- Invoking toplevel() on ptolemy.moml.MoMLSimpleApplication@6100ec22
----------------- Done invoking toplevel() on ptolemy.moml.MoMLSimpleApplication@6100ec22
reloadAllAccessors: .MathFunction

===========================================================================================
----------------- testing Mon Dec 23 06:28:53 UTC 2019 /home/travis/build/icyphy/ptII/ptolemy/actor/lib/test/auto/MathFunction2.xml
----------------- Instantiating /home/travis/build/icyphy/ptII/ptolemy/actor/lib/test/auto/MathFunction2.xml
4 ms. Memory: 522240K Free: 369664K (71%)
----------------- Invoking toplevel() on ptolemy.moml.MoMLSimpleApplication@12538d2e
----------------- Done invoking toplevel() on ptolemy.moml.MoMLSimpleApplication@12538d2e
reloadAllAccessors: .MathFunction2

===========================================================================================
----------------- testing Mon Dec 23 06:28:53 UTC 2019 /home/travis/build/icyphy/ptII/ptolemy/actor/lib/test/auto/MathFunction3.xml
----------------- Instantiating /home/travis/build/icyphy/ptII/ptolemy/actor/lib/test/auto/MathFunction3.xml
6 ms. Memory: 522240K Free: 362496K (69%)
----------------- Invoking toplevel() on ptolemy.moml.MoMLSimpleApplication@304359f3
----------------- Done invoking toplevel() on ptolemy.moml.MoMLSimpleApplication@304359f3
reloadAllAccessors: .MathFunction3

===========================================================================================
----------------- testing Mon Dec 23 06:28:53 UTC 2019 /home/travis/build/icyphy/ptII/ptolemy/actor/lib/test/auto/MatrixCropBoolean.xml
----------------- Instantiating /home/travis/build/icyphy/ptII/ptolemy/actor/lib/test/auto/MatrixCropBoolean.xml
1 ms. Memory: 522240K Free: 357376K (68%)
----------------- Invoking toplevel() on ptolemy.moml.MoMLSimpleApplication@63e1d17b
----------------- Done invoking toplevel() on ptolemy.moml.MoMLSimpleApplication@63e1d17b
reloadAllAccessors: .MatrixCropBoolean

===========================================================================================
----------------- testing Mon Dec 23 06:28:53 UTC 2019 /home/travis/build/icyphy/ptII/ptolemy/actor/lib/test/auto/MatrixCropComplex.xml
----------------- Instantiating /home/travis/build/icyphy/ptII/ptolemy/actor/lib/test/auto/MatrixCropComplex.xml
1 ms. Memory: 522240K Free: 352256K (67%)
----------------- Invoking toplevel() on ptolemy.moml.MoMLSimpleApplication@7d40888
----------------- Done invoking toplevel() on ptolemy.moml.MoMLSimpleApplication@7d40888
reloadAllAccessors: .MatrixCropComplex

===========================================================================================
----------------- testing Mon Dec 23 06:28:53 UTC 2019 /home/travis/build/icyphy/ptII/ptolemy/actor/lib/test/auto/MatrixCropDouble.xml
----------------- Instantiating /home/travis/build/icyphy/ptII/ptolemy/actor/lib/test/auto/MatrixCropDouble.xml
2 ms. Memory: 522240K Free: 347615K (67%)
----------------- Invoking toplevel() on ptolemy.moml.MoMLSimpleApplication@4c8211ec
----------------- Done invoking toplevel() on ptolemy.moml.MoMLSimpleApplication@4c8211ec
reloadAllAccessors: .MatrixCropDouble

===========================================================================================
----------------- testing Mon Dec 23 06:28:53 UTC 2019 /home/travis/build/icyphy/ptII/ptolemy/actor/lib/test/auto/MatrixCropFix.xml
----------------- Instantiating /home/travis/build/icyphy/ptII/ptolemy/actor/lib/test/auto/MatrixCropFix.xml
2 ms. Memory: 522240K Free: 342511K (66%)
----------------- Invoking toplevel() on ptolemy.moml.MoMLSimpleApplication@29e21cc0
----------------- Done invoking toplevel() on ptolemy.moml.MoMLSimpleApplication@29e21cc0
reloadAllAccessors: .MatrixCropFix

===========================================================================================
----------------- testing Mon Dec 23 06:28:53 UTC 2019 /home/travis/build/icyphy/ptII/ptolemy/actor/lib/test/auto/MatrixCropInt.xml
----------------- Instantiating /home/travis/build/icyphy/ptII/ptolemy/actor/lib/test/auto/MatrixCropInt.xml
2 ms. Memory: 522240K Free: 337375K (65%)
----------------- Invoking toplevel() on ptolemy.moml.MoMLSimpleApplication@5d4f812b
----------------- Done invoking toplevel() on ptolemy.moml.MoMLSimpleApplication@5d4f812b
reloadAllAccessors: .MatrixCropInt

===========================================================================================
----------------- testing Mon Dec 23 06:28:53 UTC 2019 /home/travis/build/icyphy/ptII/ptolemy/actor/lib/test/auto/MatrixCropLong.xml
----------------- Instantiating /home/travis/build/icyphy/ptII/ptolemy/actor/lib/test/auto/MatrixCropLong.xml
2 ms. Memory: 522240K Free: 332255K (64%)
----------------- Invoking toplevel() on ptolemy.moml.MoMLSimpleApplication@716f2744
----------------- Done invoking toplevel() on ptolemy.moml.MoMLSimpleApplication@716f2744
reloadAllAccessors: .MatrixCropLong

===========================================================================================
----------------- testing Mon Dec 23 06:28:53 UTC 2019 /home/travis/build/icyphy/ptII/ptolemy/actor/lib/test/auto/MatrixToArray.xml
----------------- Instantiating /home/travis/build/icyphy/ptII/ptolemy/actor/lib/test/auto/MatrixToArray.xml
11 ms. Memory: 522240K Free: 316926K (61%)
----------------- Invoking toplevel() on ptolemy.moml.MoMLSimpleApplication@774de546
----------------- Done invoking toplevel() on ptolemy.moml.MoMLSimpleApplication@774de546
reloadAllAccessors: .MatrixToArray

===========================================================================================
----------------- testing Mon Dec 23 06:28:53 UTC 2019 /home/travis/build/icyphy/ptII/ptolemy/actor/lib/test/auto/MaxIndex.xml
----------------- Instantiating /home/travis/build/icyphy/ptII/ptolemy/actor/lib/test/auto/MaxIndex.xml
2 ms. Memory: 522240K Free: 312320K (60%)
----------------- Invoking toplevel() on ptolemy.moml.MoMLSimpleApplication@53e46511
----------------- Done invoking toplevel() on ptolemy.moml.MoMLSimpleApplication@53e46511
reloadAllAccessors: .MaxIndex

===========================================================================================
----------------- testing Mon Dec 23 06:28:53 UTC 2019 /home/travis/build/icyphy/ptII/ptolemy/actor/lib/test/auto/Maximum.xml
----------------- Instantiating /home/travis/build/icyphy/ptII/ptolemy/actor/lib/test/auto/Maximum.xml
2 ms. Memory: 522240K Free: 305631K (59%)
----------------- Invoking toplevel() on ptolemy.moml.MoMLSimpleApplication@28aa5664
----------------- Done invoking toplevel() on ptolemy.moml.MoMLSimpleApplication@28aa5664
reloadAllAccessors: .Maximum

===========================================================================================
----------------- testing Mon Dec 23 06:28:53 UTC 2019 /home/travis/build/icyphy/ptII/ptolemy/actor/lib/test/auto/MaximumComplex.xml
----------------- Instantiating /home/travis/build/icyphy/ptII/ptolemy/actor/lib/test/auto/MaximumComplex.xml
5 ms. Memory: 522240K Free: 299518K (57%)
----------------- Invoking toplevel() on ptolemy.moml.MoMLSimpleApplication@5296efc4
----------------- Done invoking toplevel() on ptolemy.moml.MoMLSimpleApplication@5296efc4
reloadAllAccessors: .MaximumComplex

===========================================================================================
----------------- testing Mon Dec 23 06:28:53 UTC 2019 /home/travis/build/icyphy/ptII/ptolemy/actor/lib/test/auto/MethodCallTest.xml
----------------- Instantiating /home/travis/build/icyphy/ptII/ptolemy/actor/lib/test/auto/MethodCallTest.xml
3 ms. Memory: 522240K Free: 292864K (56%)
----------------- Invoking toplevel() on ptolemy.moml.MoMLSimpleApplication@41a3a759
----------------- Done invoking toplevel() on ptolemy.moml.MoMLSimpleApplication@41a3a759
reloadAllAccessors: .MethodCallTest

===========================================================================================
----------------- testing Mon Dec 23 06:28:53 UTC 2019 /home/travis/build/icyphy/ptII/ptolemy/actor/lib/test/auto/Minimum.xml
----------------- Instantiating /home/travis/build/icyphy/ptII/ptolemy/actor/lib/test/auto/Minimum.xml
3 ms. Memory: 522240K Free: 287215K (55%)
----------------- Invoking toplevel() on ptolemy.moml.MoMLSimpleApplication@5f0c6ada
----------------- Done invoking toplevel() on ptolemy.moml.MoMLSimpleApplication@5f0c6ada
reloadAllAccessors: .Minimum

===========================================================================================
----------------- testing Mon Dec 23 06:28:53 UTC 2019 /home/travis/build/icyphy/ptII/ptolemy/actor/lib/test/auto/MinimumComplex.xml
----------------- Instantiating /home/travis/build/icyphy/ptII/ptolemy/actor/lib/test/auto/MinimumComplex.xml
3 ms. Memory: 522240K Free: 281086K (54%)
----------------- Invoking toplevel() on ptolemy.moml.MoMLSimpleApplication@37a9599c
----------------- Done invoking toplevel() on ptolemy.moml.MoMLSimpleApplication@37a9599c
reloadAllAccessors: .MinimumComplex

===========================================================================================
----------------- testing Mon Dec 23 06:28:53 UTC 2019 /home/travis/build/icyphy/ptII/ptolemy/actor/lib/test/auto/MinimumMultiports.xml
----------------- Instantiating /home/travis/build/icyphy/ptII/ptolemy/actor/lib/test/auto/MinimumMultiports.xml
3 ms. Memory: 522240K Free: 272384K (52%)
----------------- Invoking toplevel() on ptolemy.moml.MoMLSimpleApplication@439f03c2
----------------- Done invoking toplevel() on ptolemy.moml.MoMLSimpleApplication@439f03c2
reloadAllAccessors: .MinimumMultiports

===========================================================================================
----------------- testing Mon Dec 23 06:28:53 UTC 2019 /home/travis/build/icyphy/ptII/ptolemy/actor/lib/test/auto/ModifyDate.xml
----------------- Instantiating /home/travis/build/icyphy/ptII/ptolemy/actor/lib/test/auto/ModifyDate.xml
7 ms. Memory: 522240K Free: 259582K (50%)
----------------- Invoking toplevel() on ptolemy.moml.MoMLSimpleApplication@72076b31
----------------- Done invoking toplevel() on ptolemy.moml.MoMLSimpleApplication@72076b31
reloadAllAccessors: .ModifyDate

===========================================================================================
----------------- testing Mon Dec 23 06:28:53 UTC 2019 /home/travis/build/icyphy/ptII/ptolemy/actor/lib/test/auto/ModifyDate2.xml
----------------- Instantiating /home/travis/build/icyphy/ptII/ptolemy/actor/lib/test/auto/ModifyDate2.xml
8 ms. Memory: 522240K Free: 250880K (48%)
----------------- Invoking toplevel() on ptolemy.moml.MoMLSimpleApplication@1d55cce6
----------------- Done invoking toplevel() on ptolemy.moml.MoMLSimpleApplication@1d55cce6
reloadAllAccessors: .ModifyDate2

===========================================================================================
----------------- testing Mon Dec 23 06:28:53 UTC 2019 /home/travis/build/icyphy/ptII/ptolemy/actor/lib/test/auto/MovingAverage.xml
----------------- Instantiating /home/travis/build/icyphy/ptII/ptolemy/actor/lib/test/auto/MovingAverage.xml
1 ms. Memory: 522240K Free: 246270K (47%)
----------------- Invoking toplevel() on ptolemy.moml.MoMLSimpleApplication@6196ba46
----------------- Done invoking toplevel() on ptolemy.moml.MoMLSimpleApplication@6196ba46
reloadAllAccessors: .MovingAverage

===========================================================================================
----------------- testing Mon Dec 23 06:28:53 UTC 2019 /home/travis/build/icyphy/ptII/ptolemy/actor/lib/test/auto/MovingMaximum.xml
----------------- Instantiating /home/travis/build/icyphy/ptII/ptolemy/actor/lib/test/auto/MovingMaximum.xml
1 ms. Memory: 522240K Free: 241664K (46%)
----------------- Invoking toplevel() on ptolemy.moml.MoMLSimpleApplication@76f2cddf
----------------- Done invoking toplevel() on ptolemy.moml.MoMLSimpleApplication@76f2cddf
reloadAllAccessors: .MovingMaximum

===========================================================================================
----------------- testing Mon Dec 23 06:28:53 UTC 2019 /home/travis/build/icyphy/ptII/ptolemy/actor/lib/test/auto/MultipleLinksToSameRelation.xml
----------------- Instantiating /home/travis/build/icyphy/ptII/ptolemy/actor/lib/test/auto/MultipleLinksToSameRelation.xml
2 ms. Memory: 522240K Free: 237568K (45%)
----------------- Invoking toplevel() on ptolemy.moml.MoMLSimpleApplication@1b5586b1
----------------- Done invoking toplevel() on ptolemy.moml.MoMLSimpleApplication@1b5586b1
reloadAllAccessors: .MultipleLinksToSameRelation

===========================================================================================
----------------- testing Mon Dec 23 06:28:53 UTC 2019 /home/travis/build/icyphy/ptII/ptolemy/actor/lib/test/auto/MultipleLinksToSameRelationDE.xml
----------------- Instantiating /home/travis/build/icyphy/ptII/ptolemy/actor/lib/test/auto/MultipleLinksToSameRelationDE.xml
8 ms. Memory: 522240K Free: 232943K (45%)
----------------- Invoking toplevel() on ptolemy.moml.MoMLSimpleApplication@6b0c4261
----------------- Done invoking toplevel() on ptolemy.moml.MoMLSimpleApplication@6b0c4261
reloadAllAccessors: .MultipleLinksToSameRelationDE

===========================================================================================
----------------- testing Mon Dec 23 06:28:53 UTC 2019 /home/travis/build/icyphy/ptII/ptolemy/actor/lib/test/auto/Multiplexor.xml
----------------- Instantiating /home/travis/build/icyphy/ptII/ptolemy/actor/lib/test/auto/Multiplexor.xml
8 ms. Memory: 522240K Free: 227328K (44%)
----------------- Invoking toplevel() on ptolemy.moml.MoMLSimpleApplication@d058401
----------------- Done invoking toplevel() on ptolemy.moml.MoMLSimpleApplication@d058401
reloadAllAccessors: .Multiplexor

===========================================================================================
----------------- testing Mon Dec 23 06:28:53 UTC 2019 /home/travis/build/icyphy/ptII/ptolemy/actor/lib/test/auto/Multiplexor1.xml
----------------- Instantiating /home/travis/build/icyphy/ptII/ptolemy/actor/lib/test/auto/Multiplexor1.xml
2 ms. Memory: 522240K Free: 221663K (42%)
----------------- Invoking toplevel() on ptolemy.moml.MoMLSimpleApplication@7c99a2fe
----------------- Done invoking toplevel() on ptolemy.moml.MoMLSimpleApplication@7c99a2fe
reloadAllAccessors: .Multiplexor1

===========================================================================================
----------------- testing Mon Dec 23 06:28:53 UTC 2019 /home/travis/build/icyphy/ptII/ptolemy/actor/lib/test/auto/Multiplexor2.xml
----------------- Instantiating /home/travis/build/icyphy/ptII/ptolemy/actor/lib/test/auto/Multiplexor2.xml
3 ms. Memory: 522240K Free: 215550K (41%)
----------------- Invoking toplevel() on ptolemy.moml.MoMLSimpleApplication@41e1ef71
----------------- Done invoking toplevel() on ptolemy.moml.MoMLSimpleApplication@41e1ef71
reloadAllAccessors: .Multiplexor2

===========================================================================================
----------------- testing Mon Dec 23 06:28:53 UTC 2019 /home/travis/build/icyphy/ptII/ptolemy/actor/lib/test/auto/Multiplexor3.xml
----------------- Instantiating /home/travis/build/icyphy/ptII/ptolemy/actor/lib/test/auto/Multiplexor3.xml
1 ms. Memory: 522240K Free: 211454K (40%)
----------------- Invoking toplevel() on ptolemy.moml.MoMLSimpleApplication@639bd8c5
----------------- Done invoking toplevel() on ptolemy.moml.MoMLSimpleApplication@639bd8c5
reloadAllAccessors: .Multiplexor3

===========================================================================================
----------------- testing Mon Dec 23 06:28:53 UTC 2019 /home/travis/build/icyphy/ptII/ptolemy/actor/lib/test/auto/MultiplexorDE.xml
----------------- Instantiating /home/travis/build/icyphy/ptII/ptolemy/actor/lib/test/auto/MultiplexorDE.xml
3 ms. Memory: 522240K Free: 203776K (39%)
----------------- Invoking toplevel() on ptolemy.moml.MoMLSimpleApplication@18c76884
----------------- Done invoking toplevel() on ptolemy.moml.MoMLSimpleApplication@18c76884
reloadAllAccessors: .MultiplexorDE

===========================================================================================
----------------- testing Mon Dec 23 06:28:53 UTC 2019 /home/travis/build/icyphy/ptII/ptolemy/actor/lib/test/auto/MultiportBroadcastTest.xml
----------------- Instantiating /home/travis/build/icyphy/ptII/ptolemy/actor/lib/test/auto/MultiportBroadcastTest.xml
88 ms. Memory: 522240K Free: 197632K (38%)
----------------- Invoking toplevel() on ptolemy.moml.MoMLSimpleApplication@6e9acd3a
----------------- Done invoking toplevel() on ptolemy.moml.MoMLSimpleApplication@6e9acd3a
reloadAllAccessors: .MultiportBroadcastTest

===========================================================================================
----------------- testing Mon Dec 23 06:28:53 UTC 2019 /home/travis/build/icyphy/ptII/ptolemy/actor/lib/test/auto/MultiportOutHangDuringGetWidth.xml
----------------- Instantiating /home/travis/build/icyphy/ptII/ptolemy/actor/lib/test/auto/MultiportOutHangDuringGetWidth.xml
5 ms. Memory: 522240K Free: 185344K (35%)
----------------- Invoking toplevel() on ptolemy.moml.MoMLSimpleApplication@4564c2f3
----------------- Done invoking toplevel() on ptolemy.moml.MoMLSimpleApplication@4564c2f3
reloadAllAccessors: .MultiportOutHangDuringGetWidth

===========================================================================================
----------------- testing Mon Dec 23 06:28:53 UTC 2019 /home/travis/build/icyphy/ptII/ptolemy/actor/lib/test/auto/NilToken.xml
----------------- Instantiating /home/travis/build/icyphy/ptII/ptolemy/actor/lib/test/auto/NilToken.xml
1 ms. Memory: 522240K Free: 181758K (35%)
----------------- Invoking toplevel() on ptolemy.moml.MoMLSimpleApplication@2cc7b05c
----------------- Done invoking toplevel() on ptolemy.moml.MoMLSimpleApplication@2cc7b05c
reloadAllAccessors: .NilToken

===========================================================================================
----------------- testing Mon Dec 23 06:28:53 UTC 2019 /home/travis/build/icyphy/ptII/ptolemy/actor/lib/test/auto/NilTokenNonStrictTest.xml
----------------- Instantiating /home/travis/build/icyphy/ptII/ptolemy/actor/lib/test/auto/NilTokenNonStrictTest.xml
1 ms. Memory: 522240K Free: 176638K (34%)
----------------- Invoking toplevel() on ptolemy.moml.MoMLSimpleApplication@5e668347
----------------- Done invoking toplevel() on ptolemy.moml.MoMLSimpleApplication@5e668347
reloadAllAccessors: .NilTokenNonStrictTest

===========================================================================================
----------------- testing Mon Dec 23 06:28:53 UTC 2019 /home/travis/build/icyphy/ptII/ptolemy/actor/lib/test/auto/NilTokenRecord.xml
----------------- Instantiating /home/travis/build/icyphy/ptII/ptolemy/actor/lib/test/auto/NilTokenRecord.xml
5 ms. Memory: 522240K Free: 169984K (33%)
----------------- Invoking toplevel() on ptolemy.moml.MoMLSimpleApplication@64f547f5
----------------- Done invoking toplevel() on ptolemy.moml.MoMLSimpleApplication@64f547f5
reloadAllAccessors: .NilTokenRecord

===========================================================================================
----------------- testing Mon Dec 23 06:28:53 UTC 2019 /home/travis/build/icyphy/ptII/ptolemy/actor/lib/test/auto/NilTokenTypeTest.xml
----------------- Instantiating /home/travis/build/icyphy/ptII/ptolemy/actor/lib/test/auto/NilTokenTypeTest.xml
4 ms. Memory: 522240K Free: 463358K (89%)
----------------- Invoking toplevel() on ptolemy.moml.MoMLSimpleApplication@516230c3
----------------- Done invoking toplevel() on ptolemy.moml.MoMLSimpleApplication@516230c3
reloadAllAccessors: .NilTokenTypeTest

===========================================================================================
----------------- testing Mon Dec 23 06:28:53 UTC 2019 /home/travis/build/icyphy/ptII/ptolemy/actor/lib/test/auto/ObjectToken1.xml
----------------- Instantiating /home/travis/build/icyphy/ptII/ptolemy/actor/lib/test/auto/ObjectToken1.xml
3 ms. Memory: 522240K Free: 459262K (88%)
----------------- Invoking toplevel() on ptolemy.moml.MoMLSimpleApplication@70144215
----------------- Done invoking toplevel() on ptolemy.moml.MoMLSimpleApplication@70144215
reloadAllAccessors: .ObjectToken1

===========================================================================================
----------------- testing Mon Dec 23 06:28:53 UTC 2019 /home/travis/build/icyphy/ptII/ptolemy/actor/lib/test/auto/OrderedMerge.xml
----------------- Instantiating /home/travis/build/icyphy/ptII/ptolemy/actor/lib/test/auto/OrderedMerge.xml
9 ms. Memory: 522240K Free: 453632K (87%)
----------------- Invoking toplevel() on ptolemy.moml.MoMLSimpleApplication@1891eb41
----------------- Done invoking toplevel() on ptolemy.moml.MoMLSimpleApplication@1891eb41
reloadAllAccessors: .OrderedMerge

===========================================================================================
----------------- testing Mon Dec 23 06:28:53 UTC 2019 /home/travis/build/icyphy/ptII/ptolemy/actor/lib/test/auto/OrderedRecordDisassembler.xml
----------------- Instantiating /home/travis/build/icyphy/ptII/ptolemy/actor/lib/test/auto/OrderedRecordDisassembler.xml
3 ms. Memory: 522240K Free: 449015K (86%)
----------------- Invoking toplevel() on ptolemy.moml.MoMLSimpleApplication@26ee7d2
----------------- Done invoking toplevel() on ptolemy.moml.MoMLSimpleApplication@26ee7d2
reloadAllAccessors: .OrderedRecordDisassembler

===========================================================================================
----------------- testing Mon Dec 23 06:28:53 UTC 2019 /home/travis/build/icyphy/ptII/ptolemy/actor/lib/test/auto/OrderedRecordDisassembler2.xml
----------------- Instantiating /home/travis/build/icyphy/ptII/ptolemy/actor/lib/test/auto/OrderedRecordDisassembler2.xml
4 ms. Memory: 522240K Free: 441344K (85%)
----------------- Invoking toplevel() on ptolemy.moml.MoMLSimpleApplication@19312494
----------------- Done invoking toplevel() on ptolemy.moml.MoMLSimpleApplication@19312494
reloadAllAccessors: .OrderedRecordDisassembler2

===========================================================================================
----------------- testing Mon Dec 23 06:28:53 UTC 2019 /home/travis/build/icyphy/ptII/ptolemy/actor/lib/test/auto/OrderedRecordUpdater.xml
----------------- Instantiating /home/travis/build/icyphy/ptII/ptolemy/actor/lib/test/auto/OrderedRecordUpdater.xml
1 ms. Memory: 522240K Free: 436734K (84%)
----------------- Invoking toplevel() on ptolemy.moml.MoMLSimpleApplication@6bf0b79c
----------------- Done invoking toplevel() on ptolemy.moml.MoMLSimpleApplication@6bf0b79c
reloadAllAccessors: .RecordUpdater

===========================================================================================
----------------- testing Mon Dec 23 06:28:54 UTC 2019 /home/travis/build/icyphy/ptII/ptolemy/actor/lib/test/auto/OrderedRecordUpdater2.xml
----------------- Instantiating /home/travis/build/icyphy/ptII/ptolemy/actor/lib/test/auto/OrderedRecordUpdater2.xml
3 ms. Memory: 522240K Free: 431614K (83%)
----------------- Invoking toplevel() on ptolemy.moml.MoMLSimpleApplication@4259cda0
----------------- Done invoking toplevel() on ptolemy.moml.MoMLSimpleApplication@4259cda0
reloadAllAccessors: .RecordUpdater2

===========================================================================================
----------------- testing Mon Dec 23 06:28:54 UTC 2019 /home/travis/build/icyphy/ptII/ptolemy/actor/lib/test/auto/PhaseUnwrap.xml
----------------- Instantiating /home/travis/build/icyphy/ptII/ptolemy/actor/lib/test/auto/PhaseUnwrap.xml
2 ms. Memory: 522240K Free: 427008K (82%)
----------------- Invoking toplevel() on ptolemy.moml.MoMLSimpleApplication@7957f92d
----------------- Done invoking toplevel() on ptolemy.moml.MoMLSimpleApplication@7957f92d
reloadAllAccessors: .PhaseUnwrap

===========================================================================================
----------------- testing Mon Dec 23 06:28:54 UTC 2019 /home/travis/build/icyphy/ptII/ptolemy/actor/lib/test/auto/PoissonClock.xml
----------------- Instantiating /home/travis/build/icyphy/ptII/ptolemy/actor/lib/test/auto/PoissonClock.xml
1 ms. Memory: 522240K Free: 422912K (81%)
----------------- Invoking toplevel() on ptolemy.moml.MoMLSimpleApplication@7dc6f955
----------------- Done invoking toplevel() on ptolemy.moml.MoMLSimpleApplication@7dc6f955
reloadAllAccessors: .PoissonClock

===========================================================================================
----------------- testing Mon Dec 23 06:28:54 UTC 2019 /home/travis/build/icyphy/ptII/ptolemy/actor/lib/test/auto/PoissonClock2.xml
----------------- Instantiating /home/travis/build/icyphy/ptII/ptolemy/actor/lib/test/auto/PoissonClock2.xml
2 ms. Memory: 522240K Free: 418302K (80%)
----------------- Invoking toplevel() on ptolemy.moml.MoMLSimpleApplication@22be407b
----------------- Done invoking toplevel() on ptolemy.moml.MoMLSimpleApplication@22be407b
reloadAllAccessors: .PoissonClock2

===========================================================================================
----------------- testing Mon Dec 23 06:28:54 UTC 2019 /home/travis/build/icyphy/ptII/ptolemy/actor/lib/test/auto/PoissonClock3.xml
----------------- Instantiating /home/travis/build/icyphy/ptII/ptolemy/actor/lib/test/auto/PoissonClock3.xml
1 ms. Memory: 522240K Free: 414206K (79%)
----------------- Invoking toplevel() on ptolemy.moml.MoMLSimpleApplication@6636dbb0
----------------- Done invoking toplevel() on ptolemy.moml.MoMLSimpleApplication@6636dbb0
reloadAllAccessors: .PoissonClock3

===========================================================================================
----------------- testing Mon Dec 23 06:28:54 UTC 2019 /home/travis/build/icyphy/ptII/ptolemy/actor/lib/test/auto/PubSubWithInitialTokens.xml
----------------- Instantiating /home/travis/build/icyphy/ptII/ptolemy/actor/lib/test/auto/PubSubWithInitialTokens.xml
2 ms. Memory: 522240K Free: 408576K (78%)
----------------- Invoking toplevel() on ptolemy.moml.MoMLSimpleApplication@4b093d85
----------------- Done invoking toplevel() on ptolemy.moml.MoMLSimpleApplication@4b093d85
reloadAllAccessors: .PubSubWithInitialTokens

===========================================================================================
----------------- testing Mon Dec 23 06:28:54 UTC 2019 /home/travis/build/icyphy/ptII/ptolemy/actor/lib/test/auto/PubSubWithInitialTokens2.xml
----------------- Instantiating /home/travis/build/icyphy/ptII/ptolemy/actor/lib/test/auto/PubSubWithInitialTokens2.xml
2 ms. Memory: 522240K Free: 402432K (77%)
----------------- Invoking toplevel() on ptolemy.moml.MoMLSimpleApplication@c41031d
----------------- Done invoking toplevel() on ptolemy.moml.MoMLSimpleApplication@c41031d
reloadAllAccessors: .PubSubWithInitialTokens2

===========================================================================================
----------------- testing Mon Dec 23 06:28:54 UTC 2019 /home/travis/build/icyphy/ptII/ptolemy/actor/lib/test/auto/PublisherClassNoParameter.xml
----------------- Instantiating /home/travis/build/icyphy/ptII/ptolemy/actor/lib/test/auto/PublisherClassNoParameter.xml
3 ms. Memory: 522240K Free: 392702K (75%)
----------------- Invoking toplevel() on ptolemy.moml.MoMLSimpleApplication@8b3a272
----------------- Done invoking toplevel() on ptolemy.moml.MoMLSimpleApplication@8b3a272
reloadAllAccessors: .PublisherClassNoParameter

===========================================================================================
----------------- testing Mon Dec 23 06:28:54 UTC 2019 /home/travis/build/icyphy/ptII/ptolemy/actor/lib/test/auto/PublisherClassParameter.xml
----------------- Instantiating /home/travis/build/icyphy/ptII/ptolemy/actor/lib/test/auto/PublisherClassParameter.xml
2 ms. Memory: 522240K Free: 381952K (73%)
----------------- Invoking toplevel() on ptolemy.moml.MoMLSimpleApplication@24ee59c
----------------- Done invoking toplevel() on ptolemy.moml.MoMLSimpleApplication@24ee59c
reloadAllAccessors: .PublisherClassParameter

===========================================================================================
----------------- testing Mon Dec 23 06:28:54 UTC 2019 /home/travis/build/icyphy/ptII/ptolemy/actor/lib/test/auto/PublisherNonStrictTest.xml
----------------- Instantiating /home/travis/build/icyphy/ptII/ptolemy/actor/lib/test/auto/PublisherNonStrictTest.xml
2 ms. Memory: 522240K Free: 374263K (72%)
----------------- Invoking toplevel() on ptolemy.moml.MoMLSimpleApplication@71714a81
----------------- Done invoking toplevel() on ptolemy.moml.MoMLSimpleApplication@71714a81
reloadAllAccessors: .PublisherNonStrictTest

===========================================================================================
----------------- testing Mon Dec 23 06:28:54 UTC 2019 /home/travis/build/icyphy/ptII/ptolemy/actor/lib/test/auto/PublisherPort1.xml
----------------- Instantiating /home/travis/build/icyphy/ptII/ptolemy/actor/lib/test/auto/PublisherPort1.xml
2 ms. Memory: 522240K Free: 368640K (71%)
----------------- Invoking toplevel() on ptolemy.moml.MoMLSimpleApplication@7b2d13d0
----------------- Done invoking toplevel() on ptolemy.moml.MoMLSimpleApplication@7b2d13d0
reloadAllAccessors: .PublisherPort1

===========================================================================================
----------------- testing Mon Dec 23 06:28:54 UTC 2019 /home/travis/build/icyphy/ptII/ptolemy/actor/lib/test/auto/PublisherPort2.xml
----------------- Instantiating /home/travis/build/icyphy/ptII/ptolemy/actor/lib/test/auto/PublisherPort2.xml
1 ms. Memory: 522240K Free: 363520K (70%)
----------------- Invoking toplevel() on ptolemy.moml.MoMLSimpleApplication@1b5544db
----------------- Done invoking toplevel() on ptolemy.moml.MoMLSimpleApplication@1b5544db
reloadAllAccessors: .PublisherPort2

===========================================================================================
----------------- testing Mon Dec 23 06:28:54 UTC 2019 /home/travis/build/icyphy/ptII/ptolemy/actor/lib/test/auto/PublisherPort3.xml
----------------- Instantiating /home/travis/build/icyphy/ptII/ptolemy/actor/lib/test/auto/PublisherPort3.xml
14 ms. Memory: 522240K Free: 357376K (68%)
----------------- Invoking toplevel() on ptolemy.moml.MoMLSimpleApplication@5d3791aa
----------------- Done invoking toplevel() on ptolemy.moml.MoMLSimpleApplication@5d3791aa
reloadAllAccessors: .PublisherPort3

===========================================================================================
----------------- testing Mon Dec 23 06:28:54 UTC 2019 /home/travis/build/icyphy/ptII/ptolemy/actor/lib/test/auto/PublisherPort4.xml
----------------- Instantiating /home/travis/build/icyphy/ptII/ptolemy/actor/lib/test/auto/PublisherPort4.xml
2 ms. Memory: 522240K Free: 351727K (67%)
----------------- Invoking toplevel() on ptolemy.moml.MoMLSimpleApplication@708e614f
----------------- Done invoking toplevel() on ptolemy.moml.MoMLSimpleApplication@708e614f
reloadAllAccessors: .PublisherPort4

===========================================================================================
----------------- testing Mon Dec 23 06:28:54 UTC 2019 /home/travis/build/icyphy/ptII/ptolemy/actor/lib/test/auto/PublisherPort5.xml
----------------- Instantiating /home/travis/build/icyphy/ptII/ptolemy/actor/lib/test/auto/PublisherPort5.xml
2 ms. Memory: 522240K Free: 344064K (66%)
----------------- Invoking toplevel() on ptolemy.moml.MoMLSimpleApplication@4eabb151
----------------- Done invoking toplevel() on ptolemy.moml.MoMLSimpleApplication@4eabb151
reloadAllAccessors: .PublisherPort5

===========================================================================================
----------------- testing Mon Dec 23 06:28:54 UTC 2019 /home/travis/build/icyphy/ptII/ptolemy/actor/lib/test/auto/PublisherPort5LookAlike.xml
----------------- Instantiating /home/travis/build/icyphy/ptII/ptolemy/actor/lib/test/auto/PublisherPort5LookAlike.xml
7 ms. Memory: 522240K Free: 336375K (64%)
----------------- Invoking toplevel() on ptolemy.moml.MoMLSimpleApplication@2493b400
----------------- Done invoking toplevel() on ptolemy.moml.MoMLSimpleApplication@2493b400
reloadAllAccessors: .PublisherPort5LookAlike

===========================================================================================
----------------- testing Mon Dec 23 06:28:54 UTC 2019 /home/travis/build/icyphy/ptII/ptolemy/actor/lib/test/auto/PublisherPort6.xml
----------------- Instantiating /home/travis/build/icyphy/ptII/ptolemy/actor/lib/test/auto/PublisherPort6.xml
3 ms. Memory: 522240K Free: 329728K (63%)
----------------- Invoking toplevel() on ptolemy.moml.MoMLSimpleApplication@1881d92b
----------------- Done invoking toplevel() on ptolemy.moml.MoMLSimpleApplication@1881d92b
reloadAllAccessors: .PublisherPort6

===========================================================================================
----------------- testing Mon Dec 23 06:28:54 UTC 2019 /home/travis/build/icyphy/ptII/ptolemy/actor/lib/test/auto/PublisherPort7.xml
----------------- Instantiating /home/travis/build/icyphy/ptII/ptolemy/actor/lib/test/auto/PublisherPort7.xml
3 ms. Memory: 522240K Free: 322046K (62%)
----------------- Invoking toplevel() on ptolemy.moml.MoMLSimpleApplication@3accc35c
----------------- Done invoking toplevel() on ptolemy.moml.MoMLSimpleApplication@3accc35c
reloadAllAccessors: .PublisherPort7

===========================================================================================
----------------- testing Mon Dec 23 06:28:54 UTC 2019 /home/travis/build/icyphy/ptII/ptolemy/actor/lib/test/auto/PublisherPort8.xml
----------------- Instantiating /home/travis/build/icyphy/ptII/ptolemy/actor/lib/test/auto/PublisherPort8.xml
3 ms. Memory: 522240K Free: 313344K (60%)
----------------- Invoking toplevel() on ptolemy.moml.MoMLSimpleApplication@1356cee9
----------------- Done invoking toplevel() on ptolemy.moml.MoMLSimpleApplication@1356cee9
reloadAllAccessors: .PublisherPort8

===========================================================================================
----------------- testing Mon Dec 23 06:28:54 UTC 2019 /home/travis/build/icyphy/ptII/ptolemy/actor/lib/test/auto/PublisherPortSubscriberChannelVariablesAOC2.xml
----------------- Instantiating /home/travis/build/icyphy/ptII/ptolemy/actor/lib/test/auto/PublisherPortSubscriberChannelVariablesAOC2.xml
2 ms. Memory: 522240K Free: 295936K (57%)
----------------- Invoking toplevel() on ptolemy.moml.MoMLSimpleApplication@1f13e215
----------------- Done invoking toplevel() on ptolemy.moml.MoMLSimpleApplication@1f13e215
reloadAllAccessors: .PublisherPortSubscriberChannelVariablesAOC2

===========================================================================================
----------------- testing Mon Dec 23 06:28:54 UTC 2019 /home/travis/build/icyphy/ptII/ptolemy/actor/lib/test/auto/PublisherPortSubscriberOpaqueWidthInference.xml
----------------- Instantiating /home/travis/build/icyphy/ptII/ptolemy/actor/lib/test/auto/PublisherPortSubscriberOpaqueWidthInference.xml
4 ms. Memory: 522240K Free: 287744K (55%)
----------------- Invoking toplevel() on ptolemy.moml.MoMLSimpleApplication@718287e0
----------------- Done invoking toplevel() on ptolemy.moml.MoMLSimpleApplication@718287e0
reloadAllAccessors: .PublisherPortSubscriberOpaqueWidthInference

===========================================================================================
----------------- testing Mon Dec 23 06:28:54 UTC 2019 /home/travis/build/icyphy/ptII/ptolemy/actor/lib/test/auto/PublisherPortSubscriberPortAdjacent.xml
----------------- Instantiating /home/travis/build/icyphy/ptII/ptolemy/actor/lib/test/auto/PublisherPortSubscriberPortAdjacent.xml
2 ms. Memory: 522240K Free: 279552K (54%)
----------------- Invoking toplevel() on ptolemy.moml.MoMLSimpleApplication@37a5f27
----------------- Done invoking toplevel() on ptolemy.moml.MoMLSimpleApplication@37a5f27
reloadAllAccessors: .PublisherPortSubscriberPortAdjacent

===========================================================================================
----------------- testing Mon Dec 23 06:28:54 UTC 2019 /home/travis/build/icyphy/ptII/ptolemy/actor/lib/test/auto/PublisherPortSubscriberPortExpression.xml
----------------- Instantiating /home/travis/build/icyphy/ptII/ptolemy/actor/lib/test/auto/PublisherPortSubscriberPortExpression.xml
11 ms. Memory: 522240K Free: 272384K (52%)
----------------- Invoking toplevel() on ptolemy.moml.MoMLSimpleApplication@4e335e53
----------------- Done invoking toplevel() on ptolemy.moml.MoMLSimpleApplication@4e335e53
reloadAllAccessors: .PublisherPortSubscriberPortExpression

===========================================================================================
----------------- testing Mon Dec 23 06:28:54 UTC 2019 /home/travis/build/icyphy/ptII/ptolemy/actor/lib/test/auto/PublisherPortSubscriberPortOpaqueD3Reverse.xml
----------------- Instantiating /home/travis/build/icyphy/ptII/ptolemy/actor/lib/test/auto/PublisherPortSubscriberPortOpaqueD3Reverse.xml
13 ms. Memory: 522240K Free: 262144K (50%)
----------------- Invoking toplevel() on ptolemy.moml.MoMLSimpleApplication@64db2211
----------------- Done invoking toplevel() on ptolemy.moml.MoMLSimpleApplication@64db2211
reloadAllAccessors: .PublisherPortSubscriberPortOpaqueD3Reverse

===========================================================================================
----------------- testing Mon Dec 23 06:28:54 UTC 2019 /home/travis/build/icyphy/ptII/ptolemy/actor/lib/test/auto/PublisherPortSubscriberPortOpaqueWidthInference.xml
----------------- Instantiating /home/travis/build/icyphy/ptII/ptolemy/actor/lib/test/auto/PublisherPortSubscriberPortOpaqueWidthInference.xml
2 ms. Memory: 522240K Free: 254447K (49%)
----------------- Invoking toplevel() on ptolemy.moml.MoMLSimpleApplication@29d59cd9
----------------- Done invoking toplevel() on ptolemy.moml.MoMLSimpleApplication@29d59cd9
reloadAllAccessors: .PublisherPortSubscriberPortOpaqueWidthInference

===========================================================================================
----------------- testing Mon Dec 23 06:28:54 UTC 2019 /home/travis/build/icyphy/ptII/ptolemy/actor/lib/test/auto/PublisherPortToplevelSubscriberPortAOC.xml
----------------- Instantiating /home/travis/build/icyphy/ptII/ptolemy/actor/lib/test/auto/PublisherPortToplevelSubscriberPortAOC.xml
.PublisherPortToplevelSubscriberPortAOC.TestExceptionAttribute: initialize() was not invoked, but wrapup() was.  This is unusual, but not always a problem.  For example, exporting JNLP will do this.
1 ms. Memory: 522240K Free: 248832K (48%)
----------------- Invoking toplevel() on ptolemy.moml.MoMLSimpleApplication@6b3480f2
----------------- Done invoking toplevel() on ptolemy.moml.MoMLSimpleApplication@6b3480f2
reloadAllAccessors: .PublisherPortToplevelSubscriberPortAOC

===========================================================================================
----------------- testing Mon Dec 23 06:28:54 UTC 2019 /home/travis/build/icyphy/ptII/ptolemy/actor/lib/test/auto/PublisherSubscriber.xml
----------------- Instantiating /home/travis/build/icyphy/ptII/ptolemy/actor/lib/test/auto/PublisherSubscriber.xml
2 ms. Memory: 522240K Free: 241119K (46%)
----------------- Invoking toplevel() on ptolemy.moml.MoMLSimpleApplication@61cc5f3b
----------------- Done invoking toplevel() on ptolemy.moml.MoMLSimpleApplication@61cc5f3b
reloadAllAccessors: .PublisherSubscriber

===========================================================================================
----------------- testing Mon Dec 23 06:28:54 UTC 2019 /home/travis/build/icyphy/ptII/ptolemy/actor/lib/test/auto/PublisherSubscriber10.xml
----------------- Instantiating /home/travis/build/icyphy/ptII/ptolemy/actor/lib/test/auto/PublisherSubscriber10.xml
5 ms. Memory: 522240K Free: 231424K (44%)
----------------- Invoking toplevel() on ptolemy.moml.MoMLSimpleApplication@642ad2e4
----------------- Done invoking toplevel() on ptolemy.moml.MoMLSimpleApplication@642ad2e4
reloadAllAccessors: .PublisherSubscriber10

===========================================================================================
----------------- testing Mon Dec 23 06:28:54 UTC 2019 /home/travis/build/icyphy/ptII/ptolemy/actor/lib/test/auto/PublisherSubscriber10InitialOutputs.xml
----------------- Instantiating /home/travis/build/icyphy/ptII/ptolemy/actor/lib/test/auto/PublisherSubscriber10InitialOutputs.xml
11 ms. Memory: 522240K Free: 221694K (42%)
----------------- Invoking toplevel() on ptolemy.moml.MoMLSimpleApplication@1a5b18dd
----------------- Done invoking toplevel() on ptolemy.moml.MoMLSimpleApplication@1a5b18dd
reloadAllAccessors: .PublisherSubscriber10InitialOutputs

===========================================================================================
----------------- testing Mon Dec 23 06:28:54 UTC 2019 /home/travis/build/icyphy/ptII/ptolemy/actor/lib/test/auto/PublisherSubscriber11.xml
----------------- Instantiating /home/travis/build/icyphy/ptII/ptolemy/actor/lib/test/auto/PublisherSubscriber11.xml
3 ms. Memory: 522240K Free: 215040K (41%)
----------------- Invoking toplevel() on ptolemy.moml.MoMLSimpleApplication@33886a70
----------------- Done invoking toplevel() on ptolemy.moml.MoMLSimpleApplication@33886a70
reloadAllAccessors: .PublisherSubscriber11

===========================================================================================
----------------- testing Mon Dec 23 06:28:54 UTC 2019 /home/travis/build/icyphy/ptII/ptolemy/actor/lib/test/auto/PublisherSubscriber12.xml
----------------- Instantiating /home/travis/build/icyphy/ptII/ptolemy/actor/lib/test/auto/PublisherSubscriber12.xml
4 ms. Memory: 522240K Free: 207872K (40%)
----------------- Invoking toplevel() on ptolemy.moml.MoMLSimpleApplication@1fe1553e
----------------- Done invoking toplevel() on ptolemy.moml.MoMLSimpleApplication@1fe1553e
reloadAllAccessors: .PublisherSubscriber12

===========================================================================================
----------------- testing Mon Dec 23 06:28:54 UTC 2019 /home/travis/build/icyphy/ptII/ptolemy/actor/lib/test/auto/PublisherSubscriber13.xml
----------------- Instantiating /home/travis/build/icyphy/ptII/ptolemy/actor/lib/test/auto/PublisherSubscriber13.xml
2 ms. Memory: 522240K Free: 202223K (39%)
----------------- Invoking toplevel() on ptolemy.moml.MoMLSimpleApplication@12c352ad
----------------- Done invoking toplevel() on ptolemy.moml.MoMLSimpleApplication@12c352ad
reloadAllAccessors: .PublisherSubscriber13

===========================================================================================
----------------- testing Mon Dec 23 06:28:54 UTC 2019 /home/travis/build/icyphy/ptII/ptolemy/actor/lib/test/auto/PublisherSubscriber14.xml
----------------- Instantiating /home/travis/build/icyphy/ptII/ptolemy/actor/lib/test/auto/PublisherSubscriber14.xml
2 ms. Memory: 522240K Free: 193536K (37%)
----------------- Invoking toplevel() on ptolemy.moml.MoMLSimpleApplication@7ff13f03
----------------- Done invoking toplevel() on ptolemy.moml.MoMLSimpleApplication@7ff13f03
reloadAllAccessors: .PublisherSubscriber14

===========================================================================================
----------------- testing Mon Dec 23 06:28:54 UTC 2019 /home/travis/build/icyphy/ptII/ptolemy/actor/lib/test/auto/PublisherSubscriber2.xml
----------------- Instantiating /home/travis/build/icyphy/ptII/ptolemy/actor/lib/test/auto/PublisherSubscriber2.xml
3 ms. Memory: 522240K Free: 187887K (36%)
----------------- Invoking toplevel() on ptolemy.moml.MoMLSimpleApplication@4a471432
----------------- Done invoking toplevel() on ptolemy.moml.MoMLSimpleApplication@4a471432
reloadAllAccessors: .PublisherSubscriber2

===========================================================================================
----------------- testing Mon Dec 23 06:28:54 UTC 2019 /home/travis/build/icyphy/ptII/ptolemy/actor/lib/test/auto/PublisherSubscriber3.xml
----------------- Instantiating /home/travis/build/icyphy/ptII/ptolemy/actor/lib/test/auto/PublisherSubscriber3.xml
2 ms. Memory: 522240K Free: 182272K (35%)
----------------- Invoking toplevel() on ptolemy.moml.MoMLSimpleApplication@78537b8a
----------------- Done invoking toplevel() on ptolemy.moml.MoMLSimpleApplication@78537b8a
reloadAllAccessors: .PublisherSubscriber3

===========================================================================================
----------------- testing Mon Dec 23 06:28:54 UTC 2019 /home/travis/build/icyphy/ptII/ptolemy/actor/lib/test/auto/PublisherSubscriber4.xml
----------------- Instantiating /home/travis/build/icyphy/ptII/ptolemy/actor/lib/test/auto/PublisherSubscriber4.xml
2 ms. Memory: 522240K Free: 176607K (34%)
----------------- Invoking toplevel() on ptolemy.moml.MoMLSimpleApplication@6634932a
----------------- Done invoking toplevel() on ptolemy.moml.MoMLSimpleApplication@6634932a
reloadAllAccessors: .PublisherSubscriber4

===========================================================================================
----------------- testing Mon Dec 23 06:28:54 UTC 2019 /home/travis/build/icyphy/ptII/ptolemy/actor/lib/test/auto/PublisherSubscriber5.xml
----------------- Instantiating /home/travis/build/icyphy/ptII/ptolemy/actor/lib/test/auto/PublisherSubscriber5.xml
2 ms. Memory: 522240K Free: 169984K (33%)
----------------- Invoking toplevel() on ptolemy.moml.MoMLSimpleApplication@5c57ed62
----------------- Done invoking toplevel() on ptolemy.moml.MoMLSimpleApplication@5c57ed62
reloadAllAccessors: .PublisherSubscriber5

===========================================================================================
----------------- testing Mon Dec 23 06:28:54 UTC 2019 /home/travis/build/icyphy/ptII/ptolemy/actor/lib/test/auto/PublisherSubscriber6.xml
----------------- Instantiating /home/travis/build/icyphy/ptII/ptolemy/actor/lib/test/auto/PublisherSubscriber6.xml
4 ms. Memory: 522240K Free: 466415K (89%)
----------------- Invoking toplevel() on ptolemy.moml.MoMLSimpleApplication@247b75b3
----------------- Done invoking toplevel() on ptolemy.moml.MoMLSimpleApplication@247b75b3
reloadAllAccessors: .PublisherSubscriber6

===========================================================================================
----------------- testing Mon Dec 23 06:28:54 UTC 2019 /home/travis/build/icyphy/ptII/ptolemy/actor/lib/test/auto/PublisherSubscriber7.xml
----------------- Instantiating /home/travis/build/icyphy/ptII/ptolemy/actor/lib/test/auto/PublisherSubscriber7.xml
7 ms. Memory: 522240K Free: 459776K (88%)
----------------- Invoking toplevel() on ptolemy.moml.MoMLSimpleApplication@4d1ce885
----------------- Done invoking toplevel() on ptolemy.moml.MoMLSimpleApplication@4d1ce885
reloadAllAccessors: .PublisherSubscriber7

===========================================================================================
----------------- testing Mon Dec 23 06:28:54 UTC 2019 /home/travis/build/icyphy/ptII/ptolemy/actor/lib/test/auto/PublisherSubscriber8.xml
----------------- Instantiating /home/travis/build/icyphy/ptII/ptolemy/actor/lib/test/auto/PublisherSubscriber8.xml
18 ms. Memory: 522240K Free: 447998K (86%)
----------------- Invoking toplevel() on ptolemy.moml.MoMLSimpleApplication@64145fa2
----------------- Done invoking toplevel() on ptolemy.moml.MoMLSimpleApplication@64145fa2
reloadAllAccessors: .PublisherSubscriber8

===========================================================================================
----------------- testing Mon Dec 23 06:28:54 UTC 2019 /home/travis/build/icyphy/ptII/ptolemy/actor/lib/test/auto/PublisherSubscriber9.xml
----------------- Instantiating /home/travis/build/icyphy/ptII/ptolemy/actor/lib/test/auto/PublisherSubscriber9.xml
3 ms. Memory: 522240K Free: 440830K (84%)
----------------- Invoking toplevel() on ptolemy.moml.MoMLSimpleApplication@75958531
----------------- Done invoking toplevel() on ptolemy.moml.MoMLSimpleApplication@75958531
reloadAllAccessors: .PublisherSubscriber9

===========================================================================================
----------------- testing Mon Dec 23 06:28:54 UTC 2019 /home/travis/build/icyphy/ptII/ptolemy/actor/lib/test/auto/PublisherSubscriberAdjacent.xml
----------------- Instantiating /home/travis/build/icyphy/ptII/ptolemy/actor/lib/test/auto/PublisherSubscriberAdjacent.xml
1 ms. Memory: 522240K Free: 432638K (83%)
----------------- Invoking toplevel() on ptolemy.moml.MoMLSimpleApplication@39fb3afb
----------------- Done invoking toplevel() on ptolemy.moml.MoMLSimpleApplication@39fb3afb
reloadAllAccessors: .PublisherSubscriberAdjacent

===========================================================================================
----------------- testing Mon Dec 23 06:28:54 UTC 2019 /home/travis/build/icyphy/ptII/ptolemy/actor/lib/test/auto/PublisherSubscriberChannelVariablesAOC2.xml
----------------- Instantiating /home/travis/build/icyphy/ptII/ptolemy/actor/lib/test/auto/PublisherSubscriberChannelVariablesAOC2.xml
2 ms. Memory: 522240K Free: 417278K (80%)
----------------- Invoking toplevel() on ptolemy.moml.MoMLSimpleApplication@64554d7d
----------------- Done invoking toplevel() on ptolemy.moml.MoMLSimpleApplication@64554d7d
reloadAllAccessors: .PublisherSubscriberChannelVariablesAOC2

===========================================================================================
----------------- testing Mon Dec 23 06:28:54 UTC 2019 /home/travis/build/icyphy/ptII/ptolemy/actor/lib/test/auto/PublisherSubscriberD3.xml
----------------- Instantiating /home/travis/build/icyphy/ptII/ptolemy/actor/lib/test/auto/PublisherSubscriberD3.xml
1 ms. Memory: 522240K Free: 410110K (79%)
----------------- Invoking toplevel() on ptolemy.moml.MoMLSimpleApplication@50f27447
----------------- Done invoking toplevel() on ptolemy.moml.MoMLSimpleApplication@50f27447
reloadAllAccessors: .PublisherSubscriberD3

===========================================================================================
----------------- testing Mon Dec 23 06:28:54 UTC 2019 /home/travis/build/icyphy/ptII/ptolemy/actor/lib/test/auto/PublisherSubscriberD3Reverse.xml
----------------- Instantiating /home/travis/build/icyphy/ptII/ptolemy/actor/lib/test/auto/PublisherSubscriberD3Reverse.xml
1 ms. Memory: 522240K Free: 404480K (77%)
----------------- Invoking toplevel() on ptolemy.moml.MoMLSimpleApplication@258aa1e9
----------------- Done invoking toplevel() on ptolemy.moml.MoMLSimpleApplication@258aa1e9
reloadAllAccessors: .PublisherSubscriberD3Reverse

===========================================================================================
----------------- testing Mon Dec 23 06:28:54 UTC 2019 /home/travis/build/icyphy/ptII/ptolemy/actor/lib/test/auto/PublisherSubscriberExpression.xml
----------------- Instantiating /home/travis/build/icyphy/ptII/ptolemy/actor/lib/test/auto/PublisherSubscriberExpression.xml
3 ms. Memory: 522240K Free: 395743K (76%)
----------------- Invoking toplevel() on ptolemy.moml.MoMLSimpleApplication@5231e95b
----------------- Done invoking toplevel() on ptolemy.moml.MoMLSimpleApplication@5231e95b
reloadAllAccessors: .PublisherSubscriberExpression

===========================================================================================
----------------- testing Mon Dec 23 06:28:54 UTC 2019 /home/travis/build/icyphy/ptII/ptolemy/actor/lib/test/auto/PublisherSubscriberOpaque.xml
----------------- Instantiating /home/travis/build/icyphy/ptII/ptolemy/actor/lib/test/auto/PublisherSubscriberOpaque.xml
3 ms. Memory: 522240K Free: 387582K (74%)
----------------- Invoking toplevel() on ptolemy.moml.MoMLSimpleApplication@3e116678
----------------- Done invoking toplevel() on ptolemy.moml.MoMLSimpleApplication@3e116678
reloadAllAccessors: .PublisherSubscriberOpaque

===========================================================================================
----------------- testing Mon Dec 23 06:28:55 UTC 2019 /home/travis/build/icyphy/ptII/ptolemy/actor/lib/test/auto/PublisherSubscriberOpaqueD3.xml
----------------- Instantiating /home/travis/build/icyphy/ptII/ptolemy/actor/lib/test/auto/PublisherSubscriberOpaqueD3.xml
5 ms. Memory: 522240K Free: 376318K (72%)
----------------- Invoking toplevel() on ptolemy.moml.MoMLSimpleApplication@4282184b
----------------- Done invoking toplevel() on ptolemy.moml.MoMLSimpleApplication@4282184b
reloadAllAccessors: .PublisherSubscriberOpaqueD3

===========================================================================================
----------------- testing Mon Dec 23 06:28:55 UTC 2019 /home/travis/build/icyphy/ptII/ptolemy/actor/lib/test/auto/PublisherSubscriberOpaqueD3Reverse.xml
----------------- Instantiating /home/travis/build/icyphy/ptII/ptolemy/actor/lib/test/auto/PublisherSubscriberOpaqueD3Reverse.xml
8 ms. Memory: 522240K Free: 365054K (70%)
----------------- Invoking toplevel() on ptolemy.moml.MoMLSimpleApplication@d3f772
----------------- Done invoking toplevel() on ptolemy.moml.MoMLSimpleApplication@d3f772
reloadAllAccessors: .PublisherSubscriberOpaqueD3Reverse

===========================================================================================
----------------- testing Mon Dec 23 06:28:55 UTC 2019 /home/travis/build/icyphy/ptII/ptolemy/actor/lib/test/auto/PublisherSubscriberOpaqueWidthInference.xml
----------------- Instantiating /home/travis/build/icyphy/ptII/ptolemy/actor/lib/test/auto/PublisherSubscriberOpaqueWidthInference.xml
5 ms. Memory: 522240K Free: 356847K (68%)
----------------- Invoking toplevel() on ptolemy.moml.MoMLSimpleApplication@76dfd501
----------------- Done invoking toplevel() on ptolemy.moml.MoMLSimpleApplication@76dfd501
reloadAllAccessors: .PublisherSubscriberOpaqueWidthInference

===========================================================================================
----------------- testing Mon Dec 23 06:28:55 UTC 2019 /home/travis/build/icyphy/ptII/ptolemy/actor/lib/test/auto/PublisherTestSubscriber.xml
----------------- Instantiating /home/travis/build/icyphy/ptII/ptolemy/actor/lib/test/auto/PublisherTestSubscriber.xml
6 ms. Memory: 522240K Free: 349184K (67%)
----------------- Invoking toplevel() on ptolemy.moml.MoMLSimpleApplication@51572d4a
----------------- Done invoking toplevel() on ptolemy.moml.MoMLSimpleApplication@51572d4a
reloadAllAccessors: .PublisherTestSubscriber

===========================================================================================
----------------- testing Mon Dec 23 06:28:55 UTC 2019 /home/travis/build/icyphy/ptII/ptolemy/actor/lib/test/auto/PublisherToplevelSubscriberPortAOC.xml
----------------- Instantiating /home/travis/build/icyphy/ptII/ptolemy/actor/lib/test/auto/PublisherToplevelSubscriberPortAOC.xml
2 ms. Memory: 522240K Free: 342519K (66%)
----------------- Invoking toplevel() on ptolemy.moml.MoMLSimpleApplication@2f7e6b5b
----------------- Done invoking toplevel() on ptolemy.moml.MoMLSimpleApplication@2f7e6b5b
reloadAllAccessors: .PublisherToplevelSubscriberPortAOC

===========================================================================================
----------------- testing Mon Dec 23 06:28:55 UTC 2019 /home/travis/build/icyphy/ptII/ptolemy/actor/lib/test/auto/PulseFiringLimitDE.xml
----------------- Instantiating /home/travis/build/icyphy/ptII/ptolemy/actor/lib/test/auto/PulseFiringLimitDE.xml
3 ms. Memory: 522240K Free: 336382K (64%)
----------------- Invoking toplevel() on ptolemy.moml.MoMLSimpleApplication@3ae8450f
----------------- Done invoking toplevel() on ptolemy.moml.MoMLSimpleApplication@3ae8450f
reloadAllAccessors: .PulseFiringLimitDE

===========================================================================================
----------------- testing Mon Dec 23 06:28:55 UTC 2019 /home/travis/build/icyphy/ptII/ptolemy/actor/lib/test/auto/Ramp1.xml
----------------- Instantiating /home/travis/build/icyphy/ptII/ptolemy/actor/lib/test/auto/Ramp1.xml
1 ms. Memory: 522240K Free: 332279K (64%)
----------------- Invoking toplevel() on ptolemy.moml.MoMLSimpleApplication@4b7ee02c
----------------- Done invoking toplevel() on ptolemy.moml.MoMLSimpleApplication@4b7ee02c
reloadAllAccessors: .Ramp1

===========================================================================================
----------------- testing Mon Dec 23 06:28:55 UTC 2019 /home/travis/build/icyphy/ptII/ptolemy/actor/lib/test/auto/RampFiringLimitDE.xml
----------------- Instantiating /home/travis/build/icyphy/ptII/ptolemy/actor/lib/test/auto/RampFiringLimitDE.xml
2 ms. Memory: 522240K Free: 326127K (62%)
----------------- Invoking toplevel() on ptolemy.moml.MoMLSimpleApplication@33f49629
----------------- Done invoking toplevel() on ptolemy.moml.MoMLSimpleApplication@33f49629
reloadAllAccessors: .RampFiringLimitDE

===========================================================================================
----------------- testing Mon Dec 23 06:28:55 UTC 2019 /home/travis/build/icyphy/ptII/ptolemy/actor/lib/test/auto/RampFiringLimitSDF.xml
----------------- Instantiating /home/travis/build/icyphy/ptII/ptolemy/actor/lib/test/auto/RampFiringLimitSDF.xml
1 ms. Memory: 522240K Free: 320512K (61%)
----------------- Invoking toplevel() on ptolemy.moml.MoMLSimpleApplication@17cee9c5
----------------- Done invoking toplevel() on ptolemy.moml.MoMLSimpleApplication@17cee9c5
reloadAllAccessors: .RampFiringLimitSDF

===========================================================================================
----------------- testing Mon Dec 23 06:28:55 UTC 2019 /home/travis/build/icyphy/ptII/ptolemy/actor/lib/test/auto/RandomInteger.xml
----------------- Instantiating /home/travis/build/icyphy/ptII/ptolemy/actor/lib/test/auto/RandomInteger.xml
1 ms. Memory: 522240K Free: 316416K (61%)
----------------- Invoking toplevel() on ptolemy.moml.MoMLSimpleApplication@17624d37
----------------- Done invoking toplevel() on ptolemy.moml.MoMLSimpleApplication@17624d37
reloadAllAccessors: .RandomInteger

===========================================================================================
----------------- testing Mon Dec 23 06:28:55 UTC 2019 /home/travis/build/icyphy/ptII/ptolemy/actor/lib/test/auto/ReadFile1.xml
----------------- Instantiating /home/travis/build/icyphy/ptII/ptolemy/actor/lib/test/auto/ReadFile1.xml
1 ms. Memory: 522240K Free: 311799K (60%)
----------------- Invoking toplevel() on ptolemy.moml.MoMLSimpleApplication@7c530e56
----------------- Done invoking toplevel() on ptolemy.moml.MoMLSimpleApplication@7c530e56
reloadAllAccessors: .ReadFile1

===========================================================================================
----------------- testing Mon Dec 23 06:28:55 UTC 2019 /home/travis/build/icyphy/ptII/ptolemy/actor/lib/test/auto/ReadFile2.xml
----------------- Instantiating /home/travis/build/icyphy/ptII/ptolemy/actor/lib/test/auto/ReadFile2.xml
1 ms. Memory: 522240K Free: 307710K (59%)
----------------- Invoking toplevel() on ptolemy.moml.MoMLSimpleApplication@13afcdb0
----------------- Done invoking toplevel() on ptolemy.moml.MoMLSimpleApplication@13afcdb0
reloadAllAccessors: .ReadFile2

===========================================================================================
----------------- testing Mon Dec 23 06:28:55 UTC 2019 /home/travis/build/icyphy/ptII/ptolemy/actor/lib/test/auto/Reader.xml
----------------- Instantiating /home/travis/build/icyphy/ptII/ptolemy/actor/lib/test/auto/Reader.xml
actor.lib.Reader is obsolete, use actor.lib.io.ExpressionReader instead
3 ms. Memory: 522240K Free: 303614K (58%)
----------------- Invoking toplevel() on ptolemy.moml.MoMLSimpleApplication@38b2528c
----------------- Done invoking toplevel() on ptolemy.moml.MoMLSimpleApplication@38b2528c
reloadAllAccessors: .Reader

===========================================================================================
----------------- testing Mon Dec 23 06:28:55 UTC 2019 /home/travis/build/icyphy/ptII/ptolemy/actor/lib/test/auto/RecordAssemblerDisplayNameTest.xml
----------------- Instantiating /home/travis/build/icyphy/ptII/ptolemy/actor/lib/test/auto/RecordAssemblerDisplayNameTest.xml
3535 ms. Memory: 522240K Free: 300030K (57%)
----------------- Invoking toplevel() on ptolemy.moml.MoMLSimpleApplication@63a7cbe1
----------------- Done invoking toplevel() on ptolemy.moml.MoMLSimpleApplication@63a7cbe1
reloadAllAccessors: .RecordAssemblerDisplayNameTest

===========================================================================================
----------------- testing Mon Dec 23 06:28:58 UTC 2019 /home/travis/build/icyphy/ptII/ptolemy/actor/lib/test/auto/RecordAssemblerTypeError.xml
----------------- Instantiating /home/travis/build/icyphy/ptII/ptolemy/actor/lib/test/auto/RecordAssemblerTypeError.xml
5 ms. Memory: 522240K Free: 290304K (56%)
----------------- Invoking toplevel() on ptolemy.moml.MoMLSimpleApplication@6f3377ff
----------------- Done invoking toplevel() on ptolemy.moml.MoMLSimpleApplication@6f3377ff
reloadAllAccessors: .RecordAssemblerTypeError

===========================================================================================
----------------- testing Mon Dec 23 06:28:58 UTC 2019 /home/travis/build/icyphy/ptII/ptolemy/actor/lib/test/auto/RecordDisassember.xml
----------------- Instantiating /home/travis/build/icyphy/ptII/ptolemy/actor/lib/test/auto/RecordDisassember.xml
3 ms. Memory: 522240K Free: 285663K (55%)
----------------- Invoking toplevel() on ptolemy.moml.MoMLSimpleApplication@28daf634
----------------- Done invoking toplevel() on ptolemy.moml.MoMLSimpleApplication@28daf634
reloadAllAccessors: .RecordDisassember

===========================================================================================
----------------- testing Mon Dec 23 06:28:58 UTC 2019 /home/travis/build/icyphy/ptII/ptolemy/actor/lib/test/auto/RecordDisassemberDisplayNameTest.xml
----------------- Instantiating /home/travis/build/icyphy/ptII/ptolemy/actor/lib/test/auto/RecordDisassemberDisplayNameTest.xml
5 ms. Memory: 522240K Free: 277502K (53%)
----------------- Invoking toplevel() on ptolemy.moml.MoMLSimpleApplication@1fa222b5
----------------- Done invoking toplevel() on ptolemy.moml.MoMLSimpleApplication@1fa222b5
reloadAllAccessors: .RecordDisassemberDisplayNameTest

===========================================================================================
----------------- testing Mon Dec 23 06:28:58 UTC 2019 /home/travis/build/icyphy/ptII/ptolemy/actor/lib/test/auto/RecordDisassembler.xml
----------------- Instantiating /home/travis/build/icyphy/ptII/ptolemy/actor/lib/test/auto/RecordDisassembler.xml
2 ms. Memory: 522240K Free: 272351K (52%)
----------------- Invoking toplevel() on ptolemy.moml.MoMLSimpleApplication@3dc2c05f
----------------- Done invoking toplevel() on ptolemy.moml.MoMLSimpleApplication@3dc2c05f
reloadAllAccessors: .RecordDisassembler

===========================================================================================
----------------- testing Mon Dec 23 06:28:58 UTC 2019 /home/travis/build/icyphy/ptII/ptolemy/actor/lib/test/auto/RecordDisassembler2.xml
----------------- Instantiating /home/travis/build/icyphy/ptII/ptolemy/actor/lib/test/auto/RecordDisassembler2.xml
2 ms. Memory: 522240K Free: 267231K (51%)
----------------- Invoking toplevel() on ptolemy.moml.MoMLSimpleApplication@235cf74b
----------------- Done invoking toplevel() on ptolemy.moml.MoMLSimpleApplication@235cf74b
reloadAllAccessors: .RecordDisassembler2

===========================================================================================
----------------- testing Mon Dec 23 06:28:58 UTC 2019 /home/travis/build/icyphy/ptII/ptolemy/actor/lib/test/auto/RecordUpdater.xml
----------------- Instantiating /home/travis/build/icyphy/ptII/ptolemy/actor/lib/test/auto/RecordUpdater.xml
2 ms. Memory: 522240K Free: 262142K (50%)
----------------- Invoking toplevel() on ptolemy.moml.MoMLSimpleApplication@47260fd7
----------------- Done invoking toplevel() on ptolemy.moml.MoMLSimpleApplication@47260fd7
reloadAllAccessors: .RecordUpdater

===========================================================================================
----------------- testing Mon Dec 23 06:28:58 UTC 2019 /home/travis/build/icyphy/ptII/ptolemy/actor/lib/test/auto/RecordUpdater2.xml
----------------- Instantiating /home/travis/build/icyphy/ptII/ptolemy/actor/lib/test/auto/RecordUpdater2.xml
2 ms. Memory: 522240K Free: 257022K (49%)
----------------- Invoking toplevel() on ptolemy.moml.MoMLSimpleApplication@4eda4b3d
----------------- Done invoking toplevel() on ptolemy.moml.MoMLSimpleApplication@4eda4b3d
reloadAllAccessors: .RecordUpdater2

===========================================================================================
----------------- testing Mon Dec 23 06:28:58 UTC 2019 /home/travis/build/icyphy/ptII/ptolemy/actor/lib/test/auto/RecursiveLattice.xml
----------------- Instantiating /home/travis/build/icyphy/ptII/ptolemy/actor/lib/test/auto/RecursiveLattice.xml
2 ms. Memory: 522240K Free: 252926K (48%)
----------------- Invoking toplevel() on ptolemy.moml.MoMLSimpleApplication@464e4f75
----------------- Done invoking toplevel() on ptolemy.moml.MoMLSimpleApplication@464e4f75
reloadAllAccessors: .RecursiveLattice

===========================================================================================
----------------- testing Mon Dec 23 06:28:58 UTC 2019 /home/travis/build/icyphy/ptII/ptolemy/actor/lib/test/auto/Router.xml
----------------- Instantiating /home/travis/build/icyphy/ptII/ptolemy/actor/lib/test/auto/Router.xml
3004 ms. Memory: 522240K Free: 241152K (46%)
----------------- Invoking toplevel() on ptolemy.moml.MoMLSimpleApplication@2cb810db
----------------- Done invoking toplevel() on ptolemy.moml.MoMLSimpleApplication@2cb810db
reloadAllAccessors: .Router

===========================================================================================
----------------- testing Mon Dec 23 06:29:01 UTC 2019 /home/travis/build/icyphy/ptII/ptolemy/actor/lib/test/auto/Router2.xml
----------------- Instantiating /home/travis/build/icyphy/ptII/ptolemy/actor/lib/test/auto/Router2.xml
3010 ms. Memory: 522240K Free: 230398K (44%)
----------------- Invoking toplevel() on ptolemy.moml.MoMLSimpleApplication@408056ec
----------------- Done invoking toplevel() on ptolemy.moml.MoMLSimpleApplication@408056ec
reloadAllAccessors: .Router2

===========================================================================================
----------------- testing Mon Dec 23 06:29:04 UTC 2019 /home/travis/build/icyphy/ptII/ptolemy/actor/lib/test/auto/RunningMaximum.xml
----------------- Instantiating /home/travis/build/icyphy/ptII/ptolemy/actor/lib/test/auto/RunningMaximum.xml
2 ms. Memory: 522240K Free: 225792K (43%)
----------------- Invoking toplevel() on ptolemy.moml.MoMLSimpleApplication@66b312b0
----------------- Done invoking toplevel() on ptolemy.moml.MoMLSimpleApplication@66b312b0
reloadAllAccessors: .RunningMaximum

===========================================================================================
----------------- testing Mon Dec 23 06:29:04 UTC 2019 /home/travis/build/icyphy/ptII/ptolemy/actor/lib/test/auto/RunningMinimum.xml
----------------- Instantiating /home/travis/build/icyphy/ptII/ptolemy/actor/lib/test/auto/RunningMinimum.xml
9 ms. Memory: 522240K Free: 221182K (42%)
----------------- Invoking toplevel() on ptolemy.moml.MoMLSimpleApplication@6a72701e
----------------- Done invoking toplevel() on ptolemy.moml.MoMLSimpleApplication@6a72701e
reloadAllAccessors: .RunningMinimum

===========================================================================================
----------------- testing Mon Dec 23 06:29:04 UTC 2019 /home/travis/build/icyphy/ptII/ptolemy/actor/lib/test/auto/Scale.xml
----------------- Instantiating /home/travis/build/icyphy/ptII/ptolemy/actor/lib/test/auto/Scale.xml
1 ms. Memory: 522240K Free: 217086K (42%)
----------------- Invoking toplevel() on ptolemy.moml.MoMLSimpleApplication@25c24823
----------------- Done invoking toplevel() on ptolemy.moml.MoMLSimpleApplication@25c24823
reloadAllAccessors: .Scale

===========================================================================================
----------------- testing Mon Dec 23 06:29:05 UTC 2019 /home/travis/build/icyphy/ptII/ptolemy/actor/lib/test/auto/Scale2.xml
----------------- Instantiating /home/travis/build/icyphy/ptII/ptolemy/actor/lib/test/auto/Scale2.xml
1 ms. Memory: 522240K Free: 212480K (41%)
----------------- Invoking toplevel() on ptolemy.moml.MoMLSimpleApplication@50032360
----------------- Done invoking toplevel() on ptolemy.moml.MoMLSimpleApplication@50032360
reloadAllAccessors: .Scale2

===========================================================================================
----------------- testing Mon Dec 23 06:29:05 UTC 2019 /home/travis/build/icyphy/ptII/ptolemy/actor/lib/test/auto/Scale3.xml
----------------- Instantiating /home/travis/build/icyphy/ptII/ptolemy/actor/lib/test/auto/Scale3.xml
7 ms. Memory: 522240K Free: 205822K (39%)
----------------- Invoking toplevel() on ptolemy.moml.MoMLSimpleApplication@3aefd073
----------------- Done invoking toplevel() on ptolemy.moml.MoMLSimpleApplication@3aefd073
reloadAllAccessors: .Scale3

===========================================================================================
----------------- testing Mon Dec 23 06:29:05 UTC 2019 /home/travis/build/icyphy/ptII/ptolemy/actor/lib/test/auto/ScaleArray.xml
----------------- Instantiating /home/travis/build/icyphy/ptII/ptolemy/actor/lib/test/auto/ScaleArray.xml
2 ms. Memory: 522240K Free: 201216K (39%)
----------------- Invoking toplevel() on ptolemy.moml.MoMLSimpleApplication@1f21d895
----------------- Done invoking toplevel() on ptolemy.moml.MoMLSimpleApplication@1f21d895
reloadAllAccessors: .ScaleArray

===========================================================================================
----------------- testing Mon Dec 23 06:29:05 UTC 2019 /home/travis/build/icyphy/ptII/ptolemy/actor/lib/test/auto/ScaleArray2.xml
----------------- Instantiating /home/travis/build/icyphy/ptII/ptolemy/actor/lib/test/auto/ScaleArray2.xml
1 ms. Memory: 522240K Free: 196606K (38%)
----------------- Invoking toplevel() on ptolemy.moml.MoMLSimpleApplication@101c2031
----------------- Done invoking toplevel() on ptolemy.moml.MoMLSimpleApplication@101c2031
reloadAllAccessors: .ScaleArray2

===========================================================================================
----------------- testing Mon Dec 23 06:29:05 UTC 2019 /home/travis/build/icyphy/ptII/ptolemy/actor/lib/test/auto/ScaleMatrix.xml
----------------- Instantiating /home/travis/build/icyphy/ptII/ptolemy/actor/lib/test/auto/ScaleMatrix.xml
129 ms. Memory: 522240K Free: 180222K (35%)
----------------- Invoking toplevel() on ptolemy.moml.MoMLSimpleApplication@5207279a
----------------- Done invoking toplevel() on ptolemy.moml.MoMLSimpleApplication@5207279a
reloadAllAccessors: .ScaleMatrix

===========================================================================================
----------------- testing Mon Dec 23 06:29:05 UTC 2019 /home/travis/build/icyphy/ptII/ptolemy/actor/lib/test/auto/Select.xml
----------------- Instantiating /home/travis/build/icyphy/ptII/ptolemy/actor/lib/test/auto/Select.xml
2 ms. Memory: 522240K Free: 174047K (33%)
----------------- Invoking toplevel() on ptolemy.moml.MoMLSimpleApplication@27139ee7
----------------- Done invoking toplevel() on ptolemy.moml.MoMLSimpleApplication@27139ee7
reloadAllAccessors: .Select

===========================================================================================
----------------- testing Mon Dec 23 06:29:05 UTC 2019 /home/travis/build/icyphy/ptII/ptolemy/actor/lib/test/auto/Select2.xml
----------------- Instantiating /home/travis/build/icyphy/ptII/ptolemy/actor/lib/test/auto/Select2.xml
0 ms. Memory: 522240K Free: 169472K (32%)
----------------- Invoking toplevel() on ptolemy.moml.MoMLSimpleApplication@207675c7
----------------- Done invoking toplevel() on ptolemy.moml.MoMLSimpleApplication@207675c7
reloadAllAccessors: .Select2

===========================================================================================
----------------- testing Mon Dec 23 06:29:05 UTC 2019 /home/travis/build/icyphy/ptII/ptolemy/actor/lib/test/auto/SequenceToArray2.xml
----------------- Instantiating /home/travis/build/icyphy/ptII/ptolemy/actor/lib/test/auto/SequenceToArray2.xml
93 ms. Memory: 522240K Free: 447983K (86%)
----------------- Invoking toplevel() on ptolemy.moml.MoMLSimpleApplication@7e4245c0
----------------- Done invoking toplevel() on ptolemy.moml.MoMLSimpleApplication@7e4245c0
reloadAllAccessors: .SequenceToArray2

===========================================================================================
----------------- testing Mon Dec 23 06:29:05 UTC 2019 /home/travis/build/icyphy/ptII/ptolemy/actor/lib/test/auto/SequentialClock.xml
----------------- Instantiating /home/travis/build/icyphy/ptII/ptolemy/actor/lib/test/auto/SequentialClock.xml
1 ms. Memory: 522240K Free: 443902K (85%)
----------------- Invoking toplevel() on ptolemy.moml.MoMLSimpleApplication@18251fb1
----------------- Done invoking toplevel() on ptolemy.moml.MoMLSimpleApplication@18251fb1
reloadAllAccessors: .SequentialClock

===========================================================================================
----------------- testing Mon Dec 23 06:29:05 UTC 2019 /home/travis/build/icyphy/ptII/ptolemy/actor/lib/test/auto/SetVariable.xml
----------------- Instantiating /home/travis/build/icyphy/ptII/ptolemy/actor/lib/test/auto/SetVariable.xml
3 ms. Memory: 522240K Free: 439296K (84%)
----------------- Invoking toplevel() on ptolemy.moml.MoMLSimpleApplication@d9317cc
----------------- Done invoking toplevel() on ptolemy.moml.MoMLSimpleApplication@d9317cc
reloadAllAccessors: .SetVariable

===========================================================================================
----------------- testing Mon Dec 23 06:29:05 UTC 2019 /home/travis/build/icyphy/ptII/ptolemy/actor/lib/test/auto/SetVariable2.xml
----------------- Instantiating /home/travis/build/icyphy/ptII/ptolemy/actor/lib/test/auto/SetVariable2.xml
4 ms. Memory: 522240K Free: 434176K (83%)
----------------- Invoking toplevel() on ptolemy.moml.MoMLSimpleApplication@6a0767e
----------------- Done invoking toplevel() on ptolemy.moml.MoMLSimpleApplication@6a0767e
reloadAllAccessors: .SetVariable2

===========================================================================================
----------------- testing Mon Dec 23 06:29:05 UTC 2019 /home/travis/build/icyphy/ptII/ptolemy/actor/lib/test/auto/SetVariable3.xml
----------------- Instantiating /home/travis/build/icyphy/ptII/ptolemy/actor/lib/test/auto/SetVariable3.xml
6 ms. Memory: 522240K Free: 429056K (82%)
----------------- Invoking toplevel() on ptolemy.moml.MoMLSimpleApplication@419f1d7e
----------------- Done invoking toplevel() on ptolemy.moml.MoMLSimpleApplication@419f1d7e
reloadAllAccessors: .SetVariable3

===========================================================================================
----------------- testing Mon Dec 23 06:29:05 UTC 2019 /home/travis/build/icyphy/ptII/ptolemy/actor/lib/test/auto/SetVariable4.xml
----------------- Instantiating /home/travis/build/icyphy/ptII/ptolemy/actor/lib/test/auto/SetVariable4.xml
18 ms. Memory: 522240K Free: 418816K (80%)
----------------- Invoking toplevel() on ptolemy.moml.MoMLSimpleApplication@14f44a0f
----------------- Done invoking toplevel() on ptolemy.moml.MoMLSimpleApplication@14f44a0f
reloadAllAccessors: .SetVariable4

===========================================================================================
----------------- testing Mon Dec 23 06:29:05 UTC 2019 /home/travis/build/icyphy/ptII/ptolemy/actor/lib/test/auto/SetVariable5.xml
----------------- Instantiating /home/travis/build/icyphy/ptII/ptolemy/actor/lib/test/auto/SetVariable5.xml
15 ms. Memory: 522240K Free: 409600K (78%)
----------------- Invoking toplevel() on ptolemy.moml.MoMLSimpleApplication@19a5be5a
----------------- Done invoking toplevel() on ptolemy.moml.MoMLSimpleApplication@19a5be5a
reloadAllAccessors: .SetVariable5

===========================================================================================
----------------- testing Mon Dec 23 06:29:05 UTC 2019 /home/travis/build/icyphy/ptII/ptolemy/actor/lib/test/auto/Sinewave.xml
----------------- Instantiating /home/travis/build/icyphy/ptII/ptolemy/actor/lib/test/auto/Sinewave.xml
3 ms. Memory: 522240K Free: 398846K (76%)
----------------- Invoking toplevel() on ptolemy.moml.MoMLSimpleApplication@261d1a81
----------------- Done invoking toplevel() on ptolemy.moml.MoMLSimpleApplication@261d1a81
reloadAllAccessors: .Sinewave

===========================================================================================
----------------- testing Mon Dec 23 06:29:05 UTC 2019 /home/travis/build/icyphy/ptII/ptolemy/actor/lib/test/auto/Sinewave2.xml
----------------- Instantiating /home/travis/build/icyphy/ptII/ptolemy/actor/lib/test/auto/Sinewave2.xml
4 ms. Memory: 522240K Free: 390639K (75%)
----------------- Invoking toplevel() on ptolemy.moml.MoMLSimpleApplication@334a67be
----------------- Done invoking toplevel() on ptolemy.moml.MoMLSimpleApplication@334a67be
reloadAllAccessors: .Sinewave2

===========================================================================================
----------------- testing Mon Dec 23 06:29:05 UTC 2019 /home/travis/build/icyphy/ptII/ptolemy/actor/lib/test/auto/Sinewave3.xml
----------------- Instantiating /home/travis/build/icyphy/ptII/ptolemy/actor/lib/test/auto/Sinewave3.xml
8 ms. Memory: 522240K Free: 382431K (73%)
----------------- Invoking toplevel() on ptolemy.moml.MoMLSimpleApplication@20cc8fe3
----------------- Done invoking toplevel() on ptolemy.moml.MoMLSimpleApplication@20cc8fe3
reloadAllAccessors: .Sinewave3

===========================================================================================
----------------- testing Mon Dec 23 06:29:05 UTC 2019 /home/travis/build/icyphy/ptII/ptolemy/actor/lib/test/auto/SingleEvent.xml
----------------- Instantiating /home/travis/build/icyphy/ptII/ptolemy/actor/lib/test/auto/SingleEvent.xml
1 ms. Memory: 522240K Free: 378366K (72%)
----------------- Invoking toplevel() on ptolemy.moml.MoMLSimpleApplication@776846f
----------------- Done invoking toplevel() on ptolemy.moml.MoMLSimpleApplication@776846f
reloadAllAccessors: .SingleEvent

===========================================================================================
----------------- testing Mon Dec 23 06:29:05 UTC 2019 /home/travis/build/icyphy/ptII/ptolemy/actor/lib/test/auto/Sleep.xml
----------------- Instantiating /home/travis/build/icyphy/ptII/ptolemy/actor/lib/test/auto/Sleep.xml
6003 ms. Memory: 522240K Free: 372736K (71%)
----------------- Invoking toplevel() on ptolemy.moml.MoMLSimpleApplication@13310831
----------------- Done invoking toplevel() on ptolemy.moml.MoMLSimpleApplication@13310831
reloadAllAccessors: .Sleep

===========================================================================================
----------------- testing Mon Dec 23 06:29:11 UTC 2019 /home/travis/build/icyphy/ptII/ptolemy/actor/lib/test/auto/SleepMultipleFire.xml
----------------- Instantiating /home/travis/build/icyphy/ptII/ptolemy/actor/lib/test/auto/SleepMultipleFire.xml
1004 ms. Memory: 522240K Free: 367102K (70%)
----------------- Invoking toplevel() on ptolemy.moml.MoMLSimpleApplication@f95ea55
----------------- Done invoking toplevel() on ptolemy.moml.MoMLSimpleApplication@f95ea55
reloadAllAccessors: .SleepMultipleFire

===========================================================================================
----------------- testing Mon Dec 23 06:29:12 UTC 2019 /home/travis/build/icyphy/ptII/ptolemy/actor/lib/test/auto/StopDE.xml
----------------- Instantiating /home/travis/build/icyphy/ptII/ptolemy/actor/lib/test/auto/StopDE.xml
7 ms. Memory: 522240K Free: 361472K (69%)
----------------- Invoking toplevel() on ptolemy.moml.MoMLSimpleApplication@28e1b439
----------------- Done invoking toplevel() on ptolemy.moml.MoMLSimpleApplication@28e1b439
reloadAllAccessors: .StopDE

===========================================================================================
----------------- testing Mon Dec 23 06:29:12 UTC 2019 /home/travis/build/icyphy/ptII/ptolemy/actor/lib/test/auto/StopSDF.xml
----------------- Instantiating /home/travis/build/icyphy/ptII/ptolemy/actor/lib/test/auto/StopSDF.xml
2 ms. Memory: 522240K Free: 356352K (68%)
----------------- Invoking toplevel() on ptolemy.moml.MoMLSimpleApplication@2dba7fb6
----------------- Done invoking toplevel() on ptolemy.moml.MoMLSimpleApplication@2dba7fb6
reloadAllAccessors: .StopSDF

===========================================================================================
----------------- testing Mon Dec 23 06:29:12 UTC 2019 /home/travis/build/icyphy/ptII/ptolemy/actor/lib/test/auto/StringConstant.xml
----------------- Instantiating /home/travis/build/icyphy/ptII/ptolemy/actor/lib/test/auto/StringConstant.xml
9 ms. Memory: 522240K Free: 352256K (67%)
----------------- Invoking toplevel() on ptolemy.moml.MoMLSimpleApplication@7c9a699b
----------------- Done invoking toplevel() on ptolemy.moml.MoMLSimpleApplication@7c9a699b
reloadAllAccessors: .StringConstant

===========================================================================================
----------------- testing Mon Dec 23 06:29:12 UTC 2019 /home/travis/build/icyphy/ptII/ptolemy/actor/lib/test/auto/SubscriberPortInitialValues1.xml
----------------- Instantiating /home/travis/build/icyphy/ptII/ptolemy/actor/lib/test/auto/SubscriberPortInitialValues1.xml
15 ms. Memory: 522240K Free: 343040K (66%)
----------------- Invoking toplevel() on ptolemy.moml.MoMLSimpleApplication@350bf4da
----------------- Done invoking toplevel() on ptolemy.moml.MoMLSimpleApplication@350bf4da
reloadAllAccessors: .SubscriberPortInitialValues1

===========================================================================================
----------------- testing Mon Dec 23 06:29:12 UTC 2019 /home/travis/build/icyphy/ptII/ptolemy/actor/lib/test/auto/SubscriberPortInitialValues13.xml
----------------- Instantiating /home/travis/build/icyphy/ptII/ptolemy/actor/lib/test/auto/SubscriberPortInitialValues13.xml
5 ms. Memory: 522240K Free: 330750K (63%)
----------------- Invoking toplevel() on ptolemy.moml.MoMLSimpleApplication@513b8811
----------------- Done invoking toplevel() on ptolemy.moml.MoMLSimpleApplication@513b8811
reloadAllAccessors: .SubscriberPortInitialValues13

===========================================================================================
----------------- testing Mon Dec 23 06:29:12 UTC 2019 /home/travis/build/icyphy/ptII/ptolemy/actor/lib/test/auto/SubscriberPortInitialValues14.xml
----------------- Instantiating /home/travis/build/icyphy/ptII/ptolemy/actor/lib/test/auto/SubscriberPortInitialValues14.xml
4 ms. Memory: 522240K Free: 323070K (62%)
----------------- Invoking toplevel() on ptolemy.moml.MoMLSimpleApplication@3442b902
----------------- Done invoking toplevel() on ptolemy.moml.MoMLSimpleApplication@3442b902
reloadAllAccessors: .SubscriberPortInitialValues14

===========================================================================================
----------------- testing Mon Dec 23 06:29:12 UTC 2019 /home/travis/build/icyphy/ptII/ptolemy/actor/lib/test/auto/SubscriberPortInitialValues2.xml
----------------- Instantiating /home/travis/build/icyphy/ptII/ptolemy/actor/lib/test/auto/SubscriberPortInitialValues2.xml
4 ms. Memory: 522240K Free: 315392K (60%)
----------------- Invoking toplevel() on ptolemy.moml.MoMLSimpleApplication@3bab5c20
----------------- Done invoking toplevel() on ptolemy.moml.MoMLSimpleApplication@3bab5c20
reloadAllAccessors: .SubscriberPortInitialValues2

===========================================================================================
----------------- testing Mon Dec 23 06:29:12 UTC 2019 /home/travis/build/icyphy/ptII/ptolemy/actor/lib/test/auto/SubscriberPortInitialValues3.xml
----------------- Instantiating /home/travis/build/icyphy/ptII/ptolemy/actor/lib/test/auto/SubscriberPortInitialValues3.xml
4 ms. Memory: 522240K Free: 304128K (58%)
----------------- Invoking toplevel() on ptolemy.moml.MoMLSimpleApplication@759fc8eb
----------------- Done invoking toplevel() on ptolemy.moml.MoMLSimpleApplication@759fc8eb
reloadAllAccessors: .SubscriberPortInitialValues3

===========================================================================================
----------------- testing Mon Dec 23 06:29:12 UTC 2019 /home/travis/build/icyphy/ptII/ptolemy/actor/lib/test/auto/SubscriptionAggregator.xml
----------------- Instantiating /home/travis/build/icyphy/ptII/ptolemy/actor/lib/test/auto/SubscriptionAggregator.xml
2 ms. Memory: 522240K Free: 297455K (57%)
----------------- Invoking toplevel() on ptolemy.moml.MoMLSimpleApplication@2c1e1216
----------------- Done invoking toplevel() on ptolemy.moml.MoMLSimpleApplication@2c1e1216
reloadAllAccessors: .SubscriptionAggregator

===========================================================================================
----------------- testing Mon Dec 23 06:29:12 UTC 2019 /home/travis/build/icyphy/ptII/ptolemy/actor/lib/test/auto/SubscriptionAggregator2.xml
----------------- Instantiating /home/travis/build/icyphy/ptII/ptolemy/actor/lib/test/auto/SubscriptionAggregator2.xml
3 ms. Memory: 522240K Free: 290295K (56%)
----------------- Invoking toplevel() on ptolemy.moml.MoMLSimpleApplication@2c8af307
----------------- Done invoking toplevel() on ptolemy.moml.MoMLSimpleApplication@2c8af307
reloadAllAccessors: .SubscriptionAggregator2

===========================================================================================
----------------- testing Mon Dec 23 06:29:12 UTC 2019 /home/travis/build/icyphy/ptII/ptolemy/actor/lib/test/auto/SubscriptionAggregator3.xml
----------------- Instantiating /home/travis/build/icyphy/ptII/ptolemy/actor/lib/test/auto/SubscriptionAggregator3.xml
4 ms. Memory: 522240K Free: 281600K (54%)
----------------- Invoking toplevel() on ptolemy.moml.MoMLSimpleApplication@542e699a
----------------- Done invoking toplevel() on ptolemy.moml.MoMLSimpleApplication@542e699a
reloadAllAccessors: .SubscriptionAggregator3

===========================================================================================
----------------- testing Mon Dec 23 06:29:12 UTC 2019 /home/travis/build/icyphy/ptII/ptolemy/actor/lib/test/auto/SubscriptionAggregatorMultiply.xml
----------------- Instantiating /home/travis/build/icyphy/ptII/ptolemy/actor/lib/test/auto/SubscriptionAggregatorMultiply.xml
2 ms. Memory: 522240K Free: 272887K (52%)
----------------- Invoking toplevel() on ptolemy.moml.MoMLSimpleApplication@7d6a3da
----------------- Done invoking toplevel() on ptolemy.moml.MoMLSimpleApplication@7d6a3da
reloadAllAccessors: .SubscriptionAggregatorMultiply

===========================================================================================
----------------- testing Mon Dec 23 06:29:12 UTC 2019 /home/travis/build/icyphy/ptII/ptolemy/actor/lib/test/auto/SubscriptionAggregatorPortMultiply1.xml
----------------- Instantiating /home/travis/build/icyphy/ptII/ptolemy/actor/lib/test/auto/SubscriptionAggregatorPortMultiply1.xml
3 ms. Memory: 522240K Free: 265216K (51%)
----------------- Invoking toplevel() on ptolemy.moml.MoMLSimpleApplication@5b703cc1
----------------- Done invoking toplevel() on ptolemy.moml.MoMLSimpleApplication@5b703cc1
reloadAllAccessors: .SubscriptionAggregatorPortMultiply1

===========================================================================================
----------------- testing Mon Dec 23 06:29:12 UTC 2019 /home/travis/build/icyphy/ptII/ptolemy/actor/lib/test/auto/Switch.xml
----------------- Instantiating /home/travis/build/icyphy/ptII/ptolemy/actor/lib/test/auto/Switch.xml
8 ms. Memory: 522240K Free: 257024K (49%)
----------------- Invoking toplevel() on ptolemy.moml.MoMLSimpleApplication@5310fdc5
----------------- Done invoking toplevel() on ptolemy.moml.MoMLSimpleApplication@5310fdc5
reloadAllAccessors: .Switch

===========================================================================================
----------------- testing Mon Dec 23 06:29:12 UTC 2019 /home/travis/build/icyphy/ptII/ptolemy/actor/lib/test/auto/Switch2.xml
----------------- Instantiating /home/travis/build/icyphy/ptII/ptolemy/actor/lib/test/auto/Switch2.xml
1 ms. Memory: 522240K Free: 252414K (48%)
----------------- Invoking toplevel() on ptolemy.moml.MoMLSimpleApplication@282f1c08
----------------- Done invoking toplevel() on ptolemy.moml.MoMLSimpleApplication@282f1c08
reloadAllAccessors: .Switch2

===========================================================================================
----------------- testing Mon Dec 23 06:29:12 UTC 2019 /home/travis/build/icyphy/ptII/ptolemy/actor/lib/test/auto/SwitchDE.xml
----------------- Instantiating /home/travis/build/icyphy/ptII/ptolemy/actor/lib/test/auto/SwitchDE.xml
3 ms. Memory: 522240K Free: 246255K (47%)
----------------- Invoking toplevel() on ptolemy.moml.MoMLSimpleApplication@2a7077c3
----------------- Done invoking toplevel() on ptolemy.moml.MoMLSimpleApplication@2a7077c3
reloadAllAccessors: .SwitchDE

===========================================================================================
----------------- testing Mon Dec 23 06:29:12 UTC 2019 /home/travis/build/icyphy/ptII/ptolemy/actor/lib/test/auto/SynchronizerDE.xml
----------------- Instantiating /home/travis/build/icyphy/ptII/ptolemy/actor/lib/test/auto/SynchronizerDE.xml
6 ms. Memory: 522240K Free: 238063K (46%)
----------------- Invoking toplevel() on ptolemy.moml.MoMLSimpleApplication@194a7ff2
----------------- Done invoking toplevel() on ptolemy.moml.MoMLSimpleApplication@194a7ff2
reloadAllAccessors: .SynchronizerDE

===========================================================================================
----------------- testing Mon Dec 23 06:29:12 UTC 2019 /home/travis/build/icyphy/ptII/ptolemy/actor/lib/test/auto/Test.xml
----------------- Instantiating /home/travis/build/icyphy/ptII/ptolemy/actor/lib/test/auto/Test.xml
9 ms. Memory: 522240K Free: 232943K (45%)
----------------- Invoking toplevel() on ptolemy.moml.MoMLSimpleApplication@ec980ae
----------------- Done invoking toplevel() on ptolemy.moml.MoMLSimpleApplication@ec980ae
reloadAllAccessors: .Test

===========================================================================================
----------------- testing Mon Dec 23 06:29:12 UTC 2019 /home/travis/build/icyphy/ptII/ptolemy/actor/lib/test/auto/TestExceptionAttribute1.xml
----------------- Instantiating /home/travis/build/icyphy/ptII/ptolemy/actor/lib/test/auto/TestExceptionAttribute1.xml
2 ms. Memory: 522240K Free: 229376K (44%)
----------------- Invoking toplevel() on ptolemy.moml.MoMLSimpleApplication@6b20cad3
----------------- Done invoking toplevel() on ptolemy.moml.MoMLSimpleApplication@6b20cad3
reloadAllAccessors: .TestExceptionAttribute1

===========================================================================================
----------------- testing Mon Dec 23 06:29:12 UTC 2019 /home/travis/build/icyphy/ptII/ptolemy/actor/lib/test/auto/TestExceptionAttribute2.xml
----------------- Instantiating /home/travis/build/icyphy/ptII/ptolemy/actor/lib/test/auto/TestExceptionAttribute2.xml
1 ms. Memory: 522240K Free: 225790K (43%)
----------------- Invoking toplevel() on ptolemy.moml.MoMLSimpleApplication@2641c925
----------------- Done invoking toplevel() on ptolemy.moml.MoMLSimpleApplication@2641c925
reloadAllAccessors: .TestExceptionAttribute2

===========================================================================================
----------------- testing Mon Dec 23 06:29:12 UTC 2019 /home/travis/build/icyphy/ptII/ptolemy/actor/lib/test/auto/TestExceptionAttribute3.xml
----------------- Instantiating /home/travis/build/icyphy/ptII/ptolemy/actor/lib/test/auto/TestExceptionAttribute3.xml
.TestExceptionAttribute3.TestExceptionAttribute: initialize() was not invoked, but wrapup() was.  This is unusual, but not always a problem.  For example, exporting JNLP will do this.
1 ms. Memory: 522240K Free: 221694K (42%)
----------------- Invoking toplevel() on ptolemy.moml.MoMLSimpleApplication@3aa0af6b
----------------- Done invoking toplevel() on ptolemy.moml.MoMLSimpleApplication@3aa0af6b
reloadAllAccessors: .TestExceptionAttribute3

===========================================================================================
----------------- testing Mon Dec 23 06:29:13 UTC 2019 /home/travis/build/icyphy/ptII/ptolemy/actor/lib/test/auto/TestExceptionAttribute4.xml
----------------- Instantiating /home/travis/build/icyphy/ptII/ptolemy/actor/lib/test/auto/TestExceptionAttribute4.xml
.TestExceptionAttribute4.TestExceptionAttribute: initialize() was not invoked, but wrapup() was.  This is unusual, but not always a problem.  For example, exporting JNLP will do this.
.TestExceptionAttribute4.TestExceptionAttribute2: initialize() was not invoked, but wrapup() was.  This is unusual, but not always a problem.  For example, exporting JNLP will do this.
1 ms. Memory: 522240K Free: 217598K (42%)
----------------- Invoking toplevel() on ptolemy.moml.MoMLSimpleApplication@28dcc259
----------------- Done invoking toplevel() on ptolemy.moml.MoMLSimpleApplication@28dcc259
reloadAllAccessors: .TestExceptionAttribute4

===========================================================================================
----------------- testing Mon Dec 23 06:29:13 UTC 2019 /home/travis/build/icyphy/ptII/ptolemy/actor/lib/test/auto/TestExceptionHandler1.xml
----------------- Instantiating /home/travis/build/icyphy/ptII/ptolemy/actor/lib/test/auto/TestExceptionHandler1.xml
1 ms. Memory: 522240K Free: 214016K (41%)
----------------- Invoking toplevel() on ptolemy.moml.MoMLSimpleApplication@57a28aa3
----------------- Done invoking toplevel() on ptolemy.moml.MoMLSimpleApplication@57a28aa3
reloadAllAccessors: .TestExceptionHandler1

===========================================================================================
----------------- testing Mon Dec 23 06:29:13 UTC 2019 /home/travis/build/icyphy/ptII/ptolemy/actor/lib/test/auto/TestExceptionHandler2.xml
----------------- Instantiating /home/travis/build/icyphy/ptII/ptolemy/actor/lib/test/auto/TestExceptionHandler2.xml
1 ms. Memory: 522240K Free: 210430K (40%)
----------------- Invoking toplevel() on ptolemy.moml.MoMLSimpleApplication@7110bd15
----------------- Done invoking toplevel() on ptolemy.moml.MoMLSimpleApplication@7110bd15
reloadAllAccessors: .TestExceptionHandler2

===========================================================================================
----------------- testing Mon Dec 23 06:29:13 UTC 2019 /home/travis/build/icyphy/ptII/ptolemy/actor/lib/test/auto/TestExceptionHandler3.xml
----------------- Instantiating /home/travis/build/icyphy/ptII/ptolemy/actor/lib/test/auto/TestExceptionHandler3.xml
1 ms. Memory: 522240K Free: 206848K (40%)
----------------- Invoking toplevel() on ptolemy.moml.MoMLSimpleApplication@6141b87a
----------------- Done invoking toplevel() on ptolemy.moml.MoMLSimpleApplication@6141b87a
reloadAllAccessors: .TestExceptionHandler3

===========================================================================================
----------------- testing Mon Dec 23 06:29:13 UTC 2019 /home/travis/build/icyphy/ptII/ptolemy/actor/lib/test/auto/TestExceptionHandler4.xml
----------------- Instantiating /home/travis/build/icyphy/ptII/ptolemy/actor/lib/test/auto/TestExceptionHandler4.xml
0 ms. Memory: 522240K Free: 202752K (39%)
----------------- Invoking toplevel() on ptolemy.moml.MoMLSimpleApplication@14cc264
----------------- Done invoking toplevel() on ptolemy.moml.MoMLSimpleApplication@14cc264
reloadAllAccessors: .TestExceptionHandler4

===========================================================================================
----------------- testing Mon Dec 23 06:29:13 UTC 2019 /home/travis/build/icyphy/ptII/ptolemy/actor/lib/test/auto/TestRequireCorrectOrder.xml
----------------- Instantiating /home/travis/build/icyphy/ptII/ptolemy/actor/lib/test/auto/TestRequireCorrectOrder.xml
6 ms. Memory: 522240K Free: 197632K (38%)
----------------- Invoking toplevel() on ptolemy.moml.MoMLSimpleApplication@3205c911
----------------- Done invoking toplevel() on ptolemy.moml.MoMLSimpleApplication@3205c911
reloadAllAccessors: .TestRequireCorrectOrder

===========================================================================================
----------------- testing Mon Dec 23 06:29:13 UTC 2019 /home/travis/build/icyphy/ptII/ptolemy/actor/lib/test/auto/TestSimple.xml
----------------- Instantiating /home/travis/build/icyphy/ptII/ptolemy/actor/lib/test/auto/TestSimple.xml
2 ms. Memory: 522240K Free: 193022K (37%)
----------------- Invoking toplevel() on ptolemy.moml.MoMLSimpleApplication@52f19d4e
----------------- Done invoking toplevel() on ptolemy.moml.MoMLSimpleApplication@52f19d4e
reloadAllAccessors: .TestSimple

===========================================================================================
----------------- testing Mon Dec 23 06:29:13 UTC 2019 /home/travis/build/icyphy/ptII/ptolemy/actor/lib/test/auto/ThrowModelError.xml
----------------- Instantiating /home/travis/build/icyphy/ptII/ptolemy/actor/lib/test/auto/ThrowModelError.xml
1 ms. Memory: 522240K Free: 188416K (36%)
----------------- Invoking toplevel() on ptolemy.moml.MoMLSimpleApplication@568790b3
----------------- Done invoking toplevel() on ptolemy.moml.MoMLSimpleApplication@568790b3
reloadAllAccessors: .ThrowModelError

===========================================================================================
----------------- testing Mon Dec 23 06:29:13 UTC 2019 /home/travis/build/icyphy/ptII/ptolemy/actor/lib/test/auto/TimeDelayMicrosteps.xml
----------------- Instantiating /home/travis/build/icyphy/ptII/ptolemy/actor/lib/test/auto/TimeDelayMicrosteps.xml
2 ms. Memory: 522240K Free: 181727K (35%)
----------------- Invoking toplevel() on ptolemy.moml.MoMLSimpleApplication@12450d16
----------------- Done invoking toplevel() on ptolemy.moml.MoMLSimpleApplication@12450d16
reloadAllAccessors: .TimeDelayMicrosteps

===========================================================================================
----------------- testing Mon Dec 23 06:29:13 UTC 2019 /home/travis/build/icyphy/ptII/ptolemy/actor/lib/test/auto/TimeDelayMicrosteps2.xml
----------------- Instantiating /home/travis/build/icyphy/ptII/ptolemy/actor/lib/test/auto/TimeDelayMicrosteps2.xml
4 ms. Memory: 522240K Free: 174575K (33%)
----------------- Invoking toplevel() on ptolemy.moml.MoMLSimpleApplication@3aa87595
----------------- Done invoking toplevel() on ptolemy.moml.MoMLSimpleApplication@3aa87595
reloadAllAccessors: .TimeDelayMicrosteps2

===========================================================================================
----------------- testing Mon Dec 23 06:29:13 UTC 2019 /home/travis/build/icyphy/ptII/ptolemy/actor/lib/test/auto/TimeDelayMicrosteps3.xml
----------------- Instantiating /home/travis/build/icyphy/ptII/ptolemy/actor/lib/test/auto/TimeDelayMicrosteps3.xml
3 ms. Memory: 522240K Free: 470014K (90%)
----------------- Invoking toplevel() on ptolemy.moml.MoMLSimpleApplication@1382e4ea
----------------- Done invoking toplevel() on ptolemy.moml.MoMLSimpleApplication@1382e4ea
reloadAllAccessors: .TimeDelayMicrosteps3

===========================================================================================
----------------- testing Mon Dec 23 06:29:13 UTC 2019 /home/travis/build/icyphy/ptII/ptolemy/actor/lib/test/auto/TimeDelayVariableMicrosteps.xml
----------------- Instantiating /home/travis/build/icyphy/ptII/ptolemy/actor/lib/test/auto/TimeDelayVariableMicrosteps.xml
3 ms. Memory: 522240K Free: 462843K (89%)
----------------- Invoking toplevel() on ptolemy.moml.MoMLSimpleApplication@27cc181b
----------------- Done invoking toplevel() on ptolemy.moml.MoMLSimpleApplication@27cc181b
reloadAllAccessors: .TimeDelayVariableMicrosteps

===========================================================================================
----------------- testing Mon Dec 23 06:29:13 UTC 2019 /home/travis/build/icyphy/ptII/ptolemy/actor/lib/test/auto/TimeGap.xml
----------------- Instantiating /home/travis/build/icyphy/ptII/ptolemy/actor/lib/test/auto/TimeGap.xml
3 ms. Memory: 522240K Free: 457695K (88%)
----------------- Invoking toplevel() on ptolemy.moml.MoMLSimpleApplication@13f5164f
----------------- Done invoking toplevel() on ptolemy.moml.MoMLSimpleApplication@13f5164f
reloadAllAccessors: .TimeGap

===========================================================================================
----------------- testing Mon Dec 23 06:29:13 UTC 2019 /home/travis/build/icyphy/ptII/ptolemy/actor/lib/test/auto/TimeGap2.xml
----------------- Instantiating /home/travis/build/icyphy/ptII/ptolemy/actor/lib/test/auto/TimeGap2.xml
2 ms. Memory: 522240K Free: 452096K (87%)
----------------- Invoking toplevel() on ptolemy.moml.MoMLSimpleApplication@431e67a6
----------------- Done invoking toplevel() on ptolemy.moml.MoMLSimpleApplication@431e67a6
reloadAllAccessors: .TimeGap2

===========================================================================================
----------------- testing Mon Dec 23 06:29:13 UTC 2019 /home/travis/build/icyphy/ptII/ptolemy/actor/lib/test/auto/TimedSinewave.xml
----------------- Instantiating /home/travis/build/icyphy/ptII/ptolemy/actor/lib/test/auto/TimedSinewave.xml
17 ms. Memory: 522240K Free: 437760K (84%)
----------------- Invoking toplevel() on ptolemy.moml.MoMLSimpleApplication@59553367
----------------- Done invoking toplevel() on ptolemy.moml.MoMLSimpleApplication@59553367
reloadAllAccessors: .TimedSinewave

===========================================================================================
----------------- testing Mon Dec 23 06:29:13 UTC 2019 /home/travis/build/icyphy/ptII/ptolemy/actor/lib/test/auto/TimedSinewavePhase.xml
----------------- Instantiating /home/travis/build/icyphy/ptII/ptolemy/actor/lib/test/auto/TimedSinewavePhase.xml
11 ms. Memory: 522240K Free: 428030K (82%)
----------------- Invoking toplevel() on ptolemy.moml.MoMLSimpleApplication@64c5fea4
----------------- Done invoking toplevel() on ptolemy.moml.MoMLSimpleApplication@64c5fea4
reloadAllAccessors: .TimedSinewavePhase

===========================================================================================
----------------- testing Mon Dec 23 06:29:13 UTC 2019 /home/travis/build/icyphy/ptII/ptolemy/actor/lib/test/auto/Timer.xml
----------------- Instantiating /home/travis/build/icyphy/ptII/ptolemy/actor/lib/test/auto/Timer.xml
3 ms. Memory: 522240K Free: 422400K (81%)
----------------- Invoking toplevel() on ptolemy.moml.MoMLSimpleApplication@362cb24e
----------------- Done invoking toplevel() on ptolemy.moml.MoMLSimpleApplication@362cb24e
reloadAllAccessors: .Timer

===========================================================================================
----------------- testing Mon Dec 23 06:29:13 UTC 2019 /home/travis/build/icyphy/ptII/ptolemy/actor/lib/test/auto/TriangularDistTestModel.xml
----------------- Instantiating /home/travis/build/icyphy/ptII/ptolemy/actor/lib/test/auto/TriangularDistTestModel.xml
2 ms. Memory: 522240K Free: 416735K (80%)
----------------- Invoking toplevel() on ptolemy.moml.MoMLSimpleApplication@158270cd
----------------- Done invoking toplevel() on ptolemy.moml.MoMLSimpleApplication@158270cd
reloadAllAccessors: .TriangularDistTestModel

===========================================================================================
----------------- testing Mon Dec 23 06:29:13 UTC 2019 /home/travis/build/icyphy/ptII/ptolemy/actor/lib/test/auto/TrigFunction.xml
----------------- Instantiating /home/travis/build/icyphy/ptII/ptolemy/actor/lib/test/auto/TrigFunction.xml
1 ms. Memory: 522240K Free: 411646K (79%)
----------------- Invoking toplevel() on ptolemy.moml.MoMLSimpleApplication@89d2eab
----------------- Done invoking toplevel() on ptolemy.moml.MoMLSimpleApplication@89d2eab
reloadAllAccessors: .TrigFunction

===========================================================================================
----------------- testing Mon Dec 23 06:29:13 UTC 2019 /home/travis/build/icyphy/ptII/ptolemy/actor/lib/test/auto/TrigFunctionDE.xml
----------------- Instantiating /home/travis/build/icyphy/ptII/ptolemy/actor/lib/test/auto/TrigFunctionDE.xml
2 ms. Memory: 522240K Free: 406016K (78%)
----------------- Invoking toplevel() on ptolemy.moml.MoMLSimpleApplication@707d0a5
----------------- Done invoking toplevel() on ptolemy.moml.MoMLSimpleApplication@707d0a5
reloadAllAccessors: .TrigFunctionDE

===========================================================================================
----------------- testing Mon Dec 23 06:29:13 UTC 2019 /home/travis/build/icyphy/ptII/ptolemy/actor/lib/test/auto/TrigFunctionInverse.xml
----------------- Instantiating /home/travis/build/icyphy/ptII/ptolemy/actor/lib/test/auto/TrigFunctionInverse.xml
1 ms. Memory: 522240K Free: 400896K (77%)
----------------- Invoking toplevel() on ptolemy.moml.MoMLSimpleApplication@7cabea49
----------------- Done invoking toplevel() on ptolemy.moml.MoMLSimpleApplication@7cabea49
reloadAllAccessors: .TrigFunctionInverse

===========================================================================================
----------------- testing Mon Dec 23 06:29:13 UTC 2019 /home/travis/build/icyphy/ptII/ptolemy/actor/lib/test/auto/TrigFunctionTan.xml
----------------- Instantiating /home/travis/build/icyphy/ptII/ptolemy/actor/lib/test/auto/TrigFunctionTan.xml
1 ms. Memory: 522240K Free: 396286K (76%)
----------------- Invoking toplevel() on ptolemy.moml.MoMLSimpleApplication@780f4e3a
----------------- Done invoking toplevel() on ptolemy.moml.MoMLSimpleApplication@780f4e3a
reloadAllAccessors: .TrigFunctionTan

===========================================================================================
----------------- testing Mon Dec 23 06:29:13 UTC 2019 /home/travis/build/icyphy/ptII/ptolemy/actor/lib/test/auto/TriggeredClock.xml
----------------- Instantiating /home/travis/build/icyphy/ptII/ptolemy/actor/lib/test/auto/TriggeredClock.xml
1 ms. Memory: 522240K Free: 391159K (75%)
----------------- Invoking toplevel() on ptolemy.moml.MoMLSimpleApplication@37d97875
----------------- Done invoking toplevel() on ptolemy.moml.MoMLSimpleApplication@37d97875
reloadAllAccessors: .TriggeredClock

===========================================================================================
----------------- testing Mon Dec 23 06:29:13 UTC 2019 /home/travis/build/icyphy/ptII/ptolemy/actor/lib/test/auto/URLDirectoryReader.xml
----------------- Instantiating /home/travis/build/icyphy/ptII/ptolemy/actor/lib/test/auto/URLDirectoryReader.xml
40 ms. Memory: 522240K Free: 381950K (73%)
----------------- Invoking toplevel() on ptolemy.moml.MoMLSimpleApplication@51d51071
----------------- Done invoking toplevel() on ptolemy.moml.MoMLSimpleApplication@51d51071
reloadAllAccessors: .URLDirectoryReader

===========================================================================================
----------------- testing Mon Dec 23 06:29:13 UTC 2019 /home/travis/build/icyphy/ptII/ptolemy/actor/lib/test/auto/URLDirectoryReader3.xml
----------------- Instantiating /home/travis/build/icyphy/ptII/ptolemy/actor/lib/test/auto/URLDirectoryReader3.xml
1130 ms. Memory: 522240K Free: 461164K (88%)
----------------- Invoking toplevel() on ptolemy.moml.MoMLSimpleApplication@20a3a39b
----------------- Done invoking toplevel() on ptolemy.moml.MoMLSimpleApplication@20a3a39b
reloadAllAccessors: .URLDirectoryReader3

===========================================================================================
----------------- testing Mon Dec 23 06:29:14 UTC 2019 /home/travis/build/icyphy/ptII/ptolemy/actor/lib/test/auto/UnaryMathFunction.xml
----------------- Instantiating /home/travis/build/icyphy/ptII/ptolemy/actor/lib/test/auto/UnaryMathFunction.xml
4 ms. Memory: 522240K Free: 452972K (87%)
----------------- Invoking toplevel() on ptolemy.moml.MoMLSimpleApplication@47291aa9
----------------- Done invoking toplevel() on ptolemy.moml.MoMLSimpleApplication@47291aa9
reloadAllAccessors: .UnaryMathFunction

===========================================================================================
----------------- testing Mon Dec 23 06:29:14 UTC 2019 /home/travis/build/icyphy/ptII/ptolemy/actor/lib/test/auto/Uniform.xml
----------------- Instantiating /home/travis/build/icyphy/ptII/ptolemy/actor/lib/test/auto/Uniform.xml
1 ms. Memory: 522240K Free: 447852K (86%)
----------------- Invoking toplevel() on ptolemy.moml.MoMLSimpleApplication@7372287b
----------------- Done invoking toplevel() on ptolemy.moml.MoMLSimpleApplication@7372287b
reloadAllAccessors: .Uniform

===========================================================================================
----------------- testing Mon Dec 23 06:29:14 UTC 2019 /home/travis/build/icyphy/ptII/ptolemy/actor/lib/test/auto/UnionDisassemblerTest.xml
----------------- Instantiating /home/travis/build/icyphy/ptII/ptolemy/actor/lib/test/auto/UnionDisassemblerTest.xml
14 ms. Memory: 522240K Free: 444270K (85%)
----------------- Invoking toplevel() on ptolemy.moml.MoMLSimpleApplication@6cdd5e89
----------------- Done invoking toplevel() on ptolemy.moml.MoMLSimpleApplication@6cdd5e89
reloadAllAccessors: .UnionDisassemblerTest

===========================================================================================
----------------- testing Mon Dec 23 06:29:14 UTC 2019 /home/travis/build/icyphy/ptII/ptolemy/actor/lib/test/auto/UtilityFunctions.xml
----------------- Instantiating /home/travis/build/icyphy/ptII/ptolemy/actor/lib/test/auto/UtilityFunctions.xml
1 ms. Memory: 522240K Free: 440669K (84%)
----------------- Invoking toplevel() on ptolemy.moml.MoMLSimpleApplication@4adc2ecb
----------------- Done invoking toplevel() on ptolemy.moml.MoMLSimpleApplication@4adc2ecb
reloadAllAccessors: .UtilityFunctions

===========================================================================================
----------------- testing Mon Dec 23 06:29:14 UTC 2019 /home/travis/build/icyphy/ptII/ptolemy/actor/lib/test/auto/VariableSleep.xml
----------------- Instantiating /home/travis/build/icyphy/ptII/ptolemy/actor/lib/test/auto/VariableSleep.xml
502 ms. Memory: 522240K Free: 435564K (83%)
----------------- Invoking toplevel() on ptolemy.moml.MoMLSimpleApplication@cb39254
----------------- Done invoking toplevel() on ptolemy.moml.MoMLSimpleApplication@cb39254
reloadAllAccessors: .VariableSleep

===========================================================================================
----------------- testing Mon Dec 23 06:29:15 UTC 2019 /home/travis/build/icyphy/ptII/ptolemy/actor/lib/test/auto/VectorAssemblerDisassemblerCT.xml
----------------- Instantiating /home/travis/build/icyphy/ptII/ptolemy/actor/lib/test/auto/VectorAssemblerDisassemblerCT.xml
69 ms. Memory: 522240K Free: 415084K (79%)
----------------- Invoking toplevel() on ptolemy.moml.MoMLSimpleApplication@74c4b219
----------------- Done invoking toplevel() on ptolemy.moml.MoMLSimpleApplication@74c4b219
reloadAllAccessors: .VectorAssemblerDisassemblerCT

===========================================================================================
----------------- testing Mon Dec 23 06:29:15 UTC 2019 /home/travis/build/icyphy/ptII/ptolemy/actor/lib/test/auto/VectorAssemblerDisassemblerDE.xml
----------------- Instantiating /home/travis/build/icyphy/ptII/ptolemy/actor/lib/test/auto/VectorAssemblerDisassemblerDE.xml
2 ms. Memory: 522240K Free: 407406K (78%)
----------------- Invoking toplevel() on ptolemy.moml.MoMLSimpleApplication@4e3daf3
----------------- Done invoking toplevel() on ptolemy.moml.MoMLSimpleApplication@4e3daf3
reloadAllAccessors: .VectorAssemblerDisassemblerDE

===========================================================================================
----------------- testing Mon Dec 23 06:29:15 UTC 2019 /home/travis/build/icyphy/ptII/ptolemy/actor/lib/test/auto/VectorAssemblerDisassemblerSDF.xml
----------------- Instantiating /home/travis/build/icyphy/ptII/ptolemy/actor/lib/test/auto/VectorAssemblerDisassemblerSDF.xml
2 ms. Memory: 522240K Free: 401262K (77%)
----------------- Invoking toplevel() on ptolemy.moml.MoMLSimpleApplication@69149c80
----------------- Done invoking toplevel() on ptolemy.moml.MoMLSimpleApplication@69149c80
reloadAllAccessors: .VectorAssemblerDisassemblerSDF

===========================================================================================
----------------- testing Mon Dec 23 06:29:15 UTC 2019 /home/travis/build/icyphy/ptII/ptolemy/actor/lib/test/auto/WallClockTime.xml
----------------- Instantiating /home/travis/build/icyphy/ptII/ptolemy/actor/lib/test/auto/WallClockTime.xml
1003 ms. Memory: 522240K Free: 396142K (76%)
----------------- Invoking toplevel() on ptolemy.moml.MoMLSimpleApplication@fa2b775
----------------- Done invoking toplevel() on ptolemy.moml.MoMLSimpleApplication@fa2b775
reloadAllAccessors: .WallClockTime

===========================================================================================
----------------- testing Mon Dec 23 06:29:16 UTC 2019 /home/travis/build/icyphy/ptII/ptolemy/actor/lib/test/auto/WidthTestWithSubscriberPublisher.xml
----------------- Instantiating /home/travis/build/icyphy/ptII/ptolemy/actor/lib/test/auto/WidthTestWithSubscriberPublisher.xml
7 ms. Memory: 522240K Free: 378220K (72%)
----------------- Invoking toplevel() on ptolemy.moml.MoMLSimpleApplication@388bc08a
----------------- Done invoking toplevel() on ptolemy.moml.MoMLSimpleApplication@388bc08a
reloadAllAccessors: .WidthTestWithSubscriberPublisher

===========================================================================================
----------------- testing Mon Dec 23 06:29:16 UTC 2019 /home/travis/build/icyphy/ptII/ptolemy/actor/lib/test/auto/WidthTestWithSubscriberPublisher2.xml
----------------- Instantiating /home/travis/build/icyphy/ptII/ptolemy/actor/lib/test/auto/WidthTestWithSubscriberPublisher2.xml
2 ms. Memory: 522240K Free: 372076K (71%)
----------------- Invoking toplevel() on ptolemy.moml.MoMLSimpleApplication@51d24af
----------------- Done invoking toplevel() on ptolemy.moml.MoMLSimpleApplication@51d24af
reloadAllAccessors: .WidthTestWithSubscriberPublisher2

===========================================================================================
----------------- testing Mon Dec 23 06:29:16 UTC 2019 /home/travis/build/icyphy/ptII/ptolemy/actor/lib/test/auto/WidthTestWithSubscriberPublisher3.xml
----------------- Instantiating /home/travis/build/icyphy/ptII/ptolemy/actor/lib/test/auto/WidthTestWithSubscriberPublisher3.xml
2 ms. Memory: 522240K Free: 366446K (70%)
----------------- Invoking toplevel() on ptolemy.moml.MoMLSimpleApplication@51deefe3
----------------- Done invoking toplevel() on ptolemy.moml.MoMLSimpleApplication@51deefe3
reloadAllAccessors: .WidthTestWithSubscriberPublisher3

===========================================================================================
----------------- testing Mon Dec 23 06:29:16 UTC 2019 /home/travis/build/icyphy/ptII/ptolemy/actor/lib/test/auto/Writer.xml
----------------- Instantiating /home/travis/build/icyphy/ptII/ptolemy/actor/lib/test/auto/Writer.xml
0
1
2
3
4
2 ms. Memory: 522240K Free: 361805K (69%)
----------------- Invoking toplevel() on ptolemy.moml.MoMLSimpleApplication@21e4867a
----------------- Done invoking toplevel() on ptolemy.moml.MoMLSimpleApplication@21e4867a
reloadAllAccessors: .Writer

===========================================================================================
----------------- testing Mon Dec 23 06:29:16 UTC 2019 /home/travis/build/icyphy/ptII/ptolemy/actor/lib/test/auto/array.xml
----------------- Instantiating /home/travis/build/icyphy/ptII/ptolemy/actor/lib/test/auto/array.xml
1 ms. Memory: 522240K Free: 357230K (68%)
----------------- Invoking toplevel() on ptolemy.moml.MoMLSimpleApplication@52303e93
----------------- Done invoking toplevel() on ptolemy.moml.MoMLSimpleApplication@52303e93
reloadAllAccessors: .array

===========================================================================================
----------------- testing Mon Dec 23 06:29:16 UTC 2019 /home/travis/build/icyphy/ptII/ptolemy/actor/lib/test/auto/array2.xml
----------------- Instantiating /home/travis/build/icyphy/ptII/ptolemy/actor/lib/test/auto/array2.xml
4 ms. Memory: 522240K Free: 352110K (67%)
----------------- Invoking toplevel() on ptolemy.moml.MoMLSimpleApplication@34b08ce
----------------- Done invoking toplevel() on ptolemy.moml.MoMLSimpleApplication@34b08ce
reloadAllAccessors: .array2

===========================================================================================
----------------- testing Mon Dec 23 06:29:16 UTC 2019 /home/travis/build/icyphy/ptII/ptolemy/actor/lib/test/auto/arrayType.xml
----------------- Instantiating /home/travis/build/icyphy/ptII/ptolemy/actor/lib/test/auto/arrayType.xml
2 ms. Memory: 522240K Free: 346990K (66%)
----------------- Invoking toplevel() on ptolemy.moml.MoMLSimpleApplication@4febd458
----------------- Done invoking toplevel() on ptolemy.moml.MoMLSimpleApplication@4febd458
reloadAllAccessors: .arrayType

===========================================================================================
----------------- testing Mon Dec 23 06:29:16 UTC 2019 /home/travis/build/icyphy/ptII/ptolemy/actor/lib/test/auto/arrayType10.xml
----------------- Instantiating /home/travis/build/icyphy/ptII/ptolemy/actor/lib/test/auto/arrayType10.xml
1 ms. Memory: 522240K Free: 342380K (66%)
----------------- Invoking toplevel() on ptolemy.moml.MoMLSimpleApplication@5a1f4f0d
----------------- Done invoking toplevel() on ptolemy.moml.MoMLSimpleApplication@5a1f4f0d
reloadAllAccessors: .arrayType10

===========================================================================================
----------------- testing Mon Dec 23 06:29:16 UTC 2019 /home/travis/build/icyphy/ptII/ptolemy/actor/lib/test/auto/arrayType11.xml
----------------- Instantiating /home/travis/build/icyphy/ptII/ptolemy/actor/lib/test/auto/arrayType11.xml
1 ms. Memory: 522240K Free: 337260K (65%)
----------------- Invoking toplevel() on ptolemy.moml.MoMLSimpleApplication@744e9f97
----------------- Done invoking toplevel() on ptolemy.moml.MoMLSimpleApplication@744e9f97
reloadAllAccessors: .arrayType11

===========================================================================================
----------------- testing Mon Dec 23 06:29:16 UTC 2019 /home/travis/build/icyphy/ptII/ptolemy/actor/lib/test/auto/arrayType12.xml
----------------- Instantiating /home/travis/build/icyphy/ptII/ptolemy/actor/lib/test/auto/arrayType12.xml
1 ms. Memory: 522240K Free: 332654K (64%)
----------------- Invoking toplevel() on ptolemy.moml.MoMLSimpleApplication@3d27d068
----------------- Done invoking toplevel() on ptolemy.moml.MoMLSimpleApplication@3d27d068
reloadAllAccessors: .arrayType12

===========================================================================================
----------------- testing Mon Dec 23 06:29:16 UTC 2019 /home/travis/build/icyphy/ptII/ptolemy/actor/lib/test/auto/arrayType13.xml
----------------- Instantiating /home/travis/build/icyphy/ptII/ptolemy/actor/lib/test/auto/arrayType13.xml
1 ms. Memory: 522240K Free: 327534K (63%)
----------------- Invoking toplevel() on ptolemy.moml.MoMLSimpleApplication@5312749a
----------------- Done invoking toplevel() on ptolemy.moml.MoMLSimpleApplication@5312749a
reloadAllAccessors: .arrayType13

===========================================================================================
----------------- testing Mon Dec 23 06:29:16 UTC 2019 /home/travis/build/icyphy/ptII/ptolemy/actor/lib/test/auto/arrayType14.xml
----------------- Instantiating /home/travis/build/icyphy/ptII/ptolemy/actor/lib/test/auto/arrayType14.xml
1 ms. Memory: 522240K Free: 322414K (62%)
----------------- Invoking toplevel() on ptolemy.moml.MoMLSimpleApplication@40526a89
----------------- Done invoking toplevel() on ptolemy.moml.MoMLSimpleApplication@40526a89
reloadAllAccessors: .arrayType14

===========================================================================================
----------------- testing Mon Dec 23 06:29:16 UTC 2019 /home/travis/build/icyphy/ptII/ptolemy/actor/lib/test/auto/arrayType15.xml
----------------- Instantiating /home/travis/build/icyphy/ptII/ptolemy/actor/lib/test/auto/arrayType15.xml
2 ms. Memory: 522240K Free: 317294K (61%)
----------------- Invoking toplevel() on ptolemy.moml.MoMLSimpleApplication@6b90e7e6
----------------- Done invoking toplevel() on ptolemy.moml.MoMLSimpleApplication@6b90e7e6
reloadAllAccessors: .arrayType15

===========================================================================================
----------------- testing Mon Dec 23 06:29:16 UTC 2019 /home/travis/build/icyphy/ptII/ptolemy/actor/lib/test/auto/arrayType16.xml
----------------- Instantiating /home/travis/build/icyphy/ptII/ptolemy/actor/lib/test/auto/arrayType16.xml
1 ms. Memory: 522240K Free: 311660K (60%)
----------------- Invoking toplevel() on ptolemy.moml.MoMLSimpleApplication@69c22a93
----------------- Done invoking toplevel() on ptolemy.moml.MoMLSimpleApplication@69c22a93
reloadAllAccessors: .arrayType16

===========================================================================================
----------------- testing Mon Dec 23 06:29:16 UTC 2019 /home/travis/build/icyphy/ptII/ptolemy/actor/lib/test/auto/arrayType17.xml
----------------- Instantiating /home/travis/build/icyphy/ptII/ptolemy/actor/lib/test/auto/arrayType17.xml
1 ms. Memory: 522240K Free: 306540K (59%)
----------------- Invoking toplevel() on ptolemy.moml.MoMLSimpleApplication@3ff96297
----------------- Done invoking toplevel() on ptolemy.moml.MoMLSimpleApplication@3ff96297
reloadAllAccessors: .arrayType17

===========================================================================================
----------------- testing Mon Dec 23 06:29:16 UTC 2019 /home/travis/build/icyphy/ptII/ptolemy/actor/lib/test/auto/arrayType18.xml
----------------- Instantiating /home/travis/build/icyphy/ptII/ptolemy/actor/lib/test/auto/arrayType18.xml
1 ms. Memory: 522240K Free: 301934K (58%)
----------------- Invoking toplevel() on ptolemy.moml.MoMLSimpleApplication@342d9943
----------------- Done invoking toplevel() on ptolemy.moml.MoMLSimpleApplication@342d9943
reloadAllAccessors: .arrayType18

===========================================================================================
----------------- testing Mon Dec 23 06:29:16 UTC 2019 /home/travis/build/icyphy/ptII/ptolemy/actor/lib/test/auto/arrayType19.xml
----------------- Instantiating /home/travis/build/icyphy/ptII/ptolemy/actor/lib/test/auto/arrayType19.xml
1 ms. Memory: 522240K Free: 297324K (57%)
----------------- Invoking toplevel() on ptolemy.moml.MoMLSimpleApplication@6641d647
----------------- Done invoking toplevel() on ptolemy.moml.MoMLSimpleApplication@6641d647
reloadAllAccessors: .arrayType19

===========================================================================================
----------------- testing Mon Dec 23 06:29:16 UTC 2019 /home/travis/build/icyphy/ptII/ptolemy/actor/lib/test/auto/arrayType2.xml
----------------- Instantiating /home/travis/build/icyphy/ptII/ptolemy/actor/lib/test/auto/arrayType2.xml
1 ms. Memory: 522240K Free: 292204K (56%)
----------------- Invoking toplevel() on ptolemy.moml.MoMLSimpleApplication@548d87a
----------------- Done invoking toplevel() on ptolemy.moml.MoMLSimpleApplication@548d87a
reloadAllAccessors: .arrayType2

===========================================================================================
----------------- testing Mon Dec 23 06:29:16 UTC 2019 /home/travis/build/icyphy/ptII/ptolemy/actor/lib/test/auto/arrayType20.xml
----------------- Instantiating /home/travis/build/icyphy/ptII/ptolemy/actor/lib/test/auto/arrayType20.xml
1 ms. Memory: 522240K Free: 286574K (55%)
----------------- Invoking toplevel() on ptolemy.moml.MoMLSimpleApplication@1050feb9
----------------- Done invoking toplevel() on ptolemy.moml.MoMLSimpleApplication@1050feb9
reloadAllAccessors: .arrayType20

===========================================================================================
----------------- testing Mon Dec 23 06:29:16 UTC 2019 /home/travis/build/icyphy/ptII/ptolemy/actor/lib/test/auto/arrayType21.xml
----------------- Instantiating /home/travis/build/icyphy/ptII/ptolemy/actor/lib/test/auto/arrayType21.xml
1 ms. Memory: 522240K Free: 281964K (54%)
----------------- Invoking toplevel() on ptolemy.moml.MoMLSimpleApplication@1fa059f9
----------------- Done invoking toplevel() on ptolemy.moml.MoMLSimpleApplication@1fa059f9
reloadAllAccessors: .arrayType21

===========================================================================================
----------------- testing Mon Dec 23 06:29:16 UTC 2019 /home/travis/build/icyphy/ptII/ptolemy/actor/lib/test/auto/arrayType22.xml
----------------- Instantiating /home/travis/build/icyphy/ptII/ptolemy/actor/lib/test/auto/arrayType22.xml
1 ms. Memory: 522240K Free: 277358K (53%)
----------------- Invoking toplevel() on ptolemy.moml.MoMLSimpleApplication@35743a17
----------------- Done invoking toplevel() on ptolemy.moml.MoMLSimpleApplication@35743a17
reloadAllAccessors: .arrayType22

===========================================================================================
----------------- testing Mon Dec 23 06:29:16 UTC 2019 /home/travis/build/icyphy/ptII/ptolemy/actor/lib/test/auto/arrayType23.xml
----------------- Instantiating /home/travis/build/icyphy/ptII/ptolemy/actor/lib/test/auto/arrayType23.xml
1 ms. Memory: 522240K Free: 272748K (52%)
----------------- Invoking toplevel() on ptolemy.moml.MoMLSimpleApplication@787e0d89
----------------- Done invoking toplevel() on ptolemy.moml.MoMLSimpleApplication@787e0d89
reloadAllAccessors: .arrayType23

===========================================================================================
----------------- testing Mon Dec 23 06:29:16 UTC 2019 /home/travis/build/icyphy/ptII/ptolemy/actor/lib/test/auto/arrayType24.xml
----------------- Instantiating /home/travis/build/icyphy/ptII/ptolemy/actor/lib/test/auto/arrayType24.xml
1 ms. Memory: 522240K Free: 267118K (51%)
----------------- Invoking toplevel() on ptolemy.moml.MoMLSimpleApplication@4bc054d
----------------- Done invoking toplevel() on ptolemy.moml.MoMLSimpleApplication@4bc054d
reloadAllAccessors: .arrayType24

===========================================================================================
----------------- testing Mon Dec 23 06:29:16 UTC 2019 /home/travis/build/icyphy/ptII/ptolemy/actor/lib/test/auto/arrayType25.xml
----------------- Instantiating /home/travis/build/icyphy/ptII/ptolemy/actor/lib/test/auto/arrayType25.xml
2 ms. Memory: 522240K Free: 261998K (50%)
----------------- Invoking toplevel() on ptolemy.moml.MoMLSimpleApplication@40e3e001
----------------- Done invoking toplevel() on ptolemy.moml.MoMLSimpleApplication@40e3e001
reloadAllAccessors: .arrayType25

===========================================================================================
----------------- testing Mon Dec 23 06:29:16 UTC 2019 /home/travis/build/icyphy/ptII/ptolemy/actor/lib/test/auto/arrayType26.xml
----------------- Instantiating /home/travis/build/icyphy/ptII/ptolemy/actor/lib/test/auto/arrayType26.xml
1 ms. Memory: 522240K Free: 256878K (49%)
----------------- Invoking toplevel() on ptolemy.moml.MoMLSimpleApplication@7231b342
----------------- Done invoking toplevel() on ptolemy.moml.MoMLSimpleApplication@7231b342
reloadAllAccessors: .arrayType26

===========================================================================================
----------------- testing Mon Dec 23 06:29:16 UTC 2019 /home/travis/build/icyphy/ptII/ptolemy/actor/lib/test/auto/arrayType27.xml
----------------- Instantiating /home/travis/build/icyphy/ptII/ptolemy/actor/lib/test/auto/arrayType27.xml
2 ms. Memory: 522240K Free: 251758K (48%)
----------------- Invoking toplevel() on ptolemy.moml.MoMLSimpleApplication@1edcd49e
----------------- Done invoking toplevel() on ptolemy.moml.MoMLSimpleApplication@1edcd49e
reloadAllAccessors: .arrayType27

===========================================================================================
----------------- testing Mon Dec 23 06:29:16 UTC 2019 /home/travis/build/icyphy/ptII/ptolemy/actor/lib/test/auto/arrayType28.xml
----------------- Instantiating /home/travis/build/icyphy/ptII/ptolemy/actor/lib/test/auto/arrayType28.xml
8 ms. Memory: 522240K Free: 246124K (47%)
----------------- Invoking toplevel() on ptolemy.moml.MoMLSimpleApplication@1f518e2d
----------------- Done invoking toplevel() on ptolemy.moml.MoMLSimpleApplication@1f518e2d
reloadAllAccessors: .arrayType28

===========================================================================================
----------------- testing Mon Dec 23 06:29:17 UTC 2019 /home/travis/build/icyphy/ptII/ptolemy/actor/lib/test/auto/arrayType3.xml
----------------- Instantiating /home/travis/build/icyphy/ptII/ptolemy/actor/lib/test/auto/arrayType3.xml
1 ms. Memory: 522240K Free: 241004K (46%)
----------------- Invoking toplevel() on ptolemy.moml.MoMLSimpleApplication@c26d1c1
----------------- Done invoking toplevel() on ptolemy.moml.MoMLSimpleApplication@c26d1c1
reloadAllAccessors: .arrayType3

===========================================================================================
----------------- testing Mon Dec 23 06:29:17 UTC 2019 /home/travis/build/icyphy/ptII/ptolemy/actor/lib/test/auto/arrayType4.xml
----------------- Instantiating /home/travis/build/icyphy/ptII/ptolemy/actor/lib/test/auto/arrayType4.xml
1 ms. Memory: 522240K Free: 235884K (45%)
----------------- Invoking toplevel() on ptolemy.moml.MoMLSimpleApplication@45985676
----------------- Done invoking toplevel() on ptolemy.moml.MoMLSimpleApplication@45985676
reloadAllAccessors: .arrayType4

===========================================================================================
----------------- testing Mon Dec 23 06:29:17 UTC 2019 /home/travis/build/icyphy/ptII/ptolemy/actor/lib/test/auto/arrayType5.xml
----------------- Instantiating /home/travis/build/icyphy/ptII/ptolemy/actor/lib/test/auto/arrayType5.xml
2 ms. Memory: 522240K Free: 230764K (44%)
----------------- Invoking toplevel() on ptolemy.moml.MoMLSimpleApplication@7c4cc82e
----------------- Done invoking toplevel() on ptolemy.moml.MoMLSimpleApplication@7c4cc82e
reloadAllAccessors: .arrayType5

===========================================================================================
----------------- testing Mon Dec 23 06:29:17 UTC 2019 /home/travis/build/icyphy/ptII/ptolemy/actor/lib/test/auto/arrayType6.xml
----------------- Instantiating /home/travis/build/icyphy/ptII/ptolemy/actor/lib/test/auto/arrayType6.xml
1 ms. Memory: 522240K Free: 225644K (43%)
----------------- Invoking toplevel() on ptolemy.moml.MoMLSimpleApplication@791d8de0
----------------- Done invoking toplevel() on ptolemy.moml.MoMLSimpleApplication@791d8de0
reloadAllAccessors: .arrayType6

===========================================================================================
----------------- testing Mon Dec 23 06:29:17 UTC 2019 /home/travis/build/icyphy/ptII/ptolemy/actor/lib/test/auto/arrayType7.xml
----------------- Instantiating /home/travis/build/icyphy/ptII/ptolemy/actor/lib/test/auto/arrayType7.xml
1 ms. Memory: 522240K Free: 221038K (42%)
----------------- Invoking toplevel() on ptolemy.moml.MoMLSimpleApplication@3d43b162
----------------- Done invoking toplevel() on ptolemy.moml.MoMLSimpleApplication@3d43b162
reloadAllAccessors: .arrayType7

===========================================================================================
----------------- testing Mon Dec 23 06:29:17 UTC 2019 /home/travis/build/icyphy/ptII/ptolemy/actor/lib/test/auto/arrayType8.xml
----------------- Instantiating /home/travis/build/icyphy/ptII/ptolemy/actor/lib/test/auto/arrayType8.xml
5 ms. Memory: 522240K Free: 216428K (41%)
----------------- Invoking toplevel() on ptolemy.moml.MoMLSimpleApplication@2d12ba34
----------------- Done invoking toplevel() on ptolemy.moml.MoMLSimpleApplication@2d12ba34
reloadAllAccessors: .arrayType8

===========================================================================================
----------------- testing Mon Dec 23 06:29:17 UTC 2019 /home/travis/build/icyphy/ptII/ptolemy/actor/lib/test/auto/arrayType9.xml
----------------- Instantiating /home/travis/build/icyphy/ptII/ptolemy/actor/lib/test/auto/arrayType9.xml
1 ms. Memory: 522240K Free: 211822K (41%)
----------------- Invoking toplevel() on ptolemy.moml.MoMLSimpleApplication@5e59f13b
----------------- Done invoking toplevel() on ptolemy.moml.MoMLSimpleApplication@5e59f13b
reloadAllAccessors: .arrayType9

===========================================================================================
----------------- testing Mon Dec 23 06:29:17 UTC 2019 /home/travis/build/icyphy/ptII/ptolemy/actor/lib/test/auto/cast.xml
----------------- Instantiating /home/travis/build/icyphy/ptII/ptolemy/actor/lib/test/auto/cast.xml
2 ms. Memory: 522240K Free: 206702K (40%)
----------------- Invoking toplevel() on ptolemy.moml.MoMLSimpleApplication@3bb96987
----------------- Done invoking toplevel() on ptolemy.moml.MoMLSimpleApplication@3bb96987
reloadAllAccessors: .cast

===========================================================================================
----------------- testing Mon Dec 23 06:29:17 UTC 2019 /home/travis/build/icyphy/ptII/ptolemy/actor/lib/test/auto/compositeMultiPort.xml
----------------- Instantiating /home/travis/build/icyphy/ptII/ptolemy/actor/lib/test/auto/compositeMultiPort.xml
3 ms. Memory: 522240K Free: 197965K (38%)
----------------- Invoking toplevel() on ptolemy.moml.MoMLSimpleApplication@7cb9d9ed
----------------- Done invoking toplevel() on ptolemy.moml.MoMLSimpleApplication@7cb9d9ed
reloadAllAccessors: .compositeMultiPort

===========================================================================================
----------------- testing Mon Dec 23 06:29:17 UTC 2019 /home/travis/build/icyphy/ptII/ptolemy/actor/lib/test/auto/expressionCastInference.xml
----------------- Instantiating /home/travis/build/icyphy/ptII/ptolemy/actor/lib/test/auto/expressionCastInference.xml
2 ms. Memory: 522240K Free: 193390K (37%)
----------------- Invoking toplevel() on ptolemy.moml.MoMLSimpleApplication@314cf43
----------------- Done invoking toplevel() on ptolemy.moml.MoMLSimpleApplication@314cf43
reloadAllAccessors: .expressionCastInference

===========================================================================================
----------------- testing Mon Dec 23 06:29:17 UTC 2019 /home/travis/build/icyphy/ptII/ptolemy/actor/lib/test/auto/expressionCastInference2.xml
----------------- Instantiating /home/travis/build/icyphy/ptII/ptolemy/actor/lib/test/auto/expressionCastInference2.xml
2 ms. Memory: 522240K Free: 188780K (36%)
----------------- Invoking toplevel() on ptolemy.moml.MoMLSimpleApplication@1ba43b2f
----------------- Done invoking toplevel() on ptolemy.moml.MoMLSimpleApplication@1ba43b2f
reloadAllAccessors: .expressionCastInference2

===========================================================================================
----------------- testing Mon Dec 23 06:29:17 UTC 2019 /home/travis/build/icyphy/ptII/ptolemy/actor/lib/test/auto/expressionInference.xml
----------------- Instantiating /home/travis/build/icyphy/ptII/ptolemy/actor/lib/test/auto/expressionInference.xml
1 ms. Memory: 522240K Free: 184174K (35%)
----------------- Invoking toplevel() on ptolemy.moml.MoMLSimpleApplication@120d9674
----------------- Done invoking toplevel() on ptolemy.moml.MoMLSimpleApplication@120d9674
reloadAllAccessors: .expressionInference

===========================================================================================
----------------- testing Mon Dec 23 06:29:17 UTC 2019 /home/travis/build/icyphy/ptII/ptolemy/actor/lib/test/auto/expression_bug.xml
----------------- Instantiating /home/travis/build/icyphy/ptII/ptolemy/actor/lib/test/auto/expression_bug.xml
1 ms. Memory: 522240K Free: 180078K (34%)
----------------- Invoking toplevel() on ptolemy.moml.MoMLSimpleApplication@5c6e5e10
----------------- Done invoking toplevel() on ptolemy.moml.MoMLSimpleApplication@5c6e5e10
reloadAllAccessors: .expression_bug

===========================================================================================
----------------- testing Mon Dec 23 06:29:17 UTC 2019 /home/travis/build/icyphy/ptII/ptolemy/actor/lib/test/auto/factorial.xml
----------------- Instantiating /home/travis/build/icyphy/ptII/ptolemy/actor/lib/test/auto/factorial.xml
36 ms. Memory: 522240K Free: 171886K (33%)
----------------- Invoking toplevel() on ptolemy.moml.MoMLSimpleApplication@2bf6189
----------------- Done invoking toplevel() on ptolemy.moml.MoMLSimpleApplication@2bf6189
reloadAllAccessors: .factorial

===========================================================================================
----------------- testing Mon Dec 23 06:29:17 UTC 2019 /home/travis/build/icyphy/ptII/ptolemy/actor/lib/test/auto/filterTest1.xml
----------------- Instantiating /home/travis/build/icyphy/ptII/ptolemy/actor/lib/test/auto/filterTest1.xml
2 ms. Memory: 522240K Free: 165742K (32%)
----------------- Invoking toplevel() on ptolemy.moml.MoMLSimpleApplication@9d36504
----------------- Done invoking toplevel() on ptolemy.moml.MoMLSimpleApplication@9d36504
reloadAllAccessors: .filterTest1

===========================================================================================
----------------- testing Mon Dec 23 06:29:17 UTC 2019 /home/travis/build/icyphy/ptII/ptolemy/actor/lib/test/auto/funcApplyInConst.xml
----------------- Instantiating /home/travis/build/icyphy/ptII/ptolemy/actor/lib/test/auto/funcApplyInConst.xml
0 ms. Memory: 522240K Free: 162156K (31%)
----------------- Invoking toplevel() on ptolemy.moml.MoMLSimpleApplication@12cc8d19
----------------- Done invoking toplevel() on ptolemy.moml.MoMLSimpleApplication@12cc8d19
reloadAllAccessors: .funcApplyInConst

===========================================================================================
----------------- testing Mon Dec 23 06:29:17 UTC 2019 /home/travis/build/icyphy/ptII/ptolemy/actor/lib/test/auto/funcApplyInExpr.xml
----------------- Instantiating /home/travis/build/icyphy/ptII/ptolemy/actor/lib/test/auto/funcApplyInExpr.xml
1 ms. Memory: 522240K Free: 464894K (89%)
----------------- Invoking toplevel() on ptolemy.moml.MoMLSimpleApplication@4bddb69d
----------------- Done invoking toplevel() on ptolemy.moml.MoMLSimpleApplication@4bddb69d
reloadAllAccessors: .funcApplyInExpr

===========================================================================================
----------------- testing Mon Dec 23 06:29:17 UTC 2019 /home/travis/build/icyphy/ptII/ptolemy/actor/lib/test/auto/function.xml
----------------- Instantiating /home/travis/build/icyphy/ptII/ptolemy/actor/lib/test/auto/function.xml
1 ms. Memory: 522240K Free: 460288K (88%)
----------------- Invoking toplevel() on ptolemy.moml.MoMLSimpleApplication@2640ce24
----------------- Done invoking toplevel() on ptolemy.moml.MoMLSimpleApplication@2640ce24
reloadAllAccessors: .function

===========================================================================================
----------------- testing Mon Dec 23 06:29:17 UTC 2019 /home/travis/build/icyphy/ptII/ptolemy/actor/lib/test/auto/function2.xml
----------------- Instantiating /home/travis/build/icyphy/ptII/ptolemy/actor/lib/test/auto/function2.xml
2 ms. Memory: 522240K Free: 455168K (87%)
----------------- Invoking toplevel() on ptolemy.moml.MoMLSimpleApplication@4303724b
----------------- Done invoking toplevel() on ptolemy.moml.MoMLSimpleApplication@4303724b
reloadAllAccessors: .function2

===========================================================================================
----------------- testing Mon Dec 23 06:29:17 UTC 2019 /home/travis/build/icyphy/ptII/ptolemy/actor/lib/test/auto/function3.xml
----------------- Instantiating /home/travis/build/icyphy/ptII/ptolemy/actor/lib/test/auto/function3.xml
1 ms. Memory: 522240K Free: 451582K (86%)
----------------- Invoking toplevel() on ptolemy.moml.MoMLSimpleApplication@44805fd8
----------------- Done invoking toplevel() on ptolemy.moml.MoMLSimpleApplication@44805fd8
reloadAllAccessors: .function3

===========================================================================================
----------------- testing Mon Dec 23 06:29:17 UTC 2019 /home/travis/build/icyphy/ptII/ptolemy/actor/lib/test/auto/functionClosureTest1.xml
----------------- Instantiating /home/travis/build/icyphy/ptII/ptolemy/actor/lib/test/auto/functionClosureTest1.xml
2 ms. Memory: 522240K Free: 445952K (85%)
----------------- Invoking toplevel() on ptolemy.moml.MoMLSimpleApplication@452f081e
----------------- Done invoking toplevel() on ptolemy.moml.MoMLSimpleApplication@452f081e
reloadAllAccessors: .functionClosureTest1

===========================================================================================
----------------- testing Mon Dec 23 06:29:17 UTC 2019 /home/travis/build/icyphy/ptII/ptolemy/actor/lib/test/auto/functionClosureTest2.xml
----------------- Instantiating /home/travis/build/icyphy/ptII/ptolemy/actor/lib/test/auto/functionClosureTest2.xml
1 ms. Memory: 522240K Free: 441856K (85%)
----------------- Invoking toplevel() on ptolemy.moml.MoMLSimpleApplication@4631bb59
----------------- Done invoking toplevel() on ptolemy.moml.MoMLSimpleApplication@4631bb59
reloadAllAccessors: .functionClosureTest2

===========================================================================================
----------------- testing Mon Dec 23 06:29:17 UTC 2019 /home/travis/build/icyphy/ptII/ptolemy/actor/lib/test/auto/functionClosureTest3.xml
----------------- Instantiating /home/travis/build/icyphy/ptII/ptolemy/actor/lib/test/auto/functionClosureTest3.xml
1 ms. Memory: 522240K Free: 436736K (84%)
----------------- Invoking toplevel() on ptolemy.moml.MoMLSimpleApplication@5f440138
----------------- Done invoking toplevel() on ptolemy.moml.MoMLSimpleApplication@5f440138
reloadAllAccessors: .functionClosureTest3

===========================================================================================
----------------- testing Mon Dec 23 06:29:17 UTC 2019 /home/travis/build/icyphy/ptII/ptolemy/actor/lib/test/auto/functionClosureTest4.xml
----------------- Instantiating /home/travis/build/icyphy/ptII/ptolemy/actor/lib/test/auto/functionClosureTest4.xml
2 ms. Memory: 522240K Free: 430592K (82%)
----------------- Invoking toplevel() on ptolemy.moml.MoMLSimpleApplication@210fb7d2
----------------- Done invoking toplevel() on ptolemy.moml.MoMLSimpleApplication@210fb7d2
reloadAllAccessors: .functionClosureTest4

===========================================================================================
----------------- testing Mon Dec 23 06:29:17 UTC 2019 /home/travis/build/icyphy/ptII/ptolemy/actor/lib/test/auto/functionClosureTest5.xml
----------------- Instantiating /home/travis/build/icyphy/ptII/ptolemy/actor/lib/test/auto/functionClosureTest5.xml
3 ms. Memory: 522240K Free: 424951K (81%)
----------------- Invoking toplevel() on ptolemy.moml.MoMLSimpleApplication@f399202
----------------- Done invoking toplevel() on ptolemy.moml.MoMLSimpleApplication@f399202
reloadAllAccessors: .functionClosureTest5

===========================================================================================
----------------- testing Mon Dec 23 06:29:17 UTC 2019 /home/travis/build/icyphy/ptII/ptolemy/actor/lib/test/auto/functionClosureTest6.xml
----------------- Instantiating /home/travis/build/icyphy/ptII/ptolemy/actor/lib/test/auto/functionClosureTest6.xml
2 ms. Memory: 522240K Free: 420352K (80%)
----------------- Invoking toplevel() on ptolemy.moml.MoMLSimpleApplication@7b8f0ec0
----------------- Done invoking toplevel() on ptolemy.moml.MoMLSimpleApplication@7b8f0ec0
reloadAllAccessors: .functionClosureTest6

===========================================================================================
----------------- testing Mon Dec 23 06:29:17 UTC 2019 /home/travis/build/icyphy/ptII/ptolemy/actor/lib/test/auto/functionsOnArcs.xml
----------------- Instantiating /home/travis/build/icyphy/ptII/ptolemy/actor/lib/test/auto/functionsOnArcs.xml
1 ms. Memory: 522240K Free: 415232K (80%)
----------------- Invoking toplevel() on ptolemy.moml.MoMLSimpleApplication@d412f7c
----------------- Done invoking toplevel() on ptolemy.moml.MoMLSimpleApplication@d412f7c
reloadAllAccessors: .functionsOnArcs

===========================================================================================
----------------- testing Mon Dec 23 06:29:17 UTC 2019 /home/travis/build/icyphy/ptII/ptolemy/actor/lib/test/auto/functionsOnArcsHOF.xml
----------------- Instantiating /home/travis/build/icyphy/ptII/ptolemy/actor/lib/test/auto/functionsOnArcsHOF.xml
2 ms. Memory: 522240K Free: 409088K (78%)
----------------- Invoking toplevel() on ptolemy.moml.MoMLSimpleApplication@4383213f
----------------- Done invoking toplevel() on ptolemy.moml.MoMLSimpleApplication@4383213f
reloadAllAccessors: .functionsOnArcsHOF

===========================================================================================
----------------- testing Mon Dec 23 06:29:17 UTC 2019 /home/travis/build/icyphy/ptII/ptolemy/actor/lib/test/auto/logic.xml
----------------- Instantiating /home/travis/build/icyphy/ptII/ptolemy/actor/lib/test/auto/logic.xml
2 ms. Memory: 522240K Free: 401920K (77%)
----------------- Invoking toplevel() on ptolemy.moml.MoMLSimpleApplication@5087aa9e
----------------- Done invoking toplevel() on ptolemy.moml.MoMLSimpleApplication@5087aa9e
reloadAllAccessors: .logic

===========================================================================================
----------------- testing Mon Dec 23 06:29:17 UTC 2019 /home/travis/build/icyphy/ptII/ptolemy/actor/lib/test/auto/matrixType.xml
----------------- Instantiating /home/travis/build/icyphy/ptII/ptolemy/actor/lib/test/auto/matrixType.xml
1 ms. Memory: 522240K Free: 397310K (76%)
----------------- Invoking toplevel() on ptolemy.moml.MoMLSimpleApplication@56d6fec9
----------------- Done invoking toplevel() on ptolemy.moml.MoMLSimpleApplication@56d6fec9
reloadAllAccessors: .matrixType

===========================================================================================
----------------- testing Mon Dec 23 06:29:17 UTC 2019 /home/travis/build/icyphy/ptII/ptolemy/actor/lib/test/auto/matrixType10.xml
----------------- Instantiating /home/travis/build/icyphy/ptII/ptolemy/actor/lib/test/auto/matrixType10.xml
2 ms. Memory: 522240K Free: 392190K (75%)
----------------- Invoking toplevel() on ptolemy.moml.MoMLSimpleApplication@79f5c9ab
----------------- Done invoking toplevel() on ptolemy.moml.MoMLSimpleApplication@79f5c9ab
reloadAllAccessors: .matrixType10

===========================================================================================
----------------- testing Mon Dec 23 06:29:17 UTC 2019 /home/travis/build/icyphy/ptII/ptolemy/actor/lib/test/auto/matrixType11.xml
----------------- Instantiating /home/travis/build/icyphy/ptII/ptolemy/actor/lib/test/auto/matrixType11.xml
2 ms. Memory: 522240K Free: 387584K (74%)
----------------- Invoking toplevel() on ptolemy.moml.MoMLSimpleApplication@7590f345
----------------- Done invoking toplevel() on ptolemy.moml.MoMLSimpleApplication@7590f345
reloadAllAccessors: .matrixType11

===========================================================================================
----------------- testing Mon Dec 23 06:29:17 UTC 2019 /home/travis/build/icyphy/ptII/ptolemy/actor/lib/test/auto/matrixType12.xml
----------------- Instantiating /home/travis/build/icyphy/ptII/ptolemy/actor/lib/test/auto/matrixType12.xml
2 ms. Memory: 522240K Free: 382974K (73%)
----------------- Invoking toplevel() on ptolemy.moml.MoMLSimpleApplication@38b2381f
----------------- Done invoking toplevel() on ptolemy.moml.MoMLSimpleApplication@38b2381f
reloadAllAccessors: .matrixType12

===========================================================================================
----------------- testing Mon Dec 23 06:29:17 UTC 2019 /home/travis/build/icyphy/ptII/ptolemy/actor/lib/test/auto/matrixType13.xml
----------------- Instantiating /home/travis/build/icyphy/ptII/ptolemy/actor/lib/test/auto/matrixType13.xml
2 ms. Memory: 522240K Free: 377854K (72%)
----------------- Invoking toplevel() on ptolemy.moml.MoMLSimpleApplication@2580a1d7
----------------- Done invoking toplevel() on ptolemy.moml.MoMLSimpleApplication@2580a1d7
reloadAllAccessors: .matrixType13

===========================================================================================
----------------- testing Mon Dec 23 06:29:17 UTC 2019 /home/travis/build/icyphy/ptII/ptolemy/actor/lib/test/auto/matrixType14.xml
----------------- Instantiating /home/travis/build/icyphy/ptII/ptolemy/actor/lib/test/auto/matrixType14.xml
2 ms. Memory: 522240K Free: 372734K (71%)
----------------- Invoking toplevel() on ptolemy.moml.MoMLSimpleApplication@27f480f7
----------------- Done invoking toplevel() on ptolemy.moml.MoMLSimpleApplication@27f480f7
reloadAllAccessors: .matrixType14

===========================================================================================
----------------- testing Mon Dec 23 06:29:17 UTC 2019 /home/travis/build/icyphy/ptII/ptolemy/actor/lib/test/auto/matrixType2.xml
----------------- Instantiating /home/travis/build/icyphy/ptII/ptolemy/actor/lib/test/auto/matrixType2.xml
1 ms. Memory: 522240K Free: 368128K (70%)
----------------- Invoking toplevel() on ptolemy.moml.MoMLSimpleApplication@dc56c5a
----------------- Done invoking toplevel() on ptolemy.moml.MoMLSimpleApplication@dc56c5a
reloadAllAccessors: .matrixType2

===========================================================================================
----------------- testing Mon Dec 23 06:29:17 UTC 2019 /home/travis/build/icyphy/ptII/ptolemy/actor/lib/test/auto/matrixType3.xml
----------------- Instantiating /home/travis/build/icyphy/ptII/ptolemy/actor/lib/test/auto/matrixType3.xml
3 ms. Memory: 522240K Free: 363008K (70%)
----------------- Invoking toplevel() on ptolemy.moml.MoMLSimpleApplication@225e439
----------------- Done invoking toplevel() on ptolemy.moml.MoMLSimpleApplication@225e439
reloadAllAccessors: .matrixType3

===========================================================================================
----------------- testing Mon Dec 23 06:29:17 UTC 2019 /home/travis/build/icyphy/ptII/ptolemy/actor/lib/test/auto/matrixType4.xml
----------------- Instantiating /home/travis/build/icyphy/ptII/ptolemy/actor/lib/test/auto/matrixType4.xml
1 ms. Memory: 522240K Free: 358398K (69%)
----------------- Invoking toplevel() on ptolemy.moml.MoMLSimpleApplication@671d92b1
----------------- Done invoking toplevel() on ptolemy.moml.MoMLSimpleApplication@671d92b1
reloadAllAccessors: .matrixType4

===========================================================================================
----------------- testing Mon Dec 23 06:29:17 UTC 2019 /home/travis/build/icyphy/ptII/ptolemy/actor/lib/test/auto/matrixType5.xml
----------------- Instantiating /home/travis/build/icyphy/ptII/ptolemy/actor/lib/test/auto/matrixType5.xml
1 ms. Memory: 522240K Free: 353792K (68%)
----------------- Invoking toplevel() on ptolemy.moml.MoMLSimpleApplication@4a2897f2
----------------- Done invoking toplevel() on ptolemy.moml.MoMLSimpleApplication@4a2897f2
reloadAllAccessors: .matrixType5

===========================================================================================
----------------- testing Mon Dec 23 06:29:17 UTC 2019 /home/travis/build/icyphy/ptII/ptolemy/actor/lib/test/auto/matrixType6.xml
----------------- Instantiating /home/travis/build/icyphy/ptII/ptolemy/actor/lib/test/auto/matrixType6.xml
1 ms. Memory: 522240K Free: 348672K (67%)
----------------- Invoking toplevel() on ptolemy.moml.MoMLSimpleApplication@7409ec4a
----------------- Done invoking toplevel() on ptolemy.moml.MoMLSimpleApplication@7409ec4a
reloadAllAccessors: .matrixType6

===========================================================================================
----------------- testing Mon Dec 23 06:29:17 UTC 2019 /home/travis/build/icyphy/ptII/ptolemy/actor/lib/test/auto/matrixType7.xml
----------------- Instantiating /home/travis/build/icyphy/ptII/ptolemy/actor/lib/test/auto/matrixType7.xml
2 ms. Memory: 522240K Free: 344062K (66%)
----------------- Invoking toplevel() on ptolemy.moml.MoMLSimpleApplication@335c3cc6
----------------- Done invoking toplevel() on ptolemy.moml.MoMLSimpleApplication@335c3cc6
reloadAllAccessors: .matrixType7

===========================================================================================
----------------- testing Mon Dec 23 06:29:17 UTC 2019 /home/travis/build/icyphy/ptII/ptolemy/actor/lib/test/auto/matrixType8.xml
----------------- Instantiating /home/travis/build/icyphy/ptII/ptolemy/actor/lib/test/auto/matrixType8.xml
1 ms. Memory: 522240K Free: 339456K (65%)
----------------- Invoking toplevel() on ptolemy.moml.MoMLSimpleApplication@559e84fc
----------------- Done invoking toplevel() on ptolemy.moml.MoMLSimpleApplication@559e84fc
reloadAllAccessors: .matrixType8

===========================================================================================
----------------- testing Mon Dec 23 06:29:17 UTC 2019 /home/travis/build/icyphy/ptII/ptolemy/actor/lib/test/auto/matrixType9.xml
----------------- Instantiating /home/travis/build/icyphy/ptII/ptolemy/actor/lib/test/auto/matrixType9.xml
1 ms. Memory: 522240K Free: 334336K (64%)
----------------- Invoking toplevel() on ptolemy.moml.MoMLSimpleApplication@47a457c4
----------------- Done invoking toplevel() on ptolemy.moml.MoMLSimpleApplication@47a457c4
reloadAllAccessors: .matrixType9

===========================================================================================
----------------- testing Mon Dec 23 06:29:17 UTC 2019 /home/travis/build/icyphy/ptII/ptolemy/actor/lib/test/auto/paraFunctest.xml
----------------- Instantiating /home/travis/build/icyphy/ptII/ptolemy/actor/lib/test/auto/paraFunctest.xml
1 ms. Memory: 522240K Free: 330750K (63%)
----------------- Invoking toplevel() on ptolemy.moml.MoMLSimpleApplication@6e61bc66
----------------- Done invoking toplevel() on ptolemy.moml.MoMLSimpleApplication@6e61bc66
reloadAllAccessors: .paraFunctest

===========================================================================================
----------------- testing Mon Dec 23 06:29:17 UTC 2019 /home/travis/build/icyphy/ptII/ptolemy/actor/lib/test/auto/paraFunctest2.xml
----------------- Instantiating /home/travis/build/icyphy/ptII/ptolemy/actor/lib/test/auto/paraFunctest2.xml
2 ms. Memory: 522240K Free: 326654K (63%)
----------------- Invoking toplevel() on ptolemy.moml.MoMLSimpleApplication@5487c73a
----------------- Done invoking toplevel() on ptolemy.moml.MoMLSimpleApplication@5487c73a
reloadAllAccessors: .paraFunctest2

===========================================================================================
----------------- testing Mon Dec 23 06:29:17 UTC 2019 /home/travis/build/icyphy/ptII/ptolemy/actor/lib/test/auto/parameterPassing.xml
----------------- Instantiating /home/travis/build/icyphy/ptII/ptolemy/actor/lib/test/auto/parameterPassing.xml
1 ms. Memory: 522240K Free: 322048K (62%)
----------------- Invoking toplevel() on ptolemy.moml.MoMLSimpleApplication@5f386c74
----------------- Done invoking toplevel() on ptolemy.moml.MoMLSimpleApplication@5f386c74
reloadAllAccessors: .parameterPassing

===========================================================================================
----------------- testing Mon Dec 23 06:29:17 UTC 2019 /home/travis/build/icyphy/ptII/ptolemy/actor/lib/test/auto/record.xml
----------------- Instantiating /home/travis/build/icyphy/ptII/ptolemy/actor/lib/test/auto/record.xml
3 ms. Memory: 522240K Free: 317438K (61%)
----------------- Invoking toplevel() on ptolemy.moml.MoMLSimpleApplication@47a326d6
----------------- Done invoking toplevel() on ptolemy.moml.MoMLSimpleApplication@47a326d6
reloadAllAccessors: .record

===========================================================================================
----------------- testing Mon Dec 23 06:29:17 UTC 2019 /home/travis/build/icyphy/ptII/ptolemy/actor/lib/test/auto/sizedarray1.xml
----------------- Instantiating /home/travis/build/icyphy/ptII/ptolemy/actor/lib/test/auto/sizedarray1.xml
1 ms. Memory: 522240K Free: 311808K (60%)
----------------- Invoking toplevel() on ptolemy.moml.MoMLSimpleApplication@2dcf0d2
----------------- Done invoking toplevel() on ptolemy.moml.MoMLSimpleApplication@2dcf0d2
reloadAllAccessors: .sizedarray1

===========================================================================================
----------------- testing Mon Dec 23 06:29:17 UTC 2019 /home/travis/build/icyphy/ptII/ptolemy/actor/lib/test/auto/sizedarray2.xml
----------------- Instantiating /home/travis/build/icyphy/ptII/ptolemy/actor/lib/test/auto/sizedarray2.xml
2 ms. Memory: 522240K Free: 306174K (59%)
----------------- Invoking toplevel() on ptolemy.moml.MoMLSimpleApplication@406cd570
----------------- Done invoking toplevel() on ptolemy.moml.MoMLSimpleApplication@406cd570
reloadAllAccessors: .sizedarray2

===========================================================================================
----------------- testing Mon Dec 23 06:29:17 UTC 2019 /home/travis/build/icyphy/ptII/ptolemy/actor/lib/test/auto/twoPublishers.xml
----------------- Instantiating /home/travis/build/icyphy/ptII/ptolemy/actor/lib/test/auto/twoPublishers.xml
5 ms. Memory: 522240K Free: 295424K (57%)
----------------- Invoking toplevel() on ptolemy.moml.MoMLSimpleApplication@6779923b
----------------- Done invoking toplevel() on ptolemy.moml.MoMLSimpleApplication@6779923b
reloadAllAccessors: .twoPublishers
AutoTests.java: About to close Vertx.
AutoTests.java: Vertx closed.
]]></system-out>
  <system-err><![CDATA[java.lang.RuntimeException: Execution failed
	at ptolemy.moml.MoMLSimpleApplication$UnloadThread.run(MoMLSimpleApplication.java:402)
Caused by: java.lang.RuntimeException: StringUtilities.exit() was called. Normally, we would exit here because Manager.exitAfterWrapup() was called.  However, because the ptolemy.ptII.exitAfterWrapup property is set, we throw this exception instead.
	at ptolemy.util.StringUtilities.exit(StringUtilities.java:365)
	at ptolemy.actor.Manager.wrapup(Manager.java:1549)
	at ptolemy.actor.Manager.execute(Manager.java:407)
	at ptolemy.actor.Manager.run(Manager.java:1263)
	at ptolemy.actor.Manager$PtolemyRunThread.run(Manager.java:1933)
Warning: '.top.test' is in training mode, set the trainingMode parameter to false before checking in
Warning: '.top.test' is in training mode, set the trainingMode parameter to false before checking in
Warning: '.top.test' is in training mode, set the trainingMode parameter to false before checking in
Warning: '.BooleanSwitch_RegressionTest_WrongTrainingValues.Test' is in training mode, set the trainingMode parameter to false before checking in
Warning: '.BooleanSwitch_RegressionTest_WrongTrainingValues.Test2' is in training mode, set the trainingMode parameter to false before checking in
Warning: '.BooleanSwitch_RegressionTest_WrongTrainingValues.Test2' The test produced 0 tokens.
Warning: '.top.testExceptionHandler' is in training mode, set the trainingMode parameter to false before checking in
java.lang.RuntimeException: Execution failed
	at ptolemy.moml.MoMLSimpleApplication$UnloadThread.run(MoMLSimpleApplication.java:402)
Caused by: ptolemy.kernel.util.IllegalActionException: PublisherPorts cannot be used at the top level, use a Publisher actor instead.
  in .PublisherPortToplevelSubscriber.PublisherPort
	at ptolemy.actor.PublisherPort.preinitialize(PublisherPort.java:403)
	at ptolemy.actor.CompositeActor.preinitialize(CompositeActor.java:1769)
	at ptolemy.actor.Manager.preinitializeAndResolveTypes(Manager.java:1040)
	at ptolemy.actor.Manager.initialize(Manager.java:710)
	at ptolemy.actor.Manager.execute(Manager.java:356)
	at ptolemy.actor.Manager.run(Manager.java:1263)
	at ptolemy.actor.Manager$PtolemyRunThread.run(Manager.java:1933)
java.lang.reflect.InvocationTargetException
	at java.base/jdk.internal.reflect.NativeConstructorAccessorImpl.newInstance0(Native Method)
	at java.base/jdk.internal.reflect.NativeConstructorAccessorImpl.newInstance(NativeConstructorAccessorImpl.java:62)
	at java.base/jdk.internal.reflect.DelegatingConstructorAccessorImpl.newInstance(DelegatingConstructorAccessorImpl.java:45)
	at java.base/java.lang.reflect.Constructor.newInstance(Constructor.java:490)
	at ptolemy.util.test.junit.AutoKnownFailedTests.RunModel(AutoKnownFailedTests.java:105)
	at java.base/jdk.internal.reflect.NativeMethodAccessorImpl.invoke0(Native Method)
	at java.base/jdk.internal.reflect.NativeMethodAccessorImpl.invoke(NativeMethodAccessorImpl.java:62)
	at java.base/jdk.internal.reflect.DelegatingMethodAccessorImpl.invoke(DelegatingMethodAccessorImpl.java:43)
	at java.base/java.lang.reflect.Method.invoke(Method.java:566)
	at org.junit.runners.model.FrameworkMethod$1.runReflectiveCall(FrameworkMethod.java:44)
	at org.junit.internal.runners.model.ReflectiveCallable.run(ReflectiveCallable.java:15)
	at org.junit.runners.model.FrameworkMethod.invokeExplosively(FrameworkMethod.java:41)
	at junitparams.internal.InvokeParameterisedMethod.evaluate(InvokeParameterisedMethod.java:102)
	at org.junit.internal.runners.statements.FailOnTimeout$1.run(FailOnTimeout.java:28)
Caused by: ptolemy.kernel.util.IllegalActionException: PublisherPorts cannot be used at the top level, use a Publisher actor instead.
  in .PublisherPortToplevelSubscriber.PublisherPort
	at ptolemy.actor.PublisherPort.preinitialize(PublisherPort.java:403)
	at ptolemy.actor.CompositeActor.preinitialize(CompositeActor.java:1769)
	at ptolemy.actor.Manager.preinitializeAndResolveTypes(Manager.java:1040)
	at ptolemy.actor.Manager.initialize(Manager.java:710)
	at ptolemy.actor.Manager.execute(Manager.java:356)
	at ptolemy.actor.Manager.run(Manager.java:1263)
	at ptolemy.actor.Manager$PtolemyRunThread.run(Manager.java:1933)
java.lang.RuntimeException: Execution failed
	at ptolemy.moml.MoMLSimpleApplication$UnloadThread.run(MoMLSimpleApplication.java:402)
Caused by: ptolemy.kernel.util.IllegalActionException: SubscriberPorts cannot be used at the top level, use a Subscriber actor instead.
  in .PublisherSubscriberPortToplevel.SubscriberPort
	at ptolemy.actor.SubscriberPort.preinitialize(SubscriberPort.java:328)
	at ptolemy.actor.CompositeActor.preinitialize(CompositeActor.java:1769)
	at ptolemy.actor.Manager.preinitializeAndResolveTypes(Manager.java:1040)
	at ptolemy.actor.Manager.initialize(Manager.java:710)
	at ptolemy.actor.Manager.execute(Manager.java:356)
	at ptolemy.actor.Manager.run(Manager.java:1263)
	at ptolemy.actor.Manager$PtolemyRunThread.run(Manager.java:1933)
java.lang.reflect.InvocationTargetException
	at java.base/jdk.internal.reflect.NativeConstructorAccessorImpl.newInstance0(Native Method)
	at java.base/jdk.internal.reflect.NativeConstructorAccessorImpl.newInstance(NativeConstructorAccessorImpl.java:62)
	at java.base/jdk.internal.reflect.DelegatingConstructorAccessorImpl.newInstance(DelegatingConstructorAccessorImpl.java:45)
	at java.base/java.lang.reflect.Constructor.newInstance(Constructor.java:490)
	at ptolemy.util.test.junit.AutoKnownFailedTests.RunModel(AutoKnownFailedTests.java:105)
	at java.base/jdk.internal.reflect.NativeMethodAccessorImpl.invoke0(Native Method)
	at java.base/jdk.internal.reflect.NativeMethodAccessorImpl.invoke(NativeMethodAccessorImpl.java:62)
	at java.base/jdk.internal.reflect.DelegatingMethodAccessorImpl.invoke(DelegatingMethodAccessorImpl.java:43)
	at java.base/java.lang.reflect.Method.invoke(Method.java:566)
	at org.junit.runners.model.FrameworkMethod$1.runReflectiveCall(FrameworkMethod.java:44)
	at org.junit.internal.runners.model.ReflectiveCallable.run(ReflectiveCallable.java:15)
	at org.junit.runners.model.FrameworkMethod.invokeExplosively(FrameworkMethod.java:41)
	at junitparams.internal.InvokeParameterisedMethod.evaluate(InvokeParameterisedMethod.java:102)
	at org.junit.internal.runners.statements.FailOnTimeout$1.run(FailOnTimeout.java:28)
Caused by: ptolemy.kernel.util.IllegalActionException: SubscriberPorts cannot be used at the top level, use a Subscriber actor instead.
  in .PublisherSubscriberPortToplevel.SubscriberPort
	at ptolemy.actor.SubscriberPort.preinitialize(SubscriberPort.java:328)
	at ptolemy.actor.CompositeActor.preinitialize(CompositeActor.java:1769)
	at ptolemy.actor.Manager.preinitializeAndResolveTypes(Manager.java:1040)
	at ptolemy.actor.Manager.initialize(Manager.java:710)
	at ptolemy.actor.Manager.execute(Manager.java:356)
	at ptolemy.actor.Manager.run(Manager.java:1263)
	at ptolemy.actor.Manager$PtolemyRunThread.run(Manager.java:1933)
java.lang.RuntimeException: Execution failed
	at ptolemy.moml.MoMLSimpleApplication$UnloadThread.run(MoMLSimpleApplication.java:402)
Caused by: ptolemy.kernel.util.IllegalActionException: SubscriptionAggregatorPorts cannot be used at the top level, use a SubscriptionAggregator actor instead.
  in .PublisherSubscriptionAggregatorPort.SubscriptionAggregatorPort
	at ptolemy.actor.SubscriptionAggregatorPort.preinitialize(SubscriptionAggregatorPort.java:353)
	at ptolemy.actor.CompositeActor.preinitialize(CompositeActor.java:1769)
	at ptolemy.actor.Manager.preinitializeAndResolveTypes(Manager.java:1040)
	at ptolemy.actor.Manager.initialize(Manager.java:710)
	at ptolemy.actor.Manager.execute(Manager.java:356)
	at ptolemy.actor.Manager.run(Manager.java:1263)
	at ptolemy.actor.Manager$PtolemyRunThread.run(Manager.java:1933)
java.lang.reflect.InvocationTargetException
	at java.base/jdk.internal.reflect.NativeConstructorAccessorImpl.newInstance0(Native Method)
	at java.base/jdk.internal.reflect.NativeConstructorAccessorImpl.newInstance(NativeConstructorAccessorImpl.java:62)
	at java.base/jdk.internal.reflect.DelegatingConstructorAccessorImpl.newInstance(DelegatingConstructorAccessorImpl.java:45)
	at java.base/java.lang.reflect.Constructor.newInstance(Constructor.java:490)
	at ptolemy.util.test.junit.AutoKnownFailedTests.RunModel(AutoKnownFailedTests.java:105)
	at java.base/jdk.internal.reflect.NativeMethodAccessorImpl.invoke0(Native Method)
	at java.base/jdk.internal.reflect.NativeMethodAccessorImpl.invoke(NativeMethodAccessorImpl.java:62)
	at java.base/jdk.internal.reflect.DelegatingMethodAccessorImpl.invoke(DelegatingMethodAccessorImpl.java:43)
	at java.base/java.lang.reflect.Method.invoke(Method.java:566)
	at org.junit.runners.model.FrameworkMethod$1.runReflectiveCall(FrameworkMethod.java:44)
	at org.junit.internal.runners.model.ReflectiveCallable.run(ReflectiveCallable.java:15)
	at org.junit.runners.model.FrameworkMethod.invokeExplosively(FrameworkMethod.java:41)
	at junitparams.internal.InvokeParameterisedMethod.evaluate(InvokeParameterisedMethod.java:102)
	at org.junit.internal.runners.statements.FailOnTimeout$1.run(FailOnTimeout.java:28)
Caused by: ptolemy.kernel.util.IllegalActionException: SubscriptionAggregatorPorts cannot be used at the top level, use a SubscriptionAggregator actor instead.
  in .PublisherSubscriptionAggregatorPort.SubscriptionAggregatorPort
	at ptolemy.actor.SubscriptionAggregatorPort.preinitialize(SubscriptionAggregatorPort.java:353)
	at ptolemy.actor.CompositeActor.preinitialize(CompositeActor.java:1769)
	at ptolemy.actor.Manager.preinitializeAndResolveTypes(Manager.java:1040)
	at ptolemy.actor.Manager.initialize(Manager.java:710)
	at ptolemy.actor.Manager.execute(Manager.java:356)
	at ptolemy.actor.Manager.run(Manager.java:1263)
	at ptolemy.actor.Manager$PtolemyRunThread.run(Manager.java:1933)
java.lang.RuntimeException: Execution failed
	at ptolemy.moml.MoMLSimpleApplication$UnloadThread.run(MoMLSimpleApplication.java:402)
Caused by: ptolemy.kernel.util.IllegalActionException: TypeTest actor has no training data.
  in .sizedarray3.TypeTest
	at ptolemy.actor.lib.TypeTest.initialize(TypeTest.java:250)
	at ptolemy.actor.Director.initialize(Director.java:938)
	at ptolemy.actor.Director.initialize(Director.java:907)
	at ptolemy.actor.sched.StaticSchedulingDirector.initialize(StaticSchedulingDirector.java:159)
	at ptolemy.domains.sdf.kernel.SDFDirector.initialize(SDFDirector.java:544)
	at ptolemy.actor.CompositeActor.initialize(CompositeActor.java:935)
	at ptolemy.actor.Manager.initialize(Manager.java:724)
	at ptolemy.actor.Manager.execute(Manager.java:356)
	at ptolemy.actor.Manager.run(Manager.java:1263)
	at ptolemy.actor.Manager$PtolemyRunThread.run(Manager.java:1933)
java.lang.reflect.InvocationTargetException
	at java.base/jdk.internal.reflect.NativeConstructorAccessorImpl.newInstance0(Native Method)
	at java.base/jdk.internal.reflect.NativeConstructorAccessorImpl.newInstance(NativeConstructorAccessorImpl.java:62)
	at java.base/jdk.internal.reflect.DelegatingConstructorAccessorImpl.newInstance(DelegatingConstructorAccessorImpl.java:45)
	at java.base/java.lang.reflect.Constructor.newInstance(Constructor.java:490)
	at ptolemy.util.test.junit.AutoKnownFailedTests.RunModel(AutoKnownFailedTests.java:105)
	at java.base/jdk.internal.reflect.NativeMethodAccessorImpl.invoke0(Native Method)
	at java.base/jdk.internal.reflect.NativeMethodAccessorImpl.invoke(NativeMethodAccessorImpl.java:62)
	at java.base/jdk.internal.reflect.DelegatingMethodAccessorImpl.invoke(DelegatingMethodAccessorImpl.java:43)
	at java.base/java.lang.reflect.Method.invoke(Method.java:566)
	at org.junit.runners.model.FrameworkMethod$1.runReflectiveCall(FrameworkMethod.java:44)
	at org.junit.internal.runners.model.ReflectiveCallable.run(ReflectiveCallable.java:15)
	at org.junit.runners.model.FrameworkMethod.invokeExplosively(FrameworkMethod.java:41)
	at junitparams.internal.InvokeParameterisedMethod.evaluate(InvokeParameterisedMethod.java:102)
	at org.junit.internal.runners.statements.FailOnTimeout$1.run(FailOnTimeout.java:28)
Caused by: ptolemy.kernel.util.IllegalActionException: TypeTest actor has no training data.
  in .sizedarray3.TypeTest
	at ptolemy.actor.lib.TypeTest.initialize(TypeTest.java:250)
	at ptolemy.actor.Director.initialize(Director.java:938)
	at ptolemy.actor.Director.initialize(Director.java:907)
	at ptolemy.actor.sched.StaticSchedulingDirector.initialize(StaticSchedulingDirector.java:159)
	at ptolemy.domains.sdf.kernel.SDFDirector.initialize(SDFDirector.java:544)
	at ptolemy.actor.CompositeActor.initialize(CompositeActor.java:935)
	at ptolemy.actor.Manager.initialize(Manager.java:724)
	at ptolemy.actor.Manager.execute(Manager.java:356)
	at ptolemy.actor.Manager.run(Manager.java:1263)
	at ptolemy.actor.Manager$PtolemyRunThread.run(Manager.java:1933)
]]></system-err>
</testsuite>
